<?xml version="1.0" encoding="UTF-8"?>
<testsuites name="HealthPost_CMS_Suite" time="1453" tests="4" failures="6" errors="2">
   <testsuite name="HealthPost_CMS_Suite" tests="4" failures="6" errors="2" time="1453" timestamp="2018-06-01 11:22:28" hostname="Quality Analyst - DESKTOP-BLFTK83" id="Test Suites/HealthPost_CMS_Suite">
      <properties>
         <property name="deviceName" value=""/>
         <property name="devicePlatform" value=""/>
         <property name="logFolder" value="C:\\Users\\Quality Analyst\\Katalon Studio\\ds\\Reports\\HealthPost_CMS_Suite\\20180601_112216"/>
         <property name="logFiles" value="C:\\Users\\Quality Analyst\\Katalon Studio\\ds\\Reports\\HealthPost_CMS_Suite\\20180601_112216\\execution0.log, C:\\Users\\Quality Analyst\\Katalon Studio\\ds\\Reports\\HealthPost_CMS_Suite\\20180601_112216\\execution1.log"/>
         <property name="attachments" value="C:\\Users\\Quality Analyst\\Katalon Studio\\ds\\Reports\\HealthPost_CMS_Suite\\20180601_112216\\1527832738248.png, C:\\Users\\Quality Analyst\\Katalon Studio\\ds\\Reports\\HealthPost_CMS_Suite\\20180601_112216\\1527832957410.png, C:\\Users\\Quality Analyst\\Katalon Studio\\ds\\Reports\\HealthPost_CMS_Suite\\20180601_112216\\1527832977118.png, C:\\Users\\Quality Analyst\\Katalon Studio\\ds\\Reports\\HealthPost_CMS_Suite\\20180601_112216\\1527833001135.png, C:\\Users\\Quality Analyst\\Katalon Studio\\ds\\Reports\\HealthPost_CMS_Suite\\20180601_112216\\1527833173728.png, C:\\Users\\Quality Analyst\\Katalon Studio\\ds\\Reports\\HealthPost_CMS_Suite\\20180601_112216\\1527833277473.png"/>
         <property name="hostName" value="Quality Analyst - DESKTOP-BLFTK83"/>
         <property name="os" value="Windows 10 64bit"/>
         <property name="katalonVersion" value="5.4.2.1"/>
         <property name="browser" value="Chrome 66.0.3359.181"/>
         <property name="hostAddress" value="169.254.189.85"/>
         <property name="sessionId" value="d2e27e65cb6aee3ae43ec5124b36352b"/>
         <property name="seleniumVersion" value="3.7.1"/>
         <property name="proxyInformation" value="ProxyInformation{proxyOption=NO_PROXY, proxyServerType=HTTP, password=, proxyServerAddress=, proxyServerPort=0}"/>
         <property name="platform" value="Windows 10"/>
      </properties>
      <testcase name="Test Cases/HEALTHPOST TEST CASES/TC_HP_013 Verify Schedule 1 Healthpost To CMS Request Are Working Successfully Or Not" classname="Test Cases/HEALTHPOST TEST CASES/TC_HP_013 Verify Schedule 1 Healthpost To CMS Request Are Working Successfully Or Not" status="ERROR">
         <error type="ERROR" message="Test Cases/HEALTHPOST TEST CASES/TC_HP_013 Verify Schedule 1 Healthpost To CMS Request Are Working Successfully Or Not FAILED because (of) java.lang.NumberFormatException: For input string: &quot;&quot;"/>
         <system-out><![CDATA[2018-06-01 11:22:29 - [TEST_CASE][ERROR] - Test Cases/HEALTHPOST TEST CASES/TC_HP_013 Verify Schedule 1 Healthpost To CMS Request Are Working Successfully Or Not: Test Cases/HEALTHPOST TEST CASES/TC_HP_013 Verify Schedule 1 Healthpost To CMS Request Are Working Successfully Or Not FAILED because (of) java.lang.NumberFormatException: For input string: ""

2018-06-01 11:22:29 - [TEST_STEP][PASSED] - openBrowser: Browser is opened with url: ''

2018-06-01 11:22:34 - [MESSAGE][PASSED] - Browser is opened with url: ''

2018-06-01 11:22:34 - [TEST_STEP][PASSED] - navigateToUrl: Navigate to 'http://192.168.137.1/multihospital_new/HDSplashscreen.aspx' successfully

2018-06-01 11:22:36 - [MESSAGE][PASSED] - Navigate to 'http://192.168.137.1/multihospital_new/HDSplashscreen.aspx' successfully

2018-06-01 11:22:36 - [TEST_STEP][PASSED] - maximizeWindow: Current window maximized

2018-06-01 11:22:37 - [MESSAGE][PASSED] - Current window maximized

2018-06-01 11:22:37 - [TEST_STEP][PASSED] - click: Object: 'Object Repository/HealthpostToCms/Page_KDMC/a_Healthpost Store' is clicked on

2018-06-01 11:22:41 - [MESSAGE][PASSED] - Object: 'Object Repository/HealthpostToCms/Page_KDMC/a_Healthpost Store' is clicked on

2018-06-01 11:22:41 - [TEST_STEP][PASSED] - setText: Text 'raguram' is set on object 'Object Repository/HealthpostToCms/Page_HealthPost Store Login/input_txtusername'

2018-06-01 11:22:41 - [MESSAGE][PASSED] - Text 'raguram' is set on object 'Object Repository/HealthpostToCms/Page_HealthPost Store Login/input_txtusername'

2018-06-01 11:22:41 - [TEST_STEP][PASSED] - setText: Text '123' is set on object 'Object Repository/HealthpostToCms/Page_HealthPost Store Login/input_txtpassword'

2018-06-01 11:22:41 - [MESSAGE][PASSED] - Text '123' is set on object 'Object Repository/HealthpostToCms/Page_HealthPost Store Login/input_txtpassword'

2018-06-01 11:22:41 - [TEST_STEP][PASSED] - delay: Delayed 3 second(s)

2018-06-01 11:22:44 - [MESSAGE][PASSED] - Delayed 3 second(s)

2018-06-01 11:22:44 - [TEST_STEP][PASSED] - click: Object: 'Object Repository/HealthpostToCms/Page_HealthPost Store Login/button_Sign in' is clicked on

2018-06-01 11:22:46 - [MESSAGE][PASSED] - Object: 'Object Repository/HealthpostToCms/Page_HealthPost Store Login/button_Sign in' is clicked on

2018-06-01 11:22:46 - [TEST_STEP][PASSED] - delay: Delayed 3 second(s)

2018-06-01 11:22:49 - [MESSAGE][PASSED] - Delayed 3 second(s)

2018-06-01 11:22:49 - [TEST_STEP][PASSED] - click: Object: 'Object Repository/HealthpostToCms/Page_HealthPost Store/a_CMS' is clicked on

2018-06-01 11:22:49 - [MESSAGE][PASSED] - Object: 'Object Repository/HealthpostToCms/Page_HealthPost Store/a_CMS' is clicked on

2018-06-01 11:22:49 - [TEST_STEP][PASSED] - click: Object: 'Object Repository/HealthpostToCms/Page_HealthPost Store/a_Request Send' is clicked on

2018-06-01 11:22:49 - [MESSAGE][PASSED] - Object: 'Object Repository/HealthpostToCms/Page_HealthPost Store/a_Request Send' is clicked on

2018-06-01 11:22:49 - [TEST_STEP][PASSED] - delay: Delayed 2 second(s)

2018-06-01 11:22:51 - [MESSAGE][PASSED] - Delayed 2 second(s)

2018-06-01 11:22:51 - [TEST_STEP][PASSED] - selectOptionByIndex: All options with index in [2] are selected on object 'Object Repository/HealthpostToCms/Page_HealthPost Store/select_--Select--'

2018-06-01 11:22:52 - [MESSAGE][PASSED] - All options with index in [2] are selected on object 'Object Repository/HealthpostToCms/Page_HealthPost Store/select_--Select--'

2018-06-01 11:22:52 - [TEST_STEP][PASSED] - selectOptionByIndex: All options with index in [1] are selected on object 'Object Repository/HealthpostToCms/Page_HealthPost Store/select_--Select--Schedule 1Inj'

2018-06-01 11:22:52 - [MESSAGE][PASSED] - All options with index in [1] are selected on object 'Object Repository/HealthpostToCms/Page_HealthPost Store/select_--Select--Schedule 1Inj'

2018-06-01 11:22:52 - [TEST_STEP][PASSED] - Statement - medicineslength = com.kms.katalon.core.webui.keyword.WebUiBuiltInKeywords.getNumberOfTotalOption(com.kms.katalon.core.testobject.ObjectRepository.findTestObject(HealthpostToCms/Page_HealthPost Store/select_--Select--Adernaline 0.)): 63 options of object 'Object Repository/HealthpostToCms/Page_HealthPost Store/select_--Select--Adernaline 0.' counted

2018-06-01 11:22:52 - [MESSAGE][PASSED] - 63 options of object 'Object Repository/HealthpostToCms/Page_HealthPost Store/select_--Select--Adernaline 0.' counted

2018-06-01 11:22:52 - [TEST_STEP][PASSED] - Statement - For ([e = 1, e <= medicineslength - 1, (e++)]): Object: 'Object Repository/HealthpostToCms/Page_HealthPost Store/button_Add' is clicked on

2018-06-01 11:22:52 - [TEST_STEP][PASSED] - selectOptionByIndex: All options with index in [1] are selected on object 'Object Repository/HealthpostToCms/Page_HealthPost Store/select_--Select--Schedule 1Inj'

2018-06-01 11:22:52 - [MESSAGE][PASSED] - All options with index in [1] are selected on object 'Object Repository/HealthpostToCms/Page_HealthPost Store/select_--Select--Schedule 1Inj'

2018-06-01 11:22:52 - [TEST_STEP][PASSED] - selectOptionByIndex: All options with index in [1] are selected on object 'Object Repository/HealthpostToCms/Page_HealthPost Store/select_--Select--Adernaline 0.'

2018-06-01 11:22:52 - [MESSAGE][PASSED] - All options with index in [1] are selected on object 'Object Repository/HealthpostToCms/Page_HealthPost Store/select_--Select--Adernaline 0.'

2018-06-01 11:22:52 - [TEST_STEP][PASSED] - setText: Text '100' is set on object 'Object Repository/HealthpostToCms/Page_HealthPost Store/input_txttreat'

2018-06-01 11:22:52 - [MESSAGE][PASSED] - Text '100' is set on object 'Object Repository/HealthpostToCms/Page_HealthPost Store/input_txttreat'

2018-06-01 11:22:52 - [TEST_STEP][PASSED] - click: Object: 'Object Repository/HealthpostToCms/Page_HealthPost Store/button_Add' is clicked on

2018-06-01 11:22:52 - [MESSAGE][PASSED] - Object: 'Object Repository/HealthpostToCms/Page_HealthPost Store/button_Add' is clicked on

2018-06-01 11:22:52 - [TEST_STEP][PASSED] - selectOptionByIndex: All options with index in [1] are selected on object 'Object Repository/HealthpostToCms/Page_HealthPost Store/select_--Select--Schedule 1Inj'

2018-06-01 11:22:53 - [MESSAGE][PASSED] - All options with index in [1] are selected on object 'Object Repository/HealthpostToCms/Page_HealthPost Store/select_--Select--Schedule 1Inj'

2018-06-01 11:22:53 - [TEST_STEP][PASSED] - selectOptionByIndex: All options with index in [2] are selected on object 'Object Repository/HealthpostToCms/Page_HealthPost Store/select_--Select--Adernaline 0.'

2018-06-01 11:22:53 - [MESSAGE][PASSED] - All options with index in [2] are selected on object 'Object Repository/HealthpostToCms/Page_HealthPost Store/select_--Select--Adernaline 0.'

2018-06-01 11:22:53 - [TEST_STEP][PASSED] - setText: Text '100' is set on object 'Object Repository/HealthpostToCms/Page_HealthPost Store/input_txttreat'

2018-06-01 11:22:53 - [MESSAGE][PASSED] - Text '100' is set on object 'Object Repository/HealthpostToCms/Page_HealthPost Store/input_txttreat'

2018-06-01 11:22:53 - [TEST_STEP][PASSED] - click: Object: 'Object Repository/HealthpostToCms/Page_HealthPost Store/button_Add' is clicked on

2018-06-01 11:22:53 - [MESSAGE][PASSED] - Object: 'Object Repository/HealthpostToCms/Page_HealthPost Store/button_Add' is clicked on

2018-06-01 11:22:53 - [TEST_STEP][PASSED] - selectOptionByIndex: All options with index in [1] are selected on object 'Object Repository/HealthpostToCms/Page_HealthPost Store/select_--Select--Schedule 1Inj'

2018-06-01 11:22:53 - [MESSAGE][PASSED] - All options with index in [1] are selected on object 'Object Repository/HealthpostToCms/Page_HealthPost Store/select_--Select--Schedule 1Inj'

2018-06-01 11:22:53 - [TEST_STEP][PASSED] - selectOptionByIndex: All options with index in [3] are selected on object 'Object Repository/HealthpostToCms/Page_HealthPost Store/select_--Select--Adernaline 0.'

2018-06-01 11:22:53 - [MESSAGE][PASSED] - All options with index in [3] are selected on object 'Object Repository/HealthpostToCms/Page_HealthPost Store/select_--Select--Adernaline 0.'

2018-06-01 11:22:53 - [TEST_STEP][PASSED] - setText: Text '100' is set on object 'Object Repository/HealthpostToCms/Page_HealthPost Store/input_txttreat'

2018-06-01 11:22:53 - [MESSAGE][PASSED] - Text '100' is set on object 'Object Repository/HealthpostToCms/Page_HealthPost Store/input_txttreat'

2018-06-01 11:22:53 - [TEST_STEP][PASSED] - click: Object: 'Object Repository/HealthpostToCms/Page_HealthPost Store/button_Add' is clicked on

2018-06-01 11:22:53 - [MESSAGE][PASSED] - Object: 'Object Repository/HealthpostToCms/Page_HealthPost Store/button_Add' is clicked on

2018-06-01 11:22:53 - [TEST_STEP][PASSED] - selectOptionByIndex: All options with index in [1] are selected on object 'Object Repository/HealthpostToCms/Page_HealthPost Store/select_--Select--Schedule 1Inj'

2018-06-01 11:22:54 - [MESSAGE][PASSED] - All options with index in [1] are selected on object 'Object Repository/HealthpostToCms/Page_HealthPost Store/select_--Select--Schedule 1Inj'

2018-06-01 11:22:54 - [TEST_STEP][PASSED] - selectOptionByIndex: All options with index in [4] are selected on object 'Object Repository/HealthpostToCms/Page_HealthPost Store/select_--Select--Adernaline 0.'

2018-06-01 11:22:54 - [MESSAGE][PASSED] - All options with index in [4] are selected on object 'Object Repository/HealthpostToCms/Page_HealthPost Store/select_--Select--Adernaline 0.'

2018-06-01 11:22:54 - [TEST_STEP][PASSED] - setText: Text '100' is set on object 'Object Repository/HealthpostToCms/Page_HealthPost Store/input_txttreat'

2018-06-01 11:22:54 - [MESSAGE][PASSED] - Text '100' is set on object 'Object Repository/HealthpostToCms/Page_HealthPost Store/input_txttreat'

2018-06-01 11:22:54 - [TEST_STEP][PASSED] - click: Object: 'Object Repository/HealthpostToCms/Page_HealthPost Store/button_Add' is clicked on

2018-06-01 11:22:54 - [MESSAGE][PASSED] - Object: 'Object Repository/HealthpostToCms/Page_HealthPost Store/button_Add' is clicked on

2018-06-01 11:22:54 - [TEST_STEP][PASSED] - selectOptionByIndex: All options with index in [1] are selected on object 'Object Repository/HealthpostToCms/Page_HealthPost Store/select_--Select--Schedule 1Inj'

2018-06-01 11:22:54 - [MESSAGE][PASSED] - All options with index in [1] are selected on object 'Object Repository/HealthpostToCms/Page_HealthPost Store/select_--Select--Schedule 1Inj'

2018-06-01 11:22:54 - [TEST_STEP][PASSED] - selectOptionByIndex: All options with index in [5] are selected on object 'Object Repository/HealthpostToCms/Page_HealthPost Store/select_--Select--Adernaline 0.'

2018-06-01 11:22:54 - [MESSAGE][PASSED] - All options with index in [5] are selected on object 'Object Repository/HealthpostToCms/Page_HealthPost Store/select_--Select--Adernaline 0.'

2018-06-01 11:22:54 - [TEST_STEP][PASSED] - setText: Text '100' is set on object 'Object Repository/HealthpostToCms/Page_HealthPost Store/input_txttreat'

2018-06-01 11:22:54 - [MESSAGE][PASSED] - Text '100' is set on object 'Object Repository/HealthpostToCms/Page_HealthPost Store/input_txttreat'

2018-06-01 11:22:54 - [TEST_STEP][PASSED] - click: Object: 'Object Repository/HealthpostToCms/Page_HealthPost Store/button_Add' is clicked on

2018-06-01 11:22:55 - [MESSAGE][PASSED] - Object: 'Object Repository/HealthpostToCms/Page_HealthPost Store/button_Add' is clicked on

2018-06-01 11:22:55 - [TEST_STEP][PASSED] - selectOptionByIndex: All options with index in [1] are selected on object 'Object Repository/HealthpostToCms/Page_HealthPost Store/select_--Select--Schedule 1Inj'

2018-06-01 11:22:55 - [MESSAGE][PASSED] - All options with index in [1] are selected on object 'Object Repository/HealthpostToCms/Page_HealthPost Store/select_--Select--Schedule 1Inj'

2018-06-01 11:22:55 - [TEST_STEP][PASSED] - selectOptionByIndex: All options with index in [6] are selected on object 'Object Repository/HealthpostToCms/Page_HealthPost Store/select_--Select--Adernaline 0.'

2018-06-01 11:22:55 - [MESSAGE][PASSED] - All options with index in [6] are selected on object 'Object Repository/HealthpostToCms/Page_HealthPost Store/select_--Select--Adernaline 0.'

2018-06-01 11:22:55 - [TEST_STEP][PASSED] - setText: Text '100' is set on object 'Object Repository/HealthpostToCms/Page_HealthPost Store/input_txttreat'

2018-06-01 11:22:55 - [MESSAGE][PASSED] - Text '100' is set on object 'Object Repository/HealthpostToCms/Page_HealthPost Store/input_txttreat'

2018-06-01 11:22:55 - [TEST_STEP][PASSED] - click: Object: 'Object Repository/HealthpostToCms/Page_HealthPost Store/button_Add' is clicked on

2018-06-01 11:22:55 - [MESSAGE][PASSED] - Object: 'Object Repository/HealthpostToCms/Page_HealthPost Store/button_Add' is clicked on

2018-06-01 11:22:55 - [TEST_STEP][PASSED] - selectOptionByIndex: All options with index in [1] are selected on object 'Object Repository/HealthpostToCms/Page_HealthPost Store/select_--Select--Schedule 1Inj'

2018-06-01 11:22:55 - [MESSAGE][PASSED] - All options with index in [1] are selected on object 'Object Repository/HealthpostToCms/Page_HealthPost Store/select_--Select--Schedule 1Inj'

2018-06-01 11:22:55 - [TEST_STEP][PASSED] - selectOptionByIndex: All options with index in [7] are selected on object 'Object Repository/HealthpostToCms/Page_HealthPost Store/select_--Select--Adernaline 0.'

2018-06-01 11:22:55 - [MESSAGE][PASSED] - All options with index in [7] are selected on object 'Object Repository/HealthpostToCms/Page_HealthPost Store/select_--Select--Adernaline 0.'

2018-06-01 11:22:55 - [TEST_STEP][PASSED] - setText: Text '100' is set on object 'Object Repository/HealthpostToCms/Page_HealthPost Store/input_txttreat'

2018-06-01 11:22:56 - [MESSAGE][PASSED] - Text '100' is set on object 'Object Repository/HealthpostToCms/Page_HealthPost Store/input_txttreat'

2018-06-01 11:22:56 - [TEST_STEP][PASSED] - click: Object: 'Object Repository/HealthpostToCms/Page_HealthPost Store/button_Add' is clicked on

2018-06-01 11:22:56 - [MESSAGE][PASSED] - Object: 'Object Repository/HealthpostToCms/Page_HealthPost Store/button_Add' is clicked on

2018-06-01 11:22:56 - [TEST_STEP][PASSED] - selectOptionByIndex: All options with index in [1] are selected on object 'Object Repository/HealthpostToCms/Page_HealthPost Store/select_--Select--Schedule 1Inj'

2018-06-01 11:22:56 - [MESSAGE][PASSED] - All options with index in [1] are selected on object 'Object Repository/HealthpostToCms/Page_HealthPost Store/select_--Select--Schedule 1Inj'

2018-06-01 11:22:56 - [TEST_STEP][PASSED] - selectOptionByIndex: All options with index in [8] are selected on object 'Object Repository/HealthpostToCms/Page_HealthPost Store/select_--Select--Adernaline 0.'

2018-06-01 11:22:56 - [MESSAGE][PASSED] - All options with index in [8] are selected on object 'Object Repository/HealthpostToCms/Page_HealthPost Store/select_--Select--Adernaline 0.'

2018-06-01 11:22:56 - [TEST_STEP][PASSED] - setText: Text '100' is set on object 'Object Repository/HealthpostToCms/Page_HealthPost Store/input_txttreat'

2018-06-01 11:22:56 - [MESSAGE][PASSED] - Text '100' is set on object 'Object Repository/HealthpostToCms/Page_HealthPost Store/input_txttreat'

2018-06-01 11:22:56 - [TEST_STEP][PASSED] - click: Object: 'Object Repository/HealthpostToCms/Page_HealthPost Store/button_Add' is clicked on

2018-06-01 11:22:56 - [MESSAGE][PASSED] - Object: 'Object Repository/HealthpostToCms/Page_HealthPost Store/button_Add' is clicked on

2018-06-01 11:22:56 - [TEST_STEP][PASSED] - selectOptionByIndex: All options with index in [1] are selected on object 'Object Repository/HealthpostToCms/Page_HealthPost Store/select_--Select--Schedule 1Inj'

2018-06-01 11:22:56 - [MESSAGE][PASSED] - All options with index in [1] are selected on object 'Object Repository/HealthpostToCms/Page_HealthPost Store/select_--Select--Schedule 1Inj'

2018-06-01 11:22:56 - [TEST_STEP][PASSED] - selectOptionByIndex: All options with index in [9] are selected on object 'Object Repository/HealthpostToCms/Page_HealthPost Store/select_--Select--Adernaline 0.'

2018-06-01 11:22:57 - [MESSAGE][PASSED] - All options with index in [9] are selected on object 'Object Repository/HealthpostToCms/Page_HealthPost Store/select_--Select--Adernaline 0.'

2018-06-01 11:22:57 - [TEST_STEP][PASSED] - setText: Text '100' is set on object 'Object Repository/HealthpostToCms/Page_HealthPost Store/input_txttreat'

2018-06-01 11:22:57 - [MESSAGE][PASSED] - Text '100' is set on object 'Object Repository/HealthpostToCms/Page_HealthPost Store/input_txttreat'

2018-06-01 11:22:57 - [TEST_STEP][PASSED] - click: Object: 'Object Repository/HealthpostToCms/Page_HealthPost Store/button_Add' is clicked on

2018-06-01 11:22:57 - [MESSAGE][PASSED] - Object: 'Object Repository/HealthpostToCms/Page_HealthPost Store/button_Add' is clicked on

2018-06-01 11:22:57 - [TEST_STEP][PASSED] - selectOptionByIndex: All options with index in [1] are selected on object 'Object Repository/HealthpostToCms/Page_HealthPost Store/select_--Select--Schedule 1Inj'

2018-06-01 11:22:57 - [MESSAGE][PASSED] - All options with index in [1] are selected on object 'Object Repository/HealthpostToCms/Page_HealthPost Store/select_--Select--Schedule 1Inj'

2018-06-01 11:22:57 - [TEST_STEP][PASSED] - selectOptionByIndex: All options with index in [10] are selected on object 'Object Repository/HealthpostToCms/Page_HealthPost Store/select_--Select--Adernaline 0.'

2018-06-01 11:22:57 - [MESSAGE][PASSED] - All options with index in [10] are selected on object 'Object Repository/HealthpostToCms/Page_HealthPost Store/select_--Select--Adernaline 0.'

2018-06-01 11:22:57 - [TEST_STEP][PASSED] - setText: Text '100' is set on object 'Object Repository/HealthpostToCms/Page_HealthPost Store/input_txttreat'

2018-06-01 11:22:57 - [MESSAGE][PASSED] - Text '100' is set on object 'Object Repository/HealthpostToCms/Page_HealthPost Store/input_txttreat'

2018-06-01 11:22:57 - [TEST_STEP][PASSED] - click: Object: 'Object Repository/HealthpostToCms/Page_HealthPost Store/button_Add' is clicked on

2018-06-01 11:22:57 - [MESSAGE][PASSED] - Object: 'Object Repository/HealthpostToCms/Page_HealthPost Store/button_Add' is clicked on

2018-06-01 11:22:57 - [TEST_STEP][PASSED] - selectOptionByIndex: All options with index in [1] are selected on object 'Object Repository/HealthpostToCms/Page_HealthPost Store/select_--Select--Schedule 1Inj'

2018-06-01 11:22:58 - [MESSAGE][PASSED] - All options with index in [1] are selected on object 'Object Repository/HealthpostToCms/Page_HealthPost Store/select_--Select--Schedule 1Inj'

2018-06-01 11:22:58 - [TEST_STEP][PASSED] - selectOptionByIndex: All options with index in [11] are selected on object 'Object Repository/HealthpostToCms/Page_HealthPost Store/select_--Select--Adernaline 0.'

2018-06-01 11:22:58 - [MESSAGE][PASSED] - All options with index in [11] are selected on object 'Object Repository/HealthpostToCms/Page_HealthPost Store/select_--Select--Adernaline 0.'

2018-06-01 11:22:58 - [TEST_STEP][PASSED] - setText: Text '100' is set on object 'Object Repository/HealthpostToCms/Page_HealthPost Store/input_txttreat'

2018-06-01 11:22:58 - [MESSAGE][PASSED] - Text '100' is set on object 'Object Repository/HealthpostToCms/Page_HealthPost Store/input_txttreat'

2018-06-01 11:22:58 - [TEST_STEP][PASSED] - click: Object: 'Object Repository/HealthpostToCms/Page_HealthPost Store/button_Add' is clicked on

2018-06-01 11:22:58 - [MESSAGE][PASSED] - Object: 'Object Repository/HealthpostToCms/Page_HealthPost Store/button_Add' is clicked on

2018-06-01 11:22:58 - [TEST_STEP][PASSED] - selectOptionByIndex: All options with index in [1] are selected on object 'Object Repository/HealthpostToCms/Page_HealthPost Store/select_--Select--Schedule 1Inj'

2018-06-01 11:22:58 - [MESSAGE][PASSED] - All options with index in [1] are selected on object 'Object Repository/HealthpostToCms/Page_HealthPost Store/select_--Select--Schedule 1Inj'

2018-06-01 11:22:58 - [TEST_STEP][PASSED] - selectOptionByIndex: All options with index in [12] are selected on object 'Object Repository/HealthpostToCms/Page_HealthPost Store/select_--Select--Adernaline 0.'

2018-06-01 11:22:58 - [MESSAGE][PASSED] - All options with index in [12] are selected on object 'Object Repository/HealthpostToCms/Page_HealthPost Store/select_--Select--Adernaline 0.'

2018-06-01 11:22:58 - [TEST_STEP][PASSED] - setText: Text '100' is set on object 'Object Repository/HealthpostToCms/Page_HealthPost Store/input_txttreat'

2018-06-01 11:22:58 - [MESSAGE][PASSED] - Text '100' is set on object 'Object Repository/HealthpostToCms/Page_HealthPost Store/input_txttreat'

2018-06-01 11:22:58 - [TEST_STEP][PASSED] - click: Object: 'Object Repository/HealthpostToCms/Page_HealthPost Store/button_Add' is clicked on

2018-06-01 11:22:59 - [MESSAGE][PASSED] - Object: 'Object Repository/HealthpostToCms/Page_HealthPost Store/button_Add' is clicked on

2018-06-01 11:22:59 - [TEST_STEP][PASSED] - selectOptionByIndex: All options with index in [1] are selected on object 'Object Repository/HealthpostToCms/Page_HealthPost Store/select_--Select--Schedule 1Inj'

2018-06-01 11:22:59 - [MESSAGE][PASSED] - All options with index in [1] are selected on object 'Object Repository/HealthpostToCms/Page_HealthPost Store/select_--Select--Schedule 1Inj'

2018-06-01 11:22:59 - [TEST_STEP][PASSED] - selectOptionByIndex: All options with index in [13] are selected on object 'Object Repository/HealthpostToCms/Page_HealthPost Store/select_--Select--Adernaline 0.'

2018-06-01 11:22:59 - [MESSAGE][PASSED] - All options with index in [13] are selected on object 'Object Repository/HealthpostToCms/Page_HealthPost Store/select_--Select--Adernaline 0.'

2018-06-01 11:22:59 - [TEST_STEP][PASSED] - setText: Text '100' is set on object 'Object Repository/HealthpostToCms/Page_HealthPost Store/input_txttreat'

2018-06-01 11:22:59 - [MESSAGE][PASSED] - Text '100' is set on object 'Object Repository/HealthpostToCms/Page_HealthPost Store/input_txttreat'

2018-06-01 11:22:59 - [TEST_STEP][PASSED] - click: Object: 'Object Repository/HealthpostToCms/Page_HealthPost Store/button_Add' is clicked on

2018-06-01 11:22:59 - [MESSAGE][PASSED] - Object: 'Object Repository/HealthpostToCms/Page_HealthPost Store/button_Add' is clicked on

2018-06-01 11:22:59 - [TEST_STEP][PASSED] - selectOptionByIndex: All options with index in [1] are selected on object 'Object Repository/HealthpostToCms/Page_HealthPost Store/select_--Select--Schedule 1Inj'

2018-06-01 11:22:59 - [MESSAGE][PASSED] - All options with index in [1] are selected on object 'Object Repository/HealthpostToCms/Page_HealthPost Store/select_--Select--Schedule 1Inj'

2018-06-01 11:22:59 - [TEST_STEP][PASSED] - selectOptionByIndex: All options with index in [14] are selected on object 'Object Repository/HealthpostToCms/Page_HealthPost Store/select_--Select--Adernaline 0.'

2018-06-01 11:23:00 - [MESSAGE][PASSED] - All options with index in [14] are selected on object 'Object Repository/HealthpostToCms/Page_HealthPost Store/select_--Select--Adernaline 0.'

2018-06-01 11:23:00 - [TEST_STEP][PASSED] - setText: Text '100' is set on object 'Object Repository/HealthpostToCms/Page_HealthPost Store/input_txttreat'

2018-06-01 11:23:00 - [MESSAGE][PASSED] - Text '100' is set on object 'Object Repository/HealthpostToCms/Page_HealthPost Store/input_txttreat'

2018-06-01 11:23:00 - [TEST_STEP][PASSED] - click: Object: 'Object Repository/HealthpostToCms/Page_HealthPost Store/button_Add' is clicked on

2018-06-01 11:23:00 - [MESSAGE][PASSED] - Object: 'Object Repository/HealthpostToCms/Page_HealthPost Store/button_Add' is clicked on

2018-06-01 11:23:00 - [TEST_STEP][PASSED] - selectOptionByIndex: All options with index in [1] are selected on object 'Object Repository/HealthpostToCms/Page_HealthPost Store/select_--Select--Schedule 1Inj'

2018-06-01 11:23:00 - [MESSAGE][PASSED] - All options with index in [1] are selected on object 'Object Repository/HealthpostToCms/Page_HealthPost Store/select_--Select--Schedule 1Inj'

2018-06-01 11:23:00 - [TEST_STEP][PASSED] - selectOptionByIndex: All options with index in [15] are selected on object 'Object Repository/HealthpostToCms/Page_HealthPost Store/select_--Select--Adernaline 0.'

2018-06-01 11:23:00 - [MESSAGE][PASSED] - All options with index in [15] are selected on object 'Object Repository/HealthpostToCms/Page_HealthPost Store/select_--Select--Adernaline 0.'

2018-06-01 11:23:00 - [TEST_STEP][PASSED] - setText: Text '100' is set on object 'Object Repository/HealthpostToCms/Page_HealthPost Store/input_txttreat'

2018-06-01 11:23:01 - [MESSAGE][PASSED] - Text '100' is set on object 'Object Repository/HealthpostToCms/Page_HealthPost Store/input_txttreat'

2018-06-01 11:23:01 - [TEST_STEP][PASSED] - click: Object: 'Object Repository/HealthpostToCms/Page_HealthPost Store/button_Add' is clicked on

2018-06-01 11:23:01 - [MESSAGE][PASSED] - Object: 'Object Repository/HealthpostToCms/Page_HealthPost Store/button_Add' is clicked on

2018-06-01 11:23:01 - [TEST_STEP][PASSED] - selectOptionByIndex: All options with index in [1] are selected on object 'Object Repository/HealthpostToCms/Page_HealthPost Store/select_--Select--Schedule 1Inj'

2018-06-01 11:23:01 - [MESSAGE][PASSED] - All options with index in [1] are selected on object 'Object Repository/HealthpostToCms/Page_HealthPost Store/select_--Select--Schedule 1Inj'

2018-06-01 11:23:01 - [TEST_STEP][PASSED] - selectOptionByIndex: All options with index in [16] are selected on object 'Object Repository/HealthpostToCms/Page_HealthPost Store/select_--Select--Adernaline 0.'

2018-06-01 11:23:01 - [MESSAGE][PASSED] - All options with index in [16] are selected on object 'Object Repository/HealthpostToCms/Page_HealthPost Store/select_--Select--Adernaline 0.'

2018-06-01 11:23:01 - [TEST_STEP][PASSED] - setText: Text '100' is set on object 'Object Repository/HealthpostToCms/Page_HealthPost Store/input_txttreat'

2018-06-01 11:23:01 - [MESSAGE][PASSED] - Text '100' is set on object 'Object Repository/HealthpostToCms/Page_HealthPost Store/input_txttreat'

2018-06-01 11:23:01 - [TEST_STEP][PASSED] - click: Object: 'Object Repository/HealthpostToCms/Page_HealthPost Store/button_Add' is clicked on

2018-06-01 11:23:01 - [MESSAGE][PASSED] - Object: 'Object Repository/HealthpostToCms/Page_HealthPost Store/button_Add' is clicked on

2018-06-01 11:23:01 - [TEST_STEP][PASSED] - selectOptionByIndex: All options with index in [1] are selected on object 'Object Repository/HealthpostToCms/Page_HealthPost Store/select_--Select--Schedule 1Inj'

2018-06-01 11:23:01 - [MESSAGE][PASSED] - All options with index in [1] are selected on object 'Object Repository/HealthpostToCms/Page_HealthPost Store/select_--Select--Schedule 1Inj'

2018-06-01 11:23:01 - [TEST_STEP][PASSED] - selectOptionByIndex: All options with index in [17] are selected on object 'Object Repository/HealthpostToCms/Page_HealthPost Store/select_--Select--Adernaline 0.'

2018-06-01 11:23:02 - [MESSAGE][PASSED] - All options with index in [17] are selected on object 'Object Repository/HealthpostToCms/Page_HealthPost Store/select_--Select--Adernaline 0.'

2018-06-01 11:23:02 - [TEST_STEP][PASSED] - setText: Text '100' is set on object 'Object Repository/HealthpostToCms/Page_HealthPost Store/input_txttreat'

2018-06-01 11:23:02 - [MESSAGE][PASSED] - Text '100' is set on object 'Object Repository/HealthpostToCms/Page_HealthPost Store/input_txttreat'

2018-06-01 11:23:02 - [TEST_STEP][PASSED] - click: Object: 'Object Repository/HealthpostToCms/Page_HealthPost Store/button_Add' is clicked on

2018-06-01 11:23:02 - [MESSAGE][PASSED] - Object: 'Object Repository/HealthpostToCms/Page_HealthPost Store/button_Add' is clicked on

2018-06-01 11:23:02 - [TEST_STEP][PASSED] - selectOptionByIndex: All options with index in [1] are selected on object 'Object Repository/HealthpostToCms/Page_HealthPost Store/select_--Select--Schedule 1Inj'

2018-06-01 11:23:02 - [MESSAGE][PASSED] - All options with index in [1] are selected on object 'Object Repository/HealthpostToCms/Page_HealthPost Store/select_--Select--Schedule 1Inj'

2018-06-01 11:23:02 - [TEST_STEP][PASSED] - selectOptionByIndex: All options with index in [18] are selected on object 'Object Repository/HealthpostToCms/Page_HealthPost Store/select_--Select--Adernaline 0.'

2018-06-01 11:23:02 - [MESSAGE][PASSED] - All options with index in [18] are selected on object 'Object Repository/HealthpostToCms/Page_HealthPost Store/select_--Select--Adernaline 0.'

2018-06-01 11:23:02 - [TEST_STEP][PASSED] - setText: Text '100' is set on object 'Object Repository/HealthpostToCms/Page_HealthPost Store/input_txttreat'

2018-06-01 11:23:03 - [MESSAGE][PASSED] - Text '100' is set on object 'Object Repository/HealthpostToCms/Page_HealthPost Store/input_txttreat'

2018-06-01 11:23:03 - [TEST_STEP][PASSED] - click: Object: 'Object Repository/HealthpostToCms/Page_HealthPost Store/button_Add' is clicked on

2018-06-01 11:23:03 - [MESSAGE][PASSED] - Object: 'Object Repository/HealthpostToCms/Page_HealthPost Store/button_Add' is clicked on

2018-06-01 11:23:03 - [TEST_STEP][PASSED] - selectOptionByIndex: All options with index in [1] are selected on object 'Object Repository/HealthpostToCms/Page_HealthPost Store/select_--Select--Schedule 1Inj'

2018-06-01 11:23:03 - [MESSAGE][PASSED] - All options with index in [1] are selected on object 'Object Repository/HealthpostToCms/Page_HealthPost Store/select_--Select--Schedule 1Inj'

2018-06-01 11:23:03 - [TEST_STEP][PASSED] - selectOptionByIndex: All options with index in [19] are selected on object 'Object Repository/HealthpostToCms/Page_HealthPost Store/select_--Select--Adernaline 0.'

2018-06-01 11:23:03 - [MESSAGE][PASSED] - All options with index in [19] are selected on object 'Object Repository/HealthpostToCms/Page_HealthPost Store/select_--Select--Adernaline 0.'

2018-06-01 11:23:03 - [TEST_STEP][PASSED] - setText: Text '100' is set on object 'Object Repository/HealthpostToCms/Page_HealthPost Store/input_txttreat'

2018-06-01 11:23:03 - [MESSAGE][PASSED] - Text '100' is set on object 'Object Repository/HealthpostToCms/Page_HealthPost Store/input_txttreat'

2018-06-01 11:23:03 - [TEST_STEP][PASSED] - click: Object: 'Object Repository/HealthpostToCms/Page_HealthPost Store/button_Add' is clicked on

2018-06-01 11:23:03 - [MESSAGE][PASSED] - Object: 'Object Repository/HealthpostToCms/Page_HealthPost Store/button_Add' is clicked on

2018-06-01 11:23:03 - [TEST_STEP][PASSED] - selectOptionByIndex: All options with index in [1] are selected on object 'Object Repository/HealthpostToCms/Page_HealthPost Store/select_--Select--Schedule 1Inj'

2018-06-01 11:23:04 - [MESSAGE][PASSED] - All options with index in [1] are selected on object 'Object Repository/HealthpostToCms/Page_HealthPost Store/select_--Select--Schedule 1Inj'

2018-06-01 11:23:04 - [TEST_STEP][PASSED] - selectOptionByIndex: All options with index in [20] are selected on object 'Object Repository/HealthpostToCms/Page_HealthPost Store/select_--Select--Adernaline 0.'

2018-06-01 11:23:04 - [MESSAGE][PASSED] - All options with index in [20] are selected on object 'Object Repository/HealthpostToCms/Page_HealthPost Store/select_--Select--Adernaline 0.'

2018-06-01 11:23:04 - [TEST_STEP][PASSED] - setText: Text '100' is set on object 'Object Repository/HealthpostToCms/Page_HealthPost Store/input_txttreat'

2018-06-01 11:23:04 - [MESSAGE][PASSED] - Text '100' is set on object 'Object Repository/HealthpostToCms/Page_HealthPost Store/input_txttreat'

2018-06-01 11:23:04 - [TEST_STEP][PASSED] - click: Object: 'Object Repository/HealthpostToCms/Page_HealthPost Store/button_Add' is clicked on

2018-06-01 11:23:04 - [MESSAGE][PASSED] - Object: 'Object Repository/HealthpostToCms/Page_HealthPost Store/button_Add' is clicked on

2018-06-01 11:23:04 - [TEST_STEP][PASSED] - selectOptionByIndex: All options with index in [1] are selected on object 'Object Repository/HealthpostToCms/Page_HealthPost Store/select_--Select--Schedule 1Inj'

2018-06-01 11:23:04 - [MESSAGE][PASSED] - All options with index in [1] are selected on object 'Object Repository/HealthpostToCms/Page_HealthPost Store/select_--Select--Schedule 1Inj'

2018-06-01 11:23:04 - [TEST_STEP][PASSED] - selectOptionByIndex: All options with index in [21] are selected on object 'Object Repository/HealthpostToCms/Page_HealthPost Store/select_--Select--Adernaline 0.'

2018-06-01 11:23:05 - [MESSAGE][PASSED] - All options with index in [21] are selected on object 'Object Repository/HealthpostToCms/Page_HealthPost Store/select_--Select--Adernaline 0.'

2018-06-01 11:23:05 - [TEST_STEP][PASSED] - setText: Text '100' is set on object 'Object Repository/HealthpostToCms/Page_HealthPost Store/input_txttreat'

2018-06-01 11:23:05 - [MESSAGE][PASSED] - Text '100' is set on object 'Object Repository/HealthpostToCms/Page_HealthPost Store/input_txttreat'

2018-06-01 11:23:05 - [TEST_STEP][PASSED] - click: Object: 'Object Repository/HealthpostToCms/Page_HealthPost Store/button_Add' is clicked on

2018-06-01 11:23:05 - [MESSAGE][PASSED] - Object: 'Object Repository/HealthpostToCms/Page_HealthPost Store/button_Add' is clicked on

2018-06-01 11:23:05 - [TEST_STEP][PASSED] - selectOptionByIndex: All options with index in [1] are selected on object 'Object Repository/HealthpostToCms/Page_HealthPost Store/select_--Select--Schedule 1Inj'

2018-06-01 11:23:05 - [MESSAGE][PASSED] - All options with index in [1] are selected on object 'Object Repository/HealthpostToCms/Page_HealthPost Store/select_--Select--Schedule 1Inj'

2018-06-01 11:23:05 - [TEST_STEP][PASSED] - selectOptionByIndex: All options with index in [22] are selected on object 'Object Repository/HealthpostToCms/Page_HealthPost Store/select_--Select--Adernaline 0.'

2018-06-01 11:23:05 - [MESSAGE][PASSED] - All options with index in [22] are selected on object 'Object Repository/HealthpostToCms/Page_HealthPost Store/select_--Select--Adernaline 0.'

2018-06-01 11:23:05 - [TEST_STEP][PASSED] - setText: Text '100' is set on object 'Object Repository/HealthpostToCms/Page_HealthPost Store/input_txttreat'

2018-06-01 11:23:05 - [MESSAGE][PASSED] - Text '100' is set on object 'Object Repository/HealthpostToCms/Page_HealthPost Store/input_txttreat'

2018-06-01 11:23:05 - [TEST_STEP][PASSED] - click: Object: 'Object Repository/HealthpostToCms/Page_HealthPost Store/button_Add' is clicked on

2018-06-01 11:23:06 - [MESSAGE][PASSED] - Object: 'Object Repository/HealthpostToCms/Page_HealthPost Store/button_Add' is clicked on

2018-06-01 11:23:06 - [TEST_STEP][PASSED] - selectOptionByIndex: All options with index in [1] are selected on object 'Object Repository/HealthpostToCms/Page_HealthPost Store/select_--Select--Schedule 1Inj'

2018-06-01 11:23:06 - [MESSAGE][PASSED] - All options with index in [1] are selected on object 'Object Repository/HealthpostToCms/Page_HealthPost Store/select_--Select--Schedule 1Inj'

2018-06-01 11:23:06 - [TEST_STEP][PASSED] - selectOptionByIndex: All options with index in [23] are selected on object 'Object Repository/HealthpostToCms/Page_HealthPost Store/select_--Select--Adernaline 0.'

2018-06-01 11:23:06 - [MESSAGE][PASSED] - All options with index in [23] are selected on object 'Object Repository/HealthpostToCms/Page_HealthPost Store/select_--Select--Adernaline 0.'

2018-06-01 11:23:06 - [TEST_STEP][PASSED] - setText: Text '100' is set on object 'Object Repository/HealthpostToCms/Page_HealthPost Store/input_txttreat'

2018-06-01 11:23:06 - [MESSAGE][PASSED] - Text '100' is set on object 'Object Repository/HealthpostToCms/Page_HealthPost Store/input_txttreat'

2018-06-01 11:23:06 - [TEST_STEP][PASSED] - click: Object: 'Object Repository/HealthpostToCms/Page_HealthPost Store/button_Add' is clicked on

2018-06-01 11:23:06 - [MESSAGE][PASSED] - Object: 'Object Repository/HealthpostToCms/Page_HealthPost Store/button_Add' is clicked on

2018-06-01 11:23:06 - [TEST_STEP][PASSED] - selectOptionByIndex: All options with index in [1] are selected on object 'Object Repository/HealthpostToCms/Page_HealthPost Store/select_--Select--Schedule 1Inj'

2018-06-01 11:23:07 - [MESSAGE][PASSED] - All options with index in [1] are selected on object 'Object Repository/HealthpostToCms/Page_HealthPost Store/select_--Select--Schedule 1Inj'

2018-06-01 11:23:07 - [TEST_STEP][PASSED] - selectOptionByIndex: All options with index in [24] are selected on object 'Object Repository/HealthpostToCms/Page_HealthPost Store/select_--Select--Adernaline 0.'

2018-06-01 11:23:07 - [MESSAGE][PASSED] - All options with index in [24] are selected on object 'Object Repository/HealthpostToCms/Page_HealthPost Store/select_--Select--Adernaline 0.'

2018-06-01 11:23:07 - [TEST_STEP][PASSED] - setText: Text '100' is set on object 'Object Repository/HealthpostToCms/Page_HealthPost Store/input_txttreat'

2018-06-01 11:23:07 - [MESSAGE][PASSED] - Text '100' is set on object 'Object Repository/HealthpostToCms/Page_HealthPost Store/input_txttreat'

2018-06-01 11:23:07 - [TEST_STEP][PASSED] - click: Object: 'Object Repository/HealthpostToCms/Page_HealthPost Store/button_Add' is clicked on

2018-06-01 11:23:07 - [MESSAGE][PASSED] - Object: 'Object Repository/HealthpostToCms/Page_HealthPost Store/button_Add' is clicked on

2018-06-01 11:23:07 - [TEST_STEP][PASSED] - selectOptionByIndex: All options with index in [1] are selected on object 'Object Repository/HealthpostToCms/Page_HealthPost Store/select_--Select--Schedule 1Inj'

2018-06-01 11:23:07 - [MESSAGE][PASSED] - All options with index in [1] are selected on object 'Object Repository/HealthpostToCms/Page_HealthPost Store/select_--Select--Schedule 1Inj'

2018-06-01 11:23:07 - [TEST_STEP][PASSED] - selectOptionByIndex: All options with index in [25] are selected on object 'Object Repository/HealthpostToCms/Page_HealthPost Store/select_--Select--Adernaline 0.'

2018-06-01 11:23:08 - [MESSAGE][PASSED] - All options with index in [25] are selected on object 'Object Repository/HealthpostToCms/Page_HealthPost Store/select_--Select--Adernaline 0.'

2018-06-01 11:23:08 - [TEST_STEP][PASSED] - setText: Text '100' is set on object 'Object Repository/HealthpostToCms/Page_HealthPost Store/input_txttreat'

2018-06-01 11:23:08 - [MESSAGE][PASSED] - Text '100' is set on object 'Object Repository/HealthpostToCms/Page_HealthPost Store/input_txttreat'

2018-06-01 11:23:08 - [TEST_STEP][PASSED] - click: Object: 'Object Repository/HealthpostToCms/Page_HealthPost Store/button_Add' is clicked on

2018-06-01 11:23:08 - [MESSAGE][PASSED] - Object: 'Object Repository/HealthpostToCms/Page_HealthPost Store/button_Add' is clicked on

2018-06-01 11:23:08 - [TEST_STEP][PASSED] - selectOptionByIndex: All options with index in [1] are selected on object 'Object Repository/HealthpostToCms/Page_HealthPost Store/select_--Select--Schedule 1Inj'

2018-06-01 11:23:08 - [MESSAGE][PASSED] - All options with index in [1] are selected on object 'Object Repository/HealthpostToCms/Page_HealthPost Store/select_--Select--Schedule 1Inj'

2018-06-01 11:23:08 - [TEST_STEP][PASSED] - selectOptionByIndex: All options with index in [26] are selected on object 'Object Repository/HealthpostToCms/Page_HealthPost Store/select_--Select--Adernaline 0.'

2018-06-01 11:23:08 - [MESSAGE][PASSED] - All options with index in [26] are selected on object 'Object Repository/HealthpostToCms/Page_HealthPost Store/select_--Select--Adernaline 0.'

2018-06-01 11:23:08 - [TEST_STEP][PASSED] - setText: Text '100' is set on object 'Object Repository/HealthpostToCms/Page_HealthPost Store/input_txttreat'

2018-06-01 11:23:09 - [MESSAGE][PASSED] - Text '100' is set on object 'Object Repository/HealthpostToCms/Page_HealthPost Store/input_txttreat'

2018-06-01 11:23:09 - [TEST_STEP][PASSED] - click: Object: 'Object Repository/HealthpostToCms/Page_HealthPost Store/button_Add' is clicked on

2018-06-01 11:23:09 - [MESSAGE][PASSED] - Object: 'Object Repository/HealthpostToCms/Page_HealthPost Store/button_Add' is clicked on

2018-06-01 11:23:09 - [TEST_STEP][PASSED] - selectOptionByIndex: All options with index in [1] are selected on object 'Object Repository/HealthpostToCms/Page_HealthPost Store/select_--Select--Schedule 1Inj'

2018-06-01 11:23:09 - [MESSAGE][PASSED] - All options with index in [1] are selected on object 'Object Repository/HealthpostToCms/Page_HealthPost Store/select_--Select--Schedule 1Inj'

2018-06-01 11:23:09 - [TEST_STEP][PASSED] - selectOptionByIndex: All options with index in [27] are selected on object 'Object Repository/HealthpostToCms/Page_HealthPost Store/select_--Select--Adernaline 0.'

2018-06-01 11:23:09 - [MESSAGE][PASSED] - All options with index in [27] are selected on object 'Object Repository/HealthpostToCms/Page_HealthPost Store/select_--Select--Adernaline 0.'

2018-06-01 11:23:09 - [TEST_STEP][PASSED] - setText: Text '100' is set on object 'Object Repository/HealthpostToCms/Page_HealthPost Store/input_txttreat'

2018-06-01 11:23:09 - [MESSAGE][PASSED] - Text '100' is set on object 'Object Repository/HealthpostToCms/Page_HealthPost Store/input_txttreat'

2018-06-01 11:23:09 - [TEST_STEP][PASSED] - click: Object: 'Object Repository/HealthpostToCms/Page_HealthPost Store/button_Add' is clicked on

2018-06-01 11:23:09 - [MESSAGE][PASSED] - Object: 'Object Repository/HealthpostToCms/Page_HealthPost Store/button_Add' is clicked on

2018-06-01 11:23:09 - [TEST_STEP][PASSED] - selectOptionByIndex: All options with index in [1] are selected on object 'Object Repository/HealthpostToCms/Page_HealthPost Store/select_--Select--Schedule 1Inj'

2018-06-01 11:23:10 - [MESSAGE][PASSED] - All options with index in [1] are selected on object 'Object Repository/HealthpostToCms/Page_HealthPost Store/select_--Select--Schedule 1Inj'

2018-06-01 11:23:10 - [TEST_STEP][PASSED] - selectOptionByIndex: All options with index in [28] are selected on object 'Object Repository/HealthpostToCms/Page_HealthPost Store/select_--Select--Adernaline 0.'

2018-06-01 11:23:10 - [MESSAGE][PASSED] - All options with index in [28] are selected on object 'Object Repository/HealthpostToCms/Page_HealthPost Store/select_--Select--Adernaline 0.'

2018-06-01 11:23:10 - [TEST_STEP][PASSED] - setText: Text '100' is set on object 'Object Repository/HealthpostToCms/Page_HealthPost Store/input_txttreat'

2018-06-01 11:23:10 - [MESSAGE][PASSED] - Text '100' is set on object 'Object Repository/HealthpostToCms/Page_HealthPost Store/input_txttreat'

2018-06-01 11:23:10 - [TEST_STEP][PASSED] - click: Object: 'Object Repository/HealthpostToCms/Page_HealthPost Store/button_Add' is clicked on

2018-06-01 11:23:10 - [MESSAGE][PASSED] - Object: 'Object Repository/HealthpostToCms/Page_HealthPost Store/button_Add' is clicked on

2018-06-01 11:23:10 - [TEST_STEP][PASSED] - selectOptionByIndex: All options with index in [1] are selected on object 'Object Repository/HealthpostToCms/Page_HealthPost Store/select_--Select--Schedule 1Inj'

2018-06-01 11:23:10 - [MESSAGE][PASSED] - All options with index in [1] are selected on object 'Object Repository/HealthpostToCms/Page_HealthPost Store/select_--Select--Schedule 1Inj'

2018-06-01 11:23:10 - [TEST_STEP][PASSED] - selectOptionByIndex: All options with index in [29] are selected on object 'Object Repository/HealthpostToCms/Page_HealthPost Store/select_--Select--Adernaline 0.'

2018-06-01 11:23:11 - [MESSAGE][PASSED] - All options with index in [29] are selected on object 'Object Repository/HealthpostToCms/Page_HealthPost Store/select_--Select--Adernaline 0.'

2018-06-01 11:23:11 - [TEST_STEP][PASSED] - setText: Text '100' is set on object 'Object Repository/HealthpostToCms/Page_HealthPost Store/input_txttreat'

2018-06-01 11:23:11 - [MESSAGE][PASSED] - Text '100' is set on object 'Object Repository/HealthpostToCms/Page_HealthPost Store/input_txttreat'

2018-06-01 11:23:11 - [TEST_STEP][PASSED] - click: Object: 'Object Repository/HealthpostToCms/Page_HealthPost Store/button_Add' is clicked on

2018-06-01 11:23:11 - [MESSAGE][PASSED] - Object: 'Object Repository/HealthpostToCms/Page_HealthPost Store/button_Add' is clicked on

2018-06-01 11:23:11 - [TEST_STEP][PASSED] - selectOptionByIndex: All options with index in [1] are selected on object 'Object Repository/HealthpostToCms/Page_HealthPost Store/select_--Select--Schedule 1Inj'

2018-06-01 11:23:11 - [MESSAGE][PASSED] - All options with index in [1] are selected on object 'Object Repository/HealthpostToCms/Page_HealthPost Store/select_--Select--Schedule 1Inj'

2018-06-01 11:23:11 - [TEST_STEP][PASSED] - selectOptionByIndex: All options with index in [30] are selected on object 'Object Repository/HealthpostToCms/Page_HealthPost Store/select_--Select--Adernaline 0.'

2018-06-01 11:23:12 - [MESSAGE][PASSED] - All options with index in [30] are selected on object 'Object Repository/HealthpostToCms/Page_HealthPost Store/select_--Select--Adernaline 0.'

2018-06-01 11:23:12 - [TEST_STEP][PASSED] - setText: Text '100' is set on object 'Object Repository/HealthpostToCms/Page_HealthPost Store/input_txttreat'

2018-06-01 11:23:12 - [MESSAGE][PASSED] - Text '100' is set on object 'Object Repository/HealthpostToCms/Page_HealthPost Store/input_txttreat'

2018-06-01 11:23:12 - [TEST_STEP][PASSED] - click: Object: 'Object Repository/HealthpostToCms/Page_HealthPost Store/button_Add' is clicked on

2018-06-01 11:23:12 - [MESSAGE][PASSED] - Object: 'Object Repository/HealthpostToCms/Page_HealthPost Store/button_Add' is clicked on

2018-06-01 11:23:12 - [TEST_STEP][PASSED] - selectOptionByIndex: All options with index in [1] are selected on object 'Object Repository/HealthpostToCms/Page_HealthPost Store/select_--Select--Schedule 1Inj'

2018-06-01 11:23:12 - [MESSAGE][PASSED] - All options with index in [1] are selected on object 'Object Repository/HealthpostToCms/Page_HealthPost Store/select_--Select--Schedule 1Inj'

2018-06-01 11:23:12 - [TEST_STEP][PASSED] - selectOptionByIndex: All options with index in [31] are selected on object 'Object Repository/HealthpostToCms/Page_HealthPost Store/select_--Select--Adernaline 0.'

2018-06-01 11:23:13 - [MESSAGE][PASSED] - All options with index in [31] are selected on object 'Object Repository/HealthpostToCms/Page_HealthPost Store/select_--Select--Adernaline 0.'

2018-06-01 11:23:13 - [TEST_STEP][PASSED] - setText: Text '100' is set on object 'Object Repository/HealthpostToCms/Page_HealthPost Store/input_txttreat'

2018-06-01 11:23:13 - [MESSAGE][PASSED] - Text '100' is set on object 'Object Repository/HealthpostToCms/Page_HealthPost Store/input_txttreat'

2018-06-01 11:23:13 - [TEST_STEP][PASSED] - click: Object: 'Object Repository/HealthpostToCms/Page_HealthPost Store/button_Add' is clicked on

2018-06-01 11:23:13 - [MESSAGE][PASSED] - Object: 'Object Repository/HealthpostToCms/Page_HealthPost Store/button_Add' is clicked on

2018-06-01 11:23:13 - [TEST_STEP][PASSED] - selectOptionByIndex: All options with index in [1] are selected on object 'Object Repository/HealthpostToCms/Page_HealthPost Store/select_--Select--Schedule 1Inj'

2018-06-01 11:23:13 - [MESSAGE][PASSED] - All options with index in [1] are selected on object 'Object Repository/HealthpostToCms/Page_HealthPost Store/select_--Select--Schedule 1Inj'

2018-06-01 11:23:13 - [TEST_STEP][PASSED] - selectOptionByIndex: All options with index in [32] are selected on object 'Object Repository/HealthpostToCms/Page_HealthPost Store/select_--Select--Adernaline 0.'

2018-06-01 11:23:13 - [MESSAGE][PASSED] - All options with index in [32] are selected on object 'Object Repository/HealthpostToCms/Page_HealthPost Store/select_--Select--Adernaline 0.'

2018-06-01 11:23:13 - [TEST_STEP][PASSED] - setText: Text '100' is set on object 'Object Repository/HealthpostToCms/Page_HealthPost Store/input_txttreat'

2018-06-01 11:23:14 - [MESSAGE][PASSED] - Text '100' is set on object 'Object Repository/HealthpostToCms/Page_HealthPost Store/input_txttreat'

2018-06-01 11:23:14 - [TEST_STEP][PASSED] - click: Object: 'Object Repository/HealthpostToCms/Page_HealthPost Store/button_Add' is clicked on

2018-06-01 11:23:14 - [MESSAGE][PASSED] - Object: 'Object Repository/HealthpostToCms/Page_HealthPost Store/button_Add' is clicked on

2018-06-01 11:23:14 - [TEST_STEP][PASSED] - selectOptionByIndex: All options with index in [1] are selected on object 'Object Repository/HealthpostToCms/Page_HealthPost Store/select_--Select--Schedule 1Inj'

2018-06-01 11:23:14 - [MESSAGE][PASSED] - All options with index in [1] are selected on object 'Object Repository/HealthpostToCms/Page_HealthPost Store/select_--Select--Schedule 1Inj'

2018-06-01 11:23:14 - [TEST_STEP][PASSED] - selectOptionByIndex: All options with index in [33] are selected on object 'Object Repository/HealthpostToCms/Page_HealthPost Store/select_--Select--Adernaline 0.'

2018-06-01 11:23:14 - [MESSAGE][PASSED] - All options with index in [33] are selected on object 'Object Repository/HealthpostToCms/Page_HealthPost Store/select_--Select--Adernaline 0.'

2018-06-01 11:23:14 - [TEST_STEP][PASSED] - setText: Text '100' is set on object 'Object Repository/HealthpostToCms/Page_HealthPost Store/input_txttreat'

2018-06-01 11:23:14 - [MESSAGE][PASSED] - Text '100' is set on object 'Object Repository/HealthpostToCms/Page_HealthPost Store/input_txttreat'

2018-06-01 11:23:14 - [TEST_STEP][PASSED] - click: Object: 'Object Repository/HealthpostToCms/Page_HealthPost Store/button_Add' is clicked on

2018-06-01 11:23:14 - [MESSAGE][PASSED] - Object: 'Object Repository/HealthpostToCms/Page_HealthPost Store/button_Add' is clicked on

2018-06-01 11:23:14 - [TEST_STEP][PASSED] - selectOptionByIndex: All options with index in [1] are selected on object 'Object Repository/HealthpostToCms/Page_HealthPost Store/select_--Select--Schedule 1Inj'

2018-06-01 11:23:15 - [MESSAGE][PASSED] - All options with index in [1] are selected on object 'Object Repository/HealthpostToCms/Page_HealthPost Store/select_--Select--Schedule 1Inj'

2018-06-01 11:23:15 - [TEST_STEP][PASSED] - selectOptionByIndex: All options with index in [34] are selected on object 'Object Repository/HealthpostToCms/Page_HealthPost Store/select_--Select--Adernaline 0.'

2018-06-01 11:23:15 - [MESSAGE][PASSED] - All options with index in [34] are selected on object 'Object Repository/HealthpostToCms/Page_HealthPost Store/select_--Select--Adernaline 0.'

2018-06-01 11:23:15 - [TEST_STEP][PASSED] - setText: Text '100' is set on object 'Object Repository/HealthpostToCms/Page_HealthPost Store/input_txttreat'

2018-06-01 11:23:15 - [MESSAGE][PASSED] - Text '100' is set on object 'Object Repository/HealthpostToCms/Page_HealthPost Store/input_txttreat'

2018-06-01 11:23:15 - [TEST_STEP][PASSED] - click: Object: 'Object Repository/HealthpostToCms/Page_HealthPost Store/button_Add' is clicked on

2018-06-01 11:23:15 - [MESSAGE][PASSED] - Object: 'Object Repository/HealthpostToCms/Page_HealthPost Store/button_Add' is clicked on

2018-06-01 11:23:15 - [TEST_STEP][PASSED] - selectOptionByIndex: All options with index in [1] are selected on object 'Object Repository/HealthpostToCms/Page_HealthPost Store/select_--Select--Schedule 1Inj'

2018-06-01 11:23:15 - [MESSAGE][PASSED] - All options with index in [1] are selected on object 'Object Repository/HealthpostToCms/Page_HealthPost Store/select_--Select--Schedule 1Inj'

2018-06-01 11:23:15 - [TEST_STEP][PASSED] - selectOptionByIndex: All options with index in [35] are selected on object 'Object Repository/HealthpostToCms/Page_HealthPost Store/select_--Select--Adernaline 0.'

2018-06-01 11:23:16 - [MESSAGE][PASSED] - All options with index in [35] are selected on object 'Object Repository/HealthpostToCms/Page_HealthPost Store/select_--Select--Adernaline 0.'

2018-06-01 11:23:16 - [TEST_STEP][PASSED] - setText: Text '100' is set on object 'Object Repository/HealthpostToCms/Page_HealthPost Store/input_txttreat'

2018-06-01 11:23:16 - [MESSAGE][PASSED] - Text '100' is set on object 'Object Repository/HealthpostToCms/Page_HealthPost Store/input_txttreat'

2018-06-01 11:23:16 - [TEST_STEP][PASSED] - click: Object: 'Object Repository/HealthpostToCms/Page_HealthPost Store/button_Add' is clicked on

2018-06-01 11:23:16 - [MESSAGE][PASSED] - Object: 'Object Repository/HealthpostToCms/Page_HealthPost Store/button_Add' is clicked on

2018-06-01 11:23:16 - [TEST_STEP][PASSED] - selectOptionByIndex: All options with index in [1] are selected on object 'Object Repository/HealthpostToCms/Page_HealthPost Store/select_--Select--Schedule 1Inj'

2018-06-01 11:23:16 - [MESSAGE][PASSED] - All options with index in [1] are selected on object 'Object Repository/HealthpostToCms/Page_HealthPost Store/select_--Select--Schedule 1Inj'

2018-06-01 11:23:16 - [TEST_STEP][PASSED] - selectOptionByIndex: All options with index in [36] are selected on object 'Object Repository/HealthpostToCms/Page_HealthPost Store/select_--Select--Adernaline 0.'

2018-06-01 11:23:17 - [MESSAGE][PASSED] - All options with index in [36] are selected on object 'Object Repository/HealthpostToCms/Page_HealthPost Store/select_--Select--Adernaline 0.'

2018-06-01 11:23:17 - [TEST_STEP][PASSED] - setText: Text '100' is set on object 'Object Repository/HealthpostToCms/Page_HealthPost Store/input_txttreat'

2018-06-01 11:23:17 - [MESSAGE][PASSED] - Text '100' is set on object 'Object Repository/HealthpostToCms/Page_HealthPost Store/input_txttreat'

2018-06-01 11:23:17 - [TEST_STEP][PASSED] - click: Object: 'Object Repository/HealthpostToCms/Page_HealthPost Store/button_Add' is clicked on

2018-06-01 11:23:17 - [MESSAGE][PASSED] - Object: 'Object Repository/HealthpostToCms/Page_HealthPost Store/button_Add' is clicked on

2018-06-01 11:23:17 - [TEST_STEP][PASSED] - selectOptionByIndex: All options with index in [1] are selected on object 'Object Repository/HealthpostToCms/Page_HealthPost Store/select_--Select--Schedule 1Inj'

2018-06-01 11:23:17 - [MESSAGE][PASSED] - All options with index in [1] are selected on object 'Object Repository/HealthpostToCms/Page_HealthPost Store/select_--Select--Schedule 1Inj'

2018-06-01 11:23:17 - [TEST_STEP][PASSED] - selectOptionByIndex: All options with index in [37] are selected on object 'Object Repository/HealthpostToCms/Page_HealthPost Store/select_--Select--Adernaline 0.'

2018-06-01 11:23:18 - [MESSAGE][PASSED] - All options with index in [37] are selected on object 'Object Repository/HealthpostToCms/Page_HealthPost Store/select_--Select--Adernaline 0.'

2018-06-01 11:23:18 - [TEST_STEP][PASSED] - setText: Text '100' is set on object 'Object Repository/HealthpostToCms/Page_HealthPost Store/input_txttreat'

2018-06-01 11:23:18 - [MESSAGE][PASSED] - Text '100' is set on object 'Object Repository/HealthpostToCms/Page_HealthPost Store/input_txttreat'

2018-06-01 11:23:18 - [TEST_STEP][PASSED] - click: Object: 'Object Repository/HealthpostToCms/Page_HealthPost Store/button_Add' is clicked on

2018-06-01 11:23:18 - [MESSAGE][PASSED] - Object: 'Object Repository/HealthpostToCms/Page_HealthPost Store/button_Add' is clicked on

2018-06-01 11:23:18 - [TEST_STEP][PASSED] - selectOptionByIndex: All options with index in [1] are selected on object 'Object Repository/HealthpostToCms/Page_HealthPost Store/select_--Select--Schedule 1Inj'

2018-06-01 11:23:18 - [MESSAGE][PASSED] - All options with index in [1] are selected on object 'Object Repository/HealthpostToCms/Page_HealthPost Store/select_--Select--Schedule 1Inj'

2018-06-01 11:23:18 - [TEST_STEP][PASSED] - selectOptionByIndex: All options with index in [38] are selected on object 'Object Repository/HealthpostToCms/Page_HealthPost Store/select_--Select--Adernaline 0.'

2018-06-01 11:23:19 - [MESSAGE][PASSED] - All options with index in [38] are selected on object 'Object Repository/HealthpostToCms/Page_HealthPost Store/select_--Select--Adernaline 0.'

2018-06-01 11:23:19 - [TEST_STEP][PASSED] - setText: Text '100' is set on object 'Object Repository/HealthpostToCms/Page_HealthPost Store/input_txttreat'

2018-06-01 11:23:19 - [MESSAGE][PASSED] - Text '100' is set on object 'Object Repository/HealthpostToCms/Page_HealthPost Store/input_txttreat'

2018-06-01 11:23:19 - [TEST_STEP][PASSED] - click: Object: 'Object Repository/HealthpostToCms/Page_HealthPost Store/button_Add' is clicked on

2018-06-01 11:23:19 - [MESSAGE][PASSED] - Object: 'Object Repository/HealthpostToCms/Page_HealthPost Store/button_Add' is clicked on

2018-06-01 11:23:19 - [TEST_STEP][PASSED] - selectOptionByIndex: All options with index in [1] are selected on object 'Object Repository/HealthpostToCms/Page_HealthPost Store/select_--Select--Schedule 1Inj'

2018-06-01 11:23:19 - [MESSAGE][PASSED] - All options with index in [1] are selected on object 'Object Repository/HealthpostToCms/Page_HealthPost Store/select_--Select--Schedule 1Inj'

2018-06-01 11:23:19 - [TEST_STEP][PASSED] - selectOptionByIndex: All options with index in [39] are selected on object 'Object Repository/HealthpostToCms/Page_HealthPost Store/select_--Select--Adernaline 0.'

2018-06-01 11:23:20 - [MESSAGE][PASSED] - All options with index in [39] are selected on object 'Object Repository/HealthpostToCms/Page_HealthPost Store/select_--Select--Adernaline 0.'

2018-06-01 11:23:20 - [TEST_STEP][PASSED] - setText: Text '100' is set on object 'Object Repository/HealthpostToCms/Page_HealthPost Store/input_txttreat'

2018-06-01 11:23:20 - [MESSAGE][PASSED] - Text '100' is set on object 'Object Repository/HealthpostToCms/Page_HealthPost Store/input_txttreat'

2018-06-01 11:23:20 - [TEST_STEP][PASSED] - click: Object: 'Object Repository/HealthpostToCms/Page_HealthPost Store/button_Add' is clicked on

2018-06-01 11:23:20 - [MESSAGE][PASSED] - Object: 'Object Repository/HealthpostToCms/Page_HealthPost Store/button_Add' is clicked on

2018-06-01 11:23:20 - [TEST_STEP][PASSED] - selectOptionByIndex: All options with index in [1] are selected on object 'Object Repository/HealthpostToCms/Page_HealthPost Store/select_--Select--Schedule 1Inj'

2018-06-01 11:23:20 - [MESSAGE][PASSED] - All options with index in [1] are selected on object 'Object Repository/HealthpostToCms/Page_HealthPost Store/select_--Select--Schedule 1Inj'

2018-06-01 11:23:20 - [TEST_STEP][PASSED] - selectOptionByIndex: All options with index in [40] are selected on object 'Object Repository/HealthpostToCms/Page_HealthPost Store/select_--Select--Adernaline 0.'

2018-06-01 11:23:21 - [MESSAGE][PASSED] - All options with index in [40] are selected on object 'Object Repository/HealthpostToCms/Page_HealthPost Store/select_--Select--Adernaline 0.'

2018-06-01 11:23:21 - [TEST_STEP][PASSED] - setText: Text '100' is set on object 'Object Repository/HealthpostToCms/Page_HealthPost Store/input_txttreat'

2018-06-01 11:23:21 - [MESSAGE][PASSED] - Text '100' is set on object 'Object Repository/HealthpostToCms/Page_HealthPost Store/input_txttreat'

2018-06-01 11:23:21 - [TEST_STEP][PASSED] - click: Object: 'Object Repository/HealthpostToCms/Page_HealthPost Store/button_Add' is clicked on

2018-06-01 11:23:21 - [MESSAGE][PASSED] - Object: 'Object Repository/HealthpostToCms/Page_HealthPost Store/button_Add' is clicked on

2018-06-01 11:23:21 - [TEST_STEP][PASSED] - selectOptionByIndex: All options with index in [1] are selected on object 'Object Repository/HealthpostToCms/Page_HealthPost Store/select_--Select--Schedule 1Inj'

2018-06-01 11:23:21 - [MESSAGE][PASSED] - All options with index in [1] are selected on object 'Object Repository/HealthpostToCms/Page_HealthPost Store/select_--Select--Schedule 1Inj'

2018-06-01 11:23:21 - [TEST_STEP][PASSED] - selectOptionByIndex: All options with index in [41] are selected on object 'Object Repository/HealthpostToCms/Page_HealthPost Store/select_--Select--Adernaline 0.'

2018-06-01 11:23:22 - [MESSAGE][PASSED] - All options with index in [41] are selected on object 'Object Repository/HealthpostToCms/Page_HealthPost Store/select_--Select--Adernaline 0.'

2018-06-01 11:23:22 - [TEST_STEP][PASSED] - setText: Text '100' is set on object 'Object Repository/HealthpostToCms/Page_HealthPost Store/input_txttreat'

2018-06-01 11:23:22 - [MESSAGE][PASSED] - Text '100' is set on object 'Object Repository/HealthpostToCms/Page_HealthPost Store/input_txttreat'

2018-06-01 11:23:22 - [TEST_STEP][PASSED] - click: Object: 'Object Repository/HealthpostToCms/Page_HealthPost Store/button_Add' is clicked on

2018-06-01 11:23:22 - [MESSAGE][PASSED] - Object: 'Object Repository/HealthpostToCms/Page_HealthPost Store/button_Add' is clicked on

2018-06-01 11:23:22 - [TEST_STEP][PASSED] - selectOptionByIndex: All options with index in [1] are selected on object 'Object Repository/HealthpostToCms/Page_HealthPost Store/select_--Select--Schedule 1Inj'

2018-06-01 11:23:22 - [MESSAGE][PASSED] - All options with index in [1] are selected on object 'Object Repository/HealthpostToCms/Page_HealthPost Store/select_--Select--Schedule 1Inj'

2018-06-01 11:23:22 - [TEST_STEP][PASSED] - selectOptionByIndex: All options with index in [42] are selected on object 'Object Repository/HealthpostToCms/Page_HealthPost Store/select_--Select--Adernaline 0.'

2018-06-01 11:23:23 - [MESSAGE][PASSED] - All options with index in [42] are selected on object 'Object Repository/HealthpostToCms/Page_HealthPost Store/select_--Select--Adernaline 0.'

2018-06-01 11:23:23 - [TEST_STEP][PASSED] - setText: Text '100' is set on object 'Object Repository/HealthpostToCms/Page_HealthPost Store/input_txttreat'

2018-06-01 11:23:23 - [MESSAGE][PASSED] - Text '100' is set on object 'Object Repository/HealthpostToCms/Page_HealthPost Store/input_txttreat'

2018-06-01 11:23:23 - [TEST_STEP][PASSED] - click: Object: 'Object Repository/HealthpostToCms/Page_HealthPost Store/button_Add' is clicked on

2018-06-01 11:23:23 - [MESSAGE][PASSED] - Object: 'Object Repository/HealthpostToCms/Page_HealthPost Store/button_Add' is clicked on

2018-06-01 11:23:23 - [TEST_STEP][PASSED] - selectOptionByIndex: All options with index in [1] are selected on object 'Object Repository/HealthpostToCms/Page_HealthPost Store/select_--Select--Schedule 1Inj'

2018-06-01 11:23:23 - [MESSAGE][PASSED] - All options with index in [1] are selected on object 'Object Repository/HealthpostToCms/Page_HealthPost Store/select_--Select--Schedule 1Inj'

2018-06-01 11:23:23 - [TEST_STEP][PASSED] - selectOptionByIndex: All options with index in [43] are selected on object 'Object Repository/HealthpostToCms/Page_HealthPost Store/select_--Select--Adernaline 0.'

2018-06-01 11:23:24 - [MESSAGE][PASSED] - All options with index in [43] are selected on object 'Object Repository/HealthpostToCms/Page_HealthPost Store/select_--Select--Adernaline 0.'

2018-06-01 11:23:24 - [TEST_STEP][PASSED] - setText: Text '100' is set on object 'Object Repository/HealthpostToCms/Page_HealthPost Store/input_txttreat'

2018-06-01 11:23:24 - [MESSAGE][PASSED] - Text '100' is set on object 'Object Repository/HealthpostToCms/Page_HealthPost Store/input_txttreat'

2018-06-01 11:23:24 - [TEST_STEP][PASSED] - click: Object: 'Object Repository/HealthpostToCms/Page_HealthPost Store/button_Add' is clicked on

2018-06-01 11:23:24 - [MESSAGE][PASSED] - Object: 'Object Repository/HealthpostToCms/Page_HealthPost Store/button_Add' is clicked on

2018-06-01 11:23:24 - [TEST_STEP][PASSED] - selectOptionByIndex: All options with index in [1] are selected on object 'Object Repository/HealthpostToCms/Page_HealthPost Store/select_--Select--Schedule 1Inj'

2018-06-01 11:23:24 - [MESSAGE][PASSED] - All options with index in [1] are selected on object 'Object Repository/HealthpostToCms/Page_HealthPost Store/select_--Select--Schedule 1Inj'

2018-06-01 11:23:24 - [TEST_STEP][PASSED] - selectOptionByIndex: All options with index in [44] are selected on object 'Object Repository/HealthpostToCms/Page_HealthPost Store/select_--Select--Adernaline 0.'

2018-06-01 11:23:25 - [MESSAGE][PASSED] - All options with index in [44] are selected on object 'Object Repository/HealthpostToCms/Page_HealthPost Store/select_--Select--Adernaline 0.'

2018-06-01 11:23:25 - [TEST_STEP][PASSED] - setText: Text '100' is set on object 'Object Repository/HealthpostToCms/Page_HealthPost Store/input_txttreat'

2018-06-01 11:23:25 - [MESSAGE][PASSED] - Text '100' is set on object 'Object Repository/HealthpostToCms/Page_HealthPost Store/input_txttreat'

2018-06-01 11:23:25 - [TEST_STEP][PASSED] - click: Object: 'Object Repository/HealthpostToCms/Page_HealthPost Store/button_Add' is clicked on

2018-06-01 11:23:25 - [MESSAGE][PASSED] - Object: 'Object Repository/HealthpostToCms/Page_HealthPost Store/button_Add' is clicked on

2018-06-01 11:23:25 - [TEST_STEP][PASSED] - selectOptionByIndex: All options with index in [1] are selected on object 'Object Repository/HealthpostToCms/Page_HealthPost Store/select_--Select--Schedule 1Inj'

2018-06-01 11:23:25 - [MESSAGE][PASSED] - All options with index in [1] are selected on object 'Object Repository/HealthpostToCms/Page_HealthPost Store/select_--Select--Schedule 1Inj'

2018-06-01 11:23:25 - [TEST_STEP][PASSED] - selectOptionByIndex: All options with index in [45] are selected on object 'Object Repository/HealthpostToCms/Page_HealthPost Store/select_--Select--Adernaline 0.'

2018-06-01 11:23:26 - [MESSAGE][PASSED] - All options with index in [45] are selected on object 'Object Repository/HealthpostToCms/Page_HealthPost Store/select_--Select--Adernaline 0.'

2018-06-01 11:23:26 - [TEST_STEP][PASSED] - setText: Text '100' is set on object 'Object Repository/HealthpostToCms/Page_HealthPost Store/input_txttreat'

2018-06-01 11:23:26 - [MESSAGE][PASSED] - Text '100' is set on object 'Object Repository/HealthpostToCms/Page_HealthPost Store/input_txttreat'

2018-06-01 11:23:26 - [TEST_STEP][PASSED] - click: Object: 'Object Repository/HealthpostToCms/Page_HealthPost Store/button_Add' is clicked on

2018-06-01 11:23:26 - [MESSAGE][PASSED] - Object: 'Object Repository/HealthpostToCms/Page_HealthPost Store/button_Add' is clicked on

2018-06-01 11:23:26 - [TEST_STEP][PASSED] - selectOptionByIndex: All options with index in [1] are selected on object 'Object Repository/HealthpostToCms/Page_HealthPost Store/select_--Select--Schedule 1Inj'

2018-06-01 11:23:26 - [MESSAGE][PASSED] - All options with index in [1] are selected on object 'Object Repository/HealthpostToCms/Page_HealthPost Store/select_--Select--Schedule 1Inj'

2018-06-01 11:23:26 - [TEST_STEP][PASSED] - selectOptionByIndex: All options with index in [46] are selected on object 'Object Repository/HealthpostToCms/Page_HealthPost Store/select_--Select--Adernaline 0.'

2018-06-01 11:23:27 - [MESSAGE][PASSED] - All options with index in [46] are selected on object 'Object Repository/HealthpostToCms/Page_HealthPost Store/select_--Select--Adernaline 0.'

2018-06-01 11:23:27 - [TEST_STEP][PASSED] - setText: Text '100' is set on object 'Object Repository/HealthpostToCms/Page_HealthPost Store/input_txttreat'

2018-06-01 11:23:27 - [MESSAGE][PASSED] - Text '100' is set on object 'Object Repository/HealthpostToCms/Page_HealthPost Store/input_txttreat'

2018-06-01 11:23:27 - [TEST_STEP][PASSED] - click: Object: 'Object Repository/HealthpostToCms/Page_HealthPost Store/button_Add' is clicked on

2018-06-01 11:23:27 - [MESSAGE][PASSED] - Object: 'Object Repository/HealthpostToCms/Page_HealthPost Store/button_Add' is clicked on

2018-06-01 11:23:27 - [TEST_STEP][PASSED] - selectOptionByIndex: All options with index in [1] are selected on object 'Object Repository/HealthpostToCms/Page_HealthPost Store/select_--Select--Schedule 1Inj'

2018-06-01 11:23:27 - [MESSAGE][PASSED] - All options with index in [1] are selected on object 'Object Repository/HealthpostToCms/Page_HealthPost Store/select_--Select--Schedule 1Inj'

2018-06-01 11:23:27 - [TEST_STEP][PASSED] - selectOptionByIndex: All options with index in [47] are selected on object 'Object Repository/HealthpostToCms/Page_HealthPost Store/select_--Select--Adernaline 0.'

2018-06-01 11:23:28 - [MESSAGE][PASSED] - All options with index in [47] are selected on object 'Object Repository/HealthpostToCms/Page_HealthPost Store/select_--Select--Adernaline 0.'

2018-06-01 11:23:28 - [TEST_STEP][PASSED] - setText: Text '100' is set on object 'Object Repository/HealthpostToCms/Page_HealthPost Store/input_txttreat'

2018-06-01 11:23:28 - [MESSAGE][PASSED] - Text '100' is set on object 'Object Repository/HealthpostToCms/Page_HealthPost Store/input_txttreat'

2018-06-01 11:23:28 - [TEST_STEP][PASSED] - click: Object: 'Object Repository/HealthpostToCms/Page_HealthPost Store/button_Add' is clicked on

2018-06-01 11:23:28 - [MESSAGE][PASSED] - Object: 'Object Repository/HealthpostToCms/Page_HealthPost Store/button_Add' is clicked on

2018-06-01 11:23:28 - [TEST_STEP][PASSED] - selectOptionByIndex: All options with index in [1] are selected on object 'Object Repository/HealthpostToCms/Page_HealthPost Store/select_--Select--Schedule 1Inj'

2018-06-01 11:23:28 - [MESSAGE][PASSED] - All options with index in [1] are selected on object 'Object Repository/HealthpostToCms/Page_HealthPost Store/select_--Select--Schedule 1Inj'

2018-06-01 11:23:28 - [TEST_STEP][PASSED] - selectOptionByIndex: All options with index in [48] are selected on object 'Object Repository/HealthpostToCms/Page_HealthPost Store/select_--Select--Adernaline 0.'

2018-06-01 11:23:29 - [MESSAGE][PASSED] - All options with index in [48] are selected on object 'Object Repository/HealthpostToCms/Page_HealthPost Store/select_--Select--Adernaline 0.'

2018-06-01 11:23:29 - [TEST_STEP][PASSED] - setText: Text '100' is set on object 'Object Repository/HealthpostToCms/Page_HealthPost Store/input_txttreat'

2018-06-01 11:23:29 - [MESSAGE][PASSED] - Text '100' is set on object 'Object Repository/HealthpostToCms/Page_HealthPost Store/input_txttreat'

2018-06-01 11:23:29 - [TEST_STEP][PASSED] - click: Object: 'Object Repository/HealthpostToCms/Page_HealthPost Store/button_Add' is clicked on

2018-06-01 11:23:29 - [MESSAGE][PASSED] - Object: 'Object Repository/HealthpostToCms/Page_HealthPost Store/button_Add' is clicked on

2018-06-01 11:23:29 - [TEST_STEP][PASSED] - selectOptionByIndex: All options with index in [1] are selected on object 'Object Repository/HealthpostToCms/Page_HealthPost Store/select_--Select--Schedule 1Inj'

2018-06-01 11:23:29 - [MESSAGE][PASSED] - All options with index in [1] are selected on object 'Object Repository/HealthpostToCms/Page_HealthPost Store/select_--Select--Schedule 1Inj'

2018-06-01 11:23:29 - [TEST_STEP][PASSED] - selectOptionByIndex: All options with index in [49] are selected on object 'Object Repository/HealthpostToCms/Page_HealthPost Store/select_--Select--Adernaline 0.'

2018-06-01 11:23:30 - [MESSAGE][PASSED] - All options with index in [49] are selected on object 'Object Repository/HealthpostToCms/Page_HealthPost Store/select_--Select--Adernaline 0.'

2018-06-01 11:23:30 - [TEST_STEP][PASSED] - setText: Text '100' is set on object 'Object Repository/HealthpostToCms/Page_HealthPost Store/input_txttreat'

2018-06-01 11:23:30 - [MESSAGE][PASSED] - Text '100' is set on object 'Object Repository/HealthpostToCms/Page_HealthPost Store/input_txttreat'

2018-06-01 11:23:30 - [TEST_STEP][PASSED] - click: Object: 'Object Repository/HealthpostToCms/Page_HealthPost Store/button_Add' is clicked on

2018-06-01 11:23:30 - [MESSAGE][PASSED] - Object: 'Object Repository/HealthpostToCms/Page_HealthPost Store/button_Add' is clicked on

2018-06-01 11:23:30 - [TEST_STEP][PASSED] - selectOptionByIndex: All options with index in [1] are selected on object 'Object Repository/HealthpostToCms/Page_HealthPost Store/select_--Select--Schedule 1Inj'

2018-06-01 11:23:30 - [MESSAGE][PASSED] - All options with index in [1] are selected on object 'Object Repository/HealthpostToCms/Page_HealthPost Store/select_--Select--Schedule 1Inj'

2018-06-01 11:23:30 - [TEST_STEP][PASSED] - selectOptionByIndex: All options with index in [50] are selected on object 'Object Repository/HealthpostToCms/Page_HealthPost Store/select_--Select--Adernaline 0.'

2018-06-01 11:23:31 - [MESSAGE][PASSED] - All options with index in [50] are selected on object 'Object Repository/HealthpostToCms/Page_HealthPost Store/select_--Select--Adernaline 0.'

2018-06-01 11:23:31 - [TEST_STEP][PASSED] - setText: Text '100' is set on object 'Object Repository/HealthpostToCms/Page_HealthPost Store/input_txttreat'

2018-06-01 11:23:31 - [MESSAGE][PASSED] - Text '100' is set on object 'Object Repository/HealthpostToCms/Page_HealthPost Store/input_txttreat'

2018-06-01 11:23:31 - [TEST_STEP][PASSED] - click: Object: 'Object Repository/HealthpostToCms/Page_HealthPost Store/button_Add' is clicked on

2018-06-01 11:23:31 - [MESSAGE][PASSED] - Object: 'Object Repository/HealthpostToCms/Page_HealthPost Store/button_Add' is clicked on

2018-06-01 11:23:31 - [TEST_STEP][PASSED] - selectOptionByIndex: All options with index in [1] are selected on object 'Object Repository/HealthpostToCms/Page_HealthPost Store/select_--Select--Schedule 1Inj'

2018-06-01 11:23:31 - [MESSAGE][PASSED] - All options with index in [1] are selected on object 'Object Repository/HealthpostToCms/Page_HealthPost Store/select_--Select--Schedule 1Inj'

2018-06-01 11:23:31 - [TEST_STEP][PASSED] - selectOptionByIndex: All options with index in [51] are selected on object 'Object Repository/HealthpostToCms/Page_HealthPost Store/select_--Select--Adernaline 0.'

2018-06-01 11:23:32 - [MESSAGE][PASSED] - All options with index in [51] are selected on object 'Object Repository/HealthpostToCms/Page_HealthPost Store/select_--Select--Adernaline 0.'

2018-06-01 11:23:32 - [TEST_STEP][PASSED] - setText: Text '100' is set on object 'Object Repository/HealthpostToCms/Page_HealthPost Store/input_txttreat'

2018-06-01 11:23:32 - [MESSAGE][PASSED] - Text '100' is set on object 'Object Repository/HealthpostToCms/Page_HealthPost Store/input_txttreat'

2018-06-01 11:23:32 - [TEST_STEP][PASSED] - click: Object: 'Object Repository/HealthpostToCms/Page_HealthPost Store/button_Add' is clicked on

2018-06-01 11:23:32 - [MESSAGE][PASSED] - Object: 'Object Repository/HealthpostToCms/Page_HealthPost Store/button_Add' is clicked on

2018-06-01 11:23:32 - [TEST_STEP][PASSED] - selectOptionByIndex: All options with index in [1] are selected on object 'Object Repository/HealthpostToCms/Page_HealthPost Store/select_--Select--Schedule 1Inj'

2018-06-01 11:23:32 - [MESSAGE][PASSED] - All options with index in [1] are selected on object 'Object Repository/HealthpostToCms/Page_HealthPost Store/select_--Select--Schedule 1Inj'

2018-06-01 11:23:32 - [TEST_STEP][PASSED] - selectOptionByIndex: All options with index in [52] are selected on object 'Object Repository/HealthpostToCms/Page_HealthPost Store/select_--Select--Adernaline 0.'

2018-06-01 11:23:33 - [MESSAGE][PASSED] - All options with index in [52] are selected on object 'Object Repository/HealthpostToCms/Page_HealthPost Store/select_--Select--Adernaline 0.'

2018-06-01 11:23:33 - [TEST_STEP][PASSED] - setText: Text '100' is set on object 'Object Repository/HealthpostToCms/Page_HealthPost Store/input_txttreat'

2018-06-01 11:23:33 - [MESSAGE][PASSED] - Text '100' is set on object 'Object Repository/HealthpostToCms/Page_HealthPost Store/input_txttreat'

2018-06-01 11:23:33 - [TEST_STEP][PASSED] - click: Object: 'Object Repository/HealthpostToCms/Page_HealthPost Store/button_Add' is clicked on

2018-06-01 11:23:33 - [MESSAGE][PASSED] - Object: 'Object Repository/HealthpostToCms/Page_HealthPost Store/button_Add' is clicked on

2018-06-01 11:23:33 - [TEST_STEP][PASSED] - selectOptionByIndex: All options with index in [1] are selected on object 'Object Repository/HealthpostToCms/Page_HealthPost Store/select_--Select--Schedule 1Inj'

2018-06-01 11:23:33 - [MESSAGE][PASSED] - All options with index in [1] are selected on object 'Object Repository/HealthpostToCms/Page_HealthPost Store/select_--Select--Schedule 1Inj'

2018-06-01 11:23:33 - [TEST_STEP][PASSED] - selectOptionByIndex: All options with index in [53] are selected on object 'Object Repository/HealthpostToCms/Page_HealthPost Store/select_--Select--Adernaline 0.'

2018-06-01 11:23:34 - [MESSAGE][PASSED] - All options with index in [53] are selected on object 'Object Repository/HealthpostToCms/Page_HealthPost Store/select_--Select--Adernaline 0.'

2018-06-01 11:23:34 - [TEST_STEP][PASSED] - setText: Text '100' is set on object 'Object Repository/HealthpostToCms/Page_HealthPost Store/input_txttreat'

2018-06-01 11:23:34 - [MESSAGE][PASSED] - Text '100' is set on object 'Object Repository/HealthpostToCms/Page_HealthPost Store/input_txttreat'

2018-06-01 11:23:34 - [TEST_STEP][PASSED] - click: Object: 'Object Repository/HealthpostToCms/Page_HealthPost Store/button_Add' is clicked on

2018-06-01 11:23:34 - [MESSAGE][PASSED] - Object: 'Object Repository/HealthpostToCms/Page_HealthPost Store/button_Add' is clicked on

2018-06-01 11:23:34 - [TEST_STEP][PASSED] - selectOptionByIndex: All options with index in [1] are selected on object 'Object Repository/HealthpostToCms/Page_HealthPost Store/select_--Select--Schedule 1Inj'

2018-06-01 11:23:34 - [MESSAGE][PASSED] - All options with index in [1] are selected on object 'Object Repository/HealthpostToCms/Page_HealthPost Store/select_--Select--Schedule 1Inj'

2018-06-01 11:23:34 - [TEST_STEP][PASSED] - selectOptionByIndex: All options with index in [54] are selected on object 'Object Repository/HealthpostToCms/Page_HealthPost Store/select_--Select--Adernaline 0.'

2018-06-01 11:23:35 - [MESSAGE][PASSED] - All options with index in [54] are selected on object 'Object Repository/HealthpostToCms/Page_HealthPost Store/select_--Select--Adernaline 0.'

2018-06-01 11:23:35 - [TEST_STEP][PASSED] - setText: Text '100' is set on object 'Object Repository/HealthpostToCms/Page_HealthPost Store/input_txttreat'

2018-06-01 11:23:35 - [MESSAGE][PASSED] - Text '100' is set on object 'Object Repository/HealthpostToCms/Page_HealthPost Store/input_txttreat'

2018-06-01 11:23:35 - [TEST_STEP][PASSED] - click: Object: 'Object Repository/HealthpostToCms/Page_HealthPost Store/button_Add' is clicked on

2018-06-01 11:23:35 - [MESSAGE][PASSED] - Object: 'Object Repository/HealthpostToCms/Page_HealthPost Store/button_Add' is clicked on

2018-06-01 11:23:35 - [TEST_STEP][PASSED] - selectOptionByIndex: All options with index in [1] are selected on object 'Object Repository/HealthpostToCms/Page_HealthPost Store/select_--Select--Schedule 1Inj'

2018-06-01 11:23:35 - [MESSAGE][PASSED] - All options with index in [1] are selected on object 'Object Repository/HealthpostToCms/Page_HealthPost Store/select_--Select--Schedule 1Inj'

2018-06-01 11:23:35 - [TEST_STEP][PASSED] - selectOptionByIndex: All options with index in [55] are selected on object 'Object Repository/HealthpostToCms/Page_HealthPost Store/select_--Select--Adernaline 0.'

2018-06-01 11:23:36 - [MESSAGE][PASSED] - All options with index in [55] are selected on object 'Object Repository/HealthpostToCms/Page_HealthPost Store/select_--Select--Adernaline 0.'

2018-06-01 11:23:36 - [TEST_STEP][PASSED] - setText: Text '100' is set on object 'Object Repository/HealthpostToCms/Page_HealthPost Store/input_txttreat'

2018-06-01 11:23:36 - [MESSAGE][PASSED] - Text '100' is set on object 'Object Repository/HealthpostToCms/Page_HealthPost Store/input_txttreat'

2018-06-01 11:23:36 - [TEST_STEP][PASSED] - click: Object: 'Object Repository/HealthpostToCms/Page_HealthPost Store/button_Add' is clicked on

2018-06-01 11:23:36 - [MESSAGE][PASSED] - Object: 'Object Repository/HealthpostToCms/Page_HealthPost Store/button_Add' is clicked on

2018-06-01 11:23:36 - [TEST_STEP][PASSED] - selectOptionByIndex: All options with index in [1] are selected on object 'Object Repository/HealthpostToCms/Page_HealthPost Store/select_--Select--Schedule 1Inj'

2018-06-01 11:23:36 - [MESSAGE][PASSED] - All options with index in [1] are selected on object 'Object Repository/HealthpostToCms/Page_HealthPost Store/select_--Select--Schedule 1Inj'

2018-06-01 11:23:36 - [TEST_STEP][PASSED] - selectOptionByIndex: All options with index in [56] are selected on object 'Object Repository/HealthpostToCms/Page_HealthPost Store/select_--Select--Adernaline 0.'

2018-06-01 11:23:37 - [MESSAGE][PASSED] - All options with index in [56] are selected on object 'Object Repository/HealthpostToCms/Page_HealthPost Store/select_--Select--Adernaline 0.'

2018-06-01 11:23:37 - [TEST_STEP][PASSED] - setText: Text '100' is set on object 'Object Repository/HealthpostToCms/Page_HealthPost Store/input_txttreat'

2018-06-01 11:23:37 - [MESSAGE][PASSED] - Text '100' is set on object 'Object Repository/HealthpostToCms/Page_HealthPost Store/input_txttreat'

2018-06-01 11:23:37 - [TEST_STEP][PASSED] - click: Object: 'Object Repository/HealthpostToCms/Page_HealthPost Store/button_Add' is clicked on

2018-06-01 11:23:37 - [MESSAGE][PASSED] - Object: 'Object Repository/HealthpostToCms/Page_HealthPost Store/button_Add' is clicked on

2018-06-01 11:23:37 - [TEST_STEP][PASSED] - selectOptionByIndex: All options with index in [1] are selected on object 'Object Repository/HealthpostToCms/Page_HealthPost Store/select_--Select--Schedule 1Inj'

2018-06-01 11:23:37 - [MESSAGE][PASSED] - All options with index in [1] are selected on object 'Object Repository/HealthpostToCms/Page_HealthPost Store/select_--Select--Schedule 1Inj'

2018-06-01 11:23:37 - [TEST_STEP][PASSED] - selectOptionByIndex: All options with index in [57] are selected on object 'Object Repository/HealthpostToCms/Page_HealthPost Store/select_--Select--Adernaline 0.'

2018-06-01 11:23:38 - [MESSAGE][PASSED] - All options with index in [57] are selected on object 'Object Repository/HealthpostToCms/Page_HealthPost Store/select_--Select--Adernaline 0.'

2018-06-01 11:23:38 - [TEST_STEP][PASSED] - setText: Text '100' is set on object 'Object Repository/HealthpostToCms/Page_HealthPost Store/input_txttreat'

2018-06-01 11:23:38 - [MESSAGE][PASSED] - Text '100' is set on object 'Object Repository/HealthpostToCms/Page_HealthPost Store/input_txttreat'

2018-06-01 11:23:38 - [TEST_STEP][PASSED] - click: Object: 'Object Repository/HealthpostToCms/Page_HealthPost Store/button_Add' is clicked on

2018-06-01 11:23:38 - [MESSAGE][PASSED] - Object: 'Object Repository/HealthpostToCms/Page_HealthPost Store/button_Add' is clicked on

2018-06-01 11:23:38 - [TEST_STEP][PASSED] - selectOptionByIndex: All options with index in [1] are selected on object 'Object Repository/HealthpostToCms/Page_HealthPost Store/select_--Select--Schedule 1Inj'

2018-06-01 11:23:38 - [MESSAGE][PASSED] - All options with index in [1] are selected on object 'Object Repository/HealthpostToCms/Page_HealthPost Store/select_--Select--Schedule 1Inj'

2018-06-01 11:23:38 - [TEST_STEP][PASSED] - selectOptionByIndex: All options with index in [58] are selected on object 'Object Repository/HealthpostToCms/Page_HealthPost Store/select_--Select--Adernaline 0.'

2018-06-01 11:23:39 - [MESSAGE][PASSED] - All options with index in [58] are selected on object 'Object Repository/HealthpostToCms/Page_HealthPost Store/select_--Select--Adernaline 0.'

2018-06-01 11:23:39 - [TEST_STEP][PASSED] - setText: Text '100' is set on object 'Object Repository/HealthpostToCms/Page_HealthPost Store/input_txttreat'

2018-06-01 11:23:39 - [MESSAGE][PASSED] - Text '100' is set on object 'Object Repository/HealthpostToCms/Page_HealthPost Store/input_txttreat'

2018-06-01 11:23:39 - [TEST_STEP][PASSED] - click: Object: 'Object Repository/HealthpostToCms/Page_HealthPost Store/button_Add' is clicked on

2018-06-01 11:23:39 - [MESSAGE][PASSED] - Object: 'Object Repository/HealthpostToCms/Page_HealthPost Store/button_Add' is clicked on

2018-06-01 11:23:39 - [TEST_STEP][PASSED] - selectOptionByIndex: All options with index in [1] are selected on object 'Object Repository/HealthpostToCms/Page_HealthPost Store/select_--Select--Schedule 1Inj'

2018-06-01 11:23:40 - [MESSAGE][PASSED] - All options with index in [1] are selected on object 'Object Repository/HealthpostToCms/Page_HealthPost Store/select_--Select--Schedule 1Inj'

2018-06-01 11:23:40 - [TEST_STEP][PASSED] - selectOptionByIndex: All options with index in [59] are selected on object 'Object Repository/HealthpostToCms/Page_HealthPost Store/select_--Select--Adernaline 0.'

2018-06-01 11:23:40 - [MESSAGE][PASSED] - All options with index in [59] are selected on object 'Object Repository/HealthpostToCms/Page_HealthPost Store/select_--Select--Adernaline 0.'

2018-06-01 11:23:40 - [TEST_STEP][PASSED] - setText: Text '100' is set on object 'Object Repository/HealthpostToCms/Page_HealthPost Store/input_txttreat'

2018-06-01 11:23:40 - [MESSAGE][PASSED] - Text '100' is set on object 'Object Repository/HealthpostToCms/Page_HealthPost Store/input_txttreat'

2018-06-01 11:23:40 - [TEST_STEP][PASSED] - click: Object: 'Object Repository/HealthpostToCms/Page_HealthPost Store/button_Add' is clicked on

2018-06-01 11:23:40 - [MESSAGE][PASSED] - Object: 'Object Repository/HealthpostToCms/Page_HealthPost Store/button_Add' is clicked on

2018-06-01 11:23:40 - [TEST_STEP][PASSED] - selectOptionByIndex: All options with index in [1] are selected on object 'Object Repository/HealthpostToCms/Page_HealthPost Store/select_--Select--Schedule 1Inj'

2018-06-01 11:23:41 - [MESSAGE][PASSED] - All options with index in [1] are selected on object 'Object Repository/HealthpostToCms/Page_HealthPost Store/select_--Select--Schedule 1Inj'

2018-06-01 11:23:41 - [TEST_STEP][PASSED] - selectOptionByIndex: All options with index in [60] are selected on object 'Object Repository/HealthpostToCms/Page_HealthPost Store/select_--Select--Adernaline 0.'

2018-06-01 11:23:41 - [MESSAGE][PASSED] - All options with index in [60] are selected on object 'Object Repository/HealthpostToCms/Page_HealthPost Store/select_--Select--Adernaline 0.'

2018-06-01 11:23:41 - [TEST_STEP][PASSED] - setText: Text '100' is set on object 'Object Repository/HealthpostToCms/Page_HealthPost Store/input_txttreat'

2018-06-01 11:23:41 - [MESSAGE][PASSED] - Text '100' is set on object 'Object Repository/HealthpostToCms/Page_HealthPost Store/input_txttreat'

2018-06-01 11:23:41 - [TEST_STEP][PASSED] - click: Object: 'Object Repository/HealthpostToCms/Page_HealthPost Store/button_Add' is clicked on

2018-06-01 11:23:42 - [MESSAGE][PASSED] - Object: 'Object Repository/HealthpostToCms/Page_HealthPost Store/button_Add' is clicked on

2018-06-01 11:23:42 - [TEST_STEP][PASSED] - selectOptionByIndex: All options with index in [1] are selected on object 'Object Repository/HealthpostToCms/Page_HealthPost Store/select_--Select--Schedule 1Inj'

2018-06-01 11:23:42 - [MESSAGE][PASSED] - All options with index in [1] are selected on object 'Object Repository/HealthpostToCms/Page_HealthPost Store/select_--Select--Schedule 1Inj'

2018-06-01 11:23:42 - [TEST_STEP][PASSED] - selectOptionByIndex: All options with index in [61] are selected on object 'Object Repository/HealthpostToCms/Page_HealthPost Store/select_--Select--Adernaline 0.'

2018-06-01 11:23:43 - [MESSAGE][PASSED] - All options with index in [61] are selected on object 'Object Repository/HealthpostToCms/Page_HealthPost Store/select_--Select--Adernaline 0.'

2018-06-01 11:23:43 - [TEST_STEP][PASSED] - setText: Text '100' is set on object 'Object Repository/HealthpostToCms/Page_HealthPost Store/input_txttreat'

2018-06-01 11:23:43 - [MESSAGE][PASSED] - Text '100' is set on object 'Object Repository/HealthpostToCms/Page_HealthPost Store/input_txttreat'

2018-06-01 11:23:43 - [TEST_STEP][PASSED] - click: Object: 'Object Repository/HealthpostToCms/Page_HealthPost Store/button_Add' is clicked on

2018-06-01 11:23:43 - [MESSAGE][PASSED] - Object: 'Object Repository/HealthpostToCms/Page_HealthPost Store/button_Add' is clicked on

2018-06-01 11:23:43 - [TEST_STEP][PASSED] - selectOptionByIndex: All options with index in [1] are selected on object 'Object Repository/HealthpostToCms/Page_HealthPost Store/select_--Select--Schedule 1Inj'

2018-06-01 11:23:43 - [MESSAGE][PASSED] - All options with index in [1] are selected on object 'Object Repository/HealthpostToCms/Page_HealthPost Store/select_--Select--Schedule 1Inj'

2018-06-01 11:23:43 - [TEST_STEP][PASSED] - selectOptionByIndex: All options with index in [62] are selected on object 'Object Repository/HealthpostToCms/Page_HealthPost Store/select_--Select--Adernaline 0.'

2018-06-01 11:23:44 - [MESSAGE][PASSED] - All options with index in [62] are selected on object 'Object Repository/HealthpostToCms/Page_HealthPost Store/select_--Select--Adernaline 0.'

2018-06-01 11:23:44 - [TEST_STEP][PASSED] - setText: Text '100' is set on object 'Object Repository/HealthpostToCms/Page_HealthPost Store/input_txttreat'

2018-06-01 11:23:44 - [MESSAGE][PASSED] - Text '100' is set on object 'Object Repository/HealthpostToCms/Page_HealthPost Store/input_txttreat'

2018-06-01 11:23:44 - [TEST_STEP][PASSED] - click: Object: 'Object Repository/HealthpostToCms/Page_HealthPost Store/button_Add' is clicked on

2018-06-01 11:23:44 - [MESSAGE][PASSED] - Object: 'Object Repository/HealthpostToCms/Page_HealthPost Store/button_Add' is clicked on

2018-06-01 11:23:44 - [TEST_STEP][PASSED] - scrollToElement: Scroll to object 'Object Repository/HealthpostToCms/Page_HealthPost Store/input_btnsave' successfully

2018-06-01 11:23:44 - [MESSAGE][PASSED] - Scroll to object 'Object Repository/HealthpostToCms/Page_HealthPost Store/input_btnsave' successfully

2018-06-01 11:23:44 - [TEST_STEP][PASSED] - click: Object: 'Object Repository/HealthpostToCms/Page_HealthPost Store/input_btnsave' is clicked on

2018-06-01 11:23:44 - [MESSAGE][PASSED] - Object: 'Object Repository/HealthpostToCms/Page_HealthPost Store/input_btnsave' is clicked on

2018-06-01 11:23:44 - [TEST_STEP][PASSED] - delay: Delayed 3 second(s)

2018-06-01 11:23:47 - [MESSAGE][PASSED] - Delayed 3 second(s)

2018-06-01 11:23:47 - [TEST_STEP][PASSED] - Statement - RN1 = com.kms.katalon.core.webui.keyword.WebUiBuiltInKeywords.getText(com.kms.katalon.core.testobject.ObjectRepository.findTestObject(HealthpostToCms/Page_HealthPost Store/font_PRNO18052018174)): Text of object 'Object Repository/HealthpostToCms/Page_HealthPost Store/font_PRNO18052018174' is: 'PRNO/01062018/528'

2018-06-01 11:23:47 - [MESSAGE][PASSED] - Text of object 'Object Repository/HealthpostToCms/Page_HealthPost Store/font_PRNO18052018174' is: 'PRNO/01062018/528'

2018-06-01 11:23:47 - [TEST_STEP][PASSED] - Statement - out.println(RN1): null

2018-06-01 11:23:47 - [TEST_STEP][PASSED] - Statement - RID = RN1.split("/")[2]: null

2018-06-01 11:23:47 - [TEST_STEP][PASSED] - click: Object: 'Object Repository/HealthpostToCms/Page_HealthPost Store/button_OK' is clicked on

2018-06-01 11:23:48 - [MESSAGE][PASSED] - Object: 'Object Repository/HealthpostToCms/Page_HealthPost Store/button_OK' is clicked on

2018-06-01 11:23:48 - [TEST_STEP][PASSED] - delay: Delayed 3 second(s)

2018-06-01 11:23:51 - [MESSAGE][PASSED] - Delayed 3 second(s)

2018-06-01 11:23:51 - [TEST_STEP][PASSED] - click: Object: 'Object Repository/HealthpostToCms/Page_HealthPost Store/a_dropdown-toggle' is clicked on

2018-06-01 11:23:51 - [MESSAGE][PASSED] - Object: 'Object Repository/HealthpostToCms/Page_HealthPost Store/a_dropdown-toggle' is clicked on

2018-06-01 11:23:51 - [TEST_STEP][PASSED] - click: Object: 'Object Repository/HealthpostToCms/Page_HealthPost Store/a_Sign out' is clicked on

2018-06-01 11:23:51 - [MESSAGE][PASSED] - Object: 'Object Repository/HealthpostToCms/Page_HealthPost Store/a_Sign out' is clicked on

2018-06-01 11:23:51 - [TEST_STEP][PASSED] - delay: Delayed 3 second(s)

2018-06-01 11:23:54 - [MESSAGE][PASSED] - Delayed 3 second(s)

2018-06-01 11:23:54 - [TEST_STEP][PASSED] - navigateToUrl: Navigate to 'http://192.168.137.1/multihospital_new/' successfully

2018-06-01 11:23:55 - [MESSAGE][PASSED] - Navigate to 'http://192.168.137.1/multihospital_new/' successfully

2018-06-01 11:23:55 - [TEST_STEP][PASSED] - click: Object: 'Object Repository/HealthpostToCms/Page_KDMC/a_CMO' is clicked on

2018-06-01 11:23:56 - [MESSAGE][PASSED] - Object: 'Object Repository/HealthpostToCms/Page_KDMC/a_CMO' is clicked on

2018-06-01 11:23:56 - [TEST_STEP][PASSED] - setText: Text 'guru' is set on object 'Object Repository/HealthpostToCms/Page_CMO login/input_txtusername'

2018-06-01 11:23:57 - [MESSAGE][PASSED] - Text 'guru' is set on object 'Object Repository/HealthpostToCms/Page_CMO login/input_txtusername'

2018-06-01 11:23:57 - [TEST_STEP][PASSED] - setText: Text '123' is set on object 'Object Repository/HealthpostToCms/Page_CMO login/input_txtpassword'

2018-06-01 11:23:57 - [MESSAGE][PASSED] - Text '123' is set on object 'Object Repository/HealthpostToCms/Page_CMO login/input_txtpassword'

2018-06-01 11:23:57 - [TEST_STEP][PASSED] - delay: Delayed 3 second(s)

2018-06-01 11:24:00 - [MESSAGE][PASSED] - Delayed 3 second(s)

2018-06-01 11:24:00 - [TEST_STEP][PASSED] - click: Object: 'Object Repository/HealthpostToCms/Page_CMO login/button_Sign in' is clicked on

2018-06-01 11:24:01 - [MESSAGE][PASSED] - Object: 'Object Repository/HealthpostToCms/Page_CMO login/button_Sign in' is clicked on

2018-06-01 11:24:01 - [TEST_STEP][PASSED] - delay: Delayed 3 second(s)

2018-06-01 11:24:04 - [MESSAGE][PASSED] - Delayed 3 second(s)

2018-06-01 11:24:04 - [TEST_STEP][PASSED] - click: Object: 'Object Repository/HealthpostToCms/Page_KDMC - CMO/a_CMS Request' is clicked on

2018-06-01 11:24:04 - [MESSAGE][PASSED] - Object: 'Object Repository/HealthpostToCms/Page_KDMC - CMO/a_CMS Request' is clicked on

2018-06-01 11:24:04 - [TEST_STEP][PASSED] - delay: Delayed 2 second(s)

2018-06-01 11:24:06 - [MESSAGE][PASSED] - Delayed 2 second(s)

2018-06-01 11:24:06 - [TEST_STEP][PASSED] - click: Object: 'Object Repository/HealthpostToCms/Page_KDMC - CMO/a_Healthpost Store Request' is clicked on

2018-06-01 11:24:07 - [MESSAGE][PASSED] - Object: 'Object Repository/HealthpostToCms/Page_KDMC - CMO/a_Healthpost Store Request' is clicked on

2018-06-01 11:24:07 - [TEST_STEP][PASSED] - selectOptionByIndex: All options with index in [1] are selected on object 'Object Repository/HealthpostToCms/Page_KDMC - CMO/select_--ALL--'

2018-06-01 11:24:07 - [MESSAGE][PASSED] - All options with index in [1] are selected on object 'Object Repository/HealthpostToCms/Page_KDMC - CMO/select_--ALL--'

2018-06-01 11:24:07 - [TEST_STEP][PASSED] - click: Object: 'Object Repository/HealthpostToCms/Page_KDMC - CMO/input_btnsearch' is clicked on

2018-06-01 11:24:08 - [MESSAGE][PASSED] - Object: 'Object Repository/HealthpostToCms/Page_KDMC - CMO/input_btnsearch' is clicked on

2018-06-01 11:24:08 - [TEST_STEP][PASSED] - Statement - ID = com.kms.katalon.core.webui.keyword.WebUiBuiltInKeywords.modifyObjectProperty(com.kms.katalon.core.testobject.ObjectRepository.findTestObject(lab/Page_KDMC - CMO/input_1), "xpath", "equals", "//*[@id=" + RID + "]", true): Modify property of object successfully

2018-06-01 11:24:08 - [MESSAGE][PASSED] - Modify property of object successfully

2018-06-01 11:24:08 - [TEST_STEP][PASSED] - click: Object: 'Object Repository/lab/Page_KDMC - CMO/input_1' is clicked on

2018-06-01 11:24:08 - [MESSAGE][PASSED] - Object: 'Object Repository/lab/Page_KDMC - CMO/input_1' is clicked on

2018-06-01 11:24:08 - [TEST_STEP][PASSED] - delay: Delayed 2 second(s)

2018-06-01 11:24:10 - [MESSAGE][PASSED] - Delayed 2 second(s)

2018-06-01 11:24:10 - [TEST_STEP][PASSED] - selectOptionByIndex: All options with index in [1] are selected on object 'Object Repository/HealthpostToCms/Page_KDMC - CMO/select_--Select--'

2018-06-01 11:24:10 - [MESSAGE][PASSED] - All options with index in [1] are selected on object 'Object Repository/HealthpostToCms/Page_KDMC - CMO/select_--Select--'

2018-06-01 11:24:10 - [TEST_STEP][PASSED] - click: Object: 'Object Repository/HealthpostToCms/Page_KDMC - CMO/input_btnupdate' is clicked on

2018-06-01 11:24:10 - [MESSAGE][PASSED] - Object: 'Object Repository/HealthpostToCms/Page_KDMC - CMO/input_btnupdate' is clicked on

2018-06-01 11:24:10 - [TEST_STEP][PASSED] - delay: Delayed 2 second(s)

2018-06-01 11:24:12 - [MESSAGE][PASSED] - Delayed 2 second(s)

2018-06-01 11:24:12 - [TEST_STEP][PASSED] - click: Object: 'Object Repository/HealthpostToCms/Page_KDMC - CMO/button_OK' is clicked on

2018-06-01 11:24:13 - [MESSAGE][PASSED] - Object: 'Object Repository/HealthpostToCms/Page_KDMC - CMO/button_OK' is clicked on

2018-06-01 11:24:13 - [TEST_STEP][PASSED] - delay: Delayed 3 second(s)

2018-06-01 11:24:16 - [MESSAGE][PASSED] - Delayed 3 second(s)

2018-06-01 11:24:16 - [TEST_STEP][PASSED] - click: Object: 'Object Repository/HealthpostToCms/Page_KDMC - CMO/a_dropdown-toggle' is clicked on

2018-06-01 11:24:16 - [MESSAGE][PASSED] - Object: 'Object Repository/HealthpostToCms/Page_KDMC - CMO/a_dropdown-toggle' is clicked on

2018-06-01 11:24:16 - [TEST_STEP][PASSED] - click: Object: 'Object Repository/HealthpostToCms/Page_KDMC - CMO/a_Sign out' is clicked on

2018-06-01 11:24:17 - [MESSAGE][PASSED] - Object: 'Object Repository/HealthpostToCms/Page_KDMC - CMO/a_Sign out' is clicked on

2018-06-01 11:24:17 - [TEST_STEP][PASSED] - delay: Delayed 3 second(s)

2018-06-01 11:24:20 - [MESSAGE][PASSED] - Delayed 3 second(s)

2018-06-01 11:24:20 - [TEST_STEP][PASSED] - click: Object: 'Object Repository/HealthpostToCms/Page_KDMC/a_CMS' is clicked on

2018-06-01 11:24:20 - [MESSAGE][PASSED] - Object: 'Object Repository/HealthpostToCms/Page_KDMC/a_CMS' is clicked on

2018-06-01 11:24:20 - [TEST_STEP][PASSED] - setText: Text 'bala' is set on object 'Object Repository/HealthpostToCms/Page_CMS login/input_txtusername'

2018-06-01 11:24:20 - [MESSAGE][PASSED] - Text 'bala' is set on object 'Object Repository/HealthpostToCms/Page_CMS login/input_txtusername'

2018-06-01 11:24:20 - [TEST_STEP][PASSED] - setText: Text '123' is set on object 'Object Repository/HealthpostToCms/Page_CMS login/input_txtpassword'

2018-06-01 11:24:20 - [MESSAGE][PASSED] - Text '123' is set on object 'Object Repository/HealthpostToCms/Page_CMS login/input_txtpassword'

2018-06-01 11:24:20 - [TEST_STEP][PASSED] - delay: Delayed 3 second(s)

2018-06-01 11:24:23 - [MESSAGE][PASSED] - Delayed 3 second(s)

2018-06-01 11:24:23 - [TEST_STEP][PASSED] - click: Object: 'Object Repository/HealthpostToCms/Page_CMS login/button_Sign in' is clicked on

2018-06-01 11:24:24 - [MESSAGE][PASSED] - Object: 'Object Repository/HealthpostToCms/Page_CMS login/button_Sign in' is clicked on

2018-06-01 11:24:24 - [TEST_STEP][PASSED] - delay: Delayed 3 second(s)

2018-06-01 11:24:27 - [MESSAGE][PASSED] - Delayed 3 second(s)

2018-06-01 11:24:27 - [TEST_STEP][PASSED] - click: Object: 'Object Repository/HealthpostToCms/Page_KDMC - CMS/a_Divisional Store' is clicked on

2018-06-01 11:24:27 - [MESSAGE][PASSED] - Object: 'Object Repository/HealthpostToCms/Page_KDMC - CMS/a_Divisional Store' is clicked on

2018-06-01 11:24:27 - [TEST_STEP][PASSED] - delay: Delayed 2 second(s)

2018-06-01 11:24:29 - [MESSAGE][PASSED] - Delayed 2 second(s)

2018-06-01 11:24:29 - [TEST_STEP][PASSED] - click: Object: 'Object Repository/HealthpostToCms/Page_KDMC - CMS/a_Dispatch Items' is clicked on

2018-06-01 11:24:29 - [MESSAGE][PASSED] - Object: 'Object Repository/HealthpostToCms/Page_KDMC - CMS/a_Dispatch Items' is clicked on

2018-06-01 11:24:29 - [TEST_STEP][PASSED] - delay: Delayed 2 second(s)

2018-06-01 11:24:31 - [MESSAGE][PASSED] - Delayed 2 second(s)

2018-06-01 11:24:31 - [TEST_STEP][PASSED] - setText: Text 'PRNO/01062018/528' is set on object 'Object Repository/HealthpostToCms/Page_KDMC - CMS/input'

2018-06-01 11:24:32 - [MESSAGE][PASSED] - Text 'PRNO/01062018/528' is set on object 'Object Repository/HealthpostToCms/Page_KDMC - CMS/input'

2018-06-01 11:24:32 - [TEST_STEP][PASSED] - click: Object: 'Object Repository/HealthpostToCms/Page_KDMC - CMS/input_PRNO18052018174' is clicked on

2018-06-01 11:24:32 - [MESSAGE][PASSED] - Object: 'Object Repository/HealthpostToCms/Page_KDMC - CMS/input_PRNO18052018174' is clicked on

2018-06-01 11:24:32 - [TEST_STEP][PASSED] - delay: Delayed 3 second(s)

2018-06-01 11:24:35 - [MESSAGE][PASSED] - Delayed 3 second(s)

2018-06-01 11:24:35 - [TEST_STEP][PASSED] - Statement - out.println("Length : " + medicineslength): null

2018-06-01 11:24:35 - [TEST_STEP][PASSED] - Statement - For ([row = 0, row < medicineslength - 1, (row++)]): null

2018-06-01 11:24:35 - [TEST_STEP][PASSED] - Statement - batchlength = new com.kms.katalon.core.testobject.TestObject(): null

2018-06-01 11:24:35 - [TEST_STEP][PASSED] - Statement - batchlength = com.kms.katalon.core.webui.keyword.WebUiBuiltInKeywords.modifyObjectProperty(batchlength, "xpath", "equals", "//*[@id = "fldvendor" + row + ""]", true): Modify property of object successfully

2018-06-01 11:24:35 - [MESSAGE][PASSED] - Modify property of object successfully

2018-06-01 11:24:35 - [TEST_STEP][PASSED] - Statement - batchsize = com.kms.katalon.core.webui.keyword.WebUiBuiltInKeywords.getNumberOfTotalOption(batchlength): 13 options of object '' counted

2018-06-01 11:24:35 - [MESSAGE][PASSED] - 13 options of object '' counted

2018-06-01 11:24:35 - [TEST_STEP][PASSED] - Statement - out.println("BatchSize : " + batchsize): null

2018-06-01 11:24:35 - [TEST_STEP][PASSED] - Statement - For ([n = 1, n <= batchsize - 1, (n++)]): null

2018-06-01 11:24:35 - [TEST_STEP][PASSED] - Statement - product = new com.kms.katalon.core.testobject.TestObject(): null

2018-06-01 11:24:35 - [TEST_STEP][PASSED] - Statement - product = com.kms.katalon.core.webui.keyword.WebUiBuiltInKeywords.modifyObjectProperty(product, "xpath", "equals", "//*[@id = "fldvendor" + row + ""]", true): Modify property of object successfully

2018-06-01 11:24:35 - [MESSAGE][PASSED] - Modify property of object successfully

2018-06-01 11:24:35 - [TEST_STEP][PASSED] - selectOptionByIndex: All options with index in [1] are selected on object ''

2018-06-01 11:24:35 - [MESSAGE][PASSED] - All options with index in [1] are selected on object ''

2018-06-01 11:24:35 - [TEST_STEP][PASSED] - Statement - batch = new com.kms.katalon.core.testobject.TestObject(): null

2018-06-01 11:24:35 - [TEST_STEP][PASSED] - Statement - batch = com.kms.katalon.core.webui.keyword.WebUiBuiltInKeywords.modifyObjectProperty(batch, "xpath", "equals", "//*[@id = "txtbthqty" + row + ""]", true): Modify property of object successfully

2018-06-01 11:24:35 - [MESSAGE][PASSED] - Modify property of object successfully

2018-06-01 11:24:35 - [TEST_STEP][PASSED] - Statement - batchqty = com.kms.katalon.core.webui.keyword.WebUiBuiltInKeywords.getAttribute(batch, "value").trim(): Attribute 'value' of object '' is: '2990'

2018-06-01 11:24:35 - [MESSAGE][PASSED] - Attribute 'value' of object '' is: '2990'

2018-06-01 11:24:35 - [TEST_STEP][PASSED] - Statement - Rqty = 100: null

2018-06-01 11:24:35 - [TEST_STEP][PASSED] - delay: Delayed 2 second(s)

2018-06-01 11:24:37 - [MESSAGE][PASSED] - Delayed 2 second(s)

2018-06-01 11:24:37 - [TEST_STEP][PASSED] - Statement - out.println("BatchQty : " + batchqty): null

2018-06-01 11:24:37 - [TEST_STEP][PASSED] - Statement - out.println("RQty : " + Rqty): null

2018-06-01 11:24:37 - [TEST_STEP][PASSED] - Statement - If (java.lang.Integer.valueOf(batchqty) >= java.lang.Integer.valueOf(Rqty)): null

2018-06-01 11:24:37 - [TEST_STEP][PASSED] - Statement - Break: null

2018-06-01 11:24:37 - [TEST_STEP][PASSED] - Statement - batchlength = new com.kms.katalon.core.testobject.TestObject(): null

2018-06-01 11:24:37 - [TEST_STEP][PASSED] - Statement - batchlength = com.kms.katalon.core.webui.keyword.WebUiBuiltInKeywords.modifyObjectProperty(batchlength, "xpath", "equals", "//*[@id = "fldvendor" + row + ""]", true): Modify property of object successfully

2018-06-01 11:24:37 - [MESSAGE][PASSED] - Modify property of object successfully

2018-06-01 11:24:37 - [TEST_STEP][PASSED] - Statement - batchsize = com.kms.katalon.core.webui.keyword.WebUiBuiltInKeywords.getNumberOfTotalOption(batchlength): 14 options of object '' counted

2018-06-01 11:24:37 - [MESSAGE][PASSED] - 14 options of object '' counted

2018-06-01 11:24:37 - [TEST_STEP][PASSED] - Statement - out.println("BatchSize : " + batchsize): null

2018-06-01 11:24:37 - [TEST_STEP][PASSED] - Statement - For ([n = 1, n <= batchsize - 1, (n++)]): null

2018-06-01 11:24:37 - [TEST_STEP][PASSED] - Statement - product = new com.kms.katalon.core.testobject.TestObject(): null

2018-06-01 11:24:37 - [TEST_STEP][PASSED] - Statement - product = com.kms.katalon.core.webui.keyword.WebUiBuiltInKeywords.modifyObjectProperty(product, "xpath", "equals", "//*[@id = "fldvendor" + row + ""]", true): Modify property of object successfully

2018-06-01 11:24:37 - [MESSAGE][PASSED] - Modify property of object successfully

2018-06-01 11:24:37 - [TEST_STEP][PASSED] - selectOptionByIndex: All options with index in [1] are selected on object ''

2018-06-01 11:24:37 - [MESSAGE][PASSED] - All options with index in [1] are selected on object ''

2018-06-01 11:24:37 - [TEST_STEP][PASSED] - Statement - batch = new com.kms.katalon.core.testobject.TestObject(): null

2018-06-01 11:24:37 - [TEST_STEP][PASSED] - Statement - batch = com.kms.katalon.core.webui.keyword.WebUiBuiltInKeywords.modifyObjectProperty(batch, "xpath", "equals", "//*[@id = "txtbthqty" + row + ""]", true): Modify property of object successfully

2018-06-01 11:24:37 - [MESSAGE][PASSED] - Modify property of object successfully

2018-06-01 11:24:37 - [TEST_STEP][PASSED] - Statement - batchqty = com.kms.katalon.core.webui.keyword.WebUiBuiltInKeywords.getAttribute(batch, "value").trim(): Attribute 'value' of object '' is: '2800'

2018-06-01 11:24:37 - [MESSAGE][PASSED] - Attribute 'value' of object '' is: '2800'

2018-06-01 11:24:37 - [TEST_STEP][PASSED] - Statement - Rqty = 100: null

2018-06-01 11:24:37 - [TEST_STEP][PASSED] - delay: Delayed 2 second(s)

2018-06-01 11:24:39 - [MESSAGE][PASSED] - Delayed 2 second(s)

2018-06-01 11:24:39 - [TEST_STEP][PASSED] - Statement - out.println("BatchQty : " + batchqty): null

2018-06-01 11:24:39 - [TEST_STEP][PASSED] - Statement - out.println("RQty : " + Rqty): null

2018-06-01 11:24:39 - [TEST_STEP][PASSED] - Statement - If (java.lang.Integer.valueOf(batchqty) >= java.lang.Integer.valueOf(Rqty)): null

2018-06-01 11:24:39 - [TEST_STEP][PASSED] - Statement - Break: null

2018-06-01 11:24:39 - [TEST_STEP][PASSED] - Statement - batchlength = new com.kms.katalon.core.testobject.TestObject(): null

2018-06-01 11:24:39 - [TEST_STEP][PASSED] - Statement - batchlength = com.kms.katalon.core.webui.keyword.WebUiBuiltInKeywords.modifyObjectProperty(batchlength, "xpath", "equals", "//*[@id = "fldvendor" + row + ""]", true): Modify property of object successfully

2018-06-01 11:24:39 - [MESSAGE][PASSED] - Modify property of object successfully

2018-06-01 11:24:39 - [TEST_STEP][PASSED] - Statement - batchsize = com.kms.katalon.core.webui.keyword.WebUiBuiltInKeywords.getNumberOfTotalOption(batchlength): 12 options of object '' counted

2018-06-01 11:24:40 - [MESSAGE][PASSED] - 12 options of object '' counted

2018-06-01 11:24:40 - [TEST_STEP][PASSED] - Statement - out.println("BatchSize : " + batchsize): null

2018-06-01 11:24:40 - [TEST_STEP][PASSED] - Statement - For ([n = 1, n <= batchsize - 1, (n++)]): null

2018-06-01 11:24:40 - [TEST_STEP][PASSED] - Statement - product = new com.kms.katalon.core.testobject.TestObject(): null

2018-06-01 11:24:40 - [TEST_STEP][PASSED] - Statement - product = com.kms.katalon.core.webui.keyword.WebUiBuiltInKeywords.modifyObjectProperty(product, "xpath", "equals", "//*[@id = "fldvendor" + row + ""]", true): Modify property of object successfully

2018-06-01 11:24:40 - [MESSAGE][PASSED] - Modify property of object successfully

2018-06-01 11:24:40 - [TEST_STEP][PASSED] - selectOptionByIndex: All options with index in [1] are selected on object ''

2018-06-01 11:24:40 - [MESSAGE][PASSED] - All options with index in [1] are selected on object ''

2018-06-01 11:24:40 - [TEST_STEP][PASSED] - Statement - batch = new com.kms.katalon.core.testobject.TestObject(): null

2018-06-01 11:24:40 - [TEST_STEP][PASSED] - Statement - batch = com.kms.katalon.core.webui.keyword.WebUiBuiltInKeywords.modifyObjectProperty(batch, "xpath", "equals", "//*[@id = "txtbthqty" + row + ""]", true): Modify property of object successfully

2018-06-01 11:24:40 - [MESSAGE][PASSED] - Modify property of object successfully

2018-06-01 11:24:40 - [TEST_STEP][PASSED] - Statement - batchqty = com.kms.katalon.core.webui.keyword.WebUiBuiltInKeywords.getAttribute(batch, "value").trim(): Attribute 'value' of object '' is: '4000'

2018-06-01 11:24:40 - [MESSAGE][PASSED] - Attribute 'value' of object '' is: '4000'

2018-06-01 11:24:40 - [TEST_STEP][PASSED] - Statement - Rqty = 100: null

2018-06-01 11:24:40 - [TEST_STEP][PASSED] - delay: Delayed 2 second(s)

2018-06-01 11:24:42 - [MESSAGE][PASSED] - Delayed 2 second(s)

2018-06-01 11:24:42 - [TEST_STEP][PASSED] - Statement - out.println("BatchQty : " + batchqty): null

2018-06-01 11:24:42 - [TEST_STEP][PASSED] - Statement - out.println("RQty : " + Rqty): null

2018-06-01 11:24:42 - [TEST_STEP][PASSED] - Statement - If (java.lang.Integer.valueOf(batchqty) >= java.lang.Integer.valueOf(Rqty)): null

2018-06-01 11:24:42 - [TEST_STEP][PASSED] - Statement - Break: null

2018-06-01 11:24:42 - [TEST_STEP][PASSED] - Statement - batchlength = new com.kms.katalon.core.testobject.TestObject(): null

2018-06-01 11:24:42 - [TEST_STEP][PASSED] - Statement - batchlength = com.kms.katalon.core.webui.keyword.WebUiBuiltInKeywords.modifyObjectProperty(batchlength, "xpath", "equals", "//*[@id = "fldvendor" + row + ""]", true): Modify property of object successfully

2018-06-01 11:24:42 - [MESSAGE][PASSED] - Modify property of object successfully

2018-06-01 11:24:42 - [TEST_STEP][PASSED] - Statement - batchsize = com.kms.katalon.core.webui.keyword.WebUiBuiltInKeywords.getNumberOfTotalOption(batchlength): 12 options of object '' counted

2018-06-01 11:24:42 - [MESSAGE][PASSED] - 12 options of object '' counted

2018-06-01 11:24:42 - [TEST_STEP][PASSED] - Statement - out.println("BatchSize : " + batchsize): null

2018-06-01 11:24:42 - [TEST_STEP][PASSED] - Statement - For ([n = 1, n <= batchsize - 1, (n++)]): null

2018-06-01 11:24:42 - [TEST_STEP][PASSED] - Statement - product = new com.kms.katalon.core.testobject.TestObject(): null

2018-06-01 11:24:42 - [TEST_STEP][PASSED] - Statement - product = com.kms.katalon.core.webui.keyword.WebUiBuiltInKeywords.modifyObjectProperty(product, "xpath", "equals", "//*[@id = "fldvendor" + row + ""]", true): Modify property of object successfully

2018-06-01 11:24:42 - [MESSAGE][PASSED] - Modify property of object successfully

2018-06-01 11:24:42 - [TEST_STEP][PASSED] - selectOptionByIndex: All options with index in [1] are selected on object ''

2018-06-01 11:24:42 - [MESSAGE][PASSED] - All options with index in [1] are selected on object ''

2018-06-01 11:24:42 - [TEST_STEP][PASSED] - Statement - batch = new com.kms.katalon.core.testobject.TestObject(): null

2018-06-01 11:24:42 - [TEST_STEP][PASSED] - Statement - batch = com.kms.katalon.core.webui.keyword.WebUiBuiltInKeywords.modifyObjectProperty(batch, "xpath", "equals", "//*[@id = "txtbthqty" + row + ""]", true): Modify property of object successfully

2018-06-01 11:24:42 - [MESSAGE][PASSED] - Modify property of object successfully

2018-06-01 11:24:42 - [TEST_STEP][PASSED] - Statement - batchqty = com.kms.katalon.core.webui.keyword.WebUiBuiltInKeywords.getAttribute(batch, "value").trim(): Attribute 'value' of object '' is: '4000'

2018-06-01 11:24:42 - [MESSAGE][PASSED] - Attribute 'value' of object '' is: '4000'

2018-06-01 11:24:42 - [TEST_STEP][PASSED] - Statement - Rqty = 100: null

2018-06-01 11:24:42 - [TEST_STEP][PASSED] - delay: Delayed 2 second(s)

2018-06-01 11:24:44 - [MESSAGE][PASSED] - Delayed 2 second(s)

2018-06-01 11:24:44 - [TEST_STEP][PASSED] - Statement - out.println("BatchQty : " + batchqty): null

2018-06-01 11:24:44 - [TEST_STEP][PASSED] - Statement - out.println("RQty : " + Rqty): null

2018-06-01 11:24:44 - [TEST_STEP][PASSED] - Statement - If (java.lang.Integer.valueOf(batchqty) >= java.lang.Integer.valueOf(Rqty)): null

2018-06-01 11:24:44 - [TEST_STEP][PASSED] - Statement - Break: null

2018-06-01 11:24:44 - [TEST_STEP][PASSED] - Statement - batchlength = new com.kms.katalon.core.testobject.TestObject(): null

2018-06-01 11:24:44 - [TEST_STEP][PASSED] - Statement - batchlength = com.kms.katalon.core.webui.keyword.WebUiBuiltInKeywords.modifyObjectProperty(batchlength, "xpath", "equals", "//*[@id = "fldvendor" + row + ""]", true): Modify property of object successfully

2018-06-01 11:24:44 - [MESSAGE][PASSED] - Modify property of object successfully

2018-06-01 11:24:44 - [TEST_STEP][PASSED] - Statement - batchsize = com.kms.katalon.core.webui.keyword.WebUiBuiltInKeywords.getNumberOfTotalOption(batchlength): 12 options of object '' counted

2018-06-01 11:24:44 - [MESSAGE][PASSED] - 12 options of object '' counted

2018-06-01 11:24:44 - [TEST_STEP][PASSED] - Statement - out.println("BatchSize : " + batchsize): null

2018-06-01 11:24:44 - [TEST_STEP][PASSED] - Statement - For ([n = 1, n <= batchsize - 1, (n++)]): null

2018-06-01 11:24:44 - [TEST_STEP][PASSED] - Statement - product = new com.kms.katalon.core.testobject.TestObject(): null

2018-06-01 11:24:44 - [TEST_STEP][PASSED] - Statement - product = com.kms.katalon.core.webui.keyword.WebUiBuiltInKeywords.modifyObjectProperty(product, "xpath", "equals", "//*[@id = "fldvendor" + row + ""]", true): Modify property of object successfully

2018-06-01 11:24:44 - [MESSAGE][PASSED] - Modify property of object successfully

2018-06-01 11:24:44 - [TEST_STEP][PASSED] - selectOptionByIndex: All options with index in [1] are selected on object ''

2018-06-01 11:24:44 - [MESSAGE][PASSED] - All options with index in [1] are selected on object ''

2018-06-01 11:24:44 - [TEST_STEP][PASSED] - Statement - batch = new com.kms.katalon.core.testobject.TestObject(): null

2018-06-01 11:24:44 - [TEST_STEP][PASSED] - Statement - batch = com.kms.katalon.core.webui.keyword.WebUiBuiltInKeywords.modifyObjectProperty(batch, "xpath", "equals", "//*[@id = "txtbthqty" + row + ""]", true): Modify property of object successfully

2018-06-01 11:24:44 - [MESSAGE][PASSED] - Modify property of object successfully

2018-06-01 11:24:44 - [TEST_STEP][PASSED] - Statement - batchqty = com.kms.katalon.core.webui.keyword.WebUiBuiltInKeywords.getAttribute(batch, "value").trim(): Attribute 'value' of object '' is: '4600'

2018-06-01 11:24:44 - [MESSAGE][PASSED] - Attribute 'value' of object '' is: '4600'

2018-06-01 11:24:44 - [TEST_STEP][PASSED] - Statement - Rqty = 100: null

2018-06-01 11:24:44 - [TEST_STEP][PASSED] - delay: Delayed 2 second(s)

2018-06-01 11:24:46 - [MESSAGE][PASSED] - Delayed 2 second(s)

2018-06-01 11:24:46 - [TEST_STEP][PASSED] - Statement - out.println("BatchQty : " + batchqty): null

2018-06-01 11:24:46 - [TEST_STEP][PASSED] - Statement - out.println("RQty : " + Rqty): null

2018-06-01 11:24:46 - [TEST_STEP][PASSED] - Statement - If (java.lang.Integer.valueOf(batchqty) >= java.lang.Integer.valueOf(Rqty)): null

2018-06-01 11:24:46 - [TEST_STEP][PASSED] - Statement - Break: null

2018-06-01 11:24:46 - [TEST_STEP][PASSED] - Statement - batchlength = new com.kms.katalon.core.testobject.TestObject(): null

2018-06-01 11:24:46 - [TEST_STEP][PASSED] - Statement - batchlength = com.kms.katalon.core.webui.keyword.WebUiBuiltInKeywords.modifyObjectProperty(batchlength, "xpath", "equals", "//*[@id = "fldvendor" + row + ""]", true): Modify property of object successfully

2018-06-01 11:24:46 - [MESSAGE][PASSED] - Modify property of object successfully

2018-06-01 11:24:46 - [TEST_STEP][PASSED] - Statement - batchsize = com.kms.katalon.core.webui.keyword.WebUiBuiltInKeywords.getNumberOfTotalOption(batchlength): 12 options of object '' counted

2018-06-01 11:24:46 - [MESSAGE][PASSED] - 12 options of object '' counted

2018-06-01 11:24:46 - [TEST_STEP][PASSED] - Statement - out.println("BatchSize : " + batchsize): null

2018-06-01 11:24:46 - [TEST_STEP][PASSED] - Statement - For ([n = 1, n <= batchsize - 1, (n++)]): null

2018-06-01 11:24:46 - [TEST_STEP][PASSED] - Statement - product = new com.kms.katalon.core.testobject.TestObject(): null

2018-06-01 11:24:46 - [TEST_STEP][PASSED] - Statement - product = com.kms.katalon.core.webui.keyword.WebUiBuiltInKeywords.modifyObjectProperty(product, "xpath", "equals", "//*[@id = "fldvendor" + row + ""]", true): Modify property of object successfully

2018-06-01 11:24:46 - [MESSAGE][PASSED] - Modify property of object successfully

2018-06-01 11:24:46 - [TEST_STEP][PASSED] - selectOptionByIndex: All options with index in [1] are selected on object ''

2018-06-01 11:24:47 - [MESSAGE][PASSED] - All options with index in [1] are selected on object ''

2018-06-01 11:24:47 - [TEST_STEP][PASSED] - Statement - batch = new com.kms.katalon.core.testobject.TestObject(): null

2018-06-01 11:24:47 - [TEST_STEP][PASSED] - Statement - batch = com.kms.katalon.core.webui.keyword.WebUiBuiltInKeywords.modifyObjectProperty(batch, "xpath", "equals", "//*[@id = "txtbthqty" + row + ""]", true): Modify property of object successfully

2018-06-01 11:24:47 - [MESSAGE][PASSED] - Modify property of object successfully

2018-06-01 11:24:47 - [TEST_STEP][PASSED] - Statement - batchqty = com.kms.katalon.core.webui.keyword.WebUiBuiltInKeywords.getAttribute(batch, "value").trim(): Attribute 'value' of object '' is: '4100'

2018-06-01 11:24:47 - [MESSAGE][PASSED] - Attribute 'value' of object '' is: '4100'

2018-06-01 11:24:47 - [TEST_STEP][PASSED] - Statement - Rqty = 100: null

2018-06-01 11:24:47 - [TEST_STEP][PASSED] - delay: Delayed 2 second(s)

2018-06-01 11:24:49 - [MESSAGE][PASSED] - Delayed 2 second(s)

2018-06-01 11:24:49 - [TEST_STEP][PASSED] - Statement - out.println("BatchQty : " + batchqty): null

2018-06-01 11:24:49 - [TEST_STEP][PASSED] - Statement - out.println("RQty : " + Rqty): null

2018-06-01 11:24:49 - [TEST_STEP][PASSED] - Statement - If (java.lang.Integer.valueOf(batchqty) >= java.lang.Integer.valueOf(Rqty)): null

2018-06-01 11:24:49 - [TEST_STEP][PASSED] - Statement - Break: null

2018-06-01 11:24:49 - [TEST_STEP][PASSED] - Statement - batchlength = new com.kms.katalon.core.testobject.TestObject(): null

2018-06-01 11:24:49 - [TEST_STEP][PASSED] - Statement - batchlength = com.kms.katalon.core.webui.keyword.WebUiBuiltInKeywords.modifyObjectProperty(batchlength, "xpath", "equals", "//*[@id = "fldvendor" + row + ""]", true): Modify property of object successfully

2018-06-01 11:24:49 - [MESSAGE][PASSED] - Modify property of object successfully

2018-06-01 11:24:49 - [TEST_STEP][PASSED] - Statement - batchsize = com.kms.katalon.core.webui.keyword.WebUiBuiltInKeywords.getNumberOfTotalOption(batchlength): 11 options of object '' counted

2018-06-01 11:24:49 - [MESSAGE][PASSED] - 11 options of object '' counted

2018-06-01 11:24:49 - [TEST_STEP][PASSED] - Statement - out.println("BatchSize : " + batchsize): null

2018-06-01 11:24:49 - [TEST_STEP][PASSED] - Statement - For ([n = 1, n <= batchsize - 1, (n++)]): null

2018-06-01 11:24:49 - [TEST_STEP][PASSED] - Statement - product = new com.kms.katalon.core.testobject.TestObject(): null

2018-06-01 11:24:49 - [TEST_STEP][PASSED] - Statement - product = com.kms.katalon.core.webui.keyword.WebUiBuiltInKeywords.modifyObjectProperty(product, "xpath", "equals", "//*[@id = "fldvendor" + row + ""]", true): Modify property of object successfully

2018-06-01 11:24:49 - [MESSAGE][PASSED] - Modify property of object successfully

2018-06-01 11:24:49 - [TEST_STEP][PASSED] - selectOptionByIndex: All options with index in [1] are selected on object ''

2018-06-01 11:24:49 - [MESSAGE][PASSED] - All options with index in [1] are selected on object ''

2018-06-01 11:24:49 - [TEST_STEP][PASSED] - Statement - batch = new com.kms.katalon.core.testobject.TestObject(): null

2018-06-01 11:24:49 - [TEST_STEP][PASSED] - Statement - batch = com.kms.katalon.core.webui.keyword.WebUiBuiltInKeywords.modifyObjectProperty(batch, "xpath", "equals", "//*[@id = "txtbthqty" + row + ""]", true): Modify property of object successfully

2018-06-01 11:24:49 - [MESSAGE][PASSED] - Modify property of object successfully

2018-06-01 11:24:49 - [TEST_STEP][PASSED] - Statement - batchqty = com.kms.katalon.core.webui.keyword.WebUiBuiltInKeywords.getAttribute(batch, "value").trim(): Attribute 'value' of object '' is: '4600'

2018-06-01 11:24:49 - [MESSAGE][PASSED] - Attribute 'value' of object '' is: '4600'

2018-06-01 11:24:49 - [TEST_STEP][PASSED] - Statement - Rqty = 100: null

2018-06-01 11:24:49 - [TEST_STEP][PASSED] - delay: Delayed 2 second(s)

2018-06-01 11:24:51 - [MESSAGE][PASSED] - Delayed 2 second(s)

2018-06-01 11:24:51 - [TEST_STEP][PASSED] - Statement - out.println("BatchQty : " + batchqty): null

2018-06-01 11:24:51 - [TEST_STEP][PASSED] - Statement - out.println("RQty : " + Rqty): null

2018-06-01 11:24:51 - [TEST_STEP][PASSED] - Statement - If (java.lang.Integer.valueOf(batchqty) >= java.lang.Integer.valueOf(Rqty)): null

2018-06-01 11:24:51 - [TEST_STEP][PASSED] - Statement - Break: null

2018-06-01 11:24:51 - [TEST_STEP][PASSED] - Statement - batchlength = new com.kms.katalon.core.testobject.TestObject(): null

2018-06-01 11:24:51 - [TEST_STEP][PASSED] - Statement - batchlength = com.kms.katalon.core.webui.keyword.WebUiBuiltInKeywords.modifyObjectProperty(batchlength, "xpath", "equals", "//*[@id = "fldvendor" + row + ""]", true): Modify property of object successfully

2018-06-01 11:24:51 - [MESSAGE][PASSED] - Modify property of object successfully

2018-06-01 11:24:51 - [TEST_STEP][PASSED] - Statement - batchsize = com.kms.katalon.core.webui.keyword.WebUiBuiltInKeywords.getNumberOfTotalOption(batchlength): 11 options of object '' counted

2018-06-01 11:24:51 - [MESSAGE][PASSED] - 11 options of object '' counted

2018-06-01 11:24:51 - [TEST_STEP][PASSED] - Statement - out.println("BatchSize : " + batchsize): null

2018-06-01 11:24:51 - [TEST_STEP][PASSED] - Statement - For ([n = 1, n <= batchsize - 1, (n++)]): null

2018-06-01 11:24:51 - [TEST_STEP][PASSED] - Statement - product = new com.kms.katalon.core.testobject.TestObject(): null

2018-06-01 11:24:51 - [TEST_STEP][PASSED] - Statement - product = com.kms.katalon.core.webui.keyword.WebUiBuiltInKeywords.modifyObjectProperty(product, "xpath", "equals", "//*[@id = "fldvendor" + row + ""]", true): Modify property of object successfully

2018-06-01 11:24:51 - [MESSAGE][PASSED] - Modify property of object successfully

2018-06-01 11:24:51 - [TEST_STEP][PASSED] - selectOptionByIndex: All options with index in [1] are selected on object ''

2018-06-01 11:24:51 - [MESSAGE][PASSED] - All options with index in [1] are selected on object ''

2018-06-01 11:24:51 - [TEST_STEP][PASSED] - Statement - batch = new com.kms.katalon.core.testobject.TestObject(): null

2018-06-01 11:24:51 - [TEST_STEP][PASSED] - Statement - batch = com.kms.katalon.core.webui.keyword.WebUiBuiltInKeywords.modifyObjectProperty(batch, "xpath", "equals", "//*[@id = "txtbthqty" + row + ""]", true): Modify property of object successfully

2018-06-01 11:24:51 - [MESSAGE][PASSED] - Modify property of object successfully

2018-06-01 11:24:51 - [TEST_STEP][PASSED] - Statement - batchqty = com.kms.katalon.core.webui.keyword.WebUiBuiltInKeywords.getAttribute(batch, "value").trim(): Attribute 'value' of object '' is: '4600'

2018-06-01 11:24:51 - [MESSAGE][PASSED] - Attribute 'value' of object '' is: '4600'

2018-06-01 11:24:51 - [TEST_STEP][PASSED] - Statement - Rqty = 100: null

2018-06-01 11:24:51 - [TEST_STEP][PASSED] - delay: Delayed 2 second(s)

2018-06-01 11:24:53 - [MESSAGE][PASSED] - Delayed 2 second(s)

2018-06-01 11:24:53 - [TEST_STEP][PASSED] - Statement - out.println("BatchQty : " + batchqty): null

2018-06-01 11:24:53 - [TEST_STEP][PASSED] - Statement - out.println("RQty : " + Rqty): null

2018-06-01 11:24:53 - [TEST_STEP][PASSED] - Statement - If (java.lang.Integer.valueOf(batchqty) >= java.lang.Integer.valueOf(Rqty)): null

2018-06-01 11:24:53 - [TEST_STEP][PASSED] - Statement - Break: null

2018-06-01 11:24:53 - [TEST_STEP][PASSED] - Statement - batchlength = new com.kms.katalon.core.testobject.TestObject(): null

2018-06-01 11:24:53 - [TEST_STEP][PASSED] - Statement - batchlength = com.kms.katalon.core.webui.keyword.WebUiBuiltInKeywords.modifyObjectProperty(batchlength, "xpath", "equals", "//*[@id = "fldvendor" + row + ""]", true): Modify property of object successfully

2018-06-01 11:24:53 - [MESSAGE][PASSED] - Modify property of object successfully

2018-06-01 11:24:53 - [TEST_STEP][PASSED] - Statement - batchsize = com.kms.katalon.core.webui.keyword.WebUiBuiltInKeywords.getNumberOfTotalOption(batchlength): 12 options of object '' counted

2018-06-01 11:24:53 - [MESSAGE][PASSED] - 12 options of object '' counted

2018-06-01 11:24:53 - [TEST_STEP][PASSED] - Statement - out.println("BatchSize : " + batchsize): null

2018-06-01 11:24:53 - [TEST_STEP][PASSED] - Statement - For ([n = 1, n <= batchsize - 1, (n++)]): null

2018-06-01 11:24:53 - [TEST_STEP][PASSED] - Statement - product = new com.kms.katalon.core.testobject.TestObject(): null

2018-06-01 11:24:53 - [TEST_STEP][PASSED] - Statement - product = com.kms.katalon.core.webui.keyword.WebUiBuiltInKeywords.modifyObjectProperty(product, "xpath", "equals", "//*[@id = "fldvendor" + row + ""]", true): Modify property of object successfully

2018-06-01 11:24:53 - [MESSAGE][PASSED] - Modify property of object successfully

2018-06-01 11:24:53 - [TEST_STEP][PASSED] - selectOptionByIndex: All options with index in [1] are selected on object ''

2018-06-01 11:24:53 - [MESSAGE][PASSED] - All options with index in [1] are selected on object ''

2018-06-01 11:24:53 - [TEST_STEP][PASSED] - Statement - batch = new com.kms.katalon.core.testobject.TestObject(): null

2018-06-01 11:24:53 - [TEST_STEP][PASSED] - Statement - batch = com.kms.katalon.core.webui.keyword.WebUiBuiltInKeywords.modifyObjectProperty(batch, "xpath", "equals", "//*[@id = "txtbthqty" + row + ""]", true): Modify property of object successfully

2018-06-01 11:24:53 - [MESSAGE][PASSED] - Modify property of object successfully

2018-06-01 11:24:53 - [TEST_STEP][PASSED] - Statement - batchqty = com.kms.katalon.core.webui.keyword.WebUiBuiltInKeywords.getAttribute(batch, "value").trim(): Attribute 'value' of object '' is: '4100'

2018-06-01 11:24:54 - [MESSAGE][PASSED] - Attribute 'value' of object '' is: '4100'

2018-06-01 11:24:54 - [TEST_STEP][PASSED] - Statement - Rqty = 100: null

2018-06-01 11:24:54 - [TEST_STEP][PASSED] - delay: Delayed 2 second(s)

2018-06-01 11:24:56 - [MESSAGE][PASSED] - Delayed 2 second(s)

2018-06-01 11:24:56 - [TEST_STEP][PASSED] - Statement - out.println("BatchQty : " + batchqty): null

2018-06-01 11:24:56 - [TEST_STEP][PASSED] - Statement - out.println("RQty : " + Rqty): null

2018-06-01 11:24:56 - [TEST_STEP][PASSED] - Statement - If (java.lang.Integer.valueOf(batchqty) >= java.lang.Integer.valueOf(Rqty)): null

2018-06-01 11:24:56 - [TEST_STEP][PASSED] - Statement - Break: null

2018-06-01 11:24:56 - [TEST_STEP][PASSED] - Statement - batchlength = new com.kms.katalon.core.testobject.TestObject(): null

2018-06-01 11:24:56 - [TEST_STEP][PASSED] - Statement - batchlength = com.kms.katalon.core.webui.keyword.WebUiBuiltInKeywords.modifyObjectProperty(batchlength, "xpath", "equals", "//*[@id = "fldvendor" + row + ""]", true): Modify property of object successfully

2018-06-01 11:24:56 - [MESSAGE][PASSED] - Modify property of object successfully

2018-06-01 11:24:56 - [TEST_STEP][PASSED] - Statement - batchsize = com.kms.katalon.core.webui.keyword.WebUiBuiltInKeywords.getNumberOfTotalOption(batchlength): 11 options of object '' counted

2018-06-01 11:24:56 - [MESSAGE][PASSED] - 11 options of object '' counted

2018-06-01 11:24:56 - [TEST_STEP][PASSED] - Statement - out.println("BatchSize : " + batchsize): null

2018-06-01 11:24:56 - [TEST_STEP][PASSED] - Statement - For ([n = 1, n <= batchsize - 1, (n++)]): null

2018-06-01 11:24:56 - [TEST_STEP][PASSED] - Statement - product = new com.kms.katalon.core.testobject.TestObject(): null

2018-06-01 11:24:56 - [TEST_STEP][PASSED] - Statement - product = com.kms.katalon.core.webui.keyword.WebUiBuiltInKeywords.modifyObjectProperty(product, "xpath", "equals", "//*[@id = "fldvendor" + row + ""]", true): Modify property of object successfully

2018-06-01 11:24:56 - [MESSAGE][PASSED] - Modify property of object successfully

2018-06-01 11:24:56 - [TEST_STEP][PASSED] - selectOptionByIndex: All options with index in [1] are selected on object ''

2018-06-01 11:24:56 - [MESSAGE][PASSED] - All options with index in [1] are selected on object ''

2018-06-01 11:24:56 - [TEST_STEP][PASSED] - Statement - batch = new com.kms.katalon.core.testobject.TestObject(): null

2018-06-01 11:24:56 - [TEST_STEP][PASSED] - Statement - batch = com.kms.katalon.core.webui.keyword.WebUiBuiltInKeywords.modifyObjectProperty(batch, "xpath", "equals", "//*[@id = "txtbthqty" + row + ""]", true): Modify property of object successfully

2018-06-01 11:24:56 - [MESSAGE][PASSED] - Modify property of object successfully

2018-06-01 11:24:56 - [TEST_STEP][PASSED] - Statement - batchqty = com.kms.katalon.core.webui.keyword.WebUiBuiltInKeywords.getAttribute(batch, "value").trim(): Attribute 'value' of object '' is: '4600'

2018-06-01 11:24:56 - [MESSAGE][PASSED] - Attribute 'value' of object '' is: '4600'

2018-06-01 11:24:56 - [TEST_STEP][PASSED] - Statement - Rqty = 100: null

2018-06-01 11:24:56 - [TEST_STEP][PASSED] - delay: Delayed 2 second(s)

2018-06-01 11:24:58 - [MESSAGE][PASSED] - Delayed 2 second(s)

2018-06-01 11:24:58 - [TEST_STEP][PASSED] - Statement - out.println("BatchQty : " + batchqty): null

2018-06-01 11:24:58 - [TEST_STEP][PASSED] - Statement - out.println("RQty : " + Rqty): null

2018-06-01 11:24:58 - [TEST_STEP][PASSED] - Statement - If (java.lang.Integer.valueOf(batchqty) >= java.lang.Integer.valueOf(Rqty)): null

2018-06-01 11:24:58 - [TEST_STEP][PASSED] - Statement - Break: null

2018-06-01 11:24:58 - [TEST_STEP][PASSED] - Statement - batchlength = new com.kms.katalon.core.testobject.TestObject(): null

2018-06-01 11:24:58 - [TEST_STEP][PASSED] - Statement - batchlength = com.kms.katalon.core.webui.keyword.WebUiBuiltInKeywords.modifyObjectProperty(batchlength, "xpath", "equals", "//*[@id = "fldvendor" + row + ""]", true): Modify property of object successfully

2018-06-01 11:24:58 - [MESSAGE][PASSED] - Modify property of object successfully

2018-06-01 11:24:58 - [TEST_STEP][PASSED] - Statement - batchsize = com.kms.katalon.core.webui.keyword.WebUiBuiltInKeywords.getNumberOfTotalOption(batchlength): 12 options of object '' counted

2018-06-01 11:24:58 - [MESSAGE][PASSED] - 12 options of object '' counted

2018-06-01 11:24:58 - [TEST_STEP][PASSED] - Statement - out.println("BatchSize : " + batchsize): null

2018-06-01 11:24:58 - [TEST_STEP][PASSED] - Statement - For ([n = 1, n <= batchsize - 1, (n++)]): null

2018-06-01 11:24:58 - [TEST_STEP][PASSED] - Statement - product = new com.kms.katalon.core.testobject.TestObject(): null

2018-06-01 11:24:58 - [TEST_STEP][PASSED] - Statement - product = com.kms.katalon.core.webui.keyword.WebUiBuiltInKeywords.modifyObjectProperty(product, "xpath", "equals", "//*[@id = "fldvendor" + row + ""]", true): Modify property of object successfully

2018-06-01 11:24:58 - [MESSAGE][PASSED] - Modify property of object successfully

2018-06-01 11:24:58 - [TEST_STEP][PASSED] - selectOptionByIndex: All options with index in [1] are selected on object ''

2018-06-01 11:24:58 - [MESSAGE][PASSED] - All options with index in [1] are selected on object ''

2018-06-01 11:24:58 - [TEST_STEP][PASSED] - Statement - batch = new com.kms.katalon.core.testobject.TestObject(): null

2018-06-01 11:24:58 - [TEST_STEP][PASSED] - Statement - batch = com.kms.katalon.core.webui.keyword.WebUiBuiltInKeywords.modifyObjectProperty(batch, "xpath", "equals", "//*[@id = "txtbthqty" + row + ""]", true): Modify property of object successfully

2018-06-01 11:24:58 - [MESSAGE][PASSED] - Modify property of object successfully

2018-06-01 11:24:58 - [TEST_STEP][PASSED] - Statement - batchqty = com.kms.katalon.core.webui.keyword.WebUiBuiltInKeywords.getAttribute(batch, "value").trim(): Attribute 'value' of object '' is: '3100'

2018-06-01 11:24:58 - [MESSAGE][PASSED] - Attribute 'value' of object '' is: '3100'

2018-06-01 11:24:58 - [TEST_STEP][PASSED] - Statement - Rqty = 100: null

2018-06-01 11:24:58 - [TEST_STEP][PASSED] - delay: Delayed 2 second(s)

2018-06-01 11:25:00 - [MESSAGE][PASSED] - Delayed 2 second(s)

2018-06-01 11:25:00 - [TEST_STEP][PASSED] - Statement - out.println("BatchQty : " + batchqty): null

2018-06-01 11:25:00 - [TEST_STEP][PASSED] - Statement - out.println("RQty : " + Rqty): null

2018-06-01 11:25:00 - [TEST_STEP][PASSED] - Statement - If (java.lang.Integer.valueOf(batchqty) >= java.lang.Integer.valueOf(Rqty)): null

2018-06-01 11:25:00 - [TEST_STEP][PASSED] - Statement - Break: null

2018-06-01 11:25:00 - [TEST_STEP][PASSED] - Statement - batchlength = new com.kms.katalon.core.testobject.TestObject(): null

2018-06-01 11:25:00 - [TEST_STEP][PASSED] - Statement - batchlength = com.kms.katalon.core.webui.keyword.WebUiBuiltInKeywords.modifyObjectProperty(batchlength, "xpath", "equals", "//*[@id = "fldvendor" + row + ""]", true): Modify property of object successfully

2018-06-01 11:25:00 - [MESSAGE][PASSED] - Modify property of object successfully

2018-06-01 11:25:00 - [TEST_STEP][PASSED] - Statement - batchsize = com.kms.katalon.core.webui.keyword.WebUiBuiltInKeywords.getNumberOfTotalOption(batchlength): 12 options of object '' counted

2018-06-01 11:25:00 - [MESSAGE][PASSED] - 12 options of object '' counted

2018-06-01 11:25:00 - [TEST_STEP][PASSED] - Statement - out.println("BatchSize : " + batchsize): null

2018-06-01 11:25:00 - [TEST_STEP][PASSED] - Statement - For ([n = 1, n <= batchsize - 1, (n++)]): null

2018-06-01 11:25:00 - [TEST_STEP][PASSED] - Statement - product = new com.kms.katalon.core.testobject.TestObject(): null

2018-06-01 11:25:00 - [TEST_STEP][PASSED] - Statement - product = com.kms.katalon.core.webui.keyword.WebUiBuiltInKeywords.modifyObjectProperty(product, "xpath", "equals", "//*[@id = "fldvendor" + row + ""]", true): Modify property of object successfully

2018-06-01 11:25:00 - [MESSAGE][PASSED] - Modify property of object successfully

2018-06-01 11:25:00 - [TEST_STEP][PASSED] - selectOptionByIndex: All options with index in [1] are selected on object ''

2018-06-01 11:25:00 - [MESSAGE][PASSED] - All options with index in [1] are selected on object ''

2018-06-01 11:25:00 - [TEST_STEP][PASSED] - Statement - batch = new com.kms.katalon.core.testobject.TestObject(): null

2018-06-01 11:25:00 - [TEST_STEP][PASSED] - Statement - batch = com.kms.katalon.core.webui.keyword.WebUiBuiltInKeywords.modifyObjectProperty(batch, "xpath", "equals", "//*[@id = "txtbthqty" + row + ""]", true): Modify property of object successfully

2018-06-01 11:25:00 - [MESSAGE][PASSED] - Modify property of object successfully

2018-06-01 11:25:00 - [TEST_STEP][PASSED] - Statement - batchqty = com.kms.katalon.core.webui.keyword.WebUiBuiltInKeywords.getAttribute(batch, "value").trim(): Attribute 'value' of object '' is: '37900'

2018-06-01 11:25:00 - [MESSAGE][PASSED] - Attribute 'value' of object '' is: '37900'

2018-06-01 11:25:00 - [TEST_STEP][PASSED] - Statement - Rqty = 100: null

2018-06-01 11:25:00 - [TEST_STEP][PASSED] - delay: Delayed 2 second(s)

2018-06-01 11:25:02 - [MESSAGE][PASSED] - Delayed 2 second(s)

2018-06-01 11:25:02 - [TEST_STEP][PASSED] - Statement - out.println("BatchQty : " + batchqty): null

2018-06-01 11:25:02 - [TEST_STEP][PASSED] - Statement - out.println("RQty : " + Rqty): null

2018-06-01 11:25:02 - [TEST_STEP][PASSED] - Statement - If (java.lang.Integer.valueOf(batchqty) >= java.lang.Integer.valueOf(Rqty)): null

2018-06-01 11:25:02 - [TEST_STEP][PASSED] - Statement - Break: null

2018-06-01 11:25:02 - [TEST_STEP][PASSED] - Statement - batchlength = new com.kms.katalon.core.testobject.TestObject(): null

2018-06-01 11:25:02 - [TEST_STEP][PASSED] - Statement - batchlength = com.kms.katalon.core.webui.keyword.WebUiBuiltInKeywords.modifyObjectProperty(batchlength, "xpath", "equals", "//*[@id = "fldvendor" + row + ""]", true): Modify property of object successfully

2018-06-01 11:25:02 - [MESSAGE][PASSED] - Modify property of object successfully

2018-06-01 11:25:02 - [TEST_STEP][PASSED] - Statement - batchsize = com.kms.katalon.core.webui.keyword.WebUiBuiltInKeywords.getNumberOfTotalOption(batchlength): 12 options of object '' counted

2018-06-01 11:25:02 - [MESSAGE][PASSED] - 12 options of object '' counted

2018-06-01 11:25:02 - [TEST_STEP][PASSED] - Statement - out.println("BatchSize : " + batchsize): null

2018-06-01 11:25:02 - [TEST_STEP][PASSED] - Statement - For ([n = 1, n <= batchsize - 1, (n++)]): null

2018-06-01 11:25:02 - [TEST_STEP][PASSED] - Statement - product = new com.kms.katalon.core.testobject.TestObject(): null

2018-06-01 11:25:02 - [TEST_STEP][PASSED] - Statement - product = com.kms.katalon.core.webui.keyword.WebUiBuiltInKeywords.modifyObjectProperty(product, "xpath", "equals", "//*[@id = "fldvendor" + row + ""]", true): Modify property of object successfully

2018-06-01 11:25:02 - [MESSAGE][PASSED] - Modify property of object successfully

2018-06-01 11:25:02 - [TEST_STEP][PASSED] - selectOptionByIndex: All options with index in [1] are selected on object ''

2018-06-01 11:25:03 - [MESSAGE][PASSED] - All options with index in [1] are selected on object ''

2018-06-01 11:25:03 - [TEST_STEP][PASSED] - Statement - batch = new com.kms.katalon.core.testobject.TestObject(): null

2018-06-01 11:25:03 - [TEST_STEP][PASSED] - Statement - batch = com.kms.katalon.core.webui.keyword.WebUiBuiltInKeywords.modifyObjectProperty(batch, "xpath", "equals", "//*[@id = "txtbthqty" + row + ""]", true): Modify property of object successfully

2018-06-01 11:25:03 - [MESSAGE][PASSED] - Modify property of object successfully

2018-06-01 11:25:03 - [TEST_STEP][PASSED] - Statement - batchqty = com.kms.katalon.core.webui.keyword.WebUiBuiltInKeywords.getAttribute(batch, "value").trim(): Attribute 'value' of object '' is: '4100'

2018-06-01 11:25:03 - [MESSAGE][PASSED] - Attribute 'value' of object '' is: '4100'

2018-06-01 11:25:03 - [TEST_STEP][PASSED] - Statement - Rqty = 100: null

2018-06-01 11:25:03 - [TEST_STEP][PASSED] - delay: Delayed 2 second(s)

2018-06-01 11:25:05 - [MESSAGE][PASSED] - Delayed 2 second(s)

2018-06-01 11:25:05 - [TEST_STEP][PASSED] - Statement - out.println("BatchQty : " + batchqty): null

2018-06-01 11:25:05 - [TEST_STEP][PASSED] - Statement - out.println("RQty : " + Rqty): null

2018-06-01 11:25:05 - [TEST_STEP][PASSED] - Statement - If (java.lang.Integer.valueOf(batchqty) >= java.lang.Integer.valueOf(Rqty)): null

2018-06-01 11:25:05 - [TEST_STEP][PASSED] - Statement - Break: null

2018-06-01 11:25:05 - [TEST_STEP][PASSED] - Statement - batchlength = new com.kms.katalon.core.testobject.TestObject(): null

2018-06-01 11:25:05 - [TEST_STEP][PASSED] - Statement - batchlength = com.kms.katalon.core.webui.keyword.WebUiBuiltInKeywords.modifyObjectProperty(batchlength, "xpath", "equals", "//*[@id = "fldvendor" + row + ""]", true): Modify property of object successfully

2018-06-01 11:25:05 - [MESSAGE][PASSED] - Modify property of object successfully

2018-06-01 11:25:05 - [TEST_STEP][PASSED] - Statement - batchsize = com.kms.katalon.core.webui.keyword.WebUiBuiltInKeywords.getNumberOfTotalOption(batchlength): 11 options of object '' counted

2018-06-01 11:25:05 - [MESSAGE][PASSED] - 11 options of object '' counted

2018-06-01 11:25:05 - [TEST_STEP][PASSED] - Statement - out.println("BatchSize : " + batchsize): null

2018-06-01 11:25:05 - [TEST_STEP][PASSED] - Statement - For ([n = 1, n <= batchsize - 1, (n++)]): null

2018-06-01 11:25:05 - [TEST_STEP][PASSED] - Statement - product = new com.kms.katalon.core.testobject.TestObject(): null

2018-06-01 11:25:05 - [TEST_STEP][PASSED] - Statement - product = com.kms.katalon.core.webui.keyword.WebUiBuiltInKeywords.modifyObjectProperty(product, "xpath", "equals", "//*[@id = "fldvendor" + row + ""]", true): Modify property of object successfully

2018-06-01 11:25:05 - [MESSAGE][PASSED] - Modify property of object successfully

2018-06-01 11:25:05 - [TEST_STEP][PASSED] - selectOptionByIndex: All options with index in [1] are selected on object ''

2018-06-01 11:25:05 - [MESSAGE][PASSED] - All options with index in [1] are selected on object ''

2018-06-01 11:25:05 - [TEST_STEP][PASSED] - Statement - batch = new com.kms.katalon.core.testobject.TestObject(): null

2018-06-01 11:25:05 - [TEST_STEP][PASSED] - Statement - batch = com.kms.katalon.core.webui.keyword.WebUiBuiltInKeywords.modifyObjectProperty(batch, "xpath", "equals", "//*[@id = "txtbthqty" + row + ""]", true): Modify property of object successfully

2018-06-01 11:25:05 - [MESSAGE][PASSED] - Modify property of object successfully

2018-06-01 11:25:05 - [TEST_STEP][PASSED] - Statement - batchqty = com.kms.katalon.core.webui.keyword.WebUiBuiltInKeywords.getAttribute(batch, "value").trim(): Attribute 'value' of object '' is: '3600'

2018-06-01 11:25:05 - [MESSAGE][PASSED] - Attribute 'value' of object '' is: '3600'

2018-06-01 11:25:05 - [TEST_STEP][PASSED] - Statement - Rqty = 100: null

2018-06-01 11:25:05 - [TEST_STEP][PASSED] - delay: Delayed 2 second(s)

2018-06-01 11:25:07 - [MESSAGE][PASSED] - Delayed 2 second(s)

2018-06-01 11:25:07 - [TEST_STEP][PASSED] - Statement - out.println("BatchQty : " + batchqty): null

2018-06-01 11:25:07 - [TEST_STEP][PASSED] - Statement - out.println("RQty : " + Rqty): null

2018-06-01 11:25:07 - [TEST_STEP][PASSED] - Statement - If (java.lang.Integer.valueOf(batchqty) >= java.lang.Integer.valueOf(Rqty)): null

2018-06-01 11:25:07 - [TEST_STEP][PASSED] - Statement - Break: null

2018-06-01 11:25:07 - [TEST_STEP][PASSED] - Statement - batchlength = new com.kms.katalon.core.testobject.TestObject(): null

2018-06-01 11:25:07 - [TEST_STEP][PASSED] - Statement - batchlength = com.kms.katalon.core.webui.keyword.WebUiBuiltInKeywords.modifyObjectProperty(batchlength, "xpath", "equals", "//*[@id = "fldvendor" + row + ""]", true): Modify property of object successfully

2018-06-01 11:25:07 - [MESSAGE][PASSED] - Modify property of object successfully

2018-06-01 11:25:07 - [TEST_STEP][PASSED] - Statement - batchsize = com.kms.katalon.core.webui.keyword.WebUiBuiltInKeywords.getNumberOfTotalOption(batchlength): 12 options of object '' counted

2018-06-01 11:25:07 - [MESSAGE][PASSED] - 12 options of object '' counted

2018-06-01 11:25:07 - [TEST_STEP][PASSED] - Statement - out.println("BatchSize : " + batchsize): null

2018-06-01 11:25:07 - [TEST_STEP][PASSED] - Statement - For ([n = 1, n <= batchsize - 1, (n++)]): null

2018-06-01 11:25:07 - [TEST_STEP][PASSED] - Statement - product = new com.kms.katalon.core.testobject.TestObject(): null

2018-06-01 11:25:07 - [TEST_STEP][PASSED] - Statement - product = com.kms.katalon.core.webui.keyword.WebUiBuiltInKeywords.modifyObjectProperty(product, "xpath", "equals", "//*[@id = "fldvendor" + row + ""]", true): Modify property of object successfully

2018-06-01 11:25:07 - [MESSAGE][PASSED] - Modify property of object successfully

2018-06-01 11:25:07 - [TEST_STEP][PASSED] - selectOptionByIndex: All options with index in [1] are selected on object ''

2018-06-01 11:25:07 - [MESSAGE][PASSED] - All options with index in [1] are selected on object ''

2018-06-01 11:25:07 - [TEST_STEP][PASSED] - Statement - batch = new com.kms.katalon.core.testobject.TestObject(): null

2018-06-01 11:25:07 - [TEST_STEP][PASSED] - Statement - batch = com.kms.katalon.core.webui.keyword.WebUiBuiltInKeywords.modifyObjectProperty(batch, "xpath", "equals", "//*[@id = "txtbthqty" + row + ""]", true): Modify property of object successfully

2018-06-01 11:25:07 - [MESSAGE][PASSED] - Modify property of object successfully

2018-06-01 11:25:07 - [TEST_STEP][PASSED] - Statement - batchqty = com.kms.katalon.core.webui.keyword.WebUiBuiltInKeywords.getAttribute(batch, "value").trim(): Attribute 'value' of object '' is: '4100'

2018-06-01 11:25:07 - [MESSAGE][PASSED] - Attribute 'value' of object '' is: '4100'

2018-06-01 11:25:07 - [TEST_STEP][PASSED] - Statement - Rqty = 100: null

2018-06-01 11:25:07 - [TEST_STEP][PASSED] - delay: Delayed 2 second(s)

2018-06-01 11:25:09 - [MESSAGE][PASSED] - Delayed 2 second(s)

2018-06-01 11:25:09 - [TEST_STEP][PASSED] - Statement - out.println("BatchQty : " + batchqty): null

2018-06-01 11:25:09 - [TEST_STEP][PASSED] - Statement - out.println("RQty : " + Rqty): null

2018-06-01 11:25:09 - [TEST_STEP][PASSED] - Statement - If (java.lang.Integer.valueOf(batchqty) >= java.lang.Integer.valueOf(Rqty)): null

2018-06-01 11:25:09 - [TEST_STEP][PASSED] - Statement - Break: null

2018-06-01 11:25:09 - [TEST_STEP][PASSED] - Statement - batchlength = new com.kms.katalon.core.testobject.TestObject(): null

2018-06-01 11:25:09 - [TEST_STEP][PASSED] - Statement - batchlength = com.kms.katalon.core.webui.keyword.WebUiBuiltInKeywords.modifyObjectProperty(batchlength, "xpath", "equals", "//*[@id = "fldvendor" + row + ""]", true): Modify property of object successfully

2018-06-01 11:25:09 - [MESSAGE][PASSED] - Modify property of object successfully

2018-06-01 11:25:09 - [TEST_STEP][PASSED] - Statement - batchsize = com.kms.katalon.core.webui.keyword.WebUiBuiltInKeywords.getNumberOfTotalOption(batchlength): 12 options of object '' counted

2018-06-01 11:25:09 - [MESSAGE][PASSED] - 12 options of object '' counted

2018-06-01 11:25:09 - [TEST_STEP][PASSED] - Statement - out.println("BatchSize : " + batchsize): null

2018-06-01 11:25:09 - [TEST_STEP][PASSED] - Statement - For ([n = 1, n <= batchsize - 1, (n++)]): null

2018-06-01 11:25:09 - [TEST_STEP][PASSED] - Statement - product = new com.kms.katalon.core.testobject.TestObject(): null

2018-06-01 11:25:09 - [TEST_STEP][PASSED] - Statement - product = com.kms.katalon.core.webui.keyword.WebUiBuiltInKeywords.modifyObjectProperty(product, "xpath", "equals", "//*[@id = "fldvendor" + row + ""]", true): Modify property of object successfully

2018-06-01 11:25:09 - [MESSAGE][PASSED] - Modify property of object successfully

2018-06-01 11:25:09 - [TEST_STEP][PASSED] - selectOptionByIndex: All options with index in [1] are selected on object ''

2018-06-01 11:25:10 - [MESSAGE][PASSED] - All options with index in [1] are selected on object ''

2018-06-01 11:25:10 - [TEST_STEP][PASSED] - Statement - batch = new com.kms.katalon.core.testobject.TestObject(): null

2018-06-01 11:25:10 - [TEST_STEP][PASSED] - Statement - batch = com.kms.katalon.core.webui.keyword.WebUiBuiltInKeywords.modifyObjectProperty(batch, "xpath", "equals", "//*[@id = "txtbthqty" + row + ""]", true): Modify property of object successfully

2018-06-01 11:25:10 - [MESSAGE][PASSED] - Modify property of object successfully

2018-06-01 11:25:10 - [TEST_STEP][PASSED] - Statement - batchqty = com.kms.katalon.core.webui.keyword.WebUiBuiltInKeywords.getAttribute(batch, "value").trim(): Attribute 'value' of object '' is: '37900'

2018-06-01 11:25:10 - [MESSAGE][PASSED] - Attribute 'value' of object '' is: '37900'

2018-06-01 11:25:10 - [TEST_STEP][PASSED] - Statement - Rqty = 100: null

2018-06-01 11:25:10 - [TEST_STEP][PASSED] - delay: Delayed 2 second(s)

2018-06-01 11:25:12 - [MESSAGE][PASSED] - Delayed 2 second(s)

2018-06-01 11:25:12 - [TEST_STEP][PASSED] - Statement - out.println("BatchQty : " + batchqty): null

2018-06-01 11:25:12 - [TEST_STEP][PASSED] - Statement - out.println("RQty : " + Rqty): null

2018-06-01 11:25:12 - [TEST_STEP][PASSED] - Statement - If (java.lang.Integer.valueOf(batchqty) >= java.lang.Integer.valueOf(Rqty)): null

2018-06-01 11:25:12 - [TEST_STEP][PASSED] - Statement - Break: null

2018-06-01 11:25:12 - [TEST_STEP][PASSED] - Statement - batchlength = new com.kms.katalon.core.testobject.TestObject(): null

2018-06-01 11:25:12 - [TEST_STEP][PASSED] - Statement - batchlength = com.kms.katalon.core.webui.keyword.WebUiBuiltInKeywords.modifyObjectProperty(batchlength, "xpath", "equals", "//*[@id = "fldvendor" + row + ""]", true): Modify property of object successfully

2018-06-01 11:25:12 - [MESSAGE][PASSED] - Modify property of object successfully

2018-06-01 11:25:12 - [TEST_STEP][PASSED] - Statement - batchsize = com.kms.katalon.core.webui.keyword.WebUiBuiltInKeywords.getNumberOfTotalOption(batchlength): 12 options of object '' counted

2018-06-01 11:25:12 - [MESSAGE][PASSED] - 12 options of object '' counted

2018-06-01 11:25:12 - [TEST_STEP][PASSED] - Statement - out.println("BatchSize : " + batchsize): null

2018-06-01 11:25:12 - [TEST_STEP][PASSED] - Statement - For ([n = 1, n <= batchsize - 1, (n++)]): null

2018-06-01 11:25:12 - [TEST_STEP][PASSED] - Statement - product = new com.kms.katalon.core.testobject.TestObject(): null

2018-06-01 11:25:12 - [TEST_STEP][PASSED] - Statement - product = com.kms.katalon.core.webui.keyword.WebUiBuiltInKeywords.modifyObjectProperty(product, "xpath", "equals", "//*[@id = "fldvendor" + row + ""]", true): Modify property of object successfully

2018-06-01 11:25:12 - [MESSAGE][PASSED] - Modify property of object successfully

2018-06-01 11:25:12 - [TEST_STEP][PASSED] - selectOptionByIndex: All options with index in [1] are selected on object ''

2018-06-01 11:25:12 - [MESSAGE][PASSED] - All options with index in [1] are selected on object ''

2018-06-01 11:25:12 - [TEST_STEP][PASSED] - Statement - batch = new com.kms.katalon.core.testobject.TestObject(): null

2018-06-01 11:25:12 - [TEST_STEP][PASSED] - Statement - batch = com.kms.katalon.core.webui.keyword.WebUiBuiltInKeywords.modifyObjectProperty(batch, "xpath", "equals", "//*[@id = "txtbthqty" + row + ""]", true): Modify property of object successfully

2018-06-01 11:25:12 - [MESSAGE][PASSED] - Modify property of object successfully

2018-06-01 11:25:12 - [TEST_STEP][PASSED] - Statement - batchqty = com.kms.katalon.core.webui.keyword.WebUiBuiltInKeywords.getAttribute(batch, "value").trim(): Attribute 'value' of object '' is: '4100'

2018-06-01 11:25:12 - [MESSAGE][PASSED] - Attribute 'value' of object '' is: '4100'

2018-06-01 11:25:12 - [TEST_STEP][PASSED] - Statement - Rqty = 100: null

2018-06-01 11:25:12 - [TEST_STEP][PASSED] - delay: Delayed 2 second(s)

2018-06-01 11:25:14 - [MESSAGE][PASSED] - Delayed 2 second(s)

2018-06-01 11:25:14 - [TEST_STEP][PASSED] - Statement - out.println("BatchQty : " + batchqty): null

2018-06-01 11:25:14 - [TEST_STEP][PASSED] - Statement - out.println("RQty : " + Rqty): null

2018-06-01 11:25:14 - [TEST_STEP][PASSED] - Statement - If (java.lang.Integer.valueOf(batchqty) >= java.lang.Integer.valueOf(Rqty)): null

2018-06-01 11:25:14 - [TEST_STEP][PASSED] - Statement - Break: null

2018-06-01 11:25:14 - [TEST_STEP][PASSED] - Statement - batchlength = new com.kms.katalon.core.testobject.TestObject(): null

2018-06-01 11:25:14 - [TEST_STEP][PASSED] - Statement - batchlength = com.kms.katalon.core.webui.keyword.WebUiBuiltInKeywords.modifyObjectProperty(batchlength, "xpath", "equals", "//*[@id = "fldvendor" + row + ""]", true): Modify property of object successfully

2018-06-01 11:25:14 - [MESSAGE][PASSED] - Modify property of object successfully

2018-06-01 11:25:14 - [TEST_STEP][PASSED] - Statement - batchsize = com.kms.katalon.core.webui.keyword.WebUiBuiltInKeywords.getNumberOfTotalOption(batchlength): 12 options of object '' counted

2018-06-01 11:25:14 - [MESSAGE][PASSED] - 12 options of object '' counted

2018-06-01 11:25:14 - [TEST_STEP][PASSED] - Statement - out.println("BatchSize : " + batchsize): null

2018-06-01 11:25:14 - [TEST_STEP][PASSED] - Statement - For ([n = 1, n <= batchsize - 1, (n++)]): null

2018-06-01 11:25:14 - [TEST_STEP][PASSED] - Statement - product = new com.kms.katalon.core.testobject.TestObject(): null

2018-06-01 11:25:14 - [TEST_STEP][PASSED] - Statement - product = com.kms.katalon.core.webui.keyword.WebUiBuiltInKeywords.modifyObjectProperty(product, "xpath", "equals", "//*[@id = "fldvendor" + row + ""]", true): Modify property of object successfully

2018-06-01 11:25:14 - [MESSAGE][PASSED] - Modify property of object successfully

2018-06-01 11:25:14 - [TEST_STEP][PASSED] - selectOptionByIndex: All options with index in [1] are selected on object ''

2018-06-01 11:25:14 - [MESSAGE][PASSED] - All options with index in [1] are selected on object ''

2018-06-01 11:25:14 - [TEST_STEP][PASSED] - Statement - batch = new com.kms.katalon.core.testobject.TestObject(): null

2018-06-01 11:25:14 - [TEST_STEP][PASSED] - Statement - batch = com.kms.katalon.core.webui.keyword.WebUiBuiltInKeywords.modifyObjectProperty(batch, "xpath", "equals", "//*[@id = "txtbthqty" + row + ""]", true): Modify property of object successfully

2018-06-01 11:25:14 - [MESSAGE][PASSED] - Modify property of object successfully

2018-06-01 11:25:14 - [TEST_STEP][PASSED] - Statement - batchqty = com.kms.katalon.core.webui.keyword.WebUiBuiltInKeywords.getAttribute(batch, "value").trim(): Attribute 'value' of object '' is: '37900'

2018-06-01 11:25:14 - [MESSAGE][PASSED] - Attribute 'value' of object '' is: '37900'

2018-06-01 11:25:14 - [TEST_STEP][PASSED] - Statement - Rqty = 100: null

2018-06-01 11:25:14 - [TEST_STEP][PASSED] - delay: Delayed 2 second(s)

2018-06-01 11:25:16 - [MESSAGE][PASSED] - Delayed 2 second(s)

2018-06-01 11:25:16 - [TEST_STEP][PASSED] - Statement - out.println("BatchQty : " + batchqty): null

2018-06-01 11:25:16 - [TEST_STEP][PASSED] - Statement - out.println("RQty : " + Rqty): null

2018-06-01 11:25:16 - [TEST_STEP][PASSED] - Statement - If (java.lang.Integer.valueOf(batchqty) >= java.lang.Integer.valueOf(Rqty)): null

2018-06-01 11:25:16 - [TEST_STEP][PASSED] - Statement - Break: null

2018-06-01 11:25:16 - [TEST_STEP][PASSED] - Statement - batchlength = new com.kms.katalon.core.testobject.TestObject(): null

2018-06-01 11:25:16 - [TEST_STEP][PASSED] - Statement - batchlength = com.kms.katalon.core.webui.keyword.WebUiBuiltInKeywords.modifyObjectProperty(batchlength, "xpath", "equals", "//*[@id = "fldvendor" + row + ""]", true): Modify property of object successfully

2018-06-01 11:25:16 - [MESSAGE][PASSED] - Modify property of object successfully

2018-06-01 11:25:16 - [TEST_STEP][PASSED] - Statement - batchsize = com.kms.katalon.core.webui.keyword.WebUiBuiltInKeywords.getNumberOfTotalOption(batchlength): 21 options of object '' counted

2018-06-01 11:25:16 - [MESSAGE][PASSED] - 21 options of object '' counted

2018-06-01 11:25:16 - [TEST_STEP][PASSED] - Statement - out.println("BatchSize : " + batchsize): null

2018-06-01 11:25:16 - [TEST_STEP][PASSED] - Statement - For ([n = 1, n <= batchsize - 1, (n++)]): null

2018-06-01 11:25:16 - [TEST_STEP][PASSED] - Statement - product = new com.kms.katalon.core.testobject.TestObject(): null

2018-06-01 11:25:16 - [TEST_STEP][PASSED] - Statement - product = com.kms.katalon.core.webui.keyword.WebUiBuiltInKeywords.modifyObjectProperty(product, "xpath", "equals", "//*[@id = "fldvendor" + row + ""]", true): Modify property of object successfully

2018-06-01 11:25:16 - [MESSAGE][PASSED] - Modify property of object successfully

2018-06-01 11:25:16 - [TEST_STEP][PASSED] - selectOptionByIndex: All options with index in [1] are selected on object ''

2018-06-01 11:25:16 - [MESSAGE][PASSED] - All options with index in [1] are selected on object ''

2018-06-01 11:25:16 - [TEST_STEP][PASSED] - Statement - batch = new com.kms.katalon.core.testobject.TestObject(): null

2018-06-01 11:25:16 - [TEST_STEP][PASSED] - Statement - batch = com.kms.katalon.core.webui.keyword.WebUiBuiltInKeywords.modifyObjectProperty(batch, "xpath", "equals", "//*[@id = "txtbthqty" + row + ""]", true): Modify property of object successfully

2018-06-01 11:25:16 - [MESSAGE][PASSED] - Modify property of object successfully

2018-06-01 11:25:16 - [TEST_STEP][PASSED] - Statement - batchqty = com.kms.katalon.core.webui.keyword.WebUiBuiltInKeywords.getAttribute(batch, "value").trim(): Attribute 'value' of object '' is: '2100'

2018-06-01 11:25:16 - [MESSAGE][PASSED] - Attribute 'value' of object '' is: '2100'

2018-06-01 11:25:16 - [TEST_STEP][PASSED] - Statement - Rqty = 100: null

2018-06-01 11:25:16 - [TEST_STEP][PASSED] - delay: Delayed 2 second(s)

2018-06-01 11:25:18 - [MESSAGE][PASSED] - Delayed 2 second(s)

2018-06-01 11:25:18 - [TEST_STEP][PASSED] - Statement - out.println("BatchQty : " + batchqty): null

2018-06-01 11:25:18 - [TEST_STEP][PASSED] - Statement - out.println("RQty : " + Rqty): null

2018-06-01 11:25:18 - [TEST_STEP][PASSED] - Statement - If (java.lang.Integer.valueOf(batchqty) >= java.lang.Integer.valueOf(Rqty)): null

2018-06-01 11:25:18 - [TEST_STEP][PASSED] - Statement - Break: null

2018-06-01 11:25:18 - [TEST_STEP][PASSED] - Statement - batchlength = new com.kms.katalon.core.testobject.TestObject(): null

2018-06-01 11:25:18 - [TEST_STEP][PASSED] - Statement - batchlength = com.kms.katalon.core.webui.keyword.WebUiBuiltInKeywords.modifyObjectProperty(batchlength, "xpath", "equals", "//*[@id = "fldvendor" + row + ""]", true): Modify property of object successfully

2018-06-01 11:25:18 - [MESSAGE][PASSED] - Modify property of object successfully

2018-06-01 11:25:18 - [TEST_STEP][PASSED] - Statement - batchsize = com.kms.katalon.core.webui.keyword.WebUiBuiltInKeywords.getNumberOfTotalOption(batchlength): 11 options of object '' counted

2018-06-01 11:25:19 - [MESSAGE][PASSED] - 11 options of object '' counted

2018-06-01 11:25:19 - [TEST_STEP][PASSED] - Statement - out.println("BatchSize : " + batchsize): null

2018-06-01 11:25:19 - [TEST_STEP][PASSED] - Statement - For ([n = 1, n <= batchsize - 1, (n++)]): null

2018-06-01 11:25:19 - [TEST_STEP][PASSED] - Statement - product = new com.kms.katalon.core.testobject.TestObject(): null

2018-06-01 11:25:19 - [TEST_STEP][PASSED] - Statement - product = com.kms.katalon.core.webui.keyword.WebUiBuiltInKeywords.modifyObjectProperty(product, "xpath", "equals", "//*[@id = "fldvendor" + row + ""]", true): Modify property of object successfully

2018-06-01 11:25:19 - [MESSAGE][PASSED] - Modify property of object successfully

2018-06-01 11:25:19 - [TEST_STEP][PASSED] - selectOptionByIndex: All options with index in [1] are selected on object ''

2018-06-01 11:25:19 - [MESSAGE][PASSED] - All options with index in [1] are selected on object ''

2018-06-01 11:25:19 - [TEST_STEP][PASSED] - Statement - batch = new com.kms.katalon.core.testobject.TestObject(): null

2018-06-01 11:25:19 - [TEST_STEP][PASSED] - Statement - batch = com.kms.katalon.core.webui.keyword.WebUiBuiltInKeywords.modifyObjectProperty(batch, "xpath", "equals", "//*[@id = "txtbthqty" + row + ""]", true): Modify property of object successfully

2018-06-01 11:25:19 - [MESSAGE][PASSED] - Modify property of object successfully

2018-06-01 11:25:19 - [TEST_STEP][PASSED] - Statement - batchqty = com.kms.katalon.core.webui.keyword.WebUiBuiltInKeywords.getAttribute(batch, "value").trim(): Attribute 'value' of object '' is: '4600'

2018-06-01 11:25:19 - [MESSAGE][PASSED] - Attribute 'value' of object '' is: '4600'

2018-06-01 11:25:19 - [TEST_STEP][PASSED] - Statement - Rqty = 100: null

2018-06-01 11:25:19 - [TEST_STEP][PASSED] - delay: Delayed 2 second(s)

2018-06-01 11:25:21 - [MESSAGE][PASSED] - Delayed 2 second(s)

2018-06-01 11:25:21 - [TEST_STEP][PASSED] - Statement - out.println("BatchQty : " + batchqty): null

2018-06-01 11:25:21 - [TEST_STEP][PASSED] - Statement - out.println("RQty : " + Rqty): null

2018-06-01 11:25:21 - [TEST_STEP][PASSED] - Statement - If (java.lang.Integer.valueOf(batchqty) >= java.lang.Integer.valueOf(Rqty)): null

2018-06-01 11:25:21 - [TEST_STEP][PASSED] - Statement - Break: null

2018-06-01 11:25:21 - [TEST_STEP][PASSED] - Statement - batchlength = new com.kms.katalon.core.testobject.TestObject(): null

2018-06-01 11:25:21 - [TEST_STEP][PASSED] - Statement - batchlength = com.kms.katalon.core.webui.keyword.WebUiBuiltInKeywords.modifyObjectProperty(batchlength, "xpath", "equals", "//*[@id = "fldvendor" + row + ""]", true): Modify property of object successfully

2018-06-01 11:25:21 - [MESSAGE][PASSED] - Modify property of object successfully

2018-06-01 11:25:21 - [TEST_STEP][PASSED] - Statement - batchsize = com.kms.katalon.core.webui.keyword.WebUiBuiltInKeywords.getNumberOfTotalOption(batchlength): 12 options of object '' counted

2018-06-01 11:25:21 - [MESSAGE][PASSED] - 12 options of object '' counted

2018-06-01 11:25:21 - [TEST_STEP][PASSED] - Statement - out.println("BatchSize : " + batchsize): null

2018-06-01 11:25:21 - [TEST_STEP][PASSED] - Statement - For ([n = 1, n <= batchsize - 1, (n++)]): null

2018-06-01 11:25:21 - [TEST_STEP][PASSED] - Statement - product = new com.kms.katalon.core.testobject.TestObject(): null

2018-06-01 11:25:21 - [TEST_STEP][PASSED] - Statement - product = com.kms.katalon.core.webui.keyword.WebUiBuiltInKeywords.modifyObjectProperty(product, "xpath", "equals", "//*[@id = "fldvendor" + row + ""]", true): Modify property of object successfully

2018-06-01 11:25:21 - [MESSAGE][PASSED] - Modify property of object successfully

2018-06-01 11:25:21 - [TEST_STEP][PASSED] - selectOptionByIndex: All options with index in [1] are selected on object ''

2018-06-01 11:25:21 - [MESSAGE][PASSED] - All options with index in [1] are selected on object ''

2018-06-01 11:25:21 - [TEST_STEP][PASSED] - Statement - batch = new com.kms.katalon.core.testobject.TestObject(): null

2018-06-01 11:25:21 - [TEST_STEP][PASSED] - Statement - batch = com.kms.katalon.core.webui.keyword.WebUiBuiltInKeywords.modifyObjectProperty(batch, "xpath", "equals", "//*[@id = "txtbthqty" + row + ""]", true): Modify property of object successfully

2018-06-01 11:25:21 - [MESSAGE][PASSED] - Modify property of object successfully

2018-06-01 11:25:21 - [TEST_STEP][PASSED] - Statement - batchqty = com.kms.katalon.core.webui.keyword.WebUiBuiltInKeywords.getAttribute(batch, "value").trim(): Attribute 'value' of object '' is: '4100'

2018-06-01 11:25:21 - [MESSAGE][PASSED] - Attribute 'value' of object '' is: '4100'

2018-06-01 11:25:21 - [TEST_STEP][PASSED] - Statement - Rqty = 100: null

2018-06-01 11:25:21 - [TEST_STEP][PASSED] - delay: Delayed 2 second(s)

2018-06-01 11:25:23 - [MESSAGE][PASSED] - Delayed 2 second(s)

2018-06-01 11:25:23 - [TEST_STEP][PASSED] - Statement - out.println("BatchQty : " + batchqty): null

2018-06-01 11:25:23 - [TEST_STEP][PASSED] - Statement - out.println("RQty : " + Rqty): null

2018-06-01 11:25:23 - [TEST_STEP][PASSED] - Statement - If (java.lang.Integer.valueOf(batchqty) >= java.lang.Integer.valueOf(Rqty)): null

2018-06-01 11:25:23 - [TEST_STEP][PASSED] - Statement - Break: null

2018-06-01 11:25:23 - [TEST_STEP][PASSED] - Statement - batchlength = new com.kms.katalon.core.testobject.TestObject(): null

2018-06-01 11:25:23 - [TEST_STEP][PASSED] - Statement - batchlength = com.kms.katalon.core.webui.keyword.WebUiBuiltInKeywords.modifyObjectProperty(batchlength, "xpath", "equals", "//*[@id = "fldvendor" + row + ""]", true): Modify property of object successfully

2018-06-01 11:25:23 - [MESSAGE][PASSED] - Modify property of object successfully

2018-06-01 11:25:23 - [TEST_STEP][PASSED] - Statement - batchsize = com.kms.katalon.core.webui.keyword.WebUiBuiltInKeywords.getNumberOfTotalOption(batchlength): 12 options of object '' counted

2018-06-01 11:25:23 - [MESSAGE][PASSED] - 12 options of object '' counted

2018-06-01 11:25:23 - [TEST_STEP][PASSED] - Statement - out.println("BatchSize : " + batchsize): null

2018-06-01 11:25:23 - [TEST_STEP][PASSED] - Statement - For ([n = 1, n <= batchsize - 1, (n++)]): null

2018-06-01 11:25:23 - [TEST_STEP][PASSED] - Statement - product = new com.kms.katalon.core.testobject.TestObject(): null

2018-06-01 11:25:23 - [TEST_STEP][PASSED] - Statement - product = com.kms.katalon.core.webui.keyword.WebUiBuiltInKeywords.modifyObjectProperty(product, "xpath", "equals", "//*[@id = "fldvendor" + row + ""]", true): Modify property of object successfully

2018-06-01 11:25:23 - [MESSAGE][PASSED] - Modify property of object successfully

2018-06-01 11:25:23 - [TEST_STEP][PASSED] - selectOptionByIndex: All options with index in [1] are selected on object ''

2018-06-01 11:25:23 - [MESSAGE][PASSED] - All options with index in [1] are selected on object ''

2018-06-01 11:25:23 - [TEST_STEP][PASSED] - Statement - batch = new com.kms.katalon.core.testobject.TestObject(): null

2018-06-01 11:25:23 - [TEST_STEP][PASSED] - Statement - batch = com.kms.katalon.core.webui.keyword.WebUiBuiltInKeywords.modifyObjectProperty(batch, "xpath", "equals", "//*[@id = "txtbthqty" + row + ""]", true): Modify property of object successfully

2018-06-01 11:25:23 - [MESSAGE][PASSED] - Modify property of object successfully

2018-06-01 11:25:23 - [TEST_STEP][PASSED] - Statement - batchqty = com.kms.katalon.core.webui.keyword.WebUiBuiltInKeywords.getAttribute(batch, "value").trim(): Attribute 'value' of object '' is: '32900'

2018-06-01 11:25:23 - [MESSAGE][PASSED] - Attribute 'value' of object '' is: '32900'

2018-06-01 11:25:23 - [TEST_STEP][PASSED] - Statement - Rqty = 100: null

2018-06-01 11:25:23 - [TEST_STEP][PASSED] - delay: Delayed 2 second(s)

2018-06-01 11:25:25 - [MESSAGE][PASSED] - Delayed 2 second(s)

2018-06-01 11:25:25 - [TEST_STEP][PASSED] - Statement - out.println("BatchQty : " + batchqty): null

2018-06-01 11:25:25 - [TEST_STEP][PASSED] - Statement - out.println("RQty : " + Rqty): null

2018-06-01 11:25:25 - [TEST_STEP][PASSED] - Statement - If (java.lang.Integer.valueOf(batchqty) >= java.lang.Integer.valueOf(Rqty)): null

2018-06-01 11:25:25 - [TEST_STEP][PASSED] - Statement - Break: null

2018-06-01 11:25:25 - [TEST_STEP][PASSED] - Statement - batchlength = new com.kms.katalon.core.testobject.TestObject(): null

2018-06-01 11:25:25 - [TEST_STEP][PASSED] - Statement - batchlength = com.kms.katalon.core.webui.keyword.WebUiBuiltInKeywords.modifyObjectProperty(batchlength, "xpath", "equals", "//*[@id = "fldvendor" + row + ""]", true): Modify property of object successfully

2018-06-01 11:25:25 - [MESSAGE][PASSED] - Modify property of object successfully

2018-06-01 11:25:25 - [TEST_STEP][PASSED] - Statement - batchsize = com.kms.katalon.core.webui.keyword.WebUiBuiltInKeywords.getNumberOfTotalOption(batchlength): 12 options of object '' counted

2018-06-01 11:25:25 - [MESSAGE][PASSED] - 12 options of object '' counted

2018-06-01 11:25:25 - [TEST_STEP][PASSED] - Statement - out.println("BatchSize : " + batchsize): null

2018-06-01 11:25:25 - [TEST_STEP][PASSED] - Statement - For ([n = 1, n <= batchsize - 1, (n++)]): null

2018-06-01 11:25:25 - [TEST_STEP][PASSED] - Statement - product = new com.kms.katalon.core.testobject.TestObject(): null

2018-06-01 11:25:25 - [TEST_STEP][PASSED] - Statement - product = com.kms.katalon.core.webui.keyword.WebUiBuiltInKeywords.modifyObjectProperty(product, "xpath", "equals", "//*[@id = "fldvendor" + row + ""]", true): Modify property of object successfully

2018-06-01 11:25:25 - [MESSAGE][PASSED] - Modify property of object successfully

2018-06-01 11:25:25 - [TEST_STEP][PASSED] - selectOptionByIndex: All options with index in [1] are selected on object ''

2018-06-01 11:25:26 - [MESSAGE][PASSED] - All options with index in [1] are selected on object ''

2018-06-01 11:25:26 - [TEST_STEP][PASSED] - Statement - batch = new com.kms.katalon.core.testobject.TestObject(): null

2018-06-01 11:25:26 - [TEST_STEP][PASSED] - Statement - batch = com.kms.katalon.core.webui.keyword.WebUiBuiltInKeywords.modifyObjectProperty(batch, "xpath", "equals", "//*[@id = "txtbthqty" + row + ""]", true): Modify property of object successfully

2018-06-01 11:25:26 - [MESSAGE][PASSED] - Modify property of object successfully

2018-06-01 11:25:26 - [TEST_STEP][PASSED] - Statement - batchqty = com.kms.katalon.core.webui.keyword.WebUiBuiltInKeywords.getAttribute(batch, "value").trim(): Attribute 'value' of object '' is: ''

2018-06-01 11:25:26 - [MESSAGE][PASSED] - Attribute 'value' of object '' is: ''

2018-06-01 11:25:26 - [TEST_STEP][PASSED] - Statement - Rqty = 100: null

2018-06-01 11:25:26 - [TEST_STEP][PASSED] - delay: Delayed 2 second(s)

2018-06-01 11:25:28 - [MESSAGE][PASSED] - Delayed 2 second(s)

2018-06-01 11:25:28 - [TEST_STEP][PASSED] - Statement - out.println("BatchQty : " + batchqty): null

2018-06-01 11:25:28 - [TEST_STEP][PASSED] - Statement - out.println("RQty : " + Rqty): null

2018-06-01 11:25:28 - [TEST_STEP][PASSED] - Statement - If (java.lang.Integer.valueOf(batchqty) >= java.lang.Integer.valueOf(Rqty)): null]]></system-out>
         <system-err><![CDATA[2018-06-01 11:22:29 - [TEST_CASE][ERROR] - Test Cases/HEALTHPOST TEST CASES/TC_HP_013 Verify Schedule 1 Healthpost To CMS Request Are Working Successfully Or Not: Test Cases/HEALTHPOST TEST CASES/TC_HP_013 Verify Schedule 1 Healthpost To CMS Request Are Working Successfully Or Not FAILED because (of) java.lang.NumberFormatException: For input string: ""]]></system-err>
      </testcase>
      <testcase name="Test Cases/HEALTHPOST TEST CASES/TC_HP_024 Verify Schedule 12 Healthpost To CMS Request Are Working Successfully Or Not" classname="Test Cases/HEALTHPOST TEST CASES/TC_HP_024 Verify Schedule 12 Healthpost To CMS Request Are Working Successfully Or Not" status="PASSED">
         <system-out><![CDATA[2018-06-01 11:25:28 - [TEST_CASE][PASSED] - Test Cases/HEALTHPOST TEST CASES/TC_HP_024 Verify Schedule 12 Healthpost To CMS Request Are Working Successfully Or Not: Test Cases/HEALTHPOST TEST CASES/TC_HP_024 Verify Schedule 12 Healthpost To CMS Request Are Working Successfully Or Not

2018-06-01 11:25:28 - [TEST_STEP][PASSED] - openBrowser: Browser is opened with url: ''

2018-06-01 11:25:28 - [MESSAGE][WARNING] - A browser is already opened. Closing browser and opening a new one

2018-06-01 11:25:31 - [MESSAGE][PASSED] - Browser is opened with url: ''

2018-06-01 11:25:31 - [TEST_STEP][PASSED] - navigateToUrl: Navigate to 'http://192.168.137.1/multihospital_new/HDSplashscreen.aspx' successfully

2018-06-01 11:25:33 - [MESSAGE][PASSED] - Navigate to 'http://192.168.137.1/multihospital_new/HDSplashscreen.aspx' successfully

2018-06-01 11:25:33 - [TEST_STEP][PASSED] - maximizeWindow: Current window maximized

2018-06-01 11:25:34 - [MESSAGE][PASSED] - Current window maximized

2018-06-01 11:25:34 - [TEST_STEP][PASSED] - click: Object: 'Object Repository/HealthpostToCms/Page_KDMC/a_Healthpost Store' is clicked on

2018-06-01 11:25:36 - [MESSAGE][PASSED] - Object: 'Object Repository/HealthpostToCms/Page_KDMC/a_Healthpost Store' is clicked on

2018-06-01 11:25:36 - [TEST_STEP][PASSED] - setText: Text 'raguram' is set on object 'Object Repository/HealthpostToCms/Page_HealthPost Store Login/input_txtusername'

2018-06-01 11:25:36 - [MESSAGE][PASSED] - Text 'raguram' is set on object 'Object Repository/HealthpostToCms/Page_HealthPost Store Login/input_txtusername'

2018-06-01 11:25:36 - [TEST_STEP][PASSED] - setText: Text '123' is set on object 'Object Repository/HealthpostToCms/Page_HealthPost Store Login/input_txtpassword'

2018-06-01 11:25:36 - [MESSAGE][PASSED] - Text '123' is set on object 'Object Repository/HealthpostToCms/Page_HealthPost Store Login/input_txtpassword'

2018-06-01 11:25:36 - [TEST_STEP][PASSED] - delay: Delayed 3 second(s)

2018-06-01 11:25:39 - [MESSAGE][PASSED] - Delayed 3 second(s)

2018-06-01 11:25:39 - [TEST_STEP][PASSED] - click: Object: 'Object Repository/HealthpostToCms/Page_HealthPost Store Login/button_Sign in' is clicked on

2018-06-01 11:25:40 - [MESSAGE][PASSED] - Object: 'Object Repository/HealthpostToCms/Page_HealthPost Store Login/button_Sign in' is clicked on

2018-06-01 11:25:40 - [TEST_STEP][PASSED] - delay: Delayed 3 second(s)

2018-06-01 11:25:43 - [MESSAGE][PASSED] - Delayed 3 second(s)

2018-06-01 11:25:43 - [TEST_STEP][PASSED] - click: Object: 'Object Repository/HealthpostToCms/Page_HealthPost Store/a_CMS' is clicked on

2018-06-01 11:25:43 - [MESSAGE][PASSED] - Object: 'Object Repository/HealthpostToCms/Page_HealthPost Store/a_CMS' is clicked on

2018-06-01 11:25:43 - [TEST_STEP][PASSED] - click: Object: 'Object Repository/HealthpostToCms/Page_HealthPost Store/a_Request Send' is clicked on

2018-06-01 11:25:43 - [MESSAGE][PASSED] - Object: 'Object Repository/HealthpostToCms/Page_HealthPost Store/a_Request Send' is clicked on

2018-06-01 11:25:43 - [TEST_STEP][PASSED] - delay: Delayed 2 second(s)

2018-06-01 11:25:45 - [MESSAGE][PASSED] - Delayed 2 second(s)

2018-06-01 11:25:45 - [TEST_STEP][PASSED] - selectOptionByIndex: All options with index in [2] are selected on object 'Object Repository/HealthpostToCms/Page_HealthPost Store/select_--Select--'

2018-06-01 11:25:46 - [MESSAGE][PASSED] - All options with index in [2] are selected on object 'Object Repository/HealthpostToCms/Page_HealthPost Store/select_--Select--'

2018-06-01 11:25:46 - [TEST_STEP][PASSED] - selectOptionByIndex: All options with index in [12] are selected on object 'Object Repository/HealthpostToCms/Page_HealthPost Store/select_--Select--Schedule 1Inj'

2018-06-01 11:25:46 - [MESSAGE][PASSED] - All options with index in [12] are selected on object 'Object Repository/HealthpostToCms/Page_HealthPost Store/select_--Select--Schedule 1Inj'

2018-06-01 11:25:46 - [TEST_STEP][PASSED] - Statement - medicineslength = com.kms.katalon.core.webui.keyword.WebUiBuiltInKeywords.getNumberOfTotalOption(com.kms.katalon.core.testobject.ObjectRepository.findTestObject(HealthpostToCms/Page_HealthPost Store/select_--Select--Adernaline 0.)): 19 options of object 'Object Repository/HealthpostToCms/Page_HealthPost Store/select_--Select--Adernaline 0.' counted

2018-06-01 11:25:46 - [MESSAGE][PASSED] - 19 options of object 'Object Repository/HealthpostToCms/Page_HealthPost Store/select_--Select--Adernaline 0.' counted

2018-06-01 11:25:46 - [TEST_STEP][PASSED] - Statement - For ([e = 1, e <= medicineslength - 1, (e++)]): Object: 'Object Repository/HealthpostToCms/Page_HealthPost Store/button_Add' is clicked on

2018-06-01 11:25:46 - [TEST_STEP][PASSED] - selectOptionByIndex: All options with index in [12] are selected on object 'Object Repository/HealthpostToCms/Page_HealthPost Store/select_--Select--Schedule 1Inj'

2018-06-01 11:25:46 - [MESSAGE][PASSED] - All options with index in [12] are selected on object 'Object Repository/HealthpostToCms/Page_HealthPost Store/select_--Select--Schedule 1Inj'

2018-06-01 11:25:46 - [TEST_STEP][PASSED] - selectOptionByIndex: All options with index in [1] are selected on object 'Object Repository/HealthpostToCms/Page_HealthPost Store/select_--Select--Adernaline 0.'

2018-06-01 11:25:46 - [MESSAGE][PASSED] - All options with index in [1] are selected on object 'Object Repository/HealthpostToCms/Page_HealthPost Store/select_--Select--Adernaline 0.'

2018-06-01 11:25:46 - [TEST_STEP][PASSED] - setText: Text '100' is set on object 'Object Repository/HealthpostToCms/Page_HealthPost Store/input_txttreat'

2018-06-01 11:25:46 - [MESSAGE][PASSED] - Text '100' is set on object 'Object Repository/HealthpostToCms/Page_HealthPost Store/input_txttreat'

2018-06-01 11:25:46 - [TEST_STEP][PASSED] - click: Object: 'Object Repository/HealthpostToCms/Page_HealthPost Store/button_Add' is clicked on

2018-06-01 11:25:46 - [MESSAGE][PASSED] - Object: 'Object Repository/HealthpostToCms/Page_HealthPost Store/button_Add' is clicked on

2018-06-01 11:25:46 - [TEST_STEP][PASSED] - selectOptionByIndex: All options with index in [12] are selected on object 'Object Repository/HealthpostToCms/Page_HealthPost Store/select_--Select--Schedule 1Inj'

2018-06-01 11:25:47 - [MESSAGE][PASSED] - All options with index in [12] are selected on object 'Object Repository/HealthpostToCms/Page_HealthPost Store/select_--Select--Schedule 1Inj'

2018-06-01 11:25:47 - [TEST_STEP][PASSED] - selectOptionByIndex: All options with index in [2] are selected on object 'Object Repository/HealthpostToCms/Page_HealthPost Store/select_--Select--Adernaline 0.'

2018-06-01 11:25:47 - [MESSAGE][PASSED] - All options with index in [2] are selected on object 'Object Repository/HealthpostToCms/Page_HealthPost Store/select_--Select--Adernaline 0.'

2018-06-01 11:25:47 - [TEST_STEP][PASSED] - setText: Text '100' is set on object 'Object Repository/HealthpostToCms/Page_HealthPost Store/input_txttreat'

2018-06-01 11:25:47 - [MESSAGE][PASSED] - Text '100' is set on object 'Object Repository/HealthpostToCms/Page_HealthPost Store/input_txttreat'

2018-06-01 11:25:47 - [TEST_STEP][PASSED] - click: Object: 'Object Repository/HealthpostToCms/Page_HealthPost Store/button_Add' is clicked on

2018-06-01 11:25:47 - [MESSAGE][PASSED] - Object: 'Object Repository/HealthpostToCms/Page_HealthPost Store/button_Add' is clicked on

2018-06-01 11:25:47 - [TEST_STEP][PASSED] - selectOptionByIndex: All options with index in [12] are selected on object 'Object Repository/HealthpostToCms/Page_HealthPost Store/select_--Select--Schedule 1Inj'

2018-06-01 11:25:47 - [MESSAGE][PASSED] - All options with index in [12] are selected on object 'Object Repository/HealthpostToCms/Page_HealthPost Store/select_--Select--Schedule 1Inj'

2018-06-01 11:25:47 - [TEST_STEP][PASSED] - selectOptionByIndex: All options with index in [3] are selected on object 'Object Repository/HealthpostToCms/Page_HealthPost Store/select_--Select--Adernaline 0.'

2018-06-01 11:25:47 - [MESSAGE][PASSED] - All options with index in [3] are selected on object 'Object Repository/HealthpostToCms/Page_HealthPost Store/select_--Select--Adernaline 0.'

2018-06-01 11:25:47 - [TEST_STEP][PASSED] - setText: Text '100' is set on object 'Object Repository/HealthpostToCms/Page_HealthPost Store/input_txttreat'

2018-06-01 11:25:48 - [MESSAGE][PASSED] - Text '100' is set on object 'Object Repository/HealthpostToCms/Page_HealthPost Store/input_txttreat'

2018-06-01 11:25:48 - [TEST_STEP][PASSED] - click: Object: 'Object Repository/HealthpostToCms/Page_HealthPost Store/button_Add' is clicked on

2018-06-01 11:25:48 - [MESSAGE][PASSED] - Object: 'Object Repository/HealthpostToCms/Page_HealthPost Store/button_Add' is clicked on

2018-06-01 11:25:48 - [TEST_STEP][PASSED] - selectOptionByIndex: All options with index in [12] are selected on object 'Object Repository/HealthpostToCms/Page_HealthPost Store/select_--Select--Schedule 1Inj'

2018-06-01 11:25:48 - [MESSAGE][PASSED] - All options with index in [12] are selected on object 'Object Repository/HealthpostToCms/Page_HealthPost Store/select_--Select--Schedule 1Inj'

2018-06-01 11:25:48 - [TEST_STEP][PASSED] - selectOptionByIndex: All options with index in [4] are selected on object 'Object Repository/HealthpostToCms/Page_HealthPost Store/select_--Select--Adernaline 0.'

2018-06-01 11:25:48 - [MESSAGE][PASSED] - All options with index in [4] are selected on object 'Object Repository/HealthpostToCms/Page_HealthPost Store/select_--Select--Adernaline 0.'

2018-06-01 11:25:48 - [TEST_STEP][PASSED] - setText: Text '100' is set on object 'Object Repository/HealthpostToCms/Page_HealthPost Store/input_txttreat'

2018-06-01 11:25:48 - [MESSAGE][PASSED] - Text '100' is set on object 'Object Repository/HealthpostToCms/Page_HealthPost Store/input_txttreat'

2018-06-01 11:25:48 - [TEST_STEP][PASSED] - click: Object: 'Object Repository/HealthpostToCms/Page_HealthPost Store/button_Add' is clicked on

2018-06-01 11:25:48 - [MESSAGE][PASSED] - Object: 'Object Repository/HealthpostToCms/Page_HealthPost Store/button_Add' is clicked on

2018-06-01 11:25:48 - [TEST_STEP][PASSED] - selectOptionByIndex: All options with index in [12] are selected on object 'Object Repository/HealthpostToCms/Page_HealthPost Store/select_--Select--Schedule 1Inj'

2018-06-01 11:25:48 - [MESSAGE][PASSED] - All options with index in [12] are selected on object 'Object Repository/HealthpostToCms/Page_HealthPost Store/select_--Select--Schedule 1Inj'

2018-06-01 11:25:48 - [TEST_STEP][PASSED] - selectOptionByIndex: All options with index in [5] are selected on object 'Object Repository/HealthpostToCms/Page_HealthPost Store/select_--Select--Adernaline 0.'

2018-06-01 11:25:49 - [MESSAGE][PASSED] - All options with index in [5] are selected on object 'Object Repository/HealthpostToCms/Page_HealthPost Store/select_--Select--Adernaline 0.'

2018-06-01 11:25:49 - [TEST_STEP][PASSED] - setText: Text '100' is set on object 'Object Repository/HealthpostToCms/Page_HealthPost Store/input_txttreat'

2018-06-01 11:25:49 - [MESSAGE][PASSED] - Text '100' is set on object 'Object Repository/HealthpostToCms/Page_HealthPost Store/input_txttreat'

2018-06-01 11:25:49 - [TEST_STEP][PASSED] - click: Object: 'Object Repository/HealthpostToCms/Page_HealthPost Store/button_Add' is clicked on

2018-06-01 11:25:49 - [MESSAGE][PASSED] - Object: 'Object Repository/HealthpostToCms/Page_HealthPost Store/button_Add' is clicked on

2018-06-01 11:25:49 - [TEST_STEP][PASSED] - selectOptionByIndex: All options with index in [12] are selected on object 'Object Repository/HealthpostToCms/Page_HealthPost Store/select_--Select--Schedule 1Inj'

2018-06-01 11:25:49 - [MESSAGE][PASSED] - All options with index in [12] are selected on object 'Object Repository/HealthpostToCms/Page_HealthPost Store/select_--Select--Schedule 1Inj'

2018-06-01 11:25:49 - [TEST_STEP][PASSED] - selectOptionByIndex: All options with index in [6] are selected on object 'Object Repository/HealthpostToCms/Page_HealthPost Store/select_--Select--Adernaline 0.'

2018-06-01 11:25:49 - [MESSAGE][PASSED] - All options with index in [6] are selected on object 'Object Repository/HealthpostToCms/Page_HealthPost Store/select_--Select--Adernaline 0.'

2018-06-01 11:25:49 - [TEST_STEP][PASSED] - setText: Text '100' is set on object 'Object Repository/HealthpostToCms/Page_HealthPost Store/input_txttreat'

2018-06-01 11:25:49 - [MESSAGE][PASSED] - Text '100' is set on object 'Object Repository/HealthpostToCms/Page_HealthPost Store/input_txttreat'

2018-06-01 11:25:49 - [TEST_STEP][PASSED] - click: Object: 'Object Repository/HealthpostToCms/Page_HealthPost Store/button_Add' is clicked on

2018-06-01 11:25:49 - [MESSAGE][PASSED] - Object: 'Object Repository/HealthpostToCms/Page_HealthPost Store/button_Add' is clicked on

2018-06-01 11:25:49 - [TEST_STEP][PASSED] - selectOptionByIndex: All options with index in [12] are selected on object 'Object Repository/HealthpostToCms/Page_HealthPost Store/select_--Select--Schedule 1Inj'

2018-06-01 11:25:50 - [MESSAGE][PASSED] - All options with index in [12] are selected on object 'Object Repository/HealthpostToCms/Page_HealthPost Store/select_--Select--Schedule 1Inj'

2018-06-01 11:25:50 - [TEST_STEP][PASSED] - selectOptionByIndex: All options with index in [7] are selected on object 'Object Repository/HealthpostToCms/Page_HealthPost Store/select_--Select--Adernaline 0.'

2018-06-01 11:25:50 - [MESSAGE][PASSED] - All options with index in [7] are selected on object 'Object Repository/HealthpostToCms/Page_HealthPost Store/select_--Select--Adernaline 0.'

2018-06-01 11:25:50 - [TEST_STEP][PASSED] - setText: Text '100' is set on object 'Object Repository/HealthpostToCms/Page_HealthPost Store/input_txttreat'

2018-06-01 11:25:50 - [MESSAGE][PASSED] - Text '100' is set on object 'Object Repository/HealthpostToCms/Page_HealthPost Store/input_txttreat'

2018-06-01 11:25:50 - [TEST_STEP][PASSED] - click: Object: 'Object Repository/HealthpostToCms/Page_HealthPost Store/button_Add' is clicked on

2018-06-01 11:25:50 - [MESSAGE][PASSED] - Object: 'Object Repository/HealthpostToCms/Page_HealthPost Store/button_Add' is clicked on

2018-06-01 11:25:50 - [TEST_STEP][PASSED] - selectOptionByIndex: All options with index in [12] are selected on object 'Object Repository/HealthpostToCms/Page_HealthPost Store/select_--Select--Schedule 1Inj'

2018-06-01 11:25:50 - [MESSAGE][PASSED] - All options with index in [12] are selected on object 'Object Repository/HealthpostToCms/Page_HealthPost Store/select_--Select--Schedule 1Inj'

2018-06-01 11:25:50 - [TEST_STEP][PASSED] - selectOptionByIndex: All options with index in [8] are selected on object 'Object Repository/HealthpostToCms/Page_HealthPost Store/select_--Select--Adernaline 0.'

2018-06-01 11:25:51 - [MESSAGE][PASSED] - All options with index in [8] are selected on object 'Object Repository/HealthpostToCms/Page_HealthPost Store/select_--Select--Adernaline 0.'

2018-06-01 11:25:51 - [TEST_STEP][PASSED] - setText: Text '100' is set on object 'Object Repository/HealthpostToCms/Page_HealthPost Store/input_txttreat'

2018-06-01 11:25:51 - [MESSAGE][PASSED] - Text '100' is set on object 'Object Repository/HealthpostToCms/Page_HealthPost Store/input_txttreat'

2018-06-01 11:25:51 - [TEST_STEP][PASSED] - click: Object: 'Object Repository/HealthpostToCms/Page_HealthPost Store/button_Add' is clicked on

2018-06-01 11:25:51 - [MESSAGE][PASSED] - Object: 'Object Repository/HealthpostToCms/Page_HealthPost Store/button_Add' is clicked on

2018-06-01 11:25:51 - [TEST_STEP][PASSED] - selectOptionByIndex: All options with index in [12] are selected on object 'Object Repository/HealthpostToCms/Page_HealthPost Store/select_--Select--Schedule 1Inj'

2018-06-01 11:25:51 - [MESSAGE][PASSED] - All options with index in [12] are selected on object 'Object Repository/HealthpostToCms/Page_HealthPost Store/select_--Select--Schedule 1Inj'

2018-06-01 11:25:51 - [TEST_STEP][PASSED] - selectOptionByIndex: All options with index in [9] are selected on object 'Object Repository/HealthpostToCms/Page_HealthPost Store/select_--Select--Adernaline 0.'

2018-06-01 11:25:51 - [MESSAGE][PASSED] - All options with index in [9] are selected on object 'Object Repository/HealthpostToCms/Page_HealthPost Store/select_--Select--Adernaline 0.'

2018-06-01 11:25:51 - [TEST_STEP][PASSED] - setText: Text '100' is set on object 'Object Repository/HealthpostToCms/Page_HealthPost Store/input_txttreat'

2018-06-01 11:25:51 - [MESSAGE][PASSED] - Text '100' is set on object 'Object Repository/HealthpostToCms/Page_HealthPost Store/input_txttreat'

2018-06-01 11:25:51 - [TEST_STEP][PASSED] - click: Object: 'Object Repository/HealthpostToCms/Page_HealthPost Store/button_Add' is clicked on

2018-06-01 11:25:51 - [MESSAGE][PASSED] - Object: 'Object Repository/HealthpostToCms/Page_HealthPost Store/button_Add' is clicked on

2018-06-01 11:25:51 - [TEST_STEP][PASSED] - selectOptionByIndex: All options with index in [12] are selected on object 'Object Repository/HealthpostToCms/Page_HealthPost Store/select_--Select--Schedule 1Inj'

2018-06-01 11:25:52 - [MESSAGE][PASSED] - All options with index in [12] are selected on object 'Object Repository/HealthpostToCms/Page_HealthPost Store/select_--Select--Schedule 1Inj'

2018-06-01 11:25:52 - [TEST_STEP][PASSED] - selectOptionByIndex: All options with index in [10] are selected on object 'Object Repository/HealthpostToCms/Page_HealthPost Store/select_--Select--Adernaline 0.'

2018-06-01 11:25:52 - [MESSAGE][PASSED] - All options with index in [10] are selected on object 'Object Repository/HealthpostToCms/Page_HealthPost Store/select_--Select--Adernaline 0.'

2018-06-01 11:25:52 - [TEST_STEP][PASSED] - setText: Text '100' is set on object 'Object Repository/HealthpostToCms/Page_HealthPost Store/input_txttreat'

2018-06-01 11:25:52 - [MESSAGE][PASSED] - Text '100' is set on object 'Object Repository/HealthpostToCms/Page_HealthPost Store/input_txttreat'

2018-06-01 11:25:52 - [TEST_STEP][PASSED] - click: Object: 'Object Repository/HealthpostToCms/Page_HealthPost Store/button_Add' is clicked on

2018-06-01 11:25:52 - [MESSAGE][PASSED] - Object: 'Object Repository/HealthpostToCms/Page_HealthPost Store/button_Add' is clicked on

2018-06-01 11:25:52 - [TEST_STEP][PASSED] - selectOptionByIndex: All options with index in [12] are selected on object 'Object Repository/HealthpostToCms/Page_HealthPost Store/select_--Select--Schedule 1Inj'

2018-06-01 11:25:52 - [MESSAGE][PASSED] - All options with index in [12] are selected on object 'Object Repository/HealthpostToCms/Page_HealthPost Store/select_--Select--Schedule 1Inj'

2018-06-01 11:25:52 - [TEST_STEP][PASSED] - selectOptionByIndex: All options with index in [11] are selected on object 'Object Repository/HealthpostToCms/Page_HealthPost Store/select_--Select--Adernaline 0.'

2018-06-01 11:25:53 - [MESSAGE][PASSED] - All options with index in [11] are selected on object 'Object Repository/HealthpostToCms/Page_HealthPost Store/select_--Select--Adernaline 0.'

2018-06-01 11:25:53 - [TEST_STEP][PASSED] - setText: Text '100' is set on object 'Object Repository/HealthpostToCms/Page_HealthPost Store/input_txttreat'

2018-06-01 11:25:53 - [MESSAGE][PASSED] - Text '100' is set on object 'Object Repository/HealthpostToCms/Page_HealthPost Store/input_txttreat'

2018-06-01 11:25:53 - [TEST_STEP][PASSED] - click: Object: 'Object Repository/HealthpostToCms/Page_HealthPost Store/button_Add' is clicked on

2018-06-01 11:25:53 - [MESSAGE][PASSED] - Object: 'Object Repository/HealthpostToCms/Page_HealthPost Store/button_Add' is clicked on

2018-06-01 11:25:53 - [TEST_STEP][PASSED] - selectOptionByIndex: All options with index in [12] are selected on object 'Object Repository/HealthpostToCms/Page_HealthPost Store/select_--Select--Schedule 1Inj'

2018-06-01 11:25:53 - [MESSAGE][PASSED] - All options with index in [12] are selected on object 'Object Repository/HealthpostToCms/Page_HealthPost Store/select_--Select--Schedule 1Inj'

2018-06-01 11:25:53 - [TEST_STEP][PASSED] - selectOptionByIndex: All options with index in [12] are selected on object 'Object Repository/HealthpostToCms/Page_HealthPost Store/select_--Select--Adernaline 0.'

2018-06-01 11:25:53 - [MESSAGE][PASSED] - All options with index in [12] are selected on object 'Object Repository/HealthpostToCms/Page_HealthPost Store/select_--Select--Adernaline 0.'

2018-06-01 11:25:53 - [TEST_STEP][PASSED] - setText: Text '100' is set on object 'Object Repository/HealthpostToCms/Page_HealthPost Store/input_txttreat'

2018-06-01 11:25:54 - [MESSAGE][PASSED] - Text '100' is set on object 'Object Repository/HealthpostToCms/Page_HealthPost Store/input_txttreat'

2018-06-01 11:25:54 - [TEST_STEP][PASSED] - click: Object: 'Object Repository/HealthpostToCms/Page_HealthPost Store/button_Add' is clicked on

2018-06-01 11:25:54 - [MESSAGE][PASSED] - Object: 'Object Repository/HealthpostToCms/Page_HealthPost Store/button_Add' is clicked on

2018-06-01 11:25:54 - [TEST_STEP][PASSED] - selectOptionByIndex: All options with index in [12] are selected on object 'Object Repository/HealthpostToCms/Page_HealthPost Store/select_--Select--Schedule 1Inj'

2018-06-01 11:25:54 - [MESSAGE][PASSED] - All options with index in [12] are selected on object 'Object Repository/HealthpostToCms/Page_HealthPost Store/select_--Select--Schedule 1Inj'

2018-06-01 11:25:54 - [TEST_STEP][PASSED] - selectOptionByIndex: All options with index in [13] are selected on object 'Object Repository/HealthpostToCms/Page_HealthPost Store/select_--Select--Adernaline 0.'

2018-06-01 11:25:54 - [MESSAGE][PASSED] - All options with index in [13] are selected on object 'Object Repository/HealthpostToCms/Page_HealthPost Store/select_--Select--Adernaline 0.'

2018-06-01 11:25:54 - [TEST_STEP][PASSED] - setText: Text '100' is set on object 'Object Repository/HealthpostToCms/Page_HealthPost Store/input_txttreat'

2018-06-01 11:25:54 - [MESSAGE][PASSED] - Text '100' is set on object 'Object Repository/HealthpostToCms/Page_HealthPost Store/input_txttreat'

2018-06-01 11:25:54 - [TEST_STEP][PASSED] - click: Object: 'Object Repository/HealthpostToCms/Page_HealthPost Store/button_Add' is clicked on

2018-06-01 11:25:54 - [MESSAGE][PASSED] - Object: 'Object Repository/HealthpostToCms/Page_HealthPost Store/button_Add' is clicked on

2018-06-01 11:25:54 - [TEST_STEP][PASSED] - selectOptionByIndex: All options with index in [12] are selected on object 'Object Repository/HealthpostToCms/Page_HealthPost Store/select_--Select--Schedule 1Inj'

2018-06-01 11:25:55 - [MESSAGE][PASSED] - All options with index in [12] are selected on object 'Object Repository/HealthpostToCms/Page_HealthPost Store/select_--Select--Schedule 1Inj'

2018-06-01 11:25:55 - [TEST_STEP][PASSED] - selectOptionByIndex: All options with index in [14] are selected on object 'Object Repository/HealthpostToCms/Page_HealthPost Store/select_--Select--Adernaline 0.'

2018-06-01 11:25:55 - [MESSAGE][PASSED] - All options with index in [14] are selected on object 'Object Repository/HealthpostToCms/Page_HealthPost Store/select_--Select--Adernaline 0.'

2018-06-01 11:25:55 - [TEST_STEP][PASSED] - setText: Text '100' is set on object 'Object Repository/HealthpostToCms/Page_HealthPost Store/input_txttreat'

2018-06-01 11:25:55 - [MESSAGE][PASSED] - Text '100' is set on object 'Object Repository/HealthpostToCms/Page_HealthPost Store/input_txttreat'

2018-06-01 11:25:55 - [TEST_STEP][PASSED] - click: Object: 'Object Repository/HealthpostToCms/Page_HealthPost Store/button_Add' is clicked on

2018-06-01 11:25:55 - [MESSAGE][PASSED] - Object: 'Object Repository/HealthpostToCms/Page_HealthPost Store/button_Add' is clicked on

2018-06-01 11:25:55 - [TEST_STEP][PASSED] - selectOptionByIndex: All options with index in [12] are selected on object 'Object Repository/HealthpostToCms/Page_HealthPost Store/select_--Select--Schedule 1Inj'

2018-06-01 11:25:55 - [MESSAGE][PASSED] - All options with index in [12] are selected on object 'Object Repository/HealthpostToCms/Page_HealthPost Store/select_--Select--Schedule 1Inj'

2018-06-01 11:25:55 - [TEST_STEP][PASSED] - selectOptionByIndex: All options with index in [15] are selected on object 'Object Repository/HealthpostToCms/Page_HealthPost Store/select_--Select--Adernaline 0.'

2018-06-01 11:25:56 - [MESSAGE][PASSED] - All options with index in [15] are selected on object 'Object Repository/HealthpostToCms/Page_HealthPost Store/select_--Select--Adernaline 0.'

2018-06-01 11:25:56 - [TEST_STEP][PASSED] - setText: Text '100' is set on object 'Object Repository/HealthpostToCms/Page_HealthPost Store/input_txttreat'

2018-06-01 11:25:56 - [MESSAGE][PASSED] - Text '100' is set on object 'Object Repository/HealthpostToCms/Page_HealthPost Store/input_txttreat'

2018-06-01 11:25:56 - [TEST_STEP][PASSED] - click: Object: 'Object Repository/HealthpostToCms/Page_HealthPost Store/button_Add' is clicked on

2018-06-01 11:25:56 - [MESSAGE][PASSED] - Object: 'Object Repository/HealthpostToCms/Page_HealthPost Store/button_Add' is clicked on

2018-06-01 11:25:56 - [TEST_STEP][PASSED] - selectOptionByIndex: All options with index in [12] are selected on object 'Object Repository/HealthpostToCms/Page_HealthPost Store/select_--Select--Schedule 1Inj'

2018-06-01 11:25:56 - [MESSAGE][PASSED] - All options with index in [12] are selected on object 'Object Repository/HealthpostToCms/Page_HealthPost Store/select_--Select--Schedule 1Inj'

2018-06-01 11:25:56 - [TEST_STEP][PASSED] - selectOptionByIndex: All options with index in [16] are selected on object 'Object Repository/HealthpostToCms/Page_HealthPost Store/select_--Select--Adernaline 0.'

2018-06-01 11:25:57 - [MESSAGE][PASSED] - All options with index in [16] are selected on object 'Object Repository/HealthpostToCms/Page_HealthPost Store/select_--Select--Adernaline 0.'

2018-06-01 11:25:57 - [TEST_STEP][PASSED] - setText: Text '100' is set on object 'Object Repository/HealthpostToCms/Page_HealthPost Store/input_txttreat'

2018-06-01 11:25:57 - [MESSAGE][PASSED] - Text '100' is set on object 'Object Repository/HealthpostToCms/Page_HealthPost Store/input_txttreat'

2018-06-01 11:25:57 - [TEST_STEP][PASSED] - click: Object: 'Object Repository/HealthpostToCms/Page_HealthPost Store/button_Add' is clicked on

2018-06-01 11:25:57 - [MESSAGE][PASSED] - Object: 'Object Repository/HealthpostToCms/Page_HealthPost Store/button_Add' is clicked on

2018-06-01 11:25:57 - [TEST_STEP][PASSED] - selectOptionByIndex: All options with index in [12] are selected on object 'Object Repository/HealthpostToCms/Page_HealthPost Store/select_--Select--Schedule 1Inj'

2018-06-01 11:25:57 - [MESSAGE][PASSED] - All options with index in [12] are selected on object 'Object Repository/HealthpostToCms/Page_HealthPost Store/select_--Select--Schedule 1Inj'

2018-06-01 11:25:57 - [TEST_STEP][PASSED] - selectOptionByIndex: All options with index in [17] are selected on object 'Object Repository/HealthpostToCms/Page_HealthPost Store/select_--Select--Adernaline 0.'

2018-06-01 11:25:57 - [MESSAGE][PASSED] - All options with index in [17] are selected on object 'Object Repository/HealthpostToCms/Page_HealthPost Store/select_--Select--Adernaline 0.'

2018-06-01 11:25:57 - [TEST_STEP][PASSED] - setText: Text '100' is set on object 'Object Repository/HealthpostToCms/Page_HealthPost Store/input_txttreat'

2018-06-01 11:25:57 - [MESSAGE][PASSED] - Text '100' is set on object 'Object Repository/HealthpostToCms/Page_HealthPost Store/input_txttreat'

2018-06-01 11:25:57 - [TEST_STEP][PASSED] - click: Object: 'Object Repository/HealthpostToCms/Page_HealthPost Store/button_Add' is clicked on

2018-06-01 11:25:57 - [MESSAGE][PASSED] - Object: 'Object Repository/HealthpostToCms/Page_HealthPost Store/button_Add' is clicked on

2018-06-01 11:25:57 - [TEST_STEP][PASSED] - selectOptionByIndex: All options with index in [12] are selected on object 'Object Repository/HealthpostToCms/Page_HealthPost Store/select_--Select--Schedule 1Inj'

2018-06-01 11:25:58 - [MESSAGE][PASSED] - All options with index in [12] are selected on object 'Object Repository/HealthpostToCms/Page_HealthPost Store/select_--Select--Schedule 1Inj'

2018-06-01 11:25:58 - [TEST_STEP][PASSED] - selectOptionByIndex: All options with index in [18] are selected on object 'Object Repository/HealthpostToCms/Page_HealthPost Store/select_--Select--Adernaline 0.'

2018-06-01 11:25:58 - [MESSAGE][PASSED] - All options with index in [18] are selected on object 'Object Repository/HealthpostToCms/Page_HealthPost Store/select_--Select--Adernaline 0.'

2018-06-01 11:25:58 - [TEST_STEP][PASSED] - setText: Text '100' is set on object 'Object Repository/HealthpostToCms/Page_HealthPost Store/input_txttreat'

2018-06-01 11:25:58 - [MESSAGE][PASSED] - Text '100' is set on object 'Object Repository/HealthpostToCms/Page_HealthPost Store/input_txttreat'

2018-06-01 11:25:58 - [TEST_STEP][PASSED] - click: Object: 'Object Repository/HealthpostToCms/Page_HealthPost Store/button_Add' is clicked on

2018-06-01 11:25:58 - [MESSAGE][PASSED] - Object: 'Object Repository/HealthpostToCms/Page_HealthPost Store/button_Add' is clicked on

2018-06-01 11:25:58 - [TEST_STEP][PASSED] - scrollToElement: Scroll to object 'Object Repository/HealthpostToCms/Page_HealthPost Store/input_btnsave' successfully

2018-06-01 11:25:58 - [MESSAGE][PASSED] - Scroll to object 'Object Repository/HealthpostToCms/Page_HealthPost Store/input_btnsave' successfully

2018-06-01 11:25:58 - [TEST_STEP][PASSED] - click: Object: 'Object Repository/HealthpostToCms/Page_HealthPost Store/input_btnsave' is clicked on

2018-06-01 11:25:58 - [MESSAGE][PASSED] - Object: 'Object Repository/HealthpostToCms/Page_HealthPost Store/input_btnsave' is clicked on

2018-06-01 11:25:58 - [TEST_STEP][PASSED] - delay: Delayed 3 second(s)

2018-06-01 11:26:01 - [MESSAGE][PASSED] - Delayed 3 second(s)

2018-06-01 11:26:01 - [TEST_STEP][PASSED] - Statement - RN1 = com.kms.katalon.core.webui.keyword.WebUiBuiltInKeywords.getText(com.kms.katalon.core.testobject.ObjectRepository.findTestObject(HealthpostToCms/Page_HealthPost Store/font_PRNO18052018174)): Text of object 'Object Repository/HealthpostToCms/Page_HealthPost Store/font_PRNO18052018174' is: 'PRNO/01062018/529'

2018-06-01 11:26:01 - [MESSAGE][PASSED] - Text of object 'Object Repository/HealthpostToCms/Page_HealthPost Store/font_PRNO18052018174' is: 'PRNO/01062018/529'

2018-06-01 11:26:01 - [TEST_STEP][PASSED] - Statement - out.println(RN1): null

2018-06-01 11:26:01 - [TEST_STEP][PASSED] - Statement - RID = RN1.split("/")[2]: null

2018-06-01 11:26:01 - [TEST_STEP][PASSED] - click: Object: 'Object Repository/HealthpostToCms/Page_HealthPost Store/button_OK' is clicked on

2018-06-01 11:26:02 - [MESSAGE][PASSED] - Object: 'Object Repository/HealthpostToCms/Page_HealthPost Store/button_OK' is clicked on

2018-06-01 11:26:02 - [TEST_STEP][PASSED] - delay: Delayed 3 second(s)

2018-06-01 11:26:05 - [MESSAGE][PASSED] - Delayed 3 second(s)

2018-06-01 11:26:05 - [TEST_STEP][PASSED] - click: Object: 'Object Repository/HealthpostToCms/Page_HealthPost Store/a_dropdown-toggle' is clicked on

2018-06-01 11:26:05 - [MESSAGE][PASSED] - Object: 'Object Repository/HealthpostToCms/Page_HealthPost Store/a_dropdown-toggle' is clicked on

2018-06-01 11:26:05 - [TEST_STEP][PASSED] - click: Object: 'Object Repository/HealthpostToCms/Page_HealthPost Store/a_Sign out' is clicked on

2018-06-01 11:26:06 - [MESSAGE][PASSED] - Object: 'Object Repository/HealthpostToCms/Page_HealthPost Store/a_Sign out' is clicked on

2018-06-01 11:26:06 - [TEST_STEP][PASSED] - delay: Delayed 3 second(s)

2018-06-01 11:26:09 - [MESSAGE][PASSED] - Delayed 3 second(s)

2018-06-01 11:26:09 - [TEST_STEP][PASSED] - navigateToUrl: Navigate to 'http://192.168.137.1/multihospital_new/' successfully

2018-06-01 11:26:09 - [MESSAGE][PASSED] - Navigate to 'http://192.168.137.1/multihospital_new/' successfully

2018-06-01 11:26:09 - [TEST_STEP][PASSED] - click: Object: 'Object Repository/HealthpostToCms/Page_KDMC/a_CMO' is clicked on

2018-06-01 11:26:10 - [MESSAGE][PASSED] - Object: 'Object Repository/HealthpostToCms/Page_KDMC/a_CMO' is clicked on

2018-06-01 11:26:10 - [TEST_STEP][PASSED] - setText: Text 'guru' is set on object 'Object Repository/HealthpostToCms/Page_CMO login/input_txtusername'

2018-06-01 11:26:10 - [MESSAGE][PASSED] - Text 'guru' is set on object 'Object Repository/HealthpostToCms/Page_CMO login/input_txtusername'

2018-06-01 11:26:10 - [TEST_STEP][PASSED] - setText: Text '123' is set on object 'Object Repository/HealthpostToCms/Page_CMO login/input_txtpassword'

2018-06-01 11:26:10 - [MESSAGE][PASSED] - Text '123' is set on object 'Object Repository/HealthpostToCms/Page_CMO login/input_txtpassword'

2018-06-01 11:26:10 - [TEST_STEP][PASSED] - delay: Delayed 3 second(s)

2018-06-01 11:26:13 - [MESSAGE][PASSED] - Delayed 3 second(s)

2018-06-01 11:26:13 - [TEST_STEP][PASSED] - click: Object: 'Object Repository/HealthpostToCms/Page_CMO login/button_Sign in' is clicked on

2018-06-01 11:26:14 - [MESSAGE][PASSED] - Object: 'Object Repository/HealthpostToCms/Page_CMO login/button_Sign in' is clicked on

2018-06-01 11:26:14 - [TEST_STEP][PASSED] - delay: Delayed 3 second(s)

2018-06-01 11:26:17 - [MESSAGE][PASSED] - Delayed 3 second(s)

2018-06-01 11:26:17 - [TEST_STEP][PASSED] - click: Object: 'Object Repository/HealthpostToCms/Page_KDMC - CMO/a_CMS Request' is clicked on

2018-06-01 11:26:17 - [MESSAGE][PASSED] - Object: 'Object Repository/HealthpostToCms/Page_KDMC - CMO/a_CMS Request' is clicked on

2018-06-01 11:26:17 - [TEST_STEP][PASSED] - delay: Delayed 2 second(s)

2018-06-01 11:26:19 - [MESSAGE][PASSED] - Delayed 2 second(s)

2018-06-01 11:26:19 - [TEST_STEP][PASSED] - click: Object: 'Object Repository/HealthpostToCms/Page_KDMC - CMO/a_Healthpost Store Request' is clicked on

2018-06-01 11:26:20 - [MESSAGE][PASSED] - Object: 'Object Repository/HealthpostToCms/Page_KDMC - CMO/a_Healthpost Store Request' is clicked on

2018-06-01 11:26:20 - [TEST_STEP][PASSED] - selectOptionByIndex: All options with index in [1] are selected on object 'Object Repository/HealthpostToCms/Page_KDMC - CMO/select_--ALL--'

2018-06-01 11:26:20 - [MESSAGE][PASSED] - All options with index in [1] are selected on object 'Object Repository/HealthpostToCms/Page_KDMC - CMO/select_--ALL--'

2018-06-01 11:26:20 - [TEST_STEP][PASSED] - click: Object: 'Object Repository/HealthpostToCms/Page_KDMC - CMO/input_btnsearch' is clicked on

2018-06-01 11:26:20 - [MESSAGE][PASSED] - Object: 'Object Repository/HealthpostToCms/Page_KDMC - CMO/input_btnsearch' is clicked on

2018-06-01 11:26:20 - [TEST_STEP][PASSED] - Statement - ID = com.kms.katalon.core.webui.keyword.WebUiBuiltInKeywords.modifyObjectProperty(com.kms.katalon.core.testobject.ObjectRepository.findTestObject(lab/Page_KDMC - CMO/input_1), "xpath", "equals", "//*[@id=" + RID + "]", true): Modify property of object successfully

2018-06-01 11:26:20 - [MESSAGE][PASSED] - Modify property of object successfully

2018-06-01 11:26:20 - [TEST_STEP][PASSED] - click: Object: 'Object Repository/lab/Page_KDMC - CMO/input_1' is clicked on

2018-06-01 11:26:21 - [MESSAGE][PASSED] - Object: 'Object Repository/lab/Page_KDMC - CMO/input_1' is clicked on

2018-06-01 11:26:21 - [TEST_STEP][PASSED] - delay: Delayed 2 second(s)

2018-06-01 11:26:23 - [MESSAGE][PASSED] - Delayed 2 second(s)

2018-06-01 11:26:23 - [TEST_STEP][PASSED] - selectOptionByIndex: All options with index in [1] are selected on object 'Object Repository/HealthpostToCms/Page_KDMC - CMO/select_--Select--'

2018-06-01 11:26:23 - [MESSAGE][PASSED] - All options with index in [1] are selected on object 'Object Repository/HealthpostToCms/Page_KDMC - CMO/select_--Select--'

2018-06-01 11:26:23 - [TEST_STEP][PASSED] - click: Object: 'Object Repository/HealthpostToCms/Page_KDMC - CMO/input_btnupdate' is clicked on

2018-06-01 11:26:23 - [MESSAGE][PASSED] - Object: 'Object Repository/HealthpostToCms/Page_KDMC - CMO/input_btnupdate' is clicked on

2018-06-01 11:26:23 - [TEST_STEP][PASSED] - delay: Delayed 2 second(s)

2018-06-01 11:26:25 - [MESSAGE][PASSED] - Delayed 2 second(s)

2018-06-01 11:26:25 - [TEST_STEP][PASSED] - click: Object: 'Object Repository/HealthpostToCms/Page_KDMC - CMO/button_OK' is clicked on

2018-06-01 11:26:26 - [MESSAGE][PASSED] - Object: 'Object Repository/HealthpostToCms/Page_KDMC - CMO/button_OK' is clicked on

2018-06-01 11:26:26 - [TEST_STEP][PASSED] - delay: Delayed 3 second(s)

2018-06-01 11:26:29 - [MESSAGE][PASSED] - Delayed 3 second(s)

2018-06-01 11:26:29 - [TEST_STEP][PASSED] - click: Object: 'Object Repository/HealthpostToCms/Page_KDMC - CMO/a_dropdown-toggle' is clicked on

2018-06-01 11:26:29 - [MESSAGE][PASSED] - Object: 'Object Repository/HealthpostToCms/Page_KDMC - CMO/a_dropdown-toggle' is clicked on

2018-06-01 11:26:29 - [TEST_STEP][PASSED] - click: Object: 'Object Repository/HealthpostToCms/Page_KDMC - CMO/a_Sign out' is clicked on

2018-06-01 11:26:29 - [MESSAGE][PASSED] - Object: 'Object Repository/HealthpostToCms/Page_KDMC - CMO/a_Sign out' is clicked on

2018-06-01 11:26:29 - [TEST_STEP][PASSED] - delay: Delayed 3 second(s)

2018-06-01 11:26:32 - [MESSAGE][PASSED] - Delayed 3 second(s)

2018-06-01 11:26:32 - [TEST_STEP][PASSED] - click: Object: 'Object Repository/HealthpostToCms/Page_KDMC/a_CMS' is clicked on

2018-06-01 11:26:33 - [MESSAGE][PASSED] - Object: 'Object Repository/HealthpostToCms/Page_KDMC/a_CMS' is clicked on

2018-06-01 11:26:33 - [TEST_STEP][PASSED] - setText: Text 'bala' is set on object 'Object Repository/HealthpostToCms/Page_CMS login/input_txtusername'

2018-06-01 11:26:33 - [MESSAGE][PASSED] - Text 'bala' is set on object 'Object Repository/HealthpostToCms/Page_CMS login/input_txtusername'

2018-06-01 11:26:33 - [TEST_STEP][PASSED] - setText: Text '123' is set on object 'Object Repository/HealthpostToCms/Page_CMS login/input_txtpassword'

2018-06-01 11:26:33 - [MESSAGE][PASSED] - Text '123' is set on object 'Object Repository/HealthpostToCms/Page_CMS login/input_txtpassword'

2018-06-01 11:26:33 - [TEST_STEP][PASSED] - delay: Delayed 3 second(s)

2018-06-01 11:26:36 - [MESSAGE][PASSED] - Delayed 3 second(s)

2018-06-01 11:26:36 - [TEST_STEP][PASSED] - click: Object: 'Object Repository/HealthpostToCms/Page_CMS login/button_Sign in' is clicked on

2018-06-01 11:26:37 - [MESSAGE][PASSED] - Object: 'Object Repository/HealthpostToCms/Page_CMS login/button_Sign in' is clicked on

2018-06-01 11:26:37 - [TEST_STEP][PASSED] - delay: Delayed 3 second(s)

2018-06-01 11:26:40 - [MESSAGE][PASSED] - Delayed 3 second(s)

2018-06-01 11:26:40 - [TEST_STEP][PASSED] - click: Object: 'Object Repository/HealthpostToCms/Page_KDMC - CMS/a_Divisional Store' is clicked on

2018-06-01 11:26:40 - [MESSAGE][PASSED] - Object: 'Object Repository/HealthpostToCms/Page_KDMC - CMS/a_Divisional Store' is clicked on

2018-06-01 11:26:40 - [TEST_STEP][PASSED] - delay: Delayed 2 second(s)

2018-06-01 11:26:42 - [MESSAGE][PASSED] - Delayed 2 second(s)

2018-06-01 11:26:42 - [TEST_STEP][PASSED] - click: Object: 'Object Repository/HealthpostToCms/Page_KDMC - CMS/a_Dispatch Items' is clicked on

2018-06-01 11:26:42 - [MESSAGE][PASSED] - Object: 'Object Repository/HealthpostToCms/Page_KDMC - CMS/a_Dispatch Items' is clicked on

2018-06-01 11:26:42 - [TEST_STEP][PASSED] - delay: Delayed 2 second(s)

2018-06-01 11:26:44 - [MESSAGE][PASSED] - Delayed 2 second(s)

2018-06-01 11:26:44 - [TEST_STEP][PASSED] - setText: Text 'PRNO/01062018/529' is set on object 'Object Repository/HealthpostToCms/Page_KDMC - CMS/input'

2018-06-01 11:26:45 - [MESSAGE][PASSED] - Text 'PRNO/01062018/529' is set on object 'Object Repository/HealthpostToCms/Page_KDMC - CMS/input'

2018-06-01 11:26:45 - [TEST_STEP][PASSED] - click: Object: 'Object Repository/HealthpostToCms/Page_KDMC - CMS/input_PRNO18052018174' is clicked on

2018-06-01 11:26:45 - [MESSAGE][PASSED] - Object: 'Object Repository/HealthpostToCms/Page_KDMC - CMS/input_PRNO18052018174' is clicked on

2018-06-01 11:26:45 - [TEST_STEP][PASSED] - Statement - out.println("Length : " + medicineslength): null

2018-06-01 11:26:45 - [TEST_STEP][PASSED] - Statement - For ([row = 0, row < medicineslength - 1, (row++)]): null

2018-06-01 11:26:45 - [TEST_STEP][PASSED] - Statement - batchlength = new com.kms.katalon.core.testobject.TestObject(): null

2018-06-01 11:26:45 - [TEST_STEP][PASSED] - Statement - batchlength = com.kms.katalon.core.webui.keyword.WebUiBuiltInKeywords.modifyObjectProperty(batchlength, "xpath", "equals", "//*[@id = "fldvendor" + row + ""]", true): Modify property of object successfully

2018-06-01 11:26:45 - [MESSAGE][PASSED] - Modify property of object successfully

2018-06-01 11:26:45 - [TEST_STEP][PASSED] - Statement - batchsize = com.kms.katalon.core.webui.keyword.WebUiBuiltInKeywords.getNumberOfTotalOption(batchlength): 10 options of object '' counted

2018-06-01 11:26:46 - [MESSAGE][PASSED] - 10 options of object '' counted

2018-06-01 11:26:46 - [TEST_STEP][PASSED] - Statement - out.println("BatchSize : " + batchsize): null

2018-06-01 11:26:46 - [TEST_STEP][PASSED] - Statement - For ([n = 1, n <= batchsize - 1, (n++)]): null

2018-06-01 11:26:46 - [TEST_STEP][PASSED] - Statement - product = new com.kms.katalon.core.testobject.TestObject(): null

2018-06-01 11:26:46 - [TEST_STEP][PASSED] - Statement - product = com.kms.katalon.core.webui.keyword.WebUiBuiltInKeywords.modifyObjectProperty(product, "xpath", "equals", "//*[@id = "fldvendor" + row + ""]", true): Modify property of object successfully

2018-06-01 11:26:46 - [MESSAGE][PASSED] - Modify property of object successfully

2018-06-01 11:26:46 - [TEST_STEP][PASSED] - selectOptionByIndex: All options with index in [1] are selected on object ''

2018-06-01 11:26:46 - [MESSAGE][PASSED] - All options with index in [1] are selected on object ''

2018-06-01 11:26:46 - [TEST_STEP][PASSED] - Statement - batch = new com.kms.katalon.core.testobject.TestObject(): null

2018-06-01 11:26:46 - [TEST_STEP][PASSED] - Statement - batch = com.kms.katalon.core.webui.keyword.WebUiBuiltInKeywords.modifyObjectProperty(batch, "xpath", "equals", "//*[@id = "txtbthqty" + row + ""]", true): Modify property of object successfully

2018-06-01 11:26:46 - [MESSAGE][PASSED] - Modify property of object successfully

2018-06-01 11:26:46 - [TEST_STEP][PASSED] - Statement - batchqty = com.kms.katalon.core.webui.keyword.WebUiBuiltInKeywords.getAttribute(batch, "value").trim(): Attribute 'value' of object '' is: '38700'

2018-06-01 11:26:46 - [MESSAGE][PASSED] - Attribute 'value' of object '' is: '38700'

2018-06-01 11:26:46 - [TEST_STEP][PASSED] - Statement - Rqty = 100: null

2018-06-01 11:26:46 - [TEST_STEP][PASSED] - delay: Delayed 2 second(s)

2018-06-01 11:26:48 - [MESSAGE][PASSED] - Delayed 2 second(s)

2018-06-01 11:26:48 - [TEST_STEP][PASSED] - Statement - out.println("BatchQty : " + batchqty): null

2018-06-01 11:26:48 - [TEST_STEP][PASSED] - Statement - out.println("RQty : " + Rqty): null

2018-06-01 11:26:48 - [TEST_STEP][PASSED] - Statement - If (java.lang.Integer.valueOf(batchqty) >= java.lang.Integer.valueOf(Rqty)): null

2018-06-01 11:26:48 - [TEST_STEP][PASSED] - Statement - Break: null

2018-06-01 11:26:48 - [TEST_STEP][PASSED] - Statement - batchlength = new com.kms.katalon.core.testobject.TestObject(): null

2018-06-01 11:26:48 - [TEST_STEP][PASSED] - Statement - batchlength = com.kms.katalon.core.webui.keyword.WebUiBuiltInKeywords.modifyObjectProperty(batchlength, "xpath", "equals", "//*[@id = "fldvendor" + row + ""]", true): Modify property of object successfully

2018-06-01 11:26:48 - [MESSAGE][PASSED] - Modify property of object successfully

2018-06-01 11:26:48 - [TEST_STEP][PASSED] - Statement - batchsize = com.kms.katalon.core.webui.keyword.WebUiBuiltInKeywords.getNumberOfTotalOption(batchlength): 10 options of object '' counted

2018-06-01 11:26:48 - [MESSAGE][PASSED] - 10 options of object '' counted

2018-06-01 11:26:48 - [TEST_STEP][PASSED] - Statement - out.println("BatchSize : " + batchsize): null

2018-06-01 11:26:48 - [TEST_STEP][PASSED] - Statement - For ([n = 1, n <= batchsize - 1, (n++)]): null

2018-06-01 11:26:48 - [TEST_STEP][PASSED] - Statement - product = new com.kms.katalon.core.testobject.TestObject(): null

2018-06-01 11:26:48 - [TEST_STEP][PASSED] - Statement - product = com.kms.katalon.core.webui.keyword.WebUiBuiltInKeywords.modifyObjectProperty(product, "xpath", "equals", "//*[@id = "fldvendor" + row + ""]", true): Modify property of object successfully

2018-06-01 11:26:48 - [MESSAGE][PASSED] - Modify property of object successfully

2018-06-01 11:26:48 - [TEST_STEP][PASSED] - selectOptionByIndex: All options with index in [1] are selected on object ''

2018-06-01 11:26:48 - [MESSAGE][PASSED] - All options with index in [1] are selected on object ''

2018-06-01 11:26:48 - [TEST_STEP][PASSED] - Statement - batch = new com.kms.katalon.core.testobject.TestObject(): null

2018-06-01 11:26:48 - [TEST_STEP][PASSED] - Statement - batch = com.kms.katalon.core.webui.keyword.WebUiBuiltInKeywords.modifyObjectProperty(batch, "xpath", "equals", "//*[@id = "txtbthqty" + row + ""]", true): Modify property of object successfully

2018-06-01 11:26:48 - [MESSAGE][PASSED] - Modify property of object successfully

2018-06-01 11:26:48 - [TEST_STEP][PASSED] - Statement - batchqty = com.kms.katalon.core.webui.keyword.WebUiBuiltInKeywords.getAttribute(batch, "value").trim(): Attribute 'value' of object '' is: '37500'

2018-06-01 11:26:48 - [MESSAGE][PASSED] - Attribute 'value' of object '' is: '37500'

2018-06-01 11:26:48 - [TEST_STEP][PASSED] - Statement - Rqty = 100: null

2018-06-01 11:26:48 - [TEST_STEP][PASSED] - delay: Delayed 2 second(s)

2018-06-01 11:26:50 - [MESSAGE][PASSED] - Delayed 2 second(s)

2018-06-01 11:26:50 - [TEST_STEP][PASSED] - Statement - out.println("BatchQty : " + batchqty): null

2018-06-01 11:26:50 - [TEST_STEP][PASSED] - Statement - out.println("RQty : " + Rqty): null

2018-06-01 11:26:50 - [TEST_STEP][PASSED] - Statement - If (java.lang.Integer.valueOf(batchqty) >= java.lang.Integer.valueOf(Rqty)): null

2018-06-01 11:26:50 - [TEST_STEP][PASSED] - Statement - Break: null

2018-06-01 11:26:50 - [TEST_STEP][PASSED] - Statement - batchlength = new com.kms.katalon.core.testobject.TestObject(): null

2018-06-01 11:26:50 - [TEST_STEP][PASSED] - Statement - batchlength = com.kms.katalon.core.webui.keyword.WebUiBuiltInKeywords.modifyObjectProperty(batchlength, "xpath", "equals", "//*[@id = "fldvendor" + row + ""]", true): Modify property of object successfully

2018-06-01 11:26:50 - [MESSAGE][PASSED] - Modify property of object successfully

2018-06-01 11:26:50 - [TEST_STEP][PASSED] - Statement - batchsize = com.kms.katalon.core.webui.keyword.WebUiBuiltInKeywords.getNumberOfTotalOption(batchlength): 10 options of object '' counted

2018-06-01 11:26:50 - [MESSAGE][PASSED] - 10 options of object '' counted

2018-06-01 11:26:50 - [TEST_STEP][PASSED] - Statement - out.println("BatchSize : " + batchsize): null

2018-06-01 11:26:50 - [TEST_STEP][PASSED] - Statement - For ([n = 1, n <= batchsize - 1, (n++)]): null

2018-06-01 11:26:50 - [TEST_STEP][PASSED] - Statement - product = new com.kms.katalon.core.testobject.TestObject(): null

2018-06-01 11:26:50 - [TEST_STEP][PASSED] - Statement - product = com.kms.katalon.core.webui.keyword.WebUiBuiltInKeywords.modifyObjectProperty(product, "xpath", "equals", "//*[@id = "fldvendor" + row + ""]", true): Modify property of object successfully

2018-06-01 11:26:50 - [MESSAGE][PASSED] - Modify property of object successfully

2018-06-01 11:26:50 - [TEST_STEP][PASSED] - selectOptionByIndex: All options with index in [1] are selected on object ''

2018-06-01 11:26:51 - [MESSAGE][PASSED] - All options with index in [1] are selected on object ''

2018-06-01 11:26:51 - [TEST_STEP][PASSED] - Statement - batch = new com.kms.katalon.core.testobject.TestObject(): null

2018-06-01 11:26:51 - [TEST_STEP][PASSED] - Statement - batch = com.kms.katalon.core.webui.keyword.WebUiBuiltInKeywords.modifyObjectProperty(batch, "xpath", "equals", "//*[@id = "txtbthqty" + row + ""]", true): Modify property of object successfully

2018-06-01 11:26:51 - [MESSAGE][PASSED] - Modify property of object successfully

2018-06-01 11:26:51 - [TEST_STEP][PASSED] - Statement - batchqty = com.kms.katalon.core.webui.keyword.WebUiBuiltInKeywords.getAttribute(batch, "value").trim(): Attribute 'value' of object '' is: '48700'

2018-06-01 11:26:51 - [MESSAGE][PASSED] - Attribute 'value' of object '' is: '48700'

2018-06-01 11:26:51 - [TEST_STEP][PASSED] - Statement - Rqty = 100: null

2018-06-01 11:26:51 - [TEST_STEP][PASSED] - delay: Delayed 2 second(s)

2018-06-01 11:26:53 - [MESSAGE][PASSED] - Delayed 2 second(s)

2018-06-01 11:26:53 - [TEST_STEP][PASSED] - Statement - out.println("BatchQty : " + batchqty): null

2018-06-01 11:26:53 - [TEST_STEP][PASSED] - Statement - out.println("RQty : " + Rqty): null

2018-06-01 11:26:53 - [TEST_STEP][PASSED] - Statement - If (java.lang.Integer.valueOf(batchqty) >= java.lang.Integer.valueOf(Rqty)): null

2018-06-01 11:26:53 - [TEST_STEP][PASSED] - Statement - Break: null

2018-06-01 11:26:53 - [TEST_STEP][PASSED] - Statement - batchlength = new com.kms.katalon.core.testobject.TestObject(): null

2018-06-01 11:26:53 - [TEST_STEP][PASSED] - Statement - batchlength = com.kms.katalon.core.webui.keyword.WebUiBuiltInKeywords.modifyObjectProperty(batchlength, "xpath", "equals", "//*[@id = "fldvendor" + row + ""]", true): Modify property of object successfully

2018-06-01 11:26:53 - [MESSAGE][PASSED] - Modify property of object successfully

2018-06-01 11:26:53 - [TEST_STEP][PASSED] - Statement - batchsize = com.kms.katalon.core.webui.keyword.WebUiBuiltInKeywords.getNumberOfTotalOption(batchlength): 10 options of object '' counted

2018-06-01 11:26:53 - [MESSAGE][PASSED] - 10 options of object '' counted

2018-06-01 11:26:53 - [TEST_STEP][PASSED] - Statement - out.println("BatchSize : " + batchsize): null

2018-06-01 11:26:53 - [TEST_STEP][PASSED] - Statement - For ([n = 1, n <= batchsize - 1, (n++)]): null

2018-06-01 11:26:53 - [TEST_STEP][PASSED] - Statement - product = new com.kms.katalon.core.testobject.TestObject(): null

2018-06-01 11:26:53 - [TEST_STEP][PASSED] - Statement - product = com.kms.katalon.core.webui.keyword.WebUiBuiltInKeywords.modifyObjectProperty(product, "xpath", "equals", "//*[@id = "fldvendor" + row + ""]", true): Modify property of object successfully

2018-06-01 11:26:53 - [MESSAGE][PASSED] - Modify property of object successfully

2018-06-01 11:26:53 - [TEST_STEP][PASSED] - selectOptionByIndex: All options with index in [1] are selected on object ''

2018-06-01 11:26:53 - [MESSAGE][PASSED] - All options with index in [1] are selected on object ''

2018-06-01 11:26:53 - [TEST_STEP][PASSED] - Statement - batch = new com.kms.katalon.core.testobject.TestObject(): null

2018-06-01 11:26:53 - [TEST_STEP][PASSED] - Statement - batch = com.kms.katalon.core.webui.keyword.WebUiBuiltInKeywords.modifyObjectProperty(batch, "xpath", "equals", "//*[@id = "txtbthqty" + row + ""]", true): Modify property of object successfully

2018-06-01 11:26:53 - [MESSAGE][PASSED] - Modify property of object successfully

2018-06-01 11:26:53 - [TEST_STEP][PASSED] - Statement - batchqty = com.kms.katalon.core.webui.keyword.WebUiBuiltInKeywords.getAttribute(batch, "value").trim(): Attribute 'value' of object '' is: '48700'

2018-06-01 11:26:53 - [MESSAGE][PASSED] - Attribute 'value' of object '' is: '48700'

2018-06-01 11:26:53 - [TEST_STEP][PASSED] - Statement - Rqty = 100: null

2018-06-01 11:26:53 - [TEST_STEP][PASSED] - delay: Delayed 2 second(s)

2018-06-01 11:26:55 - [MESSAGE][PASSED] - Delayed 2 second(s)

2018-06-01 11:26:55 - [TEST_STEP][PASSED] - Statement - out.println("BatchQty : " + batchqty): null

2018-06-01 11:26:55 - [TEST_STEP][PASSED] - Statement - out.println("RQty : " + Rqty): null

2018-06-01 11:26:55 - [TEST_STEP][PASSED] - Statement - If (java.lang.Integer.valueOf(batchqty) >= java.lang.Integer.valueOf(Rqty)): null

2018-06-01 11:26:55 - [TEST_STEP][PASSED] - Statement - Break: null

2018-06-01 11:26:55 - [TEST_STEP][PASSED] - Statement - batchlength = new com.kms.katalon.core.testobject.TestObject(): null

2018-06-01 11:26:55 - [TEST_STEP][PASSED] - Statement - batchlength = com.kms.katalon.core.webui.keyword.WebUiBuiltInKeywords.modifyObjectProperty(batchlength, "xpath", "equals", "//*[@id = "fldvendor" + row + ""]", true): Modify property of object successfully

2018-06-01 11:26:55 - [MESSAGE][PASSED] - Modify property of object successfully

2018-06-01 11:26:55 - [TEST_STEP][PASSED] - Statement - batchsize = com.kms.katalon.core.webui.keyword.WebUiBuiltInKeywords.getNumberOfTotalOption(batchlength): 10 options of object '' counted

2018-06-01 11:26:55 - [MESSAGE][PASSED] - 10 options of object '' counted

2018-06-01 11:26:55 - [TEST_STEP][PASSED] - Statement - out.println("BatchSize : " + batchsize): null

2018-06-01 11:26:55 - [TEST_STEP][PASSED] - Statement - For ([n = 1, n <= batchsize - 1, (n++)]): null

2018-06-01 11:26:55 - [TEST_STEP][PASSED] - Statement - product = new com.kms.katalon.core.testobject.TestObject(): null

2018-06-01 11:26:55 - [TEST_STEP][PASSED] - Statement - product = com.kms.katalon.core.webui.keyword.WebUiBuiltInKeywords.modifyObjectProperty(product, "xpath", "equals", "//*[@id = "fldvendor" + row + ""]", true): Modify property of object successfully

2018-06-01 11:26:55 - [MESSAGE][PASSED] - Modify property of object successfully

2018-06-01 11:26:55 - [TEST_STEP][PASSED] - selectOptionByIndex: All options with index in [1] are selected on object ''

2018-06-01 11:26:55 - [MESSAGE][PASSED] - All options with index in [1] are selected on object ''

2018-06-01 11:26:55 - [TEST_STEP][PASSED] - Statement - batch = new com.kms.katalon.core.testobject.TestObject(): null

2018-06-01 11:26:55 - [TEST_STEP][PASSED] - Statement - batch = com.kms.katalon.core.webui.keyword.WebUiBuiltInKeywords.modifyObjectProperty(batch, "xpath", "equals", "//*[@id = "txtbthqty" + row + ""]", true): Modify property of object successfully

2018-06-01 11:26:55 - [MESSAGE][PASSED] - Modify property of object successfully

2018-06-01 11:26:55 - [TEST_STEP][PASSED] - Statement - batchqty = com.kms.katalon.core.webui.keyword.WebUiBuiltInKeywords.getAttribute(batch, "value").trim(): Attribute 'value' of object '' is: '49800'

2018-06-01 11:26:55 - [MESSAGE][PASSED] - Attribute 'value' of object '' is: '49800'

2018-06-01 11:26:55 - [TEST_STEP][PASSED] - Statement - Rqty = 100: null

2018-06-01 11:26:55 - [TEST_STEP][PASSED] - delay: Delayed 2 second(s)

2018-06-01 11:26:57 - [MESSAGE][PASSED] - Delayed 2 second(s)

2018-06-01 11:26:57 - [TEST_STEP][PASSED] - Statement - out.println("BatchQty : " + batchqty): null

2018-06-01 11:26:57 - [TEST_STEP][PASSED] - Statement - out.println("RQty : " + Rqty): null

2018-06-01 11:26:57 - [TEST_STEP][PASSED] - Statement - If (java.lang.Integer.valueOf(batchqty) >= java.lang.Integer.valueOf(Rqty)): null

2018-06-01 11:26:57 - [TEST_STEP][PASSED] - Statement - Break: null

2018-06-01 11:26:57 - [TEST_STEP][PASSED] - Statement - batchlength = new com.kms.katalon.core.testobject.TestObject(): null

2018-06-01 11:26:57 - [TEST_STEP][PASSED] - Statement - batchlength = com.kms.katalon.core.webui.keyword.WebUiBuiltInKeywords.modifyObjectProperty(batchlength, "xpath", "equals", "//*[@id = "fldvendor" + row + ""]", true): Modify property of object successfully

2018-06-01 11:26:57 - [MESSAGE][PASSED] - Modify property of object successfully

2018-06-01 11:26:57 - [TEST_STEP][PASSED] - Statement - batchsize = com.kms.katalon.core.webui.keyword.WebUiBuiltInKeywords.getNumberOfTotalOption(batchlength): 10 options of object '' counted

2018-06-01 11:26:57 - [MESSAGE][PASSED] - 10 options of object '' counted

2018-06-01 11:26:57 - [TEST_STEP][PASSED] - Statement - out.println("BatchSize : " + batchsize): null

2018-06-01 11:26:57 - [TEST_STEP][PASSED] - Statement - For ([n = 1, n <= batchsize - 1, (n++)]): null

2018-06-01 11:26:57 - [TEST_STEP][PASSED] - Statement - product = new com.kms.katalon.core.testobject.TestObject(): null

2018-06-01 11:26:57 - [TEST_STEP][PASSED] - Statement - product = com.kms.katalon.core.webui.keyword.WebUiBuiltInKeywords.modifyObjectProperty(product, "xpath", "equals", "//*[@id = "fldvendor" + row + ""]", true): Modify property of object successfully

2018-06-01 11:26:57 - [MESSAGE][PASSED] - Modify property of object successfully

2018-06-01 11:26:57 - [TEST_STEP][PASSED] - selectOptionByIndex: All options with index in [1] are selected on object ''

2018-06-01 11:26:57 - [MESSAGE][PASSED] - All options with index in [1] are selected on object ''

2018-06-01 11:26:57 - [TEST_STEP][PASSED] - Statement - batch = new com.kms.katalon.core.testobject.TestObject(): null

2018-06-01 11:26:57 - [TEST_STEP][PASSED] - Statement - batch = com.kms.katalon.core.webui.keyword.WebUiBuiltInKeywords.modifyObjectProperty(batch, "xpath", "equals", "//*[@id = "txtbthqty" + row + ""]", true): Modify property of object successfully

2018-06-01 11:26:57 - [MESSAGE][PASSED] - Modify property of object successfully

2018-06-01 11:26:57 - [TEST_STEP][PASSED] - Statement - batchqty = com.kms.katalon.core.webui.keyword.WebUiBuiltInKeywords.getAttribute(batch, "value").trim(): Attribute 'value' of object '' is: '48700'

2018-06-01 11:26:57 - [MESSAGE][PASSED] - Attribute 'value' of object '' is: '48700'

2018-06-01 11:26:57 - [TEST_STEP][PASSED] - Statement - Rqty = 100: null

2018-06-01 11:26:57 - [TEST_STEP][PASSED] - delay: Delayed 2 second(s)

2018-06-01 11:26:59 - [MESSAGE][PASSED] - Delayed 2 second(s)

2018-06-01 11:26:59 - [TEST_STEP][PASSED] - Statement - out.println("BatchQty : " + batchqty): null

2018-06-01 11:26:59 - [TEST_STEP][PASSED] - Statement - out.println("RQty : " + Rqty): null

2018-06-01 11:26:59 - [TEST_STEP][PASSED] - Statement - If (java.lang.Integer.valueOf(batchqty) >= java.lang.Integer.valueOf(Rqty)): null

2018-06-01 11:26:59 - [TEST_STEP][PASSED] - Statement - Break: null

2018-06-01 11:26:59 - [TEST_STEP][PASSED] - Statement - batchlength = new com.kms.katalon.core.testobject.TestObject(): null

2018-06-01 11:26:59 - [TEST_STEP][PASSED] - Statement - batchlength = com.kms.katalon.core.webui.keyword.WebUiBuiltInKeywords.modifyObjectProperty(batchlength, "xpath", "equals", "//*[@id = "fldvendor" + row + ""]", true): Modify property of object successfully

2018-06-01 11:26:59 - [MESSAGE][PASSED] - Modify property of object successfully

2018-06-01 11:26:59 - [TEST_STEP][PASSED] - Statement - batchsize = com.kms.katalon.core.webui.keyword.WebUiBuiltInKeywords.getNumberOfTotalOption(batchlength): 10 options of object '' counted

2018-06-01 11:27:00 - [MESSAGE][PASSED] - 10 options of object '' counted

2018-06-01 11:27:00 - [TEST_STEP][PASSED] - Statement - out.println("BatchSize : " + batchsize): null

2018-06-01 11:27:00 - [TEST_STEP][PASSED] - Statement - For ([n = 1, n <= batchsize - 1, (n++)]): null

2018-06-01 11:27:00 - [TEST_STEP][PASSED] - Statement - product = new com.kms.katalon.core.testobject.TestObject(): null

2018-06-01 11:27:00 - [TEST_STEP][PASSED] - Statement - product = com.kms.katalon.core.webui.keyword.WebUiBuiltInKeywords.modifyObjectProperty(product, "xpath", "equals", "//*[@id = "fldvendor" + row + ""]", true): Modify property of object successfully

2018-06-01 11:27:00 - [MESSAGE][PASSED] - Modify property of object successfully

2018-06-01 11:27:00 - [TEST_STEP][PASSED] - selectOptionByIndex: All options with index in [1] are selected on object ''

2018-06-01 11:27:00 - [MESSAGE][PASSED] - All options with index in [1] are selected on object ''

2018-06-01 11:27:00 - [TEST_STEP][PASSED] - Statement - batch = new com.kms.katalon.core.testobject.TestObject(): null

2018-06-01 11:27:00 - [TEST_STEP][PASSED] - Statement - batch = com.kms.katalon.core.webui.keyword.WebUiBuiltInKeywords.modifyObjectProperty(batch, "xpath", "equals", "//*[@id = "txtbthqty" + row + ""]", true): Modify property of object successfully

2018-06-01 11:27:00 - [MESSAGE][PASSED] - Modify property of object successfully

2018-06-01 11:27:00 - [TEST_STEP][PASSED] - Statement - batchqty = com.kms.katalon.core.webui.keyword.WebUiBuiltInKeywords.getAttribute(batch, "value").trim(): Attribute 'value' of object '' is: '49600'

2018-06-01 11:27:00 - [MESSAGE][PASSED] - Attribute 'value' of object '' is: '49600'

2018-06-01 11:27:00 - [TEST_STEP][PASSED] - Statement - Rqty = 100: null

2018-06-01 11:27:00 - [TEST_STEP][PASSED] - delay: Delayed 2 second(s)

2018-06-01 11:27:02 - [MESSAGE][PASSED] - Delayed 2 second(s)

2018-06-01 11:27:02 - [TEST_STEP][PASSED] - Statement - out.println("BatchQty : " + batchqty): null

2018-06-01 11:27:02 - [TEST_STEP][PASSED] - Statement - out.println("RQty : " + Rqty): null

2018-06-01 11:27:02 - [TEST_STEP][PASSED] - Statement - If (java.lang.Integer.valueOf(batchqty) >= java.lang.Integer.valueOf(Rqty)): null

2018-06-01 11:27:02 - [TEST_STEP][PASSED] - Statement - Break: null

2018-06-01 11:27:02 - [TEST_STEP][PASSED] - Statement - batchlength = new com.kms.katalon.core.testobject.TestObject(): null

2018-06-01 11:27:02 - [TEST_STEP][PASSED] - Statement - batchlength = com.kms.katalon.core.webui.keyword.WebUiBuiltInKeywords.modifyObjectProperty(batchlength, "xpath", "equals", "//*[@id = "fldvendor" + row + ""]", true): Modify property of object successfully

2018-06-01 11:27:02 - [MESSAGE][PASSED] - Modify property of object successfully

2018-06-01 11:27:02 - [TEST_STEP][PASSED] - Statement - batchsize = com.kms.katalon.core.webui.keyword.WebUiBuiltInKeywords.getNumberOfTotalOption(batchlength): 10 options of object '' counted

2018-06-01 11:27:02 - [MESSAGE][PASSED] - 10 options of object '' counted

2018-06-01 11:27:02 - [TEST_STEP][PASSED] - Statement - out.println("BatchSize : " + batchsize): null

2018-06-01 11:27:02 - [TEST_STEP][PASSED] - Statement - For ([n = 1, n <= batchsize - 1, (n++)]): null

2018-06-01 11:27:02 - [TEST_STEP][PASSED] - Statement - product = new com.kms.katalon.core.testobject.TestObject(): null

2018-06-01 11:27:02 - [TEST_STEP][PASSED] - Statement - product = com.kms.katalon.core.webui.keyword.WebUiBuiltInKeywords.modifyObjectProperty(product, "xpath", "equals", "//*[@id = "fldvendor" + row + ""]", true): Modify property of object successfully

2018-06-01 11:27:02 - [MESSAGE][PASSED] - Modify property of object successfully

2018-06-01 11:27:02 - [TEST_STEP][PASSED] - selectOptionByIndex: All options with index in [1] are selected on object ''

2018-06-01 11:27:02 - [MESSAGE][PASSED] - All options with index in [1] are selected on object ''

2018-06-01 11:27:02 - [TEST_STEP][PASSED] - Statement - batch = new com.kms.katalon.core.testobject.TestObject(): null

2018-06-01 11:27:02 - [TEST_STEP][PASSED] - Statement - batch = com.kms.katalon.core.webui.keyword.WebUiBuiltInKeywords.modifyObjectProperty(batch, "xpath", "equals", "//*[@id = "txtbthqty" + row + ""]", true): Modify property of object successfully

2018-06-01 11:27:02 - [MESSAGE][PASSED] - Modify property of object successfully

2018-06-01 11:27:02 - [TEST_STEP][PASSED] - Statement - batchqty = com.kms.katalon.core.webui.keyword.WebUiBuiltInKeywords.getAttribute(batch, "value").trim(): Attribute 'value' of object '' is: '37700'

2018-06-01 11:27:02 - [MESSAGE][PASSED] - Attribute 'value' of object '' is: '37700'

2018-06-01 11:27:02 - [TEST_STEP][PASSED] - Statement - Rqty = 100: null

2018-06-01 11:27:02 - [TEST_STEP][PASSED] - delay: Delayed 2 second(s)

2018-06-01 11:27:04 - [MESSAGE][PASSED] - Delayed 2 second(s)

2018-06-01 11:27:04 - [TEST_STEP][PASSED] - Statement - out.println("BatchQty : " + batchqty): null

2018-06-01 11:27:04 - [TEST_STEP][PASSED] - Statement - out.println("RQty : " + Rqty): null

2018-06-01 11:27:04 - [TEST_STEP][PASSED] - Statement - If (java.lang.Integer.valueOf(batchqty) >= java.lang.Integer.valueOf(Rqty)): null

2018-06-01 11:27:04 - [TEST_STEP][PASSED] - Statement - Break: null

2018-06-01 11:27:04 - [TEST_STEP][PASSED] - Statement - batchlength = new com.kms.katalon.core.testobject.TestObject(): null

2018-06-01 11:27:04 - [TEST_STEP][PASSED] - Statement - batchlength = com.kms.katalon.core.webui.keyword.WebUiBuiltInKeywords.modifyObjectProperty(batchlength, "xpath", "equals", "//*[@id = "fldvendor" + row + ""]", true): Modify property of object successfully

2018-06-01 11:27:04 - [MESSAGE][PASSED] - Modify property of object successfully

2018-06-01 11:27:04 - [TEST_STEP][PASSED] - Statement - batchsize = com.kms.katalon.core.webui.keyword.WebUiBuiltInKeywords.getNumberOfTotalOption(batchlength): 10 options of object '' counted

2018-06-01 11:27:04 - [MESSAGE][PASSED] - 10 options of object '' counted

2018-06-01 11:27:04 - [TEST_STEP][PASSED] - Statement - out.println("BatchSize : " + batchsize): null

2018-06-01 11:27:04 - [TEST_STEP][PASSED] - Statement - For ([n = 1, n <= batchsize - 1, (n++)]): null

2018-06-01 11:27:04 - [TEST_STEP][PASSED] - Statement - product = new com.kms.katalon.core.testobject.TestObject(): null

2018-06-01 11:27:04 - [TEST_STEP][PASSED] - Statement - product = com.kms.katalon.core.webui.keyword.WebUiBuiltInKeywords.modifyObjectProperty(product, "xpath", "equals", "//*[@id = "fldvendor" + row + ""]", true): Modify property of object successfully

2018-06-01 11:27:04 - [MESSAGE][PASSED] - Modify property of object successfully

2018-06-01 11:27:04 - [TEST_STEP][PASSED] - selectOptionByIndex: All options with index in [1] are selected on object ''

2018-06-01 11:27:04 - [MESSAGE][PASSED] - All options with index in [1] are selected on object ''

2018-06-01 11:27:04 - [TEST_STEP][PASSED] - Statement - batch = new com.kms.katalon.core.testobject.TestObject(): null

2018-06-01 11:27:04 - [TEST_STEP][PASSED] - Statement - batch = com.kms.katalon.core.webui.keyword.WebUiBuiltInKeywords.modifyObjectProperty(batch, "xpath", "equals", "//*[@id = "txtbthqty" + row + ""]", true): Modify property of object successfully

2018-06-01 11:27:04 - [MESSAGE][PASSED] - Modify property of object successfully

2018-06-01 11:27:04 - [TEST_STEP][PASSED] - Statement - batchqty = com.kms.katalon.core.webui.keyword.WebUiBuiltInKeywords.getAttribute(batch, "value").trim(): Attribute 'value' of object '' is: '49600'

2018-06-01 11:27:04 - [MESSAGE][PASSED] - Attribute 'value' of object '' is: '49600'

2018-06-01 11:27:04 - [TEST_STEP][PASSED] - Statement - Rqty = 100: null

2018-06-01 11:27:04 - [TEST_STEP][PASSED] - delay: Delayed 2 second(s)

2018-06-01 11:27:06 - [MESSAGE][PASSED] - Delayed 2 second(s)

2018-06-01 11:27:06 - [TEST_STEP][PASSED] - Statement - out.println("BatchQty : " + batchqty): null

2018-06-01 11:27:06 - [TEST_STEP][PASSED] - Statement - out.println("RQty : " + Rqty): null

2018-06-01 11:27:06 - [TEST_STEP][PASSED] - Statement - If (java.lang.Integer.valueOf(batchqty) >= java.lang.Integer.valueOf(Rqty)): null

2018-06-01 11:27:06 - [TEST_STEP][PASSED] - Statement - Break: null

2018-06-01 11:27:06 - [TEST_STEP][PASSED] - Statement - batchlength = new com.kms.katalon.core.testobject.TestObject(): null

2018-06-01 11:27:06 - [TEST_STEP][PASSED] - Statement - batchlength = com.kms.katalon.core.webui.keyword.WebUiBuiltInKeywords.modifyObjectProperty(batchlength, "xpath", "equals", "//*[@id = "fldvendor" + row + ""]", true): Modify property of object successfully

2018-06-01 11:27:06 - [MESSAGE][PASSED] - Modify property of object successfully

2018-06-01 11:27:06 - [TEST_STEP][PASSED] - Statement - batchsize = com.kms.katalon.core.webui.keyword.WebUiBuiltInKeywords.getNumberOfTotalOption(batchlength): 10 options of object '' counted

2018-06-01 11:27:06 - [MESSAGE][PASSED] - 10 options of object '' counted

2018-06-01 11:27:06 - [TEST_STEP][PASSED] - Statement - out.println("BatchSize : " + batchsize): null

2018-06-01 11:27:06 - [TEST_STEP][PASSED] - Statement - For ([n = 1, n <= batchsize - 1, (n++)]): null

2018-06-01 11:27:06 - [TEST_STEP][PASSED] - Statement - product = new com.kms.katalon.core.testobject.TestObject(): null

2018-06-01 11:27:06 - [TEST_STEP][PASSED] - Statement - product = com.kms.katalon.core.webui.keyword.WebUiBuiltInKeywords.modifyObjectProperty(product, "xpath", "equals", "//*[@id = "fldvendor" + row + ""]", true): Modify property of object successfully

2018-06-01 11:27:06 - [MESSAGE][PASSED] - Modify property of object successfully

2018-06-01 11:27:06 - [TEST_STEP][PASSED] - selectOptionByIndex: All options with index in [1] are selected on object ''

2018-06-01 11:27:07 - [MESSAGE][PASSED] - All options with index in [1] are selected on object ''

2018-06-01 11:27:07 - [TEST_STEP][PASSED] - Statement - batch = new com.kms.katalon.core.testobject.TestObject(): null

2018-06-01 11:27:07 - [TEST_STEP][PASSED] - Statement - batch = com.kms.katalon.core.webui.keyword.WebUiBuiltInKeywords.modifyObjectProperty(batch, "xpath", "equals", "//*[@id = "txtbthqty" + row + ""]", true): Modify property of object successfully

2018-06-01 11:27:07 - [MESSAGE][PASSED] - Modify property of object successfully

2018-06-01 11:27:07 - [TEST_STEP][PASSED] - Statement - batchqty = com.kms.katalon.core.webui.keyword.WebUiBuiltInKeywords.getAttribute(batch, "value").trim(): Attribute 'value' of object '' is: '37700'

2018-06-01 11:27:07 - [MESSAGE][PASSED] - Attribute 'value' of object '' is: '37700'

2018-06-01 11:27:07 - [TEST_STEP][PASSED] - Statement - Rqty = 100: null

2018-06-01 11:27:07 - [TEST_STEP][PASSED] - delay: Delayed 2 second(s)

2018-06-01 11:27:09 - [MESSAGE][PASSED] - Delayed 2 second(s)

2018-06-01 11:27:09 - [TEST_STEP][PASSED] - Statement - out.println("BatchQty : " + batchqty): null

2018-06-01 11:27:09 - [TEST_STEP][PASSED] - Statement - out.println("RQty : " + Rqty): null

2018-06-01 11:27:09 - [TEST_STEP][PASSED] - Statement - If (java.lang.Integer.valueOf(batchqty) >= java.lang.Integer.valueOf(Rqty)): null

2018-06-01 11:27:09 - [TEST_STEP][PASSED] - Statement - Break: null

2018-06-01 11:27:09 - [TEST_STEP][PASSED] - Statement - batchlength = new com.kms.katalon.core.testobject.TestObject(): null

2018-06-01 11:27:09 - [TEST_STEP][PASSED] - Statement - batchlength = com.kms.katalon.core.webui.keyword.WebUiBuiltInKeywords.modifyObjectProperty(batchlength, "xpath", "equals", "//*[@id = "fldvendor" + row + ""]", true): Modify property of object successfully

2018-06-01 11:27:09 - [MESSAGE][PASSED] - Modify property of object successfully

2018-06-01 11:27:09 - [TEST_STEP][PASSED] - Statement - batchsize = com.kms.katalon.core.webui.keyword.WebUiBuiltInKeywords.getNumberOfTotalOption(batchlength): 10 options of object '' counted

2018-06-01 11:27:09 - [MESSAGE][PASSED] - 10 options of object '' counted

2018-06-01 11:27:09 - [TEST_STEP][PASSED] - Statement - out.println("BatchSize : " + batchsize): null

2018-06-01 11:27:09 - [TEST_STEP][PASSED] - Statement - For ([n = 1, n <= batchsize - 1, (n++)]): null

2018-06-01 11:27:09 - [TEST_STEP][PASSED] - Statement - product = new com.kms.katalon.core.testobject.TestObject(): null

2018-06-01 11:27:09 - [TEST_STEP][PASSED] - Statement - product = com.kms.katalon.core.webui.keyword.WebUiBuiltInKeywords.modifyObjectProperty(product, "xpath", "equals", "//*[@id = "fldvendor" + row + ""]", true): Modify property of object successfully

2018-06-01 11:27:09 - [MESSAGE][PASSED] - Modify property of object successfully

2018-06-01 11:27:09 - [TEST_STEP][PASSED] - selectOptionByIndex: All options with index in [1] are selected on object ''

2018-06-01 11:27:09 - [MESSAGE][PASSED] - All options with index in [1] are selected on object ''

2018-06-01 11:27:09 - [TEST_STEP][PASSED] - Statement - batch = new com.kms.katalon.core.testobject.TestObject(): null

2018-06-01 11:27:09 - [TEST_STEP][PASSED] - Statement - batch = com.kms.katalon.core.webui.keyword.WebUiBuiltInKeywords.modifyObjectProperty(batch, "xpath", "equals", "//*[@id = "txtbthqty" + row + ""]", true): Modify property of object successfully

2018-06-01 11:27:09 - [MESSAGE][PASSED] - Modify property of object successfully

2018-06-01 11:27:09 - [TEST_STEP][PASSED] - Statement - batchqty = com.kms.katalon.core.webui.keyword.WebUiBuiltInKeywords.getAttribute(batch, "value").trim(): Attribute 'value' of object '' is: '48700'

2018-06-01 11:27:09 - [MESSAGE][PASSED] - Attribute 'value' of object '' is: '48700'

2018-06-01 11:27:09 - [TEST_STEP][PASSED] - Statement - Rqty = 100: null

2018-06-01 11:27:09 - [TEST_STEP][PASSED] - delay: Delayed 2 second(s)

2018-06-01 11:27:11 - [MESSAGE][PASSED] - Delayed 2 second(s)

2018-06-01 11:27:11 - [TEST_STEP][PASSED] - Statement - out.println("BatchQty : " + batchqty): null

2018-06-01 11:27:11 - [TEST_STEP][PASSED] - Statement - out.println("RQty : " + Rqty): null

2018-06-01 11:27:11 - [TEST_STEP][PASSED] - Statement - If (java.lang.Integer.valueOf(batchqty) >= java.lang.Integer.valueOf(Rqty)): null

2018-06-01 11:27:11 - [TEST_STEP][PASSED] - Statement - Break: null

2018-06-01 11:27:11 - [TEST_STEP][PASSED] - Statement - batchlength = new com.kms.katalon.core.testobject.TestObject(): null

2018-06-01 11:27:11 - [TEST_STEP][PASSED] - Statement - batchlength = com.kms.katalon.core.webui.keyword.WebUiBuiltInKeywords.modifyObjectProperty(batchlength, "xpath", "equals", "//*[@id = "fldvendor" + row + ""]", true): Modify property of object successfully

2018-06-01 11:27:11 - [MESSAGE][PASSED] - Modify property of object successfully

2018-06-01 11:27:11 - [TEST_STEP][PASSED] - Statement - batchsize = com.kms.katalon.core.webui.keyword.WebUiBuiltInKeywords.getNumberOfTotalOption(batchlength): 10 options of object '' counted

2018-06-01 11:27:11 - [MESSAGE][PASSED] - 10 options of object '' counted

2018-06-01 11:27:11 - [TEST_STEP][PASSED] - Statement - out.println("BatchSize : " + batchsize): null

2018-06-01 11:27:11 - [TEST_STEP][PASSED] - Statement - For ([n = 1, n <= batchsize - 1, (n++)]): null

2018-06-01 11:27:11 - [TEST_STEP][PASSED] - Statement - product = new com.kms.katalon.core.testobject.TestObject(): null

2018-06-01 11:27:11 - [TEST_STEP][PASSED] - Statement - product = com.kms.katalon.core.webui.keyword.WebUiBuiltInKeywords.modifyObjectProperty(product, "xpath", "equals", "//*[@id = "fldvendor" + row + ""]", true): Modify property of object successfully

2018-06-01 11:27:11 - [MESSAGE][PASSED] - Modify property of object successfully

2018-06-01 11:27:11 - [TEST_STEP][PASSED] - selectOptionByIndex: All options with index in [1] are selected on object ''

2018-06-01 11:27:11 - [MESSAGE][PASSED] - All options with index in [1] are selected on object ''

2018-06-01 11:27:11 - [TEST_STEP][PASSED] - Statement - batch = new com.kms.katalon.core.testobject.TestObject(): null

2018-06-01 11:27:11 - [TEST_STEP][PASSED] - Statement - batch = com.kms.katalon.core.webui.keyword.WebUiBuiltInKeywords.modifyObjectProperty(batch, "xpath", "equals", "//*[@id = "txtbthqty" + row + ""]", true): Modify property of object successfully

2018-06-01 11:27:11 - [MESSAGE][PASSED] - Modify property of object successfully

2018-06-01 11:27:11 - [TEST_STEP][PASSED] - Statement - batchqty = com.kms.katalon.core.webui.keyword.WebUiBuiltInKeywords.getAttribute(batch, "value").trim(): Attribute 'value' of object '' is: '48700'

2018-06-01 11:27:11 - [MESSAGE][PASSED] - Attribute 'value' of object '' is: '48700'

2018-06-01 11:27:11 - [TEST_STEP][PASSED] - Statement - Rqty = 100: null

2018-06-01 11:27:11 - [TEST_STEP][PASSED] - delay: Delayed 2 second(s)

2018-06-01 11:27:13 - [MESSAGE][PASSED] - Delayed 2 second(s)

2018-06-01 11:27:13 - [TEST_STEP][PASSED] - Statement - out.println("BatchQty : " + batchqty): null

2018-06-01 11:27:13 - [TEST_STEP][PASSED] - Statement - out.println("RQty : " + Rqty): null

2018-06-01 11:27:13 - [TEST_STEP][PASSED] - Statement - If (java.lang.Integer.valueOf(batchqty) >= java.lang.Integer.valueOf(Rqty)): null

2018-06-01 11:27:13 - [TEST_STEP][PASSED] - Statement - Break: null

2018-06-01 11:27:13 - [TEST_STEP][PASSED] - Statement - batchlength = new com.kms.katalon.core.testobject.TestObject(): null

2018-06-01 11:27:13 - [TEST_STEP][PASSED] - Statement - batchlength = com.kms.katalon.core.webui.keyword.WebUiBuiltInKeywords.modifyObjectProperty(batchlength, "xpath", "equals", "//*[@id = "fldvendor" + row + ""]", true): Modify property of object successfully

2018-06-01 11:27:13 - [MESSAGE][PASSED] - Modify property of object successfully

2018-06-01 11:27:13 - [TEST_STEP][PASSED] - Statement - batchsize = com.kms.katalon.core.webui.keyword.WebUiBuiltInKeywords.getNumberOfTotalOption(batchlength): 10 options of object '' counted

2018-06-01 11:27:13 - [MESSAGE][PASSED] - 10 options of object '' counted

2018-06-01 11:27:13 - [TEST_STEP][PASSED] - Statement - out.println("BatchSize : " + batchsize): null

2018-06-01 11:27:13 - [TEST_STEP][PASSED] - Statement - For ([n = 1, n <= batchsize - 1, (n++)]): null

2018-06-01 11:27:13 - [TEST_STEP][PASSED] - Statement - product = new com.kms.katalon.core.testobject.TestObject(): null

2018-06-01 11:27:13 - [TEST_STEP][PASSED] - Statement - product = com.kms.katalon.core.webui.keyword.WebUiBuiltInKeywords.modifyObjectProperty(product, "xpath", "equals", "//*[@id = "fldvendor" + row + ""]", true): Modify property of object successfully

2018-06-01 11:27:13 - [MESSAGE][PASSED] - Modify property of object successfully

2018-06-01 11:27:13 - [TEST_STEP][PASSED] - selectOptionByIndex: All options with index in [1] are selected on object ''

2018-06-01 11:27:13 - [MESSAGE][PASSED] - All options with index in [1] are selected on object ''

2018-06-01 11:27:13 - [TEST_STEP][PASSED] - Statement - batch = new com.kms.katalon.core.testobject.TestObject(): null

2018-06-01 11:27:13 - [TEST_STEP][PASSED] - Statement - batch = com.kms.katalon.core.webui.keyword.WebUiBuiltInKeywords.modifyObjectProperty(batch, "xpath", "equals", "//*[@id = "txtbthqty" + row + ""]", true): Modify property of object successfully

2018-06-01 11:27:13 - [MESSAGE][PASSED] - Modify property of object successfully

2018-06-01 11:27:13 - [TEST_STEP][PASSED] - Statement - batchqty = com.kms.katalon.core.webui.keyword.WebUiBuiltInKeywords.getAttribute(batch, "value").trim(): Attribute 'value' of object '' is: '49800'

2018-06-01 11:27:13 - [MESSAGE][PASSED] - Attribute 'value' of object '' is: '49800'

2018-06-01 11:27:13 - [TEST_STEP][PASSED] - Statement - Rqty = 100: null

2018-06-01 11:27:13 - [TEST_STEP][PASSED] - delay: Delayed 2 second(s)

2018-06-01 11:27:15 - [MESSAGE][PASSED] - Delayed 2 second(s)

2018-06-01 11:27:15 - [TEST_STEP][PASSED] - Statement - out.println("BatchQty : " + batchqty): null

2018-06-01 11:27:15 - [TEST_STEP][PASSED] - Statement - out.println("RQty : " + Rqty): null

2018-06-01 11:27:15 - [TEST_STEP][PASSED] - Statement - If (java.lang.Integer.valueOf(batchqty) >= java.lang.Integer.valueOf(Rqty)): null

2018-06-01 11:27:15 - [TEST_STEP][PASSED] - Statement - Break: null

2018-06-01 11:27:15 - [TEST_STEP][PASSED] - Statement - batchlength = new com.kms.katalon.core.testobject.TestObject(): null

2018-06-01 11:27:15 - [TEST_STEP][PASSED] - Statement - batchlength = com.kms.katalon.core.webui.keyword.WebUiBuiltInKeywords.modifyObjectProperty(batchlength, "xpath", "equals", "//*[@id = "fldvendor" + row + ""]", true): Modify property of object successfully

2018-06-01 11:27:15 - [MESSAGE][PASSED] - Modify property of object successfully

2018-06-01 11:27:15 - [TEST_STEP][PASSED] - Statement - batchsize = com.kms.katalon.core.webui.keyword.WebUiBuiltInKeywords.getNumberOfTotalOption(batchlength): 10 options of object '' counted

2018-06-01 11:27:15 - [MESSAGE][PASSED] - 10 options of object '' counted

2018-06-01 11:27:15 - [TEST_STEP][PASSED] - Statement - out.println("BatchSize : " + batchsize): null

2018-06-01 11:27:15 - [TEST_STEP][PASSED] - Statement - For ([n = 1, n <= batchsize - 1, (n++)]): null

2018-06-01 11:27:15 - [TEST_STEP][PASSED] - Statement - product = new com.kms.katalon.core.testobject.TestObject(): null

2018-06-01 11:27:15 - [TEST_STEP][PASSED] - Statement - product = com.kms.katalon.core.webui.keyword.WebUiBuiltInKeywords.modifyObjectProperty(product, "xpath", "equals", "//*[@id = "fldvendor" + row + ""]", true): Modify property of object successfully

2018-06-01 11:27:15 - [MESSAGE][PASSED] - Modify property of object successfully

2018-06-01 11:27:15 - [TEST_STEP][PASSED] - selectOptionByIndex: All options with index in [1] are selected on object ''

2018-06-01 11:27:16 - [MESSAGE][PASSED] - All options with index in [1] are selected on object ''

2018-06-01 11:27:16 - [TEST_STEP][PASSED] - Statement - batch = new com.kms.katalon.core.testobject.TestObject(): null

2018-06-01 11:27:16 - [TEST_STEP][PASSED] - Statement - batch = com.kms.katalon.core.webui.keyword.WebUiBuiltInKeywords.modifyObjectProperty(batch, "xpath", "equals", "//*[@id = "txtbthqty" + row + ""]", true): Modify property of object successfully

2018-06-01 11:27:16 - [MESSAGE][PASSED] - Modify property of object successfully

2018-06-01 11:27:16 - [TEST_STEP][PASSED] - Statement - batchqty = com.kms.katalon.core.webui.keyword.WebUiBuiltInKeywords.getAttribute(batch, "value").trim(): Attribute 'value' of object '' is: '38700'

2018-06-01 11:27:16 - [MESSAGE][PASSED] - Attribute 'value' of object '' is: '38700'

2018-06-01 11:27:16 - [TEST_STEP][PASSED] - Statement - Rqty = 100: null

2018-06-01 11:27:16 - [TEST_STEP][PASSED] - delay: Delayed 2 second(s)

2018-06-01 11:27:18 - [MESSAGE][PASSED] - Delayed 2 second(s)

2018-06-01 11:27:18 - [TEST_STEP][PASSED] - Statement - out.println("BatchQty : " + batchqty): null

2018-06-01 11:27:18 - [TEST_STEP][PASSED] - Statement - out.println("RQty : " + Rqty): null

2018-06-01 11:27:18 - [TEST_STEP][PASSED] - Statement - If (java.lang.Integer.valueOf(batchqty) >= java.lang.Integer.valueOf(Rqty)): null

2018-06-01 11:27:18 - [TEST_STEP][PASSED] - Statement - Break: null

2018-06-01 11:27:18 - [TEST_STEP][PASSED] - Statement - batchlength = new com.kms.katalon.core.testobject.TestObject(): null

2018-06-01 11:27:18 - [TEST_STEP][PASSED] - Statement - batchlength = com.kms.katalon.core.webui.keyword.WebUiBuiltInKeywords.modifyObjectProperty(batchlength, "xpath", "equals", "//*[@id = "fldvendor" + row + ""]", true): Modify property of object successfully

2018-06-01 11:27:18 - [MESSAGE][PASSED] - Modify property of object successfully

2018-06-01 11:27:18 - [TEST_STEP][PASSED] - Statement - batchsize = com.kms.katalon.core.webui.keyword.WebUiBuiltInKeywords.getNumberOfTotalOption(batchlength): 16 options of object '' counted

2018-06-01 11:27:18 - [MESSAGE][PASSED] - 16 options of object '' counted

2018-06-01 11:27:18 - [TEST_STEP][PASSED] - Statement - out.println("BatchSize : " + batchsize): null

2018-06-01 11:27:18 - [TEST_STEP][PASSED] - Statement - For ([n = 1, n <= batchsize - 1, (n++)]): null

2018-06-01 11:27:18 - [TEST_STEP][PASSED] - Statement - product = new com.kms.katalon.core.testobject.TestObject(): null

2018-06-01 11:27:18 - [TEST_STEP][PASSED] - Statement - product = com.kms.katalon.core.webui.keyword.WebUiBuiltInKeywords.modifyObjectProperty(product, "xpath", "equals", "//*[@id = "fldvendor" + row + ""]", true): Modify property of object successfully

2018-06-01 11:27:18 - [MESSAGE][PASSED] - Modify property of object successfully

2018-06-01 11:27:18 - [TEST_STEP][PASSED] - selectOptionByIndex: All options with index in [1] are selected on object ''

2018-06-01 11:27:18 - [MESSAGE][PASSED] - All options with index in [1] are selected on object ''

2018-06-01 11:27:18 - [TEST_STEP][PASSED] - Statement - batch = new com.kms.katalon.core.testobject.TestObject(): null

2018-06-01 11:27:18 - [TEST_STEP][PASSED] - Statement - batch = com.kms.katalon.core.webui.keyword.WebUiBuiltInKeywords.modifyObjectProperty(batch, "xpath", "equals", "//*[@id = "txtbthqty" + row + ""]", true): Modify property of object successfully

2018-06-01 11:27:18 - [MESSAGE][PASSED] - Modify property of object successfully

2018-06-01 11:27:18 - [TEST_STEP][PASSED] - Statement - batchqty = com.kms.katalon.core.webui.keyword.WebUiBuiltInKeywords.getAttribute(batch, "value").trim(): Attribute 'value' of object '' is: '26700'

2018-06-01 11:27:18 - [MESSAGE][PASSED] - Attribute 'value' of object '' is: '26700'

2018-06-01 11:27:18 - [TEST_STEP][PASSED] - Statement - Rqty = 100: null

2018-06-01 11:27:18 - [TEST_STEP][PASSED] - delay: Delayed 2 second(s)

2018-06-01 11:27:20 - [MESSAGE][PASSED] - Delayed 2 second(s)

2018-06-01 11:27:20 - [TEST_STEP][PASSED] - Statement - out.println("BatchQty : " + batchqty): null

2018-06-01 11:27:20 - [TEST_STEP][PASSED] - Statement - out.println("RQty : " + Rqty): null

2018-06-01 11:27:20 - [TEST_STEP][PASSED] - Statement - If (java.lang.Integer.valueOf(batchqty) >= java.lang.Integer.valueOf(Rqty)): null

2018-06-01 11:27:20 - [TEST_STEP][PASSED] - Statement - Break: null

2018-06-01 11:27:20 - [TEST_STEP][PASSED] - Statement - batchlength = new com.kms.katalon.core.testobject.TestObject(): null

2018-06-01 11:27:20 - [TEST_STEP][PASSED] - Statement - batchlength = com.kms.katalon.core.webui.keyword.WebUiBuiltInKeywords.modifyObjectProperty(batchlength, "xpath", "equals", "//*[@id = "fldvendor" + row + ""]", true): Modify property of object successfully

2018-06-01 11:27:20 - [MESSAGE][PASSED] - Modify property of object successfully

2018-06-01 11:27:20 - [TEST_STEP][PASSED] - Statement - batchsize = com.kms.katalon.core.webui.keyword.WebUiBuiltInKeywords.getNumberOfTotalOption(batchlength): 10 options of object '' counted

2018-06-01 11:27:20 - [MESSAGE][PASSED] - 10 options of object '' counted

2018-06-01 11:27:20 - [TEST_STEP][PASSED] - Statement - out.println("BatchSize : " + batchsize): null

2018-06-01 11:27:20 - [TEST_STEP][PASSED] - Statement - For ([n = 1, n <= batchsize - 1, (n++)]): null

2018-06-01 11:27:20 - [TEST_STEP][PASSED] - Statement - product = new com.kms.katalon.core.testobject.TestObject(): null

2018-06-01 11:27:20 - [TEST_STEP][PASSED] - Statement - product = com.kms.katalon.core.webui.keyword.WebUiBuiltInKeywords.modifyObjectProperty(product, "xpath", "equals", "//*[@id = "fldvendor" + row + ""]", true): Modify property of object successfully

2018-06-01 11:27:20 - [MESSAGE][PASSED] - Modify property of object successfully

2018-06-01 11:27:20 - [TEST_STEP][PASSED] - selectOptionByIndex: All options with index in [1] are selected on object ''

2018-06-01 11:27:20 - [MESSAGE][PASSED] - All options with index in [1] are selected on object ''

2018-06-01 11:27:20 - [TEST_STEP][PASSED] - Statement - batch = new com.kms.katalon.core.testobject.TestObject(): null

2018-06-01 11:27:20 - [TEST_STEP][PASSED] - Statement - batch = com.kms.katalon.core.webui.keyword.WebUiBuiltInKeywords.modifyObjectProperty(batch, "xpath", "equals", "//*[@id = "txtbthqty" + row + ""]", true): Modify property of object successfully

2018-06-01 11:27:20 - [MESSAGE][PASSED] - Modify property of object successfully

2018-06-01 11:27:20 - [TEST_STEP][PASSED] - Statement - batchqty = com.kms.katalon.core.webui.keyword.WebUiBuiltInKeywords.getAttribute(batch, "value").trim(): Attribute 'value' of object '' is: '48700'

2018-06-01 11:27:20 - [MESSAGE][PASSED] - Attribute 'value' of object '' is: '48700'

2018-06-01 11:27:20 - [TEST_STEP][PASSED] - Statement - Rqty = 100: null

2018-06-01 11:27:20 - [TEST_STEP][PASSED] - delay: Delayed 2 second(s)

2018-06-01 11:27:22 - [MESSAGE][PASSED] - Delayed 2 second(s)

2018-06-01 11:27:22 - [TEST_STEP][PASSED] - Statement - out.println("BatchQty : " + batchqty): null

2018-06-01 11:27:22 - [TEST_STEP][PASSED] - Statement - out.println("RQty : " + Rqty): null

2018-06-01 11:27:22 - [TEST_STEP][PASSED] - Statement - If (java.lang.Integer.valueOf(batchqty) >= java.lang.Integer.valueOf(Rqty)): null

2018-06-01 11:27:22 - [TEST_STEP][PASSED] - Statement - Break: null

2018-06-01 11:27:22 - [TEST_STEP][PASSED] - Statement - batchlength = new com.kms.katalon.core.testobject.TestObject(): null

2018-06-01 11:27:22 - [TEST_STEP][PASSED] - Statement - batchlength = com.kms.katalon.core.webui.keyword.WebUiBuiltInKeywords.modifyObjectProperty(batchlength, "xpath", "equals", "//*[@id = "fldvendor" + row + ""]", true): Modify property of object successfully

2018-06-01 11:27:22 - [MESSAGE][PASSED] - Modify property of object successfully

2018-06-01 11:27:22 - [TEST_STEP][PASSED] - Statement - batchsize = com.kms.katalon.core.webui.keyword.WebUiBuiltInKeywords.getNumberOfTotalOption(batchlength): 10 options of object '' counted

2018-06-01 11:27:22 - [MESSAGE][PASSED] - 10 options of object '' counted

2018-06-01 11:27:22 - [TEST_STEP][PASSED] - Statement - out.println("BatchSize : " + batchsize): null

2018-06-01 11:27:22 - [TEST_STEP][PASSED] - Statement - For ([n = 1, n <= batchsize - 1, (n++)]): null

2018-06-01 11:27:22 - [TEST_STEP][PASSED] - Statement - product = new com.kms.katalon.core.testobject.TestObject(): null

2018-06-01 11:27:22 - [TEST_STEP][PASSED] - Statement - product = com.kms.katalon.core.webui.keyword.WebUiBuiltInKeywords.modifyObjectProperty(product, "xpath", "equals", "//*[@id = "fldvendor" + row + ""]", true): Modify property of object successfully

2018-06-01 11:27:22 - [MESSAGE][PASSED] - Modify property of object successfully

2018-06-01 11:27:22 - [TEST_STEP][PASSED] - selectOptionByIndex: All options with index in [1] are selected on object ''

2018-06-01 11:27:22 - [MESSAGE][PASSED] - All options with index in [1] are selected on object ''

2018-06-01 11:27:22 - [TEST_STEP][PASSED] - Statement - batch = new com.kms.katalon.core.testobject.TestObject(): null

2018-06-01 11:27:22 - [TEST_STEP][PASSED] - Statement - batch = com.kms.katalon.core.webui.keyword.WebUiBuiltInKeywords.modifyObjectProperty(batch, "xpath", "equals", "//*[@id = "txtbthqty" + row + ""]", true): Modify property of object successfully

2018-06-01 11:27:22 - [MESSAGE][PASSED] - Modify property of object successfully

2018-06-01 11:27:22 - [TEST_STEP][PASSED] - Statement - batchqty = com.kms.katalon.core.webui.keyword.WebUiBuiltInKeywords.getAttribute(batch, "value").trim(): Attribute 'value' of object '' is: '49600'

2018-06-01 11:27:23 - [MESSAGE][PASSED] - Attribute 'value' of object '' is: '49600'

2018-06-01 11:27:23 - [TEST_STEP][PASSED] - Statement - Rqty = 100: null

2018-06-01 11:27:23 - [TEST_STEP][PASSED] - delay: Delayed 2 second(s)

2018-06-01 11:27:25 - [MESSAGE][PASSED] - Delayed 2 second(s)

2018-06-01 11:27:25 - [TEST_STEP][PASSED] - Statement - out.println("BatchQty : " + batchqty): null

2018-06-01 11:27:25 - [TEST_STEP][PASSED] - Statement - out.println("RQty : " + Rqty): null

2018-06-01 11:27:25 - [TEST_STEP][PASSED] - Statement - If (java.lang.Integer.valueOf(batchqty) >= java.lang.Integer.valueOf(Rqty)): null

2018-06-01 11:27:25 - [TEST_STEP][PASSED] - Statement - Break: null

2018-06-01 11:27:25 - [TEST_STEP][PASSED] - Statement - batchlength = new com.kms.katalon.core.testobject.TestObject(): null

2018-06-01 11:27:25 - [TEST_STEP][PASSED] - Statement - batchlength = com.kms.katalon.core.webui.keyword.WebUiBuiltInKeywords.modifyObjectProperty(batchlength, "xpath", "equals", "//*[@id = "fldvendor" + row + ""]", true): Modify property of object successfully

2018-06-01 11:27:25 - [MESSAGE][PASSED] - Modify property of object successfully

2018-06-01 11:27:25 - [TEST_STEP][PASSED] - Statement - batchsize = com.kms.katalon.core.webui.keyword.WebUiBuiltInKeywords.getNumberOfTotalOption(batchlength): 10 options of object '' counted

2018-06-01 11:27:25 - [MESSAGE][PASSED] - 10 options of object '' counted

2018-06-01 11:27:25 - [TEST_STEP][PASSED] - Statement - out.println("BatchSize : " + batchsize): null

2018-06-01 11:27:25 - [TEST_STEP][PASSED] - Statement - For ([n = 1, n <= batchsize - 1, (n++)]): null

2018-06-01 11:27:25 - [TEST_STEP][PASSED] - Statement - product = new com.kms.katalon.core.testobject.TestObject(): null

2018-06-01 11:27:25 - [TEST_STEP][PASSED] - Statement - product = com.kms.katalon.core.webui.keyword.WebUiBuiltInKeywords.modifyObjectProperty(product, "xpath", "equals", "//*[@id = "fldvendor" + row + ""]", true): Modify property of object successfully

2018-06-01 11:27:25 - [MESSAGE][PASSED] - Modify property of object successfully

2018-06-01 11:27:25 - [TEST_STEP][PASSED] - selectOptionByIndex: All options with index in [1] are selected on object ''

2018-06-01 11:27:25 - [MESSAGE][PASSED] - All options with index in [1] are selected on object ''

2018-06-01 11:27:25 - [TEST_STEP][PASSED] - Statement - batch = new com.kms.katalon.core.testobject.TestObject(): null

2018-06-01 11:27:25 - [TEST_STEP][PASSED] - Statement - batch = com.kms.katalon.core.webui.keyword.WebUiBuiltInKeywords.modifyObjectProperty(batch, "xpath", "equals", "//*[@id = "txtbthqty" + row + ""]", true): Modify property of object successfully

2018-06-01 11:27:25 - [MESSAGE][PASSED] - Modify property of object successfully

2018-06-01 11:27:25 - [TEST_STEP][PASSED] - Statement - batchqty = com.kms.katalon.core.webui.keyword.WebUiBuiltInKeywords.getAttribute(batch, "value").trim(): Attribute 'value' of object '' is: '38700'

2018-06-01 11:27:25 - [MESSAGE][PASSED] - Attribute 'value' of object '' is: '38700'

2018-06-01 11:27:25 - [TEST_STEP][PASSED] - Statement - Rqty = 100: null

2018-06-01 11:27:25 - [TEST_STEP][PASSED] - delay: Delayed 2 second(s)

2018-06-01 11:27:27 - [MESSAGE][PASSED] - Delayed 2 second(s)

2018-06-01 11:27:27 - [TEST_STEP][PASSED] - Statement - out.println("BatchQty : " + batchqty): null

2018-06-01 11:27:27 - [TEST_STEP][PASSED] - Statement - out.println("RQty : " + Rqty): null

2018-06-01 11:27:27 - [TEST_STEP][PASSED] - Statement - If (java.lang.Integer.valueOf(batchqty) >= java.lang.Integer.valueOf(Rqty)): null

2018-06-01 11:27:27 - [TEST_STEP][PASSED] - Statement - Break: null

2018-06-01 11:27:27 - [TEST_STEP][PASSED] - delay: Delayed 2 second(s)

2018-06-01 11:27:29 - [MESSAGE][PASSED] - Delayed 2 second(s)

2018-06-01 11:27:29 - [TEST_STEP][PASSED] - click: Object: 'Object Repository/HealthpostToCms/Page_KDMC - CMS/input_btndispatch' is clicked on

2018-06-01 11:27:29 - [MESSAGE][PASSED] - Object: 'Object Repository/HealthpostToCms/Page_KDMC - CMS/input_btndispatch' is clicked on

2018-06-01 11:27:29 - [TEST_STEP][PASSED] - delay: Delayed 3 second(s)

2018-06-01 11:27:32 - [MESSAGE][PASSED] - Delayed 3 second(s)

2018-06-01 11:27:32 - [TEST_STEP][PASSED] - click: Object: 'Object Repository/HealthpostToCms/Page_KDMC - CMS/button_OK' is clicked on

2018-06-01 11:27:33 - [MESSAGE][PASSED] - Object: 'Object Repository/HealthpostToCms/Page_KDMC - CMS/button_OK' is clicked on

2018-06-01 11:27:33 - [TEST_STEP][PASSED] - delay: Delayed 3 second(s)

2018-06-01 11:27:36 - [MESSAGE][PASSED] - Delayed 3 second(s)

2018-06-01 11:27:36 - [TEST_STEP][PASSED] - click: Object: 'Object Repository/HealthpostToCms/Page_KDMC - CMS/a_dropdown-toggle' is clicked on

2018-06-01 11:27:36 - [MESSAGE][PASSED] - Object: 'Object Repository/HealthpostToCms/Page_KDMC - CMS/a_dropdown-toggle' is clicked on

2018-06-01 11:27:36 - [TEST_STEP][PASSED] - click: Object: 'Object Repository/HealthpostToCms/Page_KDMC - CMS/a_Sign out' is clicked on

2018-06-01 11:27:36 - [MESSAGE][PASSED] - Object: 'Object Repository/HealthpostToCms/Page_KDMC - CMS/a_Sign out' is clicked on

2018-06-01 11:27:36 - [TEST_STEP][PASSED] - delay: Delayed 3 second(s)

2018-06-01 11:27:39 - [MESSAGE][PASSED] - Delayed 3 second(s)

2018-06-01 11:27:39 - [TEST_STEP][PASSED] - navigateToUrl: Navigate to 'http://192.168.137.1/multihospital_new/HDSplashscreen.aspx' successfully

2018-06-01 11:27:40 - [MESSAGE][PASSED] - Navigate to 'http://192.168.137.1/multihospital_new/HDSplashscreen.aspx' successfully

2018-06-01 11:27:40 - [TEST_STEP][PASSED] - click: Object: 'Object Repository/HealthpostToCms/Page_KDMC/a_Healthpost Store' is clicked on

2018-06-01 11:27:41 - [MESSAGE][PASSED] - Object: 'Object Repository/HealthpostToCms/Page_KDMC/a_Healthpost Store' is clicked on

2018-06-01 11:27:41 - [TEST_STEP][PASSED] - setText: Text 'raguram' is set on object 'Object Repository/HealthpostToCms/Page_HealthPost Store Login/input_txtusername'

2018-06-01 11:27:41 - [MESSAGE][PASSED] - Text 'raguram' is set on object 'Object Repository/HealthpostToCms/Page_HealthPost Store Login/input_txtusername'

2018-06-01 11:27:41 - [TEST_STEP][PASSED] - setText: Text '123' is set on object 'Object Repository/HealthpostToCms/Page_HealthPost Store Login/input_txtpassword'

2018-06-01 11:27:41 - [MESSAGE][PASSED] - Text '123' is set on object 'Object Repository/HealthpostToCms/Page_HealthPost Store Login/input_txtpassword'

2018-06-01 11:27:41 - [TEST_STEP][PASSED] - delay: Delayed 3 second(s)

2018-06-01 11:27:44 - [MESSAGE][PASSED] - Delayed 3 second(s)

2018-06-01 11:27:44 - [TEST_STEP][PASSED] - click: Object: 'Object Repository/HealthpostToCms/Page_HealthPost Store Login/button_Sign in' is clicked on

2018-06-01 11:27:44 - [MESSAGE][PASSED] - Object: 'Object Repository/HealthpostToCms/Page_HealthPost Store Login/button_Sign in' is clicked on

2018-06-01 11:27:44 - [TEST_STEP][PASSED] - delay: Delayed 3 second(s)

2018-06-01 11:27:47 - [MESSAGE][PASSED] - Delayed 3 second(s)

2018-06-01 11:27:47 - [TEST_STEP][PASSED] - click: Object: 'Object Repository/HealthpostToCms/Page_HealthPost Store/a_CMS' is clicked on

2018-06-01 11:27:48 - [MESSAGE][PASSED] - Object: 'Object Repository/HealthpostToCms/Page_HealthPost Store/a_CMS' is clicked on

2018-06-01 11:27:48 - [TEST_STEP][PASSED] - delay: Delayed 2 second(s)

2018-06-01 11:27:50 - [MESSAGE][PASSED] - Delayed 2 second(s)

2018-06-01 11:27:50 - [TEST_STEP][PASSED] - click: Object: 'Object Repository/HealthpostToCms/Page_HealthPost Store/a_Receiving Goods' is clicked on

2018-06-01 11:27:50 - [MESSAGE][PASSED] - Object: 'Object Repository/HealthpostToCms/Page_HealthPost Store/a_Receiving Goods' is clicked on

2018-06-01 11:27:50 - [TEST_STEP][PASSED] - setText: Text 'PRNO/01062018/529' is set on object 'Object Repository/HealthpostToCms/Page_HealthPost Store/input'

2018-06-01 11:27:51 - [MESSAGE][PASSED] - Text 'PRNO/01062018/529' is set on object 'Object Repository/HealthpostToCms/Page_HealthPost Store/input'

2018-06-01 11:27:51 - [TEST_STEP][PASSED] - click: Object: 'Object Repository/HealthpostToCms/Page_HealthPost Store/input_PRNO18052018174' is clicked on

2018-06-01 11:27:51 - [MESSAGE][PASSED] - Object: 'Object Repository/HealthpostToCms/Page_HealthPost Store/input_PRNO18052018174' is clicked on

2018-06-01 11:27:51 - [TEST_STEP][PASSED] - delay: Delayed 2 second(s)

2018-06-01 11:27:53 - [MESSAGE][PASSED] - Delayed 2 second(s)

2018-06-01 11:27:53 - [TEST_STEP][PASSED] - click: Object: 'Object Repository/HealthpostToCms/Page_HealthPost Store/input_chkrem' is clicked on

2018-06-01 11:27:53 - [MESSAGE][PASSED] - Object: 'Object Repository/HealthpostToCms/Page_HealthPost Store/input_chkrem' is clicked on

2018-06-01 11:27:53 - [TEST_STEP][PASSED] - scrollToElement: Scroll to object 'Object Repository/HealthpostToCms/Page_HealthPost Store/input_btchkroqadd' successfully

2018-06-01 11:27:53 - [MESSAGE][PASSED] - Scroll to object 'Object Repository/HealthpostToCms/Page_HealthPost Store/input_btchkroqadd' successfully

2018-06-01 11:27:53 - [TEST_STEP][PASSED] - click: Object: 'Object Repository/HealthpostToCms/Page_HealthPost Store/input_btchkroqadd' is clicked on

2018-06-01 11:27:53 - [MESSAGE][PASSED] - Object: 'Object Repository/HealthpostToCms/Page_HealthPost Store/input_btchkroqadd' is clicked on

2018-06-01 11:27:53 - [TEST_STEP][PASSED] - delay: Delayed 2 second(s)

2018-06-01 11:27:55 - [MESSAGE][PASSED] - Delayed 2 second(s)

2018-06-01 11:27:55 - [TEST_STEP][PASSED] - refresh: Refresh successfully

2018-06-01 11:27:56 - [MESSAGE][PASSED] - Refresh successfully

2018-06-01 11:27:56 - [TEST_STEP][PASSED] - delay: Delayed 3 second(s)

2018-06-01 11:27:59 - [MESSAGE][PASSED] - Delayed 3 second(s)

2018-06-01 11:27:59 - [TEST_STEP][PASSED] - click: Object: 'Object Repository/HealthpostToCms/Page_HealthPost Store/a_dropdown-toggle' is clicked on

2018-06-01 11:27:59 - [MESSAGE][PASSED] - Object: 'Object Repository/HealthpostToCms/Page_HealthPost Store/a_dropdown-toggle' is clicked on

2018-06-01 11:27:59 - [TEST_STEP][PASSED] - click: Object: 'Object Repository/HealthpostToCms/Page_HealthPost Store/a_Sign out' is clicked on

2018-06-01 11:27:59 - [MESSAGE][PASSED] - Object: 'Object Repository/HealthpostToCms/Page_HealthPost Store/a_Sign out' is clicked on

2018-06-01 11:27:59 - [TEST_STEP][PASSED] - closeBrowser: Browser is closed

2018-06-01 11:28:00 - [MESSAGE][PASSED] - Browser is closed]]></system-out>
         <system-err><![CDATA[]]></system-err>
      </testcase>
      <testcase name="Test Cases/HEALTHPOST TEST CASES/TC_HP_023 Verify Schedule 11 Healthpost To CMS Request Are Working Successfully Or Not" classname="Test Cases/HEALTHPOST TEST CASES/TC_HP_023 Verify Schedule 11 Healthpost To CMS Request Are Working Successfully Or Not" status="FAILED">
         <failure type="FAILED" message="Unable to select option by index '52' of object 'Object Repository/HealthpostToCms/Page_HealthPost Store/select_--Select--Adernaline 0.' (Root cause: org.openqa.selenium.NoSuchElementException: Cannot locate option with index: 52
For documentation on this error, please visit: http://seleniumhq.org/exceptions/no_such_element.html
Build info: version: '3.7.1', revision: '8a0099a', time: '2017-11-06T21:07:36.161Z'
System info: host: 'DESKTOP-BLFTK83', ip: '169.254.189.85', os.name: 'Windows 10', os.arch: 'amd64', os.version: '10.0', java.version: '1.8.0_102'
Driver info: driver.version: unknown)"/>
         <system-out><![CDATA[2018-06-01 11:28:00 - [TEST_CASE][FAILED] - Test Cases/HEALTHPOST TEST CASES/TC_HP_023 Verify Schedule 11 Healthpost To CMS Request Are Working Successfully Or Not: Test Cases/HEALTHPOST TEST CASES/TC_HP_023 Verify Schedule 11 Healthpost To CMS Request Are Working Successfully Or Not FAILED because (of) Unable to select option by index '52' of object 'Object Repository/HealthpostToCms/Page_HealthPost Store/select_--Select--Adernaline 0.' (Root cause: org.openqa.selenium.NoSuchElementException: Cannot locate option with index: 52
For documentation on this error, please visit: http://seleniumhq.org/exceptions/no_such_element.html
Build info: version: '3.7.1', revision: '8a0099a', time: '2017-11-06T21:07:36.161Z'
System info: host: 'DESKTOP-BLFTK83', ip: '169.254.189.85', os.name: 'Windows 10', os.arch: 'amd64', os.version: '10.0', java.version: '1.8.0_102'
Driver info: driver.version: unknown)

2018-06-01 11:28:00 - [TEST_STEP][PASSED] - openBrowser: Browser is opened with url: ''

2018-06-01 11:28:02 - [MESSAGE][PASSED] - Browser is opened with url: ''

2018-06-01 11:28:02 - [TEST_STEP][PASSED] - navigateToUrl: Navigate to 'http://192.168.137.1/multihospital_new/HDSplashscreen.aspx' successfully

2018-06-01 11:28:04 - [MESSAGE][PASSED] - Navigate to 'http://192.168.137.1/multihospital_new/HDSplashscreen.aspx' successfully

2018-06-01 11:28:04 - [TEST_STEP][PASSED] - maximizeWindow: Current window maximized

2018-06-01 11:28:05 - [MESSAGE][PASSED] - Current window maximized

2018-06-01 11:28:05 - [TEST_STEP][PASSED] - click: Object: 'Object Repository/HealthpostToCms/Page_KDMC/a_Healthpost Store' is clicked on

2018-06-01 11:28:06 - [MESSAGE][PASSED] - Object: 'Object Repository/HealthpostToCms/Page_KDMC/a_Healthpost Store' is clicked on

2018-06-01 11:28:06 - [TEST_STEP][PASSED] - setText: Text 'raguram' is set on object 'Object Repository/HealthpostToCms/Page_HealthPost Store Login/input_txtusername'

2018-06-01 11:28:06 - [MESSAGE][PASSED] - Text 'raguram' is set on object 'Object Repository/HealthpostToCms/Page_HealthPost Store Login/input_txtusername'

2018-06-01 11:28:06 - [TEST_STEP][PASSED] - setText: Text '123' is set on object 'Object Repository/HealthpostToCms/Page_HealthPost Store Login/input_txtpassword'

2018-06-01 11:28:06 - [MESSAGE][PASSED] - Text '123' is set on object 'Object Repository/HealthpostToCms/Page_HealthPost Store Login/input_txtpassword'

2018-06-01 11:28:06 - [TEST_STEP][PASSED] - delay: Delayed 3 second(s)

2018-06-01 11:28:09 - [MESSAGE][PASSED] - Delayed 3 second(s)

2018-06-01 11:28:09 - [TEST_STEP][PASSED] - click: Object: 'Object Repository/HealthpostToCms/Page_HealthPost Store Login/button_Sign in' is clicked on

2018-06-01 11:28:10 - [MESSAGE][PASSED] - Object: 'Object Repository/HealthpostToCms/Page_HealthPost Store Login/button_Sign in' is clicked on

2018-06-01 11:28:10 - [TEST_STEP][PASSED] - delay: Delayed 3 second(s)

2018-06-01 11:28:13 - [MESSAGE][PASSED] - Delayed 3 second(s)

2018-06-01 11:28:13 - [TEST_STEP][PASSED] - waitForElementPresent: Object 'Object Repository/HealthpostToCms/Page_HealthPost Store/a_CMS' is present

2018-06-01 11:28:13 - [MESSAGE][PASSED] - Object 'Object Repository/HealthpostToCms/Page_HealthPost Store/a_CMS' is present

2018-06-01 11:28:13 - [TEST_STEP][PASSED] - click: Object: 'Object Repository/HealthpostToCms/Page_HealthPost Store/a_CMS' is clicked on

2018-06-01 11:28:13 - [MESSAGE][PASSED] - Object: 'Object Repository/HealthpostToCms/Page_HealthPost Store/a_CMS' is clicked on

2018-06-01 11:28:13 - [TEST_STEP][PASSED] - click: Object: 'Object Repository/HealthpostToCms/Page_HealthPost Store/a_Request Send' is clicked on

2018-06-01 11:28:13 - [MESSAGE][PASSED] - Object: 'Object Repository/HealthpostToCms/Page_HealthPost Store/a_Request Send' is clicked on

2018-06-01 11:28:13 - [TEST_STEP][PASSED] - delay: Delayed 2 second(s)

2018-06-01 11:28:15 - [MESSAGE][PASSED] - Delayed 2 second(s)

2018-06-01 11:28:15 - [TEST_STEP][PASSED] - selectOptionByIndex: All options with index in [2] are selected on object 'Object Repository/HealthpostToCms/Page_HealthPost Store/select_--Select--'

2018-06-01 11:28:16 - [MESSAGE][PASSED] - All options with index in [2] are selected on object 'Object Repository/HealthpostToCms/Page_HealthPost Store/select_--Select--'

2018-06-01 11:28:16 - [TEST_STEP][PASSED] - selectOptionByIndex: All options with index in [11] are selected on object 'Object Repository/HealthpostToCms/Page_HealthPost Store/select_--Select--Schedule 1Inj'

2018-06-01 11:28:16 - [MESSAGE][PASSED] - All options with index in [11] are selected on object 'Object Repository/HealthpostToCms/Page_HealthPost Store/select_--Select--Schedule 1Inj'

2018-06-01 11:28:16 - [TEST_STEP][PASSED] - Statement - medicineslength = com.kms.katalon.core.webui.keyword.WebUiBuiltInKeywords.getNumberOfTotalOption(com.kms.katalon.core.testobject.ObjectRepository.findTestObject(HealthpostToCms/Page_HealthPost Store/select_--Select--Adernaline 0.)): 81 options of object 'Object Repository/HealthpostToCms/Page_HealthPost Store/select_--Select--Adernaline 0.' counted

2018-06-01 11:28:16 - [MESSAGE][PASSED] - 81 options of object 'Object Repository/HealthpostToCms/Page_HealthPost Store/select_--Select--Adernaline 0.' counted

2018-06-01 11:28:16 - [TEST_STEP][FAILED] - Statement - For ([e = 1, e <= medicineslength - 1, (e++)]): Unable to select option by index '52' of object 'Object Repository/HealthpostToCms/Page_HealthPost Store/select_--Select--Adernaline 0.' (Root cause: org.openqa.selenium.NoSuchElementException: Cannot locate option with index: 52
For documentation on this error, please visit: http://seleniumhq.org/exceptions/no_such_element.html
Build info: version: '3.7.1', revision: '8a0099a', time: '2017-11-06T21:07:36.161Z'
System info: host: 'DESKTOP-BLFTK83', ip: '169.254.189.85', os.name: 'Windows 10', os.arch: 'amd64', os.version: '10.0', java.version: '1.8.0_102'
Driver info: driver.version: unknown)

2018-06-01 11:28:16 - [TEST_STEP][PASSED] - selectOptionByIndex: All options with index in [11] are selected on object 'Object Repository/HealthpostToCms/Page_HealthPost Store/select_--Select--Schedule 1Inj'

2018-06-01 11:28:16 - [MESSAGE][PASSED] - All options with index in [11] are selected on object 'Object Repository/HealthpostToCms/Page_HealthPost Store/select_--Select--Schedule 1Inj'

2018-06-01 11:28:16 - [TEST_STEP][PASSED] - selectOptionByIndex: All options with index in [1] are selected on object 'Object Repository/HealthpostToCms/Page_HealthPost Store/select_--Select--Adernaline 0.'

2018-06-01 11:28:16 - [MESSAGE][PASSED] - All options with index in [1] are selected on object 'Object Repository/HealthpostToCms/Page_HealthPost Store/select_--Select--Adernaline 0.'

2018-06-01 11:28:16 - [TEST_STEP][PASSED] - setText: Text '100' is set on object 'Object Repository/HealthpostToCms/Page_HealthPost Store/input_txttreat'

2018-06-01 11:28:16 - [MESSAGE][PASSED] - Text '100' is set on object 'Object Repository/HealthpostToCms/Page_HealthPost Store/input_txttreat'

2018-06-01 11:28:16 - [TEST_STEP][PASSED] - click: Object: 'Object Repository/HealthpostToCms/Page_HealthPost Store/button_Add' is clicked on

2018-06-01 11:28:16 - [MESSAGE][PASSED] - Object: 'Object Repository/HealthpostToCms/Page_HealthPost Store/button_Add' is clicked on

2018-06-01 11:28:16 - [TEST_STEP][PASSED] - selectOptionByIndex: All options with index in [11] are selected on object 'Object Repository/HealthpostToCms/Page_HealthPost Store/select_--Select--Schedule 1Inj'

2018-06-01 11:28:17 - [MESSAGE][PASSED] - All options with index in [11] are selected on object 'Object Repository/HealthpostToCms/Page_HealthPost Store/select_--Select--Schedule 1Inj'

2018-06-01 11:28:17 - [TEST_STEP][PASSED] - selectOptionByIndex: All options with index in [2] are selected on object 'Object Repository/HealthpostToCms/Page_HealthPost Store/select_--Select--Adernaline 0.'

2018-06-01 11:28:17 - [MESSAGE][PASSED] - All options with index in [2] are selected on object 'Object Repository/HealthpostToCms/Page_HealthPost Store/select_--Select--Adernaline 0.'

2018-06-01 11:28:17 - [TEST_STEP][PASSED] - setText: Text '100' is set on object 'Object Repository/HealthpostToCms/Page_HealthPost Store/input_txttreat'

2018-06-01 11:28:17 - [MESSAGE][PASSED] - Text '100' is set on object 'Object Repository/HealthpostToCms/Page_HealthPost Store/input_txttreat'

2018-06-01 11:28:17 - [TEST_STEP][PASSED] - click: Object: 'Object Repository/HealthpostToCms/Page_HealthPost Store/button_Add' is clicked on

2018-06-01 11:28:17 - [MESSAGE][PASSED] - Object: 'Object Repository/HealthpostToCms/Page_HealthPost Store/button_Add' is clicked on

2018-06-01 11:28:17 - [TEST_STEP][PASSED] - selectOptionByIndex: All options with index in [11] are selected on object 'Object Repository/HealthpostToCms/Page_HealthPost Store/select_--Select--Schedule 1Inj'

2018-06-01 11:28:17 - [MESSAGE][PASSED] - All options with index in [11] are selected on object 'Object Repository/HealthpostToCms/Page_HealthPost Store/select_--Select--Schedule 1Inj'

2018-06-01 11:28:17 - [TEST_STEP][PASSED] - selectOptionByIndex: All options with index in [3] are selected on object 'Object Repository/HealthpostToCms/Page_HealthPost Store/select_--Select--Adernaline 0.'

2018-06-01 11:28:17 - [MESSAGE][PASSED] - All options with index in [3] are selected on object 'Object Repository/HealthpostToCms/Page_HealthPost Store/select_--Select--Adernaline 0.'

2018-06-01 11:28:17 - [TEST_STEP][PASSED] - setText: Text '100' is set on object 'Object Repository/HealthpostToCms/Page_HealthPost Store/input_txttreat'

2018-06-01 11:28:17 - [MESSAGE][PASSED] - Text '100' is set on object 'Object Repository/HealthpostToCms/Page_HealthPost Store/input_txttreat'

2018-06-01 11:28:17 - [TEST_STEP][PASSED] - click: Object: 'Object Repository/HealthpostToCms/Page_HealthPost Store/button_Add' is clicked on

2018-06-01 11:28:17 - [MESSAGE][PASSED] - Object: 'Object Repository/HealthpostToCms/Page_HealthPost Store/button_Add' is clicked on

2018-06-01 11:28:17 - [TEST_STEP][PASSED] - selectOptionByIndex: All options with index in [11] are selected on object 'Object Repository/HealthpostToCms/Page_HealthPost Store/select_--Select--Schedule 1Inj'

2018-06-01 11:28:18 - [MESSAGE][PASSED] - All options with index in [11] are selected on object 'Object Repository/HealthpostToCms/Page_HealthPost Store/select_--Select--Schedule 1Inj'

2018-06-01 11:28:18 - [TEST_STEP][PASSED] - selectOptionByIndex: All options with index in [4] are selected on object 'Object Repository/HealthpostToCms/Page_HealthPost Store/select_--Select--Adernaline 0.'

2018-06-01 11:28:18 - [MESSAGE][PASSED] - All options with index in [4] are selected on object 'Object Repository/HealthpostToCms/Page_HealthPost Store/select_--Select--Adernaline 0.'

2018-06-01 11:28:18 - [TEST_STEP][PASSED] - setText: Text '100' is set on object 'Object Repository/HealthpostToCms/Page_HealthPost Store/input_txttreat'

2018-06-01 11:28:18 - [MESSAGE][PASSED] - Text '100' is set on object 'Object Repository/HealthpostToCms/Page_HealthPost Store/input_txttreat'

2018-06-01 11:28:18 - [TEST_STEP][PASSED] - click: Object: 'Object Repository/HealthpostToCms/Page_HealthPost Store/button_Add' is clicked on

2018-06-01 11:28:18 - [MESSAGE][PASSED] - Object: 'Object Repository/HealthpostToCms/Page_HealthPost Store/button_Add' is clicked on

2018-06-01 11:28:18 - [TEST_STEP][PASSED] - selectOptionByIndex: All options with index in [11] are selected on object 'Object Repository/HealthpostToCms/Page_HealthPost Store/select_--Select--Schedule 1Inj'

2018-06-01 11:28:18 - [MESSAGE][PASSED] - All options with index in [11] are selected on object 'Object Repository/HealthpostToCms/Page_HealthPost Store/select_--Select--Schedule 1Inj'

2018-06-01 11:28:18 - [TEST_STEP][PASSED] - selectOptionByIndex: All options with index in [5] are selected on object 'Object Repository/HealthpostToCms/Page_HealthPost Store/select_--Select--Adernaline 0.'

2018-06-01 11:28:19 - [MESSAGE][PASSED] - All options with index in [5] are selected on object 'Object Repository/HealthpostToCms/Page_HealthPost Store/select_--Select--Adernaline 0.'

2018-06-01 11:28:19 - [TEST_STEP][PASSED] - setText: Text '100' is set on object 'Object Repository/HealthpostToCms/Page_HealthPost Store/input_txttreat'

2018-06-01 11:28:19 - [MESSAGE][PASSED] - Text '100' is set on object 'Object Repository/HealthpostToCms/Page_HealthPost Store/input_txttreat'

2018-06-01 11:28:19 - [TEST_STEP][PASSED] - click: Object: 'Object Repository/HealthpostToCms/Page_HealthPost Store/button_Add' is clicked on

2018-06-01 11:28:19 - [MESSAGE][PASSED] - Object: 'Object Repository/HealthpostToCms/Page_HealthPost Store/button_Add' is clicked on

2018-06-01 11:28:19 - [TEST_STEP][PASSED] - selectOptionByIndex: All options with index in [11] are selected on object 'Object Repository/HealthpostToCms/Page_HealthPost Store/select_--Select--Schedule 1Inj'

2018-06-01 11:28:19 - [MESSAGE][PASSED] - All options with index in [11] are selected on object 'Object Repository/HealthpostToCms/Page_HealthPost Store/select_--Select--Schedule 1Inj'

2018-06-01 11:28:19 - [TEST_STEP][PASSED] - selectOptionByIndex: All options with index in [6] are selected on object 'Object Repository/HealthpostToCms/Page_HealthPost Store/select_--Select--Adernaline 0.'

2018-06-01 11:28:19 - [MESSAGE][PASSED] - All options with index in [6] are selected on object 'Object Repository/HealthpostToCms/Page_HealthPost Store/select_--Select--Adernaline 0.'

2018-06-01 11:28:19 - [TEST_STEP][PASSED] - setText: Text '100' is set on object 'Object Repository/HealthpostToCms/Page_HealthPost Store/input_txttreat'

2018-06-01 11:28:19 - [MESSAGE][PASSED] - Text '100' is set on object 'Object Repository/HealthpostToCms/Page_HealthPost Store/input_txttreat'

2018-06-01 11:28:19 - [TEST_STEP][PASSED] - click: Object: 'Object Repository/HealthpostToCms/Page_HealthPost Store/button_Add' is clicked on

2018-06-01 11:28:19 - [MESSAGE][PASSED] - Object: 'Object Repository/HealthpostToCms/Page_HealthPost Store/button_Add' is clicked on

2018-06-01 11:28:19 - [TEST_STEP][PASSED] - selectOptionByIndex: All options with index in [11] are selected on object 'Object Repository/HealthpostToCms/Page_HealthPost Store/select_--Select--Schedule 1Inj'

2018-06-01 11:28:20 - [MESSAGE][PASSED] - All options with index in [11] are selected on object 'Object Repository/HealthpostToCms/Page_HealthPost Store/select_--Select--Schedule 1Inj'

2018-06-01 11:28:20 - [TEST_STEP][PASSED] - selectOptionByIndex: All options with index in [7] are selected on object 'Object Repository/HealthpostToCms/Page_HealthPost Store/select_--Select--Adernaline 0.'

2018-06-01 11:28:20 - [MESSAGE][PASSED] - All options with index in [7] are selected on object 'Object Repository/HealthpostToCms/Page_HealthPost Store/select_--Select--Adernaline 0.'

2018-06-01 11:28:20 - [TEST_STEP][PASSED] - setText: Text '100' is set on object 'Object Repository/HealthpostToCms/Page_HealthPost Store/input_txttreat'

2018-06-01 11:28:20 - [MESSAGE][PASSED] - Text '100' is set on object 'Object Repository/HealthpostToCms/Page_HealthPost Store/input_txttreat'

2018-06-01 11:28:20 - [TEST_STEP][PASSED] - click: Object: 'Object Repository/HealthpostToCms/Page_HealthPost Store/button_Add' is clicked on

2018-06-01 11:28:20 - [MESSAGE][PASSED] - Object: 'Object Repository/HealthpostToCms/Page_HealthPost Store/button_Add' is clicked on

2018-06-01 11:28:20 - [TEST_STEP][PASSED] - selectOptionByIndex: All options with index in [11] are selected on object 'Object Repository/HealthpostToCms/Page_HealthPost Store/select_--Select--Schedule 1Inj'

2018-06-01 11:28:20 - [MESSAGE][PASSED] - All options with index in [11] are selected on object 'Object Repository/HealthpostToCms/Page_HealthPost Store/select_--Select--Schedule 1Inj'

2018-06-01 11:28:20 - [TEST_STEP][PASSED] - selectOptionByIndex: All options with index in [8] are selected on object 'Object Repository/HealthpostToCms/Page_HealthPost Store/select_--Select--Adernaline 0.'

2018-06-01 11:28:20 - [MESSAGE][PASSED] - All options with index in [8] are selected on object 'Object Repository/HealthpostToCms/Page_HealthPost Store/select_--Select--Adernaline 0.'

2018-06-01 11:28:20 - [TEST_STEP][PASSED] - setText: Text '100' is set on object 'Object Repository/HealthpostToCms/Page_HealthPost Store/input_txttreat'

2018-06-01 11:28:20 - [MESSAGE][PASSED] - Text '100' is set on object 'Object Repository/HealthpostToCms/Page_HealthPost Store/input_txttreat'

2018-06-01 11:28:20 - [TEST_STEP][PASSED] - click: Object: 'Object Repository/HealthpostToCms/Page_HealthPost Store/button_Add' is clicked on

2018-06-01 11:28:21 - [MESSAGE][PASSED] - Object: 'Object Repository/HealthpostToCms/Page_HealthPost Store/button_Add' is clicked on

2018-06-01 11:28:21 - [TEST_STEP][PASSED] - selectOptionByIndex: All options with index in [11] are selected on object 'Object Repository/HealthpostToCms/Page_HealthPost Store/select_--Select--Schedule 1Inj'

2018-06-01 11:28:21 - [MESSAGE][PASSED] - All options with index in [11] are selected on object 'Object Repository/HealthpostToCms/Page_HealthPost Store/select_--Select--Schedule 1Inj'

2018-06-01 11:28:21 - [TEST_STEP][PASSED] - selectOptionByIndex: All options with index in [9] are selected on object 'Object Repository/HealthpostToCms/Page_HealthPost Store/select_--Select--Adernaline 0.'

2018-06-01 11:28:21 - [MESSAGE][PASSED] - All options with index in [9] are selected on object 'Object Repository/HealthpostToCms/Page_HealthPost Store/select_--Select--Adernaline 0.'

2018-06-01 11:28:21 - [TEST_STEP][PASSED] - setText: Text '100' is set on object 'Object Repository/HealthpostToCms/Page_HealthPost Store/input_txttreat'

2018-06-01 11:28:21 - [MESSAGE][PASSED] - Text '100' is set on object 'Object Repository/HealthpostToCms/Page_HealthPost Store/input_txttreat'

2018-06-01 11:28:21 - [TEST_STEP][PASSED] - click: Object: 'Object Repository/HealthpostToCms/Page_HealthPost Store/button_Add' is clicked on

2018-06-01 11:28:21 - [MESSAGE][PASSED] - Object: 'Object Repository/HealthpostToCms/Page_HealthPost Store/button_Add' is clicked on

2018-06-01 11:28:21 - [TEST_STEP][PASSED] - selectOptionByIndex: All options with index in [11] are selected on object 'Object Repository/HealthpostToCms/Page_HealthPost Store/select_--Select--Schedule 1Inj'

2018-06-01 11:28:21 - [MESSAGE][PASSED] - All options with index in [11] are selected on object 'Object Repository/HealthpostToCms/Page_HealthPost Store/select_--Select--Schedule 1Inj'

2018-06-01 11:28:21 - [TEST_STEP][PASSED] - selectOptionByIndex: All options with index in [10] are selected on object 'Object Repository/HealthpostToCms/Page_HealthPost Store/select_--Select--Adernaline 0.'

2018-06-01 11:28:22 - [MESSAGE][PASSED] - All options with index in [10] are selected on object 'Object Repository/HealthpostToCms/Page_HealthPost Store/select_--Select--Adernaline 0.'

2018-06-01 11:28:22 - [TEST_STEP][PASSED] - setText: Text '100' is set on object 'Object Repository/HealthpostToCms/Page_HealthPost Store/input_txttreat'

2018-06-01 11:28:22 - [MESSAGE][PASSED] - Text '100' is set on object 'Object Repository/HealthpostToCms/Page_HealthPost Store/input_txttreat'

2018-06-01 11:28:22 - [TEST_STEP][PASSED] - click: Object: 'Object Repository/HealthpostToCms/Page_HealthPost Store/button_Add' is clicked on

2018-06-01 11:28:22 - [MESSAGE][PASSED] - Object: 'Object Repository/HealthpostToCms/Page_HealthPost Store/button_Add' is clicked on

2018-06-01 11:28:22 - [TEST_STEP][PASSED] - selectOptionByIndex: All options with index in [11] are selected on object 'Object Repository/HealthpostToCms/Page_HealthPost Store/select_--Select--Schedule 1Inj'

2018-06-01 11:28:22 - [MESSAGE][PASSED] - All options with index in [11] are selected on object 'Object Repository/HealthpostToCms/Page_HealthPost Store/select_--Select--Schedule 1Inj'

2018-06-01 11:28:22 - [TEST_STEP][PASSED] - selectOptionByIndex: All options with index in [11] are selected on object 'Object Repository/HealthpostToCms/Page_HealthPost Store/select_--Select--Adernaline 0.'

2018-06-01 11:28:22 - [MESSAGE][PASSED] - All options with index in [11] are selected on object 'Object Repository/HealthpostToCms/Page_HealthPost Store/select_--Select--Adernaline 0.'

2018-06-01 11:28:22 - [TEST_STEP][PASSED] - setText: Text '100' is set on object 'Object Repository/HealthpostToCms/Page_HealthPost Store/input_txttreat'

2018-06-01 11:28:22 - [MESSAGE][PASSED] - Text '100' is set on object 'Object Repository/HealthpostToCms/Page_HealthPost Store/input_txttreat'

2018-06-01 11:28:22 - [TEST_STEP][PASSED] - click: Object: 'Object Repository/HealthpostToCms/Page_HealthPost Store/button_Add' is clicked on

2018-06-01 11:28:23 - [MESSAGE][PASSED] - Object: 'Object Repository/HealthpostToCms/Page_HealthPost Store/button_Add' is clicked on

2018-06-01 11:28:23 - [TEST_STEP][PASSED] - selectOptionByIndex: All options with index in [11] are selected on object 'Object Repository/HealthpostToCms/Page_HealthPost Store/select_--Select--Schedule 1Inj'

2018-06-01 11:28:23 - [MESSAGE][PASSED] - All options with index in [11] are selected on object 'Object Repository/HealthpostToCms/Page_HealthPost Store/select_--Select--Schedule 1Inj'

2018-06-01 11:28:23 - [TEST_STEP][PASSED] - selectOptionByIndex: All options with index in [12] are selected on object 'Object Repository/HealthpostToCms/Page_HealthPost Store/select_--Select--Adernaline 0.'

2018-06-01 11:28:23 - [MESSAGE][PASSED] - All options with index in [12] are selected on object 'Object Repository/HealthpostToCms/Page_HealthPost Store/select_--Select--Adernaline 0.'

2018-06-01 11:28:23 - [TEST_STEP][PASSED] - setText: Text '100' is set on object 'Object Repository/HealthpostToCms/Page_HealthPost Store/input_txttreat'

2018-06-01 11:28:23 - [MESSAGE][PASSED] - Text '100' is set on object 'Object Repository/HealthpostToCms/Page_HealthPost Store/input_txttreat'

2018-06-01 11:28:23 - [TEST_STEP][PASSED] - click: Object: 'Object Repository/HealthpostToCms/Page_HealthPost Store/button_Add' is clicked on

2018-06-01 11:28:23 - [MESSAGE][PASSED] - Object: 'Object Repository/HealthpostToCms/Page_HealthPost Store/button_Add' is clicked on

2018-06-01 11:28:23 - [TEST_STEP][PASSED] - selectOptionByIndex: All options with index in [11] are selected on object 'Object Repository/HealthpostToCms/Page_HealthPost Store/select_--Select--Schedule 1Inj'

2018-06-01 11:28:24 - [MESSAGE][PASSED] - All options with index in [11] are selected on object 'Object Repository/HealthpostToCms/Page_HealthPost Store/select_--Select--Schedule 1Inj'

2018-06-01 11:28:24 - [TEST_STEP][PASSED] - selectOptionByIndex: All options with index in [13] are selected on object 'Object Repository/HealthpostToCms/Page_HealthPost Store/select_--Select--Adernaline 0.'

2018-06-01 11:28:24 - [MESSAGE][PASSED] - All options with index in [13] are selected on object 'Object Repository/HealthpostToCms/Page_HealthPost Store/select_--Select--Adernaline 0.'

2018-06-01 11:28:24 - [TEST_STEP][PASSED] - setText: Text '100' is set on object 'Object Repository/HealthpostToCms/Page_HealthPost Store/input_txttreat'

2018-06-01 11:28:24 - [MESSAGE][PASSED] - Text '100' is set on object 'Object Repository/HealthpostToCms/Page_HealthPost Store/input_txttreat'

2018-06-01 11:28:24 - [TEST_STEP][PASSED] - click: Object: 'Object Repository/HealthpostToCms/Page_HealthPost Store/button_Add' is clicked on

2018-06-01 11:28:24 - [MESSAGE][PASSED] - Object: 'Object Repository/HealthpostToCms/Page_HealthPost Store/button_Add' is clicked on

2018-06-01 11:28:24 - [TEST_STEP][PASSED] - selectOptionByIndex: All options with index in [11] are selected on object 'Object Repository/HealthpostToCms/Page_HealthPost Store/select_--Select--Schedule 1Inj'

2018-06-01 11:28:24 - [MESSAGE][PASSED] - All options with index in [11] are selected on object 'Object Repository/HealthpostToCms/Page_HealthPost Store/select_--Select--Schedule 1Inj'

2018-06-01 11:28:24 - [TEST_STEP][PASSED] - selectOptionByIndex: All options with index in [14] are selected on object 'Object Repository/HealthpostToCms/Page_HealthPost Store/select_--Select--Adernaline 0.'

2018-06-01 11:28:25 - [MESSAGE][PASSED] - All options with index in [14] are selected on object 'Object Repository/HealthpostToCms/Page_HealthPost Store/select_--Select--Adernaline 0.'

2018-06-01 11:28:25 - [TEST_STEP][PASSED] - setText: Text '100' is set on object 'Object Repository/HealthpostToCms/Page_HealthPost Store/input_txttreat'

2018-06-01 11:28:25 - [MESSAGE][PASSED] - Text '100' is set on object 'Object Repository/HealthpostToCms/Page_HealthPost Store/input_txttreat'

2018-06-01 11:28:25 - [TEST_STEP][PASSED] - click: Object: 'Object Repository/HealthpostToCms/Page_HealthPost Store/button_Add' is clicked on

2018-06-01 11:28:25 - [MESSAGE][PASSED] - Object: 'Object Repository/HealthpostToCms/Page_HealthPost Store/button_Add' is clicked on

2018-06-01 11:28:25 - [TEST_STEP][PASSED] - selectOptionByIndex: All options with index in [11] are selected on object 'Object Repository/HealthpostToCms/Page_HealthPost Store/select_--Select--Schedule 1Inj'

2018-06-01 11:28:25 - [MESSAGE][PASSED] - All options with index in [11] are selected on object 'Object Repository/HealthpostToCms/Page_HealthPost Store/select_--Select--Schedule 1Inj'

2018-06-01 11:28:25 - [TEST_STEP][PASSED] - selectOptionByIndex: All options with index in [15] are selected on object 'Object Repository/HealthpostToCms/Page_HealthPost Store/select_--Select--Adernaline 0.'

2018-06-01 11:28:25 - [MESSAGE][PASSED] - All options with index in [15] are selected on object 'Object Repository/HealthpostToCms/Page_HealthPost Store/select_--Select--Adernaline 0.'

2018-06-01 11:28:25 - [TEST_STEP][PASSED] - setText: Text '100' is set on object 'Object Repository/HealthpostToCms/Page_HealthPost Store/input_txttreat'

2018-06-01 11:28:25 - [MESSAGE][PASSED] - Text '100' is set on object 'Object Repository/HealthpostToCms/Page_HealthPost Store/input_txttreat'

2018-06-01 11:28:25 - [TEST_STEP][PASSED] - click: Object: 'Object Repository/HealthpostToCms/Page_HealthPost Store/button_Add' is clicked on

2018-06-01 11:28:25 - [MESSAGE][PASSED] - Object: 'Object Repository/HealthpostToCms/Page_HealthPost Store/button_Add' is clicked on

2018-06-01 11:28:25 - [TEST_STEP][PASSED] - selectOptionByIndex: All options with index in [11] are selected on object 'Object Repository/HealthpostToCms/Page_HealthPost Store/select_--Select--Schedule 1Inj'

2018-06-01 11:28:26 - [MESSAGE][PASSED] - All options with index in [11] are selected on object 'Object Repository/HealthpostToCms/Page_HealthPost Store/select_--Select--Schedule 1Inj'

2018-06-01 11:28:26 - [TEST_STEP][PASSED] - selectOptionByIndex: All options with index in [16] are selected on object 'Object Repository/HealthpostToCms/Page_HealthPost Store/select_--Select--Adernaline 0.'

2018-06-01 11:28:26 - [MESSAGE][PASSED] - All options with index in [16] are selected on object 'Object Repository/HealthpostToCms/Page_HealthPost Store/select_--Select--Adernaline 0.'

2018-06-01 11:28:26 - [TEST_STEP][PASSED] - setText: Text '100' is set on object 'Object Repository/HealthpostToCms/Page_HealthPost Store/input_txttreat'

2018-06-01 11:28:26 - [MESSAGE][PASSED] - Text '100' is set on object 'Object Repository/HealthpostToCms/Page_HealthPost Store/input_txttreat'

2018-06-01 11:28:26 - [TEST_STEP][PASSED] - click: Object: 'Object Repository/HealthpostToCms/Page_HealthPost Store/button_Add' is clicked on

2018-06-01 11:28:26 - [MESSAGE][PASSED] - Object: 'Object Repository/HealthpostToCms/Page_HealthPost Store/button_Add' is clicked on

2018-06-01 11:28:26 - [TEST_STEP][PASSED] - selectOptionByIndex: All options with index in [11] are selected on object 'Object Repository/HealthpostToCms/Page_HealthPost Store/select_--Select--Schedule 1Inj'

2018-06-01 11:28:26 - [MESSAGE][PASSED] - All options with index in [11] are selected on object 'Object Repository/HealthpostToCms/Page_HealthPost Store/select_--Select--Schedule 1Inj'

2018-06-01 11:28:26 - [TEST_STEP][PASSED] - selectOptionByIndex: All options with index in [17] are selected on object 'Object Repository/HealthpostToCms/Page_HealthPost Store/select_--Select--Adernaline 0.'

2018-06-01 11:28:27 - [MESSAGE][PASSED] - All options with index in [17] are selected on object 'Object Repository/HealthpostToCms/Page_HealthPost Store/select_--Select--Adernaline 0.'

2018-06-01 11:28:27 - [TEST_STEP][PASSED] - setText: Text '100' is set on object 'Object Repository/HealthpostToCms/Page_HealthPost Store/input_txttreat'

2018-06-01 11:28:27 - [MESSAGE][PASSED] - Text '100' is set on object 'Object Repository/HealthpostToCms/Page_HealthPost Store/input_txttreat'

2018-06-01 11:28:27 - [TEST_STEP][PASSED] - click: Object: 'Object Repository/HealthpostToCms/Page_HealthPost Store/button_Add' is clicked on

2018-06-01 11:28:27 - [MESSAGE][PASSED] - Object: 'Object Repository/HealthpostToCms/Page_HealthPost Store/button_Add' is clicked on

2018-06-01 11:28:27 - [TEST_STEP][PASSED] - selectOptionByIndex: All options with index in [11] are selected on object 'Object Repository/HealthpostToCms/Page_HealthPost Store/select_--Select--Schedule 1Inj'

2018-06-01 11:28:27 - [MESSAGE][PASSED] - All options with index in [11] are selected on object 'Object Repository/HealthpostToCms/Page_HealthPost Store/select_--Select--Schedule 1Inj'

2018-06-01 11:28:27 - [TEST_STEP][PASSED] - selectOptionByIndex: All options with index in [18] are selected on object 'Object Repository/HealthpostToCms/Page_HealthPost Store/select_--Select--Adernaline 0.'

2018-06-01 11:28:27 - [MESSAGE][PASSED] - All options with index in [18] are selected on object 'Object Repository/HealthpostToCms/Page_HealthPost Store/select_--Select--Adernaline 0.'

2018-06-01 11:28:27 - [TEST_STEP][PASSED] - setText: Text '100' is set on object 'Object Repository/HealthpostToCms/Page_HealthPost Store/input_txttreat'

2018-06-01 11:28:27 - [MESSAGE][PASSED] - Text '100' is set on object 'Object Repository/HealthpostToCms/Page_HealthPost Store/input_txttreat'

2018-06-01 11:28:27 - [TEST_STEP][PASSED] - click: Object: 'Object Repository/HealthpostToCms/Page_HealthPost Store/button_Add' is clicked on

2018-06-01 11:28:28 - [MESSAGE][PASSED] - Object: 'Object Repository/HealthpostToCms/Page_HealthPost Store/button_Add' is clicked on

2018-06-01 11:28:28 - [TEST_STEP][PASSED] - selectOptionByIndex: All options with index in [11] are selected on object 'Object Repository/HealthpostToCms/Page_HealthPost Store/select_--Select--Schedule 1Inj'

2018-06-01 11:28:28 - [MESSAGE][PASSED] - All options with index in [11] are selected on object 'Object Repository/HealthpostToCms/Page_HealthPost Store/select_--Select--Schedule 1Inj'

2018-06-01 11:28:28 - [TEST_STEP][PASSED] - selectOptionByIndex: All options with index in [19] are selected on object 'Object Repository/HealthpostToCms/Page_HealthPost Store/select_--Select--Adernaline 0.'

2018-06-01 11:28:28 - [MESSAGE][PASSED] - All options with index in [19] are selected on object 'Object Repository/HealthpostToCms/Page_HealthPost Store/select_--Select--Adernaline 0.'

2018-06-01 11:28:28 - [TEST_STEP][PASSED] - setText: Text '100' is set on object 'Object Repository/HealthpostToCms/Page_HealthPost Store/input_txttreat'

2018-06-01 11:28:28 - [MESSAGE][PASSED] - Text '100' is set on object 'Object Repository/HealthpostToCms/Page_HealthPost Store/input_txttreat'

2018-06-01 11:28:28 - [TEST_STEP][PASSED] - click: Object: 'Object Repository/HealthpostToCms/Page_HealthPost Store/button_Add' is clicked on

2018-06-01 11:28:28 - [MESSAGE][PASSED] - Object: 'Object Repository/HealthpostToCms/Page_HealthPost Store/button_Add' is clicked on

2018-06-01 11:28:28 - [TEST_STEP][PASSED] - selectOptionByIndex: All options with index in [11] are selected on object 'Object Repository/HealthpostToCms/Page_HealthPost Store/select_--Select--Schedule 1Inj'

2018-06-01 11:28:29 - [MESSAGE][PASSED] - All options with index in [11] are selected on object 'Object Repository/HealthpostToCms/Page_HealthPost Store/select_--Select--Schedule 1Inj'

2018-06-01 11:28:29 - [TEST_STEP][PASSED] - selectOptionByIndex: All options with index in [20] are selected on object 'Object Repository/HealthpostToCms/Page_HealthPost Store/select_--Select--Adernaline 0.'

2018-06-01 11:28:29 - [MESSAGE][PASSED] - All options with index in [20] are selected on object 'Object Repository/HealthpostToCms/Page_HealthPost Store/select_--Select--Adernaline 0.'

2018-06-01 11:28:29 - [TEST_STEP][PASSED] - setText: Text '100' is set on object 'Object Repository/HealthpostToCms/Page_HealthPost Store/input_txttreat'

2018-06-01 11:28:29 - [MESSAGE][PASSED] - Text '100' is set on object 'Object Repository/HealthpostToCms/Page_HealthPost Store/input_txttreat'

2018-06-01 11:28:29 - [TEST_STEP][PASSED] - click: Object: 'Object Repository/HealthpostToCms/Page_HealthPost Store/button_Add' is clicked on

2018-06-01 11:28:29 - [MESSAGE][PASSED] - Object: 'Object Repository/HealthpostToCms/Page_HealthPost Store/button_Add' is clicked on

2018-06-01 11:28:29 - [TEST_STEP][PASSED] - selectOptionByIndex: All options with index in [11] are selected on object 'Object Repository/HealthpostToCms/Page_HealthPost Store/select_--Select--Schedule 1Inj'

2018-06-01 11:28:29 - [MESSAGE][PASSED] - All options with index in [11] are selected on object 'Object Repository/HealthpostToCms/Page_HealthPost Store/select_--Select--Schedule 1Inj'

2018-06-01 11:28:29 - [TEST_STEP][PASSED] - selectOptionByIndex: All options with index in [21] are selected on object 'Object Repository/HealthpostToCms/Page_HealthPost Store/select_--Select--Adernaline 0.'

2018-06-01 11:28:30 - [MESSAGE][PASSED] - All options with index in [21] are selected on object 'Object Repository/HealthpostToCms/Page_HealthPost Store/select_--Select--Adernaline 0.'

2018-06-01 11:28:30 - [TEST_STEP][PASSED] - setText: Text '100' is set on object 'Object Repository/HealthpostToCms/Page_HealthPost Store/input_txttreat'

2018-06-01 11:28:30 - [MESSAGE][PASSED] - Text '100' is set on object 'Object Repository/HealthpostToCms/Page_HealthPost Store/input_txttreat'

2018-06-01 11:28:30 - [TEST_STEP][PASSED] - click: Object: 'Object Repository/HealthpostToCms/Page_HealthPost Store/button_Add' is clicked on

2018-06-01 11:28:30 - [MESSAGE][PASSED] - Object: 'Object Repository/HealthpostToCms/Page_HealthPost Store/button_Add' is clicked on

2018-06-01 11:28:30 - [TEST_STEP][PASSED] - selectOptionByIndex: All options with index in [11] are selected on object 'Object Repository/HealthpostToCms/Page_HealthPost Store/select_--Select--Schedule 1Inj'

2018-06-01 11:28:30 - [MESSAGE][PASSED] - All options with index in [11] are selected on object 'Object Repository/HealthpostToCms/Page_HealthPost Store/select_--Select--Schedule 1Inj'

2018-06-01 11:28:30 - [TEST_STEP][PASSED] - selectOptionByIndex: All options with index in [22] are selected on object 'Object Repository/HealthpostToCms/Page_HealthPost Store/select_--Select--Adernaline 0.'

2018-06-01 11:28:30 - [MESSAGE][PASSED] - All options with index in [22] are selected on object 'Object Repository/HealthpostToCms/Page_HealthPost Store/select_--Select--Adernaline 0.'

2018-06-01 11:28:30 - [TEST_STEP][PASSED] - setText: Text '100' is set on object 'Object Repository/HealthpostToCms/Page_HealthPost Store/input_txttreat'

2018-06-01 11:28:30 - [MESSAGE][PASSED] - Text '100' is set on object 'Object Repository/HealthpostToCms/Page_HealthPost Store/input_txttreat'

2018-06-01 11:28:30 - [TEST_STEP][PASSED] - click: Object: 'Object Repository/HealthpostToCms/Page_HealthPost Store/button_Add' is clicked on

2018-06-01 11:28:31 - [MESSAGE][PASSED] - Object: 'Object Repository/HealthpostToCms/Page_HealthPost Store/button_Add' is clicked on

2018-06-01 11:28:31 - [TEST_STEP][PASSED] - selectOptionByIndex: All options with index in [11] are selected on object 'Object Repository/HealthpostToCms/Page_HealthPost Store/select_--Select--Schedule 1Inj'

2018-06-01 11:28:31 - [MESSAGE][PASSED] - All options with index in [11] are selected on object 'Object Repository/HealthpostToCms/Page_HealthPost Store/select_--Select--Schedule 1Inj'

2018-06-01 11:28:31 - [TEST_STEP][PASSED] - selectOptionByIndex: All options with index in [23] are selected on object 'Object Repository/HealthpostToCms/Page_HealthPost Store/select_--Select--Adernaline 0.'

2018-06-01 11:28:31 - [MESSAGE][PASSED] - All options with index in [23] are selected on object 'Object Repository/HealthpostToCms/Page_HealthPost Store/select_--Select--Adernaline 0.'

2018-06-01 11:28:31 - [TEST_STEP][PASSED] - setText: Text '100' is set on object 'Object Repository/HealthpostToCms/Page_HealthPost Store/input_txttreat'

2018-06-01 11:28:31 - [MESSAGE][PASSED] - Text '100' is set on object 'Object Repository/HealthpostToCms/Page_HealthPost Store/input_txttreat'

2018-06-01 11:28:31 - [TEST_STEP][PASSED] - click: Object: 'Object Repository/HealthpostToCms/Page_HealthPost Store/button_Add' is clicked on

2018-06-01 11:28:31 - [MESSAGE][PASSED] - Object: 'Object Repository/HealthpostToCms/Page_HealthPost Store/button_Add' is clicked on

2018-06-01 11:28:31 - [TEST_STEP][PASSED] - selectOptionByIndex: All options with index in [11] are selected on object 'Object Repository/HealthpostToCms/Page_HealthPost Store/select_--Select--Schedule 1Inj'

2018-06-01 11:28:32 - [MESSAGE][PASSED] - All options with index in [11] are selected on object 'Object Repository/HealthpostToCms/Page_HealthPost Store/select_--Select--Schedule 1Inj'

2018-06-01 11:28:32 - [TEST_STEP][PASSED] - selectOptionByIndex: All options with index in [24] are selected on object 'Object Repository/HealthpostToCms/Page_HealthPost Store/select_--Select--Adernaline 0.'

2018-06-01 11:28:32 - [MESSAGE][PASSED] - All options with index in [24] are selected on object 'Object Repository/HealthpostToCms/Page_HealthPost Store/select_--Select--Adernaline 0.'

2018-06-01 11:28:32 - [TEST_STEP][PASSED] - setText: Text '100' is set on object 'Object Repository/HealthpostToCms/Page_HealthPost Store/input_txttreat'

2018-06-01 11:28:32 - [MESSAGE][PASSED] - Text '100' is set on object 'Object Repository/HealthpostToCms/Page_HealthPost Store/input_txttreat'

2018-06-01 11:28:32 - [TEST_STEP][PASSED] - click: Object: 'Object Repository/HealthpostToCms/Page_HealthPost Store/button_Add' is clicked on

2018-06-01 11:28:32 - [MESSAGE][PASSED] - Object: 'Object Repository/HealthpostToCms/Page_HealthPost Store/button_Add' is clicked on

2018-06-01 11:28:32 - [TEST_STEP][PASSED] - selectOptionByIndex: All options with index in [11] are selected on object 'Object Repository/HealthpostToCms/Page_HealthPost Store/select_--Select--Schedule 1Inj'

2018-06-01 11:28:32 - [MESSAGE][PASSED] - All options with index in [11] are selected on object 'Object Repository/HealthpostToCms/Page_HealthPost Store/select_--Select--Schedule 1Inj'

2018-06-01 11:28:32 - [TEST_STEP][PASSED] - selectOptionByIndex: All options with index in [25] are selected on object 'Object Repository/HealthpostToCms/Page_HealthPost Store/select_--Select--Adernaline 0.'

2018-06-01 11:28:33 - [MESSAGE][PASSED] - All options with index in [25] are selected on object 'Object Repository/HealthpostToCms/Page_HealthPost Store/select_--Select--Adernaline 0.'

2018-06-01 11:28:33 - [TEST_STEP][PASSED] - setText: Text '100' is set on object 'Object Repository/HealthpostToCms/Page_HealthPost Store/input_txttreat'

2018-06-01 11:28:33 - [MESSAGE][PASSED] - Text '100' is set on object 'Object Repository/HealthpostToCms/Page_HealthPost Store/input_txttreat'

2018-06-01 11:28:33 - [TEST_STEP][PASSED] - click: Object: 'Object Repository/HealthpostToCms/Page_HealthPost Store/button_Add' is clicked on

2018-06-01 11:28:33 - [MESSAGE][PASSED] - Object: 'Object Repository/HealthpostToCms/Page_HealthPost Store/button_Add' is clicked on

2018-06-01 11:28:33 - [TEST_STEP][PASSED] - selectOptionByIndex: All options with index in [11] are selected on object 'Object Repository/HealthpostToCms/Page_HealthPost Store/select_--Select--Schedule 1Inj'

2018-06-01 11:28:33 - [MESSAGE][PASSED] - All options with index in [11] are selected on object 'Object Repository/HealthpostToCms/Page_HealthPost Store/select_--Select--Schedule 1Inj'

2018-06-01 11:28:33 - [TEST_STEP][PASSED] - selectOptionByIndex: All options with index in [26] are selected on object 'Object Repository/HealthpostToCms/Page_HealthPost Store/select_--Select--Adernaline 0.'

2018-06-01 11:28:34 - [MESSAGE][PASSED] - All options with index in [26] are selected on object 'Object Repository/HealthpostToCms/Page_HealthPost Store/select_--Select--Adernaline 0.'

2018-06-01 11:28:34 - [TEST_STEP][PASSED] - setText: Text '100' is set on object 'Object Repository/HealthpostToCms/Page_HealthPost Store/input_txttreat'

2018-06-01 11:28:34 - [MESSAGE][PASSED] - Text '100' is set on object 'Object Repository/HealthpostToCms/Page_HealthPost Store/input_txttreat'

2018-06-01 11:28:34 - [TEST_STEP][PASSED] - click: Object: 'Object Repository/HealthpostToCms/Page_HealthPost Store/button_Add' is clicked on

2018-06-01 11:28:34 - [MESSAGE][PASSED] - Object: 'Object Repository/HealthpostToCms/Page_HealthPost Store/button_Add' is clicked on

2018-06-01 11:28:34 - [TEST_STEP][PASSED] - selectOptionByIndex: All options with index in [11] are selected on object 'Object Repository/HealthpostToCms/Page_HealthPost Store/select_--Select--Schedule 1Inj'

2018-06-01 11:28:34 - [MESSAGE][PASSED] - All options with index in [11] are selected on object 'Object Repository/HealthpostToCms/Page_HealthPost Store/select_--Select--Schedule 1Inj'

2018-06-01 11:28:34 - [TEST_STEP][PASSED] - selectOptionByIndex: All options with index in [27] are selected on object 'Object Repository/HealthpostToCms/Page_HealthPost Store/select_--Select--Adernaline 0.'

2018-06-01 11:28:35 - [MESSAGE][PASSED] - All options with index in [27] are selected on object 'Object Repository/HealthpostToCms/Page_HealthPost Store/select_--Select--Adernaline 0.'

2018-06-01 11:28:35 - [TEST_STEP][PASSED] - setText: Text '100' is set on object 'Object Repository/HealthpostToCms/Page_HealthPost Store/input_txttreat'

2018-06-01 11:28:35 - [MESSAGE][PASSED] - Text '100' is set on object 'Object Repository/HealthpostToCms/Page_HealthPost Store/input_txttreat'

2018-06-01 11:28:35 - [TEST_STEP][PASSED] - click: Object: 'Object Repository/HealthpostToCms/Page_HealthPost Store/button_Add' is clicked on

2018-06-01 11:28:35 - [MESSAGE][PASSED] - Object: 'Object Repository/HealthpostToCms/Page_HealthPost Store/button_Add' is clicked on

2018-06-01 11:28:35 - [TEST_STEP][PASSED] - selectOptionByIndex: All options with index in [11] are selected on object 'Object Repository/HealthpostToCms/Page_HealthPost Store/select_--Select--Schedule 1Inj'

2018-06-01 11:28:35 - [MESSAGE][PASSED] - All options with index in [11] are selected on object 'Object Repository/HealthpostToCms/Page_HealthPost Store/select_--Select--Schedule 1Inj'

2018-06-01 11:28:35 - [TEST_STEP][PASSED] - selectOptionByIndex: All options with index in [28] are selected on object 'Object Repository/HealthpostToCms/Page_HealthPost Store/select_--Select--Adernaline 0.'

2018-06-01 11:28:35 - [MESSAGE][PASSED] - All options with index in [28] are selected on object 'Object Repository/HealthpostToCms/Page_HealthPost Store/select_--Select--Adernaline 0.'

2018-06-01 11:28:35 - [TEST_STEP][PASSED] - setText: Text '100' is set on object 'Object Repository/HealthpostToCms/Page_HealthPost Store/input_txttreat'

2018-06-01 11:28:35 - [MESSAGE][PASSED] - Text '100' is set on object 'Object Repository/HealthpostToCms/Page_HealthPost Store/input_txttreat'

2018-06-01 11:28:35 - [TEST_STEP][PASSED] - click: Object: 'Object Repository/HealthpostToCms/Page_HealthPost Store/button_Add' is clicked on

2018-06-01 11:28:36 - [MESSAGE][PASSED] - Object: 'Object Repository/HealthpostToCms/Page_HealthPost Store/button_Add' is clicked on

2018-06-01 11:28:36 - [TEST_STEP][PASSED] - selectOptionByIndex: All options with index in [11] are selected on object 'Object Repository/HealthpostToCms/Page_HealthPost Store/select_--Select--Schedule 1Inj'

2018-06-01 11:28:36 - [MESSAGE][PASSED] - All options with index in [11] are selected on object 'Object Repository/HealthpostToCms/Page_HealthPost Store/select_--Select--Schedule 1Inj'

2018-06-01 11:28:36 - [TEST_STEP][PASSED] - selectOptionByIndex: All options with index in [29] are selected on object 'Object Repository/HealthpostToCms/Page_HealthPost Store/select_--Select--Adernaline 0.'

2018-06-01 11:28:36 - [MESSAGE][PASSED] - All options with index in [29] are selected on object 'Object Repository/HealthpostToCms/Page_HealthPost Store/select_--Select--Adernaline 0.'

2018-06-01 11:28:36 - [TEST_STEP][PASSED] - setText: Text '100' is set on object 'Object Repository/HealthpostToCms/Page_HealthPost Store/input_txttreat'

2018-06-01 11:28:36 - [MESSAGE][PASSED] - Text '100' is set on object 'Object Repository/HealthpostToCms/Page_HealthPost Store/input_txttreat'

2018-06-01 11:28:36 - [TEST_STEP][PASSED] - click: Object: 'Object Repository/HealthpostToCms/Page_HealthPost Store/button_Add' is clicked on

2018-06-01 11:28:36 - [MESSAGE][PASSED] - Object: 'Object Repository/HealthpostToCms/Page_HealthPost Store/button_Add' is clicked on

2018-06-01 11:28:36 - [TEST_STEP][PASSED] - selectOptionByIndex: All options with index in [11] are selected on object 'Object Repository/HealthpostToCms/Page_HealthPost Store/select_--Select--Schedule 1Inj'

2018-06-01 11:28:37 - [MESSAGE][PASSED] - All options with index in [11] are selected on object 'Object Repository/HealthpostToCms/Page_HealthPost Store/select_--Select--Schedule 1Inj'

2018-06-01 11:28:37 - [TEST_STEP][PASSED] - selectOptionByIndex: All options with index in [30] are selected on object 'Object Repository/HealthpostToCms/Page_HealthPost Store/select_--Select--Adernaline 0.'

2018-06-01 11:28:37 - [MESSAGE][PASSED] - All options with index in [30] are selected on object 'Object Repository/HealthpostToCms/Page_HealthPost Store/select_--Select--Adernaline 0.'

2018-06-01 11:28:37 - [TEST_STEP][PASSED] - setText: Text '100' is set on object 'Object Repository/HealthpostToCms/Page_HealthPost Store/input_txttreat'

2018-06-01 11:28:37 - [MESSAGE][PASSED] - Text '100' is set on object 'Object Repository/HealthpostToCms/Page_HealthPost Store/input_txttreat'

2018-06-01 11:28:37 - [TEST_STEP][PASSED] - click: Object: 'Object Repository/HealthpostToCms/Page_HealthPost Store/button_Add' is clicked on

2018-06-01 11:28:37 - [MESSAGE][PASSED] - Object: 'Object Repository/HealthpostToCms/Page_HealthPost Store/button_Add' is clicked on

2018-06-01 11:28:37 - [TEST_STEP][PASSED] - selectOptionByIndex: All options with index in [11] are selected on object 'Object Repository/HealthpostToCms/Page_HealthPost Store/select_--Select--Schedule 1Inj'

2018-06-01 11:28:38 - [MESSAGE][PASSED] - All options with index in [11] are selected on object 'Object Repository/HealthpostToCms/Page_HealthPost Store/select_--Select--Schedule 1Inj'

2018-06-01 11:28:38 - [TEST_STEP][PASSED] - selectOptionByIndex: All options with index in [31] are selected on object 'Object Repository/HealthpostToCms/Page_HealthPost Store/select_--Select--Adernaline 0.'

2018-06-01 11:28:38 - [MESSAGE][PASSED] - All options with index in [31] are selected on object 'Object Repository/HealthpostToCms/Page_HealthPost Store/select_--Select--Adernaline 0.'

2018-06-01 11:28:38 - [TEST_STEP][PASSED] - setText: Text '100' is set on object 'Object Repository/HealthpostToCms/Page_HealthPost Store/input_txttreat'

2018-06-01 11:28:38 - [MESSAGE][PASSED] - Text '100' is set on object 'Object Repository/HealthpostToCms/Page_HealthPost Store/input_txttreat'

2018-06-01 11:28:38 - [TEST_STEP][PASSED] - click: Object: 'Object Repository/HealthpostToCms/Page_HealthPost Store/button_Add' is clicked on

2018-06-01 11:28:38 - [MESSAGE][PASSED] - Object: 'Object Repository/HealthpostToCms/Page_HealthPost Store/button_Add' is clicked on

2018-06-01 11:28:38 - [TEST_STEP][PASSED] - selectOptionByIndex: All options with index in [11] are selected on object 'Object Repository/HealthpostToCms/Page_HealthPost Store/select_--Select--Schedule 1Inj'

2018-06-01 11:28:38 - [MESSAGE][PASSED] - All options with index in [11] are selected on object 'Object Repository/HealthpostToCms/Page_HealthPost Store/select_--Select--Schedule 1Inj'

2018-06-01 11:28:38 - [TEST_STEP][PASSED] - selectOptionByIndex: All options with index in [32] are selected on object 'Object Repository/HealthpostToCms/Page_HealthPost Store/select_--Select--Adernaline 0.'

2018-06-01 11:28:39 - [MESSAGE][PASSED] - All options with index in [32] are selected on object 'Object Repository/HealthpostToCms/Page_HealthPost Store/select_--Select--Adernaline 0.'

2018-06-01 11:28:39 - [TEST_STEP][PASSED] - setText: Text '100' is set on object 'Object Repository/HealthpostToCms/Page_HealthPost Store/input_txttreat'

2018-06-01 11:28:39 - [MESSAGE][PASSED] - Text '100' is set on object 'Object Repository/HealthpostToCms/Page_HealthPost Store/input_txttreat'

2018-06-01 11:28:39 - [TEST_STEP][PASSED] - click: Object: 'Object Repository/HealthpostToCms/Page_HealthPost Store/button_Add' is clicked on

2018-06-01 11:28:39 - [MESSAGE][PASSED] - Object: 'Object Repository/HealthpostToCms/Page_HealthPost Store/button_Add' is clicked on

2018-06-01 11:28:39 - [TEST_STEP][PASSED] - selectOptionByIndex: All options with index in [11] are selected on object 'Object Repository/HealthpostToCms/Page_HealthPost Store/select_--Select--Schedule 1Inj'

2018-06-01 11:28:39 - [MESSAGE][PASSED] - All options with index in [11] are selected on object 'Object Repository/HealthpostToCms/Page_HealthPost Store/select_--Select--Schedule 1Inj'

2018-06-01 11:28:39 - [TEST_STEP][PASSED] - selectOptionByIndex: All options with index in [33] are selected on object 'Object Repository/HealthpostToCms/Page_HealthPost Store/select_--Select--Adernaline 0.'

2018-06-01 11:28:40 - [MESSAGE][PASSED] - All options with index in [33] are selected on object 'Object Repository/HealthpostToCms/Page_HealthPost Store/select_--Select--Adernaline 0.'

2018-06-01 11:28:40 - [TEST_STEP][PASSED] - setText: Text '100' is set on object 'Object Repository/HealthpostToCms/Page_HealthPost Store/input_txttreat'

2018-06-01 11:28:40 - [MESSAGE][PASSED] - Text '100' is set on object 'Object Repository/HealthpostToCms/Page_HealthPost Store/input_txttreat'

2018-06-01 11:28:40 - [TEST_STEP][PASSED] - click: Object: 'Object Repository/HealthpostToCms/Page_HealthPost Store/button_Add' is clicked on

2018-06-01 11:28:40 - [MESSAGE][PASSED] - Object: 'Object Repository/HealthpostToCms/Page_HealthPost Store/button_Add' is clicked on

2018-06-01 11:28:40 - [TEST_STEP][PASSED] - selectOptionByIndex: All options with index in [11] are selected on object 'Object Repository/HealthpostToCms/Page_HealthPost Store/select_--Select--Schedule 1Inj'

2018-06-01 11:28:40 - [MESSAGE][PASSED] - All options with index in [11] are selected on object 'Object Repository/HealthpostToCms/Page_HealthPost Store/select_--Select--Schedule 1Inj'

2018-06-01 11:28:40 - [TEST_STEP][PASSED] - selectOptionByIndex: All options with index in [34] are selected on object 'Object Repository/HealthpostToCms/Page_HealthPost Store/select_--Select--Adernaline 0.'

2018-06-01 11:28:41 - [MESSAGE][PASSED] - All options with index in [34] are selected on object 'Object Repository/HealthpostToCms/Page_HealthPost Store/select_--Select--Adernaline 0.'

2018-06-01 11:28:41 - [TEST_STEP][PASSED] - setText: Text '100' is set on object 'Object Repository/HealthpostToCms/Page_HealthPost Store/input_txttreat'

2018-06-01 11:28:41 - [MESSAGE][PASSED] - Text '100' is set on object 'Object Repository/HealthpostToCms/Page_HealthPost Store/input_txttreat'

2018-06-01 11:28:41 - [TEST_STEP][PASSED] - click: Object: 'Object Repository/HealthpostToCms/Page_HealthPost Store/button_Add' is clicked on

2018-06-01 11:28:41 - [MESSAGE][PASSED] - Object: 'Object Repository/HealthpostToCms/Page_HealthPost Store/button_Add' is clicked on

2018-06-01 11:28:41 - [TEST_STEP][PASSED] - selectOptionByIndex: All options with index in [11] are selected on object 'Object Repository/HealthpostToCms/Page_HealthPost Store/select_--Select--Schedule 1Inj'

2018-06-01 11:28:41 - [MESSAGE][PASSED] - All options with index in [11] are selected on object 'Object Repository/HealthpostToCms/Page_HealthPost Store/select_--Select--Schedule 1Inj'

2018-06-01 11:28:41 - [TEST_STEP][PASSED] - selectOptionByIndex: All options with index in [35] are selected on object 'Object Repository/HealthpostToCms/Page_HealthPost Store/select_--Select--Adernaline 0.'

2018-06-01 11:28:42 - [MESSAGE][PASSED] - All options with index in [35] are selected on object 'Object Repository/HealthpostToCms/Page_HealthPost Store/select_--Select--Adernaline 0.'

2018-06-01 11:28:42 - [TEST_STEP][PASSED] - setText: Text '100' is set on object 'Object Repository/HealthpostToCms/Page_HealthPost Store/input_txttreat'

2018-06-01 11:28:42 - [MESSAGE][PASSED] - Text '100' is set on object 'Object Repository/HealthpostToCms/Page_HealthPost Store/input_txttreat'

2018-06-01 11:28:42 - [TEST_STEP][PASSED] - click: Object: 'Object Repository/HealthpostToCms/Page_HealthPost Store/button_Add' is clicked on

2018-06-01 11:28:42 - [MESSAGE][PASSED] - Object: 'Object Repository/HealthpostToCms/Page_HealthPost Store/button_Add' is clicked on

2018-06-01 11:28:42 - [TEST_STEP][PASSED] - selectOptionByIndex: All options with index in [11] are selected on object 'Object Repository/HealthpostToCms/Page_HealthPost Store/select_--Select--Schedule 1Inj'

2018-06-01 11:28:42 - [MESSAGE][PASSED] - All options with index in [11] are selected on object 'Object Repository/HealthpostToCms/Page_HealthPost Store/select_--Select--Schedule 1Inj'

2018-06-01 11:28:42 - [TEST_STEP][PASSED] - selectOptionByIndex: All options with index in [36] are selected on object 'Object Repository/HealthpostToCms/Page_HealthPost Store/select_--Select--Adernaline 0.'

2018-06-01 11:28:42 - [MESSAGE][PASSED] - All options with index in [36] are selected on object 'Object Repository/HealthpostToCms/Page_HealthPost Store/select_--Select--Adernaline 0.'

2018-06-01 11:28:42 - [TEST_STEP][PASSED] - setText: Text '100' is set on object 'Object Repository/HealthpostToCms/Page_HealthPost Store/input_txttreat'

2018-06-01 11:28:43 - [MESSAGE][PASSED] - Text '100' is set on object 'Object Repository/HealthpostToCms/Page_HealthPost Store/input_txttreat'

2018-06-01 11:28:43 - [TEST_STEP][PASSED] - click: Object: 'Object Repository/HealthpostToCms/Page_HealthPost Store/button_Add' is clicked on

2018-06-01 11:28:43 - [MESSAGE][PASSED] - Object: 'Object Repository/HealthpostToCms/Page_HealthPost Store/button_Add' is clicked on

2018-06-01 11:28:43 - [TEST_STEP][PASSED] - selectOptionByIndex: All options with index in [11] are selected on object 'Object Repository/HealthpostToCms/Page_HealthPost Store/select_--Select--Schedule 1Inj'

2018-06-01 11:28:43 - [MESSAGE][PASSED] - All options with index in [11] are selected on object 'Object Repository/HealthpostToCms/Page_HealthPost Store/select_--Select--Schedule 1Inj'

2018-06-01 11:28:43 - [TEST_STEP][PASSED] - selectOptionByIndex: All options with index in [37] are selected on object 'Object Repository/HealthpostToCms/Page_HealthPost Store/select_--Select--Adernaline 0.'

2018-06-01 11:28:43 - [MESSAGE][PASSED] - All options with index in [37] are selected on object 'Object Repository/HealthpostToCms/Page_HealthPost Store/select_--Select--Adernaline 0.'

2018-06-01 11:28:43 - [TEST_STEP][PASSED] - setText: Text '100' is set on object 'Object Repository/HealthpostToCms/Page_HealthPost Store/input_txttreat'

2018-06-01 11:28:43 - [MESSAGE][PASSED] - Text '100' is set on object 'Object Repository/HealthpostToCms/Page_HealthPost Store/input_txttreat'

2018-06-01 11:28:43 - [TEST_STEP][PASSED] - click: Object: 'Object Repository/HealthpostToCms/Page_HealthPost Store/button_Add' is clicked on

2018-06-01 11:28:44 - [MESSAGE][PASSED] - Object: 'Object Repository/HealthpostToCms/Page_HealthPost Store/button_Add' is clicked on

2018-06-01 11:28:44 - [TEST_STEP][PASSED] - selectOptionByIndex: All options with index in [11] are selected on object 'Object Repository/HealthpostToCms/Page_HealthPost Store/select_--Select--Schedule 1Inj'

2018-06-01 11:28:44 - [MESSAGE][PASSED] - All options with index in [11] are selected on object 'Object Repository/HealthpostToCms/Page_HealthPost Store/select_--Select--Schedule 1Inj'

2018-06-01 11:28:44 - [TEST_STEP][PASSED] - selectOptionByIndex: All options with index in [38] are selected on object 'Object Repository/HealthpostToCms/Page_HealthPost Store/select_--Select--Adernaline 0.'

2018-06-01 11:28:44 - [MESSAGE][PASSED] - All options with index in [38] are selected on object 'Object Repository/HealthpostToCms/Page_HealthPost Store/select_--Select--Adernaline 0.'

2018-06-01 11:28:44 - [TEST_STEP][PASSED] - setText: Text '100' is set on object 'Object Repository/HealthpostToCms/Page_HealthPost Store/input_txttreat'

2018-06-01 11:28:44 - [MESSAGE][PASSED] - Text '100' is set on object 'Object Repository/HealthpostToCms/Page_HealthPost Store/input_txttreat'

2018-06-01 11:28:44 - [TEST_STEP][PASSED] - click: Object: 'Object Repository/HealthpostToCms/Page_HealthPost Store/button_Add' is clicked on

2018-06-01 11:28:44 - [MESSAGE][PASSED] - Object: 'Object Repository/HealthpostToCms/Page_HealthPost Store/button_Add' is clicked on

2018-06-01 11:28:44 - [TEST_STEP][PASSED] - selectOptionByIndex: All options with index in [11] are selected on object 'Object Repository/HealthpostToCms/Page_HealthPost Store/select_--Select--Schedule 1Inj'

2018-06-01 11:28:45 - [MESSAGE][PASSED] - All options with index in [11] are selected on object 'Object Repository/HealthpostToCms/Page_HealthPost Store/select_--Select--Schedule 1Inj'

2018-06-01 11:28:45 - [TEST_STEP][PASSED] - selectOptionByIndex: All options with index in [39] are selected on object 'Object Repository/HealthpostToCms/Page_HealthPost Store/select_--Select--Adernaline 0.'

2018-06-01 11:28:45 - [MESSAGE][PASSED] - All options with index in [39] are selected on object 'Object Repository/HealthpostToCms/Page_HealthPost Store/select_--Select--Adernaline 0.'

2018-06-01 11:28:45 - [TEST_STEP][PASSED] - setText: Text '100' is set on object 'Object Repository/HealthpostToCms/Page_HealthPost Store/input_txttreat'

2018-06-01 11:28:45 - [MESSAGE][PASSED] - Text '100' is set on object 'Object Repository/HealthpostToCms/Page_HealthPost Store/input_txttreat'

2018-06-01 11:28:45 - [TEST_STEP][PASSED] - click: Object: 'Object Repository/HealthpostToCms/Page_HealthPost Store/button_Add' is clicked on

2018-06-01 11:28:45 - [MESSAGE][PASSED] - Object: 'Object Repository/HealthpostToCms/Page_HealthPost Store/button_Add' is clicked on

2018-06-01 11:28:45 - [TEST_STEP][PASSED] - selectOptionByIndex: All options with index in [11] are selected on object 'Object Repository/HealthpostToCms/Page_HealthPost Store/select_--Select--Schedule 1Inj'

2018-06-01 11:28:46 - [MESSAGE][PASSED] - All options with index in [11] are selected on object 'Object Repository/HealthpostToCms/Page_HealthPost Store/select_--Select--Schedule 1Inj'

2018-06-01 11:28:46 - [TEST_STEP][PASSED] - selectOptionByIndex: All options with index in [40] are selected on object 'Object Repository/HealthpostToCms/Page_HealthPost Store/select_--Select--Adernaline 0.'

2018-06-01 11:28:46 - [MESSAGE][PASSED] - All options with index in [40] are selected on object 'Object Repository/HealthpostToCms/Page_HealthPost Store/select_--Select--Adernaline 0.'

2018-06-01 11:28:46 - [TEST_STEP][PASSED] - setText: Text '100' is set on object 'Object Repository/HealthpostToCms/Page_HealthPost Store/input_txttreat'

2018-06-01 11:28:46 - [MESSAGE][PASSED] - Text '100' is set on object 'Object Repository/HealthpostToCms/Page_HealthPost Store/input_txttreat'

2018-06-01 11:28:46 - [TEST_STEP][PASSED] - click: Object: 'Object Repository/HealthpostToCms/Page_HealthPost Store/button_Add' is clicked on

2018-06-01 11:28:46 - [MESSAGE][PASSED] - Object: 'Object Repository/HealthpostToCms/Page_HealthPost Store/button_Add' is clicked on

2018-06-01 11:28:46 - [TEST_STEP][PASSED] - selectOptionByIndex: All options with index in [11] are selected on object 'Object Repository/HealthpostToCms/Page_HealthPost Store/select_--Select--Schedule 1Inj'

2018-06-01 11:28:47 - [MESSAGE][PASSED] - All options with index in [11] are selected on object 'Object Repository/HealthpostToCms/Page_HealthPost Store/select_--Select--Schedule 1Inj'

2018-06-01 11:28:47 - [TEST_STEP][PASSED] - selectOptionByIndex: All options with index in [41] are selected on object 'Object Repository/HealthpostToCms/Page_HealthPost Store/select_--Select--Adernaline 0.'

2018-06-01 11:28:47 - [MESSAGE][PASSED] - All options with index in [41] are selected on object 'Object Repository/HealthpostToCms/Page_HealthPost Store/select_--Select--Adernaline 0.'

2018-06-01 11:28:47 - [TEST_STEP][PASSED] - setText: Text '100' is set on object 'Object Repository/HealthpostToCms/Page_HealthPost Store/input_txttreat'

2018-06-01 11:28:47 - [MESSAGE][PASSED] - Text '100' is set on object 'Object Repository/HealthpostToCms/Page_HealthPost Store/input_txttreat'

2018-06-01 11:28:47 - [TEST_STEP][PASSED] - click: Object: 'Object Repository/HealthpostToCms/Page_HealthPost Store/button_Add' is clicked on

2018-06-01 11:28:47 - [MESSAGE][PASSED] - Object: 'Object Repository/HealthpostToCms/Page_HealthPost Store/button_Add' is clicked on

2018-06-01 11:28:47 - [TEST_STEP][PASSED] - selectOptionByIndex: All options with index in [11] are selected on object 'Object Repository/HealthpostToCms/Page_HealthPost Store/select_--Select--Schedule 1Inj'

2018-06-01 11:28:48 - [MESSAGE][PASSED] - All options with index in [11] are selected on object 'Object Repository/HealthpostToCms/Page_HealthPost Store/select_--Select--Schedule 1Inj'

2018-06-01 11:28:48 - [TEST_STEP][PASSED] - selectOptionByIndex: All options with index in [42] are selected on object 'Object Repository/HealthpostToCms/Page_HealthPost Store/select_--Select--Adernaline 0.'

2018-06-01 11:28:48 - [MESSAGE][PASSED] - All options with index in [42] are selected on object 'Object Repository/HealthpostToCms/Page_HealthPost Store/select_--Select--Adernaline 0.'

2018-06-01 11:28:48 - [TEST_STEP][PASSED] - setText: Text '100' is set on object 'Object Repository/HealthpostToCms/Page_HealthPost Store/input_txttreat'

2018-06-01 11:28:48 - [MESSAGE][PASSED] - Text '100' is set on object 'Object Repository/HealthpostToCms/Page_HealthPost Store/input_txttreat'

2018-06-01 11:28:48 - [TEST_STEP][PASSED] - click: Object: 'Object Repository/HealthpostToCms/Page_HealthPost Store/button_Add' is clicked on

2018-06-01 11:28:48 - [MESSAGE][PASSED] - Object: 'Object Repository/HealthpostToCms/Page_HealthPost Store/button_Add' is clicked on

2018-06-01 11:28:48 - [TEST_STEP][PASSED] - selectOptionByIndex: All options with index in [11] are selected on object 'Object Repository/HealthpostToCms/Page_HealthPost Store/select_--Select--Schedule 1Inj'

2018-06-01 11:28:49 - [MESSAGE][PASSED] - All options with index in [11] are selected on object 'Object Repository/HealthpostToCms/Page_HealthPost Store/select_--Select--Schedule 1Inj'

2018-06-01 11:28:49 - [TEST_STEP][PASSED] - selectOptionByIndex: All options with index in [43] are selected on object 'Object Repository/HealthpostToCms/Page_HealthPost Store/select_--Select--Adernaline 0.'

2018-06-01 11:28:49 - [MESSAGE][PASSED] - All options with index in [43] are selected on object 'Object Repository/HealthpostToCms/Page_HealthPost Store/select_--Select--Adernaline 0.'

2018-06-01 11:28:49 - [TEST_STEP][PASSED] - setText: Text '100' is set on object 'Object Repository/HealthpostToCms/Page_HealthPost Store/input_txttreat'

2018-06-01 11:28:49 - [MESSAGE][PASSED] - Text '100' is set on object 'Object Repository/HealthpostToCms/Page_HealthPost Store/input_txttreat'

2018-06-01 11:28:49 - [TEST_STEP][PASSED] - click: Object: 'Object Repository/HealthpostToCms/Page_HealthPost Store/button_Add' is clicked on

2018-06-01 11:28:49 - [MESSAGE][PASSED] - Object: 'Object Repository/HealthpostToCms/Page_HealthPost Store/button_Add' is clicked on

2018-06-01 11:28:49 - [TEST_STEP][PASSED] - selectOptionByIndex: All options with index in [11] are selected on object 'Object Repository/HealthpostToCms/Page_HealthPost Store/select_--Select--Schedule 1Inj'

2018-06-01 11:28:50 - [MESSAGE][PASSED] - All options with index in [11] are selected on object 'Object Repository/HealthpostToCms/Page_HealthPost Store/select_--Select--Schedule 1Inj'

2018-06-01 11:28:50 - [TEST_STEP][PASSED] - selectOptionByIndex: All options with index in [44] are selected on object 'Object Repository/HealthpostToCms/Page_HealthPost Store/select_--Select--Adernaline 0.'

2018-06-01 11:28:50 - [MESSAGE][PASSED] - All options with index in [44] are selected on object 'Object Repository/HealthpostToCms/Page_HealthPost Store/select_--Select--Adernaline 0.'

2018-06-01 11:28:50 - [TEST_STEP][PASSED] - setText: Text '100' is set on object 'Object Repository/HealthpostToCms/Page_HealthPost Store/input_txttreat'

2018-06-01 11:28:50 - [MESSAGE][PASSED] - Text '100' is set on object 'Object Repository/HealthpostToCms/Page_HealthPost Store/input_txttreat'

2018-06-01 11:28:50 - [TEST_STEP][PASSED] - click: Object: 'Object Repository/HealthpostToCms/Page_HealthPost Store/button_Add' is clicked on

2018-06-01 11:28:50 - [MESSAGE][PASSED] - Object: 'Object Repository/HealthpostToCms/Page_HealthPost Store/button_Add' is clicked on

2018-06-01 11:28:50 - [TEST_STEP][PASSED] - selectOptionByIndex: All options with index in [11] are selected on object 'Object Repository/HealthpostToCms/Page_HealthPost Store/select_--Select--Schedule 1Inj'

2018-06-01 11:28:51 - [MESSAGE][PASSED] - All options with index in [11] are selected on object 'Object Repository/HealthpostToCms/Page_HealthPost Store/select_--Select--Schedule 1Inj'

2018-06-01 11:28:51 - [TEST_STEP][PASSED] - selectOptionByIndex: All options with index in [45] are selected on object 'Object Repository/HealthpostToCms/Page_HealthPost Store/select_--Select--Adernaline 0.'

2018-06-01 11:28:51 - [MESSAGE][PASSED] - All options with index in [45] are selected on object 'Object Repository/HealthpostToCms/Page_HealthPost Store/select_--Select--Adernaline 0.'

2018-06-01 11:28:51 - [TEST_STEP][PASSED] - setText: Text '100' is set on object 'Object Repository/HealthpostToCms/Page_HealthPost Store/input_txttreat'

2018-06-01 11:28:51 - [MESSAGE][PASSED] - Text '100' is set on object 'Object Repository/HealthpostToCms/Page_HealthPost Store/input_txttreat'

2018-06-01 11:28:51 - [TEST_STEP][PASSED] - click: Object: 'Object Repository/HealthpostToCms/Page_HealthPost Store/button_Add' is clicked on

2018-06-01 11:28:51 - [MESSAGE][PASSED] - Object: 'Object Repository/HealthpostToCms/Page_HealthPost Store/button_Add' is clicked on

2018-06-01 11:28:51 - [TEST_STEP][PASSED] - selectOptionByIndex: All options with index in [11] are selected on object 'Object Repository/HealthpostToCms/Page_HealthPost Store/select_--Select--Schedule 1Inj'

2018-06-01 11:28:52 - [MESSAGE][PASSED] - All options with index in [11] are selected on object 'Object Repository/HealthpostToCms/Page_HealthPost Store/select_--Select--Schedule 1Inj'

2018-06-01 11:28:52 - [TEST_STEP][PASSED] - selectOptionByIndex: All options with index in [46] are selected on object 'Object Repository/HealthpostToCms/Page_HealthPost Store/select_--Select--Adernaline 0.'

2018-06-01 11:28:52 - [MESSAGE][PASSED] - All options with index in [46] are selected on object 'Object Repository/HealthpostToCms/Page_HealthPost Store/select_--Select--Adernaline 0.'

2018-06-01 11:28:52 - [TEST_STEP][PASSED] - setText: Text '100' is set on object 'Object Repository/HealthpostToCms/Page_HealthPost Store/input_txttreat'

2018-06-01 11:28:52 - [MESSAGE][PASSED] - Text '100' is set on object 'Object Repository/HealthpostToCms/Page_HealthPost Store/input_txttreat'

2018-06-01 11:28:52 - [TEST_STEP][PASSED] - click: Object: 'Object Repository/HealthpostToCms/Page_HealthPost Store/button_Add' is clicked on

2018-06-01 11:28:52 - [MESSAGE][PASSED] - Object: 'Object Repository/HealthpostToCms/Page_HealthPost Store/button_Add' is clicked on

2018-06-01 11:28:52 - [TEST_STEP][PASSED] - selectOptionByIndex: All options with index in [11] are selected on object 'Object Repository/HealthpostToCms/Page_HealthPost Store/select_--Select--Schedule 1Inj'

2018-06-01 11:28:53 - [MESSAGE][PASSED] - All options with index in [11] are selected on object 'Object Repository/HealthpostToCms/Page_HealthPost Store/select_--Select--Schedule 1Inj'

2018-06-01 11:28:53 - [TEST_STEP][PASSED] - selectOptionByIndex: All options with index in [47] are selected on object 'Object Repository/HealthpostToCms/Page_HealthPost Store/select_--Select--Adernaline 0.'

2018-06-01 11:28:53 - [MESSAGE][PASSED] - All options with index in [47] are selected on object 'Object Repository/HealthpostToCms/Page_HealthPost Store/select_--Select--Adernaline 0.'

2018-06-01 11:28:53 - [TEST_STEP][PASSED] - setText: Text '100' is set on object 'Object Repository/HealthpostToCms/Page_HealthPost Store/input_txttreat'

2018-06-01 11:28:53 - [MESSAGE][PASSED] - Text '100' is set on object 'Object Repository/HealthpostToCms/Page_HealthPost Store/input_txttreat'

2018-06-01 11:28:53 - [TEST_STEP][PASSED] - click: Object: 'Object Repository/HealthpostToCms/Page_HealthPost Store/button_Add' is clicked on

2018-06-01 11:28:53 - [MESSAGE][PASSED] - Object: 'Object Repository/HealthpostToCms/Page_HealthPost Store/button_Add' is clicked on

2018-06-01 11:28:53 - [TEST_STEP][PASSED] - selectOptionByIndex: All options with index in [11] are selected on object 'Object Repository/HealthpostToCms/Page_HealthPost Store/select_--Select--Schedule 1Inj'

2018-06-01 11:28:54 - [MESSAGE][PASSED] - All options with index in [11] are selected on object 'Object Repository/HealthpostToCms/Page_HealthPost Store/select_--Select--Schedule 1Inj'

2018-06-01 11:28:54 - [TEST_STEP][PASSED] - selectOptionByIndex: All options with index in [48] are selected on object 'Object Repository/HealthpostToCms/Page_HealthPost Store/select_--Select--Adernaline 0.'

2018-06-01 11:28:54 - [MESSAGE][PASSED] - All options with index in [48] are selected on object 'Object Repository/HealthpostToCms/Page_HealthPost Store/select_--Select--Adernaline 0.'

2018-06-01 11:28:54 - [TEST_STEP][PASSED] - setText: Text '100' is set on object 'Object Repository/HealthpostToCms/Page_HealthPost Store/input_txttreat'

2018-06-01 11:28:54 - [MESSAGE][PASSED] - Text '100' is set on object 'Object Repository/HealthpostToCms/Page_HealthPost Store/input_txttreat'

2018-06-01 11:28:54 - [TEST_STEP][PASSED] - click: Object: 'Object Repository/HealthpostToCms/Page_HealthPost Store/button_Add' is clicked on

2018-06-01 11:28:54 - [MESSAGE][PASSED] - Object: 'Object Repository/HealthpostToCms/Page_HealthPost Store/button_Add' is clicked on

2018-06-01 11:28:54 - [TEST_STEP][PASSED] - selectOptionByIndex: All options with index in [11] are selected on object 'Object Repository/HealthpostToCms/Page_HealthPost Store/select_--Select--Schedule 1Inj'

2018-06-01 11:28:55 - [MESSAGE][PASSED] - All options with index in [11] are selected on object 'Object Repository/HealthpostToCms/Page_HealthPost Store/select_--Select--Schedule 1Inj'

2018-06-01 11:28:55 - [TEST_STEP][PASSED] - selectOptionByIndex: All options with index in [49] are selected on object 'Object Repository/HealthpostToCms/Page_HealthPost Store/select_--Select--Adernaline 0.'

2018-06-01 11:28:55 - [MESSAGE][PASSED] - All options with index in [49] are selected on object 'Object Repository/HealthpostToCms/Page_HealthPost Store/select_--Select--Adernaline 0.'

2018-06-01 11:28:55 - [TEST_STEP][PASSED] - setText: Text '100' is set on object 'Object Repository/HealthpostToCms/Page_HealthPost Store/input_txttreat'

2018-06-01 11:28:55 - [MESSAGE][PASSED] - Text '100' is set on object 'Object Repository/HealthpostToCms/Page_HealthPost Store/input_txttreat'

2018-06-01 11:28:55 - [TEST_STEP][PASSED] - click: Object: 'Object Repository/HealthpostToCms/Page_HealthPost Store/button_Add' is clicked on

2018-06-01 11:28:55 - [MESSAGE][PASSED] - Object: 'Object Repository/HealthpostToCms/Page_HealthPost Store/button_Add' is clicked on

2018-06-01 11:28:55 - [TEST_STEP][PASSED] - selectOptionByIndex: All options with index in [11] are selected on object 'Object Repository/HealthpostToCms/Page_HealthPost Store/select_--Select--Schedule 1Inj'

2018-06-01 11:28:56 - [MESSAGE][PASSED] - All options with index in [11] are selected on object 'Object Repository/HealthpostToCms/Page_HealthPost Store/select_--Select--Schedule 1Inj'

2018-06-01 11:28:56 - [TEST_STEP][PASSED] - selectOptionByIndex: All options with index in [50] are selected on object 'Object Repository/HealthpostToCms/Page_HealthPost Store/select_--Select--Adernaline 0.'

2018-06-01 11:28:56 - [MESSAGE][PASSED] - All options with index in [50] are selected on object 'Object Repository/HealthpostToCms/Page_HealthPost Store/select_--Select--Adernaline 0.'

2018-06-01 11:28:56 - [TEST_STEP][PASSED] - setText: Text '100' is set on object 'Object Repository/HealthpostToCms/Page_HealthPost Store/input_txttreat'

2018-06-01 11:28:56 - [MESSAGE][PASSED] - Text '100' is set on object 'Object Repository/HealthpostToCms/Page_HealthPost Store/input_txttreat'

2018-06-01 11:28:56 - [TEST_STEP][PASSED] - click: Object: 'Object Repository/HealthpostToCms/Page_HealthPost Store/button_Add' is clicked on

2018-06-01 11:28:56 - [MESSAGE][PASSED] - Object: 'Object Repository/HealthpostToCms/Page_HealthPost Store/button_Add' is clicked on

2018-06-01 11:28:56 - [TEST_STEP][PASSED] - selectOptionByIndex: All options with index in [11] are selected on object 'Object Repository/HealthpostToCms/Page_HealthPost Store/select_--Select--Schedule 1Inj'

2018-06-01 11:28:57 - [MESSAGE][PASSED] - All options with index in [11] are selected on object 'Object Repository/HealthpostToCms/Page_HealthPost Store/select_--Select--Schedule 1Inj'

2018-06-01 11:28:57 - [TEST_STEP][PASSED] - selectOptionByIndex: All options with index in [51] are selected on object 'Object Repository/HealthpostToCms/Page_HealthPost Store/select_--Select--Adernaline 0.'

2018-06-01 11:28:57 - [MESSAGE][PASSED] - All options with index in [51] are selected on object 'Object Repository/HealthpostToCms/Page_HealthPost Store/select_--Select--Adernaline 0.'

2018-06-01 11:28:57 - [TEST_STEP][PASSED] - setText: Text '100' is set on object 'Object Repository/HealthpostToCms/Page_HealthPost Store/input_txttreat'

2018-06-01 11:28:57 - [MESSAGE][PASSED] - Text '100' is set on object 'Object Repository/HealthpostToCms/Page_HealthPost Store/input_txttreat'

2018-06-01 11:28:57 - [TEST_STEP][PASSED] - click: Object: 'Object Repository/HealthpostToCms/Page_HealthPost Store/button_Add' is clicked on

2018-06-01 11:28:57 - [MESSAGE][PASSED] - Object: 'Object Repository/HealthpostToCms/Page_HealthPost Store/button_Add' is clicked on

2018-06-01 11:28:57 - [TEST_STEP][PASSED] - selectOptionByIndex: All options with index in [11] are selected on object 'Object Repository/HealthpostToCms/Page_HealthPost Store/select_--Select--Schedule 1Inj'

2018-06-01 11:28:58 - [MESSAGE][PASSED] - All options with index in [11] are selected on object 'Object Repository/HealthpostToCms/Page_HealthPost Store/select_--Select--Schedule 1Inj'

2018-06-01 11:28:58 - [TEST_STEP][FAILED] - selectOptionByIndex: Unable to select option by index '52' of object 'Object Repository/HealthpostToCms/Page_HealthPost Store/select_--Select--Adernaline 0.' (Root cause: org.openqa.selenium.NoSuchElementException: Cannot locate option with index: 52
For documentation on this error, please visit: http://seleniumhq.org/exceptions/no_such_element.html
Build info: version: '3.7.1', revision: '8a0099a', time: '2017-11-06T21:07:36.161Z'
System info: host: 'DESKTOP-BLFTK83', ip: '169.254.189.85', os.name: 'Windows 10', os.arch: 'amd64', os.version: '10.0', java.version: '1.8.0_102'
Driver info: driver.version: unknown)

2018-06-01 11:28:58 - [MESSAGE][FAILED] - Unable to select option by index '52' of object 'Object Repository/HealthpostToCms/Page_HealthPost Store/select_--Select--Adernaline 0.' (Root cause: org.openqa.selenium.NoSuchElementException: Cannot locate option with index: 52
For documentation on this error, please visit: http://seleniumhq.org/exceptions/no_such_element.html
Build info: version: '3.7.1', revision: '8a0099a', time: '2017-11-06T21:07:36.161Z'
System info: host: 'DESKTOP-BLFTK83', ip: '169.254.189.85', os.name: 'Windows 10', os.arch: 'amd64', os.version: '10.0', java.version: '1.8.0_102'
Driver info: driver.version: unknown)
[[ATTACHMENT|C:\\Users\\Quality Analyst\\Katalon Studio\\ds\\Reports\\HealthPost_CMS_Suite\\20180601_112216\\1527832738248.png]]]]></system-out>
         <system-err><![CDATA[2018-06-01 11:28:00 - [TEST_CASE][FAILED] - Test Cases/HEALTHPOST TEST CASES/TC_HP_023 Verify Schedule 11 Healthpost To CMS Request Are Working Successfully Or Not: Test Cases/HEALTHPOST TEST CASES/TC_HP_023 Verify Schedule 11 Healthpost To CMS Request Are Working Successfully Or Not FAILED because (of) Unable to select option by index '52' of object 'Object Repository/HealthpostToCms/Page_HealthPost Store/select_--Select--Adernaline 0.' (Root cause: org.openqa.selenium.NoSuchElementException: Cannot locate option with index: 52
For documentation on this error, please visit: http://seleniumhq.org/exceptions/no_such_element.html
Build info: version: '3.7.1', revision: '8a0099a', time: '2017-11-06T21:07:36.161Z'
System info: host: 'DESKTOP-BLFTK83', ip: '169.254.189.85', os.name: 'Windows 10', os.arch: 'amd64', os.version: '10.0', java.version: '1.8.0_102'
Driver info: driver.version: unknown)]]></system-err>
      </testcase>
      <testcase name="Test Cases/HEALTHPOST TEST CASES/TC_HP_022 Verify Schedule 10 Healthpost To CMS Request Are Working Successfully Or Not" classname="Test Cases/HEALTHPOST TEST CASES/TC_HP_022 Verify Schedule 10 Healthpost To CMS Request Are Working Successfully Or Not" status="ERROR">
         <error type="ERROR" message="Test Cases/HEALTHPOST TEST CASES/TC_HP_022 Verify Schedule 10 Healthpost To CMS Request Are Working Successfully Or Not FAILED because (of) java.lang.NumberFormatException: For input string: &quot;&quot;"/>
         <system-out><![CDATA[2018-06-01 11:28:58 - [TEST_CASE][ERROR] - Test Cases/HEALTHPOST TEST CASES/TC_HP_022 Verify Schedule 10 Healthpost To CMS Request Are Working Successfully Or Not: Test Cases/HEALTHPOST TEST CASES/TC_HP_022 Verify Schedule 10 Healthpost To CMS Request Are Working Successfully Or Not FAILED because (of) java.lang.NumberFormatException: For input string: ""

2018-06-01 11:28:58 - [TEST_STEP][PASSED] - openBrowser: Browser is opened with url: ''

2018-06-01 11:28:58 - [MESSAGE][WARNING] - A browser is already opened. Closing browser and opening a new one

2018-06-01 11:29:01 - [MESSAGE][PASSED] - Browser is opened with url: ''

2018-06-01 11:29:01 - [TEST_STEP][PASSED] - navigateToUrl: Navigate to 'http://192.168.137.1/multihospital_new/HDSplashscreen.aspx' successfully

2018-06-01 11:29:03 - [MESSAGE][PASSED] - Navigate to 'http://192.168.137.1/multihospital_new/HDSplashscreen.aspx' successfully

2018-06-01 11:29:03 - [TEST_STEP][PASSED] - maximizeWindow: Current window maximized

2018-06-01 11:29:04 - [MESSAGE][PASSED] - Current window maximized

2018-06-01 11:29:04 - [TEST_STEP][PASSED] - click: Object: 'Object Repository/HealthpostToCms/Page_KDMC/a_Healthpost Store' is clicked on

2018-06-01 11:29:05 - [MESSAGE][PASSED] - Object: 'Object Repository/HealthpostToCms/Page_KDMC/a_Healthpost Store' is clicked on

2018-06-01 11:29:05 - [TEST_STEP][PASSED] - setText: Text 'raguram' is set on object 'Object Repository/HealthpostToCms/Page_HealthPost Store Login/input_txtusername'

2018-06-01 11:29:05 - [MESSAGE][PASSED] - Text 'raguram' is set on object 'Object Repository/HealthpostToCms/Page_HealthPost Store Login/input_txtusername'

2018-06-01 11:29:05 - [TEST_STEP][PASSED] - setText: Text '123' is set on object 'Object Repository/HealthpostToCms/Page_HealthPost Store Login/input_txtpassword'

2018-06-01 11:29:05 - [MESSAGE][PASSED] - Text '123' is set on object 'Object Repository/HealthpostToCms/Page_HealthPost Store Login/input_txtpassword'

2018-06-01 11:29:05 - [TEST_STEP][PASSED] - delay: Delayed 3 second(s)

2018-06-01 11:29:08 - [MESSAGE][PASSED] - Delayed 3 second(s)

2018-06-01 11:29:08 - [TEST_STEP][PASSED] - click: Object: 'Object Repository/HealthpostToCms/Page_HealthPost Store Login/button_Sign in' is clicked on

2018-06-01 11:29:09 - [MESSAGE][PASSED] - Object: 'Object Repository/HealthpostToCms/Page_HealthPost Store Login/button_Sign in' is clicked on

2018-06-01 11:29:09 - [TEST_STEP][PASSED] - delay: Delayed 3 second(s)

2018-06-01 11:29:12 - [MESSAGE][PASSED] - Delayed 3 second(s)

2018-06-01 11:29:12 - [TEST_STEP][PASSED] - click: Object: 'Object Repository/HealthpostToCms/Page_HealthPost Store/a_CMS' is clicked on

2018-06-01 11:29:12 - [MESSAGE][PASSED] - Object: 'Object Repository/HealthpostToCms/Page_HealthPost Store/a_CMS' is clicked on

2018-06-01 11:29:12 - [TEST_STEP][PASSED] - click: Object: 'Object Repository/HealthpostToCms/Page_HealthPost Store/a_Request Send' is clicked on

2018-06-01 11:29:12 - [MESSAGE][PASSED] - Object: 'Object Repository/HealthpostToCms/Page_HealthPost Store/a_Request Send' is clicked on

2018-06-01 11:29:12 - [TEST_STEP][PASSED] - delay: Delayed 2 second(s)

2018-06-01 11:29:14 - [MESSAGE][PASSED] - Delayed 2 second(s)

2018-06-01 11:29:14 - [TEST_STEP][PASSED] - selectOptionByIndex: All options with index in [2] are selected on object 'Object Repository/HealthpostToCms/Page_HealthPost Store/select_--Select--'

2018-06-01 11:29:15 - [MESSAGE][PASSED] - All options with index in [2] are selected on object 'Object Repository/HealthpostToCms/Page_HealthPost Store/select_--Select--'

2018-06-01 11:29:15 - [TEST_STEP][PASSED] - selectOptionByIndex: All options with index in [10] are selected on object 'Object Repository/HealthpostToCms/Page_HealthPost Store/select_--Select--Schedule 1Inj'

2018-06-01 11:29:15 - [MESSAGE][PASSED] - All options with index in [10] are selected on object 'Object Repository/HealthpostToCms/Page_HealthPost Store/select_--Select--Schedule 1Inj'

2018-06-01 11:29:15 - [TEST_STEP][PASSED] - Statement - medicineslength = com.kms.katalon.core.webui.keyword.WebUiBuiltInKeywords.getNumberOfTotalOption(com.kms.katalon.core.testobject.ObjectRepository.findTestObject(HealthpostToCms/Page_HealthPost Store/select_--Select--Adernaline 0.)): 19 options of object 'Object Repository/HealthpostToCms/Page_HealthPost Store/select_--Select--Adernaline 0.' counted

2018-06-01 11:29:15 - [MESSAGE][PASSED] - 19 options of object 'Object Repository/HealthpostToCms/Page_HealthPost Store/select_--Select--Adernaline 0.' counted

2018-06-01 11:29:15 - [TEST_STEP][PASSED] - Statement - For ([e = 1, e <= medicineslength - 1, (e++)]): Object: 'Object Repository/HealthpostToCms/Page_HealthPost Store/button_Add' is clicked on

2018-06-01 11:29:15 - [TEST_STEP][PASSED] - selectOptionByIndex: All options with index in [10] are selected on object 'Object Repository/HealthpostToCms/Page_HealthPost Store/select_--Select--Schedule 1Inj'

2018-06-01 11:29:15 - [MESSAGE][PASSED] - All options with index in [10] are selected on object 'Object Repository/HealthpostToCms/Page_HealthPost Store/select_--Select--Schedule 1Inj'

2018-06-01 11:29:15 - [TEST_STEP][PASSED] - selectOptionByIndex: All options with index in [1] are selected on object 'Object Repository/HealthpostToCms/Page_HealthPost Store/select_--Select--Adernaline 0.'

2018-06-01 11:29:15 - [MESSAGE][PASSED] - All options with index in [1] are selected on object 'Object Repository/HealthpostToCms/Page_HealthPost Store/select_--Select--Adernaline 0.'

2018-06-01 11:29:15 - [TEST_STEP][PASSED] - setText: Text '100' is set on object 'Object Repository/HealthpostToCms/Page_HealthPost Store/input_txttreat'

2018-06-01 11:29:15 - [MESSAGE][PASSED] - Text '100' is set on object 'Object Repository/HealthpostToCms/Page_HealthPost Store/input_txttreat'

2018-06-01 11:29:15 - [TEST_STEP][PASSED] - click: Object: 'Object Repository/HealthpostToCms/Page_HealthPost Store/button_Add' is clicked on

2018-06-01 11:29:15 - [MESSAGE][PASSED] - Object: 'Object Repository/HealthpostToCms/Page_HealthPost Store/button_Add' is clicked on

2018-06-01 11:29:15 - [TEST_STEP][PASSED] - selectOptionByIndex: All options with index in [10] are selected on object 'Object Repository/HealthpostToCms/Page_HealthPost Store/select_--Select--Schedule 1Inj'

2018-06-01 11:29:16 - [MESSAGE][PASSED] - All options with index in [10] are selected on object 'Object Repository/HealthpostToCms/Page_HealthPost Store/select_--Select--Schedule 1Inj'

2018-06-01 11:29:16 - [TEST_STEP][PASSED] - selectOptionByIndex: All options with index in [2] are selected on object 'Object Repository/HealthpostToCms/Page_HealthPost Store/select_--Select--Adernaline 0.'

2018-06-01 11:29:16 - [MESSAGE][PASSED] - All options with index in [2] are selected on object 'Object Repository/HealthpostToCms/Page_HealthPost Store/select_--Select--Adernaline 0.'

2018-06-01 11:29:16 - [TEST_STEP][PASSED] - setText: Text '100' is set on object 'Object Repository/HealthpostToCms/Page_HealthPost Store/input_txttreat'

2018-06-01 11:29:16 - [MESSAGE][PASSED] - Text '100' is set on object 'Object Repository/HealthpostToCms/Page_HealthPost Store/input_txttreat'

2018-06-01 11:29:16 - [TEST_STEP][PASSED] - click: Object: 'Object Repository/HealthpostToCms/Page_HealthPost Store/button_Add' is clicked on

2018-06-01 11:29:16 - [MESSAGE][PASSED] - Object: 'Object Repository/HealthpostToCms/Page_HealthPost Store/button_Add' is clicked on

2018-06-01 11:29:16 - [TEST_STEP][PASSED] - selectOptionByIndex: All options with index in [10] are selected on object 'Object Repository/HealthpostToCms/Page_HealthPost Store/select_--Select--Schedule 1Inj'

2018-06-01 11:29:16 - [MESSAGE][PASSED] - All options with index in [10] are selected on object 'Object Repository/HealthpostToCms/Page_HealthPost Store/select_--Select--Schedule 1Inj'

2018-06-01 11:29:16 - [TEST_STEP][PASSED] - selectOptionByIndex: All options with index in [3] are selected on object 'Object Repository/HealthpostToCms/Page_HealthPost Store/select_--Select--Adernaline 0.'

2018-06-01 11:29:16 - [MESSAGE][PASSED] - All options with index in [3] are selected on object 'Object Repository/HealthpostToCms/Page_HealthPost Store/select_--Select--Adernaline 0.'

2018-06-01 11:29:16 - [TEST_STEP][PASSED] - setText: Text '100' is set on object 'Object Repository/HealthpostToCms/Page_HealthPost Store/input_txttreat'

2018-06-01 11:29:16 - [MESSAGE][PASSED] - Text '100' is set on object 'Object Repository/HealthpostToCms/Page_HealthPost Store/input_txttreat'

2018-06-01 11:29:16 - [TEST_STEP][PASSED] - click: Object: 'Object Repository/HealthpostToCms/Page_HealthPost Store/button_Add' is clicked on

2018-06-01 11:29:16 - [MESSAGE][PASSED] - Object: 'Object Repository/HealthpostToCms/Page_HealthPost Store/button_Add' is clicked on

2018-06-01 11:29:16 - [TEST_STEP][PASSED] - selectOptionByIndex: All options with index in [10] are selected on object 'Object Repository/HealthpostToCms/Page_HealthPost Store/select_--Select--Schedule 1Inj'

2018-06-01 11:29:17 - [MESSAGE][PASSED] - All options with index in [10] are selected on object 'Object Repository/HealthpostToCms/Page_HealthPost Store/select_--Select--Schedule 1Inj'

2018-06-01 11:29:17 - [TEST_STEP][PASSED] - selectOptionByIndex: All options with index in [4] are selected on object 'Object Repository/HealthpostToCms/Page_HealthPost Store/select_--Select--Adernaline 0.'

2018-06-01 11:29:17 - [MESSAGE][PASSED] - All options with index in [4] are selected on object 'Object Repository/HealthpostToCms/Page_HealthPost Store/select_--Select--Adernaline 0.'

2018-06-01 11:29:17 - [TEST_STEP][PASSED] - setText: Text '100' is set on object 'Object Repository/HealthpostToCms/Page_HealthPost Store/input_txttreat'

2018-06-01 11:29:17 - [MESSAGE][PASSED] - Text '100' is set on object 'Object Repository/HealthpostToCms/Page_HealthPost Store/input_txttreat'

2018-06-01 11:29:17 - [TEST_STEP][PASSED] - click: Object: 'Object Repository/HealthpostToCms/Page_HealthPost Store/button_Add' is clicked on

2018-06-01 11:29:17 - [MESSAGE][PASSED] - Object: 'Object Repository/HealthpostToCms/Page_HealthPost Store/button_Add' is clicked on

2018-06-01 11:29:17 - [TEST_STEP][PASSED] - selectOptionByIndex: All options with index in [10] are selected on object 'Object Repository/HealthpostToCms/Page_HealthPost Store/select_--Select--Schedule 1Inj'

2018-06-01 11:29:17 - [MESSAGE][PASSED] - All options with index in [10] are selected on object 'Object Repository/HealthpostToCms/Page_HealthPost Store/select_--Select--Schedule 1Inj'

2018-06-01 11:29:17 - [TEST_STEP][PASSED] - selectOptionByIndex: All options with index in [5] are selected on object 'Object Repository/HealthpostToCms/Page_HealthPost Store/select_--Select--Adernaline 0.'

2018-06-01 11:29:17 - [MESSAGE][PASSED] - All options with index in [5] are selected on object 'Object Repository/HealthpostToCms/Page_HealthPost Store/select_--Select--Adernaline 0.'

2018-06-01 11:29:17 - [TEST_STEP][PASSED] - setText: Text '100' is set on object 'Object Repository/HealthpostToCms/Page_HealthPost Store/input_txttreat'

2018-06-01 11:29:17 - [MESSAGE][PASSED] - Text '100' is set on object 'Object Repository/HealthpostToCms/Page_HealthPost Store/input_txttreat'

2018-06-01 11:29:17 - [TEST_STEP][PASSED] - click: Object: 'Object Repository/HealthpostToCms/Page_HealthPost Store/button_Add' is clicked on

2018-06-01 11:29:17 - [MESSAGE][PASSED] - Object: 'Object Repository/HealthpostToCms/Page_HealthPost Store/button_Add' is clicked on

2018-06-01 11:29:17 - [TEST_STEP][PASSED] - selectOptionByIndex: All options with index in [10] are selected on object 'Object Repository/HealthpostToCms/Page_HealthPost Store/select_--Select--Schedule 1Inj'

2018-06-01 11:29:18 - [MESSAGE][PASSED] - All options with index in [10] are selected on object 'Object Repository/HealthpostToCms/Page_HealthPost Store/select_--Select--Schedule 1Inj'

2018-06-01 11:29:18 - [TEST_STEP][PASSED] - selectOptionByIndex: All options with index in [6] are selected on object 'Object Repository/HealthpostToCms/Page_HealthPost Store/select_--Select--Adernaline 0.'

2018-06-01 11:29:18 - [MESSAGE][PASSED] - All options with index in [6] are selected on object 'Object Repository/HealthpostToCms/Page_HealthPost Store/select_--Select--Adernaline 0.'

2018-06-01 11:29:18 - [TEST_STEP][PASSED] - setText: Text '100' is set on object 'Object Repository/HealthpostToCms/Page_HealthPost Store/input_txttreat'

2018-06-01 11:29:18 - [MESSAGE][PASSED] - Text '100' is set on object 'Object Repository/HealthpostToCms/Page_HealthPost Store/input_txttreat'

2018-06-01 11:29:18 - [TEST_STEP][PASSED] - click: Object: 'Object Repository/HealthpostToCms/Page_HealthPost Store/button_Add' is clicked on

2018-06-01 11:29:18 - [MESSAGE][PASSED] - Object: 'Object Repository/HealthpostToCms/Page_HealthPost Store/button_Add' is clicked on

2018-06-01 11:29:18 - [TEST_STEP][PASSED] - selectOptionByIndex: All options with index in [10] are selected on object 'Object Repository/HealthpostToCms/Page_HealthPost Store/select_--Select--Schedule 1Inj'

2018-06-01 11:29:18 - [MESSAGE][PASSED] - All options with index in [10] are selected on object 'Object Repository/HealthpostToCms/Page_HealthPost Store/select_--Select--Schedule 1Inj'

2018-06-01 11:29:18 - [TEST_STEP][PASSED] - selectOptionByIndex: All options with index in [7] are selected on object 'Object Repository/HealthpostToCms/Page_HealthPost Store/select_--Select--Adernaline 0.'

2018-06-01 11:29:18 - [MESSAGE][PASSED] - All options with index in [7] are selected on object 'Object Repository/HealthpostToCms/Page_HealthPost Store/select_--Select--Adernaline 0.'

2018-06-01 11:29:18 - [TEST_STEP][PASSED] - setText: Text '100' is set on object 'Object Repository/HealthpostToCms/Page_HealthPost Store/input_txttreat'

2018-06-01 11:29:19 - [MESSAGE][PASSED] - Text '100' is set on object 'Object Repository/HealthpostToCms/Page_HealthPost Store/input_txttreat'

2018-06-01 11:29:19 - [TEST_STEP][PASSED] - click: Object: 'Object Repository/HealthpostToCms/Page_HealthPost Store/button_Add' is clicked on

2018-06-01 11:29:19 - [MESSAGE][PASSED] - Object: 'Object Repository/HealthpostToCms/Page_HealthPost Store/button_Add' is clicked on

2018-06-01 11:29:19 - [TEST_STEP][PASSED] - selectOptionByIndex: All options with index in [10] are selected on object 'Object Repository/HealthpostToCms/Page_HealthPost Store/select_--Select--Schedule 1Inj'

2018-06-01 11:29:19 - [MESSAGE][PASSED] - All options with index in [10] are selected on object 'Object Repository/HealthpostToCms/Page_HealthPost Store/select_--Select--Schedule 1Inj'

2018-06-01 11:29:19 - [TEST_STEP][PASSED] - selectOptionByIndex: All options with index in [8] are selected on object 'Object Repository/HealthpostToCms/Page_HealthPost Store/select_--Select--Adernaline 0.'

2018-06-01 11:29:19 - [MESSAGE][PASSED] - All options with index in [8] are selected on object 'Object Repository/HealthpostToCms/Page_HealthPost Store/select_--Select--Adernaline 0.'

2018-06-01 11:29:19 - [TEST_STEP][PASSED] - setText: Text '100' is set on object 'Object Repository/HealthpostToCms/Page_HealthPost Store/input_txttreat'

2018-06-01 11:29:19 - [MESSAGE][PASSED] - Text '100' is set on object 'Object Repository/HealthpostToCms/Page_HealthPost Store/input_txttreat'

2018-06-01 11:29:19 - [TEST_STEP][PASSED] - click: Object: 'Object Repository/HealthpostToCms/Page_HealthPost Store/button_Add' is clicked on

2018-06-01 11:29:19 - [MESSAGE][PASSED] - Object: 'Object Repository/HealthpostToCms/Page_HealthPost Store/button_Add' is clicked on

2018-06-01 11:29:19 - [TEST_STEP][PASSED] - selectOptionByIndex: All options with index in [10] are selected on object 'Object Repository/HealthpostToCms/Page_HealthPost Store/select_--Select--Schedule 1Inj'

2018-06-01 11:29:19 - [MESSAGE][PASSED] - All options with index in [10] are selected on object 'Object Repository/HealthpostToCms/Page_HealthPost Store/select_--Select--Schedule 1Inj'

2018-06-01 11:29:19 - [TEST_STEP][PASSED] - selectOptionByIndex: All options with index in [9] are selected on object 'Object Repository/HealthpostToCms/Page_HealthPost Store/select_--Select--Adernaline 0.'

2018-06-01 11:29:20 - [MESSAGE][PASSED] - All options with index in [9] are selected on object 'Object Repository/HealthpostToCms/Page_HealthPost Store/select_--Select--Adernaline 0.'

2018-06-01 11:29:20 - [TEST_STEP][PASSED] - setText: Text '100' is set on object 'Object Repository/HealthpostToCms/Page_HealthPost Store/input_txttreat'

2018-06-01 11:29:20 - [MESSAGE][PASSED] - Text '100' is set on object 'Object Repository/HealthpostToCms/Page_HealthPost Store/input_txttreat'

2018-06-01 11:29:20 - [TEST_STEP][PASSED] - click: Object: 'Object Repository/HealthpostToCms/Page_HealthPost Store/button_Add' is clicked on

2018-06-01 11:29:20 - [MESSAGE][PASSED] - Object: 'Object Repository/HealthpostToCms/Page_HealthPost Store/button_Add' is clicked on

2018-06-01 11:29:20 - [TEST_STEP][PASSED] - selectOptionByIndex: All options with index in [10] are selected on object 'Object Repository/HealthpostToCms/Page_HealthPost Store/select_--Select--Schedule 1Inj'

2018-06-01 11:29:20 - [MESSAGE][PASSED] - All options with index in [10] are selected on object 'Object Repository/HealthpostToCms/Page_HealthPost Store/select_--Select--Schedule 1Inj'

2018-06-01 11:29:20 - [TEST_STEP][PASSED] - selectOptionByIndex: All options with index in [10] are selected on object 'Object Repository/HealthpostToCms/Page_HealthPost Store/select_--Select--Adernaline 0.'

2018-06-01 11:29:20 - [MESSAGE][PASSED] - All options with index in [10] are selected on object 'Object Repository/HealthpostToCms/Page_HealthPost Store/select_--Select--Adernaline 0.'

2018-06-01 11:29:20 - [TEST_STEP][PASSED] - setText: Text '100' is set on object 'Object Repository/HealthpostToCms/Page_HealthPost Store/input_txttreat'

2018-06-01 11:29:20 - [MESSAGE][PASSED] - Text '100' is set on object 'Object Repository/HealthpostToCms/Page_HealthPost Store/input_txttreat'

2018-06-01 11:29:20 - [TEST_STEP][PASSED] - click: Object: 'Object Repository/HealthpostToCms/Page_HealthPost Store/button_Add' is clicked on

2018-06-01 11:29:20 - [MESSAGE][PASSED] - Object: 'Object Repository/HealthpostToCms/Page_HealthPost Store/button_Add' is clicked on

2018-06-01 11:29:20 - [TEST_STEP][PASSED] - selectOptionByIndex: All options with index in [10] are selected on object 'Object Repository/HealthpostToCms/Page_HealthPost Store/select_--Select--Schedule 1Inj'

2018-06-01 11:29:21 - [MESSAGE][PASSED] - All options with index in [10] are selected on object 'Object Repository/HealthpostToCms/Page_HealthPost Store/select_--Select--Schedule 1Inj'

2018-06-01 11:29:21 - [TEST_STEP][PASSED] - selectOptionByIndex: All options with index in [11] are selected on object 'Object Repository/HealthpostToCms/Page_HealthPost Store/select_--Select--Adernaline 0.'

2018-06-01 11:29:21 - [MESSAGE][PASSED] - All options with index in [11] are selected on object 'Object Repository/HealthpostToCms/Page_HealthPost Store/select_--Select--Adernaline 0.'

2018-06-01 11:29:21 - [TEST_STEP][PASSED] - setText: Text '100' is set on object 'Object Repository/HealthpostToCms/Page_HealthPost Store/input_txttreat'

2018-06-01 11:29:21 - [MESSAGE][PASSED] - Text '100' is set on object 'Object Repository/HealthpostToCms/Page_HealthPost Store/input_txttreat'

2018-06-01 11:29:21 - [TEST_STEP][PASSED] - click: Object: 'Object Repository/HealthpostToCms/Page_HealthPost Store/button_Add' is clicked on

2018-06-01 11:29:21 - [MESSAGE][PASSED] - Object: 'Object Repository/HealthpostToCms/Page_HealthPost Store/button_Add' is clicked on

2018-06-01 11:29:21 - [TEST_STEP][PASSED] - selectOptionByIndex: All options with index in [10] are selected on object 'Object Repository/HealthpostToCms/Page_HealthPost Store/select_--Select--Schedule 1Inj'

2018-06-01 11:29:21 - [MESSAGE][PASSED] - All options with index in [10] are selected on object 'Object Repository/HealthpostToCms/Page_HealthPost Store/select_--Select--Schedule 1Inj'

2018-06-01 11:29:21 - [TEST_STEP][PASSED] - selectOptionByIndex: All options with index in [12] are selected on object 'Object Repository/HealthpostToCms/Page_HealthPost Store/select_--Select--Adernaline 0.'

2018-06-01 11:29:22 - [MESSAGE][PASSED] - All options with index in [12] are selected on object 'Object Repository/HealthpostToCms/Page_HealthPost Store/select_--Select--Adernaline 0.'

2018-06-01 11:29:22 - [TEST_STEP][PASSED] - setText: Text '100' is set on object 'Object Repository/HealthpostToCms/Page_HealthPost Store/input_txttreat'

2018-06-01 11:29:22 - [MESSAGE][PASSED] - Text '100' is set on object 'Object Repository/HealthpostToCms/Page_HealthPost Store/input_txttreat'

2018-06-01 11:29:22 - [TEST_STEP][PASSED] - click: Object: 'Object Repository/HealthpostToCms/Page_HealthPost Store/button_Add' is clicked on

2018-06-01 11:29:22 - [MESSAGE][PASSED] - Object: 'Object Repository/HealthpostToCms/Page_HealthPost Store/button_Add' is clicked on

2018-06-01 11:29:22 - [TEST_STEP][PASSED] - selectOptionByIndex: All options with index in [10] are selected on object 'Object Repository/HealthpostToCms/Page_HealthPost Store/select_--Select--Schedule 1Inj'

2018-06-01 11:29:22 - [MESSAGE][PASSED] - All options with index in [10] are selected on object 'Object Repository/HealthpostToCms/Page_HealthPost Store/select_--Select--Schedule 1Inj'

2018-06-01 11:29:22 - [TEST_STEP][PASSED] - selectOptionByIndex: All options with index in [13] are selected on object 'Object Repository/HealthpostToCms/Page_HealthPost Store/select_--Select--Adernaline 0.'

2018-06-01 11:29:22 - [MESSAGE][PASSED] - All options with index in [13] are selected on object 'Object Repository/HealthpostToCms/Page_HealthPost Store/select_--Select--Adernaline 0.'

2018-06-01 11:29:22 - [TEST_STEP][PASSED] - setText: Text '100' is set on object 'Object Repository/HealthpostToCms/Page_HealthPost Store/input_txttreat'

2018-06-01 11:29:22 - [MESSAGE][PASSED] - Text '100' is set on object 'Object Repository/HealthpostToCms/Page_HealthPost Store/input_txttreat'

2018-06-01 11:29:22 - [TEST_STEP][PASSED] - click: Object: 'Object Repository/HealthpostToCms/Page_HealthPost Store/button_Add' is clicked on

2018-06-01 11:29:23 - [MESSAGE][PASSED] - Object: 'Object Repository/HealthpostToCms/Page_HealthPost Store/button_Add' is clicked on

2018-06-01 11:29:23 - [TEST_STEP][PASSED] - selectOptionByIndex: All options with index in [10] are selected on object 'Object Repository/HealthpostToCms/Page_HealthPost Store/select_--Select--Schedule 1Inj'

2018-06-01 11:29:23 - [MESSAGE][PASSED] - All options with index in [10] are selected on object 'Object Repository/HealthpostToCms/Page_HealthPost Store/select_--Select--Schedule 1Inj'

2018-06-01 11:29:23 - [TEST_STEP][PASSED] - selectOptionByIndex: All options with index in [14] are selected on object 'Object Repository/HealthpostToCms/Page_HealthPost Store/select_--Select--Adernaline 0.'

2018-06-01 11:29:23 - [MESSAGE][PASSED] - All options with index in [14] are selected on object 'Object Repository/HealthpostToCms/Page_HealthPost Store/select_--Select--Adernaline 0.'

2018-06-01 11:29:23 - [TEST_STEP][PASSED] - setText: Text '100' is set on object 'Object Repository/HealthpostToCms/Page_HealthPost Store/input_txttreat'

2018-06-01 11:29:23 - [MESSAGE][PASSED] - Text '100' is set on object 'Object Repository/HealthpostToCms/Page_HealthPost Store/input_txttreat'

2018-06-01 11:29:23 - [TEST_STEP][PASSED] - click: Object: 'Object Repository/HealthpostToCms/Page_HealthPost Store/button_Add' is clicked on

2018-06-01 11:29:23 - [MESSAGE][PASSED] - Object: 'Object Repository/HealthpostToCms/Page_HealthPost Store/button_Add' is clicked on

2018-06-01 11:29:23 - [TEST_STEP][PASSED] - selectOptionByIndex: All options with index in [10] are selected on object 'Object Repository/HealthpostToCms/Page_HealthPost Store/select_--Select--Schedule 1Inj'

2018-06-01 11:29:23 - [MESSAGE][PASSED] - All options with index in [10] are selected on object 'Object Repository/HealthpostToCms/Page_HealthPost Store/select_--Select--Schedule 1Inj'

2018-06-01 11:29:23 - [TEST_STEP][PASSED] - selectOptionByIndex: All options with index in [15] are selected on object 'Object Repository/HealthpostToCms/Page_HealthPost Store/select_--Select--Adernaline 0.'

2018-06-01 11:29:24 - [MESSAGE][PASSED] - All options with index in [15] are selected on object 'Object Repository/HealthpostToCms/Page_HealthPost Store/select_--Select--Adernaline 0.'

2018-06-01 11:29:24 - [TEST_STEP][PASSED] - setText: Text '100' is set on object 'Object Repository/HealthpostToCms/Page_HealthPost Store/input_txttreat'

2018-06-01 11:29:24 - [MESSAGE][PASSED] - Text '100' is set on object 'Object Repository/HealthpostToCms/Page_HealthPost Store/input_txttreat'

2018-06-01 11:29:24 - [TEST_STEP][PASSED] - click: Object: 'Object Repository/HealthpostToCms/Page_HealthPost Store/button_Add' is clicked on

2018-06-01 11:29:24 - [MESSAGE][PASSED] - Object: 'Object Repository/HealthpostToCms/Page_HealthPost Store/button_Add' is clicked on

2018-06-01 11:29:24 - [TEST_STEP][PASSED] - selectOptionByIndex: All options with index in [10] are selected on object 'Object Repository/HealthpostToCms/Page_HealthPost Store/select_--Select--Schedule 1Inj'

2018-06-01 11:29:24 - [MESSAGE][PASSED] - All options with index in [10] are selected on object 'Object Repository/HealthpostToCms/Page_HealthPost Store/select_--Select--Schedule 1Inj'

2018-06-01 11:29:24 - [TEST_STEP][PASSED] - selectOptionByIndex: All options with index in [16] are selected on object 'Object Repository/HealthpostToCms/Page_HealthPost Store/select_--Select--Adernaline 0.'

2018-06-01 11:29:24 - [MESSAGE][PASSED] - All options with index in [16] are selected on object 'Object Repository/HealthpostToCms/Page_HealthPost Store/select_--Select--Adernaline 0.'

2018-06-01 11:29:24 - [TEST_STEP][PASSED] - setText: Text '100' is set on object 'Object Repository/HealthpostToCms/Page_HealthPost Store/input_txttreat'

2018-06-01 11:29:24 - [MESSAGE][PASSED] - Text '100' is set on object 'Object Repository/HealthpostToCms/Page_HealthPost Store/input_txttreat'

2018-06-01 11:29:24 - [TEST_STEP][PASSED] - click: Object: 'Object Repository/HealthpostToCms/Page_HealthPost Store/button_Add' is clicked on

2018-06-01 11:29:24 - [MESSAGE][PASSED] - Object: 'Object Repository/HealthpostToCms/Page_HealthPost Store/button_Add' is clicked on

2018-06-01 11:29:24 - [TEST_STEP][PASSED] - selectOptionByIndex: All options with index in [10] are selected on object 'Object Repository/HealthpostToCms/Page_HealthPost Store/select_--Select--Schedule 1Inj'

2018-06-01 11:29:25 - [MESSAGE][PASSED] - All options with index in [10] are selected on object 'Object Repository/HealthpostToCms/Page_HealthPost Store/select_--Select--Schedule 1Inj'

2018-06-01 11:29:25 - [TEST_STEP][PASSED] - selectOptionByIndex: All options with index in [17] are selected on object 'Object Repository/HealthpostToCms/Page_HealthPost Store/select_--Select--Adernaline 0.'

2018-06-01 11:29:25 - [MESSAGE][PASSED] - All options with index in [17] are selected on object 'Object Repository/HealthpostToCms/Page_HealthPost Store/select_--Select--Adernaline 0.'

2018-06-01 11:29:25 - [TEST_STEP][PASSED] - setText: Text '100' is set on object 'Object Repository/HealthpostToCms/Page_HealthPost Store/input_txttreat'

2018-06-01 11:29:25 - [MESSAGE][PASSED] - Text '100' is set on object 'Object Repository/HealthpostToCms/Page_HealthPost Store/input_txttreat'

2018-06-01 11:29:25 - [TEST_STEP][PASSED] - click: Object: 'Object Repository/HealthpostToCms/Page_HealthPost Store/button_Add' is clicked on

2018-06-01 11:29:25 - [MESSAGE][PASSED] - Object: 'Object Repository/HealthpostToCms/Page_HealthPost Store/button_Add' is clicked on

2018-06-01 11:29:25 - [TEST_STEP][PASSED] - selectOptionByIndex: All options with index in [10] are selected on object 'Object Repository/HealthpostToCms/Page_HealthPost Store/select_--Select--Schedule 1Inj'

2018-06-01 11:29:25 - [MESSAGE][PASSED] - All options with index in [10] are selected on object 'Object Repository/HealthpostToCms/Page_HealthPost Store/select_--Select--Schedule 1Inj'

2018-06-01 11:29:25 - [TEST_STEP][PASSED] - selectOptionByIndex: All options with index in [18] are selected on object 'Object Repository/HealthpostToCms/Page_HealthPost Store/select_--Select--Adernaline 0.'

2018-06-01 11:29:26 - [MESSAGE][PASSED] - All options with index in [18] are selected on object 'Object Repository/HealthpostToCms/Page_HealthPost Store/select_--Select--Adernaline 0.'

2018-06-01 11:29:26 - [TEST_STEP][PASSED] - setText: Text '100' is set on object 'Object Repository/HealthpostToCms/Page_HealthPost Store/input_txttreat'

2018-06-01 11:29:26 - [MESSAGE][PASSED] - Text '100' is set on object 'Object Repository/HealthpostToCms/Page_HealthPost Store/input_txttreat'

2018-06-01 11:29:26 - [TEST_STEP][PASSED] - click: Object: 'Object Repository/HealthpostToCms/Page_HealthPost Store/button_Add' is clicked on

2018-06-01 11:29:26 - [MESSAGE][PASSED] - Object: 'Object Repository/HealthpostToCms/Page_HealthPost Store/button_Add' is clicked on

2018-06-01 11:29:26 - [TEST_STEP][PASSED] - scrollToElement: Scroll to object 'Object Repository/HealthpostToCms/Page_HealthPost Store/input_btnsave' successfully

2018-06-01 11:29:26 - [MESSAGE][PASSED] - Scroll to object 'Object Repository/HealthpostToCms/Page_HealthPost Store/input_btnsave' successfully

2018-06-01 11:29:26 - [TEST_STEP][PASSED] - click: Object: 'Object Repository/HealthpostToCms/Page_HealthPost Store/input_btnsave' is clicked on

2018-06-01 11:29:26 - [MESSAGE][PASSED] - Object: 'Object Repository/HealthpostToCms/Page_HealthPost Store/input_btnsave' is clicked on

2018-06-01 11:29:26 - [TEST_STEP][PASSED] - delay: Delayed 3 second(s)

2018-06-01 11:29:29 - [MESSAGE][PASSED] - Delayed 3 second(s)

2018-06-01 11:29:29 - [TEST_STEP][PASSED] - Statement - RN1 = com.kms.katalon.core.webui.keyword.WebUiBuiltInKeywords.getText(com.kms.katalon.core.testobject.ObjectRepository.findTestObject(HealthpostToCms/Page_HealthPost Store/font_PRNO18052018174)): Text of object 'Object Repository/HealthpostToCms/Page_HealthPost Store/font_PRNO18052018174' is: 'PRNO/01062018/530'

2018-06-01 11:29:29 - [MESSAGE][PASSED] - Text of object 'Object Repository/HealthpostToCms/Page_HealthPost Store/font_PRNO18052018174' is: 'PRNO/01062018/530'

2018-06-01 11:29:29 - [TEST_STEP][PASSED] - Statement - out.println(RN1): null

2018-06-01 11:29:29 - [TEST_STEP][PASSED] - Statement - RID = RN1.split("/")[2]: null

2018-06-01 11:29:29 - [TEST_STEP][PASSED] - click: Object: 'Object Repository/HealthpostToCms/Page_HealthPost Store/button_OK' is clicked on

2018-06-01 11:29:29 - [MESSAGE][PASSED] - Object: 'Object Repository/HealthpostToCms/Page_HealthPost Store/button_OK' is clicked on

2018-06-01 11:29:29 - [TEST_STEP][PASSED] - delay: Delayed 3 second(s)

2018-06-01 11:29:32 - [MESSAGE][PASSED] - Delayed 3 second(s)

2018-06-01 11:29:32 - [TEST_STEP][PASSED] - click: Object: 'Object Repository/HealthpostToCms/Page_HealthPost Store/a_dropdown-toggle' is clicked on

2018-06-01 11:29:33 - [MESSAGE][PASSED] - Object: 'Object Repository/HealthpostToCms/Page_HealthPost Store/a_dropdown-toggle' is clicked on

2018-06-01 11:29:33 - [TEST_STEP][PASSED] - click: Object: 'Object Repository/HealthpostToCms/Page_HealthPost Store/a_Sign out' is clicked on

2018-06-01 11:29:33 - [MESSAGE][PASSED] - Object: 'Object Repository/HealthpostToCms/Page_HealthPost Store/a_Sign out' is clicked on

2018-06-01 11:29:33 - [TEST_STEP][PASSED] - delay: Delayed 3 second(s)

2018-06-01 11:29:36 - [MESSAGE][PASSED] - Delayed 3 second(s)

2018-06-01 11:29:36 - [TEST_STEP][PASSED] - navigateToUrl: Navigate to 'http://192.168.137.1/multihospital_new/' successfully

2018-06-01 11:29:36 - [MESSAGE][PASSED] - Navigate to 'http://192.168.137.1/multihospital_new/' successfully

2018-06-01 11:29:36 - [TEST_STEP][PASSED] - click: Object: 'Object Repository/HealthpostToCms/Page_KDMC/a_CMO' is clicked on

2018-06-01 11:29:37 - [MESSAGE][PASSED] - Object: 'Object Repository/HealthpostToCms/Page_KDMC/a_CMO' is clicked on

2018-06-01 11:29:37 - [TEST_STEP][PASSED] - setText: Text 'guru' is set on object 'Object Repository/HealthpostToCms/Page_CMO login/input_txtusername'

2018-06-01 11:29:37 - [MESSAGE][PASSED] - Text 'guru' is set on object 'Object Repository/HealthpostToCms/Page_CMO login/input_txtusername'

2018-06-01 11:29:37 - [TEST_STEP][PASSED] - setText: Text '123' is set on object 'Object Repository/HealthpostToCms/Page_CMO login/input_txtpassword'

2018-06-01 11:29:37 - [MESSAGE][PASSED] - Text '123' is set on object 'Object Repository/HealthpostToCms/Page_CMO login/input_txtpassword'

2018-06-01 11:29:37 - [TEST_STEP][PASSED] - delay: Delayed 3 second(s)

2018-06-01 11:29:40 - [MESSAGE][PASSED] - Delayed 3 second(s)

2018-06-01 11:29:40 - [TEST_STEP][PASSED] - click: Object: 'Object Repository/HealthpostToCms/Page_CMO login/button_Sign in' is clicked on

2018-06-01 11:29:41 - [MESSAGE][PASSED] - Object: 'Object Repository/HealthpostToCms/Page_CMO login/button_Sign in' is clicked on

2018-06-01 11:29:41 - [TEST_STEP][PASSED] - delay: Delayed 3 second(s)

2018-06-01 11:29:44 - [MESSAGE][PASSED] - Delayed 3 second(s)

2018-06-01 11:29:44 - [TEST_STEP][PASSED] - click: Object: 'Object Repository/HealthpostToCms/Page_KDMC - CMO/a_CMS Request' is clicked on

2018-06-01 11:29:45 - [MESSAGE][PASSED] - Object: 'Object Repository/HealthpostToCms/Page_KDMC - CMO/a_CMS Request' is clicked on

2018-06-01 11:29:45 - [TEST_STEP][PASSED] - delay: Delayed 2 second(s)

2018-06-01 11:29:47 - [MESSAGE][PASSED] - Delayed 2 second(s)

2018-06-01 11:29:47 - [TEST_STEP][PASSED] - click: Object: 'Object Repository/HealthpostToCms/Page_KDMC - CMO/a_Healthpost Store Request' is clicked on

2018-06-01 11:29:47 - [MESSAGE][PASSED] - Object: 'Object Repository/HealthpostToCms/Page_KDMC - CMO/a_Healthpost Store Request' is clicked on

2018-06-01 11:29:47 - [TEST_STEP][PASSED] - selectOptionByIndex: All options with index in [1] are selected on object 'Object Repository/HealthpostToCms/Page_KDMC - CMO/select_--ALL--'

2018-06-01 11:29:47 - [MESSAGE][PASSED] - All options with index in [1] are selected on object 'Object Repository/HealthpostToCms/Page_KDMC - CMO/select_--ALL--'

2018-06-01 11:29:47 - [TEST_STEP][PASSED] - click: Object: 'Object Repository/HealthpostToCms/Page_KDMC - CMO/input_btnsearch' is clicked on

2018-06-01 11:29:48 - [MESSAGE][PASSED] - Object: 'Object Repository/HealthpostToCms/Page_KDMC - CMO/input_btnsearch' is clicked on

2018-06-01 11:29:48 - [TEST_STEP][PASSED] - Statement - ID = com.kms.katalon.core.webui.keyword.WebUiBuiltInKeywords.modifyObjectProperty(com.kms.katalon.core.testobject.ObjectRepository.findTestObject(lab/Page_KDMC - CMO/input_1), "xpath", "equals", "//*[@id=" + RID + "]", true): Modify property of object successfully

2018-06-01 11:29:48 - [MESSAGE][PASSED] - Modify property of object successfully

2018-06-01 11:29:48 - [TEST_STEP][PASSED] - click: Object: 'Object Repository/lab/Page_KDMC - CMO/input_1' is clicked on

2018-06-01 11:29:48 - [MESSAGE][PASSED] - Object: 'Object Repository/lab/Page_KDMC - CMO/input_1' is clicked on

2018-06-01 11:29:48 - [TEST_STEP][PASSED] - delay: Delayed 2 second(s)

2018-06-01 11:29:50 - [MESSAGE][PASSED] - Delayed 2 second(s)

2018-06-01 11:29:50 - [TEST_STEP][PASSED] - selectOptionByIndex: All options with index in [1] are selected on object 'Object Repository/HealthpostToCms/Page_KDMC - CMO/select_--Select--'

2018-06-01 11:29:50 - [MESSAGE][PASSED] - All options with index in [1] are selected on object 'Object Repository/HealthpostToCms/Page_KDMC - CMO/select_--Select--'

2018-06-01 11:29:50 - [TEST_STEP][PASSED] - click: Object: 'Object Repository/HealthpostToCms/Page_KDMC - CMO/input_btnupdate' is clicked on

2018-06-01 11:29:51 - [MESSAGE][PASSED] - Object: 'Object Repository/HealthpostToCms/Page_KDMC - CMO/input_btnupdate' is clicked on

2018-06-01 11:29:51 - [TEST_STEP][PASSED] - delay: Delayed 2 second(s)

2018-06-01 11:29:53 - [MESSAGE][PASSED] - Delayed 2 second(s)

2018-06-01 11:29:53 - [TEST_STEP][PASSED] - click: Object: 'Object Repository/HealthpostToCms/Page_KDMC - CMO/button_OK' is clicked on

2018-06-01 11:29:53 - [MESSAGE][PASSED] - Object: 'Object Repository/HealthpostToCms/Page_KDMC - CMO/button_OK' is clicked on

2018-06-01 11:29:53 - [TEST_STEP][PASSED] - delay: Delayed 3 second(s)

2018-06-01 11:29:56 - [MESSAGE][PASSED] - Delayed 3 second(s)

2018-06-01 11:29:56 - [TEST_STEP][PASSED] - click: Object: 'Object Repository/HealthpostToCms/Page_KDMC - CMO/a_dropdown-toggle' is clicked on

2018-06-01 11:29:56 - [MESSAGE][PASSED] - Object: 'Object Repository/HealthpostToCms/Page_KDMC - CMO/a_dropdown-toggle' is clicked on

2018-06-01 11:29:56 - [TEST_STEP][PASSED] - click: Object: 'Object Repository/HealthpostToCms/Page_KDMC - CMO/a_Sign out' is clicked on

2018-06-01 11:29:57 - [MESSAGE][PASSED] - Object: 'Object Repository/HealthpostToCms/Page_KDMC - CMO/a_Sign out' is clicked on

2018-06-01 11:29:57 - [TEST_STEP][PASSED] - delay: Delayed 3 second(s)

2018-06-01 11:30:00 - [MESSAGE][PASSED] - Delayed 3 second(s)

2018-06-01 11:30:00 - [TEST_STEP][PASSED] - click: Object: 'Object Repository/HealthpostToCms/Page_KDMC/a_CMS' is clicked on

2018-06-01 11:30:00 - [MESSAGE][PASSED] - Object: 'Object Repository/HealthpostToCms/Page_KDMC/a_CMS' is clicked on

2018-06-01 11:30:00 - [TEST_STEP][PASSED] - setText: Text 'bala' is set on object 'Object Repository/HealthpostToCms/Page_CMS login/input_txtusername'

2018-06-01 11:30:00 - [MESSAGE][PASSED] - Text 'bala' is set on object 'Object Repository/HealthpostToCms/Page_CMS login/input_txtusername'

2018-06-01 11:30:00 - [TEST_STEP][PASSED] - setText: Text '123' is set on object 'Object Repository/HealthpostToCms/Page_CMS login/input_txtpassword'

2018-06-01 11:30:01 - [MESSAGE][PASSED] - Text '123' is set on object 'Object Repository/HealthpostToCms/Page_CMS login/input_txtpassword'

2018-06-01 11:30:01 - [TEST_STEP][PASSED] - delay: Delayed 3 second(s)

2018-06-01 11:30:04 - [MESSAGE][PASSED] - Delayed 3 second(s)

2018-06-01 11:30:04 - [TEST_STEP][PASSED] - click: Object: 'Object Repository/HealthpostToCms/Page_CMS login/button_Sign in' is clicked on

2018-06-01 11:30:04 - [MESSAGE][PASSED] - Object: 'Object Repository/HealthpostToCms/Page_CMS login/button_Sign in' is clicked on

2018-06-01 11:30:04 - [TEST_STEP][PASSED] - delay: Delayed 3 second(s)

2018-06-01 11:30:07 - [MESSAGE][PASSED] - Delayed 3 second(s)

2018-06-01 11:30:07 - [TEST_STEP][PASSED] - click: Object: 'Object Repository/HealthpostToCms/Page_KDMC - CMS/a_Divisional Store' is clicked on

2018-06-01 11:30:07 - [MESSAGE][PASSED] - Object: 'Object Repository/HealthpostToCms/Page_KDMC - CMS/a_Divisional Store' is clicked on

2018-06-01 11:30:07 - [TEST_STEP][PASSED] - delay: Delayed 2 second(s)

2018-06-01 11:30:09 - [MESSAGE][PASSED] - Delayed 2 second(s)

2018-06-01 11:30:09 - [TEST_STEP][PASSED] - click: Object: 'Object Repository/HealthpostToCms/Page_KDMC - CMS/a_Dispatch Items' is clicked on

2018-06-01 11:30:10 - [MESSAGE][PASSED] - Object: 'Object Repository/HealthpostToCms/Page_KDMC - CMS/a_Dispatch Items' is clicked on

2018-06-01 11:30:10 - [TEST_STEP][PASSED] - delay: Delayed 2 second(s)

2018-06-01 11:30:12 - [MESSAGE][PASSED] - Delayed 2 second(s)

2018-06-01 11:30:12 - [TEST_STEP][PASSED] - setText: Text 'PRNO/01062018/530' is set on object 'Object Repository/HealthpostToCms/Page_KDMC - CMS/input'

2018-06-01 11:30:12 - [MESSAGE][PASSED] - Text 'PRNO/01062018/530' is set on object 'Object Repository/HealthpostToCms/Page_KDMC - CMS/input'

2018-06-01 11:30:12 - [TEST_STEP][PASSED] - click: Object: 'Object Repository/HealthpostToCms/Page_KDMC - CMS/input_PRNO18052018174' is clicked on

2018-06-01 11:30:12 - [MESSAGE][PASSED] - Object: 'Object Repository/HealthpostToCms/Page_KDMC - CMS/input_PRNO18052018174' is clicked on

2018-06-01 11:30:12 - [TEST_STEP][PASSED] - delay: Delayed 3 second(s)

2018-06-01 11:30:15 - [MESSAGE][PASSED] - Delayed 3 second(s)

2018-06-01 11:30:15 - [TEST_STEP][PASSED] - Statement - out.println("Length : " + medicineslength): null

2018-06-01 11:30:15 - [TEST_STEP][PASSED] - Statement - For ([row = 0, row < medicineslength - 1, (row++)]): null

2018-06-01 11:30:15 - [TEST_STEP][PASSED] - Statement - batchlength = new com.kms.katalon.core.testobject.TestObject(): null

2018-06-01 11:30:15 - [TEST_STEP][PASSED] - Statement - batchlength = com.kms.katalon.core.webui.keyword.WebUiBuiltInKeywords.modifyObjectProperty(batchlength, "xpath", "equals", "//*[@id = "fldvendor" + row + ""]", true): Modify property of object successfully

2018-06-01 11:30:15 - [MESSAGE][PASSED] - Modify property of object successfully

2018-06-01 11:30:15 - [TEST_STEP][PASSED] - Statement - batchsize = com.kms.katalon.core.webui.keyword.WebUiBuiltInKeywords.getNumberOfTotalOption(batchlength): 9 options of object '' counted

2018-06-01 11:30:15 - [MESSAGE][PASSED] - 9 options of object '' counted

2018-06-01 11:30:15 - [TEST_STEP][PASSED] - Statement - out.println("BatchSize : " + batchsize): null

2018-06-01 11:30:15 - [TEST_STEP][PASSED] - Statement - For ([n = 1, n <= batchsize - 1, (n++)]): null

2018-06-01 11:30:15 - [TEST_STEP][PASSED] - Statement - product = new com.kms.katalon.core.testobject.TestObject(): null

2018-06-01 11:30:15 - [TEST_STEP][PASSED] - Statement - product = com.kms.katalon.core.webui.keyword.WebUiBuiltInKeywords.modifyObjectProperty(product, "xpath", "equals", "//*[@id = "fldvendor" + row + ""]", true): Modify property of object successfully

2018-06-01 11:30:15 - [MESSAGE][PASSED] - Modify property of object successfully

2018-06-01 11:30:15 - [TEST_STEP][PASSED] - selectOptionByIndex: All options with index in [1] are selected on object ''

2018-06-01 11:30:16 - [MESSAGE][PASSED] - All options with index in [1] are selected on object ''

2018-06-01 11:30:16 - [TEST_STEP][PASSED] - Statement - batch = new com.kms.katalon.core.testobject.TestObject(): null

2018-06-01 11:30:16 - [TEST_STEP][PASSED] - Statement - batch = com.kms.katalon.core.webui.keyword.WebUiBuiltInKeywords.modifyObjectProperty(batch, "xpath", "equals", "//*[@id = "txtbthqty" + row + ""]", true): Modify property of object successfully

2018-06-01 11:30:16 - [MESSAGE][PASSED] - Modify property of object successfully

2018-06-01 11:30:16 - [TEST_STEP][PASSED] - Statement - batchqty = com.kms.katalon.core.webui.keyword.WebUiBuiltInKeywords.getAttribute(batch, "value").trim(): Attribute 'value' of object '' is: '48800'

2018-06-01 11:30:16 - [MESSAGE][PASSED] - Attribute 'value' of object '' is: '48800'

2018-06-01 11:30:16 - [TEST_STEP][PASSED] - Statement - Rqty = 100: null

2018-06-01 11:30:16 - [TEST_STEP][PASSED] - delay: Delayed 2 second(s)

2018-06-01 11:30:18 - [MESSAGE][PASSED] - Delayed 2 second(s)

2018-06-01 11:30:18 - [TEST_STEP][PASSED] - Statement - out.println("BatchQty : " + batchqty): null

2018-06-01 11:30:18 - [TEST_STEP][PASSED] - Statement - out.println("RQty : " + Rqty): null

2018-06-01 11:30:18 - [TEST_STEP][PASSED] - Statement - If (java.lang.Integer.valueOf(batchqty) >= java.lang.Integer.valueOf(Rqty)): null

2018-06-01 11:30:18 - [TEST_STEP][PASSED] - Statement - Break: null

2018-06-01 11:30:18 - [TEST_STEP][PASSED] - Statement - batchlength = new com.kms.katalon.core.testobject.TestObject(): null

2018-06-01 11:30:18 - [TEST_STEP][PASSED] - Statement - batchlength = com.kms.katalon.core.webui.keyword.WebUiBuiltInKeywords.modifyObjectProperty(batchlength, "xpath", "equals", "//*[@id = "fldvendor" + row + ""]", true): Modify property of object successfully

2018-06-01 11:30:18 - [MESSAGE][PASSED] - Modify property of object successfully

2018-06-01 11:30:18 - [TEST_STEP][PASSED] - Statement - batchsize = com.kms.katalon.core.webui.keyword.WebUiBuiltInKeywords.getNumberOfTotalOption(batchlength): 9 options of object '' counted

2018-06-01 11:30:18 - [MESSAGE][PASSED] - 9 options of object '' counted

2018-06-01 11:30:18 - [TEST_STEP][PASSED] - Statement - out.println("BatchSize : " + batchsize): null

2018-06-01 11:30:18 - [TEST_STEP][PASSED] - Statement - For ([n = 1, n <= batchsize - 1, (n++)]): null

2018-06-01 11:30:18 - [TEST_STEP][PASSED] - Statement - product = new com.kms.katalon.core.testobject.TestObject(): null

2018-06-01 11:30:18 - [TEST_STEP][PASSED] - Statement - product = com.kms.katalon.core.webui.keyword.WebUiBuiltInKeywords.modifyObjectProperty(product, "xpath", "equals", "//*[@id = "fldvendor" + row + ""]", true): Modify property of object successfully

2018-06-01 11:30:18 - [MESSAGE][PASSED] - Modify property of object successfully

2018-06-01 11:30:18 - [TEST_STEP][PASSED] - selectOptionByIndex: All options with index in [1] are selected on object ''

2018-06-01 11:30:18 - [MESSAGE][PASSED] - All options with index in [1] are selected on object ''

2018-06-01 11:30:18 - [TEST_STEP][PASSED] - Statement - batch = new com.kms.katalon.core.testobject.TestObject(): null

2018-06-01 11:30:18 - [TEST_STEP][PASSED] - Statement - batch = com.kms.katalon.core.webui.keyword.WebUiBuiltInKeywords.modifyObjectProperty(batch, "xpath", "equals", "//*[@id = "txtbthqty" + row + ""]", true): Modify property of object successfully

2018-06-01 11:30:18 - [MESSAGE][PASSED] - Modify property of object successfully

2018-06-01 11:30:18 - [TEST_STEP][PASSED] - Statement - batchqty = com.kms.katalon.core.webui.keyword.WebUiBuiltInKeywords.getAttribute(batch, "value").trim(): Attribute 'value' of object '' is: '3800'

2018-06-01 11:30:18 - [MESSAGE][PASSED] - Attribute 'value' of object '' is: '3800'

2018-06-01 11:30:18 - [TEST_STEP][PASSED] - Statement - Rqty = 100: null

2018-06-01 11:30:18 - [TEST_STEP][PASSED] - delay: Delayed 2 second(s)

2018-06-01 11:30:20 - [MESSAGE][PASSED] - Delayed 2 second(s)

2018-06-01 11:30:20 - [TEST_STEP][PASSED] - Statement - out.println("BatchQty : " + batchqty): null

2018-06-01 11:30:20 - [TEST_STEP][PASSED] - Statement - out.println("RQty : " + Rqty): null

2018-06-01 11:30:20 - [TEST_STEP][PASSED] - Statement - If (java.lang.Integer.valueOf(batchqty) >= java.lang.Integer.valueOf(Rqty)): null

2018-06-01 11:30:20 - [TEST_STEP][PASSED] - Statement - Break: null

2018-06-01 11:30:20 - [TEST_STEP][PASSED] - Statement - batchlength = new com.kms.katalon.core.testobject.TestObject(): null

2018-06-01 11:30:20 - [TEST_STEP][PASSED] - Statement - batchlength = com.kms.katalon.core.webui.keyword.WebUiBuiltInKeywords.modifyObjectProperty(batchlength, "xpath", "equals", "//*[@id = "fldvendor" + row + ""]", true): Modify property of object successfully

2018-06-01 11:30:20 - [MESSAGE][PASSED] - Modify property of object successfully

2018-06-01 11:30:20 - [TEST_STEP][PASSED] - Statement - batchsize = com.kms.katalon.core.webui.keyword.WebUiBuiltInKeywords.getNumberOfTotalOption(batchlength): 9 options of object '' counted

2018-06-01 11:30:20 - [MESSAGE][PASSED] - 9 options of object '' counted

2018-06-01 11:30:20 - [TEST_STEP][PASSED] - Statement - out.println("BatchSize : " + batchsize): null

2018-06-01 11:30:20 - [TEST_STEP][PASSED] - Statement - For ([n = 1, n <= batchsize - 1, (n++)]): null

2018-06-01 11:30:20 - [TEST_STEP][PASSED] - Statement - product = new com.kms.katalon.core.testobject.TestObject(): null

2018-06-01 11:30:20 - [TEST_STEP][PASSED] - Statement - product = com.kms.katalon.core.webui.keyword.WebUiBuiltInKeywords.modifyObjectProperty(product, "xpath", "equals", "//*[@id = "fldvendor" + row + ""]", true): Modify property of object successfully

2018-06-01 11:30:20 - [MESSAGE][PASSED] - Modify property of object successfully

2018-06-01 11:30:20 - [TEST_STEP][PASSED] - selectOptionByIndex: All options with index in [1] are selected on object ''

2018-06-01 11:30:20 - [MESSAGE][PASSED] - All options with index in [1] are selected on object ''

2018-06-01 11:30:20 - [TEST_STEP][PASSED] - Statement - batch = new com.kms.katalon.core.testobject.TestObject(): null

2018-06-01 11:30:20 - [TEST_STEP][PASSED] - Statement - batch = com.kms.katalon.core.webui.keyword.WebUiBuiltInKeywords.modifyObjectProperty(batch, "xpath", "equals", "//*[@id = "txtbthqty" + row + ""]", true): Modify property of object successfully

2018-06-01 11:30:20 - [MESSAGE][PASSED] - Modify property of object successfully

2018-06-01 11:30:20 - [TEST_STEP][PASSED] - Statement - batchqty = com.kms.katalon.core.webui.keyword.WebUiBuiltInKeywords.getAttribute(batch, "value").trim(): Attribute 'value' of object '' is: '4700'

2018-06-01 11:30:20 - [MESSAGE][PASSED] - Attribute 'value' of object '' is: '4700'

2018-06-01 11:30:20 - [TEST_STEP][PASSED] - Statement - Rqty = 100: null

2018-06-01 11:30:20 - [TEST_STEP][PASSED] - delay: Delayed 2 second(s)

2018-06-01 11:30:22 - [MESSAGE][PASSED] - Delayed 2 second(s)

2018-06-01 11:30:22 - [TEST_STEP][PASSED] - Statement - out.println("BatchQty : " + batchqty): null

2018-06-01 11:30:22 - [TEST_STEP][PASSED] - Statement - out.println("RQty : " + Rqty): null

2018-06-01 11:30:22 - [TEST_STEP][PASSED] - Statement - If (java.lang.Integer.valueOf(batchqty) >= java.lang.Integer.valueOf(Rqty)): null

2018-06-01 11:30:22 - [TEST_STEP][PASSED] - Statement - Break: null

2018-06-01 11:30:22 - [TEST_STEP][PASSED] - Statement - batchlength = new com.kms.katalon.core.testobject.TestObject(): null

2018-06-01 11:30:22 - [TEST_STEP][PASSED] - Statement - batchlength = com.kms.katalon.core.webui.keyword.WebUiBuiltInKeywords.modifyObjectProperty(batchlength, "xpath", "equals", "//*[@id = "fldvendor" + row + ""]", true): Modify property of object successfully

2018-06-01 11:30:22 - [MESSAGE][PASSED] - Modify property of object successfully

2018-06-01 11:30:22 - [TEST_STEP][PASSED] - Statement - batchsize = com.kms.katalon.core.webui.keyword.WebUiBuiltInKeywords.getNumberOfTotalOption(batchlength): 9 options of object '' counted

2018-06-01 11:30:22 - [MESSAGE][PASSED] - 9 options of object '' counted

2018-06-01 11:30:22 - [TEST_STEP][PASSED] - Statement - out.println("BatchSize : " + batchsize): null

2018-06-01 11:30:22 - [TEST_STEP][PASSED] - Statement - For ([n = 1, n <= batchsize - 1, (n++)]): null

2018-06-01 11:30:22 - [TEST_STEP][PASSED] - Statement - product = new com.kms.katalon.core.testobject.TestObject(): null

2018-06-01 11:30:22 - [TEST_STEP][PASSED] - Statement - product = com.kms.katalon.core.webui.keyword.WebUiBuiltInKeywords.modifyObjectProperty(product, "xpath", "equals", "//*[@id = "fldvendor" + row + ""]", true): Modify property of object successfully

2018-06-01 11:30:22 - [MESSAGE][PASSED] - Modify property of object successfully

2018-06-01 11:30:22 - [TEST_STEP][PASSED] - selectOptionByIndex: All options with index in [1] are selected on object ''

2018-06-01 11:30:22 - [MESSAGE][PASSED] - All options with index in [1] are selected on object ''

2018-06-01 11:30:22 - [TEST_STEP][PASSED] - Statement - batch = new com.kms.katalon.core.testobject.TestObject(): null

2018-06-01 11:30:22 - [TEST_STEP][PASSED] - Statement - batch = com.kms.katalon.core.webui.keyword.WebUiBuiltInKeywords.modifyObjectProperty(batch, "xpath", "equals", "//*[@id = "txtbthqty" + row + ""]", true): Modify property of object successfully

2018-06-01 11:30:22 - [MESSAGE][PASSED] - Modify property of object successfully

2018-06-01 11:30:22 - [TEST_STEP][PASSED] - Statement - batchqty = com.kms.katalon.core.webui.keyword.WebUiBuiltInKeywords.getAttribute(batch, "value").trim(): Attribute 'value' of object '' is: '48700'

2018-06-01 11:30:22 - [MESSAGE][PASSED] - Attribute 'value' of object '' is: '48700'

2018-06-01 11:30:22 - [TEST_STEP][PASSED] - Statement - Rqty = 100: null

2018-06-01 11:30:22 - [TEST_STEP][PASSED] - delay: Delayed 2 second(s)

2018-06-01 11:30:24 - [MESSAGE][PASSED] - Delayed 2 second(s)

2018-06-01 11:30:24 - [TEST_STEP][PASSED] - Statement - out.println("BatchQty : " + batchqty): null

2018-06-01 11:30:24 - [TEST_STEP][PASSED] - Statement - out.println("RQty : " + Rqty): null

2018-06-01 11:30:24 - [TEST_STEP][PASSED] - Statement - If (java.lang.Integer.valueOf(batchqty) >= java.lang.Integer.valueOf(Rqty)): null

2018-06-01 11:30:24 - [TEST_STEP][PASSED] - Statement - Break: null

2018-06-01 11:30:24 - [TEST_STEP][PASSED] - Statement - batchlength = new com.kms.katalon.core.testobject.TestObject(): null

2018-06-01 11:30:24 - [TEST_STEP][PASSED] - Statement - batchlength = com.kms.katalon.core.webui.keyword.WebUiBuiltInKeywords.modifyObjectProperty(batchlength, "xpath", "equals", "//*[@id = "fldvendor" + row + ""]", true): Modify property of object successfully

2018-06-01 11:30:24 - [MESSAGE][PASSED] - Modify property of object successfully

2018-06-01 11:30:24 - [TEST_STEP][PASSED] - Statement - batchsize = com.kms.katalon.core.webui.keyword.WebUiBuiltInKeywords.getNumberOfTotalOption(batchlength): 9 options of object '' counted

2018-06-01 11:30:24 - [MESSAGE][PASSED] - 9 options of object '' counted

2018-06-01 11:30:24 - [TEST_STEP][PASSED] - Statement - out.println("BatchSize : " + batchsize): null

2018-06-01 11:30:24 - [TEST_STEP][PASSED] - Statement - For ([n = 1, n <= batchsize - 1, (n++)]): null

2018-06-01 11:30:24 - [TEST_STEP][PASSED] - Statement - product = new com.kms.katalon.core.testobject.TestObject(): null

2018-06-01 11:30:24 - [TEST_STEP][PASSED] - Statement - product = com.kms.katalon.core.webui.keyword.WebUiBuiltInKeywords.modifyObjectProperty(product, "xpath", "equals", "//*[@id = "fldvendor" + row + ""]", true): Modify property of object successfully

2018-06-01 11:30:24 - [MESSAGE][PASSED] - Modify property of object successfully

2018-06-01 11:30:24 - [TEST_STEP][PASSED] - selectOptionByIndex: All options with index in [1] are selected on object ''

2018-06-01 11:30:25 - [MESSAGE][PASSED] - All options with index in [1] are selected on object ''

2018-06-01 11:30:25 - [TEST_STEP][PASSED] - Statement - batch = new com.kms.katalon.core.testobject.TestObject(): null

2018-06-01 11:30:25 - [TEST_STEP][PASSED] - Statement - batch = com.kms.katalon.core.webui.keyword.WebUiBuiltInKeywords.modifyObjectProperty(batch, "xpath", "equals", "//*[@id = "txtbthqty" + row + ""]", true): Modify property of object successfully

2018-06-01 11:30:25 - [MESSAGE][PASSED] - Modify property of object successfully

2018-06-01 11:30:25 - [TEST_STEP][PASSED] - Statement - batchqty = com.kms.katalon.core.webui.keyword.WebUiBuiltInKeywords.getAttribute(batch, "value").trim(): Attribute 'value' of object '' is: '4800'

2018-06-01 11:30:25 - [MESSAGE][PASSED] - Attribute 'value' of object '' is: '4800'

2018-06-01 11:30:25 - [TEST_STEP][PASSED] - Statement - Rqty = 100: null

2018-06-01 11:30:25 - [TEST_STEP][PASSED] - delay: Delayed 2 second(s)

2018-06-01 11:30:27 - [MESSAGE][PASSED] - Delayed 2 second(s)

2018-06-01 11:30:27 - [TEST_STEP][PASSED] - Statement - out.println("BatchQty : " + batchqty): null

2018-06-01 11:30:27 - [TEST_STEP][PASSED] - Statement - out.println("RQty : " + Rqty): null

2018-06-01 11:30:27 - [TEST_STEP][PASSED] - Statement - If (java.lang.Integer.valueOf(batchqty) >= java.lang.Integer.valueOf(Rqty)): null

2018-06-01 11:30:27 - [TEST_STEP][PASSED] - Statement - Break: null

2018-06-01 11:30:27 - [TEST_STEP][PASSED] - Statement - batchlength = new com.kms.katalon.core.testobject.TestObject(): null

2018-06-01 11:30:27 - [TEST_STEP][PASSED] - Statement - batchlength = com.kms.katalon.core.webui.keyword.WebUiBuiltInKeywords.modifyObjectProperty(batchlength, "xpath", "equals", "//*[@id = "fldvendor" + row + ""]", true): Modify property of object successfully

2018-06-01 11:30:27 - [MESSAGE][PASSED] - Modify property of object successfully

2018-06-01 11:30:27 - [TEST_STEP][PASSED] - Statement - batchsize = com.kms.katalon.core.webui.keyword.WebUiBuiltInKeywords.getNumberOfTotalOption(batchlength): 9 options of object '' counted

2018-06-01 11:30:27 - [MESSAGE][PASSED] - 9 options of object '' counted

2018-06-01 11:30:27 - [TEST_STEP][PASSED] - Statement - out.println("BatchSize : " + batchsize): null

2018-06-01 11:30:27 - [TEST_STEP][PASSED] - Statement - For ([n = 1, n <= batchsize - 1, (n++)]): null

2018-06-01 11:30:27 - [TEST_STEP][PASSED] - Statement - product = new com.kms.katalon.core.testobject.TestObject(): null

2018-06-01 11:30:27 - [TEST_STEP][PASSED] - Statement - product = com.kms.katalon.core.webui.keyword.WebUiBuiltInKeywords.modifyObjectProperty(product, "xpath", "equals", "//*[@id = "fldvendor" + row + ""]", true): Modify property of object successfully

2018-06-01 11:30:27 - [MESSAGE][PASSED] - Modify property of object successfully

2018-06-01 11:30:27 - [TEST_STEP][PASSED] - selectOptionByIndex: All options with index in [1] are selected on object ''

2018-06-01 11:30:27 - [MESSAGE][PASSED] - All options with index in [1] are selected on object ''

2018-06-01 11:30:27 - [TEST_STEP][PASSED] - Statement - batch = new com.kms.katalon.core.testobject.TestObject(): null

2018-06-01 11:30:27 - [TEST_STEP][PASSED] - Statement - batch = com.kms.katalon.core.webui.keyword.WebUiBuiltInKeywords.modifyObjectProperty(batch, "xpath", "equals", "//*[@id = "txtbthqty" + row + ""]", true): Modify property of object successfully

2018-06-01 11:30:27 - [MESSAGE][PASSED] - Modify property of object successfully

2018-06-01 11:30:27 - [TEST_STEP][PASSED] - Statement - batchqty = com.kms.katalon.core.webui.keyword.WebUiBuiltInKeywords.getAttribute(batch, "value").trim(): Attribute 'value' of object '' is: '2800'

2018-06-01 11:30:27 - [MESSAGE][PASSED] - Attribute 'value' of object '' is: '2800'

2018-06-01 11:30:27 - [TEST_STEP][PASSED] - Statement - Rqty = 100: null

2018-06-01 11:30:27 - [TEST_STEP][PASSED] - delay: Delayed 2 second(s)

2018-06-01 11:30:29 - [MESSAGE][PASSED] - Delayed 2 second(s)

2018-06-01 11:30:29 - [TEST_STEP][PASSED] - Statement - out.println("BatchQty : " + batchqty): null

2018-06-01 11:30:29 - [TEST_STEP][PASSED] - Statement - out.println("RQty : " + Rqty): null

2018-06-01 11:30:29 - [TEST_STEP][PASSED] - Statement - If (java.lang.Integer.valueOf(batchqty) >= java.lang.Integer.valueOf(Rqty)): null

2018-06-01 11:30:29 - [TEST_STEP][PASSED] - Statement - Break: null

2018-06-01 11:30:29 - [TEST_STEP][PASSED] - Statement - batchlength = new com.kms.katalon.core.testobject.TestObject(): null

2018-06-01 11:30:29 - [TEST_STEP][PASSED] - Statement - batchlength = com.kms.katalon.core.webui.keyword.WebUiBuiltInKeywords.modifyObjectProperty(batchlength, "xpath", "equals", "//*[@id = "fldvendor" + row + ""]", true): Modify property of object successfully

2018-06-01 11:30:29 - [MESSAGE][PASSED] - Modify property of object successfully

2018-06-01 11:30:29 - [TEST_STEP][PASSED] - Statement - batchsize = com.kms.katalon.core.webui.keyword.WebUiBuiltInKeywords.getNumberOfTotalOption(batchlength): 9 options of object '' counted

2018-06-01 11:30:29 - [MESSAGE][PASSED] - 9 options of object '' counted

2018-06-01 11:30:29 - [TEST_STEP][PASSED] - Statement - out.println("BatchSize : " + batchsize): null

2018-06-01 11:30:29 - [TEST_STEP][PASSED] - Statement - For ([n = 1, n <= batchsize - 1, (n++)]): null

2018-06-01 11:30:29 - [TEST_STEP][PASSED] - Statement - product = new com.kms.katalon.core.testobject.TestObject(): null

2018-06-01 11:30:29 - [TEST_STEP][PASSED] - Statement - product = com.kms.katalon.core.webui.keyword.WebUiBuiltInKeywords.modifyObjectProperty(product, "xpath", "equals", "//*[@id = "fldvendor" + row + ""]", true): Modify property of object successfully

2018-06-01 11:30:29 - [MESSAGE][PASSED] - Modify property of object successfully

2018-06-01 11:30:29 - [TEST_STEP][PASSED] - selectOptionByIndex: All options with index in [1] are selected on object ''

2018-06-01 11:30:29 - [MESSAGE][PASSED] - All options with index in [1] are selected on object ''

2018-06-01 11:30:29 - [TEST_STEP][PASSED] - Statement - batch = new com.kms.katalon.core.testobject.TestObject(): null

2018-06-01 11:30:29 - [TEST_STEP][PASSED] - Statement - batch = com.kms.katalon.core.webui.keyword.WebUiBuiltInKeywords.modifyObjectProperty(batch, "xpath", "equals", "//*[@id = "txtbthqty" + row + ""]", true): Modify property of object successfully

2018-06-01 11:30:29 - [MESSAGE][PASSED] - Modify property of object successfully

2018-06-01 11:30:29 - [TEST_STEP][PASSED] - Statement - batchqty = com.kms.katalon.core.webui.keyword.WebUiBuiltInKeywords.getAttribute(batch, "value").trim(): Attribute 'value' of object '' is: '48700'

2018-06-01 11:30:29 - [MESSAGE][PASSED] - Attribute 'value' of object '' is: '48700'

2018-06-01 11:30:29 - [TEST_STEP][PASSED] - Statement - Rqty = 100: null

2018-06-01 11:30:29 - [TEST_STEP][PASSED] - delay: Delayed 2 second(s)

2018-06-01 11:30:31 - [MESSAGE][PASSED] - Delayed 2 second(s)

2018-06-01 11:30:31 - [TEST_STEP][PASSED] - Statement - out.println("BatchQty : " + batchqty): null

2018-06-01 11:30:31 - [TEST_STEP][PASSED] - Statement - out.println("RQty : " + Rqty): null

2018-06-01 11:30:31 - [TEST_STEP][PASSED] - Statement - If (java.lang.Integer.valueOf(batchqty) >= java.lang.Integer.valueOf(Rqty)): null

2018-06-01 11:30:31 - [TEST_STEP][PASSED] - Statement - Break: null

2018-06-01 11:30:31 - [TEST_STEP][PASSED] - Statement - batchlength = new com.kms.katalon.core.testobject.TestObject(): null

2018-06-01 11:30:31 - [TEST_STEP][PASSED] - Statement - batchlength = com.kms.katalon.core.webui.keyword.WebUiBuiltInKeywords.modifyObjectProperty(batchlength, "xpath", "equals", "//*[@id = "fldvendor" + row + ""]", true): Modify property of object successfully

2018-06-01 11:30:31 - [MESSAGE][PASSED] - Modify property of object successfully

2018-06-01 11:30:31 - [TEST_STEP][PASSED] - Statement - batchsize = com.kms.katalon.core.webui.keyword.WebUiBuiltInKeywords.getNumberOfTotalOption(batchlength): 9 options of object '' counted

2018-06-01 11:30:31 - [MESSAGE][PASSED] - 9 options of object '' counted

2018-06-01 11:30:31 - [TEST_STEP][PASSED] - Statement - out.println("BatchSize : " + batchsize): null

2018-06-01 11:30:31 - [TEST_STEP][PASSED] - Statement - For ([n = 1, n <= batchsize - 1, (n++)]): null

2018-06-01 11:30:31 - [TEST_STEP][PASSED] - Statement - product = new com.kms.katalon.core.testobject.TestObject(): null

2018-06-01 11:30:31 - [TEST_STEP][PASSED] - Statement - product = com.kms.katalon.core.webui.keyword.WebUiBuiltInKeywords.modifyObjectProperty(product, "xpath", "equals", "//*[@id = "fldvendor" + row + ""]", true): Modify property of object successfully

2018-06-01 11:30:31 - [MESSAGE][PASSED] - Modify property of object successfully

2018-06-01 11:30:31 - [TEST_STEP][PASSED] - selectOptionByIndex: All options with index in [1] are selected on object ''

2018-06-01 11:30:32 - [MESSAGE][PASSED] - All options with index in [1] are selected on object ''

2018-06-01 11:30:32 - [TEST_STEP][PASSED] - Statement - batch = new com.kms.katalon.core.testobject.TestObject(): null

2018-06-01 11:30:32 - [TEST_STEP][PASSED] - Statement - batch = com.kms.katalon.core.webui.keyword.WebUiBuiltInKeywords.modifyObjectProperty(batch, "xpath", "equals", "//*[@id = "txtbthqty" + row + ""]", true): Modify property of object successfully

2018-06-01 11:30:32 - [MESSAGE][PASSED] - Modify property of object successfully

2018-06-01 11:30:32 - [TEST_STEP][PASSED] - Statement - batchqty = com.kms.katalon.core.webui.keyword.WebUiBuiltInKeywords.getAttribute(batch, "value").trim(): Attribute 'value' of object '' is: '48700'

2018-06-01 11:30:32 - [MESSAGE][PASSED] - Attribute 'value' of object '' is: '48700'

2018-06-01 11:30:32 - [TEST_STEP][PASSED] - Statement - Rqty = 100: null

2018-06-01 11:30:32 - [TEST_STEP][PASSED] - delay: Delayed 2 second(s)

2018-06-01 11:30:34 - [MESSAGE][PASSED] - Delayed 2 second(s)

2018-06-01 11:30:34 - [TEST_STEP][PASSED] - Statement - out.println("BatchQty : " + batchqty): null

2018-06-01 11:30:34 - [TEST_STEP][PASSED] - Statement - out.println("RQty : " + Rqty): null

2018-06-01 11:30:34 - [TEST_STEP][PASSED] - Statement - If (java.lang.Integer.valueOf(batchqty) >= java.lang.Integer.valueOf(Rqty)): null

2018-06-01 11:30:34 - [TEST_STEP][PASSED] - Statement - Break: null

2018-06-01 11:30:34 - [TEST_STEP][PASSED] - Statement - batchlength = new com.kms.katalon.core.testobject.TestObject(): null

2018-06-01 11:30:34 - [TEST_STEP][PASSED] - Statement - batchlength = com.kms.katalon.core.webui.keyword.WebUiBuiltInKeywords.modifyObjectProperty(batchlength, "xpath", "equals", "//*[@id = "fldvendor" + row + ""]", true): Modify property of object successfully

2018-06-01 11:30:34 - [MESSAGE][PASSED] - Modify property of object successfully

2018-06-01 11:30:34 - [TEST_STEP][PASSED] - Statement - batchsize = com.kms.katalon.core.webui.keyword.WebUiBuiltInKeywords.getNumberOfTotalOption(batchlength): 9 options of object '' counted

2018-06-01 11:30:34 - [MESSAGE][PASSED] - 9 options of object '' counted

2018-06-01 11:30:34 - [TEST_STEP][PASSED] - Statement - out.println("BatchSize : " + batchsize): null

2018-06-01 11:30:34 - [TEST_STEP][PASSED] - Statement - For ([n = 1, n <= batchsize - 1, (n++)]): null

2018-06-01 11:30:34 - [TEST_STEP][PASSED] - Statement - product = new com.kms.katalon.core.testobject.TestObject(): null

2018-06-01 11:30:34 - [TEST_STEP][PASSED] - Statement - product = com.kms.katalon.core.webui.keyword.WebUiBuiltInKeywords.modifyObjectProperty(product, "xpath", "equals", "//*[@id = "fldvendor" + row + ""]", true): Modify property of object successfully

2018-06-01 11:30:34 - [MESSAGE][PASSED] - Modify property of object successfully

2018-06-01 11:30:34 - [TEST_STEP][PASSED] - selectOptionByIndex: All options with index in [1] are selected on object ''

2018-06-01 11:30:34 - [MESSAGE][PASSED] - All options with index in [1] are selected on object ''

2018-06-01 11:30:34 - [TEST_STEP][PASSED] - Statement - batch = new com.kms.katalon.core.testobject.TestObject(): null

2018-06-01 11:30:34 - [TEST_STEP][PASSED] - Statement - batch = com.kms.katalon.core.webui.keyword.WebUiBuiltInKeywords.modifyObjectProperty(batch, "xpath", "equals", "//*[@id = "txtbthqty" + row + ""]", true): Modify property of object successfully

2018-06-01 11:30:34 - [MESSAGE][PASSED] - Modify property of object successfully

2018-06-01 11:30:34 - [TEST_STEP][PASSED] - Statement - batchqty = com.kms.katalon.core.webui.keyword.WebUiBuiltInKeywords.getAttribute(batch, "value").trim(): Attribute 'value' of object '' is: '3800'

2018-06-01 11:30:34 - [MESSAGE][PASSED] - Attribute 'value' of object '' is: '3800'

2018-06-01 11:30:34 - [TEST_STEP][PASSED] - Statement - Rqty = 100: null

2018-06-01 11:30:34 - [TEST_STEP][PASSED] - delay: Delayed 2 second(s)

2018-06-01 11:30:36 - [MESSAGE][PASSED] - Delayed 2 second(s)

2018-06-01 11:30:36 - [TEST_STEP][PASSED] - Statement - out.println("BatchQty : " + batchqty): null

2018-06-01 11:30:36 - [TEST_STEP][PASSED] - Statement - out.println("RQty : " + Rqty): null

2018-06-01 11:30:36 - [TEST_STEP][PASSED] - Statement - If (java.lang.Integer.valueOf(batchqty) >= java.lang.Integer.valueOf(Rqty)): null

2018-06-01 11:30:36 - [TEST_STEP][PASSED] - Statement - Break: null

2018-06-01 11:30:36 - [TEST_STEP][PASSED] - Statement - batchlength = new com.kms.katalon.core.testobject.TestObject(): null

2018-06-01 11:30:36 - [TEST_STEP][PASSED] - Statement - batchlength = com.kms.katalon.core.webui.keyword.WebUiBuiltInKeywords.modifyObjectProperty(batchlength, "xpath", "equals", "//*[@id = "fldvendor" + row + ""]", true): Modify property of object successfully

2018-06-01 11:30:36 - [MESSAGE][PASSED] - Modify property of object successfully

2018-06-01 11:30:36 - [TEST_STEP][PASSED] - Statement - batchsize = com.kms.katalon.core.webui.keyword.WebUiBuiltInKeywords.getNumberOfTotalOption(batchlength): 9 options of object '' counted

2018-06-01 11:30:36 - [MESSAGE][PASSED] - 9 options of object '' counted

2018-06-01 11:30:36 - [TEST_STEP][PASSED] - Statement - out.println("BatchSize : " + batchsize): null

2018-06-01 11:30:36 - [TEST_STEP][PASSED] - Statement - For ([n = 1, n <= batchsize - 1, (n++)]): null

2018-06-01 11:30:36 - [TEST_STEP][PASSED] - Statement - product = new com.kms.katalon.core.testobject.TestObject(): null

2018-06-01 11:30:36 - [TEST_STEP][PASSED] - Statement - product = com.kms.katalon.core.webui.keyword.WebUiBuiltInKeywords.modifyObjectProperty(product, "xpath", "equals", "//*[@id = "fldvendor" + row + ""]", true): Modify property of object successfully

2018-06-01 11:30:36 - [MESSAGE][PASSED] - Modify property of object successfully

2018-06-01 11:30:36 - [TEST_STEP][PASSED] - selectOptionByIndex: All options with index in [1] are selected on object ''

2018-06-01 11:30:36 - [MESSAGE][PASSED] - All options with index in [1] are selected on object ''

2018-06-01 11:30:36 - [TEST_STEP][PASSED] - Statement - batch = new com.kms.katalon.core.testobject.TestObject(): null

2018-06-01 11:30:36 - [TEST_STEP][PASSED] - Statement - batch = com.kms.katalon.core.webui.keyword.WebUiBuiltInKeywords.modifyObjectProperty(batch, "xpath", "equals", "//*[@id = "txtbthqty" + row + ""]", true): Modify property of object successfully

2018-06-01 11:30:36 - [MESSAGE][PASSED] - Modify property of object successfully

2018-06-01 11:30:36 - [TEST_STEP][PASSED] - Statement - batchqty = com.kms.katalon.core.webui.keyword.WebUiBuiltInKeywords.getAttribute(batch, "value").trim(): Attribute 'value' of object '' is: '48700'

2018-06-01 11:30:36 - [MESSAGE][PASSED] - Attribute 'value' of object '' is: '48700'

2018-06-01 11:30:36 - [TEST_STEP][PASSED] - Statement - Rqty = 100: null

2018-06-01 11:30:36 - [TEST_STEP][PASSED] - delay: Delayed 2 second(s)

2018-06-01 11:30:38 - [MESSAGE][PASSED] - Delayed 2 second(s)

2018-06-01 11:30:38 - [TEST_STEP][PASSED] - Statement - out.println("BatchQty : " + batchqty): null

2018-06-01 11:30:38 - [TEST_STEP][PASSED] - Statement - out.println("RQty : " + Rqty): null

2018-06-01 11:30:38 - [TEST_STEP][PASSED] - Statement - If (java.lang.Integer.valueOf(batchqty) >= java.lang.Integer.valueOf(Rqty)): null

2018-06-01 11:30:38 - [TEST_STEP][PASSED] - Statement - Break: null

2018-06-01 11:30:38 - [TEST_STEP][PASSED] - Statement - batchlength = new com.kms.katalon.core.testobject.TestObject(): null

2018-06-01 11:30:38 - [TEST_STEP][PASSED] - Statement - batchlength = com.kms.katalon.core.webui.keyword.WebUiBuiltInKeywords.modifyObjectProperty(batchlength, "xpath", "equals", "//*[@id = "fldvendor" + row + ""]", true): Modify property of object successfully

2018-06-01 11:30:38 - [MESSAGE][PASSED] - Modify property of object successfully

2018-06-01 11:30:38 - [TEST_STEP][PASSED] - Statement - batchsize = com.kms.katalon.core.webui.keyword.WebUiBuiltInKeywords.getNumberOfTotalOption(batchlength): 9 options of object '' counted

2018-06-01 11:30:38 - [MESSAGE][PASSED] - 9 options of object '' counted

2018-06-01 11:30:38 - [TEST_STEP][PASSED] - Statement - out.println("BatchSize : " + batchsize): null

2018-06-01 11:30:38 - [TEST_STEP][PASSED] - Statement - For ([n = 1, n <= batchsize - 1, (n++)]): null

2018-06-01 11:30:38 - [TEST_STEP][PASSED] - Statement - product = new com.kms.katalon.core.testobject.TestObject(): null

2018-06-01 11:30:38 - [TEST_STEP][PASSED] - Statement - product = com.kms.katalon.core.webui.keyword.WebUiBuiltInKeywords.modifyObjectProperty(product, "xpath", "equals", "//*[@id = "fldvendor" + row + ""]", true): Modify property of object successfully

2018-06-01 11:30:38 - [MESSAGE][PASSED] - Modify property of object successfully

2018-06-01 11:30:38 - [TEST_STEP][PASSED] - selectOptionByIndex: All options with index in [1] are selected on object ''

2018-06-01 11:30:38 - [MESSAGE][PASSED] - All options with index in [1] are selected on object ''

2018-06-01 11:30:38 - [TEST_STEP][PASSED] - Statement - batch = new com.kms.katalon.core.testobject.TestObject(): null

2018-06-01 11:30:38 - [TEST_STEP][PASSED] - Statement - batch = com.kms.katalon.core.webui.keyword.WebUiBuiltInKeywords.modifyObjectProperty(batch, "xpath", "equals", "//*[@id = "txtbthqty" + row + ""]", true): Modify property of object successfully

2018-06-01 11:30:38 - [MESSAGE][PASSED] - Modify property of object successfully

2018-06-01 11:30:38 - [TEST_STEP][PASSED] - Statement - batchqty = com.kms.katalon.core.webui.keyword.WebUiBuiltInKeywords.getAttribute(batch, "value").trim(): Attribute 'value' of object '' is: ''

2018-06-01 11:30:38 - [MESSAGE][PASSED] - Attribute 'value' of object '' is: ''

2018-06-01 11:30:38 - [TEST_STEP][PASSED] - Statement - Rqty = 100: null

2018-06-01 11:30:38 - [TEST_STEP][PASSED] - delay: Delayed 2 second(s)

2018-06-01 11:30:40 - [MESSAGE][PASSED] - Delayed 2 second(s)

2018-06-01 11:30:40 - [TEST_STEP][PASSED] - Statement - out.println("BatchQty : " + batchqty): null

2018-06-01 11:30:40 - [TEST_STEP][PASSED] - Statement - out.println("RQty : " + Rqty): null

2018-06-01 11:30:40 - [TEST_STEP][PASSED] - Statement - If (java.lang.Integer.valueOf(batchqty) >= java.lang.Integer.valueOf(Rqty)): null]]></system-out>
         <system-err><![CDATA[2018-06-01 11:28:58 - [TEST_CASE][ERROR] - Test Cases/HEALTHPOST TEST CASES/TC_HP_022 Verify Schedule 10 Healthpost To CMS Request Are Working Successfully Or Not: Test Cases/HEALTHPOST TEST CASES/TC_HP_022 Verify Schedule 10 Healthpost To CMS Request Are Working Successfully Or Not FAILED because (of) java.lang.NumberFormatException: For input string: ""]]></system-err>
      </testcase>
      <testcase name="Test Cases/HEALTHPOST TEST CASES/TC_HP_020 Verify Schedule 8 Healthpost To CMS Request Are Working Successfully Or Not" classname="Test Cases/HEALTHPOST TEST CASES/TC_HP_020 Verify Schedule 8 Healthpost To CMS Request Are Working Successfully Or Not" status="FAILED">
         <failure type="FAILED" message="Unable to get text of object 'Object Repository/HealthpostToCms/Page_HealthPost Store/font_PRNO18052018174' (Root cause: com.kms.katalon.core.webui.exception.WebElementNotFoundException: Web element with id: 'Object Repository/HealthpostToCms/Page_HealthPost Store/font_PRNO18052018174' located by 'By.xpath: /html[1]/body[@class=&quot;skin-blue  pace-done modal-open&quot;]/div[@class=&quot;bootbox modal fade bootbox-alert in&quot;]/div[@class=&quot;modal-dialog&quot;]/div[@class=&quot;modal-content&quot;]/div[@class=&quot;modal-body&quot;]/div[@class=&quot;bootbox-body&quot;]/b[1]/font[1]' not found)"/>
         <system-out><![CDATA[2018-06-01 11:30:40 - [TEST_CASE][FAILED] - Test Cases/HEALTHPOST TEST CASES/TC_HP_020 Verify Schedule 8 Healthpost To CMS Request Are Working Successfully Or Not: Test Cases/HEALTHPOST TEST CASES/TC_HP_020 Verify Schedule 8 Healthpost To CMS Request Are Working Successfully Or Not FAILED because (of) Unable to get text of object 'Object Repository/HealthpostToCms/Page_HealthPost Store/font_PRNO18052018174' (Root cause: com.kms.katalon.core.webui.exception.WebElementNotFoundException: Web element with id: 'Object Repository/HealthpostToCms/Page_HealthPost Store/font_PRNO18052018174' located by 'By.xpath: /html[1]/body[@class="skin-blue  pace-done modal-open"]/div[@class="bootbox modal fade bootbox-alert in"]/div[@class="modal-dialog"]/div[@class="modal-content"]/div[@class="modal-body"]/div[@class="bootbox-body"]/b[1]/font[1]' not found)

2018-06-01 11:30:41 - [TEST_STEP][PASSED] - openBrowser: Browser is opened with url: ''

2018-06-01 11:30:41 - [MESSAGE][WARNING] - A browser is already opened. Closing browser and opening a new one

2018-06-01 11:30:43 - [MESSAGE][PASSED] - Browser is opened with url: ''

2018-06-01 11:30:43 - [TEST_STEP][PASSED] - navigateToUrl: Navigate to 'http://192.168.137.1/multihospital_new/HDSplashscreen.aspx' successfully

2018-06-01 11:30:45 - [MESSAGE][PASSED] - Navigate to 'http://192.168.137.1/multihospital_new/HDSplashscreen.aspx' successfully

2018-06-01 11:30:45 - [TEST_STEP][PASSED] - maximizeWindow: Current window maximized

2018-06-01 11:30:46 - [MESSAGE][PASSED] - Current window maximized

2018-06-01 11:30:46 - [TEST_STEP][PASSED] - click: Object: 'Object Repository/HealthpostToCms/Page_KDMC/a_Healthpost Store' is clicked on

2018-06-01 11:30:47 - [MESSAGE][PASSED] - Object: 'Object Repository/HealthpostToCms/Page_KDMC/a_Healthpost Store' is clicked on

2018-06-01 11:30:47 - [TEST_STEP][PASSED] - setText: Text 'raguram' is set on object 'Object Repository/HealthpostToCms/Page_HealthPost Store Login/input_txtusername'

2018-06-01 11:30:47 - [MESSAGE][PASSED] - Text 'raguram' is set on object 'Object Repository/HealthpostToCms/Page_HealthPost Store Login/input_txtusername'

2018-06-01 11:30:47 - [TEST_STEP][PASSED] - setText: Text '123' is set on object 'Object Repository/HealthpostToCms/Page_HealthPost Store Login/input_txtpassword'

2018-06-01 11:30:47 - [MESSAGE][PASSED] - Text '123' is set on object 'Object Repository/HealthpostToCms/Page_HealthPost Store Login/input_txtpassword'

2018-06-01 11:30:47 - [TEST_STEP][PASSED] - delay: Delayed 3 second(s)

2018-06-01 11:30:50 - [MESSAGE][PASSED] - Delayed 3 second(s)

2018-06-01 11:30:50 - [TEST_STEP][PASSED] - click: Object: 'Object Repository/HealthpostToCms/Page_HealthPost Store Login/button_Sign in' is clicked on

2018-06-01 11:30:51 - [MESSAGE][PASSED] - Object: 'Object Repository/HealthpostToCms/Page_HealthPost Store Login/button_Sign in' is clicked on

2018-06-01 11:30:51 - [TEST_STEP][PASSED] - delay: Delayed 3 second(s)

2018-06-01 11:30:54 - [MESSAGE][PASSED] - Delayed 3 second(s)

2018-06-01 11:30:54 - [TEST_STEP][PASSED] - click: Object: 'Object Repository/HealthpostToCms/Page_HealthPost Store/a_CMS' is clicked on

2018-06-01 11:30:55 - [MESSAGE][PASSED] - Object: 'Object Repository/HealthpostToCms/Page_HealthPost Store/a_CMS' is clicked on

2018-06-01 11:30:55 - [TEST_STEP][PASSED] - click: Object: 'Object Repository/HealthpostToCms/Page_HealthPost Store/a_Request Send' is clicked on

2018-06-01 11:30:55 - [MESSAGE][PASSED] - Object: 'Object Repository/HealthpostToCms/Page_HealthPost Store/a_Request Send' is clicked on

2018-06-01 11:30:55 - [TEST_STEP][PASSED] - delay: Delayed 2 second(s)

2018-06-01 11:30:57 - [MESSAGE][PASSED] - Delayed 2 second(s)

2018-06-01 11:30:57 - [TEST_STEP][PASSED] - selectOptionByIndex: All options with index in [2] are selected on object 'Object Repository/HealthpostToCms/Page_HealthPost Store/select_--Select--'

2018-06-01 11:30:57 - [MESSAGE][PASSED] - All options with index in [2] are selected on object 'Object Repository/HealthpostToCms/Page_HealthPost Store/select_--Select--'

2018-06-01 11:30:57 - [TEST_STEP][PASSED] - selectOptionByIndex: All options with index in [8] are selected on object 'Object Repository/HealthpostToCms/Page_HealthPost Store/select_--Select--Schedule 1Inj'

2018-06-01 11:30:58 - [MESSAGE][PASSED] - All options with index in [8] are selected on object 'Object Repository/HealthpostToCms/Page_HealthPost Store/select_--Select--Schedule 1Inj'

2018-06-01 11:30:58 - [TEST_STEP][PASSED] - Statement - medicineslength = com.kms.katalon.core.webui.keyword.WebUiBuiltInKeywords.getNumberOfTotalOption(com.kms.katalon.core.testobject.ObjectRepository.findTestObject(HealthpostToCms/Page_HealthPost Store/select_--Select--Adernaline 0.)): 18 options of object 'Object Repository/HealthpostToCms/Page_HealthPost Store/select_--Select--Adernaline 0.' counted

2018-06-01 11:30:58 - [MESSAGE][PASSED] - 18 options of object 'Object Repository/HealthpostToCms/Page_HealthPost Store/select_--Select--Adernaline 0.' counted

2018-06-01 11:30:58 - [TEST_STEP][PASSED] - Statement - For ([e = 1, e <= medicineslength - 1, (e++)]): Object: 'Object Repository/HealthpostToCms/Page_HealthPost Store/button_Add' is clicked on

2018-06-01 11:30:58 - [TEST_STEP][PASSED] - selectOptionByIndex: All options with index in [8] are selected on object 'Object Repository/HealthpostToCms/Page_HealthPost Store/select_--Select--Schedule 1Inj'

2018-06-01 11:30:58 - [MESSAGE][PASSED] - All options with index in [8] are selected on object 'Object Repository/HealthpostToCms/Page_HealthPost Store/select_--Select--Schedule 1Inj'

2018-06-01 11:30:58 - [TEST_STEP][PASSED] - selectOptionByIndex: All options with index in [1] are selected on object 'Object Repository/HealthpostToCms/Page_HealthPost Store/select_--Select--Adernaline 0.'

2018-06-01 11:30:58 - [MESSAGE][PASSED] - All options with index in [1] are selected on object 'Object Repository/HealthpostToCms/Page_HealthPost Store/select_--Select--Adernaline 0.'

2018-06-01 11:30:58 - [TEST_STEP][PASSED] - setText: Text '100' is set on object 'Object Repository/HealthpostToCms/Page_HealthPost Store/input_txttreat'

2018-06-01 11:30:58 - [MESSAGE][PASSED] - Text '100' is set on object 'Object Repository/HealthpostToCms/Page_HealthPost Store/input_txttreat'

2018-06-01 11:30:58 - [TEST_STEP][PASSED] - click: Object: 'Object Repository/HealthpostToCms/Page_HealthPost Store/button_Add' is clicked on

2018-06-01 11:30:58 - [MESSAGE][PASSED] - Object: 'Object Repository/HealthpostToCms/Page_HealthPost Store/button_Add' is clicked on

2018-06-01 11:30:58 - [TEST_STEP][PASSED] - selectOptionByIndex: All options with index in [8] are selected on object 'Object Repository/HealthpostToCms/Page_HealthPost Store/select_--Select--Schedule 1Inj'

2018-06-01 11:30:58 - [MESSAGE][PASSED] - All options with index in [8] are selected on object 'Object Repository/HealthpostToCms/Page_HealthPost Store/select_--Select--Schedule 1Inj'

2018-06-01 11:30:58 - [TEST_STEP][PASSED] - selectOptionByIndex: All options with index in [2] are selected on object 'Object Repository/HealthpostToCms/Page_HealthPost Store/select_--Select--Adernaline 0.'

2018-06-01 11:30:58 - [MESSAGE][PASSED] - All options with index in [2] are selected on object 'Object Repository/HealthpostToCms/Page_HealthPost Store/select_--Select--Adernaline 0.'

2018-06-01 11:30:58 - [TEST_STEP][PASSED] - setText: Text '100' is set on object 'Object Repository/HealthpostToCms/Page_HealthPost Store/input_txttreat'

2018-06-01 11:30:59 - [MESSAGE][PASSED] - Text '100' is set on object 'Object Repository/HealthpostToCms/Page_HealthPost Store/input_txttreat'

2018-06-01 11:30:59 - [TEST_STEP][PASSED] - click: Object: 'Object Repository/HealthpostToCms/Page_HealthPost Store/button_Add' is clicked on

2018-06-01 11:30:59 - [MESSAGE][PASSED] - Object: 'Object Repository/HealthpostToCms/Page_HealthPost Store/button_Add' is clicked on

2018-06-01 11:30:59 - [TEST_STEP][PASSED] - selectOptionByIndex: All options with index in [8] are selected on object 'Object Repository/HealthpostToCms/Page_HealthPost Store/select_--Select--Schedule 1Inj'

2018-06-01 11:30:59 - [MESSAGE][PASSED] - All options with index in [8] are selected on object 'Object Repository/HealthpostToCms/Page_HealthPost Store/select_--Select--Schedule 1Inj'

2018-06-01 11:30:59 - [TEST_STEP][PASSED] - selectOptionByIndex: All options with index in [3] are selected on object 'Object Repository/HealthpostToCms/Page_HealthPost Store/select_--Select--Adernaline 0.'

2018-06-01 11:30:59 - [MESSAGE][PASSED] - All options with index in [3] are selected on object 'Object Repository/HealthpostToCms/Page_HealthPost Store/select_--Select--Adernaline 0.'

2018-06-01 11:30:59 - [TEST_STEP][PASSED] - setText: Text '100' is set on object 'Object Repository/HealthpostToCms/Page_HealthPost Store/input_txttreat'

2018-06-01 11:30:59 - [MESSAGE][PASSED] - Text '100' is set on object 'Object Repository/HealthpostToCms/Page_HealthPost Store/input_txttreat'

2018-06-01 11:30:59 - [TEST_STEP][PASSED] - click: Object: 'Object Repository/HealthpostToCms/Page_HealthPost Store/button_Add' is clicked on

2018-06-01 11:30:59 - [MESSAGE][PASSED] - Object: 'Object Repository/HealthpostToCms/Page_HealthPost Store/button_Add' is clicked on

2018-06-01 11:30:59 - [TEST_STEP][PASSED] - selectOptionByIndex: All options with index in [8] are selected on object 'Object Repository/HealthpostToCms/Page_HealthPost Store/select_--Select--Schedule 1Inj'

2018-06-01 11:30:59 - [MESSAGE][PASSED] - All options with index in [8] are selected on object 'Object Repository/HealthpostToCms/Page_HealthPost Store/select_--Select--Schedule 1Inj'

2018-06-01 11:30:59 - [TEST_STEP][PASSED] - selectOptionByIndex: All options with index in [4] are selected on object 'Object Repository/HealthpostToCms/Page_HealthPost Store/select_--Select--Adernaline 0.'

2018-06-01 11:31:00 - [MESSAGE][PASSED] - All options with index in [4] are selected on object 'Object Repository/HealthpostToCms/Page_HealthPost Store/select_--Select--Adernaline 0.'

2018-06-01 11:31:00 - [TEST_STEP][PASSED] - setText: Text '100' is set on object 'Object Repository/HealthpostToCms/Page_HealthPost Store/input_txttreat'

2018-06-01 11:31:00 - [MESSAGE][PASSED] - Text '100' is set on object 'Object Repository/HealthpostToCms/Page_HealthPost Store/input_txttreat'

2018-06-01 11:31:00 - [TEST_STEP][PASSED] - click: Object: 'Object Repository/HealthpostToCms/Page_HealthPost Store/button_Add' is clicked on

2018-06-01 11:31:00 - [MESSAGE][PASSED] - Object: 'Object Repository/HealthpostToCms/Page_HealthPost Store/button_Add' is clicked on

2018-06-01 11:31:00 - [TEST_STEP][PASSED] - selectOptionByIndex: All options with index in [8] are selected on object 'Object Repository/HealthpostToCms/Page_HealthPost Store/select_--Select--Schedule 1Inj'

2018-06-01 11:31:00 - [MESSAGE][PASSED] - All options with index in [8] are selected on object 'Object Repository/HealthpostToCms/Page_HealthPost Store/select_--Select--Schedule 1Inj'

2018-06-01 11:31:00 - [TEST_STEP][PASSED] - selectOptionByIndex: All options with index in [5] are selected on object 'Object Repository/HealthpostToCms/Page_HealthPost Store/select_--Select--Adernaline 0.'

2018-06-01 11:31:00 - [MESSAGE][PASSED] - All options with index in [5] are selected on object 'Object Repository/HealthpostToCms/Page_HealthPost Store/select_--Select--Adernaline 0.'

2018-06-01 11:31:00 - [TEST_STEP][PASSED] - setText: Text '100' is set on object 'Object Repository/HealthpostToCms/Page_HealthPost Store/input_txttreat'

2018-06-01 11:31:00 - [MESSAGE][PASSED] - Text '100' is set on object 'Object Repository/HealthpostToCms/Page_HealthPost Store/input_txttreat'

2018-06-01 11:31:00 - [TEST_STEP][PASSED] - click: Object: 'Object Repository/HealthpostToCms/Page_HealthPost Store/button_Add' is clicked on

2018-06-01 11:31:00 - [MESSAGE][PASSED] - Object: 'Object Repository/HealthpostToCms/Page_HealthPost Store/button_Add' is clicked on

2018-06-01 11:31:00 - [TEST_STEP][PASSED] - selectOptionByIndex: All options with index in [8] are selected on object 'Object Repository/HealthpostToCms/Page_HealthPost Store/select_--Select--Schedule 1Inj'

2018-06-01 11:31:00 - [MESSAGE][PASSED] - All options with index in [8] are selected on object 'Object Repository/HealthpostToCms/Page_HealthPost Store/select_--Select--Schedule 1Inj'

2018-06-01 11:31:00 - [TEST_STEP][PASSED] - selectOptionByIndex: All options with index in [6] are selected on object 'Object Repository/HealthpostToCms/Page_HealthPost Store/select_--Select--Adernaline 0.'

2018-06-01 11:31:01 - [MESSAGE][PASSED] - All options with index in [6] are selected on object 'Object Repository/HealthpostToCms/Page_HealthPost Store/select_--Select--Adernaline 0.'

2018-06-01 11:31:01 - [TEST_STEP][PASSED] - setText: Text '100' is set on object 'Object Repository/HealthpostToCms/Page_HealthPost Store/input_txttreat'

2018-06-01 11:31:01 - [MESSAGE][PASSED] - Text '100' is set on object 'Object Repository/HealthpostToCms/Page_HealthPost Store/input_txttreat'

2018-06-01 11:31:01 - [TEST_STEP][PASSED] - click: Object: 'Object Repository/HealthpostToCms/Page_HealthPost Store/button_Add' is clicked on

2018-06-01 11:31:01 - [MESSAGE][PASSED] - Object: 'Object Repository/HealthpostToCms/Page_HealthPost Store/button_Add' is clicked on

2018-06-01 11:31:01 - [TEST_STEP][PASSED] - selectOptionByIndex: All options with index in [8] are selected on object 'Object Repository/HealthpostToCms/Page_HealthPost Store/select_--Select--Schedule 1Inj'

2018-06-01 11:31:01 - [MESSAGE][PASSED] - All options with index in [8] are selected on object 'Object Repository/HealthpostToCms/Page_HealthPost Store/select_--Select--Schedule 1Inj'

2018-06-01 11:31:01 - [TEST_STEP][PASSED] - selectOptionByIndex: All options with index in [7] are selected on object 'Object Repository/HealthpostToCms/Page_HealthPost Store/select_--Select--Adernaline 0.'

2018-06-01 11:31:01 - [MESSAGE][PASSED] - All options with index in [7] are selected on object 'Object Repository/HealthpostToCms/Page_HealthPost Store/select_--Select--Adernaline 0.'

2018-06-01 11:31:01 - [TEST_STEP][PASSED] - setText: Text '100' is set on object 'Object Repository/HealthpostToCms/Page_HealthPost Store/input_txttreat'

2018-06-01 11:31:01 - [MESSAGE][PASSED] - Text '100' is set on object 'Object Repository/HealthpostToCms/Page_HealthPost Store/input_txttreat'

2018-06-01 11:31:01 - [TEST_STEP][PASSED] - click: Object: 'Object Repository/HealthpostToCms/Page_HealthPost Store/button_Add' is clicked on

2018-06-01 11:31:01 - [MESSAGE][PASSED] - Object: 'Object Repository/HealthpostToCms/Page_HealthPost Store/button_Add' is clicked on

2018-06-01 11:31:01 - [TEST_STEP][PASSED] - selectOptionByIndex: All options with index in [8] are selected on object 'Object Repository/HealthpostToCms/Page_HealthPost Store/select_--Select--Schedule 1Inj'

2018-06-01 11:31:02 - [MESSAGE][PASSED] - All options with index in [8] are selected on object 'Object Repository/HealthpostToCms/Page_HealthPost Store/select_--Select--Schedule 1Inj'

2018-06-01 11:31:02 - [TEST_STEP][PASSED] - selectOptionByIndex: All options with index in [8] are selected on object 'Object Repository/HealthpostToCms/Page_HealthPost Store/select_--Select--Adernaline 0.'

2018-06-01 11:31:02 - [MESSAGE][PASSED] - All options with index in [8] are selected on object 'Object Repository/HealthpostToCms/Page_HealthPost Store/select_--Select--Adernaline 0.'

2018-06-01 11:31:02 - [TEST_STEP][PASSED] - setText: Text '100' is set on object 'Object Repository/HealthpostToCms/Page_HealthPost Store/input_txttreat'

2018-06-01 11:31:02 - [MESSAGE][PASSED] - Text '100' is set on object 'Object Repository/HealthpostToCms/Page_HealthPost Store/input_txttreat'

2018-06-01 11:31:02 - [TEST_STEP][PASSED] - click: Object: 'Object Repository/HealthpostToCms/Page_HealthPost Store/button_Add' is clicked on

2018-06-01 11:31:07 - [MESSAGE][PASSED] - Object: 'Object Repository/HealthpostToCms/Page_HealthPost Store/button_Add' is clicked on

2018-06-01 11:31:07 - [TEST_STEP][PASSED] - selectOptionByIndex: All options with index in [8] are selected on object 'Object Repository/HealthpostToCms/Page_HealthPost Store/select_--Select--Schedule 1Inj'

2018-06-01 11:31:07 - [MESSAGE][PASSED] - All options with index in [8] are selected on object 'Object Repository/HealthpostToCms/Page_HealthPost Store/select_--Select--Schedule 1Inj'

2018-06-01 11:31:07 - [TEST_STEP][PASSED] - selectOptionByIndex: All options with index in [9] are selected on object 'Object Repository/HealthpostToCms/Page_HealthPost Store/select_--Select--Adernaline 0.'

2018-06-01 11:31:08 - [MESSAGE][PASSED] - All options with index in [9] are selected on object 'Object Repository/HealthpostToCms/Page_HealthPost Store/select_--Select--Adernaline 0.'

2018-06-01 11:31:08 - [TEST_STEP][PASSED] - setText: Text '100' is set on object 'Object Repository/HealthpostToCms/Page_HealthPost Store/input_txttreat'

2018-06-01 11:31:08 - [MESSAGE][PASSED] - Text '100' is set on object 'Object Repository/HealthpostToCms/Page_HealthPost Store/input_txttreat'

2018-06-01 11:31:08 - [TEST_STEP][PASSED] - click: Object: 'Object Repository/HealthpostToCms/Page_HealthPost Store/button_Add' is clicked on

2018-06-01 11:31:13 - [MESSAGE][PASSED] - Object: 'Object Repository/HealthpostToCms/Page_HealthPost Store/button_Add' is clicked on

2018-06-01 11:31:13 - [TEST_STEP][PASSED] - selectOptionByIndex: All options with index in [8] are selected on object 'Object Repository/HealthpostToCms/Page_HealthPost Store/select_--Select--Schedule 1Inj'

2018-06-01 11:31:13 - [MESSAGE][PASSED] - All options with index in [8] are selected on object 'Object Repository/HealthpostToCms/Page_HealthPost Store/select_--Select--Schedule 1Inj'

2018-06-01 11:31:13 - [TEST_STEP][PASSED] - selectOptionByIndex: All options with index in [10] are selected on object 'Object Repository/HealthpostToCms/Page_HealthPost Store/select_--Select--Adernaline 0.'

2018-06-01 11:31:13 - [MESSAGE][PASSED] - All options with index in [10] are selected on object 'Object Repository/HealthpostToCms/Page_HealthPost Store/select_--Select--Adernaline 0.'

2018-06-01 11:31:13 - [TEST_STEP][PASSED] - setText: Text '100' is set on object 'Object Repository/HealthpostToCms/Page_HealthPost Store/input_txttreat'

2018-06-01 11:31:13 - [MESSAGE][PASSED] - Text '100' is set on object 'Object Repository/HealthpostToCms/Page_HealthPost Store/input_txttreat'

2018-06-01 11:31:13 - [TEST_STEP][PASSED] - click: Object: 'Object Repository/HealthpostToCms/Page_HealthPost Store/button_Add' is clicked on

2018-06-01 11:31:18 - [MESSAGE][PASSED] - Object: 'Object Repository/HealthpostToCms/Page_HealthPost Store/button_Add' is clicked on

2018-06-01 11:31:18 - [TEST_STEP][PASSED] - selectOptionByIndex: All options with index in [8] are selected on object 'Object Repository/HealthpostToCms/Page_HealthPost Store/select_--Select--Schedule 1Inj'

2018-06-01 11:31:19 - [MESSAGE][PASSED] - All options with index in [8] are selected on object 'Object Repository/HealthpostToCms/Page_HealthPost Store/select_--Select--Schedule 1Inj'

2018-06-01 11:31:19 - [TEST_STEP][PASSED] - selectOptionByIndex: All options with index in [11] are selected on object 'Object Repository/HealthpostToCms/Page_HealthPost Store/select_--Select--Adernaline 0.'

2018-06-01 11:31:19 - [MESSAGE][PASSED] - All options with index in [11] are selected on object 'Object Repository/HealthpostToCms/Page_HealthPost Store/select_--Select--Adernaline 0.'

2018-06-01 11:31:19 - [TEST_STEP][PASSED] - setText: Text '100' is set on object 'Object Repository/HealthpostToCms/Page_HealthPost Store/input_txttreat'

2018-06-01 11:31:19 - [MESSAGE][PASSED] - Text '100' is set on object 'Object Repository/HealthpostToCms/Page_HealthPost Store/input_txttreat'

2018-06-01 11:31:19 - [TEST_STEP][PASSED] - click: Object: 'Object Repository/HealthpostToCms/Page_HealthPost Store/button_Add' is clicked on

2018-06-01 11:31:24 - [MESSAGE][PASSED] - Object: 'Object Repository/HealthpostToCms/Page_HealthPost Store/button_Add' is clicked on

2018-06-01 11:31:24 - [TEST_STEP][PASSED] - selectOptionByIndex: All options with index in [8] are selected on object 'Object Repository/HealthpostToCms/Page_HealthPost Store/select_--Select--Schedule 1Inj'

2018-06-01 11:31:24 - [MESSAGE][PASSED] - All options with index in [8] are selected on object 'Object Repository/HealthpostToCms/Page_HealthPost Store/select_--Select--Schedule 1Inj'

2018-06-01 11:31:24 - [TEST_STEP][PASSED] - selectOptionByIndex: All options with index in [12] are selected on object 'Object Repository/HealthpostToCms/Page_HealthPost Store/select_--Select--Adernaline 0.'

2018-06-01 11:31:24 - [MESSAGE][PASSED] - All options with index in [12] are selected on object 'Object Repository/HealthpostToCms/Page_HealthPost Store/select_--Select--Adernaline 0.'

2018-06-01 11:31:24 - [TEST_STEP][PASSED] - setText: Text '100' is set on object 'Object Repository/HealthpostToCms/Page_HealthPost Store/input_txttreat'

2018-06-01 11:31:25 - [MESSAGE][PASSED] - Text '100' is set on object 'Object Repository/HealthpostToCms/Page_HealthPost Store/input_txttreat'

2018-06-01 11:31:25 - [TEST_STEP][PASSED] - click: Object: 'Object Repository/HealthpostToCms/Page_HealthPost Store/button_Add' is clicked on

2018-06-01 11:31:30 - [MESSAGE][PASSED] - Object: 'Object Repository/HealthpostToCms/Page_HealthPost Store/button_Add' is clicked on

2018-06-01 11:31:30 - [TEST_STEP][PASSED] - selectOptionByIndex: All options with index in [8] are selected on object 'Object Repository/HealthpostToCms/Page_HealthPost Store/select_--Select--Schedule 1Inj'

2018-06-01 11:31:30 - [MESSAGE][PASSED] - All options with index in [8] are selected on object 'Object Repository/HealthpostToCms/Page_HealthPost Store/select_--Select--Schedule 1Inj'

2018-06-01 11:31:30 - [TEST_STEP][PASSED] - selectOptionByIndex: All options with index in [13] are selected on object 'Object Repository/HealthpostToCms/Page_HealthPost Store/select_--Select--Adernaline 0.'

2018-06-01 11:31:30 - [MESSAGE][PASSED] - All options with index in [13] are selected on object 'Object Repository/HealthpostToCms/Page_HealthPost Store/select_--Select--Adernaline 0.'

2018-06-01 11:31:30 - [TEST_STEP][PASSED] - setText: Text '100' is set on object 'Object Repository/HealthpostToCms/Page_HealthPost Store/input_txttreat'

2018-06-01 11:31:30 - [MESSAGE][PASSED] - Text '100' is set on object 'Object Repository/HealthpostToCms/Page_HealthPost Store/input_txttreat'

2018-06-01 11:31:30 - [TEST_STEP][PASSED] - click: Object: 'Object Repository/HealthpostToCms/Page_HealthPost Store/button_Add' is clicked on

2018-06-01 11:31:35 - [MESSAGE][PASSED] - Object: 'Object Repository/HealthpostToCms/Page_HealthPost Store/button_Add' is clicked on

2018-06-01 11:31:35 - [TEST_STEP][PASSED] - selectOptionByIndex: All options with index in [8] are selected on object 'Object Repository/HealthpostToCms/Page_HealthPost Store/select_--Select--Schedule 1Inj'

2018-06-01 11:31:35 - [MESSAGE][PASSED] - All options with index in [8] are selected on object 'Object Repository/HealthpostToCms/Page_HealthPost Store/select_--Select--Schedule 1Inj'

2018-06-01 11:31:35 - [TEST_STEP][PASSED] - selectOptionByIndex: All options with index in [14] are selected on object 'Object Repository/HealthpostToCms/Page_HealthPost Store/select_--Select--Adernaline 0.'

2018-06-01 11:31:36 - [MESSAGE][PASSED] - All options with index in [14] are selected on object 'Object Repository/HealthpostToCms/Page_HealthPost Store/select_--Select--Adernaline 0.'

2018-06-01 11:31:36 - [TEST_STEP][PASSED] - setText: Text '100' is set on object 'Object Repository/HealthpostToCms/Page_HealthPost Store/input_txttreat'

2018-06-01 11:31:36 - [MESSAGE][PASSED] - Text '100' is set on object 'Object Repository/HealthpostToCms/Page_HealthPost Store/input_txttreat'

2018-06-01 11:31:36 - [TEST_STEP][PASSED] - click: Object: 'Object Repository/HealthpostToCms/Page_HealthPost Store/button_Add' is clicked on

2018-06-01 11:31:41 - [MESSAGE][PASSED] - Object: 'Object Repository/HealthpostToCms/Page_HealthPost Store/button_Add' is clicked on

2018-06-01 11:31:41 - [TEST_STEP][PASSED] - selectOptionByIndex: All options with index in [8] are selected on object 'Object Repository/HealthpostToCms/Page_HealthPost Store/select_--Select--Schedule 1Inj'

2018-06-01 11:31:41 - [MESSAGE][PASSED] - All options with index in [8] are selected on object 'Object Repository/HealthpostToCms/Page_HealthPost Store/select_--Select--Schedule 1Inj'

2018-06-01 11:31:41 - [TEST_STEP][PASSED] - selectOptionByIndex: All options with index in [15] are selected on object 'Object Repository/HealthpostToCms/Page_HealthPost Store/select_--Select--Adernaline 0.'

2018-06-01 11:31:41 - [MESSAGE][PASSED] - All options with index in [15] are selected on object 'Object Repository/HealthpostToCms/Page_HealthPost Store/select_--Select--Adernaline 0.'

2018-06-01 11:31:41 - [TEST_STEP][PASSED] - setText: Text '100' is set on object 'Object Repository/HealthpostToCms/Page_HealthPost Store/input_txttreat'

2018-06-01 11:31:41 - [MESSAGE][PASSED] - Text '100' is set on object 'Object Repository/HealthpostToCms/Page_HealthPost Store/input_txttreat'

2018-06-01 11:31:41 - [TEST_STEP][PASSED] - click: Object: 'Object Repository/HealthpostToCms/Page_HealthPost Store/button_Add' is clicked on

2018-06-01 11:31:47 - [MESSAGE][PASSED] - Object: 'Object Repository/HealthpostToCms/Page_HealthPost Store/button_Add' is clicked on

2018-06-01 11:31:47 - [TEST_STEP][PASSED] - selectOptionByIndex: All options with index in [8] are selected on object 'Object Repository/HealthpostToCms/Page_HealthPost Store/select_--Select--Schedule 1Inj'

2018-06-01 11:31:47 - [MESSAGE][PASSED] - All options with index in [8] are selected on object 'Object Repository/HealthpostToCms/Page_HealthPost Store/select_--Select--Schedule 1Inj'

2018-06-01 11:31:47 - [TEST_STEP][PASSED] - selectOptionByIndex: All options with index in [16] are selected on object 'Object Repository/HealthpostToCms/Page_HealthPost Store/select_--Select--Adernaline 0.'

2018-06-01 11:31:47 - [MESSAGE][PASSED] - All options with index in [16] are selected on object 'Object Repository/HealthpostToCms/Page_HealthPost Store/select_--Select--Adernaline 0.'

2018-06-01 11:31:47 - [TEST_STEP][PASSED] - setText: Text '100' is set on object 'Object Repository/HealthpostToCms/Page_HealthPost Store/input_txttreat'

2018-06-01 11:31:47 - [MESSAGE][PASSED] - Text '100' is set on object 'Object Repository/HealthpostToCms/Page_HealthPost Store/input_txttreat'

2018-06-01 11:31:47 - [TEST_STEP][PASSED] - click: Object: 'Object Repository/HealthpostToCms/Page_HealthPost Store/button_Add' is clicked on

2018-06-01 11:31:52 - [MESSAGE][PASSED] - Object: 'Object Repository/HealthpostToCms/Page_HealthPost Store/button_Add' is clicked on

2018-06-01 11:31:52 - [TEST_STEP][PASSED] - selectOptionByIndex: All options with index in [8] are selected on object 'Object Repository/HealthpostToCms/Page_HealthPost Store/select_--Select--Schedule 1Inj'

2018-06-01 11:31:52 - [MESSAGE][PASSED] - All options with index in [8] are selected on object 'Object Repository/HealthpostToCms/Page_HealthPost Store/select_--Select--Schedule 1Inj'

2018-06-01 11:31:52 - [TEST_STEP][PASSED] - selectOptionByIndex: All options with index in [17] are selected on object 'Object Repository/HealthpostToCms/Page_HealthPost Store/select_--Select--Adernaline 0.'

2018-06-01 11:31:53 - [MESSAGE][PASSED] - All options with index in [17] are selected on object 'Object Repository/HealthpostToCms/Page_HealthPost Store/select_--Select--Adernaline 0.'

2018-06-01 11:31:53 - [TEST_STEP][PASSED] - setText: Text '100' is set on object 'Object Repository/HealthpostToCms/Page_HealthPost Store/input_txttreat'

2018-06-01 11:31:53 - [MESSAGE][PASSED] - Text '100' is set on object 'Object Repository/HealthpostToCms/Page_HealthPost Store/input_txttreat'

2018-06-01 11:31:53 - [TEST_STEP][PASSED] - click: Object: 'Object Repository/HealthpostToCms/Page_HealthPost Store/button_Add' is clicked on

2018-06-01 11:31:58 - [MESSAGE][PASSED] - Object: 'Object Repository/HealthpostToCms/Page_HealthPost Store/button_Add' is clicked on

2018-06-01 11:31:58 - [TEST_STEP][PASSED] - scrollToElement: Scroll to object 'Object Repository/HealthpostToCms/Page_HealthPost Store/input_btnsave' successfully

2018-06-01 11:31:58 - [MESSAGE][PASSED] - Scroll to object 'Object Repository/HealthpostToCms/Page_HealthPost Store/input_btnsave' successfully

2018-06-01 11:31:58 - [TEST_STEP][PASSED] - click: Object: 'Object Repository/HealthpostToCms/Page_HealthPost Store/input_btnsave' is clicked on

2018-06-01 11:32:03 - [MESSAGE][PASSED] - Object: 'Object Repository/HealthpostToCms/Page_HealthPost Store/input_btnsave' is clicked on

2018-06-01 11:32:03 - [TEST_STEP][PASSED] - delay: Delayed 3 second(s)

2018-06-01 11:32:06 - [MESSAGE][PASSED] - Delayed 3 second(s)

2018-06-01 11:32:06 - [TEST_STEP][FAILED] - Statement - RN1 = com.kms.katalon.core.webui.keyword.WebUiBuiltInKeywords.getText(com.kms.katalon.core.testobject.ObjectRepository.findTestObject(HealthpostToCms/Page_HealthPost Store/font_PRNO18052018174)): Unable to get text of object 'Object Repository/HealthpostToCms/Page_HealthPost Store/font_PRNO18052018174' (Root cause: com.kms.katalon.core.webui.exception.WebElementNotFoundException: Web element with id: 'Object Repository/HealthpostToCms/Page_HealthPost Store/font_PRNO18052018174' located by 'By.xpath: /html[1]/body[@class="skin-blue  pace-done modal-open"]/div[@class="bootbox modal fade bootbox-alert in"]/div[@class="modal-dialog"]/div[@class="modal-content"]/div[@class="modal-body"]/div[@class="bootbox-body"]/b[1]/font[1]' not found)

2018-06-01 11:32:37 - [MESSAGE][FAILED] - Unable to get text of object 'Object Repository/HealthpostToCms/Page_HealthPost Store/font_PRNO18052018174' (Root cause: com.kms.katalon.core.webui.exception.WebElementNotFoundException: Web element with id: 'Object Repository/HealthpostToCms/Page_HealthPost Store/font_PRNO18052018174' located by 'By.xpath: /html[1]/body[@class="skin-blue  pace-done modal-open"]/div[@class="bootbox modal fade bootbox-alert in"]/div[@class="modal-dialog"]/div[@class="modal-content"]/div[@class="modal-body"]/div[@class="bootbox-body"]/b[1]/font[1]' not found)
[[ATTACHMENT|C:\\Users\\Quality Analyst\\Katalon Studio\\ds\\Reports\\HealthPost_CMS_Suite\\20180601_112216\\1527832957410.png]]]]></system-out>
         <system-err><![CDATA[2018-06-01 11:30:40 - [TEST_CASE][FAILED] - Test Cases/HEALTHPOST TEST CASES/TC_HP_020 Verify Schedule 8 Healthpost To CMS Request Are Working Successfully Or Not: Test Cases/HEALTHPOST TEST CASES/TC_HP_020 Verify Schedule 8 Healthpost To CMS Request Are Working Successfully Or Not FAILED because (of) Unable to get text of object 'Object Repository/HealthpostToCms/Page_HealthPost Store/font_PRNO18052018174' (Root cause: com.kms.katalon.core.webui.exception.WebElementNotFoundException: Web element with id: 'Object Repository/HealthpostToCms/Page_HealthPost Store/font_PRNO18052018174' located by 'By.xpath: /html[1]/body[@class="skin-blue  pace-done modal-open"]/div[@class="bootbox modal fade bootbox-alert in"]/div[@class="modal-dialog"]/div[@class="modal-content"]/div[@class="modal-body"]/div[@class="bootbox-body"]/b[1]/font[1]' not found)]]></system-err>
      </testcase>
      <testcase name="Test Cases/HEALTHPOST TEST CASES/TC_HP_019 Verify Schedule 7 Healthpost To CMS Request Are Working Successfully Or Not" classname="Test Cases/HEALTHPOST TEST CASES/TC_HP_019 Verify Schedule 7 Healthpost To CMS Request Are Working Successfully Or Not" status="FAILED">
         <failure type="FAILED" message="Unable to click on object 'Object Repository/HealthpostToCms/Page_HealthPost Store/a_Request Send' (Root cause: org.openqa.selenium.WebDriverException: unknown error: Element &lt;a href=&quot;RequestSendtoCMS.aspx&quot; onclick=&quot;changemenu(22)&quot; style=&quot;margin-left: 10px;&quot;>...&lt;/a> is not clickable at point (115, 282). Other element would receive the click: &lt;li class=&quot;treeview active&quot;>...&lt;/li>
  (Session info: chrome=66.0.3359.181)
  (Driver info: chromedriver=2.35.528161 (5b82f2d2aae0ca24b877009200ced9065a772e73),platform=Windows NT 10.0.17134 x86_64) (WARNING: The server did not provide any stacktrace information)
Command duration or timeout: 0 milliseconds
Build info: version: '3.7.1', revision: '8a0099a', time: '2017-11-06T21:07:36.161Z'
System info: host: 'DESKTOP-BLFTK83', ip: '169.254.189.85', os.name: 'Windows 10', os.arch: 'amd64', os.version: '10.0', java.version: '1.8.0_102'
Driver info: com.kms.katalon.selenium.driver.CChromeDriver
Capabilities {acceptInsecureCerts: false, acceptSslCerts: false, applicationCacheEnabled: false, browserConnectionEnabled: false, browserName: chrome, chrome: {chromedriverVersion: 2.35.528161 (5b82f2d2aae0ca..., userDataDir: C:\Users\QUALIT~1\AppData\L...}, cssSelectorsEnabled: true, databaseEnabled: false, handlesAlerts: true, hasTouchScreen: false, javascriptEnabled: true, locationContextEnabled: true, mobileEmulationEnabled: false, nativeEvents: true, networkConnectionEnabled: false, pageLoadStrategy: normal, platform: XP, platformName: XP, rotatable: false, setWindowRect: true, takesHeapSnapshot: true, takesScreenshot: true, unexpectedAlertBehaviour: , unhandledPromptBehavior: , version: 66.0.3359.181, webStorageEnabled: true}
Session ID: 699fe875070b69932fb4915014373658)"/>
         <system-out><![CDATA[2018-06-01 11:32:37 - [TEST_CASE][FAILED] - Test Cases/HEALTHPOST TEST CASES/TC_HP_019 Verify Schedule 7 Healthpost To CMS Request Are Working Successfully Or Not: Test Cases/HEALTHPOST TEST CASES/TC_HP_019 Verify Schedule 7 Healthpost To CMS Request Are Working Successfully Or Not FAILED because (of) Unable to click on object 'Object Repository/HealthpostToCms/Page_HealthPost Store/a_Request Send' (Root cause: org.openqa.selenium.WebDriverException: unknown error: Element <a href="RequestSendtoCMS.aspx" onclick="changemenu(22)" style="margin-left: 10px;">...</a> is not clickable at point (115, 282). Other element would receive the click: <li class="treeview active">...</li>
  (Session info: chrome=66.0.3359.181)
  (Driver info: chromedriver=2.35.528161 (5b82f2d2aae0ca24b877009200ced9065a772e73),platform=Windows NT 10.0.17134 x86_64) (WARNING: The server did not provide any stacktrace information)
Command duration or timeout: 0 milliseconds
Build info: version: '3.7.1', revision: '8a0099a', time: '2017-11-06T21:07:36.161Z'
System info: host: 'DESKTOP-BLFTK83', ip: '169.254.189.85', os.name: 'Windows 10', os.arch: 'amd64', os.version: '10.0', java.version: '1.8.0_102'
Driver info: com.kms.katalon.selenium.driver.CChromeDriver
Capabilities {acceptInsecureCerts: false, acceptSslCerts: false, applicationCacheEnabled: false, browserConnectionEnabled: false, browserName: chrome, chrome: {chromedriverVersion: 2.35.528161 (5b82f2d2aae0ca..., userDataDir: C:\Users\QUALIT~1\AppData\L...}, cssSelectorsEnabled: true, databaseEnabled: false, handlesAlerts: true, hasTouchScreen: false, javascriptEnabled: true, locationContextEnabled: true, mobileEmulationEnabled: false, nativeEvents: true, networkConnectionEnabled: false, pageLoadStrategy: normal, platform: XP, platformName: XP, rotatable: false, setWindowRect: true, takesHeapSnapshot: true, takesScreenshot: true, unexpectedAlertBehaviour: , unhandledPromptBehavior: , version: 66.0.3359.181, webStorageEnabled: true}
Session ID: 699fe875070b69932fb4915014373658)

2018-06-01 11:32:38 - [TEST_STEP][PASSED] - openBrowser: Browser is opened with url: ''

2018-06-01 11:32:38 - [MESSAGE][WARNING] - A browser is already opened. Closing browser and opening a new one

2018-06-01 11:32:40 - [MESSAGE][PASSED] - Browser is opened with url: ''

2018-06-01 11:32:40 - [TEST_STEP][PASSED] - navigateToUrl: Navigate to 'http://192.168.137.1/multihospital_new/HDSplashscreen.aspx' successfully

2018-06-01 11:32:42 - [MESSAGE][PASSED] - Navigate to 'http://192.168.137.1/multihospital_new/HDSplashscreen.aspx' successfully

2018-06-01 11:32:42 - [TEST_STEP][PASSED] - maximizeWindow: Current window maximized

2018-06-01 11:32:44 - [MESSAGE][PASSED] - Current window maximized

2018-06-01 11:32:44 - [TEST_STEP][PASSED] - click: Object: 'Object Repository/HealthpostToCms/Page_KDMC/a_Healthpost Store' is clicked on

2018-06-01 11:32:44 - [MESSAGE][PASSED] - Object: 'Object Repository/HealthpostToCms/Page_KDMC/a_Healthpost Store' is clicked on

2018-06-01 11:32:44 - [TEST_STEP][PASSED] - setText: Text 'raguram' is set on object 'Object Repository/HealthpostToCms/Page_HealthPost Store Login/input_txtusername'

2018-06-01 11:32:44 - [MESSAGE][PASSED] - Text 'raguram' is set on object 'Object Repository/HealthpostToCms/Page_HealthPost Store Login/input_txtusername'

2018-06-01 11:32:44 - [TEST_STEP][PASSED] - setText: Text '123' is set on object 'Object Repository/HealthpostToCms/Page_HealthPost Store Login/input_txtpassword'

2018-06-01 11:32:45 - [MESSAGE][PASSED] - Text '123' is set on object 'Object Repository/HealthpostToCms/Page_HealthPost Store Login/input_txtpassword'

2018-06-01 11:32:45 - [TEST_STEP][PASSED] - delay: Delayed 3 second(s)

2018-06-01 11:32:48 - [MESSAGE][PASSED] - Delayed 3 second(s)

2018-06-01 11:32:48 - [TEST_STEP][PASSED] - click: Object: 'Object Repository/HealthpostToCms/Page_HealthPost Store Login/button_Sign in' is clicked on

2018-06-01 11:32:48 - [MESSAGE][PASSED] - Object: 'Object Repository/HealthpostToCms/Page_HealthPost Store Login/button_Sign in' is clicked on

2018-06-01 11:32:48 - [TEST_STEP][PASSED] - delay: Delayed 3 second(s)

2018-06-01 11:32:51 - [MESSAGE][PASSED] - Delayed 3 second(s)

2018-06-01 11:32:51 - [TEST_STEP][PASSED] - click: Object: 'Object Repository/HealthpostToCms/Page_HealthPost Store/a_CMS' is clicked on

2018-06-01 11:32:57 - [MESSAGE][PASSED] - Object: 'Object Repository/HealthpostToCms/Page_HealthPost Store/a_CMS' is clicked on

2018-06-01 11:32:57 - [TEST_STEP][FAILED] - click: Unable to click on object 'Object Repository/HealthpostToCms/Page_HealthPost Store/a_Request Send' (Root cause: org.openqa.selenium.WebDriverException: unknown error: Element <a href="RequestSendtoCMS.aspx" onclick="changemenu(22)" style="margin-left: 10px;">...</a> is not clickable at point (115, 282). Other element would receive the click: <li class="treeview active">...</li>
  (Session info: chrome=66.0.3359.181)
  (Driver info: chromedriver=2.35.528161 (5b82f2d2aae0ca24b877009200ced9065a772e73),platform=Windows NT 10.0.17134 x86_64) (WARNING: The server did not provide any stacktrace information)
Command duration or timeout: 0 milliseconds
Build info: version: '3.7.1', revision: '8a0099a', time: '2017-11-06T21:07:36.161Z'
System info: host: 'DESKTOP-BLFTK83', ip: '169.254.189.85', os.name: 'Windows 10', os.arch: 'amd64', os.version: '10.0', java.version: '1.8.0_102'
Driver info: com.kms.katalon.selenium.driver.CChromeDriver
Capabilities {acceptInsecureCerts: false, acceptSslCerts: false, applicationCacheEnabled: false, browserConnectionEnabled: false, browserName: chrome, chrome: {chromedriverVersion: 2.35.528161 (5b82f2d2aae0ca..., userDataDir: C:\Users\QUALIT~1\AppData\L...}, cssSelectorsEnabled: true, databaseEnabled: false, handlesAlerts: true, hasTouchScreen: false, javascriptEnabled: true, locationContextEnabled: true, mobileEmulationEnabled: false, nativeEvents: true, networkConnectionEnabled: false, pageLoadStrategy: normal, platform: XP, platformName: XP, rotatable: false, setWindowRect: true, takesHeapSnapshot: true, takesScreenshot: true, unexpectedAlertBehaviour: , unhandledPromptBehavior: , version: 66.0.3359.181, webStorageEnabled: true}
Session ID: 699fe875070b69932fb4915014373658)

2018-06-01 11:32:57 - [MESSAGE][FAILED] - Unable to click on object 'Object Repository/HealthpostToCms/Page_HealthPost Store/a_Request Send' (Root cause: org.openqa.selenium.WebDriverException: unknown error: Element <a href="RequestSendtoCMS.aspx" onclick="changemenu(22)" style="margin-left: 10px;">...</a> is not clickable at point (115, 282). Other element would receive the click: <li class="treeview active">...</li>
  (Session info: chrome=66.0.3359.181)
  (Driver info: chromedriver=2.35.528161 (5b82f2d2aae0ca24b877009200ced9065a772e73),platform=Windows NT 10.0.17134 x86_64) (WARNING: The server did not provide any stacktrace information)
Command duration or timeout: 0 milliseconds
Build info: version: '3.7.1', revision: '8a0099a', time: '2017-11-06T21:07:36.161Z'
System info: host: 'DESKTOP-BLFTK83', ip: '169.254.189.85', os.name: 'Windows 10', os.arch: 'amd64', os.version: '10.0', java.version: '1.8.0_102'
Driver info: com.kms.katalon.selenium.driver.CChromeDriver
Capabilities {acceptInsecureCerts: false, acceptSslCerts: false, applicationCacheEnabled: false, browserConnectionEnabled: false, browserName: chrome, chrome: {chromedriverVersion: 2.35.528161 (5b82f2d2aae0ca..., userDataDir: C:\Users\QUALIT~1\AppData\L...}, cssSelectorsEnabled: true, databaseEnabled: false, handlesAlerts: true, hasTouchScreen: false, javascriptEnabled: true, locationContextEnabled: true, mobileEmulationEnabled: false, nativeEvents: true, networkConnectionEnabled: false, pageLoadStrategy: normal, platform: XP, platformName: XP, rotatable: false, setWindowRect: true, takesHeapSnapshot: true, takesScreenshot: true, unexpectedAlertBehaviour: , unhandledPromptBehavior: , version: 66.0.3359.181, webStorageEnabled: true}
Session ID: 699fe875070b69932fb4915014373658)
[[ATTACHMENT|C:\\Users\\Quality Analyst\\Katalon Studio\\ds\\Reports\\HealthPost_CMS_Suite\\20180601_112216\\1527832977118.png]]]]></system-out>
         <system-err><![CDATA[2018-06-01 11:32:37 - [TEST_CASE][FAILED] - Test Cases/HEALTHPOST TEST CASES/TC_HP_019 Verify Schedule 7 Healthpost To CMS Request Are Working Successfully Or Not: Test Cases/HEALTHPOST TEST CASES/TC_HP_019 Verify Schedule 7 Healthpost To CMS Request Are Working Successfully Or Not FAILED because (of) Unable to click on object 'Object Repository/HealthpostToCms/Page_HealthPost Store/a_Request Send' (Root cause: org.openqa.selenium.WebDriverException: unknown error: Element <a href="RequestSendtoCMS.aspx" onclick="changemenu(22)" style="margin-left: 10px;">...</a> is not clickable at point (115, 282). Other element would receive the click: <li class="treeview active">...</li>
  (Session info: chrome=66.0.3359.181)
  (Driver info: chromedriver=2.35.528161 (5b82f2d2aae0ca24b877009200ced9065a772e73),platform=Windows NT 10.0.17134 x86_64) (WARNING: The server did not provide any stacktrace information)
Command duration or timeout: 0 milliseconds
Build info: version: '3.7.1', revision: '8a0099a', time: '2017-11-06T21:07:36.161Z'
System info: host: 'DESKTOP-BLFTK83', ip: '169.254.189.85', os.name: 'Windows 10', os.arch: 'amd64', os.version: '10.0', java.version: '1.8.0_102'
Driver info: com.kms.katalon.selenium.driver.CChromeDriver
Capabilities {acceptInsecureCerts: false, acceptSslCerts: false, applicationCacheEnabled: false, browserConnectionEnabled: false, browserName: chrome, chrome: {chromedriverVersion: 2.35.528161 (5b82f2d2aae0ca..., userDataDir: C:\Users\QUALIT~1\AppData\L...}, cssSelectorsEnabled: true, databaseEnabled: false, handlesAlerts: true, hasTouchScreen: false, javascriptEnabled: true, locationContextEnabled: true, mobileEmulationEnabled: false, nativeEvents: true, networkConnectionEnabled: false, pageLoadStrategy: normal, platform: XP, platformName: XP, rotatable: false, setWindowRect: true, takesHeapSnapshot: true, takesScreenshot: true, unexpectedAlertBehaviour: , unhandledPromptBehavior: , version: 66.0.3359.181, webStorageEnabled: true}
Session ID: 699fe875070b69932fb4915014373658)]]></system-err>
      </testcase>
      <testcase name="Test Cases/HEALTHPOST TEST CASES/TC_HP_018 Verify Schedule 6 Healthpost To CMS Request Are Working Successfully Or Not" classname="Test Cases/HEALTHPOST TEST CASES/TC_HP_018 Verify Schedule 6 Healthpost To CMS Request Are Working Successfully Or Not" status="FAILED">
         <failure type="FAILED" message="Unable to click on object 'Object Repository/HealthpostToCms/Page_HealthPost Store/a_Request Send' (Root cause: org.openqa.selenium.WebDriverException: unknown error: Element &lt;a href=&quot;RequestSendtoCMS.aspx&quot; onclick=&quot;changemenu(22)&quot; style=&quot;margin-left: 10px;&quot;>...&lt;/a> is not clickable at point (115, 282). Other element would receive the click: &lt;li class=&quot;treeview active&quot;>...&lt;/li>
  (Session info: chrome=66.0.3359.181)
  (Driver info: chromedriver=2.35.528161 (5b82f2d2aae0ca24b877009200ced9065a772e73),platform=Windows NT 10.0.17134 x86_64) (WARNING: The server did not provide any stacktrace information)
Command duration or timeout: 0 milliseconds
Build info: version: '3.7.1', revision: '8a0099a', time: '2017-11-06T21:07:36.161Z'
System info: host: 'DESKTOP-BLFTK83', ip: '169.254.189.85', os.name: 'Windows 10', os.arch: 'amd64', os.version: '10.0', java.version: '1.8.0_102'
Driver info: com.kms.katalon.selenium.driver.CChromeDriver
Capabilities {acceptInsecureCerts: false, acceptSslCerts: false, applicationCacheEnabled: false, browserConnectionEnabled: false, browserName: chrome, chrome: {chromedriverVersion: 2.35.528161 (5b82f2d2aae0ca..., userDataDir: C:\Users\QUALIT~1\AppData\L...}, cssSelectorsEnabled: true, databaseEnabled: false, handlesAlerts: true, hasTouchScreen: false, javascriptEnabled: true, locationContextEnabled: true, mobileEmulationEnabled: false, nativeEvents: true, networkConnectionEnabled: false, pageLoadStrategy: normal, platform: XP, platformName: XP, rotatable: false, setWindowRect: true, takesHeapSnapshot: true, takesScreenshot: true, unexpectedAlertBehaviour: , unhandledPromptBehavior: , version: 66.0.3359.181, webStorageEnabled: true}
Session ID: 4fc135ec45acbbb49a7e732e13f06997)"/>
         <system-out><![CDATA[2018-06-01 11:32:57 - [TEST_CASE][FAILED] - Test Cases/HEALTHPOST TEST CASES/TC_HP_018 Verify Schedule 6 Healthpost To CMS Request Are Working Successfully Or Not: Test Cases/HEALTHPOST TEST CASES/TC_HP_018 Verify Schedule 6 Healthpost To CMS Request Are Working Successfully Or Not FAILED because (of) Unable to click on object 'Object Repository/HealthpostToCms/Page_HealthPost Store/a_Request Send' (Root cause: org.openqa.selenium.WebDriverException: unknown error: Element <a href="RequestSendtoCMS.aspx" onclick="changemenu(22)" style="margin-left: 10px;">...</a> is not clickable at point (115, 282). Other element would receive the click: <li class="treeview active">...</li>
  (Session info: chrome=66.0.3359.181)
  (Driver info: chromedriver=2.35.528161 (5b82f2d2aae0ca24b877009200ced9065a772e73),platform=Windows NT 10.0.17134 x86_64) (WARNING: The server did not provide any stacktrace information)
Command duration or timeout: 0 milliseconds
Build info: version: '3.7.1', revision: '8a0099a', time: '2017-11-06T21:07:36.161Z'
System info: host: 'DESKTOP-BLFTK83', ip: '169.254.189.85', os.name: 'Windows 10', os.arch: 'amd64', os.version: '10.0', java.version: '1.8.0_102'
Driver info: com.kms.katalon.selenium.driver.CChromeDriver
Capabilities {acceptInsecureCerts: false, acceptSslCerts: false, applicationCacheEnabled: false, browserConnectionEnabled: false, browserName: chrome, chrome: {chromedriverVersion: 2.35.528161 (5b82f2d2aae0ca..., userDataDir: C:\Users\QUALIT~1\AppData\L...}, cssSelectorsEnabled: true, databaseEnabled: false, handlesAlerts: true, hasTouchScreen: false, javascriptEnabled: true, locationContextEnabled: true, mobileEmulationEnabled: false, nativeEvents: true, networkConnectionEnabled: false, pageLoadStrategy: normal, platform: XP, platformName: XP, rotatable: false, setWindowRect: true, takesHeapSnapshot: true, takesScreenshot: true, unexpectedAlertBehaviour: , unhandledPromptBehavior: , version: 66.0.3359.181, webStorageEnabled: true}
Session ID: 4fc135ec45acbbb49a7e732e13f06997)

2018-06-01 11:32:57 - [TEST_STEP][PASSED] - openBrowser: Browser is opened with url: ''

2018-06-01 11:32:57 - [MESSAGE][WARNING] - A browser is already opened. Closing browser and opening a new one

2018-06-01 11:33:00 - [MESSAGE][PASSED] - Browser is opened with url: ''

2018-06-01 11:33:00 - [TEST_STEP][PASSED] - navigateToUrl: Navigate to 'http://192.168.137.1/multihospital_new/HDSplashscreen.aspx' successfully

2018-06-01 11:33:01 - [MESSAGE][PASSED] - Navigate to 'http://192.168.137.1/multihospital_new/HDSplashscreen.aspx' successfully

2018-06-01 11:33:01 - [TEST_STEP][PASSED] - maximizeWindow: Current window maximized

2018-06-01 11:33:03 - [MESSAGE][PASSED] - Current window maximized

2018-06-01 11:33:03 - [TEST_STEP][PASSED] - click: Object: 'Object Repository/HealthpostToCms/Page_KDMC/a_Healthpost Store' is clicked on

2018-06-01 11:33:04 - [MESSAGE][PASSED] - Object: 'Object Repository/HealthpostToCms/Page_KDMC/a_Healthpost Store' is clicked on

2018-06-01 11:33:04 - [TEST_STEP][PASSED] - setText: Text 'raguram' is set on object 'Object Repository/HealthpostToCms/Page_HealthPost Store Login/input_txtusername'

2018-06-01 11:33:04 - [MESSAGE][PASSED] - Text 'raguram' is set on object 'Object Repository/HealthpostToCms/Page_HealthPost Store Login/input_txtusername'

2018-06-01 11:33:04 - [TEST_STEP][PASSED] - setText: Text '123' is set on object 'Object Repository/HealthpostToCms/Page_HealthPost Store Login/input_txtpassword'

2018-06-01 11:33:04 - [MESSAGE][PASSED] - Text '123' is set on object 'Object Repository/HealthpostToCms/Page_HealthPost Store Login/input_txtpassword'

2018-06-01 11:33:04 - [TEST_STEP][PASSED] - delay: Delayed 3 second(s)

2018-06-01 11:33:07 - [MESSAGE][PASSED] - Delayed 3 second(s)

2018-06-01 11:33:07 - [TEST_STEP][PASSED] - click: Object: 'Object Repository/HealthpostToCms/Page_HealthPost Store Login/button_Sign in' is clicked on

2018-06-01 11:33:12 - [MESSAGE][PASSED] - Object: 'Object Repository/HealthpostToCms/Page_HealthPost Store Login/button_Sign in' is clicked on

2018-06-01 11:33:12 - [TEST_STEP][PASSED] - delay: Delayed 3 second(s)

2018-06-01 11:33:15 - [MESSAGE][PASSED] - Delayed 3 second(s)

2018-06-01 11:33:15 - [TEST_STEP][PASSED] - click: Object: 'Object Repository/HealthpostToCms/Page_HealthPost Store/a_CMS' is clicked on

2018-06-01 11:33:21 - [MESSAGE][PASSED] - Object: 'Object Repository/HealthpostToCms/Page_HealthPost Store/a_CMS' is clicked on

2018-06-01 11:33:21 - [TEST_STEP][FAILED] - click: Unable to click on object 'Object Repository/HealthpostToCms/Page_HealthPost Store/a_Request Send' (Root cause: org.openqa.selenium.WebDriverException: unknown error: Element <a href="RequestSendtoCMS.aspx" onclick="changemenu(22)" style="margin-left: 10px;">...</a> is not clickable at point (115, 282). Other element would receive the click: <li class="treeview active">...</li>
  (Session info: chrome=66.0.3359.181)
  (Driver info: chromedriver=2.35.528161 (5b82f2d2aae0ca24b877009200ced9065a772e73),platform=Windows NT 10.0.17134 x86_64) (WARNING: The server did not provide any stacktrace information)
Command duration or timeout: 0 milliseconds
Build info: version: '3.7.1', revision: '8a0099a', time: '2017-11-06T21:07:36.161Z'
System info: host: 'DESKTOP-BLFTK83', ip: '169.254.189.85', os.name: 'Windows 10', os.arch: 'amd64', os.version: '10.0', java.version: '1.8.0_102'
Driver info: com.kms.katalon.selenium.driver.CChromeDriver
Capabilities {acceptInsecureCerts: false, acceptSslCerts: false, applicationCacheEnabled: false, browserConnectionEnabled: false, browserName: chrome, chrome: {chromedriverVersion: 2.35.528161 (5b82f2d2aae0ca..., userDataDir: C:\Users\QUALIT~1\AppData\L...}, cssSelectorsEnabled: true, databaseEnabled: false, handlesAlerts: true, hasTouchScreen: false, javascriptEnabled: true, locationContextEnabled: true, mobileEmulationEnabled: false, nativeEvents: true, networkConnectionEnabled: false, pageLoadStrategy: normal, platform: XP, platformName: XP, rotatable: false, setWindowRect: true, takesHeapSnapshot: true, takesScreenshot: true, unexpectedAlertBehaviour: , unhandledPromptBehavior: , version: 66.0.3359.181, webStorageEnabled: true}
Session ID: 4fc135ec45acbbb49a7e732e13f06997)

2018-06-01 11:33:21 - [MESSAGE][FAILED] - Unable to click on object 'Object Repository/HealthpostToCms/Page_HealthPost Store/a_Request Send' (Root cause: org.openqa.selenium.WebDriverException: unknown error: Element <a href="RequestSendtoCMS.aspx" onclick="changemenu(22)" style="margin-left: 10px;">...</a> is not clickable at point (115, 282). Other element would receive the click: <li class="treeview active">...</li>
  (Session info: chrome=66.0.3359.181)
  (Driver info: chromedriver=2.35.528161 (5b82f2d2aae0ca24b877009200ced9065a772e73),platform=Windows NT 10.0.17134 x86_64) (WARNING: The server did not provide any stacktrace information)
Command duration or timeout: 0 milliseconds
Build info: version: '3.7.1', revision: '8a0099a', time: '2017-11-06T21:07:36.161Z'
System info: host: 'DESKTOP-BLFTK83', ip: '169.254.189.85', os.name: 'Windows 10', os.arch: 'amd64', os.version: '10.0', java.version: '1.8.0_102'
Driver info: com.kms.katalon.selenium.driver.CChromeDriver
Capabilities {acceptInsecureCerts: false, acceptSslCerts: false, applicationCacheEnabled: false, browserConnectionEnabled: false, browserName: chrome, chrome: {chromedriverVersion: 2.35.528161 (5b82f2d2aae0ca..., userDataDir: C:\Users\QUALIT~1\AppData\L...}, cssSelectorsEnabled: true, databaseEnabled: false, handlesAlerts: true, hasTouchScreen: false, javascriptEnabled: true, locationContextEnabled: true, mobileEmulationEnabled: false, nativeEvents: true, networkConnectionEnabled: false, pageLoadStrategy: normal, platform: XP, platformName: XP, rotatable: false, setWindowRect: true, takesHeapSnapshot: true, takesScreenshot: true, unexpectedAlertBehaviour: , unhandledPromptBehavior: , version: 66.0.3359.181, webStorageEnabled: true}
Session ID: 4fc135ec45acbbb49a7e732e13f06997)
[[ATTACHMENT|C:\\Users\\Quality Analyst\\Katalon Studio\\ds\\Reports\\HealthPost_CMS_Suite\\20180601_112216\\1527833001135.png]]]]></system-out>
         <system-err><![CDATA[2018-06-01 11:32:57 - [TEST_CASE][FAILED] - Test Cases/HEALTHPOST TEST CASES/TC_HP_018 Verify Schedule 6 Healthpost To CMS Request Are Working Successfully Or Not: Test Cases/HEALTHPOST TEST CASES/TC_HP_018 Verify Schedule 6 Healthpost To CMS Request Are Working Successfully Or Not FAILED because (of) Unable to click on object 'Object Repository/HealthpostToCms/Page_HealthPost Store/a_Request Send' (Root cause: org.openqa.selenium.WebDriverException: unknown error: Element <a href="RequestSendtoCMS.aspx" onclick="changemenu(22)" style="margin-left: 10px;">...</a> is not clickable at point (115, 282). Other element would receive the click: <li class="treeview active">...</li>
  (Session info: chrome=66.0.3359.181)
  (Driver info: chromedriver=2.35.528161 (5b82f2d2aae0ca24b877009200ced9065a772e73),platform=Windows NT 10.0.17134 x86_64) (WARNING: The server did not provide any stacktrace information)
Command duration or timeout: 0 milliseconds
Build info: version: '3.7.1', revision: '8a0099a', time: '2017-11-06T21:07:36.161Z'
System info: host: 'DESKTOP-BLFTK83', ip: '169.254.189.85', os.name: 'Windows 10', os.arch: 'amd64', os.version: '10.0', java.version: '1.8.0_102'
Driver info: com.kms.katalon.selenium.driver.CChromeDriver
Capabilities {acceptInsecureCerts: false, acceptSslCerts: false, applicationCacheEnabled: false, browserConnectionEnabled: false, browserName: chrome, chrome: {chromedriverVersion: 2.35.528161 (5b82f2d2aae0ca..., userDataDir: C:\Users\QUALIT~1\AppData\L...}, cssSelectorsEnabled: true, databaseEnabled: false, handlesAlerts: true, hasTouchScreen: false, javascriptEnabled: true, locationContextEnabled: true, mobileEmulationEnabled: false, nativeEvents: true, networkConnectionEnabled: false, pageLoadStrategy: normal, platform: XP, platformName: XP, rotatable: false, setWindowRect: true, takesHeapSnapshot: true, takesScreenshot: true, unexpectedAlertBehaviour: , unhandledPromptBehavior: , version: 66.0.3359.181, webStorageEnabled: true}
Session ID: 4fc135ec45acbbb49a7e732e13f06997)]]></system-err>
      </testcase>
      <testcase name="Test Cases/HEALTHPOST TEST CASES/TC_HP_017 Verify Schedule 5 Healthpost To CMS Request Are Working Successfully Or Not" classname="Test Cases/HEALTHPOST TEST CASES/TC_HP_017 Verify Schedule 5 Healthpost To CMS Request Are Working Successfully Or Not" status="PASSED">
         <system-out><![CDATA[2018-06-01 11:33:21 - [TEST_CASE][PASSED] - Test Cases/HEALTHPOST TEST CASES/TC_HP_017 Verify Schedule 5 Healthpost To CMS Request Are Working Successfully Or Not: Test Cases/HEALTHPOST TEST CASES/TC_HP_017 Verify Schedule 5 Healthpost To CMS Request Are Working Successfully Or Not

2018-06-01 11:33:21 - [TEST_STEP][PASSED] - openBrowser: Browser is opened with url: ''

2018-06-01 11:33:21 - [MESSAGE][WARNING] - A browser is already opened. Closing browser and opening a new one

2018-06-01 11:33:24 - [MESSAGE][PASSED] - Browser is opened with url: ''

2018-06-01 11:33:24 - [TEST_STEP][PASSED] - navigateToUrl: Navigate to 'http://192.168.137.1/multihospital_new/HDSplashscreen.aspx' successfully

2018-06-01 11:33:26 - [MESSAGE][PASSED] - Navigate to 'http://192.168.137.1/multihospital_new/HDSplashscreen.aspx' successfully

2018-06-01 11:33:26 - [TEST_STEP][PASSED] - maximizeWindow: Current window maximized

2018-06-01 11:33:27 - [MESSAGE][PASSED] - Current window maximized

2018-06-01 11:33:27 - [TEST_STEP][PASSED] - click: Object: 'Object Repository/HealthpostToCms/Page_KDMC/a_Healthpost Store' is clicked on

2018-06-01 11:33:28 - [MESSAGE][PASSED] - Object: 'Object Repository/HealthpostToCms/Page_KDMC/a_Healthpost Store' is clicked on

2018-06-01 11:33:28 - [TEST_STEP][PASSED] - setText: Text 'raguram' is set on object 'Object Repository/HealthpostToCms/Page_HealthPost Store Login/input_txtusername'

2018-06-01 11:33:28 - [MESSAGE][PASSED] - Text 'raguram' is set on object 'Object Repository/HealthpostToCms/Page_HealthPost Store Login/input_txtusername'

2018-06-01 11:33:28 - [TEST_STEP][PASSED] - setText: Text '123' is set on object 'Object Repository/HealthpostToCms/Page_HealthPost Store Login/input_txtpassword'

2018-06-01 11:33:28 - [MESSAGE][PASSED] - Text '123' is set on object 'Object Repository/HealthpostToCms/Page_HealthPost Store Login/input_txtpassword'

2018-06-01 11:33:28 - [TEST_STEP][PASSED] - delay: Delayed 3 second(s)

2018-06-01 11:33:31 - [MESSAGE][PASSED] - Delayed 3 second(s)

2018-06-01 11:33:31 - [TEST_STEP][PASSED] - click: Object: 'Object Repository/HealthpostToCms/Page_HealthPost Store Login/button_Sign in' is clicked on

2018-06-01 11:33:32 - [MESSAGE][PASSED] - Object: 'Object Repository/HealthpostToCms/Page_HealthPost Store Login/button_Sign in' is clicked on

2018-06-01 11:33:32 - [TEST_STEP][PASSED] - delay: Delayed 3 second(s)

2018-06-01 11:33:35 - [MESSAGE][PASSED] - Delayed 3 second(s)

2018-06-01 11:33:35 - [TEST_STEP][PASSED] - click: Object: 'Object Repository/HealthpostToCms/Page_HealthPost Store/a_CMS' is clicked on

2018-06-01 11:33:35 - [MESSAGE][PASSED] - Object: 'Object Repository/HealthpostToCms/Page_HealthPost Store/a_CMS' is clicked on

2018-06-01 11:33:35 - [TEST_STEP][PASSED] - click: Object: 'Object Repository/HealthpostToCms/Page_HealthPost Store/a_Request Send' is clicked on

2018-06-01 11:33:35 - [MESSAGE][PASSED] - Object: 'Object Repository/HealthpostToCms/Page_HealthPost Store/a_Request Send' is clicked on

2018-06-01 11:33:35 - [TEST_STEP][PASSED] - delay: Delayed 2 second(s)

2018-06-01 11:33:37 - [MESSAGE][PASSED] - Delayed 2 second(s)

2018-06-01 11:33:37 - [TEST_STEP][PASSED] - selectOptionByIndex: All options with index in [2] are selected on object 'Object Repository/HealthpostToCms/Page_HealthPost Store/select_--Select--'

2018-06-01 11:33:37 - [MESSAGE][PASSED] - All options with index in [2] are selected on object 'Object Repository/HealthpostToCms/Page_HealthPost Store/select_--Select--'

2018-06-01 11:33:37 - [TEST_STEP][PASSED] - selectOptionByIndex: All options with index in [5] are selected on object 'Object Repository/HealthpostToCms/Page_HealthPost Store/select_--Select--Schedule 1Inj'

2018-06-01 11:33:38 - [MESSAGE][PASSED] - All options with index in [5] are selected on object 'Object Repository/HealthpostToCms/Page_HealthPost Store/select_--Select--Schedule 1Inj'

2018-06-01 11:33:38 - [TEST_STEP][PASSED] - Statement - medicineslength = com.kms.katalon.core.webui.keyword.WebUiBuiltInKeywords.getNumberOfTotalOption(com.kms.katalon.core.testobject.ObjectRepository.findTestObject(HealthpostToCms/Page_HealthPost Store/select_--Select--Adernaline 0.)): 17 options of object 'Object Repository/HealthpostToCms/Page_HealthPost Store/select_--Select--Adernaline 0.' counted

2018-06-01 11:33:38 - [MESSAGE][PASSED] - 17 options of object 'Object Repository/HealthpostToCms/Page_HealthPost Store/select_--Select--Adernaline 0.' counted

2018-06-01 11:33:38 - [TEST_STEP][PASSED] - Statement - For ([e = 1, e <= medicineslength - 1, (e++)]): Object: 'Object Repository/HealthpostToCms/Page_HealthPost Store/button_Add' is clicked on

2018-06-01 11:33:38 - [TEST_STEP][PASSED] - selectOptionByIndex: All options with index in [5] are selected on object 'Object Repository/HealthpostToCms/Page_HealthPost Store/select_--Select--Schedule 1Inj'

2018-06-01 11:33:38 - [MESSAGE][PASSED] - All options with index in [5] are selected on object 'Object Repository/HealthpostToCms/Page_HealthPost Store/select_--Select--Schedule 1Inj'

2018-06-01 11:33:38 - [TEST_STEP][PASSED] - selectOptionByIndex: All options with index in [1] are selected on object 'Object Repository/HealthpostToCms/Page_HealthPost Store/select_--Select--Adernaline 0.'

2018-06-01 11:33:38 - [MESSAGE][PASSED] - All options with index in [1] are selected on object 'Object Repository/HealthpostToCms/Page_HealthPost Store/select_--Select--Adernaline 0.'

2018-06-01 11:33:38 - [TEST_STEP][PASSED] - setText: Text '100' is set on object 'Object Repository/HealthpostToCms/Page_HealthPost Store/input_txttreat'

2018-06-01 11:33:38 - [MESSAGE][PASSED] - Text '100' is set on object 'Object Repository/HealthpostToCms/Page_HealthPost Store/input_txttreat'

2018-06-01 11:33:38 - [TEST_STEP][PASSED] - click: Object: 'Object Repository/HealthpostToCms/Page_HealthPost Store/button_Add' is clicked on

2018-06-01 11:33:38 - [MESSAGE][PASSED] - Object: 'Object Repository/HealthpostToCms/Page_HealthPost Store/button_Add' is clicked on

2018-06-01 11:33:38 - [TEST_STEP][PASSED] - selectOptionByIndex: All options with index in [5] are selected on object 'Object Repository/HealthpostToCms/Page_HealthPost Store/select_--Select--Schedule 1Inj'

2018-06-01 11:33:38 - [MESSAGE][PASSED] - All options with index in [5] are selected on object 'Object Repository/HealthpostToCms/Page_HealthPost Store/select_--Select--Schedule 1Inj'

2018-06-01 11:33:38 - [TEST_STEP][PASSED] - selectOptionByIndex: All options with index in [2] are selected on object 'Object Repository/HealthpostToCms/Page_HealthPost Store/select_--Select--Adernaline 0.'

2018-06-01 11:33:39 - [MESSAGE][PASSED] - All options with index in [2] are selected on object 'Object Repository/HealthpostToCms/Page_HealthPost Store/select_--Select--Adernaline 0.'

2018-06-01 11:33:39 - [TEST_STEP][PASSED] - setText: Text '100' is set on object 'Object Repository/HealthpostToCms/Page_HealthPost Store/input_txttreat'

2018-06-01 11:33:39 - [MESSAGE][PASSED] - Text '100' is set on object 'Object Repository/HealthpostToCms/Page_HealthPost Store/input_txttreat'

2018-06-01 11:33:39 - [TEST_STEP][PASSED] - click: Object: 'Object Repository/HealthpostToCms/Page_HealthPost Store/button_Add' is clicked on

2018-06-01 11:33:39 - [MESSAGE][PASSED] - Object: 'Object Repository/HealthpostToCms/Page_HealthPost Store/button_Add' is clicked on

2018-06-01 11:33:39 - [TEST_STEP][PASSED] - selectOptionByIndex: All options with index in [5] are selected on object 'Object Repository/HealthpostToCms/Page_HealthPost Store/select_--Select--Schedule 1Inj'

2018-06-01 11:33:39 - [MESSAGE][PASSED] - All options with index in [5] are selected on object 'Object Repository/HealthpostToCms/Page_HealthPost Store/select_--Select--Schedule 1Inj'

2018-06-01 11:33:39 - [TEST_STEP][PASSED] - selectOptionByIndex: All options with index in [3] are selected on object 'Object Repository/HealthpostToCms/Page_HealthPost Store/select_--Select--Adernaline 0.'

2018-06-01 11:33:39 - [MESSAGE][PASSED] - All options with index in [3] are selected on object 'Object Repository/HealthpostToCms/Page_HealthPost Store/select_--Select--Adernaline 0.'

2018-06-01 11:33:39 - [TEST_STEP][PASSED] - setText: Text '100' is set on object 'Object Repository/HealthpostToCms/Page_HealthPost Store/input_txttreat'

2018-06-01 11:33:39 - [MESSAGE][PASSED] - Text '100' is set on object 'Object Repository/HealthpostToCms/Page_HealthPost Store/input_txttreat'

2018-06-01 11:33:39 - [TEST_STEP][PASSED] - click: Object: 'Object Repository/HealthpostToCms/Page_HealthPost Store/button_Add' is clicked on

2018-06-01 11:33:39 - [MESSAGE][PASSED] - Object: 'Object Repository/HealthpostToCms/Page_HealthPost Store/button_Add' is clicked on

2018-06-01 11:33:39 - [TEST_STEP][PASSED] - selectOptionByIndex: All options with index in [5] are selected on object 'Object Repository/HealthpostToCms/Page_HealthPost Store/select_--Select--Schedule 1Inj'

2018-06-01 11:33:39 - [MESSAGE][PASSED] - All options with index in [5] are selected on object 'Object Repository/HealthpostToCms/Page_HealthPost Store/select_--Select--Schedule 1Inj'

2018-06-01 11:33:39 - [TEST_STEP][PASSED] - selectOptionByIndex: All options with index in [4] are selected on object 'Object Repository/HealthpostToCms/Page_HealthPost Store/select_--Select--Adernaline 0.'

2018-06-01 11:33:40 - [MESSAGE][PASSED] - All options with index in [4] are selected on object 'Object Repository/HealthpostToCms/Page_HealthPost Store/select_--Select--Adernaline 0.'

2018-06-01 11:33:40 - [TEST_STEP][PASSED] - setText: Text '100' is set on object 'Object Repository/HealthpostToCms/Page_HealthPost Store/input_txttreat'

2018-06-01 11:33:40 - [MESSAGE][PASSED] - Text '100' is set on object 'Object Repository/HealthpostToCms/Page_HealthPost Store/input_txttreat'

2018-06-01 11:33:40 - [TEST_STEP][PASSED] - click: Object: 'Object Repository/HealthpostToCms/Page_HealthPost Store/button_Add' is clicked on

2018-06-01 11:33:40 - [MESSAGE][PASSED] - Object: 'Object Repository/HealthpostToCms/Page_HealthPost Store/button_Add' is clicked on

2018-06-01 11:33:40 - [TEST_STEP][PASSED] - selectOptionByIndex: All options with index in [5] are selected on object 'Object Repository/HealthpostToCms/Page_HealthPost Store/select_--Select--Schedule 1Inj'

2018-06-01 11:33:40 - [MESSAGE][PASSED] - All options with index in [5] are selected on object 'Object Repository/HealthpostToCms/Page_HealthPost Store/select_--Select--Schedule 1Inj'

2018-06-01 11:33:40 - [TEST_STEP][PASSED] - selectOptionByIndex: All options with index in [5] are selected on object 'Object Repository/HealthpostToCms/Page_HealthPost Store/select_--Select--Adernaline 0.'

2018-06-01 11:33:40 - [MESSAGE][PASSED] - All options with index in [5] are selected on object 'Object Repository/HealthpostToCms/Page_HealthPost Store/select_--Select--Adernaline 0.'

2018-06-01 11:33:40 - [TEST_STEP][PASSED] - setText: Text '100' is set on object 'Object Repository/HealthpostToCms/Page_HealthPost Store/input_txttreat'

2018-06-01 11:33:40 - [MESSAGE][PASSED] - Text '100' is set on object 'Object Repository/HealthpostToCms/Page_HealthPost Store/input_txttreat'

2018-06-01 11:33:40 - [TEST_STEP][PASSED] - click: Object: 'Object Repository/HealthpostToCms/Page_HealthPost Store/button_Add' is clicked on

2018-06-01 11:33:40 - [MESSAGE][PASSED] - Object: 'Object Repository/HealthpostToCms/Page_HealthPost Store/button_Add' is clicked on

2018-06-01 11:33:40 - [TEST_STEP][PASSED] - selectOptionByIndex: All options with index in [5] are selected on object 'Object Repository/HealthpostToCms/Page_HealthPost Store/select_--Select--Schedule 1Inj'

2018-06-01 11:33:40 - [MESSAGE][PASSED] - All options with index in [5] are selected on object 'Object Repository/HealthpostToCms/Page_HealthPost Store/select_--Select--Schedule 1Inj'

2018-06-01 11:33:40 - [TEST_STEP][PASSED] - selectOptionByIndex: All options with index in [6] are selected on object 'Object Repository/HealthpostToCms/Page_HealthPost Store/select_--Select--Adernaline 0.'

2018-06-01 11:33:41 - [MESSAGE][PASSED] - All options with index in [6] are selected on object 'Object Repository/HealthpostToCms/Page_HealthPost Store/select_--Select--Adernaline 0.'

2018-06-01 11:33:41 - [TEST_STEP][PASSED] - setText: Text '100' is set on object 'Object Repository/HealthpostToCms/Page_HealthPost Store/input_txttreat'

2018-06-01 11:33:41 - [MESSAGE][PASSED] - Text '100' is set on object 'Object Repository/HealthpostToCms/Page_HealthPost Store/input_txttreat'

2018-06-01 11:33:41 - [TEST_STEP][PASSED] - click: Object: 'Object Repository/HealthpostToCms/Page_HealthPost Store/button_Add' is clicked on

2018-06-01 11:33:41 - [MESSAGE][PASSED] - Object: 'Object Repository/HealthpostToCms/Page_HealthPost Store/button_Add' is clicked on

2018-06-01 11:33:41 - [TEST_STEP][PASSED] - selectOptionByIndex: All options with index in [5] are selected on object 'Object Repository/HealthpostToCms/Page_HealthPost Store/select_--Select--Schedule 1Inj'

2018-06-01 11:33:41 - [MESSAGE][PASSED] - All options with index in [5] are selected on object 'Object Repository/HealthpostToCms/Page_HealthPost Store/select_--Select--Schedule 1Inj'

2018-06-01 11:33:41 - [TEST_STEP][PASSED] - selectOptionByIndex: All options with index in [7] are selected on object 'Object Repository/HealthpostToCms/Page_HealthPost Store/select_--Select--Adernaline 0.'

2018-06-01 11:33:41 - [MESSAGE][PASSED] - All options with index in [7] are selected on object 'Object Repository/HealthpostToCms/Page_HealthPost Store/select_--Select--Adernaline 0.'

2018-06-01 11:33:41 - [TEST_STEP][PASSED] - setText: Text '100' is set on object 'Object Repository/HealthpostToCms/Page_HealthPost Store/input_txttreat'

2018-06-01 11:33:41 - [MESSAGE][PASSED] - Text '100' is set on object 'Object Repository/HealthpostToCms/Page_HealthPost Store/input_txttreat'

2018-06-01 11:33:41 - [TEST_STEP][PASSED] - click: Object: 'Object Repository/HealthpostToCms/Page_HealthPost Store/button_Add' is clicked on

2018-06-01 11:33:41 - [MESSAGE][PASSED] - Object: 'Object Repository/HealthpostToCms/Page_HealthPost Store/button_Add' is clicked on

2018-06-01 11:33:41 - [TEST_STEP][PASSED] - selectOptionByIndex: All options with index in [5] are selected on object 'Object Repository/HealthpostToCms/Page_HealthPost Store/select_--Select--Schedule 1Inj'

2018-06-01 11:33:41 - [MESSAGE][PASSED] - All options with index in [5] are selected on object 'Object Repository/HealthpostToCms/Page_HealthPost Store/select_--Select--Schedule 1Inj'

2018-06-01 11:33:41 - [TEST_STEP][PASSED] - selectOptionByIndex: All options with index in [8] are selected on object 'Object Repository/HealthpostToCms/Page_HealthPost Store/select_--Select--Adernaline 0.'

2018-06-01 11:33:42 - [MESSAGE][PASSED] - All options with index in [8] are selected on object 'Object Repository/HealthpostToCms/Page_HealthPost Store/select_--Select--Adernaline 0.'

2018-06-01 11:33:42 - [TEST_STEP][PASSED] - setText: Text '100' is set on object 'Object Repository/HealthpostToCms/Page_HealthPost Store/input_txttreat'

2018-06-01 11:33:42 - [MESSAGE][PASSED] - Text '100' is set on object 'Object Repository/HealthpostToCms/Page_HealthPost Store/input_txttreat'

2018-06-01 11:33:42 - [TEST_STEP][PASSED] - click: Object: 'Object Repository/HealthpostToCms/Page_HealthPost Store/button_Add' is clicked on

2018-06-01 11:33:42 - [MESSAGE][PASSED] - Object: 'Object Repository/HealthpostToCms/Page_HealthPost Store/button_Add' is clicked on

2018-06-01 11:33:42 - [TEST_STEP][PASSED] - selectOptionByIndex: All options with index in [5] are selected on object 'Object Repository/HealthpostToCms/Page_HealthPost Store/select_--Select--Schedule 1Inj'

2018-06-01 11:33:42 - [MESSAGE][PASSED] - All options with index in [5] are selected on object 'Object Repository/HealthpostToCms/Page_HealthPost Store/select_--Select--Schedule 1Inj'

2018-06-01 11:33:42 - [TEST_STEP][PASSED] - selectOptionByIndex: All options with index in [9] are selected on object 'Object Repository/HealthpostToCms/Page_HealthPost Store/select_--Select--Adernaline 0.'

2018-06-01 11:33:42 - [MESSAGE][PASSED] - All options with index in [9] are selected on object 'Object Repository/HealthpostToCms/Page_HealthPost Store/select_--Select--Adernaline 0.'

2018-06-01 11:33:42 - [TEST_STEP][PASSED] - setText: Text '100' is set on object 'Object Repository/HealthpostToCms/Page_HealthPost Store/input_txttreat'

2018-06-01 11:33:42 - [MESSAGE][PASSED] - Text '100' is set on object 'Object Repository/HealthpostToCms/Page_HealthPost Store/input_txttreat'

2018-06-01 11:33:42 - [TEST_STEP][PASSED] - click: Object: 'Object Repository/HealthpostToCms/Page_HealthPost Store/button_Add' is clicked on

2018-06-01 11:33:42 - [MESSAGE][PASSED] - Object: 'Object Repository/HealthpostToCms/Page_HealthPost Store/button_Add' is clicked on

2018-06-01 11:33:42 - [TEST_STEP][PASSED] - selectOptionByIndex: All options with index in [5] are selected on object 'Object Repository/HealthpostToCms/Page_HealthPost Store/select_--Select--Schedule 1Inj'

2018-06-01 11:33:42 - [MESSAGE][PASSED] - All options with index in [5] are selected on object 'Object Repository/HealthpostToCms/Page_HealthPost Store/select_--Select--Schedule 1Inj'

2018-06-01 11:33:42 - [TEST_STEP][PASSED] - selectOptionByIndex: All options with index in [10] are selected on object 'Object Repository/HealthpostToCms/Page_HealthPost Store/select_--Select--Adernaline 0.'

2018-06-01 11:33:43 - [MESSAGE][PASSED] - All options with index in [10] are selected on object 'Object Repository/HealthpostToCms/Page_HealthPost Store/select_--Select--Adernaline 0.'

2018-06-01 11:33:43 - [TEST_STEP][PASSED] - setText: Text '100' is set on object 'Object Repository/HealthpostToCms/Page_HealthPost Store/input_txttreat'

2018-06-01 11:33:43 - [MESSAGE][PASSED] - Text '100' is set on object 'Object Repository/HealthpostToCms/Page_HealthPost Store/input_txttreat'

2018-06-01 11:33:43 - [TEST_STEP][PASSED] - click: Object: 'Object Repository/HealthpostToCms/Page_HealthPost Store/button_Add' is clicked on

2018-06-01 11:33:43 - [MESSAGE][PASSED] - Object: 'Object Repository/HealthpostToCms/Page_HealthPost Store/button_Add' is clicked on

2018-06-01 11:33:43 - [TEST_STEP][PASSED] - selectOptionByIndex: All options with index in [5] are selected on object 'Object Repository/HealthpostToCms/Page_HealthPost Store/select_--Select--Schedule 1Inj'

2018-06-01 11:33:43 - [MESSAGE][PASSED] - All options with index in [5] are selected on object 'Object Repository/HealthpostToCms/Page_HealthPost Store/select_--Select--Schedule 1Inj'

2018-06-01 11:33:43 - [TEST_STEP][PASSED] - selectOptionByIndex: All options with index in [11] are selected on object 'Object Repository/HealthpostToCms/Page_HealthPost Store/select_--Select--Adernaline 0.'

2018-06-01 11:33:43 - [MESSAGE][PASSED] - All options with index in [11] are selected on object 'Object Repository/HealthpostToCms/Page_HealthPost Store/select_--Select--Adernaline 0.'

2018-06-01 11:33:43 - [TEST_STEP][PASSED] - setText: Text '100' is set on object 'Object Repository/HealthpostToCms/Page_HealthPost Store/input_txttreat'

2018-06-01 11:33:43 - [MESSAGE][PASSED] - Text '100' is set on object 'Object Repository/HealthpostToCms/Page_HealthPost Store/input_txttreat'

2018-06-01 11:33:43 - [TEST_STEP][PASSED] - click: Object: 'Object Repository/HealthpostToCms/Page_HealthPost Store/button_Add' is clicked on

2018-06-01 11:33:43 - [MESSAGE][PASSED] - Object: 'Object Repository/HealthpostToCms/Page_HealthPost Store/button_Add' is clicked on

2018-06-01 11:33:43 - [TEST_STEP][PASSED] - selectOptionByIndex: All options with index in [5] are selected on object 'Object Repository/HealthpostToCms/Page_HealthPost Store/select_--Select--Schedule 1Inj'

2018-06-01 11:33:44 - [MESSAGE][PASSED] - All options with index in [5] are selected on object 'Object Repository/HealthpostToCms/Page_HealthPost Store/select_--Select--Schedule 1Inj'

2018-06-01 11:33:44 - [TEST_STEP][PASSED] - selectOptionByIndex: All options with index in [12] are selected on object 'Object Repository/HealthpostToCms/Page_HealthPost Store/select_--Select--Adernaline 0.'

2018-06-01 11:33:44 - [MESSAGE][PASSED] - All options with index in [12] are selected on object 'Object Repository/HealthpostToCms/Page_HealthPost Store/select_--Select--Adernaline 0.'

2018-06-01 11:33:44 - [TEST_STEP][PASSED] - setText: Text '100' is set on object 'Object Repository/HealthpostToCms/Page_HealthPost Store/input_txttreat'

2018-06-01 11:33:44 - [MESSAGE][PASSED] - Text '100' is set on object 'Object Repository/HealthpostToCms/Page_HealthPost Store/input_txttreat'

2018-06-01 11:33:44 - [TEST_STEP][PASSED] - click: Object: 'Object Repository/HealthpostToCms/Page_HealthPost Store/button_Add' is clicked on

2018-06-01 11:33:44 - [MESSAGE][PASSED] - Object: 'Object Repository/HealthpostToCms/Page_HealthPost Store/button_Add' is clicked on

2018-06-01 11:33:44 - [TEST_STEP][PASSED] - selectOptionByIndex: All options with index in [5] are selected on object 'Object Repository/HealthpostToCms/Page_HealthPost Store/select_--Select--Schedule 1Inj'

2018-06-01 11:33:44 - [MESSAGE][PASSED] - All options with index in [5] are selected on object 'Object Repository/HealthpostToCms/Page_HealthPost Store/select_--Select--Schedule 1Inj'

2018-06-01 11:33:44 - [TEST_STEP][PASSED] - selectOptionByIndex: All options with index in [13] are selected on object 'Object Repository/HealthpostToCms/Page_HealthPost Store/select_--Select--Adernaline 0.'

2018-06-01 11:33:44 - [MESSAGE][PASSED] - All options with index in [13] are selected on object 'Object Repository/HealthpostToCms/Page_HealthPost Store/select_--Select--Adernaline 0.'

2018-06-01 11:33:44 - [TEST_STEP][PASSED] - setText: Text '100' is set on object 'Object Repository/HealthpostToCms/Page_HealthPost Store/input_txttreat'

2018-06-01 11:33:44 - [MESSAGE][PASSED] - Text '100' is set on object 'Object Repository/HealthpostToCms/Page_HealthPost Store/input_txttreat'

2018-06-01 11:33:44 - [TEST_STEP][PASSED] - click: Object: 'Object Repository/HealthpostToCms/Page_HealthPost Store/button_Add' is clicked on

2018-06-01 11:33:44 - [MESSAGE][PASSED] - Object: 'Object Repository/HealthpostToCms/Page_HealthPost Store/button_Add' is clicked on

2018-06-01 11:33:44 - [TEST_STEP][PASSED] - selectOptionByIndex: All options with index in [5] are selected on object 'Object Repository/HealthpostToCms/Page_HealthPost Store/select_--Select--Schedule 1Inj'

2018-06-01 11:33:45 - [MESSAGE][PASSED] - All options with index in [5] are selected on object 'Object Repository/HealthpostToCms/Page_HealthPost Store/select_--Select--Schedule 1Inj'

2018-06-01 11:33:45 - [TEST_STEP][PASSED] - selectOptionByIndex: All options with index in [14] are selected on object 'Object Repository/HealthpostToCms/Page_HealthPost Store/select_--Select--Adernaline 0.'

2018-06-01 11:33:45 - [MESSAGE][PASSED] - All options with index in [14] are selected on object 'Object Repository/HealthpostToCms/Page_HealthPost Store/select_--Select--Adernaline 0.'

2018-06-01 11:33:45 - [TEST_STEP][PASSED] - setText: Text '100' is set on object 'Object Repository/HealthpostToCms/Page_HealthPost Store/input_txttreat'

2018-06-01 11:33:45 - [MESSAGE][PASSED] - Text '100' is set on object 'Object Repository/HealthpostToCms/Page_HealthPost Store/input_txttreat'

2018-06-01 11:33:45 - [TEST_STEP][PASSED] - click: Object: 'Object Repository/HealthpostToCms/Page_HealthPost Store/button_Add' is clicked on

2018-06-01 11:33:45 - [MESSAGE][PASSED] - Object: 'Object Repository/HealthpostToCms/Page_HealthPost Store/button_Add' is clicked on

2018-06-01 11:33:45 - [TEST_STEP][PASSED] - selectOptionByIndex: All options with index in [5] are selected on object 'Object Repository/HealthpostToCms/Page_HealthPost Store/select_--Select--Schedule 1Inj'

2018-06-01 11:33:45 - [MESSAGE][PASSED] - All options with index in [5] are selected on object 'Object Repository/HealthpostToCms/Page_HealthPost Store/select_--Select--Schedule 1Inj'

2018-06-01 11:33:45 - [TEST_STEP][PASSED] - selectOptionByIndex: All options with index in [15] are selected on object 'Object Repository/HealthpostToCms/Page_HealthPost Store/select_--Select--Adernaline 0.'

2018-06-01 11:33:46 - [MESSAGE][PASSED] - All options with index in [15] are selected on object 'Object Repository/HealthpostToCms/Page_HealthPost Store/select_--Select--Adernaline 0.'

2018-06-01 11:33:46 - [TEST_STEP][PASSED] - setText: Text '100' is set on object 'Object Repository/HealthpostToCms/Page_HealthPost Store/input_txttreat'

2018-06-01 11:33:46 - [MESSAGE][PASSED] - Text '100' is set on object 'Object Repository/HealthpostToCms/Page_HealthPost Store/input_txttreat'

2018-06-01 11:33:46 - [TEST_STEP][PASSED] - click: Object: 'Object Repository/HealthpostToCms/Page_HealthPost Store/button_Add' is clicked on

2018-06-01 11:33:46 - [MESSAGE][PASSED] - Object: 'Object Repository/HealthpostToCms/Page_HealthPost Store/button_Add' is clicked on

2018-06-01 11:33:46 - [TEST_STEP][PASSED] - selectOptionByIndex: All options with index in [5] are selected on object 'Object Repository/HealthpostToCms/Page_HealthPost Store/select_--Select--Schedule 1Inj'

2018-06-01 11:33:46 - [MESSAGE][PASSED] - All options with index in [5] are selected on object 'Object Repository/HealthpostToCms/Page_HealthPost Store/select_--Select--Schedule 1Inj'

2018-06-01 11:33:46 - [TEST_STEP][PASSED] - selectOptionByIndex: All options with index in [16] are selected on object 'Object Repository/HealthpostToCms/Page_HealthPost Store/select_--Select--Adernaline 0.'

2018-06-01 11:33:46 - [MESSAGE][PASSED] - All options with index in [16] are selected on object 'Object Repository/HealthpostToCms/Page_HealthPost Store/select_--Select--Adernaline 0.'

2018-06-01 11:33:46 - [TEST_STEP][PASSED] - setText: Text '100' is set on object 'Object Repository/HealthpostToCms/Page_HealthPost Store/input_txttreat'

2018-06-01 11:33:46 - [MESSAGE][PASSED] - Text '100' is set on object 'Object Repository/HealthpostToCms/Page_HealthPost Store/input_txttreat'

2018-06-01 11:33:46 - [TEST_STEP][PASSED] - click: Object: 'Object Repository/HealthpostToCms/Page_HealthPost Store/button_Add' is clicked on

2018-06-01 11:33:46 - [MESSAGE][PASSED] - Object: 'Object Repository/HealthpostToCms/Page_HealthPost Store/button_Add' is clicked on

2018-06-01 11:33:46 - [TEST_STEP][PASSED] - scrollToElement: Scroll to object 'Object Repository/HealthpostToCms/Page_HealthPost Store/input_btnsave' successfully

2018-06-01 11:33:46 - [MESSAGE][PASSED] - Scroll to object 'Object Repository/HealthpostToCms/Page_HealthPost Store/input_btnsave' successfully

2018-06-01 11:33:46 - [TEST_STEP][PASSED] - click: Object: 'Object Repository/HealthpostToCms/Page_HealthPost Store/input_btnsave' is clicked on

2018-06-01 11:33:46 - [MESSAGE][PASSED] - Object: 'Object Repository/HealthpostToCms/Page_HealthPost Store/input_btnsave' is clicked on

2018-06-01 11:33:46 - [TEST_STEP][PASSED] - delay: Delayed 3 second(s)

2018-06-01 11:33:49 - [MESSAGE][PASSED] - Delayed 3 second(s)

2018-06-01 11:33:49 - [TEST_STEP][PASSED] - Statement - RN1 = com.kms.katalon.core.webui.keyword.WebUiBuiltInKeywords.getText(com.kms.katalon.core.testobject.ObjectRepository.findTestObject(HealthpostToCms/Page_HealthPost Store/font_PRNO18052018174)): Text of object 'Object Repository/HealthpostToCms/Page_HealthPost Store/font_PRNO18052018174' is: 'PRNO/01062018/532'

2018-06-01 11:33:49 - [MESSAGE][PASSED] - Text of object 'Object Repository/HealthpostToCms/Page_HealthPost Store/font_PRNO18052018174' is: 'PRNO/01062018/532'

2018-06-01 11:33:49 - [TEST_STEP][PASSED] - Statement - out.println(RN1): null

2018-06-01 11:33:49 - [TEST_STEP][PASSED] - Statement - RID = RN1.split("/")[2]: null

2018-06-01 11:33:49 - [TEST_STEP][PASSED] - click: Object: 'Object Repository/HealthpostToCms/Page_HealthPost Store/button_OK' is clicked on

2018-06-01 11:33:50 - [MESSAGE][PASSED] - Object: 'Object Repository/HealthpostToCms/Page_HealthPost Store/button_OK' is clicked on

2018-06-01 11:33:50 - [TEST_STEP][PASSED] - delay: Delayed 3 second(s)

2018-06-01 11:33:53 - [MESSAGE][PASSED] - Delayed 3 second(s)

2018-06-01 11:33:53 - [TEST_STEP][PASSED] - click: Object: 'Object Repository/HealthpostToCms/Page_HealthPost Store/a_dropdown-toggle' is clicked on

2018-06-01 11:33:53 - [MESSAGE][PASSED] - Object: 'Object Repository/HealthpostToCms/Page_HealthPost Store/a_dropdown-toggle' is clicked on

2018-06-01 11:33:53 - [TEST_STEP][PASSED] - click: Object: 'Object Repository/HealthpostToCms/Page_HealthPost Store/a_Sign out' is clicked on

2018-06-01 11:33:54 - [MESSAGE][PASSED] - Object: 'Object Repository/HealthpostToCms/Page_HealthPost Store/a_Sign out' is clicked on

2018-06-01 11:33:54 - [TEST_STEP][PASSED] - delay: Delayed 3 second(s)

2018-06-01 11:33:57 - [MESSAGE][PASSED] - Delayed 3 second(s)

2018-06-01 11:33:57 - [TEST_STEP][PASSED] - navigateToUrl: Navigate to 'http://192.168.137.1/multihospital_new/' successfully

2018-06-01 11:33:57 - [MESSAGE][PASSED] - Navigate to 'http://192.168.137.1/multihospital_new/' successfully

2018-06-01 11:33:57 - [TEST_STEP][PASSED] - click: Object: 'Object Repository/HealthpostToCms/Page_KDMC/a_CMO' is clicked on

2018-06-01 11:33:58 - [MESSAGE][PASSED] - Object: 'Object Repository/HealthpostToCms/Page_KDMC/a_CMO' is clicked on

2018-06-01 11:33:58 - [TEST_STEP][PASSED] - setText: Text 'guru' is set on object 'Object Repository/HealthpostToCms/Page_CMO login/input_txtusername'

2018-06-01 11:33:58 - [MESSAGE][PASSED] - Text 'guru' is set on object 'Object Repository/HealthpostToCms/Page_CMO login/input_txtusername'

2018-06-01 11:33:58 - [TEST_STEP][PASSED] - setText: Text '123' is set on object 'Object Repository/HealthpostToCms/Page_CMO login/input_txtpassword'

2018-06-01 11:33:58 - [MESSAGE][PASSED] - Text '123' is set on object 'Object Repository/HealthpostToCms/Page_CMO login/input_txtpassword'

2018-06-01 11:33:58 - [TEST_STEP][PASSED] - delay: Delayed 3 second(s)

2018-06-01 11:34:01 - [MESSAGE][PASSED] - Delayed 3 second(s)

2018-06-01 11:34:01 - [TEST_STEP][PASSED] - click: Object: 'Object Repository/HealthpostToCms/Page_CMO login/button_Sign in' is clicked on

2018-06-01 11:34:03 - [MESSAGE][PASSED] - Object: 'Object Repository/HealthpostToCms/Page_CMO login/button_Sign in' is clicked on

2018-06-01 11:34:03 - [TEST_STEP][PASSED] - delay: Delayed 3 second(s)

2018-06-01 11:34:06 - [MESSAGE][PASSED] - Delayed 3 second(s)

2018-06-01 11:34:06 - [TEST_STEP][PASSED] - click: Object: 'Object Repository/HealthpostToCms/Page_KDMC - CMO/a_CMS Request' is clicked on

2018-06-01 11:34:06 - [MESSAGE][PASSED] - Object: 'Object Repository/HealthpostToCms/Page_KDMC - CMO/a_CMS Request' is clicked on

2018-06-01 11:34:06 - [TEST_STEP][PASSED] - delay: Delayed 2 second(s)

2018-06-01 11:34:08 - [MESSAGE][PASSED] - Delayed 2 second(s)

2018-06-01 11:34:08 - [TEST_STEP][PASSED] - click: Object: 'Object Repository/HealthpostToCms/Page_KDMC - CMO/a_Healthpost Store Request' is clicked on

2018-06-01 11:34:08 - [MESSAGE][PASSED] - Object: 'Object Repository/HealthpostToCms/Page_KDMC - CMO/a_Healthpost Store Request' is clicked on

2018-06-01 11:34:08 - [TEST_STEP][PASSED] - selectOptionByIndex: All options with index in [1] are selected on object 'Object Repository/HealthpostToCms/Page_KDMC - CMO/select_--ALL--'

2018-06-01 11:34:09 - [MESSAGE][PASSED] - All options with index in [1] are selected on object 'Object Repository/HealthpostToCms/Page_KDMC - CMO/select_--ALL--'

2018-06-01 11:34:09 - [TEST_STEP][PASSED] - click: Object: 'Object Repository/HealthpostToCms/Page_KDMC - CMO/input_btnsearch' is clicked on

2018-06-01 11:34:09 - [MESSAGE][PASSED] - Object: 'Object Repository/HealthpostToCms/Page_KDMC - CMO/input_btnsearch' is clicked on

2018-06-01 11:34:09 - [TEST_STEP][PASSED] - Statement - ID = com.kms.katalon.core.webui.keyword.WebUiBuiltInKeywords.modifyObjectProperty(com.kms.katalon.core.testobject.ObjectRepository.findTestObject(lab/Page_KDMC - CMO/input_1), "xpath", "equals", "//*[@id=" + RID + "]", true): Modify property of object successfully

2018-06-01 11:34:09 - [MESSAGE][PASSED] - Modify property of object successfully

2018-06-01 11:34:09 - [TEST_STEP][PASSED] - click: Object: 'Object Repository/lab/Page_KDMC - CMO/input_1' is clicked on

2018-06-01 11:34:10 - [MESSAGE][PASSED] - Object: 'Object Repository/lab/Page_KDMC - CMO/input_1' is clicked on

2018-06-01 11:34:10 - [TEST_STEP][PASSED] - delay: Delayed 2 second(s)

2018-06-01 11:34:12 - [MESSAGE][PASSED] - Delayed 2 second(s)

2018-06-01 11:34:12 - [TEST_STEP][PASSED] - selectOptionByIndex: All options with index in [1] are selected on object 'Object Repository/HealthpostToCms/Page_KDMC - CMO/select_--Select--'

2018-06-01 11:34:12 - [MESSAGE][PASSED] - All options with index in [1] are selected on object 'Object Repository/HealthpostToCms/Page_KDMC - CMO/select_--Select--'

2018-06-01 11:34:12 - [TEST_STEP][PASSED] - click: Object: 'Object Repository/HealthpostToCms/Page_KDMC - CMO/input_btnupdate' is clicked on

2018-06-01 11:34:12 - [MESSAGE][PASSED] - Object: 'Object Repository/HealthpostToCms/Page_KDMC - CMO/input_btnupdate' is clicked on

2018-06-01 11:34:12 - [TEST_STEP][PASSED] - delay: Delayed 2 second(s)

2018-06-01 11:34:14 - [MESSAGE][PASSED] - Delayed 2 second(s)

2018-06-01 11:34:14 - [TEST_STEP][PASSED] - click: Object: 'Object Repository/HealthpostToCms/Page_KDMC - CMO/button_OK' is clicked on

2018-06-01 11:34:14 - [MESSAGE][PASSED] - Object: 'Object Repository/HealthpostToCms/Page_KDMC - CMO/button_OK' is clicked on

2018-06-01 11:34:14 - [TEST_STEP][PASSED] - delay: Delayed 3 second(s)

2018-06-01 11:34:17 - [MESSAGE][PASSED] - Delayed 3 second(s)

2018-06-01 11:34:17 - [TEST_STEP][PASSED] - click: Object: 'Object Repository/HealthpostToCms/Page_KDMC - CMO/a_dropdown-toggle' is clicked on

2018-06-01 11:34:17 - [MESSAGE][PASSED] - Object: 'Object Repository/HealthpostToCms/Page_KDMC - CMO/a_dropdown-toggle' is clicked on

2018-06-01 11:34:17 - [TEST_STEP][PASSED] - click: Object: 'Object Repository/HealthpostToCms/Page_KDMC - CMO/a_Sign out' is clicked on

2018-06-01 11:34:18 - [MESSAGE][PASSED] - Object: 'Object Repository/HealthpostToCms/Page_KDMC - CMO/a_Sign out' is clicked on

2018-06-01 11:34:18 - [TEST_STEP][PASSED] - delay: Delayed 3 second(s)

2018-06-01 11:34:21 - [MESSAGE][PASSED] - Delayed 3 second(s)

2018-06-01 11:34:21 - [TEST_STEP][PASSED] - click: Object: 'Object Repository/HealthpostToCms/Page_KDMC/a_CMS' is clicked on

2018-06-01 11:34:22 - [MESSAGE][PASSED] - Object: 'Object Repository/HealthpostToCms/Page_KDMC/a_CMS' is clicked on

2018-06-01 11:34:22 - [TEST_STEP][PASSED] - setText: Text 'bala' is set on object 'Object Repository/HealthpostToCms/Page_CMS login/input_txtusername'

2018-06-01 11:34:22 - [MESSAGE][PASSED] - Text 'bala' is set on object 'Object Repository/HealthpostToCms/Page_CMS login/input_txtusername'

2018-06-01 11:34:22 - [TEST_STEP][PASSED] - setText: Text '123' is set on object 'Object Repository/HealthpostToCms/Page_CMS login/input_txtpassword'

2018-06-01 11:34:22 - [MESSAGE][PASSED] - Text '123' is set on object 'Object Repository/HealthpostToCms/Page_CMS login/input_txtpassword'

2018-06-01 11:34:22 - [TEST_STEP][PASSED] - delay: Delayed 3 second(s)

2018-06-01 11:34:25 - [MESSAGE][PASSED] - Delayed 3 second(s)

2018-06-01 11:34:25 - [TEST_STEP][PASSED] - click: Object: 'Object Repository/HealthpostToCms/Page_CMS login/button_Sign in' is clicked on

2018-06-01 11:34:26 - [MESSAGE][PASSED] - Object: 'Object Repository/HealthpostToCms/Page_CMS login/button_Sign in' is clicked on

2018-06-01 11:34:26 - [TEST_STEP][PASSED] - delay: Delayed 3 second(s)

2018-06-01 11:34:29 - [MESSAGE][PASSED] - Delayed 3 second(s)

2018-06-01 11:34:29 - [TEST_STEP][PASSED] - click: Object: 'Object Repository/HealthpostToCms/Page_KDMC - CMS/a_Divisional Store' is clicked on

2018-06-01 11:34:29 - [MESSAGE][PASSED] - Object: 'Object Repository/HealthpostToCms/Page_KDMC - CMS/a_Divisional Store' is clicked on

2018-06-01 11:34:29 - [TEST_STEP][PASSED] - delay: Delayed 2 second(s)

2018-06-01 11:34:31 - [MESSAGE][PASSED] - Delayed 2 second(s)

2018-06-01 11:34:31 - [TEST_STEP][PASSED] - click: Object: 'Object Repository/HealthpostToCms/Page_KDMC - CMS/a_Dispatch Items' is clicked on

2018-06-01 11:34:31 - [MESSAGE][PASSED] - Object: 'Object Repository/HealthpostToCms/Page_KDMC - CMS/a_Dispatch Items' is clicked on

2018-06-01 11:34:31 - [TEST_STEP][PASSED] - delay: Delayed 2 second(s)

2018-06-01 11:34:33 - [MESSAGE][PASSED] - Delayed 2 second(s)

2018-06-01 11:34:33 - [TEST_STEP][PASSED] - setText: Text 'PRNO/01062018/532' is set on object 'Object Repository/HealthpostToCms/Page_KDMC - CMS/input'

2018-06-01 11:34:34 - [MESSAGE][PASSED] - Text 'PRNO/01062018/532' is set on object 'Object Repository/HealthpostToCms/Page_KDMC - CMS/input'

2018-06-01 11:34:34 - [TEST_STEP][PASSED] - click: Object: 'Object Repository/HealthpostToCms/Page_KDMC - CMS/input_PRNO18052018174' is clicked on

2018-06-01 11:34:34 - [MESSAGE][PASSED] - Object: 'Object Repository/HealthpostToCms/Page_KDMC - CMS/input_PRNO18052018174' is clicked on

2018-06-01 11:34:34 - [TEST_STEP][PASSED] - delay: Delayed 3 second(s)

2018-06-01 11:34:37 - [MESSAGE][PASSED] - Delayed 3 second(s)

2018-06-01 11:34:37 - [TEST_STEP][PASSED] - Statement - out.println("Length : " + medicineslength): null

2018-06-01 11:34:37 - [TEST_STEP][PASSED] - Statement - For ([row = 0, row < medicineslength - 1, (row++)]): null

2018-06-01 11:34:37 - [TEST_STEP][PASSED] - Statement - batchlength = new com.kms.katalon.core.testobject.TestObject(): null

2018-06-01 11:34:37 - [TEST_STEP][PASSED] - Statement - batchlength = com.kms.katalon.core.webui.keyword.WebUiBuiltInKeywords.modifyObjectProperty(batchlength, "xpath", "equals", "//*[@id = "fldvendor" + row + ""]", true): Modify property of object successfully

2018-06-01 11:34:37 - [MESSAGE][PASSED] - Modify property of object successfully

2018-06-01 11:34:37 - [TEST_STEP][PASSED] - Statement - batchsize = com.kms.katalon.core.webui.keyword.WebUiBuiltInKeywords.getNumberOfTotalOption(batchlength): 10 options of object '' counted

2018-06-01 11:34:37 - [MESSAGE][PASSED] - 10 options of object '' counted

2018-06-01 11:34:37 - [TEST_STEP][PASSED] - Statement - out.println("BatchSize : " + batchsize): null

2018-06-01 11:34:37 - [TEST_STEP][PASSED] - Statement - For ([n = 1, n <= batchsize - 1, (n++)]): null

2018-06-01 11:34:37 - [TEST_STEP][PASSED] - Statement - product = new com.kms.katalon.core.testobject.TestObject(): null

2018-06-01 11:34:37 - [TEST_STEP][PASSED] - Statement - product = com.kms.katalon.core.webui.keyword.WebUiBuiltInKeywords.modifyObjectProperty(product, "xpath", "equals", "//*[@id = "fldvendor" + row + ""]", true): Modify property of object successfully

2018-06-01 11:34:37 - [MESSAGE][PASSED] - Modify property of object successfully

2018-06-01 11:34:37 - [TEST_STEP][PASSED] - selectOptionByIndex: All options with index in [1] are selected on object ''

2018-06-01 11:34:37 - [MESSAGE][PASSED] - All options with index in [1] are selected on object ''

2018-06-01 11:34:37 - [TEST_STEP][PASSED] - Statement - batch = new com.kms.katalon.core.testobject.TestObject(): null

2018-06-01 11:34:37 - [TEST_STEP][PASSED] - Statement - batch = com.kms.katalon.core.webui.keyword.WebUiBuiltInKeywords.modifyObjectProperty(batch, "xpath", "equals", "//*[@id = "txtbthqty" + row + ""]", true): Modify property of object successfully

2018-06-01 11:34:37 - [MESSAGE][PASSED] - Modify property of object successfully

2018-06-01 11:34:37 - [TEST_STEP][PASSED] - Statement - batchqty = com.kms.katalon.core.webui.keyword.WebUiBuiltInKeywords.getAttribute(batch, "value").trim(): Attribute 'value' of object '' is: '3800'

2018-06-01 11:34:37 - [MESSAGE][PASSED] - Attribute 'value' of object '' is: '3800'

2018-06-01 11:34:37 - [TEST_STEP][PASSED] - Statement - Rqty = 100: null

2018-06-01 11:34:37 - [TEST_STEP][PASSED] - delay: Delayed 2 second(s)

2018-06-01 11:34:39 - [MESSAGE][PASSED] - Delayed 2 second(s)

2018-06-01 11:34:39 - [TEST_STEP][PASSED] - Statement - out.println("BatchQty : " + batchqty): null

2018-06-01 11:34:39 - [TEST_STEP][PASSED] - Statement - out.println("RQty : " + Rqty): null

2018-06-01 11:34:39 - [TEST_STEP][PASSED] - Statement - If (java.lang.Integer.valueOf(batchqty) >= java.lang.Integer.valueOf(Rqty)): null

2018-06-01 11:34:39 - [TEST_STEP][PASSED] - Statement - Break: null

2018-06-01 11:34:39 - [TEST_STEP][PASSED] - Statement - batchlength = new com.kms.katalon.core.testobject.TestObject(): null

2018-06-01 11:34:39 - [TEST_STEP][PASSED] - Statement - batchlength = com.kms.katalon.core.webui.keyword.WebUiBuiltInKeywords.modifyObjectProperty(batchlength, "xpath", "equals", "//*[@id = "fldvendor" + row + ""]", true): Modify property of object successfully

2018-06-01 11:34:39 - [MESSAGE][PASSED] - Modify property of object successfully

2018-06-01 11:34:39 - [TEST_STEP][PASSED] - Statement - batchsize = com.kms.katalon.core.webui.keyword.WebUiBuiltInKeywords.getNumberOfTotalOption(batchlength): 10 options of object '' counted

2018-06-01 11:34:39 - [MESSAGE][PASSED] - 10 options of object '' counted

2018-06-01 11:34:39 - [TEST_STEP][PASSED] - Statement - out.println("BatchSize : " + batchsize): null

2018-06-01 11:34:39 - [TEST_STEP][PASSED] - Statement - For ([n = 1, n <= batchsize - 1, (n++)]): null

2018-06-01 11:34:39 - [TEST_STEP][PASSED] - Statement - product = new com.kms.katalon.core.testobject.TestObject(): null

2018-06-01 11:34:39 - [TEST_STEP][PASSED] - Statement - product = com.kms.katalon.core.webui.keyword.WebUiBuiltInKeywords.modifyObjectProperty(product, "xpath", "equals", "//*[@id = "fldvendor" + row + ""]", true): Modify property of object successfully

2018-06-01 11:34:39 - [MESSAGE][PASSED] - Modify property of object successfully

2018-06-01 11:34:39 - [TEST_STEP][PASSED] - selectOptionByIndex: All options with index in [1] are selected on object ''

2018-06-01 11:34:39 - [MESSAGE][PASSED] - All options with index in [1] are selected on object ''

2018-06-01 11:34:39 - [TEST_STEP][PASSED] - Statement - batch = new com.kms.katalon.core.testobject.TestObject(): null

2018-06-01 11:34:39 - [TEST_STEP][PASSED] - Statement - batch = com.kms.katalon.core.webui.keyword.WebUiBuiltInKeywords.modifyObjectProperty(batch, "xpath", "equals", "//*[@id = "txtbthqty" + row + ""]", true): Modify property of object successfully

2018-06-01 11:34:39 - [MESSAGE][PASSED] - Modify property of object successfully

2018-06-01 11:34:39 - [TEST_STEP][PASSED] - Statement - batchqty = com.kms.katalon.core.webui.keyword.WebUiBuiltInKeywords.getAttribute(batch, "value").trim(): Attribute 'value' of object '' is: '35400'

2018-06-01 11:34:39 - [MESSAGE][PASSED] - Attribute 'value' of object '' is: '35400'

2018-06-01 11:34:39 - [TEST_STEP][PASSED] - Statement - Rqty = 100: null

2018-06-01 11:34:39 - [TEST_STEP][PASSED] - delay: Delayed 2 second(s)

2018-06-01 11:34:41 - [MESSAGE][PASSED] - Delayed 2 second(s)

2018-06-01 11:34:41 - [TEST_STEP][PASSED] - Statement - out.println("BatchQty : " + batchqty): null

2018-06-01 11:34:41 - [TEST_STEP][PASSED] - Statement - out.println("RQty : " + Rqty): null

2018-06-01 11:34:41 - [TEST_STEP][PASSED] - Statement - If (java.lang.Integer.valueOf(batchqty) >= java.lang.Integer.valueOf(Rqty)): null

2018-06-01 11:34:41 - [TEST_STEP][PASSED] - Statement - Break: null

2018-06-01 11:34:41 - [TEST_STEP][PASSED] - Statement - batchlength = new com.kms.katalon.core.testobject.TestObject(): null

2018-06-01 11:34:41 - [TEST_STEP][PASSED] - Statement - batchlength = com.kms.katalon.core.webui.keyword.WebUiBuiltInKeywords.modifyObjectProperty(batchlength, "xpath", "equals", "//*[@id = "fldvendor" + row + ""]", true): Modify property of object successfully

2018-06-01 11:34:41 - [MESSAGE][PASSED] - Modify property of object successfully

2018-06-01 11:34:41 - [TEST_STEP][PASSED] - Statement - batchsize = com.kms.katalon.core.webui.keyword.WebUiBuiltInKeywords.getNumberOfTotalOption(batchlength): 10 options of object '' counted

2018-06-01 11:34:41 - [MESSAGE][PASSED] - 10 options of object '' counted

2018-06-01 11:34:41 - [TEST_STEP][PASSED] - Statement - out.println("BatchSize : " + batchsize): null

2018-06-01 11:34:41 - [TEST_STEP][PASSED] - Statement - For ([n = 1, n <= batchsize - 1, (n++)]): null

2018-06-01 11:34:41 - [TEST_STEP][PASSED] - Statement - product = new com.kms.katalon.core.testobject.TestObject(): null

2018-06-01 11:34:41 - [TEST_STEP][PASSED] - Statement - product = com.kms.katalon.core.webui.keyword.WebUiBuiltInKeywords.modifyObjectProperty(product, "xpath", "equals", "//*[@id = "fldvendor" + row + ""]", true): Modify property of object successfully

2018-06-01 11:34:41 - [MESSAGE][PASSED] - Modify property of object successfully

2018-06-01 11:34:41 - [TEST_STEP][PASSED] - selectOptionByIndex: All options with index in [1] are selected on object ''

2018-06-01 11:34:41 - [MESSAGE][PASSED] - All options with index in [1] are selected on object ''

2018-06-01 11:34:41 - [TEST_STEP][PASSED] - Statement - batch = new com.kms.katalon.core.testobject.TestObject(): null

2018-06-01 11:34:41 - [TEST_STEP][PASSED] - Statement - batch = com.kms.katalon.core.webui.keyword.WebUiBuiltInKeywords.modifyObjectProperty(batch, "xpath", "equals", "//*[@id = "txtbthqty" + row + ""]", true): Modify property of object successfully

2018-06-01 11:34:41 - [MESSAGE][PASSED] - Modify property of object successfully

2018-06-01 11:34:41 - [TEST_STEP][PASSED] - Statement - batchqty = com.kms.katalon.core.webui.keyword.WebUiBuiltInKeywords.getAttribute(batch, "value").trim(): Attribute 'value' of object '' is: '1200'

2018-06-01 11:34:41 - [MESSAGE][PASSED] - Attribute 'value' of object '' is: '1200'

2018-06-01 11:34:41 - [TEST_STEP][PASSED] - Statement - Rqty = 100: null

2018-06-01 11:34:41 - [TEST_STEP][PASSED] - delay: Delayed 2 second(s)

2018-06-01 11:34:43 - [MESSAGE][PASSED] - Delayed 2 second(s)

2018-06-01 11:34:43 - [TEST_STEP][PASSED] - Statement - out.println("BatchQty : " + batchqty): null

2018-06-01 11:34:43 - [TEST_STEP][PASSED] - Statement - out.println("RQty : " + Rqty): null

2018-06-01 11:34:43 - [TEST_STEP][PASSED] - Statement - If (java.lang.Integer.valueOf(batchqty) >= java.lang.Integer.valueOf(Rqty)): null

2018-06-01 11:34:43 - [TEST_STEP][PASSED] - Statement - Break: null

2018-06-01 11:34:43 - [TEST_STEP][PASSED] - Statement - batchlength = new com.kms.katalon.core.testobject.TestObject(): null

2018-06-01 11:34:43 - [TEST_STEP][PASSED] - Statement - batchlength = com.kms.katalon.core.webui.keyword.WebUiBuiltInKeywords.modifyObjectProperty(batchlength, "xpath", "equals", "//*[@id = "fldvendor" + row + ""]", true): Modify property of object successfully

2018-06-01 11:34:43 - [MESSAGE][PASSED] - Modify property of object successfully

2018-06-01 11:34:43 - [TEST_STEP][PASSED] - Statement - batchsize = com.kms.katalon.core.webui.keyword.WebUiBuiltInKeywords.getNumberOfTotalOption(batchlength): 9 options of object '' counted

2018-06-01 11:34:43 - [MESSAGE][PASSED] - 9 options of object '' counted

2018-06-01 11:34:43 - [TEST_STEP][PASSED] - Statement - out.println("BatchSize : " + batchsize): null

2018-06-01 11:34:43 - [TEST_STEP][PASSED] - Statement - For ([n = 1, n <= batchsize - 1, (n++)]): null

2018-06-01 11:34:43 - [TEST_STEP][PASSED] - Statement - product = new com.kms.katalon.core.testobject.TestObject(): null

2018-06-01 11:34:43 - [TEST_STEP][PASSED] - Statement - product = com.kms.katalon.core.webui.keyword.WebUiBuiltInKeywords.modifyObjectProperty(product, "xpath", "equals", "//*[@id = "fldvendor" + row + ""]", true): Modify property of object successfully

2018-06-01 11:34:43 - [MESSAGE][PASSED] - Modify property of object successfully

2018-06-01 11:34:43 - [TEST_STEP][PASSED] - selectOptionByIndex: All options with index in [1] are selected on object ''

2018-06-01 11:34:44 - [MESSAGE][PASSED] - All options with index in [1] are selected on object ''

2018-06-01 11:34:44 - [TEST_STEP][PASSED] - Statement - batch = new com.kms.katalon.core.testobject.TestObject(): null

2018-06-01 11:34:44 - [TEST_STEP][PASSED] - Statement - batch = com.kms.katalon.core.webui.keyword.WebUiBuiltInKeywords.modifyObjectProperty(batch, "xpath", "equals", "//*[@id = "txtbthqty" + row + ""]", true): Modify property of object successfully

2018-06-01 11:34:44 - [MESSAGE][PASSED] - Modify property of object successfully

2018-06-01 11:34:44 - [TEST_STEP][PASSED] - Statement - batchqty = com.kms.katalon.core.webui.keyword.WebUiBuiltInKeywords.getAttribute(batch, "value").trim(): Attribute 'value' of object '' is: '4300'

2018-06-01 11:34:44 - [MESSAGE][PASSED] - Attribute 'value' of object '' is: '4300'

2018-06-01 11:34:44 - [TEST_STEP][PASSED] - Statement - Rqty = 100: null

2018-06-01 11:34:44 - [TEST_STEP][PASSED] - delay: Delayed 2 second(s)

2018-06-01 11:34:46 - [MESSAGE][PASSED] - Delayed 2 second(s)

2018-06-01 11:34:46 - [TEST_STEP][PASSED] - Statement - out.println("BatchQty : " + batchqty): null

2018-06-01 11:34:46 - [TEST_STEP][PASSED] - Statement - out.println("RQty : " + Rqty): null

2018-06-01 11:34:46 - [TEST_STEP][PASSED] - Statement - If (java.lang.Integer.valueOf(batchqty) >= java.lang.Integer.valueOf(Rqty)): null

2018-06-01 11:34:46 - [TEST_STEP][PASSED] - Statement - Break: null

2018-06-01 11:34:46 - [TEST_STEP][PASSED] - Statement - batchlength = new com.kms.katalon.core.testobject.TestObject(): null

2018-06-01 11:34:46 - [TEST_STEP][PASSED] - Statement - batchlength = com.kms.katalon.core.webui.keyword.WebUiBuiltInKeywords.modifyObjectProperty(batchlength, "xpath", "equals", "//*[@id = "fldvendor" + row + ""]", true): Modify property of object successfully

2018-06-01 11:34:46 - [MESSAGE][PASSED] - Modify property of object successfully

2018-06-01 11:34:46 - [TEST_STEP][PASSED] - Statement - batchsize = com.kms.katalon.core.webui.keyword.WebUiBuiltInKeywords.getNumberOfTotalOption(batchlength): 10 options of object '' counted

2018-06-01 11:34:46 - [MESSAGE][PASSED] - 10 options of object '' counted

2018-06-01 11:34:46 - [TEST_STEP][PASSED] - Statement - out.println("BatchSize : " + batchsize): null

2018-06-01 11:34:46 - [TEST_STEP][PASSED] - Statement - For ([n = 1, n <= batchsize - 1, (n++)]): null

2018-06-01 11:34:46 - [TEST_STEP][PASSED] - Statement - product = new com.kms.katalon.core.testobject.TestObject(): null

2018-06-01 11:34:46 - [TEST_STEP][PASSED] - Statement - product = com.kms.katalon.core.webui.keyword.WebUiBuiltInKeywords.modifyObjectProperty(product, "xpath", "equals", "//*[@id = "fldvendor" + row + ""]", true): Modify property of object successfully

2018-06-01 11:34:46 - [MESSAGE][PASSED] - Modify property of object successfully

2018-06-01 11:34:46 - [TEST_STEP][PASSED] - selectOptionByIndex: All options with index in [1] are selected on object ''

2018-06-01 11:34:46 - [MESSAGE][PASSED] - All options with index in [1] are selected on object ''

2018-06-01 11:34:46 - [TEST_STEP][PASSED] - Statement - batch = new com.kms.katalon.core.testobject.TestObject(): null

2018-06-01 11:34:46 - [TEST_STEP][PASSED] - Statement - batch = com.kms.katalon.core.webui.keyword.WebUiBuiltInKeywords.modifyObjectProperty(batch, "xpath", "equals", "//*[@id = "txtbthqty" + row + ""]", true): Modify property of object successfully

2018-06-01 11:34:46 - [MESSAGE][PASSED] - Modify property of object successfully

2018-06-01 11:34:46 - [TEST_STEP][PASSED] - Statement - batchqty = com.kms.katalon.core.webui.keyword.WebUiBuiltInKeywords.getAttribute(batch, "value").trim(): Attribute 'value' of object '' is: '3600'

2018-06-01 11:34:46 - [MESSAGE][PASSED] - Attribute 'value' of object '' is: '3600'

2018-06-01 11:34:46 - [TEST_STEP][PASSED] - Statement - Rqty = 100: null

2018-06-01 11:34:46 - [TEST_STEP][PASSED] - delay: Delayed 2 second(s)

2018-06-01 11:34:48 - [MESSAGE][PASSED] - Delayed 2 second(s)

2018-06-01 11:34:48 - [TEST_STEP][PASSED] - Statement - out.println("BatchQty : " + batchqty): null

2018-06-01 11:34:48 - [TEST_STEP][PASSED] - Statement - out.println("RQty : " + Rqty): null

2018-06-01 11:34:48 - [TEST_STEP][PASSED] - Statement - If (java.lang.Integer.valueOf(batchqty) >= java.lang.Integer.valueOf(Rqty)): null

2018-06-01 11:34:48 - [TEST_STEP][PASSED] - Statement - Break: null

2018-06-01 11:34:48 - [TEST_STEP][PASSED] - Statement - batchlength = new com.kms.katalon.core.testobject.TestObject(): null

2018-06-01 11:34:48 - [TEST_STEP][PASSED] - Statement - batchlength = com.kms.katalon.core.webui.keyword.WebUiBuiltInKeywords.modifyObjectProperty(batchlength, "xpath", "equals", "//*[@id = "fldvendor" + row + ""]", true): Modify property of object successfully

2018-06-01 11:34:48 - [MESSAGE][PASSED] - Modify property of object successfully

2018-06-01 11:34:48 - [TEST_STEP][PASSED] - Statement - batchsize = com.kms.katalon.core.webui.keyword.WebUiBuiltInKeywords.getNumberOfTotalOption(batchlength): 9 options of object '' counted

2018-06-01 11:34:48 - [MESSAGE][PASSED] - 9 options of object '' counted

2018-06-01 11:34:48 - [TEST_STEP][PASSED] - Statement - out.println("BatchSize : " + batchsize): null

2018-06-01 11:34:48 - [TEST_STEP][PASSED] - Statement - For ([n = 1, n <= batchsize - 1, (n++)]): null

2018-06-01 11:34:48 - [TEST_STEP][PASSED] - Statement - product = new com.kms.katalon.core.testobject.TestObject(): null

2018-06-01 11:34:48 - [TEST_STEP][PASSED] - Statement - product = com.kms.katalon.core.webui.keyword.WebUiBuiltInKeywords.modifyObjectProperty(product, "xpath", "equals", "//*[@id = "fldvendor" + row + ""]", true): Modify property of object successfully

2018-06-01 11:34:48 - [MESSAGE][PASSED] - Modify property of object successfully

2018-06-01 11:34:48 - [TEST_STEP][PASSED] - selectOptionByIndex: All options with index in [1] are selected on object ''

2018-06-01 11:34:48 - [MESSAGE][PASSED] - All options with index in [1] are selected on object ''

2018-06-01 11:34:48 - [TEST_STEP][PASSED] - Statement - batch = new com.kms.katalon.core.testobject.TestObject(): null

2018-06-01 11:34:48 - [TEST_STEP][PASSED] - Statement - batch = com.kms.katalon.core.webui.keyword.WebUiBuiltInKeywords.modifyObjectProperty(batch, "xpath", "equals", "//*[@id = "txtbthqty" + row + ""]", true): Modify property of object successfully

2018-06-01 11:34:48 - [MESSAGE][PASSED] - Modify property of object successfully

2018-06-01 11:34:48 - [TEST_STEP][PASSED] - Statement - batchqty = com.kms.katalon.core.webui.keyword.WebUiBuiltInKeywords.getAttribute(batch, "value").trim(): Attribute 'value' of object '' is: '4000'

2018-06-01 11:34:48 - [MESSAGE][PASSED] - Attribute 'value' of object '' is: '4000'

2018-06-01 11:34:48 - [TEST_STEP][PASSED] - Statement - Rqty = 100: null

2018-06-01 11:34:48 - [TEST_STEP][PASSED] - delay: Delayed 2 second(s)

2018-06-01 11:34:50 - [MESSAGE][PASSED] - Delayed 2 second(s)

2018-06-01 11:34:50 - [TEST_STEP][PASSED] - Statement - out.println("BatchQty : " + batchqty): null

2018-06-01 11:34:50 - [TEST_STEP][PASSED] - Statement - out.println("RQty : " + Rqty): null

2018-06-01 11:34:50 - [TEST_STEP][PASSED] - Statement - If (java.lang.Integer.valueOf(batchqty) >= java.lang.Integer.valueOf(Rqty)): null

2018-06-01 11:34:50 - [TEST_STEP][PASSED] - Statement - Break: null

2018-06-01 11:34:50 - [TEST_STEP][PASSED] - Statement - batchlength = new com.kms.katalon.core.testobject.TestObject(): null

2018-06-01 11:34:50 - [TEST_STEP][PASSED] - Statement - batchlength = com.kms.katalon.core.webui.keyword.WebUiBuiltInKeywords.modifyObjectProperty(batchlength, "xpath", "equals", "//*[@id = "fldvendor" + row + ""]", true): Modify property of object successfully

2018-06-01 11:34:50 - [MESSAGE][PASSED] - Modify property of object successfully

2018-06-01 11:34:50 - [TEST_STEP][PASSED] - Statement - batchsize = com.kms.katalon.core.webui.keyword.WebUiBuiltInKeywords.getNumberOfTotalOption(batchlength): 10 options of object '' counted

2018-06-01 11:34:50 - [MESSAGE][PASSED] - 10 options of object '' counted

2018-06-01 11:34:50 - [TEST_STEP][PASSED] - Statement - out.println("BatchSize : " + batchsize): null

2018-06-01 11:34:50 - [TEST_STEP][PASSED] - Statement - For ([n = 1, n <= batchsize - 1, (n++)]): null

2018-06-01 11:34:50 - [TEST_STEP][PASSED] - Statement - product = new com.kms.katalon.core.testobject.TestObject(): null

2018-06-01 11:34:50 - [TEST_STEP][PASSED] - Statement - product = com.kms.katalon.core.webui.keyword.WebUiBuiltInKeywords.modifyObjectProperty(product, "xpath", "equals", "//*[@id = "fldvendor" + row + ""]", true): Modify property of object successfully

2018-06-01 11:34:50 - [MESSAGE][PASSED] - Modify property of object successfully

2018-06-01 11:34:50 - [TEST_STEP][PASSED] - selectOptionByIndex: All options with index in [1] are selected on object ''

2018-06-01 11:34:50 - [MESSAGE][PASSED] - All options with index in [1] are selected on object ''

2018-06-01 11:34:50 - [TEST_STEP][PASSED] - Statement - batch = new com.kms.katalon.core.testobject.TestObject(): null

2018-06-01 11:34:50 - [TEST_STEP][PASSED] - Statement - batch = com.kms.katalon.core.webui.keyword.WebUiBuiltInKeywords.modifyObjectProperty(batch, "xpath", "equals", "//*[@id = "txtbthqty" + row + ""]", true): Modify property of object successfully

2018-06-01 11:34:50 - [MESSAGE][PASSED] - Modify property of object successfully

2018-06-01 11:34:50 - [TEST_STEP][PASSED] - Statement - batchqty = com.kms.katalon.core.webui.keyword.WebUiBuiltInKeywords.getAttribute(batch, "value").trim(): Attribute 'value' of object '' is: '50'

2018-06-01 11:34:50 - [MESSAGE][PASSED] - Attribute 'value' of object '' is: '50'

2018-06-01 11:34:50 - [TEST_STEP][PASSED] - Statement - Rqty = 100: null

2018-06-01 11:34:50 - [TEST_STEP][PASSED] - delay: Delayed 2 second(s)

2018-06-01 11:34:52 - [MESSAGE][PASSED] - Delayed 2 second(s)

2018-06-01 11:34:52 - [TEST_STEP][PASSED] - Statement - out.println("BatchQty : " + batchqty): null

2018-06-01 11:34:52 - [TEST_STEP][PASSED] - Statement - out.println("RQty : " + Rqty): null

2018-06-01 11:34:52 - [TEST_STEP][PASSED] - Statement - If (java.lang.Integer.valueOf(batchqty) >= java.lang.Integer.valueOf(Rqty)): null

2018-06-01 11:34:52 - [TEST_STEP][PASSED] - Statement - Else: null

2018-06-01 11:34:52 - [TEST_STEP][PASSED] - Statement - out.println("Batchqty Is Less Than Rqty"): null

2018-06-01 11:34:52 - [TEST_STEP][PASSED] - Statement - product = new com.kms.katalon.core.testobject.TestObject(): null

2018-06-01 11:34:52 - [TEST_STEP][PASSED] - Statement - product = com.kms.katalon.core.webui.keyword.WebUiBuiltInKeywords.modifyObjectProperty(product, "xpath", "equals", "//*[@id = "fldvendor" + row + ""]", true): Modify property of object successfully

2018-06-01 11:34:52 - [MESSAGE][PASSED] - Modify property of object successfully

2018-06-01 11:34:52 - [TEST_STEP][PASSED] - selectOptionByIndex: All options with index in [2] are selected on object ''

2018-06-01 11:34:53 - [MESSAGE][PASSED] - All options with index in [2] are selected on object ''

2018-06-01 11:34:53 - [TEST_STEP][PASSED] - Statement - batch = new com.kms.katalon.core.testobject.TestObject(): null

2018-06-01 11:34:53 - [TEST_STEP][PASSED] - Statement - batch = com.kms.katalon.core.webui.keyword.WebUiBuiltInKeywords.modifyObjectProperty(batch, "xpath", "equals", "//*[@id = "txtbthqty" + row + ""]", true): Modify property of object successfully

2018-06-01 11:34:53 - [MESSAGE][PASSED] - Modify property of object successfully

2018-06-01 11:34:53 - [TEST_STEP][PASSED] - Statement - batchqty = com.kms.katalon.core.webui.keyword.WebUiBuiltInKeywords.getAttribute(batch, "value").trim(): Attribute 'value' of object '' is: '4300'

2018-06-01 11:34:53 - [MESSAGE][PASSED] - Attribute 'value' of object '' is: '4300'

2018-06-01 11:34:53 - [TEST_STEP][PASSED] - Statement - Rqty = 100: null

2018-06-01 11:34:53 - [TEST_STEP][PASSED] - delay: Delayed 2 second(s)

2018-06-01 11:34:55 - [MESSAGE][PASSED] - Delayed 2 second(s)

2018-06-01 11:34:55 - [TEST_STEP][PASSED] - Statement - out.println("BatchQty : " + batchqty): null

2018-06-01 11:34:55 - [TEST_STEP][PASSED] - Statement - out.println("RQty : " + Rqty): null

2018-06-01 11:34:55 - [TEST_STEP][PASSED] - Statement - If (java.lang.Integer.valueOf(batchqty) >= java.lang.Integer.valueOf(Rqty)): null

2018-06-01 11:34:55 - [TEST_STEP][PASSED] - Statement - Break: null

2018-06-01 11:34:55 - [TEST_STEP][PASSED] - Statement - batchlength = new com.kms.katalon.core.testobject.TestObject(): null

2018-06-01 11:34:55 - [TEST_STEP][PASSED] - Statement - batchlength = com.kms.katalon.core.webui.keyword.WebUiBuiltInKeywords.modifyObjectProperty(batchlength, "xpath", "equals", "//*[@id = "fldvendor" + row + ""]", true): Modify property of object successfully

2018-06-01 11:34:55 - [MESSAGE][PASSED] - Modify property of object successfully

2018-06-01 11:34:55 - [TEST_STEP][PASSED] - Statement - batchsize = com.kms.katalon.core.webui.keyword.WebUiBuiltInKeywords.getNumberOfTotalOption(batchlength): 9 options of object '' counted

2018-06-01 11:34:55 - [MESSAGE][PASSED] - 9 options of object '' counted

2018-06-01 11:34:55 - [TEST_STEP][PASSED] - Statement - out.println("BatchSize : " + batchsize): null

2018-06-01 11:34:55 - [TEST_STEP][PASSED] - Statement - For ([n = 1, n <= batchsize - 1, (n++)]): null

2018-06-01 11:34:55 - [TEST_STEP][PASSED] - Statement - product = new com.kms.katalon.core.testobject.TestObject(): null

2018-06-01 11:34:55 - [TEST_STEP][PASSED] - Statement - product = com.kms.katalon.core.webui.keyword.WebUiBuiltInKeywords.modifyObjectProperty(product, "xpath", "equals", "//*[@id = "fldvendor" + row + ""]", true): Modify property of object successfully

2018-06-01 11:34:55 - [MESSAGE][PASSED] - Modify property of object successfully

2018-06-01 11:34:55 - [TEST_STEP][PASSED] - selectOptionByIndex: All options with index in [1] are selected on object ''

2018-06-01 11:34:55 - [MESSAGE][PASSED] - All options with index in [1] are selected on object ''

2018-06-01 11:34:55 - [TEST_STEP][PASSED] - Statement - batch = new com.kms.katalon.core.testobject.TestObject(): null

2018-06-01 11:34:55 - [TEST_STEP][PASSED] - Statement - batch = com.kms.katalon.core.webui.keyword.WebUiBuiltInKeywords.modifyObjectProperty(batch, "xpath", "equals", "//*[@id = "txtbthqty" + row + ""]", true): Modify property of object successfully

2018-06-01 11:34:55 - [MESSAGE][PASSED] - Modify property of object successfully

2018-06-01 11:34:55 - [TEST_STEP][PASSED] - Statement - batchqty = com.kms.katalon.core.webui.keyword.WebUiBuiltInKeywords.getAttribute(batch, "value").trim(): Attribute 'value' of object '' is: '4000'

2018-06-01 11:34:55 - [MESSAGE][PASSED] - Attribute 'value' of object '' is: '4000'

2018-06-01 11:34:55 - [TEST_STEP][PASSED] - Statement - Rqty = 100: null

2018-06-01 11:34:55 - [TEST_STEP][PASSED] - delay: Delayed 2 second(s)

2018-06-01 11:34:57 - [MESSAGE][PASSED] - Delayed 2 second(s)

2018-06-01 11:34:57 - [TEST_STEP][PASSED] - Statement - out.println("BatchQty : " + batchqty): null

2018-06-01 11:34:57 - [TEST_STEP][PASSED] - Statement - out.println("RQty : " + Rqty): null

2018-06-01 11:34:57 - [TEST_STEP][PASSED] - Statement - If (java.lang.Integer.valueOf(batchqty) >= java.lang.Integer.valueOf(Rqty)): null

2018-06-01 11:34:57 - [TEST_STEP][PASSED] - Statement - Break: null

2018-06-01 11:34:57 - [TEST_STEP][PASSED] - Statement - batchlength = new com.kms.katalon.core.testobject.TestObject(): null

2018-06-01 11:34:57 - [TEST_STEP][PASSED] - Statement - batchlength = com.kms.katalon.core.webui.keyword.WebUiBuiltInKeywords.modifyObjectProperty(batchlength, "xpath", "equals", "//*[@id = "fldvendor" + row + ""]", true): Modify property of object successfully

2018-06-01 11:34:57 - [MESSAGE][PASSED] - Modify property of object successfully

2018-06-01 11:34:57 - [TEST_STEP][PASSED] - Statement - batchsize = com.kms.katalon.core.webui.keyword.WebUiBuiltInKeywords.getNumberOfTotalOption(batchlength): 11 options of object '' counted

2018-06-01 11:34:57 - [MESSAGE][PASSED] - 11 options of object '' counted

2018-06-01 11:34:57 - [TEST_STEP][PASSED] - Statement - out.println("BatchSize : " + batchsize): null

2018-06-01 11:34:57 - [TEST_STEP][PASSED] - Statement - For ([n = 1, n <= batchsize - 1, (n++)]): null

2018-06-01 11:34:57 - [TEST_STEP][PASSED] - Statement - product = new com.kms.katalon.core.testobject.TestObject(): null

2018-06-01 11:34:57 - [TEST_STEP][PASSED] - Statement - product = com.kms.katalon.core.webui.keyword.WebUiBuiltInKeywords.modifyObjectProperty(product, "xpath", "equals", "//*[@id = "fldvendor" + row + ""]", true): Modify property of object successfully

2018-06-01 11:34:57 - [MESSAGE][PASSED] - Modify property of object successfully

2018-06-01 11:34:57 - [TEST_STEP][PASSED] - selectOptionByIndex: All options with index in [1] are selected on object ''

2018-06-01 11:34:57 - [MESSAGE][PASSED] - All options with index in [1] are selected on object ''

2018-06-01 11:34:57 - [TEST_STEP][PASSED] - Statement - batch = new com.kms.katalon.core.testobject.TestObject(): null

2018-06-01 11:34:57 - [TEST_STEP][PASSED] - Statement - batch = com.kms.katalon.core.webui.keyword.WebUiBuiltInKeywords.modifyObjectProperty(batch, "xpath", "equals", "//*[@id = "txtbthqty" + row + ""]", true): Modify property of object successfully

2018-06-01 11:34:57 - [MESSAGE][PASSED] - Modify property of object successfully

2018-06-01 11:34:57 - [TEST_STEP][PASSED] - Statement - batchqty = com.kms.katalon.core.webui.keyword.WebUiBuiltInKeywords.getAttribute(batch, "value").trim(): Attribute 'value' of object '' is: '3600'

2018-06-01 11:34:57 - [MESSAGE][PASSED] - Attribute 'value' of object '' is: '3600'

2018-06-01 11:34:57 - [TEST_STEP][PASSED] - Statement - Rqty = 100: null

2018-06-01 11:34:57 - [TEST_STEP][PASSED] - delay: Delayed 2 second(s)

2018-06-01 11:34:59 - [MESSAGE][PASSED] - Delayed 2 second(s)

2018-06-01 11:34:59 - [TEST_STEP][PASSED] - Statement - out.println("BatchQty : " + batchqty): null

2018-06-01 11:34:59 - [TEST_STEP][PASSED] - Statement - out.println("RQty : " + Rqty): null

2018-06-01 11:34:59 - [TEST_STEP][PASSED] - Statement - If (java.lang.Integer.valueOf(batchqty) >= java.lang.Integer.valueOf(Rqty)): null

2018-06-01 11:34:59 - [TEST_STEP][PASSED] - Statement - Break: null

2018-06-01 11:34:59 - [TEST_STEP][PASSED] - Statement - batchlength = new com.kms.katalon.core.testobject.TestObject(): null

2018-06-01 11:34:59 - [TEST_STEP][PASSED] - Statement - batchlength = com.kms.katalon.core.webui.keyword.WebUiBuiltInKeywords.modifyObjectProperty(batchlength, "xpath", "equals", "//*[@id = "fldvendor" + row + ""]", true): Modify property of object successfully

2018-06-01 11:34:59 - [MESSAGE][PASSED] - Modify property of object successfully

2018-06-01 11:34:59 - [TEST_STEP][PASSED] - Statement - batchsize = com.kms.katalon.core.webui.keyword.WebUiBuiltInKeywords.getNumberOfTotalOption(batchlength): 9 options of object '' counted

2018-06-01 11:34:59 - [MESSAGE][PASSED] - 9 options of object '' counted

2018-06-01 11:34:59 - [TEST_STEP][PASSED] - Statement - out.println("BatchSize : " + batchsize): null

2018-06-01 11:34:59 - [TEST_STEP][PASSED] - Statement - For ([n = 1, n <= batchsize - 1, (n++)]): null

2018-06-01 11:34:59 - [TEST_STEP][PASSED] - Statement - product = new com.kms.katalon.core.testobject.TestObject(): null

2018-06-01 11:34:59 - [TEST_STEP][PASSED] - Statement - product = com.kms.katalon.core.webui.keyword.WebUiBuiltInKeywords.modifyObjectProperty(product, "xpath", "equals", "//*[@id = "fldvendor" + row + ""]", true): Modify property of object successfully

2018-06-01 11:34:59 - [MESSAGE][PASSED] - Modify property of object successfully

2018-06-01 11:34:59 - [TEST_STEP][PASSED] - selectOptionByIndex: All options with index in [1] are selected on object ''

2018-06-01 11:34:59 - [MESSAGE][PASSED] - All options with index in [1] are selected on object ''

2018-06-01 11:34:59 - [TEST_STEP][PASSED] - Statement - batch = new com.kms.katalon.core.testobject.TestObject(): null

2018-06-01 11:34:59 - [TEST_STEP][PASSED] - Statement - batch = com.kms.katalon.core.webui.keyword.WebUiBuiltInKeywords.modifyObjectProperty(batch, "xpath", "equals", "//*[@id = "txtbthqty" + row + ""]", true): Modify property of object successfully

2018-06-01 11:34:59 - [MESSAGE][PASSED] - Modify property of object successfully

2018-06-01 11:34:59 - [TEST_STEP][PASSED] - Statement - batchqty = com.kms.katalon.core.webui.keyword.WebUiBuiltInKeywords.getAttribute(batch, "value").trim(): Attribute 'value' of object '' is: '4100'

2018-06-01 11:34:59 - [MESSAGE][PASSED] - Attribute 'value' of object '' is: '4100'

2018-06-01 11:34:59 - [TEST_STEP][PASSED] - Statement - Rqty = 100: null

2018-06-01 11:34:59 - [TEST_STEP][PASSED] - delay: Delayed 2 second(s)

2018-06-01 11:35:01 - [MESSAGE][PASSED] - Delayed 2 second(s)

2018-06-01 11:35:01 - [TEST_STEP][PASSED] - Statement - out.println("BatchQty : " + batchqty): null

2018-06-01 11:35:01 - [TEST_STEP][PASSED] - Statement - out.println("RQty : " + Rqty): null

2018-06-01 11:35:01 - [TEST_STEP][PASSED] - Statement - If (java.lang.Integer.valueOf(batchqty) >= java.lang.Integer.valueOf(Rqty)): null

2018-06-01 11:35:01 - [TEST_STEP][PASSED] - Statement - Break: null

2018-06-01 11:35:01 - [TEST_STEP][PASSED] - Statement - batchlength = new com.kms.katalon.core.testobject.TestObject(): null

2018-06-01 11:35:01 - [TEST_STEP][PASSED] - Statement - batchlength = com.kms.katalon.core.webui.keyword.WebUiBuiltInKeywords.modifyObjectProperty(batchlength, "xpath", "equals", "//*[@id = "fldvendor" + row + ""]", true): Modify property of object successfully

2018-06-01 11:35:01 - [MESSAGE][PASSED] - Modify property of object successfully

2018-06-01 11:35:01 - [TEST_STEP][PASSED] - Statement - batchsize = com.kms.katalon.core.webui.keyword.WebUiBuiltInKeywords.getNumberOfTotalOption(batchlength): 10 options of object '' counted

2018-06-01 11:35:01 - [MESSAGE][PASSED] - 10 options of object '' counted

2018-06-01 11:35:01 - [TEST_STEP][PASSED] - Statement - out.println("BatchSize : " + batchsize): null

2018-06-01 11:35:01 - [TEST_STEP][PASSED] - Statement - For ([n = 1, n <= batchsize - 1, (n++)]): null

2018-06-01 11:35:01 - [TEST_STEP][PASSED] - Statement - product = new com.kms.katalon.core.testobject.TestObject(): null

2018-06-01 11:35:01 - [TEST_STEP][PASSED] - Statement - product = com.kms.katalon.core.webui.keyword.WebUiBuiltInKeywords.modifyObjectProperty(product, "xpath", "equals", "//*[@id = "fldvendor" + row + ""]", true): Modify property of object successfully

2018-06-01 11:35:01 - [MESSAGE][PASSED] - Modify property of object successfully

2018-06-01 11:35:01 - [TEST_STEP][PASSED] - selectOptionByIndex: All options with index in [1] are selected on object ''

2018-06-01 11:35:02 - [MESSAGE][PASSED] - All options with index in [1] are selected on object ''

2018-06-01 11:35:02 - [TEST_STEP][PASSED] - Statement - batch = new com.kms.katalon.core.testobject.TestObject(): null

2018-06-01 11:35:02 - [TEST_STEP][PASSED] - Statement - batch = com.kms.katalon.core.webui.keyword.WebUiBuiltInKeywords.modifyObjectProperty(batch, "xpath", "equals", "//*[@id = "txtbthqty" + row + ""]", true): Modify property of object successfully

2018-06-01 11:35:02 - [MESSAGE][PASSED] - Modify property of object successfully

2018-06-01 11:35:02 - [TEST_STEP][PASSED] - Statement - batchqty = com.kms.katalon.core.webui.keyword.WebUiBuiltInKeywords.getAttribute(batch, "value").trim(): Attribute 'value' of object '' is: '33400'

2018-06-01 11:35:02 - [MESSAGE][PASSED] - Attribute 'value' of object '' is: '33400'

2018-06-01 11:35:02 - [TEST_STEP][PASSED] - Statement - Rqty = 100: null

2018-06-01 11:35:02 - [TEST_STEP][PASSED] - delay: Delayed 2 second(s)

2018-06-01 11:35:04 - [MESSAGE][PASSED] - Delayed 2 second(s)

2018-06-01 11:35:04 - [TEST_STEP][PASSED] - Statement - out.println("BatchQty : " + batchqty): null

2018-06-01 11:35:04 - [TEST_STEP][PASSED] - Statement - out.println("RQty : " + Rqty): null

2018-06-01 11:35:04 - [TEST_STEP][PASSED] - Statement - If (java.lang.Integer.valueOf(batchqty) >= java.lang.Integer.valueOf(Rqty)): null

2018-06-01 11:35:04 - [TEST_STEP][PASSED] - Statement - Break: null

2018-06-01 11:35:04 - [TEST_STEP][PASSED] - Statement - batchlength = new com.kms.katalon.core.testobject.TestObject(): null

2018-06-01 11:35:04 - [TEST_STEP][PASSED] - Statement - batchlength = com.kms.katalon.core.webui.keyword.WebUiBuiltInKeywords.modifyObjectProperty(batchlength, "xpath", "equals", "//*[@id = "fldvendor" + row + ""]", true): Modify property of object successfully

2018-06-01 11:35:04 - [MESSAGE][PASSED] - Modify property of object successfully

2018-06-01 11:35:04 - [TEST_STEP][PASSED] - Statement - batchsize = com.kms.katalon.core.webui.keyword.WebUiBuiltInKeywords.getNumberOfTotalOption(batchlength): 10 options of object '' counted

2018-06-01 11:35:04 - [MESSAGE][PASSED] - 10 options of object '' counted

2018-06-01 11:35:04 - [TEST_STEP][PASSED] - Statement - out.println("BatchSize : " + batchsize): null

2018-06-01 11:35:04 - [TEST_STEP][PASSED] - Statement - For ([n = 1, n <= batchsize - 1, (n++)]): null

2018-06-01 11:35:04 - [TEST_STEP][PASSED] - Statement - product = new com.kms.katalon.core.testobject.TestObject(): null

2018-06-01 11:35:04 - [TEST_STEP][PASSED] - Statement - product = com.kms.katalon.core.webui.keyword.WebUiBuiltInKeywords.modifyObjectProperty(product, "xpath", "equals", "//*[@id = "fldvendor" + row + ""]", true): Modify property of object successfully

2018-06-01 11:35:04 - [MESSAGE][PASSED] - Modify property of object successfully

2018-06-01 11:35:04 - [TEST_STEP][PASSED] - selectOptionByIndex: All options with index in [1] are selected on object ''

2018-06-01 11:35:04 - [MESSAGE][PASSED] - All options with index in [1] are selected on object ''

2018-06-01 11:35:04 - [TEST_STEP][PASSED] - Statement - batch = new com.kms.katalon.core.testobject.TestObject(): null

2018-06-01 11:35:04 - [TEST_STEP][PASSED] - Statement - batch = com.kms.katalon.core.webui.keyword.WebUiBuiltInKeywords.modifyObjectProperty(batch, "xpath", "equals", "//*[@id = "txtbthqty" + row + ""]", true): Modify property of object successfully

2018-06-01 11:35:04 - [MESSAGE][PASSED] - Modify property of object successfully

2018-06-01 11:35:04 - [TEST_STEP][PASSED] - Statement - batchqty = com.kms.katalon.core.webui.keyword.WebUiBuiltInKeywords.getAttribute(batch, "value").trim(): Attribute 'value' of object '' is: '1100'

2018-06-01 11:35:04 - [MESSAGE][PASSED] - Attribute 'value' of object '' is: '1100'

2018-06-01 11:35:04 - [TEST_STEP][PASSED] - Statement - Rqty = 100: null

2018-06-01 11:35:04 - [TEST_STEP][PASSED] - delay: Delayed 2 second(s)

2018-06-01 11:35:06 - [MESSAGE][PASSED] - Delayed 2 second(s)

2018-06-01 11:35:06 - [TEST_STEP][PASSED] - Statement - out.println("BatchQty : " + batchqty): null

2018-06-01 11:35:06 - [TEST_STEP][PASSED] - Statement - out.println("RQty : " + Rqty): null

2018-06-01 11:35:06 - [TEST_STEP][PASSED] - Statement - If (java.lang.Integer.valueOf(batchqty) >= java.lang.Integer.valueOf(Rqty)): null

2018-06-01 11:35:06 - [TEST_STEP][PASSED] - Statement - Break: null

2018-06-01 11:35:06 - [TEST_STEP][PASSED] - Statement - batchlength = new com.kms.katalon.core.testobject.TestObject(): null

2018-06-01 11:35:06 - [TEST_STEP][PASSED] - Statement - batchlength = com.kms.katalon.core.webui.keyword.WebUiBuiltInKeywords.modifyObjectProperty(batchlength, "xpath", "equals", "//*[@id = "fldvendor" + row + ""]", true): Modify property of object successfully

2018-06-01 11:35:06 - [MESSAGE][PASSED] - Modify property of object successfully

2018-06-01 11:35:06 - [TEST_STEP][PASSED] - Statement - batchsize = com.kms.katalon.core.webui.keyword.WebUiBuiltInKeywords.getNumberOfTotalOption(batchlength): 10 options of object '' counted

2018-06-01 11:35:06 - [MESSAGE][PASSED] - 10 options of object '' counted

2018-06-01 11:35:06 - [TEST_STEP][PASSED] - Statement - out.println("BatchSize : " + batchsize): null

2018-06-01 11:35:06 - [TEST_STEP][PASSED] - Statement - For ([n = 1, n <= batchsize - 1, (n++)]): null

2018-06-01 11:35:06 - [TEST_STEP][PASSED] - Statement - product = new com.kms.katalon.core.testobject.TestObject(): null

2018-06-01 11:35:06 - [TEST_STEP][PASSED] - Statement - product = com.kms.katalon.core.webui.keyword.WebUiBuiltInKeywords.modifyObjectProperty(product, "xpath", "equals", "//*[@id = "fldvendor" + row + ""]", true): Modify property of object successfully

2018-06-01 11:35:06 - [MESSAGE][PASSED] - Modify property of object successfully

2018-06-01 11:35:06 - [TEST_STEP][PASSED] - selectOptionByIndex: All options with index in [1] are selected on object ''

2018-06-01 11:35:06 - [MESSAGE][PASSED] - All options with index in [1] are selected on object ''

2018-06-01 11:35:06 - [TEST_STEP][PASSED] - Statement - batch = new com.kms.katalon.core.testobject.TestObject(): null

2018-06-01 11:35:06 - [TEST_STEP][PASSED] - Statement - batch = com.kms.katalon.core.webui.keyword.WebUiBuiltInKeywords.modifyObjectProperty(batch, "xpath", "equals", "//*[@id = "txtbthqty" + row + ""]", true): Modify property of object successfully

2018-06-01 11:35:06 - [MESSAGE][PASSED] - Modify property of object successfully

2018-06-01 11:35:06 - [TEST_STEP][PASSED] - Statement - batchqty = com.kms.katalon.core.webui.keyword.WebUiBuiltInKeywords.getAttribute(batch, "value").trim(): Attribute 'value' of object '' is: '1100'

2018-06-01 11:35:06 - [MESSAGE][PASSED] - Attribute 'value' of object '' is: '1100'

2018-06-01 11:35:06 - [TEST_STEP][PASSED] - Statement - Rqty = 100: null

2018-06-01 11:35:06 - [TEST_STEP][PASSED] - delay: Delayed 2 second(s)

2018-06-01 11:35:08 - [MESSAGE][PASSED] - Delayed 2 second(s)

2018-06-01 11:35:08 - [TEST_STEP][PASSED] - Statement - out.println("BatchQty : " + batchqty): null

2018-06-01 11:35:08 - [TEST_STEP][PASSED] - Statement - out.println("RQty : " + Rqty): null

2018-06-01 11:35:08 - [TEST_STEP][PASSED] - Statement - If (java.lang.Integer.valueOf(batchqty) >= java.lang.Integer.valueOf(Rqty)): null

2018-06-01 11:35:08 - [TEST_STEP][PASSED] - Statement - Break: null

2018-06-01 11:35:08 - [TEST_STEP][PASSED] - Statement - batchlength = new com.kms.katalon.core.testobject.TestObject(): null

2018-06-01 11:35:08 - [TEST_STEP][PASSED] - Statement - batchlength = com.kms.katalon.core.webui.keyword.WebUiBuiltInKeywords.modifyObjectProperty(batchlength, "xpath", "equals", "//*[@id = "fldvendor" + row + ""]", true): Modify property of object successfully

2018-06-01 11:35:08 - [MESSAGE][PASSED] - Modify property of object successfully

2018-06-01 11:35:08 - [TEST_STEP][PASSED] - Statement - batchsize = com.kms.katalon.core.webui.keyword.WebUiBuiltInKeywords.getNumberOfTotalOption(batchlength): 9 options of object '' counted

2018-06-01 11:35:08 - [MESSAGE][PASSED] - 9 options of object '' counted

2018-06-01 11:35:08 - [TEST_STEP][PASSED] - Statement - out.println("BatchSize : " + batchsize): null

2018-06-01 11:35:08 - [TEST_STEP][PASSED] - Statement - For ([n = 1, n <= batchsize - 1, (n++)]): null

2018-06-01 11:35:08 - [TEST_STEP][PASSED] - Statement - product = new com.kms.katalon.core.testobject.TestObject(): null

2018-06-01 11:35:08 - [TEST_STEP][PASSED] - Statement - product = com.kms.katalon.core.webui.keyword.WebUiBuiltInKeywords.modifyObjectProperty(product, "xpath", "equals", "//*[@id = "fldvendor" + row + ""]", true): Modify property of object successfully

2018-06-01 11:35:08 - [MESSAGE][PASSED] - Modify property of object successfully

2018-06-01 11:35:08 - [TEST_STEP][PASSED] - selectOptionByIndex: All options with index in [1] are selected on object ''

2018-06-01 11:35:08 - [MESSAGE][PASSED] - All options with index in [1] are selected on object ''

2018-06-01 11:35:08 - [TEST_STEP][PASSED] - Statement - batch = new com.kms.katalon.core.testobject.TestObject(): null

2018-06-01 11:35:08 - [TEST_STEP][PASSED] - Statement - batch = com.kms.katalon.core.webui.keyword.WebUiBuiltInKeywords.modifyObjectProperty(batch, "xpath", "equals", "//*[@id = "txtbthqty" + row + ""]", true): Modify property of object successfully

2018-06-01 11:35:08 - [MESSAGE][PASSED] - Modify property of object successfully

2018-06-01 11:35:08 - [TEST_STEP][PASSED] - Statement - batchqty = com.kms.katalon.core.webui.keyword.WebUiBuiltInKeywords.getAttribute(batch, "value").trim(): Attribute 'value' of object '' is: '4300'

2018-06-01 11:35:08 - [MESSAGE][PASSED] - Attribute 'value' of object '' is: '4300'

2018-06-01 11:35:08 - [TEST_STEP][PASSED] - Statement - Rqty = 100: null

2018-06-01 11:35:08 - [TEST_STEP][PASSED] - delay: Delayed 2 second(s)

2018-06-01 11:35:10 - [MESSAGE][PASSED] - Delayed 2 second(s)

2018-06-01 11:35:10 - [TEST_STEP][PASSED] - Statement - out.println("BatchQty : " + batchqty): null

2018-06-01 11:35:10 - [TEST_STEP][PASSED] - Statement - out.println("RQty : " + Rqty): null

2018-06-01 11:35:10 - [TEST_STEP][PASSED] - Statement - If (java.lang.Integer.valueOf(batchqty) >= java.lang.Integer.valueOf(Rqty)): null

2018-06-01 11:35:10 - [TEST_STEP][PASSED] - Statement - Break: null

2018-06-01 11:35:10 - [TEST_STEP][PASSED] - Statement - batchlength = new com.kms.katalon.core.testobject.TestObject(): null

2018-06-01 11:35:10 - [TEST_STEP][PASSED] - Statement - batchlength = com.kms.katalon.core.webui.keyword.WebUiBuiltInKeywords.modifyObjectProperty(batchlength, "xpath", "equals", "//*[@id = "fldvendor" + row + ""]", true): Modify property of object successfully

2018-06-01 11:35:10 - [MESSAGE][PASSED] - Modify property of object successfully

2018-06-01 11:35:10 - [TEST_STEP][PASSED] - Statement - batchsize = com.kms.katalon.core.webui.keyword.WebUiBuiltInKeywords.getNumberOfTotalOption(batchlength): 8 options of object '' counted

2018-06-01 11:35:10 - [MESSAGE][PASSED] - 8 options of object '' counted

2018-06-01 11:35:10 - [TEST_STEP][PASSED] - Statement - out.println("BatchSize : " + batchsize): null

2018-06-01 11:35:10 - [TEST_STEP][PASSED] - Statement - For ([n = 1, n <= batchsize - 1, (n++)]): null

2018-06-01 11:35:10 - [TEST_STEP][PASSED] - Statement - product = new com.kms.katalon.core.testobject.TestObject(): null

2018-06-01 11:35:10 - [TEST_STEP][PASSED] - Statement - product = com.kms.katalon.core.webui.keyword.WebUiBuiltInKeywords.modifyObjectProperty(product, "xpath", "equals", "//*[@id = "fldvendor" + row + ""]", true): Modify property of object successfully

2018-06-01 11:35:10 - [MESSAGE][PASSED] - Modify property of object successfully

2018-06-01 11:35:10 - [TEST_STEP][PASSED] - selectOptionByIndex: All options with index in [1] are selected on object ''

2018-06-01 11:35:11 - [MESSAGE][PASSED] - All options with index in [1] are selected on object ''

2018-06-01 11:35:11 - [TEST_STEP][PASSED] - Statement - batch = new com.kms.katalon.core.testobject.TestObject(): null

2018-06-01 11:35:11 - [TEST_STEP][PASSED] - Statement - batch = com.kms.katalon.core.webui.keyword.WebUiBuiltInKeywords.modifyObjectProperty(batch, "xpath", "equals", "//*[@id = "txtbthqty" + row + ""]", true): Modify property of object successfully

2018-06-01 11:35:11 - [MESSAGE][PASSED] - Modify property of object successfully

2018-06-01 11:35:11 - [TEST_STEP][PASSED] - Statement - batchqty = com.kms.katalon.core.webui.keyword.WebUiBuiltInKeywords.getAttribute(batch, "value").trim(): Attribute 'value' of object '' is: '4100'

2018-06-01 11:35:11 - [MESSAGE][PASSED] - Attribute 'value' of object '' is: '4100'

2018-06-01 11:35:11 - [TEST_STEP][PASSED] - Statement - Rqty = 100: null

2018-06-01 11:35:11 - [TEST_STEP][PASSED] - delay: Delayed 2 second(s)

2018-06-01 11:35:13 - [MESSAGE][PASSED] - Delayed 2 second(s)

2018-06-01 11:35:13 - [TEST_STEP][PASSED] - Statement - out.println("BatchQty : " + batchqty): null

2018-06-01 11:35:13 - [TEST_STEP][PASSED] - Statement - out.println("RQty : " + Rqty): null

2018-06-01 11:35:13 - [TEST_STEP][PASSED] - Statement - If (java.lang.Integer.valueOf(batchqty) >= java.lang.Integer.valueOf(Rqty)): null

2018-06-01 11:35:13 - [TEST_STEP][PASSED] - Statement - Break: null

2018-06-01 11:35:13 - [TEST_STEP][PASSED] - Statement - batchlength = new com.kms.katalon.core.testobject.TestObject(): null

2018-06-01 11:35:13 - [TEST_STEP][PASSED] - Statement - batchlength = com.kms.katalon.core.webui.keyword.WebUiBuiltInKeywords.modifyObjectProperty(batchlength, "xpath", "equals", "//*[@id = "fldvendor" + row + ""]", true): Modify property of object successfully

2018-06-01 11:35:13 - [MESSAGE][PASSED] - Modify property of object successfully

2018-06-01 11:35:13 - [TEST_STEP][PASSED] - Statement - batchsize = com.kms.katalon.core.webui.keyword.WebUiBuiltInKeywords.getNumberOfTotalOption(batchlength): 9 options of object '' counted

2018-06-01 11:35:13 - [MESSAGE][PASSED] - 9 options of object '' counted

2018-06-01 11:35:13 - [TEST_STEP][PASSED] - Statement - out.println("BatchSize : " + batchsize): null

2018-06-01 11:35:13 - [TEST_STEP][PASSED] - Statement - For ([n = 1, n <= batchsize - 1, (n++)]): null

2018-06-01 11:35:13 - [TEST_STEP][PASSED] - Statement - product = new com.kms.katalon.core.testobject.TestObject(): null

2018-06-01 11:35:13 - [TEST_STEP][PASSED] - Statement - product = com.kms.katalon.core.webui.keyword.WebUiBuiltInKeywords.modifyObjectProperty(product, "xpath", "equals", "//*[@id = "fldvendor" + row + ""]", true): Modify property of object successfully

2018-06-01 11:35:13 - [MESSAGE][PASSED] - Modify property of object successfully

2018-06-01 11:35:13 - [TEST_STEP][PASSED] - selectOptionByIndex: All options with index in [1] are selected on object ''

2018-06-01 11:35:13 - [MESSAGE][PASSED] - All options with index in [1] are selected on object ''

2018-06-01 11:35:13 - [TEST_STEP][PASSED] - Statement - batch = new com.kms.katalon.core.testobject.TestObject(): null

2018-06-01 11:35:13 - [TEST_STEP][PASSED] - Statement - batch = com.kms.katalon.core.webui.keyword.WebUiBuiltInKeywords.modifyObjectProperty(batch, "xpath", "equals", "//*[@id = "txtbthqty" + row + ""]", true): Modify property of object successfully

2018-06-01 11:35:13 - [MESSAGE][PASSED] - Modify property of object successfully

2018-06-01 11:35:13 - [TEST_STEP][PASSED] - Statement - batchqty = com.kms.katalon.core.webui.keyword.WebUiBuiltInKeywords.getAttribute(batch, "value").trim(): Attribute 'value' of object '' is: '35400'

2018-06-01 11:35:13 - [MESSAGE][PASSED] - Attribute 'value' of object '' is: '35400'

2018-06-01 11:35:13 - [TEST_STEP][PASSED] - Statement - Rqty = 100: null

2018-06-01 11:35:13 - [TEST_STEP][PASSED] - delay: Delayed 2 second(s)

2018-06-01 11:35:15 - [MESSAGE][PASSED] - Delayed 2 second(s)

2018-06-01 11:35:15 - [TEST_STEP][PASSED] - Statement - out.println("BatchQty : " + batchqty): null

2018-06-01 11:35:15 - [TEST_STEP][PASSED] - Statement - out.println("RQty : " + Rqty): null

2018-06-01 11:35:15 - [TEST_STEP][PASSED] - Statement - If (java.lang.Integer.valueOf(batchqty) >= java.lang.Integer.valueOf(Rqty)): null

2018-06-01 11:35:15 - [TEST_STEP][PASSED] - Statement - Break: null

2018-06-01 11:35:15 - [TEST_STEP][PASSED] - delay: Delayed 2 second(s)

2018-06-01 11:35:17 - [MESSAGE][PASSED] - Delayed 2 second(s)

2018-06-01 11:35:17 - [TEST_STEP][PASSED] - click: Object: 'Object Repository/HealthpostToCms/Page_KDMC - CMS/input_btndispatch' is clicked on

2018-06-01 11:35:17 - [MESSAGE][PASSED] - Object: 'Object Repository/HealthpostToCms/Page_KDMC - CMS/input_btndispatch' is clicked on

2018-06-01 11:35:17 - [TEST_STEP][PASSED] - delay: Delayed 3 second(s)

2018-06-01 11:35:20 - [MESSAGE][PASSED] - Delayed 3 second(s)

2018-06-01 11:35:20 - [TEST_STEP][PASSED] - click: Object: 'Object Repository/HealthpostToCms/Page_KDMC - CMS/button_OK' is clicked on

2018-06-01 11:35:21 - [MESSAGE][PASSED] - Object: 'Object Repository/HealthpostToCms/Page_KDMC - CMS/button_OK' is clicked on

2018-06-01 11:35:21 - [TEST_STEP][PASSED] - delay: Delayed 3 second(s)

2018-06-01 11:35:24 - [MESSAGE][PASSED] - Delayed 3 second(s)

2018-06-01 11:35:24 - [TEST_STEP][PASSED] - click: Object: 'Object Repository/HealthpostToCms/Page_KDMC - CMS/a_dropdown-toggle' is clicked on

2018-06-01 11:35:24 - [MESSAGE][PASSED] - Object: 'Object Repository/HealthpostToCms/Page_KDMC - CMS/a_dropdown-toggle' is clicked on

2018-06-01 11:35:24 - [TEST_STEP][PASSED] - click: Object: 'Object Repository/HealthpostToCms/Page_KDMC - CMS/a_Sign out' is clicked on

2018-06-01 11:35:24 - [MESSAGE][PASSED] - Object: 'Object Repository/HealthpostToCms/Page_KDMC - CMS/a_Sign out' is clicked on

2018-06-01 11:35:24 - [TEST_STEP][PASSED] - delay: Delayed 3 second(s)

2018-06-01 11:35:27 - [MESSAGE][PASSED] - Delayed 3 second(s)

2018-06-01 11:35:27 - [TEST_STEP][PASSED] - navigateToUrl: Navigate to 'http://192.168.137.1/multihospital_new/HDSplashscreen.aspx' successfully

2018-06-01 11:35:27 - [MESSAGE][PASSED] - Navigate to 'http://192.168.137.1/multihospital_new/HDSplashscreen.aspx' successfully

2018-06-01 11:35:27 - [TEST_STEP][PASSED] - click: Object: 'Object Repository/HealthpostToCms/Page_KDMC/a_Healthpost Store' is clicked on

2018-06-01 11:35:28 - [MESSAGE][PASSED] - Object: 'Object Repository/HealthpostToCms/Page_KDMC/a_Healthpost Store' is clicked on

2018-06-01 11:35:28 - [TEST_STEP][PASSED] - setText: Text 'raguram' is set on object 'Object Repository/HealthpostToCms/Page_HealthPost Store Login/input_txtusername'

2018-06-01 11:35:28 - [MESSAGE][PASSED] - Text 'raguram' is set on object 'Object Repository/HealthpostToCms/Page_HealthPost Store Login/input_txtusername'

2018-06-01 11:35:28 - [TEST_STEP][PASSED] - setText: Text '123' is set on object 'Object Repository/HealthpostToCms/Page_HealthPost Store Login/input_txtpassword'

2018-06-01 11:35:28 - [MESSAGE][PASSED] - Text '123' is set on object 'Object Repository/HealthpostToCms/Page_HealthPost Store Login/input_txtpassword'

2018-06-01 11:35:28 - [TEST_STEP][PASSED] - delay: Delayed 3 second(s)

2018-06-01 11:35:31 - [MESSAGE][PASSED] - Delayed 3 second(s)

2018-06-01 11:35:31 - [TEST_STEP][PASSED] - click: Object: 'Object Repository/HealthpostToCms/Page_HealthPost Store Login/button_Sign in' is clicked on

2018-06-01 11:35:32 - [MESSAGE][PASSED] - Object: 'Object Repository/HealthpostToCms/Page_HealthPost Store Login/button_Sign in' is clicked on

2018-06-01 11:35:32 - [TEST_STEP][PASSED] - delay: Delayed 3 second(s)

2018-06-01 11:35:35 - [MESSAGE][PASSED] - Delayed 3 second(s)

2018-06-01 11:35:35 - [TEST_STEP][PASSED] - click: Object: 'Object Repository/HealthpostToCms/Page_HealthPost Store/a_CMS' is clicked on

2018-06-01 11:35:35 - [MESSAGE][PASSED] - Object: 'Object Repository/HealthpostToCms/Page_HealthPost Store/a_CMS' is clicked on

2018-06-01 11:35:35 - [TEST_STEP][PASSED] - delay: Delayed 2 second(s)

2018-06-01 11:35:37 - [MESSAGE][PASSED] - Delayed 2 second(s)

2018-06-01 11:35:37 - [TEST_STEP][PASSED] - click: Object: 'Object Repository/HealthpostToCms/Page_HealthPost Store/a_Receiving Goods' is clicked on

2018-06-01 11:35:37 - [MESSAGE][PASSED] - Object: 'Object Repository/HealthpostToCms/Page_HealthPost Store/a_Receiving Goods' is clicked on

2018-06-01 11:35:37 - [TEST_STEP][PASSED] - setText: Text 'PRNO/01062018/532' is set on object 'Object Repository/HealthpostToCms/Page_HealthPost Store/input'

2018-06-01 11:35:38 - [MESSAGE][PASSED] - Text 'PRNO/01062018/532' is set on object 'Object Repository/HealthpostToCms/Page_HealthPost Store/input'

2018-06-01 11:35:38 - [TEST_STEP][PASSED] - click: Object: 'Object Repository/HealthpostToCms/Page_HealthPost Store/input_PRNO18052018174' is clicked on

2018-06-01 11:35:38 - [MESSAGE][PASSED] - Object: 'Object Repository/HealthpostToCms/Page_HealthPost Store/input_PRNO18052018174' is clicked on

2018-06-01 11:35:38 - [TEST_STEP][PASSED] - delay: Delayed 2 second(s)

2018-06-01 11:35:40 - [MESSAGE][PASSED] - Delayed 2 second(s)

2018-06-01 11:35:40 - [TEST_STEP][PASSED] - click: Object: 'Object Repository/HealthpostToCms/Page_HealthPost Store/input_chkrem' is clicked on

2018-06-01 11:35:40 - [MESSAGE][PASSED] - Object: 'Object Repository/HealthpostToCms/Page_HealthPost Store/input_chkrem' is clicked on

2018-06-01 11:35:40 - [TEST_STEP][PASSED] - scrollToElement: Scroll to object 'Object Repository/HealthpostToCms/Page_HealthPost Store/input_btchkroqadd' successfully

2018-06-01 11:35:40 - [MESSAGE][PASSED] - Scroll to object 'Object Repository/HealthpostToCms/Page_HealthPost Store/input_btchkroqadd' successfully

2018-06-01 11:35:40 - [TEST_STEP][PASSED] - click: Object: 'Object Repository/HealthpostToCms/Page_HealthPost Store/input_btchkroqadd' is clicked on

2018-06-01 11:35:40 - [MESSAGE][PASSED] - Object: 'Object Repository/HealthpostToCms/Page_HealthPost Store/input_btchkroqadd' is clicked on

2018-06-01 11:35:40 - [TEST_STEP][PASSED] - delay: Delayed 2 second(s)

2018-06-01 11:35:42 - [MESSAGE][PASSED] - Delayed 2 second(s)

2018-06-01 11:35:42 - [TEST_STEP][PASSED] - refresh: Refresh successfully

2018-06-01 11:35:43 - [MESSAGE][PASSED] - Refresh successfully

2018-06-01 11:35:43 - [TEST_STEP][PASSED] - delay: Delayed 3 second(s)

2018-06-01 11:35:46 - [MESSAGE][PASSED] - Delayed 3 second(s)

2018-06-01 11:35:46 - [TEST_STEP][PASSED] - click: Object: 'Object Repository/HealthpostToCms/Page_HealthPost Store/a_dropdown-toggle' is clicked on

2018-06-01 11:35:46 - [MESSAGE][PASSED] - Object: 'Object Repository/HealthpostToCms/Page_HealthPost Store/a_dropdown-toggle' is clicked on

2018-06-01 11:35:46 - [TEST_STEP][PASSED] - click: Object: 'Object Repository/HealthpostToCms/Page_HealthPost Store/a_Sign out' is clicked on

2018-06-01 11:35:47 - [MESSAGE][PASSED] - Object: 'Object Repository/HealthpostToCms/Page_HealthPost Store/a_Sign out' is clicked on

2018-06-01 11:35:47 - [TEST_STEP][PASSED] - closeBrowser: Browser is closed

2018-06-01 11:35:48 - [MESSAGE][PASSED] - Browser is closed]]></system-out>
         <system-err><![CDATA[]]></system-err>
      </testcase>
      <testcase name="Test Cases/HEALTHPOST TEST CASES/TC_HP_016 Verify Schedule 4 Healthpost To CMS Request Are Working Successfully Or Not" classname="Test Cases/HEALTHPOST TEST CASES/TC_HP_016 Verify Schedule 4 Healthpost To CMS Request Are Working Successfully Or Not" status="FAILED">
         <failure type="FAILED" message="Unable to select option by index '4' of object 'Object Repository/HealthpostToCms/Page_HealthPost Store/select_--Select--Schedule 1Inj' (Root cause: org.openqa.selenium.StaleElementReferenceException: stale element reference: element is not attached to the page document
  (Session info: chrome=66.0.3359.181)
  (Driver info: chromedriver=2.35.528161 (5b82f2d2aae0ca24b877009200ced9065a772e73),platform=Windows NT 10.0.17134 x86_64) (WARNING: The server did not provide any stacktrace information)
Command duration or timeout: 0 milliseconds
For documentation on this error, please visit: http://seleniumhq.org/exceptions/stale_element_reference.html
Build info: version: '3.7.1', revision: '8a0099a', time: '2017-11-06T21:07:36.161Z'
System info: host: 'DESKTOP-BLFTK83', ip: '169.254.189.85', os.name: 'Windows 10', os.arch: 'amd64', os.version: '10.0', java.version: '1.8.0_102'
Driver info: com.kms.katalon.selenium.driver.CChromeDriver
Capabilities {acceptInsecureCerts: false, acceptSslCerts: false, applicationCacheEnabled: false, browserConnectionEnabled: false, browserName: chrome, chrome: {chromedriverVersion: 2.35.528161 (5b82f2d2aae0ca..., userDataDir: C:\Users\QUALIT~1\AppData\L...}, cssSelectorsEnabled: true, databaseEnabled: false, handlesAlerts: true, hasTouchScreen: false, javascriptEnabled: true, locationContextEnabled: true, mobileEmulationEnabled: false, nativeEvents: true, networkConnectionEnabled: false, pageLoadStrategy: normal, platform: XP, platformName: XP, rotatable: false, setWindowRect: true, takesHeapSnapshot: true, takesScreenshot: true, unexpectedAlertBehaviour: , unhandledPromptBehavior: , version: 66.0.3359.181, webStorageEnabled: true}
Session ID: 4d8900aae657df05689f69ccb19087d5)"/>
         <system-out><![CDATA[2018-06-01 11:35:48 - [TEST_CASE][FAILED] - Test Cases/HEALTHPOST TEST CASES/TC_HP_016 Verify Schedule 4 Healthpost To CMS Request Are Working Successfully Or Not: Test Cases/HEALTHPOST TEST CASES/TC_HP_016 Verify Schedule 4 Healthpost To CMS Request Are Working Successfully Or Not FAILED because (of) Unable to select option by index '4' of object 'Object Repository/HealthpostToCms/Page_HealthPost Store/select_--Select--Schedule 1Inj' (Root cause: org.openqa.selenium.StaleElementReferenceException: stale element reference: element is not attached to the page document
  (Session info: chrome=66.0.3359.181)
  (Driver info: chromedriver=2.35.528161 (5b82f2d2aae0ca24b877009200ced9065a772e73),platform=Windows NT 10.0.17134 x86_64) (WARNING: The server did not provide any stacktrace information)
Command duration or timeout: 0 milliseconds
For documentation on this error, please visit: http://seleniumhq.org/exceptions/stale_element_reference.html
Build info: version: '3.7.1', revision: '8a0099a', time: '2017-11-06T21:07:36.161Z'
System info: host: 'DESKTOP-BLFTK83', ip: '169.254.189.85', os.name: 'Windows 10', os.arch: 'amd64', os.version: '10.0', java.version: '1.8.0_102'
Driver info: com.kms.katalon.selenium.driver.CChromeDriver
Capabilities {acceptInsecureCerts: false, acceptSslCerts: false, applicationCacheEnabled: false, browserConnectionEnabled: false, browserName: chrome, chrome: {chromedriverVersion: 2.35.528161 (5b82f2d2aae0ca..., userDataDir: C:\Users\QUALIT~1\AppData\L...}, cssSelectorsEnabled: true, databaseEnabled: false, handlesAlerts: true, hasTouchScreen: false, javascriptEnabled: true, locationContextEnabled: true, mobileEmulationEnabled: false, nativeEvents: true, networkConnectionEnabled: false, pageLoadStrategy: normal, platform: XP, platformName: XP, rotatable: false, setWindowRect: true, takesHeapSnapshot: true, takesScreenshot: true, unexpectedAlertBehaviour: , unhandledPromptBehavior: , version: 66.0.3359.181, webStorageEnabled: true}
Session ID: 4d8900aae657df05689f69ccb19087d5)

2018-06-01 11:35:48 - [TEST_STEP][PASSED] - openBrowser: Browser is opened with url: ''

2018-06-01 11:35:50 - [MESSAGE][PASSED] - Browser is opened with url: ''

2018-06-01 11:35:50 - [TEST_STEP][PASSED] - navigateToUrl: Navigate to 'http://192.168.137.1/multihospital_new/HDSplashscreen.aspx' successfully

2018-06-01 11:35:53 - [MESSAGE][PASSED] - Navigate to 'http://192.168.137.1/multihospital_new/HDSplashscreen.aspx' successfully

2018-06-01 11:35:53 - [TEST_STEP][PASSED] - maximizeWindow: Current window maximized

2018-06-01 11:35:55 - [MESSAGE][PASSED] - Current window maximized

2018-06-01 11:35:55 - [TEST_STEP][PASSED] - click: Object: 'Object Repository/HealthpostToCms/Page_KDMC/a_Healthpost Store' is clicked on

2018-06-01 11:35:55 - [MESSAGE][PASSED] - Object: 'Object Repository/HealthpostToCms/Page_KDMC/a_Healthpost Store' is clicked on

2018-06-01 11:35:55 - [TEST_STEP][PASSED] - setText: Text 'raguram' is set on object 'Object Repository/HealthpostToCms/Page_HealthPost Store Login/input_txtusername'

2018-06-01 11:35:55 - [MESSAGE][PASSED] - Text 'raguram' is set on object 'Object Repository/HealthpostToCms/Page_HealthPost Store Login/input_txtusername'

2018-06-01 11:35:55 - [TEST_STEP][PASSED] - setText: Text '123' is set on object 'Object Repository/HealthpostToCms/Page_HealthPost Store Login/input_txtpassword'

2018-06-01 11:35:56 - [MESSAGE][PASSED] - Text '123' is set on object 'Object Repository/HealthpostToCms/Page_HealthPost Store Login/input_txtpassword'

2018-06-01 11:35:56 - [TEST_STEP][PASSED] - delay: Delayed 3 second(s)

2018-06-01 11:35:59 - [MESSAGE][PASSED] - Delayed 3 second(s)

2018-06-01 11:35:59 - [TEST_STEP][PASSED] - click: Object: 'Object Repository/HealthpostToCms/Page_HealthPost Store Login/button_Sign in' is clicked on

2018-06-01 11:35:59 - [MESSAGE][PASSED] - Object: 'Object Repository/HealthpostToCms/Page_HealthPost Store Login/button_Sign in' is clicked on

2018-06-01 11:35:59 - [TEST_STEP][PASSED] - delay: Delayed 3 second(s)

2018-06-01 11:36:02 - [MESSAGE][PASSED] - Delayed 3 second(s)

2018-06-01 11:36:02 - [TEST_STEP][PASSED] - click: Object: 'Object Repository/HealthpostToCms/Page_HealthPost Store/a_CMS' is clicked on

2018-06-01 11:36:03 - [MESSAGE][PASSED] - Object: 'Object Repository/HealthpostToCms/Page_HealthPost Store/a_CMS' is clicked on

2018-06-01 11:36:03 - [TEST_STEP][PASSED] - click: Object: 'Object Repository/HealthpostToCms/Page_HealthPost Store/a_Request Send' is clicked on

2018-06-01 11:36:03 - [MESSAGE][PASSED] - Object: 'Object Repository/HealthpostToCms/Page_HealthPost Store/a_Request Send' is clicked on

2018-06-01 11:36:03 - [TEST_STEP][PASSED] - delay: Delayed 2 second(s)

2018-06-01 11:36:05 - [MESSAGE][PASSED] - Delayed 2 second(s)

2018-06-01 11:36:05 - [TEST_STEP][PASSED] - selectOptionByIndex: All options with index in [2] are selected on object 'Object Repository/HealthpostToCms/Page_HealthPost Store/select_--Select--'

2018-06-01 11:36:05 - [MESSAGE][PASSED] - All options with index in [2] are selected on object 'Object Repository/HealthpostToCms/Page_HealthPost Store/select_--Select--'

2018-06-01 11:36:05 - [TEST_STEP][PASSED] - selectOptionByIndex: All options with index in [4] are selected on object 'Object Repository/HealthpostToCms/Page_HealthPost Store/select_--Select--Schedule 1Inj'

2018-06-01 11:36:06 - [MESSAGE][PASSED] - All options with index in [4] are selected on object 'Object Repository/HealthpostToCms/Page_HealthPost Store/select_--Select--Schedule 1Inj'

2018-06-01 11:36:06 - [TEST_STEP][PASSED] - Statement - medicineslength = com.kms.katalon.core.webui.keyword.WebUiBuiltInKeywords.getNumberOfTotalOption(com.kms.katalon.core.testobject.ObjectRepository.findTestObject(HealthpostToCms/Page_HealthPost Store/select_--Select--Adernaline 0.)): 16 options of object 'Object Repository/HealthpostToCms/Page_HealthPost Store/select_--Select--Adernaline 0.' counted

2018-06-01 11:36:06 - [MESSAGE][PASSED] - 16 options of object 'Object Repository/HealthpostToCms/Page_HealthPost Store/select_--Select--Adernaline 0.' counted

2018-06-01 11:36:06 - [TEST_STEP][FAILED] - Statement - For ([e = 1, e <= medicineslength - 1, (e++)]): Unable to select option by index '4' of object 'Object Repository/HealthpostToCms/Page_HealthPost Store/select_--Select--Schedule 1Inj' (Root cause: org.openqa.selenium.StaleElementReferenceException: stale element reference: element is not attached to the page document
  (Session info: chrome=66.0.3359.181)
  (Driver info: chromedriver=2.35.528161 (5b82f2d2aae0ca24b877009200ced9065a772e73),platform=Windows NT 10.0.17134 x86_64) (WARNING: The server did not provide any stacktrace information)
Command duration or timeout: 0 milliseconds
For documentation on this error, please visit: http://seleniumhq.org/exceptions/stale_element_reference.html
Build info: version: '3.7.1', revision: '8a0099a', time: '2017-11-06T21:07:36.161Z'
System info: host: 'DESKTOP-BLFTK83', ip: '169.254.189.85', os.name: 'Windows 10', os.arch: 'amd64', os.version: '10.0', java.version: '1.8.0_102'
Driver info: com.kms.katalon.selenium.driver.CChromeDriver
Capabilities {acceptInsecureCerts: false, acceptSslCerts: false, applicationCacheEnabled: false, browserConnectionEnabled: false, browserName: chrome, chrome: {chromedriverVersion: 2.35.528161 (5b82f2d2aae0ca..., userDataDir: C:\Users\QUALIT~1\AppData\L...}, cssSelectorsEnabled: true, databaseEnabled: false, handlesAlerts: true, hasTouchScreen: false, javascriptEnabled: true, locationContextEnabled: true, mobileEmulationEnabled: false, nativeEvents: true, networkConnectionEnabled: false, pageLoadStrategy: normal, platform: XP, platformName: XP, rotatable: false, setWindowRect: true, takesHeapSnapshot: true, takesScreenshot: true, unexpectedAlertBehaviour: , unhandledPromptBehavior: , version: 66.0.3359.181, webStorageEnabled: true}
Session ID: 4d8900aae657df05689f69ccb19087d5)

2018-06-01 11:36:06 - [TEST_STEP][PASSED] - selectOptionByIndex: All options with index in [4] are selected on object 'Object Repository/HealthpostToCms/Page_HealthPost Store/select_--Select--Schedule 1Inj'

2018-06-01 11:36:06 - [MESSAGE][PASSED] - All options with index in [4] are selected on object 'Object Repository/HealthpostToCms/Page_HealthPost Store/select_--Select--Schedule 1Inj'

2018-06-01 11:36:06 - [TEST_STEP][PASSED] - selectOptionByIndex: All options with index in [1] are selected on object 'Object Repository/HealthpostToCms/Page_HealthPost Store/select_--Select--Adernaline 0.'

2018-06-01 11:36:06 - [MESSAGE][PASSED] - All options with index in [1] are selected on object 'Object Repository/HealthpostToCms/Page_HealthPost Store/select_--Select--Adernaline 0.'

2018-06-01 11:36:06 - [TEST_STEP][PASSED] - setText: Text '100' is set on object 'Object Repository/HealthpostToCms/Page_HealthPost Store/input_txttreat'

2018-06-01 11:36:06 - [MESSAGE][PASSED] - Text '100' is set on object 'Object Repository/HealthpostToCms/Page_HealthPost Store/input_txttreat'

2018-06-01 11:36:06 - [TEST_STEP][PASSED] - click: Object: 'Object Repository/HealthpostToCms/Page_HealthPost Store/button_Add' is clicked on

2018-06-01 11:36:06 - [MESSAGE][PASSED] - Object: 'Object Repository/HealthpostToCms/Page_HealthPost Store/button_Add' is clicked on

2018-06-01 11:36:06 - [TEST_STEP][PASSED] - selectOptionByIndex: All options with index in [4] are selected on object 'Object Repository/HealthpostToCms/Page_HealthPost Store/select_--Select--Schedule 1Inj'

2018-06-01 11:36:06 - [MESSAGE][PASSED] - All options with index in [4] are selected on object 'Object Repository/HealthpostToCms/Page_HealthPost Store/select_--Select--Schedule 1Inj'

2018-06-01 11:36:06 - [TEST_STEP][PASSED] - selectOptionByIndex: All options with index in [2] are selected on object 'Object Repository/HealthpostToCms/Page_HealthPost Store/select_--Select--Adernaline 0.'

2018-06-01 11:36:06 - [MESSAGE][PASSED] - All options with index in [2] are selected on object 'Object Repository/HealthpostToCms/Page_HealthPost Store/select_--Select--Adernaline 0.'

2018-06-01 11:36:06 - [TEST_STEP][PASSED] - setText: Text '100' is set on object 'Object Repository/HealthpostToCms/Page_HealthPost Store/input_txttreat'

2018-06-01 11:36:07 - [MESSAGE][PASSED] - Text '100' is set on object 'Object Repository/HealthpostToCms/Page_HealthPost Store/input_txttreat'

2018-06-01 11:36:07 - [TEST_STEP][PASSED] - click: Object: 'Object Repository/HealthpostToCms/Page_HealthPost Store/button_Add' is clicked on

2018-06-01 11:36:07 - [MESSAGE][PASSED] - Object: 'Object Repository/HealthpostToCms/Page_HealthPost Store/button_Add' is clicked on

2018-06-01 11:36:07 - [TEST_STEP][PASSED] - selectOptionByIndex: All options with index in [4] are selected on object 'Object Repository/HealthpostToCms/Page_HealthPost Store/select_--Select--Schedule 1Inj'

2018-06-01 11:36:07 - [MESSAGE][PASSED] - All options with index in [4] are selected on object 'Object Repository/HealthpostToCms/Page_HealthPost Store/select_--Select--Schedule 1Inj'

2018-06-01 11:36:07 - [TEST_STEP][PASSED] - selectOptionByIndex: All options with index in [3] are selected on object 'Object Repository/HealthpostToCms/Page_HealthPost Store/select_--Select--Adernaline 0.'

2018-06-01 11:36:07 - [MESSAGE][PASSED] - All options with index in [3] are selected on object 'Object Repository/HealthpostToCms/Page_HealthPost Store/select_--Select--Adernaline 0.'

2018-06-01 11:36:07 - [TEST_STEP][PASSED] - setText: Text '100' is set on object 'Object Repository/HealthpostToCms/Page_HealthPost Store/input_txttreat'

2018-06-01 11:36:07 - [MESSAGE][PASSED] - Text '100' is set on object 'Object Repository/HealthpostToCms/Page_HealthPost Store/input_txttreat'

2018-06-01 11:36:07 - [TEST_STEP][PASSED] - click: Object: 'Object Repository/HealthpostToCms/Page_HealthPost Store/button_Add' is clicked on

2018-06-01 11:36:07 - [MESSAGE][PASSED] - Object: 'Object Repository/HealthpostToCms/Page_HealthPost Store/button_Add' is clicked on

2018-06-01 11:36:07 - [TEST_STEP][PASSED] - selectOptionByIndex: All options with index in [4] are selected on object 'Object Repository/HealthpostToCms/Page_HealthPost Store/select_--Select--Schedule 1Inj'

2018-06-01 11:36:07 - [MESSAGE][PASSED] - All options with index in [4] are selected on object 'Object Repository/HealthpostToCms/Page_HealthPost Store/select_--Select--Schedule 1Inj'

2018-06-01 11:36:07 - [TEST_STEP][PASSED] - selectOptionByIndex: All options with index in [4] are selected on object 'Object Repository/HealthpostToCms/Page_HealthPost Store/select_--Select--Adernaline 0.'

2018-06-01 11:36:07 - [MESSAGE][PASSED] - All options with index in [4] are selected on object 'Object Repository/HealthpostToCms/Page_HealthPost Store/select_--Select--Adernaline 0.'

2018-06-01 11:36:07 - [TEST_STEP][PASSED] - setText: Text '100' is set on object 'Object Repository/HealthpostToCms/Page_HealthPost Store/input_txttreat'

2018-06-01 11:36:07 - [MESSAGE][PASSED] - Text '100' is set on object 'Object Repository/HealthpostToCms/Page_HealthPost Store/input_txttreat'

2018-06-01 11:36:07 - [TEST_STEP][PASSED] - click: Object: 'Object Repository/HealthpostToCms/Page_HealthPost Store/button_Add' is clicked on

2018-06-01 11:36:08 - [MESSAGE][PASSED] - Object: 'Object Repository/HealthpostToCms/Page_HealthPost Store/button_Add' is clicked on

2018-06-01 11:36:08 - [TEST_STEP][PASSED] - selectOptionByIndex: All options with index in [4] are selected on object 'Object Repository/HealthpostToCms/Page_HealthPost Store/select_--Select--Schedule 1Inj'

2018-06-01 11:36:08 - [MESSAGE][PASSED] - All options with index in [4] are selected on object 'Object Repository/HealthpostToCms/Page_HealthPost Store/select_--Select--Schedule 1Inj'

2018-06-01 11:36:08 - [TEST_STEP][PASSED] - selectOptionByIndex: All options with index in [5] are selected on object 'Object Repository/HealthpostToCms/Page_HealthPost Store/select_--Select--Adernaline 0.'

2018-06-01 11:36:08 - [MESSAGE][PASSED] - All options with index in [5] are selected on object 'Object Repository/HealthpostToCms/Page_HealthPost Store/select_--Select--Adernaline 0.'

2018-06-01 11:36:08 - [TEST_STEP][PASSED] - setText: Text '100' is set on object 'Object Repository/HealthpostToCms/Page_HealthPost Store/input_txttreat'

2018-06-01 11:36:08 - [MESSAGE][PASSED] - Text '100' is set on object 'Object Repository/HealthpostToCms/Page_HealthPost Store/input_txttreat'

2018-06-01 11:36:08 - [TEST_STEP][PASSED] - click: Object: 'Object Repository/HealthpostToCms/Page_HealthPost Store/button_Add' is clicked on

2018-06-01 11:36:08 - [MESSAGE][PASSED] - Object: 'Object Repository/HealthpostToCms/Page_HealthPost Store/button_Add' is clicked on

2018-06-01 11:36:08 - [TEST_STEP][PASSED] - selectOptionByIndex: All options with index in [4] are selected on object 'Object Repository/HealthpostToCms/Page_HealthPost Store/select_--Select--Schedule 1Inj'

2018-06-01 11:36:08 - [MESSAGE][PASSED] - All options with index in [4] are selected on object 'Object Repository/HealthpostToCms/Page_HealthPost Store/select_--Select--Schedule 1Inj'

2018-06-01 11:36:08 - [TEST_STEP][PASSED] - selectOptionByIndex: All options with index in [6] are selected on object 'Object Repository/HealthpostToCms/Page_HealthPost Store/select_--Select--Adernaline 0.'

2018-06-01 11:36:08 - [MESSAGE][PASSED] - All options with index in [6] are selected on object 'Object Repository/HealthpostToCms/Page_HealthPost Store/select_--Select--Adernaline 0.'

2018-06-01 11:36:08 - [TEST_STEP][PASSED] - setText: Text '100' is set on object 'Object Repository/HealthpostToCms/Page_HealthPost Store/input_txttreat'

2018-06-01 11:36:09 - [MESSAGE][PASSED] - Text '100' is set on object 'Object Repository/HealthpostToCms/Page_HealthPost Store/input_txttreat'

2018-06-01 11:36:09 - [TEST_STEP][PASSED] - click: Object: 'Object Repository/HealthpostToCms/Page_HealthPost Store/button_Add' is clicked on

2018-06-01 11:36:09 - [MESSAGE][PASSED] - Object: 'Object Repository/HealthpostToCms/Page_HealthPost Store/button_Add' is clicked on

2018-06-01 11:36:09 - [TEST_STEP][PASSED] - selectOptionByIndex: All options with index in [4] are selected on object 'Object Repository/HealthpostToCms/Page_HealthPost Store/select_--Select--Schedule 1Inj'

2018-06-01 11:36:09 - [MESSAGE][PASSED] - All options with index in [4] are selected on object 'Object Repository/HealthpostToCms/Page_HealthPost Store/select_--Select--Schedule 1Inj'

2018-06-01 11:36:09 - [TEST_STEP][PASSED] - selectOptionByIndex: All options with index in [7] are selected on object 'Object Repository/HealthpostToCms/Page_HealthPost Store/select_--Select--Adernaline 0.'

2018-06-01 11:36:09 - [MESSAGE][PASSED] - All options with index in [7] are selected on object 'Object Repository/HealthpostToCms/Page_HealthPost Store/select_--Select--Adernaline 0.'

2018-06-01 11:36:09 - [TEST_STEP][PASSED] - setText: Text '100' is set on object 'Object Repository/HealthpostToCms/Page_HealthPost Store/input_txttreat'

2018-06-01 11:36:09 - [MESSAGE][PASSED] - Text '100' is set on object 'Object Repository/HealthpostToCms/Page_HealthPost Store/input_txttreat'

2018-06-01 11:36:09 - [TEST_STEP][PASSED] - click: Object: 'Object Repository/HealthpostToCms/Page_HealthPost Store/button_Add' is clicked on

2018-06-01 11:36:09 - [MESSAGE][PASSED] - Object: 'Object Repository/HealthpostToCms/Page_HealthPost Store/button_Add' is clicked on

2018-06-01 11:36:09 - [TEST_STEP][PASSED] - selectOptionByIndex: All options with index in [4] are selected on object 'Object Repository/HealthpostToCms/Page_HealthPost Store/select_--Select--Schedule 1Inj'

2018-06-01 11:36:09 - [MESSAGE][PASSED] - All options with index in [4] are selected on object 'Object Repository/HealthpostToCms/Page_HealthPost Store/select_--Select--Schedule 1Inj'

2018-06-01 11:36:09 - [TEST_STEP][PASSED] - selectOptionByIndex: All options with index in [8] are selected on object 'Object Repository/HealthpostToCms/Page_HealthPost Store/select_--Select--Adernaline 0.'

2018-06-01 11:36:10 - [MESSAGE][PASSED] - All options with index in [8] are selected on object 'Object Repository/HealthpostToCms/Page_HealthPost Store/select_--Select--Adernaline 0.'

2018-06-01 11:36:10 - [TEST_STEP][PASSED] - setText: Text '100' is set on object 'Object Repository/HealthpostToCms/Page_HealthPost Store/input_txttreat'

2018-06-01 11:36:10 - [MESSAGE][PASSED] - Text '100' is set on object 'Object Repository/HealthpostToCms/Page_HealthPost Store/input_txttreat'

2018-06-01 11:36:10 - [TEST_STEP][PASSED] - click: Object: 'Object Repository/HealthpostToCms/Page_HealthPost Store/button_Add' is clicked on

2018-06-01 11:36:10 - [MESSAGE][PASSED] - Object: 'Object Repository/HealthpostToCms/Page_HealthPost Store/button_Add' is clicked on

2018-06-01 11:36:10 - [TEST_STEP][PASSED] - selectOptionByIndex: All options with index in [4] are selected on object 'Object Repository/HealthpostToCms/Page_HealthPost Store/select_--Select--Schedule 1Inj'

2018-06-01 11:36:10 - [MESSAGE][PASSED] - All options with index in [4] are selected on object 'Object Repository/HealthpostToCms/Page_HealthPost Store/select_--Select--Schedule 1Inj'

2018-06-01 11:36:10 - [TEST_STEP][PASSED] - selectOptionByIndex: All options with index in [9] are selected on object 'Object Repository/HealthpostToCms/Page_HealthPost Store/select_--Select--Adernaline 0.'

2018-06-01 11:36:10 - [MESSAGE][PASSED] - All options with index in [9] are selected on object 'Object Repository/HealthpostToCms/Page_HealthPost Store/select_--Select--Adernaline 0.'

2018-06-01 11:36:10 - [TEST_STEP][PASSED] - setText: Text '100' is set on object 'Object Repository/HealthpostToCms/Page_HealthPost Store/input_txttreat'

2018-06-01 11:36:10 - [MESSAGE][PASSED] - Text '100' is set on object 'Object Repository/HealthpostToCms/Page_HealthPost Store/input_txttreat'

2018-06-01 11:36:10 - [TEST_STEP][PASSED] - click: Object: 'Object Repository/HealthpostToCms/Page_HealthPost Store/button_Add' is clicked on

2018-06-01 11:36:10 - [MESSAGE][PASSED] - Object: 'Object Repository/HealthpostToCms/Page_HealthPost Store/button_Add' is clicked on

2018-06-01 11:36:10 - [TEST_STEP][PASSED] - selectOptionByIndex: All options with index in [4] are selected on object 'Object Repository/HealthpostToCms/Page_HealthPost Store/select_--Select--Schedule 1Inj'

2018-06-01 11:36:10 - [MESSAGE][PASSED] - All options with index in [4] are selected on object 'Object Repository/HealthpostToCms/Page_HealthPost Store/select_--Select--Schedule 1Inj'

2018-06-01 11:36:10 - [TEST_STEP][PASSED] - selectOptionByIndex: All options with index in [10] are selected on object 'Object Repository/HealthpostToCms/Page_HealthPost Store/select_--Select--Adernaline 0.'

2018-06-01 11:36:11 - [MESSAGE][PASSED] - All options with index in [10] are selected on object 'Object Repository/HealthpostToCms/Page_HealthPost Store/select_--Select--Adernaline 0.'

2018-06-01 11:36:11 - [TEST_STEP][PASSED] - setText: Text '100' is set on object 'Object Repository/HealthpostToCms/Page_HealthPost Store/input_txttreat'

2018-06-01 11:36:11 - [MESSAGE][PASSED] - Text '100' is set on object 'Object Repository/HealthpostToCms/Page_HealthPost Store/input_txttreat'

2018-06-01 11:36:11 - [TEST_STEP][PASSED] - click: Object: 'Object Repository/HealthpostToCms/Page_HealthPost Store/button_Add' is clicked on

2018-06-01 11:36:11 - [MESSAGE][PASSED] - Object: 'Object Repository/HealthpostToCms/Page_HealthPost Store/button_Add' is clicked on

2018-06-01 11:36:11 - [TEST_STEP][PASSED] - selectOptionByIndex: All options with index in [4] are selected on object 'Object Repository/HealthpostToCms/Page_HealthPost Store/select_--Select--Schedule 1Inj'

2018-06-01 11:36:11 - [MESSAGE][PASSED] - All options with index in [4] are selected on object 'Object Repository/HealthpostToCms/Page_HealthPost Store/select_--Select--Schedule 1Inj'

2018-06-01 11:36:11 - [TEST_STEP][PASSED] - selectOptionByIndex: All options with index in [11] are selected on object 'Object Repository/HealthpostToCms/Page_HealthPost Store/select_--Select--Adernaline 0.'

2018-06-01 11:36:11 - [MESSAGE][PASSED] - All options with index in [11] are selected on object 'Object Repository/HealthpostToCms/Page_HealthPost Store/select_--Select--Adernaline 0.'

2018-06-01 11:36:11 - [TEST_STEP][PASSED] - setText: Text '100' is set on object 'Object Repository/HealthpostToCms/Page_HealthPost Store/input_txttreat'

2018-06-01 11:36:11 - [MESSAGE][PASSED] - Text '100' is set on object 'Object Repository/HealthpostToCms/Page_HealthPost Store/input_txttreat'

2018-06-01 11:36:11 - [TEST_STEP][PASSED] - click: Object: 'Object Repository/HealthpostToCms/Page_HealthPost Store/button_Add' is clicked on

2018-06-01 11:36:11 - [MESSAGE][PASSED] - Object: 'Object Repository/HealthpostToCms/Page_HealthPost Store/button_Add' is clicked on

2018-06-01 11:36:11 - [TEST_STEP][PASSED] - selectOptionByIndex: All options with index in [4] are selected on object 'Object Repository/HealthpostToCms/Page_HealthPost Store/select_--Select--Schedule 1Inj'

2018-06-01 11:36:12 - [MESSAGE][PASSED] - All options with index in [4] are selected on object 'Object Repository/HealthpostToCms/Page_HealthPost Store/select_--Select--Schedule 1Inj'

2018-06-01 11:36:12 - [TEST_STEP][PASSED] - selectOptionByIndex: All options with index in [12] are selected on object 'Object Repository/HealthpostToCms/Page_HealthPost Store/select_--Select--Adernaline 0.'

2018-06-01 11:36:12 - [MESSAGE][PASSED] - All options with index in [12] are selected on object 'Object Repository/HealthpostToCms/Page_HealthPost Store/select_--Select--Adernaline 0.'

2018-06-01 11:36:12 - [TEST_STEP][PASSED] - setText: Text '100' is set on object 'Object Repository/HealthpostToCms/Page_HealthPost Store/input_txttreat'

2018-06-01 11:36:12 - [MESSAGE][PASSED] - Text '100' is set on object 'Object Repository/HealthpostToCms/Page_HealthPost Store/input_txttreat'

2018-06-01 11:36:12 - [TEST_STEP][PASSED] - click: Object: 'Object Repository/HealthpostToCms/Page_HealthPost Store/button_Add' is clicked on

2018-06-01 11:36:12 - [MESSAGE][PASSED] - Object: 'Object Repository/HealthpostToCms/Page_HealthPost Store/button_Add' is clicked on

2018-06-01 11:36:12 - [TEST_STEP][PASSED] - selectOptionByIndex: All options with index in [4] are selected on object 'Object Repository/HealthpostToCms/Page_HealthPost Store/select_--Select--Schedule 1Inj'

2018-06-01 11:36:12 - [MESSAGE][PASSED] - All options with index in [4] are selected on object 'Object Repository/HealthpostToCms/Page_HealthPost Store/select_--Select--Schedule 1Inj'

2018-06-01 11:36:12 - [TEST_STEP][PASSED] - selectOptionByIndex: All options with index in [13] are selected on object 'Object Repository/HealthpostToCms/Page_HealthPost Store/select_--Select--Adernaline 0.'

2018-06-01 11:36:12 - [MESSAGE][PASSED] - All options with index in [13] are selected on object 'Object Repository/HealthpostToCms/Page_HealthPost Store/select_--Select--Adernaline 0.'

2018-06-01 11:36:12 - [TEST_STEP][PASSED] - setText: Text '100' is set on object 'Object Repository/HealthpostToCms/Page_HealthPost Store/input_txttreat'

2018-06-01 11:36:12 - [MESSAGE][PASSED] - Text '100' is set on object 'Object Repository/HealthpostToCms/Page_HealthPost Store/input_txttreat'

2018-06-01 11:36:12 - [TEST_STEP][PASSED] - click: Object: 'Object Repository/HealthpostToCms/Page_HealthPost Store/button_Add' is clicked on

2018-06-01 11:36:13 - [MESSAGE][PASSED] - Object: 'Object Repository/HealthpostToCms/Page_HealthPost Store/button_Add' is clicked on

2018-06-01 11:36:13 - [TEST_STEP][PASSED] - selectOptionByIndex: All options with index in [4] are selected on object 'Object Repository/HealthpostToCms/Page_HealthPost Store/select_--Select--Schedule 1Inj'

2018-06-01 11:36:13 - [MESSAGE][PASSED] - All options with index in [4] are selected on object 'Object Repository/HealthpostToCms/Page_HealthPost Store/select_--Select--Schedule 1Inj'

2018-06-01 11:36:13 - [TEST_STEP][PASSED] - selectOptionByIndex: All options with index in [14] are selected on object 'Object Repository/HealthpostToCms/Page_HealthPost Store/select_--Select--Adernaline 0.'

2018-06-01 11:36:13 - [MESSAGE][PASSED] - All options with index in [14] are selected on object 'Object Repository/HealthpostToCms/Page_HealthPost Store/select_--Select--Adernaline 0.'

2018-06-01 11:36:13 - [TEST_STEP][PASSED] - setText: Text '100' is set on object 'Object Repository/HealthpostToCms/Page_HealthPost Store/input_txttreat'

2018-06-01 11:36:13 - [MESSAGE][PASSED] - Text '100' is set on object 'Object Repository/HealthpostToCms/Page_HealthPost Store/input_txttreat'

2018-06-01 11:36:13 - [TEST_STEP][PASSED] - click: Object: 'Object Repository/HealthpostToCms/Page_HealthPost Store/button_Add' is clicked on

2018-06-01 11:36:13 - [MESSAGE][PASSED] - Object: 'Object Repository/HealthpostToCms/Page_HealthPost Store/button_Add' is clicked on

2018-06-01 11:36:13 - [TEST_STEP][FAILED] - selectOptionByIndex: Unable to select option by index '4' of object 'Object Repository/HealthpostToCms/Page_HealthPost Store/select_--Select--Schedule 1Inj' (Root cause: org.openqa.selenium.StaleElementReferenceException: stale element reference: element is not attached to the page document
  (Session info: chrome=66.0.3359.181)
  (Driver info: chromedriver=2.35.528161 (5b82f2d2aae0ca24b877009200ced9065a772e73),platform=Windows NT 10.0.17134 x86_64) (WARNING: The server did not provide any stacktrace information)
Command duration or timeout: 0 milliseconds
For documentation on this error, please visit: http://seleniumhq.org/exceptions/stale_element_reference.html
Build info: version: '3.7.1', revision: '8a0099a', time: '2017-11-06T21:07:36.161Z'
System info: host: 'DESKTOP-BLFTK83', ip: '169.254.189.85', os.name: 'Windows 10', os.arch: 'amd64', os.version: '10.0', java.version: '1.8.0_102'
Driver info: com.kms.katalon.selenium.driver.CChromeDriver
Capabilities {acceptInsecureCerts: false, acceptSslCerts: false, applicationCacheEnabled: false, browserConnectionEnabled: false, browserName: chrome, chrome: {chromedriverVersion: 2.35.528161 (5b82f2d2aae0ca..., userDataDir: C:\Users\QUALIT~1\AppData\L...}, cssSelectorsEnabled: true, databaseEnabled: false, handlesAlerts: true, hasTouchScreen: false, javascriptEnabled: true, locationContextEnabled: true, mobileEmulationEnabled: false, nativeEvents: true, networkConnectionEnabled: false, pageLoadStrategy: normal, platform: XP, platformName: XP, rotatable: false, setWindowRect: true, takesHeapSnapshot: true, takesScreenshot: true, unexpectedAlertBehaviour: , unhandledPromptBehavior: , version: 66.0.3359.181, webStorageEnabled: true}
Session ID: 4d8900aae657df05689f69ccb19087d5)

2018-06-01 11:36:14 - [MESSAGE][FAILED] - Unable to select option by index '4' of object 'Object Repository/HealthpostToCms/Page_HealthPost Store/select_--Select--Schedule 1Inj' (Root cause: org.openqa.selenium.StaleElementReferenceException: stale element reference: element is not attached to the page document
  (Session info: chrome=66.0.3359.181)
  (Driver info: chromedriver=2.35.528161 (5b82f2d2aae0ca24b877009200ced9065a772e73),platform=Windows NT 10.0.17134 x86_64) (WARNING: The server did not provide any stacktrace information)
Command duration or timeout: 0 milliseconds
For documentation on this error, please visit: http://seleniumhq.org/exceptions/stale_element_reference.html
Build info: version: '3.7.1', revision: '8a0099a', time: '2017-11-06T21:07:36.161Z'
System info: host: 'DESKTOP-BLFTK83', ip: '169.254.189.85', os.name: 'Windows 10', os.arch: 'amd64', os.version: '10.0', java.version: '1.8.0_102'
Driver info: com.kms.katalon.selenium.driver.CChromeDriver
Capabilities {acceptInsecureCerts: false, acceptSslCerts: false, applicationCacheEnabled: false, browserConnectionEnabled: false, browserName: chrome, chrome: {chromedriverVersion: 2.35.528161 (5b82f2d2aae0ca..., userDataDir: C:\Users\QUALIT~1\AppData\L...}, cssSelectorsEnabled: true, databaseEnabled: false, handlesAlerts: true, hasTouchScreen: false, javascriptEnabled: true, locationContextEnabled: true, mobileEmulationEnabled: false, nativeEvents: true, networkConnectionEnabled: false, pageLoadStrategy: normal, platform: XP, platformName: XP, rotatable: false, setWindowRect: true, takesHeapSnapshot: true, takesScreenshot: true, unexpectedAlertBehaviour: , unhandledPromptBehavior: , version: 66.0.3359.181, webStorageEnabled: true}
Session ID: 4d8900aae657df05689f69ccb19087d5)
[[ATTACHMENT|C:\\Users\\Quality Analyst\\Katalon Studio\\ds\\Reports\\HealthPost_CMS_Suite\\20180601_112216\\1527833173728.png]]]]></system-out>
         <system-err><![CDATA[2018-06-01 11:35:48 - [TEST_CASE][FAILED] - Test Cases/HEALTHPOST TEST CASES/TC_HP_016 Verify Schedule 4 Healthpost To CMS Request Are Working Successfully Or Not: Test Cases/HEALTHPOST TEST CASES/TC_HP_016 Verify Schedule 4 Healthpost To CMS Request Are Working Successfully Or Not FAILED because (of) Unable to select option by index '4' of object 'Object Repository/HealthpostToCms/Page_HealthPost Store/select_--Select--Schedule 1Inj' (Root cause: org.openqa.selenium.StaleElementReferenceException: stale element reference: element is not attached to the page document
  (Session info: chrome=66.0.3359.181)
  (Driver info: chromedriver=2.35.528161 (5b82f2d2aae0ca24b877009200ced9065a772e73),platform=Windows NT 10.0.17134 x86_64) (WARNING: The server did not provide any stacktrace information)
Command duration or timeout: 0 milliseconds
For documentation on this error, please visit: http://seleniumhq.org/exceptions/stale_element_reference.html
Build info: version: '3.7.1', revision: '8a0099a', time: '2017-11-06T21:07:36.161Z'
System info: host: 'DESKTOP-BLFTK83', ip: '169.254.189.85', os.name: 'Windows 10', os.arch: 'amd64', os.version: '10.0', java.version: '1.8.0_102'
Driver info: com.kms.katalon.selenium.driver.CChromeDriver
Capabilities {acceptInsecureCerts: false, acceptSslCerts: false, applicationCacheEnabled: false, browserConnectionEnabled: false, browserName: chrome, chrome: {chromedriverVersion: 2.35.528161 (5b82f2d2aae0ca..., userDataDir: C:\Users\QUALIT~1\AppData\L...}, cssSelectorsEnabled: true, databaseEnabled: false, handlesAlerts: true, hasTouchScreen: false, javascriptEnabled: true, locationContextEnabled: true, mobileEmulationEnabled: false, nativeEvents: true, networkConnectionEnabled: false, pageLoadStrategy: normal, platform: XP, platformName: XP, rotatable: false, setWindowRect: true, takesHeapSnapshot: true, takesScreenshot: true, unexpectedAlertBehaviour: , unhandledPromptBehavior: , version: 66.0.3359.181, webStorageEnabled: true}
Session ID: 4d8900aae657df05689f69ccb19087d5)]]></system-err>
      </testcase>
      <testcase name="Test Cases/HEALTHPOST TEST CASES/TC_HP_015 Verify Schedule 3 Healthpost To CMS Request Are Working Successfully Or Not" classname="Test Cases/HEALTHPOST TEST CASES/TC_HP_015 Verify Schedule 3 Healthpost To CMS Request Are Working Successfully Or Not" status="FAILED">
         <failure type="FAILED" message="Unable to click on object 'Object Repository/HealthpostToCms/Page_KDMC - CMO/a_dropdown-toggle' (Root cause: com.kms.katalon.core.webui.exception.WebElementNotFoundException: Web element with id: 'Object Repository/HealthpostToCms/Page_KDMC - CMO/a_dropdown-toggle' located by 'By.xpath: /html[1]/body[@class=&quot;skin-blue  pace-done&quot;]/header[@class=&quot;header&quot;]/div[@class=&quot;row&quot;]/div[@class=&quot;col-md-12&quot;]/nav[@class=&quot;navbar navbar-static-top&quot;]/div[@class=&quot;navbar-right&quot;]/ul[@class=&quot;nav navbar-nav&quot;]/li[@class=&quot;dropdown user user-menu&quot;]/a[@class=&quot;dropdown-toggle&quot;][count(. | //*[@class = 'dropdown-toggle' and @data-toggle = 'dropdown']) = count(//*[@class = 'dropdown-toggle' and @data-toggle = 'dropdown'])]' not found)"/>
         <system-out><![CDATA[2018-06-01 11:36:14 - [TEST_CASE][FAILED] - Test Cases/HEALTHPOST TEST CASES/TC_HP_015 Verify Schedule 3 Healthpost To CMS Request Are Working Successfully Or Not: Test Cases/HEALTHPOST TEST CASES/TC_HP_015 Verify Schedule 3 Healthpost To CMS Request Are Working Successfully Or Not FAILED because (of) Unable to click on object 'Object Repository/HealthpostToCms/Page_KDMC - CMO/a_dropdown-toggle' (Root cause: com.kms.katalon.core.webui.exception.WebElementNotFoundException: Web element with id: 'Object Repository/HealthpostToCms/Page_KDMC - CMO/a_dropdown-toggle' located by 'By.xpath: /html[1]/body[@class="skin-blue  pace-done"]/header[@class="header"]/div[@class="row"]/div[@class="col-md-12"]/nav[@class="navbar navbar-static-top"]/div[@class="navbar-right"]/ul[@class="nav navbar-nav"]/li[@class="dropdown user user-menu"]/a[@class="dropdown-toggle"][count(. | //*[@class = 'dropdown-toggle' and @data-toggle = 'dropdown']) = count(//*[@class = 'dropdown-toggle' and @data-toggle = 'dropdown'])]' not found)

2018-06-01 11:36:14 - [TEST_STEP][PASSED] - openBrowser: Browser is opened with url: ''

2018-06-01 11:36:14 - [MESSAGE][WARNING] - A browser is already opened. Closing browser and opening a new one

2018-06-01 11:36:16 - [MESSAGE][PASSED] - Browser is opened with url: ''

2018-06-01 11:36:16 - [TEST_STEP][PASSED] - navigateToUrl: Navigate to 'http://192.168.137.1/multihospital_new/HDSplashscreen.aspx' successfully

2018-06-01 11:36:20 - [MESSAGE][PASSED] - Navigate to 'http://192.168.137.1/multihospital_new/HDSplashscreen.aspx' successfully

2018-06-01 11:36:20 - [TEST_STEP][PASSED] - maximizeWindow: Current window maximized

2018-06-01 11:36:21 - [MESSAGE][PASSED] - Current window maximized

2018-06-01 11:36:21 - [TEST_STEP][PASSED] - click: Object: 'Object Repository/HealthpostToCms/Page_KDMC/a_Healthpost Store' is clicked on

2018-06-01 11:36:22 - [MESSAGE][PASSED] - Object: 'Object Repository/HealthpostToCms/Page_KDMC/a_Healthpost Store' is clicked on

2018-06-01 11:36:22 - [TEST_STEP][PASSED] - setText: Text 'raguram' is set on object 'Object Repository/HealthpostToCms/Page_HealthPost Store Login/input_txtusername'

2018-06-01 11:36:22 - [MESSAGE][PASSED] - Text 'raguram' is set on object 'Object Repository/HealthpostToCms/Page_HealthPost Store Login/input_txtusername'

2018-06-01 11:36:22 - [TEST_STEP][PASSED] - setText: Text '123' is set on object 'Object Repository/HealthpostToCms/Page_HealthPost Store Login/input_txtpassword'

2018-06-01 11:36:22 - [MESSAGE][PASSED] - Text '123' is set on object 'Object Repository/HealthpostToCms/Page_HealthPost Store Login/input_txtpassword'

2018-06-01 11:36:22 - [TEST_STEP][PASSED] - delay: Delayed 3 second(s)

2018-06-01 11:36:25 - [MESSAGE][PASSED] - Delayed 3 second(s)

2018-06-01 11:36:25 - [TEST_STEP][PASSED] - click: Object: 'Object Repository/HealthpostToCms/Page_HealthPost Store Login/button_Sign in' is clicked on

2018-06-01 11:36:26 - [MESSAGE][PASSED] - Object: 'Object Repository/HealthpostToCms/Page_HealthPost Store Login/button_Sign in' is clicked on

2018-06-01 11:36:26 - [TEST_STEP][PASSED] - delay: Delayed 3 second(s)

2018-06-01 11:36:29 - [MESSAGE][PASSED] - Delayed 3 second(s)

2018-06-01 11:36:29 - [TEST_STEP][PASSED] - click: Object: 'Object Repository/HealthpostToCms/Page_HealthPost Store/a_CMS' is clicked on

2018-06-01 11:36:29 - [MESSAGE][PASSED] - Object: 'Object Repository/HealthpostToCms/Page_HealthPost Store/a_CMS' is clicked on

2018-06-01 11:36:29 - [TEST_STEP][PASSED] - click: Object: 'Object Repository/HealthpostToCms/Page_HealthPost Store/a_Request Send' is clicked on

2018-06-01 11:36:30 - [MESSAGE][PASSED] - Object: 'Object Repository/HealthpostToCms/Page_HealthPost Store/a_Request Send' is clicked on

2018-06-01 11:36:30 - [TEST_STEP][PASSED] - delay: Delayed 2 second(s)

2018-06-01 11:36:32 - [MESSAGE][PASSED] - Delayed 2 second(s)

2018-06-01 11:36:32 - [TEST_STEP][PASSED] - selectOptionByIndex: All options with index in [2] are selected on object 'Object Repository/HealthpostToCms/Page_HealthPost Store/select_--Select--'

2018-06-01 11:36:32 - [MESSAGE][PASSED] - All options with index in [2] are selected on object 'Object Repository/HealthpostToCms/Page_HealthPost Store/select_--Select--'

2018-06-01 11:36:32 - [TEST_STEP][PASSED] - selectOptionByIndex: All options with index in [3] are selected on object 'Object Repository/HealthpostToCms/Page_HealthPost Store/select_--Select--Schedule 1Inj'

2018-06-01 11:36:32 - [MESSAGE][PASSED] - All options with index in [3] are selected on object 'Object Repository/HealthpostToCms/Page_HealthPost Store/select_--Select--Schedule 1Inj'

2018-06-01 11:36:32 - [TEST_STEP][PASSED] - Statement - medicineslength = com.kms.katalon.core.webui.keyword.WebUiBuiltInKeywords.getNumberOfTotalOption(com.kms.katalon.core.testobject.ObjectRepository.findTestObject(HealthpostToCms/Page_HealthPost Store/select_--Select--Adernaline 0.)): 37 options of object 'Object Repository/HealthpostToCms/Page_HealthPost Store/select_--Select--Adernaline 0.' counted

2018-06-01 11:36:32 - [MESSAGE][PASSED] - 37 options of object 'Object Repository/HealthpostToCms/Page_HealthPost Store/select_--Select--Adernaline 0.' counted

2018-06-01 11:36:32 - [TEST_STEP][PASSED] - Statement - For ([e = 1, e <= medicineslength - 1, (e++)]): Object: 'Object Repository/HealthpostToCms/Page_HealthPost Store/button_Add' is clicked on

2018-06-01 11:36:32 - [TEST_STEP][PASSED] - selectOptionByIndex: All options with index in [3] are selected on object 'Object Repository/HealthpostToCms/Page_HealthPost Store/select_--Select--Schedule 1Inj'

2018-06-01 11:36:33 - [MESSAGE][PASSED] - All options with index in [3] are selected on object 'Object Repository/HealthpostToCms/Page_HealthPost Store/select_--Select--Schedule 1Inj'

2018-06-01 11:36:33 - [TEST_STEP][PASSED] - selectOptionByIndex: All options with index in [1] are selected on object 'Object Repository/HealthpostToCms/Page_HealthPost Store/select_--Select--Adernaline 0.'

2018-06-01 11:36:33 - [MESSAGE][PASSED] - All options with index in [1] are selected on object 'Object Repository/HealthpostToCms/Page_HealthPost Store/select_--Select--Adernaline 0.'

2018-06-01 11:36:33 - [TEST_STEP][PASSED] - setText: Text '100' is set on object 'Object Repository/HealthpostToCms/Page_HealthPost Store/input_txttreat'

2018-06-01 11:36:33 - [MESSAGE][PASSED] - Text '100' is set on object 'Object Repository/HealthpostToCms/Page_HealthPost Store/input_txttreat'

2018-06-01 11:36:33 - [TEST_STEP][PASSED] - click: Object: 'Object Repository/HealthpostToCms/Page_HealthPost Store/button_Add' is clicked on

2018-06-01 11:36:33 - [MESSAGE][PASSED] - Object: 'Object Repository/HealthpostToCms/Page_HealthPost Store/button_Add' is clicked on

2018-06-01 11:36:33 - [TEST_STEP][PASSED] - selectOptionByIndex: All options with index in [3] are selected on object 'Object Repository/HealthpostToCms/Page_HealthPost Store/select_--Select--Schedule 1Inj'

2018-06-01 11:36:33 - [MESSAGE][PASSED] - All options with index in [3] are selected on object 'Object Repository/HealthpostToCms/Page_HealthPost Store/select_--Select--Schedule 1Inj'

2018-06-01 11:36:33 - [TEST_STEP][PASSED] - selectOptionByIndex: All options with index in [2] are selected on object 'Object Repository/HealthpostToCms/Page_HealthPost Store/select_--Select--Adernaline 0.'

2018-06-01 11:36:33 - [MESSAGE][PASSED] - All options with index in [2] are selected on object 'Object Repository/HealthpostToCms/Page_HealthPost Store/select_--Select--Adernaline 0.'

2018-06-01 11:36:33 - [TEST_STEP][PASSED] - setText: Text '100' is set on object 'Object Repository/HealthpostToCms/Page_HealthPost Store/input_txttreat'

2018-06-01 11:36:33 - [MESSAGE][PASSED] - Text '100' is set on object 'Object Repository/HealthpostToCms/Page_HealthPost Store/input_txttreat'

2018-06-01 11:36:33 - [TEST_STEP][PASSED] - click: Object: 'Object Repository/HealthpostToCms/Page_HealthPost Store/button_Add' is clicked on

2018-06-01 11:36:34 - [MESSAGE][PASSED] - Object: 'Object Repository/HealthpostToCms/Page_HealthPost Store/button_Add' is clicked on

2018-06-01 11:36:34 - [TEST_STEP][PASSED] - selectOptionByIndex: All options with index in [3] are selected on object 'Object Repository/HealthpostToCms/Page_HealthPost Store/select_--Select--Schedule 1Inj'

2018-06-01 11:36:34 - [MESSAGE][PASSED] - All options with index in [3] are selected on object 'Object Repository/HealthpostToCms/Page_HealthPost Store/select_--Select--Schedule 1Inj'

2018-06-01 11:36:34 - [TEST_STEP][PASSED] - selectOptionByIndex: All options with index in [3] are selected on object 'Object Repository/HealthpostToCms/Page_HealthPost Store/select_--Select--Adernaline 0.'

2018-06-01 11:36:34 - [MESSAGE][PASSED] - All options with index in [3] are selected on object 'Object Repository/HealthpostToCms/Page_HealthPost Store/select_--Select--Adernaline 0.'

2018-06-01 11:36:34 - [TEST_STEP][PASSED] - setText: Text '100' is set on object 'Object Repository/HealthpostToCms/Page_HealthPost Store/input_txttreat'

2018-06-01 11:36:34 - [MESSAGE][PASSED] - Text '100' is set on object 'Object Repository/HealthpostToCms/Page_HealthPost Store/input_txttreat'

2018-06-01 11:36:34 - [TEST_STEP][PASSED] - click: Object: 'Object Repository/HealthpostToCms/Page_HealthPost Store/button_Add' is clicked on

2018-06-01 11:36:34 - [MESSAGE][PASSED] - Object: 'Object Repository/HealthpostToCms/Page_HealthPost Store/button_Add' is clicked on

2018-06-01 11:36:34 - [TEST_STEP][PASSED] - selectOptionByIndex: All options with index in [3] are selected on object 'Object Repository/HealthpostToCms/Page_HealthPost Store/select_--Select--Schedule 1Inj'

2018-06-01 11:36:34 - [MESSAGE][PASSED] - All options with index in [3] are selected on object 'Object Repository/HealthpostToCms/Page_HealthPost Store/select_--Select--Schedule 1Inj'

2018-06-01 11:36:34 - [TEST_STEP][PASSED] - selectOptionByIndex: All options with index in [4] are selected on object 'Object Repository/HealthpostToCms/Page_HealthPost Store/select_--Select--Adernaline 0.'

2018-06-01 11:36:34 - [MESSAGE][PASSED] - All options with index in [4] are selected on object 'Object Repository/HealthpostToCms/Page_HealthPost Store/select_--Select--Adernaline 0.'

2018-06-01 11:36:34 - [TEST_STEP][PASSED] - setText: Text '100' is set on object 'Object Repository/HealthpostToCms/Page_HealthPost Store/input_txttreat'

2018-06-01 11:36:35 - [MESSAGE][PASSED] - Text '100' is set on object 'Object Repository/HealthpostToCms/Page_HealthPost Store/input_txttreat'

2018-06-01 11:36:35 - [TEST_STEP][PASSED] - click: Object: 'Object Repository/HealthpostToCms/Page_HealthPost Store/button_Add' is clicked on

2018-06-01 11:36:35 - [MESSAGE][PASSED] - Object: 'Object Repository/HealthpostToCms/Page_HealthPost Store/button_Add' is clicked on

2018-06-01 11:36:35 - [TEST_STEP][PASSED] - selectOptionByIndex: All options with index in [3] are selected on object 'Object Repository/HealthpostToCms/Page_HealthPost Store/select_--Select--Schedule 1Inj'

2018-06-01 11:36:35 - [MESSAGE][PASSED] - All options with index in [3] are selected on object 'Object Repository/HealthpostToCms/Page_HealthPost Store/select_--Select--Schedule 1Inj'

2018-06-01 11:36:35 - [TEST_STEP][PASSED] - selectOptionByIndex: All options with index in [5] are selected on object 'Object Repository/HealthpostToCms/Page_HealthPost Store/select_--Select--Adernaline 0.'

2018-06-01 11:36:35 - [MESSAGE][PASSED] - All options with index in [5] are selected on object 'Object Repository/HealthpostToCms/Page_HealthPost Store/select_--Select--Adernaline 0.'

2018-06-01 11:36:35 - [TEST_STEP][PASSED] - setText: Text '100' is set on object 'Object Repository/HealthpostToCms/Page_HealthPost Store/input_txttreat'

2018-06-01 11:36:35 - [MESSAGE][PASSED] - Text '100' is set on object 'Object Repository/HealthpostToCms/Page_HealthPost Store/input_txttreat'

2018-06-01 11:36:35 - [TEST_STEP][PASSED] - click: Object: 'Object Repository/HealthpostToCms/Page_HealthPost Store/button_Add' is clicked on

2018-06-01 11:36:35 - [MESSAGE][PASSED] - Object: 'Object Repository/HealthpostToCms/Page_HealthPost Store/button_Add' is clicked on

2018-06-01 11:36:35 - [TEST_STEP][PASSED] - selectOptionByIndex: All options with index in [3] are selected on object 'Object Repository/HealthpostToCms/Page_HealthPost Store/select_--Select--Schedule 1Inj'

2018-06-01 11:36:35 - [MESSAGE][PASSED] - All options with index in [3] are selected on object 'Object Repository/HealthpostToCms/Page_HealthPost Store/select_--Select--Schedule 1Inj'

2018-06-01 11:36:35 - [TEST_STEP][PASSED] - selectOptionByIndex: All options with index in [6] are selected on object 'Object Repository/HealthpostToCms/Page_HealthPost Store/select_--Select--Adernaline 0.'

2018-06-01 11:36:35 - [MESSAGE][PASSED] - All options with index in [6] are selected on object 'Object Repository/HealthpostToCms/Page_HealthPost Store/select_--Select--Adernaline 0.'

2018-06-01 11:36:35 - [TEST_STEP][PASSED] - setText: Text '100' is set on object 'Object Repository/HealthpostToCms/Page_HealthPost Store/input_txttreat'

2018-06-01 11:36:36 - [MESSAGE][PASSED] - Text '100' is set on object 'Object Repository/HealthpostToCms/Page_HealthPost Store/input_txttreat'

2018-06-01 11:36:36 - [TEST_STEP][PASSED] - click: Object: 'Object Repository/HealthpostToCms/Page_HealthPost Store/button_Add' is clicked on

2018-06-01 11:36:36 - [MESSAGE][PASSED] - Object: 'Object Repository/HealthpostToCms/Page_HealthPost Store/button_Add' is clicked on

2018-06-01 11:36:36 - [TEST_STEP][PASSED] - selectOptionByIndex: All options with index in [3] are selected on object 'Object Repository/HealthpostToCms/Page_HealthPost Store/select_--Select--Schedule 1Inj'

2018-06-01 11:36:36 - [MESSAGE][PASSED] - All options with index in [3] are selected on object 'Object Repository/HealthpostToCms/Page_HealthPost Store/select_--Select--Schedule 1Inj'

2018-06-01 11:36:36 - [TEST_STEP][PASSED] - selectOptionByIndex: All options with index in [7] are selected on object 'Object Repository/HealthpostToCms/Page_HealthPost Store/select_--Select--Adernaline 0.'

2018-06-01 11:36:36 - [MESSAGE][PASSED] - All options with index in [7] are selected on object 'Object Repository/HealthpostToCms/Page_HealthPost Store/select_--Select--Adernaline 0.'

2018-06-01 11:36:36 - [TEST_STEP][PASSED] - setText: Text '100' is set on object 'Object Repository/HealthpostToCms/Page_HealthPost Store/input_txttreat'

2018-06-01 11:36:36 - [MESSAGE][PASSED] - Text '100' is set on object 'Object Repository/HealthpostToCms/Page_HealthPost Store/input_txttreat'

2018-06-01 11:36:36 - [TEST_STEP][PASSED] - click: Object: 'Object Repository/HealthpostToCms/Page_HealthPost Store/button_Add' is clicked on

2018-06-01 11:36:36 - [MESSAGE][PASSED] - Object: 'Object Repository/HealthpostToCms/Page_HealthPost Store/button_Add' is clicked on

2018-06-01 11:36:36 - [TEST_STEP][PASSED] - selectOptionByIndex: All options with index in [3] are selected on object 'Object Repository/HealthpostToCms/Page_HealthPost Store/select_--Select--Schedule 1Inj'

2018-06-01 11:36:36 - [MESSAGE][PASSED] - All options with index in [3] are selected on object 'Object Repository/HealthpostToCms/Page_HealthPost Store/select_--Select--Schedule 1Inj'

2018-06-01 11:36:36 - [TEST_STEP][PASSED] - selectOptionByIndex: All options with index in [8] are selected on object 'Object Repository/HealthpostToCms/Page_HealthPost Store/select_--Select--Adernaline 0.'

2018-06-01 11:36:36 - [MESSAGE][PASSED] - All options with index in [8] are selected on object 'Object Repository/HealthpostToCms/Page_HealthPost Store/select_--Select--Adernaline 0.'

2018-06-01 11:36:36 - [TEST_STEP][PASSED] - setText: Text '100' is set on object 'Object Repository/HealthpostToCms/Page_HealthPost Store/input_txttreat'

2018-06-01 11:36:37 - [MESSAGE][PASSED] - Text '100' is set on object 'Object Repository/HealthpostToCms/Page_HealthPost Store/input_txttreat'

2018-06-01 11:36:37 - [TEST_STEP][PASSED] - click: Object: 'Object Repository/HealthpostToCms/Page_HealthPost Store/button_Add' is clicked on

2018-06-01 11:36:37 - [MESSAGE][PASSED] - Object: 'Object Repository/HealthpostToCms/Page_HealthPost Store/button_Add' is clicked on

2018-06-01 11:36:37 - [TEST_STEP][PASSED] - selectOptionByIndex: All options with index in [3] are selected on object 'Object Repository/HealthpostToCms/Page_HealthPost Store/select_--Select--Schedule 1Inj'

2018-06-01 11:36:37 - [MESSAGE][PASSED] - All options with index in [3] are selected on object 'Object Repository/HealthpostToCms/Page_HealthPost Store/select_--Select--Schedule 1Inj'

2018-06-01 11:36:37 - [TEST_STEP][PASSED] - selectOptionByIndex: All options with index in [9] are selected on object 'Object Repository/HealthpostToCms/Page_HealthPost Store/select_--Select--Adernaline 0.'

2018-06-01 11:36:37 - [MESSAGE][PASSED] - All options with index in [9] are selected on object 'Object Repository/HealthpostToCms/Page_HealthPost Store/select_--Select--Adernaline 0.'

2018-06-01 11:36:37 - [TEST_STEP][PASSED] - setText: Text '100' is set on object 'Object Repository/HealthpostToCms/Page_HealthPost Store/input_txttreat'

2018-06-01 11:36:37 - [MESSAGE][PASSED] - Text '100' is set on object 'Object Repository/HealthpostToCms/Page_HealthPost Store/input_txttreat'

2018-06-01 11:36:37 - [TEST_STEP][PASSED] - click: Object: 'Object Repository/HealthpostToCms/Page_HealthPost Store/button_Add' is clicked on

2018-06-01 11:36:37 - [MESSAGE][PASSED] - Object: 'Object Repository/HealthpostToCms/Page_HealthPost Store/button_Add' is clicked on

2018-06-01 11:36:37 - [TEST_STEP][PASSED] - selectOptionByIndex: All options with index in [3] are selected on object 'Object Repository/HealthpostToCms/Page_HealthPost Store/select_--Select--Schedule 1Inj'

2018-06-01 11:36:37 - [MESSAGE][PASSED] - All options with index in [3] are selected on object 'Object Repository/HealthpostToCms/Page_HealthPost Store/select_--Select--Schedule 1Inj'

2018-06-01 11:36:37 - [TEST_STEP][PASSED] - selectOptionByIndex: All options with index in [10] are selected on object 'Object Repository/HealthpostToCms/Page_HealthPost Store/select_--Select--Adernaline 0.'

2018-06-01 11:36:38 - [MESSAGE][PASSED] - All options with index in [10] are selected on object 'Object Repository/HealthpostToCms/Page_HealthPost Store/select_--Select--Adernaline 0.'

2018-06-01 11:36:38 - [TEST_STEP][PASSED] - setText: Text '100' is set on object 'Object Repository/HealthpostToCms/Page_HealthPost Store/input_txttreat'

2018-06-01 11:36:38 - [MESSAGE][PASSED] - Text '100' is set on object 'Object Repository/HealthpostToCms/Page_HealthPost Store/input_txttreat'

2018-06-01 11:36:38 - [TEST_STEP][PASSED] - click: Object: 'Object Repository/HealthpostToCms/Page_HealthPost Store/button_Add' is clicked on

2018-06-01 11:36:38 - [MESSAGE][PASSED] - Object: 'Object Repository/HealthpostToCms/Page_HealthPost Store/button_Add' is clicked on

2018-06-01 11:36:38 - [TEST_STEP][PASSED] - selectOptionByIndex: All options with index in [3] are selected on object 'Object Repository/HealthpostToCms/Page_HealthPost Store/select_--Select--Schedule 1Inj'

2018-06-01 11:36:38 - [MESSAGE][PASSED] - All options with index in [3] are selected on object 'Object Repository/HealthpostToCms/Page_HealthPost Store/select_--Select--Schedule 1Inj'

2018-06-01 11:36:38 - [TEST_STEP][PASSED] - selectOptionByIndex: All options with index in [11] are selected on object 'Object Repository/HealthpostToCms/Page_HealthPost Store/select_--Select--Adernaline 0.'

2018-06-01 11:36:38 - [MESSAGE][PASSED] - All options with index in [11] are selected on object 'Object Repository/HealthpostToCms/Page_HealthPost Store/select_--Select--Adernaline 0.'

2018-06-01 11:36:38 - [TEST_STEP][PASSED] - setText: Text '100' is set on object 'Object Repository/HealthpostToCms/Page_HealthPost Store/input_txttreat'

2018-06-01 11:36:38 - [MESSAGE][PASSED] - Text '100' is set on object 'Object Repository/HealthpostToCms/Page_HealthPost Store/input_txttreat'

2018-06-01 11:36:38 - [TEST_STEP][PASSED] - click: Object: 'Object Repository/HealthpostToCms/Page_HealthPost Store/button_Add' is clicked on

2018-06-01 11:36:38 - [MESSAGE][PASSED] - Object: 'Object Repository/HealthpostToCms/Page_HealthPost Store/button_Add' is clicked on

2018-06-01 11:36:38 - [TEST_STEP][PASSED] - selectOptionByIndex: All options with index in [3] are selected on object 'Object Repository/HealthpostToCms/Page_HealthPost Store/select_--Select--Schedule 1Inj'

2018-06-01 11:36:38 - [MESSAGE][PASSED] - All options with index in [3] are selected on object 'Object Repository/HealthpostToCms/Page_HealthPost Store/select_--Select--Schedule 1Inj'

2018-06-01 11:36:38 - [TEST_STEP][PASSED] - selectOptionByIndex: All options with index in [12] are selected on object 'Object Repository/HealthpostToCms/Page_HealthPost Store/select_--Select--Adernaline 0.'

2018-06-01 11:36:39 - [MESSAGE][PASSED] - All options with index in [12] are selected on object 'Object Repository/HealthpostToCms/Page_HealthPost Store/select_--Select--Adernaline 0.'

2018-06-01 11:36:39 - [TEST_STEP][PASSED] - setText: Text '100' is set on object 'Object Repository/HealthpostToCms/Page_HealthPost Store/input_txttreat'

2018-06-01 11:36:39 - [MESSAGE][PASSED] - Text '100' is set on object 'Object Repository/HealthpostToCms/Page_HealthPost Store/input_txttreat'

2018-06-01 11:36:39 - [TEST_STEP][PASSED] - click: Object: 'Object Repository/HealthpostToCms/Page_HealthPost Store/button_Add' is clicked on

2018-06-01 11:36:39 - [MESSAGE][PASSED] - Object: 'Object Repository/HealthpostToCms/Page_HealthPost Store/button_Add' is clicked on

2018-06-01 11:36:39 - [TEST_STEP][PASSED] - selectOptionByIndex: All options with index in [3] are selected on object 'Object Repository/HealthpostToCms/Page_HealthPost Store/select_--Select--Schedule 1Inj'

2018-06-01 11:36:39 - [MESSAGE][PASSED] - All options with index in [3] are selected on object 'Object Repository/HealthpostToCms/Page_HealthPost Store/select_--Select--Schedule 1Inj'

2018-06-01 11:36:39 - [TEST_STEP][PASSED] - selectOptionByIndex: All options with index in [13] are selected on object 'Object Repository/HealthpostToCms/Page_HealthPost Store/select_--Select--Adernaline 0.'

2018-06-01 11:36:39 - [MESSAGE][PASSED] - All options with index in [13] are selected on object 'Object Repository/HealthpostToCms/Page_HealthPost Store/select_--Select--Adernaline 0.'

2018-06-01 11:36:39 - [TEST_STEP][PASSED] - setText: Text '100' is set on object 'Object Repository/HealthpostToCms/Page_HealthPost Store/input_txttreat'

2018-06-01 11:36:39 - [MESSAGE][PASSED] - Text '100' is set on object 'Object Repository/HealthpostToCms/Page_HealthPost Store/input_txttreat'

2018-06-01 11:36:39 - [TEST_STEP][PASSED] - click: Object: 'Object Repository/HealthpostToCms/Page_HealthPost Store/button_Add' is clicked on

2018-06-01 11:36:39 - [MESSAGE][PASSED] - Object: 'Object Repository/HealthpostToCms/Page_HealthPost Store/button_Add' is clicked on

2018-06-01 11:36:39 - [TEST_STEP][PASSED] - selectOptionByIndex: All options with index in [3] are selected on object 'Object Repository/HealthpostToCms/Page_HealthPost Store/select_--Select--Schedule 1Inj'

2018-06-01 11:36:39 - [MESSAGE][PASSED] - All options with index in [3] are selected on object 'Object Repository/HealthpostToCms/Page_HealthPost Store/select_--Select--Schedule 1Inj'

2018-06-01 11:36:39 - [TEST_STEP][PASSED] - selectOptionByIndex: All options with index in [14] are selected on object 'Object Repository/HealthpostToCms/Page_HealthPost Store/select_--Select--Adernaline 0.'

2018-06-01 11:36:40 - [MESSAGE][PASSED] - All options with index in [14] are selected on object 'Object Repository/HealthpostToCms/Page_HealthPost Store/select_--Select--Adernaline 0.'

2018-06-01 11:36:40 - [TEST_STEP][PASSED] - setText: Text '100' is set on object 'Object Repository/HealthpostToCms/Page_HealthPost Store/input_txttreat'

2018-06-01 11:36:40 - [MESSAGE][PASSED] - Text '100' is set on object 'Object Repository/HealthpostToCms/Page_HealthPost Store/input_txttreat'

2018-06-01 11:36:40 - [TEST_STEP][PASSED] - click: Object: 'Object Repository/HealthpostToCms/Page_HealthPost Store/button_Add' is clicked on

2018-06-01 11:36:40 - [MESSAGE][PASSED] - Object: 'Object Repository/HealthpostToCms/Page_HealthPost Store/button_Add' is clicked on

2018-06-01 11:36:40 - [TEST_STEP][PASSED] - selectOptionByIndex: All options with index in [3] are selected on object 'Object Repository/HealthpostToCms/Page_HealthPost Store/select_--Select--Schedule 1Inj'

2018-06-01 11:36:40 - [MESSAGE][PASSED] - All options with index in [3] are selected on object 'Object Repository/HealthpostToCms/Page_HealthPost Store/select_--Select--Schedule 1Inj'

2018-06-01 11:36:40 - [TEST_STEP][PASSED] - selectOptionByIndex: All options with index in [15] are selected on object 'Object Repository/HealthpostToCms/Page_HealthPost Store/select_--Select--Adernaline 0.'

2018-06-01 11:36:40 - [MESSAGE][PASSED] - All options with index in [15] are selected on object 'Object Repository/HealthpostToCms/Page_HealthPost Store/select_--Select--Adernaline 0.'

2018-06-01 11:36:40 - [TEST_STEP][PASSED] - setText: Text '100' is set on object 'Object Repository/HealthpostToCms/Page_HealthPost Store/input_txttreat'

2018-06-01 11:36:40 - [MESSAGE][PASSED] - Text '100' is set on object 'Object Repository/HealthpostToCms/Page_HealthPost Store/input_txttreat'

2018-06-01 11:36:40 - [TEST_STEP][PASSED] - click: Object: 'Object Repository/HealthpostToCms/Page_HealthPost Store/button_Add' is clicked on

2018-06-01 11:36:40 - [MESSAGE][PASSED] - Object: 'Object Repository/HealthpostToCms/Page_HealthPost Store/button_Add' is clicked on

2018-06-01 11:36:40 - [TEST_STEP][PASSED] - selectOptionByIndex: All options with index in [3] are selected on object 'Object Repository/HealthpostToCms/Page_HealthPost Store/select_--Select--Schedule 1Inj'

2018-06-01 11:36:41 - [MESSAGE][PASSED] - All options with index in [3] are selected on object 'Object Repository/HealthpostToCms/Page_HealthPost Store/select_--Select--Schedule 1Inj'

2018-06-01 11:36:41 - [TEST_STEP][PASSED] - selectOptionByIndex: All options with index in [16] are selected on object 'Object Repository/HealthpostToCms/Page_HealthPost Store/select_--Select--Adernaline 0.'

2018-06-01 11:36:41 - [MESSAGE][PASSED] - All options with index in [16] are selected on object 'Object Repository/HealthpostToCms/Page_HealthPost Store/select_--Select--Adernaline 0.'

2018-06-01 11:36:41 - [TEST_STEP][PASSED] - setText: Text '100' is set on object 'Object Repository/HealthpostToCms/Page_HealthPost Store/input_txttreat'

2018-06-01 11:36:41 - [MESSAGE][PASSED] - Text '100' is set on object 'Object Repository/HealthpostToCms/Page_HealthPost Store/input_txttreat'

2018-06-01 11:36:41 - [TEST_STEP][PASSED] - click: Object: 'Object Repository/HealthpostToCms/Page_HealthPost Store/button_Add' is clicked on

2018-06-01 11:36:41 - [MESSAGE][PASSED] - Object: 'Object Repository/HealthpostToCms/Page_HealthPost Store/button_Add' is clicked on

2018-06-01 11:36:41 - [TEST_STEP][PASSED] - selectOptionByIndex: All options with index in [3] are selected on object 'Object Repository/HealthpostToCms/Page_HealthPost Store/select_--Select--Schedule 1Inj'

2018-06-01 11:36:41 - [MESSAGE][PASSED] - All options with index in [3] are selected on object 'Object Repository/HealthpostToCms/Page_HealthPost Store/select_--Select--Schedule 1Inj'

2018-06-01 11:36:41 - [TEST_STEP][PASSED] - selectOptionByIndex: All options with index in [17] are selected on object 'Object Repository/HealthpostToCms/Page_HealthPost Store/select_--Select--Adernaline 0.'

2018-06-01 11:36:42 - [MESSAGE][PASSED] - All options with index in [17] are selected on object 'Object Repository/HealthpostToCms/Page_HealthPost Store/select_--Select--Adernaline 0.'

2018-06-01 11:36:42 - [TEST_STEP][PASSED] - setText: Text '100' is set on object 'Object Repository/HealthpostToCms/Page_HealthPost Store/input_txttreat'

2018-06-01 11:36:42 - [MESSAGE][PASSED] - Text '100' is set on object 'Object Repository/HealthpostToCms/Page_HealthPost Store/input_txttreat'

2018-06-01 11:36:42 - [TEST_STEP][PASSED] - click: Object: 'Object Repository/HealthpostToCms/Page_HealthPost Store/button_Add' is clicked on

2018-06-01 11:36:42 - [MESSAGE][PASSED] - Object: 'Object Repository/HealthpostToCms/Page_HealthPost Store/button_Add' is clicked on

2018-06-01 11:36:42 - [TEST_STEP][PASSED] - selectOptionByIndex: All options with index in [3] are selected on object 'Object Repository/HealthpostToCms/Page_HealthPost Store/select_--Select--Schedule 1Inj'

2018-06-01 11:36:42 - [MESSAGE][PASSED] - All options with index in [3] are selected on object 'Object Repository/HealthpostToCms/Page_HealthPost Store/select_--Select--Schedule 1Inj'

2018-06-01 11:36:42 - [TEST_STEP][PASSED] - selectOptionByIndex: All options with index in [18] are selected on object 'Object Repository/HealthpostToCms/Page_HealthPost Store/select_--Select--Adernaline 0.'

2018-06-01 11:36:42 - [MESSAGE][PASSED] - All options with index in [18] are selected on object 'Object Repository/HealthpostToCms/Page_HealthPost Store/select_--Select--Adernaline 0.'

2018-06-01 11:36:42 - [TEST_STEP][PASSED] - setText: Text '100' is set on object 'Object Repository/HealthpostToCms/Page_HealthPost Store/input_txttreat'

2018-06-01 11:36:42 - [MESSAGE][PASSED] - Text '100' is set on object 'Object Repository/HealthpostToCms/Page_HealthPost Store/input_txttreat'

2018-06-01 11:36:42 - [TEST_STEP][PASSED] - click: Object: 'Object Repository/HealthpostToCms/Page_HealthPost Store/button_Add' is clicked on

2018-06-01 11:36:42 - [MESSAGE][PASSED] - Object: 'Object Repository/HealthpostToCms/Page_HealthPost Store/button_Add' is clicked on

2018-06-01 11:36:42 - [TEST_STEP][PASSED] - selectOptionByIndex: All options with index in [3] are selected on object 'Object Repository/HealthpostToCms/Page_HealthPost Store/select_--Select--Schedule 1Inj'

2018-06-01 11:36:42 - [MESSAGE][PASSED] - All options with index in [3] are selected on object 'Object Repository/HealthpostToCms/Page_HealthPost Store/select_--Select--Schedule 1Inj'

2018-06-01 11:36:42 - [TEST_STEP][PASSED] - selectOptionByIndex: All options with index in [19] are selected on object 'Object Repository/HealthpostToCms/Page_HealthPost Store/select_--Select--Adernaline 0.'

2018-06-01 11:36:43 - [MESSAGE][PASSED] - All options with index in [19] are selected on object 'Object Repository/HealthpostToCms/Page_HealthPost Store/select_--Select--Adernaline 0.'

2018-06-01 11:36:43 - [TEST_STEP][PASSED] - setText: Text '100' is set on object 'Object Repository/HealthpostToCms/Page_HealthPost Store/input_txttreat'

2018-06-01 11:36:43 - [MESSAGE][PASSED] - Text '100' is set on object 'Object Repository/HealthpostToCms/Page_HealthPost Store/input_txttreat'

2018-06-01 11:36:43 - [TEST_STEP][PASSED] - click: Object: 'Object Repository/HealthpostToCms/Page_HealthPost Store/button_Add' is clicked on

2018-06-01 11:36:43 - [MESSAGE][PASSED] - Object: 'Object Repository/HealthpostToCms/Page_HealthPost Store/button_Add' is clicked on

2018-06-01 11:36:43 - [TEST_STEP][PASSED] - selectOptionByIndex: All options with index in [3] are selected on object 'Object Repository/HealthpostToCms/Page_HealthPost Store/select_--Select--Schedule 1Inj'

2018-06-01 11:36:43 - [MESSAGE][PASSED] - All options with index in [3] are selected on object 'Object Repository/HealthpostToCms/Page_HealthPost Store/select_--Select--Schedule 1Inj'

2018-06-01 11:36:43 - [TEST_STEP][PASSED] - selectOptionByIndex: All options with index in [20] are selected on object 'Object Repository/HealthpostToCms/Page_HealthPost Store/select_--Select--Adernaline 0.'

2018-06-01 11:36:43 - [MESSAGE][PASSED] - All options with index in [20] are selected on object 'Object Repository/HealthpostToCms/Page_HealthPost Store/select_--Select--Adernaline 0.'

2018-06-01 11:36:43 - [TEST_STEP][PASSED] - setText: Text '100' is set on object 'Object Repository/HealthpostToCms/Page_HealthPost Store/input_txttreat'

2018-06-01 11:36:43 - [MESSAGE][PASSED] - Text '100' is set on object 'Object Repository/HealthpostToCms/Page_HealthPost Store/input_txttreat'

2018-06-01 11:36:43 - [TEST_STEP][PASSED] - click: Object: 'Object Repository/HealthpostToCms/Page_HealthPost Store/button_Add' is clicked on

2018-06-01 11:36:44 - [MESSAGE][PASSED] - Object: 'Object Repository/HealthpostToCms/Page_HealthPost Store/button_Add' is clicked on

2018-06-01 11:36:44 - [TEST_STEP][PASSED] - selectOptionByIndex: All options with index in [3] are selected on object 'Object Repository/HealthpostToCms/Page_HealthPost Store/select_--Select--Schedule 1Inj'

2018-06-01 11:36:44 - [MESSAGE][PASSED] - All options with index in [3] are selected on object 'Object Repository/HealthpostToCms/Page_HealthPost Store/select_--Select--Schedule 1Inj'

2018-06-01 11:36:44 - [TEST_STEP][PASSED] - selectOptionByIndex: All options with index in [21] are selected on object 'Object Repository/HealthpostToCms/Page_HealthPost Store/select_--Select--Adernaline 0.'

2018-06-01 11:36:44 - [MESSAGE][PASSED] - All options with index in [21] are selected on object 'Object Repository/HealthpostToCms/Page_HealthPost Store/select_--Select--Adernaline 0.'

2018-06-01 11:36:44 - [TEST_STEP][PASSED] - setText: Text '100' is set on object 'Object Repository/HealthpostToCms/Page_HealthPost Store/input_txttreat'

2018-06-01 11:36:44 - [MESSAGE][PASSED] - Text '100' is set on object 'Object Repository/HealthpostToCms/Page_HealthPost Store/input_txttreat'

2018-06-01 11:36:44 - [TEST_STEP][PASSED] - click: Object: 'Object Repository/HealthpostToCms/Page_HealthPost Store/button_Add' is clicked on

2018-06-01 11:36:44 - [MESSAGE][PASSED] - Object: 'Object Repository/HealthpostToCms/Page_HealthPost Store/button_Add' is clicked on

2018-06-01 11:36:44 - [TEST_STEP][PASSED] - selectOptionByIndex: All options with index in [3] are selected on object 'Object Repository/HealthpostToCms/Page_HealthPost Store/select_--Select--Schedule 1Inj'

2018-06-01 11:36:44 - [MESSAGE][PASSED] - All options with index in [3] are selected on object 'Object Repository/HealthpostToCms/Page_HealthPost Store/select_--Select--Schedule 1Inj'

2018-06-01 11:36:44 - [TEST_STEP][PASSED] - selectOptionByIndex: All options with index in [22] are selected on object 'Object Repository/HealthpostToCms/Page_HealthPost Store/select_--Select--Adernaline 0.'

2018-06-01 11:36:45 - [MESSAGE][PASSED] - All options with index in [22] are selected on object 'Object Repository/HealthpostToCms/Page_HealthPost Store/select_--Select--Adernaline 0.'

2018-06-01 11:36:45 - [TEST_STEP][PASSED] - setText: Text '100' is set on object 'Object Repository/HealthpostToCms/Page_HealthPost Store/input_txttreat'

2018-06-01 11:36:45 - [MESSAGE][PASSED] - Text '100' is set on object 'Object Repository/HealthpostToCms/Page_HealthPost Store/input_txttreat'

2018-06-01 11:36:45 - [TEST_STEP][PASSED] - click: Object: 'Object Repository/HealthpostToCms/Page_HealthPost Store/button_Add' is clicked on

2018-06-01 11:36:45 - [MESSAGE][PASSED] - Object: 'Object Repository/HealthpostToCms/Page_HealthPost Store/button_Add' is clicked on

2018-06-01 11:36:45 - [TEST_STEP][PASSED] - selectOptionByIndex: All options with index in [3] are selected on object 'Object Repository/HealthpostToCms/Page_HealthPost Store/select_--Select--Schedule 1Inj'

2018-06-01 11:36:45 - [MESSAGE][PASSED] - All options with index in [3] are selected on object 'Object Repository/HealthpostToCms/Page_HealthPost Store/select_--Select--Schedule 1Inj'

2018-06-01 11:36:45 - [TEST_STEP][PASSED] - selectOptionByIndex: All options with index in [23] are selected on object 'Object Repository/HealthpostToCms/Page_HealthPost Store/select_--Select--Adernaline 0.'

2018-06-01 11:36:45 - [MESSAGE][PASSED] - All options with index in [23] are selected on object 'Object Repository/HealthpostToCms/Page_HealthPost Store/select_--Select--Adernaline 0.'

2018-06-01 11:36:45 - [TEST_STEP][PASSED] - setText: Text '100' is set on object 'Object Repository/HealthpostToCms/Page_HealthPost Store/input_txttreat'

2018-06-01 11:36:45 - [MESSAGE][PASSED] - Text '100' is set on object 'Object Repository/HealthpostToCms/Page_HealthPost Store/input_txttreat'

2018-06-01 11:36:45 - [TEST_STEP][PASSED] - click: Object: 'Object Repository/HealthpostToCms/Page_HealthPost Store/button_Add' is clicked on

2018-06-01 11:36:45 - [MESSAGE][PASSED] - Object: 'Object Repository/HealthpostToCms/Page_HealthPost Store/button_Add' is clicked on

2018-06-01 11:36:45 - [TEST_STEP][PASSED] - selectOptionByIndex: All options with index in [3] are selected on object 'Object Repository/HealthpostToCms/Page_HealthPost Store/select_--Select--Schedule 1Inj'

2018-06-01 11:36:46 - [MESSAGE][PASSED] - All options with index in [3] are selected on object 'Object Repository/HealthpostToCms/Page_HealthPost Store/select_--Select--Schedule 1Inj'

2018-06-01 11:36:46 - [TEST_STEP][PASSED] - selectOptionByIndex: All options with index in [24] are selected on object 'Object Repository/HealthpostToCms/Page_HealthPost Store/select_--Select--Adernaline 0.'

2018-06-01 11:36:46 - [MESSAGE][PASSED] - All options with index in [24] are selected on object 'Object Repository/HealthpostToCms/Page_HealthPost Store/select_--Select--Adernaline 0.'

2018-06-01 11:36:46 - [TEST_STEP][PASSED] - setText: Text '100' is set on object 'Object Repository/HealthpostToCms/Page_HealthPost Store/input_txttreat'

2018-06-01 11:36:46 - [MESSAGE][PASSED] - Text '100' is set on object 'Object Repository/HealthpostToCms/Page_HealthPost Store/input_txttreat'

2018-06-01 11:36:46 - [TEST_STEP][PASSED] - click: Object: 'Object Repository/HealthpostToCms/Page_HealthPost Store/button_Add' is clicked on

2018-06-01 11:36:46 - [MESSAGE][PASSED] - Object: 'Object Repository/HealthpostToCms/Page_HealthPost Store/button_Add' is clicked on

2018-06-01 11:36:46 - [TEST_STEP][PASSED] - selectOptionByIndex: All options with index in [3] are selected on object 'Object Repository/HealthpostToCms/Page_HealthPost Store/select_--Select--Schedule 1Inj'

2018-06-01 11:36:46 - [MESSAGE][PASSED] - All options with index in [3] are selected on object 'Object Repository/HealthpostToCms/Page_HealthPost Store/select_--Select--Schedule 1Inj'

2018-06-01 11:36:46 - [TEST_STEP][PASSED] - selectOptionByIndex: All options with index in [25] are selected on object 'Object Repository/HealthpostToCms/Page_HealthPost Store/select_--Select--Adernaline 0.'

2018-06-01 11:36:47 - [MESSAGE][PASSED] - All options with index in [25] are selected on object 'Object Repository/HealthpostToCms/Page_HealthPost Store/select_--Select--Adernaline 0.'

2018-06-01 11:36:47 - [TEST_STEP][PASSED] - setText: Text '100' is set on object 'Object Repository/HealthpostToCms/Page_HealthPost Store/input_txttreat'

2018-06-01 11:36:47 - [MESSAGE][PASSED] - Text '100' is set on object 'Object Repository/HealthpostToCms/Page_HealthPost Store/input_txttreat'

2018-06-01 11:36:47 - [TEST_STEP][PASSED] - click: Object: 'Object Repository/HealthpostToCms/Page_HealthPost Store/button_Add' is clicked on

2018-06-01 11:36:47 - [MESSAGE][PASSED] - Object: 'Object Repository/HealthpostToCms/Page_HealthPost Store/button_Add' is clicked on

2018-06-01 11:36:47 - [TEST_STEP][PASSED] - selectOptionByIndex: All options with index in [3] are selected on object 'Object Repository/HealthpostToCms/Page_HealthPost Store/select_--Select--Schedule 1Inj'

2018-06-01 11:36:47 - [MESSAGE][PASSED] - All options with index in [3] are selected on object 'Object Repository/HealthpostToCms/Page_HealthPost Store/select_--Select--Schedule 1Inj'

2018-06-01 11:36:47 - [TEST_STEP][PASSED] - selectOptionByIndex: All options with index in [26] are selected on object 'Object Repository/HealthpostToCms/Page_HealthPost Store/select_--Select--Adernaline 0.'

2018-06-01 11:36:47 - [MESSAGE][PASSED] - All options with index in [26] are selected on object 'Object Repository/HealthpostToCms/Page_HealthPost Store/select_--Select--Adernaline 0.'

2018-06-01 11:36:47 - [TEST_STEP][PASSED] - setText: Text '100' is set on object 'Object Repository/HealthpostToCms/Page_HealthPost Store/input_txttreat'

2018-06-01 11:36:47 - [MESSAGE][PASSED] - Text '100' is set on object 'Object Repository/HealthpostToCms/Page_HealthPost Store/input_txttreat'

2018-06-01 11:36:47 - [TEST_STEP][PASSED] - click: Object: 'Object Repository/HealthpostToCms/Page_HealthPost Store/button_Add' is clicked on

2018-06-01 11:36:48 - [MESSAGE][PASSED] - Object: 'Object Repository/HealthpostToCms/Page_HealthPost Store/button_Add' is clicked on

2018-06-01 11:36:48 - [TEST_STEP][PASSED] - selectOptionByIndex: All options with index in [3] are selected on object 'Object Repository/HealthpostToCms/Page_HealthPost Store/select_--Select--Schedule 1Inj'

2018-06-01 11:36:48 - [MESSAGE][PASSED] - All options with index in [3] are selected on object 'Object Repository/HealthpostToCms/Page_HealthPost Store/select_--Select--Schedule 1Inj'

2018-06-01 11:36:48 - [TEST_STEP][PASSED] - selectOptionByIndex: All options with index in [27] are selected on object 'Object Repository/HealthpostToCms/Page_HealthPost Store/select_--Select--Adernaline 0.'

2018-06-01 11:36:48 - [MESSAGE][PASSED] - All options with index in [27] are selected on object 'Object Repository/HealthpostToCms/Page_HealthPost Store/select_--Select--Adernaline 0.'

2018-06-01 11:36:48 - [TEST_STEP][PASSED] - setText: Text '100' is set on object 'Object Repository/HealthpostToCms/Page_HealthPost Store/input_txttreat'

2018-06-01 11:36:48 - [MESSAGE][PASSED] - Text '100' is set on object 'Object Repository/HealthpostToCms/Page_HealthPost Store/input_txttreat'

2018-06-01 11:36:48 - [TEST_STEP][PASSED] - click: Object: 'Object Repository/HealthpostToCms/Page_HealthPost Store/button_Add' is clicked on

2018-06-01 11:36:48 - [MESSAGE][PASSED] - Object: 'Object Repository/HealthpostToCms/Page_HealthPost Store/button_Add' is clicked on

2018-06-01 11:36:48 - [TEST_STEP][PASSED] - selectOptionByIndex: All options with index in [3] are selected on object 'Object Repository/HealthpostToCms/Page_HealthPost Store/select_--Select--Schedule 1Inj'

2018-06-01 11:36:48 - [MESSAGE][PASSED] - All options with index in [3] are selected on object 'Object Repository/HealthpostToCms/Page_HealthPost Store/select_--Select--Schedule 1Inj'

2018-06-01 11:36:48 - [TEST_STEP][PASSED] - selectOptionByIndex: All options with index in [28] are selected on object 'Object Repository/HealthpostToCms/Page_HealthPost Store/select_--Select--Adernaline 0.'

2018-06-01 11:36:49 - [MESSAGE][PASSED] - All options with index in [28] are selected on object 'Object Repository/HealthpostToCms/Page_HealthPost Store/select_--Select--Adernaline 0.'

2018-06-01 11:36:49 - [TEST_STEP][PASSED] - setText: Text '100' is set on object 'Object Repository/HealthpostToCms/Page_HealthPost Store/input_txttreat'

2018-06-01 11:36:49 - [MESSAGE][PASSED] - Text '100' is set on object 'Object Repository/HealthpostToCms/Page_HealthPost Store/input_txttreat'

2018-06-01 11:36:49 - [TEST_STEP][PASSED] - click: Object: 'Object Repository/HealthpostToCms/Page_HealthPost Store/button_Add' is clicked on

2018-06-01 11:36:49 - [MESSAGE][PASSED] - Object: 'Object Repository/HealthpostToCms/Page_HealthPost Store/button_Add' is clicked on

2018-06-01 11:36:49 - [TEST_STEP][PASSED] - selectOptionByIndex: All options with index in [3] are selected on object 'Object Repository/HealthpostToCms/Page_HealthPost Store/select_--Select--Schedule 1Inj'

2018-06-01 11:36:49 - [MESSAGE][PASSED] - All options with index in [3] are selected on object 'Object Repository/HealthpostToCms/Page_HealthPost Store/select_--Select--Schedule 1Inj'

2018-06-01 11:36:49 - [TEST_STEP][PASSED] - selectOptionByIndex: All options with index in [29] are selected on object 'Object Repository/HealthpostToCms/Page_HealthPost Store/select_--Select--Adernaline 0.'

2018-06-01 11:36:49 - [MESSAGE][PASSED] - All options with index in [29] are selected on object 'Object Repository/HealthpostToCms/Page_HealthPost Store/select_--Select--Adernaline 0.'

2018-06-01 11:36:49 - [TEST_STEP][PASSED] - setText: Text '100' is set on object 'Object Repository/HealthpostToCms/Page_HealthPost Store/input_txttreat'

2018-06-01 11:36:50 - [MESSAGE][PASSED] - Text '100' is set on object 'Object Repository/HealthpostToCms/Page_HealthPost Store/input_txttreat'

2018-06-01 11:36:50 - [TEST_STEP][PASSED] - click: Object: 'Object Repository/HealthpostToCms/Page_HealthPost Store/button_Add' is clicked on

2018-06-01 11:36:50 - [MESSAGE][PASSED] - Object: 'Object Repository/HealthpostToCms/Page_HealthPost Store/button_Add' is clicked on

2018-06-01 11:36:50 - [TEST_STEP][PASSED] - selectOptionByIndex: All options with index in [3] are selected on object 'Object Repository/HealthpostToCms/Page_HealthPost Store/select_--Select--Schedule 1Inj'

2018-06-01 11:36:50 - [MESSAGE][PASSED] - All options with index in [3] are selected on object 'Object Repository/HealthpostToCms/Page_HealthPost Store/select_--Select--Schedule 1Inj'

2018-06-01 11:36:50 - [TEST_STEP][PASSED] - selectOptionByIndex: All options with index in [30] are selected on object 'Object Repository/HealthpostToCms/Page_HealthPost Store/select_--Select--Adernaline 0.'

2018-06-01 11:36:50 - [MESSAGE][PASSED] - All options with index in [30] are selected on object 'Object Repository/HealthpostToCms/Page_HealthPost Store/select_--Select--Adernaline 0.'

2018-06-01 11:36:50 - [TEST_STEP][PASSED] - setText: Text '100' is set on object 'Object Repository/HealthpostToCms/Page_HealthPost Store/input_txttreat'

2018-06-01 11:36:50 - [MESSAGE][PASSED] - Text '100' is set on object 'Object Repository/HealthpostToCms/Page_HealthPost Store/input_txttreat'

2018-06-01 11:36:50 - [TEST_STEP][PASSED] - click: Object: 'Object Repository/HealthpostToCms/Page_HealthPost Store/button_Add' is clicked on

2018-06-01 11:36:50 - [MESSAGE][PASSED] - Object: 'Object Repository/HealthpostToCms/Page_HealthPost Store/button_Add' is clicked on

2018-06-01 11:36:50 - [TEST_STEP][PASSED] - selectOptionByIndex: All options with index in [3] are selected on object 'Object Repository/HealthpostToCms/Page_HealthPost Store/select_--Select--Schedule 1Inj'

2018-06-01 11:36:51 - [MESSAGE][PASSED] - All options with index in [3] are selected on object 'Object Repository/HealthpostToCms/Page_HealthPost Store/select_--Select--Schedule 1Inj'

2018-06-01 11:36:51 - [TEST_STEP][PASSED] - selectOptionByIndex: All options with index in [31] are selected on object 'Object Repository/HealthpostToCms/Page_HealthPost Store/select_--Select--Adernaline 0.'

2018-06-01 11:36:51 - [MESSAGE][PASSED] - All options with index in [31] are selected on object 'Object Repository/HealthpostToCms/Page_HealthPost Store/select_--Select--Adernaline 0.'

2018-06-01 11:36:51 - [TEST_STEP][PASSED] - setText: Text '100' is set on object 'Object Repository/HealthpostToCms/Page_HealthPost Store/input_txttreat'

2018-06-01 11:36:51 - [MESSAGE][PASSED] - Text '100' is set on object 'Object Repository/HealthpostToCms/Page_HealthPost Store/input_txttreat'

2018-06-01 11:36:51 - [TEST_STEP][PASSED] - click: Object: 'Object Repository/HealthpostToCms/Page_HealthPost Store/button_Add' is clicked on

2018-06-01 11:36:51 - [MESSAGE][PASSED] - Object: 'Object Repository/HealthpostToCms/Page_HealthPost Store/button_Add' is clicked on

2018-06-01 11:36:51 - [TEST_STEP][PASSED] - selectOptionByIndex: All options with index in [3] are selected on object 'Object Repository/HealthpostToCms/Page_HealthPost Store/select_--Select--Schedule 1Inj'

2018-06-01 11:36:51 - [MESSAGE][PASSED] - All options with index in [3] are selected on object 'Object Repository/HealthpostToCms/Page_HealthPost Store/select_--Select--Schedule 1Inj'

2018-06-01 11:36:51 - [TEST_STEP][PASSED] - selectOptionByIndex: All options with index in [32] are selected on object 'Object Repository/HealthpostToCms/Page_HealthPost Store/select_--Select--Adernaline 0.'

2018-06-01 11:36:52 - [MESSAGE][PASSED] - All options with index in [32] are selected on object 'Object Repository/HealthpostToCms/Page_HealthPost Store/select_--Select--Adernaline 0.'

2018-06-01 11:36:52 - [TEST_STEP][PASSED] - setText: Text '100' is set on object 'Object Repository/HealthpostToCms/Page_HealthPost Store/input_txttreat'

2018-06-01 11:36:52 - [MESSAGE][PASSED] - Text '100' is set on object 'Object Repository/HealthpostToCms/Page_HealthPost Store/input_txttreat'

2018-06-01 11:36:52 - [TEST_STEP][PASSED] - click: Object: 'Object Repository/HealthpostToCms/Page_HealthPost Store/button_Add' is clicked on

2018-06-01 11:36:52 - [MESSAGE][PASSED] - Object: 'Object Repository/HealthpostToCms/Page_HealthPost Store/button_Add' is clicked on

2018-06-01 11:36:52 - [TEST_STEP][PASSED] - selectOptionByIndex: All options with index in [3] are selected on object 'Object Repository/HealthpostToCms/Page_HealthPost Store/select_--Select--Schedule 1Inj'

2018-06-01 11:36:52 - [MESSAGE][PASSED] - All options with index in [3] are selected on object 'Object Repository/HealthpostToCms/Page_HealthPost Store/select_--Select--Schedule 1Inj'

2018-06-01 11:36:52 - [TEST_STEP][PASSED] - selectOptionByIndex: All options with index in [33] are selected on object 'Object Repository/HealthpostToCms/Page_HealthPost Store/select_--Select--Adernaline 0.'

2018-06-01 11:36:52 - [MESSAGE][PASSED] - All options with index in [33] are selected on object 'Object Repository/HealthpostToCms/Page_HealthPost Store/select_--Select--Adernaline 0.'

2018-06-01 11:36:52 - [TEST_STEP][PASSED] - setText: Text '100' is set on object 'Object Repository/HealthpostToCms/Page_HealthPost Store/input_txttreat'

2018-06-01 11:36:53 - [MESSAGE][PASSED] - Text '100' is set on object 'Object Repository/HealthpostToCms/Page_HealthPost Store/input_txttreat'

2018-06-01 11:36:53 - [TEST_STEP][PASSED] - click: Object: 'Object Repository/HealthpostToCms/Page_HealthPost Store/button_Add' is clicked on

2018-06-01 11:36:53 - [MESSAGE][PASSED] - Object: 'Object Repository/HealthpostToCms/Page_HealthPost Store/button_Add' is clicked on

2018-06-01 11:36:53 - [TEST_STEP][PASSED] - selectOptionByIndex: All options with index in [3] are selected on object 'Object Repository/HealthpostToCms/Page_HealthPost Store/select_--Select--Schedule 1Inj'

2018-06-01 11:36:53 - [MESSAGE][PASSED] - All options with index in [3] are selected on object 'Object Repository/HealthpostToCms/Page_HealthPost Store/select_--Select--Schedule 1Inj'

2018-06-01 11:36:53 - [TEST_STEP][PASSED] - selectOptionByIndex: All options with index in [34] are selected on object 'Object Repository/HealthpostToCms/Page_HealthPost Store/select_--Select--Adernaline 0.'

2018-06-01 11:36:53 - [MESSAGE][PASSED] - All options with index in [34] are selected on object 'Object Repository/HealthpostToCms/Page_HealthPost Store/select_--Select--Adernaline 0.'

2018-06-01 11:36:53 - [TEST_STEP][PASSED] - setText: Text '100' is set on object 'Object Repository/HealthpostToCms/Page_HealthPost Store/input_txttreat'

2018-06-01 11:36:53 - [MESSAGE][PASSED] - Text '100' is set on object 'Object Repository/HealthpostToCms/Page_HealthPost Store/input_txttreat'

2018-06-01 11:36:53 - [TEST_STEP][PASSED] - click: Object: 'Object Repository/HealthpostToCms/Page_HealthPost Store/button_Add' is clicked on

2018-06-01 11:36:53 - [MESSAGE][PASSED] - Object: 'Object Repository/HealthpostToCms/Page_HealthPost Store/button_Add' is clicked on

2018-06-01 11:36:53 - [TEST_STEP][PASSED] - selectOptionByIndex: All options with index in [3] are selected on object 'Object Repository/HealthpostToCms/Page_HealthPost Store/select_--Select--Schedule 1Inj'

2018-06-01 11:36:54 - [MESSAGE][PASSED] - All options with index in [3] are selected on object 'Object Repository/HealthpostToCms/Page_HealthPost Store/select_--Select--Schedule 1Inj'

2018-06-01 11:36:54 - [TEST_STEP][PASSED] - selectOptionByIndex: All options with index in [35] are selected on object 'Object Repository/HealthpostToCms/Page_HealthPost Store/select_--Select--Adernaline 0.'

2018-06-01 11:36:54 - [MESSAGE][PASSED] - All options with index in [35] are selected on object 'Object Repository/HealthpostToCms/Page_HealthPost Store/select_--Select--Adernaline 0.'

2018-06-01 11:36:54 - [TEST_STEP][PASSED] - setText: Text '100' is set on object 'Object Repository/HealthpostToCms/Page_HealthPost Store/input_txttreat'

2018-06-01 11:36:54 - [MESSAGE][PASSED] - Text '100' is set on object 'Object Repository/HealthpostToCms/Page_HealthPost Store/input_txttreat'

2018-06-01 11:36:54 - [TEST_STEP][PASSED] - click: Object: 'Object Repository/HealthpostToCms/Page_HealthPost Store/button_Add' is clicked on

2018-06-01 11:36:54 - [MESSAGE][PASSED] - Object: 'Object Repository/HealthpostToCms/Page_HealthPost Store/button_Add' is clicked on

2018-06-01 11:36:54 - [TEST_STEP][PASSED] - selectOptionByIndex: All options with index in [3] are selected on object 'Object Repository/HealthpostToCms/Page_HealthPost Store/select_--Select--Schedule 1Inj'

2018-06-01 11:36:54 - [MESSAGE][PASSED] - All options with index in [3] are selected on object 'Object Repository/HealthpostToCms/Page_HealthPost Store/select_--Select--Schedule 1Inj'

2018-06-01 11:36:54 - [TEST_STEP][PASSED] - selectOptionByIndex: All options with index in [36] are selected on object 'Object Repository/HealthpostToCms/Page_HealthPost Store/select_--Select--Adernaline 0.'

2018-06-01 11:36:55 - [MESSAGE][PASSED] - All options with index in [36] are selected on object 'Object Repository/HealthpostToCms/Page_HealthPost Store/select_--Select--Adernaline 0.'

2018-06-01 11:36:55 - [TEST_STEP][PASSED] - setText: Text '100' is set on object 'Object Repository/HealthpostToCms/Page_HealthPost Store/input_txttreat'

2018-06-01 11:36:55 - [MESSAGE][PASSED] - Text '100' is set on object 'Object Repository/HealthpostToCms/Page_HealthPost Store/input_txttreat'

2018-06-01 11:36:55 - [TEST_STEP][PASSED] - click: Object: 'Object Repository/HealthpostToCms/Page_HealthPost Store/button_Add' is clicked on

2018-06-01 11:36:55 - [MESSAGE][PASSED] - Object: 'Object Repository/HealthpostToCms/Page_HealthPost Store/button_Add' is clicked on

2018-06-01 11:36:55 - [TEST_STEP][PASSED] - scrollToElement: Scroll to object 'Object Repository/HealthpostToCms/Page_HealthPost Store/input_btnsave' successfully

2018-06-01 11:36:55 - [MESSAGE][PASSED] - Scroll to object 'Object Repository/HealthpostToCms/Page_HealthPost Store/input_btnsave' successfully

2018-06-01 11:36:55 - [TEST_STEP][PASSED] - click: Object: 'Object Repository/HealthpostToCms/Page_HealthPost Store/input_btnsave' is clicked on

2018-06-01 11:36:55 - [MESSAGE][PASSED] - Object: 'Object Repository/HealthpostToCms/Page_HealthPost Store/input_btnsave' is clicked on

2018-06-01 11:36:55 - [TEST_STEP][PASSED] - delay: Delayed 3 second(s)

2018-06-01 11:36:58 - [MESSAGE][PASSED] - Delayed 3 second(s)

2018-06-01 11:36:58 - [TEST_STEP][PASSED] - Statement - RN1 = com.kms.katalon.core.webui.keyword.WebUiBuiltInKeywords.getText(com.kms.katalon.core.testobject.ObjectRepository.findTestObject(HealthpostToCms/Page_HealthPost Store/font_PRNO18052018174)): Text of object 'Object Repository/HealthpostToCms/Page_HealthPost Store/font_PRNO18052018174' is: 'PRNO/01062018/534'

2018-06-01 11:36:58 - [MESSAGE][PASSED] - Text of object 'Object Repository/HealthpostToCms/Page_HealthPost Store/font_PRNO18052018174' is: 'PRNO/01062018/534'

2018-06-01 11:36:58 - [TEST_STEP][PASSED] - Statement - out.println(RN1): null

2018-06-01 11:36:58 - [TEST_STEP][PASSED] - Statement - RID = RN1.split("/")[2]: null

2018-06-01 11:36:58 - [TEST_STEP][PASSED] - click: Object: 'Object Repository/HealthpostToCms/Page_HealthPost Store/button_OK' is clicked on

2018-06-01 11:36:59 - [MESSAGE][PASSED] - Object: 'Object Repository/HealthpostToCms/Page_HealthPost Store/button_OK' is clicked on

2018-06-01 11:36:59 - [TEST_STEP][PASSED] - delay: Delayed 3 second(s)

2018-06-01 11:37:02 - [MESSAGE][PASSED] - Delayed 3 second(s)

2018-06-01 11:37:02 - [TEST_STEP][PASSED] - click: Object: 'Object Repository/HealthpostToCms/Page_HealthPost Store/a_dropdown-toggle' is clicked on

2018-06-01 11:37:02 - [MESSAGE][PASSED] - Object: 'Object Repository/HealthpostToCms/Page_HealthPost Store/a_dropdown-toggle' is clicked on

2018-06-01 11:37:02 - [TEST_STEP][PASSED] - click: Object: 'Object Repository/HealthpostToCms/Page_HealthPost Store/a_Sign out' is clicked on

2018-06-01 11:37:02 - [MESSAGE][PASSED] - Object: 'Object Repository/HealthpostToCms/Page_HealthPost Store/a_Sign out' is clicked on

2018-06-01 11:37:02 - [TEST_STEP][PASSED] - delay: Delayed 3 second(s)

2018-06-01 11:37:05 - [MESSAGE][PASSED] - Delayed 3 second(s)

2018-06-01 11:37:05 - [TEST_STEP][PASSED] - navigateToUrl: Navigate to 'http://192.168.137.1/multihospital_new/' successfully

2018-06-01 11:37:06 - [MESSAGE][PASSED] - Navigate to 'http://192.168.137.1/multihospital_new/' successfully

2018-06-01 11:37:06 - [TEST_STEP][PASSED] - click: Object: 'Object Repository/HealthpostToCms/Page_KDMC/a_CMO' is clicked on

2018-06-01 11:37:06 - [MESSAGE][PASSED] - Object: 'Object Repository/HealthpostToCms/Page_KDMC/a_CMO' is clicked on

2018-06-01 11:37:06 - [TEST_STEP][PASSED] - setText: Text 'guru' is set on object 'Object Repository/HealthpostToCms/Page_CMO login/input_txtusername'

2018-06-01 11:37:06 - [MESSAGE][PASSED] - Text 'guru' is set on object 'Object Repository/HealthpostToCms/Page_CMO login/input_txtusername'

2018-06-01 11:37:06 - [TEST_STEP][PASSED] - setText: Text '123' is set on object 'Object Repository/HealthpostToCms/Page_CMO login/input_txtpassword'

2018-06-01 11:37:06 - [MESSAGE][PASSED] - Text '123' is set on object 'Object Repository/HealthpostToCms/Page_CMO login/input_txtpassword'

2018-06-01 11:37:06 - [TEST_STEP][PASSED] - delay: Delayed 3 second(s)

2018-06-01 11:37:09 - [MESSAGE][PASSED] - Delayed 3 second(s)

2018-06-01 11:37:09 - [TEST_STEP][PASSED] - click: Object: 'Object Repository/HealthpostToCms/Page_CMO login/button_Sign in' is clicked on

2018-06-01 11:37:11 - [MESSAGE][PASSED] - Object: 'Object Repository/HealthpostToCms/Page_CMO login/button_Sign in' is clicked on

2018-06-01 11:37:11 - [TEST_STEP][PASSED] - delay: Delayed 3 second(s)

2018-06-01 11:37:14 - [MESSAGE][PASSED] - Delayed 3 second(s)

2018-06-01 11:37:14 - [TEST_STEP][PASSED] - click: Object: 'Object Repository/HealthpostToCms/Page_KDMC - CMO/a_CMS Request' is clicked on

2018-06-01 11:37:14 - [MESSAGE][PASSED] - Object: 'Object Repository/HealthpostToCms/Page_KDMC - CMO/a_CMS Request' is clicked on

2018-06-01 11:37:14 - [TEST_STEP][PASSED] - delay: Delayed 2 second(s)

2018-06-01 11:37:16 - [MESSAGE][PASSED] - Delayed 2 second(s)

2018-06-01 11:37:16 - [TEST_STEP][PASSED] - click: Object: 'Object Repository/HealthpostToCms/Page_KDMC - CMO/a_Healthpost Store Request' is clicked on

2018-06-01 11:37:17 - [MESSAGE][PASSED] - Object: 'Object Repository/HealthpostToCms/Page_KDMC - CMO/a_Healthpost Store Request' is clicked on

2018-06-01 11:37:17 - [TEST_STEP][PASSED] - selectOptionByIndex: All options with index in [1] are selected on object 'Object Repository/HealthpostToCms/Page_KDMC - CMO/select_--ALL--'

2018-06-01 11:37:17 - [MESSAGE][PASSED] - All options with index in [1] are selected on object 'Object Repository/HealthpostToCms/Page_KDMC - CMO/select_--ALL--'

2018-06-01 11:37:17 - [TEST_STEP][PASSED] - click: Object: 'Object Repository/HealthpostToCms/Page_KDMC - CMO/input_btnsearch' is clicked on

2018-06-01 11:37:17 - [MESSAGE][PASSED] - Object: 'Object Repository/HealthpostToCms/Page_KDMC - CMO/input_btnsearch' is clicked on

2018-06-01 11:37:17 - [TEST_STEP][PASSED] - Statement - ID = com.kms.katalon.core.webui.keyword.WebUiBuiltInKeywords.modifyObjectProperty(com.kms.katalon.core.testobject.ObjectRepository.findTestObject(lab/Page_KDMC - CMO/input_1), "xpath", "equals", "//*[@id=" + RID + "]", true): Modify property of object successfully

2018-06-01 11:37:17 - [MESSAGE][PASSED] - Modify property of object successfully

2018-06-01 11:37:17 - [TEST_STEP][PASSED] - click: Object: 'Object Repository/lab/Page_KDMC - CMO/input_1' is clicked on

2018-06-01 11:37:18 - [MESSAGE][PASSED] - Object: 'Object Repository/lab/Page_KDMC - CMO/input_1' is clicked on

2018-06-01 11:37:18 - [TEST_STEP][PASSED] - delay: Delayed 2 second(s)

2018-06-01 11:37:20 - [MESSAGE][PASSED] - Delayed 2 second(s)

2018-06-01 11:37:20 - [TEST_STEP][PASSED] - selectOptionByIndex: All options with index in [1] are selected on object 'Object Repository/HealthpostToCms/Page_KDMC - CMO/select_--Select--'

2018-06-01 11:37:20 - [MESSAGE][PASSED] - All options with index in [1] are selected on object 'Object Repository/HealthpostToCms/Page_KDMC - CMO/select_--Select--'

2018-06-01 11:37:20 - [TEST_STEP][PASSED] - click: Object: 'Object Repository/HealthpostToCms/Page_KDMC - CMO/input_btnupdate' is clicked on

2018-06-01 11:37:20 - [MESSAGE][PASSED] - Object: 'Object Repository/HealthpostToCms/Page_KDMC - CMO/input_btnupdate' is clicked on

2018-06-01 11:37:20 - [TEST_STEP][PASSED] - delay: Delayed 2 second(s)

2018-06-01 11:37:22 - [MESSAGE][PASSED] - Delayed 2 second(s)

2018-06-01 11:37:22 - [TEST_STEP][PASSED] - click: Object: 'Object Repository/HealthpostToCms/Page_KDMC - CMO/button_OK' is clicked on

2018-06-01 11:37:23 - [MESSAGE][PASSED] - Object: 'Object Repository/HealthpostToCms/Page_KDMC - CMO/button_OK' is clicked on

2018-06-01 11:37:23 - [TEST_STEP][PASSED] - delay: Delayed 3 second(s)

2018-06-01 11:37:26 - [MESSAGE][PASSED] - Delayed 3 second(s)

2018-06-01 11:37:26 - [TEST_STEP][FAILED] - click: Unable to click on object 'Object Repository/HealthpostToCms/Page_KDMC - CMO/a_dropdown-toggle' (Root cause: com.kms.katalon.core.webui.exception.WebElementNotFoundException: Web element with id: 'Object Repository/HealthpostToCms/Page_KDMC - CMO/a_dropdown-toggle' located by 'By.xpath: /html[1]/body[@class="skin-blue  pace-done"]/header[@class="header"]/div[@class="row"]/div[@class="col-md-12"]/nav[@class="navbar navbar-static-top"]/div[@class="navbar-right"]/ul[@class="nav navbar-nav"]/li[@class="dropdown user user-menu"]/a[@class="dropdown-toggle"][count(. | //*[@class = 'dropdown-toggle' and @data-toggle = 'dropdown']) = count(//*[@class = 'dropdown-toggle' and @data-toggle = 'dropdown'])]' not found)

2018-06-01 11:37:57 - [MESSAGE][FAILED] - Unable to click on object 'Object Repository/HealthpostToCms/Page_KDMC - CMO/a_dropdown-toggle' (Root cause: com.kms.katalon.core.webui.exception.WebElementNotFoundException: Web element with id: 'Object Repository/HealthpostToCms/Page_KDMC - CMO/a_dropdown-toggle' located by 'By.xpath: /html[1]/body[@class="skin-blue  pace-done"]/header[@class="header"]/div[@class="row"]/div[@class="col-md-12"]/nav[@class="navbar navbar-static-top"]/div[@class="navbar-right"]/ul[@class="nav navbar-nav"]/li[@class="dropdown user user-menu"]/a[@class="dropdown-toggle"][count(. | //*[@class = 'dropdown-toggle' and @data-toggle = 'dropdown']) = count(//*[@class = 'dropdown-toggle' and @data-toggle = 'dropdown'])]' not found)
[[ATTACHMENT|C:\\Users\\Quality Analyst\\Katalon Studio\\ds\\Reports\\HealthPost_CMS_Suite\\20180601_112216\\1527833277473.png]]]]></system-out>
         <system-err><![CDATA[2018-06-01 11:36:14 - [TEST_CASE][FAILED] - Test Cases/HEALTHPOST TEST CASES/TC_HP_015 Verify Schedule 3 Healthpost To CMS Request Are Working Successfully Or Not: Test Cases/HEALTHPOST TEST CASES/TC_HP_015 Verify Schedule 3 Healthpost To CMS Request Are Working Successfully Or Not FAILED because (of) Unable to click on object 'Object Repository/HealthpostToCms/Page_KDMC - CMO/a_dropdown-toggle' (Root cause: com.kms.katalon.core.webui.exception.WebElementNotFoundException: Web element with id: 'Object Repository/HealthpostToCms/Page_KDMC - CMO/a_dropdown-toggle' located by 'By.xpath: /html[1]/body[@class="skin-blue  pace-done"]/header[@class="header"]/div[@class="row"]/div[@class="col-md-12"]/nav[@class="navbar navbar-static-top"]/div[@class="navbar-right"]/ul[@class="nav navbar-nav"]/li[@class="dropdown user user-menu"]/a[@class="dropdown-toggle"][count(. | //*[@class = 'dropdown-toggle' and @data-toggle = 'dropdown']) = count(//*[@class = 'dropdown-toggle' and @data-toggle = 'dropdown'])]' not found)]]></system-err>
      </testcase>
      <testcase name="Test Cases/HEALTHPOST TEST CASES/TC_HP_021 Verify Schedule 9 Healthpost To CMS Request Are Working Successfully Or Not" classname="Test Cases/HEALTHPOST TEST CASES/TC_HP_021 Verify Schedule 9 Healthpost To CMS Request Are Working Successfully Or Not" status="PASSED">
         <system-out><![CDATA[2018-06-01 11:37:57 - [TEST_CASE][PASSED] - Test Cases/HEALTHPOST TEST CASES/TC_HP_021 Verify Schedule 9 Healthpost To CMS Request Are Working Successfully Or Not: Test Cases/HEALTHPOST TEST CASES/TC_HP_021 Verify Schedule 9 Healthpost To CMS Request Are Working Successfully Or Not

2018-06-01 11:37:58 - [TEST_STEP][PASSED] - openBrowser: Browser is opened with url: ''

2018-06-01 11:37:58 - [MESSAGE][WARNING] - A browser is already opened. Closing browser and opening a new one

2018-06-01 11:38:00 - [MESSAGE][PASSED] - Browser is opened with url: ''

2018-06-01 11:38:00 - [TEST_STEP][PASSED] - navigateToUrl: Navigate to 'http://192.168.137.1/multihospital_new/HDSplashscreen.aspx' successfully

2018-06-01 11:38:02 - [MESSAGE][PASSED] - Navigate to 'http://192.168.137.1/multihospital_new/HDSplashscreen.aspx' successfully

2018-06-01 11:38:02 - [TEST_STEP][PASSED] - maximizeWindow: Current window maximized

2018-06-01 11:38:03 - [MESSAGE][PASSED] - Current window maximized

2018-06-01 11:38:03 - [TEST_STEP][PASSED] - click: Object: 'Object Repository/HealthpostToCms/Page_KDMC/a_Healthpost Store' is clicked on

2018-06-01 11:38:04 - [MESSAGE][PASSED] - Object: 'Object Repository/HealthpostToCms/Page_KDMC/a_Healthpost Store' is clicked on

2018-06-01 11:38:04 - [TEST_STEP][PASSED] - setText: Text 'raguram' is set on object 'Object Repository/HealthpostToCms/Page_HealthPost Store Login/input_txtusername'

2018-06-01 11:38:04 - [MESSAGE][PASSED] - Text 'raguram' is set on object 'Object Repository/HealthpostToCms/Page_HealthPost Store Login/input_txtusername'

2018-06-01 11:38:04 - [TEST_STEP][PASSED] - setText: Text '123' is set on object 'Object Repository/HealthpostToCms/Page_HealthPost Store Login/input_txtpassword'

2018-06-01 11:38:04 - [MESSAGE][PASSED] - Text '123' is set on object 'Object Repository/HealthpostToCms/Page_HealthPost Store Login/input_txtpassword'

2018-06-01 11:38:04 - [TEST_STEP][PASSED] - delay: Delayed 3 second(s)

2018-06-01 11:38:07 - [MESSAGE][PASSED] - Delayed 3 second(s)

2018-06-01 11:38:07 - [TEST_STEP][PASSED] - click: Object: 'Object Repository/HealthpostToCms/Page_HealthPost Store Login/button_Sign in' is clicked on

2018-06-01 11:38:08 - [MESSAGE][PASSED] - Object: 'Object Repository/HealthpostToCms/Page_HealthPost Store Login/button_Sign in' is clicked on

2018-06-01 11:38:08 - [TEST_STEP][PASSED] - delay: Delayed 3 second(s)

2018-06-01 11:38:11 - [MESSAGE][PASSED] - Delayed 3 second(s)

2018-06-01 11:38:11 - [TEST_STEP][PASSED] - click: Object: 'Object Repository/HealthpostToCms/Page_HealthPost Store/a_CMS' is clicked on

2018-06-01 11:38:11 - [MESSAGE][PASSED] - Object: 'Object Repository/HealthpostToCms/Page_HealthPost Store/a_CMS' is clicked on

2018-06-01 11:38:11 - [TEST_STEP][PASSED] - click: Object: 'Object Repository/HealthpostToCms/Page_HealthPost Store/a_Request Send' is clicked on

2018-06-01 11:38:11 - [MESSAGE][PASSED] - Object: 'Object Repository/HealthpostToCms/Page_HealthPost Store/a_Request Send' is clicked on

2018-06-01 11:38:11 - [TEST_STEP][PASSED] - delay: Delayed 2 second(s)

2018-06-01 11:38:13 - [MESSAGE][PASSED] - Delayed 2 second(s)

2018-06-01 11:38:13 - [TEST_STEP][PASSED] - selectOptionByIndex: All options with index in [2] are selected on object 'Object Repository/HealthpostToCms/Page_HealthPost Store/select_--Select--'

2018-06-01 11:38:13 - [MESSAGE][PASSED] - All options with index in [2] are selected on object 'Object Repository/HealthpostToCms/Page_HealthPost Store/select_--Select--'

2018-06-01 11:38:13 - [TEST_STEP][PASSED] - selectOptionByIndex: All options with index in [9] are selected on object 'Object Repository/HealthpostToCms/Page_HealthPost Store/select_--Select--Schedule 1Inj'

2018-06-01 11:38:14 - [MESSAGE][PASSED] - All options with index in [9] are selected on object 'Object Repository/HealthpostToCms/Page_HealthPost Store/select_--Select--Schedule 1Inj'

2018-06-01 11:38:14 - [TEST_STEP][PASSED] - Statement - medicineslength = com.kms.katalon.core.webui.keyword.WebUiBuiltInKeywords.getNumberOfTotalOption(com.kms.katalon.core.testobject.ObjectRepository.findTestObject(HealthpostToCms/Page_HealthPost Store/select_--Select--Adernaline 0.)): 36 options of object 'Object Repository/HealthpostToCms/Page_HealthPost Store/select_--Select--Adernaline 0.' counted

2018-06-01 11:38:14 - [MESSAGE][PASSED] - 36 options of object 'Object Repository/HealthpostToCms/Page_HealthPost Store/select_--Select--Adernaline 0.' counted

2018-06-01 11:38:14 - [TEST_STEP][PASSED] - Statement - For ([e = 1, e <= medicineslength - 1, (e++)]): Object: 'Object Repository/HealthpostToCms/Page_HealthPost Store/button_Add' is clicked on

2018-06-01 11:38:14 - [TEST_STEP][PASSED] - selectOptionByIndex: All options with index in [9] are selected on object 'Object Repository/HealthpostToCms/Page_HealthPost Store/select_--Select--Schedule 1Inj'

2018-06-01 11:38:14 - [MESSAGE][PASSED] - All options with index in [9] are selected on object 'Object Repository/HealthpostToCms/Page_HealthPost Store/select_--Select--Schedule 1Inj'

2018-06-01 11:38:14 - [TEST_STEP][PASSED] - selectOptionByIndex: All options with index in [1] are selected on object 'Object Repository/HealthpostToCms/Page_HealthPost Store/select_--Select--Adernaline 0.'

2018-06-01 11:38:14 - [MESSAGE][PASSED] - All options with index in [1] are selected on object 'Object Repository/HealthpostToCms/Page_HealthPost Store/select_--Select--Adernaline 0.'

2018-06-01 11:38:14 - [TEST_STEP][PASSED] - setText: Text '100' is set on object 'Object Repository/HealthpostToCms/Page_HealthPost Store/input_txttreat'

2018-06-01 11:38:14 - [MESSAGE][PASSED] - Text '100' is set on object 'Object Repository/HealthpostToCms/Page_HealthPost Store/input_txttreat'

2018-06-01 11:38:14 - [TEST_STEP][PASSED] - click: Object: 'Object Repository/HealthpostToCms/Page_HealthPost Store/button_Add' is clicked on

2018-06-01 11:38:14 - [MESSAGE][PASSED] - Object: 'Object Repository/HealthpostToCms/Page_HealthPost Store/button_Add' is clicked on

2018-06-01 11:38:14 - [TEST_STEP][PASSED] - selectOptionByIndex: All options with index in [9] are selected on object 'Object Repository/HealthpostToCms/Page_HealthPost Store/select_--Select--Schedule 1Inj'

2018-06-01 11:38:14 - [MESSAGE][PASSED] - All options with index in [9] are selected on object 'Object Repository/HealthpostToCms/Page_HealthPost Store/select_--Select--Schedule 1Inj'

2018-06-01 11:38:14 - [TEST_STEP][PASSED] - selectOptionByIndex: All options with index in [2] are selected on object 'Object Repository/HealthpostToCms/Page_HealthPost Store/select_--Select--Adernaline 0.'

2018-06-01 11:38:15 - [MESSAGE][PASSED] - All options with index in [2] are selected on object 'Object Repository/HealthpostToCms/Page_HealthPost Store/select_--Select--Adernaline 0.'

2018-06-01 11:38:15 - [TEST_STEP][PASSED] - setText: Text '100' is set on object 'Object Repository/HealthpostToCms/Page_HealthPost Store/input_txttreat'

2018-06-01 11:38:15 - [MESSAGE][PASSED] - Text '100' is set on object 'Object Repository/HealthpostToCms/Page_HealthPost Store/input_txttreat'

2018-06-01 11:38:15 - [TEST_STEP][PASSED] - click: Object: 'Object Repository/HealthpostToCms/Page_HealthPost Store/button_Add' is clicked on

2018-06-01 11:38:15 - [MESSAGE][PASSED] - Object: 'Object Repository/HealthpostToCms/Page_HealthPost Store/button_Add' is clicked on

2018-06-01 11:38:15 - [TEST_STEP][PASSED] - selectOptionByIndex: All options with index in [9] are selected on object 'Object Repository/HealthpostToCms/Page_HealthPost Store/select_--Select--Schedule 1Inj'

2018-06-01 11:38:15 - [MESSAGE][PASSED] - All options with index in [9] are selected on object 'Object Repository/HealthpostToCms/Page_HealthPost Store/select_--Select--Schedule 1Inj'

2018-06-01 11:38:15 - [TEST_STEP][PASSED] - selectOptionByIndex: All options with index in [3] are selected on object 'Object Repository/HealthpostToCms/Page_HealthPost Store/select_--Select--Adernaline 0.'

2018-06-01 11:38:15 - [MESSAGE][PASSED] - All options with index in [3] are selected on object 'Object Repository/HealthpostToCms/Page_HealthPost Store/select_--Select--Adernaline 0.'

2018-06-01 11:38:15 - [TEST_STEP][PASSED] - setText: Text '100' is set on object 'Object Repository/HealthpostToCms/Page_HealthPost Store/input_txttreat'

2018-06-01 11:38:15 - [MESSAGE][PASSED] - Text '100' is set on object 'Object Repository/HealthpostToCms/Page_HealthPost Store/input_txttreat'

2018-06-01 11:38:15 - [TEST_STEP][PASSED] - click: Object: 'Object Repository/HealthpostToCms/Page_HealthPost Store/button_Add' is clicked on

2018-06-01 11:38:15 - [MESSAGE][PASSED] - Object: 'Object Repository/HealthpostToCms/Page_HealthPost Store/button_Add' is clicked on

2018-06-01 11:38:15 - [TEST_STEP][PASSED] - selectOptionByIndex: All options with index in [9] are selected on object 'Object Repository/HealthpostToCms/Page_HealthPost Store/select_--Select--Schedule 1Inj'

2018-06-01 11:38:15 - [MESSAGE][PASSED] - All options with index in [9] are selected on object 'Object Repository/HealthpostToCms/Page_HealthPost Store/select_--Select--Schedule 1Inj'

2018-06-01 11:38:15 - [TEST_STEP][PASSED] - selectOptionByIndex: All options with index in [4] are selected on object 'Object Repository/HealthpostToCms/Page_HealthPost Store/select_--Select--Adernaline 0.'

2018-06-01 11:38:16 - [MESSAGE][PASSED] - All options with index in [4] are selected on object 'Object Repository/HealthpostToCms/Page_HealthPost Store/select_--Select--Adernaline 0.'

2018-06-01 11:38:16 - [TEST_STEP][PASSED] - setText: Text '100' is set on object 'Object Repository/HealthpostToCms/Page_HealthPost Store/input_txttreat'

2018-06-01 11:38:16 - [MESSAGE][PASSED] - Text '100' is set on object 'Object Repository/HealthpostToCms/Page_HealthPost Store/input_txttreat'

2018-06-01 11:38:16 - [TEST_STEP][PASSED] - click: Object: 'Object Repository/HealthpostToCms/Page_HealthPost Store/button_Add' is clicked on

2018-06-01 11:38:16 - [MESSAGE][PASSED] - Object: 'Object Repository/HealthpostToCms/Page_HealthPost Store/button_Add' is clicked on

2018-06-01 11:38:16 - [TEST_STEP][PASSED] - selectOptionByIndex: All options with index in [9] are selected on object 'Object Repository/HealthpostToCms/Page_HealthPost Store/select_--Select--Schedule 1Inj'

2018-06-01 11:38:16 - [MESSAGE][PASSED] - All options with index in [9] are selected on object 'Object Repository/HealthpostToCms/Page_HealthPost Store/select_--Select--Schedule 1Inj'

2018-06-01 11:38:16 - [TEST_STEP][PASSED] - selectOptionByIndex: All options with index in [5] are selected on object 'Object Repository/HealthpostToCms/Page_HealthPost Store/select_--Select--Adernaline 0.'

2018-06-01 11:38:16 - [MESSAGE][PASSED] - All options with index in [5] are selected on object 'Object Repository/HealthpostToCms/Page_HealthPost Store/select_--Select--Adernaline 0.'

2018-06-01 11:38:16 - [TEST_STEP][PASSED] - setText: Text '100' is set on object 'Object Repository/HealthpostToCms/Page_HealthPost Store/input_txttreat'

2018-06-01 11:38:16 - [MESSAGE][PASSED] - Text '100' is set on object 'Object Repository/HealthpostToCms/Page_HealthPost Store/input_txttreat'

2018-06-01 11:38:16 - [TEST_STEP][PASSED] - click: Object: 'Object Repository/HealthpostToCms/Page_HealthPost Store/button_Add' is clicked on

2018-06-01 11:38:16 - [MESSAGE][PASSED] - Object: 'Object Repository/HealthpostToCms/Page_HealthPost Store/button_Add' is clicked on

2018-06-01 11:38:16 - [TEST_STEP][PASSED] - selectOptionByIndex: All options with index in [9] are selected on object 'Object Repository/HealthpostToCms/Page_HealthPost Store/select_--Select--Schedule 1Inj'

2018-06-01 11:38:17 - [MESSAGE][PASSED] - All options with index in [9] are selected on object 'Object Repository/HealthpostToCms/Page_HealthPost Store/select_--Select--Schedule 1Inj'

2018-06-01 11:38:17 - [TEST_STEP][PASSED] - selectOptionByIndex: All options with index in [6] are selected on object 'Object Repository/HealthpostToCms/Page_HealthPost Store/select_--Select--Adernaline 0.'

2018-06-01 11:38:17 - [MESSAGE][PASSED] - All options with index in [6] are selected on object 'Object Repository/HealthpostToCms/Page_HealthPost Store/select_--Select--Adernaline 0.'

2018-06-01 11:38:17 - [TEST_STEP][PASSED] - setText: Text '100' is set on object 'Object Repository/HealthpostToCms/Page_HealthPost Store/input_txttreat'

2018-06-01 11:38:17 - [MESSAGE][PASSED] - Text '100' is set on object 'Object Repository/HealthpostToCms/Page_HealthPost Store/input_txttreat'

2018-06-01 11:38:17 - [TEST_STEP][PASSED] - click: Object: 'Object Repository/HealthpostToCms/Page_HealthPost Store/button_Add' is clicked on

2018-06-01 11:38:17 - [MESSAGE][PASSED] - Object: 'Object Repository/HealthpostToCms/Page_HealthPost Store/button_Add' is clicked on

2018-06-01 11:38:17 - [TEST_STEP][PASSED] - selectOptionByIndex: All options with index in [9] are selected on object 'Object Repository/HealthpostToCms/Page_HealthPost Store/select_--Select--Schedule 1Inj'

2018-06-01 11:38:17 - [MESSAGE][PASSED] - All options with index in [9] are selected on object 'Object Repository/HealthpostToCms/Page_HealthPost Store/select_--Select--Schedule 1Inj'

2018-06-01 11:38:17 - [TEST_STEP][PASSED] - selectOptionByIndex: All options with index in [7] are selected on object 'Object Repository/HealthpostToCms/Page_HealthPost Store/select_--Select--Adernaline 0.'

2018-06-01 11:38:17 - [MESSAGE][PASSED] - All options with index in [7] are selected on object 'Object Repository/HealthpostToCms/Page_HealthPost Store/select_--Select--Adernaline 0.'

2018-06-01 11:38:17 - [TEST_STEP][PASSED] - setText: Text '100' is set on object 'Object Repository/HealthpostToCms/Page_HealthPost Store/input_txttreat'

2018-06-01 11:38:17 - [MESSAGE][PASSED] - Text '100' is set on object 'Object Repository/HealthpostToCms/Page_HealthPost Store/input_txttreat'

2018-06-01 11:38:17 - [TEST_STEP][PASSED] - click: Object: 'Object Repository/HealthpostToCms/Page_HealthPost Store/button_Add' is clicked on

2018-06-01 11:38:17 - [MESSAGE][PASSED] - Object: 'Object Repository/HealthpostToCms/Page_HealthPost Store/button_Add' is clicked on

2018-06-01 11:38:17 - [TEST_STEP][PASSED] - selectOptionByIndex: All options with index in [9] are selected on object 'Object Repository/HealthpostToCms/Page_HealthPost Store/select_--Select--Schedule 1Inj'

2018-06-01 11:38:18 - [MESSAGE][PASSED] - All options with index in [9] are selected on object 'Object Repository/HealthpostToCms/Page_HealthPost Store/select_--Select--Schedule 1Inj'

2018-06-01 11:38:18 - [TEST_STEP][PASSED] - selectOptionByIndex: All options with index in [8] are selected on object 'Object Repository/HealthpostToCms/Page_HealthPost Store/select_--Select--Adernaline 0.'

2018-06-01 11:38:18 - [MESSAGE][PASSED] - All options with index in [8] are selected on object 'Object Repository/HealthpostToCms/Page_HealthPost Store/select_--Select--Adernaline 0.'

2018-06-01 11:38:18 - [TEST_STEP][PASSED] - setText: Text '100' is set on object 'Object Repository/HealthpostToCms/Page_HealthPost Store/input_txttreat'

2018-06-01 11:38:18 - [MESSAGE][PASSED] - Text '100' is set on object 'Object Repository/HealthpostToCms/Page_HealthPost Store/input_txttreat'

2018-06-01 11:38:18 - [TEST_STEP][PASSED] - click: Object: 'Object Repository/HealthpostToCms/Page_HealthPost Store/button_Add' is clicked on

2018-06-01 11:38:18 - [MESSAGE][PASSED] - Object: 'Object Repository/HealthpostToCms/Page_HealthPost Store/button_Add' is clicked on

2018-06-01 11:38:18 - [TEST_STEP][PASSED] - selectOptionByIndex: All options with index in [9] are selected on object 'Object Repository/HealthpostToCms/Page_HealthPost Store/select_--Select--Schedule 1Inj'

2018-06-01 11:38:18 - [MESSAGE][PASSED] - All options with index in [9] are selected on object 'Object Repository/HealthpostToCms/Page_HealthPost Store/select_--Select--Schedule 1Inj'

2018-06-01 11:38:18 - [TEST_STEP][PASSED] - selectOptionByIndex: All options with index in [9] are selected on object 'Object Repository/HealthpostToCms/Page_HealthPost Store/select_--Select--Adernaline 0.'

2018-06-01 11:38:18 - [MESSAGE][PASSED] - All options with index in [9] are selected on object 'Object Repository/HealthpostToCms/Page_HealthPost Store/select_--Select--Adernaline 0.'

2018-06-01 11:38:18 - [TEST_STEP][PASSED] - setText: Text '100' is set on object 'Object Repository/HealthpostToCms/Page_HealthPost Store/input_txttreat'

2018-06-01 11:38:19 - [MESSAGE][PASSED] - Text '100' is set on object 'Object Repository/HealthpostToCms/Page_HealthPost Store/input_txttreat'

2018-06-01 11:38:19 - [TEST_STEP][PASSED] - click: Object: 'Object Repository/HealthpostToCms/Page_HealthPost Store/button_Add' is clicked on

2018-06-01 11:38:19 - [MESSAGE][PASSED] - Object: 'Object Repository/HealthpostToCms/Page_HealthPost Store/button_Add' is clicked on

2018-06-01 11:38:19 - [TEST_STEP][PASSED] - selectOptionByIndex: All options with index in [9] are selected on object 'Object Repository/HealthpostToCms/Page_HealthPost Store/select_--Select--Schedule 1Inj'

2018-06-01 11:38:19 - [MESSAGE][PASSED] - All options with index in [9] are selected on object 'Object Repository/HealthpostToCms/Page_HealthPost Store/select_--Select--Schedule 1Inj'

2018-06-01 11:38:19 - [TEST_STEP][PASSED] - selectOptionByIndex: All options with index in [10] are selected on object 'Object Repository/HealthpostToCms/Page_HealthPost Store/select_--Select--Adernaline 0.'

2018-06-01 11:38:19 - [MESSAGE][PASSED] - All options with index in [10] are selected on object 'Object Repository/HealthpostToCms/Page_HealthPost Store/select_--Select--Adernaline 0.'

2018-06-01 11:38:19 - [TEST_STEP][PASSED] - setText: Text '100' is set on object 'Object Repository/HealthpostToCms/Page_HealthPost Store/input_txttreat'

2018-06-01 11:38:19 - [MESSAGE][PASSED] - Text '100' is set on object 'Object Repository/HealthpostToCms/Page_HealthPost Store/input_txttreat'

2018-06-01 11:38:19 - [TEST_STEP][PASSED] - click: Object: 'Object Repository/HealthpostToCms/Page_HealthPost Store/button_Add' is clicked on

2018-06-01 11:38:19 - [MESSAGE][PASSED] - Object: 'Object Repository/HealthpostToCms/Page_HealthPost Store/button_Add' is clicked on

2018-06-01 11:38:19 - [TEST_STEP][PASSED] - selectOptionByIndex: All options with index in [9] are selected on object 'Object Repository/HealthpostToCms/Page_HealthPost Store/select_--Select--Schedule 1Inj'

2018-06-01 11:38:19 - [MESSAGE][PASSED] - All options with index in [9] are selected on object 'Object Repository/HealthpostToCms/Page_HealthPost Store/select_--Select--Schedule 1Inj'

2018-06-01 11:38:19 - [TEST_STEP][PASSED] - selectOptionByIndex: All options with index in [11] are selected on object 'Object Repository/HealthpostToCms/Page_HealthPost Store/select_--Select--Adernaline 0.'

2018-06-01 11:38:20 - [MESSAGE][PASSED] - All options with index in [11] are selected on object 'Object Repository/HealthpostToCms/Page_HealthPost Store/select_--Select--Adernaline 0.'

2018-06-01 11:38:20 - [TEST_STEP][PASSED] - setText: Text '100' is set on object 'Object Repository/HealthpostToCms/Page_HealthPost Store/input_txttreat'

2018-06-01 11:38:20 - [MESSAGE][PASSED] - Text '100' is set on object 'Object Repository/HealthpostToCms/Page_HealthPost Store/input_txttreat'

2018-06-01 11:38:20 - [TEST_STEP][PASSED] - click: Object: 'Object Repository/HealthpostToCms/Page_HealthPost Store/button_Add' is clicked on

2018-06-01 11:38:20 - [MESSAGE][PASSED] - Object: 'Object Repository/HealthpostToCms/Page_HealthPost Store/button_Add' is clicked on

2018-06-01 11:38:20 - [TEST_STEP][PASSED] - selectOptionByIndex: All options with index in [9] are selected on object 'Object Repository/HealthpostToCms/Page_HealthPost Store/select_--Select--Schedule 1Inj'

2018-06-01 11:38:20 - [MESSAGE][PASSED] - All options with index in [9] are selected on object 'Object Repository/HealthpostToCms/Page_HealthPost Store/select_--Select--Schedule 1Inj'

2018-06-01 11:38:20 - [TEST_STEP][PASSED] - selectOptionByIndex: All options with index in [12] are selected on object 'Object Repository/HealthpostToCms/Page_HealthPost Store/select_--Select--Adernaline 0.'

2018-06-01 11:38:20 - [MESSAGE][PASSED] - All options with index in [12] are selected on object 'Object Repository/HealthpostToCms/Page_HealthPost Store/select_--Select--Adernaline 0.'

2018-06-01 11:38:20 - [TEST_STEP][PASSED] - setText: Text '100' is set on object 'Object Repository/HealthpostToCms/Page_HealthPost Store/input_txttreat'

2018-06-01 11:38:20 - [MESSAGE][PASSED] - Text '100' is set on object 'Object Repository/HealthpostToCms/Page_HealthPost Store/input_txttreat'

2018-06-01 11:38:20 - [TEST_STEP][PASSED] - click: Object: 'Object Repository/HealthpostToCms/Page_HealthPost Store/button_Add' is clicked on

2018-06-01 11:38:20 - [MESSAGE][PASSED] - Object: 'Object Repository/HealthpostToCms/Page_HealthPost Store/button_Add' is clicked on

2018-06-01 11:38:20 - [TEST_STEP][PASSED] - selectOptionByIndex: All options with index in [9] are selected on object 'Object Repository/HealthpostToCms/Page_HealthPost Store/select_--Select--Schedule 1Inj'

2018-06-01 11:38:21 - [MESSAGE][PASSED] - All options with index in [9] are selected on object 'Object Repository/HealthpostToCms/Page_HealthPost Store/select_--Select--Schedule 1Inj'

2018-06-01 11:38:21 - [TEST_STEP][PASSED] - selectOptionByIndex: All options with index in [13] are selected on object 'Object Repository/HealthpostToCms/Page_HealthPost Store/select_--Select--Adernaline 0.'

2018-06-01 11:38:21 - [MESSAGE][PASSED] - All options with index in [13] are selected on object 'Object Repository/HealthpostToCms/Page_HealthPost Store/select_--Select--Adernaline 0.'

2018-06-01 11:38:21 - [TEST_STEP][PASSED] - setText: Text '100' is set on object 'Object Repository/HealthpostToCms/Page_HealthPost Store/input_txttreat'

2018-06-01 11:38:21 - [MESSAGE][PASSED] - Text '100' is set on object 'Object Repository/HealthpostToCms/Page_HealthPost Store/input_txttreat'

2018-06-01 11:38:21 - [TEST_STEP][PASSED] - click: Object: 'Object Repository/HealthpostToCms/Page_HealthPost Store/button_Add' is clicked on

2018-06-01 11:38:21 - [MESSAGE][PASSED] - Object: 'Object Repository/HealthpostToCms/Page_HealthPost Store/button_Add' is clicked on

2018-06-01 11:38:21 - [TEST_STEP][PASSED] - selectOptionByIndex: All options with index in [9] are selected on object 'Object Repository/HealthpostToCms/Page_HealthPost Store/select_--Select--Schedule 1Inj'

2018-06-01 11:38:21 - [MESSAGE][PASSED] - All options with index in [9] are selected on object 'Object Repository/HealthpostToCms/Page_HealthPost Store/select_--Select--Schedule 1Inj'

2018-06-01 11:38:21 - [TEST_STEP][PASSED] - selectOptionByIndex: All options with index in [14] are selected on object 'Object Repository/HealthpostToCms/Page_HealthPost Store/select_--Select--Adernaline 0.'

2018-06-01 11:38:22 - [MESSAGE][PASSED] - All options with index in [14] are selected on object 'Object Repository/HealthpostToCms/Page_HealthPost Store/select_--Select--Adernaline 0.'

2018-06-01 11:38:22 - [TEST_STEP][PASSED] - setText: Text '100' is set on object 'Object Repository/HealthpostToCms/Page_HealthPost Store/input_txttreat'

2018-06-01 11:38:22 - [MESSAGE][PASSED] - Text '100' is set on object 'Object Repository/HealthpostToCms/Page_HealthPost Store/input_txttreat'

2018-06-01 11:38:22 - [TEST_STEP][PASSED] - click: Object: 'Object Repository/HealthpostToCms/Page_HealthPost Store/button_Add' is clicked on

2018-06-01 11:38:22 - [MESSAGE][PASSED] - Object: 'Object Repository/HealthpostToCms/Page_HealthPost Store/button_Add' is clicked on

2018-06-01 11:38:22 - [TEST_STEP][PASSED] - selectOptionByIndex: All options with index in [9] are selected on object 'Object Repository/HealthpostToCms/Page_HealthPost Store/select_--Select--Schedule 1Inj'

2018-06-01 11:38:22 - [MESSAGE][PASSED] - All options with index in [9] are selected on object 'Object Repository/HealthpostToCms/Page_HealthPost Store/select_--Select--Schedule 1Inj'

2018-06-01 11:38:22 - [TEST_STEP][PASSED] - selectOptionByIndex: All options with index in [15] are selected on object 'Object Repository/HealthpostToCms/Page_HealthPost Store/select_--Select--Adernaline 0.'

2018-06-01 11:38:22 - [MESSAGE][PASSED] - All options with index in [15] are selected on object 'Object Repository/HealthpostToCms/Page_HealthPost Store/select_--Select--Adernaline 0.'

2018-06-01 11:38:22 - [TEST_STEP][PASSED] - setText: Text '100' is set on object 'Object Repository/HealthpostToCms/Page_HealthPost Store/input_txttreat'

2018-06-01 11:38:22 - [MESSAGE][PASSED] - Text '100' is set on object 'Object Repository/HealthpostToCms/Page_HealthPost Store/input_txttreat'

2018-06-01 11:38:22 - [TEST_STEP][PASSED] - click: Object: 'Object Repository/HealthpostToCms/Page_HealthPost Store/button_Add' is clicked on

2018-06-01 11:38:22 - [MESSAGE][PASSED] - Object: 'Object Repository/HealthpostToCms/Page_HealthPost Store/button_Add' is clicked on

2018-06-01 11:38:22 - [TEST_STEP][PASSED] - selectOptionByIndex: All options with index in [9] are selected on object 'Object Repository/HealthpostToCms/Page_HealthPost Store/select_--Select--Schedule 1Inj'

2018-06-01 11:38:23 - [MESSAGE][PASSED] - All options with index in [9] are selected on object 'Object Repository/HealthpostToCms/Page_HealthPost Store/select_--Select--Schedule 1Inj'

2018-06-01 11:38:23 - [TEST_STEP][PASSED] - selectOptionByIndex: All options with index in [16] are selected on object 'Object Repository/HealthpostToCms/Page_HealthPost Store/select_--Select--Adernaline 0.'

2018-06-01 11:38:23 - [MESSAGE][PASSED] - All options with index in [16] are selected on object 'Object Repository/HealthpostToCms/Page_HealthPost Store/select_--Select--Adernaline 0.'

2018-06-01 11:38:23 - [TEST_STEP][PASSED] - setText: Text '100' is set on object 'Object Repository/HealthpostToCms/Page_HealthPost Store/input_txttreat'

2018-06-01 11:38:23 - [MESSAGE][PASSED] - Text '100' is set on object 'Object Repository/HealthpostToCms/Page_HealthPost Store/input_txttreat'

2018-06-01 11:38:23 - [TEST_STEP][PASSED] - click: Object: 'Object Repository/HealthpostToCms/Page_HealthPost Store/button_Add' is clicked on

2018-06-01 11:38:23 - [MESSAGE][PASSED] - Object: 'Object Repository/HealthpostToCms/Page_HealthPost Store/button_Add' is clicked on

2018-06-01 11:38:23 - [TEST_STEP][PASSED] - selectOptionByIndex: All options with index in [9] are selected on object 'Object Repository/HealthpostToCms/Page_HealthPost Store/select_--Select--Schedule 1Inj'

2018-06-01 11:38:23 - [MESSAGE][PASSED] - All options with index in [9] are selected on object 'Object Repository/HealthpostToCms/Page_HealthPost Store/select_--Select--Schedule 1Inj'

2018-06-01 11:38:23 - [TEST_STEP][PASSED] - selectOptionByIndex: All options with index in [17] are selected on object 'Object Repository/HealthpostToCms/Page_HealthPost Store/select_--Select--Adernaline 0.'

2018-06-01 11:38:24 - [MESSAGE][PASSED] - All options with index in [17] are selected on object 'Object Repository/HealthpostToCms/Page_HealthPost Store/select_--Select--Adernaline 0.'

2018-06-01 11:38:24 - [TEST_STEP][PASSED] - setText: Text '100' is set on object 'Object Repository/HealthpostToCms/Page_HealthPost Store/input_txttreat'

2018-06-01 11:38:24 - [MESSAGE][PASSED] - Text '100' is set on object 'Object Repository/HealthpostToCms/Page_HealthPost Store/input_txttreat'

2018-06-01 11:38:24 - [TEST_STEP][PASSED] - click: Object: 'Object Repository/HealthpostToCms/Page_HealthPost Store/button_Add' is clicked on

2018-06-01 11:38:24 - [MESSAGE][PASSED] - Object: 'Object Repository/HealthpostToCms/Page_HealthPost Store/button_Add' is clicked on

2018-06-01 11:38:24 - [TEST_STEP][PASSED] - selectOptionByIndex: All options with index in [9] are selected on object 'Object Repository/HealthpostToCms/Page_HealthPost Store/select_--Select--Schedule 1Inj'

2018-06-01 11:38:24 - [MESSAGE][PASSED] - All options with index in [9] are selected on object 'Object Repository/HealthpostToCms/Page_HealthPost Store/select_--Select--Schedule 1Inj'

2018-06-01 11:38:24 - [TEST_STEP][PASSED] - selectOptionByIndex: All options with index in [18] are selected on object 'Object Repository/HealthpostToCms/Page_HealthPost Store/select_--Select--Adernaline 0.'

2018-06-01 11:38:24 - [MESSAGE][PASSED] - All options with index in [18] are selected on object 'Object Repository/HealthpostToCms/Page_HealthPost Store/select_--Select--Adernaline 0.'

2018-06-01 11:38:24 - [TEST_STEP][PASSED] - setText: Text '100' is set on object 'Object Repository/HealthpostToCms/Page_HealthPost Store/input_txttreat'

2018-06-01 11:38:24 - [MESSAGE][PASSED] - Text '100' is set on object 'Object Repository/HealthpostToCms/Page_HealthPost Store/input_txttreat'

2018-06-01 11:38:24 - [TEST_STEP][PASSED] - click: Object: 'Object Repository/HealthpostToCms/Page_HealthPost Store/button_Add' is clicked on

2018-06-01 11:38:24 - [MESSAGE][PASSED] - Object: 'Object Repository/HealthpostToCms/Page_HealthPost Store/button_Add' is clicked on

2018-06-01 11:38:24 - [TEST_STEP][PASSED] - selectOptionByIndex: All options with index in [9] are selected on object 'Object Repository/HealthpostToCms/Page_HealthPost Store/select_--Select--Schedule 1Inj'

2018-06-01 11:38:25 - [MESSAGE][PASSED] - All options with index in [9] are selected on object 'Object Repository/HealthpostToCms/Page_HealthPost Store/select_--Select--Schedule 1Inj'

2018-06-01 11:38:25 - [TEST_STEP][PASSED] - selectOptionByIndex: All options with index in [19] are selected on object 'Object Repository/HealthpostToCms/Page_HealthPost Store/select_--Select--Adernaline 0.'

2018-06-01 11:38:25 - [MESSAGE][PASSED] - All options with index in [19] are selected on object 'Object Repository/HealthpostToCms/Page_HealthPost Store/select_--Select--Adernaline 0.'

2018-06-01 11:38:25 - [TEST_STEP][PASSED] - setText: Text '100' is set on object 'Object Repository/HealthpostToCms/Page_HealthPost Store/input_txttreat'

2018-06-01 11:38:25 - [MESSAGE][PASSED] - Text '100' is set on object 'Object Repository/HealthpostToCms/Page_HealthPost Store/input_txttreat'

2018-06-01 11:38:25 - [TEST_STEP][PASSED] - click: Object: 'Object Repository/HealthpostToCms/Page_HealthPost Store/button_Add' is clicked on

2018-06-01 11:38:25 - [MESSAGE][PASSED] - Object: 'Object Repository/HealthpostToCms/Page_HealthPost Store/button_Add' is clicked on

2018-06-01 11:38:25 - [TEST_STEP][PASSED] - selectOptionByIndex: All options with index in [9] are selected on object 'Object Repository/HealthpostToCms/Page_HealthPost Store/select_--Select--Schedule 1Inj'

2018-06-01 11:38:25 - [MESSAGE][PASSED] - All options with index in [9] are selected on object 'Object Repository/HealthpostToCms/Page_HealthPost Store/select_--Select--Schedule 1Inj'

2018-06-01 11:38:25 - [TEST_STEP][PASSED] - selectOptionByIndex: All options with index in [20] are selected on object 'Object Repository/HealthpostToCms/Page_HealthPost Store/select_--Select--Adernaline 0.'

2018-06-01 11:38:26 - [MESSAGE][PASSED] - All options with index in [20] are selected on object 'Object Repository/HealthpostToCms/Page_HealthPost Store/select_--Select--Adernaline 0.'

2018-06-01 11:38:26 - [TEST_STEP][PASSED] - setText: Text '100' is set on object 'Object Repository/HealthpostToCms/Page_HealthPost Store/input_txttreat'

2018-06-01 11:38:26 - [MESSAGE][PASSED] - Text '100' is set on object 'Object Repository/HealthpostToCms/Page_HealthPost Store/input_txttreat'

2018-06-01 11:38:26 - [TEST_STEP][PASSED] - click: Object: 'Object Repository/HealthpostToCms/Page_HealthPost Store/button_Add' is clicked on

2018-06-01 11:38:26 - [MESSAGE][PASSED] - Object: 'Object Repository/HealthpostToCms/Page_HealthPost Store/button_Add' is clicked on

2018-06-01 11:38:26 - [TEST_STEP][PASSED] - selectOptionByIndex: All options with index in [9] are selected on object 'Object Repository/HealthpostToCms/Page_HealthPost Store/select_--Select--Schedule 1Inj'

2018-06-01 11:38:26 - [MESSAGE][PASSED] - All options with index in [9] are selected on object 'Object Repository/HealthpostToCms/Page_HealthPost Store/select_--Select--Schedule 1Inj'

2018-06-01 11:38:26 - [TEST_STEP][PASSED] - selectOptionByIndex: All options with index in [21] are selected on object 'Object Repository/HealthpostToCms/Page_HealthPost Store/select_--Select--Adernaline 0.'

2018-06-01 11:38:26 - [MESSAGE][PASSED] - All options with index in [21] are selected on object 'Object Repository/HealthpostToCms/Page_HealthPost Store/select_--Select--Adernaline 0.'

2018-06-01 11:38:26 - [TEST_STEP][PASSED] - setText: Text '100' is set on object 'Object Repository/HealthpostToCms/Page_HealthPost Store/input_txttreat'

2018-06-01 11:38:26 - [MESSAGE][PASSED] - Text '100' is set on object 'Object Repository/HealthpostToCms/Page_HealthPost Store/input_txttreat'

2018-06-01 11:38:26 - [TEST_STEP][PASSED] - click: Object: 'Object Repository/HealthpostToCms/Page_HealthPost Store/button_Add' is clicked on

2018-06-01 11:38:26 - [MESSAGE][PASSED] - Object: 'Object Repository/HealthpostToCms/Page_HealthPost Store/button_Add' is clicked on

2018-06-01 11:38:26 - [TEST_STEP][PASSED] - selectOptionByIndex: All options with index in [9] are selected on object 'Object Repository/HealthpostToCms/Page_HealthPost Store/select_--Select--Schedule 1Inj'

2018-06-01 11:38:27 - [MESSAGE][PASSED] - All options with index in [9] are selected on object 'Object Repository/HealthpostToCms/Page_HealthPost Store/select_--Select--Schedule 1Inj'

2018-06-01 11:38:27 - [TEST_STEP][PASSED] - selectOptionByIndex: All options with index in [22] are selected on object 'Object Repository/HealthpostToCms/Page_HealthPost Store/select_--Select--Adernaline 0.'

2018-06-01 11:38:27 - [MESSAGE][PASSED] - All options with index in [22] are selected on object 'Object Repository/HealthpostToCms/Page_HealthPost Store/select_--Select--Adernaline 0.'

2018-06-01 11:38:27 - [TEST_STEP][PASSED] - setText: Text '100' is set on object 'Object Repository/HealthpostToCms/Page_HealthPost Store/input_txttreat'

2018-06-01 11:38:27 - [MESSAGE][PASSED] - Text '100' is set on object 'Object Repository/HealthpostToCms/Page_HealthPost Store/input_txttreat'

2018-06-01 11:38:27 - [TEST_STEP][PASSED] - click: Object: 'Object Repository/HealthpostToCms/Page_HealthPost Store/button_Add' is clicked on

2018-06-01 11:38:27 - [MESSAGE][PASSED] - Object: 'Object Repository/HealthpostToCms/Page_HealthPost Store/button_Add' is clicked on

2018-06-01 11:38:27 - [TEST_STEP][PASSED] - selectOptionByIndex: All options with index in [9] are selected on object 'Object Repository/HealthpostToCms/Page_HealthPost Store/select_--Select--Schedule 1Inj'

2018-06-01 11:38:27 - [MESSAGE][PASSED] - All options with index in [9] are selected on object 'Object Repository/HealthpostToCms/Page_HealthPost Store/select_--Select--Schedule 1Inj'

2018-06-01 11:38:27 - [TEST_STEP][PASSED] - selectOptionByIndex: All options with index in [23] are selected on object 'Object Repository/HealthpostToCms/Page_HealthPost Store/select_--Select--Adernaline 0.'

2018-06-01 11:38:28 - [MESSAGE][PASSED] - All options with index in [23] are selected on object 'Object Repository/HealthpostToCms/Page_HealthPost Store/select_--Select--Adernaline 0.'

2018-06-01 11:38:28 - [TEST_STEP][PASSED] - setText: Text '100' is set on object 'Object Repository/HealthpostToCms/Page_HealthPost Store/input_txttreat'

2018-06-01 11:38:28 - [MESSAGE][PASSED] - Text '100' is set on object 'Object Repository/HealthpostToCms/Page_HealthPost Store/input_txttreat'

2018-06-01 11:38:28 - [TEST_STEP][PASSED] - click: Object: 'Object Repository/HealthpostToCms/Page_HealthPost Store/button_Add' is clicked on

2018-06-01 11:38:28 - [MESSAGE][PASSED] - Object: 'Object Repository/HealthpostToCms/Page_HealthPost Store/button_Add' is clicked on

2018-06-01 11:38:28 - [TEST_STEP][PASSED] - selectOptionByIndex: All options with index in [9] are selected on object 'Object Repository/HealthpostToCms/Page_HealthPost Store/select_--Select--Schedule 1Inj'

2018-06-01 11:38:28 - [MESSAGE][PASSED] - All options with index in [9] are selected on object 'Object Repository/HealthpostToCms/Page_HealthPost Store/select_--Select--Schedule 1Inj'

2018-06-01 11:38:28 - [TEST_STEP][PASSED] - selectOptionByIndex: All options with index in [24] are selected on object 'Object Repository/HealthpostToCms/Page_HealthPost Store/select_--Select--Adernaline 0.'

2018-06-01 11:38:28 - [MESSAGE][PASSED] - All options with index in [24] are selected on object 'Object Repository/HealthpostToCms/Page_HealthPost Store/select_--Select--Adernaline 0.'

2018-06-01 11:38:28 - [TEST_STEP][PASSED] - setText: Text '100' is set on object 'Object Repository/HealthpostToCms/Page_HealthPost Store/input_txttreat'

2018-06-01 11:38:28 - [MESSAGE][PASSED] - Text '100' is set on object 'Object Repository/HealthpostToCms/Page_HealthPost Store/input_txttreat'

2018-06-01 11:38:28 - [TEST_STEP][PASSED] - click: Object: 'Object Repository/HealthpostToCms/Page_HealthPost Store/button_Add' is clicked on

2018-06-01 11:38:29 - [MESSAGE][PASSED] - Object: 'Object Repository/HealthpostToCms/Page_HealthPost Store/button_Add' is clicked on

2018-06-01 11:38:29 - [TEST_STEP][PASSED] - selectOptionByIndex: All options with index in [9] are selected on object 'Object Repository/HealthpostToCms/Page_HealthPost Store/select_--Select--Schedule 1Inj'

2018-06-01 11:38:29 - [MESSAGE][PASSED] - All options with index in [9] are selected on object 'Object Repository/HealthpostToCms/Page_HealthPost Store/select_--Select--Schedule 1Inj'

2018-06-01 11:38:29 - [TEST_STEP][PASSED] - selectOptionByIndex: All options with index in [25] are selected on object 'Object Repository/HealthpostToCms/Page_HealthPost Store/select_--Select--Adernaline 0.'

2018-06-01 11:38:29 - [MESSAGE][PASSED] - All options with index in [25] are selected on object 'Object Repository/HealthpostToCms/Page_HealthPost Store/select_--Select--Adernaline 0.'

2018-06-01 11:38:29 - [TEST_STEP][PASSED] - setText: Text '100' is set on object 'Object Repository/HealthpostToCms/Page_HealthPost Store/input_txttreat'

2018-06-01 11:38:29 - [MESSAGE][PASSED] - Text '100' is set on object 'Object Repository/HealthpostToCms/Page_HealthPost Store/input_txttreat'

2018-06-01 11:38:29 - [TEST_STEP][PASSED] - click: Object: 'Object Repository/HealthpostToCms/Page_HealthPost Store/button_Add' is clicked on

2018-06-01 11:38:29 - [MESSAGE][PASSED] - Object: 'Object Repository/HealthpostToCms/Page_HealthPost Store/button_Add' is clicked on

2018-06-01 11:38:29 - [TEST_STEP][PASSED] - selectOptionByIndex: All options with index in [9] are selected on object 'Object Repository/HealthpostToCms/Page_HealthPost Store/select_--Select--Schedule 1Inj'

2018-06-01 11:38:29 - [MESSAGE][PASSED] - All options with index in [9] are selected on object 'Object Repository/HealthpostToCms/Page_HealthPost Store/select_--Select--Schedule 1Inj'

2018-06-01 11:38:29 - [TEST_STEP][PASSED] - selectOptionByIndex: All options with index in [26] are selected on object 'Object Repository/HealthpostToCms/Page_HealthPost Store/select_--Select--Adernaline 0.'

2018-06-01 11:38:30 - [MESSAGE][PASSED] - All options with index in [26] are selected on object 'Object Repository/HealthpostToCms/Page_HealthPost Store/select_--Select--Adernaline 0.'

2018-06-01 11:38:30 - [TEST_STEP][PASSED] - setText: Text '100' is set on object 'Object Repository/HealthpostToCms/Page_HealthPost Store/input_txttreat'

2018-06-01 11:38:30 - [MESSAGE][PASSED] - Text '100' is set on object 'Object Repository/HealthpostToCms/Page_HealthPost Store/input_txttreat'

2018-06-01 11:38:30 - [TEST_STEP][PASSED] - click: Object: 'Object Repository/HealthpostToCms/Page_HealthPost Store/button_Add' is clicked on

2018-06-01 11:38:30 - [MESSAGE][PASSED] - Object: 'Object Repository/HealthpostToCms/Page_HealthPost Store/button_Add' is clicked on

2018-06-01 11:38:30 - [TEST_STEP][PASSED] - selectOptionByIndex: All options with index in [9] are selected on object 'Object Repository/HealthpostToCms/Page_HealthPost Store/select_--Select--Schedule 1Inj'

2018-06-01 11:38:30 - [MESSAGE][PASSED] - All options with index in [9] are selected on object 'Object Repository/HealthpostToCms/Page_HealthPost Store/select_--Select--Schedule 1Inj'

2018-06-01 11:38:30 - [TEST_STEP][PASSED] - selectOptionByIndex: All options with index in [27] are selected on object 'Object Repository/HealthpostToCms/Page_HealthPost Store/select_--Select--Adernaline 0.'

2018-06-01 11:38:31 - [MESSAGE][PASSED] - All options with index in [27] are selected on object 'Object Repository/HealthpostToCms/Page_HealthPost Store/select_--Select--Adernaline 0.'

2018-06-01 11:38:31 - [TEST_STEP][PASSED] - setText: Text '100' is set on object 'Object Repository/HealthpostToCms/Page_HealthPost Store/input_txttreat'

2018-06-01 11:38:31 - [MESSAGE][PASSED] - Text '100' is set on object 'Object Repository/HealthpostToCms/Page_HealthPost Store/input_txttreat'

2018-06-01 11:38:31 - [TEST_STEP][PASSED] - click: Object: 'Object Repository/HealthpostToCms/Page_HealthPost Store/button_Add' is clicked on

2018-06-01 11:38:31 - [MESSAGE][PASSED] - Object: 'Object Repository/HealthpostToCms/Page_HealthPost Store/button_Add' is clicked on

2018-06-01 11:38:31 - [TEST_STEP][PASSED] - selectOptionByIndex: All options with index in [9] are selected on object 'Object Repository/HealthpostToCms/Page_HealthPost Store/select_--Select--Schedule 1Inj'

2018-06-01 11:38:31 - [MESSAGE][PASSED] - All options with index in [9] are selected on object 'Object Repository/HealthpostToCms/Page_HealthPost Store/select_--Select--Schedule 1Inj'

2018-06-01 11:38:31 - [TEST_STEP][PASSED] - selectOptionByIndex: All options with index in [28] are selected on object 'Object Repository/HealthpostToCms/Page_HealthPost Store/select_--Select--Adernaline 0.'

2018-06-01 11:38:31 - [MESSAGE][PASSED] - All options with index in [28] are selected on object 'Object Repository/HealthpostToCms/Page_HealthPost Store/select_--Select--Adernaline 0.'

2018-06-01 11:38:31 - [TEST_STEP][PASSED] - setText: Text '100' is set on object 'Object Repository/HealthpostToCms/Page_HealthPost Store/input_txttreat'

2018-06-01 11:38:31 - [MESSAGE][PASSED] - Text '100' is set on object 'Object Repository/HealthpostToCms/Page_HealthPost Store/input_txttreat'

2018-06-01 11:38:31 - [TEST_STEP][PASSED] - click: Object: 'Object Repository/HealthpostToCms/Page_HealthPost Store/button_Add' is clicked on

2018-06-01 11:38:32 - [MESSAGE][PASSED] - Object: 'Object Repository/HealthpostToCms/Page_HealthPost Store/button_Add' is clicked on

2018-06-01 11:38:32 - [TEST_STEP][PASSED] - selectOptionByIndex: All options with index in [9] are selected on object 'Object Repository/HealthpostToCms/Page_HealthPost Store/select_--Select--Schedule 1Inj'

2018-06-01 11:38:32 - [MESSAGE][PASSED] - All options with index in [9] are selected on object 'Object Repository/HealthpostToCms/Page_HealthPost Store/select_--Select--Schedule 1Inj'

2018-06-01 11:38:32 - [TEST_STEP][PASSED] - selectOptionByIndex: All options with index in [29] are selected on object 'Object Repository/HealthpostToCms/Page_HealthPost Store/select_--Select--Adernaline 0.'

2018-06-01 11:38:32 - [MESSAGE][PASSED] - All options with index in [29] are selected on object 'Object Repository/HealthpostToCms/Page_HealthPost Store/select_--Select--Adernaline 0.'

2018-06-01 11:38:32 - [TEST_STEP][PASSED] - setText: Text '100' is set on object 'Object Repository/HealthpostToCms/Page_HealthPost Store/input_txttreat'

2018-06-01 11:38:32 - [MESSAGE][PASSED] - Text '100' is set on object 'Object Repository/HealthpostToCms/Page_HealthPost Store/input_txttreat'

2018-06-01 11:38:32 - [TEST_STEP][PASSED] - click: Object: 'Object Repository/HealthpostToCms/Page_HealthPost Store/button_Add' is clicked on

2018-06-01 11:38:32 - [MESSAGE][PASSED] - Object: 'Object Repository/HealthpostToCms/Page_HealthPost Store/button_Add' is clicked on

2018-06-01 11:38:32 - [TEST_STEP][PASSED] - selectOptionByIndex: All options with index in [9] are selected on object 'Object Repository/HealthpostToCms/Page_HealthPost Store/select_--Select--Schedule 1Inj'

2018-06-01 11:38:33 - [MESSAGE][PASSED] - All options with index in [9] are selected on object 'Object Repository/HealthpostToCms/Page_HealthPost Store/select_--Select--Schedule 1Inj'

2018-06-01 11:38:33 - [TEST_STEP][PASSED] - selectOptionByIndex: All options with index in [30] are selected on object 'Object Repository/HealthpostToCms/Page_HealthPost Store/select_--Select--Adernaline 0.'

2018-06-01 11:38:33 - [MESSAGE][PASSED] - All options with index in [30] are selected on object 'Object Repository/HealthpostToCms/Page_HealthPost Store/select_--Select--Adernaline 0.'

2018-06-01 11:38:33 - [TEST_STEP][PASSED] - setText: Text '100' is set on object 'Object Repository/HealthpostToCms/Page_HealthPost Store/input_txttreat'

2018-06-01 11:38:33 - [MESSAGE][PASSED] - Text '100' is set on object 'Object Repository/HealthpostToCms/Page_HealthPost Store/input_txttreat'

2018-06-01 11:38:33 - [TEST_STEP][PASSED] - click: Object: 'Object Repository/HealthpostToCms/Page_HealthPost Store/button_Add' is clicked on

2018-06-01 11:38:33 - [MESSAGE][PASSED] - Object: 'Object Repository/HealthpostToCms/Page_HealthPost Store/button_Add' is clicked on

2018-06-01 11:38:33 - [TEST_STEP][PASSED] - selectOptionByIndex: All options with index in [9] are selected on object 'Object Repository/HealthpostToCms/Page_HealthPost Store/select_--Select--Schedule 1Inj'

2018-06-01 11:38:33 - [MESSAGE][PASSED] - All options with index in [9] are selected on object 'Object Repository/HealthpostToCms/Page_HealthPost Store/select_--Select--Schedule 1Inj'

2018-06-01 11:38:33 - [TEST_STEP][PASSED] - selectOptionByIndex: All options with index in [31] are selected on object 'Object Repository/HealthpostToCms/Page_HealthPost Store/select_--Select--Adernaline 0.'

2018-06-01 11:38:34 - [MESSAGE][PASSED] - All options with index in [31] are selected on object 'Object Repository/HealthpostToCms/Page_HealthPost Store/select_--Select--Adernaline 0.'

2018-06-01 11:38:34 - [TEST_STEP][PASSED] - setText: Text '100' is set on object 'Object Repository/HealthpostToCms/Page_HealthPost Store/input_txttreat'

2018-06-01 11:38:34 - [MESSAGE][PASSED] - Text '100' is set on object 'Object Repository/HealthpostToCms/Page_HealthPost Store/input_txttreat'

2018-06-01 11:38:34 - [TEST_STEP][PASSED] - click: Object: 'Object Repository/HealthpostToCms/Page_HealthPost Store/button_Add' is clicked on

2018-06-01 11:38:34 - [MESSAGE][PASSED] - Object: 'Object Repository/HealthpostToCms/Page_HealthPost Store/button_Add' is clicked on

2018-06-01 11:38:34 - [TEST_STEP][PASSED] - selectOptionByIndex: All options with index in [9] are selected on object 'Object Repository/HealthpostToCms/Page_HealthPost Store/select_--Select--Schedule 1Inj'

2018-06-01 11:38:34 - [MESSAGE][PASSED] - All options with index in [9] are selected on object 'Object Repository/HealthpostToCms/Page_HealthPost Store/select_--Select--Schedule 1Inj'

2018-06-01 11:38:34 - [TEST_STEP][PASSED] - selectOptionByIndex: All options with index in [32] are selected on object 'Object Repository/HealthpostToCms/Page_HealthPost Store/select_--Select--Adernaline 0.'

2018-06-01 11:38:35 - [MESSAGE][PASSED] - All options with index in [32] are selected on object 'Object Repository/HealthpostToCms/Page_HealthPost Store/select_--Select--Adernaline 0.'

2018-06-01 11:38:35 - [TEST_STEP][PASSED] - setText: Text '100' is set on object 'Object Repository/HealthpostToCms/Page_HealthPost Store/input_txttreat'

2018-06-01 11:38:35 - [MESSAGE][PASSED] - Text '100' is set on object 'Object Repository/HealthpostToCms/Page_HealthPost Store/input_txttreat'

2018-06-01 11:38:35 - [TEST_STEP][PASSED] - click: Object: 'Object Repository/HealthpostToCms/Page_HealthPost Store/button_Add' is clicked on

2018-06-01 11:38:35 - [MESSAGE][PASSED] - Object: 'Object Repository/HealthpostToCms/Page_HealthPost Store/button_Add' is clicked on

2018-06-01 11:38:35 - [TEST_STEP][PASSED] - selectOptionByIndex: All options with index in [9] are selected on object 'Object Repository/HealthpostToCms/Page_HealthPost Store/select_--Select--Schedule 1Inj'

2018-06-01 11:38:35 - [MESSAGE][PASSED] - All options with index in [9] are selected on object 'Object Repository/HealthpostToCms/Page_HealthPost Store/select_--Select--Schedule 1Inj'

2018-06-01 11:38:35 - [TEST_STEP][PASSED] - selectOptionByIndex: All options with index in [33] are selected on object 'Object Repository/HealthpostToCms/Page_HealthPost Store/select_--Select--Adernaline 0.'

2018-06-01 11:38:35 - [MESSAGE][PASSED] - All options with index in [33] are selected on object 'Object Repository/HealthpostToCms/Page_HealthPost Store/select_--Select--Adernaline 0.'

2018-06-01 11:38:35 - [TEST_STEP][PASSED] - setText: Text '100' is set on object 'Object Repository/HealthpostToCms/Page_HealthPost Store/input_txttreat'

2018-06-01 11:38:35 - [MESSAGE][PASSED] - Text '100' is set on object 'Object Repository/HealthpostToCms/Page_HealthPost Store/input_txttreat'

2018-06-01 11:38:35 - [TEST_STEP][PASSED] - click: Object: 'Object Repository/HealthpostToCms/Page_HealthPost Store/button_Add' is clicked on

2018-06-01 11:38:36 - [MESSAGE][PASSED] - Object: 'Object Repository/HealthpostToCms/Page_HealthPost Store/button_Add' is clicked on

2018-06-01 11:38:36 - [TEST_STEP][PASSED] - selectOptionByIndex: All options with index in [9] are selected on object 'Object Repository/HealthpostToCms/Page_HealthPost Store/select_--Select--Schedule 1Inj'

2018-06-01 11:38:36 - [MESSAGE][PASSED] - All options with index in [9] are selected on object 'Object Repository/HealthpostToCms/Page_HealthPost Store/select_--Select--Schedule 1Inj'

2018-06-01 11:38:36 - [TEST_STEP][PASSED] - selectOptionByIndex: All options with index in [34] are selected on object 'Object Repository/HealthpostToCms/Page_HealthPost Store/select_--Select--Adernaline 0.'

2018-06-01 11:38:36 - [MESSAGE][PASSED] - All options with index in [34] are selected on object 'Object Repository/HealthpostToCms/Page_HealthPost Store/select_--Select--Adernaline 0.'

2018-06-01 11:38:36 - [TEST_STEP][PASSED] - setText: Text '100' is set on object 'Object Repository/HealthpostToCms/Page_HealthPost Store/input_txttreat'

2018-06-01 11:38:36 - [MESSAGE][PASSED] - Text '100' is set on object 'Object Repository/HealthpostToCms/Page_HealthPost Store/input_txttreat'

2018-06-01 11:38:36 - [TEST_STEP][PASSED] - click: Object: 'Object Repository/HealthpostToCms/Page_HealthPost Store/button_Add' is clicked on

2018-06-01 11:38:36 - [MESSAGE][PASSED] - Object: 'Object Repository/HealthpostToCms/Page_HealthPost Store/button_Add' is clicked on

2018-06-01 11:38:36 - [TEST_STEP][PASSED] - selectOptionByIndex: All options with index in [9] are selected on object 'Object Repository/HealthpostToCms/Page_HealthPost Store/select_--Select--Schedule 1Inj'

2018-06-01 11:38:37 - [MESSAGE][PASSED] - All options with index in [9] are selected on object 'Object Repository/HealthpostToCms/Page_HealthPost Store/select_--Select--Schedule 1Inj'

2018-06-01 11:38:37 - [TEST_STEP][PASSED] - selectOptionByIndex: All options with index in [35] are selected on object 'Object Repository/HealthpostToCms/Page_HealthPost Store/select_--Select--Adernaline 0.'

2018-06-01 11:38:37 - [MESSAGE][PASSED] - All options with index in [35] are selected on object 'Object Repository/HealthpostToCms/Page_HealthPost Store/select_--Select--Adernaline 0.'

2018-06-01 11:38:37 - [TEST_STEP][PASSED] - setText: Text '100' is set on object 'Object Repository/HealthpostToCms/Page_HealthPost Store/input_txttreat'

2018-06-01 11:38:37 - [MESSAGE][PASSED] - Text '100' is set on object 'Object Repository/HealthpostToCms/Page_HealthPost Store/input_txttreat'

2018-06-01 11:38:37 - [TEST_STEP][PASSED] - click: Object: 'Object Repository/HealthpostToCms/Page_HealthPost Store/button_Add' is clicked on

2018-06-01 11:38:37 - [MESSAGE][PASSED] - Object: 'Object Repository/HealthpostToCms/Page_HealthPost Store/button_Add' is clicked on

2018-06-01 11:38:37 - [TEST_STEP][PASSED] - scrollToElement: Scroll to object 'Object Repository/HealthpostToCms/Page_HealthPost Store/input_btnsave' successfully

2018-06-01 11:38:37 - [MESSAGE][PASSED] - Scroll to object 'Object Repository/HealthpostToCms/Page_HealthPost Store/input_btnsave' successfully

2018-06-01 11:38:37 - [TEST_STEP][PASSED] - click: Object: 'Object Repository/HealthpostToCms/Page_HealthPost Store/input_btnsave' is clicked on

2018-06-01 11:38:37 - [MESSAGE][PASSED] - Object: 'Object Repository/HealthpostToCms/Page_HealthPost Store/input_btnsave' is clicked on

2018-06-01 11:38:37 - [TEST_STEP][PASSED] - delay: Delayed 3 second(s)

2018-06-01 11:38:40 - [MESSAGE][PASSED] - Delayed 3 second(s)

2018-06-01 11:38:40 - [TEST_STEP][PASSED] - Statement - RN1 = com.kms.katalon.core.webui.keyword.WebUiBuiltInKeywords.getText(com.kms.katalon.core.testobject.ObjectRepository.findTestObject(HealthpostToCms/Page_HealthPost Store/font_PRNO18052018174)): Text of object 'Object Repository/HealthpostToCms/Page_HealthPost Store/font_PRNO18052018174' is: 'PRNO/01062018/535'

2018-06-01 11:38:40 - [MESSAGE][PASSED] - Text of object 'Object Repository/HealthpostToCms/Page_HealthPost Store/font_PRNO18052018174' is: 'PRNO/01062018/535'

2018-06-01 11:38:40 - [TEST_STEP][PASSED] - Statement - out.println(RN1): null

2018-06-01 11:38:40 - [TEST_STEP][PASSED] - Statement - RID = RN1.split("/")[2]: null

2018-06-01 11:38:40 - [TEST_STEP][PASSED] - click: Object: 'Object Repository/HealthpostToCms/Page_HealthPost Store/button_OK' is clicked on

2018-06-01 11:38:41 - [MESSAGE][PASSED] - Object: 'Object Repository/HealthpostToCms/Page_HealthPost Store/button_OK' is clicked on

2018-06-01 11:38:41 - [TEST_STEP][PASSED] - delay: Delayed 3 second(s)

2018-06-01 11:38:44 - [MESSAGE][PASSED] - Delayed 3 second(s)

2018-06-01 11:38:44 - [TEST_STEP][PASSED] - click: Object: 'Object Repository/HealthpostToCms/Page_HealthPost Store/a_dropdown-toggle' is clicked on

2018-06-01 11:38:44 - [MESSAGE][PASSED] - Object: 'Object Repository/HealthpostToCms/Page_HealthPost Store/a_dropdown-toggle' is clicked on

2018-06-01 11:38:44 - [TEST_STEP][PASSED] - click: Object: 'Object Repository/HealthpostToCms/Page_HealthPost Store/a_Sign out' is clicked on

2018-06-01 11:38:44 - [MESSAGE][PASSED] - Object: 'Object Repository/HealthpostToCms/Page_HealthPost Store/a_Sign out' is clicked on

2018-06-01 11:38:44 - [TEST_STEP][PASSED] - delay: Delayed 3 second(s)

2018-06-01 11:38:47 - [MESSAGE][PASSED] - Delayed 3 second(s)

2018-06-01 11:38:47 - [TEST_STEP][PASSED] - navigateToUrl: Navigate to 'http://192.168.137.1/multihospital_new/' successfully

2018-06-01 11:38:48 - [MESSAGE][PASSED] - Navigate to 'http://192.168.137.1/multihospital_new/' successfully

2018-06-01 11:38:48 - [TEST_STEP][PASSED] - click: Object: 'Object Repository/HealthpostToCms/Page_KDMC/a_CMO' is clicked on

2018-06-01 11:38:48 - [MESSAGE][PASSED] - Object: 'Object Repository/HealthpostToCms/Page_KDMC/a_CMO' is clicked on

2018-06-01 11:38:48 - [TEST_STEP][PASSED] - setText: Text 'guru' is set on object 'Object Repository/HealthpostToCms/Page_CMO login/input_txtusername'

2018-06-01 11:38:48 - [MESSAGE][PASSED] - Text 'guru' is set on object 'Object Repository/HealthpostToCms/Page_CMO login/input_txtusername'

2018-06-01 11:38:48 - [TEST_STEP][PASSED] - setText: Text '123' is set on object 'Object Repository/HealthpostToCms/Page_CMO login/input_txtpassword'

2018-06-01 11:38:49 - [MESSAGE][PASSED] - Text '123' is set on object 'Object Repository/HealthpostToCms/Page_CMO login/input_txtpassword'

2018-06-01 11:38:49 - [TEST_STEP][PASSED] - delay: Delayed 3 second(s)

2018-06-01 11:38:52 - [MESSAGE][PASSED] - Delayed 3 second(s)

2018-06-01 11:38:52 - [TEST_STEP][PASSED] - click: Object: 'Object Repository/HealthpostToCms/Page_CMO login/button_Sign in' is clicked on

2018-06-01 11:38:52 - [MESSAGE][PASSED] - Object: 'Object Repository/HealthpostToCms/Page_CMO login/button_Sign in' is clicked on

2018-06-01 11:38:52 - [TEST_STEP][PASSED] - delay: Delayed 3 second(s)

2018-06-01 11:38:55 - [MESSAGE][PASSED] - Delayed 3 second(s)

2018-06-01 11:38:55 - [TEST_STEP][PASSED] - click: Object: 'Object Repository/HealthpostToCms/Page_KDMC - CMO/a_CMS Request' is clicked on

2018-06-01 11:38:56 - [MESSAGE][PASSED] - Object: 'Object Repository/HealthpostToCms/Page_KDMC - CMO/a_CMS Request' is clicked on

2018-06-01 11:38:56 - [TEST_STEP][PASSED] - delay: Delayed 2 second(s)

2018-06-01 11:38:58 - [MESSAGE][PASSED] - Delayed 2 second(s)

2018-06-01 11:38:58 - [TEST_STEP][PASSED] - click: Object: 'Object Repository/HealthpostToCms/Page_KDMC - CMO/a_Healthpost Store Request' is clicked on

2018-06-01 11:38:58 - [MESSAGE][PASSED] - Object: 'Object Repository/HealthpostToCms/Page_KDMC - CMO/a_Healthpost Store Request' is clicked on

2018-06-01 11:38:58 - [TEST_STEP][PASSED] - selectOptionByIndex: All options with index in [1] are selected on object 'Object Repository/HealthpostToCms/Page_KDMC - CMO/select_--ALL--'

2018-06-01 11:38:58 - [MESSAGE][PASSED] - All options with index in [1] are selected on object 'Object Repository/HealthpostToCms/Page_KDMC - CMO/select_--ALL--'

2018-06-01 11:38:58 - [TEST_STEP][PASSED] - click: Object: 'Object Repository/HealthpostToCms/Page_KDMC - CMO/input_btnsearch' is clicked on

2018-06-01 11:38:59 - [MESSAGE][PASSED] - Object: 'Object Repository/HealthpostToCms/Page_KDMC - CMO/input_btnsearch' is clicked on

2018-06-01 11:38:59 - [TEST_STEP][PASSED] - Statement - ID = com.kms.katalon.core.webui.keyword.WebUiBuiltInKeywords.modifyObjectProperty(com.kms.katalon.core.testobject.ObjectRepository.findTestObject(lab/Page_KDMC - CMO/input_1), "xpath", "equals", "//*[@id=" + RID + "]", true): Modify property of object successfully

2018-06-01 11:38:59 - [MESSAGE][PASSED] - Modify property of object successfully

2018-06-01 11:38:59 - [TEST_STEP][PASSED] - click: Object: 'Object Repository/lab/Page_KDMC - CMO/input_1' is clicked on

2018-06-01 11:38:59 - [MESSAGE][PASSED] - Object: 'Object Repository/lab/Page_KDMC - CMO/input_1' is clicked on

2018-06-01 11:38:59 - [TEST_STEP][PASSED] - delay: Delayed 2 second(s)

2018-06-01 11:39:01 - [MESSAGE][PASSED] - Delayed 2 second(s)

2018-06-01 11:39:01 - [TEST_STEP][PASSED] - selectOptionByIndex: All options with index in [1] are selected on object 'Object Repository/HealthpostToCms/Page_KDMC - CMO/select_--Select--'

2018-06-01 11:39:01 - [MESSAGE][PASSED] - All options with index in [1] are selected on object 'Object Repository/HealthpostToCms/Page_KDMC - CMO/select_--Select--'

2018-06-01 11:39:01 - [TEST_STEP][PASSED] - click: Object: 'Object Repository/HealthpostToCms/Page_KDMC - CMO/input_btnupdate' is clicked on

2018-06-01 11:39:02 - [MESSAGE][PASSED] - Object: 'Object Repository/HealthpostToCms/Page_KDMC - CMO/input_btnupdate' is clicked on

2018-06-01 11:39:02 - [TEST_STEP][PASSED] - delay: Delayed 2 second(s)

2018-06-01 11:39:04 - [MESSAGE][PASSED] - Delayed 2 second(s)

2018-06-01 11:39:04 - [TEST_STEP][PASSED] - click: Object: 'Object Repository/HealthpostToCms/Page_KDMC - CMO/button_OK' is clicked on

2018-06-01 11:39:04 - [MESSAGE][PASSED] - Object: 'Object Repository/HealthpostToCms/Page_KDMC - CMO/button_OK' is clicked on

2018-06-01 11:39:04 - [TEST_STEP][PASSED] - delay: Delayed 3 second(s)

2018-06-01 11:39:07 - [MESSAGE][PASSED] - Delayed 3 second(s)

2018-06-01 11:39:07 - [TEST_STEP][PASSED] - click: Object: 'Object Repository/HealthpostToCms/Page_KDMC - CMO/a_dropdown-toggle' is clicked on

2018-06-01 11:39:07 - [MESSAGE][PASSED] - Object: 'Object Repository/HealthpostToCms/Page_KDMC - CMO/a_dropdown-toggle' is clicked on

2018-06-01 11:39:07 - [TEST_STEP][PASSED] - click: Object: 'Object Repository/HealthpostToCms/Page_KDMC - CMO/a_Sign out' is clicked on

2018-06-01 11:39:08 - [MESSAGE][PASSED] - Object: 'Object Repository/HealthpostToCms/Page_KDMC - CMO/a_Sign out' is clicked on

2018-06-01 11:39:08 - [TEST_STEP][PASSED] - delay: Delayed 3 second(s)

2018-06-01 11:39:11 - [MESSAGE][PASSED] - Delayed 3 second(s)

2018-06-01 11:39:11 - [TEST_STEP][PASSED] - click: Object: 'Object Repository/HealthpostToCms/Page_KDMC/a_CMS' is clicked on

2018-06-01 11:39:11 - [MESSAGE][PASSED] - Object: 'Object Repository/HealthpostToCms/Page_KDMC/a_CMS' is clicked on

2018-06-01 11:39:11 - [TEST_STEP][PASSED] - setText: Text 'bala' is set on object 'Object Repository/HealthpostToCms/Page_CMS login/input_txtusername'

2018-06-01 11:39:11 - [MESSAGE][PASSED] - Text 'bala' is set on object 'Object Repository/HealthpostToCms/Page_CMS login/input_txtusername'

2018-06-01 11:39:11 - [TEST_STEP][PASSED] - setText: Text '123' is set on object 'Object Repository/HealthpostToCms/Page_CMS login/input_txtpassword'

2018-06-01 11:39:11 - [MESSAGE][PASSED] - Text '123' is set on object 'Object Repository/HealthpostToCms/Page_CMS login/input_txtpassword'

2018-06-01 11:39:11 - [TEST_STEP][PASSED] - delay: Delayed 3 second(s)

2018-06-01 11:39:14 - [MESSAGE][PASSED] - Delayed 3 second(s)

2018-06-01 11:39:14 - [TEST_STEP][PASSED] - click: Object: 'Object Repository/HealthpostToCms/Page_CMS login/button_Sign in' is clicked on

2018-06-01 11:39:15 - [MESSAGE][PASSED] - Object: 'Object Repository/HealthpostToCms/Page_CMS login/button_Sign in' is clicked on

2018-06-01 11:39:15 - [TEST_STEP][PASSED] - delay: Delayed 3 second(s)

2018-06-01 11:39:18 - [MESSAGE][PASSED] - Delayed 3 second(s)

2018-06-01 11:39:18 - [TEST_STEP][PASSED] - click: Object: 'Object Repository/HealthpostToCms/Page_KDMC - CMS/a_Divisional Store' is clicked on

2018-06-01 11:39:18 - [MESSAGE][PASSED] - Object: 'Object Repository/HealthpostToCms/Page_KDMC - CMS/a_Divisional Store' is clicked on

2018-06-01 11:39:18 - [TEST_STEP][PASSED] - delay: Delayed 2 second(s)

2018-06-01 11:39:20 - [MESSAGE][PASSED] - Delayed 2 second(s)

2018-06-01 11:39:20 - [TEST_STEP][PASSED] - click: Object: 'Object Repository/HealthpostToCms/Page_KDMC - CMS/a_Dispatch Items' is clicked on

2018-06-01 11:39:20 - [MESSAGE][PASSED] - Object: 'Object Repository/HealthpostToCms/Page_KDMC - CMS/a_Dispatch Items' is clicked on

2018-06-01 11:39:20 - [TEST_STEP][PASSED] - delay: Delayed 2 second(s)

2018-06-01 11:39:22 - [MESSAGE][PASSED] - Delayed 2 second(s)

2018-06-01 11:39:22 - [TEST_STEP][PASSED] - setText: Text 'PRNO/01062018/535' is set on object 'Object Repository/HealthpostToCms/Page_KDMC - CMS/input'

2018-06-01 11:39:23 - [MESSAGE][PASSED] - Text 'PRNO/01062018/535' is set on object 'Object Repository/HealthpostToCms/Page_KDMC - CMS/input'

2018-06-01 11:39:23 - [TEST_STEP][PASSED] - click: Object: 'Object Repository/HealthpostToCms/Page_KDMC - CMS/input_PRNO18052018174' is clicked on

2018-06-01 11:39:23 - [MESSAGE][PASSED] - Object: 'Object Repository/HealthpostToCms/Page_KDMC - CMS/input_PRNO18052018174' is clicked on

2018-06-01 11:39:23 - [TEST_STEP][PASSED] - delay: Delayed 3 second(s)

2018-06-01 11:39:26 - [MESSAGE][PASSED] - Delayed 3 second(s)

2018-06-01 11:39:26 - [TEST_STEP][PASSED] - Statement - out.println("Length : " + medicineslength): null

2018-06-01 11:39:26 - [TEST_STEP][PASSED] - Statement - For ([row = 0, row < medicineslength - 1, (row++)]): null

2018-06-01 11:39:26 - [TEST_STEP][PASSED] - Statement - batchlength = new com.kms.katalon.core.testobject.TestObject(): null

2018-06-01 11:39:26 - [TEST_STEP][PASSED] - Statement - batchlength = com.kms.katalon.core.webui.keyword.WebUiBuiltInKeywords.modifyObjectProperty(batchlength, "xpath", "equals", "//*[@id = "fldvendor" + row + ""]", true): Modify property of object successfully

2018-06-01 11:39:26 - [MESSAGE][PASSED] - Modify property of object successfully

2018-06-01 11:39:26 - [TEST_STEP][PASSED] - Statement - batchsize = com.kms.katalon.core.webui.keyword.WebUiBuiltInKeywords.getNumberOfTotalOption(batchlength): 12 options of object '' counted

2018-06-01 11:39:26 - [MESSAGE][PASSED] - 12 options of object '' counted

2018-06-01 11:39:26 - [TEST_STEP][PASSED] - Statement - out.println("BatchSize : " + batchsize): null

2018-06-01 11:39:26 - [TEST_STEP][PASSED] - Statement - For ([n = 1, n <= batchsize - 1, (n++)]): null

2018-06-01 11:39:26 - [TEST_STEP][PASSED] - Statement - product = new com.kms.katalon.core.testobject.TestObject(): null

2018-06-01 11:39:26 - [TEST_STEP][PASSED] - Statement - product = com.kms.katalon.core.webui.keyword.WebUiBuiltInKeywords.modifyObjectProperty(product, "xpath", "equals", "//*[@id = "fldvendor" + row + ""]", true): Modify property of object successfully

2018-06-01 11:39:26 - [MESSAGE][PASSED] - Modify property of object successfully

2018-06-01 11:39:26 - [TEST_STEP][PASSED] - selectOptionByIndex: All options with index in [1] are selected on object ''

2018-06-01 11:39:26 - [MESSAGE][PASSED] - All options with index in [1] are selected on object ''

2018-06-01 11:39:26 - [TEST_STEP][PASSED] - delay: Delayed 2 second(s)

2018-06-01 11:39:28 - [MESSAGE][PASSED] - Delayed 2 second(s)

2018-06-01 11:39:28 - [TEST_STEP][PASSED] - Statement - batch = new com.kms.katalon.core.testobject.TestObject(): null

2018-06-01 11:39:28 - [TEST_STEP][PASSED] - Statement - batch = com.kms.katalon.core.webui.keyword.WebUiBuiltInKeywords.modifyObjectProperty(batch, "xpath", "equals", "//*[@id = "txtbthqty" + row + ""]", true): Modify property of object successfully

2018-06-01 11:39:28 - [MESSAGE][PASSED] - Modify property of object successfully

2018-06-01 11:39:28 - [TEST_STEP][PASSED] - Statement - batchqty = com.kms.katalon.core.webui.keyword.WebUiBuiltInKeywords.getAttribute(batch, "value").trim(): Attribute 'value' of object '' is: '3400'

2018-06-01 11:39:28 - [MESSAGE][PASSED] - Attribute 'value' of object '' is: '3400'

2018-06-01 11:39:28 - [TEST_STEP][PASSED] - Statement - Rqty = 100: null

2018-06-01 11:39:28 - [TEST_STEP][PASSED] - Statement - out.println("BatchQty : " + batchqty): null

2018-06-01 11:39:28 - [TEST_STEP][PASSED] - Statement - out.println("RQty : " + Rqty): null

2018-06-01 11:39:28 - [TEST_STEP][PASSED] - Statement - If (java.lang.Integer.valueOf(batchqty) >= java.lang.Integer.valueOf(Rqty)): null

2018-06-01 11:39:28 - [TEST_STEP][PASSED] - Statement - Break: null

2018-06-01 11:39:28 - [TEST_STEP][PASSED] - Statement - batchlength = new com.kms.katalon.core.testobject.TestObject(): null

2018-06-01 11:39:28 - [TEST_STEP][PASSED] - Statement - batchlength = com.kms.katalon.core.webui.keyword.WebUiBuiltInKeywords.modifyObjectProperty(batchlength, "xpath", "equals", "//*[@id = "fldvendor" + row + ""]", true): Modify property of object successfully

2018-06-01 11:39:28 - [MESSAGE][PASSED] - Modify property of object successfully

2018-06-01 11:39:28 - [TEST_STEP][PASSED] - Statement - batchsize = com.kms.katalon.core.webui.keyword.WebUiBuiltInKeywords.getNumberOfTotalOption(batchlength): 12 options of object '' counted

2018-06-01 11:39:28 - [MESSAGE][PASSED] - 12 options of object '' counted

2018-06-01 11:39:28 - [TEST_STEP][PASSED] - Statement - out.println("BatchSize : " + batchsize): null

2018-06-01 11:39:28 - [TEST_STEP][PASSED] - Statement - For ([n = 1, n <= batchsize - 1, (n++)]): null

2018-06-01 11:39:28 - [TEST_STEP][PASSED] - Statement - product = new com.kms.katalon.core.testobject.TestObject(): null

2018-06-01 11:39:28 - [TEST_STEP][PASSED] - Statement - product = com.kms.katalon.core.webui.keyword.WebUiBuiltInKeywords.modifyObjectProperty(product, "xpath", "equals", "//*[@id = "fldvendor" + row + ""]", true): Modify property of object successfully

2018-06-01 11:39:28 - [MESSAGE][PASSED] - Modify property of object successfully

2018-06-01 11:39:28 - [TEST_STEP][PASSED] - selectOptionByIndex: All options with index in [1] are selected on object ''

2018-06-01 11:39:28 - [MESSAGE][PASSED] - All options with index in [1] are selected on object ''

2018-06-01 11:39:28 - [TEST_STEP][PASSED] - delay: Delayed 2 second(s)

2018-06-01 11:39:30 - [MESSAGE][PASSED] - Delayed 2 second(s)

2018-06-01 11:39:30 - [TEST_STEP][PASSED] - Statement - batch = new com.kms.katalon.core.testobject.TestObject(): null

2018-06-01 11:39:30 - [TEST_STEP][PASSED] - Statement - batch = com.kms.katalon.core.webui.keyword.WebUiBuiltInKeywords.modifyObjectProperty(batch, "xpath", "equals", "//*[@id = "txtbthqty" + row + ""]", true): Modify property of object successfully

2018-06-01 11:39:30 - [MESSAGE][PASSED] - Modify property of object successfully

2018-06-01 11:39:30 - [TEST_STEP][PASSED] - Statement - batchqty = com.kms.katalon.core.webui.keyword.WebUiBuiltInKeywords.getAttribute(batch, "value").trim(): Attribute 'value' of object '' is: '3400'

2018-06-01 11:39:30 - [MESSAGE][PASSED] - Attribute 'value' of object '' is: '3400'

2018-06-01 11:39:30 - [TEST_STEP][PASSED] - Statement - Rqty = 100: null

2018-06-01 11:39:30 - [TEST_STEP][PASSED] - Statement - out.println("BatchQty : " + batchqty): null

2018-06-01 11:39:30 - [TEST_STEP][PASSED] - Statement - out.println("RQty : " + Rqty): null

2018-06-01 11:39:30 - [TEST_STEP][PASSED] - Statement - If (java.lang.Integer.valueOf(batchqty) >= java.lang.Integer.valueOf(Rqty)): null

2018-06-01 11:39:30 - [TEST_STEP][PASSED] - Statement - Break: null

2018-06-01 11:39:30 - [TEST_STEP][PASSED] - Statement - batchlength = new com.kms.katalon.core.testobject.TestObject(): null

2018-06-01 11:39:30 - [TEST_STEP][PASSED] - Statement - batchlength = com.kms.katalon.core.webui.keyword.WebUiBuiltInKeywords.modifyObjectProperty(batchlength, "xpath", "equals", "//*[@id = "fldvendor" + row + ""]", true): Modify property of object successfully

2018-06-01 11:39:30 - [MESSAGE][PASSED] - Modify property of object successfully

2018-06-01 11:39:30 - [TEST_STEP][PASSED] - Statement - batchsize = com.kms.katalon.core.webui.keyword.WebUiBuiltInKeywords.getNumberOfTotalOption(batchlength): 12 options of object '' counted

2018-06-01 11:39:30 - [MESSAGE][PASSED] - 12 options of object '' counted

2018-06-01 11:39:30 - [TEST_STEP][PASSED] - Statement - out.println("BatchSize : " + batchsize): null

2018-06-01 11:39:30 - [TEST_STEP][PASSED] - Statement - For ([n = 1, n <= batchsize - 1, (n++)]): null

2018-06-01 11:39:30 - [TEST_STEP][PASSED] - Statement - product = new com.kms.katalon.core.testobject.TestObject(): null

2018-06-01 11:39:30 - [TEST_STEP][PASSED] - Statement - product = com.kms.katalon.core.webui.keyword.WebUiBuiltInKeywords.modifyObjectProperty(product, "xpath", "equals", "//*[@id = "fldvendor" + row + ""]", true): Modify property of object successfully

2018-06-01 11:39:30 - [MESSAGE][PASSED] - Modify property of object successfully

2018-06-01 11:39:30 - [TEST_STEP][PASSED] - selectOptionByIndex: All options with index in [1] are selected on object ''

2018-06-01 11:39:31 - [MESSAGE][PASSED] - All options with index in [1] are selected on object ''

2018-06-01 11:39:31 - [TEST_STEP][PASSED] - delay: Delayed 2 second(s)

2018-06-01 11:39:33 - [MESSAGE][PASSED] - Delayed 2 second(s)

2018-06-01 11:39:33 - [TEST_STEP][PASSED] - Statement - batch = new com.kms.katalon.core.testobject.TestObject(): null

2018-06-01 11:39:33 - [TEST_STEP][PASSED] - Statement - batch = com.kms.katalon.core.webui.keyword.WebUiBuiltInKeywords.modifyObjectProperty(batch, "xpath", "equals", "//*[@id = "txtbthqty" + row + ""]", true): Modify property of object successfully

2018-06-01 11:39:33 - [MESSAGE][PASSED] - Modify property of object successfully

2018-06-01 11:39:33 - [TEST_STEP][PASSED] - Statement - batchqty = com.kms.katalon.core.webui.keyword.WebUiBuiltInKeywords.getAttribute(batch, "value").trim(): Attribute 'value' of object '' is: '31200'

2018-06-01 11:39:33 - [MESSAGE][PASSED] - Attribute 'value' of object '' is: '31200'

2018-06-01 11:39:33 - [TEST_STEP][PASSED] - Statement - Rqty = 100: null

2018-06-01 11:39:33 - [TEST_STEP][PASSED] - Statement - out.println("BatchQty : " + batchqty): null

2018-06-01 11:39:33 - [TEST_STEP][PASSED] - Statement - out.println("RQty : " + Rqty): null

2018-06-01 11:39:33 - [TEST_STEP][PASSED] - Statement - If (java.lang.Integer.valueOf(batchqty) >= java.lang.Integer.valueOf(Rqty)): null

2018-06-01 11:39:33 - [TEST_STEP][PASSED] - Statement - Break: null

2018-06-01 11:39:33 - [TEST_STEP][PASSED] - Statement - batchlength = new com.kms.katalon.core.testobject.TestObject(): null

2018-06-01 11:39:33 - [TEST_STEP][PASSED] - Statement - batchlength = com.kms.katalon.core.webui.keyword.WebUiBuiltInKeywords.modifyObjectProperty(batchlength, "xpath", "equals", "//*[@id = "fldvendor" + row + ""]", true): Modify property of object successfully

2018-06-01 11:39:33 - [MESSAGE][PASSED] - Modify property of object successfully

2018-06-01 11:39:33 - [TEST_STEP][PASSED] - Statement - batchsize = com.kms.katalon.core.webui.keyword.WebUiBuiltInKeywords.getNumberOfTotalOption(batchlength): 12 options of object '' counted

2018-06-01 11:39:33 - [MESSAGE][PASSED] - 12 options of object '' counted

2018-06-01 11:39:33 - [TEST_STEP][PASSED] - Statement - out.println("BatchSize : " + batchsize): null

2018-06-01 11:39:33 - [TEST_STEP][PASSED] - Statement - For ([n = 1, n <= batchsize - 1, (n++)]): null

2018-06-01 11:39:33 - [TEST_STEP][PASSED] - Statement - product = new com.kms.katalon.core.testobject.TestObject(): null

2018-06-01 11:39:33 - [TEST_STEP][PASSED] - Statement - product = com.kms.katalon.core.webui.keyword.WebUiBuiltInKeywords.modifyObjectProperty(product, "xpath", "equals", "//*[@id = "fldvendor" + row + ""]", true): Modify property of object successfully

2018-06-01 11:39:33 - [MESSAGE][PASSED] - Modify property of object successfully

2018-06-01 11:39:33 - [TEST_STEP][PASSED] - selectOptionByIndex: All options with index in [1] are selected on object ''

2018-06-01 11:39:33 - [MESSAGE][PASSED] - All options with index in [1] are selected on object ''

2018-06-01 11:39:33 - [TEST_STEP][PASSED] - delay: Delayed 2 second(s)

2018-06-01 11:39:35 - [MESSAGE][PASSED] - Delayed 2 second(s)

2018-06-01 11:39:35 - [TEST_STEP][PASSED] - Statement - batch = new com.kms.katalon.core.testobject.TestObject(): null

2018-06-01 11:39:35 - [TEST_STEP][PASSED] - Statement - batch = com.kms.katalon.core.webui.keyword.WebUiBuiltInKeywords.modifyObjectProperty(batch, "xpath", "equals", "//*[@id = "txtbthqty" + row + ""]", true): Modify property of object successfully

2018-06-01 11:39:35 - [MESSAGE][PASSED] - Modify property of object successfully

2018-06-01 11:39:35 - [TEST_STEP][PASSED] - Statement - batchqty = com.kms.katalon.core.webui.keyword.WebUiBuiltInKeywords.getAttribute(batch, "value").trim(): Attribute 'value' of object '' is: '30200'

2018-06-01 11:39:35 - [MESSAGE][PASSED] - Attribute 'value' of object '' is: '30200'

2018-06-01 11:39:35 - [TEST_STEP][PASSED] - Statement - Rqty = 100: null

2018-06-01 11:39:35 - [TEST_STEP][PASSED] - Statement - out.println("BatchQty : " + batchqty): null

2018-06-01 11:39:35 - [TEST_STEP][PASSED] - Statement - out.println("RQty : " + Rqty): null

2018-06-01 11:39:35 - [TEST_STEP][PASSED] - Statement - If (java.lang.Integer.valueOf(batchqty) >= java.lang.Integer.valueOf(Rqty)): null

2018-06-01 11:39:35 - [TEST_STEP][PASSED] - Statement - Break: null

2018-06-01 11:39:35 - [TEST_STEP][PASSED] - Statement - batchlength = new com.kms.katalon.core.testobject.TestObject(): null

2018-06-01 11:39:35 - [TEST_STEP][PASSED] - Statement - batchlength = com.kms.katalon.core.webui.keyword.WebUiBuiltInKeywords.modifyObjectProperty(batchlength, "xpath", "equals", "//*[@id = "fldvendor" + row + ""]", true): Modify property of object successfully

2018-06-01 11:39:35 - [MESSAGE][PASSED] - Modify property of object successfully

2018-06-01 11:39:35 - [TEST_STEP][PASSED] - Statement - batchsize = com.kms.katalon.core.webui.keyword.WebUiBuiltInKeywords.getNumberOfTotalOption(batchlength): 12 options of object '' counted

2018-06-01 11:39:35 - [MESSAGE][PASSED] - 12 options of object '' counted

2018-06-01 11:39:35 - [TEST_STEP][PASSED] - Statement - out.println("BatchSize : " + batchsize): null

2018-06-01 11:39:35 - [TEST_STEP][PASSED] - Statement - For ([n = 1, n <= batchsize - 1, (n++)]): null

2018-06-01 11:39:35 - [TEST_STEP][PASSED] - Statement - product = new com.kms.katalon.core.testobject.TestObject(): null

2018-06-01 11:39:35 - [TEST_STEP][PASSED] - Statement - product = com.kms.katalon.core.webui.keyword.WebUiBuiltInKeywords.modifyObjectProperty(product, "xpath", "equals", "//*[@id = "fldvendor" + row + ""]", true): Modify property of object successfully

2018-06-01 11:39:35 - [MESSAGE][PASSED] - Modify property of object successfully

2018-06-01 11:39:35 - [TEST_STEP][PASSED] - selectOptionByIndex: All options with index in [1] are selected on object ''

2018-06-01 11:39:35 - [MESSAGE][PASSED] - All options with index in [1] are selected on object ''

2018-06-01 11:39:35 - [TEST_STEP][PASSED] - delay: Delayed 2 second(s)

2018-06-01 11:39:37 - [MESSAGE][PASSED] - Delayed 2 second(s)

2018-06-01 11:39:37 - [TEST_STEP][PASSED] - Statement - batch = new com.kms.katalon.core.testobject.TestObject(): null

2018-06-01 11:39:37 - [TEST_STEP][PASSED] - Statement - batch = com.kms.katalon.core.webui.keyword.WebUiBuiltInKeywords.modifyObjectProperty(batch, "xpath", "equals", "//*[@id = "txtbthqty" + row + ""]", true): Modify property of object successfully

2018-06-01 11:39:37 - [MESSAGE][PASSED] - Modify property of object successfully

2018-06-01 11:39:37 - [TEST_STEP][PASSED] - Statement - batchqty = com.kms.katalon.core.webui.keyword.WebUiBuiltInKeywords.getAttribute(batch, "value").trim(): Attribute 'value' of object '' is: '3400'

2018-06-01 11:39:37 - [MESSAGE][PASSED] - Attribute 'value' of object '' is: '3400'

2018-06-01 11:39:37 - [TEST_STEP][PASSED] - Statement - Rqty = 100: null

2018-06-01 11:39:37 - [TEST_STEP][PASSED] - Statement - out.println("BatchQty : " + batchqty): null

2018-06-01 11:39:37 - [TEST_STEP][PASSED] - Statement - out.println("RQty : " + Rqty): null

2018-06-01 11:39:37 - [TEST_STEP][PASSED] - Statement - If (java.lang.Integer.valueOf(batchqty) >= java.lang.Integer.valueOf(Rqty)): null

2018-06-01 11:39:37 - [TEST_STEP][PASSED] - Statement - Break: null

2018-06-01 11:39:37 - [TEST_STEP][PASSED] - Statement - batchlength = new com.kms.katalon.core.testobject.TestObject(): null

2018-06-01 11:39:37 - [TEST_STEP][PASSED] - Statement - batchlength = com.kms.katalon.core.webui.keyword.WebUiBuiltInKeywords.modifyObjectProperty(batchlength, "xpath", "equals", "//*[@id = "fldvendor" + row + ""]", true): Modify property of object successfully

2018-06-01 11:39:37 - [MESSAGE][PASSED] - Modify property of object successfully

2018-06-01 11:39:37 - [TEST_STEP][PASSED] - Statement - batchsize = com.kms.katalon.core.webui.keyword.WebUiBuiltInKeywords.getNumberOfTotalOption(batchlength): 12 options of object '' counted

2018-06-01 11:39:37 - [MESSAGE][PASSED] - 12 options of object '' counted

2018-06-01 11:39:37 - [TEST_STEP][PASSED] - Statement - out.println("BatchSize : " + batchsize): null

2018-06-01 11:39:37 - [TEST_STEP][PASSED] - Statement - For ([n = 1, n <= batchsize - 1, (n++)]): null

2018-06-01 11:39:37 - [TEST_STEP][PASSED] - Statement - product = new com.kms.katalon.core.testobject.TestObject(): null

2018-06-01 11:39:37 - [TEST_STEP][PASSED] - Statement - product = com.kms.katalon.core.webui.keyword.WebUiBuiltInKeywords.modifyObjectProperty(product, "xpath", "equals", "//*[@id = "fldvendor" + row + ""]", true): Modify property of object successfully

2018-06-01 11:39:37 - [MESSAGE][PASSED] - Modify property of object successfully

2018-06-01 11:39:37 - [TEST_STEP][PASSED] - selectOptionByIndex: All options with index in [1] are selected on object ''

2018-06-01 11:39:37 - [MESSAGE][PASSED] - All options with index in [1] are selected on object ''

2018-06-01 11:39:37 - [TEST_STEP][PASSED] - delay: Delayed 2 second(s)

2018-06-01 11:39:39 - [MESSAGE][PASSED] - Delayed 2 second(s)

2018-06-01 11:39:39 - [TEST_STEP][PASSED] - Statement - batch = new com.kms.katalon.core.testobject.TestObject(): null

2018-06-01 11:39:39 - [TEST_STEP][PASSED] - Statement - batch = com.kms.katalon.core.webui.keyword.WebUiBuiltInKeywords.modifyObjectProperty(batch, "xpath", "equals", "//*[@id = "txtbthqty" + row + ""]", true): Modify property of object successfully

2018-06-01 11:39:39 - [MESSAGE][PASSED] - Modify property of object successfully

2018-06-01 11:39:39 - [TEST_STEP][PASSED] - Statement - batchqty = com.kms.katalon.core.webui.keyword.WebUiBuiltInKeywords.getAttribute(batch, "value").trim(): Attribute 'value' of object '' is: '37400'

2018-06-01 11:39:39 - [MESSAGE][PASSED] - Attribute 'value' of object '' is: '37400'

2018-06-01 11:39:39 - [TEST_STEP][PASSED] - Statement - Rqty = 100: null

2018-06-01 11:39:39 - [TEST_STEP][PASSED] - Statement - out.println("BatchQty : " + batchqty): null

2018-06-01 11:39:39 - [TEST_STEP][PASSED] - Statement - out.println("RQty : " + Rqty): null

2018-06-01 11:39:39 - [TEST_STEP][PASSED] - Statement - If (java.lang.Integer.valueOf(batchqty) >= java.lang.Integer.valueOf(Rqty)): null

2018-06-01 11:39:39 - [TEST_STEP][PASSED] - Statement - Break: null

2018-06-01 11:39:39 - [TEST_STEP][PASSED] - Statement - batchlength = new com.kms.katalon.core.testobject.TestObject(): null

2018-06-01 11:39:39 - [TEST_STEP][PASSED] - Statement - batchlength = com.kms.katalon.core.webui.keyword.WebUiBuiltInKeywords.modifyObjectProperty(batchlength, "xpath", "equals", "//*[@id = "fldvendor" + row + ""]", true): Modify property of object successfully

2018-06-01 11:39:39 - [MESSAGE][PASSED] - Modify property of object successfully

2018-06-01 11:39:39 - [TEST_STEP][PASSED] - Statement - batchsize = com.kms.katalon.core.webui.keyword.WebUiBuiltInKeywords.getNumberOfTotalOption(batchlength): 12 options of object '' counted

2018-06-01 11:39:40 - [MESSAGE][PASSED] - 12 options of object '' counted

2018-06-01 11:39:40 - [TEST_STEP][PASSED] - Statement - out.println("BatchSize : " + batchsize): null

2018-06-01 11:39:40 - [TEST_STEP][PASSED] - Statement - For ([n = 1, n <= batchsize - 1, (n++)]): null

2018-06-01 11:39:40 - [TEST_STEP][PASSED] - Statement - product = new com.kms.katalon.core.testobject.TestObject(): null

2018-06-01 11:39:40 - [TEST_STEP][PASSED] - Statement - product = com.kms.katalon.core.webui.keyword.WebUiBuiltInKeywords.modifyObjectProperty(product, "xpath", "equals", "//*[@id = "fldvendor" + row + ""]", true): Modify property of object successfully

2018-06-01 11:39:40 - [MESSAGE][PASSED] - Modify property of object successfully

2018-06-01 11:39:40 - [TEST_STEP][PASSED] - selectOptionByIndex: All options with index in [1] are selected on object ''

2018-06-01 11:39:40 - [MESSAGE][PASSED] - All options with index in [1] are selected on object ''

2018-06-01 11:39:40 - [TEST_STEP][PASSED] - delay: Delayed 2 second(s)

2018-06-01 11:39:42 - [MESSAGE][PASSED] - Delayed 2 second(s)

2018-06-01 11:39:42 - [TEST_STEP][PASSED] - Statement - batch = new com.kms.katalon.core.testobject.TestObject(): null

2018-06-01 11:39:42 - [TEST_STEP][PASSED] - Statement - batch = com.kms.katalon.core.webui.keyword.WebUiBuiltInKeywords.modifyObjectProperty(batch, "xpath", "equals", "//*[@id = "txtbthqty" + row + ""]", true): Modify property of object successfully

2018-06-01 11:39:42 - [MESSAGE][PASSED] - Modify property of object successfully

2018-06-01 11:39:42 - [TEST_STEP][PASSED] - Statement - batchqty = com.kms.katalon.core.webui.keyword.WebUiBuiltInKeywords.getAttribute(batch, "value").trim(): Attribute 'value' of object '' is: '3400'

2018-06-01 11:39:42 - [MESSAGE][PASSED] - Attribute 'value' of object '' is: '3400'

2018-06-01 11:39:42 - [TEST_STEP][PASSED] - Statement - Rqty = 100: null

2018-06-01 11:39:42 - [TEST_STEP][PASSED] - Statement - out.println("BatchQty : " + batchqty): null

2018-06-01 11:39:42 - [TEST_STEP][PASSED] - Statement - out.println("RQty : " + Rqty): null

2018-06-01 11:39:42 - [TEST_STEP][PASSED] - Statement - If (java.lang.Integer.valueOf(batchqty) >= java.lang.Integer.valueOf(Rqty)): null

2018-06-01 11:39:42 - [TEST_STEP][PASSED] - Statement - Break: null

2018-06-01 11:39:42 - [TEST_STEP][PASSED] - Statement - batchlength = new com.kms.katalon.core.testobject.TestObject(): null

2018-06-01 11:39:42 - [TEST_STEP][PASSED] - Statement - batchlength = com.kms.katalon.core.webui.keyword.WebUiBuiltInKeywords.modifyObjectProperty(batchlength, "xpath", "equals", "//*[@id = "fldvendor" + row + ""]", true): Modify property of object successfully

2018-06-01 11:39:42 - [MESSAGE][PASSED] - Modify property of object successfully

2018-06-01 11:39:42 - [TEST_STEP][PASSED] - Statement - batchsize = com.kms.katalon.core.webui.keyword.WebUiBuiltInKeywords.getNumberOfTotalOption(batchlength): 12 options of object '' counted

2018-06-01 11:39:42 - [MESSAGE][PASSED] - 12 options of object '' counted

2018-06-01 11:39:42 - [TEST_STEP][PASSED] - Statement - out.println("BatchSize : " + batchsize): null

2018-06-01 11:39:42 - [TEST_STEP][PASSED] - Statement - For ([n = 1, n <= batchsize - 1, (n++)]): null

2018-06-01 11:39:42 - [TEST_STEP][PASSED] - Statement - product = new com.kms.katalon.core.testobject.TestObject(): null

2018-06-01 11:39:42 - [TEST_STEP][PASSED] - Statement - product = com.kms.katalon.core.webui.keyword.WebUiBuiltInKeywords.modifyObjectProperty(product, "xpath", "equals", "//*[@id = "fldvendor" + row + ""]", true): Modify property of object successfully

2018-06-01 11:39:42 - [MESSAGE][PASSED] - Modify property of object successfully

2018-06-01 11:39:42 - [TEST_STEP][PASSED] - selectOptionByIndex: All options with index in [1] are selected on object ''

2018-06-01 11:39:42 - [MESSAGE][PASSED] - All options with index in [1] are selected on object ''

2018-06-01 11:39:42 - [TEST_STEP][PASSED] - delay: Delayed 2 second(s)

2018-06-01 11:39:44 - [MESSAGE][PASSED] - Delayed 2 second(s)

2018-06-01 11:39:44 - [TEST_STEP][PASSED] - Statement - batch = new com.kms.katalon.core.testobject.TestObject(): null

2018-06-01 11:39:44 - [TEST_STEP][PASSED] - Statement - batch = com.kms.katalon.core.webui.keyword.WebUiBuiltInKeywords.modifyObjectProperty(batch, "xpath", "equals", "//*[@id = "txtbthqty" + row + ""]", true): Modify property of object successfully

2018-06-01 11:39:44 - [MESSAGE][PASSED] - Modify property of object successfully

2018-06-01 11:39:44 - [TEST_STEP][PASSED] - Statement - batchqty = com.kms.katalon.core.webui.keyword.WebUiBuiltInKeywords.getAttribute(batch, "value").trim(): Attribute 'value' of object '' is: '4700'

2018-06-01 11:39:44 - [MESSAGE][PASSED] - Attribute 'value' of object '' is: '4700'

2018-06-01 11:39:44 - [TEST_STEP][PASSED] - Statement - Rqty = 100: null

2018-06-01 11:39:44 - [TEST_STEP][PASSED] - Statement - out.println("BatchQty : " + batchqty): null

2018-06-01 11:39:44 - [TEST_STEP][PASSED] - Statement - out.println("RQty : " + Rqty): null

2018-06-01 11:39:44 - [TEST_STEP][PASSED] - Statement - If (java.lang.Integer.valueOf(batchqty) >= java.lang.Integer.valueOf(Rqty)): null

2018-06-01 11:39:44 - [TEST_STEP][PASSED] - Statement - Break: null

2018-06-01 11:39:44 - [TEST_STEP][PASSED] - Statement - batchlength = new com.kms.katalon.core.testobject.TestObject(): null

2018-06-01 11:39:44 - [TEST_STEP][PASSED] - Statement - batchlength = com.kms.katalon.core.webui.keyword.WebUiBuiltInKeywords.modifyObjectProperty(batchlength, "xpath", "equals", "//*[@id = "fldvendor" + row + ""]", true): Modify property of object successfully

2018-06-01 11:39:44 - [MESSAGE][PASSED] - Modify property of object successfully

2018-06-01 11:39:44 - [TEST_STEP][PASSED] - Statement - batchsize = com.kms.katalon.core.webui.keyword.WebUiBuiltInKeywords.getNumberOfTotalOption(batchlength): 12 options of object '' counted

2018-06-01 11:39:44 - [MESSAGE][PASSED] - 12 options of object '' counted

2018-06-01 11:39:44 - [TEST_STEP][PASSED] - Statement - out.println("BatchSize : " + batchsize): null

2018-06-01 11:39:44 - [TEST_STEP][PASSED] - Statement - For ([n = 1, n <= batchsize - 1, (n++)]): null

2018-06-01 11:39:44 - [TEST_STEP][PASSED] - Statement - product = new com.kms.katalon.core.testobject.TestObject(): null

2018-06-01 11:39:44 - [TEST_STEP][PASSED] - Statement - product = com.kms.katalon.core.webui.keyword.WebUiBuiltInKeywords.modifyObjectProperty(product, "xpath", "equals", "//*[@id = "fldvendor" + row + ""]", true): Modify property of object successfully

2018-06-01 11:39:44 - [MESSAGE][PASSED] - Modify property of object successfully

2018-06-01 11:39:44 - [TEST_STEP][PASSED] - selectOptionByIndex: All options with index in [1] are selected on object ''

2018-06-01 11:39:44 - [MESSAGE][PASSED] - All options with index in [1] are selected on object ''

2018-06-01 11:39:44 - [TEST_STEP][PASSED] - delay: Delayed 2 second(s)

2018-06-01 11:39:46 - [MESSAGE][PASSED] - Delayed 2 second(s)

2018-06-01 11:39:46 - [TEST_STEP][PASSED] - Statement - batch = new com.kms.katalon.core.testobject.TestObject(): null

2018-06-01 11:39:46 - [TEST_STEP][PASSED] - Statement - batch = com.kms.katalon.core.webui.keyword.WebUiBuiltInKeywords.modifyObjectProperty(batch, "xpath", "equals", "//*[@id = "txtbthqty" + row + ""]", true): Modify property of object successfully

2018-06-01 11:39:46 - [MESSAGE][PASSED] - Modify property of object successfully

2018-06-01 11:39:46 - [TEST_STEP][PASSED] - Statement - batchqty = com.kms.katalon.core.webui.keyword.WebUiBuiltInKeywords.getAttribute(batch, "value").trim(): Attribute 'value' of object '' is: '3400'

2018-06-01 11:39:46 - [MESSAGE][PASSED] - Attribute 'value' of object '' is: '3400'

2018-06-01 11:39:46 - [TEST_STEP][PASSED] - Statement - Rqty = 100: null

2018-06-01 11:39:46 - [TEST_STEP][PASSED] - Statement - out.println("BatchQty : " + batchqty): null

2018-06-01 11:39:46 - [TEST_STEP][PASSED] - Statement - out.println("RQty : " + Rqty): null

2018-06-01 11:39:46 - [TEST_STEP][PASSED] - Statement - If (java.lang.Integer.valueOf(batchqty) >= java.lang.Integer.valueOf(Rqty)): null

2018-06-01 11:39:46 - [TEST_STEP][PASSED] - Statement - Break: null

2018-06-01 11:39:46 - [TEST_STEP][PASSED] - Statement - batchlength = new com.kms.katalon.core.testobject.TestObject(): null

2018-06-01 11:39:46 - [TEST_STEP][PASSED] - Statement - batchlength = com.kms.katalon.core.webui.keyword.WebUiBuiltInKeywords.modifyObjectProperty(batchlength, "xpath", "equals", "//*[@id = "fldvendor" + row + ""]", true): Modify property of object successfully

2018-06-01 11:39:46 - [MESSAGE][PASSED] - Modify property of object successfully

2018-06-01 11:39:46 - [TEST_STEP][PASSED] - Statement - batchsize = com.kms.katalon.core.webui.keyword.WebUiBuiltInKeywords.getNumberOfTotalOption(batchlength): 12 options of object '' counted

2018-06-01 11:39:46 - [MESSAGE][PASSED] - 12 options of object '' counted

2018-06-01 11:39:46 - [TEST_STEP][PASSED] - Statement - out.println("BatchSize : " + batchsize): null

2018-06-01 11:39:46 - [TEST_STEP][PASSED] - Statement - For ([n = 1, n <= batchsize - 1, (n++)]): null

2018-06-01 11:39:46 - [TEST_STEP][PASSED] - Statement - product = new com.kms.katalon.core.testobject.TestObject(): null

2018-06-01 11:39:46 - [TEST_STEP][PASSED] - Statement - product = com.kms.katalon.core.webui.keyword.WebUiBuiltInKeywords.modifyObjectProperty(product, "xpath", "equals", "//*[@id = "fldvendor" + row + ""]", true): Modify property of object successfully

2018-06-01 11:39:46 - [MESSAGE][PASSED] - Modify property of object successfully

2018-06-01 11:39:46 - [TEST_STEP][PASSED] - selectOptionByIndex: All options with index in [1] are selected on object ''

2018-06-01 11:39:47 - [MESSAGE][PASSED] - All options with index in [1] are selected on object ''

2018-06-01 11:39:47 - [TEST_STEP][PASSED] - delay: Delayed 2 second(s)

2018-06-01 11:39:49 - [MESSAGE][PASSED] - Delayed 2 second(s)

2018-06-01 11:39:49 - [TEST_STEP][PASSED] - Statement - batch = new com.kms.katalon.core.testobject.TestObject(): null

2018-06-01 11:39:49 - [TEST_STEP][PASSED] - Statement - batch = com.kms.katalon.core.webui.keyword.WebUiBuiltInKeywords.modifyObjectProperty(batch, "xpath", "equals", "//*[@id = "txtbthqty" + row + ""]", true): Modify property of object successfully

2018-06-01 11:39:49 - [MESSAGE][PASSED] - Modify property of object successfully

2018-06-01 11:39:49 - [TEST_STEP][PASSED] - Statement - batchqty = com.kms.katalon.core.webui.keyword.WebUiBuiltInKeywords.getAttribute(batch, "value").trim(): Attribute 'value' of object '' is: '3400'

2018-06-01 11:39:49 - [MESSAGE][PASSED] - Attribute 'value' of object '' is: '3400'

2018-06-01 11:39:49 - [TEST_STEP][PASSED] - Statement - Rqty = 100: null

2018-06-01 11:39:49 - [TEST_STEP][PASSED] - Statement - out.println("BatchQty : " + batchqty): null

2018-06-01 11:39:49 - [TEST_STEP][PASSED] - Statement - out.println("RQty : " + Rqty): null

2018-06-01 11:39:49 - [TEST_STEP][PASSED] - Statement - If (java.lang.Integer.valueOf(batchqty) >= java.lang.Integer.valueOf(Rqty)): null

2018-06-01 11:39:49 - [TEST_STEP][PASSED] - Statement - Break: null

2018-06-01 11:39:49 - [TEST_STEP][PASSED] - Statement - batchlength = new com.kms.katalon.core.testobject.TestObject(): null

2018-06-01 11:39:49 - [TEST_STEP][PASSED] - Statement - batchlength = com.kms.katalon.core.webui.keyword.WebUiBuiltInKeywords.modifyObjectProperty(batchlength, "xpath", "equals", "//*[@id = "fldvendor" + row + ""]", true): Modify property of object successfully

2018-06-01 11:39:49 - [MESSAGE][PASSED] - Modify property of object successfully

2018-06-01 11:39:49 - [TEST_STEP][PASSED] - Statement - batchsize = com.kms.katalon.core.webui.keyword.WebUiBuiltInKeywords.getNumberOfTotalOption(batchlength): 12 options of object '' counted

2018-06-01 11:39:49 - [MESSAGE][PASSED] - 12 options of object '' counted

2018-06-01 11:39:49 - [TEST_STEP][PASSED] - Statement - out.println("BatchSize : " + batchsize): null

2018-06-01 11:39:49 - [TEST_STEP][PASSED] - Statement - For ([n = 1, n <= batchsize - 1, (n++)]): null

2018-06-01 11:39:49 - [TEST_STEP][PASSED] - Statement - product = new com.kms.katalon.core.testobject.TestObject(): null

2018-06-01 11:39:49 - [TEST_STEP][PASSED] - Statement - product = com.kms.katalon.core.webui.keyword.WebUiBuiltInKeywords.modifyObjectProperty(product, "xpath", "equals", "//*[@id = "fldvendor" + row + ""]", true): Modify property of object successfully

2018-06-01 11:39:49 - [MESSAGE][PASSED] - Modify property of object successfully

2018-06-01 11:39:49 - [TEST_STEP][PASSED] - selectOptionByIndex: All options with index in [1] are selected on object ''

2018-06-01 11:39:49 - [MESSAGE][PASSED] - All options with index in [1] are selected on object ''

2018-06-01 11:39:49 - [TEST_STEP][PASSED] - delay: Delayed 2 second(s)

2018-06-01 11:39:51 - [MESSAGE][PASSED] - Delayed 2 second(s)

2018-06-01 11:39:51 - [TEST_STEP][PASSED] - Statement - batch = new com.kms.katalon.core.testobject.TestObject(): null

2018-06-01 11:39:51 - [TEST_STEP][PASSED] - Statement - batch = com.kms.katalon.core.webui.keyword.WebUiBuiltInKeywords.modifyObjectProperty(batch, "xpath", "equals", "//*[@id = "txtbthqty" + row + ""]", true): Modify property of object successfully

2018-06-01 11:39:51 - [MESSAGE][PASSED] - Modify property of object successfully

2018-06-01 11:39:51 - [TEST_STEP][PASSED] - Statement - batchqty = com.kms.katalon.core.webui.keyword.WebUiBuiltInKeywords.getAttribute(batch, "value").trim(): Attribute 'value' of object '' is: '4400'

2018-06-01 11:39:51 - [MESSAGE][PASSED] - Attribute 'value' of object '' is: '4400'

2018-06-01 11:39:51 - [TEST_STEP][PASSED] - Statement - Rqty = 100: null

2018-06-01 11:39:51 - [TEST_STEP][PASSED] - Statement - out.println("BatchQty : " + batchqty): null

2018-06-01 11:39:51 - [TEST_STEP][PASSED] - Statement - out.println("RQty : " + Rqty): null

2018-06-01 11:39:51 - [TEST_STEP][PASSED] - Statement - If (java.lang.Integer.valueOf(batchqty) >= java.lang.Integer.valueOf(Rqty)): null

2018-06-01 11:39:51 - [TEST_STEP][PASSED] - Statement - Break: null

2018-06-01 11:39:51 - [TEST_STEP][PASSED] - Statement - batchlength = new com.kms.katalon.core.testobject.TestObject(): null

2018-06-01 11:39:51 - [TEST_STEP][PASSED] - Statement - batchlength = com.kms.katalon.core.webui.keyword.WebUiBuiltInKeywords.modifyObjectProperty(batchlength, "xpath", "equals", "//*[@id = "fldvendor" + row + ""]", true): Modify property of object successfully

2018-06-01 11:39:51 - [MESSAGE][PASSED] - Modify property of object successfully

2018-06-01 11:39:51 - [TEST_STEP][PASSED] - Statement - batchsize = com.kms.katalon.core.webui.keyword.WebUiBuiltInKeywords.getNumberOfTotalOption(batchlength): 12 options of object '' counted

2018-06-01 11:39:51 - [MESSAGE][PASSED] - 12 options of object '' counted

2018-06-01 11:39:51 - [TEST_STEP][PASSED] - Statement - out.println("BatchSize : " + batchsize): null

2018-06-01 11:39:51 - [TEST_STEP][PASSED] - Statement - For ([n = 1, n <= batchsize - 1, (n++)]): null

2018-06-01 11:39:51 - [TEST_STEP][PASSED] - Statement - product = new com.kms.katalon.core.testobject.TestObject(): null

2018-06-01 11:39:51 - [TEST_STEP][PASSED] - Statement - product = com.kms.katalon.core.webui.keyword.WebUiBuiltInKeywords.modifyObjectProperty(product, "xpath", "equals", "//*[@id = "fldvendor" + row + ""]", true): Modify property of object successfully

2018-06-01 11:39:51 - [MESSAGE][PASSED] - Modify property of object successfully

2018-06-01 11:39:51 - [TEST_STEP][PASSED] - selectOptionByIndex: All options with index in [1] are selected on object ''

2018-06-01 11:39:51 - [MESSAGE][PASSED] - All options with index in [1] are selected on object ''

2018-06-01 11:39:51 - [TEST_STEP][PASSED] - delay: Delayed 2 second(s)

2018-06-01 11:39:53 - [MESSAGE][PASSED] - Delayed 2 second(s)

2018-06-01 11:39:53 - [TEST_STEP][PASSED] - Statement - batch = new com.kms.katalon.core.testobject.TestObject(): null

2018-06-01 11:39:53 - [TEST_STEP][PASSED] - Statement - batch = com.kms.katalon.core.webui.keyword.WebUiBuiltInKeywords.modifyObjectProperty(batch, "xpath", "equals", "//*[@id = "txtbthqty" + row + ""]", true): Modify property of object successfully

2018-06-01 11:39:53 - [MESSAGE][PASSED] - Modify property of object successfully

2018-06-01 11:39:53 - [TEST_STEP][PASSED] - Statement - batchqty = com.kms.katalon.core.webui.keyword.WebUiBuiltInKeywords.getAttribute(batch, "value").trim(): Attribute 'value' of object '' is: '4400'

2018-06-01 11:39:53 - [MESSAGE][PASSED] - Attribute 'value' of object '' is: '4400'

2018-06-01 11:39:53 - [TEST_STEP][PASSED] - Statement - Rqty = 100: null

2018-06-01 11:39:53 - [TEST_STEP][PASSED] - Statement - out.println("BatchQty : " + batchqty): null

2018-06-01 11:39:53 - [TEST_STEP][PASSED] - Statement - out.println("RQty : " + Rqty): null

2018-06-01 11:39:53 - [TEST_STEP][PASSED] - Statement - If (java.lang.Integer.valueOf(batchqty) >= java.lang.Integer.valueOf(Rqty)): null

2018-06-01 11:39:53 - [TEST_STEP][PASSED] - Statement - Break: null

2018-06-01 11:39:53 - [TEST_STEP][PASSED] - Statement - batchlength = new com.kms.katalon.core.testobject.TestObject(): null

2018-06-01 11:39:53 - [TEST_STEP][PASSED] - Statement - batchlength = com.kms.katalon.core.webui.keyword.WebUiBuiltInKeywords.modifyObjectProperty(batchlength, "xpath", "equals", "//*[@id = "fldvendor" + row + ""]", true): Modify property of object successfully

2018-06-01 11:39:53 - [MESSAGE][PASSED] - Modify property of object successfully

2018-06-01 11:39:53 - [TEST_STEP][PASSED] - Statement - batchsize = com.kms.katalon.core.webui.keyword.WebUiBuiltInKeywords.getNumberOfTotalOption(batchlength): 12 options of object '' counted

2018-06-01 11:39:53 - [MESSAGE][PASSED] - 12 options of object '' counted

2018-06-01 11:39:53 - [TEST_STEP][PASSED] - Statement - out.println("BatchSize : " + batchsize): null

2018-06-01 11:39:53 - [TEST_STEP][PASSED] - Statement - For ([n = 1, n <= batchsize - 1, (n++)]): null

2018-06-01 11:39:53 - [TEST_STEP][PASSED] - Statement - product = new com.kms.katalon.core.testobject.TestObject(): null

2018-06-01 11:39:53 - [TEST_STEP][PASSED] - Statement - product = com.kms.katalon.core.webui.keyword.WebUiBuiltInKeywords.modifyObjectProperty(product, "xpath", "equals", "//*[@id = "fldvendor" + row + ""]", true): Modify property of object successfully

2018-06-01 11:39:53 - [MESSAGE][PASSED] - Modify property of object successfully

2018-06-01 11:39:53 - [TEST_STEP][PASSED] - selectOptionByIndex: All options with index in [1] are selected on object ''

2018-06-01 11:39:53 - [MESSAGE][PASSED] - All options with index in [1] are selected on object ''

2018-06-01 11:39:53 - [TEST_STEP][PASSED] - delay: Delayed 2 second(s)

2018-06-01 11:39:55 - [MESSAGE][PASSED] - Delayed 2 second(s)

2018-06-01 11:39:55 - [TEST_STEP][PASSED] - Statement - batch = new com.kms.katalon.core.testobject.TestObject(): null

2018-06-01 11:39:55 - [TEST_STEP][PASSED] - Statement - batch = com.kms.katalon.core.webui.keyword.WebUiBuiltInKeywords.modifyObjectProperty(batch, "xpath", "equals", "//*[@id = "txtbthqty" + row + ""]", true): Modify property of object successfully

2018-06-01 11:39:55 - [MESSAGE][PASSED] - Modify property of object successfully

2018-06-01 11:39:55 - [TEST_STEP][PASSED] - Statement - batchqty = com.kms.katalon.core.webui.keyword.WebUiBuiltInKeywords.getAttribute(batch, "value").trim(): Attribute 'value' of object '' is: '4400'

2018-06-01 11:39:55 - [MESSAGE][PASSED] - Attribute 'value' of object '' is: '4400'

2018-06-01 11:39:55 - [TEST_STEP][PASSED] - Statement - Rqty = 100: null

2018-06-01 11:39:55 - [TEST_STEP][PASSED] - Statement - out.println("BatchQty : " + batchqty): null

2018-06-01 11:39:55 - [TEST_STEP][PASSED] - Statement - out.println("RQty : " + Rqty): null

2018-06-01 11:39:55 - [TEST_STEP][PASSED] - Statement - If (java.lang.Integer.valueOf(batchqty) >= java.lang.Integer.valueOf(Rqty)): null

2018-06-01 11:39:55 - [TEST_STEP][PASSED] - Statement - Break: null

2018-06-01 11:39:55 - [TEST_STEP][PASSED] - Statement - batchlength = new com.kms.katalon.core.testobject.TestObject(): null

2018-06-01 11:39:55 - [TEST_STEP][PASSED] - Statement - batchlength = com.kms.katalon.core.webui.keyword.WebUiBuiltInKeywords.modifyObjectProperty(batchlength, "xpath", "equals", "//*[@id = "fldvendor" + row + ""]", true): Modify property of object successfully

2018-06-01 11:39:55 - [MESSAGE][PASSED] - Modify property of object successfully

2018-06-01 11:39:55 - [TEST_STEP][PASSED] - Statement - batchsize = com.kms.katalon.core.webui.keyword.WebUiBuiltInKeywords.getNumberOfTotalOption(batchlength): 12 options of object '' counted

2018-06-01 11:39:55 - [MESSAGE][PASSED] - 12 options of object '' counted

2018-06-01 11:39:55 - [TEST_STEP][PASSED] - Statement - out.println("BatchSize : " + batchsize): null

2018-06-01 11:39:55 - [TEST_STEP][PASSED] - Statement - For ([n = 1, n <= batchsize - 1, (n++)]): null

2018-06-01 11:39:55 - [TEST_STEP][PASSED] - Statement - product = new com.kms.katalon.core.testobject.TestObject(): null

2018-06-01 11:39:55 - [TEST_STEP][PASSED] - Statement - product = com.kms.katalon.core.webui.keyword.WebUiBuiltInKeywords.modifyObjectProperty(product, "xpath", "equals", "//*[@id = "fldvendor" + row + ""]", true): Modify property of object successfully

2018-06-01 11:39:55 - [MESSAGE][PASSED] - Modify property of object successfully

2018-06-01 11:39:55 - [TEST_STEP][PASSED] - selectOptionByIndex: All options with index in [1] are selected on object ''

2018-06-01 11:39:56 - [MESSAGE][PASSED] - All options with index in [1] are selected on object ''

2018-06-01 11:39:56 - [TEST_STEP][PASSED] - delay: Delayed 2 second(s)

2018-06-01 11:39:58 - [MESSAGE][PASSED] - Delayed 2 second(s)

2018-06-01 11:39:58 - [TEST_STEP][PASSED] - Statement - batch = new com.kms.katalon.core.testobject.TestObject(): null

2018-06-01 11:39:58 - [TEST_STEP][PASSED] - Statement - batch = com.kms.katalon.core.webui.keyword.WebUiBuiltInKeywords.modifyObjectProperty(batch, "xpath", "equals", "//*[@id = "txtbthqty" + row + ""]", true): Modify property of object successfully

2018-06-01 11:39:58 - [MESSAGE][PASSED] - Modify property of object successfully

2018-06-01 11:39:58 - [TEST_STEP][PASSED] - Statement - batchqty = com.kms.katalon.core.webui.keyword.WebUiBuiltInKeywords.getAttribute(batch, "value").trim(): Attribute 'value' of object '' is: '3400'

2018-06-01 11:39:58 - [MESSAGE][PASSED] - Attribute 'value' of object '' is: '3400'

2018-06-01 11:39:58 - [TEST_STEP][PASSED] - Statement - Rqty = 100: null

2018-06-01 11:39:58 - [TEST_STEP][PASSED] - Statement - out.println("BatchQty : " + batchqty): null

2018-06-01 11:39:58 - [TEST_STEP][PASSED] - Statement - out.println("RQty : " + Rqty): null

2018-06-01 11:39:58 - [TEST_STEP][PASSED] - Statement - If (java.lang.Integer.valueOf(batchqty) >= java.lang.Integer.valueOf(Rqty)): null

2018-06-01 11:39:58 - [TEST_STEP][PASSED] - Statement - Break: null

2018-06-01 11:39:58 - [TEST_STEP][PASSED] - Statement - batchlength = new com.kms.katalon.core.testobject.TestObject(): null

2018-06-01 11:39:58 - [TEST_STEP][PASSED] - Statement - batchlength = com.kms.katalon.core.webui.keyword.WebUiBuiltInKeywords.modifyObjectProperty(batchlength, "xpath", "equals", "//*[@id = "fldvendor" + row + ""]", true): Modify property of object successfully

2018-06-01 11:39:58 - [MESSAGE][PASSED] - Modify property of object successfully

2018-06-01 11:39:58 - [TEST_STEP][PASSED] - Statement - batchsize = com.kms.katalon.core.webui.keyword.WebUiBuiltInKeywords.getNumberOfTotalOption(batchlength): 12 options of object '' counted

2018-06-01 11:39:58 - [MESSAGE][PASSED] - 12 options of object '' counted

2018-06-01 11:39:58 - [TEST_STEP][PASSED] - Statement - out.println("BatchSize : " + batchsize): null

2018-06-01 11:39:58 - [TEST_STEP][PASSED] - Statement - For ([n = 1, n <= batchsize - 1, (n++)]): null

2018-06-01 11:39:58 - [TEST_STEP][PASSED] - Statement - product = new com.kms.katalon.core.testobject.TestObject(): null

2018-06-01 11:39:58 - [TEST_STEP][PASSED] - Statement - product = com.kms.katalon.core.webui.keyword.WebUiBuiltInKeywords.modifyObjectProperty(product, "xpath", "equals", "//*[@id = "fldvendor" + row + ""]", true): Modify property of object successfully

2018-06-01 11:39:58 - [MESSAGE][PASSED] - Modify property of object successfully

2018-06-01 11:39:58 - [TEST_STEP][PASSED] - selectOptionByIndex: All options with index in [1] are selected on object ''

2018-06-01 11:39:58 - [MESSAGE][PASSED] - All options with index in [1] are selected on object ''

2018-06-01 11:39:58 - [TEST_STEP][PASSED] - delay: Delayed 2 second(s)

2018-06-01 11:40:00 - [MESSAGE][PASSED] - Delayed 2 second(s)

2018-06-01 11:40:00 - [TEST_STEP][PASSED] - Statement - batch = new com.kms.katalon.core.testobject.TestObject(): null

2018-06-01 11:40:00 - [TEST_STEP][PASSED] - Statement - batch = com.kms.katalon.core.webui.keyword.WebUiBuiltInKeywords.modifyObjectProperty(batch, "xpath", "equals", "//*[@id = "txtbthqty" + row + ""]", true): Modify property of object successfully

2018-06-01 11:40:00 - [MESSAGE][PASSED] - Modify property of object successfully

2018-06-01 11:40:00 - [TEST_STEP][PASSED] - Statement - batchqty = com.kms.katalon.core.webui.keyword.WebUiBuiltInKeywords.getAttribute(batch, "value").trim(): Attribute 'value' of object '' is: '2400'

2018-06-01 11:40:00 - [MESSAGE][PASSED] - Attribute 'value' of object '' is: '2400'

2018-06-01 11:40:00 - [TEST_STEP][PASSED] - Statement - Rqty = 100: null

2018-06-01 11:40:00 - [TEST_STEP][PASSED] - Statement - out.println("BatchQty : " + batchqty): null

2018-06-01 11:40:00 - [TEST_STEP][PASSED] - Statement - out.println("RQty : " + Rqty): null

2018-06-01 11:40:00 - [TEST_STEP][PASSED] - Statement - If (java.lang.Integer.valueOf(batchqty) >= java.lang.Integer.valueOf(Rqty)): null

2018-06-01 11:40:00 - [TEST_STEP][PASSED] - Statement - Break: null

2018-06-01 11:40:00 - [TEST_STEP][PASSED] - Statement - batchlength = new com.kms.katalon.core.testobject.TestObject(): null

2018-06-01 11:40:00 - [TEST_STEP][PASSED] - Statement - batchlength = com.kms.katalon.core.webui.keyword.WebUiBuiltInKeywords.modifyObjectProperty(batchlength, "xpath", "equals", "//*[@id = "fldvendor" + row + ""]", true): Modify property of object successfully

2018-06-01 11:40:00 - [MESSAGE][PASSED] - Modify property of object successfully

2018-06-01 11:40:00 - [TEST_STEP][PASSED] - Statement - batchsize = com.kms.katalon.core.webui.keyword.WebUiBuiltInKeywords.getNumberOfTotalOption(batchlength): 12 options of object '' counted

2018-06-01 11:40:00 - [MESSAGE][PASSED] - 12 options of object '' counted

2018-06-01 11:40:00 - [TEST_STEP][PASSED] - Statement - out.println("BatchSize : " + batchsize): null

2018-06-01 11:40:00 - [TEST_STEP][PASSED] - Statement - For ([n = 1, n <= batchsize - 1, (n++)]): null

2018-06-01 11:40:00 - [TEST_STEP][PASSED] - Statement - product = new com.kms.katalon.core.testobject.TestObject(): null

2018-06-01 11:40:00 - [TEST_STEP][PASSED] - Statement - product = com.kms.katalon.core.webui.keyword.WebUiBuiltInKeywords.modifyObjectProperty(product, "xpath", "equals", "//*[@id = "fldvendor" + row + ""]", true): Modify property of object successfully

2018-06-01 11:40:00 - [MESSAGE][PASSED] - Modify property of object successfully

2018-06-01 11:40:00 - [TEST_STEP][PASSED] - selectOptionByIndex: All options with index in [1] are selected on object ''

2018-06-01 11:40:00 - [MESSAGE][PASSED] - All options with index in [1] are selected on object ''

2018-06-01 11:40:00 - [TEST_STEP][PASSED] - delay: Delayed 2 second(s)

2018-06-01 11:40:02 - [MESSAGE][PASSED] - Delayed 2 second(s)

2018-06-01 11:40:02 - [TEST_STEP][PASSED] - Statement - batch = new com.kms.katalon.core.testobject.TestObject(): null

2018-06-01 11:40:02 - [TEST_STEP][PASSED] - Statement - batch = com.kms.katalon.core.webui.keyword.WebUiBuiltInKeywords.modifyObjectProperty(batch, "xpath", "equals", "//*[@id = "txtbthqty" + row + ""]", true): Modify property of object successfully

2018-06-01 11:40:02 - [MESSAGE][PASSED] - Modify property of object successfully

2018-06-01 11:40:02 - [TEST_STEP][PASSED] - Statement - batchqty = com.kms.katalon.core.webui.keyword.WebUiBuiltInKeywords.getAttribute(batch, "value").trim(): Attribute 'value' of object '' is: '4500'

2018-06-01 11:40:02 - [MESSAGE][PASSED] - Attribute 'value' of object '' is: '4500'

2018-06-01 11:40:02 - [TEST_STEP][PASSED] - Statement - Rqty = 100: null

2018-06-01 11:40:02 - [TEST_STEP][PASSED] - Statement - out.println("BatchQty : " + batchqty): null

2018-06-01 11:40:02 - [TEST_STEP][PASSED] - Statement - out.println("RQty : " + Rqty): null

2018-06-01 11:40:02 - [TEST_STEP][PASSED] - Statement - If (java.lang.Integer.valueOf(batchqty) >= java.lang.Integer.valueOf(Rqty)): null

2018-06-01 11:40:02 - [TEST_STEP][PASSED] - Statement - Break: null

2018-06-01 11:40:02 - [TEST_STEP][PASSED] - Statement - batchlength = new com.kms.katalon.core.testobject.TestObject(): null

2018-06-01 11:40:02 - [TEST_STEP][PASSED] - Statement - batchlength = com.kms.katalon.core.webui.keyword.WebUiBuiltInKeywords.modifyObjectProperty(batchlength, "xpath", "equals", "//*[@id = "fldvendor" + row + ""]", true): Modify property of object successfully

2018-06-01 11:40:02 - [MESSAGE][PASSED] - Modify property of object successfully

2018-06-01 11:40:02 - [TEST_STEP][PASSED] - Statement - batchsize = com.kms.katalon.core.webui.keyword.WebUiBuiltInKeywords.getNumberOfTotalOption(batchlength): 12 options of object '' counted

2018-06-01 11:40:02 - [MESSAGE][PASSED] - 12 options of object '' counted

2018-06-01 11:40:02 - [TEST_STEP][PASSED] - Statement - out.println("BatchSize : " + batchsize): null

2018-06-01 11:40:02 - [TEST_STEP][PASSED] - Statement - For ([n = 1, n <= batchsize - 1, (n++)]): null

2018-06-01 11:40:02 - [TEST_STEP][PASSED] - Statement - product = new com.kms.katalon.core.testobject.TestObject(): null

2018-06-01 11:40:02 - [TEST_STEP][PASSED] - Statement - product = com.kms.katalon.core.webui.keyword.WebUiBuiltInKeywords.modifyObjectProperty(product, "xpath", "equals", "//*[@id = "fldvendor" + row + ""]", true): Modify property of object successfully

2018-06-01 11:40:02 - [MESSAGE][PASSED] - Modify property of object successfully

2018-06-01 11:40:02 - [TEST_STEP][PASSED] - selectOptionByIndex: All options with index in [1] are selected on object ''

2018-06-01 11:40:02 - [MESSAGE][PASSED] - All options with index in [1] are selected on object ''

2018-06-01 11:40:02 - [TEST_STEP][PASSED] - delay: Delayed 2 second(s)

2018-06-01 11:40:04 - [MESSAGE][PASSED] - Delayed 2 second(s)

2018-06-01 11:40:04 - [TEST_STEP][PASSED] - Statement - batch = new com.kms.katalon.core.testobject.TestObject(): null

2018-06-01 11:40:04 - [TEST_STEP][PASSED] - Statement - batch = com.kms.katalon.core.webui.keyword.WebUiBuiltInKeywords.modifyObjectProperty(batch, "xpath", "equals", "//*[@id = "txtbthqty" + row + ""]", true): Modify property of object successfully

2018-06-01 11:40:04 - [MESSAGE][PASSED] - Modify property of object successfully

2018-06-01 11:40:04 - [TEST_STEP][PASSED] - Statement - batchqty = com.kms.katalon.core.webui.keyword.WebUiBuiltInKeywords.getAttribute(batch, "value").trim(): Attribute 'value' of object '' is: '2400'

2018-06-01 11:40:05 - [MESSAGE][PASSED] - Attribute 'value' of object '' is: '2400'

2018-06-01 11:40:05 - [TEST_STEP][PASSED] - Statement - Rqty = 100: null

2018-06-01 11:40:05 - [TEST_STEP][PASSED] - Statement - out.println("BatchQty : " + batchqty): null

2018-06-01 11:40:05 - [TEST_STEP][PASSED] - Statement - out.println("RQty : " + Rqty): null

2018-06-01 11:40:05 - [TEST_STEP][PASSED] - Statement - If (java.lang.Integer.valueOf(batchqty) >= java.lang.Integer.valueOf(Rqty)): null

2018-06-01 11:40:05 - [TEST_STEP][PASSED] - Statement - Break: null

2018-06-01 11:40:05 - [TEST_STEP][PASSED] - Statement - batchlength = new com.kms.katalon.core.testobject.TestObject(): null

2018-06-01 11:40:05 - [TEST_STEP][PASSED] - Statement - batchlength = com.kms.katalon.core.webui.keyword.WebUiBuiltInKeywords.modifyObjectProperty(batchlength, "xpath", "equals", "//*[@id = "fldvendor" + row + ""]", true): Modify property of object successfully

2018-06-01 11:40:05 - [MESSAGE][PASSED] - Modify property of object successfully

2018-06-01 11:40:05 - [TEST_STEP][PASSED] - Statement - batchsize = com.kms.katalon.core.webui.keyword.WebUiBuiltInKeywords.getNumberOfTotalOption(batchlength): 12 options of object '' counted

2018-06-01 11:40:05 - [MESSAGE][PASSED] - 12 options of object '' counted

2018-06-01 11:40:05 - [TEST_STEP][PASSED] - Statement - out.println("BatchSize : " + batchsize): null

2018-06-01 11:40:05 - [TEST_STEP][PASSED] - Statement - For ([n = 1, n <= batchsize - 1, (n++)]): null

2018-06-01 11:40:05 - [TEST_STEP][PASSED] - Statement - product = new com.kms.katalon.core.testobject.TestObject(): null

2018-06-01 11:40:05 - [TEST_STEP][PASSED] - Statement - product = com.kms.katalon.core.webui.keyword.WebUiBuiltInKeywords.modifyObjectProperty(product, "xpath", "equals", "//*[@id = "fldvendor" + row + ""]", true): Modify property of object successfully

2018-06-01 11:40:05 - [MESSAGE][PASSED] - Modify property of object successfully

2018-06-01 11:40:05 - [TEST_STEP][PASSED] - selectOptionByIndex: All options with index in [1] are selected on object ''

2018-06-01 11:40:05 - [MESSAGE][PASSED] - All options with index in [1] are selected on object ''

2018-06-01 11:40:05 - [TEST_STEP][PASSED] - delay: Delayed 2 second(s)

2018-06-01 11:40:07 - [MESSAGE][PASSED] - Delayed 2 second(s)

2018-06-01 11:40:07 - [TEST_STEP][PASSED] - Statement - batch = new com.kms.katalon.core.testobject.TestObject(): null

2018-06-01 11:40:07 - [TEST_STEP][PASSED] - Statement - batch = com.kms.katalon.core.webui.keyword.WebUiBuiltInKeywords.modifyObjectProperty(batch, "xpath", "equals", "//*[@id = "txtbthqty" + row + ""]", true): Modify property of object successfully

2018-06-01 11:40:07 - [MESSAGE][PASSED] - Modify property of object successfully

2018-06-01 11:40:07 - [TEST_STEP][PASSED] - Statement - batchqty = com.kms.katalon.core.webui.keyword.WebUiBuiltInKeywords.getAttribute(batch, "value").trim(): Attribute 'value' of object '' is: '38400'

2018-06-01 11:40:07 - [MESSAGE][PASSED] - Attribute 'value' of object '' is: '38400'

2018-06-01 11:40:07 - [TEST_STEP][PASSED] - Statement - Rqty = 100: null

2018-06-01 11:40:07 - [TEST_STEP][PASSED] - Statement - out.println("BatchQty : " + batchqty): null

2018-06-01 11:40:07 - [TEST_STEP][PASSED] - Statement - out.println("RQty : " + Rqty): null

2018-06-01 11:40:07 - [TEST_STEP][PASSED] - Statement - If (java.lang.Integer.valueOf(batchqty) >= java.lang.Integer.valueOf(Rqty)): null

2018-06-01 11:40:07 - [TEST_STEP][PASSED] - Statement - Break: null

2018-06-01 11:40:07 - [TEST_STEP][PASSED] - Statement - batchlength = new com.kms.katalon.core.testobject.TestObject(): null

2018-06-01 11:40:07 - [TEST_STEP][PASSED] - Statement - batchlength = com.kms.katalon.core.webui.keyword.WebUiBuiltInKeywords.modifyObjectProperty(batchlength, "xpath", "equals", "//*[@id = "fldvendor" + row + ""]", true): Modify property of object successfully

2018-06-01 11:40:07 - [MESSAGE][PASSED] - Modify property of object successfully

2018-06-01 11:40:07 - [TEST_STEP][PASSED] - Statement - batchsize = com.kms.katalon.core.webui.keyword.WebUiBuiltInKeywords.getNumberOfTotalOption(batchlength): 13 options of object '' counted

2018-06-01 11:40:07 - [MESSAGE][PASSED] - 13 options of object '' counted

2018-06-01 11:40:07 - [TEST_STEP][PASSED] - Statement - out.println("BatchSize : " + batchsize): null

2018-06-01 11:40:07 - [TEST_STEP][PASSED] - Statement - For ([n = 1, n <= batchsize - 1, (n++)]): null

2018-06-01 11:40:07 - [TEST_STEP][PASSED] - Statement - product = new com.kms.katalon.core.testobject.TestObject(): null

2018-06-01 11:40:07 - [TEST_STEP][PASSED] - Statement - product = com.kms.katalon.core.webui.keyword.WebUiBuiltInKeywords.modifyObjectProperty(product, "xpath", "equals", "//*[@id = "fldvendor" + row + ""]", true): Modify property of object successfully

2018-06-01 11:40:07 - [MESSAGE][PASSED] - Modify property of object successfully

2018-06-01 11:40:07 - [TEST_STEP][PASSED] - selectOptionByIndex: All options with index in [1] are selected on object ''

2018-06-01 11:40:07 - [MESSAGE][PASSED] - All options with index in [1] are selected on object ''

2018-06-01 11:40:07 - [TEST_STEP][PASSED] - delay: Delayed 2 second(s)

2018-06-01 11:40:09 - [MESSAGE][PASSED] - Delayed 2 second(s)

2018-06-01 11:40:09 - [TEST_STEP][PASSED] - Statement - batch = new com.kms.katalon.core.testobject.TestObject(): null

2018-06-01 11:40:09 - [TEST_STEP][PASSED] - Statement - batch = com.kms.katalon.core.webui.keyword.WebUiBuiltInKeywords.modifyObjectProperty(batch, "xpath", "equals", "//*[@id = "txtbthqty" + row + ""]", true): Modify property of object successfully

2018-06-01 11:40:09 - [MESSAGE][PASSED] - Modify property of object successfully

2018-06-01 11:40:09 - [TEST_STEP][PASSED] - Statement - batchqty = com.kms.katalon.core.webui.keyword.WebUiBuiltInKeywords.getAttribute(batch, "value").trim(): Attribute 'value' of object '' is: '3400'

2018-06-01 11:40:09 - [MESSAGE][PASSED] - Attribute 'value' of object '' is: '3400'

2018-06-01 11:40:09 - [TEST_STEP][PASSED] - Statement - Rqty = 100: null

2018-06-01 11:40:09 - [TEST_STEP][PASSED] - Statement - out.println("BatchQty : " + batchqty): null

2018-06-01 11:40:09 - [TEST_STEP][PASSED] - Statement - out.println("RQty : " + Rqty): null

2018-06-01 11:40:09 - [TEST_STEP][PASSED] - Statement - If (java.lang.Integer.valueOf(batchqty) >= java.lang.Integer.valueOf(Rqty)): null

2018-06-01 11:40:09 - [TEST_STEP][PASSED] - Statement - Break: null

2018-06-01 11:40:09 - [TEST_STEP][PASSED] - Statement - batchlength = new com.kms.katalon.core.testobject.TestObject(): null

2018-06-01 11:40:09 - [TEST_STEP][PASSED] - Statement - batchlength = com.kms.katalon.core.webui.keyword.WebUiBuiltInKeywords.modifyObjectProperty(batchlength, "xpath", "equals", "//*[@id = "fldvendor" + row + ""]", true): Modify property of object successfully

2018-06-01 11:40:09 - [MESSAGE][PASSED] - Modify property of object successfully

2018-06-01 11:40:09 - [TEST_STEP][PASSED] - Statement - batchsize = com.kms.katalon.core.webui.keyword.WebUiBuiltInKeywords.getNumberOfTotalOption(batchlength): 12 options of object '' counted

2018-06-01 11:40:09 - [MESSAGE][PASSED] - 12 options of object '' counted

2018-06-01 11:40:09 - [TEST_STEP][PASSED] - Statement - out.println("BatchSize : " + batchsize): null

2018-06-01 11:40:09 - [TEST_STEP][PASSED] - Statement - For ([n = 1, n <= batchsize - 1, (n++)]): null

2018-06-01 11:40:09 - [TEST_STEP][PASSED] - Statement - product = new com.kms.katalon.core.testobject.TestObject(): null

2018-06-01 11:40:09 - [TEST_STEP][PASSED] - Statement - product = com.kms.katalon.core.webui.keyword.WebUiBuiltInKeywords.modifyObjectProperty(product, "xpath", "equals", "//*[@id = "fldvendor" + row + ""]", true): Modify property of object successfully

2018-06-01 11:40:09 - [MESSAGE][PASSED] - Modify property of object successfully

2018-06-01 11:40:09 - [TEST_STEP][PASSED] - selectOptionByIndex: All options with index in [1] are selected on object ''

2018-06-01 11:40:09 - [MESSAGE][PASSED] - All options with index in [1] are selected on object ''

2018-06-01 11:40:09 - [TEST_STEP][PASSED] - delay: Delayed 2 second(s)

2018-06-01 11:40:11 - [MESSAGE][PASSED] - Delayed 2 second(s)

2018-06-01 11:40:11 - [TEST_STEP][PASSED] - Statement - batch = new com.kms.katalon.core.testobject.TestObject(): null

2018-06-01 11:40:11 - [TEST_STEP][PASSED] - Statement - batch = com.kms.katalon.core.webui.keyword.WebUiBuiltInKeywords.modifyObjectProperty(batch, "xpath", "equals", "//*[@id = "txtbthqty" + row + ""]", true): Modify property of object successfully

2018-06-01 11:40:11 - [MESSAGE][PASSED] - Modify property of object successfully

2018-06-01 11:40:11 - [TEST_STEP][PASSED] - Statement - batchqty = com.kms.katalon.core.webui.keyword.WebUiBuiltInKeywords.getAttribute(batch, "value").trim(): Attribute 'value' of object '' is: '37400'

2018-06-01 11:40:11 - [MESSAGE][PASSED] - Attribute 'value' of object '' is: '37400'

2018-06-01 11:40:11 - [TEST_STEP][PASSED] - Statement - Rqty = 100: null

2018-06-01 11:40:11 - [TEST_STEP][PASSED] - Statement - out.println("BatchQty : " + batchqty): null

2018-06-01 11:40:11 - [TEST_STEP][PASSED] - Statement - out.println("RQty : " + Rqty): null

2018-06-01 11:40:11 - [TEST_STEP][PASSED] - Statement - If (java.lang.Integer.valueOf(batchqty) >= java.lang.Integer.valueOf(Rqty)): null

2018-06-01 11:40:11 - [TEST_STEP][PASSED] - Statement - Break: null

2018-06-01 11:40:11 - [TEST_STEP][PASSED] - Statement - batchlength = new com.kms.katalon.core.testobject.TestObject(): null

2018-06-01 11:40:11 - [TEST_STEP][PASSED] - Statement - batchlength = com.kms.katalon.core.webui.keyword.WebUiBuiltInKeywords.modifyObjectProperty(batchlength, "xpath", "equals", "//*[@id = "fldvendor" + row + ""]", true): Modify property of object successfully

2018-06-01 11:40:11 - [MESSAGE][PASSED] - Modify property of object successfully

2018-06-01 11:40:11 - [TEST_STEP][PASSED] - Statement - batchsize = com.kms.katalon.core.webui.keyword.WebUiBuiltInKeywords.getNumberOfTotalOption(batchlength): 12 options of object '' counted

2018-06-01 11:40:11 - [MESSAGE][PASSED] - 12 options of object '' counted

2018-06-01 11:40:11 - [TEST_STEP][PASSED] - Statement - out.println("BatchSize : " + batchsize): null

2018-06-01 11:40:11 - [TEST_STEP][PASSED] - Statement - For ([n = 1, n <= batchsize - 1, (n++)]): null

2018-06-01 11:40:11 - [TEST_STEP][PASSED] - Statement - product = new com.kms.katalon.core.testobject.TestObject(): null

2018-06-01 11:40:11 - [TEST_STEP][PASSED] - Statement - product = com.kms.katalon.core.webui.keyword.WebUiBuiltInKeywords.modifyObjectProperty(product, "xpath", "equals", "//*[@id = "fldvendor" + row + ""]", true): Modify property of object successfully

2018-06-01 11:40:11 - [MESSAGE][PASSED] - Modify property of object successfully

2018-06-01 11:40:11 - [TEST_STEP][PASSED] - selectOptionByIndex: All options with index in [1] are selected on object ''

2018-06-01 11:40:12 - [MESSAGE][PASSED] - All options with index in [1] are selected on object ''

2018-06-01 11:40:12 - [TEST_STEP][PASSED] - delay: Delayed 2 second(s)

2018-06-01 11:40:14 - [MESSAGE][PASSED] - Delayed 2 second(s)

2018-06-01 11:40:14 - [TEST_STEP][PASSED] - Statement - batch = new com.kms.katalon.core.testobject.TestObject(): null

2018-06-01 11:40:14 - [TEST_STEP][PASSED] - Statement - batch = com.kms.katalon.core.webui.keyword.WebUiBuiltInKeywords.modifyObjectProperty(batch, "xpath", "equals", "//*[@id = "txtbthqty" + row + ""]", true): Modify property of object successfully

2018-06-01 11:40:14 - [MESSAGE][PASSED] - Modify property of object successfully

2018-06-01 11:40:14 - [TEST_STEP][PASSED] - Statement - batchqty = com.kms.katalon.core.webui.keyword.WebUiBuiltInKeywords.getAttribute(batch, "value").trim(): Attribute 'value' of object '' is: '37400'

2018-06-01 11:40:14 - [MESSAGE][PASSED] - Attribute 'value' of object '' is: '37400'

2018-06-01 11:40:14 - [TEST_STEP][PASSED] - Statement - Rqty = 100: null

2018-06-01 11:40:14 - [TEST_STEP][PASSED] - Statement - out.println("BatchQty : " + batchqty): null

2018-06-01 11:40:14 - [TEST_STEP][PASSED] - Statement - out.println("RQty : " + Rqty): null

2018-06-01 11:40:14 - [TEST_STEP][PASSED] - Statement - If (java.lang.Integer.valueOf(batchqty) >= java.lang.Integer.valueOf(Rqty)): null

2018-06-01 11:40:14 - [TEST_STEP][PASSED] - Statement - Break: null

2018-06-01 11:40:14 - [TEST_STEP][PASSED] - Statement - batchlength = new com.kms.katalon.core.testobject.TestObject(): null

2018-06-01 11:40:14 - [TEST_STEP][PASSED] - Statement - batchlength = com.kms.katalon.core.webui.keyword.WebUiBuiltInKeywords.modifyObjectProperty(batchlength, "xpath", "equals", "//*[@id = "fldvendor" + row + ""]", true): Modify property of object successfully

2018-06-01 11:40:14 - [MESSAGE][PASSED] - Modify property of object successfully

2018-06-01 11:40:14 - [TEST_STEP][PASSED] - Statement - batchsize = com.kms.katalon.core.webui.keyword.WebUiBuiltInKeywords.getNumberOfTotalOption(batchlength): 12 options of object '' counted

2018-06-01 11:40:14 - [MESSAGE][PASSED] - 12 options of object '' counted

2018-06-01 11:40:14 - [TEST_STEP][PASSED] - Statement - out.println("BatchSize : " + batchsize): null

2018-06-01 11:40:14 - [TEST_STEP][PASSED] - Statement - For ([n = 1, n <= batchsize - 1, (n++)]): null

2018-06-01 11:40:14 - [TEST_STEP][PASSED] - Statement - product = new com.kms.katalon.core.testobject.TestObject(): null

2018-06-01 11:40:14 - [TEST_STEP][PASSED] - Statement - product = com.kms.katalon.core.webui.keyword.WebUiBuiltInKeywords.modifyObjectProperty(product, "xpath", "equals", "//*[@id = "fldvendor" + row + ""]", true): Modify property of object successfully

2018-06-01 11:40:14 - [MESSAGE][PASSED] - Modify property of object successfully

2018-06-01 11:40:14 - [TEST_STEP][PASSED] - selectOptionByIndex: All options with index in [1] are selected on object ''

2018-06-01 11:40:14 - [MESSAGE][PASSED] - All options with index in [1] are selected on object ''

2018-06-01 11:40:14 - [TEST_STEP][PASSED] - delay: Delayed 2 second(s)

2018-06-01 11:40:16 - [MESSAGE][PASSED] - Delayed 2 second(s)

2018-06-01 11:40:16 - [TEST_STEP][PASSED] - Statement - batch = new com.kms.katalon.core.testobject.TestObject(): null

2018-06-01 11:40:16 - [TEST_STEP][PASSED] - Statement - batch = com.kms.katalon.core.webui.keyword.WebUiBuiltInKeywords.modifyObjectProperty(batch, "xpath", "equals", "//*[@id = "txtbthqty" + row + ""]", true): Modify property of object successfully

2018-06-01 11:40:16 - [MESSAGE][PASSED] - Modify property of object successfully

2018-06-01 11:40:16 - [TEST_STEP][PASSED] - Statement - batchqty = com.kms.katalon.core.webui.keyword.WebUiBuiltInKeywords.getAttribute(batch, "value").trim(): Attribute 'value' of object '' is: '38400'

2018-06-01 11:40:16 - [MESSAGE][PASSED] - Attribute 'value' of object '' is: '38400'

2018-06-01 11:40:16 - [TEST_STEP][PASSED] - Statement - Rqty = 100: null

2018-06-01 11:40:16 - [TEST_STEP][PASSED] - Statement - out.println("BatchQty : " + batchqty): null

2018-06-01 11:40:16 - [TEST_STEP][PASSED] - Statement - out.println("RQty : " + Rqty): null

2018-06-01 11:40:16 - [TEST_STEP][PASSED] - Statement - If (java.lang.Integer.valueOf(batchqty) >= java.lang.Integer.valueOf(Rqty)): null

2018-06-01 11:40:16 - [TEST_STEP][PASSED] - Statement - Break: null

2018-06-01 11:40:16 - [TEST_STEP][PASSED] - Statement - batchlength = new com.kms.katalon.core.testobject.TestObject(): null

2018-06-01 11:40:16 - [TEST_STEP][PASSED] - Statement - batchlength = com.kms.katalon.core.webui.keyword.WebUiBuiltInKeywords.modifyObjectProperty(batchlength, "xpath", "equals", "//*[@id = "fldvendor" + row + ""]", true): Modify property of object successfully

2018-06-01 11:40:16 - [MESSAGE][PASSED] - Modify property of object successfully

2018-06-01 11:40:16 - [TEST_STEP][PASSED] - Statement - batchsize = com.kms.katalon.core.webui.keyword.WebUiBuiltInKeywords.getNumberOfTotalOption(batchlength): 12 options of object '' counted

2018-06-01 11:40:16 - [MESSAGE][PASSED] - 12 options of object '' counted

2018-06-01 11:40:16 - [TEST_STEP][PASSED] - Statement - out.println("BatchSize : " + batchsize): null

2018-06-01 11:40:16 - [TEST_STEP][PASSED] - Statement - For ([n = 1, n <= batchsize - 1, (n++)]): null

2018-06-01 11:40:16 - [TEST_STEP][PASSED] - Statement - product = new com.kms.katalon.core.testobject.TestObject(): null

2018-06-01 11:40:16 - [TEST_STEP][PASSED] - Statement - product = com.kms.katalon.core.webui.keyword.WebUiBuiltInKeywords.modifyObjectProperty(product, "xpath", "equals", "//*[@id = "fldvendor" + row + ""]", true): Modify property of object successfully

2018-06-01 11:40:16 - [MESSAGE][PASSED] - Modify property of object successfully

2018-06-01 11:40:16 - [TEST_STEP][PASSED] - selectOptionByIndex: All options with index in [1] are selected on object ''

2018-06-01 11:40:16 - [MESSAGE][PASSED] - All options with index in [1] are selected on object ''

2018-06-01 11:40:16 - [TEST_STEP][PASSED] - delay: Delayed 2 second(s)

2018-06-01 11:40:18 - [MESSAGE][PASSED] - Delayed 2 second(s)

2018-06-01 11:40:18 - [TEST_STEP][PASSED] - Statement - batch = new com.kms.katalon.core.testobject.TestObject(): null

2018-06-01 11:40:18 - [TEST_STEP][PASSED] - Statement - batch = com.kms.katalon.core.webui.keyword.WebUiBuiltInKeywords.modifyObjectProperty(batch, "xpath", "equals", "//*[@id = "txtbthqty" + row + ""]", true): Modify property of object successfully

2018-06-01 11:40:18 - [MESSAGE][PASSED] - Modify property of object successfully

2018-06-01 11:40:18 - [TEST_STEP][PASSED] - Statement - batchqty = com.kms.katalon.core.webui.keyword.WebUiBuiltInKeywords.getAttribute(batch, "value").trim(): Attribute 'value' of object '' is: '2400'

2018-06-01 11:40:18 - [MESSAGE][PASSED] - Attribute 'value' of object '' is: '2400'

2018-06-01 11:40:18 - [TEST_STEP][PASSED] - Statement - Rqty = 100: null

2018-06-01 11:40:18 - [TEST_STEP][PASSED] - Statement - out.println("BatchQty : " + batchqty): null

2018-06-01 11:40:18 - [TEST_STEP][PASSED] - Statement - out.println("RQty : " + Rqty): null

2018-06-01 11:40:18 - [TEST_STEP][PASSED] - Statement - If (java.lang.Integer.valueOf(batchqty) >= java.lang.Integer.valueOf(Rqty)): null

2018-06-01 11:40:18 - [TEST_STEP][PASSED] - Statement - Break: null

2018-06-01 11:40:18 - [TEST_STEP][PASSED] - Statement - batchlength = new com.kms.katalon.core.testobject.TestObject(): null

2018-06-01 11:40:18 - [TEST_STEP][PASSED] - Statement - batchlength = com.kms.katalon.core.webui.keyword.WebUiBuiltInKeywords.modifyObjectProperty(batchlength, "xpath", "equals", "//*[@id = "fldvendor" + row + ""]", true): Modify property of object successfully

2018-06-01 11:40:18 - [MESSAGE][PASSED] - Modify property of object successfully

2018-06-01 11:40:18 - [TEST_STEP][PASSED] - Statement - batchsize = com.kms.katalon.core.webui.keyword.WebUiBuiltInKeywords.getNumberOfTotalOption(batchlength): 12 options of object '' counted

2018-06-01 11:40:18 - [MESSAGE][PASSED] - 12 options of object '' counted

2018-06-01 11:40:18 - [TEST_STEP][PASSED] - Statement - out.println("BatchSize : " + batchsize): null

2018-06-01 11:40:18 - [TEST_STEP][PASSED] - Statement - For ([n = 1, n <= batchsize - 1, (n++)]): null

2018-06-01 11:40:18 - [TEST_STEP][PASSED] - Statement - product = new com.kms.katalon.core.testobject.TestObject(): null

2018-06-01 11:40:18 - [TEST_STEP][PASSED] - Statement - product = com.kms.katalon.core.webui.keyword.WebUiBuiltInKeywords.modifyObjectProperty(product, "xpath", "equals", "//*[@id = "fldvendor" + row + ""]", true): Modify property of object successfully

2018-06-01 11:40:18 - [MESSAGE][PASSED] - Modify property of object successfully

2018-06-01 11:40:18 - [TEST_STEP][PASSED] - selectOptionByIndex: All options with index in [1] are selected on object ''

2018-06-01 11:40:18 - [MESSAGE][PASSED] - All options with index in [1] are selected on object ''

2018-06-01 11:40:18 - [TEST_STEP][PASSED] - delay: Delayed 2 second(s)

2018-06-01 11:40:20 - [MESSAGE][PASSED] - Delayed 2 second(s)

2018-06-01 11:40:20 - [TEST_STEP][PASSED] - Statement - batch = new com.kms.katalon.core.testobject.TestObject(): null

2018-06-01 11:40:20 - [TEST_STEP][PASSED] - Statement - batch = com.kms.katalon.core.webui.keyword.WebUiBuiltInKeywords.modifyObjectProperty(batch, "xpath", "equals", "//*[@id = "txtbthqty" + row + ""]", true): Modify property of object successfully

2018-06-01 11:40:20 - [MESSAGE][PASSED] - Modify property of object successfully

2018-06-01 11:40:20 - [TEST_STEP][PASSED] - Statement - batchqty = com.kms.katalon.core.webui.keyword.WebUiBuiltInKeywords.getAttribute(batch, "value").trim(): Attribute 'value' of object '' is: '4500'

2018-06-01 11:40:20 - [MESSAGE][PASSED] - Attribute 'value' of object '' is: '4500'

2018-06-01 11:40:20 - [TEST_STEP][PASSED] - Statement - Rqty = 100: null

2018-06-01 11:40:20 - [TEST_STEP][PASSED] - Statement - out.println("BatchQty : " + batchqty): null

2018-06-01 11:40:20 - [TEST_STEP][PASSED] - Statement - out.println("RQty : " + Rqty): null

2018-06-01 11:40:20 - [TEST_STEP][PASSED] - Statement - If (java.lang.Integer.valueOf(batchqty) >= java.lang.Integer.valueOf(Rqty)): null

2018-06-01 11:40:20 - [TEST_STEP][PASSED] - Statement - Break: null

2018-06-01 11:40:20 - [TEST_STEP][PASSED] - Statement - batchlength = new com.kms.katalon.core.testobject.TestObject(): null

2018-06-01 11:40:20 - [TEST_STEP][PASSED] - Statement - batchlength = com.kms.katalon.core.webui.keyword.WebUiBuiltInKeywords.modifyObjectProperty(batchlength, "xpath", "equals", "//*[@id = "fldvendor" + row + ""]", true): Modify property of object successfully

2018-06-01 11:40:20 - [MESSAGE][PASSED] - Modify property of object successfully

2018-06-01 11:40:20 - [TEST_STEP][PASSED] - Statement - batchsize = com.kms.katalon.core.webui.keyword.WebUiBuiltInKeywords.getNumberOfTotalOption(batchlength): 12 options of object '' counted

2018-06-01 11:40:20 - [MESSAGE][PASSED] - 12 options of object '' counted

2018-06-01 11:40:20 - [TEST_STEP][PASSED] - Statement - out.println("BatchSize : " + batchsize): null

2018-06-01 11:40:20 - [TEST_STEP][PASSED] - Statement - For ([n = 1, n <= batchsize - 1, (n++)]): null

2018-06-01 11:40:20 - [TEST_STEP][PASSED] - Statement - product = new com.kms.katalon.core.testobject.TestObject(): null

2018-06-01 11:40:20 - [TEST_STEP][PASSED] - Statement - product = com.kms.katalon.core.webui.keyword.WebUiBuiltInKeywords.modifyObjectProperty(product, "xpath", "equals", "//*[@id = "fldvendor" + row + ""]", true): Modify property of object successfully

2018-06-01 11:40:20 - [MESSAGE][PASSED] - Modify property of object successfully

2018-06-01 11:40:20 - [TEST_STEP][PASSED] - selectOptionByIndex: All options with index in [1] are selected on object ''

2018-06-01 11:40:21 - [MESSAGE][PASSED] - All options with index in [1] are selected on object ''

2018-06-01 11:40:21 - [TEST_STEP][PASSED] - delay: Delayed 2 second(s)

2018-06-01 11:40:23 - [MESSAGE][PASSED] - Delayed 2 second(s)

2018-06-01 11:40:23 - [TEST_STEP][PASSED] - Statement - batch = new com.kms.katalon.core.testobject.TestObject(): null

2018-06-01 11:40:23 - [TEST_STEP][PASSED] - Statement - batch = com.kms.katalon.core.webui.keyword.WebUiBuiltInKeywords.modifyObjectProperty(batch, "xpath", "equals", "//*[@id = "txtbthqty" + row + ""]", true): Modify property of object successfully

2018-06-01 11:40:23 - [MESSAGE][PASSED] - Modify property of object successfully

2018-06-01 11:40:23 - [TEST_STEP][PASSED] - Statement - batchqty = com.kms.katalon.core.webui.keyword.WebUiBuiltInKeywords.getAttribute(batch, "value").trim(): Attribute 'value' of object '' is: '4500'

2018-06-01 11:40:23 - [MESSAGE][PASSED] - Attribute 'value' of object '' is: '4500'

2018-06-01 11:40:23 - [TEST_STEP][PASSED] - Statement - Rqty = 100: null

2018-06-01 11:40:23 - [TEST_STEP][PASSED] - Statement - out.println("BatchQty : " + batchqty): null

2018-06-01 11:40:23 - [TEST_STEP][PASSED] - Statement - out.println("RQty : " + Rqty): null

2018-06-01 11:40:23 - [TEST_STEP][PASSED] - Statement - If (java.lang.Integer.valueOf(batchqty) >= java.lang.Integer.valueOf(Rqty)): null

2018-06-01 11:40:23 - [TEST_STEP][PASSED] - Statement - Break: null

2018-06-01 11:40:23 - [TEST_STEP][PASSED] - Statement - batchlength = new com.kms.katalon.core.testobject.TestObject(): null

2018-06-01 11:40:23 - [TEST_STEP][PASSED] - Statement - batchlength = com.kms.katalon.core.webui.keyword.WebUiBuiltInKeywords.modifyObjectProperty(batchlength, "xpath", "equals", "//*[@id = "fldvendor" + row + ""]", true): Modify property of object successfully

2018-06-01 11:40:23 - [MESSAGE][PASSED] - Modify property of object successfully

2018-06-01 11:40:23 - [TEST_STEP][PASSED] - Statement - batchsize = com.kms.katalon.core.webui.keyword.WebUiBuiltInKeywords.getNumberOfTotalOption(batchlength): 12 options of object '' counted

2018-06-01 11:40:23 - [MESSAGE][PASSED] - 12 options of object '' counted

2018-06-01 11:40:23 - [TEST_STEP][PASSED] - Statement - out.println("BatchSize : " + batchsize): null

2018-06-01 11:40:23 - [TEST_STEP][PASSED] - Statement - For ([n = 1, n <= batchsize - 1, (n++)]): null

2018-06-01 11:40:23 - [TEST_STEP][PASSED] - Statement - product = new com.kms.katalon.core.testobject.TestObject(): null

2018-06-01 11:40:23 - [TEST_STEP][PASSED] - Statement - product = com.kms.katalon.core.webui.keyword.WebUiBuiltInKeywords.modifyObjectProperty(product, "xpath", "equals", "//*[@id = "fldvendor" + row + ""]", true): Modify property of object successfully

2018-06-01 11:40:23 - [MESSAGE][PASSED] - Modify property of object successfully

2018-06-01 11:40:23 - [TEST_STEP][PASSED] - selectOptionByIndex: All options with index in [1] are selected on object ''

2018-06-01 11:40:23 - [MESSAGE][PASSED] - All options with index in [1] are selected on object ''

2018-06-01 11:40:23 - [TEST_STEP][PASSED] - delay: Delayed 2 second(s)

2018-06-01 11:40:25 - [MESSAGE][PASSED] - Delayed 2 second(s)

2018-06-01 11:40:25 - [TEST_STEP][PASSED] - Statement - batch = new com.kms.katalon.core.testobject.TestObject(): null

2018-06-01 11:40:25 - [TEST_STEP][PASSED] - Statement - batch = com.kms.katalon.core.webui.keyword.WebUiBuiltInKeywords.modifyObjectProperty(batch, "xpath", "equals", "//*[@id = "txtbthqty" + row + ""]", true): Modify property of object successfully

2018-06-01 11:40:25 - [MESSAGE][PASSED] - Modify property of object successfully

2018-06-01 11:40:25 - [TEST_STEP][PASSED] - Statement - batchqty = com.kms.katalon.core.webui.keyword.WebUiBuiltInKeywords.getAttribute(batch, "value").trim(): Attribute 'value' of object '' is: '3400'

2018-06-01 11:40:25 - [MESSAGE][PASSED] - Attribute 'value' of object '' is: '3400'

2018-06-01 11:40:25 - [TEST_STEP][PASSED] - Statement - Rqty = 100: null

2018-06-01 11:40:25 - [TEST_STEP][PASSED] - Statement - out.println("BatchQty : " + batchqty): null

2018-06-01 11:40:25 - [TEST_STEP][PASSED] - Statement - out.println("RQty : " + Rqty): null

2018-06-01 11:40:25 - [TEST_STEP][PASSED] - Statement - If (java.lang.Integer.valueOf(batchqty) >= java.lang.Integer.valueOf(Rqty)): null

2018-06-01 11:40:25 - [TEST_STEP][PASSED] - Statement - Break: null

2018-06-01 11:40:25 - [TEST_STEP][PASSED] - Statement - batchlength = new com.kms.katalon.core.testobject.TestObject(): null

2018-06-01 11:40:25 - [TEST_STEP][PASSED] - Statement - batchlength = com.kms.katalon.core.webui.keyword.WebUiBuiltInKeywords.modifyObjectProperty(batchlength, "xpath", "equals", "//*[@id = "fldvendor" + row + ""]", true): Modify property of object successfully

2018-06-01 11:40:25 - [MESSAGE][PASSED] - Modify property of object successfully

2018-06-01 11:40:25 - [TEST_STEP][PASSED] - Statement - batchsize = com.kms.katalon.core.webui.keyword.WebUiBuiltInKeywords.getNumberOfTotalOption(batchlength): 12 options of object '' counted

2018-06-01 11:40:25 - [MESSAGE][PASSED] - 12 options of object '' counted

2018-06-01 11:40:25 - [TEST_STEP][PASSED] - Statement - out.println("BatchSize : " + batchsize): null

2018-06-01 11:40:25 - [TEST_STEP][PASSED] - Statement - For ([n = 1, n <= batchsize - 1, (n++)]): null

2018-06-01 11:40:25 - [TEST_STEP][PASSED] - Statement - product = new com.kms.katalon.core.testobject.TestObject(): null

2018-06-01 11:40:25 - [TEST_STEP][PASSED] - Statement - product = com.kms.katalon.core.webui.keyword.WebUiBuiltInKeywords.modifyObjectProperty(product, "xpath", "equals", "//*[@id = "fldvendor" + row + ""]", true): Modify property of object successfully

2018-06-01 11:40:25 - [MESSAGE][PASSED] - Modify property of object successfully

2018-06-01 11:40:25 - [TEST_STEP][PASSED] - selectOptionByIndex: All options with index in [1] are selected on object ''

2018-06-01 11:40:25 - [MESSAGE][PASSED] - All options with index in [1] are selected on object ''

2018-06-01 11:40:25 - [TEST_STEP][PASSED] - delay: Delayed 2 second(s)

2018-06-01 11:40:27 - [MESSAGE][PASSED] - Delayed 2 second(s)

2018-06-01 11:40:27 - [TEST_STEP][PASSED] - Statement - batch = new com.kms.katalon.core.testobject.TestObject(): null

2018-06-01 11:40:27 - [TEST_STEP][PASSED] - Statement - batch = com.kms.katalon.core.webui.keyword.WebUiBuiltInKeywords.modifyObjectProperty(batch, "xpath", "equals", "//*[@id = "txtbthqty" + row + ""]", true): Modify property of object successfully

2018-06-01 11:40:27 - [MESSAGE][PASSED] - Modify property of object successfully

2018-06-01 11:40:27 - [TEST_STEP][PASSED] - Statement - batchqty = com.kms.katalon.core.webui.keyword.WebUiBuiltInKeywords.getAttribute(batch, "value").trim(): Attribute 'value' of object '' is: '3400'

2018-06-01 11:40:27 - [MESSAGE][PASSED] - Attribute 'value' of object '' is: '3400'

2018-06-01 11:40:27 - [TEST_STEP][PASSED] - Statement - Rqty = 100: null

2018-06-01 11:40:27 - [TEST_STEP][PASSED] - Statement - out.println("BatchQty : " + batchqty): null

2018-06-01 11:40:27 - [TEST_STEP][PASSED] - Statement - out.println("RQty : " + Rqty): null

2018-06-01 11:40:27 - [TEST_STEP][PASSED] - Statement - If (java.lang.Integer.valueOf(batchqty) >= java.lang.Integer.valueOf(Rqty)): null

2018-06-01 11:40:27 - [TEST_STEP][PASSED] - Statement - Break: null

2018-06-01 11:40:27 - [TEST_STEP][PASSED] - Statement - batchlength = new com.kms.katalon.core.testobject.TestObject(): null

2018-06-01 11:40:27 - [TEST_STEP][PASSED] - Statement - batchlength = com.kms.katalon.core.webui.keyword.WebUiBuiltInKeywords.modifyObjectProperty(batchlength, "xpath", "equals", "//*[@id = "fldvendor" + row + ""]", true): Modify property of object successfully

2018-06-01 11:40:27 - [MESSAGE][PASSED] - Modify property of object successfully

2018-06-01 11:40:27 - [TEST_STEP][PASSED] - Statement - batchsize = com.kms.katalon.core.webui.keyword.WebUiBuiltInKeywords.getNumberOfTotalOption(batchlength): 12 options of object '' counted

2018-06-01 11:40:27 - [MESSAGE][PASSED] - 12 options of object '' counted

2018-06-01 11:40:27 - [TEST_STEP][PASSED] - Statement - out.println("BatchSize : " + batchsize): null

2018-06-01 11:40:27 - [TEST_STEP][PASSED] - Statement - For ([n = 1, n <= batchsize - 1, (n++)]): null

2018-06-01 11:40:27 - [TEST_STEP][PASSED] - Statement - product = new com.kms.katalon.core.testobject.TestObject(): null

2018-06-01 11:40:27 - [TEST_STEP][PASSED] - Statement - product = com.kms.katalon.core.webui.keyword.WebUiBuiltInKeywords.modifyObjectProperty(product, "xpath", "equals", "//*[@id = "fldvendor" + row + ""]", true): Modify property of object successfully

2018-06-01 11:40:27 - [MESSAGE][PASSED] - Modify property of object successfully

2018-06-01 11:40:27 - [TEST_STEP][PASSED] - selectOptionByIndex: All options with index in [1] are selected on object ''

2018-06-01 11:40:28 - [MESSAGE][PASSED] - All options with index in [1] are selected on object ''

2018-06-01 11:40:28 - [TEST_STEP][PASSED] - delay: Delayed 2 second(s)

2018-06-01 11:40:30 - [MESSAGE][PASSED] - Delayed 2 second(s)

2018-06-01 11:40:30 - [TEST_STEP][PASSED] - Statement - batch = new com.kms.katalon.core.testobject.TestObject(): null

2018-06-01 11:40:30 - [TEST_STEP][PASSED] - Statement - batch = com.kms.katalon.core.webui.keyword.WebUiBuiltInKeywords.modifyObjectProperty(batch, "xpath", "equals", "//*[@id = "txtbthqty" + row + ""]", true): Modify property of object successfully

2018-06-01 11:40:30 - [MESSAGE][PASSED] - Modify property of object successfully

2018-06-01 11:40:30 - [TEST_STEP][PASSED] - Statement - batchqty = com.kms.katalon.core.webui.keyword.WebUiBuiltInKeywords.getAttribute(batch, "value").trim(): Attribute 'value' of object '' is: '3400'

2018-06-01 11:40:30 - [MESSAGE][PASSED] - Attribute 'value' of object '' is: '3400'

2018-06-01 11:40:30 - [TEST_STEP][PASSED] - Statement - Rqty = 100: null

2018-06-01 11:40:30 - [TEST_STEP][PASSED] - Statement - out.println("BatchQty : " + batchqty): null

2018-06-01 11:40:30 - [TEST_STEP][PASSED] - Statement - out.println("RQty : " + Rqty): null

2018-06-01 11:40:30 - [TEST_STEP][PASSED] - Statement - If (java.lang.Integer.valueOf(batchqty) >= java.lang.Integer.valueOf(Rqty)): null

2018-06-01 11:40:30 - [TEST_STEP][PASSED] - Statement - Break: null

2018-06-01 11:40:30 - [TEST_STEP][PASSED] - Statement - batchlength = new com.kms.katalon.core.testobject.TestObject(): null

2018-06-01 11:40:30 - [TEST_STEP][PASSED] - Statement - batchlength = com.kms.katalon.core.webui.keyword.WebUiBuiltInKeywords.modifyObjectProperty(batchlength, "xpath", "equals", "//*[@id = "fldvendor" + row + ""]", true): Modify property of object successfully

2018-06-01 11:40:30 - [MESSAGE][PASSED] - Modify property of object successfully

2018-06-01 11:40:30 - [TEST_STEP][PASSED] - Statement - batchsize = com.kms.katalon.core.webui.keyword.WebUiBuiltInKeywords.getNumberOfTotalOption(batchlength): 12 options of object '' counted

2018-06-01 11:40:30 - [MESSAGE][PASSED] - 12 options of object '' counted

2018-06-01 11:40:30 - [TEST_STEP][PASSED] - Statement - out.println("BatchSize : " + batchsize): null

2018-06-01 11:40:30 - [TEST_STEP][PASSED] - Statement - For ([n = 1, n <= batchsize - 1, (n++)]): null

2018-06-01 11:40:30 - [TEST_STEP][PASSED] - Statement - product = new com.kms.katalon.core.testobject.TestObject(): null

2018-06-01 11:40:30 - [TEST_STEP][PASSED] - Statement - product = com.kms.katalon.core.webui.keyword.WebUiBuiltInKeywords.modifyObjectProperty(product, "xpath", "equals", "//*[@id = "fldvendor" + row + ""]", true): Modify property of object successfully

2018-06-01 11:40:30 - [MESSAGE][PASSED] - Modify property of object successfully

2018-06-01 11:40:30 - [TEST_STEP][PASSED] - selectOptionByIndex: All options with index in [1] are selected on object ''

2018-06-01 11:40:30 - [MESSAGE][PASSED] - All options with index in [1] are selected on object ''

2018-06-01 11:40:30 - [TEST_STEP][PASSED] - delay: Delayed 2 second(s)

2018-06-01 11:40:32 - [MESSAGE][PASSED] - Delayed 2 second(s)

2018-06-01 11:40:32 - [TEST_STEP][PASSED] - Statement - batch = new com.kms.katalon.core.testobject.TestObject(): null

2018-06-01 11:40:32 - [TEST_STEP][PASSED] - Statement - batch = com.kms.katalon.core.webui.keyword.WebUiBuiltInKeywords.modifyObjectProperty(batch, "xpath", "equals", "//*[@id = "txtbthqty" + row + ""]", true): Modify property of object successfully

2018-06-01 11:40:32 - [MESSAGE][PASSED] - Modify property of object successfully

2018-06-01 11:40:32 - [TEST_STEP][PASSED] - Statement - batchqty = com.kms.katalon.core.webui.keyword.WebUiBuiltInKeywords.getAttribute(batch, "value").trim(): Attribute 'value' of object '' is: '38400'

2018-06-01 11:40:32 - [MESSAGE][PASSED] - Attribute 'value' of object '' is: '38400'

2018-06-01 11:40:32 - [TEST_STEP][PASSED] - Statement - Rqty = 100: null

2018-06-01 11:40:32 - [TEST_STEP][PASSED] - Statement - out.println("BatchQty : " + batchqty): null

2018-06-01 11:40:32 - [TEST_STEP][PASSED] - Statement - out.println("RQty : " + Rqty): null

2018-06-01 11:40:32 - [TEST_STEP][PASSED] - Statement - If (java.lang.Integer.valueOf(batchqty) >= java.lang.Integer.valueOf(Rqty)): null

2018-06-01 11:40:32 - [TEST_STEP][PASSED] - Statement - Break: null

2018-06-01 11:40:32 - [TEST_STEP][PASSED] - Statement - batchlength = new com.kms.katalon.core.testobject.TestObject(): null

2018-06-01 11:40:32 - [TEST_STEP][PASSED] - Statement - batchlength = com.kms.katalon.core.webui.keyword.WebUiBuiltInKeywords.modifyObjectProperty(batchlength, "xpath", "equals", "//*[@id = "fldvendor" + row + ""]", true): Modify property of object successfully

2018-06-01 11:40:32 - [MESSAGE][PASSED] - Modify property of object successfully

2018-06-01 11:40:32 - [TEST_STEP][PASSED] - Statement - batchsize = com.kms.katalon.core.webui.keyword.WebUiBuiltInKeywords.getNumberOfTotalOption(batchlength): 12 options of object '' counted

2018-06-01 11:40:32 - [MESSAGE][PASSED] - 12 options of object '' counted

2018-06-01 11:40:32 - [TEST_STEP][PASSED] - Statement - out.println("BatchSize : " + batchsize): null

2018-06-01 11:40:32 - [TEST_STEP][PASSED] - Statement - For ([n = 1, n <= batchsize - 1, (n++)]): null

2018-06-01 11:40:32 - [TEST_STEP][PASSED] - Statement - product = new com.kms.katalon.core.testobject.TestObject(): null

2018-06-01 11:40:32 - [TEST_STEP][PASSED] - Statement - product = com.kms.katalon.core.webui.keyword.WebUiBuiltInKeywords.modifyObjectProperty(product, "xpath", "equals", "//*[@id = "fldvendor" + row + ""]", true): Modify property of object successfully

2018-06-01 11:40:32 - [MESSAGE][PASSED] - Modify property of object successfully

2018-06-01 11:40:32 - [TEST_STEP][PASSED] - selectOptionByIndex: All options with index in [1] are selected on object ''

2018-06-01 11:40:32 - [MESSAGE][PASSED] - All options with index in [1] are selected on object ''

2018-06-01 11:40:32 - [TEST_STEP][PASSED] - delay: Delayed 2 second(s)

2018-06-01 11:40:34 - [MESSAGE][PASSED] - Delayed 2 second(s)

2018-06-01 11:40:34 - [TEST_STEP][PASSED] - Statement - batch = new com.kms.katalon.core.testobject.TestObject(): null

2018-06-01 11:40:34 - [TEST_STEP][PASSED] - Statement - batch = com.kms.katalon.core.webui.keyword.WebUiBuiltInKeywords.modifyObjectProperty(batch, "xpath", "equals", "//*[@id = "txtbthqty" + row + ""]", true): Modify property of object successfully

2018-06-01 11:40:34 - [MESSAGE][PASSED] - Modify property of object successfully

2018-06-01 11:40:34 - [TEST_STEP][PASSED] - Statement - batchqty = com.kms.katalon.core.webui.keyword.WebUiBuiltInKeywords.getAttribute(batch, "value").trim(): Attribute 'value' of object '' is: '2400'

2018-06-01 11:40:34 - [MESSAGE][PASSED] - Attribute 'value' of object '' is: '2400'

2018-06-01 11:40:34 - [TEST_STEP][PASSED] - Statement - Rqty = 100: null

2018-06-01 11:40:34 - [TEST_STEP][PASSED] - Statement - out.println("BatchQty : " + batchqty): null

2018-06-01 11:40:34 - [TEST_STEP][PASSED] - Statement - out.println("RQty : " + Rqty): null

2018-06-01 11:40:34 - [TEST_STEP][PASSED] - Statement - If (java.lang.Integer.valueOf(batchqty) >= java.lang.Integer.valueOf(Rqty)): null

2018-06-01 11:40:34 - [TEST_STEP][PASSED] - Statement - Break: null

2018-06-01 11:40:34 - [TEST_STEP][PASSED] - Statement - batchlength = new com.kms.katalon.core.testobject.TestObject(): null

2018-06-01 11:40:34 - [TEST_STEP][PASSED] - Statement - batchlength = com.kms.katalon.core.webui.keyword.WebUiBuiltInKeywords.modifyObjectProperty(batchlength, "xpath", "equals", "//*[@id = "fldvendor" + row + ""]", true): Modify property of object successfully

2018-06-01 11:40:34 - [MESSAGE][PASSED] - Modify property of object successfully

2018-06-01 11:40:34 - [TEST_STEP][PASSED] - Statement - batchsize = com.kms.katalon.core.webui.keyword.WebUiBuiltInKeywords.getNumberOfTotalOption(batchlength): 12 options of object '' counted

2018-06-01 11:40:34 - [MESSAGE][PASSED] - 12 options of object '' counted

2018-06-01 11:40:34 - [TEST_STEP][PASSED] - Statement - out.println("BatchSize : " + batchsize): null

2018-06-01 11:40:34 - [TEST_STEP][PASSED] - Statement - For ([n = 1, n <= batchsize - 1, (n++)]): null

2018-06-01 11:40:34 - [TEST_STEP][PASSED] - Statement - product = new com.kms.katalon.core.testobject.TestObject(): null

2018-06-01 11:40:34 - [TEST_STEP][PASSED] - Statement - product = com.kms.katalon.core.webui.keyword.WebUiBuiltInKeywords.modifyObjectProperty(product, "xpath", "equals", "//*[@id = "fldvendor" + row + ""]", true): Modify property of object successfully

2018-06-01 11:40:34 - [MESSAGE][PASSED] - Modify property of object successfully

2018-06-01 11:40:34 - [TEST_STEP][PASSED] - selectOptionByIndex: All options with index in [1] are selected on object ''

2018-06-01 11:40:34 - [MESSAGE][PASSED] - All options with index in [1] are selected on object ''

2018-06-01 11:40:34 - [TEST_STEP][PASSED] - delay: Delayed 2 second(s)

2018-06-01 11:40:36 - [MESSAGE][PASSED] - Delayed 2 second(s)

2018-06-01 11:40:36 - [TEST_STEP][PASSED] - Statement - batch = new com.kms.katalon.core.testobject.TestObject(): null

2018-06-01 11:40:36 - [TEST_STEP][PASSED] - Statement - batch = com.kms.katalon.core.webui.keyword.WebUiBuiltInKeywords.modifyObjectProperty(batch, "xpath", "equals", "//*[@id = "txtbthqty" + row + ""]", true): Modify property of object successfully

2018-06-01 11:40:36 - [MESSAGE][PASSED] - Modify property of object successfully

2018-06-01 11:40:36 - [TEST_STEP][PASSED] - Statement - batchqty = com.kms.katalon.core.webui.keyword.WebUiBuiltInKeywords.getAttribute(batch, "value").trim(): Attribute 'value' of object '' is: '2400'

2018-06-01 11:40:37 - [MESSAGE][PASSED] - Attribute 'value' of object '' is: '2400'

2018-06-01 11:40:37 - [TEST_STEP][PASSED] - Statement - Rqty = 100: null

2018-06-01 11:40:37 - [TEST_STEP][PASSED] - Statement - out.println("BatchQty : " + batchqty): null

2018-06-01 11:40:37 - [TEST_STEP][PASSED] - Statement - out.println("RQty : " + Rqty): null

2018-06-01 11:40:37 - [TEST_STEP][PASSED] - Statement - If (java.lang.Integer.valueOf(batchqty) >= java.lang.Integer.valueOf(Rqty)): null

2018-06-01 11:40:37 - [TEST_STEP][PASSED] - Statement - Break: null

2018-06-01 11:40:37 - [TEST_STEP][PASSED] - Statement - batchlength = new com.kms.katalon.core.testobject.TestObject(): null

2018-06-01 11:40:37 - [TEST_STEP][PASSED] - Statement - batchlength = com.kms.katalon.core.webui.keyword.WebUiBuiltInKeywords.modifyObjectProperty(batchlength, "xpath", "equals", "//*[@id = "fldvendor" + row + ""]", true): Modify property of object successfully

2018-06-01 11:40:37 - [MESSAGE][PASSED] - Modify property of object successfully

2018-06-01 11:40:37 - [TEST_STEP][PASSED] - Statement - batchsize = com.kms.katalon.core.webui.keyword.WebUiBuiltInKeywords.getNumberOfTotalOption(batchlength): 12 options of object '' counted

2018-06-01 11:40:37 - [MESSAGE][PASSED] - 12 options of object '' counted

2018-06-01 11:40:37 - [TEST_STEP][PASSED] - Statement - out.println("BatchSize : " + batchsize): null

2018-06-01 11:40:37 - [TEST_STEP][PASSED] - Statement - For ([n = 1, n <= batchsize - 1, (n++)]): null

2018-06-01 11:40:37 - [TEST_STEP][PASSED] - Statement - product = new com.kms.katalon.core.testobject.TestObject(): null

2018-06-01 11:40:37 - [TEST_STEP][PASSED] - Statement - product = com.kms.katalon.core.webui.keyword.WebUiBuiltInKeywords.modifyObjectProperty(product, "xpath", "equals", "//*[@id = "fldvendor" + row + ""]", true): Modify property of object successfully

2018-06-01 11:40:37 - [MESSAGE][PASSED] - Modify property of object successfully

2018-06-01 11:40:37 - [TEST_STEP][PASSED] - selectOptionByIndex: All options with index in [1] are selected on object ''

2018-06-01 11:40:37 - [MESSAGE][PASSED] - All options with index in [1] are selected on object ''

2018-06-01 11:40:37 - [TEST_STEP][PASSED] - delay: Delayed 2 second(s)

2018-06-01 11:40:39 - [MESSAGE][PASSED] - Delayed 2 second(s)

2018-06-01 11:40:39 - [TEST_STEP][PASSED] - Statement - batch = new com.kms.katalon.core.testobject.TestObject(): null

2018-06-01 11:40:39 - [TEST_STEP][PASSED] - Statement - batch = com.kms.katalon.core.webui.keyword.WebUiBuiltInKeywords.modifyObjectProperty(batch, "xpath", "equals", "//*[@id = "txtbthqty" + row + ""]", true): Modify property of object successfully

2018-06-01 11:40:39 - [MESSAGE][PASSED] - Modify property of object successfully

2018-06-01 11:40:39 - [TEST_STEP][PASSED] - Statement - batchqty = com.kms.katalon.core.webui.keyword.WebUiBuiltInKeywords.getAttribute(batch, "value").trim(): Attribute 'value' of object '' is: '4400'

2018-06-01 11:40:39 - [MESSAGE][PASSED] - Attribute 'value' of object '' is: '4400'

2018-06-01 11:40:39 - [TEST_STEP][PASSED] - Statement - Rqty = 100: null

2018-06-01 11:40:39 - [TEST_STEP][PASSED] - Statement - out.println("BatchQty : " + batchqty): null

2018-06-01 11:40:39 - [TEST_STEP][PASSED] - Statement - out.println("RQty : " + Rqty): null

2018-06-01 11:40:39 - [TEST_STEP][PASSED] - Statement - If (java.lang.Integer.valueOf(batchqty) >= java.lang.Integer.valueOf(Rqty)): null

2018-06-01 11:40:39 - [TEST_STEP][PASSED] - Statement - Break: null

2018-06-01 11:40:39 - [TEST_STEP][PASSED] - Statement - batchlength = new com.kms.katalon.core.testobject.TestObject(): null

2018-06-01 11:40:39 - [TEST_STEP][PASSED] - Statement - batchlength = com.kms.katalon.core.webui.keyword.WebUiBuiltInKeywords.modifyObjectProperty(batchlength, "xpath", "equals", "//*[@id = "fldvendor" + row + ""]", true): Modify property of object successfully

2018-06-01 11:40:39 - [MESSAGE][PASSED] - Modify property of object successfully

2018-06-01 11:40:39 - [TEST_STEP][PASSED] - Statement - batchsize = com.kms.katalon.core.webui.keyword.WebUiBuiltInKeywords.getNumberOfTotalOption(batchlength): 12 options of object '' counted

2018-06-01 11:40:39 - [MESSAGE][PASSED] - 12 options of object '' counted

2018-06-01 11:40:39 - [TEST_STEP][PASSED] - Statement - out.println("BatchSize : " + batchsize): null

2018-06-01 11:40:39 - [TEST_STEP][PASSED] - Statement - For ([n = 1, n <= batchsize - 1, (n++)]): null

2018-06-01 11:40:39 - [TEST_STEP][PASSED] - Statement - product = new com.kms.katalon.core.testobject.TestObject(): null

2018-06-01 11:40:39 - [TEST_STEP][PASSED] - Statement - product = com.kms.katalon.core.webui.keyword.WebUiBuiltInKeywords.modifyObjectProperty(product, "xpath", "equals", "//*[@id = "fldvendor" + row + ""]", true): Modify property of object successfully

2018-06-01 11:40:39 - [MESSAGE][PASSED] - Modify property of object successfully

2018-06-01 11:40:39 - [TEST_STEP][PASSED] - selectOptionByIndex: All options with index in [1] are selected on object ''

2018-06-01 11:40:39 - [MESSAGE][PASSED] - All options with index in [1] are selected on object ''

2018-06-01 11:40:39 - [TEST_STEP][PASSED] - delay: Delayed 2 second(s)

2018-06-01 11:40:41 - [MESSAGE][PASSED] - Delayed 2 second(s)

2018-06-01 11:40:41 - [TEST_STEP][PASSED] - Statement - batch = new com.kms.katalon.core.testobject.TestObject(): null

2018-06-01 11:40:41 - [TEST_STEP][PASSED] - Statement - batch = com.kms.katalon.core.webui.keyword.WebUiBuiltInKeywords.modifyObjectProperty(batch, "xpath", "equals", "//*[@id = "txtbthqty" + row + ""]", true): Modify property of object successfully

2018-06-01 11:40:41 - [MESSAGE][PASSED] - Modify property of object successfully

2018-06-01 11:40:41 - [TEST_STEP][PASSED] - Statement - batchqty = com.kms.katalon.core.webui.keyword.WebUiBuiltInKeywords.getAttribute(batch, "value").trim(): Attribute 'value' of object '' is: '2400'

2018-06-01 11:40:41 - [MESSAGE][PASSED] - Attribute 'value' of object '' is: '2400'

2018-06-01 11:40:41 - [TEST_STEP][PASSED] - Statement - Rqty = 100: null

2018-06-01 11:40:41 - [TEST_STEP][PASSED] - Statement - out.println("BatchQty : " + batchqty): null

2018-06-01 11:40:41 - [TEST_STEP][PASSED] - Statement - out.println("RQty : " + Rqty): null

2018-06-01 11:40:41 - [TEST_STEP][PASSED] - Statement - If (java.lang.Integer.valueOf(batchqty) >= java.lang.Integer.valueOf(Rqty)): null

2018-06-01 11:40:41 - [TEST_STEP][PASSED] - Statement - Break: null

2018-06-01 11:40:41 - [TEST_STEP][PASSED] - Statement - batchlength = new com.kms.katalon.core.testobject.TestObject(): null

2018-06-01 11:40:41 - [TEST_STEP][PASSED] - Statement - batchlength = com.kms.katalon.core.webui.keyword.WebUiBuiltInKeywords.modifyObjectProperty(batchlength, "xpath", "equals", "//*[@id = "fldvendor" + row + ""]", true): Modify property of object successfully

2018-06-01 11:40:41 - [MESSAGE][PASSED] - Modify property of object successfully

2018-06-01 11:40:41 - [TEST_STEP][PASSED] - Statement - batchsize = com.kms.katalon.core.webui.keyword.WebUiBuiltInKeywords.getNumberOfTotalOption(batchlength): 12 options of object '' counted

2018-06-01 11:40:41 - [MESSAGE][PASSED] - 12 options of object '' counted

2018-06-01 11:40:41 - [TEST_STEP][PASSED] - Statement - out.println("BatchSize : " + batchsize): null

2018-06-01 11:40:41 - [TEST_STEP][PASSED] - Statement - For ([n = 1, n <= batchsize - 1, (n++)]): null

2018-06-01 11:40:41 - [TEST_STEP][PASSED] - Statement - product = new com.kms.katalon.core.testobject.TestObject(): null

2018-06-01 11:40:41 - [TEST_STEP][PASSED] - Statement - product = com.kms.katalon.core.webui.keyword.WebUiBuiltInKeywords.modifyObjectProperty(product, "xpath", "equals", "//*[@id = "fldvendor" + row + ""]", true): Modify property of object successfully

2018-06-01 11:40:41 - [MESSAGE][PASSED] - Modify property of object successfully

2018-06-01 11:40:41 - [TEST_STEP][PASSED] - selectOptionByIndex: All options with index in [1] are selected on object ''

2018-06-01 11:40:41 - [MESSAGE][PASSED] - All options with index in [1] are selected on object ''

2018-06-01 11:40:41 - [TEST_STEP][PASSED] - delay: Delayed 2 second(s)

2018-06-01 11:40:43 - [MESSAGE][PASSED] - Delayed 2 second(s)

2018-06-01 11:40:43 - [TEST_STEP][PASSED] - Statement - batch = new com.kms.katalon.core.testobject.TestObject(): null

2018-06-01 11:40:43 - [TEST_STEP][PASSED] - Statement - batch = com.kms.katalon.core.webui.keyword.WebUiBuiltInKeywords.modifyObjectProperty(batch, "xpath", "equals", "//*[@id = "txtbthqty" + row + ""]", true): Modify property of object successfully

2018-06-01 11:40:43 - [MESSAGE][PASSED] - Modify property of object successfully

2018-06-01 11:40:43 - [TEST_STEP][PASSED] - Statement - batchqty = com.kms.katalon.core.webui.keyword.WebUiBuiltInKeywords.getAttribute(batch, "value").trim(): Attribute 'value' of object '' is: '3400'

2018-06-01 11:40:43 - [MESSAGE][PASSED] - Attribute 'value' of object '' is: '3400'

2018-06-01 11:40:43 - [TEST_STEP][PASSED] - Statement - Rqty = 100: null

2018-06-01 11:40:43 - [TEST_STEP][PASSED] - Statement - out.println("BatchQty : " + batchqty): null

2018-06-01 11:40:43 - [TEST_STEP][PASSED] - Statement - out.println("RQty : " + Rqty): null

2018-06-01 11:40:43 - [TEST_STEP][PASSED] - Statement - If (java.lang.Integer.valueOf(batchqty) >= java.lang.Integer.valueOf(Rqty)): null

2018-06-01 11:40:43 - [TEST_STEP][PASSED] - Statement - Break: null

2018-06-01 11:40:43 - [TEST_STEP][PASSED] - Statement - batchlength = new com.kms.katalon.core.testobject.TestObject(): null

2018-06-01 11:40:43 - [TEST_STEP][PASSED] - Statement - batchlength = com.kms.katalon.core.webui.keyword.WebUiBuiltInKeywords.modifyObjectProperty(batchlength, "xpath", "equals", "//*[@id = "fldvendor" + row + ""]", true): Modify property of object successfully

2018-06-01 11:40:43 - [MESSAGE][PASSED] - Modify property of object successfully

2018-06-01 11:40:43 - [TEST_STEP][PASSED] - Statement - batchsize = com.kms.katalon.core.webui.keyword.WebUiBuiltInKeywords.getNumberOfTotalOption(batchlength): 12 options of object '' counted

2018-06-01 11:40:43 - [MESSAGE][PASSED] - 12 options of object '' counted

2018-06-01 11:40:43 - [TEST_STEP][PASSED] - Statement - out.println("BatchSize : " + batchsize): null

2018-06-01 11:40:43 - [TEST_STEP][PASSED] - Statement - For ([n = 1, n <= batchsize - 1, (n++)]): null

2018-06-01 11:40:43 - [TEST_STEP][PASSED] - Statement - product = new com.kms.katalon.core.testobject.TestObject(): null

2018-06-01 11:40:43 - [TEST_STEP][PASSED] - Statement - product = com.kms.katalon.core.webui.keyword.WebUiBuiltInKeywords.modifyObjectProperty(product, "xpath", "equals", "//*[@id = "fldvendor" + row + ""]", true): Modify property of object successfully

2018-06-01 11:40:43 - [MESSAGE][PASSED] - Modify property of object successfully

2018-06-01 11:40:43 - [TEST_STEP][PASSED] - selectOptionByIndex: All options with index in [1] are selected on object ''

2018-06-01 11:40:44 - [MESSAGE][PASSED] - All options with index in [1] are selected on object ''

2018-06-01 11:40:44 - [TEST_STEP][PASSED] - delay: Delayed 2 second(s)

2018-06-01 11:40:46 - [MESSAGE][PASSED] - Delayed 2 second(s)

2018-06-01 11:40:46 - [TEST_STEP][PASSED] - Statement - batch = new com.kms.katalon.core.testobject.TestObject(): null

2018-06-01 11:40:46 - [TEST_STEP][PASSED] - Statement - batch = com.kms.katalon.core.webui.keyword.WebUiBuiltInKeywords.modifyObjectProperty(batch, "xpath", "equals", "//*[@id = "txtbthqty" + row + ""]", true): Modify property of object successfully

2018-06-01 11:40:46 - [MESSAGE][PASSED] - Modify property of object successfully

2018-06-01 11:40:46 - [TEST_STEP][PASSED] - Statement - batchqty = com.kms.katalon.core.webui.keyword.WebUiBuiltInKeywords.getAttribute(batch, "value").trim(): Attribute 'value' of object '' is: '37400'

2018-06-01 11:40:46 - [MESSAGE][PASSED] - Attribute 'value' of object '' is: '37400'

2018-06-01 11:40:46 - [TEST_STEP][PASSED] - Statement - Rqty = 100: null

2018-06-01 11:40:46 - [TEST_STEP][PASSED] - Statement - out.println("BatchQty : " + batchqty): null

2018-06-01 11:40:46 - [TEST_STEP][PASSED] - Statement - out.println("RQty : " + Rqty): null

2018-06-01 11:40:46 - [TEST_STEP][PASSED] - Statement - If (java.lang.Integer.valueOf(batchqty) >= java.lang.Integer.valueOf(Rqty)): null

2018-06-01 11:40:46 - [TEST_STEP][PASSED] - Statement - Break: null

2018-06-01 11:40:46 - [TEST_STEP][PASSED] - delay: Delayed 2 second(s)

2018-06-01 11:40:48 - [MESSAGE][PASSED] - Delayed 2 second(s)

2018-06-01 11:40:48 - [TEST_STEP][PASSED] - click: Object: 'Object Repository/HealthpostToCms/Page_KDMC - CMS/input_btndispatch' is clicked on

2018-06-01 11:40:48 - [MESSAGE][PASSED] - Object: 'Object Repository/HealthpostToCms/Page_KDMC - CMS/input_btndispatch' is clicked on

2018-06-01 11:40:48 - [TEST_STEP][PASSED] - waitForElementVisible: Object 'Object Repository/HealthpostToCms/Page_KDMC - CMS/button_OK' is visible

2018-06-01 11:40:50 - [MESSAGE][PASSED] - Object 'Object Repository/HealthpostToCms/Page_KDMC - CMS/button_OK' is visible

2018-06-01 11:40:50 - [TEST_STEP][PASSED] - click: Object: 'Object Repository/HealthpostToCms/Page_KDMC - CMS/button_OK' is clicked on

2018-06-01 11:40:51 - [MESSAGE][PASSED] - Object: 'Object Repository/HealthpostToCms/Page_KDMC - CMS/button_OK' is clicked on

2018-06-01 11:40:51 - [TEST_STEP][PASSED] - delay: Delayed 3 second(s)

2018-06-01 11:40:54 - [MESSAGE][PASSED] - Delayed 3 second(s)

2018-06-01 11:40:54 - [TEST_STEP][PASSED] - click: Object: 'Object Repository/HealthpostToCms/Page_KDMC - CMS/a_dropdown-toggle' is clicked on

2018-06-01 11:40:54 - [MESSAGE][PASSED] - Object: 'Object Repository/HealthpostToCms/Page_KDMC - CMS/a_dropdown-toggle' is clicked on

2018-06-01 11:40:54 - [TEST_STEP][PASSED] - click: Object: 'Object Repository/HealthpostToCms/Page_KDMC - CMS/a_Sign out' is clicked on

2018-06-01 11:40:54 - [MESSAGE][PASSED] - Object: 'Object Repository/HealthpostToCms/Page_KDMC - CMS/a_Sign out' is clicked on

2018-06-01 11:40:54 - [TEST_STEP][PASSED] - delay: Delayed 3 second(s)

2018-06-01 11:40:57 - [MESSAGE][PASSED] - Delayed 3 second(s)

2018-06-01 11:40:57 - [TEST_STEP][PASSED] - navigateToUrl: Navigate to 'http://192.168.137.1/multihospital_new/HDSplashscreen.aspx' successfully

2018-06-01 11:40:58 - [MESSAGE][PASSED] - Navigate to 'http://192.168.137.1/multihospital_new/HDSplashscreen.aspx' successfully

2018-06-01 11:40:58 - [TEST_STEP][PASSED] - click: Object: 'Object Repository/HealthpostToCms/Page_KDMC/a_Healthpost Store' is clicked on

2018-06-01 11:40:59 - [MESSAGE][PASSED] - Object: 'Object Repository/HealthpostToCms/Page_KDMC/a_Healthpost Store' is clicked on

2018-06-01 11:40:59 - [TEST_STEP][PASSED] - setText: Text 'raguram' is set on object 'Object Repository/HealthpostToCms/Page_HealthPost Store Login/input_txtusername'

2018-06-01 11:40:59 - [MESSAGE][PASSED] - Text 'raguram' is set on object 'Object Repository/HealthpostToCms/Page_HealthPost Store Login/input_txtusername'

2018-06-01 11:40:59 - [TEST_STEP][PASSED] - setText: Text '123' is set on object 'Object Repository/HealthpostToCms/Page_HealthPost Store Login/input_txtpassword'

2018-06-01 11:40:59 - [MESSAGE][PASSED] - Text '123' is set on object 'Object Repository/HealthpostToCms/Page_HealthPost Store Login/input_txtpassword'

2018-06-01 11:40:59 - [TEST_STEP][PASSED] - delay: Delayed 3 second(s)

2018-06-01 11:41:02 - [MESSAGE][PASSED] - Delayed 3 second(s)

2018-06-01 11:41:02 - [TEST_STEP][PASSED] - click: Object: 'Object Repository/HealthpostToCms/Page_HealthPost Store Login/button_Sign in' is clicked on

2018-06-01 11:41:03 - [MESSAGE][PASSED] - Object: 'Object Repository/HealthpostToCms/Page_HealthPost Store Login/button_Sign in' is clicked on

2018-06-01 11:41:03 - [TEST_STEP][PASSED] - delay: Delayed 3 second(s)

2018-06-01 11:41:06 - [MESSAGE][PASSED] - Delayed 3 second(s)

2018-06-01 11:41:06 - [TEST_STEP][PASSED] - click: Object: 'Object Repository/HealthpostToCms/Page_HealthPost Store/a_CMS' is clicked on

2018-06-01 11:41:06 - [MESSAGE][PASSED] - Object: 'Object Repository/HealthpostToCms/Page_HealthPost Store/a_CMS' is clicked on

2018-06-01 11:41:06 - [TEST_STEP][PASSED] - delay: Delayed 2 second(s)

2018-06-01 11:41:08 - [MESSAGE][PASSED] - Delayed 2 second(s)

2018-06-01 11:41:08 - [TEST_STEP][PASSED] - click: Object: 'Object Repository/HealthpostToCms/Page_HealthPost Store/a_Receiving Goods' is clicked on

2018-06-01 11:41:09 - [MESSAGE][PASSED] - Object: 'Object Repository/HealthpostToCms/Page_HealthPost Store/a_Receiving Goods' is clicked on

2018-06-01 11:41:09 - [TEST_STEP][PASSED] - setText: Text 'PRNO/01062018/535' is set on object 'Object Repository/HealthpostToCms/Page_HealthPost Store/input'

2018-06-01 11:41:09 - [MESSAGE][PASSED] - Text 'PRNO/01062018/535' is set on object 'Object Repository/HealthpostToCms/Page_HealthPost Store/input'

2018-06-01 11:41:09 - [TEST_STEP][PASSED] - click: Object: 'Object Repository/HealthpostToCms/Page_HealthPost Store/input_PRNO18052018174' is clicked on

2018-06-01 11:41:09 - [MESSAGE][PASSED] - Object: 'Object Repository/HealthpostToCms/Page_HealthPost Store/input_PRNO18052018174' is clicked on

2018-06-01 11:41:09 - [TEST_STEP][PASSED] - delay: Delayed 2 second(s)

2018-06-01 11:41:11 - [MESSAGE][PASSED] - Delayed 2 second(s)

2018-06-01 11:41:11 - [TEST_STEP][PASSED] - click: Object: 'Object Repository/HealthpostToCms/Page_HealthPost Store/input_chkrem' is clicked on

2018-06-01 11:41:11 - [MESSAGE][PASSED] - Object: 'Object Repository/HealthpostToCms/Page_HealthPost Store/input_chkrem' is clicked on

2018-06-01 11:41:11 - [TEST_STEP][PASSED] - scrollToElement: Scroll to object 'Object Repository/HealthpostToCms/Page_HealthPost Store/input_btchkroqadd' successfully

2018-06-01 11:41:11 - [MESSAGE][PASSED] - Scroll to object 'Object Repository/HealthpostToCms/Page_HealthPost Store/input_btchkroqadd' successfully

2018-06-01 11:41:11 - [TEST_STEP][PASSED] - click: Object: 'Object Repository/HealthpostToCms/Page_HealthPost Store/input_btchkroqadd' is clicked on

2018-06-01 11:41:12 - [MESSAGE][PASSED] - Object: 'Object Repository/HealthpostToCms/Page_HealthPost Store/input_btchkroqadd' is clicked on

2018-06-01 11:41:12 - [TEST_STEP][PASSED] - delay: Delayed 2 second(s)

2018-06-01 11:41:14 - [MESSAGE][PASSED] - Delayed 2 second(s)

2018-06-01 11:41:14 - [TEST_STEP][PASSED] - refresh: Refresh successfully

2018-06-01 11:41:14 - [MESSAGE][PASSED] - Refresh successfully

2018-06-01 11:41:14 - [TEST_STEP][PASSED] - delay: Delayed 3 second(s)

2018-06-01 11:41:17 - [MESSAGE][PASSED] - Delayed 3 second(s)

2018-06-01 11:41:17 - [TEST_STEP][PASSED] - click: Object: 'Object Repository/HealthpostToCms/Page_HealthPost Store/a_dropdown-toggle' is clicked on

2018-06-01 11:41:17 - [MESSAGE][PASSED] - Object: 'Object Repository/HealthpostToCms/Page_HealthPost Store/a_dropdown-toggle' is clicked on

2018-06-01 11:41:17 - [TEST_STEP][PASSED] - click: Object: 'Object Repository/HealthpostToCms/Page_HealthPost Store/a_Sign out' is clicked on

2018-06-01 11:41:18 - [MESSAGE][PASSED] - Object: 'Object Repository/HealthpostToCms/Page_HealthPost Store/a_Sign out' is clicked on

2018-06-01 11:41:18 - [TEST_STEP][PASSED] - closeBrowser: Browser is closed

2018-06-01 11:41:18 - [MESSAGE][PASSED] - Browser is closed]]></system-out>
         <system-err><![CDATA[]]></system-err>
      </testcase>
      <testcase name="Test Cases/HEALTHPOST TEST CASES/TC_HP_014 Verify Schedule 2 Healthpost To CMS Request Are Working Successfully Or Not" classname="Test Cases/HEALTHPOST TEST CASES/TC_HP_014 Verify Schedule 2 Healthpost To CMS Request Are Working Successfully Or Not" status="PASSED">
         <system-out><![CDATA[2018-06-01 11:41:18 - [TEST_CASE][PASSED] - Test Cases/HEALTHPOST TEST CASES/TC_HP_014 Verify Schedule 2 Healthpost To CMS Request Are Working Successfully Or Not: Test Cases/HEALTHPOST TEST CASES/TC_HP_014 Verify Schedule 2 Healthpost To CMS Request Are Working Successfully Or Not

2018-06-01 11:41:19 - [TEST_STEP][PASSED] - openBrowser: Browser is opened with url: ''

2018-06-01 11:41:21 - [MESSAGE][PASSED] - Browser is opened with url: ''

2018-06-01 11:41:21 - [TEST_STEP][PASSED] - navigateToUrl: Navigate to 'http://192.168.137.1/multihospital_new/HDSplashscreen.aspx' successfully

2018-06-01 11:41:23 - [MESSAGE][PASSED] - Navigate to 'http://192.168.137.1/multihospital_new/HDSplashscreen.aspx' successfully

2018-06-01 11:41:23 - [TEST_STEP][PASSED] - maximizeWindow: Current window maximized

2018-06-01 11:41:24 - [MESSAGE][PASSED] - Current window maximized

2018-06-01 11:41:24 - [TEST_STEP][PASSED] - click: Object: 'Object Repository/HealthpostToCms/Page_KDMC/a_Healthpost Store' is clicked on

2018-06-01 11:41:25 - [MESSAGE][PASSED] - Object: 'Object Repository/HealthpostToCms/Page_KDMC/a_Healthpost Store' is clicked on

2018-06-01 11:41:25 - [TEST_STEP][PASSED] - setText: Text 'raguram' is set on object 'Object Repository/HealthpostToCms/Page_HealthPost Store Login/input_txtusername'

2018-06-01 11:41:25 - [MESSAGE][PASSED] - Text 'raguram' is set on object 'Object Repository/HealthpostToCms/Page_HealthPost Store Login/input_txtusername'

2018-06-01 11:41:25 - [TEST_STEP][PASSED] - setText: Text '123' is set on object 'Object Repository/HealthpostToCms/Page_HealthPost Store Login/input_txtpassword'

2018-06-01 11:41:25 - [MESSAGE][PASSED] - Text '123' is set on object 'Object Repository/HealthpostToCms/Page_HealthPost Store Login/input_txtpassword'

2018-06-01 11:41:25 - [TEST_STEP][PASSED] - delay: Delayed 3 second(s)

2018-06-01 11:41:28 - [MESSAGE][PASSED] - Delayed 3 second(s)

2018-06-01 11:41:28 - [TEST_STEP][PASSED] - click: Object: 'Object Repository/HealthpostToCms/Page_HealthPost Store Login/button_Sign in' is clicked on

2018-06-01 11:41:29 - [MESSAGE][PASSED] - Object: 'Object Repository/HealthpostToCms/Page_HealthPost Store Login/button_Sign in' is clicked on

2018-06-01 11:41:29 - [TEST_STEP][PASSED] - delay: Delayed 3 second(s)

2018-06-01 11:41:32 - [MESSAGE][PASSED] - Delayed 3 second(s)

2018-06-01 11:41:32 - [TEST_STEP][PASSED] - click: Object: 'Object Repository/HealthpostToCms/Page_HealthPost Store/a_CMS' is clicked on

2018-06-01 11:41:32 - [MESSAGE][PASSED] - Object: 'Object Repository/HealthpostToCms/Page_HealthPost Store/a_CMS' is clicked on

2018-06-01 11:41:32 - [TEST_STEP][PASSED] - click: Object: 'Object Repository/HealthpostToCms/Page_HealthPost Store/a_Request Send' is clicked on

2018-06-01 11:41:33 - [MESSAGE][PASSED] - Object: 'Object Repository/HealthpostToCms/Page_HealthPost Store/a_Request Send' is clicked on

2018-06-01 11:41:33 - [TEST_STEP][PASSED] - delay: Delayed 2 second(s)

2018-06-01 11:41:35 - [MESSAGE][PASSED] - Delayed 2 second(s)

2018-06-01 11:41:35 - [TEST_STEP][PASSED] - selectOptionByIndex: All options with index in [2] are selected on object 'Object Repository/HealthpostToCms/Page_HealthPost Store/select_--Select--'

2018-06-01 11:41:35 - [MESSAGE][PASSED] - All options with index in [2] are selected on object 'Object Repository/HealthpostToCms/Page_HealthPost Store/select_--Select--'

2018-06-01 11:41:35 - [TEST_STEP][PASSED] - selectOptionByIndex: All options with index in [2] are selected on object 'Object Repository/HealthpostToCms/Page_HealthPost Store/select_--Select--Schedule 1Inj'

2018-06-01 11:41:35 - [MESSAGE][PASSED] - All options with index in [2] are selected on object 'Object Repository/HealthpostToCms/Page_HealthPost Store/select_--Select--Schedule 1Inj'

2018-06-01 11:41:35 - [TEST_STEP][PASSED] - Statement - medicineslength = com.kms.katalon.core.webui.keyword.WebUiBuiltInKeywords.getNumberOfTotalOption(com.kms.katalon.core.testobject.ObjectRepository.findTestObject(HealthpostToCms/Page_HealthPost Store/select_--Select--Adernaline 0.)): 73 options of object 'Object Repository/HealthpostToCms/Page_HealthPost Store/select_--Select--Adernaline 0.' counted

2018-06-01 11:41:35 - [MESSAGE][PASSED] - 73 options of object 'Object Repository/HealthpostToCms/Page_HealthPost Store/select_--Select--Adernaline 0.' counted

2018-06-01 11:41:35 - [TEST_STEP][PASSED] - Statement - For ([e = 1, e <= medicineslength - 1, (e++)]): Object: 'Object Repository/HealthpostToCms/Page_HealthPost Store/button_Add' is clicked on

2018-06-01 11:41:35 - [TEST_STEP][PASSED] - selectOptionByIndex: All options with index in [2] are selected on object 'Object Repository/HealthpostToCms/Page_HealthPost Store/select_--Select--Schedule 1Inj'

2018-06-01 11:41:35 - [MESSAGE][PASSED] - All options with index in [2] are selected on object 'Object Repository/HealthpostToCms/Page_HealthPost Store/select_--Select--Schedule 1Inj'

2018-06-01 11:41:35 - [TEST_STEP][PASSED] - selectOptionByIndex: All options with index in [1] are selected on object 'Object Repository/HealthpostToCms/Page_HealthPost Store/select_--Select--Adernaline 0.'

2018-06-01 11:41:35 - [MESSAGE][PASSED] - All options with index in [1] are selected on object 'Object Repository/HealthpostToCms/Page_HealthPost Store/select_--Select--Adernaline 0.'

2018-06-01 11:41:35 - [TEST_STEP][PASSED] - setText: Text '100' is set on object 'Object Repository/HealthpostToCms/Page_HealthPost Store/input_txttreat'

2018-06-01 11:41:35 - [MESSAGE][PASSED] - Text '100' is set on object 'Object Repository/HealthpostToCms/Page_HealthPost Store/input_txttreat'

2018-06-01 11:41:35 - [TEST_STEP][PASSED] - click: Object: 'Object Repository/HealthpostToCms/Page_HealthPost Store/button_Add' is clicked on

2018-06-01 11:41:35 - [MESSAGE][PASSED] - Object: 'Object Repository/HealthpostToCms/Page_HealthPost Store/button_Add' is clicked on

2018-06-01 11:41:35 - [TEST_STEP][PASSED] - selectOptionByIndex: All options with index in [2] are selected on object 'Object Repository/HealthpostToCms/Page_HealthPost Store/select_--Select--Schedule 1Inj'

2018-06-01 11:41:36 - [MESSAGE][PASSED] - All options with index in [2] are selected on object 'Object Repository/HealthpostToCms/Page_HealthPost Store/select_--Select--Schedule 1Inj'

2018-06-01 11:41:36 - [TEST_STEP][PASSED] - selectOptionByIndex: All options with index in [2] are selected on object 'Object Repository/HealthpostToCms/Page_HealthPost Store/select_--Select--Adernaline 0.'

2018-06-01 11:41:36 - [MESSAGE][PASSED] - All options with index in [2] are selected on object 'Object Repository/HealthpostToCms/Page_HealthPost Store/select_--Select--Adernaline 0.'

2018-06-01 11:41:36 - [TEST_STEP][PASSED] - setText: Text '100' is set on object 'Object Repository/HealthpostToCms/Page_HealthPost Store/input_txttreat'

2018-06-01 11:41:36 - [MESSAGE][PASSED] - Text '100' is set on object 'Object Repository/HealthpostToCms/Page_HealthPost Store/input_txttreat'

2018-06-01 11:41:36 - [TEST_STEP][PASSED] - click: Object: 'Object Repository/HealthpostToCms/Page_HealthPost Store/button_Add' is clicked on

2018-06-01 11:41:36 - [MESSAGE][PASSED] - Object: 'Object Repository/HealthpostToCms/Page_HealthPost Store/button_Add' is clicked on

2018-06-01 11:41:36 - [TEST_STEP][PASSED] - selectOptionByIndex: All options with index in [2] are selected on object 'Object Repository/HealthpostToCms/Page_HealthPost Store/select_--Select--Schedule 1Inj'

2018-06-01 11:41:36 - [MESSAGE][PASSED] - All options with index in [2] are selected on object 'Object Repository/HealthpostToCms/Page_HealthPost Store/select_--Select--Schedule 1Inj'

2018-06-01 11:41:36 - [TEST_STEP][PASSED] - selectOptionByIndex: All options with index in [3] are selected on object 'Object Repository/HealthpostToCms/Page_HealthPost Store/select_--Select--Adernaline 0.'

2018-06-01 11:41:36 - [MESSAGE][PASSED] - All options with index in [3] are selected on object 'Object Repository/HealthpostToCms/Page_HealthPost Store/select_--Select--Adernaline 0.'

2018-06-01 11:41:36 - [TEST_STEP][PASSED] - setText: Text '100' is set on object 'Object Repository/HealthpostToCms/Page_HealthPost Store/input_txttreat'

2018-06-01 11:41:36 - [MESSAGE][PASSED] - Text '100' is set on object 'Object Repository/HealthpostToCms/Page_HealthPost Store/input_txttreat'

2018-06-01 11:41:36 - [TEST_STEP][PASSED] - click: Object: 'Object Repository/HealthpostToCms/Page_HealthPost Store/button_Add' is clicked on

2018-06-01 11:41:36 - [MESSAGE][PASSED] - Object: 'Object Repository/HealthpostToCms/Page_HealthPost Store/button_Add' is clicked on

2018-06-01 11:41:36 - [TEST_STEP][PASSED] - selectOptionByIndex: All options with index in [2] are selected on object 'Object Repository/HealthpostToCms/Page_HealthPost Store/select_--Select--Schedule 1Inj'

2018-06-01 11:41:37 - [MESSAGE][PASSED] - All options with index in [2] are selected on object 'Object Repository/HealthpostToCms/Page_HealthPost Store/select_--Select--Schedule 1Inj'

2018-06-01 11:41:37 - [TEST_STEP][PASSED] - selectOptionByIndex: All options with index in [4] are selected on object 'Object Repository/HealthpostToCms/Page_HealthPost Store/select_--Select--Adernaline 0.'

2018-06-01 11:41:37 - [MESSAGE][PASSED] - All options with index in [4] are selected on object 'Object Repository/HealthpostToCms/Page_HealthPost Store/select_--Select--Adernaline 0.'

2018-06-01 11:41:37 - [TEST_STEP][PASSED] - setText: Text '100' is set on object 'Object Repository/HealthpostToCms/Page_HealthPost Store/input_txttreat'

2018-06-01 11:41:37 - [MESSAGE][PASSED] - Text '100' is set on object 'Object Repository/HealthpostToCms/Page_HealthPost Store/input_txttreat'

2018-06-01 11:41:37 - [TEST_STEP][PASSED] - click: Object: 'Object Repository/HealthpostToCms/Page_HealthPost Store/button_Add' is clicked on

2018-06-01 11:41:37 - [MESSAGE][PASSED] - Object: 'Object Repository/HealthpostToCms/Page_HealthPost Store/button_Add' is clicked on

2018-06-01 11:41:37 - [TEST_STEP][PASSED] - selectOptionByIndex: All options with index in [2] are selected on object 'Object Repository/HealthpostToCms/Page_HealthPost Store/select_--Select--Schedule 1Inj'

2018-06-01 11:41:37 - [MESSAGE][PASSED] - All options with index in [2] are selected on object 'Object Repository/HealthpostToCms/Page_HealthPost Store/select_--Select--Schedule 1Inj'

2018-06-01 11:41:37 - [TEST_STEP][PASSED] - selectOptionByIndex: All options with index in [5] are selected on object 'Object Repository/HealthpostToCms/Page_HealthPost Store/select_--Select--Adernaline 0.'

2018-06-01 11:41:37 - [MESSAGE][PASSED] - All options with index in [5] are selected on object 'Object Repository/HealthpostToCms/Page_HealthPost Store/select_--Select--Adernaline 0.'

2018-06-01 11:41:37 - [TEST_STEP][PASSED] - setText: Text '100' is set on object 'Object Repository/HealthpostToCms/Page_HealthPost Store/input_txttreat'

2018-06-01 11:41:37 - [MESSAGE][PASSED] - Text '100' is set on object 'Object Repository/HealthpostToCms/Page_HealthPost Store/input_txttreat'

2018-06-01 11:41:37 - [TEST_STEP][PASSED] - click: Object: 'Object Repository/HealthpostToCms/Page_HealthPost Store/button_Add' is clicked on

2018-06-01 11:41:37 - [MESSAGE][PASSED] - Object: 'Object Repository/HealthpostToCms/Page_HealthPost Store/button_Add' is clicked on

2018-06-01 11:41:37 - [TEST_STEP][PASSED] - selectOptionByIndex: All options with index in [2] are selected on object 'Object Repository/HealthpostToCms/Page_HealthPost Store/select_--Select--Schedule 1Inj'

2018-06-01 11:41:38 - [MESSAGE][PASSED] - All options with index in [2] are selected on object 'Object Repository/HealthpostToCms/Page_HealthPost Store/select_--Select--Schedule 1Inj'

2018-06-01 11:41:38 - [TEST_STEP][PASSED] - selectOptionByIndex: All options with index in [6] are selected on object 'Object Repository/HealthpostToCms/Page_HealthPost Store/select_--Select--Adernaline 0.'

2018-06-01 11:41:38 - [MESSAGE][PASSED] - All options with index in [6] are selected on object 'Object Repository/HealthpostToCms/Page_HealthPost Store/select_--Select--Adernaline 0.'

2018-06-01 11:41:38 - [TEST_STEP][PASSED] - setText: Text '100' is set on object 'Object Repository/HealthpostToCms/Page_HealthPost Store/input_txttreat'

2018-06-01 11:41:38 - [MESSAGE][PASSED] - Text '100' is set on object 'Object Repository/HealthpostToCms/Page_HealthPost Store/input_txttreat'

2018-06-01 11:41:38 - [TEST_STEP][PASSED] - click: Object: 'Object Repository/HealthpostToCms/Page_HealthPost Store/button_Add' is clicked on

2018-06-01 11:41:38 - [MESSAGE][PASSED] - Object: 'Object Repository/HealthpostToCms/Page_HealthPost Store/button_Add' is clicked on

2018-06-01 11:41:38 - [TEST_STEP][PASSED] - selectOptionByIndex: All options with index in [2] are selected on object 'Object Repository/HealthpostToCms/Page_HealthPost Store/select_--Select--Schedule 1Inj'

2018-06-01 11:41:38 - [MESSAGE][PASSED] - All options with index in [2] are selected on object 'Object Repository/HealthpostToCms/Page_HealthPost Store/select_--Select--Schedule 1Inj'

2018-06-01 11:41:38 - [TEST_STEP][PASSED] - selectOptionByIndex: All options with index in [7] are selected on object 'Object Repository/HealthpostToCms/Page_HealthPost Store/select_--Select--Adernaline 0.'

2018-06-01 11:41:38 - [MESSAGE][PASSED] - All options with index in [7] are selected on object 'Object Repository/HealthpostToCms/Page_HealthPost Store/select_--Select--Adernaline 0.'

2018-06-01 11:41:38 - [TEST_STEP][PASSED] - setText: Text '100' is set on object 'Object Repository/HealthpostToCms/Page_HealthPost Store/input_txttreat'

2018-06-01 11:41:38 - [MESSAGE][PASSED] - Text '100' is set on object 'Object Repository/HealthpostToCms/Page_HealthPost Store/input_txttreat'

2018-06-01 11:41:38 - [TEST_STEP][PASSED] - click: Object: 'Object Repository/HealthpostToCms/Page_HealthPost Store/button_Add' is clicked on

2018-06-01 11:41:38 - [MESSAGE][PASSED] - Object: 'Object Repository/HealthpostToCms/Page_HealthPost Store/button_Add' is clicked on

2018-06-01 11:41:38 - [TEST_STEP][PASSED] - selectOptionByIndex: All options with index in [2] are selected on object 'Object Repository/HealthpostToCms/Page_HealthPost Store/select_--Select--Schedule 1Inj'

2018-06-01 11:41:39 - [MESSAGE][PASSED] - All options with index in [2] are selected on object 'Object Repository/HealthpostToCms/Page_HealthPost Store/select_--Select--Schedule 1Inj'

2018-06-01 11:41:39 - [TEST_STEP][PASSED] - selectOptionByIndex: All options with index in [8] are selected on object 'Object Repository/HealthpostToCms/Page_HealthPost Store/select_--Select--Adernaline 0.'

2018-06-01 11:41:39 - [MESSAGE][PASSED] - All options with index in [8] are selected on object 'Object Repository/HealthpostToCms/Page_HealthPost Store/select_--Select--Adernaline 0.'

2018-06-01 11:41:39 - [TEST_STEP][PASSED] - setText: Text '100' is set on object 'Object Repository/HealthpostToCms/Page_HealthPost Store/input_txttreat'

2018-06-01 11:41:39 - [MESSAGE][PASSED] - Text '100' is set on object 'Object Repository/HealthpostToCms/Page_HealthPost Store/input_txttreat'

2018-06-01 11:41:39 - [TEST_STEP][PASSED] - click: Object: 'Object Repository/HealthpostToCms/Page_HealthPost Store/button_Add' is clicked on

2018-06-01 11:41:39 - [MESSAGE][PASSED] - Object: 'Object Repository/HealthpostToCms/Page_HealthPost Store/button_Add' is clicked on

2018-06-01 11:41:39 - [TEST_STEP][PASSED] - selectOptionByIndex: All options with index in [2] are selected on object 'Object Repository/HealthpostToCms/Page_HealthPost Store/select_--Select--Schedule 1Inj'

2018-06-01 11:41:39 - [MESSAGE][PASSED] - All options with index in [2] are selected on object 'Object Repository/HealthpostToCms/Page_HealthPost Store/select_--Select--Schedule 1Inj'

2018-06-01 11:41:39 - [TEST_STEP][PASSED] - selectOptionByIndex: All options with index in [9] are selected on object 'Object Repository/HealthpostToCms/Page_HealthPost Store/select_--Select--Adernaline 0.'

2018-06-01 11:41:40 - [MESSAGE][PASSED] - All options with index in [9] are selected on object 'Object Repository/HealthpostToCms/Page_HealthPost Store/select_--Select--Adernaline 0.'

2018-06-01 11:41:40 - [TEST_STEP][PASSED] - setText: Text '100' is set on object 'Object Repository/HealthpostToCms/Page_HealthPost Store/input_txttreat'

2018-06-01 11:41:40 - [MESSAGE][PASSED] - Text '100' is set on object 'Object Repository/HealthpostToCms/Page_HealthPost Store/input_txttreat'

2018-06-01 11:41:40 - [TEST_STEP][PASSED] - click: Object: 'Object Repository/HealthpostToCms/Page_HealthPost Store/button_Add' is clicked on

2018-06-01 11:41:40 - [MESSAGE][PASSED] - Object: 'Object Repository/HealthpostToCms/Page_HealthPost Store/button_Add' is clicked on

2018-06-01 11:41:40 - [TEST_STEP][PASSED] - selectOptionByIndex: All options with index in [2] are selected on object 'Object Repository/HealthpostToCms/Page_HealthPost Store/select_--Select--Schedule 1Inj'

2018-06-01 11:41:40 - [MESSAGE][PASSED] - All options with index in [2] are selected on object 'Object Repository/HealthpostToCms/Page_HealthPost Store/select_--Select--Schedule 1Inj'

2018-06-01 11:41:40 - [TEST_STEP][PASSED] - selectOptionByIndex: All options with index in [10] are selected on object 'Object Repository/HealthpostToCms/Page_HealthPost Store/select_--Select--Adernaline 0.'

2018-06-01 11:41:40 - [MESSAGE][PASSED] - All options with index in [10] are selected on object 'Object Repository/HealthpostToCms/Page_HealthPost Store/select_--Select--Adernaline 0.'

2018-06-01 11:41:40 - [TEST_STEP][PASSED] - setText: Text '100' is set on object 'Object Repository/HealthpostToCms/Page_HealthPost Store/input_txttreat'

2018-06-01 11:41:40 - [MESSAGE][PASSED] - Text '100' is set on object 'Object Repository/HealthpostToCms/Page_HealthPost Store/input_txttreat'

2018-06-01 11:41:40 - [TEST_STEP][PASSED] - click: Object: 'Object Repository/HealthpostToCms/Page_HealthPost Store/button_Add' is clicked on

2018-06-01 11:41:40 - [MESSAGE][PASSED] - Object: 'Object Repository/HealthpostToCms/Page_HealthPost Store/button_Add' is clicked on

2018-06-01 11:41:40 - [TEST_STEP][PASSED] - selectOptionByIndex: All options with index in [2] are selected on object 'Object Repository/HealthpostToCms/Page_HealthPost Store/select_--Select--Schedule 1Inj'

2018-06-01 11:41:40 - [MESSAGE][PASSED] - All options with index in [2] are selected on object 'Object Repository/HealthpostToCms/Page_HealthPost Store/select_--Select--Schedule 1Inj'

2018-06-01 11:41:40 - [TEST_STEP][PASSED] - selectOptionByIndex: All options with index in [11] are selected on object 'Object Repository/HealthpostToCms/Page_HealthPost Store/select_--Select--Adernaline 0.'

2018-06-01 11:41:41 - [MESSAGE][PASSED] - All options with index in [11] are selected on object 'Object Repository/HealthpostToCms/Page_HealthPost Store/select_--Select--Adernaline 0.'

2018-06-01 11:41:41 - [TEST_STEP][PASSED] - setText: Text '100' is set on object 'Object Repository/HealthpostToCms/Page_HealthPost Store/input_txttreat'

2018-06-01 11:41:41 - [MESSAGE][PASSED] - Text '100' is set on object 'Object Repository/HealthpostToCms/Page_HealthPost Store/input_txttreat'

2018-06-01 11:41:41 - [TEST_STEP][PASSED] - click: Object: 'Object Repository/HealthpostToCms/Page_HealthPost Store/button_Add' is clicked on

2018-06-01 11:41:41 - [MESSAGE][PASSED] - Object: 'Object Repository/HealthpostToCms/Page_HealthPost Store/button_Add' is clicked on

2018-06-01 11:41:41 - [TEST_STEP][PASSED] - selectOptionByIndex: All options with index in [2] are selected on object 'Object Repository/HealthpostToCms/Page_HealthPost Store/select_--Select--Schedule 1Inj'

2018-06-01 11:41:41 - [MESSAGE][PASSED] - All options with index in [2] are selected on object 'Object Repository/HealthpostToCms/Page_HealthPost Store/select_--Select--Schedule 1Inj'

2018-06-01 11:41:41 - [TEST_STEP][PASSED] - selectOptionByIndex: All options with index in [12] are selected on object 'Object Repository/HealthpostToCms/Page_HealthPost Store/select_--Select--Adernaline 0.'

2018-06-01 11:41:41 - [MESSAGE][PASSED] - All options with index in [12] are selected on object 'Object Repository/HealthpostToCms/Page_HealthPost Store/select_--Select--Adernaline 0.'

2018-06-01 11:41:41 - [TEST_STEP][PASSED] - setText: Text '100' is set on object 'Object Repository/HealthpostToCms/Page_HealthPost Store/input_txttreat'

2018-06-01 11:41:41 - [MESSAGE][PASSED] - Text '100' is set on object 'Object Repository/HealthpostToCms/Page_HealthPost Store/input_txttreat'

2018-06-01 11:41:41 - [TEST_STEP][PASSED] - click: Object: 'Object Repository/HealthpostToCms/Page_HealthPost Store/button_Add' is clicked on

2018-06-01 11:41:41 - [MESSAGE][PASSED] - Object: 'Object Repository/HealthpostToCms/Page_HealthPost Store/button_Add' is clicked on

2018-06-01 11:41:41 - [TEST_STEP][PASSED] - selectOptionByIndex: All options with index in [2] are selected on object 'Object Repository/HealthpostToCms/Page_HealthPost Store/select_--Select--Schedule 1Inj'

2018-06-01 11:41:42 - [MESSAGE][PASSED] - All options with index in [2] are selected on object 'Object Repository/HealthpostToCms/Page_HealthPost Store/select_--Select--Schedule 1Inj'

2018-06-01 11:41:42 - [TEST_STEP][PASSED] - selectOptionByIndex: All options with index in [13] are selected on object 'Object Repository/HealthpostToCms/Page_HealthPost Store/select_--Select--Adernaline 0.'

2018-06-01 11:41:42 - [MESSAGE][PASSED] - All options with index in [13] are selected on object 'Object Repository/HealthpostToCms/Page_HealthPost Store/select_--Select--Adernaline 0.'

2018-06-01 11:41:42 - [TEST_STEP][PASSED] - setText: Text '100' is set on object 'Object Repository/HealthpostToCms/Page_HealthPost Store/input_txttreat'

2018-06-01 11:41:42 - [MESSAGE][PASSED] - Text '100' is set on object 'Object Repository/HealthpostToCms/Page_HealthPost Store/input_txttreat'

2018-06-01 11:41:42 - [TEST_STEP][PASSED] - click: Object: 'Object Repository/HealthpostToCms/Page_HealthPost Store/button_Add' is clicked on

2018-06-01 11:41:42 - [MESSAGE][PASSED] - Object: 'Object Repository/HealthpostToCms/Page_HealthPost Store/button_Add' is clicked on

2018-06-01 11:41:42 - [TEST_STEP][PASSED] - selectOptionByIndex: All options with index in [2] are selected on object 'Object Repository/HealthpostToCms/Page_HealthPost Store/select_--Select--Schedule 1Inj'

2018-06-01 11:41:42 - [MESSAGE][PASSED] - All options with index in [2] are selected on object 'Object Repository/HealthpostToCms/Page_HealthPost Store/select_--Select--Schedule 1Inj'

2018-06-01 11:41:42 - [TEST_STEP][PASSED] - selectOptionByIndex: All options with index in [14] are selected on object 'Object Repository/HealthpostToCms/Page_HealthPost Store/select_--Select--Adernaline 0.'

2018-06-01 11:41:42 - [MESSAGE][PASSED] - All options with index in [14] are selected on object 'Object Repository/HealthpostToCms/Page_HealthPost Store/select_--Select--Adernaline 0.'

2018-06-01 11:41:42 - [TEST_STEP][PASSED] - setText: Text '100' is set on object 'Object Repository/HealthpostToCms/Page_HealthPost Store/input_txttreat'

2018-06-01 11:41:43 - [MESSAGE][PASSED] - Text '100' is set on object 'Object Repository/HealthpostToCms/Page_HealthPost Store/input_txttreat'

2018-06-01 11:41:43 - [TEST_STEP][PASSED] - click: Object: 'Object Repository/HealthpostToCms/Page_HealthPost Store/button_Add' is clicked on

2018-06-01 11:41:43 - [MESSAGE][PASSED] - Object: 'Object Repository/HealthpostToCms/Page_HealthPost Store/button_Add' is clicked on

2018-06-01 11:41:43 - [TEST_STEP][PASSED] - selectOptionByIndex: All options with index in [2] are selected on object 'Object Repository/HealthpostToCms/Page_HealthPost Store/select_--Select--Schedule 1Inj'

2018-06-01 11:41:43 - [MESSAGE][PASSED] - All options with index in [2] are selected on object 'Object Repository/HealthpostToCms/Page_HealthPost Store/select_--Select--Schedule 1Inj'

2018-06-01 11:41:43 - [TEST_STEP][PASSED] - selectOptionByIndex: All options with index in [15] are selected on object 'Object Repository/HealthpostToCms/Page_HealthPost Store/select_--Select--Adernaline 0.'

2018-06-01 11:41:43 - [MESSAGE][PASSED] - All options with index in [15] are selected on object 'Object Repository/HealthpostToCms/Page_HealthPost Store/select_--Select--Adernaline 0.'

2018-06-01 11:41:43 - [TEST_STEP][PASSED] - setText: Text '100' is set on object 'Object Repository/HealthpostToCms/Page_HealthPost Store/input_txttreat'

2018-06-01 11:41:43 - [MESSAGE][PASSED] - Text '100' is set on object 'Object Repository/HealthpostToCms/Page_HealthPost Store/input_txttreat'

2018-06-01 11:41:43 - [TEST_STEP][PASSED] - click: Object: 'Object Repository/HealthpostToCms/Page_HealthPost Store/button_Add' is clicked on

2018-06-01 11:41:43 - [MESSAGE][PASSED] - Object: 'Object Repository/HealthpostToCms/Page_HealthPost Store/button_Add' is clicked on

2018-06-01 11:41:43 - [TEST_STEP][PASSED] - selectOptionByIndex: All options with index in [2] are selected on object 'Object Repository/HealthpostToCms/Page_HealthPost Store/select_--Select--Schedule 1Inj'

2018-06-01 11:41:43 - [MESSAGE][PASSED] - All options with index in [2] are selected on object 'Object Repository/HealthpostToCms/Page_HealthPost Store/select_--Select--Schedule 1Inj'

2018-06-01 11:41:43 - [TEST_STEP][PASSED] - selectOptionByIndex: All options with index in [16] are selected on object 'Object Repository/HealthpostToCms/Page_HealthPost Store/select_--Select--Adernaline 0.'

2018-06-01 11:41:44 - [MESSAGE][PASSED] - All options with index in [16] are selected on object 'Object Repository/HealthpostToCms/Page_HealthPost Store/select_--Select--Adernaline 0.'

2018-06-01 11:41:44 - [TEST_STEP][PASSED] - setText: Text '100' is set on object 'Object Repository/HealthpostToCms/Page_HealthPost Store/input_txttreat'

2018-06-01 11:41:44 - [MESSAGE][PASSED] - Text '100' is set on object 'Object Repository/HealthpostToCms/Page_HealthPost Store/input_txttreat'

2018-06-01 11:41:44 - [TEST_STEP][PASSED] - click: Object: 'Object Repository/HealthpostToCms/Page_HealthPost Store/button_Add' is clicked on

2018-06-01 11:41:44 - [MESSAGE][PASSED] - Object: 'Object Repository/HealthpostToCms/Page_HealthPost Store/button_Add' is clicked on

2018-06-01 11:41:44 - [TEST_STEP][PASSED] - selectOptionByIndex: All options with index in [2] are selected on object 'Object Repository/HealthpostToCms/Page_HealthPost Store/select_--Select--Schedule 1Inj'

2018-06-01 11:41:44 - [MESSAGE][PASSED] - All options with index in [2] are selected on object 'Object Repository/HealthpostToCms/Page_HealthPost Store/select_--Select--Schedule 1Inj'

2018-06-01 11:41:44 - [TEST_STEP][PASSED] - selectOptionByIndex: All options with index in [17] are selected on object 'Object Repository/HealthpostToCms/Page_HealthPost Store/select_--Select--Adernaline 0.'

2018-06-01 11:41:44 - [MESSAGE][PASSED] - All options with index in [17] are selected on object 'Object Repository/HealthpostToCms/Page_HealthPost Store/select_--Select--Adernaline 0.'

2018-06-01 11:41:44 - [TEST_STEP][PASSED] - setText: Text '100' is set on object 'Object Repository/HealthpostToCms/Page_HealthPost Store/input_txttreat'

2018-06-01 11:41:44 - [MESSAGE][PASSED] - Text '100' is set on object 'Object Repository/HealthpostToCms/Page_HealthPost Store/input_txttreat'

2018-06-01 11:41:44 - [TEST_STEP][PASSED] - click: Object: 'Object Repository/HealthpostToCms/Page_HealthPost Store/button_Add' is clicked on

2018-06-01 11:41:44 - [MESSAGE][PASSED] - Object: 'Object Repository/HealthpostToCms/Page_HealthPost Store/button_Add' is clicked on

2018-06-01 11:41:44 - [TEST_STEP][PASSED] - selectOptionByIndex: All options with index in [2] are selected on object 'Object Repository/HealthpostToCms/Page_HealthPost Store/select_--Select--Schedule 1Inj'

2018-06-01 11:41:45 - [MESSAGE][PASSED] - All options with index in [2] are selected on object 'Object Repository/HealthpostToCms/Page_HealthPost Store/select_--Select--Schedule 1Inj'

2018-06-01 11:41:45 - [TEST_STEP][PASSED] - selectOptionByIndex: All options with index in [18] are selected on object 'Object Repository/HealthpostToCms/Page_HealthPost Store/select_--Select--Adernaline 0.'

2018-06-01 11:41:45 - [MESSAGE][PASSED] - All options with index in [18] are selected on object 'Object Repository/HealthpostToCms/Page_HealthPost Store/select_--Select--Adernaline 0.'

2018-06-01 11:41:45 - [TEST_STEP][PASSED] - setText: Text '100' is set on object 'Object Repository/HealthpostToCms/Page_HealthPost Store/input_txttreat'

2018-06-01 11:41:45 - [MESSAGE][PASSED] - Text '100' is set on object 'Object Repository/HealthpostToCms/Page_HealthPost Store/input_txttreat'

2018-06-01 11:41:45 - [TEST_STEP][PASSED] - click: Object: 'Object Repository/HealthpostToCms/Page_HealthPost Store/button_Add' is clicked on

2018-06-01 11:41:45 - [MESSAGE][PASSED] - Object: 'Object Repository/HealthpostToCms/Page_HealthPost Store/button_Add' is clicked on

2018-06-01 11:41:45 - [TEST_STEP][PASSED] - selectOptionByIndex: All options with index in [2] are selected on object 'Object Repository/HealthpostToCms/Page_HealthPost Store/select_--Select--Schedule 1Inj'

2018-06-01 11:41:45 - [MESSAGE][PASSED] - All options with index in [2] are selected on object 'Object Repository/HealthpostToCms/Page_HealthPost Store/select_--Select--Schedule 1Inj'

2018-06-01 11:41:45 - [TEST_STEP][PASSED] - selectOptionByIndex: All options with index in [19] are selected on object 'Object Repository/HealthpostToCms/Page_HealthPost Store/select_--Select--Adernaline 0.'

2018-06-01 11:41:45 - [MESSAGE][PASSED] - All options with index in [19] are selected on object 'Object Repository/HealthpostToCms/Page_HealthPost Store/select_--Select--Adernaline 0.'

2018-06-01 11:41:45 - [TEST_STEP][PASSED] - setText: Text '100' is set on object 'Object Repository/HealthpostToCms/Page_HealthPost Store/input_txttreat'

2018-06-01 11:41:46 - [MESSAGE][PASSED] - Text '100' is set on object 'Object Repository/HealthpostToCms/Page_HealthPost Store/input_txttreat'

2018-06-01 11:41:46 - [TEST_STEP][PASSED] - click: Object: 'Object Repository/HealthpostToCms/Page_HealthPost Store/button_Add' is clicked on

2018-06-01 11:41:46 - [MESSAGE][PASSED] - Object: 'Object Repository/HealthpostToCms/Page_HealthPost Store/button_Add' is clicked on

2018-06-01 11:41:46 - [TEST_STEP][PASSED] - selectOptionByIndex: All options with index in [2] are selected on object 'Object Repository/HealthpostToCms/Page_HealthPost Store/select_--Select--Schedule 1Inj'

2018-06-01 11:41:46 - [MESSAGE][PASSED] - All options with index in [2] are selected on object 'Object Repository/HealthpostToCms/Page_HealthPost Store/select_--Select--Schedule 1Inj'

2018-06-01 11:41:46 - [TEST_STEP][PASSED] - selectOptionByIndex: All options with index in [20] are selected on object 'Object Repository/HealthpostToCms/Page_HealthPost Store/select_--Select--Adernaline 0.'

2018-06-01 11:41:46 - [MESSAGE][PASSED] - All options with index in [20] are selected on object 'Object Repository/HealthpostToCms/Page_HealthPost Store/select_--Select--Adernaline 0.'

2018-06-01 11:41:46 - [TEST_STEP][PASSED] - setText: Text '100' is set on object 'Object Repository/HealthpostToCms/Page_HealthPost Store/input_txttreat'

2018-06-01 11:41:46 - [MESSAGE][PASSED] - Text '100' is set on object 'Object Repository/HealthpostToCms/Page_HealthPost Store/input_txttreat'

2018-06-01 11:41:46 - [TEST_STEP][PASSED] - click: Object: 'Object Repository/HealthpostToCms/Page_HealthPost Store/button_Add' is clicked on

2018-06-01 11:41:46 - [MESSAGE][PASSED] - Object: 'Object Repository/HealthpostToCms/Page_HealthPost Store/button_Add' is clicked on

2018-06-01 11:41:46 - [TEST_STEP][PASSED] - selectOptionByIndex: All options with index in [2] are selected on object 'Object Repository/HealthpostToCms/Page_HealthPost Store/select_--Select--Schedule 1Inj'

2018-06-01 11:41:46 - [MESSAGE][PASSED] - All options with index in [2] are selected on object 'Object Repository/HealthpostToCms/Page_HealthPost Store/select_--Select--Schedule 1Inj'

2018-06-01 11:41:46 - [TEST_STEP][PASSED] - selectOptionByIndex: All options with index in [21] are selected on object 'Object Repository/HealthpostToCms/Page_HealthPost Store/select_--Select--Adernaline 0.'

2018-06-01 11:41:47 - [MESSAGE][PASSED] - All options with index in [21] are selected on object 'Object Repository/HealthpostToCms/Page_HealthPost Store/select_--Select--Adernaline 0.'

2018-06-01 11:41:47 - [TEST_STEP][PASSED] - setText: Text '100' is set on object 'Object Repository/HealthpostToCms/Page_HealthPost Store/input_txttreat'

2018-06-01 11:41:47 - [MESSAGE][PASSED] - Text '100' is set on object 'Object Repository/HealthpostToCms/Page_HealthPost Store/input_txttreat'

2018-06-01 11:41:47 - [TEST_STEP][PASSED] - click: Object: 'Object Repository/HealthpostToCms/Page_HealthPost Store/button_Add' is clicked on

2018-06-01 11:41:47 - [MESSAGE][PASSED] - Object: 'Object Repository/HealthpostToCms/Page_HealthPost Store/button_Add' is clicked on

2018-06-01 11:41:47 - [TEST_STEP][PASSED] - selectOptionByIndex: All options with index in [2] are selected on object 'Object Repository/HealthpostToCms/Page_HealthPost Store/select_--Select--Schedule 1Inj'

2018-06-01 11:41:47 - [MESSAGE][PASSED] - All options with index in [2] are selected on object 'Object Repository/HealthpostToCms/Page_HealthPost Store/select_--Select--Schedule 1Inj'

2018-06-01 11:41:47 - [TEST_STEP][PASSED] - selectOptionByIndex: All options with index in [22] are selected on object 'Object Repository/HealthpostToCms/Page_HealthPost Store/select_--Select--Adernaline 0.'

2018-06-01 11:41:47 - [MESSAGE][PASSED] - All options with index in [22] are selected on object 'Object Repository/HealthpostToCms/Page_HealthPost Store/select_--Select--Adernaline 0.'

2018-06-01 11:41:47 - [TEST_STEP][PASSED] - setText: Text '100' is set on object 'Object Repository/HealthpostToCms/Page_HealthPost Store/input_txttreat'

2018-06-01 11:41:48 - [MESSAGE][PASSED] - Text '100' is set on object 'Object Repository/HealthpostToCms/Page_HealthPost Store/input_txttreat'

2018-06-01 11:41:48 - [TEST_STEP][PASSED] - click: Object: 'Object Repository/HealthpostToCms/Page_HealthPost Store/button_Add' is clicked on

2018-06-01 11:41:48 - [MESSAGE][PASSED] - Object: 'Object Repository/HealthpostToCms/Page_HealthPost Store/button_Add' is clicked on

2018-06-01 11:41:48 - [TEST_STEP][PASSED] - selectOptionByIndex: All options with index in [2] are selected on object 'Object Repository/HealthpostToCms/Page_HealthPost Store/select_--Select--Schedule 1Inj'

2018-06-01 11:41:48 - [MESSAGE][PASSED] - All options with index in [2] are selected on object 'Object Repository/HealthpostToCms/Page_HealthPost Store/select_--Select--Schedule 1Inj'

2018-06-01 11:41:48 - [TEST_STEP][PASSED] - selectOptionByIndex: All options with index in [23] are selected on object 'Object Repository/HealthpostToCms/Page_HealthPost Store/select_--Select--Adernaline 0.'

2018-06-01 11:41:48 - [MESSAGE][PASSED] - All options with index in [23] are selected on object 'Object Repository/HealthpostToCms/Page_HealthPost Store/select_--Select--Adernaline 0.'

2018-06-01 11:41:48 - [TEST_STEP][PASSED] - setText: Text '100' is set on object 'Object Repository/HealthpostToCms/Page_HealthPost Store/input_txttreat'

2018-06-01 11:41:48 - [MESSAGE][PASSED] - Text '100' is set on object 'Object Repository/HealthpostToCms/Page_HealthPost Store/input_txttreat'

2018-06-01 11:41:48 - [TEST_STEP][PASSED] - click: Object: 'Object Repository/HealthpostToCms/Page_HealthPost Store/button_Add' is clicked on

2018-06-01 11:41:48 - [MESSAGE][PASSED] - Object: 'Object Repository/HealthpostToCms/Page_HealthPost Store/button_Add' is clicked on

2018-06-01 11:41:48 - [TEST_STEP][PASSED] - selectOptionByIndex: All options with index in [2] are selected on object 'Object Repository/HealthpostToCms/Page_HealthPost Store/select_--Select--Schedule 1Inj'

2018-06-01 11:41:48 - [MESSAGE][PASSED] - All options with index in [2] are selected on object 'Object Repository/HealthpostToCms/Page_HealthPost Store/select_--Select--Schedule 1Inj'

2018-06-01 11:41:48 - [TEST_STEP][PASSED] - selectOptionByIndex: All options with index in [24] are selected on object 'Object Repository/HealthpostToCms/Page_HealthPost Store/select_--Select--Adernaline 0.'

2018-06-01 11:41:49 - [MESSAGE][PASSED] - All options with index in [24] are selected on object 'Object Repository/HealthpostToCms/Page_HealthPost Store/select_--Select--Adernaline 0.'

2018-06-01 11:41:49 - [TEST_STEP][PASSED] - setText: Text '100' is set on object 'Object Repository/HealthpostToCms/Page_HealthPost Store/input_txttreat'

2018-06-01 11:41:49 - [MESSAGE][PASSED] - Text '100' is set on object 'Object Repository/HealthpostToCms/Page_HealthPost Store/input_txttreat'

2018-06-01 11:41:49 - [TEST_STEP][PASSED] - click: Object: 'Object Repository/HealthpostToCms/Page_HealthPost Store/button_Add' is clicked on

2018-06-01 11:41:49 - [MESSAGE][PASSED] - Object: 'Object Repository/HealthpostToCms/Page_HealthPost Store/button_Add' is clicked on

2018-06-01 11:41:49 - [TEST_STEP][PASSED] - selectOptionByIndex: All options with index in [2] are selected on object 'Object Repository/HealthpostToCms/Page_HealthPost Store/select_--Select--Schedule 1Inj'

2018-06-01 11:41:49 - [MESSAGE][PASSED] - All options with index in [2] are selected on object 'Object Repository/HealthpostToCms/Page_HealthPost Store/select_--Select--Schedule 1Inj'

2018-06-01 11:41:49 - [TEST_STEP][PASSED] - selectOptionByIndex: All options with index in [25] are selected on object 'Object Repository/HealthpostToCms/Page_HealthPost Store/select_--Select--Adernaline 0.'

2018-06-01 11:41:50 - [MESSAGE][PASSED] - All options with index in [25] are selected on object 'Object Repository/HealthpostToCms/Page_HealthPost Store/select_--Select--Adernaline 0.'

2018-06-01 11:41:50 - [TEST_STEP][PASSED] - setText: Text '100' is set on object 'Object Repository/HealthpostToCms/Page_HealthPost Store/input_txttreat'

2018-06-01 11:41:50 - [MESSAGE][PASSED] - Text '100' is set on object 'Object Repository/HealthpostToCms/Page_HealthPost Store/input_txttreat'

2018-06-01 11:41:50 - [TEST_STEP][PASSED] - click: Object: 'Object Repository/HealthpostToCms/Page_HealthPost Store/button_Add' is clicked on

2018-06-01 11:41:50 - [MESSAGE][PASSED] - Object: 'Object Repository/HealthpostToCms/Page_HealthPost Store/button_Add' is clicked on

2018-06-01 11:41:50 - [TEST_STEP][PASSED] - selectOptionByIndex: All options with index in [2] are selected on object 'Object Repository/HealthpostToCms/Page_HealthPost Store/select_--Select--Schedule 1Inj'

2018-06-01 11:41:50 - [MESSAGE][PASSED] - All options with index in [2] are selected on object 'Object Repository/HealthpostToCms/Page_HealthPost Store/select_--Select--Schedule 1Inj'

2018-06-01 11:41:50 - [TEST_STEP][PASSED] - selectOptionByIndex: All options with index in [26] are selected on object 'Object Repository/HealthpostToCms/Page_HealthPost Store/select_--Select--Adernaline 0.'

2018-06-01 11:41:50 - [MESSAGE][PASSED] - All options with index in [26] are selected on object 'Object Repository/HealthpostToCms/Page_HealthPost Store/select_--Select--Adernaline 0.'

2018-06-01 11:41:50 - [TEST_STEP][PASSED] - setText: Text '100' is set on object 'Object Repository/HealthpostToCms/Page_HealthPost Store/input_txttreat'

2018-06-01 11:41:50 - [MESSAGE][PASSED] - Text '100' is set on object 'Object Repository/HealthpostToCms/Page_HealthPost Store/input_txttreat'

2018-06-01 11:41:50 - [TEST_STEP][PASSED] - click: Object: 'Object Repository/HealthpostToCms/Page_HealthPost Store/button_Add' is clicked on

2018-06-01 11:41:50 - [MESSAGE][PASSED] - Object: 'Object Repository/HealthpostToCms/Page_HealthPost Store/button_Add' is clicked on

2018-06-01 11:41:50 - [TEST_STEP][PASSED] - selectOptionByIndex: All options with index in [2] are selected on object 'Object Repository/HealthpostToCms/Page_HealthPost Store/select_--Select--Schedule 1Inj'

2018-06-01 11:41:51 - [MESSAGE][PASSED] - All options with index in [2] are selected on object 'Object Repository/HealthpostToCms/Page_HealthPost Store/select_--Select--Schedule 1Inj'

2018-06-01 11:41:51 - [TEST_STEP][PASSED] - selectOptionByIndex: All options with index in [27] are selected on object 'Object Repository/HealthpostToCms/Page_HealthPost Store/select_--Select--Adernaline 0.'

2018-06-01 11:41:51 - [MESSAGE][PASSED] - All options with index in [27] are selected on object 'Object Repository/HealthpostToCms/Page_HealthPost Store/select_--Select--Adernaline 0.'

2018-06-01 11:41:51 - [TEST_STEP][PASSED] - setText: Text '100' is set on object 'Object Repository/HealthpostToCms/Page_HealthPost Store/input_txttreat'

2018-06-01 11:41:51 - [MESSAGE][PASSED] - Text '100' is set on object 'Object Repository/HealthpostToCms/Page_HealthPost Store/input_txttreat'

2018-06-01 11:41:51 - [TEST_STEP][PASSED] - click: Object: 'Object Repository/HealthpostToCms/Page_HealthPost Store/button_Add' is clicked on

2018-06-01 11:41:51 - [MESSAGE][PASSED] - Object: 'Object Repository/HealthpostToCms/Page_HealthPost Store/button_Add' is clicked on

2018-06-01 11:41:51 - [TEST_STEP][PASSED] - selectOptionByIndex: All options with index in [2] are selected on object 'Object Repository/HealthpostToCms/Page_HealthPost Store/select_--Select--Schedule 1Inj'

2018-06-01 11:41:51 - [MESSAGE][PASSED] - All options with index in [2] are selected on object 'Object Repository/HealthpostToCms/Page_HealthPost Store/select_--Select--Schedule 1Inj'

2018-06-01 11:41:51 - [TEST_STEP][PASSED] - selectOptionByIndex: All options with index in [28] are selected on object 'Object Repository/HealthpostToCms/Page_HealthPost Store/select_--Select--Adernaline 0.'

2018-06-01 11:41:52 - [MESSAGE][PASSED] - All options with index in [28] are selected on object 'Object Repository/HealthpostToCms/Page_HealthPost Store/select_--Select--Adernaline 0.'

2018-06-01 11:41:52 - [TEST_STEP][PASSED] - setText: Text '100' is set on object 'Object Repository/HealthpostToCms/Page_HealthPost Store/input_txttreat'

2018-06-01 11:41:52 - [MESSAGE][PASSED] - Text '100' is set on object 'Object Repository/HealthpostToCms/Page_HealthPost Store/input_txttreat'

2018-06-01 11:41:52 - [TEST_STEP][PASSED] - click: Object: 'Object Repository/HealthpostToCms/Page_HealthPost Store/button_Add' is clicked on

2018-06-01 11:41:52 - [MESSAGE][PASSED] - Object: 'Object Repository/HealthpostToCms/Page_HealthPost Store/button_Add' is clicked on

2018-06-01 11:41:52 - [TEST_STEP][PASSED] - selectOptionByIndex: All options with index in [2] are selected on object 'Object Repository/HealthpostToCms/Page_HealthPost Store/select_--Select--Schedule 1Inj'

2018-06-01 11:41:52 - [MESSAGE][PASSED] - All options with index in [2] are selected on object 'Object Repository/HealthpostToCms/Page_HealthPost Store/select_--Select--Schedule 1Inj'

2018-06-01 11:41:52 - [TEST_STEP][PASSED] - selectOptionByIndex: All options with index in [29] are selected on object 'Object Repository/HealthpostToCms/Page_HealthPost Store/select_--Select--Adernaline 0.'

2018-06-01 11:41:52 - [MESSAGE][PASSED] - All options with index in [29] are selected on object 'Object Repository/HealthpostToCms/Page_HealthPost Store/select_--Select--Adernaline 0.'

2018-06-01 11:41:52 - [TEST_STEP][PASSED] - setText: Text '100' is set on object 'Object Repository/HealthpostToCms/Page_HealthPost Store/input_txttreat'

2018-06-01 11:41:52 - [MESSAGE][PASSED] - Text '100' is set on object 'Object Repository/HealthpostToCms/Page_HealthPost Store/input_txttreat'

2018-06-01 11:41:52 - [TEST_STEP][PASSED] - click: Object: 'Object Repository/HealthpostToCms/Page_HealthPost Store/button_Add' is clicked on

2018-06-01 11:41:53 - [MESSAGE][PASSED] - Object: 'Object Repository/HealthpostToCms/Page_HealthPost Store/button_Add' is clicked on

2018-06-01 11:41:53 - [TEST_STEP][PASSED] - selectOptionByIndex: All options with index in [2] are selected on object 'Object Repository/HealthpostToCms/Page_HealthPost Store/select_--Select--Schedule 1Inj'

2018-06-01 11:41:53 - [MESSAGE][PASSED] - All options with index in [2] are selected on object 'Object Repository/HealthpostToCms/Page_HealthPost Store/select_--Select--Schedule 1Inj'

2018-06-01 11:41:53 - [TEST_STEP][PASSED] - selectOptionByIndex: All options with index in [30] are selected on object 'Object Repository/HealthpostToCms/Page_HealthPost Store/select_--Select--Adernaline 0.'

2018-06-01 11:41:53 - [MESSAGE][PASSED] - All options with index in [30] are selected on object 'Object Repository/HealthpostToCms/Page_HealthPost Store/select_--Select--Adernaline 0.'

2018-06-01 11:41:53 - [TEST_STEP][PASSED] - setText: Text '100' is set on object 'Object Repository/HealthpostToCms/Page_HealthPost Store/input_txttreat'

2018-06-01 11:41:53 - [MESSAGE][PASSED] - Text '100' is set on object 'Object Repository/HealthpostToCms/Page_HealthPost Store/input_txttreat'

2018-06-01 11:41:53 - [TEST_STEP][PASSED] - click: Object: 'Object Repository/HealthpostToCms/Page_HealthPost Store/button_Add' is clicked on

2018-06-01 11:41:53 - [MESSAGE][PASSED] - Object: 'Object Repository/HealthpostToCms/Page_HealthPost Store/button_Add' is clicked on

2018-06-01 11:41:53 - [TEST_STEP][PASSED] - selectOptionByIndex: All options with index in [2] are selected on object 'Object Repository/HealthpostToCms/Page_HealthPost Store/select_--Select--Schedule 1Inj'

2018-06-01 11:41:53 - [MESSAGE][PASSED] - All options with index in [2] are selected on object 'Object Repository/HealthpostToCms/Page_HealthPost Store/select_--Select--Schedule 1Inj'

2018-06-01 11:41:53 - [TEST_STEP][PASSED] - selectOptionByIndex: All options with index in [31] are selected on object 'Object Repository/HealthpostToCms/Page_HealthPost Store/select_--Select--Adernaline 0.'

2018-06-01 11:41:54 - [MESSAGE][PASSED] - All options with index in [31] are selected on object 'Object Repository/HealthpostToCms/Page_HealthPost Store/select_--Select--Adernaline 0.'

2018-06-01 11:41:54 - [TEST_STEP][PASSED] - setText: Text '100' is set on object 'Object Repository/HealthpostToCms/Page_HealthPost Store/input_txttreat'

2018-06-01 11:41:54 - [MESSAGE][PASSED] - Text '100' is set on object 'Object Repository/HealthpostToCms/Page_HealthPost Store/input_txttreat'

2018-06-01 11:41:54 - [TEST_STEP][PASSED] - click: Object: 'Object Repository/HealthpostToCms/Page_HealthPost Store/button_Add' is clicked on

2018-06-01 11:41:54 - [MESSAGE][PASSED] - Object: 'Object Repository/HealthpostToCms/Page_HealthPost Store/button_Add' is clicked on

2018-06-01 11:41:54 - [TEST_STEP][PASSED] - selectOptionByIndex: All options with index in [2] are selected on object 'Object Repository/HealthpostToCms/Page_HealthPost Store/select_--Select--Schedule 1Inj'

2018-06-01 11:41:54 - [MESSAGE][PASSED] - All options with index in [2] are selected on object 'Object Repository/HealthpostToCms/Page_HealthPost Store/select_--Select--Schedule 1Inj'

2018-06-01 11:41:54 - [TEST_STEP][PASSED] - selectOptionByIndex: All options with index in [32] are selected on object 'Object Repository/HealthpostToCms/Page_HealthPost Store/select_--Select--Adernaline 0.'

2018-06-01 11:41:55 - [MESSAGE][PASSED] - All options with index in [32] are selected on object 'Object Repository/HealthpostToCms/Page_HealthPost Store/select_--Select--Adernaline 0.'

2018-06-01 11:41:55 - [TEST_STEP][PASSED] - setText: Text '100' is set on object 'Object Repository/HealthpostToCms/Page_HealthPost Store/input_txttreat'

2018-06-01 11:41:55 - [MESSAGE][PASSED] - Text '100' is set on object 'Object Repository/HealthpostToCms/Page_HealthPost Store/input_txttreat'

2018-06-01 11:41:55 - [TEST_STEP][PASSED] - click: Object: 'Object Repository/HealthpostToCms/Page_HealthPost Store/button_Add' is clicked on

2018-06-01 11:41:55 - [MESSAGE][PASSED] - Object: 'Object Repository/HealthpostToCms/Page_HealthPost Store/button_Add' is clicked on

2018-06-01 11:41:55 - [TEST_STEP][PASSED] - selectOptionByIndex: All options with index in [2] are selected on object 'Object Repository/HealthpostToCms/Page_HealthPost Store/select_--Select--Schedule 1Inj'

2018-06-01 11:41:55 - [MESSAGE][PASSED] - All options with index in [2] are selected on object 'Object Repository/HealthpostToCms/Page_HealthPost Store/select_--Select--Schedule 1Inj'

2018-06-01 11:41:55 - [TEST_STEP][PASSED] - selectOptionByIndex: All options with index in [33] are selected on object 'Object Repository/HealthpostToCms/Page_HealthPost Store/select_--Select--Adernaline 0.'

2018-06-01 11:41:55 - [MESSAGE][PASSED] - All options with index in [33] are selected on object 'Object Repository/HealthpostToCms/Page_HealthPost Store/select_--Select--Adernaline 0.'

2018-06-01 11:41:55 - [TEST_STEP][PASSED] - setText: Text '100' is set on object 'Object Repository/HealthpostToCms/Page_HealthPost Store/input_txttreat'

2018-06-01 11:41:55 - [MESSAGE][PASSED] - Text '100' is set on object 'Object Repository/HealthpostToCms/Page_HealthPost Store/input_txttreat'

2018-06-01 11:41:55 - [TEST_STEP][PASSED] - click: Object: 'Object Repository/HealthpostToCms/Page_HealthPost Store/button_Add' is clicked on

2018-06-01 11:41:56 - [MESSAGE][PASSED] - Object: 'Object Repository/HealthpostToCms/Page_HealthPost Store/button_Add' is clicked on

2018-06-01 11:41:56 - [TEST_STEP][PASSED] - selectOptionByIndex: All options with index in [2] are selected on object 'Object Repository/HealthpostToCms/Page_HealthPost Store/select_--Select--Schedule 1Inj'

2018-06-01 11:41:56 - [MESSAGE][PASSED] - All options with index in [2] are selected on object 'Object Repository/HealthpostToCms/Page_HealthPost Store/select_--Select--Schedule 1Inj'

2018-06-01 11:41:56 - [TEST_STEP][PASSED] - selectOptionByIndex: All options with index in [34] are selected on object 'Object Repository/HealthpostToCms/Page_HealthPost Store/select_--Select--Adernaline 0.'

2018-06-01 11:41:56 - [MESSAGE][PASSED] - All options with index in [34] are selected on object 'Object Repository/HealthpostToCms/Page_HealthPost Store/select_--Select--Adernaline 0.'

2018-06-01 11:41:56 - [TEST_STEP][PASSED] - setText: Text '100' is set on object 'Object Repository/HealthpostToCms/Page_HealthPost Store/input_txttreat'

2018-06-01 11:41:56 - [MESSAGE][PASSED] - Text '100' is set on object 'Object Repository/HealthpostToCms/Page_HealthPost Store/input_txttreat'

2018-06-01 11:41:56 - [TEST_STEP][PASSED] - click: Object: 'Object Repository/HealthpostToCms/Page_HealthPost Store/button_Add' is clicked on

2018-06-01 11:41:56 - [MESSAGE][PASSED] - Object: 'Object Repository/HealthpostToCms/Page_HealthPost Store/button_Add' is clicked on

2018-06-01 11:41:56 - [TEST_STEP][PASSED] - selectOptionByIndex: All options with index in [2] are selected on object 'Object Repository/HealthpostToCms/Page_HealthPost Store/select_--Select--Schedule 1Inj'

2018-06-01 11:41:56 - [MESSAGE][PASSED] - All options with index in [2] are selected on object 'Object Repository/HealthpostToCms/Page_HealthPost Store/select_--Select--Schedule 1Inj'

2018-06-01 11:41:56 - [TEST_STEP][PASSED] - selectOptionByIndex: All options with index in [35] are selected on object 'Object Repository/HealthpostToCms/Page_HealthPost Store/select_--Select--Adernaline 0.'

2018-06-01 11:41:57 - [MESSAGE][PASSED] - All options with index in [35] are selected on object 'Object Repository/HealthpostToCms/Page_HealthPost Store/select_--Select--Adernaline 0.'

2018-06-01 11:41:57 - [TEST_STEP][PASSED] - setText: Text '100' is set on object 'Object Repository/HealthpostToCms/Page_HealthPost Store/input_txttreat'

2018-06-01 11:41:57 - [MESSAGE][PASSED] - Text '100' is set on object 'Object Repository/HealthpostToCms/Page_HealthPost Store/input_txttreat'

2018-06-01 11:41:57 - [TEST_STEP][PASSED] - click: Object: 'Object Repository/HealthpostToCms/Page_HealthPost Store/button_Add' is clicked on

2018-06-01 11:41:57 - [MESSAGE][PASSED] - Object: 'Object Repository/HealthpostToCms/Page_HealthPost Store/button_Add' is clicked on

2018-06-01 11:41:57 - [TEST_STEP][PASSED] - selectOptionByIndex: All options with index in [2] are selected on object 'Object Repository/HealthpostToCms/Page_HealthPost Store/select_--Select--Schedule 1Inj'

2018-06-01 11:41:57 - [MESSAGE][PASSED] - All options with index in [2] are selected on object 'Object Repository/HealthpostToCms/Page_HealthPost Store/select_--Select--Schedule 1Inj'

2018-06-01 11:41:57 - [TEST_STEP][PASSED] - selectOptionByIndex: All options with index in [36] are selected on object 'Object Repository/HealthpostToCms/Page_HealthPost Store/select_--Select--Adernaline 0.'

2018-06-01 11:41:58 - [MESSAGE][PASSED] - All options with index in [36] are selected on object 'Object Repository/HealthpostToCms/Page_HealthPost Store/select_--Select--Adernaline 0.'

2018-06-01 11:41:58 - [TEST_STEP][PASSED] - setText: Text '100' is set on object 'Object Repository/HealthpostToCms/Page_HealthPost Store/input_txttreat'

2018-06-01 11:41:58 - [MESSAGE][PASSED] - Text '100' is set on object 'Object Repository/HealthpostToCms/Page_HealthPost Store/input_txttreat'

2018-06-01 11:41:58 - [TEST_STEP][PASSED] - click: Object: 'Object Repository/HealthpostToCms/Page_HealthPost Store/button_Add' is clicked on

2018-06-01 11:41:58 - [MESSAGE][PASSED] - Object: 'Object Repository/HealthpostToCms/Page_HealthPost Store/button_Add' is clicked on

2018-06-01 11:41:58 - [TEST_STEP][PASSED] - selectOptionByIndex: All options with index in [2] are selected on object 'Object Repository/HealthpostToCms/Page_HealthPost Store/select_--Select--Schedule 1Inj'

2018-06-01 11:41:58 - [MESSAGE][PASSED] - All options with index in [2] are selected on object 'Object Repository/HealthpostToCms/Page_HealthPost Store/select_--Select--Schedule 1Inj'

2018-06-01 11:41:58 - [TEST_STEP][PASSED] - selectOptionByIndex: All options with index in [37] are selected on object 'Object Repository/HealthpostToCms/Page_HealthPost Store/select_--Select--Adernaline 0.'

2018-06-01 11:41:59 - [MESSAGE][PASSED] - All options with index in [37] are selected on object 'Object Repository/HealthpostToCms/Page_HealthPost Store/select_--Select--Adernaline 0.'

2018-06-01 11:41:59 - [TEST_STEP][PASSED] - setText: Text '100' is set on object 'Object Repository/HealthpostToCms/Page_HealthPost Store/input_txttreat'

2018-06-01 11:41:59 - [MESSAGE][PASSED] - Text '100' is set on object 'Object Repository/HealthpostToCms/Page_HealthPost Store/input_txttreat'

2018-06-01 11:41:59 - [TEST_STEP][PASSED] - click: Object: 'Object Repository/HealthpostToCms/Page_HealthPost Store/button_Add' is clicked on

2018-06-01 11:41:59 - [MESSAGE][PASSED] - Object: 'Object Repository/HealthpostToCms/Page_HealthPost Store/button_Add' is clicked on

2018-06-01 11:41:59 - [TEST_STEP][PASSED] - selectOptionByIndex: All options with index in [2] are selected on object 'Object Repository/HealthpostToCms/Page_HealthPost Store/select_--Select--Schedule 1Inj'

2018-06-01 11:41:59 - [MESSAGE][PASSED] - All options with index in [2] are selected on object 'Object Repository/HealthpostToCms/Page_HealthPost Store/select_--Select--Schedule 1Inj'

2018-06-01 11:41:59 - [TEST_STEP][PASSED] - selectOptionByIndex: All options with index in [38] are selected on object 'Object Repository/HealthpostToCms/Page_HealthPost Store/select_--Select--Adernaline 0.'

2018-06-01 11:42:00 - [MESSAGE][PASSED] - All options with index in [38] are selected on object 'Object Repository/HealthpostToCms/Page_HealthPost Store/select_--Select--Adernaline 0.'

2018-06-01 11:42:00 - [TEST_STEP][PASSED] - setText: Text '100' is set on object 'Object Repository/HealthpostToCms/Page_HealthPost Store/input_txttreat'

2018-06-01 11:42:00 - [MESSAGE][PASSED] - Text '100' is set on object 'Object Repository/HealthpostToCms/Page_HealthPost Store/input_txttreat'

2018-06-01 11:42:00 - [TEST_STEP][PASSED] - click: Object: 'Object Repository/HealthpostToCms/Page_HealthPost Store/button_Add' is clicked on

2018-06-01 11:42:00 - [MESSAGE][PASSED] - Object: 'Object Repository/HealthpostToCms/Page_HealthPost Store/button_Add' is clicked on

2018-06-01 11:42:00 - [TEST_STEP][PASSED] - selectOptionByIndex: All options with index in [2] are selected on object 'Object Repository/HealthpostToCms/Page_HealthPost Store/select_--Select--Schedule 1Inj'

2018-06-01 11:42:00 - [MESSAGE][PASSED] - All options with index in [2] are selected on object 'Object Repository/HealthpostToCms/Page_HealthPost Store/select_--Select--Schedule 1Inj'

2018-06-01 11:42:00 - [TEST_STEP][PASSED] - selectOptionByIndex: All options with index in [39] are selected on object 'Object Repository/HealthpostToCms/Page_HealthPost Store/select_--Select--Adernaline 0.'

2018-06-01 11:42:00 - [MESSAGE][PASSED] - All options with index in [39] are selected on object 'Object Repository/HealthpostToCms/Page_HealthPost Store/select_--Select--Adernaline 0.'

2018-06-01 11:42:00 - [TEST_STEP][PASSED] - setText: Text '100' is set on object 'Object Repository/HealthpostToCms/Page_HealthPost Store/input_txttreat'

2018-06-01 11:42:00 - [MESSAGE][PASSED] - Text '100' is set on object 'Object Repository/HealthpostToCms/Page_HealthPost Store/input_txttreat'

2018-06-01 11:42:00 - [TEST_STEP][PASSED] - click: Object: 'Object Repository/HealthpostToCms/Page_HealthPost Store/button_Add' is clicked on

2018-06-01 11:42:01 - [MESSAGE][PASSED] - Object: 'Object Repository/HealthpostToCms/Page_HealthPost Store/button_Add' is clicked on

2018-06-01 11:42:01 - [TEST_STEP][PASSED] - selectOptionByIndex: All options with index in [2] are selected on object 'Object Repository/HealthpostToCms/Page_HealthPost Store/select_--Select--Schedule 1Inj'

2018-06-01 11:42:01 - [MESSAGE][PASSED] - All options with index in [2] are selected on object 'Object Repository/HealthpostToCms/Page_HealthPost Store/select_--Select--Schedule 1Inj'

2018-06-01 11:42:01 - [TEST_STEP][PASSED] - selectOptionByIndex: All options with index in [40] are selected on object 'Object Repository/HealthpostToCms/Page_HealthPost Store/select_--Select--Adernaline 0.'

2018-06-01 11:42:01 - [MESSAGE][PASSED] - All options with index in [40] are selected on object 'Object Repository/HealthpostToCms/Page_HealthPost Store/select_--Select--Adernaline 0.'

2018-06-01 11:42:01 - [TEST_STEP][PASSED] - setText: Text '100' is set on object 'Object Repository/HealthpostToCms/Page_HealthPost Store/input_txttreat'

2018-06-01 11:42:01 - [MESSAGE][PASSED] - Text '100' is set on object 'Object Repository/HealthpostToCms/Page_HealthPost Store/input_txttreat'

2018-06-01 11:42:01 - [TEST_STEP][PASSED] - click: Object: 'Object Repository/HealthpostToCms/Page_HealthPost Store/button_Add' is clicked on

2018-06-01 11:42:01 - [MESSAGE][PASSED] - Object: 'Object Repository/HealthpostToCms/Page_HealthPost Store/button_Add' is clicked on

2018-06-01 11:42:01 - [TEST_STEP][PASSED] - selectOptionByIndex: All options with index in [2] are selected on object 'Object Repository/HealthpostToCms/Page_HealthPost Store/select_--Select--Schedule 1Inj'

2018-06-01 11:42:02 - [MESSAGE][PASSED] - All options with index in [2] are selected on object 'Object Repository/HealthpostToCms/Page_HealthPost Store/select_--Select--Schedule 1Inj'

2018-06-01 11:42:02 - [TEST_STEP][PASSED] - selectOptionByIndex: All options with index in [41] are selected on object 'Object Repository/HealthpostToCms/Page_HealthPost Store/select_--Select--Adernaline 0.'

2018-06-01 11:42:02 - [MESSAGE][PASSED] - All options with index in [41] are selected on object 'Object Repository/HealthpostToCms/Page_HealthPost Store/select_--Select--Adernaline 0.'

2018-06-01 11:42:02 - [TEST_STEP][PASSED] - setText: Text '100' is set on object 'Object Repository/HealthpostToCms/Page_HealthPost Store/input_txttreat'

2018-06-01 11:42:02 - [MESSAGE][PASSED] - Text '100' is set on object 'Object Repository/HealthpostToCms/Page_HealthPost Store/input_txttreat'

2018-06-01 11:42:02 - [TEST_STEP][PASSED] - click: Object: 'Object Repository/HealthpostToCms/Page_HealthPost Store/button_Add' is clicked on

2018-06-01 11:42:02 - [MESSAGE][PASSED] - Object: 'Object Repository/HealthpostToCms/Page_HealthPost Store/button_Add' is clicked on

2018-06-01 11:42:02 - [TEST_STEP][PASSED] - selectOptionByIndex: All options with index in [2] are selected on object 'Object Repository/HealthpostToCms/Page_HealthPost Store/select_--Select--Schedule 1Inj'

2018-06-01 11:42:02 - [MESSAGE][PASSED] - All options with index in [2] are selected on object 'Object Repository/HealthpostToCms/Page_HealthPost Store/select_--Select--Schedule 1Inj'

2018-06-01 11:42:02 - [TEST_STEP][PASSED] - selectOptionByIndex: All options with index in [42] are selected on object 'Object Repository/HealthpostToCms/Page_HealthPost Store/select_--Select--Adernaline 0.'

2018-06-01 11:42:03 - [MESSAGE][PASSED] - All options with index in [42] are selected on object 'Object Repository/HealthpostToCms/Page_HealthPost Store/select_--Select--Adernaline 0.'

2018-06-01 11:42:03 - [TEST_STEP][PASSED] - setText: Text '100' is set on object 'Object Repository/HealthpostToCms/Page_HealthPost Store/input_txttreat'

2018-06-01 11:42:03 - [MESSAGE][PASSED] - Text '100' is set on object 'Object Repository/HealthpostToCms/Page_HealthPost Store/input_txttreat'

2018-06-01 11:42:03 - [TEST_STEP][PASSED] - click: Object: 'Object Repository/HealthpostToCms/Page_HealthPost Store/button_Add' is clicked on

2018-06-01 11:42:03 - [MESSAGE][PASSED] - Object: 'Object Repository/HealthpostToCms/Page_HealthPost Store/button_Add' is clicked on

2018-06-01 11:42:03 - [TEST_STEP][PASSED] - selectOptionByIndex: All options with index in [2] are selected on object 'Object Repository/HealthpostToCms/Page_HealthPost Store/select_--Select--Schedule 1Inj'

2018-06-01 11:42:03 - [MESSAGE][PASSED] - All options with index in [2] are selected on object 'Object Repository/HealthpostToCms/Page_HealthPost Store/select_--Select--Schedule 1Inj'

2018-06-01 11:42:03 - [TEST_STEP][PASSED] - selectOptionByIndex: All options with index in [43] are selected on object 'Object Repository/HealthpostToCms/Page_HealthPost Store/select_--Select--Adernaline 0.'

2018-06-01 11:42:04 - [MESSAGE][PASSED] - All options with index in [43] are selected on object 'Object Repository/HealthpostToCms/Page_HealthPost Store/select_--Select--Adernaline 0.'

2018-06-01 11:42:04 - [TEST_STEP][PASSED] - setText: Text '100' is set on object 'Object Repository/HealthpostToCms/Page_HealthPost Store/input_txttreat'

2018-06-01 11:42:04 - [MESSAGE][PASSED] - Text '100' is set on object 'Object Repository/HealthpostToCms/Page_HealthPost Store/input_txttreat'

2018-06-01 11:42:04 - [TEST_STEP][PASSED] - click: Object: 'Object Repository/HealthpostToCms/Page_HealthPost Store/button_Add' is clicked on

2018-06-01 11:42:04 - [MESSAGE][PASSED] - Object: 'Object Repository/HealthpostToCms/Page_HealthPost Store/button_Add' is clicked on

2018-06-01 11:42:04 - [TEST_STEP][PASSED] - selectOptionByIndex: All options with index in [2] are selected on object 'Object Repository/HealthpostToCms/Page_HealthPost Store/select_--Select--Schedule 1Inj'

2018-06-01 11:42:04 - [MESSAGE][PASSED] - All options with index in [2] are selected on object 'Object Repository/HealthpostToCms/Page_HealthPost Store/select_--Select--Schedule 1Inj'

2018-06-01 11:42:04 - [TEST_STEP][PASSED] - selectOptionByIndex: All options with index in [44] are selected on object 'Object Repository/HealthpostToCms/Page_HealthPost Store/select_--Select--Adernaline 0.'

2018-06-01 11:42:05 - [MESSAGE][PASSED] - All options with index in [44] are selected on object 'Object Repository/HealthpostToCms/Page_HealthPost Store/select_--Select--Adernaline 0.'

2018-06-01 11:42:05 - [TEST_STEP][PASSED] - setText: Text '100' is set on object 'Object Repository/HealthpostToCms/Page_HealthPost Store/input_txttreat'

2018-06-01 11:42:05 - [MESSAGE][PASSED] - Text '100' is set on object 'Object Repository/HealthpostToCms/Page_HealthPost Store/input_txttreat'

2018-06-01 11:42:05 - [TEST_STEP][PASSED] - click: Object: 'Object Repository/HealthpostToCms/Page_HealthPost Store/button_Add' is clicked on

2018-06-01 11:42:05 - [MESSAGE][PASSED] - Object: 'Object Repository/HealthpostToCms/Page_HealthPost Store/button_Add' is clicked on

2018-06-01 11:42:05 - [TEST_STEP][PASSED] - selectOptionByIndex: All options with index in [2] are selected on object 'Object Repository/HealthpostToCms/Page_HealthPost Store/select_--Select--Schedule 1Inj'

2018-06-01 11:42:05 - [MESSAGE][PASSED] - All options with index in [2] are selected on object 'Object Repository/HealthpostToCms/Page_HealthPost Store/select_--Select--Schedule 1Inj'

2018-06-01 11:42:05 - [TEST_STEP][PASSED] - selectOptionByIndex: All options with index in [45] are selected on object 'Object Repository/HealthpostToCms/Page_HealthPost Store/select_--Select--Adernaline 0.'

2018-06-01 11:42:06 - [MESSAGE][PASSED] - All options with index in [45] are selected on object 'Object Repository/HealthpostToCms/Page_HealthPost Store/select_--Select--Adernaline 0.'

2018-06-01 11:42:06 - [TEST_STEP][PASSED] - setText: Text '100' is set on object 'Object Repository/HealthpostToCms/Page_HealthPost Store/input_txttreat'

2018-06-01 11:42:06 - [MESSAGE][PASSED] - Text '100' is set on object 'Object Repository/HealthpostToCms/Page_HealthPost Store/input_txttreat'

2018-06-01 11:42:06 - [TEST_STEP][PASSED] - click: Object: 'Object Repository/HealthpostToCms/Page_HealthPost Store/button_Add' is clicked on

2018-06-01 11:42:06 - [MESSAGE][PASSED] - Object: 'Object Repository/HealthpostToCms/Page_HealthPost Store/button_Add' is clicked on

2018-06-01 11:42:06 - [TEST_STEP][PASSED] - selectOptionByIndex: All options with index in [2] are selected on object 'Object Repository/HealthpostToCms/Page_HealthPost Store/select_--Select--Schedule 1Inj'

2018-06-01 11:42:06 - [MESSAGE][PASSED] - All options with index in [2] are selected on object 'Object Repository/HealthpostToCms/Page_HealthPost Store/select_--Select--Schedule 1Inj'

2018-06-01 11:42:06 - [TEST_STEP][PASSED] - selectOptionByIndex: All options with index in [46] are selected on object 'Object Repository/HealthpostToCms/Page_HealthPost Store/select_--Select--Adernaline 0.'

2018-06-01 11:42:07 - [MESSAGE][PASSED] - All options with index in [46] are selected on object 'Object Repository/HealthpostToCms/Page_HealthPost Store/select_--Select--Adernaline 0.'

2018-06-01 11:42:07 - [TEST_STEP][PASSED] - setText: Text '100' is set on object 'Object Repository/HealthpostToCms/Page_HealthPost Store/input_txttreat'

2018-06-01 11:42:07 - [MESSAGE][PASSED] - Text '100' is set on object 'Object Repository/HealthpostToCms/Page_HealthPost Store/input_txttreat'

2018-06-01 11:42:07 - [TEST_STEP][PASSED] - click: Object: 'Object Repository/HealthpostToCms/Page_HealthPost Store/button_Add' is clicked on

2018-06-01 11:42:07 - [MESSAGE][PASSED] - Object: 'Object Repository/HealthpostToCms/Page_HealthPost Store/button_Add' is clicked on

2018-06-01 11:42:07 - [TEST_STEP][PASSED] - selectOptionByIndex: All options with index in [2] are selected on object 'Object Repository/HealthpostToCms/Page_HealthPost Store/select_--Select--Schedule 1Inj'

2018-06-01 11:42:07 - [MESSAGE][PASSED] - All options with index in [2] are selected on object 'Object Repository/HealthpostToCms/Page_HealthPost Store/select_--Select--Schedule 1Inj'

2018-06-01 11:42:07 - [TEST_STEP][PASSED] - selectOptionByIndex: All options with index in [47] are selected on object 'Object Repository/HealthpostToCms/Page_HealthPost Store/select_--Select--Adernaline 0.'

2018-06-01 11:42:08 - [MESSAGE][PASSED] - All options with index in [47] are selected on object 'Object Repository/HealthpostToCms/Page_HealthPost Store/select_--Select--Adernaline 0.'

2018-06-01 11:42:08 - [TEST_STEP][PASSED] - setText: Text '100' is set on object 'Object Repository/HealthpostToCms/Page_HealthPost Store/input_txttreat'

2018-06-01 11:42:08 - [MESSAGE][PASSED] - Text '100' is set on object 'Object Repository/HealthpostToCms/Page_HealthPost Store/input_txttreat'

2018-06-01 11:42:08 - [TEST_STEP][PASSED] - click: Object: 'Object Repository/HealthpostToCms/Page_HealthPost Store/button_Add' is clicked on

2018-06-01 11:42:08 - [MESSAGE][PASSED] - Object: 'Object Repository/HealthpostToCms/Page_HealthPost Store/button_Add' is clicked on

2018-06-01 11:42:08 - [TEST_STEP][PASSED] - selectOptionByIndex: All options with index in [2] are selected on object 'Object Repository/HealthpostToCms/Page_HealthPost Store/select_--Select--Schedule 1Inj'

2018-06-01 11:42:08 - [MESSAGE][PASSED] - All options with index in [2] are selected on object 'Object Repository/HealthpostToCms/Page_HealthPost Store/select_--Select--Schedule 1Inj'

2018-06-01 11:42:08 - [TEST_STEP][PASSED] - selectOptionByIndex: All options with index in [48] are selected on object 'Object Repository/HealthpostToCms/Page_HealthPost Store/select_--Select--Adernaline 0.'

2018-06-01 11:42:08 - [MESSAGE][PASSED] - All options with index in [48] are selected on object 'Object Repository/HealthpostToCms/Page_HealthPost Store/select_--Select--Adernaline 0.'

2018-06-01 11:42:08 - [TEST_STEP][PASSED] - setText: Text '100' is set on object 'Object Repository/HealthpostToCms/Page_HealthPost Store/input_txttreat'

2018-06-01 11:42:09 - [MESSAGE][PASSED] - Text '100' is set on object 'Object Repository/HealthpostToCms/Page_HealthPost Store/input_txttreat'

2018-06-01 11:42:09 - [TEST_STEP][PASSED] - click: Object: 'Object Repository/HealthpostToCms/Page_HealthPost Store/button_Add' is clicked on

2018-06-01 11:42:09 - [MESSAGE][PASSED] - Object: 'Object Repository/HealthpostToCms/Page_HealthPost Store/button_Add' is clicked on

2018-06-01 11:42:09 - [TEST_STEP][PASSED] - selectOptionByIndex: All options with index in [2] are selected on object 'Object Repository/HealthpostToCms/Page_HealthPost Store/select_--Select--Schedule 1Inj'

2018-06-01 11:42:09 - [MESSAGE][PASSED] - All options with index in [2] are selected on object 'Object Repository/HealthpostToCms/Page_HealthPost Store/select_--Select--Schedule 1Inj'

2018-06-01 11:42:09 - [TEST_STEP][PASSED] - selectOptionByIndex: All options with index in [49] are selected on object 'Object Repository/HealthpostToCms/Page_HealthPost Store/select_--Select--Adernaline 0.'

2018-06-01 11:42:09 - [MESSAGE][PASSED] - All options with index in [49] are selected on object 'Object Repository/HealthpostToCms/Page_HealthPost Store/select_--Select--Adernaline 0.'

2018-06-01 11:42:09 - [TEST_STEP][PASSED] - setText: Text '100' is set on object 'Object Repository/HealthpostToCms/Page_HealthPost Store/input_txttreat'

2018-06-01 11:42:09 - [MESSAGE][PASSED] - Text '100' is set on object 'Object Repository/HealthpostToCms/Page_HealthPost Store/input_txttreat'

2018-06-01 11:42:09 - [TEST_STEP][PASSED] - click: Object: 'Object Repository/HealthpostToCms/Page_HealthPost Store/button_Add' is clicked on

2018-06-01 11:42:10 - [MESSAGE][PASSED] - Object: 'Object Repository/HealthpostToCms/Page_HealthPost Store/button_Add' is clicked on

2018-06-01 11:42:10 - [TEST_STEP][PASSED] - selectOptionByIndex: All options with index in [2] are selected on object 'Object Repository/HealthpostToCms/Page_HealthPost Store/select_--Select--Schedule 1Inj'

2018-06-01 11:42:10 - [MESSAGE][PASSED] - All options with index in [2] are selected on object 'Object Repository/HealthpostToCms/Page_HealthPost Store/select_--Select--Schedule 1Inj'

2018-06-01 11:42:10 - [TEST_STEP][PASSED] - selectOptionByIndex: All options with index in [50] are selected on object 'Object Repository/HealthpostToCms/Page_HealthPost Store/select_--Select--Adernaline 0.'

2018-06-01 11:42:10 - [MESSAGE][PASSED] - All options with index in [50] are selected on object 'Object Repository/HealthpostToCms/Page_HealthPost Store/select_--Select--Adernaline 0.'

2018-06-01 11:42:10 - [TEST_STEP][PASSED] - setText: Text '100' is set on object 'Object Repository/HealthpostToCms/Page_HealthPost Store/input_txttreat'

2018-06-01 11:42:10 - [MESSAGE][PASSED] - Text '100' is set on object 'Object Repository/HealthpostToCms/Page_HealthPost Store/input_txttreat'

2018-06-01 11:42:10 - [TEST_STEP][PASSED] - click: Object: 'Object Repository/HealthpostToCms/Page_HealthPost Store/button_Add' is clicked on

2018-06-01 11:42:10 - [MESSAGE][PASSED] - Object: 'Object Repository/HealthpostToCms/Page_HealthPost Store/button_Add' is clicked on

2018-06-01 11:42:10 - [TEST_STEP][PASSED] - selectOptionByIndex: All options with index in [2] are selected on object 'Object Repository/HealthpostToCms/Page_HealthPost Store/select_--Select--Schedule 1Inj'

2018-06-01 11:42:11 - [MESSAGE][PASSED] - All options with index in [2] are selected on object 'Object Repository/HealthpostToCms/Page_HealthPost Store/select_--Select--Schedule 1Inj'

2018-06-01 11:42:11 - [TEST_STEP][PASSED] - selectOptionByIndex: All options with index in [51] are selected on object 'Object Repository/HealthpostToCms/Page_HealthPost Store/select_--Select--Adernaline 0.'

2018-06-01 11:42:11 - [MESSAGE][PASSED] - All options with index in [51] are selected on object 'Object Repository/HealthpostToCms/Page_HealthPost Store/select_--Select--Adernaline 0.'

2018-06-01 11:42:11 - [TEST_STEP][PASSED] - setText: Text '100' is set on object 'Object Repository/HealthpostToCms/Page_HealthPost Store/input_txttreat'

2018-06-01 11:42:11 - [MESSAGE][PASSED] - Text '100' is set on object 'Object Repository/HealthpostToCms/Page_HealthPost Store/input_txttreat'

2018-06-01 11:42:11 - [TEST_STEP][PASSED] - click: Object: 'Object Repository/HealthpostToCms/Page_HealthPost Store/button_Add' is clicked on

2018-06-01 11:42:11 - [MESSAGE][PASSED] - Object: 'Object Repository/HealthpostToCms/Page_HealthPost Store/button_Add' is clicked on

2018-06-01 11:42:11 - [TEST_STEP][PASSED] - selectOptionByIndex: All options with index in [2] are selected on object 'Object Repository/HealthpostToCms/Page_HealthPost Store/select_--Select--Schedule 1Inj'

2018-06-01 11:42:12 - [MESSAGE][PASSED] - All options with index in [2] are selected on object 'Object Repository/HealthpostToCms/Page_HealthPost Store/select_--Select--Schedule 1Inj'

2018-06-01 11:42:12 - [TEST_STEP][PASSED] - selectOptionByIndex: All options with index in [52] are selected on object 'Object Repository/HealthpostToCms/Page_HealthPost Store/select_--Select--Adernaline 0.'

2018-06-01 11:42:12 - [MESSAGE][PASSED] - All options with index in [52] are selected on object 'Object Repository/HealthpostToCms/Page_HealthPost Store/select_--Select--Adernaline 0.'

2018-06-01 11:42:12 - [TEST_STEP][PASSED] - setText: Text '100' is set on object 'Object Repository/HealthpostToCms/Page_HealthPost Store/input_txttreat'

2018-06-01 11:42:12 - [MESSAGE][PASSED] - Text '100' is set on object 'Object Repository/HealthpostToCms/Page_HealthPost Store/input_txttreat'

2018-06-01 11:42:12 - [TEST_STEP][PASSED] - click: Object: 'Object Repository/HealthpostToCms/Page_HealthPost Store/button_Add' is clicked on

2018-06-01 11:42:12 - [MESSAGE][PASSED] - Object: 'Object Repository/HealthpostToCms/Page_HealthPost Store/button_Add' is clicked on

2018-06-01 11:42:12 - [TEST_STEP][PASSED] - selectOptionByIndex: All options with index in [2] are selected on object 'Object Repository/HealthpostToCms/Page_HealthPost Store/select_--Select--Schedule 1Inj'

2018-06-01 11:42:13 - [MESSAGE][PASSED] - All options with index in [2] are selected on object 'Object Repository/HealthpostToCms/Page_HealthPost Store/select_--Select--Schedule 1Inj'

2018-06-01 11:42:13 - [TEST_STEP][PASSED] - selectOptionByIndex: All options with index in [53] are selected on object 'Object Repository/HealthpostToCms/Page_HealthPost Store/select_--Select--Adernaline 0.'

2018-06-01 11:42:13 - [MESSAGE][PASSED] - All options with index in [53] are selected on object 'Object Repository/HealthpostToCms/Page_HealthPost Store/select_--Select--Adernaline 0.'

2018-06-01 11:42:13 - [TEST_STEP][PASSED] - setText: Text '100' is set on object 'Object Repository/HealthpostToCms/Page_HealthPost Store/input_txttreat'

2018-06-01 11:42:13 - [MESSAGE][PASSED] - Text '100' is set on object 'Object Repository/HealthpostToCms/Page_HealthPost Store/input_txttreat'

2018-06-01 11:42:13 - [TEST_STEP][PASSED] - click: Object: 'Object Repository/HealthpostToCms/Page_HealthPost Store/button_Add' is clicked on

2018-06-01 11:42:13 - [MESSAGE][PASSED] - Object: 'Object Repository/HealthpostToCms/Page_HealthPost Store/button_Add' is clicked on

2018-06-01 11:42:13 - [TEST_STEP][PASSED] - selectOptionByIndex: All options with index in [2] are selected on object 'Object Repository/HealthpostToCms/Page_HealthPost Store/select_--Select--Schedule 1Inj'

2018-06-01 11:42:14 - [MESSAGE][PASSED] - All options with index in [2] are selected on object 'Object Repository/HealthpostToCms/Page_HealthPost Store/select_--Select--Schedule 1Inj'

2018-06-01 11:42:14 - [TEST_STEP][PASSED] - selectOptionByIndex: All options with index in [54] are selected on object 'Object Repository/HealthpostToCms/Page_HealthPost Store/select_--Select--Adernaline 0.'

2018-06-01 11:42:14 - [MESSAGE][PASSED] - All options with index in [54] are selected on object 'Object Repository/HealthpostToCms/Page_HealthPost Store/select_--Select--Adernaline 0.'

2018-06-01 11:42:14 - [TEST_STEP][PASSED] - setText: Text '100' is set on object 'Object Repository/HealthpostToCms/Page_HealthPost Store/input_txttreat'

2018-06-01 11:42:14 - [MESSAGE][PASSED] - Text '100' is set on object 'Object Repository/HealthpostToCms/Page_HealthPost Store/input_txttreat'

2018-06-01 11:42:14 - [TEST_STEP][PASSED] - click: Object: 'Object Repository/HealthpostToCms/Page_HealthPost Store/button_Add' is clicked on

2018-06-01 11:42:14 - [MESSAGE][PASSED] - Object: 'Object Repository/HealthpostToCms/Page_HealthPost Store/button_Add' is clicked on

2018-06-01 11:42:14 - [TEST_STEP][PASSED] - selectOptionByIndex: All options with index in [2] are selected on object 'Object Repository/HealthpostToCms/Page_HealthPost Store/select_--Select--Schedule 1Inj'

2018-06-01 11:42:15 - [MESSAGE][PASSED] - All options with index in [2] are selected on object 'Object Repository/HealthpostToCms/Page_HealthPost Store/select_--Select--Schedule 1Inj'

2018-06-01 11:42:15 - [TEST_STEP][PASSED] - selectOptionByIndex: All options with index in [55] are selected on object 'Object Repository/HealthpostToCms/Page_HealthPost Store/select_--Select--Adernaline 0.'

2018-06-01 11:42:15 - [MESSAGE][PASSED] - All options with index in [55] are selected on object 'Object Repository/HealthpostToCms/Page_HealthPost Store/select_--Select--Adernaline 0.'

2018-06-01 11:42:15 - [TEST_STEP][PASSED] - setText: Text '100' is set on object 'Object Repository/HealthpostToCms/Page_HealthPost Store/input_txttreat'

2018-06-01 11:42:15 - [MESSAGE][PASSED] - Text '100' is set on object 'Object Repository/HealthpostToCms/Page_HealthPost Store/input_txttreat'

2018-06-01 11:42:15 - [TEST_STEP][PASSED] - click: Object: 'Object Repository/HealthpostToCms/Page_HealthPost Store/button_Add' is clicked on

2018-06-01 11:42:15 - [MESSAGE][PASSED] - Object: 'Object Repository/HealthpostToCms/Page_HealthPost Store/button_Add' is clicked on

2018-06-01 11:42:15 - [TEST_STEP][PASSED] - selectOptionByIndex: All options with index in [2] are selected on object 'Object Repository/HealthpostToCms/Page_HealthPost Store/select_--Select--Schedule 1Inj'

2018-06-01 11:42:16 - [MESSAGE][PASSED] - All options with index in [2] are selected on object 'Object Repository/HealthpostToCms/Page_HealthPost Store/select_--Select--Schedule 1Inj'

2018-06-01 11:42:16 - [TEST_STEP][PASSED] - selectOptionByIndex: All options with index in [56] are selected on object 'Object Repository/HealthpostToCms/Page_HealthPost Store/select_--Select--Adernaline 0.'

2018-06-01 11:42:16 - [MESSAGE][PASSED] - All options with index in [56] are selected on object 'Object Repository/HealthpostToCms/Page_HealthPost Store/select_--Select--Adernaline 0.'

2018-06-01 11:42:16 - [TEST_STEP][PASSED] - setText: Text '100' is set on object 'Object Repository/HealthpostToCms/Page_HealthPost Store/input_txttreat'

2018-06-01 11:42:16 - [MESSAGE][PASSED] - Text '100' is set on object 'Object Repository/HealthpostToCms/Page_HealthPost Store/input_txttreat'

2018-06-01 11:42:16 - [TEST_STEP][PASSED] - click: Object: 'Object Repository/HealthpostToCms/Page_HealthPost Store/button_Add' is clicked on

2018-06-01 11:42:16 - [MESSAGE][PASSED] - Object: 'Object Repository/HealthpostToCms/Page_HealthPost Store/button_Add' is clicked on

2018-06-01 11:42:16 - [TEST_STEP][PASSED] - selectOptionByIndex: All options with index in [2] are selected on object 'Object Repository/HealthpostToCms/Page_HealthPost Store/select_--Select--Schedule 1Inj'

2018-06-01 11:42:17 - [MESSAGE][PASSED] - All options with index in [2] are selected on object 'Object Repository/HealthpostToCms/Page_HealthPost Store/select_--Select--Schedule 1Inj'

2018-06-01 11:42:17 - [TEST_STEP][PASSED] - selectOptionByIndex: All options with index in [57] are selected on object 'Object Repository/HealthpostToCms/Page_HealthPost Store/select_--Select--Adernaline 0.'

2018-06-01 11:42:17 - [MESSAGE][PASSED] - All options with index in [57] are selected on object 'Object Repository/HealthpostToCms/Page_HealthPost Store/select_--Select--Adernaline 0.'

2018-06-01 11:42:17 - [TEST_STEP][PASSED] - setText: Text '100' is set on object 'Object Repository/HealthpostToCms/Page_HealthPost Store/input_txttreat'

2018-06-01 11:42:17 - [MESSAGE][PASSED] - Text '100' is set on object 'Object Repository/HealthpostToCms/Page_HealthPost Store/input_txttreat'

2018-06-01 11:42:17 - [TEST_STEP][PASSED] - click: Object: 'Object Repository/HealthpostToCms/Page_HealthPost Store/button_Add' is clicked on

2018-06-01 11:42:17 - [MESSAGE][PASSED] - Object: 'Object Repository/HealthpostToCms/Page_HealthPost Store/button_Add' is clicked on

2018-06-01 11:42:17 - [TEST_STEP][PASSED] - selectOptionByIndex: All options with index in [2] are selected on object 'Object Repository/HealthpostToCms/Page_HealthPost Store/select_--Select--Schedule 1Inj'

2018-06-01 11:42:18 - [MESSAGE][PASSED] - All options with index in [2] are selected on object 'Object Repository/HealthpostToCms/Page_HealthPost Store/select_--Select--Schedule 1Inj'

2018-06-01 11:42:18 - [TEST_STEP][PASSED] - selectOptionByIndex: All options with index in [58] are selected on object 'Object Repository/HealthpostToCms/Page_HealthPost Store/select_--Select--Adernaline 0.'

2018-06-01 11:42:18 - [MESSAGE][PASSED] - All options with index in [58] are selected on object 'Object Repository/HealthpostToCms/Page_HealthPost Store/select_--Select--Adernaline 0.'

2018-06-01 11:42:18 - [TEST_STEP][PASSED] - setText: Text '100' is set on object 'Object Repository/HealthpostToCms/Page_HealthPost Store/input_txttreat'

2018-06-01 11:42:18 - [MESSAGE][PASSED] - Text '100' is set on object 'Object Repository/HealthpostToCms/Page_HealthPost Store/input_txttreat'

2018-06-01 11:42:18 - [TEST_STEP][PASSED] - click: Object: 'Object Repository/HealthpostToCms/Page_HealthPost Store/button_Add' is clicked on

2018-06-01 11:42:18 - [MESSAGE][PASSED] - Object: 'Object Repository/HealthpostToCms/Page_HealthPost Store/button_Add' is clicked on

2018-06-01 11:42:18 - [TEST_STEP][PASSED] - selectOptionByIndex: All options with index in [2] are selected on object 'Object Repository/HealthpostToCms/Page_HealthPost Store/select_--Select--Schedule 1Inj'

2018-06-01 11:42:19 - [MESSAGE][PASSED] - All options with index in [2] are selected on object 'Object Repository/HealthpostToCms/Page_HealthPost Store/select_--Select--Schedule 1Inj'

2018-06-01 11:42:19 - [TEST_STEP][PASSED] - selectOptionByIndex: All options with index in [59] are selected on object 'Object Repository/HealthpostToCms/Page_HealthPost Store/select_--Select--Adernaline 0.'

2018-06-01 11:42:19 - [MESSAGE][PASSED] - All options with index in [59] are selected on object 'Object Repository/HealthpostToCms/Page_HealthPost Store/select_--Select--Adernaline 0.'

2018-06-01 11:42:19 - [TEST_STEP][PASSED] - setText: Text '100' is set on object 'Object Repository/HealthpostToCms/Page_HealthPost Store/input_txttreat'

2018-06-01 11:42:19 - [MESSAGE][PASSED] - Text '100' is set on object 'Object Repository/HealthpostToCms/Page_HealthPost Store/input_txttreat'

2018-06-01 11:42:19 - [TEST_STEP][PASSED] - click: Object: 'Object Repository/HealthpostToCms/Page_HealthPost Store/button_Add' is clicked on

2018-06-01 11:42:19 - [MESSAGE][PASSED] - Object: 'Object Repository/HealthpostToCms/Page_HealthPost Store/button_Add' is clicked on

2018-06-01 11:42:19 - [TEST_STEP][PASSED] - selectOptionByIndex: All options with index in [2] are selected on object 'Object Repository/HealthpostToCms/Page_HealthPost Store/select_--Select--Schedule 1Inj'

2018-06-01 11:42:20 - [MESSAGE][PASSED] - All options with index in [2] are selected on object 'Object Repository/HealthpostToCms/Page_HealthPost Store/select_--Select--Schedule 1Inj'

2018-06-01 11:42:20 - [TEST_STEP][PASSED] - selectOptionByIndex: All options with index in [60] are selected on object 'Object Repository/HealthpostToCms/Page_HealthPost Store/select_--Select--Adernaline 0.'

2018-06-01 11:42:20 - [MESSAGE][PASSED] - All options with index in [60] are selected on object 'Object Repository/HealthpostToCms/Page_HealthPost Store/select_--Select--Adernaline 0.'

2018-06-01 11:42:20 - [TEST_STEP][PASSED] - setText: Text '100' is set on object 'Object Repository/HealthpostToCms/Page_HealthPost Store/input_txttreat'

2018-06-01 11:42:20 - [MESSAGE][PASSED] - Text '100' is set on object 'Object Repository/HealthpostToCms/Page_HealthPost Store/input_txttreat'

2018-06-01 11:42:20 - [TEST_STEP][PASSED] - click: Object: 'Object Repository/HealthpostToCms/Page_HealthPost Store/button_Add' is clicked on

2018-06-01 11:42:20 - [MESSAGE][PASSED] - Object: 'Object Repository/HealthpostToCms/Page_HealthPost Store/button_Add' is clicked on

2018-06-01 11:42:20 - [TEST_STEP][PASSED] - selectOptionByIndex: All options with index in [2] are selected on object 'Object Repository/HealthpostToCms/Page_HealthPost Store/select_--Select--Schedule 1Inj'

2018-06-01 11:42:21 - [MESSAGE][PASSED] - All options with index in [2] are selected on object 'Object Repository/HealthpostToCms/Page_HealthPost Store/select_--Select--Schedule 1Inj'

2018-06-01 11:42:21 - [TEST_STEP][PASSED] - selectOptionByIndex: All options with index in [61] are selected on object 'Object Repository/HealthpostToCms/Page_HealthPost Store/select_--Select--Adernaline 0.'

2018-06-01 11:42:21 - [MESSAGE][PASSED] - All options with index in [61] are selected on object 'Object Repository/HealthpostToCms/Page_HealthPost Store/select_--Select--Adernaline 0.'

2018-06-01 11:42:21 - [TEST_STEP][PASSED] - setText: Text '100' is set on object 'Object Repository/HealthpostToCms/Page_HealthPost Store/input_txttreat'

2018-06-01 11:42:21 - [MESSAGE][PASSED] - Text '100' is set on object 'Object Repository/HealthpostToCms/Page_HealthPost Store/input_txttreat'

2018-06-01 11:42:21 - [TEST_STEP][PASSED] - click: Object: 'Object Repository/HealthpostToCms/Page_HealthPost Store/button_Add' is clicked on

2018-06-01 11:42:22 - [MESSAGE][PASSED] - Object: 'Object Repository/HealthpostToCms/Page_HealthPost Store/button_Add' is clicked on

2018-06-01 11:42:22 - [TEST_STEP][PASSED] - selectOptionByIndex: All options with index in [2] are selected on object 'Object Repository/HealthpostToCms/Page_HealthPost Store/select_--Select--Schedule 1Inj'

2018-06-01 11:42:22 - [MESSAGE][PASSED] - All options with index in [2] are selected on object 'Object Repository/HealthpostToCms/Page_HealthPost Store/select_--Select--Schedule 1Inj'

2018-06-01 11:42:22 - [TEST_STEP][PASSED] - selectOptionByIndex: All options with index in [62] are selected on object 'Object Repository/HealthpostToCms/Page_HealthPost Store/select_--Select--Adernaline 0.'

2018-06-01 11:42:22 - [MESSAGE][PASSED] - All options with index in [62] are selected on object 'Object Repository/HealthpostToCms/Page_HealthPost Store/select_--Select--Adernaline 0.'

2018-06-01 11:42:22 - [TEST_STEP][PASSED] - setText: Text '100' is set on object 'Object Repository/HealthpostToCms/Page_HealthPost Store/input_txttreat'

2018-06-01 11:42:23 - [MESSAGE][PASSED] - Text '100' is set on object 'Object Repository/HealthpostToCms/Page_HealthPost Store/input_txttreat'

2018-06-01 11:42:23 - [TEST_STEP][PASSED] - click: Object: 'Object Repository/HealthpostToCms/Page_HealthPost Store/button_Add' is clicked on

2018-06-01 11:42:23 - [MESSAGE][PASSED] - Object: 'Object Repository/HealthpostToCms/Page_HealthPost Store/button_Add' is clicked on

2018-06-01 11:42:23 - [TEST_STEP][PASSED] - selectOptionByIndex: All options with index in [2] are selected on object 'Object Repository/HealthpostToCms/Page_HealthPost Store/select_--Select--Schedule 1Inj'

2018-06-01 11:42:23 - [MESSAGE][PASSED] - All options with index in [2] are selected on object 'Object Repository/HealthpostToCms/Page_HealthPost Store/select_--Select--Schedule 1Inj'

2018-06-01 11:42:23 - [TEST_STEP][PASSED] - selectOptionByIndex: All options with index in [63] are selected on object 'Object Repository/HealthpostToCms/Page_HealthPost Store/select_--Select--Adernaline 0.'

2018-06-01 11:42:24 - [MESSAGE][PASSED] - All options with index in [63] are selected on object 'Object Repository/HealthpostToCms/Page_HealthPost Store/select_--Select--Adernaline 0.'

2018-06-01 11:42:24 - [TEST_STEP][PASSED] - setText: Text '100' is set on object 'Object Repository/HealthpostToCms/Page_HealthPost Store/input_txttreat'

2018-06-01 11:42:24 - [MESSAGE][PASSED] - Text '100' is set on object 'Object Repository/HealthpostToCms/Page_HealthPost Store/input_txttreat'

2018-06-01 11:42:24 - [TEST_STEP][PASSED] - click: Object: 'Object Repository/HealthpostToCms/Page_HealthPost Store/button_Add' is clicked on

2018-06-01 11:42:24 - [MESSAGE][PASSED] - Object: 'Object Repository/HealthpostToCms/Page_HealthPost Store/button_Add' is clicked on

2018-06-01 11:42:24 - [TEST_STEP][PASSED] - selectOptionByIndex: All options with index in [2] are selected on object 'Object Repository/HealthpostToCms/Page_HealthPost Store/select_--Select--Schedule 1Inj'

2018-06-01 11:42:24 - [MESSAGE][PASSED] - All options with index in [2] are selected on object 'Object Repository/HealthpostToCms/Page_HealthPost Store/select_--Select--Schedule 1Inj'

2018-06-01 11:42:24 - [TEST_STEP][PASSED] - selectOptionByIndex: All options with index in [64] are selected on object 'Object Repository/HealthpostToCms/Page_HealthPost Store/select_--Select--Adernaline 0.'

2018-06-01 11:42:25 - [MESSAGE][PASSED] - All options with index in [64] are selected on object 'Object Repository/HealthpostToCms/Page_HealthPost Store/select_--Select--Adernaline 0.'

2018-06-01 11:42:25 - [TEST_STEP][PASSED] - setText: Text '100' is set on object 'Object Repository/HealthpostToCms/Page_HealthPost Store/input_txttreat'

2018-06-01 11:42:25 - [MESSAGE][PASSED] - Text '100' is set on object 'Object Repository/HealthpostToCms/Page_HealthPost Store/input_txttreat'

2018-06-01 11:42:25 - [TEST_STEP][PASSED] - click: Object: 'Object Repository/HealthpostToCms/Page_HealthPost Store/button_Add' is clicked on

2018-06-01 11:42:25 - [MESSAGE][PASSED] - Object: 'Object Repository/HealthpostToCms/Page_HealthPost Store/button_Add' is clicked on

2018-06-01 11:42:25 - [TEST_STEP][PASSED] - selectOptionByIndex: All options with index in [2] are selected on object 'Object Repository/HealthpostToCms/Page_HealthPost Store/select_--Select--Schedule 1Inj'

2018-06-01 11:42:25 - [MESSAGE][PASSED] - All options with index in [2] are selected on object 'Object Repository/HealthpostToCms/Page_HealthPost Store/select_--Select--Schedule 1Inj'

2018-06-01 11:42:25 - [TEST_STEP][PASSED] - selectOptionByIndex: All options with index in [65] are selected on object 'Object Repository/HealthpostToCms/Page_HealthPost Store/select_--Select--Adernaline 0.'

2018-06-01 11:42:26 - [MESSAGE][PASSED] - All options with index in [65] are selected on object 'Object Repository/HealthpostToCms/Page_HealthPost Store/select_--Select--Adernaline 0.'

2018-06-01 11:42:26 - [TEST_STEP][PASSED] - setText: Text '100' is set on object 'Object Repository/HealthpostToCms/Page_HealthPost Store/input_txttreat'

2018-06-01 11:42:26 - [MESSAGE][PASSED] - Text '100' is set on object 'Object Repository/HealthpostToCms/Page_HealthPost Store/input_txttreat'

2018-06-01 11:42:26 - [TEST_STEP][PASSED] - click: Object: 'Object Repository/HealthpostToCms/Page_HealthPost Store/button_Add' is clicked on

2018-06-01 11:42:26 - [MESSAGE][PASSED] - Object: 'Object Repository/HealthpostToCms/Page_HealthPost Store/button_Add' is clicked on

2018-06-01 11:42:26 - [TEST_STEP][PASSED] - selectOptionByIndex: All options with index in [2] are selected on object 'Object Repository/HealthpostToCms/Page_HealthPost Store/select_--Select--Schedule 1Inj'

2018-06-01 11:42:26 - [MESSAGE][PASSED] - All options with index in [2] are selected on object 'Object Repository/HealthpostToCms/Page_HealthPost Store/select_--Select--Schedule 1Inj'

2018-06-01 11:42:26 - [TEST_STEP][PASSED] - selectOptionByIndex: All options with index in [66] are selected on object 'Object Repository/HealthpostToCms/Page_HealthPost Store/select_--Select--Adernaline 0.'

2018-06-01 11:42:27 - [MESSAGE][PASSED] - All options with index in [66] are selected on object 'Object Repository/HealthpostToCms/Page_HealthPost Store/select_--Select--Adernaline 0.'

2018-06-01 11:42:27 - [TEST_STEP][PASSED] - setText: Text '100' is set on object 'Object Repository/HealthpostToCms/Page_HealthPost Store/input_txttreat'

2018-06-01 11:42:27 - [MESSAGE][PASSED] - Text '100' is set on object 'Object Repository/HealthpostToCms/Page_HealthPost Store/input_txttreat'

2018-06-01 11:42:27 - [TEST_STEP][PASSED] - click: Object: 'Object Repository/HealthpostToCms/Page_HealthPost Store/button_Add' is clicked on

2018-06-01 11:42:27 - [MESSAGE][PASSED] - Object: 'Object Repository/HealthpostToCms/Page_HealthPost Store/button_Add' is clicked on

2018-06-01 11:42:27 - [TEST_STEP][PASSED] - selectOptionByIndex: All options with index in [2] are selected on object 'Object Repository/HealthpostToCms/Page_HealthPost Store/select_--Select--Schedule 1Inj'

2018-06-01 11:42:27 - [MESSAGE][PASSED] - All options with index in [2] are selected on object 'Object Repository/HealthpostToCms/Page_HealthPost Store/select_--Select--Schedule 1Inj'

2018-06-01 11:42:27 - [TEST_STEP][PASSED] - selectOptionByIndex: All options with index in [67] are selected on object 'Object Repository/HealthpostToCms/Page_HealthPost Store/select_--Select--Adernaline 0.'

2018-06-01 11:42:28 - [MESSAGE][PASSED] - All options with index in [67] are selected on object 'Object Repository/HealthpostToCms/Page_HealthPost Store/select_--Select--Adernaline 0.'

2018-06-01 11:42:28 - [TEST_STEP][PASSED] - setText: Text '100' is set on object 'Object Repository/HealthpostToCms/Page_HealthPost Store/input_txttreat'

2018-06-01 11:42:28 - [MESSAGE][PASSED] - Text '100' is set on object 'Object Repository/HealthpostToCms/Page_HealthPost Store/input_txttreat'

2018-06-01 11:42:28 - [TEST_STEP][PASSED] - click: Object: 'Object Repository/HealthpostToCms/Page_HealthPost Store/button_Add' is clicked on

2018-06-01 11:42:28 - [MESSAGE][PASSED] - Object: 'Object Repository/HealthpostToCms/Page_HealthPost Store/button_Add' is clicked on

2018-06-01 11:42:28 - [TEST_STEP][PASSED] - selectOptionByIndex: All options with index in [2] are selected on object 'Object Repository/HealthpostToCms/Page_HealthPost Store/select_--Select--Schedule 1Inj'

2018-06-01 11:42:28 - [MESSAGE][PASSED] - All options with index in [2] are selected on object 'Object Repository/HealthpostToCms/Page_HealthPost Store/select_--Select--Schedule 1Inj'

2018-06-01 11:42:28 - [TEST_STEP][PASSED] - selectOptionByIndex: All options with index in [68] are selected on object 'Object Repository/HealthpostToCms/Page_HealthPost Store/select_--Select--Adernaline 0.'

2018-06-01 11:42:29 - [MESSAGE][PASSED] - All options with index in [68] are selected on object 'Object Repository/HealthpostToCms/Page_HealthPost Store/select_--Select--Adernaline 0.'

2018-06-01 11:42:29 - [TEST_STEP][PASSED] - setText: Text '100' is set on object 'Object Repository/HealthpostToCms/Page_HealthPost Store/input_txttreat'

2018-06-01 11:42:29 - [MESSAGE][PASSED] - Text '100' is set on object 'Object Repository/HealthpostToCms/Page_HealthPost Store/input_txttreat'

2018-06-01 11:42:29 - [TEST_STEP][PASSED] - click: Object: 'Object Repository/HealthpostToCms/Page_HealthPost Store/button_Add' is clicked on

2018-06-01 11:42:29 - [MESSAGE][PASSED] - Object: 'Object Repository/HealthpostToCms/Page_HealthPost Store/button_Add' is clicked on

2018-06-01 11:42:29 - [TEST_STEP][PASSED] - selectOptionByIndex: All options with index in [2] are selected on object 'Object Repository/HealthpostToCms/Page_HealthPost Store/select_--Select--Schedule 1Inj'

2018-06-01 11:42:30 - [MESSAGE][PASSED] - All options with index in [2] are selected on object 'Object Repository/HealthpostToCms/Page_HealthPost Store/select_--Select--Schedule 1Inj'

2018-06-01 11:42:30 - [TEST_STEP][PASSED] - selectOptionByIndex: All options with index in [69] are selected on object 'Object Repository/HealthpostToCms/Page_HealthPost Store/select_--Select--Adernaline 0.'

2018-06-01 11:42:30 - [MESSAGE][PASSED] - All options with index in [69] are selected on object 'Object Repository/HealthpostToCms/Page_HealthPost Store/select_--Select--Adernaline 0.'

2018-06-01 11:42:30 - [TEST_STEP][PASSED] - setText: Text '100' is set on object 'Object Repository/HealthpostToCms/Page_HealthPost Store/input_txttreat'

2018-06-01 11:42:31 - [MESSAGE][PASSED] - Text '100' is set on object 'Object Repository/HealthpostToCms/Page_HealthPost Store/input_txttreat'

2018-06-01 11:42:31 - [TEST_STEP][PASSED] - click: Object: 'Object Repository/HealthpostToCms/Page_HealthPost Store/button_Add' is clicked on

2018-06-01 11:42:31 - [MESSAGE][PASSED] - Object: 'Object Repository/HealthpostToCms/Page_HealthPost Store/button_Add' is clicked on

2018-06-01 11:42:31 - [TEST_STEP][PASSED] - selectOptionByIndex: All options with index in [2] are selected on object 'Object Repository/HealthpostToCms/Page_HealthPost Store/select_--Select--Schedule 1Inj'

2018-06-01 11:42:31 - [MESSAGE][PASSED] - All options with index in [2] are selected on object 'Object Repository/HealthpostToCms/Page_HealthPost Store/select_--Select--Schedule 1Inj'

2018-06-01 11:42:31 - [TEST_STEP][PASSED] - selectOptionByIndex: All options with index in [70] are selected on object 'Object Repository/HealthpostToCms/Page_HealthPost Store/select_--Select--Adernaline 0.'

2018-06-01 11:42:32 - [MESSAGE][PASSED] - All options with index in [70] are selected on object 'Object Repository/HealthpostToCms/Page_HealthPost Store/select_--Select--Adernaline 0.'

2018-06-01 11:42:32 - [TEST_STEP][PASSED] - setText: Text '100' is set on object 'Object Repository/HealthpostToCms/Page_HealthPost Store/input_txttreat'

2018-06-01 11:42:32 - [MESSAGE][PASSED] - Text '100' is set on object 'Object Repository/HealthpostToCms/Page_HealthPost Store/input_txttreat'

2018-06-01 11:42:32 - [TEST_STEP][PASSED] - click: Object: 'Object Repository/HealthpostToCms/Page_HealthPost Store/button_Add' is clicked on

2018-06-01 11:42:32 - [MESSAGE][PASSED] - Object: 'Object Repository/HealthpostToCms/Page_HealthPost Store/button_Add' is clicked on

2018-06-01 11:42:32 - [TEST_STEP][PASSED] - selectOptionByIndex: All options with index in [2] are selected on object 'Object Repository/HealthpostToCms/Page_HealthPost Store/select_--Select--Schedule 1Inj'

2018-06-01 11:42:32 - [MESSAGE][PASSED] - All options with index in [2] are selected on object 'Object Repository/HealthpostToCms/Page_HealthPost Store/select_--Select--Schedule 1Inj'

2018-06-01 11:42:32 - [TEST_STEP][PASSED] - selectOptionByIndex: All options with index in [71] are selected on object 'Object Repository/HealthpostToCms/Page_HealthPost Store/select_--Select--Adernaline 0.'

2018-06-01 11:42:33 - [MESSAGE][PASSED] - All options with index in [71] are selected on object 'Object Repository/HealthpostToCms/Page_HealthPost Store/select_--Select--Adernaline 0.'

2018-06-01 11:42:33 - [TEST_STEP][PASSED] - setText: Text '100' is set on object 'Object Repository/HealthpostToCms/Page_HealthPost Store/input_txttreat'

2018-06-01 11:42:33 - [MESSAGE][PASSED] - Text '100' is set on object 'Object Repository/HealthpostToCms/Page_HealthPost Store/input_txttreat'

2018-06-01 11:42:33 - [TEST_STEP][PASSED] - click: Object: 'Object Repository/HealthpostToCms/Page_HealthPost Store/button_Add' is clicked on

2018-06-01 11:42:33 - [MESSAGE][PASSED] - Object: 'Object Repository/HealthpostToCms/Page_HealthPost Store/button_Add' is clicked on

2018-06-01 11:42:33 - [TEST_STEP][PASSED] - selectOptionByIndex: All options with index in [2] are selected on object 'Object Repository/HealthpostToCms/Page_HealthPost Store/select_--Select--Schedule 1Inj'

2018-06-01 11:42:33 - [MESSAGE][PASSED] - All options with index in [2] are selected on object 'Object Repository/HealthpostToCms/Page_HealthPost Store/select_--Select--Schedule 1Inj'

2018-06-01 11:42:33 - [TEST_STEP][PASSED] - selectOptionByIndex: All options with index in [72] are selected on object 'Object Repository/HealthpostToCms/Page_HealthPost Store/select_--Select--Adernaline 0.'

2018-06-01 11:42:34 - [MESSAGE][PASSED] - All options with index in [72] are selected on object 'Object Repository/HealthpostToCms/Page_HealthPost Store/select_--Select--Adernaline 0.'

2018-06-01 11:42:34 - [TEST_STEP][PASSED] - setText: Text '100' is set on object 'Object Repository/HealthpostToCms/Page_HealthPost Store/input_txttreat'

2018-06-01 11:42:34 - [MESSAGE][PASSED] - Text '100' is set on object 'Object Repository/HealthpostToCms/Page_HealthPost Store/input_txttreat'

2018-06-01 11:42:34 - [TEST_STEP][PASSED] - click: Object: 'Object Repository/HealthpostToCms/Page_HealthPost Store/button_Add' is clicked on

2018-06-01 11:42:34 - [MESSAGE][PASSED] - Object: 'Object Repository/HealthpostToCms/Page_HealthPost Store/button_Add' is clicked on

2018-06-01 11:42:34 - [TEST_STEP][PASSED] - scrollToElement: Scroll to object 'Object Repository/HealthpostToCms/Page_HealthPost Store/input_btnsave' successfully

2018-06-01 11:42:34 - [MESSAGE][PASSED] - Scroll to object 'Object Repository/HealthpostToCms/Page_HealthPost Store/input_btnsave' successfully

2018-06-01 11:42:34 - [TEST_STEP][PASSED] - click: Object: 'Object Repository/HealthpostToCms/Page_HealthPost Store/input_btnsave' is clicked on

2018-06-01 11:42:34 - [MESSAGE][PASSED] - Object: 'Object Repository/HealthpostToCms/Page_HealthPost Store/input_btnsave' is clicked on

2018-06-01 11:42:34 - [TEST_STEP][PASSED] - delay: Delayed 3 second(s)

2018-06-01 11:42:37 - [MESSAGE][PASSED] - Delayed 3 second(s)

2018-06-01 11:42:37 - [TEST_STEP][PASSED] - Statement - RN1 = com.kms.katalon.core.webui.keyword.WebUiBuiltInKeywords.getText(com.kms.katalon.core.testobject.ObjectRepository.findTestObject(HealthpostToCms/Page_HealthPost Store/font_PRNO18052018174)): Text of object 'Object Repository/HealthpostToCms/Page_HealthPost Store/font_PRNO18052018174' is: 'PRNO/01062018/537'

2018-06-01 11:42:37 - [MESSAGE][PASSED] - Text of object 'Object Repository/HealthpostToCms/Page_HealthPost Store/font_PRNO18052018174' is: 'PRNO/01062018/537'

2018-06-01 11:42:37 - [TEST_STEP][PASSED] - Statement - out.println(RN1): null

2018-06-01 11:42:37 - [TEST_STEP][PASSED] - Statement - RID = RN1.split("/")[2]: null

2018-06-01 11:42:37 - [TEST_STEP][PASSED] - click: Object: 'Object Repository/HealthpostToCms/Page_HealthPost Store/button_OK' is clicked on

2018-06-01 11:42:38 - [MESSAGE][PASSED] - Object: 'Object Repository/HealthpostToCms/Page_HealthPost Store/button_OK' is clicked on

2018-06-01 11:42:38 - [TEST_STEP][PASSED] - delay: Delayed 3 second(s)

2018-06-01 11:42:41 - [MESSAGE][PASSED] - Delayed 3 second(s)

2018-06-01 11:42:41 - [TEST_STEP][PASSED] - click: Object: 'Object Repository/HealthpostToCms/Page_HealthPost Store/a_dropdown-toggle' is clicked on

2018-06-01 11:42:41 - [MESSAGE][PASSED] - Object: 'Object Repository/HealthpostToCms/Page_HealthPost Store/a_dropdown-toggle' is clicked on

2018-06-01 11:42:41 - [TEST_STEP][PASSED] - click: Object: 'Object Repository/HealthpostToCms/Page_HealthPost Store/a_Sign out' is clicked on

2018-06-01 11:42:41 - [MESSAGE][PASSED] - Object: 'Object Repository/HealthpostToCms/Page_HealthPost Store/a_Sign out' is clicked on

2018-06-01 11:42:41 - [TEST_STEP][PASSED] - delay: Delayed 3 second(s)

2018-06-01 11:42:44 - [MESSAGE][PASSED] - Delayed 3 second(s)

2018-06-01 11:42:44 - [TEST_STEP][PASSED] - navigateToUrl: Navigate to 'http://192.168.137.1/multihospital_new/' successfully

2018-06-01 11:42:45 - [MESSAGE][PASSED] - Navigate to 'http://192.168.137.1/multihospital_new/' successfully

2018-06-01 11:42:45 - [TEST_STEP][PASSED] - click: Object: 'Object Repository/HealthpostToCms/Page_KDMC/a_CMO' is clicked on

2018-06-01 11:42:45 - [MESSAGE][PASSED] - Object: 'Object Repository/HealthpostToCms/Page_KDMC/a_CMO' is clicked on

2018-06-01 11:42:45 - [TEST_STEP][PASSED] - setText: Text 'guru' is set on object 'Object Repository/HealthpostToCms/Page_CMO login/input_txtusername'

2018-06-01 11:42:45 - [MESSAGE][PASSED] - Text 'guru' is set on object 'Object Repository/HealthpostToCms/Page_CMO login/input_txtusername'

2018-06-01 11:42:45 - [TEST_STEP][PASSED] - setText: Text '123' is set on object 'Object Repository/HealthpostToCms/Page_CMO login/input_txtpassword'

2018-06-01 11:42:46 - [MESSAGE][PASSED] - Text '123' is set on object 'Object Repository/HealthpostToCms/Page_CMO login/input_txtpassword'

2018-06-01 11:42:46 - [TEST_STEP][PASSED] - delay: Delayed 3 second(s)

2018-06-01 11:42:49 - [MESSAGE][PASSED] - Delayed 3 second(s)

2018-06-01 11:42:49 - [TEST_STEP][PASSED] - click: Object: 'Object Repository/HealthpostToCms/Page_CMO login/button_Sign in' is clicked on

2018-06-01 11:42:49 - [MESSAGE][PASSED] - Object: 'Object Repository/HealthpostToCms/Page_CMO login/button_Sign in' is clicked on

2018-06-01 11:42:49 - [TEST_STEP][PASSED] - delay: Delayed 3 second(s)

2018-06-01 11:42:52 - [MESSAGE][PASSED] - Delayed 3 second(s)

2018-06-01 11:42:52 - [TEST_STEP][PASSED] - click: Object: 'Object Repository/HealthpostToCms/Page_KDMC - CMO/a_CMS Request' is clicked on

2018-06-01 11:42:53 - [MESSAGE][PASSED] - Object: 'Object Repository/HealthpostToCms/Page_KDMC - CMO/a_CMS Request' is clicked on

2018-06-01 11:42:53 - [TEST_STEP][PASSED] - delay: Delayed 2 second(s)

2018-06-01 11:42:55 - [MESSAGE][PASSED] - Delayed 2 second(s)

2018-06-01 11:42:55 - [TEST_STEP][PASSED] - click: Object: 'Object Repository/HealthpostToCms/Page_KDMC - CMO/a_Healthpost Store Request' is clicked on

2018-06-01 11:42:55 - [MESSAGE][PASSED] - Object: 'Object Repository/HealthpostToCms/Page_KDMC - CMO/a_Healthpost Store Request' is clicked on

2018-06-01 11:42:55 - [TEST_STEP][PASSED] - selectOptionByIndex: All options with index in [1] are selected on object 'Object Repository/HealthpostToCms/Page_KDMC - CMO/select_--ALL--'

2018-06-01 11:42:55 - [MESSAGE][PASSED] - All options with index in [1] are selected on object 'Object Repository/HealthpostToCms/Page_KDMC - CMO/select_--ALL--'

2018-06-01 11:42:55 - [TEST_STEP][PASSED] - click: Object: 'Object Repository/HealthpostToCms/Page_KDMC - CMO/input_btnsearch' is clicked on

2018-06-01 11:42:56 - [MESSAGE][PASSED] - Object: 'Object Repository/HealthpostToCms/Page_KDMC - CMO/input_btnsearch' is clicked on

2018-06-01 11:42:56 - [TEST_STEP][PASSED] - Statement - ID = com.kms.katalon.core.webui.keyword.WebUiBuiltInKeywords.modifyObjectProperty(com.kms.katalon.core.testobject.ObjectRepository.findTestObject(lab/Page_KDMC - CMO/input_1), "xpath", "equals", "//*[@id=" + RID + "]", true): Modify property of object successfully

2018-06-01 11:42:56 - [MESSAGE][PASSED] - Modify property of object successfully

2018-06-01 11:42:56 - [TEST_STEP][PASSED] - click: Object: 'Object Repository/lab/Page_KDMC - CMO/input_1' is clicked on

2018-06-01 11:42:56 - [MESSAGE][PASSED] - Object: 'Object Repository/lab/Page_KDMC - CMO/input_1' is clicked on

2018-06-01 11:42:56 - [TEST_STEP][PASSED] - delay: Delayed 2 second(s)

2018-06-01 11:42:58 - [MESSAGE][PASSED] - Delayed 2 second(s)

2018-06-01 11:42:58 - [TEST_STEP][PASSED] - selectOptionByIndex: All options with index in [1] are selected on object 'Object Repository/HealthpostToCms/Page_KDMC - CMO/select_--Select--'

2018-06-01 11:42:58 - [MESSAGE][PASSED] - All options with index in [1] are selected on object 'Object Repository/HealthpostToCms/Page_KDMC - CMO/select_--Select--'

2018-06-01 11:42:58 - [TEST_STEP][PASSED] - click: Object: 'Object Repository/HealthpostToCms/Page_KDMC - CMO/input_btnupdate' is clicked on

2018-06-01 11:42:59 - [MESSAGE][PASSED] - Object: 'Object Repository/HealthpostToCms/Page_KDMC - CMO/input_btnupdate' is clicked on

2018-06-01 11:42:59 - [TEST_STEP][PASSED] - delay: Delayed 2 second(s)

2018-06-01 11:43:01 - [MESSAGE][PASSED] - Delayed 2 second(s)

2018-06-01 11:43:01 - [TEST_STEP][PASSED] - click: Object: 'Object Repository/HealthpostToCms/Page_KDMC - CMO/button_OK' is clicked on

2018-06-01 11:43:01 - [MESSAGE][PASSED] - Object: 'Object Repository/HealthpostToCms/Page_KDMC - CMO/button_OK' is clicked on

2018-06-01 11:43:01 - [TEST_STEP][PASSED] - delay: Delayed 3 second(s)

2018-06-01 11:43:04 - [MESSAGE][PASSED] - Delayed 3 second(s)

2018-06-01 11:43:04 - [TEST_STEP][PASSED] - click: Object: 'Object Repository/HealthpostToCms/Page_KDMC - CMO/a_dropdown-toggle' is clicked on

2018-06-01 11:43:04 - [MESSAGE][PASSED] - Object: 'Object Repository/HealthpostToCms/Page_KDMC - CMO/a_dropdown-toggle' is clicked on

2018-06-01 11:43:04 - [TEST_STEP][PASSED] - click: Object: 'Object Repository/HealthpostToCms/Page_KDMC - CMO/a_Sign out' is clicked on

2018-06-01 11:43:05 - [MESSAGE][PASSED] - Object: 'Object Repository/HealthpostToCms/Page_KDMC - CMO/a_Sign out' is clicked on

2018-06-01 11:43:05 - [TEST_STEP][PASSED] - delay: Delayed 3 second(s)

2018-06-01 11:43:08 - [MESSAGE][PASSED] - Delayed 3 second(s)

2018-06-01 11:43:08 - [TEST_STEP][PASSED] - click: Object: 'Object Repository/HealthpostToCms/Page_KDMC/a_CMS' is clicked on

2018-06-01 11:43:08 - [MESSAGE][PASSED] - Object: 'Object Repository/HealthpostToCms/Page_KDMC/a_CMS' is clicked on

2018-06-01 11:43:08 - [TEST_STEP][PASSED] - setText: Text 'bala' is set on object 'Object Repository/HealthpostToCms/Page_CMS login/input_txtusername'

2018-06-01 11:43:08 - [MESSAGE][PASSED] - Text 'bala' is set on object 'Object Repository/HealthpostToCms/Page_CMS login/input_txtusername'

2018-06-01 11:43:08 - [TEST_STEP][PASSED] - setText: Text '123' is set on object 'Object Repository/HealthpostToCms/Page_CMS login/input_txtpassword'

2018-06-01 11:43:08 - [MESSAGE][PASSED] - Text '123' is set on object 'Object Repository/HealthpostToCms/Page_CMS login/input_txtpassword'

2018-06-01 11:43:08 - [TEST_STEP][PASSED] - delay: Delayed 3 second(s)

2018-06-01 11:43:11 - [MESSAGE][PASSED] - Delayed 3 second(s)

2018-06-01 11:43:11 - [TEST_STEP][PASSED] - click: Object: 'Object Repository/HealthpostToCms/Page_CMS login/button_Sign in' is clicked on

2018-06-01 11:43:12 - [MESSAGE][PASSED] - Object: 'Object Repository/HealthpostToCms/Page_CMS login/button_Sign in' is clicked on

2018-06-01 11:43:12 - [TEST_STEP][PASSED] - delay: Delayed 3 second(s)

2018-06-01 11:43:15 - [MESSAGE][PASSED] - Delayed 3 second(s)

2018-06-01 11:43:15 - [TEST_STEP][PASSED] - click: Object: 'Object Repository/HealthpostToCms/Page_KDMC - CMS/a_Divisional Store' is clicked on

2018-06-01 11:43:15 - [MESSAGE][PASSED] - Object: 'Object Repository/HealthpostToCms/Page_KDMC - CMS/a_Divisional Store' is clicked on

2018-06-01 11:43:15 - [TEST_STEP][PASSED] - delay: Delayed 2 second(s)

2018-06-01 11:43:17 - [MESSAGE][PASSED] - Delayed 2 second(s)

2018-06-01 11:43:17 - [TEST_STEP][PASSED] - click: Object: 'Object Repository/HealthpostToCms/Page_KDMC - CMS/a_Dispatch Items' is clicked on

2018-06-01 11:43:17 - [MESSAGE][PASSED] - Object: 'Object Repository/HealthpostToCms/Page_KDMC - CMS/a_Dispatch Items' is clicked on

2018-06-01 11:43:17 - [TEST_STEP][PASSED] - delay: Delayed 2 second(s)

2018-06-01 11:43:19 - [MESSAGE][PASSED] - Delayed 2 second(s)

2018-06-01 11:43:19 - [TEST_STEP][PASSED] - setText: Text 'PRNO/01062018/537' is set on object 'Object Repository/HealthpostToCms/Page_KDMC - CMS/input'

2018-06-01 11:43:20 - [MESSAGE][PASSED] - Text 'PRNO/01062018/537' is set on object 'Object Repository/HealthpostToCms/Page_KDMC - CMS/input'

2018-06-01 11:43:20 - [TEST_STEP][PASSED] - click: Object: 'Object Repository/HealthpostToCms/Page_KDMC - CMS/input_PRNO18052018174' is clicked on

2018-06-01 11:43:20 - [MESSAGE][PASSED] - Object: 'Object Repository/HealthpostToCms/Page_KDMC - CMS/input_PRNO18052018174' is clicked on

2018-06-01 11:43:20 - [TEST_STEP][PASSED] - delay: Delayed 3 second(s)

2018-06-01 11:43:23 - [MESSAGE][PASSED] - Delayed 3 second(s)

2018-06-01 11:43:23 - [TEST_STEP][PASSED] - Statement - out.println("Length : " + medicineslength): null

2018-06-01 11:43:23 - [TEST_STEP][PASSED] - Statement - For ([row = 0, row < medicineslength - 1, (row++)]): null

2018-06-01 11:43:23 - [TEST_STEP][PASSED] - Statement - batchlength = new com.kms.katalon.core.testobject.TestObject(): null

2018-06-01 11:43:23 - [TEST_STEP][PASSED] - Statement - batchlength = com.kms.katalon.core.webui.keyword.WebUiBuiltInKeywords.modifyObjectProperty(batchlength, "xpath", "equals", "//*[@id = "fldvendor" + row + ""]", true): Modify property of object successfully

2018-06-01 11:43:23 - [MESSAGE][PASSED] - Modify property of object successfully

2018-06-01 11:43:23 - [TEST_STEP][PASSED] - Statement - batchsize = com.kms.katalon.core.webui.keyword.WebUiBuiltInKeywords.getNumberOfTotalOption(batchlength): 8 options of object '' counted

2018-06-01 11:43:23 - [MESSAGE][PASSED] - 8 options of object '' counted

2018-06-01 11:43:23 - [TEST_STEP][PASSED] - Statement - out.println("BatchSize : " + batchsize): null

2018-06-01 11:43:23 - [TEST_STEP][PASSED] - Statement - For ([n = 1, n <= batchsize - 1, (n++)]): null

2018-06-01 11:43:23 - [TEST_STEP][PASSED] - Statement - product = new com.kms.katalon.core.testobject.TestObject(): null

2018-06-01 11:43:23 - [TEST_STEP][PASSED] - Statement - product = com.kms.katalon.core.webui.keyword.WebUiBuiltInKeywords.modifyObjectProperty(product, "xpath", "equals", "//*[@id = "fldvendor" + row + ""]", true): Modify property of object successfully

2018-06-01 11:43:23 - [MESSAGE][PASSED] - Modify property of object successfully

2018-06-01 11:43:23 - [TEST_STEP][PASSED] - selectOptionByIndex: All options with index in [1] are selected on object ''

2018-06-01 11:43:23 - [MESSAGE][PASSED] - All options with index in [1] are selected on object ''

2018-06-01 11:43:23 - [TEST_STEP][PASSED] - delay: Delayed 2 second(s)

2018-06-01 11:43:25 - [MESSAGE][PASSED] - Delayed 2 second(s)

2018-06-01 11:43:25 - [TEST_STEP][PASSED] - Statement - batch = new com.kms.katalon.core.testobject.TestObject(): null

2018-06-01 11:43:25 - [TEST_STEP][PASSED] - Statement - batch = com.kms.katalon.core.webui.keyword.WebUiBuiltInKeywords.modifyObjectProperty(batch, "xpath", "equals", "//*[@id = "txtbthqty" + row + ""]", true): Modify property of object successfully

2018-06-01 11:43:25 - [MESSAGE][PASSED] - Modify property of object successfully

2018-06-01 11:43:25 - [TEST_STEP][PASSED] - Statement - batchqty = com.kms.katalon.core.webui.keyword.WebUiBuiltInKeywords.getAttribute(batch, "value").trim(): Attribute 'value' of object '' is: '37500'

2018-06-01 11:43:25 - [MESSAGE][PASSED] - Attribute 'value' of object '' is: '37500'

2018-06-01 11:43:25 - [TEST_STEP][PASSED] - Statement - Rqty = 100: null

2018-06-01 11:43:25 - [TEST_STEP][PASSED] - Statement - out.println("BatchQty : " + batchqty): null

2018-06-01 11:43:25 - [TEST_STEP][PASSED] - Statement - out.println("RQty : " + Rqty): null

2018-06-01 11:43:25 - [TEST_STEP][PASSED] - Statement - If (java.lang.Integer.valueOf(batchqty) >= java.lang.Integer.valueOf(Rqty)): null

2018-06-01 11:43:25 - [TEST_STEP][PASSED] - Statement - Break: null

2018-06-01 11:43:25 - [TEST_STEP][PASSED] - Statement - batchlength = new com.kms.katalon.core.testobject.TestObject(): null

2018-06-01 11:43:25 - [TEST_STEP][PASSED] - Statement - batchlength = com.kms.katalon.core.webui.keyword.WebUiBuiltInKeywords.modifyObjectProperty(batchlength, "xpath", "equals", "//*[@id = "fldvendor" + row + ""]", true): Modify property of object successfully

2018-06-01 11:43:25 - [MESSAGE][PASSED] - Modify property of object successfully

2018-06-01 11:43:25 - [TEST_STEP][PASSED] - Statement - batchsize = com.kms.katalon.core.webui.keyword.WebUiBuiltInKeywords.getNumberOfTotalOption(batchlength): 8 options of object '' counted

2018-06-01 11:43:25 - [MESSAGE][PASSED] - 8 options of object '' counted

2018-06-01 11:43:25 - [TEST_STEP][PASSED] - Statement - out.println("BatchSize : " + batchsize): null

2018-06-01 11:43:25 - [TEST_STEP][PASSED] - Statement - For ([n = 1, n <= batchsize - 1, (n++)]): null

2018-06-01 11:43:25 - [TEST_STEP][PASSED] - Statement - product = new com.kms.katalon.core.testobject.TestObject(): null

2018-06-01 11:43:25 - [TEST_STEP][PASSED] - Statement - product = com.kms.katalon.core.webui.keyword.WebUiBuiltInKeywords.modifyObjectProperty(product, "xpath", "equals", "//*[@id = "fldvendor" + row + ""]", true): Modify property of object successfully

2018-06-01 11:43:25 - [MESSAGE][PASSED] - Modify property of object successfully

2018-06-01 11:43:25 - [TEST_STEP][PASSED] - selectOptionByIndex: All options with index in [1] are selected on object ''

2018-06-01 11:43:25 - [MESSAGE][PASSED] - All options with index in [1] are selected on object ''

2018-06-01 11:43:25 - [TEST_STEP][PASSED] - delay: Delayed 2 second(s)

2018-06-01 11:43:27 - [MESSAGE][PASSED] - Delayed 2 second(s)

2018-06-01 11:43:27 - [TEST_STEP][PASSED] - Statement - batch = new com.kms.katalon.core.testobject.TestObject(): null

2018-06-01 11:43:27 - [TEST_STEP][PASSED] - Statement - batch = com.kms.katalon.core.webui.keyword.WebUiBuiltInKeywords.modifyObjectProperty(batch, "xpath", "equals", "//*[@id = "txtbthqty" + row + ""]", true): Modify property of object successfully

2018-06-01 11:43:27 - [MESSAGE][PASSED] - Modify property of object successfully

2018-06-01 11:43:27 - [TEST_STEP][PASSED] - Statement - batchqty = com.kms.katalon.core.webui.keyword.WebUiBuiltInKeywords.getAttribute(batch, "value").trim(): Attribute 'value' of object '' is: '4700'

2018-06-01 11:43:27 - [MESSAGE][PASSED] - Attribute 'value' of object '' is: '4700'

2018-06-01 11:43:27 - [TEST_STEP][PASSED] - Statement - Rqty = 100: null

2018-06-01 11:43:27 - [TEST_STEP][PASSED] - Statement - out.println("BatchQty : " + batchqty): null

2018-06-01 11:43:27 - [TEST_STEP][PASSED] - Statement - out.println("RQty : " + Rqty): null

2018-06-01 11:43:27 - [TEST_STEP][PASSED] - Statement - If (java.lang.Integer.valueOf(batchqty) >= java.lang.Integer.valueOf(Rqty)): null

2018-06-01 11:43:27 - [TEST_STEP][PASSED] - Statement - Break: null

2018-06-01 11:43:27 - [TEST_STEP][PASSED] - Statement - batchlength = new com.kms.katalon.core.testobject.TestObject(): null

2018-06-01 11:43:27 - [TEST_STEP][PASSED] - Statement - batchlength = com.kms.katalon.core.webui.keyword.WebUiBuiltInKeywords.modifyObjectProperty(batchlength, "xpath", "equals", "//*[@id = "fldvendor" + row + ""]", true): Modify property of object successfully

2018-06-01 11:43:27 - [MESSAGE][PASSED] - Modify property of object successfully

2018-06-01 11:43:27 - [TEST_STEP][PASSED] - Statement - batchsize = com.kms.katalon.core.webui.keyword.WebUiBuiltInKeywords.getNumberOfTotalOption(batchlength): 8 options of object '' counted

2018-06-01 11:43:28 - [MESSAGE][PASSED] - 8 options of object '' counted

2018-06-01 11:43:28 - [TEST_STEP][PASSED] - Statement - out.println("BatchSize : " + batchsize): null

2018-06-01 11:43:28 - [TEST_STEP][PASSED] - Statement - For ([n = 1, n <= batchsize - 1, (n++)]): null

2018-06-01 11:43:28 - [TEST_STEP][PASSED] - Statement - product = new com.kms.katalon.core.testobject.TestObject(): null

2018-06-01 11:43:28 - [TEST_STEP][PASSED] - Statement - product = com.kms.katalon.core.webui.keyword.WebUiBuiltInKeywords.modifyObjectProperty(product, "xpath", "equals", "//*[@id = "fldvendor" + row + ""]", true): Modify property of object successfully

2018-06-01 11:43:28 - [MESSAGE][PASSED] - Modify property of object successfully

2018-06-01 11:43:28 - [TEST_STEP][PASSED] - selectOptionByIndex: All options with index in [1] are selected on object ''

2018-06-01 11:43:28 - [MESSAGE][PASSED] - All options with index in [1] are selected on object ''

2018-06-01 11:43:28 - [TEST_STEP][PASSED] - delay: Delayed 2 second(s)

2018-06-01 11:43:30 - [MESSAGE][PASSED] - Delayed 2 second(s)

2018-06-01 11:43:30 - [TEST_STEP][PASSED] - Statement - batch = new com.kms.katalon.core.testobject.TestObject(): null

2018-06-01 11:43:30 - [TEST_STEP][PASSED] - Statement - batch = com.kms.katalon.core.webui.keyword.WebUiBuiltInKeywords.modifyObjectProperty(batch, "xpath", "equals", "//*[@id = "txtbthqty" + row + ""]", true): Modify property of object successfully

2018-06-01 11:43:30 - [MESSAGE][PASSED] - Modify property of object successfully

2018-06-01 11:43:30 - [TEST_STEP][PASSED] - Statement - batchqty = com.kms.katalon.core.webui.keyword.WebUiBuiltInKeywords.getAttribute(batch, "value").trim(): Attribute 'value' of object '' is: '4700'

2018-06-01 11:43:30 - [MESSAGE][PASSED] - Attribute 'value' of object '' is: '4700'

2018-06-01 11:43:30 - [TEST_STEP][PASSED] - Statement - Rqty = 100: null

2018-06-01 11:43:30 - [TEST_STEP][PASSED] - Statement - out.println("BatchQty : " + batchqty): null

2018-06-01 11:43:30 - [TEST_STEP][PASSED] - Statement - out.println("RQty : " + Rqty): null

2018-06-01 11:43:30 - [TEST_STEP][PASSED] - Statement - If (java.lang.Integer.valueOf(batchqty) >= java.lang.Integer.valueOf(Rqty)): null

2018-06-01 11:43:30 - [TEST_STEP][PASSED] - Statement - Break: null

2018-06-01 11:43:30 - [TEST_STEP][PASSED] - Statement - batchlength = new com.kms.katalon.core.testobject.TestObject(): null

2018-06-01 11:43:30 - [TEST_STEP][PASSED] - Statement - batchlength = com.kms.katalon.core.webui.keyword.WebUiBuiltInKeywords.modifyObjectProperty(batchlength, "xpath", "equals", "//*[@id = "fldvendor" + row + ""]", true): Modify property of object successfully

2018-06-01 11:43:30 - [MESSAGE][PASSED] - Modify property of object successfully

2018-06-01 11:43:30 - [TEST_STEP][PASSED] - Statement - batchsize = com.kms.katalon.core.webui.keyword.WebUiBuiltInKeywords.getNumberOfTotalOption(batchlength): 8 options of object '' counted

2018-06-01 11:43:30 - [MESSAGE][PASSED] - 8 options of object '' counted

2018-06-01 11:43:30 - [TEST_STEP][PASSED] - Statement - out.println("BatchSize : " + batchsize): null

2018-06-01 11:43:30 - [TEST_STEP][PASSED] - Statement - For ([n = 1, n <= batchsize - 1, (n++)]): null

2018-06-01 11:43:30 - [TEST_STEP][PASSED] - Statement - product = new com.kms.katalon.core.testobject.TestObject(): null

2018-06-01 11:43:30 - [TEST_STEP][PASSED] - Statement - product = com.kms.katalon.core.webui.keyword.WebUiBuiltInKeywords.modifyObjectProperty(product, "xpath", "equals", "//*[@id = "fldvendor" + row + ""]", true): Modify property of object successfully

2018-06-01 11:43:30 - [MESSAGE][PASSED] - Modify property of object successfully

2018-06-01 11:43:30 - [TEST_STEP][PASSED] - selectOptionByIndex: All options with index in [1] are selected on object ''

2018-06-01 11:43:30 - [MESSAGE][PASSED] - All options with index in [1] are selected on object ''

2018-06-01 11:43:30 - [TEST_STEP][PASSED] - delay: Delayed 2 second(s)

2018-06-01 11:43:32 - [MESSAGE][PASSED] - Delayed 2 second(s)

2018-06-01 11:43:32 - [TEST_STEP][PASSED] - Statement - batch = new com.kms.katalon.core.testobject.TestObject(): null

2018-06-01 11:43:32 - [TEST_STEP][PASSED] - Statement - batch = com.kms.katalon.core.webui.keyword.WebUiBuiltInKeywords.modifyObjectProperty(batch, "xpath", "equals", "//*[@id = "txtbthqty" + row + ""]", true): Modify property of object successfully

2018-06-01 11:43:32 - [MESSAGE][PASSED] - Modify property of object successfully

2018-06-01 11:43:32 - [TEST_STEP][PASSED] - Statement - batchqty = com.kms.katalon.core.webui.keyword.WebUiBuiltInKeywords.getAttribute(batch, "value").trim(): Attribute 'value' of object '' is: '4500'

2018-06-01 11:43:32 - [MESSAGE][PASSED] - Attribute 'value' of object '' is: '4500'

2018-06-01 11:43:32 - [TEST_STEP][PASSED] - Statement - Rqty = 100: null

2018-06-01 11:43:32 - [TEST_STEP][PASSED] - Statement - out.println("BatchQty : " + batchqty): null

2018-06-01 11:43:32 - [TEST_STEP][PASSED] - Statement - out.println("RQty : " + Rqty): null

2018-06-01 11:43:32 - [TEST_STEP][PASSED] - Statement - If (java.lang.Integer.valueOf(batchqty) >= java.lang.Integer.valueOf(Rqty)): null

2018-06-01 11:43:32 - [TEST_STEP][PASSED] - Statement - Break: null

2018-06-01 11:43:32 - [TEST_STEP][PASSED] - Statement - batchlength = new com.kms.katalon.core.testobject.TestObject(): null

2018-06-01 11:43:32 - [TEST_STEP][PASSED] - Statement - batchlength = com.kms.katalon.core.webui.keyword.WebUiBuiltInKeywords.modifyObjectProperty(batchlength, "xpath", "equals", "//*[@id = "fldvendor" + row + ""]", true): Modify property of object successfully

2018-06-01 11:43:32 - [MESSAGE][PASSED] - Modify property of object successfully

2018-06-01 11:43:32 - [TEST_STEP][PASSED] - Statement - batchsize = com.kms.katalon.core.webui.keyword.WebUiBuiltInKeywords.getNumberOfTotalOption(batchlength): 8 options of object '' counted

2018-06-01 11:43:32 - [MESSAGE][PASSED] - 8 options of object '' counted

2018-06-01 11:43:32 - [TEST_STEP][PASSED] - Statement - out.println("BatchSize : " + batchsize): null

2018-06-01 11:43:32 - [TEST_STEP][PASSED] - Statement - For ([n = 1, n <= batchsize - 1, (n++)]): null

2018-06-01 11:43:32 - [TEST_STEP][PASSED] - Statement - product = new com.kms.katalon.core.testobject.TestObject(): null

2018-06-01 11:43:32 - [TEST_STEP][PASSED] - Statement - product = com.kms.katalon.core.webui.keyword.WebUiBuiltInKeywords.modifyObjectProperty(product, "xpath", "equals", "//*[@id = "fldvendor" + row + ""]", true): Modify property of object successfully

2018-06-01 11:43:32 - [MESSAGE][PASSED] - Modify property of object successfully

2018-06-01 11:43:32 - [TEST_STEP][PASSED] - selectOptionByIndex: All options with index in [1] are selected on object ''

2018-06-01 11:43:32 - [MESSAGE][PASSED] - All options with index in [1] are selected on object ''

2018-06-01 11:43:32 - [TEST_STEP][PASSED] - delay: Delayed 2 second(s)

2018-06-01 11:43:34 - [MESSAGE][PASSED] - Delayed 2 second(s)

2018-06-01 11:43:34 - [TEST_STEP][PASSED] - Statement - batch = new com.kms.katalon.core.testobject.TestObject(): null

2018-06-01 11:43:34 - [TEST_STEP][PASSED] - Statement - batch = com.kms.katalon.core.webui.keyword.WebUiBuiltInKeywords.modifyObjectProperty(batch, "xpath", "equals", "//*[@id = "txtbthqty" + row + ""]", true): Modify property of object successfully

2018-06-01 11:43:34 - [MESSAGE][PASSED] - Modify property of object successfully

2018-06-01 11:43:34 - [TEST_STEP][PASSED] - Statement - batchqty = com.kms.katalon.core.webui.keyword.WebUiBuiltInKeywords.getAttribute(batch, "value").trim(): Attribute 'value' of object '' is: '3800'

2018-06-01 11:43:34 - [MESSAGE][PASSED] - Attribute 'value' of object '' is: '3800'

2018-06-01 11:43:34 - [TEST_STEP][PASSED] - Statement - Rqty = 100: null

2018-06-01 11:43:34 - [TEST_STEP][PASSED] - Statement - out.println("BatchQty : " + batchqty): null

2018-06-01 11:43:34 - [TEST_STEP][PASSED] - Statement - out.println("RQty : " + Rqty): null

2018-06-01 11:43:34 - [TEST_STEP][PASSED] - Statement - If (java.lang.Integer.valueOf(batchqty) >= java.lang.Integer.valueOf(Rqty)): null

2018-06-01 11:43:34 - [TEST_STEP][PASSED] - Statement - Break: null

2018-06-01 11:43:34 - [TEST_STEP][PASSED] - Statement - batchlength = new com.kms.katalon.core.testobject.TestObject(): null

2018-06-01 11:43:34 - [TEST_STEP][PASSED] - Statement - batchlength = com.kms.katalon.core.webui.keyword.WebUiBuiltInKeywords.modifyObjectProperty(batchlength, "xpath", "equals", "//*[@id = "fldvendor" + row + ""]", true): Modify property of object successfully

2018-06-01 11:43:34 - [MESSAGE][PASSED] - Modify property of object successfully

2018-06-01 11:43:34 - [TEST_STEP][PASSED] - Statement - batchsize = com.kms.katalon.core.webui.keyword.WebUiBuiltInKeywords.getNumberOfTotalOption(batchlength): 8 options of object '' counted

2018-06-01 11:43:34 - [MESSAGE][PASSED] - 8 options of object '' counted

2018-06-01 11:43:34 - [TEST_STEP][PASSED] - Statement - out.println("BatchSize : " + batchsize): null

2018-06-01 11:43:34 - [TEST_STEP][PASSED] - Statement - For ([n = 1, n <= batchsize - 1, (n++)]): null

2018-06-01 11:43:34 - [TEST_STEP][PASSED] - Statement - product = new com.kms.katalon.core.testobject.TestObject(): null

2018-06-01 11:43:34 - [TEST_STEP][PASSED] - Statement - product = com.kms.katalon.core.webui.keyword.WebUiBuiltInKeywords.modifyObjectProperty(product, "xpath", "equals", "//*[@id = "fldvendor" + row + ""]", true): Modify property of object successfully

2018-06-01 11:43:34 - [MESSAGE][PASSED] - Modify property of object successfully

2018-06-01 11:43:34 - [TEST_STEP][PASSED] - selectOptionByIndex: All options with index in [1] are selected on object ''

2018-06-01 11:43:34 - [MESSAGE][PASSED] - All options with index in [1] are selected on object ''

2018-06-01 11:43:34 - [TEST_STEP][PASSED] - delay: Delayed 2 second(s)

2018-06-01 11:43:36 - [MESSAGE][PASSED] - Delayed 2 second(s)

2018-06-01 11:43:36 - [TEST_STEP][PASSED] - Statement - batch = new com.kms.katalon.core.testobject.TestObject(): null

2018-06-01 11:43:36 - [TEST_STEP][PASSED] - Statement - batch = com.kms.katalon.core.webui.keyword.WebUiBuiltInKeywords.modifyObjectProperty(batch, "xpath", "equals", "//*[@id = "txtbthqty" + row + ""]", true): Modify property of object successfully

2018-06-01 11:43:36 - [MESSAGE][PASSED] - Modify property of object successfully

2018-06-01 11:43:36 - [TEST_STEP][PASSED] - Statement - batchqty = com.kms.katalon.core.webui.keyword.WebUiBuiltInKeywords.getAttribute(batch, "value").trim(): Attribute 'value' of object '' is: '4400'

2018-06-01 11:43:37 - [MESSAGE][PASSED] - Attribute 'value' of object '' is: '4400'

2018-06-01 11:43:37 - [TEST_STEP][PASSED] - Statement - Rqty = 100: null

2018-06-01 11:43:37 - [TEST_STEP][PASSED] - Statement - out.println("BatchQty : " + batchqty): null

2018-06-01 11:43:37 - [TEST_STEP][PASSED] - Statement - out.println("RQty : " + Rqty): null

2018-06-01 11:43:37 - [TEST_STEP][PASSED] - Statement - If (java.lang.Integer.valueOf(batchqty) >= java.lang.Integer.valueOf(Rqty)): null

2018-06-01 11:43:37 - [TEST_STEP][PASSED] - Statement - Break: null

2018-06-01 11:43:37 - [TEST_STEP][PASSED] - Statement - batchlength = new com.kms.katalon.core.testobject.TestObject(): null

2018-06-01 11:43:37 - [TEST_STEP][PASSED] - Statement - batchlength = com.kms.katalon.core.webui.keyword.WebUiBuiltInKeywords.modifyObjectProperty(batchlength, "xpath", "equals", "//*[@id = "fldvendor" + row + ""]", true): Modify property of object successfully

2018-06-01 11:43:37 - [MESSAGE][PASSED] - Modify property of object successfully

2018-06-01 11:43:37 - [TEST_STEP][PASSED] - Statement - batchsize = com.kms.katalon.core.webui.keyword.WebUiBuiltInKeywords.getNumberOfTotalOption(batchlength): 8 options of object '' counted

2018-06-01 11:43:37 - [MESSAGE][PASSED] - 8 options of object '' counted

2018-06-01 11:43:37 - [TEST_STEP][PASSED] - Statement - out.println("BatchSize : " + batchsize): null

2018-06-01 11:43:37 - [TEST_STEP][PASSED] - Statement - For ([n = 1, n <= batchsize - 1, (n++)]): null

2018-06-01 11:43:37 - [TEST_STEP][PASSED] - Statement - product = new com.kms.katalon.core.testobject.TestObject(): null

2018-06-01 11:43:37 - [TEST_STEP][PASSED] - Statement - product = com.kms.katalon.core.webui.keyword.WebUiBuiltInKeywords.modifyObjectProperty(product, "xpath", "equals", "//*[@id = "fldvendor" + row + ""]", true): Modify property of object successfully

2018-06-01 11:43:37 - [MESSAGE][PASSED] - Modify property of object successfully

2018-06-01 11:43:37 - [TEST_STEP][PASSED] - selectOptionByIndex: All options with index in [1] are selected on object ''

2018-06-01 11:43:37 - [MESSAGE][PASSED] - All options with index in [1] are selected on object ''

2018-06-01 11:43:37 - [TEST_STEP][PASSED] - delay: Delayed 2 second(s)

2018-06-01 11:43:39 - [MESSAGE][PASSED] - Delayed 2 second(s)

2018-06-01 11:43:39 - [TEST_STEP][PASSED] - Statement - batch = new com.kms.katalon.core.testobject.TestObject(): null

2018-06-01 11:43:39 - [TEST_STEP][PASSED] - Statement - batch = com.kms.katalon.core.webui.keyword.WebUiBuiltInKeywords.modifyObjectProperty(batch, "xpath", "equals", "//*[@id = "txtbthqty" + row + ""]", true): Modify property of object successfully

2018-06-01 11:43:39 - [MESSAGE][PASSED] - Modify property of object successfully

2018-06-01 11:43:39 - [TEST_STEP][PASSED] - Statement - batchqty = com.kms.katalon.core.webui.keyword.WebUiBuiltInKeywords.getAttribute(batch, "value").trim(): Attribute 'value' of object '' is: '4400'

2018-06-01 11:43:39 - [MESSAGE][PASSED] - Attribute 'value' of object '' is: '4400'

2018-06-01 11:43:39 - [TEST_STEP][PASSED] - Statement - Rqty = 100: null

2018-06-01 11:43:39 - [TEST_STEP][PASSED] - Statement - out.println("BatchQty : " + batchqty): null

2018-06-01 11:43:39 - [TEST_STEP][PASSED] - Statement - out.println("RQty : " + Rqty): null

2018-06-01 11:43:39 - [TEST_STEP][PASSED] - Statement - If (java.lang.Integer.valueOf(batchqty) >= java.lang.Integer.valueOf(Rqty)): null

2018-06-01 11:43:39 - [TEST_STEP][PASSED] - Statement - Break: null

2018-06-01 11:43:39 - [TEST_STEP][PASSED] - Statement - batchlength = new com.kms.katalon.core.testobject.TestObject(): null

2018-06-01 11:43:39 - [TEST_STEP][PASSED] - Statement - batchlength = com.kms.katalon.core.webui.keyword.WebUiBuiltInKeywords.modifyObjectProperty(batchlength, "xpath", "equals", "//*[@id = "fldvendor" + row + ""]", true): Modify property of object successfully

2018-06-01 11:43:39 - [MESSAGE][PASSED] - Modify property of object successfully

2018-06-01 11:43:39 - [TEST_STEP][PASSED] - Statement - batchsize = com.kms.katalon.core.webui.keyword.WebUiBuiltInKeywords.getNumberOfTotalOption(batchlength): 8 options of object '' counted

2018-06-01 11:43:39 - [MESSAGE][PASSED] - 8 options of object '' counted

2018-06-01 11:43:39 - [TEST_STEP][PASSED] - Statement - out.println("BatchSize : " + batchsize): null

2018-06-01 11:43:39 - [TEST_STEP][PASSED] - Statement - For ([n = 1, n <= batchsize - 1, (n++)]): null

2018-06-01 11:43:39 - [TEST_STEP][PASSED] - Statement - product = new com.kms.katalon.core.testobject.TestObject(): null

2018-06-01 11:43:39 - [TEST_STEP][PASSED] - Statement - product = com.kms.katalon.core.webui.keyword.WebUiBuiltInKeywords.modifyObjectProperty(product, "xpath", "equals", "//*[@id = "fldvendor" + row + ""]", true): Modify property of object successfully

2018-06-01 11:43:39 - [MESSAGE][PASSED] - Modify property of object successfully

2018-06-01 11:43:39 - [TEST_STEP][PASSED] - selectOptionByIndex: All options with index in [1] are selected on object ''

2018-06-01 11:43:39 - [MESSAGE][PASSED] - All options with index in [1] are selected on object ''

2018-06-01 11:43:39 - [TEST_STEP][PASSED] - delay: Delayed 2 second(s)

2018-06-01 11:43:41 - [MESSAGE][PASSED] - Delayed 2 second(s)

2018-06-01 11:43:41 - [TEST_STEP][PASSED] - Statement - batch = new com.kms.katalon.core.testobject.TestObject(): null

2018-06-01 11:43:41 - [TEST_STEP][PASSED] - Statement - batch = com.kms.katalon.core.webui.keyword.WebUiBuiltInKeywords.modifyObjectProperty(batch, "xpath", "equals", "//*[@id = "txtbthqty" + row + ""]", true): Modify property of object successfully

2018-06-01 11:43:41 - [MESSAGE][PASSED] - Modify property of object successfully

2018-06-01 11:43:41 - [TEST_STEP][PASSED] - Statement - batchqty = com.kms.katalon.core.webui.keyword.WebUiBuiltInKeywords.getAttribute(batch, "value").trim(): Attribute 'value' of object '' is: '4700'

2018-06-01 11:43:41 - [MESSAGE][PASSED] - Attribute 'value' of object '' is: '4700'

2018-06-01 11:43:41 - [TEST_STEP][PASSED] - Statement - Rqty = 100: null

2018-06-01 11:43:41 - [TEST_STEP][PASSED] - Statement - out.println("BatchQty : " + batchqty): null

2018-06-01 11:43:41 - [TEST_STEP][PASSED] - Statement - out.println("RQty : " + Rqty): null

2018-06-01 11:43:41 - [TEST_STEP][PASSED] - Statement - If (java.lang.Integer.valueOf(batchqty) >= java.lang.Integer.valueOf(Rqty)): null

2018-06-01 11:43:41 - [TEST_STEP][PASSED] - Statement - Break: null

2018-06-01 11:43:41 - [TEST_STEP][PASSED] - Statement - batchlength = new com.kms.katalon.core.testobject.TestObject(): null

2018-06-01 11:43:41 - [TEST_STEP][PASSED] - Statement - batchlength = com.kms.katalon.core.webui.keyword.WebUiBuiltInKeywords.modifyObjectProperty(batchlength, "xpath", "equals", "//*[@id = "fldvendor" + row + ""]", true): Modify property of object successfully

2018-06-01 11:43:41 - [MESSAGE][PASSED] - Modify property of object successfully

2018-06-01 11:43:41 - [TEST_STEP][PASSED] - Statement - batchsize = com.kms.katalon.core.webui.keyword.WebUiBuiltInKeywords.getNumberOfTotalOption(batchlength): 8 options of object '' counted

2018-06-01 11:43:41 - [MESSAGE][PASSED] - 8 options of object '' counted

2018-06-01 11:43:41 - [TEST_STEP][PASSED] - Statement - out.println("BatchSize : " + batchsize): null

2018-06-01 11:43:41 - [TEST_STEP][PASSED] - Statement - For ([n = 1, n <= batchsize - 1, (n++)]): null

2018-06-01 11:43:41 - [TEST_STEP][PASSED] - Statement - product = new com.kms.katalon.core.testobject.TestObject(): null

2018-06-01 11:43:41 - [TEST_STEP][PASSED] - Statement - product = com.kms.katalon.core.webui.keyword.WebUiBuiltInKeywords.modifyObjectProperty(product, "xpath", "equals", "//*[@id = "fldvendor" + row + ""]", true): Modify property of object successfully

2018-06-01 11:43:41 - [MESSAGE][PASSED] - Modify property of object successfully

2018-06-01 11:43:41 - [TEST_STEP][PASSED] - selectOptionByIndex: All options with index in [1] are selected on object ''

2018-06-01 11:43:41 - [MESSAGE][PASSED] - All options with index in [1] are selected on object ''

2018-06-01 11:43:41 - [TEST_STEP][PASSED] - delay: Delayed 2 second(s)

2018-06-01 11:43:43 - [MESSAGE][PASSED] - Delayed 2 second(s)

2018-06-01 11:43:43 - [TEST_STEP][PASSED] - Statement - batch = new com.kms.katalon.core.testobject.TestObject(): null

2018-06-01 11:43:43 - [TEST_STEP][PASSED] - Statement - batch = com.kms.katalon.core.webui.keyword.WebUiBuiltInKeywords.modifyObjectProperty(batch, "xpath", "equals", "//*[@id = "txtbthqty" + row + ""]", true): Modify property of object successfully

2018-06-01 11:43:43 - [MESSAGE][PASSED] - Modify property of object successfully

2018-06-01 11:43:43 - [TEST_STEP][PASSED] - Statement - batchqty = com.kms.katalon.core.webui.keyword.WebUiBuiltInKeywords.getAttribute(batch, "value").trim(): Attribute 'value' of object '' is: '4400'

2018-06-01 11:43:43 - [MESSAGE][PASSED] - Attribute 'value' of object '' is: '4400'

2018-06-01 11:43:43 - [TEST_STEP][PASSED] - Statement - Rqty = 100: null

2018-06-01 11:43:43 - [TEST_STEP][PASSED] - Statement - out.println("BatchQty : " + batchqty): null

2018-06-01 11:43:43 - [TEST_STEP][PASSED] - Statement - out.println("RQty : " + Rqty): null

2018-06-01 11:43:43 - [TEST_STEP][PASSED] - Statement - If (java.lang.Integer.valueOf(batchqty) >= java.lang.Integer.valueOf(Rqty)): null

2018-06-01 11:43:43 - [TEST_STEP][PASSED] - Statement - Break: null

2018-06-01 11:43:43 - [TEST_STEP][PASSED] - Statement - batchlength = new com.kms.katalon.core.testobject.TestObject(): null

2018-06-01 11:43:43 - [TEST_STEP][PASSED] - Statement - batchlength = com.kms.katalon.core.webui.keyword.WebUiBuiltInKeywords.modifyObjectProperty(batchlength, "xpath", "equals", "//*[@id = "fldvendor" + row + ""]", true): Modify property of object successfully

2018-06-01 11:43:43 - [MESSAGE][PASSED] - Modify property of object successfully

2018-06-01 11:43:43 - [TEST_STEP][PASSED] - Statement - batchsize = com.kms.katalon.core.webui.keyword.WebUiBuiltInKeywords.getNumberOfTotalOption(batchlength): 8 options of object '' counted

2018-06-01 11:43:43 - [MESSAGE][PASSED] - 8 options of object '' counted

2018-06-01 11:43:43 - [TEST_STEP][PASSED] - Statement - out.println("BatchSize : " + batchsize): null

2018-06-01 11:43:43 - [TEST_STEP][PASSED] - Statement - For ([n = 1, n <= batchsize - 1, (n++)]): null

2018-06-01 11:43:43 - [TEST_STEP][PASSED] - Statement - product = new com.kms.katalon.core.testobject.TestObject(): null

2018-06-01 11:43:43 - [TEST_STEP][PASSED] - Statement - product = com.kms.katalon.core.webui.keyword.WebUiBuiltInKeywords.modifyObjectProperty(product, "xpath", "equals", "//*[@id = "fldvendor" + row + ""]", true): Modify property of object successfully

2018-06-01 11:43:43 - [MESSAGE][PASSED] - Modify property of object successfully

2018-06-01 11:43:43 - [TEST_STEP][PASSED] - selectOptionByIndex: All options with index in [1] are selected on object ''

2018-06-01 11:43:44 - [MESSAGE][PASSED] - All options with index in [1] are selected on object ''

2018-06-01 11:43:44 - [TEST_STEP][PASSED] - delay: Delayed 2 second(s)

2018-06-01 11:43:46 - [MESSAGE][PASSED] - Delayed 2 second(s)

2018-06-01 11:43:46 - [TEST_STEP][PASSED] - Statement - batch = new com.kms.katalon.core.testobject.TestObject(): null

2018-06-01 11:43:46 - [TEST_STEP][PASSED] - Statement - batch = com.kms.katalon.core.webui.keyword.WebUiBuiltInKeywords.modifyObjectProperty(batch, "xpath", "equals", "//*[@id = "txtbthqty" + row + ""]", true): Modify property of object successfully

2018-06-01 11:43:46 - [MESSAGE][PASSED] - Modify property of object successfully

2018-06-01 11:43:46 - [TEST_STEP][PASSED] - Statement - batchqty = com.kms.katalon.core.webui.keyword.WebUiBuiltInKeywords.getAttribute(batch, "value").trim(): Attribute 'value' of object '' is: '3800'

2018-06-01 11:43:46 - [MESSAGE][PASSED] - Attribute 'value' of object '' is: '3800'

2018-06-01 11:43:46 - [TEST_STEP][PASSED] - Statement - Rqty = 100: null

2018-06-01 11:43:46 - [TEST_STEP][PASSED] - Statement - out.println("BatchQty : " + batchqty): null

2018-06-01 11:43:46 - [TEST_STEP][PASSED] - Statement - out.println("RQty : " + Rqty): null

2018-06-01 11:43:46 - [TEST_STEP][PASSED] - Statement - If (java.lang.Integer.valueOf(batchqty) >= java.lang.Integer.valueOf(Rqty)): null

2018-06-01 11:43:46 - [TEST_STEP][PASSED] - Statement - Break: null

2018-06-01 11:43:46 - [TEST_STEP][PASSED] - Statement - batchlength = new com.kms.katalon.core.testobject.TestObject(): null

2018-06-01 11:43:46 - [TEST_STEP][PASSED] - Statement - batchlength = com.kms.katalon.core.webui.keyword.WebUiBuiltInKeywords.modifyObjectProperty(batchlength, "xpath", "equals", "//*[@id = "fldvendor" + row + ""]", true): Modify property of object successfully

2018-06-01 11:43:46 - [MESSAGE][PASSED] - Modify property of object successfully

2018-06-01 11:43:46 - [TEST_STEP][PASSED] - Statement - batchsize = com.kms.katalon.core.webui.keyword.WebUiBuiltInKeywords.getNumberOfTotalOption(batchlength): 8 options of object '' counted

2018-06-01 11:43:46 - [MESSAGE][PASSED] - 8 options of object '' counted

2018-06-01 11:43:46 - [TEST_STEP][PASSED] - Statement - out.println("BatchSize : " + batchsize): null

2018-06-01 11:43:46 - [TEST_STEP][PASSED] - Statement - For ([n = 1, n <= batchsize - 1, (n++)]): null

2018-06-01 11:43:46 - [TEST_STEP][PASSED] - Statement - product = new com.kms.katalon.core.testobject.TestObject(): null

2018-06-01 11:43:46 - [TEST_STEP][PASSED] - Statement - product = com.kms.katalon.core.webui.keyword.WebUiBuiltInKeywords.modifyObjectProperty(product, "xpath", "equals", "//*[@id = "fldvendor" + row + ""]", true): Modify property of object successfully

2018-06-01 11:43:46 - [MESSAGE][PASSED] - Modify property of object successfully

2018-06-01 11:43:46 - [TEST_STEP][PASSED] - selectOptionByIndex: All options with index in [1] are selected on object ''

2018-06-01 11:43:46 - [MESSAGE][PASSED] - All options with index in [1] are selected on object ''

2018-06-01 11:43:46 - [TEST_STEP][PASSED] - delay: Delayed 2 second(s)

2018-06-01 11:43:48 - [MESSAGE][PASSED] - Delayed 2 second(s)

2018-06-01 11:43:48 - [TEST_STEP][PASSED] - Statement - batch = new com.kms.katalon.core.testobject.TestObject(): null

2018-06-01 11:43:48 - [TEST_STEP][PASSED] - Statement - batch = com.kms.katalon.core.webui.keyword.WebUiBuiltInKeywords.modifyObjectProperty(batch, "xpath", "equals", "//*[@id = "txtbthqty" + row + ""]", true): Modify property of object successfully

2018-06-01 11:43:48 - [MESSAGE][PASSED] - Modify property of object successfully

2018-06-01 11:43:48 - [TEST_STEP][PASSED] - Statement - batchqty = com.kms.katalon.core.webui.keyword.WebUiBuiltInKeywords.getAttribute(batch, "value").trim(): Attribute 'value' of object '' is: '37500'

2018-06-01 11:43:48 - [MESSAGE][PASSED] - Attribute 'value' of object '' is: '37500'

2018-06-01 11:43:48 - [TEST_STEP][PASSED] - Statement - Rqty = 100: null

2018-06-01 11:43:48 - [TEST_STEP][PASSED] - Statement - out.println("BatchQty : " + batchqty): null

2018-06-01 11:43:48 - [TEST_STEP][PASSED] - Statement - out.println("RQty : " + Rqty): null

2018-06-01 11:43:48 - [TEST_STEP][PASSED] - Statement - If (java.lang.Integer.valueOf(batchqty) >= java.lang.Integer.valueOf(Rqty)): null

2018-06-01 11:43:48 - [TEST_STEP][PASSED] - Statement - Break: null

2018-06-01 11:43:48 - [TEST_STEP][PASSED] - Statement - batchlength = new com.kms.katalon.core.testobject.TestObject(): null

2018-06-01 11:43:48 - [TEST_STEP][PASSED] - Statement - batchlength = com.kms.katalon.core.webui.keyword.WebUiBuiltInKeywords.modifyObjectProperty(batchlength, "xpath", "equals", "//*[@id = "fldvendor" + row + ""]", true): Modify property of object successfully

2018-06-01 11:43:48 - [MESSAGE][PASSED] - Modify property of object successfully

2018-06-01 11:43:48 - [TEST_STEP][PASSED] - Statement - batchsize = com.kms.katalon.core.webui.keyword.WebUiBuiltInKeywords.getNumberOfTotalOption(batchlength): 8 options of object '' counted

2018-06-01 11:43:48 - [MESSAGE][PASSED] - 8 options of object '' counted

2018-06-01 11:43:48 - [TEST_STEP][PASSED] - Statement - out.println("BatchSize : " + batchsize): null

2018-06-01 11:43:48 - [TEST_STEP][PASSED] - Statement - For ([n = 1, n <= batchsize - 1, (n++)]): null

2018-06-01 11:43:48 - [TEST_STEP][PASSED] - Statement - product = new com.kms.katalon.core.testobject.TestObject(): null

2018-06-01 11:43:48 - [TEST_STEP][PASSED] - Statement - product = com.kms.katalon.core.webui.keyword.WebUiBuiltInKeywords.modifyObjectProperty(product, "xpath", "equals", "//*[@id = "fldvendor" + row + ""]", true): Modify property of object successfully

2018-06-01 11:43:48 - [MESSAGE][PASSED] - Modify property of object successfully

2018-06-01 11:43:48 - [TEST_STEP][PASSED] - selectOptionByIndex: All options with index in [1] are selected on object ''

2018-06-01 11:43:48 - [MESSAGE][PASSED] - All options with index in [1] are selected on object ''

2018-06-01 11:43:48 - [TEST_STEP][PASSED] - delay: Delayed 2 second(s)

2018-06-01 11:43:50 - [MESSAGE][PASSED] - Delayed 2 second(s)

2018-06-01 11:43:50 - [TEST_STEP][PASSED] - Statement - batch = new com.kms.katalon.core.testobject.TestObject(): null

2018-06-01 11:43:50 - [TEST_STEP][PASSED] - Statement - batch = com.kms.katalon.core.webui.keyword.WebUiBuiltInKeywords.modifyObjectProperty(batch, "xpath", "equals", "//*[@id = "txtbthqty" + row + ""]", true): Modify property of object successfully

2018-06-01 11:43:50 - [MESSAGE][PASSED] - Modify property of object successfully

2018-06-01 11:43:50 - [TEST_STEP][PASSED] - Statement - batchqty = com.kms.katalon.core.webui.keyword.WebUiBuiltInKeywords.getAttribute(batch, "value").trim(): Attribute 'value' of object '' is: '2800'

2018-06-01 11:43:50 - [MESSAGE][PASSED] - Attribute 'value' of object '' is: '2800'

2018-06-01 11:43:50 - [TEST_STEP][PASSED] - Statement - Rqty = 100: null

2018-06-01 11:43:50 - [TEST_STEP][PASSED] - Statement - out.println("BatchQty : " + batchqty): null

2018-06-01 11:43:50 - [TEST_STEP][PASSED] - Statement - out.println("RQty : " + Rqty): null

2018-06-01 11:43:50 - [TEST_STEP][PASSED] - Statement - If (java.lang.Integer.valueOf(batchqty) >= java.lang.Integer.valueOf(Rqty)): null

2018-06-01 11:43:50 - [TEST_STEP][PASSED] - Statement - Break: null

2018-06-01 11:43:50 - [TEST_STEP][PASSED] - Statement - batchlength = new com.kms.katalon.core.testobject.TestObject(): null

2018-06-01 11:43:50 - [TEST_STEP][PASSED] - Statement - batchlength = com.kms.katalon.core.webui.keyword.WebUiBuiltInKeywords.modifyObjectProperty(batchlength, "xpath", "equals", "//*[@id = "fldvendor" + row + ""]", true): Modify property of object successfully

2018-06-01 11:43:50 - [MESSAGE][PASSED] - Modify property of object successfully

2018-06-01 11:43:50 - [TEST_STEP][PASSED] - Statement - batchsize = com.kms.katalon.core.webui.keyword.WebUiBuiltInKeywords.getNumberOfTotalOption(batchlength): 8 options of object '' counted

2018-06-01 11:43:50 - [MESSAGE][PASSED] - 8 options of object '' counted

2018-06-01 11:43:50 - [TEST_STEP][PASSED] - Statement - out.println("BatchSize : " + batchsize): null

2018-06-01 11:43:50 - [TEST_STEP][PASSED] - Statement - For ([n = 1, n <= batchsize - 1, (n++)]): null

2018-06-01 11:43:50 - [TEST_STEP][PASSED] - Statement - product = new com.kms.katalon.core.testobject.TestObject(): null

2018-06-01 11:43:50 - [TEST_STEP][PASSED] - Statement - product = com.kms.katalon.core.webui.keyword.WebUiBuiltInKeywords.modifyObjectProperty(product, "xpath", "equals", "//*[@id = "fldvendor" + row + ""]", true): Modify property of object successfully

2018-06-01 11:43:50 - [MESSAGE][PASSED] - Modify property of object successfully

2018-06-01 11:43:50 - [TEST_STEP][PASSED] - selectOptionByIndex: All options with index in [1] are selected on object ''

2018-06-01 11:43:50 - [MESSAGE][PASSED] - All options with index in [1] are selected on object ''

2018-06-01 11:43:50 - [TEST_STEP][PASSED] - delay: Delayed 2 second(s)

2018-06-01 11:43:52 - [MESSAGE][PASSED] - Delayed 2 second(s)

2018-06-01 11:43:52 - [TEST_STEP][PASSED] - Statement - batch = new com.kms.katalon.core.testobject.TestObject(): null

2018-06-01 11:43:52 - [TEST_STEP][PASSED] - Statement - batch = com.kms.katalon.core.webui.keyword.WebUiBuiltInKeywords.modifyObjectProperty(batch, "xpath", "equals", "//*[@id = "txtbthqty" + row + ""]", true): Modify property of object successfully

2018-06-01 11:43:52 - [MESSAGE][PASSED] - Modify property of object successfully

2018-06-01 11:43:52 - [TEST_STEP][PASSED] - Statement - batchqty = com.kms.katalon.core.webui.keyword.WebUiBuiltInKeywords.getAttribute(batch, "value").trim(): Attribute 'value' of object '' is: '3800'

2018-06-01 11:43:52 - [MESSAGE][PASSED] - Attribute 'value' of object '' is: '3800'

2018-06-01 11:43:52 - [TEST_STEP][PASSED] - Statement - Rqty = 100: null

2018-06-01 11:43:52 - [TEST_STEP][PASSED] - Statement - out.println("BatchQty : " + batchqty): null

2018-06-01 11:43:52 - [TEST_STEP][PASSED] - Statement - out.println("RQty : " + Rqty): null

2018-06-01 11:43:52 - [TEST_STEP][PASSED] - Statement - If (java.lang.Integer.valueOf(batchqty) >= java.lang.Integer.valueOf(Rqty)): null

2018-06-01 11:43:52 - [TEST_STEP][PASSED] - Statement - Break: null

2018-06-01 11:43:52 - [TEST_STEP][PASSED] - Statement - batchlength = new com.kms.katalon.core.testobject.TestObject(): null

2018-06-01 11:43:52 - [TEST_STEP][PASSED] - Statement - batchlength = com.kms.katalon.core.webui.keyword.WebUiBuiltInKeywords.modifyObjectProperty(batchlength, "xpath", "equals", "//*[@id = "fldvendor" + row + ""]", true): Modify property of object successfully

2018-06-01 11:43:52 - [MESSAGE][PASSED] - Modify property of object successfully

2018-06-01 11:43:52 - [TEST_STEP][PASSED] - Statement - batchsize = com.kms.katalon.core.webui.keyword.WebUiBuiltInKeywords.getNumberOfTotalOption(batchlength): 8 options of object '' counted

2018-06-01 11:43:52 - [MESSAGE][PASSED] - 8 options of object '' counted

2018-06-01 11:43:52 - [TEST_STEP][PASSED] - Statement - out.println("BatchSize : " + batchsize): null

2018-06-01 11:43:52 - [TEST_STEP][PASSED] - Statement - For ([n = 1, n <= batchsize - 1, (n++)]): null

2018-06-01 11:43:52 - [TEST_STEP][PASSED] - Statement - product = new com.kms.katalon.core.testobject.TestObject(): null

2018-06-01 11:43:52 - [TEST_STEP][PASSED] - Statement - product = com.kms.katalon.core.webui.keyword.WebUiBuiltInKeywords.modifyObjectProperty(product, "xpath", "equals", "//*[@id = "fldvendor" + row + ""]", true): Modify property of object successfully

2018-06-01 11:43:52 - [MESSAGE][PASSED] - Modify property of object successfully

2018-06-01 11:43:52 - [TEST_STEP][PASSED] - selectOptionByIndex: All options with index in [1] are selected on object ''

2018-06-01 11:43:53 - [MESSAGE][PASSED] - All options with index in [1] are selected on object ''

2018-06-01 11:43:53 - [TEST_STEP][PASSED] - delay: Delayed 2 second(s)

2018-06-01 11:43:55 - [MESSAGE][PASSED] - Delayed 2 second(s)

2018-06-01 11:43:55 - [TEST_STEP][PASSED] - Statement - batch = new com.kms.katalon.core.testobject.TestObject(): null

2018-06-01 11:43:55 - [TEST_STEP][PASSED] - Statement - batch = com.kms.katalon.core.webui.keyword.WebUiBuiltInKeywords.modifyObjectProperty(batch, "xpath", "equals", "//*[@id = "txtbthqty" + row + ""]", true): Modify property of object successfully

2018-06-01 11:43:55 - [MESSAGE][PASSED] - Modify property of object successfully

2018-06-01 11:43:55 - [TEST_STEP][PASSED] - Statement - batchqty = com.kms.katalon.core.webui.keyword.WebUiBuiltInKeywords.getAttribute(batch, "value").trim(): Attribute 'value' of object '' is: '4200'

2018-06-01 11:43:55 - [MESSAGE][PASSED] - Attribute 'value' of object '' is: '4200'

2018-06-01 11:43:55 - [TEST_STEP][PASSED] - Statement - Rqty = 100: null

2018-06-01 11:43:55 - [TEST_STEP][PASSED] - Statement - out.println("BatchQty : " + batchqty): null

2018-06-01 11:43:55 - [TEST_STEP][PASSED] - Statement - out.println("RQty : " + Rqty): null

2018-06-01 11:43:55 - [TEST_STEP][PASSED] - Statement - If (java.lang.Integer.valueOf(batchqty) >= java.lang.Integer.valueOf(Rqty)): null

2018-06-01 11:43:55 - [TEST_STEP][PASSED] - Statement - Break: null

2018-06-01 11:43:55 - [TEST_STEP][PASSED] - Statement - batchlength = new com.kms.katalon.core.testobject.TestObject(): null

2018-06-01 11:43:55 - [TEST_STEP][PASSED] - Statement - batchlength = com.kms.katalon.core.webui.keyword.WebUiBuiltInKeywords.modifyObjectProperty(batchlength, "xpath", "equals", "//*[@id = "fldvendor" + row + ""]", true): Modify property of object successfully

2018-06-01 11:43:55 - [MESSAGE][PASSED] - Modify property of object successfully

2018-06-01 11:43:55 - [TEST_STEP][PASSED] - Statement - batchsize = com.kms.katalon.core.webui.keyword.WebUiBuiltInKeywords.getNumberOfTotalOption(batchlength): 7 options of object '' counted

2018-06-01 11:43:55 - [MESSAGE][PASSED] - 7 options of object '' counted

2018-06-01 11:43:55 - [TEST_STEP][PASSED] - Statement - out.println("BatchSize : " + batchsize): null

2018-06-01 11:43:55 - [TEST_STEP][PASSED] - Statement - For ([n = 1, n <= batchsize - 1, (n++)]): null

2018-06-01 11:43:55 - [TEST_STEP][PASSED] - Statement - product = new com.kms.katalon.core.testobject.TestObject(): null

2018-06-01 11:43:55 - [TEST_STEP][PASSED] - Statement - product = com.kms.katalon.core.webui.keyword.WebUiBuiltInKeywords.modifyObjectProperty(product, "xpath", "equals", "//*[@id = "fldvendor" + row + ""]", true): Modify property of object successfully

2018-06-01 11:43:55 - [MESSAGE][PASSED] - Modify property of object successfully

2018-06-01 11:43:55 - [TEST_STEP][PASSED] - selectOptionByIndex: All options with index in [1] are selected on object ''

2018-06-01 11:43:55 - [MESSAGE][PASSED] - All options with index in [1] are selected on object ''

2018-06-01 11:43:55 - [TEST_STEP][PASSED] - delay: Delayed 2 second(s)

2018-06-01 11:43:57 - [MESSAGE][PASSED] - Delayed 2 second(s)

2018-06-01 11:43:57 - [TEST_STEP][PASSED] - Statement - batch = new com.kms.katalon.core.testobject.TestObject(): null

2018-06-01 11:43:57 - [TEST_STEP][PASSED] - Statement - batch = com.kms.katalon.core.webui.keyword.WebUiBuiltInKeywords.modifyObjectProperty(batch, "xpath", "equals", "//*[@id = "txtbthqty" + row + ""]", true): Modify property of object successfully

2018-06-01 11:43:57 - [MESSAGE][PASSED] - Modify property of object successfully

2018-06-01 11:43:57 - [TEST_STEP][PASSED] - Statement - batchqty = com.kms.katalon.core.webui.keyword.WebUiBuiltInKeywords.getAttribute(batch, "value").trim(): Attribute 'value' of object '' is: '37500'

2018-06-01 11:43:57 - [MESSAGE][PASSED] - Attribute 'value' of object '' is: '37500'

2018-06-01 11:43:57 - [TEST_STEP][PASSED] - Statement - Rqty = 100: null

2018-06-01 11:43:57 - [TEST_STEP][PASSED] - Statement - out.println("BatchQty : " + batchqty): null

2018-06-01 11:43:57 - [TEST_STEP][PASSED] - Statement - out.println("RQty : " + Rqty): null

2018-06-01 11:43:57 - [TEST_STEP][PASSED] - Statement - If (java.lang.Integer.valueOf(batchqty) >= java.lang.Integer.valueOf(Rqty)): null

2018-06-01 11:43:57 - [TEST_STEP][PASSED] - Statement - Break: null

2018-06-01 11:43:57 - [TEST_STEP][PASSED] - Statement - batchlength = new com.kms.katalon.core.testobject.TestObject(): null

2018-06-01 11:43:57 - [TEST_STEP][PASSED] - Statement - batchlength = com.kms.katalon.core.webui.keyword.WebUiBuiltInKeywords.modifyObjectProperty(batchlength, "xpath", "equals", "//*[@id = "fldvendor" + row + ""]", true): Modify property of object successfully

2018-06-01 11:43:57 - [MESSAGE][PASSED] - Modify property of object successfully

2018-06-01 11:43:57 - [TEST_STEP][PASSED] - Statement - batchsize = com.kms.katalon.core.webui.keyword.WebUiBuiltInKeywords.getNumberOfTotalOption(batchlength): 8 options of object '' counted

2018-06-01 11:43:57 - [MESSAGE][PASSED] - 8 options of object '' counted

2018-06-01 11:43:57 - [TEST_STEP][PASSED] - Statement - out.println("BatchSize : " + batchsize): null

2018-06-01 11:43:57 - [TEST_STEP][PASSED] - Statement - For ([n = 1, n <= batchsize - 1, (n++)]): null

2018-06-01 11:43:57 - [TEST_STEP][PASSED] - Statement - product = new com.kms.katalon.core.testobject.TestObject(): null

2018-06-01 11:43:57 - [TEST_STEP][PASSED] - Statement - product = com.kms.katalon.core.webui.keyword.WebUiBuiltInKeywords.modifyObjectProperty(product, "xpath", "equals", "//*[@id = "fldvendor" + row + ""]", true): Modify property of object successfully

2018-06-01 11:43:57 - [MESSAGE][PASSED] - Modify property of object successfully

2018-06-01 11:43:57 - [TEST_STEP][PASSED] - selectOptionByIndex: All options with index in [1] are selected on object ''

2018-06-01 11:43:57 - [MESSAGE][PASSED] - All options with index in [1] are selected on object ''

2018-06-01 11:43:57 - [TEST_STEP][PASSED] - delay: Delayed 2 second(s)

2018-06-01 11:43:59 - [MESSAGE][PASSED] - Delayed 2 second(s)

2018-06-01 11:43:59 - [TEST_STEP][PASSED] - Statement - batch = new com.kms.katalon.core.testobject.TestObject(): null

2018-06-01 11:43:59 - [TEST_STEP][PASSED] - Statement - batch = com.kms.katalon.core.webui.keyword.WebUiBuiltInKeywords.modifyObjectProperty(batch, "xpath", "equals", "//*[@id = "txtbthqty" + row + ""]", true): Modify property of object successfully

2018-06-01 11:43:59 - [MESSAGE][PASSED] - Modify property of object successfully

2018-06-01 11:43:59 - [TEST_STEP][PASSED] - Statement - batchqty = com.kms.katalon.core.webui.keyword.WebUiBuiltInKeywords.getAttribute(batch, "value").trim(): Attribute 'value' of object '' is: '37500'

2018-06-01 11:43:59 - [MESSAGE][PASSED] - Attribute 'value' of object '' is: '37500'

2018-06-01 11:43:59 - [TEST_STEP][PASSED] - Statement - Rqty = 100: null

2018-06-01 11:43:59 - [TEST_STEP][PASSED] - Statement - out.println("BatchQty : " + batchqty): null

2018-06-01 11:43:59 - [TEST_STEP][PASSED] - Statement - out.println("RQty : " + Rqty): null

2018-06-01 11:43:59 - [TEST_STEP][PASSED] - Statement - If (java.lang.Integer.valueOf(batchqty) >= java.lang.Integer.valueOf(Rqty)): null

2018-06-01 11:43:59 - [TEST_STEP][PASSED] - Statement - Break: null

2018-06-01 11:43:59 - [TEST_STEP][PASSED] - Statement - batchlength = new com.kms.katalon.core.testobject.TestObject(): null

2018-06-01 11:43:59 - [TEST_STEP][PASSED] - Statement - batchlength = com.kms.katalon.core.webui.keyword.WebUiBuiltInKeywords.modifyObjectProperty(batchlength, "xpath", "equals", "//*[@id = "fldvendor" + row + ""]", true): Modify property of object successfully

2018-06-01 11:43:59 - [MESSAGE][PASSED] - Modify property of object successfully

2018-06-01 11:43:59 - [TEST_STEP][PASSED] - Statement - batchsize = com.kms.katalon.core.webui.keyword.WebUiBuiltInKeywords.getNumberOfTotalOption(batchlength): 8 options of object '' counted

2018-06-01 11:43:59 - [MESSAGE][PASSED] - 8 options of object '' counted

2018-06-01 11:43:59 - [TEST_STEP][PASSED] - Statement - out.println("BatchSize : " + batchsize): null

2018-06-01 11:43:59 - [TEST_STEP][PASSED] - Statement - For ([n = 1, n <= batchsize - 1, (n++)]): null

2018-06-01 11:43:59 - [TEST_STEP][PASSED] - Statement - product = new com.kms.katalon.core.testobject.TestObject(): null

2018-06-01 11:43:59 - [TEST_STEP][PASSED] - Statement - product = com.kms.katalon.core.webui.keyword.WebUiBuiltInKeywords.modifyObjectProperty(product, "xpath", "equals", "//*[@id = "fldvendor" + row + ""]", true): Modify property of object successfully

2018-06-01 11:43:59 - [MESSAGE][PASSED] - Modify property of object successfully

2018-06-01 11:43:59 - [TEST_STEP][PASSED] - selectOptionByIndex: All options with index in [1] are selected on object ''

2018-06-01 11:43:59 - [MESSAGE][PASSED] - All options with index in [1] are selected on object ''

2018-06-01 11:43:59 - [TEST_STEP][PASSED] - delay: Delayed 2 second(s)

2018-06-01 11:44:01 - [MESSAGE][PASSED] - Delayed 2 second(s)

2018-06-01 11:44:01 - [TEST_STEP][PASSED] - Statement - batch = new com.kms.katalon.core.testobject.TestObject(): null

2018-06-01 11:44:01 - [TEST_STEP][PASSED] - Statement - batch = com.kms.katalon.core.webui.keyword.WebUiBuiltInKeywords.modifyObjectProperty(batch, "xpath", "equals", "//*[@id = "txtbthqty" + row + ""]", true): Modify property of object successfully

2018-06-01 11:44:01 - [MESSAGE][PASSED] - Modify property of object successfully

2018-06-01 11:44:01 - [TEST_STEP][PASSED] - Statement - batchqty = com.kms.katalon.core.webui.keyword.WebUiBuiltInKeywords.getAttribute(batch, "value").trim(): Attribute 'value' of object '' is: '2800'

2018-06-01 11:44:01 - [MESSAGE][PASSED] - Attribute 'value' of object '' is: '2800'

2018-06-01 11:44:01 - [TEST_STEP][PASSED] - Statement - Rqty = 100: null

2018-06-01 11:44:01 - [TEST_STEP][PASSED] - Statement - out.println("BatchQty : " + batchqty): null

2018-06-01 11:44:01 - [TEST_STEP][PASSED] - Statement - out.println("RQty : " + Rqty): null

2018-06-01 11:44:01 - [TEST_STEP][PASSED] - Statement - If (java.lang.Integer.valueOf(batchqty) >= java.lang.Integer.valueOf(Rqty)): null

2018-06-01 11:44:01 - [TEST_STEP][PASSED] - Statement - Break: null

2018-06-01 11:44:01 - [TEST_STEP][PASSED] - Statement - batchlength = new com.kms.katalon.core.testobject.TestObject(): null

2018-06-01 11:44:01 - [TEST_STEP][PASSED] - Statement - batchlength = com.kms.katalon.core.webui.keyword.WebUiBuiltInKeywords.modifyObjectProperty(batchlength, "xpath", "equals", "//*[@id = "fldvendor" + row + ""]", true): Modify property of object successfully

2018-06-01 11:44:01 - [MESSAGE][PASSED] - Modify property of object successfully

2018-06-01 11:44:01 - [TEST_STEP][PASSED] - Statement - batchsize = com.kms.katalon.core.webui.keyword.WebUiBuiltInKeywords.getNumberOfTotalOption(batchlength): 8 options of object '' counted

2018-06-01 11:44:01 - [MESSAGE][PASSED] - 8 options of object '' counted

2018-06-01 11:44:01 - [TEST_STEP][PASSED] - Statement - out.println("BatchSize : " + batchsize): null

2018-06-01 11:44:01 - [TEST_STEP][PASSED] - Statement - For ([n = 1, n <= batchsize - 1, (n++)]): null

2018-06-01 11:44:01 - [TEST_STEP][PASSED] - Statement - product = new com.kms.katalon.core.testobject.TestObject(): null

2018-06-01 11:44:01 - [TEST_STEP][PASSED] - Statement - product = com.kms.katalon.core.webui.keyword.WebUiBuiltInKeywords.modifyObjectProperty(product, "xpath", "equals", "//*[@id = "fldvendor" + row + ""]", true): Modify property of object successfully

2018-06-01 11:44:01 - [MESSAGE][PASSED] - Modify property of object successfully

2018-06-01 11:44:01 - [TEST_STEP][PASSED] - selectOptionByIndex: All options with index in [1] are selected on object ''

2018-06-01 11:44:02 - [MESSAGE][PASSED] - All options with index in [1] are selected on object ''

2018-06-01 11:44:02 - [TEST_STEP][PASSED] - delay: Delayed 2 second(s)

2018-06-01 11:44:04 - [MESSAGE][PASSED] - Delayed 2 second(s)

2018-06-01 11:44:04 - [TEST_STEP][PASSED] - Statement - batch = new com.kms.katalon.core.testobject.TestObject(): null

2018-06-01 11:44:04 - [TEST_STEP][PASSED] - Statement - batch = com.kms.katalon.core.webui.keyword.WebUiBuiltInKeywords.modifyObjectProperty(batch, "xpath", "equals", "//*[@id = "txtbthqty" + row + ""]", true): Modify property of object successfully

2018-06-01 11:44:04 - [MESSAGE][PASSED] - Modify property of object successfully

2018-06-01 11:44:04 - [TEST_STEP][PASSED] - Statement - batchqty = com.kms.katalon.core.webui.keyword.WebUiBuiltInKeywords.getAttribute(batch, "value").trim(): Attribute 'value' of object '' is: '2800'

2018-06-01 11:44:04 - [MESSAGE][PASSED] - Attribute 'value' of object '' is: '2800'

2018-06-01 11:44:04 - [TEST_STEP][PASSED] - Statement - Rqty = 100: null

2018-06-01 11:44:04 - [TEST_STEP][PASSED] - Statement - out.println("BatchQty : " + batchqty): null

2018-06-01 11:44:04 - [TEST_STEP][PASSED] - Statement - out.println("RQty : " + Rqty): null

2018-06-01 11:44:04 - [TEST_STEP][PASSED] - Statement - If (java.lang.Integer.valueOf(batchqty) >= java.lang.Integer.valueOf(Rqty)): null

2018-06-01 11:44:04 - [TEST_STEP][PASSED] - Statement - Break: null

2018-06-01 11:44:04 - [TEST_STEP][PASSED] - Statement - batchlength = new com.kms.katalon.core.testobject.TestObject(): null

2018-06-01 11:44:04 - [TEST_STEP][PASSED] - Statement - batchlength = com.kms.katalon.core.webui.keyword.WebUiBuiltInKeywords.modifyObjectProperty(batchlength, "xpath", "equals", "//*[@id = "fldvendor" + row + ""]", true): Modify property of object successfully

2018-06-01 11:44:04 - [MESSAGE][PASSED] - Modify property of object successfully

2018-06-01 11:44:04 - [TEST_STEP][PASSED] - Statement - batchsize = com.kms.katalon.core.webui.keyword.WebUiBuiltInKeywords.getNumberOfTotalOption(batchlength): 8 options of object '' counted

2018-06-01 11:44:04 - [MESSAGE][PASSED] - 8 options of object '' counted

2018-06-01 11:44:04 - [TEST_STEP][PASSED] - Statement - out.println("BatchSize : " + batchsize): null

2018-06-01 11:44:04 - [TEST_STEP][PASSED] - Statement - For ([n = 1, n <= batchsize - 1, (n++)]): null

2018-06-01 11:44:04 - [TEST_STEP][PASSED] - Statement - product = new com.kms.katalon.core.testobject.TestObject(): null

2018-06-01 11:44:04 - [TEST_STEP][PASSED] - Statement - product = com.kms.katalon.core.webui.keyword.WebUiBuiltInKeywords.modifyObjectProperty(product, "xpath", "equals", "//*[@id = "fldvendor" + row + ""]", true): Modify property of object successfully

2018-06-01 11:44:04 - [MESSAGE][PASSED] - Modify property of object successfully

2018-06-01 11:44:04 - [TEST_STEP][PASSED] - selectOptionByIndex: All options with index in [1] are selected on object ''

2018-06-01 11:44:04 - [MESSAGE][PASSED] - All options with index in [1] are selected on object ''

2018-06-01 11:44:04 - [TEST_STEP][PASSED] - delay: Delayed 2 second(s)

2018-06-01 11:44:06 - [MESSAGE][PASSED] - Delayed 2 second(s)

2018-06-01 11:44:06 - [TEST_STEP][PASSED] - Statement - batch = new com.kms.katalon.core.testobject.TestObject(): null

2018-06-01 11:44:06 - [TEST_STEP][PASSED] - Statement - batch = com.kms.katalon.core.webui.keyword.WebUiBuiltInKeywords.modifyObjectProperty(batch, "xpath", "equals", "//*[@id = "txtbthqty" + row + ""]", true): Modify property of object successfully

2018-06-01 11:44:06 - [MESSAGE][PASSED] - Modify property of object successfully

2018-06-01 11:44:06 - [TEST_STEP][PASSED] - Statement - batchqty = com.kms.katalon.core.webui.keyword.WebUiBuiltInKeywords.getAttribute(batch, "value").trim(): Attribute 'value' of object '' is: '3800'

2018-06-01 11:44:06 - [MESSAGE][PASSED] - Attribute 'value' of object '' is: '3800'

2018-06-01 11:44:06 - [TEST_STEP][PASSED] - Statement - Rqty = 100: null

2018-06-01 11:44:06 - [TEST_STEP][PASSED] - Statement - out.println("BatchQty : " + batchqty): null

2018-06-01 11:44:06 - [TEST_STEP][PASSED] - Statement - out.println("RQty : " + Rqty): null

2018-06-01 11:44:06 - [TEST_STEP][PASSED] - Statement - If (java.lang.Integer.valueOf(batchqty) >= java.lang.Integer.valueOf(Rqty)): null

2018-06-01 11:44:06 - [TEST_STEP][PASSED] - Statement - Break: null

2018-06-01 11:44:06 - [TEST_STEP][PASSED] - Statement - batchlength = new com.kms.katalon.core.testobject.TestObject(): null

2018-06-01 11:44:06 - [TEST_STEP][PASSED] - Statement - batchlength = com.kms.katalon.core.webui.keyword.WebUiBuiltInKeywords.modifyObjectProperty(batchlength, "xpath", "equals", "//*[@id = "fldvendor" + row + ""]", true): Modify property of object successfully

2018-06-01 11:44:06 - [MESSAGE][PASSED] - Modify property of object successfully

2018-06-01 11:44:06 - [TEST_STEP][PASSED] - Statement - batchsize = com.kms.katalon.core.webui.keyword.WebUiBuiltInKeywords.getNumberOfTotalOption(batchlength): 8 options of object '' counted

2018-06-01 11:44:06 - [MESSAGE][PASSED] - 8 options of object '' counted

2018-06-01 11:44:06 - [TEST_STEP][PASSED] - Statement - out.println("BatchSize : " + batchsize): null

2018-06-01 11:44:06 - [TEST_STEP][PASSED] - Statement - For ([n = 1, n <= batchsize - 1, (n++)]): null

2018-06-01 11:44:06 - [TEST_STEP][PASSED] - Statement - product = new com.kms.katalon.core.testobject.TestObject(): null

2018-06-01 11:44:06 - [TEST_STEP][PASSED] - Statement - product = com.kms.katalon.core.webui.keyword.WebUiBuiltInKeywords.modifyObjectProperty(product, "xpath", "equals", "//*[@id = "fldvendor" + row + ""]", true): Modify property of object successfully

2018-06-01 11:44:06 - [MESSAGE][PASSED] - Modify property of object successfully

2018-06-01 11:44:06 - [TEST_STEP][PASSED] - selectOptionByIndex: All options with index in [1] are selected on object ''

2018-06-01 11:44:06 - [MESSAGE][PASSED] - All options with index in [1] are selected on object ''

2018-06-01 11:44:06 - [TEST_STEP][PASSED] - delay: Delayed 2 second(s)

2018-06-01 11:44:08 - [MESSAGE][PASSED] - Delayed 2 second(s)

2018-06-01 11:44:08 - [TEST_STEP][PASSED] - Statement - batch = new com.kms.katalon.core.testobject.TestObject(): null

2018-06-01 11:44:08 - [TEST_STEP][PASSED] - Statement - batch = com.kms.katalon.core.webui.keyword.WebUiBuiltInKeywords.modifyObjectProperty(batch, "xpath", "equals", "//*[@id = "txtbthqty" + row + ""]", true): Modify property of object successfully

2018-06-01 11:44:08 - [MESSAGE][PASSED] - Modify property of object successfully

2018-06-01 11:44:08 - [TEST_STEP][PASSED] - Statement - batchqty = com.kms.katalon.core.webui.keyword.WebUiBuiltInKeywords.getAttribute(batch, "value").trim(): Attribute 'value' of object '' is: '2800'

2018-06-01 11:44:08 - [MESSAGE][PASSED] - Attribute 'value' of object '' is: '2800'

2018-06-01 11:44:08 - [TEST_STEP][PASSED] - Statement - Rqty = 100: null

2018-06-01 11:44:08 - [TEST_STEP][PASSED] - Statement - out.println("BatchQty : " + batchqty): null

2018-06-01 11:44:08 - [TEST_STEP][PASSED] - Statement - out.println("RQty : " + Rqty): null

2018-06-01 11:44:08 - [TEST_STEP][PASSED] - Statement - If (java.lang.Integer.valueOf(batchqty) >= java.lang.Integer.valueOf(Rqty)): null

2018-06-01 11:44:08 - [TEST_STEP][PASSED] - Statement - Break: null

2018-06-01 11:44:08 - [TEST_STEP][PASSED] - Statement - batchlength = new com.kms.katalon.core.testobject.TestObject(): null

2018-06-01 11:44:08 - [TEST_STEP][PASSED] - Statement - batchlength = com.kms.katalon.core.webui.keyword.WebUiBuiltInKeywords.modifyObjectProperty(batchlength, "xpath", "equals", "//*[@id = "fldvendor" + row + ""]", true): Modify property of object successfully

2018-06-01 11:44:08 - [MESSAGE][PASSED] - Modify property of object successfully

2018-06-01 11:44:08 - [TEST_STEP][PASSED] - Statement - batchsize = com.kms.katalon.core.webui.keyword.WebUiBuiltInKeywords.getNumberOfTotalOption(batchlength): 8 options of object '' counted

2018-06-01 11:44:08 - [MESSAGE][PASSED] - 8 options of object '' counted

2018-06-01 11:44:08 - [TEST_STEP][PASSED] - Statement - out.println("BatchSize : " + batchsize): null

2018-06-01 11:44:08 - [TEST_STEP][PASSED] - Statement - For ([n = 1, n <= batchsize - 1, (n++)]): null

2018-06-01 11:44:08 - [TEST_STEP][PASSED] - Statement - product = new com.kms.katalon.core.testobject.TestObject(): null

2018-06-01 11:44:08 - [TEST_STEP][PASSED] - Statement - product = com.kms.katalon.core.webui.keyword.WebUiBuiltInKeywords.modifyObjectProperty(product, "xpath", "equals", "//*[@id = "fldvendor" + row + ""]", true): Modify property of object successfully

2018-06-01 11:44:08 - [MESSAGE][PASSED] - Modify property of object successfully

2018-06-01 11:44:08 - [TEST_STEP][PASSED] - selectOptionByIndex: All options with index in [1] are selected on object ''

2018-06-01 11:44:08 - [MESSAGE][PASSED] - All options with index in [1] are selected on object ''

2018-06-01 11:44:08 - [TEST_STEP][PASSED] - delay: Delayed 2 second(s)

2018-06-01 11:44:10 - [MESSAGE][PASSED] - Delayed 2 second(s)

2018-06-01 11:44:10 - [TEST_STEP][PASSED] - Statement - batch = new com.kms.katalon.core.testobject.TestObject(): null

2018-06-01 11:44:10 - [TEST_STEP][PASSED] - Statement - batch = com.kms.katalon.core.webui.keyword.WebUiBuiltInKeywords.modifyObjectProperty(batch, "xpath", "equals", "//*[@id = "txtbthqty" + row + ""]", true): Modify property of object successfully

2018-06-01 11:44:10 - [MESSAGE][PASSED] - Modify property of object successfully

2018-06-01 11:44:10 - [TEST_STEP][PASSED] - Statement - batchqty = com.kms.katalon.core.webui.keyword.WebUiBuiltInKeywords.getAttribute(batch, "value").trim(): Attribute 'value' of object '' is: '37500'

2018-06-01 11:44:10 - [MESSAGE][PASSED] - Attribute 'value' of object '' is: '37500'

2018-06-01 11:44:10 - [TEST_STEP][PASSED] - Statement - Rqty = 100: null

2018-06-01 11:44:10 - [TEST_STEP][PASSED] - Statement - out.println("BatchQty : " + batchqty): null

2018-06-01 11:44:10 - [TEST_STEP][PASSED] - Statement - out.println("RQty : " + Rqty): null

2018-06-01 11:44:10 - [TEST_STEP][PASSED] - Statement - If (java.lang.Integer.valueOf(batchqty) >= java.lang.Integer.valueOf(Rqty)): null

2018-06-01 11:44:10 - [TEST_STEP][PASSED] - Statement - Break: null

2018-06-01 11:44:10 - [TEST_STEP][PASSED] - Statement - batchlength = new com.kms.katalon.core.testobject.TestObject(): null

2018-06-01 11:44:10 - [TEST_STEP][PASSED] - Statement - batchlength = com.kms.katalon.core.webui.keyword.WebUiBuiltInKeywords.modifyObjectProperty(batchlength, "xpath", "equals", "//*[@id = "fldvendor" + row + ""]", true): Modify property of object successfully

2018-06-01 11:44:10 - [MESSAGE][PASSED] - Modify property of object successfully

2018-06-01 11:44:10 - [TEST_STEP][PASSED] - Statement - batchsize = com.kms.katalon.core.webui.keyword.WebUiBuiltInKeywords.getNumberOfTotalOption(batchlength): 8 options of object '' counted

2018-06-01 11:44:11 - [MESSAGE][PASSED] - 8 options of object '' counted

2018-06-01 11:44:11 - [TEST_STEP][PASSED] - Statement - out.println("BatchSize : " + batchsize): null

2018-06-01 11:44:11 - [TEST_STEP][PASSED] - Statement - For ([n = 1, n <= batchsize - 1, (n++)]): null

2018-06-01 11:44:11 - [TEST_STEP][PASSED] - Statement - product = new com.kms.katalon.core.testobject.TestObject(): null

2018-06-01 11:44:11 - [TEST_STEP][PASSED] - Statement - product = com.kms.katalon.core.webui.keyword.WebUiBuiltInKeywords.modifyObjectProperty(product, "xpath", "equals", "//*[@id = "fldvendor" + row + ""]", true): Modify property of object successfully

2018-06-01 11:44:11 - [MESSAGE][PASSED] - Modify property of object successfully

2018-06-01 11:44:11 - [TEST_STEP][PASSED] - selectOptionByIndex: All options with index in [1] are selected on object ''

2018-06-01 11:44:11 - [MESSAGE][PASSED] - All options with index in [1] are selected on object ''

2018-06-01 11:44:11 - [TEST_STEP][PASSED] - delay: Delayed 2 second(s)

2018-06-01 11:44:13 - [MESSAGE][PASSED] - Delayed 2 second(s)

2018-06-01 11:44:13 - [TEST_STEP][PASSED] - Statement - batch = new com.kms.katalon.core.testobject.TestObject(): null

2018-06-01 11:44:13 - [TEST_STEP][PASSED] - Statement - batch = com.kms.katalon.core.webui.keyword.WebUiBuiltInKeywords.modifyObjectProperty(batch, "xpath", "equals", "//*[@id = "txtbthqty" + row + ""]", true): Modify property of object successfully

2018-06-01 11:44:13 - [MESSAGE][PASSED] - Modify property of object successfully

2018-06-01 11:44:13 - [TEST_STEP][PASSED] - Statement - batchqty = com.kms.katalon.core.webui.keyword.WebUiBuiltInKeywords.getAttribute(batch, "value").trim(): Attribute 'value' of object '' is: '4200'

2018-06-01 11:44:13 - [MESSAGE][PASSED] - Attribute 'value' of object '' is: '4200'

2018-06-01 11:44:13 - [TEST_STEP][PASSED] - Statement - Rqty = 100: null

2018-06-01 11:44:13 - [TEST_STEP][PASSED] - Statement - out.println("BatchQty : " + batchqty): null

2018-06-01 11:44:13 - [TEST_STEP][PASSED] - Statement - out.println("RQty : " + Rqty): null

2018-06-01 11:44:13 - [TEST_STEP][PASSED] - Statement - If (java.lang.Integer.valueOf(batchqty) >= java.lang.Integer.valueOf(Rqty)): null

2018-06-01 11:44:13 - [TEST_STEP][PASSED] - Statement - Break: null

2018-06-01 11:44:13 - [TEST_STEP][PASSED] - Statement - batchlength = new com.kms.katalon.core.testobject.TestObject(): null

2018-06-01 11:44:13 - [TEST_STEP][PASSED] - Statement - batchlength = com.kms.katalon.core.webui.keyword.WebUiBuiltInKeywords.modifyObjectProperty(batchlength, "xpath", "equals", "//*[@id = "fldvendor" + row + ""]", true): Modify property of object successfully

2018-06-01 11:44:13 - [MESSAGE][PASSED] - Modify property of object successfully

2018-06-01 11:44:13 - [TEST_STEP][PASSED] - Statement - batchsize = com.kms.katalon.core.webui.keyword.WebUiBuiltInKeywords.getNumberOfTotalOption(batchlength): 8 options of object '' counted

2018-06-01 11:44:13 - [MESSAGE][PASSED] - 8 options of object '' counted

2018-06-01 11:44:13 - [TEST_STEP][PASSED] - Statement - out.println("BatchSize : " + batchsize): null

2018-06-01 11:44:13 - [TEST_STEP][PASSED] - Statement - For ([n = 1, n <= batchsize - 1, (n++)]): null

2018-06-01 11:44:13 - [TEST_STEP][PASSED] - Statement - product = new com.kms.katalon.core.testobject.TestObject(): null

2018-06-01 11:44:13 - [TEST_STEP][PASSED] - Statement - product = com.kms.katalon.core.webui.keyword.WebUiBuiltInKeywords.modifyObjectProperty(product, "xpath", "equals", "//*[@id = "fldvendor" + row + ""]", true): Modify property of object successfully

2018-06-01 11:44:13 - [MESSAGE][PASSED] - Modify property of object successfully

2018-06-01 11:44:13 - [TEST_STEP][PASSED] - selectOptionByIndex: All options with index in [1] are selected on object ''

2018-06-01 11:44:13 - [MESSAGE][PASSED] - All options with index in [1] are selected on object ''

2018-06-01 11:44:13 - [TEST_STEP][PASSED] - delay: Delayed 2 second(s)

2018-06-01 11:44:15 - [MESSAGE][PASSED] - Delayed 2 second(s)

2018-06-01 11:44:15 - [TEST_STEP][PASSED] - Statement - batch = new com.kms.katalon.core.testobject.TestObject(): null

2018-06-01 11:44:15 - [TEST_STEP][PASSED] - Statement - batch = com.kms.katalon.core.webui.keyword.WebUiBuiltInKeywords.modifyObjectProperty(batch, "xpath", "equals", "//*[@id = "txtbthqty" + row + ""]", true): Modify property of object successfully

2018-06-01 11:44:15 - [MESSAGE][PASSED] - Modify property of object successfully

2018-06-01 11:44:15 - [TEST_STEP][PASSED] - Statement - batchqty = com.kms.katalon.core.webui.keyword.WebUiBuiltInKeywords.getAttribute(batch, "value").trim(): Attribute 'value' of object '' is: '2800'

2018-06-01 11:44:15 - [MESSAGE][PASSED] - Attribute 'value' of object '' is: '2800'

2018-06-01 11:44:15 - [TEST_STEP][PASSED] - Statement - Rqty = 100: null

2018-06-01 11:44:15 - [TEST_STEP][PASSED] - Statement - out.println("BatchQty : " + batchqty): null

2018-06-01 11:44:15 - [TEST_STEP][PASSED] - Statement - out.println("RQty : " + Rqty): null

2018-06-01 11:44:15 - [TEST_STEP][PASSED] - Statement - If (java.lang.Integer.valueOf(batchqty) >= java.lang.Integer.valueOf(Rqty)): null

2018-06-01 11:44:15 - [TEST_STEP][PASSED] - Statement - Break: null

2018-06-01 11:44:15 - [TEST_STEP][PASSED] - Statement - batchlength = new com.kms.katalon.core.testobject.TestObject(): null

2018-06-01 11:44:15 - [TEST_STEP][PASSED] - Statement - batchlength = com.kms.katalon.core.webui.keyword.WebUiBuiltInKeywords.modifyObjectProperty(batchlength, "xpath", "equals", "//*[@id = "fldvendor" + row + ""]", true): Modify property of object successfully

2018-06-01 11:44:15 - [MESSAGE][PASSED] - Modify property of object successfully

2018-06-01 11:44:15 - [TEST_STEP][PASSED] - Statement - batchsize = com.kms.katalon.core.webui.keyword.WebUiBuiltInKeywords.getNumberOfTotalOption(batchlength): 8 options of object '' counted

2018-06-01 11:44:15 - [MESSAGE][PASSED] - 8 options of object '' counted

2018-06-01 11:44:15 - [TEST_STEP][PASSED] - Statement - out.println("BatchSize : " + batchsize): null

2018-06-01 11:44:15 - [TEST_STEP][PASSED] - Statement - For ([n = 1, n <= batchsize - 1, (n++)]): null

2018-06-01 11:44:15 - [TEST_STEP][PASSED] - Statement - product = new com.kms.katalon.core.testobject.TestObject(): null

2018-06-01 11:44:15 - [TEST_STEP][PASSED] - Statement - product = com.kms.katalon.core.webui.keyword.WebUiBuiltInKeywords.modifyObjectProperty(product, "xpath", "equals", "//*[@id = "fldvendor" + row + ""]", true): Modify property of object successfully

2018-06-01 11:44:15 - [MESSAGE][PASSED] - Modify property of object successfully

2018-06-01 11:44:15 - [TEST_STEP][PASSED] - selectOptionByIndex: All options with index in [1] are selected on object ''

2018-06-01 11:44:15 - [MESSAGE][PASSED] - All options with index in [1] are selected on object ''

2018-06-01 11:44:15 - [TEST_STEP][PASSED] - delay: Delayed 2 second(s)

2018-06-01 11:44:17 - [MESSAGE][PASSED] - Delayed 2 second(s)

2018-06-01 11:44:17 - [TEST_STEP][PASSED] - Statement - batch = new com.kms.katalon.core.testobject.TestObject(): null

2018-06-01 11:44:17 - [TEST_STEP][PASSED] - Statement - batch = com.kms.katalon.core.webui.keyword.WebUiBuiltInKeywords.modifyObjectProperty(batch, "xpath", "equals", "//*[@id = "txtbthqty" + row + ""]", true): Modify property of object successfully

2018-06-01 11:44:17 - [MESSAGE][PASSED] - Modify property of object successfully

2018-06-01 11:44:17 - [TEST_STEP][PASSED] - Statement - batchqty = com.kms.katalon.core.webui.keyword.WebUiBuiltInKeywords.getAttribute(batch, "value").trim(): Attribute 'value' of object '' is: '4200'

2018-06-01 11:44:17 - [MESSAGE][PASSED] - Attribute 'value' of object '' is: '4200'

2018-06-01 11:44:17 - [TEST_STEP][PASSED] - Statement - Rqty = 100: null

2018-06-01 11:44:17 - [TEST_STEP][PASSED] - Statement - out.println("BatchQty : " + batchqty): null

2018-06-01 11:44:17 - [TEST_STEP][PASSED] - Statement - out.println("RQty : " + Rqty): null

2018-06-01 11:44:17 - [TEST_STEP][PASSED] - Statement - If (java.lang.Integer.valueOf(batchqty) >= java.lang.Integer.valueOf(Rqty)): null

2018-06-01 11:44:17 - [TEST_STEP][PASSED] - Statement - Break: null

2018-06-01 11:44:17 - [TEST_STEP][PASSED] - Statement - batchlength = new com.kms.katalon.core.testobject.TestObject(): null

2018-06-01 11:44:17 - [TEST_STEP][PASSED] - Statement - batchlength = com.kms.katalon.core.webui.keyword.WebUiBuiltInKeywords.modifyObjectProperty(batchlength, "xpath", "equals", "//*[@id = "fldvendor" + row + ""]", true): Modify property of object successfully

2018-06-01 11:44:17 - [MESSAGE][PASSED] - Modify property of object successfully

2018-06-01 11:44:17 - [TEST_STEP][PASSED] - Statement - batchsize = com.kms.katalon.core.webui.keyword.WebUiBuiltInKeywords.getNumberOfTotalOption(batchlength): 8 options of object '' counted

2018-06-01 11:44:17 - [MESSAGE][PASSED] - 8 options of object '' counted

2018-06-01 11:44:17 - [TEST_STEP][PASSED] - Statement - out.println("BatchSize : " + batchsize): null

2018-06-01 11:44:17 - [TEST_STEP][PASSED] - Statement - For ([n = 1, n <= batchsize - 1, (n++)]): null

2018-06-01 11:44:17 - [TEST_STEP][PASSED] - Statement - product = new com.kms.katalon.core.testobject.TestObject(): null

2018-06-01 11:44:17 - [TEST_STEP][PASSED] - Statement - product = com.kms.katalon.core.webui.keyword.WebUiBuiltInKeywords.modifyObjectProperty(product, "xpath", "equals", "//*[@id = "fldvendor" + row + ""]", true): Modify property of object successfully

2018-06-01 11:44:17 - [MESSAGE][PASSED] - Modify property of object successfully

2018-06-01 11:44:17 - [TEST_STEP][PASSED] - selectOptionByIndex: All options with index in [1] are selected on object ''

2018-06-01 11:44:18 - [MESSAGE][PASSED] - All options with index in [1] are selected on object ''

2018-06-01 11:44:18 - [TEST_STEP][PASSED] - delay: Delayed 2 second(s)

2018-06-01 11:44:20 - [MESSAGE][PASSED] - Delayed 2 second(s)

2018-06-01 11:44:20 - [TEST_STEP][PASSED] - Statement - batch = new com.kms.katalon.core.testobject.TestObject(): null

2018-06-01 11:44:20 - [TEST_STEP][PASSED] - Statement - batch = com.kms.katalon.core.webui.keyword.WebUiBuiltInKeywords.modifyObjectProperty(batch, "xpath", "equals", "//*[@id = "txtbthqty" + row + ""]", true): Modify property of object successfully

2018-06-01 11:44:20 - [MESSAGE][PASSED] - Modify property of object successfully

2018-06-01 11:44:20 - [TEST_STEP][PASSED] - Statement - batchqty = com.kms.katalon.core.webui.keyword.WebUiBuiltInKeywords.getAttribute(batch, "value").trim(): Attribute 'value' of object '' is: '2800'

2018-06-01 11:44:20 - [MESSAGE][PASSED] - Attribute 'value' of object '' is: '2800'

2018-06-01 11:44:20 - [TEST_STEP][PASSED] - Statement - Rqty = 100: null

2018-06-01 11:44:20 - [TEST_STEP][PASSED] - Statement - out.println("BatchQty : " + batchqty): null

2018-06-01 11:44:20 - [TEST_STEP][PASSED] - Statement - out.println("RQty : " + Rqty): null

2018-06-01 11:44:20 - [TEST_STEP][PASSED] - Statement - If (java.lang.Integer.valueOf(batchqty) >= java.lang.Integer.valueOf(Rqty)): null

2018-06-01 11:44:20 - [TEST_STEP][PASSED] - Statement - Break: null

2018-06-01 11:44:20 - [TEST_STEP][PASSED] - Statement - batchlength = new com.kms.katalon.core.testobject.TestObject(): null

2018-06-01 11:44:20 - [TEST_STEP][PASSED] - Statement - batchlength = com.kms.katalon.core.webui.keyword.WebUiBuiltInKeywords.modifyObjectProperty(batchlength, "xpath", "equals", "//*[@id = "fldvendor" + row + ""]", true): Modify property of object successfully

2018-06-01 11:44:20 - [MESSAGE][PASSED] - Modify property of object successfully

2018-06-01 11:44:20 - [TEST_STEP][PASSED] - Statement - batchsize = com.kms.katalon.core.webui.keyword.WebUiBuiltInKeywords.getNumberOfTotalOption(batchlength): 8 options of object '' counted

2018-06-01 11:44:20 - [MESSAGE][PASSED] - 8 options of object '' counted

2018-06-01 11:44:20 - [TEST_STEP][PASSED] - Statement - out.println("BatchSize : " + batchsize): null

2018-06-01 11:44:20 - [TEST_STEP][PASSED] - Statement - For ([n = 1, n <= batchsize - 1, (n++)]): null

2018-06-01 11:44:20 - [TEST_STEP][PASSED] - Statement - product = new com.kms.katalon.core.testobject.TestObject(): null

2018-06-01 11:44:20 - [TEST_STEP][PASSED] - Statement - product = com.kms.katalon.core.webui.keyword.WebUiBuiltInKeywords.modifyObjectProperty(product, "xpath", "equals", "//*[@id = "fldvendor" + row + ""]", true): Modify property of object successfully

2018-06-01 11:44:20 - [MESSAGE][PASSED] - Modify property of object successfully

2018-06-01 11:44:20 - [TEST_STEP][PASSED] - selectOptionByIndex: All options with index in [1] are selected on object ''

2018-06-01 11:44:20 - [MESSAGE][PASSED] - All options with index in [1] are selected on object ''

2018-06-01 11:44:20 - [TEST_STEP][PASSED] - delay: Delayed 2 second(s)

2018-06-01 11:44:22 - [MESSAGE][PASSED] - Delayed 2 second(s)

2018-06-01 11:44:22 - [TEST_STEP][PASSED] - Statement - batch = new com.kms.katalon.core.testobject.TestObject(): null

2018-06-01 11:44:22 - [TEST_STEP][PASSED] - Statement - batch = com.kms.katalon.core.webui.keyword.WebUiBuiltInKeywords.modifyObjectProperty(batch, "xpath", "equals", "//*[@id = "txtbthqty" + row + ""]", true): Modify property of object successfully

2018-06-01 11:44:22 - [MESSAGE][PASSED] - Modify property of object successfully

2018-06-01 11:44:22 - [TEST_STEP][PASSED] - Statement - batchqty = com.kms.katalon.core.webui.keyword.WebUiBuiltInKeywords.getAttribute(batch, "value").trim(): Attribute 'value' of object '' is: '4700'

2018-06-01 11:44:22 - [MESSAGE][PASSED] - Attribute 'value' of object '' is: '4700'

2018-06-01 11:44:22 - [TEST_STEP][PASSED] - Statement - Rqty = 100: null

2018-06-01 11:44:22 - [TEST_STEP][PASSED] - Statement - out.println("BatchQty : " + batchqty): null

2018-06-01 11:44:22 - [TEST_STEP][PASSED] - Statement - out.println("RQty : " + Rqty): null

2018-06-01 11:44:22 - [TEST_STEP][PASSED] - Statement - If (java.lang.Integer.valueOf(batchqty) >= java.lang.Integer.valueOf(Rqty)): null

2018-06-01 11:44:22 - [TEST_STEP][PASSED] - Statement - Break: null

2018-06-01 11:44:22 - [TEST_STEP][PASSED] - Statement - batchlength = new com.kms.katalon.core.testobject.TestObject(): null

2018-06-01 11:44:22 - [TEST_STEP][PASSED] - Statement - batchlength = com.kms.katalon.core.webui.keyword.WebUiBuiltInKeywords.modifyObjectProperty(batchlength, "xpath", "equals", "//*[@id = "fldvendor" + row + ""]", true): Modify property of object successfully

2018-06-01 11:44:22 - [MESSAGE][PASSED] - Modify property of object successfully

2018-06-01 11:44:22 - [TEST_STEP][PASSED] - Statement - batchsize = com.kms.katalon.core.webui.keyword.WebUiBuiltInKeywords.getNumberOfTotalOption(batchlength): 8 options of object '' counted

2018-06-01 11:44:22 - [MESSAGE][PASSED] - 8 options of object '' counted

2018-06-01 11:44:22 - [TEST_STEP][PASSED] - Statement - out.println("BatchSize : " + batchsize): null

2018-06-01 11:44:22 - [TEST_STEP][PASSED] - Statement - For ([n = 1, n <= batchsize - 1, (n++)]): null

2018-06-01 11:44:22 - [TEST_STEP][PASSED] - Statement - product = new com.kms.katalon.core.testobject.TestObject(): null

2018-06-01 11:44:22 - [TEST_STEP][PASSED] - Statement - product = com.kms.katalon.core.webui.keyword.WebUiBuiltInKeywords.modifyObjectProperty(product, "xpath", "equals", "//*[@id = "fldvendor" + row + ""]", true): Modify property of object successfully

2018-06-01 11:44:22 - [MESSAGE][PASSED] - Modify property of object successfully

2018-06-01 11:44:22 - [TEST_STEP][PASSED] - selectOptionByIndex: All options with index in [1] are selected on object ''

2018-06-01 11:44:22 - [MESSAGE][PASSED] - All options with index in [1] are selected on object ''

2018-06-01 11:44:22 - [TEST_STEP][PASSED] - delay: Delayed 2 second(s)

2018-06-01 11:44:24 - [MESSAGE][PASSED] - Delayed 2 second(s)

2018-06-01 11:44:24 - [TEST_STEP][PASSED] - Statement - batch = new com.kms.katalon.core.testobject.TestObject(): null

2018-06-01 11:44:24 - [TEST_STEP][PASSED] - Statement - batch = com.kms.katalon.core.webui.keyword.WebUiBuiltInKeywords.modifyObjectProperty(batch, "xpath", "equals", "//*[@id = "txtbthqty" + row + ""]", true): Modify property of object successfully

2018-06-01 11:44:24 - [MESSAGE][PASSED] - Modify property of object successfully

2018-06-01 11:44:24 - [TEST_STEP][PASSED] - Statement - batchqty = com.kms.katalon.core.webui.keyword.WebUiBuiltInKeywords.getAttribute(batch, "value").trim(): Attribute 'value' of object '' is: '4700'

2018-06-01 11:44:24 - [MESSAGE][PASSED] - Attribute 'value' of object '' is: '4700'

2018-06-01 11:44:24 - [TEST_STEP][PASSED] - Statement - Rqty = 100: null

2018-06-01 11:44:24 - [TEST_STEP][PASSED] - Statement - out.println("BatchQty : " + batchqty): null

2018-06-01 11:44:24 - [TEST_STEP][PASSED] - Statement - out.println("RQty : " + Rqty): null

2018-06-01 11:44:24 - [TEST_STEP][PASSED] - Statement - If (java.lang.Integer.valueOf(batchqty) >= java.lang.Integer.valueOf(Rqty)): null

2018-06-01 11:44:24 - [TEST_STEP][PASSED] - Statement - Break: null

2018-06-01 11:44:24 - [TEST_STEP][PASSED] - Statement - batchlength = new com.kms.katalon.core.testobject.TestObject(): null

2018-06-01 11:44:24 - [TEST_STEP][PASSED] - Statement - batchlength = com.kms.katalon.core.webui.keyword.WebUiBuiltInKeywords.modifyObjectProperty(batchlength, "xpath", "equals", "//*[@id = "fldvendor" + row + ""]", true): Modify property of object successfully

2018-06-01 11:44:24 - [MESSAGE][PASSED] - Modify property of object successfully

2018-06-01 11:44:24 - [TEST_STEP][PASSED] - Statement - batchsize = com.kms.katalon.core.webui.keyword.WebUiBuiltInKeywords.getNumberOfTotalOption(batchlength): 8 options of object '' counted

2018-06-01 11:44:24 - [MESSAGE][PASSED] - 8 options of object '' counted

2018-06-01 11:44:24 - [TEST_STEP][PASSED] - Statement - out.println("BatchSize : " + batchsize): null

2018-06-01 11:44:24 - [TEST_STEP][PASSED] - Statement - For ([n = 1, n <= batchsize - 1, (n++)]): null

2018-06-01 11:44:24 - [TEST_STEP][PASSED] - Statement - product = new com.kms.katalon.core.testobject.TestObject(): null

2018-06-01 11:44:24 - [TEST_STEP][PASSED] - Statement - product = com.kms.katalon.core.webui.keyword.WebUiBuiltInKeywords.modifyObjectProperty(product, "xpath", "equals", "//*[@id = "fldvendor" + row + ""]", true): Modify property of object successfully

2018-06-01 11:44:24 - [MESSAGE][PASSED] - Modify property of object successfully

2018-06-01 11:44:24 - [TEST_STEP][PASSED] - selectOptionByIndex: All options with index in [1] are selected on object ''

2018-06-01 11:44:24 - [MESSAGE][PASSED] - All options with index in [1] are selected on object ''

2018-06-01 11:44:24 - [TEST_STEP][PASSED] - delay: Delayed 2 second(s)

2018-06-01 11:44:26 - [MESSAGE][PASSED] - Delayed 2 second(s)

2018-06-01 11:44:26 - [TEST_STEP][PASSED] - Statement - batch = new com.kms.katalon.core.testobject.TestObject(): null

2018-06-01 11:44:26 - [TEST_STEP][PASSED] - Statement - batch = com.kms.katalon.core.webui.keyword.WebUiBuiltInKeywords.modifyObjectProperty(batch, "xpath", "equals", "//*[@id = "txtbthqty" + row + ""]", true): Modify property of object successfully

2018-06-01 11:44:26 - [MESSAGE][PASSED] - Modify property of object successfully

2018-06-01 11:44:26 - [TEST_STEP][PASSED] - Statement - batchqty = com.kms.katalon.core.webui.keyword.WebUiBuiltInKeywords.getAttribute(batch, "value").trim(): Attribute 'value' of object '' is: '3800'

2018-06-01 11:44:26 - [MESSAGE][PASSED] - Attribute 'value' of object '' is: '3800'

2018-06-01 11:44:26 - [TEST_STEP][PASSED] - Statement - Rqty = 100: null

2018-06-01 11:44:26 - [TEST_STEP][PASSED] - Statement - out.println("BatchQty : " + batchqty): null

2018-06-01 11:44:26 - [TEST_STEP][PASSED] - Statement - out.println("RQty : " + Rqty): null

2018-06-01 11:44:26 - [TEST_STEP][PASSED] - Statement - If (java.lang.Integer.valueOf(batchqty) >= java.lang.Integer.valueOf(Rqty)): null

2018-06-01 11:44:26 - [TEST_STEP][PASSED] - Statement - Break: null

2018-06-01 11:44:26 - [TEST_STEP][PASSED] - Statement - batchlength = new com.kms.katalon.core.testobject.TestObject(): null

2018-06-01 11:44:26 - [TEST_STEP][PASSED] - Statement - batchlength = com.kms.katalon.core.webui.keyword.WebUiBuiltInKeywords.modifyObjectProperty(batchlength, "xpath", "equals", "//*[@id = "fldvendor" + row + ""]", true): Modify property of object successfully

2018-06-01 11:44:26 - [MESSAGE][PASSED] - Modify property of object successfully

2018-06-01 11:44:26 - [TEST_STEP][PASSED] - Statement - batchsize = com.kms.katalon.core.webui.keyword.WebUiBuiltInKeywords.getNumberOfTotalOption(batchlength): 8 options of object '' counted

2018-06-01 11:44:26 - [MESSAGE][PASSED] - 8 options of object '' counted

2018-06-01 11:44:26 - [TEST_STEP][PASSED] - Statement - out.println("BatchSize : " + batchsize): null

2018-06-01 11:44:26 - [TEST_STEP][PASSED] - Statement - For ([n = 1, n <= batchsize - 1, (n++)]): null

2018-06-01 11:44:26 - [TEST_STEP][PASSED] - Statement - product = new com.kms.katalon.core.testobject.TestObject(): null

2018-06-01 11:44:26 - [TEST_STEP][PASSED] - Statement - product = com.kms.katalon.core.webui.keyword.WebUiBuiltInKeywords.modifyObjectProperty(product, "xpath", "equals", "//*[@id = "fldvendor" + row + ""]", true): Modify property of object successfully

2018-06-01 11:44:26 - [MESSAGE][PASSED] - Modify property of object successfully

2018-06-01 11:44:26 - [TEST_STEP][PASSED] - selectOptionByIndex: All options with index in [1] are selected on object ''

2018-06-01 11:44:27 - [MESSAGE][PASSED] - All options with index in [1] are selected on object ''

2018-06-01 11:44:27 - [TEST_STEP][PASSED] - delay: Delayed 2 second(s)

2018-06-01 11:44:29 - [MESSAGE][PASSED] - Delayed 2 second(s)

2018-06-01 11:44:29 - [TEST_STEP][PASSED] - Statement - batch = new com.kms.katalon.core.testobject.TestObject(): null

2018-06-01 11:44:29 - [TEST_STEP][PASSED] - Statement - batch = com.kms.katalon.core.webui.keyword.WebUiBuiltInKeywords.modifyObjectProperty(batch, "xpath", "equals", "//*[@id = "txtbthqty" + row + ""]", true): Modify property of object successfully

2018-06-01 11:44:29 - [MESSAGE][PASSED] - Modify property of object successfully

2018-06-01 11:44:29 - [TEST_STEP][PASSED] - Statement - batchqty = com.kms.katalon.core.webui.keyword.WebUiBuiltInKeywords.getAttribute(batch, "value").trim(): Attribute 'value' of object '' is: '4200'

2018-06-01 11:44:29 - [MESSAGE][PASSED] - Attribute 'value' of object '' is: '4200'

2018-06-01 11:44:29 - [TEST_STEP][PASSED] - Statement - Rqty = 100: null

2018-06-01 11:44:29 - [TEST_STEP][PASSED] - Statement - out.println("BatchQty : " + batchqty): null

2018-06-01 11:44:29 - [TEST_STEP][PASSED] - Statement - out.println("RQty : " + Rqty): null

2018-06-01 11:44:29 - [TEST_STEP][PASSED] - Statement - If (java.lang.Integer.valueOf(batchqty) >= java.lang.Integer.valueOf(Rqty)): null

2018-06-01 11:44:29 - [TEST_STEP][PASSED] - Statement - Break: null

2018-06-01 11:44:29 - [TEST_STEP][PASSED] - Statement - batchlength = new com.kms.katalon.core.testobject.TestObject(): null

2018-06-01 11:44:29 - [TEST_STEP][PASSED] - Statement - batchlength = com.kms.katalon.core.webui.keyword.WebUiBuiltInKeywords.modifyObjectProperty(batchlength, "xpath", "equals", "//*[@id = "fldvendor" + row + ""]", true): Modify property of object successfully

2018-06-01 11:44:29 - [MESSAGE][PASSED] - Modify property of object successfully

2018-06-01 11:44:29 - [TEST_STEP][PASSED] - Statement - batchsize = com.kms.katalon.core.webui.keyword.WebUiBuiltInKeywords.getNumberOfTotalOption(batchlength): 8 options of object '' counted

2018-06-01 11:44:29 - [MESSAGE][PASSED] - 8 options of object '' counted

2018-06-01 11:44:29 - [TEST_STEP][PASSED] - Statement - out.println("BatchSize : " + batchsize): null

2018-06-01 11:44:29 - [TEST_STEP][PASSED] - Statement - For ([n = 1, n <= batchsize - 1, (n++)]): null

2018-06-01 11:44:29 - [TEST_STEP][PASSED] - Statement - product = new com.kms.katalon.core.testobject.TestObject(): null

2018-06-01 11:44:29 - [TEST_STEP][PASSED] - Statement - product = com.kms.katalon.core.webui.keyword.WebUiBuiltInKeywords.modifyObjectProperty(product, "xpath", "equals", "//*[@id = "fldvendor" + row + ""]", true): Modify property of object successfully

2018-06-01 11:44:29 - [MESSAGE][PASSED] - Modify property of object successfully

2018-06-01 11:44:29 - [TEST_STEP][PASSED] - selectOptionByIndex: All options with index in [1] are selected on object ''

2018-06-01 11:44:29 - [MESSAGE][PASSED] - All options with index in [1] are selected on object ''

2018-06-01 11:44:29 - [TEST_STEP][PASSED] - delay: Delayed 2 second(s)

2018-06-01 11:44:31 - [MESSAGE][PASSED] - Delayed 2 second(s)

2018-06-01 11:44:31 - [TEST_STEP][PASSED] - Statement - batch = new com.kms.katalon.core.testobject.TestObject(): null

2018-06-01 11:44:31 - [TEST_STEP][PASSED] - Statement - batch = com.kms.katalon.core.webui.keyword.WebUiBuiltInKeywords.modifyObjectProperty(batch, "xpath", "equals", "//*[@id = "txtbthqty" + row + ""]", true): Modify property of object successfully

2018-06-01 11:44:31 - [MESSAGE][PASSED] - Modify property of object successfully

2018-06-01 11:44:31 - [TEST_STEP][PASSED] - Statement - batchqty = com.kms.katalon.core.webui.keyword.WebUiBuiltInKeywords.getAttribute(batch, "value").trim(): Attribute 'value' of object '' is: '4400'

2018-06-01 11:44:31 - [MESSAGE][PASSED] - Attribute 'value' of object '' is: '4400'

2018-06-01 11:44:31 - [TEST_STEP][PASSED] - Statement - Rqty = 100: null

2018-06-01 11:44:31 - [TEST_STEP][PASSED] - Statement - out.println("BatchQty : " + batchqty): null

2018-06-01 11:44:31 - [TEST_STEP][PASSED] - Statement - out.println("RQty : " + Rqty): null

2018-06-01 11:44:31 - [TEST_STEP][PASSED] - Statement - If (java.lang.Integer.valueOf(batchqty) >= java.lang.Integer.valueOf(Rqty)): null

2018-06-01 11:44:31 - [TEST_STEP][PASSED] - Statement - Break: null

2018-06-01 11:44:31 - [TEST_STEP][PASSED] - Statement - batchlength = new com.kms.katalon.core.testobject.TestObject(): null

2018-06-01 11:44:31 - [TEST_STEP][PASSED] - Statement - batchlength = com.kms.katalon.core.webui.keyword.WebUiBuiltInKeywords.modifyObjectProperty(batchlength, "xpath", "equals", "//*[@id = "fldvendor" + row + ""]", true): Modify property of object successfully

2018-06-01 11:44:31 - [MESSAGE][PASSED] - Modify property of object successfully

2018-06-01 11:44:31 - [TEST_STEP][PASSED] - Statement - batchsize = com.kms.katalon.core.webui.keyword.WebUiBuiltInKeywords.getNumberOfTotalOption(batchlength): 8 options of object '' counted

2018-06-01 11:44:31 - [MESSAGE][PASSED] - 8 options of object '' counted

2018-06-01 11:44:31 - [TEST_STEP][PASSED] - Statement - out.println("BatchSize : " + batchsize): null

2018-06-01 11:44:31 - [TEST_STEP][PASSED] - Statement - For ([n = 1, n <= batchsize - 1, (n++)]): null

2018-06-01 11:44:31 - [TEST_STEP][PASSED] - Statement - product = new com.kms.katalon.core.testobject.TestObject(): null

2018-06-01 11:44:31 - [TEST_STEP][PASSED] - Statement - product = com.kms.katalon.core.webui.keyword.WebUiBuiltInKeywords.modifyObjectProperty(product, "xpath", "equals", "//*[@id = "fldvendor" + row + ""]", true): Modify property of object successfully

2018-06-01 11:44:31 - [MESSAGE][PASSED] - Modify property of object successfully

2018-06-01 11:44:31 - [TEST_STEP][PASSED] - selectOptionByIndex: All options with index in [1] are selected on object ''

2018-06-01 11:44:31 - [MESSAGE][PASSED] - All options with index in [1] are selected on object ''

2018-06-01 11:44:31 - [TEST_STEP][PASSED] - delay: Delayed 2 second(s)

2018-06-01 11:44:33 - [MESSAGE][PASSED] - Delayed 2 second(s)

2018-06-01 11:44:33 - [TEST_STEP][PASSED] - Statement - batch = new com.kms.katalon.core.testobject.TestObject(): null

2018-06-01 11:44:33 - [TEST_STEP][PASSED] - Statement - batch = com.kms.katalon.core.webui.keyword.WebUiBuiltInKeywords.modifyObjectProperty(batch, "xpath", "equals", "//*[@id = "txtbthqty" + row + ""]", true): Modify property of object successfully

2018-06-01 11:44:33 - [MESSAGE][PASSED] - Modify property of object successfully

2018-06-01 11:44:33 - [TEST_STEP][PASSED] - Statement - batchqty = com.kms.katalon.core.webui.keyword.WebUiBuiltInKeywords.getAttribute(batch, "value").trim(): Attribute 'value' of object '' is: '2800'

2018-06-01 11:44:33 - [MESSAGE][PASSED] - Attribute 'value' of object '' is: '2800'

2018-06-01 11:44:33 - [TEST_STEP][PASSED] - Statement - Rqty = 100: null

2018-06-01 11:44:33 - [TEST_STEP][PASSED] - Statement - out.println("BatchQty : " + batchqty): null

2018-06-01 11:44:33 - [TEST_STEP][PASSED] - Statement - out.println("RQty : " + Rqty): null

2018-06-01 11:44:33 - [TEST_STEP][PASSED] - Statement - If (java.lang.Integer.valueOf(batchqty) >= java.lang.Integer.valueOf(Rqty)): null

2018-06-01 11:44:33 - [TEST_STEP][PASSED] - Statement - Break: null

2018-06-01 11:44:33 - [TEST_STEP][PASSED] - Statement - batchlength = new com.kms.katalon.core.testobject.TestObject(): null

2018-06-01 11:44:33 - [TEST_STEP][PASSED] - Statement - batchlength = com.kms.katalon.core.webui.keyword.WebUiBuiltInKeywords.modifyObjectProperty(batchlength, "xpath", "equals", "//*[@id = "fldvendor" + row + ""]", true): Modify property of object successfully

2018-06-01 11:44:33 - [MESSAGE][PASSED] - Modify property of object successfully

2018-06-01 11:44:33 - [TEST_STEP][PASSED] - Statement - batchsize = com.kms.katalon.core.webui.keyword.WebUiBuiltInKeywords.getNumberOfTotalOption(batchlength): 8 options of object '' counted

2018-06-01 11:44:33 - [MESSAGE][PASSED] - 8 options of object '' counted

2018-06-01 11:44:33 - [TEST_STEP][PASSED] - Statement - out.println("BatchSize : " + batchsize): null

2018-06-01 11:44:33 - [TEST_STEP][PASSED] - Statement - For ([n = 1, n <= batchsize - 1, (n++)]): null

2018-06-01 11:44:33 - [TEST_STEP][PASSED] - Statement - product = new com.kms.katalon.core.testobject.TestObject(): null

2018-06-01 11:44:33 - [TEST_STEP][PASSED] - Statement - product = com.kms.katalon.core.webui.keyword.WebUiBuiltInKeywords.modifyObjectProperty(product, "xpath", "equals", "//*[@id = "fldvendor" + row + ""]", true): Modify property of object successfully

2018-06-01 11:44:33 - [MESSAGE][PASSED] - Modify property of object successfully

2018-06-01 11:44:33 - [TEST_STEP][PASSED] - selectOptionByIndex: All options with index in [1] are selected on object ''

2018-06-01 11:44:33 - [MESSAGE][PASSED] - All options with index in [1] are selected on object ''

2018-06-01 11:44:33 - [TEST_STEP][PASSED] - delay: Delayed 2 second(s)

2018-06-01 11:44:35 - [MESSAGE][PASSED] - Delayed 2 second(s)

2018-06-01 11:44:35 - [TEST_STEP][PASSED] - Statement - batch = new com.kms.katalon.core.testobject.TestObject(): null

2018-06-01 11:44:35 - [TEST_STEP][PASSED] - Statement - batch = com.kms.katalon.core.webui.keyword.WebUiBuiltInKeywords.modifyObjectProperty(batch, "xpath", "equals", "//*[@id = "txtbthqty" + row + ""]", true): Modify property of object successfully

2018-06-01 11:44:36 - [MESSAGE][PASSED] - Modify property of object successfully

2018-06-01 11:44:36 - [TEST_STEP][PASSED] - Statement - batchqty = com.kms.katalon.core.webui.keyword.WebUiBuiltInKeywords.getAttribute(batch, "value").trim(): Attribute 'value' of object '' is: '2800'

2018-06-01 11:44:36 - [MESSAGE][PASSED] - Attribute 'value' of object '' is: '2800'

2018-06-01 11:44:36 - [TEST_STEP][PASSED] - Statement - Rqty = 100: null

2018-06-01 11:44:36 - [TEST_STEP][PASSED] - Statement - out.println("BatchQty : " + batchqty): null

2018-06-01 11:44:36 - [TEST_STEP][PASSED] - Statement - out.println("RQty : " + Rqty): null

2018-06-01 11:44:36 - [TEST_STEP][PASSED] - Statement - If (java.lang.Integer.valueOf(batchqty) >= java.lang.Integer.valueOf(Rqty)): null

2018-06-01 11:44:36 - [TEST_STEP][PASSED] - Statement - Break: null

2018-06-01 11:44:36 - [TEST_STEP][PASSED] - Statement - batchlength = new com.kms.katalon.core.testobject.TestObject(): null

2018-06-01 11:44:36 - [TEST_STEP][PASSED] - Statement - batchlength = com.kms.katalon.core.webui.keyword.WebUiBuiltInKeywords.modifyObjectProperty(batchlength, "xpath", "equals", "//*[@id = "fldvendor" + row + ""]", true): Modify property of object successfully

2018-06-01 11:44:36 - [MESSAGE][PASSED] - Modify property of object successfully

2018-06-01 11:44:36 - [TEST_STEP][PASSED] - Statement - batchsize = com.kms.katalon.core.webui.keyword.WebUiBuiltInKeywords.getNumberOfTotalOption(batchlength): 8 options of object '' counted

2018-06-01 11:44:36 - [MESSAGE][PASSED] - 8 options of object '' counted

2018-06-01 11:44:36 - [TEST_STEP][PASSED] - Statement - out.println("BatchSize : " + batchsize): null

2018-06-01 11:44:36 - [TEST_STEP][PASSED] - Statement - For ([n = 1, n <= batchsize - 1, (n++)]): null

2018-06-01 11:44:36 - [TEST_STEP][PASSED] - Statement - product = new com.kms.katalon.core.testobject.TestObject(): null

2018-06-01 11:44:36 - [TEST_STEP][PASSED] - Statement - product = com.kms.katalon.core.webui.keyword.WebUiBuiltInKeywords.modifyObjectProperty(product, "xpath", "equals", "//*[@id = "fldvendor" + row + ""]", true): Modify property of object successfully

2018-06-01 11:44:36 - [MESSAGE][PASSED] - Modify property of object successfully

2018-06-01 11:44:36 - [TEST_STEP][PASSED] - selectOptionByIndex: All options with index in [1] are selected on object ''

2018-06-01 11:44:36 - [MESSAGE][PASSED] - All options with index in [1] are selected on object ''

2018-06-01 11:44:36 - [TEST_STEP][PASSED] - delay: Delayed 2 second(s)

2018-06-01 11:44:38 - [MESSAGE][PASSED] - Delayed 2 second(s)

2018-06-01 11:44:38 - [TEST_STEP][PASSED] - Statement - batch = new com.kms.katalon.core.testobject.TestObject(): null

2018-06-01 11:44:38 - [TEST_STEP][PASSED] - Statement - batch = com.kms.katalon.core.webui.keyword.WebUiBuiltInKeywords.modifyObjectProperty(batch, "xpath", "equals", "//*[@id = "txtbthqty" + row + ""]", true): Modify property of object successfully

2018-06-01 11:44:38 - [MESSAGE][PASSED] - Modify property of object successfully

2018-06-01 11:44:38 - [TEST_STEP][PASSED] - Statement - batchqty = com.kms.katalon.core.webui.keyword.WebUiBuiltInKeywords.getAttribute(batch, "value").trim(): Attribute 'value' of object '' is: '4700'

2018-06-01 11:44:38 - [MESSAGE][PASSED] - Attribute 'value' of object '' is: '4700'

2018-06-01 11:44:38 - [TEST_STEP][PASSED] - Statement - Rqty = 100: null

2018-06-01 11:44:38 - [TEST_STEP][PASSED] - Statement - out.println("BatchQty : " + batchqty): null

2018-06-01 11:44:38 - [TEST_STEP][PASSED] - Statement - out.println("RQty : " + Rqty): null

2018-06-01 11:44:38 - [TEST_STEP][PASSED] - Statement - If (java.lang.Integer.valueOf(batchqty) >= java.lang.Integer.valueOf(Rqty)): null

2018-06-01 11:44:38 - [TEST_STEP][PASSED] - Statement - Break: null

2018-06-01 11:44:38 - [TEST_STEP][PASSED] - Statement - batchlength = new com.kms.katalon.core.testobject.TestObject(): null

2018-06-01 11:44:38 - [TEST_STEP][PASSED] - Statement - batchlength = com.kms.katalon.core.webui.keyword.WebUiBuiltInKeywords.modifyObjectProperty(batchlength, "xpath", "equals", "//*[@id = "fldvendor" + row + ""]", true): Modify property of object successfully

2018-06-01 11:44:38 - [MESSAGE][PASSED] - Modify property of object successfully

2018-06-01 11:44:38 - [TEST_STEP][PASSED] - Statement - batchsize = com.kms.katalon.core.webui.keyword.WebUiBuiltInKeywords.getNumberOfTotalOption(batchlength): 8 options of object '' counted

2018-06-01 11:44:38 - [MESSAGE][PASSED] - 8 options of object '' counted

2018-06-01 11:44:38 - [TEST_STEP][PASSED] - Statement - out.println("BatchSize : " + batchsize): null

2018-06-01 11:44:38 - [TEST_STEP][PASSED] - Statement - For ([n = 1, n <= batchsize - 1, (n++)]): null

2018-06-01 11:44:38 - [TEST_STEP][PASSED] - Statement - product = new com.kms.katalon.core.testobject.TestObject(): null

2018-06-01 11:44:38 - [TEST_STEP][PASSED] - Statement - product = com.kms.katalon.core.webui.keyword.WebUiBuiltInKeywords.modifyObjectProperty(product, "xpath", "equals", "//*[@id = "fldvendor" + row + ""]", true): Modify property of object successfully

2018-06-01 11:44:38 - [MESSAGE][PASSED] - Modify property of object successfully

2018-06-01 11:44:38 - [TEST_STEP][PASSED] - selectOptionByIndex: All options with index in [1] are selected on object ''

2018-06-01 11:44:38 - [MESSAGE][PASSED] - All options with index in [1] are selected on object ''

2018-06-01 11:44:38 - [TEST_STEP][PASSED] - delay: Delayed 2 second(s)

2018-06-01 11:44:40 - [MESSAGE][PASSED] - Delayed 2 second(s)

2018-06-01 11:44:40 - [TEST_STEP][PASSED] - Statement - batch = new com.kms.katalon.core.testobject.TestObject(): null

2018-06-01 11:44:40 - [TEST_STEP][PASSED] - Statement - batch = com.kms.katalon.core.webui.keyword.WebUiBuiltInKeywords.modifyObjectProperty(batch, "xpath", "equals", "//*[@id = "txtbthqty" + row + ""]", true): Modify property of object successfully

2018-06-01 11:44:40 - [MESSAGE][PASSED] - Modify property of object successfully

2018-06-01 11:44:40 - [TEST_STEP][PASSED] - Statement - batchqty = com.kms.katalon.core.webui.keyword.WebUiBuiltInKeywords.getAttribute(batch, "value").trim(): Attribute 'value' of object '' is: '37500'

2018-06-01 11:44:40 - [MESSAGE][PASSED] - Attribute 'value' of object '' is: '37500'

2018-06-01 11:44:40 - [TEST_STEP][PASSED] - Statement - Rqty = 100: null

2018-06-01 11:44:40 - [TEST_STEP][PASSED] - Statement - out.println("BatchQty : " + batchqty): null

2018-06-01 11:44:40 - [TEST_STEP][PASSED] - Statement - out.println("RQty : " + Rqty): null

2018-06-01 11:44:40 - [TEST_STEP][PASSED] - Statement - If (java.lang.Integer.valueOf(batchqty) >= java.lang.Integer.valueOf(Rqty)): null

2018-06-01 11:44:40 - [TEST_STEP][PASSED] - Statement - Break: null

2018-06-01 11:44:40 - [TEST_STEP][PASSED] - Statement - batchlength = new com.kms.katalon.core.testobject.TestObject(): null

2018-06-01 11:44:40 - [TEST_STEP][PASSED] - Statement - batchlength = com.kms.katalon.core.webui.keyword.WebUiBuiltInKeywords.modifyObjectProperty(batchlength, "xpath", "equals", "//*[@id = "fldvendor" + row + ""]", true): Modify property of object successfully

2018-06-01 11:44:40 - [MESSAGE][PASSED] - Modify property of object successfully

2018-06-01 11:44:40 - [TEST_STEP][PASSED] - Statement - batchsize = com.kms.katalon.core.webui.keyword.WebUiBuiltInKeywords.getNumberOfTotalOption(batchlength): 8 options of object '' counted

2018-06-01 11:44:40 - [MESSAGE][PASSED] - 8 options of object '' counted

2018-06-01 11:44:40 - [TEST_STEP][PASSED] - Statement - out.println("BatchSize : " + batchsize): null

2018-06-01 11:44:40 - [TEST_STEP][PASSED] - Statement - For ([n = 1, n <= batchsize - 1, (n++)]): null

2018-06-01 11:44:40 - [TEST_STEP][PASSED] - Statement - product = new com.kms.katalon.core.testobject.TestObject(): null

2018-06-01 11:44:40 - [TEST_STEP][PASSED] - Statement - product = com.kms.katalon.core.webui.keyword.WebUiBuiltInKeywords.modifyObjectProperty(product, "xpath", "equals", "//*[@id = "fldvendor" + row + ""]", true): Modify property of object successfully

2018-06-01 11:44:40 - [MESSAGE][PASSED] - Modify property of object successfully

2018-06-01 11:44:40 - [TEST_STEP][PASSED] - selectOptionByIndex: All options with index in [1] are selected on object ''

2018-06-01 11:44:40 - [MESSAGE][PASSED] - All options with index in [1] are selected on object ''

2018-06-01 11:44:40 - [TEST_STEP][PASSED] - delay: Delayed 2 second(s)

2018-06-01 11:44:42 - [MESSAGE][PASSED] - Delayed 2 second(s)

2018-06-01 11:44:42 - [TEST_STEP][PASSED] - Statement - batch = new com.kms.katalon.core.testobject.TestObject(): null

2018-06-01 11:44:42 - [TEST_STEP][PASSED] - Statement - batch = com.kms.katalon.core.webui.keyword.WebUiBuiltInKeywords.modifyObjectProperty(batch, "xpath", "equals", "//*[@id = "txtbthqty" + row + ""]", true): Modify property of object successfully

2018-06-01 11:44:42 - [MESSAGE][PASSED] - Modify property of object successfully

2018-06-01 11:44:42 - [TEST_STEP][PASSED] - Statement - batchqty = com.kms.katalon.core.webui.keyword.WebUiBuiltInKeywords.getAttribute(batch, "value").trim(): Attribute 'value' of object '' is: '4400'

2018-06-01 11:44:42 - [MESSAGE][PASSED] - Attribute 'value' of object '' is: '4400'

2018-06-01 11:44:42 - [TEST_STEP][PASSED] - Statement - Rqty = 100: null

2018-06-01 11:44:42 - [TEST_STEP][PASSED] - Statement - out.println("BatchQty : " + batchqty): null

2018-06-01 11:44:42 - [TEST_STEP][PASSED] - Statement - out.println("RQty : " + Rqty): null

2018-06-01 11:44:42 - [TEST_STEP][PASSED] - Statement - If (java.lang.Integer.valueOf(batchqty) >= java.lang.Integer.valueOf(Rqty)): null

2018-06-01 11:44:42 - [TEST_STEP][PASSED] - Statement - Break: null

2018-06-01 11:44:42 - [TEST_STEP][PASSED] - Statement - batchlength = new com.kms.katalon.core.testobject.TestObject(): null

2018-06-01 11:44:42 - [TEST_STEP][PASSED] - Statement - batchlength = com.kms.katalon.core.webui.keyword.WebUiBuiltInKeywords.modifyObjectProperty(batchlength, "xpath", "equals", "//*[@id = "fldvendor" + row + ""]", true): Modify property of object successfully

2018-06-01 11:44:42 - [MESSAGE][PASSED] - Modify property of object successfully

2018-06-01 11:44:42 - [TEST_STEP][PASSED] - Statement - batchsize = com.kms.katalon.core.webui.keyword.WebUiBuiltInKeywords.getNumberOfTotalOption(batchlength): 8 options of object '' counted

2018-06-01 11:44:42 - [MESSAGE][PASSED] - 8 options of object '' counted

2018-06-01 11:44:42 - [TEST_STEP][PASSED] - Statement - out.println("BatchSize : " + batchsize): null

2018-06-01 11:44:42 - [TEST_STEP][PASSED] - Statement - For ([n = 1, n <= batchsize - 1, (n++)]): null

2018-06-01 11:44:42 - [TEST_STEP][PASSED] - Statement - product = new com.kms.katalon.core.testobject.TestObject(): null

2018-06-01 11:44:42 - [TEST_STEP][PASSED] - Statement - product = com.kms.katalon.core.webui.keyword.WebUiBuiltInKeywords.modifyObjectProperty(product, "xpath", "equals", "//*[@id = "fldvendor" + row + ""]", true): Modify property of object successfully

2018-06-01 11:44:42 - [MESSAGE][PASSED] - Modify property of object successfully

2018-06-01 11:44:42 - [TEST_STEP][PASSED] - selectOptionByIndex: All options with index in [1] are selected on object ''

2018-06-01 11:44:43 - [MESSAGE][PASSED] - All options with index in [1] are selected on object ''

2018-06-01 11:44:43 - [TEST_STEP][PASSED] - delay: Delayed 2 second(s)

2018-06-01 11:44:45 - [MESSAGE][PASSED] - Delayed 2 second(s)

2018-06-01 11:44:45 - [TEST_STEP][PASSED] - Statement - batch = new com.kms.katalon.core.testobject.TestObject(): null

2018-06-01 11:44:45 - [TEST_STEP][PASSED] - Statement - batch = com.kms.katalon.core.webui.keyword.WebUiBuiltInKeywords.modifyObjectProperty(batch, "xpath", "equals", "//*[@id = "txtbthqty" + row + ""]", true): Modify property of object successfully

2018-06-01 11:44:45 - [MESSAGE][PASSED] - Modify property of object successfully

2018-06-01 11:44:45 - [TEST_STEP][PASSED] - Statement - batchqty = com.kms.katalon.core.webui.keyword.WebUiBuiltInKeywords.getAttribute(batch, "value").trim(): Attribute 'value' of object '' is: '4400'

2018-06-01 11:44:45 - [MESSAGE][PASSED] - Attribute 'value' of object '' is: '4400'

2018-06-01 11:44:45 - [TEST_STEP][PASSED] - Statement - Rqty = 100: null

2018-06-01 11:44:45 - [TEST_STEP][PASSED] - Statement - out.println("BatchQty : " + batchqty): null

2018-06-01 11:44:45 - [TEST_STEP][PASSED] - Statement - out.println("RQty : " + Rqty): null

2018-06-01 11:44:45 - [TEST_STEP][PASSED] - Statement - If (java.lang.Integer.valueOf(batchqty) >= java.lang.Integer.valueOf(Rqty)): null

2018-06-01 11:44:45 - [TEST_STEP][PASSED] - Statement - Break: null

2018-06-01 11:44:45 - [TEST_STEP][PASSED] - Statement - batchlength = new com.kms.katalon.core.testobject.TestObject(): null

2018-06-01 11:44:45 - [TEST_STEP][PASSED] - Statement - batchlength = com.kms.katalon.core.webui.keyword.WebUiBuiltInKeywords.modifyObjectProperty(batchlength, "xpath", "equals", "//*[@id = "fldvendor" + row + ""]", true): Modify property of object successfully

2018-06-01 11:44:45 - [MESSAGE][PASSED] - Modify property of object successfully

2018-06-01 11:44:45 - [TEST_STEP][PASSED] - Statement - batchsize = com.kms.katalon.core.webui.keyword.WebUiBuiltInKeywords.getNumberOfTotalOption(batchlength): 8 options of object '' counted

2018-06-01 11:44:45 - [MESSAGE][PASSED] - 8 options of object '' counted

2018-06-01 11:44:45 - [TEST_STEP][PASSED] - Statement - out.println("BatchSize : " + batchsize): null

2018-06-01 11:44:45 - [TEST_STEP][PASSED] - Statement - For ([n = 1, n <= batchsize - 1, (n++)]): null

2018-06-01 11:44:45 - [TEST_STEP][PASSED] - Statement - product = new com.kms.katalon.core.testobject.TestObject(): null

2018-06-01 11:44:45 - [TEST_STEP][PASSED] - Statement - product = com.kms.katalon.core.webui.keyword.WebUiBuiltInKeywords.modifyObjectProperty(product, "xpath", "equals", "//*[@id = "fldvendor" + row + ""]", true): Modify property of object successfully

2018-06-01 11:44:45 - [MESSAGE][PASSED] - Modify property of object successfully

2018-06-01 11:44:45 - [TEST_STEP][PASSED] - selectOptionByIndex: All options with index in [1] are selected on object ''

2018-06-01 11:44:45 - [MESSAGE][PASSED] - All options with index in [1] are selected on object ''

2018-06-01 11:44:45 - [TEST_STEP][PASSED] - delay: Delayed 2 second(s)

2018-06-01 11:44:47 - [MESSAGE][PASSED] - Delayed 2 second(s)

2018-06-01 11:44:47 - [TEST_STEP][PASSED] - Statement - batch = new com.kms.katalon.core.testobject.TestObject(): null

2018-06-01 11:44:47 - [TEST_STEP][PASSED] - Statement - batch = com.kms.katalon.core.webui.keyword.WebUiBuiltInKeywords.modifyObjectProperty(batch, "xpath", "equals", "//*[@id = "txtbthqty" + row + ""]", true): Modify property of object successfully

2018-06-01 11:44:47 - [MESSAGE][PASSED] - Modify property of object successfully

2018-06-01 11:44:47 - [TEST_STEP][PASSED] - Statement - batchqty = com.kms.katalon.core.webui.keyword.WebUiBuiltInKeywords.getAttribute(batch, "value").trim(): Attribute 'value' of object '' is: '2800'

2018-06-01 11:44:47 - [MESSAGE][PASSED] - Attribute 'value' of object '' is: '2800'

2018-06-01 11:44:47 - [TEST_STEP][PASSED] - Statement - Rqty = 100: null

2018-06-01 11:44:47 - [TEST_STEP][PASSED] - Statement - out.println("BatchQty : " + batchqty): null

2018-06-01 11:44:47 - [TEST_STEP][PASSED] - Statement - out.println("RQty : " + Rqty): null

2018-06-01 11:44:47 - [TEST_STEP][PASSED] - Statement - If (java.lang.Integer.valueOf(batchqty) >= java.lang.Integer.valueOf(Rqty)): null

2018-06-01 11:44:47 - [TEST_STEP][PASSED] - Statement - Break: null

2018-06-01 11:44:47 - [TEST_STEP][PASSED] - Statement - batchlength = new com.kms.katalon.core.testobject.TestObject(): null

2018-06-01 11:44:47 - [TEST_STEP][PASSED] - Statement - batchlength = com.kms.katalon.core.webui.keyword.WebUiBuiltInKeywords.modifyObjectProperty(batchlength, "xpath", "equals", "//*[@id = "fldvendor" + row + ""]", true): Modify property of object successfully

2018-06-01 11:44:47 - [MESSAGE][PASSED] - Modify property of object successfully

2018-06-01 11:44:47 - [TEST_STEP][PASSED] - Statement - batchsize = com.kms.katalon.core.webui.keyword.WebUiBuiltInKeywords.getNumberOfTotalOption(batchlength): 8 options of object '' counted

2018-06-01 11:44:47 - [MESSAGE][PASSED] - 8 options of object '' counted

2018-06-01 11:44:47 - [TEST_STEP][PASSED] - Statement - out.println("BatchSize : " + batchsize): null

2018-06-01 11:44:47 - [TEST_STEP][PASSED] - Statement - For ([n = 1, n <= batchsize - 1, (n++)]): null

2018-06-01 11:44:47 - [TEST_STEP][PASSED] - Statement - product = new com.kms.katalon.core.testobject.TestObject(): null

2018-06-01 11:44:47 - [TEST_STEP][PASSED] - Statement - product = com.kms.katalon.core.webui.keyword.WebUiBuiltInKeywords.modifyObjectProperty(product, "xpath", "equals", "//*[@id = "fldvendor" + row + ""]", true): Modify property of object successfully

2018-06-01 11:44:47 - [MESSAGE][PASSED] - Modify property of object successfully

2018-06-01 11:44:47 - [TEST_STEP][PASSED] - selectOptionByIndex: All options with index in [1] are selected on object ''

2018-06-01 11:44:47 - [MESSAGE][PASSED] - All options with index in [1] are selected on object ''

2018-06-01 11:44:47 - [TEST_STEP][PASSED] - delay: Delayed 2 second(s)

2018-06-01 11:44:49 - [MESSAGE][PASSED] - Delayed 2 second(s)

2018-06-01 11:44:49 - [TEST_STEP][PASSED] - Statement - batch = new com.kms.katalon.core.testobject.TestObject(): null

2018-06-01 11:44:49 - [TEST_STEP][PASSED] - Statement - batch = com.kms.katalon.core.webui.keyword.WebUiBuiltInKeywords.modifyObjectProperty(batch, "xpath", "equals", "//*[@id = "txtbthqty" + row + ""]", true): Modify property of object successfully

2018-06-01 11:44:49 - [MESSAGE][PASSED] - Modify property of object successfully

2018-06-01 11:44:49 - [TEST_STEP][PASSED] - Statement - batchqty = com.kms.katalon.core.webui.keyword.WebUiBuiltInKeywords.getAttribute(batch, "value").trim(): Attribute 'value' of object '' is: '3800'

2018-06-01 11:44:49 - [MESSAGE][PASSED] - Attribute 'value' of object '' is: '3800'

2018-06-01 11:44:49 - [TEST_STEP][PASSED] - Statement - Rqty = 100: null

2018-06-01 11:44:49 - [TEST_STEP][PASSED] - Statement - out.println("BatchQty : " + batchqty): null

2018-06-01 11:44:49 - [TEST_STEP][PASSED] - Statement - out.println("RQty : " + Rqty): null

2018-06-01 11:44:49 - [TEST_STEP][PASSED] - Statement - If (java.lang.Integer.valueOf(batchqty) >= java.lang.Integer.valueOf(Rqty)): null

2018-06-01 11:44:49 - [TEST_STEP][PASSED] - Statement - Break: null

2018-06-01 11:44:49 - [TEST_STEP][PASSED] - Statement - batchlength = new com.kms.katalon.core.testobject.TestObject(): null

2018-06-01 11:44:49 - [TEST_STEP][PASSED] - Statement - batchlength = com.kms.katalon.core.webui.keyword.WebUiBuiltInKeywords.modifyObjectProperty(batchlength, "xpath", "equals", "//*[@id = "fldvendor" + row + ""]", true): Modify property of object successfully

2018-06-01 11:44:49 - [MESSAGE][PASSED] - Modify property of object successfully

2018-06-01 11:44:49 - [TEST_STEP][PASSED] - Statement - batchsize = com.kms.katalon.core.webui.keyword.WebUiBuiltInKeywords.getNumberOfTotalOption(batchlength): 8 options of object '' counted

2018-06-01 11:44:49 - [MESSAGE][PASSED] - 8 options of object '' counted

2018-06-01 11:44:49 - [TEST_STEP][PASSED] - Statement - out.println("BatchSize : " + batchsize): null

2018-06-01 11:44:49 - [TEST_STEP][PASSED] - Statement - For ([n = 1, n <= batchsize - 1, (n++)]): null

2018-06-01 11:44:49 - [TEST_STEP][PASSED] - Statement - product = new com.kms.katalon.core.testobject.TestObject(): null

2018-06-01 11:44:49 - [TEST_STEP][PASSED] - Statement - product = com.kms.katalon.core.webui.keyword.WebUiBuiltInKeywords.modifyObjectProperty(product, "xpath", "equals", "//*[@id = "fldvendor" + row + ""]", true): Modify property of object successfully

2018-06-01 11:44:49 - [MESSAGE][PASSED] - Modify property of object successfully

2018-06-01 11:44:49 - [TEST_STEP][PASSED] - selectOptionByIndex: All options with index in [1] are selected on object ''

2018-06-01 11:44:50 - [MESSAGE][PASSED] - All options with index in [1] are selected on object ''

2018-06-01 11:44:50 - [TEST_STEP][PASSED] - delay: Delayed 2 second(s)

2018-06-01 11:44:52 - [MESSAGE][PASSED] - Delayed 2 second(s)

2018-06-01 11:44:52 - [TEST_STEP][PASSED] - Statement - batch = new com.kms.katalon.core.testobject.TestObject(): null

2018-06-01 11:44:52 - [TEST_STEP][PASSED] - Statement - batch = com.kms.katalon.core.webui.keyword.WebUiBuiltInKeywords.modifyObjectProperty(batch, "xpath", "equals", "//*[@id = "txtbthqty" + row + ""]", true): Modify property of object successfully

2018-06-01 11:44:52 - [MESSAGE][PASSED] - Modify property of object successfully

2018-06-01 11:44:52 - [TEST_STEP][PASSED] - Statement - batchqty = com.kms.katalon.core.webui.keyword.WebUiBuiltInKeywords.getAttribute(batch, "value").trim(): Attribute 'value' of object '' is: '4400'

2018-06-01 11:44:52 - [MESSAGE][PASSED] - Attribute 'value' of object '' is: '4400'

2018-06-01 11:44:52 - [TEST_STEP][PASSED] - Statement - Rqty = 100: null

2018-06-01 11:44:52 - [TEST_STEP][PASSED] - Statement - out.println("BatchQty : " + batchqty): null

2018-06-01 11:44:52 - [TEST_STEP][PASSED] - Statement - out.println("RQty : " + Rqty): null

2018-06-01 11:44:52 - [TEST_STEP][PASSED] - Statement - If (java.lang.Integer.valueOf(batchqty) >= java.lang.Integer.valueOf(Rqty)): null

2018-06-01 11:44:52 - [TEST_STEP][PASSED] - Statement - Break: null

2018-06-01 11:44:52 - [TEST_STEP][PASSED] - Statement - batchlength = new com.kms.katalon.core.testobject.TestObject(): null

2018-06-01 11:44:52 - [TEST_STEP][PASSED] - Statement - batchlength = com.kms.katalon.core.webui.keyword.WebUiBuiltInKeywords.modifyObjectProperty(batchlength, "xpath", "equals", "//*[@id = "fldvendor" + row + ""]", true): Modify property of object successfully

2018-06-01 11:44:52 - [MESSAGE][PASSED] - Modify property of object successfully

2018-06-01 11:44:52 - [TEST_STEP][PASSED] - Statement - batchsize = com.kms.katalon.core.webui.keyword.WebUiBuiltInKeywords.getNumberOfTotalOption(batchlength): 8 options of object '' counted

2018-06-01 11:44:52 - [MESSAGE][PASSED] - 8 options of object '' counted

2018-06-01 11:44:52 - [TEST_STEP][PASSED] - Statement - out.println("BatchSize : " + batchsize): null

2018-06-01 11:44:52 - [TEST_STEP][PASSED] - Statement - For ([n = 1, n <= batchsize - 1, (n++)]): null

2018-06-01 11:44:52 - [TEST_STEP][PASSED] - Statement - product = new com.kms.katalon.core.testobject.TestObject(): null

2018-06-01 11:44:52 - [TEST_STEP][PASSED] - Statement - product = com.kms.katalon.core.webui.keyword.WebUiBuiltInKeywords.modifyObjectProperty(product, "xpath", "equals", "//*[@id = "fldvendor" + row + ""]", true): Modify property of object successfully

2018-06-01 11:44:52 - [MESSAGE][PASSED] - Modify property of object successfully

2018-06-01 11:44:52 - [TEST_STEP][PASSED] - selectOptionByIndex: All options with index in [1] are selected on object ''

2018-06-01 11:44:52 - [MESSAGE][PASSED] - All options with index in [1] are selected on object ''

2018-06-01 11:44:52 - [TEST_STEP][PASSED] - delay: Delayed 2 second(s)

2018-06-01 11:44:54 - [MESSAGE][PASSED] - Delayed 2 second(s)

2018-06-01 11:44:54 - [TEST_STEP][PASSED] - Statement - batch = new com.kms.katalon.core.testobject.TestObject(): null

2018-06-01 11:44:54 - [TEST_STEP][PASSED] - Statement - batch = com.kms.katalon.core.webui.keyword.WebUiBuiltInKeywords.modifyObjectProperty(batch, "xpath", "equals", "//*[@id = "txtbthqty" + row + ""]", true): Modify property of object successfully

2018-06-01 11:44:54 - [MESSAGE][PASSED] - Modify property of object successfully

2018-06-01 11:44:54 - [TEST_STEP][PASSED] - Statement - batchqty = com.kms.katalon.core.webui.keyword.WebUiBuiltInKeywords.getAttribute(batch, "value").trim(): Attribute 'value' of object '' is: '3800'

2018-06-01 11:44:54 - [MESSAGE][PASSED] - Attribute 'value' of object '' is: '3800'

2018-06-01 11:44:54 - [TEST_STEP][PASSED] - Statement - Rqty = 100: null

2018-06-01 11:44:54 - [TEST_STEP][PASSED] - Statement - out.println("BatchQty : " + batchqty): null

2018-06-01 11:44:54 - [TEST_STEP][PASSED] - Statement - out.println("RQty : " + Rqty): null

2018-06-01 11:44:54 - [TEST_STEP][PASSED] - Statement - If (java.lang.Integer.valueOf(batchqty) >= java.lang.Integer.valueOf(Rqty)): null

2018-06-01 11:44:54 - [TEST_STEP][PASSED] - Statement - Break: null

2018-06-01 11:44:54 - [TEST_STEP][PASSED] - Statement - batchlength = new com.kms.katalon.core.testobject.TestObject(): null

2018-06-01 11:44:54 - [TEST_STEP][PASSED] - Statement - batchlength = com.kms.katalon.core.webui.keyword.WebUiBuiltInKeywords.modifyObjectProperty(batchlength, "xpath", "equals", "//*[@id = "fldvendor" + row + ""]", true): Modify property of object successfully

2018-06-01 11:44:54 - [MESSAGE][PASSED] - Modify property of object successfully

2018-06-01 11:44:54 - [TEST_STEP][PASSED] - Statement - batchsize = com.kms.katalon.core.webui.keyword.WebUiBuiltInKeywords.getNumberOfTotalOption(batchlength): 8 options of object '' counted

2018-06-01 11:44:54 - [MESSAGE][PASSED] - 8 options of object '' counted

2018-06-01 11:44:54 - [TEST_STEP][PASSED] - Statement - out.println("BatchSize : " + batchsize): null

2018-06-01 11:44:54 - [TEST_STEP][PASSED] - Statement - For ([n = 1, n <= batchsize - 1, (n++)]): null

2018-06-01 11:44:54 - [TEST_STEP][PASSED] - Statement - product = new com.kms.katalon.core.testobject.TestObject(): null

2018-06-01 11:44:54 - [TEST_STEP][PASSED] - Statement - product = com.kms.katalon.core.webui.keyword.WebUiBuiltInKeywords.modifyObjectProperty(product, "xpath", "equals", "//*[@id = "fldvendor" + row + ""]", true): Modify property of object successfully

2018-06-01 11:44:54 - [MESSAGE][PASSED] - Modify property of object successfully

2018-06-01 11:44:54 - [TEST_STEP][PASSED] - selectOptionByIndex: All options with index in [1] are selected on object ''

2018-06-01 11:44:54 - [MESSAGE][PASSED] - All options with index in [1] are selected on object ''

2018-06-01 11:44:54 - [TEST_STEP][PASSED] - delay: Delayed 2 second(s)

2018-06-01 11:44:56 - [MESSAGE][PASSED] - Delayed 2 second(s)

2018-06-01 11:44:56 - [TEST_STEP][PASSED] - Statement - batch = new com.kms.katalon.core.testobject.TestObject(): null

2018-06-01 11:44:56 - [TEST_STEP][PASSED] - Statement - batch = com.kms.katalon.core.webui.keyword.WebUiBuiltInKeywords.modifyObjectProperty(batch, "xpath", "equals", "//*[@id = "txtbthqty" + row + ""]", true): Modify property of object successfully

2018-06-01 11:44:56 - [MESSAGE][PASSED] - Modify property of object successfully

2018-06-01 11:44:56 - [TEST_STEP][PASSED] - Statement - batchqty = com.kms.katalon.core.webui.keyword.WebUiBuiltInKeywords.getAttribute(batch, "value").trim(): Attribute 'value' of object '' is: '3800'

2018-06-01 11:44:56 - [MESSAGE][PASSED] - Attribute 'value' of object '' is: '3800'

2018-06-01 11:44:56 - [TEST_STEP][PASSED] - Statement - Rqty = 100: null

2018-06-01 11:44:56 - [TEST_STEP][PASSED] - Statement - out.println("BatchQty : " + batchqty): null

2018-06-01 11:44:56 - [TEST_STEP][PASSED] - Statement - out.println("RQty : " + Rqty): null

2018-06-01 11:44:56 - [TEST_STEP][PASSED] - Statement - If (java.lang.Integer.valueOf(batchqty) >= java.lang.Integer.valueOf(Rqty)): null

2018-06-01 11:44:56 - [TEST_STEP][PASSED] - Statement - Break: null

2018-06-01 11:44:56 - [TEST_STEP][PASSED] - Statement - batchlength = new com.kms.katalon.core.testobject.TestObject(): null

2018-06-01 11:44:56 - [TEST_STEP][PASSED] - Statement - batchlength = com.kms.katalon.core.webui.keyword.WebUiBuiltInKeywords.modifyObjectProperty(batchlength, "xpath", "equals", "//*[@id = "fldvendor" + row + ""]", true): Modify property of object successfully

2018-06-01 11:44:56 - [MESSAGE][PASSED] - Modify property of object successfully

2018-06-01 11:44:56 - [TEST_STEP][PASSED] - Statement - batchsize = com.kms.katalon.core.webui.keyword.WebUiBuiltInKeywords.getNumberOfTotalOption(batchlength): 8 options of object '' counted

2018-06-01 11:44:56 - [MESSAGE][PASSED] - 8 options of object '' counted

2018-06-01 11:44:56 - [TEST_STEP][PASSED] - Statement - out.println("BatchSize : " + batchsize): null

2018-06-01 11:44:56 - [TEST_STEP][PASSED] - Statement - For ([n = 1, n <= batchsize - 1, (n++)]): null

2018-06-01 11:44:56 - [TEST_STEP][PASSED] - Statement - product = new com.kms.katalon.core.testobject.TestObject(): null

2018-06-01 11:44:56 - [TEST_STEP][PASSED] - Statement - product = com.kms.katalon.core.webui.keyword.WebUiBuiltInKeywords.modifyObjectProperty(product, "xpath", "equals", "//*[@id = "fldvendor" + row + ""]", true): Modify property of object successfully

2018-06-01 11:44:56 - [MESSAGE][PASSED] - Modify property of object successfully

2018-06-01 11:44:56 - [TEST_STEP][PASSED] - selectOptionByIndex: All options with index in [1] are selected on object ''

2018-06-01 11:44:56 - [MESSAGE][PASSED] - All options with index in [1] are selected on object ''

2018-06-01 11:44:56 - [TEST_STEP][PASSED] - delay: Delayed 2 second(s)

2018-06-01 11:44:58 - [MESSAGE][PASSED] - Delayed 2 second(s)

2018-06-01 11:44:58 - [TEST_STEP][PASSED] - Statement - batch = new com.kms.katalon.core.testobject.TestObject(): null

2018-06-01 11:44:58 - [TEST_STEP][PASSED] - Statement - batch = com.kms.katalon.core.webui.keyword.WebUiBuiltInKeywords.modifyObjectProperty(batch, "xpath", "equals", "//*[@id = "txtbthqty" + row + ""]", true): Modify property of object successfully

2018-06-01 11:44:58 - [MESSAGE][PASSED] - Modify property of object successfully

2018-06-01 11:44:58 - [TEST_STEP][PASSED] - Statement - batchqty = com.kms.katalon.core.webui.keyword.WebUiBuiltInKeywords.getAttribute(batch, "value").trim(): Attribute 'value' of object '' is: '4200'

2018-06-01 11:44:58 - [MESSAGE][PASSED] - Attribute 'value' of object '' is: '4200'

2018-06-01 11:44:58 - [TEST_STEP][PASSED] - Statement - Rqty = 100: null

2018-06-01 11:44:58 - [TEST_STEP][PASSED] - Statement - out.println("BatchQty : " + batchqty): null

2018-06-01 11:44:58 - [TEST_STEP][PASSED] - Statement - out.println("RQty : " + Rqty): null

2018-06-01 11:44:58 - [TEST_STEP][PASSED] - Statement - If (java.lang.Integer.valueOf(batchqty) >= java.lang.Integer.valueOf(Rqty)): null

2018-06-01 11:44:58 - [TEST_STEP][PASSED] - Statement - Break: null

2018-06-01 11:44:58 - [TEST_STEP][PASSED] - Statement - batchlength = new com.kms.katalon.core.testobject.TestObject(): null

2018-06-01 11:44:58 - [TEST_STEP][PASSED] - Statement - batchlength = com.kms.katalon.core.webui.keyword.WebUiBuiltInKeywords.modifyObjectProperty(batchlength, "xpath", "equals", "//*[@id = "fldvendor" + row + ""]", true): Modify property of object successfully

2018-06-01 11:44:58 - [MESSAGE][PASSED] - Modify property of object successfully

2018-06-01 11:44:58 - [TEST_STEP][PASSED] - Statement - batchsize = com.kms.katalon.core.webui.keyword.WebUiBuiltInKeywords.getNumberOfTotalOption(batchlength): 8 options of object '' counted

2018-06-01 11:44:58 - [MESSAGE][PASSED] - 8 options of object '' counted

2018-06-01 11:44:58 - [TEST_STEP][PASSED] - Statement - out.println("BatchSize : " + batchsize): null

2018-06-01 11:44:58 - [TEST_STEP][PASSED] - Statement - For ([n = 1, n <= batchsize - 1, (n++)]): null

2018-06-01 11:44:58 - [TEST_STEP][PASSED] - Statement - product = new com.kms.katalon.core.testobject.TestObject(): null

2018-06-01 11:44:58 - [TEST_STEP][PASSED] - Statement - product = com.kms.katalon.core.webui.keyword.WebUiBuiltInKeywords.modifyObjectProperty(product, "xpath", "equals", "//*[@id = "fldvendor" + row + ""]", true): Modify property of object successfully

2018-06-01 11:44:58 - [MESSAGE][PASSED] - Modify property of object successfully

2018-06-01 11:44:58 - [TEST_STEP][PASSED] - selectOptionByIndex: All options with index in [1] are selected on object ''

2018-06-01 11:44:59 - [MESSAGE][PASSED] - All options with index in [1] are selected on object ''

2018-06-01 11:44:59 - [TEST_STEP][PASSED] - delay: Delayed 2 second(s)

2018-06-01 11:45:01 - [MESSAGE][PASSED] - Delayed 2 second(s)

2018-06-01 11:45:01 - [TEST_STEP][PASSED] - Statement - batch = new com.kms.katalon.core.testobject.TestObject(): null

2018-06-01 11:45:01 - [TEST_STEP][PASSED] - Statement - batch = com.kms.katalon.core.webui.keyword.WebUiBuiltInKeywords.modifyObjectProperty(batch, "xpath", "equals", "//*[@id = "txtbthqty" + row + ""]", true): Modify property of object successfully

2018-06-01 11:45:01 - [MESSAGE][PASSED] - Modify property of object successfully

2018-06-01 11:45:01 - [TEST_STEP][PASSED] - Statement - batchqty = com.kms.katalon.core.webui.keyword.WebUiBuiltInKeywords.getAttribute(batch, "value").trim(): Attribute 'value' of object '' is: '2800'

2018-06-01 11:45:01 - [MESSAGE][PASSED] - Attribute 'value' of object '' is: '2800'

2018-06-01 11:45:01 - [TEST_STEP][PASSED] - Statement - Rqty = 100: null

2018-06-01 11:45:01 - [TEST_STEP][PASSED] - Statement - out.println("BatchQty : " + batchqty): null

2018-06-01 11:45:01 - [TEST_STEP][PASSED] - Statement - out.println("RQty : " + Rqty): null

2018-06-01 11:45:01 - [TEST_STEP][PASSED] - Statement - If (java.lang.Integer.valueOf(batchqty) >= java.lang.Integer.valueOf(Rqty)): null

2018-06-01 11:45:01 - [TEST_STEP][PASSED] - Statement - Break: null

2018-06-01 11:45:01 - [TEST_STEP][PASSED] - Statement - batchlength = new com.kms.katalon.core.testobject.TestObject(): null

2018-06-01 11:45:01 - [TEST_STEP][PASSED] - Statement - batchlength = com.kms.katalon.core.webui.keyword.WebUiBuiltInKeywords.modifyObjectProperty(batchlength, "xpath", "equals", "//*[@id = "fldvendor" + row + ""]", true): Modify property of object successfully

2018-06-01 11:45:01 - [MESSAGE][PASSED] - Modify property of object successfully

2018-06-01 11:45:01 - [TEST_STEP][PASSED] - Statement - batchsize = com.kms.katalon.core.webui.keyword.WebUiBuiltInKeywords.getNumberOfTotalOption(batchlength): 8 options of object '' counted

2018-06-01 11:45:01 - [MESSAGE][PASSED] - 8 options of object '' counted

2018-06-01 11:45:01 - [TEST_STEP][PASSED] - Statement - out.println("BatchSize : " + batchsize): null

2018-06-01 11:45:01 - [TEST_STEP][PASSED] - Statement - For ([n = 1, n <= batchsize - 1, (n++)]): null

2018-06-01 11:45:01 - [TEST_STEP][PASSED] - Statement - product = new com.kms.katalon.core.testobject.TestObject(): null

2018-06-01 11:45:01 - [TEST_STEP][PASSED] - Statement - product = com.kms.katalon.core.webui.keyword.WebUiBuiltInKeywords.modifyObjectProperty(product, "xpath", "equals", "//*[@id = "fldvendor" + row + ""]", true): Modify property of object successfully

2018-06-01 11:45:01 - [MESSAGE][PASSED] - Modify property of object successfully

2018-06-01 11:45:01 - [TEST_STEP][PASSED] - selectOptionByIndex: All options with index in [1] are selected on object ''

2018-06-01 11:45:01 - [MESSAGE][PASSED] - All options with index in [1] are selected on object ''

2018-06-01 11:45:01 - [TEST_STEP][PASSED] - delay: Delayed 2 second(s)

2018-06-01 11:45:03 - [MESSAGE][PASSED] - Delayed 2 second(s)

2018-06-01 11:45:03 - [TEST_STEP][PASSED] - Statement - batch = new com.kms.katalon.core.testobject.TestObject(): null

2018-06-01 11:45:03 - [TEST_STEP][PASSED] - Statement - batch = com.kms.katalon.core.webui.keyword.WebUiBuiltInKeywords.modifyObjectProperty(batch, "xpath", "equals", "//*[@id = "txtbthqty" + row + ""]", true): Modify property of object successfully

2018-06-01 11:45:03 - [MESSAGE][PASSED] - Modify property of object successfully

2018-06-01 11:45:03 - [TEST_STEP][PASSED] - Statement - batchqty = com.kms.katalon.core.webui.keyword.WebUiBuiltInKeywords.getAttribute(batch, "value").trim(): Attribute 'value' of object '' is: '3800'

2018-06-01 11:45:03 - [MESSAGE][PASSED] - Attribute 'value' of object '' is: '3800'

2018-06-01 11:45:03 - [TEST_STEP][PASSED] - Statement - Rqty = 100: null

2018-06-01 11:45:03 - [TEST_STEP][PASSED] - Statement - out.println("BatchQty : " + batchqty): null

2018-06-01 11:45:03 - [TEST_STEP][PASSED] - Statement - out.println("RQty : " + Rqty): null

2018-06-01 11:45:03 - [TEST_STEP][PASSED] - Statement - If (java.lang.Integer.valueOf(batchqty) >= java.lang.Integer.valueOf(Rqty)): null

2018-06-01 11:45:03 - [TEST_STEP][PASSED] - Statement - Break: null

2018-06-01 11:45:03 - [TEST_STEP][PASSED] - Statement - batchlength = new com.kms.katalon.core.testobject.TestObject(): null

2018-06-01 11:45:03 - [TEST_STEP][PASSED] - Statement - batchlength = com.kms.katalon.core.webui.keyword.WebUiBuiltInKeywords.modifyObjectProperty(batchlength, "xpath", "equals", "//*[@id = "fldvendor" + row + ""]", true): Modify property of object successfully

2018-06-01 11:45:03 - [MESSAGE][PASSED] - Modify property of object successfully

2018-06-01 11:45:03 - [TEST_STEP][PASSED] - Statement - batchsize = com.kms.katalon.core.webui.keyword.WebUiBuiltInKeywords.getNumberOfTotalOption(batchlength): 8 options of object '' counted

2018-06-01 11:45:03 - [MESSAGE][PASSED] - 8 options of object '' counted

2018-06-01 11:45:03 - [TEST_STEP][PASSED] - Statement - out.println("BatchSize : " + batchsize): null

2018-06-01 11:45:03 - [TEST_STEP][PASSED] - Statement - For ([n = 1, n <= batchsize - 1, (n++)]): null

2018-06-01 11:45:03 - [TEST_STEP][PASSED] - Statement - product = new com.kms.katalon.core.testobject.TestObject(): null

2018-06-01 11:45:03 - [TEST_STEP][PASSED] - Statement - product = com.kms.katalon.core.webui.keyword.WebUiBuiltInKeywords.modifyObjectProperty(product, "xpath", "equals", "//*[@id = "fldvendor" + row + ""]", true): Modify property of object successfully

2018-06-01 11:45:03 - [MESSAGE][PASSED] - Modify property of object successfully

2018-06-01 11:45:03 - [TEST_STEP][PASSED] - selectOptionByIndex: All options with index in [1] are selected on object ''

2018-06-01 11:45:03 - [MESSAGE][PASSED] - All options with index in [1] are selected on object ''

2018-06-01 11:45:03 - [TEST_STEP][PASSED] - delay: Delayed 2 second(s)

2018-06-01 11:45:05 - [MESSAGE][PASSED] - Delayed 2 second(s)

2018-06-01 11:45:05 - [TEST_STEP][PASSED] - Statement - batch = new com.kms.katalon.core.testobject.TestObject(): null

2018-06-01 11:45:05 - [TEST_STEP][PASSED] - Statement - batch = com.kms.katalon.core.webui.keyword.WebUiBuiltInKeywords.modifyObjectProperty(batch, "xpath", "equals", "//*[@id = "txtbthqty" + row + ""]", true): Modify property of object successfully

2018-06-01 11:45:05 - [MESSAGE][PASSED] - Modify property of object successfully

2018-06-01 11:45:05 - [TEST_STEP][PASSED] - Statement - batchqty = com.kms.katalon.core.webui.keyword.WebUiBuiltInKeywords.getAttribute(batch, "value").trim(): Attribute 'value' of object '' is: '4200'

2018-06-01 11:45:05 - [MESSAGE][PASSED] - Attribute 'value' of object '' is: '4200'

2018-06-01 11:45:05 - [TEST_STEP][PASSED] - Statement - Rqty = 100: null

2018-06-01 11:45:05 - [TEST_STEP][PASSED] - Statement - out.println("BatchQty : " + batchqty): null

2018-06-01 11:45:05 - [TEST_STEP][PASSED] - Statement - out.println("RQty : " + Rqty): null

2018-06-01 11:45:05 - [TEST_STEP][PASSED] - Statement - If (java.lang.Integer.valueOf(batchqty) >= java.lang.Integer.valueOf(Rqty)): null

2018-06-01 11:45:05 - [TEST_STEP][PASSED] - Statement - Break: null

2018-06-01 11:45:05 - [TEST_STEP][PASSED] - Statement - batchlength = new com.kms.katalon.core.testobject.TestObject(): null

2018-06-01 11:45:05 - [TEST_STEP][PASSED] - Statement - batchlength = com.kms.katalon.core.webui.keyword.WebUiBuiltInKeywords.modifyObjectProperty(batchlength, "xpath", "equals", "//*[@id = "fldvendor" + row + ""]", true): Modify property of object successfully

2018-06-01 11:45:05 - [MESSAGE][PASSED] - Modify property of object successfully

2018-06-01 11:45:05 - [TEST_STEP][PASSED] - Statement - batchsize = com.kms.katalon.core.webui.keyword.WebUiBuiltInKeywords.getNumberOfTotalOption(batchlength): 8 options of object '' counted

2018-06-01 11:45:05 - [MESSAGE][PASSED] - 8 options of object '' counted

2018-06-01 11:45:05 - [TEST_STEP][PASSED] - Statement - out.println("BatchSize : " + batchsize): null

2018-06-01 11:45:05 - [TEST_STEP][PASSED] - Statement - For ([n = 1, n <= batchsize - 1, (n++)]): null

2018-06-01 11:45:05 - [TEST_STEP][PASSED] - Statement - product = new com.kms.katalon.core.testobject.TestObject(): null

2018-06-01 11:45:05 - [TEST_STEP][PASSED] - Statement - product = com.kms.katalon.core.webui.keyword.WebUiBuiltInKeywords.modifyObjectProperty(product, "xpath", "equals", "//*[@id = "fldvendor" + row + ""]", true): Modify property of object successfully

2018-06-01 11:45:05 - [MESSAGE][PASSED] - Modify property of object successfully

2018-06-01 11:45:05 - [TEST_STEP][PASSED] - selectOptionByIndex: All options with index in [1] are selected on object ''

2018-06-01 11:45:06 - [MESSAGE][PASSED] - All options with index in [1] are selected on object ''

2018-06-01 11:45:06 - [TEST_STEP][PASSED] - delay: Delayed 2 second(s)

2018-06-01 11:45:08 - [MESSAGE][PASSED] - Delayed 2 second(s)

2018-06-01 11:45:08 - [TEST_STEP][PASSED] - Statement - batch = new com.kms.katalon.core.testobject.TestObject(): null

2018-06-01 11:45:08 - [TEST_STEP][PASSED] - Statement - batch = com.kms.katalon.core.webui.keyword.WebUiBuiltInKeywords.modifyObjectProperty(batch, "xpath", "equals", "//*[@id = "txtbthqty" + row + ""]", true): Modify property of object successfully

2018-06-01 11:45:08 - [MESSAGE][PASSED] - Modify property of object successfully

2018-06-01 11:45:08 - [TEST_STEP][PASSED] - Statement - batchqty = com.kms.katalon.core.webui.keyword.WebUiBuiltInKeywords.getAttribute(batch, "value").trim(): Attribute 'value' of object '' is: '37500'

2018-06-01 11:45:08 - [MESSAGE][PASSED] - Attribute 'value' of object '' is: '37500'

2018-06-01 11:45:08 - [TEST_STEP][PASSED] - Statement - Rqty = 100: null

2018-06-01 11:45:08 - [TEST_STEP][PASSED] - Statement - out.println("BatchQty : " + batchqty): null

2018-06-01 11:45:08 - [TEST_STEP][PASSED] - Statement - out.println("RQty : " + Rqty): null

2018-06-01 11:45:08 - [TEST_STEP][PASSED] - Statement - If (java.lang.Integer.valueOf(batchqty) >= java.lang.Integer.valueOf(Rqty)): null

2018-06-01 11:45:08 - [TEST_STEP][PASSED] - Statement - Break: null

2018-06-01 11:45:08 - [TEST_STEP][PASSED] - Statement - batchlength = new com.kms.katalon.core.testobject.TestObject(): null

2018-06-01 11:45:08 - [TEST_STEP][PASSED] - Statement - batchlength = com.kms.katalon.core.webui.keyword.WebUiBuiltInKeywords.modifyObjectProperty(batchlength, "xpath", "equals", "//*[@id = "fldvendor" + row + ""]", true): Modify property of object successfully

2018-06-01 11:45:08 - [MESSAGE][PASSED] - Modify property of object successfully

2018-06-01 11:45:08 - [TEST_STEP][PASSED] - Statement - batchsize = com.kms.katalon.core.webui.keyword.WebUiBuiltInKeywords.getNumberOfTotalOption(batchlength): 8 options of object '' counted

2018-06-01 11:45:08 - [MESSAGE][PASSED] - 8 options of object '' counted

2018-06-01 11:45:08 - [TEST_STEP][PASSED] - Statement - out.println("BatchSize : " + batchsize): null

2018-06-01 11:45:08 - [TEST_STEP][PASSED] - Statement - For ([n = 1, n <= batchsize - 1, (n++)]): null

2018-06-01 11:45:08 - [TEST_STEP][PASSED] - Statement - product = new com.kms.katalon.core.testobject.TestObject(): null

2018-06-01 11:45:08 - [TEST_STEP][PASSED] - Statement - product = com.kms.katalon.core.webui.keyword.WebUiBuiltInKeywords.modifyObjectProperty(product, "xpath", "equals", "//*[@id = "fldvendor" + row + ""]", true): Modify property of object successfully

2018-06-01 11:45:08 - [MESSAGE][PASSED] - Modify property of object successfully

2018-06-01 11:45:08 - [TEST_STEP][PASSED] - selectOptionByIndex: All options with index in [1] are selected on object ''

2018-06-01 11:45:08 - [MESSAGE][PASSED] - All options with index in [1] are selected on object ''

2018-06-01 11:45:08 - [TEST_STEP][PASSED] - delay: Delayed 2 second(s)

2018-06-01 11:45:10 - [MESSAGE][PASSED] - Delayed 2 second(s)

2018-06-01 11:45:10 - [TEST_STEP][PASSED] - Statement - batch = new com.kms.katalon.core.testobject.TestObject(): null

2018-06-01 11:45:10 - [TEST_STEP][PASSED] - Statement - batch = com.kms.katalon.core.webui.keyword.WebUiBuiltInKeywords.modifyObjectProperty(batch, "xpath", "equals", "//*[@id = "txtbthqty" + row + ""]", true): Modify property of object successfully

2018-06-01 11:45:10 - [MESSAGE][PASSED] - Modify property of object successfully

2018-06-01 11:45:10 - [TEST_STEP][PASSED] - Statement - batchqty = com.kms.katalon.core.webui.keyword.WebUiBuiltInKeywords.getAttribute(batch, "value").trim(): Attribute 'value' of object '' is: '4200'

2018-06-01 11:45:10 - [MESSAGE][PASSED] - Attribute 'value' of object '' is: '4200'

2018-06-01 11:45:10 - [TEST_STEP][PASSED] - Statement - Rqty = 100: null

2018-06-01 11:45:10 - [TEST_STEP][PASSED] - Statement - out.println("BatchQty : " + batchqty): null

2018-06-01 11:45:10 - [TEST_STEP][PASSED] - Statement - out.println("RQty : " + Rqty): null

2018-06-01 11:45:10 - [TEST_STEP][PASSED] - Statement - If (java.lang.Integer.valueOf(batchqty) >= java.lang.Integer.valueOf(Rqty)): null

2018-06-01 11:45:10 - [TEST_STEP][PASSED] - Statement - Break: null

2018-06-01 11:45:10 - [TEST_STEP][PASSED] - Statement - batchlength = new com.kms.katalon.core.testobject.TestObject(): null

2018-06-01 11:45:10 - [TEST_STEP][PASSED] - Statement - batchlength = com.kms.katalon.core.webui.keyword.WebUiBuiltInKeywords.modifyObjectProperty(batchlength, "xpath", "equals", "//*[@id = "fldvendor" + row + ""]", true): Modify property of object successfully

2018-06-01 11:45:10 - [MESSAGE][PASSED] - Modify property of object successfully

2018-06-01 11:45:10 - [TEST_STEP][PASSED] - Statement - batchsize = com.kms.katalon.core.webui.keyword.WebUiBuiltInKeywords.getNumberOfTotalOption(batchlength): 8 options of object '' counted

2018-06-01 11:45:10 - [MESSAGE][PASSED] - 8 options of object '' counted

2018-06-01 11:45:10 - [TEST_STEP][PASSED] - Statement - out.println("BatchSize : " + batchsize): null

2018-06-01 11:45:10 - [TEST_STEP][PASSED] - Statement - For ([n = 1, n <= batchsize - 1, (n++)]): null

2018-06-01 11:45:10 - [TEST_STEP][PASSED] - Statement - product = new com.kms.katalon.core.testobject.TestObject(): null

2018-06-01 11:45:10 - [TEST_STEP][PASSED] - Statement - product = com.kms.katalon.core.webui.keyword.WebUiBuiltInKeywords.modifyObjectProperty(product, "xpath", "equals", "//*[@id = "fldvendor" + row + ""]", true): Modify property of object successfully

2018-06-01 11:45:10 - [MESSAGE][PASSED] - Modify property of object successfully

2018-06-01 11:45:10 - [TEST_STEP][PASSED] - selectOptionByIndex: All options with index in [1] are selected on object ''

2018-06-01 11:45:10 - [MESSAGE][PASSED] - All options with index in [1] are selected on object ''

2018-06-01 11:45:10 - [TEST_STEP][PASSED] - delay: Delayed 2 second(s)

2018-06-01 11:45:12 - [MESSAGE][PASSED] - Delayed 2 second(s)

2018-06-01 11:45:12 - [TEST_STEP][PASSED] - Statement - batch = new com.kms.katalon.core.testobject.TestObject(): null

2018-06-01 11:45:12 - [TEST_STEP][PASSED] - Statement - batch = com.kms.katalon.core.webui.keyword.WebUiBuiltInKeywords.modifyObjectProperty(batch, "xpath", "equals", "//*[@id = "txtbthqty" + row + ""]", true): Modify property of object successfully

2018-06-01 11:45:12 - [MESSAGE][PASSED] - Modify property of object successfully

2018-06-01 11:45:12 - [TEST_STEP][PASSED] - Statement - batchqty = com.kms.katalon.core.webui.keyword.WebUiBuiltInKeywords.getAttribute(batch, "value").trim(): Attribute 'value' of object '' is: '3800'

2018-06-01 11:45:12 - [MESSAGE][PASSED] - Attribute 'value' of object '' is: '3800'

2018-06-01 11:45:12 - [TEST_STEP][PASSED] - Statement - Rqty = 100: null

2018-06-01 11:45:12 - [TEST_STEP][PASSED] - Statement - out.println("BatchQty : " + batchqty): null

2018-06-01 11:45:12 - [TEST_STEP][PASSED] - Statement - out.println("RQty : " + Rqty): null

2018-06-01 11:45:12 - [TEST_STEP][PASSED] - Statement - If (java.lang.Integer.valueOf(batchqty) >= java.lang.Integer.valueOf(Rqty)): null

2018-06-01 11:45:12 - [TEST_STEP][PASSED] - Statement - Break: null

2018-06-01 11:45:12 - [TEST_STEP][PASSED] - Statement - batchlength = new com.kms.katalon.core.testobject.TestObject(): null

2018-06-01 11:45:12 - [TEST_STEP][PASSED] - Statement - batchlength = com.kms.katalon.core.webui.keyword.WebUiBuiltInKeywords.modifyObjectProperty(batchlength, "xpath", "equals", "//*[@id = "fldvendor" + row + ""]", true): Modify property of object successfully

2018-06-01 11:45:12 - [MESSAGE][PASSED] - Modify property of object successfully

2018-06-01 11:45:12 - [TEST_STEP][PASSED] - Statement - batchsize = com.kms.katalon.core.webui.keyword.WebUiBuiltInKeywords.getNumberOfTotalOption(batchlength): 8 options of object '' counted

2018-06-01 11:45:12 - [MESSAGE][PASSED] - 8 options of object '' counted

2018-06-01 11:45:12 - [TEST_STEP][PASSED] - Statement - out.println("BatchSize : " + batchsize): null

2018-06-01 11:45:12 - [TEST_STEP][PASSED] - Statement - For ([n = 1, n <= batchsize - 1, (n++)]): null

2018-06-01 11:45:12 - [TEST_STEP][PASSED] - Statement - product = new com.kms.katalon.core.testobject.TestObject(): null

2018-06-01 11:45:12 - [TEST_STEP][PASSED] - Statement - product = com.kms.katalon.core.webui.keyword.WebUiBuiltInKeywords.modifyObjectProperty(product, "xpath", "equals", "//*[@id = "fldvendor" + row + ""]", true): Modify property of object successfully

2018-06-01 11:45:12 - [MESSAGE][PASSED] - Modify property of object successfully

2018-06-01 11:45:12 - [TEST_STEP][PASSED] - selectOptionByIndex: All options with index in [1] are selected on object ''

2018-06-01 11:45:12 - [MESSAGE][PASSED] - All options with index in [1] are selected on object ''

2018-06-01 11:45:12 - [TEST_STEP][PASSED] - delay: Delayed 2 second(s)

2018-06-01 11:45:14 - [MESSAGE][PASSED] - Delayed 2 second(s)

2018-06-01 11:45:14 - [TEST_STEP][PASSED] - Statement - batch = new com.kms.katalon.core.testobject.TestObject(): null

2018-06-01 11:45:14 - [TEST_STEP][PASSED] - Statement - batch = com.kms.katalon.core.webui.keyword.WebUiBuiltInKeywords.modifyObjectProperty(batch, "xpath", "equals", "//*[@id = "txtbthqty" + row + ""]", true): Modify property of object successfully

2018-06-01 11:45:14 - [MESSAGE][PASSED] - Modify property of object successfully

2018-06-01 11:45:14 - [TEST_STEP][PASSED] - Statement - batchqty = com.kms.katalon.core.webui.keyword.WebUiBuiltInKeywords.getAttribute(batch, "value").trim(): Attribute 'value' of object '' is: '37500'

2018-06-01 11:45:14 - [MESSAGE][PASSED] - Attribute 'value' of object '' is: '37500'

2018-06-01 11:45:14 - [TEST_STEP][PASSED] - Statement - Rqty = 100: null

2018-06-01 11:45:14 - [TEST_STEP][PASSED] - Statement - out.println("BatchQty : " + batchqty): null

2018-06-01 11:45:14 - [TEST_STEP][PASSED] - Statement - out.println("RQty : " + Rqty): null

2018-06-01 11:45:14 - [TEST_STEP][PASSED] - Statement - If (java.lang.Integer.valueOf(batchqty) >= java.lang.Integer.valueOf(Rqty)): null

2018-06-01 11:45:14 - [TEST_STEP][PASSED] - Statement - Break: null

2018-06-01 11:45:14 - [TEST_STEP][PASSED] - Statement - batchlength = new com.kms.katalon.core.testobject.TestObject(): null

2018-06-01 11:45:14 - [TEST_STEP][PASSED] - Statement - batchlength = com.kms.katalon.core.webui.keyword.WebUiBuiltInKeywords.modifyObjectProperty(batchlength, "xpath", "equals", "//*[@id = "fldvendor" + row + ""]", true): Modify property of object successfully

2018-06-01 11:45:14 - [MESSAGE][PASSED] - Modify property of object successfully

2018-06-01 11:45:14 - [TEST_STEP][PASSED] - Statement - batchsize = com.kms.katalon.core.webui.keyword.WebUiBuiltInKeywords.getNumberOfTotalOption(batchlength): 8 options of object '' counted

2018-06-01 11:45:15 - [MESSAGE][PASSED] - 8 options of object '' counted

2018-06-01 11:45:15 - [TEST_STEP][PASSED] - Statement - out.println("BatchSize : " + batchsize): null

2018-06-01 11:45:15 - [TEST_STEP][PASSED] - Statement - For ([n = 1, n <= batchsize - 1, (n++)]): null

2018-06-01 11:45:15 - [TEST_STEP][PASSED] - Statement - product = new com.kms.katalon.core.testobject.TestObject(): null

2018-06-01 11:45:15 - [TEST_STEP][PASSED] - Statement - product = com.kms.katalon.core.webui.keyword.WebUiBuiltInKeywords.modifyObjectProperty(product, "xpath", "equals", "//*[@id = "fldvendor" + row + ""]", true): Modify property of object successfully

2018-06-01 11:45:15 - [MESSAGE][PASSED] - Modify property of object successfully

2018-06-01 11:45:15 - [TEST_STEP][PASSED] - selectOptionByIndex: All options with index in [1] are selected on object ''

2018-06-01 11:45:15 - [MESSAGE][PASSED] - All options with index in [1] are selected on object ''

2018-06-01 11:45:15 - [TEST_STEP][PASSED] - delay: Delayed 2 second(s)

2018-06-01 11:45:17 - [MESSAGE][PASSED] - Delayed 2 second(s)

2018-06-01 11:45:17 - [TEST_STEP][PASSED] - Statement - batch = new com.kms.katalon.core.testobject.TestObject(): null

2018-06-01 11:45:17 - [TEST_STEP][PASSED] - Statement - batch = com.kms.katalon.core.webui.keyword.WebUiBuiltInKeywords.modifyObjectProperty(batch, "xpath", "equals", "//*[@id = "txtbthqty" + row + ""]", true): Modify property of object successfully

2018-06-01 11:45:17 - [MESSAGE][PASSED] - Modify property of object successfully

2018-06-01 11:45:17 - [TEST_STEP][PASSED] - Statement - batchqty = com.kms.katalon.core.webui.keyword.WebUiBuiltInKeywords.getAttribute(batch, "value").trim(): Attribute 'value' of object '' is: '3800'

2018-06-01 11:45:17 - [MESSAGE][PASSED] - Attribute 'value' of object '' is: '3800'

2018-06-01 11:45:17 - [TEST_STEP][PASSED] - Statement - Rqty = 100: null

2018-06-01 11:45:17 - [TEST_STEP][PASSED] - Statement - out.println("BatchQty : " + batchqty): null

2018-06-01 11:45:17 - [TEST_STEP][PASSED] - Statement - out.println("RQty : " + Rqty): null

2018-06-01 11:45:17 - [TEST_STEP][PASSED] - Statement - If (java.lang.Integer.valueOf(batchqty) >= java.lang.Integer.valueOf(Rqty)): null

2018-06-01 11:45:17 - [TEST_STEP][PASSED] - Statement - Break: null

2018-06-01 11:45:17 - [TEST_STEP][PASSED] - Statement - batchlength = new com.kms.katalon.core.testobject.TestObject(): null

2018-06-01 11:45:17 - [TEST_STEP][PASSED] - Statement - batchlength = com.kms.katalon.core.webui.keyword.WebUiBuiltInKeywords.modifyObjectProperty(batchlength, "xpath", "equals", "//*[@id = "fldvendor" + row + ""]", true): Modify property of object successfully

2018-06-01 11:45:17 - [MESSAGE][PASSED] - Modify property of object successfully

2018-06-01 11:45:17 - [TEST_STEP][PASSED] - Statement - batchsize = com.kms.katalon.core.webui.keyword.WebUiBuiltInKeywords.getNumberOfTotalOption(batchlength): 8 options of object '' counted

2018-06-01 11:45:17 - [MESSAGE][PASSED] - 8 options of object '' counted

2018-06-01 11:45:17 - [TEST_STEP][PASSED] - Statement - out.println("BatchSize : " + batchsize): null

2018-06-01 11:45:17 - [TEST_STEP][PASSED] - Statement - For ([n = 1, n <= batchsize - 1, (n++)]): null

2018-06-01 11:45:17 - [TEST_STEP][PASSED] - Statement - product = new com.kms.katalon.core.testobject.TestObject(): null

2018-06-01 11:45:17 - [TEST_STEP][PASSED] - Statement - product = com.kms.katalon.core.webui.keyword.WebUiBuiltInKeywords.modifyObjectProperty(product, "xpath", "equals", "//*[@id = "fldvendor" + row + ""]", true): Modify property of object successfully

2018-06-01 11:45:17 - [MESSAGE][PASSED] - Modify property of object successfully

2018-06-01 11:45:17 - [TEST_STEP][PASSED] - selectOptionByIndex: All options with index in [1] are selected on object ''

2018-06-01 11:45:17 - [MESSAGE][PASSED] - All options with index in [1] are selected on object ''

2018-06-01 11:45:17 - [TEST_STEP][PASSED] - delay: Delayed 2 second(s)

2018-06-01 11:45:19 - [MESSAGE][PASSED] - Delayed 2 second(s)

2018-06-01 11:45:19 - [TEST_STEP][PASSED] - Statement - batch = new com.kms.katalon.core.testobject.TestObject(): null

2018-06-01 11:45:19 - [TEST_STEP][PASSED] - Statement - batch = com.kms.katalon.core.webui.keyword.WebUiBuiltInKeywords.modifyObjectProperty(batch, "xpath", "equals", "//*[@id = "txtbthqty" + row + ""]", true): Modify property of object successfully

2018-06-01 11:45:19 - [MESSAGE][PASSED] - Modify property of object successfully

2018-06-01 11:45:19 - [TEST_STEP][PASSED] - Statement - batchqty = com.kms.katalon.core.webui.keyword.WebUiBuiltInKeywords.getAttribute(batch, "value").trim(): Attribute 'value' of object '' is: '3800'

2018-06-01 11:45:19 - [MESSAGE][PASSED] - Attribute 'value' of object '' is: '3800'

2018-06-01 11:45:19 - [TEST_STEP][PASSED] - Statement - Rqty = 100: null

2018-06-01 11:45:19 - [TEST_STEP][PASSED] - Statement - out.println("BatchQty : " + batchqty): null

2018-06-01 11:45:19 - [TEST_STEP][PASSED] - Statement - out.println("RQty : " + Rqty): null

2018-06-01 11:45:19 - [TEST_STEP][PASSED] - Statement - If (java.lang.Integer.valueOf(batchqty) >= java.lang.Integer.valueOf(Rqty)): null

2018-06-01 11:45:19 - [TEST_STEP][PASSED] - Statement - Break: null

2018-06-01 11:45:19 - [TEST_STEP][PASSED] - Statement - batchlength = new com.kms.katalon.core.testobject.TestObject(): null

2018-06-01 11:45:19 - [TEST_STEP][PASSED] - Statement - batchlength = com.kms.katalon.core.webui.keyword.WebUiBuiltInKeywords.modifyObjectProperty(batchlength, "xpath", "equals", "//*[@id = "fldvendor" + row + ""]", true): Modify property of object successfully

2018-06-01 11:45:19 - [MESSAGE][PASSED] - Modify property of object successfully

2018-06-01 11:45:19 - [TEST_STEP][PASSED] - Statement - batchsize = com.kms.katalon.core.webui.keyword.WebUiBuiltInKeywords.getNumberOfTotalOption(batchlength): 8 options of object '' counted

2018-06-01 11:45:19 - [MESSAGE][PASSED] - 8 options of object '' counted

2018-06-01 11:45:19 - [TEST_STEP][PASSED] - Statement - out.println("BatchSize : " + batchsize): null

2018-06-01 11:45:19 - [TEST_STEP][PASSED] - Statement - For ([n = 1, n <= batchsize - 1, (n++)]): null

2018-06-01 11:45:19 - [TEST_STEP][PASSED] - Statement - product = new com.kms.katalon.core.testobject.TestObject(): null

2018-06-01 11:45:19 - [TEST_STEP][PASSED] - Statement - product = com.kms.katalon.core.webui.keyword.WebUiBuiltInKeywords.modifyObjectProperty(product, "xpath", "equals", "//*[@id = "fldvendor" + row + ""]", true): Modify property of object successfully

2018-06-01 11:45:19 - [MESSAGE][PASSED] - Modify property of object successfully

2018-06-01 11:45:19 - [TEST_STEP][PASSED] - selectOptionByIndex: All options with index in [1] are selected on object ''

2018-06-01 11:45:19 - [MESSAGE][PASSED] - All options with index in [1] are selected on object ''

2018-06-01 11:45:19 - [TEST_STEP][PASSED] - delay: Delayed 2 second(s)

2018-06-01 11:45:21 - [MESSAGE][PASSED] - Delayed 2 second(s)

2018-06-01 11:45:21 - [TEST_STEP][PASSED] - Statement - batch = new com.kms.katalon.core.testobject.TestObject(): null

2018-06-01 11:45:21 - [TEST_STEP][PASSED] - Statement - batch = com.kms.katalon.core.webui.keyword.WebUiBuiltInKeywords.modifyObjectProperty(batch, "xpath", "equals", "//*[@id = "txtbthqty" + row + ""]", true): Modify property of object successfully

2018-06-01 11:45:21 - [MESSAGE][PASSED] - Modify property of object successfully

2018-06-01 11:45:21 - [TEST_STEP][PASSED] - Statement - batchqty = com.kms.katalon.core.webui.keyword.WebUiBuiltInKeywords.getAttribute(batch, "value").trim(): Attribute 'value' of object '' is: '3800'

2018-06-01 11:45:21 - [MESSAGE][PASSED] - Attribute 'value' of object '' is: '3800'

2018-06-01 11:45:21 - [TEST_STEP][PASSED] - Statement - Rqty = 100: null

2018-06-01 11:45:21 - [TEST_STEP][PASSED] - Statement - out.println("BatchQty : " + batchqty): null

2018-06-01 11:45:21 - [TEST_STEP][PASSED] - Statement - out.println("RQty : " + Rqty): null

2018-06-01 11:45:21 - [TEST_STEP][PASSED] - Statement - If (java.lang.Integer.valueOf(batchqty) >= java.lang.Integer.valueOf(Rqty)): null

2018-06-01 11:45:21 - [TEST_STEP][PASSED] - Statement - Break: null

2018-06-01 11:45:21 - [TEST_STEP][PASSED] - Statement - batchlength = new com.kms.katalon.core.testobject.TestObject(): null

2018-06-01 11:45:21 - [TEST_STEP][PASSED] - Statement - batchlength = com.kms.katalon.core.webui.keyword.WebUiBuiltInKeywords.modifyObjectProperty(batchlength, "xpath", "equals", "//*[@id = "fldvendor" + row + ""]", true): Modify property of object successfully

2018-06-01 11:45:21 - [MESSAGE][PASSED] - Modify property of object successfully

2018-06-01 11:45:21 - [TEST_STEP][PASSED] - Statement - batchsize = com.kms.katalon.core.webui.keyword.WebUiBuiltInKeywords.getNumberOfTotalOption(batchlength): 8 options of object '' counted

2018-06-01 11:45:21 - [MESSAGE][PASSED] - 8 options of object '' counted

2018-06-01 11:45:21 - [TEST_STEP][PASSED] - Statement - out.println("BatchSize : " + batchsize): null

2018-06-01 11:45:21 - [TEST_STEP][PASSED] - Statement - For ([n = 1, n <= batchsize - 1, (n++)]): null

2018-06-01 11:45:21 - [TEST_STEP][PASSED] - Statement - product = new com.kms.katalon.core.testobject.TestObject(): null

2018-06-01 11:45:21 - [TEST_STEP][PASSED] - Statement - product = com.kms.katalon.core.webui.keyword.WebUiBuiltInKeywords.modifyObjectProperty(product, "xpath", "equals", "//*[@id = "fldvendor" + row + ""]", true): Modify property of object successfully

2018-06-01 11:45:21 - [MESSAGE][PASSED] - Modify property of object successfully

2018-06-01 11:45:21 - [TEST_STEP][PASSED] - selectOptionByIndex: All options with index in [1] are selected on object ''

2018-06-01 11:45:22 - [MESSAGE][PASSED] - All options with index in [1] are selected on object ''

2018-06-01 11:45:22 - [TEST_STEP][PASSED] - delay: Delayed 2 second(s)

2018-06-01 11:45:24 - [MESSAGE][PASSED] - Delayed 2 second(s)

2018-06-01 11:45:24 - [TEST_STEP][PASSED] - Statement - batch = new com.kms.katalon.core.testobject.TestObject(): null

2018-06-01 11:45:24 - [TEST_STEP][PASSED] - Statement - batch = com.kms.katalon.core.webui.keyword.WebUiBuiltInKeywords.modifyObjectProperty(batch, "xpath", "equals", "//*[@id = "txtbthqty" + row + ""]", true): Modify property of object successfully

2018-06-01 11:45:24 - [MESSAGE][PASSED] - Modify property of object successfully

2018-06-01 11:45:24 - [TEST_STEP][PASSED] - Statement - batchqty = com.kms.katalon.core.webui.keyword.WebUiBuiltInKeywords.getAttribute(batch, "value").trim(): Attribute 'value' of object '' is: '4700'

2018-06-01 11:45:24 - [MESSAGE][PASSED] - Attribute 'value' of object '' is: '4700'

2018-06-01 11:45:24 - [TEST_STEP][PASSED] - Statement - Rqty = 100: null

2018-06-01 11:45:24 - [TEST_STEP][PASSED] - Statement - out.println("BatchQty : " + batchqty): null

2018-06-01 11:45:24 - [TEST_STEP][PASSED] - Statement - out.println("RQty : " + Rqty): null

2018-06-01 11:45:24 - [TEST_STEP][PASSED] - Statement - If (java.lang.Integer.valueOf(batchqty) >= java.lang.Integer.valueOf(Rqty)): null

2018-06-01 11:45:24 - [TEST_STEP][PASSED] - Statement - Break: null

2018-06-01 11:45:24 - [TEST_STEP][PASSED] - Statement - batchlength = new com.kms.katalon.core.testobject.TestObject(): null

2018-06-01 11:45:24 - [TEST_STEP][PASSED] - Statement - batchlength = com.kms.katalon.core.webui.keyword.WebUiBuiltInKeywords.modifyObjectProperty(batchlength, "xpath", "equals", "//*[@id = "fldvendor" + row + ""]", true): Modify property of object successfully

2018-06-01 11:45:24 - [MESSAGE][PASSED] - Modify property of object successfully

2018-06-01 11:45:24 - [TEST_STEP][PASSED] - Statement - batchsize = com.kms.katalon.core.webui.keyword.WebUiBuiltInKeywords.getNumberOfTotalOption(batchlength): 8 options of object '' counted

2018-06-01 11:45:24 - [MESSAGE][PASSED] - 8 options of object '' counted

2018-06-01 11:45:24 - [TEST_STEP][PASSED] - Statement - out.println("BatchSize : " + batchsize): null

2018-06-01 11:45:24 - [TEST_STEP][PASSED] - Statement - For ([n = 1, n <= batchsize - 1, (n++)]): null

2018-06-01 11:45:24 - [TEST_STEP][PASSED] - Statement - product = new com.kms.katalon.core.testobject.TestObject(): null

2018-06-01 11:45:24 - [TEST_STEP][PASSED] - Statement - product = com.kms.katalon.core.webui.keyword.WebUiBuiltInKeywords.modifyObjectProperty(product, "xpath", "equals", "//*[@id = "fldvendor" + row + ""]", true): Modify property of object successfully

2018-06-01 11:45:24 - [MESSAGE][PASSED] - Modify property of object successfully

2018-06-01 11:45:24 - [TEST_STEP][PASSED] - selectOptionByIndex: All options with index in [1] are selected on object ''

2018-06-01 11:45:24 - [MESSAGE][PASSED] - All options with index in [1] are selected on object ''

2018-06-01 11:45:24 - [TEST_STEP][PASSED] - delay: Delayed 2 second(s)

2018-06-01 11:45:26 - [MESSAGE][PASSED] - Delayed 2 second(s)

2018-06-01 11:45:26 - [TEST_STEP][PASSED] - Statement - batch = new com.kms.katalon.core.testobject.TestObject(): null

2018-06-01 11:45:26 - [TEST_STEP][PASSED] - Statement - batch = com.kms.katalon.core.webui.keyword.WebUiBuiltInKeywords.modifyObjectProperty(batch, "xpath", "equals", "//*[@id = "txtbthqty" + row + ""]", true): Modify property of object successfully

2018-06-01 11:45:26 - [MESSAGE][PASSED] - Modify property of object successfully

2018-06-01 11:45:26 - [TEST_STEP][PASSED] - Statement - batchqty = com.kms.katalon.core.webui.keyword.WebUiBuiltInKeywords.getAttribute(batch, "value").trim(): Attribute 'value' of object '' is: '4700'

2018-06-01 11:45:26 - [MESSAGE][PASSED] - Attribute 'value' of object '' is: '4700'

2018-06-01 11:45:26 - [TEST_STEP][PASSED] - Statement - Rqty = 100: null

2018-06-01 11:45:26 - [TEST_STEP][PASSED] - Statement - out.println("BatchQty : " + batchqty): null

2018-06-01 11:45:26 - [TEST_STEP][PASSED] - Statement - out.println("RQty : " + Rqty): null

2018-06-01 11:45:26 - [TEST_STEP][PASSED] - Statement - If (java.lang.Integer.valueOf(batchqty) >= java.lang.Integer.valueOf(Rqty)): null

2018-06-01 11:45:26 - [TEST_STEP][PASSED] - Statement - Break: null

2018-06-01 11:45:26 - [TEST_STEP][PASSED] - Statement - batchlength = new com.kms.katalon.core.testobject.TestObject(): null

2018-06-01 11:45:26 - [TEST_STEP][PASSED] - Statement - batchlength = com.kms.katalon.core.webui.keyword.WebUiBuiltInKeywords.modifyObjectProperty(batchlength, "xpath", "equals", "//*[@id = "fldvendor" + row + ""]", true): Modify property of object successfully

2018-06-01 11:45:26 - [MESSAGE][PASSED] - Modify property of object successfully

2018-06-01 11:45:26 - [TEST_STEP][PASSED] - Statement - batchsize = com.kms.katalon.core.webui.keyword.WebUiBuiltInKeywords.getNumberOfTotalOption(batchlength): 8 options of object '' counted

2018-06-01 11:45:26 - [MESSAGE][PASSED] - 8 options of object '' counted

2018-06-01 11:45:26 - [TEST_STEP][PASSED] - Statement - out.println("BatchSize : " + batchsize): null

2018-06-01 11:45:26 - [TEST_STEP][PASSED] - Statement - For ([n = 1, n <= batchsize - 1, (n++)]): null

2018-06-01 11:45:26 - [TEST_STEP][PASSED] - Statement - product = new com.kms.katalon.core.testobject.TestObject(): null

2018-06-01 11:45:26 - [TEST_STEP][PASSED] - Statement - product = com.kms.katalon.core.webui.keyword.WebUiBuiltInKeywords.modifyObjectProperty(product, "xpath", "equals", "//*[@id = "fldvendor" + row + ""]", true): Modify property of object successfully

2018-06-01 11:45:26 - [MESSAGE][PASSED] - Modify property of object successfully

2018-06-01 11:45:26 - [TEST_STEP][PASSED] - selectOptionByIndex: All options with index in [1] are selected on object ''

2018-06-01 11:45:26 - [MESSAGE][PASSED] - All options with index in [1] are selected on object ''

2018-06-01 11:45:26 - [TEST_STEP][PASSED] - delay: Delayed 2 second(s)

2018-06-01 11:45:28 - [MESSAGE][PASSED] - Delayed 2 second(s)

2018-06-01 11:45:28 - [TEST_STEP][PASSED] - Statement - batch = new com.kms.katalon.core.testobject.TestObject(): null

2018-06-01 11:45:28 - [TEST_STEP][PASSED] - Statement - batch = com.kms.katalon.core.webui.keyword.WebUiBuiltInKeywords.modifyObjectProperty(batch, "xpath", "equals", "//*[@id = "txtbthqty" + row + ""]", true): Modify property of object successfully

2018-06-01 11:45:28 - [MESSAGE][PASSED] - Modify property of object successfully

2018-06-01 11:45:28 - [TEST_STEP][PASSED] - Statement - batchqty = com.kms.katalon.core.webui.keyword.WebUiBuiltInKeywords.getAttribute(batch, "value").trim(): Attribute 'value' of object '' is: '4700'

2018-06-01 11:45:28 - [MESSAGE][PASSED] - Attribute 'value' of object '' is: '4700'

2018-06-01 11:45:28 - [TEST_STEP][PASSED] - Statement - Rqty = 100: null

2018-06-01 11:45:28 - [TEST_STEP][PASSED] - Statement - out.println("BatchQty : " + batchqty): null

2018-06-01 11:45:28 - [TEST_STEP][PASSED] - Statement - out.println("RQty : " + Rqty): null

2018-06-01 11:45:28 - [TEST_STEP][PASSED] - Statement - If (java.lang.Integer.valueOf(batchqty) >= java.lang.Integer.valueOf(Rqty)): null

2018-06-01 11:45:28 - [TEST_STEP][PASSED] - Statement - Break: null

2018-06-01 11:45:28 - [TEST_STEP][PASSED] - Statement - batchlength = new com.kms.katalon.core.testobject.TestObject(): null

2018-06-01 11:45:28 - [TEST_STEP][PASSED] - Statement - batchlength = com.kms.katalon.core.webui.keyword.WebUiBuiltInKeywords.modifyObjectProperty(batchlength, "xpath", "equals", "//*[@id = "fldvendor" + row + ""]", true): Modify property of object successfully

2018-06-01 11:45:28 - [MESSAGE][PASSED] - Modify property of object successfully

2018-06-01 11:45:28 - [TEST_STEP][PASSED] - Statement - batchsize = com.kms.katalon.core.webui.keyword.WebUiBuiltInKeywords.getNumberOfTotalOption(batchlength): 8 options of object '' counted

2018-06-01 11:45:28 - [MESSAGE][PASSED] - 8 options of object '' counted

2018-06-01 11:45:28 - [TEST_STEP][PASSED] - Statement - out.println("BatchSize : " + batchsize): null

2018-06-01 11:45:28 - [TEST_STEP][PASSED] - Statement - For ([n = 1, n <= batchsize - 1, (n++)]): null

2018-06-01 11:45:28 - [TEST_STEP][PASSED] - Statement - product = new com.kms.katalon.core.testobject.TestObject(): null

2018-06-01 11:45:28 - [TEST_STEP][PASSED] - Statement - product = com.kms.katalon.core.webui.keyword.WebUiBuiltInKeywords.modifyObjectProperty(product, "xpath", "equals", "//*[@id = "fldvendor" + row + ""]", true): Modify property of object successfully

2018-06-01 11:45:28 - [MESSAGE][PASSED] - Modify property of object successfully

2018-06-01 11:45:28 - [TEST_STEP][PASSED] - selectOptionByIndex: All options with index in [1] are selected on object ''

2018-06-01 11:45:29 - [MESSAGE][PASSED] - All options with index in [1] are selected on object ''

2018-06-01 11:45:29 - [TEST_STEP][PASSED] - delay: Delayed 2 second(s)

2018-06-01 11:45:31 - [MESSAGE][PASSED] - Delayed 2 second(s)

2018-06-01 11:45:31 - [TEST_STEP][PASSED] - Statement - batch = new com.kms.katalon.core.testobject.TestObject(): null

2018-06-01 11:45:31 - [TEST_STEP][PASSED] - Statement - batch = com.kms.katalon.core.webui.keyword.WebUiBuiltInKeywords.modifyObjectProperty(batch, "xpath", "equals", "//*[@id = "txtbthqty" + row + ""]", true): Modify property of object successfully

2018-06-01 11:45:31 - [MESSAGE][PASSED] - Modify property of object successfully

2018-06-01 11:45:31 - [TEST_STEP][PASSED] - Statement - batchqty = com.kms.katalon.core.webui.keyword.WebUiBuiltInKeywords.getAttribute(batch, "value").trim(): Attribute 'value' of object '' is: '3800'

2018-06-01 11:45:31 - [MESSAGE][PASSED] - Attribute 'value' of object '' is: '3800'

2018-06-01 11:45:31 - [TEST_STEP][PASSED] - Statement - Rqty = 100: null

2018-06-01 11:45:31 - [TEST_STEP][PASSED] - Statement - out.println("BatchQty : " + batchqty): null

2018-06-01 11:45:31 - [TEST_STEP][PASSED] - Statement - out.println("RQty : " + Rqty): null

2018-06-01 11:45:31 - [TEST_STEP][PASSED] - Statement - If (java.lang.Integer.valueOf(batchqty) >= java.lang.Integer.valueOf(Rqty)): null

2018-06-01 11:45:31 - [TEST_STEP][PASSED] - Statement - Break: null

2018-06-01 11:45:31 - [TEST_STEP][PASSED] - Statement - batchlength = new com.kms.katalon.core.testobject.TestObject(): null

2018-06-01 11:45:31 - [TEST_STEP][PASSED] - Statement - batchlength = com.kms.katalon.core.webui.keyword.WebUiBuiltInKeywords.modifyObjectProperty(batchlength, "xpath", "equals", "//*[@id = "fldvendor" + row + ""]", true): Modify property of object successfully

2018-06-01 11:45:31 - [MESSAGE][PASSED] - Modify property of object successfully

2018-06-01 11:45:31 - [TEST_STEP][PASSED] - Statement - batchsize = com.kms.katalon.core.webui.keyword.WebUiBuiltInKeywords.getNumberOfTotalOption(batchlength): 8 options of object '' counted

2018-06-01 11:45:31 - [MESSAGE][PASSED] - 8 options of object '' counted

2018-06-01 11:45:31 - [TEST_STEP][PASSED] - Statement - out.println("BatchSize : " + batchsize): null

2018-06-01 11:45:31 - [TEST_STEP][PASSED] - Statement - For ([n = 1, n <= batchsize - 1, (n++)]): null

2018-06-01 11:45:31 - [TEST_STEP][PASSED] - Statement - product = new com.kms.katalon.core.testobject.TestObject(): null

2018-06-01 11:45:31 - [TEST_STEP][PASSED] - Statement - product = com.kms.katalon.core.webui.keyword.WebUiBuiltInKeywords.modifyObjectProperty(product, "xpath", "equals", "//*[@id = "fldvendor" + row + ""]", true): Modify property of object successfully

2018-06-01 11:45:31 - [MESSAGE][PASSED] - Modify property of object successfully

2018-06-01 11:45:31 - [TEST_STEP][PASSED] - selectOptionByIndex: All options with index in [1] are selected on object ''

2018-06-01 11:45:31 - [MESSAGE][PASSED] - All options with index in [1] are selected on object ''

2018-06-01 11:45:31 - [TEST_STEP][PASSED] - delay: Delayed 2 second(s)

2018-06-01 11:45:33 - [MESSAGE][PASSED] - Delayed 2 second(s)

2018-06-01 11:45:33 - [TEST_STEP][PASSED] - Statement - batch = new com.kms.katalon.core.testobject.TestObject(): null

2018-06-01 11:45:33 - [TEST_STEP][PASSED] - Statement - batch = com.kms.katalon.core.webui.keyword.WebUiBuiltInKeywords.modifyObjectProperty(batch, "xpath", "equals", "//*[@id = "txtbthqty" + row + ""]", true): Modify property of object successfully

2018-06-01 11:45:33 - [MESSAGE][PASSED] - Modify property of object successfully

2018-06-01 11:45:33 - [TEST_STEP][PASSED] - Statement - batchqty = com.kms.katalon.core.webui.keyword.WebUiBuiltInKeywords.getAttribute(batch, "value").trim(): Attribute 'value' of object '' is: '2800'

2018-06-01 11:45:33 - [MESSAGE][PASSED] - Attribute 'value' of object '' is: '2800'

2018-06-01 11:45:33 - [TEST_STEP][PASSED] - Statement - Rqty = 100: null

2018-06-01 11:45:33 - [TEST_STEP][PASSED] - Statement - out.println("BatchQty : " + batchqty): null

2018-06-01 11:45:33 - [TEST_STEP][PASSED] - Statement - out.println("RQty : " + Rqty): null

2018-06-01 11:45:33 - [TEST_STEP][PASSED] - Statement - If (java.lang.Integer.valueOf(batchqty) >= java.lang.Integer.valueOf(Rqty)): null

2018-06-01 11:45:33 - [TEST_STEP][PASSED] - Statement - Break: null

2018-06-01 11:45:33 - [TEST_STEP][PASSED] - Statement - batchlength = new com.kms.katalon.core.testobject.TestObject(): null

2018-06-01 11:45:33 - [TEST_STEP][PASSED] - Statement - batchlength = com.kms.katalon.core.webui.keyword.WebUiBuiltInKeywords.modifyObjectProperty(batchlength, "xpath", "equals", "//*[@id = "fldvendor" + row + ""]", true): Modify property of object successfully

2018-06-01 11:45:33 - [MESSAGE][PASSED] - Modify property of object successfully

2018-06-01 11:45:33 - [TEST_STEP][PASSED] - Statement - batchsize = com.kms.katalon.core.webui.keyword.WebUiBuiltInKeywords.getNumberOfTotalOption(batchlength): 8 options of object '' counted

2018-06-01 11:45:33 - [MESSAGE][PASSED] - 8 options of object '' counted

2018-06-01 11:45:33 - [TEST_STEP][PASSED] - Statement - out.println("BatchSize : " + batchsize): null

2018-06-01 11:45:33 - [TEST_STEP][PASSED] - Statement - For ([n = 1, n <= batchsize - 1, (n++)]): null

2018-06-01 11:45:33 - [TEST_STEP][PASSED] - Statement - product = new com.kms.katalon.core.testobject.TestObject(): null

2018-06-01 11:45:33 - [TEST_STEP][PASSED] - Statement - product = com.kms.katalon.core.webui.keyword.WebUiBuiltInKeywords.modifyObjectProperty(product, "xpath", "equals", "//*[@id = "fldvendor" + row + ""]", true): Modify property of object successfully

2018-06-01 11:45:33 - [MESSAGE][PASSED] - Modify property of object successfully

2018-06-01 11:45:33 - [TEST_STEP][PASSED] - selectOptionByIndex: All options with index in [1] are selected on object ''

2018-06-01 11:45:33 - [MESSAGE][PASSED] - All options with index in [1] are selected on object ''

2018-06-01 11:45:33 - [TEST_STEP][PASSED] - delay: Delayed 2 second(s)

2018-06-01 11:45:35 - [MESSAGE][PASSED] - Delayed 2 second(s)

2018-06-01 11:45:35 - [TEST_STEP][PASSED] - Statement - batch = new com.kms.katalon.core.testobject.TestObject(): null

2018-06-01 11:45:35 - [TEST_STEP][PASSED] - Statement - batch = com.kms.katalon.core.webui.keyword.WebUiBuiltInKeywords.modifyObjectProperty(batch, "xpath", "equals", "//*[@id = "txtbthqty" + row + ""]", true): Modify property of object successfully

2018-06-01 11:45:35 - [MESSAGE][PASSED] - Modify property of object successfully

2018-06-01 11:45:35 - [TEST_STEP][PASSED] - Statement - batchqty = com.kms.katalon.core.webui.keyword.WebUiBuiltInKeywords.getAttribute(batch, "value").trim(): Attribute 'value' of object '' is: '2800'

2018-06-01 11:45:35 - [MESSAGE][PASSED] - Attribute 'value' of object '' is: '2800'

2018-06-01 11:45:35 - [TEST_STEP][PASSED] - Statement - Rqty = 100: null

2018-06-01 11:45:35 - [TEST_STEP][PASSED] - Statement - out.println("BatchQty : " + batchqty): null

2018-06-01 11:45:35 - [TEST_STEP][PASSED] - Statement - out.println("RQty : " + Rqty): null

2018-06-01 11:45:35 - [TEST_STEP][PASSED] - Statement - If (java.lang.Integer.valueOf(batchqty) >= java.lang.Integer.valueOf(Rqty)): null

2018-06-01 11:45:35 - [TEST_STEP][PASSED] - Statement - Break: null

2018-06-01 11:45:35 - [TEST_STEP][PASSED] - Statement - batchlength = new com.kms.katalon.core.testobject.TestObject(): null

2018-06-01 11:45:35 - [TEST_STEP][PASSED] - Statement - batchlength = com.kms.katalon.core.webui.keyword.WebUiBuiltInKeywords.modifyObjectProperty(batchlength, "xpath", "equals", "//*[@id = "fldvendor" + row + ""]", true): Modify property of object successfully

2018-06-01 11:45:35 - [MESSAGE][PASSED] - Modify property of object successfully

2018-06-01 11:45:35 - [TEST_STEP][PASSED] - Statement - batchsize = com.kms.katalon.core.webui.keyword.WebUiBuiltInKeywords.getNumberOfTotalOption(batchlength): 8 options of object '' counted

2018-06-01 11:45:35 - [MESSAGE][PASSED] - 8 options of object '' counted

2018-06-01 11:45:35 - [TEST_STEP][PASSED] - Statement - out.println("BatchSize : " + batchsize): null

2018-06-01 11:45:35 - [TEST_STEP][PASSED] - Statement - For ([n = 1, n <= batchsize - 1, (n++)]): null

2018-06-01 11:45:35 - [TEST_STEP][PASSED] - Statement - product = new com.kms.katalon.core.testobject.TestObject(): null

2018-06-01 11:45:35 - [TEST_STEP][PASSED] - Statement - product = com.kms.katalon.core.webui.keyword.WebUiBuiltInKeywords.modifyObjectProperty(product, "xpath", "equals", "//*[@id = "fldvendor" + row + ""]", true): Modify property of object successfully

2018-06-01 11:45:35 - [MESSAGE][PASSED] - Modify property of object successfully

2018-06-01 11:45:35 - [TEST_STEP][PASSED] - selectOptionByIndex: All options with index in [1] are selected on object ''

2018-06-01 11:45:36 - [MESSAGE][PASSED] - All options with index in [1] are selected on object ''

2018-06-01 11:45:36 - [TEST_STEP][PASSED] - delay: Delayed 2 second(s)

2018-06-01 11:45:38 - [MESSAGE][PASSED] - Delayed 2 second(s)

2018-06-01 11:45:38 - [TEST_STEP][PASSED] - Statement - batch = new com.kms.katalon.core.testobject.TestObject(): null

2018-06-01 11:45:38 - [TEST_STEP][PASSED] - Statement - batch = com.kms.katalon.core.webui.keyword.WebUiBuiltInKeywords.modifyObjectProperty(batch, "xpath", "equals", "//*[@id = "txtbthqty" + row + ""]", true): Modify property of object successfully

2018-06-01 11:45:38 - [MESSAGE][PASSED] - Modify property of object successfully

2018-06-01 11:45:38 - [TEST_STEP][PASSED] - Statement - batchqty = com.kms.katalon.core.webui.keyword.WebUiBuiltInKeywords.getAttribute(batch, "value").trim(): Attribute 'value' of object '' is: '2800'

2018-06-01 11:45:38 - [MESSAGE][PASSED] - Attribute 'value' of object '' is: '2800'

2018-06-01 11:45:38 - [TEST_STEP][PASSED] - Statement - Rqty = 100: null

2018-06-01 11:45:38 - [TEST_STEP][PASSED] - Statement - out.println("BatchQty : " + batchqty): null

2018-06-01 11:45:38 - [TEST_STEP][PASSED] - Statement - out.println("RQty : " + Rqty): null

2018-06-01 11:45:38 - [TEST_STEP][PASSED] - Statement - If (java.lang.Integer.valueOf(batchqty) >= java.lang.Integer.valueOf(Rqty)): null

2018-06-01 11:45:38 - [TEST_STEP][PASSED] - Statement - Break: null

2018-06-01 11:45:38 - [TEST_STEP][PASSED] - Statement - batchlength = new com.kms.katalon.core.testobject.TestObject(): null

2018-06-01 11:45:38 - [TEST_STEP][PASSED] - Statement - batchlength = com.kms.katalon.core.webui.keyword.WebUiBuiltInKeywords.modifyObjectProperty(batchlength, "xpath", "equals", "//*[@id = "fldvendor" + row + ""]", true): Modify property of object successfully

2018-06-01 11:45:38 - [MESSAGE][PASSED] - Modify property of object successfully

2018-06-01 11:45:38 - [TEST_STEP][PASSED] - Statement - batchsize = com.kms.katalon.core.webui.keyword.WebUiBuiltInKeywords.getNumberOfTotalOption(batchlength): 8 options of object '' counted

2018-06-01 11:45:38 - [MESSAGE][PASSED] - 8 options of object '' counted

2018-06-01 11:45:38 - [TEST_STEP][PASSED] - Statement - out.println("BatchSize : " + batchsize): null

2018-06-01 11:45:38 - [TEST_STEP][PASSED] - Statement - For ([n = 1, n <= batchsize - 1, (n++)]): null

2018-06-01 11:45:38 - [TEST_STEP][PASSED] - Statement - product = new com.kms.katalon.core.testobject.TestObject(): null

2018-06-01 11:45:38 - [TEST_STEP][PASSED] - Statement - product = com.kms.katalon.core.webui.keyword.WebUiBuiltInKeywords.modifyObjectProperty(product, "xpath", "equals", "//*[@id = "fldvendor" + row + ""]", true): Modify property of object successfully

2018-06-01 11:45:38 - [MESSAGE][PASSED] - Modify property of object successfully

2018-06-01 11:45:38 - [TEST_STEP][PASSED] - selectOptionByIndex: All options with index in [1] are selected on object ''

2018-06-01 11:45:38 - [MESSAGE][PASSED] - All options with index in [1] are selected on object ''

2018-06-01 11:45:38 - [TEST_STEP][PASSED] - delay: Delayed 2 second(s)

2018-06-01 11:45:40 - [MESSAGE][PASSED] - Delayed 2 second(s)

2018-06-01 11:45:40 - [TEST_STEP][PASSED] - Statement - batch = new com.kms.katalon.core.testobject.TestObject(): null

2018-06-01 11:45:40 - [TEST_STEP][PASSED] - Statement - batch = com.kms.katalon.core.webui.keyword.WebUiBuiltInKeywords.modifyObjectProperty(batch, "xpath", "equals", "//*[@id = "txtbthqty" + row + ""]", true): Modify property of object successfully

2018-06-01 11:45:40 - [MESSAGE][PASSED] - Modify property of object successfully

2018-06-01 11:45:40 - [TEST_STEP][PASSED] - Statement - batchqty = com.kms.katalon.core.webui.keyword.WebUiBuiltInKeywords.getAttribute(batch, "value").trim(): Attribute 'value' of object '' is: '3800'

2018-06-01 11:45:40 - [MESSAGE][PASSED] - Attribute 'value' of object '' is: '3800'

2018-06-01 11:45:40 - [TEST_STEP][PASSED] - Statement - Rqty = 100: null

2018-06-01 11:45:40 - [TEST_STEP][PASSED] - Statement - out.println("BatchQty : " + batchqty): null

2018-06-01 11:45:40 - [TEST_STEP][PASSED] - Statement - out.println("RQty : " + Rqty): null

2018-06-01 11:45:40 - [TEST_STEP][PASSED] - Statement - If (java.lang.Integer.valueOf(batchqty) >= java.lang.Integer.valueOf(Rqty)): null

2018-06-01 11:45:40 - [TEST_STEP][PASSED] - Statement - Break: null

2018-06-01 11:45:40 - [TEST_STEP][PASSED] - Statement - batchlength = new com.kms.katalon.core.testobject.TestObject(): null

2018-06-01 11:45:40 - [TEST_STEP][PASSED] - Statement - batchlength = com.kms.katalon.core.webui.keyword.WebUiBuiltInKeywords.modifyObjectProperty(batchlength, "xpath", "equals", "//*[@id = "fldvendor" + row + ""]", true): Modify property of object successfully

2018-06-01 11:45:40 - [MESSAGE][PASSED] - Modify property of object successfully

2018-06-01 11:45:40 - [TEST_STEP][PASSED] - Statement - batchsize = com.kms.katalon.core.webui.keyword.WebUiBuiltInKeywords.getNumberOfTotalOption(batchlength): 8 options of object '' counted

2018-06-01 11:45:40 - [MESSAGE][PASSED] - 8 options of object '' counted

2018-06-01 11:45:40 - [TEST_STEP][PASSED] - Statement - out.println("BatchSize : " + batchsize): null

2018-06-01 11:45:40 - [TEST_STEP][PASSED] - Statement - For ([n = 1, n <= batchsize - 1, (n++)]): null

2018-06-01 11:45:40 - [TEST_STEP][PASSED] - Statement - product = new com.kms.katalon.core.testobject.TestObject(): null

2018-06-01 11:45:40 - [TEST_STEP][PASSED] - Statement - product = com.kms.katalon.core.webui.keyword.WebUiBuiltInKeywords.modifyObjectProperty(product, "xpath", "equals", "//*[@id = "fldvendor" + row + ""]", true): Modify property of object successfully

2018-06-01 11:45:40 - [MESSAGE][PASSED] - Modify property of object successfully

2018-06-01 11:45:40 - [TEST_STEP][PASSED] - selectOptionByIndex: All options with index in [1] are selected on object ''

2018-06-01 11:45:40 - [MESSAGE][PASSED] - All options with index in [1] are selected on object ''

2018-06-01 11:45:40 - [TEST_STEP][PASSED] - delay: Delayed 2 second(s)

2018-06-01 11:45:42 - [MESSAGE][PASSED] - Delayed 2 second(s)

2018-06-01 11:45:42 - [TEST_STEP][PASSED] - Statement - batch = new com.kms.katalon.core.testobject.TestObject(): null

2018-06-01 11:45:42 - [TEST_STEP][PASSED] - Statement - batch = com.kms.katalon.core.webui.keyword.WebUiBuiltInKeywords.modifyObjectProperty(batch, "xpath", "equals", "//*[@id = "txtbthqty" + row + ""]", true): Modify property of object successfully

2018-06-01 11:45:42 - [MESSAGE][PASSED] - Modify property of object successfully

2018-06-01 11:45:42 - [TEST_STEP][PASSED] - Statement - batchqty = com.kms.katalon.core.webui.keyword.WebUiBuiltInKeywords.getAttribute(batch, "value").trim(): Attribute 'value' of object '' is: '2800'

2018-06-01 11:45:42 - [MESSAGE][PASSED] - Attribute 'value' of object '' is: '2800'

2018-06-01 11:45:42 - [TEST_STEP][PASSED] - Statement - Rqty = 100: null

2018-06-01 11:45:42 - [TEST_STEP][PASSED] - Statement - out.println("BatchQty : " + batchqty): null

2018-06-01 11:45:42 - [TEST_STEP][PASSED] - Statement - out.println("RQty : " + Rqty): null

2018-06-01 11:45:42 - [TEST_STEP][PASSED] - Statement - If (java.lang.Integer.valueOf(batchqty) >= java.lang.Integer.valueOf(Rqty)): null

2018-06-01 11:45:42 - [TEST_STEP][PASSED] - Statement - Break: null

2018-06-01 11:45:42 - [TEST_STEP][PASSED] - Statement - batchlength = new com.kms.katalon.core.testobject.TestObject(): null

2018-06-01 11:45:42 - [TEST_STEP][PASSED] - Statement - batchlength = com.kms.katalon.core.webui.keyword.WebUiBuiltInKeywords.modifyObjectProperty(batchlength, "xpath", "equals", "//*[@id = "fldvendor" + row + ""]", true): Modify property of object successfully

2018-06-01 11:45:42 - [MESSAGE][PASSED] - Modify property of object successfully

2018-06-01 11:45:42 - [TEST_STEP][PASSED] - Statement - batchsize = com.kms.katalon.core.webui.keyword.WebUiBuiltInKeywords.getNumberOfTotalOption(batchlength): 8 options of object '' counted

2018-06-01 11:45:42 - [MESSAGE][PASSED] - 8 options of object '' counted

2018-06-01 11:45:42 - [TEST_STEP][PASSED] - Statement - out.println("BatchSize : " + batchsize): null

2018-06-01 11:45:42 - [TEST_STEP][PASSED] - Statement - For ([n = 1, n <= batchsize - 1, (n++)]): null

2018-06-01 11:45:42 - [TEST_STEP][PASSED] - Statement - product = new com.kms.katalon.core.testobject.TestObject(): null

2018-06-01 11:45:42 - [TEST_STEP][PASSED] - Statement - product = com.kms.katalon.core.webui.keyword.WebUiBuiltInKeywords.modifyObjectProperty(product, "xpath", "equals", "//*[@id = "fldvendor" + row + ""]", true): Modify property of object successfully

2018-06-01 11:45:42 - [MESSAGE][PASSED] - Modify property of object successfully

2018-06-01 11:45:42 - [TEST_STEP][PASSED] - selectOptionByIndex: All options with index in [1] are selected on object ''

2018-06-01 11:45:42 - [MESSAGE][PASSED] - All options with index in [1] are selected on object ''

2018-06-01 11:45:42 - [TEST_STEP][PASSED] - delay: Delayed 2 second(s)

2018-06-01 11:45:44 - [MESSAGE][PASSED] - Delayed 2 second(s)

2018-06-01 11:45:44 - [TEST_STEP][PASSED] - Statement - batch = new com.kms.katalon.core.testobject.TestObject(): null

2018-06-01 11:45:44 - [TEST_STEP][PASSED] - Statement - batch = com.kms.katalon.core.webui.keyword.WebUiBuiltInKeywords.modifyObjectProperty(batch, "xpath", "equals", "//*[@id = "txtbthqty" + row + ""]", true): Modify property of object successfully

2018-06-01 11:45:44 - [MESSAGE][PASSED] - Modify property of object successfully

2018-06-01 11:45:44 - [TEST_STEP][PASSED] - Statement - batchqty = com.kms.katalon.core.webui.keyword.WebUiBuiltInKeywords.getAttribute(batch, "value").trim(): Attribute 'value' of object '' is: '3800'

2018-06-01 11:45:44 - [MESSAGE][PASSED] - Attribute 'value' of object '' is: '3800'

2018-06-01 11:45:44 - [TEST_STEP][PASSED] - Statement - Rqty = 100: null

2018-06-01 11:45:44 - [TEST_STEP][PASSED] - Statement - out.println("BatchQty : " + batchqty): null

2018-06-01 11:45:44 - [TEST_STEP][PASSED] - Statement - out.println("RQty : " + Rqty): null

2018-06-01 11:45:44 - [TEST_STEP][PASSED] - Statement - If (java.lang.Integer.valueOf(batchqty) >= java.lang.Integer.valueOf(Rqty)): null

2018-06-01 11:45:44 - [TEST_STEP][PASSED] - Statement - Break: null

2018-06-01 11:45:44 - [TEST_STEP][PASSED] - Statement - batchlength = new com.kms.katalon.core.testobject.TestObject(): null

2018-06-01 11:45:44 - [TEST_STEP][PASSED] - Statement - batchlength = com.kms.katalon.core.webui.keyword.WebUiBuiltInKeywords.modifyObjectProperty(batchlength, "xpath", "equals", "//*[@id = "fldvendor" + row + ""]", true): Modify property of object successfully

2018-06-01 11:45:44 - [MESSAGE][PASSED] - Modify property of object successfully

2018-06-01 11:45:44 - [TEST_STEP][PASSED] - Statement - batchsize = com.kms.katalon.core.webui.keyword.WebUiBuiltInKeywords.getNumberOfTotalOption(batchlength): 8 options of object '' counted

2018-06-01 11:45:45 - [MESSAGE][PASSED] - 8 options of object '' counted

2018-06-01 11:45:45 - [TEST_STEP][PASSED] - Statement - out.println("BatchSize : " + batchsize): null

2018-06-01 11:45:45 - [TEST_STEP][PASSED] - Statement - For ([n = 1, n <= batchsize - 1, (n++)]): null

2018-06-01 11:45:45 - [TEST_STEP][PASSED] - Statement - product = new com.kms.katalon.core.testobject.TestObject(): null

2018-06-01 11:45:45 - [TEST_STEP][PASSED] - Statement - product = com.kms.katalon.core.webui.keyword.WebUiBuiltInKeywords.modifyObjectProperty(product, "xpath", "equals", "//*[@id = "fldvendor" + row + ""]", true): Modify property of object successfully

2018-06-01 11:45:45 - [MESSAGE][PASSED] - Modify property of object successfully

2018-06-01 11:45:45 - [TEST_STEP][PASSED] - selectOptionByIndex: All options with index in [1] are selected on object ''

2018-06-01 11:45:45 - [MESSAGE][PASSED] - All options with index in [1] are selected on object ''

2018-06-01 11:45:45 - [TEST_STEP][PASSED] - delay: Delayed 2 second(s)

2018-06-01 11:45:47 - [MESSAGE][PASSED] - Delayed 2 second(s)

2018-06-01 11:45:47 - [TEST_STEP][PASSED] - Statement - batch = new com.kms.katalon.core.testobject.TestObject(): null

2018-06-01 11:45:47 - [TEST_STEP][PASSED] - Statement - batch = com.kms.katalon.core.webui.keyword.WebUiBuiltInKeywords.modifyObjectProperty(batch, "xpath", "equals", "//*[@id = "txtbthqty" + row + ""]", true): Modify property of object successfully

2018-06-01 11:45:47 - [MESSAGE][PASSED] - Modify property of object successfully

2018-06-01 11:45:47 - [TEST_STEP][PASSED] - Statement - batchqty = com.kms.katalon.core.webui.keyword.WebUiBuiltInKeywords.getAttribute(batch, "value").trim(): Attribute 'value' of object '' is: '3800'

2018-06-01 11:45:47 - [MESSAGE][PASSED] - Attribute 'value' of object '' is: '3800'

2018-06-01 11:45:47 - [TEST_STEP][PASSED] - Statement - Rqty = 100: null

2018-06-01 11:45:47 - [TEST_STEP][PASSED] - Statement - out.println("BatchQty : " + batchqty): null

2018-06-01 11:45:47 - [TEST_STEP][PASSED] - Statement - out.println("RQty : " + Rqty): null

2018-06-01 11:45:47 - [TEST_STEP][PASSED] - Statement - If (java.lang.Integer.valueOf(batchqty) >= java.lang.Integer.valueOf(Rqty)): null

2018-06-01 11:45:47 - [TEST_STEP][PASSED] - Statement - Break: null

2018-06-01 11:45:47 - [TEST_STEP][PASSED] - Statement - batchlength = new com.kms.katalon.core.testobject.TestObject(): null

2018-06-01 11:45:47 - [TEST_STEP][PASSED] - Statement - batchlength = com.kms.katalon.core.webui.keyword.WebUiBuiltInKeywords.modifyObjectProperty(batchlength, "xpath", "equals", "//*[@id = "fldvendor" + row + ""]", true): Modify property of object successfully

2018-06-01 11:45:47 - [MESSAGE][PASSED] - Modify property of object successfully

2018-06-01 11:45:47 - [TEST_STEP][PASSED] - Statement - batchsize = com.kms.katalon.core.webui.keyword.WebUiBuiltInKeywords.getNumberOfTotalOption(batchlength): 8 options of object '' counted

2018-06-01 11:45:47 - [MESSAGE][PASSED] - 8 options of object '' counted

2018-06-01 11:45:47 - [TEST_STEP][PASSED] - Statement - out.println("BatchSize : " + batchsize): null

2018-06-01 11:45:47 - [TEST_STEP][PASSED] - Statement - For ([n = 1, n <= batchsize - 1, (n++)]): null

2018-06-01 11:45:47 - [TEST_STEP][PASSED] - Statement - product = new com.kms.katalon.core.testobject.TestObject(): null

2018-06-01 11:45:47 - [TEST_STEP][PASSED] - Statement - product = com.kms.katalon.core.webui.keyword.WebUiBuiltInKeywords.modifyObjectProperty(product, "xpath", "equals", "//*[@id = "fldvendor" + row + ""]", true): Modify property of object successfully

2018-06-01 11:45:47 - [MESSAGE][PASSED] - Modify property of object successfully

2018-06-01 11:45:47 - [TEST_STEP][PASSED] - selectOptionByIndex: All options with index in [1] are selected on object ''

2018-06-01 11:45:47 - [MESSAGE][PASSED] - All options with index in [1] are selected on object ''

2018-06-01 11:45:47 - [TEST_STEP][PASSED] - delay: Delayed 2 second(s)

2018-06-01 11:45:49 - [MESSAGE][PASSED] - Delayed 2 second(s)

2018-06-01 11:45:49 - [TEST_STEP][PASSED] - Statement - batch = new com.kms.katalon.core.testobject.TestObject(): null

2018-06-01 11:45:49 - [TEST_STEP][PASSED] - Statement - batch = com.kms.katalon.core.webui.keyword.WebUiBuiltInKeywords.modifyObjectProperty(batch, "xpath", "equals", "//*[@id = "txtbthqty" + row + ""]", true): Modify property of object successfully

2018-06-01 11:45:49 - [MESSAGE][PASSED] - Modify property of object successfully

2018-06-01 11:45:49 - [TEST_STEP][PASSED] - Statement - batchqty = com.kms.katalon.core.webui.keyword.WebUiBuiltInKeywords.getAttribute(batch, "value").trim(): Attribute 'value' of object '' is: '4400'

2018-06-01 11:45:49 - [MESSAGE][PASSED] - Attribute 'value' of object '' is: '4400'

2018-06-01 11:45:49 - [TEST_STEP][PASSED] - Statement - Rqty = 100: null

2018-06-01 11:45:49 - [TEST_STEP][PASSED] - Statement - out.println("BatchQty : " + batchqty): null

2018-06-01 11:45:49 - [TEST_STEP][PASSED] - Statement - out.println("RQty : " + Rqty): null

2018-06-01 11:45:49 - [TEST_STEP][PASSED] - Statement - If (java.lang.Integer.valueOf(batchqty) >= java.lang.Integer.valueOf(Rqty)): null

2018-06-01 11:45:49 - [TEST_STEP][PASSED] - Statement - Break: null

2018-06-01 11:45:49 - [TEST_STEP][PASSED] - Statement - batchlength = new com.kms.katalon.core.testobject.TestObject(): null

2018-06-01 11:45:49 - [TEST_STEP][PASSED] - Statement - batchlength = com.kms.katalon.core.webui.keyword.WebUiBuiltInKeywords.modifyObjectProperty(batchlength, "xpath", "equals", "//*[@id = "fldvendor" + row + ""]", true): Modify property of object successfully

2018-06-01 11:45:49 - [MESSAGE][PASSED] - Modify property of object successfully

2018-06-01 11:45:49 - [TEST_STEP][PASSED] - Statement - batchsize = com.kms.katalon.core.webui.keyword.WebUiBuiltInKeywords.getNumberOfTotalOption(batchlength): 8 options of object '' counted

2018-06-01 11:45:49 - [MESSAGE][PASSED] - 8 options of object '' counted

2018-06-01 11:45:49 - [TEST_STEP][PASSED] - Statement - out.println("BatchSize : " + batchsize): null

2018-06-01 11:45:49 - [TEST_STEP][PASSED] - Statement - For ([n = 1, n <= batchsize - 1, (n++)]): null

2018-06-01 11:45:49 - [TEST_STEP][PASSED] - Statement - product = new com.kms.katalon.core.testobject.TestObject(): null

2018-06-01 11:45:49 - [TEST_STEP][PASSED] - Statement - product = com.kms.katalon.core.webui.keyword.WebUiBuiltInKeywords.modifyObjectProperty(product, "xpath", "equals", "//*[@id = "fldvendor" + row + ""]", true): Modify property of object successfully

2018-06-01 11:45:49 - [MESSAGE][PASSED] - Modify property of object successfully

2018-06-01 11:45:49 - [TEST_STEP][PASSED] - selectOptionByIndex: All options with index in [1] are selected on object ''

2018-06-01 11:45:49 - [MESSAGE][PASSED] - All options with index in [1] are selected on object ''

2018-06-01 11:45:49 - [TEST_STEP][PASSED] - delay: Delayed 2 second(s)

2018-06-01 11:45:51 - [MESSAGE][PASSED] - Delayed 2 second(s)

2018-06-01 11:45:51 - [TEST_STEP][PASSED] - Statement - batch = new com.kms.katalon.core.testobject.TestObject(): null

2018-06-01 11:45:51 - [TEST_STEP][PASSED] - Statement - batch = com.kms.katalon.core.webui.keyword.WebUiBuiltInKeywords.modifyObjectProperty(batch, "xpath", "equals", "//*[@id = "txtbthqty" + row + ""]", true): Modify property of object successfully

2018-06-01 11:45:51 - [MESSAGE][PASSED] - Modify property of object successfully

2018-06-01 11:45:51 - [TEST_STEP][PASSED] - Statement - batchqty = com.kms.katalon.core.webui.keyword.WebUiBuiltInKeywords.getAttribute(batch, "value").trim(): Attribute 'value' of object '' is: '4200'

2018-06-01 11:45:51 - [MESSAGE][PASSED] - Attribute 'value' of object '' is: '4200'

2018-06-01 11:45:51 - [TEST_STEP][PASSED] - Statement - Rqty = 100: null

2018-06-01 11:45:51 - [TEST_STEP][PASSED] - Statement - out.println("BatchQty : " + batchqty): null

2018-06-01 11:45:51 - [TEST_STEP][PASSED] - Statement - out.println("RQty : " + Rqty): null

2018-06-01 11:45:51 - [TEST_STEP][PASSED] - Statement - If (java.lang.Integer.valueOf(batchqty) >= java.lang.Integer.valueOf(Rqty)): null

2018-06-01 11:45:51 - [TEST_STEP][PASSED] - Statement - Break: null

2018-06-01 11:45:51 - [TEST_STEP][PASSED] - Statement - batchlength = new com.kms.katalon.core.testobject.TestObject(): null

2018-06-01 11:45:51 - [TEST_STEP][PASSED] - Statement - batchlength = com.kms.katalon.core.webui.keyword.WebUiBuiltInKeywords.modifyObjectProperty(batchlength, "xpath", "equals", "//*[@id = "fldvendor" + row + ""]", true): Modify property of object successfully

2018-06-01 11:45:51 - [MESSAGE][PASSED] - Modify property of object successfully

2018-06-01 11:45:51 - [TEST_STEP][PASSED] - Statement - batchsize = com.kms.katalon.core.webui.keyword.WebUiBuiltInKeywords.getNumberOfTotalOption(batchlength): 8 options of object '' counted

2018-06-01 11:45:51 - [MESSAGE][PASSED] - 8 options of object '' counted

2018-06-01 11:45:51 - [TEST_STEP][PASSED] - Statement - out.println("BatchSize : " + batchsize): null

2018-06-01 11:45:51 - [TEST_STEP][PASSED] - Statement - For ([n = 1, n <= batchsize - 1, (n++)]): null

2018-06-01 11:45:51 - [TEST_STEP][PASSED] - Statement - product = new com.kms.katalon.core.testobject.TestObject(): null

2018-06-01 11:45:51 - [TEST_STEP][PASSED] - Statement - product = com.kms.katalon.core.webui.keyword.WebUiBuiltInKeywords.modifyObjectProperty(product, "xpath", "equals", "//*[@id = "fldvendor" + row + ""]", true): Modify property of object successfully

2018-06-01 11:45:51 - [MESSAGE][PASSED] - Modify property of object successfully

2018-06-01 11:45:51 - [TEST_STEP][PASSED] - selectOptionByIndex: All options with index in [1] are selected on object ''

2018-06-01 11:45:52 - [MESSAGE][PASSED] - All options with index in [1] are selected on object ''

2018-06-01 11:45:52 - [TEST_STEP][PASSED] - delay: Delayed 2 second(s)

2018-06-01 11:45:54 - [MESSAGE][PASSED] - Delayed 2 second(s)

2018-06-01 11:45:54 - [TEST_STEP][PASSED] - Statement - batch = new com.kms.katalon.core.testobject.TestObject(): null

2018-06-01 11:45:54 - [TEST_STEP][PASSED] - Statement - batch = com.kms.katalon.core.webui.keyword.WebUiBuiltInKeywords.modifyObjectProperty(batch, "xpath", "equals", "//*[@id = "txtbthqty" + row + ""]", true): Modify property of object successfully

2018-06-01 11:45:54 - [MESSAGE][PASSED] - Modify property of object successfully

2018-06-01 11:45:54 - [TEST_STEP][PASSED] - Statement - batchqty = com.kms.katalon.core.webui.keyword.WebUiBuiltInKeywords.getAttribute(batch, "value").trim(): Attribute 'value' of object '' is: '37500'

2018-06-01 11:45:54 - [MESSAGE][PASSED] - Attribute 'value' of object '' is: '37500'

2018-06-01 11:45:54 - [TEST_STEP][PASSED] - Statement - Rqty = 100: null

2018-06-01 11:45:54 - [TEST_STEP][PASSED] - Statement - out.println("BatchQty : " + batchqty): null

2018-06-01 11:45:54 - [TEST_STEP][PASSED] - Statement - out.println("RQty : " + Rqty): null

2018-06-01 11:45:54 - [TEST_STEP][PASSED] - Statement - If (java.lang.Integer.valueOf(batchqty) >= java.lang.Integer.valueOf(Rqty)): null

2018-06-01 11:45:54 - [TEST_STEP][PASSED] - Statement - Break: null

2018-06-01 11:45:54 - [TEST_STEP][PASSED] - Statement - batchlength = new com.kms.katalon.core.testobject.TestObject(): null

2018-06-01 11:45:54 - [TEST_STEP][PASSED] - Statement - batchlength = com.kms.katalon.core.webui.keyword.WebUiBuiltInKeywords.modifyObjectProperty(batchlength, "xpath", "equals", "//*[@id = "fldvendor" + row + ""]", true): Modify property of object successfully

2018-06-01 11:45:54 - [MESSAGE][PASSED] - Modify property of object successfully

2018-06-01 11:45:54 - [TEST_STEP][PASSED] - Statement - batchsize = com.kms.katalon.core.webui.keyword.WebUiBuiltInKeywords.getNumberOfTotalOption(batchlength): 8 options of object '' counted

2018-06-01 11:45:54 - [MESSAGE][PASSED] - 8 options of object '' counted

2018-06-01 11:45:54 - [TEST_STEP][PASSED] - Statement - out.println("BatchSize : " + batchsize): null

2018-06-01 11:45:54 - [TEST_STEP][PASSED] - Statement - For ([n = 1, n <= batchsize - 1, (n++)]): null

2018-06-01 11:45:54 - [TEST_STEP][PASSED] - Statement - product = new com.kms.katalon.core.testobject.TestObject(): null

2018-06-01 11:45:54 - [TEST_STEP][PASSED] - Statement - product = com.kms.katalon.core.webui.keyword.WebUiBuiltInKeywords.modifyObjectProperty(product, "xpath", "equals", "//*[@id = "fldvendor" + row + ""]", true): Modify property of object successfully

2018-06-01 11:45:54 - [MESSAGE][PASSED] - Modify property of object successfully

2018-06-01 11:45:54 - [TEST_STEP][PASSED] - selectOptionByIndex: All options with index in [1] are selected on object ''

2018-06-01 11:45:54 - [MESSAGE][PASSED] - All options with index in [1] are selected on object ''

2018-06-01 11:45:54 - [TEST_STEP][PASSED] - delay: Delayed 2 second(s)

2018-06-01 11:45:56 - [MESSAGE][PASSED] - Delayed 2 second(s)

2018-06-01 11:45:56 - [TEST_STEP][PASSED] - Statement - batch = new com.kms.katalon.core.testobject.TestObject(): null

2018-06-01 11:45:56 - [TEST_STEP][PASSED] - Statement - batch = com.kms.katalon.core.webui.keyword.WebUiBuiltInKeywords.modifyObjectProperty(batch, "xpath", "equals", "//*[@id = "txtbthqty" + row + ""]", true): Modify property of object successfully

2018-06-01 11:45:56 - [MESSAGE][PASSED] - Modify property of object successfully

2018-06-01 11:45:56 - [TEST_STEP][PASSED] - Statement - batchqty = com.kms.katalon.core.webui.keyword.WebUiBuiltInKeywords.getAttribute(batch, "value").trim(): Attribute 'value' of object '' is: '3800'

2018-06-01 11:45:56 - [MESSAGE][PASSED] - Attribute 'value' of object '' is: '3800'

2018-06-01 11:45:56 - [TEST_STEP][PASSED] - Statement - Rqty = 100: null

2018-06-01 11:45:56 - [TEST_STEP][PASSED] - Statement - out.println("BatchQty : " + batchqty): null

2018-06-01 11:45:56 - [TEST_STEP][PASSED] - Statement - out.println("RQty : " + Rqty): null

2018-06-01 11:45:56 - [TEST_STEP][PASSED] - Statement - If (java.lang.Integer.valueOf(batchqty) >= java.lang.Integer.valueOf(Rqty)): null

2018-06-01 11:45:56 - [TEST_STEP][PASSED] - Statement - Break: null

2018-06-01 11:45:56 - [TEST_STEP][PASSED] - Statement - batchlength = new com.kms.katalon.core.testobject.TestObject(): null

2018-06-01 11:45:56 - [TEST_STEP][PASSED] - Statement - batchlength = com.kms.katalon.core.webui.keyword.WebUiBuiltInKeywords.modifyObjectProperty(batchlength, "xpath", "equals", "//*[@id = "fldvendor" + row + ""]", true): Modify property of object successfully

2018-06-01 11:45:56 - [MESSAGE][PASSED] - Modify property of object successfully

2018-06-01 11:45:56 - [TEST_STEP][PASSED] - Statement - batchsize = com.kms.katalon.core.webui.keyword.WebUiBuiltInKeywords.getNumberOfTotalOption(batchlength): 8 options of object '' counted

2018-06-01 11:45:56 - [MESSAGE][PASSED] - 8 options of object '' counted

2018-06-01 11:45:56 - [TEST_STEP][PASSED] - Statement - out.println("BatchSize : " + batchsize): null

2018-06-01 11:45:56 - [TEST_STEP][PASSED] - Statement - For ([n = 1, n <= batchsize - 1, (n++)]): null

2018-06-01 11:45:56 - [TEST_STEP][PASSED] - Statement - product = new com.kms.katalon.core.testobject.TestObject(): null

2018-06-01 11:45:56 - [TEST_STEP][PASSED] - Statement - product = com.kms.katalon.core.webui.keyword.WebUiBuiltInKeywords.modifyObjectProperty(product, "xpath", "equals", "//*[@id = "fldvendor" + row + ""]", true): Modify property of object successfully

2018-06-01 11:45:56 - [MESSAGE][PASSED] - Modify property of object successfully

2018-06-01 11:45:56 - [TEST_STEP][PASSED] - selectOptionByIndex: All options with index in [1] are selected on object ''

2018-06-01 11:45:56 - [MESSAGE][PASSED] - All options with index in [1] are selected on object ''

2018-06-01 11:45:56 - [TEST_STEP][PASSED] - delay: Delayed 2 second(s)

2018-06-01 11:45:58 - [MESSAGE][PASSED] - Delayed 2 second(s)

2018-06-01 11:45:58 - [TEST_STEP][PASSED] - Statement - batch = new com.kms.katalon.core.testobject.TestObject(): null

2018-06-01 11:45:58 - [TEST_STEP][PASSED] - Statement - batch = com.kms.katalon.core.webui.keyword.WebUiBuiltInKeywords.modifyObjectProperty(batch, "xpath", "equals", "//*[@id = "txtbthqty" + row + ""]", true): Modify property of object successfully

2018-06-01 11:45:58 - [MESSAGE][PASSED] - Modify property of object successfully

2018-06-01 11:45:58 - [TEST_STEP][PASSED] - Statement - batchqty = com.kms.katalon.core.webui.keyword.WebUiBuiltInKeywords.getAttribute(batch, "value").trim(): Attribute 'value' of object '' is: '4700'

2018-06-01 11:45:58 - [MESSAGE][PASSED] - Attribute 'value' of object '' is: '4700'

2018-06-01 11:45:58 - [TEST_STEP][PASSED] - Statement - Rqty = 100: null

2018-06-01 11:45:58 - [TEST_STEP][PASSED] - Statement - out.println("BatchQty : " + batchqty): null

2018-06-01 11:45:58 - [TEST_STEP][PASSED] - Statement - out.println("RQty : " + Rqty): null

2018-06-01 11:45:58 - [TEST_STEP][PASSED] - Statement - If (java.lang.Integer.valueOf(batchqty) >= java.lang.Integer.valueOf(Rqty)): null

2018-06-01 11:45:58 - [TEST_STEP][PASSED] - Statement - Break: null

2018-06-01 11:45:58 - [TEST_STEP][PASSED] - Statement - batchlength = new com.kms.katalon.core.testobject.TestObject(): null

2018-06-01 11:45:58 - [TEST_STEP][PASSED] - Statement - batchlength = com.kms.katalon.core.webui.keyword.WebUiBuiltInKeywords.modifyObjectProperty(batchlength, "xpath", "equals", "//*[@id = "fldvendor" + row + ""]", true): Modify property of object successfully

2018-06-01 11:45:58 - [MESSAGE][PASSED] - Modify property of object successfully

2018-06-01 11:45:58 - [TEST_STEP][PASSED] - Statement - batchsize = com.kms.katalon.core.webui.keyword.WebUiBuiltInKeywords.getNumberOfTotalOption(batchlength): 8 options of object '' counted

2018-06-01 11:45:58 - [MESSAGE][PASSED] - 8 options of object '' counted

2018-06-01 11:45:58 - [TEST_STEP][PASSED] - Statement - out.println("BatchSize : " + batchsize): null

2018-06-01 11:45:58 - [TEST_STEP][PASSED] - Statement - For ([n = 1, n <= batchsize - 1, (n++)]): null

2018-06-01 11:45:58 - [TEST_STEP][PASSED] - Statement - product = new com.kms.katalon.core.testobject.TestObject(): null

2018-06-01 11:45:58 - [TEST_STEP][PASSED] - Statement - product = com.kms.katalon.core.webui.keyword.WebUiBuiltInKeywords.modifyObjectProperty(product, "xpath", "equals", "//*[@id = "fldvendor" + row + ""]", true): Modify property of object successfully

2018-06-01 11:45:58 - [MESSAGE][PASSED] - Modify property of object successfully

2018-06-01 11:45:58 - [TEST_STEP][PASSED] - selectOptionByIndex: All options with index in [1] are selected on object ''

2018-06-01 11:45:58 - [MESSAGE][PASSED] - All options with index in [1] are selected on object ''

2018-06-01 11:45:58 - [TEST_STEP][PASSED] - delay: Delayed 2 second(s)

2018-06-01 11:46:00 - [MESSAGE][PASSED] - Delayed 2 second(s)

2018-06-01 11:46:00 - [TEST_STEP][PASSED] - Statement - batch = new com.kms.katalon.core.testobject.TestObject(): null

2018-06-01 11:46:00 - [TEST_STEP][PASSED] - Statement - batch = com.kms.katalon.core.webui.keyword.WebUiBuiltInKeywords.modifyObjectProperty(batch, "xpath", "equals", "//*[@id = "txtbthqty" + row + ""]", true): Modify property of object successfully

2018-06-01 11:46:00 - [MESSAGE][PASSED] - Modify property of object successfully

2018-06-01 11:46:00 - [TEST_STEP][PASSED] - Statement - batchqty = com.kms.katalon.core.webui.keyword.WebUiBuiltInKeywords.getAttribute(batch, "value").trim(): Attribute 'value' of object '' is: '3800'

2018-06-01 11:46:01 - [MESSAGE][PASSED] - Attribute 'value' of object '' is: '3800'

2018-06-01 11:46:01 - [TEST_STEP][PASSED] - Statement - Rqty = 100: null

2018-06-01 11:46:01 - [TEST_STEP][PASSED] - Statement - out.println("BatchQty : " + batchqty): null

2018-06-01 11:46:01 - [TEST_STEP][PASSED] - Statement - out.println("RQty : " + Rqty): null

2018-06-01 11:46:01 - [TEST_STEP][PASSED] - Statement - If (java.lang.Integer.valueOf(batchqty) >= java.lang.Integer.valueOf(Rqty)): null

2018-06-01 11:46:01 - [TEST_STEP][PASSED] - Statement - Break: null

2018-06-01 11:46:01 - [TEST_STEP][PASSED] - Statement - batchlength = new com.kms.katalon.core.testobject.TestObject(): null

2018-06-01 11:46:01 - [TEST_STEP][PASSED] - Statement - batchlength = com.kms.katalon.core.webui.keyword.WebUiBuiltInKeywords.modifyObjectProperty(batchlength, "xpath", "equals", "//*[@id = "fldvendor" + row + ""]", true): Modify property of object successfully

2018-06-01 11:46:01 - [MESSAGE][PASSED] - Modify property of object successfully

2018-06-01 11:46:01 - [TEST_STEP][PASSED] - Statement - batchsize = com.kms.katalon.core.webui.keyword.WebUiBuiltInKeywords.getNumberOfTotalOption(batchlength): 8 options of object '' counted

2018-06-01 11:46:01 - [MESSAGE][PASSED] - 8 options of object '' counted

2018-06-01 11:46:01 - [TEST_STEP][PASSED] - Statement - out.println("BatchSize : " + batchsize): null

2018-06-01 11:46:01 - [TEST_STEP][PASSED] - Statement - For ([n = 1, n <= batchsize - 1, (n++)]): null

2018-06-01 11:46:01 - [TEST_STEP][PASSED] - Statement - product = new com.kms.katalon.core.testobject.TestObject(): null

2018-06-01 11:46:01 - [TEST_STEP][PASSED] - Statement - product = com.kms.katalon.core.webui.keyword.WebUiBuiltInKeywords.modifyObjectProperty(product, "xpath", "equals", "//*[@id = "fldvendor" + row + ""]", true): Modify property of object successfully

2018-06-01 11:46:01 - [MESSAGE][PASSED] - Modify property of object successfully

2018-06-01 11:46:01 - [TEST_STEP][PASSED] - selectOptionByIndex: All options with index in [1] are selected on object ''

2018-06-01 11:46:01 - [MESSAGE][PASSED] - All options with index in [1] are selected on object ''

2018-06-01 11:46:01 - [TEST_STEP][PASSED] - delay: Delayed 2 second(s)

2018-06-01 11:46:03 - [MESSAGE][PASSED] - Delayed 2 second(s)

2018-06-01 11:46:03 - [TEST_STEP][PASSED] - Statement - batch = new com.kms.katalon.core.testobject.TestObject(): null

2018-06-01 11:46:03 - [TEST_STEP][PASSED] - Statement - batch = com.kms.katalon.core.webui.keyword.WebUiBuiltInKeywords.modifyObjectProperty(batch, "xpath", "equals", "//*[@id = "txtbthqty" + row + ""]", true): Modify property of object successfully

2018-06-01 11:46:03 - [MESSAGE][PASSED] - Modify property of object successfully

2018-06-01 11:46:03 - [TEST_STEP][PASSED] - Statement - batchqty = com.kms.katalon.core.webui.keyword.WebUiBuiltInKeywords.getAttribute(batch, "value").trim(): Attribute 'value' of object '' is: '2800'

2018-06-01 11:46:03 - [MESSAGE][PASSED] - Attribute 'value' of object '' is: '2800'

2018-06-01 11:46:03 - [TEST_STEP][PASSED] - Statement - Rqty = 100: null

2018-06-01 11:46:03 - [TEST_STEP][PASSED] - Statement - out.println("BatchQty : " + batchqty): null

2018-06-01 11:46:03 - [TEST_STEP][PASSED] - Statement - out.println("RQty : " + Rqty): null

2018-06-01 11:46:03 - [TEST_STEP][PASSED] - Statement - If (java.lang.Integer.valueOf(batchqty) >= java.lang.Integer.valueOf(Rqty)): null

2018-06-01 11:46:03 - [TEST_STEP][PASSED] - Statement - Break: null

2018-06-01 11:46:03 - [TEST_STEP][PASSED] - Statement - batchlength = new com.kms.katalon.core.testobject.TestObject(): null

2018-06-01 11:46:03 - [TEST_STEP][PASSED] - Statement - batchlength = com.kms.katalon.core.webui.keyword.WebUiBuiltInKeywords.modifyObjectProperty(batchlength, "xpath", "equals", "//*[@id = "fldvendor" + row + ""]", true): Modify property of object successfully

2018-06-01 11:46:03 - [MESSAGE][PASSED] - Modify property of object successfully

2018-06-01 11:46:03 - [TEST_STEP][PASSED] - Statement - batchsize = com.kms.katalon.core.webui.keyword.WebUiBuiltInKeywords.getNumberOfTotalOption(batchlength): 8 options of object '' counted

2018-06-01 11:46:03 - [MESSAGE][PASSED] - 8 options of object '' counted

2018-06-01 11:46:03 - [TEST_STEP][PASSED] - Statement - out.println("BatchSize : " + batchsize): null

2018-06-01 11:46:03 - [TEST_STEP][PASSED] - Statement - For ([n = 1, n <= batchsize - 1, (n++)]): null

2018-06-01 11:46:03 - [TEST_STEP][PASSED] - Statement - product = new com.kms.katalon.core.testobject.TestObject(): null

2018-06-01 11:46:03 - [TEST_STEP][PASSED] - Statement - product = com.kms.katalon.core.webui.keyword.WebUiBuiltInKeywords.modifyObjectProperty(product, "xpath", "equals", "//*[@id = "fldvendor" + row + ""]", true): Modify property of object successfully

2018-06-01 11:46:03 - [MESSAGE][PASSED] - Modify property of object successfully

2018-06-01 11:46:03 - [TEST_STEP][PASSED] - selectOptionByIndex: All options with index in [1] are selected on object ''

2018-06-01 11:46:03 - [MESSAGE][PASSED] - All options with index in [1] are selected on object ''

2018-06-01 11:46:03 - [TEST_STEP][PASSED] - delay: Delayed 2 second(s)

2018-06-01 11:46:05 - [MESSAGE][PASSED] - Delayed 2 second(s)

2018-06-01 11:46:05 - [TEST_STEP][PASSED] - Statement - batch = new com.kms.katalon.core.testobject.TestObject(): null

2018-06-01 11:46:05 - [TEST_STEP][PASSED] - Statement - batch = com.kms.katalon.core.webui.keyword.WebUiBuiltInKeywords.modifyObjectProperty(batch, "xpath", "equals", "//*[@id = "txtbthqty" + row + ""]", true): Modify property of object successfully

2018-06-01 11:46:05 - [MESSAGE][PASSED] - Modify property of object successfully

2018-06-01 11:46:05 - [TEST_STEP][PASSED] - Statement - batchqty = com.kms.katalon.core.webui.keyword.WebUiBuiltInKeywords.getAttribute(batch, "value").trim(): Attribute 'value' of object '' is: '2800'

2018-06-01 11:46:05 - [MESSAGE][PASSED] - Attribute 'value' of object '' is: '2800'

2018-06-01 11:46:05 - [TEST_STEP][PASSED] - Statement - Rqty = 100: null

2018-06-01 11:46:05 - [TEST_STEP][PASSED] - Statement - out.println("BatchQty : " + batchqty): null

2018-06-01 11:46:05 - [TEST_STEP][PASSED] - Statement - out.println("RQty : " + Rqty): null

2018-06-01 11:46:05 - [TEST_STEP][PASSED] - Statement - If (java.lang.Integer.valueOf(batchqty) >= java.lang.Integer.valueOf(Rqty)): null

2018-06-01 11:46:05 - [TEST_STEP][PASSED] - Statement - Break: null

2018-06-01 11:46:05 - [TEST_STEP][PASSED] - Statement - batchlength = new com.kms.katalon.core.testobject.TestObject(): null

2018-06-01 11:46:05 - [TEST_STEP][PASSED] - Statement - batchlength = com.kms.katalon.core.webui.keyword.WebUiBuiltInKeywords.modifyObjectProperty(batchlength, "xpath", "equals", "//*[@id = "fldvendor" + row + ""]", true): Modify property of object successfully

2018-06-01 11:46:05 - [MESSAGE][PASSED] - Modify property of object successfully

2018-06-01 11:46:05 - [TEST_STEP][PASSED] - Statement - batchsize = com.kms.katalon.core.webui.keyword.WebUiBuiltInKeywords.getNumberOfTotalOption(batchlength): 8 options of object '' counted

2018-06-01 11:46:05 - [MESSAGE][PASSED] - 8 options of object '' counted

2018-06-01 11:46:05 - [TEST_STEP][PASSED] - Statement - out.println("BatchSize : " + batchsize): null

2018-06-01 11:46:05 - [TEST_STEP][PASSED] - Statement - For ([n = 1, n <= batchsize - 1, (n++)]): null

2018-06-01 11:46:05 - [TEST_STEP][PASSED] - Statement - product = new com.kms.katalon.core.testobject.TestObject(): null

2018-06-01 11:46:05 - [TEST_STEP][PASSED] - Statement - product = com.kms.katalon.core.webui.keyword.WebUiBuiltInKeywords.modifyObjectProperty(product, "xpath", "equals", "//*[@id = "fldvendor" + row + ""]", true): Modify property of object successfully

2018-06-01 11:46:05 - [MESSAGE][PASSED] - Modify property of object successfully

2018-06-01 11:46:05 - [TEST_STEP][PASSED] - selectOptionByIndex: All options with index in [1] are selected on object ''

2018-06-01 11:46:05 - [MESSAGE][PASSED] - All options with index in [1] are selected on object ''

2018-06-01 11:46:05 - [TEST_STEP][PASSED] - delay: Delayed 2 second(s)

2018-06-01 11:46:07 - [MESSAGE][PASSED] - Delayed 2 second(s)

2018-06-01 11:46:07 - [TEST_STEP][PASSED] - Statement - batch = new com.kms.katalon.core.testobject.TestObject(): null

2018-06-01 11:46:07 - [TEST_STEP][PASSED] - Statement - batch = com.kms.katalon.core.webui.keyword.WebUiBuiltInKeywords.modifyObjectProperty(batch, "xpath", "equals", "//*[@id = "txtbthqty" + row + ""]", true): Modify property of object successfully

2018-06-01 11:46:07 - [MESSAGE][PASSED] - Modify property of object successfully

2018-06-01 11:46:07 - [TEST_STEP][PASSED] - Statement - batchqty = com.kms.katalon.core.webui.keyword.WebUiBuiltInKeywords.getAttribute(batch, "value").trim(): Attribute 'value' of object '' is: '3800'

2018-06-01 11:46:07 - [MESSAGE][PASSED] - Attribute 'value' of object '' is: '3800'

2018-06-01 11:46:07 - [TEST_STEP][PASSED] - Statement - Rqty = 100: null

2018-06-01 11:46:07 - [TEST_STEP][PASSED] - Statement - out.println("BatchQty : " + batchqty): null

2018-06-01 11:46:07 - [TEST_STEP][PASSED] - Statement - out.println("RQty : " + Rqty): null

2018-06-01 11:46:07 - [TEST_STEP][PASSED] - Statement - If (java.lang.Integer.valueOf(batchqty) >= java.lang.Integer.valueOf(Rqty)): null

2018-06-01 11:46:07 - [TEST_STEP][PASSED] - Statement - Break: null

2018-06-01 11:46:07 - [TEST_STEP][PASSED] - delay: Delayed 2 second(s)

2018-06-01 11:46:09 - [MESSAGE][PASSED] - Delayed 2 second(s)

2018-06-01 11:46:09 - [TEST_STEP][PASSED] - click: Object: 'Object Repository/HealthpostToCms/Page_KDMC - CMS/input_btndispatch' is clicked on

2018-06-01 11:46:11 - [MESSAGE][PASSED] - Object: 'Object Repository/HealthpostToCms/Page_KDMC - CMS/input_btndispatch' is clicked on

2018-06-01 11:46:11 - [TEST_STEP][PASSED] - waitForElementVisible: Object 'Object Repository/HealthpostToCms/Page_KDMC - CMS/button_OK' is visible

2018-06-01 11:46:14 - [MESSAGE][PASSED] - Object 'Object Repository/HealthpostToCms/Page_KDMC - CMS/button_OK' is visible

2018-06-01 11:46:14 - [TEST_STEP][PASSED] - click: Object: 'Object Repository/HealthpostToCms/Page_KDMC - CMS/button_OK' is clicked on

2018-06-01 11:46:14 - [MESSAGE][PASSED] - Object: 'Object Repository/HealthpostToCms/Page_KDMC - CMS/button_OK' is clicked on

2018-06-01 11:46:14 - [TEST_STEP][PASSED] - delay: Delayed 3 second(s)

2018-06-01 11:46:17 - [MESSAGE][PASSED] - Delayed 3 second(s)

2018-06-01 11:46:17 - [TEST_STEP][PASSED] - click: Object: 'Object Repository/HealthpostToCms/Page_KDMC - CMS/a_dropdown-toggle' is clicked on

2018-06-01 11:46:17 - [MESSAGE][PASSED] - Object: 'Object Repository/HealthpostToCms/Page_KDMC - CMS/a_dropdown-toggle' is clicked on

2018-06-01 11:46:17 - [TEST_STEP][PASSED] - click: Object: 'Object Repository/HealthpostToCms/Page_KDMC - CMS/a_Sign out' is clicked on

2018-06-01 11:46:18 - [MESSAGE][PASSED] - Object: 'Object Repository/HealthpostToCms/Page_KDMC - CMS/a_Sign out' is clicked on

2018-06-01 11:46:18 - [TEST_STEP][PASSED] - delay: Delayed 3 second(s)

2018-06-01 11:46:21 - [MESSAGE][PASSED] - Delayed 3 second(s)

2018-06-01 11:46:21 - [TEST_STEP][PASSED] - navigateToUrl: Navigate to 'http://192.168.137.1/multihospital_new/HDSplashscreen.aspx' successfully

2018-06-01 11:46:22 - [MESSAGE][PASSED] - Navigate to 'http://192.168.137.1/multihospital_new/HDSplashscreen.aspx' successfully

2018-06-01 11:46:22 - [TEST_STEP][PASSED] - click: Object: 'Object Repository/HealthpostToCms/Page_KDMC/a_Healthpost Store' is clicked on

2018-06-01 11:46:23 - [MESSAGE][PASSED] - Object: 'Object Repository/HealthpostToCms/Page_KDMC/a_Healthpost Store' is clicked on

2018-06-01 11:46:23 - [TEST_STEP][PASSED] - setText: Text 'raguram' is set on object 'Object Repository/HealthpostToCms/Page_HealthPost Store Login/input_txtusername'

2018-06-01 11:46:23 - [MESSAGE][PASSED] - Text 'raguram' is set on object 'Object Repository/HealthpostToCms/Page_HealthPost Store Login/input_txtusername'

2018-06-01 11:46:23 - [TEST_STEP][PASSED] - setText: Text '123' is set on object 'Object Repository/HealthpostToCms/Page_HealthPost Store Login/input_txtpassword'

2018-06-01 11:46:23 - [MESSAGE][PASSED] - Text '123' is set on object 'Object Repository/HealthpostToCms/Page_HealthPost Store Login/input_txtpassword'

2018-06-01 11:46:23 - [TEST_STEP][PASSED] - delay: Delayed 3 second(s)

2018-06-01 11:46:26 - [MESSAGE][PASSED] - Delayed 3 second(s)

2018-06-01 11:46:26 - [TEST_STEP][PASSED] - click: Object: 'Object Repository/HealthpostToCms/Page_HealthPost Store Login/button_Sign in' is clicked on

2018-06-01 11:46:26 - [MESSAGE][PASSED] - Object: 'Object Repository/HealthpostToCms/Page_HealthPost Store Login/button_Sign in' is clicked on

2018-06-01 11:46:26 - [TEST_STEP][PASSED] - delay: Delayed 3 second(s)

2018-06-01 11:46:29 - [MESSAGE][PASSED] - Delayed 3 second(s)

2018-06-01 11:46:29 - [TEST_STEP][PASSED] - click: Object: 'Object Repository/HealthpostToCms/Page_HealthPost Store/a_CMS' is clicked on

2018-06-01 11:46:30 - [MESSAGE][PASSED] - Object: 'Object Repository/HealthpostToCms/Page_HealthPost Store/a_CMS' is clicked on

2018-06-01 11:46:30 - [TEST_STEP][PASSED] - delay: Delayed 2 second(s)

2018-06-01 11:46:32 - [MESSAGE][PASSED] - Delayed 2 second(s)

2018-06-01 11:46:32 - [TEST_STEP][PASSED] - click: Object: 'Object Repository/HealthpostToCms/Page_HealthPost Store/a_Receiving Goods' is clicked on

2018-06-01 11:46:32 - [MESSAGE][PASSED] - Object: 'Object Repository/HealthpostToCms/Page_HealthPost Store/a_Receiving Goods' is clicked on

2018-06-01 11:46:32 - [TEST_STEP][PASSED] - setText: Text 'PRNO/01062018/537' is set on object 'Object Repository/HealthpostToCms/Page_HealthPost Store/input'

2018-06-01 11:46:33 - [MESSAGE][PASSED] - Text 'PRNO/01062018/537' is set on object 'Object Repository/HealthpostToCms/Page_HealthPost Store/input'

2018-06-01 11:46:33 - [TEST_STEP][PASSED] - click: Object: 'Object Repository/HealthpostToCms/Page_HealthPost Store/input_PRNO18052018174' is clicked on

2018-06-01 11:46:33 - [MESSAGE][PASSED] - Object: 'Object Repository/HealthpostToCms/Page_HealthPost Store/input_PRNO18052018174' is clicked on

2018-06-01 11:46:33 - [TEST_STEP][PASSED] - delay: Delayed 2 second(s)

2018-06-01 11:46:35 - [MESSAGE][PASSED] - Delayed 2 second(s)

2018-06-01 11:46:35 - [TEST_STEP][PASSED] - click: Object: 'Object Repository/HealthpostToCms/Page_HealthPost Store/input_chkrem' is clicked on

2018-06-01 11:46:35 - [MESSAGE][PASSED] - Object: 'Object Repository/HealthpostToCms/Page_HealthPost Store/input_chkrem' is clicked on

2018-06-01 11:46:35 - [TEST_STEP][PASSED] - scrollToElement: Scroll to object 'Object Repository/HealthpostToCms/Page_HealthPost Store/input_btchkroqadd' successfully

2018-06-01 11:46:35 - [MESSAGE][PASSED] - Scroll to object 'Object Repository/HealthpostToCms/Page_HealthPost Store/input_btchkroqadd' successfully

2018-06-01 11:46:35 - [TEST_STEP][PASSED] - click: Object: 'Object Repository/HealthpostToCms/Page_HealthPost Store/input_btchkroqadd' is clicked on

2018-06-01 11:46:35 - [MESSAGE][PASSED] - Object: 'Object Repository/HealthpostToCms/Page_HealthPost Store/input_btchkroqadd' is clicked on

2018-06-01 11:46:35 - [TEST_STEP][PASSED] - delay: Delayed 2 second(s)

2018-06-01 11:46:37 - [MESSAGE][PASSED] - Delayed 2 second(s)

2018-06-01 11:46:37 - [TEST_STEP][PASSED] - refresh: Refresh successfully

2018-06-01 11:46:38 - [MESSAGE][PASSED] - Refresh successfully

2018-06-01 11:46:38 - [TEST_STEP][PASSED] - delay: Delayed 3 second(s)

2018-06-01 11:46:41 - [MESSAGE][PASSED] - Delayed 3 second(s)

2018-06-01 11:46:41 - [TEST_STEP][PASSED] - click: Object: 'Object Repository/HealthpostToCms/Page_HealthPost Store/a_dropdown-toggle' is clicked on

2018-06-01 11:46:41 - [MESSAGE][PASSED] - Object: 'Object Repository/HealthpostToCms/Page_HealthPost Store/a_dropdown-toggle' is clicked on

2018-06-01 11:46:41 - [TEST_STEP][PASSED] - click: Object: 'Object Repository/HealthpostToCms/Page_HealthPost Store/a_Sign out' is clicked on

2018-06-01 11:46:41 - [MESSAGE][PASSED] - Object: 'Object Repository/HealthpostToCms/Page_HealthPost Store/a_Sign out' is clicked on

2018-06-01 11:46:41 - [TEST_STEP][PASSED] - closeBrowser: Browser is closed

2018-06-01 11:46:42 - [MESSAGE][PASSED] - Browser is closed]]></system-out>
         <system-err><![CDATA[]]></system-err>
      </testcase>
      <system-out><![CDATA[2018-06-01 11:22:28 - [TEST_SUITE][ERROR] - HealthPost_CMS_Suite: Test Cases/HEALTHPOST TEST CASES/TC_HP_013 Verify Schedule 1 Healthpost To CMS Request Are Working Successfully Or Not FAILED because (of) java.lang.NumberFormatException: For input string: ""]]></system-out>
      <system-err><![CDATA[2018-06-01 11:22:28 - [TEST_SUITE][ERROR] - HealthPost_CMS_Suite: Test Cases/HEALTHPOST TEST CASES/TC_HP_013 Verify Schedule 1 Healthpost To CMS Request Are Working Successfully Or Not FAILED because (of) java.lang.NumberFormatException: For input string: ""]]></system-err>
   </testsuite>
</testsuites>
