<?xml version="1.0" encoding="UTF-8"?>
<testsuites name="Pharmacy_Suite" time="1576" tests="4" failures="6" errors="1">
   <testsuite name="Pharmacy_Suite" tests="4" failures="6" errors="1" time="1576" timestamp="2018-05-21 12:12:10" hostname="Quality Analyst - DESKTOP-BLFTK83" id="Test Suites/Pharmacy_Suite">
      <properties>
         <property name="deviceName" value=""/>
         <property name="devicePlatform" value=""/>
         <property name="logFolder" value="C:\\Users\\Quality Analyst\\Katalon Studio\\ds\\Reports\\Pharmacy_Suite\\20180521_095838"/>
         <property name="logFiles" value="C:\\Users\\Quality Analyst\\Katalon Studio\\ds\\Reports\\Pharmacy_Suite\\20180521_095838\\execution0.log, C:\\Users\\Quality Analyst\\Katalon Studio\\ds\\Reports\\Pharmacy_Suite\\20180521_095838\\execution1.log"/>
         <property name="attachments" value="C:\\Users\\Quality Analyst\\Katalon Studio\\ds\\Reports\\Pharmacy_Suite\\20180521_095838\\1526885735347.png, C:\\Users\\Quality Analyst\\Katalon Studio\\ds\\Reports\\Pharmacy_Suite\\20180521_095838\\1526886275252.png, C:\\Users\\Quality Analyst\\Katalon Studio\\ds\\Reports\\Pharmacy_Suite\\20180521_095838\\1526886362768.png, C:\\Users\\Quality Analyst\\Katalon Studio\\ds\\Reports\\Pharmacy_Suite\\20180521_095838\\1526886457140.png, C:\\Users\\Quality Analyst\\Katalon Studio\\ds\\Reports\\Pharmacy_Suite\\20180521_095838\\1526886469416.png, C:\\Users\\Quality Analyst\\Katalon Studio\\ds\\Reports\\Pharmacy_Suite\\20180521_095838\\1526886505903.png"/>
         <property name="hostName" value="Quality Analyst - DESKTOP-BLFTK83"/>
         <property name="os" value="Windows 10 64bit"/>
         <property name="katalonVersion" value="5.4.1.1"/>
         <property name="browser" value="Chrome 66.0.3359.139"/>
         <property name="hostAddress" value="192.168.71.2"/>
         <property name="sessionId" value="bd06522fd7ef16edcdfcb17145644f6a"/>
         <property name="seleniumVersion" value="3.7.1"/>
         <property name="proxyInformation" value="ProxyInformation{proxyOption=NO_PROXY, proxyServerType=HTTP, password=, proxyServerAddress=, proxyServerPort=0}"/>
         <property name="platform" value="Windows 10"/>
      </properties>
      <testcase name="Test Cases/PHARMACY TEST CASES/TC_PHAR_002 Verify Schedule 2 Pharmacy Request Are Working Successfully Or Not" classname="Test Cases/PHARMACY TEST CASES/TC_PHAR_002 Verify Schedule 2 Pharmacy Request Are Working Successfully Or Not" status="ERROR">
         <error type="ERROR" message="Test Cases/PHARMACY TEST CASES/TC_PHAR_002 Verify Schedule 2 Pharmacy Request Are Working Successfully Or Not FAILED because (of) java.lang.NumberFormatException: For input string: &quot;&quot;"/>
         <system-out><![CDATA[2018-05-21 12:12:11 - [TEST_CASE][ERROR] - Test Cases/PHARMACY TEST CASES/TC_PHAR_002 Verify Schedule 2 Pharmacy Request Are Working Successfully Or Not: Test Cases/PHARMACY TEST CASES/TC_PHAR_002 Verify Schedule 2 Pharmacy Request Are Working Successfully Or Not FAILED because (of) java.lang.NumberFormatException: For input string: ""

2018-05-21 12:12:11 - [TEST_STEP][PASSED] - openBrowser: Browser is opened with url: ''

2018-05-21 12:12:14 - [MESSAGE][PASSED] - Browser is opened with url: ''

2018-05-21 12:12:14 - [TEST_STEP][PASSED] - Statement - out.println("Verify Schedule 2 Pharmacy Request Are Working Successfully Or Not"): null

2018-05-21 12:12:14 - [TEST_STEP][PASSED] - navigateToUrl: Navigate to 'http://192.168.137.1/multihospital_new/' successfully

2018-05-21 12:12:17 - [MESSAGE][PASSED] - Navigate to 'http://192.168.137.1/multihospital_new/' successfully

2018-05-21 12:12:17 - [TEST_STEP][PASSED] - maximizeWindow: Current window maximized

2018-05-21 12:12:18 - [MESSAGE][PASSED] - Current window maximized

2018-05-21 12:12:18 - [TEST_STEP][PASSED] - click: Object: 'Object Repository/PharmacyRequest/Page_KDMC/a_Pharmacy' is clicked on

2018-05-21 12:12:19 - [MESSAGE][PASSED] - Object: 'Object Repository/PharmacyRequest/Page_KDMC/a_Pharmacy' is clicked on

2018-05-21 12:12:19 - [TEST_STEP][PASSED] - setText: Text 'raja' is set on object 'Object Repository/PharmacyRequest/Page_Pharmacy login/input_txtusername'

2018-05-21 12:12:19 - [MESSAGE][PASSED] - Text 'raja' is set on object 'Object Repository/PharmacyRequest/Page_Pharmacy login/input_txtusername'

2018-05-21 12:12:19 - [TEST_STEP][PASSED] - setText: Text '123' is set on object 'Object Repository/PharmacyRequest/Page_Pharmacy login/input_txtpassword'

2018-05-21 12:12:19 - [MESSAGE][PASSED] - Text '123' is set on object 'Object Repository/PharmacyRequest/Page_Pharmacy login/input_txtpassword'

2018-05-21 12:12:19 - [TEST_STEP][PASSED] - delay: Delayed 3 second(s)

2018-05-21 12:12:22 - [MESSAGE][PASSED] - Delayed 3 second(s)

2018-05-21 12:12:22 - [TEST_STEP][PASSED] - click: Object: 'Object Repository/PharmacyRequest/Page_Pharmacy login/button_Sign in' is clicked on

2018-05-21 12:12:23 - [MESSAGE][PASSED] - Object: 'Object Repository/PharmacyRequest/Page_Pharmacy login/button_Sign in' is clicked on

2018-05-21 12:12:23 - [TEST_STEP][PASSED] - delay: Delayed 3 second(s)

2018-05-21 12:12:26 - [MESSAGE][PASSED] - Delayed 3 second(s)

2018-05-21 12:12:26 - [TEST_STEP][PASSED] - click: Object: 'Object Repository/PharmacyRequest/Page_KDMC - Pharmacy/a_Inventory' is clicked on

2018-05-21 12:12:28 - [MESSAGE][PASSED] - Object: 'Object Repository/PharmacyRequest/Page_KDMC - Pharmacy/a_Inventory' is clicked on

2018-05-21 12:12:28 - [TEST_STEP][PASSED] - delay: Delayed 3 second(s)

2018-05-21 12:12:31 - [MESSAGE][PASSED] - Delayed 3 second(s)

2018-05-21 12:12:31 - [TEST_STEP][PASSED] - click: Object: 'Object Repository/PharmacyRequest/Page_KDMC-Pharmacy/a_Store Request' is clicked on

2018-05-21 12:12:31 - [MESSAGE][PASSED] - Object: 'Object Repository/PharmacyRequest/Page_KDMC-Pharmacy/a_Store Request' is clicked on

2018-05-21 12:12:31 - [TEST_STEP][PASSED] - click: Object: 'Object Repository/PharmacyRequest/Page_KDMC-Pharmacy/a_Medicine Request' is clicked on

2018-05-21 12:12:32 - [MESSAGE][PASSED] - Object: 'Object Repository/PharmacyRequest/Page_KDMC-Pharmacy/a_Medicine Request' is clicked on

2018-05-21 12:12:32 - [TEST_STEP][PASSED] - selectOptionByIndex: All options with index in [2] are selected on object 'Object Repository/PharmacyRequest/Page_KDMC-Pharmacy/select_--Select--Schedule 1Inj'

2018-05-21 12:12:32 - [MESSAGE][PASSED] - All options with index in [2] are selected on object 'Object Repository/PharmacyRequest/Page_KDMC-Pharmacy/select_--Select--Schedule 1Inj'

2018-05-21 12:12:32 - [TEST_STEP][PASSED] - Statement - MedicineLength = com.kms.katalon.core.webui.keyword.WebUiBuiltInKeywords.getNumberOfTotalOption(com.kms.katalon.core.testobject.ObjectRepository.findTestObject(PharmacyRequest/Page_KDMC-Pharmacy/select_--Select--Albendazole)): 73 options of object 'Object Repository/PharmacyRequest/Page_KDMC-Pharmacy/select_--Select--Albendazole' counted

2018-05-21 12:12:32 - [MESSAGE][PASSED] - 73 options of object 'Object Repository/PharmacyRequest/Page_KDMC-Pharmacy/select_--Select--Albendazole' counted

2018-05-21 12:12:32 - [TEST_STEP][PASSED] - Statement - For ([l = 1, l <= MedicineLength - 1, (l++)]): Object: 'Object Repository/PharmacyRequest/Page_KDMC-Pharmacy/button_Add' is clicked on

2018-05-21 12:12:32 - [TEST_STEP][PASSED] - selectOptionByIndex: All options with index in [2] are selected on object 'Object Repository/PharmacyRequest/Page_KDMC-Pharmacy/select_--Select--Schedule 1Inj'

2018-05-21 12:12:32 - [MESSAGE][PASSED] - All options with index in [2] are selected on object 'Object Repository/PharmacyRequest/Page_KDMC-Pharmacy/select_--Select--Schedule 1Inj'

2018-05-21 12:12:32 - [TEST_STEP][PASSED] - selectOptionByIndex: All options with index in [1] are selected on object 'Object Repository/PharmacyRequest/Page_KDMC-Pharmacy/select_--Select--Albendazole'

2018-05-21 12:12:32 - [MESSAGE][PASSED] - All options with index in [1] are selected on object 'Object Repository/PharmacyRequest/Page_KDMC-Pharmacy/select_--Select--Albendazole'

2018-05-21 12:12:32 - [TEST_STEP][PASSED] - delay: Delayed 1 second(s)

2018-05-21 12:12:33 - [MESSAGE][PASSED] - Delayed 1 second(s)

2018-05-21 12:12:33 - [TEST_STEP][PASSED] - setText: Text '10' is set on object 'Object Repository/PharmacyRequest/Page_KDMC-Pharmacy/input_txttreat'

2018-05-21 12:12:33 - [MESSAGE][PASSED] - Text '10' is set on object 'Object Repository/PharmacyRequest/Page_KDMC-Pharmacy/input_txttreat'

2018-05-21 12:12:33 - [TEST_STEP][PASSED] - click: Object: 'Object Repository/PharmacyRequest/Page_KDMC-Pharmacy/button_Add' is clicked on

2018-05-21 12:12:34 - [MESSAGE][PASSED] - Object: 'Object Repository/PharmacyRequest/Page_KDMC-Pharmacy/button_Add' is clicked on

2018-05-21 12:12:34 - [TEST_STEP][PASSED] - selectOptionByIndex: All options with index in [2] are selected on object 'Object Repository/PharmacyRequest/Page_KDMC-Pharmacy/select_--Select--Schedule 1Inj'

2018-05-21 12:12:34 - [MESSAGE][PASSED] - All options with index in [2] are selected on object 'Object Repository/PharmacyRequest/Page_KDMC-Pharmacy/select_--Select--Schedule 1Inj'

2018-05-21 12:12:34 - [TEST_STEP][PASSED] - selectOptionByIndex: All options with index in [2] are selected on object 'Object Repository/PharmacyRequest/Page_KDMC-Pharmacy/select_--Select--Albendazole'

2018-05-21 12:12:34 - [MESSAGE][PASSED] - All options with index in [2] are selected on object 'Object Repository/PharmacyRequest/Page_KDMC-Pharmacy/select_--Select--Albendazole'

2018-05-21 12:12:34 - [TEST_STEP][PASSED] - delay: Delayed 1 second(s)

2018-05-21 12:12:35 - [MESSAGE][PASSED] - Delayed 1 second(s)

2018-05-21 12:12:35 - [TEST_STEP][PASSED] - setText: Text '10' is set on object 'Object Repository/PharmacyRequest/Page_KDMC-Pharmacy/input_txttreat'

2018-05-21 12:12:35 - [MESSAGE][PASSED] - Text '10' is set on object 'Object Repository/PharmacyRequest/Page_KDMC-Pharmacy/input_txttreat'

2018-05-21 12:12:35 - [TEST_STEP][PASSED] - click: Object: 'Object Repository/PharmacyRequest/Page_KDMC-Pharmacy/button_Add' is clicked on

2018-05-21 12:12:35 - [MESSAGE][PASSED] - Object: 'Object Repository/PharmacyRequest/Page_KDMC-Pharmacy/button_Add' is clicked on

2018-05-21 12:12:35 - [TEST_STEP][PASSED] - selectOptionByIndex: All options with index in [2] are selected on object 'Object Repository/PharmacyRequest/Page_KDMC-Pharmacy/select_--Select--Schedule 1Inj'

2018-05-21 12:12:35 - [MESSAGE][PASSED] - All options with index in [2] are selected on object 'Object Repository/PharmacyRequest/Page_KDMC-Pharmacy/select_--Select--Schedule 1Inj'

2018-05-21 12:12:35 - [TEST_STEP][PASSED] - selectOptionByIndex: All options with index in [3] are selected on object 'Object Repository/PharmacyRequest/Page_KDMC-Pharmacy/select_--Select--Albendazole'

2018-05-21 12:12:35 - [MESSAGE][PASSED] - All options with index in [3] are selected on object 'Object Repository/PharmacyRequest/Page_KDMC-Pharmacy/select_--Select--Albendazole'

2018-05-21 12:12:35 - [TEST_STEP][PASSED] - delay: Delayed 1 second(s)

2018-05-21 12:12:36 - [MESSAGE][PASSED] - Delayed 1 second(s)

2018-05-21 12:12:36 - [TEST_STEP][PASSED] - setText: Text '10' is set on object 'Object Repository/PharmacyRequest/Page_KDMC-Pharmacy/input_txttreat'

2018-05-21 12:12:36 - [MESSAGE][PASSED] - Text '10' is set on object 'Object Repository/PharmacyRequest/Page_KDMC-Pharmacy/input_txttreat'

2018-05-21 12:12:36 - [TEST_STEP][PASSED] - click: Object: 'Object Repository/PharmacyRequest/Page_KDMC-Pharmacy/button_Add' is clicked on

2018-05-21 12:12:37 - [MESSAGE][PASSED] - Object: 'Object Repository/PharmacyRequest/Page_KDMC-Pharmacy/button_Add' is clicked on

2018-05-21 12:12:37 - [TEST_STEP][PASSED] - selectOptionByIndex: All options with index in [2] are selected on object 'Object Repository/PharmacyRequest/Page_KDMC-Pharmacy/select_--Select--Schedule 1Inj'

2018-05-21 12:12:37 - [MESSAGE][PASSED] - All options with index in [2] are selected on object 'Object Repository/PharmacyRequest/Page_KDMC-Pharmacy/select_--Select--Schedule 1Inj'

2018-05-21 12:12:37 - [TEST_STEP][PASSED] - selectOptionByIndex: All options with index in [4] are selected on object 'Object Repository/PharmacyRequest/Page_KDMC-Pharmacy/select_--Select--Albendazole'

2018-05-21 12:12:37 - [MESSAGE][PASSED] - All options with index in [4] are selected on object 'Object Repository/PharmacyRequest/Page_KDMC-Pharmacy/select_--Select--Albendazole'

2018-05-21 12:12:37 - [TEST_STEP][PASSED] - delay: Delayed 1 second(s)

2018-05-21 12:12:38 - [MESSAGE][PASSED] - Delayed 1 second(s)

2018-05-21 12:12:38 - [TEST_STEP][PASSED] - setText: Text '10' is set on object 'Object Repository/PharmacyRequest/Page_KDMC-Pharmacy/input_txttreat'

2018-05-21 12:12:38 - [MESSAGE][PASSED] - Text '10' is set on object 'Object Repository/PharmacyRequest/Page_KDMC-Pharmacy/input_txttreat'

2018-05-21 12:12:38 - [TEST_STEP][PASSED] - click: Object: 'Object Repository/PharmacyRequest/Page_KDMC-Pharmacy/button_Add' is clicked on

2018-05-21 12:12:38 - [MESSAGE][PASSED] - Object: 'Object Repository/PharmacyRequest/Page_KDMC-Pharmacy/button_Add' is clicked on

2018-05-21 12:12:38 - [TEST_STEP][PASSED] - selectOptionByIndex: All options with index in [2] are selected on object 'Object Repository/PharmacyRequest/Page_KDMC-Pharmacy/select_--Select--Schedule 1Inj'

2018-05-21 12:12:38 - [MESSAGE][PASSED] - All options with index in [2] are selected on object 'Object Repository/PharmacyRequest/Page_KDMC-Pharmacy/select_--Select--Schedule 1Inj'

2018-05-21 12:12:38 - [TEST_STEP][PASSED] - selectOptionByIndex: All options with index in [5] are selected on object 'Object Repository/PharmacyRequest/Page_KDMC-Pharmacy/select_--Select--Albendazole'

2018-05-21 12:12:38 - [MESSAGE][PASSED] - All options with index in [5] are selected on object 'Object Repository/PharmacyRequest/Page_KDMC-Pharmacy/select_--Select--Albendazole'

2018-05-21 12:12:38 - [TEST_STEP][PASSED] - delay: Delayed 1 second(s)

2018-05-21 12:12:39 - [MESSAGE][PASSED] - Delayed 1 second(s)

2018-05-21 12:12:39 - [TEST_STEP][PASSED] - setText: Text '10' is set on object 'Object Repository/PharmacyRequest/Page_KDMC-Pharmacy/input_txttreat'

2018-05-21 12:12:40 - [MESSAGE][PASSED] - Text '10' is set on object 'Object Repository/PharmacyRequest/Page_KDMC-Pharmacy/input_txttreat'

2018-05-21 12:12:40 - [TEST_STEP][PASSED] - click: Object: 'Object Repository/PharmacyRequest/Page_KDMC-Pharmacy/button_Add' is clicked on

2018-05-21 12:12:40 - [MESSAGE][PASSED] - Object: 'Object Repository/PharmacyRequest/Page_KDMC-Pharmacy/button_Add' is clicked on

2018-05-21 12:12:40 - [TEST_STEP][PASSED] - selectOptionByIndex: All options with index in [2] are selected on object 'Object Repository/PharmacyRequest/Page_KDMC-Pharmacy/select_--Select--Schedule 1Inj'

2018-05-21 12:12:40 - [MESSAGE][PASSED] - All options with index in [2] are selected on object 'Object Repository/PharmacyRequest/Page_KDMC-Pharmacy/select_--Select--Schedule 1Inj'

2018-05-21 12:12:40 - [TEST_STEP][PASSED] - selectOptionByIndex: All options with index in [6] are selected on object 'Object Repository/PharmacyRequest/Page_KDMC-Pharmacy/select_--Select--Albendazole'

2018-05-21 12:12:40 - [MESSAGE][PASSED] - All options with index in [6] are selected on object 'Object Repository/PharmacyRequest/Page_KDMC-Pharmacy/select_--Select--Albendazole'

2018-05-21 12:12:40 - [TEST_STEP][PASSED] - delay: Delayed 1 second(s)

2018-05-21 12:12:41 - [MESSAGE][PASSED] - Delayed 1 second(s)

2018-05-21 12:12:41 - [TEST_STEP][PASSED] - setText: Text '10' is set on object 'Object Repository/PharmacyRequest/Page_KDMC-Pharmacy/input_txttreat'

2018-05-21 12:12:41 - [MESSAGE][PASSED] - Text '10' is set on object 'Object Repository/PharmacyRequest/Page_KDMC-Pharmacy/input_txttreat'

2018-05-21 12:12:41 - [TEST_STEP][PASSED] - click: Object: 'Object Repository/PharmacyRequest/Page_KDMC-Pharmacy/button_Add' is clicked on

2018-05-21 12:12:41 - [MESSAGE][PASSED] - Object: 'Object Repository/PharmacyRequest/Page_KDMC-Pharmacy/button_Add' is clicked on

2018-05-21 12:12:41 - [TEST_STEP][PASSED] - selectOptionByIndex: All options with index in [2] are selected on object 'Object Repository/PharmacyRequest/Page_KDMC-Pharmacy/select_--Select--Schedule 1Inj'

2018-05-21 12:12:41 - [MESSAGE][PASSED] - All options with index in [2] are selected on object 'Object Repository/PharmacyRequest/Page_KDMC-Pharmacy/select_--Select--Schedule 1Inj'

2018-05-21 12:12:41 - [TEST_STEP][PASSED] - selectOptionByIndex: All options with index in [7] are selected on object 'Object Repository/PharmacyRequest/Page_KDMC-Pharmacy/select_--Select--Albendazole'

2018-05-21 12:12:41 - [MESSAGE][PASSED] - All options with index in [7] are selected on object 'Object Repository/PharmacyRequest/Page_KDMC-Pharmacy/select_--Select--Albendazole'

2018-05-21 12:12:41 - [TEST_STEP][PASSED] - delay: Delayed 1 second(s)

2018-05-21 12:12:42 - [MESSAGE][PASSED] - Delayed 1 second(s)

2018-05-21 12:12:42 - [TEST_STEP][PASSED] - setText: Text '10' is set on object 'Object Repository/PharmacyRequest/Page_KDMC-Pharmacy/input_txttreat'

2018-05-21 12:12:42 - [MESSAGE][PASSED] - Text '10' is set on object 'Object Repository/PharmacyRequest/Page_KDMC-Pharmacy/input_txttreat'

2018-05-21 12:12:42 - [TEST_STEP][PASSED] - click: Object: 'Object Repository/PharmacyRequest/Page_KDMC-Pharmacy/button_Add' is clicked on

2018-05-21 12:12:42 - [MESSAGE][PASSED] - Object: 'Object Repository/PharmacyRequest/Page_KDMC-Pharmacy/button_Add' is clicked on

2018-05-21 12:12:42 - [TEST_STEP][PASSED] - selectOptionByIndex: All options with index in [2] are selected on object 'Object Repository/PharmacyRequest/Page_KDMC-Pharmacy/select_--Select--Schedule 1Inj'

2018-05-21 12:12:43 - [MESSAGE][PASSED] - All options with index in [2] are selected on object 'Object Repository/PharmacyRequest/Page_KDMC-Pharmacy/select_--Select--Schedule 1Inj'

2018-05-21 12:12:43 - [TEST_STEP][PASSED] - selectOptionByIndex: All options with index in [8] are selected on object 'Object Repository/PharmacyRequest/Page_KDMC-Pharmacy/select_--Select--Albendazole'

2018-05-21 12:12:43 - [MESSAGE][PASSED] - All options with index in [8] are selected on object 'Object Repository/PharmacyRequest/Page_KDMC-Pharmacy/select_--Select--Albendazole'

2018-05-21 12:12:43 - [TEST_STEP][PASSED] - delay: Delayed 1 second(s)

2018-05-21 12:12:44 - [MESSAGE][PASSED] - Delayed 1 second(s)

2018-05-21 12:12:44 - [TEST_STEP][PASSED] - setText: Text '10' is set on object 'Object Repository/PharmacyRequest/Page_KDMC-Pharmacy/input_txttreat'

2018-05-21 12:12:44 - [MESSAGE][PASSED] - Text '10' is set on object 'Object Repository/PharmacyRequest/Page_KDMC-Pharmacy/input_txttreat'

2018-05-21 12:12:44 - [TEST_STEP][PASSED] - click: Object: 'Object Repository/PharmacyRequest/Page_KDMC-Pharmacy/button_Add' is clicked on

2018-05-21 12:12:44 - [MESSAGE][PASSED] - Object: 'Object Repository/PharmacyRequest/Page_KDMC-Pharmacy/button_Add' is clicked on

2018-05-21 12:12:44 - [TEST_STEP][PASSED] - selectOptionByIndex: All options with index in [2] are selected on object 'Object Repository/PharmacyRequest/Page_KDMC-Pharmacy/select_--Select--Schedule 1Inj'

2018-05-21 12:12:44 - [MESSAGE][PASSED] - All options with index in [2] are selected on object 'Object Repository/PharmacyRequest/Page_KDMC-Pharmacy/select_--Select--Schedule 1Inj'

2018-05-21 12:12:44 - [TEST_STEP][PASSED] - selectOptionByIndex: All options with index in [9] are selected on object 'Object Repository/PharmacyRequest/Page_KDMC-Pharmacy/select_--Select--Albendazole'

2018-05-21 12:12:44 - [MESSAGE][PASSED] - All options with index in [9] are selected on object 'Object Repository/PharmacyRequest/Page_KDMC-Pharmacy/select_--Select--Albendazole'

2018-05-21 12:12:44 - [TEST_STEP][PASSED] - delay: Delayed 1 second(s)

2018-05-21 12:12:45 - [MESSAGE][PASSED] - Delayed 1 second(s)

2018-05-21 12:12:45 - [TEST_STEP][PASSED] - setText: Text '10' is set on object 'Object Repository/PharmacyRequest/Page_KDMC-Pharmacy/input_txttreat'

2018-05-21 12:12:46 - [MESSAGE][PASSED] - Text '10' is set on object 'Object Repository/PharmacyRequest/Page_KDMC-Pharmacy/input_txttreat'

2018-05-21 12:12:46 - [TEST_STEP][PASSED] - click: Object: 'Object Repository/PharmacyRequest/Page_KDMC-Pharmacy/button_Add' is clicked on

2018-05-21 12:12:46 - [MESSAGE][PASSED] - Object: 'Object Repository/PharmacyRequest/Page_KDMC-Pharmacy/button_Add' is clicked on

2018-05-21 12:12:46 - [TEST_STEP][PASSED] - selectOptionByIndex: All options with index in [2] are selected on object 'Object Repository/PharmacyRequest/Page_KDMC-Pharmacy/select_--Select--Schedule 1Inj'

2018-05-21 12:12:46 - [MESSAGE][PASSED] - All options with index in [2] are selected on object 'Object Repository/PharmacyRequest/Page_KDMC-Pharmacy/select_--Select--Schedule 1Inj'

2018-05-21 12:12:46 - [TEST_STEP][PASSED] - selectOptionByIndex: All options with index in [10] are selected on object 'Object Repository/PharmacyRequest/Page_KDMC-Pharmacy/select_--Select--Albendazole'

2018-05-21 12:12:46 - [MESSAGE][PASSED] - All options with index in [10] are selected on object 'Object Repository/PharmacyRequest/Page_KDMC-Pharmacy/select_--Select--Albendazole'

2018-05-21 12:12:46 - [TEST_STEP][PASSED] - delay: Delayed 1 second(s)

2018-05-21 12:12:47 - [MESSAGE][PASSED] - Delayed 1 second(s)

2018-05-21 12:12:47 - [TEST_STEP][PASSED] - setText: Text '10' is set on object 'Object Repository/PharmacyRequest/Page_KDMC-Pharmacy/input_txttreat'

2018-05-21 12:12:47 - [MESSAGE][PASSED] - Text '10' is set on object 'Object Repository/PharmacyRequest/Page_KDMC-Pharmacy/input_txttreat'

2018-05-21 12:12:47 - [TEST_STEP][PASSED] - click: Object: 'Object Repository/PharmacyRequest/Page_KDMC-Pharmacy/button_Add' is clicked on

2018-05-21 12:12:47 - [MESSAGE][PASSED] - Object: 'Object Repository/PharmacyRequest/Page_KDMC-Pharmacy/button_Add' is clicked on

2018-05-21 12:12:47 - [TEST_STEP][PASSED] - selectOptionByIndex: All options with index in [2] are selected on object 'Object Repository/PharmacyRequest/Page_KDMC-Pharmacy/select_--Select--Schedule 1Inj'

2018-05-21 12:12:47 - [MESSAGE][PASSED] - All options with index in [2] are selected on object 'Object Repository/PharmacyRequest/Page_KDMC-Pharmacy/select_--Select--Schedule 1Inj'

2018-05-21 12:12:47 - [TEST_STEP][PASSED] - selectOptionByIndex: All options with index in [11] are selected on object 'Object Repository/PharmacyRequest/Page_KDMC-Pharmacy/select_--Select--Albendazole'

2018-05-21 12:12:48 - [MESSAGE][PASSED] - All options with index in [11] are selected on object 'Object Repository/PharmacyRequest/Page_KDMC-Pharmacy/select_--Select--Albendazole'

2018-05-21 12:12:48 - [TEST_STEP][PASSED] - delay: Delayed 1 second(s)

2018-05-21 12:12:49 - [MESSAGE][PASSED] - Delayed 1 second(s)

2018-05-21 12:12:49 - [TEST_STEP][PASSED] - setText: Text '10' is set on object 'Object Repository/PharmacyRequest/Page_KDMC-Pharmacy/input_txttreat'

2018-05-21 12:12:49 - [MESSAGE][PASSED] - Text '10' is set on object 'Object Repository/PharmacyRequest/Page_KDMC-Pharmacy/input_txttreat'

2018-05-21 12:12:49 - [TEST_STEP][PASSED] - click: Object: 'Object Repository/PharmacyRequest/Page_KDMC-Pharmacy/button_Add' is clicked on

2018-05-21 12:12:49 - [MESSAGE][PASSED] - Object: 'Object Repository/PharmacyRequest/Page_KDMC-Pharmacy/button_Add' is clicked on

2018-05-21 12:12:49 - [TEST_STEP][PASSED] - selectOptionByIndex: All options with index in [2] are selected on object 'Object Repository/PharmacyRequest/Page_KDMC-Pharmacy/select_--Select--Schedule 1Inj'

2018-05-21 12:12:49 - [MESSAGE][PASSED] - All options with index in [2] are selected on object 'Object Repository/PharmacyRequest/Page_KDMC-Pharmacy/select_--Select--Schedule 1Inj'

2018-05-21 12:12:49 - [TEST_STEP][PASSED] - selectOptionByIndex: All options with index in [12] are selected on object 'Object Repository/PharmacyRequest/Page_KDMC-Pharmacy/select_--Select--Albendazole'

2018-05-21 12:12:49 - [MESSAGE][PASSED] - All options with index in [12] are selected on object 'Object Repository/PharmacyRequest/Page_KDMC-Pharmacy/select_--Select--Albendazole'

2018-05-21 12:12:49 - [TEST_STEP][PASSED] - delay: Delayed 1 second(s)

2018-05-21 12:12:50 - [MESSAGE][PASSED] - Delayed 1 second(s)

2018-05-21 12:12:50 - [TEST_STEP][PASSED] - setText: Text '10' is set on object 'Object Repository/PharmacyRequest/Page_KDMC-Pharmacy/input_txttreat'

2018-05-21 12:12:50 - [MESSAGE][PASSED] - Text '10' is set on object 'Object Repository/PharmacyRequest/Page_KDMC-Pharmacy/input_txttreat'

2018-05-21 12:12:50 - [TEST_STEP][PASSED] - click: Object: 'Object Repository/PharmacyRequest/Page_KDMC-Pharmacy/button_Add' is clicked on

2018-05-21 12:12:50 - [MESSAGE][PASSED] - Object: 'Object Repository/PharmacyRequest/Page_KDMC-Pharmacy/button_Add' is clicked on

2018-05-21 12:12:50 - [TEST_STEP][PASSED] - selectOptionByIndex: All options with index in [2] are selected on object 'Object Repository/PharmacyRequest/Page_KDMC-Pharmacy/select_--Select--Schedule 1Inj'

2018-05-21 12:12:50 - [MESSAGE][PASSED] - All options with index in [2] are selected on object 'Object Repository/PharmacyRequest/Page_KDMC-Pharmacy/select_--Select--Schedule 1Inj'

2018-05-21 12:12:50 - [TEST_STEP][PASSED] - selectOptionByIndex: All options with index in [13] are selected on object 'Object Repository/PharmacyRequest/Page_KDMC-Pharmacy/select_--Select--Albendazole'

2018-05-21 12:12:51 - [MESSAGE][PASSED] - All options with index in [13] are selected on object 'Object Repository/PharmacyRequest/Page_KDMC-Pharmacy/select_--Select--Albendazole'

2018-05-21 12:12:51 - [TEST_STEP][PASSED] - delay: Delayed 1 second(s)

2018-05-21 12:12:52 - [MESSAGE][PASSED] - Delayed 1 second(s)

2018-05-21 12:12:52 - [TEST_STEP][PASSED] - setText: Text '10' is set on object 'Object Repository/PharmacyRequest/Page_KDMC-Pharmacy/input_txttreat'

2018-05-21 12:12:52 - [MESSAGE][PASSED] - Text '10' is set on object 'Object Repository/PharmacyRequest/Page_KDMC-Pharmacy/input_txttreat'

2018-05-21 12:12:52 - [TEST_STEP][PASSED] - click: Object: 'Object Repository/PharmacyRequest/Page_KDMC-Pharmacy/button_Add' is clicked on

2018-05-21 12:12:52 - [MESSAGE][PASSED] - Object: 'Object Repository/PharmacyRequest/Page_KDMC-Pharmacy/button_Add' is clicked on

2018-05-21 12:12:52 - [TEST_STEP][PASSED] - selectOptionByIndex: All options with index in [2] are selected on object 'Object Repository/PharmacyRequest/Page_KDMC-Pharmacy/select_--Select--Schedule 1Inj'

2018-05-21 12:12:52 - [MESSAGE][PASSED] - All options with index in [2] are selected on object 'Object Repository/PharmacyRequest/Page_KDMC-Pharmacy/select_--Select--Schedule 1Inj'

2018-05-21 12:12:52 - [TEST_STEP][PASSED] - selectOptionByIndex: All options with index in [14] are selected on object 'Object Repository/PharmacyRequest/Page_KDMC-Pharmacy/select_--Select--Albendazole'

2018-05-21 12:12:52 - [MESSAGE][PASSED] - All options with index in [14] are selected on object 'Object Repository/PharmacyRequest/Page_KDMC-Pharmacy/select_--Select--Albendazole'

2018-05-21 12:12:52 - [TEST_STEP][PASSED] - delay: Delayed 1 second(s)

2018-05-21 12:12:53 - [MESSAGE][PASSED] - Delayed 1 second(s)

2018-05-21 12:12:53 - [TEST_STEP][PASSED] - setText: Text '10' is set on object 'Object Repository/PharmacyRequest/Page_KDMC-Pharmacy/input_txttreat'

2018-05-21 12:12:53 - [MESSAGE][PASSED] - Text '10' is set on object 'Object Repository/PharmacyRequest/Page_KDMC-Pharmacy/input_txttreat'

2018-05-21 12:12:53 - [TEST_STEP][PASSED] - click: Object: 'Object Repository/PharmacyRequest/Page_KDMC-Pharmacy/button_Add' is clicked on

2018-05-21 12:12:53 - [MESSAGE][PASSED] - Object: 'Object Repository/PharmacyRequest/Page_KDMC-Pharmacy/button_Add' is clicked on

2018-05-21 12:12:53 - [TEST_STEP][PASSED] - selectOptionByIndex: All options with index in [2] are selected on object 'Object Repository/PharmacyRequest/Page_KDMC-Pharmacy/select_--Select--Schedule 1Inj'

2018-05-21 12:12:53 - [MESSAGE][PASSED] - All options with index in [2] are selected on object 'Object Repository/PharmacyRequest/Page_KDMC-Pharmacy/select_--Select--Schedule 1Inj'

2018-05-21 12:12:53 - [TEST_STEP][PASSED] - selectOptionByIndex: All options with index in [15] are selected on object 'Object Repository/PharmacyRequest/Page_KDMC-Pharmacy/select_--Select--Albendazole'

2018-05-21 12:12:54 - [MESSAGE][PASSED] - All options with index in [15] are selected on object 'Object Repository/PharmacyRequest/Page_KDMC-Pharmacy/select_--Select--Albendazole'

2018-05-21 12:12:54 - [TEST_STEP][PASSED] - delay: Delayed 1 second(s)

2018-05-21 12:12:55 - [MESSAGE][PASSED] - Delayed 1 second(s)

2018-05-21 12:12:55 - [TEST_STEP][PASSED] - setText: Text '10' is set on object 'Object Repository/PharmacyRequest/Page_KDMC-Pharmacy/input_txttreat'

2018-05-21 12:12:55 - [MESSAGE][PASSED] - Text '10' is set on object 'Object Repository/PharmacyRequest/Page_KDMC-Pharmacy/input_txttreat'

2018-05-21 12:12:55 - [TEST_STEP][PASSED] - click: Object: 'Object Repository/PharmacyRequest/Page_KDMC-Pharmacy/button_Add' is clicked on

2018-05-21 12:12:55 - [MESSAGE][PASSED] - Object: 'Object Repository/PharmacyRequest/Page_KDMC-Pharmacy/button_Add' is clicked on

2018-05-21 12:12:55 - [TEST_STEP][PASSED] - selectOptionByIndex: All options with index in [2] are selected on object 'Object Repository/PharmacyRequest/Page_KDMC-Pharmacy/select_--Select--Schedule 1Inj'

2018-05-21 12:12:55 - [MESSAGE][PASSED] - All options with index in [2] are selected on object 'Object Repository/PharmacyRequest/Page_KDMC-Pharmacy/select_--Select--Schedule 1Inj'

2018-05-21 12:12:55 - [TEST_STEP][PASSED] - selectOptionByIndex: All options with index in [16] are selected on object 'Object Repository/PharmacyRequest/Page_KDMC-Pharmacy/select_--Select--Albendazole'

2018-05-21 12:12:55 - [MESSAGE][PASSED] - All options with index in [16] are selected on object 'Object Repository/PharmacyRequest/Page_KDMC-Pharmacy/select_--Select--Albendazole'

2018-05-21 12:12:55 - [TEST_STEP][PASSED] - delay: Delayed 1 second(s)

2018-05-21 12:12:56 - [MESSAGE][PASSED] - Delayed 1 second(s)

2018-05-21 12:12:56 - [TEST_STEP][PASSED] - setText: Text '10' is set on object 'Object Repository/PharmacyRequest/Page_KDMC-Pharmacy/input_txttreat'

2018-05-21 12:12:56 - [MESSAGE][PASSED] - Text '10' is set on object 'Object Repository/PharmacyRequest/Page_KDMC-Pharmacy/input_txttreat'

2018-05-21 12:12:56 - [TEST_STEP][PASSED] - click: Object: 'Object Repository/PharmacyRequest/Page_KDMC-Pharmacy/button_Add' is clicked on

2018-05-21 12:12:56 - [MESSAGE][PASSED] - Object: 'Object Repository/PharmacyRequest/Page_KDMC-Pharmacy/button_Add' is clicked on

2018-05-21 12:12:56 - [TEST_STEP][PASSED] - selectOptionByIndex: All options with index in [2] are selected on object 'Object Repository/PharmacyRequest/Page_KDMC-Pharmacy/select_--Select--Schedule 1Inj'

2018-05-21 12:12:56 - [MESSAGE][PASSED] - All options with index in [2] are selected on object 'Object Repository/PharmacyRequest/Page_KDMC-Pharmacy/select_--Select--Schedule 1Inj'

2018-05-21 12:12:56 - [TEST_STEP][PASSED] - selectOptionByIndex: All options with index in [17] are selected on object 'Object Repository/PharmacyRequest/Page_KDMC-Pharmacy/select_--Select--Albendazole'

2018-05-21 12:12:57 - [MESSAGE][PASSED] - All options with index in [17] are selected on object 'Object Repository/PharmacyRequest/Page_KDMC-Pharmacy/select_--Select--Albendazole'

2018-05-21 12:12:57 - [TEST_STEP][PASSED] - delay: Delayed 1 second(s)

2018-05-21 12:12:58 - [MESSAGE][PASSED] - Delayed 1 second(s)

2018-05-21 12:12:58 - [TEST_STEP][PASSED] - setText: Text '10' is set on object 'Object Repository/PharmacyRequest/Page_KDMC-Pharmacy/input_txttreat'

2018-05-21 12:12:58 - [MESSAGE][PASSED] - Text '10' is set on object 'Object Repository/PharmacyRequest/Page_KDMC-Pharmacy/input_txttreat'

2018-05-21 12:12:58 - [TEST_STEP][PASSED] - click: Object: 'Object Repository/PharmacyRequest/Page_KDMC-Pharmacy/button_Add' is clicked on

2018-05-21 12:12:58 - [MESSAGE][PASSED] - Object: 'Object Repository/PharmacyRequest/Page_KDMC-Pharmacy/button_Add' is clicked on

2018-05-21 12:12:58 - [TEST_STEP][PASSED] - selectOptionByIndex: All options with index in [2] are selected on object 'Object Repository/PharmacyRequest/Page_KDMC-Pharmacy/select_--Select--Schedule 1Inj'

2018-05-21 12:12:58 - [MESSAGE][PASSED] - All options with index in [2] are selected on object 'Object Repository/PharmacyRequest/Page_KDMC-Pharmacy/select_--Select--Schedule 1Inj'

2018-05-21 12:12:58 - [TEST_STEP][PASSED] - selectOptionByIndex: All options with index in [18] are selected on object 'Object Repository/PharmacyRequest/Page_KDMC-Pharmacy/select_--Select--Albendazole'

2018-05-21 12:12:58 - [MESSAGE][PASSED] - All options with index in [18] are selected on object 'Object Repository/PharmacyRequest/Page_KDMC-Pharmacy/select_--Select--Albendazole'

2018-05-21 12:12:58 - [TEST_STEP][PASSED] - delay: Delayed 1 second(s)

2018-05-21 12:12:59 - [MESSAGE][PASSED] - Delayed 1 second(s)

2018-05-21 12:12:59 - [TEST_STEP][PASSED] - setText: Text '10' is set on object 'Object Repository/PharmacyRequest/Page_KDMC-Pharmacy/input_txttreat'

2018-05-21 12:12:59 - [MESSAGE][PASSED] - Text '10' is set on object 'Object Repository/PharmacyRequest/Page_KDMC-Pharmacy/input_txttreat'

2018-05-21 12:12:59 - [TEST_STEP][PASSED] - click: Object: 'Object Repository/PharmacyRequest/Page_KDMC-Pharmacy/button_Add' is clicked on

2018-05-21 12:12:59 - [MESSAGE][PASSED] - Object: 'Object Repository/PharmacyRequest/Page_KDMC-Pharmacy/button_Add' is clicked on

2018-05-21 12:12:59 - [TEST_STEP][PASSED] - selectOptionByIndex: All options with index in [2] are selected on object 'Object Repository/PharmacyRequest/Page_KDMC-Pharmacy/select_--Select--Schedule 1Inj'

2018-05-21 12:13:00 - [MESSAGE][PASSED] - All options with index in [2] are selected on object 'Object Repository/PharmacyRequest/Page_KDMC-Pharmacy/select_--Select--Schedule 1Inj'

2018-05-21 12:13:00 - [TEST_STEP][PASSED] - selectOptionByIndex: All options with index in [19] are selected on object 'Object Repository/PharmacyRequest/Page_KDMC-Pharmacy/select_--Select--Albendazole'

2018-05-21 12:13:00 - [MESSAGE][PASSED] - All options with index in [19] are selected on object 'Object Repository/PharmacyRequest/Page_KDMC-Pharmacy/select_--Select--Albendazole'

2018-05-21 12:13:00 - [TEST_STEP][PASSED] - delay: Delayed 1 second(s)

2018-05-21 12:13:01 - [MESSAGE][PASSED] - Delayed 1 second(s)

2018-05-21 12:13:01 - [TEST_STEP][PASSED] - setText: Text '10' is set on object 'Object Repository/PharmacyRequest/Page_KDMC-Pharmacy/input_txttreat'

2018-05-21 12:13:01 - [MESSAGE][PASSED] - Text '10' is set on object 'Object Repository/PharmacyRequest/Page_KDMC-Pharmacy/input_txttreat'

2018-05-21 12:13:01 - [TEST_STEP][PASSED] - click: Object: 'Object Repository/PharmacyRequest/Page_KDMC-Pharmacy/button_Add' is clicked on

2018-05-21 12:13:01 - [MESSAGE][PASSED] - Object: 'Object Repository/PharmacyRequest/Page_KDMC-Pharmacy/button_Add' is clicked on

2018-05-21 12:13:01 - [TEST_STEP][PASSED] - selectOptionByIndex: All options with index in [2] are selected on object 'Object Repository/PharmacyRequest/Page_KDMC-Pharmacy/select_--Select--Schedule 1Inj'

2018-05-21 12:13:01 - [MESSAGE][PASSED] - All options with index in [2] are selected on object 'Object Repository/PharmacyRequest/Page_KDMC-Pharmacy/select_--Select--Schedule 1Inj'

2018-05-21 12:13:01 - [TEST_STEP][PASSED] - selectOptionByIndex: All options with index in [20] are selected on object 'Object Repository/PharmacyRequest/Page_KDMC-Pharmacy/select_--Select--Albendazole'

2018-05-21 12:13:01 - [MESSAGE][PASSED] - All options with index in [20] are selected on object 'Object Repository/PharmacyRequest/Page_KDMC-Pharmacy/select_--Select--Albendazole'

2018-05-21 12:13:01 - [TEST_STEP][PASSED] - delay: Delayed 1 second(s)

2018-05-21 12:13:02 - [MESSAGE][PASSED] - Delayed 1 second(s)

2018-05-21 12:13:02 - [TEST_STEP][PASSED] - setText: Text '10' is set on object 'Object Repository/PharmacyRequest/Page_KDMC-Pharmacy/input_txttreat'

2018-05-21 12:13:03 - [MESSAGE][PASSED] - Text '10' is set on object 'Object Repository/PharmacyRequest/Page_KDMC-Pharmacy/input_txttreat'

2018-05-21 12:13:03 - [TEST_STEP][PASSED] - click: Object: 'Object Repository/PharmacyRequest/Page_KDMC-Pharmacy/button_Add' is clicked on

2018-05-21 12:13:03 - [MESSAGE][PASSED] - Object: 'Object Repository/PharmacyRequest/Page_KDMC-Pharmacy/button_Add' is clicked on

2018-05-21 12:13:03 - [TEST_STEP][PASSED] - selectOptionByIndex: All options with index in [2] are selected on object 'Object Repository/PharmacyRequest/Page_KDMC-Pharmacy/select_--Select--Schedule 1Inj'

2018-05-21 12:13:03 - [MESSAGE][PASSED] - All options with index in [2] are selected on object 'Object Repository/PharmacyRequest/Page_KDMC-Pharmacy/select_--Select--Schedule 1Inj'

2018-05-21 12:13:03 - [TEST_STEP][PASSED] - selectOptionByIndex: All options with index in [21] are selected on object 'Object Repository/PharmacyRequest/Page_KDMC-Pharmacy/select_--Select--Albendazole'

2018-05-21 12:13:03 - [MESSAGE][PASSED] - All options with index in [21] are selected on object 'Object Repository/PharmacyRequest/Page_KDMC-Pharmacy/select_--Select--Albendazole'

2018-05-21 12:13:03 - [TEST_STEP][PASSED] - delay: Delayed 1 second(s)

2018-05-21 12:13:04 - [MESSAGE][PASSED] - Delayed 1 second(s)

2018-05-21 12:13:04 - [TEST_STEP][PASSED] - setText: Text '10' is set on object 'Object Repository/PharmacyRequest/Page_KDMC-Pharmacy/input_txttreat'

2018-05-21 12:13:04 - [MESSAGE][PASSED] - Text '10' is set on object 'Object Repository/PharmacyRequest/Page_KDMC-Pharmacy/input_txttreat'

2018-05-21 12:13:04 - [TEST_STEP][PASSED] - click: Object: 'Object Repository/PharmacyRequest/Page_KDMC-Pharmacy/button_Add' is clicked on

2018-05-21 12:13:04 - [MESSAGE][PASSED] - Object: 'Object Repository/PharmacyRequest/Page_KDMC-Pharmacy/button_Add' is clicked on

2018-05-21 12:13:04 - [TEST_STEP][PASSED] - selectOptionByIndex: All options with index in [2] are selected on object 'Object Repository/PharmacyRequest/Page_KDMC-Pharmacy/select_--Select--Schedule 1Inj'

2018-05-21 12:13:04 - [MESSAGE][PASSED] - All options with index in [2] are selected on object 'Object Repository/PharmacyRequest/Page_KDMC-Pharmacy/select_--Select--Schedule 1Inj'

2018-05-21 12:13:04 - [TEST_STEP][PASSED] - selectOptionByIndex: All options with index in [22] are selected on object 'Object Repository/PharmacyRequest/Page_KDMC-Pharmacy/select_--Select--Albendazole'

2018-05-21 12:13:05 - [MESSAGE][PASSED] - All options with index in [22] are selected on object 'Object Repository/PharmacyRequest/Page_KDMC-Pharmacy/select_--Select--Albendazole'

2018-05-21 12:13:05 - [TEST_STEP][PASSED] - delay: Delayed 1 second(s)

2018-05-21 12:13:06 - [MESSAGE][PASSED] - Delayed 1 second(s)

2018-05-21 12:13:06 - [TEST_STEP][PASSED] - setText: Text '10' is set on object 'Object Repository/PharmacyRequest/Page_KDMC-Pharmacy/input_txttreat'

2018-05-21 12:13:06 - [MESSAGE][PASSED] - Text '10' is set on object 'Object Repository/PharmacyRequest/Page_KDMC-Pharmacy/input_txttreat'

2018-05-21 12:13:06 - [TEST_STEP][PASSED] - click: Object: 'Object Repository/PharmacyRequest/Page_KDMC-Pharmacy/button_Add' is clicked on

2018-05-21 12:13:06 - [MESSAGE][PASSED] - Object: 'Object Repository/PharmacyRequest/Page_KDMC-Pharmacy/button_Add' is clicked on

2018-05-21 12:13:06 - [TEST_STEP][PASSED] - selectOptionByIndex: All options with index in [2] are selected on object 'Object Repository/PharmacyRequest/Page_KDMC-Pharmacy/select_--Select--Schedule 1Inj'

2018-05-21 12:13:06 - [MESSAGE][PASSED] - All options with index in [2] are selected on object 'Object Repository/PharmacyRequest/Page_KDMC-Pharmacy/select_--Select--Schedule 1Inj'

2018-05-21 12:13:06 - [TEST_STEP][PASSED] - selectOptionByIndex: All options with index in [23] are selected on object 'Object Repository/PharmacyRequest/Page_KDMC-Pharmacy/select_--Select--Albendazole'

2018-05-21 12:13:06 - [MESSAGE][PASSED] - All options with index in [23] are selected on object 'Object Repository/PharmacyRequest/Page_KDMC-Pharmacy/select_--Select--Albendazole'

2018-05-21 12:13:06 - [TEST_STEP][PASSED] - delay: Delayed 1 second(s)

2018-05-21 12:13:07 - [MESSAGE][PASSED] - Delayed 1 second(s)

2018-05-21 12:13:07 - [TEST_STEP][PASSED] - setText: Text '10' is set on object 'Object Repository/PharmacyRequest/Page_KDMC-Pharmacy/input_txttreat'

2018-05-21 12:13:08 - [MESSAGE][PASSED] - Text '10' is set on object 'Object Repository/PharmacyRequest/Page_KDMC-Pharmacy/input_txttreat'

2018-05-21 12:13:08 - [TEST_STEP][PASSED] - click: Object: 'Object Repository/PharmacyRequest/Page_KDMC-Pharmacy/button_Add' is clicked on

2018-05-21 12:13:08 - [MESSAGE][PASSED] - Object: 'Object Repository/PharmacyRequest/Page_KDMC-Pharmacy/button_Add' is clicked on

2018-05-21 12:13:08 - [TEST_STEP][PASSED] - selectOptionByIndex: All options with index in [2] are selected on object 'Object Repository/PharmacyRequest/Page_KDMC-Pharmacy/select_--Select--Schedule 1Inj'

2018-05-21 12:13:08 - [MESSAGE][PASSED] - All options with index in [2] are selected on object 'Object Repository/PharmacyRequest/Page_KDMC-Pharmacy/select_--Select--Schedule 1Inj'

2018-05-21 12:13:08 - [TEST_STEP][PASSED] - selectOptionByIndex: All options with index in [24] are selected on object 'Object Repository/PharmacyRequest/Page_KDMC-Pharmacy/select_--Select--Albendazole'

2018-05-21 12:13:08 - [MESSAGE][PASSED] - All options with index in [24] are selected on object 'Object Repository/PharmacyRequest/Page_KDMC-Pharmacy/select_--Select--Albendazole'

2018-05-21 12:13:08 - [TEST_STEP][PASSED] - delay: Delayed 1 second(s)

2018-05-21 12:13:09 - [MESSAGE][PASSED] - Delayed 1 second(s)

2018-05-21 12:13:09 - [TEST_STEP][PASSED] - setText: Text '10' is set on object 'Object Repository/PharmacyRequest/Page_KDMC-Pharmacy/input_txttreat'

2018-05-21 12:13:09 - [MESSAGE][PASSED] - Text '10' is set on object 'Object Repository/PharmacyRequest/Page_KDMC-Pharmacy/input_txttreat'

2018-05-21 12:13:09 - [TEST_STEP][PASSED] - click: Object: 'Object Repository/PharmacyRequest/Page_KDMC-Pharmacy/button_Add' is clicked on

2018-05-21 12:13:09 - [MESSAGE][PASSED] - Object: 'Object Repository/PharmacyRequest/Page_KDMC-Pharmacy/button_Add' is clicked on

2018-05-21 12:13:09 - [TEST_STEP][PASSED] - selectOptionByIndex: All options with index in [2] are selected on object 'Object Repository/PharmacyRequest/Page_KDMC-Pharmacy/select_--Select--Schedule 1Inj'

2018-05-21 12:13:09 - [MESSAGE][PASSED] - All options with index in [2] are selected on object 'Object Repository/PharmacyRequest/Page_KDMC-Pharmacy/select_--Select--Schedule 1Inj'

2018-05-21 12:13:09 - [TEST_STEP][PASSED] - selectOptionByIndex: All options with index in [25] are selected on object 'Object Repository/PharmacyRequest/Page_KDMC-Pharmacy/select_--Select--Albendazole'

2018-05-21 12:13:10 - [MESSAGE][PASSED] - All options with index in [25] are selected on object 'Object Repository/PharmacyRequest/Page_KDMC-Pharmacy/select_--Select--Albendazole'

2018-05-21 12:13:10 - [TEST_STEP][PASSED] - delay: Delayed 1 second(s)

2018-05-21 12:13:11 - [MESSAGE][PASSED] - Delayed 1 second(s)

2018-05-21 12:13:11 - [TEST_STEP][PASSED] - setText: Text '10' is set on object 'Object Repository/PharmacyRequest/Page_KDMC-Pharmacy/input_txttreat'

2018-05-21 12:13:11 - [MESSAGE][PASSED] - Text '10' is set on object 'Object Repository/PharmacyRequest/Page_KDMC-Pharmacy/input_txttreat'

2018-05-21 12:13:11 - [TEST_STEP][PASSED] - click: Object: 'Object Repository/PharmacyRequest/Page_KDMC-Pharmacy/button_Add' is clicked on

2018-05-21 12:13:11 - [MESSAGE][PASSED] - Object: 'Object Repository/PharmacyRequest/Page_KDMC-Pharmacy/button_Add' is clicked on

2018-05-21 12:13:11 - [TEST_STEP][PASSED] - selectOptionByIndex: All options with index in [2] are selected on object 'Object Repository/PharmacyRequest/Page_KDMC-Pharmacy/select_--Select--Schedule 1Inj'

2018-05-21 12:13:11 - [MESSAGE][PASSED] - All options with index in [2] are selected on object 'Object Repository/PharmacyRequest/Page_KDMC-Pharmacy/select_--Select--Schedule 1Inj'

2018-05-21 12:13:11 - [TEST_STEP][PASSED] - selectOptionByIndex: All options with index in [26] are selected on object 'Object Repository/PharmacyRequest/Page_KDMC-Pharmacy/select_--Select--Albendazole'

2018-05-21 12:13:12 - [MESSAGE][PASSED] - All options with index in [26] are selected on object 'Object Repository/PharmacyRequest/Page_KDMC-Pharmacy/select_--Select--Albendazole'

2018-05-21 12:13:12 - [TEST_STEP][PASSED] - delay: Delayed 1 second(s)

2018-05-21 12:13:13 - [MESSAGE][PASSED] - Delayed 1 second(s)

2018-05-21 12:13:13 - [TEST_STEP][PASSED] - setText: Text '10' is set on object 'Object Repository/PharmacyRequest/Page_KDMC-Pharmacy/input_txttreat'

2018-05-21 12:13:13 - [MESSAGE][PASSED] - Text '10' is set on object 'Object Repository/PharmacyRequest/Page_KDMC-Pharmacy/input_txttreat'

2018-05-21 12:13:13 - [TEST_STEP][PASSED] - click: Object: 'Object Repository/PharmacyRequest/Page_KDMC-Pharmacy/button_Add' is clicked on

2018-05-21 12:13:13 - [MESSAGE][PASSED] - Object: 'Object Repository/PharmacyRequest/Page_KDMC-Pharmacy/button_Add' is clicked on

2018-05-21 12:13:13 - [TEST_STEP][PASSED] - selectOptionByIndex: All options with index in [2] are selected on object 'Object Repository/PharmacyRequest/Page_KDMC-Pharmacy/select_--Select--Schedule 1Inj'

2018-05-21 12:13:13 - [MESSAGE][PASSED] - All options with index in [2] are selected on object 'Object Repository/PharmacyRequest/Page_KDMC-Pharmacy/select_--Select--Schedule 1Inj'

2018-05-21 12:13:13 - [TEST_STEP][PASSED] - selectOptionByIndex: All options with index in [27] are selected on object 'Object Repository/PharmacyRequest/Page_KDMC-Pharmacy/select_--Select--Albendazole'

2018-05-21 12:13:13 - [MESSAGE][PASSED] - All options with index in [27] are selected on object 'Object Repository/PharmacyRequest/Page_KDMC-Pharmacy/select_--Select--Albendazole'

2018-05-21 12:13:13 - [TEST_STEP][PASSED] - delay: Delayed 1 second(s)

2018-05-21 12:13:14 - [MESSAGE][PASSED] - Delayed 1 second(s)

2018-05-21 12:13:14 - [TEST_STEP][PASSED] - setText: Text '10' is set on object 'Object Repository/PharmacyRequest/Page_KDMC-Pharmacy/input_txttreat'

2018-05-21 12:13:14 - [MESSAGE][PASSED] - Text '10' is set on object 'Object Repository/PharmacyRequest/Page_KDMC-Pharmacy/input_txttreat'

2018-05-21 12:13:14 - [TEST_STEP][PASSED] - click: Object: 'Object Repository/PharmacyRequest/Page_KDMC-Pharmacy/button_Add' is clicked on

2018-05-21 12:13:14 - [MESSAGE][PASSED] - Object: 'Object Repository/PharmacyRequest/Page_KDMC-Pharmacy/button_Add' is clicked on

2018-05-21 12:13:14 - [TEST_STEP][PASSED] - selectOptionByIndex: All options with index in [2] are selected on object 'Object Repository/PharmacyRequest/Page_KDMC-Pharmacy/select_--Select--Schedule 1Inj'

2018-05-21 12:13:14 - [MESSAGE][PASSED] - All options with index in [2] are selected on object 'Object Repository/PharmacyRequest/Page_KDMC-Pharmacy/select_--Select--Schedule 1Inj'

2018-05-21 12:13:14 - [TEST_STEP][PASSED] - selectOptionByIndex: All options with index in [28] are selected on object 'Object Repository/PharmacyRequest/Page_KDMC-Pharmacy/select_--Select--Albendazole'

2018-05-21 12:13:15 - [MESSAGE][PASSED] - All options with index in [28] are selected on object 'Object Repository/PharmacyRequest/Page_KDMC-Pharmacy/select_--Select--Albendazole'

2018-05-21 12:13:15 - [TEST_STEP][PASSED] - delay: Delayed 1 second(s)

2018-05-21 12:13:16 - [MESSAGE][PASSED] - Delayed 1 second(s)

2018-05-21 12:13:16 - [TEST_STEP][PASSED] - setText: Text '10' is set on object 'Object Repository/PharmacyRequest/Page_KDMC-Pharmacy/input_txttreat'

2018-05-21 12:13:16 - [MESSAGE][PASSED] - Text '10' is set on object 'Object Repository/PharmacyRequest/Page_KDMC-Pharmacy/input_txttreat'

2018-05-21 12:13:16 - [TEST_STEP][PASSED] - click: Object: 'Object Repository/PharmacyRequest/Page_KDMC-Pharmacy/button_Add' is clicked on

2018-05-21 12:13:16 - [MESSAGE][PASSED] - Object: 'Object Repository/PharmacyRequest/Page_KDMC-Pharmacy/button_Add' is clicked on

2018-05-21 12:13:16 - [TEST_STEP][PASSED] - selectOptionByIndex: All options with index in [2] are selected on object 'Object Repository/PharmacyRequest/Page_KDMC-Pharmacy/select_--Select--Schedule 1Inj'

2018-05-21 12:13:16 - [MESSAGE][PASSED] - All options with index in [2] are selected on object 'Object Repository/PharmacyRequest/Page_KDMC-Pharmacy/select_--Select--Schedule 1Inj'

2018-05-21 12:13:16 - [TEST_STEP][PASSED] - selectOptionByIndex: All options with index in [29] are selected on object 'Object Repository/PharmacyRequest/Page_KDMC-Pharmacy/select_--Select--Albendazole'

2018-05-21 12:13:17 - [MESSAGE][PASSED] - All options with index in [29] are selected on object 'Object Repository/PharmacyRequest/Page_KDMC-Pharmacy/select_--Select--Albendazole'

2018-05-21 12:13:17 - [TEST_STEP][PASSED] - delay: Delayed 1 second(s)

2018-05-21 12:13:18 - [MESSAGE][PASSED] - Delayed 1 second(s)

2018-05-21 12:13:18 - [TEST_STEP][PASSED] - setText: Text '10' is set on object 'Object Repository/PharmacyRequest/Page_KDMC-Pharmacy/input_txttreat'

2018-05-21 12:13:18 - [MESSAGE][PASSED] - Text '10' is set on object 'Object Repository/PharmacyRequest/Page_KDMC-Pharmacy/input_txttreat'

2018-05-21 12:13:18 - [TEST_STEP][PASSED] - click: Object: 'Object Repository/PharmacyRequest/Page_KDMC-Pharmacy/button_Add' is clicked on

2018-05-21 12:13:18 - [MESSAGE][PASSED] - Object: 'Object Repository/PharmacyRequest/Page_KDMC-Pharmacy/button_Add' is clicked on

2018-05-21 12:13:18 - [TEST_STEP][PASSED] - selectOptionByIndex: All options with index in [2] are selected on object 'Object Repository/PharmacyRequest/Page_KDMC-Pharmacy/select_--Select--Schedule 1Inj'

2018-05-21 12:13:18 - [MESSAGE][PASSED] - All options with index in [2] are selected on object 'Object Repository/PharmacyRequest/Page_KDMC-Pharmacy/select_--Select--Schedule 1Inj'

2018-05-21 12:13:18 - [TEST_STEP][PASSED] - selectOptionByIndex: All options with index in [30] are selected on object 'Object Repository/PharmacyRequest/Page_KDMC-Pharmacy/select_--Select--Albendazole'

2018-05-21 12:13:18 - [MESSAGE][PASSED] - All options with index in [30] are selected on object 'Object Repository/PharmacyRequest/Page_KDMC-Pharmacy/select_--Select--Albendazole'

2018-05-21 12:13:18 - [TEST_STEP][PASSED] - delay: Delayed 1 second(s)

2018-05-21 12:13:19 - [MESSAGE][PASSED] - Delayed 1 second(s)

2018-05-21 12:13:19 - [TEST_STEP][PASSED] - setText: Text '10' is set on object 'Object Repository/PharmacyRequest/Page_KDMC-Pharmacy/input_txttreat'

2018-05-21 12:13:19 - [MESSAGE][PASSED] - Text '10' is set on object 'Object Repository/PharmacyRequest/Page_KDMC-Pharmacy/input_txttreat'

2018-05-21 12:13:19 - [TEST_STEP][PASSED] - click: Object: 'Object Repository/PharmacyRequest/Page_KDMC-Pharmacy/button_Add' is clicked on

2018-05-21 12:13:20 - [MESSAGE][PASSED] - Object: 'Object Repository/PharmacyRequest/Page_KDMC-Pharmacy/button_Add' is clicked on

2018-05-21 12:13:20 - [TEST_STEP][PASSED] - selectOptionByIndex: All options with index in [2] are selected on object 'Object Repository/PharmacyRequest/Page_KDMC-Pharmacy/select_--Select--Schedule 1Inj'

2018-05-21 12:13:20 - [MESSAGE][PASSED] - All options with index in [2] are selected on object 'Object Repository/PharmacyRequest/Page_KDMC-Pharmacy/select_--Select--Schedule 1Inj'

2018-05-21 12:13:20 - [TEST_STEP][PASSED] - selectOptionByIndex: All options with index in [31] are selected on object 'Object Repository/PharmacyRequest/Page_KDMC-Pharmacy/select_--Select--Albendazole'

2018-05-21 12:13:20 - [MESSAGE][PASSED] - All options with index in [31] are selected on object 'Object Repository/PharmacyRequest/Page_KDMC-Pharmacy/select_--Select--Albendazole'

2018-05-21 12:13:20 - [TEST_STEP][PASSED] - delay: Delayed 1 second(s)

2018-05-21 12:13:21 - [MESSAGE][PASSED] - Delayed 1 second(s)

2018-05-21 12:13:21 - [TEST_STEP][PASSED] - setText: Text '10' is set on object 'Object Repository/PharmacyRequest/Page_KDMC-Pharmacy/input_txttreat'

2018-05-21 12:13:21 - [MESSAGE][PASSED] - Text '10' is set on object 'Object Repository/PharmacyRequest/Page_KDMC-Pharmacy/input_txttreat'

2018-05-21 12:13:21 - [TEST_STEP][PASSED] - click: Object: 'Object Repository/PharmacyRequest/Page_KDMC-Pharmacy/button_Add' is clicked on

2018-05-21 12:13:21 - [MESSAGE][PASSED] - Object: 'Object Repository/PharmacyRequest/Page_KDMC-Pharmacy/button_Add' is clicked on

2018-05-21 12:13:21 - [TEST_STEP][PASSED] - selectOptionByIndex: All options with index in [2] are selected on object 'Object Repository/PharmacyRequest/Page_KDMC-Pharmacy/select_--Select--Schedule 1Inj'

2018-05-21 12:13:21 - [MESSAGE][PASSED] - All options with index in [2] are selected on object 'Object Repository/PharmacyRequest/Page_KDMC-Pharmacy/select_--Select--Schedule 1Inj'

2018-05-21 12:13:21 - [TEST_STEP][PASSED] - selectOptionByIndex: All options with index in [32] are selected on object 'Object Repository/PharmacyRequest/Page_KDMC-Pharmacy/select_--Select--Albendazole'

2018-05-21 12:13:22 - [MESSAGE][PASSED] - All options with index in [32] are selected on object 'Object Repository/PharmacyRequest/Page_KDMC-Pharmacy/select_--Select--Albendazole'

2018-05-21 12:13:22 - [TEST_STEP][PASSED] - delay: Delayed 1 second(s)

2018-05-21 12:13:23 - [MESSAGE][PASSED] - Delayed 1 second(s)

2018-05-21 12:13:23 - [TEST_STEP][PASSED] - setText: Text '10' is set on object 'Object Repository/PharmacyRequest/Page_KDMC-Pharmacy/input_txttreat'

2018-05-21 12:13:23 - [MESSAGE][PASSED] - Text '10' is set on object 'Object Repository/PharmacyRequest/Page_KDMC-Pharmacy/input_txttreat'

2018-05-21 12:13:23 - [TEST_STEP][PASSED] - click: Object: 'Object Repository/PharmacyRequest/Page_KDMC-Pharmacy/button_Add' is clicked on

2018-05-21 12:13:23 - [MESSAGE][PASSED] - Object: 'Object Repository/PharmacyRequest/Page_KDMC-Pharmacy/button_Add' is clicked on

2018-05-21 12:13:23 - [TEST_STEP][PASSED] - selectOptionByIndex: All options with index in [2] are selected on object 'Object Repository/PharmacyRequest/Page_KDMC-Pharmacy/select_--Select--Schedule 1Inj'

2018-05-21 12:13:23 - [MESSAGE][PASSED] - All options with index in [2] are selected on object 'Object Repository/PharmacyRequest/Page_KDMC-Pharmacy/select_--Select--Schedule 1Inj'

2018-05-21 12:13:23 - [TEST_STEP][PASSED] - selectOptionByIndex: All options with index in [33] are selected on object 'Object Repository/PharmacyRequest/Page_KDMC-Pharmacy/select_--Select--Albendazole'

2018-05-21 12:13:24 - [MESSAGE][PASSED] - All options with index in [33] are selected on object 'Object Repository/PharmacyRequest/Page_KDMC-Pharmacy/select_--Select--Albendazole'

2018-05-21 12:13:24 - [TEST_STEP][PASSED] - delay: Delayed 1 second(s)

2018-05-21 12:13:25 - [MESSAGE][PASSED] - Delayed 1 second(s)

2018-05-21 12:13:25 - [TEST_STEP][PASSED] - setText: Text '10' is set on object 'Object Repository/PharmacyRequest/Page_KDMC-Pharmacy/input_txttreat'

2018-05-21 12:13:25 - [MESSAGE][PASSED] - Text '10' is set on object 'Object Repository/PharmacyRequest/Page_KDMC-Pharmacy/input_txttreat'

2018-05-21 12:13:25 - [TEST_STEP][PASSED] - click: Object: 'Object Repository/PharmacyRequest/Page_KDMC-Pharmacy/button_Add' is clicked on

2018-05-21 12:13:25 - [MESSAGE][PASSED] - Object: 'Object Repository/PharmacyRequest/Page_KDMC-Pharmacy/button_Add' is clicked on

2018-05-21 12:13:25 - [TEST_STEP][PASSED] - selectOptionByIndex: All options with index in [2] are selected on object 'Object Repository/PharmacyRequest/Page_KDMC-Pharmacy/select_--Select--Schedule 1Inj'

2018-05-21 12:13:25 - [MESSAGE][PASSED] - All options with index in [2] are selected on object 'Object Repository/PharmacyRequest/Page_KDMC-Pharmacy/select_--Select--Schedule 1Inj'

2018-05-21 12:13:25 - [TEST_STEP][PASSED] - selectOptionByIndex: All options with index in [34] are selected on object 'Object Repository/PharmacyRequest/Page_KDMC-Pharmacy/select_--Select--Albendazole'

2018-05-21 12:13:25 - [MESSAGE][PASSED] - All options with index in [34] are selected on object 'Object Repository/PharmacyRequest/Page_KDMC-Pharmacy/select_--Select--Albendazole'

2018-05-21 12:13:25 - [TEST_STEP][PASSED] - delay: Delayed 1 second(s)

2018-05-21 12:13:26 - [MESSAGE][PASSED] - Delayed 1 second(s)

2018-05-21 12:13:26 - [TEST_STEP][PASSED] - setText: Text '10' is set on object 'Object Repository/PharmacyRequest/Page_KDMC-Pharmacy/input_txttreat'

2018-05-21 12:13:26 - [MESSAGE][PASSED] - Text '10' is set on object 'Object Repository/PharmacyRequest/Page_KDMC-Pharmacy/input_txttreat'

2018-05-21 12:13:26 - [TEST_STEP][PASSED] - click: Object: 'Object Repository/PharmacyRequest/Page_KDMC-Pharmacy/button_Add' is clicked on

2018-05-21 12:13:26 - [MESSAGE][PASSED] - Object: 'Object Repository/PharmacyRequest/Page_KDMC-Pharmacy/button_Add' is clicked on

2018-05-21 12:13:26 - [TEST_STEP][PASSED] - selectOptionByIndex: All options with index in [2] are selected on object 'Object Repository/PharmacyRequest/Page_KDMC-Pharmacy/select_--Select--Schedule 1Inj'

2018-05-21 12:13:27 - [MESSAGE][PASSED] - All options with index in [2] are selected on object 'Object Repository/PharmacyRequest/Page_KDMC-Pharmacy/select_--Select--Schedule 1Inj'

2018-05-21 12:13:27 - [TEST_STEP][PASSED] - selectOptionByIndex: All options with index in [35] are selected on object 'Object Repository/PharmacyRequest/Page_KDMC-Pharmacy/select_--Select--Albendazole'

2018-05-21 12:13:27 - [MESSAGE][PASSED] - All options with index in [35] are selected on object 'Object Repository/PharmacyRequest/Page_KDMC-Pharmacy/select_--Select--Albendazole'

2018-05-21 12:13:27 - [TEST_STEP][PASSED] - delay: Delayed 1 second(s)

2018-05-21 12:13:28 - [MESSAGE][PASSED] - Delayed 1 second(s)

2018-05-21 12:13:28 - [TEST_STEP][PASSED] - setText: Text '10' is set on object 'Object Repository/PharmacyRequest/Page_KDMC-Pharmacy/input_txttreat'

2018-05-21 12:13:28 - [MESSAGE][PASSED] - Text '10' is set on object 'Object Repository/PharmacyRequest/Page_KDMC-Pharmacy/input_txttreat'

2018-05-21 12:13:28 - [TEST_STEP][PASSED] - click: Object: 'Object Repository/PharmacyRequest/Page_KDMC-Pharmacy/button_Add' is clicked on

2018-05-21 12:13:28 - [MESSAGE][PASSED] - Object: 'Object Repository/PharmacyRequest/Page_KDMC-Pharmacy/button_Add' is clicked on

2018-05-21 12:13:28 - [TEST_STEP][PASSED] - selectOptionByIndex: All options with index in [2] are selected on object 'Object Repository/PharmacyRequest/Page_KDMC-Pharmacy/select_--Select--Schedule 1Inj'

2018-05-21 12:13:28 - [MESSAGE][PASSED] - All options with index in [2] are selected on object 'Object Repository/PharmacyRequest/Page_KDMC-Pharmacy/select_--Select--Schedule 1Inj'

2018-05-21 12:13:28 - [TEST_STEP][PASSED] - selectOptionByIndex: All options with index in [36] are selected on object 'Object Repository/PharmacyRequest/Page_KDMC-Pharmacy/select_--Select--Albendazole'

2018-05-21 12:13:29 - [MESSAGE][PASSED] - All options with index in [36] are selected on object 'Object Repository/PharmacyRequest/Page_KDMC-Pharmacy/select_--Select--Albendazole'

2018-05-21 12:13:29 - [TEST_STEP][PASSED] - delay: Delayed 1 second(s)

2018-05-21 12:13:30 - [MESSAGE][PASSED] - Delayed 1 second(s)

2018-05-21 12:13:30 - [TEST_STEP][PASSED] - setText: Text '10' is set on object 'Object Repository/PharmacyRequest/Page_KDMC-Pharmacy/input_txttreat'

2018-05-21 12:13:30 - [MESSAGE][PASSED] - Text '10' is set on object 'Object Repository/PharmacyRequest/Page_KDMC-Pharmacy/input_txttreat'

2018-05-21 12:13:30 - [TEST_STEP][PASSED] - click: Object: 'Object Repository/PharmacyRequest/Page_KDMC-Pharmacy/button_Add' is clicked on

2018-05-21 12:13:30 - [MESSAGE][PASSED] - Object: 'Object Repository/PharmacyRequest/Page_KDMC-Pharmacy/button_Add' is clicked on

2018-05-21 12:13:30 - [TEST_STEP][PASSED] - selectOptionByIndex: All options with index in [2] are selected on object 'Object Repository/PharmacyRequest/Page_KDMC-Pharmacy/select_--Select--Schedule 1Inj'

2018-05-21 12:13:30 - [MESSAGE][PASSED] - All options with index in [2] are selected on object 'Object Repository/PharmacyRequest/Page_KDMC-Pharmacy/select_--Select--Schedule 1Inj'

2018-05-21 12:13:30 - [TEST_STEP][PASSED] - selectOptionByIndex: All options with index in [37] are selected on object 'Object Repository/PharmacyRequest/Page_KDMC-Pharmacy/select_--Select--Albendazole'

2018-05-21 12:13:31 - [MESSAGE][PASSED] - All options with index in [37] are selected on object 'Object Repository/PharmacyRequest/Page_KDMC-Pharmacy/select_--Select--Albendazole'

2018-05-21 12:13:31 - [TEST_STEP][PASSED] - delay: Delayed 1 second(s)

2018-05-21 12:13:32 - [MESSAGE][PASSED] - Delayed 1 second(s)

2018-05-21 12:13:32 - [TEST_STEP][PASSED] - setText: Text '10' is set on object 'Object Repository/PharmacyRequest/Page_KDMC-Pharmacy/input_txttreat'

2018-05-21 12:13:32 - [MESSAGE][PASSED] - Text '10' is set on object 'Object Repository/PharmacyRequest/Page_KDMC-Pharmacy/input_txttreat'

2018-05-21 12:13:32 - [TEST_STEP][PASSED] - click: Object: 'Object Repository/PharmacyRequest/Page_KDMC-Pharmacy/button_Add' is clicked on

2018-05-21 12:13:32 - [MESSAGE][PASSED] - Object: 'Object Repository/PharmacyRequest/Page_KDMC-Pharmacy/button_Add' is clicked on

2018-05-21 12:13:32 - [TEST_STEP][PASSED] - selectOptionByIndex: All options with index in [2] are selected on object 'Object Repository/PharmacyRequest/Page_KDMC-Pharmacy/select_--Select--Schedule 1Inj'

2018-05-21 12:13:32 - [MESSAGE][PASSED] - All options with index in [2] are selected on object 'Object Repository/PharmacyRequest/Page_KDMC-Pharmacy/select_--Select--Schedule 1Inj'

2018-05-21 12:13:32 - [TEST_STEP][PASSED] - selectOptionByIndex: All options with index in [38] are selected on object 'Object Repository/PharmacyRequest/Page_KDMC-Pharmacy/select_--Select--Albendazole'

2018-05-21 12:13:32 - [MESSAGE][PASSED] - All options with index in [38] are selected on object 'Object Repository/PharmacyRequest/Page_KDMC-Pharmacy/select_--Select--Albendazole'

2018-05-21 12:13:32 - [TEST_STEP][PASSED] - delay: Delayed 1 second(s)

2018-05-21 12:13:33 - [MESSAGE][PASSED] - Delayed 1 second(s)

2018-05-21 12:13:33 - [TEST_STEP][PASSED] - setText: Text '10' is set on object 'Object Repository/PharmacyRequest/Page_KDMC-Pharmacy/input_txttreat'

2018-05-21 12:13:34 - [MESSAGE][PASSED] - Text '10' is set on object 'Object Repository/PharmacyRequest/Page_KDMC-Pharmacy/input_txttreat'

2018-05-21 12:13:34 - [TEST_STEP][PASSED] - click: Object: 'Object Repository/PharmacyRequest/Page_KDMC-Pharmacy/button_Add' is clicked on

2018-05-21 12:13:34 - [MESSAGE][PASSED] - Object: 'Object Repository/PharmacyRequest/Page_KDMC-Pharmacy/button_Add' is clicked on

2018-05-21 12:13:34 - [TEST_STEP][PASSED] - selectOptionByIndex: All options with index in [2] are selected on object 'Object Repository/PharmacyRequest/Page_KDMC-Pharmacy/select_--Select--Schedule 1Inj'

2018-05-21 12:13:34 - [MESSAGE][PASSED] - All options with index in [2] are selected on object 'Object Repository/PharmacyRequest/Page_KDMC-Pharmacy/select_--Select--Schedule 1Inj'

2018-05-21 12:13:34 - [TEST_STEP][PASSED] - selectOptionByIndex: All options with index in [39] are selected on object 'Object Repository/PharmacyRequest/Page_KDMC-Pharmacy/select_--Select--Albendazole'

2018-05-21 12:13:34 - [MESSAGE][PASSED] - All options with index in [39] are selected on object 'Object Repository/PharmacyRequest/Page_KDMC-Pharmacy/select_--Select--Albendazole'

2018-05-21 12:13:34 - [TEST_STEP][PASSED] - delay: Delayed 1 second(s)

2018-05-21 12:13:35 - [MESSAGE][PASSED] - Delayed 1 second(s)

2018-05-21 12:13:35 - [TEST_STEP][PASSED] - setText: Text '10' is set on object 'Object Repository/PharmacyRequest/Page_KDMC-Pharmacy/input_txttreat'

2018-05-21 12:13:35 - [MESSAGE][PASSED] - Text '10' is set on object 'Object Repository/PharmacyRequest/Page_KDMC-Pharmacy/input_txttreat'

2018-05-21 12:13:35 - [TEST_STEP][PASSED] - click: Object: 'Object Repository/PharmacyRequest/Page_KDMC-Pharmacy/button_Add' is clicked on

2018-05-21 12:13:35 - [MESSAGE][PASSED] - Object: 'Object Repository/PharmacyRequest/Page_KDMC-Pharmacy/button_Add' is clicked on

2018-05-21 12:13:35 - [TEST_STEP][PASSED] - selectOptionByIndex: All options with index in [2] are selected on object 'Object Repository/PharmacyRequest/Page_KDMC-Pharmacy/select_--Select--Schedule 1Inj'

2018-05-21 12:13:36 - [MESSAGE][PASSED] - All options with index in [2] are selected on object 'Object Repository/PharmacyRequest/Page_KDMC-Pharmacy/select_--Select--Schedule 1Inj'

2018-05-21 12:13:36 - [TEST_STEP][PASSED] - selectOptionByIndex: All options with index in [40] are selected on object 'Object Repository/PharmacyRequest/Page_KDMC-Pharmacy/select_--Select--Albendazole'

2018-05-21 12:13:36 - [MESSAGE][PASSED] - All options with index in [40] are selected on object 'Object Repository/PharmacyRequest/Page_KDMC-Pharmacy/select_--Select--Albendazole'

2018-05-21 12:13:36 - [TEST_STEP][PASSED] - delay: Delayed 1 second(s)

2018-05-21 12:13:37 - [MESSAGE][PASSED] - Delayed 1 second(s)

2018-05-21 12:13:37 - [TEST_STEP][PASSED] - setText: Text '10' is set on object 'Object Repository/PharmacyRequest/Page_KDMC-Pharmacy/input_txttreat'

2018-05-21 12:13:37 - [MESSAGE][PASSED] - Text '10' is set on object 'Object Repository/PharmacyRequest/Page_KDMC-Pharmacy/input_txttreat'

2018-05-21 12:13:37 - [TEST_STEP][PASSED] - click: Object: 'Object Repository/PharmacyRequest/Page_KDMC-Pharmacy/button_Add' is clicked on

2018-05-21 12:13:37 - [MESSAGE][PASSED] - Object: 'Object Repository/PharmacyRequest/Page_KDMC-Pharmacy/button_Add' is clicked on

2018-05-21 12:13:37 - [TEST_STEP][PASSED] - selectOptionByIndex: All options with index in [2] are selected on object 'Object Repository/PharmacyRequest/Page_KDMC-Pharmacy/select_--Select--Schedule 1Inj'

2018-05-21 12:13:38 - [MESSAGE][PASSED] - All options with index in [2] are selected on object 'Object Repository/PharmacyRequest/Page_KDMC-Pharmacy/select_--Select--Schedule 1Inj'

2018-05-21 12:13:38 - [TEST_STEP][PASSED] - selectOptionByIndex: All options with index in [41] are selected on object 'Object Repository/PharmacyRequest/Page_KDMC-Pharmacy/select_--Select--Albendazole'

2018-05-21 12:13:38 - [MESSAGE][PASSED] - All options with index in [41] are selected on object 'Object Repository/PharmacyRequest/Page_KDMC-Pharmacy/select_--Select--Albendazole'

2018-05-21 12:13:38 - [TEST_STEP][PASSED] - delay: Delayed 1 second(s)

2018-05-21 12:13:39 - [MESSAGE][PASSED] - Delayed 1 second(s)

2018-05-21 12:13:39 - [TEST_STEP][PASSED] - setText: Text '10' is set on object 'Object Repository/PharmacyRequest/Page_KDMC-Pharmacy/input_txttreat'

2018-05-21 12:13:39 - [MESSAGE][PASSED] - Text '10' is set on object 'Object Repository/PharmacyRequest/Page_KDMC-Pharmacy/input_txttreat'

2018-05-21 12:13:39 - [TEST_STEP][PASSED] - click: Object: 'Object Repository/PharmacyRequest/Page_KDMC-Pharmacy/button_Add' is clicked on

2018-05-21 12:13:39 - [MESSAGE][PASSED] - Object: 'Object Repository/PharmacyRequest/Page_KDMC-Pharmacy/button_Add' is clicked on

2018-05-21 12:13:39 - [TEST_STEP][PASSED] - selectOptionByIndex: All options with index in [2] are selected on object 'Object Repository/PharmacyRequest/Page_KDMC-Pharmacy/select_--Select--Schedule 1Inj'

2018-05-21 12:13:39 - [MESSAGE][PASSED] - All options with index in [2] are selected on object 'Object Repository/PharmacyRequest/Page_KDMC-Pharmacy/select_--Select--Schedule 1Inj'

2018-05-21 12:13:39 - [TEST_STEP][PASSED] - selectOptionByIndex: All options with index in [42] are selected on object 'Object Repository/PharmacyRequest/Page_KDMC-Pharmacy/select_--Select--Albendazole'

2018-05-21 12:13:40 - [MESSAGE][PASSED] - All options with index in [42] are selected on object 'Object Repository/PharmacyRequest/Page_KDMC-Pharmacy/select_--Select--Albendazole'

2018-05-21 12:13:40 - [TEST_STEP][PASSED] - delay: Delayed 1 second(s)

2018-05-21 12:13:41 - [MESSAGE][PASSED] - Delayed 1 second(s)

2018-05-21 12:13:41 - [TEST_STEP][PASSED] - setText: Text '10' is set on object 'Object Repository/PharmacyRequest/Page_KDMC-Pharmacy/input_txttreat'

2018-05-21 12:13:41 - [MESSAGE][PASSED] - Text '10' is set on object 'Object Repository/PharmacyRequest/Page_KDMC-Pharmacy/input_txttreat'

2018-05-21 12:13:41 - [TEST_STEP][PASSED] - click: Object: 'Object Repository/PharmacyRequest/Page_KDMC-Pharmacy/button_Add' is clicked on

2018-05-21 12:13:41 - [MESSAGE][PASSED] - Object: 'Object Repository/PharmacyRequest/Page_KDMC-Pharmacy/button_Add' is clicked on

2018-05-21 12:13:41 - [TEST_STEP][PASSED] - selectOptionByIndex: All options with index in [2] are selected on object 'Object Repository/PharmacyRequest/Page_KDMC-Pharmacy/select_--Select--Schedule 1Inj'

2018-05-21 12:13:41 - [MESSAGE][PASSED] - All options with index in [2] are selected on object 'Object Repository/PharmacyRequest/Page_KDMC-Pharmacy/select_--Select--Schedule 1Inj'

2018-05-21 12:13:41 - [TEST_STEP][PASSED] - selectOptionByIndex: All options with index in [43] are selected on object 'Object Repository/PharmacyRequest/Page_KDMC-Pharmacy/select_--Select--Albendazole'

2018-05-21 12:13:42 - [MESSAGE][PASSED] - All options with index in [43] are selected on object 'Object Repository/PharmacyRequest/Page_KDMC-Pharmacy/select_--Select--Albendazole'

2018-05-21 12:13:42 - [TEST_STEP][PASSED] - delay: Delayed 1 second(s)

2018-05-21 12:13:43 - [MESSAGE][PASSED] - Delayed 1 second(s)

2018-05-21 12:13:43 - [TEST_STEP][PASSED] - setText: Text '10' is set on object 'Object Repository/PharmacyRequest/Page_KDMC-Pharmacy/input_txttreat'

2018-05-21 12:13:43 - [MESSAGE][PASSED] - Text '10' is set on object 'Object Repository/PharmacyRequest/Page_KDMC-Pharmacy/input_txttreat'

2018-05-21 12:13:43 - [TEST_STEP][PASSED] - click: Object: 'Object Repository/PharmacyRequest/Page_KDMC-Pharmacy/button_Add' is clicked on

2018-05-21 12:13:43 - [MESSAGE][PASSED] - Object: 'Object Repository/PharmacyRequest/Page_KDMC-Pharmacy/button_Add' is clicked on

2018-05-21 12:13:43 - [TEST_STEP][PASSED] - selectOptionByIndex: All options with index in [2] are selected on object 'Object Repository/PharmacyRequest/Page_KDMC-Pharmacy/select_--Select--Schedule 1Inj'

2018-05-21 12:13:43 - [MESSAGE][PASSED] - All options with index in [2] are selected on object 'Object Repository/PharmacyRequest/Page_KDMC-Pharmacy/select_--Select--Schedule 1Inj'

2018-05-21 12:13:43 - [TEST_STEP][PASSED] - selectOptionByIndex: All options with index in [44] are selected on object 'Object Repository/PharmacyRequest/Page_KDMC-Pharmacy/select_--Select--Albendazole'

2018-05-21 12:13:44 - [MESSAGE][PASSED] - All options with index in [44] are selected on object 'Object Repository/PharmacyRequest/Page_KDMC-Pharmacy/select_--Select--Albendazole'

2018-05-21 12:13:44 - [TEST_STEP][PASSED] - delay: Delayed 1 second(s)

2018-05-21 12:13:45 - [MESSAGE][PASSED] - Delayed 1 second(s)

2018-05-21 12:13:45 - [TEST_STEP][PASSED] - setText: Text '10' is set on object 'Object Repository/PharmacyRequest/Page_KDMC-Pharmacy/input_txttreat'

2018-05-21 12:13:45 - [MESSAGE][PASSED] - Text '10' is set on object 'Object Repository/PharmacyRequest/Page_KDMC-Pharmacy/input_txttreat'

2018-05-21 12:13:45 - [TEST_STEP][PASSED] - click: Object: 'Object Repository/PharmacyRequest/Page_KDMC-Pharmacy/button_Add' is clicked on

2018-05-21 12:13:45 - [MESSAGE][PASSED] - Object: 'Object Repository/PharmacyRequest/Page_KDMC-Pharmacy/button_Add' is clicked on

2018-05-21 12:13:45 - [TEST_STEP][PASSED] - selectOptionByIndex: All options with index in [2] are selected on object 'Object Repository/PharmacyRequest/Page_KDMC-Pharmacy/select_--Select--Schedule 1Inj'

2018-05-21 12:13:45 - [MESSAGE][PASSED] - All options with index in [2] are selected on object 'Object Repository/PharmacyRequest/Page_KDMC-Pharmacy/select_--Select--Schedule 1Inj'

2018-05-21 12:13:45 - [TEST_STEP][PASSED] - selectOptionByIndex: All options with index in [45] are selected on object 'Object Repository/PharmacyRequest/Page_KDMC-Pharmacy/select_--Select--Albendazole'

2018-05-21 12:13:45 - [MESSAGE][PASSED] - All options with index in [45] are selected on object 'Object Repository/PharmacyRequest/Page_KDMC-Pharmacy/select_--Select--Albendazole'

2018-05-21 12:13:45 - [TEST_STEP][PASSED] - delay: Delayed 1 second(s)

2018-05-21 12:13:46 - [MESSAGE][PASSED] - Delayed 1 second(s)

2018-05-21 12:13:46 - [TEST_STEP][PASSED] - setText: Text '10' is set on object 'Object Repository/PharmacyRequest/Page_KDMC-Pharmacy/input_txttreat'

2018-05-21 12:13:46 - [MESSAGE][PASSED] - Text '10' is set on object 'Object Repository/PharmacyRequest/Page_KDMC-Pharmacy/input_txttreat'

2018-05-21 12:13:46 - [TEST_STEP][PASSED] - click: Object: 'Object Repository/PharmacyRequest/Page_KDMC-Pharmacy/button_Add' is clicked on

2018-05-21 12:13:47 - [MESSAGE][PASSED] - Object: 'Object Repository/PharmacyRequest/Page_KDMC-Pharmacy/button_Add' is clicked on

2018-05-21 12:13:47 - [TEST_STEP][PASSED] - selectOptionByIndex: All options with index in [2] are selected on object 'Object Repository/PharmacyRequest/Page_KDMC-Pharmacy/select_--Select--Schedule 1Inj'

2018-05-21 12:13:47 - [MESSAGE][PASSED] - All options with index in [2] are selected on object 'Object Repository/PharmacyRequest/Page_KDMC-Pharmacy/select_--Select--Schedule 1Inj'

2018-05-21 12:13:47 - [TEST_STEP][PASSED] - selectOptionByIndex: All options with index in [46] are selected on object 'Object Repository/PharmacyRequest/Page_KDMC-Pharmacy/select_--Select--Albendazole'

2018-05-21 12:13:47 - [MESSAGE][PASSED] - All options with index in [46] are selected on object 'Object Repository/PharmacyRequest/Page_KDMC-Pharmacy/select_--Select--Albendazole'

2018-05-21 12:13:47 - [TEST_STEP][PASSED] - delay: Delayed 1 second(s)

2018-05-21 12:13:48 - [MESSAGE][PASSED] - Delayed 1 second(s)

2018-05-21 12:13:48 - [TEST_STEP][PASSED] - setText: Text '10' is set on object 'Object Repository/PharmacyRequest/Page_KDMC-Pharmacy/input_txttreat'

2018-05-21 12:13:48 - [MESSAGE][PASSED] - Text '10' is set on object 'Object Repository/PharmacyRequest/Page_KDMC-Pharmacy/input_txttreat'

2018-05-21 12:13:48 - [TEST_STEP][PASSED] - click: Object: 'Object Repository/PharmacyRequest/Page_KDMC-Pharmacy/button_Add' is clicked on

2018-05-21 12:13:48 - [MESSAGE][PASSED] - Object: 'Object Repository/PharmacyRequest/Page_KDMC-Pharmacy/button_Add' is clicked on

2018-05-21 12:13:48 - [TEST_STEP][PASSED] - selectOptionByIndex: All options with index in [2] are selected on object 'Object Repository/PharmacyRequest/Page_KDMC-Pharmacy/select_--Select--Schedule 1Inj'

2018-05-21 12:13:48 - [MESSAGE][PASSED] - All options with index in [2] are selected on object 'Object Repository/PharmacyRequest/Page_KDMC-Pharmacy/select_--Select--Schedule 1Inj'

2018-05-21 12:13:48 - [TEST_STEP][PASSED] - selectOptionByIndex: All options with index in [47] are selected on object 'Object Repository/PharmacyRequest/Page_KDMC-Pharmacy/select_--Select--Albendazole'

2018-05-21 12:13:49 - [MESSAGE][PASSED] - All options with index in [47] are selected on object 'Object Repository/PharmacyRequest/Page_KDMC-Pharmacy/select_--Select--Albendazole'

2018-05-21 12:13:49 - [TEST_STEP][PASSED] - delay: Delayed 1 second(s)

2018-05-21 12:13:50 - [MESSAGE][PASSED] - Delayed 1 second(s)

2018-05-21 12:13:50 - [TEST_STEP][PASSED] - setText: Text '10' is set on object 'Object Repository/PharmacyRequest/Page_KDMC-Pharmacy/input_txttreat'

2018-05-21 12:13:50 - [MESSAGE][PASSED] - Text '10' is set on object 'Object Repository/PharmacyRequest/Page_KDMC-Pharmacy/input_txttreat'

2018-05-21 12:13:50 - [TEST_STEP][PASSED] - click: Object: 'Object Repository/PharmacyRequest/Page_KDMC-Pharmacy/button_Add' is clicked on

2018-05-21 12:13:50 - [MESSAGE][PASSED] - Object: 'Object Repository/PharmacyRequest/Page_KDMC-Pharmacy/button_Add' is clicked on

2018-05-21 12:13:50 - [TEST_STEP][PASSED] - selectOptionByIndex: All options with index in [2] are selected on object 'Object Repository/PharmacyRequest/Page_KDMC-Pharmacy/select_--Select--Schedule 1Inj'

2018-05-21 12:13:50 - [MESSAGE][PASSED] - All options with index in [2] are selected on object 'Object Repository/PharmacyRequest/Page_KDMC-Pharmacy/select_--Select--Schedule 1Inj'

2018-05-21 12:13:50 - [TEST_STEP][PASSED] - selectOptionByIndex: All options with index in [48] are selected on object 'Object Repository/PharmacyRequest/Page_KDMC-Pharmacy/select_--Select--Albendazole'

2018-05-21 12:13:51 - [MESSAGE][PASSED] - All options with index in [48] are selected on object 'Object Repository/PharmacyRequest/Page_KDMC-Pharmacy/select_--Select--Albendazole'

2018-05-21 12:13:51 - [TEST_STEP][PASSED] - delay: Delayed 1 second(s)

2018-05-21 12:13:52 - [MESSAGE][PASSED] - Delayed 1 second(s)

2018-05-21 12:13:52 - [TEST_STEP][PASSED] - setText: Text '10' is set on object 'Object Repository/PharmacyRequest/Page_KDMC-Pharmacy/input_txttreat'

2018-05-21 12:13:52 - [MESSAGE][PASSED] - Text '10' is set on object 'Object Repository/PharmacyRequest/Page_KDMC-Pharmacy/input_txttreat'

2018-05-21 12:13:52 - [TEST_STEP][PASSED] - click: Object: 'Object Repository/PharmacyRequest/Page_KDMC-Pharmacy/button_Add' is clicked on

2018-05-21 12:13:52 - [MESSAGE][PASSED] - Object: 'Object Repository/PharmacyRequest/Page_KDMC-Pharmacy/button_Add' is clicked on

2018-05-21 12:13:52 - [TEST_STEP][PASSED] - selectOptionByIndex: All options with index in [2] are selected on object 'Object Repository/PharmacyRequest/Page_KDMC-Pharmacy/select_--Select--Schedule 1Inj'

2018-05-21 12:13:52 - [MESSAGE][PASSED] - All options with index in [2] are selected on object 'Object Repository/PharmacyRequest/Page_KDMC-Pharmacy/select_--Select--Schedule 1Inj'

2018-05-21 12:13:52 - [TEST_STEP][PASSED] - selectOptionByIndex: All options with index in [49] are selected on object 'Object Repository/PharmacyRequest/Page_KDMC-Pharmacy/select_--Select--Albendazole'

2018-05-21 12:13:53 - [MESSAGE][PASSED] - All options with index in [49] are selected on object 'Object Repository/PharmacyRequest/Page_KDMC-Pharmacy/select_--Select--Albendazole'

2018-05-21 12:13:53 - [TEST_STEP][PASSED] - delay: Delayed 1 second(s)

2018-05-21 12:13:54 - [MESSAGE][PASSED] - Delayed 1 second(s)

2018-05-21 12:13:54 - [TEST_STEP][PASSED] - setText: Text '10' is set on object 'Object Repository/PharmacyRequest/Page_KDMC-Pharmacy/input_txttreat'

2018-05-21 12:13:54 - [MESSAGE][PASSED] - Text '10' is set on object 'Object Repository/PharmacyRequest/Page_KDMC-Pharmacy/input_txttreat'

2018-05-21 12:13:54 - [TEST_STEP][PASSED] - click: Object: 'Object Repository/PharmacyRequest/Page_KDMC-Pharmacy/button_Add' is clicked on

2018-05-21 12:13:54 - [MESSAGE][PASSED] - Object: 'Object Repository/PharmacyRequest/Page_KDMC-Pharmacy/button_Add' is clicked on

2018-05-21 12:13:54 - [TEST_STEP][PASSED] - selectOptionByIndex: All options with index in [2] are selected on object 'Object Repository/PharmacyRequest/Page_KDMC-Pharmacy/select_--Select--Schedule 1Inj'

2018-05-21 12:13:54 - [MESSAGE][PASSED] - All options with index in [2] are selected on object 'Object Repository/PharmacyRequest/Page_KDMC-Pharmacy/select_--Select--Schedule 1Inj'

2018-05-21 12:13:54 - [TEST_STEP][PASSED] - selectOptionByIndex: All options with index in [50] are selected on object 'Object Repository/PharmacyRequest/Page_KDMC-Pharmacy/select_--Select--Albendazole'

2018-05-21 12:13:55 - [MESSAGE][PASSED] - All options with index in [50] are selected on object 'Object Repository/PharmacyRequest/Page_KDMC-Pharmacy/select_--Select--Albendazole'

2018-05-21 12:13:55 - [TEST_STEP][PASSED] - delay: Delayed 1 second(s)

2018-05-21 12:13:56 - [MESSAGE][PASSED] - Delayed 1 second(s)

2018-05-21 12:13:56 - [TEST_STEP][PASSED] - setText: Text '10' is set on object 'Object Repository/PharmacyRequest/Page_KDMC-Pharmacy/input_txttreat'

2018-05-21 12:13:56 - [MESSAGE][PASSED] - Text '10' is set on object 'Object Repository/PharmacyRequest/Page_KDMC-Pharmacy/input_txttreat'

2018-05-21 12:13:56 - [TEST_STEP][PASSED] - click: Object: 'Object Repository/PharmacyRequest/Page_KDMC-Pharmacy/button_Add' is clicked on

2018-05-21 12:13:56 - [MESSAGE][PASSED] - Object: 'Object Repository/PharmacyRequest/Page_KDMC-Pharmacy/button_Add' is clicked on

2018-05-21 12:13:56 - [TEST_STEP][PASSED] - selectOptionByIndex: All options with index in [2] are selected on object 'Object Repository/PharmacyRequest/Page_KDMC-Pharmacy/select_--Select--Schedule 1Inj'

2018-05-21 12:13:56 - [MESSAGE][PASSED] - All options with index in [2] are selected on object 'Object Repository/PharmacyRequest/Page_KDMC-Pharmacy/select_--Select--Schedule 1Inj'

2018-05-21 12:13:56 - [TEST_STEP][PASSED] - selectOptionByIndex: All options with index in [51] are selected on object 'Object Repository/PharmacyRequest/Page_KDMC-Pharmacy/select_--Select--Albendazole'

2018-05-21 12:13:57 - [MESSAGE][PASSED] - All options with index in [51] are selected on object 'Object Repository/PharmacyRequest/Page_KDMC-Pharmacy/select_--Select--Albendazole'

2018-05-21 12:13:57 - [TEST_STEP][PASSED] - delay: Delayed 1 second(s)

2018-05-21 12:13:58 - [MESSAGE][PASSED] - Delayed 1 second(s)

2018-05-21 12:13:58 - [TEST_STEP][PASSED] - setText: Text '10' is set on object 'Object Repository/PharmacyRequest/Page_KDMC-Pharmacy/input_txttreat'

2018-05-21 12:13:58 - [MESSAGE][PASSED] - Text '10' is set on object 'Object Repository/PharmacyRequest/Page_KDMC-Pharmacy/input_txttreat'

2018-05-21 12:13:58 - [TEST_STEP][PASSED] - click: Object: 'Object Repository/PharmacyRequest/Page_KDMC-Pharmacy/button_Add' is clicked on

2018-05-21 12:13:58 - [MESSAGE][PASSED] - Object: 'Object Repository/PharmacyRequest/Page_KDMC-Pharmacy/button_Add' is clicked on

2018-05-21 12:13:58 - [TEST_STEP][PASSED] - selectOptionByIndex: All options with index in [2] are selected on object 'Object Repository/PharmacyRequest/Page_KDMC-Pharmacy/select_--Select--Schedule 1Inj'

2018-05-21 12:13:58 - [MESSAGE][PASSED] - All options with index in [2] are selected on object 'Object Repository/PharmacyRequest/Page_KDMC-Pharmacy/select_--Select--Schedule 1Inj'

2018-05-21 12:13:58 - [TEST_STEP][PASSED] - selectOptionByIndex: All options with index in [52] are selected on object 'Object Repository/PharmacyRequest/Page_KDMC-Pharmacy/select_--Select--Albendazole'

2018-05-21 12:13:58 - [MESSAGE][PASSED] - All options with index in [52] are selected on object 'Object Repository/PharmacyRequest/Page_KDMC-Pharmacy/select_--Select--Albendazole'

2018-05-21 12:13:58 - [TEST_STEP][PASSED] - delay: Delayed 1 second(s)

2018-05-21 12:13:59 - [MESSAGE][PASSED] - Delayed 1 second(s)

2018-05-21 12:13:59 - [TEST_STEP][PASSED] - setText: Text '10' is set on object 'Object Repository/PharmacyRequest/Page_KDMC-Pharmacy/input_txttreat'

2018-05-21 12:14:00 - [MESSAGE][PASSED] - Text '10' is set on object 'Object Repository/PharmacyRequest/Page_KDMC-Pharmacy/input_txttreat'

2018-05-21 12:14:00 - [TEST_STEP][PASSED] - click: Object: 'Object Repository/PharmacyRequest/Page_KDMC-Pharmacy/button_Add' is clicked on

2018-05-21 12:14:00 - [MESSAGE][PASSED] - Object: 'Object Repository/PharmacyRequest/Page_KDMC-Pharmacy/button_Add' is clicked on

2018-05-21 12:14:00 - [TEST_STEP][PASSED] - selectOptionByIndex: All options with index in [2] are selected on object 'Object Repository/PharmacyRequest/Page_KDMC-Pharmacy/select_--Select--Schedule 1Inj'

2018-05-21 12:14:00 - [MESSAGE][PASSED] - All options with index in [2] are selected on object 'Object Repository/PharmacyRequest/Page_KDMC-Pharmacy/select_--Select--Schedule 1Inj'

2018-05-21 12:14:00 - [TEST_STEP][PASSED] - selectOptionByIndex: All options with index in [53] are selected on object 'Object Repository/PharmacyRequest/Page_KDMC-Pharmacy/select_--Select--Albendazole'

2018-05-21 12:14:00 - [MESSAGE][PASSED] - All options with index in [53] are selected on object 'Object Repository/PharmacyRequest/Page_KDMC-Pharmacy/select_--Select--Albendazole'

2018-05-21 12:14:00 - [TEST_STEP][PASSED] - delay: Delayed 1 second(s)

2018-05-21 12:14:01 - [MESSAGE][PASSED] - Delayed 1 second(s)

2018-05-21 12:14:01 - [TEST_STEP][PASSED] - setText: Text '10' is set on object 'Object Repository/PharmacyRequest/Page_KDMC-Pharmacy/input_txttreat'

2018-05-21 12:14:02 - [MESSAGE][PASSED] - Text '10' is set on object 'Object Repository/PharmacyRequest/Page_KDMC-Pharmacy/input_txttreat'

2018-05-21 12:14:02 - [TEST_STEP][PASSED] - click: Object: 'Object Repository/PharmacyRequest/Page_KDMC-Pharmacy/button_Add' is clicked on

2018-05-21 12:14:02 - [MESSAGE][PASSED] - Object: 'Object Repository/PharmacyRequest/Page_KDMC-Pharmacy/button_Add' is clicked on

2018-05-21 12:14:02 - [TEST_STEP][PASSED] - selectOptionByIndex: All options with index in [2] are selected on object 'Object Repository/PharmacyRequest/Page_KDMC-Pharmacy/select_--Select--Schedule 1Inj'

2018-05-21 12:14:02 - [MESSAGE][PASSED] - All options with index in [2] are selected on object 'Object Repository/PharmacyRequest/Page_KDMC-Pharmacy/select_--Select--Schedule 1Inj'

2018-05-21 12:14:02 - [TEST_STEP][PASSED] - selectOptionByIndex: All options with index in [54] are selected on object 'Object Repository/PharmacyRequest/Page_KDMC-Pharmacy/select_--Select--Albendazole'

2018-05-21 12:14:02 - [MESSAGE][PASSED] - All options with index in [54] are selected on object 'Object Repository/PharmacyRequest/Page_KDMC-Pharmacy/select_--Select--Albendazole'

2018-05-21 12:14:02 - [TEST_STEP][PASSED] - delay: Delayed 1 second(s)

2018-05-21 12:14:03 - [MESSAGE][PASSED] - Delayed 1 second(s)

2018-05-21 12:14:03 - [TEST_STEP][PASSED] - setText: Text '10' is set on object 'Object Repository/PharmacyRequest/Page_KDMC-Pharmacy/input_txttreat'

2018-05-21 12:14:03 - [MESSAGE][PASSED] - Text '10' is set on object 'Object Repository/PharmacyRequest/Page_KDMC-Pharmacy/input_txttreat'

2018-05-21 12:14:03 - [TEST_STEP][PASSED] - click: Object: 'Object Repository/PharmacyRequest/Page_KDMC-Pharmacy/button_Add' is clicked on

2018-05-21 12:14:04 - [MESSAGE][PASSED] - Object: 'Object Repository/PharmacyRequest/Page_KDMC-Pharmacy/button_Add' is clicked on

2018-05-21 12:14:04 - [TEST_STEP][PASSED] - selectOptionByIndex: All options with index in [2] are selected on object 'Object Repository/PharmacyRequest/Page_KDMC-Pharmacy/select_--Select--Schedule 1Inj'

2018-05-21 12:14:04 - [MESSAGE][PASSED] - All options with index in [2] are selected on object 'Object Repository/PharmacyRequest/Page_KDMC-Pharmacy/select_--Select--Schedule 1Inj'

2018-05-21 12:14:04 - [TEST_STEP][PASSED] - selectOptionByIndex: All options with index in [55] are selected on object 'Object Repository/PharmacyRequest/Page_KDMC-Pharmacy/select_--Select--Albendazole'

2018-05-21 12:14:04 - [MESSAGE][PASSED] - All options with index in [55] are selected on object 'Object Repository/PharmacyRequest/Page_KDMC-Pharmacy/select_--Select--Albendazole'

2018-05-21 12:14:04 - [TEST_STEP][PASSED] - delay: Delayed 1 second(s)

2018-05-21 12:14:05 - [MESSAGE][PASSED] - Delayed 1 second(s)

2018-05-21 12:14:05 - [TEST_STEP][PASSED] - setText: Text '10' is set on object 'Object Repository/PharmacyRequest/Page_KDMC-Pharmacy/input_txttreat'

2018-05-21 12:14:05 - [MESSAGE][PASSED] - Text '10' is set on object 'Object Repository/PharmacyRequest/Page_KDMC-Pharmacy/input_txttreat'

2018-05-21 12:14:05 - [TEST_STEP][PASSED] - click: Object: 'Object Repository/PharmacyRequest/Page_KDMC-Pharmacy/button_Add' is clicked on

2018-05-21 12:14:06 - [MESSAGE][PASSED] - Object: 'Object Repository/PharmacyRequest/Page_KDMC-Pharmacy/button_Add' is clicked on

2018-05-21 12:14:06 - [TEST_STEP][PASSED] - selectOptionByIndex: All options with index in [2] are selected on object 'Object Repository/PharmacyRequest/Page_KDMC-Pharmacy/select_--Select--Schedule 1Inj'

2018-05-21 12:14:06 - [MESSAGE][PASSED] - All options with index in [2] are selected on object 'Object Repository/PharmacyRequest/Page_KDMC-Pharmacy/select_--Select--Schedule 1Inj'

2018-05-21 12:14:06 - [TEST_STEP][PASSED] - selectOptionByIndex: All options with index in [56] are selected on object 'Object Repository/PharmacyRequest/Page_KDMC-Pharmacy/select_--Select--Albendazole'

2018-05-21 12:14:06 - [MESSAGE][PASSED] - All options with index in [56] are selected on object 'Object Repository/PharmacyRequest/Page_KDMC-Pharmacy/select_--Select--Albendazole'

2018-05-21 12:14:06 - [TEST_STEP][PASSED] - delay: Delayed 1 second(s)

2018-05-21 12:14:07 - [MESSAGE][PASSED] - Delayed 1 second(s)

2018-05-21 12:14:07 - [TEST_STEP][PASSED] - setText: Text '10' is set on object 'Object Repository/PharmacyRequest/Page_KDMC-Pharmacy/input_txttreat'

2018-05-21 12:14:07 - [MESSAGE][PASSED] - Text '10' is set on object 'Object Repository/PharmacyRequest/Page_KDMC-Pharmacy/input_txttreat'

2018-05-21 12:14:07 - [TEST_STEP][PASSED] - click: Object: 'Object Repository/PharmacyRequest/Page_KDMC-Pharmacy/button_Add' is clicked on

2018-05-21 12:14:07 - [MESSAGE][PASSED] - Object: 'Object Repository/PharmacyRequest/Page_KDMC-Pharmacy/button_Add' is clicked on

2018-05-21 12:14:07 - [TEST_STEP][PASSED] - selectOptionByIndex: All options with index in [2] are selected on object 'Object Repository/PharmacyRequest/Page_KDMC-Pharmacy/select_--Select--Schedule 1Inj'

2018-05-21 12:14:07 - [MESSAGE][PASSED] - All options with index in [2] are selected on object 'Object Repository/PharmacyRequest/Page_KDMC-Pharmacy/select_--Select--Schedule 1Inj'

2018-05-21 12:14:07 - [TEST_STEP][PASSED] - selectOptionByIndex: All options with index in [57] are selected on object 'Object Repository/PharmacyRequest/Page_KDMC-Pharmacy/select_--Select--Albendazole'

2018-05-21 12:14:08 - [MESSAGE][PASSED] - All options with index in [57] are selected on object 'Object Repository/PharmacyRequest/Page_KDMC-Pharmacy/select_--Select--Albendazole'

2018-05-21 12:14:08 - [TEST_STEP][PASSED] - delay: Delayed 1 second(s)

2018-05-21 12:14:09 - [MESSAGE][PASSED] - Delayed 1 second(s)

2018-05-21 12:14:09 - [TEST_STEP][PASSED] - setText: Text '10' is set on object 'Object Repository/PharmacyRequest/Page_KDMC-Pharmacy/input_txttreat'

2018-05-21 12:14:09 - [MESSAGE][PASSED] - Text '10' is set on object 'Object Repository/PharmacyRequest/Page_KDMC-Pharmacy/input_txttreat'

2018-05-21 12:14:09 - [TEST_STEP][PASSED] - click: Object: 'Object Repository/PharmacyRequest/Page_KDMC-Pharmacy/button_Add' is clicked on

2018-05-21 12:14:09 - [MESSAGE][PASSED] - Object: 'Object Repository/PharmacyRequest/Page_KDMC-Pharmacy/button_Add' is clicked on

2018-05-21 12:14:09 - [TEST_STEP][PASSED] - selectOptionByIndex: All options with index in [2] are selected on object 'Object Repository/PharmacyRequest/Page_KDMC-Pharmacy/select_--Select--Schedule 1Inj'

2018-05-21 12:14:09 - [MESSAGE][PASSED] - All options with index in [2] are selected on object 'Object Repository/PharmacyRequest/Page_KDMC-Pharmacy/select_--Select--Schedule 1Inj'

2018-05-21 12:14:09 - [TEST_STEP][PASSED] - selectOptionByIndex: All options with index in [58] are selected on object 'Object Repository/PharmacyRequest/Page_KDMC-Pharmacy/select_--Select--Albendazole'

2018-05-21 12:14:10 - [MESSAGE][PASSED] - All options with index in [58] are selected on object 'Object Repository/PharmacyRequest/Page_KDMC-Pharmacy/select_--Select--Albendazole'

2018-05-21 12:14:10 - [TEST_STEP][PASSED] - delay: Delayed 1 second(s)

2018-05-21 12:14:11 - [MESSAGE][PASSED] - Delayed 1 second(s)

2018-05-21 12:14:11 - [TEST_STEP][PASSED] - setText: Text '10' is set on object 'Object Repository/PharmacyRequest/Page_KDMC-Pharmacy/input_txttreat'

2018-05-21 12:14:11 - [MESSAGE][PASSED] - Text '10' is set on object 'Object Repository/PharmacyRequest/Page_KDMC-Pharmacy/input_txttreat'

2018-05-21 12:14:11 - [TEST_STEP][PASSED] - click: Object: 'Object Repository/PharmacyRequest/Page_KDMC-Pharmacy/button_Add' is clicked on

2018-05-21 12:14:11 - [MESSAGE][PASSED] - Object: 'Object Repository/PharmacyRequest/Page_KDMC-Pharmacy/button_Add' is clicked on

2018-05-21 12:14:11 - [TEST_STEP][PASSED] - selectOptionByIndex: All options with index in [2] are selected on object 'Object Repository/PharmacyRequest/Page_KDMC-Pharmacy/select_--Select--Schedule 1Inj'

2018-05-21 12:14:11 - [MESSAGE][PASSED] - All options with index in [2] are selected on object 'Object Repository/PharmacyRequest/Page_KDMC-Pharmacy/select_--Select--Schedule 1Inj'

2018-05-21 12:14:11 - [TEST_STEP][PASSED] - selectOptionByIndex: All options with index in [59] are selected on object 'Object Repository/PharmacyRequest/Page_KDMC-Pharmacy/select_--Select--Albendazole'

2018-05-21 12:14:12 - [MESSAGE][PASSED] - All options with index in [59] are selected on object 'Object Repository/PharmacyRequest/Page_KDMC-Pharmacy/select_--Select--Albendazole'

2018-05-21 12:14:12 - [TEST_STEP][PASSED] - delay: Delayed 1 second(s)

2018-05-21 12:14:13 - [MESSAGE][PASSED] - Delayed 1 second(s)

2018-05-21 12:14:13 - [TEST_STEP][PASSED] - setText: Text '10' is set on object 'Object Repository/PharmacyRequest/Page_KDMC-Pharmacy/input_txttreat'

2018-05-21 12:14:13 - [MESSAGE][PASSED] - Text '10' is set on object 'Object Repository/PharmacyRequest/Page_KDMC-Pharmacy/input_txttreat'

2018-05-21 12:14:13 - [TEST_STEP][PASSED] - click: Object: 'Object Repository/PharmacyRequest/Page_KDMC-Pharmacy/button_Add' is clicked on

2018-05-21 12:14:13 - [MESSAGE][PASSED] - Object: 'Object Repository/PharmacyRequest/Page_KDMC-Pharmacy/button_Add' is clicked on

2018-05-21 12:14:13 - [TEST_STEP][PASSED] - selectOptionByIndex: All options with index in [2] are selected on object 'Object Repository/PharmacyRequest/Page_KDMC-Pharmacy/select_--Select--Schedule 1Inj'

2018-05-21 12:14:13 - [MESSAGE][PASSED] - All options with index in [2] are selected on object 'Object Repository/PharmacyRequest/Page_KDMC-Pharmacy/select_--Select--Schedule 1Inj'

2018-05-21 12:14:13 - [TEST_STEP][PASSED] - selectOptionByIndex: All options with index in [60] are selected on object 'Object Repository/PharmacyRequest/Page_KDMC-Pharmacy/select_--Select--Albendazole'

2018-05-21 12:14:14 - [MESSAGE][PASSED] - All options with index in [60] are selected on object 'Object Repository/PharmacyRequest/Page_KDMC-Pharmacy/select_--Select--Albendazole'

2018-05-21 12:14:14 - [TEST_STEP][PASSED] - delay: Delayed 1 second(s)

2018-05-21 12:14:15 - [MESSAGE][PASSED] - Delayed 1 second(s)

2018-05-21 12:14:15 - [TEST_STEP][PASSED] - setText: Text '10' is set on object 'Object Repository/PharmacyRequest/Page_KDMC-Pharmacy/input_txttreat'

2018-05-21 12:14:15 - [MESSAGE][PASSED] - Text '10' is set on object 'Object Repository/PharmacyRequest/Page_KDMC-Pharmacy/input_txttreat'

2018-05-21 12:14:15 - [TEST_STEP][PASSED] - click: Object: 'Object Repository/PharmacyRequest/Page_KDMC-Pharmacy/button_Add' is clicked on

2018-05-21 12:14:15 - [MESSAGE][PASSED] - Object: 'Object Repository/PharmacyRequest/Page_KDMC-Pharmacy/button_Add' is clicked on

2018-05-21 12:14:15 - [TEST_STEP][PASSED] - selectOptionByIndex: All options with index in [2] are selected on object 'Object Repository/PharmacyRequest/Page_KDMC-Pharmacy/select_--Select--Schedule 1Inj'

2018-05-21 12:14:15 - [MESSAGE][PASSED] - All options with index in [2] are selected on object 'Object Repository/PharmacyRequest/Page_KDMC-Pharmacy/select_--Select--Schedule 1Inj'

2018-05-21 12:14:15 - [TEST_STEP][PASSED] - selectOptionByIndex: All options with index in [61] are selected on object 'Object Repository/PharmacyRequest/Page_KDMC-Pharmacy/select_--Select--Albendazole'

2018-05-21 12:14:16 - [MESSAGE][PASSED] - All options with index in [61] are selected on object 'Object Repository/PharmacyRequest/Page_KDMC-Pharmacy/select_--Select--Albendazole'

2018-05-21 12:14:16 - [TEST_STEP][PASSED] - delay: Delayed 1 second(s)

2018-05-21 12:14:17 - [MESSAGE][PASSED] - Delayed 1 second(s)

2018-05-21 12:14:17 - [TEST_STEP][PASSED] - setText: Text '10' is set on object 'Object Repository/PharmacyRequest/Page_KDMC-Pharmacy/input_txttreat'

2018-05-21 12:14:17 - [MESSAGE][PASSED] - Text '10' is set on object 'Object Repository/PharmacyRequest/Page_KDMC-Pharmacy/input_txttreat'

2018-05-21 12:14:17 - [TEST_STEP][PASSED] - click: Object: 'Object Repository/PharmacyRequest/Page_KDMC-Pharmacy/button_Add' is clicked on

2018-05-21 12:14:17 - [MESSAGE][PASSED] - Object: 'Object Repository/PharmacyRequest/Page_KDMC-Pharmacy/button_Add' is clicked on

2018-05-21 12:14:17 - [TEST_STEP][PASSED] - selectOptionByIndex: All options with index in [2] are selected on object 'Object Repository/PharmacyRequest/Page_KDMC-Pharmacy/select_--Select--Schedule 1Inj'

2018-05-21 12:14:17 - [MESSAGE][PASSED] - All options with index in [2] are selected on object 'Object Repository/PharmacyRequest/Page_KDMC-Pharmacy/select_--Select--Schedule 1Inj'

2018-05-21 12:14:17 - [TEST_STEP][PASSED] - selectOptionByIndex: All options with index in [62] are selected on object 'Object Repository/PharmacyRequest/Page_KDMC-Pharmacy/select_--Select--Albendazole'

2018-05-21 12:14:18 - [MESSAGE][PASSED] - All options with index in [62] are selected on object 'Object Repository/PharmacyRequest/Page_KDMC-Pharmacy/select_--Select--Albendazole'

2018-05-21 12:14:18 - [TEST_STEP][PASSED] - delay: Delayed 1 second(s)

2018-05-21 12:14:19 - [MESSAGE][PASSED] - Delayed 1 second(s)

2018-05-21 12:14:19 - [TEST_STEP][PASSED] - setText: Text '10' is set on object 'Object Repository/PharmacyRequest/Page_KDMC-Pharmacy/input_txttreat'

2018-05-21 12:14:19 - [MESSAGE][PASSED] - Text '10' is set on object 'Object Repository/PharmacyRequest/Page_KDMC-Pharmacy/input_txttreat'

2018-05-21 12:14:19 - [TEST_STEP][PASSED] - click: Object: 'Object Repository/PharmacyRequest/Page_KDMC-Pharmacy/button_Add' is clicked on

2018-05-21 12:14:19 - [MESSAGE][PASSED] - Object: 'Object Repository/PharmacyRequest/Page_KDMC-Pharmacy/button_Add' is clicked on

2018-05-21 12:14:19 - [TEST_STEP][PASSED] - selectOptionByIndex: All options with index in [2] are selected on object 'Object Repository/PharmacyRequest/Page_KDMC-Pharmacy/select_--Select--Schedule 1Inj'

2018-05-21 12:14:19 - [MESSAGE][PASSED] - All options with index in [2] are selected on object 'Object Repository/PharmacyRequest/Page_KDMC-Pharmacy/select_--Select--Schedule 1Inj'

2018-05-21 12:14:19 - [TEST_STEP][PASSED] - selectOptionByIndex: All options with index in [63] are selected on object 'Object Repository/PharmacyRequest/Page_KDMC-Pharmacy/select_--Select--Albendazole'

2018-05-21 12:14:20 - [MESSAGE][PASSED] - All options with index in [63] are selected on object 'Object Repository/PharmacyRequest/Page_KDMC-Pharmacy/select_--Select--Albendazole'

2018-05-21 12:14:20 - [TEST_STEP][PASSED] - delay: Delayed 1 second(s)

2018-05-21 12:14:21 - [MESSAGE][PASSED] - Delayed 1 second(s)

2018-05-21 12:14:21 - [TEST_STEP][PASSED] - setText: Text '10' is set on object 'Object Repository/PharmacyRequest/Page_KDMC-Pharmacy/input_txttreat'

2018-05-21 12:14:21 - [MESSAGE][PASSED] - Text '10' is set on object 'Object Repository/PharmacyRequest/Page_KDMC-Pharmacy/input_txttreat'

2018-05-21 12:14:21 - [TEST_STEP][PASSED] - click: Object: 'Object Repository/PharmacyRequest/Page_KDMC-Pharmacy/button_Add' is clicked on

2018-05-21 12:14:21 - [MESSAGE][PASSED] - Object: 'Object Repository/PharmacyRequest/Page_KDMC-Pharmacy/button_Add' is clicked on

2018-05-21 12:14:21 - [TEST_STEP][PASSED] - selectOptionByIndex: All options with index in [2] are selected on object 'Object Repository/PharmacyRequest/Page_KDMC-Pharmacy/select_--Select--Schedule 1Inj'

2018-05-21 12:14:21 - [MESSAGE][PASSED] - All options with index in [2] are selected on object 'Object Repository/PharmacyRequest/Page_KDMC-Pharmacy/select_--Select--Schedule 1Inj'

2018-05-21 12:14:21 - [TEST_STEP][PASSED] - selectOptionByIndex: All options with index in [64] are selected on object 'Object Repository/PharmacyRequest/Page_KDMC-Pharmacy/select_--Select--Albendazole'

2018-05-21 12:14:22 - [MESSAGE][PASSED] - All options with index in [64] are selected on object 'Object Repository/PharmacyRequest/Page_KDMC-Pharmacy/select_--Select--Albendazole'

2018-05-21 12:14:22 - [TEST_STEP][PASSED] - delay: Delayed 1 second(s)

2018-05-21 12:14:23 - [MESSAGE][PASSED] - Delayed 1 second(s)

2018-05-21 12:14:23 - [TEST_STEP][PASSED] - setText: Text '10' is set on object 'Object Repository/PharmacyRequest/Page_KDMC-Pharmacy/input_txttreat'

2018-05-21 12:14:23 - [MESSAGE][PASSED] - Text '10' is set on object 'Object Repository/PharmacyRequest/Page_KDMC-Pharmacy/input_txttreat'

2018-05-21 12:14:23 - [TEST_STEP][PASSED] - click: Object: 'Object Repository/PharmacyRequest/Page_KDMC-Pharmacy/button_Add' is clicked on

2018-05-21 12:14:23 - [MESSAGE][PASSED] - Object: 'Object Repository/PharmacyRequest/Page_KDMC-Pharmacy/button_Add' is clicked on

2018-05-21 12:14:23 - [TEST_STEP][PASSED] - selectOptionByIndex: All options with index in [2] are selected on object 'Object Repository/PharmacyRequest/Page_KDMC-Pharmacy/select_--Select--Schedule 1Inj'

2018-05-21 12:14:23 - [MESSAGE][PASSED] - All options with index in [2] are selected on object 'Object Repository/PharmacyRequest/Page_KDMC-Pharmacy/select_--Select--Schedule 1Inj'

2018-05-21 12:14:23 - [TEST_STEP][PASSED] - selectOptionByIndex: All options with index in [65] are selected on object 'Object Repository/PharmacyRequest/Page_KDMC-Pharmacy/select_--Select--Albendazole'

2018-05-21 12:14:24 - [MESSAGE][PASSED] - All options with index in [65] are selected on object 'Object Repository/PharmacyRequest/Page_KDMC-Pharmacy/select_--Select--Albendazole'

2018-05-21 12:14:24 - [TEST_STEP][PASSED] - delay: Delayed 1 second(s)

2018-05-21 12:14:25 - [MESSAGE][PASSED] - Delayed 1 second(s)

2018-05-21 12:14:25 - [TEST_STEP][PASSED] - setText: Text '10' is set on object 'Object Repository/PharmacyRequest/Page_KDMC-Pharmacy/input_txttreat'

2018-05-21 12:14:25 - [MESSAGE][PASSED] - Text '10' is set on object 'Object Repository/PharmacyRequest/Page_KDMC-Pharmacy/input_txttreat'

2018-05-21 12:14:25 - [TEST_STEP][PASSED] - click: Object: 'Object Repository/PharmacyRequest/Page_KDMC-Pharmacy/button_Add' is clicked on

2018-05-21 12:14:25 - [MESSAGE][PASSED] - Object: 'Object Repository/PharmacyRequest/Page_KDMC-Pharmacy/button_Add' is clicked on

2018-05-21 12:14:25 - [TEST_STEP][PASSED] - selectOptionByIndex: All options with index in [2] are selected on object 'Object Repository/PharmacyRequest/Page_KDMC-Pharmacy/select_--Select--Schedule 1Inj'

2018-05-21 12:14:25 - [MESSAGE][PASSED] - All options with index in [2] are selected on object 'Object Repository/PharmacyRequest/Page_KDMC-Pharmacy/select_--Select--Schedule 1Inj'

2018-05-21 12:14:25 - [TEST_STEP][PASSED] - selectOptionByIndex: All options with index in [66] are selected on object 'Object Repository/PharmacyRequest/Page_KDMC-Pharmacy/select_--Select--Albendazole'

2018-05-21 12:14:26 - [MESSAGE][PASSED] - All options with index in [66] are selected on object 'Object Repository/PharmacyRequest/Page_KDMC-Pharmacy/select_--Select--Albendazole'

2018-05-21 12:14:26 - [TEST_STEP][PASSED] - delay: Delayed 1 second(s)

2018-05-21 12:14:27 - [MESSAGE][PASSED] - Delayed 1 second(s)

2018-05-21 12:14:27 - [TEST_STEP][PASSED] - setText: Text '10' is set on object 'Object Repository/PharmacyRequest/Page_KDMC-Pharmacy/input_txttreat'

2018-05-21 12:14:27 - [MESSAGE][PASSED] - Text '10' is set on object 'Object Repository/PharmacyRequest/Page_KDMC-Pharmacy/input_txttreat'

2018-05-21 12:14:27 - [TEST_STEP][PASSED] - click: Object: 'Object Repository/PharmacyRequest/Page_KDMC-Pharmacy/button_Add' is clicked on

2018-05-21 12:14:27 - [MESSAGE][PASSED] - Object: 'Object Repository/PharmacyRequest/Page_KDMC-Pharmacy/button_Add' is clicked on

2018-05-21 12:14:27 - [TEST_STEP][PASSED] - selectOptionByIndex: All options with index in [2] are selected on object 'Object Repository/PharmacyRequest/Page_KDMC-Pharmacy/select_--Select--Schedule 1Inj'

2018-05-21 12:14:28 - [MESSAGE][PASSED] - All options with index in [2] are selected on object 'Object Repository/PharmacyRequest/Page_KDMC-Pharmacy/select_--Select--Schedule 1Inj'

2018-05-21 12:14:28 - [TEST_STEP][PASSED] - selectOptionByIndex: All options with index in [67] are selected on object 'Object Repository/PharmacyRequest/Page_KDMC-Pharmacy/select_--Select--Albendazole'

2018-05-21 12:14:28 - [MESSAGE][PASSED] - All options with index in [67] are selected on object 'Object Repository/PharmacyRequest/Page_KDMC-Pharmacy/select_--Select--Albendazole'

2018-05-21 12:14:28 - [TEST_STEP][PASSED] - delay: Delayed 1 second(s)

2018-05-21 12:14:29 - [MESSAGE][PASSED] - Delayed 1 second(s)

2018-05-21 12:14:29 - [TEST_STEP][PASSED] - setText: Text '10' is set on object 'Object Repository/PharmacyRequest/Page_KDMC-Pharmacy/input_txttreat'

2018-05-21 12:14:29 - [MESSAGE][PASSED] - Text '10' is set on object 'Object Repository/PharmacyRequest/Page_KDMC-Pharmacy/input_txttreat'

2018-05-21 12:14:29 - [TEST_STEP][PASSED] - click: Object: 'Object Repository/PharmacyRequest/Page_KDMC-Pharmacy/button_Add' is clicked on

2018-05-21 12:14:30 - [MESSAGE][PASSED] - Object: 'Object Repository/PharmacyRequest/Page_KDMC-Pharmacy/button_Add' is clicked on

2018-05-21 12:14:30 - [TEST_STEP][PASSED] - selectOptionByIndex: All options with index in [2] are selected on object 'Object Repository/PharmacyRequest/Page_KDMC-Pharmacy/select_--Select--Schedule 1Inj'

2018-05-21 12:14:30 - [MESSAGE][PASSED] - All options with index in [2] are selected on object 'Object Repository/PharmacyRequest/Page_KDMC-Pharmacy/select_--Select--Schedule 1Inj'

2018-05-21 12:14:30 - [TEST_STEP][PASSED] - selectOptionByIndex: All options with index in [68] are selected on object 'Object Repository/PharmacyRequest/Page_KDMC-Pharmacy/select_--Select--Albendazole'

2018-05-21 12:14:30 - [MESSAGE][PASSED] - All options with index in [68] are selected on object 'Object Repository/PharmacyRequest/Page_KDMC-Pharmacy/select_--Select--Albendazole'

2018-05-21 12:14:30 - [TEST_STEP][PASSED] - delay: Delayed 1 second(s)

2018-05-21 12:14:31 - [MESSAGE][PASSED] - Delayed 1 second(s)

2018-05-21 12:14:31 - [TEST_STEP][PASSED] - setText: Text '10' is set on object 'Object Repository/PharmacyRequest/Page_KDMC-Pharmacy/input_txttreat'

2018-05-21 12:14:31 - [MESSAGE][PASSED] - Text '10' is set on object 'Object Repository/PharmacyRequest/Page_KDMC-Pharmacy/input_txttreat'

2018-05-21 12:14:31 - [TEST_STEP][PASSED] - click: Object: 'Object Repository/PharmacyRequest/Page_KDMC-Pharmacy/button_Add' is clicked on

2018-05-21 12:14:31 - [MESSAGE][PASSED] - Object: 'Object Repository/PharmacyRequest/Page_KDMC-Pharmacy/button_Add' is clicked on

2018-05-21 12:14:31 - [TEST_STEP][PASSED] - selectOptionByIndex: All options with index in [2] are selected on object 'Object Repository/PharmacyRequest/Page_KDMC-Pharmacy/select_--Select--Schedule 1Inj'

2018-05-21 12:14:32 - [MESSAGE][PASSED] - All options with index in [2] are selected on object 'Object Repository/PharmacyRequest/Page_KDMC-Pharmacy/select_--Select--Schedule 1Inj'

2018-05-21 12:14:32 - [TEST_STEP][PASSED] - selectOptionByIndex: All options with index in [69] are selected on object 'Object Repository/PharmacyRequest/Page_KDMC-Pharmacy/select_--Select--Albendazole'

2018-05-21 12:14:32 - [MESSAGE][PASSED] - All options with index in [69] are selected on object 'Object Repository/PharmacyRequest/Page_KDMC-Pharmacy/select_--Select--Albendazole'

2018-05-21 12:14:32 - [TEST_STEP][PASSED] - delay: Delayed 1 second(s)

2018-05-21 12:14:33 - [MESSAGE][PASSED] - Delayed 1 second(s)

2018-05-21 12:14:33 - [TEST_STEP][PASSED] - setText: Text '10' is set on object 'Object Repository/PharmacyRequest/Page_KDMC-Pharmacy/input_txttreat'

2018-05-21 12:14:34 - [MESSAGE][PASSED] - Text '10' is set on object 'Object Repository/PharmacyRequest/Page_KDMC-Pharmacy/input_txttreat'

2018-05-21 12:14:34 - [TEST_STEP][PASSED] - click: Object: 'Object Repository/PharmacyRequest/Page_KDMC-Pharmacy/button_Add' is clicked on

2018-05-21 12:14:34 - [MESSAGE][PASSED] - Object: 'Object Repository/PharmacyRequest/Page_KDMC-Pharmacy/button_Add' is clicked on

2018-05-21 12:14:34 - [TEST_STEP][PASSED] - selectOptionByIndex: All options with index in [2] are selected on object 'Object Repository/PharmacyRequest/Page_KDMC-Pharmacy/select_--Select--Schedule 1Inj'

2018-05-21 12:14:34 - [MESSAGE][PASSED] - All options with index in [2] are selected on object 'Object Repository/PharmacyRequest/Page_KDMC-Pharmacy/select_--Select--Schedule 1Inj'

2018-05-21 12:14:34 - [TEST_STEP][PASSED] - selectOptionByIndex: All options with index in [70] are selected on object 'Object Repository/PharmacyRequest/Page_KDMC-Pharmacy/select_--Select--Albendazole'

2018-05-21 12:14:34 - [MESSAGE][PASSED] - All options with index in [70] are selected on object 'Object Repository/PharmacyRequest/Page_KDMC-Pharmacy/select_--Select--Albendazole'

2018-05-21 12:14:34 - [TEST_STEP][PASSED] - delay: Delayed 1 second(s)

2018-05-21 12:14:35 - [MESSAGE][PASSED] - Delayed 1 second(s)

2018-05-21 12:14:35 - [TEST_STEP][PASSED] - setText: Text '10' is set on object 'Object Repository/PharmacyRequest/Page_KDMC-Pharmacy/input_txttreat'

2018-05-21 12:14:36 - [MESSAGE][PASSED] - Text '10' is set on object 'Object Repository/PharmacyRequest/Page_KDMC-Pharmacy/input_txttreat'

2018-05-21 12:14:36 - [TEST_STEP][PASSED] - click: Object: 'Object Repository/PharmacyRequest/Page_KDMC-Pharmacy/button_Add' is clicked on

2018-05-21 12:14:36 - [MESSAGE][PASSED] - Object: 'Object Repository/PharmacyRequest/Page_KDMC-Pharmacy/button_Add' is clicked on

2018-05-21 12:14:36 - [TEST_STEP][PASSED] - selectOptionByIndex: All options with index in [2] are selected on object 'Object Repository/PharmacyRequest/Page_KDMC-Pharmacy/select_--Select--Schedule 1Inj'

2018-05-21 12:14:36 - [MESSAGE][PASSED] - All options with index in [2] are selected on object 'Object Repository/PharmacyRequest/Page_KDMC-Pharmacy/select_--Select--Schedule 1Inj'

2018-05-21 12:14:36 - [TEST_STEP][PASSED] - selectOptionByIndex: All options with index in [71] are selected on object 'Object Repository/PharmacyRequest/Page_KDMC-Pharmacy/select_--Select--Albendazole'

2018-05-21 12:14:37 - [MESSAGE][PASSED] - All options with index in [71] are selected on object 'Object Repository/PharmacyRequest/Page_KDMC-Pharmacy/select_--Select--Albendazole'

2018-05-21 12:14:37 - [TEST_STEP][PASSED] - delay: Delayed 1 second(s)

2018-05-21 12:14:38 - [MESSAGE][PASSED] - Delayed 1 second(s)

2018-05-21 12:14:38 - [TEST_STEP][PASSED] - setText: Text '10' is set on object 'Object Repository/PharmacyRequest/Page_KDMC-Pharmacy/input_txttreat'

2018-05-21 12:14:38 - [MESSAGE][PASSED] - Text '10' is set on object 'Object Repository/PharmacyRequest/Page_KDMC-Pharmacy/input_txttreat'

2018-05-21 12:14:38 - [TEST_STEP][PASSED] - click: Object: 'Object Repository/PharmacyRequest/Page_KDMC-Pharmacy/button_Add' is clicked on

2018-05-21 12:14:38 - [MESSAGE][PASSED] - Object: 'Object Repository/PharmacyRequest/Page_KDMC-Pharmacy/button_Add' is clicked on

2018-05-21 12:14:38 - [TEST_STEP][PASSED] - selectOptionByIndex: All options with index in [2] are selected on object 'Object Repository/PharmacyRequest/Page_KDMC-Pharmacy/select_--Select--Schedule 1Inj'

2018-05-21 12:14:38 - [MESSAGE][PASSED] - All options with index in [2] are selected on object 'Object Repository/PharmacyRequest/Page_KDMC-Pharmacy/select_--Select--Schedule 1Inj'

2018-05-21 12:14:38 - [TEST_STEP][PASSED] - selectOptionByIndex: All options with index in [72] are selected on object 'Object Repository/PharmacyRequest/Page_KDMC-Pharmacy/select_--Select--Albendazole'

2018-05-21 12:14:39 - [MESSAGE][PASSED] - All options with index in [72] are selected on object 'Object Repository/PharmacyRequest/Page_KDMC-Pharmacy/select_--Select--Albendazole'

2018-05-21 12:14:39 - [TEST_STEP][PASSED] - delay: Delayed 1 second(s)

2018-05-21 12:14:40 - [MESSAGE][PASSED] - Delayed 1 second(s)

2018-05-21 12:14:40 - [TEST_STEP][PASSED] - setText: Text '10' is set on object 'Object Repository/PharmacyRequest/Page_KDMC-Pharmacy/input_txttreat'

2018-05-21 12:14:40 - [MESSAGE][PASSED] - Text '10' is set on object 'Object Repository/PharmacyRequest/Page_KDMC-Pharmacy/input_txttreat'

2018-05-21 12:14:40 - [TEST_STEP][PASSED] - click: Object: 'Object Repository/PharmacyRequest/Page_KDMC-Pharmacy/button_Add' is clicked on

2018-05-21 12:14:40 - [MESSAGE][PASSED] - Object: 'Object Repository/PharmacyRequest/Page_KDMC-Pharmacy/button_Add' is clicked on

2018-05-21 12:14:40 - [TEST_STEP][PASSED] - Statement - RN1 = com.kms.katalon.core.webui.keyword.WebUiBuiltInKeywords.getAttribute(com.kms.katalon.core.testobject.ObjectRepository.findTestObject(PharmacyRequest/Page_KDMC-Pharmacy/input_txtno), "value"): Attribute 'value' of object 'Object Repository/PharmacyRequest/Page_KDMC-Pharmacy/input_txtno' is: 'PRNO/21052018/155'

2018-05-21 12:14:40 - [MESSAGE][PASSED] - Attribute 'value' of object 'Object Repository/PharmacyRequest/Page_KDMC-Pharmacy/input_txtno' is: 'PRNO/21052018/155'

2018-05-21 12:14:40 - [TEST_STEP][PASSED] - Statement - out.println(RN1): null

2018-05-21 12:14:40 - [TEST_STEP][PASSED] - Statement - RID = RN1.split("/")[2]: null

2018-05-21 12:14:40 - [TEST_STEP][PASSED] - scrollToElement: Scroll to object 'Object Repository/PharmacyRequest/Page_KDMC-Pharmacy/input_btnsave' successfully

2018-05-21 12:14:40 - [MESSAGE][PASSED] - Scroll to object 'Object Repository/PharmacyRequest/Page_KDMC-Pharmacy/input_btnsave' successfully

2018-05-21 12:14:40 - [TEST_STEP][PASSED] - click: Object: 'Object Repository/PharmacyRequest/Page_KDMC-Pharmacy/input_btnsave' is clicked on

2018-05-21 12:14:40 - [MESSAGE][PASSED] - Object: 'Object Repository/PharmacyRequest/Page_KDMC-Pharmacy/input_btnsave' is clicked on

2018-05-21 12:14:40 - [TEST_STEP][PASSED] - delay: Delayed 3 second(s)

2018-05-21 12:14:43 - [MESSAGE][PASSED] - Delayed 3 second(s)

2018-05-21 12:14:43 - [TEST_STEP][PASSED] - click: Object: 'Object Repository/PharmacyRequest/Page_KDMC-Pharmacy/button_OK' is clicked on

2018-05-21 12:14:44 - [MESSAGE][PASSED] - Object: 'Object Repository/PharmacyRequest/Page_KDMC-Pharmacy/button_OK' is clicked on

2018-05-21 12:14:44 - [TEST_STEP][PASSED] - delay: Delayed 3 second(s)

2018-05-21 12:14:47 - [MESSAGE][PASSED] - Delayed 3 second(s)

2018-05-21 12:14:47 - [TEST_STEP][PASSED] - click: Object: 'Object Repository/PharmacyRequest/Page_KDMC-Pharmacy/a_Back to Pharmacy' is clicked on

2018-05-21 12:14:48 - [MESSAGE][PASSED] - Object: 'Object Repository/PharmacyRequest/Page_KDMC-Pharmacy/a_Back to Pharmacy' is clicked on

2018-05-21 12:14:48 - [TEST_STEP][PASSED] - delay: Delayed 3 second(s)

2018-05-21 12:14:51 - [MESSAGE][PASSED] - Delayed 3 second(s)

2018-05-21 12:14:51 - [TEST_STEP][PASSED] - click: Object: 'Object Repository/PharmacyRequest/Page_KDMC - Pharmacy/a_dropdown-toggle' is clicked on

2018-05-21 12:14:51 - [MESSAGE][PASSED] - Object: 'Object Repository/PharmacyRequest/Page_KDMC - Pharmacy/a_dropdown-toggle' is clicked on

2018-05-21 12:14:51 - [TEST_STEP][PASSED] - click: Object: 'Object Repository/PharmacyRequest/Page_KDMC - Pharmacy/a_Sign out' is clicked on

2018-05-21 12:14:51 - [MESSAGE][PASSED] - Object: 'Object Repository/PharmacyRequest/Page_KDMC - Pharmacy/a_Sign out' is clicked on

2018-05-21 12:14:51 - [TEST_STEP][PASSED] - delay: Delayed 3 second(s)

2018-05-21 12:14:54 - [MESSAGE][PASSED] - Delayed 3 second(s)

2018-05-21 12:14:54 - [TEST_STEP][PASSED] - click: Object: 'Object Repository/PharmacyRequest/Page_KDMC/a_CMO' is clicked on

2018-05-21 12:14:55 - [MESSAGE][PASSED] - Object: 'Object Repository/PharmacyRequest/Page_KDMC/a_CMO' is clicked on

2018-05-21 12:14:55 - [TEST_STEP][PASSED] - setText: Text 'guru' is set on object 'Object Repository/PharmacyRequest/Page_CMO login/input_txtusername'

2018-05-21 12:14:55 - [MESSAGE][PASSED] - Text 'guru' is set on object 'Object Repository/PharmacyRequest/Page_CMO login/input_txtusername'

2018-05-21 12:14:55 - [TEST_STEP][PASSED] - setText: Text '123' is set on object 'Object Repository/PharmacyRequest/Page_CMO login/input_txtpassword'

2018-05-21 12:14:55 - [MESSAGE][PASSED] - Text '123' is set on object 'Object Repository/PharmacyRequest/Page_CMO login/input_txtpassword'

2018-05-21 12:14:55 - [TEST_STEP][PASSED] - delay: Delayed 3 second(s)

2018-05-21 12:14:58 - [MESSAGE][PASSED] - Delayed 3 second(s)

2018-05-21 12:14:58 - [TEST_STEP][PASSED] - click: Object: 'Object Repository/PharmacyRequest/Page_CMO login/button_Sign in' is clicked on

2018-05-21 12:14:59 - [MESSAGE][PASSED] - Object: 'Object Repository/PharmacyRequest/Page_CMO login/button_Sign in' is clicked on

2018-05-21 12:14:59 - [TEST_STEP][PASSED] - click: Object: 'Object Repository/PharmacyRequest/Page_KDMC - CMO/a_Department Wise Request' is clicked on

2018-05-21 12:15:00 - [MESSAGE][PASSED] - Object: 'Object Repository/PharmacyRequest/Page_KDMC - CMO/a_Department Wise Request' is clicked on

2018-05-21 12:15:00 - [TEST_STEP][PASSED] - selectOptionByIndex: All options with index in [2] are selected on object 'Object Repository/PharmacyRequest/Page_KDMC - CMO/select_--ALL--'

2018-05-21 12:15:00 - [MESSAGE][PASSED] - All options with index in [2] are selected on object 'Object Repository/PharmacyRequest/Page_KDMC - CMO/select_--ALL--'

2018-05-21 12:15:00 - [TEST_STEP][PASSED] - selectOptionByIndex: All options with index in [1] are selected on object 'Object Repository/PharmacyRequest/Page_KDMC - CMO/select_--ALL--                _1'

2018-05-21 12:15:00 - [MESSAGE][PASSED] - All options with index in [1] are selected on object 'Object Repository/PharmacyRequest/Page_KDMC - CMO/select_--ALL--                _1'

2018-05-21 12:15:00 - [TEST_STEP][PASSED] - click: Object: 'Object Repository/PharmacyRequest/Page_KDMC - CMO/input_btnsearch' is clicked on

2018-05-21 12:15:00 - [MESSAGE][PASSED] - Object: 'Object Repository/PharmacyRequest/Page_KDMC - CMO/input_btnsearch' is clicked on

2018-05-21 12:15:00 - [TEST_STEP][PASSED] - Statement - ID = com.kms.katalon.core.webui.keyword.WebUiBuiltInKeywords.modifyObjectProperty(com.kms.katalon.core.testobject.ObjectRepository.findTestObject(PharmacyRequest/Page_KDMC - CMO/input_2), "xpath", "equals", "//*[@id=" + RID + "]", true): Modify property of object successfully

2018-05-21 12:15:00 - [MESSAGE][PASSED] - Modify property of object successfully

2018-05-21 12:15:00 - [TEST_STEP][PASSED] - click: Object: 'Object Repository/PharmacyRequest/Page_KDMC - CMO/input_2' is clicked on

2018-05-21 12:15:01 - [MESSAGE][PASSED] - Object: 'Object Repository/PharmacyRequest/Page_KDMC - CMO/input_2' is clicked on

2018-05-21 12:15:01 - [TEST_STEP][PASSED] - delay: Delayed 3 second(s)

2018-05-21 12:15:04 - [MESSAGE][PASSED] - Delayed 3 second(s)

2018-05-21 12:15:04 - [TEST_STEP][PASSED] - selectOptionByIndex: All options with index in [1] are selected on object 'Object Repository/PharmacyRequest/Page_KDMC - CMO/select_--Select--'

2018-05-21 12:15:04 - [MESSAGE][PASSED] - All options with index in [1] are selected on object 'Object Repository/PharmacyRequest/Page_KDMC - CMO/select_--Select--'

2018-05-21 12:15:04 - [TEST_STEP][PASSED] - click: Object: 'Object Repository/PharmacyRequest/Page_KDMC - CMO/input_btnupdate' is clicked on

2018-05-21 12:15:04 - [MESSAGE][PASSED] - Object: 'Object Repository/PharmacyRequest/Page_KDMC - CMO/input_btnupdate' is clicked on

2018-05-21 12:15:04 - [TEST_STEP][PASSED] - delay: Delayed 3 second(s)

2018-05-21 12:15:07 - [MESSAGE][PASSED] - Delayed 3 second(s)

2018-05-21 12:15:07 - [TEST_STEP][PASSED] - click: Object: 'Object Repository/PharmacyRequest/Page_KDMC - CMO/button_OK' is clicked on

2018-05-21 12:15:08 - [MESSAGE][PASSED] - Object: 'Object Repository/PharmacyRequest/Page_KDMC - CMO/button_OK' is clicked on

2018-05-21 12:15:08 - [TEST_STEP][PASSED] - delay: Delayed 3 second(s)

2018-05-21 12:15:11 - [MESSAGE][PASSED] - Delayed 3 second(s)

2018-05-21 12:15:11 - [TEST_STEP][PASSED] - click: Object: 'Object Repository/PharmacyRequest/Page_KDMC - CMO/a_dropdown-toggle' is clicked on

2018-05-21 12:15:11 - [MESSAGE][PASSED] - Object: 'Object Repository/PharmacyRequest/Page_KDMC - CMO/a_dropdown-toggle' is clicked on

2018-05-21 12:15:11 - [TEST_STEP][PASSED] - click: Object: 'Object Repository/PharmacyRequest/Page_KDMC - CMO/a_Sign out' is clicked on

2018-05-21 12:15:11 - [MESSAGE][PASSED] - Object: 'Object Repository/PharmacyRequest/Page_KDMC - CMO/a_Sign out' is clicked on

2018-05-21 12:15:11 - [TEST_STEP][PASSED] - delay: Delayed 3 second(s)

2018-05-21 12:15:14 - [MESSAGE][PASSED] - Delayed 3 second(s)

2018-05-21 12:15:14 - [TEST_STEP][PASSED] - click: Object: 'Object Repository/PharmacyRequest/Page_KDMC/a_Divisional Store' is clicked on

2018-05-21 12:15:15 - [MESSAGE][PASSED] - Object: 'Object Repository/PharmacyRequest/Page_KDMC/a_Divisional Store' is clicked on

2018-05-21 12:15:15 - [TEST_STEP][PASSED] - setText: Text 'ragu' is set on object 'Object Repository/PharmacyRequest/Page_Divisonal Store Login/input_txtusername'

2018-05-21 12:15:15 - [MESSAGE][PASSED] - Text 'ragu' is set on object 'Object Repository/PharmacyRequest/Page_Divisonal Store Login/input_txtusername'

2018-05-21 12:15:15 - [TEST_STEP][PASSED] - setText: Text '123' is set on object 'Object Repository/PharmacyRequest/Page_Divisonal Store Login/input_txtpassword'

2018-05-21 12:15:15 - [MESSAGE][PASSED] - Text '123' is set on object 'Object Repository/PharmacyRequest/Page_Divisonal Store Login/input_txtpassword'

2018-05-21 12:15:15 - [TEST_STEP][PASSED] - delay: Delayed 3 second(s)

2018-05-21 12:15:18 - [MESSAGE][PASSED] - Delayed 3 second(s)

2018-05-21 12:15:18 - [TEST_STEP][PASSED] - click: Object: 'Object Repository/PharmacyRequest/Page_Divisonal Store Login/button_Sign in' is clicked on

2018-05-21 12:15:19 - [MESSAGE][PASSED] - Object: 'Object Repository/PharmacyRequest/Page_Divisonal Store Login/button_Sign in' is clicked on

2018-05-21 12:15:19 - [TEST_STEP][PASSED] - delay: Delayed 3 second(s)

2018-05-21 12:15:22 - [MESSAGE][PASSED] - Delayed 3 second(s)

2018-05-21 12:15:22 - [TEST_STEP][PASSED] - click: Object: 'Object Repository/PharmacyRequest/Page_Store/a_Pharmacy Request' is clicked on

2018-05-21 12:15:22 - [MESSAGE][PASSED] - Object: 'Object Repository/PharmacyRequest/Page_Store/a_Pharmacy Request' is clicked on

2018-05-21 12:15:22 - [TEST_STEP][PASSED] - click: Object: 'Object Repository/PharmacyRequest/Page_Store/a_Request Item Pharmacy' is clicked on

2018-05-21 12:15:23 - [MESSAGE][PASSED] - Object: 'Object Repository/PharmacyRequest/Page_Store/a_Request Item Pharmacy' is clicked on

2018-05-21 12:15:23 - [TEST_STEP][PASSED] - delay: Delayed 2 second(s)

2018-05-21 12:15:25 - [MESSAGE][PASSED] - Delayed 2 second(s)

2018-05-21 12:15:25 - [TEST_STEP][PASSED] - setText: Text 'PRNO/21052018/155' is set on object 'Object Repository/PharmacyRequest/Page_Store/input'

2018-05-21 12:15:25 - [MESSAGE][PASSED] - Text 'PRNO/21052018/155' is set on object 'Object Repository/PharmacyRequest/Page_Store/input'

2018-05-21 12:15:25 - [TEST_STEP][PASSED] - delay: Delayed 2 second(s)

2018-05-21 12:15:27 - [MESSAGE][PASSED] - Delayed 2 second(s)

2018-05-21 12:15:27 - [TEST_STEP][PASSED] - Statement - ChooseRequest = com.kms.katalon.core.webui.keyword.WebUiBuiltInKeywords.modifyObjectProperty(com.kms.katalon.core.testobject.ObjectRepository.findTestObject(PharmacyRequest/Page_Store/input_2), "xpath", "equals", "//*[@id=" + RID + "]", true): Modify property of object successfully

2018-05-21 12:15:27 - [MESSAGE][PASSED] - Modify property of object successfully

2018-05-21 12:15:27 - [TEST_STEP][PASSED] - click: Object: 'Object Repository/PharmacyRequest/Page_Store/input_2' is clicked on

2018-05-21 12:15:27 - [MESSAGE][PASSED] - Object: 'Object Repository/PharmacyRequest/Page_Store/input_2' is clicked on

2018-05-21 12:15:27 - [TEST_STEP][PASSED] - delay: Delayed 2 second(s)

2018-05-21 12:15:29 - [MESSAGE][PASSED] - Delayed 2 second(s)

2018-05-21 12:15:29 - [TEST_STEP][PASSED] - Statement - selectedoptions = com.kms.katalon.core.webui.keyword.WebUiBuiltInKeywords.getNumberOfTotalOption(com.kms.katalon.core.testobject.ObjectRepository.findTestObject(PharmacyRequest/Page_Store/select_--Select--Amlodepin -5)): 73 options of object 'Object Repository/PharmacyRequest/Page_Store/select_--Select--Amlodepin -5' counted

2018-05-21 12:15:29 - [MESSAGE][PASSED] - 73 options of object 'Object Repository/PharmacyRequest/Page_Store/select_--Select--Amlodepin -5' counted

2018-05-21 12:15:29 - [TEST_STEP][PASSED] - Statement - For ([a = 1, a <= selectedoptions - 1, (a++)]): null

2018-05-21 12:15:29 - [TEST_STEP][PASSED] - selectOptionByIndex: All options with index in [1] are selected on object 'Object Repository/PharmacyRequest/Page_Store/select_--Select--Amlodepin -5'

2018-05-21 12:15:30 - [MESSAGE][PASSED] - All options with index in [1] are selected on object 'Object Repository/PharmacyRequest/Page_Store/select_--Select--Amlodepin -5'

2018-05-21 12:15:30 - [TEST_STEP][PASSED] - delay: Delayed 1 second(s)

2018-05-21 12:15:31 - [MESSAGE][PASSED] - Delayed 1 second(s)

2018-05-21 12:15:31 - [TEST_STEP][PASSED] - Statement - RequestedQty = com.kms.katalon.core.webui.keyword.WebUiBuiltInKeywords.getAttribute(com.kms.katalon.core.testobject.ObjectRepository.findTestObject(PharmacyRequest/Page_Store/input_txttotal), "value"): Attribute 'value' of object 'Object Repository/PharmacyRequest/Page_Store/input_txttotal' is: '10'

2018-05-21 12:15:31 - [MESSAGE][PASSED] - Attribute 'value' of object 'Object Repository/PharmacyRequest/Page_Store/input_txttotal' is: '10'

2018-05-21 12:15:31 - [TEST_STEP][PASSED] - Statement - out.println("Requested QTY : " + RequestedQty): null

2018-05-21 12:15:31 - [TEST_STEP][PASSED] - Statement - BatchNumber = com.kms.katalon.core.webui.keyword.WebUiBuiltInKeywords.getNumberOfTotalOption(com.kms.katalon.core.testobject.ObjectRepository.findTestObject(PharmacyRequest/Page_Store/select_--Select--BA50)): 2 options of object 'Object Repository/PharmacyRequest/Page_Store/select_--Select--BA50' counted

2018-05-21 12:15:31 - [MESSAGE][PASSED] - 2 options of object 'Object Repository/PharmacyRequest/Page_Store/select_--Select--BA50' counted

2018-05-21 12:15:31 - [TEST_STEP][PASSED] - Statement - For ([g = 1, g <= BatchNumber - 1, (g++)]): null

2018-05-21 12:15:31 - [TEST_STEP][PASSED] - selectOptionByIndex: All options with index in [1] are selected on object 'Object Repository/PharmacyRequest/Page_Store/select_--Select--BA50'

2018-05-21 12:15:31 - [MESSAGE][PASSED] - All options with index in [1] are selected on object 'Object Repository/PharmacyRequest/Page_Store/select_--Select--BA50'

2018-05-21 12:15:31 - [TEST_STEP][PASSED] - delay: Delayed 2 second(s)

2018-05-21 12:15:33 - [MESSAGE][PASSED] - Delayed 2 second(s)

2018-05-21 12:15:33 - [TEST_STEP][PASSED] - Statement - StockQty = com.kms.katalon.core.webui.keyword.WebUiBuiltInKeywords.getAttribute(com.kms.katalon.core.testobject.ObjectRepository.findTestObject(PharmacyRequest/Page_Store/input_txtprice), "value"): Attribute 'value' of object 'Object Repository/PharmacyRequest/Page_Store/input_txtprice' is: '1210'

2018-05-21 12:15:33 - [MESSAGE][PASSED] - Attribute 'value' of object 'Object Repository/PharmacyRequest/Page_Store/input_txtprice' is: '1210'

2018-05-21 12:15:33 - [TEST_STEP][PASSED] - Statement - out.println("Stock QTY : " + StockQty): null

2018-05-21 12:15:33 - [TEST_STEP][PASSED] - delay: Delayed 1 second(s)

2018-05-21 12:15:34 - [MESSAGE][PASSED] - Delayed 1 second(s)

2018-05-21 12:15:34 - [TEST_STEP][PASSED] - Statement - If (java.lang.Integer.valueOf(StockQty) >= java.lang.Integer.valueOf(RequestedQty)): null

2018-05-21 12:15:34 - [TEST_STEP][PASSED] - setText: Text '10' is set on object 'Object Repository/PharmacyRequest/Page_Store/input_txtqty'

2018-05-21 12:15:34 - [MESSAGE][PASSED] - Text '10' is set on object 'Object Repository/PharmacyRequest/Page_Store/input_txtqty'

2018-05-21 12:15:34 - [TEST_STEP][PASSED] - click: Object: 'Object Repository/PharmacyRequest/Page_Store/button_Add' is clicked on

2018-05-21 12:15:34 - [MESSAGE][PASSED] - Object: 'Object Repository/PharmacyRequest/Page_Store/button_Add' is clicked on

2018-05-21 12:15:34 - [TEST_STEP][PASSED] - Statement - Break: null

2018-05-21 12:15:34 - [TEST_STEP][PASSED] - selectOptionByIndex: All options with index in [2] are selected on object 'Object Repository/PharmacyRequest/Page_Store/select_--Select--Amlodepin -5'

2018-05-21 12:15:34 - [MESSAGE][PASSED] - All options with index in [2] are selected on object 'Object Repository/PharmacyRequest/Page_Store/select_--Select--Amlodepin -5'

2018-05-21 12:15:34 - [TEST_STEP][PASSED] - delay: Delayed 1 second(s)

2018-05-21 12:15:35 - [MESSAGE][PASSED] - Delayed 1 second(s)

2018-05-21 12:15:35 - [TEST_STEP][PASSED] - Statement - RequestedQty = com.kms.katalon.core.webui.keyword.WebUiBuiltInKeywords.getAttribute(com.kms.katalon.core.testobject.ObjectRepository.findTestObject(PharmacyRequest/Page_Store/input_txttotal), "value"): Attribute 'value' of object 'Object Repository/PharmacyRequest/Page_Store/input_txttotal' is: '10'

2018-05-21 12:15:35 - [MESSAGE][PASSED] - Attribute 'value' of object 'Object Repository/PharmacyRequest/Page_Store/input_txttotal' is: '10'

2018-05-21 12:15:35 - [TEST_STEP][PASSED] - Statement - out.println("Requested QTY : " + RequestedQty): null

2018-05-21 12:15:35 - [TEST_STEP][PASSED] - Statement - BatchNumber = com.kms.katalon.core.webui.keyword.WebUiBuiltInKeywords.getNumberOfTotalOption(com.kms.katalon.core.testobject.ObjectRepository.findTestObject(PharmacyRequest/Page_Store/select_--Select--BA50)): 3 options of object 'Object Repository/PharmacyRequest/Page_Store/select_--Select--BA50' counted

2018-05-21 12:15:35 - [MESSAGE][PASSED] - 3 options of object 'Object Repository/PharmacyRequest/Page_Store/select_--Select--BA50' counted

2018-05-21 12:15:35 - [TEST_STEP][PASSED] - Statement - For ([g = 1, g <= BatchNumber - 1, (g++)]): null

2018-05-21 12:15:35 - [TEST_STEP][PASSED] - selectOptionByIndex: All options with index in [1] are selected on object 'Object Repository/PharmacyRequest/Page_Store/select_--Select--BA50'

2018-05-21 12:15:35 - [MESSAGE][PASSED] - All options with index in [1] are selected on object 'Object Repository/PharmacyRequest/Page_Store/select_--Select--BA50'

2018-05-21 12:15:35 - [TEST_STEP][PASSED] - delay: Delayed 2 second(s)

2018-05-21 12:15:37 - [MESSAGE][PASSED] - Delayed 2 second(s)

2018-05-21 12:15:37 - [TEST_STEP][PASSED] - Statement - StockQty = com.kms.katalon.core.webui.keyword.WebUiBuiltInKeywords.getAttribute(com.kms.katalon.core.testobject.ObjectRepository.findTestObject(PharmacyRequest/Page_Store/input_txtprice), "value"): Attribute 'value' of object 'Object Repository/PharmacyRequest/Page_Store/input_txtprice' is: '100'

2018-05-21 12:15:38 - [MESSAGE][PASSED] - Attribute 'value' of object 'Object Repository/PharmacyRequest/Page_Store/input_txtprice' is: '100'

2018-05-21 12:15:38 - [TEST_STEP][PASSED] - Statement - out.println("Stock QTY : " + StockQty): null

2018-05-21 12:15:38 - [TEST_STEP][PASSED] - delay: Delayed 1 second(s)

2018-05-21 12:15:39 - [MESSAGE][PASSED] - Delayed 1 second(s)

2018-05-21 12:15:39 - [TEST_STEP][PASSED] - Statement - If (java.lang.Integer.valueOf(StockQty) >= java.lang.Integer.valueOf(RequestedQty)): null

2018-05-21 12:15:39 - [TEST_STEP][PASSED] - setText: Text '10' is set on object 'Object Repository/PharmacyRequest/Page_Store/input_txtqty'

2018-05-21 12:15:39 - [MESSAGE][PASSED] - Text '10' is set on object 'Object Repository/PharmacyRequest/Page_Store/input_txtqty'

2018-05-21 12:15:39 - [TEST_STEP][PASSED] - click: Object: 'Object Repository/PharmacyRequest/Page_Store/button_Add' is clicked on

2018-05-21 12:15:39 - [MESSAGE][PASSED] - Object: 'Object Repository/PharmacyRequest/Page_Store/button_Add' is clicked on

2018-05-21 12:15:39 - [TEST_STEP][PASSED] - Statement - Break: null

2018-05-21 12:15:39 - [TEST_STEP][PASSED] - selectOptionByIndex: All options with index in [3] are selected on object 'Object Repository/PharmacyRequest/Page_Store/select_--Select--Amlodepin -5'

2018-05-21 12:15:39 - [MESSAGE][PASSED] - All options with index in [3] are selected on object 'Object Repository/PharmacyRequest/Page_Store/select_--Select--Amlodepin -5'

2018-05-21 12:15:39 - [TEST_STEP][PASSED] - delay: Delayed 1 second(s)

2018-05-21 12:15:40 - [MESSAGE][PASSED] - Delayed 1 second(s)

2018-05-21 12:15:40 - [TEST_STEP][PASSED] - Statement - RequestedQty = com.kms.katalon.core.webui.keyword.WebUiBuiltInKeywords.getAttribute(com.kms.katalon.core.testobject.ObjectRepository.findTestObject(PharmacyRequest/Page_Store/input_txttotal), "value"): Attribute 'value' of object 'Object Repository/PharmacyRequest/Page_Store/input_txttotal' is: '10'

2018-05-21 12:15:40 - [MESSAGE][PASSED] - Attribute 'value' of object 'Object Repository/PharmacyRequest/Page_Store/input_txttotal' is: '10'

2018-05-21 12:15:40 - [TEST_STEP][PASSED] - Statement - out.println("Requested QTY : " + RequestedQty): null

2018-05-21 12:15:40 - [TEST_STEP][PASSED] - Statement - BatchNumber = com.kms.katalon.core.webui.keyword.WebUiBuiltInKeywords.getNumberOfTotalOption(com.kms.katalon.core.testobject.ObjectRepository.findTestObject(PharmacyRequest/Page_Store/select_--Select--BA50)): 4 options of object 'Object Repository/PharmacyRequest/Page_Store/select_--Select--BA50' counted

2018-05-21 12:15:40 - [MESSAGE][PASSED] - 4 options of object 'Object Repository/PharmacyRequest/Page_Store/select_--Select--BA50' counted

2018-05-21 12:15:40 - [TEST_STEP][PASSED] - Statement - For ([g = 1, g <= BatchNumber - 1, (g++)]): null

2018-05-21 12:15:40 - [TEST_STEP][PASSED] - selectOptionByIndex: All options with index in [1] are selected on object 'Object Repository/PharmacyRequest/Page_Store/select_--Select--BA50'

2018-05-21 12:15:40 - [MESSAGE][PASSED] - All options with index in [1] are selected on object 'Object Repository/PharmacyRequest/Page_Store/select_--Select--BA50'

2018-05-21 12:15:40 - [TEST_STEP][PASSED] - delay: Delayed 2 second(s)

2018-05-21 12:15:42 - [MESSAGE][PASSED] - Delayed 2 second(s)

2018-05-21 12:15:42 - [TEST_STEP][PASSED] - Statement - StockQty = com.kms.katalon.core.webui.keyword.WebUiBuiltInKeywords.getAttribute(com.kms.katalon.core.testobject.ObjectRepository.findTestObject(PharmacyRequest/Page_Store/input_txtprice), "value"): Attribute 'value' of object 'Object Repository/PharmacyRequest/Page_Store/input_txtprice' is: '1050'

2018-05-21 12:15:42 - [MESSAGE][PASSED] - Attribute 'value' of object 'Object Repository/PharmacyRequest/Page_Store/input_txtprice' is: '1050'

2018-05-21 12:15:42 - [TEST_STEP][PASSED] - Statement - out.println("Stock QTY : " + StockQty): null

2018-05-21 12:15:42 - [TEST_STEP][PASSED] - delay: Delayed 1 second(s)

2018-05-21 12:15:43 - [MESSAGE][PASSED] - Delayed 1 second(s)

2018-05-21 12:15:43 - [TEST_STEP][PASSED] - Statement - If (java.lang.Integer.valueOf(StockQty) >= java.lang.Integer.valueOf(RequestedQty)): null

2018-05-21 12:15:43 - [TEST_STEP][PASSED] - setText: Text '10' is set on object 'Object Repository/PharmacyRequest/Page_Store/input_txtqty'

2018-05-21 12:15:43 - [MESSAGE][PASSED] - Text '10' is set on object 'Object Repository/PharmacyRequest/Page_Store/input_txtqty'

2018-05-21 12:15:43 - [TEST_STEP][PASSED] - click: Object: 'Object Repository/PharmacyRequest/Page_Store/button_Add' is clicked on

2018-05-21 12:15:43 - [MESSAGE][PASSED] - Object: 'Object Repository/PharmacyRequest/Page_Store/button_Add' is clicked on

2018-05-21 12:15:43 - [TEST_STEP][PASSED] - Statement - Break: null

2018-05-21 12:15:43 - [TEST_STEP][PASSED] - selectOptionByIndex: All options with index in [4] are selected on object 'Object Repository/PharmacyRequest/Page_Store/select_--Select--Amlodepin -5'

2018-05-21 12:15:44 - [MESSAGE][PASSED] - All options with index in [4] are selected on object 'Object Repository/PharmacyRequest/Page_Store/select_--Select--Amlodepin -5'

2018-05-21 12:15:44 - [TEST_STEP][PASSED] - delay: Delayed 1 second(s)

2018-05-21 12:15:45 - [MESSAGE][PASSED] - Delayed 1 second(s)

2018-05-21 12:15:45 - [TEST_STEP][PASSED] - Statement - RequestedQty = com.kms.katalon.core.webui.keyword.WebUiBuiltInKeywords.getAttribute(com.kms.katalon.core.testobject.ObjectRepository.findTestObject(PharmacyRequest/Page_Store/input_txttotal), "value"): Attribute 'value' of object 'Object Repository/PharmacyRequest/Page_Store/input_txttotal' is: '10'

2018-05-21 12:15:45 - [MESSAGE][PASSED] - Attribute 'value' of object 'Object Repository/PharmacyRequest/Page_Store/input_txttotal' is: '10'

2018-05-21 12:15:45 - [TEST_STEP][PASSED] - Statement - out.println("Requested QTY : " + RequestedQty): null

2018-05-21 12:15:45 - [TEST_STEP][PASSED] - Statement - BatchNumber = com.kms.katalon.core.webui.keyword.WebUiBuiltInKeywords.getNumberOfTotalOption(com.kms.katalon.core.testobject.ObjectRepository.findTestObject(PharmacyRequest/Page_Store/select_--Select--BA50)): 3 options of object 'Object Repository/PharmacyRequest/Page_Store/select_--Select--BA50' counted

2018-05-21 12:15:45 - [MESSAGE][PASSED] - 3 options of object 'Object Repository/PharmacyRequest/Page_Store/select_--Select--BA50' counted

2018-05-21 12:15:45 - [TEST_STEP][PASSED] - Statement - For ([g = 1, g <= BatchNumber - 1, (g++)]): null

2018-05-21 12:15:45 - [TEST_STEP][PASSED] - selectOptionByIndex: All options with index in [1] are selected on object 'Object Repository/PharmacyRequest/Page_Store/select_--Select--BA50'

2018-05-21 12:15:45 - [MESSAGE][PASSED] - All options with index in [1] are selected on object 'Object Repository/PharmacyRequest/Page_Store/select_--Select--BA50'

2018-05-21 12:15:45 - [TEST_STEP][PASSED] - delay: Delayed 2 second(s)

2018-05-21 12:15:47 - [MESSAGE][PASSED] - Delayed 2 second(s)

2018-05-21 12:15:47 - [TEST_STEP][PASSED] - Statement - StockQty = com.kms.katalon.core.webui.keyword.WebUiBuiltInKeywords.getAttribute(com.kms.katalon.core.testobject.ObjectRepository.findTestObject(PharmacyRequest/Page_Store/input_txtprice), "value"): Attribute 'value' of object 'Object Repository/PharmacyRequest/Page_Store/input_txtprice' is: '1210'

2018-05-21 12:15:47 - [MESSAGE][PASSED] - Attribute 'value' of object 'Object Repository/PharmacyRequest/Page_Store/input_txtprice' is: '1210'

2018-05-21 12:15:47 - [TEST_STEP][PASSED] - Statement - out.println("Stock QTY : " + StockQty): null

2018-05-21 12:15:47 - [TEST_STEP][PASSED] - delay: Delayed 1 second(s)

2018-05-21 12:15:48 - [MESSAGE][PASSED] - Delayed 1 second(s)

2018-05-21 12:15:48 - [TEST_STEP][PASSED] - Statement - If (java.lang.Integer.valueOf(StockQty) >= java.lang.Integer.valueOf(RequestedQty)): null

2018-05-21 12:15:48 - [TEST_STEP][PASSED] - setText: Text '10' is set on object 'Object Repository/PharmacyRequest/Page_Store/input_txtqty'

2018-05-21 12:15:48 - [MESSAGE][PASSED] - Text '10' is set on object 'Object Repository/PharmacyRequest/Page_Store/input_txtqty'

2018-05-21 12:15:48 - [TEST_STEP][PASSED] - click: Object: 'Object Repository/PharmacyRequest/Page_Store/button_Add' is clicked on

2018-05-21 12:15:48 - [MESSAGE][PASSED] - Object: 'Object Repository/PharmacyRequest/Page_Store/button_Add' is clicked on

2018-05-21 12:15:48 - [TEST_STEP][PASSED] - Statement - Break: null

2018-05-21 12:15:48 - [TEST_STEP][PASSED] - selectOptionByIndex: All options with index in [5] are selected on object 'Object Repository/PharmacyRequest/Page_Store/select_--Select--Amlodepin -5'

2018-05-21 12:15:48 - [MESSAGE][PASSED] - All options with index in [5] are selected on object 'Object Repository/PharmacyRequest/Page_Store/select_--Select--Amlodepin -5'

2018-05-21 12:15:48 - [TEST_STEP][PASSED] - delay: Delayed 1 second(s)

2018-05-21 12:15:49 - [MESSAGE][PASSED] - Delayed 1 second(s)

2018-05-21 12:15:49 - [TEST_STEP][PASSED] - Statement - RequestedQty = com.kms.katalon.core.webui.keyword.WebUiBuiltInKeywords.getAttribute(com.kms.katalon.core.testobject.ObjectRepository.findTestObject(PharmacyRequest/Page_Store/input_txttotal), "value"): Attribute 'value' of object 'Object Repository/PharmacyRequest/Page_Store/input_txttotal' is: '10'

2018-05-21 12:15:49 - [MESSAGE][PASSED] - Attribute 'value' of object 'Object Repository/PharmacyRequest/Page_Store/input_txttotal' is: '10'

2018-05-21 12:15:49 - [TEST_STEP][PASSED] - Statement - out.println("Requested QTY : " + RequestedQty): null

2018-05-21 12:15:49 - [TEST_STEP][PASSED] - Statement - BatchNumber = com.kms.katalon.core.webui.keyword.WebUiBuiltInKeywords.getNumberOfTotalOption(com.kms.katalon.core.testobject.ObjectRepository.findTestObject(PharmacyRequest/Page_Store/select_--Select--BA50)): 3 options of object 'Object Repository/PharmacyRequest/Page_Store/select_--Select--BA50' counted

2018-05-21 12:15:49 - [MESSAGE][PASSED] - 3 options of object 'Object Repository/PharmacyRequest/Page_Store/select_--Select--BA50' counted

2018-05-21 12:15:49 - [TEST_STEP][PASSED] - Statement - For ([g = 1, g <= BatchNumber - 1, (g++)]): null

2018-05-21 12:15:49 - [TEST_STEP][PASSED] - selectOptionByIndex: All options with index in [1] are selected on object 'Object Repository/PharmacyRequest/Page_Store/select_--Select--BA50'

2018-05-21 12:15:49 - [MESSAGE][PASSED] - All options with index in [1] are selected on object 'Object Repository/PharmacyRequest/Page_Store/select_--Select--BA50'

2018-05-21 12:15:49 - [TEST_STEP][PASSED] - delay: Delayed 2 second(s)

2018-05-21 12:15:51 - [MESSAGE][PASSED] - Delayed 2 second(s)

2018-05-21 12:15:51 - [TEST_STEP][PASSED] - Statement - StockQty = com.kms.katalon.core.webui.keyword.WebUiBuiltInKeywords.getAttribute(com.kms.katalon.core.testobject.ObjectRepository.findTestObject(PharmacyRequest/Page_Store/input_txtprice), "value"): Attribute 'value' of object 'Object Repository/PharmacyRequest/Page_Store/input_txtprice' is: '100'

2018-05-21 12:15:51 - [MESSAGE][PASSED] - Attribute 'value' of object 'Object Repository/PharmacyRequest/Page_Store/input_txtprice' is: '100'

2018-05-21 12:15:51 - [TEST_STEP][PASSED] - Statement - out.println("Stock QTY : " + StockQty): null

2018-05-21 12:15:51 - [TEST_STEP][PASSED] - delay: Delayed 1 second(s)

2018-05-21 12:15:52 - [MESSAGE][PASSED] - Delayed 1 second(s)

2018-05-21 12:15:52 - [TEST_STEP][PASSED] - Statement - If (java.lang.Integer.valueOf(StockQty) >= java.lang.Integer.valueOf(RequestedQty)): null

2018-05-21 12:15:52 - [TEST_STEP][PASSED] - setText: Text '10' is set on object 'Object Repository/PharmacyRequest/Page_Store/input_txtqty'

2018-05-21 12:15:53 - [MESSAGE][PASSED] - Text '10' is set on object 'Object Repository/PharmacyRequest/Page_Store/input_txtqty'

2018-05-21 12:15:53 - [TEST_STEP][PASSED] - click: Object: 'Object Repository/PharmacyRequest/Page_Store/button_Add' is clicked on

2018-05-21 12:15:53 - [MESSAGE][PASSED] - Object: 'Object Repository/PharmacyRequest/Page_Store/button_Add' is clicked on

2018-05-21 12:15:53 - [TEST_STEP][PASSED] - Statement - Break: null

2018-05-21 12:15:53 - [TEST_STEP][PASSED] - selectOptionByIndex: All options with index in [6] are selected on object 'Object Repository/PharmacyRequest/Page_Store/select_--Select--Amlodepin -5'

2018-05-21 12:15:53 - [MESSAGE][PASSED] - All options with index in [6] are selected on object 'Object Repository/PharmacyRequest/Page_Store/select_--Select--Amlodepin -5'

2018-05-21 12:15:53 - [TEST_STEP][PASSED] - delay: Delayed 1 second(s)

2018-05-21 12:15:54 - [MESSAGE][PASSED] - Delayed 1 second(s)

2018-05-21 12:15:54 - [TEST_STEP][PASSED] - Statement - RequestedQty = com.kms.katalon.core.webui.keyword.WebUiBuiltInKeywords.getAttribute(com.kms.katalon.core.testobject.ObjectRepository.findTestObject(PharmacyRequest/Page_Store/input_txttotal), "value"): Attribute 'value' of object 'Object Repository/PharmacyRequest/Page_Store/input_txttotal' is: '10'

2018-05-21 12:15:54 - [MESSAGE][PASSED] - Attribute 'value' of object 'Object Repository/PharmacyRequest/Page_Store/input_txttotal' is: '10'

2018-05-21 12:15:54 - [TEST_STEP][PASSED] - Statement - out.println("Requested QTY : " + RequestedQty): null

2018-05-21 12:15:54 - [TEST_STEP][PASSED] - Statement - BatchNumber = com.kms.katalon.core.webui.keyword.WebUiBuiltInKeywords.getNumberOfTotalOption(com.kms.katalon.core.testobject.ObjectRepository.findTestObject(PharmacyRequest/Page_Store/select_--Select--BA50)): 3 options of object 'Object Repository/PharmacyRequest/Page_Store/select_--Select--BA50' counted

2018-05-21 12:15:54 - [MESSAGE][PASSED] - 3 options of object 'Object Repository/PharmacyRequest/Page_Store/select_--Select--BA50' counted

2018-05-21 12:15:54 - [TEST_STEP][PASSED] - Statement - For ([g = 1, g <= BatchNumber - 1, (g++)]): null

2018-05-21 12:15:54 - [TEST_STEP][PASSED] - selectOptionByIndex: All options with index in [1] are selected on object 'Object Repository/PharmacyRequest/Page_Store/select_--Select--BA50'

2018-05-21 12:15:54 - [MESSAGE][PASSED] - All options with index in [1] are selected on object 'Object Repository/PharmacyRequest/Page_Store/select_--Select--BA50'

2018-05-21 12:15:54 - [TEST_STEP][PASSED] - delay: Delayed 2 second(s)

2018-05-21 12:15:56 - [MESSAGE][PASSED] - Delayed 2 second(s)

2018-05-21 12:15:56 - [TEST_STEP][PASSED] - Statement - StockQty = com.kms.katalon.core.webui.keyword.WebUiBuiltInKeywords.getAttribute(com.kms.katalon.core.testobject.ObjectRepository.findTestObject(PharmacyRequest/Page_Store/input_txtprice), "value"): Attribute 'value' of object 'Object Repository/PharmacyRequest/Page_Store/input_txtprice' is: '100'

2018-05-21 12:15:56 - [MESSAGE][PASSED] - Attribute 'value' of object 'Object Repository/PharmacyRequest/Page_Store/input_txtprice' is: '100'

2018-05-21 12:15:56 - [TEST_STEP][PASSED] - Statement - out.println("Stock QTY : " + StockQty): null

2018-05-21 12:15:56 - [TEST_STEP][PASSED] - delay: Delayed 1 second(s)

2018-05-21 12:15:57 - [MESSAGE][PASSED] - Delayed 1 second(s)

2018-05-21 12:15:57 - [TEST_STEP][PASSED] - Statement - If (java.lang.Integer.valueOf(StockQty) >= java.lang.Integer.valueOf(RequestedQty)): null

2018-05-21 12:15:57 - [TEST_STEP][PASSED] - setText: Text '10' is set on object 'Object Repository/PharmacyRequest/Page_Store/input_txtqty'

2018-05-21 12:15:57 - [MESSAGE][PASSED] - Text '10' is set on object 'Object Repository/PharmacyRequest/Page_Store/input_txtqty'

2018-05-21 12:15:57 - [TEST_STEP][PASSED] - click: Object: 'Object Repository/PharmacyRequest/Page_Store/button_Add' is clicked on

2018-05-21 12:15:57 - [MESSAGE][PASSED] - Object: 'Object Repository/PharmacyRequest/Page_Store/button_Add' is clicked on

2018-05-21 12:15:57 - [TEST_STEP][PASSED] - Statement - Break: null

2018-05-21 12:15:57 - [TEST_STEP][PASSED] - selectOptionByIndex: All options with index in [7] are selected on object 'Object Repository/PharmacyRequest/Page_Store/select_--Select--Amlodepin -5'

2018-05-21 12:15:57 - [MESSAGE][PASSED] - All options with index in [7] are selected on object 'Object Repository/PharmacyRequest/Page_Store/select_--Select--Amlodepin -5'

2018-05-21 12:15:57 - [TEST_STEP][PASSED] - delay: Delayed 1 second(s)

2018-05-21 12:15:58 - [MESSAGE][PASSED] - Delayed 1 second(s)

2018-05-21 12:15:58 - [TEST_STEP][PASSED] - Statement - RequestedQty = com.kms.katalon.core.webui.keyword.WebUiBuiltInKeywords.getAttribute(com.kms.katalon.core.testobject.ObjectRepository.findTestObject(PharmacyRequest/Page_Store/input_txttotal), "value"): Attribute 'value' of object 'Object Repository/PharmacyRequest/Page_Store/input_txttotal' is: '10'

2018-05-21 12:15:59 - [MESSAGE][PASSED] - Attribute 'value' of object 'Object Repository/PharmacyRequest/Page_Store/input_txttotal' is: '10'

2018-05-21 12:15:59 - [TEST_STEP][PASSED] - Statement - out.println("Requested QTY : " + RequestedQty): null

2018-05-21 12:15:59 - [TEST_STEP][PASSED] - Statement - BatchNumber = com.kms.katalon.core.webui.keyword.WebUiBuiltInKeywords.getNumberOfTotalOption(com.kms.katalon.core.testobject.ObjectRepository.findTestObject(PharmacyRequest/Page_Store/select_--Select--BA50)): 3 options of object 'Object Repository/PharmacyRequest/Page_Store/select_--Select--BA50' counted

2018-05-21 12:15:59 - [MESSAGE][PASSED] - 3 options of object 'Object Repository/PharmacyRequest/Page_Store/select_--Select--BA50' counted

2018-05-21 12:15:59 - [TEST_STEP][PASSED] - Statement - For ([g = 1, g <= BatchNumber - 1, (g++)]): null

2018-05-21 12:15:59 - [TEST_STEP][PASSED] - selectOptionByIndex: All options with index in [1] are selected on object 'Object Repository/PharmacyRequest/Page_Store/select_--Select--BA50'

2018-05-21 12:15:59 - [MESSAGE][PASSED] - All options with index in [1] are selected on object 'Object Repository/PharmacyRequest/Page_Store/select_--Select--BA50'

2018-05-21 12:15:59 - [TEST_STEP][PASSED] - delay: Delayed 2 second(s)

2018-05-21 12:16:01 - [MESSAGE][PASSED] - Delayed 2 second(s)

2018-05-21 12:16:01 - [TEST_STEP][PASSED] - Statement - StockQty = com.kms.katalon.core.webui.keyword.WebUiBuiltInKeywords.getAttribute(com.kms.katalon.core.testobject.ObjectRepository.findTestObject(PharmacyRequest/Page_Store/input_txtprice), "value"): Attribute 'value' of object 'Object Repository/PharmacyRequest/Page_Store/input_txtprice' is: '100'

2018-05-21 12:16:01 - [MESSAGE][PASSED] - Attribute 'value' of object 'Object Repository/PharmacyRequest/Page_Store/input_txtprice' is: '100'

2018-05-21 12:16:01 - [TEST_STEP][PASSED] - Statement - out.println("Stock QTY : " + StockQty): null

2018-05-21 12:16:01 - [TEST_STEP][PASSED] - delay: Delayed 1 second(s)

2018-05-21 12:16:02 - [MESSAGE][PASSED] - Delayed 1 second(s)

2018-05-21 12:16:02 - [TEST_STEP][PASSED] - Statement - If (java.lang.Integer.valueOf(StockQty) >= java.lang.Integer.valueOf(RequestedQty)): null

2018-05-21 12:16:02 - [TEST_STEP][PASSED] - setText: Text '10' is set on object 'Object Repository/PharmacyRequest/Page_Store/input_txtqty'

2018-05-21 12:16:02 - [MESSAGE][PASSED] - Text '10' is set on object 'Object Repository/PharmacyRequest/Page_Store/input_txtqty'

2018-05-21 12:16:02 - [TEST_STEP][PASSED] - click: Object: 'Object Repository/PharmacyRequest/Page_Store/button_Add' is clicked on

2018-05-21 12:16:02 - [MESSAGE][PASSED] - Object: 'Object Repository/PharmacyRequest/Page_Store/button_Add' is clicked on

2018-05-21 12:16:02 - [TEST_STEP][PASSED] - Statement - Break: null

2018-05-21 12:16:02 - [TEST_STEP][PASSED] - selectOptionByIndex: All options with index in [8] are selected on object 'Object Repository/PharmacyRequest/Page_Store/select_--Select--Amlodepin -5'

2018-05-21 12:16:02 - [MESSAGE][PASSED] - All options with index in [8] are selected on object 'Object Repository/PharmacyRequest/Page_Store/select_--Select--Amlodepin -5'

2018-05-21 12:16:02 - [TEST_STEP][PASSED] - delay: Delayed 1 second(s)

2018-05-21 12:16:03 - [MESSAGE][PASSED] - Delayed 1 second(s)

2018-05-21 12:16:03 - [TEST_STEP][PASSED] - Statement - RequestedQty = com.kms.katalon.core.webui.keyword.WebUiBuiltInKeywords.getAttribute(com.kms.katalon.core.testobject.ObjectRepository.findTestObject(PharmacyRequest/Page_Store/input_txttotal), "value"): Attribute 'value' of object 'Object Repository/PharmacyRequest/Page_Store/input_txttotal' is: '10'

2018-05-21 12:16:03 - [MESSAGE][PASSED] - Attribute 'value' of object 'Object Repository/PharmacyRequest/Page_Store/input_txttotal' is: '10'

2018-05-21 12:16:03 - [TEST_STEP][PASSED] - Statement - out.println("Requested QTY : " + RequestedQty): null

2018-05-21 12:16:03 - [TEST_STEP][PASSED] - Statement - BatchNumber = com.kms.katalon.core.webui.keyword.WebUiBuiltInKeywords.getNumberOfTotalOption(com.kms.katalon.core.testobject.ObjectRepository.findTestObject(PharmacyRequest/Page_Store/select_--Select--BA50)): 3 options of object 'Object Repository/PharmacyRequest/Page_Store/select_--Select--BA50' counted

2018-05-21 12:16:03 - [MESSAGE][PASSED] - 3 options of object 'Object Repository/PharmacyRequest/Page_Store/select_--Select--BA50' counted

2018-05-21 12:16:03 - [TEST_STEP][PASSED] - Statement - For ([g = 1, g <= BatchNumber - 1, (g++)]): null

2018-05-21 12:16:03 - [TEST_STEP][PASSED] - selectOptionByIndex: All options with index in [1] are selected on object 'Object Repository/PharmacyRequest/Page_Store/select_--Select--BA50'

2018-05-21 12:16:03 - [MESSAGE][PASSED] - All options with index in [1] are selected on object 'Object Repository/PharmacyRequest/Page_Store/select_--Select--BA50'

2018-05-21 12:16:03 - [TEST_STEP][PASSED] - delay: Delayed 2 second(s)

2018-05-21 12:16:05 - [MESSAGE][PASSED] - Delayed 2 second(s)

2018-05-21 12:16:05 - [TEST_STEP][PASSED] - Statement - StockQty = com.kms.katalon.core.webui.keyword.WebUiBuiltInKeywords.getAttribute(com.kms.katalon.core.testobject.ObjectRepository.findTestObject(PharmacyRequest/Page_Store/input_txtprice), "value"): Attribute 'value' of object 'Object Repository/PharmacyRequest/Page_Store/input_txtprice' is: '1060'

2018-05-21 12:16:05 - [MESSAGE][PASSED] - Attribute 'value' of object 'Object Repository/PharmacyRequest/Page_Store/input_txtprice' is: '1060'

2018-05-21 12:16:05 - [TEST_STEP][PASSED] - Statement - out.println("Stock QTY : " + StockQty): null

2018-05-21 12:16:05 - [TEST_STEP][PASSED] - delay: Delayed 1 second(s)

2018-05-21 12:16:06 - [MESSAGE][PASSED] - Delayed 1 second(s)

2018-05-21 12:16:06 - [TEST_STEP][PASSED] - Statement - If (java.lang.Integer.valueOf(StockQty) >= java.lang.Integer.valueOf(RequestedQty)): null

2018-05-21 12:16:06 - [TEST_STEP][PASSED] - setText: Text '10' is set on object 'Object Repository/PharmacyRequest/Page_Store/input_txtqty'

2018-05-21 12:16:07 - [MESSAGE][PASSED] - Text '10' is set on object 'Object Repository/PharmacyRequest/Page_Store/input_txtqty'

2018-05-21 12:16:07 - [TEST_STEP][PASSED] - click: Object: 'Object Repository/PharmacyRequest/Page_Store/button_Add' is clicked on

2018-05-21 12:16:07 - [MESSAGE][PASSED] - Object: 'Object Repository/PharmacyRequest/Page_Store/button_Add' is clicked on

2018-05-21 12:16:07 - [TEST_STEP][PASSED] - Statement - Break: null

2018-05-21 12:16:07 - [TEST_STEP][PASSED] - selectOptionByIndex: All options with index in [9] are selected on object 'Object Repository/PharmacyRequest/Page_Store/select_--Select--Amlodepin -5'

2018-05-21 12:16:07 - [MESSAGE][PASSED] - All options with index in [9] are selected on object 'Object Repository/PharmacyRequest/Page_Store/select_--Select--Amlodepin -5'

2018-05-21 12:16:07 - [TEST_STEP][PASSED] - delay: Delayed 1 second(s)

2018-05-21 12:16:08 - [MESSAGE][PASSED] - Delayed 1 second(s)

2018-05-21 12:16:08 - [TEST_STEP][PASSED] - Statement - RequestedQty = com.kms.katalon.core.webui.keyword.WebUiBuiltInKeywords.getAttribute(com.kms.katalon.core.testobject.ObjectRepository.findTestObject(PharmacyRequest/Page_Store/input_txttotal), "value"): Attribute 'value' of object 'Object Repository/PharmacyRequest/Page_Store/input_txttotal' is: '10'

2018-05-21 12:16:08 - [MESSAGE][PASSED] - Attribute 'value' of object 'Object Repository/PharmacyRequest/Page_Store/input_txttotal' is: '10'

2018-05-21 12:16:08 - [TEST_STEP][PASSED] - Statement - out.println("Requested QTY : " + RequestedQty): null

2018-05-21 12:16:08 - [TEST_STEP][PASSED] - Statement - BatchNumber = com.kms.katalon.core.webui.keyword.WebUiBuiltInKeywords.getNumberOfTotalOption(com.kms.katalon.core.testobject.ObjectRepository.findTestObject(PharmacyRequest/Page_Store/select_--Select--BA50)): 3 options of object 'Object Repository/PharmacyRequest/Page_Store/select_--Select--BA50' counted

2018-05-21 12:16:08 - [MESSAGE][PASSED] - 3 options of object 'Object Repository/PharmacyRequest/Page_Store/select_--Select--BA50' counted

2018-05-21 12:16:08 - [TEST_STEP][PASSED] - Statement - For ([g = 1, g <= BatchNumber - 1, (g++)]): null

2018-05-21 12:16:08 - [TEST_STEP][PASSED] - selectOptionByIndex: All options with index in [1] are selected on object 'Object Repository/PharmacyRequest/Page_Store/select_--Select--BA50'

2018-05-21 12:16:08 - [MESSAGE][PASSED] - All options with index in [1] are selected on object 'Object Repository/PharmacyRequest/Page_Store/select_--Select--BA50'

2018-05-21 12:16:08 - [TEST_STEP][PASSED] - delay: Delayed 2 second(s)

2018-05-21 12:16:10 - [MESSAGE][PASSED] - Delayed 2 second(s)

2018-05-21 12:16:10 - [TEST_STEP][PASSED] - Statement - StockQty = com.kms.katalon.core.webui.keyword.WebUiBuiltInKeywords.getAttribute(com.kms.katalon.core.testobject.ObjectRepository.findTestObject(PharmacyRequest/Page_Store/input_txtprice), "value"): Attribute 'value' of object 'Object Repository/PharmacyRequest/Page_Store/input_txtprice' is: '100'

2018-05-21 12:16:10 - [MESSAGE][PASSED] - Attribute 'value' of object 'Object Repository/PharmacyRequest/Page_Store/input_txtprice' is: '100'

2018-05-21 12:16:10 - [TEST_STEP][PASSED] - Statement - out.println("Stock QTY : " + StockQty): null

2018-05-21 12:16:10 - [TEST_STEP][PASSED] - delay: Delayed 1 second(s)

2018-05-21 12:16:11 - [MESSAGE][PASSED] - Delayed 1 second(s)

2018-05-21 12:16:11 - [TEST_STEP][PASSED] - Statement - If (java.lang.Integer.valueOf(StockQty) >= java.lang.Integer.valueOf(RequestedQty)): null

2018-05-21 12:16:11 - [TEST_STEP][PASSED] - setText: Text '10' is set on object 'Object Repository/PharmacyRequest/Page_Store/input_txtqty'

2018-05-21 12:16:11 - [MESSAGE][PASSED] - Text '10' is set on object 'Object Repository/PharmacyRequest/Page_Store/input_txtqty'

2018-05-21 12:16:11 - [TEST_STEP][PASSED] - click: Object: 'Object Repository/PharmacyRequest/Page_Store/button_Add' is clicked on

2018-05-21 12:16:11 - [MESSAGE][PASSED] - Object: 'Object Repository/PharmacyRequest/Page_Store/button_Add' is clicked on

2018-05-21 12:16:11 - [TEST_STEP][PASSED] - Statement - Break: null

2018-05-21 12:16:11 - [TEST_STEP][PASSED] - selectOptionByIndex: All options with index in [10] are selected on object 'Object Repository/PharmacyRequest/Page_Store/select_--Select--Amlodepin -5'

2018-05-21 12:16:11 - [MESSAGE][PASSED] - All options with index in [10] are selected on object 'Object Repository/PharmacyRequest/Page_Store/select_--Select--Amlodepin -5'

2018-05-21 12:16:11 - [TEST_STEP][PASSED] - delay: Delayed 1 second(s)

2018-05-21 12:16:12 - [MESSAGE][PASSED] - Delayed 1 second(s)

2018-05-21 12:16:12 - [TEST_STEP][PASSED] - Statement - RequestedQty = com.kms.katalon.core.webui.keyword.WebUiBuiltInKeywords.getAttribute(com.kms.katalon.core.testobject.ObjectRepository.findTestObject(PharmacyRequest/Page_Store/input_txttotal), "value"): Attribute 'value' of object 'Object Repository/PharmacyRequest/Page_Store/input_txttotal' is: '10'

2018-05-21 12:16:12 - [MESSAGE][PASSED] - Attribute 'value' of object 'Object Repository/PharmacyRequest/Page_Store/input_txttotal' is: '10'

2018-05-21 12:16:12 - [TEST_STEP][PASSED] - Statement - out.println("Requested QTY : " + RequestedQty): null

2018-05-21 12:16:12 - [TEST_STEP][PASSED] - Statement - BatchNumber = com.kms.katalon.core.webui.keyword.WebUiBuiltInKeywords.getNumberOfTotalOption(com.kms.katalon.core.testobject.ObjectRepository.findTestObject(PharmacyRequest/Page_Store/select_--Select--BA50)): 4 options of object 'Object Repository/PharmacyRequest/Page_Store/select_--Select--BA50' counted

2018-05-21 12:16:12 - [MESSAGE][PASSED] - 4 options of object 'Object Repository/PharmacyRequest/Page_Store/select_--Select--BA50' counted

2018-05-21 12:16:12 - [TEST_STEP][PASSED] - Statement - For ([g = 1, g <= BatchNumber - 1, (g++)]): null

2018-05-21 12:16:12 - [TEST_STEP][PASSED] - selectOptionByIndex: All options with index in [1] are selected on object 'Object Repository/PharmacyRequest/Page_Store/select_--Select--BA50'

2018-05-21 12:16:13 - [MESSAGE][PASSED] - All options with index in [1] are selected on object 'Object Repository/PharmacyRequest/Page_Store/select_--Select--BA50'

2018-05-21 12:16:13 - [TEST_STEP][PASSED] - delay: Delayed 2 second(s)

2018-05-21 12:16:15 - [MESSAGE][PASSED] - Delayed 2 second(s)

2018-05-21 12:16:15 - [TEST_STEP][PASSED] - Statement - StockQty = com.kms.katalon.core.webui.keyword.WebUiBuiltInKeywords.getAttribute(com.kms.katalon.core.testobject.ObjectRepository.findTestObject(PharmacyRequest/Page_Store/input_txtprice), "value"): Attribute 'value' of object 'Object Repository/PharmacyRequest/Page_Store/input_txtprice' is: '100'

2018-05-21 12:16:15 - [MESSAGE][PASSED] - Attribute 'value' of object 'Object Repository/PharmacyRequest/Page_Store/input_txtprice' is: '100'

2018-05-21 12:16:15 - [TEST_STEP][PASSED] - Statement - out.println("Stock QTY : " + StockQty): null

2018-05-21 12:16:15 - [TEST_STEP][PASSED] - delay: Delayed 1 second(s)

2018-05-21 12:16:16 - [MESSAGE][PASSED] - Delayed 1 second(s)

2018-05-21 12:16:16 - [TEST_STEP][PASSED] - Statement - If (java.lang.Integer.valueOf(StockQty) >= java.lang.Integer.valueOf(RequestedQty)): null

2018-05-21 12:16:16 - [TEST_STEP][PASSED] - setText: Text '10' is set on object 'Object Repository/PharmacyRequest/Page_Store/input_txtqty'

2018-05-21 12:16:16 - [MESSAGE][PASSED] - Text '10' is set on object 'Object Repository/PharmacyRequest/Page_Store/input_txtqty'

2018-05-21 12:16:16 - [TEST_STEP][PASSED] - click: Object: 'Object Repository/PharmacyRequest/Page_Store/button_Add' is clicked on

2018-05-21 12:16:16 - [MESSAGE][PASSED] - Object: 'Object Repository/PharmacyRequest/Page_Store/button_Add' is clicked on

2018-05-21 12:16:16 - [TEST_STEP][PASSED] - Statement - Break: null

2018-05-21 12:16:16 - [TEST_STEP][PASSED] - selectOptionByIndex: All options with index in [11] are selected on object 'Object Repository/PharmacyRequest/Page_Store/select_--Select--Amlodepin -5'

2018-05-21 12:16:16 - [MESSAGE][PASSED] - All options with index in [11] are selected on object 'Object Repository/PharmacyRequest/Page_Store/select_--Select--Amlodepin -5'

2018-05-21 12:16:16 - [TEST_STEP][PASSED] - delay: Delayed 1 second(s)

2018-05-21 12:16:17 - [MESSAGE][PASSED] - Delayed 1 second(s)

2018-05-21 12:16:17 - [TEST_STEP][PASSED] - Statement - RequestedQty = com.kms.katalon.core.webui.keyword.WebUiBuiltInKeywords.getAttribute(com.kms.katalon.core.testobject.ObjectRepository.findTestObject(PharmacyRequest/Page_Store/input_txttotal), "value"): Attribute 'value' of object 'Object Repository/PharmacyRequest/Page_Store/input_txttotal' is: '10'

2018-05-21 12:16:17 - [MESSAGE][PASSED] - Attribute 'value' of object 'Object Repository/PharmacyRequest/Page_Store/input_txttotal' is: '10'

2018-05-21 12:16:17 - [TEST_STEP][PASSED] - Statement - out.println("Requested QTY : " + RequestedQty): null

2018-05-21 12:16:17 - [TEST_STEP][PASSED] - Statement - BatchNumber = com.kms.katalon.core.webui.keyword.WebUiBuiltInKeywords.getNumberOfTotalOption(com.kms.katalon.core.testobject.ObjectRepository.findTestObject(PharmacyRequest/Page_Store/select_--Select--BA50)): 2 options of object 'Object Repository/PharmacyRequest/Page_Store/select_--Select--BA50' counted

2018-05-21 12:16:17 - [MESSAGE][PASSED] - 2 options of object 'Object Repository/PharmacyRequest/Page_Store/select_--Select--BA50' counted

2018-05-21 12:16:17 - [TEST_STEP][PASSED] - Statement - For ([g = 1, g <= BatchNumber - 1, (g++)]): null

2018-05-21 12:16:17 - [TEST_STEP][PASSED] - selectOptionByIndex: All options with index in [1] are selected on object 'Object Repository/PharmacyRequest/Page_Store/select_--Select--BA50'

2018-05-21 12:16:17 - [MESSAGE][PASSED] - All options with index in [1] are selected on object 'Object Repository/PharmacyRequest/Page_Store/select_--Select--BA50'

2018-05-21 12:16:17 - [TEST_STEP][PASSED] - delay: Delayed 2 second(s)

2018-05-21 12:16:19 - [MESSAGE][PASSED] - Delayed 2 second(s)

2018-05-21 12:16:19 - [TEST_STEP][PASSED] - Statement - StockQty = com.kms.katalon.core.webui.keyword.WebUiBuiltInKeywords.getAttribute(com.kms.katalon.core.testobject.ObjectRepository.findTestObject(PharmacyRequest/Page_Store/input_txtprice), "value"): Attribute 'value' of object 'Object Repository/PharmacyRequest/Page_Store/input_txtprice' is: '1260'

2018-05-21 12:16:19 - [MESSAGE][PASSED] - Attribute 'value' of object 'Object Repository/PharmacyRequest/Page_Store/input_txtprice' is: '1260'

2018-05-21 12:16:19 - [TEST_STEP][PASSED] - Statement - out.println("Stock QTY : " + StockQty): null

2018-05-21 12:16:19 - [TEST_STEP][PASSED] - delay: Delayed 1 second(s)

2018-05-21 12:16:20 - [MESSAGE][PASSED] - Delayed 1 second(s)

2018-05-21 12:16:20 - [TEST_STEP][PASSED] - Statement - If (java.lang.Integer.valueOf(StockQty) >= java.lang.Integer.valueOf(RequestedQty)): null

2018-05-21 12:16:20 - [TEST_STEP][PASSED] - setText: Text '10' is set on object 'Object Repository/PharmacyRequest/Page_Store/input_txtqty'

2018-05-21 12:16:20 - [MESSAGE][PASSED] - Text '10' is set on object 'Object Repository/PharmacyRequest/Page_Store/input_txtqty'

2018-05-21 12:16:20 - [TEST_STEP][PASSED] - click: Object: 'Object Repository/PharmacyRequest/Page_Store/button_Add' is clicked on

2018-05-21 12:16:21 - [MESSAGE][PASSED] - Object: 'Object Repository/PharmacyRequest/Page_Store/button_Add' is clicked on

2018-05-21 12:16:21 - [TEST_STEP][PASSED] - Statement - Break: null

2018-05-21 12:16:21 - [TEST_STEP][PASSED] - selectOptionByIndex: All options with index in [12] are selected on object 'Object Repository/PharmacyRequest/Page_Store/select_--Select--Amlodepin -5'

2018-05-21 12:16:21 - [MESSAGE][PASSED] - All options with index in [12] are selected on object 'Object Repository/PharmacyRequest/Page_Store/select_--Select--Amlodepin -5'

2018-05-21 12:16:21 - [TEST_STEP][PASSED] - delay: Delayed 1 second(s)

2018-05-21 12:16:22 - [MESSAGE][PASSED] - Delayed 1 second(s)

2018-05-21 12:16:22 - [TEST_STEP][PASSED] - Statement - RequestedQty = com.kms.katalon.core.webui.keyword.WebUiBuiltInKeywords.getAttribute(com.kms.katalon.core.testobject.ObjectRepository.findTestObject(PharmacyRequest/Page_Store/input_txttotal), "value"): Attribute 'value' of object 'Object Repository/PharmacyRequest/Page_Store/input_txttotal' is: '10'

2018-05-21 12:16:22 - [MESSAGE][PASSED] - Attribute 'value' of object 'Object Repository/PharmacyRequest/Page_Store/input_txttotal' is: '10'

2018-05-21 12:16:22 - [TEST_STEP][PASSED] - Statement - out.println("Requested QTY : " + RequestedQty): null

2018-05-21 12:16:22 - [TEST_STEP][PASSED] - Statement - BatchNumber = com.kms.katalon.core.webui.keyword.WebUiBuiltInKeywords.getNumberOfTotalOption(com.kms.katalon.core.testobject.ObjectRepository.findTestObject(PharmacyRequest/Page_Store/select_--Select--BA50)): 3 options of object 'Object Repository/PharmacyRequest/Page_Store/select_--Select--BA50' counted

2018-05-21 12:16:22 - [MESSAGE][PASSED] - 3 options of object 'Object Repository/PharmacyRequest/Page_Store/select_--Select--BA50' counted

2018-05-21 12:16:22 - [TEST_STEP][PASSED] - Statement - For ([g = 1, g <= BatchNumber - 1, (g++)]): null

2018-05-21 12:16:22 - [TEST_STEP][PASSED] - selectOptionByIndex: All options with index in [1] are selected on object 'Object Repository/PharmacyRequest/Page_Store/select_--Select--BA50'

2018-05-21 12:16:22 - [MESSAGE][PASSED] - All options with index in [1] are selected on object 'Object Repository/PharmacyRequest/Page_Store/select_--Select--BA50'

2018-05-21 12:16:22 - [TEST_STEP][PASSED] - delay: Delayed 2 second(s)

2018-05-21 12:16:24 - [MESSAGE][PASSED] - Delayed 2 second(s)

2018-05-21 12:16:24 - [TEST_STEP][PASSED] - Statement - StockQty = com.kms.katalon.core.webui.keyword.WebUiBuiltInKeywords.getAttribute(com.kms.katalon.core.testobject.ObjectRepository.findTestObject(PharmacyRequest/Page_Store/input_txtprice), "value"): Attribute 'value' of object 'Object Repository/PharmacyRequest/Page_Store/input_txtprice' is: '1060'

2018-05-21 12:16:24 - [MESSAGE][PASSED] - Attribute 'value' of object 'Object Repository/PharmacyRequest/Page_Store/input_txtprice' is: '1060'

2018-05-21 12:16:24 - [TEST_STEP][PASSED] - Statement - out.println("Stock QTY : " + StockQty): null

2018-05-21 12:16:24 - [TEST_STEP][PASSED] - delay: Delayed 1 second(s)

2018-05-21 12:16:25 - [MESSAGE][PASSED] - Delayed 1 second(s)

2018-05-21 12:16:25 - [TEST_STEP][PASSED] - Statement - If (java.lang.Integer.valueOf(StockQty) >= java.lang.Integer.valueOf(RequestedQty)): null

2018-05-21 12:16:25 - [TEST_STEP][PASSED] - setText: Text '10' is set on object 'Object Repository/PharmacyRequest/Page_Store/input_txtqty'

2018-05-21 12:16:25 - [MESSAGE][PASSED] - Text '10' is set on object 'Object Repository/PharmacyRequest/Page_Store/input_txtqty'

2018-05-21 12:16:25 - [TEST_STEP][PASSED] - click: Object: 'Object Repository/PharmacyRequest/Page_Store/button_Add' is clicked on

2018-05-21 12:16:25 - [MESSAGE][PASSED] - Object: 'Object Repository/PharmacyRequest/Page_Store/button_Add' is clicked on

2018-05-21 12:16:25 - [TEST_STEP][PASSED] - Statement - Break: null

2018-05-21 12:16:25 - [TEST_STEP][PASSED] - selectOptionByIndex: All options with index in [13] are selected on object 'Object Repository/PharmacyRequest/Page_Store/select_--Select--Amlodepin -5'

2018-05-21 12:16:26 - [MESSAGE][PASSED] - All options with index in [13] are selected on object 'Object Repository/PharmacyRequest/Page_Store/select_--Select--Amlodepin -5'

2018-05-21 12:16:26 - [TEST_STEP][PASSED] - delay: Delayed 1 second(s)

2018-05-21 12:16:27 - [MESSAGE][PASSED] - Delayed 1 second(s)

2018-05-21 12:16:27 - [TEST_STEP][PASSED] - Statement - RequestedQty = com.kms.katalon.core.webui.keyword.WebUiBuiltInKeywords.getAttribute(com.kms.katalon.core.testobject.ObjectRepository.findTestObject(PharmacyRequest/Page_Store/input_txttotal), "value"): Attribute 'value' of object 'Object Repository/PharmacyRequest/Page_Store/input_txttotal' is: '10'

2018-05-21 12:16:27 - [MESSAGE][PASSED] - Attribute 'value' of object 'Object Repository/PharmacyRequest/Page_Store/input_txttotal' is: '10'

2018-05-21 12:16:27 - [TEST_STEP][PASSED] - Statement - out.println("Requested QTY : " + RequestedQty): null

2018-05-21 12:16:27 - [TEST_STEP][PASSED] - Statement - BatchNumber = com.kms.katalon.core.webui.keyword.WebUiBuiltInKeywords.getNumberOfTotalOption(com.kms.katalon.core.testobject.ObjectRepository.findTestObject(PharmacyRequest/Page_Store/select_--Select--BA50)): 3 options of object 'Object Repository/PharmacyRequest/Page_Store/select_--Select--BA50' counted

2018-05-21 12:16:27 - [MESSAGE][PASSED] - 3 options of object 'Object Repository/PharmacyRequest/Page_Store/select_--Select--BA50' counted

2018-05-21 12:16:27 - [TEST_STEP][PASSED] - Statement - For ([g = 1, g <= BatchNumber - 1, (g++)]): null

2018-05-21 12:16:27 - [TEST_STEP][PASSED] - selectOptionByIndex: All options with index in [1] are selected on object 'Object Repository/PharmacyRequest/Page_Store/select_--Select--BA50'

2018-05-21 12:16:27 - [MESSAGE][PASSED] - All options with index in [1] are selected on object 'Object Repository/PharmacyRequest/Page_Store/select_--Select--BA50'

2018-05-21 12:16:27 - [TEST_STEP][PASSED] - delay: Delayed 2 second(s)

2018-05-21 12:16:29 - [MESSAGE][PASSED] - Delayed 2 second(s)

2018-05-21 12:16:29 - [TEST_STEP][PASSED] - Statement - StockQty = com.kms.katalon.core.webui.keyword.WebUiBuiltInKeywords.getAttribute(com.kms.katalon.core.testobject.ObjectRepository.findTestObject(PharmacyRequest/Page_Store/input_txtprice), "value"): Attribute 'value' of object 'Object Repository/PharmacyRequest/Page_Store/input_txtprice' is: '100'

2018-05-21 12:16:29 - [MESSAGE][PASSED] - Attribute 'value' of object 'Object Repository/PharmacyRequest/Page_Store/input_txtprice' is: '100'

2018-05-21 12:16:29 - [TEST_STEP][PASSED] - Statement - out.println("Stock QTY : " + StockQty): null

2018-05-21 12:16:29 - [TEST_STEP][PASSED] - delay: Delayed 1 second(s)

2018-05-21 12:16:30 - [MESSAGE][PASSED] - Delayed 1 second(s)

2018-05-21 12:16:30 - [TEST_STEP][PASSED] - Statement - If (java.lang.Integer.valueOf(StockQty) >= java.lang.Integer.valueOf(RequestedQty)): null

2018-05-21 12:16:30 - [TEST_STEP][PASSED] - setText: Text '10' is set on object 'Object Repository/PharmacyRequest/Page_Store/input_txtqty'

2018-05-21 12:16:30 - [MESSAGE][PASSED] - Text '10' is set on object 'Object Repository/PharmacyRequest/Page_Store/input_txtqty'

2018-05-21 12:16:30 - [TEST_STEP][PASSED] - click: Object: 'Object Repository/PharmacyRequest/Page_Store/button_Add' is clicked on

2018-05-21 12:16:30 - [MESSAGE][PASSED] - Object: 'Object Repository/PharmacyRequest/Page_Store/button_Add' is clicked on

2018-05-21 12:16:30 - [TEST_STEP][PASSED] - Statement - Break: null

2018-05-21 12:16:30 - [TEST_STEP][PASSED] - selectOptionByIndex: All options with index in [14] are selected on object 'Object Repository/PharmacyRequest/Page_Store/select_--Select--Amlodepin -5'

2018-05-21 12:16:30 - [MESSAGE][PASSED] - All options with index in [14] are selected on object 'Object Repository/PharmacyRequest/Page_Store/select_--Select--Amlodepin -5'

2018-05-21 12:16:30 - [TEST_STEP][PASSED] - delay: Delayed 1 second(s)

2018-05-21 12:16:31 - [MESSAGE][PASSED] - Delayed 1 second(s)

2018-05-21 12:16:31 - [TEST_STEP][PASSED] - Statement - RequestedQty = com.kms.katalon.core.webui.keyword.WebUiBuiltInKeywords.getAttribute(com.kms.katalon.core.testobject.ObjectRepository.findTestObject(PharmacyRequest/Page_Store/input_txttotal), "value"): Attribute 'value' of object 'Object Repository/PharmacyRequest/Page_Store/input_txttotal' is: '10'

2018-05-21 12:16:31 - [MESSAGE][PASSED] - Attribute 'value' of object 'Object Repository/PharmacyRequest/Page_Store/input_txttotal' is: '10'

2018-05-21 12:16:31 - [TEST_STEP][PASSED] - Statement - out.println("Requested QTY : " + RequestedQty): null

2018-05-21 12:16:31 - [TEST_STEP][PASSED] - Statement - BatchNumber = com.kms.katalon.core.webui.keyword.WebUiBuiltInKeywords.getNumberOfTotalOption(com.kms.katalon.core.testobject.ObjectRepository.findTestObject(PharmacyRequest/Page_Store/select_--Select--BA50)): 2 options of object 'Object Repository/PharmacyRequest/Page_Store/select_--Select--BA50' counted

2018-05-21 12:16:31 - [MESSAGE][PASSED] - 2 options of object 'Object Repository/PharmacyRequest/Page_Store/select_--Select--BA50' counted

2018-05-21 12:16:31 - [TEST_STEP][PASSED] - Statement - For ([g = 1, g <= BatchNumber - 1, (g++)]): null

2018-05-21 12:16:31 - [TEST_STEP][PASSED] - selectOptionByIndex: All options with index in [1] are selected on object 'Object Repository/PharmacyRequest/Page_Store/select_--Select--BA50'

2018-05-21 12:16:32 - [MESSAGE][PASSED] - All options with index in [1] are selected on object 'Object Repository/PharmacyRequest/Page_Store/select_--Select--BA50'

2018-05-21 12:16:32 - [TEST_STEP][PASSED] - delay: Delayed 2 second(s)

2018-05-21 12:16:34 - [MESSAGE][PASSED] - Delayed 2 second(s)

2018-05-21 12:16:34 - [TEST_STEP][PASSED] - Statement - StockQty = com.kms.katalon.core.webui.keyword.WebUiBuiltInKeywords.getAttribute(com.kms.katalon.core.testobject.ObjectRepository.findTestObject(PharmacyRequest/Page_Store/input_txtprice), "value"): Attribute 'value' of object 'Object Repository/PharmacyRequest/Page_Store/input_txtprice' is: '1260'

2018-05-21 12:16:34 - [MESSAGE][PASSED] - Attribute 'value' of object 'Object Repository/PharmacyRequest/Page_Store/input_txtprice' is: '1260'

2018-05-21 12:16:34 - [TEST_STEP][PASSED] - Statement - out.println("Stock QTY : " + StockQty): null

2018-05-21 12:16:34 - [TEST_STEP][PASSED] - delay: Delayed 1 second(s)

2018-05-21 12:16:35 - [MESSAGE][PASSED] - Delayed 1 second(s)

2018-05-21 12:16:35 - [TEST_STEP][PASSED] - Statement - If (java.lang.Integer.valueOf(StockQty) >= java.lang.Integer.valueOf(RequestedQty)): null

2018-05-21 12:16:35 - [TEST_STEP][PASSED] - setText: Text '10' is set on object 'Object Repository/PharmacyRequest/Page_Store/input_txtqty'

2018-05-21 12:16:35 - [MESSAGE][PASSED] - Text '10' is set on object 'Object Repository/PharmacyRequest/Page_Store/input_txtqty'

2018-05-21 12:16:35 - [TEST_STEP][PASSED] - click: Object: 'Object Repository/PharmacyRequest/Page_Store/button_Add' is clicked on

2018-05-21 12:16:35 - [MESSAGE][PASSED] - Object: 'Object Repository/PharmacyRequest/Page_Store/button_Add' is clicked on

2018-05-21 12:16:35 - [TEST_STEP][PASSED] - Statement - Break: null

2018-05-21 12:16:35 - [TEST_STEP][PASSED] - selectOptionByIndex: All options with index in [15] are selected on object 'Object Repository/PharmacyRequest/Page_Store/select_--Select--Amlodepin -5'

2018-05-21 12:16:35 - [MESSAGE][PASSED] - All options with index in [15] are selected on object 'Object Repository/PharmacyRequest/Page_Store/select_--Select--Amlodepin -5'

2018-05-21 12:16:35 - [TEST_STEP][PASSED] - delay: Delayed 1 second(s)

2018-05-21 12:16:36 - [MESSAGE][PASSED] - Delayed 1 second(s)

2018-05-21 12:16:36 - [TEST_STEP][PASSED] - Statement - RequestedQty = com.kms.katalon.core.webui.keyword.WebUiBuiltInKeywords.getAttribute(com.kms.katalon.core.testobject.ObjectRepository.findTestObject(PharmacyRequest/Page_Store/input_txttotal), "value"): Attribute 'value' of object 'Object Repository/PharmacyRequest/Page_Store/input_txttotal' is: '10'

2018-05-21 12:16:36 - [MESSAGE][PASSED] - Attribute 'value' of object 'Object Repository/PharmacyRequest/Page_Store/input_txttotal' is: '10'

2018-05-21 12:16:36 - [TEST_STEP][PASSED] - Statement - out.println("Requested QTY : " + RequestedQty): null

2018-05-21 12:16:36 - [TEST_STEP][PASSED] - Statement - BatchNumber = com.kms.katalon.core.webui.keyword.WebUiBuiltInKeywords.getNumberOfTotalOption(com.kms.katalon.core.testobject.ObjectRepository.findTestObject(PharmacyRequest/Page_Store/select_--Select--BA50)): 2 options of object 'Object Repository/PharmacyRequest/Page_Store/select_--Select--BA50' counted

2018-05-21 12:16:36 - [MESSAGE][PASSED] - 2 options of object 'Object Repository/PharmacyRequest/Page_Store/select_--Select--BA50' counted

2018-05-21 12:16:36 - [TEST_STEP][PASSED] - Statement - For ([g = 1, g <= BatchNumber - 1, (g++)]): null

2018-05-21 12:16:36 - [TEST_STEP][PASSED] - selectOptionByIndex: All options with index in [1] are selected on object 'Object Repository/PharmacyRequest/Page_Store/select_--Select--BA50'

2018-05-21 12:16:36 - [MESSAGE][PASSED] - All options with index in [1] are selected on object 'Object Repository/PharmacyRequest/Page_Store/select_--Select--BA50'

2018-05-21 12:16:36 - [TEST_STEP][PASSED] - delay: Delayed 2 second(s)

2018-05-21 12:16:38 - [MESSAGE][PASSED] - Delayed 2 second(s)

2018-05-21 12:16:38 - [TEST_STEP][PASSED] - Statement - StockQty = com.kms.katalon.core.webui.keyword.WebUiBuiltInKeywords.getAttribute(com.kms.katalon.core.testobject.ObjectRepository.findTestObject(PharmacyRequest/Page_Store/input_txtprice), "value"): Attribute 'value' of object 'Object Repository/PharmacyRequest/Page_Store/input_txtprice' is: '1240'

2018-05-21 12:16:38 - [MESSAGE][PASSED] - Attribute 'value' of object 'Object Repository/PharmacyRequest/Page_Store/input_txtprice' is: '1240'

2018-05-21 12:16:38 - [TEST_STEP][PASSED] - Statement - out.println("Stock QTY : " + StockQty): null

2018-05-21 12:16:38 - [TEST_STEP][PASSED] - delay: Delayed 1 second(s)

2018-05-21 12:16:39 - [MESSAGE][PASSED] - Delayed 1 second(s)

2018-05-21 12:16:39 - [TEST_STEP][PASSED] - Statement - If (java.lang.Integer.valueOf(StockQty) >= java.lang.Integer.valueOf(RequestedQty)): null

2018-05-21 12:16:39 - [TEST_STEP][PASSED] - setText: Text '10' is set on object 'Object Repository/PharmacyRequest/Page_Store/input_txtqty'

2018-05-21 12:16:39 - [MESSAGE][PASSED] - Text '10' is set on object 'Object Repository/PharmacyRequest/Page_Store/input_txtqty'

2018-05-21 12:16:39 - [TEST_STEP][PASSED] - click: Object: 'Object Repository/PharmacyRequest/Page_Store/button_Add' is clicked on

2018-05-21 12:16:39 - [MESSAGE][PASSED] - Object: 'Object Repository/PharmacyRequest/Page_Store/button_Add' is clicked on

2018-05-21 12:16:39 - [TEST_STEP][PASSED] - Statement - Break: null

2018-05-21 12:16:39 - [TEST_STEP][PASSED] - selectOptionByIndex: All options with index in [16] are selected on object 'Object Repository/PharmacyRequest/Page_Store/select_--Select--Amlodepin -5'

2018-05-21 12:16:40 - [MESSAGE][PASSED] - All options with index in [16] are selected on object 'Object Repository/PharmacyRequest/Page_Store/select_--Select--Amlodepin -5'

2018-05-21 12:16:40 - [TEST_STEP][PASSED] - delay: Delayed 1 second(s)

2018-05-21 12:16:41 - [MESSAGE][PASSED] - Delayed 1 second(s)

2018-05-21 12:16:41 - [TEST_STEP][PASSED] - Statement - RequestedQty = com.kms.katalon.core.webui.keyword.WebUiBuiltInKeywords.getAttribute(com.kms.katalon.core.testobject.ObjectRepository.findTestObject(PharmacyRequest/Page_Store/input_txttotal), "value"): Attribute 'value' of object 'Object Repository/PharmacyRequest/Page_Store/input_txttotal' is: '10'

2018-05-21 12:16:41 - [MESSAGE][PASSED] - Attribute 'value' of object 'Object Repository/PharmacyRequest/Page_Store/input_txttotal' is: '10'

2018-05-21 12:16:41 - [TEST_STEP][PASSED] - Statement - out.println("Requested QTY : " + RequestedQty): null

2018-05-21 12:16:41 - [TEST_STEP][PASSED] - Statement - BatchNumber = com.kms.katalon.core.webui.keyword.WebUiBuiltInKeywords.getNumberOfTotalOption(com.kms.katalon.core.testobject.ObjectRepository.findTestObject(PharmacyRequest/Page_Store/select_--Select--BA50)): 2 options of object 'Object Repository/PharmacyRequest/Page_Store/select_--Select--BA50' counted

2018-05-21 12:16:41 - [MESSAGE][PASSED] - 2 options of object 'Object Repository/PharmacyRequest/Page_Store/select_--Select--BA50' counted

2018-05-21 12:16:41 - [TEST_STEP][PASSED] - Statement - For ([g = 1, g <= BatchNumber - 1, (g++)]): null

2018-05-21 12:16:41 - [TEST_STEP][PASSED] - selectOptionByIndex: All options with index in [1] are selected on object 'Object Repository/PharmacyRequest/Page_Store/select_--Select--BA50'

2018-05-21 12:16:41 - [MESSAGE][PASSED] - All options with index in [1] are selected on object 'Object Repository/PharmacyRequest/Page_Store/select_--Select--BA50'

2018-05-21 12:16:41 - [TEST_STEP][PASSED] - delay: Delayed 2 second(s)

2018-05-21 12:16:43 - [MESSAGE][PASSED] - Delayed 2 second(s)

2018-05-21 12:16:43 - [TEST_STEP][PASSED] - Statement - StockQty = com.kms.katalon.core.webui.keyword.WebUiBuiltInKeywords.getAttribute(com.kms.katalon.core.testobject.ObjectRepository.findTestObject(PharmacyRequest/Page_Store/input_txtprice), "value"): Attribute 'value' of object 'Object Repository/PharmacyRequest/Page_Store/input_txtprice' is: '1260'

2018-05-21 12:16:43 - [MESSAGE][PASSED] - Attribute 'value' of object 'Object Repository/PharmacyRequest/Page_Store/input_txtprice' is: '1260'

2018-05-21 12:16:43 - [TEST_STEP][PASSED] - Statement - out.println("Stock QTY : " + StockQty): null

2018-05-21 12:16:43 - [TEST_STEP][PASSED] - delay: Delayed 1 second(s)

2018-05-21 12:16:44 - [MESSAGE][PASSED] - Delayed 1 second(s)

2018-05-21 12:16:44 - [TEST_STEP][PASSED] - Statement - If (java.lang.Integer.valueOf(StockQty) >= java.lang.Integer.valueOf(RequestedQty)): null

2018-05-21 12:16:44 - [TEST_STEP][PASSED] - setText: Text '10' is set on object 'Object Repository/PharmacyRequest/Page_Store/input_txtqty'

2018-05-21 12:16:44 - [MESSAGE][PASSED] - Text '10' is set on object 'Object Repository/PharmacyRequest/Page_Store/input_txtqty'

2018-05-21 12:16:44 - [TEST_STEP][PASSED] - click: Object: 'Object Repository/PharmacyRequest/Page_Store/button_Add' is clicked on

2018-05-21 12:16:44 - [MESSAGE][PASSED] - Object: 'Object Repository/PharmacyRequest/Page_Store/button_Add' is clicked on

2018-05-21 12:16:44 - [TEST_STEP][PASSED] - Statement - Break: null

2018-05-21 12:16:44 - [TEST_STEP][PASSED] - selectOptionByIndex: All options with index in [17] are selected on object 'Object Repository/PharmacyRequest/Page_Store/select_--Select--Amlodepin -5'

2018-05-21 12:16:44 - [MESSAGE][PASSED] - All options with index in [17] are selected on object 'Object Repository/PharmacyRequest/Page_Store/select_--Select--Amlodepin -5'

2018-05-21 12:16:44 - [TEST_STEP][PASSED] - delay: Delayed 1 second(s)

2018-05-21 12:16:45 - [MESSAGE][PASSED] - Delayed 1 second(s)

2018-05-21 12:16:45 - [TEST_STEP][PASSED] - Statement - RequestedQty = com.kms.katalon.core.webui.keyword.WebUiBuiltInKeywords.getAttribute(com.kms.katalon.core.testobject.ObjectRepository.findTestObject(PharmacyRequest/Page_Store/input_txttotal), "value"): Attribute 'value' of object 'Object Repository/PharmacyRequest/Page_Store/input_txttotal' is: '10'

2018-05-21 12:16:45 - [MESSAGE][PASSED] - Attribute 'value' of object 'Object Repository/PharmacyRequest/Page_Store/input_txttotal' is: '10'

2018-05-21 12:16:45 - [TEST_STEP][PASSED] - Statement - out.println("Requested QTY : " + RequestedQty): null

2018-05-21 12:16:45 - [TEST_STEP][PASSED] - Statement - BatchNumber = com.kms.katalon.core.webui.keyword.WebUiBuiltInKeywords.getNumberOfTotalOption(com.kms.katalon.core.testobject.ObjectRepository.findTestObject(PharmacyRequest/Page_Store/select_--Select--BA50)): 3 options of object 'Object Repository/PharmacyRequest/Page_Store/select_--Select--BA50' counted

2018-05-21 12:16:46 - [MESSAGE][PASSED] - 3 options of object 'Object Repository/PharmacyRequest/Page_Store/select_--Select--BA50' counted

2018-05-21 12:16:46 - [TEST_STEP][PASSED] - Statement - For ([g = 1, g <= BatchNumber - 1, (g++)]): null

2018-05-21 12:16:46 - [TEST_STEP][PASSED] - selectOptionByIndex: All options with index in [1] are selected on object 'Object Repository/PharmacyRequest/Page_Store/select_--Select--BA50'

2018-05-21 12:16:46 - [MESSAGE][PASSED] - All options with index in [1] are selected on object 'Object Repository/PharmacyRequest/Page_Store/select_--Select--BA50'

2018-05-21 12:16:46 - [TEST_STEP][PASSED] - delay: Delayed 2 second(s)

2018-05-21 12:16:48 - [MESSAGE][PASSED] - Delayed 2 second(s)

2018-05-21 12:16:48 - [TEST_STEP][PASSED] - Statement - StockQty = com.kms.katalon.core.webui.keyword.WebUiBuiltInKeywords.getAttribute(com.kms.katalon.core.testobject.ObjectRepository.findTestObject(PharmacyRequest/Page_Store/input_txtprice), "value"): Attribute 'value' of object 'Object Repository/PharmacyRequest/Page_Store/input_txtprice' is: '1060'

2018-05-21 12:16:48 - [MESSAGE][PASSED] - Attribute 'value' of object 'Object Repository/PharmacyRequest/Page_Store/input_txtprice' is: '1060'

2018-05-21 12:16:48 - [TEST_STEP][PASSED] - Statement - out.println("Stock QTY : " + StockQty): null

2018-05-21 12:16:48 - [TEST_STEP][PASSED] - delay: Delayed 1 second(s)

2018-05-21 12:16:49 - [MESSAGE][PASSED] - Delayed 1 second(s)

2018-05-21 12:16:49 - [TEST_STEP][PASSED] - Statement - If (java.lang.Integer.valueOf(StockQty) >= java.lang.Integer.valueOf(RequestedQty)): null

2018-05-21 12:16:49 - [TEST_STEP][PASSED] - setText: Text '10' is set on object 'Object Repository/PharmacyRequest/Page_Store/input_txtqty'

2018-05-21 12:16:49 - [MESSAGE][PASSED] - Text '10' is set on object 'Object Repository/PharmacyRequest/Page_Store/input_txtqty'

2018-05-21 12:16:49 - [TEST_STEP][PASSED] - click: Object: 'Object Repository/PharmacyRequest/Page_Store/button_Add' is clicked on

2018-05-21 12:16:49 - [MESSAGE][PASSED] - Object: 'Object Repository/PharmacyRequest/Page_Store/button_Add' is clicked on

2018-05-21 12:16:49 - [TEST_STEP][PASSED] - Statement - Break: null

2018-05-21 12:16:49 - [TEST_STEP][PASSED] - selectOptionByIndex: All options with index in [18] are selected on object 'Object Repository/PharmacyRequest/Page_Store/select_--Select--Amlodepin -5'

2018-05-21 12:16:49 - [MESSAGE][PASSED] - All options with index in [18] are selected on object 'Object Repository/PharmacyRequest/Page_Store/select_--Select--Amlodepin -5'

2018-05-21 12:16:49 - [TEST_STEP][PASSED] - delay: Delayed 1 second(s)

2018-05-21 12:16:50 - [MESSAGE][PASSED] - Delayed 1 second(s)

2018-05-21 12:16:50 - [TEST_STEP][PASSED] - Statement - RequestedQty = com.kms.katalon.core.webui.keyword.WebUiBuiltInKeywords.getAttribute(com.kms.katalon.core.testobject.ObjectRepository.findTestObject(PharmacyRequest/Page_Store/input_txttotal), "value"): Attribute 'value' of object 'Object Repository/PharmacyRequest/Page_Store/input_txttotal' is: '10'

2018-05-21 12:16:50 - [MESSAGE][PASSED] - Attribute 'value' of object 'Object Repository/PharmacyRequest/Page_Store/input_txttotal' is: '10'

2018-05-21 12:16:50 - [TEST_STEP][PASSED] - Statement - out.println("Requested QTY : " + RequestedQty): null

2018-05-21 12:16:50 - [TEST_STEP][PASSED] - Statement - BatchNumber = com.kms.katalon.core.webui.keyword.WebUiBuiltInKeywords.getNumberOfTotalOption(com.kms.katalon.core.testobject.ObjectRepository.findTestObject(PharmacyRequest/Page_Store/select_--Select--BA50)): 3 options of object 'Object Repository/PharmacyRequest/Page_Store/select_--Select--BA50' counted

2018-05-21 12:16:50 - [MESSAGE][PASSED] - 3 options of object 'Object Repository/PharmacyRequest/Page_Store/select_--Select--BA50' counted

2018-05-21 12:16:50 - [TEST_STEP][PASSED] - Statement - For ([g = 1, g <= BatchNumber - 1, (g++)]): null

2018-05-21 12:16:50 - [TEST_STEP][PASSED] - selectOptionByIndex: All options with index in [1] are selected on object 'Object Repository/PharmacyRequest/Page_Store/select_--Select--BA50'

2018-05-21 12:16:50 - [MESSAGE][PASSED] - All options with index in [1] are selected on object 'Object Repository/PharmacyRequest/Page_Store/select_--Select--BA50'

2018-05-21 12:16:50 - [TEST_STEP][PASSED] - delay: Delayed 2 second(s)

2018-05-21 12:16:52 - [MESSAGE][PASSED] - Delayed 2 second(s)

2018-05-21 12:16:52 - [TEST_STEP][PASSED] - Statement - StockQty = com.kms.katalon.core.webui.keyword.WebUiBuiltInKeywords.getAttribute(com.kms.katalon.core.testobject.ObjectRepository.findTestObject(PharmacyRequest/Page_Store/input_txtprice), "value"): Attribute 'value' of object 'Object Repository/PharmacyRequest/Page_Store/input_txtprice' is: '1044'

2018-05-21 12:16:53 - [MESSAGE][PASSED] - Attribute 'value' of object 'Object Repository/PharmacyRequest/Page_Store/input_txtprice' is: '1044'

2018-05-21 12:16:53 - [TEST_STEP][PASSED] - Statement - out.println("Stock QTY : " + StockQty): null

2018-05-21 12:16:53 - [TEST_STEP][PASSED] - delay: Delayed 1 second(s)

2018-05-21 12:16:54 - [MESSAGE][PASSED] - Delayed 1 second(s)

2018-05-21 12:16:54 - [TEST_STEP][PASSED] - Statement - If (java.lang.Integer.valueOf(StockQty) >= java.lang.Integer.valueOf(RequestedQty)): null

2018-05-21 12:16:54 - [TEST_STEP][PASSED] - setText: Text '10' is set on object 'Object Repository/PharmacyRequest/Page_Store/input_txtqty'

2018-05-21 12:16:54 - [MESSAGE][PASSED] - Text '10' is set on object 'Object Repository/PharmacyRequest/Page_Store/input_txtqty'

2018-05-21 12:16:54 - [TEST_STEP][PASSED] - click: Object: 'Object Repository/PharmacyRequest/Page_Store/button_Add' is clicked on

2018-05-21 12:16:54 - [MESSAGE][PASSED] - Object: 'Object Repository/PharmacyRequest/Page_Store/button_Add' is clicked on

2018-05-21 12:16:54 - [TEST_STEP][PASSED] - Statement - Break: null

2018-05-21 12:16:54 - [TEST_STEP][PASSED] - selectOptionByIndex: All options with index in [19] are selected on object 'Object Repository/PharmacyRequest/Page_Store/select_--Select--Amlodepin -5'

2018-05-21 12:16:54 - [MESSAGE][PASSED] - All options with index in [19] are selected on object 'Object Repository/PharmacyRequest/Page_Store/select_--Select--Amlodepin -5'

2018-05-21 12:16:54 - [TEST_STEP][PASSED] - delay: Delayed 1 second(s)

2018-05-21 12:16:55 - [MESSAGE][PASSED] - Delayed 1 second(s)

2018-05-21 12:16:55 - [TEST_STEP][PASSED] - Statement - RequestedQty = com.kms.katalon.core.webui.keyword.WebUiBuiltInKeywords.getAttribute(com.kms.katalon.core.testobject.ObjectRepository.findTestObject(PharmacyRequest/Page_Store/input_txttotal), "value"): Attribute 'value' of object 'Object Repository/PharmacyRequest/Page_Store/input_txttotal' is: '10'

2018-05-21 12:16:55 - [MESSAGE][PASSED] - Attribute 'value' of object 'Object Repository/PharmacyRequest/Page_Store/input_txttotal' is: '10'

2018-05-21 12:16:55 - [TEST_STEP][PASSED] - Statement - out.println("Requested QTY : " + RequestedQty): null

2018-05-21 12:16:55 - [TEST_STEP][PASSED] - Statement - BatchNumber = com.kms.katalon.core.webui.keyword.WebUiBuiltInKeywords.getNumberOfTotalOption(com.kms.katalon.core.testobject.ObjectRepository.findTestObject(PharmacyRequest/Page_Store/select_--Select--BA50)): 3 options of object 'Object Repository/PharmacyRequest/Page_Store/select_--Select--BA50' counted

2018-05-21 12:16:55 - [MESSAGE][PASSED] - 3 options of object 'Object Repository/PharmacyRequest/Page_Store/select_--Select--BA50' counted

2018-05-21 12:16:55 - [TEST_STEP][PASSED] - Statement - For ([g = 1, g <= BatchNumber - 1, (g++)]): null

2018-05-21 12:16:55 - [TEST_STEP][PASSED] - selectOptionByIndex: All options with index in [1] are selected on object 'Object Repository/PharmacyRequest/Page_Store/select_--Select--BA50'

2018-05-21 12:16:55 - [MESSAGE][PASSED] - All options with index in [1] are selected on object 'Object Repository/PharmacyRequest/Page_Store/select_--Select--BA50'

2018-05-21 12:16:55 - [TEST_STEP][PASSED] - delay: Delayed 2 second(s)

2018-05-21 12:16:57 - [MESSAGE][PASSED] - Delayed 2 second(s)

2018-05-21 12:16:57 - [TEST_STEP][PASSED] - Statement - StockQty = com.kms.katalon.core.webui.keyword.WebUiBuiltInKeywords.getAttribute(com.kms.katalon.core.testobject.ObjectRepository.findTestObject(PharmacyRequest/Page_Store/input_txtprice), "value"): Attribute 'value' of object 'Object Repository/PharmacyRequest/Page_Store/input_txtprice' is: '100'

2018-05-21 12:16:57 - [MESSAGE][PASSED] - Attribute 'value' of object 'Object Repository/PharmacyRequest/Page_Store/input_txtprice' is: '100'

2018-05-21 12:16:57 - [TEST_STEP][PASSED] - Statement - out.println("Stock QTY : " + StockQty): null

2018-05-21 12:16:57 - [TEST_STEP][PASSED] - delay: Delayed 1 second(s)

2018-05-21 12:16:58 - [MESSAGE][PASSED] - Delayed 1 second(s)

2018-05-21 12:16:58 - [TEST_STEP][PASSED] - Statement - If (java.lang.Integer.valueOf(StockQty) >= java.lang.Integer.valueOf(RequestedQty)): null

2018-05-21 12:16:58 - [TEST_STEP][PASSED] - setText: Text '10' is set on object 'Object Repository/PharmacyRequest/Page_Store/input_txtqty'

2018-05-21 12:16:58 - [MESSAGE][PASSED] - Text '10' is set on object 'Object Repository/PharmacyRequest/Page_Store/input_txtqty'

2018-05-21 12:16:58 - [TEST_STEP][PASSED] - click: Object: 'Object Repository/PharmacyRequest/Page_Store/button_Add' is clicked on

2018-05-21 12:16:58 - [MESSAGE][PASSED] - Object: 'Object Repository/PharmacyRequest/Page_Store/button_Add' is clicked on

2018-05-21 12:16:58 - [TEST_STEP][PASSED] - Statement - Break: null

2018-05-21 12:16:58 - [TEST_STEP][PASSED] - selectOptionByIndex: All options with index in [20] are selected on object 'Object Repository/PharmacyRequest/Page_Store/select_--Select--Amlodepin -5'

2018-05-21 12:16:59 - [MESSAGE][PASSED] - All options with index in [20] are selected on object 'Object Repository/PharmacyRequest/Page_Store/select_--Select--Amlodepin -5'

2018-05-21 12:16:59 - [TEST_STEP][PASSED] - delay: Delayed 1 second(s)

2018-05-21 12:17:00 - [MESSAGE][PASSED] - Delayed 1 second(s)

2018-05-21 12:17:00 - [TEST_STEP][PASSED] - Statement - RequestedQty = com.kms.katalon.core.webui.keyword.WebUiBuiltInKeywords.getAttribute(com.kms.katalon.core.testobject.ObjectRepository.findTestObject(PharmacyRequest/Page_Store/input_txttotal), "value"): Attribute 'value' of object 'Object Repository/PharmacyRequest/Page_Store/input_txttotal' is: '10'

2018-05-21 12:17:00 - [MESSAGE][PASSED] - Attribute 'value' of object 'Object Repository/PharmacyRequest/Page_Store/input_txttotal' is: '10'

2018-05-21 12:17:00 - [TEST_STEP][PASSED] - Statement - out.println("Requested QTY : " + RequestedQty): null

2018-05-21 12:17:00 - [TEST_STEP][PASSED] - Statement - BatchNumber = com.kms.katalon.core.webui.keyword.WebUiBuiltInKeywords.getNumberOfTotalOption(com.kms.katalon.core.testobject.ObjectRepository.findTestObject(PharmacyRequest/Page_Store/select_--Select--BA50)): 3 options of object 'Object Repository/PharmacyRequest/Page_Store/select_--Select--BA50' counted

2018-05-21 12:17:00 - [MESSAGE][PASSED] - 3 options of object 'Object Repository/PharmacyRequest/Page_Store/select_--Select--BA50' counted

2018-05-21 12:17:00 - [TEST_STEP][PASSED] - Statement - For ([g = 1, g <= BatchNumber - 1, (g++)]): null

2018-05-21 12:17:00 - [TEST_STEP][PASSED] - selectOptionByIndex: All options with index in [1] are selected on object 'Object Repository/PharmacyRequest/Page_Store/select_--Select--BA50'

2018-05-21 12:17:00 - [MESSAGE][PASSED] - All options with index in [1] are selected on object 'Object Repository/PharmacyRequest/Page_Store/select_--Select--BA50'

2018-05-21 12:17:00 - [TEST_STEP][PASSED] - delay: Delayed 2 second(s)

2018-05-21 12:17:02 - [MESSAGE][PASSED] - Delayed 2 second(s)

2018-05-21 12:17:02 - [TEST_STEP][PASSED] - Statement - StockQty = com.kms.katalon.core.webui.keyword.WebUiBuiltInKeywords.getAttribute(com.kms.katalon.core.testobject.ObjectRepository.findTestObject(PharmacyRequest/Page_Store/input_txtprice), "value"): Attribute 'value' of object 'Object Repository/PharmacyRequest/Page_Store/input_txtprice' is: '1060'

2018-05-21 12:17:02 - [MESSAGE][PASSED] - Attribute 'value' of object 'Object Repository/PharmacyRequest/Page_Store/input_txtprice' is: '1060'

2018-05-21 12:17:02 - [TEST_STEP][PASSED] - Statement - out.println("Stock QTY : " + StockQty): null

2018-05-21 12:17:02 - [TEST_STEP][PASSED] - delay: Delayed 1 second(s)

2018-05-21 12:17:03 - [MESSAGE][PASSED] - Delayed 1 second(s)

2018-05-21 12:17:03 - [TEST_STEP][PASSED] - Statement - If (java.lang.Integer.valueOf(StockQty) >= java.lang.Integer.valueOf(RequestedQty)): null

2018-05-21 12:17:03 - [TEST_STEP][PASSED] - setText: Text '10' is set on object 'Object Repository/PharmacyRequest/Page_Store/input_txtqty'

2018-05-21 12:17:03 - [MESSAGE][PASSED] - Text '10' is set on object 'Object Repository/PharmacyRequest/Page_Store/input_txtqty'

2018-05-21 12:17:03 - [TEST_STEP][PASSED] - click: Object: 'Object Repository/PharmacyRequest/Page_Store/button_Add' is clicked on

2018-05-21 12:17:03 - [MESSAGE][PASSED] - Object: 'Object Repository/PharmacyRequest/Page_Store/button_Add' is clicked on

2018-05-21 12:17:03 - [TEST_STEP][PASSED] - Statement - Break: null

2018-05-21 12:17:03 - [TEST_STEP][PASSED] - selectOptionByIndex: All options with index in [21] are selected on object 'Object Repository/PharmacyRequest/Page_Store/select_--Select--Amlodepin -5'

2018-05-21 12:17:04 - [MESSAGE][PASSED] - All options with index in [21] are selected on object 'Object Repository/PharmacyRequest/Page_Store/select_--Select--Amlodepin -5'

2018-05-21 12:17:04 - [TEST_STEP][PASSED] - delay: Delayed 1 second(s)

2018-05-21 12:17:05 - [MESSAGE][PASSED] - Delayed 1 second(s)

2018-05-21 12:17:05 - [TEST_STEP][PASSED] - Statement - RequestedQty = com.kms.katalon.core.webui.keyword.WebUiBuiltInKeywords.getAttribute(com.kms.katalon.core.testobject.ObjectRepository.findTestObject(PharmacyRequest/Page_Store/input_txttotal), "value"): Attribute 'value' of object 'Object Repository/PharmacyRequest/Page_Store/input_txttotal' is: '10'

2018-05-21 12:17:05 - [MESSAGE][PASSED] - Attribute 'value' of object 'Object Repository/PharmacyRequest/Page_Store/input_txttotal' is: '10'

2018-05-21 12:17:05 - [TEST_STEP][PASSED] - Statement - out.println("Requested QTY : " + RequestedQty): null

2018-05-21 12:17:05 - [TEST_STEP][PASSED] - Statement - BatchNumber = com.kms.katalon.core.webui.keyword.WebUiBuiltInKeywords.getNumberOfTotalOption(com.kms.katalon.core.testobject.ObjectRepository.findTestObject(PharmacyRequest/Page_Store/select_--Select--BA50)): 2 options of object 'Object Repository/PharmacyRequest/Page_Store/select_--Select--BA50' counted

2018-05-21 12:17:05 - [MESSAGE][PASSED] - 2 options of object 'Object Repository/PharmacyRequest/Page_Store/select_--Select--BA50' counted

2018-05-21 12:17:05 - [TEST_STEP][PASSED] - Statement - For ([g = 1, g <= BatchNumber - 1, (g++)]): null

2018-05-21 12:17:05 - [TEST_STEP][PASSED] - selectOptionByIndex: All options with index in [1] are selected on object 'Object Repository/PharmacyRequest/Page_Store/select_--Select--BA50'

2018-05-21 12:17:05 - [MESSAGE][PASSED] - All options with index in [1] are selected on object 'Object Repository/PharmacyRequest/Page_Store/select_--Select--BA50'

2018-05-21 12:17:05 - [TEST_STEP][PASSED] - delay: Delayed 2 second(s)

2018-05-21 12:17:07 - [MESSAGE][PASSED] - Delayed 2 second(s)

2018-05-21 12:17:07 - [TEST_STEP][PASSED] - Statement - StockQty = com.kms.katalon.core.webui.keyword.WebUiBuiltInKeywords.getAttribute(com.kms.katalon.core.testobject.ObjectRepository.findTestObject(PharmacyRequest/Page_Store/input_txtprice), "value"): Attribute 'value' of object 'Object Repository/PharmacyRequest/Page_Store/input_txtprice' is: '1260'

2018-05-21 12:17:07 - [MESSAGE][PASSED] - Attribute 'value' of object 'Object Repository/PharmacyRequest/Page_Store/input_txtprice' is: '1260'

2018-05-21 12:17:07 - [TEST_STEP][PASSED] - Statement - out.println("Stock QTY : " + StockQty): null

2018-05-21 12:17:07 - [TEST_STEP][PASSED] - delay: Delayed 1 second(s)

2018-05-21 12:17:08 - [MESSAGE][PASSED] - Delayed 1 second(s)

2018-05-21 12:17:08 - [TEST_STEP][PASSED] - Statement - If (java.lang.Integer.valueOf(StockQty) >= java.lang.Integer.valueOf(RequestedQty)): null

2018-05-21 12:17:08 - [TEST_STEP][PASSED] - setText: Text '10' is set on object 'Object Repository/PharmacyRequest/Page_Store/input_txtqty'

2018-05-21 12:17:08 - [MESSAGE][PASSED] - Text '10' is set on object 'Object Repository/PharmacyRequest/Page_Store/input_txtqty'

2018-05-21 12:17:08 - [TEST_STEP][PASSED] - click: Object: 'Object Repository/PharmacyRequest/Page_Store/button_Add' is clicked on

2018-05-21 12:17:08 - [MESSAGE][PASSED] - Object: 'Object Repository/PharmacyRequest/Page_Store/button_Add' is clicked on

2018-05-21 12:17:08 - [TEST_STEP][PASSED] - Statement - Break: null

2018-05-21 12:17:08 - [TEST_STEP][PASSED] - selectOptionByIndex: All options with index in [22] are selected on object 'Object Repository/PharmacyRequest/Page_Store/select_--Select--Amlodepin -5'

2018-05-21 12:17:08 - [MESSAGE][PASSED] - All options with index in [22] are selected on object 'Object Repository/PharmacyRequest/Page_Store/select_--Select--Amlodepin -5'

2018-05-21 12:17:08 - [TEST_STEP][PASSED] - delay: Delayed 1 second(s)

2018-05-21 12:17:09 - [MESSAGE][PASSED] - Delayed 1 second(s)

2018-05-21 12:17:09 - [TEST_STEP][PASSED] - Statement - RequestedQty = com.kms.katalon.core.webui.keyword.WebUiBuiltInKeywords.getAttribute(com.kms.katalon.core.testobject.ObjectRepository.findTestObject(PharmacyRequest/Page_Store/input_txttotal), "value"): Attribute 'value' of object 'Object Repository/PharmacyRequest/Page_Store/input_txttotal' is: '10'

2018-05-21 12:17:10 - [MESSAGE][PASSED] - Attribute 'value' of object 'Object Repository/PharmacyRequest/Page_Store/input_txttotal' is: '10'

2018-05-21 12:17:10 - [TEST_STEP][PASSED] - Statement - out.println("Requested QTY : " + RequestedQty): null

2018-05-21 12:17:10 - [TEST_STEP][PASSED] - Statement - BatchNumber = com.kms.katalon.core.webui.keyword.WebUiBuiltInKeywords.getNumberOfTotalOption(com.kms.katalon.core.testobject.ObjectRepository.findTestObject(PharmacyRequest/Page_Store/select_--Select--BA50)): 3 options of object 'Object Repository/PharmacyRequest/Page_Store/select_--Select--BA50' counted

2018-05-21 12:17:10 - [MESSAGE][PASSED] - 3 options of object 'Object Repository/PharmacyRequest/Page_Store/select_--Select--BA50' counted

2018-05-21 12:17:10 - [TEST_STEP][PASSED] - Statement - For ([g = 1, g <= BatchNumber - 1, (g++)]): null

2018-05-21 12:17:10 - [TEST_STEP][PASSED] - selectOptionByIndex: All options with index in [1] are selected on object 'Object Repository/PharmacyRequest/Page_Store/select_--Select--BA50'

2018-05-21 12:17:10 - [MESSAGE][PASSED] - All options with index in [1] are selected on object 'Object Repository/PharmacyRequest/Page_Store/select_--Select--BA50'

2018-05-21 12:17:10 - [TEST_STEP][PASSED] - delay: Delayed 2 second(s)

2018-05-21 12:17:12 - [MESSAGE][PASSED] - Delayed 2 second(s)

2018-05-21 12:17:12 - [TEST_STEP][PASSED] - Statement - StockQty = com.kms.katalon.core.webui.keyword.WebUiBuiltInKeywords.getAttribute(com.kms.katalon.core.testobject.ObjectRepository.findTestObject(PharmacyRequest/Page_Store/input_txtprice), "value"): Attribute 'value' of object 'Object Repository/PharmacyRequest/Page_Store/input_txtprice' is: '1060'

2018-05-21 12:17:12 - [MESSAGE][PASSED] - Attribute 'value' of object 'Object Repository/PharmacyRequest/Page_Store/input_txtprice' is: '1060'

2018-05-21 12:17:12 - [TEST_STEP][PASSED] - Statement - out.println("Stock QTY : " + StockQty): null

2018-05-21 12:17:12 - [TEST_STEP][PASSED] - delay: Delayed 1 second(s)

2018-05-21 12:17:13 - [MESSAGE][PASSED] - Delayed 1 second(s)

2018-05-21 12:17:13 - [TEST_STEP][PASSED] - Statement - If (java.lang.Integer.valueOf(StockQty) >= java.lang.Integer.valueOf(RequestedQty)): null

2018-05-21 12:17:13 - [TEST_STEP][PASSED] - setText: Text '10' is set on object 'Object Repository/PharmacyRequest/Page_Store/input_txtqty'

2018-05-21 12:17:13 - [MESSAGE][PASSED] - Text '10' is set on object 'Object Repository/PharmacyRequest/Page_Store/input_txtqty'

2018-05-21 12:17:13 - [TEST_STEP][PASSED] - click: Object: 'Object Repository/PharmacyRequest/Page_Store/button_Add' is clicked on

2018-05-21 12:17:13 - [MESSAGE][PASSED] - Object: 'Object Repository/PharmacyRequest/Page_Store/button_Add' is clicked on

2018-05-21 12:17:13 - [TEST_STEP][PASSED] - Statement - Break: null

2018-05-21 12:17:13 - [TEST_STEP][PASSED] - selectOptionByIndex: All options with index in [23] are selected on object 'Object Repository/PharmacyRequest/Page_Store/select_--Select--Amlodepin -5'

2018-05-21 12:17:13 - [MESSAGE][PASSED] - All options with index in [23] are selected on object 'Object Repository/PharmacyRequest/Page_Store/select_--Select--Amlodepin -5'

2018-05-21 12:17:13 - [TEST_STEP][PASSED] - delay: Delayed 1 second(s)

2018-05-21 12:17:14 - [MESSAGE][PASSED] - Delayed 1 second(s)

2018-05-21 12:17:14 - [TEST_STEP][PASSED] - Statement - RequestedQty = com.kms.katalon.core.webui.keyword.WebUiBuiltInKeywords.getAttribute(com.kms.katalon.core.testobject.ObjectRepository.findTestObject(PharmacyRequest/Page_Store/input_txttotal), "value"): Attribute 'value' of object 'Object Repository/PharmacyRequest/Page_Store/input_txttotal' is: '10'

2018-05-21 12:17:14 - [MESSAGE][PASSED] - Attribute 'value' of object 'Object Repository/PharmacyRequest/Page_Store/input_txttotal' is: '10'

2018-05-21 12:17:14 - [TEST_STEP][PASSED] - Statement - out.println("Requested QTY : " + RequestedQty): null

2018-05-21 12:17:14 - [TEST_STEP][PASSED] - Statement - BatchNumber = com.kms.katalon.core.webui.keyword.WebUiBuiltInKeywords.getNumberOfTotalOption(com.kms.katalon.core.testobject.ObjectRepository.findTestObject(PharmacyRequest/Page_Store/select_--Select--BA50)): 3 options of object 'Object Repository/PharmacyRequest/Page_Store/select_--Select--BA50' counted

2018-05-21 12:17:14 - [MESSAGE][PASSED] - 3 options of object 'Object Repository/PharmacyRequest/Page_Store/select_--Select--BA50' counted

2018-05-21 12:17:14 - [TEST_STEP][PASSED] - Statement - For ([g = 1, g <= BatchNumber - 1, (g++)]): null

2018-05-21 12:17:14 - [TEST_STEP][PASSED] - selectOptionByIndex: All options with index in [1] are selected on object 'Object Repository/PharmacyRequest/Page_Store/select_--Select--BA50'

2018-05-21 12:17:15 - [MESSAGE][PASSED] - All options with index in [1] are selected on object 'Object Repository/PharmacyRequest/Page_Store/select_--Select--BA50'

2018-05-21 12:17:15 - [TEST_STEP][PASSED] - delay: Delayed 2 second(s)

2018-05-21 12:17:17 - [MESSAGE][PASSED] - Delayed 2 second(s)

2018-05-21 12:17:17 - [TEST_STEP][PASSED] - Statement - StockQty = com.kms.katalon.core.webui.keyword.WebUiBuiltInKeywords.getAttribute(com.kms.katalon.core.testobject.ObjectRepository.findTestObject(PharmacyRequest/Page_Store/input_txtprice), "value"): Attribute 'value' of object 'Object Repository/PharmacyRequest/Page_Store/input_txtprice' is: '1060'

2018-05-21 12:17:17 - [MESSAGE][PASSED] - Attribute 'value' of object 'Object Repository/PharmacyRequest/Page_Store/input_txtprice' is: '1060'

2018-05-21 12:17:17 - [TEST_STEP][PASSED] - Statement - out.println("Stock QTY : " + StockQty): null

2018-05-21 12:17:17 - [TEST_STEP][PASSED] - delay: Delayed 1 second(s)

2018-05-21 12:17:18 - [MESSAGE][PASSED] - Delayed 1 second(s)

2018-05-21 12:17:18 - [TEST_STEP][PASSED] - Statement - If (java.lang.Integer.valueOf(StockQty) >= java.lang.Integer.valueOf(RequestedQty)): null

2018-05-21 12:17:18 - [TEST_STEP][PASSED] - setText: Text '10' is set on object 'Object Repository/PharmacyRequest/Page_Store/input_txtqty'

2018-05-21 12:17:18 - [MESSAGE][PASSED] - Text '10' is set on object 'Object Repository/PharmacyRequest/Page_Store/input_txtqty'

2018-05-21 12:17:18 - [TEST_STEP][PASSED] - click: Object: 'Object Repository/PharmacyRequest/Page_Store/button_Add' is clicked on

2018-05-21 12:17:18 - [MESSAGE][PASSED] - Object: 'Object Repository/PharmacyRequest/Page_Store/button_Add' is clicked on

2018-05-21 12:17:18 - [TEST_STEP][PASSED] - Statement - Break: null

2018-05-21 12:17:18 - [TEST_STEP][PASSED] - selectOptionByIndex: All options with index in [24] are selected on object 'Object Repository/PharmacyRequest/Page_Store/select_--Select--Amlodepin -5'

2018-05-21 12:17:18 - [MESSAGE][PASSED] - All options with index in [24] are selected on object 'Object Repository/PharmacyRequest/Page_Store/select_--Select--Amlodepin -5'

2018-05-21 12:17:18 - [TEST_STEP][PASSED] - delay: Delayed 1 second(s)

2018-05-21 12:17:19 - [MESSAGE][PASSED] - Delayed 1 second(s)

2018-05-21 12:17:19 - [TEST_STEP][PASSED] - Statement - RequestedQty = com.kms.katalon.core.webui.keyword.WebUiBuiltInKeywords.getAttribute(com.kms.katalon.core.testobject.ObjectRepository.findTestObject(PharmacyRequest/Page_Store/input_txttotal), "value"): Attribute 'value' of object 'Object Repository/PharmacyRequest/Page_Store/input_txttotal' is: '10'

2018-05-21 12:17:19 - [MESSAGE][PASSED] - Attribute 'value' of object 'Object Repository/PharmacyRequest/Page_Store/input_txttotal' is: '10'

2018-05-21 12:17:19 - [TEST_STEP][PASSED] - Statement - out.println("Requested QTY : " + RequestedQty): null

2018-05-21 12:17:19 - [TEST_STEP][PASSED] - Statement - BatchNumber = com.kms.katalon.core.webui.keyword.WebUiBuiltInKeywords.getNumberOfTotalOption(com.kms.katalon.core.testobject.ObjectRepository.findTestObject(PharmacyRequest/Page_Store/select_--Select--BA50)): 3 options of object 'Object Repository/PharmacyRequest/Page_Store/select_--Select--BA50' counted

2018-05-21 12:17:19 - [MESSAGE][PASSED] - 3 options of object 'Object Repository/PharmacyRequest/Page_Store/select_--Select--BA50' counted

2018-05-21 12:17:19 - [TEST_STEP][PASSED] - Statement - For ([g = 1, g <= BatchNumber - 1, (g++)]): null

2018-05-21 12:17:19 - [TEST_STEP][PASSED] - selectOptionByIndex: All options with index in [1] are selected on object 'Object Repository/PharmacyRequest/Page_Store/select_--Select--BA50'

2018-05-21 12:17:19 - [MESSAGE][PASSED] - All options with index in [1] are selected on object 'Object Repository/PharmacyRequest/Page_Store/select_--Select--BA50'

2018-05-21 12:17:19 - [TEST_STEP][PASSED] - delay: Delayed 2 second(s)

2018-05-21 12:17:21 - [MESSAGE][PASSED] - Delayed 2 second(s)

2018-05-21 12:17:21 - [TEST_STEP][PASSED] - Statement - StockQty = com.kms.katalon.core.webui.keyword.WebUiBuiltInKeywords.getAttribute(com.kms.katalon.core.testobject.ObjectRepository.findTestObject(PharmacyRequest/Page_Store/input_txtprice), "value"): Attribute 'value' of object 'Object Repository/PharmacyRequest/Page_Store/input_txtprice' is: '100'

2018-05-21 12:17:21 - [MESSAGE][PASSED] - Attribute 'value' of object 'Object Repository/PharmacyRequest/Page_Store/input_txtprice' is: '100'

2018-05-21 12:17:21 - [TEST_STEP][PASSED] - Statement - out.println("Stock QTY : " + StockQty): null

2018-05-21 12:17:21 - [TEST_STEP][PASSED] - delay: Delayed 1 second(s)

2018-05-21 12:17:22 - [MESSAGE][PASSED] - Delayed 1 second(s)

2018-05-21 12:17:22 - [TEST_STEP][PASSED] - Statement - If (java.lang.Integer.valueOf(StockQty) >= java.lang.Integer.valueOf(RequestedQty)): null

2018-05-21 12:17:22 - [TEST_STEP][PASSED] - setText: Text '10' is set on object 'Object Repository/PharmacyRequest/Page_Store/input_txtqty'

2018-05-21 12:17:23 - [MESSAGE][PASSED] - Text '10' is set on object 'Object Repository/PharmacyRequest/Page_Store/input_txtqty'

2018-05-21 12:17:23 - [TEST_STEP][PASSED] - click: Object: 'Object Repository/PharmacyRequest/Page_Store/button_Add' is clicked on

2018-05-21 12:17:23 - [MESSAGE][PASSED] - Object: 'Object Repository/PharmacyRequest/Page_Store/button_Add' is clicked on

2018-05-21 12:17:23 - [TEST_STEP][PASSED] - Statement - Break: null

2018-05-21 12:17:23 - [TEST_STEP][PASSED] - selectOptionByIndex: All options with index in [25] are selected on object 'Object Repository/PharmacyRequest/Page_Store/select_--Select--Amlodepin -5'

2018-05-21 12:17:23 - [MESSAGE][PASSED] - All options with index in [25] are selected on object 'Object Repository/PharmacyRequest/Page_Store/select_--Select--Amlodepin -5'

2018-05-21 12:17:23 - [TEST_STEP][PASSED] - delay: Delayed 1 second(s)

2018-05-21 12:17:24 - [MESSAGE][PASSED] - Delayed 1 second(s)

2018-05-21 12:17:24 - [TEST_STEP][PASSED] - Statement - RequestedQty = com.kms.katalon.core.webui.keyword.WebUiBuiltInKeywords.getAttribute(com.kms.katalon.core.testobject.ObjectRepository.findTestObject(PharmacyRequest/Page_Store/input_txttotal), "value"): Attribute 'value' of object 'Object Repository/PharmacyRequest/Page_Store/input_txttotal' is: '10'

2018-05-21 12:17:24 - [MESSAGE][PASSED] - Attribute 'value' of object 'Object Repository/PharmacyRequest/Page_Store/input_txttotal' is: '10'

2018-05-21 12:17:24 - [TEST_STEP][PASSED] - Statement - out.println("Requested QTY : " + RequestedQty): null

2018-05-21 12:17:24 - [TEST_STEP][PASSED] - Statement - BatchNumber = com.kms.katalon.core.webui.keyword.WebUiBuiltInKeywords.getNumberOfTotalOption(com.kms.katalon.core.testobject.ObjectRepository.findTestObject(PharmacyRequest/Page_Store/select_--Select--BA50)): 3 options of object 'Object Repository/PharmacyRequest/Page_Store/select_--Select--BA50' counted

2018-05-21 12:17:24 - [MESSAGE][PASSED] - 3 options of object 'Object Repository/PharmacyRequest/Page_Store/select_--Select--BA50' counted

2018-05-21 12:17:24 - [TEST_STEP][PASSED] - Statement - For ([g = 1, g <= BatchNumber - 1, (g++)]): null

2018-05-21 12:17:24 - [TEST_STEP][PASSED] - selectOptionByIndex: All options with index in [1] are selected on object 'Object Repository/PharmacyRequest/Page_Store/select_--Select--BA50'

2018-05-21 12:17:24 - [MESSAGE][PASSED] - All options with index in [1] are selected on object 'Object Repository/PharmacyRequest/Page_Store/select_--Select--BA50'

2018-05-21 12:17:24 - [TEST_STEP][PASSED] - delay: Delayed 2 second(s)

2018-05-21 12:17:26 - [MESSAGE][PASSED] - Delayed 2 second(s)

2018-05-21 12:17:26 - [TEST_STEP][PASSED] - Statement - StockQty = com.kms.katalon.core.webui.keyword.WebUiBuiltInKeywords.getAttribute(com.kms.katalon.core.testobject.ObjectRepository.findTestObject(PharmacyRequest/Page_Store/input_txtprice), "value"): Attribute 'value' of object 'Object Repository/PharmacyRequest/Page_Store/input_txtprice' is: '1060'

2018-05-21 12:17:26 - [MESSAGE][PASSED] - Attribute 'value' of object 'Object Repository/PharmacyRequest/Page_Store/input_txtprice' is: '1060'

2018-05-21 12:17:26 - [TEST_STEP][PASSED] - Statement - out.println("Stock QTY : " + StockQty): null

2018-05-21 12:17:26 - [TEST_STEP][PASSED] - delay: Delayed 1 second(s)

2018-05-21 12:17:27 - [MESSAGE][PASSED] - Delayed 1 second(s)

2018-05-21 12:17:27 - [TEST_STEP][PASSED] - Statement - If (java.lang.Integer.valueOf(StockQty) >= java.lang.Integer.valueOf(RequestedQty)): null

2018-05-21 12:17:27 - [TEST_STEP][PASSED] - setText: Text '10' is set on object 'Object Repository/PharmacyRequest/Page_Store/input_txtqty'

2018-05-21 12:17:27 - [MESSAGE][PASSED] - Text '10' is set on object 'Object Repository/PharmacyRequest/Page_Store/input_txtqty'

2018-05-21 12:17:27 - [TEST_STEP][PASSED] - click: Object: 'Object Repository/PharmacyRequest/Page_Store/button_Add' is clicked on

2018-05-21 12:17:27 - [MESSAGE][PASSED] - Object: 'Object Repository/PharmacyRequest/Page_Store/button_Add' is clicked on

2018-05-21 12:17:27 - [TEST_STEP][PASSED] - Statement - Break: null

2018-05-21 12:17:27 - [TEST_STEP][PASSED] - selectOptionByIndex: All options with index in [26] are selected on object 'Object Repository/PharmacyRequest/Page_Store/select_--Select--Amlodepin -5'

2018-05-21 12:17:28 - [MESSAGE][PASSED] - All options with index in [26] are selected on object 'Object Repository/PharmacyRequest/Page_Store/select_--Select--Amlodepin -5'

2018-05-21 12:17:28 - [TEST_STEP][PASSED] - delay: Delayed 1 second(s)

2018-05-21 12:17:29 - [MESSAGE][PASSED] - Delayed 1 second(s)

2018-05-21 12:17:29 - [TEST_STEP][PASSED] - Statement - RequestedQty = com.kms.katalon.core.webui.keyword.WebUiBuiltInKeywords.getAttribute(com.kms.katalon.core.testobject.ObjectRepository.findTestObject(PharmacyRequest/Page_Store/input_txttotal), "value"): Attribute 'value' of object 'Object Repository/PharmacyRequest/Page_Store/input_txttotal' is: '10'

2018-05-21 12:17:29 - [MESSAGE][PASSED] - Attribute 'value' of object 'Object Repository/PharmacyRequest/Page_Store/input_txttotal' is: '10'

2018-05-21 12:17:29 - [TEST_STEP][PASSED] - Statement - out.println("Requested QTY : " + RequestedQty): null

2018-05-21 12:17:29 - [TEST_STEP][PASSED] - Statement - BatchNumber = com.kms.katalon.core.webui.keyword.WebUiBuiltInKeywords.getNumberOfTotalOption(com.kms.katalon.core.testobject.ObjectRepository.findTestObject(PharmacyRequest/Page_Store/select_--Select--BA50)): 3 options of object 'Object Repository/PharmacyRequest/Page_Store/select_--Select--BA50' counted

2018-05-21 12:17:29 - [MESSAGE][PASSED] - 3 options of object 'Object Repository/PharmacyRequest/Page_Store/select_--Select--BA50' counted

2018-05-21 12:17:29 - [TEST_STEP][PASSED] - Statement - For ([g = 1, g <= BatchNumber - 1, (g++)]): null

2018-05-21 12:17:29 - [TEST_STEP][PASSED] - selectOptionByIndex: All options with index in [1] are selected on object 'Object Repository/PharmacyRequest/Page_Store/select_--Select--BA50'

2018-05-21 12:17:29 - [MESSAGE][PASSED] - All options with index in [1] are selected on object 'Object Repository/PharmacyRequest/Page_Store/select_--Select--BA50'

2018-05-21 12:17:29 - [TEST_STEP][PASSED] - delay: Delayed 2 second(s)

2018-05-21 12:17:31 - [MESSAGE][PASSED] - Delayed 2 second(s)

2018-05-21 12:17:31 - [TEST_STEP][PASSED] - Statement - StockQty = com.kms.katalon.core.webui.keyword.WebUiBuiltInKeywords.getAttribute(com.kms.katalon.core.testobject.ObjectRepository.findTestObject(PharmacyRequest/Page_Store/input_txtprice), "value"): Attribute 'value' of object 'Object Repository/PharmacyRequest/Page_Store/input_txtprice' is: '1060'

2018-05-21 12:17:31 - [MESSAGE][PASSED] - Attribute 'value' of object 'Object Repository/PharmacyRequest/Page_Store/input_txtprice' is: '1060'

2018-05-21 12:17:31 - [TEST_STEP][PASSED] - Statement - out.println("Stock QTY : " + StockQty): null

2018-05-21 12:17:31 - [TEST_STEP][PASSED] - delay: Delayed 1 second(s)

2018-05-21 12:17:32 - [MESSAGE][PASSED] - Delayed 1 second(s)

2018-05-21 12:17:32 - [TEST_STEP][PASSED] - Statement - If (java.lang.Integer.valueOf(StockQty) >= java.lang.Integer.valueOf(RequestedQty)): null

2018-05-21 12:17:32 - [TEST_STEP][PASSED] - setText: Text '10' is set on object 'Object Repository/PharmacyRequest/Page_Store/input_txtqty'

2018-05-21 12:17:32 - [MESSAGE][PASSED] - Text '10' is set on object 'Object Repository/PharmacyRequest/Page_Store/input_txtqty'

2018-05-21 12:17:32 - [TEST_STEP][PASSED] - click: Object: 'Object Repository/PharmacyRequest/Page_Store/button_Add' is clicked on

2018-05-21 12:17:32 - [MESSAGE][PASSED] - Object: 'Object Repository/PharmacyRequest/Page_Store/button_Add' is clicked on

2018-05-21 12:17:32 - [TEST_STEP][PASSED] - Statement - Break: null

2018-05-21 12:17:32 - [TEST_STEP][PASSED] - selectOptionByIndex: All options with index in [27] are selected on object 'Object Repository/PharmacyRequest/Page_Store/select_--Select--Amlodepin -5'

2018-05-21 12:17:33 - [MESSAGE][PASSED] - All options with index in [27] are selected on object 'Object Repository/PharmacyRequest/Page_Store/select_--Select--Amlodepin -5'

2018-05-21 12:17:33 - [TEST_STEP][PASSED] - delay: Delayed 1 second(s)

2018-05-21 12:17:34 - [MESSAGE][PASSED] - Delayed 1 second(s)

2018-05-21 12:17:34 - [TEST_STEP][PASSED] - Statement - RequestedQty = com.kms.katalon.core.webui.keyword.WebUiBuiltInKeywords.getAttribute(com.kms.katalon.core.testobject.ObjectRepository.findTestObject(PharmacyRequest/Page_Store/input_txttotal), "value"): Attribute 'value' of object 'Object Repository/PharmacyRequest/Page_Store/input_txttotal' is: '10'

2018-05-21 12:17:34 - [MESSAGE][PASSED] - Attribute 'value' of object 'Object Repository/PharmacyRequest/Page_Store/input_txttotal' is: '10'

2018-05-21 12:17:34 - [TEST_STEP][PASSED] - Statement - out.println("Requested QTY : " + RequestedQty): null

2018-05-21 12:17:34 - [TEST_STEP][PASSED] - Statement - BatchNumber = com.kms.katalon.core.webui.keyword.WebUiBuiltInKeywords.getNumberOfTotalOption(com.kms.katalon.core.testobject.ObjectRepository.findTestObject(PharmacyRequest/Page_Store/select_--Select--BA50)): 2 options of object 'Object Repository/PharmacyRequest/Page_Store/select_--Select--BA50' counted

2018-05-21 12:17:34 - [MESSAGE][PASSED] - 2 options of object 'Object Repository/PharmacyRequest/Page_Store/select_--Select--BA50' counted

2018-05-21 12:17:34 - [TEST_STEP][PASSED] - Statement - For ([g = 1, g <= BatchNumber - 1, (g++)]): null

2018-05-21 12:17:34 - [TEST_STEP][PASSED] - selectOptionByIndex: All options with index in [1] are selected on object 'Object Repository/PharmacyRequest/Page_Store/select_--Select--BA50'

2018-05-21 12:17:34 - [MESSAGE][PASSED] - All options with index in [1] are selected on object 'Object Repository/PharmacyRequest/Page_Store/select_--Select--BA50'

2018-05-21 12:17:34 - [TEST_STEP][PASSED] - delay: Delayed 2 second(s)

2018-05-21 12:17:36 - [MESSAGE][PASSED] - Delayed 2 second(s)

2018-05-21 12:17:36 - [TEST_STEP][PASSED] - Statement - StockQty = com.kms.katalon.core.webui.keyword.WebUiBuiltInKeywords.getAttribute(com.kms.katalon.core.testobject.ObjectRepository.findTestObject(PharmacyRequest/Page_Store/input_txtprice), "value"): Attribute 'value' of object 'Object Repository/PharmacyRequest/Page_Store/input_txtprice' is: '1260'

2018-05-21 12:17:36 - [MESSAGE][PASSED] - Attribute 'value' of object 'Object Repository/PharmacyRequest/Page_Store/input_txtprice' is: '1260'

2018-05-21 12:17:36 - [TEST_STEP][PASSED] - Statement - out.println("Stock QTY : " + StockQty): null

2018-05-21 12:17:36 - [TEST_STEP][PASSED] - delay: Delayed 1 second(s)

2018-05-21 12:17:37 - [MESSAGE][PASSED] - Delayed 1 second(s)

2018-05-21 12:17:37 - [TEST_STEP][PASSED] - Statement - If (java.lang.Integer.valueOf(StockQty) >= java.lang.Integer.valueOf(RequestedQty)): null

2018-05-21 12:17:37 - [TEST_STEP][PASSED] - setText: Text '10' is set on object 'Object Repository/PharmacyRequest/Page_Store/input_txtqty'

2018-05-21 12:17:37 - [MESSAGE][PASSED] - Text '10' is set on object 'Object Repository/PharmacyRequest/Page_Store/input_txtqty'

2018-05-21 12:17:37 - [TEST_STEP][PASSED] - click: Object: 'Object Repository/PharmacyRequest/Page_Store/button_Add' is clicked on

2018-05-21 12:17:37 - [MESSAGE][PASSED] - Object: 'Object Repository/PharmacyRequest/Page_Store/button_Add' is clicked on

2018-05-21 12:17:37 - [TEST_STEP][PASSED] - Statement - Break: null

2018-05-21 12:17:37 - [TEST_STEP][PASSED] - selectOptionByIndex: All options with index in [28] are selected on object 'Object Repository/PharmacyRequest/Page_Store/select_--Select--Amlodepin -5'

2018-05-21 12:17:38 - [MESSAGE][PASSED] - All options with index in [28] are selected on object 'Object Repository/PharmacyRequest/Page_Store/select_--Select--Amlodepin -5'

2018-05-21 12:17:38 - [TEST_STEP][PASSED] - delay: Delayed 1 second(s)

2018-05-21 12:17:39 - [MESSAGE][PASSED] - Delayed 1 second(s)

2018-05-21 12:17:39 - [TEST_STEP][PASSED] - Statement - RequestedQty = com.kms.katalon.core.webui.keyword.WebUiBuiltInKeywords.getAttribute(com.kms.katalon.core.testobject.ObjectRepository.findTestObject(PharmacyRequest/Page_Store/input_txttotal), "value"): Attribute 'value' of object 'Object Repository/PharmacyRequest/Page_Store/input_txttotal' is: '10'

2018-05-21 12:17:39 - [MESSAGE][PASSED] - Attribute 'value' of object 'Object Repository/PharmacyRequest/Page_Store/input_txttotal' is: '10'

2018-05-21 12:17:39 - [TEST_STEP][PASSED] - Statement - out.println("Requested QTY : " + RequestedQty): null

2018-05-21 12:17:39 - [TEST_STEP][PASSED] - Statement - BatchNumber = com.kms.katalon.core.webui.keyword.WebUiBuiltInKeywords.getNumberOfTotalOption(com.kms.katalon.core.testobject.ObjectRepository.findTestObject(PharmacyRequest/Page_Store/select_--Select--BA50)): 4 options of object 'Object Repository/PharmacyRequest/Page_Store/select_--Select--BA50' counted

2018-05-21 12:17:39 - [MESSAGE][PASSED] - 4 options of object 'Object Repository/PharmacyRequest/Page_Store/select_--Select--BA50' counted

2018-05-21 12:17:39 - [TEST_STEP][PASSED] - Statement - For ([g = 1, g <= BatchNumber - 1, (g++)]): null

2018-05-21 12:17:39 - [TEST_STEP][PASSED] - selectOptionByIndex: All options with index in [1] are selected on object 'Object Repository/PharmacyRequest/Page_Store/select_--Select--BA50'

2018-05-21 12:17:39 - [MESSAGE][PASSED] - All options with index in [1] are selected on object 'Object Repository/PharmacyRequest/Page_Store/select_--Select--BA50'

2018-05-21 12:17:39 - [TEST_STEP][PASSED] - delay: Delayed 2 second(s)

2018-05-21 12:17:41 - [MESSAGE][PASSED] - Delayed 2 second(s)

2018-05-21 12:17:41 - [TEST_STEP][PASSED] - Statement - StockQty = com.kms.katalon.core.webui.keyword.WebUiBuiltInKeywords.getAttribute(com.kms.katalon.core.testobject.ObjectRepository.findTestObject(PharmacyRequest/Page_Store/input_txtprice), "value"): Attribute 'value' of object 'Object Repository/PharmacyRequest/Page_Store/input_txtprice' is: '100'

2018-05-21 12:17:41 - [MESSAGE][PASSED] - Attribute 'value' of object 'Object Repository/PharmacyRequest/Page_Store/input_txtprice' is: '100'

2018-05-21 12:17:41 - [TEST_STEP][PASSED] - Statement - out.println("Stock QTY : " + StockQty): null

2018-05-21 12:17:41 - [TEST_STEP][PASSED] - delay: Delayed 1 second(s)

2018-05-21 12:17:42 - [MESSAGE][PASSED] - Delayed 1 second(s)

2018-05-21 12:17:42 - [TEST_STEP][PASSED] - Statement - If (java.lang.Integer.valueOf(StockQty) >= java.lang.Integer.valueOf(RequestedQty)): null

2018-05-21 12:17:42 - [TEST_STEP][PASSED] - setText: Text '10' is set on object 'Object Repository/PharmacyRequest/Page_Store/input_txtqty'

2018-05-21 12:17:42 - [MESSAGE][PASSED] - Text '10' is set on object 'Object Repository/PharmacyRequest/Page_Store/input_txtqty'

2018-05-21 12:17:42 - [TEST_STEP][PASSED] - click: Object: 'Object Repository/PharmacyRequest/Page_Store/button_Add' is clicked on

2018-05-21 12:17:42 - [MESSAGE][PASSED] - Object: 'Object Repository/PharmacyRequest/Page_Store/button_Add' is clicked on

2018-05-21 12:17:42 - [TEST_STEP][PASSED] - Statement - Break: null

2018-05-21 12:17:42 - [TEST_STEP][PASSED] - selectOptionByIndex: All options with index in [29] are selected on object 'Object Repository/PharmacyRequest/Page_Store/select_--Select--Amlodepin -5'

2018-05-21 12:17:43 - [MESSAGE][PASSED] - All options with index in [29] are selected on object 'Object Repository/PharmacyRequest/Page_Store/select_--Select--Amlodepin -5'

2018-05-21 12:17:43 - [TEST_STEP][PASSED] - delay: Delayed 1 second(s)

2018-05-21 12:17:44 - [MESSAGE][PASSED] - Delayed 1 second(s)

2018-05-21 12:17:44 - [TEST_STEP][PASSED] - Statement - RequestedQty = com.kms.katalon.core.webui.keyword.WebUiBuiltInKeywords.getAttribute(com.kms.katalon.core.testobject.ObjectRepository.findTestObject(PharmacyRequest/Page_Store/input_txttotal), "value"): Attribute 'value' of object 'Object Repository/PharmacyRequest/Page_Store/input_txttotal' is: '10'

2018-05-21 12:17:44 - [MESSAGE][PASSED] - Attribute 'value' of object 'Object Repository/PharmacyRequest/Page_Store/input_txttotal' is: '10'

2018-05-21 12:17:44 - [TEST_STEP][PASSED] - Statement - out.println("Requested QTY : " + RequestedQty): null

2018-05-21 12:17:44 - [TEST_STEP][PASSED] - Statement - BatchNumber = com.kms.katalon.core.webui.keyword.WebUiBuiltInKeywords.getNumberOfTotalOption(com.kms.katalon.core.testobject.ObjectRepository.findTestObject(PharmacyRequest/Page_Store/select_--Select--BA50)): 2 options of object 'Object Repository/PharmacyRequest/Page_Store/select_--Select--BA50' counted

2018-05-21 12:17:44 - [MESSAGE][PASSED] - 2 options of object 'Object Repository/PharmacyRequest/Page_Store/select_--Select--BA50' counted

2018-05-21 12:17:44 - [TEST_STEP][PASSED] - Statement - For ([g = 1, g <= BatchNumber - 1, (g++)]): null

2018-05-21 12:17:44 - [TEST_STEP][PASSED] - selectOptionByIndex: All options with index in [1] are selected on object 'Object Repository/PharmacyRequest/Page_Store/select_--Select--BA50'

2018-05-21 12:17:44 - [MESSAGE][PASSED] - All options with index in [1] are selected on object 'Object Repository/PharmacyRequest/Page_Store/select_--Select--BA50'

2018-05-21 12:17:44 - [TEST_STEP][PASSED] - delay: Delayed 2 second(s)

2018-05-21 12:17:46 - [MESSAGE][PASSED] - Delayed 2 second(s)

2018-05-21 12:17:46 - [TEST_STEP][PASSED] - Statement - StockQty = com.kms.katalon.core.webui.keyword.WebUiBuiltInKeywords.getAttribute(com.kms.katalon.core.testobject.ObjectRepository.findTestObject(PharmacyRequest/Page_Store/input_txtprice), "value"): Attribute 'value' of object 'Object Repository/PharmacyRequest/Page_Store/input_txtprice' is: '1260'

2018-05-21 12:17:46 - [MESSAGE][PASSED] - Attribute 'value' of object 'Object Repository/PharmacyRequest/Page_Store/input_txtprice' is: '1260'

2018-05-21 12:17:46 - [TEST_STEP][PASSED] - Statement - out.println("Stock QTY : " + StockQty): null

2018-05-21 12:17:46 - [TEST_STEP][PASSED] - delay: Delayed 1 second(s)

2018-05-21 12:17:47 - [MESSAGE][PASSED] - Delayed 1 second(s)

2018-05-21 12:17:47 - [TEST_STEP][PASSED] - Statement - If (java.lang.Integer.valueOf(StockQty) >= java.lang.Integer.valueOf(RequestedQty)): null

2018-05-21 12:17:47 - [TEST_STEP][PASSED] - setText: Text '10' is set on object 'Object Repository/PharmacyRequest/Page_Store/input_txtqty'

2018-05-21 12:17:47 - [MESSAGE][PASSED] - Text '10' is set on object 'Object Repository/PharmacyRequest/Page_Store/input_txtqty'

2018-05-21 12:17:47 - [TEST_STEP][PASSED] - click: Object: 'Object Repository/PharmacyRequest/Page_Store/button_Add' is clicked on

2018-05-21 12:17:47 - [MESSAGE][PASSED] - Object: 'Object Repository/PharmacyRequest/Page_Store/button_Add' is clicked on

2018-05-21 12:17:47 - [TEST_STEP][PASSED] - Statement - Break: null

2018-05-21 12:17:47 - [TEST_STEP][PASSED] - selectOptionByIndex: All options with index in [30] are selected on object 'Object Repository/PharmacyRequest/Page_Store/select_--Select--Amlodepin -5'

2018-05-21 12:17:48 - [MESSAGE][PASSED] - All options with index in [30] are selected on object 'Object Repository/PharmacyRequest/Page_Store/select_--Select--Amlodepin -5'

2018-05-21 12:17:48 - [TEST_STEP][PASSED] - delay: Delayed 1 second(s)

2018-05-21 12:17:49 - [MESSAGE][PASSED] - Delayed 1 second(s)

2018-05-21 12:17:49 - [TEST_STEP][PASSED] - Statement - RequestedQty = com.kms.katalon.core.webui.keyword.WebUiBuiltInKeywords.getAttribute(com.kms.katalon.core.testobject.ObjectRepository.findTestObject(PharmacyRequest/Page_Store/input_txttotal), "value"): Attribute 'value' of object 'Object Repository/PharmacyRequest/Page_Store/input_txttotal' is: '10'

2018-05-21 12:17:49 - [MESSAGE][PASSED] - Attribute 'value' of object 'Object Repository/PharmacyRequest/Page_Store/input_txttotal' is: '10'

2018-05-21 12:17:49 - [TEST_STEP][PASSED] - Statement - out.println("Requested QTY : " + RequestedQty): null

2018-05-21 12:17:49 - [TEST_STEP][PASSED] - Statement - BatchNumber = com.kms.katalon.core.webui.keyword.WebUiBuiltInKeywords.getNumberOfTotalOption(com.kms.katalon.core.testobject.ObjectRepository.findTestObject(PharmacyRequest/Page_Store/select_--Select--BA50)): 2 options of object 'Object Repository/PharmacyRequest/Page_Store/select_--Select--BA50' counted

2018-05-21 12:17:49 - [MESSAGE][PASSED] - 2 options of object 'Object Repository/PharmacyRequest/Page_Store/select_--Select--BA50' counted

2018-05-21 12:17:49 - [TEST_STEP][PASSED] - Statement - For ([g = 1, g <= BatchNumber - 1, (g++)]): null

2018-05-21 12:17:49 - [TEST_STEP][PASSED] - selectOptionByIndex: All options with index in [1] are selected on object 'Object Repository/PharmacyRequest/Page_Store/select_--Select--BA50'

2018-05-21 12:17:49 - [MESSAGE][PASSED] - All options with index in [1] are selected on object 'Object Repository/PharmacyRequest/Page_Store/select_--Select--BA50'

2018-05-21 12:17:49 - [TEST_STEP][PASSED] - delay: Delayed 2 second(s)

2018-05-21 12:17:51 - [MESSAGE][PASSED] - Delayed 2 second(s)

2018-05-21 12:17:51 - [TEST_STEP][PASSED] - Statement - StockQty = com.kms.katalon.core.webui.keyword.WebUiBuiltInKeywords.getAttribute(com.kms.katalon.core.testobject.ObjectRepository.findTestObject(PharmacyRequest/Page_Store/input_txtprice), "value"): Attribute 'value' of object 'Object Repository/PharmacyRequest/Page_Store/input_txtprice' is: '1260'

2018-05-21 12:17:51 - [MESSAGE][PASSED] - Attribute 'value' of object 'Object Repository/PharmacyRequest/Page_Store/input_txtprice' is: '1260'

2018-05-21 12:17:51 - [TEST_STEP][PASSED] - Statement - out.println("Stock QTY : " + StockQty): null

2018-05-21 12:17:51 - [TEST_STEP][PASSED] - delay: Delayed 1 second(s)

2018-05-21 12:17:52 - [MESSAGE][PASSED] - Delayed 1 second(s)

2018-05-21 12:17:52 - [TEST_STEP][PASSED] - Statement - If (java.lang.Integer.valueOf(StockQty) >= java.lang.Integer.valueOf(RequestedQty)): null

2018-05-21 12:17:52 - [TEST_STEP][PASSED] - setText: Text '10' is set on object 'Object Repository/PharmacyRequest/Page_Store/input_txtqty'

2018-05-21 12:17:52 - [MESSAGE][PASSED] - Text '10' is set on object 'Object Repository/PharmacyRequest/Page_Store/input_txtqty'

2018-05-21 12:17:52 - [TEST_STEP][PASSED] - click: Object: 'Object Repository/PharmacyRequest/Page_Store/button_Add' is clicked on

2018-05-21 12:17:52 - [MESSAGE][PASSED] - Object: 'Object Repository/PharmacyRequest/Page_Store/button_Add' is clicked on

2018-05-21 12:17:52 - [TEST_STEP][PASSED] - Statement - Break: null

2018-05-21 12:17:52 - [TEST_STEP][PASSED] - selectOptionByIndex: All options with index in [31] are selected on object 'Object Repository/PharmacyRequest/Page_Store/select_--Select--Amlodepin -5'

2018-05-21 12:17:52 - [MESSAGE][PASSED] - All options with index in [31] are selected on object 'Object Repository/PharmacyRequest/Page_Store/select_--Select--Amlodepin -5'

2018-05-21 12:17:52 - [TEST_STEP][PASSED] - delay: Delayed 1 second(s)

2018-05-21 12:17:53 - [MESSAGE][PASSED] - Delayed 1 second(s)

2018-05-21 12:17:53 - [TEST_STEP][PASSED] - Statement - RequestedQty = com.kms.katalon.core.webui.keyword.WebUiBuiltInKeywords.getAttribute(com.kms.katalon.core.testobject.ObjectRepository.findTestObject(PharmacyRequest/Page_Store/input_txttotal), "value"): Attribute 'value' of object 'Object Repository/PharmacyRequest/Page_Store/input_txttotal' is: '10'

2018-05-21 12:17:54 - [MESSAGE][PASSED] - Attribute 'value' of object 'Object Repository/PharmacyRequest/Page_Store/input_txttotal' is: '10'

2018-05-21 12:17:54 - [TEST_STEP][PASSED] - Statement - out.println("Requested QTY : " + RequestedQty): null

2018-05-21 12:17:54 - [TEST_STEP][PASSED] - Statement - BatchNumber = com.kms.katalon.core.webui.keyword.WebUiBuiltInKeywords.getNumberOfTotalOption(com.kms.katalon.core.testobject.ObjectRepository.findTestObject(PharmacyRequest/Page_Store/select_--Select--BA50)): 3 options of object 'Object Repository/PharmacyRequest/Page_Store/select_--Select--BA50' counted

2018-05-21 12:17:54 - [MESSAGE][PASSED] - 3 options of object 'Object Repository/PharmacyRequest/Page_Store/select_--Select--BA50' counted

2018-05-21 12:17:54 - [TEST_STEP][PASSED] - Statement - For ([g = 1, g <= BatchNumber - 1, (g++)]): null

2018-05-21 12:17:54 - [TEST_STEP][PASSED] - selectOptionByIndex: All options with index in [1] are selected on object 'Object Repository/PharmacyRequest/Page_Store/select_--Select--BA50'

2018-05-21 12:17:54 - [MESSAGE][PASSED] - All options with index in [1] are selected on object 'Object Repository/PharmacyRequest/Page_Store/select_--Select--BA50'

2018-05-21 12:17:54 - [TEST_STEP][PASSED] - delay: Delayed 2 second(s)

2018-05-21 12:17:56 - [MESSAGE][PASSED] - Delayed 2 second(s)

2018-05-21 12:17:56 - [TEST_STEP][PASSED] - Statement - StockQty = com.kms.katalon.core.webui.keyword.WebUiBuiltInKeywords.getAttribute(com.kms.katalon.core.testobject.ObjectRepository.findTestObject(PharmacyRequest/Page_Store/input_txtprice), "value"): Attribute 'value' of object 'Object Repository/PharmacyRequest/Page_Store/input_txtprice' is: '1060'

2018-05-21 12:17:56 - [MESSAGE][PASSED] - Attribute 'value' of object 'Object Repository/PharmacyRequest/Page_Store/input_txtprice' is: '1060'

2018-05-21 12:17:56 - [TEST_STEP][PASSED] - Statement - out.println("Stock QTY : " + StockQty): null

2018-05-21 12:17:56 - [TEST_STEP][PASSED] - delay: Delayed 1 second(s)

2018-05-21 12:17:57 - [MESSAGE][PASSED] - Delayed 1 second(s)

2018-05-21 12:17:57 - [TEST_STEP][PASSED] - Statement - If (java.lang.Integer.valueOf(StockQty) >= java.lang.Integer.valueOf(RequestedQty)): null

2018-05-21 12:17:57 - [TEST_STEP][PASSED] - setText: Text '10' is set on object 'Object Repository/PharmacyRequest/Page_Store/input_txtqty'

2018-05-21 12:17:57 - [MESSAGE][PASSED] - Text '10' is set on object 'Object Repository/PharmacyRequest/Page_Store/input_txtqty'

2018-05-21 12:17:57 - [TEST_STEP][PASSED] - click: Object: 'Object Repository/PharmacyRequest/Page_Store/button_Add' is clicked on

2018-05-21 12:17:57 - [MESSAGE][PASSED] - Object: 'Object Repository/PharmacyRequest/Page_Store/button_Add' is clicked on

2018-05-21 12:17:57 - [TEST_STEP][PASSED] - Statement - Break: null

2018-05-21 12:17:57 - [TEST_STEP][PASSED] - selectOptionByIndex: All options with index in [32] are selected on object 'Object Repository/PharmacyRequest/Page_Store/select_--Select--Amlodepin -5'

2018-05-21 12:17:57 - [MESSAGE][PASSED] - All options with index in [32] are selected on object 'Object Repository/PharmacyRequest/Page_Store/select_--Select--Amlodepin -5'

2018-05-21 12:17:57 - [TEST_STEP][PASSED] - delay: Delayed 1 second(s)

2018-05-21 12:17:58 - [MESSAGE][PASSED] - Delayed 1 second(s)

2018-05-21 12:17:58 - [TEST_STEP][PASSED] - Statement - RequestedQty = com.kms.katalon.core.webui.keyword.WebUiBuiltInKeywords.getAttribute(com.kms.katalon.core.testobject.ObjectRepository.findTestObject(PharmacyRequest/Page_Store/input_txttotal), "value"): Attribute 'value' of object 'Object Repository/PharmacyRequest/Page_Store/input_txttotal' is: '10'

2018-05-21 12:17:58 - [MESSAGE][PASSED] - Attribute 'value' of object 'Object Repository/PharmacyRequest/Page_Store/input_txttotal' is: '10'

2018-05-21 12:17:58 - [TEST_STEP][PASSED] - Statement - out.println("Requested QTY : " + RequestedQty): null

2018-05-21 12:17:58 - [TEST_STEP][PASSED] - Statement - BatchNumber = com.kms.katalon.core.webui.keyword.WebUiBuiltInKeywords.getNumberOfTotalOption(com.kms.katalon.core.testobject.ObjectRepository.findTestObject(PharmacyRequest/Page_Store/select_--Select--BA50)): 3 options of object 'Object Repository/PharmacyRequest/Page_Store/select_--Select--BA50' counted

2018-05-21 12:17:58 - [MESSAGE][PASSED] - 3 options of object 'Object Repository/PharmacyRequest/Page_Store/select_--Select--BA50' counted

2018-05-21 12:17:58 - [TEST_STEP][PASSED] - Statement - For ([g = 1, g <= BatchNumber - 1, (g++)]): null

2018-05-21 12:17:58 - [TEST_STEP][PASSED] - selectOptionByIndex: All options with index in [1] are selected on object 'Object Repository/PharmacyRequest/Page_Store/select_--Select--BA50'

2018-05-21 12:17:59 - [MESSAGE][PASSED] - All options with index in [1] are selected on object 'Object Repository/PharmacyRequest/Page_Store/select_--Select--BA50'

2018-05-21 12:17:59 - [TEST_STEP][PASSED] - delay: Delayed 2 second(s)

2018-05-21 12:18:01 - [MESSAGE][PASSED] - Delayed 2 second(s)

2018-05-21 12:18:01 - [TEST_STEP][PASSED] - Statement - StockQty = com.kms.katalon.core.webui.keyword.WebUiBuiltInKeywords.getAttribute(com.kms.katalon.core.testobject.ObjectRepository.findTestObject(PharmacyRequest/Page_Store/input_txtprice), "value"): Attribute 'value' of object 'Object Repository/PharmacyRequest/Page_Store/input_txtprice' is: '1060'

2018-05-21 12:18:01 - [MESSAGE][PASSED] - Attribute 'value' of object 'Object Repository/PharmacyRequest/Page_Store/input_txtprice' is: '1060'

2018-05-21 12:18:01 - [TEST_STEP][PASSED] - Statement - out.println("Stock QTY : " + StockQty): null

2018-05-21 12:18:01 - [TEST_STEP][PASSED] - delay: Delayed 1 second(s)

2018-05-21 12:18:02 - [MESSAGE][PASSED] - Delayed 1 second(s)

2018-05-21 12:18:02 - [TEST_STEP][PASSED] - Statement - If (java.lang.Integer.valueOf(StockQty) >= java.lang.Integer.valueOf(RequestedQty)): null

2018-05-21 12:18:02 - [TEST_STEP][PASSED] - setText: Text '10' is set on object 'Object Repository/PharmacyRequest/Page_Store/input_txtqty'

2018-05-21 12:18:02 - [MESSAGE][PASSED] - Text '10' is set on object 'Object Repository/PharmacyRequest/Page_Store/input_txtqty'

2018-05-21 12:18:02 - [TEST_STEP][PASSED] - click: Object: 'Object Repository/PharmacyRequest/Page_Store/button_Add' is clicked on

2018-05-21 12:18:07 - [MESSAGE][PASSED] - Object: 'Object Repository/PharmacyRequest/Page_Store/button_Add' is clicked on

2018-05-21 12:18:07 - [TEST_STEP][PASSED] - Statement - Break: null

2018-05-21 12:18:07 - [TEST_STEP][PASSED] - selectOptionByIndex: All options with index in [33] are selected on object 'Object Repository/PharmacyRequest/Page_Store/select_--Select--Amlodepin -5'

2018-05-21 12:18:07 - [MESSAGE][PASSED] - All options with index in [33] are selected on object 'Object Repository/PharmacyRequest/Page_Store/select_--Select--Amlodepin -5'

2018-05-21 12:18:07 - [TEST_STEP][PASSED] - delay: Delayed 1 second(s)

2018-05-21 12:18:08 - [MESSAGE][PASSED] - Delayed 1 second(s)

2018-05-21 12:18:08 - [TEST_STEP][PASSED] - Statement - RequestedQty = com.kms.katalon.core.webui.keyword.WebUiBuiltInKeywords.getAttribute(com.kms.katalon.core.testobject.ObjectRepository.findTestObject(PharmacyRequest/Page_Store/input_txttotal), "value"): Attribute 'value' of object 'Object Repository/PharmacyRequest/Page_Store/input_txttotal' is: '10'

2018-05-21 12:18:08 - [MESSAGE][PASSED] - Attribute 'value' of object 'Object Repository/PharmacyRequest/Page_Store/input_txttotal' is: '10'

2018-05-21 12:18:08 - [TEST_STEP][PASSED] - Statement - out.println("Requested QTY : " + RequestedQty): null

2018-05-21 12:18:08 - [TEST_STEP][PASSED] - Statement - BatchNumber = com.kms.katalon.core.webui.keyword.WebUiBuiltInKeywords.getNumberOfTotalOption(com.kms.katalon.core.testobject.ObjectRepository.findTestObject(PharmacyRequest/Page_Store/select_--Select--BA50)): 3 options of object 'Object Repository/PharmacyRequest/Page_Store/select_--Select--BA50' counted

2018-05-21 12:18:08 - [MESSAGE][PASSED] - 3 options of object 'Object Repository/PharmacyRequest/Page_Store/select_--Select--BA50' counted

2018-05-21 12:18:08 - [TEST_STEP][PASSED] - Statement - For ([g = 1, g <= BatchNumber - 1, (g++)]): null

2018-05-21 12:18:08 - [TEST_STEP][PASSED] - selectOptionByIndex: All options with index in [1] are selected on object 'Object Repository/PharmacyRequest/Page_Store/select_--Select--BA50'

2018-05-21 12:18:08 - [MESSAGE][PASSED] - All options with index in [1] are selected on object 'Object Repository/PharmacyRequest/Page_Store/select_--Select--BA50'

2018-05-21 12:18:08 - [TEST_STEP][PASSED] - delay: Delayed 2 second(s)

2018-05-21 12:18:10 - [MESSAGE][PASSED] - Delayed 2 second(s)

2018-05-21 12:18:10 - [TEST_STEP][PASSED] - Statement - StockQty = com.kms.katalon.core.webui.keyword.WebUiBuiltInKeywords.getAttribute(com.kms.katalon.core.testobject.ObjectRepository.findTestObject(PharmacyRequest/Page_Store/input_txtprice), "value"): Attribute 'value' of object 'Object Repository/PharmacyRequest/Page_Store/input_txtprice' is: '100'

2018-05-21 12:18:11 - [MESSAGE][PASSED] - Attribute 'value' of object 'Object Repository/PharmacyRequest/Page_Store/input_txtprice' is: '100'

2018-05-21 12:18:11 - [TEST_STEP][PASSED] - Statement - out.println("Stock QTY : " + StockQty): null

2018-05-21 12:18:11 - [TEST_STEP][PASSED] - delay: Delayed 1 second(s)

2018-05-21 12:18:12 - [MESSAGE][PASSED] - Delayed 1 second(s)

2018-05-21 12:18:12 - [TEST_STEP][PASSED] - Statement - If (java.lang.Integer.valueOf(StockQty) >= java.lang.Integer.valueOf(RequestedQty)): null

2018-05-21 12:18:12 - [TEST_STEP][PASSED] - setText: Text '10' is set on object 'Object Repository/PharmacyRequest/Page_Store/input_txtqty'

2018-05-21 12:18:12 - [MESSAGE][PASSED] - Text '10' is set on object 'Object Repository/PharmacyRequest/Page_Store/input_txtqty'

2018-05-21 12:18:12 - [TEST_STEP][PASSED] - click: Object: 'Object Repository/PharmacyRequest/Page_Store/button_Add' is clicked on

2018-05-21 12:18:17 - [MESSAGE][PASSED] - Object: 'Object Repository/PharmacyRequest/Page_Store/button_Add' is clicked on

2018-05-21 12:18:17 - [TEST_STEP][PASSED] - Statement - Break: null

2018-05-21 12:18:17 - [TEST_STEP][PASSED] - selectOptionByIndex: All options with index in [34] are selected on object 'Object Repository/PharmacyRequest/Page_Store/select_--Select--Amlodepin -5'

2018-05-21 12:18:17 - [MESSAGE][PASSED] - All options with index in [34] are selected on object 'Object Repository/PharmacyRequest/Page_Store/select_--Select--Amlodepin -5'

2018-05-21 12:18:17 - [TEST_STEP][PASSED] - delay: Delayed 1 second(s)

2018-05-21 12:18:18 - [MESSAGE][PASSED] - Delayed 1 second(s)

2018-05-21 12:18:18 - [TEST_STEP][PASSED] - Statement - RequestedQty = com.kms.katalon.core.webui.keyword.WebUiBuiltInKeywords.getAttribute(com.kms.katalon.core.testobject.ObjectRepository.findTestObject(PharmacyRequest/Page_Store/input_txttotal), "value"): Attribute 'value' of object 'Object Repository/PharmacyRequest/Page_Store/input_txttotal' is: '10'

2018-05-21 12:18:18 - [MESSAGE][PASSED] - Attribute 'value' of object 'Object Repository/PharmacyRequest/Page_Store/input_txttotal' is: '10'

2018-05-21 12:18:18 - [TEST_STEP][PASSED] - Statement - out.println("Requested QTY : " + RequestedQty): null

2018-05-21 12:18:18 - [TEST_STEP][PASSED] - Statement - BatchNumber = com.kms.katalon.core.webui.keyword.WebUiBuiltInKeywords.getNumberOfTotalOption(com.kms.katalon.core.testobject.ObjectRepository.findTestObject(PharmacyRequest/Page_Store/select_--Select--BA50)): 2 options of object 'Object Repository/PharmacyRequest/Page_Store/select_--Select--BA50' counted

2018-05-21 12:18:19 - [MESSAGE][PASSED] - 2 options of object 'Object Repository/PharmacyRequest/Page_Store/select_--Select--BA50' counted

2018-05-21 12:18:19 - [TEST_STEP][PASSED] - Statement - For ([g = 1, g <= BatchNumber - 1, (g++)]): null

2018-05-21 12:18:19 - [TEST_STEP][PASSED] - selectOptionByIndex: All options with index in [1] are selected on object 'Object Repository/PharmacyRequest/Page_Store/select_--Select--BA50'

2018-05-21 12:18:19 - [MESSAGE][PASSED] - All options with index in [1] are selected on object 'Object Repository/PharmacyRequest/Page_Store/select_--Select--BA50'

2018-05-21 12:18:19 - [TEST_STEP][PASSED] - delay: Delayed 2 second(s)

2018-05-21 12:18:21 - [MESSAGE][PASSED] - Delayed 2 second(s)

2018-05-21 12:18:21 - [TEST_STEP][PASSED] - Statement - StockQty = com.kms.katalon.core.webui.keyword.WebUiBuiltInKeywords.getAttribute(com.kms.katalon.core.testobject.ObjectRepository.findTestObject(PharmacyRequest/Page_Store/input_txtprice), "value"): Attribute 'value' of object 'Object Repository/PharmacyRequest/Page_Store/input_txtprice' is: '1260'

2018-05-21 12:18:21 - [MESSAGE][PASSED] - Attribute 'value' of object 'Object Repository/PharmacyRequest/Page_Store/input_txtprice' is: '1260'

2018-05-21 12:18:21 - [TEST_STEP][PASSED] - Statement - out.println("Stock QTY : " + StockQty): null

2018-05-21 12:18:21 - [TEST_STEP][PASSED] - delay: Delayed 1 second(s)

2018-05-21 12:18:22 - [MESSAGE][PASSED] - Delayed 1 second(s)

2018-05-21 12:18:22 - [TEST_STEP][PASSED] - Statement - If (java.lang.Integer.valueOf(StockQty) >= java.lang.Integer.valueOf(RequestedQty)): null

2018-05-21 12:18:22 - [TEST_STEP][PASSED] - setText: Text '10' is set on object 'Object Repository/PharmacyRequest/Page_Store/input_txtqty'

2018-05-21 12:18:22 - [MESSAGE][PASSED] - Text '10' is set on object 'Object Repository/PharmacyRequest/Page_Store/input_txtqty'

2018-05-21 12:18:22 - [TEST_STEP][PASSED] - click: Object: 'Object Repository/PharmacyRequest/Page_Store/button_Add' is clicked on

2018-05-21 12:18:27 - [MESSAGE][PASSED] - Object: 'Object Repository/PharmacyRequest/Page_Store/button_Add' is clicked on

2018-05-21 12:18:27 - [TEST_STEP][PASSED] - Statement - Break: null

2018-05-21 12:18:27 - [TEST_STEP][PASSED] - selectOptionByIndex: All options with index in [35] are selected on object 'Object Repository/PharmacyRequest/Page_Store/select_--Select--Amlodepin -5'

2018-05-21 12:18:28 - [MESSAGE][PASSED] - All options with index in [35] are selected on object 'Object Repository/PharmacyRequest/Page_Store/select_--Select--Amlodepin -5'

2018-05-21 12:18:28 - [TEST_STEP][PASSED] - delay: Delayed 1 second(s)

2018-05-21 12:18:29 - [MESSAGE][PASSED] - Delayed 1 second(s)

2018-05-21 12:18:29 - [TEST_STEP][PASSED] - Statement - RequestedQty = com.kms.katalon.core.webui.keyword.WebUiBuiltInKeywords.getAttribute(com.kms.katalon.core.testobject.ObjectRepository.findTestObject(PharmacyRequest/Page_Store/input_txttotal), "value"): Attribute 'value' of object 'Object Repository/PharmacyRequest/Page_Store/input_txttotal' is: '10'

2018-05-21 12:18:29 - [MESSAGE][PASSED] - Attribute 'value' of object 'Object Repository/PharmacyRequest/Page_Store/input_txttotal' is: '10'

2018-05-21 12:18:29 - [TEST_STEP][PASSED] - Statement - out.println("Requested QTY : " + RequestedQty): null

2018-05-21 12:18:29 - [TEST_STEP][PASSED] - Statement - BatchNumber = com.kms.katalon.core.webui.keyword.WebUiBuiltInKeywords.getNumberOfTotalOption(com.kms.katalon.core.testobject.ObjectRepository.findTestObject(PharmacyRequest/Page_Store/select_--Select--BA50)): 3 options of object 'Object Repository/PharmacyRequest/Page_Store/select_--Select--BA50' counted

2018-05-21 12:18:29 - [MESSAGE][PASSED] - 3 options of object 'Object Repository/PharmacyRequest/Page_Store/select_--Select--BA50' counted

2018-05-21 12:18:29 - [TEST_STEP][PASSED] - Statement - For ([g = 1, g <= BatchNumber - 1, (g++)]): null

2018-05-21 12:18:29 - [TEST_STEP][PASSED] - selectOptionByIndex: All options with index in [1] are selected on object 'Object Repository/PharmacyRequest/Page_Store/select_--Select--BA50'

2018-05-21 12:18:29 - [MESSAGE][PASSED] - All options with index in [1] are selected on object 'Object Repository/PharmacyRequest/Page_Store/select_--Select--BA50'

2018-05-21 12:18:29 - [TEST_STEP][PASSED] - delay: Delayed 2 second(s)

2018-05-21 12:18:31 - [MESSAGE][PASSED] - Delayed 2 second(s)

2018-05-21 12:18:31 - [TEST_STEP][PASSED] - Statement - StockQty = com.kms.katalon.core.webui.keyword.WebUiBuiltInKeywords.getAttribute(com.kms.katalon.core.testobject.ObjectRepository.findTestObject(PharmacyRequest/Page_Store/input_txtprice), "value"): Attribute 'value' of object 'Object Repository/PharmacyRequest/Page_Store/input_txtprice' is: '1060'

2018-05-21 12:18:31 - [MESSAGE][PASSED] - Attribute 'value' of object 'Object Repository/PharmacyRequest/Page_Store/input_txtprice' is: '1060'

2018-05-21 12:18:31 - [TEST_STEP][PASSED] - Statement - out.println("Stock QTY : " + StockQty): null

2018-05-21 12:18:31 - [TEST_STEP][PASSED] - delay: Delayed 1 second(s)

2018-05-21 12:18:32 - [MESSAGE][PASSED] - Delayed 1 second(s)

2018-05-21 12:18:32 - [TEST_STEP][PASSED] - Statement - If (java.lang.Integer.valueOf(StockQty) >= java.lang.Integer.valueOf(RequestedQty)): null

2018-05-21 12:18:32 - [TEST_STEP][PASSED] - setText: Text '10' is set on object 'Object Repository/PharmacyRequest/Page_Store/input_txtqty'

2018-05-21 12:18:32 - [MESSAGE][PASSED] - Text '10' is set on object 'Object Repository/PharmacyRequest/Page_Store/input_txtqty'

2018-05-21 12:18:32 - [TEST_STEP][PASSED] - click: Object: 'Object Repository/PharmacyRequest/Page_Store/button_Add' is clicked on

2018-05-21 12:18:37 - [MESSAGE][PASSED] - Object: 'Object Repository/PharmacyRequest/Page_Store/button_Add' is clicked on

2018-05-21 12:18:37 - [TEST_STEP][PASSED] - Statement - Break: null

2018-05-21 12:18:37 - [TEST_STEP][PASSED] - selectOptionByIndex: All options with index in [36] are selected on object 'Object Repository/PharmacyRequest/Page_Store/select_--Select--Amlodepin -5'

2018-05-21 12:18:38 - [MESSAGE][PASSED] - All options with index in [36] are selected on object 'Object Repository/PharmacyRequest/Page_Store/select_--Select--Amlodepin -5'

2018-05-21 12:18:38 - [TEST_STEP][PASSED] - delay: Delayed 1 second(s)

2018-05-21 12:18:39 - [MESSAGE][PASSED] - Delayed 1 second(s)

2018-05-21 12:18:39 - [TEST_STEP][PASSED] - Statement - RequestedQty = com.kms.katalon.core.webui.keyword.WebUiBuiltInKeywords.getAttribute(com.kms.katalon.core.testobject.ObjectRepository.findTestObject(PharmacyRequest/Page_Store/input_txttotal), "value"): Attribute 'value' of object 'Object Repository/PharmacyRequest/Page_Store/input_txttotal' is: '10'

2018-05-21 12:18:39 - [MESSAGE][PASSED] - Attribute 'value' of object 'Object Repository/PharmacyRequest/Page_Store/input_txttotal' is: '10'

2018-05-21 12:18:39 - [TEST_STEP][PASSED] - Statement - out.println("Requested QTY : " + RequestedQty): null

2018-05-21 12:18:39 - [TEST_STEP][PASSED] - Statement - BatchNumber = com.kms.katalon.core.webui.keyword.WebUiBuiltInKeywords.getNumberOfTotalOption(com.kms.katalon.core.testobject.ObjectRepository.findTestObject(PharmacyRequest/Page_Store/select_--Select--BA50)): 3 options of object 'Object Repository/PharmacyRequest/Page_Store/select_--Select--BA50' counted

2018-05-21 12:18:39 - [MESSAGE][PASSED] - 3 options of object 'Object Repository/PharmacyRequest/Page_Store/select_--Select--BA50' counted

2018-05-21 12:18:39 - [TEST_STEP][PASSED] - Statement - For ([g = 1, g <= BatchNumber - 1, (g++)]): null

2018-05-21 12:18:39 - [TEST_STEP][PASSED] - selectOptionByIndex: All options with index in [1] are selected on object 'Object Repository/PharmacyRequest/Page_Store/select_--Select--BA50'

2018-05-21 12:18:39 - [MESSAGE][PASSED] - All options with index in [1] are selected on object 'Object Repository/PharmacyRequest/Page_Store/select_--Select--BA50'

2018-05-21 12:18:39 - [TEST_STEP][PASSED] - delay: Delayed 2 second(s)

2018-05-21 12:18:41 - [MESSAGE][PASSED] - Delayed 2 second(s)

2018-05-21 12:18:41 - [TEST_STEP][PASSED] - Statement - StockQty = com.kms.katalon.core.webui.keyword.WebUiBuiltInKeywords.getAttribute(com.kms.katalon.core.testobject.ObjectRepository.findTestObject(PharmacyRequest/Page_Store/input_txtprice), "value"): Attribute 'value' of object 'Object Repository/PharmacyRequest/Page_Store/input_txtprice' is: '1060'

2018-05-21 12:18:41 - [MESSAGE][PASSED] - Attribute 'value' of object 'Object Repository/PharmacyRequest/Page_Store/input_txtprice' is: '1060'

2018-05-21 12:18:41 - [TEST_STEP][PASSED] - Statement - out.println("Stock QTY : " + StockQty): null

2018-05-21 12:18:41 - [TEST_STEP][PASSED] - delay: Delayed 1 second(s)

2018-05-21 12:18:42 - [MESSAGE][PASSED] - Delayed 1 second(s)

2018-05-21 12:18:42 - [TEST_STEP][PASSED] - Statement - If (java.lang.Integer.valueOf(StockQty) >= java.lang.Integer.valueOf(RequestedQty)): null

2018-05-21 12:18:42 - [TEST_STEP][PASSED] - setText: Text '10' is set on object 'Object Repository/PharmacyRequest/Page_Store/input_txtqty'

2018-05-21 12:18:42 - [MESSAGE][PASSED] - Text '10' is set on object 'Object Repository/PharmacyRequest/Page_Store/input_txtqty'

2018-05-21 12:18:42 - [TEST_STEP][PASSED] - click: Object: 'Object Repository/PharmacyRequest/Page_Store/button_Add' is clicked on

2018-05-21 12:18:47 - [MESSAGE][PASSED] - Object: 'Object Repository/PharmacyRequest/Page_Store/button_Add' is clicked on

2018-05-21 12:18:47 - [TEST_STEP][PASSED] - Statement - Break: null

2018-05-21 12:18:47 - [TEST_STEP][PASSED] - selectOptionByIndex: All options with index in [37] are selected on object 'Object Repository/PharmacyRequest/Page_Store/select_--Select--Amlodepin -5'

2018-05-21 12:18:47 - [MESSAGE][PASSED] - All options with index in [37] are selected on object 'Object Repository/PharmacyRequest/Page_Store/select_--Select--Amlodepin -5'

2018-05-21 12:18:47 - [TEST_STEP][PASSED] - delay: Delayed 1 second(s)

2018-05-21 12:18:48 - [MESSAGE][PASSED] - Delayed 1 second(s)

2018-05-21 12:18:48 - [TEST_STEP][PASSED] - Statement - RequestedQty = com.kms.katalon.core.webui.keyword.WebUiBuiltInKeywords.getAttribute(com.kms.katalon.core.testobject.ObjectRepository.findTestObject(PharmacyRequest/Page_Store/input_txttotal), "value"): Attribute 'value' of object 'Object Repository/PharmacyRequest/Page_Store/input_txttotal' is: '10'

2018-05-21 12:18:49 - [MESSAGE][PASSED] - Attribute 'value' of object 'Object Repository/PharmacyRequest/Page_Store/input_txttotal' is: '10'

2018-05-21 12:18:49 - [TEST_STEP][PASSED] - Statement - out.println("Requested QTY : " + RequestedQty): null

2018-05-21 12:18:49 - [TEST_STEP][PASSED] - Statement - BatchNumber = com.kms.katalon.core.webui.keyword.WebUiBuiltInKeywords.getNumberOfTotalOption(com.kms.katalon.core.testobject.ObjectRepository.findTestObject(PharmacyRequest/Page_Store/select_--Select--BA50)): 3 options of object 'Object Repository/PharmacyRequest/Page_Store/select_--Select--BA50' counted

2018-05-21 12:18:49 - [MESSAGE][PASSED] - 3 options of object 'Object Repository/PharmacyRequest/Page_Store/select_--Select--BA50' counted

2018-05-21 12:18:49 - [TEST_STEP][PASSED] - Statement - For ([g = 1, g <= BatchNumber - 1, (g++)]): null

2018-05-21 12:18:49 - [TEST_STEP][PASSED] - selectOptionByIndex: All options with index in [1] are selected on object 'Object Repository/PharmacyRequest/Page_Store/select_--Select--BA50'

2018-05-21 12:18:49 - [MESSAGE][PASSED] - All options with index in [1] are selected on object 'Object Repository/PharmacyRequest/Page_Store/select_--Select--BA50'

2018-05-21 12:18:49 - [TEST_STEP][PASSED] - delay: Delayed 2 second(s)

2018-05-21 12:18:51 - [MESSAGE][PASSED] - Delayed 2 second(s)

2018-05-21 12:18:51 - [TEST_STEP][PASSED] - Statement - StockQty = com.kms.katalon.core.webui.keyword.WebUiBuiltInKeywords.getAttribute(com.kms.katalon.core.testobject.ObjectRepository.findTestObject(PharmacyRequest/Page_Store/input_txtprice), "value"): Attribute 'value' of object 'Object Repository/PharmacyRequest/Page_Store/input_txtprice' is: '1060'

2018-05-21 12:18:51 - [MESSAGE][PASSED] - Attribute 'value' of object 'Object Repository/PharmacyRequest/Page_Store/input_txtprice' is: '1060'

2018-05-21 12:18:51 - [TEST_STEP][PASSED] - Statement - out.println("Stock QTY : " + StockQty): null

2018-05-21 12:18:51 - [TEST_STEP][PASSED] - delay: Delayed 1 second(s)

2018-05-21 12:18:52 - [MESSAGE][PASSED] - Delayed 1 second(s)

2018-05-21 12:18:52 - [TEST_STEP][PASSED] - Statement - If (java.lang.Integer.valueOf(StockQty) >= java.lang.Integer.valueOf(RequestedQty)): null

2018-05-21 12:18:52 - [TEST_STEP][PASSED] - setText: Text '10' is set on object 'Object Repository/PharmacyRequest/Page_Store/input_txtqty'

2018-05-21 12:18:52 - [MESSAGE][PASSED] - Text '10' is set on object 'Object Repository/PharmacyRequest/Page_Store/input_txtqty'

2018-05-21 12:18:52 - [TEST_STEP][PASSED] - click: Object: 'Object Repository/PharmacyRequest/Page_Store/button_Add' is clicked on

2018-05-21 12:18:57 - [MESSAGE][PASSED] - Object: 'Object Repository/PharmacyRequest/Page_Store/button_Add' is clicked on

2018-05-21 12:18:57 - [TEST_STEP][PASSED] - Statement - Break: null

2018-05-21 12:18:57 - [TEST_STEP][PASSED] - selectOptionByIndex: All options with index in [38] are selected on object 'Object Repository/PharmacyRequest/Page_Store/select_--Select--Amlodepin -5'

2018-05-21 12:18:57 - [MESSAGE][PASSED] - All options with index in [38] are selected on object 'Object Repository/PharmacyRequest/Page_Store/select_--Select--Amlodepin -5'

2018-05-21 12:18:57 - [TEST_STEP][PASSED] - delay: Delayed 1 second(s)

2018-05-21 12:18:58 - [MESSAGE][PASSED] - Delayed 1 second(s)

2018-05-21 12:18:58 - [TEST_STEP][PASSED] - Statement - RequestedQty = com.kms.katalon.core.webui.keyword.WebUiBuiltInKeywords.getAttribute(com.kms.katalon.core.testobject.ObjectRepository.findTestObject(PharmacyRequest/Page_Store/input_txttotal), "value"): Attribute 'value' of object 'Object Repository/PharmacyRequest/Page_Store/input_txttotal' is: '10'

2018-05-21 12:18:58 - [MESSAGE][PASSED] - Attribute 'value' of object 'Object Repository/PharmacyRequest/Page_Store/input_txttotal' is: '10'

2018-05-21 12:18:58 - [TEST_STEP][PASSED] - Statement - out.println("Requested QTY : " + RequestedQty): null

2018-05-21 12:18:58 - [TEST_STEP][PASSED] - Statement - BatchNumber = com.kms.katalon.core.webui.keyword.WebUiBuiltInKeywords.getNumberOfTotalOption(com.kms.katalon.core.testobject.ObjectRepository.findTestObject(PharmacyRequest/Page_Store/select_--Select--BA50)): 4 options of object 'Object Repository/PharmacyRequest/Page_Store/select_--Select--BA50' counted

2018-05-21 12:18:58 - [MESSAGE][PASSED] - 4 options of object 'Object Repository/PharmacyRequest/Page_Store/select_--Select--BA50' counted

2018-05-21 12:18:58 - [TEST_STEP][PASSED] - Statement - For ([g = 1, g <= BatchNumber - 1, (g++)]): null

2018-05-21 12:18:58 - [TEST_STEP][PASSED] - selectOptionByIndex: All options with index in [1] are selected on object 'Object Repository/PharmacyRequest/Page_Store/select_--Select--BA50'

2018-05-21 12:18:59 - [MESSAGE][PASSED] - All options with index in [1] are selected on object 'Object Repository/PharmacyRequest/Page_Store/select_--Select--BA50'

2018-05-21 12:18:59 - [TEST_STEP][PASSED] - delay: Delayed 2 second(s)

2018-05-21 12:19:01 - [MESSAGE][PASSED] - Delayed 2 second(s)

2018-05-21 12:19:01 - [TEST_STEP][PASSED] - Statement - StockQty = com.kms.katalon.core.webui.keyword.WebUiBuiltInKeywords.getAttribute(com.kms.katalon.core.testobject.ObjectRepository.findTestObject(PharmacyRequest/Page_Store/input_txtprice), "value"): Attribute 'value' of object 'Object Repository/PharmacyRequest/Page_Store/input_txtprice' is: '100'

2018-05-21 12:19:01 - [MESSAGE][PASSED] - Attribute 'value' of object 'Object Repository/PharmacyRequest/Page_Store/input_txtprice' is: '100'

2018-05-21 12:19:01 - [TEST_STEP][PASSED] - Statement - out.println("Stock QTY : " + StockQty): null

2018-05-21 12:19:01 - [TEST_STEP][PASSED] - delay: Delayed 1 second(s)

2018-05-21 12:19:02 - [MESSAGE][PASSED] - Delayed 1 second(s)

2018-05-21 12:19:02 - [TEST_STEP][PASSED] - Statement - If (java.lang.Integer.valueOf(StockQty) >= java.lang.Integer.valueOf(RequestedQty)): null

2018-05-21 12:19:02 - [TEST_STEP][PASSED] - setText: Text '10' is set on object 'Object Repository/PharmacyRequest/Page_Store/input_txtqty'

2018-05-21 12:19:02 - [MESSAGE][PASSED] - Text '10' is set on object 'Object Repository/PharmacyRequest/Page_Store/input_txtqty'

2018-05-21 12:19:02 - [TEST_STEP][PASSED] - click: Object: 'Object Repository/PharmacyRequest/Page_Store/button_Add' is clicked on

2018-05-21 12:19:07 - [MESSAGE][PASSED] - Object: 'Object Repository/PharmacyRequest/Page_Store/button_Add' is clicked on

2018-05-21 12:19:07 - [TEST_STEP][PASSED] - Statement - Break: null

2018-05-21 12:19:07 - [TEST_STEP][PASSED] - selectOptionByIndex: All options with index in [39] are selected on object 'Object Repository/PharmacyRequest/Page_Store/select_--Select--Amlodepin -5'

2018-05-21 12:19:07 - [MESSAGE][PASSED] - All options with index in [39] are selected on object 'Object Repository/PharmacyRequest/Page_Store/select_--Select--Amlodepin -5'

2018-05-21 12:19:07 - [TEST_STEP][PASSED] - delay: Delayed 1 second(s)

2018-05-21 12:19:08 - [MESSAGE][PASSED] - Delayed 1 second(s)

2018-05-21 12:19:08 - [TEST_STEP][PASSED] - Statement - RequestedQty = com.kms.katalon.core.webui.keyword.WebUiBuiltInKeywords.getAttribute(com.kms.katalon.core.testobject.ObjectRepository.findTestObject(PharmacyRequest/Page_Store/input_txttotal), "value"): Attribute 'value' of object 'Object Repository/PharmacyRequest/Page_Store/input_txttotal' is: '10'

2018-05-21 12:19:09 - [MESSAGE][PASSED] - Attribute 'value' of object 'Object Repository/PharmacyRequest/Page_Store/input_txttotal' is: '10'

2018-05-21 12:19:09 - [TEST_STEP][PASSED] - Statement - out.println("Requested QTY : " + RequestedQty): null

2018-05-21 12:19:09 - [TEST_STEP][PASSED] - Statement - BatchNumber = com.kms.katalon.core.webui.keyword.WebUiBuiltInKeywords.getNumberOfTotalOption(com.kms.katalon.core.testobject.ObjectRepository.findTestObject(PharmacyRequest/Page_Store/select_--Select--BA50)): 3 options of object 'Object Repository/PharmacyRequest/Page_Store/select_--Select--BA50' counted

2018-05-21 12:19:09 - [MESSAGE][PASSED] - 3 options of object 'Object Repository/PharmacyRequest/Page_Store/select_--Select--BA50' counted

2018-05-21 12:19:09 - [TEST_STEP][PASSED] - Statement - For ([g = 1, g <= BatchNumber - 1, (g++)]): null

2018-05-21 12:19:09 - [TEST_STEP][PASSED] - selectOptionByIndex: All options with index in [1] are selected on object 'Object Repository/PharmacyRequest/Page_Store/select_--Select--BA50'

2018-05-21 12:19:09 - [MESSAGE][PASSED] - All options with index in [1] are selected on object 'Object Repository/PharmacyRequest/Page_Store/select_--Select--BA50'

2018-05-21 12:19:09 - [TEST_STEP][PASSED] - delay: Delayed 2 second(s)

2018-05-21 12:19:11 - [MESSAGE][PASSED] - Delayed 2 second(s)

2018-05-21 12:19:11 - [TEST_STEP][PASSED] - Statement - StockQty = com.kms.katalon.core.webui.keyword.WebUiBuiltInKeywords.getAttribute(com.kms.katalon.core.testobject.ObjectRepository.findTestObject(PharmacyRequest/Page_Store/input_txtprice), "value"): Attribute 'value' of object 'Object Repository/PharmacyRequest/Page_Store/input_txtprice' is: '100'

2018-05-21 12:19:11 - [MESSAGE][PASSED] - Attribute 'value' of object 'Object Repository/PharmacyRequest/Page_Store/input_txtprice' is: '100'

2018-05-21 12:19:11 - [TEST_STEP][PASSED] - Statement - out.println("Stock QTY : " + StockQty): null

2018-05-21 12:19:11 - [TEST_STEP][PASSED] - delay: Delayed 1 second(s)

2018-05-21 12:19:12 - [MESSAGE][PASSED] - Delayed 1 second(s)

2018-05-21 12:19:12 - [TEST_STEP][PASSED] - Statement - If (java.lang.Integer.valueOf(StockQty) >= java.lang.Integer.valueOf(RequestedQty)): null

2018-05-21 12:19:12 - [TEST_STEP][PASSED] - setText: Text '10' is set on object 'Object Repository/PharmacyRequest/Page_Store/input_txtqty'

2018-05-21 12:19:12 - [MESSAGE][PASSED] - Text '10' is set on object 'Object Repository/PharmacyRequest/Page_Store/input_txtqty'

2018-05-21 12:19:12 - [TEST_STEP][PASSED] - click: Object: 'Object Repository/PharmacyRequest/Page_Store/button_Add' is clicked on

2018-05-21 12:19:17 - [MESSAGE][PASSED] - Object: 'Object Repository/PharmacyRequest/Page_Store/button_Add' is clicked on

2018-05-21 12:19:17 - [TEST_STEP][PASSED] - Statement - Break: null

2018-05-21 12:19:17 - [TEST_STEP][PASSED] - selectOptionByIndex: All options with index in [40] are selected on object 'Object Repository/PharmacyRequest/Page_Store/select_--Select--Amlodepin -5'

2018-05-21 12:19:18 - [MESSAGE][PASSED] - All options with index in [40] are selected on object 'Object Repository/PharmacyRequest/Page_Store/select_--Select--Amlodepin -5'

2018-05-21 12:19:18 - [TEST_STEP][PASSED] - delay: Delayed 1 second(s)

2018-05-21 12:19:19 - [MESSAGE][PASSED] - Delayed 1 second(s)

2018-05-21 12:19:19 - [TEST_STEP][PASSED] - Statement - RequestedQty = com.kms.katalon.core.webui.keyword.WebUiBuiltInKeywords.getAttribute(com.kms.katalon.core.testobject.ObjectRepository.findTestObject(PharmacyRequest/Page_Store/input_txttotal), "value"): Attribute 'value' of object 'Object Repository/PharmacyRequest/Page_Store/input_txttotal' is: '10'

2018-05-21 12:19:19 - [MESSAGE][PASSED] - Attribute 'value' of object 'Object Repository/PharmacyRequest/Page_Store/input_txttotal' is: '10'

2018-05-21 12:19:19 - [TEST_STEP][PASSED] - Statement - out.println("Requested QTY : " + RequestedQty): null

2018-05-21 12:19:19 - [TEST_STEP][PASSED] - Statement - BatchNumber = com.kms.katalon.core.webui.keyword.WebUiBuiltInKeywords.getNumberOfTotalOption(com.kms.katalon.core.testobject.ObjectRepository.findTestObject(PharmacyRequest/Page_Store/select_--Select--BA50)): 4 options of object 'Object Repository/PharmacyRequest/Page_Store/select_--Select--BA50' counted

2018-05-21 12:19:19 - [MESSAGE][PASSED] - 4 options of object 'Object Repository/PharmacyRequest/Page_Store/select_--Select--BA50' counted

2018-05-21 12:19:19 - [TEST_STEP][PASSED] - Statement - For ([g = 1, g <= BatchNumber - 1, (g++)]): null

2018-05-21 12:19:19 - [TEST_STEP][PASSED] - selectOptionByIndex: All options with index in [1] are selected on object 'Object Repository/PharmacyRequest/Page_Store/select_--Select--BA50'

2018-05-21 12:19:19 - [MESSAGE][PASSED] - All options with index in [1] are selected on object 'Object Repository/PharmacyRequest/Page_Store/select_--Select--BA50'

2018-05-21 12:19:19 - [TEST_STEP][PASSED] - delay: Delayed 2 second(s)

2018-05-21 12:19:21 - [MESSAGE][PASSED] - Delayed 2 second(s)

2018-05-21 12:19:21 - [TEST_STEP][PASSED] - Statement - StockQty = com.kms.katalon.core.webui.keyword.WebUiBuiltInKeywords.getAttribute(com.kms.katalon.core.testobject.ObjectRepository.findTestObject(PharmacyRequest/Page_Store/input_txtprice), "value"): Attribute 'value' of object 'Object Repository/PharmacyRequest/Page_Store/input_txtprice' is: '100'

2018-05-21 12:19:21 - [MESSAGE][PASSED] - Attribute 'value' of object 'Object Repository/PharmacyRequest/Page_Store/input_txtprice' is: '100'

2018-05-21 12:19:21 - [TEST_STEP][PASSED] - Statement - out.println("Stock QTY : " + StockQty): null

2018-05-21 12:19:21 - [TEST_STEP][PASSED] - delay: Delayed 1 second(s)

2018-05-21 12:19:22 - [MESSAGE][PASSED] - Delayed 1 second(s)

2018-05-21 12:19:22 - [TEST_STEP][PASSED] - Statement - If (java.lang.Integer.valueOf(StockQty) >= java.lang.Integer.valueOf(RequestedQty)): null

2018-05-21 12:19:22 - [TEST_STEP][PASSED] - setText: Text '10' is set on object 'Object Repository/PharmacyRequest/Page_Store/input_txtqty'

2018-05-21 12:19:22 - [MESSAGE][PASSED] - Text '10' is set on object 'Object Repository/PharmacyRequest/Page_Store/input_txtqty'

2018-05-21 12:19:22 - [TEST_STEP][PASSED] - click: Object: 'Object Repository/PharmacyRequest/Page_Store/button_Add' is clicked on

2018-05-21 12:19:27 - [MESSAGE][PASSED] - Object: 'Object Repository/PharmacyRequest/Page_Store/button_Add' is clicked on

2018-05-21 12:19:27 - [TEST_STEP][PASSED] - Statement - Break: null

2018-05-21 12:19:27 - [TEST_STEP][PASSED] - selectOptionByIndex: All options with index in [41] are selected on object 'Object Repository/PharmacyRequest/Page_Store/select_--Select--Amlodepin -5'

2018-05-21 12:19:28 - [MESSAGE][PASSED] - All options with index in [41] are selected on object 'Object Repository/PharmacyRequest/Page_Store/select_--Select--Amlodepin -5'

2018-05-21 12:19:28 - [TEST_STEP][PASSED] - delay: Delayed 1 second(s)

2018-05-21 12:19:29 - [MESSAGE][PASSED] - Delayed 1 second(s)

2018-05-21 12:19:29 - [TEST_STEP][PASSED] - Statement - RequestedQty = com.kms.katalon.core.webui.keyword.WebUiBuiltInKeywords.getAttribute(com.kms.katalon.core.testobject.ObjectRepository.findTestObject(PharmacyRequest/Page_Store/input_txttotal), "value"): Attribute 'value' of object 'Object Repository/PharmacyRequest/Page_Store/input_txttotal' is: '10'

2018-05-21 12:19:29 - [MESSAGE][PASSED] - Attribute 'value' of object 'Object Repository/PharmacyRequest/Page_Store/input_txttotal' is: '10'

2018-05-21 12:19:29 - [TEST_STEP][PASSED] - Statement - out.println("Requested QTY : " + RequestedQty): null

2018-05-21 12:19:29 - [TEST_STEP][PASSED] - Statement - BatchNumber = com.kms.katalon.core.webui.keyword.WebUiBuiltInKeywords.getNumberOfTotalOption(com.kms.katalon.core.testobject.ObjectRepository.findTestObject(PharmacyRequest/Page_Store/select_--Select--BA50)): 4 options of object 'Object Repository/PharmacyRequest/Page_Store/select_--Select--BA50' counted

2018-05-21 12:19:29 - [MESSAGE][PASSED] - 4 options of object 'Object Repository/PharmacyRequest/Page_Store/select_--Select--BA50' counted

2018-05-21 12:19:29 - [TEST_STEP][PASSED] - Statement - For ([g = 1, g <= BatchNumber - 1, (g++)]): null

2018-05-21 12:19:29 - [TEST_STEP][PASSED] - selectOptionByIndex: All options with index in [1] are selected on object 'Object Repository/PharmacyRequest/Page_Store/select_--Select--BA50'

2018-05-21 12:19:29 - [MESSAGE][PASSED] - All options with index in [1] are selected on object 'Object Repository/PharmacyRequest/Page_Store/select_--Select--BA50'

2018-05-21 12:19:29 - [TEST_STEP][PASSED] - delay: Delayed 2 second(s)

2018-05-21 12:19:31 - [MESSAGE][PASSED] - Delayed 2 second(s)

2018-05-21 12:19:31 - [TEST_STEP][PASSED] - Statement - StockQty = com.kms.katalon.core.webui.keyword.WebUiBuiltInKeywords.getAttribute(com.kms.katalon.core.testobject.ObjectRepository.findTestObject(PharmacyRequest/Page_Store/input_txtprice), "value"): Attribute 'value' of object 'Object Repository/PharmacyRequest/Page_Store/input_txtprice' is: '100'

2018-05-21 12:19:31 - [MESSAGE][PASSED] - Attribute 'value' of object 'Object Repository/PharmacyRequest/Page_Store/input_txtprice' is: '100'

2018-05-21 12:19:31 - [TEST_STEP][PASSED] - Statement - out.println("Stock QTY : " + StockQty): null

2018-05-21 12:19:31 - [TEST_STEP][PASSED] - delay: Delayed 1 second(s)

2018-05-21 12:19:32 - [MESSAGE][PASSED] - Delayed 1 second(s)

2018-05-21 12:19:32 - [TEST_STEP][PASSED] - Statement - If (java.lang.Integer.valueOf(StockQty) >= java.lang.Integer.valueOf(RequestedQty)): null

2018-05-21 12:19:32 - [TEST_STEP][PASSED] - setText: Text '10' is set on object 'Object Repository/PharmacyRequest/Page_Store/input_txtqty'

2018-05-21 12:19:32 - [MESSAGE][PASSED] - Text '10' is set on object 'Object Repository/PharmacyRequest/Page_Store/input_txtqty'

2018-05-21 12:19:32 - [TEST_STEP][PASSED] - click: Object: 'Object Repository/PharmacyRequest/Page_Store/button_Add' is clicked on

2018-05-21 12:19:37 - [MESSAGE][PASSED] - Object: 'Object Repository/PharmacyRequest/Page_Store/button_Add' is clicked on

2018-05-21 12:19:37 - [TEST_STEP][PASSED] - Statement - Break: null

2018-05-21 12:19:37 - [TEST_STEP][PASSED] - selectOptionByIndex: All options with index in [42] are selected on object 'Object Repository/PharmacyRequest/Page_Store/select_--Select--Amlodepin -5'

2018-05-21 12:19:38 - [MESSAGE][PASSED] - All options with index in [42] are selected on object 'Object Repository/PharmacyRequest/Page_Store/select_--Select--Amlodepin -5'

2018-05-21 12:19:38 - [TEST_STEP][PASSED] - delay: Delayed 1 second(s)

2018-05-21 12:19:39 - [MESSAGE][PASSED] - Delayed 1 second(s)

2018-05-21 12:19:39 - [TEST_STEP][PASSED] - Statement - RequestedQty = com.kms.katalon.core.webui.keyword.WebUiBuiltInKeywords.getAttribute(com.kms.katalon.core.testobject.ObjectRepository.findTestObject(PharmacyRequest/Page_Store/input_txttotal), "value"): Attribute 'value' of object 'Object Repository/PharmacyRequest/Page_Store/input_txttotal' is: '10'

2018-05-21 12:19:39 - [MESSAGE][PASSED] - Attribute 'value' of object 'Object Repository/PharmacyRequest/Page_Store/input_txttotal' is: '10'

2018-05-21 12:19:39 - [TEST_STEP][PASSED] - Statement - out.println("Requested QTY : " + RequestedQty): null

2018-05-21 12:19:39 - [TEST_STEP][PASSED] - Statement - BatchNumber = com.kms.katalon.core.webui.keyword.WebUiBuiltInKeywords.getNumberOfTotalOption(com.kms.katalon.core.testobject.ObjectRepository.findTestObject(PharmacyRequest/Page_Store/select_--Select--BA50)): 2 options of object 'Object Repository/PharmacyRequest/Page_Store/select_--Select--BA50' counted

2018-05-21 12:19:39 - [MESSAGE][PASSED] - 2 options of object 'Object Repository/PharmacyRequest/Page_Store/select_--Select--BA50' counted

2018-05-21 12:19:39 - [TEST_STEP][PASSED] - Statement - For ([g = 1, g <= BatchNumber - 1, (g++)]): null

2018-05-21 12:19:39 - [TEST_STEP][PASSED] - selectOptionByIndex: All options with index in [1] are selected on object 'Object Repository/PharmacyRequest/Page_Store/select_--Select--BA50'

2018-05-21 12:19:39 - [MESSAGE][PASSED] - All options with index in [1] are selected on object 'Object Repository/PharmacyRequest/Page_Store/select_--Select--BA50'

2018-05-21 12:19:39 - [TEST_STEP][PASSED] - delay: Delayed 2 second(s)

2018-05-21 12:19:41 - [MESSAGE][PASSED] - Delayed 2 second(s)

2018-05-21 12:19:41 - [TEST_STEP][PASSED] - Statement - StockQty = com.kms.katalon.core.webui.keyword.WebUiBuiltInKeywords.getAttribute(com.kms.katalon.core.testobject.ObjectRepository.findTestObject(PharmacyRequest/Page_Store/input_txtprice), "value"): Attribute 'value' of object 'Object Repository/PharmacyRequest/Page_Store/input_txtprice' is: '1260'

2018-05-21 12:19:41 - [MESSAGE][PASSED] - Attribute 'value' of object 'Object Repository/PharmacyRequest/Page_Store/input_txtprice' is: '1260'

2018-05-21 12:19:41 - [TEST_STEP][PASSED] - Statement - out.println("Stock QTY : " + StockQty): null

2018-05-21 12:19:41 - [TEST_STEP][PASSED] - delay: Delayed 1 second(s)

2018-05-21 12:19:42 - [MESSAGE][PASSED] - Delayed 1 second(s)

2018-05-21 12:19:42 - [TEST_STEP][PASSED] - Statement - If (java.lang.Integer.valueOf(StockQty) >= java.lang.Integer.valueOf(RequestedQty)): null

2018-05-21 12:19:42 - [TEST_STEP][PASSED] - setText: Text '10' is set on object 'Object Repository/PharmacyRequest/Page_Store/input_txtqty'

2018-05-21 12:19:42 - [MESSAGE][PASSED] - Text '10' is set on object 'Object Repository/PharmacyRequest/Page_Store/input_txtqty'

2018-05-21 12:19:42 - [TEST_STEP][PASSED] - click: Object: 'Object Repository/PharmacyRequest/Page_Store/button_Add' is clicked on

2018-05-21 12:19:47 - [MESSAGE][PASSED] - Object: 'Object Repository/PharmacyRequest/Page_Store/button_Add' is clicked on

2018-05-21 12:19:47 - [TEST_STEP][PASSED] - Statement - Break: null

2018-05-21 12:19:47 - [TEST_STEP][PASSED] - selectOptionByIndex: All options with index in [43] are selected on object 'Object Repository/PharmacyRequest/Page_Store/select_--Select--Amlodepin -5'

2018-05-21 12:19:48 - [MESSAGE][PASSED] - All options with index in [43] are selected on object 'Object Repository/PharmacyRequest/Page_Store/select_--Select--Amlodepin -5'

2018-05-21 12:19:48 - [TEST_STEP][PASSED] - delay: Delayed 1 second(s)

2018-05-21 12:19:49 - [MESSAGE][PASSED] - Delayed 1 second(s)

2018-05-21 12:19:49 - [TEST_STEP][PASSED] - Statement - RequestedQty = com.kms.katalon.core.webui.keyword.WebUiBuiltInKeywords.getAttribute(com.kms.katalon.core.testobject.ObjectRepository.findTestObject(PharmacyRequest/Page_Store/input_txttotal), "value"): Attribute 'value' of object 'Object Repository/PharmacyRequest/Page_Store/input_txttotal' is: '10'

2018-05-21 12:19:49 - [MESSAGE][PASSED] - Attribute 'value' of object 'Object Repository/PharmacyRequest/Page_Store/input_txttotal' is: '10'

2018-05-21 12:19:49 - [TEST_STEP][PASSED] - Statement - out.println("Requested QTY : " + RequestedQty): null

2018-05-21 12:19:49 - [TEST_STEP][PASSED] - Statement - BatchNumber = com.kms.katalon.core.webui.keyword.WebUiBuiltInKeywords.getNumberOfTotalOption(com.kms.katalon.core.testobject.ObjectRepository.findTestObject(PharmacyRequest/Page_Store/select_--Select--BA50)): 3 options of object 'Object Repository/PharmacyRequest/Page_Store/select_--Select--BA50' counted

2018-05-21 12:19:49 - [MESSAGE][PASSED] - 3 options of object 'Object Repository/PharmacyRequest/Page_Store/select_--Select--BA50' counted

2018-05-21 12:19:49 - [TEST_STEP][PASSED] - Statement - For ([g = 1, g <= BatchNumber - 1, (g++)]): null

2018-05-21 12:19:49 - [TEST_STEP][PASSED] - selectOptionByIndex: All options with index in [1] are selected on object 'Object Repository/PharmacyRequest/Page_Store/select_--Select--BA50'

2018-05-21 12:19:49 - [MESSAGE][PASSED] - All options with index in [1] are selected on object 'Object Repository/PharmacyRequest/Page_Store/select_--Select--BA50'

2018-05-21 12:19:49 - [TEST_STEP][PASSED] - delay: Delayed 2 second(s)

2018-05-21 12:19:51 - [MESSAGE][PASSED] - Delayed 2 second(s)

2018-05-21 12:19:51 - [TEST_STEP][PASSED] - Statement - StockQty = com.kms.katalon.core.webui.keyword.WebUiBuiltInKeywords.getAttribute(com.kms.katalon.core.testobject.ObjectRepository.findTestObject(PharmacyRequest/Page_Store/input_txtprice), "value"): Attribute 'value' of object 'Object Repository/PharmacyRequest/Page_Store/input_txtprice' is: '1060'

2018-05-21 12:19:51 - [MESSAGE][PASSED] - Attribute 'value' of object 'Object Repository/PharmacyRequest/Page_Store/input_txtprice' is: '1060'

2018-05-21 12:19:51 - [TEST_STEP][PASSED] - Statement - out.println("Stock QTY : " + StockQty): null

2018-05-21 12:19:51 - [TEST_STEP][PASSED] - delay: Delayed 1 second(s)

2018-05-21 12:19:52 - [MESSAGE][PASSED] - Delayed 1 second(s)

2018-05-21 12:19:52 - [TEST_STEP][PASSED] - Statement - If (java.lang.Integer.valueOf(StockQty) >= java.lang.Integer.valueOf(RequestedQty)): null

2018-05-21 12:19:52 - [TEST_STEP][PASSED] - setText: Text '10' is set on object 'Object Repository/PharmacyRequest/Page_Store/input_txtqty'

2018-05-21 12:19:52 - [MESSAGE][PASSED] - Text '10' is set on object 'Object Repository/PharmacyRequest/Page_Store/input_txtqty'

2018-05-21 12:19:52 - [TEST_STEP][PASSED] - click: Object: 'Object Repository/PharmacyRequest/Page_Store/button_Add' is clicked on

2018-05-21 12:19:58 - [MESSAGE][PASSED] - Object: 'Object Repository/PharmacyRequest/Page_Store/button_Add' is clicked on

2018-05-21 12:19:58 - [TEST_STEP][PASSED] - Statement - Break: null

2018-05-21 12:19:58 - [TEST_STEP][PASSED] - selectOptionByIndex: All options with index in [44] are selected on object 'Object Repository/PharmacyRequest/Page_Store/select_--Select--Amlodepin -5'

2018-05-21 12:19:58 - [MESSAGE][PASSED] - All options with index in [44] are selected on object 'Object Repository/PharmacyRequest/Page_Store/select_--Select--Amlodepin -5'

2018-05-21 12:19:58 - [TEST_STEP][PASSED] - delay: Delayed 1 second(s)

2018-05-21 12:19:59 - [MESSAGE][PASSED] - Delayed 1 second(s)

2018-05-21 12:19:59 - [TEST_STEP][PASSED] - Statement - RequestedQty = com.kms.katalon.core.webui.keyword.WebUiBuiltInKeywords.getAttribute(com.kms.katalon.core.testobject.ObjectRepository.findTestObject(PharmacyRequest/Page_Store/input_txttotal), "value"): Attribute 'value' of object 'Object Repository/PharmacyRequest/Page_Store/input_txttotal' is: '10'

2018-05-21 12:19:59 - [MESSAGE][PASSED] - Attribute 'value' of object 'Object Repository/PharmacyRequest/Page_Store/input_txttotal' is: '10'

2018-05-21 12:19:59 - [TEST_STEP][PASSED] - Statement - out.println("Requested QTY : " + RequestedQty): null

2018-05-21 12:19:59 - [TEST_STEP][PASSED] - Statement - BatchNumber = com.kms.katalon.core.webui.keyword.WebUiBuiltInKeywords.getNumberOfTotalOption(com.kms.katalon.core.testobject.ObjectRepository.findTestObject(PharmacyRequest/Page_Store/select_--Select--BA50)): 3 options of object 'Object Repository/PharmacyRequest/Page_Store/select_--Select--BA50' counted

2018-05-21 12:19:59 - [MESSAGE][PASSED] - 3 options of object 'Object Repository/PharmacyRequest/Page_Store/select_--Select--BA50' counted

2018-05-21 12:19:59 - [TEST_STEP][PASSED] - Statement - For ([g = 1, g <= BatchNumber - 1, (g++)]): null

2018-05-21 12:19:59 - [TEST_STEP][PASSED] - selectOptionByIndex: All options with index in [1] are selected on object 'Object Repository/PharmacyRequest/Page_Store/select_--Select--BA50'

2018-05-21 12:19:59 - [MESSAGE][PASSED] - All options with index in [1] are selected on object 'Object Repository/PharmacyRequest/Page_Store/select_--Select--BA50'

2018-05-21 12:19:59 - [TEST_STEP][PASSED] - delay: Delayed 2 second(s)

2018-05-21 12:20:01 - [MESSAGE][PASSED] - Delayed 2 second(s)

2018-05-21 12:20:01 - [TEST_STEP][PASSED] - Statement - StockQty = com.kms.katalon.core.webui.keyword.WebUiBuiltInKeywords.getAttribute(com.kms.katalon.core.testobject.ObjectRepository.findTestObject(PharmacyRequest/Page_Store/input_txtprice), "value"): Attribute 'value' of object 'Object Repository/PharmacyRequest/Page_Store/input_txtprice' is: '100'

2018-05-21 12:20:01 - [MESSAGE][PASSED] - Attribute 'value' of object 'Object Repository/PharmacyRequest/Page_Store/input_txtprice' is: '100'

2018-05-21 12:20:01 - [TEST_STEP][PASSED] - Statement - out.println("Stock QTY : " + StockQty): null

2018-05-21 12:20:01 - [TEST_STEP][PASSED] - delay: Delayed 1 second(s)

2018-05-21 12:20:02 - [MESSAGE][PASSED] - Delayed 1 second(s)

2018-05-21 12:20:02 - [TEST_STEP][PASSED] - Statement - If (java.lang.Integer.valueOf(StockQty) >= java.lang.Integer.valueOf(RequestedQty)): null

2018-05-21 12:20:02 - [TEST_STEP][PASSED] - setText: Text '10' is set on object 'Object Repository/PharmacyRequest/Page_Store/input_txtqty'

2018-05-21 12:20:03 - [MESSAGE][PASSED] - Text '10' is set on object 'Object Repository/PharmacyRequest/Page_Store/input_txtqty'

2018-05-21 12:20:03 - [TEST_STEP][PASSED] - click: Object: 'Object Repository/PharmacyRequest/Page_Store/button_Add' is clicked on

2018-05-21 12:20:08 - [MESSAGE][PASSED] - Object: 'Object Repository/PharmacyRequest/Page_Store/button_Add' is clicked on

2018-05-21 12:20:08 - [TEST_STEP][PASSED] - Statement - Break: null

2018-05-21 12:20:08 - [TEST_STEP][PASSED] - selectOptionByIndex: All options with index in [45] are selected on object 'Object Repository/PharmacyRequest/Page_Store/select_--Select--Amlodepin -5'

2018-05-21 12:20:09 - [MESSAGE][PASSED] - All options with index in [45] are selected on object 'Object Repository/PharmacyRequest/Page_Store/select_--Select--Amlodepin -5'

2018-05-21 12:20:09 - [TEST_STEP][PASSED] - delay: Delayed 1 second(s)

2018-05-21 12:20:10 - [MESSAGE][PASSED] - Delayed 1 second(s)

2018-05-21 12:20:10 - [TEST_STEP][PASSED] - Statement - RequestedQty = com.kms.katalon.core.webui.keyword.WebUiBuiltInKeywords.getAttribute(com.kms.katalon.core.testobject.ObjectRepository.findTestObject(PharmacyRequest/Page_Store/input_txttotal), "value"): Attribute 'value' of object 'Object Repository/PharmacyRequest/Page_Store/input_txttotal' is: '10'

2018-05-21 12:20:10 - [MESSAGE][PASSED] - Attribute 'value' of object 'Object Repository/PharmacyRequest/Page_Store/input_txttotal' is: '10'

2018-05-21 12:20:10 - [TEST_STEP][PASSED] - Statement - out.println("Requested QTY : " + RequestedQty): null

2018-05-21 12:20:10 - [TEST_STEP][PASSED] - Statement - BatchNumber = com.kms.katalon.core.webui.keyword.WebUiBuiltInKeywords.getNumberOfTotalOption(com.kms.katalon.core.testobject.ObjectRepository.findTestObject(PharmacyRequest/Page_Store/select_--Select--BA50)): 4 options of object 'Object Repository/PharmacyRequest/Page_Store/select_--Select--BA50' counted

2018-05-21 12:20:10 - [MESSAGE][PASSED] - 4 options of object 'Object Repository/PharmacyRequest/Page_Store/select_--Select--BA50' counted

2018-05-21 12:20:10 - [TEST_STEP][PASSED] - Statement - For ([g = 1, g <= BatchNumber - 1, (g++)]): null

2018-05-21 12:20:10 - [TEST_STEP][PASSED] - selectOptionByIndex: All options with index in [1] are selected on object 'Object Repository/PharmacyRequest/Page_Store/select_--Select--BA50'

2018-05-21 12:20:10 - [MESSAGE][PASSED] - All options with index in [1] are selected on object 'Object Repository/PharmacyRequest/Page_Store/select_--Select--BA50'

2018-05-21 12:20:10 - [TEST_STEP][PASSED] - delay: Delayed 2 second(s)

2018-05-21 12:20:12 - [MESSAGE][PASSED] - Delayed 2 second(s)

2018-05-21 12:20:12 - [TEST_STEP][PASSED] - Statement - StockQty = com.kms.katalon.core.webui.keyword.WebUiBuiltInKeywords.getAttribute(com.kms.katalon.core.testobject.ObjectRepository.findTestObject(PharmacyRequest/Page_Store/input_txtprice), "value"): Attribute 'value' of object 'Object Repository/PharmacyRequest/Page_Store/input_txtprice' is: '100'

2018-05-21 12:20:12 - [MESSAGE][PASSED] - Attribute 'value' of object 'Object Repository/PharmacyRequest/Page_Store/input_txtprice' is: '100'

2018-05-21 12:20:12 - [TEST_STEP][PASSED] - Statement - out.println("Stock QTY : " + StockQty): null

2018-05-21 12:20:12 - [TEST_STEP][PASSED] - delay: Delayed 1 second(s)

2018-05-21 12:20:13 - [MESSAGE][PASSED] - Delayed 1 second(s)

2018-05-21 12:20:13 - [TEST_STEP][PASSED] - Statement - If (java.lang.Integer.valueOf(StockQty) >= java.lang.Integer.valueOf(RequestedQty)): null

2018-05-21 12:20:13 - [TEST_STEP][PASSED] - setText: Text '10' is set on object 'Object Repository/PharmacyRequest/Page_Store/input_txtqty'

2018-05-21 12:20:13 - [MESSAGE][PASSED] - Text '10' is set on object 'Object Repository/PharmacyRequest/Page_Store/input_txtqty'

2018-05-21 12:20:13 - [TEST_STEP][PASSED] - click: Object: 'Object Repository/PharmacyRequest/Page_Store/button_Add' is clicked on

2018-05-21 12:20:18 - [MESSAGE][PASSED] - Object: 'Object Repository/PharmacyRequest/Page_Store/button_Add' is clicked on

2018-05-21 12:20:18 - [TEST_STEP][PASSED] - Statement - Break: null

2018-05-21 12:20:18 - [TEST_STEP][PASSED] - selectOptionByIndex: All options with index in [46] are selected on object 'Object Repository/PharmacyRequest/Page_Store/select_--Select--Amlodepin -5'

2018-05-21 12:20:19 - [MESSAGE][PASSED] - All options with index in [46] are selected on object 'Object Repository/PharmacyRequest/Page_Store/select_--Select--Amlodepin -5'

2018-05-21 12:20:19 - [TEST_STEP][PASSED] - delay: Delayed 1 second(s)

2018-05-21 12:20:20 - [MESSAGE][PASSED] - Delayed 1 second(s)

2018-05-21 12:20:20 - [TEST_STEP][PASSED] - Statement - RequestedQty = com.kms.katalon.core.webui.keyword.WebUiBuiltInKeywords.getAttribute(com.kms.katalon.core.testobject.ObjectRepository.findTestObject(PharmacyRequest/Page_Store/input_txttotal), "value"): Attribute 'value' of object 'Object Repository/PharmacyRequest/Page_Store/input_txttotal' is: '10'

2018-05-21 12:20:20 - [MESSAGE][PASSED] - Attribute 'value' of object 'Object Repository/PharmacyRequest/Page_Store/input_txttotal' is: '10'

2018-05-21 12:20:20 - [TEST_STEP][PASSED] - Statement - out.println("Requested QTY : " + RequestedQty): null

2018-05-21 12:20:20 - [TEST_STEP][PASSED] - Statement - BatchNumber = com.kms.katalon.core.webui.keyword.WebUiBuiltInKeywords.getNumberOfTotalOption(com.kms.katalon.core.testobject.ObjectRepository.findTestObject(PharmacyRequest/Page_Store/select_--Select--BA50)): 2 options of object 'Object Repository/PharmacyRequest/Page_Store/select_--Select--BA50' counted

2018-05-21 12:20:20 - [MESSAGE][PASSED] - 2 options of object 'Object Repository/PharmacyRequest/Page_Store/select_--Select--BA50' counted

2018-05-21 12:20:20 - [TEST_STEP][PASSED] - Statement - For ([g = 1, g <= BatchNumber - 1, (g++)]): null

2018-05-21 12:20:20 - [TEST_STEP][PASSED] - selectOptionByIndex: All options with index in [1] are selected on object 'Object Repository/PharmacyRequest/Page_Store/select_--Select--BA50'

2018-05-21 12:20:20 - [MESSAGE][PASSED] - All options with index in [1] are selected on object 'Object Repository/PharmacyRequest/Page_Store/select_--Select--BA50'

2018-05-21 12:20:20 - [TEST_STEP][PASSED] - delay: Delayed 2 second(s)

2018-05-21 12:20:22 - [MESSAGE][PASSED] - Delayed 2 second(s)

2018-05-21 12:20:22 - [TEST_STEP][PASSED] - Statement - StockQty = com.kms.katalon.core.webui.keyword.WebUiBuiltInKeywords.getAttribute(com.kms.katalon.core.testobject.ObjectRepository.findTestObject(PharmacyRequest/Page_Store/input_txtprice), "value"): Attribute 'value' of object 'Object Repository/PharmacyRequest/Page_Store/input_txtprice' is: '1260'

2018-05-21 12:20:22 - [MESSAGE][PASSED] - Attribute 'value' of object 'Object Repository/PharmacyRequest/Page_Store/input_txtprice' is: '1260'

2018-05-21 12:20:22 - [TEST_STEP][PASSED] - Statement - out.println("Stock QTY : " + StockQty): null

2018-05-21 12:20:22 - [TEST_STEP][PASSED] - delay: Delayed 1 second(s)

2018-05-21 12:20:23 - [MESSAGE][PASSED] - Delayed 1 second(s)

2018-05-21 12:20:23 - [TEST_STEP][PASSED] - Statement - If (java.lang.Integer.valueOf(StockQty) >= java.lang.Integer.valueOf(RequestedQty)): null

2018-05-21 12:20:23 - [TEST_STEP][PASSED] - setText: Text '10' is set on object 'Object Repository/PharmacyRequest/Page_Store/input_txtqty'

2018-05-21 12:20:23 - [MESSAGE][PASSED] - Text '10' is set on object 'Object Repository/PharmacyRequest/Page_Store/input_txtqty'

2018-05-21 12:20:23 - [TEST_STEP][PASSED] - click: Object: 'Object Repository/PharmacyRequest/Page_Store/button_Add' is clicked on

2018-05-21 12:20:28 - [MESSAGE][PASSED] - Object: 'Object Repository/PharmacyRequest/Page_Store/button_Add' is clicked on

2018-05-21 12:20:28 - [TEST_STEP][PASSED] - Statement - Break: null

2018-05-21 12:20:28 - [TEST_STEP][PASSED] - selectOptionByIndex: All options with index in [47] are selected on object 'Object Repository/PharmacyRequest/Page_Store/select_--Select--Amlodepin -5'

2018-05-21 12:20:29 - [MESSAGE][PASSED] - All options with index in [47] are selected on object 'Object Repository/PharmacyRequest/Page_Store/select_--Select--Amlodepin -5'

2018-05-21 12:20:29 - [TEST_STEP][PASSED] - delay: Delayed 1 second(s)

2018-05-21 12:20:30 - [MESSAGE][PASSED] - Delayed 1 second(s)

2018-05-21 12:20:30 - [TEST_STEP][PASSED] - Statement - RequestedQty = com.kms.katalon.core.webui.keyword.WebUiBuiltInKeywords.getAttribute(com.kms.katalon.core.testobject.ObjectRepository.findTestObject(PharmacyRequest/Page_Store/input_txttotal), "value"): Attribute 'value' of object 'Object Repository/PharmacyRequest/Page_Store/input_txttotal' is: '10'

2018-05-21 12:20:30 - [MESSAGE][PASSED] - Attribute 'value' of object 'Object Repository/PharmacyRequest/Page_Store/input_txttotal' is: '10'

2018-05-21 12:20:30 - [TEST_STEP][PASSED] - Statement - out.println("Requested QTY : " + RequestedQty): null

2018-05-21 12:20:30 - [TEST_STEP][PASSED] - Statement - BatchNumber = com.kms.katalon.core.webui.keyword.WebUiBuiltInKeywords.getNumberOfTotalOption(com.kms.katalon.core.testobject.ObjectRepository.findTestObject(PharmacyRequest/Page_Store/select_--Select--BA50)): 2 options of object 'Object Repository/PharmacyRequest/Page_Store/select_--Select--BA50' counted

2018-05-21 12:20:30 - [MESSAGE][PASSED] - 2 options of object 'Object Repository/PharmacyRequest/Page_Store/select_--Select--BA50' counted

2018-05-21 12:20:30 - [TEST_STEP][PASSED] - Statement - For ([g = 1, g <= BatchNumber - 1, (g++)]): null

2018-05-21 12:20:30 - [TEST_STEP][PASSED] - selectOptionByIndex: All options with index in [1] are selected on object 'Object Repository/PharmacyRequest/Page_Store/select_--Select--BA50'

2018-05-21 12:20:30 - [MESSAGE][PASSED] - All options with index in [1] are selected on object 'Object Repository/PharmacyRequest/Page_Store/select_--Select--BA50'

2018-05-21 12:20:30 - [TEST_STEP][PASSED] - delay: Delayed 2 second(s)

2018-05-21 12:20:32 - [MESSAGE][PASSED] - Delayed 2 second(s)

2018-05-21 12:20:32 - [TEST_STEP][PASSED] - Statement - StockQty = com.kms.katalon.core.webui.keyword.WebUiBuiltInKeywords.getAttribute(com.kms.katalon.core.testobject.ObjectRepository.findTestObject(PharmacyRequest/Page_Store/input_txtprice), "value"): Attribute 'value' of object 'Object Repository/PharmacyRequest/Page_Store/input_txtprice' is: '1260'

2018-05-21 12:20:32 - [MESSAGE][PASSED] - Attribute 'value' of object 'Object Repository/PharmacyRequest/Page_Store/input_txtprice' is: '1260'

2018-05-21 12:20:32 - [TEST_STEP][PASSED] - Statement - out.println("Stock QTY : " + StockQty): null

2018-05-21 12:20:32 - [TEST_STEP][PASSED] - delay: Delayed 1 second(s)

2018-05-21 12:20:33 - [MESSAGE][PASSED] - Delayed 1 second(s)

2018-05-21 12:20:33 - [TEST_STEP][PASSED] - Statement - If (java.lang.Integer.valueOf(StockQty) >= java.lang.Integer.valueOf(RequestedQty)): null

2018-05-21 12:20:33 - [TEST_STEP][PASSED] - setText: Text '10' is set on object 'Object Repository/PharmacyRequest/Page_Store/input_txtqty'

2018-05-21 12:20:33 - [MESSAGE][PASSED] - Text '10' is set on object 'Object Repository/PharmacyRequest/Page_Store/input_txtqty'

2018-05-21 12:20:33 - [TEST_STEP][PASSED] - click: Object: 'Object Repository/PharmacyRequest/Page_Store/button_Add' is clicked on

2018-05-21 12:20:38 - [MESSAGE][PASSED] - Object: 'Object Repository/PharmacyRequest/Page_Store/button_Add' is clicked on

2018-05-21 12:20:38 - [TEST_STEP][PASSED] - Statement - Break: null

2018-05-21 12:20:38 - [TEST_STEP][PASSED] - selectOptionByIndex: All options with index in [48] are selected on object 'Object Repository/PharmacyRequest/Page_Store/select_--Select--Amlodepin -5'

2018-05-21 12:20:39 - [MESSAGE][PASSED] - All options with index in [48] are selected on object 'Object Repository/PharmacyRequest/Page_Store/select_--Select--Amlodepin -5'

2018-05-21 12:20:39 - [TEST_STEP][PASSED] - delay: Delayed 1 second(s)

2018-05-21 12:20:40 - [MESSAGE][PASSED] - Delayed 1 second(s)

2018-05-21 12:20:40 - [TEST_STEP][PASSED] - Statement - RequestedQty = com.kms.katalon.core.webui.keyword.WebUiBuiltInKeywords.getAttribute(com.kms.katalon.core.testobject.ObjectRepository.findTestObject(PharmacyRequest/Page_Store/input_txttotal), "value"): Attribute 'value' of object 'Object Repository/PharmacyRequest/Page_Store/input_txttotal' is: '10'

2018-05-21 12:20:40 - [MESSAGE][PASSED] - Attribute 'value' of object 'Object Repository/PharmacyRequest/Page_Store/input_txttotal' is: '10'

2018-05-21 12:20:40 - [TEST_STEP][PASSED] - Statement - out.println("Requested QTY : " + RequestedQty): null

2018-05-21 12:20:40 - [TEST_STEP][PASSED] - Statement - BatchNumber = com.kms.katalon.core.webui.keyword.WebUiBuiltInKeywords.getNumberOfTotalOption(com.kms.katalon.core.testobject.ObjectRepository.findTestObject(PharmacyRequest/Page_Store/select_--Select--BA50)): 4 options of object 'Object Repository/PharmacyRequest/Page_Store/select_--Select--BA50' counted

2018-05-21 12:20:40 - [MESSAGE][PASSED] - 4 options of object 'Object Repository/PharmacyRequest/Page_Store/select_--Select--BA50' counted

2018-05-21 12:20:40 - [TEST_STEP][PASSED] - Statement - For ([g = 1, g <= BatchNumber - 1, (g++)]): null

2018-05-21 12:20:40 - [TEST_STEP][PASSED] - selectOptionByIndex: All options with index in [1] are selected on object 'Object Repository/PharmacyRequest/Page_Store/select_--Select--BA50'

2018-05-21 12:20:40 - [MESSAGE][PASSED] - All options with index in [1] are selected on object 'Object Repository/PharmacyRequest/Page_Store/select_--Select--BA50'

2018-05-21 12:20:40 - [TEST_STEP][PASSED] - delay: Delayed 2 second(s)

2018-05-21 12:20:42 - [MESSAGE][PASSED] - Delayed 2 second(s)

2018-05-21 12:20:42 - [TEST_STEP][PASSED] - Statement - StockQty = com.kms.katalon.core.webui.keyword.WebUiBuiltInKeywords.getAttribute(com.kms.katalon.core.testobject.ObjectRepository.findTestObject(PharmacyRequest/Page_Store/input_txtprice), "value"): Attribute 'value' of object 'Object Repository/PharmacyRequest/Page_Store/input_txtprice' is: '100'

2018-05-21 12:20:42 - [MESSAGE][PASSED] - Attribute 'value' of object 'Object Repository/PharmacyRequest/Page_Store/input_txtprice' is: '100'

2018-05-21 12:20:42 - [TEST_STEP][PASSED] - Statement - out.println("Stock QTY : " + StockQty): null

2018-05-21 12:20:42 - [TEST_STEP][PASSED] - delay: Delayed 1 second(s)

2018-05-21 12:20:43 - [MESSAGE][PASSED] - Delayed 1 second(s)

2018-05-21 12:20:43 - [TEST_STEP][PASSED] - Statement - If (java.lang.Integer.valueOf(StockQty) >= java.lang.Integer.valueOf(RequestedQty)): null

2018-05-21 12:20:43 - [TEST_STEP][PASSED] - setText: Text '10' is set on object 'Object Repository/PharmacyRequest/Page_Store/input_txtqty'

2018-05-21 12:20:43 - [MESSAGE][PASSED] - Text '10' is set on object 'Object Repository/PharmacyRequest/Page_Store/input_txtqty'

2018-05-21 12:20:43 - [TEST_STEP][PASSED] - click: Object: 'Object Repository/PharmacyRequest/Page_Store/button_Add' is clicked on

2018-05-21 12:20:49 - [MESSAGE][PASSED] - Object: 'Object Repository/PharmacyRequest/Page_Store/button_Add' is clicked on

2018-05-21 12:20:49 - [TEST_STEP][PASSED] - Statement - Break: null

2018-05-21 12:20:49 - [TEST_STEP][PASSED] - selectOptionByIndex: All options with index in [49] are selected on object 'Object Repository/PharmacyRequest/Page_Store/select_--Select--Amlodepin -5'

2018-05-21 12:20:49 - [MESSAGE][PASSED] - All options with index in [49] are selected on object 'Object Repository/PharmacyRequest/Page_Store/select_--Select--Amlodepin -5'

2018-05-21 12:20:49 - [TEST_STEP][PASSED] - delay: Delayed 1 second(s)

2018-05-21 12:20:50 - [MESSAGE][PASSED] - Delayed 1 second(s)

2018-05-21 12:20:50 - [TEST_STEP][PASSED] - Statement - RequestedQty = com.kms.katalon.core.webui.keyword.WebUiBuiltInKeywords.getAttribute(com.kms.katalon.core.testobject.ObjectRepository.findTestObject(PharmacyRequest/Page_Store/input_txttotal), "value"): Attribute 'value' of object 'Object Repository/PharmacyRequest/Page_Store/input_txttotal' is: '10'

2018-05-21 12:20:50 - [MESSAGE][PASSED] - Attribute 'value' of object 'Object Repository/PharmacyRequest/Page_Store/input_txttotal' is: '10'

2018-05-21 12:20:50 - [TEST_STEP][PASSED] - Statement - out.println("Requested QTY : " + RequestedQty): null

2018-05-21 12:20:50 - [TEST_STEP][PASSED] - Statement - BatchNumber = com.kms.katalon.core.webui.keyword.WebUiBuiltInKeywords.getNumberOfTotalOption(com.kms.katalon.core.testobject.ObjectRepository.findTestObject(PharmacyRequest/Page_Store/select_--Select--BA50)): 2 options of object 'Object Repository/PharmacyRequest/Page_Store/select_--Select--BA50' counted

2018-05-21 12:20:50 - [MESSAGE][PASSED] - 2 options of object 'Object Repository/PharmacyRequest/Page_Store/select_--Select--BA50' counted

2018-05-21 12:20:50 - [TEST_STEP][PASSED] - Statement - For ([g = 1, g <= BatchNumber - 1, (g++)]): null

2018-05-21 12:20:50 - [TEST_STEP][PASSED] - selectOptionByIndex: All options with index in [1] are selected on object 'Object Repository/PharmacyRequest/Page_Store/select_--Select--BA50'

2018-05-21 12:20:50 - [MESSAGE][PASSED] - All options with index in [1] are selected on object 'Object Repository/PharmacyRequest/Page_Store/select_--Select--BA50'

2018-05-21 12:20:50 - [TEST_STEP][PASSED] - delay: Delayed 2 second(s)

2018-05-21 12:20:52 - [MESSAGE][PASSED] - Delayed 2 second(s)

2018-05-21 12:20:52 - [TEST_STEP][PASSED] - Statement - StockQty = com.kms.katalon.core.webui.keyword.WebUiBuiltInKeywords.getAttribute(com.kms.katalon.core.testobject.ObjectRepository.findTestObject(PharmacyRequest/Page_Store/input_txtprice), "value"): Attribute 'value' of object 'Object Repository/PharmacyRequest/Page_Store/input_txtprice' is: '1260'

2018-05-21 12:20:52 - [MESSAGE][PASSED] - Attribute 'value' of object 'Object Repository/PharmacyRequest/Page_Store/input_txtprice' is: '1260'

2018-05-21 12:20:52 - [TEST_STEP][PASSED] - Statement - out.println("Stock QTY : " + StockQty): null

2018-05-21 12:20:52 - [TEST_STEP][PASSED] - delay: Delayed 1 second(s)

2018-05-21 12:20:53 - [MESSAGE][PASSED] - Delayed 1 second(s)

2018-05-21 12:20:53 - [TEST_STEP][PASSED] - Statement - If (java.lang.Integer.valueOf(StockQty) >= java.lang.Integer.valueOf(RequestedQty)): null

2018-05-21 12:20:53 - [TEST_STEP][PASSED] - setText: Text '10' is set on object 'Object Repository/PharmacyRequest/Page_Store/input_txtqty'

2018-05-21 12:20:54 - [MESSAGE][PASSED] - Text '10' is set on object 'Object Repository/PharmacyRequest/Page_Store/input_txtqty'

2018-05-21 12:20:54 - [TEST_STEP][PASSED] - click: Object: 'Object Repository/PharmacyRequest/Page_Store/button_Add' is clicked on

2018-05-21 12:20:54 - [MESSAGE][PASSED] - Object: 'Object Repository/PharmacyRequest/Page_Store/button_Add' is clicked on

2018-05-21 12:20:54 - [TEST_STEP][PASSED] - Statement - Break: null

2018-05-21 12:20:54 - [TEST_STEP][PASSED] - selectOptionByIndex: All options with index in [50] are selected on object 'Object Repository/PharmacyRequest/Page_Store/select_--Select--Amlodepin -5'

2018-05-21 12:20:54 - [MESSAGE][PASSED] - All options with index in [50] are selected on object 'Object Repository/PharmacyRequest/Page_Store/select_--Select--Amlodepin -5'

2018-05-21 12:20:54 - [TEST_STEP][PASSED] - delay: Delayed 1 second(s)

2018-05-21 12:20:55 - [MESSAGE][PASSED] - Delayed 1 second(s)

2018-05-21 12:20:55 - [TEST_STEP][PASSED] - Statement - RequestedQty = com.kms.katalon.core.webui.keyword.WebUiBuiltInKeywords.getAttribute(com.kms.katalon.core.testobject.ObjectRepository.findTestObject(PharmacyRequest/Page_Store/input_txttotal), "value"): Attribute 'value' of object 'Object Repository/PharmacyRequest/Page_Store/input_txttotal' is: '10'

2018-05-21 12:20:55 - [MESSAGE][PASSED] - Attribute 'value' of object 'Object Repository/PharmacyRequest/Page_Store/input_txttotal' is: '10'

2018-05-21 12:20:55 - [TEST_STEP][PASSED] - Statement - out.println("Requested QTY : " + RequestedQty): null

2018-05-21 12:20:55 - [TEST_STEP][PASSED] - Statement - BatchNumber = com.kms.katalon.core.webui.keyword.WebUiBuiltInKeywords.getNumberOfTotalOption(com.kms.katalon.core.testobject.ObjectRepository.findTestObject(PharmacyRequest/Page_Store/select_--Select--BA50)): 3 options of object 'Object Repository/PharmacyRequest/Page_Store/select_--Select--BA50' counted

2018-05-21 12:20:55 - [MESSAGE][PASSED] - 3 options of object 'Object Repository/PharmacyRequest/Page_Store/select_--Select--BA50' counted

2018-05-21 12:20:55 - [TEST_STEP][PASSED] - Statement - For ([g = 1, g <= BatchNumber - 1, (g++)]): null

2018-05-21 12:20:55 - [TEST_STEP][PASSED] - selectOptionByIndex: All options with index in [1] are selected on object 'Object Repository/PharmacyRequest/Page_Store/select_--Select--BA50'

2018-05-21 12:20:56 - [MESSAGE][PASSED] - All options with index in [1] are selected on object 'Object Repository/PharmacyRequest/Page_Store/select_--Select--BA50'

2018-05-21 12:20:56 - [TEST_STEP][PASSED] - delay: Delayed 2 second(s)

2018-05-21 12:20:58 - [MESSAGE][PASSED] - Delayed 2 second(s)

2018-05-21 12:20:58 - [TEST_STEP][PASSED] - Statement - StockQty = com.kms.katalon.core.webui.keyword.WebUiBuiltInKeywords.getAttribute(com.kms.katalon.core.testobject.ObjectRepository.findTestObject(PharmacyRequest/Page_Store/input_txtprice), "value"): Attribute 'value' of object 'Object Repository/PharmacyRequest/Page_Store/input_txtprice' is: '100'

2018-05-21 12:20:58 - [MESSAGE][PASSED] - Attribute 'value' of object 'Object Repository/PharmacyRequest/Page_Store/input_txtprice' is: '100'

2018-05-21 12:20:58 - [TEST_STEP][PASSED] - Statement - out.println("Stock QTY : " + StockQty): null

2018-05-21 12:20:58 - [TEST_STEP][PASSED] - delay: Delayed 1 second(s)

2018-05-21 12:20:59 - [MESSAGE][PASSED] - Delayed 1 second(s)

2018-05-21 12:20:59 - [TEST_STEP][PASSED] - Statement - If (java.lang.Integer.valueOf(StockQty) >= java.lang.Integer.valueOf(RequestedQty)): null

2018-05-21 12:20:59 - [TEST_STEP][PASSED] - setText: Text '10' is set on object 'Object Repository/PharmacyRequest/Page_Store/input_txtqty'

2018-05-21 12:20:59 - [MESSAGE][PASSED] - Text '10' is set on object 'Object Repository/PharmacyRequest/Page_Store/input_txtqty'

2018-05-21 12:20:59 - [TEST_STEP][PASSED] - click: Object: 'Object Repository/PharmacyRequest/Page_Store/button_Add' is clicked on

2018-05-21 12:21:04 - [MESSAGE][PASSED] - Object: 'Object Repository/PharmacyRequest/Page_Store/button_Add' is clicked on

2018-05-21 12:21:04 - [TEST_STEP][PASSED] - Statement - Break: null

2018-05-21 12:21:04 - [TEST_STEP][PASSED] - selectOptionByIndex: All options with index in [51] are selected on object 'Object Repository/PharmacyRequest/Page_Store/select_--Select--Amlodepin -5'

2018-05-21 12:21:04 - [MESSAGE][PASSED] - All options with index in [51] are selected on object 'Object Repository/PharmacyRequest/Page_Store/select_--Select--Amlodepin -5'

2018-05-21 12:21:04 - [TEST_STEP][PASSED] - delay: Delayed 1 second(s)

2018-05-21 12:21:05 - [MESSAGE][PASSED] - Delayed 1 second(s)

2018-05-21 12:21:05 - [TEST_STEP][PASSED] - Statement - RequestedQty = com.kms.katalon.core.webui.keyword.WebUiBuiltInKeywords.getAttribute(com.kms.katalon.core.testobject.ObjectRepository.findTestObject(PharmacyRequest/Page_Store/input_txttotal), "value"): Attribute 'value' of object 'Object Repository/PharmacyRequest/Page_Store/input_txttotal' is: '10'

2018-05-21 12:21:05 - [MESSAGE][PASSED] - Attribute 'value' of object 'Object Repository/PharmacyRequest/Page_Store/input_txttotal' is: '10'

2018-05-21 12:21:05 - [TEST_STEP][PASSED] - Statement - out.println("Requested QTY : " + RequestedQty): null

2018-05-21 12:21:05 - [TEST_STEP][PASSED] - Statement - BatchNumber = com.kms.katalon.core.webui.keyword.WebUiBuiltInKeywords.getNumberOfTotalOption(com.kms.katalon.core.testobject.ObjectRepository.findTestObject(PharmacyRequest/Page_Store/select_--Select--BA50)): 3 options of object 'Object Repository/PharmacyRequest/Page_Store/select_--Select--BA50' counted

2018-05-21 12:21:06 - [MESSAGE][PASSED] - 3 options of object 'Object Repository/PharmacyRequest/Page_Store/select_--Select--BA50' counted

2018-05-21 12:21:06 - [TEST_STEP][PASSED] - Statement - For ([g = 1, g <= BatchNumber - 1, (g++)]): null

2018-05-21 12:21:06 - [TEST_STEP][PASSED] - selectOptionByIndex: All options with index in [1] are selected on object 'Object Repository/PharmacyRequest/Page_Store/select_--Select--BA50'

2018-05-21 12:21:06 - [MESSAGE][PASSED] - All options with index in [1] are selected on object 'Object Repository/PharmacyRequest/Page_Store/select_--Select--BA50'

2018-05-21 12:21:06 - [TEST_STEP][PASSED] - delay: Delayed 2 second(s)

2018-05-21 12:21:08 - [MESSAGE][PASSED] - Delayed 2 second(s)

2018-05-21 12:21:08 - [TEST_STEP][PASSED] - Statement - StockQty = com.kms.katalon.core.webui.keyword.WebUiBuiltInKeywords.getAttribute(com.kms.katalon.core.testobject.ObjectRepository.findTestObject(PharmacyRequest/Page_Store/input_txtprice), "value"): Attribute 'value' of object 'Object Repository/PharmacyRequest/Page_Store/input_txtprice' is: '100'

2018-05-21 12:21:08 - [MESSAGE][PASSED] - Attribute 'value' of object 'Object Repository/PharmacyRequest/Page_Store/input_txtprice' is: '100'

2018-05-21 12:21:08 - [TEST_STEP][PASSED] - Statement - out.println("Stock QTY : " + StockQty): null

2018-05-21 12:21:08 - [TEST_STEP][PASSED] - delay: Delayed 1 second(s)

2018-05-21 12:21:09 - [MESSAGE][PASSED] - Delayed 1 second(s)

2018-05-21 12:21:09 - [TEST_STEP][PASSED] - Statement - If (java.lang.Integer.valueOf(StockQty) >= java.lang.Integer.valueOf(RequestedQty)): null

2018-05-21 12:21:09 - [TEST_STEP][PASSED] - setText: Text '10' is set on object 'Object Repository/PharmacyRequest/Page_Store/input_txtqty'

2018-05-21 12:21:09 - [MESSAGE][PASSED] - Text '10' is set on object 'Object Repository/PharmacyRequest/Page_Store/input_txtqty'

2018-05-21 12:21:09 - [TEST_STEP][PASSED] - click: Object: 'Object Repository/PharmacyRequest/Page_Store/button_Add' is clicked on

2018-05-21 12:21:14 - [MESSAGE][PASSED] - Object: 'Object Repository/PharmacyRequest/Page_Store/button_Add' is clicked on

2018-05-21 12:21:14 - [TEST_STEP][PASSED] - Statement - Break: null

2018-05-21 12:21:14 - [TEST_STEP][PASSED] - selectOptionByIndex: All options with index in [52] are selected on object 'Object Repository/PharmacyRequest/Page_Store/select_--Select--Amlodepin -5'

2018-05-21 12:21:14 - [MESSAGE][PASSED] - All options with index in [52] are selected on object 'Object Repository/PharmacyRequest/Page_Store/select_--Select--Amlodepin -5'

2018-05-21 12:21:14 - [TEST_STEP][PASSED] - delay: Delayed 1 second(s)

2018-05-21 12:21:15 - [MESSAGE][PASSED] - Delayed 1 second(s)

2018-05-21 12:21:15 - [TEST_STEP][PASSED] - Statement - RequestedQty = com.kms.katalon.core.webui.keyword.WebUiBuiltInKeywords.getAttribute(com.kms.katalon.core.testobject.ObjectRepository.findTestObject(PharmacyRequest/Page_Store/input_txttotal), "value"): Attribute 'value' of object 'Object Repository/PharmacyRequest/Page_Store/input_txttotal' is: '10'

2018-05-21 12:21:15 - [MESSAGE][PASSED] - Attribute 'value' of object 'Object Repository/PharmacyRequest/Page_Store/input_txttotal' is: '10'

2018-05-21 12:21:15 - [TEST_STEP][PASSED] - Statement - out.println("Requested QTY : " + RequestedQty): null

2018-05-21 12:21:15 - [TEST_STEP][PASSED] - Statement - BatchNumber = com.kms.katalon.core.webui.keyword.WebUiBuiltInKeywords.getNumberOfTotalOption(com.kms.katalon.core.testobject.ObjectRepository.findTestObject(PharmacyRequest/Page_Store/select_--Select--BA50)): 3 options of object 'Object Repository/PharmacyRequest/Page_Store/select_--Select--BA50' counted

2018-05-21 12:21:16 - [MESSAGE][PASSED] - 3 options of object 'Object Repository/PharmacyRequest/Page_Store/select_--Select--BA50' counted

2018-05-21 12:21:16 - [TEST_STEP][PASSED] - Statement - For ([g = 1, g <= BatchNumber - 1, (g++)]): null

2018-05-21 12:21:16 - [TEST_STEP][PASSED] - selectOptionByIndex: All options with index in [1] are selected on object 'Object Repository/PharmacyRequest/Page_Store/select_--Select--BA50'

2018-05-21 12:21:16 - [MESSAGE][PASSED] - All options with index in [1] are selected on object 'Object Repository/PharmacyRequest/Page_Store/select_--Select--BA50'

2018-05-21 12:21:16 - [TEST_STEP][PASSED] - delay: Delayed 2 second(s)

2018-05-21 12:21:18 - [MESSAGE][PASSED] - Delayed 2 second(s)

2018-05-21 12:21:18 - [TEST_STEP][PASSED] - Statement - StockQty = com.kms.katalon.core.webui.keyword.WebUiBuiltInKeywords.getAttribute(com.kms.katalon.core.testobject.ObjectRepository.findTestObject(PharmacyRequest/Page_Store/input_txtprice), "value"): Attribute 'value' of object 'Object Repository/PharmacyRequest/Page_Store/input_txtprice' is: ''

2018-05-21 12:21:18 - [MESSAGE][PASSED] - Attribute 'value' of object 'Object Repository/PharmacyRequest/Page_Store/input_txtprice' is: ''

2018-05-21 12:21:18 - [TEST_STEP][PASSED] - Statement - out.println("Stock QTY : " + StockQty): null

2018-05-21 12:21:18 - [TEST_STEP][PASSED] - delay: Delayed 1 second(s)

2018-05-21 12:21:19 - [MESSAGE][PASSED] - Delayed 1 second(s)

2018-05-21 12:21:19 - [TEST_STEP][PASSED] - Statement - If (java.lang.Integer.valueOf(StockQty) >= java.lang.Integer.valueOf(RequestedQty)): null]]></system-out>
         <system-err><![CDATA[2018-05-21 12:12:11 - [TEST_CASE][ERROR] - Test Cases/PHARMACY TEST CASES/TC_PHAR_002 Verify Schedule 2 Pharmacy Request Are Working Successfully Or Not: Test Cases/PHARMACY TEST CASES/TC_PHAR_002 Verify Schedule 2 Pharmacy Request Are Working Successfully Or Not FAILED because (of) java.lang.NumberFormatException: For input string: ""]]></system-err>
      </testcase>
      <testcase name="Test Cases/PHARMACY TEST CASES/TC_PHAR_003 Verify Schedule 3 Pharmacy Request Are Working Successfully Or Not" classname="Test Cases/PHARMACY TEST CASES/TC_PHAR_003 Verify Schedule 3 Pharmacy Request Are Working Successfully Or Not" status="PASSED">
         <system-out><![CDATA[2018-05-21 12:21:19 - [TEST_CASE][PASSED] - Test Cases/PHARMACY TEST CASES/TC_PHAR_003 Verify Schedule 3 Pharmacy Request Are Working Successfully Or Not: Test Cases/PHARMACY TEST CASES/TC_PHAR_003 Verify Schedule 3 Pharmacy Request Are Working Successfully Or Not

2018-05-21 12:21:19 - [TEST_STEP][PASSED] - openBrowser: Browser is opened with url: ''

2018-05-21 12:21:19 - [MESSAGE][WARNING] - A browser is already opened. Closing browser and opening a new one

2018-05-21 12:21:22 - [MESSAGE][PASSED] - Browser is opened with url: ''

2018-05-21 12:21:22 - [TEST_STEP][PASSED] - Statement - out.println("Verify Schedule 3 Pharmacy Request Are Working Successfully Or Not"): null

2018-05-21 12:21:22 - [TEST_STEP][PASSED] - navigateToUrl: Navigate to 'http://192.168.137.1/multihospital_new/' successfully

2018-05-21 12:21:24 - [MESSAGE][PASSED] - Navigate to 'http://192.168.137.1/multihospital_new/' successfully

2018-05-21 12:21:24 - [TEST_STEP][PASSED] - maximizeWindow: Current window maximized

2018-05-21 12:21:25 - [MESSAGE][PASSED] - Current window maximized

2018-05-21 12:21:25 - [TEST_STEP][PASSED] - click: Object: 'Object Repository/PharmacyRequest/Page_KDMC/a_Pharmacy' is clicked on

2018-05-21 12:21:26 - [MESSAGE][PASSED] - Object: 'Object Repository/PharmacyRequest/Page_KDMC/a_Pharmacy' is clicked on

2018-05-21 12:21:26 - [TEST_STEP][PASSED] - setText: Text 'raja' is set on object 'Object Repository/PharmacyRequest/Page_Pharmacy login/input_txtusername'

2018-05-21 12:21:26 - [MESSAGE][PASSED] - Text 'raja' is set on object 'Object Repository/PharmacyRequest/Page_Pharmacy login/input_txtusername'

2018-05-21 12:21:26 - [TEST_STEP][PASSED] - setText: Text '123' is set on object 'Object Repository/PharmacyRequest/Page_Pharmacy login/input_txtpassword'

2018-05-21 12:21:26 - [MESSAGE][PASSED] - Text '123' is set on object 'Object Repository/PharmacyRequest/Page_Pharmacy login/input_txtpassword'

2018-05-21 12:21:26 - [TEST_STEP][PASSED] - delay: Delayed 3 second(s)

2018-05-21 12:21:29 - [MESSAGE][PASSED] - Delayed 3 second(s)

2018-05-21 12:21:29 - [TEST_STEP][PASSED] - click: Object: 'Object Repository/PharmacyRequest/Page_Pharmacy login/button_Sign in' is clicked on

2018-05-21 12:21:30 - [MESSAGE][PASSED] - Object: 'Object Repository/PharmacyRequest/Page_Pharmacy login/button_Sign in' is clicked on

2018-05-21 12:21:30 - [TEST_STEP][PASSED] - delay: Delayed 3 second(s)

2018-05-21 12:21:33 - [MESSAGE][PASSED] - Delayed 3 second(s)

2018-05-21 12:21:33 - [TEST_STEP][PASSED] - click: Object: 'Object Repository/PharmacyRequest/Page_KDMC - Pharmacy/a_Inventory' is clicked on

2018-05-21 12:21:35 - [MESSAGE][PASSED] - Object: 'Object Repository/PharmacyRequest/Page_KDMC - Pharmacy/a_Inventory' is clicked on

2018-05-21 12:21:35 - [TEST_STEP][PASSED] - delay: Delayed 3 second(s)

2018-05-21 12:21:38 - [MESSAGE][PASSED] - Delayed 3 second(s)

2018-05-21 12:21:38 - [TEST_STEP][PASSED] - click: Object: 'Object Repository/PharmacyRequest/Page_KDMC-Pharmacy/a_Store Request' is clicked on

2018-05-21 12:21:38 - [MESSAGE][PASSED] - Object: 'Object Repository/PharmacyRequest/Page_KDMC-Pharmacy/a_Store Request' is clicked on

2018-05-21 12:21:38 - [TEST_STEP][PASSED] - click: Object: 'Object Repository/PharmacyRequest/Page_KDMC-Pharmacy/a_Medicine Request' is clicked on

2018-05-21 12:21:38 - [MESSAGE][PASSED] - Object: 'Object Repository/PharmacyRequest/Page_KDMC-Pharmacy/a_Medicine Request' is clicked on

2018-05-21 12:21:38 - [TEST_STEP][PASSED] - selectOptionByIndex: All options with index in [3] are selected on object 'Object Repository/PharmacyRequest/Page_KDMC-Pharmacy/select_--Select--Schedule 1Inj'

2018-05-21 12:21:38 - [MESSAGE][PASSED] - All options with index in [3] are selected on object 'Object Repository/PharmacyRequest/Page_KDMC-Pharmacy/select_--Select--Schedule 1Inj'

2018-05-21 12:21:38 - [TEST_STEP][PASSED] - Statement - MedicineLength = com.kms.katalon.core.webui.keyword.WebUiBuiltInKeywords.getNumberOfTotalOption(com.kms.katalon.core.testobject.ObjectRepository.findTestObject(PharmacyRequest/Page_KDMC-Pharmacy/select_--Select--Albendazole)): 37 options of object 'Object Repository/PharmacyRequest/Page_KDMC-Pharmacy/select_--Select--Albendazole' counted

2018-05-21 12:21:39 - [MESSAGE][PASSED] - 37 options of object 'Object Repository/PharmacyRequest/Page_KDMC-Pharmacy/select_--Select--Albendazole' counted

2018-05-21 12:21:39 - [TEST_STEP][PASSED] - Statement - For ([l = 1, l <= MedicineLength - 1, (l++)]): Object: 'Object Repository/PharmacyRequest/Page_KDMC-Pharmacy/button_Add' is clicked on

2018-05-21 12:21:39 - [TEST_STEP][PASSED] - selectOptionByIndex: All options with index in [3] are selected on object 'Object Repository/PharmacyRequest/Page_KDMC-Pharmacy/select_--Select--Schedule 1Inj'

2018-05-21 12:21:39 - [MESSAGE][PASSED] - All options with index in [3] are selected on object 'Object Repository/PharmacyRequest/Page_KDMC-Pharmacy/select_--Select--Schedule 1Inj'

2018-05-21 12:21:39 - [TEST_STEP][PASSED] - selectOptionByIndex: All options with index in [1] are selected on object 'Object Repository/PharmacyRequest/Page_KDMC-Pharmacy/select_--Select--Albendazole'

2018-05-21 12:21:39 - [MESSAGE][PASSED] - All options with index in [1] are selected on object 'Object Repository/PharmacyRequest/Page_KDMC-Pharmacy/select_--Select--Albendazole'

2018-05-21 12:21:39 - [TEST_STEP][PASSED] - setText: Text '10' is set on object 'Object Repository/PharmacyRequest/Page_KDMC-Pharmacy/input_txttreat'

2018-05-21 12:21:39 - [MESSAGE][PASSED] - Text '10' is set on object 'Object Repository/PharmacyRequest/Page_KDMC-Pharmacy/input_txttreat'

2018-05-21 12:21:39 - [TEST_STEP][PASSED] - click: Object: 'Object Repository/PharmacyRequest/Page_KDMC-Pharmacy/button_Add' is clicked on

2018-05-21 12:21:39 - [MESSAGE][PASSED] - Object: 'Object Repository/PharmacyRequest/Page_KDMC-Pharmacy/button_Add' is clicked on

2018-05-21 12:21:39 - [TEST_STEP][PASSED] - selectOptionByIndex: All options with index in [3] are selected on object 'Object Repository/PharmacyRequest/Page_KDMC-Pharmacy/select_--Select--Schedule 1Inj'

2018-05-21 12:21:39 - [MESSAGE][PASSED] - All options with index in [3] are selected on object 'Object Repository/PharmacyRequest/Page_KDMC-Pharmacy/select_--Select--Schedule 1Inj'

2018-05-21 12:21:39 - [TEST_STEP][PASSED] - selectOptionByIndex: All options with index in [2] are selected on object 'Object Repository/PharmacyRequest/Page_KDMC-Pharmacy/select_--Select--Albendazole'

2018-05-21 12:21:39 - [MESSAGE][PASSED] - All options with index in [2] are selected on object 'Object Repository/PharmacyRequest/Page_KDMC-Pharmacy/select_--Select--Albendazole'

2018-05-21 12:21:39 - [TEST_STEP][PASSED] - setText: Text '10' is set on object 'Object Repository/PharmacyRequest/Page_KDMC-Pharmacy/input_txttreat'

2018-05-21 12:21:39 - [MESSAGE][PASSED] - Text '10' is set on object 'Object Repository/PharmacyRequest/Page_KDMC-Pharmacy/input_txttreat'

2018-05-21 12:21:39 - [TEST_STEP][PASSED] - click: Object: 'Object Repository/PharmacyRequest/Page_KDMC-Pharmacy/button_Add' is clicked on

2018-05-21 12:21:39 - [MESSAGE][PASSED] - Object: 'Object Repository/PharmacyRequest/Page_KDMC-Pharmacy/button_Add' is clicked on

2018-05-21 12:21:39 - [TEST_STEP][PASSED] - selectOptionByIndex: All options with index in [3] are selected on object 'Object Repository/PharmacyRequest/Page_KDMC-Pharmacy/select_--Select--Schedule 1Inj'

2018-05-21 12:21:40 - [MESSAGE][PASSED] - All options with index in [3] are selected on object 'Object Repository/PharmacyRequest/Page_KDMC-Pharmacy/select_--Select--Schedule 1Inj'

2018-05-21 12:21:40 - [TEST_STEP][PASSED] - selectOptionByIndex: All options with index in [3] are selected on object 'Object Repository/PharmacyRequest/Page_KDMC-Pharmacy/select_--Select--Albendazole'

2018-05-21 12:21:40 - [MESSAGE][PASSED] - All options with index in [3] are selected on object 'Object Repository/PharmacyRequest/Page_KDMC-Pharmacy/select_--Select--Albendazole'

2018-05-21 12:21:40 - [TEST_STEP][PASSED] - setText: Text '10' is set on object 'Object Repository/PharmacyRequest/Page_KDMC-Pharmacy/input_txttreat'

2018-05-21 12:21:40 - [MESSAGE][PASSED] - Text '10' is set on object 'Object Repository/PharmacyRequest/Page_KDMC-Pharmacy/input_txttreat'

2018-05-21 12:21:40 - [TEST_STEP][PASSED] - click: Object: 'Object Repository/PharmacyRequest/Page_KDMC-Pharmacy/button_Add' is clicked on

2018-05-21 12:21:40 - [MESSAGE][PASSED] - Object: 'Object Repository/PharmacyRequest/Page_KDMC-Pharmacy/button_Add' is clicked on

2018-05-21 12:21:40 - [TEST_STEP][PASSED] - selectOptionByIndex: All options with index in [3] are selected on object 'Object Repository/PharmacyRequest/Page_KDMC-Pharmacy/select_--Select--Schedule 1Inj'

2018-05-21 12:21:40 - [MESSAGE][PASSED] - All options with index in [3] are selected on object 'Object Repository/PharmacyRequest/Page_KDMC-Pharmacy/select_--Select--Schedule 1Inj'

2018-05-21 12:21:40 - [TEST_STEP][PASSED] - selectOptionByIndex: All options with index in [4] are selected on object 'Object Repository/PharmacyRequest/Page_KDMC-Pharmacy/select_--Select--Albendazole'

2018-05-21 12:21:40 - [MESSAGE][PASSED] - All options with index in [4] are selected on object 'Object Repository/PharmacyRequest/Page_KDMC-Pharmacy/select_--Select--Albendazole'

2018-05-21 12:21:40 - [TEST_STEP][PASSED] - setText: Text '10' is set on object 'Object Repository/PharmacyRequest/Page_KDMC-Pharmacy/input_txttreat'

2018-05-21 12:21:40 - [MESSAGE][PASSED] - Text '10' is set on object 'Object Repository/PharmacyRequest/Page_KDMC-Pharmacy/input_txttreat'

2018-05-21 12:21:40 - [TEST_STEP][PASSED] - click: Object: 'Object Repository/PharmacyRequest/Page_KDMC-Pharmacy/button_Add' is clicked on

2018-05-21 12:21:40 - [MESSAGE][PASSED] - Object: 'Object Repository/PharmacyRequest/Page_KDMC-Pharmacy/button_Add' is clicked on

2018-05-21 12:21:40 - [TEST_STEP][PASSED] - selectOptionByIndex: All options with index in [3] are selected on object 'Object Repository/PharmacyRequest/Page_KDMC-Pharmacy/select_--Select--Schedule 1Inj'

2018-05-21 12:21:40 - [MESSAGE][PASSED] - All options with index in [3] are selected on object 'Object Repository/PharmacyRequest/Page_KDMC-Pharmacy/select_--Select--Schedule 1Inj'

2018-05-21 12:21:40 - [TEST_STEP][PASSED] - selectOptionByIndex: All options with index in [5] are selected on object 'Object Repository/PharmacyRequest/Page_KDMC-Pharmacy/select_--Select--Albendazole'

2018-05-21 12:21:40 - [MESSAGE][PASSED] - All options with index in [5] are selected on object 'Object Repository/PharmacyRequest/Page_KDMC-Pharmacy/select_--Select--Albendazole'

2018-05-21 12:21:40 - [TEST_STEP][PASSED] - setText: Text '10' is set on object 'Object Repository/PharmacyRequest/Page_KDMC-Pharmacy/input_txttreat'

2018-05-21 12:21:41 - [MESSAGE][PASSED] - Text '10' is set on object 'Object Repository/PharmacyRequest/Page_KDMC-Pharmacy/input_txttreat'

2018-05-21 12:21:41 - [TEST_STEP][PASSED] - click: Object: 'Object Repository/PharmacyRequest/Page_KDMC-Pharmacy/button_Add' is clicked on

2018-05-21 12:21:41 - [MESSAGE][PASSED] - Object: 'Object Repository/PharmacyRequest/Page_KDMC-Pharmacy/button_Add' is clicked on

2018-05-21 12:21:41 - [TEST_STEP][PASSED] - selectOptionByIndex: All options with index in [3] are selected on object 'Object Repository/PharmacyRequest/Page_KDMC-Pharmacy/select_--Select--Schedule 1Inj'

2018-05-21 12:21:41 - [MESSAGE][PASSED] - All options with index in [3] are selected on object 'Object Repository/PharmacyRequest/Page_KDMC-Pharmacy/select_--Select--Schedule 1Inj'

2018-05-21 12:21:41 - [TEST_STEP][PASSED] - selectOptionByIndex: All options with index in [6] are selected on object 'Object Repository/PharmacyRequest/Page_KDMC-Pharmacy/select_--Select--Albendazole'

2018-05-21 12:21:41 - [MESSAGE][PASSED] - All options with index in [6] are selected on object 'Object Repository/PharmacyRequest/Page_KDMC-Pharmacy/select_--Select--Albendazole'

2018-05-21 12:21:41 - [TEST_STEP][PASSED] - setText: Text '10' is set on object 'Object Repository/PharmacyRequest/Page_KDMC-Pharmacy/input_txttreat'

2018-05-21 12:21:41 - [MESSAGE][PASSED] - Text '10' is set on object 'Object Repository/PharmacyRequest/Page_KDMC-Pharmacy/input_txttreat'

2018-05-21 12:21:41 - [TEST_STEP][PASSED] - click: Object: 'Object Repository/PharmacyRequest/Page_KDMC-Pharmacy/button_Add' is clicked on

2018-05-21 12:21:41 - [MESSAGE][PASSED] - Object: 'Object Repository/PharmacyRequest/Page_KDMC-Pharmacy/button_Add' is clicked on

2018-05-21 12:21:41 - [TEST_STEP][PASSED] - selectOptionByIndex: All options with index in [3] are selected on object 'Object Repository/PharmacyRequest/Page_KDMC-Pharmacy/select_--Select--Schedule 1Inj'

2018-05-21 12:21:41 - [MESSAGE][PASSED] - All options with index in [3] are selected on object 'Object Repository/PharmacyRequest/Page_KDMC-Pharmacy/select_--Select--Schedule 1Inj'

2018-05-21 12:21:41 - [TEST_STEP][PASSED] - selectOptionByIndex: All options with index in [7] are selected on object 'Object Repository/PharmacyRequest/Page_KDMC-Pharmacy/select_--Select--Albendazole'

2018-05-21 12:21:41 - [MESSAGE][PASSED] - All options with index in [7] are selected on object 'Object Repository/PharmacyRequest/Page_KDMC-Pharmacy/select_--Select--Albendazole'

2018-05-21 12:21:41 - [TEST_STEP][PASSED] - setText: Text '10' is set on object 'Object Repository/PharmacyRequest/Page_KDMC-Pharmacy/input_txttreat'

2018-05-21 12:21:41 - [MESSAGE][PASSED] - Text '10' is set on object 'Object Repository/PharmacyRequest/Page_KDMC-Pharmacy/input_txttreat'

2018-05-21 12:21:41 - [TEST_STEP][PASSED] - click: Object: 'Object Repository/PharmacyRequest/Page_KDMC-Pharmacy/button_Add' is clicked on

2018-05-21 12:21:41 - [MESSAGE][PASSED] - Object: 'Object Repository/PharmacyRequest/Page_KDMC-Pharmacy/button_Add' is clicked on

2018-05-21 12:21:41 - [TEST_STEP][PASSED] - selectOptionByIndex: All options with index in [3] are selected on object 'Object Repository/PharmacyRequest/Page_KDMC-Pharmacy/select_--Select--Schedule 1Inj'

2018-05-21 12:21:41 - [MESSAGE][PASSED] - All options with index in [3] are selected on object 'Object Repository/PharmacyRequest/Page_KDMC-Pharmacy/select_--Select--Schedule 1Inj'

2018-05-21 12:21:41 - [TEST_STEP][PASSED] - selectOptionByIndex: All options with index in [8] are selected on object 'Object Repository/PharmacyRequest/Page_KDMC-Pharmacy/select_--Select--Albendazole'

2018-05-21 12:21:42 - [MESSAGE][PASSED] - All options with index in [8] are selected on object 'Object Repository/PharmacyRequest/Page_KDMC-Pharmacy/select_--Select--Albendazole'

2018-05-21 12:21:42 - [TEST_STEP][PASSED] - setText: Text '10' is set on object 'Object Repository/PharmacyRequest/Page_KDMC-Pharmacy/input_txttreat'

2018-05-21 12:21:42 - [MESSAGE][PASSED] - Text '10' is set on object 'Object Repository/PharmacyRequest/Page_KDMC-Pharmacy/input_txttreat'

2018-05-21 12:21:42 - [TEST_STEP][PASSED] - click: Object: 'Object Repository/PharmacyRequest/Page_KDMC-Pharmacy/button_Add' is clicked on

2018-05-21 12:21:42 - [MESSAGE][PASSED] - Object: 'Object Repository/PharmacyRequest/Page_KDMC-Pharmacy/button_Add' is clicked on

2018-05-21 12:21:42 - [TEST_STEP][PASSED] - selectOptionByIndex: All options with index in [3] are selected on object 'Object Repository/PharmacyRequest/Page_KDMC-Pharmacy/select_--Select--Schedule 1Inj'

2018-05-21 12:21:42 - [MESSAGE][PASSED] - All options with index in [3] are selected on object 'Object Repository/PharmacyRequest/Page_KDMC-Pharmacy/select_--Select--Schedule 1Inj'

2018-05-21 12:21:42 - [TEST_STEP][PASSED] - selectOptionByIndex: All options with index in [9] are selected on object 'Object Repository/PharmacyRequest/Page_KDMC-Pharmacy/select_--Select--Albendazole'

2018-05-21 12:21:42 - [MESSAGE][PASSED] - All options with index in [9] are selected on object 'Object Repository/PharmacyRequest/Page_KDMC-Pharmacy/select_--Select--Albendazole'

2018-05-21 12:21:42 - [TEST_STEP][PASSED] - setText: Text '10' is set on object 'Object Repository/PharmacyRequest/Page_KDMC-Pharmacy/input_txttreat'

2018-05-21 12:21:42 - [MESSAGE][PASSED] - Text '10' is set on object 'Object Repository/PharmacyRequest/Page_KDMC-Pharmacy/input_txttreat'

2018-05-21 12:21:42 - [TEST_STEP][PASSED] - click: Object: 'Object Repository/PharmacyRequest/Page_KDMC-Pharmacy/button_Add' is clicked on

2018-05-21 12:21:42 - [MESSAGE][PASSED] - Object: 'Object Repository/PharmacyRequest/Page_KDMC-Pharmacy/button_Add' is clicked on

2018-05-21 12:21:42 - [TEST_STEP][PASSED] - selectOptionByIndex: All options with index in [3] are selected on object 'Object Repository/PharmacyRequest/Page_KDMC-Pharmacy/select_--Select--Schedule 1Inj'

2018-05-21 12:21:42 - [MESSAGE][PASSED] - All options with index in [3] are selected on object 'Object Repository/PharmacyRequest/Page_KDMC-Pharmacy/select_--Select--Schedule 1Inj'

2018-05-21 12:21:42 - [TEST_STEP][PASSED] - selectOptionByIndex: All options with index in [10] are selected on object 'Object Repository/PharmacyRequest/Page_KDMC-Pharmacy/select_--Select--Albendazole'

2018-05-21 12:21:43 - [MESSAGE][PASSED] - All options with index in [10] are selected on object 'Object Repository/PharmacyRequest/Page_KDMC-Pharmacy/select_--Select--Albendazole'

2018-05-21 12:21:43 - [TEST_STEP][PASSED] - setText: Text '10' is set on object 'Object Repository/PharmacyRequest/Page_KDMC-Pharmacy/input_txttreat'

2018-05-21 12:21:43 - [MESSAGE][PASSED] - Text '10' is set on object 'Object Repository/PharmacyRequest/Page_KDMC-Pharmacy/input_txttreat'

2018-05-21 12:21:43 - [TEST_STEP][PASSED] - click: Object: 'Object Repository/PharmacyRequest/Page_KDMC-Pharmacy/button_Add' is clicked on

2018-05-21 12:21:43 - [MESSAGE][PASSED] - Object: 'Object Repository/PharmacyRequest/Page_KDMC-Pharmacy/button_Add' is clicked on

2018-05-21 12:21:43 - [TEST_STEP][PASSED] - selectOptionByIndex: All options with index in [3] are selected on object 'Object Repository/PharmacyRequest/Page_KDMC-Pharmacy/select_--Select--Schedule 1Inj'

2018-05-21 12:21:43 - [MESSAGE][PASSED] - All options with index in [3] are selected on object 'Object Repository/PharmacyRequest/Page_KDMC-Pharmacy/select_--Select--Schedule 1Inj'

2018-05-21 12:21:43 - [TEST_STEP][PASSED] - selectOptionByIndex: All options with index in [11] are selected on object 'Object Repository/PharmacyRequest/Page_KDMC-Pharmacy/select_--Select--Albendazole'

2018-05-21 12:21:43 - [MESSAGE][PASSED] - All options with index in [11] are selected on object 'Object Repository/PharmacyRequest/Page_KDMC-Pharmacy/select_--Select--Albendazole'

2018-05-21 12:21:43 - [TEST_STEP][PASSED] - setText: Text '10' is set on object 'Object Repository/PharmacyRequest/Page_KDMC-Pharmacy/input_txttreat'

2018-05-21 12:21:43 - [MESSAGE][PASSED] - Text '10' is set on object 'Object Repository/PharmacyRequest/Page_KDMC-Pharmacy/input_txttreat'

2018-05-21 12:21:43 - [TEST_STEP][PASSED] - click: Object: 'Object Repository/PharmacyRequest/Page_KDMC-Pharmacy/button_Add' is clicked on

2018-05-21 12:21:43 - [MESSAGE][PASSED] - Object: 'Object Repository/PharmacyRequest/Page_KDMC-Pharmacy/button_Add' is clicked on

2018-05-21 12:21:43 - [TEST_STEP][PASSED] - selectOptionByIndex: All options with index in [3] are selected on object 'Object Repository/PharmacyRequest/Page_KDMC-Pharmacy/select_--Select--Schedule 1Inj'

2018-05-21 12:21:43 - [MESSAGE][PASSED] - All options with index in [3] are selected on object 'Object Repository/PharmacyRequest/Page_KDMC-Pharmacy/select_--Select--Schedule 1Inj'

2018-05-21 12:21:43 - [TEST_STEP][PASSED] - selectOptionByIndex: All options with index in [12] are selected on object 'Object Repository/PharmacyRequest/Page_KDMC-Pharmacy/select_--Select--Albendazole'

2018-05-21 12:21:44 - [MESSAGE][PASSED] - All options with index in [12] are selected on object 'Object Repository/PharmacyRequest/Page_KDMC-Pharmacy/select_--Select--Albendazole'

2018-05-21 12:21:44 - [TEST_STEP][PASSED] - setText: Text '10' is set on object 'Object Repository/PharmacyRequest/Page_KDMC-Pharmacy/input_txttreat'

2018-05-21 12:21:44 - [MESSAGE][PASSED] - Text '10' is set on object 'Object Repository/PharmacyRequest/Page_KDMC-Pharmacy/input_txttreat'

2018-05-21 12:21:44 - [TEST_STEP][PASSED] - click: Object: 'Object Repository/PharmacyRequest/Page_KDMC-Pharmacy/button_Add' is clicked on

2018-05-21 12:21:44 - [MESSAGE][PASSED] - Object: 'Object Repository/PharmacyRequest/Page_KDMC-Pharmacy/button_Add' is clicked on

2018-05-21 12:21:44 - [TEST_STEP][PASSED] - selectOptionByIndex: All options with index in [3] are selected on object 'Object Repository/PharmacyRequest/Page_KDMC-Pharmacy/select_--Select--Schedule 1Inj'

2018-05-21 12:21:44 - [MESSAGE][PASSED] - All options with index in [3] are selected on object 'Object Repository/PharmacyRequest/Page_KDMC-Pharmacy/select_--Select--Schedule 1Inj'

2018-05-21 12:21:44 - [TEST_STEP][PASSED] - selectOptionByIndex: All options with index in [13] are selected on object 'Object Repository/PharmacyRequest/Page_KDMC-Pharmacy/select_--Select--Albendazole'

2018-05-21 12:21:44 - [MESSAGE][PASSED] - All options with index in [13] are selected on object 'Object Repository/PharmacyRequest/Page_KDMC-Pharmacy/select_--Select--Albendazole'

2018-05-21 12:21:44 - [TEST_STEP][PASSED] - setText: Text '10' is set on object 'Object Repository/PharmacyRequest/Page_KDMC-Pharmacy/input_txttreat'

2018-05-21 12:21:44 - [MESSAGE][PASSED] - Text '10' is set on object 'Object Repository/PharmacyRequest/Page_KDMC-Pharmacy/input_txttreat'

2018-05-21 12:21:44 - [TEST_STEP][PASSED] - click: Object: 'Object Repository/PharmacyRequest/Page_KDMC-Pharmacy/button_Add' is clicked on

2018-05-21 12:21:44 - [MESSAGE][PASSED] - Object: 'Object Repository/PharmacyRequest/Page_KDMC-Pharmacy/button_Add' is clicked on

2018-05-21 12:21:44 - [TEST_STEP][PASSED] - selectOptionByIndex: All options with index in [3] are selected on object 'Object Repository/PharmacyRequest/Page_KDMC-Pharmacy/select_--Select--Schedule 1Inj'

2018-05-21 12:21:44 - [MESSAGE][PASSED] - All options with index in [3] are selected on object 'Object Repository/PharmacyRequest/Page_KDMC-Pharmacy/select_--Select--Schedule 1Inj'

2018-05-21 12:21:44 - [TEST_STEP][PASSED] - selectOptionByIndex: All options with index in [14] are selected on object 'Object Repository/PharmacyRequest/Page_KDMC-Pharmacy/select_--Select--Albendazole'

2018-05-21 12:21:45 - [MESSAGE][PASSED] - All options with index in [14] are selected on object 'Object Repository/PharmacyRequest/Page_KDMC-Pharmacy/select_--Select--Albendazole'

2018-05-21 12:21:45 - [TEST_STEP][PASSED] - setText: Text '10' is set on object 'Object Repository/PharmacyRequest/Page_KDMC-Pharmacy/input_txttreat'

2018-05-21 12:21:45 - [MESSAGE][PASSED] - Text '10' is set on object 'Object Repository/PharmacyRequest/Page_KDMC-Pharmacy/input_txttreat'

2018-05-21 12:21:45 - [TEST_STEP][PASSED] - click: Object: 'Object Repository/PharmacyRequest/Page_KDMC-Pharmacy/button_Add' is clicked on

2018-05-21 12:21:45 - [MESSAGE][PASSED] - Object: 'Object Repository/PharmacyRequest/Page_KDMC-Pharmacy/button_Add' is clicked on

2018-05-21 12:21:45 - [TEST_STEP][PASSED] - selectOptionByIndex: All options with index in [3] are selected on object 'Object Repository/PharmacyRequest/Page_KDMC-Pharmacy/select_--Select--Schedule 1Inj'

2018-05-21 12:21:45 - [MESSAGE][PASSED] - All options with index in [3] are selected on object 'Object Repository/PharmacyRequest/Page_KDMC-Pharmacy/select_--Select--Schedule 1Inj'

2018-05-21 12:21:45 - [TEST_STEP][PASSED] - selectOptionByIndex: All options with index in [15] are selected on object 'Object Repository/PharmacyRequest/Page_KDMC-Pharmacy/select_--Select--Albendazole'

2018-05-21 12:21:45 - [MESSAGE][PASSED] - All options with index in [15] are selected on object 'Object Repository/PharmacyRequest/Page_KDMC-Pharmacy/select_--Select--Albendazole'

2018-05-21 12:21:45 - [TEST_STEP][PASSED] - setText: Text '10' is set on object 'Object Repository/PharmacyRequest/Page_KDMC-Pharmacy/input_txttreat'

2018-05-21 12:21:45 - [MESSAGE][PASSED] - Text '10' is set on object 'Object Repository/PharmacyRequest/Page_KDMC-Pharmacy/input_txttreat'

2018-05-21 12:21:45 - [TEST_STEP][PASSED] - click: Object: 'Object Repository/PharmacyRequest/Page_KDMC-Pharmacy/button_Add' is clicked on

2018-05-21 12:21:45 - [MESSAGE][PASSED] - Object: 'Object Repository/PharmacyRequest/Page_KDMC-Pharmacy/button_Add' is clicked on

2018-05-21 12:21:45 - [TEST_STEP][PASSED] - selectOptionByIndex: All options with index in [3] are selected on object 'Object Repository/PharmacyRequest/Page_KDMC-Pharmacy/select_--Select--Schedule 1Inj'

2018-05-21 12:21:45 - [MESSAGE][PASSED] - All options with index in [3] are selected on object 'Object Repository/PharmacyRequest/Page_KDMC-Pharmacy/select_--Select--Schedule 1Inj'

2018-05-21 12:21:45 - [TEST_STEP][PASSED] - selectOptionByIndex: All options with index in [16] are selected on object 'Object Repository/PharmacyRequest/Page_KDMC-Pharmacy/select_--Select--Albendazole'

2018-05-21 12:21:46 - [MESSAGE][PASSED] - All options with index in [16] are selected on object 'Object Repository/PharmacyRequest/Page_KDMC-Pharmacy/select_--Select--Albendazole'

2018-05-21 12:21:46 - [TEST_STEP][PASSED] - setText: Text '10' is set on object 'Object Repository/PharmacyRequest/Page_KDMC-Pharmacy/input_txttreat'

2018-05-21 12:21:46 - [MESSAGE][PASSED] - Text '10' is set on object 'Object Repository/PharmacyRequest/Page_KDMC-Pharmacy/input_txttreat'

2018-05-21 12:21:46 - [TEST_STEP][PASSED] - click: Object: 'Object Repository/PharmacyRequest/Page_KDMC-Pharmacy/button_Add' is clicked on

2018-05-21 12:21:46 - [MESSAGE][PASSED] - Object: 'Object Repository/PharmacyRequest/Page_KDMC-Pharmacy/button_Add' is clicked on

2018-05-21 12:21:46 - [TEST_STEP][PASSED] - selectOptionByIndex: All options with index in [3] are selected on object 'Object Repository/PharmacyRequest/Page_KDMC-Pharmacy/select_--Select--Schedule 1Inj'

2018-05-21 12:21:46 - [MESSAGE][PASSED] - All options with index in [3] are selected on object 'Object Repository/PharmacyRequest/Page_KDMC-Pharmacy/select_--Select--Schedule 1Inj'

2018-05-21 12:21:46 - [TEST_STEP][PASSED] - selectOptionByIndex: All options with index in [17] are selected on object 'Object Repository/PharmacyRequest/Page_KDMC-Pharmacy/select_--Select--Albendazole'

2018-05-21 12:21:46 - [MESSAGE][PASSED] - All options with index in [17] are selected on object 'Object Repository/PharmacyRequest/Page_KDMC-Pharmacy/select_--Select--Albendazole'

2018-05-21 12:21:46 - [TEST_STEP][PASSED] - setText: Text '10' is set on object 'Object Repository/PharmacyRequest/Page_KDMC-Pharmacy/input_txttreat'

2018-05-21 12:21:46 - [MESSAGE][PASSED] - Text '10' is set on object 'Object Repository/PharmacyRequest/Page_KDMC-Pharmacy/input_txttreat'

2018-05-21 12:21:46 - [TEST_STEP][PASSED] - click: Object: 'Object Repository/PharmacyRequest/Page_KDMC-Pharmacy/button_Add' is clicked on

2018-05-21 12:21:46 - [MESSAGE][PASSED] - Object: 'Object Repository/PharmacyRequest/Page_KDMC-Pharmacy/button_Add' is clicked on

2018-05-21 12:21:46 - [TEST_STEP][PASSED] - selectOptionByIndex: All options with index in [3] are selected on object 'Object Repository/PharmacyRequest/Page_KDMC-Pharmacy/select_--Select--Schedule 1Inj'

2018-05-21 12:21:46 - [MESSAGE][PASSED] - All options with index in [3] are selected on object 'Object Repository/PharmacyRequest/Page_KDMC-Pharmacy/select_--Select--Schedule 1Inj'

2018-05-21 12:21:46 - [TEST_STEP][PASSED] - selectOptionByIndex: All options with index in [18] are selected on object 'Object Repository/PharmacyRequest/Page_KDMC-Pharmacy/select_--Select--Albendazole'

2018-05-21 12:21:47 - [MESSAGE][PASSED] - All options with index in [18] are selected on object 'Object Repository/PharmacyRequest/Page_KDMC-Pharmacy/select_--Select--Albendazole'

2018-05-21 12:21:47 - [TEST_STEP][PASSED] - setText: Text '10' is set on object 'Object Repository/PharmacyRequest/Page_KDMC-Pharmacy/input_txttreat'

2018-05-21 12:21:47 - [MESSAGE][PASSED] - Text '10' is set on object 'Object Repository/PharmacyRequest/Page_KDMC-Pharmacy/input_txttreat'

2018-05-21 12:21:47 - [TEST_STEP][PASSED] - click: Object: 'Object Repository/PharmacyRequest/Page_KDMC-Pharmacy/button_Add' is clicked on

2018-05-21 12:21:47 - [MESSAGE][PASSED] - Object: 'Object Repository/PharmacyRequest/Page_KDMC-Pharmacy/button_Add' is clicked on

2018-05-21 12:21:47 - [TEST_STEP][PASSED] - selectOptionByIndex: All options with index in [3] are selected on object 'Object Repository/PharmacyRequest/Page_KDMC-Pharmacy/select_--Select--Schedule 1Inj'

2018-05-21 12:21:47 - [MESSAGE][PASSED] - All options with index in [3] are selected on object 'Object Repository/PharmacyRequest/Page_KDMC-Pharmacy/select_--Select--Schedule 1Inj'

2018-05-21 12:21:47 - [TEST_STEP][PASSED] - selectOptionByIndex: All options with index in [19] are selected on object 'Object Repository/PharmacyRequest/Page_KDMC-Pharmacy/select_--Select--Albendazole'

2018-05-21 12:21:47 - [MESSAGE][PASSED] - All options with index in [19] are selected on object 'Object Repository/PharmacyRequest/Page_KDMC-Pharmacy/select_--Select--Albendazole'

2018-05-21 12:21:47 - [TEST_STEP][PASSED] - setText: Text '10' is set on object 'Object Repository/PharmacyRequest/Page_KDMC-Pharmacy/input_txttreat'

2018-05-21 12:21:47 - [MESSAGE][PASSED] - Text '10' is set on object 'Object Repository/PharmacyRequest/Page_KDMC-Pharmacy/input_txttreat'

2018-05-21 12:21:47 - [TEST_STEP][PASSED] - click: Object: 'Object Repository/PharmacyRequest/Page_KDMC-Pharmacy/button_Add' is clicked on

2018-05-21 12:21:47 - [MESSAGE][PASSED] - Object: 'Object Repository/PharmacyRequest/Page_KDMC-Pharmacy/button_Add' is clicked on

2018-05-21 12:21:47 - [TEST_STEP][PASSED] - selectOptionByIndex: All options with index in [3] are selected on object 'Object Repository/PharmacyRequest/Page_KDMC-Pharmacy/select_--Select--Schedule 1Inj'

2018-05-21 12:21:47 - [MESSAGE][PASSED] - All options with index in [3] are selected on object 'Object Repository/PharmacyRequest/Page_KDMC-Pharmacy/select_--Select--Schedule 1Inj'

2018-05-21 12:21:47 - [TEST_STEP][PASSED] - selectOptionByIndex: All options with index in [20] are selected on object 'Object Repository/PharmacyRequest/Page_KDMC-Pharmacy/select_--Select--Albendazole'

2018-05-21 12:21:48 - [MESSAGE][PASSED] - All options with index in [20] are selected on object 'Object Repository/PharmacyRequest/Page_KDMC-Pharmacy/select_--Select--Albendazole'

2018-05-21 12:21:48 - [TEST_STEP][PASSED] - setText: Text '10' is set on object 'Object Repository/PharmacyRequest/Page_KDMC-Pharmacy/input_txttreat'

2018-05-21 12:21:48 - [MESSAGE][PASSED] - Text '10' is set on object 'Object Repository/PharmacyRequest/Page_KDMC-Pharmacy/input_txttreat'

2018-05-21 12:21:48 - [TEST_STEP][PASSED] - click: Object: 'Object Repository/PharmacyRequest/Page_KDMC-Pharmacy/button_Add' is clicked on

2018-05-21 12:21:48 - [MESSAGE][PASSED] - Object: 'Object Repository/PharmacyRequest/Page_KDMC-Pharmacy/button_Add' is clicked on

2018-05-21 12:21:48 - [TEST_STEP][PASSED] - selectOptionByIndex: All options with index in [3] are selected on object 'Object Repository/PharmacyRequest/Page_KDMC-Pharmacy/select_--Select--Schedule 1Inj'

2018-05-21 12:21:48 - [MESSAGE][PASSED] - All options with index in [3] are selected on object 'Object Repository/PharmacyRequest/Page_KDMC-Pharmacy/select_--Select--Schedule 1Inj'

2018-05-21 12:21:48 - [TEST_STEP][PASSED] - selectOptionByIndex: All options with index in [21] are selected on object 'Object Repository/PharmacyRequest/Page_KDMC-Pharmacy/select_--Select--Albendazole'

2018-05-21 12:21:48 - [MESSAGE][PASSED] - All options with index in [21] are selected on object 'Object Repository/PharmacyRequest/Page_KDMC-Pharmacy/select_--Select--Albendazole'

2018-05-21 12:21:48 - [TEST_STEP][PASSED] - setText: Text '10' is set on object 'Object Repository/PharmacyRequest/Page_KDMC-Pharmacy/input_txttreat'

2018-05-21 12:21:48 - [MESSAGE][PASSED] - Text '10' is set on object 'Object Repository/PharmacyRequest/Page_KDMC-Pharmacy/input_txttreat'

2018-05-21 12:21:48 - [TEST_STEP][PASSED] - click: Object: 'Object Repository/PharmacyRequest/Page_KDMC-Pharmacy/button_Add' is clicked on

2018-05-21 12:21:48 - [MESSAGE][PASSED] - Object: 'Object Repository/PharmacyRequest/Page_KDMC-Pharmacy/button_Add' is clicked on

2018-05-21 12:21:48 - [TEST_STEP][PASSED] - selectOptionByIndex: All options with index in [3] are selected on object 'Object Repository/PharmacyRequest/Page_KDMC-Pharmacy/select_--Select--Schedule 1Inj'

2018-05-21 12:21:48 - [MESSAGE][PASSED] - All options with index in [3] are selected on object 'Object Repository/PharmacyRequest/Page_KDMC-Pharmacy/select_--Select--Schedule 1Inj'

2018-05-21 12:21:48 - [TEST_STEP][PASSED] - selectOptionByIndex: All options with index in [22] are selected on object 'Object Repository/PharmacyRequest/Page_KDMC-Pharmacy/select_--Select--Albendazole'

2018-05-21 12:21:49 - [MESSAGE][PASSED] - All options with index in [22] are selected on object 'Object Repository/PharmacyRequest/Page_KDMC-Pharmacy/select_--Select--Albendazole'

2018-05-21 12:21:49 - [TEST_STEP][PASSED] - setText: Text '10' is set on object 'Object Repository/PharmacyRequest/Page_KDMC-Pharmacy/input_txttreat'

2018-05-21 12:21:49 - [MESSAGE][PASSED] - Text '10' is set on object 'Object Repository/PharmacyRequest/Page_KDMC-Pharmacy/input_txttreat'

2018-05-21 12:21:49 - [TEST_STEP][PASSED] - click: Object: 'Object Repository/PharmacyRequest/Page_KDMC-Pharmacy/button_Add' is clicked on

2018-05-21 12:21:49 - [MESSAGE][PASSED] - Object: 'Object Repository/PharmacyRequest/Page_KDMC-Pharmacy/button_Add' is clicked on

2018-05-21 12:21:49 - [TEST_STEP][PASSED] - selectOptionByIndex: All options with index in [3] are selected on object 'Object Repository/PharmacyRequest/Page_KDMC-Pharmacy/select_--Select--Schedule 1Inj'

2018-05-21 12:21:49 - [MESSAGE][PASSED] - All options with index in [3] are selected on object 'Object Repository/PharmacyRequest/Page_KDMC-Pharmacy/select_--Select--Schedule 1Inj'

2018-05-21 12:21:49 - [TEST_STEP][PASSED] - selectOptionByIndex: All options with index in [23] are selected on object 'Object Repository/PharmacyRequest/Page_KDMC-Pharmacy/select_--Select--Albendazole'

2018-05-21 12:21:49 - [MESSAGE][PASSED] - All options with index in [23] are selected on object 'Object Repository/PharmacyRequest/Page_KDMC-Pharmacy/select_--Select--Albendazole'

2018-05-21 12:21:49 - [TEST_STEP][PASSED] - setText: Text '10' is set on object 'Object Repository/PharmacyRequest/Page_KDMC-Pharmacy/input_txttreat'

2018-05-21 12:21:49 - [MESSAGE][PASSED] - Text '10' is set on object 'Object Repository/PharmacyRequest/Page_KDMC-Pharmacy/input_txttreat'

2018-05-21 12:21:49 - [TEST_STEP][PASSED] - click: Object: 'Object Repository/PharmacyRequest/Page_KDMC-Pharmacy/button_Add' is clicked on

2018-05-21 12:21:49 - [MESSAGE][PASSED] - Object: 'Object Repository/PharmacyRequest/Page_KDMC-Pharmacy/button_Add' is clicked on

2018-05-21 12:21:49 - [TEST_STEP][PASSED] - selectOptionByIndex: All options with index in [3] are selected on object 'Object Repository/PharmacyRequest/Page_KDMC-Pharmacy/select_--Select--Schedule 1Inj'

2018-05-21 12:21:49 - [MESSAGE][PASSED] - All options with index in [3] are selected on object 'Object Repository/PharmacyRequest/Page_KDMC-Pharmacy/select_--Select--Schedule 1Inj'

2018-05-21 12:21:49 - [TEST_STEP][PASSED] - selectOptionByIndex: All options with index in [24] are selected on object 'Object Repository/PharmacyRequest/Page_KDMC-Pharmacy/select_--Select--Albendazole'

2018-05-21 12:21:50 - [MESSAGE][PASSED] - All options with index in [24] are selected on object 'Object Repository/PharmacyRequest/Page_KDMC-Pharmacy/select_--Select--Albendazole'

2018-05-21 12:21:50 - [TEST_STEP][PASSED] - setText: Text '10' is set on object 'Object Repository/PharmacyRequest/Page_KDMC-Pharmacy/input_txttreat'

2018-05-21 12:21:50 - [MESSAGE][PASSED] - Text '10' is set on object 'Object Repository/PharmacyRequest/Page_KDMC-Pharmacy/input_txttreat'

2018-05-21 12:21:50 - [TEST_STEP][PASSED] - click: Object: 'Object Repository/PharmacyRequest/Page_KDMC-Pharmacy/button_Add' is clicked on

2018-05-21 12:21:50 - [MESSAGE][PASSED] - Object: 'Object Repository/PharmacyRequest/Page_KDMC-Pharmacy/button_Add' is clicked on

2018-05-21 12:21:50 - [TEST_STEP][PASSED] - selectOptionByIndex: All options with index in [3] are selected on object 'Object Repository/PharmacyRequest/Page_KDMC-Pharmacy/select_--Select--Schedule 1Inj'

2018-05-21 12:21:50 - [MESSAGE][PASSED] - All options with index in [3] are selected on object 'Object Repository/PharmacyRequest/Page_KDMC-Pharmacy/select_--Select--Schedule 1Inj'

2018-05-21 12:21:50 - [TEST_STEP][PASSED] - selectOptionByIndex: All options with index in [25] are selected on object 'Object Repository/PharmacyRequest/Page_KDMC-Pharmacy/select_--Select--Albendazole'

2018-05-21 12:21:50 - [MESSAGE][PASSED] - All options with index in [25] are selected on object 'Object Repository/PharmacyRequest/Page_KDMC-Pharmacy/select_--Select--Albendazole'

2018-05-21 12:21:50 - [TEST_STEP][PASSED] - setText: Text '10' is set on object 'Object Repository/PharmacyRequest/Page_KDMC-Pharmacy/input_txttreat'

2018-05-21 12:21:50 - [MESSAGE][PASSED] - Text '10' is set on object 'Object Repository/PharmacyRequest/Page_KDMC-Pharmacy/input_txttreat'

2018-05-21 12:21:50 - [TEST_STEP][PASSED] - click: Object: 'Object Repository/PharmacyRequest/Page_KDMC-Pharmacy/button_Add' is clicked on

2018-05-21 12:21:50 - [MESSAGE][PASSED] - Object: 'Object Repository/PharmacyRequest/Page_KDMC-Pharmacy/button_Add' is clicked on

2018-05-21 12:21:50 - [TEST_STEP][PASSED] - selectOptionByIndex: All options with index in [3] are selected on object 'Object Repository/PharmacyRequest/Page_KDMC-Pharmacy/select_--Select--Schedule 1Inj'

2018-05-21 12:21:50 - [MESSAGE][PASSED] - All options with index in [3] are selected on object 'Object Repository/PharmacyRequest/Page_KDMC-Pharmacy/select_--Select--Schedule 1Inj'

2018-05-21 12:21:50 - [TEST_STEP][PASSED] - selectOptionByIndex: All options with index in [26] are selected on object 'Object Repository/PharmacyRequest/Page_KDMC-Pharmacy/select_--Select--Albendazole'

2018-05-21 12:21:51 - [MESSAGE][PASSED] - All options with index in [26] are selected on object 'Object Repository/PharmacyRequest/Page_KDMC-Pharmacy/select_--Select--Albendazole'

2018-05-21 12:21:51 - [TEST_STEP][PASSED] - setText: Text '10' is set on object 'Object Repository/PharmacyRequest/Page_KDMC-Pharmacy/input_txttreat'

2018-05-21 12:21:51 - [MESSAGE][PASSED] - Text '10' is set on object 'Object Repository/PharmacyRequest/Page_KDMC-Pharmacy/input_txttreat'

2018-05-21 12:21:51 - [TEST_STEP][PASSED] - click: Object: 'Object Repository/PharmacyRequest/Page_KDMC-Pharmacy/button_Add' is clicked on

2018-05-21 12:21:51 - [MESSAGE][PASSED] - Object: 'Object Repository/PharmacyRequest/Page_KDMC-Pharmacy/button_Add' is clicked on

2018-05-21 12:21:51 - [TEST_STEP][PASSED] - selectOptionByIndex: All options with index in [3] are selected on object 'Object Repository/PharmacyRequest/Page_KDMC-Pharmacy/select_--Select--Schedule 1Inj'

2018-05-21 12:21:51 - [MESSAGE][PASSED] - All options with index in [3] are selected on object 'Object Repository/PharmacyRequest/Page_KDMC-Pharmacy/select_--Select--Schedule 1Inj'

2018-05-21 12:21:51 - [TEST_STEP][PASSED] - selectOptionByIndex: All options with index in [27] are selected on object 'Object Repository/PharmacyRequest/Page_KDMC-Pharmacy/select_--Select--Albendazole'

2018-05-21 12:21:51 - [MESSAGE][PASSED] - All options with index in [27] are selected on object 'Object Repository/PharmacyRequest/Page_KDMC-Pharmacy/select_--Select--Albendazole'

2018-05-21 12:21:51 - [TEST_STEP][PASSED] - setText: Text '10' is set on object 'Object Repository/PharmacyRequest/Page_KDMC-Pharmacy/input_txttreat'

2018-05-21 12:21:51 - [MESSAGE][PASSED] - Text '10' is set on object 'Object Repository/PharmacyRequest/Page_KDMC-Pharmacy/input_txttreat'

2018-05-21 12:21:51 - [TEST_STEP][PASSED] - click: Object: 'Object Repository/PharmacyRequest/Page_KDMC-Pharmacy/button_Add' is clicked on

2018-05-21 12:21:51 - [MESSAGE][PASSED] - Object: 'Object Repository/PharmacyRequest/Page_KDMC-Pharmacy/button_Add' is clicked on

2018-05-21 12:21:51 - [TEST_STEP][PASSED] - selectOptionByIndex: All options with index in [3] are selected on object 'Object Repository/PharmacyRequest/Page_KDMC-Pharmacy/select_--Select--Schedule 1Inj'

2018-05-21 12:21:52 - [MESSAGE][PASSED] - All options with index in [3] are selected on object 'Object Repository/PharmacyRequest/Page_KDMC-Pharmacy/select_--Select--Schedule 1Inj'

2018-05-21 12:21:52 - [TEST_STEP][PASSED] - selectOptionByIndex: All options with index in [28] are selected on object 'Object Repository/PharmacyRequest/Page_KDMC-Pharmacy/select_--Select--Albendazole'

2018-05-21 12:21:52 - [MESSAGE][PASSED] - All options with index in [28] are selected on object 'Object Repository/PharmacyRequest/Page_KDMC-Pharmacy/select_--Select--Albendazole'

2018-05-21 12:21:52 - [TEST_STEP][PASSED] - setText: Text '10' is set on object 'Object Repository/PharmacyRequest/Page_KDMC-Pharmacy/input_txttreat'

2018-05-21 12:21:52 - [MESSAGE][PASSED] - Text '10' is set on object 'Object Repository/PharmacyRequest/Page_KDMC-Pharmacy/input_txttreat'

2018-05-21 12:21:52 - [TEST_STEP][PASSED] - click: Object: 'Object Repository/PharmacyRequest/Page_KDMC-Pharmacy/button_Add' is clicked on

2018-05-21 12:21:52 - [MESSAGE][PASSED] - Object: 'Object Repository/PharmacyRequest/Page_KDMC-Pharmacy/button_Add' is clicked on

2018-05-21 12:21:52 - [TEST_STEP][PASSED] - selectOptionByIndex: All options with index in [3] are selected on object 'Object Repository/PharmacyRequest/Page_KDMC-Pharmacy/select_--Select--Schedule 1Inj'

2018-05-21 12:21:52 - [MESSAGE][PASSED] - All options with index in [3] are selected on object 'Object Repository/PharmacyRequest/Page_KDMC-Pharmacy/select_--Select--Schedule 1Inj'

2018-05-21 12:21:52 - [TEST_STEP][PASSED] - selectOptionByIndex: All options with index in [29] are selected on object 'Object Repository/PharmacyRequest/Page_KDMC-Pharmacy/select_--Select--Albendazole'

2018-05-21 12:21:52 - [MESSAGE][PASSED] - All options with index in [29] are selected on object 'Object Repository/PharmacyRequest/Page_KDMC-Pharmacy/select_--Select--Albendazole'

2018-05-21 12:21:52 - [TEST_STEP][PASSED] - setText: Text '10' is set on object 'Object Repository/PharmacyRequest/Page_KDMC-Pharmacy/input_txttreat'

2018-05-21 12:21:53 - [MESSAGE][PASSED] - Text '10' is set on object 'Object Repository/PharmacyRequest/Page_KDMC-Pharmacy/input_txttreat'

2018-05-21 12:21:53 - [TEST_STEP][PASSED] - click: Object: 'Object Repository/PharmacyRequest/Page_KDMC-Pharmacy/button_Add' is clicked on

2018-05-21 12:21:53 - [MESSAGE][PASSED] - Object: 'Object Repository/PharmacyRequest/Page_KDMC-Pharmacy/button_Add' is clicked on

2018-05-21 12:21:53 - [TEST_STEP][PASSED] - selectOptionByIndex: All options with index in [3] are selected on object 'Object Repository/PharmacyRequest/Page_KDMC-Pharmacy/select_--Select--Schedule 1Inj'

2018-05-21 12:21:53 - [MESSAGE][PASSED] - All options with index in [3] are selected on object 'Object Repository/PharmacyRequest/Page_KDMC-Pharmacy/select_--Select--Schedule 1Inj'

2018-05-21 12:21:53 - [TEST_STEP][PASSED] - selectOptionByIndex: All options with index in [30] are selected on object 'Object Repository/PharmacyRequest/Page_KDMC-Pharmacy/select_--Select--Albendazole'

2018-05-21 12:21:53 - [MESSAGE][PASSED] - All options with index in [30] are selected on object 'Object Repository/PharmacyRequest/Page_KDMC-Pharmacy/select_--Select--Albendazole'

2018-05-21 12:21:53 - [TEST_STEP][PASSED] - setText: Text '10' is set on object 'Object Repository/PharmacyRequest/Page_KDMC-Pharmacy/input_txttreat'

2018-05-21 12:21:53 - [MESSAGE][PASSED] - Text '10' is set on object 'Object Repository/PharmacyRequest/Page_KDMC-Pharmacy/input_txttreat'

2018-05-21 12:21:53 - [TEST_STEP][PASSED] - click: Object: 'Object Repository/PharmacyRequest/Page_KDMC-Pharmacy/button_Add' is clicked on

2018-05-21 12:21:53 - [MESSAGE][PASSED] - Object: 'Object Repository/PharmacyRequest/Page_KDMC-Pharmacy/button_Add' is clicked on

2018-05-21 12:21:53 - [TEST_STEP][PASSED] - selectOptionByIndex: All options with index in [3] are selected on object 'Object Repository/PharmacyRequest/Page_KDMC-Pharmacy/select_--Select--Schedule 1Inj'

2018-05-21 12:21:53 - [MESSAGE][PASSED] - All options with index in [3] are selected on object 'Object Repository/PharmacyRequest/Page_KDMC-Pharmacy/select_--Select--Schedule 1Inj'

2018-05-21 12:21:53 - [TEST_STEP][PASSED] - selectOptionByIndex: All options with index in [31] are selected on object 'Object Repository/PharmacyRequest/Page_KDMC-Pharmacy/select_--Select--Albendazole'

2018-05-21 12:21:54 - [MESSAGE][PASSED] - All options with index in [31] are selected on object 'Object Repository/PharmacyRequest/Page_KDMC-Pharmacy/select_--Select--Albendazole'

2018-05-21 12:21:54 - [TEST_STEP][PASSED] - setText: Text '10' is set on object 'Object Repository/PharmacyRequest/Page_KDMC-Pharmacy/input_txttreat'

2018-05-21 12:21:54 - [MESSAGE][PASSED] - Text '10' is set on object 'Object Repository/PharmacyRequest/Page_KDMC-Pharmacy/input_txttreat'

2018-05-21 12:21:54 - [TEST_STEP][PASSED] - click: Object: 'Object Repository/PharmacyRequest/Page_KDMC-Pharmacy/button_Add' is clicked on

2018-05-21 12:21:54 - [MESSAGE][PASSED] - Object: 'Object Repository/PharmacyRequest/Page_KDMC-Pharmacy/button_Add' is clicked on

2018-05-21 12:21:54 - [TEST_STEP][PASSED] - selectOptionByIndex: All options with index in [3] are selected on object 'Object Repository/PharmacyRequest/Page_KDMC-Pharmacy/select_--Select--Schedule 1Inj'

2018-05-21 12:21:54 - [MESSAGE][PASSED] - All options with index in [3] are selected on object 'Object Repository/PharmacyRequest/Page_KDMC-Pharmacy/select_--Select--Schedule 1Inj'

2018-05-21 12:21:54 - [TEST_STEP][PASSED] - selectOptionByIndex: All options with index in [32] are selected on object 'Object Repository/PharmacyRequest/Page_KDMC-Pharmacy/select_--Select--Albendazole'

2018-05-21 12:21:54 - [MESSAGE][PASSED] - All options with index in [32] are selected on object 'Object Repository/PharmacyRequest/Page_KDMC-Pharmacy/select_--Select--Albendazole'

2018-05-21 12:21:54 - [TEST_STEP][PASSED] - setText: Text '10' is set on object 'Object Repository/PharmacyRequest/Page_KDMC-Pharmacy/input_txttreat'

2018-05-21 12:21:55 - [MESSAGE][PASSED] - Text '10' is set on object 'Object Repository/PharmacyRequest/Page_KDMC-Pharmacy/input_txttreat'

2018-05-21 12:21:55 - [TEST_STEP][PASSED] - click: Object: 'Object Repository/PharmacyRequest/Page_KDMC-Pharmacy/button_Add' is clicked on

2018-05-21 12:21:55 - [MESSAGE][PASSED] - Object: 'Object Repository/PharmacyRequest/Page_KDMC-Pharmacy/button_Add' is clicked on

2018-05-21 12:21:55 - [TEST_STEP][PASSED] - selectOptionByIndex: All options with index in [3] are selected on object 'Object Repository/PharmacyRequest/Page_KDMC-Pharmacy/select_--Select--Schedule 1Inj'

2018-05-21 12:21:55 - [MESSAGE][PASSED] - All options with index in [3] are selected on object 'Object Repository/PharmacyRequest/Page_KDMC-Pharmacy/select_--Select--Schedule 1Inj'

2018-05-21 12:21:55 - [TEST_STEP][PASSED] - selectOptionByIndex: All options with index in [33] are selected on object 'Object Repository/PharmacyRequest/Page_KDMC-Pharmacy/select_--Select--Albendazole'

2018-05-21 12:21:55 - [MESSAGE][PASSED] - All options with index in [33] are selected on object 'Object Repository/PharmacyRequest/Page_KDMC-Pharmacy/select_--Select--Albendazole'

2018-05-21 12:21:55 - [TEST_STEP][PASSED] - setText: Text '10' is set on object 'Object Repository/PharmacyRequest/Page_KDMC-Pharmacy/input_txttreat'

2018-05-21 12:21:55 - [MESSAGE][PASSED] - Text '10' is set on object 'Object Repository/PharmacyRequest/Page_KDMC-Pharmacy/input_txttreat'

2018-05-21 12:21:55 - [TEST_STEP][PASSED] - click: Object: 'Object Repository/PharmacyRequest/Page_KDMC-Pharmacy/button_Add' is clicked on

2018-05-21 12:21:55 - [MESSAGE][PASSED] - Object: 'Object Repository/PharmacyRequest/Page_KDMC-Pharmacy/button_Add' is clicked on

2018-05-21 12:21:55 - [TEST_STEP][PASSED] - selectOptionByIndex: All options with index in [3] are selected on object 'Object Repository/PharmacyRequest/Page_KDMC-Pharmacy/select_--Select--Schedule 1Inj'

2018-05-21 12:21:55 - [MESSAGE][PASSED] - All options with index in [3] are selected on object 'Object Repository/PharmacyRequest/Page_KDMC-Pharmacy/select_--Select--Schedule 1Inj'

2018-05-21 12:21:55 - [TEST_STEP][PASSED] - selectOptionByIndex: All options with index in [34] are selected on object 'Object Repository/PharmacyRequest/Page_KDMC-Pharmacy/select_--Select--Albendazole'

2018-05-21 12:21:56 - [MESSAGE][PASSED] - All options with index in [34] are selected on object 'Object Repository/PharmacyRequest/Page_KDMC-Pharmacy/select_--Select--Albendazole'

2018-05-21 12:21:56 - [TEST_STEP][PASSED] - setText: Text '10' is set on object 'Object Repository/PharmacyRequest/Page_KDMC-Pharmacy/input_txttreat'

2018-05-21 12:21:56 - [MESSAGE][PASSED] - Text '10' is set on object 'Object Repository/PharmacyRequest/Page_KDMC-Pharmacy/input_txttreat'

2018-05-21 12:21:56 - [TEST_STEP][PASSED] - click: Object: 'Object Repository/PharmacyRequest/Page_KDMC-Pharmacy/button_Add' is clicked on

2018-05-21 12:21:56 - [MESSAGE][PASSED] - Object: 'Object Repository/PharmacyRequest/Page_KDMC-Pharmacy/button_Add' is clicked on

2018-05-21 12:21:56 - [TEST_STEP][PASSED] - selectOptionByIndex: All options with index in [3] are selected on object 'Object Repository/PharmacyRequest/Page_KDMC-Pharmacy/select_--Select--Schedule 1Inj'

2018-05-21 12:21:56 - [MESSAGE][PASSED] - All options with index in [3] are selected on object 'Object Repository/PharmacyRequest/Page_KDMC-Pharmacy/select_--Select--Schedule 1Inj'

2018-05-21 12:21:56 - [TEST_STEP][PASSED] - selectOptionByIndex: All options with index in [35] are selected on object 'Object Repository/PharmacyRequest/Page_KDMC-Pharmacy/select_--Select--Albendazole'

2018-05-21 12:21:56 - [MESSAGE][PASSED] - All options with index in [35] are selected on object 'Object Repository/PharmacyRequest/Page_KDMC-Pharmacy/select_--Select--Albendazole'

2018-05-21 12:21:56 - [TEST_STEP][PASSED] - setText: Text '10' is set on object 'Object Repository/PharmacyRequest/Page_KDMC-Pharmacy/input_txttreat'

2018-05-21 12:21:56 - [MESSAGE][PASSED] - Text '10' is set on object 'Object Repository/PharmacyRequest/Page_KDMC-Pharmacy/input_txttreat'

2018-05-21 12:21:56 - [TEST_STEP][PASSED] - click: Object: 'Object Repository/PharmacyRequest/Page_KDMC-Pharmacy/button_Add' is clicked on

2018-05-21 12:21:56 - [MESSAGE][PASSED] - Object: 'Object Repository/PharmacyRequest/Page_KDMC-Pharmacy/button_Add' is clicked on

2018-05-21 12:21:56 - [TEST_STEP][PASSED] - selectOptionByIndex: All options with index in [3] are selected on object 'Object Repository/PharmacyRequest/Page_KDMC-Pharmacy/select_--Select--Schedule 1Inj'

2018-05-21 12:21:57 - [MESSAGE][PASSED] - All options with index in [3] are selected on object 'Object Repository/PharmacyRequest/Page_KDMC-Pharmacy/select_--Select--Schedule 1Inj'

2018-05-21 12:21:57 - [TEST_STEP][PASSED] - selectOptionByIndex: All options with index in [36] are selected on object 'Object Repository/PharmacyRequest/Page_KDMC-Pharmacy/select_--Select--Albendazole'

2018-05-21 12:21:57 - [MESSAGE][PASSED] - All options with index in [36] are selected on object 'Object Repository/PharmacyRequest/Page_KDMC-Pharmacy/select_--Select--Albendazole'

2018-05-21 12:21:57 - [TEST_STEP][PASSED] - setText: Text '10' is set on object 'Object Repository/PharmacyRequest/Page_KDMC-Pharmacy/input_txttreat'

2018-05-21 12:21:57 - [MESSAGE][PASSED] - Text '10' is set on object 'Object Repository/PharmacyRequest/Page_KDMC-Pharmacy/input_txttreat'

2018-05-21 12:21:57 - [TEST_STEP][PASSED] - click: Object: 'Object Repository/PharmacyRequest/Page_KDMC-Pharmacy/button_Add' is clicked on

2018-05-21 12:21:57 - [MESSAGE][PASSED] - Object: 'Object Repository/PharmacyRequest/Page_KDMC-Pharmacy/button_Add' is clicked on

2018-05-21 12:21:57 - [TEST_STEP][PASSED] - Statement - RN1 = com.kms.katalon.core.webui.keyword.WebUiBuiltInKeywords.getAttribute(com.kms.katalon.core.testobject.ObjectRepository.findTestObject(PharmacyRequest/Page_KDMC-Pharmacy/input_txtno), "value"): Attribute 'value' of object 'Object Repository/PharmacyRequest/Page_KDMC-Pharmacy/input_txtno' is: 'PRNO/21052018/156'

2018-05-21 12:21:57 - [MESSAGE][PASSED] - Attribute 'value' of object 'Object Repository/PharmacyRequest/Page_KDMC-Pharmacy/input_txtno' is: 'PRNO/21052018/156'

2018-05-21 12:21:57 - [TEST_STEP][PASSED] - Statement - out.println(RN1): null

2018-05-21 12:21:57 - [TEST_STEP][PASSED] - Statement - RID = RN1.split("/")[2]: null

2018-05-21 12:21:57 - [TEST_STEP][PASSED] - scrollToElement: Scroll to object 'Object Repository/PharmacyRequest/Page_KDMC-Pharmacy/input_btnsave' successfully

2018-05-21 12:21:57 - [MESSAGE][PASSED] - Scroll to object 'Object Repository/PharmacyRequest/Page_KDMC-Pharmacy/input_btnsave' successfully

2018-05-21 12:21:57 - [TEST_STEP][PASSED] - click: Object: 'Object Repository/PharmacyRequest/Page_KDMC-Pharmacy/input_btnsave' is clicked on

2018-05-21 12:21:57 - [MESSAGE][PASSED] - Object: 'Object Repository/PharmacyRequest/Page_KDMC-Pharmacy/input_btnsave' is clicked on

2018-05-21 12:21:57 - [TEST_STEP][PASSED] - delay: Delayed 3 second(s)

2018-05-21 12:22:00 - [MESSAGE][PASSED] - Delayed 3 second(s)

2018-05-21 12:22:00 - [TEST_STEP][PASSED] - click: Object: 'Object Repository/PharmacyRequest/Page_KDMC-Pharmacy/button_OK' is clicked on

2018-05-21 12:22:01 - [MESSAGE][PASSED] - Object: 'Object Repository/PharmacyRequest/Page_KDMC-Pharmacy/button_OK' is clicked on

2018-05-21 12:22:01 - [TEST_STEP][PASSED] - delay: Delayed 3 second(s)

2018-05-21 12:22:04 - [MESSAGE][PASSED] - Delayed 3 second(s)

2018-05-21 12:22:04 - [TEST_STEP][PASSED] - click: Object: 'Object Repository/PharmacyRequest/Page_KDMC-Pharmacy/a_Back to Pharmacy' is clicked on

2018-05-21 12:22:05 - [MESSAGE][PASSED] - Object: 'Object Repository/PharmacyRequest/Page_KDMC-Pharmacy/a_Back to Pharmacy' is clicked on

2018-05-21 12:22:05 - [TEST_STEP][PASSED] - delay: Delayed 3 second(s)

2018-05-21 12:22:08 - [MESSAGE][PASSED] - Delayed 3 second(s)

2018-05-21 12:22:08 - [TEST_STEP][PASSED] - click: Object: 'Object Repository/PharmacyRequest/Page_KDMC - Pharmacy/a_dropdown-toggle' is clicked on

2018-05-21 12:22:08 - [MESSAGE][PASSED] - Object: 'Object Repository/PharmacyRequest/Page_KDMC - Pharmacy/a_dropdown-toggle' is clicked on

2018-05-21 12:22:08 - [TEST_STEP][PASSED] - click: Object: 'Object Repository/PharmacyRequest/Page_KDMC - Pharmacy/a_Sign out' is clicked on

2018-05-21 12:22:09 - [MESSAGE][PASSED] - Object: 'Object Repository/PharmacyRequest/Page_KDMC - Pharmacy/a_Sign out' is clicked on

2018-05-21 12:22:09 - [TEST_STEP][PASSED] - delay: Delayed 3 second(s)

2018-05-21 12:22:12 - [MESSAGE][PASSED] - Delayed 3 second(s)

2018-05-21 12:22:12 - [TEST_STEP][PASSED] - click: Object: 'Object Repository/PharmacyRequest/Page_KDMC/a_CMO' is clicked on

2018-05-21 12:22:12 - [MESSAGE][PASSED] - Object: 'Object Repository/PharmacyRequest/Page_KDMC/a_CMO' is clicked on

2018-05-21 12:22:12 - [TEST_STEP][PASSED] - setText: Text 'guru' is set on object 'Object Repository/PharmacyRequest/Page_CMO login/input_txtusername'

2018-05-21 12:22:12 - [MESSAGE][PASSED] - Text 'guru' is set on object 'Object Repository/PharmacyRequest/Page_CMO login/input_txtusername'

2018-05-21 12:22:12 - [TEST_STEP][PASSED] - setText: Text '123' is set on object 'Object Repository/PharmacyRequest/Page_CMO login/input_txtpassword'

2018-05-21 12:22:12 - [MESSAGE][PASSED] - Text '123' is set on object 'Object Repository/PharmacyRequest/Page_CMO login/input_txtpassword'

2018-05-21 12:22:12 - [TEST_STEP][PASSED] - delay: Delayed 3 second(s)

2018-05-21 12:22:15 - [MESSAGE][PASSED] - Delayed 3 second(s)

2018-05-21 12:22:15 - [TEST_STEP][PASSED] - click: Object: 'Object Repository/PharmacyRequest/Page_CMO login/button_Sign in' is clicked on

2018-05-21 12:22:16 - [MESSAGE][PASSED] - Object: 'Object Repository/PharmacyRequest/Page_CMO login/button_Sign in' is clicked on

2018-05-21 12:22:16 - [TEST_STEP][PASSED] - click: Object: 'Object Repository/PharmacyRequest/Page_KDMC - CMO/a_Department Wise Request' is clicked on

2018-05-21 12:22:16 - [MESSAGE][PASSED] - Object: 'Object Repository/PharmacyRequest/Page_KDMC - CMO/a_Department Wise Request' is clicked on

2018-05-21 12:22:16 - [TEST_STEP][PASSED] - selectOptionByIndex: All options with index in [2] are selected on object 'Object Repository/PharmacyRequest/Page_KDMC - CMO/select_--ALL--'

2018-05-21 12:22:17 - [MESSAGE][PASSED] - All options with index in [2] are selected on object 'Object Repository/PharmacyRequest/Page_KDMC - CMO/select_--ALL--'

2018-05-21 12:22:17 - [TEST_STEP][PASSED] - selectOptionByIndex: All options with index in [1] are selected on object 'Object Repository/PharmacyRequest/Page_KDMC - CMO/select_--ALL--                _1'

2018-05-21 12:22:17 - [MESSAGE][PASSED] - All options with index in [1] are selected on object 'Object Repository/PharmacyRequest/Page_KDMC - CMO/select_--ALL--                _1'

2018-05-21 12:22:17 - [TEST_STEP][PASSED] - click: Object: 'Object Repository/PharmacyRequest/Page_KDMC - CMO/input_btnsearch' is clicked on

2018-05-21 12:22:17 - [MESSAGE][PASSED] - Object: 'Object Repository/PharmacyRequest/Page_KDMC - CMO/input_btnsearch' is clicked on

2018-05-21 12:22:17 - [TEST_STEP][PASSED] - Statement - ID = com.kms.katalon.core.webui.keyword.WebUiBuiltInKeywords.modifyObjectProperty(com.kms.katalon.core.testobject.ObjectRepository.findTestObject(PharmacyRequest/Page_KDMC - CMO/input_2), "xpath", "equals", "//*[@id=" + RID + "]", true): Modify property of object successfully

2018-05-21 12:22:17 - [MESSAGE][PASSED] - Modify property of object successfully

2018-05-21 12:22:17 - [TEST_STEP][PASSED] - click: Object: 'Object Repository/PharmacyRequest/Page_KDMC - CMO/input_2' is clicked on

2018-05-21 12:22:17 - [MESSAGE][PASSED] - Object: 'Object Repository/PharmacyRequest/Page_KDMC - CMO/input_2' is clicked on

2018-05-21 12:22:17 - [TEST_STEP][PASSED] - delay: Delayed 3 second(s)

2018-05-21 12:22:20 - [MESSAGE][PASSED] - Delayed 3 second(s)

2018-05-21 12:22:20 - [TEST_STEP][PASSED] - selectOptionByIndex: All options with index in [1] are selected on object 'Object Repository/PharmacyRequest/Page_KDMC - CMO/select_--Select--'

2018-05-21 12:22:21 - [MESSAGE][PASSED] - All options with index in [1] are selected on object 'Object Repository/PharmacyRequest/Page_KDMC - CMO/select_--Select--'

2018-05-21 12:22:21 - [TEST_STEP][PASSED] - click: Object: 'Object Repository/PharmacyRequest/Page_KDMC - CMO/input_btnupdate' is clicked on

2018-05-21 12:22:21 - [MESSAGE][PASSED] - Object: 'Object Repository/PharmacyRequest/Page_KDMC - CMO/input_btnupdate' is clicked on

2018-05-21 12:22:21 - [TEST_STEP][PASSED] - delay: Delayed 3 second(s)

2018-05-21 12:22:24 - [MESSAGE][PASSED] - Delayed 3 second(s)

2018-05-21 12:22:24 - [TEST_STEP][PASSED] - click: Object: 'Object Repository/PharmacyRequest/Page_KDMC - CMO/button_OK' is clicked on

2018-05-21 12:22:24 - [MESSAGE][PASSED] - Object: 'Object Repository/PharmacyRequest/Page_KDMC - CMO/button_OK' is clicked on

2018-05-21 12:22:24 - [TEST_STEP][PASSED] - delay: Delayed 3 second(s)

2018-05-21 12:22:27 - [MESSAGE][PASSED] - Delayed 3 second(s)

2018-05-21 12:22:27 - [TEST_STEP][PASSED] - click: Object: 'Object Repository/PharmacyRequest/Page_KDMC - CMO/a_dropdown-toggle' is clicked on

2018-05-21 12:22:27 - [MESSAGE][PASSED] - Object: 'Object Repository/PharmacyRequest/Page_KDMC - CMO/a_dropdown-toggle' is clicked on

2018-05-21 12:22:27 - [TEST_STEP][PASSED] - click: Object: 'Object Repository/PharmacyRequest/Page_KDMC - CMO/a_Sign out' is clicked on

2018-05-21 12:22:28 - [MESSAGE][PASSED] - Object: 'Object Repository/PharmacyRequest/Page_KDMC - CMO/a_Sign out' is clicked on

2018-05-21 12:22:28 - [TEST_STEP][PASSED] - delay: Delayed 3 second(s)

2018-05-21 12:22:31 - [MESSAGE][PASSED] - Delayed 3 second(s)

2018-05-21 12:22:31 - [TEST_STEP][PASSED] - click: Object: 'Object Repository/PharmacyRequest/Page_KDMC/a_Divisional Store' is clicked on

2018-05-21 12:22:31 - [MESSAGE][PASSED] - Object: 'Object Repository/PharmacyRequest/Page_KDMC/a_Divisional Store' is clicked on

2018-05-21 12:22:31 - [TEST_STEP][PASSED] - setText: Text 'ragu' is set on object 'Object Repository/PharmacyRequest/Page_Divisonal Store Login/input_txtusername'

2018-05-21 12:22:31 - [MESSAGE][PASSED] - Text 'ragu' is set on object 'Object Repository/PharmacyRequest/Page_Divisonal Store Login/input_txtusername'

2018-05-21 12:22:31 - [TEST_STEP][PASSED] - setText: Text '123' is set on object 'Object Repository/PharmacyRequest/Page_Divisonal Store Login/input_txtpassword'

2018-05-21 12:22:31 - [MESSAGE][PASSED] - Text '123' is set on object 'Object Repository/PharmacyRequest/Page_Divisonal Store Login/input_txtpassword'

2018-05-21 12:22:31 - [TEST_STEP][PASSED] - delay: Delayed 3 second(s)

2018-05-21 12:22:34 - [MESSAGE][PASSED] - Delayed 3 second(s)

2018-05-21 12:22:34 - [TEST_STEP][PASSED] - click: Object: 'Object Repository/PharmacyRequest/Page_Divisonal Store Login/button_Sign in' is clicked on

2018-05-21 12:22:35 - [MESSAGE][PASSED] - Object: 'Object Repository/PharmacyRequest/Page_Divisonal Store Login/button_Sign in' is clicked on

2018-05-21 12:22:35 - [TEST_STEP][PASSED] - delay: Delayed 3 second(s)

2018-05-21 12:22:38 - [MESSAGE][PASSED] - Delayed 3 second(s)

2018-05-21 12:22:38 - [TEST_STEP][PASSED] - click: Object: 'Object Repository/PharmacyRequest/Page_Store/a_Pharmacy Request' is clicked on

2018-05-21 12:22:38 - [MESSAGE][PASSED] - Object: 'Object Repository/PharmacyRequest/Page_Store/a_Pharmacy Request' is clicked on

2018-05-21 12:22:38 - [TEST_STEP][PASSED] - click: Object: 'Object Repository/PharmacyRequest/Page_Store/a_Request Item Pharmacy' is clicked on

2018-05-21 12:22:39 - [MESSAGE][PASSED] - Object: 'Object Repository/PharmacyRequest/Page_Store/a_Request Item Pharmacy' is clicked on

2018-05-21 12:22:39 - [TEST_STEP][PASSED] - delay: Delayed 2 second(s)

2018-05-21 12:22:41 - [MESSAGE][PASSED] - Delayed 2 second(s)

2018-05-21 12:22:41 - [TEST_STEP][PASSED] - setText: Text 'PRNO/21052018/156' is set on object 'Object Repository/PharmacyRequest/Page_Store/input'

2018-05-21 12:22:41 - [MESSAGE][PASSED] - Text 'PRNO/21052018/156' is set on object 'Object Repository/PharmacyRequest/Page_Store/input'

2018-05-21 12:22:41 - [TEST_STEP][PASSED] - delay: Delayed 2 second(s)

2018-05-21 12:22:43 - [MESSAGE][PASSED] - Delayed 2 second(s)

2018-05-21 12:22:43 - [TEST_STEP][PASSED] - Statement - ChooseRequest = com.kms.katalon.core.webui.keyword.WebUiBuiltInKeywords.modifyObjectProperty(com.kms.katalon.core.testobject.ObjectRepository.findTestObject(PharmacyRequest/Page_Store/input_2), "xpath", "equals", "//*[@id=" + RID + "]", true): Modify property of object successfully

2018-05-21 12:22:43 - [MESSAGE][PASSED] - Modify property of object successfully

2018-05-21 12:22:43 - [TEST_STEP][PASSED] - click: Object: 'Object Repository/PharmacyRequest/Page_Store/input_2' is clicked on

2018-05-21 12:22:44 - [MESSAGE][PASSED] - Object: 'Object Repository/PharmacyRequest/Page_Store/input_2' is clicked on

2018-05-21 12:22:44 - [TEST_STEP][PASSED] - delay: Delayed 2 second(s)

2018-05-21 12:22:46 - [MESSAGE][PASSED] - Delayed 2 second(s)

2018-05-21 12:22:46 - [TEST_STEP][PASSED] - Statement - selectedoptions = com.kms.katalon.core.webui.keyword.WebUiBuiltInKeywords.getNumberOfTotalOption(com.kms.katalon.core.testobject.ObjectRepository.findTestObject(PharmacyRequest/Page_Store/select_--Select--Amlodepin -5)): 37 options of object 'Object Repository/PharmacyRequest/Page_Store/select_--Select--Amlodepin -5' counted

2018-05-21 12:22:46 - [MESSAGE][PASSED] - 37 options of object 'Object Repository/PharmacyRequest/Page_Store/select_--Select--Amlodepin -5' counted

2018-05-21 12:22:46 - [TEST_STEP][PASSED] - Statement - For ([a = 1, a <= selectedoptions - 1, (a++)]): null

2018-05-21 12:22:46 - [TEST_STEP][PASSED] - selectOptionByIndex: All options with index in [1] are selected on object 'Object Repository/PharmacyRequest/Page_Store/select_--Select--Amlodepin -5'

2018-05-21 12:22:46 - [MESSAGE][PASSED] - All options with index in [1] are selected on object 'Object Repository/PharmacyRequest/Page_Store/select_--Select--Amlodepin -5'

2018-05-21 12:22:46 - [TEST_STEP][PASSED] - delay: Delayed 1 second(s)

2018-05-21 12:22:47 - [MESSAGE][PASSED] - Delayed 1 second(s)

2018-05-21 12:22:47 - [TEST_STEP][PASSED] - Statement - RequestedQty = com.kms.katalon.core.webui.keyword.WebUiBuiltInKeywords.getAttribute(com.kms.katalon.core.testobject.ObjectRepository.findTestObject(PharmacyRequest/Page_Store/input_txttotal), "value"): Attribute 'value' of object 'Object Repository/PharmacyRequest/Page_Store/input_txttotal' is: '10'

2018-05-21 12:22:47 - [MESSAGE][PASSED] - Attribute 'value' of object 'Object Repository/PharmacyRequest/Page_Store/input_txttotal' is: '10'

2018-05-21 12:22:47 - [TEST_STEP][PASSED] - Statement - out.println("Requested QTY : " + RequestedQty): null

2018-05-21 12:22:47 - [TEST_STEP][PASSED] - Statement - BatchNumber = com.kms.katalon.core.webui.keyword.WebUiBuiltInKeywords.getNumberOfTotalOption(com.kms.katalon.core.testobject.ObjectRepository.findTestObject(PharmacyRequest/Page_Store/select_--Select--BA50)): 3 options of object 'Object Repository/PharmacyRequest/Page_Store/select_--Select--BA50' counted

2018-05-21 12:22:47 - [MESSAGE][PASSED] - 3 options of object 'Object Repository/PharmacyRequest/Page_Store/select_--Select--BA50' counted

2018-05-21 12:22:47 - [TEST_STEP][PASSED] - Statement - For ([g = 1, g <= BatchNumber - 1, (g++)]): null

2018-05-21 12:22:47 - [TEST_STEP][PASSED] - selectOptionByIndex: All options with index in [1] are selected on object 'Object Repository/PharmacyRequest/Page_Store/select_--Select--BA50'

2018-05-21 12:22:47 - [MESSAGE][PASSED] - All options with index in [1] are selected on object 'Object Repository/PharmacyRequest/Page_Store/select_--Select--BA50'

2018-05-21 12:22:47 - [TEST_STEP][PASSED] - delay: Delayed 1 second(s)

2018-05-21 12:22:48 - [MESSAGE][PASSED] - Delayed 1 second(s)

2018-05-21 12:22:48 - [TEST_STEP][PASSED] - Statement - StockQty = com.kms.katalon.core.webui.keyword.WebUiBuiltInKeywords.getAttribute(com.kms.katalon.core.testobject.ObjectRepository.findTestObject(PharmacyRequest/Page_Store/input_txtprice), "value"): Attribute 'value' of object 'Object Repository/PharmacyRequest/Page_Store/input_txtprice' is: '880'

2018-05-21 12:22:48 - [MESSAGE][PASSED] - Attribute 'value' of object 'Object Repository/PharmacyRequest/Page_Store/input_txtprice' is: '880'

2018-05-21 12:22:48 - [TEST_STEP][PASSED] - Statement - out.println("Stock QTY : " + StockQty): null

2018-05-21 12:22:48 - [TEST_STEP][PASSED] - delay: Delayed 1 second(s)

2018-05-21 12:22:49 - [MESSAGE][PASSED] - Delayed 1 second(s)

2018-05-21 12:22:49 - [TEST_STEP][PASSED] - Statement - If (java.lang.Integer.valueOf(StockQty) >= java.lang.Integer.valueOf(RequestedQty)): null

2018-05-21 12:22:49 - [TEST_STEP][PASSED] - setText: Text '10' is set on object 'Object Repository/PharmacyRequest/Page_Store/input_txtqty'

2018-05-21 12:22:50 - [MESSAGE][PASSED] - Text '10' is set on object 'Object Repository/PharmacyRequest/Page_Store/input_txtqty'

2018-05-21 12:22:50 - [TEST_STEP][PASSED] - click: Object: 'Object Repository/PharmacyRequest/Page_Store/button_Add' is clicked on

2018-05-21 12:22:50 - [MESSAGE][PASSED] - Object: 'Object Repository/PharmacyRequest/Page_Store/button_Add' is clicked on

2018-05-21 12:22:50 - [TEST_STEP][PASSED] - Statement - Break: null

2018-05-21 12:22:50 - [TEST_STEP][PASSED] - selectOptionByIndex: All options with index in [2] are selected on object 'Object Repository/PharmacyRequest/Page_Store/select_--Select--Amlodepin -5'

2018-05-21 12:22:50 - [MESSAGE][PASSED] - All options with index in [2] are selected on object 'Object Repository/PharmacyRequest/Page_Store/select_--Select--Amlodepin -5'

2018-05-21 12:22:50 - [TEST_STEP][PASSED] - delay: Delayed 1 second(s)

2018-05-21 12:22:51 - [MESSAGE][PASSED] - Delayed 1 second(s)

2018-05-21 12:22:51 - [TEST_STEP][PASSED] - Statement - RequestedQty = com.kms.katalon.core.webui.keyword.WebUiBuiltInKeywords.getAttribute(com.kms.katalon.core.testobject.ObjectRepository.findTestObject(PharmacyRequest/Page_Store/input_txttotal), "value"): Attribute 'value' of object 'Object Repository/PharmacyRequest/Page_Store/input_txttotal' is: '10'

2018-05-21 12:22:51 - [MESSAGE][PASSED] - Attribute 'value' of object 'Object Repository/PharmacyRequest/Page_Store/input_txttotal' is: '10'

2018-05-21 12:22:51 - [TEST_STEP][PASSED] - Statement - out.println("Requested QTY : " + RequestedQty): null

2018-05-21 12:22:51 - [TEST_STEP][PASSED] - Statement - BatchNumber = com.kms.katalon.core.webui.keyword.WebUiBuiltInKeywords.getNumberOfTotalOption(com.kms.katalon.core.testobject.ObjectRepository.findTestObject(PharmacyRequest/Page_Store/select_--Select--BA50)): 3 options of object 'Object Repository/PharmacyRequest/Page_Store/select_--Select--BA50' counted

2018-05-21 12:22:51 - [MESSAGE][PASSED] - 3 options of object 'Object Repository/PharmacyRequest/Page_Store/select_--Select--BA50' counted

2018-05-21 12:22:51 - [TEST_STEP][PASSED] - Statement - For ([g = 1, g <= BatchNumber - 1, (g++)]): null

2018-05-21 12:22:51 - [TEST_STEP][PASSED] - selectOptionByIndex: All options with index in [1] are selected on object 'Object Repository/PharmacyRequest/Page_Store/select_--Select--BA50'

2018-05-21 12:22:51 - [MESSAGE][PASSED] - All options with index in [1] are selected on object 'Object Repository/PharmacyRequest/Page_Store/select_--Select--BA50'

2018-05-21 12:22:51 - [TEST_STEP][PASSED] - delay: Delayed 1 second(s)

2018-05-21 12:22:52 - [MESSAGE][PASSED] - Delayed 1 second(s)

2018-05-21 12:22:52 - [TEST_STEP][PASSED] - Statement - StockQty = com.kms.katalon.core.webui.keyword.WebUiBuiltInKeywords.getAttribute(com.kms.katalon.core.testobject.ObjectRepository.findTestObject(PharmacyRequest/Page_Store/input_txtprice), "value"): Attribute 'value' of object 'Object Repository/PharmacyRequest/Page_Store/input_txtprice' is: '880'

2018-05-21 12:22:52 - [MESSAGE][PASSED] - Attribute 'value' of object 'Object Repository/PharmacyRequest/Page_Store/input_txtprice' is: '880'

2018-05-21 12:22:52 - [TEST_STEP][PASSED] - Statement - out.println("Stock QTY : " + StockQty): null

2018-05-21 12:22:52 - [TEST_STEP][PASSED] - delay: Delayed 1 second(s)

2018-05-21 12:22:53 - [MESSAGE][PASSED] - Delayed 1 second(s)

2018-05-21 12:22:53 - [TEST_STEP][PASSED] - Statement - If (java.lang.Integer.valueOf(StockQty) >= java.lang.Integer.valueOf(RequestedQty)): null

2018-05-21 12:22:53 - [TEST_STEP][PASSED] - setText: Text '10' is set on object 'Object Repository/PharmacyRequest/Page_Store/input_txtqty'

2018-05-21 12:22:53 - [MESSAGE][PASSED] - Text '10' is set on object 'Object Repository/PharmacyRequest/Page_Store/input_txtqty'

2018-05-21 12:22:53 - [TEST_STEP][PASSED] - click: Object: 'Object Repository/PharmacyRequest/Page_Store/button_Add' is clicked on

2018-05-21 12:22:53 - [MESSAGE][PASSED] - Object: 'Object Repository/PharmacyRequest/Page_Store/button_Add' is clicked on

2018-05-21 12:22:53 - [TEST_STEP][PASSED] - Statement - Break: null

2018-05-21 12:22:53 - [TEST_STEP][PASSED] - selectOptionByIndex: All options with index in [3] are selected on object 'Object Repository/PharmacyRequest/Page_Store/select_--Select--Amlodepin -5'

2018-05-21 12:22:53 - [MESSAGE][PASSED] - All options with index in [3] are selected on object 'Object Repository/PharmacyRequest/Page_Store/select_--Select--Amlodepin -5'

2018-05-21 12:22:53 - [TEST_STEP][PASSED] - delay: Delayed 1 second(s)

2018-05-21 12:22:54 - [MESSAGE][PASSED] - Delayed 1 second(s)

2018-05-21 12:22:54 - [TEST_STEP][PASSED] - Statement - RequestedQty = com.kms.katalon.core.webui.keyword.WebUiBuiltInKeywords.getAttribute(com.kms.katalon.core.testobject.ObjectRepository.findTestObject(PharmacyRequest/Page_Store/input_txttotal), "value"): Attribute 'value' of object 'Object Repository/PharmacyRequest/Page_Store/input_txttotal' is: '10'

2018-05-21 12:22:54 - [MESSAGE][PASSED] - Attribute 'value' of object 'Object Repository/PharmacyRequest/Page_Store/input_txttotal' is: '10'

2018-05-21 12:22:54 - [TEST_STEP][PASSED] - Statement - out.println("Requested QTY : " + RequestedQty): null

2018-05-21 12:22:54 - [TEST_STEP][PASSED] - Statement - BatchNumber = com.kms.katalon.core.webui.keyword.WebUiBuiltInKeywords.getNumberOfTotalOption(com.kms.katalon.core.testobject.ObjectRepository.findTestObject(PharmacyRequest/Page_Store/select_--Select--BA50)): 2 options of object 'Object Repository/PharmacyRequest/Page_Store/select_--Select--BA50' counted

2018-05-21 12:22:55 - [MESSAGE][PASSED] - 2 options of object 'Object Repository/PharmacyRequest/Page_Store/select_--Select--BA50' counted

2018-05-21 12:22:55 - [TEST_STEP][PASSED] - Statement - For ([g = 1, g <= BatchNumber - 1, (g++)]): null

2018-05-21 12:22:55 - [TEST_STEP][PASSED] - selectOptionByIndex: All options with index in [1] are selected on object 'Object Repository/PharmacyRequest/Page_Store/select_--Select--BA50'

2018-05-21 12:22:55 - [MESSAGE][PASSED] - All options with index in [1] are selected on object 'Object Repository/PharmacyRequest/Page_Store/select_--Select--BA50'

2018-05-21 12:22:55 - [TEST_STEP][PASSED] - delay: Delayed 1 second(s)

2018-05-21 12:22:56 - [MESSAGE][PASSED] - Delayed 1 second(s)

2018-05-21 12:22:56 - [TEST_STEP][PASSED] - Statement - StockQty = com.kms.katalon.core.webui.keyword.WebUiBuiltInKeywords.getAttribute(com.kms.katalon.core.testobject.ObjectRepository.findTestObject(PharmacyRequest/Page_Store/input_txtprice), "value"): Attribute 'value' of object 'Object Repository/PharmacyRequest/Page_Store/input_txtprice' is: '960'

2018-05-21 12:22:56 - [MESSAGE][PASSED] - Attribute 'value' of object 'Object Repository/PharmacyRequest/Page_Store/input_txtprice' is: '960'

2018-05-21 12:22:56 - [TEST_STEP][PASSED] - Statement - out.println("Stock QTY : " + StockQty): null

2018-05-21 12:22:56 - [TEST_STEP][PASSED] - delay: Delayed 1 second(s)

2018-05-21 12:22:57 - [MESSAGE][PASSED] - Delayed 1 second(s)

2018-05-21 12:22:57 - [TEST_STEP][PASSED] - Statement - If (java.lang.Integer.valueOf(StockQty) >= java.lang.Integer.valueOf(RequestedQty)): null

2018-05-21 12:22:57 - [TEST_STEP][PASSED] - setText: Text '10' is set on object 'Object Repository/PharmacyRequest/Page_Store/input_txtqty'

2018-05-21 12:22:57 - [MESSAGE][PASSED] - Text '10' is set on object 'Object Repository/PharmacyRequest/Page_Store/input_txtqty'

2018-05-21 12:22:57 - [TEST_STEP][PASSED] - click: Object: 'Object Repository/PharmacyRequest/Page_Store/button_Add' is clicked on

2018-05-21 12:22:57 - [MESSAGE][PASSED] - Object: 'Object Repository/PharmacyRequest/Page_Store/button_Add' is clicked on

2018-05-21 12:22:57 - [TEST_STEP][PASSED] - Statement - Break: null

2018-05-21 12:22:57 - [TEST_STEP][PASSED] - selectOptionByIndex: All options with index in [4] are selected on object 'Object Repository/PharmacyRequest/Page_Store/select_--Select--Amlodepin -5'

2018-05-21 12:22:57 - [MESSAGE][PASSED] - All options with index in [4] are selected on object 'Object Repository/PharmacyRequest/Page_Store/select_--Select--Amlodepin -5'

2018-05-21 12:22:57 - [TEST_STEP][PASSED] - delay: Delayed 1 second(s)

2018-05-21 12:22:58 - [MESSAGE][PASSED] - Delayed 1 second(s)

2018-05-21 12:22:58 - [TEST_STEP][PASSED] - Statement - RequestedQty = com.kms.katalon.core.webui.keyword.WebUiBuiltInKeywords.getAttribute(com.kms.katalon.core.testobject.ObjectRepository.findTestObject(PharmacyRequest/Page_Store/input_txttotal), "value"): Attribute 'value' of object 'Object Repository/PharmacyRequest/Page_Store/input_txttotal' is: '10'

2018-05-21 12:22:58 - [MESSAGE][PASSED] - Attribute 'value' of object 'Object Repository/PharmacyRequest/Page_Store/input_txttotal' is: '10'

2018-05-21 12:22:58 - [TEST_STEP][PASSED] - Statement - out.println("Requested QTY : " + RequestedQty): null

2018-05-21 12:22:58 - [TEST_STEP][PASSED] - Statement - BatchNumber = com.kms.katalon.core.webui.keyword.WebUiBuiltInKeywords.getNumberOfTotalOption(com.kms.katalon.core.testobject.ObjectRepository.findTestObject(PharmacyRequest/Page_Store/select_--Select--BA50)): 2 options of object 'Object Repository/PharmacyRequest/Page_Store/select_--Select--BA50' counted

2018-05-21 12:22:58 - [MESSAGE][PASSED] - 2 options of object 'Object Repository/PharmacyRequest/Page_Store/select_--Select--BA50' counted

2018-05-21 12:22:58 - [TEST_STEP][PASSED] - Statement - For ([g = 1, g <= BatchNumber - 1, (g++)]): null

2018-05-21 12:22:58 - [TEST_STEP][PASSED] - selectOptionByIndex: All options with index in [1] are selected on object 'Object Repository/PharmacyRequest/Page_Store/select_--Select--BA50'

2018-05-21 12:22:58 - [MESSAGE][PASSED] - All options with index in [1] are selected on object 'Object Repository/PharmacyRequest/Page_Store/select_--Select--BA50'

2018-05-21 12:22:58 - [TEST_STEP][PASSED] - delay: Delayed 1 second(s)

2018-05-21 12:22:59 - [MESSAGE][PASSED] - Delayed 1 second(s)

2018-05-21 12:22:59 - [TEST_STEP][PASSED] - Statement - StockQty = com.kms.katalon.core.webui.keyword.WebUiBuiltInKeywords.getAttribute(com.kms.katalon.core.testobject.ObjectRepository.findTestObject(PharmacyRequest/Page_Store/input_txtprice), "value"): Attribute 'value' of object 'Object Repository/PharmacyRequest/Page_Store/input_txtprice' is: '966'

2018-05-21 12:22:59 - [MESSAGE][PASSED] - Attribute 'value' of object 'Object Repository/PharmacyRequest/Page_Store/input_txtprice' is: '966'

2018-05-21 12:22:59 - [TEST_STEP][PASSED] - Statement - out.println("Stock QTY : " + StockQty): null

2018-05-21 12:22:59 - [TEST_STEP][PASSED] - delay: Delayed 1 second(s)

2018-05-21 12:23:00 - [MESSAGE][PASSED] - Delayed 1 second(s)

2018-05-21 12:23:00 - [TEST_STEP][PASSED] - Statement - If (java.lang.Integer.valueOf(StockQty) >= java.lang.Integer.valueOf(RequestedQty)): null

2018-05-21 12:23:00 - [TEST_STEP][PASSED] - setText: Text '10' is set on object 'Object Repository/PharmacyRequest/Page_Store/input_txtqty'

2018-05-21 12:23:00 - [MESSAGE][PASSED] - Text '10' is set on object 'Object Repository/PharmacyRequest/Page_Store/input_txtqty'

2018-05-21 12:23:00 - [TEST_STEP][PASSED] - click: Object: 'Object Repository/PharmacyRequest/Page_Store/button_Add' is clicked on

2018-05-21 12:23:00 - [MESSAGE][PASSED] - Object: 'Object Repository/PharmacyRequest/Page_Store/button_Add' is clicked on

2018-05-21 12:23:00 - [TEST_STEP][PASSED] - Statement - Break: null

2018-05-21 12:23:00 - [TEST_STEP][PASSED] - selectOptionByIndex: All options with index in [5] are selected on object 'Object Repository/PharmacyRequest/Page_Store/select_--Select--Amlodepin -5'

2018-05-21 12:23:01 - [MESSAGE][PASSED] - All options with index in [5] are selected on object 'Object Repository/PharmacyRequest/Page_Store/select_--Select--Amlodepin -5'

2018-05-21 12:23:01 - [TEST_STEP][PASSED] - delay: Delayed 1 second(s)

2018-05-21 12:23:02 - [MESSAGE][PASSED] - Delayed 1 second(s)

2018-05-21 12:23:02 - [TEST_STEP][PASSED] - Statement - RequestedQty = com.kms.katalon.core.webui.keyword.WebUiBuiltInKeywords.getAttribute(com.kms.katalon.core.testobject.ObjectRepository.findTestObject(PharmacyRequest/Page_Store/input_txttotal), "value"): Attribute 'value' of object 'Object Repository/PharmacyRequest/Page_Store/input_txttotal' is: '10'

2018-05-21 12:23:02 - [MESSAGE][PASSED] - Attribute 'value' of object 'Object Repository/PharmacyRequest/Page_Store/input_txttotal' is: '10'

2018-05-21 12:23:02 - [TEST_STEP][PASSED] - Statement - out.println("Requested QTY : " + RequestedQty): null

2018-05-21 12:23:02 - [TEST_STEP][PASSED] - Statement - BatchNumber = com.kms.katalon.core.webui.keyword.WebUiBuiltInKeywords.getNumberOfTotalOption(com.kms.katalon.core.testobject.ObjectRepository.findTestObject(PharmacyRequest/Page_Store/select_--Select--BA50)): 2 options of object 'Object Repository/PharmacyRequest/Page_Store/select_--Select--BA50' counted

2018-05-21 12:23:02 - [MESSAGE][PASSED] - 2 options of object 'Object Repository/PharmacyRequest/Page_Store/select_--Select--BA50' counted

2018-05-21 12:23:02 - [TEST_STEP][PASSED] - Statement - For ([g = 1, g <= BatchNumber - 1, (g++)]): null

2018-05-21 12:23:02 - [TEST_STEP][PASSED] - selectOptionByIndex: All options with index in [1] are selected on object 'Object Repository/PharmacyRequest/Page_Store/select_--Select--BA50'

2018-05-21 12:23:02 - [MESSAGE][PASSED] - All options with index in [1] are selected on object 'Object Repository/PharmacyRequest/Page_Store/select_--Select--BA50'

2018-05-21 12:23:02 - [TEST_STEP][PASSED] - delay: Delayed 1 second(s)

2018-05-21 12:23:03 - [MESSAGE][PASSED] - Delayed 1 second(s)

2018-05-21 12:23:03 - [TEST_STEP][PASSED] - Statement - StockQty = com.kms.katalon.core.webui.keyword.WebUiBuiltInKeywords.getAttribute(com.kms.katalon.core.testobject.ObjectRepository.findTestObject(PharmacyRequest/Page_Store/input_txtprice), "value"): Attribute 'value' of object 'Object Repository/PharmacyRequest/Page_Store/input_txtprice' is: '1020'

2018-05-21 12:23:03 - [MESSAGE][PASSED] - Attribute 'value' of object 'Object Repository/PharmacyRequest/Page_Store/input_txtprice' is: '1020'

2018-05-21 12:23:03 - [TEST_STEP][PASSED] - Statement - out.println("Stock QTY : " + StockQty): null

2018-05-21 12:23:03 - [TEST_STEP][PASSED] - delay: Delayed 1 second(s)

2018-05-21 12:23:04 - [MESSAGE][PASSED] - Delayed 1 second(s)

2018-05-21 12:23:04 - [TEST_STEP][PASSED] - Statement - If (java.lang.Integer.valueOf(StockQty) >= java.lang.Integer.valueOf(RequestedQty)): null

2018-05-21 12:23:04 - [TEST_STEP][PASSED] - setText: Text '10' is set on object 'Object Repository/PharmacyRequest/Page_Store/input_txtqty'

2018-05-21 12:23:04 - [MESSAGE][PASSED] - Text '10' is set on object 'Object Repository/PharmacyRequest/Page_Store/input_txtqty'

2018-05-21 12:23:04 - [TEST_STEP][PASSED] - click: Object: 'Object Repository/PharmacyRequest/Page_Store/button_Add' is clicked on

2018-05-21 12:23:04 - [MESSAGE][PASSED] - Object: 'Object Repository/PharmacyRequest/Page_Store/button_Add' is clicked on

2018-05-21 12:23:04 - [TEST_STEP][PASSED] - Statement - Break: null

2018-05-21 12:23:04 - [TEST_STEP][PASSED] - selectOptionByIndex: All options with index in [6] are selected on object 'Object Repository/PharmacyRequest/Page_Store/select_--Select--Amlodepin -5'

2018-05-21 12:23:04 - [MESSAGE][PASSED] - All options with index in [6] are selected on object 'Object Repository/PharmacyRequest/Page_Store/select_--Select--Amlodepin -5'

2018-05-21 12:23:04 - [TEST_STEP][PASSED] - delay: Delayed 1 second(s)

2018-05-21 12:23:05 - [MESSAGE][PASSED] - Delayed 1 second(s)

2018-05-21 12:23:05 - [TEST_STEP][PASSED] - Statement - RequestedQty = com.kms.katalon.core.webui.keyword.WebUiBuiltInKeywords.getAttribute(com.kms.katalon.core.testobject.ObjectRepository.findTestObject(PharmacyRequest/Page_Store/input_txttotal), "value"): Attribute 'value' of object 'Object Repository/PharmacyRequest/Page_Store/input_txttotal' is: '10'

2018-05-21 12:23:05 - [MESSAGE][PASSED] - Attribute 'value' of object 'Object Repository/PharmacyRequest/Page_Store/input_txttotal' is: '10'

2018-05-21 12:23:05 - [TEST_STEP][PASSED] - Statement - out.println("Requested QTY : " + RequestedQty): null

2018-05-21 12:23:05 - [TEST_STEP][PASSED] - Statement - BatchNumber = com.kms.katalon.core.webui.keyword.WebUiBuiltInKeywords.getNumberOfTotalOption(com.kms.katalon.core.testobject.ObjectRepository.findTestObject(PharmacyRequest/Page_Store/select_--Select--BA50)): 3 options of object 'Object Repository/PharmacyRequest/Page_Store/select_--Select--BA50' counted

2018-05-21 12:23:05 - [MESSAGE][PASSED] - 3 options of object 'Object Repository/PharmacyRequest/Page_Store/select_--Select--BA50' counted

2018-05-21 12:23:05 - [TEST_STEP][PASSED] - Statement - For ([g = 1, g <= BatchNumber - 1, (g++)]): null

2018-05-21 12:23:05 - [TEST_STEP][PASSED] - selectOptionByIndex: All options with index in [1] are selected on object 'Object Repository/PharmacyRequest/Page_Store/select_--Select--BA50'

2018-05-21 12:23:06 - [MESSAGE][PASSED] - All options with index in [1] are selected on object 'Object Repository/PharmacyRequest/Page_Store/select_--Select--BA50'

2018-05-21 12:23:06 - [TEST_STEP][PASSED] - delay: Delayed 1 second(s)

2018-05-21 12:23:07 - [MESSAGE][PASSED] - Delayed 1 second(s)

2018-05-21 12:23:07 - [TEST_STEP][PASSED] - Statement - StockQty = com.kms.katalon.core.webui.keyword.WebUiBuiltInKeywords.getAttribute(com.kms.katalon.core.testobject.ObjectRepository.findTestObject(PharmacyRequest/Page_Store/input_txtprice), "value"): Attribute 'value' of object 'Object Repository/PharmacyRequest/Page_Store/input_txtprice' is: '920'

2018-05-21 12:23:07 - [MESSAGE][PASSED] - Attribute 'value' of object 'Object Repository/PharmacyRequest/Page_Store/input_txtprice' is: '920'

2018-05-21 12:23:07 - [TEST_STEP][PASSED] - Statement - out.println("Stock QTY : " + StockQty): null

2018-05-21 12:23:07 - [TEST_STEP][PASSED] - delay: Delayed 1 second(s)

2018-05-21 12:23:08 - [MESSAGE][PASSED] - Delayed 1 second(s)

2018-05-21 12:23:08 - [TEST_STEP][PASSED] - Statement - If (java.lang.Integer.valueOf(StockQty) >= java.lang.Integer.valueOf(RequestedQty)): null

2018-05-21 12:23:08 - [TEST_STEP][PASSED] - setText: Text '10' is set on object 'Object Repository/PharmacyRequest/Page_Store/input_txtqty'

2018-05-21 12:23:08 - [MESSAGE][PASSED] - Text '10' is set on object 'Object Repository/PharmacyRequest/Page_Store/input_txtqty'

2018-05-21 12:23:08 - [TEST_STEP][PASSED] - click: Object: 'Object Repository/PharmacyRequest/Page_Store/button_Add' is clicked on

2018-05-21 12:23:08 - [MESSAGE][PASSED] - Object: 'Object Repository/PharmacyRequest/Page_Store/button_Add' is clicked on

2018-05-21 12:23:08 - [TEST_STEP][PASSED] - Statement - Break: null

2018-05-21 12:23:08 - [TEST_STEP][PASSED] - selectOptionByIndex: All options with index in [7] are selected on object 'Object Repository/PharmacyRequest/Page_Store/select_--Select--Amlodepin -5'

2018-05-21 12:23:08 - [MESSAGE][PASSED] - All options with index in [7] are selected on object 'Object Repository/PharmacyRequest/Page_Store/select_--Select--Amlodepin -5'

2018-05-21 12:23:08 - [TEST_STEP][PASSED] - delay: Delayed 1 second(s)

2018-05-21 12:23:09 - [MESSAGE][PASSED] - Delayed 1 second(s)

2018-05-21 12:23:09 - [TEST_STEP][PASSED] - Statement - RequestedQty = com.kms.katalon.core.webui.keyword.WebUiBuiltInKeywords.getAttribute(com.kms.katalon.core.testobject.ObjectRepository.findTestObject(PharmacyRequest/Page_Store/input_txttotal), "value"): Attribute 'value' of object 'Object Repository/PharmacyRequest/Page_Store/input_txttotal' is: '10'

2018-05-21 12:23:09 - [MESSAGE][PASSED] - Attribute 'value' of object 'Object Repository/PharmacyRequest/Page_Store/input_txttotal' is: '10'

2018-05-21 12:23:09 - [TEST_STEP][PASSED] - Statement - out.println("Requested QTY : " + RequestedQty): null

2018-05-21 12:23:09 - [TEST_STEP][PASSED] - Statement - BatchNumber = com.kms.katalon.core.webui.keyword.WebUiBuiltInKeywords.getNumberOfTotalOption(com.kms.katalon.core.testobject.ObjectRepository.findTestObject(PharmacyRequest/Page_Store/select_--Select--BA50)): 3 options of object 'Object Repository/PharmacyRequest/Page_Store/select_--Select--BA50' counted

2018-05-21 12:23:09 - [MESSAGE][PASSED] - 3 options of object 'Object Repository/PharmacyRequest/Page_Store/select_--Select--BA50' counted

2018-05-21 12:23:09 - [TEST_STEP][PASSED] - Statement - For ([g = 1, g <= BatchNumber - 1, (g++)]): null

2018-05-21 12:23:09 - [TEST_STEP][PASSED] - selectOptionByIndex: All options with index in [1] are selected on object 'Object Repository/PharmacyRequest/Page_Store/select_--Select--BA50'

2018-05-21 12:23:09 - [MESSAGE][PASSED] - All options with index in [1] are selected on object 'Object Repository/PharmacyRequest/Page_Store/select_--Select--BA50'

2018-05-21 12:23:09 - [TEST_STEP][PASSED] - delay: Delayed 1 second(s)

2018-05-21 12:23:10 - [MESSAGE][PASSED] - Delayed 1 second(s)

2018-05-21 12:23:10 - [TEST_STEP][PASSED] - Statement - StockQty = com.kms.katalon.core.webui.keyword.WebUiBuiltInKeywords.getAttribute(com.kms.katalon.core.testobject.ObjectRepository.findTestObject(PharmacyRequest/Page_Store/input_txtprice), "value"): Attribute 'value' of object 'Object Repository/PharmacyRequest/Page_Store/input_txtprice' is: '920'

2018-05-21 12:23:10 - [MESSAGE][PASSED] - Attribute 'value' of object 'Object Repository/PharmacyRequest/Page_Store/input_txtprice' is: '920'

2018-05-21 12:23:10 - [TEST_STEP][PASSED] - Statement - out.println("Stock QTY : " + StockQty): null

2018-05-21 12:23:10 - [TEST_STEP][PASSED] - delay: Delayed 1 second(s)

2018-05-21 12:23:11 - [MESSAGE][PASSED] - Delayed 1 second(s)

2018-05-21 12:23:11 - [TEST_STEP][PASSED] - Statement - If (java.lang.Integer.valueOf(StockQty) >= java.lang.Integer.valueOf(RequestedQty)): null

2018-05-21 12:23:11 - [TEST_STEP][PASSED] - setText: Text '10' is set on object 'Object Repository/PharmacyRequest/Page_Store/input_txtqty'

2018-05-21 12:23:11 - [MESSAGE][PASSED] - Text '10' is set on object 'Object Repository/PharmacyRequest/Page_Store/input_txtqty'

2018-05-21 12:23:11 - [TEST_STEP][PASSED] - click: Object: 'Object Repository/PharmacyRequest/Page_Store/button_Add' is clicked on

2018-05-21 12:23:11 - [MESSAGE][PASSED] - Object: 'Object Repository/PharmacyRequest/Page_Store/button_Add' is clicked on

2018-05-21 12:23:11 - [TEST_STEP][PASSED] - Statement - Break: null

2018-05-21 12:23:11 - [TEST_STEP][PASSED] - selectOptionByIndex: All options with index in [8] are selected on object 'Object Repository/PharmacyRequest/Page_Store/select_--Select--Amlodepin -5'

2018-05-21 12:23:12 - [MESSAGE][PASSED] - All options with index in [8] are selected on object 'Object Repository/PharmacyRequest/Page_Store/select_--Select--Amlodepin -5'

2018-05-21 12:23:12 - [TEST_STEP][PASSED] - delay: Delayed 1 second(s)

2018-05-21 12:23:13 - [MESSAGE][PASSED] - Delayed 1 second(s)

2018-05-21 12:23:13 - [TEST_STEP][PASSED] - Statement - RequestedQty = com.kms.katalon.core.webui.keyword.WebUiBuiltInKeywords.getAttribute(com.kms.katalon.core.testobject.ObjectRepository.findTestObject(PharmacyRequest/Page_Store/input_txttotal), "value"): Attribute 'value' of object 'Object Repository/PharmacyRequest/Page_Store/input_txttotal' is: '10'

2018-05-21 12:23:13 - [MESSAGE][PASSED] - Attribute 'value' of object 'Object Repository/PharmacyRequest/Page_Store/input_txttotal' is: '10'

2018-05-21 12:23:13 - [TEST_STEP][PASSED] - Statement - out.println("Requested QTY : " + RequestedQty): null

2018-05-21 12:23:13 - [TEST_STEP][PASSED] - Statement - BatchNumber = com.kms.katalon.core.webui.keyword.WebUiBuiltInKeywords.getNumberOfTotalOption(com.kms.katalon.core.testobject.ObjectRepository.findTestObject(PharmacyRequest/Page_Store/select_--Select--BA50)): 2 options of object 'Object Repository/PharmacyRequest/Page_Store/select_--Select--BA50' counted

2018-05-21 12:23:13 - [MESSAGE][PASSED] - 2 options of object 'Object Repository/PharmacyRequest/Page_Store/select_--Select--BA50' counted

2018-05-21 12:23:13 - [TEST_STEP][PASSED] - Statement - For ([g = 1, g <= BatchNumber - 1, (g++)]): null

2018-05-21 12:23:13 - [TEST_STEP][PASSED] - selectOptionByIndex: All options with index in [1] are selected on object 'Object Repository/PharmacyRequest/Page_Store/select_--Select--BA50'

2018-05-21 12:23:13 - [MESSAGE][PASSED] - All options with index in [1] are selected on object 'Object Repository/PharmacyRequest/Page_Store/select_--Select--BA50'

2018-05-21 12:23:13 - [TEST_STEP][PASSED] - delay: Delayed 1 second(s)

2018-05-21 12:23:14 - [MESSAGE][PASSED] - Delayed 1 second(s)

2018-05-21 12:23:14 - [TEST_STEP][PASSED] - Statement - StockQty = com.kms.katalon.core.webui.keyword.WebUiBuiltInKeywords.getAttribute(com.kms.katalon.core.testobject.ObjectRepository.findTestObject(PharmacyRequest/Page_Store/input_txtprice), "value"): Attribute 'value' of object 'Object Repository/PharmacyRequest/Page_Store/input_txtprice' is: '1020'

2018-05-21 12:23:14 - [MESSAGE][PASSED] - Attribute 'value' of object 'Object Repository/PharmacyRequest/Page_Store/input_txtprice' is: '1020'

2018-05-21 12:23:14 - [TEST_STEP][PASSED] - Statement - out.println("Stock QTY : " + StockQty): null

2018-05-21 12:23:14 - [TEST_STEP][PASSED] - delay: Delayed 1 second(s)

2018-05-21 12:23:15 - [MESSAGE][PASSED] - Delayed 1 second(s)

2018-05-21 12:23:15 - [TEST_STEP][PASSED] - Statement - If (java.lang.Integer.valueOf(StockQty) >= java.lang.Integer.valueOf(RequestedQty)): null

2018-05-21 12:23:15 - [TEST_STEP][PASSED] - setText: Text '10' is set on object 'Object Repository/PharmacyRequest/Page_Store/input_txtqty'

2018-05-21 12:23:15 - [MESSAGE][PASSED] - Text '10' is set on object 'Object Repository/PharmacyRequest/Page_Store/input_txtqty'

2018-05-21 12:23:15 - [TEST_STEP][PASSED] - click: Object: 'Object Repository/PharmacyRequest/Page_Store/button_Add' is clicked on

2018-05-21 12:23:15 - [MESSAGE][PASSED] - Object: 'Object Repository/PharmacyRequest/Page_Store/button_Add' is clicked on

2018-05-21 12:23:15 - [TEST_STEP][PASSED] - Statement - Break: null

2018-05-21 12:23:15 - [TEST_STEP][PASSED] - selectOptionByIndex: All options with index in [9] are selected on object 'Object Repository/PharmacyRequest/Page_Store/select_--Select--Amlodepin -5'

2018-05-21 12:23:15 - [MESSAGE][PASSED] - All options with index in [9] are selected on object 'Object Repository/PharmacyRequest/Page_Store/select_--Select--Amlodepin -5'

2018-05-21 12:23:15 - [TEST_STEP][PASSED] - delay: Delayed 1 second(s)

2018-05-21 12:23:16 - [MESSAGE][PASSED] - Delayed 1 second(s)

2018-05-21 12:23:16 - [TEST_STEP][PASSED] - Statement - RequestedQty = com.kms.katalon.core.webui.keyword.WebUiBuiltInKeywords.getAttribute(com.kms.katalon.core.testobject.ObjectRepository.findTestObject(PharmacyRequest/Page_Store/input_txttotal), "value"): Attribute 'value' of object 'Object Repository/PharmacyRequest/Page_Store/input_txttotal' is: '10'

2018-05-21 12:23:16 - [MESSAGE][PASSED] - Attribute 'value' of object 'Object Repository/PharmacyRequest/Page_Store/input_txttotal' is: '10'

2018-05-21 12:23:16 - [TEST_STEP][PASSED] - Statement - out.println("Requested QTY : " + RequestedQty): null

2018-05-21 12:23:16 - [TEST_STEP][PASSED] - Statement - BatchNumber = com.kms.katalon.core.webui.keyword.WebUiBuiltInKeywords.getNumberOfTotalOption(com.kms.katalon.core.testobject.ObjectRepository.findTestObject(PharmacyRequest/Page_Store/select_--Select--BA50)): 3 options of object 'Object Repository/PharmacyRequest/Page_Store/select_--Select--BA50' counted

2018-05-21 12:23:17 - [MESSAGE][PASSED] - 3 options of object 'Object Repository/PharmacyRequest/Page_Store/select_--Select--BA50' counted

2018-05-21 12:23:17 - [TEST_STEP][PASSED] - Statement - For ([g = 1, g <= BatchNumber - 1, (g++)]): null

2018-05-21 12:23:17 - [TEST_STEP][PASSED] - selectOptionByIndex: All options with index in [1] are selected on object 'Object Repository/PharmacyRequest/Page_Store/select_--Select--BA50'

2018-05-21 12:23:17 - [MESSAGE][PASSED] - All options with index in [1] are selected on object 'Object Repository/PharmacyRequest/Page_Store/select_--Select--BA50'

2018-05-21 12:23:17 - [TEST_STEP][PASSED] - delay: Delayed 1 second(s)

2018-05-21 12:23:18 - [MESSAGE][PASSED] - Delayed 1 second(s)

2018-05-21 12:23:18 - [TEST_STEP][PASSED] - Statement - StockQty = com.kms.katalon.core.webui.keyword.WebUiBuiltInKeywords.getAttribute(com.kms.katalon.core.testobject.ObjectRepository.findTestObject(PharmacyRequest/Page_Store/input_txtprice), "value"): Attribute 'value' of object 'Object Repository/PharmacyRequest/Page_Store/input_txtprice' is: '920'

2018-05-21 12:23:18 - [MESSAGE][PASSED] - Attribute 'value' of object 'Object Repository/PharmacyRequest/Page_Store/input_txtprice' is: '920'

2018-05-21 12:23:18 - [TEST_STEP][PASSED] - Statement - out.println("Stock QTY : " + StockQty): null

2018-05-21 12:23:18 - [TEST_STEP][PASSED] - delay: Delayed 1 second(s)

2018-05-21 12:23:19 - [MESSAGE][PASSED] - Delayed 1 second(s)

2018-05-21 12:23:19 - [TEST_STEP][PASSED] - Statement - If (java.lang.Integer.valueOf(StockQty) >= java.lang.Integer.valueOf(RequestedQty)): null

2018-05-21 12:23:19 - [TEST_STEP][PASSED] - setText: Text '10' is set on object 'Object Repository/PharmacyRequest/Page_Store/input_txtqty'

2018-05-21 12:23:19 - [MESSAGE][PASSED] - Text '10' is set on object 'Object Repository/PharmacyRequest/Page_Store/input_txtqty'

2018-05-21 12:23:19 - [TEST_STEP][PASSED] - click: Object: 'Object Repository/PharmacyRequest/Page_Store/button_Add' is clicked on

2018-05-21 12:23:19 - [MESSAGE][PASSED] - Object: 'Object Repository/PharmacyRequest/Page_Store/button_Add' is clicked on

2018-05-21 12:23:19 - [TEST_STEP][PASSED] - Statement - Break: null

2018-05-21 12:23:19 - [TEST_STEP][PASSED] - selectOptionByIndex: All options with index in [10] are selected on object 'Object Repository/PharmacyRequest/Page_Store/select_--Select--Amlodepin -5'

2018-05-21 12:23:19 - [MESSAGE][PASSED] - All options with index in [10] are selected on object 'Object Repository/PharmacyRequest/Page_Store/select_--Select--Amlodepin -5'

2018-05-21 12:23:19 - [TEST_STEP][PASSED] - delay: Delayed 1 second(s)

2018-05-21 12:23:20 - [MESSAGE][PASSED] - Delayed 1 second(s)

2018-05-21 12:23:20 - [TEST_STEP][PASSED] - Statement - RequestedQty = com.kms.katalon.core.webui.keyword.WebUiBuiltInKeywords.getAttribute(com.kms.katalon.core.testobject.ObjectRepository.findTestObject(PharmacyRequest/Page_Store/input_txttotal), "value"): Attribute 'value' of object 'Object Repository/PharmacyRequest/Page_Store/input_txttotal' is: '10'

2018-05-21 12:23:20 - [MESSAGE][PASSED] - Attribute 'value' of object 'Object Repository/PharmacyRequest/Page_Store/input_txttotal' is: '10'

2018-05-21 12:23:20 - [TEST_STEP][PASSED] - Statement - out.println("Requested QTY : " + RequestedQty): null

2018-05-21 12:23:20 - [TEST_STEP][PASSED] - Statement - BatchNumber = com.kms.katalon.core.webui.keyword.WebUiBuiltInKeywords.getNumberOfTotalOption(com.kms.katalon.core.testobject.ObjectRepository.findTestObject(PharmacyRequest/Page_Store/select_--Select--BA50)): 2 options of object 'Object Repository/PharmacyRequest/Page_Store/select_--Select--BA50' counted

2018-05-21 12:23:20 - [MESSAGE][PASSED] - 2 options of object 'Object Repository/PharmacyRequest/Page_Store/select_--Select--BA50' counted

2018-05-21 12:23:20 - [TEST_STEP][PASSED] - Statement - For ([g = 1, g <= BatchNumber - 1, (g++)]): null

2018-05-21 12:23:20 - [TEST_STEP][PASSED] - selectOptionByIndex: All options with index in [1] are selected on object 'Object Repository/PharmacyRequest/Page_Store/select_--Select--BA50'

2018-05-21 12:23:20 - [MESSAGE][PASSED] - All options with index in [1] are selected on object 'Object Repository/PharmacyRequest/Page_Store/select_--Select--BA50'

2018-05-21 12:23:20 - [TEST_STEP][PASSED] - delay: Delayed 1 second(s)

2018-05-21 12:23:21 - [MESSAGE][PASSED] - Delayed 1 second(s)

2018-05-21 12:23:21 - [TEST_STEP][PASSED] - Statement - StockQty = com.kms.katalon.core.webui.keyword.WebUiBuiltInKeywords.getAttribute(com.kms.katalon.core.testobject.ObjectRepository.findTestObject(PharmacyRequest/Page_Store/input_txtprice), "value"): Attribute 'value' of object 'Object Repository/PharmacyRequest/Page_Store/input_txtprice' is: '1020'

2018-05-21 12:23:21 - [MESSAGE][PASSED] - Attribute 'value' of object 'Object Repository/PharmacyRequest/Page_Store/input_txtprice' is: '1020'

2018-05-21 12:23:21 - [TEST_STEP][PASSED] - Statement - out.println("Stock QTY : " + StockQty): null

2018-05-21 12:23:21 - [TEST_STEP][PASSED] - delay: Delayed 1 second(s)

2018-05-21 12:23:22 - [MESSAGE][PASSED] - Delayed 1 second(s)

2018-05-21 12:23:22 - [TEST_STEP][PASSED] - Statement - If (java.lang.Integer.valueOf(StockQty) >= java.lang.Integer.valueOf(RequestedQty)): null

2018-05-21 12:23:22 - [TEST_STEP][PASSED] - setText: Text '10' is set on object 'Object Repository/PharmacyRequest/Page_Store/input_txtqty'

2018-05-21 12:23:22 - [MESSAGE][PASSED] - Text '10' is set on object 'Object Repository/PharmacyRequest/Page_Store/input_txtqty'

2018-05-21 12:23:22 - [TEST_STEP][PASSED] - click: Object: 'Object Repository/PharmacyRequest/Page_Store/button_Add' is clicked on

2018-05-21 12:23:23 - [MESSAGE][PASSED] - Object: 'Object Repository/PharmacyRequest/Page_Store/button_Add' is clicked on

2018-05-21 12:23:23 - [TEST_STEP][PASSED] - Statement - Break: null

2018-05-21 12:23:23 - [TEST_STEP][PASSED] - selectOptionByIndex: All options with index in [11] are selected on object 'Object Repository/PharmacyRequest/Page_Store/select_--Select--Amlodepin -5'

2018-05-21 12:23:23 - [MESSAGE][PASSED] - All options with index in [11] are selected on object 'Object Repository/PharmacyRequest/Page_Store/select_--Select--Amlodepin -5'

2018-05-21 12:23:23 - [TEST_STEP][PASSED] - delay: Delayed 1 second(s)

2018-05-21 12:23:24 - [MESSAGE][PASSED] - Delayed 1 second(s)

2018-05-21 12:23:24 - [TEST_STEP][PASSED] - Statement - RequestedQty = com.kms.katalon.core.webui.keyword.WebUiBuiltInKeywords.getAttribute(com.kms.katalon.core.testobject.ObjectRepository.findTestObject(PharmacyRequest/Page_Store/input_txttotal), "value"): Attribute 'value' of object 'Object Repository/PharmacyRequest/Page_Store/input_txttotal' is: '10'

2018-05-21 12:23:24 - [MESSAGE][PASSED] - Attribute 'value' of object 'Object Repository/PharmacyRequest/Page_Store/input_txttotal' is: '10'

2018-05-21 12:23:24 - [TEST_STEP][PASSED] - Statement - out.println("Requested QTY : " + RequestedQty): null

2018-05-21 12:23:24 - [TEST_STEP][PASSED] - Statement - BatchNumber = com.kms.katalon.core.webui.keyword.WebUiBuiltInKeywords.getNumberOfTotalOption(com.kms.katalon.core.testobject.ObjectRepository.findTestObject(PharmacyRequest/Page_Store/select_--Select--BA50)): 2 options of object 'Object Repository/PharmacyRequest/Page_Store/select_--Select--BA50' counted

2018-05-21 12:23:24 - [MESSAGE][PASSED] - 2 options of object 'Object Repository/PharmacyRequest/Page_Store/select_--Select--BA50' counted

2018-05-21 12:23:24 - [TEST_STEP][PASSED] - Statement - For ([g = 1, g <= BatchNumber - 1, (g++)]): null

2018-05-21 12:23:24 - [TEST_STEP][PASSED] - selectOptionByIndex: All options with index in [1] are selected on object 'Object Repository/PharmacyRequest/Page_Store/select_--Select--BA50'

2018-05-21 12:23:24 - [MESSAGE][PASSED] - All options with index in [1] are selected on object 'Object Repository/PharmacyRequest/Page_Store/select_--Select--BA50'

2018-05-21 12:23:24 - [TEST_STEP][PASSED] - delay: Delayed 1 second(s)

2018-05-21 12:23:25 - [MESSAGE][PASSED] - Delayed 1 second(s)

2018-05-21 12:23:25 - [TEST_STEP][PASSED] - Statement - StockQty = com.kms.katalon.core.webui.keyword.WebUiBuiltInKeywords.getAttribute(com.kms.katalon.core.testobject.ObjectRepository.findTestObject(PharmacyRequest/Page_Store/input_txtprice), "value"): Attribute 'value' of object 'Object Repository/PharmacyRequest/Page_Store/input_txtprice' is: '1020'

2018-05-21 12:23:25 - [MESSAGE][PASSED] - Attribute 'value' of object 'Object Repository/PharmacyRequest/Page_Store/input_txtprice' is: '1020'

2018-05-21 12:23:25 - [TEST_STEP][PASSED] - Statement - out.println("Stock QTY : " + StockQty): null

2018-05-21 12:23:25 - [TEST_STEP][PASSED] - delay: Delayed 1 second(s)

2018-05-21 12:23:26 - [MESSAGE][PASSED] - Delayed 1 second(s)

2018-05-21 12:23:26 - [TEST_STEP][PASSED] - Statement - If (java.lang.Integer.valueOf(StockQty) >= java.lang.Integer.valueOf(RequestedQty)): null

2018-05-21 12:23:26 - [TEST_STEP][PASSED] - setText: Text '10' is set on object 'Object Repository/PharmacyRequest/Page_Store/input_txtqty'

2018-05-21 12:23:26 - [MESSAGE][PASSED] - Text '10' is set on object 'Object Repository/PharmacyRequest/Page_Store/input_txtqty'

2018-05-21 12:23:26 - [TEST_STEP][PASSED] - click: Object: 'Object Repository/PharmacyRequest/Page_Store/button_Add' is clicked on

2018-05-21 12:23:26 - [MESSAGE][PASSED] - Object: 'Object Repository/PharmacyRequest/Page_Store/button_Add' is clicked on

2018-05-21 12:23:26 - [TEST_STEP][PASSED] - Statement - Break: null

2018-05-21 12:23:26 - [TEST_STEP][PASSED] - selectOptionByIndex: All options with index in [12] are selected on object 'Object Repository/PharmacyRequest/Page_Store/select_--Select--Amlodepin -5'

2018-05-21 12:23:26 - [MESSAGE][PASSED] - All options with index in [12] are selected on object 'Object Repository/PharmacyRequest/Page_Store/select_--Select--Amlodepin -5'

2018-05-21 12:23:26 - [TEST_STEP][PASSED] - delay: Delayed 1 second(s)

2018-05-21 12:23:27 - [MESSAGE][PASSED] - Delayed 1 second(s)

2018-05-21 12:23:27 - [TEST_STEP][PASSED] - Statement - RequestedQty = com.kms.katalon.core.webui.keyword.WebUiBuiltInKeywords.getAttribute(com.kms.katalon.core.testobject.ObjectRepository.findTestObject(PharmacyRequest/Page_Store/input_txttotal), "value"): Attribute 'value' of object 'Object Repository/PharmacyRequest/Page_Store/input_txttotal' is: '10'

2018-05-21 12:23:27 - [MESSAGE][PASSED] - Attribute 'value' of object 'Object Repository/PharmacyRequest/Page_Store/input_txttotal' is: '10'

2018-05-21 12:23:27 - [TEST_STEP][PASSED] - Statement - out.println("Requested QTY : " + RequestedQty): null

2018-05-21 12:23:27 - [TEST_STEP][PASSED] - Statement - BatchNumber = com.kms.katalon.core.webui.keyword.WebUiBuiltInKeywords.getNumberOfTotalOption(com.kms.katalon.core.testobject.ObjectRepository.findTestObject(PharmacyRequest/Page_Store/select_--Select--BA50)): 2 options of object 'Object Repository/PharmacyRequest/Page_Store/select_--Select--BA50' counted

2018-05-21 12:23:28 - [MESSAGE][PASSED] - 2 options of object 'Object Repository/PharmacyRequest/Page_Store/select_--Select--BA50' counted

2018-05-21 12:23:28 - [TEST_STEP][PASSED] - Statement - For ([g = 1, g <= BatchNumber - 1, (g++)]): null

2018-05-21 12:23:28 - [TEST_STEP][PASSED] - selectOptionByIndex: All options with index in [1] are selected on object 'Object Repository/PharmacyRequest/Page_Store/select_--Select--BA50'

2018-05-21 12:23:28 - [MESSAGE][PASSED] - All options with index in [1] are selected on object 'Object Repository/PharmacyRequest/Page_Store/select_--Select--BA50'

2018-05-21 12:23:28 - [TEST_STEP][PASSED] - delay: Delayed 1 second(s)

2018-05-21 12:23:29 - [MESSAGE][PASSED] - Delayed 1 second(s)

2018-05-21 12:23:29 - [TEST_STEP][PASSED] - Statement - StockQty = com.kms.katalon.core.webui.keyword.WebUiBuiltInKeywords.getAttribute(com.kms.katalon.core.testobject.ObjectRepository.findTestObject(PharmacyRequest/Page_Store/input_txtprice), "value"): Attribute 'value' of object 'Object Repository/PharmacyRequest/Page_Store/input_txtprice' is: '1020'

2018-05-21 12:23:29 - [MESSAGE][PASSED] - Attribute 'value' of object 'Object Repository/PharmacyRequest/Page_Store/input_txtprice' is: '1020'

2018-05-21 12:23:29 - [TEST_STEP][PASSED] - Statement - out.println("Stock QTY : " + StockQty): null

2018-05-21 12:23:29 - [TEST_STEP][PASSED] - delay: Delayed 1 second(s)

2018-05-21 12:23:30 - [MESSAGE][PASSED] - Delayed 1 second(s)

2018-05-21 12:23:30 - [TEST_STEP][PASSED] - Statement - If (java.lang.Integer.valueOf(StockQty) >= java.lang.Integer.valueOf(RequestedQty)): null

2018-05-21 12:23:30 - [TEST_STEP][PASSED] - setText: Text '10' is set on object 'Object Repository/PharmacyRequest/Page_Store/input_txtqty'

2018-05-21 12:23:30 - [MESSAGE][PASSED] - Text '10' is set on object 'Object Repository/PharmacyRequest/Page_Store/input_txtqty'

2018-05-21 12:23:30 - [TEST_STEP][PASSED] - click: Object: 'Object Repository/PharmacyRequest/Page_Store/button_Add' is clicked on

2018-05-21 12:23:30 - [MESSAGE][PASSED] - Object: 'Object Repository/PharmacyRequest/Page_Store/button_Add' is clicked on

2018-05-21 12:23:30 - [TEST_STEP][PASSED] - Statement - Break: null

2018-05-21 12:23:30 - [TEST_STEP][PASSED] - selectOptionByIndex: All options with index in [13] are selected on object 'Object Repository/PharmacyRequest/Page_Store/select_--Select--Amlodepin -5'

2018-05-21 12:23:30 - [MESSAGE][PASSED] - All options with index in [13] are selected on object 'Object Repository/PharmacyRequest/Page_Store/select_--Select--Amlodepin -5'

2018-05-21 12:23:30 - [TEST_STEP][PASSED] - delay: Delayed 1 second(s)

2018-05-21 12:23:31 - [MESSAGE][PASSED] - Delayed 1 second(s)

2018-05-21 12:23:31 - [TEST_STEP][PASSED] - Statement - RequestedQty = com.kms.katalon.core.webui.keyword.WebUiBuiltInKeywords.getAttribute(com.kms.katalon.core.testobject.ObjectRepository.findTestObject(PharmacyRequest/Page_Store/input_txttotal), "value"): Attribute 'value' of object 'Object Repository/PharmacyRequest/Page_Store/input_txttotal' is: '10'

2018-05-21 12:23:31 - [MESSAGE][PASSED] - Attribute 'value' of object 'Object Repository/PharmacyRequest/Page_Store/input_txttotal' is: '10'

2018-05-21 12:23:31 - [TEST_STEP][PASSED] - Statement - out.println("Requested QTY : " + RequestedQty): null

2018-05-21 12:23:31 - [TEST_STEP][PASSED] - Statement - BatchNumber = com.kms.katalon.core.webui.keyword.WebUiBuiltInKeywords.getNumberOfTotalOption(com.kms.katalon.core.testobject.ObjectRepository.findTestObject(PharmacyRequest/Page_Store/select_--Select--BA50)): 2 options of object 'Object Repository/PharmacyRequest/Page_Store/select_--Select--BA50' counted

2018-05-21 12:23:31 - [MESSAGE][PASSED] - 2 options of object 'Object Repository/PharmacyRequest/Page_Store/select_--Select--BA50' counted

2018-05-21 12:23:31 - [TEST_STEP][PASSED] - Statement - For ([g = 1, g <= BatchNumber - 1, (g++)]): null

2018-05-21 12:23:31 - [TEST_STEP][PASSED] - selectOptionByIndex: All options with index in [1] are selected on object 'Object Repository/PharmacyRequest/Page_Store/select_--Select--BA50'

2018-05-21 12:23:31 - [MESSAGE][PASSED] - All options with index in [1] are selected on object 'Object Repository/PharmacyRequest/Page_Store/select_--Select--BA50'

2018-05-21 12:23:31 - [TEST_STEP][PASSED] - delay: Delayed 1 second(s)

2018-05-21 12:23:32 - [MESSAGE][PASSED] - Delayed 1 second(s)

2018-05-21 12:23:32 - [TEST_STEP][PASSED] - Statement - StockQty = com.kms.katalon.core.webui.keyword.WebUiBuiltInKeywords.getAttribute(com.kms.katalon.core.testobject.ObjectRepository.findTestObject(PharmacyRequest/Page_Store/input_txtprice), "value"): Attribute 'value' of object 'Object Repository/PharmacyRequest/Page_Store/input_txtprice' is: '1020'

2018-05-21 12:23:32 - [MESSAGE][PASSED] - Attribute 'value' of object 'Object Repository/PharmacyRequest/Page_Store/input_txtprice' is: '1020'

2018-05-21 12:23:32 - [TEST_STEP][PASSED] - Statement - out.println("Stock QTY : " + StockQty): null

2018-05-21 12:23:32 - [TEST_STEP][PASSED] - delay: Delayed 1 second(s)

2018-05-21 12:23:33 - [MESSAGE][PASSED] - Delayed 1 second(s)

2018-05-21 12:23:33 - [TEST_STEP][PASSED] - Statement - If (java.lang.Integer.valueOf(StockQty) >= java.lang.Integer.valueOf(RequestedQty)): null

2018-05-21 12:23:33 - [TEST_STEP][PASSED] - setText: Text '10' is set on object 'Object Repository/PharmacyRequest/Page_Store/input_txtqty'

2018-05-21 12:23:34 - [MESSAGE][PASSED] - Text '10' is set on object 'Object Repository/PharmacyRequest/Page_Store/input_txtqty'

2018-05-21 12:23:34 - [TEST_STEP][PASSED] - click: Object: 'Object Repository/PharmacyRequest/Page_Store/button_Add' is clicked on

2018-05-21 12:23:34 - [MESSAGE][PASSED] - Object: 'Object Repository/PharmacyRequest/Page_Store/button_Add' is clicked on

2018-05-21 12:23:34 - [TEST_STEP][PASSED] - Statement - Break: null

2018-05-21 12:23:34 - [TEST_STEP][PASSED] - selectOptionByIndex: All options with index in [14] are selected on object 'Object Repository/PharmacyRequest/Page_Store/select_--Select--Amlodepin -5'

2018-05-21 12:23:34 - [MESSAGE][PASSED] - All options with index in [14] are selected on object 'Object Repository/PharmacyRequest/Page_Store/select_--Select--Amlodepin -5'

2018-05-21 12:23:34 - [TEST_STEP][PASSED] - delay: Delayed 1 second(s)

2018-05-21 12:23:35 - [MESSAGE][PASSED] - Delayed 1 second(s)

2018-05-21 12:23:35 - [TEST_STEP][PASSED] - Statement - RequestedQty = com.kms.katalon.core.webui.keyword.WebUiBuiltInKeywords.getAttribute(com.kms.katalon.core.testobject.ObjectRepository.findTestObject(PharmacyRequest/Page_Store/input_txttotal), "value"): Attribute 'value' of object 'Object Repository/PharmacyRequest/Page_Store/input_txttotal' is: '10'

2018-05-21 12:23:35 - [MESSAGE][PASSED] - Attribute 'value' of object 'Object Repository/PharmacyRequest/Page_Store/input_txttotal' is: '10'

2018-05-21 12:23:35 - [TEST_STEP][PASSED] - Statement - out.println("Requested QTY : " + RequestedQty): null

2018-05-21 12:23:35 - [TEST_STEP][PASSED] - Statement - BatchNumber = com.kms.katalon.core.webui.keyword.WebUiBuiltInKeywords.getNumberOfTotalOption(com.kms.katalon.core.testobject.ObjectRepository.findTestObject(PharmacyRequest/Page_Store/select_--Select--BA50)): 3 options of object 'Object Repository/PharmacyRequest/Page_Store/select_--Select--BA50' counted

2018-05-21 12:23:35 - [MESSAGE][PASSED] - 3 options of object 'Object Repository/PharmacyRequest/Page_Store/select_--Select--BA50' counted

2018-05-21 12:23:35 - [TEST_STEP][PASSED] - Statement - For ([g = 1, g <= BatchNumber - 1, (g++)]): null

2018-05-21 12:23:35 - [TEST_STEP][PASSED] - selectOptionByIndex: All options with index in [1] are selected on object 'Object Repository/PharmacyRequest/Page_Store/select_--Select--BA50'

2018-05-21 12:23:35 - [MESSAGE][PASSED] - All options with index in [1] are selected on object 'Object Repository/PharmacyRequest/Page_Store/select_--Select--BA50'

2018-05-21 12:23:35 - [TEST_STEP][PASSED] - delay: Delayed 1 second(s)

2018-05-21 12:23:36 - [MESSAGE][PASSED] - Delayed 1 second(s)

2018-05-21 12:23:36 - [TEST_STEP][PASSED] - Statement - StockQty = com.kms.katalon.core.webui.keyword.WebUiBuiltInKeywords.getAttribute(com.kms.katalon.core.testobject.ObjectRepository.findTestObject(PharmacyRequest/Page_Store/input_txtprice), "value"): Attribute 'value' of object 'Object Repository/PharmacyRequest/Page_Store/input_txtprice' is: '920'

2018-05-21 12:23:36 - [MESSAGE][PASSED] - Attribute 'value' of object 'Object Repository/PharmacyRequest/Page_Store/input_txtprice' is: '920'

2018-05-21 12:23:36 - [TEST_STEP][PASSED] - Statement - out.println("Stock QTY : " + StockQty): null

2018-05-21 12:23:36 - [TEST_STEP][PASSED] - delay: Delayed 1 second(s)

2018-05-21 12:23:37 - [MESSAGE][PASSED] - Delayed 1 second(s)

2018-05-21 12:23:37 - [TEST_STEP][PASSED] - Statement - If (java.lang.Integer.valueOf(StockQty) >= java.lang.Integer.valueOf(RequestedQty)): null

2018-05-21 12:23:37 - [TEST_STEP][PASSED] - setText: Text '10' is set on object 'Object Repository/PharmacyRequest/Page_Store/input_txtqty'

2018-05-21 12:23:37 - [MESSAGE][PASSED] - Text '10' is set on object 'Object Repository/PharmacyRequest/Page_Store/input_txtqty'

2018-05-21 12:23:37 - [TEST_STEP][PASSED] - click: Object: 'Object Repository/PharmacyRequest/Page_Store/button_Add' is clicked on

2018-05-21 12:23:37 - [MESSAGE][PASSED] - Object: 'Object Repository/PharmacyRequest/Page_Store/button_Add' is clicked on

2018-05-21 12:23:37 - [TEST_STEP][PASSED] - Statement - Break: null

2018-05-21 12:23:37 - [TEST_STEP][PASSED] - selectOptionByIndex: All options with index in [15] are selected on object 'Object Repository/PharmacyRequest/Page_Store/select_--Select--Amlodepin -5'

2018-05-21 12:23:38 - [MESSAGE][PASSED] - All options with index in [15] are selected on object 'Object Repository/PharmacyRequest/Page_Store/select_--Select--Amlodepin -5'

2018-05-21 12:23:38 - [TEST_STEP][PASSED] - delay: Delayed 1 second(s)

2018-05-21 12:23:39 - [MESSAGE][PASSED] - Delayed 1 second(s)

2018-05-21 12:23:39 - [TEST_STEP][PASSED] - Statement - RequestedQty = com.kms.katalon.core.webui.keyword.WebUiBuiltInKeywords.getAttribute(com.kms.katalon.core.testobject.ObjectRepository.findTestObject(PharmacyRequest/Page_Store/input_txttotal), "value"): Attribute 'value' of object 'Object Repository/PharmacyRequest/Page_Store/input_txttotal' is: '10'

2018-05-21 12:23:39 - [MESSAGE][PASSED] - Attribute 'value' of object 'Object Repository/PharmacyRequest/Page_Store/input_txttotal' is: '10'

2018-05-21 12:23:39 - [TEST_STEP][PASSED] - Statement - out.println("Requested QTY : " + RequestedQty): null

2018-05-21 12:23:39 - [TEST_STEP][PASSED] - Statement - BatchNumber = com.kms.katalon.core.webui.keyword.WebUiBuiltInKeywords.getNumberOfTotalOption(com.kms.katalon.core.testobject.ObjectRepository.findTestObject(PharmacyRequest/Page_Store/select_--Select--BA50)): 3 options of object 'Object Repository/PharmacyRequest/Page_Store/select_--Select--BA50' counted

2018-05-21 12:23:39 - [MESSAGE][PASSED] - 3 options of object 'Object Repository/PharmacyRequest/Page_Store/select_--Select--BA50' counted

2018-05-21 12:23:39 - [TEST_STEP][PASSED] - Statement - For ([g = 1, g <= BatchNumber - 1, (g++)]): null

2018-05-21 12:23:39 - [TEST_STEP][PASSED] - selectOptionByIndex: All options with index in [1] are selected on object 'Object Repository/PharmacyRequest/Page_Store/select_--Select--BA50'

2018-05-21 12:23:39 - [MESSAGE][PASSED] - All options with index in [1] are selected on object 'Object Repository/PharmacyRequest/Page_Store/select_--Select--BA50'

2018-05-21 12:23:39 - [TEST_STEP][PASSED] - delay: Delayed 1 second(s)

2018-05-21 12:23:40 - [MESSAGE][PASSED] - Delayed 1 second(s)

2018-05-21 12:23:40 - [TEST_STEP][PASSED] - Statement - StockQty = com.kms.katalon.core.webui.keyword.WebUiBuiltInKeywords.getAttribute(com.kms.katalon.core.testobject.ObjectRepository.findTestObject(PharmacyRequest/Page_Store/input_txtprice), "value"): Attribute 'value' of object 'Object Repository/PharmacyRequest/Page_Store/input_txtprice' is: '920'

2018-05-21 12:23:40 - [MESSAGE][PASSED] - Attribute 'value' of object 'Object Repository/PharmacyRequest/Page_Store/input_txtprice' is: '920'

2018-05-21 12:23:40 - [TEST_STEP][PASSED] - Statement - out.println("Stock QTY : " + StockQty): null

2018-05-21 12:23:40 - [TEST_STEP][PASSED] - delay: Delayed 1 second(s)

2018-05-21 12:23:41 - [MESSAGE][PASSED] - Delayed 1 second(s)

2018-05-21 12:23:41 - [TEST_STEP][PASSED] - Statement - If (java.lang.Integer.valueOf(StockQty) >= java.lang.Integer.valueOf(RequestedQty)): null

2018-05-21 12:23:41 - [TEST_STEP][PASSED] - setText: Text '10' is set on object 'Object Repository/PharmacyRequest/Page_Store/input_txtqty'

2018-05-21 12:23:41 - [MESSAGE][PASSED] - Text '10' is set on object 'Object Repository/PharmacyRequest/Page_Store/input_txtqty'

2018-05-21 12:23:41 - [TEST_STEP][PASSED] - click: Object: 'Object Repository/PharmacyRequest/Page_Store/button_Add' is clicked on

2018-05-21 12:23:41 - [MESSAGE][PASSED] - Object: 'Object Repository/PharmacyRequest/Page_Store/button_Add' is clicked on

2018-05-21 12:23:41 - [TEST_STEP][PASSED] - Statement - Break: null

2018-05-21 12:23:41 - [TEST_STEP][PASSED] - selectOptionByIndex: All options with index in [16] are selected on object 'Object Repository/PharmacyRequest/Page_Store/select_--Select--Amlodepin -5'

2018-05-21 12:23:41 - [MESSAGE][PASSED] - All options with index in [16] are selected on object 'Object Repository/PharmacyRequest/Page_Store/select_--Select--Amlodepin -5'

2018-05-21 12:23:41 - [TEST_STEP][PASSED] - delay: Delayed 1 second(s)

2018-05-21 12:23:42 - [MESSAGE][PASSED] - Delayed 1 second(s)

2018-05-21 12:23:42 - [TEST_STEP][PASSED] - Statement - RequestedQty = com.kms.katalon.core.webui.keyword.WebUiBuiltInKeywords.getAttribute(com.kms.katalon.core.testobject.ObjectRepository.findTestObject(PharmacyRequest/Page_Store/input_txttotal), "value"): Attribute 'value' of object 'Object Repository/PharmacyRequest/Page_Store/input_txttotal' is: '10'

2018-05-21 12:23:42 - [MESSAGE][PASSED] - Attribute 'value' of object 'Object Repository/PharmacyRequest/Page_Store/input_txttotal' is: '10'

2018-05-21 12:23:42 - [TEST_STEP][PASSED] - Statement - out.println("Requested QTY : " + RequestedQty): null

2018-05-21 12:23:42 - [TEST_STEP][PASSED] - Statement - BatchNumber = com.kms.katalon.core.webui.keyword.WebUiBuiltInKeywords.getNumberOfTotalOption(com.kms.katalon.core.testobject.ObjectRepository.findTestObject(PharmacyRequest/Page_Store/select_--Select--BA50)): 2 options of object 'Object Repository/PharmacyRequest/Page_Store/select_--Select--BA50' counted

2018-05-21 12:23:42 - [MESSAGE][PASSED] - 2 options of object 'Object Repository/PharmacyRequest/Page_Store/select_--Select--BA50' counted

2018-05-21 12:23:42 - [TEST_STEP][PASSED] - Statement - For ([g = 1, g <= BatchNumber - 1, (g++)]): null

2018-05-21 12:23:42 - [TEST_STEP][PASSED] - selectOptionByIndex: All options with index in [1] are selected on object 'Object Repository/PharmacyRequest/Page_Store/select_--Select--BA50'

2018-05-21 12:23:43 - [MESSAGE][PASSED] - All options with index in [1] are selected on object 'Object Repository/PharmacyRequest/Page_Store/select_--Select--BA50'

2018-05-21 12:23:43 - [TEST_STEP][PASSED] - delay: Delayed 1 second(s)

2018-05-21 12:23:44 - [MESSAGE][PASSED] - Delayed 1 second(s)

2018-05-21 12:23:44 - [TEST_STEP][PASSED] - Statement - StockQty = com.kms.katalon.core.webui.keyword.WebUiBuiltInKeywords.getAttribute(com.kms.katalon.core.testobject.ObjectRepository.findTestObject(PharmacyRequest/Page_Store/input_txtprice), "value"): Attribute 'value' of object 'Object Repository/PharmacyRequest/Page_Store/input_txtprice' is: '1020'

2018-05-21 12:23:44 - [MESSAGE][PASSED] - Attribute 'value' of object 'Object Repository/PharmacyRequest/Page_Store/input_txtprice' is: '1020'

2018-05-21 12:23:44 - [TEST_STEP][PASSED] - Statement - out.println("Stock QTY : " + StockQty): null

2018-05-21 12:23:44 - [TEST_STEP][PASSED] - delay: Delayed 1 second(s)

2018-05-21 12:23:45 - [MESSAGE][PASSED] - Delayed 1 second(s)

2018-05-21 12:23:45 - [TEST_STEP][PASSED] - Statement - If (java.lang.Integer.valueOf(StockQty) >= java.lang.Integer.valueOf(RequestedQty)): null

2018-05-21 12:23:45 - [TEST_STEP][PASSED] - setText: Text '10' is set on object 'Object Repository/PharmacyRequest/Page_Store/input_txtqty'

2018-05-21 12:23:45 - [MESSAGE][PASSED] - Text '10' is set on object 'Object Repository/PharmacyRequest/Page_Store/input_txtqty'

2018-05-21 12:23:45 - [TEST_STEP][PASSED] - click: Object: 'Object Repository/PharmacyRequest/Page_Store/button_Add' is clicked on

2018-05-21 12:23:45 - [MESSAGE][PASSED] - Object: 'Object Repository/PharmacyRequest/Page_Store/button_Add' is clicked on

2018-05-21 12:23:45 - [TEST_STEP][PASSED] - Statement - Break: null

2018-05-21 12:23:45 - [TEST_STEP][PASSED] - selectOptionByIndex: All options with index in [17] are selected on object 'Object Repository/PharmacyRequest/Page_Store/select_--Select--Amlodepin -5'

2018-05-21 12:23:45 - [MESSAGE][PASSED] - All options with index in [17] are selected on object 'Object Repository/PharmacyRequest/Page_Store/select_--Select--Amlodepin -5'

2018-05-21 12:23:45 - [TEST_STEP][PASSED] - delay: Delayed 1 second(s)

2018-05-21 12:23:46 - [MESSAGE][PASSED] - Delayed 1 second(s)

2018-05-21 12:23:46 - [TEST_STEP][PASSED] - Statement - RequestedQty = com.kms.katalon.core.webui.keyword.WebUiBuiltInKeywords.getAttribute(com.kms.katalon.core.testobject.ObjectRepository.findTestObject(PharmacyRequest/Page_Store/input_txttotal), "value"): Attribute 'value' of object 'Object Repository/PharmacyRequest/Page_Store/input_txttotal' is: '10'

2018-05-21 12:23:46 - [MESSAGE][PASSED] - Attribute 'value' of object 'Object Repository/PharmacyRequest/Page_Store/input_txttotal' is: '10'

2018-05-21 12:23:46 - [TEST_STEP][PASSED] - Statement - out.println("Requested QTY : " + RequestedQty): null

2018-05-21 12:23:46 - [TEST_STEP][PASSED] - Statement - BatchNumber = com.kms.katalon.core.webui.keyword.WebUiBuiltInKeywords.getNumberOfTotalOption(com.kms.katalon.core.testobject.ObjectRepository.findTestObject(PharmacyRequest/Page_Store/select_--Select--BA50)): 2 options of object 'Object Repository/PharmacyRequest/Page_Store/select_--Select--BA50' counted

2018-05-21 12:23:46 - [MESSAGE][PASSED] - 2 options of object 'Object Repository/PharmacyRequest/Page_Store/select_--Select--BA50' counted

2018-05-21 12:23:46 - [TEST_STEP][PASSED] - Statement - For ([g = 1, g <= BatchNumber - 1, (g++)]): null

2018-05-21 12:23:46 - [TEST_STEP][PASSED] - selectOptionByIndex: All options with index in [1] are selected on object 'Object Repository/PharmacyRequest/Page_Store/select_--Select--BA50'

2018-05-21 12:23:46 - [MESSAGE][PASSED] - All options with index in [1] are selected on object 'Object Repository/PharmacyRequest/Page_Store/select_--Select--BA50'

2018-05-21 12:23:46 - [TEST_STEP][PASSED] - delay: Delayed 1 second(s)

2018-05-21 12:23:47 - [MESSAGE][PASSED] - Delayed 1 second(s)

2018-05-21 12:23:47 - [TEST_STEP][PASSED] - Statement - StockQty = com.kms.katalon.core.webui.keyword.WebUiBuiltInKeywords.getAttribute(com.kms.katalon.core.testobject.ObjectRepository.findTestObject(PharmacyRequest/Page_Store/input_txtprice), "value"): Attribute 'value' of object 'Object Repository/PharmacyRequest/Page_Store/input_txtprice' is: '1020'

2018-05-21 12:23:47 - [MESSAGE][PASSED] - Attribute 'value' of object 'Object Repository/PharmacyRequest/Page_Store/input_txtprice' is: '1020'

2018-05-21 12:23:47 - [TEST_STEP][PASSED] - Statement - out.println("Stock QTY : " + StockQty): null

2018-05-21 12:23:47 - [TEST_STEP][PASSED] - delay: Delayed 1 second(s)

2018-05-21 12:23:48 - [MESSAGE][PASSED] - Delayed 1 second(s)

2018-05-21 12:23:48 - [TEST_STEP][PASSED] - Statement - If (java.lang.Integer.valueOf(StockQty) >= java.lang.Integer.valueOf(RequestedQty)): null

2018-05-21 12:23:48 - [TEST_STEP][PASSED] - setText: Text '10' is set on object 'Object Repository/PharmacyRequest/Page_Store/input_txtqty'

2018-05-21 12:23:48 - [MESSAGE][PASSED] - Text '10' is set on object 'Object Repository/PharmacyRequest/Page_Store/input_txtqty'

2018-05-21 12:23:48 - [TEST_STEP][PASSED] - click: Object: 'Object Repository/PharmacyRequest/Page_Store/button_Add' is clicked on

2018-05-21 12:23:49 - [MESSAGE][PASSED] - Object: 'Object Repository/PharmacyRequest/Page_Store/button_Add' is clicked on

2018-05-21 12:23:49 - [TEST_STEP][PASSED] - Statement - Break: null

2018-05-21 12:23:49 - [TEST_STEP][PASSED] - selectOptionByIndex: All options with index in [18] are selected on object 'Object Repository/PharmacyRequest/Page_Store/select_--Select--Amlodepin -5'

2018-05-21 12:23:49 - [MESSAGE][PASSED] - All options with index in [18] are selected on object 'Object Repository/PharmacyRequest/Page_Store/select_--Select--Amlodepin -5'

2018-05-21 12:23:49 - [TEST_STEP][PASSED] - delay: Delayed 1 second(s)

2018-05-21 12:23:50 - [MESSAGE][PASSED] - Delayed 1 second(s)

2018-05-21 12:23:50 - [TEST_STEP][PASSED] - Statement - RequestedQty = com.kms.katalon.core.webui.keyword.WebUiBuiltInKeywords.getAttribute(com.kms.katalon.core.testobject.ObjectRepository.findTestObject(PharmacyRequest/Page_Store/input_txttotal), "value"): Attribute 'value' of object 'Object Repository/PharmacyRequest/Page_Store/input_txttotal' is: '10'

2018-05-21 12:23:50 - [MESSAGE][PASSED] - Attribute 'value' of object 'Object Repository/PharmacyRequest/Page_Store/input_txttotal' is: '10'

2018-05-21 12:23:50 - [TEST_STEP][PASSED] - Statement - out.println("Requested QTY : " + RequestedQty): null

2018-05-21 12:23:50 - [TEST_STEP][PASSED] - Statement - BatchNumber = com.kms.katalon.core.webui.keyword.WebUiBuiltInKeywords.getNumberOfTotalOption(com.kms.katalon.core.testobject.ObjectRepository.findTestObject(PharmacyRequest/Page_Store/select_--Select--BA50)): 2 options of object 'Object Repository/PharmacyRequest/Page_Store/select_--Select--BA50' counted

2018-05-21 12:23:50 - [MESSAGE][PASSED] - 2 options of object 'Object Repository/PharmacyRequest/Page_Store/select_--Select--BA50' counted

2018-05-21 12:23:50 - [TEST_STEP][PASSED] - Statement - For ([g = 1, g <= BatchNumber - 1, (g++)]): null

2018-05-21 12:23:50 - [TEST_STEP][PASSED] - selectOptionByIndex: All options with index in [1] are selected on object 'Object Repository/PharmacyRequest/Page_Store/select_--Select--BA50'

2018-05-21 12:23:50 - [MESSAGE][PASSED] - All options with index in [1] are selected on object 'Object Repository/PharmacyRequest/Page_Store/select_--Select--BA50'

2018-05-21 12:23:50 - [TEST_STEP][PASSED] - delay: Delayed 1 second(s)

2018-05-21 12:23:51 - [MESSAGE][PASSED] - Delayed 1 second(s)

2018-05-21 12:23:51 - [TEST_STEP][PASSED] - Statement - StockQty = com.kms.katalon.core.webui.keyword.WebUiBuiltInKeywords.getAttribute(com.kms.katalon.core.testobject.ObjectRepository.findTestObject(PharmacyRequest/Page_Store/input_txtprice), "value"): Attribute 'value' of object 'Object Repository/PharmacyRequest/Page_Store/input_txtprice' is: '1020'

2018-05-21 12:23:51 - [MESSAGE][PASSED] - Attribute 'value' of object 'Object Repository/PharmacyRequest/Page_Store/input_txtprice' is: '1020'

2018-05-21 12:23:51 - [TEST_STEP][PASSED] - Statement - out.println("Stock QTY : " + StockQty): null

2018-05-21 12:23:51 - [TEST_STEP][PASSED] - delay: Delayed 1 second(s)

2018-05-21 12:23:52 - [MESSAGE][PASSED] - Delayed 1 second(s)

2018-05-21 12:23:52 - [TEST_STEP][PASSED] - Statement - If (java.lang.Integer.valueOf(StockQty) >= java.lang.Integer.valueOf(RequestedQty)): null

2018-05-21 12:23:52 - [TEST_STEP][PASSED] - setText: Text '10' is set on object 'Object Repository/PharmacyRequest/Page_Store/input_txtqty'

2018-05-21 12:23:52 - [MESSAGE][PASSED] - Text '10' is set on object 'Object Repository/PharmacyRequest/Page_Store/input_txtqty'

2018-05-21 12:23:52 - [TEST_STEP][PASSED] - click: Object: 'Object Repository/PharmacyRequest/Page_Store/button_Add' is clicked on

2018-05-21 12:23:52 - [MESSAGE][PASSED] - Object: 'Object Repository/PharmacyRequest/Page_Store/button_Add' is clicked on

2018-05-21 12:23:52 - [TEST_STEP][PASSED] - Statement - Break: null

2018-05-21 12:23:52 - [TEST_STEP][PASSED] - selectOptionByIndex: All options with index in [19] are selected on object 'Object Repository/PharmacyRequest/Page_Store/select_--Select--Amlodepin -5'

2018-05-21 12:23:53 - [MESSAGE][PASSED] - All options with index in [19] are selected on object 'Object Repository/PharmacyRequest/Page_Store/select_--Select--Amlodepin -5'

2018-05-21 12:23:53 - [TEST_STEP][PASSED] - delay: Delayed 1 second(s)

2018-05-21 12:23:54 - [MESSAGE][PASSED] - Delayed 1 second(s)

2018-05-21 12:23:54 - [TEST_STEP][PASSED] - Statement - RequestedQty = com.kms.katalon.core.webui.keyword.WebUiBuiltInKeywords.getAttribute(com.kms.katalon.core.testobject.ObjectRepository.findTestObject(PharmacyRequest/Page_Store/input_txttotal), "value"): Attribute 'value' of object 'Object Repository/PharmacyRequest/Page_Store/input_txttotal' is: '10'

2018-05-21 12:23:54 - [MESSAGE][PASSED] - Attribute 'value' of object 'Object Repository/PharmacyRequest/Page_Store/input_txttotal' is: '10'

2018-05-21 12:23:54 - [TEST_STEP][PASSED] - Statement - out.println("Requested QTY : " + RequestedQty): null

2018-05-21 12:23:54 - [TEST_STEP][PASSED] - Statement - BatchNumber = com.kms.katalon.core.webui.keyword.WebUiBuiltInKeywords.getNumberOfTotalOption(com.kms.katalon.core.testobject.ObjectRepository.findTestObject(PharmacyRequest/Page_Store/select_--Select--BA50)): 2 options of object 'Object Repository/PharmacyRequest/Page_Store/select_--Select--BA50' counted

2018-05-21 12:23:54 - [MESSAGE][PASSED] - 2 options of object 'Object Repository/PharmacyRequest/Page_Store/select_--Select--BA50' counted

2018-05-21 12:23:54 - [TEST_STEP][PASSED] - Statement - For ([g = 1, g <= BatchNumber - 1, (g++)]): null

2018-05-21 12:23:54 - [TEST_STEP][PASSED] - selectOptionByIndex: All options with index in [1] are selected on object 'Object Repository/PharmacyRequest/Page_Store/select_--Select--BA50'

2018-05-21 12:23:54 - [MESSAGE][PASSED] - All options with index in [1] are selected on object 'Object Repository/PharmacyRequest/Page_Store/select_--Select--BA50'

2018-05-21 12:23:54 - [TEST_STEP][PASSED] - delay: Delayed 1 second(s)

2018-05-21 12:23:55 - [MESSAGE][PASSED] - Delayed 1 second(s)

2018-05-21 12:23:55 - [TEST_STEP][PASSED] - Statement - StockQty = com.kms.katalon.core.webui.keyword.WebUiBuiltInKeywords.getAttribute(com.kms.katalon.core.testobject.ObjectRepository.findTestObject(PharmacyRequest/Page_Store/input_txtprice), "value"): Attribute 'value' of object 'Object Repository/PharmacyRequest/Page_Store/input_txtprice' is: '1020'

2018-05-21 12:23:55 - [MESSAGE][PASSED] - Attribute 'value' of object 'Object Repository/PharmacyRequest/Page_Store/input_txtprice' is: '1020'

2018-05-21 12:23:55 - [TEST_STEP][PASSED] - Statement - out.println("Stock QTY : " + StockQty): null

2018-05-21 12:23:55 - [TEST_STEP][PASSED] - delay: Delayed 1 second(s)

2018-05-21 12:23:56 - [MESSAGE][PASSED] - Delayed 1 second(s)

2018-05-21 12:23:56 - [TEST_STEP][PASSED] - Statement - If (java.lang.Integer.valueOf(StockQty) >= java.lang.Integer.valueOf(RequestedQty)): null

2018-05-21 12:23:56 - [TEST_STEP][PASSED] - setText: Text '10' is set on object 'Object Repository/PharmacyRequest/Page_Store/input_txtqty'

2018-05-21 12:23:56 - [MESSAGE][PASSED] - Text '10' is set on object 'Object Repository/PharmacyRequest/Page_Store/input_txtqty'

2018-05-21 12:23:56 - [TEST_STEP][PASSED] - click: Object: 'Object Repository/PharmacyRequest/Page_Store/button_Add' is clicked on

2018-05-21 12:23:56 - [MESSAGE][PASSED] - Object: 'Object Repository/PharmacyRequest/Page_Store/button_Add' is clicked on

2018-05-21 12:23:56 - [TEST_STEP][PASSED] - Statement - Break: null

2018-05-21 12:23:56 - [TEST_STEP][PASSED] - selectOptionByIndex: All options with index in [20] are selected on object 'Object Repository/PharmacyRequest/Page_Store/select_--Select--Amlodepin -5'

2018-05-21 12:23:57 - [MESSAGE][PASSED] - All options with index in [20] are selected on object 'Object Repository/PharmacyRequest/Page_Store/select_--Select--Amlodepin -5'

2018-05-21 12:23:57 - [TEST_STEP][PASSED] - delay: Delayed 1 second(s)

2018-05-21 12:23:58 - [MESSAGE][PASSED] - Delayed 1 second(s)

2018-05-21 12:23:58 - [TEST_STEP][PASSED] - Statement - RequestedQty = com.kms.katalon.core.webui.keyword.WebUiBuiltInKeywords.getAttribute(com.kms.katalon.core.testobject.ObjectRepository.findTestObject(PharmacyRequest/Page_Store/input_txttotal), "value"): Attribute 'value' of object 'Object Repository/PharmacyRequest/Page_Store/input_txttotal' is: '10'

2018-05-21 12:23:58 - [MESSAGE][PASSED] - Attribute 'value' of object 'Object Repository/PharmacyRequest/Page_Store/input_txttotal' is: '10'

2018-05-21 12:23:58 - [TEST_STEP][PASSED] - Statement - out.println("Requested QTY : " + RequestedQty): null

2018-05-21 12:23:58 - [TEST_STEP][PASSED] - Statement - BatchNumber = com.kms.katalon.core.webui.keyword.WebUiBuiltInKeywords.getNumberOfTotalOption(com.kms.katalon.core.testobject.ObjectRepository.findTestObject(PharmacyRequest/Page_Store/select_--Select--BA50)): 2 options of object 'Object Repository/PharmacyRequest/Page_Store/select_--Select--BA50' counted

2018-05-21 12:23:58 - [MESSAGE][PASSED] - 2 options of object 'Object Repository/PharmacyRequest/Page_Store/select_--Select--BA50' counted

2018-05-21 12:23:58 - [TEST_STEP][PASSED] - Statement - For ([g = 1, g <= BatchNumber - 1, (g++)]): null

2018-05-21 12:23:58 - [TEST_STEP][PASSED] - selectOptionByIndex: All options with index in [1] are selected on object 'Object Repository/PharmacyRequest/Page_Store/select_--Select--BA50'

2018-05-21 12:23:58 - [MESSAGE][PASSED] - All options with index in [1] are selected on object 'Object Repository/PharmacyRequest/Page_Store/select_--Select--BA50'

2018-05-21 12:23:58 - [TEST_STEP][PASSED] - delay: Delayed 1 second(s)

2018-05-21 12:23:59 - [MESSAGE][PASSED] - Delayed 1 second(s)

2018-05-21 12:23:59 - [TEST_STEP][PASSED] - Statement - StockQty = com.kms.katalon.core.webui.keyword.WebUiBuiltInKeywords.getAttribute(com.kms.katalon.core.testobject.ObjectRepository.findTestObject(PharmacyRequest/Page_Store/input_txtprice), "value"): Attribute 'value' of object 'Object Repository/PharmacyRequest/Page_Store/input_txtprice' is: '1020'

2018-05-21 12:23:59 - [MESSAGE][PASSED] - Attribute 'value' of object 'Object Repository/PharmacyRequest/Page_Store/input_txtprice' is: '1020'

2018-05-21 12:23:59 - [TEST_STEP][PASSED] - Statement - out.println("Stock QTY : " + StockQty): null

2018-05-21 12:23:59 - [TEST_STEP][PASSED] - delay: Delayed 1 second(s)

2018-05-21 12:24:00 - [MESSAGE][PASSED] - Delayed 1 second(s)

2018-05-21 12:24:00 - [TEST_STEP][PASSED] - Statement - If (java.lang.Integer.valueOf(StockQty) >= java.lang.Integer.valueOf(RequestedQty)): null

2018-05-21 12:24:00 - [TEST_STEP][PASSED] - setText: Text '10' is set on object 'Object Repository/PharmacyRequest/Page_Store/input_txtqty'

2018-05-21 12:24:00 - [MESSAGE][PASSED] - Text '10' is set on object 'Object Repository/PharmacyRequest/Page_Store/input_txtqty'

2018-05-21 12:24:00 - [TEST_STEP][PASSED] - click: Object: 'Object Repository/PharmacyRequest/Page_Store/button_Add' is clicked on

2018-05-21 12:24:00 - [MESSAGE][PASSED] - Object: 'Object Repository/PharmacyRequest/Page_Store/button_Add' is clicked on

2018-05-21 12:24:00 - [TEST_STEP][PASSED] - Statement - Break: null

2018-05-21 12:24:00 - [TEST_STEP][PASSED] - selectOptionByIndex: All options with index in [21] are selected on object 'Object Repository/PharmacyRequest/Page_Store/select_--Select--Amlodepin -5'

2018-05-21 12:24:00 - [MESSAGE][PASSED] - All options with index in [21] are selected on object 'Object Repository/PharmacyRequest/Page_Store/select_--Select--Amlodepin -5'

2018-05-21 12:24:00 - [TEST_STEP][PASSED] - delay: Delayed 1 second(s)

2018-05-21 12:24:01 - [MESSAGE][PASSED] - Delayed 1 second(s)

2018-05-21 12:24:01 - [TEST_STEP][PASSED] - Statement - RequestedQty = com.kms.katalon.core.webui.keyword.WebUiBuiltInKeywords.getAttribute(com.kms.katalon.core.testobject.ObjectRepository.findTestObject(PharmacyRequest/Page_Store/input_txttotal), "value"): Attribute 'value' of object 'Object Repository/PharmacyRequest/Page_Store/input_txttotal' is: '10'

2018-05-21 12:24:02 - [MESSAGE][PASSED] - Attribute 'value' of object 'Object Repository/PharmacyRequest/Page_Store/input_txttotal' is: '10'

2018-05-21 12:24:02 - [TEST_STEP][PASSED] - Statement - out.println("Requested QTY : " + RequestedQty): null

2018-05-21 12:24:02 - [TEST_STEP][PASSED] - Statement - BatchNumber = com.kms.katalon.core.webui.keyword.WebUiBuiltInKeywords.getNumberOfTotalOption(com.kms.katalon.core.testobject.ObjectRepository.findTestObject(PharmacyRequest/Page_Store/select_--Select--BA50)): 3 options of object 'Object Repository/PharmacyRequest/Page_Store/select_--Select--BA50' counted

2018-05-21 12:24:02 - [MESSAGE][PASSED] - 3 options of object 'Object Repository/PharmacyRequest/Page_Store/select_--Select--BA50' counted

2018-05-21 12:24:02 - [TEST_STEP][PASSED] - Statement - For ([g = 1, g <= BatchNumber - 1, (g++)]): null

2018-05-21 12:24:02 - [TEST_STEP][PASSED] - selectOptionByIndex: All options with index in [1] are selected on object 'Object Repository/PharmacyRequest/Page_Store/select_--Select--BA50'

2018-05-21 12:24:02 - [MESSAGE][PASSED] - All options with index in [1] are selected on object 'Object Repository/PharmacyRequest/Page_Store/select_--Select--BA50'

2018-05-21 12:24:02 - [TEST_STEP][PASSED] - delay: Delayed 1 second(s)

2018-05-21 12:24:03 - [MESSAGE][PASSED] - Delayed 1 second(s)

2018-05-21 12:24:03 - [TEST_STEP][PASSED] - Statement - StockQty = com.kms.katalon.core.webui.keyword.WebUiBuiltInKeywords.getAttribute(com.kms.katalon.core.testobject.ObjectRepository.findTestObject(PharmacyRequest/Page_Store/input_txtprice), "value"): Attribute 'value' of object 'Object Repository/PharmacyRequest/Page_Store/input_txtprice' is: '920'

2018-05-21 12:24:03 - [MESSAGE][PASSED] - Attribute 'value' of object 'Object Repository/PharmacyRequest/Page_Store/input_txtprice' is: '920'

2018-05-21 12:24:03 - [TEST_STEP][PASSED] - Statement - out.println("Stock QTY : " + StockQty): null

2018-05-21 12:24:03 - [TEST_STEP][PASSED] - delay: Delayed 1 second(s)

2018-05-21 12:24:04 - [MESSAGE][PASSED] - Delayed 1 second(s)

2018-05-21 12:24:04 - [TEST_STEP][PASSED] - Statement - If (java.lang.Integer.valueOf(StockQty) >= java.lang.Integer.valueOf(RequestedQty)): null

2018-05-21 12:24:04 - [TEST_STEP][PASSED] - setText: Text '10' is set on object 'Object Repository/PharmacyRequest/Page_Store/input_txtqty'

2018-05-21 12:24:04 - [MESSAGE][PASSED] - Text '10' is set on object 'Object Repository/PharmacyRequest/Page_Store/input_txtqty'

2018-05-21 12:24:04 - [TEST_STEP][PASSED] - click: Object: 'Object Repository/PharmacyRequest/Page_Store/button_Add' is clicked on

2018-05-21 12:24:04 - [MESSAGE][PASSED] - Object: 'Object Repository/PharmacyRequest/Page_Store/button_Add' is clicked on

2018-05-21 12:24:04 - [TEST_STEP][PASSED] - Statement - Break: null

2018-05-21 12:24:04 - [TEST_STEP][PASSED] - selectOptionByIndex: All options with index in [22] are selected on object 'Object Repository/PharmacyRequest/Page_Store/select_--Select--Amlodepin -5'

2018-05-21 12:24:04 - [MESSAGE][PASSED] - All options with index in [22] are selected on object 'Object Repository/PharmacyRequest/Page_Store/select_--Select--Amlodepin -5'

2018-05-21 12:24:04 - [TEST_STEP][PASSED] - delay: Delayed 1 second(s)

2018-05-21 12:24:05 - [MESSAGE][PASSED] - Delayed 1 second(s)

2018-05-21 12:24:05 - [TEST_STEP][PASSED] - Statement - RequestedQty = com.kms.katalon.core.webui.keyword.WebUiBuiltInKeywords.getAttribute(com.kms.katalon.core.testobject.ObjectRepository.findTestObject(PharmacyRequest/Page_Store/input_txttotal), "value"): Attribute 'value' of object 'Object Repository/PharmacyRequest/Page_Store/input_txttotal' is: '10'

2018-05-21 12:24:05 - [MESSAGE][PASSED] - Attribute 'value' of object 'Object Repository/PharmacyRequest/Page_Store/input_txttotal' is: '10'

2018-05-21 12:24:05 - [TEST_STEP][PASSED] - Statement - out.println("Requested QTY : " + RequestedQty): null

2018-05-21 12:24:05 - [TEST_STEP][PASSED] - Statement - BatchNumber = com.kms.katalon.core.webui.keyword.WebUiBuiltInKeywords.getNumberOfTotalOption(com.kms.katalon.core.testobject.ObjectRepository.findTestObject(PharmacyRequest/Page_Store/select_--Select--BA50)): 3 options of object 'Object Repository/PharmacyRequest/Page_Store/select_--Select--BA50' counted

2018-05-21 12:24:05 - [MESSAGE][PASSED] - 3 options of object 'Object Repository/PharmacyRequest/Page_Store/select_--Select--BA50' counted

2018-05-21 12:24:05 - [TEST_STEP][PASSED] - Statement - For ([g = 1, g <= BatchNumber - 1, (g++)]): null

2018-05-21 12:24:05 - [TEST_STEP][PASSED] - selectOptionByIndex: All options with index in [1] are selected on object 'Object Repository/PharmacyRequest/Page_Store/select_--Select--BA50'

2018-05-21 12:24:05 - [MESSAGE][PASSED] - All options with index in [1] are selected on object 'Object Repository/PharmacyRequest/Page_Store/select_--Select--BA50'

2018-05-21 12:24:05 - [TEST_STEP][PASSED] - delay: Delayed 1 second(s)

2018-05-21 12:24:06 - [MESSAGE][PASSED] - Delayed 1 second(s)

2018-05-21 12:24:06 - [TEST_STEP][PASSED] - Statement - StockQty = com.kms.katalon.core.webui.keyword.WebUiBuiltInKeywords.getAttribute(com.kms.katalon.core.testobject.ObjectRepository.findTestObject(PharmacyRequest/Page_Store/input_txtprice), "value"): Attribute 'value' of object 'Object Repository/PharmacyRequest/Page_Store/input_txtprice' is: '-10'

2018-05-21 12:24:07 - [MESSAGE][PASSED] - Attribute 'value' of object 'Object Repository/PharmacyRequest/Page_Store/input_txtprice' is: '-10'

2018-05-21 12:24:07 - [TEST_STEP][PASSED] - Statement - out.println("Stock QTY : " + StockQty): null

2018-05-21 12:24:07 - [TEST_STEP][PASSED] - delay: Delayed 1 second(s)

2018-05-21 12:24:08 - [MESSAGE][PASSED] - Delayed 1 second(s)

2018-05-21 12:24:08 - [TEST_STEP][PASSED] - Statement - If (java.lang.Integer.valueOf(StockQty) >= java.lang.Integer.valueOf(RequestedQty)): null

2018-05-21 12:24:08 - [TEST_STEP][PASSED] - Statement - Else: null

2018-05-21 12:24:08 - [TEST_STEP][PASSED] - Statement - out.println("Stock Is Less Than Requested Qty"): null

2018-05-21 12:24:08 - [TEST_STEP][PASSED] - selectOptionByIndex: All options with index in [2] are selected on object 'Object Repository/PharmacyRequest/Page_Store/select_--Select--BA50'

2018-05-21 12:24:08 - [MESSAGE][PASSED] - All options with index in [2] are selected on object 'Object Repository/PharmacyRequest/Page_Store/select_--Select--BA50'

2018-05-21 12:24:08 - [TEST_STEP][PASSED] - delay: Delayed 1 second(s)

2018-05-21 12:24:09 - [MESSAGE][PASSED] - Delayed 1 second(s)

2018-05-21 12:24:09 - [TEST_STEP][PASSED] - Statement - StockQty = com.kms.katalon.core.webui.keyword.WebUiBuiltInKeywords.getAttribute(com.kms.katalon.core.testobject.ObjectRepository.findTestObject(PharmacyRequest/Page_Store/input_txtprice), "value"): Attribute 'value' of object 'Object Repository/PharmacyRequest/Page_Store/input_txtprice' is: '10000'

2018-05-21 12:24:09 - [MESSAGE][PASSED] - Attribute 'value' of object 'Object Repository/PharmacyRequest/Page_Store/input_txtprice' is: '10000'

2018-05-21 12:24:09 - [TEST_STEP][PASSED] - Statement - out.println("Stock QTY : " + StockQty): null

2018-05-21 12:24:09 - [TEST_STEP][PASSED] - delay: Delayed 1 second(s)

2018-05-21 12:24:10 - [MESSAGE][PASSED] - Delayed 1 second(s)

2018-05-21 12:24:10 - [TEST_STEP][PASSED] - Statement - If (java.lang.Integer.valueOf(StockQty) >= java.lang.Integer.valueOf(RequestedQty)): null

2018-05-21 12:24:10 - [TEST_STEP][PASSED] - setText: Text '10' is set on object 'Object Repository/PharmacyRequest/Page_Store/input_txtqty'

2018-05-21 12:24:10 - [MESSAGE][PASSED] - Text '10' is set on object 'Object Repository/PharmacyRequest/Page_Store/input_txtqty'

2018-05-21 12:24:10 - [TEST_STEP][PASSED] - click: Object: 'Object Repository/PharmacyRequest/Page_Store/button_Add' is clicked on

2018-05-21 12:24:10 - [MESSAGE][PASSED] - Object: 'Object Repository/PharmacyRequest/Page_Store/button_Add' is clicked on

2018-05-21 12:24:10 - [TEST_STEP][PASSED] - Statement - Break: null

2018-05-21 12:24:10 - [TEST_STEP][PASSED] - selectOptionByIndex: All options with index in [23] are selected on object 'Object Repository/PharmacyRequest/Page_Store/select_--Select--Amlodepin -5'

2018-05-21 12:24:10 - [MESSAGE][PASSED] - All options with index in [23] are selected on object 'Object Repository/PharmacyRequest/Page_Store/select_--Select--Amlodepin -5'

2018-05-21 12:24:10 - [TEST_STEP][PASSED] - delay: Delayed 1 second(s)

2018-05-21 12:24:11 - [MESSAGE][PASSED] - Delayed 1 second(s)

2018-05-21 12:24:11 - [TEST_STEP][PASSED] - Statement - RequestedQty = com.kms.katalon.core.webui.keyword.WebUiBuiltInKeywords.getAttribute(com.kms.katalon.core.testobject.ObjectRepository.findTestObject(PharmacyRequest/Page_Store/input_txttotal), "value"): Attribute 'value' of object 'Object Repository/PharmacyRequest/Page_Store/input_txttotal' is: '10'

2018-05-21 12:24:11 - [MESSAGE][PASSED] - Attribute 'value' of object 'Object Repository/PharmacyRequest/Page_Store/input_txttotal' is: '10'

2018-05-21 12:24:11 - [TEST_STEP][PASSED] - Statement - out.println("Requested QTY : " + RequestedQty): null

2018-05-21 12:24:11 - [TEST_STEP][PASSED] - Statement - BatchNumber = com.kms.katalon.core.webui.keyword.WebUiBuiltInKeywords.getNumberOfTotalOption(com.kms.katalon.core.testobject.ObjectRepository.findTestObject(PharmacyRequest/Page_Store/select_--Select--BA50)): 2 options of object 'Object Repository/PharmacyRequest/Page_Store/select_--Select--BA50' counted

2018-05-21 12:24:11 - [MESSAGE][PASSED] - 2 options of object 'Object Repository/PharmacyRequest/Page_Store/select_--Select--BA50' counted

2018-05-21 12:24:11 - [TEST_STEP][PASSED] - Statement - For ([g = 1, g <= BatchNumber - 1, (g++)]): null

2018-05-21 12:24:11 - [TEST_STEP][PASSED] - selectOptionByIndex: All options with index in [1] are selected on object 'Object Repository/PharmacyRequest/Page_Store/select_--Select--BA50'

2018-05-21 12:24:11 - [MESSAGE][PASSED] - All options with index in [1] are selected on object 'Object Repository/PharmacyRequest/Page_Store/select_--Select--BA50'

2018-05-21 12:24:11 - [TEST_STEP][PASSED] - delay: Delayed 1 second(s)

2018-05-21 12:24:12 - [MESSAGE][PASSED] - Delayed 1 second(s)

2018-05-21 12:24:12 - [TEST_STEP][PASSED] - Statement - StockQty = com.kms.katalon.core.webui.keyword.WebUiBuiltInKeywords.getAttribute(com.kms.katalon.core.testobject.ObjectRepository.findTestObject(PharmacyRequest/Page_Store/input_txtprice), "value"): Attribute 'value' of object 'Object Repository/PharmacyRequest/Page_Store/input_txtprice' is: '10000'

2018-05-21 12:24:12 - [MESSAGE][PASSED] - Attribute 'value' of object 'Object Repository/PharmacyRequest/Page_Store/input_txtprice' is: '10000'

2018-05-21 12:24:12 - [TEST_STEP][PASSED] - Statement - out.println("Stock QTY : " + StockQty): null

2018-05-21 12:24:12 - [TEST_STEP][PASSED] - delay: Delayed 1 second(s)

2018-05-21 12:24:13 - [MESSAGE][PASSED] - Delayed 1 second(s)

2018-05-21 12:24:13 - [TEST_STEP][PASSED] - Statement - If (java.lang.Integer.valueOf(StockQty) >= java.lang.Integer.valueOf(RequestedQty)): null

2018-05-21 12:24:13 - [TEST_STEP][PASSED] - setText: Text '10' is set on object 'Object Repository/PharmacyRequest/Page_Store/input_txtqty'

2018-05-21 12:24:14 - [MESSAGE][PASSED] - Text '10' is set on object 'Object Repository/PharmacyRequest/Page_Store/input_txtqty'

2018-05-21 12:24:14 - [TEST_STEP][PASSED] - click: Object: 'Object Repository/PharmacyRequest/Page_Store/button_Add' is clicked on

2018-05-21 12:24:14 - [MESSAGE][PASSED] - Object: 'Object Repository/PharmacyRequest/Page_Store/button_Add' is clicked on

2018-05-21 12:24:14 - [TEST_STEP][PASSED] - Statement - Break: null

2018-05-21 12:24:14 - [TEST_STEP][PASSED] - selectOptionByIndex: All options with index in [24] are selected on object 'Object Repository/PharmacyRequest/Page_Store/select_--Select--Amlodepin -5'

2018-05-21 12:24:14 - [MESSAGE][PASSED] - All options with index in [24] are selected on object 'Object Repository/PharmacyRequest/Page_Store/select_--Select--Amlodepin -5'

2018-05-21 12:24:14 - [TEST_STEP][PASSED] - delay: Delayed 1 second(s)

2018-05-21 12:24:15 - [MESSAGE][PASSED] - Delayed 1 second(s)

2018-05-21 12:24:15 - [TEST_STEP][PASSED] - Statement - RequestedQty = com.kms.katalon.core.webui.keyword.WebUiBuiltInKeywords.getAttribute(com.kms.katalon.core.testobject.ObjectRepository.findTestObject(PharmacyRequest/Page_Store/input_txttotal), "value"): Attribute 'value' of object 'Object Repository/PharmacyRequest/Page_Store/input_txttotal' is: '10'

2018-05-21 12:24:15 - [MESSAGE][PASSED] - Attribute 'value' of object 'Object Repository/PharmacyRequest/Page_Store/input_txttotal' is: '10'

2018-05-21 12:24:15 - [TEST_STEP][PASSED] - Statement - out.println("Requested QTY : " + RequestedQty): null

2018-05-21 12:24:15 - [TEST_STEP][PASSED] - Statement - BatchNumber = com.kms.katalon.core.webui.keyword.WebUiBuiltInKeywords.getNumberOfTotalOption(com.kms.katalon.core.testobject.ObjectRepository.findTestObject(PharmacyRequest/Page_Store/select_--Select--BA50)): 2 options of object 'Object Repository/PharmacyRequest/Page_Store/select_--Select--BA50' counted

2018-05-21 12:24:15 - [MESSAGE][PASSED] - 2 options of object 'Object Repository/PharmacyRequest/Page_Store/select_--Select--BA50' counted

2018-05-21 12:24:15 - [TEST_STEP][PASSED] - Statement - For ([g = 1, g <= BatchNumber - 1, (g++)]): null

2018-05-21 12:24:15 - [TEST_STEP][PASSED] - selectOptionByIndex: All options with index in [1] are selected on object 'Object Repository/PharmacyRequest/Page_Store/select_--Select--BA50'

2018-05-21 12:24:15 - [MESSAGE][PASSED] - All options with index in [1] are selected on object 'Object Repository/PharmacyRequest/Page_Store/select_--Select--BA50'

2018-05-21 12:24:15 - [TEST_STEP][PASSED] - delay: Delayed 1 second(s)

2018-05-21 12:24:16 - [MESSAGE][PASSED] - Delayed 1 second(s)

2018-05-21 12:24:16 - [TEST_STEP][PASSED] - Statement - StockQty = com.kms.katalon.core.webui.keyword.WebUiBuiltInKeywords.getAttribute(com.kms.katalon.core.testobject.ObjectRepository.findTestObject(PharmacyRequest/Page_Store/input_txtprice), "value"): Attribute 'value' of object 'Object Repository/PharmacyRequest/Page_Store/input_txtprice' is: '10000'

2018-05-21 12:24:16 - [MESSAGE][PASSED] - Attribute 'value' of object 'Object Repository/PharmacyRequest/Page_Store/input_txtprice' is: '10000'

2018-05-21 12:24:16 - [TEST_STEP][PASSED] - Statement - out.println("Stock QTY : " + StockQty): null

2018-05-21 12:24:16 - [TEST_STEP][PASSED] - delay: Delayed 1 second(s)

2018-05-21 12:24:17 - [MESSAGE][PASSED] - Delayed 1 second(s)

2018-05-21 12:24:17 - [TEST_STEP][PASSED] - Statement - If (java.lang.Integer.valueOf(StockQty) >= java.lang.Integer.valueOf(RequestedQty)): null

2018-05-21 12:24:17 - [TEST_STEP][PASSED] - setText: Text '10' is set on object 'Object Repository/PharmacyRequest/Page_Store/input_txtqty'

2018-05-21 12:24:17 - [MESSAGE][PASSED] - Text '10' is set on object 'Object Repository/PharmacyRequest/Page_Store/input_txtqty'

2018-05-21 12:24:17 - [TEST_STEP][PASSED] - click: Object: 'Object Repository/PharmacyRequest/Page_Store/button_Add' is clicked on

2018-05-21 12:24:17 - [MESSAGE][PASSED] - Object: 'Object Repository/PharmacyRequest/Page_Store/button_Add' is clicked on

2018-05-21 12:24:17 - [TEST_STEP][PASSED] - Statement - Break: null

2018-05-21 12:24:17 - [TEST_STEP][PASSED] - selectOptionByIndex: All options with index in [25] are selected on object 'Object Repository/PharmacyRequest/Page_Store/select_--Select--Amlodepin -5'

2018-05-21 12:24:18 - [MESSAGE][PASSED] - All options with index in [25] are selected on object 'Object Repository/PharmacyRequest/Page_Store/select_--Select--Amlodepin -5'

2018-05-21 12:24:18 - [TEST_STEP][PASSED] - delay: Delayed 1 second(s)

2018-05-21 12:24:19 - [MESSAGE][PASSED] - Delayed 1 second(s)

2018-05-21 12:24:19 - [TEST_STEP][PASSED] - Statement - RequestedQty = com.kms.katalon.core.webui.keyword.WebUiBuiltInKeywords.getAttribute(com.kms.katalon.core.testobject.ObjectRepository.findTestObject(PharmacyRequest/Page_Store/input_txttotal), "value"): Attribute 'value' of object 'Object Repository/PharmacyRequest/Page_Store/input_txttotal' is: '10'

2018-05-21 12:24:19 - [MESSAGE][PASSED] - Attribute 'value' of object 'Object Repository/PharmacyRequest/Page_Store/input_txttotal' is: '10'

2018-05-21 12:24:19 - [TEST_STEP][PASSED] - Statement - out.println("Requested QTY : " + RequestedQty): null

2018-05-21 12:24:19 - [TEST_STEP][PASSED] - Statement - BatchNumber = com.kms.katalon.core.webui.keyword.WebUiBuiltInKeywords.getNumberOfTotalOption(com.kms.katalon.core.testobject.ObjectRepository.findTestObject(PharmacyRequest/Page_Store/select_--Select--BA50)): 2 options of object 'Object Repository/PharmacyRequest/Page_Store/select_--Select--BA50' counted

2018-05-21 12:24:19 - [MESSAGE][PASSED] - 2 options of object 'Object Repository/PharmacyRequest/Page_Store/select_--Select--BA50' counted

2018-05-21 12:24:19 - [TEST_STEP][PASSED] - Statement - For ([g = 1, g <= BatchNumber - 1, (g++)]): null

2018-05-21 12:24:19 - [TEST_STEP][PASSED] - selectOptionByIndex: All options with index in [1] are selected on object 'Object Repository/PharmacyRequest/Page_Store/select_--Select--BA50'

2018-05-21 12:24:19 - [MESSAGE][PASSED] - All options with index in [1] are selected on object 'Object Repository/PharmacyRequest/Page_Store/select_--Select--BA50'

2018-05-21 12:24:19 - [TEST_STEP][PASSED] - delay: Delayed 1 second(s)

2018-05-21 12:24:20 - [MESSAGE][PASSED] - Delayed 1 second(s)

2018-05-21 12:24:20 - [TEST_STEP][PASSED] - Statement - StockQty = com.kms.katalon.core.webui.keyword.WebUiBuiltInKeywords.getAttribute(com.kms.katalon.core.testobject.ObjectRepository.findTestObject(PharmacyRequest/Page_Store/input_txtprice), "value"): Attribute 'value' of object 'Object Repository/PharmacyRequest/Page_Store/input_txtprice' is: '9990'

2018-05-21 12:24:20 - [MESSAGE][PASSED] - Attribute 'value' of object 'Object Repository/PharmacyRequest/Page_Store/input_txtprice' is: '9990'

2018-05-21 12:24:20 - [TEST_STEP][PASSED] - Statement - out.println("Stock QTY : " + StockQty): null

2018-05-21 12:24:20 - [TEST_STEP][PASSED] - delay: Delayed 1 second(s)

2018-05-21 12:24:21 - [MESSAGE][PASSED] - Delayed 1 second(s)

2018-05-21 12:24:21 - [TEST_STEP][PASSED] - Statement - If (java.lang.Integer.valueOf(StockQty) >= java.lang.Integer.valueOf(RequestedQty)): null

2018-05-21 12:24:21 - [TEST_STEP][PASSED] - setText: Text '10' is set on object 'Object Repository/PharmacyRequest/Page_Store/input_txtqty'

2018-05-21 12:24:21 - [MESSAGE][PASSED] - Text '10' is set on object 'Object Repository/PharmacyRequest/Page_Store/input_txtqty'

2018-05-21 12:24:21 - [TEST_STEP][PASSED] - click: Object: 'Object Repository/PharmacyRequest/Page_Store/button_Add' is clicked on

2018-05-21 12:24:21 - [MESSAGE][PASSED] - Object: 'Object Repository/PharmacyRequest/Page_Store/button_Add' is clicked on

2018-05-21 12:24:21 - [TEST_STEP][PASSED] - Statement - Break: null

2018-05-21 12:24:21 - [TEST_STEP][PASSED] - selectOptionByIndex: All options with index in [26] are selected on object 'Object Repository/PharmacyRequest/Page_Store/select_--Select--Amlodepin -5'

2018-05-21 12:24:21 - [MESSAGE][PASSED] - All options with index in [26] are selected on object 'Object Repository/PharmacyRequest/Page_Store/select_--Select--Amlodepin -5'

2018-05-21 12:24:21 - [TEST_STEP][PASSED] - delay: Delayed 1 second(s)

2018-05-21 12:24:22 - [MESSAGE][PASSED] - Delayed 1 second(s)

2018-05-21 12:24:22 - [TEST_STEP][PASSED] - Statement - RequestedQty = com.kms.katalon.core.webui.keyword.WebUiBuiltInKeywords.getAttribute(com.kms.katalon.core.testobject.ObjectRepository.findTestObject(PharmacyRequest/Page_Store/input_txttotal), "value"): Attribute 'value' of object 'Object Repository/PharmacyRequest/Page_Store/input_txttotal' is: '10'

2018-05-21 12:24:22 - [MESSAGE][PASSED] - Attribute 'value' of object 'Object Repository/PharmacyRequest/Page_Store/input_txttotal' is: '10'

2018-05-21 12:24:22 - [TEST_STEP][PASSED] - Statement - out.println("Requested QTY : " + RequestedQty): null

2018-05-21 12:24:22 - [TEST_STEP][PASSED] - Statement - BatchNumber = com.kms.katalon.core.webui.keyword.WebUiBuiltInKeywords.getNumberOfTotalOption(com.kms.katalon.core.testobject.ObjectRepository.findTestObject(PharmacyRequest/Page_Store/select_--Select--BA50)): 2 options of object 'Object Repository/PharmacyRequest/Page_Store/select_--Select--BA50' counted

2018-05-21 12:24:23 - [MESSAGE][PASSED] - 2 options of object 'Object Repository/PharmacyRequest/Page_Store/select_--Select--BA50' counted

2018-05-21 12:24:23 - [TEST_STEP][PASSED] - Statement - For ([g = 1, g <= BatchNumber - 1, (g++)]): null

2018-05-21 12:24:23 - [TEST_STEP][PASSED] - selectOptionByIndex: All options with index in [1] are selected on object 'Object Repository/PharmacyRequest/Page_Store/select_--Select--BA50'

2018-05-21 12:24:23 - [MESSAGE][PASSED] - All options with index in [1] are selected on object 'Object Repository/PharmacyRequest/Page_Store/select_--Select--BA50'

2018-05-21 12:24:23 - [TEST_STEP][PASSED] - delay: Delayed 1 second(s)

2018-05-21 12:24:24 - [MESSAGE][PASSED] - Delayed 1 second(s)

2018-05-21 12:24:24 - [TEST_STEP][PASSED] - Statement - StockQty = com.kms.katalon.core.webui.keyword.WebUiBuiltInKeywords.getAttribute(com.kms.katalon.core.testobject.ObjectRepository.findTestObject(PharmacyRequest/Page_Store/input_txtprice), "value"): Attribute 'value' of object 'Object Repository/PharmacyRequest/Page_Store/input_txtprice' is: '10000'

2018-05-21 12:24:24 - [MESSAGE][PASSED] - Attribute 'value' of object 'Object Repository/PharmacyRequest/Page_Store/input_txtprice' is: '10000'

2018-05-21 12:24:24 - [TEST_STEP][PASSED] - Statement - out.println("Stock QTY : " + StockQty): null

2018-05-21 12:24:24 - [TEST_STEP][PASSED] - delay: Delayed 1 second(s)

2018-05-21 12:24:25 - [MESSAGE][PASSED] - Delayed 1 second(s)

2018-05-21 12:24:25 - [TEST_STEP][PASSED] - Statement - If (java.lang.Integer.valueOf(StockQty) >= java.lang.Integer.valueOf(RequestedQty)): null

2018-05-21 12:24:25 - [TEST_STEP][PASSED] - setText: Text '10' is set on object 'Object Repository/PharmacyRequest/Page_Store/input_txtqty'

2018-05-21 12:24:25 - [MESSAGE][PASSED] - Text '10' is set on object 'Object Repository/PharmacyRequest/Page_Store/input_txtqty'

2018-05-21 12:24:25 - [TEST_STEP][PASSED] - click: Object: 'Object Repository/PharmacyRequest/Page_Store/button_Add' is clicked on

2018-05-21 12:24:25 - [MESSAGE][PASSED] - Object: 'Object Repository/PharmacyRequest/Page_Store/button_Add' is clicked on

2018-05-21 12:24:25 - [TEST_STEP][PASSED] - Statement - Break: null

2018-05-21 12:24:25 - [TEST_STEP][PASSED] - selectOptionByIndex: All options with index in [27] are selected on object 'Object Repository/PharmacyRequest/Page_Store/select_--Select--Amlodepin -5'

2018-05-21 12:24:25 - [MESSAGE][PASSED] - All options with index in [27] are selected on object 'Object Repository/PharmacyRequest/Page_Store/select_--Select--Amlodepin -5'

2018-05-21 12:24:25 - [TEST_STEP][PASSED] - delay: Delayed 1 second(s)

2018-05-21 12:24:26 - [MESSAGE][PASSED] - Delayed 1 second(s)

2018-05-21 12:24:26 - [TEST_STEP][PASSED] - Statement - RequestedQty = com.kms.katalon.core.webui.keyword.WebUiBuiltInKeywords.getAttribute(com.kms.katalon.core.testobject.ObjectRepository.findTestObject(PharmacyRequest/Page_Store/input_txttotal), "value"): Attribute 'value' of object 'Object Repository/PharmacyRequest/Page_Store/input_txttotal' is: '10'

2018-05-21 12:24:26 - [MESSAGE][PASSED] - Attribute 'value' of object 'Object Repository/PharmacyRequest/Page_Store/input_txttotal' is: '10'

2018-05-21 12:24:26 - [TEST_STEP][PASSED] - Statement - out.println("Requested QTY : " + RequestedQty): null

2018-05-21 12:24:26 - [TEST_STEP][PASSED] - Statement - BatchNumber = com.kms.katalon.core.webui.keyword.WebUiBuiltInKeywords.getNumberOfTotalOption(com.kms.katalon.core.testobject.ObjectRepository.findTestObject(PharmacyRequest/Page_Store/select_--Select--BA50)): 2 options of object 'Object Repository/PharmacyRequest/Page_Store/select_--Select--BA50' counted

2018-05-21 12:24:26 - [MESSAGE][PASSED] - 2 options of object 'Object Repository/PharmacyRequest/Page_Store/select_--Select--BA50' counted

2018-05-21 12:24:26 - [TEST_STEP][PASSED] - Statement - For ([g = 1, g <= BatchNumber - 1, (g++)]): null

2018-05-21 12:24:26 - [TEST_STEP][PASSED] - selectOptionByIndex: All options with index in [1] are selected on object 'Object Repository/PharmacyRequest/Page_Store/select_--Select--BA50'

2018-05-21 12:24:27 - [MESSAGE][PASSED] - All options with index in [1] are selected on object 'Object Repository/PharmacyRequest/Page_Store/select_--Select--BA50'

2018-05-21 12:24:27 - [TEST_STEP][PASSED] - delay: Delayed 1 second(s)

2018-05-21 12:24:28 - [MESSAGE][PASSED] - Delayed 1 second(s)

2018-05-21 12:24:28 - [TEST_STEP][PASSED] - Statement - StockQty = com.kms.katalon.core.webui.keyword.WebUiBuiltInKeywords.getAttribute(com.kms.katalon.core.testobject.ObjectRepository.findTestObject(PharmacyRequest/Page_Store/input_txtprice), "value"): Attribute 'value' of object 'Object Repository/PharmacyRequest/Page_Store/input_txtprice' is: '10000'

2018-05-21 12:24:28 - [MESSAGE][PASSED] - Attribute 'value' of object 'Object Repository/PharmacyRequest/Page_Store/input_txtprice' is: '10000'

2018-05-21 12:24:28 - [TEST_STEP][PASSED] - Statement - out.println("Stock QTY : " + StockQty): null

2018-05-21 12:24:28 - [TEST_STEP][PASSED] - delay: Delayed 1 second(s)

2018-05-21 12:24:29 - [MESSAGE][PASSED] - Delayed 1 second(s)

2018-05-21 12:24:29 - [TEST_STEP][PASSED] - Statement - If (java.lang.Integer.valueOf(StockQty) >= java.lang.Integer.valueOf(RequestedQty)): null

2018-05-21 12:24:29 - [TEST_STEP][PASSED] - setText: Text '10' is set on object 'Object Repository/PharmacyRequest/Page_Store/input_txtqty'

2018-05-21 12:24:29 - [MESSAGE][PASSED] - Text '10' is set on object 'Object Repository/PharmacyRequest/Page_Store/input_txtqty'

2018-05-21 12:24:29 - [TEST_STEP][PASSED] - click: Object: 'Object Repository/PharmacyRequest/Page_Store/button_Add' is clicked on

2018-05-21 12:24:29 - [MESSAGE][PASSED] - Object: 'Object Repository/PharmacyRequest/Page_Store/button_Add' is clicked on

2018-05-21 12:24:29 - [TEST_STEP][PASSED] - Statement - Break: null

2018-05-21 12:24:29 - [TEST_STEP][PASSED] - selectOptionByIndex: All options with index in [28] are selected on object 'Object Repository/PharmacyRequest/Page_Store/select_--Select--Amlodepin -5'

2018-05-21 12:24:29 - [MESSAGE][PASSED] - All options with index in [28] are selected on object 'Object Repository/PharmacyRequest/Page_Store/select_--Select--Amlodepin -5'

2018-05-21 12:24:29 - [TEST_STEP][PASSED] - delay: Delayed 1 second(s)

2018-05-21 12:24:30 - [MESSAGE][PASSED] - Delayed 1 second(s)

2018-05-21 12:24:30 - [TEST_STEP][PASSED] - Statement - RequestedQty = com.kms.katalon.core.webui.keyword.WebUiBuiltInKeywords.getAttribute(com.kms.katalon.core.testobject.ObjectRepository.findTestObject(PharmacyRequest/Page_Store/input_txttotal), "value"): Attribute 'value' of object 'Object Repository/PharmacyRequest/Page_Store/input_txttotal' is: '10'

2018-05-21 12:24:30 - [MESSAGE][PASSED] - Attribute 'value' of object 'Object Repository/PharmacyRequest/Page_Store/input_txttotal' is: '10'

2018-05-21 12:24:30 - [TEST_STEP][PASSED] - Statement - out.println("Requested QTY : " + RequestedQty): null

2018-05-21 12:24:30 - [TEST_STEP][PASSED] - Statement - BatchNumber = com.kms.katalon.core.webui.keyword.WebUiBuiltInKeywords.getNumberOfTotalOption(com.kms.katalon.core.testobject.ObjectRepository.findTestObject(PharmacyRequest/Page_Store/select_--Select--BA50)): 2 options of object 'Object Repository/PharmacyRequest/Page_Store/select_--Select--BA50' counted

2018-05-21 12:24:30 - [MESSAGE][PASSED] - 2 options of object 'Object Repository/PharmacyRequest/Page_Store/select_--Select--BA50' counted

2018-05-21 12:24:30 - [TEST_STEP][PASSED] - Statement - For ([g = 1, g <= BatchNumber - 1, (g++)]): null

2018-05-21 12:24:30 - [TEST_STEP][PASSED] - selectOptionByIndex: All options with index in [1] are selected on object 'Object Repository/PharmacyRequest/Page_Store/select_--Select--BA50'

2018-05-21 12:24:30 - [MESSAGE][PASSED] - All options with index in [1] are selected on object 'Object Repository/PharmacyRequest/Page_Store/select_--Select--BA50'

2018-05-21 12:24:30 - [TEST_STEP][PASSED] - delay: Delayed 1 second(s)

2018-05-21 12:24:31 - [MESSAGE][PASSED] - Delayed 1 second(s)

2018-05-21 12:24:31 - [TEST_STEP][PASSED] - Statement - StockQty = com.kms.katalon.core.webui.keyword.WebUiBuiltInKeywords.getAttribute(com.kms.katalon.core.testobject.ObjectRepository.findTestObject(PharmacyRequest/Page_Store/input_txtprice), "value"): Attribute 'value' of object 'Object Repository/PharmacyRequest/Page_Store/input_txtprice' is: '10000'

2018-05-21 12:24:31 - [MESSAGE][PASSED] - Attribute 'value' of object 'Object Repository/PharmacyRequest/Page_Store/input_txtprice' is: '10000'

2018-05-21 12:24:31 - [TEST_STEP][PASSED] - Statement - out.println("Stock QTY : " + StockQty): null

2018-05-21 12:24:31 - [TEST_STEP][PASSED] - delay: Delayed 1 second(s)

2018-05-21 12:24:32 - [MESSAGE][PASSED] - Delayed 1 second(s)

2018-05-21 12:24:32 - [TEST_STEP][PASSED] - Statement - If (java.lang.Integer.valueOf(StockQty) >= java.lang.Integer.valueOf(RequestedQty)): null

2018-05-21 12:24:32 - [TEST_STEP][PASSED] - setText: Text '10' is set on object 'Object Repository/PharmacyRequest/Page_Store/input_txtqty'

2018-05-21 12:24:33 - [MESSAGE][PASSED] - Text '10' is set on object 'Object Repository/PharmacyRequest/Page_Store/input_txtqty'

2018-05-21 12:24:33 - [TEST_STEP][PASSED] - click: Object: 'Object Repository/PharmacyRequest/Page_Store/button_Add' is clicked on

2018-05-21 12:24:33 - [MESSAGE][PASSED] - Object: 'Object Repository/PharmacyRequest/Page_Store/button_Add' is clicked on

2018-05-21 12:24:33 - [TEST_STEP][PASSED] - Statement - Break: null

2018-05-21 12:24:33 - [TEST_STEP][PASSED] - selectOptionByIndex: All options with index in [29] are selected on object 'Object Repository/PharmacyRequest/Page_Store/select_--Select--Amlodepin -5'

2018-05-21 12:24:33 - [MESSAGE][PASSED] - All options with index in [29] are selected on object 'Object Repository/PharmacyRequest/Page_Store/select_--Select--Amlodepin -5'

2018-05-21 12:24:33 - [TEST_STEP][PASSED] - delay: Delayed 1 second(s)

2018-05-21 12:24:34 - [MESSAGE][PASSED] - Delayed 1 second(s)

2018-05-21 12:24:34 - [TEST_STEP][PASSED] - Statement - RequestedQty = com.kms.katalon.core.webui.keyword.WebUiBuiltInKeywords.getAttribute(com.kms.katalon.core.testobject.ObjectRepository.findTestObject(PharmacyRequest/Page_Store/input_txttotal), "value"): Attribute 'value' of object 'Object Repository/PharmacyRequest/Page_Store/input_txttotal' is: '10'

2018-05-21 12:24:34 - [MESSAGE][PASSED] - Attribute 'value' of object 'Object Repository/PharmacyRequest/Page_Store/input_txttotal' is: '10'

2018-05-21 12:24:34 - [TEST_STEP][PASSED] - Statement - out.println("Requested QTY : " + RequestedQty): null

2018-05-21 12:24:34 - [TEST_STEP][PASSED] - Statement - BatchNumber = com.kms.katalon.core.webui.keyword.WebUiBuiltInKeywords.getNumberOfTotalOption(com.kms.katalon.core.testobject.ObjectRepository.findTestObject(PharmacyRequest/Page_Store/select_--Select--BA50)): 2 options of object 'Object Repository/PharmacyRequest/Page_Store/select_--Select--BA50' counted

2018-05-21 12:24:34 - [MESSAGE][PASSED] - 2 options of object 'Object Repository/PharmacyRequest/Page_Store/select_--Select--BA50' counted

2018-05-21 12:24:34 - [TEST_STEP][PASSED] - Statement - For ([g = 1, g <= BatchNumber - 1, (g++)]): null

2018-05-21 12:24:34 - [TEST_STEP][PASSED] - selectOptionByIndex: All options with index in [1] are selected on object 'Object Repository/PharmacyRequest/Page_Store/select_--Select--BA50'

2018-05-21 12:24:34 - [MESSAGE][PASSED] - All options with index in [1] are selected on object 'Object Repository/PharmacyRequest/Page_Store/select_--Select--BA50'

2018-05-21 12:24:34 - [TEST_STEP][PASSED] - delay: Delayed 1 second(s)

2018-05-21 12:24:35 - [MESSAGE][PASSED] - Delayed 1 second(s)

2018-05-21 12:24:35 - [TEST_STEP][PASSED] - Statement - StockQty = com.kms.katalon.core.webui.keyword.WebUiBuiltInKeywords.getAttribute(com.kms.katalon.core.testobject.ObjectRepository.findTestObject(PharmacyRequest/Page_Store/input_txtprice), "value"): Attribute 'value' of object 'Object Repository/PharmacyRequest/Page_Store/input_txtprice' is: '9990'

2018-05-21 12:24:35 - [MESSAGE][PASSED] - Attribute 'value' of object 'Object Repository/PharmacyRequest/Page_Store/input_txtprice' is: '9990'

2018-05-21 12:24:35 - [TEST_STEP][PASSED] - Statement - out.println("Stock QTY : " + StockQty): null

2018-05-21 12:24:35 - [TEST_STEP][PASSED] - delay: Delayed 1 second(s)

2018-05-21 12:24:36 - [MESSAGE][PASSED] - Delayed 1 second(s)

2018-05-21 12:24:36 - [TEST_STEP][PASSED] - Statement - If (java.lang.Integer.valueOf(StockQty) >= java.lang.Integer.valueOf(RequestedQty)): null

2018-05-21 12:24:36 - [TEST_STEP][PASSED] - setText: Text '10' is set on object 'Object Repository/PharmacyRequest/Page_Store/input_txtqty'

2018-05-21 12:24:36 - [MESSAGE][PASSED] - Text '10' is set on object 'Object Repository/PharmacyRequest/Page_Store/input_txtqty'

2018-05-21 12:24:36 - [TEST_STEP][PASSED] - click: Object: 'Object Repository/PharmacyRequest/Page_Store/button_Add' is clicked on

2018-05-21 12:24:36 - [MESSAGE][PASSED] - Object: 'Object Repository/PharmacyRequest/Page_Store/button_Add' is clicked on

2018-05-21 12:24:36 - [TEST_STEP][PASSED] - Statement - Break: null

2018-05-21 12:24:36 - [TEST_STEP][PASSED] - selectOptionByIndex: All options with index in [30] are selected on object 'Object Repository/PharmacyRequest/Page_Store/select_--Select--Amlodepin -5'

2018-05-21 12:24:37 - [MESSAGE][PASSED] - All options with index in [30] are selected on object 'Object Repository/PharmacyRequest/Page_Store/select_--Select--Amlodepin -5'

2018-05-21 12:24:37 - [TEST_STEP][PASSED] - delay: Delayed 1 second(s)

2018-05-21 12:24:38 - [MESSAGE][PASSED] - Delayed 1 second(s)

2018-05-21 12:24:38 - [TEST_STEP][PASSED] - Statement - RequestedQty = com.kms.katalon.core.webui.keyword.WebUiBuiltInKeywords.getAttribute(com.kms.katalon.core.testobject.ObjectRepository.findTestObject(PharmacyRequest/Page_Store/input_txttotal), "value"): Attribute 'value' of object 'Object Repository/PharmacyRequest/Page_Store/input_txttotal' is: '10'

2018-05-21 12:24:38 - [MESSAGE][PASSED] - Attribute 'value' of object 'Object Repository/PharmacyRequest/Page_Store/input_txttotal' is: '10'

2018-05-21 12:24:38 - [TEST_STEP][PASSED] - Statement - out.println("Requested QTY : " + RequestedQty): null

2018-05-21 12:24:38 - [TEST_STEP][PASSED] - Statement - BatchNumber = com.kms.katalon.core.webui.keyword.WebUiBuiltInKeywords.getNumberOfTotalOption(com.kms.katalon.core.testobject.ObjectRepository.findTestObject(PharmacyRequest/Page_Store/select_--Select--BA50)): 2 options of object 'Object Repository/PharmacyRequest/Page_Store/select_--Select--BA50' counted

2018-05-21 12:24:38 - [MESSAGE][PASSED] - 2 options of object 'Object Repository/PharmacyRequest/Page_Store/select_--Select--BA50' counted

2018-05-21 12:24:38 - [TEST_STEP][PASSED] - Statement - For ([g = 1, g <= BatchNumber - 1, (g++)]): null

2018-05-21 12:24:38 - [TEST_STEP][PASSED] - selectOptionByIndex: All options with index in [1] are selected on object 'Object Repository/PharmacyRequest/Page_Store/select_--Select--BA50'

2018-05-21 12:24:38 - [MESSAGE][PASSED] - All options with index in [1] are selected on object 'Object Repository/PharmacyRequest/Page_Store/select_--Select--BA50'

2018-05-21 12:24:38 - [TEST_STEP][PASSED] - delay: Delayed 1 second(s)

2018-05-21 12:24:39 - [MESSAGE][PASSED] - Delayed 1 second(s)

2018-05-21 12:24:39 - [TEST_STEP][PASSED] - Statement - StockQty = com.kms.katalon.core.webui.keyword.WebUiBuiltInKeywords.getAttribute(com.kms.katalon.core.testobject.ObjectRepository.findTestObject(PharmacyRequest/Page_Store/input_txtprice), "value"): Attribute 'value' of object 'Object Repository/PharmacyRequest/Page_Store/input_txtprice' is: '10000'

2018-05-21 12:24:39 - [MESSAGE][PASSED] - Attribute 'value' of object 'Object Repository/PharmacyRequest/Page_Store/input_txtprice' is: '10000'

2018-05-21 12:24:39 - [TEST_STEP][PASSED] - Statement - out.println("Stock QTY : " + StockQty): null

2018-05-21 12:24:39 - [TEST_STEP][PASSED] - delay: Delayed 1 second(s)

2018-05-21 12:24:40 - [MESSAGE][PASSED] - Delayed 1 second(s)

2018-05-21 12:24:40 - [TEST_STEP][PASSED] - Statement - If (java.lang.Integer.valueOf(StockQty) >= java.lang.Integer.valueOf(RequestedQty)): null

2018-05-21 12:24:40 - [TEST_STEP][PASSED] - setText: Text '10' is set on object 'Object Repository/PharmacyRequest/Page_Store/input_txtqty'

2018-05-21 12:24:40 - [MESSAGE][PASSED] - Text '10' is set on object 'Object Repository/PharmacyRequest/Page_Store/input_txtqty'

2018-05-21 12:24:40 - [TEST_STEP][PASSED] - click: Object: 'Object Repository/PharmacyRequest/Page_Store/button_Add' is clicked on

2018-05-21 12:24:40 - [MESSAGE][PASSED] - Object: 'Object Repository/PharmacyRequest/Page_Store/button_Add' is clicked on

2018-05-21 12:24:40 - [TEST_STEP][PASSED] - Statement - Break: null

2018-05-21 12:24:40 - [TEST_STEP][PASSED] - selectOptionByIndex: All options with index in [31] are selected on object 'Object Repository/PharmacyRequest/Page_Store/select_--Select--Amlodepin -5'

2018-05-21 12:24:41 - [MESSAGE][PASSED] - All options with index in [31] are selected on object 'Object Repository/PharmacyRequest/Page_Store/select_--Select--Amlodepin -5'

2018-05-21 12:24:41 - [TEST_STEP][PASSED] - delay: Delayed 1 second(s)

2018-05-21 12:24:42 - [MESSAGE][PASSED] - Delayed 1 second(s)

2018-05-21 12:24:42 - [TEST_STEP][PASSED] - Statement - RequestedQty = com.kms.katalon.core.webui.keyword.WebUiBuiltInKeywords.getAttribute(com.kms.katalon.core.testobject.ObjectRepository.findTestObject(PharmacyRequest/Page_Store/input_txttotal), "value"): Attribute 'value' of object 'Object Repository/PharmacyRequest/Page_Store/input_txttotal' is: '10'

2018-05-21 12:24:42 - [MESSAGE][PASSED] - Attribute 'value' of object 'Object Repository/PharmacyRequest/Page_Store/input_txttotal' is: '10'

2018-05-21 12:24:42 - [TEST_STEP][PASSED] - Statement - out.println("Requested QTY : " + RequestedQty): null

2018-05-21 12:24:42 - [TEST_STEP][PASSED] - Statement - BatchNumber = com.kms.katalon.core.webui.keyword.WebUiBuiltInKeywords.getNumberOfTotalOption(com.kms.katalon.core.testobject.ObjectRepository.findTestObject(PharmacyRequest/Page_Store/select_--Select--BA50)): 2 options of object 'Object Repository/PharmacyRequest/Page_Store/select_--Select--BA50' counted

2018-05-21 12:24:42 - [MESSAGE][PASSED] - 2 options of object 'Object Repository/PharmacyRequest/Page_Store/select_--Select--BA50' counted

2018-05-21 12:24:42 - [TEST_STEP][PASSED] - Statement - For ([g = 1, g <= BatchNumber - 1, (g++)]): null

2018-05-21 12:24:42 - [TEST_STEP][PASSED] - selectOptionByIndex: All options with index in [1] are selected on object 'Object Repository/PharmacyRequest/Page_Store/select_--Select--BA50'

2018-05-21 12:24:42 - [MESSAGE][PASSED] - All options with index in [1] are selected on object 'Object Repository/PharmacyRequest/Page_Store/select_--Select--BA50'

2018-05-21 12:24:42 - [TEST_STEP][PASSED] - delay: Delayed 1 second(s)

2018-05-21 12:24:43 - [MESSAGE][PASSED] - Delayed 1 second(s)

2018-05-21 12:24:43 - [TEST_STEP][PASSED] - Statement - StockQty = com.kms.katalon.core.webui.keyword.WebUiBuiltInKeywords.getAttribute(com.kms.katalon.core.testobject.ObjectRepository.findTestObject(PharmacyRequest/Page_Store/input_txtprice), "value"): Attribute 'value' of object 'Object Repository/PharmacyRequest/Page_Store/input_txtprice' is: '10000'

2018-05-21 12:24:43 - [MESSAGE][PASSED] - Attribute 'value' of object 'Object Repository/PharmacyRequest/Page_Store/input_txtprice' is: '10000'

2018-05-21 12:24:43 - [TEST_STEP][PASSED] - Statement - out.println("Stock QTY : " + StockQty): null

2018-05-21 12:24:43 - [TEST_STEP][PASSED] - delay: Delayed 1 second(s)

2018-05-21 12:24:44 - [MESSAGE][PASSED] - Delayed 1 second(s)

2018-05-21 12:24:44 - [TEST_STEP][PASSED] - Statement - If (java.lang.Integer.valueOf(StockQty) >= java.lang.Integer.valueOf(RequestedQty)): null

2018-05-21 12:24:44 - [TEST_STEP][PASSED] - setText: Text '10' is set on object 'Object Repository/PharmacyRequest/Page_Store/input_txtqty'

2018-05-21 12:24:44 - [MESSAGE][PASSED] - Text '10' is set on object 'Object Repository/PharmacyRequest/Page_Store/input_txtqty'

2018-05-21 12:24:44 - [TEST_STEP][PASSED] - click: Object: 'Object Repository/PharmacyRequest/Page_Store/button_Add' is clicked on

2018-05-21 12:24:44 - [MESSAGE][PASSED] - Object: 'Object Repository/PharmacyRequest/Page_Store/button_Add' is clicked on

2018-05-21 12:24:44 - [TEST_STEP][PASSED] - Statement - Break: null

2018-05-21 12:24:44 - [TEST_STEP][PASSED] - selectOptionByIndex: All options with index in [32] are selected on object 'Object Repository/PharmacyRequest/Page_Store/select_--Select--Amlodepin -5'

2018-05-21 12:24:44 - [MESSAGE][PASSED] - All options with index in [32] are selected on object 'Object Repository/PharmacyRequest/Page_Store/select_--Select--Amlodepin -5'

2018-05-21 12:24:44 - [TEST_STEP][PASSED] - delay: Delayed 1 second(s)

2018-05-21 12:24:45 - [MESSAGE][PASSED] - Delayed 1 second(s)

2018-05-21 12:24:45 - [TEST_STEP][PASSED] - Statement - RequestedQty = com.kms.katalon.core.webui.keyword.WebUiBuiltInKeywords.getAttribute(com.kms.katalon.core.testobject.ObjectRepository.findTestObject(PharmacyRequest/Page_Store/input_txttotal), "value"): Attribute 'value' of object 'Object Repository/PharmacyRequest/Page_Store/input_txttotal' is: '10'

2018-05-21 12:24:46 - [MESSAGE][PASSED] - Attribute 'value' of object 'Object Repository/PharmacyRequest/Page_Store/input_txttotal' is: '10'

2018-05-21 12:24:46 - [TEST_STEP][PASSED] - Statement - out.println("Requested QTY : " + RequestedQty): null

2018-05-21 12:24:46 - [TEST_STEP][PASSED] - Statement - BatchNumber = com.kms.katalon.core.webui.keyword.WebUiBuiltInKeywords.getNumberOfTotalOption(com.kms.katalon.core.testobject.ObjectRepository.findTestObject(PharmacyRequest/Page_Store/select_--Select--BA50)): 2 options of object 'Object Repository/PharmacyRequest/Page_Store/select_--Select--BA50' counted

2018-05-21 12:24:46 - [MESSAGE][PASSED] - 2 options of object 'Object Repository/PharmacyRequest/Page_Store/select_--Select--BA50' counted

2018-05-21 12:24:46 - [TEST_STEP][PASSED] - Statement - For ([g = 1, g <= BatchNumber - 1, (g++)]): null

2018-05-21 12:24:46 - [TEST_STEP][PASSED] - selectOptionByIndex: All options with index in [1] are selected on object 'Object Repository/PharmacyRequest/Page_Store/select_--Select--BA50'

2018-05-21 12:24:46 - [MESSAGE][PASSED] - All options with index in [1] are selected on object 'Object Repository/PharmacyRequest/Page_Store/select_--Select--BA50'

2018-05-21 12:24:46 - [TEST_STEP][PASSED] - delay: Delayed 1 second(s)

2018-05-21 12:24:47 - [MESSAGE][PASSED] - Delayed 1 second(s)

2018-05-21 12:24:47 - [TEST_STEP][PASSED] - Statement - StockQty = com.kms.katalon.core.webui.keyword.WebUiBuiltInKeywords.getAttribute(com.kms.katalon.core.testobject.ObjectRepository.findTestObject(PharmacyRequest/Page_Store/input_txtprice), "value"): Attribute 'value' of object 'Object Repository/PharmacyRequest/Page_Store/input_txtprice' is: '9990'

2018-05-21 12:24:47 - [MESSAGE][PASSED] - Attribute 'value' of object 'Object Repository/PharmacyRequest/Page_Store/input_txtprice' is: '9990'

2018-05-21 12:24:47 - [TEST_STEP][PASSED] - Statement - out.println("Stock QTY : " + StockQty): null

2018-05-21 12:24:47 - [TEST_STEP][PASSED] - delay: Delayed 1 second(s)

2018-05-21 12:24:48 - [MESSAGE][PASSED] - Delayed 1 second(s)

2018-05-21 12:24:48 - [TEST_STEP][PASSED] - Statement - If (java.lang.Integer.valueOf(StockQty) >= java.lang.Integer.valueOf(RequestedQty)): null

2018-05-21 12:24:48 - [TEST_STEP][PASSED] - setText: Text '10' is set on object 'Object Repository/PharmacyRequest/Page_Store/input_txtqty'

2018-05-21 12:24:48 - [MESSAGE][PASSED] - Text '10' is set on object 'Object Repository/PharmacyRequest/Page_Store/input_txtqty'

2018-05-21 12:24:48 - [TEST_STEP][PASSED] - click: Object: 'Object Repository/PharmacyRequest/Page_Store/button_Add' is clicked on

2018-05-21 12:24:48 - [MESSAGE][PASSED] - Object: 'Object Repository/PharmacyRequest/Page_Store/button_Add' is clicked on

2018-05-21 12:24:48 - [TEST_STEP][PASSED] - Statement - Break: null

2018-05-21 12:24:48 - [TEST_STEP][PASSED] - selectOptionByIndex: All options with index in [33] are selected on object 'Object Repository/PharmacyRequest/Page_Store/select_--Select--Amlodepin -5'

2018-05-21 12:24:48 - [MESSAGE][PASSED] - All options with index in [33] are selected on object 'Object Repository/PharmacyRequest/Page_Store/select_--Select--Amlodepin -5'

2018-05-21 12:24:48 - [TEST_STEP][PASSED] - delay: Delayed 1 second(s)

2018-05-21 12:24:49 - [MESSAGE][PASSED] - Delayed 1 second(s)

2018-05-21 12:24:49 - [TEST_STEP][PASSED] - Statement - RequestedQty = com.kms.katalon.core.webui.keyword.WebUiBuiltInKeywords.getAttribute(com.kms.katalon.core.testobject.ObjectRepository.findTestObject(PharmacyRequest/Page_Store/input_txttotal), "value"): Attribute 'value' of object 'Object Repository/PharmacyRequest/Page_Store/input_txttotal' is: '10'

2018-05-21 12:24:50 - [MESSAGE][PASSED] - Attribute 'value' of object 'Object Repository/PharmacyRequest/Page_Store/input_txttotal' is: '10'

2018-05-21 12:24:50 - [TEST_STEP][PASSED] - Statement - out.println("Requested QTY : " + RequestedQty): null

2018-05-21 12:24:50 - [TEST_STEP][PASSED] - Statement - BatchNumber = com.kms.katalon.core.webui.keyword.WebUiBuiltInKeywords.getNumberOfTotalOption(com.kms.katalon.core.testobject.ObjectRepository.findTestObject(PharmacyRequest/Page_Store/select_--Select--BA50)): 2 options of object 'Object Repository/PharmacyRequest/Page_Store/select_--Select--BA50' counted

2018-05-21 12:24:50 - [MESSAGE][PASSED] - 2 options of object 'Object Repository/PharmacyRequest/Page_Store/select_--Select--BA50' counted

2018-05-21 12:24:50 - [TEST_STEP][PASSED] - Statement - For ([g = 1, g <= BatchNumber - 1, (g++)]): null

2018-05-21 12:24:50 - [TEST_STEP][PASSED] - selectOptionByIndex: All options with index in [1] are selected on object 'Object Repository/PharmacyRequest/Page_Store/select_--Select--BA50'

2018-05-21 12:24:50 - [MESSAGE][PASSED] - All options with index in [1] are selected on object 'Object Repository/PharmacyRequest/Page_Store/select_--Select--BA50'

2018-05-21 12:24:50 - [TEST_STEP][PASSED] - delay: Delayed 1 second(s)

2018-05-21 12:24:51 - [MESSAGE][PASSED] - Delayed 1 second(s)

2018-05-21 12:24:51 - [TEST_STEP][PASSED] - Statement - StockQty = com.kms.katalon.core.webui.keyword.WebUiBuiltInKeywords.getAttribute(com.kms.katalon.core.testobject.ObjectRepository.findTestObject(PharmacyRequest/Page_Store/input_txtprice), "value"): Attribute 'value' of object 'Object Repository/PharmacyRequest/Page_Store/input_txtprice' is: '9990'

2018-05-21 12:24:51 - [MESSAGE][PASSED] - Attribute 'value' of object 'Object Repository/PharmacyRequest/Page_Store/input_txtprice' is: '9990'

2018-05-21 12:24:51 - [TEST_STEP][PASSED] - Statement - out.println("Stock QTY : " + StockQty): null

2018-05-21 12:24:51 - [TEST_STEP][PASSED] - delay: Delayed 1 second(s)

2018-05-21 12:24:52 - [MESSAGE][PASSED] - Delayed 1 second(s)

2018-05-21 12:24:52 - [TEST_STEP][PASSED] - Statement - If (java.lang.Integer.valueOf(StockQty) >= java.lang.Integer.valueOf(RequestedQty)): null

2018-05-21 12:24:52 - [TEST_STEP][PASSED] - setText: Text '10' is set on object 'Object Repository/PharmacyRequest/Page_Store/input_txtqty'

2018-05-21 12:24:52 - [MESSAGE][PASSED] - Text '10' is set on object 'Object Repository/PharmacyRequest/Page_Store/input_txtqty'

2018-05-21 12:24:52 - [TEST_STEP][PASSED] - click: Object: 'Object Repository/PharmacyRequest/Page_Store/button_Add' is clicked on

2018-05-21 12:24:52 - [MESSAGE][PASSED] - Object: 'Object Repository/PharmacyRequest/Page_Store/button_Add' is clicked on

2018-05-21 12:24:52 - [TEST_STEP][PASSED] - Statement - Break: null

2018-05-21 12:24:52 - [TEST_STEP][PASSED] - selectOptionByIndex: All options with index in [34] are selected on object 'Object Repository/PharmacyRequest/Page_Store/select_--Select--Amlodepin -5'

2018-05-21 12:24:52 - [MESSAGE][PASSED] - All options with index in [34] are selected on object 'Object Repository/PharmacyRequest/Page_Store/select_--Select--Amlodepin -5'

2018-05-21 12:24:52 - [TEST_STEP][PASSED] - delay: Delayed 1 second(s)

2018-05-21 12:24:53 - [MESSAGE][PASSED] - Delayed 1 second(s)

2018-05-21 12:24:53 - [TEST_STEP][PASSED] - Statement - RequestedQty = com.kms.katalon.core.webui.keyword.WebUiBuiltInKeywords.getAttribute(com.kms.katalon.core.testobject.ObjectRepository.findTestObject(PharmacyRequest/Page_Store/input_txttotal), "value"): Attribute 'value' of object 'Object Repository/PharmacyRequest/Page_Store/input_txttotal' is: '10'

2018-05-21 12:24:53 - [MESSAGE][PASSED] - Attribute 'value' of object 'Object Repository/PharmacyRequest/Page_Store/input_txttotal' is: '10'

2018-05-21 12:24:53 - [TEST_STEP][PASSED] - Statement - out.println("Requested QTY : " + RequestedQty): null

2018-05-21 12:24:53 - [TEST_STEP][PASSED] - Statement - BatchNumber = com.kms.katalon.core.webui.keyword.WebUiBuiltInKeywords.getNumberOfTotalOption(com.kms.katalon.core.testobject.ObjectRepository.findTestObject(PharmacyRequest/Page_Store/select_--Select--BA50)): 2 options of object 'Object Repository/PharmacyRequest/Page_Store/select_--Select--BA50' counted

2018-05-21 12:24:53 - [MESSAGE][PASSED] - 2 options of object 'Object Repository/PharmacyRequest/Page_Store/select_--Select--BA50' counted

2018-05-21 12:24:53 - [TEST_STEP][PASSED] - Statement - For ([g = 1, g <= BatchNumber - 1, (g++)]): null

2018-05-21 12:24:53 - [TEST_STEP][PASSED] - selectOptionByIndex: All options with index in [1] are selected on object 'Object Repository/PharmacyRequest/Page_Store/select_--Select--BA50'

2018-05-21 12:24:54 - [MESSAGE][PASSED] - All options with index in [1] are selected on object 'Object Repository/PharmacyRequest/Page_Store/select_--Select--BA50'

2018-05-21 12:24:54 - [TEST_STEP][PASSED] - delay: Delayed 1 second(s)

2018-05-21 12:24:55 - [MESSAGE][PASSED] - Delayed 1 second(s)

2018-05-21 12:24:55 - [TEST_STEP][PASSED] - Statement - StockQty = com.kms.katalon.core.webui.keyword.WebUiBuiltInKeywords.getAttribute(com.kms.katalon.core.testobject.ObjectRepository.findTestObject(PharmacyRequest/Page_Store/input_txtprice), "value"): Attribute 'value' of object 'Object Repository/PharmacyRequest/Page_Store/input_txtprice' is: '9990'

2018-05-21 12:24:55 - [MESSAGE][PASSED] - Attribute 'value' of object 'Object Repository/PharmacyRequest/Page_Store/input_txtprice' is: '9990'

2018-05-21 12:24:55 - [TEST_STEP][PASSED] - Statement - out.println("Stock QTY : " + StockQty): null

2018-05-21 12:24:55 - [TEST_STEP][PASSED] - delay: Delayed 1 second(s)

2018-05-21 12:24:56 - [MESSAGE][PASSED] - Delayed 1 second(s)

2018-05-21 12:24:56 - [TEST_STEP][PASSED] - Statement - If (java.lang.Integer.valueOf(StockQty) >= java.lang.Integer.valueOf(RequestedQty)): null

2018-05-21 12:24:56 - [TEST_STEP][PASSED] - setText: Text '10' is set on object 'Object Repository/PharmacyRequest/Page_Store/input_txtqty'

2018-05-21 12:24:56 - [MESSAGE][PASSED] - Text '10' is set on object 'Object Repository/PharmacyRequest/Page_Store/input_txtqty'

2018-05-21 12:24:56 - [TEST_STEP][PASSED] - click: Object: 'Object Repository/PharmacyRequest/Page_Store/button_Add' is clicked on

2018-05-21 12:24:56 - [MESSAGE][PASSED] - Object: 'Object Repository/PharmacyRequest/Page_Store/button_Add' is clicked on

2018-05-21 12:24:56 - [TEST_STEP][PASSED] - Statement - Break: null

2018-05-21 12:24:56 - [TEST_STEP][PASSED] - selectOptionByIndex: All options with index in [35] are selected on object 'Object Repository/PharmacyRequest/Page_Store/select_--Select--Amlodepin -5'

2018-05-21 12:24:56 - [MESSAGE][PASSED] - All options with index in [35] are selected on object 'Object Repository/PharmacyRequest/Page_Store/select_--Select--Amlodepin -5'

2018-05-21 12:24:56 - [TEST_STEP][PASSED] - delay: Delayed 1 second(s)

2018-05-21 12:24:57 - [MESSAGE][PASSED] - Delayed 1 second(s)

2018-05-21 12:24:57 - [TEST_STEP][PASSED] - Statement - RequestedQty = com.kms.katalon.core.webui.keyword.WebUiBuiltInKeywords.getAttribute(com.kms.katalon.core.testobject.ObjectRepository.findTestObject(PharmacyRequest/Page_Store/input_txttotal), "value"): Attribute 'value' of object 'Object Repository/PharmacyRequest/Page_Store/input_txttotal' is: '10'

2018-05-21 12:24:57 - [MESSAGE][PASSED] - Attribute 'value' of object 'Object Repository/PharmacyRequest/Page_Store/input_txttotal' is: '10'

2018-05-21 12:24:57 - [TEST_STEP][PASSED] - Statement - out.println("Requested QTY : " + RequestedQty): null

2018-05-21 12:24:57 - [TEST_STEP][PASSED] - Statement - BatchNumber = com.kms.katalon.core.webui.keyword.WebUiBuiltInKeywords.getNumberOfTotalOption(com.kms.katalon.core.testobject.ObjectRepository.findTestObject(PharmacyRequest/Page_Store/select_--Select--BA50)): 2 options of object 'Object Repository/PharmacyRequest/Page_Store/select_--Select--BA50' counted

2018-05-21 12:24:57 - [MESSAGE][PASSED] - 2 options of object 'Object Repository/PharmacyRequest/Page_Store/select_--Select--BA50' counted

2018-05-21 12:24:57 - [TEST_STEP][PASSED] - Statement - For ([g = 1, g <= BatchNumber - 1, (g++)]): null

2018-05-21 12:24:57 - [TEST_STEP][PASSED] - selectOptionByIndex: All options with index in [1] are selected on object 'Object Repository/PharmacyRequest/Page_Store/select_--Select--BA50'

2018-05-21 12:24:57 - [MESSAGE][PASSED] - All options with index in [1] are selected on object 'Object Repository/PharmacyRequest/Page_Store/select_--Select--BA50'

2018-05-21 12:24:57 - [TEST_STEP][PASSED] - delay: Delayed 1 second(s)

2018-05-21 12:24:58 - [MESSAGE][PASSED] - Delayed 1 second(s)

2018-05-21 12:24:58 - [TEST_STEP][PASSED] - Statement - StockQty = com.kms.katalon.core.webui.keyword.WebUiBuiltInKeywords.getAttribute(com.kms.katalon.core.testobject.ObjectRepository.findTestObject(PharmacyRequest/Page_Store/input_txtprice), "value"): Attribute 'value' of object 'Object Repository/PharmacyRequest/Page_Store/input_txtprice' is: '9990'

2018-05-21 12:24:58 - [MESSAGE][PASSED] - Attribute 'value' of object 'Object Repository/PharmacyRequest/Page_Store/input_txtprice' is: '9990'

2018-05-21 12:24:58 - [TEST_STEP][PASSED] - Statement - out.println("Stock QTY : " + StockQty): null

2018-05-21 12:24:58 - [TEST_STEP][PASSED] - delay: Delayed 1 second(s)

2018-05-21 12:24:59 - [MESSAGE][PASSED] - Delayed 1 second(s)

2018-05-21 12:24:59 - [TEST_STEP][PASSED] - Statement - If (java.lang.Integer.valueOf(StockQty) >= java.lang.Integer.valueOf(RequestedQty)): null

2018-05-21 12:24:59 - [TEST_STEP][PASSED] - setText: Text '10' is set on object 'Object Repository/PharmacyRequest/Page_Store/input_txtqty'

2018-05-21 12:25:00 - [MESSAGE][PASSED] - Text '10' is set on object 'Object Repository/PharmacyRequest/Page_Store/input_txtqty'

2018-05-21 12:25:00 - [TEST_STEP][PASSED] - click: Object: 'Object Repository/PharmacyRequest/Page_Store/button_Add' is clicked on

2018-05-21 12:25:00 - [MESSAGE][PASSED] - Object: 'Object Repository/PharmacyRequest/Page_Store/button_Add' is clicked on

2018-05-21 12:25:00 - [TEST_STEP][PASSED] - Statement - Break: null

2018-05-21 12:25:00 - [TEST_STEP][PASSED] - selectOptionByIndex: All options with index in [36] are selected on object 'Object Repository/PharmacyRequest/Page_Store/select_--Select--Amlodepin -5'

2018-05-21 12:25:00 - [MESSAGE][PASSED] - All options with index in [36] are selected on object 'Object Repository/PharmacyRequest/Page_Store/select_--Select--Amlodepin -5'

2018-05-21 12:25:00 - [TEST_STEP][PASSED] - delay: Delayed 1 second(s)

2018-05-21 12:25:01 - [MESSAGE][PASSED] - Delayed 1 second(s)

2018-05-21 12:25:01 - [TEST_STEP][PASSED] - Statement - RequestedQty = com.kms.katalon.core.webui.keyword.WebUiBuiltInKeywords.getAttribute(com.kms.katalon.core.testobject.ObjectRepository.findTestObject(PharmacyRequest/Page_Store/input_txttotal), "value"): Attribute 'value' of object 'Object Repository/PharmacyRequest/Page_Store/input_txttotal' is: '10'

2018-05-21 12:25:01 - [MESSAGE][PASSED] - Attribute 'value' of object 'Object Repository/PharmacyRequest/Page_Store/input_txttotal' is: '10'

2018-05-21 12:25:01 - [TEST_STEP][PASSED] - Statement - out.println("Requested QTY : " + RequestedQty): null

2018-05-21 12:25:01 - [TEST_STEP][PASSED] - Statement - BatchNumber = com.kms.katalon.core.webui.keyword.WebUiBuiltInKeywords.getNumberOfTotalOption(com.kms.katalon.core.testobject.ObjectRepository.findTestObject(PharmacyRequest/Page_Store/select_--Select--BA50)): 2 options of object 'Object Repository/PharmacyRequest/Page_Store/select_--Select--BA50' counted

2018-05-21 12:25:01 - [MESSAGE][PASSED] - 2 options of object 'Object Repository/PharmacyRequest/Page_Store/select_--Select--BA50' counted

2018-05-21 12:25:01 - [TEST_STEP][PASSED] - Statement - For ([g = 1, g <= BatchNumber - 1, (g++)]): null

2018-05-21 12:25:01 - [TEST_STEP][PASSED] - selectOptionByIndex: All options with index in [1] are selected on object 'Object Repository/PharmacyRequest/Page_Store/select_--Select--BA50'

2018-05-21 12:25:01 - [MESSAGE][PASSED] - All options with index in [1] are selected on object 'Object Repository/PharmacyRequest/Page_Store/select_--Select--BA50'

2018-05-21 12:25:01 - [TEST_STEP][PASSED] - delay: Delayed 1 second(s)

2018-05-21 12:25:02 - [MESSAGE][PASSED] - Delayed 1 second(s)

2018-05-21 12:25:02 - [TEST_STEP][PASSED] - Statement - StockQty = com.kms.katalon.core.webui.keyword.WebUiBuiltInKeywords.getAttribute(com.kms.katalon.core.testobject.ObjectRepository.findTestObject(PharmacyRequest/Page_Store/input_txtprice), "value"): Attribute 'value' of object 'Object Repository/PharmacyRequest/Page_Store/input_txtprice' is: '10000'

2018-05-21 12:25:02 - [MESSAGE][PASSED] - Attribute 'value' of object 'Object Repository/PharmacyRequest/Page_Store/input_txtprice' is: '10000'

2018-05-21 12:25:02 - [TEST_STEP][PASSED] - Statement - out.println("Stock QTY : " + StockQty): null

2018-05-21 12:25:02 - [TEST_STEP][PASSED] - delay: Delayed 1 second(s)

2018-05-21 12:25:03 - [MESSAGE][PASSED] - Delayed 1 second(s)

2018-05-21 12:25:03 - [TEST_STEP][PASSED] - Statement - If (java.lang.Integer.valueOf(StockQty) >= java.lang.Integer.valueOf(RequestedQty)): null

2018-05-21 12:25:03 - [TEST_STEP][PASSED] - setText: Text '10' is set on object 'Object Repository/PharmacyRequest/Page_Store/input_txtqty'

2018-05-21 12:25:03 - [MESSAGE][PASSED] - Text '10' is set on object 'Object Repository/PharmacyRequest/Page_Store/input_txtqty'

2018-05-21 12:25:03 - [TEST_STEP][PASSED] - click: Object: 'Object Repository/PharmacyRequest/Page_Store/button_Add' is clicked on

2018-05-21 12:25:04 - [MESSAGE][PASSED] - Object: 'Object Repository/PharmacyRequest/Page_Store/button_Add' is clicked on

2018-05-21 12:25:04 - [TEST_STEP][PASSED] - Statement - Break: null

2018-05-21 12:25:04 - [TEST_STEP][PASSED] - scrollToElement: Scroll to object 'Object Repository/PharmacyRequest/Page_Store/input_btnSubmit' successfully

2018-05-21 12:25:04 - [MESSAGE][PASSED] - Scroll to object 'Object Repository/PharmacyRequest/Page_Store/input_btnSubmit' successfully

2018-05-21 12:25:04 - [TEST_STEP][PASSED] - click: Object: 'Object Repository/PharmacyRequest/Page_Store/input_btnSubmit' is clicked on

2018-05-21 12:25:04 - [MESSAGE][PASSED] - Object: 'Object Repository/PharmacyRequest/Page_Store/input_btnSubmit' is clicked on

2018-05-21 12:25:04 - [TEST_STEP][PASSED] - delay: Delayed 3 second(s)

2018-05-21 12:25:07 - [MESSAGE][PASSED] - Delayed 3 second(s)

2018-05-21 12:25:07 - [TEST_STEP][PASSED] - click: Object: 'Object Repository/PharmacyRequest/Page_Store/button_OK' is clicked on

2018-05-21 12:25:07 - [MESSAGE][PASSED] - Object: 'Object Repository/PharmacyRequest/Page_Store/button_OK' is clicked on

2018-05-21 12:25:07 - [TEST_STEP][PASSED] - delay: Delayed 3 second(s)

2018-05-21 12:25:10 - [MESSAGE][PASSED] - Delayed 3 second(s)

2018-05-21 12:25:10 - [TEST_STEP][PASSED] - click: Object: 'Object Repository/PharmacyRequest/Page_Store/a_dropdown-toggle' is clicked on

2018-05-21 12:25:10 - [MESSAGE][PASSED] - Object: 'Object Repository/PharmacyRequest/Page_Store/a_dropdown-toggle' is clicked on

2018-05-21 12:25:10 - [TEST_STEP][PASSED] - click: Object: 'Object Repository/PharmacyRequest/Page_Store/a_Sign out' is clicked on

2018-05-21 12:25:11 - [MESSAGE][PASSED] - Object: 'Object Repository/PharmacyRequest/Page_Store/a_Sign out' is clicked on

2018-05-21 12:25:11 - [TEST_STEP][PASSED] - closeBrowser: Browser is closed

2018-05-21 12:25:11 - [MESSAGE][PASSED] - Browser is closed

2018-05-21 12:25:11 - [TEST_STEP][PASSED] - Statement - out.println("Schedule 3 Pharmacy Request Are Working Successfully"): null]]></system-out>
         <system-err><![CDATA[]]></system-err>
      </testcase>
      <testcase name="Test Cases/PHARMACY TEST CASES/TC_PHAR_004 Verify Schedule 4 Pharmacy Request Are Working Successfully Or Not" classname="Test Cases/PHARMACY TEST CASES/TC_PHAR_004 Verify Schedule 4 Pharmacy Request Are Working Successfully Or Not" status="FAILED">
         <failure type="FAILED" message="Unable to set text '10' of object 'Object Repository/PharmacyRequest/Page_KDMC-Pharmacy/input_txttreat' (Root cause: org.openqa.selenium.WebDriverException: unknown error: cannot focus element
  (Session info: chrome=66.0.3359.139)
  (Driver info: chromedriver=2.35.528161 (5b82f2d2aae0ca24b877009200ced9065a772e73),platform=Windows NT 10.0.17134 x86_64) (WARNING: The server did not provide any stacktrace information)
Command duration or timeout: 0 milliseconds
Build info: version: '3.7.1', revision: '8a0099a', time: '2017-11-06T21:07:36.161Z'
System info: host: 'DESKTOP-BLFTK83', ip: '192.168.71.2', os.name: 'Windows 10', os.arch: 'amd64', os.version: '10.0', java.version: '1.8.0_102'
Driver info: com.kms.katalon.selenium.driver.CChromeDriver
Capabilities {acceptInsecureCerts: false, acceptSslCerts: false, applicationCacheEnabled: false, browserConnectionEnabled: false, browserName: chrome, chrome: {chromedriverVersion: 2.35.528161 (5b82f2d2aae0ca..., userDataDir: C:\Users\QUALIT~1\AppData\L...}, cssSelectorsEnabled: true, databaseEnabled: false, handlesAlerts: true, hasTouchScreen: false, javascriptEnabled: true, locationContextEnabled: true, mobileEmulationEnabled: false, nativeEvents: true, networkConnectionEnabled: false, pageLoadStrategy: normal, platform: XP, platformName: XP, rotatable: false, setWindowRect: true, takesHeapSnapshot: true, takesScreenshot: true, unexpectedAlertBehaviour: , unhandledPromptBehavior: , version: 66.0.3359.139, webStorageEnabled: true}
Session ID: 2418a0ab68ea2429fde5a1c11fd37084)"/>
         <system-out><![CDATA[2018-05-21 12:25:11 - [TEST_CASE][FAILED] - Test Cases/PHARMACY TEST CASES/TC_PHAR_004 Verify Schedule 4 Pharmacy Request Are Working Successfully Or Not: Test Cases/PHARMACY TEST CASES/TC_PHAR_004 Verify Schedule 4 Pharmacy Request Are Working Successfully Or Not FAILED because (of) Unable to set text '10' of object 'Object Repository/PharmacyRequest/Page_KDMC-Pharmacy/input_txttreat' (Root cause: org.openqa.selenium.WebDriverException: unknown error: cannot focus element
  (Session info: chrome=66.0.3359.139)
  (Driver info: chromedriver=2.35.528161 (5b82f2d2aae0ca24b877009200ced9065a772e73),platform=Windows NT 10.0.17134 x86_64) (WARNING: The server did not provide any stacktrace information)
Command duration or timeout: 0 milliseconds
Build info: version: '3.7.1', revision: '8a0099a', time: '2017-11-06T21:07:36.161Z'
System info: host: 'DESKTOP-BLFTK83', ip: '192.168.71.2', os.name: 'Windows 10', os.arch: 'amd64', os.version: '10.0', java.version: '1.8.0_102'
Driver info: com.kms.katalon.selenium.driver.CChromeDriver
Capabilities {acceptInsecureCerts: false, acceptSslCerts: false, applicationCacheEnabled: false, browserConnectionEnabled: false, browserName: chrome, chrome: {chromedriverVersion: 2.35.528161 (5b82f2d2aae0ca..., userDataDir: C:\Users\QUALIT~1\AppData\L...}, cssSelectorsEnabled: true, databaseEnabled: false, handlesAlerts: true, hasTouchScreen: false, javascriptEnabled: true, locationContextEnabled: true, mobileEmulationEnabled: false, nativeEvents: true, networkConnectionEnabled: false, pageLoadStrategy: normal, platform: XP, platformName: XP, rotatable: false, setWindowRect: true, takesHeapSnapshot: true, takesScreenshot: true, unexpectedAlertBehaviour: , unhandledPromptBehavior: , version: 66.0.3359.139, webStorageEnabled: true}
Session ID: 2418a0ab68ea2429fde5a1c11fd37084)

2018-05-21 12:25:12 - [TEST_STEP][PASSED] - openBrowser: Browser is opened with url: ''

2018-05-21 12:25:14 - [MESSAGE][PASSED] - Browser is opened with url: ''

2018-05-21 12:25:14 - [TEST_STEP][PASSED] - Statement - out.println("Verify Schedule 4 Pharmacy Request Are Working Successfully Or Not"): null

2018-05-21 12:25:14 - [TEST_STEP][PASSED] - navigateToUrl: Navigate to 'http://192.168.137.1/multihospital_new/' successfully

2018-05-21 12:25:17 - [MESSAGE][PASSED] - Navigate to 'http://192.168.137.1/multihospital_new/' successfully

2018-05-21 12:25:17 - [TEST_STEP][PASSED] - maximizeWindow: Current window maximized

2018-05-21 12:25:18 - [MESSAGE][PASSED] - Current window maximized

2018-05-21 12:25:18 - [TEST_STEP][PASSED] - click: Object: 'Object Repository/PharmacyRequest/Page_KDMC/a_Pharmacy' is clicked on

2018-05-21 12:25:19 - [MESSAGE][PASSED] - Object: 'Object Repository/PharmacyRequest/Page_KDMC/a_Pharmacy' is clicked on

2018-05-21 12:25:19 - [TEST_STEP][PASSED] - setText: Text 'raja' is set on object 'Object Repository/PharmacyRequest/Page_Pharmacy login/input_txtusername'

2018-05-21 12:25:19 - [MESSAGE][PASSED] - Text 'raja' is set on object 'Object Repository/PharmacyRequest/Page_Pharmacy login/input_txtusername'

2018-05-21 12:25:19 - [TEST_STEP][PASSED] - setText: Text '123' is set on object 'Object Repository/PharmacyRequest/Page_Pharmacy login/input_txtpassword'

2018-05-21 12:25:20 - [MESSAGE][PASSED] - Text '123' is set on object 'Object Repository/PharmacyRequest/Page_Pharmacy login/input_txtpassword'

2018-05-21 12:25:20 - [TEST_STEP][PASSED] - delay: Delayed 3 second(s)

2018-05-21 12:25:23 - [MESSAGE][PASSED] - Delayed 3 second(s)

2018-05-21 12:25:23 - [TEST_STEP][PASSED] - click: Object: 'Object Repository/PharmacyRequest/Page_Pharmacy login/button_Sign in' is clicked on

2018-05-21 12:25:24 - [MESSAGE][PASSED] - Object: 'Object Repository/PharmacyRequest/Page_Pharmacy login/button_Sign in' is clicked on

2018-05-21 12:25:24 - [TEST_STEP][PASSED] - delay: Delayed 3 second(s)

2018-05-21 12:25:27 - [MESSAGE][PASSED] - Delayed 3 second(s)

2018-05-21 12:25:27 - [TEST_STEP][PASSED] - click: Object: 'Object Repository/PharmacyRequest/Page_KDMC - Pharmacy/a_Inventory' is clicked on

2018-05-21 12:25:28 - [MESSAGE][PASSED] - Object: 'Object Repository/PharmacyRequest/Page_KDMC - Pharmacy/a_Inventory' is clicked on

2018-05-21 12:25:28 - [TEST_STEP][PASSED] - delay: Delayed 3 second(s)

2018-05-21 12:25:31 - [MESSAGE][PASSED] - Delayed 3 second(s)

2018-05-21 12:25:31 - [TEST_STEP][PASSED] - click: Object: 'Object Repository/PharmacyRequest/Page_KDMC-Pharmacy/a_Store Request' is clicked on

2018-05-21 12:25:31 - [MESSAGE][PASSED] - Object: 'Object Repository/PharmacyRequest/Page_KDMC-Pharmacy/a_Store Request' is clicked on

2018-05-21 12:25:31 - [TEST_STEP][PASSED] - click: Object: 'Object Repository/PharmacyRequest/Page_KDMC-Pharmacy/a_Medicine Request' is clicked on

2018-05-21 12:25:32 - [MESSAGE][PASSED] - Object: 'Object Repository/PharmacyRequest/Page_KDMC-Pharmacy/a_Medicine Request' is clicked on

2018-05-21 12:25:32 - [TEST_STEP][PASSED] - selectOptionByIndex: All options with index in [4] are selected on object 'Object Repository/PharmacyRequest/Page_KDMC-Pharmacy/select_--Select--Schedule 1Inj'

2018-05-21 12:25:32 - [MESSAGE][PASSED] - All options with index in [4] are selected on object 'Object Repository/PharmacyRequest/Page_KDMC-Pharmacy/select_--Select--Schedule 1Inj'

2018-05-21 12:25:32 - [TEST_STEP][PASSED] - Statement - MedicineLength = com.kms.katalon.core.webui.keyword.WebUiBuiltInKeywords.getNumberOfTotalOption(com.kms.katalon.core.testobject.ObjectRepository.findTestObject(PharmacyRequest/Page_KDMC-Pharmacy/select_--Select--Albendazole)): 16 options of object 'Object Repository/PharmacyRequest/Page_KDMC-Pharmacy/select_--Select--Albendazole' counted

2018-05-21 12:25:32 - [MESSAGE][PASSED] - 16 options of object 'Object Repository/PharmacyRequest/Page_KDMC-Pharmacy/select_--Select--Albendazole' counted

2018-05-21 12:25:32 - [TEST_STEP][FAILED] - Statement - For ([l = 1, l <= MedicineLength - 1, (l++)]): Unable to set text '10' of object 'Object Repository/PharmacyRequest/Page_KDMC-Pharmacy/input_txttreat' (Root cause: org.openqa.selenium.WebDriverException: unknown error: cannot focus element
  (Session info: chrome=66.0.3359.139)
  (Driver info: chromedriver=2.35.528161 (5b82f2d2aae0ca24b877009200ced9065a772e73),platform=Windows NT 10.0.17134 x86_64) (WARNING: The server did not provide any stacktrace information)
Command duration or timeout: 0 milliseconds
Build info: version: '3.7.1', revision: '8a0099a', time: '2017-11-06T21:07:36.161Z'
System info: host: 'DESKTOP-BLFTK83', ip: '192.168.71.2', os.name: 'Windows 10', os.arch: 'amd64', os.version: '10.0', java.version: '1.8.0_102'
Driver info: com.kms.katalon.selenium.driver.CChromeDriver
Capabilities {acceptInsecureCerts: false, acceptSslCerts: false, applicationCacheEnabled: false, browserConnectionEnabled: false, browserName: chrome, chrome: {chromedriverVersion: 2.35.528161 (5b82f2d2aae0ca..., userDataDir: C:\Users\QUALIT~1\AppData\L...}, cssSelectorsEnabled: true, databaseEnabled: false, handlesAlerts: true, hasTouchScreen: false, javascriptEnabled: true, locationContextEnabled: true, mobileEmulationEnabled: false, nativeEvents: true, networkConnectionEnabled: false, pageLoadStrategy: normal, platform: XP, platformName: XP, rotatable: false, setWindowRect: true, takesHeapSnapshot: true, takesScreenshot: true, unexpectedAlertBehaviour: , unhandledPromptBehavior: , version: 66.0.3359.139, webStorageEnabled: true}
Session ID: 2418a0ab68ea2429fde5a1c11fd37084)

2018-05-21 12:25:32 - [TEST_STEP][PASSED] - selectOptionByIndex: All options with index in [4] are selected on object 'Object Repository/PharmacyRequest/Page_KDMC-Pharmacy/select_--Select--Schedule 1Inj'

2018-05-21 12:25:32 - [MESSAGE][PASSED] - All options with index in [4] are selected on object 'Object Repository/PharmacyRequest/Page_KDMC-Pharmacy/select_--Select--Schedule 1Inj'

2018-05-21 12:25:32 - [TEST_STEP][PASSED] - selectOptionByIndex: All options with index in [1] are selected on object 'Object Repository/PharmacyRequest/Page_KDMC-Pharmacy/select_--Select--Albendazole'

2018-05-21 12:25:32 - [MESSAGE][PASSED] - All options with index in [1] are selected on object 'Object Repository/PharmacyRequest/Page_KDMC-Pharmacy/select_--Select--Albendazole'

2018-05-21 12:25:32 - [TEST_STEP][PASSED] - setText: Text '10' is set on object 'Object Repository/PharmacyRequest/Page_KDMC-Pharmacy/input_txttreat'

2018-05-21 12:25:32 - [MESSAGE][PASSED] - Text '10' is set on object 'Object Repository/PharmacyRequest/Page_KDMC-Pharmacy/input_txttreat'

2018-05-21 12:25:32 - [TEST_STEP][PASSED] - click: Object: 'Object Repository/PharmacyRequest/Page_KDMC-Pharmacy/button_Add' is clicked on

2018-05-21 12:25:32 - [MESSAGE][PASSED] - Object: 'Object Repository/PharmacyRequest/Page_KDMC-Pharmacy/button_Add' is clicked on

2018-05-21 12:25:32 - [TEST_STEP][PASSED] - selectOptionByIndex: All options with index in [4] are selected on object 'Object Repository/PharmacyRequest/Page_KDMC-Pharmacy/select_--Select--Schedule 1Inj'

2018-05-21 12:25:33 - [MESSAGE][PASSED] - All options with index in [4] are selected on object 'Object Repository/PharmacyRequest/Page_KDMC-Pharmacy/select_--Select--Schedule 1Inj'

2018-05-21 12:25:33 - [TEST_STEP][PASSED] - selectOptionByIndex: All options with index in [2] are selected on object 'Object Repository/PharmacyRequest/Page_KDMC-Pharmacy/select_--Select--Albendazole'

2018-05-21 12:25:33 - [MESSAGE][PASSED] - All options with index in [2] are selected on object 'Object Repository/PharmacyRequest/Page_KDMC-Pharmacy/select_--Select--Albendazole'

2018-05-21 12:25:33 - [TEST_STEP][PASSED] - setText: Text '10' is set on object 'Object Repository/PharmacyRequest/Page_KDMC-Pharmacy/input_txttreat'

2018-05-21 12:25:33 - [MESSAGE][PASSED] - Text '10' is set on object 'Object Repository/PharmacyRequest/Page_KDMC-Pharmacy/input_txttreat'

2018-05-21 12:25:33 - [TEST_STEP][PASSED] - click: Object: 'Object Repository/PharmacyRequest/Page_KDMC-Pharmacy/button_Add' is clicked on

2018-05-21 12:25:33 - [MESSAGE][PASSED] - Object: 'Object Repository/PharmacyRequest/Page_KDMC-Pharmacy/button_Add' is clicked on

2018-05-21 12:25:33 - [TEST_STEP][PASSED] - selectOptionByIndex: All options with index in [4] are selected on object 'Object Repository/PharmacyRequest/Page_KDMC-Pharmacy/select_--Select--Schedule 1Inj'

2018-05-21 12:25:33 - [MESSAGE][PASSED] - All options with index in [4] are selected on object 'Object Repository/PharmacyRequest/Page_KDMC-Pharmacy/select_--Select--Schedule 1Inj'

2018-05-21 12:25:33 - [TEST_STEP][PASSED] - selectOptionByIndex: All options with index in [3] are selected on object 'Object Repository/PharmacyRequest/Page_KDMC-Pharmacy/select_--Select--Albendazole'

2018-05-21 12:25:33 - [MESSAGE][PASSED] - All options with index in [3] are selected on object 'Object Repository/PharmacyRequest/Page_KDMC-Pharmacy/select_--Select--Albendazole'

2018-05-21 12:25:33 - [TEST_STEP][PASSED] - setText: Text '10' is set on object 'Object Repository/PharmacyRequest/Page_KDMC-Pharmacy/input_txttreat'

2018-05-21 12:25:33 - [MESSAGE][PASSED] - Text '10' is set on object 'Object Repository/PharmacyRequest/Page_KDMC-Pharmacy/input_txttreat'

2018-05-21 12:25:33 - [TEST_STEP][PASSED] - click: Object: 'Object Repository/PharmacyRequest/Page_KDMC-Pharmacy/button_Add' is clicked on

2018-05-21 12:25:33 - [MESSAGE][PASSED] - Object: 'Object Repository/PharmacyRequest/Page_KDMC-Pharmacy/button_Add' is clicked on

2018-05-21 12:25:33 - [TEST_STEP][PASSED] - selectOptionByIndex: All options with index in [4] are selected on object 'Object Repository/PharmacyRequest/Page_KDMC-Pharmacy/select_--Select--Schedule 1Inj'

2018-05-21 12:25:33 - [MESSAGE][PASSED] - All options with index in [4] are selected on object 'Object Repository/PharmacyRequest/Page_KDMC-Pharmacy/select_--Select--Schedule 1Inj'

2018-05-21 12:25:33 - [TEST_STEP][PASSED] - selectOptionByIndex: All options with index in [4] are selected on object 'Object Repository/PharmacyRequest/Page_KDMC-Pharmacy/select_--Select--Albendazole'

2018-05-21 12:25:33 - [MESSAGE][PASSED] - All options with index in [4] are selected on object 'Object Repository/PharmacyRequest/Page_KDMC-Pharmacy/select_--Select--Albendazole'

2018-05-21 12:25:33 - [TEST_STEP][PASSED] - setText: Text '10' is set on object 'Object Repository/PharmacyRequest/Page_KDMC-Pharmacy/input_txttreat'

2018-05-21 12:25:34 - [MESSAGE][PASSED] - Text '10' is set on object 'Object Repository/PharmacyRequest/Page_KDMC-Pharmacy/input_txttreat'

2018-05-21 12:25:34 - [TEST_STEP][PASSED] - click: Object: 'Object Repository/PharmacyRequest/Page_KDMC-Pharmacy/button_Add' is clicked on

2018-05-21 12:25:34 - [MESSAGE][PASSED] - Object: 'Object Repository/PharmacyRequest/Page_KDMC-Pharmacy/button_Add' is clicked on

2018-05-21 12:25:34 - [TEST_STEP][PASSED] - selectOptionByIndex: All options with index in [4] are selected on object 'Object Repository/PharmacyRequest/Page_KDMC-Pharmacy/select_--Select--Schedule 1Inj'

2018-05-21 12:25:34 - [MESSAGE][PASSED] - All options with index in [4] are selected on object 'Object Repository/PharmacyRequest/Page_KDMC-Pharmacy/select_--Select--Schedule 1Inj'

2018-05-21 12:25:34 - [TEST_STEP][PASSED] - selectOptionByIndex: All options with index in [5] are selected on object 'Object Repository/PharmacyRequest/Page_KDMC-Pharmacy/select_--Select--Albendazole'

2018-05-21 12:25:34 - [MESSAGE][PASSED] - All options with index in [5] are selected on object 'Object Repository/PharmacyRequest/Page_KDMC-Pharmacy/select_--Select--Albendazole'

2018-05-21 12:25:34 - [TEST_STEP][PASSED] - setText: Text '10' is set on object 'Object Repository/PharmacyRequest/Page_KDMC-Pharmacy/input_txttreat'

2018-05-21 12:25:34 - [MESSAGE][PASSED] - Text '10' is set on object 'Object Repository/PharmacyRequest/Page_KDMC-Pharmacy/input_txttreat'

2018-05-21 12:25:34 - [TEST_STEP][PASSED] - click: Object: 'Object Repository/PharmacyRequest/Page_KDMC-Pharmacy/button_Add' is clicked on

2018-05-21 12:25:34 - [MESSAGE][PASSED] - Object: 'Object Repository/PharmacyRequest/Page_KDMC-Pharmacy/button_Add' is clicked on

2018-05-21 12:25:34 - [TEST_STEP][PASSED] - selectOptionByIndex: All options with index in [4] are selected on object 'Object Repository/PharmacyRequest/Page_KDMC-Pharmacy/select_--Select--Schedule 1Inj'

2018-05-21 12:25:34 - [MESSAGE][PASSED] - All options with index in [4] are selected on object 'Object Repository/PharmacyRequest/Page_KDMC-Pharmacy/select_--Select--Schedule 1Inj'

2018-05-21 12:25:34 - [TEST_STEP][PASSED] - selectOptionByIndex: All options with index in [6] are selected on object 'Object Repository/PharmacyRequest/Page_KDMC-Pharmacy/select_--Select--Albendazole'

2018-05-21 12:25:34 - [MESSAGE][PASSED] - All options with index in [6] are selected on object 'Object Repository/PharmacyRequest/Page_KDMC-Pharmacy/select_--Select--Albendazole'

2018-05-21 12:25:34 - [TEST_STEP][PASSED] - setText: Text '10' is set on object 'Object Repository/PharmacyRequest/Page_KDMC-Pharmacy/input_txttreat'

2018-05-21 12:25:34 - [MESSAGE][PASSED] - Text '10' is set on object 'Object Repository/PharmacyRequest/Page_KDMC-Pharmacy/input_txttreat'

2018-05-21 12:25:34 - [TEST_STEP][PASSED] - click: Object: 'Object Repository/PharmacyRequest/Page_KDMC-Pharmacy/button_Add' is clicked on

2018-05-21 12:25:34 - [MESSAGE][PASSED] - Object: 'Object Repository/PharmacyRequest/Page_KDMC-Pharmacy/button_Add' is clicked on

2018-05-21 12:25:34 - [TEST_STEP][PASSED] - selectOptionByIndex: All options with index in [4] are selected on object 'Object Repository/PharmacyRequest/Page_KDMC-Pharmacy/select_--Select--Schedule 1Inj'

2018-05-21 12:25:34 - [MESSAGE][PASSED] - All options with index in [4] are selected on object 'Object Repository/PharmacyRequest/Page_KDMC-Pharmacy/select_--Select--Schedule 1Inj'

2018-05-21 12:25:34 - [TEST_STEP][PASSED] - selectOptionByIndex: All options with index in [7] are selected on object 'Object Repository/PharmacyRequest/Page_KDMC-Pharmacy/select_--Select--Albendazole'

2018-05-21 12:25:35 - [MESSAGE][PASSED] - All options with index in [7] are selected on object 'Object Repository/PharmacyRequest/Page_KDMC-Pharmacy/select_--Select--Albendazole'

2018-05-21 12:25:35 - [TEST_STEP][FAILED] - setText: Unable to set text '10' of object 'Object Repository/PharmacyRequest/Page_KDMC-Pharmacy/input_txttreat' (Root cause: org.openqa.selenium.WebDriverException: unknown error: cannot focus element
  (Session info: chrome=66.0.3359.139)
  (Driver info: chromedriver=2.35.528161 (5b82f2d2aae0ca24b877009200ced9065a772e73),platform=Windows NT 10.0.17134 x86_64) (WARNING: The server did not provide any stacktrace information)
Command duration or timeout: 0 milliseconds
Build info: version: '3.7.1', revision: '8a0099a', time: '2017-11-06T21:07:36.161Z'
System info: host: 'DESKTOP-BLFTK83', ip: '192.168.71.2', os.name: 'Windows 10', os.arch: 'amd64', os.version: '10.0', java.version: '1.8.0_102'
Driver info: com.kms.katalon.selenium.driver.CChromeDriver
Capabilities {acceptInsecureCerts: false, acceptSslCerts: false, applicationCacheEnabled: false, browserConnectionEnabled: false, browserName: chrome, chrome: {chromedriverVersion: 2.35.528161 (5b82f2d2aae0ca..., userDataDir: C:\Users\QUALIT~1\AppData\L...}, cssSelectorsEnabled: true, databaseEnabled: false, handlesAlerts: true, hasTouchScreen: false, javascriptEnabled: true, locationContextEnabled: true, mobileEmulationEnabled: false, nativeEvents: true, networkConnectionEnabled: false, pageLoadStrategy: normal, platform: XP, platformName: XP, rotatable: false, setWindowRect: true, takesHeapSnapshot: true, takesScreenshot: true, unexpectedAlertBehaviour: , unhandledPromptBehavior: , version: 66.0.3359.139, webStorageEnabled: true}
Session ID: 2418a0ab68ea2429fde5a1c11fd37084)

2018-05-21 12:25:35 - [MESSAGE][FAILED] - Unable to set text '10' of object 'Object Repository/PharmacyRequest/Page_KDMC-Pharmacy/input_txttreat' (Root cause: org.openqa.selenium.WebDriverException: unknown error: cannot focus element
  (Session info: chrome=66.0.3359.139)
  (Driver info: chromedriver=2.35.528161 (5b82f2d2aae0ca24b877009200ced9065a772e73),platform=Windows NT 10.0.17134 x86_64) (WARNING: The server did not provide any stacktrace information)
Command duration or timeout: 0 milliseconds
Build info: version: '3.7.1', revision: '8a0099a', time: '2017-11-06T21:07:36.161Z'
System info: host: 'DESKTOP-BLFTK83', ip: '192.168.71.2', os.name: 'Windows 10', os.arch: 'amd64', os.version: '10.0', java.version: '1.8.0_102'
Driver info: com.kms.katalon.selenium.driver.CChromeDriver
Capabilities {acceptInsecureCerts: false, acceptSslCerts: false, applicationCacheEnabled: false, browserConnectionEnabled: false, browserName: chrome, chrome: {chromedriverVersion: 2.35.528161 (5b82f2d2aae0ca..., userDataDir: C:\Users\QUALIT~1\AppData\L...}, cssSelectorsEnabled: true, databaseEnabled: false, handlesAlerts: true, hasTouchScreen: false, javascriptEnabled: true, locationContextEnabled: true, mobileEmulationEnabled: false, nativeEvents: true, networkConnectionEnabled: false, pageLoadStrategy: normal, platform: XP, platformName: XP, rotatable: false, setWindowRect: true, takesHeapSnapshot: true, takesScreenshot: true, unexpectedAlertBehaviour: , unhandledPromptBehavior: , version: 66.0.3359.139, webStorageEnabled: true}
Session ID: 2418a0ab68ea2429fde5a1c11fd37084)
[[ATTACHMENT|C:\\Users\\Quality Analyst\\Katalon Studio\\ds\\Reports\\Pharmacy_Suite\\20180521_095838\\1526885735347.png]]]]></system-out>
         <system-err><![CDATA[2018-05-21 12:25:11 - [TEST_CASE][FAILED] - Test Cases/PHARMACY TEST CASES/TC_PHAR_004 Verify Schedule 4 Pharmacy Request Are Working Successfully Or Not: Test Cases/PHARMACY TEST CASES/TC_PHAR_004 Verify Schedule 4 Pharmacy Request Are Working Successfully Or Not FAILED because (of) Unable to set text '10' of object 'Object Repository/PharmacyRequest/Page_KDMC-Pharmacy/input_txttreat' (Root cause: org.openqa.selenium.WebDriverException: unknown error: cannot focus element
  (Session info: chrome=66.0.3359.139)
  (Driver info: chromedriver=2.35.528161 (5b82f2d2aae0ca24b877009200ced9065a772e73),platform=Windows NT 10.0.17134 x86_64) (WARNING: The server did not provide any stacktrace information)
Command duration or timeout: 0 milliseconds
Build info: version: '3.7.1', revision: '8a0099a', time: '2017-11-06T21:07:36.161Z'
System info: host: 'DESKTOP-BLFTK83', ip: '192.168.71.2', os.name: 'Windows 10', os.arch: 'amd64', os.version: '10.0', java.version: '1.8.0_102'
Driver info: com.kms.katalon.selenium.driver.CChromeDriver
Capabilities {acceptInsecureCerts: false, acceptSslCerts: false, applicationCacheEnabled: false, browserConnectionEnabled: false, browserName: chrome, chrome: {chromedriverVersion: 2.35.528161 (5b82f2d2aae0ca..., userDataDir: C:\Users\QUALIT~1\AppData\L...}, cssSelectorsEnabled: true, databaseEnabled: false, handlesAlerts: true, hasTouchScreen: false, javascriptEnabled: true, locationContextEnabled: true, mobileEmulationEnabled: false, nativeEvents: true, networkConnectionEnabled: false, pageLoadStrategy: normal, platform: XP, platformName: XP, rotatable: false, setWindowRect: true, takesHeapSnapshot: true, takesScreenshot: true, unexpectedAlertBehaviour: , unhandledPromptBehavior: , version: 66.0.3359.139, webStorageEnabled: true}
Session ID: 2418a0ab68ea2429fde5a1c11fd37084)]]></system-err>
      </testcase>
      <testcase name="Test Cases/PHARMACY TEST CASES/TC_PHAR_005 Verify Schedule 5 Pharmacy Request Are Working Successfully Or Not" classname="Test Cases/PHARMACY TEST CASES/TC_PHAR_005 Verify Schedule 5 Pharmacy Request Are Working Successfully Or Not" status="PASSED">
         <system-out><![CDATA[2018-05-21 12:25:35 - [TEST_CASE][PASSED] - Test Cases/PHARMACY TEST CASES/TC_PHAR_005 Verify Schedule 5 Pharmacy Request Are Working Successfully Or Not: Test Cases/PHARMACY TEST CASES/TC_PHAR_005 Verify Schedule 5 Pharmacy Request Are Working Successfully Or Not

2018-05-21 12:25:35 - [TEST_STEP][PASSED] - openBrowser: Browser is opened with url: ''

2018-05-21 12:25:35 - [MESSAGE][WARNING] - A browser is already opened. Closing browser and opening a new one

2018-05-21 12:25:38 - [MESSAGE][PASSED] - Browser is opened with url: ''

2018-05-21 12:25:38 - [TEST_STEP][PASSED] - Statement - out.println("Verify Schedule 5 Pharmacy Request Are Working Successfully Or Not"): null

2018-05-21 12:25:38 - [TEST_STEP][PASSED] - navigateToUrl: Navigate to 'http://192.168.137.1/multihospital_new/' successfully

2018-05-21 12:25:41 - [MESSAGE][PASSED] - Navigate to 'http://192.168.137.1/multihospital_new/' successfully

2018-05-21 12:25:41 - [TEST_STEP][PASSED] - maximizeWindow: Current window maximized

2018-05-21 12:25:42 - [MESSAGE][PASSED] - Current window maximized

2018-05-21 12:25:42 - [TEST_STEP][PASSED] - click: Object: 'Object Repository/PharmacyRequest/Page_KDMC/a_Pharmacy' is clicked on

2018-05-21 12:25:43 - [MESSAGE][PASSED] - Object: 'Object Repository/PharmacyRequest/Page_KDMC/a_Pharmacy' is clicked on

2018-05-21 12:25:43 - [TEST_STEP][PASSED] - setText: Text 'raja' is set on object 'Object Repository/PharmacyRequest/Page_Pharmacy login/input_txtusername'

2018-05-21 12:25:43 - [MESSAGE][PASSED] - Text 'raja' is set on object 'Object Repository/PharmacyRequest/Page_Pharmacy login/input_txtusername'

2018-05-21 12:25:43 - [TEST_STEP][PASSED] - setText: Text '123' is set on object 'Object Repository/PharmacyRequest/Page_Pharmacy login/input_txtpassword'

2018-05-21 12:25:43 - [MESSAGE][PASSED] - Text '123' is set on object 'Object Repository/PharmacyRequest/Page_Pharmacy login/input_txtpassword'

2018-05-21 12:25:43 - [TEST_STEP][PASSED] - delay: Delayed 3 second(s)

2018-05-21 12:25:46 - [MESSAGE][PASSED] - Delayed 3 second(s)

2018-05-21 12:25:46 - [TEST_STEP][PASSED] - click: Object: 'Object Repository/PharmacyRequest/Page_Pharmacy login/button_Sign in' is clicked on

2018-05-21 12:25:48 - [MESSAGE][PASSED] - Object: 'Object Repository/PharmacyRequest/Page_Pharmacy login/button_Sign in' is clicked on

2018-05-21 12:25:48 - [TEST_STEP][PASSED] - delay: Delayed 3 second(s)

2018-05-21 12:25:51 - [MESSAGE][PASSED] - Delayed 3 second(s)

2018-05-21 12:25:51 - [TEST_STEP][PASSED] - click: Object: 'Object Repository/PharmacyRequest/Page_KDMC - Pharmacy/a_Inventory' is clicked on

2018-05-21 12:25:52 - [MESSAGE][PASSED] - Object: 'Object Repository/PharmacyRequest/Page_KDMC - Pharmacy/a_Inventory' is clicked on

2018-05-21 12:25:52 - [TEST_STEP][PASSED] - delay: Delayed 3 second(s)

2018-05-21 12:25:55 - [MESSAGE][PASSED] - Delayed 3 second(s)

2018-05-21 12:25:55 - [TEST_STEP][PASSED] - click: Object: 'Object Repository/PharmacyRequest/Page_KDMC-Pharmacy/a_Store Request' is clicked on

2018-05-21 12:25:56 - [MESSAGE][PASSED] - Object: 'Object Repository/PharmacyRequest/Page_KDMC-Pharmacy/a_Store Request' is clicked on

2018-05-21 12:25:56 - [TEST_STEP][PASSED] - click: Object: 'Object Repository/PharmacyRequest/Page_KDMC-Pharmacy/a_Medicine Request' is clicked on

2018-05-21 12:25:56 - [MESSAGE][PASSED] - Object: 'Object Repository/PharmacyRequest/Page_KDMC-Pharmacy/a_Medicine Request' is clicked on

2018-05-21 12:25:56 - [TEST_STEP][PASSED] - selectOptionByIndex: All options with index in [5] are selected on object 'Object Repository/PharmacyRequest/Page_KDMC-Pharmacy/select_--Select--Schedule 1Inj'

2018-05-21 12:25:56 - [MESSAGE][PASSED] - All options with index in [5] are selected on object 'Object Repository/PharmacyRequest/Page_KDMC-Pharmacy/select_--Select--Schedule 1Inj'

2018-05-21 12:25:56 - [TEST_STEP][PASSED] - Statement - MedicineLength = com.kms.katalon.core.webui.keyword.WebUiBuiltInKeywords.getNumberOfTotalOption(com.kms.katalon.core.testobject.ObjectRepository.findTestObject(PharmacyRequest/Page_KDMC-Pharmacy/select_--Select--Albendazole)): 17 options of object 'Object Repository/PharmacyRequest/Page_KDMC-Pharmacy/select_--Select--Albendazole' counted

2018-05-21 12:25:57 - [MESSAGE][PASSED] - 17 options of object 'Object Repository/PharmacyRequest/Page_KDMC-Pharmacy/select_--Select--Albendazole' counted

2018-05-21 12:25:57 - [TEST_STEP][PASSED] - Statement - For ([l = 1, l <= MedicineLength - 1, (l++)]): Object: 'Object Repository/PharmacyRequest/Page_KDMC-Pharmacy/button_Add' is clicked on

2018-05-21 12:25:57 - [TEST_STEP][PASSED] - selectOptionByIndex: All options with index in [5] are selected on object 'Object Repository/PharmacyRequest/Page_KDMC-Pharmacy/select_--Select--Schedule 1Inj'

2018-05-21 12:25:57 - [MESSAGE][PASSED] - All options with index in [5] are selected on object 'Object Repository/PharmacyRequest/Page_KDMC-Pharmacy/select_--Select--Schedule 1Inj'

2018-05-21 12:25:57 - [TEST_STEP][PASSED] - selectOptionByIndex: All options with index in [1] are selected on object 'Object Repository/PharmacyRequest/Page_KDMC-Pharmacy/select_--Select--Albendazole'

2018-05-21 12:25:57 - [MESSAGE][PASSED] - All options with index in [1] are selected on object 'Object Repository/PharmacyRequest/Page_KDMC-Pharmacy/select_--Select--Albendazole'

2018-05-21 12:25:57 - [TEST_STEP][PASSED] - setText: Text '10' is set on object 'Object Repository/PharmacyRequest/Page_KDMC-Pharmacy/input_txttreat'

2018-05-21 12:25:57 - [MESSAGE][PASSED] - Text '10' is set on object 'Object Repository/PharmacyRequest/Page_KDMC-Pharmacy/input_txttreat'

2018-05-21 12:25:57 - [TEST_STEP][PASSED] - click: Object: 'Object Repository/PharmacyRequest/Page_KDMC-Pharmacy/button_Add' is clicked on

2018-05-21 12:25:57 - [MESSAGE][PASSED] - Object: 'Object Repository/PharmacyRequest/Page_KDMC-Pharmacy/button_Add' is clicked on

2018-05-21 12:25:57 - [TEST_STEP][PASSED] - selectOptionByIndex: All options with index in [5] are selected on object 'Object Repository/PharmacyRequest/Page_KDMC-Pharmacy/select_--Select--Schedule 1Inj'

2018-05-21 12:25:57 - [MESSAGE][PASSED] - All options with index in [5] are selected on object 'Object Repository/PharmacyRequest/Page_KDMC-Pharmacy/select_--Select--Schedule 1Inj'

2018-05-21 12:25:57 - [TEST_STEP][PASSED] - selectOptionByIndex: All options with index in [2] are selected on object 'Object Repository/PharmacyRequest/Page_KDMC-Pharmacy/select_--Select--Albendazole'

2018-05-21 12:25:57 - [MESSAGE][PASSED] - All options with index in [2] are selected on object 'Object Repository/PharmacyRequest/Page_KDMC-Pharmacy/select_--Select--Albendazole'

2018-05-21 12:25:57 - [TEST_STEP][PASSED] - setText: Text '10' is set on object 'Object Repository/PharmacyRequest/Page_KDMC-Pharmacy/input_txttreat'

2018-05-21 12:25:57 - [MESSAGE][PASSED] - Text '10' is set on object 'Object Repository/PharmacyRequest/Page_KDMC-Pharmacy/input_txttreat'

2018-05-21 12:25:57 - [TEST_STEP][PASSED] - click: Object: 'Object Repository/PharmacyRequest/Page_KDMC-Pharmacy/button_Add' is clicked on

2018-05-21 12:25:57 - [MESSAGE][PASSED] - Object: 'Object Repository/PharmacyRequest/Page_KDMC-Pharmacy/button_Add' is clicked on

2018-05-21 12:25:57 - [TEST_STEP][PASSED] - selectOptionByIndex: All options with index in [5] are selected on object 'Object Repository/PharmacyRequest/Page_KDMC-Pharmacy/select_--Select--Schedule 1Inj'

2018-05-21 12:25:58 - [MESSAGE][PASSED] - All options with index in [5] are selected on object 'Object Repository/PharmacyRequest/Page_KDMC-Pharmacy/select_--Select--Schedule 1Inj'

2018-05-21 12:25:58 - [TEST_STEP][PASSED] - selectOptionByIndex: All options with index in [3] are selected on object 'Object Repository/PharmacyRequest/Page_KDMC-Pharmacy/select_--Select--Albendazole'

2018-05-21 12:25:58 - [MESSAGE][PASSED] - All options with index in [3] are selected on object 'Object Repository/PharmacyRequest/Page_KDMC-Pharmacy/select_--Select--Albendazole'

2018-05-21 12:25:58 - [TEST_STEP][PASSED] - setText: Text '10' is set on object 'Object Repository/PharmacyRequest/Page_KDMC-Pharmacy/input_txttreat'

2018-05-21 12:25:58 - [MESSAGE][PASSED] - Text '10' is set on object 'Object Repository/PharmacyRequest/Page_KDMC-Pharmacy/input_txttreat'

2018-05-21 12:25:58 - [TEST_STEP][PASSED] - click: Object: 'Object Repository/PharmacyRequest/Page_KDMC-Pharmacy/button_Add' is clicked on

2018-05-21 12:25:58 - [MESSAGE][PASSED] - Object: 'Object Repository/PharmacyRequest/Page_KDMC-Pharmacy/button_Add' is clicked on

2018-05-21 12:25:58 - [TEST_STEP][PASSED] - selectOptionByIndex: All options with index in [5] are selected on object 'Object Repository/PharmacyRequest/Page_KDMC-Pharmacy/select_--Select--Schedule 1Inj'

2018-05-21 12:25:58 - [MESSAGE][PASSED] - All options with index in [5] are selected on object 'Object Repository/PharmacyRequest/Page_KDMC-Pharmacy/select_--Select--Schedule 1Inj'

2018-05-21 12:25:58 - [TEST_STEP][PASSED] - selectOptionByIndex: All options with index in [4] are selected on object 'Object Repository/PharmacyRequest/Page_KDMC-Pharmacy/select_--Select--Albendazole'

2018-05-21 12:25:58 - [MESSAGE][PASSED] - All options with index in [4] are selected on object 'Object Repository/PharmacyRequest/Page_KDMC-Pharmacy/select_--Select--Albendazole'

2018-05-21 12:25:58 - [TEST_STEP][PASSED] - setText: Text '10' is set on object 'Object Repository/PharmacyRequest/Page_KDMC-Pharmacy/input_txttreat'

2018-05-21 12:25:58 - [MESSAGE][PASSED] - Text '10' is set on object 'Object Repository/PharmacyRequest/Page_KDMC-Pharmacy/input_txttreat'

2018-05-21 12:25:58 - [TEST_STEP][PASSED] - click: Object: 'Object Repository/PharmacyRequest/Page_KDMC-Pharmacy/button_Add' is clicked on

2018-05-21 12:25:58 - [MESSAGE][PASSED] - Object: 'Object Repository/PharmacyRequest/Page_KDMC-Pharmacy/button_Add' is clicked on

2018-05-21 12:25:58 - [TEST_STEP][PASSED] - selectOptionByIndex: All options with index in [5] are selected on object 'Object Repository/PharmacyRequest/Page_KDMC-Pharmacy/select_--Select--Schedule 1Inj'

2018-05-21 12:25:58 - [MESSAGE][PASSED] - All options with index in [5] are selected on object 'Object Repository/PharmacyRequest/Page_KDMC-Pharmacy/select_--Select--Schedule 1Inj'

2018-05-21 12:25:58 - [TEST_STEP][PASSED] - selectOptionByIndex: All options with index in [5] are selected on object 'Object Repository/PharmacyRequest/Page_KDMC-Pharmacy/select_--Select--Albendazole'

2018-05-21 12:25:58 - [MESSAGE][PASSED] - All options with index in [5] are selected on object 'Object Repository/PharmacyRequest/Page_KDMC-Pharmacy/select_--Select--Albendazole'

2018-05-21 12:25:58 - [TEST_STEP][PASSED] - setText: Text '10' is set on object 'Object Repository/PharmacyRequest/Page_KDMC-Pharmacy/input_txttreat'

2018-05-21 12:25:58 - [MESSAGE][PASSED] - Text '10' is set on object 'Object Repository/PharmacyRequest/Page_KDMC-Pharmacy/input_txttreat'

2018-05-21 12:25:58 - [TEST_STEP][PASSED] - click: Object: 'Object Repository/PharmacyRequest/Page_KDMC-Pharmacy/button_Add' is clicked on

2018-05-21 12:25:59 - [MESSAGE][PASSED] - Object: 'Object Repository/PharmacyRequest/Page_KDMC-Pharmacy/button_Add' is clicked on

2018-05-21 12:25:59 - [TEST_STEP][PASSED] - selectOptionByIndex: All options with index in [5] are selected on object 'Object Repository/PharmacyRequest/Page_KDMC-Pharmacy/select_--Select--Schedule 1Inj'

2018-05-21 12:25:59 - [MESSAGE][PASSED] - All options with index in [5] are selected on object 'Object Repository/PharmacyRequest/Page_KDMC-Pharmacy/select_--Select--Schedule 1Inj'

2018-05-21 12:25:59 - [TEST_STEP][PASSED] - selectOptionByIndex: All options with index in [6] are selected on object 'Object Repository/PharmacyRequest/Page_KDMC-Pharmacy/select_--Select--Albendazole'

2018-05-21 12:25:59 - [MESSAGE][PASSED] - All options with index in [6] are selected on object 'Object Repository/PharmacyRequest/Page_KDMC-Pharmacy/select_--Select--Albendazole'

2018-05-21 12:25:59 - [TEST_STEP][PASSED] - setText: Text '10' is set on object 'Object Repository/PharmacyRequest/Page_KDMC-Pharmacy/input_txttreat'

2018-05-21 12:25:59 - [MESSAGE][PASSED] - Text '10' is set on object 'Object Repository/PharmacyRequest/Page_KDMC-Pharmacy/input_txttreat'

2018-05-21 12:25:59 - [TEST_STEP][PASSED] - click: Object: 'Object Repository/PharmacyRequest/Page_KDMC-Pharmacy/button_Add' is clicked on

2018-05-21 12:25:59 - [MESSAGE][PASSED] - Object: 'Object Repository/PharmacyRequest/Page_KDMC-Pharmacy/button_Add' is clicked on

2018-05-21 12:25:59 - [TEST_STEP][PASSED] - selectOptionByIndex: All options with index in [5] are selected on object 'Object Repository/PharmacyRequest/Page_KDMC-Pharmacy/select_--Select--Schedule 1Inj'

2018-05-21 12:25:59 - [MESSAGE][PASSED] - All options with index in [5] are selected on object 'Object Repository/PharmacyRequest/Page_KDMC-Pharmacy/select_--Select--Schedule 1Inj'

2018-05-21 12:25:59 - [TEST_STEP][PASSED] - selectOptionByIndex: All options with index in [7] are selected on object 'Object Repository/PharmacyRequest/Page_KDMC-Pharmacy/select_--Select--Albendazole'

2018-05-21 12:25:59 - [MESSAGE][PASSED] - All options with index in [7] are selected on object 'Object Repository/PharmacyRequest/Page_KDMC-Pharmacy/select_--Select--Albendazole'

2018-05-21 12:25:59 - [TEST_STEP][PASSED] - setText: Text '10' is set on object 'Object Repository/PharmacyRequest/Page_KDMC-Pharmacy/input_txttreat'

2018-05-21 12:25:59 - [MESSAGE][PASSED] - Text '10' is set on object 'Object Repository/PharmacyRequest/Page_KDMC-Pharmacy/input_txttreat'

2018-05-21 12:25:59 - [TEST_STEP][PASSED] - click: Object: 'Object Repository/PharmacyRequest/Page_KDMC-Pharmacy/button_Add' is clicked on

2018-05-21 12:25:59 - [MESSAGE][PASSED] - Object: 'Object Repository/PharmacyRequest/Page_KDMC-Pharmacy/button_Add' is clicked on

2018-05-21 12:25:59 - [TEST_STEP][PASSED] - selectOptionByIndex: All options with index in [5] are selected on object 'Object Repository/PharmacyRequest/Page_KDMC-Pharmacy/select_--Select--Schedule 1Inj'

2018-05-21 12:25:59 - [MESSAGE][PASSED] - All options with index in [5] are selected on object 'Object Repository/PharmacyRequest/Page_KDMC-Pharmacy/select_--Select--Schedule 1Inj'

2018-05-21 12:25:59 - [TEST_STEP][PASSED] - selectOptionByIndex: All options with index in [8] are selected on object 'Object Repository/PharmacyRequest/Page_KDMC-Pharmacy/select_--Select--Albendazole'

2018-05-21 12:26:00 - [MESSAGE][PASSED] - All options with index in [8] are selected on object 'Object Repository/PharmacyRequest/Page_KDMC-Pharmacy/select_--Select--Albendazole'

2018-05-21 12:26:00 - [TEST_STEP][PASSED] - setText: Text '10' is set on object 'Object Repository/PharmacyRequest/Page_KDMC-Pharmacy/input_txttreat'

2018-05-21 12:26:00 - [MESSAGE][PASSED] - Text '10' is set on object 'Object Repository/PharmacyRequest/Page_KDMC-Pharmacy/input_txttreat'

2018-05-21 12:26:00 - [TEST_STEP][PASSED] - click: Object: 'Object Repository/PharmacyRequest/Page_KDMC-Pharmacy/button_Add' is clicked on

2018-05-21 12:26:00 - [MESSAGE][PASSED] - Object: 'Object Repository/PharmacyRequest/Page_KDMC-Pharmacy/button_Add' is clicked on

2018-05-21 12:26:00 - [TEST_STEP][PASSED] - selectOptionByIndex: All options with index in [5] are selected on object 'Object Repository/PharmacyRequest/Page_KDMC-Pharmacy/select_--Select--Schedule 1Inj'

2018-05-21 12:26:00 - [MESSAGE][PASSED] - All options with index in [5] are selected on object 'Object Repository/PharmacyRequest/Page_KDMC-Pharmacy/select_--Select--Schedule 1Inj'

2018-05-21 12:26:00 - [TEST_STEP][PASSED] - selectOptionByIndex: All options with index in [9] are selected on object 'Object Repository/PharmacyRequest/Page_KDMC-Pharmacy/select_--Select--Albendazole'

2018-05-21 12:26:00 - [MESSAGE][PASSED] - All options with index in [9] are selected on object 'Object Repository/PharmacyRequest/Page_KDMC-Pharmacy/select_--Select--Albendazole'

2018-05-21 12:26:00 - [TEST_STEP][PASSED] - setText: Text '10' is set on object 'Object Repository/PharmacyRequest/Page_KDMC-Pharmacy/input_txttreat'

2018-05-21 12:26:00 - [MESSAGE][PASSED] - Text '10' is set on object 'Object Repository/PharmacyRequest/Page_KDMC-Pharmacy/input_txttreat'

2018-05-21 12:26:00 - [TEST_STEP][PASSED] - click: Object: 'Object Repository/PharmacyRequest/Page_KDMC-Pharmacy/button_Add' is clicked on

2018-05-21 12:26:00 - [MESSAGE][PASSED] - Object: 'Object Repository/PharmacyRequest/Page_KDMC-Pharmacy/button_Add' is clicked on

2018-05-21 12:26:00 - [TEST_STEP][PASSED] - selectOptionByIndex: All options with index in [5] are selected on object 'Object Repository/PharmacyRequest/Page_KDMC-Pharmacy/select_--Select--Schedule 1Inj'

2018-05-21 12:26:00 - [MESSAGE][PASSED] - All options with index in [5] are selected on object 'Object Repository/PharmacyRequest/Page_KDMC-Pharmacy/select_--Select--Schedule 1Inj'

2018-05-21 12:26:00 - [TEST_STEP][PASSED] - selectOptionByIndex: All options with index in [10] are selected on object 'Object Repository/PharmacyRequest/Page_KDMC-Pharmacy/select_--Select--Albendazole'

2018-05-21 12:26:01 - [MESSAGE][PASSED] - All options with index in [10] are selected on object 'Object Repository/PharmacyRequest/Page_KDMC-Pharmacy/select_--Select--Albendazole'

2018-05-21 12:26:01 - [TEST_STEP][PASSED] - setText: Text '10' is set on object 'Object Repository/PharmacyRequest/Page_KDMC-Pharmacy/input_txttreat'

2018-05-21 12:26:01 - [MESSAGE][PASSED] - Text '10' is set on object 'Object Repository/PharmacyRequest/Page_KDMC-Pharmacy/input_txttreat'

2018-05-21 12:26:01 - [TEST_STEP][PASSED] - click: Object: 'Object Repository/PharmacyRequest/Page_KDMC-Pharmacy/button_Add' is clicked on

2018-05-21 12:26:01 - [MESSAGE][PASSED] - Object: 'Object Repository/PharmacyRequest/Page_KDMC-Pharmacy/button_Add' is clicked on

2018-05-21 12:26:01 - [TEST_STEP][PASSED] - selectOptionByIndex: All options with index in [5] are selected on object 'Object Repository/PharmacyRequest/Page_KDMC-Pharmacy/select_--Select--Schedule 1Inj'

2018-05-21 12:26:01 - [MESSAGE][PASSED] - All options with index in [5] are selected on object 'Object Repository/PharmacyRequest/Page_KDMC-Pharmacy/select_--Select--Schedule 1Inj'

2018-05-21 12:26:01 - [TEST_STEP][PASSED] - selectOptionByIndex: All options with index in [11] are selected on object 'Object Repository/PharmacyRequest/Page_KDMC-Pharmacy/select_--Select--Albendazole'

2018-05-21 12:26:01 - [MESSAGE][PASSED] - All options with index in [11] are selected on object 'Object Repository/PharmacyRequest/Page_KDMC-Pharmacy/select_--Select--Albendazole'

2018-05-21 12:26:01 - [TEST_STEP][PASSED] - setText: Text '10' is set on object 'Object Repository/PharmacyRequest/Page_KDMC-Pharmacy/input_txttreat'

2018-05-21 12:26:01 - [MESSAGE][PASSED] - Text '10' is set on object 'Object Repository/PharmacyRequest/Page_KDMC-Pharmacy/input_txttreat'

2018-05-21 12:26:01 - [TEST_STEP][PASSED] - click: Object: 'Object Repository/PharmacyRequest/Page_KDMC-Pharmacy/button_Add' is clicked on

2018-05-21 12:26:01 - [MESSAGE][PASSED] - Object: 'Object Repository/PharmacyRequest/Page_KDMC-Pharmacy/button_Add' is clicked on

2018-05-21 12:26:01 - [TEST_STEP][PASSED] - selectOptionByIndex: All options with index in [5] are selected on object 'Object Repository/PharmacyRequest/Page_KDMC-Pharmacy/select_--Select--Schedule 1Inj'

2018-05-21 12:26:01 - [MESSAGE][PASSED] - All options with index in [5] are selected on object 'Object Repository/PharmacyRequest/Page_KDMC-Pharmacy/select_--Select--Schedule 1Inj'

2018-05-21 12:26:01 - [TEST_STEP][PASSED] - selectOptionByIndex: All options with index in [12] are selected on object 'Object Repository/PharmacyRequest/Page_KDMC-Pharmacy/select_--Select--Albendazole'

2018-05-21 12:26:01 - [MESSAGE][PASSED] - All options with index in [12] are selected on object 'Object Repository/PharmacyRequest/Page_KDMC-Pharmacy/select_--Select--Albendazole'

2018-05-21 12:26:01 - [TEST_STEP][PASSED] - setText: Text '10' is set on object 'Object Repository/PharmacyRequest/Page_KDMC-Pharmacy/input_txttreat'

2018-05-21 12:26:01 - [MESSAGE][PASSED] - Text '10' is set on object 'Object Repository/PharmacyRequest/Page_KDMC-Pharmacy/input_txttreat'

2018-05-21 12:26:01 - [TEST_STEP][PASSED] - click: Object: 'Object Repository/PharmacyRequest/Page_KDMC-Pharmacy/button_Add' is clicked on

2018-05-21 12:26:02 - [MESSAGE][PASSED] - Object: 'Object Repository/PharmacyRequest/Page_KDMC-Pharmacy/button_Add' is clicked on

2018-05-21 12:26:02 - [TEST_STEP][PASSED] - selectOptionByIndex: All options with index in [5] are selected on object 'Object Repository/PharmacyRequest/Page_KDMC-Pharmacy/select_--Select--Schedule 1Inj'

2018-05-21 12:26:02 - [MESSAGE][PASSED] - All options with index in [5] are selected on object 'Object Repository/PharmacyRequest/Page_KDMC-Pharmacy/select_--Select--Schedule 1Inj'

2018-05-21 12:26:02 - [TEST_STEP][PASSED] - selectOptionByIndex: All options with index in [13] are selected on object 'Object Repository/PharmacyRequest/Page_KDMC-Pharmacy/select_--Select--Albendazole'

2018-05-21 12:26:02 - [MESSAGE][PASSED] - All options with index in [13] are selected on object 'Object Repository/PharmacyRequest/Page_KDMC-Pharmacy/select_--Select--Albendazole'

2018-05-21 12:26:02 - [TEST_STEP][PASSED] - setText: Text '10' is set on object 'Object Repository/PharmacyRequest/Page_KDMC-Pharmacy/input_txttreat'

2018-05-21 12:26:02 - [MESSAGE][PASSED] - Text '10' is set on object 'Object Repository/PharmacyRequest/Page_KDMC-Pharmacy/input_txttreat'

2018-05-21 12:26:02 - [TEST_STEP][PASSED] - click: Object: 'Object Repository/PharmacyRequest/Page_KDMC-Pharmacy/button_Add' is clicked on

2018-05-21 12:26:02 - [MESSAGE][PASSED] - Object: 'Object Repository/PharmacyRequest/Page_KDMC-Pharmacy/button_Add' is clicked on

2018-05-21 12:26:02 - [TEST_STEP][PASSED] - selectOptionByIndex: All options with index in [5] are selected on object 'Object Repository/PharmacyRequest/Page_KDMC-Pharmacy/select_--Select--Schedule 1Inj'

2018-05-21 12:26:02 - [MESSAGE][PASSED] - All options with index in [5] are selected on object 'Object Repository/PharmacyRequest/Page_KDMC-Pharmacy/select_--Select--Schedule 1Inj'

2018-05-21 12:26:02 - [TEST_STEP][PASSED] - selectOptionByIndex: All options with index in [14] are selected on object 'Object Repository/PharmacyRequest/Page_KDMC-Pharmacy/select_--Select--Albendazole'

2018-05-21 12:26:02 - [MESSAGE][PASSED] - All options with index in [14] are selected on object 'Object Repository/PharmacyRequest/Page_KDMC-Pharmacy/select_--Select--Albendazole'

2018-05-21 12:26:02 - [TEST_STEP][PASSED] - setText: Text '10' is set on object 'Object Repository/PharmacyRequest/Page_KDMC-Pharmacy/input_txttreat'

2018-05-21 12:26:02 - [MESSAGE][PASSED] - Text '10' is set on object 'Object Repository/PharmacyRequest/Page_KDMC-Pharmacy/input_txttreat'

2018-05-21 12:26:02 - [TEST_STEP][PASSED] - click: Object: 'Object Repository/PharmacyRequest/Page_KDMC-Pharmacy/button_Add' is clicked on

2018-05-21 12:26:02 - [MESSAGE][PASSED] - Object: 'Object Repository/PharmacyRequest/Page_KDMC-Pharmacy/button_Add' is clicked on

2018-05-21 12:26:02 - [TEST_STEP][PASSED] - selectOptionByIndex: All options with index in [5] are selected on object 'Object Repository/PharmacyRequest/Page_KDMC-Pharmacy/select_--Select--Schedule 1Inj'

2018-05-21 12:26:03 - [MESSAGE][PASSED] - All options with index in [5] are selected on object 'Object Repository/PharmacyRequest/Page_KDMC-Pharmacy/select_--Select--Schedule 1Inj'

2018-05-21 12:26:03 - [TEST_STEP][PASSED] - selectOptionByIndex: All options with index in [15] are selected on object 'Object Repository/PharmacyRequest/Page_KDMC-Pharmacy/select_--Select--Albendazole'

2018-05-21 12:26:03 - [MESSAGE][PASSED] - All options with index in [15] are selected on object 'Object Repository/PharmacyRequest/Page_KDMC-Pharmacy/select_--Select--Albendazole'

2018-05-21 12:26:03 - [TEST_STEP][PASSED] - setText: Text '10' is set on object 'Object Repository/PharmacyRequest/Page_KDMC-Pharmacy/input_txttreat'

2018-05-21 12:26:03 - [MESSAGE][PASSED] - Text '10' is set on object 'Object Repository/PharmacyRequest/Page_KDMC-Pharmacy/input_txttreat'

2018-05-21 12:26:03 - [TEST_STEP][PASSED] - click: Object: 'Object Repository/PharmacyRequest/Page_KDMC-Pharmacy/button_Add' is clicked on

2018-05-21 12:26:03 - [MESSAGE][PASSED] - Object: 'Object Repository/PharmacyRequest/Page_KDMC-Pharmacy/button_Add' is clicked on

2018-05-21 12:26:03 - [TEST_STEP][PASSED] - selectOptionByIndex: All options with index in [5] are selected on object 'Object Repository/PharmacyRequest/Page_KDMC-Pharmacy/select_--Select--Schedule 1Inj'

2018-05-21 12:26:03 - [MESSAGE][PASSED] - All options with index in [5] are selected on object 'Object Repository/PharmacyRequest/Page_KDMC-Pharmacy/select_--Select--Schedule 1Inj'

2018-05-21 12:26:03 - [TEST_STEP][PASSED] - selectOptionByIndex: All options with index in [16] are selected on object 'Object Repository/PharmacyRequest/Page_KDMC-Pharmacy/select_--Select--Albendazole'

2018-05-21 12:26:03 - [MESSAGE][PASSED] - All options with index in [16] are selected on object 'Object Repository/PharmacyRequest/Page_KDMC-Pharmacy/select_--Select--Albendazole'

2018-05-21 12:26:03 - [TEST_STEP][PASSED] - setText: Text '10' is set on object 'Object Repository/PharmacyRequest/Page_KDMC-Pharmacy/input_txttreat'

2018-05-21 12:26:03 - [MESSAGE][PASSED] - Text '10' is set on object 'Object Repository/PharmacyRequest/Page_KDMC-Pharmacy/input_txttreat'

2018-05-21 12:26:03 - [TEST_STEP][PASSED] - click: Object: 'Object Repository/PharmacyRequest/Page_KDMC-Pharmacy/button_Add' is clicked on

2018-05-21 12:26:03 - [MESSAGE][PASSED] - Object: 'Object Repository/PharmacyRequest/Page_KDMC-Pharmacy/button_Add' is clicked on

2018-05-21 12:26:03 - [TEST_STEP][PASSED] - Statement - RN1 = com.kms.katalon.core.webui.keyword.WebUiBuiltInKeywords.getAttribute(com.kms.katalon.core.testobject.ObjectRepository.findTestObject(PharmacyRequest/Page_KDMC-Pharmacy/input_txtno), "value"): Attribute 'value' of object 'Object Repository/PharmacyRequest/Page_KDMC-Pharmacy/input_txtno' is: 'PRNO/21052018/157'

2018-05-21 12:26:03 - [MESSAGE][PASSED] - Attribute 'value' of object 'Object Repository/PharmacyRequest/Page_KDMC-Pharmacy/input_txtno' is: 'PRNO/21052018/157'

2018-05-21 12:26:03 - [TEST_STEP][PASSED] - Statement - out.println(RN1): null

2018-05-21 12:26:03 - [TEST_STEP][PASSED] - Statement - RID = RN1.split("/")[2]: null

2018-05-21 12:26:03 - [TEST_STEP][PASSED] - scrollToElement: Scroll to object 'Object Repository/PharmacyRequest/Page_KDMC-Pharmacy/input_btnsave' successfully

2018-05-21 12:26:03 - [MESSAGE][PASSED] - Scroll to object 'Object Repository/PharmacyRequest/Page_KDMC-Pharmacy/input_btnsave' successfully

2018-05-21 12:26:03 - [TEST_STEP][PASSED] - click: Object: 'Object Repository/PharmacyRequest/Page_KDMC-Pharmacy/input_btnsave' is clicked on

2018-05-21 12:26:03 - [MESSAGE][PASSED] - Object: 'Object Repository/PharmacyRequest/Page_KDMC-Pharmacy/input_btnsave' is clicked on

2018-05-21 12:26:03 - [TEST_STEP][PASSED] - delay: Delayed 3 second(s)

2018-05-21 12:26:06 - [MESSAGE][PASSED] - Delayed 3 second(s)

2018-05-21 12:26:06 - [TEST_STEP][PASSED] - click: Object: 'Object Repository/PharmacyRequest/Page_KDMC-Pharmacy/button_OK' is clicked on

2018-05-21 12:26:08 - [MESSAGE][PASSED] - Object: 'Object Repository/PharmacyRequest/Page_KDMC-Pharmacy/button_OK' is clicked on

2018-05-21 12:26:08 - [TEST_STEP][PASSED] - delay: Delayed 3 second(s)

2018-05-21 12:26:11 - [MESSAGE][PASSED] - Delayed 3 second(s)

2018-05-21 12:26:11 - [TEST_STEP][PASSED] - click: Object: 'Object Repository/PharmacyRequest/Page_KDMC-Pharmacy/a_Back to Pharmacy' is clicked on

2018-05-21 12:26:11 - [MESSAGE][PASSED] - Object: 'Object Repository/PharmacyRequest/Page_KDMC-Pharmacy/a_Back to Pharmacy' is clicked on

2018-05-21 12:26:11 - [TEST_STEP][PASSED] - delay: Delayed 3 second(s)

2018-05-21 12:26:14 - [MESSAGE][PASSED] - Delayed 3 second(s)

2018-05-21 12:26:14 - [TEST_STEP][PASSED] - click: Object: 'Object Repository/PharmacyRequest/Page_KDMC - Pharmacy/a_dropdown-toggle' is clicked on

2018-05-21 12:26:15 - [MESSAGE][PASSED] - Object: 'Object Repository/PharmacyRequest/Page_KDMC - Pharmacy/a_dropdown-toggle' is clicked on

2018-05-21 12:26:15 - [TEST_STEP][PASSED] - click: Object: 'Object Repository/PharmacyRequest/Page_KDMC - Pharmacy/a_Sign out' is clicked on

2018-05-21 12:26:15 - [MESSAGE][PASSED] - Object: 'Object Repository/PharmacyRequest/Page_KDMC - Pharmacy/a_Sign out' is clicked on

2018-05-21 12:26:15 - [TEST_STEP][PASSED] - delay: Delayed 3 second(s)

2018-05-21 12:26:18 - [MESSAGE][PASSED] - Delayed 3 second(s)

2018-05-21 12:26:18 - [TEST_STEP][PASSED] - click: Object: 'Object Repository/PharmacyRequest/Page_KDMC/a_CMO' is clicked on

2018-05-21 12:26:19 - [MESSAGE][PASSED] - Object: 'Object Repository/PharmacyRequest/Page_KDMC/a_CMO' is clicked on

2018-05-21 12:26:19 - [TEST_STEP][PASSED] - setText: Text 'guru' is set on object 'Object Repository/PharmacyRequest/Page_CMO login/input_txtusername'

2018-05-21 12:26:19 - [MESSAGE][PASSED] - Text 'guru' is set on object 'Object Repository/PharmacyRequest/Page_CMO login/input_txtusername'

2018-05-21 12:26:19 - [TEST_STEP][PASSED] - setText: Text '123' is set on object 'Object Repository/PharmacyRequest/Page_CMO login/input_txtpassword'

2018-05-21 12:26:19 - [MESSAGE][PASSED] - Text '123' is set on object 'Object Repository/PharmacyRequest/Page_CMO login/input_txtpassword'

2018-05-21 12:26:19 - [TEST_STEP][PASSED] - delay: Delayed 3 second(s)

2018-05-21 12:26:22 - [MESSAGE][PASSED] - Delayed 3 second(s)

2018-05-21 12:26:22 - [TEST_STEP][PASSED] - click: Object: 'Object Repository/PharmacyRequest/Page_CMO login/button_Sign in' is clicked on

2018-05-21 12:26:23 - [MESSAGE][PASSED] - Object: 'Object Repository/PharmacyRequest/Page_CMO login/button_Sign in' is clicked on

2018-05-21 12:26:23 - [TEST_STEP][PASSED] - click: Object: 'Object Repository/PharmacyRequest/Page_KDMC - CMO/a_Department Wise Request' is clicked on

2018-05-21 12:26:24 - [MESSAGE][PASSED] - Object: 'Object Repository/PharmacyRequest/Page_KDMC - CMO/a_Department Wise Request' is clicked on

2018-05-21 12:26:24 - [TEST_STEP][PASSED] - selectOptionByIndex: All options with index in [2] are selected on object 'Object Repository/PharmacyRequest/Page_KDMC - CMO/select_--ALL--'

2018-05-21 12:26:24 - [MESSAGE][PASSED] - All options with index in [2] are selected on object 'Object Repository/PharmacyRequest/Page_KDMC - CMO/select_--ALL--'

2018-05-21 12:26:24 - [TEST_STEP][PASSED] - selectOptionByIndex: All options with index in [1] are selected on object 'Object Repository/PharmacyRequest/Page_KDMC - CMO/select_--ALL--                _1'

2018-05-21 12:26:24 - [MESSAGE][PASSED] - All options with index in [1] are selected on object 'Object Repository/PharmacyRequest/Page_KDMC - CMO/select_--ALL--                _1'

2018-05-21 12:26:24 - [TEST_STEP][PASSED] - click: Object: 'Object Repository/PharmacyRequest/Page_KDMC - CMO/input_btnsearch' is clicked on

2018-05-21 12:26:24 - [MESSAGE][PASSED] - Object: 'Object Repository/PharmacyRequest/Page_KDMC - CMO/input_btnsearch' is clicked on

2018-05-21 12:26:24 - [TEST_STEP][PASSED] - Statement - ID = com.kms.katalon.core.webui.keyword.WebUiBuiltInKeywords.modifyObjectProperty(com.kms.katalon.core.testobject.ObjectRepository.findTestObject(PharmacyRequest/Page_KDMC - CMO/input_2), "xpath", "equals", "//*[@id=" + RID + "]", true): Modify property of object successfully

2018-05-21 12:26:25 - [MESSAGE][PASSED] - Modify property of object successfully

2018-05-21 12:26:25 - [TEST_STEP][PASSED] - click: Object: 'Object Repository/PharmacyRequest/Page_KDMC - CMO/input_2' is clicked on

2018-05-21 12:26:25 - [MESSAGE][PASSED] - Object: 'Object Repository/PharmacyRequest/Page_KDMC - CMO/input_2' is clicked on

2018-05-21 12:26:25 - [TEST_STEP][PASSED] - delay: Delayed 3 second(s)

2018-05-21 12:26:28 - [MESSAGE][PASSED] - Delayed 3 second(s)

2018-05-21 12:26:28 - [TEST_STEP][PASSED] - selectOptionByIndex: All options with index in [1] are selected on object 'Object Repository/PharmacyRequest/Page_KDMC - CMO/select_--Select--'

2018-05-21 12:26:28 - [MESSAGE][PASSED] - All options with index in [1] are selected on object 'Object Repository/PharmacyRequest/Page_KDMC - CMO/select_--Select--'

2018-05-21 12:26:28 - [TEST_STEP][PASSED] - click: Object: 'Object Repository/PharmacyRequest/Page_KDMC - CMO/input_btnupdate' is clicked on

2018-05-21 12:26:28 - [MESSAGE][PASSED] - Object: 'Object Repository/PharmacyRequest/Page_KDMC - CMO/input_btnupdate' is clicked on

2018-05-21 12:26:28 - [TEST_STEP][PASSED] - delay: Delayed 3 second(s)

2018-05-21 12:26:31 - [MESSAGE][PASSED] - Delayed 3 second(s)

2018-05-21 12:26:31 - [TEST_STEP][PASSED] - click: Object: 'Object Repository/PharmacyRequest/Page_KDMC - CMO/button_OK' is clicked on

2018-05-21 12:26:32 - [MESSAGE][PASSED] - Object: 'Object Repository/PharmacyRequest/Page_KDMC - CMO/button_OK' is clicked on

2018-05-21 12:26:32 - [TEST_STEP][PASSED] - delay: Delayed 3 second(s)

2018-05-21 12:26:35 - [MESSAGE][PASSED] - Delayed 3 second(s)

2018-05-21 12:26:35 - [TEST_STEP][PASSED] - click: Object: 'Object Repository/PharmacyRequest/Page_KDMC - CMO/a_dropdown-toggle' is clicked on

2018-05-21 12:26:35 - [MESSAGE][PASSED] - Object: 'Object Repository/PharmacyRequest/Page_KDMC - CMO/a_dropdown-toggle' is clicked on

2018-05-21 12:26:35 - [TEST_STEP][PASSED] - click: Object: 'Object Repository/PharmacyRequest/Page_KDMC - CMO/a_Sign out' is clicked on

2018-05-21 12:26:36 - [MESSAGE][PASSED] - Object: 'Object Repository/PharmacyRequest/Page_KDMC - CMO/a_Sign out' is clicked on

2018-05-21 12:26:36 - [TEST_STEP][PASSED] - delay: Delayed 3 second(s)

2018-05-21 12:26:39 - [MESSAGE][PASSED] - Delayed 3 second(s)

2018-05-21 12:26:39 - [TEST_STEP][PASSED] - click: Object: 'Object Repository/PharmacyRequest/Page_KDMC/a_Divisional Store' is clicked on

2018-05-21 12:26:39 - [MESSAGE][PASSED] - Object: 'Object Repository/PharmacyRequest/Page_KDMC/a_Divisional Store' is clicked on

2018-05-21 12:26:39 - [TEST_STEP][PASSED] - setText: Text 'ragu' is set on object 'Object Repository/PharmacyRequest/Page_Divisonal Store Login/input_txtusername'

2018-05-21 12:26:39 - [MESSAGE][PASSED] - Text 'ragu' is set on object 'Object Repository/PharmacyRequest/Page_Divisonal Store Login/input_txtusername'

2018-05-21 12:26:39 - [TEST_STEP][PASSED] - setText: Text '123' is set on object 'Object Repository/PharmacyRequest/Page_Divisonal Store Login/input_txtpassword'

2018-05-21 12:26:39 - [MESSAGE][PASSED] - Text '123' is set on object 'Object Repository/PharmacyRequest/Page_Divisonal Store Login/input_txtpassword'

2018-05-21 12:26:39 - [TEST_STEP][PASSED] - delay: Delayed 3 second(s)

2018-05-21 12:26:42 - [MESSAGE][PASSED] - Delayed 3 second(s)

2018-05-21 12:26:42 - [TEST_STEP][PASSED] - click: Object: 'Object Repository/PharmacyRequest/Page_Divisonal Store Login/button_Sign in' is clicked on

2018-05-21 12:26:43 - [MESSAGE][PASSED] - Object: 'Object Repository/PharmacyRequest/Page_Divisonal Store Login/button_Sign in' is clicked on

2018-05-21 12:26:43 - [TEST_STEP][PASSED] - delay: Delayed 3 second(s)

2018-05-21 12:26:46 - [MESSAGE][PASSED] - Delayed 3 second(s)

2018-05-21 12:26:46 - [TEST_STEP][PASSED] - click: Object: 'Object Repository/PharmacyRequest/Page_Store/a_Pharmacy Request' is clicked on

2018-05-21 12:26:46 - [MESSAGE][PASSED] - Object: 'Object Repository/PharmacyRequest/Page_Store/a_Pharmacy Request' is clicked on

2018-05-21 12:26:46 - [TEST_STEP][PASSED] - click: Object: 'Object Repository/PharmacyRequest/Page_Store/a_Request Item Pharmacy' is clicked on

2018-05-21 12:26:47 - [MESSAGE][PASSED] - Object: 'Object Repository/PharmacyRequest/Page_Store/a_Request Item Pharmacy' is clicked on

2018-05-21 12:26:47 - [TEST_STEP][PASSED] - delay: Delayed 2 second(s)

2018-05-21 12:26:49 - [MESSAGE][PASSED] - Delayed 2 second(s)

2018-05-21 12:26:49 - [TEST_STEP][PASSED] - setText: Text 'PRNO/21052018/157' is set on object 'Object Repository/PharmacyRequest/Page_Store/input'

2018-05-21 12:26:50 - [MESSAGE][PASSED] - Text 'PRNO/21052018/157' is set on object 'Object Repository/PharmacyRequest/Page_Store/input'

2018-05-21 12:26:50 - [TEST_STEP][PASSED] - delay: Delayed 2 second(s)

2018-05-21 12:26:52 - [MESSAGE][PASSED] - Delayed 2 second(s)

2018-05-21 12:26:52 - [TEST_STEP][PASSED] - Statement - ChooseRequest = com.kms.katalon.core.webui.keyword.WebUiBuiltInKeywords.modifyObjectProperty(com.kms.katalon.core.testobject.ObjectRepository.findTestObject(PharmacyRequest/Page_Store/input_2), "xpath", "equals", "//*[@id=" + RID + "]", true): Modify property of object successfully

2018-05-21 12:26:52 - [MESSAGE][PASSED] - Modify property of object successfully

2018-05-21 12:26:52 - [TEST_STEP][PASSED] - click: Object: 'Object Repository/PharmacyRequest/Page_Store/input_2' is clicked on

2018-05-21 12:26:53 - [MESSAGE][PASSED] - Object: 'Object Repository/PharmacyRequest/Page_Store/input_2' is clicked on

2018-05-21 12:26:53 - [TEST_STEP][PASSED] - delay: Delayed 2 second(s)

2018-05-21 12:26:55 - [MESSAGE][PASSED] - Delayed 2 second(s)

2018-05-21 12:26:55 - [TEST_STEP][PASSED] - Statement - selectedoptions = com.kms.katalon.core.webui.keyword.WebUiBuiltInKeywords.getNumberOfTotalOption(com.kms.katalon.core.testobject.ObjectRepository.findTestObject(PharmacyRequest/Page_Store/select_--Select--Amlodepin -5)): 17 options of object 'Object Repository/PharmacyRequest/Page_Store/select_--Select--Amlodepin -5' counted

2018-05-21 12:26:55 - [MESSAGE][PASSED] - 17 options of object 'Object Repository/PharmacyRequest/Page_Store/select_--Select--Amlodepin -5' counted

2018-05-21 12:26:55 - [TEST_STEP][PASSED] - Statement - For ([a = 1, a <= selectedoptions - 1, (a++)]): null

2018-05-21 12:26:55 - [TEST_STEP][PASSED] - selectOptionByIndex: All options with index in [1] are selected on object 'Object Repository/PharmacyRequest/Page_Store/select_--Select--Amlodepin -5'

2018-05-21 12:26:55 - [MESSAGE][PASSED] - All options with index in [1] are selected on object 'Object Repository/PharmacyRequest/Page_Store/select_--Select--Amlodepin -5'

2018-05-21 12:26:55 - [TEST_STEP][PASSED] - delay: Delayed 1 second(s)

2018-05-21 12:26:56 - [MESSAGE][PASSED] - Delayed 1 second(s)

2018-05-21 12:26:56 - [TEST_STEP][PASSED] - Statement - RequestedQty = com.kms.katalon.core.webui.keyword.WebUiBuiltInKeywords.getAttribute(com.kms.katalon.core.testobject.ObjectRepository.findTestObject(PharmacyRequest/Page_Store/input_txttotal), "value"): Attribute 'value' of object 'Object Repository/PharmacyRequest/Page_Store/input_txttotal' is: '10'

2018-05-21 12:26:56 - [MESSAGE][PASSED] - Attribute 'value' of object 'Object Repository/PharmacyRequest/Page_Store/input_txttotal' is: '10'

2018-05-21 12:26:56 - [TEST_STEP][PASSED] - Statement - out.println("Requested QTY : " + RequestedQty): null

2018-05-21 12:26:56 - [TEST_STEP][PASSED] - Statement - BatchNumber = com.kms.katalon.core.webui.keyword.WebUiBuiltInKeywords.getNumberOfTotalOption(com.kms.katalon.core.testobject.ObjectRepository.findTestObject(PharmacyRequest/Page_Store/select_--Select--BA50)): 3 options of object 'Object Repository/PharmacyRequest/Page_Store/select_--Select--BA50' counted

2018-05-21 12:26:56 - [MESSAGE][PASSED] - 3 options of object 'Object Repository/PharmacyRequest/Page_Store/select_--Select--BA50' counted

2018-05-21 12:26:56 - [TEST_STEP][PASSED] - Statement - For ([g = 1, g <= BatchNumber - 1, (g++)]): null

2018-05-21 12:26:56 - [TEST_STEP][PASSED] - selectOptionByIndex: All options with index in [1] are selected on object 'Object Repository/PharmacyRequest/Page_Store/select_--Select--BA50'

2018-05-21 12:26:56 - [MESSAGE][PASSED] - All options with index in [1] are selected on object 'Object Repository/PharmacyRequest/Page_Store/select_--Select--BA50'

2018-05-21 12:26:56 - [TEST_STEP][PASSED] - delay: Delayed 1 second(s)

2018-05-21 12:26:57 - [MESSAGE][PASSED] - Delayed 1 second(s)

2018-05-21 12:26:57 - [TEST_STEP][PASSED] - Statement - StockQty = com.kms.katalon.core.webui.keyword.WebUiBuiltInKeywords.getAttribute(com.kms.katalon.core.testobject.ObjectRepository.findTestObject(PharmacyRequest/Page_Store/input_txtprice), "value"): Attribute 'value' of object 'Object Repository/PharmacyRequest/Page_Store/input_txtprice' is: '1985'

2018-05-21 12:26:57 - [MESSAGE][PASSED] - Attribute 'value' of object 'Object Repository/PharmacyRequest/Page_Store/input_txtprice' is: '1985'

2018-05-21 12:26:57 - [TEST_STEP][PASSED] - Statement - out.println("Stock QTY : " + StockQty): null

2018-05-21 12:26:57 - [TEST_STEP][PASSED] - delay: Delayed 1 second(s)

2018-05-21 12:26:58 - [MESSAGE][PASSED] - Delayed 1 second(s)

2018-05-21 12:26:58 - [TEST_STEP][PASSED] - Statement - If (java.lang.Integer.valueOf(StockQty) >= java.lang.Integer.valueOf(RequestedQty)): null

2018-05-21 12:26:58 - [TEST_STEP][PASSED] - setText: Text '10' is set on object 'Object Repository/PharmacyRequest/Page_Store/input_txtqty'

2018-05-21 12:26:58 - [MESSAGE][PASSED] - Text '10' is set on object 'Object Repository/PharmacyRequest/Page_Store/input_txtqty'

2018-05-21 12:26:58 - [TEST_STEP][PASSED] - click: Object: 'Object Repository/PharmacyRequest/Page_Store/button_Add' is clicked on

2018-05-21 12:26:59 - [MESSAGE][PASSED] - Object: 'Object Repository/PharmacyRequest/Page_Store/button_Add' is clicked on

2018-05-21 12:26:59 - [TEST_STEP][PASSED] - Statement - Break: null

2018-05-21 12:26:59 - [TEST_STEP][PASSED] - selectOptionByIndex: All options with index in [2] are selected on object 'Object Repository/PharmacyRequest/Page_Store/select_--Select--Amlodepin -5'

2018-05-21 12:26:59 - [MESSAGE][PASSED] - All options with index in [2] are selected on object 'Object Repository/PharmacyRequest/Page_Store/select_--Select--Amlodepin -5'

2018-05-21 12:26:59 - [TEST_STEP][PASSED] - delay: Delayed 1 second(s)

2018-05-21 12:27:00 - [MESSAGE][PASSED] - Delayed 1 second(s)

2018-05-21 12:27:00 - [TEST_STEP][PASSED] - Statement - RequestedQty = com.kms.katalon.core.webui.keyword.WebUiBuiltInKeywords.getAttribute(com.kms.katalon.core.testobject.ObjectRepository.findTestObject(PharmacyRequest/Page_Store/input_txttotal), "value"): Attribute 'value' of object 'Object Repository/PharmacyRequest/Page_Store/input_txttotal' is: '10'

2018-05-21 12:27:00 - [MESSAGE][PASSED] - Attribute 'value' of object 'Object Repository/PharmacyRequest/Page_Store/input_txttotal' is: '10'

2018-05-21 12:27:00 - [TEST_STEP][PASSED] - Statement - out.println("Requested QTY : " + RequestedQty): null

2018-05-21 12:27:00 - [TEST_STEP][PASSED] - Statement - BatchNumber = com.kms.katalon.core.webui.keyword.WebUiBuiltInKeywords.getNumberOfTotalOption(com.kms.katalon.core.testobject.ObjectRepository.findTestObject(PharmacyRequest/Page_Store/select_--Select--BA50)): 3 options of object 'Object Repository/PharmacyRequest/Page_Store/select_--Select--BA50' counted

2018-05-21 12:27:00 - [MESSAGE][PASSED] - 3 options of object 'Object Repository/PharmacyRequest/Page_Store/select_--Select--BA50' counted

2018-05-21 12:27:00 - [TEST_STEP][PASSED] - Statement - For ([g = 1, g <= BatchNumber - 1, (g++)]): null

2018-05-21 12:27:00 - [TEST_STEP][PASSED] - selectOptionByIndex: All options with index in [1] are selected on object 'Object Repository/PharmacyRequest/Page_Store/select_--Select--BA50'

2018-05-21 12:27:00 - [MESSAGE][PASSED] - All options with index in [1] are selected on object 'Object Repository/PharmacyRequest/Page_Store/select_--Select--BA50'

2018-05-21 12:27:00 - [TEST_STEP][PASSED] - delay: Delayed 1 second(s)

2018-05-21 12:27:01 - [MESSAGE][PASSED] - Delayed 1 second(s)

2018-05-21 12:27:01 - [TEST_STEP][PASSED] - Statement - StockQty = com.kms.katalon.core.webui.keyword.WebUiBuiltInKeywords.getAttribute(com.kms.katalon.core.testobject.ObjectRepository.findTestObject(PharmacyRequest/Page_Store/input_txtprice), "value"): Attribute 'value' of object 'Object Repository/PharmacyRequest/Page_Store/input_txtprice' is: '1692'

2018-05-21 12:27:01 - [MESSAGE][PASSED] - Attribute 'value' of object 'Object Repository/PharmacyRequest/Page_Store/input_txtprice' is: '1692'

2018-05-21 12:27:01 - [TEST_STEP][PASSED] - Statement - out.println("Stock QTY : " + StockQty): null

2018-05-21 12:27:01 - [TEST_STEP][PASSED] - delay: Delayed 1 second(s)

2018-05-21 12:27:02 - [MESSAGE][PASSED] - Delayed 1 second(s)

2018-05-21 12:27:02 - [TEST_STEP][PASSED] - Statement - If (java.lang.Integer.valueOf(StockQty) >= java.lang.Integer.valueOf(RequestedQty)): null

2018-05-21 12:27:02 - [TEST_STEP][PASSED] - setText: Text '10' is set on object 'Object Repository/PharmacyRequest/Page_Store/input_txtqty'

2018-05-21 12:27:02 - [MESSAGE][PASSED] - Text '10' is set on object 'Object Repository/PharmacyRequest/Page_Store/input_txtqty'

2018-05-21 12:27:02 - [TEST_STEP][PASSED] - click: Object: 'Object Repository/PharmacyRequest/Page_Store/button_Add' is clicked on

2018-05-21 12:27:02 - [MESSAGE][PASSED] - Object: 'Object Repository/PharmacyRequest/Page_Store/button_Add' is clicked on

2018-05-21 12:27:02 - [TEST_STEP][PASSED] - Statement - Break: null

2018-05-21 12:27:02 - [TEST_STEP][PASSED] - selectOptionByIndex: All options with index in [3] are selected on object 'Object Repository/PharmacyRequest/Page_Store/select_--Select--Amlodepin -5'

2018-05-21 12:27:02 - [MESSAGE][PASSED] - All options with index in [3] are selected on object 'Object Repository/PharmacyRequest/Page_Store/select_--Select--Amlodepin -5'

2018-05-21 12:27:02 - [TEST_STEP][PASSED] - delay: Delayed 1 second(s)

2018-05-21 12:27:03 - [MESSAGE][PASSED] - Delayed 1 second(s)

2018-05-21 12:27:03 - [TEST_STEP][PASSED] - Statement - RequestedQty = com.kms.katalon.core.webui.keyword.WebUiBuiltInKeywords.getAttribute(com.kms.katalon.core.testobject.ObjectRepository.findTestObject(PharmacyRequest/Page_Store/input_txttotal), "value"): Attribute 'value' of object 'Object Repository/PharmacyRequest/Page_Store/input_txttotal' is: '10'

2018-05-21 12:27:03 - [MESSAGE][PASSED] - Attribute 'value' of object 'Object Repository/PharmacyRequest/Page_Store/input_txttotal' is: '10'

2018-05-21 12:27:03 - [TEST_STEP][PASSED] - Statement - out.println("Requested QTY : " + RequestedQty): null

2018-05-21 12:27:03 - [TEST_STEP][PASSED] - Statement - BatchNumber = com.kms.katalon.core.webui.keyword.WebUiBuiltInKeywords.getNumberOfTotalOption(com.kms.katalon.core.testobject.ObjectRepository.findTestObject(PharmacyRequest/Page_Store/select_--Select--BA50)): 3 options of object 'Object Repository/PharmacyRequest/Page_Store/select_--Select--BA50' counted

2018-05-21 12:27:03 - [MESSAGE][PASSED] - 3 options of object 'Object Repository/PharmacyRequest/Page_Store/select_--Select--BA50' counted

2018-05-21 12:27:03 - [TEST_STEP][PASSED] - Statement - For ([g = 1, g <= BatchNumber - 1, (g++)]): null

2018-05-21 12:27:03 - [TEST_STEP][PASSED] - selectOptionByIndex: All options with index in [1] are selected on object 'Object Repository/PharmacyRequest/Page_Store/select_--Select--BA50'

2018-05-21 12:27:04 - [MESSAGE][PASSED] - All options with index in [1] are selected on object 'Object Repository/PharmacyRequest/Page_Store/select_--Select--BA50'

2018-05-21 12:27:04 - [TEST_STEP][PASSED] - delay: Delayed 1 second(s)

2018-05-21 12:27:05 - [MESSAGE][PASSED] - Delayed 1 second(s)

2018-05-21 12:27:05 - [TEST_STEP][PASSED] - Statement - StockQty = com.kms.katalon.core.webui.keyword.WebUiBuiltInKeywords.getAttribute(com.kms.katalon.core.testobject.ObjectRepository.findTestObject(PharmacyRequest/Page_Store/input_txtprice), "value"): Attribute 'value' of object 'Object Repository/PharmacyRequest/Page_Store/input_txtprice' is: '1890'

2018-05-21 12:27:05 - [MESSAGE][PASSED] - Attribute 'value' of object 'Object Repository/PharmacyRequest/Page_Store/input_txtprice' is: '1890'

2018-05-21 12:27:05 - [TEST_STEP][PASSED] - Statement - out.println("Stock QTY : " + StockQty): null

2018-05-21 12:27:05 - [TEST_STEP][PASSED] - delay: Delayed 1 second(s)

2018-05-21 12:27:06 - [MESSAGE][PASSED] - Delayed 1 second(s)

2018-05-21 12:27:06 - [TEST_STEP][PASSED] - Statement - If (java.lang.Integer.valueOf(StockQty) >= java.lang.Integer.valueOf(RequestedQty)): null

2018-05-21 12:27:06 - [TEST_STEP][PASSED] - setText: Text '10' is set on object 'Object Repository/PharmacyRequest/Page_Store/input_txtqty'

2018-05-21 12:27:06 - [MESSAGE][PASSED] - Text '10' is set on object 'Object Repository/PharmacyRequest/Page_Store/input_txtqty'

2018-05-21 12:27:06 - [TEST_STEP][PASSED] - click: Object: 'Object Repository/PharmacyRequest/Page_Store/button_Add' is clicked on

2018-05-21 12:27:06 - [MESSAGE][PASSED] - Object: 'Object Repository/PharmacyRequest/Page_Store/button_Add' is clicked on

2018-05-21 12:27:06 - [TEST_STEP][PASSED] - Statement - Break: null

2018-05-21 12:27:06 - [TEST_STEP][PASSED] - selectOptionByIndex: All options with index in [4] are selected on object 'Object Repository/PharmacyRequest/Page_Store/select_--Select--Amlodepin -5'

2018-05-21 12:27:06 - [MESSAGE][PASSED] - All options with index in [4] are selected on object 'Object Repository/PharmacyRequest/Page_Store/select_--Select--Amlodepin -5'

2018-05-21 12:27:06 - [TEST_STEP][PASSED] - delay: Delayed 1 second(s)

2018-05-21 12:27:07 - [MESSAGE][PASSED] - Delayed 1 second(s)

2018-05-21 12:27:07 - [TEST_STEP][PASSED] - Statement - RequestedQty = com.kms.katalon.core.webui.keyword.WebUiBuiltInKeywords.getAttribute(com.kms.katalon.core.testobject.ObjectRepository.findTestObject(PharmacyRequest/Page_Store/input_txttotal), "value"): Attribute 'value' of object 'Object Repository/PharmacyRequest/Page_Store/input_txttotal' is: '10'

2018-05-21 12:27:07 - [MESSAGE][PASSED] - Attribute 'value' of object 'Object Repository/PharmacyRequest/Page_Store/input_txttotal' is: '10'

2018-05-21 12:27:07 - [TEST_STEP][PASSED] - Statement - out.println("Requested QTY : " + RequestedQty): null

2018-05-21 12:27:07 - [TEST_STEP][PASSED] - Statement - BatchNumber = com.kms.katalon.core.webui.keyword.WebUiBuiltInKeywords.getNumberOfTotalOption(com.kms.katalon.core.testobject.ObjectRepository.findTestObject(PharmacyRequest/Page_Store/select_--Select--BA50)): 3 options of object 'Object Repository/PharmacyRequest/Page_Store/select_--Select--BA50' counted

2018-05-21 12:27:07 - [MESSAGE][PASSED] - 3 options of object 'Object Repository/PharmacyRequest/Page_Store/select_--Select--BA50' counted

2018-05-21 12:27:07 - [TEST_STEP][PASSED] - Statement - For ([g = 1, g <= BatchNumber - 1, (g++)]): null

2018-05-21 12:27:07 - [TEST_STEP][PASSED] - selectOptionByIndex: All options with index in [1] are selected on object 'Object Repository/PharmacyRequest/Page_Store/select_--Select--BA50'

2018-05-21 12:27:07 - [MESSAGE][PASSED] - All options with index in [1] are selected on object 'Object Repository/PharmacyRequest/Page_Store/select_--Select--BA50'

2018-05-21 12:27:07 - [TEST_STEP][PASSED] - delay: Delayed 1 second(s)

2018-05-21 12:27:08 - [MESSAGE][PASSED] - Delayed 1 second(s)

2018-05-21 12:27:08 - [TEST_STEP][PASSED] - Statement - StockQty = com.kms.katalon.core.webui.keyword.WebUiBuiltInKeywords.getAttribute(com.kms.katalon.core.testobject.ObjectRepository.findTestObject(PharmacyRequest/Page_Store/input_txtprice), "value"): Attribute 'value' of object 'Object Repository/PharmacyRequest/Page_Store/input_txtprice' is: '1890'

2018-05-21 12:27:08 - [MESSAGE][PASSED] - Attribute 'value' of object 'Object Repository/PharmacyRequest/Page_Store/input_txtprice' is: '1890'

2018-05-21 12:27:08 - [TEST_STEP][PASSED] - Statement - out.println("Stock QTY : " + StockQty): null

2018-05-21 12:27:08 - [TEST_STEP][PASSED] - delay: Delayed 1 second(s)

2018-05-21 12:27:09 - [MESSAGE][PASSED] - Delayed 1 second(s)

2018-05-21 12:27:09 - [TEST_STEP][PASSED] - Statement - If (java.lang.Integer.valueOf(StockQty) >= java.lang.Integer.valueOf(RequestedQty)): null

2018-05-21 12:27:09 - [TEST_STEP][PASSED] - setText: Text '10' is set on object 'Object Repository/PharmacyRequest/Page_Store/input_txtqty'

2018-05-21 12:27:09 - [MESSAGE][PASSED] - Text '10' is set on object 'Object Repository/PharmacyRequest/Page_Store/input_txtqty'

2018-05-21 12:27:09 - [TEST_STEP][PASSED] - click: Object: 'Object Repository/PharmacyRequest/Page_Store/button_Add' is clicked on

2018-05-21 12:27:09 - [MESSAGE][PASSED] - Object: 'Object Repository/PharmacyRequest/Page_Store/button_Add' is clicked on

2018-05-21 12:27:09 - [TEST_STEP][PASSED] - Statement - Break: null

2018-05-21 12:27:09 - [TEST_STEP][PASSED] - selectOptionByIndex: All options with index in [5] are selected on object 'Object Repository/PharmacyRequest/Page_Store/select_--Select--Amlodepin -5'

2018-05-21 12:27:10 - [MESSAGE][PASSED] - All options with index in [5] are selected on object 'Object Repository/PharmacyRequest/Page_Store/select_--Select--Amlodepin -5'

2018-05-21 12:27:10 - [TEST_STEP][PASSED] - delay: Delayed 1 second(s)

2018-05-21 12:27:11 - [MESSAGE][PASSED] - Delayed 1 second(s)

2018-05-21 12:27:11 - [TEST_STEP][PASSED] - Statement - RequestedQty = com.kms.katalon.core.webui.keyword.WebUiBuiltInKeywords.getAttribute(com.kms.katalon.core.testobject.ObjectRepository.findTestObject(PharmacyRequest/Page_Store/input_txttotal), "value"): Attribute 'value' of object 'Object Repository/PharmacyRequest/Page_Store/input_txttotal' is: '10'

2018-05-21 12:27:11 - [MESSAGE][PASSED] - Attribute 'value' of object 'Object Repository/PharmacyRequest/Page_Store/input_txttotal' is: '10'

2018-05-21 12:27:11 - [TEST_STEP][PASSED] - Statement - out.println("Requested QTY : " + RequestedQty): null

2018-05-21 12:27:11 - [TEST_STEP][PASSED] - Statement - BatchNumber = com.kms.katalon.core.webui.keyword.WebUiBuiltInKeywords.getNumberOfTotalOption(com.kms.katalon.core.testobject.ObjectRepository.findTestObject(PharmacyRequest/Page_Store/select_--Select--BA50)): 3 options of object 'Object Repository/PharmacyRequest/Page_Store/select_--Select--BA50' counted

2018-05-21 12:27:11 - [MESSAGE][PASSED] - 3 options of object 'Object Repository/PharmacyRequest/Page_Store/select_--Select--BA50' counted

2018-05-21 12:27:11 - [TEST_STEP][PASSED] - Statement - For ([g = 1, g <= BatchNumber - 1, (g++)]): null

2018-05-21 12:27:11 - [TEST_STEP][PASSED] - selectOptionByIndex: All options with index in [1] are selected on object 'Object Repository/PharmacyRequest/Page_Store/select_--Select--BA50'

2018-05-21 12:27:11 - [MESSAGE][PASSED] - All options with index in [1] are selected on object 'Object Repository/PharmacyRequest/Page_Store/select_--Select--BA50'

2018-05-21 12:27:11 - [TEST_STEP][PASSED] - delay: Delayed 1 second(s)

2018-05-21 12:27:12 - [MESSAGE][PASSED] - Delayed 1 second(s)

2018-05-21 12:27:12 - [TEST_STEP][PASSED] - Statement - StockQty = com.kms.katalon.core.webui.keyword.WebUiBuiltInKeywords.getAttribute(com.kms.katalon.core.testobject.ObjectRepository.findTestObject(PharmacyRequest/Page_Store/input_txtprice), "value"): Attribute 'value' of object 'Object Repository/PharmacyRequest/Page_Store/input_txtprice' is: '1890'

2018-05-21 12:27:12 - [MESSAGE][PASSED] - Attribute 'value' of object 'Object Repository/PharmacyRequest/Page_Store/input_txtprice' is: '1890'

2018-05-21 12:27:12 - [TEST_STEP][PASSED] - Statement - out.println("Stock QTY : " + StockQty): null

2018-05-21 12:27:12 - [TEST_STEP][PASSED] - delay: Delayed 1 second(s)

2018-05-21 12:27:13 - [MESSAGE][PASSED] - Delayed 1 second(s)

2018-05-21 12:27:13 - [TEST_STEP][PASSED] - Statement - If (java.lang.Integer.valueOf(StockQty) >= java.lang.Integer.valueOf(RequestedQty)): null

2018-05-21 12:27:13 - [TEST_STEP][PASSED] - setText: Text '10' is set on object 'Object Repository/PharmacyRequest/Page_Store/input_txtqty'

2018-05-21 12:27:13 - [MESSAGE][PASSED] - Text '10' is set on object 'Object Repository/PharmacyRequest/Page_Store/input_txtqty'

2018-05-21 12:27:13 - [TEST_STEP][PASSED] - click: Object: 'Object Repository/PharmacyRequest/Page_Store/button_Add' is clicked on

2018-05-21 12:27:13 - [MESSAGE][PASSED] - Object: 'Object Repository/PharmacyRequest/Page_Store/button_Add' is clicked on

2018-05-21 12:27:13 - [TEST_STEP][PASSED] - Statement - Break: null

2018-05-21 12:27:13 - [TEST_STEP][PASSED] - selectOptionByIndex: All options with index in [6] are selected on object 'Object Repository/PharmacyRequest/Page_Store/select_--Select--Amlodepin -5'

2018-05-21 12:27:13 - [MESSAGE][PASSED] - All options with index in [6] are selected on object 'Object Repository/PharmacyRequest/Page_Store/select_--Select--Amlodepin -5'

2018-05-21 12:27:13 - [TEST_STEP][PASSED] - delay: Delayed 1 second(s)

2018-05-21 12:27:14 - [MESSAGE][PASSED] - Delayed 1 second(s)

2018-05-21 12:27:14 - [TEST_STEP][PASSED] - Statement - RequestedQty = com.kms.katalon.core.webui.keyword.WebUiBuiltInKeywords.getAttribute(com.kms.katalon.core.testobject.ObjectRepository.findTestObject(PharmacyRequest/Page_Store/input_txttotal), "value"): Attribute 'value' of object 'Object Repository/PharmacyRequest/Page_Store/input_txttotal' is: '10'

2018-05-21 12:27:14 - [MESSAGE][PASSED] - Attribute 'value' of object 'Object Repository/PharmacyRequest/Page_Store/input_txttotal' is: '10'

2018-05-21 12:27:14 - [TEST_STEP][PASSED] - Statement - out.println("Requested QTY : " + RequestedQty): null

2018-05-21 12:27:14 - [TEST_STEP][PASSED] - Statement - BatchNumber = com.kms.katalon.core.webui.keyword.WebUiBuiltInKeywords.getNumberOfTotalOption(com.kms.katalon.core.testobject.ObjectRepository.findTestObject(PharmacyRequest/Page_Store/select_--Select--BA50)): 3 options of object 'Object Repository/PharmacyRequest/Page_Store/select_--Select--BA50' counted

2018-05-21 12:27:14 - [MESSAGE][PASSED] - 3 options of object 'Object Repository/PharmacyRequest/Page_Store/select_--Select--BA50' counted

2018-05-21 12:27:14 - [TEST_STEP][PASSED] - Statement - For ([g = 1, g <= BatchNumber - 1, (g++)]): null

2018-05-21 12:27:14 - [TEST_STEP][PASSED] - selectOptionByIndex: All options with index in [1] are selected on object 'Object Repository/PharmacyRequest/Page_Store/select_--Select--BA50'

2018-05-21 12:27:14 - [MESSAGE][PASSED] - All options with index in [1] are selected on object 'Object Repository/PharmacyRequest/Page_Store/select_--Select--BA50'

2018-05-21 12:27:14 - [TEST_STEP][PASSED] - delay: Delayed 1 second(s)

2018-05-21 12:27:15 - [MESSAGE][PASSED] - Delayed 1 second(s)

2018-05-21 12:27:15 - [TEST_STEP][PASSED] - Statement - StockQty = com.kms.katalon.core.webui.keyword.WebUiBuiltInKeywords.getAttribute(com.kms.katalon.core.testobject.ObjectRepository.findTestObject(PharmacyRequest/Page_Store/input_txtprice), "value"): Attribute 'value' of object 'Object Repository/PharmacyRequest/Page_Store/input_txtprice' is: '1795'

2018-05-21 12:27:15 - [MESSAGE][PASSED] - Attribute 'value' of object 'Object Repository/PharmacyRequest/Page_Store/input_txtprice' is: '1795'

2018-05-21 12:27:15 - [TEST_STEP][PASSED] - Statement - out.println("Stock QTY : " + StockQty): null

2018-05-21 12:27:15 - [TEST_STEP][PASSED] - delay: Delayed 1 second(s)

2018-05-21 12:27:16 - [MESSAGE][PASSED] - Delayed 1 second(s)

2018-05-21 12:27:16 - [TEST_STEP][PASSED] - Statement - If (java.lang.Integer.valueOf(StockQty) >= java.lang.Integer.valueOf(RequestedQty)): null

2018-05-21 12:27:16 - [TEST_STEP][PASSED] - setText: Text '10' is set on object 'Object Repository/PharmacyRequest/Page_Store/input_txtqty'

2018-05-21 12:27:16 - [MESSAGE][PASSED] - Text '10' is set on object 'Object Repository/PharmacyRequest/Page_Store/input_txtqty'

2018-05-21 12:27:16 - [TEST_STEP][PASSED] - click: Object: 'Object Repository/PharmacyRequest/Page_Store/button_Add' is clicked on

2018-05-21 12:27:17 - [MESSAGE][PASSED] - Object: 'Object Repository/PharmacyRequest/Page_Store/button_Add' is clicked on

2018-05-21 12:27:17 - [TEST_STEP][PASSED] - Statement - Break: null

2018-05-21 12:27:17 - [TEST_STEP][PASSED] - selectOptionByIndex: All options with index in [7] are selected on object 'Object Repository/PharmacyRequest/Page_Store/select_--Select--Amlodepin -5'

2018-05-21 12:27:17 - [MESSAGE][PASSED] - All options with index in [7] are selected on object 'Object Repository/PharmacyRequest/Page_Store/select_--Select--Amlodepin -5'

2018-05-21 12:27:17 - [TEST_STEP][PASSED] - delay: Delayed 1 second(s)

2018-05-21 12:27:18 - [MESSAGE][PASSED] - Delayed 1 second(s)

2018-05-21 12:27:18 - [TEST_STEP][PASSED] - Statement - RequestedQty = com.kms.katalon.core.webui.keyword.WebUiBuiltInKeywords.getAttribute(com.kms.katalon.core.testobject.ObjectRepository.findTestObject(PharmacyRequest/Page_Store/input_txttotal), "value"): Attribute 'value' of object 'Object Repository/PharmacyRequest/Page_Store/input_txttotal' is: '10'

2018-05-21 12:27:18 - [MESSAGE][PASSED] - Attribute 'value' of object 'Object Repository/PharmacyRequest/Page_Store/input_txttotal' is: '10'

2018-05-21 12:27:18 - [TEST_STEP][PASSED] - Statement - out.println("Requested QTY : " + RequestedQty): null

2018-05-21 12:27:18 - [TEST_STEP][PASSED] - Statement - BatchNumber = com.kms.katalon.core.webui.keyword.WebUiBuiltInKeywords.getNumberOfTotalOption(com.kms.katalon.core.testobject.ObjectRepository.findTestObject(PharmacyRequest/Page_Store/select_--Select--BA50)): 4 options of object 'Object Repository/PharmacyRequest/Page_Store/select_--Select--BA50' counted

2018-05-21 12:27:18 - [MESSAGE][PASSED] - 4 options of object 'Object Repository/PharmacyRequest/Page_Store/select_--Select--BA50' counted

2018-05-21 12:27:18 - [TEST_STEP][PASSED] - Statement - For ([g = 1, g <= BatchNumber - 1, (g++)]): null

2018-05-21 12:27:18 - [TEST_STEP][PASSED] - selectOptionByIndex: All options with index in [1] are selected on object 'Object Repository/PharmacyRequest/Page_Store/select_--Select--BA50'

2018-05-21 12:27:18 - [MESSAGE][PASSED] - All options with index in [1] are selected on object 'Object Repository/PharmacyRequest/Page_Store/select_--Select--BA50'

2018-05-21 12:27:18 - [TEST_STEP][PASSED] - delay: Delayed 1 second(s)

2018-05-21 12:27:19 - [MESSAGE][PASSED] - Delayed 1 second(s)

2018-05-21 12:27:19 - [TEST_STEP][PASSED] - Statement - StockQty = com.kms.katalon.core.webui.keyword.WebUiBuiltInKeywords.getAttribute(com.kms.katalon.core.testobject.ObjectRepository.findTestObject(PharmacyRequest/Page_Store/input_txtprice), "value"): Attribute 'value' of object 'Object Repository/PharmacyRequest/Page_Store/input_txtprice' is: '4'

2018-05-21 12:27:19 - [MESSAGE][PASSED] - Attribute 'value' of object 'Object Repository/PharmacyRequest/Page_Store/input_txtprice' is: '4'

2018-05-21 12:27:19 - [TEST_STEP][PASSED] - Statement - out.println("Stock QTY : " + StockQty): null

2018-05-21 12:27:19 - [TEST_STEP][PASSED] - delay: Delayed 1 second(s)

2018-05-21 12:27:20 - [MESSAGE][PASSED] - Delayed 1 second(s)

2018-05-21 12:27:20 - [TEST_STEP][PASSED] - Statement - If (java.lang.Integer.valueOf(StockQty) >= java.lang.Integer.valueOf(RequestedQty)): null

2018-05-21 12:27:20 - [TEST_STEP][PASSED] - Statement - Else: null

2018-05-21 12:27:20 - [TEST_STEP][PASSED] - Statement - out.println("Stock Is Less Than Requested Qty"): null

2018-05-21 12:27:20 - [TEST_STEP][PASSED] - selectOptionByIndex: All options with index in [2] are selected on object 'Object Repository/PharmacyRequest/Page_Store/select_--Select--BA50'

2018-05-21 12:27:20 - [MESSAGE][PASSED] - All options with index in [2] are selected on object 'Object Repository/PharmacyRequest/Page_Store/select_--Select--BA50'

2018-05-21 12:27:20 - [TEST_STEP][PASSED] - delay: Delayed 1 second(s)

2018-05-21 12:27:21 - [MESSAGE][PASSED] - Delayed 1 second(s)

2018-05-21 12:27:21 - [TEST_STEP][PASSED] - Statement - StockQty = com.kms.katalon.core.webui.keyword.WebUiBuiltInKeywords.getAttribute(com.kms.katalon.core.testobject.ObjectRepository.findTestObject(PharmacyRequest/Page_Store/input_txtprice), "value"): Attribute 'value' of object 'Object Repository/PharmacyRequest/Page_Store/input_txtprice' is: '1679'

2018-05-21 12:27:21 - [MESSAGE][PASSED] - Attribute 'value' of object 'Object Repository/PharmacyRequest/Page_Store/input_txtprice' is: '1679'

2018-05-21 12:27:21 - [TEST_STEP][PASSED] - Statement - out.println("Stock QTY : " + StockQty): null

2018-05-21 12:27:21 - [TEST_STEP][PASSED] - delay: Delayed 1 second(s)

2018-05-21 12:27:22 - [MESSAGE][PASSED] - Delayed 1 second(s)

2018-05-21 12:27:22 - [TEST_STEP][PASSED] - Statement - If (java.lang.Integer.valueOf(StockQty) >= java.lang.Integer.valueOf(RequestedQty)): null

2018-05-21 12:27:22 - [TEST_STEP][PASSED] - setText: Text '10' is set on object 'Object Repository/PharmacyRequest/Page_Store/input_txtqty'

2018-05-21 12:27:22 - [MESSAGE][PASSED] - Text '10' is set on object 'Object Repository/PharmacyRequest/Page_Store/input_txtqty'

2018-05-21 12:27:22 - [TEST_STEP][PASSED] - click: Object: 'Object Repository/PharmacyRequest/Page_Store/button_Add' is clicked on

2018-05-21 12:27:22 - [MESSAGE][PASSED] - Object: 'Object Repository/PharmacyRequest/Page_Store/button_Add' is clicked on

2018-05-21 12:27:22 - [TEST_STEP][PASSED] - Statement - Break: null

2018-05-21 12:27:22 - [TEST_STEP][PASSED] - selectOptionByIndex: All options with index in [8] are selected on object 'Object Repository/PharmacyRequest/Page_Store/select_--Select--Amlodepin -5'

2018-05-21 12:27:23 - [MESSAGE][PASSED] - All options with index in [8] are selected on object 'Object Repository/PharmacyRequest/Page_Store/select_--Select--Amlodepin -5'

2018-05-21 12:27:23 - [TEST_STEP][PASSED] - delay: Delayed 1 second(s)

2018-05-21 12:27:24 - [MESSAGE][PASSED] - Delayed 1 second(s)

2018-05-21 12:27:24 - [TEST_STEP][PASSED] - Statement - RequestedQty = com.kms.katalon.core.webui.keyword.WebUiBuiltInKeywords.getAttribute(com.kms.katalon.core.testobject.ObjectRepository.findTestObject(PharmacyRequest/Page_Store/input_txttotal), "value"): Attribute 'value' of object 'Object Repository/PharmacyRequest/Page_Store/input_txttotal' is: '10'

2018-05-21 12:27:24 - [MESSAGE][PASSED] - Attribute 'value' of object 'Object Repository/PharmacyRequest/Page_Store/input_txttotal' is: '10'

2018-05-21 12:27:24 - [TEST_STEP][PASSED] - Statement - out.println("Requested QTY : " + RequestedQty): null

2018-05-21 12:27:24 - [TEST_STEP][PASSED] - Statement - BatchNumber = com.kms.katalon.core.webui.keyword.WebUiBuiltInKeywords.getNumberOfTotalOption(com.kms.katalon.core.testobject.ObjectRepository.findTestObject(PharmacyRequest/Page_Store/select_--Select--BA50)): 3 options of object 'Object Repository/PharmacyRequest/Page_Store/select_--Select--BA50' counted

2018-05-21 12:27:24 - [MESSAGE][PASSED] - 3 options of object 'Object Repository/PharmacyRequest/Page_Store/select_--Select--BA50' counted

2018-05-21 12:27:24 - [TEST_STEP][PASSED] - Statement - For ([g = 1, g <= BatchNumber - 1, (g++)]): null

2018-05-21 12:27:24 - [TEST_STEP][PASSED] - selectOptionByIndex: All options with index in [1] are selected on object 'Object Repository/PharmacyRequest/Page_Store/select_--Select--BA50'

2018-05-21 12:27:24 - [MESSAGE][PASSED] - All options with index in [1] are selected on object 'Object Repository/PharmacyRequest/Page_Store/select_--Select--BA50'

2018-05-21 12:27:24 - [TEST_STEP][PASSED] - delay: Delayed 1 second(s)

2018-05-21 12:27:25 - [MESSAGE][PASSED] - Delayed 1 second(s)

2018-05-21 12:27:25 - [TEST_STEP][PASSED] - Statement - StockQty = com.kms.katalon.core.webui.keyword.WebUiBuiltInKeywords.getAttribute(com.kms.katalon.core.testobject.ObjectRepository.findTestObject(PharmacyRequest/Page_Store/input_txtprice), "value"): Attribute 'value' of object 'Object Repository/PharmacyRequest/Page_Store/input_txtprice' is: '1753'

2018-05-21 12:27:25 - [MESSAGE][PASSED] - Attribute 'value' of object 'Object Repository/PharmacyRequest/Page_Store/input_txtprice' is: '1753'

2018-05-21 12:27:25 - [TEST_STEP][PASSED] - Statement - out.println("Stock QTY : " + StockQty): null

2018-05-21 12:27:25 - [TEST_STEP][PASSED] - delay: Delayed 1 second(s)

2018-05-21 12:27:26 - [MESSAGE][PASSED] - Delayed 1 second(s)

2018-05-21 12:27:26 - [TEST_STEP][PASSED] - Statement - If (java.lang.Integer.valueOf(StockQty) >= java.lang.Integer.valueOf(RequestedQty)): null

2018-05-21 12:27:26 - [TEST_STEP][PASSED] - setText: Text '10' is set on object 'Object Repository/PharmacyRequest/Page_Store/input_txtqty'

2018-05-21 12:27:26 - [MESSAGE][PASSED] - Text '10' is set on object 'Object Repository/PharmacyRequest/Page_Store/input_txtqty'

2018-05-21 12:27:26 - [TEST_STEP][PASSED] - click: Object: 'Object Repository/PharmacyRequest/Page_Store/button_Add' is clicked on

2018-05-21 12:27:26 - [MESSAGE][PASSED] - Object: 'Object Repository/PharmacyRequest/Page_Store/button_Add' is clicked on

2018-05-21 12:27:26 - [TEST_STEP][PASSED] - Statement - Break: null

2018-05-21 12:27:26 - [TEST_STEP][PASSED] - selectOptionByIndex: All options with index in [9] are selected on object 'Object Repository/PharmacyRequest/Page_Store/select_--Select--Amlodepin -5'

2018-05-21 12:27:26 - [MESSAGE][PASSED] - All options with index in [9] are selected on object 'Object Repository/PharmacyRequest/Page_Store/select_--Select--Amlodepin -5'

2018-05-21 12:27:26 - [TEST_STEP][PASSED] - delay: Delayed 1 second(s)

2018-05-21 12:27:27 - [MESSAGE][PASSED] - Delayed 1 second(s)

2018-05-21 12:27:27 - [TEST_STEP][PASSED] - Statement - RequestedQty = com.kms.katalon.core.webui.keyword.WebUiBuiltInKeywords.getAttribute(com.kms.katalon.core.testobject.ObjectRepository.findTestObject(PharmacyRequest/Page_Store/input_txttotal), "value"): Attribute 'value' of object 'Object Repository/PharmacyRequest/Page_Store/input_txttotal' is: '10'

2018-05-21 12:27:27 - [MESSAGE][PASSED] - Attribute 'value' of object 'Object Repository/PharmacyRequest/Page_Store/input_txttotal' is: '10'

2018-05-21 12:27:27 - [TEST_STEP][PASSED] - Statement - out.println("Requested QTY : " + RequestedQty): null

2018-05-21 12:27:27 - [TEST_STEP][PASSED] - Statement - BatchNumber = com.kms.katalon.core.webui.keyword.WebUiBuiltInKeywords.getNumberOfTotalOption(com.kms.katalon.core.testobject.ObjectRepository.findTestObject(PharmacyRequest/Page_Store/select_--Select--BA50)): 3 options of object 'Object Repository/PharmacyRequest/Page_Store/select_--Select--BA50' counted

2018-05-21 12:27:27 - [MESSAGE][PASSED] - 3 options of object 'Object Repository/PharmacyRequest/Page_Store/select_--Select--BA50' counted

2018-05-21 12:27:27 - [TEST_STEP][PASSED] - Statement - For ([g = 1, g <= BatchNumber - 1, (g++)]): null

2018-05-21 12:27:27 - [TEST_STEP][PASSED] - selectOptionByIndex: All options with index in [1] are selected on object 'Object Repository/PharmacyRequest/Page_Store/select_--Select--BA50'

2018-05-21 12:27:27 - [MESSAGE][PASSED] - All options with index in [1] are selected on object 'Object Repository/PharmacyRequest/Page_Store/select_--Select--BA50'

2018-05-21 12:27:27 - [TEST_STEP][PASSED] - delay: Delayed 1 second(s)

2018-05-21 12:27:28 - [MESSAGE][PASSED] - Delayed 1 second(s)

2018-05-21 12:27:28 - [TEST_STEP][PASSED] - Statement - StockQty = com.kms.katalon.core.webui.keyword.WebUiBuiltInKeywords.getAttribute(com.kms.katalon.core.testobject.ObjectRepository.findTestObject(PharmacyRequest/Page_Store/input_txtprice), "value"): Attribute 'value' of object 'Object Repository/PharmacyRequest/Page_Store/input_txtprice' is: '1572'

2018-05-21 12:27:29 - [MESSAGE][PASSED] - Attribute 'value' of object 'Object Repository/PharmacyRequest/Page_Store/input_txtprice' is: '1572'

2018-05-21 12:27:29 - [TEST_STEP][PASSED] - Statement - out.println("Stock QTY : " + StockQty): null

2018-05-21 12:27:29 - [TEST_STEP][PASSED] - delay: Delayed 1 second(s)

2018-05-21 12:27:30 - [MESSAGE][PASSED] - Delayed 1 second(s)

2018-05-21 12:27:30 - [TEST_STEP][PASSED] - Statement - If (java.lang.Integer.valueOf(StockQty) >= java.lang.Integer.valueOf(RequestedQty)): null

2018-05-21 12:27:30 - [TEST_STEP][PASSED] - setText: Text '10' is set on object 'Object Repository/PharmacyRequest/Page_Store/input_txtqty'

2018-05-21 12:27:30 - [MESSAGE][PASSED] - Text '10' is set on object 'Object Repository/PharmacyRequest/Page_Store/input_txtqty'

2018-05-21 12:27:30 - [TEST_STEP][PASSED] - click: Object: 'Object Repository/PharmacyRequest/Page_Store/button_Add' is clicked on

2018-05-21 12:27:30 - [MESSAGE][PASSED] - Object: 'Object Repository/PharmacyRequest/Page_Store/button_Add' is clicked on

2018-05-21 12:27:30 - [TEST_STEP][PASSED] - Statement - Break: null

2018-05-21 12:27:30 - [TEST_STEP][PASSED] - selectOptionByIndex: All options with index in [10] are selected on object 'Object Repository/PharmacyRequest/Page_Store/select_--Select--Amlodepin -5'

2018-05-21 12:27:30 - [MESSAGE][PASSED] - All options with index in [10] are selected on object 'Object Repository/PharmacyRequest/Page_Store/select_--Select--Amlodepin -5'

2018-05-21 12:27:30 - [TEST_STEP][PASSED] - delay: Delayed 1 second(s)

2018-05-21 12:27:31 - [MESSAGE][PASSED] - Delayed 1 second(s)

2018-05-21 12:27:31 - [TEST_STEP][PASSED] - Statement - RequestedQty = com.kms.katalon.core.webui.keyword.WebUiBuiltInKeywords.getAttribute(com.kms.katalon.core.testobject.ObjectRepository.findTestObject(PharmacyRequest/Page_Store/input_txttotal), "value"): Attribute 'value' of object 'Object Repository/PharmacyRequest/Page_Store/input_txttotal' is: '10'

2018-05-21 12:27:31 - [MESSAGE][PASSED] - Attribute 'value' of object 'Object Repository/PharmacyRequest/Page_Store/input_txttotal' is: '10'

2018-05-21 12:27:31 - [TEST_STEP][PASSED] - Statement - out.println("Requested QTY : " + RequestedQty): null

2018-05-21 12:27:31 - [TEST_STEP][PASSED] - Statement - BatchNumber = com.kms.katalon.core.webui.keyword.WebUiBuiltInKeywords.getNumberOfTotalOption(com.kms.katalon.core.testobject.ObjectRepository.findTestObject(PharmacyRequest/Page_Store/select_--Select--BA50)): 3 options of object 'Object Repository/PharmacyRequest/Page_Store/select_--Select--BA50' counted

2018-05-21 12:27:31 - [MESSAGE][PASSED] - 3 options of object 'Object Repository/PharmacyRequest/Page_Store/select_--Select--BA50' counted

2018-05-21 12:27:31 - [TEST_STEP][PASSED] - Statement - For ([g = 1, g <= BatchNumber - 1, (g++)]): null

2018-05-21 12:27:31 - [TEST_STEP][PASSED] - selectOptionByIndex: All options with index in [1] are selected on object 'Object Repository/PharmacyRequest/Page_Store/select_--Select--BA50'

2018-05-21 12:27:31 - [MESSAGE][PASSED] - All options with index in [1] are selected on object 'Object Repository/PharmacyRequest/Page_Store/select_--Select--BA50'

2018-05-21 12:27:31 - [TEST_STEP][PASSED] - delay: Delayed 1 second(s)

2018-05-21 12:27:32 - [MESSAGE][PASSED] - Delayed 1 second(s)

2018-05-21 12:27:32 - [TEST_STEP][PASSED] - Statement - StockQty = com.kms.katalon.core.webui.keyword.WebUiBuiltInKeywords.getAttribute(com.kms.katalon.core.testobject.ObjectRepository.findTestObject(PharmacyRequest/Page_Store/input_txtprice), "value"): Attribute 'value' of object 'Object Repository/PharmacyRequest/Page_Store/input_txtprice' is: '1890'

2018-05-21 12:27:32 - [MESSAGE][PASSED] - Attribute 'value' of object 'Object Repository/PharmacyRequest/Page_Store/input_txtprice' is: '1890'

2018-05-21 12:27:32 - [TEST_STEP][PASSED] - Statement - out.println("Stock QTY : " + StockQty): null

2018-05-21 12:27:32 - [TEST_STEP][PASSED] - delay: Delayed 1 second(s)

2018-05-21 12:27:33 - [MESSAGE][PASSED] - Delayed 1 second(s)

2018-05-21 12:27:33 - [TEST_STEP][PASSED] - Statement - If (java.lang.Integer.valueOf(StockQty) >= java.lang.Integer.valueOf(RequestedQty)): null

2018-05-21 12:27:33 - [TEST_STEP][PASSED] - setText: Text '10' is set on object 'Object Repository/PharmacyRequest/Page_Store/input_txtqty'

2018-05-21 12:27:33 - [MESSAGE][PASSED] - Text '10' is set on object 'Object Repository/PharmacyRequest/Page_Store/input_txtqty'

2018-05-21 12:27:33 - [TEST_STEP][PASSED] - click: Object: 'Object Repository/PharmacyRequest/Page_Store/button_Add' is clicked on

2018-05-21 12:27:33 - [MESSAGE][PASSED] - Object: 'Object Repository/PharmacyRequest/Page_Store/button_Add' is clicked on

2018-05-21 12:27:33 - [TEST_STEP][PASSED] - Statement - Break: null

2018-05-21 12:27:33 - [TEST_STEP][PASSED] - selectOptionByIndex: All options with index in [11] are selected on object 'Object Repository/PharmacyRequest/Page_Store/select_--Select--Amlodepin -5'

2018-05-21 12:27:34 - [MESSAGE][PASSED] - All options with index in [11] are selected on object 'Object Repository/PharmacyRequest/Page_Store/select_--Select--Amlodepin -5'

2018-05-21 12:27:34 - [TEST_STEP][PASSED] - delay: Delayed 1 second(s)

2018-05-21 12:27:35 - [MESSAGE][PASSED] - Delayed 1 second(s)

2018-05-21 12:27:35 - [TEST_STEP][PASSED] - Statement - RequestedQty = com.kms.katalon.core.webui.keyword.WebUiBuiltInKeywords.getAttribute(com.kms.katalon.core.testobject.ObjectRepository.findTestObject(PharmacyRequest/Page_Store/input_txttotal), "value"): Attribute 'value' of object 'Object Repository/PharmacyRequest/Page_Store/input_txttotal' is: '10'

2018-05-21 12:27:35 - [MESSAGE][PASSED] - Attribute 'value' of object 'Object Repository/PharmacyRequest/Page_Store/input_txttotal' is: '10'

2018-05-21 12:27:35 - [TEST_STEP][PASSED] - Statement - out.println("Requested QTY : " + RequestedQty): null

2018-05-21 12:27:35 - [TEST_STEP][PASSED] - Statement - BatchNumber = com.kms.katalon.core.webui.keyword.WebUiBuiltInKeywords.getNumberOfTotalOption(com.kms.katalon.core.testobject.ObjectRepository.findTestObject(PharmacyRequest/Page_Store/select_--Select--BA50)): 2 options of object 'Object Repository/PharmacyRequest/Page_Store/select_--Select--BA50' counted

2018-05-21 12:27:35 - [MESSAGE][PASSED] - 2 options of object 'Object Repository/PharmacyRequest/Page_Store/select_--Select--BA50' counted

2018-05-21 12:27:35 - [TEST_STEP][PASSED] - Statement - For ([g = 1, g <= BatchNumber - 1, (g++)]): null

2018-05-21 12:27:35 - [TEST_STEP][PASSED] - selectOptionByIndex: All options with index in [1] are selected on object 'Object Repository/PharmacyRequest/Page_Store/select_--Select--BA50'

2018-05-21 12:27:35 - [MESSAGE][PASSED] - All options with index in [1] are selected on object 'Object Repository/PharmacyRequest/Page_Store/select_--Select--BA50'

2018-05-21 12:27:35 - [TEST_STEP][PASSED] - delay: Delayed 1 second(s)

2018-05-21 12:27:36 - [MESSAGE][PASSED] - Delayed 1 second(s)

2018-05-21 12:27:36 - [TEST_STEP][PASSED] - Statement - StockQty = com.kms.katalon.core.webui.keyword.WebUiBuiltInKeywords.getAttribute(com.kms.katalon.core.testobject.ObjectRepository.findTestObject(PharmacyRequest/Page_Store/input_txtprice), "value"): Attribute 'value' of object 'Object Repository/PharmacyRequest/Page_Store/input_txtprice' is: '1812'

2018-05-21 12:27:36 - [MESSAGE][PASSED] - Attribute 'value' of object 'Object Repository/PharmacyRequest/Page_Store/input_txtprice' is: '1812'

2018-05-21 12:27:36 - [TEST_STEP][PASSED] - Statement - out.println("Stock QTY : " + StockQty): null

2018-05-21 12:27:36 - [TEST_STEP][PASSED] - delay: Delayed 1 second(s)

2018-05-21 12:27:37 - [MESSAGE][PASSED] - Delayed 1 second(s)

2018-05-21 12:27:37 - [TEST_STEP][PASSED] - Statement - If (java.lang.Integer.valueOf(StockQty) >= java.lang.Integer.valueOf(RequestedQty)): null

2018-05-21 12:27:37 - [TEST_STEP][PASSED] - setText: Text '10' is set on object 'Object Repository/PharmacyRequest/Page_Store/input_txtqty'

2018-05-21 12:27:37 - [MESSAGE][PASSED] - Text '10' is set on object 'Object Repository/PharmacyRequest/Page_Store/input_txtqty'

2018-05-21 12:27:37 - [TEST_STEP][PASSED] - click: Object: 'Object Repository/PharmacyRequest/Page_Store/button_Add' is clicked on

2018-05-21 12:27:37 - [MESSAGE][PASSED] - Object: 'Object Repository/PharmacyRequest/Page_Store/button_Add' is clicked on

2018-05-21 12:27:37 - [TEST_STEP][PASSED] - Statement - Break: null

2018-05-21 12:27:37 - [TEST_STEP][PASSED] - selectOptionByIndex: All options with index in [12] are selected on object 'Object Repository/PharmacyRequest/Page_Store/select_--Select--Amlodepin -5'

2018-05-21 12:27:37 - [MESSAGE][PASSED] - All options with index in [12] are selected on object 'Object Repository/PharmacyRequest/Page_Store/select_--Select--Amlodepin -5'

2018-05-21 12:27:37 - [TEST_STEP][PASSED] - delay: Delayed 1 second(s)

2018-05-21 12:27:38 - [MESSAGE][PASSED] - Delayed 1 second(s)

2018-05-21 12:27:38 - [TEST_STEP][PASSED] - Statement - RequestedQty = com.kms.katalon.core.webui.keyword.WebUiBuiltInKeywords.getAttribute(com.kms.katalon.core.testobject.ObjectRepository.findTestObject(PharmacyRequest/Page_Store/input_txttotal), "value"): Attribute 'value' of object 'Object Repository/PharmacyRequest/Page_Store/input_txttotal' is: '10'

2018-05-21 12:27:38 - [MESSAGE][PASSED] - Attribute 'value' of object 'Object Repository/PharmacyRequest/Page_Store/input_txttotal' is: '10'

2018-05-21 12:27:38 - [TEST_STEP][PASSED] - Statement - out.println("Requested QTY : " + RequestedQty): null

2018-05-21 12:27:38 - [TEST_STEP][PASSED] - Statement - BatchNumber = com.kms.katalon.core.webui.keyword.WebUiBuiltInKeywords.getNumberOfTotalOption(com.kms.katalon.core.testobject.ObjectRepository.findTestObject(PharmacyRequest/Page_Store/select_--Select--BA50)): 3 options of object 'Object Repository/PharmacyRequest/Page_Store/select_--Select--BA50' counted

2018-05-21 12:27:38 - [MESSAGE][PASSED] - 3 options of object 'Object Repository/PharmacyRequest/Page_Store/select_--Select--BA50' counted

2018-05-21 12:27:38 - [TEST_STEP][PASSED] - Statement - For ([g = 1, g <= BatchNumber - 1, (g++)]): null

2018-05-21 12:27:38 - [TEST_STEP][PASSED] - selectOptionByIndex: All options with index in [1] are selected on object 'Object Repository/PharmacyRequest/Page_Store/select_--Select--BA50'

2018-05-21 12:27:39 - [MESSAGE][PASSED] - All options with index in [1] are selected on object 'Object Repository/PharmacyRequest/Page_Store/select_--Select--BA50'

2018-05-21 12:27:39 - [TEST_STEP][PASSED] - delay: Delayed 1 second(s)

2018-05-21 12:27:40 - [MESSAGE][PASSED] - Delayed 1 second(s)

2018-05-21 12:27:40 - [TEST_STEP][PASSED] - Statement - StockQty = com.kms.katalon.core.webui.keyword.WebUiBuiltInKeywords.getAttribute(com.kms.katalon.core.testobject.ObjectRepository.findTestObject(PharmacyRequest/Page_Store/input_txtprice), "value"): Attribute 'value' of object 'Object Repository/PharmacyRequest/Page_Store/input_txtprice' is: '1865'

2018-05-21 12:27:40 - [MESSAGE][PASSED] - Attribute 'value' of object 'Object Repository/PharmacyRequest/Page_Store/input_txtprice' is: '1865'

2018-05-21 12:27:40 - [TEST_STEP][PASSED] - Statement - out.println("Stock QTY : " + StockQty): null

2018-05-21 12:27:40 - [TEST_STEP][PASSED] - delay: Delayed 1 second(s)

2018-05-21 12:27:41 - [MESSAGE][PASSED] - Delayed 1 second(s)

2018-05-21 12:27:41 - [TEST_STEP][PASSED] - Statement - If (java.lang.Integer.valueOf(StockQty) >= java.lang.Integer.valueOf(RequestedQty)): null

2018-05-21 12:27:41 - [TEST_STEP][PASSED] - setText: Text '10' is set on object 'Object Repository/PharmacyRequest/Page_Store/input_txtqty'

2018-05-21 12:27:41 - [MESSAGE][PASSED] - Text '10' is set on object 'Object Repository/PharmacyRequest/Page_Store/input_txtqty'

2018-05-21 12:27:41 - [TEST_STEP][PASSED] - click: Object: 'Object Repository/PharmacyRequest/Page_Store/button_Add' is clicked on

2018-05-21 12:27:41 - [MESSAGE][PASSED] - Object: 'Object Repository/PharmacyRequest/Page_Store/button_Add' is clicked on

2018-05-21 12:27:41 - [TEST_STEP][PASSED] - Statement - Break: null

2018-05-21 12:27:41 - [TEST_STEP][PASSED] - selectOptionByIndex: All options with index in [13] are selected on object 'Object Repository/PharmacyRequest/Page_Store/select_--Select--Amlodepin -5'

2018-05-21 12:27:41 - [MESSAGE][PASSED] - All options with index in [13] are selected on object 'Object Repository/PharmacyRequest/Page_Store/select_--Select--Amlodepin -5'

2018-05-21 12:27:41 - [TEST_STEP][PASSED] - delay: Delayed 1 second(s)

2018-05-21 12:27:42 - [MESSAGE][PASSED] - Delayed 1 second(s)

2018-05-21 12:27:42 - [TEST_STEP][PASSED] - Statement - RequestedQty = com.kms.katalon.core.webui.keyword.WebUiBuiltInKeywords.getAttribute(com.kms.katalon.core.testobject.ObjectRepository.findTestObject(PharmacyRequest/Page_Store/input_txttotal), "value"): Attribute 'value' of object 'Object Repository/PharmacyRequest/Page_Store/input_txttotal' is: '10'

2018-05-21 12:27:42 - [MESSAGE][PASSED] - Attribute 'value' of object 'Object Repository/PharmacyRequest/Page_Store/input_txttotal' is: '10'

2018-05-21 12:27:42 - [TEST_STEP][PASSED] - Statement - out.println("Requested QTY : " + RequestedQty): null

2018-05-21 12:27:42 - [TEST_STEP][PASSED] - Statement - BatchNumber = com.kms.katalon.core.webui.keyword.WebUiBuiltInKeywords.getNumberOfTotalOption(com.kms.katalon.core.testobject.ObjectRepository.findTestObject(PharmacyRequest/Page_Store/select_--Select--BA50)): 3 options of object 'Object Repository/PharmacyRequest/Page_Store/select_--Select--BA50' counted

2018-05-21 12:27:42 - [MESSAGE][PASSED] - 3 options of object 'Object Repository/PharmacyRequest/Page_Store/select_--Select--BA50' counted

2018-05-21 12:27:42 - [TEST_STEP][PASSED] - Statement - For ([g = 1, g <= BatchNumber - 1, (g++)]): null

2018-05-21 12:27:42 - [TEST_STEP][PASSED] - selectOptionByIndex: All options with index in [1] are selected on object 'Object Repository/PharmacyRequest/Page_Store/select_--Select--BA50'

2018-05-21 12:27:42 - [MESSAGE][PASSED] - All options with index in [1] are selected on object 'Object Repository/PharmacyRequest/Page_Store/select_--Select--BA50'

2018-05-21 12:27:42 - [TEST_STEP][PASSED] - delay: Delayed 1 second(s)

2018-05-21 12:27:43 - [MESSAGE][PASSED] - Delayed 1 second(s)

2018-05-21 12:27:43 - [TEST_STEP][PASSED] - Statement - StockQty = com.kms.katalon.core.webui.keyword.WebUiBuiltInKeywords.getAttribute(com.kms.katalon.core.testobject.ObjectRepository.findTestObject(PharmacyRequest/Page_Store/input_txtprice), "value"): Attribute 'value' of object 'Object Repository/PharmacyRequest/Page_Store/input_txtprice' is: '35'

2018-05-21 12:27:43 - [MESSAGE][PASSED] - Attribute 'value' of object 'Object Repository/PharmacyRequest/Page_Store/input_txtprice' is: '35'

2018-05-21 12:27:43 - [TEST_STEP][PASSED] - Statement - out.println("Stock QTY : " + StockQty): null

2018-05-21 12:27:43 - [TEST_STEP][PASSED] - delay: Delayed 1 second(s)

2018-05-21 12:27:44 - [MESSAGE][PASSED] - Delayed 1 second(s)

2018-05-21 12:27:44 - [TEST_STEP][PASSED] - Statement - If (java.lang.Integer.valueOf(StockQty) >= java.lang.Integer.valueOf(RequestedQty)): null

2018-05-21 12:27:44 - [TEST_STEP][PASSED] - setText: Text '10' is set on object 'Object Repository/PharmacyRequest/Page_Store/input_txtqty'

2018-05-21 12:27:44 - [MESSAGE][PASSED] - Text '10' is set on object 'Object Repository/PharmacyRequest/Page_Store/input_txtqty'

2018-05-21 12:27:44 - [TEST_STEP][PASSED] - click: Object: 'Object Repository/PharmacyRequest/Page_Store/button_Add' is clicked on

2018-05-21 12:27:44 - [MESSAGE][PASSED] - Object: 'Object Repository/PharmacyRequest/Page_Store/button_Add' is clicked on

2018-05-21 12:27:44 - [TEST_STEP][PASSED] - Statement - Break: null

2018-05-21 12:27:44 - [TEST_STEP][PASSED] - selectOptionByIndex: All options with index in [14] are selected on object 'Object Repository/PharmacyRequest/Page_Store/select_--Select--Amlodepin -5'

2018-05-21 12:27:45 - [MESSAGE][PASSED] - All options with index in [14] are selected on object 'Object Repository/PharmacyRequest/Page_Store/select_--Select--Amlodepin -5'

2018-05-21 12:27:45 - [TEST_STEP][PASSED] - delay: Delayed 1 second(s)

2018-05-21 12:27:46 - [MESSAGE][PASSED] - Delayed 1 second(s)

2018-05-21 12:27:46 - [TEST_STEP][PASSED] - Statement - RequestedQty = com.kms.katalon.core.webui.keyword.WebUiBuiltInKeywords.getAttribute(com.kms.katalon.core.testobject.ObjectRepository.findTestObject(PharmacyRequest/Page_Store/input_txttotal), "value"): Attribute 'value' of object 'Object Repository/PharmacyRequest/Page_Store/input_txttotal' is: '10'

2018-05-21 12:27:46 - [MESSAGE][PASSED] - Attribute 'value' of object 'Object Repository/PharmacyRequest/Page_Store/input_txttotal' is: '10'

2018-05-21 12:27:46 - [TEST_STEP][PASSED] - Statement - out.println("Requested QTY : " + RequestedQty): null

2018-05-21 12:27:46 - [TEST_STEP][PASSED] - Statement - BatchNumber = com.kms.katalon.core.webui.keyword.WebUiBuiltInKeywords.getNumberOfTotalOption(com.kms.katalon.core.testobject.ObjectRepository.findTestObject(PharmacyRequest/Page_Store/select_--Select--BA50)): 3 options of object 'Object Repository/PharmacyRequest/Page_Store/select_--Select--BA50' counted

2018-05-21 12:27:46 - [MESSAGE][PASSED] - 3 options of object 'Object Repository/PharmacyRequest/Page_Store/select_--Select--BA50' counted

2018-05-21 12:27:46 - [TEST_STEP][PASSED] - Statement - For ([g = 1, g <= BatchNumber - 1, (g++)]): null

2018-05-21 12:27:46 - [TEST_STEP][PASSED] - selectOptionByIndex: All options with index in [1] are selected on object 'Object Repository/PharmacyRequest/Page_Store/select_--Select--BA50'

2018-05-21 12:27:46 - [MESSAGE][PASSED] - All options with index in [1] are selected on object 'Object Repository/PharmacyRequest/Page_Store/select_--Select--BA50'

2018-05-21 12:27:46 - [TEST_STEP][PASSED] - delay: Delayed 1 second(s)

2018-05-21 12:27:47 - [MESSAGE][PASSED] - Delayed 1 second(s)

2018-05-21 12:27:47 - [TEST_STEP][PASSED] - Statement - StockQty = com.kms.katalon.core.webui.keyword.WebUiBuiltInKeywords.getAttribute(com.kms.katalon.core.testobject.ObjectRepository.findTestObject(PharmacyRequest/Page_Store/input_txtprice), "value"): Attribute 'value' of object 'Object Repository/PharmacyRequest/Page_Store/input_txtprice' is: '1890'

2018-05-21 12:27:47 - [MESSAGE][PASSED] - Attribute 'value' of object 'Object Repository/PharmacyRequest/Page_Store/input_txtprice' is: '1890'

2018-05-21 12:27:47 - [TEST_STEP][PASSED] - Statement - out.println("Stock QTY : " + StockQty): null

2018-05-21 12:27:47 - [TEST_STEP][PASSED] - delay: Delayed 1 second(s)

2018-05-21 12:27:48 - [MESSAGE][PASSED] - Delayed 1 second(s)

2018-05-21 12:27:48 - [TEST_STEP][PASSED] - Statement - If (java.lang.Integer.valueOf(StockQty) >= java.lang.Integer.valueOf(RequestedQty)): null

2018-05-21 12:27:48 - [TEST_STEP][PASSED] - setText: Text '10' is set on object 'Object Repository/PharmacyRequest/Page_Store/input_txtqty'

2018-05-21 12:27:48 - [MESSAGE][PASSED] - Text '10' is set on object 'Object Repository/PharmacyRequest/Page_Store/input_txtqty'

2018-05-21 12:27:48 - [TEST_STEP][PASSED] - click: Object: 'Object Repository/PharmacyRequest/Page_Store/button_Add' is clicked on

2018-05-21 12:27:48 - [MESSAGE][PASSED] - Object: 'Object Repository/PharmacyRequest/Page_Store/button_Add' is clicked on

2018-05-21 12:27:48 - [TEST_STEP][PASSED] - Statement - Break: null

2018-05-21 12:27:48 - [TEST_STEP][PASSED] - selectOptionByIndex: All options with index in [15] are selected on object 'Object Repository/PharmacyRequest/Page_Store/select_--Select--Amlodepin -5'

2018-05-21 12:27:48 - [MESSAGE][PASSED] - All options with index in [15] are selected on object 'Object Repository/PharmacyRequest/Page_Store/select_--Select--Amlodepin -5'

2018-05-21 12:27:48 - [TEST_STEP][PASSED] - delay: Delayed 1 second(s)

2018-05-21 12:27:49 - [MESSAGE][PASSED] - Delayed 1 second(s)

2018-05-21 12:27:49 - [TEST_STEP][PASSED] - Statement - RequestedQty = com.kms.katalon.core.webui.keyword.WebUiBuiltInKeywords.getAttribute(com.kms.katalon.core.testobject.ObjectRepository.findTestObject(PharmacyRequest/Page_Store/input_txttotal), "value"): Attribute 'value' of object 'Object Repository/PharmacyRequest/Page_Store/input_txttotal' is: '10'

2018-05-21 12:27:49 - [MESSAGE][PASSED] - Attribute 'value' of object 'Object Repository/PharmacyRequest/Page_Store/input_txttotal' is: '10'

2018-05-21 12:27:49 - [TEST_STEP][PASSED] - Statement - out.println("Requested QTY : " + RequestedQty): null

2018-05-21 12:27:49 - [TEST_STEP][PASSED] - Statement - BatchNumber = com.kms.katalon.core.webui.keyword.WebUiBuiltInKeywords.getNumberOfTotalOption(com.kms.katalon.core.testobject.ObjectRepository.findTestObject(PharmacyRequest/Page_Store/select_--Select--BA50)): 3 options of object 'Object Repository/PharmacyRequest/Page_Store/select_--Select--BA50' counted

2018-05-21 12:27:49 - [MESSAGE][PASSED] - 3 options of object 'Object Repository/PharmacyRequest/Page_Store/select_--Select--BA50' counted

2018-05-21 12:27:49 - [TEST_STEP][PASSED] - Statement - For ([g = 1, g <= BatchNumber - 1, (g++)]): null

2018-05-21 12:27:49 - [TEST_STEP][PASSED] - selectOptionByIndex: All options with index in [1] are selected on object 'Object Repository/PharmacyRequest/Page_Store/select_--Select--BA50'

2018-05-21 12:27:49 - [MESSAGE][PASSED] - All options with index in [1] are selected on object 'Object Repository/PharmacyRequest/Page_Store/select_--Select--BA50'

2018-05-21 12:27:49 - [TEST_STEP][PASSED] - delay: Delayed 1 second(s)

2018-05-21 12:27:50 - [MESSAGE][PASSED] - Delayed 1 second(s)

2018-05-21 12:27:50 - [TEST_STEP][PASSED] - Statement - StockQty = com.kms.katalon.core.webui.keyword.WebUiBuiltInKeywords.getAttribute(com.kms.katalon.core.testobject.ObjectRepository.findTestObject(PharmacyRequest/Page_Store/input_txtprice), "value"): Attribute 'value' of object 'Object Repository/PharmacyRequest/Page_Store/input_txtprice' is: '1890'

2018-05-21 12:27:51 - [MESSAGE][PASSED] - Attribute 'value' of object 'Object Repository/PharmacyRequest/Page_Store/input_txtprice' is: '1890'

2018-05-21 12:27:51 - [TEST_STEP][PASSED] - Statement - out.println("Stock QTY : " + StockQty): null

2018-05-21 12:27:51 - [TEST_STEP][PASSED] - delay: Delayed 1 second(s)

2018-05-21 12:27:52 - [MESSAGE][PASSED] - Delayed 1 second(s)

2018-05-21 12:27:52 - [TEST_STEP][PASSED] - Statement - If (java.lang.Integer.valueOf(StockQty) >= java.lang.Integer.valueOf(RequestedQty)): null

2018-05-21 12:27:52 - [TEST_STEP][PASSED] - setText: Text '10' is set on object 'Object Repository/PharmacyRequest/Page_Store/input_txtqty'

2018-05-21 12:27:52 - [MESSAGE][PASSED] - Text '10' is set on object 'Object Repository/PharmacyRequest/Page_Store/input_txtqty'

2018-05-21 12:27:52 - [TEST_STEP][PASSED] - click: Object: 'Object Repository/PharmacyRequest/Page_Store/button_Add' is clicked on

2018-05-21 12:27:52 - [MESSAGE][PASSED] - Object: 'Object Repository/PharmacyRequest/Page_Store/button_Add' is clicked on

2018-05-21 12:27:52 - [TEST_STEP][PASSED] - Statement - Break: null

2018-05-21 12:27:52 - [TEST_STEP][PASSED] - selectOptionByIndex: All options with index in [16] are selected on object 'Object Repository/PharmacyRequest/Page_Store/select_--Select--Amlodepin -5'

2018-05-21 12:27:52 - [MESSAGE][PASSED] - All options with index in [16] are selected on object 'Object Repository/PharmacyRequest/Page_Store/select_--Select--Amlodepin -5'

2018-05-21 12:27:52 - [TEST_STEP][PASSED] - delay: Delayed 1 second(s)

2018-05-21 12:27:53 - [MESSAGE][PASSED] - Delayed 1 second(s)

2018-05-21 12:27:53 - [TEST_STEP][PASSED] - Statement - RequestedQty = com.kms.katalon.core.webui.keyword.WebUiBuiltInKeywords.getAttribute(com.kms.katalon.core.testobject.ObjectRepository.findTestObject(PharmacyRequest/Page_Store/input_txttotal), "value"): Attribute 'value' of object 'Object Repository/PharmacyRequest/Page_Store/input_txttotal' is: '10'

2018-05-21 12:27:53 - [MESSAGE][PASSED] - Attribute 'value' of object 'Object Repository/PharmacyRequest/Page_Store/input_txttotal' is: '10'

2018-05-21 12:27:53 - [TEST_STEP][PASSED] - Statement - out.println("Requested QTY : " + RequestedQty): null

2018-05-21 12:27:53 - [TEST_STEP][PASSED] - Statement - BatchNumber = com.kms.katalon.core.webui.keyword.WebUiBuiltInKeywords.getNumberOfTotalOption(com.kms.katalon.core.testobject.ObjectRepository.findTestObject(PharmacyRequest/Page_Store/select_--Select--BA50)): 2 options of object 'Object Repository/PharmacyRequest/Page_Store/select_--Select--BA50' counted

2018-05-21 12:27:53 - [MESSAGE][PASSED] - 2 options of object 'Object Repository/PharmacyRequest/Page_Store/select_--Select--BA50' counted

2018-05-21 12:27:53 - [TEST_STEP][PASSED] - Statement - For ([g = 1, g <= BatchNumber - 1, (g++)]): null

2018-05-21 12:27:53 - [TEST_STEP][PASSED] - selectOptionByIndex: All options with index in [1] are selected on object 'Object Repository/PharmacyRequest/Page_Store/select_--Select--BA50'

2018-05-21 12:27:53 - [MESSAGE][PASSED] - All options with index in [1] are selected on object 'Object Repository/PharmacyRequest/Page_Store/select_--Select--BA50'

2018-05-21 12:27:53 - [TEST_STEP][PASSED] - delay: Delayed 1 second(s)

2018-05-21 12:27:54 - [MESSAGE][PASSED] - Delayed 1 second(s)

2018-05-21 12:27:54 - [TEST_STEP][PASSED] - Statement - StockQty = com.kms.katalon.core.webui.keyword.WebUiBuiltInKeywords.getAttribute(com.kms.katalon.core.testobject.ObjectRepository.findTestObject(PharmacyRequest/Page_Store/input_txtprice), "value"): Attribute 'value' of object 'Object Repository/PharmacyRequest/Page_Store/input_txtprice' is: '25'

2018-05-21 12:27:54 - [MESSAGE][PASSED] - Attribute 'value' of object 'Object Repository/PharmacyRequest/Page_Store/input_txtprice' is: '25'

2018-05-21 12:27:54 - [TEST_STEP][PASSED] - Statement - out.println("Stock QTY : " + StockQty): null

2018-05-21 12:27:54 - [TEST_STEP][PASSED] - delay: Delayed 1 second(s)

2018-05-21 12:27:55 - [MESSAGE][PASSED] - Delayed 1 second(s)

2018-05-21 12:27:55 - [TEST_STEP][PASSED] - Statement - If (java.lang.Integer.valueOf(StockQty) >= java.lang.Integer.valueOf(RequestedQty)): null

2018-05-21 12:27:55 - [TEST_STEP][PASSED] - setText: Text '10' is set on object 'Object Repository/PharmacyRequest/Page_Store/input_txtqty'

2018-05-21 12:27:55 - [MESSAGE][PASSED] - Text '10' is set on object 'Object Repository/PharmacyRequest/Page_Store/input_txtqty'

2018-05-21 12:27:55 - [TEST_STEP][PASSED] - click: Object: 'Object Repository/PharmacyRequest/Page_Store/button_Add' is clicked on

2018-05-21 12:27:55 - [MESSAGE][PASSED] - Object: 'Object Repository/PharmacyRequest/Page_Store/button_Add' is clicked on

2018-05-21 12:27:55 - [TEST_STEP][PASSED] - Statement - Break: null

2018-05-21 12:27:55 - [TEST_STEP][PASSED] - scrollToElement: Scroll to object 'Object Repository/PharmacyRequest/Page_Store/input_btnSubmit' successfully

2018-05-21 12:27:55 - [MESSAGE][PASSED] - Scroll to object 'Object Repository/PharmacyRequest/Page_Store/input_btnSubmit' successfully

2018-05-21 12:27:55 - [TEST_STEP][PASSED] - click: Object: 'Object Repository/PharmacyRequest/Page_Store/input_btnSubmit' is clicked on

2018-05-21 12:27:56 - [MESSAGE][PASSED] - Object: 'Object Repository/PharmacyRequest/Page_Store/input_btnSubmit' is clicked on

2018-05-21 12:27:56 - [TEST_STEP][PASSED] - delay: Delayed 3 second(s)

2018-05-21 12:27:59 - [MESSAGE][PASSED] - Delayed 3 second(s)

2018-05-21 12:27:59 - [TEST_STEP][PASSED] - click: Object: 'Object Repository/PharmacyRequest/Page_Store/button_OK' is clicked on

2018-05-21 12:27:59 - [MESSAGE][PASSED] - Object: 'Object Repository/PharmacyRequest/Page_Store/button_OK' is clicked on

2018-05-21 12:27:59 - [TEST_STEP][PASSED] - delay: Delayed 3 second(s)

2018-05-21 12:28:02 - [MESSAGE][PASSED] - Delayed 3 second(s)

2018-05-21 12:28:02 - [TEST_STEP][PASSED] - click: Object: 'Object Repository/PharmacyRequest/Page_Store/a_dropdown-toggle' is clicked on

2018-05-21 12:28:02 - [MESSAGE][PASSED] - Object: 'Object Repository/PharmacyRequest/Page_Store/a_dropdown-toggle' is clicked on

2018-05-21 12:28:02 - [TEST_STEP][PASSED] - click: Object: 'Object Repository/PharmacyRequest/Page_Store/a_Sign out' is clicked on

2018-05-21 12:28:03 - [MESSAGE][PASSED] - Object: 'Object Repository/PharmacyRequest/Page_Store/a_Sign out' is clicked on

2018-05-21 12:28:03 - [TEST_STEP][PASSED] - closeBrowser: Browser is closed

2018-05-21 12:28:03 - [MESSAGE][PASSED] - Browser is closed

2018-05-21 12:28:03 - [TEST_STEP][PASSED] - Statement - out.println("Schedule 5 Pharmacy Request Are Working Successfully"): null]]></system-out>
         <system-err><![CDATA[]]></system-err>
      </testcase>
      <testcase name="Test Cases/PHARMACY TEST CASES/TC_PHAR_006 Verify Schedule 6 Pharmacy Request Are Working Successfully Or Not" classname="Test Cases/PHARMACY TEST CASES/TC_PHAR_006 Verify Schedule 6 Pharmacy Request Are Working Successfully Or Not" status="PASSED">
         <system-out><![CDATA[2018-05-21 12:28:03 - [TEST_CASE][PASSED] - Test Cases/PHARMACY TEST CASES/TC_PHAR_006 Verify Schedule 6 Pharmacy Request Are Working Successfully Or Not: Test Cases/PHARMACY TEST CASES/TC_PHAR_006 Verify Schedule 6 Pharmacy Request Are Working Successfully Or Not

2018-05-21 12:28:04 - [TEST_STEP][PASSED] - openBrowser: Browser is opened with url: ''

2018-05-21 12:28:06 - [MESSAGE][PASSED] - Browser is opened with url: ''

2018-05-21 12:28:06 - [TEST_STEP][PASSED] - Statement - out.println("Verify Schedule 6 Pharmacy Request Are Working Successfully Or Not"): null

2018-05-21 12:28:06 - [TEST_STEP][PASSED] - navigateToUrl: Navigate to 'http://192.168.137.1/multihospital_new/' successfully

2018-05-21 12:28:08 - [MESSAGE][PASSED] - Navigate to 'http://192.168.137.1/multihospital_new/' successfully

2018-05-21 12:28:08 - [TEST_STEP][PASSED] - maximizeWindow: Current window maximized

2018-05-21 12:28:09 - [MESSAGE][PASSED] - Current window maximized

2018-05-21 12:28:09 - [TEST_STEP][PASSED] - click: Object: 'Object Repository/PharmacyRequest/Page_KDMC/a_Pharmacy' is clicked on

2018-05-21 12:28:10 - [MESSAGE][PASSED] - Object: 'Object Repository/PharmacyRequest/Page_KDMC/a_Pharmacy' is clicked on

2018-05-21 12:28:10 - [TEST_STEP][PASSED] - setText: Text 'raja' is set on object 'Object Repository/PharmacyRequest/Page_Pharmacy login/input_txtusername'

2018-05-21 12:28:10 - [MESSAGE][PASSED] - Text 'raja' is set on object 'Object Repository/PharmacyRequest/Page_Pharmacy login/input_txtusername'

2018-05-21 12:28:10 - [TEST_STEP][PASSED] - setText: Text '123' is set on object 'Object Repository/PharmacyRequest/Page_Pharmacy login/input_txtpassword'

2018-05-21 12:28:10 - [MESSAGE][PASSED] - Text '123' is set on object 'Object Repository/PharmacyRequest/Page_Pharmacy login/input_txtpassword'

2018-05-21 12:28:10 - [TEST_STEP][PASSED] - delay: Delayed 3 second(s)

2018-05-21 12:28:13 - [MESSAGE][PASSED] - Delayed 3 second(s)

2018-05-21 12:28:13 - [TEST_STEP][PASSED] - click: Object: 'Object Repository/PharmacyRequest/Page_Pharmacy login/button_Sign in' is clicked on

2018-05-21 12:28:14 - [MESSAGE][PASSED] - Object: 'Object Repository/PharmacyRequest/Page_Pharmacy login/button_Sign in' is clicked on

2018-05-21 12:28:14 - [TEST_STEP][PASSED] - delay: Delayed 3 second(s)

2018-05-21 12:28:17 - [MESSAGE][PASSED] - Delayed 3 second(s)

2018-05-21 12:28:17 - [TEST_STEP][PASSED] - click: Object: 'Object Repository/PharmacyRequest/Page_KDMC - Pharmacy/a_Inventory' is clicked on

2018-05-21 12:28:19 - [MESSAGE][PASSED] - Object: 'Object Repository/PharmacyRequest/Page_KDMC - Pharmacy/a_Inventory' is clicked on

2018-05-21 12:28:19 - [TEST_STEP][PASSED] - delay: Delayed 3 second(s)

2018-05-21 12:28:22 - [MESSAGE][PASSED] - Delayed 3 second(s)

2018-05-21 12:28:22 - [TEST_STEP][PASSED] - click: Object: 'Object Repository/PharmacyRequest/Page_KDMC-Pharmacy/a_Store Request' is clicked on

2018-05-21 12:28:22 - [MESSAGE][PASSED] - Object: 'Object Repository/PharmacyRequest/Page_KDMC-Pharmacy/a_Store Request' is clicked on

2018-05-21 12:28:22 - [TEST_STEP][PASSED] - click: Object: 'Object Repository/PharmacyRequest/Page_KDMC-Pharmacy/a_Medicine Request' is clicked on

2018-05-21 12:28:23 - [MESSAGE][PASSED] - Object: 'Object Repository/PharmacyRequest/Page_KDMC-Pharmacy/a_Medicine Request' is clicked on

2018-05-21 12:28:23 - [TEST_STEP][PASSED] - selectOptionByIndex: All options with index in [6] are selected on object 'Object Repository/PharmacyRequest/Page_KDMC-Pharmacy/select_--Select--Schedule 1Inj'

2018-05-21 12:28:23 - [MESSAGE][PASSED] - All options with index in [6] are selected on object 'Object Repository/PharmacyRequest/Page_KDMC-Pharmacy/select_--Select--Schedule 1Inj'

2018-05-21 12:28:23 - [TEST_STEP][PASSED] - Statement - MedicineLength = com.kms.katalon.core.webui.keyword.WebUiBuiltInKeywords.getNumberOfTotalOption(com.kms.katalon.core.testobject.ObjectRepository.findTestObject(PharmacyRequest/Page_KDMC-Pharmacy/select_--Select--Albendazole)): 14 options of object 'Object Repository/PharmacyRequest/Page_KDMC-Pharmacy/select_--Select--Albendazole' counted

2018-05-21 12:28:23 - [MESSAGE][PASSED] - 14 options of object 'Object Repository/PharmacyRequest/Page_KDMC-Pharmacy/select_--Select--Albendazole' counted

2018-05-21 12:28:23 - [TEST_STEP][PASSED] - Statement - For ([l = 1, l <= MedicineLength - 1, (l++)]): Object: 'Object Repository/PharmacyRequest/Page_KDMC-Pharmacy/button_Add' is clicked on

2018-05-21 12:28:23 - [TEST_STEP][PASSED] - selectOptionByIndex: All options with index in [6] are selected on object 'Object Repository/PharmacyRequest/Page_KDMC-Pharmacy/select_--Select--Schedule 1Inj'

2018-05-21 12:28:23 - [MESSAGE][PASSED] - All options with index in [6] are selected on object 'Object Repository/PharmacyRequest/Page_KDMC-Pharmacy/select_--Select--Schedule 1Inj'

2018-05-21 12:28:23 - [TEST_STEP][PASSED] - selectOptionByIndex: All options with index in [1] are selected on object 'Object Repository/PharmacyRequest/Page_KDMC-Pharmacy/select_--Select--Albendazole'

2018-05-21 12:28:23 - [MESSAGE][PASSED] - All options with index in [1] are selected on object 'Object Repository/PharmacyRequest/Page_KDMC-Pharmacy/select_--Select--Albendazole'

2018-05-21 12:28:23 - [TEST_STEP][PASSED] - setText: Text '10' is set on object 'Object Repository/PharmacyRequest/Page_KDMC-Pharmacy/input_txttreat'

2018-05-21 12:28:24 - [MESSAGE][PASSED] - Text '10' is set on object 'Object Repository/PharmacyRequest/Page_KDMC-Pharmacy/input_txttreat'

2018-05-21 12:28:24 - [TEST_STEP][PASSED] - click: Object: 'Object Repository/PharmacyRequest/Page_KDMC-Pharmacy/button_Add' is clicked on

2018-05-21 12:28:24 - [MESSAGE][PASSED] - Object: 'Object Repository/PharmacyRequest/Page_KDMC-Pharmacy/button_Add' is clicked on

2018-05-21 12:28:24 - [TEST_STEP][PASSED] - selectOptionByIndex: All options with index in [6] are selected on object 'Object Repository/PharmacyRequest/Page_KDMC-Pharmacy/select_--Select--Schedule 1Inj'

2018-05-21 12:28:24 - [MESSAGE][PASSED] - All options with index in [6] are selected on object 'Object Repository/PharmacyRequest/Page_KDMC-Pharmacy/select_--Select--Schedule 1Inj'

2018-05-21 12:28:24 - [TEST_STEP][PASSED] - selectOptionByIndex: All options with index in [2] are selected on object 'Object Repository/PharmacyRequest/Page_KDMC-Pharmacy/select_--Select--Albendazole'

2018-05-21 12:28:24 - [MESSAGE][PASSED] - All options with index in [2] are selected on object 'Object Repository/PharmacyRequest/Page_KDMC-Pharmacy/select_--Select--Albendazole'

2018-05-21 12:28:24 - [TEST_STEP][PASSED] - setText: Text '10' is set on object 'Object Repository/PharmacyRequest/Page_KDMC-Pharmacy/input_txttreat'

2018-05-21 12:28:24 - [MESSAGE][PASSED] - Text '10' is set on object 'Object Repository/PharmacyRequest/Page_KDMC-Pharmacy/input_txttreat'

2018-05-21 12:28:24 - [TEST_STEP][PASSED] - click: Object: 'Object Repository/PharmacyRequest/Page_KDMC-Pharmacy/button_Add' is clicked on

2018-05-21 12:28:24 - [MESSAGE][PASSED] - Object: 'Object Repository/PharmacyRequest/Page_KDMC-Pharmacy/button_Add' is clicked on

2018-05-21 12:28:24 - [TEST_STEP][PASSED] - selectOptionByIndex: All options with index in [6] are selected on object 'Object Repository/PharmacyRequest/Page_KDMC-Pharmacy/select_--Select--Schedule 1Inj'

2018-05-21 12:28:24 - [MESSAGE][PASSED] - All options with index in [6] are selected on object 'Object Repository/PharmacyRequest/Page_KDMC-Pharmacy/select_--Select--Schedule 1Inj'

2018-05-21 12:28:24 - [TEST_STEP][PASSED] - selectOptionByIndex: All options with index in [3] are selected on object 'Object Repository/PharmacyRequest/Page_KDMC-Pharmacy/select_--Select--Albendazole'

2018-05-21 12:28:24 - [MESSAGE][PASSED] - All options with index in [3] are selected on object 'Object Repository/PharmacyRequest/Page_KDMC-Pharmacy/select_--Select--Albendazole'

2018-05-21 12:28:24 - [TEST_STEP][PASSED] - setText: Text '10' is set on object 'Object Repository/PharmacyRequest/Page_KDMC-Pharmacy/input_txttreat'

2018-05-21 12:28:24 - [MESSAGE][PASSED] - Text '10' is set on object 'Object Repository/PharmacyRequest/Page_KDMC-Pharmacy/input_txttreat'

2018-05-21 12:28:24 - [TEST_STEP][PASSED] - click: Object: 'Object Repository/PharmacyRequest/Page_KDMC-Pharmacy/button_Add' is clicked on

2018-05-21 12:28:25 - [MESSAGE][PASSED] - Object: 'Object Repository/PharmacyRequest/Page_KDMC-Pharmacy/button_Add' is clicked on

2018-05-21 12:28:25 - [TEST_STEP][PASSED] - selectOptionByIndex: All options with index in [6] are selected on object 'Object Repository/PharmacyRequest/Page_KDMC-Pharmacy/select_--Select--Schedule 1Inj'

2018-05-21 12:28:25 - [MESSAGE][PASSED] - All options with index in [6] are selected on object 'Object Repository/PharmacyRequest/Page_KDMC-Pharmacy/select_--Select--Schedule 1Inj'

2018-05-21 12:28:25 - [TEST_STEP][PASSED] - selectOptionByIndex: All options with index in [4] are selected on object 'Object Repository/PharmacyRequest/Page_KDMC-Pharmacy/select_--Select--Albendazole'

2018-05-21 12:28:25 - [MESSAGE][PASSED] - All options with index in [4] are selected on object 'Object Repository/PharmacyRequest/Page_KDMC-Pharmacy/select_--Select--Albendazole'

2018-05-21 12:28:25 - [TEST_STEP][PASSED] - setText: Text '10' is set on object 'Object Repository/PharmacyRequest/Page_KDMC-Pharmacy/input_txttreat'

2018-05-21 12:28:25 - [MESSAGE][PASSED] - Text '10' is set on object 'Object Repository/PharmacyRequest/Page_KDMC-Pharmacy/input_txttreat'

2018-05-21 12:28:25 - [TEST_STEP][PASSED] - click: Object: 'Object Repository/PharmacyRequest/Page_KDMC-Pharmacy/button_Add' is clicked on

2018-05-21 12:28:25 - [MESSAGE][PASSED] - Object: 'Object Repository/PharmacyRequest/Page_KDMC-Pharmacy/button_Add' is clicked on

2018-05-21 12:28:25 - [TEST_STEP][PASSED] - selectOptionByIndex: All options with index in [6] are selected on object 'Object Repository/PharmacyRequest/Page_KDMC-Pharmacy/select_--Select--Schedule 1Inj'

2018-05-21 12:28:25 - [MESSAGE][PASSED] - All options with index in [6] are selected on object 'Object Repository/PharmacyRequest/Page_KDMC-Pharmacy/select_--Select--Schedule 1Inj'

2018-05-21 12:28:25 - [TEST_STEP][PASSED] - selectOptionByIndex: All options with index in [5] are selected on object 'Object Repository/PharmacyRequest/Page_KDMC-Pharmacy/select_--Select--Albendazole'

2018-05-21 12:28:25 - [MESSAGE][PASSED] - All options with index in [5] are selected on object 'Object Repository/PharmacyRequest/Page_KDMC-Pharmacy/select_--Select--Albendazole'

2018-05-21 12:28:25 - [TEST_STEP][PASSED] - setText: Text '10' is set on object 'Object Repository/PharmacyRequest/Page_KDMC-Pharmacy/input_txttreat'

2018-05-21 12:28:25 - [MESSAGE][PASSED] - Text '10' is set on object 'Object Repository/PharmacyRequest/Page_KDMC-Pharmacy/input_txttreat'

2018-05-21 12:28:25 - [TEST_STEP][PASSED] - click: Object: 'Object Repository/PharmacyRequest/Page_KDMC-Pharmacy/button_Add' is clicked on

2018-05-21 12:28:25 - [MESSAGE][PASSED] - Object: 'Object Repository/PharmacyRequest/Page_KDMC-Pharmacy/button_Add' is clicked on

2018-05-21 12:28:25 - [TEST_STEP][PASSED] - selectOptionByIndex: All options with index in [6] are selected on object 'Object Repository/PharmacyRequest/Page_KDMC-Pharmacy/select_--Select--Schedule 1Inj'

2018-05-21 12:28:25 - [MESSAGE][PASSED] - All options with index in [6] are selected on object 'Object Repository/PharmacyRequest/Page_KDMC-Pharmacy/select_--Select--Schedule 1Inj'

2018-05-21 12:28:25 - [TEST_STEP][PASSED] - selectOptionByIndex: All options with index in [6] are selected on object 'Object Repository/PharmacyRequest/Page_KDMC-Pharmacy/select_--Select--Albendazole'

2018-05-21 12:28:26 - [MESSAGE][PASSED] - All options with index in [6] are selected on object 'Object Repository/PharmacyRequest/Page_KDMC-Pharmacy/select_--Select--Albendazole'

2018-05-21 12:28:26 - [TEST_STEP][PASSED] - setText: Text '10' is set on object 'Object Repository/PharmacyRequest/Page_KDMC-Pharmacy/input_txttreat'

2018-05-21 12:28:26 - [MESSAGE][PASSED] - Text '10' is set on object 'Object Repository/PharmacyRequest/Page_KDMC-Pharmacy/input_txttreat'

2018-05-21 12:28:26 - [TEST_STEP][PASSED] - click: Object: 'Object Repository/PharmacyRequest/Page_KDMC-Pharmacy/button_Add' is clicked on

2018-05-21 12:28:26 - [MESSAGE][PASSED] - Object: 'Object Repository/PharmacyRequest/Page_KDMC-Pharmacy/button_Add' is clicked on

2018-05-21 12:28:26 - [TEST_STEP][PASSED] - selectOptionByIndex: All options with index in [6] are selected on object 'Object Repository/PharmacyRequest/Page_KDMC-Pharmacy/select_--Select--Schedule 1Inj'

2018-05-21 12:28:26 - [MESSAGE][PASSED] - All options with index in [6] are selected on object 'Object Repository/PharmacyRequest/Page_KDMC-Pharmacy/select_--Select--Schedule 1Inj'

2018-05-21 12:28:26 - [TEST_STEP][PASSED] - selectOptionByIndex: All options with index in [7] are selected on object 'Object Repository/PharmacyRequest/Page_KDMC-Pharmacy/select_--Select--Albendazole'

2018-05-21 12:28:26 - [MESSAGE][PASSED] - All options with index in [7] are selected on object 'Object Repository/PharmacyRequest/Page_KDMC-Pharmacy/select_--Select--Albendazole'

2018-05-21 12:28:26 - [TEST_STEP][PASSED] - setText: Text '10' is set on object 'Object Repository/PharmacyRequest/Page_KDMC-Pharmacy/input_txttreat'

2018-05-21 12:28:26 - [MESSAGE][PASSED] - Text '10' is set on object 'Object Repository/PharmacyRequest/Page_KDMC-Pharmacy/input_txttreat'

2018-05-21 12:28:26 - [TEST_STEP][PASSED] - click: Object: 'Object Repository/PharmacyRequest/Page_KDMC-Pharmacy/button_Add' is clicked on

2018-05-21 12:28:26 - [MESSAGE][PASSED] - Object: 'Object Repository/PharmacyRequest/Page_KDMC-Pharmacy/button_Add' is clicked on

2018-05-21 12:28:26 - [TEST_STEP][PASSED] - selectOptionByIndex: All options with index in [6] are selected on object 'Object Repository/PharmacyRequest/Page_KDMC-Pharmacy/select_--Select--Schedule 1Inj'

2018-05-21 12:28:26 - [MESSAGE][PASSED] - All options with index in [6] are selected on object 'Object Repository/PharmacyRequest/Page_KDMC-Pharmacy/select_--Select--Schedule 1Inj'

2018-05-21 12:28:26 - [TEST_STEP][PASSED] - selectOptionByIndex: All options with index in [8] are selected on object 'Object Repository/PharmacyRequest/Page_KDMC-Pharmacy/select_--Select--Albendazole'

2018-05-21 12:28:27 - [MESSAGE][PASSED] - All options with index in [8] are selected on object 'Object Repository/PharmacyRequest/Page_KDMC-Pharmacy/select_--Select--Albendazole'

2018-05-21 12:28:27 - [TEST_STEP][PASSED] - setText: Text '10' is set on object 'Object Repository/PharmacyRequest/Page_KDMC-Pharmacy/input_txttreat'

2018-05-21 12:28:27 - [MESSAGE][PASSED] - Text '10' is set on object 'Object Repository/PharmacyRequest/Page_KDMC-Pharmacy/input_txttreat'

2018-05-21 12:28:27 - [TEST_STEP][PASSED] - click: Object: 'Object Repository/PharmacyRequest/Page_KDMC-Pharmacy/button_Add' is clicked on

2018-05-21 12:28:27 - [MESSAGE][PASSED] - Object: 'Object Repository/PharmacyRequest/Page_KDMC-Pharmacy/button_Add' is clicked on

2018-05-21 12:28:27 - [TEST_STEP][PASSED] - selectOptionByIndex: All options with index in [6] are selected on object 'Object Repository/PharmacyRequest/Page_KDMC-Pharmacy/select_--Select--Schedule 1Inj'

2018-05-21 12:28:27 - [MESSAGE][PASSED] - All options with index in [6] are selected on object 'Object Repository/PharmacyRequest/Page_KDMC-Pharmacy/select_--Select--Schedule 1Inj'

2018-05-21 12:28:27 - [TEST_STEP][PASSED] - selectOptionByIndex: All options with index in [9] are selected on object 'Object Repository/PharmacyRequest/Page_KDMC-Pharmacy/select_--Select--Albendazole'

2018-05-21 12:28:27 - [MESSAGE][PASSED] - All options with index in [9] are selected on object 'Object Repository/PharmacyRequest/Page_KDMC-Pharmacy/select_--Select--Albendazole'

2018-05-21 12:28:27 - [TEST_STEP][PASSED] - setText: Text '10' is set on object 'Object Repository/PharmacyRequest/Page_KDMC-Pharmacy/input_txttreat'

2018-05-21 12:28:27 - [MESSAGE][PASSED] - Text '10' is set on object 'Object Repository/PharmacyRequest/Page_KDMC-Pharmacy/input_txttreat'

2018-05-21 12:28:27 - [TEST_STEP][PASSED] - click: Object: 'Object Repository/PharmacyRequest/Page_KDMC-Pharmacy/button_Add' is clicked on

2018-05-21 12:28:27 - [MESSAGE][PASSED] - Object: 'Object Repository/PharmacyRequest/Page_KDMC-Pharmacy/button_Add' is clicked on

2018-05-21 12:28:27 - [TEST_STEP][PASSED] - selectOptionByIndex: All options with index in [6] are selected on object 'Object Repository/PharmacyRequest/Page_KDMC-Pharmacy/select_--Select--Schedule 1Inj'

2018-05-21 12:28:27 - [MESSAGE][PASSED] - All options with index in [6] are selected on object 'Object Repository/PharmacyRequest/Page_KDMC-Pharmacy/select_--Select--Schedule 1Inj'

2018-05-21 12:28:27 - [TEST_STEP][PASSED] - selectOptionByIndex: All options with index in [10] are selected on object 'Object Repository/PharmacyRequest/Page_KDMC-Pharmacy/select_--Select--Albendazole'

2018-05-21 12:28:27 - [MESSAGE][PASSED] - All options with index in [10] are selected on object 'Object Repository/PharmacyRequest/Page_KDMC-Pharmacy/select_--Select--Albendazole'

2018-05-21 12:28:27 - [TEST_STEP][PASSED] - setText: Text '10' is set on object 'Object Repository/PharmacyRequest/Page_KDMC-Pharmacy/input_txttreat'

2018-05-21 12:28:27 - [MESSAGE][PASSED] - Text '10' is set on object 'Object Repository/PharmacyRequest/Page_KDMC-Pharmacy/input_txttreat'

2018-05-21 12:28:27 - [TEST_STEP][PASSED] - click: Object: 'Object Repository/PharmacyRequest/Page_KDMC-Pharmacy/button_Add' is clicked on

2018-05-21 12:28:28 - [MESSAGE][PASSED] - Object: 'Object Repository/PharmacyRequest/Page_KDMC-Pharmacy/button_Add' is clicked on

2018-05-21 12:28:28 - [TEST_STEP][PASSED] - selectOptionByIndex: All options with index in [6] are selected on object 'Object Repository/PharmacyRequest/Page_KDMC-Pharmacy/select_--Select--Schedule 1Inj'

2018-05-21 12:28:28 - [MESSAGE][PASSED] - All options with index in [6] are selected on object 'Object Repository/PharmacyRequest/Page_KDMC-Pharmacy/select_--Select--Schedule 1Inj'

2018-05-21 12:28:28 - [TEST_STEP][PASSED] - selectOptionByIndex: All options with index in [11] are selected on object 'Object Repository/PharmacyRequest/Page_KDMC-Pharmacy/select_--Select--Albendazole'

2018-05-21 12:28:28 - [MESSAGE][PASSED] - All options with index in [11] are selected on object 'Object Repository/PharmacyRequest/Page_KDMC-Pharmacy/select_--Select--Albendazole'

2018-05-21 12:28:28 - [TEST_STEP][PASSED] - setText: Text '10' is set on object 'Object Repository/PharmacyRequest/Page_KDMC-Pharmacy/input_txttreat'

2018-05-21 12:28:28 - [MESSAGE][PASSED] - Text '10' is set on object 'Object Repository/PharmacyRequest/Page_KDMC-Pharmacy/input_txttreat'

2018-05-21 12:28:28 - [TEST_STEP][PASSED] - click: Object: 'Object Repository/PharmacyRequest/Page_KDMC-Pharmacy/button_Add' is clicked on

2018-05-21 12:28:28 - [MESSAGE][PASSED] - Object: 'Object Repository/PharmacyRequest/Page_KDMC-Pharmacy/button_Add' is clicked on

2018-05-21 12:28:28 - [TEST_STEP][PASSED] - selectOptionByIndex: All options with index in [6] are selected on object 'Object Repository/PharmacyRequest/Page_KDMC-Pharmacy/select_--Select--Schedule 1Inj'

2018-05-21 12:28:28 - [MESSAGE][PASSED] - All options with index in [6] are selected on object 'Object Repository/PharmacyRequest/Page_KDMC-Pharmacy/select_--Select--Schedule 1Inj'

2018-05-21 12:28:28 - [TEST_STEP][PASSED] - selectOptionByIndex: All options with index in [12] are selected on object 'Object Repository/PharmacyRequest/Page_KDMC-Pharmacy/select_--Select--Albendazole'

2018-05-21 12:28:28 - [MESSAGE][PASSED] - All options with index in [12] are selected on object 'Object Repository/PharmacyRequest/Page_KDMC-Pharmacy/select_--Select--Albendazole'

2018-05-21 12:28:28 - [TEST_STEP][PASSED] - setText: Text '10' is set on object 'Object Repository/PharmacyRequest/Page_KDMC-Pharmacy/input_txttreat'

2018-05-21 12:28:28 - [MESSAGE][PASSED] - Text '10' is set on object 'Object Repository/PharmacyRequest/Page_KDMC-Pharmacy/input_txttreat'

2018-05-21 12:28:28 - [TEST_STEP][PASSED] - click: Object: 'Object Repository/PharmacyRequest/Page_KDMC-Pharmacy/button_Add' is clicked on

2018-05-21 12:28:28 - [MESSAGE][PASSED] - Object: 'Object Repository/PharmacyRequest/Page_KDMC-Pharmacy/button_Add' is clicked on

2018-05-21 12:28:28 - [TEST_STEP][PASSED] - selectOptionByIndex: All options with index in [6] are selected on object 'Object Repository/PharmacyRequest/Page_KDMC-Pharmacy/select_--Select--Schedule 1Inj'

2018-05-21 12:28:29 - [MESSAGE][PASSED] - All options with index in [6] are selected on object 'Object Repository/PharmacyRequest/Page_KDMC-Pharmacy/select_--Select--Schedule 1Inj'

2018-05-21 12:28:29 - [TEST_STEP][PASSED] - selectOptionByIndex: All options with index in [13] are selected on object 'Object Repository/PharmacyRequest/Page_KDMC-Pharmacy/select_--Select--Albendazole'

2018-05-21 12:28:29 - [MESSAGE][PASSED] - All options with index in [13] are selected on object 'Object Repository/PharmacyRequest/Page_KDMC-Pharmacy/select_--Select--Albendazole'

2018-05-21 12:28:29 - [TEST_STEP][PASSED] - setText: Text '10' is set on object 'Object Repository/PharmacyRequest/Page_KDMC-Pharmacy/input_txttreat'

2018-05-21 12:28:29 - [MESSAGE][PASSED] - Text '10' is set on object 'Object Repository/PharmacyRequest/Page_KDMC-Pharmacy/input_txttreat'

2018-05-21 12:28:29 - [TEST_STEP][PASSED] - click: Object: 'Object Repository/PharmacyRequest/Page_KDMC-Pharmacy/button_Add' is clicked on

2018-05-21 12:28:29 - [MESSAGE][PASSED] - Object: 'Object Repository/PharmacyRequest/Page_KDMC-Pharmacy/button_Add' is clicked on

2018-05-21 12:28:29 - [TEST_STEP][PASSED] - Statement - RN1 = com.kms.katalon.core.webui.keyword.WebUiBuiltInKeywords.getAttribute(com.kms.katalon.core.testobject.ObjectRepository.findTestObject(PharmacyRequest/Page_KDMC-Pharmacy/input_txtno), "value"): Attribute 'value' of object 'Object Repository/PharmacyRequest/Page_KDMC-Pharmacy/input_txtno' is: 'PRNO/21052018/158'

2018-05-21 12:28:29 - [MESSAGE][PASSED] - Attribute 'value' of object 'Object Repository/PharmacyRequest/Page_KDMC-Pharmacy/input_txtno' is: 'PRNO/21052018/158'

2018-05-21 12:28:29 - [TEST_STEP][PASSED] - Statement - out.println(RN1): null

2018-05-21 12:28:29 - [TEST_STEP][PASSED] - Statement - RID = RN1.split("/")[2]: null

2018-05-21 12:28:29 - [TEST_STEP][PASSED] - scrollToElement: Scroll to object 'Object Repository/PharmacyRequest/Page_KDMC-Pharmacy/input_btnsave' successfully

2018-05-21 12:28:29 - [MESSAGE][PASSED] - Scroll to object 'Object Repository/PharmacyRequest/Page_KDMC-Pharmacy/input_btnsave' successfully

2018-05-21 12:28:29 - [TEST_STEP][PASSED] - click: Object: 'Object Repository/PharmacyRequest/Page_KDMC-Pharmacy/input_btnsave' is clicked on

2018-05-21 12:28:29 - [MESSAGE][PASSED] - Object: 'Object Repository/PharmacyRequest/Page_KDMC-Pharmacy/input_btnsave' is clicked on

2018-05-21 12:28:29 - [TEST_STEP][PASSED] - delay: Delayed 3 second(s)

2018-05-21 12:28:32 - [MESSAGE][PASSED] - Delayed 3 second(s)

2018-05-21 12:28:32 - [TEST_STEP][PASSED] - click: Object: 'Object Repository/PharmacyRequest/Page_KDMC-Pharmacy/button_OK' is clicked on

2018-05-21 12:28:33 - [MESSAGE][PASSED] - Object: 'Object Repository/PharmacyRequest/Page_KDMC-Pharmacy/button_OK' is clicked on

2018-05-21 12:28:33 - [TEST_STEP][PASSED] - delay: Delayed 3 second(s)

2018-05-21 12:28:36 - [MESSAGE][PASSED] - Delayed 3 second(s)

2018-05-21 12:28:36 - [TEST_STEP][PASSED] - click: Object: 'Object Repository/PharmacyRequest/Page_KDMC-Pharmacy/a_Back to Pharmacy' is clicked on

2018-05-21 12:28:37 - [MESSAGE][PASSED] - Object: 'Object Repository/PharmacyRequest/Page_KDMC-Pharmacy/a_Back to Pharmacy' is clicked on

2018-05-21 12:28:37 - [TEST_STEP][PASSED] - delay: Delayed 3 second(s)

2018-05-21 12:28:40 - [MESSAGE][PASSED] - Delayed 3 second(s)

2018-05-21 12:28:40 - [TEST_STEP][PASSED] - click: Object: 'Object Repository/PharmacyRequest/Page_KDMC - Pharmacy/a_dropdown-toggle' is clicked on

2018-05-21 12:28:40 - [MESSAGE][PASSED] - Object: 'Object Repository/PharmacyRequest/Page_KDMC - Pharmacy/a_dropdown-toggle' is clicked on

2018-05-21 12:28:40 - [TEST_STEP][PASSED] - click: Object: 'Object Repository/PharmacyRequest/Page_KDMC - Pharmacy/a_Sign out' is clicked on

2018-05-21 12:28:41 - [MESSAGE][PASSED] - Object: 'Object Repository/PharmacyRequest/Page_KDMC - Pharmacy/a_Sign out' is clicked on

2018-05-21 12:28:41 - [TEST_STEP][PASSED] - delay: Delayed 3 second(s)

2018-05-21 12:28:44 - [MESSAGE][PASSED] - Delayed 3 second(s)

2018-05-21 12:28:44 - [TEST_STEP][PASSED] - click: Object: 'Object Repository/PharmacyRequest/Page_KDMC/a_CMO' is clicked on

2018-05-21 12:28:49 - [MESSAGE][PASSED] - Object: 'Object Repository/PharmacyRequest/Page_KDMC/a_CMO' is clicked on

2018-05-21 12:28:49 - [TEST_STEP][PASSED] - setText: Text 'guru' is set on object 'Object Repository/PharmacyRequest/Page_CMO login/input_txtusername'

2018-05-21 12:28:49 - [MESSAGE][PASSED] - Text 'guru' is set on object 'Object Repository/PharmacyRequest/Page_CMO login/input_txtusername'

2018-05-21 12:28:49 - [TEST_STEP][PASSED] - setText: Text '123' is set on object 'Object Repository/PharmacyRequest/Page_CMO login/input_txtpassword'

2018-05-21 12:28:49 - [MESSAGE][PASSED] - Text '123' is set on object 'Object Repository/PharmacyRequest/Page_CMO login/input_txtpassword'

2018-05-21 12:28:49 - [TEST_STEP][PASSED] - delay: Delayed 3 second(s)

2018-05-21 12:28:52 - [MESSAGE][PASSED] - Delayed 3 second(s)

2018-05-21 12:28:52 - [TEST_STEP][PASSED] - click: Object: 'Object Repository/PharmacyRequest/Page_CMO login/button_Sign in' is clicked on

2018-05-21 12:28:53 - [MESSAGE][PASSED] - Object: 'Object Repository/PharmacyRequest/Page_CMO login/button_Sign in' is clicked on

2018-05-21 12:28:53 - [TEST_STEP][PASSED] - click: Object: 'Object Repository/PharmacyRequest/Page_KDMC - CMO/a_Department Wise Request' is clicked on

2018-05-21 12:28:54 - [MESSAGE][PASSED] - Object: 'Object Repository/PharmacyRequest/Page_KDMC - CMO/a_Department Wise Request' is clicked on

2018-05-21 12:28:54 - [TEST_STEP][PASSED] - selectOptionByIndex: All options with index in [2] are selected on object 'Object Repository/PharmacyRequest/Page_KDMC - CMO/select_--ALL--'

2018-05-21 12:28:54 - [MESSAGE][PASSED] - All options with index in [2] are selected on object 'Object Repository/PharmacyRequest/Page_KDMC - CMO/select_--ALL--'

2018-05-21 12:28:54 - [TEST_STEP][PASSED] - selectOptionByIndex: All options with index in [1] are selected on object 'Object Repository/PharmacyRequest/Page_KDMC - CMO/select_--ALL--                _1'

2018-05-21 12:28:55 - [MESSAGE][PASSED] - All options with index in [1] are selected on object 'Object Repository/PharmacyRequest/Page_KDMC - CMO/select_--ALL--                _1'

2018-05-21 12:28:55 - [TEST_STEP][PASSED] - click: Object: 'Object Repository/PharmacyRequest/Page_KDMC - CMO/input_btnsearch' is clicked on

2018-05-21 12:28:55 - [MESSAGE][PASSED] - Object: 'Object Repository/PharmacyRequest/Page_KDMC - CMO/input_btnsearch' is clicked on

2018-05-21 12:28:55 - [TEST_STEP][PASSED] - Statement - ID = com.kms.katalon.core.webui.keyword.WebUiBuiltInKeywords.modifyObjectProperty(com.kms.katalon.core.testobject.ObjectRepository.findTestObject(PharmacyRequest/Page_KDMC - CMO/input_2), "xpath", "equals", "//*[@id=" + RID + "]", true): Modify property of object successfully

2018-05-21 12:28:55 - [MESSAGE][PASSED] - Modify property of object successfully

2018-05-21 12:28:55 - [TEST_STEP][PASSED] - click: Object: 'Object Repository/PharmacyRequest/Page_KDMC - CMO/input_2' is clicked on

2018-05-21 12:28:55 - [MESSAGE][PASSED] - Object: 'Object Repository/PharmacyRequest/Page_KDMC - CMO/input_2' is clicked on

2018-05-21 12:28:55 - [TEST_STEP][PASSED] - delay: Delayed 3 second(s)

2018-05-21 12:28:58 - [MESSAGE][PASSED] - Delayed 3 second(s)

2018-05-21 12:28:58 - [TEST_STEP][PASSED] - selectOptionByIndex: All options with index in [1] are selected on object 'Object Repository/PharmacyRequest/Page_KDMC - CMO/select_--Select--'

2018-05-21 12:28:59 - [MESSAGE][PASSED] - All options with index in [1] are selected on object 'Object Repository/PharmacyRequest/Page_KDMC - CMO/select_--Select--'

2018-05-21 12:28:59 - [TEST_STEP][PASSED] - click: Object: 'Object Repository/PharmacyRequest/Page_KDMC - CMO/input_btnupdate' is clicked on

2018-05-21 12:28:59 - [MESSAGE][PASSED] - Object: 'Object Repository/PharmacyRequest/Page_KDMC - CMO/input_btnupdate' is clicked on

2018-05-21 12:28:59 - [TEST_STEP][PASSED] - delay: Delayed 3 second(s)

2018-05-21 12:29:02 - [MESSAGE][PASSED] - Delayed 3 second(s)

2018-05-21 12:29:02 - [TEST_STEP][PASSED] - click: Object: 'Object Repository/PharmacyRequest/Page_KDMC - CMO/button_OK' is clicked on

2018-05-21 12:29:02 - [MESSAGE][PASSED] - Object: 'Object Repository/PharmacyRequest/Page_KDMC - CMO/button_OK' is clicked on

2018-05-21 12:29:02 - [TEST_STEP][PASSED] - delay: Delayed 3 second(s)

2018-05-21 12:29:05 - [MESSAGE][PASSED] - Delayed 3 second(s)

2018-05-21 12:29:05 - [TEST_STEP][PASSED] - click: Object: 'Object Repository/PharmacyRequest/Page_KDMC - CMO/a_dropdown-toggle' is clicked on

2018-05-21 12:29:06 - [MESSAGE][PASSED] - Object: 'Object Repository/PharmacyRequest/Page_KDMC - CMO/a_dropdown-toggle' is clicked on

2018-05-21 12:29:06 - [TEST_STEP][PASSED] - click: Object: 'Object Repository/PharmacyRequest/Page_KDMC - CMO/a_Sign out' is clicked on

2018-05-21 12:29:07 - [MESSAGE][PASSED] - Object: 'Object Repository/PharmacyRequest/Page_KDMC - CMO/a_Sign out' is clicked on

2018-05-21 12:29:07 - [TEST_STEP][PASSED] - delay: Delayed 3 second(s)

2018-05-21 12:29:10 - [MESSAGE][PASSED] - Delayed 3 second(s)

2018-05-21 12:29:10 - [TEST_STEP][PASSED] - click: Object: 'Object Repository/PharmacyRequest/Page_KDMC/a_Divisional Store' is clicked on

2018-05-21 12:29:11 - [MESSAGE][PASSED] - Object: 'Object Repository/PharmacyRequest/Page_KDMC/a_Divisional Store' is clicked on

2018-05-21 12:29:11 - [TEST_STEP][PASSED] - setText: Text 'ragu' is set on object 'Object Repository/PharmacyRequest/Page_Divisonal Store Login/input_txtusername'

2018-05-21 12:29:11 - [MESSAGE][PASSED] - Text 'ragu' is set on object 'Object Repository/PharmacyRequest/Page_Divisonal Store Login/input_txtusername'

2018-05-21 12:29:11 - [TEST_STEP][PASSED] - setText: Text '123' is set on object 'Object Repository/PharmacyRequest/Page_Divisonal Store Login/input_txtpassword'

2018-05-21 12:29:11 - [MESSAGE][PASSED] - Text '123' is set on object 'Object Repository/PharmacyRequest/Page_Divisonal Store Login/input_txtpassword'

2018-05-21 12:29:11 - [TEST_STEP][PASSED] - delay: Delayed 3 second(s)

2018-05-21 12:29:14 - [MESSAGE][PASSED] - Delayed 3 second(s)

2018-05-21 12:29:14 - [TEST_STEP][PASSED] - click: Object: 'Object Repository/PharmacyRequest/Page_Divisonal Store Login/button_Sign in' is clicked on

2018-05-21 12:29:15 - [MESSAGE][PASSED] - Object: 'Object Repository/PharmacyRequest/Page_Divisonal Store Login/button_Sign in' is clicked on

2018-05-21 12:29:15 - [TEST_STEP][PASSED] - delay: Delayed 3 second(s)

2018-05-21 12:29:18 - [MESSAGE][PASSED] - Delayed 3 second(s)

2018-05-21 12:29:18 - [TEST_STEP][PASSED] - click: Object: 'Object Repository/PharmacyRequest/Page_Store/a_Pharmacy Request' is clicked on

2018-05-21 12:29:18 - [MESSAGE][PASSED] - Object: 'Object Repository/PharmacyRequest/Page_Store/a_Pharmacy Request' is clicked on

2018-05-21 12:29:18 - [TEST_STEP][PASSED] - click: Object: 'Object Repository/PharmacyRequest/Page_Store/a_Request Item Pharmacy' is clicked on

2018-05-21 12:29:19 - [MESSAGE][PASSED] - Object: 'Object Repository/PharmacyRequest/Page_Store/a_Request Item Pharmacy' is clicked on

2018-05-21 12:29:19 - [TEST_STEP][PASSED] - delay: Delayed 2 second(s)

2018-05-21 12:29:21 - [MESSAGE][PASSED] - Delayed 2 second(s)

2018-05-21 12:29:21 - [TEST_STEP][PASSED] - setText: Text 'PRNO/21052018/158' is set on object 'Object Repository/PharmacyRequest/Page_Store/input'

2018-05-21 12:29:21 - [MESSAGE][PASSED] - Text 'PRNO/21052018/158' is set on object 'Object Repository/PharmacyRequest/Page_Store/input'

2018-05-21 12:29:21 - [TEST_STEP][PASSED] - delay: Delayed 2 second(s)

2018-05-21 12:29:23 - [MESSAGE][PASSED] - Delayed 2 second(s)

2018-05-21 12:29:23 - [TEST_STEP][PASSED] - Statement - ChooseRequest = com.kms.katalon.core.webui.keyword.WebUiBuiltInKeywords.modifyObjectProperty(com.kms.katalon.core.testobject.ObjectRepository.findTestObject(PharmacyRequest/Page_Store/input_2), "xpath", "equals", "//*[@id=" + RID + "]", true): Modify property of object successfully

2018-05-21 12:29:23 - [MESSAGE][PASSED] - Modify property of object successfully

2018-05-21 12:29:23 - [TEST_STEP][PASSED] - click: Object: 'Object Repository/PharmacyRequest/Page_Store/input_2' is clicked on

2018-05-21 12:29:24 - [MESSAGE][PASSED] - Object: 'Object Repository/PharmacyRequest/Page_Store/input_2' is clicked on

2018-05-21 12:29:24 - [TEST_STEP][PASSED] - delay: Delayed 2 second(s)

2018-05-21 12:29:26 - [MESSAGE][PASSED] - Delayed 2 second(s)

2018-05-21 12:29:26 - [TEST_STEP][PASSED] - Statement - selectedoptions = com.kms.katalon.core.webui.keyword.WebUiBuiltInKeywords.getNumberOfTotalOption(com.kms.katalon.core.testobject.ObjectRepository.findTestObject(PharmacyRequest/Page_Store/select_--Select--Amlodepin -5)): 14 options of object 'Object Repository/PharmacyRequest/Page_Store/select_--Select--Amlodepin -5' counted

2018-05-21 12:29:26 - [MESSAGE][PASSED] - 14 options of object 'Object Repository/PharmacyRequest/Page_Store/select_--Select--Amlodepin -5' counted

2018-05-21 12:29:26 - [TEST_STEP][PASSED] - Statement - For ([a = 1, a <= selectedoptions - 1, (a++)]): null

2018-05-21 12:29:26 - [TEST_STEP][PASSED] - selectOptionByIndex: All options with index in [1] are selected on object 'Object Repository/PharmacyRequest/Page_Store/select_--Select--Amlodepin -5'

2018-05-21 12:29:26 - [MESSAGE][PASSED] - All options with index in [1] are selected on object 'Object Repository/PharmacyRequest/Page_Store/select_--Select--Amlodepin -5'

2018-05-21 12:29:26 - [TEST_STEP][PASSED] - delay: Delayed 1 second(s)

2018-05-21 12:29:27 - [MESSAGE][PASSED] - Delayed 1 second(s)

2018-05-21 12:29:27 - [TEST_STEP][PASSED] - Statement - RequestedQty = com.kms.katalon.core.webui.keyword.WebUiBuiltInKeywords.getAttribute(com.kms.katalon.core.testobject.ObjectRepository.findTestObject(PharmacyRequest/Page_Store/input_txttotal), "value"): Attribute 'value' of object 'Object Repository/PharmacyRequest/Page_Store/input_txttotal' is: '10'

2018-05-21 12:29:27 - [MESSAGE][PASSED] - Attribute 'value' of object 'Object Repository/PharmacyRequest/Page_Store/input_txttotal' is: '10'

2018-05-21 12:29:27 - [TEST_STEP][PASSED] - Statement - out.println("Requested QTY : " + RequestedQty): null

2018-05-21 12:29:27 - [TEST_STEP][PASSED] - Statement - BatchNumber = com.kms.katalon.core.webui.keyword.WebUiBuiltInKeywords.getNumberOfTotalOption(com.kms.katalon.core.testobject.ObjectRepository.findTestObject(PharmacyRequest/Page_Store/select_--Select--BA50)): 3 options of object 'Object Repository/PharmacyRequest/Page_Store/select_--Select--BA50' counted

2018-05-21 12:29:27 - [MESSAGE][PASSED] - 3 options of object 'Object Repository/PharmacyRequest/Page_Store/select_--Select--BA50' counted

2018-05-21 12:29:27 - [TEST_STEP][PASSED] - Statement - For ([g = 1, g <= BatchNumber - 1, (g++)]): null

2018-05-21 12:29:27 - [TEST_STEP][PASSED] - selectOptionByIndex: All options with index in [1] are selected on object 'Object Repository/PharmacyRequest/Page_Store/select_--Select--BA50'

2018-05-21 12:29:27 - [MESSAGE][PASSED] - All options with index in [1] are selected on object 'Object Repository/PharmacyRequest/Page_Store/select_--Select--BA50'

2018-05-21 12:29:27 - [TEST_STEP][PASSED] - delay: Delayed 1 second(s)

2018-05-21 12:29:28 - [MESSAGE][PASSED] - Delayed 1 second(s)

2018-05-21 12:29:28 - [TEST_STEP][PASSED] - Statement - StockQty = com.kms.katalon.core.webui.keyword.WebUiBuiltInKeywords.getAttribute(com.kms.katalon.core.testobject.ObjectRepository.findTestObject(PharmacyRequest/Page_Store/input_txtprice), "value"): Attribute 'value' of object 'Object Repository/PharmacyRequest/Page_Store/input_txtprice' is: '150'

2018-05-21 12:29:28 - [MESSAGE][PASSED] - Attribute 'value' of object 'Object Repository/PharmacyRequest/Page_Store/input_txtprice' is: '150'

2018-05-21 12:29:28 - [TEST_STEP][PASSED] - Statement - out.println("Stock QTY : " + StockQty): null

2018-05-21 12:29:28 - [TEST_STEP][PASSED] - delay: Delayed 1 second(s)

2018-05-21 12:29:29 - [MESSAGE][PASSED] - Delayed 1 second(s)

2018-05-21 12:29:29 - [TEST_STEP][PASSED] - Statement - If (java.lang.Integer.valueOf(StockQty) >= java.lang.Integer.valueOf(RequestedQty)): null

2018-05-21 12:29:29 - [TEST_STEP][PASSED] - setText: Text '10' is set on object 'Object Repository/PharmacyRequest/Page_Store/input_txtqty'

2018-05-21 12:29:30 - [MESSAGE][PASSED] - Text '10' is set on object 'Object Repository/PharmacyRequest/Page_Store/input_txtqty'

2018-05-21 12:29:30 - [TEST_STEP][PASSED] - click: Object: 'Object Repository/PharmacyRequest/Page_Store/button_Add' is clicked on

2018-05-21 12:29:30 - [MESSAGE][PASSED] - Object: 'Object Repository/PharmacyRequest/Page_Store/button_Add' is clicked on

2018-05-21 12:29:30 - [TEST_STEP][PASSED] - Statement - Break: null

2018-05-21 12:29:30 - [TEST_STEP][PASSED] - selectOptionByIndex: All options with index in [2] are selected on object 'Object Repository/PharmacyRequest/Page_Store/select_--Select--Amlodepin -5'

2018-05-21 12:29:30 - [MESSAGE][PASSED] - All options with index in [2] are selected on object 'Object Repository/PharmacyRequest/Page_Store/select_--Select--Amlodepin -5'

2018-05-21 12:29:30 - [TEST_STEP][PASSED] - delay: Delayed 1 second(s)

2018-05-21 12:29:31 - [MESSAGE][PASSED] - Delayed 1 second(s)

2018-05-21 12:29:31 - [TEST_STEP][PASSED] - Statement - RequestedQty = com.kms.katalon.core.webui.keyword.WebUiBuiltInKeywords.getAttribute(com.kms.katalon.core.testobject.ObjectRepository.findTestObject(PharmacyRequest/Page_Store/input_txttotal), "value"): Attribute 'value' of object 'Object Repository/PharmacyRequest/Page_Store/input_txttotal' is: '10'

2018-05-21 12:29:31 - [MESSAGE][PASSED] - Attribute 'value' of object 'Object Repository/PharmacyRequest/Page_Store/input_txttotal' is: '10'

2018-05-21 12:29:31 - [TEST_STEP][PASSED] - Statement - out.println("Requested QTY : " + RequestedQty): null

2018-05-21 12:29:31 - [TEST_STEP][PASSED] - Statement - BatchNumber = com.kms.katalon.core.webui.keyword.WebUiBuiltInKeywords.getNumberOfTotalOption(com.kms.katalon.core.testobject.ObjectRepository.findTestObject(PharmacyRequest/Page_Store/select_--Select--BA50)): 3 options of object 'Object Repository/PharmacyRequest/Page_Store/select_--Select--BA50' counted

2018-05-21 12:29:31 - [MESSAGE][PASSED] - 3 options of object 'Object Repository/PharmacyRequest/Page_Store/select_--Select--BA50' counted

2018-05-21 12:29:31 - [TEST_STEP][PASSED] - Statement - For ([g = 1, g <= BatchNumber - 1, (g++)]): null

2018-05-21 12:29:31 - [TEST_STEP][PASSED] - selectOptionByIndex: All options with index in [1] are selected on object 'Object Repository/PharmacyRequest/Page_Store/select_--Select--BA50'

2018-05-21 12:29:31 - [MESSAGE][PASSED] - All options with index in [1] are selected on object 'Object Repository/PharmacyRequest/Page_Store/select_--Select--BA50'

2018-05-21 12:29:31 - [TEST_STEP][PASSED] - delay: Delayed 1 second(s)

2018-05-21 12:29:32 - [MESSAGE][PASSED] - Delayed 1 second(s)

2018-05-21 12:29:32 - [TEST_STEP][PASSED] - Statement - StockQty = com.kms.katalon.core.webui.keyword.WebUiBuiltInKeywords.getAttribute(com.kms.katalon.core.testobject.ObjectRepository.findTestObject(PharmacyRequest/Page_Store/input_txtprice), "value"): Attribute 'value' of object 'Object Repository/PharmacyRequest/Page_Store/input_txtprice' is: '160'

2018-05-21 12:29:32 - [MESSAGE][PASSED] - Attribute 'value' of object 'Object Repository/PharmacyRequest/Page_Store/input_txtprice' is: '160'

2018-05-21 12:29:32 - [TEST_STEP][PASSED] - Statement - out.println("Stock QTY : " + StockQty): null

2018-05-21 12:29:32 - [TEST_STEP][PASSED] - delay: Delayed 1 second(s)

2018-05-21 12:29:33 - [MESSAGE][PASSED] - Delayed 1 second(s)

2018-05-21 12:29:33 - [TEST_STEP][PASSED] - Statement - If (java.lang.Integer.valueOf(StockQty) >= java.lang.Integer.valueOf(RequestedQty)): null

2018-05-21 12:29:33 - [TEST_STEP][PASSED] - setText: Text '10' is set on object 'Object Repository/PharmacyRequest/Page_Store/input_txtqty'

2018-05-21 12:29:33 - [MESSAGE][PASSED] - Text '10' is set on object 'Object Repository/PharmacyRequest/Page_Store/input_txtqty'

2018-05-21 12:29:33 - [TEST_STEP][PASSED] - click: Object: 'Object Repository/PharmacyRequest/Page_Store/button_Add' is clicked on

2018-05-21 12:29:33 - [MESSAGE][PASSED] - Object: 'Object Repository/PharmacyRequest/Page_Store/button_Add' is clicked on

2018-05-21 12:29:33 - [TEST_STEP][PASSED] - Statement - Break: null

2018-05-21 12:29:33 - [TEST_STEP][PASSED] - selectOptionByIndex: All options with index in [3] are selected on object 'Object Repository/PharmacyRequest/Page_Store/select_--Select--Amlodepin -5'

2018-05-21 12:29:33 - [MESSAGE][PASSED] - All options with index in [3] are selected on object 'Object Repository/PharmacyRequest/Page_Store/select_--Select--Amlodepin -5'

2018-05-21 12:29:33 - [TEST_STEP][PASSED] - delay: Delayed 1 second(s)

2018-05-21 12:29:34 - [MESSAGE][PASSED] - Delayed 1 second(s)

2018-05-21 12:29:34 - [TEST_STEP][PASSED] - Statement - RequestedQty = com.kms.katalon.core.webui.keyword.WebUiBuiltInKeywords.getAttribute(com.kms.katalon.core.testobject.ObjectRepository.findTestObject(PharmacyRequest/Page_Store/input_txttotal), "value"): Attribute 'value' of object 'Object Repository/PharmacyRequest/Page_Store/input_txttotal' is: '10'

2018-05-21 12:29:34 - [MESSAGE][PASSED] - Attribute 'value' of object 'Object Repository/PharmacyRequest/Page_Store/input_txttotal' is: '10'

2018-05-21 12:29:34 - [TEST_STEP][PASSED] - Statement - out.println("Requested QTY : " + RequestedQty): null

2018-05-21 12:29:34 - [TEST_STEP][PASSED] - Statement - BatchNumber = com.kms.katalon.core.webui.keyword.WebUiBuiltInKeywords.getNumberOfTotalOption(com.kms.katalon.core.testobject.ObjectRepository.findTestObject(PharmacyRequest/Page_Store/select_--Select--BA50)): 2 options of object 'Object Repository/PharmacyRequest/Page_Store/select_--Select--BA50' counted

2018-05-21 12:29:35 - [MESSAGE][PASSED] - 2 options of object 'Object Repository/PharmacyRequest/Page_Store/select_--Select--BA50' counted

2018-05-21 12:29:35 - [TEST_STEP][PASSED] - Statement - For ([g = 1, g <= BatchNumber - 1, (g++)]): null

2018-05-21 12:29:35 - [TEST_STEP][PASSED] - selectOptionByIndex: All options with index in [1] are selected on object 'Object Repository/PharmacyRequest/Page_Store/select_--Select--BA50'

2018-05-21 12:29:35 - [MESSAGE][PASSED] - All options with index in [1] are selected on object 'Object Repository/PharmacyRequest/Page_Store/select_--Select--BA50'

2018-05-21 12:29:35 - [TEST_STEP][PASSED] - delay: Delayed 1 second(s)

2018-05-21 12:29:36 - [MESSAGE][PASSED] - Delayed 1 second(s)

2018-05-21 12:29:36 - [TEST_STEP][PASSED] - Statement - StockQty = com.kms.katalon.core.webui.keyword.WebUiBuiltInKeywords.getAttribute(com.kms.katalon.core.testobject.ObjectRepository.findTestObject(PharmacyRequest/Page_Store/input_txtprice), "value"): Attribute 'value' of object 'Object Repository/PharmacyRequest/Page_Store/input_txtprice' is: '190'

2018-05-21 12:29:36 - [MESSAGE][PASSED] - Attribute 'value' of object 'Object Repository/PharmacyRequest/Page_Store/input_txtprice' is: '190'

2018-05-21 12:29:36 - [TEST_STEP][PASSED] - Statement - out.println("Stock QTY : " + StockQty): null

2018-05-21 12:29:36 - [TEST_STEP][PASSED] - delay: Delayed 1 second(s)

2018-05-21 12:29:37 - [MESSAGE][PASSED] - Delayed 1 second(s)

2018-05-21 12:29:37 - [TEST_STEP][PASSED] - Statement - If (java.lang.Integer.valueOf(StockQty) >= java.lang.Integer.valueOf(RequestedQty)): null

2018-05-21 12:29:37 - [TEST_STEP][PASSED] - setText: Text '10' is set on object 'Object Repository/PharmacyRequest/Page_Store/input_txtqty'

2018-05-21 12:29:37 - [MESSAGE][PASSED] - Text '10' is set on object 'Object Repository/PharmacyRequest/Page_Store/input_txtqty'

2018-05-21 12:29:37 - [TEST_STEP][PASSED] - click: Object: 'Object Repository/PharmacyRequest/Page_Store/button_Add' is clicked on

2018-05-21 12:29:37 - [MESSAGE][PASSED] - Object: 'Object Repository/PharmacyRequest/Page_Store/button_Add' is clicked on

2018-05-21 12:29:37 - [TEST_STEP][PASSED] - Statement - Break: null

2018-05-21 12:29:37 - [TEST_STEP][PASSED] - selectOptionByIndex: All options with index in [4] are selected on object 'Object Repository/PharmacyRequest/Page_Store/select_--Select--Amlodepin -5'

2018-05-21 12:29:37 - [MESSAGE][PASSED] - All options with index in [4] are selected on object 'Object Repository/PharmacyRequest/Page_Store/select_--Select--Amlodepin -5'

2018-05-21 12:29:37 - [TEST_STEP][PASSED] - delay: Delayed 1 second(s)

2018-05-21 12:29:38 - [MESSAGE][PASSED] - Delayed 1 second(s)

2018-05-21 12:29:38 - [TEST_STEP][PASSED] - Statement - RequestedQty = com.kms.katalon.core.webui.keyword.WebUiBuiltInKeywords.getAttribute(com.kms.katalon.core.testobject.ObjectRepository.findTestObject(PharmacyRequest/Page_Store/input_txttotal), "value"): Attribute 'value' of object 'Object Repository/PharmacyRequest/Page_Store/input_txttotal' is: '10'

2018-05-21 12:29:38 - [MESSAGE][PASSED] - Attribute 'value' of object 'Object Repository/PharmacyRequest/Page_Store/input_txttotal' is: '10'

2018-05-21 12:29:38 - [TEST_STEP][PASSED] - Statement - out.println("Requested QTY : " + RequestedQty): null

2018-05-21 12:29:38 - [TEST_STEP][PASSED] - Statement - BatchNumber = com.kms.katalon.core.webui.keyword.WebUiBuiltInKeywords.getNumberOfTotalOption(com.kms.katalon.core.testobject.ObjectRepository.findTestObject(PharmacyRequest/Page_Store/select_--Select--BA50)): 3 options of object 'Object Repository/PharmacyRequest/Page_Store/select_--Select--BA50' counted

2018-05-21 12:29:38 - [MESSAGE][PASSED] - 3 options of object 'Object Repository/PharmacyRequest/Page_Store/select_--Select--BA50' counted

2018-05-21 12:29:38 - [TEST_STEP][PASSED] - Statement - For ([g = 1, g <= BatchNumber - 1, (g++)]): null

2018-05-21 12:29:38 - [TEST_STEP][PASSED] - selectOptionByIndex: All options with index in [1] are selected on object 'Object Repository/PharmacyRequest/Page_Store/select_--Select--BA50'

2018-05-21 12:29:38 - [MESSAGE][PASSED] - All options with index in [1] are selected on object 'Object Repository/PharmacyRequest/Page_Store/select_--Select--BA50'

2018-05-21 12:29:38 - [TEST_STEP][PASSED] - delay: Delayed 1 second(s)

2018-05-21 12:29:39 - [MESSAGE][PASSED] - Delayed 1 second(s)

2018-05-21 12:29:39 - [TEST_STEP][PASSED] - Statement - StockQty = com.kms.katalon.core.webui.keyword.WebUiBuiltInKeywords.getAttribute(com.kms.katalon.core.testobject.ObjectRepository.findTestObject(PharmacyRequest/Page_Store/input_txtprice), "value"): Attribute 'value' of object 'Object Repository/PharmacyRequest/Page_Store/input_txtprice' is: '150'

2018-05-21 12:29:39 - [MESSAGE][PASSED] - Attribute 'value' of object 'Object Repository/PharmacyRequest/Page_Store/input_txtprice' is: '150'

2018-05-21 12:29:39 - [TEST_STEP][PASSED] - Statement - out.println("Stock QTY : " + StockQty): null

2018-05-21 12:29:39 - [TEST_STEP][PASSED] - delay: Delayed 1 second(s)

2018-05-21 12:29:40 - [MESSAGE][PASSED] - Delayed 1 second(s)

2018-05-21 12:29:40 - [TEST_STEP][PASSED] - Statement - If (java.lang.Integer.valueOf(StockQty) >= java.lang.Integer.valueOf(RequestedQty)): null

2018-05-21 12:29:40 - [TEST_STEP][PASSED] - setText: Text '10' is set on object 'Object Repository/PharmacyRequest/Page_Store/input_txtqty'

2018-05-21 12:29:40 - [MESSAGE][PASSED] - Text '10' is set on object 'Object Repository/PharmacyRequest/Page_Store/input_txtqty'

2018-05-21 12:29:40 - [TEST_STEP][PASSED] - click: Object: 'Object Repository/PharmacyRequest/Page_Store/button_Add' is clicked on

2018-05-21 12:29:40 - [MESSAGE][PASSED] - Object: 'Object Repository/PharmacyRequest/Page_Store/button_Add' is clicked on

2018-05-21 12:29:40 - [TEST_STEP][PASSED] - Statement - Break: null

2018-05-21 12:29:40 - [TEST_STEP][PASSED] - selectOptionByIndex: All options with index in [5] are selected on object 'Object Repository/PharmacyRequest/Page_Store/select_--Select--Amlodepin -5'

2018-05-21 12:29:41 - [MESSAGE][PASSED] - All options with index in [5] are selected on object 'Object Repository/PharmacyRequest/Page_Store/select_--Select--Amlodepin -5'

2018-05-21 12:29:41 - [TEST_STEP][PASSED] - delay: Delayed 1 second(s)

2018-05-21 12:29:42 - [MESSAGE][PASSED] - Delayed 1 second(s)

2018-05-21 12:29:42 - [TEST_STEP][PASSED] - Statement - RequestedQty = com.kms.katalon.core.webui.keyword.WebUiBuiltInKeywords.getAttribute(com.kms.katalon.core.testobject.ObjectRepository.findTestObject(PharmacyRequest/Page_Store/input_txttotal), "value"): Attribute 'value' of object 'Object Repository/PharmacyRequest/Page_Store/input_txttotal' is: '10'

2018-05-21 12:29:42 - [MESSAGE][PASSED] - Attribute 'value' of object 'Object Repository/PharmacyRequest/Page_Store/input_txttotal' is: '10'

2018-05-21 12:29:42 - [TEST_STEP][PASSED] - Statement - out.println("Requested QTY : " + RequestedQty): null

2018-05-21 12:29:42 - [TEST_STEP][PASSED] - Statement - BatchNumber = com.kms.katalon.core.webui.keyword.WebUiBuiltInKeywords.getNumberOfTotalOption(com.kms.katalon.core.testobject.ObjectRepository.findTestObject(PharmacyRequest/Page_Store/select_--Select--BA50)): 2 options of object 'Object Repository/PharmacyRequest/Page_Store/select_--Select--BA50' counted

2018-05-21 12:29:42 - [MESSAGE][PASSED] - 2 options of object 'Object Repository/PharmacyRequest/Page_Store/select_--Select--BA50' counted

2018-05-21 12:29:42 - [TEST_STEP][PASSED] - Statement - For ([g = 1, g <= BatchNumber - 1, (g++)]): null

2018-05-21 12:29:42 - [TEST_STEP][PASSED] - selectOptionByIndex: All options with index in [1] are selected on object 'Object Repository/PharmacyRequest/Page_Store/select_--Select--BA50'

2018-05-21 12:29:42 - [MESSAGE][PASSED] - All options with index in [1] are selected on object 'Object Repository/PharmacyRequest/Page_Store/select_--Select--BA50'

2018-05-21 12:29:42 - [TEST_STEP][PASSED] - delay: Delayed 1 second(s)

2018-05-21 12:29:43 - [MESSAGE][PASSED] - Delayed 1 second(s)

2018-05-21 12:29:43 - [TEST_STEP][PASSED] - Statement - StockQty = com.kms.katalon.core.webui.keyword.WebUiBuiltInKeywords.getAttribute(com.kms.katalon.core.testobject.ObjectRepository.findTestObject(PharmacyRequest/Page_Store/input_txtprice), "value"): Attribute 'value' of object 'Object Repository/PharmacyRequest/Page_Store/input_txtprice' is: '110'

2018-05-21 12:29:43 - [MESSAGE][PASSED] - Attribute 'value' of object 'Object Repository/PharmacyRequest/Page_Store/input_txtprice' is: '110'

2018-05-21 12:29:43 - [TEST_STEP][PASSED] - Statement - out.println("Stock QTY : " + StockQty): null

2018-05-21 12:29:43 - [TEST_STEP][PASSED] - delay: Delayed 1 second(s)

2018-05-21 12:29:44 - [MESSAGE][PASSED] - Delayed 1 second(s)

2018-05-21 12:29:44 - [TEST_STEP][PASSED] - Statement - If (java.lang.Integer.valueOf(StockQty) >= java.lang.Integer.valueOf(RequestedQty)): null

2018-05-21 12:29:44 - [TEST_STEP][PASSED] - setText: Text '10' is set on object 'Object Repository/PharmacyRequest/Page_Store/input_txtqty'

2018-05-21 12:29:44 - [MESSAGE][PASSED] - Text '10' is set on object 'Object Repository/PharmacyRequest/Page_Store/input_txtqty'

2018-05-21 12:29:44 - [TEST_STEP][PASSED] - click: Object: 'Object Repository/PharmacyRequest/Page_Store/button_Add' is clicked on

2018-05-21 12:29:44 - [MESSAGE][PASSED] - Object: 'Object Repository/PharmacyRequest/Page_Store/button_Add' is clicked on

2018-05-21 12:29:44 - [TEST_STEP][PASSED] - Statement - Break: null

2018-05-21 12:29:44 - [TEST_STEP][PASSED] - selectOptionByIndex: All options with index in [6] are selected on object 'Object Repository/PharmacyRequest/Page_Store/select_--Select--Amlodepin -5'

2018-05-21 12:29:44 - [MESSAGE][PASSED] - All options with index in [6] are selected on object 'Object Repository/PharmacyRequest/Page_Store/select_--Select--Amlodepin -5'

2018-05-21 12:29:44 - [TEST_STEP][PASSED] - delay: Delayed 1 second(s)

2018-05-21 12:29:45 - [MESSAGE][PASSED] - Delayed 1 second(s)

2018-05-21 12:29:45 - [TEST_STEP][PASSED] - Statement - RequestedQty = com.kms.katalon.core.webui.keyword.WebUiBuiltInKeywords.getAttribute(com.kms.katalon.core.testobject.ObjectRepository.findTestObject(PharmacyRequest/Page_Store/input_txttotal), "value"): Attribute 'value' of object 'Object Repository/PharmacyRequest/Page_Store/input_txttotal' is: '10'

2018-05-21 12:29:45 - [MESSAGE][PASSED] - Attribute 'value' of object 'Object Repository/PharmacyRequest/Page_Store/input_txttotal' is: '10'

2018-05-21 12:29:45 - [TEST_STEP][PASSED] - Statement - out.println("Requested QTY : " + RequestedQty): null

2018-05-21 12:29:45 - [TEST_STEP][PASSED] - Statement - BatchNumber = com.kms.katalon.core.webui.keyword.WebUiBuiltInKeywords.getNumberOfTotalOption(com.kms.katalon.core.testobject.ObjectRepository.findTestObject(PharmacyRequest/Page_Store/select_--Select--BA50)): 3 options of object 'Object Repository/PharmacyRequest/Page_Store/select_--Select--BA50' counted

2018-05-21 12:29:45 - [MESSAGE][PASSED] - 3 options of object 'Object Repository/PharmacyRequest/Page_Store/select_--Select--BA50' counted

2018-05-21 12:29:45 - [TEST_STEP][PASSED] - Statement - For ([g = 1, g <= BatchNumber - 1, (g++)]): null

2018-05-21 12:29:45 - [TEST_STEP][PASSED] - selectOptionByIndex: All options with index in [1] are selected on object 'Object Repository/PharmacyRequest/Page_Store/select_--Select--BA50'

2018-05-21 12:29:46 - [MESSAGE][PASSED] - All options with index in [1] are selected on object 'Object Repository/PharmacyRequest/Page_Store/select_--Select--BA50'

2018-05-21 12:29:46 - [TEST_STEP][PASSED] - delay: Delayed 1 second(s)

2018-05-21 12:29:47 - [MESSAGE][PASSED] - Delayed 1 second(s)

2018-05-21 12:29:47 - [TEST_STEP][PASSED] - Statement - StockQty = com.kms.katalon.core.webui.keyword.WebUiBuiltInKeywords.getAttribute(com.kms.katalon.core.testobject.ObjectRepository.findTestObject(PharmacyRequest/Page_Store/input_txtprice), "value"): Attribute 'value' of object 'Object Repository/PharmacyRequest/Page_Store/input_txtprice' is: '170'

2018-05-21 12:29:47 - [MESSAGE][PASSED] - Attribute 'value' of object 'Object Repository/PharmacyRequest/Page_Store/input_txtprice' is: '170'

2018-05-21 12:29:47 - [TEST_STEP][PASSED] - Statement - out.println("Stock QTY : " + StockQty): null

2018-05-21 12:29:47 - [TEST_STEP][PASSED] - delay: Delayed 1 second(s)

2018-05-21 12:29:48 - [MESSAGE][PASSED] - Delayed 1 second(s)

2018-05-21 12:29:48 - [TEST_STEP][PASSED] - Statement - If (java.lang.Integer.valueOf(StockQty) >= java.lang.Integer.valueOf(RequestedQty)): null

2018-05-21 12:29:48 - [TEST_STEP][PASSED] - setText: Text '10' is set on object 'Object Repository/PharmacyRequest/Page_Store/input_txtqty'

2018-05-21 12:29:48 - [MESSAGE][PASSED] - Text '10' is set on object 'Object Repository/PharmacyRequest/Page_Store/input_txtqty'

2018-05-21 12:29:48 - [TEST_STEP][PASSED] - click: Object: 'Object Repository/PharmacyRequest/Page_Store/button_Add' is clicked on

2018-05-21 12:29:48 - [MESSAGE][PASSED] - Object: 'Object Repository/PharmacyRequest/Page_Store/button_Add' is clicked on

2018-05-21 12:29:48 - [TEST_STEP][PASSED] - Statement - Break: null

2018-05-21 12:29:48 - [TEST_STEP][PASSED] - selectOptionByIndex: All options with index in [7] are selected on object 'Object Repository/PharmacyRequest/Page_Store/select_--Select--Amlodepin -5'

2018-05-21 12:29:48 - [MESSAGE][PASSED] - All options with index in [7] are selected on object 'Object Repository/PharmacyRequest/Page_Store/select_--Select--Amlodepin -5'

2018-05-21 12:29:48 - [TEST_STEP][PASSED] - delay: Delayed 1 second(s)

2018-05-21 12:29:49 - [MESSAGE][PASSED] - Delayed 1 second(s)

2018-05-21 12:29:49 - [TEST_STEP][PASSED] - Statement - RequestedQty = com.kms.katalon.core.webui.keyword.WebUiBuiltInKeywords.getAttribute(com.kms.katalon.core.testobject.ObjectRepository.findTestObject(PharmacyRequest/Page_Store/input_txttotal), "value"): Attribute 'value' of object 'Object Repository/PharmacyRequest/Page_Store/input_txttotal' is: '10'

2018-05-21 12:29:49 - [MESSAGE][PASSED] - Attribute 'value' of object 'Object Repository/PharmacyRequest/Page_Store/input_txttotal' is: '10'

2018-05-21 12:29:49 - [TEST_STEP][PASSED] - Statement - out.println("Requested QTY : " + RequestedQty): null

2018-05-21 12:29:49 - [TEST_STEP][PASSED] - Statement - BatchNumber = com.kms.katalon.core.webui.keyword.WebUiBuiltInKeywords.getNumberOfTotalOption(com.kms.katalon.core.testobject.ObjectRepository.findTestObject(PharmacyRequest/Page_Store/select_--Select--BA50)): 2 options of object 'Object Repository/PharmacyRequest/Page_Store/select_--Select--BA50' counted

2018-05-21 12:29:49 - [MESSAGE][PASSED] - 2 options of object 'Object Repository/PharmacyRequest/Page_Store/select_--Select--BA50' counted

2018-05-21 12:29:49 - [TEST_STEP][PASSED] - Statement - For ([g = 1, g <= BatchNumber - 1, (g++)]): null

2018-05-21 12:29:49 - [TEST_STEP][PASSED] - selectOptionByIndex: All options with index in [1] are selected on object 'Object Repository/PharmacyRequest/Page_Store/select_--Select--BA50'

2018-05-21 12:29:49 - [MESSAGE][PASSED] - All options with index in [1] are selected on object 'Object Repository/PharmacyRequest/Page_Store/select_--Select--BA50'

2018-05-21 12:29:49 - [TEST_STEP][PASSED] - delay: Delayed 1 second(s)

2018-05-21 12:29:50 - [MESSAGE][PASSED] - Delayed 1 second(s)

2018-05-21 12:29:50 - [TEST_STEP][PASSED] - Statement - StockQty = com.kms.katalon.core.webui.keyword.WebUiBuiltInKeywords.getAttribute(com.kms.katalon.core.testobject.ObjectRepository.findTestObject(PharmacyRequest/Page_Store/input_txtprice), "value"): Attribute 'value' of object 'Object Repository/PharmacyRequest/Page_Store/input_txtprice' is: '210'

2018-05-21 12:29:50 - [MESSAGE][PASSED] - Attribute 'value' of object 'Object Repository/PharmacyRequest/Page_Store/input_txtprice' is: '210'

2018-05-21 12:29:50 - [TEST_STEP][PASSED] - Statement - out.println("Stock QTY : " + StockQty): null

2018-05-21 12:29:50 - [TEST_STEP][PASSED] - delay: Delayed 1 second(s)

2018-05-21 12:29:51 - [MESSAGE][PASSED] - Delayed 1 second(s)

2018-05-21 12:29:51 - [TEST_STEP][PASSED] - Statement - If (java.lang.Integer.valueOf(StockQty) >= java.lang.Integer.valueOf(RequestedQty)): null

2018-05-21 12:29:51 - [TEST_STEP][PASSED] - setText: Text '10' is set on object 'Object Repository/PharmacyRequest/Page_Store/input_txtqty'

2018-05-21 12:29:51 - [MESSAGE][PASSED] - Text '10' is set on object 'Object Repository/PharmacyRequest/Page_Store/input_txtqty'

2018-05-21 12:29:51 - [TEST_STEP][PASSED] - click: Object: 'Object Repository/PharmacyRequest/Page_Store/button_Add' is clicked on

2018-05-21 12:29:51 - [MESSAGE][PASSED] - Object: 'Object Repository/PharmacyRequest/Page_Store/button_Add' is clicked on

2018-05-21 12:29:51 - [TEST_STEP][PASSED] - Statement - Break: null

2018-05-21 12:29:51 - [TEST_STEP][PASSED] - selectOptionByIndex: All options with index in [8] are selected on object 'Object Repository/PharmacyRequest/Page_Store/select_--Select--Amlodepin -5'

2018-05-21 12:29:51 - [MESSAGE][PASSED] - All options with index in [8] are selected on object 'Object Repository/PharmacyRequest/Page_Store/select_--Select--Amlodepin -5'

2018-05-21 12:29:51 - [TEST_STEP][PASSED] - delay: Delayed 1 second(s)

2018-05-21 12:29:52 - [MESSAGE][PASSED] - Delayed 1 second(s)

2018-05-21 12:29:52 - [TEST_STEP][PASSED] - Statement - RequestedQty = com.kms.katalon.core.webui.keyword.WebUiBuiltInKeywords.getAttribute(com.kms.katalon.core.testobject.ObjectRepository.findTestObject(PharmacyRequest/Page_Store/input_txttotal), "value"): Attribute 'value' of object 'Object Repository/PharmacyRequest/Page_Store/input_txttotal' is: '10'

2018-05-21 12:29:52 - [MESSAGE][PASSED] - Attribute 'value' of object 'Object Repository/PharmacyRequest/Page_Store/input_txttotal' is: '10'

2018-05-21 12:29:52 - [TEST_STEP][PASSED] - Statement - out.println("Requested QTY : " + RequestedQty): null

2018-05-21 12:29:52 - [TEST_STEP][PASSED] - Statement - BatchNumber = com.kms.katalon.core.webui.keyword.WebUiBuiltInKeywords.getNumberOfTotalOption(com.kms.katalon.core.testobject.ObjectRepository.findTestObject(PharmacyRequest/Page_Store/select_--Select--BA50)): 3 options of object 'Object Repository/PharmacyRequest/Page_Store/select_--Select--BA50' counted

2018-05-21 12:29:53 - [MESSAGE][PASSED] - 3 options of object 'Object Repository/PharmacyRequest/Page_Store/select_--Select--BA50' counted

2018-05-21 12:29:53 - [TEST_STEP][PASSED] - Statement - For ([g = 1, g <= BatchNumber - 1, (g++)]): null

2018-05-21 12:29:53 - [TEST_STEP][PASSED] - selectOptionByIndex: All options with index in [1] are selected on object 'Object Repository/PharmacyRequest/Page_Store/select_--Select--BA50'

2018-05-21 12:29:53 - [MESSAGE][PASSED] - All options with index in [1] are selected on object 'Object Repository/PharmacyRequest/Page_Store/select_--Select--BA50'

2018-05-21 12:29:53 - [TEST_STEP][PASSED] - delay: Delayed 1 second(s)

2018-05-21 12:29:54 - [MESSAGE][PASSED] - Delayed 1 second(s)

2018-05-21 12:29:54 - [TEST_STEP][PASSED] - Statement - StockQty = com.kms.katalon.core.webui.keyword.WebUiBuiltInKeywords.getAttribute(com.kms.katalon.core.testobject.ObjectRepository.findTestObject(PharmacyRequest/Page_Store/input_txtprice), "value"): Attribute 'value' of object 'Object Repository/PharmacyRequest/Page_Store/input_txtprice' is: '170'

2018-05-21 12:29:54 - [MESSAGE][PASSED] - Attribute 'value' of object 'Object Repository/PharmacyRequest/Page_Store/input_txtprice' is: '170'

2018-05-21 12:29:54 - [TEST_STEP][PASSED] - Statement - out.println("Stock QTY : " + StockQty): null

2018-05-21 12:29:54 - [TEST_STEP][PASSED] - delay: Delayed 1 second(s)

2018-05-21 12:29:55 - [MESSAGE][PASSED] - Delayed 1 second(s)

2018-05-21 12:29:55 - [TEST_STEP][PASSED] - Statement - If (java.lang.Integer.valueOf(StockQty) >= java.lang.Integer.valueOf(RequestedQty)): null

2018-05-21 12:29:55 - [TEST_STEP][PASSED] - setText: Text '10' is set on object 'Object Repository/PharmacyRequest/Page_Store/input_txtqty'

2018-05-21 12:29:55 - [MESSAGE][PASSED] - Text '10' is set on object 'Object Repository/PharmacyRequest/Page_Store/input_txtqty'

2018-05-21 12:29:55 - [TEST_STEP][PASSED] - click: Object: 'Object Repository/PharmacyRequest/Page_Store/button_Add' is clicked on

2018-05-21 12:29:55 - [MESSAGE][PASSED] - Object: 'Object Repository/PharmacyRequest/Page_Store/button_Add' is clicked on

2018-05-21 12:29:55 - [TEST_STEP][PASSED] - Statement - Break: null

2018-05-21 12:29:55 - [TEST_STEP][PASSED] - selectOptionByIndex: All options with index in [9] are selected on object 'Object Repository/PharmacyRequest/Page_Store/select_--Select--Amlodepin -5'

2018-05-21 12:29:55 - [MESSAGE][PASSED] - All options with index in [9] are selected on object 'Object Repository/PharmacyRequest/Page_Store/select_--Select--Amlodepin -5'

2018-05-21 12:29:55 - [TEST_STEP][PASSED] - delay: Delayed 1 second(s)

2018-05-21 12:29:56 - [MESSAGE][PASSED] - Delayed 1 second(s)

2018-05-21 12:29:56 - [TEST_STEP][PASSED] - Statement - RequestedQty = com.kms.katalon.core.webui.keyword.WebUiBuiltInKeywords.getAttribute(com.kms.katalon.core.testobject.ObjectRepository.findTestObject(PharmacyRequest/Page_Store/input_txttotal), "value"): Attribute 'value' of object 'Object Repository/PharmacyRequest/Page_Store/input_txttotal' is: '10'

2018-05-21 12:29:56 - [MESSAGE][PASSED] - Attribute 'value' of object 'Object Repository/PharmacyRequest/Page_Store/input_txttotal' is: '10'

2018-05-21 12:29:56 - [TEST_STEP][PASSED] - Statement - out.println("Requested QTY : " + RequestedQty): null

2018-05-21 12:29:56 - [TEST_STEP][PASSED] - Statement - BatchNumber = com.kms.katalon.core.webui.keyword.WebUiBuiltInKeywords.getNumberOfTotalOption(com.kms.katalon.core.testobject.ObjectRepository.findTestObject(PharmacyRequest/Page_Store/select_--Select--BA50)): 3 options of object 'Object Repository/PharmacyRequest/Page_Store/select_--Select--BA50' counted

2018-05-21 12:29:56 - [MESSAGE][PASSED] - 3 options of object 'Object Repository/PharmacyRequest/Page_Store/select_--Select--BA50' counted

2018-05-21 12:29:56 - [TEST_STEP][PASSED] - Statement - For ([g = 1, g <= BatchNumber - 1, (g++)]): null

2018-05-21 12:29:56 - [TEST_STEP][PASSED] - selectOptionByIndex: All options with index in [1] are selected on object 'Object Repository/PharmacyRequest/Page_Store/select_--Select--BA50'

2018-05-21 12:29:56 - [MESSAGE][PASSED] - All options with index in [1] are selected on object 'Object Repository/PharmacyRequest/Page_Store/select_--Select--BA50'

2018-05-21 12:29:56 - [TEST_STEP][PASSED] - delay: Delayed 1 second(s)

2018-05-21 12:29:57 - [MESSAGE][PASSED] - Delayed 1 second(s)

2018-05-21 12:29:57 - [TEST_STEP][PASSED] - Statement - StockQty = com.kms.katalon.core.webui.keyword.WebUiBuiltInKeywords.getAttribute(com.kms.katalon.core.testobject.ObjectRepository.findTestObject(PharmacyRequest/Page_Store/input_txtprice), "value"): Attribute 'value' of object 'Object Repository/PharmacyRequest/Page_Store/input_txtprice' is: '170'

2018-05-21 12:29:57 - [MESSAGE][PASSED] - Attribute 'value' of object 'Object Repository/PharmacyRequest/Page_Store/input_txtprice' is: '170'

2018-05-21 12:29:57 - [TEST_STEP][PASSED] - Statement - out.println("Stock QTY : " + StockQty): null

2018-05-21 12:29:57 - [TEST_STEP][PASSED] - delay: Delayed 1 second(s)

2018-05-21 12:29:58 - [MESSAGE][PASSED] - Delayed 1 second(s)

2018-05-21 12:29:58 - [TEST_STEP][PASSED] - Statement - If (java.lang.Integer.valueOf(StockQty) >= java.lang.Integer.valueOf(RequestedQty)): null

2018-05-21 12:29:58 - [TEST_STEP][PASSED] - setText: Text '10' is set on object 'Object Repository/PharmacyRequest/Page_Store/input_txtqty'

2018-05-21 12:29:58 - [MESSAGE][PASSED] - Text '10' is set on object 'Object Repository/PharmacyRequest/Page_Store/input_txtqty'

2018-05-21 12:29:58 - [TEST_STEP][PASSED] - click: Object: 'Object Repository/PharmacyRequest/Page_Store/button_Add' is clicked on

2018-05-21 12:29:59 - [MESSAGE][PASSED] - Object: 'Object Repository/PharmacyRequest/Page_Store/button_Add' is clicked on

2018-05-21 12:29:59 - [TEST_STEP][PASSED] - Statement - Break: null

2018-05-21 12:29:59 - [TEST_STEP][PASSED] - selectOptionByIndex: All options with index in [10] are selected on object 'Object Repository/PharmacyRequest/Page_Store/select_--Select--Amlodepin -5'

2018-05-21 12:29:59 - [MESSAGE][PASSED] - All options with index in [10] are selected on object 'Object Repository/PharmacyRequest/Page_Store/select_--Select--Amlodepin -5'

2018-05-21 12:29:59 - [TEST_STEP][PASSED] - delay: Delayed 1 second(s)

2018-05-21 12:30:00 - [MESSAGE][PASSED] - Delayed 1 second(s)

2018-05-21 12:30:00 - [TEST_STEP][PASSED] - Statement - RequestedQty = com.kms.katalon.core.webui.keyword.WebUiBuiltInKeywords.getAttribute(com.kms.katalon.core.testobject.ObjectRepository.findTestObject(PharmacyRequest/Page_Store/input_txttotal), "value"): Attribute 'value' of object 'Object Repository/PharmacyRequest/Page_Store/input_txttotal' is: '10'

2018-05-21 12:30:00 - [MESSAGE][PASSED] - Attribute 'value' of object 'Object Repository/PharmacyRequest/Page_Store/input_txttotal' is: '10'

2018-05-21 12:30:00 - [TEST_STEP][PASSED] - Statement - out.println("Requested QTY : " + RequestedQty): null

2018-05-21 12:30:00 - [TEST_STEP][PASSED] - Statement - BatchNumber = com.kms.katalon.core.webui.keyword.WebUiBuiltInKeywords.getNumberOfTotalOption(com.kms.katalon.core.testobject.ObjectRepository.findTestObject(PharmacyRequest/Page_Store/select_--Select--BA50)): 3 options of object 'Object Repository/PharmacyRequest/Page_Store/select_--Select--BA50' counted

2018-05-21 12:30:00 - [MESSAGE][PASSED] - 3 options of object 'Object Repository/PharmacyRequest/Page_Store/select_--Select--BA50' counted

2018-05-21 12:30:00 - [TEST_STEP][PASSED] - Statement - For ([g = 1, g <= BatchNumber - 1, (g++)]): null

2018-05-21 12:30:00 - [TEST_STEP][PASSED] - selectOptionByIndex: All options with index in [1] are selected on object 'Object Repository/PharmacyRequest/Page_Store/select_--Select--BA50'

2018-05-21 12:30:00 - [MESSAGE][PASSED] - All options with index in [1] are selected on object 'Object Repository/PharmacyRequest/Page_Store/select_--Select--BA50'

2018-05-21 12:30:00 - [TEST_STEP][PASSED] - delay: Delayed 1 second(s)

2018-05-21 12:30:01 - [MESSAGE][PASSED] - Delayed 1 second(s)

2018-05-21 12:30:01 - [TEST_STEP][PASSED] - Statement - StockQty = com.kms.katalon.core.webui.keyword.WebUiBuiltInKeywords.getAttribute(com.kms.katalon.core.testobject.ObjectRepository.findTestObject(PharmacyRequest/Page_Store/input_txtprice), "value"): Attribute 'value' of object 'Object Repository/PharmacyRequest/Page_Store/input_txtprice' is: '170'

2018-05-21 12:30:01 - [MESSAGE][PASSED] - Attribute 'value' of object 'Object Repository/PharmacyRequest/Page_Store/input_txtprice' is: '170'

2018-05-21 12:30:01 - [TEST_STEP][PASSED] - Statement - out.println("Stock QTY : " + StockQty): null

2018-05-21 12:30:01 - [TEST_STEP][PASSED] - delay: Delayed 1 second(s)

2018-05-21 12:30:02 - [MESSAGE][PASSED] - Delayed 1 second(s)

2018-05-21 12:30:02 - [TEST_STEP][PASSED] - Statement - If (java.lang.Integer.valueOf(StockQty) >= java.lang.Integer.valueOf(RequestedQty)): null

2018-05-21 12:30:02 - [TEST_STEP][PASSED] - setText: Text '10' is set on object 'Object Repository/PharmacyRequest/Page_Store/input_txtqty'

2018-05-21 12:30:02 - [MESSAGE][PASSED] - Text '10' is set on object 'Object Repository/PharmacyRequest/Page_Store/input_txtqty'

2018-05-21 12:30:02 - [TEST_STEP][PASSED] - click: Object: 'Object Repository/PharmacyRequest/Page_Store/button_Add' is clicked on

2018-05-21 12:30:02 - [MESSAGE][PASSED] - Object: 'Object Repository/PharmacyRequest/Page_Store/button_Add' is clicked on

2018-05-21 12:30:02 - [TEST_STEP][PASSED] - Statement - Break: null

2018-05-21 12:30:02 - [TEST_STEP][PASSED] - selectOptionByIndex: All options with index in [11] are selected on object 'Object Repository/PharmacyRequest/Page_Store/select_--Select--Amlodepin -5'

2018-05-21 12:30:02 - [MESSAGE][PASSED] - All options with index in [11] are selected on object 'Object Repository/PharmacyRequest/Page_Store/select_--Select--Amlodepin -5'

2018-05-21 12:30:02 - [TEST_STEP][PASSED] - delay: Delayed 1 second(s)

2018-05-21 12:30:03 - [MESSAGE][PASSED] - Delayed 1 second(s)

2018-05-21 12:30:03 - [TEST_STEP][PASSED] - Statement - RequestedQty = com.kms.katalon.core.webui.keyword.WebUiBuiltInKeywords.getAttribute(com.kms.katalon.core.testobject.ObjectRepository.findTestObject(PharmacyRequest/Page_Store/input_txttotal), "value"): Attribute 'value' of object 'Object Repository/PharmacyRequest/Page_Store/input_txttotal' is: '10'

2018-05-21 12:30:03 - [MESSAGE][PASSED] - Attribute 'value' of object 'Object Repository/PharmacyRequest/Page_Store/input_txttotal' is: '10'

2018-05-21 12:30:03 - [TEST_STEP][PASSED] - Statement - out.println("Requested QTY : " + RequestedQty): null

2018-05-21 12:30:03 - [TEST_STEP][PASSED] - Statement - BatchNumber = com.kms.katalon.core.webui.keyword.WebUiBuiltInKeywords.getNumberOfTotalOption(com.kms.katalon.core.testobject.ObjectRepository.findTestObject(PharmacyRequest/Page_Store/select_--Select--BA50)): 2 options of object 'Object Repository/PharmacyRequest/Page_Store/select_--Select--BA50' counted

2018-05-21 12:30:03 - [MESSAGE][PASSED] - 2 options of object 'Object Repository/PharmacyRequest/Page_Store/select_--Select--BA50' counted

2018-05-21 12:30:04 - [TEST_STEP][PASSED] - Statement - For ([g = 1, g <= BatchNumber - 1, (g++)]): null

2018-05-21 12:30:04 - [TEST_STEP][PASSED] - selectOptionByIndex: All options with index in [1] are selected on object 'Object Repository/PharmacyRequest/Page_Store/select_--Select--BA50'

2018-05-21 12:30:04 - [MESSAGE][PASSED] - All options with index in [1] are selected on object 'Object Repository/PharmacyRequest/Page_Store/select_--Select--BA50'

2018-05-21 12:30:04 - [TEST_STEP][PASSED] - delay: Delayed 1 second(s)

2018-05-21 12:30:05 - [MESSAGE][PASSED] - Delayed 1 second(s)

2018-05-21 12:30:05 - [TEST_STEP][PASSED] - Statement - StockQty = com.kms.katalon.core.webui.keyword.WebUiBuiltInKeywords.getAttribute(com.kms.katalon.core.testobject.ObjectRepository.findTestObject(PharmacyRequest/Page_Store/input_txtprice), "value"): Attribute 'value' of object 'Object Repository/PharmacyRequest/Page_Store/input_txtprice' is: '210'

2018-05-21 12:30:05 - [MESSAGE][PASSED] - Attribute 'value' of object 'Object Repository/PharmacyRequest/Page_Store/input_txtprice' is: '210'

2018-05-21 12:30:05 - [TEST_STEP][PASSED] - Statement - out.println("Stock QTY : " + StockQty): null

2018-05-21 12:30:05 - [TEST_STEP][PASSED] - delay: Delayed 1 second(s)

2018-05-21 12:30:06 - [MESSAGE][PASSED] - Delayed 1 second(s)

2018-05-21 12:30:06 - [TEST_STEP][PASSED] - Statement - If (java.lang.Integer.valueOf(StockQty) >= java.lang.Integer.valueOf(RequestedQty)): null

2018-05-21 12:30:06 - [TEST_STEP][PASSED] - setText: Text '10' is set on object 'Object Repository/PharmacyRequest/Page_Store/input_txtqty'

2018-05-21 12:30:06 - [MESSAGE][PASSED] - Text '10' is set on object 'Object Repository/PharmacyRequest/Page_Store/input_txtqty'

2018-05-21 12:30:06 - [TEST_STEP][PASSED] - click: Object: 'Object Repository/PharmacyRequest/Page_Store/button_Add' is clicked on

2018-05-21 12:30:06 - [MESSAGE][PASSED] - Object: 'Object Repository/PharmacyRequest/Page_Store/button_Add' is clicked on

2018-05-21 12:30:06 - [TEST_STEP][PASSED] - Statement - Break: null

2018-05-21 12:30:06 - [TEST_STEP][PASSED] - selectOptionByIndex: All options with index in [12] are selected on object 'Object Repository/PharmacyRequest/Page_Store/select_--Select--Amlodepin -5'

2018-05-21 12:30:06 - [MESSAGE][PASSED] - All options with index in [12] are selected on object 'Object Repository/PharmacyRequest/Page_Store/select_--Select--Amlodepin -5'

2018-05-21 12:30:06 - [TEST_STEP][PASSED] - delay: Delayed 1 second(s)

2018-05-21 12:30:07 - [MESSAGE][PASSED] - Delayed 1 second(s)

2018-05-21 12:30:07 - [TEST_STEP][PASSED] - Statement - RequestedQty = com.kms.katalon.core.webui.keyword.WebUiBuiltInKeywords.getAttribute(com.kms.katalon.core.testobject.ObjectRepository.findTestObject(PharmacyRequest/Page_Store/input_txttotal), "value"): Attribute 'value' of object 'Object Repository/PharmacyRequest/Page_Store/input_txttotal' is: '10'

2018-05-21 12:30:07 - [MESSAGE][PASSED] - Attribute 'value' of object 'Object Repository/PharmacyRequest/Page_Store/input_txttotal' is: '10'

2018-05-21 12:30:07 - [TEST_STEP][PASSED] - Statement - out.println("Requested QTY : " + RequestedQty): null

2018-05-21 12:30:07 - [TEST_STEP][PASSED] - Statement - BatchNumber = com.kms.katalon.core.webui.keyword.WebUiBuiltInKeywords.getNumberOfTotalOption(com.kms.katalon.core.testobject.ObjectRepository.findTestObject(PharmacyRequest/Page_Store/select_--Select--BA50)): 3 options of object 'Object Repository/PharmacyRequest/Page_Store/select_--Select--BA50' counted

2018-05-21 12:30:07 - [MESSAGE][PASSED] - 3 options of object 'Object Repository/PharmacyRequest/Page_Store/select_--Select--BA50' counted

2018-05-21 12:30:07 - [TEST_STEP][PASSED] - Statement - For ([g = 1, g <= BatchNumber - 1, (g++)]): null

2018-05-21 12:30:07 - [TEST_STEP][PASSED] - selectOptionByIndex: All options with index in [1] are selected on object 'Object Repository/PharmacyRequest/Page_Store/select_--Select--BA50'

2018-05-21 12:30:07 - [MESSAGE][PASSED] - All options with index in [1] are selected on object 'Object Repository/PharmacyRequest/Page_Store/select_--Select--BA50'

2018-05-21 12:30:07 - [TEST_STEP][PASSED] - delay: Delayed 1 second(s)

2018-05-21 12:30:08 - [MESSAGE][PASSED] - Delayed 1 second(s)

2018-05-21 12:30:08 - [TEST_STEP][PASSED] - Statement - StockQty = com.kms.katalon.core.webui.keyword.WebUiBuiltInKeywords.getAttribute(com.kms.katalon.core.testobject.ObjectRepository.findTestObject(PharmacyRequest/Page_Store/input_txtprice), "value"): Attribute 'value' of object 'Object Repository/PharmacyRequest/Page_Store/input_txtprice' is: '170'

2018-05-21 12:30:08 - [MESSAGE][PASSED] - Attribute 'value' of object 'Object Repository/PharmacyRequest/Page_Store/input_txtprice' is: '170'

2018-05-21 12:30:08 - [TEST_STEP][PASSED] - Statement - out.println("Stock QTY : " + StockQty): null

2018-05-21 12:30:08 - [TEST_STEP][PASSED] - delay: Delayed 1 second(s)

2018-05-21 12:30:09 - [MESSAGE][PASSED] - Delayed 1 second(s)

2018-05-21 12:30:09 - [TEST_STEP][PASSED] - Statement - If (java.lang.Integer.valueOf(StockQty) >= java.lang.Integer.valueOf(RequestedQty)): null

2018-05-21 12:30:09 - [TEST_STEP][PASSED] - setText: Text '10' is set on object 'Object Repository/PharmacyRequest/Page_Store/input_txtqty'

2018-05-21 12:30:09 - [MESSAGE][PASSED] - Text '10' is set on object 'Object Repository/PharmacyRequest/Page_Store/input_txtqty'

2018-05-21 12:30:09 - [TEST_STEP][PASSED] - click: Object: 'Object Repository/PharmacyRequest/Page_Store/button_Add' is clicked on

2018-05-21 12:30:09 - [MESSAGE][PASSED] - Object: 'Object Repository/PharmacyRequest/Page_Store/button_Add' is clicked on

2018-05-21 12:30:09 - [TEST_STEP][PASSED] - Statement - Break: null

2018-05-21 12:30:09 - [TEST_STEP][PASSED] - selectOptionByIndex: All options with index in [13] are selected on object 'Object Repository/PharmacyRequest/Page_Store/select_--Select--Amlodepin -5'

2018-05-21 12:30:10 - [MESSAGE][PASSED] - All options with index in [13] are selected on object 'Object Repository/PharmacyRequest/Page_Store/select_--Select--Amlodepin -5'

2018-05-21 12:30:10 - [TEST_STEP][PASSED] - delay: Delayed 1 second(s)

2018-05-21 12:30:11 - [MESSAGE][PASSED] - Delayed 1 second(s)

2018-05-21 12:30:11 - [TEST_STEP][PASSED] - Statement - RequestedQty = com.kms.katalon.core.webui.keyword.WebUiBuiltInKeywords.getAttribute(com.kms.katalon.core.testobject.ObjectRepository.findTestObject(PharmacyRequest/Page_Store/input_txttotal), "value"): Attribute 'value' of object 'Object Repository/PharmacyRequest/Page_Store/input_txttotal' is: '10'

2018-05-21 12:30:11 - [MESSAGE][PASSED] - Attribute 'value' of object 'Object Repository/PharmacyRequest/Page_Store/input_txttotal' is: '10'

2018-05-21 12:30:11 - [TEST_STEP][PASSED] - Statement - out.println("Requested QTY : " + RequestedQty): null

2018-05-21 12:30:11 - [TEST_STEP][PASSED] - Statement - BatchNumber = com.kms.katalon.core.webui.keyword.WebUiBuiltInKeywords.getNumberOfTotalOption(com.kms.katalon.core.testobject.ObjectRepository.findTestObject(PharmacyRequest/Page_Store/select_--Select--BA50)): 3 options of object 'Object Repository/PharmacyRequest/Page_Store/select_--Select--BA50' counted

2018-05-21 12:30:11 - [MESSAGE][PASSED] - 3 options of object 'Object Repository/PharmacyRequest/Page_Store/select_--Select--BA50' counted

2018-05-21 12:30:11 - [TEST_STEP][PASSED] - Statement - For ([g = 1, g <= BatchNumber - 1, (g++)]): null

2018-05-21 12:30:11 - [TEST_STEP][PASSED] - selectOptionByIndex: All options with index in [1] are selected on object 'Object Repository/PharmacyRequest/Page_Store/select_--Select--BA50'

2018-05-21 12:30:11 - [MESSAGE][PASSED] - All options with index in [1] are selected on object 'Object Repository/PharmacyRequest/Page_Store/select_--Select--BA50'

2018-05-21 12:30:11 - [TEST_STEP][PASSED] - delay: Delayed 1 second(s)

2018-05-21 12:30:12 - [MESSAGE][PASSED] - Delayed 1 second(s)

2018-05-21 12:30:12 - [TEST_STEP][PASSED] - Statement - StockQty = com.kms.katalon.core.webui.keyword.WebUiBuiltInKeywords.getAttribute(com.kms.katalon.core.testobject.ObjectRepository.findTestObject(PharmacyRequest/Page_Store/input_txtprice), "value"): Attribute 'value' of object 'Object Repository/PharmacyRequest/Page_Store/input_txtprice' is: '170'

2018-05-21 12:30:12 - [MESSAGE][PASSED] - Attribute 'value' of object 'Object Repository/PharmacyRequest/Page_Store/input_txtprice' is: '170'

2018-05-21 12:30:12 - [TEST_STEP][PASSED] - Statement - out.println("Stock QTY : " + StockQty): null

2018-05-21 12:30:12 - [TEST_STEP][PASSED] - delay: Delayed 1 second(s)

2018-05-21 12:30:13 - [MESSAGE][PASSED] - Delayed 1 second(s)

2018-05-21 12:30:13 - [TEST_STEP][PASSED] - Statement - If (java.lang.Integer.valueOf(StockQty) >= java.lang.Integer.valueOf(RequestedQty)): null

2018-05-21 12:30:13 - [TEST_STEP][PASSED] - setText: Text '10' is set on object 'Object Repository/PharmacyRequest/Page_Store/input_txtqty'

2018-05-21 12:30:13 - [MESSAGE][PASSED] - Text '10' is set on object 'Object Repository/PharmacyRequest/Page_Store/input_txtqty'

2018-05-21 12:30:13 - [TEST_STEP][PASSED] - click: Object: 'Object Repository/PharmacyRequest/Page_Store/button_Add' is clicked on

2018-05-21 12:30:13 - [MESSAGE][PASSED] - Object: 'Object Repository/PharmacyRequest/Page_Store/button_Add' is clicked on

2018-05-21 12:30:13 - [TEST_STEP][PASSED] - Statement - Break: null

2018-05-21 12:30:13 - [TEST_STEP][PASSED] - scrollToElement: Scroll to object 'Object Repository/PharmacyRequest/Page_Store/input_btnSubmit' successfully

2018-05-21 12:30:13 - [MESSAGE][PASSED] - Scroll to object 'Object Repository/PharmacyRequest/Page_Store/input_btnSubmit' successfully

2018-05-21 12:30:13 - [TEST_STEP][PASSED] - click: Object: 'Object Repository/PharmacyRequest/Page_Store/input_btnSubmit' is clicked on

2018-05-21 12:30:13 - [MESSAGE][PASSED] - Object: 'Object Repository/PharmacyRequest/Page_Store/input_btnSubmit' is clicked on

2018-05-21 12:30:13 - [TEST_STEP][PASSED] - delay: Delayed 3 second(s)

2018-05-21 12:30:16 - [MESSAGE][PASSED] - Delayed 3 second(s)

2018-05-21 12:30:16 - [TEST_STEP][PASSED] - click: Object: 'Object Repository/PharmacyRequest/Page_Store/button_OK' is clicked on

2018-05-21 12:30:17 - [MESSAGE][PASSED] - Object: 'Object Repository/PharmacyRequest/Page_Store/button_OK' is clicked on

2018-05-21 12:30:17 - [TEST_STEP][PASSED] - delay: Delayed 3 second(s)

2018-05-21 12:30:20 - [MESSAGE][PASSED] - Delayed 3 second(s)

2018-05-21 12:30:20 - [TEST_STEP][PASSED] - click: Object: 'Object Repository/PharmacyRequest/Page_Store/a_dropdown-toggle' is clicked on

2018-05-21 12:30:21 - [MESSAGE][PASSED] - Object: 'Object Repository/PharmacyRequest/Page_Store/a_dropdown-toggle' is clicked on

2018-05-21 12:30:21 - [TEST_STEP][PASSED] - click: Object: 'Object Repository/PharmacyRequest/Page_Store/a_Sign out' is clicked on

2018-05-21 12:30:21 - [MESSAGE][PASSED] - Object: 'Object Repository/PharmacyRequest/Page_Store/a_Sign out' is clicked on

2018-05-21 12:30:21 - [TEST_STEP][PASSED] - closeBrowser: Browser is closed

2018-05-21 12:30:22 - [MESSAGE][PASSED] - Browser is closed

2018-05-21 12:30:22 - [TEST_STEP][PASSED] - Statement - out.println("Schedule 6 Pharmacy Request Are Working Successfully"): null]]></system-out>
         <system-err><![CDATA[]]></system-err>
      </testcase>
      <testcase name="Test Cases/PHARMACY TEST CASES/TC_PHAR_007 Verify Schedule 7 Pharmacy Request Are Working Successfully Or Not" classname="Test Cases/PHARMACY TEST CASES/TC_PHAR_007 Verify Schedule 7 Pharmacy Request Are Working Successfully Or Not" status="PASSED">
         <system-out><![CDATA[2018-05-21 12:30:22 - [TEST_CASE][PASSED] - Test Cases/PHARMACY TEST CASES/TC_PHAR_007 Verify Schedule 7 Pharmacy Request Are Working Successfully Or Not: Test Cases/PHARMACY TEST CASES/TC_PHAR_007 Verify Schedule 7 Pharmacy Request Are Working Successfully Or Not

2018-05-21 12:30:22 - [TEST_STEP][PASSED] - openBrowser: Browser is opened with url: ''

2018-05-21 12:30:24 - [MESSAGE][PASSED] - Browser is opened with url: ''

2018-05-21 12:30:24 - [TEST_STEP][PASSED] - Statement - out.println("Verify Schedule 7 Pharmacy Request Are Working Successfully Or Not"): null

2018-05-21 12:30:24 - [TEST_STEP][PASSED] - navigateToUrl: Navigate to 'http://192.168.137.1/multihospital_new/' successfully

2018-05-21 12:30:27 - [MESSAGE][PASSED] - Navigate to 'http://192.168.137.1/multihospital_new/' successfully

2018-05-21 12:30:27 - [TEST_STEP][PASSED] - maximizeWindow: Current window maximized

2018-05-21 12:30:28 - [MESSAGE][PASSED] - Current window maximized

2018-05-21 12:30:28 - [TEST_STEP][PASSED] - click: Object: 'Object Repository/PharmacyRequest/Page_KDMC/a_Pharmacy' is clicked on

2018-05-21 12:30:29 - [MESSAGE][PASSED] - Object: 'Object Repository/PharmacyRequest/Page_KDMC/a_Pharmacy' is clicked on

2018-05-21 12:30:29 - [TEST_STEP][PASSED] - setText: Text 'raja' is set on object 'Object Repository/PharmacyRequest/Page_Pharmacy login/input_txtusername'

2018-05-21 12:30:29 - [MESSAGE][PASSED] - Text 'raja' is set on object 'Object Repository/PharmacyRequest/Page_Pharmacy login/input_txtusername'

2018-05-21 12:30:29 - [TEST_STEP][PASSED] - setText: Text '123' is set on object 'Object Repository/PharmacyRequest/Page_Pharmacy login/input_txtpassword'

2018-05-21 12:30:29 - [MESSAGE][PASSED] - Text '123' is set on object 'Object Repository/PharmacyRequest/Page_Pharmacy login/input_txtpassword'

2018-05-21 12:30:29 - [TEST_STEP][PASSED] - delay: Delayed 3 second(s)

2018-05-21 12:30:32 - [MESSAGE][PASSED] - Delayed 3 second(s)

2018-05-21 12:30:32 - [TEST_STEP][PASSED] - click: Object: 'Object Repository/PharmacyRequest/Page_Pharmacy login/button_Sign in' is clicked on

2018-05-21 12:30:33 - [MESSAGE][PASSED] - Object: 'Object Repository/PharmacyRequest/Page_Pharmacy login/button_Sign in' is clicked on

2018-05-21 12:30:33 - [TEST_STEP][PASSED] - delay: Delayed 3 second(s)

2018-05-21 12:30:36 - [MESSAGE][PASSED] - Delayed 3 second(s)

2018-05-21 12:30:36 - [TEST_STEP][PASSED] - click: Object: 'Object Repository/PharmacyRequest/Page_KDMC - Pharmacy/a_Inventory' is clicked on

2018-05-21 12:30:37 - [MESSAGE][PASSED] - Object: 'Object Repository/PharmacyRequest/Page_KDMC - Pharmacy/a_Inventory' is clicked on

2018-05-21 12:30:37 - [TEST_STEP][PASSED] - delay: Delayed 3 second(s)

2018-05-21 12:30:40 - [MESSAGE][PASSED] - Delayed 3 second(s)

2018-05-21 12:30:40 - [TEST_STEP][PASSED] - click: Object: 'Object Repository/PharmacyRequest/Page_KDMC-Pharmacy/a_Store Request' is clicked on

2018-05-21 12:30:40 - [MESSAGE][PASSED] - Object: 'Object Repository/PharmacyRequest/Page_KDMC-Pharmacy/a_Store Request' is clicked on

2018-05-21 12:30:40 - [TEST_STEP][PASSED] - click: Object: 'Object Repository/PharmacyRequest/Page_KDMC-Pharmacy/a_Medicine Request' is clicked on

2018-05-21 12:30:42 - [MESSAGE][PASSED] - Object: 'Object Repository/PharmacyRequest/Page_KDMC-Pharmacy/a_Medicine Request' is clicked on

2018-05-21 12:30:42 - [TEST_STEP][PASSED] - selectOptionByIndex: All options with index in [7] are selected on object 'Object Repository/PharmacyRequest/Page_KDMC-Pharmacy/select_--Select--Schedule 1Inj'

2018-05-21 12:30:42 - [MESSAGE][PASSED] - All options with index in [7] are selected on object 'Object Repository/PharmacyRequest/Page_KDMC-Pharmacy/select_--Select--Schedule 1Inj'

2018-05-21 12:30:42 - [TEST_STEP][PASSED] - Statement - MedicineLength = com.kms.katalon.core.webui.keyword.WebUiBuiltInKeywords.getNumberOfTotalOption(com.kms.katalon.core.testobject.ObjectRepository.findTestObject(PharmacyRequest/Page_KDMC-Pharmacy/select_--Select--Albendazole)): 24 options of object 'Object Repository/PharmacyRequest/Page_KDMC-Pharmacy/select_--Select--Albendazole' counted

2018-05-21 12:30:42 - [MESSAGE][PASSED] - 24 options of object 'Object Repository/PharmacyRequest/Page_KDMC-Pharmacy/select_--Select--Albendazole' counted

2018-05-21 12:30:42 - [TEST_STEP][PASSED] - Statement - For ([l = 1, l <= MedicineLength - 1, (l++)]): Object: 'Object Repository/PharmacyRequest/Page_KDMC-Pharmacy/button_Add' is clicked on

2018-05-21 12:30:42 - [TEST_STEP][PASSED] - selectOptionByIndex: All options with index in [7] are selected on object 'Object Repository/PharmacyRequest/Page_KDMC-Pharmacy/select_--Select--Schedule 1Inj'

2018-05-21 12:30:42 - [MESSAGE][PASSED] - All options with index in [7] are selected on object 'Object Repository/PharmacyRequest/Page_KDMC-Pharmacy/select_--Select--Schedule 1Inj'

2018-05-21 12:30:42 - [TEST_STEP][PASSED] - selectOptionByIndex: All options with index in [1] are selected on object 'Object Repository/PharmacyRequest/Page_KDMC-Pharmacy/select_--Select--Albendazole'

2018-05-21 12:30:42 - [MESSAGE][PASSED] - All options with index in [1] are selected on object 'Object Repository/PharmacyRequest/Page_KDMC-Pharmacy/select_--Select--Albendazole'

2018-05-21 12:30:42 - [TEST_STEP][PASSED] - setText: Text '10' is set on object 'Object Repository/PharmacyRequest/Page_KDMC-Pharmacy/input_txttreat'

2018-05-21 12:30:42 - [MESSAGE][PASSED] - Text '10' is set on object 'Object Repository/PharmacyRequest/Page_KDMC-Pharmacy/input_txttreat'

2018-05-21 12:30:42 - [TEST_STEP][PASSED] - click: Object: 'Object Repository/PharmacyRequest/Page_KDMC-Pharmacy/button_Add' is clicked on

2018-05-21 12:30:42 - [MESSAGE][PASSED] - Object: 'Object Repository/PharmacyRequest/Page_KDMC-Pharmacy/button_Add' is clicked on

2018-05-21 12:30:42 - [TEST_STEP][PASSED] - selectOptionByIndex: All options with index in [7] are selected on object 'Object Repository/PharmacyRequest/Page_KDMC-Pharmacy/select_--Select--Schedule 1Inj'

2018-05-21 12:30:42 - [MESSAGE][PASSED] - All options with index in [7] are selected on object 'Object Repository/PharmacyRequest/Page_KDMC-Pharmacy/select_--Select--Schedule 1Inj'

2018-05-21 12:30:42 - [TEST_STEP][PASSED] - selectOptionByIndex: All options with index in [2] are selected on object 'Object Repository/PharmacyRequest/Page_KDMC-Pharmacy/select_--Select--Albendazole'

2018-05-21 12:30:43 - [MESSAGE][PASSED] - All options with index in [2] are selected on object 'Object Repository/PharmacyRequest/Page_KDMC-Pharmacy/select_--Select--Albendazole'

2018-05-21 12:30:43 - [TEST_STEP][PASSED] - setText: Text '10' is set on object 'Object Repository/PharmacyRequest/Page_KDMC-Pharmacy/input_txttreat'

2018-05-21 12:30:43 - [MESSAGE][PASSED] - Text '10' is set on object 'Object Repository/PharmacyRequest/Page_KDMC-Pharmacy/input_txttreat'

2018-05-21 12:30:43 - [TEST_STEP][PASSED] - click: Object: 'Object Repository/PharmacyRequest/Page_KDMC-Pharmacy/button_Add' is clicked on

2018-05-21 12:30:43 - [MESSAGE][PASSED] - Object: 'Object Repository/PharmacyRequest/Page_KDMC-Pharmacy/button_Add' is clicked on

2018-05-21 12:30:43 - [TEST_STEP][PASSED] - selectOptionByIndex: All options with index in [7] are selected on object 'Object Repository/PharmacyRequest/Page_KDMC-Pharmacy/select_--Select--Schedule 1Inj'

2018-05-21 12:30:43 - [MESSAGE][PASSED] - All options with index in [7] are selected on object 'Object Repository/PharmacyRequest/Page_KDMC-Pharmacy/select_--Select--Schedule 1Inj'

2018-05-21 12:30:43 - [TEST_STEP][PASSED] - selectOptionByIndex: All options with index in [3] are selected on object 'Object Repository/PharmacyRequest/Page_KDMC-Pharmacy/select_--Select--Albendazole'

2018-05-21 12:30:43 - [MESSAGE][PASSED] - All options with index in [3] are selected on object 'Object Repository/PharmacyRequest/Page_KDMC-Pharmacy/select_--Select--Albendazole'

2018-05-21 12:30:43 - [TEST_STEP][PASSED] - setText: Text '10' is set on object 'Object Repository/PharmacyRequest/Page_KDMC-Pharmacy/input_txttreat'

2018-05-21 12:30:43 - [MESSAGE][PASSED] - Text '10' is set on object 'Object Repository/PharmacyRequest/Page_KDMC-Pharmacy/input_txttreat'

2018-05-21 12:30:43 - [TEST_STEP][PASSED] - click: Object: 'Object Repository/PharmacyRequest/Page_KDMC-Pharmacy/button_Add' is clicked on

2018-05-21 12:30:43 - [MESSAGE][PASSED] - Object: 'Object Repository/PharmacyRequest/Page_KDMC-Pharmacy/button_Add' is clicked on

2018-05-21 12:30:43 - [TEST_STEP][PASSED] - selectOptionByIndex: All options with index in [7] are selected on object 'Object Repository/PharmacyRequest/Page_KDMC-Pharmacy/select_--Select--Schedule 1Inj'

2018-05-21 12:30:43 - [MESSAGE][PASSED] - All options with index in [7] are selected on object 'Object Repository/PharmacyRequest/Page_KDMC-Pharmacy/select_--Select--Schedule 1Inj'

2018-05-21 12:30:43 - [TEST_STEP][PASSED] - selectOptionByIndex: All options with index in [4] are selected on object 'Object Repository/PharmacyRequest/Page_KDMC-Pharmacy/select_--Select--Albendazole'

2018-05-21 12:30:43 - [MESSAGE][PASSED] - All options with index in [4] are selected on object 'Object Repository/PharmacyRequest/Page_KDMC-Pharmacy/select_--Select--Albendazole'

2018-05-21 12:30:43 - [TEST_STEP][PASSED] - setText: Text '10' is set on object 'Object Repository/PharmacyRequest/Page_KDMC-Pharmacy/input_txttreat'

2018-05-21 12:30:44 - [MESSAGE][PASSED] - Text '10' is set on object 'Object Repository/PharmacyRequest/Page_KDMC-Pharmacy/input_txttreat'

2018-05-21 12:30:44 - [TEST_STEP][PASSED] - click: Object: 'Object Repository/PharmacyRequest/Page_KDMC-Pharmacy/button_Add' is clicked on

2018-05-21 12:30:44 - [MESSAGE][PASSED] - Object: 'Object Repository/PharmacyRequest/Page_KDMC-Pharmacy/button_Add' is clicked on

2018-05-21 12:30:44 - [TEST_STEP][PASSED] - selectOptionByIndex: All options with index in [7] are selected on object 'Object Repository/PharmacyRequest/Page_KDMC-Pharmacy/select_--Select--Schedule 1Inj'

2018-05-21 12:30:44 - [MESSAGE][PASSED] - All options with index in [7] are selected on object 'Object Repository/PharmacyRequest/Page_KDMC-Pharmacy/select_--Select--Schedule 1Inj'

2018-05-21 12:30:44 - [TEST_STEP][PASSED] - selectOptionByIndex: All options with index in [5] are selected on object 'Object Repository/PharmacyRequest/Page_KDMC-Pharmacy/select_--Select--Albendazole'

2018-05-21 12:30:44 - [MESSAGE][PASSED] - All options with index in [5] are selected on object 'Object Repository/PharmacyRequest/Page_KDMC-Pharmacy/select_--Select--Albendazole'

2018-05-21 12:30:44 - [TEST_STEP][PASSED] - setText: Text '10' is set on object 'Object Repository/PharmacyRequest/Page_KDMC-Pharmacy/input_txttreat'

2018-05-21 12:30:44 - [MESSAGE][PASSED] - Text '10' is set on object 'Object Repository/PharmacyRequest/Page_KDMC-Pharmacy/input_txttreat'

2018-05-21 12:30:44 - [TEST_STEP][PASSED] - click: Object: 'Object Repository/PharmacyRequest/Page_KDMC-Pharmacy/button_Add' is clicked on

2018-05-21 12:30:44 - [MESSAGE][PASSED] - Object: 'Object Repository/PharmacyRequest/Page_KDMC-Pharmacy/button_Add' is clicked on

2018-05-21 12:30:44 - [TEST_STEP][PASSED] - selectOptionByIndex: All options with index in [7] are selected on object 'Object Repository/PharmacyRequest/Page_KDMC-Pharmacy/select_--Select--Schedule 1Inj'

2018-05-21 12:30:44 - [MESSAGE][PASSED] - All options with index in [7] are selected on object 'Object Repository/PharmacyRequest/Page_KDMC-Pharmacy/select_--Select--Schedule 1Inj'

2018-05-21 12:30:44 - [TEST_STEP][PASSED] - selectOptionByIndex: All options with index in [6] are selected on object 'Object Repository/PharmacyRequest/Page_KDMC-Pharmacy/select_--Select--Albendazole'

2018-05-21 12:30:44 - [MESSAGE][PASSED] - All options with index in [6] are selected on object 'Object Repository/PharmacyRequest/Page_KDMC-Pharmacy/select_--Select--Albendazole'

2018-05-21 12:30:44 - [TEST_STEP][PASSED] - setText: Text '10' is set on object 'Object Repository/PharmacyRequest/Page_KDMC-Pharmacy/input_txttreat'

2018-05-21 12:30:44 - [MESSAGE][PASSED] - Text '10' is set on object 'Object Repository/PharmacyRequest/Page_KDMC-Pharmacy/input_txttreat'

2018-05-21 12:30:44 - [TEST_STEP][PASSED] - click: Object: 'Object Repository/PharmacyRequest/Page_KDMC-Pharmacy/button_Add' is clicked on

2018-05-21 12:30:44 - [MESSAGE][PASSED] - Object: 'Object Repository/PharmacyRequest/Page_KDMC-Pharmacy/button_Add' is clicked on

2018-05-21 12:30:44 - [TEST_STEP][PASSED] - selectOptionByIndex: All options with index in [7] are selected on object 'Object Repository/PharmacyRequest/Page_KDMC-Pharmacy/select_--Select--Schedule 1Inj'

2018-05-21 12:30:45 - [MESSAGE][PASSED] - All options with index in [7] are selected on object 'Object Repository/PharmacyRequest/Page_KDMC-Pharmacy/select_--Select--Schedule 1Inj'

2018-05-21 12:30:45 - [TEST_STEP][PASSED] - selectOptionByIndex: All options with index in [7] are selected on object 'Object Repository/PharmacyRequest/Page_KDMC-Pharmacy/select_--Select--Albendazole'

2018-05-21 12:30:45 - [MESSAGE][PASSED] - All options with index in [7] are selected on object 'Object Repository/PharmacyRequest/Page_KDMC-Pharmacy/select_--Select--Albendazole'

2018-05-21 12:30:45 - [TEST_STEP][PASSED] - setText: Text '10' is set on object 'Object Repository/PharmacyRequest/Page_KDMC-Pharmacy/input_txttreat'

2018-05-21 12:30:45 - [MESSAGE][PASSED] - Text '10' is set on object 'Object Repository/PharmacyRequest/Page_KDMC-Pharmacy/input_txttreat'

2018-05-21 12:30:45 - [TEST_STEP][PASSED] - click: Object: 'Object Repository/PharmacyRequest/Page_KDMC-Pharmacy/button_Add' is clicked on

2018-05-21 12:30:45 - [MESSAGE][PASSED] - Object: 'Object Repository/PharmacyRequest/Page_KDMC-Pharmacy/button_Add' is clicked on

2018-05-21 12:30:45 - [TEST_STEP][PASSED] - selectOptionByIndex: All options with index in [7] are selected on object 'Object Repository/PharmacyRequest/Page_KDMC-Pharmacy/select_--Select--Schedule 1Inj'

2018-05-21 12:30:45 - [MESSAGE][PASSED] - All options with index in [7] are selected on object 'Object Repository/PharmacyRequest/Page_KDMC-Pharmacy/select_--Select--Schedule 1Inj'

2018-05-21 12:30:45 - [TEST_STEP][PASSED] - selectOptionByIndex: All options with index in [8] are selected on object 'Object Repository/PharmacyRequest/Page_KDMC-Pharmacy/select_--Select--Albendazole'

2018-05-21 12:30:45 - [MESSAGE][PASSED] - All options with index in [8] are selected on object 'Object Repository/PharmacyRequest/Page_KDMC-Pharmacy/select_--Select--Albendazole'

2018-05-21 12:30:45 - [TEST_STEP][PASSED] - setText: Text '10' is set on object 'Object Repository/PharmacyRequest/Page_KDMC-Pharmacy/input_txttreat'

2018-05-21 12:30:45 - [MESSAGE][PASSED] - Text '10' is set on object 'Object Repository/PharmacyRequest/Page_KDMC-Pharmacy/input_txttreat'

2018-05-21 12:30:45 - [TEST_STEP][PASSED] - click: Object: 'Object Repository/PharmacyRequest/Page_KDMC-Pharmacy/button_Add' is clicked on

2018-05-21 12:30:45 - [MESSAGE][PASSED] - Object: 'Object Repository/PharmacyRequest/Page_KDMC-Pharmacy/button_Add' is clicked on

2018-05-21 12:30:45 - [TEST_STEP][PASSED] - selectOptionByIndex: All options with index in [7] are selected on object 'Object Repository/PharmacyRequest/Page_KDMC-Pharmacy/select_--Select--Schedule 1Inj'

2018-05-21 12:30:45 - [MESSAGE][PASSED] - All options with index in [7] are selected on object 'Object Repository/PharmacyRequest/Page_KDMC-Pharmacy/select_--Select--Schedule 1Inj'

2018-05-21 12:30:45 - [TEST_STEP][PASSED] - selectOptionByIndex: All options with index in [9] are selected on object 'Object Repository/PharmacyRequest/Page_KDMC-Pharmacy/select_--Select--Albendazole'

2018-05-21 12:30:46 - [MESSAGE][PASSED] - All options with index in [9] are selected on object 'Object Repository/PharmacyRequest/Page_KDMC-Pharmacy/select_--Select--Albendazole'

2018-05-21 12:30:46 - [TEST_STEP][PASSED] - setText: Text '10' is set on object 'Object Repository/PharmacyRequest/Page_KDMC-Pharmacy/input_txttreat'

2018-05-21 12:30:46 - [MESSAGE][PASSED] - Text '10' is set on object 'Object Repository/PharmacyRequest/Page_KDMC-Pharmacy/input_txttreat'

2018-05-21 12:30:46 - [TEST_STEP][PASSED] - click: Object: 'Object Repository/PharmacyRequest/Page_KDMC-Pharmacy/button_Add' is clicked on

2018-05-21 12:30:46 - [MESSAGE][PASSED] - Object: 'Object Repository/PharmacyRequest/Page_KDMC-Pharmacy/button_Add' is clicked on

2018-05-21 12:30:46 - [TEST_STEP][PASSED] - selectOptionByIndex: All options with index in [7] are selected on object 'Object Repository/PharmacyRequest/Page_KDMC-Pharmacy/select_--Select--Schedule 1Inj'

2018-05-21 12:30:46 - [MESSAGE][PASSED] - All options with index in [7] are selected on object 'Object Repository/PharmacyRequest/Page_KDMC-Pharmacy/select_--Select--Schedule 1Inj'

2018-05-21 12:30:46 - [TEST_STEP][PASSED] - selectOptionByIndex: All options with index in [10] are selected on object 'Object Repository/PharmacyRequest/Page_KDMC-Pharmacy/select_--Select--Albendazole'

2018-05-21 12:30:46 - [MESSAGE][PASSED] - All options with index in [10] are selected on object 'Object Repository/PharmacyRequest/Page_KDMC-Pharmacy/select_--Select--Albendazole'

2018-05-21 12:30:46 - [TEST_STEP][PASSED] - setText: Text '10' is set on object 'Object Repository/PharmacyRequest/Page_KDMC-Pharmacy/input_txttreat'

2018-05-21 12:30:46 - [MESSAGE][PASSED] - Text '10' is set on object 'Object Repository/PharmacyRequest/Page_KDMC-Pharmacy/input_txttreat'

2018-05-21 12:30:46 - [TEST_STEP][PASSED] - click: Object: 'Object Repository/PharmacyRequest/Page_KDMC-Pharmacy/button_Add' is clicked on

2018-05-21 12:30:46 - [MESSAGE][PASSED] - Object: 'Object Repository/PharmacyRequest/Page_KDMC-Pharmacy/button_Add' is clicked on

2018-05-21 12:30:46 - [TEST_STEP][PASSED] - selectOptionByIndex: All options with index in [7] are selected on object 'Object Repository/PharmacyRequest/Page_KDMC-Pharmacy/select_--Select--Schedule 1Inj'

2018-05-21 12:30:46 - [MESSAGE][PASSED] - All options with index in [7] are selected on object 'Object Repository/PharmacyRequest/Page_KDMC-Pharmacy/select_--Select--Schedule 1Inj'

2018-05-21 12:30:46 - [TEST_STEP][PASSED] - selectOptionByIndex: All options with index in [11] are selected on object 'Object Repository/PharmacyRequest/Page_KDMC-Pharmacy/select_--Select--Albendazole'

2018-05-21 12:30:46 - [MESSAGE][PASSED] - All options with index in [11] are selected on object 'Object Repository/PharmacyRequest/Page_KDMC-Pharmacy/select_--Select--Albendazole'

2018-05-21 12:30:46 - [TEST_STEP][PASSED] - setText: Text '10' is set on object 'Object Repository/PharmacyRequest/Page_KDMC-Pharmacy/input_txttreat'

2018-05-21 12:30:46 - [MESSAGE][PASSED] - Text '10' is set on object 'Object Repository/PharmacyRequest/Page_KDMC-Pharmacy/input_txttreat'

2018-05-21 12:30:46 - [TEST_STEP][PASSED] - click: Object: 'Object Repository/PharmacyRequest/Page_KDMC-Pharmacy/button_Add' is clicked on

2018-05-21 12:30:47 - [MESSAGE][PASSED] - Object: 'Object Repository/PharmacyRequest/Page_KDMC-Pharmacy/button_Add' is clicked on

2018-05-21 12:30:47 - [TEST_STEP][PASSED] - selectOptionByIndex: All options with index in [7] are selected on object 'Object Repository/PharmacyRequest/Page_KDMC-Pharmacy/select_--Select--Schedule 1Inj'

2018-05-21 12:30:47 - [MESSAGE][PASSED] - All options with index in [7] are selected on object 'Object Repository/PharmacyRequest/Page_KDMC-Pharmacy/select_--Select--Schedule 1Inj'

2018-05-21 12:30:47 - [TEST_STEP][PASSED] - selectOptionByIndex: All options with index in [12] are selected on object 'Object Repository/PharmacyRequest/Page_KDMC-Pharmacy/select_--Select--Albendazole'

2018-05-21 12:30:47 - [MESSAGE][PASSED] - All options with index in [12] are selected on object 'Object Repository/PharmacyRequest/Page_KDMC-Pharmacy/select_--Select--Albendazole'

2018-05-21 12:30:47 - [TEST_STEP][PASSED] - setText: Text '10' is set on object 'Object Repository/PharmacyRequest/Page_KDMC-Pharmacy/input_txttreat'

2018-05-21 12:30:47 - [MESSAGE][PASSED] - Text '10' is set on object 'Object Repository/PharmacyRequest/Page_KDMC-Pharmacy/input_txttreat'

2018-05-21 12:30:47 - [TEST_STEP][PASSED] - click: Object: 'Object Repository/PharmacyRequest/Page_KDMC-Pharmacy/button_Add' is clicked on

2018-05-21 12:30:47 - [MESSAGE][PASSED] - Object: 'Object Repository/PharmacyRequest/Page_KDMC-Pharmacy/button_Add' is clicked on

2018-05-21 12:30:47 - [TEST_STEP][PASSED] - selectOptionByIndex: All options with index in [7] are selected on object 'Object Repository/PharmacyRequest/Page_KDMC-Pharmacy/select_--Select--Schedule 1Inj'

2018-05-21 12:30:47 - [MESSAGE][PASSED] - All options with index in [7] are selected on object 'Object Repository/PharmacyRequest/Page_KDMC-Pharmacy/select_--Select--Schedule 1Inj'

2018-05-21 12:30:47 - [TEST_STEP][PASSED] - selectOptionByIndex: All options with index in [13] are selected on object 'Object Repository/PharmacyRequest/Page_KDMC-Pharmacy/select_--Select--Albendazole'

2018-05-21 12:30:47 - [MESSAGE][PASSED] - All options with index in [13] are selected on object 'Object Repository/PharmacyRequest/Page_KDMC-Pharmacy/select_--Select--Albendazole'

2018-05-21 12:30:47 - [TEST_STEP][PASSED] - setText: Text '10' is set on object 'Object Repository/PharmacyRequest/Page_KDMC-Pharmacy/input_txttreat'

2018-05-21 12:30:47 - [MESSAGE][PASSED] - Text '10' is set on object 'Object Repository/PharmacyRequest/Page_KDMC-Pharmacy/input_txttreat'

2018-05-21 12:30:47 - [TEST_STEP][PASSED] - click: Object: 'Object Repository/PharmacyRequest/Page_KDMC-Pharmacy/button_Add' is clicked on

2018-05-21 12:30:47 - [MESSAGE][PASSED] - Object: 'Object Repository/PharmacyRequest/Page_KDMC-Pharmacy/button_Add' is clicked on

2018-05-21 12:30:47 - [TEST_STEP][PASSED] - selectOptionByIndex: All options with index in [7] are selected on object 'Object Repository/PharmacyRequest/Page_KDMC-Pharmacy/select_--Select--Schedule 1Inj'

2018-05-21 12:30:48 - [MESSAGE][PASSED] - All options with index in [7] are selected on object 'Object Repository/PharmacyRequest/Page_KDMC-Pharmacy/select_--Select--Schedule 1Inj'

2018-05-21 12:30:48 - [TEST_STEP][PASSED] - selectOptionByIndex: All options with index in [14] are selected on object 'Object Repository/PharmacyRequest/Page_KDMC-Pharmacy/select_--Select--Albendazole'

2018-05-21 12:30:48 - [MESSAGE][PASSED] - All options with index in [14] are selected on object 'Object Repository/PharmacyRequest/Page_KDMC-Pharmacy/select_--Select--Albendazole'

2018-05-21 12:30:48 - [TEST_STEP][PASSED] - setText: Text '10' is set on object 'Object Repository/PharmacyRequest/Page_KDMC-Pharmacy/input_txttreat'

2018-05-21 12:30:48 - [MESSAGE][PASSED] - Text '10' is set on object 'Object Repository/PharmacyRequest/Page_KDMC-Pharmacy/input_txttreat'

2018-05-21 12:30:48 - [TEST_STEP][PASSED] - click: Object: 'Object Repository/PharmacyRequest/Page_KDMC-Pharmacy/button_Add' is clicked on

2018-05-21 12:30:48 - [MESSAGE][PASSED] - Object: 'Object Repository/PharmacyRequest/Page_KDMC-Pharmacy/button_Add' is clicked on

2018-05-21 12:30:48 - [TEST_STEP][PASSED] - selectOptionByIndex: All options with index in [7] are selected on object 'Object Repository/PharmacyRequest/Page_KDMC-Pharmacy/select_--Select--Schedule 1Inj'

2018-05-21 12:30:48 - [MESSAGE][PASSED] - All options with index in [7] are selected on object 'Object Repository/PharmacyRequest/Page_KDMC-Pharmacy/select_--Select--Schedule 1Inj'

2018-05-21 12:30:48 - [TEST_STEP][PASSED] - selectOptionByIndex: All options with index in [15] are selected on object 'Object Repository/PharmacyRequest/Page_KDMC-Pharmacy/select_--Select--Albendazole'

2018-05-21 12:30:48 - [MESSAGE][PASSED] - All options with index in [15] are selected on object 'Object Repository/PharmacyRequest/Page_KDMC-Pharmacy/select_--Select--Albendazole'

2018-05-21 12:30:48 - [TEST_STEP][PASSED] - setText: Text '10' is set on object 'Object Repository/PharmacyRequest/Page_KDMC-Pharmacy/input_txttreat'

2018-05-21 12:30:48 - [MESSAGE][PASSED] - Text '10' is set on object 'Object Repository/PharmacyRequest/Page_KDMC-Pharmacy/input_txttreat'

2018-05-21 12:30:48 - [TEST_STEP][PASSED] - click: Object: 'Object Repository/PharmacyRequest/Page_KDMC-Pharmacy/button_Add' is clicked on

2018-05-21 12:30:48 - [MESSAGE][PASSED] - Object: 'Object Repository/PharmacyRequest/Page_KDMC-Pharmacy/button_Add' is clicked on

2018-05-21 12:30:48 - [TEST_STEP][PASSED] - selectOptionByIndex: All options with index in [7] are selected on object 'Object Repository/PharmacyRequest/Page_KDMC-Pharmacy/select_--Select--Schedule 1Inj'

2018-05-21 12:30:48 - [MESSAGE][PASSED] - All options with index in [7] are selected on object 'Object Repository/PharmacyRequest/Page_KDMC-Pharmacy/select_--Select--Schedule 1Inj'

2018-05-21 12:30:48 - [TEST_STEP][PASSED] - selectOptionByIndex: All options with index in [16] are selected on object 'Object Repository/PharmacyRequest/Page_KDMC-Pharmacy/select_--Select--Albendazole'

2018-05-21 12:30:49 - [MESSAGE][PASSED] - All options with index in [16] are selected on object 'Object Repository/PharmacyRequest/Page_KDMC-Pharmacy/select_--Select--Albendazole'

2018-05-21 12:30:49 - [TEST_STEP][PASSED] - setText: Text '10' is set on object 'Object Repository/PharmacyRequest/Page_KDMC-Pharmacy/input_txttreat'

2018-05-21 12:30:49 - [MESSAGE][PASSED] - Text '10' is set on object 'Object Repository/PharmacyRequest/Page_KDMC-Pharmacy/input_txttreat'

2018-05-21 12:30:49 - [TEST_STEP][PASSED] - click: Object: 'Object Repository/PharmacyRequest/Page_KDMC-Pharmacy/button_Add' is clicked on

2018-05-21 12:30:49 - [MESSAGE][PASSED] - Object: 'Object Repository/PharmacyRequest/Page_KDMC-Pharmacy/button_Add' is clicked on

2018-05-21 12:30:49 - [TEST_STEP][PASSED] - selectOptionByIndex: All options with index in [7] are selected on object 'Object Repository/PharmacyRequest/Page_KDMC-Pharmacy/select_--Select--Schedule 1Inj'

2018-05-21 12:30:49 - [MESSAGE][PASSED] - All options with index in [7] are selected on object 'Object Repository/PharmacyRequest/Page_KDMC-Pharmacy/select_--Select--Schedule 1Inj'

2018-05-21 12:30:49 - [TEST_STEP][PASSED] - selectOptionByIndex: All options with index in [17] are selected on object 'Object Repository/PharmacyRequest/Page_KDMC-Pharmacy/select_--Select--Albendazole'

2018-05-21 12:30:49 - [MESSAGE][PASSED] - All options with index in [17] are selected on object 'Object Repository/PharmacyRequest/Page_KDMC-Pharmacy/select_--Select--Albendazole'

2018-05-21 12:30:49 - [TEST_STEP][PASSED] - setText: Text '10' is set on object 'Object Repository/PharmacyRequest/Page_KDMC-Pharmacy/input_txttreat'

2018-05-21 12:30:49 - [MESSAGE][PASSED] - Text '10' is set on object 'Object Repository/PharmacyRequest/Page_KDMC-Pharmacy/input_txttreat'

2018-05-21 12:30:49 - [TEST_STEP][PASSED] - click: Object: 'Object Repository/PharmacyRequest/Page_KDMC-Pharmacy/button_Add' is clicked on

2018-05-21 12:30:49 - [MESSAGE][PASSED] - Object: 'Object Repository/PharmacyRequest/Page_KDMC-Pharmacy/button_Add' is clicked on

2018-05-21 12:30:49 - [TEST_STEP][PASSED] - selectOptionByIndex: All options with index in [7] are selected on object 'Object Repository/PharmacyRequest/Page_KDMC-Pharmacy/select_--Select--Schedule 1Inj'

2018-05-21 12:30:49 - [MESSAGE][PASSED] - All options with index in [7] are selected on object 'Object Repository/PharmacyRequest/Page_KDMC-Pharmacy/select_--Select--Schedule 1Inj'

2018-05-21 12:30:49 - [TEST_STEP][PASSED] - selectOptionByIndex: All options with index in [18] are selected on object 'Object Repository/PharmacyRequest/Page_KDMC-Pharmacy/select_--Select--Albendazole'

2018-05-21 12:30:50 - [MESSAGE][PASSED] - All options with index in [18] are selected on object 'Object Repository/PharmacyRequest/Page_KDMC-Pharmacy/select_--Select--Albendazole'

2018-05-21 12:30:50 - [TEST_STEP][PASSED] - setText: Text '10' is set on object 'Object Repository/PharmacyRequest/Page_KDMC-Pharmacy/input_txttreat'

2018-05-21 12:30:50 - [MESSAGE][PASSED] - Text '10' is set on object 'Object Repository/PharmacyRequest/Page_KDMC-Pharmacy/input_txttreat'

2018-05-21 12:30:50 - [TEST_STEP][PASSED] - click: Object: 'Object Repository/PharmacyRequest/Page_KDMC-Pharmacy/button_Add' is clicked on

2018-05-21 12:30:50 - [MESSAGE][PASSED] - Object: 'Object Repository/PharmacyRequest/Page_KDMC-Pharmacy/button_Add' is clicked on

2018-05-21 12:30:50 - [TEST_STEP][PASSED] - selectOptionByIndex: All options with index in [7] are selected on object 'Object Repository/PharmacyRequest/Page_KDMC-Pharmacy/select_--Select--Schedule 1Inj'

2018-05-21 12:30:50 - [MESSAGE][PASSED] - All options with index in [7] are selected on object 'Object Repository/PharmacyRequest/Page_KDMC-Pharmacy/select_--Select--Schedule 1Inj'

2018-05-21 12:30:50 - [TEST_STEP][PASSED] - selectOptionByIndex: All options with index in [19] are selected on object 'Object Repository/PharmacyRequest/Page_KDMC-Pharmacy/select_--Select--Albendazole'

2018-05-21 12:30:50 - [MESSAGE][PASSED] - All options with index in [19] are selected on object 'Object Repository/PharmacyRequest/Page_KDMC-Pharmacy/select_--Select--Albendazole'

2018-05-21 12:30:50 - [TEST_STEP][PASSED] - setText: Text '10' is set on object 'Object Repository/PharmacyRequest/Page_KDMC-Pharmacy/input_txttreat'

2018-05-21 12:30:50 - [MESSAGE][PASSED] - Text '10' is set on object 'Object Repository/PharmacyRequest/Page_KDMC-Pharmacy/input_txttreat'

2018-05-21 12:30:50 - [TEST_STEP][PASSED] - click: Object: 'Object Repository/PharmacyRequest/Page_KDMC-Pharmacy/button_Add' is clicked on

2018-05-21 12:30:50 - [MESSAGE][PASSED] - Object: 'Object Repository/PharmacyRequest/Page_KDMC-Pharmacy/button_Add' is clicked on

2018-05-21 12:30:50 - [TEST_STEP][PASSED] - selectOptionByIndex: All options with index in [7] are selected on object 'Object Repository/PharmacyRequest/Page_KDMC-Pharmacy/select_--Select--Schedule 1Inj'

2018-05-21 12:30:50 - [MESSAGE][PASSED] - All options with index in [7] are selected on object 'Object Repository/PharmacyRequest/Page_KDMC-Pharmacy/select_--Select--Schedule 1Inj'

2018-05-21 12:30:50 - [TEST_STEP][PASSED] - selectOptionByIndex: All options with index in [20] are selected on object 'Object Repository/PharmacyRequest/Page_KDMC-Pharmacy/select_--Select--Albendazole'

2018-05-21 12:30:51 - [MESSAGE][PASSED] - All options with index in [20] are selected on object 'Object Repository/PharmacyRequest/Page_KDMC-Pharmacy/select_--Select--Albendazole'

2018-05-21 12:30:51 - [TEST_STEP][PASSED] - setText: Text '10' is set on object 'Object Repository/PharmacyRequest/Page_KDMC-Pharmacy/input_txttreat'

2018-05-21 12:30:51 - [MESSAGE][PASSED] - Text '10' is set on object 'Object Repository/PharmacyRequest/Page_KDMC-Pharmacy/input_txttreat'

2018-05-21 12:30:51 - [TEST_STEP][PASSED] - click: Object: 'Object Repository/PharmacyRequest/Page_KDMC-Pharmacy/button_Add' is clicked on

2018-05-21 12:30:51 - [MESSAGE][PASSED] - Object: 'Object Repository/PharmacyRequest/Page_KDMC-Pharmacy/button_Add' is clicked on

2018-05-21 12:30:51 - [TEST_STEP][PASSED] - selectOptionByIndex: All options with index in [7] are selected on object 'Object Repository/PharmacyRequest/Page_KDMC-Pharmacy/select_--Select--Schedule 1Inj'

2018-05-21 12:30:51 - [MESSAGE][PASSED] - All options with index in [7] are selected on object 'Object Repository/PharmacyRequest/Page_KDMC-Pharmacy/select_--Select--Schedule 1Inj'

2018-05-21 12:30:51 - [TEST_STEP][PASSED] - selectOptionByIndex: All options with index in [21] are selected on object 'Object Repository/PharmacyRequest/Page_KDMC-Pharmacy/select_--Select--Albendazole'

2018-05-21 12:30:51 - [MESSAGE][PASSED] - All options with index in [21] are selected on object 'Object Repository/PharmacyRequest/Page_KDMC-Pharmacy/select_--Select--Albendazole'

2018-05-21 12:30:51 - [TEST_STEP][PASSED] - setText: Text '10' is set on object 'Object Repository/PharmacyRequest/Page_KDMC-Pharmacy/input_txttreat'

2018-05-21 12:30:51 - [MESSAGE][PASSED] - Text '10' is set on object 'Object Repository/PharmacyRequest/Page_KDMC-Pharmacy/input_txttreat'

2018-05-21 12:30:51 - [TEST_STEP][PASSED] - click: Object: 'Object Repository/PharmacyRequest/Page_KDMC-Pharmacy/button_Add' is clicked on

2018-05-21 12:30:51 - [MESSAGE][PASSED] - Object: 'Object Repository/PharmacyRequest/Page_KDMC-Pharmacy/button_Add' is clicked on

2018-05-21 12:30:51 - [TEST_STEP][PASSED] - selectOptionByIndex: All options with index in [7] are selected on object 'Object Repository/PharmacyRequest/Page_KDMC-Pharmacy/select_--Select--Schedule 1Inj'

2018-05-21 12:30:52 - [MESSAGE][PASSED] - All options with index in [7] are selected on object 'Object Repository/PharmacyRequest/Page_KDMC-Pharmacy/select_--Select--Schedule 1Inj'

2018-05-21 12:30:52 - [TEST_STEP][PASSED] - selectOptionByIndex: All options with index in [22] are selected on object 'Object Repository/PharmacyRequest/Page_KDMC-Pharmacy/select_--Select--Albendazole'

2018-05-21 12:30:52 - [MESSAGE][PASSED] - All options with index in [22] are selected on object 'Object Repository/PharmacyRequest/Page_KDMC-Pharmacy/select_--Select--Albendazole'

2018-05-21 12:30:52 - [TEST_STEP][PASSED] - setText: Text '10' is set on object 'Object Repository/PharmacyRequest/Page_KDMC-Pharmacy/input_txttreat'

2018-05-21 12:30:52 - [MESSAGE][PASSED] - Text '10' is set on object 'Object Repository/PharmacyRequest/Page_KDMC-Pharmacy/input_txttreat'

2018-05-21 12:30:52 - [TEST_STEP][PASSED] - click: Object: 'Object Repository/PharmacyRequest/Page_KDMC-Pharmacy/button_Add' is clicked on

2018-05-21 12:30:52 - [MESSAGE][PASSED] - Object: 'Object Repository/PharmacyRequest/Page_KDMC-Pharmacy/button_Add' is clicked on

2018-05-21 12:30:52 - [TEST_STEP][PASSED] - selectOptionByIndex: All options with index in [7] are selected on object 'Object Repository/PharmacyRequest/Page_KDMC-Pharmacy/select_--Select--Schedule 1Inj'

2018-05-21 12:30:52 - [MESSAGE][PASSED] - All options with index in [7] are selected on object 'Object Repository/PharmacyRequest/Page_KDMC-Pharmacy/select_--Select--Schedule 1Inj'

2018-05-21 12:30:52 - [TEST_STEP][PASSED] - selectOptionByIndex: All options with index in [23] are selected on object 'Object Repository/PharmacyRequest/Page_KDMC-Pharmacy/select_--Select--Albendazole'

2018-05-21 12:30:52 - [MESSAGE][PASSED] - All options with index in [23] are selected on object 'Object Repository/PharmacyRequest/Page_KDMC-Pharmacy/select_--Select--Albendazole'

2018-05-21 12:30:52 - [TEST_STEP][PASSED] - setText: Text '10' is set on object 'Object Repository/PharmacyRequest/Page_KDMC-Pharmacy/input_txttreat'

2018-05-21 12:30:53 - [MESSAGE][PASSED] - Text '10' is set on object 'Object Repository/PharmacyRequest/Page_KDMC-Pharmacy/input_txttreat'

2018-05-21 12:30:53 - [TEST_STEP][PASSED] - click: Object: 'Object Repository/PharmacyRequest/Page_KDMC-Pharmacy/button_Add' is clicked on

2018-05-21 12:30:53 - [MESSAGE][PASSED] - Object: 'Object Repository/PharmacyRequest/Page_KDMC-Pharmacy/button_Add' is clicked on

2018-05-21 12:30:53 - [TEST_STEP][PASSED] - Statement - RN1 = com.kms.katalon.core.webui.keyword.WebUiBuiltInKeywords.getAttribute(com.kms.katalon.core.testobject.ObjectRepository.findTestObject(PharmacyRequest/Page_KDMC-Pharmacy/input_txtno), "value"): Attribute 'value' of object 'Object Repository/PharmacyRequest/Page_KDMC-Pharmacy/input_txtno' is: 'PRNO/21052018/159'

2018-05-21 12:30:53 - [MESSAGE][PASSED] - Attribute 'value' of object 'Object Repository/PharmacyRequest/Page_KDMC-Pharmacy/input_txtno' is: 'PRNO/21052018/159'

2018-05-21 12:30:53 - [TEST_STEP][PASSED] - Statement - out.println(RN1): null

2018-05-21 12:30:53 - [TEST_STEP][PASSED] - Statement - RID = RN1.split("/")[2]: null

2018-05-21 12:30:53 - [TEST_STEP][PASSED] - scrollToElement: Scroll to object 'Object Repository/PharmacyRequest/Page_KDMC-Pharmacy/input_btnsave' successfully

2018-05-21 12:30:53 - [MESSAGE][PASSED] - Scroll to object 'Object Repository/PharmacyRequest/Page_KDMC-Pharmacy/input_btnsave' successfully

2018-05-21 12:30:53 - [TEST_STEP][PASSED] - click: Object: 'Object Repository/PharmacyRequest/Page_KDMC-Pharmacy/input_btnsave' is clicked on

2018-05-21 12:30:53 - [MESSAGE][PASSED] - Object: 'Object Repository/PharmacyRequest/Page_KDMC-Pharmacy/input_btnsave' is clicked on

2018-05-21 12:30:53 - [TEST_STEP][PASSED] - delay: Delayed 3 second(s)

2018-05-21 12:30:56 - [MESSAGE][PASSED] - Delayed 3 second(s)

2018-05-21 12:30:56 - [TEST_STEP][PASSED] - click: Object: 'Object Repository/PharmacyRequest/Page_KDMC-Pharmacy/button_OK' is clicked on

2018-05-21 12:30:57 - [MESSAGE][PASSED] - Object: 'Object Repository/PharmacyRequest/Page_KDMC-Pharmacy/button_OK' is clicked on

2018-05-21 12:30:57 - [TEST_STEP][PASSED] - delay: Delayed 3 second(s)

2018-05-21 12:31:00 - [MESSAGE][PASSED] - Delayed 3 second(s)

2018-05-21 12:31:00 - [TEST_STEP][PASSED] - click: Object: 'Object Repository/PharmacyRequest/Page_KDMC-Pharmacy/a_Back to Pharmacy' is clicked on

2018-05-21 12:31:01 - [MESSAGE][PASSED] - Object: 'Object Repository/PharmacyRequest/Page_KDMC-Pharmacy/a_Back to Pharmacy' is clicked on

2018-05-21 12:31:01 - [TEST_STEP][PASSED] - delay: Delayed 3 second(s)

2018-05-21 12:31:04 - [MESSAGE][PASSED] - Delayed 3 second(s)

2018-05-21 12:31:04 - [TEST_STEP][PASSED] - click: Object: 'Object Repository/PharmacyRequest/Page_KDMC - Pharmacy/a_dropdown-toggle' is clicked on

2018-05-21 12:31:04 - [MESSAGE][PASSED] - Object: 'Object Repository/PharmacyRequest/Page_KDMC - Pharmacy/a_dropdown-toggle' is clicked on

2018-05-21 12:31:04 - [TEST_STEP][PASSED] - click: Object: 'Object Repository/PharmacyRequest/Page_KDMC - Pharmacy/a_Sign out' is clicked on

2018-05-21 12:31:05 - [MESSAGE][PASSED] - Object: 'Object Repository/PharmacyRequest/Page_KDMC - Pharmacy/a_Sign out' is clicked on

2018-05-21 12:31:05 - [TEST_STEP][PASSED] - delay: Delayed 3 second(s)

2018-05-21 12:31:08 - [MESSAGE][PASSED] - Delayed 3 second(s)

2018-05-21 12:31:08 - [TEST_STEP][PASSED] - click: Object: 'Object Repository/PharmacyRequest/Page_KDMC/a_CMO' is clicked on

2018-05-21 12:31:08 - [MESSAGE][PASSED] - Object: 'Object Repository/PharmacyRequest/Page_KDMC/a_CMO' is clicked on

2018-05-21 12:31:08 - [TEST_STEP][PASSED] - setText: Text 'guru' is set on object 'Object Repository/PharmacyRequest/Page_CMO login/input_txtusername'

2018-05-21 12:31:08 - [MESSAGE][PASSED] - Text 'guru' is set on object 'Object Repository/PharmacyRequest/Page_CMO login/input_txtusername'

2018-05-21 12:31:08 - [TEST_STEP][PASSED] - setText: Text '123' is set on object 'Object Repository/PharmacyRequest/Page_CMO login/input_txtpassword'

2018-05-21 12:31:08 - [MESSAGE][PASSED] - Text '123' is set on object 'Object Repository/PharmacyRequest/Page_CMO login/input_txtpassword'

2018-05-21 12:31:08 - [TEST_STEP][PASSED] - delay: Delayed 3 second(s)

2018-05-21 12:31:11 - [MESSAGE][PASSED] - Delayed 3 second(s)

2018-05-21 12:31:11 - [TEST_STEP][PASSED] - click: Object: 'Object Repository/PharmacyRequest/Page_CMO login/button_Sign in' is clicked on

2018-05-21 12:31:12 - [MESSAGE][PASSED] - Object: 'Object Repository/PharmacyRequest/Page_CMO login/button_Sign in' is clicked on

2018-05-21 12:31:12 - [TEST_STEP][PASSED] - click: Object: 'Object Repository/PharmacyRequest/Page_KDMC - CMO/a_Department Wise Request' is clicked on

2018-05-21 12:31:13 - [MESSAGE][PASSED] - Object: 'Object Repository/PharmacyRequest/Page_KDMC - CMO/a_Department Wise Request' is clicked on

2018-05-21 12:31:13 - [TEST_STEP][PASSED] - selectOptionByIndex: All options with index in [2] are selected on object 'Object Repository/PharmacyRequest/Page_KDMC - CMO/select_--ALL--'

2018-05-21 12:31:13 - [MESSAGE][PASSED] - All options with index in [2] are selected on object 'Object Repository/PharmacyRequest/Page_KDMC - CMO/select_--ALL--'

2018-05-21 12:31:13 - [TEST_STEP][PASSED] - selectOptionByIndex: All options with index in [1] are selected on object 'Object Repository/PharmacyRequest/Page_KDMC - CMO/select_--ALL--                _1'

2018-05-21 12:31:13 - [MESSAGE][PASSED] - All options with index in [1] are selected on object 'Object Repository/PharmacyRequest/Page_KDMC - CMO/select_--ALL--                _1'

2018-05-21 12:31:13 - [TEST_STEP][PASSED] - click: Object: 'Object Repository/PharmacyRequest/Page_KDMC - CMO/input_btnsearch' is clicked on

2018-05-21 12:31:13 - [MESSAGE][PASSED] - Object: 'Object Repository/PharmacyRequest/Page_KDMC - CMO/input_btnsearch' is clicked on

2018-05-21 12:31:13 - [TEST_STEP][PASSED] - Statement - ID = com.kms.katalon.core.webui.keyword.WebUiBuiltInKeywords.modifyObjectProperty(com.kms.katalon.core.testobject.ObjectRepository.findTestObject(PharmacyRequest/Page_KDMC - CMO/input_2), "xpath", "equals", "//*[@id=" + RID + "]", true): Modify property of object successfully

2018-05-21 12:31:13 - [MESSAGE][PASSED] - Modify property of object successfully

2018-05-21 12:31:13 - [TEST_STEP][PASSED] - click: Object: 'Object Repository/PharmacyRequest/Page_KDMC - CMO/input_2' is clicked on

2018-05-21 12:31:14 - [MESSAGE][PASSED] - Object: 'Object Repository/PharmacyRequest/Page_KDMC - CMO/input_2' is clicked on

2018-05-21 12:31:14 - [TEST_STEP][PASSED] - delay: Delayed 3 second(s)

2018-05-21 12:31:17 - [MESSAGE][PASSED] - Delayed 3 second(s)

2018-05-21 12:31:17 - [TEST_STEP][PASSED] - selectOptionByIndex: All options with index in [1] are selected on object 'Object Repository/PharmacyRequest/Page_KDMC - CMO/select_--Select--'

2018-05-21 12:31:17 - [MESSAGE][PASSED] - All options with index in [1] are selected on object 'Object Repository/PharmacyRequest/Page_KDMC - CMO/select_--Select--'

2018-05-21 12:31:17 - [TEST_STEP][PASSED] - click: Object: 'Object Repository/PharmacyRequest/Page_KDMC - CMO/input_btnupdate' is clicked on

2018-05-21 12:31:17 - [MESSAGE][PASSED] - Object: 'Object Repository/PharmacyRequest/Page_KDMC - CMO/input_btnupdate' is clicked on

2018-05-21 12:31:17 - [TEST_STEP][PASSED] - delay: Delayed 3 second(s)

2018-05-21 12:31:20 - [MESSAGE][PASSED] - Delayed 3 second(s)

2018-05-21 12:31:20 - [TEST_STEP][PASSED] - click: Object: 'Object Repository/PharmacyRequest/Page_KDMC - CMO/button_OK' is clicked on

2018-05-21 12:31:20 - [MESSAGE][PASSED] - Object: 'Object Repository/PharmacyRequest/Page_KDMC - CMO/button_OK' is clicked on

2018-05-21 12:31:20 - [TEST_STEP][PASSED] - delay: Delayed 3 second(s)

2018-05-21 12:31:23 - [MESSAGE][PASSED] - Delayed 3 second(s)

2018-05-21 12:31:23 - [TEST_STEP][PASSED] - click: Object: 'Object Repository/PharmacyRequest/Page_KDMC - CMO/a_dropdown-toggle' is clicked on

2018-05-21 12:31:24 - [MESSAGE][PASSED] - Object: 'Object Repository/PharmacyRequest/Page_KDMC - CMO/a_dropdown-toggle' is clicked on

2018-05-21 12:31:24 - [TEST_STEP][PASSED] - click: Object: 'Object Repository/PharmacyRequest/Page_KDMC - CMO/a_Sign out' is clicked on

2018-05-21 12:31:24 - [MESSAGE][PASSED] - Object: 'Object Repository/PharmacyRequest/Page_KDMC - CMO/a_Sign out' is clicked on

2018-05-21 12:31:24 - [TEST_STEP][PASSED] - delay: Delayed 3 second(s)

2018-05-21 12:31:27 - [MESSAGE][PASSED] - Delayed 3 second(s)

2018-05-21 12:31:27 - [TEST_STEP][PASSED] - click: Object: 'Object Repository/PharmacyRequest/Page_KDMC/a_Divisional Store' is clicked on

2018-05-21 12:31:27 - [MESSAGE][PASSED] - Object: 'Object Repository/PharmacyRequest/Page_KDMC/a_Divisional Store' is clicked on

2018-05-21 12:31:27 - [TEST_STEP][PASSED] - setText: Text 'ragu' is set on object 'Object Repository/PharmacyRequest/Page_Divisonal Store Login/input_txtusername'

2018-05-21 12:31:28 - [MESSAGE][PASSED] - Text 'ragu' is set on object 'Object Repository/PharmacyRequest/Page_Divisonal Store Login/input_txtusername'

2018-05-21 12:31:28 - [TEST_STEP][PASSED] - setText: Text '123' is set on object 'Object Repository/PharmacyRequest/Page_Divisonal Store Login/input_txtpassword'

2018-05-21 12:31:28 - [MESSAGE][PASSED] - Text '123' is set on object 'Object Repository/PharmacyRequest/Page_Divisonal Store Login/input_txtpassword'

2018-05-21 12:31:28 - [TEST_STEP][PASSED] - delay: Delayed 3 second(s)

2018-05-21 12:31:31 - [MESSAGE][PASSED] - Delayed 3 second(s)

2018-05-21 12:31:31 - [TEST_STEP][PASSED] - click: Object: 'Object Repository/PharmacyRequest/Page_Divisonal Store Login/button_Sign in' is clicked on

2018-05-21 12:31:32 - [MESSAGE][PASSED] - Object: 'Object Repository/PharmacyRequest/Page_Divisonal Store Login/button_Sign in' is clicked on

2018-05-21 12:31:32 - [TEST_STEP][PASSED] - delay: Delayed 3 second(s)

2018-05-21 12:31:35 - [MESSAGE][PASSED] - Delayed 3 second(s)

2018-05-21 12:31:35 - [TEST_STEP][PASSED] - click: Object: 'Object Repository/PharmacyRequest/Page_Store/a_Pharmacy Request' is clicked on

2018-05-21 12:31:35 - [MESSAGE][PASSED] - Object: 'Object Repository/PharmacyRequest/Page_Store/a_Pharmacy Request' is clicked on

2018-05-21 12:31:35 - [TEST_STEP][PASSED] - click: Object: 'Object Repository/PharmacyRequest/Page_Store/a_Request Item Pharmacy' is clicked on

2018-05-21 12:31:35 - [MESSAGE][PASSED] - Object: 'Object Repository/PharmacyRequest/Page_Store/a_Request Item Pharmacy' is clicked on

2018-05-21 12:31:35 - [TEST_STEP][PASSED] - delay: Delayed 2 second(s)

2018-05-21 12:31:37 - [MESSAGE][PASSED] - Delayed 2 second(s)

2018-05-21 12:31:37 - [TEST_STEP][PASSED] - setText: Text 'PRNO/21052018/159' is set on object 'Object Repository/PharmacyRequest/Page_Store/input'

2018-05-21 12:31:37 - [MESSAGE][PASSED] - Text 'PRNO/21052018/159' is set on object 'Object Repository/PharmacyRequest/Page_Store/input'

2018-05-21 12:31:37 - [TEST_STEP][PASSED] - delay: Delayed 2 second(s)

2018-05-21 12:31:39 - [MESSAGE][PASSED] - Delayed 2 second(s)

2018-05-21 12:31:39 - [TEST_STEP][PASSED] - Statement - ChooseRequest = com.kms.katalon.core.webui.keyword.WebUiBuiltInKeywords.modifyObjectProperty(com.kms.katalon.core.testobject.ObjectRepository.findTestObject(PharmacyRequest/Page_Store/input_2), "xpath", "equals", "//*[@id=" + RID + "]", true): Modify property of object successfully

2018-05-21 12:31:39 - [MESSAGE][PASSED] - Modify property of object successfully

2018-05-21 12:31:39 - [TEST_STEP][PASSED] - click: Object: 'Object Repository/PharmacyRequest/Page_Store/input_2' is clicked on

2018-05-21 12:31:40 - [MESSAGE][PASSED] - Object: 'Object Repository/PharmacyRequest/Page_Store/input_2' is clicked on

2018-05-21 12:31:40 - [TEST_STEP][PASSED] - delay: Delayed 2 second(s)

2018-05-21 12:31:42 - [MESSAGE][PASSED] - Delayed 2 second(s)

2018-05-21 12:31:42 - [TEST_STEP][PASSED] - Statement - selectedoptions = com.kms.katalon.core.webui.keyword.WebUiBuiltInKeywords.getNumberOfTotalOption(com.kms.katalon.core.testobject.ObjectRepository.findTestObject(PharmacyRequest/Page_Store/select_--Select--Amlodepin -5)): 24 options of object 'Object Repository/PharmacyRequest/Page_Store/select_--Select--Amlodepin -5' counted

2018-05-21 12:31:42 - [MESSAGE][PASSED] - 24 options of object 'Object Repository/PharmacyRequest/Page_Store/select_--Select--Amlodepin -5' counted

2018-05-21 12:31:42 - [TEST_STEP][PASSED] - Statement - For ([a = 1, a <= selectedoptions - 1, (a++)]): null

2018-05-21 12:31:42 - [TEST_STEP][PASSED] - selectOptionByIndex: All options with index in [1] are selected on object 'Object Repository/PharmacyRequest/Page_Store/select_--Select--Amlodepin -5'

2018-05-21 12:31:42 - [MESSAGE][PASSED] - All options with index in [1] are selected on object 'Object Repository/PharmacyRequest/Page_Store/select_--Select--Amlodepin -5'

2018-05-21 12:31:42 - [TEST_STEP][PASSED] - delay: Delayed 1 second(s)

2018-05-21 12:31:43 - [MESSAGE][PASSED] - Delayed 1 second(s)

2018-05-21 12:31:43 - [TEST_STEP][PASSED] - Statement - RequestedQty = com.kms.katalon.core.webui.keyword.WebUiBuiltInKeywords.getAttribute(com.kms.katalon.core.testobject.ObjectRepository.findTestObject(PharmacyRequest/Page_Store/input_txttotal), "value"): Attribute 'value' of object 'Object Repository/PharmacyRequest/Page_Store/input_txttotal' is: '10'

2018-05-21 12:31:43 - [MESSAGE][PASSED] - Attribute 'value' of object 'Object Repository/PharmacyRequest/Page_Store/input_txttotal' is: '10'

2018-05-21 12:31:43 - [TEST_STEP][PASSED] - Statement - out.println("Requested QTY : " + RequestedQty): null

2018-05-21 12:31:43 - [TEST_STEP][PASSED] - Statement - BatchNumber = com.kms.katalon.core.webui.keyword.WebUiBuiltInKeywords.getNumberOfTotalOption(com.kms.katalon.core.testobject.ObjectRepository.findTestObject(PharmacyRequest/Page_Store/select_--Select--BA50)): 3 options of object 'Object Repository/PharmacyRequest/Page_Store/select_--Select--BA50' counted

2018-05-21 12:31:43 - [MESSAGE][PASSED] - 3 options of object 'Object Repository/PharmacyRequest/Page_Store/select_--Select--BA50' counted

2018-05-21 12:31:43 - [TEST_STEP][PASSED] - Statement - For ([g = 1, g <= BatchNumber - 1, (g++)]): null

2018-05-21 12:31:43 - [TEST_STEP][PASSED] - selectOptionByIndex: All options with index in [1] are selected on object 'Object Repository/PharmacyRequest/Page_Store/select_--Select--BA50'

2018-05-21 12:31:43 - [MESSAGE][PASSED] - All options with index in [1] are selected on object 'Object Repository/PharmacyRequest/Page_Store/select_--Select--BA50'

2018-05-21 12:31:43 - [TEST_STEP][PASSED] - delay: Delayed 1 second(s)

2018-05-21 12:31:44 - [MESSAGE][PASSED] - Delayed 1 second(s)

2018-05-21 12:31:44 - [TEST_STEP][PASSED] - Statement - StockQty = com.kms.katalon.core.webui.keyword.WebUiBuiltInKeywords.getAttribute(com.kms.katalon.core.testobject.ObjectRepository.findTestObject(PharmacyRequest/Page_Store/input_txtprice), "value"): Attribute 'value' of object 'Object Repository/PharmacyRequest/Page_Store/input_txtprice' is: '120'

2018-05-21 12:31:44 - [MESSAGE][PASSED] - Attribute 'value' of object 'Object Repository/PharmacyRequest/Page_Store/input_txtprice' is: '120'

2018-05-21 12:31:44 - [TEST_STEP][PASSED] - Statement - out.println("Stock QTY : " + StockQty): null

2018-05-21 12:31:44 - [TEST_STEP][PASSED] - delay: Delayed 1 second(s)

2018-05-21 12:31:45 - [MESSAGE][PASSED] - Delayed 1 second(s)

2018-05-21 12:31:45 - [TEST_STEP][PASSED] - Statement - If (java.lang.Integer.valueOf(StockQty) >= java.lang.Integer.valueOf(RequestedQty)): null

2018-05-21 12:31:45 - [TEST_STEP][PASSED] - delay: Delayed 1 second(s)

2018-05-21 12:31:46 - [MESSAGE][PASSED] - Delayed 1 second(s)

2018-05-21 12:31:46 - [TEST_STEP][PASSED] - setText: Text '10' is set on object 'Object Repository/PharmacyRequest/Page_Store/input_txtqty'

2018-05-21 12:31:47 - [MESSAGE][PASSED] - Text '10' is set on object 'Object Repository/PharmacyRequest/Page_Store/input_txtqty'

2018-05-21 12:31:47 - [TEST_STEP][PASSED] - click: Object: 'Object Repository/PharmacyRequest/Page_Store/button_Add' is clicked on

2018-05-21 12:31:47 - [MESSAGE][PASSED] - Object: 'Object Repository/PharmacyRequest/Page_Store/button_Add' is clicked on

2018-05-21 12:31:47 - [TEST_STEP][PASSED] - Statement - Break: null

2018-05-21 12:31:47 - [TEST_STEP][PASSED] - selectOptionByIndex: All options with index in [2] are selected on object 'Object Repository/PharmacyRequest/Page_Store/select_--Select--Amlodepin -5'

2018-05-21 12:31:47 - [MESSAGE][PASSED] - All options with index in [2] are selected on object 'Object Repository/PharmacyRequest/Page_Store/select_--Select--Amlodepin -5'

2018-05-21 12:31:47 - [TEST_STEP][PASSED] - delay: Delayed 1 second(s)

2018-05-21 12:31:48 - [MESSAGE][PASSED] - Delayed 1 second(s)

2018-05-21 12:31:48 - [TEST_STEP][PASSED] - Statement - RequestedQty = com.kms.katalon.core.webui.keyword.WebUiBuiltInKeywords.getAttribute(com.kms.katalon.core.testobject.ObjectRepository.findTestObject(PharmacyRequest/Page_Store/input_txttotal), "value"): Attribute 'value' of object 'Object Repository/PharmacyRequest/Page_Store/input_txttotal' is: '10'

2018-05-21 12:31:48 - [MESSAGE][PASSED] - Attribute 'value' of object 'Object Repository/PharmacyRequest/Page_Store/input_txttotal' is: '10'

2018-05-21 12:31:48 - [TEST_STEP][PASSED] - Statement - out.println("Requested QTY : " + RequestedQty): null

2018-05-21 12:31:48 - [TEST_STEP][PASSED] - Statement - BatchNumber = com.kms.katalon.core.webui.keyword.WebUiBuiltInKeywords.getNumberOfTotalOption(com.kms.katalon.core.testobject.ObjectRepository.findTestObject(PharmacyRequest/Page_Store/select_--Select--BA50)): 3 options of object 'Object Repository/PharmacyRequest/Page_Store/select_--Select--BA50' counted

2018-05-21 12:31:48 - [MESSAGE][PASSED] - 3 options of object 'Object Repository/PharmacyRequest/Page_Store/select_--Select--BA50' counted

2018-05-21 12:31:48 - [TEST_STEP][PASSED] - Statement - For ([g = 1, g <= BatchNumber - 1, (g++)]): null

2018-05-21 12:31:48 - [TEST_STEP][PASSED] - selectOptionByIndex: All options with index in [1] are selected on object 'Object Repository/PharmacyRequest/Page_Store/select_--Select--BA50'

2018-05-21 12:31:48 - [MESSAGE][PASSED] - All options with index in [1] are selected on object 'Object Repository/PharmacyRequest/Page_Store/select_--Select--BA50'

2018-05-21 12:31:48 - [TEST_STEP][PASSED] - delay: Delayed 1 second(s)

2018-05-21 12:31:49 - [MESSAGE][PASSED] - Delayed 1 second(s)

2018-05-21 12:31:49 - [TEST_STEP][PASSED] - Statement - StockQty = com.kms.katalon.core.webui.keyword.WebUiBuiltInKeywords.getAttribute(com.kms.katalon.core.testobject.ObjectRepository.findTestObject(PharmacyRequest/Page_Store/input_txtprice), "value"): Attribute 'value' of object 'Object Repository/PharmacyRequest/Page_Store/input_txtprice' is: '120'

2018-05-21 12:31:49 - [MESSAGE][PASSED] - Attribute 'value' of object 'Object Repository/PharmacyRequest/Page_Store/input_txtprice' is: '120'

2018-05-21 12:31:49 - [TEST_STEP][PASSED] - Statement - out.println("Stock QTY : " + StockQty): null

2018-05-21 12:31:49 - [TEST_STEP][PASSED] - delay: Delayed 1 second(s)

2018-05-21 12:31:50 - [MESSAGE][PASSED] - Delayed 1 second(s)

2018-05-21 12:31:50 - [TEST_STEP][PASSED] - Statement - If (java.lang.Integer.valueOf(StockQty) >= java.lang.Integer.valueOf(RequestedQty)): null

2018-05-21 12:31:50 - [TEST_STEP][PASSED] - delay: Delayed 1 second(s)

2018-05-21 12:31:51 - [MESSAGE][PASSED] - Delayed 1 second(s)

2018-05-21 12:31:51 - [TEST_STEP][PASSED] - setText: Text '10' is set on object 'Object Repository/PharmacyRequest/Page_Store/input_txtqty'

2018-05-21 12:31:51 - [MESSAGE][PASSED] - Text '10' is set on object 'Object Repository/PharmacyRequest/Page_Store/input_txtqty'

2018-05-21 12:31:51 - [TEST_STEP][PASSED] - click: Object: 'Object Repository/PharmacyRequest/Page_Store/button_Add' is clicked on

2018-05-21 12:31:51 - [MESSAGE][PASSED] - Object: 'Object Repository/PharmacyRequest/Page_Store/button_Add' is clicked on

2018-05-21 12:31:51 - [TEST_STEP][PASSED] - Statement - Break: null

2018-05-21 12:31:51 - [TEST_STEP][PASSED] - selectOptionByIndex: All options with index in [3] are selected on object 'Object Repository/PharmacyRequest/Page_Store/select_--Select--Amlodepin -5'

2018-05-21 12:31:52 - [MESSAGE][PASSED] - All options with index in [3] are selected on object 'Object Repository/PharmacyRequest/Page_Store/select_--Select--Amlodepin -5'

2018-05-21 12:31:52 - [TEST_STEP][PASSED] - delay: Delayed 1 second(s)

2018-05-21 12:31:53 - [MESSAGE][PASSED] - Delayed 1 second(s)

2018-05-21 12:31:53 - [TEST_STEP][PASSED] - Statement - RequestedQty = com.kms.katalon.core.webui.keyword.WebUiBuiltInKeywords.getAttribute(com.kms.katalon.core.testobject.ObjectRepository.findTestObject(PharmacyRequest/Page_Store/input_txttotal), "value"): Attribute 'value' of object 'Object Repository/PharmacyRequest/Page_Store/input_txttotal' is: '10'

2018-05-21 12:31:53 - [MESSAGE][PASSED] - Attribute 'value' of object 'Object Repository/PharmacyRequest/Page_Store/input_txttotal' is: '10'

2018-05-21 12:31:53 - [TEST_STEP][PASSED] - Statement - out.println("Requested QTY : " + RequestedQty): null

2018-05-21 12:31:53 - [TEST_STEP][PASSED] - Statement - BatchNumber = com.kms.katalon.core.webui.keyword.WebUiBuiltInKeywords.getNumberOfTotalOption(com.kms.katalon.core.testobject.ObjectRepository.findTestObject(PharmacyRequest/Page_Store/select_--Select--BA50)): 3 options of object 'Object Repository/PharmacyRequest/Page_Store/select_--Select--BA50' counted

2018-05-21 12:31:53 - [MESSAGE][PASSED] - 3 options of object 'Object Repository/PharmacyRequest/Page_Store/select_--Select--BA50' counted

2018-05-21 12:31:53 - [TEST_STEP][PASSED] - Statement - For ([g = 1, g <= BatchNumber - 1, (g++)]): null

2018-05-21 12:31:53 - [TEST_STEP][PASSED] - selectOptionByIndex: All options with index in [1] are selected on object 'Object Repository/PharmacyRequest/Page_Store/select_--Select--BA50'

2018-05-21 12:31:53 - [MESSAGE][PASSED] - All options with index in [1] are selected on object 'Object Repository/PharmacyRequest/Page_Store/select_--Select--BA50'

2018-05-21 12:31:53 - [TEST_STEP][PASSED] - delay: Delayed 1 second(s)

2018-05-21 12:31:54 - [MESSAGE][PASSED] - Delayed 1 second(s)

2018-05-21 12:31:54 - [TEST_STEP][PASSED] - Statement - StockQty = com.kms.katalon.core.webui.keyword.WebUiBuiltInKeywords.getAttribute(com.kms.katalon.core.testobject.ObjectRepository.findTestObject(PharmacyRequest/Page_Store/input_txtprice), "value"): Attribute 'value' of object 'Object Repository/PharmacyRequest/Page_Store/input_txtprice' is: '120'

2018-05-21 12:31:54 - [MESSAGE][PASSED] - Attribute 'value' of object 'Object Repository/PharmacyRequest/Page_Store/input_txtprice' is: '120'

2018-05-21 12:31:54 - [TEST_STEP][PASSED] - Statement - out.println("Stock QTY : " + StockQty): null

2018-05-21 12:31:54 - [TEST_STEP][PASSED] - delay: Delayed 1 second(s)

2018-05-21 12:31:55 - [MESSAGE][PASSED] - Delayed 1 second(s)

2018-05-21 12:31:55 - [TEST_STEP][PASSED] - Statement - If (java.lang.Integer.valueOf(StockQty) >= java.lang.Integer.valueOf(RequestedQty)): null

2018-05-21 12:31:55 - [TEST_STEP][PASSED] - delay: Delayed 1 second(s)

2018-05-21 12:31:56 - [MESSAGE][PASSED] - Delayed 1 second(s)

2018-05-21 12:31:56 - [TEST_STEP][PASSED] - setText: Text '10' is set on object 'Object Repository/PharmacyRequest/Page_Store/input_txtqty'

2018-05-21 12:31:56 - [MESSAGE][PASSED] - Text '10' is set on object 'Object Repository/PharmacyRequest/Page_Store/input_txtqty'

2018-05-21 12:31:56 - [TEST_STEP][PASSED] - click: Object: 'Object Repository/PharmacyRequest/Page_Store/button_Add' is clicked on

2018-05-21 12:31:56 - [MESSAGE][PASSED] - Object: 'Object Repository/PharmacyRequest/Page_Store/button_Add' is clicked on

2018-05-21 12:31:56 - [TEST_STEP][PASSED] - Statement - Break: null

2018-05-21 12:31:56 - [TEST_STEP][PASSED] - selectOptionByIndex: All options with index in [4] are selected on object 'Object Repository/PharmacyRequest/Page_Store/select_--Select--Amlodepin -5'

2018-05-21 12:31:56 - [MESSAGE][PASSED] - All options with index in [4] are selected on object 'Object Repository/PharmacyRequest/Page_Store/select_--Select--Amlodepin -5'

2018-05-21 12:31:56 - [TEST_STEP][PASSED] - delay: Delayed 1 second(s)

2018-05-21 12:31:57 - [MESSAGE][PASSED] - Delayed 1 second(s)

2018-05-21 12:31:57 - [TEST_STEP][PASSED] - Statement - RequestedQty = com.kms.katalon.core.webui.keyword.WebUiBuiltInKeywords.getAttribute(com.kms.katalon.core.testobject.ObjectRepository.findTestObject(PharmacyRequest/Page_Store/input_txttotal), "value"): Attribute 'value' of object 'Object Repository/PharmacyRequest/Page_Store/input_txttotal' is: '10'

2018-05-21 12:31:57 - [MESSAGE][PASSED] - Attribute 'value' of object 'Object Repository/PharmacyRequest/Page_Store/input_txttotal' is: '10'

2018-05-21 12:31:57 - [TEST_STEP][PASSED] - Statement - out.println("Requested QTY : " + RequestedQty): null

2018-05-21 12:31:57 - [TEST_STEP][PASSED] - Statement - BatchNumber = com.kms.katalon.core.webui.keyword.WebUiBuiltInKeywords.getNumberOfTotalOption(com.kms.katalon.core.testobject.ObjectRepository.findTestObject(PharmacyRequest/Page_Store/select_--Select--BA50)): 3 options of object 'Object Repository/PharmacyRequest/Page_Store/select_--Select--BA50' counted

2018-05-21 12:31:57 - [MESSAGE][PASSED] - 3 options of object 'Object Repository/PharmacyRequest/Page_Store/select_--Select--BA50' counted

2018-05-21 12:31:57 - [TEST_STEP][PASSED] - Statement - For ([g = 1, g <= BatchNumber - 1, (g++)]): null

2018-05-21 12:31:57 - [TEST_STEP][PASSED] - selectOptionByIndex: All options with index in [1] are selected on object 'Object Repository/PharmacyRequest/Page_Store/select_--Select--BA50'

2018-05-21 12:31:57 - [MESSAGE][PASSED] - All options with index in [1] are selected on object 'Object Repository/PharmacyRequest/Page_Store/select_--Select--BA50'

2018-05-21 12:31:57 - [TEST_STEP][PASSED] - delay: Delayed 1 second(s)

2018-05-21 12:31:58 - [MESSAGE][PASSED] - Delayed 1 second(s)

2018-05-21 12:31:58 - [TEST_STEP][PASSED] - Statement - StockQty = com.kms.katalon.core.webui.keyword.WebUiBuiltInKeywords.getAttribute(com.kms.katalon.core.testobject.ObjectRepository.findTestObject(PharmacyRequest/Page_Store/input_txtprice), "value"): Attribute 'value' of object 'Object Repository/PharmacyRequest/Page_Store/input_txtprice' is: '120'

2018-05-21 12:31:58 - [MESSAGE][PASSED] - Attribute 'value' of object 'Object Repository/PharmacyRequest/Page_Store/input_txtprice' is: '120'

2018-05-21 12:31:58 - [TEST_STEP][PASSED] - Statement - out.println("Stock QTY : " + StockQty): null

2018-05-21 12:31:58 - [TEST_STEP][PASSED] - delay: Delayed 1 second(s)

2018-05-21 12:31:59 - [MESSAGE][PASSED] - Delayed 1 second(s)

2018-05-21 12:31:59 - [TEST_STEP][PASSED] - Statement - If (java.lang.Integer.valueOf(StockQty) >= java.lang.Integer.valueOf(RequestedQty)): null

2018-05-21 12:31:59 - [TEST_STEP][PASSED] - delay: Delayed 1 second(s)

2018-05-21 12:32:00 - [MESSAGE][PASSED] - Delayed 1 second(s)

2018-05-21 12:32:00 - [TEST_STEP][PASSED] - setText: Text '10' is set on object 'Object Repository/PharmacyRequest/Page_Store/input_txtqty'

2018-05-21 12:32:01 - [MESSAGE][PASSED] - Text '10' is set on object 'Object Repository/PharmacyRequest/Page_Store/input_txtqty'

2018-05-21 12:32:01 - [TEST_STEP][PASSED] - click: Object: 'Object Repository/PharmacyRequest/Page_Store/button_Add' is clicked on

2018-05-21 12:32:01 - [MESSAGE][PASSED] - Object: 'Object Repository/PharmacyRequest/Page_Store/button_Add' is clicked on

2018-05-21 12:32:01 - [TEST_STEP][PASSED] - Statement - Break: null

2018-05-21 12:32:01 - [TEST_STEP][PASSED] - selectOptionByIndex: All options with index in [5] are selected on object 'Object Repository/PharmacyRequest/Page_Store/select_--Select--Amlodepin -5'

2018-05-21 12:32:01 - [MESSAGE][PASSED] - All options with index in [5] are selected on object 'Object Repository/PharmacyRequest/Page_Store/select_--Select--Amlodepin -5'

2018-05-21 12:32:01 - [TEST_STEP][PASSED] - delay: Delayed 1 second(s)

2018-05-21 12:32:02 - [MESSAGE][PASSED] - Delayed 1 second(s)

2018-05-21 12:32:02 - [TEST_STEP][PASSED] - Statement - RequestedQty = com.kms.katalon.core.webui.keyword.WebUiBuiltInKeywords.getAttribute(com.kms.katalon.core.testobject.ObjectRepository.findTestObject(PharmacyRequest/Page_Store/input_txttotal), "value"): Attribute 'value' of object 'Object Repository/PharmacyRequest/Page_Store/input_txttotal' is: '10'

2018-05-21 12:32:02 - [MESSAGE][PASSED] - Attribute 'value' of object 'Object Repository/PharmacyRequest/Page_Store/input_txttotal' is: '10'

2018-05-21 12:32:02 - [TEST_STEP][PASSED] - Statement - out.println("Requested QTY : " + RequestedQty): null

2018-05-21 12:32:02 - [TEST_STEP][PASSED] - Statement - BatchNumber = com.kms.katalon.core.webui.keyword.WebUiBuiltInKeywords.getNumberOfTotalOption(com.kms.katalon.core.testobject.ObjectRepository.findTestObject(PharmacyRequest/Page_Store/select_--Select--BA50)): 3 options of object 'Object Repository/PharmacyRequest/Page_Store/select_--Select--BA50' counted

2018-05-21 12:32:02 - [MESSAGE][PASSED] - 3 options of object 'Object Repository/PharmacyRequest/Page_Store/select_--Select--BA50' counted

2018-05-21 12:32:02 - [TEST_STEP][PASSED] - Statement - For ([g = 1, g <= BatchNumber - 1, (g++)]): null

2018-05-21 12:32:02 - [TEST_STEP][PASSED] - selectOptionByIndex: All options with index in [1] are selected on object 'Object Repository/PharmacyRequest/Page_Store/select_--Select--BA50'

2018-05-21 12:32:02 - [MESSAGE][PASSED] - All options with index in [1] are selected on object 'Object Repository/PharmacyRequest/Page_Store/select_--Select--BA50'

2018-05-21 12:32:02 - [TEST_STEP][PASSED] - delay: Delayed 1 second(s)

2018-05-21 12:32:03 - [MESSAGE][PASSED] - Delayed 1 second(s)

2018-05-21 12:32:03 - [TEST_STEP][PASSED] - Statement - StockQty = com.kms.katalon.core.webui.keyword.WebUiBuiltInKeywords.getAttribute(com.kms.katalon.core.testobject.ObjectRepository.findTestObject(PharmacyRequest/Page_Store/input_txtprice), "value"): Attribute 'value' of object 'Object Repository/PharmacyRequest/Page_Store/input_txtprice' is: '20'

2018-05-21 12:32:03 - [MESSAGE][PASSED] - Attribute 'value' of object 'Object Repository/PharmacyRequest/Page_Store/input_txtprice' is: '20'

2018-05-21 12:32:03 - [TEST_STEP][PASSED] - Statement - out.println("Stock QTY : " + StockQty): null

2018-05-21 12:32:03 - [TEST_STEP][PASSED] - delay: Delayed 1 second(s)

2018-05-21 12:32:04 - [MESSAGE][PASSED] - Delayed 1 second(s)

2018-05-21 12:32:04 - [TEST_STEP][PASSED] - Statement - If (java.lang.Integer.valueOf(StockQty) >= java.lang.Integer.valueOf(RequestedQty)): null

2018-05-21 12:32:04 - [TEST_STEP][PASSED] - delay: Delayed 1 second(s)

2018-05-21 12:32:05 - [MESSAGE][PASSED] - Delayed 1 second(s)

2018-05-21 12:32:05 - [TEST_STEP][PASSED] - setText: Text '10' is set on object 'Object Repository/PharmacyRequest/Page_Store/input_txtqty'

2018-05-21 12:32:05 - [MESSAGE][PASSED] - Text '10' is set on object 'Object Repository/PharmacyRequest/Page_Store/input_txtqty'

2018-05-21 12:32:05 - [TEST_STEP][PASSED] - click: Object: 'Object Repository/PharmacyRequest/Page_Store/button_Add' is clicked on

2018-05-21 12:32:05 - [MESSAGE][PASSED] - Object: 'Object Repository/PharmacyRequest/Page_Store/button_Add' is clicked on

2018-05-21 12:32:05 - [TEST_STEP][PASSED] - Statement - Break: null

2018-05-21 12:32:05 - [TEST_STEP][PASSED] - selectOptionByIndex: All options with index in [6] are selected on object 'Object Repository/PharmacyRequest/Page_Store/select_--Select--Amlodepin -5'

2018-05-21 12:32:05 - [MESSAGE][PASSED] - All options with index in [6] are selected on object 'Object Repository/PharmacyRequest/Page_Store/select_--Select--Amlodepin -5'

2018-05-21 12:32:05 - [TEST_STEP][PASSED] - delay: Delayed 1 second(s)

2018-05-21 12:32:06 - [MESSAGE][PASSED] - Delayed 1 second(s)

2018-05-21 12:32:06 - [TEST_STEP][PASSED] - Statement - RequestedQty = com.kms.katalon.core.webui.keyword.WebUiBuiltInKeywords.getAttribute(com.kms.katalon.core.testobject.ObjectRepository.findTestObject(PharmacyRequest/Page_Store/input_txttotal), "value"): Attribute 'value' of object 'Object Repository/PharmacyRequest/Page_Store/input_txttotal' is: '10'

2018-05-21 12:32:06 - [MESSAGE][PASSED] - Attribute 'value' of object 'Object Repository/PharmacyRequest/Page_Store/input_txttotal' is: '10'

2018-05-21 12:32:06 - [TEST_STEP][PASSED] - Statement - out.println("Requested QTY : " + RequestedQty): null

2018-05-21 12:32:06 - [TEST_STEP][PASSED] - Statement - BatchNumber = com.kms.katalon.core.webui.keyword.WebUiBuiltInKeywords.getNumberOfTotalOption(com.kms.katalon.core.testobject.ObjectRepository.findTestObject(PharmacyRequest/Page_Store/select_--Select--BA50)): 3 options of object 'Object Repository/PharmacyRequest/Page_Store/select_--Select--BA50' counted

2018-05-21 12:32:06 - [MESSAGE][PASSED] - 3 options of object 'Object Repository/PharmacyRequest/Page_Store/select_--Select--BA50' counted

2018-05-21 12:32:06 - [TEST_STEP][PASSED] - Statement - For ([g = 1, g <= BatchNumber - 1, (g++)]): null

2018-05-21 12:32:06 - [TEST_STEP][PASSED] - selectOptionByIndex: All options with index in [1] are selected on object 'Object Repository/PharmacyRequest/Page_Store/select_--Select--BA50'

2018-05-21 12:32:07 - [MESSAGE][PASSED] - All options with index in [1] are selected on object 'Object Repository/PharmacyRequest/Page_Store/select_--Select--BA50'

2018-05-21 12:32:07 - [TEST_STEP][PASSED] - delay: Delayed 1 second(s)

2018-05-21 12:32:08 - [MESSAGE][PASSED] - Delayed 1 second(s)

2018-05-21 12:32:08 - [TEST_STEP][PASSED] - Statement - StockQty = com.kms.katalon.core.webui.keyword.WebUiBuiltInKeywords.getAttribute(com.kms.katalon.core.testobject.ObjectRepository.findTestObject(PharmacyRequest/Page_Store/input_txtprice), "value"): Attribute 'value' of object 'Object Repository/PharmacyRequest/Page_Store/input_txtprice' is: '120'

2018-05-21 12:32:08 - [MESSAGE][PASSED] - Attribute 'value' of object 'Object Repository/PharmacyRequest/Page_Store/input_txtprice' is: '120'

2018-05-21 12:32:08 - [TEST_STEP][PASSED] - Statement - out.println("Stock QTY : " + StockQty): null

2018-05-21 12:32:08 - [TEST_STEP][PASSED] - delay: Delayed 1 second(s)

2018-05-21 12:32:09 - [MESSAGE][PASSED] - Delayed 1 second(s)

2018-05-21 12:32:09 - [TEST_STEP][PASSED] - Statement - If (java.lang.Integer.valueOf(StockQty) >= java.lang.Integer.valueOf(RequestedQty)): null

2018-05-21 12:32:09 - [TEST_STEP][PASSED] - delay: Delayed 1 second(s)

2018-05-21 12:32:10 - [MESSAGE][PASSED] - Delayed 1 second(s)

2018-05-21 12:32:10 - [TEST_STEP][PASSED] - setText: Text '10' is set on object 'Object Repository/PharmacyRequest/Page_Store/input_txtqty'

2018-05-21 12:32:10 - [MESSAGE][PASSED] - Text '10' is set on object 'Object Repository/PharmacyRequest/Page_Store/input_txtqty'

2018-05-21 12:32:10 - [TEST_STEP][PASSED] - click: Object: 'Object Repository/PharmacyRequest/Page_Store/button_Add' is clicked on

2018-05-21 12:32:10 - [MESSAGE][PASSED] - Object: 'Object Repository/PharmacyRequest/Page_Store/button_Add' is clicked on

2018-05-21 12:32:10 - [TEST_STEP][PASSED] - Statement - Break: null

2018-05-21 12:32:10 - [TEST_STEP][PASSED] - selectOptionByIndex: All options with index in [7] are selected on object 'Object Repository/PharmacyRequest/Page_Store/select_--Select--Amlodepin -5'

2018-05-21 12:32:10 - [MESSAGE][PASSED] - All options with index in [7] are selected on object 'Object Repository/PharmacyRequest/Page_Store/select_--Select--Amlodepin -5'

2018-05-21 12:32:10 - [TEST_STEP][PASSED] - delay: Delayed 1 second(s)

2018-05-21 12:32:11 - [MESSAGE][PASSED] - Delayed 1 second(s)

2018-05-21 12:32:11 - [TEST_STEP][PASSED] - Statement - RequestedQty = com.kms.katalon.core.webui.keyword.WebUiBuiltInKeywords.getAttribute(com.kms.katalon.core.testobject.ObjectRepository.findTestObject(PharmacyRequest/Page_Store/input_txttotal), "value"): Attribute 'value' of object 'Object Repository/PharmacyRequest/Page_Store/input_txttotal' is: '10'

2018-05-21 12:32:11 - [MESSAGE][PASSED] - Attribute 'value' of object 'Object Repository/PharmacyRequest/Page_Store/input_txttotal' is: '10'

2018-05-21 12:32:11 - [TEST_STEP][PASSED] - Statement - out.println("Requested QTY : " + RequestedQty): null

2018-05-21 12:32:11 - [TEST_STEP][PASSED] - Statement - BatchNumber = com.kms.katalon.core.webui.keyword.WebUiBuiltInKeywords.getNumberOfTotalOption(com.kms.katalon.core.testobject.ObjectRepository.findTestObject(PharmacyRequest/Page_Store/select_--Select--BA50)): 3 options of object 'Object Repository/PharmacyRequest/Page_Store/select_--Select--BA50' counted

2018-05-21 12:32:11 - [MESSAGE][PASSED] - 3 options of object 'Object Repository/PharmacyRequest/Page_Store/select_--Select--BA50' counted

2018-05-21 12:32:11 - [TEST_STEP][PASSED] - Statement - For ([g = 1, g <= BatchNumber - 1, (g++)]): null

2018-05-21 12:32:11 - [TEST_STEP][PASSED] - selectOptionByIndex: All options with index in [1] are selected on object 'Object Repository/PharmacyRequest/Page_Store/select_--Select--BA50'

2018-05-21 12:32:11 - [MESSAGE][PASSED] - All options with index in [1] are selected on object 'Object Repository/PharmacyRequest/Page_Store/select_--Select--BA50'

2018-05-21 12:32:11 - [TEST_STEP][PASSED] - delay: Delayed 1 second(s)

2018-05-21 12:32:12 - [MESSAGE][PASSED] - Delayed 1 second(s)

2018-05-21 12:32:12 - [TEST_STEP][PASSED] - Statement - StockQty = com.kms.katalon.core.webui.keyword.WebUiBuiltInKeywords.getAttribute(com.kms.katalon.core.testobject.ObjectRepository.findTestObject(PharmacyRequest/Page_Store/input_txtprice), "value"): Attribute 'value' of object 'Object Repository/PharmacyRequest/Page_Store/input_txtprice' is: '120'

2018-05-21 12:32:12 - [MESSAGE][PASSED] - Attribute 'value' of object 'Object Repository/PharmacyRequest/Page_Store/input_txtprice' is: '120'

2018-05-21 12:32:12 - [TEST_STEP][PASSED] - Statement - out.println("Stock QTY : " + StockQty): null

2018-05-21 12:32:12 - [TEST_STEP][PASSED] - delay: Delayed 1 second(s)

2018-05-21 12:32:13 - [MESSAGE][PASSED] - Delayed 1 second(s)

2018-05-21 12:32:13 - [TEST_STEP][PASSED] - Statement - If (java.lang.Integer.valueOf(StockQty) >= java.lang.Integer.valueOf(RequestedQty)): null

2018-05-21 12:32:13 - [TEST_STEP][PASSED] - delay: Delayed 1 second(s)

2018-05-21 12:32:14 - [MESSAGE][PASSED] - Delayed 1 second(s)

2018-05-21 12:32:14 - [TEST_STEP][PASSED] - setText: Text '10' is set on object 'Object Repository/PharmacyRequest/Page_Store/input_txtqty'

2018-05-21 12:32:14 - [MESSAGE][PASSED] - Text '10' is set on object 'Object Repository/PharmacyRequest/Page_Store/input_txtqty'

2018-05-21 12:32:14 - [TEST_STEP][PASSED] - click: Object: 'Object Repository/PharmacyRequest/Page_Store/button_Add' is clicked on

2018-05-21 12:32:14 - [MESSAGE][PASSED] - Object: 'Object Repository/PharmacyRequest/Page_Store/button_Add' is clicked on

2018-05-21 12:32:14 - [TEST_STEP][PASSED] - Statement - Break: null

2018-05-21 12:32:14 - [TEST_STEP][PASSED] - selectOptionByIndex: All options with index in [8] are selected on object 'Object Repository/PharmacyRequest/Page_Store/select_--Select--Amlodepin -5'

2018-05-21 12:32:15 - [MESSAGE][PASSED] - All options with index in [8] are selected on object 'Object Repository/PharmacyRequest/Page_Store/select_--Select--Amlodepin -5'

2018-05-21 12:32:15 - [TEST_STEP][PASSED] - delay: Delayed 1 second(s)

2018-05-21 12:32:16 - [MESSAGE][PASSED] - Delayed 1 second(s)

2018-05-21 12:32:16 - [TEST_STEP][PASSED] - Statement - RequestedQty = com.kms.katalon.core.webui.keyword.WebUiBuiltInKeywords.getAttribute(com.kms.katalon.core.testobject.ObjectRepository.findTestObject(PharmacyRequest/Page_Store/input_txttotal), "value"): Attribute 'value' of object 'Object Repository/PharmacyRequest/Page_Store/input_txttotal' is: '10'

2018-05-21 12:32:16 - [MESSAGE][PASSED] - Attribute 'value' of object 'Object Repository/PharmacyRequest/Page_Store/input_txttotal' is: '10'

2018-05-21 12:32:16 - [TEST_STEP][PASSED] - Statement - out.println("Requested QTY : " + RequestedQty): null

2018-05-21 12:32:16 - [TEST_STEP][PASSED] - Statement - BatchNumber = com.kms.katalon.core.webui.keyword.WebUiBuiltInKeywords.getNumberOfTotalOption(com.kms.katalon.core.testobject.ObjectRepository.findTestObject(PharmacyRequest/Page_Store/select_--Select--BA50)): 3 options of object 'Object Repository/PharmacyRequest/Page_Store/select_--Select--BA50' counted

2018-05-21 12:32:16 - [MESSAGE][PASSED] - 3 options of object 'Object Repository/PharmacyRequest/Page_Store/select_--Select--BA50' counted

2018-05-21 12:32:16 - [TEST_STEP][PASSED] - Statement - For ([g = 1, g <= BatchNumber - 1, (g++)]): null

2018-05-21 12:32:16 - [TEST_STEP][PASSED] - selectOptionByIndex: All options with index in [1] are selected on object 'Object Repository/PharmacyRequest/Page_Store/select_--Select--BA50'

2018-05-21 12:32:16 - [MESSAGE][PASSED] - All options with index in [1] are selected on object 'Object Repository/PharmacyRequest/Page_Store/select_--Select--BA50'

2018-05-21 12:32:16 - [TEST_STEP][PASSED] - delay: Delayed 1 second(s)

2018-05-21 12:32:17 - [MESSAGE][PASSED] - Delayed 1 second(s)

2018-05-21 12:32:17 - [TEST_STEP][PASSED] - Statement - StockQty = com.kms.katalon.core.webui.keyword.WebUiBuiltInKeywords.getAttribute(com.kms.katalon.core.testobject.ObjectRepository.findTestObject(PharmacyRequest/Page_Store/input_txtprice), "value"): Attribute 'value' of object 'Object Repository/PharmacyRequest/Page_Store/input_txtprice' is: '120'

2018-05-21 12:32:17 - [MESSAGE][PASSED] - Attribute 'value' of object 'Object Repository/PharmacyRequest/Page_Store/input_txtprice' is: '120'

2018-05-21 12:32:17 - [TEST_STEP][PASSED] - Statement - out.println("Stock QTY : " + StockQty): null

2018-05-21 12:32:17 - [TEST_STEP][PASSED] - delay: Delayed 1 second(s)

2018-05-21 12:32:18 - [MESSAGE][PASSED] - Delayed 1 second(s)

2018-05-21 12:32:18 - [TEST_STEP][PASSED] - Statement - If (java.lang.Integer.valueOf(StockQty) >= java.lang.Integer.valueOf(RequestedQty)): null

2018-05-21 12:32:18 - [TEST_STEP][PASSED] - delay: Delayed 1 second(s)

2018-05-21 12:32:19 - [MESSAGE][PASSED] - Delayed 1 second(s)

2018-05-21 12:32:19 - [TEST_STEP][PASSED] - setText: Text '10' is set on object 'Object Repository/PharmacyRequest/Page_Store/input_txtqty'

2018-05-21 12:32:19 - [MESSAGE][PASSED] - Text '10' is set on object 'Object Repository/PharmacyRequest/Page_Store/input_txtqty'

2018-05-21 12:32:19 - [TEST_STEP][PASSED] - click: Object: 'Object Repository/PharmacyRequest/Page_Store/button_Add' is clicked on

2018-05-21 12:32:19 - [MESSAGE][PASSED] - Object: 'Object Repository/PharmacyRequest/Page_Store/button_Add' is clicked on

2018-05-21 12:32:19 - [TEST_STEP][PASSED] - Statement - Break: null

2018-05-21 12:32:19 - [TEST_STEP][PASSED] - selectOptionByIndex: All options with index in [9] are selected on object 'Object Repository/PharmacyRequest/Page_Store/select_--Select--Amlodepin -5'

2018-05-21 12:32:19 - [MESSAGE][PASSED] - All options with index in [9] are selected on object 'Object Repository/PharmacyRequest/Page_Store/select_--Select--Amlodepin -5'

2018-05-21 12:32:19 - [TEST_STEP][PASSED] - delay: Delayed 1 second(s)

2018-05-21 12:32:20 - [MESSAGE][PASSED] - Delayed 1 second(s)

2018-05-21 12:32:20 - [TEST_STEP][PASSED] - Statement - RequestedQty = com.kms.katalon.core.webui.keyword.WebUiBuiltInKeywords.getAttribute(com.kms.katalon.core.testobject.ObjectRepository.findTestObject(PharmacyRequest/Page_Store/input_txttotal), "value"): Attribute 'value' of object 'Object Repository/PharmacyRequest/Page_Store/input_txttotal' is: '10'

2018-05-21 12:32:20 - [MESSAGE][PASSED] - Attribute 'value' of object 'Object Repository/PharmacyRequest/Page_Store/input_txttotal' is: '10'

2018-05-21 12:32:20 - [TEST_STEP][PASSED] - Statement - out.println("Requested QTY : " + RequestedQty): null

2018-05-21 12:32:20 - [TEST_STEP][PASSED] - Statement - BatchNumber = com.kms.katalon.core.webui.keyword.WebUiBuiltInKeywords.getNumberOfTotalOption(com.kms.katalon.core.testobject.ObjectRepository.findTestObject(PharmacyRequest/Page_Store/select_--Select--BA50)): 3 options of object 'Object Repository/PharmacyRequest/Page_Store/select_--Select--BA50' counted

2018-05-21 12:32:20 - [MESSAGE][PASSED] - 3 options of object 'Object Repository/PharmacyRequest/Page_Store/select_--Select--BA50' counted

2018-05-21 12:32:20 - [TEST_STEP][PASSED] - Statement - For ([g = 1, g <= BatchNumber - 1, (g++)]): null

2018-05-21 12:32:20 - [TEST_STEP][PASSED] - selectOptionByIndex: All options with index in [1] are selected on object 'Object Repository/PharmacyRequest/Page_Store/select_--Select--BA50'

2018-05-21 12:32:20 - [MESSAGE][PASSED] - All options with index in [1] are selected on object 'Object Repository/PharmacyRequest/Page_Store/select_--Select--BA50'

2018-05-21 12:32:20 - [TEST_STEP][PASSED] - delay: Delayed 1 second(s)

2018-05-21 12:32:21 - [MESSAGE][PASSED] - Delayed 1 second(s)

2018-05-21 12:32:21 - [TEST_STEP][PASSED] - Statement - StockQty = com.kms.katalon.core.webui.keyword.WebUiBuiltInKeywords.getAttribute(com.kms.katalon.core.testobject.ObjectRepository.findTestObject(PharmacyRequest/Page_Store/input_txtprice), "value"): Attribute 'value' of object 'Object Repository/PharmacyRequest/Page_Store/input_txtprice' is: '120'

2018-05-21 12:32:22 - [MESSAGE][PASSED] - Attribute 'value' of object 'Object Repository/PharmacyRequest/Page_Store/input_txtprice' is: '120'

2018-05-21 12:32:22 - [TEST_STEP][PASSED] - Statement - out.println("Stock QTY : " + StockQty): null

2018-05-21 12:32:22 - [TEST_STEP][PASSED] - delay: Delayed 1 second(s)

2018-05-21 12:32:23 - [MESSAGE][PASSED] - Delayed 1 second(s)

2018-05-21 12:32:23 - [TEST_STEP][PASSED] - Statement - If (java.lang.Integer.valueOf(StockQty) >= java.lang.Integer.valueOf(RequestedQty)): null

2018-05-21 12:32:23 - [TEST_STEP][PASSED] - delay: Delayed 1 second(s)

2018-05-21 12:32:24 - [MESSAGE][PASSED] - Delayed 1 second(s)

2018-05-21 12:32:24 - [TEST_STEP][PASSED] - setText: Text '10' is set on object 'Object Repository/PharmacyRequest/Page_Store/input_txtqty'

2018-05-21 12:32:24 - [MESSAGE][PASSED] - Text '10' is set on object 'Object Repository/PharmacyRequest/Page_Store/input_txtqty'

2018-05-21 12:32:24 - [TEST_STEP][PASSED] - click: Object: 'Object Repository/PharmacyRequest/Page_Store/button_Add' is clicked on

2018-05-21 12:32:24 - [MESSAGE][PASSED] - Object: 'Object Repository/PharmacyRequest/Page_Store/button_Add' is clicked on

2018-05-21 12:32:24 - [TEST_STEP][PASSED] - Statement - Break: null

2018-05-21 12:32:24 - [TEST_STEP][PASSED] - selectOptionByIndex: All options with index in [10] are selected on object 'Object Repository/PharmacyRequest/Page_Store/select_--Select--Amlodepin -5'

2018-05-21 12:32:24 - [MESSAGE][PASSED] - All options with index in [10] are selected on object 'Object Repository/PharmacyRequest/Page_Store/select_--Select--Amlodepin -5'

2018-05-21 12:32:24 - [TEST_STEP][PASSED] - delay: Delayed 1 second(s)

2018-05-21 12:32:25 - [MESSAGE][PASSED] - Delayed 1 second(s)

2018-05-21 12:32:25 - [TEST_STEP][PASSED] - Statement - RequestedQty = com.kms.katalon.core.webui.keyword.WebUiBuiltInKeywords.getAttribute(com.kms.katalon.core.testobject.ObjectRepository.findTestObject(PharmacyRequest/Page_Store/input_txttotal), "value"): Attribute 'value' of object 'Object Repository/PharmacyRequest/Page_Store/input_txttotal' is: '10'

2018-05-21 12:32:25 - [MESSAGE][PASSED] - Attribute 'value' of object 'Object Repository/PharmacyRequest/Page_Store/input_txttotal' is: '10'

2018-05-21 12:32:25 - [TEST_STEP][PASSED] - Statement - out.println("Requested QTY : " + RequestedQty): null

2018-05-21 12:32:25 - [TEST_STEP][PASSED] - Statement - BatchNumber = com.kms.katalon.core.webui.keyword.WebUiBuiltInKeywords.getNumberOfTotalOption(com.kms.katalon.core.testobject.ObjectRepository.findTestObject(PharmacyRequest/Page_Store/select_--Select--BA50)): 3 options of object 'Object Repository/PharmacyRequest/Page_Store/select_--Select--BA50' counted

2018-05-21 12:32:25 - [MESSAGE][PASSED] - 3 options of object 'Object Repository/PharmacyRequest/Page_Store/select_--Select--BA50' counted

2018-05-21 12:32:25 - [TEST_STEP][PASSED] - Statement - For ([g = 1, g <= BatchNumber - 1, (g++)]): null

2018-05-21 12:32:25 - [TEST_STEP][PASSED] - selectOptionByIndex: All options with index in [1] are selected on object 'Object Repository/PharmacyRequest/Page_Store/select_--Select--BA50'

2018-05-21 12:32:25 - [MESSAGE][PASSED] - All options with index in [1] are selected on object 'Object Repository/PharmacyRequest/Page_Store/select_--Select--BA50'

2018-05-21 12:32:25 - [TEST_STEP][PASSED] - delay: Delayed 1 second(s)

2018-05-21 12:32:26 - [MESSAGE][PASSED] - Delayed 1 second(s)

2018-05-21 12:32:26 - [TEST_STEP][PASSED] - Statement - StockQty = com.kms.katalon.core.webui.keyword.WebUiBuiltInKeywords.getAttribute(com.kms.katalon.core.testobject.ObjectRepository.findTestObject(PharmacyRequest/Page_Store/input_txtprice), "value"): Attribute 'value' of object 'Object Repository/PharmacyRequest/Page_Store/input_txtprice' is: '120'

2018-05-21 12:32:26 - [MESSAGE][PASSED] - Attribute 'value' of object 'Object Repository/PharmacyRequest/Page_Store/input_txtprice' is: '120'

2018-05-21 12:32:26 - [TEST_STEP][PASSED] - Statement - out.println("Stock QTY : " + StockQty): null

2018-05-21 12:32:26 - [TEST_STEP][PASSED] - delay: Delayed 1 second(s)

2018-05-21 12:32:27 - [MESSAGE][PASSED] - Delayed 1 second(s)

2018-05-21 12:32:27 - [TEST_STEP][PASSED] - Statement - If (java.lang.Integer.valueOf(StockQty) >= java.lang.Integer.valueOf(RequestedQty)): null

2018-05-21 12:32:27 - [TEST_STEP][PASSED] - delay: Delayed 1 second(s)

2018-05-21 12:32:28 - [MESSAGE][PASSED] - Delayed 1 second(s)

2018-05-21 12:32:28 - [TEST_STEP][PASSED] - setText: Text '10' is set on object 'Object Repository/PharmacyRequest/Page_Store/input_txtqty'

2018-05-21 12:32:28 - [MESSAGE][PASSED] - Text '10' is set on object 'Object Repository/PharmacyRequest/Page_Store/input_txtqty'

2018-05-21 12:32:28 - [TEST_STEP][PASSED] - click: Object: 'Object Repository/PharmacyRequest/Page_Store/button_Add' is clicked on

2018-05-21 12:32:28 - [MESSAGE][PASSED] - Object: 'Object Repository/PharmacyRequest/Page_Store/button_Add' is clicked on

2018-05-21 12:32:28 - [TEST_STEP][PASSED] - Statement - Break: null

2018-05-21 12:32:28 - [TEST_STEP][PASSED] - selectOptionByIndex: All options with index in [11] are selected on object 'Object Repository/PharmacyRequest/Page_Store/select_--Select--Amlodepin -5'

2018-05-21 12:32:29 - [MESSAGE][PASSED] - All options with index in [11] are selected on object 'Object Repository/PharmacyRequest/Page_Store/select_--Select--Amlodepin -5'

2018-05-21 12:32:29 - [TEST_STEP][PASSED] - delay: Delayed 1 second(s)

2018-05-21 12:32:30 - [MESSAGE][PASSED] - Delayed 1 second(s)

2018-05-21 12:32:30 - [TEST_STEP][PASSED] - Statement - RequestedQty = com.kms.katalon.core.webui.keyword.WebUiBuiltInKeywords.getAttribute(com.kms.katalon.core.testobject.ObjectRepository.findTestObject(PharmacyRequest/Page_Store/input_txttotal), "value"): Attribute 'value' of object 'Object Repository/PharmacyRequest/Page_Store/input_txttotal' is: '10'

2018-05-21 12:32:30 - [MESSAGE][PASSED] - Attribute 'value' of object 'Object Repository/PharmacyRequest/Page_Store/input_txttotal' is: '10'

2018-05-21 12:32:30 - [TEST_STEP][PASSED] - Statement - out.println("Requested QTY : " + RequestedQty): null

2018-05-21 12:32:30 - [TEST_STEP][PASSED] - Statement - BatchNumber = com.kms.katalon.core.webui.keyword.WebUiBuiltInKeywords.getNumberOfTotalOption(com.kms.katalon.core.testobject.ObjectRepository.findTestObject(PharmacyRequest/Page_Store/select_--Select--BA50)): 3 options of object 'Object Repository/PharmacyRequest/Page_Store/select_--Select--BA50' counted

2018-05-21 12:32:30 - [MESSAGE][PASSED] - 3 options of object 'Object Repository/PharmacyRequest/Page_Store/select_--Select--BA50' counted

2018-05-21 12:32:30 - [TEST_STEP][PASSED] - Statement - For ([g = 1, g <= BatchNumber - 1, (g++)]): null

2018-05-21 12:32:30 - [TEST_STEP][PASSED] - selectOptionByIndex: All options with index in [1] are selected on object 'Object Repository/PharmacyRequest/Page_Store/select_--Select--BA50'

2018-05-21 12:32:30 - [MESSAGE][PASSED] - All options with index in [1] are selected on object 'Object Repository/PharmacyRequest/Page_Store/select_--Select--BA50'

2018-05-21 12:32:30 - [TEST_STEP][PASSED] - delay: Delayed 1 second(s)

2018-05-21 12:32:31 - [MESSAGE][PASSED] - Delayed 1 second(s)

2018-05-21 12:32:31 - [TEST_STEP][PASSED] - Statement - StockQty = com.kms.katalon.core.webui.keyword.WebUiBuiltInKeywords.getAttribute(com.kms.katalon.core.testobject.ObjectRepository.findTestObject(PharmacyRequest/Page_Store/input_txtprice), "value"): Attribute 'value' of object 'Object Repository/PharmacyRequest/Page_Store/input_txtprice' is: '120'

2018-05-21 12:32:31 - [MESSAGE][PASSED] - Attribute 'value' of object 'Object Repository/PharmacyRequest/Page_Store/input_txtprice' is: '120'

2018-05-21 12:32:31 - [TEST_STEP][PASSED] - Statement - out.println("Stock QTY : " + StockQty): null

2018-05-21 12:32:31 - [TEST_STEP][PASSED] - delay: Delayed 1 second(s)

2018-05-21 12:32:32 - [MESSAGE][PASSED] - Delayed 1 second(s)

2018-05-21 12:32:32 - [TEST_STEP][PASSED] - Statement - If (java.lang.Integer.valueOf(StockQty) >= java.lang.Integer.valueOf(RequestedQty)): null

2018-05-21 12:32:32 - [TEST_STEP][PASSED] - delay: Delayed 1 second(s)

2018-05-21 12:32:33 - [MESSAGE][PASSED] - Delayed 1 second(s)

2018-05-21 12:32:33 - [TEST_STEP][PASSED] - setText: Text '10' is set on object 'Object Repository/PharmacyRequest/Page_Store/input_txtqty'

2018-05-21 12:32:33 - [MESSAGE][PASSED] - Text '10' is set on object 'Object Repository/PharmacyRequest/Page_Store/input_txtqty'

2018-05-21 12:32:33 - [TEST_STEP][PASSED] - click: Object: 'Object Repository/PharmacyRequest/Page_Store/button_Add' is clicked on

2018-05-21 12:32:33 - [MESSAGE][PASSED] - Object: 'Object Repository/PharmacyRequest/Page_Store/button_Add' is clicked on

2018-05-21 12:32:33 - [TEST_STEP][PASSED] - Statement - Break: null

2018-05-21 12:32:33 - [TEST_STEP][PASSED] - selectOptionByIndex: All options with index in [12] are selected on object 'Object Repository/PharmacyRequest/Page_Store/select_--Select--Amlodepin -5'

2018-05-21 12:32:33 - [MESSAGE][PASSED] - All options with index in [12] are selected on object 'Object Repository/PharmacyRequest/Page_Store/select_--Select--Amlodepin -5'

2018-05-21 12:32:33 - [TEST_STEP][PASSED] - delay: Delayed 1 second(s)

2018-05-21 12:32:34 - [MESSAGE][PASSED] - Delayed 1 second(s)

2018-05-21 12:32:34 - [TEST_STEP][PASSED] - Statement - RequestedQty = com.kms.katalon.core.webui.keyword.WebUiBuiltInKeywords.getAttribute(com.kms.katalon.core.testobject.ObjectRepository.findTestObject(PharmacyRequest/Page_Store/input_txttotal), "value"): Attribute 'value' of object 'Object Repository/PharmacyRequest/Page_Store/input_txttotal' is: '10'

2018-05-21 12:32:34 - [MESSAGE][PASSED] - Attribute 'value' of object 'Object Repository/PharmacyRequest/Page_Store/input_txttotal' is: '10'

2018-05-21 12:32:34 - [TEST_STEP][PASSED] - Statement - out.println("Requested QTY : " + RequestedQty): null

2018-05-21 12:32:34 - [TEST_STEP][PASSED] - Statement - BatchNumber = com.kms.katalon.core.webui.keyword.WebUiBuiltInKeywords.getNumberOfTotalOption(com.kms.katalon.core.testobject.ObjectRepository.findTestObject(PharmacyRequest/Page_Store/select_--Select--BA50)): 2 options of object 'Object Repository/PharmacyRequest/Page_Store/select_--Select--BA50' counted

2018-05-21 12:32:34 - [MESSAGE][PASSED] - 2 options of object 'Object Repository/PharmacyRequest/Page_Store/select_--Select--BA50' counted

2018-05-21 12:32:34 - [TEST_STEP][PASSED] - Statement - For ([g = 1, g <= BatchNumber - 1, (g++)]): null

2018-05-21 12:32:34 - [TEST_STEP][PASSED] - selectOptionByIndex: All options with index in [1] are selected on object 'Object Repository/PharmacyRequest/Page_Store/select_--Select--BA50'

2018-05-21 12:32:34 - [MESSAGE][PASSED] - All options with index in [1] are selected on object 'Object Repository/PharmacyRequest/Page_Store/select_--Select--BA50'

2018-05-21 12:32:34 - [TEST_STEP][PASSED] - delay: Delayed 1 second(s)

2018-05-21 12:32:35 - [MESSAGE][PASSED] - Delayed 1 second(s)

2018-05-21 12:32:35 - [TEST_STEP][PASSED] - Statement - StockQty = com.kms.katalon.core.webui.keyword.WebUiBuiltInKeywords.getAttribute(com.kms.katalon.core.testobject.ObjectRepository.findTestObject(PharmacyRequest/Page_Store/input_txtprice), "value"): Attribute 'value' of object 'Object Repository/PharmacyRequest/Page_Store/input_txtprice' is: '190'

2018-05-21 12:32:35 - [MESSAGE][PASSED] - Attribute 'value' of object 'Object Repository/PharmacyRequest/Page_Store/input_txtprice' is: '190'

2018-05-21 12:32:35 - [TEST_STEP][PASSED] - Statement - out.println("Stock QTY : " + StockQty): null

2018-05-21 12:32:35 - [TEST_STEP][PASSED] - delay: Delayed 1 second(s)

2018-05-21 12:32:36 - [MESSAGE][PASSED] - Delayed 1 second(s)

2018-05-21 12:32:36 - [TEST_STEP][PASSED] - Statement - If (java.lang.Integer.valueOf(StockQty) >= java.lang.Integer.valueOf(RequestedQty)): null

2018-05-21 12:32:36 - [TEST_STEP][PASSED] - delay: Delayed 1 second(s)

2018-05-21 12:32:37 - [MESSAGE][PASSED] - Delayed 1 second(s)

2018-05-21 12:32:37 - [TEST_STEP][PASSED] - setText: Text '10' is set on object 'Object Repository/PharmacyRequest/Page_Store/input_txtqty'

2018-05-21 12:32:38 - [MESSAGE][PASSED] - Text '10' is set on object 'Object Repository/PharmacyRequest/Page_Store/input_txtqty'

2018-05-21 12:32:38 - [TEST_STEP][PASSED] - click: Object: 'Object Repository/PharmacyRequest/Page_Store/button_Add' is clicked on

2018-05-21 12:32:38 - [MESSAGE][PASSED] - Object: 'Object Repository/PharmacyRequest/Page_Store/button_Add' is clicked on

2018-05-21 12:32:38 - [TEST_STEP][PASSED] - Statement - Break: null

2018-05-21 12:32:38 - [TEST_STEP][PASSED] - selectOptionByIndex: All options with index in [13] are selected on object 'Object Repository/PharmacyRequest/Page_Store/select_--Select--Amlodepin -5'

2018-05-21 12:32:38 - [MESSAGE][PASSED] - All options with index in [13] are selected on object 'Object Repository/PharmacyRequest/Page_Store/select_--Select--Amlodepin -5'

2018-05-21 12:32:38 - [TEST_STEP][PASSED] - delay: Delayed 1 second(s)

2018-05-21 12:32:39 - [MESSAGE][PASSED] - Delayed 1 second(s)

2018-05-21 12:32:39 - [TEST_STEP][PASSED] - Statement - RequestedQty = com.kms.katalon.core.webui.keyword.WebUiBuiltInKeywords.getAttribute(com.kms.katalon.core.testobject.ObjectRepository.findTestObject(PharmacyRequest/Page_Store/input_txttotal), "value"): Attribute 'value' of object 'Object Repository/PharmacyRequest/Page_Store/input_txttotal' is: '10'

2018-05-21 12:32:39 - [MESSAGE][PASSED] - Attribute 'value' of object 'Object Repository/PharmacyRequest/Page_Store/input_txttotal' is: '10'

2018-05-21 12:32:39 - [TEST_STEP][PASSED] - Statement - out.println("Requested QTY : " + RequestedQty): null

2018-05-21 12:32:39 - [TEST_STEP][PASSED] - Statement - BatchNumber = com.kms.katalon.core.webui.keyword.WebUiBuiltInKeywords.getNumberOfTotalOption(com.kms.katalon.core.testobject.ObjectRepository.findTestObject(PharmacyRequest/Page_Store/select_--Select--BA50)): 3 options of object 'Object Repository/PharmacyRequest/Page_Store/select_--Select--BA50' counted

2018-05-21 12:32:39 - [MESSAGE][PASSED] - 3 options of object 'Object Repository/PharmacyRequest/Page_Store/select_--Select--BA50' counted

2018-05-21 12:32:39 - [TEST_STEP][PASSED] - Statement - For ([g = 1, g <= BatchNumber - 1, (g++)]): null

2018-05-21 12:32:39 - [TEST_STEP][PASSED] - selectOptionByIndex: All options with index in [1] are selected on object 'Object Repository/PharmacyRequest/Page_Store/select_--Select--BA50'

2018-05-21 12:32:39 - [MESSAGE][PASSED] - All options with index in [1] are selected on object 'Object Repository/PharmacyRequest/Page_Store/select_--Select--BA50'

2018-05-21 12:32:39 - [TEST_STEP][PASSED] - delay: Delayed 1 second(s)

2018-05-21 12:32:40 - [MESSAGE][PASSED] - Delayed 1 second(s)

2018-05-21 12:32:40 - [TEST_STEP][PASSED] - Statement - StockQty = com.kms.katalon.core.webui.keyword.WebUiBuiltInKeywords.getAttribute(com.kms.katalon.core.testobject.ObjectRepository.findTestObject(PharmacyRequest/Page_Store/input_txtprice), "value"): Attribute 'value' of object 'Object Repository/PharmacyRequest/Page_Store/input_txtprice' is: '120'

2018-05-21 12:32:40 - [MESSAGE][PASSED] - Attribute 'value' of object 'Object Repository/PharmacyRequest/Page_Store/input_txtprice' is: '120'

2018-05-21 12:32:40 - [TEST_STEP][PASSED] - Statement - out.println("Stock QTY : " + StockQty): null

2018-05-21 12:32:40 - [TEST_STEP][PASSED] - delay: Delayed 1 second(s)

2018-05-21 12:32:41 - [MESSAGE][PASSED] - Delayed 1 second(s)

2018-05-21 12:32:41 - [TEST_STEP][PASSED] - Statement - If (java.lang.Integer.valueOf(StockQty) >= java.lang.Integer.valueOf(RequestedQty)): null

2018-05-21 12:32:41 - [TEST_STEP][PASSED] - delay: Delayed 1 second(s)

2018-05-21 12:32:42 - [MESSAGE][PASSED] - Delayed 1 second(s)

2018-05-21 12:32:42 - [TEST_STEP][PASSED] - setText: Text '10' is set on object 'Object Repository/PharmacyRequest/Page_Store/input_txtqty'

2018-05-21 12:32:42 - [MESSAGE][PASSED] - Text '10' is set on object 'Object Repository/PharmacyRequest/Page_Store/input_txtqty'

2018-05-21 12:32:42 - [TEST_STEP][PASSED] - click: Object: 'Object Repository/PharmacyRequest/Page_Store/button_Add' is clicked on

2018-05-21 12:32:42 - [MESSAGE][PASSED] - Object: 'Object Repository/PharmacyRequest/Page_Store/button_Add' is clicked on

2018-05-21 12:32:42 - [TEST_STEP][PASSED] - Statement - Break: null

2018-05-21 12:32:42 - [TEST_STEP][PASSED] - selectOptionByIndex: All options with index in [14] are selected on object 'Object Repository/PharmacyRequest/Page_Store/select_--Select--Amlodepin -5'

2018-05-21 12:32:42 - [MESSAGE][PASSED] - All options with index in [14] are selected on object 'Object Repository/PharmacyRequest/Page_Store/select_--Select--Amlodepin -5'

2018-05-21 12:32:42 - [TEST_STEP][PASSED] - delay: Delayed 1 second(s)

2018-05-21 12:32:43 - [MESSAGE][PASSED] - Delayed 1 second(s)

2018-05-21 12:32:43 - [TEST_STEP][PASSED] - Statement - RequestedQty = com.kms.katalon.core.webui.keyword.WebUiBuiltInKeywords.getAttribute(com.kms.katalon.core.testobject.ObjectRepository.findTestObject(PharmacyRequest/Page_Store/input_txttotal), "value"): Attribute 'value' of object 'Object Repository/PharmacyRequest/Page_Store/input_txttotal' is: '10'

2018-05-21 12:32:43 - [MESSAGE][PASSED] - Attribute 'value' of object 'Object Repository/PharmacyRequest/Page_Store/input_txttotal' is: '10'

2018-05-21 12:32:43 - [TEST_STEP][PASSED] - Statement - out.println("Requested QTY : " + RequestedQty): null

2018-05-21 12:32:43 - [TEST_STEP][PASSED] - Statement - BatchNumber = com.kms.katalon.core.webui.keyword.WebUiBuiltInKeywords.getNumberOfTotalOption(com.kms.katalon.core.testobject.ObjectRepository.findTestObject(PharmacyRequest/Page_Store/select_--Select--BA50)): 2 options of object 'Object Repository/PharmacyRequest/Page_Store/select_--Select--BA50' counted

2018-05-21 12:32:44 - [MESSAGE][PASSED] - 2 options of object 'Object Repository/PharmacyRequest/Page_Store/select_--Select--BA50' counted

2018-05-21 12:32:44 - [TEST_STEP][PASSED] - Statement - For ([g = 1, g <= BatchNumber - 1, (g++)]): null

2018-05-21 12:32:44 - [TEST_STEP][PASSED] - selectOptionByIndex: All options with index in [1] are selected on object 'Object Repository/PharmacyRequest/Page_Store/select_--Select--BA50'

2018-05-21 12:32:44 - [MESSAGE][PASSED] - All options with index in [1] are selected on object 'Object Repository/PharmacyRequest/Page_Store/select_--Select--BA50'

2018-05-21 12:32:44 - [TEST_STEP][PASSED] - delay: Delayed 1 second(s)

2018-05-21 12:32:45 - [MESSAGE][PASSED] - Delayed 1 second(s)

2018-05-21 12:32:45 - [TEST_STEP][PASSED] - Statement - StockQty = com.kms.katalon.core.webui.keyword.WebUiBuiltInKeywords.getAttribute(com.kms.katalon.core.testobject.ObjectRepository.findTestObject(PharmacyRequest/Page_Store/input_txtprice), "value"): Attribute 'value' of object 'Object Repository/PharmacyRequest/Page_Store/input_txtprice' is: '190'

2018-05-21 12:32:45 - [MESSAGE][PASSED] - Attribute 'value' of object 'Object Repository/PharmacyRequest/Page_Store/input_txtprice' is: '190'

2018-05-21 12:32:45 - [TEST_STEP][PASSED] - Statement - out.println("Stock QTY : " + StockQty): null

2018-05-21 12:32:45 - [TEST_STEP][PASSED] - delay: Delayed 1 second(s)

2018-05-21 12:32:46 - [MESSAGE][PASSED] - Delayed 1 second(s)

2018-05-21 12:32:46 - [TEST_STEP][PASSED] - Statement - If (java.lang.Integer.valueOf(StockQty) >= java.lang.Integer.valueOf(RequestedQty)): null

2018-05-21 12:32:46 - [TEST_STEP][PASSED] - delay: Delayed 1 second(s)

2018-05-21 12:32:47 - [MESSAGE][PASSED] - Delayed 1 second(s)

2018-05-21 12:32:47 - [TEST_STEP][PASSED] - setText: Text '10' is set on object 'Object Repository/PharmacyRequest/Page_Store/input_txtqty'

2018-05-21 12:32:47 - [MESSAGE][PASSED] - Text '10' is set on object 'Object Repository/PharmacyRequest/Page_Store/input_txtqty'

2018-05-21 12:32:47 - [TEST_STEP][PASSED] - click: Object: 'Object Repository/PharmacyRequest/Page_Store/button_Add' is clicked on

2018-05-21 12:32:47 - [MESSAGE][PASSED] - Object: 'Object Repository/PharmacyRequest/Page_Store/button_Add' is clicked on

2018-05-21 12:32:47 - [TEST_STEP][PASSED] - Statement - Break: null

2018-05-21 12:32:47 - [TEST_STEP][PASSED] - selectOptionByIndex: All options with index in [15] are selected on object 'Object Repository/PharmacyRequest/Page_Store/select_--Select--Amlodepin -5'

2018-05-21 12:32:47 - [MESSAGE][PASSED] - All options with index in [15] are selected on object 'Object Repository/PharmacyRequest/Page_Store/select_--Select--Amlodepin -5'

2018-05-21 12:32:47 - [TEST_STEP][PASSED] - delay: Delayed 1 second(s)

2018-05-21 12:32:48 - [MESSAGE][PASSED] - Delayed 1 second(s)

2018-05-21 12:32:48 - [TEST_STEP][PASSED] - Statement - RequestedQty = com.kms.katalon.core.webui.keyword.WebUiBuiltInKeywords.getAttribute(com.kms.katalon.core.testobject.ObjectRepository.findTestObject(PharmacyRequest/Page_Store/input_txttotal), "value"): Attribute 'value' of object 'Object Repository/PharmacyRequest/Page_Store/input_txttotal' is: '10'

2018-05-21 12:32:48 - [MESSAGE][PASSED] - Attribute 'value' of object 'Object Repository/PharmacyRequest/Page_Store/input_txttotal' is: '10'

2018-05-21 12:32:48 - [TEST_STEP][PASSED] - Statement - out.println("Requested QTY : " + RequestedQty): null

2018-05-21 12:32:48 - [TEST_STEP][PASSED] - Statement - BatchNumber = com.kms.katalon.core.webui.keyword.WebUiBuiltInKeywords.getNumberOfTotalOption(com.kms.katalon.core.testobject.ObjectRepository.findTestObject(PharmacyRequest/Page_Store/select_--Select--BA50)): 2 options of object 'Object Repository/PharmacyRequest/Page_Store/select_--Select--BA50' counted

2018-05-21 12:32:48 - [MESSAGE][PASSED] - 2 options of object 'Object Repository/PharmacyRequest/Page_Store/select_--Select--BA50' counted

2018-05-21 12:32:48 - [TEST_STEP][PASSED] - Statement - For ([g = 1, g <= BatchNumber - 1, (g++)]): null

2018-05-21 12:32:48 - [TEST_STEP][PASSED] - selectOptionByIndex: All options with index in [1] are selected on object 'Object Repository/PharmacyRequest/Page_Store/select_--Select--BA50'

2018-05-21 12:32:48 - [MESSAGE][PASSED] - All options with index in [1] are selected on object 'Object Repository/PharmacyRequest/Page_Store/select_--Select--BA50'

2018-05-21 12:32:48 - [TEST_STEP][PASSED] - delay: Delayed 1 second(s)

2018-05-21 12:32:49 - [MESSAGE][PASSED] - Delayed 1 second(s)

2018-05-21 12:32:49 - [TEST_STEP][PASSED] - Statement - StockQty = com.kms.katalon.core.webui.keyword.WebUiBuiltInKeywords.getAttribute(com.kms.katalon.core.testobject.ObjectRepository.findTestObject(PharmacyRequest/Page_Store/input_txtprice), "value"): Attribute 'value' of object 'Object Repository/PharmacyRequest/Page_Store/input_txtprice' is: '190'

2018-05-21 12:32:49 - [MESSAGE][PASSED] - Attribute 'value' of object 'Object Repository/PharmacyRequest/Page_Store/input_txtprice' is: '190'

2018-05-21 12:32:49 - [TEST_STEP][PASSED] - Statement - out.println("Stock QTY : " + StockQty): null

2018-05-21 12:32:49 - [TEST_STEP][PASSED] - delay: Delayed 1 second(s)

2018-05-21 12:32:50 - [MESSAGE][PASSED] - Delayed 1 second(s)

2018-05-21 12:32:50 - [TEST_STEP][PASSED] - Statement - If (java.lang.Integer.valueOf(StockQty) >= java.lang.Integer.valueOf(RequestedQty)): null

2018-05-21 12:32:50 - [TEST_STEP][PASSED] - delay: Delayed 1 second(s)

2018-05-21 12:32:51 - [MESSAGE][PASSED] - Delayed 1 second(s)

2018-05-21 12:32:51 - [TEST_STEP][PASSED] - setText: Text '10' is set on object 'Object Repository/PharmacyRequest/Page_Store/input_txtqty'

2018-05-21 12:32:52 - [MESSAGE][PASSED] - Text '10' is set on object 'Object Repository/PharmacyRequest/Page_Store/input_txtqty'

2018-05-21 12:32:52 - [TEST_STEP][PASSED] - click: Object: 'Object Repository/PharmacyRequest/Page_Store/button_Add' is clicked on

2018-05-21 12:32:52 - [MESSAGE][PASSED] - Object: 'Object Repository/PharmacyRequest/Page_Store/button_Add' is clicked on

2018-05-21 12:32:52 - [TEST_STEP][PASSED] - Statement - Break: null

2018-05-21 12:32:52 - [TEST_STEP][PASSED] - selectOptionByIndex: All options with index in [16] are selected on object 'Object Repository/PharmacyRequest/Page_Store/select_--Select--Amlodepin -5'

2018-05-21 12:32:52 - [MESSAGE][PASSED] - All options with index in [16] are selected on object 'Object Repository/PharmacyRequest/Page_Store/select_--Select--Amlodepin -5'

2018-05-21 12:32:52 - [TEST_STEP][PASSED] - delay: Delayed 1 second(s)

2018-05-21 12:32:53 - [MESSAGE][PASSED] - Delayed 1 second(s)

2018-05-21 12:32:53 - [TEST_STEP][PASSED] - Statement - RequestedQty = com.kms.katalon.core.webui.keyword.WebUiBuiltInKeywords.getAttribute(com.kms.katalon.core.testobject.ObjectRepository.findTestObject(PharmacyRequest/Page_Store/input_txttotal), "value"): Attribute 'value' of object 'Object Repository/PharmacyRequest/Page_Store/input_txttotal' is: '10'

2018-05-21 12:32:53 - [MESSAGE][PASSED] - Attribute 'value' of object 'Object Repository/PharmacyRequest/Page_Store/input_txttotal' is: '10'

2018-05-21 12:32:53 - [TEST_STEP][PASSED] - Statement - out.println("Requested QTY : " + RequestedQty): null

2018-05-21 12:32:53 - [TEST_STEP][PASSED] - Statement - BatchNumber = com.kms.katalon.core.webui.keyword.WebUiBuiltInKeywords.getNumberOfTotalOption(com.kms.katalon.core.testobject.ObjectRepository.findTestObject(PharmacyRequest/Page_Store/select_--Select--BA50)): 3 options of object 'Object Repository/PharmacyRequest/Page_Store/select_--Select--BA50' counted

2018-05-21 12:32:53 - [MESSAGE][PASSED] - 3 options of object 'Object Repository/PharmacyRequest/Page_Store/select_--Select--BA50' counted

2018-05-21 12:32:53 - [TEST_STEP][PASSED] - Statement - For ([g = 1, g <= BatchNumber - 1, (g++)]): null

2018-05-21 12:32:53 - [TEST_STEP][PASSED] - selectOptionByIndex: All options with index in [1] are selected on object 'Object Repository/PharmacyRequest/Page_Store/select_--Select--BA50'

2018-05-21 12:32:53 - [MESSAGE][PASSED] - All options with index in [1] are selected on object 'Object Repository/PharmacyRequest/Page_Store/select_--Select--BA50'

2018-05-21 12:32:53 - [TEST_STEP][PASSED] - delay: Delayed 1 second(s)

2018-05-21 12:32:54 - [MESSAGE][PASSED] - Delayed 1 second(s)

2018-05-21 12:32:54 - [TEST_STEP][PASSED] - Statement - StockQty = com.kms.katalon.core.webui.keyword.WebUiBuiltInKeywords.getAttribute(com.kms.katalon.core.testobject.ObjectRepository.findTestObject(PharmacyRequest/Page_Store/input_txtprice), "value"): Attribute 'value' of object 'Object Repository/PharmacyRequest/Page_Store/input_txtprice' is: '120'

2018-05-21 12:32:54 - [MESSAGE][PASSED] - Attribute 'value' of object 'Object Repository/PharmacyRequest/Page_Store/input_txtprice' is: '120'

2018-05-21 12:32:54 - [TEST_STEP][PASSED] - Statement - out.println("Stock QTY : " + StockQty): null

2018-05-21 12:32:54 - [TEST_STEP][PASSED] - delay: Delayed 1 second(s)

2018-05-21 12:32:55 - [MESSAGE][PASSED] - Delayed 1 second(s)

2018-05-21 12:32:55 - [TEST_STEP][PASSED] - Statement - If (java.lang.Integer.valueOf(StockQty) >= java.lang.Integer.valueOf(RequestedQty)): null

2018-05-21 12:32:55 - [TEST_STEP][PASSED] - delay: Delayed 1 second(s)

2018-05-21 12:32:56 - [MESSAGE][PASSED] - Delayed 1 second(s)

2018-05-21 12:32:56 - [TEST_STEP][PASSED] - setText: Text '10' is set on object 'Object Repository/PharmacyRequest/Page_Store/input_txtqty'

2018-05-21 12:32:56 - [MESSAGE][PASSED] - Text '10' is set on object 'Object Repository/PharmacyRequest/Page_Store/input_txtqty'

2018-05-21 12:32:56 - [TEST_STEP][PASSED] - click: Object: 'Object Repository/PharmacyRequest/Page_Store/button_Add' is clicked on

2018-05-21 12:32:56 - [MESSAGE][PASSED] - Object: 'Object Repository/PharmacyRequest/Page_Store/button_Add' is clicked on

2018-05-21 12:32:56 - [TEST_STEP][PASSED] - Statement - Break: null

2018-05-21 12:32:56 - [TEST_STEP][PASSED] - selectOptionByIndex: All options with index in [17] are selected on object 'Object Repository/PharmacyRequest/Page_Store/select_--Select--Amlodepin -5'

2018-05-21 12:32:56 - [MESSAGE][PASSED] - All options with index in [17] are selected on object 'Object Repository/PharmacyRequest/Page_Store/select_--Select--Amlodepin -5'

2018-05-21 12:32:56 - [TEST_STEP][PASSED] - delay: Delayed 1 second(s)

2018-05-21 12:32:57 - [MESSAGE][PASSED] - Delayed 1 second(s)

2018-05-21 12:32:57 - [TEST_STEP][PASSED] - Statement - RequestedQty = com.kms.katalon.core.webui.keyword.WebUiBuiltInKeywords.getAttribute(com.kms.katalon.core.testobject.ObjectRepository.findTestObject(PharmacyRequest/Page_Store/input_txttotal), "value"): Attribute 'value' of object 'Object Repository/PharmacyRequest/Page_Store/input_txttotal' is: '10'

2018-05-21 12:32:57 - [MESSAGE][PASSED] - Attribute 'value' of object 'Object Repository/PharmacyRequest/Page_Store/input_txttotal' is: '10'

2018-05-21 12:32:57 - [TEST_STEP][PASSED] - Statement - out.println("Requested QTY : " + RequestedQty): null

2018-05-21 12:32:57 - [TEST_STEP][PASSED] - Statement - BatchNumber = com.kms.katalon.core.webui.keyword.WebUiBuiltInKeywords.getNumberOfTotalOption(com.kms.katalon.core.testobject.ObjectRepository.findTestObject(PharmacyRequest/Page_Store/select_--Select--BA50)): 3 options of object 'Object Repository/PharmacyRequest/Page_Store/select_--Select--BA50' counted

2018-05-21 12:32:58 - [MESSAGE][PASSED] - 3 options of object 'Object Repository/PharmacyRequest/Page_Store/select_--Select--BA50' counted

2018-05-21 12:32:58 - [TEST_STEP][PASSED] - Statement - For ([g = 1, g <= BatchNumber - 1, (g++)]): null

2018-05-21 12:32:58 - [TEST_STEP][PASSED] - selectOptionByIndex: All options with index in [1] are selected on object 'Object Repository/PharmacyRequest/Page_Store/select_--Select--BA50'

2018-05-21 12:32:58 - [MESSAGE][PASSED] - All options with index in [1] are selected on object 'Object Repository/PharmacyRequest/Page_Store/select_--Select--BA50'

2018-05-21 12:32:58 - [TEST_STEP][PASSED] - delay: Delayed 1 second(s)

2018-05-21 12:32:59 - [MESSAGE][PASSED] - Delayed 1 second(s)

2018-05-21 12:32:59 - [TEST_STEP][PASSED] - Statement - StockQty = com.kms.katalon.core.webui.keyword.WebUiBuiltInKeywords.getAttribute(com.kms.katalon.core.testobject.ObjectRepository.findTestObject(PharmacyRequest/Page_Store/input_txtprice), "value"): Attribute 'value' of object 'Object Repository/PharmacyRequest/Page_Store/input_txtprice' is: '120'

2018-05-21 12:32:59 - [MESSAGE][PASSED] - Attribute 'value' of object 'Object Repository/PharmacyRequest/Page_Store/input_txtprice' is: '120'

2018-05-21 12:32:59 - [TEST_STEP][PASSED] - Statement - out.println("Stock QTY : " + StockQty): null

2018-05-21 12:32:59 - [TEST_STEP][PASSED] - delay: Delayed 1 second(s)

2018-05-21 12:33:00 - [MESSAGE][PASSED] - Delayed 1 second(s)

2018-05-21 12:33:00 - [TEST_STEP][PASSED] - Statement - If (java.lang.Integer.valueOf(StockQty) >= java.lang.Integer.valueOf(RequestedQty)): null

2018-05-21 12:33:00 - [TEST_STEP][PASSED] - delay: Delayed 1 second(s)

2018-05-21 12:33:01 - [MESSAGE][PASSED] - Delayed 1 second(s)

2018-05-21 12:33:01 - [TEST_STEP][PASSED] - setText: Text '10' is set on object 'Object Repository/PharmacyRequest/Page_Store/input_txtqty'

2018-05-21 12:33:01 - [MESSAGE][PASSED] - Text '10' is set on object 'Object Repository/PharmacyRequest/Page_Store/input_txtqty'

2018-05-21 12:33:01 - [TEST_STEP][PASSED] - click: Object: 'Object Repository/PharmacyRequest/Page_Store/button_Add' is clicked on

2018-05-21 12:33:01 - [MESSAGE][PASSED] - Object: 'Object Repository/PharmacyRequest/Page_Store/button_Add' is clicked on

2018-05-21 12:33:01 - [TEST_STEP][PASSED] - Statement - Break: null

2018-05-21 12:33:01 - [TEST_STEP][PASSED] - selectOptionByIndex: All options with index in [18] are selected on object 'Object Repository/PharmacyRequest/Page_Store/select_--Select--Amlodepin -5'

2018-05-21 12:33:01 - [MESSAGE][PASSED] - All options with index in [18] are selected on object 'Object Repository/PharmacyRequest/Page_Store/select_--Select--Amlodepin -5'

2018-05-21 12:33:01 - [TEST_STEP][PASSED] - delay: Delayed 1 second(s)

2018-05-21 12:33:02 - [MESSAGE][PASSED] - Delayed 1 second(s)

2018-05-21 12:33:02 - [TEST_STEP][PASSED] - Statement - RequestedQty = com.kms.katalon.core.webui.keyword.WebUiBuiltInKeywords.getAttribute(com.kms.katalon.core.testobject.ObjectRepository.findTestObject(PharmacyRequest/Page_Store/input_txttotal), "value"): Attribute 'value' of object 'Object Repository/PharmacyRequest/Page_Store/input_txttotal' is: '10'

2018-05-21 12:33:02 - [MESSAGE][PASSED] - Attribute 'value' of object 'Object Repository/PharmacyRequest/Page_Store/input_txttotal' is: '10'

2018-05-21 12:33:02 - [TEST_STEP][PASSED] - Statement - out.println("Requested QTY : " + RequestedQty): null

2018-05-21 12:33:02 - [TEST_STEP][PASSED] - Statement - BatchNumber = com.kms.katalon.core.webui.keyword.WebUiBuiltInKeywords.getNumberOfTotalOption(com.kms.katalon.core.testobject.ObjectRepository.findTestObject(PharmacyRequest/Page_Store/select_--Select--BA50)): 3 options of object 'Object Repository/PharmacyRequest/Page_Store/select_--Select--BA50' counted

2018-05-21 12:33:02 - [MESSAGE][PASSED] - 3 options of object 'Object Repository/PharmacyRequest/Page_Store/select_--Select--BA50' counted

2018-05-21 12:33:02 - [TEST_STEP][PASSED] - Statement - For ([g = 1, g <= BatchNumber - 1, (g++)]): null

2018-05-21 12:33:02 - [TEST_STEP][PASSED] - selectOptionByIndex: All options with index in [1] are selected on object 'Object Repository/PharmacyRequest/Page_Store/select_--Select--BA50'

2018-05-21 12:33:02 - [MESSAGE][PASSED] - All options with index in [1] are selected on object 'Object Repository/PharmacyRequest/Page_Store/select_--Select--BA50'

2018-05-21 12:33:02 - [TEST_STEP][PASSED] - delay: Delayed 1 second(s)

2018-05-21 12:33:03 - [MESSAGE][PASSED] - Delayed 1 second(s)

2018-05-21 12:33:03 - [TEST_STEP][PASSED] - Statement - StockQty = com.kms.katalon.core.webui.keyword.WebUiBuiltInKeywords.getAttribute(com.kms.katalon.core.testobject.ObjectRepository.findTestObject(PharmacyRequest/Page_Store/input_txtprice), "value"): Attribute 'value' of object 'Object Repository/PharmacyRequest/Page_Store/input_txtprice' is: '120'

2018-05-21 12:33:03 - [MESSAGE][PASSED] - Attribute 'value' of object 'Object Repository/PharmacyRequest/Page_Store/input_txtprice' is: '120'

2018-05-21 12:33:03 - [TEST_STEP][PASSED] - Statement - out.println("Stock QTY : " + StockQty): null

2018-05-21 12:33:03 - [TEST_STEP][PASSED] - delay: Delayed 1 second(s)

2018-05-21 12:33:04 - [MESSAGE][PASSED] - Delayed 1 second(s)

2018-05-21 12:33:04 - [TEST_STEP][PASSED] - Statement - If (java.lang.Integer.valueOf(StockQty) >= java.lang.Integer.valueOf(RequestedQty)): null

2018-05-21 12:33:04 - [TEST_STEP][PASSED] - delay: Delayed 1 second(s)

2018-05-21 12:33:05 - [MESSAGE][PASSED] - Delayed 1 second(s)

2018-05-21 12:33:05 - [TEST_STEP][PASSED] - setText: Text '10' is set on object 'Object Repository/PharmacyRequest/Page_Store/input_txtqty'

2018-05-21 12:33:05 - [MESSAGE][PASSED] - Text '10' is set on object 'Object Repository/PharmacyRequest/Page_Store/input_txtqty'

2018-05-21 12:33:05 - [TEST_STEP][PASSED] - click: Object: 'Object Repository/PharmacyRequest/Page_Store/button_Add' is clicked on

2018-05-21 12:33:06 - [MESSAGE][PASSED] - Object: 'Object Repository/PharmacyRequest/Page_Store/button_Add' is clicked on

2018-05-21 12:33:06 - [TEST_STEP][PASSED] - Statement - Break: null

2018-05-21 12:33:06 - [TEST_STEP][PASSED] - selectOptionByIndex: All options with index in [19] are selected on object 'Object Repository/PharmacyRequest/Page_Store/select_--Select--Amlodepin -5'

2018-05-21 12:33:06 - [MESSAGE][PASSED] - All options with index in [19] are selected on object 'Object Repository/PharmacyRequest/Page_Store/select_--Select--Amlodepin -5'

2018-05-21 12:33:06 - [TEST_STEP][PASSED] - delay: Delayed 1 second(s)

2018-05-21 12:33:07 - [MESSAGE][PASSED] - Delayed 1 second(s)

2018-05-21 12:33:07 - [TEST_STEP][PASSED] - Statement - RequestedQty = com.kms.katalon.core.webui.keyword.WebUiBuiltInKeywords.getAttribute(com.kms.katalon.core.testobject.ObjectRepository.findTestObject(PharmacyRequest/Page_Store/input_txttotal), "value"): Attribute 'value' of object 'Object Repository/PharmacyRequest/Page_Store/input_txttotal' is: '10'

2018-05-21 12:33:07 - [MESSAGE][PASSED] - Attribute 'value' of object 'Object Repository/PharmacyRequest/Page_Store/input_txttotal' is: '10'

2018-05-21 12:33:07 - [TEST_STEP][PASSED] - Statement - out.println("Requested QTY : " + RequestedQty): null

2018-05-21 12:33:07 - [TEST_STEP][PASSED] - Statement - BatchNumber = com.kms.katalon.core.webui.keyword.WebUiBuiltInKeywords.getNumberOfTotalOption(com.kms.katalon.core.testobject.ObjectRepository.findTestObject(PharmacyRequest/Page_Store/select_--Select--BA50)): 3 options of object 'Object Repository/PharmacyRequest/Page_Store/select_--Select--BA50' counted

2018-05-21 12:33:07 - [MESSAGE][PASSED] - 3 options of object 'Object Repository/PharmacyRequest/Page_Store/select_--Select--BA50' counted

2018-05-21 12:33:07 - [TEST_STEP][PASSED] - Statement - For ([g = 1, g <= BatchNumber - 1, (g++)]): null

2018-05-21 12:33:07 - [TEST_STEP][PASSED] - selectOptionByIndex: All options with index in [1] are selected on object 'Object Repository/PharmacyRequest/Page_Store/select_--Select--BA50'

2018-05-21 12:33:07 - [MESSAGE][PASSED] - All options with index in [1] are selected on object 'Object Repository/PharmacyRequest/Page_Store/select_--Select--BA50'

2018-05-21 12:33:07 - [TEST_STEP][PASSED] - delay: Delayed 1 second(s)

2018-05-21 12:33:08 - [MESSAGE][PASSED] - Delayed 1 second(s)

2018-05-21 12:33:08 - [TEST_STEP][PASSED] - Statement - StockQty = com.kms.katalon.core.webui.keyword.WebUiBuiltInKeywords.getAttribute(com.kms.katalon.core.testobject.ObjectRepository.findTestObject(PharmacyRequest/Page_Store/input_txtprice), "value"): Attribute 'value' of object 'Object Repository/PharmacyRequest/Page_Store/input_txtprice' is: '120'

2018-05-21 12:33:08 - [MESSAGE][PASSED] - Attribute 'value' of object 'Object Repository/PharmacyRequest/Page_Store/input_txtprice' is: '120'

2018-05-21 12:33:08 - [TEST_STEP][PASSED] - Statement - out.println("Stock QTY : " + StockQty): null

2018-05-21 12:33:08 - [TEST_STEP][PASSED] - delay: Delayed 1 second(s)

2018-05-21 12:33:09 - [MESSAGE][PASSED] - Delayed 1 second(s)

2018-05-21 12:33:09 - [TEST_STEP][PASSED] - Statement - If (java.lang.Integer.valueOf(StockQty) >= java.lang.Integer.valueOf(RequestedQty)): null

2018-05-21 12:33:09 - [TEST_STEP][PASSED] - delay: Delayed 1 second(s)

2018-05-21 12:33:10 - [MESSAGE][PASSED] - Delayed 1 second(s)

2018-05-21 12:33:10 - [TEST_STEP][PASSED] - setText: Text '10' is set on object 'Object Repository/PharmacyRequest/Page_Store/input_txtqty'

2018-05-21 12:33:10 - [MESSAGE][PASSED] - Text '10' is set on object 'Object Repository/PharmacyRequest/Page_Store/input_txtqty'

2018-05-21 12:33:10 - [TEST_STEP][PASSED] - click: Object: 'Object Repository/PharmacyRequest/Page_Store/button_Add' is clicked on

2018-05-21 12:33:10 - [MESSAGE][PASSED] - Object: 'Object Repository/PharmacyRequest/Page_Store/button_Add' is clicked on

2018-05-21 12:33:10 - [TEST_STEP][PASSED] - Statement - Break: null

2018-05-21 12:33:10 - [TEST_STEP][PASSED] - selectOptionByIndex: All options with index in [20] are selected on object 'Object Repository/PharmacyRequest/Page_Store/select_--Select--Amlodepin -5'

2018-05-21 12:33:11 - [MESSAGE][PASSED] - All options with index in [20] are selected on object 'Object Repository/PharmacyRequest/Page_Store/select_--Select--Amlodepin -5'

2018-05-21 12:33:11 - [TEST_STEP][PASSED] - delay: Delayed 1 second(s)

2018-05-21 12:33:12 - [MESSAGE][PASSED] - Delayed 1 second(s)

2018-05-21 12:33:12 - [TEST_STEP][PASSED] - Statement - RequestedQty = com.kms.katalon.core.webui.keyword.WebUiBuiltInKeywords.getAttribute(com.kms.katalon.core.testobject.ObjectRepository.findTestObject(PharmacyRequest/Page_Store/input_txttotal), "value"): Attribute 'value' of object 'Object Repository/PharmacyRequest/Page_Store/input_txttotal' is: '10'

2018-05-21 12:33:12 - [MESSAGE][PASSED] - Attribute 'value' of object 'Object Repository/PharmacyRequest/Page_Store/input_txttotal' is: '10'

2018-05-21 12:33:12 - [TEST_STEP][PASSED] - Statement - out.println("Requested QTY : " + RequestedQty): null

2018-05-21 12:33:12 - [TEST_STEP][PASSED] - Statement - BatchNumber = com.kms.katalon.core.webui.keyword.WebUiBuiltInKeywords.getNumberOfTotalOption(com.kms.katalon.core.testobject.ObjectRepository.findTestObject(PharmacyRequest/Page_Store/select_--Select--BA50)): 3 options of object 'Object Repository/PharmacyRequest/Page_Store/select_--Select--BA50' counted

2018-05-21 12:33:12 - [MESSAGE][PASSED] - 3 options of object 'Object Repository/PharmacyRequest/Page_Store/select_--Select--BA50' counted

2018-05-21 12:33:12 - [TEST_STEP][PASSED] - Statement - For ([g = 1, g <= BatchNumber - 1, (g++)]): null

2018-05-21 12:33:12 - [TEST_STEP][PASSED] - selectOptionByIndex: All options with index in [1] are selected on object 'Object Repository/PharmacyRequest/Page_Store/select_--Select--BA50'

2018-05-21 12:33:12 - [MESSAGE][PASSED] - All options with index in [1] are selected on object 'Object Repository/PharmacyRequest/Page_Store/select_--Select--BA50'

2018-05-21 12:33:12 - [TEST_STEP][PASSED] - delay: Delayed 1 second(s)

2018-05-21 12:33:13 - [MESSAGE][PASSED] - Delayed 1 second(s)

2018-05-21 12:33:13 - [TEST_STEP][PASSED] - Statement - StockQty = com.kms.katalon.core.webui.keyword.WebUiBuiltInKeywords.getAttribute(com.kms.katalon.core.testobject.ObjectRepository.findTestObject(PharmacyRequest/Page_Store/input_txtprice), "value"): Attribute 'value' of object 'Object Repository/PharmacyRequest/Page_Store/input_txtprice' is: '120'

2018-05-21 12:33:13 - [MESSAGE][PASSED] - Attribute 'value' of object 'Object Repository/PharmacyRequest/Page_Store/input_txtprice' is: '120'

2018-05-21 12:33:13 - [TEST_STEP][PASSED] - Statement - out.println("Stock QTY : " + StockQty): null

2018-05-21 12:33:13 - [TEST_STEP][PASSED] - delay: Delayed 1 second(s)

2018-05-21 12:33:14 - [MESSAGE][PASSED] - Delayed 1 second(s)

2018-05-21 12:33:14 - [TEST_STEP][PASSED] - Statement - If (java.lang.Integer.valueOf(StockQty) >= java.lang.Integer.valueOf(RequestedQty)): null

2018-05-21 12:33:14 - [TEST_STEP][PASSED] - delay: Delayed 1 second(s)

2018-05-21 12:33:15 - [MESSAGE][PASSED] - Delayed 1 second(s)

2018-05-21 12:33:15 - [TEST_STEP][PASSED] - setText: Text '10' is set on object 'Object Repository/PharmacyRequest/Page_Store/input_txtqty'

2018-05-21 12:33:15 - [MESSAGE][PASSED] - Text '10' is set on object 'Object Repository/PharmacyRequest/Page_Store/input_txtqty'

2018-05-21 12:33:15 - [TEST_STEP][PASSED] - click: Object: 'Object Repository/PharmacyRequest/Page_Store/button_Add' is clicked on

2018-05-21 12:33:15 - [MESSAGE][PASSED] - Object: 'Object Repository/PharmacyRequest/Page_Store/button_Add' is clicked on

2018-05-21 12:33:15 - [TEST_STEP][PASSED] - Statement - Break: null

2018-05-21 12:33:15 - [TEST_STEP][PASSED] - selectOptionByIndex: All options with index in [21] are selected on object 'Object Repository/PharmacyRequest/Page_Store/select_--Select--Amlodepin -5'

2018-05-21 12:33:15 - [MESSAGE][PASSED] - All options with index in [21] are selected on object 'Object Repository/PharmacyRequest/Page_Store/select_--Select--Amlodepin -5'

2018-05-21 12:33:15 - [TEST_STEP][PASSED] - delay: Delayed 1 second(s)

2018-05-21 12:33:16 - [MESSAGE][PASSED] - Delayed 1 second(s)

2018-05-21 12:33:16 - [TEST_STEP][PASSED] - Statement - RequestedQty = com.kms.katalon.core.webui.keyword.WebUiBuiltInKeywords.getAttribute(com.kms.katalon.core.testobject.ObjectRepository.findTestObject(PharmacyRequest/Page_Store/input_txttotal), "value"): Attribute 'value' of object 'Object Repository/PharmacyRequest/Page_Store/input_txttotal' is: '10'

2018-05-21 12:33:16 - [MESSAGE][PASSED] - Attribute 'value' of object 'Object Repository/PharmacyRequest/Page_Store/input_txttotal' is: '10'

2018-05-21 12:33:16 - [TEST_STEP][PASSED] - Statement - out.println("Requested QTY : " + RequestedQty): null

2018-05-21 12:33:16 - [TEST_STEP][PASSED] - Statement - BatchNumber = com.kms.katalon.core.webui.keyword.WebUiBuiltInKeywords.getNumberOfTotalOption(com.kms.katalon.core.testobject.ObjectRepository.findTestObject(PharmacyRequest/Page_Store/select_--Select--BA50)): 3 options of object 'Object Repository/PharmacyRequest/Page_Store/select_--Select--BA50' counted

2018-05-21 12:33:16 - [MESSAGE][PASSED] - 3 options of object 'Object Repository/PharmacyRequest/Page_Store/select_--Select--BA50' counted

2018-05-21 12:33:16 - [TEST_STEP][PASSED] - Statement - For ([g = 1, g <= BatchNumber - 1, (g++)]): null

2018-05-21 12:33:16 - [TEST_STEP][PASSED] - selectOptionByIndex: All options with index in [1] are selected on object 'Object Repository/PharmacyRequest/Page_Store/select_--Select--BA50'

2018-05-21 12:33:17 - [MESSAGE][PASSED] - All options with index in [1] are selected on object 'Object Repository/PharmacyRequest/Page_Store/select_--Select--BA50'

2018-05-21 12:33:17 - [TEST_STEP][PASSED] - delay: Delayed 1 second(s)

2018-05-21 12:33:18 - [MESSAGE][PASSED] - Delayed 1 second(s)

2018-05-21 12:33:18 - [TEST_STEP][PASSED] - Statement - StockQty = com.kms.katalon.core.webui.keyword.WebUiBuiltInKeywords.getAttribute(com.kms.katalon.core.testobject.ObjectRepository.findTestObject(PharmacyRequest/Page_Store/input_txtprice), "value"): Attribute 'value' of object 'Object Repository/PharmacyRequest/Page_Store/input_txtprice' is: '120'

2018-05-21 12:33:18 - [MESSAGE][PASSED] - Attribute 'value' of object 'Object Repository/PharmacyRequest/Page_Store/input_txtprice' is: '120'

2018-05-21 12:33:18 - [TEST_STEP][PASSED] - Statement - out.println("Stock QTY : " + StockQty): null

2018-05-21 12:33:18 - [TEST_STEP][PASSED] - delay: Delayed 1 second(s)

2018-05-21 12:33:19 - [MESSAGE][PASSED] - Delayed 1 second(s)

2018-05-21 12:33:19 - [TEST_STEP][PASSED] - Statement - If (java.lang.Integer.valueOf(StockQty) >= java.lang.Integer.valueOf(RequestedQty)): null

2018-05-21 12:33:19 - [TEST_STEP][PASSED] - delay: Delayed 1 second(s)

2018-05-21 12:33:20 - [MESSAGE][PASSED] - Delayed 1 second(s)

2018-05-21 12:33:20 - [TEST_STEP][PASSED] - setText: Text '10' is set on object 'Object Repository/PharmacyRequest/Page_Store/input_txtqty'

2018-05-21 12:33:20 - [MESSAGE][PASSED] - Text '10' is set on object 'Object Repository/PharmacyRequest/Page_Store/input_txtqty'

2018-05-21 12:33:20 - [TEST_STEP][PASSED] - click: Object: 'Object Repository/PharmacyRequest/Page_Store/button_Add' is clicked on

2018-05-21 12:33:25 - [MESSAGE][PASSED] - Object: 'Object Repository/PharmacyRequest/Page_Store/button_Add' is clicked on

2018-05-21 12:33:25 - [TEST_STEP][PASSED] - Statement - Break: null

2018-05-21 12:33:25 - [TEST_STEP][PASSED] - selectOptionByIndex: All options with index in [22] are selected on object 'Object Repository/PharmacyRequest/Page_Store/select_--Select--Amlodepin -5'

2018-05-21 12:33:25 - [MESSAGE][PASSED] - All options with index in [22] are selected on object 'Object Repository/PharmacyRequest/Page_Store/select_--Select--Amlodepin -5'

2018-05-21 12:33:25 - [TEST_STEP][PASSED] - delay: Delayed 1 second(s)

2018-05-21 12:33:26 - [MESSAGE][PASSED] - Delayed 1 second(s)

2018-05-21 12:33:26 - [TEST_STEP][PASSED] - Statement - RequestedQty = com.kms.katalon.core.webui.keyword.WebUiBuiltInKeywords.getAttribute(com.kms.katalon.core.testobject.ObjectRepository.findTestObject(PharmacyRequest/Page_Store/input_txttotal), "value"): Attribute 'value' of object 'Object Repository/PharmacyRequest/Page_Store/input_txttotal' is: '10'

2018-05-21 12:33:26 - [MESSAGE][PASSED] - Attribute 'value' of object 'Object Repository/PharmacyRequest/Page_Store/input_txttotal' is: '10'

2018-05-21 12:33:26 - [TEST_STEP][PASSED] - Statement - out.println("Requested QTY : " + RequestedQty): null

2018-05-21 12:33:26 - [TEST_STEP][PASSED] - Statement - BatchNumber = com.kms.katalon.core.webui.keyword.WebUiBuiltInKeywords.getNumberOfTotalOption(com.kms.katalon.core.testobject.ObjectRepository.findTestObject(PharmacyRequest/Page_Store/select_--Select--BA50)): 3 options of object 'Object Repository/PharmacyRequest/Page_Store/select_--Select--BA50' counted

2018-05-21 12:33:26 - [MESSAGE][PASSED] - 3 options of object 'Object Repository/PharmacyRequest/Page_Store/select_--Select--BA50' counted

2018-05-21 12:33:26 - [TEST_STEP][PASSED] - Statement - For ([g = 1, g <= BatchNumber - 1, (g++)]): null

2018-05-21 12:33:26 - [TEST_STEP][PASSED] - selectOptionByIndex: All options with index in [1] are selected on object 'Object Repository/PharmacyRequest/Page_Store/select_--Select--BA50'

2018-05-21 12:33:26 - [MESSAGE][PASSED] - All options with index in [1] are selected on object 'Object Repository/PharmacyRequest/Page_Store/select_--Select--BA50'

2018-05-21 12:33:26 - [TEST_STEP][PASSED] - delay: Delayed 1 second(s)

2018-05-21 12:33:27 - [MESSAGE][PASSED] - Delayed 1 second(s)

2018-05-21 12:33:27 - [TEST_STEP][PASSED] - Statement - StockQty = com.kms.katalon.core.webui.keyword.WebUiBuiltInKeywords.getAttribute(com.kms.katalon.core.testobject.ObjectRepository.findTestObject(PharmacyRequest/Page_Store/input_txtprice), "value"): Attribute 'value' of object 'Object Repository/PharmacyRequest/Page_Store/input_txtprice' is: '120'

2018-05-21 12:33:27 - [MESSAGE][PASSED] - Attribute 'value' of object 'Object Repository/PharmacyRequest/Page_Store/input_txtprice' is: '120'

2018-05-21 12:33:27 - [TEST_STEP][PASSED] - Statement - out.println("Stock QTY : " + StockQty): null

2018-05-21 12:33:27 - [TEST_STEP][PASSED] - delay: Delayed 1 second(s)

2018-05-21 12:33:28 - [MESSAGE][PASSED] - Delayed 1 second(s)

2018-05-21 12:33:28 - [TEST_STEP][PASSED] - Statement - If (java.lang.Integer.valueOf(StockQty) >= java.lang.Integer.valueOf(RequestedQty)): null

2018-05-21 12:33:28 - [TEST_STEP][PASSED] - delay: Delayed 1 second(s)

2018-05-21 12:33:29 - [MESSAGE][PASSED] - Delayed 1 second(s)

2018-05-21 12:33:29 - [TEST_STEP][PASSED] - setText: Text '10' is set on object 'Object Repository/PharmacyRequest/Page_Store/input_txtqty'

2018-05-21 12:33:30 - [MESSAGE][PASSED] - Text '10' is set on object 'Object Repository/PharmacyRequest/Page_Store/input_txtqty'

2018-05-21 12:33:30 - [TEST_STEP][PASSED] - click: Object: 'Object Repository/PharmacyRequest/Page_Store/button_Add' is clicked on

2018-05-21 12:33:35 - [MESSAGE][PASSED] - Object: 'Object Repository/PharmacyRequest/Page_Store/button_Add' is clicked on

2018-05-21 12:33:35 - [TEST_STEP][PASSED] - Statement - Break: null

2018-05-21 12:33:35 - [TEST_STEP][PASSED] - selectOptionByIndex: All options with index in [23] are selected on object 'Object Repository/PharmacyRequest/Page_Store/select_--Select--Amlodepin -5'

2018-05-21 12:33:35 - [MESSAGE][PASSED] - All options with index in [23] are selected on object 'Object Repository/PharmacyRequest/Page_Store/select_--Select--Amlodepin -5'

2018-05-21 12:33:35 - [TEST_STEP][PASSED] - delay: Delayed 1 second(s)

2018-05-21 12:33:36 - [MESSAGE][PASSED] - Delayed 1 second(s)

2018-05-21 12:33:36 - [TEST_STEP][PASSED] - Statement - RequestedQty = com.kms.katalon.core.webui.keyword.WebUiBuiltInKeywords.getAttribute(com.kms.katalon.core.testobject.ObjectRepository.findTestObject(PharmacyRequest/Page_Store/input_txttotal), "value"): Attribute 'value' of object 'Object Repository/PharmacyRequest/Page_Store/input_txttotal' is: '10'

2018-05-21 12:33:36 - [MESSAGE][PASSED] - Attribute 'value' of object 'Object Repository/PharmacyRequest/Page_Store/input_txttotal' is: '10'

2018-05-21 12:33:36 - [TEST_STEP][PASSED] - Statement - out.println("Requested QTY : " + RequestedQty): null

2018-05-21 12:33:36 - [TEST_STEP][PASSED] - Statement - BatchNumber = com.kms.katalon.core.webui.keyword.WebUiBuiltInKeywords.getNumberOfTotalOption(com.kms.katalon.core.testobject.ObjectRepository.findTestObject(PharmacyRequest/Page_Store/select_--Select--BA50)): 3 options of object 'Object Repository/PharmacyRequest/Page_Store/select_--Select--BA50' counted

2018-05-21 12:33:36 - [MESSAGE][PASSED] - 3 options of object 'Object Repository/PharmacyRequest/Page_Store/select_--Select--BA50' counted

2018-05-21 12:33:36 - [TEST_STEP][PASSED] - Statement - For ([g = 1, g <= BatchNumber - 1, (g++)]): null

2018-05-21 12:33:36 - [TEST_STEP][PASSED] - selectOptionByIndex: All options with index in [1] are selected on object 'Object Repository/PharmacyRequest/Page_Store/select_--Select--BA50'

2018-05-21 12:33:36 - [MESSAGE][PASSED] - All options with index in [1] are selected on object 'Object Repository/PharmacyRequest/Page_Store/select_--Select--BA50'

2018-05-21 12:33:36 - [TEST_STEP][PASSED] - delay: Delayed 1 second(s)

2018-05-21 12:33:37 - [MESSAGE][PASSED] - Delayed 1 second(s)

2018-05-21 12:33:37 - [TEST_STEP][PASSED] - Statement - StockQty = com.kms.katalon.core.webui.keyword.WebUiBuiltInKeywords.getAttribute(com.kms.katalon.core.testobject.ObjectRepository.findTestObject(PharmacyRequest/Page_Store/input_txtprice), "value"): Attribute 'value' of object 'Object Repository/PharmacyRequest/Page_Store/input_txtprice' is: '120'

2018-05-21 12:33:37 - [MESSAGE][PASSED] - Attribute 'value' of object 'Object Repository/PharmacyRequest/Page_Store/input_txtprice' is: '120'

2018-05-21 12:33:37 - [TEST_STEP][PASSED] - Statement - out.println("Stock QTY : " + StockQty): null

2018-05-21 12:33:37 - [TEST_STEP][PASSED] - delay: Delayed 1 second(s)

2018-05-21 12:33:38 - [MESSAGE][PASSED] - Delayed 1 second(s)

2018-05-21 12:33:38 - [TEST_STEP][PASSED] - Statement - If (java.lang.Integer.valueOf(StockQty) >= java.lang.Integer.valueOf(RequestedQty)): null

2018-05-21 12:33:38 - [TEST_STEP][PASSED] - delay: Delayed 1 second(s)

2018-05-21 12:33:39 - [MESSAGE][PASSED] - Delayed 1 second(s)

2018-05-21 12:33:39 - [TEST_STEP][PASSED] - setText: Text '10' is set on object 'Object Repository/PharmacyRequest/Page_Store/input_txtqty'

2018-05-21 12:33:39 - [MESSAGE][PASSED] - Text '10' is set on object 'Object Repository/PharmacyRequest/Page_Store/input_txtqty'

2018-05-21 12:33:39 - [TEST_STEP][PASSED] - click: Object: 'Object Repository/PharmacyRequest/Page_Store/button_Add' is clicked on

2018-05-21 12:33:44 - [MESSAGE][PASSED] - Object: 'Object Repository/PharmacyRequest/Page_Store/button_Add' is clicked on

2018-05-21 12:33:44 - [TEST_STEP][PASSED] - Statement - Break: null

2018-05-21 12:33:44 - [TEST_STEP][PASSED] - scrollToElement: Scroll to object 'Object Repository/PharmacyRequest/Page_Store/input_btnSubmit' successfully

2018-05-21 12:33:44 - [MESSAGE][PASSED] - Scroll to object 'Object Repository/PharmacyRequest/Page_Store/input_btnSubmit' successfully

2018-05-21 12:33:44 - [TEST_STEP][PASSED] - click: Object: 'Object Repository/PharmacyRequest/Page_Store/input_btnSubmit' is clicked on

2018-05-21 12:33:50 - [MESSAGE][PASSED] - Object: 'Object Repository/PharmacyRequest/Page_Store/input_btnSubmit' is clicked on

2018-05-21 12:33:50 - [TEST_STEP][PASSED] - delay: Delayed 3 second(s)

2018-05-21 12:33:53 - [MESSAGE][PASSED] - Delayed 3 second(s)

2018-05-21 12:33:53 - [TEST_STEP][PASSED] - click: Object: 'Object Repository/PharmacyRequest/Page_Store/button_OK' is clicked on

2018-05-21 12:33:58 - [MESSAGE][PASSED] - Object: 'Object Repository/PharmacyRequest/Page_Store/button_OK' is clicked on

2018-05-21 12:33:58 - [TEST_STEP][PASSED] - delay: Delayed 3 second(s)

2018-05-21 12:34:01 - [MESSAGE][PASSED] - Delayed 3 second(s)

2018-05-21 12:34:01 - [TEST_STEP][PASSED] - click: Object: 'Object Repository/PharmacyRequest/Page_Store/a_dropdown-toggle' is clicked on

2018-05-21 12:34:06 - [MESSAGE][PASSED] - Object: 'Object Repository/PharmacyRequest/Page_Store/a_dropdown-toggle' is clicked on

2018-05-21 12:34:06 - [TEST_STEP][PASSED] - click: Object: 'Object Repository/PharmacyRequest/Page_Store/a_Sign out' is clicked on

2018-05-21 12:34:12 - [MESSAGE][PASSED] - Object: 'Object Repository/PharmacyRequest/Page_Store/a_Sign out' is clicked on

2018-05-21 12:34:12 - [TEST_STEP][PASSED] - closeBrowser: Browser is closed

2018-05-21 12:34:12 - [MESSAGE][PASSED] - Browser is closed

2018-05-21 12:34:12 - [TEST_STEP][PASSED] - Statement - out.println("Schedule 7 Pharmacy Request Are Working Successfully"): null]]></system-out>
         <system-err><![CDATA[]]></system-err>
      </testcase>
      <testcase name="Test Cases/PHARMACY TEST CASES/TC_PHAR_008 Verify Schedule 8 Pharmacy Request Are Working Successfully Or Not" classname="Test Cases/PHARMACY TEST CASES/TC_PHAR_008 Verify Schedule 8 Pharmacy Request Are Working Successfully Or Not" status="FAILED">
         <failure type="FAILED" message="Unable to set text '10' of object 'Object Repository/PharmacyRequest/Page_KDMC-Pharmacy/input_txttreat' (Root cause: org.openqa.selenium.WebDriverException: unknown error: cannot focus element
  (Session info: chrome=66.0.3359.139)
  (Driver info: chromedriver=2.35.528161 (5b82f2d2aae0ca24b877009200ced9065a772e73),platform=Windows NT 10.0.17134 x86_64) (WARNING: The server did not provide any stacktrace information)
Command duration or timeout: 0 milliseconds
Build info: version: '3.7.1', revision: '8a0099a', time: '2017-11-06T21:07:36.161Z'
System info: host: 'DESKTOP-BLFTK83', ip: '192.168.71.2', os.name: 'Windows 10', os.arch: 'amd64', os.version: '10.0', java.version: '1.8.0_102'
Driver info: com.kms.katalon.selenium.driver.CChromeDriver
Capabilities {acceptInsecureCerts: false, acceptSslCerts: false, applicationCacheEnabled: false, browserConnectionEnabled: false, browserName: chrome, chrome: {chromedriverVersion: 2.35.528161 (5b82f2d2aae0ca..., userDataDir: C:\Users\QUALIT~1\AppData\L...}, cssSelectorsEnabled: true, databaseEnabled: false, handlesAlerts: true, hasTouchScreen: false, javascriptEnabled: true, locationContextEnabled: true, mobileEmulationEnabled: false, nativeEvents: true, networkConnectionEnabled: false, pageLoadStrategy: normal, platform: XP, platformName: XP, rotatable: false, setWindowRect: true, takesHeapSnapshot: true, takesScreenshot: true, unexpectedAlertBehaviour: , unhandledPromptBehavior: , version: 66.0.3359.139, webStorageEnabled: true}
Session ID: c0ece32f5333ddd3f950bb39a54d2537)"/>
         <system-out><![CDATA[2018-05-21 12:34:12 - [TEST_CASE][FAILED] - Test Cases/PHARMACY TEST CASES/TC_PHAR_008 Verify Schedule 8 Pharmacy Request Are Working Successfully Or Not: Test Cases/PHARMACY TEST CASES/TC_PHAR_008 Verify Schedule 8 Pharmacy Request Are Working Successfully Or Not FAILED because (of) Unable to set text '10' of object 'Object Repository/PharmacyRequest/Page_KDMC-Pharmacy/input_txttreat' (Root cause: org.openqa.selenium.WebDriverException: unknown error: cannot focus element
  (Session info: chrome=66.0.3359.139)
  (Driver info: chromedriver=2.35.528161 (5b82f2d2aae0ca24b877009200ced9065a772e73),platform=Windows NT 10.0.17134 x86_64) (WARNING: The server did not provide any stacktrace information)
Command duration or timeout: 0 milliseconds
Build info: version: '3.7.1', revision: '8a0099a', time: '2017-11-06T21:07:36.161Z'
System info: host: 'DESKTOP-BLFTK83', ip: '192.168.71.2', os.name: 'Windows 10', os.arch: 'amd64', os.version: '10.0', java.version: '1.8.0_102'
Driver info: com.kms.katalon.selenium.driver.CChromeDriver
Capabilities {acceptInsecureCerts: false, acceptSslCerts: false, applicationCacheEnabled: false, browserConnectionEnabled: false, browserName: chrome, chrome: {chromedriverVersion: 2.35.528161 (5b82f2d2aae0ca..., userDataDir: C:\Users\QUALIT~1\AppData\L...}, cssSelectorsEnabled: true, databaseEnabled: false, handlesAlerts: true, hasTouchScreen: false, javascriptEnabled: true, locationContextEnabled: true, mobileEmulationEnabled: false, nativeEvents: true, networkConnectionEnabled: false, pageLoadStrategy: normal, platform: XP, platformName: XP, rotatable: false, setWindowRect: true, takesHeapSnapshot: true, takesScreenshot: true, unexpectedAlertBehaviour: , unhandledPromptBehavior: , version: 66.0.3359.139, webStorageEnabled: true}
Session ID: c0ece32f5333ddd3f950bb39a54d2537)

2018-05-21 12:34:13 - [TEST_STEP][PASSED] - openBrowser: Browser is opened with url: ''

2018-05-21 12:34:15 - [MESSAGE][PASSED] - Browser is opened with url: ''

2018-05-21 12:34:15 - [TEST_STEP][PASSED] - Statement - out.println("Verify Schedule 8 Pharmacy Request Are Working Successfully Or Not"): null

2018-05-21 12:34:15 - [TEST_STEP][PASSED] - navigateToUrl: Navigate to 'http://192.168.137.1/multihospital_new/' successfully

2018-05-21 12:34:17 - [MESSAGE][PASSED] - Navigate to 'http://192.168.137.1/multihospital_new/' successfully

2018-05-21 12:34:17 - [TEST_STEP][PASSED] - maximizeWindow: Current window maximized

2018-05-21 12:34:18 - [MESSAGE][PASSED] - Current window maximized

2018-05-21 12:34:18 - [TEST_STEP][PASSED] - click: Object: 'Object Repository/PharmacyRequest/Page_KDMC/a_Pharmacy' is clicked on

2018-05-21 12:34:19 - [MESSAGE][PASSED] - Object: 'Object Repository/PharmacyRequest/Page_KDMC/a_Pharmacy' is clicked on

2018-05-21 12:34:19 - [TEST_STEP][PASSED] - setText: Text 'raja' is set on object 'Object Repository/PharmacyRequest/Page_Pharmacy login/input_txtusername'

2018-05-21 12:34:19 - [MESSAGE][PASSED] - Text 'raja' is set on object 'Object Repository/PharmacyRequest/Page_Pharmacy login/input_txtusername'

2018-05-21 12:34:19 - [TEST_STEP][PASSED] - setText: Text '123' is set on object 'Object Repository/PharmacyRequest/Page_Pharmacy login/input_txtpassword'

2018-05-21 12:34:19 - [MESSAGE][PASSED] - Text '123' is set on object 'Object Repository/PharmacyRequest/Page_Pharmacy login/input_txtpassword'

2018-05-21 12:34:19 - [TEST_STEP][PASSED] - delay: Delayed 3 second(s)

2018-05-21 12:34:22 - [MESSAGE][PASSED] - Delayed 3 second(s)

2018-05-21 12:34:22 - [TEST_STEP][PASSED] - click: Object: 'Object Repository/PharmacyRequest/Page_Pharmacy login/button_Sign in' is clicked on

2018-05-21 12:34:23 - [MESSAGE][PASSED] - Object: 'Object Repository/PharmacyRequest/Page_Pharmacy login/button_Sign in' is clicked on

2018-05-21 12:34:23 - [TEST_STEP][PASSED] - delay: Delayed 3 second(s)

2018-05-21 12:34:26 - [MESSAGE][PASSED] - Delayed 3 second(s)

2018-05-21 12:34:26 - [TEST_STEP][PASSED] - click: Object: 'Object Repository/PharmacyRequest/Page_KDMC - Pharmacy/a_Inventory' is clicked on

2018-05-21 12:34:27 - [MESSAGE][PASSED] - Object: 'Object Repository/PharmacyRequest/Page_KDMC - Pharmacy/a_Inventory' is clicked on

2018-05-21 12:34:27 - [TEST_STEP][PASSED] - delay: Delayed 3 second(s)

2018-05-21 12:34:30 - [MESSAGE][PASSED] - Delayed 3 second(s)

2018-05-21 12:34:30 - [TEST_STEP][PASSED] - click: Object: 'Object Repository/PharmacyRequest/Page_KDMC-Pharmacy/a_Store Request' is clicked on

2018-05-21 12:34:30 - [MESSAGE][PASSED] - Object: 'Object Repository/PharmacyRequest/Page_KDMC-Pharmacy/a_Store Request' is clicked on

2018-05-21 12:34:30 - [TEST_STEP][PASSED] - click: Object: 'Object Repository/PharmacyRequest/Page_KDMC-Pharmacy/a_Medicine Request' is clicked on

2018-05-21 12:34:31 - [MESSAGE][PASSED] - Object: 'Object Repository/PharmacyRequest/Page_KDMC-Pharmacy/a_Medicine Request' is clicked on

2018-05-21 12:34:31 - [TEST_STEP][PASSED] - selectOptionByIndex: All options with index in [8] are selected on object 'Object Repository/PharmacyRequest/Page_KDMC-Pharmacy/select_--Select--Schedule 1Inj'

2018-05-21 12:34:31 - [MESSAGE][PASSED] - All options with index in [8] are selected on object 'Object Repository/PharmacyRequest/Page_KDMC-Pharmacy/select_--Select--Schedule 1Inj'

2018-05-21 12:34:31 - [TEST_STEP][PASSED] - Statement - MedicineLength = com.kms.katalon.core.webui.keyword.WebUiBuiltInKeywords.getNumberOfTotalOption(com.kms.katalon.core.testobject.ObjectRepository.findTestObject(PharmacyRequest/Page_KDMC-Pharmacy/select_--Select--Albendazole)): 18 options of object 'Object Repository/PharmacyRequest/Page_KDMC-Pharmacy/select_--Select--Albendazole' counted

2018-05-21 12:34:31 - [MESSAGE][PASSED] - 18 options of object 'Object Repository/PharmacyRequest/Page_KDMC-Pharmacy/select_--Select--Albendazole' counted

2018-05-21 12:34:31 - [TEST_STEP][FAILED] - Statement - For ([l = 1, l <= MedicineLength - 1, (l++)]): Unable to set text '10' of object 'Object Repository/PharmacyRequest/Page_KDMC-Pharmacy/input_txttreat' (Root cause: org.openqa.selenium.WebDriverException: unknown error: cannot focus element
  (Session info: chrome=66.0.3359.139)
  (Driver info: chromedriver=2.35.528161 (5b82f2d2aae0ca24b877009200ced9065a772e73),platform=Windows NT 10.0.17134 x86_64) (WARNING: The server did not provide any stacktrace information)
Command duration or timeout: 0 milliseconds
Build info: version: '3.7.1', revision: '8a0099a', time: '2017-11-06T21:07:36.161Z'
System info: host: 'DESKTOP-BLFTK83', ip: '192.168.71.2', os.name: 'Windows 10', os.arch: 'amd64', os.version: '10.0', java.version: '1.8.0_102'
Driver info: com.kms.katalon.selenium.driver.CChromeDriver
Capabilities {acceptInsecureCerts: false, acceptSslCerts: false, applicationCacheEnabled: false, browserConnectionEnabled: false, browserName: chrome, chrome: {chromedriverVersion: 2.35.528161 (5b82f2d2aae0ca..., userDataDir: C:\Users\QUALIT~1\AppData\L...}, cssSelectorsEnabled: true, databaseEnabled: false, handlesAlerts: true, hasTouchScreen: false, javascriptEnabled: true, locationContextEnabled: true, mobileEmulationEnabled: false, nativeEvents: true, networkConnectionEnabled: false, pageLoadStrategy: normal, platform: XP, platformName: XP, rotatable: false, setWindowRect: true, takesHeapSnapshot: true, takesScreenshot: true, unexpectedAlertBehaviour: , unhandledPromptBehavior: , version: 66.0.3359.139, webStorageEnabled: true}
Session ID: c0ece32f5333ddd3f950bb39a54d2537)

2018-05-21 12:34:31 - [TEST_STEP][PASSED] - selectOptionByIndex: All options with index in [8] are selected on object 'Object Repository/PharmacyRequest/Page_KDMC-Pharmacy/select_--Select--Schedule 1Inj'

2018-05-21 12:34:31 - [MESSAGE][PASSED] - All options with index in [8] are selected on object 'Object Repository/PharmacyRequest/Page_KDMC-Pharmacy/select_--Select--Schedule 1Inj'

2018-05-21 12:34:31 - [TEST_STEP][PASSED] - selectOptionByIndex: All options with index in [1] are selected on object 'Object Repository/PharmacyRequest/Page_KDMC-Pharmacy/select_--Select--Albendazole'

2018-05-21 12:34:32 - [MESSAGE][PASSED] - All options with index in [1] are selected on object 'Object Repository/PharmacyRequest/Page_KDMC-Pharmacy/select_--Select--Albendazole'

2018-05-21 12:34:32 - [TEST_STEP][PASSED] - setText: Text '10' is set on object 'Object Repository/PharmacyRequest/Page_KDMC-Pharmacy/input_txttreat'

2018-05-21 12:34:32 - [MESSAGE][PASSED] - Text '10' is set on object 'Object Repository/PharmacyRequest/Page_KDMC-Pharmacy/input_txttreat'

2018-05-21 12:34:32 - [TEST_STEP][PASSED] - click: Object: 'Object Repository/PharmacyRequest/Page_KDMC-Pharmacy/button_Add' is clicked on

2018-05-21 12:34:32 - [MESSAGE][PASSED] - Object: 'Object Repository/PharmacyRequest/Page_KDMC-Pharmacy/button_Add' is clicked on

2018-05-21 12:34:32 - [TEST_STEP][PASSED] - selectOptionByIndex: All options with index in [8] are selected on object 'Object Repository/PharmacyRequest/Page_KDMC-Pharmacy/select_--Select--Schedule 1Inj'

2018-05-21 12:34:32 - [MESSAGE][PASSED] - All options with index in [8] are selected on object 'Object Repository/PharmacyRequest/Page_KDMC-Pharmacy/select_--Select--Schedule 1Inj'

2018-05-21 12:34:32 - [TEST_STEP][PASSED] - selectOptionByIndex: All options with index in [2] are selected on object 'Object Repository/PharmacyRequest/Page_KDMC-Pharmacy/select_--Select--Albendazole'

2018-05-21 12:34:32 - [MESSAGE][PASSED] - All options with index in [2] are selected on object 'Object Repository/PharmacyRequest/Page_KDMC-Pharmacy/select_--Select--Albendazole'

2018-05-21 12:34:32 - [TEST_STEP][PASSED] - setText: Text '10' is set on object 'Object Repository/PharmacyRequest/Page_KDMC-Pharmacy/input_txttreat'

2018-05-21 12:34:32 - [MESSAGE][PASSED] - Text '10' is set on object 'Object Repository/PharmacyRequest/Page_KDMC-Pharmacy/input_txttreat'

2018-05-21 12:34:32 - [TEST_STEP][PASSED] - click: Object: 'Object Repository/PharmacyRequest/Page_KDMC-Pharmacy/button_Add' is clicked on

2018-05-21 12:34:32 - [MESSAGE][PASSED] - Object: 'Object Repository/PharmacyRequest/Page_KDMC-Pharmacy/button_Add' is clicked on

2018-05-21 12:34:32 - [TEST_STEP][PASSED] - selectOptionByIndex: All options with index in [8] are selected on object 'Object Repository/PharmacyRequest/Page_KDMC-Pharmacy/select_--Select--Schedule 1Inj'

2018-05-21 12:34:32 - [MESSAGE][PASSED] - All options with index in [8] are selected on object 'Object Repository/PharmacyRequest/Page_KDMC-Pharmacy/select_--Select--Schedule 1Inj'

2018-05-21 12:34:32 - [TEST_STEP][PASSED] - selectOptionByIndex: All options with index in [3] are selected on object 'Object Repository/PharmacyRequest/Page_KDMC-Pharmacy/select_--Select--Albendazole'

2018-05-21 12:34:32 - [MESSAGE][PASSED] - All options with index in [3] are selected on object 'Object Repository/PharmacyRequest/Page_KDMC-Pharmacy/select_--Select--Albendazole'

2018-05-21 12:34:32 - [TEST_STEP][PASSED] - setText: Text '10' is set on object 'Object Repository/PharmacyRequest/Page_KDMC-Pharmacy/input_txttreat'

2018-05-21 12:34:33 - [MESSAGE][PASSED] - Text '10' is set on object 'Object Repository/PharmacyRequest/Page_KDMC-Pharmacy/input_txttreat'

2018-05-21 12:34:33 - [TEST_STEP][PASSED] - click: Object: 'Object Repository/PharmacyRequest/Page_KDMC-Pharmacy/button_Add' is clicked on

2018-05-21 12:34:33 - [MESSAGE][PASSED] - Object: 'Object Repository/PharmacyRequest/Page_KDMC-Pharmacy/button_Add' is clicked on

2018-05-21 12:34:33 - [TEST_STEP][PASSED] - selectOptionByIndex: All options with index in [8] are selected on object 'Object Repository/PharmacyRequest/Page_KDMC-Pharmacy/select_--Select--Schedule 1Inj'

2018-05-21 12:34:33 - [MESSAGE][PASSED] - All options with index in [8] are selected on object 'Object Repository/PharmacyRequest/Page_KDMC-Pharmacy/select_--Select--Schedule 1Inj'

2018-05-21 12:34:33 - [TEST_STEP][PASSED] - selectOptionByIndex: All options with index in [4] are selected on object 'Object Repository/PharmacyRequest/Page_KDMC-Pharmacy/select_--Select--Albendazole'

2018-05-21 12:34:33 - [MESSAGE][PASSED] - All options with index in [4] are selected on object 'Object Repository/PharmacyRequest/Page_KDMC-Pharmacy/select_--Select--Albendazole'

2018-05-21 12:34:33 - [TEST_STEP][PASSED] - setText: Text '10' is set on object 'Object Repository/PharmacyRequest/Page_KDMC-Pharmacy/input_txttreat'

2018-05-21 12:34:33 - [MESSAGE][PASSED] - Text '10' is set on object 'Object Repository/PharmacyRequest/Page_KDMC-Pharmacy/input_txttreat'

2018-05-21 12:34:33 - [TEST_STEP][PASSED] - click: Object: 'Object Repository/PharmacyRequest/Page_KDMC-Pharmacy/button_Add' is clicked on

2018-05-21 12:34:33 - [MESSAGE][PASSED] - Object: 'Object Repository/PharmacyRequest/Page_KDMC-Pharmacy/button_Add' is clicked on

2018-05-21 12:34:33 - [TEST_STEP][PASSED] - selectOptionByIndex: All options with index in [8] are selected on object 'Object Repository/PharmacyRequest/Page_KDMC-Pharmacy/select_--Select--Schedule 1Inj'

2018-05-21 12:34:33 - [MESSAGE][PASSED] - All options with index in [8] are selected on object 'Object Repository/PharmacyRequest/Page_KDMC-Pharmacy/select_--Select--Schedule 1Inj'

2018-05-21 12:34:33 - [TEST_STEP][PASSED] - selectOptionByIndex: All options with index in [5] are selected on object 'Object Repository/PharmacyRequest/Page_KDMC-Pharmacy/select_--Select--Albendazole'

2018-05-21 12:34:33 - [MESSAGE][PASSED] - All options with index in [5] are selected on object 'Object Repository/PharmacyRequest/Page_KDMC-Pharmacy/select_--Select--Albendazole'

2018-05-21 12:34:33 - [TEST_STEP][PASSED] - setText: Text '10' is set on object 'Object Repository/PharmacyRequest/Page_KDMC-Pharmacy/input_txttreat'

2018-05-21 12:34:33 - [MESSAGE][PASSED] - Text '10' is set on object 'Object Repository/PharmacyRequest/Page_KDMC-Pharmacy/input_txttreat'

2018-05-21 12:34:33 - [TEST_STEP][PASSED] - click: Object: 'Object Repository/PharmacyRequest/Page_KDMC-Pharmacy/button_Add' is clicked on

2018-05-21 12:34:33 - [MESSAGE][PASSED] - Object: 'Object Repository/PharmacyRequest/Page_KDMC-Pharmacy/button_Add' is clicked on

2018-05-21 12:34:33 - [TEST_STEP][PASSED] - selectOptionByIndex: All options with index in [8] are selected on object 'Object Repository/PharmacyRequest/Page_KDMC-Pharmacy/select_--Select--Schedule 1Inj'

2018-05-21 12:34:34 - [MESSAGE][PASSED] - All options with index in [8] are selected on object 'Object Repository/PharmacyRequest/Page_KDMC-Pharmacy/select_--Select--Schedule 1Inj'

2018-05-21 12:34:34 - [TEST_STEP][PASSED] - selectOptionByIndex: All options with index in [6] are selected on object 'Object Repository/PharmacyRequest/Page_KDMC-Pharmacy/select_--Select--Albendazole'

2018-05-21 12:34:34 - [MESSAGE][PASSED] - All options with index in [6] are selected on object 'Object Repository/PharmacyRequest/Page_KDMC-Pharmacy/select_--Select--Albendazole'

2018-05-21 12:34:34 - [TEST_STEP][PASSED] - setText: Text '10' is set on object 'Object Repository/PharmacyRequest/Page_KDMC-Pharmacy/input_txttreat'

2018-05-21 12:34:34 - [MESSAGE][PASSED] - Text '10' is set on object 'Object Repository/PharmacyRequest/Page_KDMC-Pharmacy/input_txttreat'

2018-05-21 12:34:34 - [TEST_STEP][PASSED] - click: Object: 'Object Repository/PharmacyRequest/Page_KDMC-Pharmacy/button_Add' is clicked on

2018-05-21 12:34:34 - [MESSAGE][PASSED] - Object: 'Object Repository/PharmacyRequest/Page_KDMC-Pharmacy/button_Add' is clicked on

2018-05-21 12:34:34 - [TEST_STEP][PASSED] - selectOptionByIndex: All options with index in [8] are selected on object 'Object Repository/PharmacyRequest/Page_KDMC-Pharmacy/select_--Select--Schedule 1Inj'

2018-05-21 12:34:34 - [MESSAGE][PASSED] - All options with index in [8] are selected on object 'Object Repository/PharmacyRequest/Page_KDMC-Pharmacy/select_--Select--Schedule 1Inj'

2018-05-21 12:34:34 - [TEST_STEP][PASSED] - selectOptionByIndex: All options with index in [7] are selected on object 'Object Repository/PharmacyRequest/Page_KDMC-Pharmacy/select_--Select--Albendazole'

2018-05-21 12:34:34 - [MESSAGE][PASSED] - All options with index in [7] are selected on object 'Object Repository/PharmacyRequest/Page_KDMC-Pharmacy/select_--Select--Albendazole'

2018-05-21 12:34:34 - [TEST_STEP][PASSED] - setText: Text '10' is set on object 'Object Repository/PharmacyRequest/Page_KDMC-Pharmacy/input_txttreat'

2018-05-21 12:34:34 - [MESSAGE][PASSED] - Text '10' is set on object 'Object Repository/PharmacyRequest/Page_KDMC-Pharmacy/input_txttreat'

2018-05-21 12:34:34 - [TEST_STEP][PASSED] - click: Object: 'Object Repository/PharmacyRequest/Page_KDMC-Pharmacy/button_Add' is clicked on

2018-05-21 12:34:34 - [MESSAGE][PASSED] - Object: 'Object Repository/PharmacyRequest/Page_KDMC-Pharmacy/button_Add' is clicked on

2018-05-21 12:34:34 - [TEST_STEP][PASSED] - selectOptionByIndex: All options with index in [8] are selected on object 'Object Repository/PharmacyRequest/Page_KDMC-Pharmacy/select_--Select--Schedule 1Inj'

2018-05-21 12:34:35 - [MESSAGE][PASSED] - All options with index in [8] are selected on object 'Object Repository/PharmacyRequest/Page_KDMC-Pharmacy/select_--Select--Schedule 1Inj'

2018-05-21 12:34:35 - [TEST_STEP][PASSED] - selectOptionByIndex: All options with index in [8] are selected on object 'Object Repository/PharmacyRequest/Page_KDMC-Pharmacy/select_--Select--Albendazole'

2018-05-21 12:34:35 - [MESSAGE][PASSED] - All options with index in [8] are selected on object 'Object Repository/PharmacyRequest/Page_KDMC-Pharmacy/select_--Select--Albendazole'

2018-05-21 12:34:35 - [TEST_STEP][FAILED] - setText: Unable to set text '10' of object 'Object Repository/PharmacyRequest/Page_KDMC-Pharmacy/input_txttreat' (Root cause: org.openqa.selenium.WebDriverException: unknown error: cannot focus element
  (Session info: chrome=66.0.3359.139)
  (Driver info: chromedriver=2.35.528161 (5b82f2d2aae0ca24b877009200ced9065a772e73),platform=Windows NT 10.0.17134 x86_64) (WARNING: The server did not provide any stacktrace information)
Command duration or timeout: 0 milliseconds
Build info: version: '3.7.1', revision: '8a0099a', time: '2017-11-06T21:07:36.161Z'
System info: host: 'DESKTOP-BLFTK83', ip: '192.168.71.2', os.name: 'Windows 10', os.arch: 'amd64', os.version: '10.0', java.version: '1.8.0_102'
Driver info: com.kms.katalon.selenium.driver.CChromeDriver
Capabilities {acceptInsecureCerts: false, acceptSslCerts: false, applicationCacheEnabled: false, browserConnectionEnabled: false, browserName: chrome, chrome: {chromedriverVersion: 2.35.528161 (5b82f2d2aae0ca..., userDataDir: C:\Users\QUALIT~1\AppData\L...}, cssSelectorsEnabled: true, databaseEnabled: false, handlesAlerts: true, hasTouchScreen: false, javascriptEnabled: true, locationContextEnabled: true, mobileEmulationEnabled: false, nativeEvents: true, networkConnectionEnabled: false, pageLoadStrategy: normal, platform: XP, platformName: XP, rotatable: false, setWindowRect: true, takesHeapSnapshot: true, takesScreenshot: true, unexpectedAlertBehaviour: , unhandledPromptBehavior: , version: 66.0.3359.139, webStorageEnabled: true}
Session ID: c0ece32f5333ddd3f950bb39a54d2537)

2018-05-21 12:34:35 - [MESSAGE][FAILED] - Unable to set text '10' of object 'Object Repository/PharmacyRequest/Page_KDMC-Pharmacy/input_txttreat' (Root cause: org.openqa.selenium.WebDriverException: unknown error: cannot focus element
  (Session info: chrome=66.0.3359.139)
  (Driver info: chromedriver=2.35.528161 (5b82f2d2aae0ca24b877009200ced9065a772e73),platform=Windows NT 10.0.17134 x86_64) (WARNING: The server did not provide any stacktrace information)
Command duration or timeout: 0 milliseconds
Build info: version: '3.7.1', revision: '8a0099a', time: '2017-11-06T21:07:36.161Z'
System info: host: 'DESKTOP-BLFTK83', ip: '192.168.71.2', os.name: 'Windows 10', os.arch: 'amd64', os.version: '10.0', java.version: '1.8.0_102'
Driver info: com.kms.katalon.selenium.driver.CChromeDriver
Capabilities {acceptInsecureCerts: false, acceptSslCerts: false, applicationCacheEnabled: false, browserConnectionEnabled: false, browserName: chrome, chrome: {chromedriverVersion: 2.35.528161 (5b82f2d2aae0ca..., userDataDir: C:\Users\QUALIT~1\AppData\L...}, cssSelectorsEnabled: true, databaseEnabled: false, handlesAlerts: true, hasTouchScreen: false, javascriptEnabled: true, locationContextEnabled: true, mobileEmulationEnabled: false, nativeEvents: true, networkConnectionEnabled: false, pageLoadStrategy: normal, platform: XP, platformName: XP, rotatable: false, setWindowRect: true, takesHeapSnapshot: true, takesScreenshot: true, unexpectedAlertBehaviour: , unhandledPromptBehavior: , version: 66.0.3359.139, webStorageEnabled: true}
Session ID: c0ece32f5333ddd3f950bb39a54d2537)
[[ATTACHMENT|C:\\Users\\Quality Analyst\\Katalon Studio\\ds\\Reports\\Pharmacy_Suite\\20180521_095838\\1526886275252.png]]]]></system-out>
         <system-err><![CDATA[2018-05-21 12:34:12 - [TEST_CASE][FAILED] - Test Cases/PHARMACY TEST CASES/TC_PHAR_008 Verify Schedule 8 Pharmacy Request Are Working Successfully Or Not: Test Cases/PHARMACY TEST CASES/TC_PHAR_008 Verify Schedule 8 Pharmacy Request Are Working Successfully Or Not FAILED because (of) Unable to set text '10' of object 'Object Repository/PharmacyRequest/Page_KDMC-Pharmacy/input_txttreat' (Root cause: org.openqa.selenium.WebDriverException: unknown error: cannot focus element
  (Session info: chrome=66.0.3359.139)
  (Driver info: chromedriver=2.35.528161 (5b82f2d2aae0ca24b877009200ced9065a772e73),platform=Windows NT 10.0.17134 x86_64) (WARNING: The server did not provide any stacktrace information)
Command duration or timeout: 0 milliseconds
Build info: version: '3.7.1', revision: '8a0099a', time: '2017-11-06T21:07:36.161Z'
System info: host: 'DESKTOP-BLFTK83', ip: '192.168.71.2', os.name: 'Windows 10', os.arch: 'amd64', os.version: '10.0', java.version: '1.8.0_102'
Driver info: com.kms.katalon.selenium.driver.CChromeDriver
Capabilities {acceptInsecureCerts: false, acceptSslCerts: false, applicationCacheEnabled: false, browserConnectionEnabled: false, browserName: chrome, chrome: {chromedriverVersion: 2.35.528161 (5b82f2d2aae0ca..., userDataDir: C:\Users\QUALIT~1\AppData\L...}, cssSelectorsEnabled: true, databaseEnabled: false, handlesAlerts: true, hasTouchScreen: false, javascriptEnabled: true, locationContextEnabled: true, mobileEmulationEnabled: false, nativeEvents: true, networkConnectionEnabled: false, pageLoadStrategy: normal, platform: XP, platformName: XP, rotatable: false, setWindowRect: true, takesHeapSnapshot: true, takesScreenshot: true, unexpectedAlertBehaviour: , unhandledPromptBehavior: , version: 66.0.3359.139, webStorageEnabled: true}
Session ID: c0ece32f5333ddd3f950bb39a54d2537)]]></system-err>
      </testcase>
      <testcase name="Test Cases/PHARMACY TEST CASES/TC_PHAR_009 Verify Schedule 9 Pharmacy Request Are Working Successfully Or Not" classname="Test Cases/PHARMACY TEST CASES/TC_PHAR_009 Verify Schedule 9 Pharmacy Request Are Working Successfully Or Not" status="FAILED">
         <failure type="FAILED" message="Unable to click on object 'Object Repository/PharmacyRequest/Page_KDMC - CMO/input_2' (Root cause: com.kms.katalon.core.webui.exception.WebElementNotFoundException: Web element with id: 'Object Repository/PharmacyRequest/Page_KDMC - CMO/input_2' located by 'By.xpath: //*[@id=160][count(. | //input[@type = 'button']) = count(//input[@type = 'button'])]' not found)"/>
         <system-out><![CDATA[2018-05-21 12:34:35 - [TEST_CASE][FAILED] - Test Cases/PHARMACY TEST CASES/TC_PHAR_009 Verify Schedule 9 Pharmacy Request Are Working Successfully Or Not: Test Cases/PHARMACY TEST CASES/TC_PHAR_009 Verify Schedule 9 Pharmacy Request Are Working Successfully Or Not FAILED because (of) Unable to click on object 'Object Repository/PharmacyRequest/Page_KDMC - CMO/input_2' (Root cause: com.kms.katalon.core.webui.exception.WebElementNotFoundException: Web element with id: 'Object Repository/PharmacyRequest/Page_KDMC - CMO/input_2' located by 'By.xpath: //*[@id=160][count(. | //input[@type = 'button']) = count(//input[@type = 'button'])]' not found)

2018-05-21 12:34:35 - [TEST_STEP][PASSED] - openBrowser: Browser is opened with url: ''

2018-05-21 12:34:35 - [MESSAGE][WARNING] - A browser is already opened. Closing browser and opening a new one

2018-05-21 12:34:38 - [MESSAGE][PASSED] - Browser is opened with url: ''

2018-05-21 12:34:38 - [TEST_STEP][PASSED] - Statement - out.println("Verify Schedule 9 Pharmacy Request Are Working Successfully Or Not"): null

2018-05-21 12:34:38 - [TEST_STEP][PASSED] - navigateToUrl: Navigate to 'http://192.168.137.1/multihospital_new/' successfully

2018-05-21 12:34:41 - [MESSAGE][PASSED] - Navigate to 'http://192.168.137.1/multihospital_new/' successfully

2018-05-21 12:34:41 - [TEST_STEP][PASSED] - maximizeWindow: Current window maximized

2018-05-21 12:34:42 - [MESSAGE][PASSED] - Current window maximized

2018-05-21 12:34:42 - [TEST_STEP][PASSED] - click: Object: 'Object Repository/PharmacyRequest/Page_KDMC/a_Pharmacy' is clicked on

2018-05-21 12:34:43 - [MESSAGE][PASSED] - Object: 'Object Repository/PharmacyRequest/Page_KDMC/a_Pharmacy' is clicked on

2018-05-21 12:34:43 - [TEST_STEP][PASSED] - setText: Text 'raja' is set on object 'Object Repository/PharmacyRequest/Page_Pharmacy login/input_txtusername'

2018-05-21 12:34:43 - [MESSAGE][PASSED] - Text 'raja' is set on object 'Object Repository/PharmacyRequest/Page_Pharmacy login/input_txtusername'

2018-05-21 12:34:43 - [TEST_STEP][PASSED] - setText: Text '123' is set on object 'Object Repository/PharmacyRequest/Page_Pharmacy login/input_txtpassword'

2018-05-21 12:34:43 - [MESSAGE][PASSED] - Text '123' is set on object 'Object Repository/PharmacyRequest/Page_Pharmacy login/input_txtpassword'

2018-05-21 12:34:43 - [TEST_STEP][PASSED] - delay: Delayed 3 second(s)

2018-05-21 12:34:46 - [MESSAGE][PASSED] - Delayed 3 second(s)

2018-05-21 12:34:46 - [TEST_STEP][PASSED] - click: Object: 'Object Repository/PharmacyRequest/Page_Pharmacy login/button_Sign in' is clicked on

2018-05-21 12:34:48 - [MESSAGE][PASSED] - Object: 'Object Repository/PharmacyRequest/Page_Pharmacy login/button_Sign in' is clicked on

2018-05-21 12:34:48 - [TEST_STEP][PASSED] - delay: Delayed 3 second(s)

2018-05-21 12:34:51 - [MESSAGE][PASSED] - Delayed 3 second(s)

2018-05-21 12:34:51 - [TEST_STEP][PASSED] - click: Object: 'Object Repository/PharmacyRequest/Page_KDMC - Pharmacy/a_Inventory' is clicked on

2018-05-21 12:34:56 - [MESSAGE][PASSED] - Object: 'Object Repository/PharmacyRequest/Page_KDMC - Pharmacy/a_Inventory' is clicked on

2018-05-21 12:34:56 - [TEST_STEP][PASSED] - delay: Delayed 3 second(s)

2018-05-21 12:34:59 - [MESSAGE][PASSED] - Delayed 3 second(s)

2018-05-21 12:34:59 - [TEST_STEP][PASSED] - click: Object: 'Object Repository/PharmacyRequest/Page_KDMC-Pharmacy/a_Store Request' is clicked on

2018-05-21 12:35:00 - [MESSAGE][PASSED] - Object: 'Object Repository/PharmacyRequest/Page_KDMC-Pharmacy/a_Store Request' is clicked on

2018-05-21 12:35:00 - [TEST_STEP][PASSED] - click: Object: 'Object Repository/PharmacyRequest/Page_KDMC-Pharmacy/a_Medicine Request' is clicked on

2018-05-21 12:35:05 - [MESSAGE][PASSED] - Object: 'Object Repository/PharmacyRequest/Page_KDMC-Pharmacy/a_Medicine Request' is clicked on

2018-05-21 12:35:05 - [TEST_STEP][PASSED] - selectOptionByIndex: All options with index in [9] are selected on object 'Object Repository/PharmacyRequest/Page_KDMC-Pharmacy/select_--Select--Schedule 1Inj'

2018-05-21 12:35:05 - [MESSAGE][PASSED] - All options with index in [9] are selected on object 'Object Repository/PharmacyRequest/Page_KDMC-Pharmacy/select_--Select--Schedule 1Inj'

2018-05-21 12:35:05 - [TEST_STEP][PASSED] - Statement - MedicineLength = com.kms.katalon.core.webui.keyword.WebUiBuiltInKeywords.getNumberOfTotalOption(com.kms.katalon.core.testobject.ObjectRepository.findTestObject(PharmacyRequest/Page_KDMC-Pharmacy/select_--Select--Albendazole)): 0 options of object 'Object Repository/PharmacyRequest/Page_KDMC-Pharmacy/select_--Select--Albendazole' counted

2018-05-21 12:35:06 - [MESSAGE][PASSED] - 0 options of object 'Object Repository/PharmacyRequest/Page_KDMC-Pharmacy/select_--Select--Albendazole' counted

2018-05-21 12:35:06 - [TEST_STEP][PASSED] - Statement - For ([l = 1, l <= MedicineLength - 1, (l++)]): null

2018-05-21 12:35:06 - [TEST_STEP][PASSED] - Statement - RN1 = com.kms.katalon.core.webui.keyword.WebUiBuiltInKeywords.getAttribute(com.kms.katalon.core.testobject.ObjectRepository.findTestObject(PharmacyRequest/Page_KDMC-Pharmacy/input_txtno), "value"): Attribute 'value' of object 'Object Repository/PharmacyRequest/Page_KDMC-Pharmacy/input_txtno' is: 'PRNO/21052018/160'

2018-05-21 12:35:06 - [MESSAGE][PASSED] - Attribute 'value' of object 'Object Repository/PharmacyRequest/Page_KDMC-Pharmacy/input_txtno' is: 'PRNO/21052018/160'

2018-05-21 12:35:06 - [TEST_STEP][PASSED] - Statement - out.println(RN1): null

2018-05-21 12:35:06 - [TEST_STEP][PASSED] - Statement - RID = RN1.split("/")[2]: null

2018-05-21 12:35:06 - [TEST_STEP][PASSED] - scrollToElement: Scroll to object 'Object Repository/PharmacyRequest/Page_KDMC-Pharmacy/input_btnsave' successfully

2018-05-21 12:35:06 - [MESSAGE][PASSED] - Scroll to object 'Object Repository/PharmacyRequest/Page_KDMC-Pharmacy/input_btnsave' successfully

2018-05-21 12:35:06 - [TEST_STEP][PASSED] - click: Object: 'Object Repository/PharmacyRequest/Page_KDMC-Pharmacy/input_btnsave' is clicked on

2018-05-21 12:35:06 - [MESSAGE][PASSED] - Object: 'Object Repository/PharmacyRequest/Page_KDMC-Pharmacy/input_btnsave' is clicked on

2018-05-21 12:35:06 - [TEST_STEP][PASSED] - delay: Delayed 3 second(s)

2018-05-21 12:35:09 - [MESSAGE][PASSED] - Delayed 3 second(s)

2018-05-21 12:35:09 - [TEST_STEP][PASSED] - click: Object: 'Object Repository/PharmacyRequest/Page_KDMC-Pharmacy/button_OK' is clicked on

2018-05-21 12:35:09 - [MESSAGE][PASSED] - Object: 'Object Repository/PharmacyRequest/Page_KDMC-Pharmacy/button_OK' is clicked on

2018-05-21 12:35:09 - [TEST_STEP][PASSED] - delay: Delayed 3 second(s)

2018-05-21 12:35:12 - [MESSAGE][PASSED] - Delayed 3 second(s)

2018-05-21 12:35:12 - [TEST_STEP][PASSED] - click: Object: 'Object Repository/PharmacyRequest/Page_KDMC-Pharmacy/a_Back to Pharmacy' is clicked on

2018-05-21 12:35:13 - [MESSAGE][PASSED] - Object: 'Object Repository/PharmacyRequest/Page_KDMC-Pharmacy/a_Back to Pharmacy' is clicked on

2018-05-21 12:35:13 - [TEST_STEP][PASSED] - delay: Delayed 3 second(s)

2018-05-21 12:35:16 - [MESSAGE][PASSED] - Delayed 3 second(s)

2018-05-21 12:35:16 - [TEST_STEP][PASSED] - click: Object: 'Object Repository/PharmacyRequest/Page_KDMC - Pharmacy/a_dropdown-toggle' is clicked on

2018-05-21 12:35:17 - [MESSAGE][PASSED] - Object: 'Object Repository/PharmacyRequest/Page_KDMC - Pharmacy/a_dropdown-toggle' is clicked on

2018-05-21 12:35:17 - [TEST_STEP][PASSED] - click: Object: 'Object Repository/PharmacyRequest/Page_KDMC - Pharmacy/a_Sign out' is clicked on

2018-05-21 12:35:18 - [MESSAGE][PASSED] - Object: 'Object Repository/PharmacyRequest/Page_KDMC - Pharmacy/a_Sign out' is clicked on

2018-05-21 12:35:18 - [TEST_STEP][PASSED] - delay: Delayed 3 second(s)

2018-05-21 12:35:21 - [MESSAGE][PASSED] - Delayed 3 second(s)

2018-05-21 12:35:21 - [TEST_STEP][PASSED] - click: Object: 'Object Repository/PharmacyRequest/Page_KDMC/a_CMO' is clicked on

2018-05-21 12:35:22 - [MESSAGE][PASSED] - Object: 'Object Repository/PharmacyRequest/Page_KDMC/a_CMO' is clicked on

2018-05-21 12:35:22 - [TEST_STEP][PASSED] - setText: Text 'guru' is set on object 'Object Repository/PharmacyRequest/Page_CMO login/input_txtusername'

2018-05-21 12:35:22 - [MESSAGE][PASSED] - Text 'guru' is set on object 'Object Repository/PharmacyRequest/Page_CMO login/input_txtusername'

2018-05-21 12:35:22 - [TEST_STEP][PASSED] - setText: Text '123' is set on object 'Object Repository/PharmacyRequest/Page_CMO login/input_txtpassword'

2018-05-21 12:35:22 - [MESSAGE][PASSED] - Text '123' is set on object 'Object Repository/PharmacyRequest/Page_CMO login/input_txtpassword'

2018-05-21 12:35:22 - [TEST_STEP][PASSED] - delay: Delayed 3 second(s)

2018-05-21 12:35:25 - [MESSAGE][PASSED] - Delayed 3 second(s)

2018-05-21 12:35:25 - [TEST_STEP][PASSED] - click: Object: 'Object Repository/PharmacyRequest/Page_CMO login/button_Sign in' is clicked on

2018-05-21 12:35:28 - [MESSAGE][PASSED] - Object: 'Object Repository/PharmacyRequest/Page_CMO login/button_Sign in' is clicked on

2018-05-21 12:35:28 - [TEST_STEP][PASSED] - click: Object: 'Object Repository/PharmacyRequest/Page_KDMC - CMO/a_Department Wise Request' is clicked on

2018-05-21 12:35:31 - [MESSAGE][PASSED] - Object: 'Object Repository/PharmacyRequest/Page_KDMC - CMO/a_Department Wise Request' is clicked on

2018-05-21 12:35:31 - [TEST_STEP][PASSED] - selectOptionByIndex: All options with index in [2] are selected on object 'Object Repository/PharmacyRequest/Page_KDMC - CMO/select_--ALL--'

2018-05-21 12:35:31 - [MESSAGE][PASSED] - All options with index in [2] are selected on object 'Object Repository/PharmacyRequest/Page_KDMC - CMO/select_--ALL--'

2018-05-21 12:35:31 - [TEST_STEP][PASSED] - selectOptionByIndex: All options with index in [1] are selected on object 'Object Repository/PharmacyRequest/Page_KDMC - CMO/select_--ALL--                _1'

2018-05-21 12:35:31 - [MESSAGE][PASSED] - All options with index in [1] are selected on object 'Object Repository/PharmacyRequest/Page_KDMC - CMO/select_--ALL--                _1'

2018-05-21 12:35:31 - [TEST_STEP][PASSED] - click: Object: 'Object Repository/PharmacyRequest/Page_KDMC - CMO/input_btnsearch' is clicked on

2018-05-21 12:35:31 - [MESSAGE][PASSED] - Object: 'Object Repository/PharmacyRequest/Page_KDMC - CMO/input_btnsearch' is clicked on

2018-05-21 12:35:31 - [TEST_STEP][PASSED] - Statement - ID = com.kms.katalon.core.webui.keyword.WebUiBuiltInKeywords.modifyObjectProperty(com.kms.katalon.core.testobject.ObjectRepository.findTestObject(PharmacyRequest/Page_KDMC - CMO/input_2), "xpath", "equals", "//*[@id=" + RID + "]", true): Modify property of object successfully

2018-05-21 12:35:31 - [MESSAGE][PASSED] - Modify property of object successfully

2018-05-21 12:35:31 - [TEST_STEP][FAILED] - click: Unable to click on object 'Object Repository/PharmacyRequest/Page_KDMC - CMO/input_2' (Root cause: com.kms.katalon.core.webui.exception.WebElementNotFoundException: Web element with id: 'Object Repository/PharmacyRequest/Page_KDMC - CMO/input_2' located by 'By.xpath: //*[@id=160][count(. | //input[@type = 'button']) = count(//input[@type = 'button'])]' not found)

2018-05-21 12:36:03 - [MESSAGE][FAILED] - Unable to click on object 'Object Repository/PharmacyRequest/Page_KDMC - CMO/input_2' (Root cause: com.kms.katalon.core.webui.exception.WebElementNotFoundException: Web element with id: 'Object Repository/PharmacyRequest/Page_KDMC - CMO/input_2' located by 'By.xpath: //*[@id=160][count(. | //input[@type = 'button']) = count(//input[@type = 'button'])]' not found)
[[ATTACHMENT|C:\\Users\\Quality Analyst\\Katalon Studio\\ds\\Reports\\Pharmacy_Suite\\20180521_095838\\1526886362768.png]]]]></system-out>
         <system-err><![CDATA[2018-05-21 12:34:35 - [TEST_CASE][FAILED] - Test Cases/PHARMACY TEST CASES/TC_PHAR_009 Verify Schedule 9 Pharmacy Request Are Working Successfully Or Not: Test Cases/PHARMACY TEST CASES/TC_PHAR_009 Verify Schedule 9 Pharmacy Request Are Working Successfully Or Not FAILED because (of) Unable to click on object 'Object Repository/PharmacyRequest/Page_KDMC - CMO/input_2' (Root cause: com.kms.katalon.core.webui.exception.WebElementNotFoundException: Web element with id: 'Object Repository/PharmacyRequest/Page_KDMC - CMO/input_2' located by 'By.xpath: //*[@id=160][count(. | //input[@type = 'button']) = count(//input[@type = 'button'])]' not found)]]></system-err>
      </testcase>
      <testcase name="Test Cases/PHARMACY TEST CASES/TC_PHAR_010 Verify Schedule 10 Pharmacy Request Are Working Successfully Or Not" classname="Test Cases/PHARMACY TEST CASES/TC_PHAR_010 Verify Schedule 10 Pharmacy Request Are Working Successfully Or Not" status="FAILED">
         <failure type="FAILED" message="Unable to click on object 'Object Repository/PharmacyRequest/Page_KDMC - CMO/input_2' (Root cause: com.kms.katalon.core.webui.exception.WebElementNotFoundException: Web element with id: 'Object Repository/PharmacyRequest/Page_KDMC - CMO/input_2' located by 'By.xpath: //*[@id=160][count(. | //input[@type = 'button']) = count(//input[@type = 'button'])]' not found)"/>
         <system-out><![CDATA[2018-05-21 12:36:03 - [TEST_CASE][FAILED] - Test Cases/PHARMACY TEST CASES/TC_PHAR_010 Verify Schedule 10 Pharmacy Request Are Working Successfully Or Not: Test Cases/PHARMACY TEST CASES/TC_PHAR_010 Verify Schedule 10 Pharmacy Request Are Working Successfully Or Not FAILED because (of) Unable to click on object 'Object Repository/PharmacyRequest/Page_KDMC - CMO/input_2' (Root cause: com.kms.katalon.core.webui.exception.WebElementNotFoundException: Web element with id: 'Object Repository/PharmacyRequest/Page_KDMC - CMO/input_2' located by 'By.xpath: //*[@id=160][count(. | //input[@type = 'button']) = count(//input[@type = 'button'])]' not found)

2018-05-21 12:36:03 - [TEST_STEP][PASSED] - openBrowser: Browser is opened with url: ''

2018-05-21 12:36:03 - [MESSAGE][WARNING] - A browser is already opened. Closing browser and opening a new one

2018-05-21 12:36:06 - [MESSAGE][PASSED] - Browser is opened with url: ''

2018-05-21 12:36:06 - [TEST_STEP][PASSED] - Statement - out.println("Verify Schedule 10 Pharmacy Request Are Working Successfully Or Not"): null

2018-05-21 12:36:06 - [TEST_STEP][PASSED] - navigateToUrl: Navigate to 'http://192.168.137.1/multihospital_new/' successfully

2018-05-21 12:36:08 - [MESSAGE][PASSED] - Navigate to 'http://192.168.137.1/multihospital_new/' successfully

2018-05-21 12:36:08 - [TEST_STEP][PASSED] - maximizeWindow: Current window maximized

2018-05-21 12:36:10 - [MESSAGE][PASSED] - Current window maximized

2018-05-21 12:36:10 - [TEST_STEP][PASSED] - click: Object: 'Object Repository/PharmacyRequest/Page_KDMC/a_Pharmacy' is clicked on

2018-05-21 12:36:11 - [MESSAGE][PASSED] - Object: 'Object Repository/PharmacyRequest/Page_KDMC/a_Pharmacy' is clicked on

2018-05-21 12:36:11 - [TEST_STEP][PASSED] - setText: Text 'raja' is set on object 'Object Repository/PharmacyRequest/Page_Pharmacy login/input_txtusername'

2018-05-21 12:36:11 - [MESSAGE][PASSED] - Text 'raja' is set on object 'Object Repository/PharmacyRequest/Page_Pharmacy login/input_txtusername'

2018-05-21 12:36:11 - [TEST_STEP][PASSED] - setText: Text '123' is set on object 'Object Repository/PharmacyRequest/Page_Pharmacy login/input_txtpassword'

2018-05-21 12:36:11 - [MESSAGE][PASSED] - Text '123' is set on object 'Object Repository/PharmacyRequest/Page_Pharmacy login/input_txtpassword'

2018-05-21 12:36:11 - [TEST_STEP][PASSED] - delay: Delayed 3 second(s)

2018-05-21 12:36:14 - [MESSAGE][PASSED] - Delayed 3 second(s)

2018-05-21 12:36:14 - [TEST_STEP][PASSED] - click: Object: 'Object Repository/PharmacyRequest/Page_Pharmacy login/button_Sign in' is clicked on

2018-05-21 12:36:16 - [MESSAGE][PASSED] - Object: 'Object Repository/PharmacyRequest/Page_Pharmacy login/button_Sign in' is clicked on

2018-05-21 12:36:16 - [TEST_STEP][PASSED] - delay: Delayed 3 second(s)

2018-05-21 12:36:19 - [MESSAGE][PASSED] - Delayed 3 second(s)

2018-05-21 12:36:19 - [TEST_STEP][PASSED] - click: Object: 'Object Repository/PharmacyRequest/Page_KDMC - Pharmacy/a_Inventory' is clicked on

2018-05-21 12:36:28 - [MESSAGE][PASSED] - Object: 'Object Repository/PharmacyRequest/Page_KDMC - Pharmacy/a_Inventory' is clicked on

2018-05-21 12:36:28 - [TEST_STEP][PASSED] - delay: Delayed 3 second(s)

2018-05-21 12:36:31 - [MESSAGE][PASSED] - Delayed 3 second(s)

2018-05-21 12:36:31 - [TEST_STEP][PASSED] - click: Object: 'Object Repository/PharmacyRequest/Page_KDMC-Pharmacy/a_Store Request' is clicked on

2018-05-21 12:36:31 - [MESSAGE][PASSED] - Object: 'Object Repository/PharmacyRequest/Page_KDMC-Pharmacy/a_Store Request' is clicked on

2018-05-21 12:36:31 - [TEST_STEP][PASSED] - click: Object: 'Object Repository/PharmacyRequest/Page_KDMC-Pharmacy/a_Medicine Request' is clicked on

2018-05-21 12:36:37 - [MESSAGE][PASSED] - Object: 'Object Repository/PharmacyRequest/Page_KDMC-Pharmacy/a_Medicine Request' is clicked on

2018-05-21 12:36:37 - [TEST_STEP][PASSED] - selectOptionByIndex: All options with index in [10] are selected on object 'Object Repository/PharmacyRequest/Page_KDMC-Pharmacy/select_--Select--Schedule 1Inj'

2018-05-21 12:36:37 - [MESSAGE][PASSED] - All options with index in [10] are selected on object 'Object Repository/PharmacyRequest/Page_KDMC-Pharmacy/select_--Select--Schedule 1Inj'

2018-05-21 12:36:37 - [TEST_STEP][PASSED] - Statement - MedicineLength = com.kms.katalon.core.webui.keyword.WebUiBuiltInKeywords.getNumberOfTotalOption(com.kms.katalon.core.testobject.ObjectRepository.findTestObject(PharmacyRequest/Page_KDMC-Pharmacy/select_--Select--Albendazole)): 0 options of object 'Object Repository/PharmacyRequest/Page_KDMC-Pharmacy/select_--Select--Albendazole' counted

2018-05-21 12:36:37 - [MESSAGE][PASSED] - 0 options of object 'Object Repository/PharmacyRequest/Page_KDMC-Pharmacy/select_--Select--Albendazole' counted

2018-05-21 12:36:37 - [TEST_STEP][PASSED] - Statement - For ([l = 1, l <= MedicineLength - 1, (l++)]): null

2018-05-21 12:36:37 - [TEST_STEP][PASSED] - Statement - RN1 = com.kms.katalon.core.webui.keyword.WebUiBuiltInKeywords.getAttribute(com.kms.katalon.core.testobject.ObjectRepository.findTestObject(PharmacyRequest/Page_KDMC-Pharmacy/input_txtno), "value"): Attribute 'value' of object 'Object Repository/PharmacyRequest/Page_KDMC-Pharmacy/input_txtno' is: 'PRNO/21052018/160'

2018-05-21 12:36:37 - [MESSAGE][PASSED] - Attribute 'value' of object 'Object Repository/PharmacyRequest/Page_KDMC-Pharmacy/input_txtno' is: 'PRNO/21052018/160'

2018-05-21 12:36:37 - [TEST_STEP][PASSED] - Statement - out.println(RN1): null

2018-05-21 12:36:37 - [TEST_STEP][PASSED] - Statement - RID = RN1.split("/")[2]: null

2018-05-21 12:36:37 - [TEST_STEP][PASSED] - scrollToElement: Scroll to object 'Object Repository/PharmacyRequest/Page_KDMC-Pharmacy/input_btnsave' successfully

2018-05-21 12:36:37 - [MESSAGE][PASSED] - Scroll to object 'Object Repository/PharmacyRequest/Page_KDMC-Pharmacy/input_btnsave' successfully

2018-05-21 12:36:37 - [TEST_STEP][PASSED] - click: Object: 'Object Repository/PharmacyRequest/Page_KDMC-Pharmacy/input_btnsave' is clicked on

2018-05-21 12:36:37 - [MESSAGE][PASSED] - Object: 'Object Repository/PharmacyRequest/Page_KDMC-Pharmacy/input_btnsave' is clicked on

2018-05-21 12:36:37 - [TEST_STEP][PASSED] - delay: Delayed 3 second(s)

2018-05-21 12:36:40 - [MESSAGE][PASSED] - Delayed 3 second(s)

2018-05-21 12:36:40 - [TEST_STEP][PASSED] - click: Object: 'Object Repository/PharmacyRequest/Page_KDMC-Pharmacy/button_OK' is clicked on

2018-05-21 12:36:40 - [MESSAGE][PASSED] - Object: 'Object Repository/PharmacyRequest/Page_KDMC-Pharmacy/button_OK' is clicked on

2018-05-21 12:36:40 - [TEST_STEP][PASSED] - delay: Delayed 3 second(s)

2018-05-21 12:36:43 - [MESSAGE][PASSED] - Delayed 3 second(s)

2018-05-21 12:36:43 - [TEST_STEP][PASSED] - click: Object: 'Object Repository/PharmacyRequest/Page_KDMC-Pharmacy/a_Back to Pharmacy' is clicked on

2018-05-21 12:36:45 - [MESSAGE][PASSED] - Object: 'Object Repository/PharmacyRequest/Page_KDMC-Pharmacy/a_Back to Pharmacy' is clicked on

2018-05-21 12:36:45 - [TEST_STEP][PASSED] - delay: Delayed 3 second(s)

2018-05-21 12:36:48 - [MESSAGE][PASSED] - Delayed 3 second(s)

2018-05-21 12:36:48 - [TEST_STEP][PASSED] - click: Object: 'Object Repository/PharmacyRequest/Page_KDMC - Pharmacy/a_dropdown-toggle' is clicked on

2018-05-21 12:36:48 - [MESSAGE][PASSED] - Object: 'Object Repository/PharmacyRequest/Page_KDMC - Pharmacy/a_dropdown-toggle' is clicked on

2018-05-21 12:36:48 - [TEST_STEP][PASSED] - click: Object: 'Object Repository/PharmacyRequest/Page_KDMC - Pharmacy/a_Sign out' is clicked on

2018-05-21 12:36:51 - [MESSAGE][PASSED] - Object: 'Object Repository/PharmacyRequest/Page_KDMC - Pharmacy/a_Sign out' is clicked on

2018-05-21 12:36:51 - [TEST_STEP][PASSED] - delay: Delayed 3 second(s)

2018-05-21 12:36:54 - [MESSAGE][PASSED] - Delayed 3 second(s)

2018-05-21 12:36:54 - [TEST_STEP][PASSED] - click: Object: 'Object Repository/PharmacyRequest/Page_KDMC/a_CMO' is clicked on

2018-05-21 12:36:55 - [MESSAGE][PASSED] - Object: 'Object Repository/PharmacyRequest/Page_KDMC/a_CMO' is clicked on

2018-05-21 12:36:55 - [TEST_STEP][PASSED] - setText: Text 'guru' is set on object 'Object Repository/PharmacyRequest/Page_CMO login/input_txtusername'

2018-05-21 12:36:55 - [MESSAGE][PASSED] - Text 'guru' is set on object 'Object Repository/PharmacyRequest/Page_CMO login/input_txtusername'

2018-05-21 12:36:55 - [TEST_STEP][PASSED] - setText: Text '123' is set on object 'Object Repository/PharmacyRequest/Page_CMO login/input_txtpassword'

2018-05-21 12:36:55 - [MESSAGE][PASSED] - Text '123' is set on object 'Object Repository/PharmacyRequest/Page_CMO login/input_txtpassword'

2018-05-21 12:36:55 - [TEST_STEP][PASSED] - delay: Delayed 3 second(s)

2018-05-21 12:36:58 - [MESSAGE][PASSED] - Delayed 3 second(s)

2018-05-21 12:36:58 - [TEST_STEP][PASSED] - click: Object: 'Object Repository/PharmacyRequest/Page_CMO login/button_Sign in' is clicked on

2018-05-21 12:37:02 - [MESSAGE][PASSED] - Object: 'Object Repository/PharmacyRequest/Page_CMO login/button_Sign in' is clicked on

2018-05-21 12:37:02 - [TEST_STEP][PASSED] - click: Object: 'Object Repository/PharmacyRequest/Page_KDMC - CMO/a_Department Wise Request' is clicked on

2018-05-21 12:37:05 - [MESSAGE][PASSED] - Object: 'Object Repository/PharmacyRequest/Page_KDMC - CMO/a_Department Wise Request' is clicked on

2018-05-21 12:37:05 - [TEST_STEP][PASSED] - selectOptionByIndex: All options with index in [2] are selected on object 'Object Repository/PharmacyRequest/Page_KDMC - CMO/select_--ALL--'

2018-05-21 12:37:05 - [MESSAGE][PASSED] - All options with index in [2] are selected on object 'Object Repository/PharmacyRequest/Page_KDMC - CMO/select_--ALL--'

2018-05-21 12:37:05 - [TEST_STEP][PASSED] - selectOptionByIndex: All options with index in [1] are selected on object 'Object Repository/PharmacyRequest/Page_KDMC - CMO/select_--ALL--                _1'

2018-05-21 12:37:05 - [MESSAGE][PASSED] - All options with index in [1] are selected on object 'Object Repository/PharmacyRequest/Page_KDMC - CMO/select_--ALL--                _1'

2018-05-21 12:37:05 - [TEST_STEP][PASSED] - click: Object: 'Object Repository/PharmacyRequest/Page_KDMC - CMO/input_btnsearch' is clicked on

2018-05-21 12:37:05 - [MESSAGE][PASSED] - Object: 'Object Repository/PharmacyRequest/Page_KDMC - CMO/input_btnsearch' is clicked on

2018-05-21 12:37:05 - [TEST_STEP][PASSED] - Statement - ID = com.kms.katalon.core.webui.keyword.WebUiBuiltInKeywords.modifyObjectProperty(com.kms.katalon.core.testobject.ObjectRepository.findTestObject(PharmacyRequest/Page_KDMC - CMO/input_2), "xpath", "equals", "//*[@id=" + RID + "]", true): Modify property of object successfully

2018-05-21 12:37:05 - [MESSAGE][PASSED] - Modify property of object successfully

2018-05-21 12:37:05 - [TEST_STEP][FAILED] - click: Unable to click on object 'Object Repository/PharmacyRequest/Page_KDMC - CMO/input_2' (Root cause: com.kms.katalon.core.webui.exception.WebElementNotFoundException: Web element with id: 'Object Repository/PharmacyRequest/Page_KDMC - CMO/input_2' located by 'By.xpath: //*[@id=160][count(. | //input[@type = 'button']) = count(//input[@type = 'button'])]' not found)

2018-05-21 12:37:37 - [MESSAGE][FAILED] - Unable to click on object 'Object Repository/PharmacyRequest/Page_KDMC - CMO/input_2' (Root cause: com.kms.katalon.core.webui.exception.WebElementNotFoundException: Web element with id: 'Object Repository/PharmacyRequest/Page_KDMC - CMO/input_2' located by 'By.xpath: //*[@id=160][count(. | //input[@type = 'button']) = count(//input[@type = 'button'])]' not found)
[[ATTACHMENT|C:\\Users\\Quality Analyst\\Katalon Studio\\ds\\Reports\\Pharmacy_Suite\\20180521_095838\\1526886457140.png]]]]></system-out>
         <system-err><![CDATA[2018-05-21 12:36:03 - [TEST_CASE][FAILED] - Test Cases/PHARMACY TEST CASES/TC_PHAR_010 Verify Schedule 10 Pharmacy Request Are Working Successfully Or Not: Test Cases/PHARMACY TEST CASES/TC_PHAR_010 Verify Schedule 10 Pharmacy Request Are Working Successfully Or Not FAILED because (of) Unable to click on object 'Object Repository/PharmacyRequest/Page_KDMC - CMO/input_2' (Root cause: com.kms.katalon.core.webui.exception.WebElementNotFoundException: Web element with id: 'Object Repository/PharmacyRequest/Page_KDMC - CMO/input_2' located by 'By.xpath: //*[@id=160][count(. | //input[@type = 'button']) = count(//input[@type = 'button'])]' not found)]]></system-err>
      </testcase>
      <testcase name="Test Cases/PHARMACY TEST CASES/TC_PHAR_011 Verify Schedule 11 Pharmacy Request Are Working Successfully Or Not" classname="Test Cases/PHARMACY TEST CASES/TC_PHAR_011 Verify Schedule 11 Pharmacy Request Are Working Successfully Or Not" status="FAILED">
         <failure type="FAILED" message="Unable to click on object 'Object Repository/PharmacyRequest/Page_Pharmacy login/button_Sign in' (Root cause: org.openqa.selenium.WebDriverException: unknown error: Element &lt;button type=&quot;submit&quot; id=&quot;btnSubmit&quot; style=&quot;color: #003f72 ;&quot; class=&quot;btn bg-blue btn-block&quot;>...&lt;/button> is not clickable at point (800, 548). Other element would receive the click: &lt;div style=&quot;position: absolute; display: block; width: auto; height: auto; padding: 0px; margin: 0px; text-align: left; border: none; border-radius: 0px; z-index: 2147483646; font-size: 0px; left: 640px; top: 473px;&quot;>...&lt;/div>
  (Session info: chrome=66.0.3359.139)
  (Driver info: chromedriver=2.35.528161 (5b82f2d2aae0ca24b877009200ced9065a772e73),platform=Windows NT 10.0.17134 x86_64) (WARNING: The server did not provide any stacktrace information)
Command duration or timeout: 0 milliseconds
Build info: version: '3.7.1', revision: '8a0099a', time: '2017-11-06T21:07:36.161Z'
System info: host: 'DESKTOP-BLFTK83', ip: '192.168.71.2', os.name: 'Windows 10', os.arch: 'amd64', os.version: '10.0', java.version: '1.8.0_102'
Driver info: com.kms.katalon.selenium.driver.CChromeDriver
Capabilities {acceptInsecureCerts: false, acceptSslCerts: false, applicationCacheEnabled: false, browserConnectionEnabled: false, browserName: chrome, chrome: {chromedriverVersion: 2.35.528161 (5b82f2d2aae0ca..., userDataDir: C:\Users\QUALIT~1\AppData\L...}, cssSelectorsEnabled: true, databaseEnabled: false, handlesAlerts: true, hasTouchScreen: false, javascriptEnabled: true, locationContextEnabled: true, mobileEmulationEnabled: false, nativeEvents: true, networkConnectionEnabled: false, pageLoadStrategy: normal, platform: XP, platformName: XP, rotatable: false, setWindowRect: true, takesHeapSnapshot: true, takesScreenshot: true, unexpectedAlertBehaviour: , unhandledPromptBehavior: , version: 66.0.3359.139, webStorageEnabled: true}
Session ID: 4dfd328867aa0d9dd141f7deb788c8a6)"/>
         <system-out><![CDATA[2018-05-21 12:37:37 - [TEST_CASE][FAILED] - Test Cases/PHARMACY TEST CASES/TC_PHAR_011 Verify Schedule 11 Pharmacy Request Are Working Successfully Or Not: Test Cases/PHARMACY TEST CASES/TC_PHAR_011 Verify Schedule 11 Pharmacy Request Are Working Successfully Or Not FAILED because (of) Unable to click on object 'Object Repository/PharmacyRequest/Page_Pharmacy login/button_Sign in' (Root cause: org.openqa.selenium.WebDriverException: unknown error: Element <button type="submit" id="btnSubmit" style="color: #003f72 ;" class="btn bg-blue btn-block">...</button> is not clickable at point (800, 548). Other element would receive the click: <div style="position: absolute; display: block; width: auto; height: auto; padding: 0px; margin: 0px; text-align: left; border: none; border-radius: 0px; z-index: 2147483646; font-size: 0px; left: 640px; top: 473px;">...</div>
  (Session info: chrome=66.0.3359.139)
  (Driver info: chromedriver=2.35.528161 (5b82f2d2aae0ca24b877009200ced9065a772e73),platform=Windows NT 10.0.17134 x86_64) (WARNING: The server did not provide any stacktrace information)
Command duration or timeout: 0 milliseconds
Build info: version: '3.7.1', revision: '8a0099a', time: '2017-11-06T21:07:36.161Z'
System info: host: 'DESKTOP-BLFTK83', ip: '192.168.71.2', os.name: 'Windows 10', os.arch: 'amd64', os.version: '10.0', java.version: '1.8.0_102'
Driver info: com.kms.katalon.selenium.driver.CChromeDriver
Capabilities {acceptInsecureCerts: false, acceptSslCerts: false, applicationCacheEnabled: false, browserConnectionEnabled: false, browserName: chrome, chrome: {chromedriverVersion: 2.35.528161 (5b82f2d2aae0ca..., userDataDir: C:\Users\QUALIT~1\AppData\L...}, cssSelectorsEnabled: true, databaseEnabled: false, handlesAlerts: true, hasTouchScreen: false, javascriptEnabled: true, locationContextEnabled: true, mobileEmulationEnabled: false, nativeEvents: true, networkConnectionEnabled: false, pageLoadStrategy: normal, platform: XP, platformName: XP, rotatable: false, setWindowRect: true, takesHeapSnapshot: true, takesScreenshot: true, unexpectedAlertBehaviour: , unhandledPromptBehavior: , version: 66.0.3359.139, webStorageEnabled: true}
Session ID: 4dfd328867aa0d9dd141f7deb788c8a6)

2018-05-21 12:37:37 - [TEST_STEP][PASSED] - openBrowser: Browser is opened with url: ''

2018-05-21 12:37:37 - [MESSAGE][WARNING] - A browser is already opened. Closing browser and opening a new one

2018-05-21 12:37:40 - [MESSAGE][PASSED] - Browser is opened with url: ''

2018-05-21 12:37:40 - [TEST_STEP][PASSED] - Statement - out.println("Verify Schedule 11 Pharmacy Request Are Working Successfully Or Not"): null

2018-05-21 12:37:40 - [TEST_STEP][PASSED] - navigateToUrl: Navigate to 'http://192.168.137.1/multihospital_new/' successfully

2018-05-21 12:37:43 - [MESSAGE][PASSED] - Navigate to 'http://192.168.137.1/multihospital_new/' successfully

2018-05-21 12:37:43 - [TEST_STEP][PASSED] - maximizeWindow: Current window maximized

2018-05-21 12:37:44 - [MESSAGE][PASSED] - Current window maximized

2018-05-21 12:37:44 - [TEST_STEP][PASSED] - click: Object: 'Object Repository/PharmacyRequest/Page_KDMC/a_Pharmacy' is clicked on

2018-05-21 12:37:45 - [MESSAGE][PASSED] - Object: 'Object Repository/PharmacyRequest/Page_KDMC/a_Pharmacy' is clicked on

2018-05-21 12:37:45 - [TEST_STEP][PASSED] - setText: Text 'raja' is set on object 'Object Repository/PharmacyRequest/Page_Pharmacy login/input_txtusername'

2018-05-21 12:37:46 - [MESSAGE][PASSED] - Text 'raja' is set on object 'Object Repository/PharmacyRequest/Page_Pharmacy login/input_txtusername'

2018-05-21 12:37:46 - [TEST_STEP][PASSED] - setText: Text '123' is set on object 'Object Repository/PharmacyRequest/Page_Pharmacy login/input_txtpassword'

2018-05-21 12:37:46 - [MESSAGE][PASSED] - Text '123' is set on object 'Object Repository/PharmacyRequest/Page_Pharmacy login/input_txtpassword'

2018-05-21 12:37:46 - [TEST_STEP][PASSED] - delay: Delayed 3 second(s)

2018-05-21 12:37:49 - [MESSAGE][PASSED] - Delayed 3 second(s)

2018-05-21 12:37:49 - [TEST_STEP][FAILED] - click: Unable to click on object 'Object Repository/PharmacyRequest/Page_Pharmacy login/button_Sign in' (Root cause: org.openqa.selenium.WebDriverException: unknown error: Element <button type="submit" id="btnSubmit" style="color: #003f72 ;" class="btn bg-blue btn-block">...</button> is not clickable at point (800, 548). Other element would receive the click: <div style="position: absolute; display: block; width: auto; height: auto; padding: 0px; margin: 0px; text-align: left; border: none; border-radius: 0px; z-index: 2147483646; font-size: 0px; left: 640px; top: 473px;">...</div>
  (Session info: chrome=66.0.3359.139)
  (Driver info: chromedriver=2.35.528161 (5b82f2d2aae0ca24b877009200ced9065a772e73),platform=Windows NT 10.0.17134 x86_64) (WARNING: The server did not provide any stacktrace information)
Command duration or timeout: 0 milliseconds
Build info: version: '3.7.1', revision: '8a0099a', time: '2017-11-06T21:07:36.161Z'
System info: host: 'DESKTOP-BLFTK83', ip: '192.168.71.2', os.name: 'Windows 10', os.arch: 'amd64', os.version: '10.0', java.version: '1.8.0_102'
Driver info: com.kms.katalon.selenium.driver.CChromeDriver
Capabilities {acceptInsecureCerts: false, acceptSslCerts: false, applicationCacheEnabled: false, browserConnectionEnabled: false, browserName: chrome, chrome: {chromedriverVersion: 2.35.528161 (5b82f2d2aae0ca..., userDataDir: C:\Users\QUALIT~1\AppData\L...}, cssSelectorsEnabled: true, databaseEnabled: false, handlesAlerts: true, hasTouchScreen: false, javascriptEnabled: true, locationContextEnabled: true, mobileEmulationEnabled: false, nativeEvents: true, networkConnectionEnabled: false, pageLoadStrategy: normal, platform: XP, platformName: XP, rotatable: false, setWindowRect: true, takesHeapSnapshot: true, takesScreenshot: true, unexpectedAlertBehaviour: , unhandledPromptBehavior: , version: 66.0.3359.139, webStorageEnabled: true}
Session ID: 4dfd328867aa0d9dd141f7deb788c8a6)

2018-05-21 12:37:49 - [MESSAGE][FAILED] - Unable to click on object 'Object Repository/PharmacyRequest/Page_Pharmacy login/button_Sign in' (Root cause: org.openqa.selenium.WebDriverException: unknown error: Element <button type="submit" id="btnSubmit" style="color: #003f72 ;" class="btn bg-blue btn-block">...</button> is not clickable at point (800, 548). Other element would receive the click: <div style="position: absolute; display: block; width: auto; height: auto; padding: 0px; margin: 0px; text-align: left; border: none; border-radius: 0px; z-index: 2147483646; font-size: 0px; left: 640px; top: 473px;">...</div>
  (Session info: chrome=66.0.3359.139)
  (Driver info: chromedriver=2.35.528161 (5b82f2d2aae0ca24b877009200ced9065a772e73),platform=Windows NT 10.0.17134 x86_64) (WARNING: The server did not provide any stacktrace information)
Command duration or timeout: 0 milliseconds
Build info: version: '3.7.1', revision: '8a0099a', time: '2017-11-06T21:07:36.161Z'
System info: host: 'DESKTOP-BLFTK83', ip: '192.168.71.2', os.name: 'Windows 10', os.arch: 'amd64', os.version: '10.0', java.version: '1.8.0_102'
Driver info: com.kms.katalon.selenium.driver.CChromeDriver
Capabilities {acceptInsecureCerts: false, acceptSslCerts: false, applicationCacheEnabled: false, browserConnectionEnabled: false, browserName: chrome, chrome: {chromedriverVersion: 2.35.528161 (5b82f2d2aae0ca..., userDataDir: C:\Users\QUALIT~1\AppData\L...}, cssSelectorsEnabled: true, databaseEnabled: false, handlesAlerts: true, hasTouchScreen: false, javascriptEnabled: true, locationContextEnabled: true, mobileEmulationEnabled: false, nativeEvents: true, networkConnectionEnabled: false, pageLoadStrategy: normal, platform: XP, platformName: XP, rotatable: false, setWindowRect: true, takesHeapSnapshot: true, takesScreenshot: true, unexpectedAlertBehaviour: , unhandledPromptBehavior: , version: 66.0.3359.139, webStorageEnabled: true}
Session ID: 4dfd328867aa0d9dd141f7deb788c8a6)
[[ATTACHMENT|C:\\Users\\Quality Analyst\\Katalon Studio\\ds\\Reports\\Pharmacy_Suite\\20180521_095838\\1526886469416.png]]]]></system-out>
         <system-err><![CDATA[2018-05-21 12:37:37 - [TEST_CASE][FAILED] - Test Cases/PHARMACY TEST CASES/TC_PHAR_011 Verify Schedule 11 Pharmacy Request Are Working Successfully Or Not: Test Cases/PHARMACY TEST CASES/TC_PHAR_011 Verify Schedule 11 Pharmacy Request Are Working Successfully Or Not FAILED because (of) Unable to click on object 'Object Repository/PharmacyRequest/Page_Pharmacy login/button_Sign in' (Root cause: org.openqa.selenium.WebDriverException: unknown error: Element <button type="submit" id="btnSubmit" style="color: #003f72 ;" class="btn bg-blue btn-block">...</button> is not clickable at point (800, 548). Other element would receive the click: <div style="position: absolute; display: block; width: auto; height: auto; padding: 0px; margin: 0px; text-align: left; border: none; border-radius: 0px; z-index: 2147483646; font-size: 0px; left: 640px; top: 473px;">...</div>
  (Session info: chrome=66.0.3359.139)
  (Driver info: chromedriver=2.35.528161 (5b82f2d2aae0ca24b877009200ced9065a772e73),platform=Windows NT 10.0.17134 x86_64) (WARNING: The server did not provide any stacktrace information)
Command duration or timeout: 0 milliseconds
Build info: version: '3.7.1', revision: '8a0099a', time: '2017-11-06T21:07:36.161Z'
System info: host: 'DESKTOP-BLFTK83', ip: '192.168.71.2', os.name: 'Windows 10', os.arch: 'amd64', os.version: '10.0', java.version: '1.8.0_102'
Driver info: com.kms.katalon.selenium.driver.CChromeDriver
Capabilities {acceptInsecureCerts: false, acceptSslCerts: false, applicationCacheEnabled: false, browserConnectionEnabled: false, browserName: chrome, chrome: {chromedriverVersion: 2.35.528161 (5b82f2d2aae0ca..., userDataDir: C:\Users\QUALIT~1\AppData\L...}, cssSelectorsEnabled: true, databaseEnabled: false, handlesAlerts: true, hasTouchScreen: false, javascriptEnabled: true, locationContextEnabled: true, mobileEmulationEnabled: false, nativeEvents: true, networkConnectionEnabled: false, pageLoadStrategy: normal, platform: XP, platformName: XP, rotatable: false, setWindowRect: true, takesHeapSnapshot: true, takesScreenshot: true, unexpectedAlertBehaviour: , unhandledPromptBehavior: , version: 66.0.3359.139, webStorageEnabled: true}
Session ID: 4dfd328867aa0d9dd141f7deb788c8a6)]]></system-err>
      </testcase>
      <testcase name="Test Cases/PHARMACY TEST CASES/TC_PHAR_012 Verify Schedule 12 Pharmacy Request Are Working Successfully Or Not" classname="Test Cases/PHARMACY TEST CASES/TC_PHAR_012 Verify Schedule 12 Pharmacy Request Are Working Successfully Or Not" status="FAILED">
         <failure type="FAILED" message="Unable to click on object 'Object Repository/PharmacyRequest/Page_KDMC-Pharmacy/a_Medicine Request' (Root cause: org.openqa.selenium.WebDriverException: unknown error: Element &lt;a href=&quot;StoresRequest.aspx&quot; onclick=&quot;changemenu(2)&quot; style=&quot;margin-left: 10px;&quot;>...&lt;/a> is not clickable at point (115, 194). Other element would receive the click: &lt;li class=&quot;treeview active&quot;>...&lt;/li>
  (Session info: chrome=66.0.3359.139)
  (Driver info: chromedriver=2.35.528161 (5b82f2d2aae0ca24b877009200ced9065a772e73),platform=Windows NT 10.0.17134 x86_64) (WARNING: The server did not provide any stacktrace information)
Command duration or timeout: 0 milliseconds
Build info: version: '3.7.1', revision: '8a0099a', time: '2017-11-06T21:07:36.161Z'
System info: host: 'DESKTOP-BLFTK83', ip: '192.168.71.2', os.name: 'Windows 10', os.arch: 'amd64', os.version: '10.0', java.version: '1.8.0_102'
Driver info: com.kms.katalon.selenium.driver.CChromeDriver
Capabilities {acceptInsecureCerts: false, acceptSslCerts: false, applicationCacheEnabled: false, browserConnectionEnabled: false, browserName: chrome, chrome: {chromedriverVersion: 2.35.528161 (5b82f2d2aae0ca..., userDataDir: C:\Users\QUALIT~1\AppData\L...}, cssSelectorsEnabled: true, databaseEnabled: false, handlesAlerts: true, hasTouchScreen: false, javascriptEnabled: true, locationContextEnabled: true, mobileEmulationEnabled: false, nativeEvents: true, networkConnectionEnabled: false, pageLoadStrategy: normal, platform: XP, platformName: XP, rotatable: false, setWindowRect: true, takesHeapSnapshot: true, takesScreenshot: true, unexpectedAlertBehaviour: , unhandledPromptBehavior: , version: 66.0.3359.139, webStorageEnabled: true}
Session ID: bd06522fd7ef16edcdfcb17145644f6a)"/>
         <system-out><![CDATA[2018-05-21 12:37:49 - [TEST_CASE][FAILED] - Test Cases/PHARMACY TEST CASES/TC_PHAR_012 Verify Schedule 12 Pharmacy Request Are Working Successfully Or Not: Test Cases/PHARMACY TEST CASES/TC_PHAR_012 Verify Schedule 12 Pharmacy Request Are Working Successfully Or Not FAILED because (of) Unable to click on object 'Object Repository/PharmacyRequest/Page_KDMC-Pharmacy/a_Medicine Request' (Root cause: org.openqa.selenium.WebDriverException: unknown error: Element <a href="StoresRequest.aspx" onclick="changemenu(2)" style="margin-left: 10px;">...</a> is not clickable at point (115, 194). Other element would receive the click: <li class="treeview active">...</li>
  (Session info: chrome=66.0.3359.139)
  (Driver info: chromedriver=2.35.528161 (5b82f2d2aae0ca24b877009200ced9065a772e73),platform=Windows NT 10.0.17134 x86_64) (WARNING: The server did not provide any stacktrace information)
Command duration or timeout: 0 milliseconds
Build info: version: '3.7.1', revision: '8a0099a', time: '2017-11-06T21:07:36.161Z'
System info: host: 'DESKTOP-BLFTK83', ip: '192.168.71.2', os.name: 'Windows 10', os.arch: 'amd64', os.version: '10.0', java.version: '1.8.0_102'
Driver info: com.kms.katalon.selenium.driver.CChromeDriver
Capabilities {acceptInsecureCerts: false, acceptSslCerts: false, applicationCacheEnabled: false, browserConnectionEnabled: false, browserName: chrome, chrome: {chromedriverVersion: 2.35.528161 (5b82f2d2aae0ca..., userDataDir: C:\Users\QUALIT~1\AppData\L...}, cssSelectorsEnabled: true, databaseEnabled: false, handlesAlerts: true, hasTouchScreen: false, javascriptEnabled: true, locationContextEnabled: true, mobileEmulationEnabled: false, nativeEvents: true, networkConnectionEnabled: false, pageLoadStrategy: normal, platform: XP, platformName: XP, rotatable: false, setWindowRect: true, takesHeapSnapshot: true, takesScreenshot: true, unexpectedAlertBehaviour: , unhandledPromptBehavior: , version: 66.0.3359.139, webStorageEnabled: true}
Session ID: bd06522fd7ef16edcdfcb17145644f6a)

2018-05-21 12:37:50 - [TEST_STEP][PASSED] - openBrowser: Browser is opened with url: ''

2018-05-21 12:37:50 - [MESSAGE][WARNING] - A browser is already opened. Closing browser and opening a new one

2018-05-21 12:37:52 - [MESSAGE][PASSED] - Browser is opened with url: ''

2018-05-21 12:37:52 - [TEST_STEP][PASSED] - Statement - out.println("Verify Schedule 12 Pharmacy Request Are Working Successfully Or Not"): null

2018-05-21 12:37:52 - [TEST_STEP][PASSED] - navigateToUrl: Navigate to 'http://192.168.137.1/multihospital_new/' successfully

2018-05-21 12:37:55 - [MESSAGE][PASSED] - Navigate to 'http://192.168.137.1/multihospital_new/' successfully

2018-05-21 12:37:55 - [TEST_STEP][PASSED] - maximizeWindow: Current window maximized

2018-05-21 12:37:56 - [MESSAGE][PASSED] - Current window maximized

2018-05-21 12:37:56 - [TEST_STEP][PASSED] - click: Object: 'Object Repository/PharmacyRequest/Page_KDMC/a_Pharmacy' is clicked on

2018-05-21 12:37:57 - [MESSAGE][PASSED] - Object: 'Object Repository/PharmacyRequest/Page_KDMC/a_Pharmacy' is clicked on

2018-05-21 12:37:57 - [TEST_STEP][PASSED] - setText: Text 'raja' is set on object 'Object Repository/PharmacyRequest/Page_Pharmacy login/input_txtusername'

2018-05-21 12:37:57 - [MESSAGE][PASSED] - Text 'raja' is set on object 'Object Repository/PharmacyRequest/Page_Pharmacy login/input_txtusername'

2018-05-21 12:37:57 - [TEST_STEP][PASSED] - setText: Text '123' is set on object 'Object Repository/PharmacyRequest/Page_Pharmacy login/input_txtpassword'

2018-05-21 12:37:58 - [MESSAGE][PASSED] - Text '123' is set on object 'Object Repository/PharmacyRequest/Page_Pharmacy login/input_txtpassword'

2018-05-21 12:37:58 - [TEST_STEP][PASSED] - delay: Delayed 3 second(s)

2018-05-21 12:38:01 - [MESSAGE][PASSED] - Delayed 3 second(s)

2018-05-21 12:38:01 - [TEST_STEP][PASSED] - click: Object: 'Object Repository/PharmacyRequest/Page_Pharmacy login/button_Sign in' is clicked on

2018-05-21 12:38:02 - [MESSAGE][PASSED] - Object: 'Object Repository/PharmacyRequest/Page_Pharmacy login/button_Sign in' is clicked on

2018-05-21 12:38:02 - [TEST_STEP][PASSED] - delay: Delayed 3 second(s)

2018-05-21 12:38:05 - [MESSAGE][PASSED] - Delayed 3 second(s)

2018-05-21 12:38:05 - [TEST_STEP][PASSED] - click: Object: 'Object Repository/PharmacyRequest/Page_KDMC - Pharmacy/a_Inventory' is clicked on

2018-05-21 12:38:17 - [MESSAGE][PASSED] - Object: 'Object Repository/PharmacyRequest/Page_KDMC - Pharmacy/a_Inventory' is clicked on

2018-05-21 12:38:17 - [TEST_STEP][PASSED] - delay: Delayed 3 second(s)

2018-05-21 12:38:20 - [MESSAGE][PASSED] - Delayed 3 second(s)

2018-05-21 12:38:20 - [TEST_STEP][PASSED] - click: Object: 'Object Repository/PharmacyRequest/Page_KDMC-Pharmacy/a_Store Request' is clicked on

2018-05-21 12:38:25 - [MESSAGE][PASSED] - Object: 'Object Repository/PharmacyRequest/Page_KDMC-Pharmacy/a_Store Request' is clicked on

2018-05-21 12:38:25 - [TEST_STEP][FAILED] - click: Unable to click on object 'Object Repository/PharmacyRequest/Page_KDMC-Pharmacy/a_Medicine Request' (Root cause: org.openqa.selenium.WebDriverException: unknown error: Element <a href="StoresRequest.aspx" onclick="changemenu(2)" style="margin-left: 10px;">...</a> is not clickable at point (115, 194). Other element would receive the click: <li class="treeview active">...</li>
  (Session info: chrome=66.0.3359.139)
  (Driver info: chromedriver=2.35.528161 (5b82f2d2aae0ca24b877009200ced9065a772e73),platform=Windows NT 10.0.17134 x86_64) (WARNING: The server did not provide any stacktrace information)
Command duration or timeout: 0 milliseconds
Build info: version: '3.7.1', revision: '8a0099a', time: '2017-11-06T21:07:36.161Z'
System info: host: 'DESKTOP-BLFTK83', ip: '192.168.71.2', os.name: 'Windows 10', os.arch: 'amd64', os.version: '10.0', java.version: '1.8.0_102'
Driver info: com.kms.katalon.selenium.driver.CChromeDriver
Capabilities {acceptInsecureCerts: false, acceptSslCerts: false, applicationCacheEnabled: false, browserConnectionEnabled: false, browserName: chrome, chrome: {chromedriverVersion: 2.35.528161 (5b82f2d2aae0ca..., userDataDir: C:\Users\QUALIT~1\AppData\L...}, cssSelectorsEnabled: true, databaseEnabled: false, handlesAlerts: true, hasTouchScreen: false, javascriptEnabled: true, locationContextEnabled: true, mobileEmulationEnabled: false, nativeEvents: true, networkConnectionEnabled: false, pageLoadStrategy: normal, platform: XP, platformName: XP, rotatable: false, setWindowRect: true, takesHeapSnapshot: true, takesScreenshot: true, unexpectedAlertBehaviour: , unhandledPromptBehavior: , version: 66.0.3359.139, webStorageEnabled: true}
Session ID: bd06522fd7ef16edcdfcb17145644f6a)

2018-05-21 12:38:26 - [MESSAGE][FAILED] - Unable to click on object 'Object Repository/PharmacyRequest/Page_KDMC-Pharmacy/a_Medicine Request' (Root cause: org.openqa.selenium.WebDriverException: unknown error: Element <a href="StoresRequest.aspx" onclick="changemenu(2)" style="margin-left: 10px;">...</a> is not clickable at point (115, 194). Other element would receive the click: <li class="treeview active">...</li>
  (Session info: chrome=66.0.3359.139)
  (Driver info: chromedriver=2.35.528161 (5b82f2d2aae0ca24b877009200ced9065a772e73),platform=Windows NT 10.0.17134 x86_64) (WARNING: The server did not provide any stacktrace information)
Command duration or timeout: 0 milliseconds
Build info: version: '3.7.1', revision: '8a0099a', time: '2017-11-06T21:07:36.161Z'
System info: host: 'DESKTOP-BLFTK83', ip: '192.168.71.2', os.name: 'Windows 10', os.arch: 'amd64', os.version: '10.0', java.version: '1.8.0_102'
Driver info: com.kms.katalon.selenium.driver.CChromeDriver
Capabilities {acceptInsecureCerts: false, acceptSslCerts: false, applicationCacheEnabled: false, browserConnectionEnabled: false, browserName: chrome, chrome: {chromedriverVersion: 2.35.528161 (5b82f2d2aae0ca..., userDataDir: C:\Users\QUALIT~1\AppData\L...}, cssSelectorsEnabled: true, databaseEnabled: false, handlesAlerts: true, hasTouchScreen: false, javascriptEnabled: true, locationContextEnabled: true, mobileEmulationEnabled: false, nativeEvents: true, networkConnectionEnabled: false, pageLoadStrategy: normal, platform: XP, platformName: XP, rotatable: false, setWindowRect: true, takesHeapSnapshot: true, takesScreenshot: true, unexpectedAlertBehaviour: , unhandledPromptBehavior: , version: 66.0.3359.139, webStorageEnabled: true}
Session ID: bd06522fd7ef16edcdfcb17145644f6a)
[[ATTACHMENT|C:\\Users\\Quality Analyst\\Katalon Studio\\ds\\Reports\\Pharmacy_Suite\\20180521_095838\\1526886505903.png]]]]></system-out>
         <system-err><![CDATA[2018-05-21 12:37:49 - [TEST_CASE][FAILED] - Test Cases/PHARMACY TEST CASES/TC_PHAR_012 Verify Schedule 12 Pharmacy Request Are Working Successfully Or Not: Test Cases/PHARMACY TEST CASES/TC_PHAR_012 Verify Schedule 12 Pharmacy Request Are Working Successfully Or Not FAILED because (of) Unable to click on object 'Object Repository/PharmacyRequest/Page_KDMC-Pharmacy/a_Medicine Request' (Root cause: org.openqa.selenium.WebDriverException: unknown error: Element <a href="StoresRequest.aspx" onclick="changemenu(2)" style="margin-left: 10px;">...</a> is not clickable at point (115, 194). Other element would receive the click: <li class="treeview active">...</li>
  (Session info: chrome=66.0.3359.139)
  (Driver info: chromedriver=2.35.528161 (5b82f2d2aae0ca24b877009200ced9065a772e73),platform=Windows NT 10.0.17134 x86_64) (WARNING: The server did not provide any stacktrace information)
Command duration or timeout: 0 milliseconds
Build info: version: '3.7.1', revision: '8a0099a', time: '2017-11-06T21:07:36.161Z'
System info: host: 'DESKTOP-BLFTK83', ip: '192.168.71.2', os.name: 'Windows 10', os.arch: 'amd64', os.version: '10.0', java.version: '1.8.0_102'
Driver info: com.kms.katalon.selenium.driver.CChromeDriver
Capabilities {acceptInsecureCerts: false, acceptSslCerts: false, applicationCacheEnabled: false, browserConnectionEnabled: false, browserName: chrome, chrome: {chromedriverVersion: 2.35.528161 (5b82f2d2aae0ca..., userDataDir: C:\Users\QUALIT~1\AppData\L...}, cssSelectorsEnabled: true, databaseEnabled: false, handlesAlerts: true, hasTouchScreen: false, javascriptEnabled: true, locationContextEnabled: true, mobileEmulationEnabled: false, nativeEvents: true, networkConnectionEnabled: false, pageLoadStrategy: normal, platform: XP, platformName: XP, rotatable: false, setWindowRect: true, takesHeapSnapshot: true, takesScreenshot: true, unexpectedAlertBehaviour: , unhandledPromptBehavior: , version: 66.0.3359.139, webStorageEnabled: true}
Session ID: bd06522fd7ef16edcdfcb17145644f6a)]]></system-err>
      </testcase>
      <system-out><![CDATA[2018-05-21 12:12:10 - [TEST_SUITE][ERROR] - Pharmacy_Suite: Test Cases/PHARMACY TEST CASES/TC_PHAR_002 Verify Schedule 2 Pharmacy Request Are Working Successfully Or Not FAILED because (of) java.lang.NumberFormatException: For input string: ""]]></system-out>
      <system-err><![CDATA[2018-05-21 12:12:10 - [TEST_SUITE][ERROR] - Pharmacy_Suite: Test Cases/PHARMACY TEST CASES/TC_PHAR_002 Verify Schedule 2 Pharmacy Request Are Working Successfully Or Not FAILED because (of) java.lang.NumberFormatException: For input string: ""]]></system-err>
   </testsuite>
</testsuites>
