<?xml version="1.0" encoding="UTF-8"?>
<testsuites name="MOH REQUEST AND GRN" time="10247" tests="9" failures="3" errors="0">
   <testsuite name="MOH REQUEST AND GRN" tests="9" failures="3" errors="0" time="10247" timestamp="2018-05-28 13:16:32" hostname="Quality Analyst - DESKTOP-BLFTK83" id="Test Suites/MOH REQUEST AND GRN">
      <properties>
         <property name="deviceName" value=""/>
         <property name="devicePlatform" value=""/>
         <property name="logFolder" value="C:\\Users\\Quality Analyst\\Katalon Studio\\ds\\Reports\\MOH REQUEST AND GRN\\20180524_192643"/>
         <property name="logFiles" value="C:\\Users\\Quality Analyst\\Katalon Studio\\ds\\Reports\\MOH REQUEST AND GRN\\20180524_192643\\execution0.log, C:\\Users\\Quality Analyst\\Katalon Studio\\ds\\Reports\\MOH REQUEST AND GRN\\20180524_192643\\execution1.log, C:\\Users\\Quality Analyst\\Katalon Studio\\ds\\Reports\\MOH REQUEST AND GRN\\20180524_192643\\execution2.log"/>
         <property name="attachments" value="C:\\Users\\Quality Analyst\\Katalon Studio\\ds\\Reports\\MOH REQUEST AND GRN\\20180524_192643\\1527493952184.png, C:\\Users\\Quality Analyst\\Katalon Studio\\ds\\Reports\\MOH REQUEST AND GRN\\20180524_192643\\1527503813518.png"/>
         <property name="hostName" value="Quality Analyst - DESKTOP-BLFTK83"/>
         <property name="os" value="Windows 10 64bit"/>
         <property name="katalonVersion" value="5.4.1.1"/>
         <property name="browser" value="Chrome 66.0.3359.181"/>
         <property name="hostAddress" value="169.254.189.85"/>
         <property name="sessionId" value="c126b77c03e49d7eea9b55efff2259fc"/>
         <property name="seleniumVersion" value="3.7.1"/>
         <property name="proxyInformation" value="ProxyInformation{proxyOption=NO_PROXY, proxyServerType=HTTP, password=, proxyServerAddress=, proxyServerPort=0}"/>
         <property name="platform" value="Windows 10"/>
      </properties>
      <testcase name="Test Cases/TEST/MOH REQUEST AND GRN/Moh Request GRN Schedule 1" classname="Test Cases/TEST/MOH REQUEST AND GRN/Moh Request GRN Schedule 1" status="PASSED">
         <system-out><![CDATA[2018-05-28 13:16:32 - [TEST_CASE][PASSED] - Test Cases/TEST/MOH REQUEST AND GRN/Moh Request GRN Schedule 1: Test Cases/TEST/MOH REQUEST AND GRN/Moh Request GRN Schedule 1

2018-05-28 13:16:32 - [TEST_STEP][PASSED] - openBrowser: Browser is opened with url: ''

2018-05-28 13:16:35 - [MESSAGE][PASSED] - Browser is opened with url: ''

2018-05-28 13:16:35 - [TEST_STEP][PASSED] - navigateToUrl: Navigate to 'http://192.168.137.1/multihospital_new/' successfully

2018-05-28 13:16:42 - [MESSAGE][PASSED] - Navigate to 'http://192.168.137.1/multihospital_new/' successfully

2018-05-28 13:16:42 - [TEST_STEP][PASSED] - maximizeWindow: Current window maximized

2018-05-28 13:16:43 - [MESSAGE][PASSED] - Current window maximized

2018-05-28 13:16:43 - [TEST_STEP][PASSED] - click: Object: 'Object Repository/MOH AND GRN/Page_KDMC/a_CMS' is clicked on

2018-05-28 13:16:44 - [MESSAGE][PASSED] - Object: 'Object Repository/MOH AND GRN/Page_KDMC/a_CMS' is clicked on

2018-05-28 13:16:44 - [TEST_STEP][PASSED] - setText: Text 'bala' is set on object 'Object Repository/MOH AND GRN/Page_CMS login/input_txtusername'

2018-05-28 13:16:44 - [MESSAGE][PASSED] - Text 'bala' is set on object 'Object Repository/MOH AND GRN/Page_CMS login/input_txtusername'

2018-05-28 13:16:44 - [TEST_STEP][PASSED] - setText: Text '123' is set on object 'Object Repository/MOH AND GRN/Page_CMS login/input_txtpassword'

2018-05-28 13:16:44 - [MESSAGE][PASSED] - Text '123' is set on object 'Object Repository/MOH AND GRN/Page_CMS login/input_txtpassword'

2018-05-28 13:16:44 - [TEST_STEP][PASSED] - delay: Delayed 3 second(s)

2018-05-28 13:16:47 - [MESSAGE][PASSED] - Delayed 3 second(s)

2018-05-28 13:16:47 - [TEST_STEP][PASSED] - click: Object: 'Object Repository/MOH AND GRN/Page_CMS login/button_Sign in' is clicked on

2018-05-28 13:16:48 - [MESSAGE][PASSED] - Object: 'Object Repository/MOH AND GRN/Page_CMS login/button_Sign in' is clicked on

2018-05-28 13:16:48 - [TEST_STEP][PASSED] - click: Object: 'Object Repository/MOH AND GRN/Page_KDMC - CMS/a_Request to MOH' is clicked on

2018-05-28 13:16:49 - [MESSAGE][PASSED] - Object: 'Object Repository/MOH AND GRN/Page_KDMC - CMS/a_Request to MOH' is clicked on

2018-05-28 13:16:49 - [TEST_STEP][PASSED] - selectOptionByIndex: All options with index in [2] are selected on object 'Object Repository/MOH AND GRN/Page_KDMC - CMS/select_--Select--'

2018-05-28 13:16:49 - [MESSAGE][PASSED] - All options with index in [2] are selected on object 'Object Repository/MOH AND GRN/Page_KDMC - CMS/select_--Select--'

2018-05-28 13:16:49 - [TEST_STEP][PASSED] - selectOptionByIndex: All options with index in [1] are selected on object 'Object Repository/MOH AND GRN/Page_KDMC - CMS/select_--Select--Schedule 1Inj'

2018-05-28 13:16:50 - [MESSAGE][PASSED] - All options with index in [1] are selected on object 'Object Repository/MOH AND GRN/Page_KDMC - CMS/select_--Select--Schedule 1Inj'

2018-05-28 13:16:50 - [TEST_STEP][PASSED] - Statement - selectedoptions = com.kms.katalon.core.webui.keyword.WebUiBuiltInKeywords.getNumberOfTotalOption(com.kms.katalon.core.testobject.ObjectRepository.findTestObject(MOH AND GRN/Page_KDMC - CMS/select_--Select--Adernaline 0.)): 63 options of object 'Object Repository/MOH AND GRN/Page_KDMC - CMS/select_--Select--Adernaline 0.' counted

2018-05-28 13:16:50 - [MESSAGE][PASSED] - 63 options of object 'Object Repository/MOH AND GRN/Page_KDMC - CMS/select_--Select--Adernaline 0.' counted

2018-05-28 13:16:50 - [TEST_STEP][PASSED] - Statement - For ([j = 1, j <= selectedoptions - 1, (j++)]): Object: 'Object Repository/MOH AND GRN/Page_KDMC - CMS/button_Add' is clicked on

2018-05-28 13:16:50 - [TEST_STEP][PASSED] - selectOptionByIndex: All options with index in [1] are selected on object 'Object Repository/MOH AND GRN/Page_KDMC - CMS/select_--Select--Schedule 1Inj'

2018-05-28 13:16:50 - [MESSAGE][PASSED] - All options with index in [1] are selected on object 'Object Repository/MOH AND GRN/Page_KDMC - CMS/select_--Select--Schedule 1Inj'

2018-05-28 13:16:50 - [TEST_STEP][PASSED] - selectOptionByIndex: All options with index in [1] are selected on object 'Object Repository/MOH AND GRN/Page_KDMC - CMS/select_--Select--Adernaline 0.'

2018-05-28 13:16:50 - [MESSAGE][PASSED] - All options with index in [1] are selected on object 'Object Repository/MOH AND GRN/Page_KDMC - CMS/select_--Select--Adernaline 0.'

2018-05-28 13:16:50 - [TEST_STEP][PASSED] - setText: Text '5000' is set on object 'Object Repository/MOH AND GRN/Page_KDMC - CMS/input_txttreat'

2018-05-28 13:16:50 - [MESSAGE][PASSED] - Text '5000' is set on object 'Object Repository/MOH AND GRN/Page_KDMC - CMS/input_txttreat'

2018-05-28 13:16:50 - [TEST_STEP][PASSED] - click: Object: 'Object Repository/MOH AND GRN/Page_KDMC - CMS/button_Add' is clicked on

2018-05-28 13:16:50 - [MESSAGE][PASSED] - Object: 'Object Repository/MOH AND GRN/Page_KDMC - CMS/button_Add' is clicked on

2018-05-28 13:16:50 - [TEST_STEP][PASSED] - selectOptionByIndex: All options with index in [1] are selected on object 'Object Repository/MOH AND GRN/Page_KDMC - CMS/select_--Select--Schedule 1Inj'

2018-05-28 13:16:50 - [MESSAGE][PASSED] - All options with index in [1] are selected on object 'Object Repository/MOH AND GRN/Page_KDMC - CMS/select_--Select--Schedule 1Inj'

2018-05-28 13:16:50 - [TEST_STEP][PASSED] - selectOptionByIndex: All options with index in [2] are selected on object 'Object Repository/MOH AND GRN/Page_KDMC - CMS/select_--Select--Adernaline 0.'

2018-05-28 13:16:50 - [MESSAGE][PASSED] - All options with index in [2] are selected on object 'Object Repository/MOH AND GRN/Page_KDMC - CMS/select_--Select--Adernaline 0.'

2018-05-28 13:16:50 - [TEST_STEP][PASSED] - setText: Text '5000' is set on object 'Object Repository/MOH AND GRN/Page_KDMC - CMS/input_txttreat'

2018-05-28 13:16:51 - [MESSAGE][PASSED] - Text '5000' is set on object 'Object Repository/MOH AND GRN/Page_KDMC - CMS/input_txttreat'

2018-05-28 13:16:51 - [TEST_STEP][PASSED] - click: Object: 'Object Repository/MOH AND GRN/Page_KDMC - CMS/button_Add' is clicked on

2018-05-28 13:16:51 - [MESSAGE][PASSED] - Object: 'Object Repository/MOH AND GRN/Page_KDMC - CMS/button_Add' is clicked on

2018-05-28 13:16:51 - [TEST_STEP][PASSED] - selectOptionByIndex: All options with index in [1] are selected on object 'Object Repository/MOH AND GRN/Page_KDMC - CMS/select_--Select--Schedule 1Inj'

2018-05-28 13:16:51 - [MESSAGE][PASSED] - All options with index in [1] are selected on object 'Object Repository/MOH AND GRN/Page_KDMC - CMS/select_--Select--Schedule 1Inj'

2018-05-28 13:16:51 - [TEST_STEP][PASSED] - selectOptionByIndex: All options with index in [3] are selected on object 'Object Repository/MOH AND GRN/Page_KDMC - CMS/select_--Select--Adernaline 0.'

2018-05-28 13:16:51 - [MESSAGE][PASSED] - All options with index in [3] are selected on object 'Object Repository/MOH AND GRN/Page_KDMC - CMS/select_--Select--Adernaline 0.'

2018-05-28 13:16:51 - [TEST_STEP][PASSED] - setText: Text '5000' is set on object 'Object Repository/MOH AND GRN/Page_KDMC - CMS/input_txttreat'

2018-05-28 13:16:51 - [MESSAGE][PASSED] - Text '5000' is set on object 'Object Repository/MOH AND GRN/Page_KDMC - CMS/input_txttreat'

2018-05-28 13:16:51 - [TEST_STEP][PASSED] - click: Object: 'Object Repository/MOH AND GRN/Page_KDMC - CMS/button_Add' is clicked on

2018-05-28 13:16:51 - [MESSAGE][PASSED] - Object: 'Object Repository/MOH AND GRN/Page_KDMC - CMS/button_Add' is clicked on

2018-05-28 13:16:51 - [TEST_STEP][PASSED] - selectOptionByIndex: All options with index in [1] are selected on object 'Object Repository/MOH AND GRN/Page_KDMC - CMS/select_--Select--Schedule 1Inj'

2018-05-28 13:16:51 - [MESSAGE][PASSED] - All options with index in [1] are selected on object 'Object Repository/MOH AND GRN/Page_KDMC - CMS/select_--Select--Schedule 1Inj'

2018-05-28 13:16:51 - [TEST_STEP][PASSED] - selectOptionByIndex: All options with index in [4] are selected on object 'Object Repository/MOH AND GRN/Page_KDMC - CMS/select_--Select--Adernaline 0.'

2018-05-28 13:16:51 - [MESSAGE][PASSED] - All options with index in [4] are selected on object 'Object Repository/MOH AND GRN/Page_KDMC - CMS/select_--Select--Adernaline 0.'

2018-05-28 13:16:51 - [TEST_STEP][PASSED] - setText: Text '5000' is set on object 'Object Repository/MOH AND GRN/Page_KDMC - CMS/input_txttreat'

2018-05-28 13:16:51 - [MESSAGE][PASSED] - Text '5000' is set on object 'Object Repository/MOH AND GRN/Page_KDMC - CMS/input_txttreat'

2018-05-28 13:16:51 - [TEST_STEP][PASSED] - click: Object: 'Object Repository/MOH AND GRN/Page_KDMC - CMS/button_Add' is clicked on

2018-05-28 13:16:51 - [MESSAGE][PASSED] - Object: 'Object Repository/MOH AND GRN/Page_KDMC - CMS/button_Add' is clicked on

2018-05-28 13:16:51 - [TEST_STEP][PASSED] - selectOptionByIndex: All options with index in [1] are selected on object 'Object Repository/MOH AND GRN/Page_KDMC - CMS/select_--Select--Schedule 1Inj'

2018-05-28 13:16:52 - [MESSAGE][PASSED] - All options with index in [1] are selected on object 'Object Repository/MOH AND GRN/Page_KDMC - CMS/select_--Select--Schedule 1Inj'

2018-05-28 13:16:52 - [TEST_STEP][PASSED] - selectOptionByIndex: All options with index in [5] are selected on object 'Object Repository/MOH AND GRN/Page_KDMC - CMS/select_--Select--Adernaline 0.'

2018-05-28 13:16:52 - [MESSAGE][PASSED] - All options with index in [5] are selected on object 'Object Repository/MOH AND GRN/Page_KDMC - CMS/select_--Select--Adernaline 0.'

2018-05-28 13:16:52 - [TEST_STEP][PASSED] - setText: Text '5000' is set on object 'Object Repository/MOH AND GRN/Page_KDMC - CMS/input_txttreat'

2018-05-28 13:16:52 - [MESSAGE][PASSED] - Text '5000' is set on object 'Object Repository/MOH AND GRN/Page_KDMC - CMS/input_txttreat'

2018-05-28 13:16:52 - [TEST_STEP][PASSED] - click: Object: 'Object Repository/MOH AND GRN/Page_KDMC - CMS/button_Add' is clicked on

2018-05-28 13:16:52 - [MESSAGE][PASSED] - Object: 'Object Repository/MOH AND GRN/Page_KDMC - CMS/button_Add' is clicked on

2018-05-28 13:16:52 - [TEST_STEP][PASSED] - selectOptionByIndex: All options with index in [1] are selected on object 'Object Repository/MOH AND GRN/Page_KDMC - CMS/select_--Select--Schedule 1Inj'

2018-05-28 13:16:52 - [MESSAGE][PASSED] - All options with index in [1] are selected on object 'Object Repository/MOH AND GRN/Page_KDMC - CMS/select_--Select--Schedule 1Inj'

2018-05-28 13:16:52 - [TEST_STEP][PASSED] - selectOptionByIndex: All options with index in [6] are selected on object 'Object Repository/MOH AND GRN/Page_KDMC - CMS/select_--Select--Adernaline 0.'

2018-05-28 13:16:52 - [MESSAGE][PASSED] - All options with index in [6] are selected on object 'Object Repository/MOH AND GRN/Page_KDMC - CMS/select_--Select--Adernaline 0.'

2018-05-28 13:16:52 - [TEST_STEP][PASSED] - setText: Text '5000' is set on object 'Object Repository/MOH AND GRN/Page_KDMC - CMS/input_txttreat'

2018-05-28 13:16:52 - [MESSAGE][PASSED] - Text '5000' is set on object 'Object Repository/MOH AND GRN/Page_KDMC - CMS/input_txttreat'

2018-05-28 13:16:52 - [TEST_STEP][PASSED] - click: Object: 'Object Repository/MOH AND GRN/Page_KDMC - CMS/button_Add' is clicked on

2018-05-28 13:16:52 - [MESSAGE][PASSED] - Object: 'Object Repository/MOH AND GRN/Page_KDMC - CMS/button_Add' is clicked on

2018-05-28 13:16:52 - [TEST_STEP][PASSED] - selectOptionByIndex: All options with index in [1] are selected on object 'Object Repository/MOH AND GRN/Page_KDMC - CMS/select_--Select--Schedule 1Inj'

2018-05-28 13:16:53 - [MESSAGE][PASSED] - All options with index in [1] are selected on object 'Object Repository/MOH AND GRN/Page_KDMC - CMS/select_--Select--Schedule 1Inj'

2018-05-28 13:16:53 - [TEST_STEP][PASSED] - selectOptionByIndex: All options with index in [7] are selected on object 'Object Repository/MOH AND GRN/Page_KDMC - CMS/select_--Select--Adernaline 0.'

2018-05-28 13:16:53 - [MESSAGE][PASSED] - All options with index in [7] are selected on object 'Object Repository/MOH AND GRN/Page_KDMC - CMS/select_--Select--Adernaline 0.'

2018-05-28 13:16:53 - [TEST_STEP][PASSED] - setText: Text '5000' is set on object 'Object Repository/MOH AND GRN/Page_KDMC - CMS/input_txttreat'

2018-05-28 13:16:53 - [MESSAGE][PASSED] - Text '5000' is set on object 'Object Repository/MOH AND GRN/Page_KDMC - CMS/input_txttreat'

2018-05-28 13:16:53 - [TEST_STEP][PASSED] - click: Object: 'Object Repository/MOH AND GRN/Page_KDMC - CMS/button_Add' is clicked on

2018-05-28 13:16:53 - [MESSAGE][PASSED] - Object: 'Object Repository/MOH AND GRN/Page_KDMC - CMS/button_Add' is clicked on

2018-05-28 13:16:53 - [TEST_STEP][PASSED] - selectOptionByIndex: All options with index in [1] are selected on object 'Object Repository/MOH AND GRN/Page_KDMC - CMS/select_--Select--Schedule 1Inj'

2018-05-28 13:16:53 - [MESSAGE][PASSED] - All options with index in [1] are selected on object 'Object Repository/MOH AND GRN/Page_KDMC - CMS/select_--Select--Schedule 1Inj'

2018-05-28 13:16:53 - [TEST_STEP][PASSED] - selectOptionByIndex: All options with index in [8] are selected on object 'Object Repository/MOH AND GRN/Page_KDMC - CMS/select_--Select--Adernaline 0.'

2018-05-28 13:16:53 - [MESSAGE][PASSED] - All options with index in [8] are selected on object 'Object Repository/MOH AND GRN/Page_KDMC - CMS/select_--Select--Adernaline 0.'

2018-05-28 13:16:53 - [TEST_STEP][PASSED] - setText: Text '5000' is set on object 'Object Repository/MOH AND GRN/Page_KDMC - CMS/input_txttreat'

2018-05-28 13:16:53 - [MESSAGE][PASSED] - Text '5000' is set on object 'Object Repository/MOH AND GRN/Page_KDMC - CMS/input_txttreat'

2018-05-28 13:16:53 - [TEST_STEP][PASSED] - click: Object: 'Object Repository/MOH AND GRN/Page_KDMC - CMS/button_Add' is clicked on

2018-05-28 13:16:53 - [MESSAGE][PASSED] - Object: 'Object Repository/MOH AND GRN/Page_KDMC - CMS/button_Add' is clicked on

2018-05-28 13:16:53 - [TEST_STEP][PASSED] - selectOptionByIndex: All options with index in [1] are selected on object 'Object Repository/MOH AND GRN/Page_KDMC - CMS/select_--Select--Schedule 1Inj'

2018-05-28 13:16:54 - [MESSAGE][PASSED] - All options with index in [1] are selected on object 'Object Repository/MOH AND GRN/Page_KDMC - CMS/select_--Select--Schedule 1Inj'

2018-05-28 13:16:54 - [TEST_STEP][PASSED] - selectOptionByIndex: All options with index in [9] are selected on object 'Object Repository/MOH AND GRN/Page_KDMC - CMS/select_--Select--Adernaline 0.'

2018-05-28 13:16:54 - [MESSAGE][PASSED] - All options with index in [9] are selected on object 'Object Repository/MOH AND GRN/Page_KDMC - CMS/select_--Select--Adernaline 0.'

2018-05-28 13:16:54 - [TEST_STEP][PASSED] - setText: Text '5000' is set on object 'Object Repository/MOH AND GRN/Page_KDMC - CMS/input_txttreat'

2018-05-28 13:16:54 - [MESSAGE][PASSED] - Text '5000' is set on object 'Object Repository/MOH AND GRN/Page_KDMC - CMS/input_txttreat'

2018-05-28 13:16:54 - [TEST_STEP][PASSED] - click: Object: 'Object Repository/MOH AND GRN/Page_KDMC - CMS/button_Add' is clicked on

2018-05-28 13:16:54 - [MESSAGE][PASSED] - Object: 'Object Repository/MOH AND GRN/Page_KDMC - CMS/button_Add' is clicked on

2018-05-28 13:16:54 - [TEST_STEP][PASSED] - selectOptionByIndex: All options with index in [1] are selected on object 'Object Repository/MOH AND GRN/Page_KDMC - CMS/select_--Select--Schedule 1Inj'

2018-05-28 13:16:54 - [MESSAGE][PASSED] - All options with index in [1] are selected on object 'Object Repository/MOH AND GRN/Page_KDMC - CMS/select_--Select--Schedule 1Inj'

2018-05-28 13:16:54 - [TEST_STEP][PASSED] - selectOptionByIndex: All options with index in [10] are selected on object 'Object Repository/MOH AND GRN/Page_KDMC - CMS/select_--Select--Adernaline 0.'

2018-05-28 13:16:54 - [MESSAGE][PASSED] - All options with index in [10] are selected on object 'Object Repository/MOH AND GRN/Page_KDMC - CMS/select_--Select--Adernaline 0.'

2018-05-28 13:16:54 - [TEST_STEP][PASSED] - setText: Text '5000' is set on object 'Object Repository/MOH AND GRN/Page_KDMC - CMS/input_txttreat'

2018-05-28 13:16:54 - [MESSAGE][PASSED] - Text '5000' is set on object 'Object Repository/MOH AND GRN/Page_KDMC - CMS/input_txttreat'

2018-05-28 13:16:54 - [TEST_STEP][PASSED] - click: Object: 'Object Repository/MOH AND GRN/Page_KDMC - CMS/button_Add' is clicked on

2018-05-28 13:16:54 - [MESSAGE][PASSED] - Object: 'Object Repository/MOH AND GRN/Page_KDMC - CMS/button_Add' is clicked on

2018-05-28 13:16:54 - [TEST_STEP][PASSED] - selectOptionByIndex: All options with index in [1] are selected on object 'Object Repository/MOH AND GRN/Page_KDMC - CMS/select_--Select--Schedule 1Inj'

2018-05-28 13:16:54 - [MESSAGE][PASSED] - All options with index in [1] are selected on object 'Object Repository/MOH AND GRN/Page_KDMC - CMS/select_--Select--Schedule 1Inj'

2018-05-28 13:16:54 - [TEST_STEP][PASSED] - selectOptionByIndex: All options with index in [11] are selected on object 'Object Repository/MOH AND GRN/Page_KDMC - CMS/select_--Select--Adernaline 0.'

2018-05-28 13:16:55 - [MESSAGE][PASSED] - All options with index in [11] are selected on object 'Object Repository/MOH AND GRN/Page_KDMC - CMS/select_--Select--Adernaline 0.'

2018-05-28 13:16:55 - [TEST_STEP][PASSED] - setText: Text '5000' is set on object 'Object Repository/MOH AND GRN/Page_KDMC - CMS/input_txttreat'

2018-05-28 13:16:55 - [MESSAGE][PASSED] - Text '5000' is set on object 'Object Repository/MOH AND GRN/Page_KDMC - CMS/input_txttreat'

2018-05-28 13:16:55 - [TEST_STEP][PASSED] - click: Object: 'Object Repository/MOH AND GRN/Page_KDMC - CMS/button_Add' is clicked on

2018-05-28 13:16:55 - [MESSAGE][PASSED] - Object: 'Object Repository/MOH AND GRN/Page_KDMC - CMS/button_Add' is clicked on

2018-05-28 13:16:55 - [TEST_STEP][PASSED] - selectOptionByIndex: All options with index in [1] are selected on object 'Object Repository/MOH AND GRN/Page_KDMC - CMS/select_--Select--Schedule 1Inj'

2018-05-28 13:16:55 - [MESSAGE][PASSED] - All options with index in [1] are selected on object 'Object Repository/MOH AND GRN/Page_KDMC - CMS/select_--Select--Schedule 1Inj'

2018-05-28 13:16:55 - [TEST_STEP][PASSED] - selectOptionByIndex: All options with index in [12] are selected on object 'Object Repository/MOH AND GRN/Page_KDMC - CMS/select_--Select--Adernaline 0.'

2018-05-28 13:16:55 - [MESSAGE][PASSED] - All options with index in [12] are selected on object 'Object Repository/MOH AND GRN/Page_KDMC - CMS/select_--Select--Adernaline 0.'

2018-05-28 13:16:55 - [TEST_STEP][PASSED] - setText: Text '5000' is set on object 'Object Repository/MOH AND GRN/Page_KDMC - CMS/input_txttreat'

2018-05-28 13:16:55 - [MESSAGE][PASSED] - Text '5000' is set on object 'Object Repository/MOH AND GRN/Page_KDMC - CMS/input_txttreat'

2018-05-28 13:16:55 - [TEST_STEP][PASSED] - click: Object: 'Object Repository/MOH AND GRN/Page_KDMC - CMS/button_Add' is clicked on

2018-05-28 13:16:55 - [MESSAGE][PASSED] - Object: 'Object Repository/MOH AND GRN/Page_KDMC - CMS/button_Add' is clicked on

2018-05-28 13:16:55 - [TEST_STEP][PASSED] - selectOptionByIndex: All options with index in [1] are selected on object 'Object Repository/MOH AND GRN/Page_KDMC - CMS/select_--Select--Schedule 1Inj'

2018-05-28 13:16:56 - [MESSAGE][PASSED] - All options with index in [1] are selected on object 'Object Repository/MOH AND GRN/Page_KDMC - CMS/select_--Select--Schedule 1Inj'

2018-05-28 13:16:56 - [TEST_STEP][PASSED] - selectOptionByIndex: All options with index in [13] are selected on object 'Object Repository/MOH AND GRN/Page_KDMC - CMS/select_--Select--Adernaline 0.'

2018-05-28 13:16:56 - [MESSAGE][PASSED] - All options with index in [13] are selected on object 'Object Repository/MOH AND GRN/Page_KDMC - CMS/select_--Select--Adernaline 0.'

2018-05-28 13:16:56 - [TEST_STEP][PASSED] - setText: Text '5000' is set on object 'Object Repository/MOH AND GRN/Page_KDMC - CMS/input_txttreat'

2018-05-28 13:16:56 - [MESSAGE][PASSED] - Text '5000' is set on object 'Object Repository/MOH AND GRN/Page_KDMC - CMS/input_txttreat'

2018-05-28 13:16:56 - [TEST_STEP][PASSED] - click: Object: 'Object Repository/MOH AND GRN/Page_KDMC - CMS/button_Add' is clicked on

2018-05-28 13:16:56 - [MESSAGE][PASSED] - Object: 'Object Repository/MOH AND GRN/Page_KDMC - CMS/button_Add' is clicked on

2018-05-28 13:16:56 - [TEST_STEP][PASSED] - selectOptionByIndex: All options with index in [1] are selected on object 'Object Repository/MOH AND GRN/Page_KDMC - CMS/select_--Select--Schedule 1Inj'

2018-05-28 13:16:56 - [MESSAGE][PASSED] - All options with index in [1] are selected on object 'Object Repository/MOH AND GRN/Page_KDMC - CMS/select_--Select--Schedule 1Inj'

2018-05-28 13:16:56 - [TEST_STEP][PASSED] - selectOptionByIndex: All options with index in [14] are selected on object 'Object Repository/MOH AND GRN/Page_KDMC - CMS/select_--Select--Adernaline 0.'

2018-05-28 13:16:56 - [MESSAGE][PASSED] - All options with index in [14] are selected on object 'Object Repository/MOH AND GRN/Page_KDMC - CMS/select_--Select--Adernaline 0.'

2018-05-28 13:16:56 - [TEST_STEP][PASSED] - setText: Text '5000' is set on object 'Object Repository/MOH AND GRN/Page_KDMC - CMS/input_txttreat'

2018-05-28 13:16:56 - [MESSAGE][PASSED] - Text '5000' is set on object 'Object Repository/MOH AND GRN/Page_KDMC - CMS/input_txttreat'

2018-05-28 13:16:56 - [TEST_STEP][PASSED] - click: Object: 'Object Repository/MOH AND GRN/Page_KDMC - CMS/button_Add' is clicked on

2018-05-28 13:16:57 - [MESSAGE][PASSED] - Object: 'Object Repository/MOH AND GRN/Page_KDMC - CMS/button_Add' is clicked on

2018-05-28 13:16:57 - [TEST_STEP][PASSED] - selectOptionByIndex: All options with index in [1] are selected on object 'Object Repository/MOH AND GRN/Page_KDMC - CMS/select_--Select--Schedule 1Inj'

2018-05-28 13:16:57 - [MESSAGE][PASSED] - All options with index in [1] are selected on object 'Object Repository/MOH AND GRN/Page_KDMC - CMS/select_--Select--Schedule 1Inj'

2018-05-28 13:16:57 - [TEST_STEP][PASSED] - selectOptionByIndex: All options with index in [15] are selected on object 'Object Repository/MOH AND GRN/Page_KDMC - CMS/select_--Select--Adernaline 0.'

2018-05-28 13:16:57 - [MESSAGE][PASSED] - All options with index in [15] are selected on object 'Object Repository/MOH AND GRN/Page_KDMC - CMS/select_--Select--Adernaline 0.'

2018-05-28 13:16:57 - [TEST_STEP][PASSED] - setText: Text '5000' is set on object 'Object Repository/MOH AND GRN/Page_KDMC - CMS/input_txttreat'

2018-05-28 13:16:57 - [MESSAGE][PASSED] - Text '5000' is set on object 'Object Repository/MOH AND GRN/Page_KDMC - CMS/input_txttreat'

2018-05-28 13:16:57 - [TEST_STEP][PASSED] - click: Object: 'Object Repository/MOH AND GRN/Page_KDMC - CMS/button_Add' is clicked on

2018-05-28 13:16:57 - [MESSAGE][PASSED] - Object: 'Object Repository/MOH AND GRN/Page_KDMC - CMS/button_Add' is clicked on

2018-05-28 13:16:57 - [TEST_STEP][PASSED] - selectOptionByIndex: All options with index in [1] are selected on object 'Object Repository/MOH AND GRN/Page_KDMC - CMS/select_--Select--Schedule 1Inj'

2018-05-28 13:16:57 - [MESSAGE][PASSED] - All options with index in [1] are selected on object 'Object Repository/MOH AND GRN/Page_KDMC - CMS/select_--Select--Schedule 1Inj'

2018-05-28 13:16:57 - [TEST_STEP][PASSED] - selectOptionByIndex: All options with index in [16] are selected on object 'Object Repository/MOH AND GRN/Page_KDMC - CMS/select_--Select--Adernaline 0.'

2018-05-28 13:16:57 - [MESSAGE][PASSED] - All options with index in [16] are selected on object 'Object Repository/MOH AND GRN/Page_KDMC - CMS/select_--Select--Adernaline 0.'

2018-05-28 13:16:57 - [TEST_STEP][PASSED] - setText: Text '5000' is set on object 'Object Repository/MOH AND GRN/Page_KDMC - CMS/input_txttreat'

2018-05-28 13:16:58 - [MESSAGE][PASSED] - Text '5000' is set on object 'Object Repository/MOH AND GRN/Page_KDMC - CMS/input_txttreat'

2018-05-28 13:16:58 - [TEST_STEP][PASSED] - click: Object: 'Object Repository/MOH AND GRN/Page_KDMC - CMS/button_Add' is clicked on

2018-05-28 13:16:58 - [MESSAGE][PASSED] - Object: 'Object Repository/MOH AND GRN/Page_KDMC - CMS/button_Add' is clicked on

2018-05-28 13:16:58 - [TEST_STEP][PASSED] - selectOptionByIndex: All options with index in [1] are selected on object 'Object Repository/MOH AND GRN/Page_KDMC - CMS/select_--Select--Schedule 1Inj'

2018-05-28 13:16:58 - [MESSAGE][PASSED] - All options with index in [1] are selected on object 'Object Repository/MOH AND GRN/Page_KDMC - CMS/select_--Select--Schedule 1Inj'

2018-05-28 13:16:58 - [TEST_STEP][PASSED] - selectOptionByIndex: All options with index in [17] are selected on object 'Object Repository/MOH AND GRN/Page_KDMC - CMS/select_--Select--Adernaline 0.'

2018-05-28 13:16:58 - [MESSAGE][PASSED] - All options with index in [17] are selected on object 'Object Repository/MOH AND GRN/Page_KDMC - CMS/select_--Select--Adernaline 0.'

2018-05-28 13:16:58 - [TEST_STEP][PASSED] - setText: Text '5000' is set on object 'Object Repository/MOH AND GRN/Page_KDMC - CMS/input_txttreat'

2018-05-28 13:16:58 - [MESSAGE][PASSED] - Text '5000' is set on object 'Object Repository/MOH AND GRN/Page_KDMC - CMS/input_txttreat'

2018-05-28 13:16:58 - [TEST_STEP][PASSED] - click: Object: 'Object Repository/MOH AND GRN/Page_KDMC - CMS/button_Add' is clicked on

2018-05-28 13:16:58 - [MESSAGE][PASSED] - Object: 'Object Repository/MOH AND GRN/Page_KDMC - CMS/button_Add' is clicked on

2018-05-28 13:16:58 - [TEST_STEP][PASSED] - selectOptionByIndex: All options with index in [1] are selected on object 'Object Repository/MOH AND GRN/Page_KDMC - CMS/select_--Select--Schedule 1Inj'

2018-05-28 13:16:58 - [MESSAGE][PASSED] - All options with index in [1] are selected on object 'Object Repository/MOH AND GRN/Page_KDMC - CMS/select_--Select--Schedule 1Inj'

2018-05-28 13:16:58 - [TEST_STEP][PASSED] - selectOptionByIndex: All options with index in [18] are selected on object 'Object Repository/MOH AND GRN/Page_KDMC - CMS/select_--Select--Adernaline 0.'

2018-05-28 13:16:59 - [MESSAGE][PASSED] - All options with index in [18] are selected on object 'Object Repository/MOH AND GRN/Page_KDMC - CMS/select_--Select--Adernaline 0.'

2018-05-28 13:16:59 - [TEST_STEP][PASSED] - setText: Text '5000' is set on object 'Object Repository/MOH AND GRN/Page_KDMC - CMS/input_txttreat'

2018-05-28 13:16:59 - [MESSAGE][PASSED] - Text '5000' is set on object 'Object Repository/MOH AND GRN/Page_KDMC - CMS/input_txttreat'

2018-05-28 13:16:59 - [TEST_STEP][PASSED] - click: Object: 'Object Repository/MOH AND GRN/Page_KDMC - CMS/button_Add' is clicked on

2018-05-28 13:16:59 - [MESSAGE][PASSED] - Object: 'Object Repository/MOH AND GRN/Page_KDMC - CMS/button_Add' is clicked on

2018-05-28 13:16:59 - [TEST_STEP][PASSED] - selectOptionByIndex: All options with index in [1] are selected on object 'Object Repository/MOH AND GRN/Page_KDMC - CMS/select_--Select--Schedule 1Inj'

2018-05-28 13:16:59 - [MESSAGE][PASSED] - All options with index in [1] are selected on object 'Object Repository/MOH AND GRN/Page_KDMC - CMS/select_--Select--Schedule 1Inj'

2018-05-28 13:16:59 - [TEST_STEP][PASSED] - selectOptionByIndex: All options with index in [19] are selected on object 'Object Repository/MOH AND GRN/Page_KDMC - CMS/select_--Select--Adernaline 0.'

2018-05-28 13:16:59 - [MESSAGE][PASSED] - All options with index in [19] are selected on object 'Object Repository/MOH AND GRN/Page_KDMC - CMS/select_--Select--Adernaline 0.'

2018-05-28 13:16:59 - [TEST_STEP][PASSED] - setText: Text '5000' is set on object 'Object Repository/MOH AND GRN/Page_KDMC - CMS/input_txttreat'

2018-05-28 13:16:59 - [MESSAGE][PASSED] - Text '5000' is set on object 'Object Repository/MOH AND GRN/Page_KDMC - CMS/input_txttreat'

2018-05-28 13:16:59 - [TEST_STEP][PASSED] - click: Object: 'Object Repository/MOH AND GRN/Page_KDMC - CMS/button_Add' is clicked on

2018-05-28 13:16:59 - [MESSAGE][PASSED] - Object: 'Object Repository/MOH AND GRN/Page_KDMC - CMS/button_Add' is clicked on

2018-05-28 13:16:59 - [TEST_STEP][PASSED] - selectOptionByIndex: All options with index in [1] are selected on object 'Object Repository/MOH AND GRN/Page_KDMC - CMS/select_--Select--Schedule 1Inj'

2018-05-28 13:16:59 - [MESSAGE][PASSED] - All options with index in [1] are selected on object 'Object Repository/MOH AND GRN/Page_KDMC - CMS/select_--Select--Schedule 1Inj'

2018-05-28 13:16:59 - [TEST_STEP][PASSED] - selectOptionByIndex: All options with index in [20] are selected on object 'Object Repository/MOH AND GRN/Page_KDMC - CMS/select_--Select--Adernaline 0.'

2018-05-28 13:17:00 - [MESSAGE][PASSED] - All options with index in [20] are selected on object 'Object Repository/MOH AND GRN/Page_KDMC - CMS/select_--Select--Adernaline 0.'

2018-05-28 13:17:00 - [TEST_STEP][PASSED] - setText: Text '5000' is set on object 'Object Repository/MOH AND GRN/Page_KDMC - CMS/input_txttreat'

2018-05-28 13:17:00 - [MESSAGE][PASSED] - Text '5000' is set on object 'Object Repository/MOH AND GRN/Page_KDMC - CMS/input_txttreat'

2018-05-28 13:17:00 - [TEST_STEP][PASSED] - click: Object: 'Object Repository/MOH AND GRN/Page_KDMC - CMS/button_Add' is clicked on

2018-05-28 13:17:00 - [MESSAGE][PASSED] - Object: 'Object Repository/MOH AND GRN/Page_KDMC - CMS/button_Add' is clicked on

2018-05-28 13:17:00 - [TEST_STEP][PASSED] - selectOptionByIndex: All options with index in [1] are selected on object 'Object Repository/MOH AND GRN/Page_KDMC - CMS/select_--Select--Schedule 1Inj'

2018-05-28 13:17:00 - [MESSAGE][PASSED] - All options with index in [1] are selected on object 'Object Repository/MOH AND GRN/Page_KDMC - CMS/select_--Select--Schedule 1Inj'

2018-05-28 13:17:00 - [TEST_STEP][PASSED] - selectOptionByIndex: All options with index in [21] are selected on object 'Object Repository/MOH AND GRN/Page_KDMC - CMS/select_--Select--Adernaline 0.'

2018-05-28 13:17:00 - [MESSAGE][PASSED] - All options with index in [21] are selected on object 'Object Repository/MOH AND GRN/Page_KDMC - CMS/select_--Select--Adernaline 0.'

2018-05-28 13:17:00 - [TEST_STEP][PASSED] - setText: Text '5000' is set on object 'Object Repository/MOH AND GRN/Page_KDMC - CMS/input_txttreat'

2018-05-28 13:17:00 - [MESSAGE][PASSED] - Text '5000' is set on object 'Object Repository/MOH AND GRN/Page_KDMC - CMS/input_txttreat'

2018-05-28 13:17:00 - [TEST_STEP][PASSED] - click: Object: 'Object Repository/MOH AND GRN/Page_KDMC - CMS/button_Add' is clicked on

2018-05-28 13:17:01 - [MESSAGE][PASSED] - Object: 'Object Repository/MOH AND GRN/Page_KDMC - CMS/button_Add' is clicked on

2018-05-28 13:17:01 - [TEST_STEP][PASSED] - selectOptionByIndex: All options with index in [1] are selected on object 'Object Repository/MOH AND GRN/Page_KDMC - CMS/select_--Select--Schedule 1Inj'

2018-05-28 13:17:01 - [MESSAGE][PASSED] - All options with index in [1] are selected on object 'Object Repository/MOH AND GRN/Page_KDMC - CMS/select_--Select--Schedule 1Inj'

2018-05-28 13:17:01 - [TEST_STEP][PASSED] - selectOptionByIndex: All options with index in [22] are selected on object 'Object Repository/MOH AND GRN/Page_KDMC - CMS/select_--Select--Adernaline 0.'

2018-05-28 13:17:01 - [MESSAGE][PASSED] - All options with index in [22] are selected on object 'Object Repository/MOH AND GRN/Page_KDMC - CMS/select_--Select--Adernaline 0.'

2018-05-28 13:17:01 - [TEST_STEP][PASSED] - setText: Text '5000' is set on object 'Object Repository/MOH AND GRN/Page_KDMC - CMS/input_txttreat'

2018-05-28 13:17:01 - [MESSAGE][PASSED] - Text '5000' is set on object 'Object Repository/MOH AND GRN/Page_KDMC - CMS/input_txttreat'

2018-05-28 13:17:01 - [TEST_STEP][PASSED] - click: Object: 'Object Repository/MOH AND GRN/Page_KDMC - CMS/button_Add' is clicked on

2018-05-28 13:17:01 - [MESSAGE][PASSED] - Object: 'Object Repository/MOH AND GRN/Page_KDMC - CMS/button_Add' is clicked on

2018-05-28 13:17:01 - [TEST_STEP][PASSED] - selectOptionByIndex: All options with index in [1] are selected on object 'Object Repository/MOH AND GRN/Page_KDMC - CMS/select_--Select--Schedule 1Inj'

2018-05-28 13:17:01 - [MESSAGE][PASSED] - All options with index in [1] are selected on object 'Object Repository/MOH AND GRN/Page_KDMC - CMS/select_--Select--Schedule 1Inj'

2018-05-28 13:17:01 - [TEST_STEP][PASSED] - selectOptionByIndex: All options with index in [23] are selected on object 'Object Repository/MOH AND GRN/Page_KDMC - CMS/select_--Select--Adernaline 0.'

2018-05-28 13:17:02 - [MESSAGE][PASSED] - All options with index in [23] are selected on object 'Object Repository/MOH AND GRN/Page_KDMC - CMS/select_--Select--Adernaline 0.'

2018-05-28 13:17:02 - [TEST_STEP][PASSED] - setText: Text '5000' is set on object 'Object Repository/MOH AND GRN/Page_KDMC - CMS/input_txttreat'

2018-05-28 13:17:02 - [MESSAGE][PASSED] - Text '5000' is set on object 'Object Repository/MOH AND GRN/Page_KDMC - CMS/input_txttreat'

2018-05-28 13:17:02 - [TEST_STEP][PASSED] - click: Object: 'Object Repository/MOH AND GRN/Page_KDMC - CMS/button_Add' is clicked on

2018-05-28 13:17:02 - [MESSAGE][PASSED] - Object: 'Object Repository/MOH AND GRN/Page_KDMC - CMS/button_Add' is clicked on

2018-05-28 13:17:02 - [TEST_STEP][PASSED] - selectOptionByIndex: All options with index in [1] are selected on object 'Object Repository/MOH AND GRN/Page_KDMC - CMS/select_--Select--Schedule 1Inj'

2018-05-28 13:17:02 - [MESSAGE][PASSED] - All options with index in [1] are selected on object 'Object Repository/MOH AND GRN/Page_KDMC - CMS/select_--Select--Schedule 1Inj'

2018-05-28 13:17:02 - [TEST_STEP][PASSED] - selectOptionByIndex: All options with index in [24] are selected on object 'Object Repository/MOH AND GRN/Page_KDMC - CMS/select_--Select--Adernaline 0.'

2018-05-28 13:17:02 - [MESSAGE][PASSED] - All options with index in [24] are selected on object 'Object Repository/MOH AND GRN/Page_KDMC - CMS/select_--Select--Adernaline 0.'

2018-05-28 13:17:02 - [TEST_STEP][PASSED] - setText: Text '5000' is set on object 'Object Repository/MOH AND GRN/Page_KDMC - CMS/input_txttreat'

2018-05-28 13:17:02 - [MESSAGE][PASSED] - Text '5000' is set on object 'Object Repository/MOH AND GRN/Page_KDMC - CMS/input_txttreat'

2018-05-28 13:17:02 - [TEST_STEP][PASSED] - click: Object: 'Object Repository/MOH AND GRN/Page_KDMC - CMS/button_Add' is clicked on

2018-05-28 13:17:02 - [MESSAGE][PASSED] - Object: 'Object Repository/MOH AND GRN/Page_KDMC - CMS/button_Add' is clicked on

2018-05-28 13:17:02 - [TEST_STEP][PASSED] - selectOptionByIndex: All options with index in [1] are selected on object 'Object Repository/MOH AND GRN/Page_KDMC - CMS/select_--Select--Schedule 1Inj'

2018-05-28 13:17:02 - [MESSAGE][PASSED] - All options with index in [1] are selected on object 'Object Repository/MOH AND GRN/Page_KDMC - CMS/select_--Select--Schedule 1Inj'

2018-05-28 13:17:02 - [TEST_STEP][PASSED] - selectOptionByIndex: All options with index in [25] are selected on object 'Object Repository/MOH AND GRN/Page_KDMC - CMS/select_--Select--Adernaline 0.'

2018-05-28 13:17:03 - [MESSAGE][PASSED] - All options with index in [25] are selected on object 'Object Repository/MOH AND GRN/Page_KDMC - CMS/select_--Select--Adernaline 0.'

2018-05-28 13:17:03 - [TEST_STEP][PASSED] - setText: Text '5000' is set on object 'Object Repository/MOH AND GRN/Page_KDMC - CMS/input_txttreat'

2018-05-28 13:17:03 - [MESSAGE][PASSED] - Text '5000' is set on object 'Object Repository/MOH AND GRN/Page_KDMC - CMS/input_txttreat'

2018-05-28 13:17:03 - [TEST_STEP][PASSED] - click: Object: 'Object Repository/MOH AND GRN/Page_KDMC - CMS/button_Add' is clicked on

2018-05-28 13:17:03 - [MESSAGE][PASSED] - Object: 'Object Repository/MOH AND GRN/Page_KDMC - CMS/button_Add' is clicked on

2018-05-28 13:17:03 - [TEST_STEP][PASSED] - selectOptionByIndex: All options with index in [1] are selected on object 'Object Repository/MOH AND GRN/Page_KDMC - CMS/select_--Select--Schedule 1Inj'

2018-05-28 13:17:03 - [MESSAGE][PASSED] - All options with index in [1] are selected on object 'Object Repository/MOH AND GRN/Page_KDMC - CMS/select_--Select--Schedule 1Inj'

2018-05-28 13:17:03 - [TEST_STEP][PASSED] - selectOptionByIndex: All options with index in [26] are selected on object 'Object Repository/MOH AND GRN/Page_KDMC - CMS/select_--Select--Adernaline 0.'

2018-05-28 13:17:04 - [MESSAGE][PASSED] - All options with index in [26] are selected on object 'Object Repository/MOH AND GRN/Page_KDMC - CMS/select_--Select--Adernaline 0.'

2018-05-28 13:17:04 - [TEST_STEP][PASSED] - setText: Text '5000' is set on object 'Object Repository/MOH AND GRN/Page_KDMC - CMS/input_txttreat'

2018-05-28 13:17:04 - [MESSAGE][PASSED] - Text '5000' is set on object 'Object Repository/MOH AND GRN/Page_KDMC - CMS/input_txttreat'

2018-05-28 13:17:04 - [TEST_STEP][PASSED] - click: Object: 'Object Repository/MOH AND GRN/Page_KDMC - CMS/button_Add' is clicked on

2018-05-28 13:17:04 - [MESSAGE][PASSED] - Object: 'Object Repository/MOH AND GRN/Page_KDMC - CMS/button_Add' is clicked on

2018-05-28 13:17:04 - [TEST_STEP][PASSED] - selectOptionByIndex: All options with index in [1] are selected on object 'Object Repository/MOH AND GRN/Page_KDMC - CMS/select_--Select--Schedule 1Inj'

2018-05-28 13:17:04 - [MESSAGE][PASSED] - All options with index in [1] are selected on object 'Object Repository/MOH AND GRN/Page_KDMC - CMS/select_--Select--Schedule 1Inj'

2018-05-28 13:17:04 - [TEST_STEP][PASSED] - selectOptionByIndex: All options with index in [27] are selected on object 'Object Repository/MOH AND GRN/Page_KDMC - CMS/select_--Select--Adernaline 0.'

2018-05-28 13:17:04 - [MESSAGE][PASSED] - All options with index in [27] are selected on object 'Object Repository/MOH AND GRN/Page_KDMC - CMS/select_--Select--Adernaline 0.'

2018-05-28 13:17:04 - [TEST_STEP][PASSED] - setText: Text '5000' is set on object 'Object Repository/MOH AND GRN/Page_KDMC - CMS/input_txttreat'

2018-05-28 13:17:04 - [MESSAGE][PASSED] - Text '5000' is set on object 'Object Repository/MOH AND GRN/Page_KDMC - CMS/input_txttreat'

2018-05-28 13:17:04 - [TEST_STEP][PASSED] - click: Object: 'Object Repository/MOH AND GRN/Page_KDMC - CMS/button_Add' is clicked on

2018-05-28 13:17:04 - [MESSAGE][PASSED] - Object: 'Object Repository/MOH AND GRN/Page_KDMC - CMS/button_Add' is clicked on

2018-05-28 13:17:04 - [TEST_STEP][PASSED] - selectOptionByIndex: All options with index in [1] are selected on object 'Object Repository/MOH AND GRN/Page_KDMC - CMS/select_--Select--Schedule 1Inj'

2018-05-28 13:17:05 - [MESSAGE][PASSED] - All options with index in [1] are selected on object 'Object Repository/MOH AND GRN/Page_KDMC - CMS/select_--Select--Schedule 1Inj'

2018-05-28 13:17:05 - [TEST_STEP][PASSED] - selectOptionByIndex: All options with index in [28] are selected on object 'Object Repository/MOH AND GRN/Page_KDMC - CMS/select_--Select--Adernaline 0.'

2018-05-28 13:17:05 - [MESSAGE][PASSED] - All options with index in [28] are selected on object 'Object Repository/MOH AND GRN/Page_KDMC - CMS/select_--Select--Adernaline 0.'

2018-05-28 13:17:05 - [TEST_STEP][PASSED] - setText: Text '5000' is set on object 'Object Repository/MOH AND GRN/Page_KDMC - CMS/input_txttreat'

2018-05-28 13:17:05 - [MESSAGE][PASSED] - Text '5000' is set on object 'Object Repository/MOH AND GRN/Page_KDMC - CMS/input_txttreat'

2018-05-28 13:17:05 - [TEST_STEP][PASSED] - click: Object: 'Object Repository/MOH AND GRN/Page_KDMC - CMS/button_Add' is clicked on

2018-05-28 13:17:05 - [MESSAGE][PASSED] - Object: 'Object Repository/MOH AND GRN/Page_KDMC - CMS/button_Add' is clicked on

2018-05-28 13:17:05 - [TEST_STEP][PASSED] - selectOptionByIndex: All options with index in [1] are selected on object 'Object Repository/MOH AND GRN/Page_KDMC - CMS/select_--Select--Schedule 1Inj'

2018-05-28 13:17:05 - [MESSAGE][PASSED] - All options with index in [1] are selected on object 'Object Repository/MOH AND GRN/Page_KDMC - CMS/select_--Select--Schedule 1Inj'

2018-05-28 13:17:05 - [TEST_STEP][PASSED] - selectOptionByIndex: All options with index in [29] are selected on object 'Object Repository/MOH AND GRN/Page_KDMC - CMS/select_--Select--Adernaline 0.'

2018-05-28 13:17:06 - [MESSAGE][PASSED] - All options with index in [29] are selected on object 'Object Repository/MOH AND GRN/Page_KDMC - CMS/select_--Select--Adernaline 0.'

2018-05-28 13:17:06 - [TEST_STEP][PASSED] - setText: Text '5000' is set on object 'Object Repository/MOH AND GRN/Page_KDMC - CMS/input_txttreat'

2018-05-28 13:17:06 - [MESSAGE][PASSED] - Text '5000' is set on object 'Object Repository/MOH AND GRN/Page_KDMC - CMS/input_txttreat'

2018-05-28 13:17:06 - [TEST_STEP][PASSED] - click: Object: 'Object Repository/MOH AND GRN/Page_KDMC - CMS/button_Add' is clicked on

2018-05-28 13:17:06 - [MESSAGE][PASSED] - Object: 'Object Repository/MOH AND GRN/Page_KDMC - CMS/button_Add' is clicked on

2018-05-28 13:17:06 - [TEST_STEP][PASSED] - selectOptionByIndex: All options with index in [1] are selected on object 'Object Repository/MOH AND GRN/Page_KDMC - CMS/select_--Select--Schedule 1Inj'

2018-05-28 13:17:06 - [MESSAGE][PASSED] - All options with index in [1] are selected on object 'Object Repository/MOH AND GRN/Page_KDMC - CMS/select_--Select--Schedule 1Inj'

2018-05-28 13:17:06 - [TEST_STEP][PASSED] - selectOptionByIndex: All options with index in [30] are selected on object 'Object Repository/MOH AND GRN/Page_KDMC - CMS/select_--Select--Adernaline 0.'

2018-05-28 13:17:07 - [MESSAGE][PASSED] - All options with index in [30] are selected on object 'Object Repository/MOH AND GRN/Page_KDMC - CMS/select_--Select--Adernaline 0.'

2018-05-28 13:17:07 - [TEST_STEP][PASSED] - setText: Text '5000' is set on object 'Object Repository/MOH AND GRN/Page_KDMC - CMS/input_txttreat'

2018-05-28 13:17:07 - [MESSAGE][PASSED] - Text '5000' is set on object 'Object Repository/MOH AND GRN/Page_KDMC - CMS/input_txttreat'

2018-05-28 13:17:07 - [TEST_STEP][PASSED] - click: Object: 'Object Repository/MOH AND GRN/Page_KDMC - CMS/button_Add' is clicked on

2018-05-28 13:17:07 - [MESSAGE][PASSED] - Object: 'Object Repository/MOH AND GRN/Page_KDMC - CMS/button_Add' is clicked on

2018-05-28 13:17:07 - [TEST_STEP][PASSED] - selectOptionByIndex: All options with index in [1] are selected on object 'Object Repository/MOH AND GRN/Page_KDMC - CMS/select_--Select--Schedule 1Inj'

2018-05-28 13:17:07 - [MESSAGE][PASSED] - All options with index in [1] are selected on object 'Object Repository/MOH AND GRN/Page_KDMC - CMS/select_--Select--Schedule 1Inj'

2018-05-28 13:17:07 - [TEST_STEP][PASSED] - selectOptionByIndex: All options with index in [31] are selected on object 'Object Repository/MOH AND GRN/Page_KDMC - CMS/select_--Select--Adernaline 0.'

2018-05-28 13:17:07 - [MESSAGE][PASSED] - All options with index in [31] are selected on object 'Object Repository/MOH AND GRN/Page_KDMC - CMS/select_--Select--Adernaline 0.'

2018-05-28 13:17:07 - [TEST_STEP][PASSED] - setText: Text '5000' is set on object 'Object Repository/MOH AND GRN/Page_KDMC - CMS/input_txttreat'

2018-05-28 13:17:08 - [MESSAGE][PASSED] - Text '5000' is set on object 'Object Repository/MOH AND GRN/Page_KDMC - CMS/input_txttreat'

2018-05-28 13:17:08 - [TEST_STEP][PASSED] - click: Object: 'Object Repository/MOH AND GRN/Page_KDMC - CMS/button_Add' is clicked on

2018-05-28 13:17:08 - [MESSAGE][PASSED] - Object: 'Object Repository/MOH AND GRN/Page_KDMC - CMS/button_Add' is clicked on

2018-05-28 13:17:08 - [TEST_STEP][PASSED] - selectOptionByIndex: All options with index in [1] are selected on object 'Object Repository/MOH AND GRN/Page_KDMC - CMS/select_--Select--Schedule 1Inj'

2018-05-28 13:17:08 - [MESSAGE][PASSED] - All options with index in [1] are selected on object 'Object Repository/MOH AND GRN/Page_KDMC - CMS/select_--Select--Schedule 1Inj'

2018-05-28 13:17:08 - [TEST_STEP][PASSED] - selectOptionByIndex: All options with index in [32] are selected on object 'Object Repository/MOH AND GRN/Page_KDMC - CMS/select_--Select--Adernaline 0.'

2018-05-28 13:17:08 - [MESSAGE][PASSED] - All options with index in [32] are selected on object 'Object Repository/MOH AND GRN/Page_KDMC - CMS/select_--Select--Adernaline 0.'

2018-05-28 13:17:08 - [TEST_STEP][PASSED] - setText: Text '5000' is set on object 'Object Repository/MOH AND GRN/Page_KDMC - CMS/input_txttreat'

2018-05-28 13:17:08 - [MESSAGE][PASSED] - Text '5000' is set on object 'Object Repository/MOH AND GRN/Page_KDMC - CMS/input_txttreat'

2018-05-28 13:17:08 - [TEST_STEP][PASSED] - click: Object: 'Object Repository/MOH AND GRN/Page_KDMC - CMS/button_Add' is clicked on

2018-05-28 13:17:08 - [MESSAGE][PASSED] - Object: 'Object Repository/MOH AND GRN/Page_KDMC - CMS/button_Add' is clicked on

2018-05-28 13:17:08 - [TEST_STEP][PASSED] - selectOptionByIndex: All options with index in [1] are selected on object 'Object Repository/MOH AND GRN/Page_KDMC - CMS/select_--Select--Schedule 1Inj'

2018-05-28 13:17:08 - [MESSAGE][PASSED] - All options with index in [1] are selected on object 'Object Repository/MOH AND GRN/Page_KDMC - CMS/select_--Select--Schedule 1Inj'

2018-05-28 13:17:08 - [TEST_STEP][PASSED] - selectOptionByIndex: All options with index in [33] are selected on object 'Object Repository/MOH AND GRN/Page_KDMC - CMS/select_--Select--Adernaline 0.'

2018-05-28 13:17:09 - [MESSAGE][PASSED] - All options with index in [33] are selected on object 'Object Repository/MOH AND GRN/Page_KDMC - CMS/select_--Select--Adernaline 0.'

2018-05-28 13:17:09 - [TEST_STEP][PASSED] - setText: Text '5000' is set on object 'Object Repository/MOH AND GRN/Page_KDMC - CMS/input_txttreat'

2018-05-28 13:17:09 - [MESSAGE][PASSED] - Text '5000' is set on object 'Object Repository/MOH AND GRN/Page_KDMC - CMS/input_txttreat'

2018-05-28 13:17:09 - [TEST_STEP][PASSED] - click: Object: 'Object Repository/MOH AND GRN/Page_KDMC - CMS/button_Add' is clicked on

2018-05-28 13:17:09 - [MESSAGE][PASSED] - Object: 'Object Repository/MOH AND GRN/Page_KDMC - CMS/button_Add' is clicked on

2018-05-28 13:17:09 - [TEST_STEP][PASSED] - selectOptionByIndex: All options with index in [1] are selected on object 'Object Repository/MOH AND GRN/Page_KDMC - CMS/select_--Select--Schedule 1Inj'

2018-05-28 13:17:09 - [MESSAGE][PASSED] - All options with index in [1] are selected on object 'Object Repository/MOH AND GRN/Page_KDMC - CMS/select_--Select--Schedule 1Inj'

2018-05-28 13:17:09 - [TEST_STEP][PASSED] - selectOptionByIndex: All options with index in [34] are selected on object 'Object Repository/MOH AND GRN/Page_KDMC - CMS/select_--Select--Adernaline 0.'

2018-05-28 13:17:10 - [MESSAGE][PASSED] - All options with index in [34] are selected on object 'Object Repository/MOH AND GRN/Page_KDMC - CMS/select_--Select--Adernaline 0.'

2018-05-28 13:17:10 - [TEST_STEP][PASSED] - setText: Text '5000' is set on object 'Object Repository/MOH AND GRN/Page_KDMC - CMS/input_txttreat'

2018-05-28 13:17:10 - [MESSAGE][PASSED] - Text '5000' is set on object 'Object Repository/MOH AND GRN/Page_KDMC - CMS/input_txttreat'

2018-05-28 13:17:10 - [TEST_STEP][PASSED] - click: Object: 'Object Repository/MOH AND GRN/Page_KDMC - CMS/button_Add' is clicked on

2018-05-28 13:17:10 - [MESSAGE][PASSED] - Object: 'Object Repository/MOH AND GRN/Page_KDMC - CMS/button_Add' is clicked on

2018-05-28 13:17:10 - [TEST_STEP][PASSED] - selectOptionByIndex: All options with index in [1] are selected on object 'Object Repository/MOH AND GRN/Page_KDMC - CMS/select_--Select--Schedule 1Inj'

2018-05-28 13:17:10 - [MESSAGE][PASSED] - All options with index in [1] are selected on object 'Object Repository/MOH AND GRN/Page_KDMC - CMS/select_--Select--Schedule 1Inj'

2018-05-28 13:17:10 - [TEST_STEP][PASSED] - selectOptionByIndex: All options with index in [35] are selected on object 'Object Repository/MOH AND GRN/Page_KDMC - CMS/select_--Select--Adernaline 0.'

2018-05-28 13:17:10 - [MESSAGE][PASSED] - All options with index in [35] are selected on object 'Object Repository/MOH AND GRN/Page_KDMC - CMS/select_--Select--Adernaline 0.'

2018-05-28 13:17:10 - [TEST_STEP][PASSED] - setText: Text '5000' is set on object 'Object Repository/MOH AND GRN/Page_KDMC - CMS/input_txttreat'

2018-05-28 13:17:10 - [MESSAGE][PASSED] - Text '5000' is set on object 'Object Repository/MOH AND GRN/Page_KDMC - CMS/input_txttreat'

2018-05-28 13:17:10 - [TEST_STEP][PASSED] - click: Object: 'Object Repository/MOH AND GRN/Page_KDMC - CMS/button_Add' is clicked on

2018-05-28 13:17:10 - [MESSAGE][PASSED] - Object: 'Object Repository/MOH AND GRN/Page_KDMC - CMS/button_Add' is clicked on

2018-05-28 13:17:10 - [TEST_STEP][PASSED] - selectOptionByIndex: All options with index in [1] are selected on object 'Object Repository/MOH AND GRN/Page_KDMC - CMS/select_--Select--Schedule 1Inj'

2018-05-28 13:17:11 - [MESSAGE][PASSED] - All options with index in [1] are selected on object 'Object Repository/MOH AND GRN/Page_KDMC - CMS/select_--Select--Schedule 1Inj'

2018-05-28 13:17:11 - [TEST_STEP][PASSED] - selectOptionByIndex: All options with index in [36] are selected on object 'Object Repository/MOH AND GRN/Page_KDMC - CMS/select_--Select--Adernaline 0.'

2018-05-28 13:17:11 - [MESSAGE][PASSED] - All options with index in [36] are selected on object 'Object Repository/MOH AND GRN/Page_KDMC - CMS/select_--Select--Adernaline 0.'

2018-05-28 13:17:11 - [TEST_STEP][PASSED] - setText: Text '5000' is set on object 'Object Repository/MOH AND GRN/Page_KDMC - CMS/input_txttreat'

2018-05-28 13:17:11 - [MESSAGE][PASSED] - Text '5000' is set on object 'Object Repository/MOH AND GRN/Page_KDMC - CMS/input_txttreat'

2018-05-28 13:17:11 - [TEST_STEP][PASSED] - click: Object: 'Object Repository/MOH AND GRN/Page_KDMC - CMS/button_Add' is clicked on

2018-05-28 13:17:12 - [MESSAGE][PASSED] - Object: 'Object Repository/MOH AND GRN/Page_KDMC - CMS/button_Add' is clicked on

2018-05-28 13:17:12 - [TEST_STEP][PASSED] - selectOptionByIndex: All options with index in [1] are selected on object 'Object Repository/MOH AND GRN/Page_KDMC - CMS/select_--Select--Schedule 1Inj'

2018-05-28 13:17:12 - [MESSAGE][PASSED] - All options with index in [1] are selected on object 'Object Repository/MOH AND GRN/Page_KDMC - CMS/select_--Select--Schedule 1Inj'

2018-05-28 13:17:12 - [TEST_STEP][PASSED] - selectOptionByIndex: All options with index in [37] are selected on object 'Object Repository/MOH AND GRN/Page_KDMC - CMS/select_--Select--Adernaline 0.'

2018-05-28 13:17:12 - [MESSAGE][PASSED] - All options with index in [37] are selected on object 'Object Repository/MOH AND GRN/Page_KDMC - CMS/select_--Select--Adernaline 0.'

2018-05-28 13:17:12 - [TEST_STEP][PASSED] - setText: Text '5000' is set on object 'Object Repository/MOH AND GRN/Page_KDMC - CMS/input_txttreat'

2018-05-28 13:17:12 - [MESSAGE][PASSED] - Text '5000' is set on object 'Object Repository/MOH AND GRN/Page_KDMC - CMS/input_txttreat'

2018-05-28 13:17:12 - [TEST_STEP][PASSED] - click: Object: 'Object Repository/MOH AND GRN/Page_KDMC - CMS/button_Add' is clicked on

2018-05-28 13:17:12 - [MESSAGE][PASSED] - Object: 'Object Repository/MOH AND GRN/Page_KDMC - CMS/button_Add' is clicked on

2018-05-28 13:17:12 - [TEST_STEP][PASSED] - selectOptionByIndex: All options with index in [1] are selected on object 'Object Repository/MOH AND GRN/Page_KDMC - CMS/select_--Select--Schedule 1Inj'

2018-05-28 13:17:12 - [MESSAGE][PASSED] - All options with index in [1] are selected on object 'Object Repository/MOH AND GRN/Page_KDMC - CMS/select_--Select--Schedule 1Inj'

2018-05-28 13:17:12 - [TEST_STEP][PASSED] - selectOptionByIndex: All options with index in [38] are selected on object 'Object Repository/MOH AND GRN/Page_KDMC - CMS/select_--Select--Adernaline 0.'

2018-05-28 13:17:13 - [MESSAGE][PASSED] - All options with index in [38] are selected on object 'Object Repository/MOH AND GRN/Page_KDMC - CMS/select_--Select--Adernaline 0.'

2018-05-28 13:17:13 - [TEST_STEP][PASSED] - setText: Text '5000' is set on object 'Object Repository/MOH AND GRN/Page_KDMC - CMS/input_txttreat'

2018-05-28 13:17:13 - [MESSAGE][PASSED] - Text '5000' is set on object 'Object Repository/MOH AND GRN/Page_KDMC - CMS/input_txttreat'

2018-05-28 13:17:13 - [TEST_STEP][PASSED] - click: Object: 'Object Repository/MOH AND GRN/Page_KDMC - CMS/button_Add' is clicked on

2018-05-28 13:17:13 - [MESSAGE][PASSED] - Object: 'Object Repository/MOH AND GRN/Page_KDMC - CMS/button_Add' is clicked on

2018-05-28 13:17:13 - [TEST_STEP][PASSED] - selectOptionByIndex: All options with index in [1] are selected on object 'Object Repository/MOH AND GRN/Page_KDMC - CMS/select_--Select--Schedule 1Inj'

2018-05-28 13:17:13 - [MESSAGE][PASSED] - All options with index in [1] are selected on object 'Object Repository/MOH AND GRN/Page_KDMC - CMS/select_--Select--Schedule 1Inj'

2018-05-28 13:17:13 - [TEST_STEP][PASSED] - selectOptionByIndex: All options with index in [39] are selected on object 'Object Repository/MOH AND GRN/Page_KDMC - CMS/select_--Select--Adernaline 0.'

2018-05-28 13:17:14 - [MESSAGE][PASSED] - All options with index in [39] are selected on object 'Object Repository/MOH AND GRN/Page_KDMC - CMS/select_--Select--Adernaline 0.'

2018-05-28 13:17:14 - [TEST_STEP][PASSED] - setText: Text '5000' is set on object 'Object Repository/MOH AND GRN/Page_KDMC - CMS/input_txttreat'

2018-05-28 13:17:14 - [MESSAGE][PASSED] - Text '5000' is set on object 'Object Repository/MOH AND GRN/Page_KDMC - CMS/input_txttreat'

2018-05-28 13:17:14 - [TEST_STEP][PASSED] - click: Object: 'Object Repository/MOH AND GRN/Page_KDMC - CMS/button_Add' is clicked on

2018-05-28 13:17:14 - [MESSAGE][PASSED] - Object: 'Object Repository/MOH AND GRN/Page_KDMC - CMS/button_Add' is clicked on

2018-05-28 13:17:14 - [TEST_STEP][PASSED] - selectOptionByIndex: All options with index in [1] are selected on object 'Object Repository/MOH AND GRN/Page_KDMC - CMS/select_--Select--Schedule 1Inj'

2018-05-28 13:17:14 - [MESSAGE][PASSED] - All options with index in [1] are selected on object 'Object Repository/MOH AND GRN/Page_KDMC - CMS/select_--Select--Schedule 1Inj'

2018-05-28 13:17:14 - [TEST_STEP][PASSED] - selectOptionByIndex: All options with index in [40] are selected on object 'Object Repository/MOH AND GRN/Page_KDMC - CMS/select_--Select--Adernaline 0.'

2018-05-28 13:17:15 - [MESSAGE][PASSED] - All options with index in [40] are selected on object 'Object Repository/MOH AND GRN/Page_KDMC - CMS/select_--Select--Adernaline 0.'

2018-05-28 13:17:15 - [TEST_STEP][PASSED] - setText: Text '5000' is set on object 'Object Repository/MOH AND GRN/Page_KDMC - CMS/input_txttreat'

2018-05-28 13:17:15 - [MESSAGE][PASSED] - Text '5000' is set on object 'Object Repository/MOH AND GRN/Page_KDMC - CMS/input_txttreat'

2018-05-28 13:17:15 - [TEST_STEP][PASSED] - click: Object: 'Object Repository/MOH AND GRN/Page_KDMC - CMS/button_Add' is clicked on

2018-05-28 13:17:15 - [MESSAGE][PASSED] - Object: 'Object Repository/MOH AND GRN/Page_KDMC - CMS/button_Add' is clicked on

2018-05-28 13:17:15 - [TEST_STEP][PASSED] - selectOptionByIndex: All options with index in [1] are selected on object 'Object Repository/MOH AND GRN/Page_KDMC - CMS/select_--Select--Schedule 1Inj'

2018-05-28 13:17:15 - [MESSAGE][PASSED] - All options with index in [1] are selected on object 'Object Repository/MOH AND GRN/Page_KDMC - CMS/select_--Select--Schedule 1Inj'

2018-05-28 13:17:15 - [TEST_STEP][PASSED] - selectOptionByIndex: All options with index in [41] are selected on object 'Object Repository/MOH AND GRN/Page_KDMC - CMS/select_--Select--Adernaline 0.'

2018-05-28 13:17:16 - [MESSAGE][PASSED] - All options with index in [41] are selected on object 'Object Repository/MOH AND GRN/Page_KDMC - CMS/select_--Select--Adernaline 0.'

2018-05-28 13:17:16 - [TEST_STEP][PASSED] - setText: Text '5000' is set on object 'Object Repository/MOH AND GRN/Page_KDMC - CMS/input_txttreat'

2018-05-28 13:17:16 - [MESSAGE][PASSED] - Text '5000' is set on object 'Object Repository/MOH AND GRN/Page_KDMC - CMS/input_txttreat'

2018-05-28 13:17:16 - [TEST_STEP][PASSED] - click: Object: 'Object Repository/MOH AND GRN/Page_KDMC - CMS/button_Add' is clicked on

2018-05-28 13:17:16 - [MESSAGE][PASSED] - Object: 'Object Repository/MOH AND GRN/Page_KDMC - CMS/button_Add' is clicked on

2018-05-28 13:17:16 - [TEST_STEP][PASSED] - selectOptionByIndex: All options with index in [1] are selected on object 'Object Repository/MOH AND GRN/Page_KDMC - CMS/select_--Select--Schedule 1Inj'

2018-05-28 13:17:16 - [MESSAGE][PASSED] - All options with index in [1] are selected on object 'Object Repository/MOH AND GRN/Page_KDMC - CMS/select_--Select--Schedule 1Inj'

2018-05-28 13:17:16 - [TEST_STEP][PASSED] - selectOptionByIndex: All options with index in [42] are selected on object 'Object Repository/MOH AND GRN/Page_KDMC - CMS/select_--Select--Adernaline 0.'

2018-05-28 13:17:17 - [MESSAGE][PASSED] - All options with index in [42] are selected on object 'Object Repository/MOH AND GRN/Page_KDMC - CMS/select_--Select--Adernaline 0.'

2018-05-28 13:17:17 - [TEST_STEP][PASSED] - setText: Text '5000' is set on object 'Object Repository/MOH AND GRN/Page_KDMC - CMS/input_txttreat'

2018-05-28 13:17:17 - [MESSAGE][PASSED] - Text '5000' is set on object 'Object Repository/MOH AND GRN/Page_KDMC - CMS/input_txttreat'

2018-05-28 13:17:17 - [TEST_STEP][PASSED] - click: Object: 'Object Repository/MOH AND GRN/Page_KDMC - CMS/button_Add' is clicked on

2018-05-28 13:17:17 - [MESSAGE][PASSED] - Object: 'Object Repository/MOH AND GRN/Page_KDMC - CMS/button_Add' is clicked on

2018-05-28 13:17:17 - [TEST_STEP][PASSED] - selectOptionByIndex: All options with index in [1] are selected on object 'Object Repository/MOH AND GRN/Page_KDMC - CMS/select_--Select--Schedule 1Inj'

2018-05-28 13:17:17 - [MESSAGE][PASSED] - All options with index in [1] are selected on object 'Object Repository/MOH AND GRN/Page_KDMC - CMS/select_--Select--Schedule 1Inj'

2018-05-28 13:17:17 - [TEST_STEP][PASSED] - selectOptionByIndex: All options with index in [43] are selected on object 'Object Repository/MOH AND GRN/Page_KDMC - CMS/select_--Select--Adernaline 0.'

2018-05-28 13:17:17 - [MESSAGE][PASSED] - All options with index in [43] are selected on object 'Object Repository/MOH AND GRN/Page_KDMC - CMS/select_--Select--Adernaline 0.'

2018-05-28 13:17:17 - [TEST_STEP][PASSED] - setText: Text '5000' is set on object 'Object Repository/MOH AND GRN/Page_KDMC - CMS/input_txttreat'

2018-05-28 13:17:18 - [MESSAGE][PASSED] - Text '5000' is set on object 'Object Repository/MOH AND GRN/Page_KDMC - CMS/input_txttreat'

2018-05-28 13:17:18 - [TEST_STEP][PASSED] - click: Object: 'Object Repository/MOH AND GRN/Page_KDMC - CMS/button_Add' is clicked on

2018-05-28 13:17:18 - [MESSAGE][PASSED] - Object: 'Object Repository/MOH AND GRN/Page_KDMC - CMS/button_Add' is clicked on

2018-05-28 13:17:18 - [TEST_STEP][PASSED] - selectOptionByIndex: All options with index in [1] are selected on object 'Object Repository/MOH AND GRN/Page_KDMC - CMS/select_--Select--Schedule 1Inj'

2018-05-28 13:17:18 - [MESSAGE][PASSED] - All options with index in [1] are selected on object 'Object Repository/MOH AND GRN/Page_KDMC - CMS/select_--Select--Schedule 1Inj'

2018-05-28 13:17:18 - [TEST_STEP][PASSED] - selectOptionByIndex: All options with index in [44] are selected on object 'Object Repository/MOH AND GRN/Page_KDMC - CMS/select_--Select--Adernaline 0.'

2018-05-28 13:17:18 - [MESSAGE][PASSED] - All options with index in [44] are selected on object 'Object Repository/MOH AND GRN/Page_KDMC - CMS/select_--Select--Adernaline 0.'

2018-05-28 13:17:18 - [TEST_STEP][PASSED] - setText: Text '5000' is set on object 'Object Repository/MOH AND GRN/Page_KDMC - CMS/input_txttreat'

2018-05-28 13:17:19 - [MESSAGE][PASSED] - Text '5000' is set on object 'Object Repository/MOH AND GRN/Page_KDMC - CMS/input_txttreat'

2018-05-28 13:17:19 - [TEST_STEP][PASSED] - click: Object: 'Object Repository/MOH AND GRN/Page_KDMC - CMS/button_Add' is clicked on

2018-05-28 13:17:19 - [MESSAGE][PASSED] - Object: 'Object Repository/MOH AND GRN/Page_KDMC - CMS/button_Add' is clicked on

2018-05-28 13:17:19 - [TEST_STEP][PASSED] - selectOptionByIndex: All options with index in [1] are selected on object 'Object Repository/MOH AND GRN/Page_KDMC - CMS/select_--Select--Schedule 1Inj'

2018-05-28 13:17:19 - [MESSAGE][PASSED] - All options with index in [1] are selected on object 'Object Repository/MOH AND GRN/Page_KDMC - CMS/select_--Select--Schedule 1Inj'

2018-05-28 13:17:19 - [TEST_STEP][PASSED] - selectOptionByIndex: All options with index in [45] are selected on object 'Object Repository/MOH AND GRN/Page_KDMC - CMS/select_--Select--Adernaline 0.'

2018-05-28 13:17:19 - [MESSAGE][PASSED] - All options with index in [45] are selected on object 'Object Repository/MOH AND GRN/Page_KDMC - CMS/select_--Select--Adernaline 0.'

2018-05-28 13:17:19 - [TEST_STEP][PASSED] - setText: Text '5000' is set on object 'Object Repository/MOH AND GRN/Page_KDMC - CMS/input_txttreat'

2018-05-28 13:17:19 - [MESSAGE][PASSED] - Text '5000' is set on object 'Object Repository/MOH AND GRN/Page_KDMC - CMS/input_txttreat'

2018-05-28 13:17:19 - [TEST_STEP][PASSED] - click: Object: 'Object Repository/MOH AND GRN/Page_KDMC - CMS/button_Add' is clicked on

2018-05-28 13:17:20 - [MESSAGE][PASSED] - Object: 'Object Repository/MOH AND GRN/Page_KDMC - CMS/button_Add' is clicked on

2018-05-28 13:17:20 - [TEST_STEP][PASSED] - selectOptionByIndex: All options with index in [1] are selected on object 'Object Repository/MOH AND GRN/Page_KDMC - CMS/select_--Select--Schedule 1Inj'

2018-05-28 13:17:20 - [MESSAGE][PASSED] - All options with index in [1] are selected on object 'Object Repository/MOH AND GRN/Page_KDMC - CMS/select_--Select--Schedule 1Inj'

2018-05-28 13:17:20 - [TEST_STEP][PASSED] - selectOptionByIndex: All options with index in [46] are selected on object 'Object Repository/MOH AND GRN/Page_KDMC - CMS/select_--Select--Adernaline 0.'

2018-05-28 13:17:20 - [MESSAGE][PASSED] - All options with index in [46] are selected on object 'Object Repository/MOH AND GRN/Page_KDMC - CMS/select_--Select--Adernaline 0.'

2018-05-28 13:17:20 - [TEST_STEP][PASSED] - setText: Text '5000' is set on object 'Object Repository/MOH AND GRN/Page_KDMC - CMS/input_txttreat'

2018-05-28 13:17:20 - [MESSAGE][PASSED] - Text '5000' is set on object 'Object Repository/MOH AND GRN/Page_KDMC - CMS/input_txttreat'

2018-05-28 13:17:20 - [TEST_STEP][PASSED] - click: Object: 'Object Repository/MOH AND GRN/Page_KDMC - CMS/button_Add' is clicked on

2018-05-28 13:17:20 - [MESSAGE][PASSED] - Object: 'Object Repository/MOH AND GRN/Page_KDMC - CMS/button_Add' is clicked on

2018-05-28 13:17:20 - [TEST_STEP][PASSED] - selectOptionByIndex: All options with index in [1] are selected on object 'Object Repository/MOH AND GRN/Page_KDMC - CMS/select_--Select--Schedule 1Inj'

2018-05-28 13:17:20 - [MESSAGE][PASSED] - All options with index in [1] are selected on object 'Object Repository/MOH AND GRN/Page_KDMC - CMS/select_--Select--Schedule 1Inj'

2018-05-28 13:17:20 - [TEST_STEP][PASSED] - selectOptionByIndex: All options with index in [47] are selected on object 'Object Repository/MOH AND GRN/Page_KDMC - CMS/select_--Select--Adernaline 0.'

2018-05-28 13:17:21 - [MESSAGE][PASSED] - All options with index in [47] are selected on object 'Object Repository/MOH AND GRN/Page_KDMC - CMS/select_--Select--Adernaline 0.'

2018-05-28 13:17:21 - [TEST_STEP][PASSED] - setText: Text '5000' is set on object 'Object Repository/MOH AND GRN/Page_KDMC - CMS/input_txttreat'

2018-05-28 13:17:21 - [MESSAGE][PASSED] - Text '5000' is set on object 'Object Repository/MOH AND GRN/Page_KDMC - CMS/input_txttreat'

2018-05-28 13:17:21 - [TEST_STEP][PASSED] - click: Object: 'Object Repository/MOH AND GRN/Page_KDMC - CMS/button_Add' is clicked on

2018-05-28 13:17:21 - [MESSAGE][PASSED] - Object: 'Object Repository/MOH AND GRN/Page_KDMC - CMS/button_Add' is clicked on

2018-05-28 13:17:21 - [TEST_STEP][PASSED] - selectOptionByIndex: All options with index in [1] are selected on object 'Object Repository/MOH AND GRN/Page_KDMC - CMS/select_--Select--Schedule 1Inj'

2018-05-28 13:17:21 - [MESSAGE][PASSED] - All options with index in [1] are selected on object 'Object Repository/MOH AND GRN/Page_KDMC - CMS/select_--Select--Schedule 1Inj'

2018-05-28 13:17:21 - [TEST_STEP][PASSED] - selectOptionByIndex: All options with index in [48] are selected on object 'Object Repository/MOH AND GRN/Page_KDMC - CMS/select_--Select--Adernaline 0.'

2018-05-28 13:17:22 - [MESSAGE][PASSED] - All options with index in [48] are selected on object 'Object Repository/MOH AND GRN/Page_KDMC - CMS/select_--Select--Adernaline 0.'

2018-05-28 13:17:22 - [TEST_STEP][PASSED] - setText: Text '5000' is set on object 'Object Repository/MOH AND GRN/Page_KDMC - CMS/input_txttreat'

2018-05-28 13:17:22 - [MESSAGE][PASSED] - Text '5000' is set on object 'Object Repository/MOH AND GRN/Page_KDMC - CMS/input_txttreat'

2018-05-28 13:17:22 - [TEST_STEP][PASSED] - click: Object: 'Object Repository/MOH AND GRN/Page_KDMC - CMS/button_Add' is clicked on

2018-05-28 13:17:22 - [MESSAGE][PASSED] - Object: 'Object Repository/MOH AND GRN/Page_KDMC - CMS/button_Add' is clicked on

2018-05-28 13:17:22 - [TEST_STEP][PASSED] - selectOptionByIndex: All options with index in [1] are selected on object 'Object Repository/MOH AND GRN/Page_KDMC - CMS/select_--Select--Schedule 1Inj'

2018-05-28 13:17:22 - [MESSAGE][PASSED] - All options with index in [1] are selected on object 'Object Repository/MOH AND GRN/Page_KDMC - CMS/select_--Select--Schedule 1Inj'

2018-05-28 13:17:22 - [TEST_STEP][PASSED] - selectOptionByIndex: All options with index in [49] are selected on object 'Object Repository/MOH AND GRN/Page_KDMC - CMS/select_--Select--Adernaline 0.'

2018-05-28 13:17:23 - [MESSAGE][PASSED] - All options with index in [49] are selected on object 'Object Repository/MOH AND GRN/Page_KDMC - CMS/select_--Select--Adernaline 0.'

2018-05-28 13:17:23 - [TEST_STEP][PASSED] - setText: Text '5000' is set on object 'Object Repository/MOH AND GRN/Page_KDMC - CMS/input_txttreat'

2018-05-28 13:17:23 - [MESSAGE][PASSED] - Text '5000' is set on object 'Object Repository/MOH AND GRN/Page_KDMC - CMS/input_txttreat'

2018-05-28 13:17:23 - [TEST_STEP][PASSED] - click: Object: 'Object Repository/MOH AND GRN/Page_KDMC - CMS/button_Add' is clicked on

2018-05-28 13:17:23 - [MESSAGE][PASSED] - Object: 'Object Repository/MOH AND GRN/Page_KDMC - CMS/button_Add' is clicked on

2018-05-28 13:17:23 - [TEST_STEP][PASSED] - selectOptionByIndex: All options with index in [1] are selected on object 'Object Repository/MOH AND GRN/Page_KDMC - CMS/select_--Select--Schedule 1Inj'

2018-05-28 13:17:23 - [MESSAGE][PASSED] - All options with index in [1] are selected on object 'Object Repository/MOH AND GRN/Page_KDMC - CMS/select_--Select--Schedule 1Inj'

2018-05-28 13:17:23 - [TEST_STEP][PASSED] - selectOptionByIndex: All options with index in [50] are selected on object 'Object Repository/MOH AND GRN/Page_KDMC - CMS/select_--Select--Adernaline 0.'

2018-05-28 13:17:24 - [MESSAGE][PASSED] - All options with index in [50] are selected on object 'Object Repository/MOH AND GRN/Page_KDMC - CMS/select_--Select--Adernaline 0.'

2018-05-28 13:17:24 - [TEST_STEP][PASSED] - setText: Text '5000' is set on object 'Object Repository/MOH AND GRN/Page_KDMC - CMS/input_txttreat'

2018-05-28 13:17:24 - [MESSAGE][PASSED] - Text '5000' is set on object 'Object Repository/MOH AND GRN/Page_KDMC - CMS/input_txttreat'

2018-05-28 13:17:24 - [TEST_STEP][PASSED] - click: Object: 'Object Repository/MOH AND GRN/Page_KDMC - CMS/button_Add' is clicked on

2018-05-28 13:17:24 - [MESSAGE][PASSED] - Object: 'Object Repository/MOH AND GRN/Page_KDMC - CMS/button_Add' is clicked on

2018-05-28 13:17:24 - [TEST_STEP][PASSED] - selectOptionByIndex: All options with index in [1] are selected on object 'Object Repository/MOH AND GRN/Page_KDMC - CMS/select_--Select--Schedule 1Inj'

2018-05-28 13:17:24 - [MESSAGE][PASSED] - All options with index in [1] are selected on object 'Object Repository/MOH AND GRN/Page_KDMC - CMS/select_--Select--Schedule 1Inj'

2018-05-28 13:17:24 - [TEST_STEP][PASSED] - selectOptionByIndex: All options with index in [51] are selected on object 'Object Repository/MOH AND GRN/Page_KDMC - CMS/select_--Select--Adernaline 0.'

2018-05-28 13:17:25 - [MESSAGE][PASSED] - All options with index in [51] are selected on object 'Object Repository/MOH AND GRN/Page_KDMC - CMS/select_--Select--Adernaline 0.'

2018-05-28 13:17:25 - [TEST_STEP][PASSED] - setText: Text '5000' is set on object 'Object Repository/MOH AND GRN/Page_KDMC - CMS/input_txttreat'

2018-05-28 13:17:25 - [MESSAGE][PASSED] - Text '5000' is set on object 'Object Repository/MOH AND GRN/Page_KDMC - CMS/input_txttreat'

2018-05-28 13:17:25 - [TEST_STEP][PASSED] - click: Object: 'Object Repository/MOH AND GRN/Page_KDMC - CMS/button_Add' is clicked on

2018-05-28 13:17:25 - [MESSAGE][PASSED] - Object: 'Object Repository/MOH AND GRN/Page_KDMC - CMS/button_Add' is clicked on

2018-05-28 13:17:25 - [TEST_STEP][PASSED] - selectOptionByIndex: All options with index in [1] are selected on object 'Object Repository/MOH AND GRN/Page_KDMC - CMS/select_--Select--Schedule 1Inj'

2018-05-28 13:17:25 - [MESSAGE][PASSED] - All options with index in [1] are selected on object 'Object Repository/MOH AND GRN/Page_KDMC - CMS/select_--Select--Schedule 1Inj'

2018-05-28 13:17:25 - [TEST_STEP][PASSED] - selectOptionByIndex: All options with index in [52] are selected on object 'Object Repository/MOH AND GRN/Page_KDMC - CMS/select_--Select--Adernaline 0.'

2018-05-28 13:17:26 - [MESSAGE][PASSED] - All options with index in [52] are selected on object 'Object Repository/MOH AND GRN/Page_KDMC - CMS/select_--Select--Adernaline 0.'

2018-05-28 13:17:26 - [TEST_STEP][PASSED] - setText: Text '5000' is set on object 'Object Repository/MOH AND GRN/Page_KDMC - CMS/input_txttreat'

2018-05-28 13:17:26 - [MESSAGE][PASSED] - Text '5000' is set on object 'Object Repository/MOH AND GRN/Page_KDMC - CMS/input_txttreat'

2018-05-28 13:17:26 - [TEST_STEP][PASSED] - click: Object: 'Object Repository/MOH AND GRN/Page_KDMC - CMS/button_Add' is clicked on

2018-05-28 13:17:26 - [MESSAGE][PASSED] - Object: 'Object Repository/MOH AND GRN/Page_KDMC - CMS/button_Add' is clicked on

2018-05-28 13:17:26 - [TEST_STEP][PASSED] - selectOptionByIndex: All options with index in [1] are selected on object 'Object Repository/MOH AND GRN/Page_KDMC - CMS/select_--Select--Schedule 1Inj'

2018-05-28 13:17:26 - [MESSAGE][PASSED] - All options with index in [1] are selected on object 'Object Repository/MOH AND GRN/Page_KDMC - CMS/select_--Select--Schedule 1Inj'

2018-05-28 13:17:26 - [TEST_STEP][PASSED] - selectOptionByIndex: All options with index in [53] are selected on object 'Object Repository/MOH AND GRN/Page_KDMC - CMS/select_--Select--Adernaline 0.'

2018-05-28 13:17:27 - [MESSAGE][PASSED] - All options with index in [53] are selected on object 'Object Repository/MOH AND GRN/Page_KDMC - CMS/select_--Select--Adernaline 0.'

2018-05-28 13:17:27 - [TEST_STEP][PASSED] - setText: Text '5000' is set on object 'Object Repository/MOH AND GRN/Page_KDMC - CMS/input_txttreat'

2018-05-28 13:17:27 - [MESSAGE][PASSED] - Text '5000' is set on object 'Object Repository/MOH AND GRN/Page_KDMC - CMS/input_txttreat'

2018-05-28 13:17:27 - [TEST_STEP][PASSED] - click: Object: 'Object Repository/MOH AND GRN/Page_KDMC - CMS/button_Add' is clicked on

2018-05-28 13:17:27 - [MESSAGE][PASSED] - Object: 'Object Repository/MOH AND GRN/Page_KDMC - CMS/button_Add' is clicked on

2018-05-28 13:17:27 - [TEST_STEP][PASSED] - selectOptionByIndex: All options with index in [1] are selected on object 'Object Repository/MOH AND GRN/Page_KDMC - CMS/select_--Select--Schedule 1Inj'

2018-05-28 13:17:27 - [MESSAGE][PASSED] - All options with index in [1] are selected on object 'Object Repository/MOH AND GRN/Page_KDMC - CMS/select_--Select--Schedule 1Inj'

2018-05-28 13:17:27 - [TEST_STEP][PASSED] - selectOptionByIndex: All options with index in [54] are selected on object 'Object Repository/MOH AND GRN/Page_KDMC - CMS/select_--Select--Adernaline 0.'

2018-05-28 13:17:28 - [MESSAGE][PASSED] - All options with index in [54] are selected on object 'Object Repository/MOH AND GRN/Page_KDMC - CMS/select_--Select--Adernaline 0.'

2018-05-28 13:17:28 - [TEST_STEP][PASSED] - setText: Text '5000' is set on object 'Object Repository/MOH AND GRN/Page_KDMC - CMS/input_txttreat'

2018-05-28 13:17:28 - [MESSAGE][PASSED] - Text '5000' is set on object 'Object Repository/MOH AND GRN/Page_KDMC - CMS/input_txttreat'

2018-05-28 13:17:28 - [TEST_STEP][PASSED] - click: Object: 'Object Repository/MOH AND GRN/Page_KDMC - CMS/button_Add' is clicked on

2018-05-28 13:17:28 - [MESSAGE][PASSED] - Object: 'Object Repository/MOH AND GRN/Page_KDMC - CMS/button_Add' is clicked on

2018-05-28 13:17:28 - [TEST_STEP][PASSED] - selectOptionByIndex: All options with index in [1] are selected on object 'Object Repository/MOH AND GRN/Page_KDMC - CMS/select_--Select--Schedule 1Inj'

2018-05-28 13:17:28 - [MESSAGE][PASSED] - All options with index in [1] are selected on object 'Object Repository/MOH AND GRN/Page_KDMC - CMS/select_--Select--Schedule 1Inj'

2018-05-28 13:17:28 - [TEST_STEP][PASSED] - selectOptionByIndex: All options with index in [55] are selected on object 'Object Repository/MOH AND GRN/Page_KDMC - CMS/select_--Select--Adernaline 0.'

2018-05-28 13:17:29 - [MESSAGE][PASSED] - All options with index in [55] are selected on object 'Object Repository/MOH AND GRN/Page_KDMC - CMS/select_--Select--Adernaline 0.'

2018-05-28 13:17:29 - [TEST_STEP][PASSED] - setText: Text '5000' is set on object 'Object Repository/MOH AND GRN/Page_KDMC - CMS/input_txttreat'

2018-05-28 13:17:29 - [MESSAGE][PASSED] - Text '5000' is set on object 'Object Repository/MOH AND GRN/Page_KDMC - CMS/input_txttreat'

2018-05-28 13:17:29 - [TEST_STEP][PASSED] - click: Object: 'Object Repository/MOH AND GRN/Page_KDMC - CMS/button_Add' is clicked on

2018-05-28 13:17:29 - [MESSAGE][PASSED] - Object: 'Object Repository/MOH AND GRN/Page_KDMC - CMS/button_Add' is clicked on

2018-05-28 13:17:29 - [TEST_STEP][PASSED] - selectOptionByIndex: All options with index in [1] are selected on object 'Object Repository/MOH AND GRN/Page_KDMC - CMS/select_--Select--Schedule 1Inj'

2018-05-28 13:17:29 - [MESSAGE][PASSED] - All options with index in [1] are selected on object 'Object Repository/MOH AND GRN/Page_KDMC - CMS/select_--Select--Schedule 1Inj'

2018-05-28 13:17:29 - [TEST_STEP][PASSED] - selectOptionByIndex: All options with index in [56] are selected on object 'Object Repository/MOH AND GRN/Page_KDMC - CMS/select_--Select--Adernaline 0.'

2018-05-28 13:17:30 - [MESSAGE][PASSED] - All options with index in [56] are selected on object 'Object Repository/MOH AND GRN/Page_KDMC - CMS/select_--Select--Adernaline 0.'

2018-05-28 13:17:30 - [TEST_STEP][PASSED] - setText: Text '5000' is set on object 'Object Repository/MOH AND GRN/Page_KDMC - CMS/input_txttreat'

2018-05-28 13:17:30 - [MESSAGE][PASSED] - Text '5000' is set on object 'Object Repository/MOH AND GRN/Page_KDMC - CMS/input_txttreat'

2018-05-28 13:17:30 - [TEST_STEP][PASSED] - click: Object: 'Object Repository/MOH AND GRN/Page_KDMC - CMS/button_Add' is clicked on

2018-05-28 13:17:30 - [MESSAGE][PASSED] - Object: 'Object Repository/MOH AND GRN/Page_KDMC - CMS/button_Add' is clicked on

2018-05-28 13:17:30 - [TEST_STEP][PASSED] - selectOptionByIndex: All options with index in [1] are selected on object 'Object Repository/MOH AND GRN/Page_KDMC - CMS/select_--Select--Schedule 1Inj'

2018-05-28 13:17:30 - [MESSAGE][PASSED] - All options with index in [1] are selected on object 'Object Repository/MOH AND GRN/Page_KDMC - CMS/select_--Select--Schedule 1Inj'

2018-05-28 13:17:30 - [TEST_STEP][PASSED] - selectOptionByIndex: All options with index in [57] are selected on object 'Object Repository/MOH AND GRN/Page_KDMC - CMS/select_--Select--Adernaline 0.'

2018-05-28 13:17:31 - [MESSAGE][PASSED] - All options with index in [57] are selected on object 'Object Repository/MOH AND GRN/Page_KDMC - CMS/select_--Select--Adernaline 0.'

2018-05-28 13:17:31 - [TEST_STEP][PASSED] - setText: Text '5000' is set on object 'Object Repository/MOH AND GRN/Page_KDMC - CMS/input_txttreat'

2018-05-28 13:17:31 - [MESSAGE][PASSED] - Text '5000' is set on object 'Object Repository/MOH AND GRN/Page_KDMC - CMS/input_txttreat'

2018-05-28 13:17:31 - [TEST_STEP][PASSED] - click: Object: 'Object Repository/MOH AND GRN/Page_KDMC - CMS/button_Add' is clicked on

2018-05-28 13:17:31 - [MESSAGE][PASSED] - Object: 'Object Repository/MOH AND GRN/Page_KDMC - CMS/button_Add' is clicked on

2018-05-28 13:17:31 - [TEST_STEP][PASSED] - selectOptionByIndex: All options with index in [1] are selected on object 'Object Repository/MOH AND GRN/Page_KDMC - CMS/select_--Select--Schedule 1Inj'

2018-05-28 13:17:31 - [MESSAGE][PASSED] - All options with index in [1] are selected on object 'Object Repository/MOH AND GRN/Page_KDMC - CMS/select_--Select--Schedule 1Inj'

2018-05-28 13:17:31 - [TEST_STEP][PASSED] - selectOptionByIndex: All options with index in [58] are selected on object 'Object Repository/MOH AND GRN/Page_KDMC - CMS/select_--Select--Adernaline 0.'

2018-05-28 13:17:32 - [MESSAGE][PASSED] - All options with index in [58] are selected on object 'Object Repository/MOH AND GRN/Page_KDMC - CMS/select_--Select--Adernaline 0.'

2018-05-28 13:17:32 - [TEST_STEP][PASSED] - setText: Text '5000' is set on object 'Object Repository/MOH AND GRN/Page_KDMC - CMS/input_txttreat'

2018-05-28 13:17:32 - [MESSAGE][PASSED] - Text '5000' is set on object 'Object Repository/MOH AND GRN/Page_KDMC - CMS/input_txttreat'

2018-05-28 13:17:32 - [TEST_STEP][PASSED] - click: Object: 'Object Repository/MOH AND GRN/Page_KDMC - CMS/button_Add' is clicked on

2018-05-28 13:17:32 - [MESSAGE][PASSED] - Object: 'Object Repository/MOH AND GRN/Page_KDMC - CMS/button_Add' is clicked on

2018-05-28 13:17:32 - [TEST_STEP][PASSED] - selectOptionByIndex: All options with index in [1] are selected on object 'Object Repository/MOH AND GRN/Page_KDMC - CMS/select_--Select--Schedule 1Inj'

2018-05-28 13:17:32 - [MESSAGE][PASSED] - All options with index in [1] are selected on object 'Object Repository/MOH AND GRN/Page_KDMC - CMS/select_--Select--Schedule 1Inj'

2018-05-28 13:17:32 - [TEST_STEP][PASSED] - selectOptionByIndex: All options with index in [59] are selected on object 'Object Repository/MOH AND GRN/Page_KDMC - CMS/select_--Select--Adernaline 0.'

2018-05-28 13:17:33 - [MESSAGE][PASSED] - All options with index in [59] are selected on object 'Object Repository/MOH AND GRN/Page_KDMC - CMS/select_--Select--Adernaline 0.'

2018-05-28 13:17:33 - [TEST_STEP][PASSED] - setText: Text '5000' is set on object 'Object Repository/MOH AND GRN/Page_KDMC - CMS/input_txttreat'

2018-05-28 13:17:33 - [MESSAGE][PASSED] - Text '5000' is set on object 'Object Repository/MOH AND GRN/Page_KDMC - CMS/input_txttreat'

2018-05-28 13:17:33 - [TEST_STEP][PASSED] - click: Object: 'Object Repository/MOH AND GRN/Page_KDMC - CMS/button_Add' is clicked on

2018-05-28 13:17:33 - [MESSAGE][PASSED] - Object: 'Object Repository/MOH AND GRN/Page_KDMC - CMS/button_Add' is clicked on

2018-05-28 13:17:33 - [TEST_STEP][PASSED] - selectOptionByIndex: All options with index in [1] are selected on object 'Object Repository/MOH AND GRN/Page_KDMC - CMS/select_--Select--Schedule 1Inj'

2018-05-28 13:17:33 - [MESSAGE][PASSED] - All options with index in [1] are selected on object 'Object Repository/MOH AND GRN/Page_KDMC - CMS/select_--Select--Schedule 1Inj'

2018-05-28 13:17:33 - [TEST_STEP][PASSED] - selectOptionByIndex: All options with index in [60] are selected on object 'Object Repository/MOH AND GRN/Page_KDMC - CMS/select_--Select--Adernaline 0.'

2018-05-28 13:17:34 - [MESSAGE][PASSED] - All options with index in [60] are selected on object 'Object Repository/MOH AND GRN/Page_KDMC - CMS/select_--Select--Adernaline 0.'

2018-05-28 13:17:34 - [TEST_STEP][PASSED] - setText: Text '5000' is set on object 'Object Repository/MOH AND GRN/Page_KDMC - CMS/input_txttreat'

2018-05-28 13:17:34 - [MESSAGE][PASSED] - Text '5000' is set on object 'Object Repository/MOH AND GRN/Page_KDMC - CMS/input_txttreat'

2018-05-28 13:17:34 - [TEST_STEP][PASSED] - click: Object: 'Object Repository/MOH AND GRN/Page_KDMC - CMS/button_Add' is clicked on

2018-05-28 13:17:34 - [MESSAGE][PASSED] - Object: 'Object Repository/MOH AND GRN/Page_KDMC - CMS/button_Add' is clicked on

2018-05-28 13:17:34 - [TEST_STEP][PASSED] - selectOptionByIndex: All options with index in [1] are selected on object 'Object Repository/MOH AND GRN/Page_KDMC - CMS/select_--Select--Schedule 1Inj'

2018-05-28 13:17:34 - [MESSAGE][PASSED] - All options with index in [1] are selected on object 'Object Repository/MOH AND GRN/Page_KDMC - CMS/select_--Select--Schedule 1Inj'

2018-05-28 13:17:34 - [TEST_STEP][PASSED] - selectOptionByIndex: All options with index in [61] are selected on object 'Object Repository/MOH AND GRN/Page_KDMC - CMS/select_--Select--Adernaline 0.'

2018-05-28 13:17:35 - [MESSAGE][PASSED] - All options with index in [61] are selected on object 'Object Repository/MOH AND GRN/Page_KDMC - CMS/select_--Select--Adernaline 0.'

2018-05-28 13:17:35 - [TEST_STEP][PASSED] - setText: Text '5000' is set on object 'Object Repository/MOH AND GRN/Page_KDMC - CMS/input_txttreat'

2018-05-28 13:17:35 - [MESSAGE][PASSED] - Text '5000' is set on object 'Object Repository/MOH AND GRN/Page_KDMC - CMS/input_txttreat'

2018-05-28 13:17:35 - [TEST_STEP][PASSED] - click: Object: 'Object Repository/MOH AND GRN/Page_KDMC - CMS/button_Add' is clicked on

2018-05-28 13:17:35 - [MESSAGE][PASSED] - Object: 'Object Repository/MOH AND GRN/Page_KDMC - CMS/button_Add' is clicked on

2018-05-28 13:17:35 - [TEST_STEP][PASSED] - selectOptionByIndex: All options with index in [1] are selected on object 'Object Repository/MOH AND GRN/Page_KDMC - CMS/select_--Select--Schedule 1Inj'

2018-05-28 13:17:36 - [MESSAGE][PASSED] - All options with index in [1] are selected on object 'Object Repository/MOH AND GRN/Page_KDMC - CMS/select_--Select--Schedule 1Inj'

2018-05-28 13:17:36 - [TEST_STEP][PASSED] - selectOptionByIndex: All options with index in [62] are selected on object 'Object Repository/MOH AND GRN/Page_KDMC - CMS/select_--Select--Adernaline 0.'

2018-05-28 13:17:36 - [MESSAGE][PASSED] - All options with index in [62] are selected on object 'Object Repository/MOH AND GRN/Page_KDMC - CMS/select_--Select--Adernaline 0.'

2018-05-28 13:17:36 - [TEST_STEP][PASSED] - setText: Text '5000' is set on object 'Object Repository/MOH AND GRN/Page_KDMC - CMS/input_txttreat'

2018-05-28 13:17:36 - [MESSAGE][PASSED] - Text '5000' is set on object 'Object Repository/MOH AND GRN/Page_KDMC - CMS/input_txttreat'

2018-05-28 13:17:36 - [TEST_STEP][PASSED] - click: Object: 'Object Repository/MOH AND GRN/Page_KDMC - CMS/button_Add' is clicked on

2018-05-28 13:17:36 - [MESSAGE][PASSED] - Object: 'Object Repository/MOH AND GRN/Page_KDMC - CMS/button_Add' is clicked on

2018-05-28 13:17:36 - [TEST_STEP][PASSED] - scrollToElement: Scroll to object 'Object Repository/MOH AND GRN/Page_KDMC - CMS/input_btnsave' successfully

2018-05-28 13:17:36 - [MESSAGE][PASSED] - Scroll to object 'Object Repository/MOH AND GRN/Page_KDMC - CMS/input_btnsave' successfully

2018-05-28 13:17:36 - [TEST_STEP][PASSED] - click: Object: 'Object Repository/MOH AND GRN/Page_KDMC - CMS/input_btnsave' is clicked on

2018-05-28 13:17:37 - [MESSAGE][PASSED] - Object: 'Object Repository/MOH AND GRN/Page_KDMC - CMS/input_btnsave' is clicked on

2018-05-28 13:17:37 - [TEST_STEP][PASSED] - delay: Delayed 3 second(s)

2018-05-28 13:17:40 - [MESSAGE][PASSED] - Delayed 3 second(s)

2018-05-28 13:17:40 - [TEST_STEP][PASSED] - Statement - Request1 = com.kms.katalon.core.webui.keyword.WebUiBuiltInKeywords.getText(com.kms.katalon.core.testobject.ObjectRepository.findTestObject(MOH AND GRN/Page_KDMC - CMS/font_PRNO0505201876)): Text of object 'Object Repository/MOH AND GRN/Page_KDMC - CMS/font_PRNO0505201876' is: 'PRNO/28052018/305'

2018-05-28 13:17:40 - [MESSAGE][PASSED] - Text of object 'Object Repository/MOH AND GRN/Page_KDMC - CMS/font_PRNO0505201876' is: 'PRNO/28052018/305'

2018-05-28 13:17:40 - [TEST_STEP][PASSED] - Statement - out.println("Length OF The Medicine " + Request1): null

2018-05-28 13:17:40 - [TEST_STEP][PASSED] - Statement - RequestNUmber = Request1.split("/")[2].trim(): null

2018-05-28 13:17:40 - [TEST_STEP][PASSED] - Statement - out.println("ID IS " + RequestNUmber): null

2018-05-28 13:17:40 - [TEST_STEP][PASSED] - delay: Delayed 3 second(s)

2018-05-28 13:17:43 - [MESSAGE][PASSED] - Delayed 3 second(s)

2018-05-28 13:17:43 - [TEST_STEP][PASSED] - click: Object: 'Object Repository/MOH AND GRN/Page_KDMC - CMS/button_OK' is clicked on

2018-05-28 13:17:43 - [MESSAGE][PASSED] - Object: 'Object Repository/MOH AND GRN/Page_KDMC - CMS/button_OK' is clicked on

2018-05-28 13:17:43 - [TEST_STEP][PASSED] - click: Object: 'Object Repository/MOH AND GRN/Page_KDMC - CMS/a_dropdown-toggle' is clicked on

2018-05-28 13:17:45 - [MESSAGE][PASSED] - Object: 'Object Repository/MOH AND GRN/Page_KDMC - CMS/a_dropdown-toggle' is clicked on

2018-05-28 13:17:45 - [TEST_STEP][PASSED] - click: Object: 'Object Repository/MOH AND GRN/Page_KDMC - CMS/a_Sign out' is clicked on

2018-05-28 13:17:45 - [MESSAGE][PASSED] - Object: 'Object Repository/MOH AND GRN/Page_KDMC - CMS/a_Sign out' is clicked on

2018-05-28 13:17:45 - [TEST_STEP][PASSED] - delay: Delayed 4 second(s)

2018-05-28 13:17:49 - [MESSAGE][PASSED] - Delayed 4 second(s)

2018-05-28 13:17:49 - [TEST_STEP][PASSED] - click: Object: 'Object Repository/MOH AND GRN/Page_KDMC/a_Admin Master' is clicked on

2018-05-28 13:17:51 - [MESSAGE][PASSED] - Object: 'Object Repository/MOH AND GRN/Page_KDMC/a_Admin Master' is clicked on

2018-05-28 13:17:51 - [TEST_STEP][PASSED] - setText: Text 'admin' is set on object 'Object Repository/MOH AND GRN/Page_Admin login/input_txtusername'

2018-05-28 13:17:51 - [MESSAGE][PASSED] - Text 'admin' is set on object 'Object Repository/MOH AND GRN/Page_Admin login/input_txtusername'

2018-05-28 13:17:51 - [TEST_STEP][PASSED] - setText: Text 'admin123' is set on object 'Object Repository/MOH AND GRN/Page_Admin login/input_txtpassword'

2018-05-28 13:17:51 - [MESSAGE][PASSED] - Text 'admin123' is set on object 'Object Repository/MOH AND GRN/Page_Admin login/input_txtpassword'

2018-05-28 13:17:51 - [TEST_STEP][PASSED] - delay: Delayed 3 second(s)

2018-05-28 13:17:54 - [MESSAGE][PASSED] - Delayed 3 second(s)

2018-05-28 13:17:54 - [TEST_STEP][PASSED] - click: Object: 'Object Repository/MOH AND GRN/Page_Admin login/button_Sign in' is clicked on

2018-05-28 13:17:55 - [MESSAGE][PASSED] - Object: 'Object Repository/MOH AND GRN/Page_Admin login/button_Sign in' is clicked on

2018-05-28 13:17:55 - [TEST_STEP][PASSED] - delay: Delayed 20 second(s)

2018-05-28 13:18:15 - [MESSAGE][PASSED] - Delayed 20 second(s)

2018-05-28 13:18:15 - [TEST_STEP][PASSED] - scrollToPosition: Browser is scrolled to position x = 200, y = 200

2018-05-28 13:18:15 - [MESSAGE][PASSED] - Browser is scrolled to position x = 200, y = 200

2018-05-28 13:18:15 - [TEST_STEP][PASSED] - click: Object: 'Object Repository/MOH AND GRN/Page_KDMC/a_CMS_1' is clicked on

2018-05-28 13:18:15 - [MESSAGE][PASSED] - Object: 'Object Repository/MOH AND GRN/Page_KDMC/a_CMS_1' is clicked on

2018-05-28 13:18:15 - [TEST_STEP][PASSED] - click: Object: 'Object Repository/MOH AND GRN/Page_KDMC/a_Request List' is clicked on

2018-05-28 13:18:17 - [MESSAGE][PASSED] - Object: 'Object Repository/MOH AND GRN/Page_KDMC/a_Request List' is clicked on

2018-05-28 13:18:17 - [TEST_STEP][PASSED] - Statement - RequestNumberId = com.kms.katalon.core.webui.keyword.WebUiBuiltInKeywords.modifyObjectProperty(com.kms.katalon.core.testobject.ObjectRepository.findTestObject(MOH AND GRN/Page_KDMC - CMS/input_PO0032), "xpath", "equals", "//*[@id =" + RequestNUmber + "]", true): Modify property of object successfully

2018-05-28 13:18:17 - [MESSAGE][PASSED] - Modify property of object successfully

2018-05-28 13:18:17 - [TEST_STEP][PASSED] - click: Object: 'Object Repository/MOH AND GRN/Page_KDMC - CMS/input_PO0032' is clicked on

2018-05-28 13:18:17 - [MESSAGE][PASSED] - Object: 'Object Repository/MOH AND GRN/Page_KDMC - CMS/input_PO0032' is clicked on

2018-05-28 13:18:17 - [TEST_STEP][PASSED] - delay: Delayed 3 second(s)

2018-05-28 13:18:20 - [MESSAGE][PASSED] - Delayed 3 second(s)

2018-05-28 13:18:20 - [TEST_STEP][PASSED] - selectOptionByIndex: All options with index in [1] are selected on object 'Object Repository/MOH AND GRN/Page_KDMC/select_--Select--'

2018-05-28 13:18:20 - [MESSAGE][PASSED] - All options with index in [1] are selected on object 'Object Repository/MOH AND GRN/Page_KDMC/select_--Select--'

2018-05-28 13:18:20 - [TEST_STEP][PASSED] - click: Object: 'Object Repository/MOH AND GRN/Page_KDMC/input_btnupdate' is clicked on

2018-05-28 13:18:20 - [MESSAGE][PASSED] - Object: 'Object Repository/MOH AND GRN/Page_KDMC/input_btnupdate' is clicked on

2018-05-28 13:18:20 - [TEST_STEP][PASSED] - delay: Delayed 3 second(s)

2018-05-28 13:18:23 - [MESSAGE][PASSED] - Delayed 3 second(s)

2018-05-28 13:18:23 - [TEST_STEP][PASSED] - click: Object: 'Object Repository/MOH AND GRN/Page_KDMC/button_OK' is clicked on

2018-05-28 13:18:24 - [MESSAGE][PASSED] - Object: 'Object Repository/MOH AND GRN/Page_KDMC/button_OK' is clicked on

2018-05-28 13:18:24 - [TEST_STEP][PASSED] - delay: Delayed 3 second(s)

2018-05-28 13:18:27 - [MESSAGE][PASSED] - Delayed 3 second(s)

2018-05-28 13:18:27 - [TEST_STEP][PASSED] - scrollToPosition: Browser is scrolled to position x = 200, y = 200

2018-05-28 13:18:27 - [MESSAGE][PASSED] - Browser is scrolled to position x = 200, y = 200

2018-05-28 13:18:27 - [TEST_STEP][PASSED] - click: Object: 'Object Repository/MOH AND GRN/Page_KDMC/a_CMS_2' is clicked on

2018-05-28 13:18:27 - [MESSAGE][PASSED] - Object: 'Object Repository/MOH AND GRN/Page_KDMC/a_CMS_2' is clicked on

2018-05-28 13:18:27 - [TEST_STEP][PASSED] - delay: Delayed 2 second(s)

2018-05-28 13:18:29 - [MESSAGE][PASSED] - Delayed 2 second(s)

2018-05-28 13:18:29 - [TEST_STEP][PASSED] - click: Object: 'Object Repository/MOH AND GRN/Page_KDMC/a_Generate P.O' is clicked on

2018-05-28 13:18:30 - [MESSAGE][PASSED] - Object: 'Object Repository/MOH AND GRN/Page_KDMC/a_Generate P.O' is clicked on

2018-05-28 13:18:30 - [TEST_STEP][PASSED] - delay: Delayed 2 second(s)

2018-05-28 13:18:32 - [MESSAGE][PASSED] - Delayed 2 second(s)

2018-05-28 13:18:32 - [TEST_STEP][PASSED] - selectOptionByIndex: All options with index in [1] are selected on object 'Object Repository/MOH AND GRN/Page_KDMC/select_--Select--PRNO040520183'

2018-05-28 13:18:32 - [MESSAGE][PASSED] - All options with index in [1] are selected on object 'Object Repository/MOH AND GRN/Page_KDMC/select_--Select--PRNO040520183'

2018-05-28 13:18:32 - [TEST_STEP][PASSED] - selectOptionByIndex: All options with index in [7] are selected on object 'Object Repository/MOH AND GRN/Page_KDMC/select_--Select--Hamen Chandra'

2018-05-28 13:18:33 - [MESSAGE][PASSED] - All options with index in [7] are selected on object 'Object Repository/MOH AND GRN/Page_KDMC/select_--Select--Hamen Chandra'

2018-05-28 13:18:33 - [TEST_STEP][PASSED] - Statement - PONumber = com.kms.katalon.core.webui.keyword.WebUiBuiltInKeywords.getText(com.kms.katalon.core.testobject.ObjectRepository.findTestObject(MOH AND GRN/Page_KDMC/input_lblpono)).trim(): Text of object 'Object Repository/MOH AND GRN/Page_KDMC/input_lblpono' is: ''

2018-05-28 13:18:33 - [MESSAGE][PASSED] - Text of object 'Object Repository/MOH AND GRN/Page_KDMC/input_lblpono' is: ''

2018-05-28 13:18:33 - [TEST_STEP][PASSED] - Statement - PONumber1 = com.kms.katalon.core.webui.keyword.WebUiBuiltInKeywords.getAttribute(com.kms.katalon.core.testobject.ObjectRepository.findTestObject(MOH AND GRN/Page_KDMC/input_lblpono), "value").trim(): Attribute 'value' of object 'Object Repository/MOH AND GRN/Page_KDMC/input_lblpono' is: 'PO00157'

2018-05-28 13:18:33 - [MESSAGE][PASSED] - Attribute 'value' of object 'Object Repository/MOH AND GRN/Page_KDMC/input_lblpono' is: 'PO00157'

2018-05-28 13:18:33 - [TEST_STEP][PASSED] - Statement - out.println("PO NUMBER :" + PONumber): null

2018-05-28 13:18:33 - [TEST_STEP][PASSED] - Statement - out.println("PO NUMBER :" + PONumber1): null

2018-05-28 13:18:33 - [TEST_STEP][PASSED] - click: Object: 'Object Repository/MOH AND GRN/Page_KDMC/input_chkrem' is clicked on

2018-05-28 13:18:33 - [MESSAGE][PASSED] - Object: 'Object Repository/MOH AND GRN/Page_KDMC/input_chkrem' is clicked on

2018-05-28 13:18:33 - [TEST_STEP][PASSED] - scrollToElement: Scroll to object 'Object Repository/MOH AND GRN/Page_KDMC/input_btnreturn' successfully

2018-05-28 13:18:33 - [MESSAGE][PASSED] - Scroll to object 'Object Repository/MOH AND GRN/Page_KDMC/input_btnreturn' successfully

2018-05-28 13:18:33 - [TEST_STEP][PASSED] - click: Object: 'Object Repository/MOH AND GRN/Page_KDMC/input_btnreturn' is clicked on

2018-05-28 13:18:33 - [MESSAGE][PASSED] - Object: 'Object Repository/MOH AND GRN/Page_KDMC/input_btnreturn' is clicked on

2018-05-28 13:18:33 - [TEST_STEP][PASSED] - delay: Delayed 3 second(s)

2018-05-28 13:18:36 - [MESSAGE][PASSED] - Delayed 3 second(s)

2018-05-28 13:18:36 - [TEST_STEP][PASSED] - click: Object: 'Object Repository/MOH AND GRN/Page_KDMC/button_Yes' is clicked on

2018-05-28 13:18:36 - [MESSAGE][PASSED] - Object: 'Object Repository/MOH AND GRN/Page_KDMC/button_Yes' is clicked on

2018-05-28 13:18:36 - [TEST_STEP][PASSED] - delay: Delayed 3 second(s)

2018-05-28 13:18:39 - [MESSAGE][PASSED] - Delayed 3 second(s)

2018-05-28 13:18:39 - [TEST_STEP][PASSED] - click: Object: 'Object Repository/MOH AND GRN/Page_KDMC/button_OK' is clicked on

2018-05-28 13:18:40 - [MESSAGE][PASSED] - Object: 'Object Repository/MOH AND GRN/Page_KDMC/button_OK' is clicked on

2018-05-28 13:18:40 - [TEST_STEP][PASSED] - delay: Delayed 3 second(s)

2018-05-28 13:18:43 - [MESSAGE][PASSED] - Delayed 3 second(s)

2018-05-28 13:18:43 - [TEST_STEP][PASSED] - click: Object: 'Object Repository/MOH AND GRN/Page_KDMC/a_dropdown-toggle' is clicked on

2018-05-28 13:18:43 - [MESSAGE][PASSED] - Object: 'Object Repository/MOH AND GRN/Page_KDMC/a_dropdown-toggle' is clicked on

2018-05-28 13:18:43 - [TEST_STEP][PASSED] - click: Object: 'Object Repository/MOH AND GRN/Page_KDMC/a_Sign out' is clicked on

2018-05-28 13:18:43 - [MESSAGE][PASSED] - Object: 'Object Repository/MOH AND GRN/Page_KDMC/a_Sign out' is clicked on

2018-05-28 13:18:43 - [TEST_STEP][PASSED] - delay: Delayed 4 second(s)

2018-05-28 13:18:47 - [MESSAGE][PASSED] - Delayed 4 second(s)

2018-05-28 13:18:47 - [TEST_STEP][PASSED] - click: Object: 'Object Repository/MOH AND GRN/Page_KDMC/a_CMS' is clicked on

2018-05-28 13:18:48 - [MESSAGE][PASSED] - Object: 'Object Repository/MOH AND GRN/Page_KDMC/a_CMS' is clicked on

2018-05-28 13:18:48 - [TEST_STEP][PASSED] - setText: Text 'bala' is set on object 'Object Repository/MOH AND GRN/Page_CMS login/input_txtusername'

2018-05-28 13:18:48 - [MESSAGE][PASSED] - Text 'bala' is set on object 'Object Repository/MOH AND GRN/Page_CMS login/input_txtusername'

2018-05-28 13:18:48 - [TEST_STEP][PASSED] - setText: Text '123' is set on object 'Object Repository/MOH AND GRN/Page_CMS login/input_txtpassword'

2018-05-28 13:18:48 - [MESSAGE][PASSED] - Text '123' is set on object 'Object Repository/MOH AND GRN/Page_CMS login/input_txtpassword'

2018-05-28 13:18:48 - [TEST_STEP][PASSED] - delay: Delayed 3 second(s)

2018-05-28 13:18:51 - [MESSAGE][PASSED] - Delayed 3 second(s)

2018-05-28 13:18:51 - [TEST_STEP][PASSED] - click: Object: 'Object Repository/MOH AND GRN/Page_CMS login/button_Sign in' is clicked on

2018-05-28 13:18:53 - [MESSAGE][PASSED] - Object: 'Object Repository/MOH AND GRN/Page_CMS login/button_Sign in' is clicked on

2018-05-28 13:18:53 - [TEST_STEP][PASSED] - click: Object: 'Object Repository/MOH AND GRN/Page_KDMC - CMS/a_CMS Details' is clicked on

2018-05-28 13:18:53 - [MESSAGE][PASSED] - Object: 'Object Repository/MOH AND GRN/Page_KDMC - CMS/a_CMS Details' is clicked on

2018-05-28 13:18:53 - [TEST_STEP][PASSED] - delay: Delayed 2 second(s)

2018-05-28 13:18:55 - [MESSAGE][PASSED] - Delayed 2 second(s)

2018-05-28 13:18:55 - [TEST_STEP][PASSED] - click: Object: 'Object Repository/MOH AND GRN/Page_KDMC - CMS/a_Goods Receive' is clicked on

2018-05-28 13:18:56 - [MESSAGE][PASSED] - Object: 'Object Repository/MOH AND GRN/Page_KDMC - CMS/a_Goods Receive' is clicked on

2018-05-28 13:18:56 - [TEST_STEP][PASSED] - delay: Delayed 2 second(s)

2018-05-28 13:18:58 - [MESSAGE][PASSED] - Delayed 2 second(s)

2018-05-28 13:18:58 - [TEST_STEP][PASSED] - selectOptionByLabel: All options with label 'PO00157' are selected in object 'Object Repository/MOH AND GRN/Page_KDMC - CMS/select_--Select--PO0032PO0031P' 

2018-05-28 13:18:58 - [MESSAGE][PASSED] - All options with label 'PO00157' are selected in object 'Object Repository/MOH AND GRN/Page_KDMC - CMS/select_--Select--PO0032PO0031P' 

2018-05-28 13:18:58 - [TEST_STEP][PASSED] - setText: Finding Test Object with id 'Object Repository/MOH AND GRN/Page_KDMC - CMS/input_txtgrnno'

2018-05-28 13:18:58 - [TEST_STEP][PASSED] - Statement - switch (id): Text 'INV292.0' is set on object 'Object Repository/MOH AND GRN/Page_KDMC - CMS/input_txtgrnno'

2018-05-28 13:18:58 - [TEST_STEP][PASSED] - Statement - case 2:: Text 'INV292.0' is set on object 'Object Repository/MOH AND GRN/Page_KDMC - CMS/input_txtgrnno'

2018-05-28 13:18:58 - [TEST_STEP][PASSED] - Statement - return (java.lang.Math.floor((java.lang.Math.random() * ((max - min) + 1))) + min): Text 'INV292.0' is set on object 'Object Repository/MOH AND GRN/Page_KDMC - CMS/input_txtgrnno'

2018-05-28 13:18:58 - [MESSAGE][PASSED] - Text 'INV292.0' is set on object 'Object Repository/MOH AND GRN/Page_KDMC - CMS/input_txtgrnno'

2018-05-28 13:18:58 - [TEST_STEP][PASSED] - selectOptionByIndex: All options with index in [1] are selected on object 'Object Repository/MOH AND GRN/Page_KDMC - CMS/select_--Select--PERUMAL PHARM'

2018-05-28 13:18:58 - [MESSAGE][PASSED] - All options with index in [1] are selected on object 'Object Repository/MOH AND GRN/Page_KDMC - CMS/select_--Select--PERUMAL PHARM'

2018-05-28 13:18:58 - [TEST_STEP][PASSED] - setText: Text '15000' is set on object 'Object Repository/MOH AND GRN/Page_KDMC - CMS/input_txtgrnno_1'

2018-05-28 13:18:59 - [MESSAGE][PASSED] - Text '15000' is set on object 'Object Repository/MOH AND GRN/Page_KDMC - CMS/input_txtgrnno_1'

2018-05-28 13:18:59 - [TEST_STEP][PASSED] - setText: Text '500' is set on object 'Object Repository/MOH AND GRN/Page_KDMC - CMS/input_txtgrnno_2'

2018-05-28 13:18:59 - [MESSAGE][PASSED] - Text '500' is set on object 'Object Repository/MOH AND GRN/Page_KDMC - CMS/input_txtgrnno_2'

2018-05-28 13:18:59 - [TEST_STEP][PASSED] - setText: Finding Test Object with id 'Object Repository/MOH AND GRN/Page_KDMC - CMS/input_txtgrnno_3'

2018-05-28 13:18:59 - [TEST_STEP][PASSED] - Statement - switch (id): Text 'CH629.0' is set on object 'Object Repository/MOH AND GRN/Page_KDMC - CMS/input_txtgrnno_3'

2018-05-28 13:18:59 - [TEST_STEP][PASSED] - Statement - case 3:: Text 'CH629.0' is set on object 'Object Repository/MOH AND GRN/Page_KDMC - CMS/input_txtgrnno_3'

2018-05-28 13:18:59 - [TEST_STEP][PASSED] - Statement - return (java.lang.Math.floor((java.lang.Math.random() * ((max - min) + 1))) + min): Text 'CH629.0' is set on object 'Object Repository/MOH AND GRN/Page_KDMC - CMS/input_txtgrnno_3'

2018-05-28 13:18:59 - [MESSAGE][PASSED] - Text 'CH629.0' is set on object 'Object Repository/MOH AND GRN/Page_KDMC - CMS/input_txtgrnno_3'

2018-05-28 13:18:59 - [TEST_STEP][PASSED] - scrollToPosition: Browser is scrolled to position x = 200, y = 200

2018-05-28 13:18:59 - [MESSAGE][PASSED] - Browser is scrolled to position x = 200, y = 200

2018-05-28 13:18:59 - [TEST_STEP][PASSED] - Statement - GrnLength = com.kms.katalon.core.webui.keyword.WebUiBuiltInKeywords.getNumberOfTotalOption(com.kms.katalon.core.testobject.ObjectRepository.findTestObject(MOH AND GRN/Page_KDMC - CMS/select_--Select--Amikacin -500)): 63 options of object 'Object Repository/MOH AND GRN/Page_KDMC - CMS/select_--Select--Amikacin -500' counted

2018-05-28 13:18:59 - [MESSAGE][PASSED] - 63 options of object 'Object Repository/MOH AND GRN/Page_KDMC - CMS/select_--Select--Amikacin -500' counted

2018-05-28 13:18:59 - [TEST_STEP][PASSED] - Statement - out.println("Length OF The Medicine " + GrnLength): null

2018-05-28 13:18:59 - [TEST_STEP][PASSED] - Statement - s = 1: null

2018-05-28 13:18:59 - [TEST_STEP][PASSED] - Statement - For ([t = 1, t < GrnLength, (t++)]): Finding Test Object with id 'Object Repository/MOH AND GRN/Page_KDMC - CMS/input_txtmrp'

2018-05-28 13:18:59 - [TEST_STEP][PASSED] - selectOptionByIndex: All options with index in [1] are selected on object 'Object Repository/MOH AND GRN/Page_KDMC - CMS/select_--Select--Amikacin -500'

2018-05-28 13:18:59 - [MESSAGE][PASSED] - All options with index in [1] are selected on object 'Object Repository/MOH AND GRN/Page_KDMC - CMS/select_--Select--Amikacin -500'

2018-05-28 13:18:59 - [TEST_STEP][PASSED] - setText: Text '5000' is set on object 'Object Repository/MOH AND GRN/Page_KDMC - CMS/input_txtqty'

2018-05-28 13:18:59 - [MESSAGE][PASSED] - Text '5000' is set on object 'Object Repository/MOH AND GRN/Page_KDMC - CMS/input_txtqty'

2018-05-28 13:18:59 - [TEST_STEP][PASSED] - selectOptionByIndex: All options with index in [1] are selected on object 'Object Repository/MOH AND GRN/Page_KDMC - CMS/select_--Select--No Tax0'

2018-05-28 13:18:59 - [MESSAGE][PASSED] - All options with index in [1] are selected on object 'Object Repository/MOH AND GRN/Page_KDMC - CMS/select_--Select--No Tax0'

2018-05-28 13:18:59 - [TEST_STEP][PASSED] - setText: Finding Test Object with id 'Object Repository/MOH AND GRN/Page_KDMC - CMS/input_txtmrp'

2018-05-28 13:18:59 - [TEST_STEP][PASSED] - Statement - switch (id): Finding Test Object with id 'Object Repository/MOH AND GRN/Page_KDMC - CMS/input_txtdeal'

2018-05-28 13:18:59 - [TEST_STEP][PASSED] - Statement - case 4:: Text '30.0' is set on object 'Object Repository/MOH AND GRN/Page_KDMC - CMS/input_txtmrp'

2018-05-28 13:18:59 - [TEST_STEP][PASSED] - Statement - return (java.lang.Math.floor((java.lang.Math.random() * ((max - min) + 1))) + min): Text '30.0' is set on object 'Object Repository/MOH AND GRN/Page_KDMC - CMS/input_txtmrp'

2018-05-28 13:18:59 - [MESSAGE][PASSED] - Text '30.0' is set on object 'Object Repository/MOH AND GRN/Page_KDMC - CMS/input_txtmrp'

2018-05-28 13:18:59 - [TEST_STEP][PASSED] - setText: Finding Test Object with id 'Object Repository/MOH AND GRN/Page_KDMC - CMS/input_txtdeal'

2018-05-28 13:18:59 - [TEST_STEP][PASSED] - Statement - switch (id): Finding Test Object with id 'Object Repository/MOH AND GRN/Page_KDMC - CMS/input_txtbatchno'

2018-05-28 13:18:59 - [TEST_STEP][PASSED] - Statement - case 5:: Text '6.0' is set on object 'Object Repository/MOH AND GRN/Page_KDMC - CMS/input_txtdeal'

2018-05-28 13:18:59 - [TEST_STEP][PASSED] - Statement - return (java.lang.Math.floor((java.lang.Math.random() * ((max - min) + 1))) + min): Text '6.0' is set on object 'Object Repository/MOH AND GRN/Page_KDMC - CMS/input_txtdeal'

2018-05-28 13:18:59 - [MESSAGE][PASSED] - Text '6.0' is set on object 'Object Repository/MOH AND GRN/Page_KDMC - CMS/input_txtdeal'

2018-05-28 13:18:59 - [TEST_STEP][PASSED] - setText: Finding Test Object with id 'Object Repository/MOH AND GRN/Page_KDMC - CMS/input_txtbatchno'

2018-05-28 13:18:59 - [TEST_STEP][PASSED] - Statement - switch (id): Finding Test Object with id 'Object Repository/MOH AND GRN/Page_KDMC - CMS/input_txtmrp'

2018-05-28 13:18:59 - [TEST_STEP][PASSED] - Statement - case 1:: Text 'BA24.0' is set on object 'Object Repository/MOH AND GRN/Page_KDMC - CMS/input_txtbatchno'

2018-05-28 13:18:59 - [TEST_STEP][PASSED] - Statement - return (java.lang.Math.floor((java.lang.Math.random() * ((max - min) + 1))) + min): Text 'BA24.0' is set on object 'Object Repository/MOH AND GRN/Page_KDMC - CMS/input_txtbatchno'

2018-05-28 13:19:00 - [MESSAGE][PASSED] - Text 'BA24.0' is set on object 'Object Repository/MOH AND GRN/Page_KDMC - CMS/input_txtbatchno'

2018-05-28 13:19:00 - [TEST_STEP][PASSED] - rightClick: Object: 'Object Repository/GRN/Page_KDMC - CMS/input_txtexpdate' is right clicked on

2018-05-28 13:19:00 - [MESSAGE][PASSED] - Object: 'Object Repository/GRN/Page_KDMC - CMS/input_txtexpdate' is right clicked on

2018-05-28 13:19:00 - [TEST_STEP][PASSED] - selectOptionByIndex: All options with index in [1] are selected on object 'Object Repository/GRN/Page_KDMC - CMS/select_20182019202020212022202'

2018-05-28 13:19:00 - [MESSAGE][PASSED] - All options with index in [1] are selected on object 'Object Repository/GRN/Page_KDMC - CMS/select_20182019202020212022202'

2018-05-28 13:19:00 - [TEST_STEP][PASSED] - selectOptionByIndex: All options with index in [1] are selected on object 'Object Repository/GRN/Page_KDMC - CMS/select_JanFebMarAprMayJunJulAu'

2018-05-28 13:19:00 - [MESSAGE][PASSED] - All options with index in [1] are selected on object 'Object Repository/GRN/Page_KDMC - CMS/select_JanFebMarAprMayJunJulAu'

2018-05-28 13:19:00 - [TEST_STEP][PASSED] - click: Object: 'Object Repository/MOH AND GRN/Page_KDMC - CMS/a_12' is clicked on

2018-05-28 13:19:00 - [MESSAGE][PASSED] - Object: 'Object Repository/MOH AND GRN/Page_KDMC - CMS/a_12' is clicked on

2018-05-28 13:19:00 - [TEST_STEP][PASSED] - click: Object: 'Object Repository/MOH AND GRN/Page_KDMC - CMS/input_btnadd' is clicked on

2018-05-28 13:19:00 - [MESSAGE][PASSED] - Object: 'Object Repository/MOH AND GRN/Page_KDMC - CMS/input_btnadd' is clicked on

2018-05-28 13:19:00 - [TEST_STEP][PASSED] - Statement - If (s == 10): null

2018-05-28 13:19:00 - [TEST_STEP][PASSED] - Statement - Else: null

2018-05-28 13:19:00 - [TEST_STEP][PASSED] - Statement - (s++): null

2018-05-28 13:19:00 - [TEST_STEP][PASSED] - delay: Delayed 1 second(s)

2018-05-28 13:19:01 - [MESSAGE][PASSED] - Delayed 1 second(s)

2018-05-28 13:19:01 - [TEST_STEP][PASSED] - selectOptionByIndex: All options with index in [2] are selected on object 'Object Repository/MOH AND GRN/Page_KDMC - CMS/select_--Select--Amikacin -500'

2018-05-28 13:19:01 - [MESSAGE][PASSED] - All options with index in [2] are selected on object 'Object Repository/MOH AND GRN/Page_KDMC - CMS/select_--Select--Amikacin -500'

2018-05-28 13:19:01 - [TEST_STEP][PASSED] - setText: Text '5000' is set on object 'Object Repository/MOH AND GRN/Page_KDMC - CMS/input_txtqty'

2018-05-28 13:19:01 - [MESSAGE][PASSED] - Text '5000' is set on object 'Object Repository/MOH AND GRN/Page_KDMC - CMS/input_txtqty'

2018-05-28 13:19:01 - [TEST_STEP][PASSED] - selectOptionByIndex: All options with index in [1] are selected on object 'Object Repository/MOH AND GRN/Page_KDMC - CMS/select_--Select--No Tax0'

2018-05-28 13:19:02 - [MESSAGE][PASSED] - All options with index in [1] are selected on object 'Object Repository/MOH AND GRN/Page_KDMC - CMS/select_--Select--No Tax0'

2018-05-28 13:19:02 - [TEST_STEP][PASSED] - setText: Finding Test Object with id 'Object Repository/MOH AND GRN/Page_KDMC - CMS/input_txtmrp'

2018-05-28 13:19:02 - [TEST_STEP][PASSED] - Statement - switch (id): Finding Test Object with id 'Object Repository/MOH AND GRN/Page_KDMC - CMS/input_txtdeal'

2018-05-28 13:19:02 - [TEST_STEP][PASSED] - Statement - case 4:: Text '26.0' is set on object 'Object Repository/MOH AND GRN/Page_KDMC - CMS/input_txtmrp'

2018-05-28 13:19:02 - [TEST_STEP][PASSED] - Statement - return (java.lang.Math.floor((java.lang.Math.random() * ((max - min) + 1))) + min): Text '26.0' is set on object 'Object Repository/MOH AND GRN/Page_KDMC - CMS/input_txtmrp'

2018-05-28 13:19:02 - [MESSAGE][PASSED] - Text '26.0' is set on object 'Object Repository/MOH AND GRN/Page_KDMC - CMS/input_txtmrp'

2018-05-28 13:19:02 - [TEST_STEP][PASSED] - setText: Finding Test Object with id 'Object Repository/MOH AND GRN/Page_KDMC - CMS/input_txtdeal'

2018-05-28 13:19:02 - [TEST_STEP][PASSED] - Statement - switch (id): Finding Test Object with id 'Object Repository/MOH AND GRN/Page_KDMC - CMS/input_txtbatchno'

2018-05-28 13:19:02 - [TEST_STEP][PASSED] - Statement - case 5:: Text '8.0' is set on object 'Object Repository/MOH AND GRN/Page_KDMC - CMS/input_txtdeal'

2018-05-28 13:19:02 - [TEST_STEP][PASSED] - Statement - return (java.lang.Math.floor((java.lang.Math.random() * ((max - min) + 1))) + min): Text '8.0' is set on object 'Object Repository/MOH AND GRN/Page_KDMC - CMS/input_txtdeal'

2018-05-28 13:19:02 - [MESSAGE][PASSED] - Text '8.0' is set on object 'Object Repository/MOH AND GRN/Page_KDMC - CMS/input_txtdeal'

2018-05-28 13:19:02 - [TEST_STEP][PASSED] - setText: Finding Test Object with id 'Object Repository/MOH AND GRN/Page_KDMC - CMS/input_txtbatchno'

2018-05-28 13:19:02 - [TEST_STEP][PASSED] - Statement - switch (id): Finding Test Object with id 'Object Repository/MOH AND GRN/Page_KDMC - CMS/input_txtmrp'

2018-05-28 13:19:02 - [TEST_STEP][PASSED] - Statement - case 1:: Text 'BA427.0' is set on object 'Object Repository/MOH AND GRN/Page_KDMC - CMS/input_txtbatchno'

2018-05-28 13:19:02 - [TEST_STEP][PASSED] - Statement - return (java.lang.Math.floor((java.lang.Math.random() * ((max - min) + 1))) + min): Text 'BA427.0' is set on object 'Object Repository/MOH AND GRN/Page_KDMC - CMS/input_txtbatchno'

2018-05-28 13:19:02 - [MESSAGE][PASSED] - Text 'BA427.0' is set on object 'Object Repository/MOH AND GRN/Page_KDMC - CMS/input_txtbatchno'

2018-05-28 13:19:02 - [TEST_STEP][PASSED] - rightClick: Object: 'Object Repository/GRN/Page_KDMC - CMS/input_txtexpdate' is right clicked on

2018-05-28 13:19:02 - [MESSAGE][PASSED] - Object: 'Object Repository/GRN/Page_KDMC - CMS/input_txtexpdate' is right clicked on

2018-05-28 13:19:02 - [TEST_STEP][PASSED] - selectOptionByIndex: All options with index in [2] are selected on object 'Object Repository/GRN/Page_KDMC - CMS/select_20182019202020212022202'

2018-05-28 13:19:02 - [MESSAGE][PASSED] - All options with index in [2] are selected on object 'Object Repository/GRN/Page_KDMC - CMS/select_20182019202020212022202'

2018-05-28 13:19:02 - [TEST_STEP][PASSED] - selectOptionByIndex: All options with index in [2] are selected on object 'Object Repository/GRN/Page_KDMC - CMS/select_JanFebMarAprMayJunJulAu'

2018-05-28 13:19:02 - [MESSAGE][PASSED] - All options with index in [2] are selected on object 'Object Repository/GRN/Page_KDMC - CMS/select_JanFebMarAprMayJunJulAu'

2018-05-28 13:19:02 - [TEST_STEP][PASSED] - click: Object: 'Object Repository/MOH AND GRN/Page_KDMC - CMS/a_12' is clicked on

2018-05-28 13:19:02 - [MESSAGE][PASSED] - Object: 'Object Repository/MOH AND GRN/Page_KDMC - CMS/a_12' is clicked on

2018-05-28 13:19:02 - [TEST_STEP][PASSED] - click: Object: 'Object Repository/MOH AND GRN/Page_KDMC - CMS/input_btnadd' is clicked on

2018-05-28 13:19:02 - [MESSAGE][PASSED] - Object: 'Object Repository/MOH AND GRN/Page_KDMC - CMS/input_btnadd' is clicked on

2018-05-28 13:19:02 - [TEST_STEP][PASSED] - Statement - If (s == 10): null

2018-05-28 13:19:02 - [TEST_STEP][PASSED] - Statement - Else: null

2018-05-28 13:19:02 - [TEST_STEP][PASSED] - Statement - (s++): null

2018-05-28 13:19:02 - [TEST_STEP][PASSED] - delay: Delayed 1 second(s)

2018-05-28 13:19:03 - [MESSAGE][PASSED] - Delayed 1 second(s)

2018-05-28 13:19:03 - [TEST_STEP][PASSED] - selectOptionByIndex: All options with index in [3] are selected on object 'Object Repository/MOH AND GRN/Page_KDMC - CMS/select_--Select--Amikacin -500'

2018-05-28 13:19:04 - [MESSAGE][PASSED] - All options with index in [3] are selected on object 'Object Repository/MOH AND GRN/Page_KDMC - CMS/select_--Select--Amikacin -500'

2018-05-28 13:19:04 - [TEST_STEP][PASSED] - setText: Text '5000' is set on object 'Object Repository/MOH AND GRN/Page_KDMC - CMS/input_txtqty'

2018-05-28 13:19:04 - [MESSAGE][PASSED] - Text '5000' is set on object 'Object Repository/MOH AND GRN/Page_KDMC - CMS/input_txtqty'

2018-05-28 13:19:04 - [TEST_STEP][PASSED] - selectOptionByIndex: All options with index in [1] are selected on object 'Object Repository/MOH AND GRN/Page_KDMC - CMS/select_--Select--No Tax0'

2018-05-28 13:19:04 - [MESSAGE][PASSED] - All options with index in [1] are selected on object 'Object Repository/MOH AND GRN/Page_KDMC - CMS/select_--Select--No Tax0'

2018-05-28 13:19:04 - [TEST_STEP][PASSED] - setText: Finding Test Object with id 'Object Repository/MOH AND GRN/Page_KDMC - CMS/input_txtmrp'

2018-05-28 13:19:04 - [TEST_STEP][PASSED] - Statement - switch (id): Finding Test Object with id 'Object Repository/MOH AND GRN/Page_KDMC - CMS/input_txtdeal'

2018-05-28 13:19:04 - [TEST_STEP][PASSED] - Statement - case 4:: Text '33.0' is set on object 'Object Repository/MOH AND GRN/Page_KDMC - CMS/input_txtmrp'

2018-05-28 13:19:04 - [TEST_STEP][PASSED] - Statement - return (java.lang.Math.floor((java.lang.Math.random() * ((max - min) + 1))) + min): Text '33.0' is set on object 'Object Repository/MOH AND GRN/Page_KDMC - CMS/input_txtmrp'

2018-05-28 13:19:04 - [MESSAGE][PASSED] - Text '33.0' is set on object 'Object Repository/MOH AND GRN/Page_KDMC - CMS/input_txtmrp'

2018-05-28 13:19:04 - [TEST_STEP][PASSED] - setText: Finding Test Object with id 'Object Repository/MOH AND GRN/Page_KDMC - CMS/input_txtdeal'

2018-05-28 13:19:04 - [TEST_STEP][PASSED] - Statement - switch (id): Finding Test Object with id 'Object Repository/MOH AND GRN/Page_KDMC - CMS/input_txtbatchno'

2018-05-28 13:19:04 - [TEST_STEP][PASSED] - Statement - case 5:: Text '5.0' is set on object 'Object Repository/MOH AND GRN/Page_KDMC - CMS/input_txtdeal'

2018-05-28 13:19:04 - [TEST_STEP][PASSED] - Statement - return (java.lang.Math.floor((java.lang.Math.random() * ((max - min) + 1))) + min): Text '5.0' is set on object 'Object Repository/MOH AND GRN/Page_KDMC - CMS/input_txtdeal'

2018-05-28 13:19:04 - [MESSAGE][PASSED] - Text '5.0' is set on object 'Object Repository/MOH AND GRN/Page_KDMC - CMS/input_txtdeal'

2018-05-28 13:19:04 - [TEST_STEP][PASSED] - setText: Finding Test Object with id 'Object Repository/MOH AND GRN/Page_KDMC - CMS/input_txtbatchno'

2018-05-28 13:19:04 - [TEST_STEP][PASSED] - Statement - switch (id): Finding Test Object with id 'Object Repository/MOH AND GRN/Page_KDMC - CMS/input_txtmrp'

2018-05-28 13:19:04 - [TEST_STEP][PASSED] - Statement - case 1:: Text 'BA363.0' is set on object 'Object Repository/MOH AND GRN/Page_KDMC - CMS/input_txtbatchno'

2018-05-28 13:19:04 - [TEST_STEP][PASSED] - Statement - return (java.lang.Math.floor((java.lang.Math.random() * ((max - min) + 1))) + min): Text 'BA363.0' is set on object 'Object Repository/MOH AND GRN/Page_KDMC - CMS/input_txtbatchno'

2018-05-28 13:19:04 - [MESSAGE][PASSED] - Text 'BA363.0' is set on object 'Object Repository/MOH AND GRN/Page_KDMC - CMS/input_txtbatchno'

2018-05-28 13:19:04 - [TEST_STEP][PASSED] - rightClick: Object: 'Object Repository/GRN/Page_KDMC - CMS/input_txtexpdate' is right clicked on

2018-05-28 13:19:04 - [MESSAGE][PASSED] - Object: 'Object Repository/GRN/Page_KDMC - CMS/input_txtexpdate' is right clicked on

2018-05-28 13:19:04 - [TEST_STEP][PASSED] - selectOptionByIndex: All options with index in [3] are selected on object 'Object Repository/GRN/Page_KDMC - CMS/select_20182019202020212022202'

2018-05-28 13:19:04 - [MESSAGE][PASSED] - All options with index in [3] are selected on object 'Object Repository/GRN/Page_KDMC - CMS/select_20182019202020212022202'

2018-05-28 13:19:04 - [TEST_STEP][PASSED] - selectOptionByIndex: All options with index in [3] are selected on object 'Object Repository/GRN/Page_KDMC - CMS/select_JanFebMarAprMayJunJulAu'

2018-05-28 13:19:05 - [MESSAGE][PASSED] - All options with index in [3] are selected on object 'Object Repository/GRN/Page_KDMC - CMS/select_JanFebMarAprMayJunJulAu'

2018-05-28 13:19:05 - [TEST_STEP][PASSED] - click: Object: 'Object Repository/MOH AND GRN/Page_KDMC - CMS/a_12' is clicked on

2018-05-28 13:19:05 - [MESSAGE][PASSED] - Object: 'Object Repository/MOH AND GRN/Page_KDMC - CMS/a_12' is clicked on

2018-05-28 13:19:05 - [TEST_STEP][PASSED] - click: Object: 'Object Repository/MOH AND GRN/Page_KDMC - CMS/input_btnadd' is clicked on

2018-05-28 13:19:05 - [MESSAGE][PASSED] - Object: 'Object Repository/MOH AND GRN/Page_KDMC - CMS/input_btnadd' is clicked on

2018-05-28 13:19:05 - [TEST_STEP][PASSED] - Statement - If (s == 10): null

2018-05-28 13:19:05 - [TEST_STEP][PASSED] - Statement - Else: null

2018-05-28 13:19:05 - [TEST_STEP][PASSED] - Statement - (s++): null

2018-05-28 13:19:05 - [TEST_STEP][PASSED] - delay: Delayed 1 second(s)

2018-05-28 13:19:06 - [MESSAGE][PASSED] - Delayed 1 second(s)

2018-05-28 13:19:06 - [TEST_STEP][PASSED] - selectOptionByIndex: All options with index in [4] are selected on object 'Object Repository/MOH AND GRN/Page_KDMC - CMS/select_--Select--Amikacin -500'

2018-05-28 13:19:06 - [MESSAGE][PASSED] - All options with index in [4] are selected on object 'Object Repository/MOH AND GRN/Page_KDMC - CMS/select_--Select--Amikacin -500'

2018-05-28 13:19:06 - [TEST_STEP][PASSED] - setText: Text '5000' is set on object 'Object Repository/MOH AND GRN/Page_KDMC - CMS/input_txtqty'

2018-05-28 13:19:06 - [MESSAGE][PASSED] - Text '5000' is set on object 'Object Repository/MOH AND GRN/Page_KDMC - CMS/input_txtqty'

2018-05-28 13:19:06 - [TEST_STEP][PASSED] - selectOptionByIndex: All options with index in [1] are selected on object 'Object Repository/MOH AND GRN/Page_KDMC - CMS/select_--Select--No Tax0'

2018-05-28 13:19:06 - [MESSAGE][PASSED] - All options with index in [1] are selected on object 'Object Repository/MOH AND GRN/Page_KDMC - CMS/select_--Select--No Tax0'

2018-05-28 13:19:06 - [TEST_STEP][PASSED] - setText: Finding Test Object with id 'Object Repository/MOH AND GRN/Page_KDMC - CMS/input_txtmrp'

2018-05-28 13:19:06 - [TEST_STEP][PASSED] - Statement - switch (id): Finding Test Object with id 'Object Repository/MOH AND GRN/Page_KDMC - CMS/input_txtdeal'

2018-05-28 13:19:06 - [TEST_STEP][PASSED] - Statement - case 4:: Text '40.0' is set on object 'Object Repository/MOH AND GRN/Page_KDMC - CMS/input_txtmrp'

2018-05-28 13:19:06 - [TEST_STEP][PASSED] - Statement - return (java.lang.Math.floor((java.lang.Math.random() * ((max - min) + 1))) + min): Text '40.0' is set on object 'Object Repository/MOH AND GRN/Page_KDMC - CMS/input_txtmrp'

2018-05-28 13:19:06 - [MESSAGE][PASSED] - Text '40.0' is set on object 'Object Repository/MOH AND GRN/Page_KDMC - CMS/input_txtmrp'

2018-05-28 13:19:06 - [TEST_STEP][PASSED] - setText: Finding Test Object with id 'Object Repository/MOH AND GRN/Page_KDMC - CMS/input_txtdeal'

2018-05-28 13:19:06 - [TEST_STEP][PASSED] - Statement - switch (id): Finding Test Object with id 'Object Repository/MOH AND GRN/Page_KDMC - CMS/input_txtbatchno'

2018-05-28 13:19:06 - [TEST_STEP][PASSED] - Statement - case 5:: Text '11.0' is set on object 'Object Repository/MOH AND GRN/Page_KDMC - CMS/input_txtdeal'

2018-05-28 13:19:06 - [TEST_STEP][PASSED] - Statement - return (java.lang.Math.floor((java.lang.Math.random() * ((max - min) + 1))) + min): Text '11.0' is set on object 'Object Repository/MOH AND GRN/Page_KDMC - CMS/input_txtdeal'

2018-05-28 13:19:06 - [MESSAGE][PASSED] - Text '11.0' is set on object 'Object Repository/MOH AND GRN/Page_KDMC - CMS/input_txtdeal'

2018-05-28 13:19:06 - [TEST_STEP][PASSED] - setText: Finding Test Object with id 'Object Repository/MOH AND GRN/Page_KDMC - CMS/input_txtbatchno'

2018-05-28 13:19:06 - [TEST_STEP][PASSED] - Statement - switch (id): Finding Test Object with id 'Object Repository/MOH AND GRN/Page_KDMC - CMS/input_txtmrp'

2018-05-28 13:19:06 - [TEST_STEP][PASSED] - Statement - case 1:: Text 'BA668.0' is set on object 'Object Repository/MOH AND GRN/Page_KDMC - CMS/input_txtbatchno'

2018-05-28 13:19:06 - [TEST_STEP][PASSED] - Statement - return (java.lang.Math.floor((java.lang.Math.random() * ((max - min) + 1))) + min): Text 'BA668.0' is set on object 'Object Repository/MOH AND GRN/Page_KDMC - CMS/input_txtbatchno'

2018-05-28 13:19:07 - [MESSAGE][PASSED] - Text 'BA668.0' is set on object 'Object Repository/MOH AND GRN/Page_KDMC - CMS/input_txtbatchno'

2018-05-28 13:19:07 - [TEST_STEP][PASSED] - rightClick: Object: 'Object Repository/GRN/Page_KDMC - CMS/input_txtexpdate' is right clicked on

2018-05-28 13:19:07 - [MESSAGE][PASSED] - Object: 'Object Repository/GRN/Page_KDMC - CMS/input_txtexpdate' is right clicked on

2018-05-28 13:19:07 - [TEST_STEP][PASSED] - selectOptionByIndex: All options with index in [4] are selected on object 'Object Repository/GRN/Page_KDMC - CMS/select_20182019202020212022202'

2018-05-28 13:19:07 - [MESSAGE][PASSED] - All options with index in [4] are selected on object 'Object Repository/GRN/Page_KDMC - CMS/select_20182019202020212022202'

2018-05-28 13:19:07 - [TEST_STEP][PASSED] - selectOptionByIndex: All options with index in [4] are selected on object 'Object Repository/GRN/Page_KDMC - CMS/select_JanFebMarAprMayJunJulAu'

2018-05-28 13:19:07 - [MESSAGE][PASSED] - All options with index in [4] are selected on object 'Object Repository/GRN/Page_KDMC - CMS/select_JanFebMarAprMayJunJulAu'

2018-05-28 13:19:07 - [TEST_STEP][PASSED] - click: Object: 'Object Repository/MOH AND GRN/Page_KDMC - CMS/a_12' is clicked on

2018-05-28 13:19:07 - [MESSAGE][PASSED] - Object: 'Object Repository/MOH AND GRN/Page_KDMC - CMS/a_12' is clicked on

2018-05-28 13:19:07 - [TEST_STEP][PASSED] - click: Object: 'Object Repository/MOH AND GRN/Page_KDMC - CMS/input_btnadd' is clicked on

2018-05-28 13:19:07 - [MESSAGE][PASSED] - Object: 'Object Repository/MOH AND GRN/Page_KDMC - CMS/input_btnadd' is clicked on

2018-05-28 13:19:07 - [TEST_STEP][PASSED] - Statement - If (s == 10): null

2018-05-28 13:19:07 - [TEST_STEP][PASSED] - Statement - Else: null

2018-05-28 13:19:07 - [TEST_STEP][PASSED] - Statement - (s++): null

2018-05-28 13:19:07 - [TEST_STEP][PASSED] - delay: Delayed 1 second(s)

2018-05-28 13:19:08 - [MESSAGE][PASSED] - Delayed 1 second(s)

2018-05-28 13:19:08 - [TEST_STEP][PASSED] - selectOptionByIndex: All options with index in [5] are selected on object 'Object Repository/MOH AND GRN/Page_KDMC - CMS/select_--Select--Amikacin -500'

2018-05-28 13:19:08 - [MESSAGE][PASSED] - All options with index in [5] are selected on object 'Object Repository/MOH AND GRN/Page_KDMC - CMS/select_--Select--Amikacin -500'

2018-05-28 13:19:08 - [TEST_STEP][PASSED] - setText: Text '5000' is set on object 'Object Repository/MOH AND GRN/Page_KDMC - CMS/input_txtqty'

2018-05-28 13:19:09 - [MESSAGE][PASSED] - Text '5000' is set on object 'Object Repository/MOH AND GRN/Page_KDMC - CMS/input_txtqty'

2018-05-28 13:19:09 - [TEST_STEP][PASSED] - selectOptionByIndex: All options with index in [1] are selected on object 'Object Repository/MOH AND GRN/Page_KDMC - CMS/select_--Select--No Tax0'

2018-05-28 13:19:09 - [MESSAGE][PASSED] - All options with index in [1] are selected on object 'Object Repository/MOH AND GRN/Page_KDMC - CMS/select_--Select--No Tax0'

2018-05-28 13:19:09 - [TEST_STEP][PASSED] - setText: Finding Test Object with id 'Object Repository/MOH AND GRN/Page_KDMC - CMS/input_txtmrp'

2018-05-28 13:19:09 - [TEST_STEP][PASSED] - Statement - switch (id): Finding Test Object with id 'Object Repository/MOH AND GRN/Page_KDMC - CMS/input_txtdeal'

2018-05-28 13:19:09 - [TEST_STEP][PASSED] - Statement - case 4:: Text '41.0' is set on object 'Object Repository/MOH AND GRN/Page_KDMC - CMS/input_txtmrp'

2018-05-28 13:19:09 - [TEST_STEP][PASSED] - Statement - return (java.lang.Math.floor((java.lang.Math.random() * ((max - min) + 1))) + min): Text '41.0' is set on object 'Object Repository/MOH AND GRN/Page_KDMC - CMS/input_txtmrp'

2018-05-28 13:19:09 - [MESSAGE][PASSED] - Text '41.0' is set on object 'Object Repository/MOH AND GRN/Page_KDMC - CMS/input_txtmrp'

2018-05-28 13:19:09 - [TEST_STEP][PASSED] - setText: Finding Test Object with id 'Object Repository/MOH AND GRN/Page_KDMC - CMS/input_txtdeal'

2018-05-28 13:19:09 - [TEST_STEP][PASSED] - Statement - switch (id): Finding Test Object with id 'Object Repository/MOH AND GRN/Page_KDMC - CMS/input_txtbatchno'

2018-05-28 13:19:09 - [TEST_STEP][PASSED] - Statement - case 5:: Text '11.0' is set on object 'Object Repository/MOH AND GRN/Page_KDMC - CMS/input_txtdeal'

2018-05-28 13:19:09 - [TEST_STEP][PASSED] - Statement - return (java.lang.Math.floor((java.lang.Math.random() * ((max - min) + 1))) + min): Text '11.0' is set on object 'Object Repository/MOH AND GRN/Page_KDMC - CMS/input_txtdeal'

2018-05-28 13:19:09 - [MESSAGE][PASSED] - Text '11.0' is set on object 'Object Repository/MOH AND GRN/Page_KDMC - CMS/input_txtdeal'

2018-05-28 13:19:09 - [TEST_STEP][PASSED] - setText: Finding Test Object with id 'Object Repository/MOH AND GRN/Page_KDMC - CMS/input_txtbatchno'

2018-05-28 13:19:09 - [TEST_STEP][PASSED] - Statement - switch (id): Finding Test Object with id 'Object Repository/MOH AND GRN/Page_KDMC - CMS/input_txtmrp'

2018-05-28 13:19:09 - [TEST_STEP][PASSED] - Statement - case 1:: Text 'BA172.0' is set on object 'Object Repository/MOH AND GRN/Page_KDMC - CMS/input_txtbatchno'

2018-05-28 13:19:09 - [TEST_STEP][PASSED] - Statement - return (java.lang.Math.floor((java.lang.Math.random() * ((max - min) + 1))) + min): Text 'BA172.0' is set on object 'Object Repository/MOH AND GRN/Page_KDMC - CMS/input_txtbatchno'

2018-05-28 13:19:09 - [MESSAGE][PASSED] - Text 'BA172.0' is set on object 'Object Repository/MOH AND GRN/Page_KDMC - CMS/input_txtbatchno'

2018-05-28 13:19:09 - [TEST_STEP][PASSED] - rightClick: Object: 'Object Repository/GRN/Page_KDMC - CMS/input_txtexpdate' is right clicked on

2018-05-28 13:19:09 - [MESSAGE][PASSED] - Object: 'Object Repository/GRN/Page_KDMC - CMS/input_txtexpdate' is right clicked on

2018-05-28 13:19:09 - [TEST_STEP][PASSED] - selectOptionByIndex: All options with index in [5] are selected on object 'Object Repository/GRN/Page_KDMC - CMS/select_20182019202020212022202'

2018-05-28 13:19:09 - [MESSAGE][PASSED] - All options with index in [5] are selected on object 'Object Repository/GRN/Page_KDMC - CMS/select_20182019202020212022202'

2018-05-28 13:19:09 - [TEST_STEP][PASSED] - selectOptionByIndex: All options with index in [5] are selected on object 'Object Repository/GRN/Page_KDMC - CMS/select_JanFebMarAprMayJunJulAu'

2018-05-28 13:19:09 - [MESSAGE][PASSED] - All options with index in [5] are selected on object 'Object Repository/GRN/Page_KDMC - CMS/select_JanFebMarAprMayJunJulAu'

2018-05-28 13:19:09 - [TEST_STEP][PASSED] - click: Object: 'Object Repository/MOH AND GRN/Page_KDMC - CMS/a_12' is clicked on

2018-05-28 13:19:09 - [MESSAGE][PASSED] - Object: 'Object Repository/MOH AND GRN/Page_KDMC - CMS/a_12' is clicked on

2018-05-28 13:19:09 - [TEST_STEP][PASSED] - click: Object: 'Object Repository/MOH AND GRN/Page_KDMC - CMS/input_btnadd' is clicked on

2018-05-28 13:19:10 - [MESSAGE][PASSED] - Object: 'Object Repository/MOH AND GRN/Page_KDMC - CMS/input_btnadd' is clicked on

2018-05-28 13:19:10 - [TEST_STEP][PASSED] - Statement - If (s == 10): null

2018-05-28 13:19:10 - [TEST_STEP][PASSED] - Statement - Else: null

2018-05-28 13:19:10 - [TEST_STEP][PASSED] - Statement - (s++): null

2018-05-28 13:19:10 - [TEST_STEP][PASSED] - delay: Delayed 1 second(s)

2018-05-28 13:19:11 - [MESSAGE][PASSED] - Delayed 1 second(s)

2018-05-28 13:19:11 - [TEST_STEP][PASSED] - selectOptionByIndex: All options with index in [6] are selected on object 'Object Repository/MOH AND GRN/Page_KDMC - CMS/select_--Select--Amikacin -500'

2018-05-28 13:19:11 - [MESSAGE][PASSED] - All options with index in [6] are selected on object 'Object Repository/MOH AND GRN/Page_KDMC - CMS/select_--Select--Amikacin -500'

2018-05-28 13:19:11 - [TEST_STEP][PASSED] - setText: Text '5000' is set on object 'Object Repository/MOH AND GRN/Page_KDMC - CMS/input_txtqty'

2018-05-28 13:19:11 - [MESSAGE][PASSED] - Text '5000' is set on object 'Object Repository/MOH AND GRN/Page_KDMC - CMS/input_txtqty'

2018-05-28 13:19:11 - [TEST_STEP][PASSED] - selectOptionByIndex: All options with index in [1] are selected on object 'Object Repository/MOH AND GRN/Page_KDMC - CMS/select_--Select--No Tax0'

2018-05-28 13:19:11 - [MESSAGE][PASSED] - All options with index in [1] are selected on object 'Object Repository/MOH AND GRN/Page_KDMC - CMS/select_--Select--No Tax0'

2018-05-28 13:19:11 - [TEST_STEP][PASSED] - setText: Finding Test Object with id 'Object Repository/MOH AND GRN/Page_KDMC - CMS/input_txtmrp'

2018-05-28 13:19:11 - [TEST_STEP][PASSED] - Statement - switch (id): Finding Test Object with id 'Object Repository/MOH AND GRN/Page_KDMC - CMS/input_txtdeal'

2018-05-28 13:19:11 - [TEST_STEP][PASSED] - Statement - case 4:: Text '42.0' is set on object 'Object Repository/MOH AND GRN/Page_KDMC - CMS/input_txtmrp'

2018-05-28 13:19:11 - [TEST_STEP][PASSED] - Statement - return (java.lang.Math.floor((java.lang.Math.random() * ((max - min) + 1))) + min): Text '42.0' is set on object 'Object Repository/MOH AND GRN/Page_KDMC - CMS/input_txtmrp'

2018-05-28 13:19:11 - [MESSAGE][PASSED] - Text '42.0' is set on object 'Object Repository/MOH AND GRN/Page_KDMC - CMS/input_txtmrp'

2018-05-28 13:19:11 - [TEST_STEP][PASSED] - setText: Finding Test Object with id 'Object Repository/MOH AND GRN/Page_KDMC - CMS/input_txtdeal'

2018-05-28 13:19:11 - [TEST_STEP][PASSED] - Statement - switch (id): Finding Test Object with id 'Object Repository/MOH AND GRN/Page_KDMC - CMS/input_txtbatchno'

2018-05-28 13:19:11 - [TEST_STEP][PASSED] - Statement - case 5:: Text '7.0' is set on object 'Object Repository/MOH AND GRN/Page_KDMC - CMS/input_txtdeal'

2018-05-28 13:19:11 - [TEST_STEP][PASSED] - Statement - return (java.lang.Math.floor((java.lang.Math.random() * ((max - min) + 1))) + min): Text '7.0' is set on object 'Object Repository/MOH AND GRN/Page_KDMC - CMS/input_txtdeal'

2018-05-28 13:19:11 - [MESSAGE][PASSED] - Text '7.0' is set on object 'Object Repository/MOH AND GRN/Page_KDMC - CMS/input_txtdeal'

2018-05-28 13:19:11 - [TEST_STEP][PASSED] - setText: Finding Test Object with id 'Object Repository/MOH AND GRN/Page_KDMC - CMS/input_txtbatchno'

2018-05-28 13:19:11 - [TEST_STEP][PASSED] - Statement - switch (id): Finding Test Object with id 'Object Repository/MOH AND GRN/Page_KDMC - CMS/input_txtmrp'

2018-05-28 13:19:11 - [TEST_STEP][PASSED] - Statement - case 1:: Text 'BA323.0' is set on object 'Object Repository/MOH AND GRN/Page_KDMC - CMS/input_txtbatchno'

2018-05-28 13:19:11 - [TEST_STEP][PASSED] - Statement - return (java.lang.Math.floor((java.lang.Math.random() * ((max - min) + 1))) + min): Text 'BA323.0' is set on object 'Object Repository/MOH AND GRN/Page_KDMC - CMS/input_txtbatchno'

2018-05-28 13:19:11 - [MESSAGE][PASSED] - Text 'BA323.0' is set on object 'Object Repository/MOH AND GRN/Page_KDMC - CMS/input_txtbatchno'

2018-05-28 13:19:11 - [TEST_STEP][PASSED] - rightClick: Object: 'Object Repository/GRN/Page_KDMC - CMS/input_txtexpdate' is right clicked on

2018-05-28 13:19:11 - [MESSAGE][PASSED] - Object: 'Object Repository/GRN/Page_KDMC - CMS/input_txtexpdate' is right clicked on

2018-05-28 13:19:11 - [TEST_STEP][PASSED] - selectOptionByIndex: All options with index in [6] are selected on object 'Object Repository/GRN/Page_KDMC - CMS/select_20182019202020212022202'

2018-05-28 13:19:12 - [MESSAGE][PASSED] - All options with index in [6] are selected on object 'Object Repository/GRN/Page_KDMC - CMS/select_20182019202020212022202'

2018-05-28 13:19:12 - [TEST_STEP][PASSED] - selectOptionByIndex: All options with index in [6] are selected on object 'Object Repository/GRN/Page_KDMC - CMS/select_JanFebMarAprMayJunJulAu'

2018-05-28 13:19:12 - [MESSAGE][PASSED] - All options with index in [6] are selected on object 'Object Repository/GRN/Page_KDMC - CMS/select_JanFebMarAprMayJunJulAu'

2018-05-28 13:19:12 - [TEST_STEP][PASSED] - click: Object: 'Object Repository/MOH AND GRN/Page_KDMC - CMS/a_12' is clicked on

2018-05-28 13:19:12 - [MESSAGE][PASSED] - Object: 'Object Repository/MOH AND GRN/Page_KDMC - CMS/a_12' is clicked on

2018-05-28 13:19:12 - [TEST_STEP][PASSED] - click: Object: 'Object Repository/MOH AND GRN/Page_KDMC - CMS/input_btnadd' is clicked on

2018-05-28 13:19:12 - [MESSAGE][PASSED] - Object: 'Object Repository/MOH AND GRN/Page_KDMC - CMS/input_btnadd' is clicked on

2018-05-28 13:19:12 - [TEST_STEP][PASSED] - Statement - If (s == 10): null

2018-05-28 13:19:12 - [TEST_STEP][PASSED] - Statement - Else: null

2018-05-28 13:19:12 - [TEST_STEP][PASSED] - Statement - (s++): null

2018-05-28 13:19:12 - [TEST_STEP][PASSED] - delay: Delayed 1 second(s)

2018-05-28 13:19:13 - [MESSAGE][PASSED] - Delayed 1 second(s)

2018-05-28 13:19:13 - [TEST_STEP][PASSED] - selectOptionByIndex: All options with index in [7] are selected on object 'Object Repository/MOH AND GRN/Page_KDMC - CMS/select_--Select--Amikacin -500'

2018-05-28 13:19:13 - [MESSAGE][PASSED] - All options with index in [7] are selected on object 'Object Repository/MOH AND GRN/Page_KDMC - CMS/select_--Select--Amikacin -500'

2018-05-28 13:19:13 - [TEST_STEP][PASSED] - setText: Text '5000' is set on object 'Object Repository/MOH AND GRN/Page_KDMC - CMS/input_txtqty'

2018-05-28 13:19:13 - [MESSAGE][PASSED] - Text '5000' is set on object 'Object Repository/MOH AND GRN/Page_KDMC - CMS/input_txtqty'

2018-05-28 13:19:13 - [TEST_STEP][PASSED] - selectOptionByIndex: All options with index in [1] are selected on object 'Object Repository/MOH AND GRN/Page_KDMC - CMS/select_--Select--No Tax0'

2018-05-28 13:19:13 - [MESSAGE][PASSED] - All options with index in [1] are selected on object 'Object Repository/MOH AND GRN/Page_KDMC - CMS/select_--Select--No Tax0'

2018-05-28 13:19:13 - [TEST_STEP][PASSED] - setText: Finding Test Object with id 'Object Repository/MOH AND GRN/Page_KDMC - CMS/input_txtmrp'

2018-05-28 13:19:13 - [TEST_STEP][PASSED] - Statement - switch (id): Finding Test Object with id 'Object Repository/MOH AND GRN/Page_KDMC - CMS/input_txtdeal'

2018-05-28 13:19:13 - [TEST_STEP][PASSED] - Statement - case 4:: Text '23.0' is set on object 'Object Repository/MOH AND GRN/Page_KDMC - CMS/input_txtmrp'

2018-05-28 13:19:13 - [TEST_STEP][PASSED] - Statement - return (java.lang.Math.floor((java.lang.Math.random() * ((max - min) + 1))) + min): Text '23.0' is set on object 'Object Repository/MOH AND GRN/Page_KDMC - CMS/input_txtmrp'

2018-05-28 13:19:13 - [MESSAGE][PASSED] - Text '23.0' is set on object 'Object Repository/MOH AND GRN/Page_KDMC - CMS/input_txtmrp'

2018-05-28 13:19:13 - [TEST_STEP][PASSED] - setText: Finding Test Object with id 'Object Repository/MOH AND GRN/Page_KDMC - CMS/input_txtdeal'

2018-05-28 13:19:13 - [TEST_STEP][PASSED] - Statement - switch (id): Finding Test Object with id 'Object Repository/MOH AND GRN/Page_KDMC - CMS/input_txtbatchno'

2018-05-28 13:19:13 - [TEST_STEP][PASSED] - Statement - case 5:: Text '8.0' is set on object 'Object Repository/MOH AND GRN/Page_KDMC - CMS/input_txtdeal'

2018-05-28 13:19:13 - [TEST_STEP][PASSED] - Statement - return (java.lang.Math.floor((java.lang.Math.random() * ((max - min) + 1))) + min): Text '8.0' is set on object 'Object Repository/MOH AND GRN/Page_KDMC - CMS/input_txtdeal'

2018-05-28 13:19:14 - [MESSAGE][PASSED] - Text '8.0' is set on object 'Object Repository/MOH AND GRN/Page_KDMC - CMS/input_txtdeal'

2018-05-28 13:19:14 - [TEST_STEP][PASSED] - setText: Finding Test Object with id 'Object Repository/MOH AND GRN/Page_KDMC - CMS/input_txtbatchno'

2018-05-28 13:19:14 - [TEST_STEP][PASSED] - Statement - switch (id): Finding Test Object with id 'Object Repository/MOH AND GRN/Page_KDMC - CMS/input_txtmrp'

2018-05-28 13:19:14 - [TEST_STEP][PASSED] - Statement - case 1:: Text 'BA986.0' is set on object 'Object Repository/MOH AND GRN/Page_KDMC - CMS/input_txtbatchno'

2018-05-28 13:19:14 - [TEST_STEP][PASSED] - Statement - return (java.lang.Math.floor((java.lang.Math.random() * ((max - min) + 1))) + min): Text 'BA986.0' is set on object 'Object Repository/MOH AND GRN/Page_KDMC - CMS/input_txtbatchno'

2018-05-28 13:19:14 - [MESSAGE][PASSED] - Text 'BA986.0' is set on object 'Object Repository/MOH AND GRN/Page_KDMC - CMS/input_txtbatchno'

2018-05-28 13:19:14 - [TEST_STEP][PASSED] - rightClick: Object: 'Object Repository/GRN/Page_KDMC - CMS/input_txtexpdate' is right clicked on

2018-05-28 13:19:14 - [MESSAGE][PASSED] - Object: 'Object Repository/GRN/Page_KDMC - CMS/input_txtexpdate' is right clicked on

2018-05-28 13:19:14 - [TEST_STEP][PASSED] - selectOptionByIndex: All options with index in [7] are selected on object 'Object Repository/GRN/Page_KDMC - CMS/select_20182019202020212022202'

2018-05-28 13:19:14 - [MESSAGE][PASSED] - All options with index in [7] are selected on object 'Object Repository/GRN/Page_KDMC - CMS/select_20182019202020212022202'

2018-05-28 13:19:14 - [TEST_STEP][PASSED] - selectOptionByIndex: All options with index in [7] are selected on object 'Object Repository/GRN/Page_KDMC - CMS/select_JanFebMarAprMayJunJulAu'

2018-05-28 13:19:14 - [MESSAGE][PASSED] - All options with index in [7] are selected on object 'Object Repository/GRN/Page_KDMC - CMS/select_JanFebMarAprMayJunJulAu'

2018-05-28 13:19:14 - [TEST_STEP][PASSED] - click: Object: 'Object Repository/MOH AND GRN/Page_KDMC - CMS/a_12' is clicked on

2018-05-28 13:19:14 - [MESSAGE][PASSED] - Object: 'Object Repository/MOH AND GRN/Page_KDMC - CMS/a_12' is clicked on

2018-05-28 13:19:14 - [TEST_STEP][PASSED] - click: Object: 'Object Repository/MOH AND GRN/Page_KDMC - CMS/input_btnadd' is clicked on

2018-05-28 13:19:14 - [MESSAGE][PASSED] - Object: 'Object Repository/MOH AND GRN/Page_KDMC - CMS/input_btnadd' is clicked on

2018-05-28 13:19:14 - [TEST_STEP][PASSED] - Statement - If (s == 10): null

2018-05-28 13:19:14 - [TEST_STEP][PASSED] - Statement - Else: null

2018-05-28 13:19:14 - [TEST_STEP][PASSED] - Statement - (s++): null

2018-05-28 13:19:14 - [TEST_STEP][PASSED] - delay: Delayed 1 second(s)

2018-05-28 13:19:15 - [MESSAGE][PASSED] - Delayed 1 second(s)

2018-05-28 13:19:15 - [TEST_STEP][PASSED] - selectOptionByIndex: All options with index in [8] are selected on object 'Object Repository/MOH AND GRN/Page_KDMC - CMS/select_--Select--Amikacin -500'

2018-05-28 13:19:16 - [MESSAGE][PASSED] - All options with index in [8] are selected on object 'Object Repository/MOH AND GRN/Page_KDMC - CMS/select_--Select--Amikacin -500'

2018-05-28 13:19:16 - [TEST_STEP][PASSED] - setText: Text '5000' is set on object 'Object Repository/MOH AND GRN/Page_KDMC - CMS/input_txtqty'

2018-05-28 13:19:16 - [MESSAGE][PASSED] - Text '5000' is set on object 'Object Repository/MOH AND GRN/Page_KDMC - CMS/input_txtqty'

2018-05-28 13:19:16 - [TEST_STEP][PASSED] - selectOptionByIndex: All options with index in [1] are selected on object 'Object Repository/MOH AND GRN/Page_KDMC - CMS/select_--Select--No Tax0'

2018-05-28 13:19:16 - [MESSAGE][PASSED] - All options with index in [1] are selected on object 'Object Repository/MOH AND GRN/Page_KDMC - CMS/select_--Select--No Tax0'

2018-05-28 13:19:16 - [TEST_STEP][PASSED] - setText: Finding Test Object with id 'Object Repository/MOH AND GRN/Page_KDMC - CMS/input_txtmrp'

2018-05-28 13:19:16 - [TEST_STEP][PASSED] - Statement - switch (id): Finding Test Object with id 'Object Repository/MOH AND GRN/Page_KDMC - CMS/input_txtdeal'

2018-05-28 13:19:16 - [TEST_STEP][PASSED] - Statement - case 4:: Text '21.0' is set on object 'Object Repository/MOH AND GRN/Page_KDMC - CMS/input_txtmrp'

2018-05-28 13:19:16 - [TEST_STEP][PASSED] - Statement - return (java.lang.Math.floor((java.lang.Math.random() * ((max - min) + 1))) + min): Text '21.0' is set on object 'Object Repository/MOH AND GRN/Page_KDMC - CMS/input_txtmrp'

2018-05-28 13:19:16 - [MESSAGE][PASSED] - Text '21.0' is set on object 'Object Repository/MOH AND GRN/Page_KDMC - CMS/input_txtmrp'

2018-05-28 13:19:16 - [TEST_STEP][PASSED] - setText: Finding Test Object with id 'Object Repository/MOH AND GRN/Page_KDMC - CMS/input_txtdeal'

2018-05-28 13:19:16 - [TEST_STEP][PASSED] - Statement - switch (id): Finding Test Object with id 'Object Repository/MOH AND GRN/Page_KDMC - CMS/input_txtbatchno'

2018-05-28 13:19:16 - [TEST_STEP][PASSED] - Statement - case 5:: Text '7.0' is set on object 'Object Repository/MOH AND GRN/Page_KDMC - CMS/input_txtdeal'

2018-05-28 13:19:16 - [TEST_STEP][PASSED] - Statement - return (java.lang.Math.floor((java.lang.Math.random() * ((max - min) + 1))) + min): Text '7.0' is set on object 'Object Repository/MOH AND GRN/Page_KDMC - CMS/input_txtdeal'

2018-05-28 13:19:16 - [MESSAGE][PASSED] - Text '7.0' is set on object 'Object Repository/MOH AND GRN/Page_KDMC - CMS/input_txtdeal'

2018-05-28 13:19:16 - [TEST_STEP][PASSED] - setText: Finding Test Object with id 'Object Repository/MOH AND GRN/Page_KDMC - CMS/input_txtbatchno'

2018-05-28 13:19:16 - [TEST_STEP][PASSED] - Statement - switch (id): Finding Test Object with id 'Object Repository/MOH AND GRN/Page_KDMC - CMS/input_txtmrp'

2018-05-28 13:19:16 - [TEST_STEP][PASSED] - Statement - case 1:: Text 'BA752.0' is set on object 'Object Repository/MOH AND GRN/Page_KDMC - CMS/input_txtbatchno'

2018-05-28 13:19:16 - [TEST_STEP][PASSED] - Statement - return (java.lang.Math.floor((java.lang.Math.random() * ((max - min) + 1))) + min): Text 'BA752.0' is set on object 'Object Repository/MOH AND GRN/Page_KDMC - CMS/input_txtbatchno'

2018-05-28 13:19:16 - [MESSAGE][PASSED] - Text 'BA752.0' is set on object 'Object Repository/MOH AND GRN/Page_KDMC - CMS/input_txtbatchno'

2018-05-28 13:19:16 - [TEST_STEP][PASSED] - rightClick: Object: 'Object Repository/GRN/Page_KDMC - CMS/input_txtexpdate' is right clicked on

2018-05-28 13:19:16 - [MESSAGE][PASSED] - Object: 'Object Repository/GRN/Page_KDMC - CMS/input_txtexpdate' is right clicked on

2018-05-28 13:19:16 - [TEST_STEP][PASSED] - selectOptionByIndex: All options with index in [8] are selected on object 'Object Repository/GRN/Page_KDMC - CMS/select_20182019202020212022202'

2018-05-28 13:19:16 - [MESSAGE][PASSED] - All options with index in [8] are selected on object 'Object Repository/GRN/Page_KDMC - CMS/select_20182019202020212022202'

2018-05-28 13:19:16 - [TEST_STEP][PASSED] - selectOptionByIndex: All options with index in [8] are selected on object 'Object Repository/GRN/Page_KDMC - CMS/select_JanFebMarAprMayJunJulAu'

2018-05-28 13:19:17 - [MESSAGE][PASSED] - All options with index in [8] are selected on object 'Object Repository/GRN/Page_KDMC - CMS/select_JanFebMarAprMayJunJulAu'

2018-05-28 13:19:17 - [TEST_STEP][PASSED] - click: Object: 'Object Repository/MOH AND GRN/Page_KDMC - CMS/a_12' is clicked on

2018-05-28 13:19:17 - [MESSAGE][PASSED] - Object: 'Object Repository/MOH AND GRN/Page_KDMC - CMS/a_12' is clicked on

2018-05-28 13:19:17 - [TEST_STEP][PASSED] - click: Object: 'Object Repository/MOH AND GRN/Page_KDMC - CMS/input_btnadd' is clicked on

2018-05-28 13:19:17 - [MESSAGE][PASSED] - Object: 'Object Repository/MOH AND GRN/Page_KDMC - CMS/input_btnadd' is clicked on

2018-05-28 13:19:17 - [TEST_STEP][PASSED] - Statement - If (s == 10): null

2018-05-28 13:19:17 - [TEST_STEP][PASSED] - Statement - Else: null

2018-05-28 13:19:17 - [TEST_STEP][PASSED] - Statement - (s++): null

2018-05-28 13:19:17 - [TEST_STEP][PASSED] - delay: Delayed 1 second(s)

2018-05-28 13:19:18 - [MESSAGE][PASSED] - Delayed 1 second(s)

2018-05-28 13:19:18 - [TEST_STEP][PASSED] - selectOptionByIndex: All options with index in [9] are selected on object 'Object Repository/MOH AND GRN/Page_KDMC - CMS/select_--Select--Amikacin -500'

2018-05-28 13:19:18 - [MESSAGE][PASSED] - All options with index in [9] are selected on object 'Object Repository/MOH AND GRN/Page_KDMC - CMS/select_--Select--Amikacin -500'

2018-05-28 13:19:18 - [TEST_STEP][PASSED] - setText: Text '5000' is set on object 'Object Repository/MOH AND GRN/Page_KDMC - CMS/input_txtqty'

2018-05-28 13:19:18 - [MESSAGE][PASSED] - Text '5000' is set on object 'Object Repository/MOH AND GRN/Page_KDMC - CMS/input_txtqty'

2018-05-28 13:19:18 - [TEST_STEP][PASSED] - selectOptionByIndex: All options with index in [1] are selected on object 'Object Repository/MOH AND GRN/Page_KDMC - CMS/select_--Select--No Tax0'

2018-05-28 13:19:18 - [MESSAGE][PASSED] - All options with index in [1] are selected on object 'Object Repository/MOH AND GRN/Page_KDMC - CMS/select_--Select--No Tax0'

2018-05-28 13:19:18 - [TEST_STEP][PASSED] - setText: Finding Test Object with id 'Object Repository/MOH AND GRN/Page_KDMC - CMS/input_txtmrp'

2018-05-28 13:19:18 - [TEST_STEP][PASSED] - Statement - switch (id): Finding Test Object with id 'Object Repository/MOH AND GRN/Page_KDMC - CMS/input_txtdeal'

2018-05-28 13:19:18 - [TEST_STEP][PASSED] - Statement - case 4:: Text '44.0' is set on object 'Object Repository/MOH AND GRN/Page_KDMC - CMS/input_txtmrp'

2018-05-28 13:19:18 - [TEST_STEP][PASSED] - Statement - return (java.lang.Math.floor((java.lang.Math.random() * ((max - min) + 1))) + min): Text '44.0' is set on object 'Object Repository/MOH AND GRN/Page_KDMC - CMS/input_txtmrp'

2018-05-28 13:19:18 - [MESSAGE][PASSED] - Text '44.0' is set on object 'Object Repository/MOH AND GRN/Page_KDMC - CMS/input_txtmrp'

2018-05-28 13:19:18 - [TEST_STEP][PASSED] - setText: Finding Test Object with id 'Object Repository/MOH AND GRN/Page_KDMC - CMS/input_txtdeal'

2018-05-28 13:19:18 - [TEST_STEP][PASSED] - Statement - switch (id): Finding Test Object with id 'Object Repository/MOH AND GRN/Page_KDMC - CMS/input_txtbatchno'

2018-05-28 13:19:18 - [TEST_STEP][PASSED] - Statement - case 5:: Text '9.0' is set on object 'Object Repository/MOH AND GRN/Page_KDMC - CMS/input_txtdeal'

2018-05-28 13:19:18 - [TEST_STEP][PASSED] - Statement - return (java.lang.Math.floor((java.lang.Math.random() * ((max - min) + 1))) + min): Text '9.0' is set on object 'Object Repository/MOH AND GRN/Page_KDMC - CMS/input_txtdeal'

2018-05-28 13:19:18 - [MESSAGE][PASSED] - Text '9.0' is set on object 'Object Repository/MOH AND GRN/Page_KDMC - CMS/input_txtdeal'

2018-05-28 13:19:18 - [TEST_STEP][PASSED] - setText: Finding Test Object with id 'Object Repository/MOH AND GRN/Page_KDMC - CMS/input_txtbatchno'

2018-05-28 13:19:18 - [TEST_STEP][PASSED] - Statement - switch (id): Finding Test Object with id 'Object Repository/MOH AND GRN/Page_KDMC - CMS/input_txtmrp'

2018-05-28 13:19:18 - [TEST_STEP][PASSED] - Statement - case 1:: Text 'BA664.0' is set on object 'Object Repository/MOH AND GRN/Page_KDMC - CMS/input_txtbatchno'

2018-05-28 13:19:18 - [TEST_STEP][PASSED] - Statement - return (java.lang.Math.floor((java.lang.Math.random() * ((max - min) + 1))) + min): Text 'BA664.0' is set on object 'Object Repository/MOH AND GRN/Page_KDMC - CMS/input_txtbatchno'

2018-05-28 13:19:19 - [MESSAGE][PASSED] - Text 'BA664.0' is set on object 'Object Repository/MOH AND GRN/Page_KDMC - CMS/input_txtbatchno'

2018-05-28 13:19:19 - [TEST_STEP][PASSED] - rightClick: Object: 'Object Repository/GRN/Page_KDMC - CMS/input_txtexpdate' is right clicked on

2018-05-28 13:19:19 - [MESSAGE][PASSED] - Object: 'Object Repository/GRN/Page_KDMC - CMS/input_txtexpdate' is right clicked on

2018-05-28 13:19:19 - [TEST_STEP][PASSED] - selectOptionByIndex: All options with index in [9] are selected on object 'Object Repository/GRN/Page_KDMC - CMS/select_20182019202020212022202'

2018-05-28 13:19:19 - [MESSAGE][PASSED] - All options with index in [9] are selected on object 'Object Repository/GRN/Page_KDMC - CMS/select_20182019202020212022202'

2018-05-28 13:19:19 - [TEST_STEP][PASSED] - selectOptionByIndex: All options with index in [9] are selected on object 'Object Repository/GRN/Page_KDMC - CMS/select_JanFebMarAprMayJunJulAu'

2018-05-28 13:19:19 - [MESSAGE][PASSED] - All options with index in [9] are selected on object 'Object Repository/GRN/Page_KDMC - CMS/select_JanFebMarAprMayJunJulAu'

2018-05-28 13:19:19 - [TEST_STEP][PASSED] - click: Object: 'Object Repository/MOH AND GRN/Page_KDMC - CMS/a_12' is clicked on

2018-05-28 13:19:19 - [MESSAGE][PASSED] - Object: 'Object Repository/MOH AND GRN/Page_KDMC - CMS/a_12' is clicked on

2018-05-28 13:19:19 - [TEST_STEP][PASSED] - click: Object: 'Object Repository/MOH AND GRN/Page_KDMC - CMS/input_btnadd' is clicked on

2018-05-28 13:19:19 - [MESSAGE][PASSED] - Object: 'Object Repository/MOH AND GRN/Page_KDMC - CMS/input_btnadd' is clicked on

2018-05-28 13:19:19 - [TEST_STEP][PASSED] - Statement - If (s == 10): null

2018-05-28 13:19:19 - [TEST_STEP][PASSED] - Statement - Else: null

2018-05-28 13:19:19 - [TEST_STEP][PASSED] - Statement - (s++): null

2018-05-28 13:19:19 - [TEST_STEP][PASSED] - delay: Delayed 1 second(s)

2018-05-28 13:19:20 - [MESSAGE][PASSED] - Delayed 1 second(s)

2018-05-28 13:19:20 - [TEST_STEP][PASSED] - selectOptionByIndex: All options with index in [10] are selected on object 'Object Repository/MOH AND GRN/Page_KDMC - CMS/select_--Select--Amikacin -500'

2018-05-28 13:19:21 - [MESSAGE][PASSED] - All options with index in [10] are selected on object 'Object Repository/MOH AND GRN/Page_KDMC - CMS/select_--Select--Amikacin -500'

2018-05-28 13:19:21 - [TEST_STEP][PASSED] - setText: Text '5000' is set on object 'Object Repository/MOH AND GRN/Page_KDMC - CMS/input_txtqty'

2018-05-28 13:19:21 - [MESSAGE][PASSED] - Text '5000' is set on object 'Object Repository/MOH AND GRN/Page_KDMC - CMS/input_txtqty'

2018-05-28 13:19:21 - [TEST_STEP][PASSED] - selectOptionByIndex: All options with index in [1] are selected on object 'Object Repository/MOH AND GRN/Page_KDMC - CMS/select_--Select--No Tax0'

2018-05-28 13:19:21 - [MESSAGE][PASSED] - All options with index in [1] are selected on object 'Object Repository/MOH AND GRN/Page_KDMC - CMS/select_--Select--No Tax0'

2018-05-28 13:19:21 - [TEST_STEP][PASSED] - setText: Finding Test Object with id 'Object Repository/MOH AND GRN/Page_KDMC - CMS/input_txtmrp'

2018-05-28 13:19:21 - [TEST_STEP][PASSED] - Statement - switch (id): Finding Test Object with id 'Object Repository/MOH AND GRN/Page_KDMC - CMS/input_txtdeal'

2018-05-28 13:19:21 - [TEST_STEP][PASSED] - Statement - case 4:: Text '32.0' is set on object 'Object Repository/MOH AND GRN/Page_KDMC - CMS/input_txtmrp'

2018-05-28 13:19:21 - [TEST_STEP][PASSED] - Statement - return (java.lang.Math.floor((java.lang.Math.random() * ((max - min) + 1))) + min): Text '32.0' is set on object 'Object Repository/MOH AND GRN/Page_KDMC - CMS/input_txtmrp'

2018-05-28 13:19:21 - [MESSAGE][PASSED] - Text '32.0' is set on object 'Object Repository/MOH AND GRN/Page_KDMC - CMS/input_txtmrp'

2018-05-28 13:19:21 - [TEST_STEP][PASSED] - setText: Finding Test Object with id 'Object Repository/MOH AND GRN/Page_KDMC - CMS/input_txtdeal'

2018-05-28 13:19:21 - [TEST_STEP][PASSED] - Statement - switch (id): Finding Test Object with id 'Object Repository/MOH AND GRN/Page_KDMC - CMS/input_txtbatchno'

2018-05-28 13:19:21 - [TEST_STEP][PASSED] - Statement - case 5:: Text '5.0' is set on object 'Object Repository/MOH AND GRN/Page_KDMC - CMS/input_txtdeal'

2018-05-28 13:19:21 - [TEST_STEP][PASSED] - Statement - return (java.lang.Math.floor((java.lang.Math.random() * ((max - min) + 1))) + min): Text '5.0' is set on object 'Object Repository/MOH AND GRN/Page_KDMC - CMS/input_txtdeal'

2018-05-28 13:19:21 - [MESSAGE][PASSED] - Text '5.0' is set on object 'Object Repository/MOH AND GRN/Page_KDMC - CMS/input_txtdeal'

2018-05-28 13:19:21 - [TEST_STEP][PASSED] - setText: Finding Test Object with id 'Object Repository/MOH AND GRN/Page_KDMC - CMS/input_txtbatchno'

2018-05-28 13:19:21 - [TEST_STEP][PASSED] - Statement - switch (id): Finding Test Object with id 'Object Repository/MOH AND GRN/Page_KDMC - CMS/input_txtmrp'

2018-05-28 13:19:21 - [TEST_STEP][PASSED] - Statement - case 1:: Text 'BA837.0' is set on object 'Object Repository/MOH AND GRN/Page_KDMC - CMS/input_txtbatchno'

2018-05-28 13:19:21 - [TEST_STEP][PASSED] - Statement - return (java.lang.Math.floor((java.lang.Math.random() * ((max - min) + 1))) + min): Text 'BA837.0' is set on object 'Object Repository/MOH AND GRN/Page_KDMC - CMS/input_txtbatchno'

2018-05-28 13:19:21 - [MESSAGE][PASSED] - Text 'BA837.0' is set on object 'Object Repository/MOH AND GRN/Page_KDMC - CMS/input_txtbatchno'

2018-05-28 13:19:21 - [TEST_STEP][PASSED] - rightClick: Object: 'Object Repository/GRN/Page_KDMC - CMS/input_txtexpdate' is right clicked on

2018-05-28 13:19:21 - [MESSAGE][PASSED] - Object: 'Object Repository/GRN/Page_KDMC - CMS/input_txtexpdate' is right clicked on

2018-05-28 13:19:21 - [TEST_STEP][PASSED] - selectOptionByIndex: All options with index in [10] are selected on object 'Object Repository/GRN/Page_KDMC - CMS/select_20182019202020212022202'

2018-05-28 13:19:21 - [MESSAGE][PASSED] - All options with index in [10] are selected on object 'Object Repository/GRN/Page_KDMC - CMS/select_20182019202020212022202'

2018-05-28 13:19:21 - [TEST_STEP][PASSED] - selectOptionByIndex: All options with index in [10] are selected on object 'Object Repository/GRN/Page_KDMC - CMS/select_JanFebMarAprMayJunJulAu'

2018-05-28 13:19:22 - [MESSAGE][PASSED] - All options with index in [10] are selected on object 'Object Repository/GRN/Page_KDMC - CMS/select_JanFebMarAprMayJunJulAu'

2018-05-28 13:19:22 - [TEST_STEP][PASSED] - click: Object: 'Object Repository/MOH AND GRN/Page_KDMC - CMS/a_12' is clicked on

2018-05-28 13:19:22 - [MESSAGE][PASSED] - Object: 'Object Repository/MOH AND GRN/Page_KDMC - CMS/a_12' is clicked on

2018-05-28 13:19:22 - [TEST_STEP][PASSED] - click: Object: 'Object Repository/MOH AND GRN/Page_KDMC - CMS/input_btnadd' is clicked on

2018-05-28 13:19:22 - [MESSAGE][PASSED] - Object: 'Object Repository/MOH AND GRN/Page_KDMC - CMS/input_btnadd' is clicked on

2018-05-28 13:19:22 - [TEST_STEP][PASSED] - Statement - If (s == 10): null

2018-05-28 13:19:22 - [TEST_STEP][PASSED] - Statement - s = 1: null

2018-05-28 13:19:22 - [TEST_STEP][PASSED] - delay: Delayed 1 second(s)

2018-05-28 13:19:23 - [MESSAGE][PASSED] - Delayed 1 second(s)

2018-05-28 13:19:23 - [TEST_STEP][PASSED] - selectOptionByIndex: All options with index in [11] are selected on object 'Object Repository/MOH AND GRN/Page_KDMC - CMS/select_--Select--Amikacin -500'

2018-05-28 13:19:23 - [MESSAGE][PASSED] - All options with index in [11] are selected on object 'Object Repository/MOH AND GRN/Page_KDMC - CMS/select_--Select--Amikacin -500'

2018-05-28 13:19:23 - [TEST_STEP][PASSED] - setText: Text '5000' is set on object 'Object Repository/MOH AND GRN/Page_KDMC - CMS/input_txtqty'

2018-05-28 13:19:23 - [MESSAGE][PASSED] - Text '5000' is set on object 'Object Repository/MOH AND GRN/Page_KDMC - CMS/input_txtqty'

2018-05-28 13:19:23 - [TEST_STEP][PASSED] - selectOptionByIndex: All options with index in [1] are selected on object 'Object Repository/MOH AND GRN/Page_KDMC - CMS/select_--Select--No Tax0'

2018-05-28 13:19:23 - [MESSAGE][PASSED] - All options with index in [1] are selected on object 'Object Repository/MOH AND GRN/Page_KDMC - CMS/select_--Select--No Tax0'

2018-05-28 13:19:23 - [TEST_STEP][PASSED] - setText: Finding Test Object with id 'Object Repository/MOH AND GRN/Page_KDMC - CMS/input_txtmrp'

2018-05-28 13:19:23 - [TEST_STEP][PASSED] - Statement - switch (id): Finding Test Object with id 'Object Repository/MOH AND GRN/Page_KDMC - CMS/input_txtdeal'

2018-05-28 13:19:23 - [TEST_STEP][PASSED] - Statement - case 4:: Text '19.0' is set on object 'Object Repository/MOH AND GRN/Page_KDMC - CMS/input_txtmrp'

2018-05-28 13:19:23 - [TEST_STEP][PASSED] - Statement - return (java.lang.Math.floor((java.lang.Math.random() * ((max - min) + 1))) + min): Text '19.0' is set on object 'Object Repository/MOH AND GRN/Page_KDMC - CMS/input_txtmrp'

2018-05-28 13:19:24 - [MESSAGE][PASSED] - Text '19.0' is set on object 'Object Repository/MOH AND GRN/Page_KDMC - CMS/input_txtmrp'

2018-05-28 13:19:24 - [TEST_STEP][PASSED] - setText: Finding Test Object with id 'Object Repository/MOH AND GRN/Page_KDMC - CMS/input_txtdeal'

2018-05-28 13:19:24 - [TEST_STEP][PASSED] - Statement - switch (id): Finding Test Object with id 'Object Repository/MOH AND GRN/Page_KDMC - CMS/input_txtbatchno'

2018-05-28 13:19:24 - [TEST_STEP][PASSED] - Statement - case 5:: Text '6.0' is set on object 'Object Repository/MOH AND GRN/Page_KDMC - CMS/input_txtdeal'

2018-05-28 13:19:24 - [TEST_STEP][PASSED] - Statement - return (java.lang.Math.floor((java.lang.Math.random() * ((max - min) + 1))) + min): Text '6.0' is set on object 'Object Repository/MOH AND GRN/Page_KDMC - CMS/input_txtdeal'

2018-05-28 13:19:24 - [MESSAGE][PASSED] - Text '6.0' is set on object 'Object Repository/MOH AND GRN/Page_KDMC - CMS/input_txtdeal'

2018-05-28 13:19:24 - [TEST_STEP][PASSED] - setText: Finding Test Object with id 'Object Repository/MOH AND GRN/Page_KDMC - CMS/input_txtbatchno'

2018-05-28 13:19:24 - [TEST_STEP][PASSED] - Statement - switch (id): Finding Test Object with id 'Object Repository/MOH AND GRN/Page_KDMC - CMS/input_txtmrp'

2018-05-28 13:19:24 - [TEST_STEP][PASSED] - Statement - case 1:: Text 'BA61.0' is set on object 'Object Repository/MOH AND GRN/Page_KDMC - CMS/input_txtbatchno'

2018-05-28 13:19:24 - [TEST_STEP][PASSED] - Statement - return (java.lang.Math.floor((java.lang.Math.random() * ((max - min) + 1))) + min): Text 'BA61.0' is set on object 'Object Repository/MOH AND GRN/Page_KDMC - CMS/input_txtbatchno'

2018-05-28 13:19:24 - [MESSAGE][PASSED] - Text 'BA61.0' is set on object 'Object Repository/MOH AND GRN/Page_KDMC - CMS/input_txtbatchno'

2018-05-28 13:19:24 - [TEST_STEP][PASSED] - rightClick: Object: 'Object Repository/GRN/Page_KDMC - CMS/input_txtexpdate' is right clicked on

2018-05-28 13:19:24 - [MESSAGE][PASSED] - Object: 'Object Repository/GRN/Page_KDMC - CMS/input_txtexpdate' is right clicked on

2018-05-28 13:19:24 - [TEST_STEP][PASSED] - selectOptionByIndex: All options with index in [1] are selected on object 'Object Repository/GRN/Page_KDMC - CMS/select_20182019202020212022202'

2018-05-28 13:19:24 - [MESSAGE][PASSED] - All options with index in [1] are selected on object 'Object Repository/GRN/Page_KDMC - CMS/select_20182019202020212022202'

2018-05-28 13:19:24 - [TEST_STEP][PASSED] - selectOptionByIndex: All options with index in [1] are selected on object 'Object Repository/GRN/Page_KDMC - CMS/select_JanFebMarAprMayJunJulAu'

2018-05-28 13:19:24 - [MESSAGE][PASSED] - All options with index in [1] are selected on object 'Object Repository/GRN/Page_KDMC - CMS/select_JanFebMarAprMayJunJulAu'

2018-05-28 13:19:24 - [TEST_STEP][PASSED] - click: Object: 'Object Repository/MOH AND GRN/Page_KDMC - CMS/a_12' is clicked on

2018-05-28 13:19:24 - [MESSAGE][PASSED] - Object: 'Object Repository/MOH AND GRN/Page_KDMC - CMS/a_12' is clicked on

2018-05-28 13:19:24 - [TEST_STEP][PASSED] - click: Object: 'Object Repository/MOH AND GRN/Page_KDMC - CMS/input_btnadd' is clicked on

2018-05-28 13:19:24 - [MESSAGE][PASSED] - Object: 'Object Repository/MOH AND GRN/Page_KDMC - CMS/input_btnadd' is clicked on

2018-05-28 13:19:24 - [TEST_STEP][PASSED] - Statement - If (s == 10): null

2018-05-28 13:19:24 - [TEST_STEP][PASSED] - Statement - Else: null

2018-05-28 13:19:24 - [TEST_STEP][PASSED] - Statement - (s++): null

2018-05-28 13:19:24 - [TEST_STEP][PASSED] - delay: Delayed 1 second(s)

2018-05-28 13:19:25 - [MESSAGE][PASSED] - Delayed 1 second(s)

2018-05-28 13:19:25 - [TEST_STEP][PASSED] - selectOptionByIndex: All options with index in [12] are selected on object 'Object Repository/MOH AND GRN/Page_KDMC - CMS/select_--Select--Amikacin -500'

2018-05-28 13:19:26 - [MESSAGE][PASSED] - All options with index in [12] are selected on object 'Object Repository/MOH AND GRN/Page_KDMC - CMS/select_--Select--Amikacin -500'

2018-05-28 13:19:26 - [TEST_STEP][PASSED] - setText: Text '5000' is set on object 'Object Repository/MOH AND GRN/Page_KDMC - CMS/input_txtqty'

2018-05-28 13:19:26 - [MESSAGE][PASSED] - Text '5000' is set on object 'Object Repository/MOH AND GRN/Page_KDMC - CMS/input_txtqty'

2018-05-28 13:19:26 - [TEST_STEP][PASSED] - selectOptionByIndex: All options with index in [1] are selected on object 'Object Repository/MOH AND GRN/Page_KDMC - CMS/select_--Select--No Tax0'

2018-05-28 13:19:26 - [MESSAGE][PASSED] - All options with index in [1] are selected on object 'Object Repository/MOH AND GRN/Page_KDMC - CMS/select_--Select--No Tax0'

2018-05-28 13:19:26 - [TEST_STEP][PASSED] - setText: Finding Test Object with id 'Object Repository/MOH AND GRN/Page_KDMC - CMS/input_txtmrp'

2018-05-28 13:19:26 - [TEST_STEP][PASSED] - Statement - switch (id): Finding Test Object with id 'Object Repository/MOH AND GRN/Page_KDMC - CMS/input_txtdeal'

2018-05-28 13:19:26 - [TEST_STEP][PASSED] - Statement - case 4:: Text '24.0' is set on object 'Object Repository/MOH AND GRN/Page_KDMC - CMS/input_txtmrp'

2018-05-28 13:19:26 - [TEST_STEP][PASSED] - Statement - return (java.lang.Math.floor((java.lang.Math.random() * ((max - min) + 1))) + min): Text '24.0' is set on object 'Object Repository/MOH AND GRN/Page_KDMC - CMS/input_txtmrp'

2018-05-28 13:19:26 - [MESSAGE][PASSED] - Text '24.0' is set on object 'Object Repository/MOH AND GRN/Page_KDMC - CMS/input_txtmrp'

2018-05-28 13:19:26 - [TEST_STEP][PASSED] - setText: Finding Test Object with id 'Object Repository/MOH AND GRN/Page_KDMC - CMS/input_txtdeal'

2018-05-28 13:19:26 - [TEST_STEP][PASSED] - Statement - switch (id): Finding Test Object with id 'Object Repository/MOH AND GRN/Page_KDMC - CMS/input_txtbatchno'

2018-05-28 13:19:26 - [TEST_STEP][PASSED] - Statement - case 5:: Text '3.0' is set on object 'Object Repository/MOH AND GRN/Page_KDMC - CMS/input_txtdeal'

2018-05-28 13:19:26 - [TEST_STEP][PASSED] - Statement - return (java.lang.Math.floor((java.lang.Math.random() * ((max - min) + 1))) + min): Text '3.0' is set on object 'Object Repository/MOH AND GRN/Page_KDMC - CMS/input_txtdeal'

2018-05-28 13:19:26 - [MESSAGE][PASSED] - Text '3.0' is set on object 'Object Repository/MOH AND GRN/Page_KDMC - CMS/input_txtdeal'

2018-05-28 13:19:26 - [TEST_STEP][PASSED] - setText: Finding Test Object with id 'Object Repository/MOH AND GRN/Page_KDMC - CMS/input_txtbatchno'

2018-05-28 13:19:26 - [TEST_STEP][PASSED] - Statement - switch (id): Finding Test Object with id 'Object Repository/MOH AND GRN/Page_KDMC - CMS/input_txtmrp'

2018-05-28 13:19:26 - [TEST_STEP][PASSED] - Statement - case 1:: Text 'BA455.0' is set on object 'Object Repository/MOH AND GRN/Page_KDMC - CMS/input_txtbatchno'

2018-05-28 13:19:26 - [TEST_STEP][PASSED] - Statement - return (java.lang.Math.floor((java.lang.Math.random() * ((max - min) + 1))) + min): Text 'BA455.0' is set on object 'Object Repository/MOH AND GRN/Page_KDMC - CMS/input_txtbatchno'

2018-05-28 13:19:26 - [MESSAGE][PASSED] - Text 'BA455.0' is set on object 'Object Repository/MOH AND GRN/Page_KDMC - CMS/input_txtbatchno'

2018-05-28 13:19:26 - [TEST_STEP][PASSED] - rightClick: Object: 'Object Repository/GRN/Page_KDMC - CMS/input_txtexpdate' is right clicked on

2018-05-28 13:19:26 - [MESSAGE][PASSED] - Object: 'Object Repository/GRN/Page_KDMC - CMS/input_txtexpdate' is right clicked on

2018-05-28 13:19:26 - [TEST_STEP][PASSED] - selectOptionByIndex: All options with index in [2] are selected on object 'Object Repository/GRN/Page_KDMC - CMS/select_20182019202020212022202'

2018-05-28 13:19:26 - [MESSAGE][PASSED] - All options with index in [2] are selected on object 'Object Repository/GRN/Page_KDMC - CMS/select_20182019202020212022202'

2018-05-28 13:19:26 - [TEST_STEP][PASSED] - selectOptionByIndex: All options with index in [2] are selected on object 'Object Repository/GRN/Page_KDMC - CMS/select_JanFebMarAprMayJunJulAu'

2018-05-28 13:19:27 - [MESSAGE][PASSED] - All options with index in [2] are selected on object 'Object Repository/GRN/Page_KDMC - CMS/select_JanFebMarAprMayJunJulAu'

2018-05-28 13:19:27 - [TEST_STEP][PASSED] - click: Object: 'Object Repository/MOH AND GRN/Page_KDMC - CMS/a_12' is clicked on

2018-05-28 13:19:27 - [MESSAGE][PASSED] - Object: 'Object Repository/MOH AND GRN/Page_KDMC - CMS/a_12' is clicked on

2018-05-28 13:19:27 - [TEST_STEP][PASSED] - click: Object: 'Object Repository/MOH AND GRN/Page_KDMC - CMS/input_btnadd' is clicked on

2018-05-28 13:19:27 - [MESSAGE][PASSED] - Object: 'Object Repository/MOH AND GRN/Page_KDMC - CMS/input_btnadd' is clicked on

2018-05-28 13:19:27 - [TEST_STEP][PASSED] - Statement - If (s == 10): null

2018-05-28 13:19:27 - [TEST_STEP][PASSED] - Statement - Else: null

2018-05-28 13:19:27 - [TEST_STEP][PASSED] - Statement - (s++): null

2018-05-28 13:19:27 - [TEST_STEP][PASSED] - delay: Delayed 1 second(s)

2018-05-28 13:19:28 - [MESSAGE][PASSED] - Delayed 1 second(s)

2018-05-28 13:19:28 - [TEST_STEP][PASSED] - selectOptionByIndex: All options with index in [13] are selected on object 'Object Repository/MOH AND GRN/Page_KDMC - CMS/select_--Select--Amikacin -500'

2018-05-28 13:19:28 - [MESSAGE][PASSED] - All options with index in [13] are selected on object 'Object Repository/MOH AND GRN/Page_KDMC - CMS/select_--Select--Amikacin -500'

2018-05-28 13:19:28 - [TEST_STEP][PASSED] - setText: Text '5000' is set on object 'Object Repository/MOH AND GRN/Page_KDMC - CMS/input_txtqty'

2018-05-28 13:19:28 - [MESSAGE][PASSED] - Text '5000' is set on object 'Object Repository/MOH AND GRN/Page_KDMC - CMS/input_txtqty'

2018-05-28 13:19:28 - [TEST_STEP][PASSED] - selectOptionByIndex: All options with index in [1] are selected on object 'Object Repository/MOH AND GRN/Page_KDMC - CMS/select_--Select--No Tax0'

2018-05-28 13:19:28 - [MESSAGE][PASSED] - All options with index in [1] are selected on object 'Object Repository/MOH AND GRN/Page_KDMC - CMS/select_--Select--No Tax0'

2018-05-28 13:19:28 - [TEST_STEP][PASSED] - setText: Finding Test Object with id 'Object Repository/MOH AND GRN/Page_KDMC - CMS/input_txtmrp'

2018-05-28 13:19:28 - [TEST_STEP][PASSED] - Statement - switch (id): Finding Test Object with id 'Object Repository/MOH AND GRN/Page_KDMC - CMS/input_txtdeal'

2018-05-28 13:19:28 - [TEST_STEP][PASSED] - Statement - case 4:: Text '39.0' is set on object 'Object Repository/MOH AND GRN/Page_KDMC - CMS/input_txtmrp'

2018-05-28 13:19:28 - [TEST_STEP][PASSED] - Statement - return (java.lang.Math.floor((java.lang.Math.random() * ((max - min) + 1))) + min): Text '39.0' is set on object 'Object Repository/MOH AND GRN/Page_KDMC - CMS/input_txtmrp'

2018-05-28 13:19:28 - [MESSAGE][PASSED] - Text '39.0' is set on object 'Object Repository/MOH AND GRN/Page_KDMC - CMS/input_txtmrp'

2018-05-28 13:19:28 - [TEST_STEP][PASSED] - setText: Finding Test Object with id 'Object Repository/MOH AND GRN/Page_KDMC - CMS/input_txtdeal'

2018-05-28 13:19:28 - [TEST_STEP][PASSED] - Statement - switch (id): Finding Test Object with id 'Object Repository/MOH AND GRN/Page_KDMC - CMS/input_txtbatchno'

2018-05-28 13:19:28 - [TEST_STEP][PASSED] - Statement - case 5:: Text '6.0' is set on object 'Object Repository/MOH AND GRN/Page_KDMC - CMS/input_txtdeal'

2018-05-28 13:19:28 - [TEST_STEP][PASSED] - Statement - return (java.lang.Math.floor((java.lang.Math.random() * ((max - min) + 1))) + min): Text '6.0' is set on object 'Object Repository/MOH AND GRN/Page_KDMC - CMS/input_txtdeal'

2018-05-28 13:19:28 - [MESSAGE][PASSED] - Text '6.0' is set on object 'Object Repository/MOH AND GRN/Page_KDMC - CMS/input_txtdeal'

2018-05-28 13:19:28 - [TEST_STEP][PASSED] - setText: Finding Test Object with id 'Object Repository/MOH AND GRN/Page_KDMC - CMS/input_txtbatchno'

2018-05-28 13:19:28 - [TEST_STEP][PASSED] - Statement - switch (id): Finding Test Object with id 'Object Repository/MOH AND GRN/Page_KDMC - CMS/input_txtmrp'

2018-05-28 13:19:28 - [TEST_STEP][PASSED] - Statement - case 1:: Text 'BA834.0' is set on object 'Object Repository/MOH AND GRN/Page_KDMC - CMS/input_txtbatchno'

2018-05-28 13:19:28 - [TEST_STEP][PASSED] - Statement - return (java.lang.Math.floor((java.lang.Math.random() * ((max - min) + 1))) + min): Text 'BA834.0' is set on object 'Object Repository/MOH AND GRN/Page_KDMC - CMS/input_txtbatchno'

2018-05-28 13:19:29 - [MESSAGE][PASSED] - Text 'BA834.0' is set on object 'Object Repository/MOH AND GRN/Page_KDMC - CMS/input_txtbatchno'

2018-05-28 13:19:29 - [TEST_STEP][PASSED] - rightClick: Object: 'Object Repository/GRN/Page_KDMC - CMS/input_txtexpdate' is right clicked on

2018-05-28 13:19:29 - [MESSAGE][PASSED] - Object: 'Object Repository/GRN/Page_KDMC - CMS/input_txtexpdate' is right clicked on

2018-05-28 13:19:29 - [TEST_STEP][PASSED] - selectOptionByIndex: All options with index in [3] are selected on object 'Object Repository/GRN/Page_KDMC - CMS/select_20182019202020212022202'

2018-05-28 13:19:29 - [MESSAGE][PASSED] - All options with index in [3] are selected on object 'Object Repository/GRN/Page_KDMC - CMS/select_20182019202020212022202'

2018-05-28 13:19:29 - [TEST_STEP][PASSED] - selectOptionByIndex: All options with index in [3] are selected on object 'Object Repository/GRN/Page_KDMC - CMS/select_JanFebMarAprMayJunJulAu'

2018-05-28 13:19:29 - [MESSAGE][PASSED] - All options with index in [3] are selected on object 'Object Repository/GRN/Page_KDMC - CMS/select_JanFebMarAprMayJunJulAu'

2018-05-28 13:19:29 - [TEST_STEP][PASSED] - click: Object: 'Object Repository/MOH AND GRN/Page_KDMC - CMS/a_12' is clicked on

2018-05-28 13:19:29 - [MESSAGE][PASSED] - Object: 'Object Repository/MOH AND GRN/Page_KDMC - CMS/a_12' is clicked on

2018-05-28 13:19:29 - [TEST_STEP][PASSED] - click: Object: 'Object Repository/MOH AND GRN/Page_KDMC - CMS/input_btnadd' is clicked on

2018-05-28 13:19:29 - [MESSAGE][PASSED] - Object: 'Object Repository/MOH AND GRN/Page_KDMC - CMS/input_btnadd' is clicked on

2018-05-28 13:19:29 - [TEST_STEP][PASSED] - Statement - If (s == 10): null

2018-05-28 13:19:29 - [TEST_STEP][PASSED] - Statement - Else: null

2018-05-28 13:19:29 - [TEST_STEP][PASSED] - Statement - (s++): null

2018-05-28 13:19:29 - [TEST_STEP][PASSED] - delay: Delayed 1 second(s)

2018-05-28 13:19:30 - [MESSAGE][PASSED] - Delayed 1 second(s)

2018-05-28 13:19:30 - [TEST_STEP][PASSED] - selectOptionByIndex: All options with index in [14] are selected on object 'Object Repository/MOH AND GRN/Page_KDMC - CMS/select_--Select--Amikacin -500'

2018-05-28 13:19:31 - [MESSAGE][PASSED] - All options with index in [14] are selected on object 'Object Repository/MOH AND GRN/Page_KDMC - CMS/select_--Select--Amikacin -500'

2018-05-28 13:19:31 - [TEST_STEP][PASSED] - setText: Text '5000' is set on object 'Object Repository/MOH AND GRN/Page_KDMC - CMS/input_txtqty'

2018-05-28 13:19:31 - [MESSAGE][PASSED] - Text '5000' is set on object 'Object Repository/MOH AND GRN/Page_KDMC - CMS/input_txtqty'

2018-05-28 13:19:31 - [TEST_STEP][PASSED] - selectOptionByIndex: All options with index in [1] are selected on object 'Object Repository/MOH AND GRN/Page_KDMC - CMS/select_--Select--No Tax0'

2018-05-28 13:19:31 - [MESSAGE][PASSED] - All options with index in [1] are selected on object 'Object Repository/MOH AND GRN/Page_KDMC - CMS/select_--Select--No Tax0'

2018-05-28 13:19:31 - [TEST_STEP][PASSED] - setText: Finding Test Object with id 'Object Repository/MOH AND GRN/Page_KDMC - CMS/input_txtmrp'

2018-05-28 13:19:31 - [TEST_STEP][PASSED] - Statement - switch (id): Finding Test Object with id 'Object Repository/MOH AND GRN/Page_KDMC - CMS/input_txtdeal'

2018-05-28 13:19:31 - [TEST_STEP][PASSED] - Statement - case 4:: Text '39.0' is set on object 'Object Repository/MOH AND GRN/Page_KDMC - CMS/input_txtmrp'

2018-05-28 13:19:31 - [TEST_STEP][PASSED] - Statement - return (java.lang.Math.floor((java.lang.Math.random() * ((max - min) + 1))) + min): Text '39.0' is set on object 'Object Repository/MOH AND GRN/Page_KDMC - CMS/input_txtmrp'

2018-05-28 13:19:31 - [MESSAGE][PASSED] - Text '39.0' is set on object 'Object Repository/MOH AND GRN/Page_KDMC - CMS/input_txtmrp'

2018-05-28 13:19:31 - [TEST_STEP][PASSED] - setText: Finding Test Object with id 'Object Repository/MOH AND GRN/Page_KDMC - CMS/input_txtdeal'

2018-05-28 13:19:31 - [TEST_STEP][PASSED] - Statement - switch (id): Finding Test Object with id 'Object Repository/MOH AND GRN/Page_KDMC - CMS/input_txtbatchno'

2018-05-28 13:19:31 - [TEST_STEP][PASSED] - Statement - case 5:: Text '2.0' is set on object 'Object Repository/MOH AND GRN/Page_KDMC - CMS/input_txtdeal'

2018-05-28 13:19:31 - [TEST_STEP][PASSED] - Statement - return (java.lang.Math.floor((java.lang.Math.random() * ((max - min) + 1))) + min): Text '2.0' is set on object 'Object Repository/MOH AND GRN/Page_KDMC - CMS/input_txtdeal'

2018-05-28 13:19:31 - [MESSAGE][PASSED] - Text '2.0' is set on object 'Object Repository/MOH AND GRN/Page_KDMC - CMS/input_txtdeal'

2018-05-28 13:19:31 - [TEST_STEP][PASSED] - setText: Finding Test Object with id 'Object Repository/MOH AND GRN/Page_KDMC - CMS/input_txtbatchno'

2018-05-28 13:19:31 - [TEST_STEP][PASSED] - Statement - switch (id): Finding Test Object with id 'Object Repository/MOH AND GRN/Page_KDMC - CMS/input_txtmrp'

2018-05-28 13:19:31 - [TEST_STEP][PASSED] - Statement - case 1:: Text 'BA691.0' is set on object 'Object Repository/MOH AND GRN/Page_KDMC - CMS/input_txtbatchno'

2018-05-28 13:19:31 - [TEST_STEP][PASSED] - Statement - return (java.lang.Math.floor((java.lang.Math.random() * ((max - min) + 1))) + min): Text 'BA691.0' is set on object 'Object Repository/MOH AND GRN/Page_KDMC - CMS/input_txtbatchno'

2018-05-28 13:19:31 - [MESSAGE][PASSED] - Text 'BA691.0' is set on object 'Object Repository/MOH AND GRN/Page_KDMC - CMS/input_txtbatchno'

2018-05-28 13:19:31 - [TEST_STEP][PASSED] - rightClick: Object: 'Object Repository/GRN/Page_KDMC - CMS/input_txtexpdate' is right clicked on

2018-05-28 13:19:31 - [MESSAGE][PASSED] - Object: 'Object Repository/GRN/Page_KDMC - CMS/input_txtexpdate' is right clicked on

2018-05-28 13:19:31 - [TEST_STEP][PASSED] - selectOptionByIndex: All options with index in [4] are selected on object 'Object Repository/GRN/Page_KDMC - CMS/select_20182019202020212022202'

2018-05-28 13:19:31 - [MESSAGE][PASSED] - All options with index in [4] are selected on object 'Object Repository/GRN/Page_KDMC - CMS/select_20182019202020212022202'

2018-05-28 13:19:31 - [TEST_STEP][PASSED] - selectOptionByIndex: All options with index in [4] are selected on object 'Object Repository/GRN/Page_KDMC - CMS/select_JanFebMarAprMayJunJulAu'

2018-05-28 13:19:32 - [MESSAGE][PASSED] - All options with index in [4] are selected on object 'Object Repository/GRN/Page_KDMC - CMS/select_JanFebMarAprMayJunJulAu'

2018-05-28 13:19:32 - [TEST_STEP][PASSED] - click: Object: 'Object Repository/MOH AND GRN/Page_KDMC - CMS/a_12' is clicked on

2018-05-28 13:19:32 - [MESSAGE][PASSED] - Object: 'Object Repository/MOH AND GRN/Page_KDMC - CMS/a_12' is clicked on

2018-05-28 13:19:32 - [TEST_STEP][PASSED] - click: Object: 'Object Repository/MOH AND GRN/Page_KDMC - CMS/input_btnadd' is clicked on

2018-05-28 13:19:32 - [MESSAGE][PASSED] - Object: 'Object Repository/MOH AND GRN/Page_KDMC - CMS/input_btnadd' is clicked on

2018-05-28 13:19:32 - [TEST_STEP][PASSED] - Statement - If (s == 10): null

2018-05-28 13:19:32 - [TEST_STEP][PASSED] - Statement - Else: null

2018-05-28 13:19:32 - [TEST_STEP][PASSED] - Statement - (s++): null

2018-05-28 13:19:32 - [TEST_STEP][PASSED] - delay: Delayed 1 second(s)

2018-05-28 13:19:33 - [MESSAGE][PASSED] - Delayed 1 second(s)

2018-05-28 13:19:33 - [TEST_STEP][PASSED] - selectOptionByIndex: All options with index in [15] are selected on object 'Object Repository/MOH AND GRN/Page_KDMC - CMS/select_--Select--Amikacin -500'

2018-05-28 13:19:33 - [MESSAGE][PASSED] - All options with index in [15] are selected on object 'Object Repository/MOH AND GRN/Page_KDMC - CMS/select_--Select--Amikacin -500'

2018-05-28 13:19:33 - [TEST_STEP][PASSED] - setText: Text '5000' is set on object 'Object Repository/MOH AND GRN/Page_KDMC - CMS/input_txtqty'

2018-05-28 13:19:33 - [MESSAGE][PASSED] - Text '5000' is set on object 'Object Repository/MOH AND GRN/Page_KDMC - CMS/input_txtqty'

2018-05-28 13:19:33 - [TEST_STEP][PASSED] - selectOptionByIndex: All options with index in [1] are selected on object 'Object Repository/MOH AND GRN/Page_KDMC - CMS/select_--Select--No Tax0'

2018-05-28 13:19:33 - [MESSAGE][PASSED] - All options with index in [1] are selected on object 'Object Repository/MOH AND GRN/Page_KDMC - CMS/select_--Select--No Tax0'

2018-05-28 13:19:33 - [TEST_STEP][PASSED] - setText: Finding Test Object with id 'Object Repository/MOH AND GRN/Page_KDMC - CMS/input_txtmrp'

2018-05-28 13:19:33 - [TEST_STEP][PASSED] - Statement - switch (id): Finding Test Object with id 'Object Repository/MOH AND GRN/Page_KDMC - CMS/input_txtdeal'

2018-05-28 13:19:33 - [TEST_STEP][PASSED] - Statement - case 4:: Text '34.0' is set on object 'Object Repository/MOH AND GRN/Page_KDMC - CMS/input_txtmrp'

2018-05-28 13:19:33 - [TEST_STEP][PASSED] - Statement - return (java.lang.Math.floor((java.lang.Math.random() * ((max - min) + 1))) + min): Text '34.0' is set on object 'Object Repository/MOH AND GRN/Page_KDMC - CMS/input_txtmrp'

2018-05-28 13:19:33 - [MESSAGE][PASSED] - Text '34.0' is set on object 'Object Repository/MOH AND GRN/Page_KDMC - CMS/input_txtmrp'

2018-05-28 13:19:33 - [TEST_STEP][PASSED] - setText: Finding Test Object with id 'Object Repository/MOH AND GRN/Page_KDMC - CMS/input_txtdeal'

2018-05-28 13:19:33 - [TEST_STEP][PASSED] - Statement - switch (id): Finding Test Object with id 'Object Repository/MOH AND GRN/Page_KDMC - CMS/input_txtbatchno'

2018-05-28 13:19:33 - [TEST_STEP][PASSED] - Statement - case 5:: Text '12.0' is set on object 'Object Repository/MOH AND GRN/Page_KDMC - CMS/input_txtdeal'

2018-05-28 13:19:33 - [TEST_STEP][PASSED] - Statement - return (java.lang.Math.floor((java.lang.Math.random() * ((max - min) + 1))) + min): Text '12.0' is set on object 'Object Repository/MOH AND GRN/Page_KDMC - CMS/input_txtdeal'

2018-05-28 13:19:33 - [MESSAGE][PASSED] - Text '12.0' is set on object 'Object Repository/MOH AND GRN/Page_KDMC - CMS/input_txtdeal'

2018-05-28 13:19:33 - [TEST_STEP][PASSED] - setText: Finding Test Object with id 'Object Repository/MOH AND GRN/Page_KDMC - CMS/input_txtbatchno'

2018-05-28 13:19:33 - [TEST_STEP][PASSED] - Statement - switch (id): Finding Test Object with id 'Object Repository/MOH AND GRN/Page_KDMC - CMS/input_txtmrp'

2018-05-28 13:19:33 - [TEST_STEP][PASSED] - Statement - case 1:: Text 'BA304.0' is set on object 'Object Repository/MOH AND GRN/Page_KDMC - CMS/input_txtbatchno'

2018-05-28 13:19:33 - [TEST_STEP][PASSED] - Statement - return (java.lang.Math.floor((java.lang.Math.random() * ((max - min) + 1))) + min): Text 'BA304.0' is set on object 'Object Repository/MOH AND GRN/Page_KDMC - CMS/input_txtbatchno'

2018-05-28 13:19:34 - [MESSAGE][PASSED] - Text 'BA304.0' is set on object 'Object Repository/MOH AND GRN/Page_KDMC - CMS/input_txtbatchno'

2018-05-28 13:19:34 - [TEST_STEP][PASSED] - rightClick: Object: 'Object Repository/GRN/Page_KDMC - CMS/input_txtexpdate' is right clicked on

2018-05-28 13:19:34 - [MESSAGE][PASSED] - Object: 'Object Repository/GRN/Page_KDMC - CMS/input_txtexpdate' is right clicked on

2018-05-28 13:19:34 - [TEST_STEP][PASSED] - selectOptionByIndex: All options with index in [5] are selected on object 'Object Repository/GRN/Page_KDMC - CMS/select_20182019202020212022202'

2018-05-28 13:19:34 - [MESSAGE][PASSED] - All options with index in [5] are selected on object 'Object Repository/GRN/Page_KDMC - CMS/select_20182019202020212022202'

2018-05-28 13:19:34 - [TEST_STEP][PASSED] - selectOptionByIndex: All options with index in [5] are selected on object 'Object Repository/GRN/Page_KDMC - CMS/select_JanFebMarAprMayJunJulAu'

2018-05-28 13:19:34 - [MESSAGE][PASSED] - All options with index in [5] are selected on object 'Object Repository/GRN/Page_KDMC - CMS/select_JanFebMarAprMayJunJulAu'

2018-05-28 13:19:34 - [TEST_STEP][PASSED] - click: Object: 'Object Repository/MOH AND GRN/Page_KDMC - CMS/a_12' is clicked on

2018-05-28 13:19:34 - [MESSAGE][PASSED] - Object: 'Object Repository/MOH AND GRN/Page_KDMC - CMS/a_12' is clicked on

2018-05-28 13:19:34 - [TEST_STEP][PASSED] - click: Object: 'Object Repository/MOH AND GRN/Page_KDMC - CMS/input_btnadd' is clicked on

2018-05-28 13:19:34 - [MESSAGE][PASSED] - Object: 'Object Repository/MOH AND GRN/Page_KDMC - CMS/input_btnadd' is clicked on

2018-05-28 13:19:34 - [TEST_STEP][PASSED] - Statement - If (s == 10): null

2018-05-28 13:19:34 - [TEST_STEP][PASSED] - Statement - Else: null

2018-05-28 13:19:34 - [TEST_STEP][PASSED] - Statement - (s++): null

2018-05-28 13:19:34 - [TEST_STEP][PASSED] - delay: Delayed 1 second(s)

2018-05-28 13:19:35 - [MESSAGE][PASSED] - Delayed 1 second(s)

2018-05-28 13:19:35 - [TEST_STEP][PASSED] - selectOptionByIndex: All options with index in [16] are selected on object 'Object Repository/MOH AND GRN/Page_KDMC - CMS/select_--Select--Amikacin -500'

2018-05-28 13:19:36 - [MESSAGE][PASSED] - All options with index in [16] are selected on object 'Object Repository/MOH AND GRN/Page_KDMC - CMS/select_--Select--Amikacin -500'

2018-05-28 13:19:36 - [TEST_STEP][PASSED] - setText: Text '5000' is set on object 'Object Repository/MOH AND GRN/Page_KDMC - CMS/input_txtqty'

2018-05-28 13:19:36 - [MESSAGE][PASSED] - Text '5000' is set on object 'Object Repository/MOH AND GRN/Page_KDMC - CMS/input_txtqty'

2018-05-28 13:19:36 - [TEST_STEP][PASSED] - selectOptionByIndex: All options with index in [1] are selected on object 'Object Repository/MOH AND GRN/Page_KDMC - CMS/select_--Select--No Tax0'

2018-05-28 13:19:36 - [MESSAGE][PASSED] - All options with index in [1] are selected on object 'Object Repository/MOH AND GRN/Page_KDMC - CMS/select_--Select--No Tax0'

2018-05-28 13:19:36 - [TEST_STEP][PASSED] - setText: Finding Test Object with id 'Object Repository/MOH AND GRN/Page_KDMC - CMS/input_txtmrp'

2018-05-28 13:19:36 - [TEST_STEP][PASSED] - Statement - switch (id): Finding Test Object with id 'Object Repository/MOH AND GRN/Page_KDMC - CMS/input_txtdeal'

2018-05-28 13:19:36 - [TEST_STEP][PASSED] - Statement - case 4:: Text '27.0' is set on object 'Object Repository/MOH AND GRN/Page_KDMC - CMS/input_txtmrp'

2018-05-28 13:19:36 - [TEST_STEP][PASSED] - Statement - return (java.lang.Math.floor((java.lang.Math.random() * ((max - min) + 1))) + min): Text '27.0' is set on object 'Object Repository/MOH AND GRN/Page_KDMC - CMS/input_txtmrp'

2018-05-28 13:19:36 - [MESSAGE][PASSED] - Text '27.0' is set on object 'Object Repository/MOH AND GRN/Page_KDMC - CMS/input_txtmrp'

2018-05-28 13:19:36 - [TEST_STEP][PASSED] - setText: Finding Test Object with id 'Object Repository/MOH AND GRN/Page_KDMC - CMS/input_txtdeal'

2018-05-28 13:19:36 - [TEST_STEP][PASSED] - Statement - switch (id): Finding Test Object with id 'Object Repository/MOH AND GRN/Page_KDMC - CMS/input_txtbatchno'

2018-05-28 13:19:36 - [TEST_STEP][PASSED] - Statement - case 5:: Text '5.0' is set on object 'Object Repository/MOH AND GRN/Page_KDMC - CMS/input_txtdeal'

2018-05-28 13:19:36 - [TEST_STEP][PASSED] - Statement - return (java.lang.Math.floor((java.lang.Math.random() * ((max - min) + 1))) + min): Text '5.0' is set on object 'Object Repository/MOH AND GRN/Page_KDMC - CMS/input_txtdeal'

2018-05-28 13:19:36 - [MESSAGE][PASSED] - Text '5.0' is set on object 'Object Repository/MOH AND GRN/Page_KDMC - CMS/input_txtdeal'

2018-05-28 13:19:36 - [TEST_STEP][PASSED] - setText: Finding Test Object with id 'Object Repository/MOH AND GRN/Page_KDMC - CMS/input_txtbatchno'

2018-05-28 13:19:36 - [TEST_STEP][PASSED] - Statement - switch (id): Finding Test Object with id 'Object Repository/MOH AND GRN/Page_KDMC - CMS/input_txtmrp'

2018-05-28 13:19:36 - [TEST_STEP][PASSED] - Statement - case 1:: Text 'BA278.0' is set on object 'Object Repository/MOH AND GRN/Page_KDMC - CMS/input_txtbatchno'

2018-05-28 13:19:36 - [TEST_STEP][PASSED] - Statement - return (java.lang.Math.floor((java.lang.Math.random() * ((max - min) + 1))) + min): Text 'BA278.0' is set on object 'Object Repository/MOH AND GRN/Page_KDMC - CMS/input_txtbatchno'

2018-05-28 13:19:36 - [MESSAGE][PASSED] - Text 'BA278.0' is set on object 'Object Repository/MOH AND GRN/Page_KDMC - CMS/input_txtbatchno'

2018-05-28 13:19:36 - [TEST_STEP][PASSED] - rightClick: Object: 'Object Repository/GRN/Page_KDMC - CMS/input_txtexpdate' is right clicked on

2018-05-28 13:19:36 - [MESSAGE][PASSED] - Object: 'Object Repository/GRN/Page_KDMC - CMS/input_txtexpdate' is right clicked on

2018-05-28 13:19:36 - [TEST_STEP][PASSED] - selectOptionByIndex: All options with index in [6] are selected on object 'Object Repository/GRN/Page_KDMC - CMS/select_20182019202020212022202'

2018-05-28 13:19:37 - [MESSAGE][PASSED] - All options with index in [6] are selected on object 'Object Repository/GRN/Page_KDMC - CMS/select_20182019202020212022202'

2018-05-28 13:19:37 - [TEST_STEP][PASSED] - selectOptionByIndex: All options with index in [6] are selected on object 'Object Repository/GRN/Page_KDMC - CMS/select_JanFebMarAprMayJunJulAu'

2018-05-28 13:19:37 - [MESSAGE][PASSED] - All options with index in [6] are selected on object 'Object Repository/GRN/Page_KDMC - CMS/select_JanFebMarAprMayJunJulAu'

2018-05-28 13:19:37 - [TEST_STEP][PASSED] - click: Object: 'Object Repository/MOH AND GRN/Page_KDMC - CMS/a_12' is clicked on

2018-05-28 13:19:37 - [MESSAGE][PASSED] - Object: 'Object Repository/MOH AND GRN/Page_KDMC - CMS/a_12' is clicked on

2018-05-28 13:19:37 - [TEST_STEP][PASSED] - click: Object: 'Object Repository/MOH AND GRN/Page_KDMC - CMS/input_btnadd' is clicked on

2018-05-28 13:19:37 - [MESSAGE][PASSED] - Object: 'Object Repository/MOH AND GRN/Page_KDMC - CMS/input_btnadd' is clicked on

2018-05-28 13:19:37 - [TEST_STEP][PASSED] - Statement - If (s == 10): null

2018-05-28 13:19:37 - [TEST_STEP][PASSED] - Statement - Else: null

2018-05-28 13:19:37 - [TEST_STEP][PASSED] - Statement - (s++): null

2018-05-28 13:19:37 - [TEST_STEP][PASSED] - delay: Delayed 1 second(s)

2018-05-28 13:19:38 - [MESSAGE][PASSED] - Delayed 1 second(s)

2018-05-28 13:19:38 - [TEST_STEP][PASSED] - selectOptionByIndex: All options with index in [17] are selected on object 'Object Repository/MOH AND GRN/Page_KDMC - CMS/select_--Select--Amikacin -500'

2018-05-28 13:19:38 - [MESSAGE][PASSED] - All options with index in [17] are selected on object 'Object Repository/MOH AND GRN/Page_KDMC - CMS/select_--Select--Amikacin -500'

2018-05-28 13:19:38 - [TEST_STEP][PASSED] - setText: Text '5000' is set on object 'Object Repository/MOH AND GRN/Page_KDMC - CMS/input_txtqty'

2018-05-28 13:19:38 - [MESSAGE][PASSED] - Text '5000' is set on object 'Object Repository/MOH AND GRN/Page_KDMC - CMS/input_txtqty'

2018-05-28 13:19:38 - [TEST_STEP][PASSED] - selectOptionByIndex: All options with index in [1] are selected on object 'Object Repository/MOH AND GRN/Page_KDMC - CMS/select_--Select--No Tax0'

2018-05-28 13:19:38 - [MESSAGE][PASSED] - All options with index in [1] are selected on object 'Object Repository/MOH AND GRN/Page_KDMC - CMS/select_--Select--No Tax0'

2018-05-28 13:19:38 - [TEST_STEP][PASSED] - setText: Finding Test Object with id 'Object Repository/MOH AND GRN/Page_KDMC - CMS/input_txtmrp'

2018-05-28 13:19:38 - [TEST_STEP][PASSED] - Statement - switch (id): Finding Test Object with id 'Object Repository/MOH AND GRN/Page_KDMC - CMS/input_txtdeal'

2018-05-28 13:19:38 - [TEST_STEP][PASSED] - Statement - case 4:: Text '39.0' is set on object 'Object Repository/MOH AND GRN/Page_KDMC - CMS/input_txtmrp'

2018-05-28 13:19:38 - [TEST_STEP][PASSED] - Statement - return (java.lang.Math.floor((java.lang.Math.random() * ((max - min) + 1))) + min): Text '39.0' is set on object 'Object Repository/MOH AND GRN/Page_KDMC - CMS/input_txtmrp'

2018-05-28 13:19:39 - [MESSAGE][PASSED] - Text '39.0' is set on object 'Object Repository/MOH AND GRN/Page_KDMC - CMS/input_txtmrp'

2018-05-28 13:19:39 - [TEST_STEP][PASSED] - setText: Finding Test Object with id 'Object Repository/MOH AND GRN/Page_KDMC - CMS/input_txtdeal'

2018-05-28 13:19:39 - [TEST_STEP][PASSED] - Statement - switch (id): Finding Test Object with id 'Object Repository/MOH AND GRN/Page_KDMC - CMS/input_txtbatchno'

2018-05-28 13:19:39 - [TEST_STEP][PASSED] - Statement - case 5:: Text '2.0' is set on object 'Object Repository/MOH AND GRN/Page_KDMC - CMS/input_txtdeal'

2018-05-28 13:19:39 - [TEST_STEP][PASSED] - Statement - return (java.lang.Math.floor((java.lang.Math.random() * ((max - min) + 1))) + min): Text '2.0' is set on object 'Object Repository/MOH AND GRN/Page_KDMC - CMS/input_txtdeal'

2018-05-28 13:19:39 - [MESSAGE][PASSED] - Text '2.0' is set on object 'Object Repository/MOH AND GRN/Page_KDMC - CMS/input_txtdeal'

2018-05-28 13:19:39 - [TEST_STEP][PASSED] - setText: Finding Test Object with id 'Object Repository/MOH AND GRN/Page_KDMC - CMS/input_txtbatchno'

2018-05-28 13:19:39 - [TEST_STEP][PASSED] - Statement - switch (id): Finding Test Object with id 'Object Repository/MOH AND GRN/Page_KDMC - CMS/input_txtmrp'

2018-05-28 13:19:39 - [TEST_STEP][PASSED] - Statement - case 1:: Text 'BA377.0' is set on object 'Object Repository/MOH AND GRN/Page_KDMC - CMS/input_txtbatchno'

2018-05-28 13:19:39 - [TEST_STEP][PASSED] - Statement - return (java.lang.Math.floor((java.lang.Math.random() * ((max - min) + 1))) + min): Text 'BA377.0' is set on object 'Object Repository/MOH AND GRN/Page_KDMC - CMS/input_txtbatchno'

2018-05-28 13:19:39 - [MESSAGE][PASSED] - Text 'BA377.0' is set on object 'Object Repository/MOH AND GRN/Page_KDMC - CMS/input_txtbatchno'

2018-05-28 13:19:39 - [TEST_STEP][PASSED] - rightClick: Object: 'Object Repository/GRN/Page_KDMC - CMS/input_txtexpdate' is right clicked on

2018-05-28 13:19:39 - [MESSAGE][PASSED] - Object: 'Object Repository/GRN/Page_KDMC - CMS/input_txtexpdate' is right clicked on

2018-05-28 13:19:39 - [TEST_STEP][PASSED] - selectOptionByIndex: All options with index in [7] are selected on object 'Object Repository/GRN/Page_KDMC - CMS/select_20182019202020212022202'

2018-05-28 13:19:39 - [MESSAGE][PASSED] - All options with index in [7] are selected on object 'Object Repository/GRN/Page_KDMC - CMS/select_20182019202020212022202'

2018-05-28 13:19:39 - [TEST_STEP][PASSED] - selectOptionByIndex: All options with index in [7] are selected on object 'Object Repository/GRN/Page_KDMC - CMS/select_JanFebMarAprMayJunJulAu'

2018-05-28 13:19:39 - [MESSAGE][PASSED] - All options with index in [7] are selected on object 'Object Repository/GRN/Page_KDMC - CMS/select_JanFebMarAprMayJunJulAu'

2018-05-28 13:19:39 - [TEST_STEP][PASSED] - click: Object: 'Object Repository/MOH AND GRN/Page_KDMC - CMS/a_12' is clicked on

2018-05-28 13:19:39 - [MESSAGE][PASSED] - Object: 'Object Repository/MOH AND GRN/Page_KDMC - CMS/a_12' is clicked on

2018-05-28 13:19:39 - [TEST_STEP][PASSED] - click: Object: 'Object Repository/MOH AND GRN/Page_KDMC - CMS/input_btnadd' is clicked on

2018-05-28 13:19:39 - [MESSAGE][PASSED] - Object: 'Object Repository/MOH AND GRN/Page_KDMC - CMS/input_btnadd' is clicked on

2018-05-28 13:19:39 - [TEST_STEP][PASSED] - Statement - If (s == 10): null

2018-05-28 13:19:39 - [TEST_STEP][PASSED] - Statement - Else: null

2018-05-28 13:19:39 - [TEST_STEP][PASSED] - Statement - (s++): null

2018-05-28 13:19:39 - [TEST_STEP][PASSED] - delay: Delayed 1 second(s)

2018-05-28 13:19:40 - [MESSAGE][PASSED] - Delayed 1 second(s)

2018-05-28 13:19:40 - [TEST_STEP][PASSED] - selectOptionByIndex: All options with index in [18] are selected on object 'Object Repository/MOH AND GRN/Page_KDMC - CMS/select_--Select--Amikacin -500'

2018-05-28 13:19:41 - [MESSAGE][PASSED] - All options with index in [18] are selected on object 'Object Repository/MOH AND GRN/Page_KDMC - CMS/select_--Select--Amikacin -500'

2018-05-28 13:19:41 - [TEST_STEP][PASSED] - setText: Text '5000' is set on object 'Object Repository/MOH AND GRN/Page_KDMC - CMS/input_txtqty'

2018-05-28 13:19:41 - [MESSAGE][PASSED] - Text '5000' is set on object 'Object Repository/MOH AND GRN/Page_KDMC - CMS/input_txtqty'

2018-05-28 13:19:41 - [TEST_STEP][PASSED] - selectOptionByIndex: All options with index in [1] are selected on object 'Object Repository/MOH AND GRN/Page_KDMC - CMS/select_--Select--No Tax0'

2018-05-28 13:19:41 - [MESSAGE][PASSED] - All options with index in [1] are selected on object 'Object Repository/MOH AND GRN/Page_KDMC - CMS/select_--Select--No Tax0'

2018-05-28 13:19:41 - [TEST_STEP][PASSED] - setText: Finding Test Object with id 'Object Repository/MOH AND GRN/Page_KDMC - CMS/input_txtmrp'

2018-05-28 13:19:41 - [TEST_STEP][PASSED] - Statement - switch (id): Finding Test Object with id 'Object Repository/MOH AND GRN/Page_KDMC - CMS/input_txtdeal'

2018-05-28 13:19:41 - [TEST_STEP][PASSED] - Statement - case 4:: Text '22.0' is set on object 'Object Repository/MOH AND GRN/Page_KDMC - CMS/input_txtmrp'

2018-05-28 13:19:41 - [TEST_STEP][PASSED] - Statement - return (java.lang.Math.floor((java.lang.Math.random() * ((max - min) + 1))) + min): Text '22.0' is set on object 'Object Repository/MOH AND GRN/Page_KDMC - CMS/input_txtmrp'

2018-05-28 13:19:41 - [MESSAGE][PASSED] - Text '22.0' is set on object 'Object Repository/MOH AND GRN/Page_KDMC - CMS/input_txtmrp'

2018-05-28 13:19:41 - [TEST_STEP][PASSED] - setText: Finding Test Object with id 'Object Repository/MOH AND GRN/Page_KDMC - CMS/input_txtdeal'

2018-05-28 13:19:41 - [TEST_STEP][PASSED] - Statement - switch (id): Finding Test Object with id 'Object Repository/MOH AND GRN/Page_KDMC - CMS/input_txtbatchno'

2018-05-28 13:19:41 - [TEST_STEP][PASSED] - Statement - case 5:: Text '9.0' is set on object 'Object Repository/MOH AND GRN/Page_KDMC - CMS/input_txtdeal'

2018-05-28 13:19:41 - [TEST_STEP][PASSED] - Statement - return (java.lang.Math.floor((java.lang.Math.random() * ((max - min) + 1))) + min): Text '9.0' is set on object 'Object Repository/MOH AND GRN/Page_KDMC - CMS/input_txtdeal'

2018-05-28 13:19:41 - [MESSAGE][PASSED] - Text '9.0' is set on object 'Object Repository/MOH AND GRN/Page_KDMC - CMS/input_txtdeal'

2018-05-28 13:19:41 - [TEST_STEP][PASSED] - setText: Finding Test Object with id 'Object Repository/MOH AND GRN/Page_KDMC - CMS/input_txtbatchno'

2018-05-28 13:19:41 - [TEST_STEP][PASSED] - Statement - switch (id): Finding Test Object with id 'Object Repository/MOH AND GRN/Page_KDMC - CMS/input_txtmrp'

2018-05-28 13:19:41 - [TEST_STEP][PASSED] - Statement - case 1:: Text 'BA654.0' is set on object 'Object Repository/MOH AND GRN/Page_KDMC - CMS/input_txtbatchno'

2018-05-28 13:19:41 - [TEST_STEP][PASSED] - Statement - return (java.lang.Math.floor((java.lang.Math.random() * ((max - min) + 1))) + min): Text 'BA654.0' is set on object 'Object Repository/MOH AND GRN/Page_KDMC - CMS/input_txtbatchno'

2018-05-28 13:19:41 - [MESSAGE][PASSED] - Text 'BA654.0' is set on object 'Object Repository/MOH AND GRN/Page_KDMC - CMS/input_txtbatchno'

2018-05-28 13:19:41 - [TEST_STEP][PASSED] - rightClick: Object: 'Object Repository/GRN/Page_KDMC - CMS/input_txtexpdate' is right clicked on

2018-05-28 13:19:41 - [MESSAGE][PASSED] - Object: 'Object Repository/GRN/Page_KDMC - CMS/input_txtexpdate' is right clicked on

2018-05-28 13:19:41 - [TEST_STEP][PASSED] - selectOptionByIndex: All options with index in [8] are selected on object 'Object Repository/GRN/Page_KDMC - CMS/select_20182019202020212022202'

2018-05-28 13:19:42 - [MESSAGE][PASSED] - All options with index in [8] are selected on object 'Object Repository/GRN/Page_KDMC - CMS/select_20182019202020212022202'

2018-05-28 13:19:42 - [TEST_STEP][PASSED] - selectOptionByIndex: All options with index in [8] are selected on object 'Object Repository/GRN/Page_KDMC - CMS/select_JanFebMarAprMayJunJulAu'

2018-05-28 13:19:42 - [MESSAGE][PASSED] - All options with index in [8] are selected on object 'Object Repository/GRN/Page_KDMC - CMS/select_JanFebMarAprMayJunJulAu'

2018-05-28 13:19:42 - [TEST_STEP][PASSED] - click: Object: 'Object Repository/MOH AND GRN/Page_KDMC - CMS/a_12' is clicked on

2018-05-28 13:19:42 - [MESSAGE][PASSED] - Object: 'Object Repository/MOH AND GRN/Page_KDMC - CMS/a_12' is clicked on

2018-05-28 13:19:42 - [TEST_STEP][PASSED] - click: Object: 'Object Repository/MOH AND GRN/Page_KDMC - CMS/input_btnadd' is clicked on

2018-05-28 13:19:42 - [MESSAGE][PASSED] - Object: 'Object Repository/MOH AND GRN/Page_KDMC - CMS/input_btnadd' is clicked on

2018-05-28 13:19:42 - [TEST_STEP][PASSED] - Statement - If (s == 10): null

2018-05-28 13:19:42 - [TEST_STEP][PASSED] - Statement - Else: null

2018-05-28 13:19:42 - [TEST_STEP][PASSED] - Statement - (s++): null

2018-05-28 13:19:42 - [TEST_STEP][PASSED] - delay: Delayed 1 second(s)

2018-05-28 13:19:43 - [MESSAGE][PASSED] - Delayed 1 second(s)

2018-05-28 13:19:43 - [TEST_STEP][PASSED] - selectOptionByIndex: All options with index in [19] are selected on object 'Object Repository/MOH AND GRN/Page_KDMC - CMS/select_--Select--Amikacin -500'

2018-05-28 13:19:43 - [MESSAGE][PASSED] - All options with index in [19] are selected on object 'Object Repository/MOH AND GRN/Page_KDMC - CMS/select_--Select--Amikacin -500'

2018-05-28 13:19:43 - [TEST_STEP][PASSED] - setText: Text '5000' is set on object 'Object Repository/MOH AND GRN/Page_KDMC - CMS/input_txtqty'

2018-05-28 13:19:44 - [MESSAGE][PASSED] - Text '5000' is set on object 'Object Repository/MOH AND GRN/Page_KDMC - CMS/input_txtqty'

2018-05-28 13:19:44 - [TEST_STEP][PASSED] - selectOptionByIndex: All options with index in [1] are selected on object 'Object Repository/MOH AND GRN/Page_KDMC - CMS/select_--Select--No Tax0'

2018-05-28 13:19:44 - [MESSAGE][PASSED] - All options with index in [1] are selected on object 'Object Repository/MOH AND GRN/Page_KDMC - CMS/select_--Select--No Tax0'

2018-05-28 13:19:44 - [TEST_STEP][PASSED] - setText: Finding Test Object with id 'Object Repository/MOH AND GRN/Page_KDMC - CMS/input_txtmrp'

2018-05-28 13:19:44 - [TEST_STEP][PASSED] - Statement - switch (id): Finding Test Object with id 'Object Repository/MOH AND GRN/Page_KDMC - CMS/input_txtdeal'

2018-05-28 13:19:44 - [TEST_STEP][PASSED] - Statement - case 4:: Text '23.0' is set on object 'Object Repository/MOH AND GRN/Page_KDMC - CMS/input_txtmrp'

2018-05-28 13:19:44 - [TEST_STEP][PASSED] - Statement - return (java.lang.Math.floor((java.lang.Math.random() * ((max - min) + 1))) + min): Text '23.0' is set on object 'Object Repository/MOH AND GRN/Page_KDMC - CMS/input_txtmrp'

2018-05-28 13:19:44 - [MESSAGE][PASSED] - Text '23.0' is set on object 'Object Repository/MOH AND GRN/Page_KDMC - CMS/input_txtmrp'

2018-05-28 13:19:44 - [TEST_STEP][PASSED] - setText: Finding Test Object with id 'Object Repository/MOH AND GRN/Page_KDMC - CMS/input_txtdeal'

2018-05-28 13:19:44 - [TEST_STEP][PASSED] - Statement - switch (id): Finding Test Object with id 'Object Repository/MOH AND GRN/Page_KDMC - CMS/input_txtbatchno'

2018-05-28 13:19:44 - [TEST_STEP][PASSED] - Statement - case 5:: Text '3.0' is set on object 'Object Repository/MOH AND GRN/Page_KDMC - CMS/input_txtdeal'

2018-05-28 13:19:44 - [TEST_STEP][PASSED] - Statement - return (java.lang.Math.floor((java.lang.Math.random() * ((max - min) + 1))) + min): Text '3.0' is set on object 'Object Repository/MOH AND GRN/Page_KDMC - CMS/input_txtdeal'

2018-05-28 13:19:44 - [MESSAGE][PASSED] - Text '3.0' is set on object 'Object Repository/MOH AND GRN/Page_KDMC - CMS/input_txtdeal'

2018-05-28 13:19:44 - [TEST_STEP][PASSED] - setText: Finding Test Object with id 'Object Repository/MOH AND GRN/Page_KDMC - CMS/input_txtbatchno'

2018-05-28 13:19:44 - [TEST_STEP][PASSED] - Statement - switch (id): Finding Test Object with id 'Object Repository/MOH AND GRN/Page_KDMC - CMS/input_txtmrp'

2018-05-28 13:19:44 - [TEST_STEP][PASSED] - Statement - case 1:: Text 'BA792.0' is set on object 'Object Repository/MOH AND GRN/Page_KDMC - CMS/input_txtbatchno'

2018-05-28 13:19:44 - [TEST_STEP][PASSED] - Statement - return (java.lang.Math.floor((java.lang.Math.random() * ((max - min) + 1))) + min): Text 'BA792.0' is set on object 'Object Repository/MOH AND GRN/Page_KDMC - CMS/input_txtbatchno'

2018-05-28 13:19:44 - [MESSAGE][PASSED] - Text 'BA792.0' is set on object 'Object Repository/MOH AND GRN/Page_KDMC - CMS/input_txtbatchno'

2018-05-28 13:19:44 - [TEST_STEP][PASSED] - rightClick: Object: 'Object Repository/GRN/Page_KDMC - CMS/input_txtexpdate' is right clicked on

2018-05-28 13:19:44 - [MESSAGE][PASSED] - Object: 'Object Repository/GRN/Page_KDMC - CMS/input_txtexpdate' is right clicked on

2018-05-28 13:19:44 - [TEST_STEP][PASSED] - selectOptionByIndex: All options with index in [9] are selected on object 'Object Repository/GRN/Page_KDMC - CMS/select_20182019202020212022202'

2018-05-28 13:19:44 - [MESSAGE][PASSED] - All options with index in [9] are selected on object 'Object Repository/GRN/Page_KDMC - CMS/select_20182019202020212022202'

2018-05-28 13:19:44 - [TEST_STEP][PASSED] - selectOptionByIndex: All options with index in [9] are selected on object 'Object Repository/GRN/Page_KDMC - CMS/select_JanFebMarAprMayJunJulAu'

2018-05-28 13:19:44 - [MESSAGE][PASSED] - All options with index in [9] are selected on object 'Object Repository/GRN/Page_KDMC - CMS/select_JanFebMarAprMayJunJulAu'

2018-05-28 13:19:44 - [TEST_STEP][PASSED] - click: Object: 'Object Repository/MOH AND GRN/Page_KDMC - CMS/a_12' is clicked on

2018-05-28 13:19:45 - [MESSAGE][PASSED] - Object: 'Object Repository/MOH AND GRN/Page_KDMC - CMS/a_12' is clicked on

2018-05-28 13:19:45 - [TEST_STEP][PASSED] - click: Object: 'Object Repository/MOH AND GRN/Page_KDMC - CMS/input_btnadd' is clicked on

2018-05-28 13:19:45 - [MESSAGE][PASSED] - Object: 'Object Repository/MOH AND GRN/Page_KDMC - CMS/input_btnadd' is clicked on

2018-05-28 13:19:45 - [TEST_STEP][PASSED] - Statement - If (s == 10): null

2018-05-28 13:19:45 - [TEST_STEP][PASSED] - Statement - Else: null

2018-05-28 13:19:45 - [TEST_STEP][PASSED] - Statement - (s++): null

2018-05-28 13:19:45 - [TEST_STEP][PASSED] - delay: Delayed 1 second(s)

2018-05-28 13:19:46 - [MESSAGE][PASSED] - Delayed 1 second(s)

2018-05-28 13:19:46 - [TEST_STEP][PASSED] - selectOptionByIndex: All options with index in [20] are selected on object 'Object Repository/MOH AND GRN/Page_KDMC - CMS/select_--Select--Amikacin -500'

2018-05-28 13:19:46 - [MESSAGE][PASSED] - All options with index in [20] are selected on object 'Object Repository/MOH AND GRN/Page_KDMC - CMS/select_--Select--Amikacin -500'

2018-05-28 13:19:46 - [TEST_STEP][PASSED] - setText: Text '5000' is set on object 'Object Repository/MOH AND GRN/Page_KDMC - CMS/input_txtqty'

2018-05-28 13:19:46 - [MESSAGE][PASSED] - Text '5000' is set on object 'Object Repository/MOH AND GRN/Page_KDMC - CMS/input_txtqty'

2018-05-28 13:19:46 - [TEST_STEP][PASSED] - selectOptionByIndex: All options with index in [1] are selected on object 'Object Repository/MOH AND GRN/Page_KDMC - CMS/select_--Select--No Tax0'

2018-05-28 13:19:46 - [MESSAGE][PASSED] - All options with index in [1] are selected on object 'Object Repository/MOH AND GRN/Page_KDMC - CMS/select_--Select--No Tax0'

2018-05-28 13:19:46 - [TEST_STEP][PASSED] - setText: Finding Test Object with id 'Object Repository/MOH AND GRN/Page_KDMC - CMS/input_txtmrp'

2018-05-28 13:19:46 - [TEST_STEP][PASSED] - Statement - switch (id): Finding Test Object with id 'Object Repository/MOH AND GRN/Page_KDMC - CMS/input_txtdeal'

2018-05-28 13:19:46 - [TEST_STEP][PASSED] - Statement - case 4:: Text '40.0' is set on object 'Object Repository/MOH AND GRN/Page_KDMC - CMS/input_txtmrp'

2018-05-28 13:19:46 - [TEST_STEP][PASSED] - Statement - return (java.lang.Math.floor((java.lang.Math.random() * ((max - min) + 1))) + min): Text '40.0' is set on object 'Object Repository/MOH AND GRN/Page_KDMC - CMS/input_txtmrp'

2018-05-28 13:19:46 - [MESSAGE][PASSED] - Text '40.0' is set on object 'Object Repository/MOH AND GRN/Page_KDMC - CMS/input_txtmrp'

2018-05-28 13:19:46 - [TEST_STEP][PASSED] - setText: Finding Test Object with id 'Object Repository/MOH AND GRN/Page_KDMC - CMS/input_txtdeal'

2018-05-28 13:19:46 - [TEST_STEP][PASSED] - Statement - switch (id): Finding Test Object with id 'Object Repository/MOH AND GRN/Page_KDMC - CMS/input_txtbatchno'

2018-05-28 13:19:46 - [TEST_STEP][PASSED] - Statement - case 5:: Text '1.0' is set on object 'Object Repository/MOH AND GRN/Page_KDMC - CMS/input_txtdeal'

2018-05-28 13:19:46 - [TEST_STEP][PASSED] - Statement - return (java.lang.Math.floor((java.lang.Math.random() * ((max - min) + 1))) + min): Text '1.0' is set on object 'Object Repository/MOH AND GRN/Page_KDMC - CMS/input_txtdeal'

2018-05-28 13:19:46 - [MESSAGE][PASSED] - Text '1.0' is set on object 'Object Repository/MOH AND GRN/Page_KDMC - CMS/input_txtdeal'

2018-05-28 13:19:46 - [TEST_STEP][PASSED] - setText: Finding Test Object with id 'Object Repository/MOH AND GRN/Page_KDMC - CMS/input_txtbatchno'

2018-05-28 13:19:46 - [TEST_STEP][PASSED] - Statement - switch (id): Finding Test Object with id 'Object Repository/MOH AND GRN/Page_KDMC - CMS/input_txtmrp'

2018-05-28 13:19:46 - [TEST_STEP][PASSED] - Statement - case 1:: Text 'BA398.0' is set on object 'Object Repository/MOH AND GRN/Page_KDMC - CMS/input_txtbatchno'

2018-05-28 13:19:46 - [TEST_STEP][PASSED] - Statement - return (java.lang.Math.floor((java.lang.Math.random() * ((max - min) + 1))) + min): Text 'BA398.0' is set on object 'Object Repository/MOH AND GRN/Page_KDMC - CMS/input_txtbatchno'

2018-05-28 13:19:46 - [MESSAGE][PASSED] - Text 'BA398.0' is set on object 'Object Repository/MOH AND GRN/Page_KDMC - CMS/input_txtbatchno'

2018-05-28 13:19:46 - [TEST_STEP][PASSED] - rightClick: Object: 'Object Repository/GRN/Page_KDMC - CMS/input_txtexpdate' is right clicked on

2018-05-28 13:19:47 - [MESSAGE][PASSED] - Object: 'Object Repository/GRN/Page_KDMC - CMS/input_txtexpdate' is right clicked on

2018-05-28 13:19:47 - [TEST_STEP][PASSED] - selectOptionByIndex: All options with index in [10] are selected on object 'Object Repository/GRN/Page_KDMC - CMS/select_20182019202020212022202'

2018-05-28 13:19:47 - [MESSAGE][PASSED] - All options with index in [10] are selected on object 'Object Repository/GRN/Page_KDMC - CMS/select_20182019202020212022202'

2018-05-28 13:19:47 - [TEST_STEP][PASSED] - selectOptionByIndex: All options with index in [10] are selected on object 'Object Repository/GRN/Page_KDMC - CMS/select_JanFebMarAprMayJunJulAu'

2018-05-28 13:19:47 - [MESSAGE][PASSED] - All options with index in [10] are selected on object 'Object Repository/GRN/Page_KDMC - CMS/select_JanFebMarAprMayJunJulAu'

2018-05-28 13:19:47 - [TEST_STEP][PASSED] - click: Object: 'Object Repository/MOH AND GRN/Page_KDMC - CMS/a_12' is clicked on

2018-05-28 13:19:47 - [MESSAGE][PASSED] - Object: 'Object Repository/MOH AND GRN/Page_KDMC - CMS/a_12' is clicked on

2018-05-28 13:19:47 - [TEST_STEP][PASSED] - click: Object: 'Object Repository/MOH AND GRN/Page_KDMC - CMS/input_btnadd' is clicked on

2018-05-28 13:19:47 - [MESSAGE][PASSED] - Object: 'Object Repository/MOH AND GRN/Page_KDMC - CMS/input_btnadd' is clicked on

2018-05-28 13:19:47 - [TEST_STEP][PASSED] - Statement - If (s == 10): null

2018-05-28 13:19:47 - [TEST_STEP][PASSED] - Statement - s = 1: null

2018-05-28 13:19:47 - [TEST_STEP][PASSED] - delay: Delayed 1 second(s)

2018-05-28 13:19:48 - [MESSAGE][PASSED] - Delayed 1 second(s)

2018-05-28 13:19:48 - [TEST_STEP][PASSED] - selectOptionByIndex: All options with index in [21] are selected on object 'Object Repository/MOH AND GRN/Page_KDMC - CMS/select_--Select--Amikacin -500'

2018-05-28 13:19:49 - [MESSAGE][PASSED] - All options with index in [21] are selected on object 'Object Repository/MOH AND GRN/Page_KDMC - CMS/select_--Select--Amikacin -500'

2018-05-28 13:19:49 - [TEST_STEP][PASSED] - setText: Text '5000' is set on object 'Object Repository/MOH AND GRN/Page_KDMC - CMS/input_txtqty'

2018-05-28 13:19:49 - [MESSAGE][PASSED] - Text '5000' is set on object 'Object Repository/MOH AND GRN/Page_KDMC - CMS/input_txtqty'

2018-05-28 13:19:49 - [TEST_STEP][PASSED] - selectOptionByIndex: All options with index in [1] are selected on object 'Object Repository/MOH AND GRN/Page_KDMC - CMS/select_--Select--No Tax0'

2018-05-28 13:19:49 - [MESSAGE][PASSED] - All options with index in [1] are selected on object 'Object Repository/MOH AND GRN/Page_KDMC - CMS/select_--Select--No Tax0'

2018-05-28 13:19:49 - [TEST_STEP][PASSED] - setText: Finding Test Object with id 'Object Repository/MOH AND GRN/Page_KDMC - CMS/input_txtmrp'

2018-05-28 13:19:49 - [TEST_STEP][PASSED] - Statement - switch (id): Finding Test Object with id 'Object Repository/MOH AND GRN/Page_KDMC - CMS/input_txtdeal'

2018-05-28 13:19:49 - [TEST_STEP][PASSED] - Statement - case 4:: Text '40.0' is set on object 'Object Repository/MOH AND GRN/Page_KDMC - CMS/input_txtmrp'

2018-05-28 13:19:49 - [TEST_STEP][PASSED] - Statement - return (java.lang.Math.floor((java.lang.Math.random() * ((max - min) + 1))) + min): Text '40.0' is set on object 'Object Repository/MOH AND GRN/Page_KDMC - CMS/input_txtmrp'

2018-05-28 13:19:49 - [MESSAGE][PASSED] - Text '40.0' is set on object 'Object Repository/MOH AND GRN/Page_KDMC - CMS/input_txtmrp'

2018-05-28 13:19:49 - [TEST_STEP][PASSED] - setText: Finding Test Object with id 'Object Repository/MOH AND GRN/Page_KDMC - CMS/input_txtdeal'

2018-05-28 13:19:49 - [TEST_STEP][PASSED] - Statement - switch (id): Finding Test Object with id 'Object Repository/MOH AND GRN/Page_KDMC - CMS/input_txtbatchno'

2018-05-28 13:19:49 - [TEST_STEP][PASSED] - Statement - case 5:: Text '11.0' is set on object 'Object Repository/MOH AND GRN/Page_KDMC - CMS/input_txtdeal'

2018-05-28 13:19:49 - [TEST_STEP][PASSED] - Statement - return (java.lang.Math.floor((java.lang.Math.random() * ((max - min) + 1))) + min): Text '11.0' is set on object 'Object Repository/MOH AND GRN/Page_KDMC - CMS/input_txtdeal'

2018-05-28 13:19:49 - [MESSAGE][PASSED] - Text '11.0' is set on object 'Object Repository/MOH AND GRN/Page_KDMC - CMS/input_txtdeal'

2018-05-28 13:19:49 - [TEST_STEP][PASSED] - setText: Finding Test Object with id 'Object Repository/MOH AND GRN/Page_KDMC - CMS/input_txtbatchno'

2018-05-28 13:19:49 - [TEST_STEP][PASSED] - Statement - switch (id): Finding Test Object with id 'Object Repository/MOH AND GRN/Page_KDMC - CMS/input_txtmrp'

2018-05-28 13:19:49 - [TEST_STEP][PASSED] - Statement - case 1:: Text 'BA450.0' is set on object 'Object Repository/MOH AND GRN/Page_KDMC - CMS/input_txtbatchno'

2018-05-28 13:19:49 - [TEST_STEP][PASSED] - Statement - return (java.lang.Math.floor((java.lang.Math.random() * ((max - min) + 1))) + min): Text 'BA450.0' is set on object 'Object Repository/MOH AND GRN/Page_KDMC - CMS/input_txtbatchno'

2018-05-28 13:19:49 - [MESSAGE][PASSED] - Text 'BA450.0' is set on object 'Object Repository/MOH AND GRN/Page_KDMC - CMS/input_txtbatchno'

2018-05-28 13:19:49 - [TEST_STEP][PASSED] - rightClick: Object: 'Object Repository/GRN/Page_KDMC - CMS/input_txtexpdate' is right clicked on

2018-05-28 13:19:49 - [MESSAGE][PASSED] - Object: 'Object Repository/GRN/Page_KDMC - CMS/input_txtexpdate' is right clicked on

2018-05-28 13:19:49 - [TEST_STEP][PASSED] - selectOptionByIndex: All options with index in [1] are selected on object 'Object Repository/GRN/Page_KDMC - CMS/select_20182019202020212022202'

2018-05-28 13:19:50 - [MESSAGE][PASSED] - All options with index in [1] are selected on object 'Object Repository/GRN/Page_KDMC - CMS/select_20182019202020212022202'

2018-05-28 13:19:50 - [TEST_STEP][PASSED] - selectOptionByIndex: All options with index in [1] are selected on object 'Object Repository/GRN/Page_KDMC - CMS/select_JanFebMarAprMayJunJulAu'

2018-05-28 13:19:50 - [MESSAGE][PASSED] - All options with index in [1] are selected on object 'Object Repository/GRN/Page_KDMC - CMS/select_JanFebMarAprMayJunJulAu'

2018-05-28 13:19:50 - [TEST_STEP][PASSED] - click: Object: 'Object Repository/MOH AND GRN/Page_KDMC - CMS/a_12' is clicked on

2018-05-28 13:19:50 - [MESSAGE][PASSED] - Object: 'Object Repository/MOH AND GRN/Page_KDMC - CMS/a_12' is clicked on

2018-05-28 13:19:50 - [TEST_STEP][PASSED] - click: Object: 'Object Repository/MOH AND GRN/Page_KDMC - CMS/input_btnadd' is clicked on

2018-05-28 13:19:50 - [MESSAGE][PASSED] - Object: 'Object Repository/MOH AND GRN/Page_KDMC - CMS/input_btnadd' is clicked on

2018-05-28 13:19:50 - [TEST_STEP][PASSED] - Statement - If (s == 10): null

2018-05-28 13:19:50 - [TEST_STEP][PASSED] - Statement - Else: null

2018-05-28 13:19:50 - [TEST_STEP][PASSED] - Statement - (s++): null

2018-05-28 13:19:50 - [TEST_STEP][PASSED] - delay: Delayed 1 second(s)

2018-05-28 13:19:51 - [MESSAGE][PASSED] - Delayed 1 second(s)

2018-05-28 13:19:51 - [TEST_STEP][PASSED] - selectOptionByIndex: All options with index in [22] are selected on object 'Object Repository/MOH AND GRN/Page_KDMC - CMS/select_--Select--Amikacin -500'

2018-05-28 13:19:51 - [MESSAGE][PASSED] - All options with index in [22] are selected on object 'Object Repository/MOH AND GRN/Page_KDMC - CMS/select_--Select--Amikacin -500'

2018-05-28 13:19:51 - [TEST_STEP][PASSED] - setText: Text '5000' is set on object 'Object Repository/MOH AND GRN/Page_KDMC - CMS/input_txtqty'

2018-05-28 13:19:51 - [MESSAGE][PASSED] - Text '5000' is set on object 'Object Repository/MOH AND GRN/Page_KDMC - CMS/input_txtqty'

2018-05-28 13:19:51 - [TEST_STEP][PASSED] - selectOptionByIndex: All options with index in [1] are selected on object 'Object Repository/MOH AND GRN/Page_KDMC - CMS/select_--Select--No Tax0'

2018-05-28 13:19:51 - [MESSAGE][PASSED] - All options with index in [1] are selected on object 'Object Repository/MOH AND GRN/Page_KDMC - CMS/select_--Select--No Tax0'

2018-05-28 13:19:51 - [TEST_STEP][PASSED] - setText: Finding Test Object with id 'Object Repository/MOH AND GRN/Page_KDMC - CMS/input_txtmrp'

2018-05-28 13:19:51 - [TEST_STEP][PASSED] - Statement - switch (id): Finding Test Object with id 'Object Repository/MOH AND GRN/Page_KDMC - CMS/input_txtdeal'

2018-05-28 13:19:51 - [TEST_STEP][PASSED] - Statement - case 4:: Text '23.0' is set on object 'Object Repository/MOH AND GRN/Page_KDMC - CMS/input_txtmrp'

2018-05-28 13:19:51 - [TEST_STEP][PASSED] - Statement - return (java.lang.Math.floor((java.lang.Math.random() * ((max - min) + 1))) + min): Text '23.0' is set on object 'Object Repository/MOH AND GRN/Page_KDMC - CMS/input_txtmrp'

2018-05-28 13:19:51 - [MESSAGE][PASSED] - Text '23.0' is set on object 'Object Repository/MOH AND GRN/Page_KDMC - CMS/input_txtmrp'

2018-05-28 13:19:51 - [TEST_STEP][PASSED] - setText: Finding Test Object with id 'Object Repository/MOH AND GRN/Page_KDMC - CMS/input_txtdeal'

2018-05-28 13:19:51 - [TEST_STEP][PASSED] - Statement - switch (id): Finding Test Object with id 'Object Repository/MOH AND GRN/Page_KDMC - CMS/input_txtbatchno'

2018-05-28 13:19:51 - [TEST_STEP][PASSED] - Statement - case 5:: Text '12.0' is set on object 'Object Repository/MOH AND GRN/Page_KDMC - CMS/input_txtdeal'

2018-05-28 13:19:51 - [TEST_STEP][PASSED] - Statement - return (java.lang.Math.floor((java.lang.Math.random() * ((max - min) + 1))) + min): Text '12.0' is set on object 'Object Repository/MOH AND GRN/Page_KDMC - CMS/input_txtdeal'

2018-05-28 13:19:52 - [MESSAGE][PASSED] - Text '12.0' is set on object 'Object Repository/MOH AND GRN/Page_KDMC - CMS/input_txtdeal'

2018-05-28 13:19:52 - [TEST_STEP][PASSED] - setText: Finding Test Object with id 'Object Repository/MOH AND GRN/Page_KDMC - CMS/input_txtbatchno'

2018-05-28 13:19:52 - [TEST_STEP][PASSED] - Statement - switch (id): Finding Test Object with id 'Object Repository/MOH AND GRN/Page_KDMC - CMS/input_txtmrp'

2018-05-28 13:19:52 - [TEST_STEP][PASSED] - Statement - case 1:: Text 'BA356.0' is set on object 'Object Repository/MOH AND GRN/Page_KDMC - CMS/input_txtbatchno'

2018-05-28 13:19:52 - [TEST_STEP][PASSED] - Statement - return (java.lang.Math.floor((java.lang.Math.random() * ((max - min) + 1))) + min): Text 'BA356.0' is set on object 'Object Repository/MOH AND GRN/Page_KDMC - CMS/input_txtbatchno'

2018-05-28 13:19:52 - [MESSAGE][PASSED] - Text 'BA356.0' is set on object 'Object Repository/MOH AND GRN/Page_KDMC - CMS/input_txtbatchno'

2018-05-28 13:19:52 - [TEST_STEP][PASSED] - rightClick: Object: 'Object Repository/GRN/Page_KDMC - CMS/input_txtexpdate' is right clicked on

2018-05-28 13:19:52 - [MESSAGE][PASSED] - Object: 'Object Repository/GRN/Page_KDMC - CMS/input_txtexpdate' is right clicked on

2018-05-28 13:19:52 - [TEST_STEP][PASSED] - selectOptionByIndex: All options with index in [2] are selected on object 'Object Repository/GRN/Page_KDMC - CMS/select_20182019202020212022202'

2018-05-28 13:19:52 - [MESSAGE][PASSED] - All options with index in [2] are selected on object 'Object Repository/GRN/Page_KDMC - CMS/select_20182019202020212022202'

2018-05-28 13:19:52 - [TEST_STEP][PASSED] - selectOptionByIndex: All options with index in [2] are selected on object 'Object Repository/GRN/Page_KDMC - CMS/select_JanFebMarAprMayJunJulAu'

2018-05-28 13:19:52 - [MESSAGE][PASSED] - All options with index in [2] are selected on object 'Object Repository/GRN/Page_KDMC - CMS/select_JanFebMarAprMayJunJulAu'

2018-05-28 13:19:52 - [TEST_STEP][PASSED] - click: Object: 'Object Repository/MOH AND GRN/Page_KDMC - CMS/a_12' is clicked on

2018-05-28 13:19:52 - [MESSAGE][PASSED] - Object: 'Object Repository/MOH AND GRN/Page_KDMC - CMS/a_12' is clicked on

2018-05-28 13:19:52 - [TEST_STEP][PASSED] - click: Object: 'Object Repository/MOH AND GRN/Page_KDMC - CMS/input_btnadd' is clicked on

2018-05-28 13:19:52 - [MESSAGE][PASSED] - Object: 'Object Repository/MOH AND GRN/Page_KDMC - CMS/input_btnadd' is clicked on

2018-05-28 13:19:52 - [TEST_STEP][PASSED] - Statement - If (s == 10): null

2018-05-28 13:19:52 - [TEST_STEP][PASSED] - Statement - Else: null

2018-05-28 13:19:52 - [TEST_STEP][PASSED] - Statement - (s++): null

2018-05-28 13:19:52 - [TEST_STEP][PASSED] - delay: Delayed 1 second(s)

2018-05-28 13:19:53 - [MESSAGE][PASSED] - Delayed 1 second(s)

2018-05-28 13:19:53 - [TEST_STEP][PASSED] - selectOptionByIndex: All options with index in [23] are selected on object 'Object Repository/MOH AND GRN/Page_KDMC - CMS/select_--Select--Amikacin -500'

2018-05-28 13:19:54 - [MESSAGE][PASSED] - All options with index in [23] are selected on object 'Object Repository/MOH AND GRN/Page_KDMC - CMS/select_--Select--Amikacin -500'

2018-05-28 13:19:54 - [TEST_STEP][PASSED] - setText: Text '5000' is set on object 'Object Repository/MOH AND GRN/Page_KDMC - CMS/input_txtqty'

2018-05-28 13:19:54 - [MESSAGE][PASSED] - Text '5000' is set on object 'Object Repository/MOH AND GRN/Page_KDMC - CMS/input_txtqty'

2018-05-28 13:19:54 - [TEST_STEP][PASSED] - selectOptionByIndex: All options with index in [1] are selected on object 'Object Repository/MOH AND GRN/Page_KDMC - CMS/select_--Select--No Tax0'

2018-05-28 13:19:54 - [MESSAGE][PASSED] - All options with index in [1] are selected on object 'Object Repository/MOH AND GRN/Page_KDMC - CMS/select_--Select--No Tax0'

2018-05-28 13:19:54 - [TEST_STEP][PASSED] - setText: Finding Test Object with id 'Object Repository/MOH AND GRN/Page_KDMC - CMS/input_txtmrp'

2018-05-28 13:19:54 - [TEST_STEP][PASSED] - Statement - switch (id): Finding Test Object with id 'Object Repository/MOH AND GRN/Page_KDMC - CMS/input_txtdeal'

2018-05-28 13:19:54 - [TEST_STEP][PASSED] - Statement - case 4:: Text '20.0' is set on object 'Object Repository/MOH AND GRN/Page_KDMC - CMS/input_txtmrp'

2018-05-28 13:19:54 - [TEST_STEP][PASSED] - Statement - return (java.lang.Math.floor((java.lang.Math.random() * ((max - min) + 1))) + min): Text '20.0' is set on object 'Object Repository/MOH AND GRN/Page_KDMC - CMS/input_txtmrp'

2018-05-28 13:19:54 - [MESSAGE][PASSED] - Text '20.0' is set on object 'Object Repository/MOH AND GRN/Page_KDMC - CMS/input_txtmrp'

2018-05-28 13:19:54 - [TEST_STEP][PASSED] - setText: Finding Test Object with id 'Object Repository/MOH AND GRN/Page_KDMC - CMS/input_txtdeal'

2018-05-28 13:19:54 - [TEST_STEP][PASSED] - Statement - switch (id): Finding Test Object with id 'Object Repository/MOH AND GRN/Page_KDMC - CMS/input_txtbatchno'

2018-05-28 13:19:54 - [TEST_STEP][PASSED] - Statement - case 5:: Text '4.0' is set on object 'Object Repository/MOH AND GRN/Page_KDMC - CMS/input_txtdeal'

2018-05-28 13:19:54 - [TEST_STEP][PASSED] - Statement - return (java.lang.Math.floor((java.lang.Math.random() * ((max - min) + 1))) + min): Text '4.0' is set on object 'Object Repository/MOH AND GRN/Page_KDMC - CMS/input_txtdeal'

2018-05-28 13:19:54 - [MESSAGE][PASSED] - Text '4.0' is set on object 'Object Repository/MOH AND GRN/Page_KDMC - CMS/input_txtdeal'

2018-05-28 13:19:54 - [TEST_STEP][PASSED] - setText: Finding Test Object with id 'Object Repository/MOH AND GRN/Page_KDMC - CMS/input_txtbatchno'

2018-05-28 13:19:54 - [TEST_STEP][PASSED] - Statement - switch (id): Finding Test Object with id 'Object Repository/MOH AND GRN/Page_KDMC - CMS/input_txtmrp'

2018-05-28 13:19:54 - [TEST_STEP][PASSED] - Statement - case 1:: Text 'BA694.0' is set on object 'Object Repository/MOH AND GRN/Page_KDMC - CMS/input_txtbatchno'

2018-05-28 13:19:54 - [TEST_STEP][PASSED] - Statement - return (java.lang.Math.floor((java.lang.Math.random() * ((max - min) + 1))) + min): Text 'BA694.0' is set on object 'Object Repository/MOH AND GRN/Page_KDMC - CMS/input_txtbatchno'

2018-05-28 13:19:54 - [MESSAGE][PASSED] - Text 'BA694.0' is set on object 'Object Repository/MOH AND GRN/Page_KDMC - CMS/input_txtbatchno'

2018-05-28 13:19:54 - [TEST_STEP][PASSED] - rightClick: Object: 'Object Repository/GRN/Page_KDMC - CMS/input_txtexpdate' is right clicked on

2018-05-28 13:19:54 - [MESSAGE][PASSED] - Object: 'Object Repository/GRN/Page_KDMC - CMS/input_txtexpdate' is right clicked on

2018-05-28 13:19:54 - [TEST_STEP][PASSED] - selectOptionByIndex: All options with index in [3] are selected on object 'Object Repository/GRN/Page_KDMC - CMS/select_20182019202020212022202'

2018-05-28 13:19:55 - [MESSAGE][PASSED] - All options with index in [3] are selected on object 'Object Repository/GRN/Page_KDMC - CMS/select_20182019202020212022202'

2018-05-28 13:19:55 - [TEST_STEP][PASSED] - selectOptionByIndex: All options with index in [3] are selected on object 'Object Repository/GRN/Page_KDMC - CMS/select_JanFebMarAprMayJunJulAu'

2018-05-28 13:19:55 - [MESSAGE][PASSED] - All options with index in [3] are selected on object 'Object Repository/GRN/Page_KDMC - CMS/select_JanFebMarAprMayJunJulAu'

2018-05-28 13:19:55 - [TEST_STEP][PASSED] - click: Object: 'Object Repository/MOH AND GRN/Page_KDMC - CMS/a_12' is clicked on

2018-05-28 13:19:55 - [MESSAGE][PASSED] - Object: 'Object Repository/MOH AND GRN/Page_KDMC - CMS/a_12' is clicked on

2018-05-28 13:19:55 - [TEST_STEP][PASSED] - click: Object: 'Object Repository/MOH AND GRN/Page_KDMC - CMS/input_btnadd' is clicked on

2018-05-28 13:19:55 - [MESSAGE][PASSED] - Object: 'Object Repository/MOH AND GRN/Page_KDMC - CMS/input_btnadd' is clicked on

2018-05-28 13:19:55 - [TEST_STEP][PASSED] - Statement - If (s == 10): null

2018-05-28 13:19:55 - [TEST_STEP][PASSED] - Statement - Else: null

2018-05-28 13:19:55 - [TEST_STEP][PASSED] - Statement - (s++): null

2018-05-28 13:19:55 - [TEST_STEP][PASSED] - delay: Delayed 1 second(s)

2018-05-28 13:19:56 - [MESSAGE][PASSED] - Delayed 1 second(s)

2018-05-28 13:19:56 - [TEST_STEP][PASSED] - selectOptionByIndex: All options with index in [24] are selected on object 'Object Repository/MOH AND GRN/Page_KDMC - CMS/select_--Select--Amikacin -500'

2018-05-28 13:19:56 - [MESSAGE][PASSED] - All options with index in [24] are selected on object 'Object Repository/MOH AND GRN/Page_KDMC - CMS/select_--Select--Amikacin -500'

2018-05-28 13:19:56 - [TEST_STEP][PASSED] - setText: Text '5000' is set on object 'Object Repository/MOH AND GRN/Page_KDMC - CMS/input_txtqty'

2018-05-28 13:19:56 - [MESSAGE][PASSED] - Text '5000' is set on object 'Object Repository/MOH AND GRN/Page_KDMC - CMS/input_txtqty'

2018-05-28 13:19:56 - [TEST_STEP][PASSED] - selectOptionByIndex: All options with index in [1] are selected on object 'Object Repository/MOH AND GRN/Page_KDMC - CMS/select_--Select--No Tax0'

2018-05-28 13:19:57 - [MESSAGE][PASSED] - All options with index in [1] are selected on object 'Object Repository/MOH AND GRN/Page_KDMC - CMS/select_--Select--No Tax0'

2018-05-28 13:19:57 - [TEST_STEP][PASSED] - setText: Finding Test Object with id 'Object Repository/MOH AND GRN/Page_KDMC - CMS/input_txtmrp'

2018-05-28 13:19:57 - [TEST_STEP][PASSED] - Statement - switch (id): Finding Test Object with id 'Object Repository/MOH AND GRN/Page_KDMC - CMS/input_txtdeal'

2018-05-28 13:19:57 - [TEST_STEP][PASSED] - Statement - case 4:: Text '25.0' is set on object 'Object Repository/MOH AND GRN/Page_KDMC - CMS/input_txtmrp'

2018-05-28 13:19:57 - [TEST_STEP][PASSED] - Statement - return (java.lang.Math.floor((java.lang.Math.random() * ((max - min) + 1))) + min): Text '25.0' is set on object 'Object Repository/MOH AND GRN/Page_KDMC - CMS/input_txtmrp'

2018-05-28 13:19:57 - [MESSAGE][PASSED] - Text '25.0' is set on object 'Object Repository/MOH AND GRN/Page_KDMC - CMS/input_txtmrp'

2018-05-28 13:19:57 - [TEST_STEP][PASSED] - setText: Finding Test Object with id 'Object Repository/MOH AND GRN/Page_KDMC - CMS/input_txtdeal'

2018-05-28 13:19:57 - [TEST_STEP][PASSED] - Statement - switch (id): Finding Test Object with id 'Object Repository/MOH AND GRN/Page_KDMC - CMS/input_txtbatchno'

2018-05-28 13:19:57 - [TEST_STEP][PASSED] - Statement - case 5:: Text '1.0' is set on object 'Object Repository/MOH AND GRN/Page_KDMC - CMS/input_txtdeal'

2018-05-28 13:19:57 - [TEST_STEP][PASSED] - Statement - return (java.lang.Math.floor((java.lang.Math.random() * ((max - min) + 1))) + min): Text '1.0' is set on object 'Object Repository/MOH AND GRN/Page_KDMC - CMS/input_txtdeal'

2018-05-28 13:19:57 - [MESSAGE][PASSED] - Text '1.0' is set on object 'Object Repository/MOH AND GRN/Page_KDMC - CMS/input_txtdeal'

2018-05-28 13:19:57 - [TEST_STEP][PASSED] - setText: Finding Test Object with id 'Object Repository/MOH AND GRN/Page_KDMC - CMS/input_txtbatchno'

2018-05-28 13:19:57 - [TEST_STEP][PASSED] - Statement - switch (id): Finding Test Object with id 'Object Repository/MOH AND GRN/Page_KDMC - CMS/input_txtmrp'

2018-05-28 13:19:57 - [TEST_STEP][PASSED] - Statement - case 1:: Text 'BA670.0' is set on object 'Object Repository/MOH AND GRN/Page_KDMC - CMS/input_txtbatchno'

2018-05-28 13:19:57 - [TEST_STEP][PASSED] - Statement - return (java.lang.Math.floor((java.lang.Math.random() * ((max - min) + 1))) + min): Text 'BA670.0' is set on object 'Object Repository/MOH AND GRN/Page_KDMC - CMS/input_txtbatchno'

2018-05-28 13:19:57 - [MESSAGE][PASSED] - Text 'BA670.0' is set on object 'Object Repository/MOH AND GRN/Page_KDMC - CMS/input_txtbatchno'

2018-05-28 13:19:57 - [TEST_STEP][PASSED] - rightClick: Object: 'Object Repository/GRN/Page_KDMC - CMS/input_txtexpdate' is right clicked on

2018-05-28 13:19:57 - [MESSAGE][PASSED] - Object: 'Object Repository/GRN/Page_KDMC - CMS/input_txtexpdate' is right clicked on

2018-05-28 13:19:57 - [TEST_STEP][PASSED] - selectOptionByIndex: All options with index in [4] are selected on object 'Object Repository/GRN/Page_KDMC - CMS/select_20182019202020212022202'

2018-05-28 13:19:57 - [MESSAGE][PASSED] - All options with index in [4] are selected on object 'Object Repository/GRN/Page_KDMC - CMS/select_20182019202020212022202'

2018-05-28 13:19:57 - [TEST_STEP][PASSED] - selectOptionByIndex: All options with index in [4] are selected on object 'Object Repository/GRN/Page_KDMC - CMS/select_JanFebMarAprMayJunJulAu'

2018-05-28 13:19:57 - [MESSAGE][PASSED] - All options with index in [4] are selected on object 'Object Repository/GRN/Page_KDMC - CMS/select_JanFebMarAprMayJunJulAu'

2018-05-28 13:19:57 - [TEST_STEP][PASSED] - click: Object: 'Object Repository/MOH AND GRN/Page_KDMC - CMS/a_12' is clicked on

2018-05-28 13:19:57 - [MESSAGE][PASSED] - Object: 'Object Repository/MOH AND GRN/Page_KDMC - CMS/a_12' is clicked on

2018-05-28 13:19:57 - [TEST_STEP][PASSED] - click: Object: 'Object Repository/MOH AND GRN/Page_KDMC - CMS/input_btnadd' is clicked on

2018-05-28 13:19:57 - [MESSAGE][PASSED] - Object: 'Object Repository/MOH AND GRN/Page_KDMC - CMS/input_btnadd' is clicked on

2018-05-28 13:19:57 - [TEST_STEP][PASSED] - Statement - If (s == 10): null

2018-05-28 13:19:57 - [TEST_STEP][PASSED] - Statement - Else: null

2018-05-28 13:19:57 - [TEST_STEP][PASSED] - Statement - (s++): null

2018-05-28 13:19:57 - [TEST_STEP][PASSED] - delay: Delayed 1 second(s)

2018-05-28 13:19:58 - [MESSAGE][PASSED] - Delayed 1 second(s)

2018-05-28 13:19:58 - [TEST_STEP][PASSED] - selectOptionByIndex: All options with index in [25] are selected on object 'Object Repository/MOH AND GRN/Page_KDMC - CMS/select_--Select--Amikacin -500'

2018-05-28 13:19:59 - [MESSAGE][PASSED] - All options with index in [25] are selected on object 'Object Repository/MOH AND GRN/Page_KDMC - CMS/select_--Select--Amikacin -500'

2018-05-28 13:19:59 - [TEST_STEP][PASSED] - setText: Text '5000' is set on object 'Object Repository/MOH AND GRN/Page_KDMC - CMS/input_txtqty'

2018-05-28 13:19:59 - [MESSAGE][PASSED] - Text '5000' is set on object 'Object Repository/MOH AND GRN/Page_KDMC - CMS/input_txtqty'

2018-05-28 13:19:59 - [TEST_STEP][PASSED] - selectOptionByIndex: All options with index in [1] are selected on object 'Object Repository/MOH AND GRN/Page_KDMC - CMS/select_--Select--No Tax0'

2018-05-28 13:19:59 - [MESSAGE][PASSED] - All options with index in [1] are selected on object 'Object Repository/MOH AND GRN/Page_KDMC - CMS/select_--Select--No Tax0'

2018-05-28 13:19:59 - [TEST_STEP][PASSED] - setText: Finding Test Object with id 'Object Repository/MOH AND GRN/Page_KDMC - CMS/input_txtmrp'

2018-05-28 13:19:59 - [TEST_STEP][PASSED] - Statement - switch (id): Finding Test Object with id 'Object Repository/MOH AND GRN/Page_KDMC - CMS/input_txtdeal'

2018-05-28 13:19:59 - [TEST_STEP][PASSED] - Statement - case 4:: Text '27.0' is set on object 'Object Repository/MOH AND GRN/Page_KDMC - CMS/input_txtmrp'

2018-05-28 13:19:59 - [TEST_STEP][PASSED] - Statement - return (java.lang.Math.floor((java.lang.Math.random() * ((max - min) + 1))) + min): Text '27.0' is set on object 'Object Repository/MOH AND GRN/Page_KDMC - CMS/input_txtmrp'

2018-05-28 13:19:59 - [MESSAGE][PASSED] - Text '27.0' is set on object 'Object Repository/MOH AND GRN/Page_KDMC - CMS/input_txtmrp'

2018-05-28 13:19:59 - [TEST_STEP][PASSED] - setText: Finding Test Object with id 'Object Repository/MOH AND GRN/Page_KDMC - CMS/input_txtdeal'

2018-05-28 13:19:59 - [TEST_STEP][PASSED] - Statement - switch (id): Finding Test Object with id 'Object Repository/MOH AND GRN/Page_KDMC - CMS/input_txtbatchno'

2018-05-28 13:19:59 - [TEST_STEP][PASSED] - Statement - case 5:: Text '5.0' is set on object 'Object Repository/MOH AND GRN/Page_KDMC - CMS/input_txtdeal'

2018-05-28 13:19:59 - [TEST_STEP][PASSED] - Statement - return (java.lang.Math.floor((java.lang.Math.random() * ((max - min) + 1))) + min): Text '5.0' is set on object 'Object Repository/MOH AND GRN/Page_KDMC - CMS/input_txtdeal'

2018-05-28 13:19:59 - [MESSAGE][PASSED] - Text '5.0' is set on object 'Object Repository/MOH AND GRN/Page_KDMC - CMS/input_txtdeal'

2018-05-28 13:19:59 - [TEST_STEP][PASSED] - setText: Finding Test Object with id 'Object Repository/MOH AND GRN/Page_KDMC - CMS/input_txtbatchno'

2018-05-28 13:19:59 - [TEST_STEP][PASSED] - Statement - switch (id): Finding Test Object with id 'Object Repository/MOH AND GRN/Page_KDMC - CMS/input_txtmrp'

2018-05-28 13:19:59 - [TEST_STEP][PASSED] - Statement - case 1:: Text 'BA376.0' is set on object 'Object Repository/MOH AND GRN/Page_KDMC - CMS/input_txtbatchno'

2018-05-28 13:19:59 - [TEST_STEP][PASSED] - Statement - return (java.lang.Math.floor((java.lang.Math.random() * ((max - min) + 1))) + min): Text 'BA376.0' is set on object 'Object Repository/MOH AND GRN/Page_KDMC - CMS/input_txtbatchno'

2018-05-28 13:19:59 - [MESSAGE][PASSED] - Text 'BA376.0' is set on object 'Object Repository/MOH AND GRN/Page_KDMC - CMS/input_txtbatchno'

2018-05-28 13:19:59 - [TEST_STEP][PASSED] - rightClick: Object: 'Object Repository/GRN/Page_KDMC - CMS/input_txtexpdate' is right clicked on

2018-05-28 13:19:59 - [MESSAGE][PASSED] - Object: 'Object Repository/GRN/Page_KDMC - CMS/input_txtexpdate' is right clicked on

2018-05-28 13:19:59 - [TEST_STEP][PASSED] - selectOptionByIndex: All options with index in [5] are selected on object 'Object Repository/GRN/Page_KDMC - CMS/select_20182019202020212022202'

2018-05-28 13:20:00 - [MESSAGE][PASSED] - All options with index in [5] are selected on object 'Object Repository/GRN/Page_KDMC - CMS/select_20182019202020212022202'

2018-05-28 13:20:00 - [TEST_STEP][PASSED] - selectOptionByIndex: All options with index in [5] are selected on object 'Object Repository/GRN/Page_KDMC - CMS/select_JanFebMarAprMayJunJulAu'

2018-05-28 13:20:00 - [MESSAGE][PASSED] - All options with index in [5] are selected on object 'Object Repository/GRN/Page_KDMC - CMS/select_JanFebMarAprMayJunJulAu'

2018-05-28 13:20:00 - [TEST_STEP][PASSED] - click: Object: 'Object Repository/MOH AND GRN/Page_KDMC - CMS/a_12' is clicked on

2018-05-28 13:20:00 - [MESSAGE][PASSED] - Object: 'Object Repository/MOH AND GRN/Page_KDMC - CMS/a_12' is clicked on

2018-05-28 13:20:00 - [TEST_STEP][PASSED] - click: Object: 'Object Repository/MOH AND GRN/Page_KDMC - CMS/input_btnadd' is clicked on

2018-05-28 13:20:00 - [MESSAGE][PASSED] - Object: 'Object Repository/MOH AND GRN/Page_KDMC - CMS/input_btnadd' is clicked on

2018-05-28 13:20:00 - [TEST_STEP][PASSED] - Statement - If (s == 10): null

2018-05-28 13:20:00 - [TEST_STEP][PASSED] - Statement - Else: null

2018-05-28 13:20:00 - [TEST_STEP][PASSED] - Statement - (s++): null

2018-05-28 13:20:00 - [TEST_STEP][PASSED] - delay: Delayed 1 second(s)

2018-05-28 13:20:01 - [MESSAGE][PASSED] - Delayed 1 second(s)

2018-05-28 13:20:01 - [TEST_STEP][PASSED] - selectOptionByIndex: All options with index in [26] are selected on object 'Object Repository/MOH AND GRN/Page_KDMC - CMS/select_--Select--Amikacin -500'

2018-05-28 13:20:02 - [MESSAGE][PASSED] - All options with index in [26] are selected on object 'Object Repository/MOH AND GRN/Page_KDMC - CMS/select_--Select--Amikacin -500'

2018-05-28 13:20:02 - [TEST_STEP][PASSED] - setText: Text '5000' is set on object 'Object Repository/MOH AND GRN/Page_KDMC - CMS/input_txtqty'

2018-05-28 13:20:02 - [MESSAGE][PASSED] - Text '5000' is set on object 'Object Repository/MOH AND GRN/Page_KDMC - CMS/input_txtqty'

2018-05-28 13:20:02 - [TEST_STEP][PASSED] - selectOptionByIndex: All options with index in [1] are selected on object 'Object Repository/MOH AND GRN/Page_KDMC - CMS/select_--Select--No Tax0'

2018-05-28 13:20:02 - [MESSAGE][PASSED] - All options with index in [1] are selected on object 'Object Repository/MOH AND GRN/Page_KDMC - CMS/select_--Select--No Tax0'

2018-05-28 13:20:02 - [TEST_STEP][PASSED] - setText: Finding Test Object with id 'Object Repository/MOH AND GRN/Page_KDMC - CMS/input_txtmrp'

2018-05-28 13:20:02 - [TEST_STEP][PASSED] - Statement - switch (id): Finding Test Object with id 'Object Repository/MOH AND GRN/Page_KDMC - CMS/input_txtdeal'

2018-05-28 13:20:02 - [TEST_STEP][PASSED] - Statement - case 4:: Text '26.0' is set on object 'Object Repository/MOH AND GRN/Page_KDMC - CMS/input_txtmrp'

2018-05-28 13:20:02 - [TEST_STEP][PASSED] - Statement - return (java.lang.Math.floor((java.lang.Math.random() * ((max - min) + 1))) + min): Text '26.0' is set on object 'Object Repository/MOH AND GRN/Page_KDMC - CMS/input_txtmrp'

2018-05-28 13:20:02 - [MESSAGE][PASSED] - Text '26.0' is set on object 'Object Repository/MOH AND GRN/Page_KDMC - CMS/input_txtmrp'

2018-05-28 13:20:02 - [TEST_STEP][PASSED] - setText: Finding Test Object with id 'Object Repository/MOH AND GRN/Page_KDMC - CMS/input_txtdeal'

2018-05-28 13:20:02 - [TEST_STEP][PASSED] - Statement - switch (id): Finding Test Object with id 'Object Repository/MOH AND GRN/Page_KDMC - CMS/input_txtbatchno'

2018-05-28 13:20:02 - [TEST_STEP][PASSED] - Statement - case 5:: Text '10.0' is set on object 'Object Repository/MOH AND GRN/Page_KDMC - CMS/input_txtdeal'

2018-05-28 13:20:02 - [TEST_STEP][PASSED] - Statement - return (java.lang.Math.floor((java.lang.Math.random() * ((max - min) + 1))) + min): Text '10.0' is set on object 'Object Repository/MOH AND GRN/Page_KDMC - CMS/input_txtdeal'

2018-05-28 13:20:02 - [MESSAGE][PASSED] - Text '10.0' is set on object 'Object Repository/MOH AND GRN/Page_KDMC - CMS/input_txtdeal'

2018-05-28 13:20:02 - [TEST_STEP][PASSED] - setText: Finding Test Object with id 'Object Repository/MOH AND GRN/Page_KDMC - CMS/input_txtbatchno'

2018-05-28 13:20:02 - [TEST_STEP][PASSED] - Statement - switch (id): Finding Test Object with id 'Object Repository/MOH AND GRN/Page_KDMC - CMS/input_txtmrp'

2018-05-28 13:20:02 - [TEST_STEP][PASSED] - Statement - case 1:: Text 'BA286.0' is set on object 'Object Repository/MOH AND GRN/Page_KDMC - CMS/input_txtbatchno'

2018-05-28 13:20:02 - [TEST_STEP][PASSED] - Statement - return (java.lang.Math.floor((java.lang.Math.random() * ((max - min) + 1))) + min): Text 'BA286.0' is set on object 'Object Repository/MOH AND GRN/Page_KDMC - CMS/input_txtbatchno'

2018-05-28 13:20:02 - [MESSAGE][PASSED] - Text 'BA286.0' is set on object 'Object Repository/MOH AND GRN/Page_KDMC - CMS/input_txtbatchno'

2018-05-28 13:20:02 - [TEST_STEP][PASSED] - rightClick: Object: 'Object Repository/GRN/Page_KDMC - CMS/input_txtexpdate' is right clicked on

2018-05-28 13:20:02 - [MESSAGE][PASSED] - Object: 'Object Repository/GRN/Page_KDMC - CMS/input_txtexpdate' is right clicked on

2018-05-28 13:20:02 - [TEST_STEP][PASSED] - selectOptionByIndex: All options with index in [6] are selected on object 'Object Repository/GRN/Page_KDMC - CMS/select_20182019202020212022202'

2018-05-28 13:20:02 - [MESSAGE][PASSED] - All options with index in [6] are selected on object 'Object Repository/GRN/Page_KDMC - CMS/select_20182019202020212022202'

2018-05-28 13:20:02 - [TEST_STEP][PASSED] - selectOptionByIndex: All options with index in [6] are selected on object 'Object Repository/GRN/Page_KDMC - CMS/select_JanFebMarAprMayJunJulAu'

2018-05-28 13:20:03 - [MESSAGE][PASSED] - All options with index in [6] are selected on object 'Object Repository/GRN/Page_KDMC - CMS/select_JanFebMarAprMayJunJulAu'

2018-05-28 13:20:03 - [TEST_STEP][PASSED] - click: Object: 'Object Repository/MOH AND GRN/Page_KDMC - CMS/a_12' is clicked on

2018-05-28 13:20:03 - [MESSAGE][PASSED] - Object: 'Object Repository/MOH AND GRN/Page_KDMC - CMS/a_12' is clicked on

2018-05-28 13:20:03 - [TEST_STEP][PASSED] - click: Object: 'Object Repository/MOH AND GRN/Page_KDMC - CMS/input_btnadd' is clicked on

2018-05-28 13:20:03 - [MESSAGE][PASSED] - Object: 'Object Repository/MOH AND GRN/Page_KDMC - CMS/input_btnadd' is clicked on

2018-05-28 13:20:03 - [TEST_STEP][PASSED] - Statement - If (s == 10): null

2018-05-28 13:20:03 - [TEST_STEP][PASSED] - Statement - Else: null

2018-05-28 13:20:03 - [TEST_STEP][PASSED] - Statement - (s++): null

2018-05-28 13:20:03 - [TEST_STEP][PASSED] - delay: Delayed 1 second(s)

2018-05-28 13:20:04 - [MESSAGE][PASSED] - Delayed 1 second(s)

2018-05-28 13:20:04 - [TEST_STEP][PASSED] - selectOptionByIndex: All options with index in [27] are selected on object 'Object Repository/MOH AND GRN/Page_KDMC - CMS/select_--Select--Amikacin -500'

2018-05-28 13:20:04 - [MESSAGE][PASSED] - All options with index in [27] are selected on object 'Object Repository/MOH AND GRN/Page_KDMC - CMS/select_--Select--Amikacin -500'

2018-05-28 13:20:04 - [TEST_STEP][PASSED] - setText: Text '5000' is set on object 'Object Repository/MOH AND GRN/Page_KDMC - CMS/input_txtqty'

2018-05-28 13:20:04 - [MESSAGE][PASSED] - Text '5000' is set on object 'Object Repository/MOH AND GRN/Page_KDMC - CMS/input_txtqty'

2018-05-28 13:20:04 - [TEST_STEP][PASSED] - selectOptionByIndex: All options with index in [1] are selected on object 'Object Repository/MOH AND GRN/Page_KDMC - CMS/select_--Select--No Tax0'

2018-05-28 13:20:04 - [MESSAGE][PASSED] - All options with index in [1] are selected on object 'Object Repository/MOH AND GRN/Page_KDMC - CMS/select_--Select--No Tax0'

2018-05-28 13:20:04 - [TEST_STEP][PASSED] - setText: Finding Test Object with id 'Object Repository/MOH AND GRN/Page_KDMC - CMS/input_txtmrp'

2018-05-28 13:20:04 - [TEST_STEP][PASSED] - Statement - switch (id): Finding Test Object with id 'Object Repository/MOH AND GRN/Page_KDMC - CMS/input_txtdeal'

2018-05-28 13:20:04 - [TEST_STEP][PASSED] - Statement - case 4:: Text '36.0' is set on object 'Object Repository/MOH AND GRN/Page_KDMC - CMS/input_txtmrp'

2018-05-28 13:20:04 - [TEST_STEP][PASSED] - Statement - return (java.lang.Math.floor((java.lang.Math.random() * ((max - min) + 1))) + min): Text '36.0' is set on object 'Object Repository/MOH AND GRN/Page_KDMC - CMS/input_txtmrp'

2018-05-28 13:20:05 - [MESSAGE][PASSED] - Text '36.0' is set on object 'Object Repository/MOH AND GRN/Page_KDMC - CMS/input_txtmrp'

2018-05-28 13:20:05 - [TEST_STEP][PASSED] - setText: Finding Test Object with id 'Object Repository/MOH AND GRN/Page_KDMC - CMS/input_txtdeal'

2018-05-28 13:20:05 - [TEST_STEP][PASSED] - Statement - switch (id): Finding Test Object with id 'Object Repository/MOH AND GRN/Page_KDMC - CMS/input_txtbatchno'

2018-05-28 13:20:05 - [TEST_STEP][PASSED] - Statement - case 5:: Text '6.0' is set on object 'Object Repository/MOH AND GRN/Page_KDMC - CMS/input_txtdeal'

2018-05-28 13:20:05 - [TEST_STEP][PASSED] - Statement - return (java.lang.Math.floor((java.lang.Math.random() * ((max - min) + 1))) + min): Text '6.0' is set on object 'Object Repository/MOH AND GRN/Page_KDMC - CMS/input_txtdeal'

2018-05-28 13:20:05 - [MESSAGE][PASSED] - Text '6.0' is set on object 'Object Repository/MOH AND GRN/Page_KDMC - CMS/input_txtdeal'

2018-05-28 13:20:05 - [TEST_STEP][PASSED] - setText: Finding Test Object with id 'Object Repository/MOH AND GRN/Page_KDMC - CMS/input_txtbatchno'

2018-05-28 13:20:05 - [TEST_STEP][PASSED] - Statement - switch (id): Finding Test Object with id 'Object Repository/MOH AND GRN/Page_KDMC - CMS/input_txtmrp'

2018-05-28 13:20:05 - [TEST_STEP][PASSED] - Statement - case 1:: Text 'BA811.0' is set on object 'Object Repository/MOH AND GRN/Page_KDMC - CMS/input_txtbatchno'

2018-05-28 13:20:05 - [TEST_STEP][PASSED] - Statement - return (java.lang.Math.floor((java.lang.Math.random() * ((max - min) + 1))) + min): Text 'BA811.0' is set on object 'Object Repository/MOH AND GRN/Page_KDMC - CMS/input_txtbatchno'

2018-05-28 13:20:05 - [MESSAGE][PASSED] - Text 'BA811.0' is set on object 'Object Repository/MOH AND GRN/Page_KDMC - CMS/input_txtbatchno'

2018-05-28 13:20:05 - [TEST_STEP][PASSED] - rightClick: Object: 'Object Repository/GRN/Page_KDMC - CMS/input_txtexpdate' is right clicked on

2018-05-28 13:20:05 - [MESSAGE][PASSED] - Object: 'Object Repository/GRN/Page_KDMC - CMS/input_txtexpdate' is right clicked on

2018-05-28 13:20:05 - [TEST_STEP][PASSED] - selectOptionByIndex: All options with index in [7] are selected on object 'Object Repository/GRN/Page_KDMC - CMS/select_20182019202020212022202'

2018-05-28 13:20:05 - [MESSAGE][PASSED] - All options with index in [7] are selected on object 'Object Repository/GRN/Page_KDMC - CMS/select_20182019202020212022202'

2018-05-28 13:20:05 - [TEST_STEP][PASSED] - selectOptionByIndex: All options with index in [7] are selected on object 'Object Repository/GRN/Page_KDMC - CMS/select_JanFebMarAprMayJunJulAu'

2018-05-28 13:20:05 - [MESSAGE][PASSED] - All options with index in [7] are selected on object 'Object Repository/GRN/Page_KDMC - CMS/select_JanFebMarAprMayJunJulAu'

2018-05-28 13:20:05 - [TEST_STEP][PASSED] - click: Object: 'Object Repository/MOH AND GRN/Page_KDMC - CMS/a_12' is clicked on

2018-05-28 13:20:06 - [MESSAGE][PASSED] - Object: 'Object Repository/MOH AND GRN/Page_KDMC - CMS/a_12' is clicked on

2018-05-28 13:20:06 - [TEST_STEP][PASSED] - click: Object: 'Object Repository/MOH AND GRN/Page_KDMC - CMS/input_btnadd' is clicked on

2018-05-28 13:20:06 - [MESSAGE][PASSED] - Object: 'Object Repository/MOH AND GRN/Page_KDMC - CMS/input_btnadd' is clicked on

2018-05-28 13:20:06 - [TEST_STEP][PASSED] - Statement - If (s == 10): null

2018-05-28 13:20:06 - [TEST_STEP][PASSED] - Statement - Else: null

2018-05-28 13:20:06 - [TEST_STEP][PASSED] - Statement - (s++): null

2018-05-28 13:20:06 - [TEST_STEP][PASSED] - delay: Delayed 1 second(s)

2018-05-28 13:20:07 - [MESSAGE][PASSED] - Delayed 1 second(s)

2018-05-28 13:20:07 - [TEST_STEP][PASSED] - selectOptionByIndex: All options with index in [28] are selected on object 'Object Repository/MOH AND GRN/Page_KDMC - CMS/select_--Select--Amikacin -500'

2018-05-28 13:20:07 - [MESSAGE][PASSED] - All options with index in [28] are selected on object 'Object Repository/MOH AND GRN/Page_KDMC - CMS/select_--Select--Amikacin -500'

2018-05-28 13:20:07 - [TEST_STEP][PASSED] - setText: Text '5000' is set on object 'Object Repository/MOH AND GRN/Page_KDMC - CMS/input_txtqty'

2018-05-28 13:20:07 - [MESSAGE][PASSED] - Text '5000' is set on object 'Object Repository/MOH AND GRN/Page_KDMC - CMS/input_txtqty'

2018-05-28 13:20:07 - [TEST_STEP][PASSED] - selectOptionByIndex: All options with index in [1] are selected on object 'Object Repository/MOH AND GRN/Page_KDMC - CMS/select_--Select--No Tax0'

2018-05-28 13:20:07 - [MESSAGE][PASSED] - All options with index in [1] are selected on object 'Object Repository/MOH AND GRN/Page_KDMC - CMS/select_--Select--No Tax0'

2018-05-28 13:20:07 - [TEST_STEP][PASSED] - setText: Finding Test Object with id 'Object Repository/MOH AND GRN/Page_KDMC - CMS/input_txtmrp'

2018-05-28 13:20:07 - [TEST_STEP][PASSED] - Statement - switch (id): Finding Test Object with id 'Object Repository/MOH AND GRN/Page_KDMC - CMS/input_txtdeal'

2018-05-28 13:20:07 - [TEST_STEP][PASSED] - Statement - case 4:: Text '41.0' is set on object 'Object Repository/MOH AND GRN/Page_KDMC - CMS/input_txtmrp'

2018-05-28 13:20:07 - [TEST_STEP][PASSED] - Statement - return (java.lang.Math.floor((java.lang.Math.random() * ((max - min) + 1))) + min): Text '41.0' is set on object 'Object Repository/MOH AND GRN/Page_KDMC - CMS/input_txtmrp'

2018-05-28 13:20:07 - [MESSAGE][PASSED] - Text '41.0' is set on object 'Object Repository/MOH AND GRN/Page_KDMC - CMS/input_txtmrp'

2018-05-28 13:20:07 - [TEST_STEP][PASSED] - setText: Finding Test Object with id 'Object Repository/MOH AND GRN/Page_KDMC - CMS/input_txtdeal'

2018-05-28 13:20:07 - [TEST_STEP][PASSED] - Statement - switch (id): Finding Test Object with id 'Object Repository/MOH AND GRN/Page_KDMC - CMS/input_txtbatchno'

2018-05-28 13:20:07 - [TEST_STEP][PASSED] - Statement - case 5:: Text '4.0' is set on object 'Object Repository/MOH AND GRN/Page_KDMC - CMS/input_txtdeal'

2018-05-28 13:20:07 - [TEST_STEP][PASSED] - Statement - return (java.lang.Math.floor((java.lang.Math.random() * ((max - min) + 1))) + min): Text '4.0' is set on object 'Object Repository/MOH AND GRN/Page_KDMC - CMS/input_txtdeal'

2018-05-28 13:20:07 - [MESSAGE][PASSED] - Text '4.0' is set on object 'Object Repository/MOH AND GRN/Page_KDMC - CMS/input_txtdeal'

2018-05-28 13:20:07 - [TEST_STEP][PASSED] - setText: Finding Test Object with id 'Object Repository/MOH AND GRN/Page_KDMC - CMS/input_txtbatchno'

2018-05-28 13:20:07 - [TEST_STEP][PASSED] - Statement - switch (id): Finding Test Object with id 'Object Repository/MOH AND GRN/Page_KDMC - CMS/input_txtmrp'

2018-05-28 13:20:07 - [TEST_STEP][PASSED] - Statement - case 1:: Text 'BA452.0' is set on object 'Object Repository/MOH AND GRN/Page_KDMC - CMS/input_txtbatchno'

2018-05-28 13:20:07 - [TEST_STEP][PASSED] - Statement - return (java.lang.Math.floor((java.lang.Math.random() * ((max - min) + 1))) + min): Text 'BA452.0' is set on object 'Object Repository/MOH AND GRN/Page_KDMC - CMS/input_txtbatchno'

2018-05-28 13:20:08 - [MESSAGE][PASSED] - Text 'BA452.0' is set on object 'Object Repository/MOH AND GRN/Page_KDMC - CMS/input_txtbatchno'

2018-05-28 13:20:08 - [TEST_STEP][PASSED] - rightClick: Object: 'Object Repository/GRN/Page_KDMC - CMS/input_txtexpdate' is right clicked on

2018-05-28 13:20:08 - [MESSAGE][PASSED] - Object: 'Object Repository/GRN/Page_KDMC - CMS/input_txtexpdate' is right clicked on

2018-05-28 13:20:08 - [TEST_STEP][PASSED] - selectOptionByIndex: All options with index in [8] are selected on object 'Object Repository/GRN/Page_KDMC - CMS/select_20182019202020212022202'

2018-05-28 13:20:08 - [MESSAGE][PASSED] - All options with index in [8] are selected on object 'Object Repository/GRN/Page_KDMC - CMS/select_20182019202020212022202'

2018-05-28 13:20:08 - [TEST_STEP][PASSED] - selectOptionByIndex: All options with index in [8] are selected on object 'Object Repository/GRN/Page_KDMC - CMS/select_JanFebMarAprMayJunJulAu'

2018-05-28 13:20:08 - [MESSAGE][PASSED] - All options with index in [8] are selected on object 'Object Repository/GRN/Page_KDMC - CMS/select_JanFebMarAprMayJunJulAu'

2018-05-28 13:20:08 - [TEST_STEP][PASSED] - click: Object: 'Object Repository/MOH AND GRN/Page_KDMC - CMS/a_12' is clicked on

2018-05-28 13:20:08 - [MESSAGE][PASSED] - Object: 'Object Repository/MOH AND GRN/Page_KDMC - CMS/a_12' is clicked on

2018-05-28 13:20:08 - [TEST_STEP][PASSED] - click: Object: 'Object Repository/MOH AND GRN/Page_KDMC - CMS/input_btnadd' is clicked on

2018-05-28 13:20:08 - [MESSAGE][PASSED] - Object: 'Object Repository/MOH AND GRN/Page_KDMC - CMS/input_btnadd' is clicked on

2018-05-28 13:20:08 - [TEST_STEP][PASSED] - Statement - If (s == 10): null

2018-05-28 13:20:08 - [TEST_STEP][PASSED] - Statement - Else: null

2018-05-28 13:20:08 - [TEST_STEP][PASSED] - Statement - (s++): null

2018-05-28 13:20:08 - [TEST_STEP][PASSED] - delay: Delayed 1 second(s)

2018-05-28 13:20:09 - [MESSAGE][PASSED] - Delayed 1 second(s)

2018-05-28 13:20:09 - [TEST_STEP][PASSED] - selectOptionByIndex: All options with index in [29] are selected on object 'Object Repository/MOH AND GRN/Page_KDMC - CMS/select_--Select--Amikacin -500'

2018-05-28 13:20:10 - [MESSAGE][PASSED] - All options with index in [29] are selected on object 'Object Repository/MOH AND GRN/Page_KDMC - CMS/select_--Select--Amikacin -500'

2018-05-28 13:20:10 - [TEST_STEP][PASSED] - setText: Text '5000' is set on object 'Object Repository/MOH AND GRN/Page_KDMC - CMS/input_txtqty'

2018-05-28 13:20:10 - [MESSAGE][PASSED] - Text '5000' is set on object 'Object Repository/MOH AND GRN/Page_KDMC - CMS/input_txtqty'

2018-05-28 13:20:10 - [TEST_STEP][PASSED] - selectOptionByIndex: All options with index in [1] are selected on object 'Object Repository/MOH AND GRN/Page_KDMC - CMS/select_--Select--No Tax0'

2018-05-28 13:20:10 - [MESSAGE][PASSED] - All options with index in [1] are selected on object 'Object Repository/MOH AND GRN/Page_KDMC - CMS/select_--Select--No Tax0'

2018-05-28 13:20:10 - [TEST_STEP][PASSED] - setText: Finding Test Object with id 'Object Repository/MOH AND GRN/Page_KDMC - CMS/input_txtmrp'

2018-05-28 13:20:10 - [TEST_STEP][PASSED] - Statement - switch (id): Finding Test Object with id 'Object Repository/MOH AND GRN/Page_KDMC - CMS/input_txtdeal'

2018-05-28 13:20:10 - [TEST_STEP][PASSED] - Statement - case 4:: Text '41.0' is set on object 'Object Repository/MOH AND GRN/Page_KDMC - CMS/input_txtmrp'

2018-05-28 13:20:10 - [TEST_STEP][PASSED] - Statement - return (java.lang.Math.floor((java.lang.Math.random() * ((max - min) + 1))) + min): Text '41.0' is set on object 'Object Repository/MOH AND GRN/Page_KDMC - CMS/input_txtmrp'

2018-05-28 13:20:10 - [MESSAGE][PASSED] - Text '41.0' is set on object 'Object Repository/MOH AND GRN/Page_KDMC - CMS/input_txtmrp'

2018-05-28 13:20:10 - [TEST_STEP][PASSED] - setText: Finding Test Object with id 'Object Repository/MOH AND GRN/Page_KDMC - CMS/input_txtdeal'

2018-05-28 13:20:10 - [TEST_STEP][PASSED] - Statement - switch (id): Finding Test Object with id 'Object Repository/MOH AND GRN/Page_KDMC - CMS/input_txtbatchno'

2018-05-28 13:20:10 - [TEST_STEP][PASSED] - Statement - case 5:: Text '6.0' is set on object 'Object Repository/MOH AND GRN/Page_KDMC - CMS/input_txtdeal'

2018-05-28 13:20:10 - [TEST_STEP][PASSED] - Statement - return (java.lang.Math.floor((java.lang.Math.random() * ((max - min) + 1))) + min): Text '6.0' is set on object 'Object Repository/MOH AND GRN/Page_KDMC - CMS/input_txtdeal'

2018-05-28 13:20:10 - [MESSAGE][PASSED] - Text '6.0' is set on object 'Object Repository/MOH AND GRN/Page_KDMC - CMS/input_txtdeal'

2018-05-28 13:20:10 - [TEST_STEP][PASSED] - setText: Finding Test Object with id 'Object Repository/MOH AND GRN/Page_KDMC - CMS/input_txtbatchno'

2018-05-28 13:20:10 - [TEST_STEP][PASSED] - Statement - switch (id): Finding Test Object with id 'Object Repository/MOH AND GRN/Page_KDMC - CMS/input_txtmrp'

2018-05-28 13:20:10 - [TEST_STEP][PASSED] - Statement - case 1:: Text 'BA345.0' is set on object 'Object Repository/MOH AND GRN/Page_KDMC - CMS/input_txtbatchno'

2018-05-28 13:20:10 - [TEST_STEP][PASSED] - Statement - return (java.lang.Math.floor((java.lang.Math.random() * ((max - min) + 1))) + min): Text 'BA345.0' is set on object 'Object Repository/MOH AND GRN/Page_KDMC - CMS/input_txtbatchno'

2018-05-28 13:20:10 - [MESSAGE][PASSED] - Text 'BA345.0' is set on object 'Object Repository/MOH AND GRN/Page_KDMC - CMS/input_txtbatchno'

2018-05-28 13:20:10 - [TEST_STEP][PASSED] - rightClick: Object: 'Object Repository/GRN/Page_KDMC - CMS/input_txtexpdate' is right clicked on

2018-05-28 13:20:10 - [MESSAGE][PASSED] - Object: 'Object Repository/GRN/Page_KDMC - CMS/input_txtexpdate' is right clicked on

2018-05-28 13:20:10 - [TEST_STEP][PASSED] - selectOptionByIndex: All options with index in [9] are selected on object 'Object Repository/GRN/Page_KDMC - CMS/select_20182019202020212022202'

2018-05-28 13:20:11 - [MESSAGE][PASSED] - All options with index in [9] are selected on object 'Object Repository/GRN/Page_KDMC - CMS/select_20182019202020212022202'

2018-05-28 13:20:11 - [TEST_STEP][PASSED] - selectOptionByIndex: All options with index in [9] are selected on object 'Object Repository/GRN/Page_KDMC - CMS/select_JanFebMarAprMayJunJulAu'

2018-05-28 13:20:11 - [MESSAGE][PASSED] - All options with index in [9] are selected on object 'Object Repository/GRN/Page_KDMC - CMS/select_JanFebMarAprMayJunJulAu'

2018-05-28 13:20:11 - [TEST_STEP][PASSED] - click: Object: 'Object Repository/MOH AND GRN/Page_KDMC - CMS/a_12' is clicked on

2018-05-28 13:20:11 - [MESSAGE][PASSED] - Object: 'Object Repository/MOH AND GRN/Page_KDMC - CMS/a_12' is clicked on

2018-05-28 13:20:11 - [TEST_STEP][PASSED] - click: Object: 'Object Repository/MOH AND GRN/Page_KDMC - CMS/input_btnadd' is clicked on

2018-05-28 13:20:11 - [MESSAGE][PASSED] - Object: 'Object Repository/MOH AND GRN/Page_KDMC - CMS/input_btnadd' is clicked on

2018-05-28 13:20:11 - [TEST_STEP][PASSED] - Statement - If (s == 10): null

2018-05-28 13:20:11 - [TEST_STEP][PASSED] - Statement - Else: null

2018-05-28 13:20:11 - [TEST_STEP][PASSED] - Statement - (s++): null

2018-05-28 13:20:11 - [TEST_STEP][PASSED] - delay: Delayed 1 second(s)

2018-05-28 13:20:12 - [MESSAGE][PASSED] - Delayed 1 second(s)

2018-05-28 13:20:12 - [TEST_STEP][PASSED] - selectOptionByIndex: All options with index in [30] are selected on object 'Object Repository/MOH AND GRN/Page_KDMC - CMS/select_--Select--Amikacin -500'

2018-05-28 13:20:13 - [MESSAGE][PASSED] - All options with index in [30] are selected on object 'Object Repository/MOH AND GRN/Page_KDMC - CMS/select_--Select--Amikacin -500'

2018-05-28 13:20:13 - [TEST_STEP][PASSED] - setText: Text '5000' is set on object 'Object Repository/MOH AND GRN/Page_KDMC - CMS/input_txtqty'

2018-05-28 13:20:13 - [MESSAGE][PASSED] - Text '5000' is set on object 'Object Repository/MOH AND GRN/Page_KDMC - CMS/input_txtqty'

2018-05-28 13:20:13 - [TEST_STEP][PASSED] - selectOptionByIndex: All options with index in [1] are selected on object 'Object Repository/MOH AND GRN/Page_KDMC - CMS/select_--Select--No Tax0'

2018-05-28 13:20:13 - [MESSAGE][PASSED] - All options with index in [1] are selected on object 'Object Repository/MOH AND GRN/Page_KDMC - CMS/select_--Select--No Tax0'

2018-05-28 13:20:13 - [TEST_STEP][PASSED] - setText: Finding Test Object with id 'Object Repository/MOH AND GRN/Page_KDMC - CMS/input_txtmrp'

2018-05-28 13:20:13 - [TEST_STEP][PASSED] - Statement - switch (id): Finding Test Object with id 'Object Repository/MOH AND GRN/Page_KDMC - CMS/input_txtdeal'

2018-05-28 13:20:13 - [TEST_STEP][PASSED] - Statement - case 4:: Text '43.0' is set on object 'Object Repository/MOH AND GRN/Page_KDMC - CMS/input_txtmrp'

2018-05-28 13:20:13 - [TEST_STEP][PASSED] - Statement - return (java.lang.Math.floor((java.lang.Math.random() * ((max - min) + 1))) + min): Text '43.0' is set on object 'Object Repository/MOH AND GRN/Page_KDMC - CMS/input_txtmrp'

2018-05-28 13:20:13 - [MESSAGE][PASSED] - Text '43.0' is set on object 'Object Repository/MOH AND GRN/Page_KDMC - CMS/input_txtmrp'

2018-05-28 13:20:13 - [TEST_STEP][PASSED] - setText: Finding Test Object with id 'Object Repository/MOH AND GRN/Page_KDMC - CMS/input_txtdeal'

2018-05-28 13:20:13 - [TEST_STEP][PASSED] - Statement - switch (id): Finding Test Object with id 'Object Repository/MOH AND GRN/Page_KDMC - CMS/input_txtbatchno'

2018-05-28 13:20:13 - [TEST_STEP][PASSED] - Statement - case 5:: Text '4.0' is set on object 'Object Repository/MOH AND GRN/Page_KDMC - CMS/input_txtdeal'

2018-05-28 13:20:13 - [TEST_STEP][PASSED] - Statement - return (java.lang.Math.floor((java.lang.Math.random() * ((max - min) + 1))) + min): Text '4.0' is set on object 'Object Repository/MOH AND GRN/Page_KDMC - CMS/input_txtdeal'

2018-05-28 13:20:13 - [MESSAGE][PASSED] - Text '4.0' is set on object 'Object Repository/MOH AND GRN/Page_KDMC - CMS/input_txtdeal'

2018-05-28 13:20:13 - [TEST_STEP][PASSED] - setText: Finding Test Object with id 'Object Repository/MOH AND GRN/Page_KDMC - CMS/input_txtbatchno'

2018-05-28 13:20:13 - [TEST_STEP][PASSED] - Statement - switch (id): Finding Test Object with id 'Object Repository/MOH AND GRN/Page_KDMC - CMS/input_txtmrp'

2018-05-28 13:20:13 - [TEST_STEP][PASSED] - Statement - case 1:: Text 'BA362.0' is set on object 'Object Repository/MOH AND GRN/Page_KDMC - CMS/input_txtbatchno'

2018-05-28 13:20:13 - [TEST_STEP][PASSED] - Statement - return (java.lang.Math.floor((java.lang.Math.random() * ((max - min) + 1))) + min): Text 'BA362.0' is set on object 'Object Repository/MOH AND GRN/Page_KDMC - CMS/input_txtbatchno'

2018-05-28 13:20:13 - [MESSAGE][PASSED] - Text 'BA362.0' is set on object 'Object Repository/MOH AND GRN/Page_KDMC - CMS/input_txtbatchno'

2018-05-28 13:20:13 - [TEST_STEP][PASSED] - rightClick: Object: 'Object Repository/GRN/Page_KDMC - CMS/input_txtexpdate' is right clicked on

2018-05-28 13:20:13 - [MESSAGE][PASSED] - Object: 'Object Repository/GRN/Page_KDMC - CMS/input_txtexpdate' is right clicked on

2018-05-28 13:20:13 - [TEST_STEP][PASSED] - selectOptionByIndex: All options with index in [10] are selected on object 'Object Repository/GRN/Page_KDMC - CMS/select_20182019202020212022202'

2018-05-28 13:20:13 - [MESSAGE][PASSED] - All options with index in [10] are selected on object 'Object Repository/GRN/Page_KDMC - CMS/select_20182019202020212022202'

2018-05-28 13:20:13 - [TEST_STEP][PASSED] - selectOptionByIndex: All options with index in [10] are selected on object 'Object Repository/GRN/Page_KDMC - CMS/select_JanFebMarAprMayJunJulAu'

2018-05-28 13:20:14 - [MESSAGE][PASSED] - All options with index in [10] are selected on object 'Object Repository/GRN/Page_KDMC - CMS/select_JanFebMarAprMayJunJulAu'

2018-05-28 13:20:14 - [TEST_STEP][PASSED] - click: Object: 'Object Repository/MOH AND GRN/Page_KDMC - CMS/a_12' is clicked on

2018-05-28 13:20:14 - [MESSAGE][PASSED] - Object: 'Object Repository/MOH AND GRN/Page_KDMC - CMS/a_12' is clicked on

2018-05-28 13:20:14 - [TEST_STEP][PASSED] - click: Object: 'Object Repository/MOH AND GRN/Page_KDMC - CMS/input_btnadd' is clicked on

2018-05-28 13:20:14 - [MESSAGE][PASSED] - Object: 'Object Repository/MOH AND GRN/Page_KDMC - CMS/input_btnadd' is clicked on

2018-05-28 13:20:14 - [TEST_STEP][PASSED] - Statement - If (s == 10): null

2018-05-28 13:20:14 - [TEST_STEP][PASSED] - Statement - s = 1: null

2018-05-28 13:20:14 - [TEST_STEP][PASSED] - delay: Delayed 1 second(s)

2018-05-28 13:20:15 - [MESSAGE][PASSED] - Delayed 1 second(s)

2018-05-28 13:20:15 - [TEST_STEP][PASSED] - selectOptionByIndex: All options with index in [31] are selected on object 'Object Repository/MOH AND GRN/Page_KDMC - CMS/select_--Select--Amikacin -500'

2018-05-28 13:20:15 - [MESSAGE][PASSED] - All options with index in [31] are selected on object 'Object Repository/MOH AND GRN/Page_KDMC - CMS/select_--Select--Amikacin -500'

2018-05-28 13:20:15 - [TEST_STEP][PASSED] - setText: Text '5000' is set on object 'Object Repository/MOH AND GRN/Page_KDMC - CMS/input_txtqty'

2018-05-28 13:20:16 - [MESSAGE][PASSED] - Text '5000' is set on object 'Object Repository/MOH AND GRN/Page_KDMC - CMS/input_txtqty'

2018-05-28 13:20:16 - [TEST_STEP][PASSED] - selectOptionByIndex: All options with index in [1] are selected on object 'Object Repository/MOH AND GRN/Page_KDMC - CMS/select_--Select--No Tax0'

2018-05-28 13:20:16 - [MESSAGE][PASSED] - All options with index in [1] are selected on object 'Object Repository/MOH AND GRN/Page_KDMC - CMS/select_--Select--No Tax0'

2018-05-28 13:20:16 - [TEST_STEP][PASSED] - setText: Finding Test Object with id 'Object Repository/MOH AND GRN/Page_KDMC - CMS/input_txtmrp'

2018-05-28 13:20:16 - [TEST_STEP][PASSED] - Statement - switch (id): Finding Test Object with id 'Object Repository/MOH AND GRN/Page_KDMC - CMS/input_txtdeal'

2018-05-28 13:20:16 - [TEST_STEP][PASSED] - Statement - case 4:: Text '30.0' is set on object 'Object Repository/MOH AND GRN/Page_KDMC - CMS/input_txtmrp'

2018-05-28 13:20:16 - [TEST_STEP][PASSED] - Statement - return (java.lang.Math.floor((java.lang.Math.random() * ((max - min) + 1))) + min): Text '30.0' is set on object 'Object Repository/MOH AND GRN/Page_KDMC - CMS/input_txtmrp'

2018-05-28 13:20:16 - [MESSAGE][PASSED] - Text '30.0' is set on object 'Object Repository/MOH AND GRN/Page_KDMC - CMS/input_txtmrp'

2018-05-28 13:20:16 - [TEST_STEP][PASSED] - setText: Finding Test Object with id 'Object Repository/MOH AND GRN/Page_KDMC - CMS/input_txtdeal'

2018-05-28 13:20:16 - [TEST_STEP][PASSED] - Statement - switch (id): Finding Test Object with id 'Object Repository/MOH AND GRN/Page_KDMC - CMS/input_txtbatchno'

2018-05-28 13:20:16 - [TEST_STEP][PASSED] - Statement - case 5:: Text '10.0' is set on object 'Object Repository/MOH AND GRN/Page_KDMC - CMS/input_txtdeal'

2018-05-28 13:20:16 - [TEST_STEP][PASSED] - Statement - return (java.lang.Math.floor((java.lang.Math.random() * ((max - min) + 1))) + min): Text '10.0' is set on object 'Object Repository/MOH AND GRN/Page_KDMC - CMS/input_txtdeal'

2018-05-28 13:20:16 - [MESSAGE][PASSED] - Text '10.0' is set on object 'Object Repository/MOH AND GRN/Page_KDMC - CMS/input_txtdeal'

2018-05-28 13:20:16 - [TEST_STEP][PASSED] - setText: Finding Test Object with id 'Object Repository/MOH AND GRN/Page_KDMC - CMS/input_txtbatchno'

2018-05-28 13:20:16 - [TEST_STEP][PASSED] - Statement - switch (id): Finding Test Object with id 'Object Repository/MOH AND GRN/Page_KDMC - CMS/input_txtmrp'

2018-05-28 13:20:16 - [TEST_STEP][PASSED] - Statement - case 1:: Text 'BA204.0' is set on object 'Object Repository/MOH AND GRN/Page_KDMC - CMS/input_txtbatchno'

2018-05-28 13:20:16 - [TEST_STEP][PASSED] - Statement - return (java.lang.Math.floor((java.lang.Math.random() * ((max - min) + 1))) + min): Text 'BA204.0' is set on object 'Object Repository/MOH AND GRN/Page_KDMC - CMS/input_txtbatchno'

2018-05-28 13:20:16 - [MESSAGE][PASSED] - Text 'BA204.0' is set on object 'Object Repository/MOH AND GRN/Page_KDMC - CMS/input_txtbatchno'

2018-05-28 13:20:16 - [TEST_STEP][PASSED] - rightClick: Object: 'Object Repository/GRN/Page_KDMC - CMS/input_txtexpdate' is right clicked on

2018-05-28 13:20:16 - [MESSAGE][PASSED] - Object: 'Object Repository/GRN/Page_KDMC - CMS/input_txtexpdate' is right clicked on

2018-05-28 13:20:16 - [TEST_STEP][PASSED] - selectOptionByIndex: All options with index in [1] are selected on object 'Object Repository/GRN/Page_KDMC - CMS/select_20182019202020212022202'

2018-05-28 13:20:16 - [MESSAGE][PASSED] - All options with index in [1] are selected on object 'Object Repository/GRN/Page_KDMC - CMS/select_20182019202020212022202'

2018-05-28 13:20:16 - [TEST_STEP][PASSED] - selectOptionByIndex: All options with index in [1] are selected on object 'Object Repository/GRN/Page_KDMC - CMS/select_JanFebMarAprMayJunJulAu'

2018-05-28 13:20:16 - [MESSAGE][PASSED] - All options with index in [1] are selected on object 'Object Repository/GRN/Page_KDMC - CMS/select_JanFebMarAprMayJunJulAu'

2018-05-28 13:20:16 - [TEST_STEP][PASSED] - click: Object: 'Object Repository/MOH AND GRN/Page_KDMC - CMS/a_12' is clicked on

2018-05-28 13:20:17 - [MESSAGE][PASSED] - Object: 'Object Repository/MOH AND GRN/Page_KDMC - CMS/a_12' is clicked on

2018-05-28 13:20:17 - [TEST_STEP][PASSED] - click: Object: 'Object Repository/MOH AND GRN/Page_KDMC - CMS/input_btnadd' is clicked on

2018-05-28 13:20:17 - [MESSAGE][PASSED] - Object: 'Object Repository/MOH AND GRN/Page_KDMC - CMS/input_btnadd' is clicked on

2018-05-28 13:20:17 - [TEST_STEP][PASSED] - Statement - If (s == 10): null

2018-05-28 13:20:17 - [TEST_STEP][PASSED] - Statement - Else: null

2018-05-28 13:20:17 - [TEST_STEP][PASSED] - Statement - (s++): null

2018-05-28 13:20:17 - [TEST_STEP][PASSED] - delay: Delayed 1 second(s)

2018-05-28 13:20:18 - [MESSAGE][PASSED] - Delayed 1 second(s)

2018-05-28 13:20:18 - [TEST_STEP][PASSED] - selectOptionByIndex: All options with index in [32] are selected on object 'Object Repository/MOH AND GRN/Page_KDMC - CMS/select_--Select--Amikacin -500'

2018-05-28 13:20:18 - [MESSAGE][PASSED] - All options with index in [32] are selected on object 'Object Repository/MOH AND GRN/Page_KDMC - CMS/select_--Select--Amikacin -500'

2018-05-28 13:20:18 - [TEST_STEP][PASSED] - setText: Text '5000' is set on object 'Object Repository/MOH AND GRN/Page_KDMC - CMS/input_txtqty'

2018-05-28 13:20:18 - [MESSAGE][PASSED] - Text '5000' is set on object 'Object Repository/MOH AND GRN/Page_KDMC - CMS/input_txtqty'

2018-05-28 13:20:18 - [TEST_STEP][PASSED] - selectOptionByIndex: All options with index in [1] are selected on object 'Object Repository/MOH AND GRN/Page_KDMC - CMS/select_--Select--No Tax0'

2018-05-28 13:20:18 - [MESSAGE][PASSED] - All options with index in [1] are selected on object 'Object Repository/MOH AND GRN/Page_KDMC - CMS/select_--Select--No Tax0'

2018-05-28 13:20:18 - [TEST_STEP][PASSED] - setText: Finding Test Object with id 'Object Repository/MOH AND GRN/Page_KDMC - CMS/input_txtmrp'

2018-05-28 13:20:18 - [TEST_STEP][PASSED] - Statement - switch (id): Finding Test Object with id 'Object Repository/MOH AND GRN/Page_KDMC - CMS/input_txtdeal'

2018-05-28 13:20:18 - [TEST_STEP][PASSED] - Statement - case 4:: Text '22.0' is set on object 'Object Repository/MOH AND GRN/Page_KDMC - CMS/input_txtmrp'

2018-05-28 13:20:18 - [TEST_STEP][PASSED] - Statement - return (java.lang.Math.floor((java.lang.Math.random() * ((max - min) + 1))) + min): Text '22.0' is set on object 'Object Repository/MOH AND GRN/Page_KDMC - CMS/input_txtmrp'

2018-05-28 13:20:18 - [MESSAGE][PASSED] - Text '22.0' is set on object 'Object Repository/MOH AND GRN/Page_KDMC - CMS/input_txtmrp'

2018-05-28 13:20:18 - [TEST_STEP][PASSED] - setText: Finding Test Object with id 'Object Repository/MOH AND GRN/Page_KDMC - CMS/input_txtdeal'

2018-05-28 13:20:18 - [TEST_STEP][PASSED] - Statement - switch (id): Finding Test Object with id 'Object Repository/MOH AND GRN/Page_KDMC - CMS/input_txtbatchno'

2018-05-28 13:20:18 - [TEST_STEP][PASSED] - Statement - case 5:: Text '12.0' is set on object 'Object Repository/MOH AND GRN/Page_KDMC - CMS/input_txtdeal'

2018-05-28 13:20:18 - [TEST_STEP][PASSED] - Statement - return (java.lang.Math.floor((java.lang.Math.random() * ((max - min) + 1))) + min): Text '12.0' is set on object 'Object Repository/MOH AND GRN/Page_KDMC - CMS/input_txtdeal'

2018-05-28 13:20:18 - [MESSAGE][PASSED] - Text '12.0' is set on object 'Object Repository/MOH AND GRN/Page_KDMC - CMS/input_txtdeal'

2018-05-28 13:20:18 - [TEST_STEP][PASSED] - setText: Finding Test Object with id 'Object Repository/MOH AND GRN/Page_KDMC - CMS/input_txtbatchno'

2018-05-28 13:20:18 - [TEST_STEP][PASSED] - Statement - switch (id): Finding Test Object with id 'Object Repository/MOH AND GRN/Page_KDMC - CMS/input_txtmrp'

2018-05-28 13:20:18 - [TEST_STEP][PASSED] - Statement - case 1:: Text 'BA330.0' is set on object 'Object Repository/MOH AND GRN/Page_KDMC - CMS/input_txtbatchno'

2018-05-28 13:20:18 - [TEST_STEP][PASSED] - Statement - return (java.lang.Math.floor((java.lang.Math.random() * ((max - min) + 1))) + min): Text 'BA330.0' is set on object 'Object Repository/MOH AND GRN/Page_KDMC - CMS/input_txtbatchno'

2018-05-28 13:20:19 - [MESSAGE][PASSED] - Text 'BA330.0' is set on object 'Object Repository/MOH AND GRN/Page_KDMC - CMS/input_txtbatchno'

2018-05-28 13:20:19 - [TEST_STEP][PASSED] - rightClick: Object: 'Object Repository/GRN/Page_KDMC - CMS/input_txtexpdate' is right clicked on

2018-05-28 13:20:19 - [MESSAGE][PASSED] - Object: 'Object Repository/GRN/Page_KDMC - CMS/input_txtexpdate' is right clicked on

2018-05-28 13:20:19 - [TEST_STEP][PASSED] - selectOptionByIndex: All options with index in [2] are selected on object 'Object Repository/GRN/Page_KDMC - CMS/select_20182019202020212022202'

2018-05-28 13:20:19 - [MESSAGE][PASSED] - All options with index in [2] are selected on object 'Object Repository/GRN/Page_KDMC - CMS/select_20182019202020212022202'

2018-05-28 13:20:19 - [TEST_STEP][PASSED] - selectOptionByIndex: All options with index in [2] are selected on object 'Object Repository/GRN/Page_KDMC - CMS/select_JanFebMarAprMayJunJulAu'

2018-05-28 13:20:19 - [MESSAGE][PASSED] - All options with index in [2] are selected on object 'Object Repository/GRN/Page_KDMC - CMS/select_JanFebMarAprMayJunJulAu'

2018-05-28 13:20:19 - [TEST_STEP][PASSED] - click: Object: 'Object Repository/MOH AND GRN/Page_KDMC - CMS/a_12' is clicked on

2018-05-28 13:20:19 - [MESSAGE][PASSED] - Object: 'Object Repository/MOH AND GRN/Page_KDMC - CMS/a_12' is clicked on

2018-05-28 13:20:19 - [TEST_STEP][PASSED] - click: Object: 'Object Repository/MOH AND GRN/Page_KDMC - CMS/input_btnadd' is clicked on

2018-05-28 13:20:19 - [MESSAGE][PASSED] - Object: 'Object Repository/MOH AND GRN/Page_KDMC - CMS/input_btnadd' is clicked on

2018-05-28 13:20:19 - [TEST_STEP][PASSED] - Statement - If (s == 10): null

2018-05-28 13:20:19 - [TEST_STEP][PASSED] - Statement - Else: null

2018-05-28 13:20:19 - [TEST_STEP][PASSED] - Statement - (s++): null

2018-05-28 13:20:19 - [TEST_STEP][PASSED] - delay: Delayed 1 second(s)

2018-05-28 13:20:20 - [MESSAGE][PASSED] - Delayed 1 second(s)

2018-05-28 13:20:20 - [TEST_STEP][PASSED] - selectOptionByIndex: All options with index in [33] are selected on object 'Object Repository/MOH AND GRN/Page_KDMC - CMS/select_--Select--Amikacin -500'

2018-05-28 13:20:21 - [MESSAGE][PASSED] - All options with index in [33] are selected on object 'Object Repository/MOH AND GRN/Page_KDMC - CMS/select_--Select--Amikacin -500'

2018-05-28 13:20:21 - [TEST_STEP][PASSED] - setText: Text '5000' is set on object 'Object Repository/MOH AND GRN/Page_KDMC - CMS/input_txtqty'

2018-05-28 13:20:21 - [MESSAGE][PASSED] - Text '5000' is set on object 'Object Repository/MOH AND GRN/Page_KDMC - CMS/input_txtqty'

2018-05-28 13:20:21 - [TEST_STEP][PASSED] - selectOptionByIndex: All options with index in [1] are selected on object 'Object Repository/MOH AND GRN/Page_KDMC - CMS/select_--Select--No Tax0'

2018-05-28 13:20:21 - [MESSAGE][PASSED] - All options with index in [1] are selected on object 'Object Repository/MOH AND GRN/Page_KDMC - CMS/select_--Select--No Tax0'

2018-05-28 13:20:21 - [TEST_STEP][PASSED] - setText: Finding Test Object with id 'Object Repository/MOH AND GRN/Page_KDMC - CMS/input_txtmrp'

2018-05-28 13:20:21 - [TEST_STEP][PASSED] - Statement - switch (id): Finding Test Object with id 'Object Repository/MOH AND GRN/Page_KDMC - CMS/input_txtdeal'

2018-05-28 13:20:21 - [TEST_STEP][PASSED] - Statement - case 4:: Text '28.0' is set on object 'Object Repository/MOH AND GRN/Page_KDMC - CMS/input_txtmrp'

2018-05-28 13:20:21 - [TEST_STEP][PASSED] - Statement - return (java.lang.Math.floor((java.lang.Math.random() * ((max - min) + 1))) + min): Text '28.0' is set on object 'Object Repository/MOH AND GRN/Page_KDMC - CMS/input_txtmrp'

2018-05-28 13:20:21 - [MESSAGE][PASSED] - Text '28.0' is set on object 'Object Repository/MOH AND GRN/Page_KDMC - CMS/input_txtmrp'

2018-05-28 13:20:21 - [TEST_STEP][PASSED] - setText: Finding Test Object with id 'Object Repository/MOH AND GRN/Page_KDMC - CMS/input_txtdeal'

2018-05-28 13:20:21 - [TEST_STEP][PASSED] - Statement - switch (id): Finding Test Object with id 'Object Repository/MOH AND GRN/Page_KDMC - CMS/input_txtbatchno'

2018-05-28 13:20:21 - [TEST_STEP][PASSED] - Statement - case 5:: Text '2.0' is set on object 'Object Repository/MOH AND GRN/Page_KDMC - CMS/input_txtdeal'

2018-05-28 13:20:21 - [TEST_STEP][PASSED] - Statement - return (java.lang.Math.floor((java.lang.Math.random() * ((max - min) + 1))) + min): Text '2.0' is set on object 'Object Repository/MOH AND GRN/Page_KDMC - CMS/input_txtdeal'

2018-05-28 13:20:21 - [MESSAGE][PASSED] - Text '2.0' is set on object 'Object Repository/MOH AND GRN/Page_KDMC - CMS/input_txtdeal'

2018-05-28 13:20:21 - [TEST_STEP][PASSED] - setText: Finding Test Object with id 'Object Repository/MOH AND GRN/Page_KDMC - CMS/input_txtbatchno'

2018-05-28 13:20:21 - [TEST_STEP][PASSED] - Statement - switch (id): Finding Test Object with id 'Object Repository/MOH AND GRN/Page_KDMC - CMS/input_txtmrp'

2018-05-28 13:20:21 - [TEST_STEP][PASSED] - Statement - case 1:: Text 'BA82.0' is set on object 'Object Repository/MOH AND GRN/Page_KDMC - CMS/input_txtbatchno'

2018-05-28 13:20:21 - [TEST_STEP][PASSED] - Statement - return (java.lang.Math.floor((java.lang.Math.random() * ((max - min) + 1))) + min): Text 'BA82.0' is set on object 'Object Repository/MOH AND GRN/Page_KDMC - CMS/input_txtbatchno'

2018-05-28 13:20:21 - [MESSAGE][PASSED] - Text 'BA82.0' is set on object 'Object Repository/MOH AND GRN/Page_KDMC - CMS/input_txtbatchno'

2018-05-28 13:20:21 - [TEST_STEP][PASSED] - rightClick: Object: 'Object Repository/GRN/Page_KDMC - CMS/input_txtexpdate' is right clicked on

2018-05-28 13:20:21 - [MESSAGE][PASSED] - Object: 'Object Repository/GRN/Page_KDMC - CMS/input_txtexpdate' is right clicked on

2018-05-28 13:20:21 - [TEST_STEP][PASSED] - selectOptionByIndex: All options with index in [3] are selected on object 'Object Repository/GRN/Page_KDMC - CMS/select_20182019202020212022202'

2018-05-28 13:20:22 - [MESSAGE][PASSED] - All options with index in [3] are selected on object 'Object Repository/GRN/Page_KDMC - CMS/select_20182019202020212022202'

2018-05-28 13:20:22 - [TEST_STEP][PASSED] - selectOptionByIndex: All options with index in [3] are selected on object 'Object Repository/GRN/Page_KDMC - CMS/select_JanFebMarAprMayJunJulAu'

2018-05-28 13:20:22 - [MESSAGE][PASSED] - All options with index in [3] are selected on object 'Object Repository/GRN/Page_KDMC - CMS/select_JanFebMarAprMayJunJulAu'

2018-05-28 13:20:22 - [TEST_STEP][PASSED] - click: Object: 'Object Repository/MOH AND GRN/Page_KDMC - CMS/a_12' is clicked on

2018-05-28 13:20:22 - [MESSAGE][PASSED] - Object: 'Object Repository/MOH AND GRN/Page_KDMC - CMS/a_12' is clicked on

2018-05-28 13:20:22 - [TEST_STEP][PASSED] - click: Object: 'Object Repository/MOH AND GRN/Page_KDMC - CMS/input_btnadd' is clicked on

2018-05-28 13:20:22 - [MESSAGE][PASSED] - Object: 'Object Repository/MOH AND GRN/Page_KDMC - CMS/input_btnadd' is clicked on

2018-05-28 13:20:22 - [TEST_STEP][PASSED] - Statement - If (s == 10): null

2018-05-28 13:20:22 - [TEST_STEP][PASSED] - Statement - Else: null

2018-05-28 13:20:22 - [TEST_STEP][PASSED] - Statement - (s++): null

2018-05-28 13:20:22 - [TEST_STEP][PASSED] - delay: Delayed 1 second(s)

2018-05-28 13:20:23 - [MESSAGE][PASSED] - Delayed 1 second(s)

2018-05-28 13:20:23 - [TEST_STEP][PASSED] - selectOptionByIndex: All options with index in [34] are selected on object 'Object Repository/MOH AND GRN/Page_KDMC - CMS/select_--Select--Amikacin -500'

2018-05-28 13:20:24 - [MESSAGE][PASSED] - All options with index in [34] are selected on object 'Object Repository/MOH AND GRN/Page_KDMC - CMS/select_--Select--Amikacin -500'

2018-05-28 13:20:24 - [TEST_STEP][PASSED] - setText: Text '5000' is set on object 'Object Repository/MOH AND GRN/Page_KDMC - CMS/input_txtqty'

2018-05-28 13:20:24 - [MESSAGE][PASSED] - Text '5000' is set on object 'Object Repository/MOH AND GRN/Page_KDMC - CMS/input_txtqty'

2018-05-28 13:20:24 - [TEST_STEP][PASSED] - selectOptionByIndex: All options with index in [1] are selected on object 'Object Repository/MOH AND GRN/Page_KDMC - CMS/select_--Select--No Tax0'

2018-05-28 13:20:24 - [MESSAGE][PASSED] - All options with index in [1] are selected on object 'Object Repository/MOH AND GRN/Page_KDMC - CMS/select_--Select--No Tax0'

2018-05-28 13:20:24 - [TEST_STEP][PASSED] - setText: Finding Test Object with id 'Object Repository/MOH AND GRN/Page_KDMC - CMS/input_txtmrp'

2018-05-28 13:20:24 - [TEST_STEP][PASSED] - Statement - switch (id): Finding Test Object with id 'Object Repository/MOH AND GRN/Page_KDMC - CMS/input_txtdeal'

2018-05-28 13:20:24 - [TEST_STEP][PASSED] - Statement - case 4:: Text '35.0' is set on object 'Object Repository/MOH AND GRN/Page_KDMC - CMS/input_txtmrp'

2018-05-28 13:20:24 - [TEST_STEP][PASSED] - Statement - return (java.lang.Math.floor((java.lang.Math.random() * ((max - min) + 1))) + min): Text '35.0' is set on object 'Object Repository/MOH AND GRN/Page_KDMC - CMS/input_txtmrp'

2018-05-28 13:20:24 - [MESSAGE][PASSED] - Text '35.0' is set on object 'Object Repository/MOH AND GRN/Page_KDMC - CMS/input_txtmrp'

2018-05-28 13:20:24 - [TEST_STEP][PASSED] - setText: Finding Test Object with id 'Object Repository/MOH AND GRN/Page_KDMC - CMS/input_txtdeal'

2018-05-28 13:20:24 - [TEST_STEP][PASSED] - Statement - switch (id): Finding Test Object with id 'Object Repository/MOH AND GRN/Page_KDMC - CMS/input_txtbatchno'

2018-05-28 13:20:24 - [TEST_STEP][PASSED] - Statement - case 5:: Text '9.0' is set on object 'Object Repository/MOH AND GRN/Page_KDMC - CMS/input_txtdeal'

2018-05-28 13:20:24 - [TEST_STEP][PASSED] - Statement - return (java.lang.Math.floor((java.lang.Math.random() * ((max - min) + 1))) + min): Text '9.0' is set on object 'Object Repository/MOH AND GRN/Page_KDMC - CMS/input_txtdeal'

2018-05-28 13:20:24 - [MESSAGE][PASSED] - Text '9.0' is set on object 'Object Repository/MOH AND GRN/Page_KDMC - CMS/input_txtdeal'

2018-05-28 13:20:24 - [TEST_STEP][PASSED] - setText: Finding Test Object with id 'Object Repository/MOH AND GRN/Page_KDMC - CMS/input_txtbatchno'

2018-05-28 13:20:24 - [TEST_STEP][PASSED] - Statement - switch (id): Finding Test Object with id 'Object Repository/MOH AND GRN/Page_KDMC - CMS/input_txtmrp'

2018-05-28 13:20:24 - [TEST_STEP][PASSED] - Statement - case 1:: Text 'BA33.0' is set on object 'Object Repository/MOH AND GRN/Page_KDMC - CMS/input_txtbatchno'

2018-05-28 13:20:24 - [TEST_STEP][PASSED] - Statement - return (java.lang.Math.floor((java.lang.Math.random() * ((max - min) + 1))) + min): Text 'BA33.0' is set on object 'Object Repository/MOH AND GRN/Page_KDMC - CMS/input_txtbatchno'

2018-05-28 13:20:24 - [MESSAGE][PASSED] - Text 'BA33.0' is set on object 'Object Repository/MOH AND GRN/Page_KDMC - CMS/input_txtbatchno'

2018-05-28 13:20:24 - [TEST_STEP][PASSED] - rightClick: Object: 'Object Repository/GRN/Page_KDMC - CMS/input_txtexpdate' is right clicked on

2018-05-28 13:20:24 - [MESSAGE][PASSED] - Object: 'Object Repository/GRN/Page_KDMC - CMS/input_txtexpdate' is right clicked on

2018-05-28 13:20:24 - [TEST_STEP][PASSED] - selectOptionByIndex: All options with index in [4] are selected on object 'Object Repository/GRN/Page_KDMC - CMS/select_20182019202020212022202'

2018-05-28 13:20:24 - [MESSAGE][PASSED] - All options with index in [4] are selected on object 'Object Repository/GRN/Page_KDMC - CMS/select_20182019202020212022202'

2018-05-28 13:20:24 - [TEST_STEP][PASSED] - selectOptionByIndex: All options with index in [4] are selected on object 'Object Repository/GRN/Page_KDMC - CMS/select_JanFebMarAprMayJunJulAu'

2018-05-28 13:20:25 - [MESSAGE][PASSED] - All options with index in [4] are selected on object 'Object Repository/GRN/Page_KDMC - CMS/select_JanFebMarAprMayJunJulAu'

2018-05-28 13:20:25 - [TEST_STEP][PASSED] - click: Object: 'Object Repository/MOH AND GRN/Page_KDMC - CMS/a_12' is clicked on

2018-05-28 13:20:25 - [MESSAGE][PASSED] - Object: 'Object Repository/MOH AND GRN/Page_KDMC - CMS/a_12' is clicked on

2018-05-28 13:20:25 - [TEST_STEP][PASSED] - click: Object: 'Object Repository/MOH AND GRN/Page_KDMC - CMS/input_btnadd' is clicked on

2018-05-28 13:20:25 - [MESSAGE][PASSED] - Object: 'Object Repository/MOH AND GRN/Page_KDMC - CMS/input_btnadd' is clicked on

2018-05-28 13:20:25 - [TEST_STEP][PASSED] - Statement - If (s == 10): null

2018-05-28 13:20:25 - [TEST_STEP][PASSED] - Statement - Else: null

2018-05-28 13:20:25 - [TEST_STEP][PASSED] - Statement - (s++): null

2018-05-28 13:20:25 - [TEST_STEP][PASSED] - delay: Delayed 1 second(s)

2018-05-28 13:20:26 - [MESSAGE][PASSED] - Delayed 1 second(s)

2018-05-28 13:20:26 - [TEST_STEP][PASSED] - selectOptionByIndex: All options with index in [35] are selected on object 'Object Repository/MOH AND GRN/Page_KDMC - CMS/select_--Select--Amikacin -500'

2018-05-28 13:20:26 - [MESSAGE][PASSED] - All options with index in [35] are selected on object 'Object Repository/MOH AND GRN/Page_KDMC - CMS/select_--Select--Amikacin -500'

2018-05-28 13:20:26 - [TEST_STEP][PASSED] - setText: Text '5000' is set on object 'Object Repository/MOH AND GRN/Page_KDMC - CMS/input_txtqty'

2018-05-28 13:20:26 - [MESSAGE][PASSED] - Text '5000' is set on object 'Object Repository/MOH AND GRN/Page_KDMC - CMS/input_txtqty'

2018-05-28 13:20:26 - [TEST_STEP][PASSED] - selectOptionByIndex: All options with index in [1] are selected on object 'Object Repository/MOH AND GRN/Page_KDMC - CMS/select_--Select--No Tax0'

2018-05-28 13:20:27 - [MESSAGE][PASSED] - All options with index in [1] are selected on object 'Object Repository/MOH AND GRN/Page_KDMC - CMS/select_--Select--No Tax0'

2018-05-28 13:20:27 - [TEST_STEP][PASSED] - setText: Finding Test Object with id 'Object Repository/MOH AND GRN/Page_KDMC - CMS/input_txtmrp'

2018-05-28 13:20:27 - [TEST_STEP][PASSED] - Statement - switch (id): Finding Test Object with id 'Object Repository/MOH AND GRN/Page_KDMC - CMS/input_txtdeal'

2018-05-28 13:20:27 - [TEST_STEP][PASSED] - Statement - case 4:: Text '33.0' is set on object 'Object Repository/MOH AND GRN/Page_KDMC - CMS/input_txtmrp'

2018-05-28 13:20:27 - [TEST_STEP][PASSED] - Statement - return (java.lang.Math.floor((java.lang.Math.random() * ((max - min) + 1))) + min): Text '33.0' is set on object 'Object Repository/MOH AND GRN/Page_KDMC - CMS/input_txtmrp'

2018-05-28 13:20:27 - [MESSAGE][PASSED] - Text '33.0' is set on object 'Object Repository/MOH AND GRN/Page_KDMC - CMS/input_txtmrp'

2018-05-28 13:20:27 - [TEST_STEP][PASSED] - setText: Finding Test Object with id 'Object Repository/MOH AND GRN/Page_KDMC - CMS/input_txtdeal'

2018-05-28 13:20:27 - [TEST_STEP][PASSED] - Statement - switch (id): Finding Test Object with id 'Object Repository/MOH AND GRN/Page_KDMC - CMS/input_txtbatchno'

2018-05-28 13:20:27 - [TEST_STEP][PASSED] - Statement - case 5:: Text '3.0' is set on object 'Object Repository/MOH AND GRN/Page_KDMC - CMS/input_txtdeal'

2018-05-28 13:20:27 - [TEST_STEP][PASSED] - Statement - return (java.lang.Math.floor((java.lang.Math.random() * ((max - min) + 1))) + min): Text '3.0' is set on object 'Object Repository/MOH AND GRN/Page_KDMC - CMS/input_txtdeal'

2018-05-28 13:20:27 - [MESSAGE][PASSED] - Text '3.0' is set on object 'Object Repository/MOH AND GRN/Page_KDMC - CMS/input_txtdeal'

2018-05-28 13:20:27 - [TEST_STEP][PASSED] - setText: Finding Test Object with id 'Object Repository/MOH AND GRN/Page_KDMC - CMS/input_txtbatchno'

2018-05-28 13:20:27 - [TEST_STEP][PASSED] - Statement - switch (id): Finding Test Object with id 'Object Repository/MOH AND GRN/Page_KDMC - CMS/input_txtmrp'

2018-05-28 13:20:27 - [TEST_STEP][PASSED] - Statement - case 1:: Text 'BA198.0' is set on object 'Object Repository/MOH AND GRN/Page_KDMC - CMS/input_txtbatchno'

2018-05-28 13:20:27 - [TEST_STEP][PASSED] - Statement - return (java.lang.Math.floor((java.lang.Math.random() * ((max - min) + 1))) + min): Text 'BA198.0' is set on object 'Object Repository/MOH AND GRN/Page_KDMC - CMS/input_txtbatchno'

2018-05-28 13:20:27 - [MESSAGE][PASSED] - Text 'BA198.0' is set on object 'Object Repository/MOH AND GRN/Page_KDMC - CMS/input_txtbatchno'

2018-05-28 13:20:27 - [TEST_STEP][PASSED] - rightClick: Object: 'Object Repository/GRN/Page_KDMC - CMS/input_txtexpdate' is right clicked on

2018-05-28 13:20:27 - [MESSAGE][PASSED] - Object: 'Object Repository/GRN/Page_KDMC - CMS/input_txtexpdate' is right clicked on

2018-05-28 13:20:27 - [TEST_STEP][PASSED] - selectOptionByIndex: All options with index in [5] are selected on object 'Object Repository/GRN/Page_KDMC - CMS/select_20182019202020212022202'

2018-05-28 13:20:27 - [MESSAGE][PASSED] - All options with index in [5] are selected on object 'Object Repository/GRN/Page_KDMC - CMS/select_20182019202020212022202'

2018-05-28 13:20:27 - [TEST_STEP][PASSED] - selectOptionByIndex: All options with index in [5] are selected on object 'Object Repository/GRN/Page_KDMC - CMS/select_JanFebMarAprMayJunJulAu'

2018-05-28 13:20:27 - [MESSAGE][PASSED] - All options with index in [5] are selected on object 'Object Repository/GRN/Page_KDMC - CMS/select_JanFebMarAprMayJunJulAu'

2018-05-28 13:20:27 - [TEST_STEP][PASSED] - click: Object: 'Object Repository/MOH AND GRN/Page_KDMC - CMS/a_12' is clicked on

2018-05-28 13:20:27 - [MESSAGE][PASSED] - Object: 'Object Repository/MOH AND GRN/Page_KDMC - CMS/a_12' is clicked on

2018-05-28 13:20:27 - [TEST_STEP][PASSED] - click: Object: 'Object Repository/MOH AND GRN/Page_KDMC - CMS/input_btnadd' is clicked on

2018-05-28 13:20:28 - [MESSAGE][PASSED] - Object: 'Object Repository/MOH AND GRN/Page_KDMC - CMS/input_btnadd' is clicked on

2018-05-28 13:20:28 - [TEST_STEP][PASSED] - Statement - If (s == 10): null

2018-05-28 13:20:28 - [TEST_STEP][PASSED] - Statement - Else: null

2018-05-28 13:20:28 - [TEST_STEP][PASSED] - Statement - (s++): null

2018-05-28 13:20:28 - [TEST_STEP][PASSED] - delay: Delayed 1 second(s)

2018-05-28 13:20:29 - [MESSAGE][PASSED] - Delayed 1 second(s)

2018-05-28 13:20:29 - [TEST_STEP][PASSED] - selectOptionByIndex: All options with index in [36] are selected on object 'Object Repository/MOH AND GRN/Page_KDMC - CMS/select_--Select--Amikacin -500'

2018-05-28 13:20:29 - [MESSAGE][PASSED] - All options with index in [36] are selected on object 'Object Repository/MOH AND GRN/Page_KDMC - CMS/select_--Select--Amikacin -500'

2018-05-28 13:20:29 - [TEST_STEP][PASSED] - setText: Text '5000' is set on object 'Object Repository/MOH AND GRN/Page_KDMC - CMS/input_txtqty'

2018-05-28 13:20:29 - [MESSAGE][PASSED] - Text '5000' is set on object 'Object Repository/MOH AND GRN/Page_KDMC - CMS/input_txtqty'

2018-05-28 13:20:29 - [TEST_STEP][PASSED] - selectOptionByIndex: All options with index in [1] are selected on object 'Object Repository/MOH AND GRN/Page_KDMC - CMS/select_--Select--No Tax0'

2018-05-28 13:20:29 - [MESSAGE][PASSED] - All options with index in [1] are selected on object 'Object Repository/MOH AND GRN/Page_KDMC - CMS/select_--Select--No Tax0'

2018-05-28 13:20:29 - [TEST_STEP][PASSED] - setText: Finding Test Object with id 'Object Repository/MOH AND GRN/Page_KDMC - CMS/input_txtmrp'

2018-05-28 13:20:29 - [TEST_STEP][PASSED] - Statement - switch (id): Finding Test Object with id 'Object Repository/MOH AND GRN/Page_KDMC - CMS/input_txtdeal'

2018-05-28 13:20:29 - [TEST_STEP][PASSED] - Statement - case 4:: Text '16.0' is set on object 'Object Repository/MOH AND GRN/Page_KDMC - CMS/input_txtmrp'

2018-05-28 13:20:29 - [TEST_STEP][PASSED] - Statement - return (java.lang.Math.floor((java.lang.Math.random() * ((max - min) + 1))) + min): Text '16.0' is set on object 'Object Repository/MOH AND GRN/Page_KDMC - CMS/input_txtmrp'

2018-05-28 13:20:29 - [MESSAGE][PASSED] - Text '16.0' is set on object 'Object Repository/MOH AND GRN/Page_KDMC - CMS/input_txtmrp'

2018-05-28 13:20:29 - [TEST_STEP][PASSED] - setText: Finding Test Object with id 'Object Repository/MOH AND GRN/Page_KDMC - CMS/input_txtdeal'

2018-05-28 13:20:29 - [TEST_STEP][PASSED] - Statement - switch (id): Finding Test Object with id 'Object Repository/MOH AND GRN/Page_KDMC - CMS/input_txtbatchno'

2018-05-28 13:20:29 - [TEST_STEP][PASSED] - Statement - case 5:: Text '10.0' is set on object 'Object Repository/MOH AND GRN/Page_KDMC - CMS/input_txtdeal'

2018-05-28 13:20:29 - [TEST_STEP][PASSED] - Statement - return (java.lang.Math.floor((java.lang.Math.random() * ((max - min) + 1))) + min): Text '10.0' is set on object 'Object Repository/MOH AND GRN/Page_KDMC - CMS/input_txtdeal'

2018-05-28 13:20:29 - [MESSAGE][PASSED] - Text '10.0' is set on object 'Object Repository/MOH AND GRN/Page_KDMC - CMS/input_txtdeal'

2018-05-28 13:20:29 - [TEST_STEP][PASSED] - setText: Finding Test Object with id 'Object Repository/MOH AND GRN/Page_KDMC - CMS/input_txtbatchno'

2018-05-28 13:20:29 - [TEST_STEP][PASSED] - Statement - switch (id): Finding Test Object with id 'Object Repository/MOH AND GRN/Page_KDMC - CMS/input_txtmrp'

2018-05-28 13:20:29 - [TEST_STEP][PASSED] - Statement - case 1:: Text 'BA979.0' is set on object 'Object Repository/MOH AND GRN/Page_KDMC - CMS/input_txtbatchno'

2018-05-28 13:20:29 - [TEST_STEP][PASSED] - Statement - return (java.lang.Math.floor((java.lang.Math.random() * ((max - min) + 1))) + min): Text 'BA979.0' is set on object 'Object Repository/MOH AND GRN/Page_KDMC - CMS/input_txtbatchno'

2018-05-28 13:20:30 - [MESSAGE][PASSED] - Text 'BA979.0' is set on object 'Object Repository/MOH AND GRN/Page_KDMC - CMS/input_txtbatchno'

2018-05-28 13:20:30 - [TEST_STEP][PASSED] - rightClick: Object: 'Object Repository/GRN/Page_KDMC - CMS/input_txtexpdate' is right clicked on

2018-05-28 13:20:30 - [MESSAGE][PASSED] - Object: 'Object Repository/GRN/Page_KDMC - CMS/input_txtexpdate' is right clicked on

2018-05-28 13:20:30 - [TEST_STEP][PASSED] - selectOptionByIndex: All options with index in [6] are selected on object 'Object Repository/GRN/Page_KDMC - CMS/select_20182019202020212022202'

2018-05-28 13:20:30 - [MESSAGE][PASSED] - All options with index in [6] are selected on object 'Object Repository/GRN/Page_KDMC - CMS/select_20182019202020212022202'

2018-05-28 13:20:30 - [TEST_STEP][PASSED] - selectOptionByIndex: All options with index in [6] are selected on object 'Object Repository/GRN/Page_KDMC - CMS/select_JanFebMarAprMayJunJulAu'

2018-05-28 13:20:30 - [MESSAGE][PASSED] - All options with index in [6] are selected on object 'Object Repository/GRN/Page_KDMC - CMS/select_JanFebMarAprMayJunJulAu'

2018-05-28 13:20:30 - [TEST_STEP][PASSED] - click: Object: 'Object Repository/MOH AND GRN/Page_KDMC - CMS/a_12' is clicked on

2018-05-28 13:20:30 - [MESSAGE][PASSED] - Object: 'Object Repository/MOH AND GRN/Page_KDMC - CMS/a_12' is clicked on

2018-05-28 13:20:30 - [TEST_STEP][PASSED] - click: Object: 'Object Repository/MOH AND GRN/Page_KDMC - CMS/input_btnadd' is clicked on

2018-05-28 13:20:30 - [MESSAGE][PASSED] - Object: 'Object Repository/MOH AND GRN/Page_KDMC - CMS/input_btnadd' is clicked on

2018-05-28 13:20:30 - [TEST_STEP][PASSED] - Statement - If (s == 10): null

2018-05-28 13:20:30 - [TEST_STEP][PASSED] - Statement - Else: null

2018-05-28 13:20:30 - [TEST_STEP][PASSED] - Statement - (s++): null

2018-05-28 13:20:30 - [TEST_STEP][PASSED] - delay: Delayed 1 second(s)

2018-05-28 13:20:31 - [MESSAGE][PASSED] - Delayed 1 second(s)

2018-05-28 13:20:31 - [TEST_STEP][PASSED] - selectOptionByIndex: All options with index in [37] are selected on object 'Object Repository/MOH AND GRN/Page_KDMC - CMS/select_--Select--Amikacin -500'

2018-05-28 13:20:32 - [MESSAGE][PASSED] - All options with index in [37] are selected on object 'Object Repository/MOH AND GRN/Page_KDMC - CMS/select_--Select--Amikacin -500'

2018-05-28 13:20:32 - [TEST_STEP][PASSED] - setText: Text '5000' is set on object 'Object Repository/MOH AND GRN/Page_KDMC - CMS/input_txtqty'

2018-05-28 13:20:32 - [MESSAGE][PASSED] - Text '5000' is set on object 'Object Repository/MOH AND GRN/Page_KDMC - CMS/input_txtqty'

2018-05-28 13:20:32 - [TEST_STEP][PASSED] - selectOptionByIndex: All options with index in [1] are selected on object 'Object Repository/MOH AND GRN/Page_KDMC - CMS/select_--Select--No Tax0'

2018-05-28 13:20:32 - [MESSAGE][PASSED] - All options with index in [1] are selected on object 'Object Repository/MOH AND GRN/Page_KDMC - CMS/select_--Select--No Tax0'

2018-05-28 13:20:32 - [TEST_STEP][PASSED] - setText: Finding Test Object with id 'Object Repository/MOH AND GRN/Page_KDMC - CMS/input_txtmrp'

2018-05-28 13:20:32 - [TEST_STEP][PASSED] - Statement - switch (id): Finding Test Object with id 'Object Repository/MOH AND GRN/Page_KDMC - CMS/input_txtdeal'

2018-05-28 13:20:32 - [TEST_STEP][PASSED] - Statement - case 4:: Text '29.0' is set on object 'Object Repository/MOH AND GRN/Page_KDMC - CMS/input_txtmrp'

2018-05-28 13:20:32 - [TEST_STEP][PASSED] - Statement - return (java.lang.Math.floor((java.lang.Math.random() * ((max - min) + 1))) + min): Text '29.0' is set on object 'Object Repository/MOH AND GRN/Page_KDMC - CMS/input_txtmrp'

2018-05-28 13:20:32 - [MESSAGE][PASSED] - Text '29.0' is set on object 'Object Repository/MOH AND GRN/Page_KDMC - CMS/input_txtmrp'

2018-05-28 13:20:32 - [TEST_STEP][PASSED] - setText: Finding Test Object with id 'Object Repository/MOH AND GRN/Page_KDMC - CMS/input_txtdeal'

2018-05-28 13:20:32 - [TEST_STEP][PASSED] - Statement - switch (id): Finding Test Object with id 'Object Repository/MOH AND GRN/Page_KDMC - CMS/input_txtbatchno'

2018-05-28 13:20:32 - [TEST_STEP][PASSED] - Statement - case 5:: Text '9.0' is set on object 'Object Repository/MOH AND GRN/Page_KDMC - CMS/input_txtdeal'

2018-05-28 13:20:32 - [TEST_STEP][PASSED] - Statement - return (java.lang.Math.floor((java.lang.Math.random() * ((max - min) + 1))) + min): Text '9.0' is set on object 'Object Repository/MOH AND GRN/Page_KDMC - CMS/input_txtdeal'

2018-05-28 13:20:32 - [MESSAGE][PASSED] - Text '9.0' is set on object 'Object Repository/MOH AND GRN/Page_KDMC - CMS/input_txtdeal'

2018-05-28 13:20:32 - [TEST_STEP][PASSED] - setText: Finding Test Object with id 'Object Repository/MOH AND GRN/Page_KDMC - CMS/input_txtbatchno'

2018-05-28 13:20:32 - [TEST_STEP][PASSED] - Statement - switch (id): Finding Test Object with id 'Object Repository/MOH AND GRN/Page_KDMC - CMS/input_txtmrp'

2018-05-28 13:20:32 - [TEST_STEP][PASSED] - Statement - case 1:: Text 'BA419.0' is set on object 'Object Repository/MOH AND GRN/Page_KDMC - CMS/input_txtbatchno'

2018-05-28 13:20:32 - [TEST_STEP][PASSED] - Statement - return (java.lang.Math.floor((java.lang.Math.random() * ((max - min) + 1))) + min): Text 'BA419.0' is set on object 'Object Repository/MOH AND GRN/Page_KDMC - CMS/input_txtbatchno'

2018-05-28 13:20:32 - [MESSAGE][PASSED] - Text 'BA419.0' is set on object 'Object Repository/MOH AND GRN/Page_KDMC - CMS/input_txtbatchno'

2018-05-28 13:20:32 - [TEST_STEP][PASSED] - rightClick: Object: 'Object Repository/GRN/Page_KDMC - CMS/input_txtexpdate' is right clicked on

2018-05-28 13:20:32 - [MESSAGE][PASSED] - Object: 'Object Repository/GRN/Page_KDMC - CMS/input_txtexpdate' is right clicked on

2018-05-28 13:20:32 - [TEST_STEP][PASSED] - selectOptionByIndex: All options with index in [7] are selected on object 'Object Repository/GRN/Page_KDMC - CMS/select_20182019202020212022202'

2018-05-28 13:20:33 - [MESSAGE][PASSED] - All options with index in [7] are selected on object 'Object Repository/GRN/Page_KDMC - CMS/select_20182019202020212022202'

2018-05-28 13:20:33 - [TEST_STEP][PASSED] - selectOptionByIndex: All options with index in [7] are selected on object 'Object Repository/GRN/Page_KDMC - CMS/select_JanFebMarAprMayJunJulAu'

2018-05-28 13:20:33 - [MESSAGE][PASSED] - All options with index in [7] are selected on object 'Object Repository/GRN/Page_KDMC - CMS/select_JanFebMarAprMayJunJulAu'

2018-05-28 13:20:33 - [TEST_STEP][PASSED] - click: Object: 'Object Repository/MOH AND GRN/Page_KDMC - CMS/a_12' is clicked on

2018-05-28 13:20:33 - [MESSAGE][PASSED] - Object: 'Object Repository/MOH AND GRN/Page_KDMC - CMS/a_12' is clicked on

2018-05-28 13:20:33 - [TEST_STEP][PASSED] - click: Object: 'Object Repository/MOH AND GRN/Page_KDMC - CMS/input_btnadd' is clicked on

2018-05-28 13:20:33 - [MESSAGE][PASSED] - Object: 'Object Repository/MOH AND GRN/Page_KDMC - CMS/input_btnadd' is clicked on

2018-05-28 13:20:33 - [TEST_STEP][PASSED] - Statement - If (s == 10): null

2018-05-28 13:20:33 - [TEST_STEP][PASSED] - Statement - Else: null

2018-05-28 13:20:33 - [TEST_STEP][PASSED] - Statement - (s++): null

2018-05-28 13:20:33 - [TEST_STEP][PASSED] - delay: Delayed 1 second(s)

2018-05-28 13:20:34 - [MESSAGE][PASSED] - Delayed 1 second(s)

2018-05-28 13:20:34 - [TEST_STEP][PASSED] - selectOptionByIndex: All options with index in [38] are selected on object 'Object Repository/MOH AND GRN/Page_KDMC - CMS/select_--Select--Amikacin -500'

2018-05-28 13:20:35 - [MESSAGE][PASSED] - All options with index in [38] are selected on object 'Object Repository/MOH AND GRN/Page_KDMC - CMS/select_--Select--Amikacin -500'

2018-05-28 13:20:35 - [TEST_STEP][PASSED] - setText: Text '5000' is set on object 'Object Repository/MOH AND GRN/Page_KDMC - CMS/input_txtqty'

2018-05-28 13:20:35 - [MESSAGE][PASSED] - Text '5000' is set on object 'Object Repository/MOH AND GRN/Page_KDMC - CMS/input_txtqty'

2018-05-28 13:20:35 - [TEST_STEP][PASSED] - selectOptionByIndex: All options with index in [1] are selected on object 'Object Repository/MOH AND GRN/Page_KDMC - CMS/select_--Select--No Tax0'

2018-05-28 13:20:35 - [MESSAGE][PASSED] - All options with index in [1] are selected on object 'Object Repository/MOH AND GRN/Page_KDMC - CMS/select_--Select--No Tax0'

2018-05-28 13:20:35 - [TEST_STEP][PASSED] - setText: Finding Test Object with id 'Object Repository/MOH AND GRN/Page_KDMC - CMS/input_txtmrp'

2018-05-28 13:20:35 - [TEST_STEP][PASSED] - Statement - switch (id): Finding Test Object with id 'Object Repository/MOH AND GRN/Page_KDMC - CMS/input_txtdeal'

2018-05-28 13:20:35 - [TEST_STEP][PASSED] - Statement - case 4:: Text '19.0' is set on object 'Object Repository/MOH AND GRN/Page_KDMC - CMS/input_txtmrp'

2018-05-28 13:20:35 - [TEST_STEP][PASSED] - Statement - return (java.lang.Math.floor((java.lang.Math.random() * ((max - min) + 1))) + min): Text '19.0' is set on object 'Object Repository/MOH AND GRN/Page_KDMC - CMS/input_txtmrp'

2018-05-28 13:20:35 - [MESSAGE][PASSED] - Text '19.0' is set on object 'Object Repository/MOH AND GRN/Page_KDMC - CMS/input_txtmrp'

2018-05-28 13:20:35 - [TEST_STEP][PASSED] - setText: Finding Test Object with id 'Object Repository/MOH AND GRN/Page_KDMC - CMS/input_txtdeal'

2018-05-28 13:20:35 - [TEST_STEP][PASSED] - Statement - switch (id): Finding Test Object with id 'Object Repository/MOH AND GRN/Page_KDMC - CMS/input_txtbatchno'

2018-05-28 13:20:35 - [TEST_STEP][PASSED] - Statement - case 5:: Text '2.0' is set on object 'Object Repository/MOH AND GRN/Page_KDMC - CMS/input_txtdeal'

2018-05-28 13:20:35 - [TEST_STEP][PASSED] - Statement - return (java.lang.Math.floor((java.lang.Math.random() * ((max - min) + 1))) + min): Text '2.0' is set on object 'Object Repository/MOH AND GRN/Page_KDMC - CMS/input_txtdeal'

2018-05-28 13:20:35 - [MESSAGE][PASSED] - Text '2.0' is set on object 'Object Repository/MOH AND GRN/Page_KDMC - CMS/input_txtdeal'

2018-05-28 13:20:35 - [TEST_STEP][PASSED] - setText: Finding Test Object with id 'Object Repository/MOH AND GRN/Page_KDMC - CMS/input_txtbatchno'

2018-05-28 13:20:35 - [TEST_STEP][PASSED] - Statement - switch (id): Finding Test Object with id 'Object Repository/MOH AND GRN/Page_KDMC - CMS/input_txtmrp'

2018-05-28 13:20:35 - [TEST_STEP][PASSED] - Statement - case 1:: Text 'BA699.0' is set on object 'Object Repository/MOH AND GRN/Page_KDMC - CMS/input_txtbatchno'

2018-05-28 13:20:35 - [TEST_STEP][PASSED] - Statement - return (java.lang.Math.floor((java.lang.Math.random() * ((max - min) + 1))) + min): Text 'BA699.0' is set on object 'Object Repository/MOH AND GRN/Page_KDMC - CMS/input_txtbatchno'

2018-05-28 13:20:35 - [MESSAGE][PASSED] - Text 'BA699.0' is set on object 'Object Repository/MOH AND GRN/Page_KDMC - CMS/input_txtbatchno'

2018-05-28 13:20:35 - [TEST_STEP][PASSED] - rightClick: Object: 'Object Repository/GRN/Page_KDMC - CMS/input_txtexpdate' is right clicked on

2018-05-28 13:20:35 - [MESSAGE][PASSED] - Object: 'Object Repository/GRN/Page_KDMC - CMS/input_txtexpdate' is right clicked on

2018-05-28 13:20:35 - [TEST_STEP][PASSED] - selectOptionByIndex: All options with index in [8] are selected on object 'Object Repository/GRN/Page_KDMC - CMS/select_20182019202020212022202'

2018-05-28 13:20:36 - [MESSAGE][PASSED] - All options with index in [8] are selected on object 'Object Repository/GRN/Page_KDMC - CMS/select_20182019202020212022202'

2018-05-28 13:20:36 - [TEST_STEP][PASSED] - selectOptionByIndex: All options with index in [8] are selected on object 'Object Repository/GRN/Page_KDMC - CMS/select_JanFebMarAprMayJunJulAu'

2018-05-28 13:20:36 - [MESSAGE][PASSED] - All options with index in [8] are selected on object 'Object Repository/GRN/Page_KDMC - CMS/select_JanFebMarAprMayJunJulAu'

2018-05-28 13:20:36 - [TEST_STEP][PASSED] - click: Object: 'Object Repository/MOH AND GRN/Page_KDMC - CMS/a_12' is clicked on

2018-05-28 13:20:36 - [MESSAGE][PASSED] - Object: 'Object Repository/MOH AND GRN/Page_KDMC - CMS/a_12' is clicked on

2018-05-28 13:20:36 - [TEST_STEP][PASSED] - click: Object: 'Object Repository/MOH AND GRN/Page_KDMC - CMS/input_btnadd' is clicked on

2018-05-28 13:20:36 - [MESSAGE][PASSED] - Object: 'Object Repository/MOH AND GRN/Page_KDMC - CMS/input_btnadd' is clicked on

2018-05-28 13:20:36 - [TEST_STEP][PASSED] - Statement - If (s == 10): null

2018-05-28 13:20:36 - [TEST_STEP][PASSED] - Statement - Else: null

2018-05-28 13:20:36 - [TEST_STEP][PASSED] - Statement - (s++): null

2018-05-28 13:20:36 - [TEST_STEP][PASSED] - delay: Delayed 1 second(s)

2018-05-28 13:20:37 - [MESSAGE][PASSED] - Delayed 1 second(s)

2018-05-28 13:20:37 - [TEST_STEP][PASSED] - selectOptionByIndex: All options with index in [39] are selected on object 'Object Repository/MOH AND GRN/Page_KDMC - CMS/select_--Select--Amikacin -500'

2018-05-28 13:20:38 - [MESSAGE][PASSED] - All options with index in [39] are selected on object 'Object Repository/MOH AND GRN/Page_KDMC - CMS/select_--Select--Amikacin -500'

2018-05-28 13:20:38 - [TEST_STEP][PASSED] - setText: Text '5000' is set on object 'Object Repository/MOH AND GRN/Page_KDMC - CMS/input_txtqty'

2018-05-28 13:20:38 - [MESSAGE][PASSED] - Text '5000' is set on object 'Object Repository/MOH AND GRN/Page_KDMC - CMS/input_txtqty'

2018-05-28 13:20:38 - [TEST_STEP][PASSED] - selectOptionByIndex: All options with index in [1] are selected on object 'Object Repository/MOH AND GRN/Page_KDMC - CMS/select_--Select--No Tax0'

2018-05-28 13:20:38 - [MESSAGE][PASSED] - All options with index in [1] are selected on object 'Object Repository/MOH AND GRN/Page_KDMC - CMS/select_--Select--No Tax0'

2018-05-28 13:20:38 - [TEST_STEP][PASSED] - setText: Finding Test Object with id 'Object Repository/MOH AND GRN/Page_KDMC - CMS/input_txtmrp'

2018-05-28 13:20:38 - [TEST_STEP][PASSED] - Statement - switch (id): Finding Test Object with id 'Object Repository/MOH AND GRN/Page_KDMC - CMS/input_txtdeal'

2018-05-28 13:20:38 - [TEST_STEP][PASSED] - Statement - case 4:: Text '24.0' is set on object 'Object Repository/MOH AND GRN/Page_KDMC - CMS/input_txtmrp'

2018-05-28 13:20:38 - [TEST_STEP][PASSED] - Statement - return (java.lang.Math.floor((java.lang.Math.random() * ((max - min) + 1))) + min): Text '24.0' is set on object 'Object Repository/MOH AND GRN/Page_KDMC - CMS/input_txtmrp'

2018-05-28 13:20:38 - [MESSAGE][PASSED] - Text '24.0' is set on object 'Object Repository/MOH AND GRN/Page_KDMC - CMS/input_txtmrp'

2018-05-28 13:20:38 - [TEST_STEP][PASSED] - setText: Finding Test Object with id 'Object Repository/MOH AND GRN/Page_KDMC - CMS/input_txtdeal'

2018-05-28 13:20:38 - [TEST_STEP][PASSED] - Statement - switch (id): Finding Test Object with id 'Object Repository/MOH AND GRN/Page_KDMC - CMS/input_txtbatchno'

2018-05-28 13:20:38 - [TEST_STEP][PASSED] - Statement - case 5:: Text '7.0' is set on object 'Object Repository/MOH AND GRN/Page_KDMC - CMS/input_txtdeal'

2018-05-28 13:20:38 - [TEST_STEP][PASSED] - Statement - return (java.lang.Math.floor((java.lang.Math.random() * ((max - min) + 1))) + min): Text '7.0' is set on object 'Object Repository/MOH AND GRN/Page_KDMC - CMS/input_txtdeal'

2018-05-28 13:20:38 - [MESSAGE][PASSED] - Text '7.0' is set on object 'Object Repository/MOH AND GRN/Page_KDMC - CMS/input_txtdeal'

2018-05-28 13:20:38 - [TEST_STEP][PASSED] - setText: Finding Test Object with id 'Object Repository/MOH AND GRN/Page_KDMC - CMS/input_txtbatchno'

2018-05-28 13:20:38 - [TEST_STEP][PASSED] - Statement - switch (id): Finding Test Object with id 'Object Repository/MOH AND GRN/Page_KDMC - CMS/input_txtmrp'

2018-05-28 13:20:38 - [TEST_STEP][PASSED] - Statement - case 1:: Text 'BA749.0' is set on object 'Object Repository/MOH AND GRN/Page_KDMC - CMS/input_txtbatchno'

2018-05-28 13:20:38 - [TEST_STEP][PASSED] - Statement - return (java.lang.Math.floor((java.lang.Math.random() * ((max - min) + 1))) + min): Text 'BA749.0' is set on object 'Object Repository/MOH AND GRN/Page_KDMC - CMS/input_txtbatchno'

2018-05-28 13:20:38 - [MESSAGE][PASSED] - Text 'BA749.0' is set on object 'Object Repository/MOH AND GRN/Page_KDMC - CMS/input_txtbatchno'

2018-05-28 13:20:38 - [TEST_STEP][PASSED] - rightClick: Object: 'Object Repository/GRN/Page_KDMC - CMS/input_txtexpdate' is right clicked on

2018-05-28 13:20:38 - [MESSAGE][PASSED] - Object: 'Object Repository/GRN/Page_KDMC - CMS/input_txtexpdate' is right clicked on

2018-05-28 13:20:38 - [TEST_STEP][PASSED] - selectOptionByIndex: All options with index in [9] are selected on object 'Object Repository/GRN/Page_KDMC - CMS/select_20182019202020212022202'

2018-05-28 13:20:38 - [MESSAGE][PASSED] - All options with index in [9] are selected on object 'Object Repository/GRN/Page_KDMC - CMS/select_20182019202020212022202'

2018-05-28 13:20:38 - [TEST_STEP][PASSED] - selectOptionByIndex: All options with index in [9] are selected on object 'Object Repository/GRN/Page_KDMC - CMS/select_JanFebMarAprMayJunJulAu'

2018-05-28 13:20:39 - [MESSAGE][PASSED] - All options with index in [9] are selected on object 'Object Repository/GRN/Page_KDMC - CMS/select_JanFebMarAprMayJunJulAu'

2018-05-28 13:20:39 - [TEST_STEP][PASSED] - click: Object: 'Object Repository/MOH AND GRN/Page_KDMC - CMS/a_12' is clicked on

2018-05-28 13:20:39 - [MESSAGE][PASSED] - Object: 'Object Repository/MOH AND GRN/Page_KDMC - CMS/a_12' is clicked on

2018-05-28 13:20:39 - [TEST_STEP][PASSED] - click: Object: 'Object Repository/MOH AND GRN/Page_KDMC - CMS/input_btnadd' is clicked on

2018-05-28 13:20:39 - [MESSAGE][PASSED] - Object: 'Object Repository/MOH AND GRN/Page_KDMC - CMS/input_btnadd' is clicked on

2018-05-28 13:20:39 - [TEST_STEP][PASSED] - Statement - If (s == 10): null

2018-05-28 13:20:39 - [TEST_STEP][PASSED] - Statement - Else: null

2018-05-28 13:20:39 - [TEST_STEP][PASSED] - Statement - (s++): null

2018-05-28 13:20:39 - [TEST_STEP][PASSED] - delay: Delayed 1 second(s)

2018-05-28 13:20:40 - [MESSAGE][PASSED] - Delayed 1 second(s)

2018-05-28 13:20:40 - [TEST_STEP][PASSED] - selectOptionByIndex: All options with index in [40] are selected on object 'Object Repository/MOH AND GRN/Page_KDMC - CMS/select_--Select--Amikacin -500'

2018-05-28 13:20:41 - [MESSAGE][PASSED] - All options with index in [40] are selected on object 'Object Repository/MOH AND GRN/Page_KDMC - CMS/select_--Select--Amikacin -500'

2018-05-28 13:20:41 - [TEST_STEP][PASSED] - setText: Text '5000' is set on object 'Object Repository/MOH AND GRN/Page_KDMC - CMS/input_txtqty'

2018-05-28 13:20:41 - [MESSAGE][PASSED] - Text '5000' is set on object 'Object Repository/MOH AND GRN/Page_KDMC - CMS/input_txtqty'

2018-05-28 13:20:41 - [TEST_STEP][PASSED] - selectOptionByIndex: All options with index in [1] are selected on object 'Object Repository/MOH AND GRN/Page_KDMC - CMS/select_--Select--No Tax0'

2018-05-28 13:20:41 - [MESSAGE][PASSED] - All options with index in [1] are selected on object 'Object Repository/MOH AND GRN/Page_KDMC - CMS/select_--Select--No Tax0'

2018-05-28 13:20:41 - [TEST_STEP][PASSED] - setText: Finding Test Object with id 'Object Repository/MOH AND GRN/Page_KDMC - CMS/input_txtmrp'

2018-05-28 13:20:41 - [TEST_STEP][PASSED] - Statement - switch (id): Finding Test Object with id 'Object Repository/MOH AND GRN/Page_KDMC - CMS/input_txtdeal'

2018-05-28 13:20:41 - [TEST_STEP][PASSED] - Statement - case 4:: Text '16.0' is set on object 'Object Repository/MOH AND GRN/Page_KDMC - CMS/input_txtmrp'

2018-05-28 13:20:41 - [TEST_STEP][PASSED] - Statement - return (java.lang.Math.floor((java.lang.Math.random() * ((max - min) + 1))) + min): Text '16.0' is set on object 'Object Repository/MOH AND GRN/Page_KDMC - CMS/input_txtmrp'

2018-05-28 13:20:41 - [MESSAGE][PASSED] - Text '16.0' is set on object 'Object Repository/MOH AND GRN/Page_KDMC - CMS/input_txtmrp'

2018-05-28 13:20:41 - [TEST_STEP][PASSED] - setText: Finding Test Object with id 'Object Repository/MOH AND GRN/Page_KDMC - CMS/input_txtdeal'

2018-05-28 13:20:41 - [TEST_STEP][PASSED] - Statement - switch (id): Finding Test Object with id 'Object Repository/MOH AND GRN/Page_KDMC - CMS/input_txtbatchno'

2018-05-28 13:20:41 - [TEST_STEP][PASSED] - Statement - case 5:: Text '2.0' is set on object 'Object Repository/MOH AND GRN/Page_KDMC - CMS/input_txtdeal'

2018-05-28 13:20:41 - [TEST_STEP][PASSED] - Statement - return (java.lang.Math.floor((java.lang.Math.random() * ((max - min) + 1))) + min): Text '2.0' is set on object 'Object Repository/MOH AND GRN/Page_KDMC - CMS/input_txtdeal'

2018-05-28 13:20:41 - [MESSAGE][PASSED] - Text '2.0' is set on object 'Object Repository/MOH AND GRN/Page_KDMC - CMS/input_txtdeal'

2018-05-28 13:20:41 - [TEST_STEP][PASSED] - setText: Finding Test Object with id 'Object Repository/MOH AND GRN/Page_KDMC - CMS/input_txtbatchno'

2018-05-28 13:20:41 - [TEST_STEP][PASSED] - Statement - switch (id): Finding Test Object with id 'Object Repository/MOH AND GRN/Page_KDMC - CMS/input_txtmrp'

2018-05-28 13:20:41 - [TEST_STEP][PASSED] - Statement - case 1:: Text 'BA71.0' is set on object 'Object Repository/MOH AND GRN/Page_KDMC - CMS/input_txtbatchno'

2018-05-28 13:20:41 - [TEST_STEP][PASSED] - Statement - return (java.lang.Math.floor((java.lang.Math.random() * ((max - min) + 1))) + min): Text 'BA71.0' is set on object 'Object Repository/MOH AND GRN/Page_KDMC - CMS/input_txtbatchno'

2018-05-28 13:20:41 - [MESSAGE][PASSED] - Text 'BA71.0' is set on object 'Object Repository/MOH AND GRN/Page_KDMC - CMS/input_txtbatchno'

2018-05-28 13:20:41 - [TEST_STEP][PASSED] - rightClick: Object: 'Object Repository/GRN/Page_KDMC - CMS/input_txtexpdate' is right clicked on

2018-05-28 13:20:41 - [MESSAGE][PASSED] - Object: 'Object Repository/GRN/Page_KDMC - CMS/input_txtexpdate' is right clicked on

2018-05-28 13:20:41 - [TEST_STEP][PASSED] - selectOptionByIndex: All options with index in [10] are selected on object 'Object Repository/GRN/Page_KDMC - CMS/select_20182019202020212022202'

2018-05-28 13:20:41 - [MESSAGE][PASSED] - All options with index in [10] are selected on object 'Object Repository/GRN/Page_KDMC - CMS/select_20182019202020212022202'

2018-05-28 13:20:41 - [TEST_STEP][PASSED] - selectOptionByIndex: All options with index in [10] are selected on object 'Object Repository/GRN/Page_KDMC - CMS/select_JanFebMarAprMayJunJulAu'

2018-05-28 13:20:42 - [MESSAGE][PASSED] - All options with index in [10] are selected on object 'Object Repository/GRN/Page_KDMC - CMS/select_JanFebMarAprMayJunJulAu'

2018-05-28 13:20:42 - [TEST_STEP][PASSED] - click: Object: 'Object Repository/MOH AND GRN/Page_KDMC - CMS/a_12' is clicked on

2018-05-28 13:20:42 - [MESSAGE][PASSED] - Object: 'Object Repository/MOH AND GRN/Page_KDMC - CMS/a_12' is clicked on

2018-05-28 13:20:42 - [TEST_STEP][PASSED] - click: Object: 'Object Repository/MOH AND GRN/Page_KDMC - CMS/input_btnadd' is clicked on

2018-05-28 13:20:42 - [MESSAGE][PASSED] - Object: 'Object Repository/MOH AND GRN/Page_KDMC - CMS/input_btnadd' is clicked on

2018-05-28 13:20:42 - [TEST_STEP][PASSED] - Statement - If (s == 10): null

2018-05-28 13:20:42 - [TEST_STEP][PASSED] - Statement - s = 1: null

2018-05-28 13:20:42 - [TEST_STEP][PASSED] - delay: Delayed 1 second(s)

2018-05-28 13:20:43 - [MESSAGE][PASSED] - Delayed 1 second(s)

2018-05-28 13:20:43 - [TEST_STEP][PASSED] - selectOptionByIndex: All options with index in [41] are selected on object 'Object Repository/MOH AND GRN/Page_KDMC - CMS/select_--Select--Amikacin -500'

2018-05-28 13:20:44 - [MESSAGE][PASSED] - All options with index in [41] are selected on object 'Object Repository/MOH AND GRN/Page_KDMC - CMS/select_--Select--Amikacin -500'

2018-05-28 13:20:44 - [TEST_STEP][PASSED] - setText: Text '5000' is set on object 'Object Repository/MOH AND GRN/Page_KDMC - CMS/input_txtqty'

2018-05-28 13:20:44 - [MESSAGE][PASSED] - Text '5000' is set on object 'Object Repository/MOH AND GRN/Page_KDMC - CMS/input_txtqty'

2018-05-28 13:20:44 - [TEST_STEP][PASSED] - selectOptionByIndex: All options with index in [1] are selected on object 'Object Repository/MOH AND GRN/Page_KDMC - CMS/select_--Select--No Tax0'

2018-05-28 13:20:44 - [MESSAGE][PASSED] - All options with index in [1] are selected on object 'Object Repository/MOH AND GRN/Page_KDMC - CMS/select_--Select--No Tax0'

2018-05-28 13:20:44 - [TEST_STEP][PASSED] - setText: Finding Test Object with id 'Object Repository/MOH AND GRN/Page_KDMC - CMS/input_txtmrp'

2018-05-28 13:20:44 - [TEST_STEP][PASSED] - Statement - switch (id): Finding Test Object with id 'Object Repository/MOH AND GRN/Page_KDMC - CMS/input_txtdeal'

2018-05-28 13:20:44 - [TEST_STEP][PASSED] - Statement - case 4:: Text '25.0' is set on object 'Object Repository/MOH AND GRN/Page_KDMC - CMS/input_txtmrp'

2018-05-28 13:20:44 - [TEST_STEP][PASSED] - Statement - return (java.lang.Math.floor((java.lang.Math.random() * ((max - min) + 1))) + min): Text '25.0' is set on object 'Object Repository/MOH AND GRN/Page_KDMC - CMS/input_txtmrp'

2018-05-28 13:20:44 - [MESSAGE][PASSED] - Text '25.0' is set on object 'Object Repository/MOH AND GRN/Page_KDMC - CMS/input_txtmrp'

2018-05-28 13:20:44 - [TEST_STEP][PASSED] - setText: Finding Test Object with id 'Object Repository/MOH AND GRN/Page_KDMC - CMS/input_txtdeal'

2018-05-28 13:20:44 - [TEST_STEP][PASSED] - Statement - switch (id): Finding Test Object with id 'Object Repository/MOH AND GRN/Page_KDMC - CMS/input_txtbatchno'

2018-05-28 13:20:44 - [TEST_STEP][PASSED] - Statement - case 5:: Text '9.0' is set on object 'Object Repository/MOH AND GRN/Page_KDMC - CMS/input_txtdeal'

2018-05-28 13:20:44 - [TEST_STEP][PASSED] - Statement - return (java.lang.Math.floor((java.lang.Math.random() * ((max - min) + 1))) + min): Text '9.0' is set on object 'Object Repository/MOH AND GRN/Page_KDMC - CMS/input_txtdeal'

2018-05-28 13:20:44 - [MESSAGE][PASSED] - Text '9.0' is set on object 'Object Repository/MOH AND GRN/Page_KDMC - CMS/input_txtdeal'

2018-05-28 13:20:44 - [TEST_STEP][PASSED] - setText: Finding Test Object with id 'Object Repository/MOH AND GRN/Page_KDMC - CMS/input_txtbatchno'

2018-05-28 13:20:44 - [TEST_STEP][PASSED] - Statement - switch (id): Finding Test Object with id 'Object Repository/MOH AND GRN/Page_KDMC - CMS/input_txtmrp'

2018-05-28 13:20:44 - [TEST_STEP][PASSED] - Statement - case 1:: Text 'BA881.0' is set on object 'Object Repository/MOH AND GRN/Page_KDMC - CMS/input_txtbatchno'

2018-05-28 13:20:44 - [TEST_STEP][PASSED] - Statement - return (java.lang.Math.floor((java.lang.Math.random() * ((max - min) + 1))) + min): Text 'BA881.0' is set on object 'Object Repository/MOH AND GRN/Page_KDMC - CMS/input_txtbatchno'

2018-05-28 13:20:44 - [MESSAGE][PASSED] - Text 'BA881.0' is set on object 'Object Repository/MOH AND GRN/Page_KDMC - CMS/input_txtbatchno'

2018-05-28 13:20:44 - [TEST_STEP][PASSED] - rightClick: Object: 'Object Repository/GRN/Page_KDMC - CMS/input_txtexpdate' is right clicked on

2018-05-28 13:20:44 - [MESSAGE][PASSED] - Object: 'Object Repository/GRN/Page_KDMC - CMS/input_txtexpdate' is right clicked on

2018-05-28 13:20:44 - [TEST_STEP][PASSED] - selectOptionByIndex: All options with index in [1] are selected on object 'Object Repository/GRN/Page_KDMC - CMS/select_20182019202020212022202'

2018-05-28 13:20:44 - [MESSAGE][PASSED] - All options with index in [1] are selected on object 'Object Repository/GRN/Page_KDMC - CMS/select_20182019202020212022202'

2018-05-28 13:20:44 - [TEST_STEP][PASSED] - selectOptionByIndex: All options with index in [1] are selected on object 'Object Repository/GRN/Page_KDMC - CMS/select_JanFebMarAprMayJunJulAu'

2018-05-28 13:20:44 - [MESSAGE][PASSED] - All options with index in [1] are selected on object 'Object Repository/GRN/Page_KDMC - CMS/select_JanFebMarAprMayJunJulAu'

2018-05-28 13:20:44 - [TEST_STEP][PASSED] - click: Object: 'Object Repository/MOH AND GRN/Page_KDMC - CMS/a_12' is clicked on

2018-05-28 13:20:45 - [MESSAGE][PASSED] - Object: 'Object Repository/MOH AND GRN/Page_KDMC - CMS/a_12' is clicked on

2018-05-28 13:20:45 - [TEST_STEP][PASSED] - click: Object: 'Object Repository/MOH AND GRN/Page_KDMC - CMS/input_btnadd' is clicked on

2018-05-28 13:20:45 - [MESSAGE][PASSED] - Object: 'Object Repository/MOH AND GRN/Page_KDMC - CMS/input_btnadd' is clicked on

2018-05-28 13:20:45 - [TEST_STEP][PASSED] - Statement - If (s == 10): null

2018-05-28 13:20:45 - [TEST_STEP][PASSED] - Statement - Else: null

2018-05-28 13:20:45 - [TEST_STEP][PASSED] - Statement - (s++): null

2018-05-28 13:20:45 - [TEST_STEP][PASSED] - delay: Delayed 1 second(s)

2018-05-28 13:20:46 - [MESSAGE][PASSED] - Delayed 1 second(s)

2018-05-28 13:20:46 - [TEST_STEP][PASSED] - selectOptionByIndex: All options with index in [42] are selected on object 'Object Repository/MOH AND GRN/Page_KDMC - CMS/select_--Select--Amikacin -500'

2018-05-28 13:20:46 - [MESSAGE][PASSED] - All options with index in [42] are selected on object 'Object Repository/MOH AND GRN/Page_KDMC - CMS/select_--Select--Amikacin -500'

2018-05-28 13:20:46 - [TEST_STEP][PASSED] - setText: Text '5000' is set on object 'Object Repository/MOH AND GRN/Page_KDMC - CMS/input_txtqty'

2018-05-28 13:20:46 - [MESSAGE][PASSED] - Text '5000' is set on object 'Object Repository/MOH AND GRN/Page_KDMC - CMS/input_txtqty'

2018-05-28 13:20:46 - [TEST_STEP][PASSED] - selectOptionByIndex: All options with index in [1] are selected on object 'Object Repository/MOH AND GRN/Page_KDMC - CMS/select_--Select--No Tax0'

2018-05-28 13:20:47 - [MESSAGE][PASSED] - All options with index in [1] are selected on object 'Object Repository/MOH AND GRN/Page_KDMC - CMS/select_--Select--No Tax0'

2018-05-28 13:20:47 - [TEST_STEP][PASSED] - setText: Finding Test Object with id 'Object Repository/MOH AND GRN/Page_KDMC - CMS/input_txtmrp'

2018-05-28 13:20:47 - [TEST_STEP][PASSED] - Statement - switch (id): Finding Test Object with id 'Object Repository/MOH AND GRN/Page_KDMC - CMS/input_txtdeal'

2018-05-28 13:20:47 - [TEST_STEP][PASSED] - Statement - case 4:: Text '25.0' is set on object 'Object Repository/MOH AND GRN/Page_KDMC - CMS/input_txtmrp'

2018-05-28 13:20:47 - [TEST_STEP][PASSED] - Statement - return (java.lang.Math.floor((java.lang.Math.random() * ((max - min) + 1))) + min): Text '25.0' is set on object 'Object Repository/MOH AND GRN/Page_KDMC - CMS/input_txtmrp'

2018-05-28 13:20:47 - [MESSAGE][PASSED] - Text '25.0' is set on object 'Object Repository/MOH AND GRN/Page_KDMC - CMS/input_txtmrp'

2018-05-28 13:20:47 - [TEST_STEP][PASSED] - setText: Finding Test Object with id 'Object Repository/MOH AND GRN/Page_KDMC - CMS/input_txtdeal'

2018-05-28 13:20:47 - [TEST_STEP][PASSED] - Statement - switch (id): Finding Test Object with id 'Object Repository/MOH AND GRN/Page_KDMC - CMS/input_txtbatchno'

2018-05-28 13:20:47 - [TEST_STEP][PASSED] - Statement - case 5:: Text '6.0' is set on object 'Object Repository/MOH AND GRN/Page_KDMC - CMS/input_txtdeal'

2018-05-28 13:20:47 - [TEST_STEP][PASSED] - Statement - return (java.lang.Math.floor((java.lang.Math.random() * ((max - min) + 1))) + min): Text '6.0' is set on object 'Object Repository/MOH AND GRN/Page_KDMC - CMS/input_txtdeal'

2018-05-28 13:20:47 - [MESSAGE][PASSED] - Text '6.0' is set on object 'Object Repository/MOH AND GRN/Page_KDMC - CMS/input_txtdeal'

2018-05-28 13:20:47 - [TEST_STEP][PASSED] - setText: Finding Test Object with id 'Object Repository/MOH AND GRN/Page_KDMC - CMS/input_txtbatchno'

2018-05-28 13:20:47 - [TEST_STEP][PASSED] - Statement - switch (id): Finding Test Object with id 'Object Repository/MOH AND GRN/Page_KDMC - CMS/input_txtmrp'

2018-05-28 13:20:47 - [TEST_STEP][PASSED] - Statement - case 1:: Text 'BA232.0' is set on object 'Object Repository/MOH AND GRN/Page_KDMC - CMS/input_txtbatchno'

2018-05-28 13:20:47 - [TEST_STEP][PASSED] - Statement - return (java.lang.Math.floor((java.lang.Math.random() * ((max - min) + 1))) + min): Text 'BA232.0' is set on object 'Object Repository/MOH AND GRN/Page_KDMC - CMS/input_txtbatchno'

2018-05-28 13:20:47 - [MESSAGE][PASSED] - Text 'BA232.0' is set on object 'Object Repository/MOH AND GRN/Page_KDMC - CMS/input_txtbatchno'

2018-05-28 13:20:47 - [TEST_STEP][PASSED] - rightClick: Object: 'Object Repository/GRN/Page_KDMC - CMS/input_txtexpdate' is right clicked on

2018-05-28 13:20:47 - [MESSAGE][PASSED] - Object: 'Object Repository/GRN/Page_KDMC - CMS/input_txtexpdate' is right clicked on

2018-05-28 13:20:47 - [TEST_STEP][PASSED] - selectOptionByIndex: All options with index in [2] are selected on object 'Object Repository/GRN/Page_KDMC - CMS/select_20182019202020212022202'

2018-05-28 13:20:47 - [MESSAGE][PASSED] - All options with index in [2] are selected on object 'Object Repository/GRN/Page_KDMC - CMS/select_20182019202020212022202'

2018-05-28 13:20:47 - [TEST_STEP][PASSED] - selectOptionByIndex: All options with index in [2] are selected on object 'Object Repository/GRN/Page_KDMC - CMS/select_JanFebMarAprMayJunJulAu'

2018-05-28 13:20:47 - [MESSAGE][PASSED] - All options with index in [2] are selected on object 'Object Repository/GRN/Page_KDMC - CMS/select_JanFebMarAprMayJunJulAu'

2018-05-28 13:20:47 - [TEST_STEP][PASSED] - click: Object: 'Object Repository/MOH AND GRN/Page_KDMC - CMS/a_12' is clicked on

2018-05-28 13:20:47 - [MESSAGE][PASSED] - Object: 'Object Repository/MOH AND GRN/Page_KDMC - CMS/a_12' is clicked on

2018-05-28 13:20:47 - [TEST_STEP][PASSED] - click: Object: 'Object Repository/MOH AND GRN/Page_KDMC - CMS/input_btnadd' is clicked on

2018-05-28 13:20:48 - [MESSAGE][PASSED] - Object: 'Object Repository/MOH AND GRN/Page_KDMC - CMS/input_btnadd' is clicked on

2018-05-28 13:20:48 - [TEST_STEP][PASSED] - Statement - If (s == 10): null

2018-05-28 13:20:48 - [TEST_STEP][PASSED] - Statement - Else: null

2018-05-28 13:20:48 - [TEST_STEP][PASSED] - Statement - (s++): null

2018-05-28 13:20:48 - [TEST_STEP][PASSED] - delay: Delayed 1 second(s)

2018-05-28 13:20:49 - [MESSAGE][PASSED] - Delayed 1 second(s)

2018-05-28 13:20:49 - [TEST_STEP][PASSED] - selectOptionByIndex: All options with index in [43] are selected on object 'Object Repository/MOH AND GRN/Page_KDMC - CMS/select_--Select--Amikacin -500'

2018-05-28 13:20:49 - [MESSAGE][PASSED] - All options with index in [43] are selected on object 'Object Repository/MOH AND GRN/Page_KDMC - CMS/select_--Select--Amikacin -500'

2018-05-28 13:20:49 - [TEST_STEP][PASSED] - setText: Text '5000' is set on object 'Object Repository/MOH AND GRN/Page_KDMC - CMS/input_txtqty'

2018-05-28 13:20:49 - [MESSAGE][PASSED] - Text '5000' is set on object 'Object Repository/MOH AND GRN/Page_KDMC - CMS/input_txtqty'

2018-05-28 13:20:49 - [TEST_STEP][PASSED] - selectOptionByIndex: All options with index in [1] are selected on object 'Object Repository/MOH AND GRN/Page_KDMC - CMS/select_--Select--No Tax0'

2018-05-28 13:20:49 - [MESSAGE][PASSED] - All options with index in [1] are selected on object 'Object Repository/MOH AND GRN/Page_KDMC - CMS/select_--Select--No Tax0'

2018-05-28 13:20:49 - [TEST_STEP][PASSED] - setText: Finding Test Object with id 'Object Repository/MOH AND GRN/Page_KDMC - CMS/input_txtmrp'

2018-05-28 13:20:49 - [TEST_STEP][PASSED] - Statement - switch (id): Finding Test Object with id 'Object Repository/MOH AND GRN/Page_KDMC - CMS/input_txtdeal'

2018-05-28 13:20:49 - [TEST_STEP][PASSED] - Statement - case 4:: Text '43.0' is set on object 'Object Repository/MOH AND GRN/Page_KDMC - CMS/input_txtmrp'

2018-05-28 13:20:49 - [TEST_STEP][PASSED] - Statement - return (java.lang.Math.floor((java.lang.Math.random() * ((max - min) + 1))) + min): Text '43.0' is set on object 'Object Repository/MOH AND GRN/Page_KDMC - CMS/input_txtmrp'

2018-05-28 13:20:49 - [MESSAGE][PASSED] - Text '43.0' is set on object 'Object Repository/MOH AND GRN/Page_KDMC - CMS/input_txtmrp'

2018-05-28 13:20:49 - [TEST_STEP][PASSED] - setText: Finding Test Object with id 'Object Repository/MOH AND GRN/Page_KDMC - CMS/input_txtdeal'

2018-05-28 13:20:49 - [TEST_STEP][PASSED] - Statement - switch (id): Finding Test Object with id 'Object Repository/MOH AND GRN/Page_KDMC - CMS/input_txtbatchno'

2018-05-28 13:20:49 - [TEST_STEP][PASSED] - Statement - case 5:: Text '9.0' is set on object 'Object Repository/MOH AND GRN/Page_KDMC - CMS/input_txtdeal'

2018-05-28 13:20:49 - [TEST_STEP][PASSED] - Statement - return (java.lang.Math.floor((java.lang.Math.random() * ((max - min) + 1))) + min): Text '9.0' is set on object 'Object Repository/MOH AND GRN/Page_KDMC - CMS/input_txtdeal'

2018-05-28 13:20:50 - [MESSAGE][PASSED] - Text '9.0' is set on object 'Object Repository/MOH AND GRN/Page_KDMC - CMS/input_txtdeal'

2018-05-28 13:20:50 - [TEST_STEP][PASSED] - setText: Finding Test Object with id 'Object Repository/MOH AND GRN/Page_KDMC - CMS/input_txtbatchno'

2018-05-28 13:20:50 - [TEST_STEP][PASSED] - Statement - switch (id): Finding Test Object with id 'Object Repository/MOH AND GRN/Page_KDMC - CMS/input_txtmrp'

2018-05-28 13:20:50 - [TEST_STEP][PASSED] - Statement - case 1:: Text 'BA759.0' is set on object 'Object Repository/MOH AND GRN/Page_KDMC - CMS/input_txtbatchno'

2018-05-28 13:20:50 - [TEST_STEP][PASSED] - Statement - return (java.lang.Math.floor((java.lang.Math.random() * ((max - min) + 1))) + min): Text 'BA759.0' is set on object 'Object Repository/MOH AND GRN/Page_KDMC - CMS/input_txtbatchno'

2018-05-28 13:20:50 - [MESSAGE][PASSED] - Text 'BA759.0' is set on object 'Object Repository/MOH AND GRN/Page_KDMC - CMS/input_txtbatchno'

2018-05-28 13:20:50 - [TEST_STEP][PASSED] - rightClick: Object: 'Object Repository/GRN/Page_KDMC - CMS/input_txtexpdate' is right clicked on

2018-05-28 13:20:50 - [MESSAGE][PASSED] - Object: 'Object Repository/GRN/Page_KDMC - CMS/input_txtexpdate' is right clicked on

2018-05-28 13:20:50 - [TEST_STEP][PASSED] - selectOptionByIndex: All options with index in [3] are selected on object 'Object Repository/GRN/Page_KDMC - CMS/select_20182019202020212022202'

2018-05-28 13:20:50 - [MESSAGE][PASSED] - All options with index in [3] are selected on object 'Object Repository/GRN/Page_KDMC - CMS/select_20182019202020212022202'

2018-05-28 13:20:50 - [TEST_STEP][PASSED] - selectOptionByIndex: All options with index in [3] are selected on object 'Object Repository/GRN/Page_KDMC - CMS/select_JanFebMarAprMayJunJulAu'

2018-05-28 13:20:50 - [MESSAGE][PASSED] - All options with index in [3] are selected on object 'Object Repository/GRN/Page_KDMC - CMS/select_JanFebMarAprMayJunJulAu'

2018-05-28 13:20:50 - [TEST_STEP][PASSED] - click: Object: 'Object Repository/MOH AND GRN/Page_KDMC - CMS/a_12' is clicked on

2018-05-28 13:20:50 - [MESSAGE][PASSED] - Object: 'Object Repository/MOH AND GRN/Page_KDMC - CMS/a_12' is clicked on

2018-05-28 13:20:50 - [TEST_STEP][PASSED] - click: Object: 'Object Repository/MOH AND GRN/Page_KDMC - CMS/input_btnadd' is clicked on

2018-05-28 13:20:50 - [MESSAGE][PASSED] - Object: 'Object Repository/MOH AND GRN/Page_KDMC - CMS/input_btnadd' is clicked on

2018-05-28 13:20:50 - [TEST_STEP][PASSED] - Statement - If (s == 10): null

2018-05-28 13:20:50 - [TEST_STEP][PASSED] - Statement - Else: null

2018-05-28 13:20:50 - [TEST_STEP][PASSED] - Statement - (s++): null

2018-05-28 13:20:50 - [TEST_STEP][PASSED] - delay: Delayed 1 second(s)

2018-05-28 13:20:51 - [MESSAGE][PASSED] - Delayed 1 second(s)

2018-05-28 13:20:51 - [TEST_STEP][PASSED] - selectOptionByIndex: All options with index in [44] are selected on object 'Object Repository/MOH AND GRN/Page_KDMC - CMS/select_--Select--Amikacin -500'

2018-05-28 13:20:52 - [MESSAGE][PASSED] - All options with index in [44] are selected on object 'Object Repository/MOH AND GRN/Page_KDMC - CMS/select_--Select--Amikacin -500'

2018-05-28 13:20:52 - [TEST_STEP][PASSED] - setText: Text '5000' is set on object 'Object Repository/MOH AND GRN/Page_KDMC - CMS/input_txtqty'

2018-05-28 13:20:52 - [MESSAGE][PASSED] - Text '5000' is set on object 'Object Repository/MOH AND GRN/Page_KDMC - CMS/input_txtqty'

2018-05-28 13:20:52 - [TEST_STEP][PASSED] - selectOptionByIndex: All options with index in [1] are selected on object 'Object Repository/MOH AND GRN/Page_KDMC - CMS/select_--Select--No Tax0'

2018-05-28 13:20:52 - [MESSAGE][PASSED] - All options with index in [1] are selected on object 'Object Repository/MOH AND GRN/Page_KDMC - CMS/select_--Select--No Tax0'

2018-05-28 13:20:52 - [TEST_STEP][PASSED] - setText: Finding Test Object with id 'Object Repository/MOH AND GRN/Page_KDMC - CMS/input_txtmrp'

2018-05-28 13:20:52 - [TEST_STEP][PASSED] - Statement - switch (id): Finding Test Object with id 'Object Repository/MOH AND GRN/Page_KDMC - CMS/input_txtdeal'

2018-05-28 13:20:52 - [TEST_STEP][PASSED] - Statement - case 4:: Text '31.0' is set on object 'Object Repository/MOH AND GRN/Page_KDMC - CMS/input_txtmrp'

2018-05-28 13:20:52 - [TEST_STEP][PASSED] - Statement - return (java.lang.Math.floor((java.lang.Math.random() * ((max - min) + 1))) + min): Text '31.0' is set on object 'Object Repository/MOH AND GRN/Page_KDMC - CMS/input_txtmrp'

2018-05-28 13:20:52 - [MESSAGE][PASSED] - Text '31.0' is set on object 'Object Repository/MOH AND GRN/Page_KDMC - CMS/input_txtmrp'

2018-05-28 13:20:52 - [TEST_STEP][PASSED] - setText: Finding Test Object with id 'Object Repository/MOH AND GRN/Page_KDMC - CMS/input_txtdeal'

2018-05-28 13:20:52 - [TEST_STEP][PASSED] - Statement - switch (id): Finding Test Object with id 'Object Repository/MOH AND GRN/Page_KDMC - CMS/input_txtbatchno'

2018-05-28 13:20:52 - [TEST_STEP][PASSED] - Statement - case 5:: Text '10.0' is set on object 'Object Repository/MOH AND GRN/Page_KDMC - CMS/input_txtdeal'

2018-05-28 13:20:52 - [TEST_STEP][PASSED] - Statement - return (java.lang.Math.floor((java.lang.Math.random() * ((max - min) + 1))) + min): Text '10.0' is set on object 'Object Repository/MOH AND GRN/Page_KDMC - CMS/input_txtdeal'

2018-05-28 13:20:52 - [MESSAGE][PASSED] - Text '10.0' is set on object 'Object Repository/MOH AND GRN/Page_KDMC - CMS/input_txtdeal'

2018-05-28 13:20:52 - [TEST_STEP][PASSED] - setText: Finding Test Object with id 'Object Repository/MOH AND GRN/Page_KDMC - CMS/input_txtbatchno'

2018-05-28 13:20:52 - [TEST_STEP][PASSED] - Statement - switch (id): Finding Test Object with id 'Object Repository/MOH AND GRN/Page_KDMC - CMS/input_txtmrp'

2018-05-28 13:20:52 - [TEST_STEP][PASSED] - Statement - case 1:: Text 'BA321.0' is set on object 'Object Repository/MOH AND GRN/Page_KDMC - CMS/input_txtbatchno'

2018-05-28 13:20:52 - [TEST_STEP][PASSED] - Statement - return (java.lang.Math.floor((java.lang.Math.random() * ((max - min) + 1))) + min): Text 'BA321.0' is set on object 'Object Repository/MOH AND GRN/Page_KDMC - CMS/input_txtbatchno'

2018-05-28 13:20:52 - [MESSAGE][PASSED] - Text 'BA321.0' is set on object 'Object Repository/MOH AND GRN/Page_KDMC - CMS/input_txtbatchno'

2018-05-28 13:20:52 - [TEST_STEP][PASSED] - rightClick: Object: 'Object Repository/GRN/Page_KDMC - CMS/input_txtexpdate' is right clicked on

2018-05-28 13:20:53 - [MESSAGE][PASSED] - Object: 'Object Repository/GRN/Page_KDMC - CMS/input_txtexpdate' is right clicked on

2018-05-28 13:20:53 - [TEST_STEP][PASSED] - selectOptionByIndex: All options with index in [4] are selected on object 'Object Repository/GRN/Page_KDMC - CMS/select_20182019202020212022202'

2018-05-28 13:20:53 - [MESSAGE][PASSED] - All options with index in [4] are selected on object 'Object Repository/GRN/Page_KDMC - CMS/select_20182019202020212022202'

2018-05-28 13:20:53 - [TEST_STEP][PASSED] - selectOptionByIndex: All options with index in [4] are selected on object 'Object Repository/GRN/Page_KDMC - CMS/select_JanFebMarAprMayJunJulAu'

2018-05-28 13:20:53 - [MESSAGE][PASSED] - All options with index in [4] are selected on object 'Object Repository/GRN/Page_KDMC - CMS/select_JanFebMarAprMayJunJulAu'

2018-05-28 13:20:53 - [TEST_STEP][PASSED] - click: Object: 'Object Repository/MOH AND GRN/Page_KDMC - CMS/a_12' is clicked on

2018-05-28 13:20:53 - [MESSAGE][PASSED] - Object: 'Object Repository/MOH AND GRN/Page_KDMC - CMS/a_12' is clicked on

2018-05-28 13:20:53 - [TEST_STEP][PASSED] - click: Object: 'Object Repository/MOH AND GRN/Page_KDMC - CMS/input_btnadd' is clicked on

2018-05-28 13:20:53 - [MESSAGE][PASSED] - Object: 'Object Repository/MOH AND GRN/Page_KDMC - CMS/input_btnadd' is clicked on

2018-05-28 13:20:53 - [TEST_STEP][PASSED] - Statement - If (s == 10): null

2018-05-28 13:20:53 - [TEST_STEP][PASSED] - Statement - Else: null

2018-05-28 13:20:53 - [TEST_STEP][PASSED] - Statement - (s++): null

2018-05-28 13:20:53 - [TEST_STEP][PASSED] - delay: Delayed 1 second(s)

2018-05-28 13:20:54 - [MESSAGE][PASSED] - Delayed 1 second(s)

2018-05-28 13:20:54 - [TEST_STEP][PASSED] - selectOptionByIndex: All options with index in [45] are selected on object 'Object Repository/MOH AND GRN/Page_KDMC - CMS/select_--Select--Amikacin -500'

2018-05-28 13:20:55 - [MESSAGE][PASSED] - All options with index in [45] are selected on object 'Object Repository/MOH AND GRN/Page_KDMC - CMS/select_--Select--Amikacin -500'

2018-05-28 13:20:55 - [TEST_STEP][PASSED] - setText: Text '5000' is set on object 'Object Repository/MOH AND GRN/Page_KDMC - CMS/input_txtqty'

2018-05-28 13:20:55 - [MESSAGE][PASSED] - Text '5000' is set on object 'Object Repository/MOH AND GRN/Page_KDMC - CMS/input_txtqty'

2018-05-28 13:20:55 - [TEST_STEP][PASSED] - selectOptionByIndex: All options with index in [1] are selected on object 'Object Repository/MOH AND GRN/Page_KDMC - CMS/select_--Select--No Tax0'

2018-05-28 13:20:55 - [MESSAGE][PASSED] - All options with index in [1] are selected on object 'Object Repository/MOH AND GRN/Page_KDMC - CMS/select_--Select--No Tax0'

2018-05-28 13:20:55 - [TEST_STEP][PASSED] - setText: Finding Test Object with id 'Object Repository/MOH AND GRN/Page_KDMC - CMS/input_txtmrp'

2018-05-28 13:20:55 - [TEST_STEP][PASSED] - Statement - switch (id): Finding Test Object with id 'Object Repository/MOH AND GRN/Page_KDMC - CMS/input_txtdeal'

2018-05-28 13:20:55 - [TEST_STEP][PASSED] - Statement - case 4:: Text '33.0' is set on object 'Object Repository/MOH AND GRN/Page_KDMC - CMS/input_txtmrp'

2018-05-28 13:20:55 - [TEST_STEP][PASSED] - Statement - return (java.lang.Math.floor((java.lang.Math.random() * ((max - min) + 1))) + min): Text '33.0' is set on object 'Object Repository/MOH AND GRN/Page_KDMC - CMS/input_txtmrp'

2018-05-28 13:20:55 - [MESSAGE][PASSED] - Text '33.0' is set on object 'Object Repository/MOH AND GRN/Page_KDMC - CMS/input_txtmrp'

2018-05-28 13:20:55 - [TEST_STEP][PASSED] - setText: Finding Test Object with id 'Object Repository/MOH AND GRN/Page_KDMC - CMS/input_txtdeal'

2018-05-28 13:20:55 - [TEST_STEP][PASSED] - Statement - switch (id): Finding Test Object with id 'Object Repository/MOH AND GRN/Page_KDMC - CMS/input_txtbatchno'

2018-05-28 13:20:55 - [TEST_STEP][PASSED] - Statement - case 5:: Text '10.0' is set on object 'Object Repository/MOH AND GRN/Page_KDMC - CMS/input_txtdeal'

2018-05-28 13:20:55 - [TEST_STEP][PASSED] - Statement - return (java.lang.Math.floor((java.lang.Math.random() * ((max - min) + 1))) + min): Text '10.0' is set on object 'Object Repository/MOH AND GRN/Page_KDMC - CMS/input_txtdeal'

2018-05-28 13:20:55 - [MESSAGE][PASSED] - Text '10.0' is set on object 'Object Repository/MOH AND GRN/Page_KDMC - CMS/input_txtdeal'

2018-05-28 13:20:55 - [TEST_STEP][PASSED] - setText: Finding Test Object with id 'Object Repository/MOH AND GRN/Page_KDMC - CMS/input_txtbatchno'

2018-05-28 13:20:55 - [TEST_STEP][PASSED] - Statement - switch (id): Finding Test Object with id 'Object Repository/MOH AND GRN/Page_KDMC - CMS/input_txtmrp'

2018-05-28 13:20:55 - [TEST_STEP][PASSED] - Statement - case 1:: Text 'BA113.0' is set on object 'Object Repository/MOH AND GRN/Page_KDMC - CMS/input_txtbatchno'

2018-05-28 13:20:55 - [TEST_STEP][PASSED] - Statement - return (java.lang.Math.floor((java.lang.Math.random() * ((max - min) + 1))) + min): Text 'BA113.0' is set on object 'Object Repository/MOH AND GRN/Page_KDMC - CMS/input_txtbatchno'

2018-05-28 13:20:55 - [MESSAGE][PASSED] - Text 'BA113.0' is set on object 'Object Repository/MOH AND GRN/Page_KDMC - CMS/input_txtbatchno'

2018-05-28 13:20:55 - [TEST_STEP][PASSED] - rightClick: Object: 'Object Repository/GRN/Page_KDMC - CMS/input_txtexpdate' is right clicked on

2018-05-28 13:20:55 - [MESSAGE][PASSED] - Object: 'Object Repository/GRN/Page_KDMC - CMS/input_txtexpdate' is right clicked on

2018-05-28 13:20:55 - [TEST_STEP][PASSED] - selectOptionByIndex: All options with index in [5] are selected on object 'Object Repository/GRN/Page_KDMC - CMS/select_20182019202020212022202'

2018-05-28 13:20:55 - [MESSAGE][PASSED] - All options with index in [5] are selected on object 'Object Repository/GRN/Page_KDMC - CMS/select_20182019202020212022202'

2018-05-28 13:20:55 - [TEST_STEP][PASSED] - selectOptionByIndex: All options with index in [5] are selected on object 'Object Repository/GRN/Page_KDMC - CMS/select_JanFebMarAprMayJunJulAu'

2018-05-28 13:20:56 - [MESSAGE][PASSED] - All options with index in [5] are selected on object 'Object Repository/GRN/Page_KDMC - CMS/select_JanFebMarAprMayJunJulAu'

2018-05-28 13:20:56 - [TEST_STEP][PASSED] - click: Object: 'Object Repository/MOH AND GRN/Page_KDMC - CMS/a_12' is clicked on

2018-05-28 13:20:56 - [MESSAGE][PASSED] - Object: 'Object Repository/MOH AND GRN/Page_KDMC - CMS/a_12' is clicked on

2018-05-28 13:20:56 - [TEST_STEP][PASSED] - click: Object: 'Object Repository/MOH AND GRN/Page_KDMC - CMS/input_btnadd' is clicked on

2018-05-28 13:20:56 - [MESSAGE][PASSED] - Object: 'Object Repository/MOH AND GRN/Page_KDMC - CMS/input_btnadd' is clicked on

2018-05-28 13:20:56 - [TEST_STEP][PASSED] - Statement - If (s == 10): null

2018-05-28 13:20:56 - [TEST_STEP][PASSED] - Statement - Else: null

2018-05-28 13:20:56 - [TEST_STEP][PASSED] - Statement - (s++): null

2018-05-28 13:20:56 - [TEST_STEP][PASSED] - delay: Delayed 1 second(s)

2018-05-28 13:20:57 - [MESSAGE][PASSED] - Delayed 1 second(s)

2018-05-28 13:20:57 - [TEST_STEP][PASSED] - selectOptionByIndex: All options with index in [46] are selected on object 'Object Repository/MOH AND GRN/Page_KDMC - CMS/select_--Select--Amikacin -500'

2018-05-28 13:20:57 - [MESSAGE][PASSED] - All options with index in [46] are selected on object 'Object Repository/MOH AND GRN/Page_KDMC - CMS/select_--Select--Amikacin -500'

2018-05-28 13:20:57 - [TEST_STEP][PASSED] - setText: Text '5000' is set on object 'Object Repository/MOH AND GRN/Page_KDMC - CMS/input_txtqty'

2018-05-28 13:20:58 - [MESSAGE][PASSED] - Text '5000' is set on object 'Object Repository/MOH AND GRN/Page_KDMC - CMS/input_txtqty'

2018-05-28 13:20:58 - [TEST_STEP][PASSED] - selectOptionByIndex: All options with index in [1] are selected on object 'Object Repository/MOH AND GRN/Page_KDMC - CMS/select_--Select--No Tax0'

2018-05-28 13:20:58 - [MESSAGE][PASSED] - All options with index in [1] are selected on object 'Object Repository/MOH AND GRN/Page_KDMC - CMS/select_--Select--No Tax0'

2018-05-28 13:20:58 - [TEST_STEP][PASSED] - setText: Finding Test Object with id 'Object Repository/MOH AND GRN/Page_KDMC - CMS/input_txtmrp'

2018-05-28 13:20:58 - [TEST_STEP][PASSED] - Statement - switch (id): Finding Test Object with id 'Object Repository/MOH AND GRN/Page_KDMC - CMS/input_txtdeal'

2018-05-28 13:20:58 - [TEST_STEP][PASSED] - Statement - case 4:: Text '34.0' is set on object 'Object Repository/MOH AND GRN/Page_KDMC - CMS/input_txtmrp'

2018-05-28 13:20:58 - [TEST_STEP][PASSED] - Statement - return (java.lang.Math.floor((java.lang.Math.random() * ((max - min) + 1))) + min): Text '34.0' is set on object 'Object Repository/MOH AND GRN/Page_KDMC - CMS/input_txtmrp'

2018-05-28 13:20:58 - [MESSAGE][PASSED] - Text '34.0' is set on object 'Object Repository/MOH AND GRN/Page_KDMC - CMS/input_txtmrp'

2018-05-28 13:20:58 - [TEST_STEP][PASSED] - setText: Finding Test Object with id 'Object Repository/MOH AND GRN/Page_KDMC - CMS/input_txtdeal'

2018-05-28 13:20:58 - [TEST_STEP][PASSED] - Statement - switch (id): Finding Test Object with id 'Object Repository/MOH AND GRN/Page_KDMC - CMS/input_txtbatchno'

2018-05-28 13:20:58 - [TEST_STEP][PASSED] - Statement - case 5:: Text '9.0' is set on object 'Object Repository/MOH AND GRN/Page_KDMC - CMS/input_txtdeal'

2018-05-28 13:20:58 - [TEST_STEP][PASSED] - Statement - return (java.lang.Math.floor((java.lang.Math.random() * ((max - min) + 1))) + min): Text '9.0' is set on object 'Object Repository/MOH AND GRN/Page_KDMC - CMS/input_txtdeal'

2018-05-28 13:20:58 - [MESSAGE][PASSED] - Text '9.0' is set on object 'Object Repository/MOH AND GRN/Page_KDMC - CMS/input_txtdeal'

2018-05-28 13:20:58 - [TEST_STEP][PASSED] - setText: Finding Test Object with id 'Object Repository/MOH AND GRN/Page_KDMC - CMS/input_txtbatchno'

2018-05-28 13:20:58 - [TEST_STEP][PASSED] - Statement - switch (id): Finding Test Object with id 'Object Repository/MOH AND GRN/Page_KDMC - CMS/input_txtmrp'

2018-05-28 13:20:58 - [TEST_STEP][PASSED] - Statement - case 1:: Text 'BA55.0' is set on object 'Object Repository/MOH AND GRN/Page_KDMC - CMS/input_txtbatchno'

2018-05-28 13:20:58 - [TEST_STEP][PASSED] - Statement - return (java.lang.Math.floor((java.lang.Math.random() * ((max - min) + 1))) + min): Text 'BA55.0' is set on object 'Object Repository/MOH AND GRN/Page_KDMC - CMS/input_txtbatchno'

2018-05-28 13:20:58 - [MESSAGE][PASSED] - Text 'BA55.0' is set on object 'Object Repository/MOH AND GRN/Page_KDMC - CMS/input_txtbatchno'

2018-05-28 13:20:58 - [TEST_STEP][PASSED] - rightClick: Object: 'Object Repository/GRN/Page_KDMC - CMS/input_txtexpdate' is right clicked on

2018-05-28 13:20:58 - [MESSAGE][PASSED] - Object: 'Object Repository/GRN/Page_KDMC - CMS/input_txtexpdate' is right clicked on

2018-05-28 13:20:58 - [TEST_STEP][PASSED] - selectOptionByIndex: All options with index in [6] are selected on object 'Object Repository/GRN/Page_KDMC - CMS/select_20182019202020212022202'

2018-05-28 13:20:58 - [MESSAGE][PASSED] - All options with index in [6] are selected on object 'Object Repository/GRN/Page_KDMC - CMS/select_20182019202020212022202'

2018-05-28 13:20:58 - [TEST_STEP][PASSED] - selectOptionByIndex: All options with index in [6] are selected on object 'Object Repository/GRN/Page_KDMC - CMS/select_JanFebMarAprMayJunJulAu'

2018-05-28 13:20:59 - [MESSAGE][PASSED] - All options with index in [6] are selected on object 'Object Repository/GRN/Page_KDMC - CMS/select_JanFebMarAprMayJunJulAu'

2018-05-28 13:20:59 - [TEST_STEP][PASSED] - click: Object: 'Object Repository/MOH AND GRN/Page_KDMC - CMS/a_12' is clicked on

2018-05-28 13:20:59 - [MESSAGE][PASSED] - Object: 'Object Repository/MOH AND GRN/Page_KDMC - CMS/a_12' is clicked on

2018-05-28 13:20:59 - [TEST_STEP][PASSED] - click: Object: 'Object Repository/MOH AND GRN/Page_KDMC - CMS/input_btnadd' is clicked on

2018-05-28 13:20:59 - [MESSAGE][PASSED] - Object: 'Object Repository/MOH AND GRN/Page_KDMC - CMS/input_btnadd' is clicked on

2018-05-28 13:20:59 - [TEST_STEP][PASSED] - Statement - If (s == 10): null

2018-05-28 13:20:59 - [TEST_STEP][PASSED] - Statement - Else: null

2018-05-28 13:20:59 - [TEST_STEP][PASSED] - Statement - (s++): null

2018-05-28 13:20:59 - [TEST_STEP][PASSED] - delay: Delayed 1 second(s)

2018-05-28 13:21:00 - [MESSAGE][PASSED] - Delayed 1 second(s)

2018-05-28 13:21:00 - [TEST_STEP][PASSED] - selectOptionByIndex: All options with index in [47] are selected on object 'Object Repository/MOH AND GRN/Page_KDMC - CMS/select_--Select--Amikacin -500'

2018-05-28 13:21:00 - [MESSAGE][PASSED] - All options with index in [47] are selected on object 'Object Repository/MOH AND GRN/Page_KDMC - CMS/select_--Select--Amikacin -500'

2018-05-28 13:21:00 - [TEST_STEP][PASSED] - setText: Text '5000' is set on object 'Object Repository/MOH AND GRN/Page_KDMC - CMS/input_txtqty'

2018-05-28 13:21:01 - [MESSAGE][PASSED] - Text '5000' is set on object 'Object Repository/MOH AND GRN/Page_KDMC - CMS/input_txtqty'

2018-05-28 13:21:01 - [TEST_STEP][PASSED] - selectOptionByIndex: All options with index in [1] are selected on object 'Object Repository/MOH AND GRN/Page_KDMC - CMS/select_--Select--No Tax0'

2018-05-28 13:21:01 - [MESSAGE][PASSED] - All options with index in [1] are selected on object 'Object Repository/MOH AND GRN/Page_KDMC - CMS/select_--Select--No Tax0'

2018-05-28 13:21:01 - [TEST_STEP][PASSED] - setText: Finding Test Object with id 'Object Repository/MOH AND GRN/Page_KDMC - CMS/input_txtmrp'

2018-05-28 13:21:01 - [TEST_STEP][PASSED] - Statement - switch (id): Finding Test Object with id 'Object Repository/MOH AND GRN/Page_KDMC - CMS/input_txtdeal'

2018-05-28 13:21:01 - [TEST_STEP][PASSED] - Statement - case 4:: Text '37.0' is set on object 'Object Repository/MOH AND GRN/Page_KDMC - CMS/input_txtmrp'

2018-05-28 13:21:01 - [TEST_STEP][PASSED] - Statement - return (java.lang.Math.floor((java.lang.Math.random() * ((max - min) + 1))) + min): Text '37.0' is set on object 'Object Repository/MOH AND GRN/Page_KDMC - CMS/input_txtmrp'

2018-05-28 13:21:01 - [MESSAGE][PASSED] - Text '37.0' is set on object 'Object Repository/MOH AND GRN/Page_KDMC - CMS/input_txtmrp'

2018-05-28 13:21:01 - [TEST_STEP][PASSED] - setText: Finding Test Object with id 'Object Repository/MOH AND GRN/Page_KDMC - CMS/input_txtdeal'

2018-05-28 13:21:01 - [TEST_STEP][PASSED] - Statement - switch (id): Finding Test Object with id 'Object Repository/MOH AND GRN/Page_KDMC - CMS/input_txtbatchno'

2018-05-28 13:21:01 - [TEST_STEP][PASSED] - Statement - case 5:: Text '6.0' is set on object 'Object Repository/MOH AND GRN/Page_KDMC - CMS/input_txtdeal'

2018-05-28 13:21:01 - [TEST_STEP][PASSED] - Statement - return (java.lang.Math.floor((java.lang.Math.random() * ((max - min) + 1))) + min): Text '6.0' is set on object 'Object Repository/MOH AND GRN/Page_KDMC - CMS/input_txtdeal'

2018-05-28 13:21:01 - [MESSAGE][PASSED] - Text '6.0' is set on object 'Object Repository/MOH AND GRN/Page_KDMC - CMS/input_txtdeal'

2018-05-28 13:21:01 - [TEST_STEP][PASSED] - setText: Finding Test Object with id 'Object Repository/MOH AND GRN/Page_KDMC - CMS/input_txtbatchno'

2018-05-28 13:21:01 - [TEST_STEP][PASSED] - Statement - switch (id): Finding Test Object with id 'Object Repository/MOH AND GRN/Page_KDMC - CMS/input_txtmrp'

2018-05-28 13:21:01 - [TEST_STEP][PASSED] - Statement - case 1:: Text 'BA162.0' is set on object 'Object Repository/MOH AND GRN/Page_KDMC - CMS/input_txtbatchno'

2018-05-28 13:21:01 - [TEST_STEP][PASSED] - Statement - return (java.lang.Math.floor((java.lang.Math.random() * ((max - min) + 1))) + min): Text 'BA162.0' is set on object 'Object Repository/MOH AND GRN/Page_KDMC - CMS/input_txtbatchno'

2018-05-28 13:21:01 - [MESSAGE][PASSED] - Text 'BA162.0' is set on object 'Object Repository/MOH AND GRN/Page_KDMC - CMS/input_txtbatchno'

2018-05-28 13:21:01 - [TEST_STEP][PASSED] - rightClick: Object: 'Object Repository/GRN/Page_KDMC - CMS/input_txtexpdate' is right clicked on

2018-05-28 13:21:01 - [MESSAGE][PASSED] - Object: 'Object Repository/GRN/Page_KDMC - CMS/input_txtexpdate' is right clicked on

2018-05-28 13:21:01 - [TEST_STEP][PASSED] - selectOptionByIndex: All options with index in [7] are selected on object 'Object Repository/GRN/Page_KDMC - CMS/select_20182019202020212022202'

2018-05-28 13:21:01 - [MESSAGE][PASSED] - All options with index in [7] are selected on object 'Object Repository/GRN/Page_KDMC - CMS/select_20182019202020212022202'

2018-05-28 13:21:01 - [TEST_STEP][PASSED] - selectOptionByIndex: All options with index in [7] are selected on object 'Object Repository/GRN/Page_KDMC - CMS/select_JanFebMarAprMayJunJulAu'

2018-05-28 13:21:02 - [MESSAGE][PASSED] - All options with index in [7] are selected on object 'Object Repository/GRN/Page_KDMC - CMS/select_JanFebMarAprMayJunJulAu'

2018-05-28 13:21:02 - [TEST_STEP][PASSED] - click: Object: 'Object Repository/MOH AND GRN/Page_KDMC - CMS/a_12' is clicked on

2018-05-28 13:21:02 - [MESSAGE][PASSED] - Object: 'Object Repository/MOH AND GRN/Page_KDMC - CMS/a_12' is clicked on

2018-05-28 13:21:02 - [TEST_STEP][PASSED] - click: Object: 'Object Repository/MOH AND GRN/Page_KDMC - CMS/input_btnadd' is clicked on

2018-05-28 13:21:02 - [MESSAGE][PASSED] - Object: 'Object Repository/MOH AND GRN/Page_KDMC - CMS/input_btnadd' is clicked on

2018-05-28 13:21:02 - [TEST_STEP][PASSED] - Statement - If (s == 10): null

2018-05-28 13:21:02 - [TEST_STEP][PASSED] - Statement - Else: null

2018-05-28 13:21:02 - [TEST_STEP][PASSED] - Statement - (s++): null

2018-05-28 13:21:02 - [TEST_STEP][PASSED] - delay: Delayed 1 second(s)

2018-05-28 13:21:03 - [MESSAGE][PASSED] - Delayed 1 second(s)

2018-05-28 13:21:03 - [TEST_STEP][PASSED] - selectOptionByIndex: All options with index in [48] are selected on object 'Object Repository/MOH AND GRN/Page_KDMC - CMS/select_--Select--Amikacin -500'

2018-05-28 13:21:03 - [MESSAGE][PASSED] - All options with index in [48] are selected on object 'Object Repository/MOH AND GRN/Page_KDMC - CMS/select_--Select--Amikacin -500'

2018-05-28 13:21:03 - [TEST_STEP][PASSED] - setText: Text '5000' is set on object 'Object Repository/MOH AND GRN/Page_KDMC - CMS/input_txtqty'

2018-05-28 13:21:04 - [MESSAGE][PASSED] - Text '5000' is set on object 'Object Repository/MOH AND GRN/Page_KDMC - CMS/input_txtqty'

2018-05-28 13:21:04 - [TEST_STEP][PASSED] - selectOptionByIndex: All options with index in [1] are selected on object 'Object Repository/MOH AND GRN/Page_KDMC - CMS/select_--Select--No Tax0'

2018-05-28 13:21:04 - [MESSAGE][PASSED] - All options with index in [1] are selected on object 'Object Repository/MOH AND GRN/Page_KDMC - CMS/select_--Select--No Tax0'

2018-05-28 13:21:04 - [TEST_STEP][PASSED] - setText: Finding Test Object with id 'Object Repository/MOH AND GRN/Page_KDMC - CMS/input_txtmrp'

2018-05-28 13:21:04 - [TEST_STEP][PASSED] - Statement - switch (id): Finding Test Object with id 'Object Repository/MOH AND GRN/Page_KDMC - CMS/input_txtdeal'

2018-05-28 13:21:04 - [TEST_STEP][PASSED] - Statement - case 4:: Text '31.0' is set on object 'Object Repository/MOH AND GRN/Page_KDMC - CMS/input_txtmrp'

2018-05-28 13:21:04 - [TEST_STEP][PASSED] - Statement - return (java.lang.Math.floor((java.lang.Math.random() * ((max - min) + 1))) + min): Text '31.0' is set on object 'Object Repository/MOH AND GRN/Page_KDMC - CMS/input_txtmrp'

2018-05-28 13:21:04 - [MESSAGE][PASSED] - Text '31.0' is set on object 'Object Repository/MOH AND GRN/Page_KDMC - CMS/input_txtmrp'

2018-05-28 13:21:04 - [TEST_STEP][PASSED] - setText: Finding Test Object with id 'Object Repository/MOH AND GRN/Page_KDMC - CMS/input_txtdeal'

2018-05-28 13:21:04 - [TEST_STEP][PASSED] - Statement - switch (id): Finding Test Object with id 'Object Repository/MOH AND GRN/Page_KDMC - CMS/input_txtbatchno'

2018-05-28 13:21:04 - [TEST_STEP][PASSED] - Statement - case 5:: Text '2.0' is set on object 'Object Repository/MOH AND GRN/Page_KDMC - CMS/input_txtdeal'

2018-05-28 13:21:04 - [TEST_STEP][PASSED] - Statement - return (java.lang.Math.floor((java.lang.Math.random() * ((max - min) + 1))) + min): Text '2.0' is set on object 'Object Repository/MOH AND GRN/Page_KDMC - CMS/input_txtdeal'

2018-05-28 13:21:04 - [MESSAGE][PASSED] - Text '2.0' is set on object 'Object Repository/MOH AND GRN/Page_KDMC - CMS/input_txtdeal'

2018-05-28 13:21:04 - [TEST_STEP][PASSED] - setText: Finding Test Object with id 'Object Repository/MOH AND GRN/Page_KDMC - CMS/input_txtbatchno'

2018-05-28 13:21:04 - [TEST_STEP][PASSED] - Statement - switch (id): Finding Test Object with id 'Object Repository/MOH AND GRN/Page_KDMC - CMS/input_txtmrp'

2018-05-28 13:21:04 - [TEST_STEP][PASSED] - Statement - case 1:: Text 'BA77.0' is set on object 'Object Repository/MOH AND GRN/Page_KDMC - CMS/input_txtbatchno'

2018-05-28 13:21:04 - [TEST_STEP][PASSED] - Statement - return (java.lang.Math.floor((java.lang.Math.random() * ((max - min) + 1))) + min): Text 'BA77.0' is set on object 'Object Repository/MOH AND GRN/Page_KDMC - CMS/input_txtbatchno'

2018-05-28 13:21:04 - [MESSAGE][PASSED] - Text 'BA77.0' is set on object 'Object Repository/MOH AND GRN/Page_KDMC - CMS/input_txtbatchno'

2018-05-28 13:21:04 - [TEST_STEP][PASSED] - rightClick: Object: 'Object Repository/GRN/Page_KDMC - CMS/input_txtexpdate' is right clicked on

2018-05-28 13:21:04 - [MESSAGE][PASSED] - Object: 'Object Repository/GRN/Page_KDMC - CMS/input_txtexpdate' is right clicked on

2018-05-28 13:21:04 - [TEST_STEP][PASSED] - selectOptionByIndex: All options with index in [8] are selected on object 'Object Repository/GRN/Page_KDMC - CMS/select_20182019202020212022202'

2018-05-28 13:21:04 - [MESSAGE][PASSED] - All options with index in [8] are selected on object 'Object Repository/GRN/Page_KDMC - CMS/select_20182019202020212022202'

2018-05-28 13:21:04 - [TEST_STEP][PASSED] - selectOptionByIndex: All options with index in [8] are selected on object 'Object Repository/GRN/Page_KDMC - CMS/select_JanFebMarAprMayJunJulAu'

2018-05-28 13:21:05 - [MESSAGE][PASSED] - All options with index in [8] are selected on object 'Object Repository/GRN/Page_KDMC - CMS/select_JanFebMarAprMayJunJulAu'

2018-05-28 13:21:05 - [TEST_STEP][PASSED] - click: Object: 'Object Repository/MOH AND GRN/Page_KDMC - CMS/a_12' is clicked on

2018-05-28 13:21:05 - [MESSAGE][PASSED] - Object: 'Object Repository/MOH AND GRN/Page_KDMC - CMS/a_12' is clicked on

2018-05-28 13:21:05 - [TEST_STEP][PASSED] - click: Object: 'Object Repository/MOH AND GRN/Page_KDMC - CMS/input_btnadd' is clicked on

2018-05-28 13:21:05 - [MESSAGE][PASSED] - Object: 'Object Repository/MOH AND GRN/Page_KDMC - CMS/input_btnadd' is clicked on

2018-05-28 13:21:05 - [TEST_STEP][PASSED] - Statement - If (s == 10): null

2018-05-28 13:21:05 - [TEST_STEP][PASSED] - Statement - Else: null

2018-05-28 13:21:05 - [TEST_STEP][PASSED] - Statement - (s++): null

2018-05-28 13:21:05 - [TEST_STEP][PASSED] - delay: Delayed 1 second(s)

2018-05-28 13:21:06 - [MESSAGE][PASSED] - Delayed 1 second(s)

2018-05-28 13:21:06 - [TEST_STEP][PASSED] - selectOptionByIndex: All options with index in [49] are selected on object 'Object Repository/MOH AND GRN/Page_KDMC - CMS/select_--Select--Amikacin -500'

2018-05-28 13:21:07 - [MESSAGE][PASSED] - All options with index in [49] are selected on object 'Object Repository/MOH AND GRN/Page_KDMC - CMS/select_--Select--Amikacin -500'

2018-05-28 13:21:07 - [TEST_STEP][PASSED] - setText: Text '5000' is set on object 'Object Repository/MOH AND GRN/Page_KDMC - CMS/input_txtqty'

2018-05-28 13:21:07 - [MESSAGE][PASSED] - Text '5000' is set on object 'Object Repository/MOH AND GRN/Page_KDMC - CMS/input_txtqty'

2018-05-28 13:21:07 - [TEST_STEP][PASSED] - selectOptionByIndex: All options with index in [1] are selected on object 'Object Repository/MOH AND GRN/Page_KDMC - CMS/select_--Select--No Tax0'

2018-05-28 13:21:07 - [MESSAGE][PASSED] - All options with index in [1] are selected on object 'Object Repository/MOH AND GRN/Page_KDMC - CMS/select_--Select--No Tax0'

2018-05-28 13:21:07 - [TEST_STEP][PASSED] - setText: Finding Test Object with id 'Object Repository/MOH AND GRN/Page_KDMC - CMS/input_txtmrp'

2018-05-28 13:21:07 - [TEST_STEP][PASSED] - Statement - switch (id): Finding Test Object with id 'Object Repository/MOH AND GRN/Page_KDMC - CMS/input_txtdeal'

2018-05-28 13:21:07 - [TEST_STEP][PASSED] - Statement - case 4:: Text '40.0' is set on object 'Object Repository/MOH AND GRN/Page_KDMC - CMS/input_txtmrp'

2018-05-28 13:21:07 - [TEST_STEP][PASSED] - Statement - return (java.lang.Math.floor((java.lang.Math.random() * ((max - min) + 1))) + min): Text '40.0' is set on object 'Object Repository/MOH AND GRN/Page_KDMC - CMS/input_txtmrp'

2018-05-28 13:21:07 - [MESSAGE][PASSED] - Text '40.0' is set on object 'Object Repository/MOH AND GRN/Page_KDMC - CMS/input_txtmrp'

2018-05-28 13:21:07 - [TEST_STEP][PASSED] - setText: Finding Test Object with id 'Object Repository/MOH AND GRN/Page_KDMC - CMS/input_txtdeal'

2018-05-28 13:21:07 - [TEST_STEP][PASSED] - Statement - switch (id): Finding Test Object with id 'Object Repository/MOH AND GRN/Page_KDMC - CMS/input_txtbatchno'

2018-05-28 13:21:07 - [TEST_STEP][PASSED] - Statement - case 5:: Text '9.0' is set on object 'Object Repository/MOH AND GRN/Page_KDMC - CMS/input_txtdeal'

2018-05-28 13:21:07 - [TEST_STEP][PASSED] - Statement - return (java.lang.Math.floor((java.lang.Math.random() * ((max - min) + 1))) + min): Text '9.0' is set on object 'Object Repository/MOH AND GRN/Page_KDMC - CMS/input_txtdeal'

2018-05-28 13:21:07 - [MESSAGE][PASSED] - Text '9.0' is set on object 'Object Repository/MOH AND GRN/Page_KDMC - CMS/input_txtdeal'

2018-05-28 13:21:07 - [TEST_STEP][PASSED] - setText: Finding Test Object with id 'Object Repository/MOH AND GRN/Page_KDMC - CMS/input_txtbatchno'

2018-05-28 13:21:07 - [TEST_STEP][PASSED] - Statement - switch (id): Finding Test Object with id 'Object Repository/MOH AND GRN/Page_KDMC - CMS/input_txtmrp'

2018-05-28 13:21:07 - [TEST_STEP][PASSED] - Statement - case 1:: Text 'BA735.0' is set on object 'Object Repository/MOH AND GRN/Page_KDMC - CMS/input_txtbatchno'

2018-05-28 13:21:07 - [TEST_STEP][PASSED] - Statement - return (java.lang.Math.floor((java.lang.Math.random() * ((max - min) + 1))) + min): Text 'BA735.0' is set on object 'Object Repository/MOH AND GRN/Page_KDMC - CMS/input_txtbatchno'

2018-05-28 13:21:07 - [MESSAGE][PASSED] - Text 'BA735.0' is set on object 'Object Repository/MOH AND GRN/Page_KDMC - CMS/input_txtbatchno'

2018-05-28 13:21:07 - [TEST_STEP][PASSED] - rightClick: Object: 'Object Repository/GRN/Page_KDMC - CMS/input_txtexpdate' is right clicked on

2018-05-28 13:21:07 - [MESSAGE][PASSED] - Object: 'Object Repository/GRN/Page_KDMC - CMS/input_txtexpdate' is right clicked on

2018-05-28 13:21:07 - [TEST_STEP][PASSED] - selectOptionByIndex: All options with index in [9] are selected on object 'Object Repository/GRN/Page_KDMC - CMS/select_20182019202020212022202'

2018-05-28 13:21:07 - [MESSAGE][PASSED] - All options with index in [9] are selected on object 'Object Repository/GRN/Page_KDMC - CMS/select_20182019202020212022202'

2018-05-28 13:21:07 - [TEST_STEP][PASSED] - selectOptionByIndex: All options with index in [9] are selected on object 'Object Repository/GRN/Page_KDMC - CMS/select_JanFebMarAprMayJunJulAu'

2018-05-28 13:21:08 - [MESSAGE][PASSED] - All options with index in [9] are selected on object 'Object Repository/GRN/Page_KDMC - CMS/select_JanFebMarAprMayJunJulAu'

2018-05-28 13:21:08 - [TEST_STEP][PASSED] - click: Object: 'Object Repository/MOH AND GRN/Page_KDMC - CMS/a_12' is clicked on

2018-05-28 13:21:08 - [MESSAGE][PASSED] - Object: 'Object Repository/MOH AND GRN/Page_KDMC - CMS/a_12' is clicked on

2018-05-28 13:21:08 - [TEST_STEP][PASSED] - click: Object: 'Object Repository/MOH AND GRN/Page_KDMC - CMS/input_btnadd' is clicked on

2018-05-28 13:21:08 - [MESSAGE][PASSED] - Object: 'Object Repository/MOH AND GRN/Page_KDMC - CMS/input_btnadd' is clicked on

2018-05-28 13:21:08 - [TEST_STEP][PASSED] - Statement - If (s == 10): null

2018-05-28 13:21:08 - [TEST_STEP][PASSED] - Statement - Else: null

2018-05-28 13:21:08 - [TEST_STEP][PASSED] - Statement - (s++): null

2018-05-28 13:21:08 - [TEST_STEP][PASSED] - delay: Delayed 1 second(s)

2018-05-28 13:21:09 - [MESSAGE][PASSED] - Delayed 1 second(s)

2018-05-28 13:21:09 - [TEST_STEP][PASSED] - selectOptionByIndex: All options with index in [50] are selected on object 'Object Repository/MOH AND GRN/Page_KDMC - CMS/select_--Select--Amikacin -500'

2018-05-28 13:21:10 - [MESSAGE][PASSED] - All options with index in [50] are selected on object 'Object Repository/MOH AND GRN/Page_KDMC - CMS/select_--Select--Amikacin -500'

2018-05-28 13:21:10 - [TEST_STEP][PASSED] - setText: Text '5000' is set on object 'Object Repository/MOH AND GRN/Page_KDMC - CMS/input_txtqty'

2018-05-28 13:21:10 - [MESSAGE][PASSED] - Text '5000' is set on object 'Object Repository/MOH AND GRN/Page_KDMC - CMS/input_txtqty'

2018-05-28 13:21:10 - [TEST_STEP][PASSED] - selectOptionByIndex: All options with index in [1] are selected on object 'Object Repository/MOH AND GRN/Page_KDMC - CMS/select_--Select--No Tax0'

2018-05-28 13:21:10 - [MESSAGE][PASSED] - All options with index in [1] are selected on object 'Object Repository/MOH AND GRN/Page_KDMC - CMS/select_--Select--No Tax0'

2018-05-28 13:21:10 - [TEST_STEP][PASSED] - setText: Finding Test Object with id 'Object Repository/MOH AND GRN/Page_KDMC - CMS/input_txtmrp'

2018-05-28 13:21:10 - [TEST_STEP][PASSED] - Statement - switch (id): Finding Test Object with id 'Object Repository/MOH AND GRN/Page_KDMC - CMS/input_txtdeal'

2018-05-28 13:21:10 - [TEST_STEP][PASSED] - Statement - case 4:: Text '45.0' is set on object 'Object Repository/MOH AND GRN/Page_KDMC - CMS/input_txtmrp'

2018-05-28 13:21:10 - [TEST_STEP][PASSED] - Statement - return (java.lang.Math.floor((java.lang.Math.random() * ((max - min) + 1))) + min): Text '45.0' is set on object 'Object Repository/MOH AND GRN/Page_KDMC - CMS/input_txtmrp'

2018-05-28 13:21:10 - [MESSAGE][PASSED] - Text '45.0' is set on object 'Object Repository/MOH AND GRN/Page_KDMC - CMS/input_txtmrp'

2018-05-28 13:21:10 - [TEST_STEP][PASSED] - setText: Finding Test Object with id 'Object Repository/MOH AND GRN/Page_KDMC - CMS/input_txtdeal'

2018-05-28 13:21:10 - [TEST_STEP][PASSED] - Statement - switch (id): Finding Test Object with id 'Object Repository/MOH AND GRN/Page_KDMC - CMS/input_txtbatchno'

2018-05-28 13:21:10 - [TEST_STEP][PASSED] - Statement - case 5:: Text '8.0' is set on object 'Object Repository/MOH AND GRN/Page_KDMC - CMS/input_txtdeal'

2018-05-28 13:21:10 - [TEST_STEP][PASSED] - Statement - return (java.lang.Math.floor((java.lang.Math.random() * ((max - min) + 1))) + min): Text '8.0' is set on object 'Object Repository/MOH AND GRN/Page_KDMC - CMS/input_txtdeal'

2018-05-28 13:21:10 - [MESSAGE][PASSED] - Text '8.0' is set on object 'Object Repository/MOH AND GRN/Page_KDMC - CMS/input_txtdeal'

2018-05-28 13:21:10 - [TEST_STEP][PASSED] - setText: Finding Test Object with id 'Object Repository/MOH AND GRN/Page_KDMC - CMS/input_txtbatchno'

2018-05-28 13:21:10 - [TEST_STEP][PASSED] - Statement - switch (id): Finding Test Object with id 'Object Repository/MOH AND GRN/Page_KDMC - CMS/input_txtmrp'

2018-05-28 13:21:10 - [TEST_STEP][PASSED] - Statement - case 1:: Text 'BA745.0' is set on object 'Object Repository/MOH AND GRN/Page_KDMC - CMS/input_txtbatchno'

2018-05-28 13:21:10 - [TEST_STEP][PASSED] - Statement - return (java.lang.Math.floor((java.lang.Math.random() * ((max - min) + 1))) + min): Text 'BA745.0' is set on object 'Object Repository/MOH AND GRN/Page_KDMC - CMS/input_txtbatchno'

2018-05-28 13:21:10 - [MESSAGE][PASSED] - Text 'BA745.0' is set on object 'Object Repository/MOH AND GRN/Page_KDMC - CMS/input_txtbatchno'

2018-05-28 13:21:10 - [TEST_STEP][PASSED] - rightClick: Object: 'Object Repository/GRN/Page_KDMC - CMS/input_txtexpdate' is right clicked on

2018-05-28 13:21:10 - [MESSAGE][PASSED] - Object: 'Object Repository/GRN/Page_KDMC - CMS/input_txtexpdate' is right clicked on

2018-05-28 13:21:10 - [TEST_STEP][PASSED] - selectOptionByIndex: All options with index in [10] are selected on object 'Object Repository/GRN/Page_KDMC - CMS/select_20182019202020212022202'

2018-05-28 13:21:10 - [MESSAGE][PASSED] - All options with index in [10] are selected on object 'Object Repository/GRN/Page_KDMC - CMS/select_20182019202020212022202'

2018-05-28 13:21:10 - [TEST_STEP][PASSED] - selectOptionByIndex: All options with index in [10] are selected on object 'Object Repository/GRN/Page_KDMC - CMS/select_JanFebMarAprMayJunJulAu'

2018-05-28 13:21:11 - [MESSAGE][PASSED] - All options with index in [10] are selected on object 'Object Repository/GRN/Page_KDMC - CMS/select_JanFebMarAprMayJunJulAu'

2018-05-28 13:21:11 - [TEST_STEP][PASSED] - click: Object: 'Object Repository/MOH AND GRN/Page_KDMC - CMS/a_12' is clicked on

2018-05-28 13:21:11 - [MESSAGE][PASSED] - Object: 'Object Repository/MOH AND GRN/Page_KDMC - CMS/a_12' is clicked on

2018-05-28 13:21:11 - [TEST_STEP][PASSED] - click: Object: 'Object Repository/MOH AND GRN/Page_KDMC - CMS/input_btnadd' is clicked on

2018-05-28 13:21:11 - [MESSAGE][PASSED] - Object: 'Object Repository/MOH AND GRN/Page_KDMC - CMS/input_btnadd' is clicked on

2018-05-28 13:21:11 - [TEST_STEP][PASSED] - Statement - If (s == 10): null

2018-05-28 13:21:11 - [TEST_STEP][PASSED] - Statement - s = 1: null

2018-05-28 13:21:11 - [TEST_STEP][PASSED] - delay: Delayed 1 second(s)

2018-05-28 13:21:12 - [MESSAGE][PASSED] - Delayed 1 second(s)

2018-05-28 13:21:12 - [TEST_STEP][PASSED] - selectOptionByIndex: All options with index in [51] are selected on object 'Object Repository/MOH AND GRN/Page_KDMC - CMS/select_--Select--Amikacin -500'

2018-05-28 13:21:13 - [MESSAGE][PASSED] - All options with index in [51] are selected on object 'Object Repository/MOH AND GRN/Page_KDMC - CMS/select_--Select--Amikacin -500'

2018-05-28 13:21:13 - [TEST_STEP][PASSED] - setText: Text '5000' is set on object 'Object Repository/MOH AND GRN/Page_KDMC - CMS/input_txtqty'

2018-05-28 13:21:13 - [MESSAGE][PASSED] - Text '5000' is set on object 'Object Repository/MOH AND GRN/Page_KDMC - CMS/input_txtqty'

2018-05-28 13:21:13 - [TEST_STEP][PASSED] - selectOptionByIndex: All options with index in [1] are selected on object 'Object Repository/MOH AND GRN/Page_KDMC - CMS/select_--Select--No Tax0'

2018-05-28 13:21:13 - [MESSAGE][PASSED] - All options with index in [1] are selected on object 'Object Repository/MOH AND GRN/Page_KDMC - CMS/select_--Select--No Tax0'

2018-05-28 13:21:13 - [TEST_STEP][PASSED] - setText: Finding Test Object with id 'Object Repository/MOH AND GRN/Page_KDMC - CMS/input_txtmrp'

2018-05-28 13:21:13 - [TEST_STEP][PASSED] - Statement - switch (id): Finding Test Object with id 'Object Repository/MOH AND GRN/Page_KDMC - CMS/input_txtdeal'

2018-05-28 13:21:13 - [TEST_STEP][PASSED] - Statement - case 4:: Text '30.0' is set on object 'Object Repository/MOH AND GRN/Page_KDMC - CMS/input_txtmrp'

2018-05-28 13:21:13 - [TEST_STEP][PASSED] - Statement - return (java.lang.Math.floor((java.lang.Math.random() * ((max - min) + 1))) + min): Text '30.0' is set on object 'Object Repository/MOH AND GRN/Page_KDMC - CMS/input_txtmrp'

2018-05-28 13:21:13 - [MESSAGE][PASSED] - Text '30.0' is set on object 'Object Repository/MOH AND GRN/Page_KDMC - CMS/input_txtmrp'

2018-05-28 13:21:13 - [TEST_STEP][PASSED] - setText: Finding Test Object with id 'Object Repository/MOH AND GRN/Page_KDMC - CMS/input_txtdeal'

2018-05-28 13:21:13 - [TEST_STEP][PASSED] - Statement - switch (id): Finding Test Object with id 'Object Repository/MOH AND GRN/Page_KDMC - CMS/input_txtbatchno'

2018-05-28 13:21:13 - [TEST_STEP][PASSED] - Statement - case 5:: Text '5.0' is set on object 'Object Repository/MOH AND GRN/Page_KDMC - CMS/input_txtdeal'

2018-05-28 13:21:13 - [TEST_STEP][PASSED] - Statement - return (java.lang.Math.floor((java.lang.Math.random() * ((max - min) + 1))) + min): Text '5.0' is set on object 'Object Repository/MOH AND GRN/Page_KDMC - CMS/input_txtdeal'

2018-05-28 13:21:13 - [MESSAGE][PASSED] - Text '5.0' is set on object 'Object Repository/MOH AND GRN/Page_KDMC - CMS/input_txtdeal'

2018-05-28 13:21:13 - [TEST_STEP][PASSED] - setText: Finding Test Object with id 'Object Repository/MOH AND GRN/Page_KDMC - CMS/input_txtbatchno'

2018-05-28 13:21:13 - [TEST_STEP][PASSED] - Statement - switch (id): Finding Test Object with id 'Object Repository/MOH AND GRN/Page_KDMC - CMS/input_txtmrp'

2018-05-28 13:21:13 - [TEST_STEP][PASSED] - Statement - case 1:: Text 'BA171.0' is set on object 'Object Repository/MOH AND GRN/Page_KDMC - CMS/input_txtbatchno'

2018-05-28 13:21:13 - [TEST_STEP][PASSED] - Statement - return (java.lang.Math.floor((java.lang.Math.random() * ((max - min) + 1))) + min): Text 'BA171.0' is set on object 'Object Repository/MOH AND GRN/Page_KDMC - CMS/input_txtbatchno'

2018-05-28 13:21:13 - [MESSAGE][PASSED] - Text 'BA171.0' is set on object 'Object Repository/MOH AND GRN/Page_KDMC - CMS/input_txtbatchno'

2018-05-28 13:21:13 - [TEST_STEP][PASSED] - rightClick: Object: 'Object Repository/GRN/Page_KDMC - CMS/input_txtexpdate' is right clicked on

2018-05-28 13:21:13 - [MESSAGE][PASSED] - Object: 'Object Repository/GRN/Page_KDMC - CMS/input_txtexpdate' is right clicked on

2018-05-28 13:21:13 - [TEST_STEP][PASSED] - selectOptionByIndex: All options with index in [1] are selected on object 'Object Repository/GRN/Page_KDMC - CMS/select_20182019202020212022202'

2018-05-28 13:21:13 - [MESSAGE][PASSED] - All options with index in [1] are selected on object 'Object Repository/GRN/Page_KDMC - CMS/select_20182019202020212022202'

2018-05-28 13:21:13 - [TEST_STEP][PASSED] - selectOptionByIndex: All options with index in [1] are selected on object 'Object Repository/GRN/Page_KDMC - CMS/select_JanFebMarAprMayJunJulAu'

2018-05-28 13:21:13 - [MESSAGE][PASSED] - All options with index in [1] are selected on object 'Object Repository/GRN/Page_KDMC - CMS/select_JanFebMarAprMayJunJulAu'

2018-05-28 13:21:13 - [TEST_STEP][PASSED] - click: Object: 'Object Repository/MOH AND GRN/Page_KDMC - CMS/a_12' is clicked on

2018-05-28 13:21:14 - [MESSAGE][PASSED] - Object: 'Object Repository/MOH AND GRN/Page_KDMC - CMS/a_12' is clicked on

2018-05-28 13:21:14 - [TEST_STEP][PASSED] - click: Object: 'Object Repository/MOH AND GRN/Page_KDMC - CMS/input_btnadd' is clicked on

2018-05-28 13:21:14 - [MESSAGE][PASSED] - Object: 'Object Repository/MOH AND GRN/Page_KDMC - CMS/input_btnadd' is clicked on

2018-05-28 13:21:14 - [TEST_STEP][PASSED] - Statement - If (s == 10): null

2018-05-28 13:21:14 - [TEST_STEP][PASSED] - Statement - Else: null

2018-05-28 13:21:14 - [TEST_STEP][PASSED] - Statement - (s++): null

2018-05-28 13:21:14 - [TEST_STEP][PASSED] - delay: Delayed 1 second(s)

2018-05-28 13:21:15 - [MESSAGE][PASSED] - Delayed 1 second(s)

2018-05-28 13:21:15 - [TEST_STEP][PASSED] - selectOptionByIndex: All options with index in [52] are selected on object 'Object Repository/MOH AND GRN/Page_KDMC - CMS/select_--Select--Amikacin -500'

2018-05-28 13:21:15 - [MESSAGE][PASSED] - All options with index in [52] are selected on object 'Object Repository/MOH AND GRN/Page_KDMC - CMS/select_--Select--Amikacin -500'

2018-05-28 13:21:15 - [TEST_STEP][PASSED] - setText: Text '5000' is set on object 'Object Repository/MOH AND GRN/Page_KDMC - CMS/input_txtqty'

2018-05-28 13:21:15 - [MESSAGE][PASSED] - Text '5000' is set on object 'Object Repository/MOH AND GRN/Page_KDMC - CMS/input_txtqty'

2018-05-28 13:21:15 - [TEST_STEP][PASSED] - selectOptionByIndex: All options with index in [1] are selected on object 'Object Repository/MOH AND GRN/Page_KDMC - CMS/select_--Select--No Tax0'

2018-05-28 13:21:16 - [MESSAGE][PASSED] - All options with index in [1] are selected on object 'Object Repository/MOH AND GRN/Page_KDMC - CMS/select_--Select--No Tax0'

2018-05-28 13:21:16 - [TEST_STEP][PASSED] - setText: Finding Test Object with id 'Object Repository/MOH AND GRN/Page_KDMC - CMS/input_txtmrp'

2018-05-28 13:21:16 - [TEST_STEP][PASSED] - Statement - switch (id): Finding Test Object with id 'Object Repository/MOH AND GRN/Page_KDMC - CMS/input_txtdeal'

2018-05-28 13:21:16 - [TEST_STEP][PASSED] - Statement - case 4:: Text '40.0' is set on object 'Object Repository/MOH AND GRN/Page_KDMC - CMS/input_txtmrp'

2018-05-28 13:21:16 - [TEST_STEP][PASSED] - Statement - return (java.lang.Math.floor((java.lang.Math.random() * ((max - min) + 1))) + min): Text '40.0' is set on object 'Object Repository/MOH AND GRN/Page_KDMC - CMS/input_txtmrp'

2018-05-28 13:21:16 - [MESSAGE][PASSED] - Text '40.0' is set on object 'Object Repository/MOH AND GRN/Page_KDMC - CMS/input_txtmrp'

2018-05-28 13:21:16 - [TEST_STEP][PASSED] - setText: Finding Test Object with id 'Object Repository/MOH AND GRN/Page_KDMC - CMS/input_txtdeal'

2018-05-28 13:21:16 - [TEST_STEP][PASSED] - Statement - switch (id): Finding Test Object with id 'Object Repository/MOH AND GRN/Page_KDMC - CMS/input_txtbatchno'

2018-05-28 13:21:16 - [TEST_STEP][PASSED] - Statement - case 5:: Text '9.0' is set on object 'Object Repository/MOH AND GRN/Page_KDMC - CMS/input_txtdeal'

2018-05-28 13:21:16 - [TEST_STEP][PASSED] - Statement - return (java.lang.Math.floor((java.lang.Math.random() * ((max - min) + 1))) + min): Text '9.0' is set on object 'Object Repository/MOH AND GRN/Page_KDMC - CMS/input_txtdeal'

2018-05-28 13:21:16 - [MESSAGE][PASSED] - Text '9.0' is set on object 'Object Repository/MOH AND GRN/Page_KDMC - CMS/input_txtdeal'

2018-05-28 13:21:16 - [TEST_STEP][PASSED] - setText: Finding Test Object with id 'Object Repository/MOH AND GRN/Page_KDMC - CMS/input_txtbatchno'

2018-05-28 13:21:16 - [TEST_STEP][PASSED] - Statement - switch (id): Finding Test Object with id 'Object Repository/MOH AND GRN/Page_KDMC - CMS/input_txtmrp'

2018-05-28 13:21:16 - [TEST_STEP][PASSED] - Statement - case 1:: Text 'BA713.0' is set on object 'Object Repository/MOH AND GRN/Page_KDMC - CMS/input_txtbatchno'

2018-05-28 13:21:16 - [TEST_STEP][PASSED] - Statement - return (java.lang.Math.floor((java.lang.Math.random() * ((max - min) + 1))) + min): Text 'BA713.0' is set on object 'Object Repository/MOH AND GRN/Page_KDMC - CMS/input_txtbatchno'

2018-05-28 13:21:16 - [MESSAGE][PASSED] - Text 'BA713.0' is set on object 'Object Repository/MOH AND GRN/Page_KDMC - CMS/input_txtbatchno'

2018-05-28 13:21:16 - [TEST_STEP][PASSED] - rightClick: Object: 'Object Repository/GRN/Page_KDMC - CMS/input_txtexpdate' is right clicked on

2018-05-28 13:21:16 - [MESSAGE][PASSED] - Object: 'Object Repository/GRN/Page_KDMC - CMS/input_txtexpdate' is right clicked on

2018-05-28 13:21:16 - [TEST_STEP][PASSED] - selectOptionByIndex: All options with index in [2] are selected on object 'Object Repository/GRN/Page_KDMC - CMS/select_20182019202020212022202'

2018-05-28 13:21:16 - [MESSAGE][PASSED] - All options with index in [2] are selected on object 'Object Repository/GRN/Page_KDMC - CMS/select_20182019202020212022202'

2018-05-28 13:21:16 - [TEST_STEP][PASSED] - selectOptionByIndex: All options with index in [2] are selected on object 'Object Repository/GRN/Page_KDMC - CMS/select_JanFebMarAprMayJunJulAu'

2018-05-28 13:21:16 - [MESSAGE][PASSED] - All options with index in [2] are selected on object 'Object Repository/GRN/Page_KDMC - CMS/select_JanFebMarAprMayJunJulAu'

2018-05-28 13:21:16 - [TEST_STEP][PASSED] - click: Object: 'Object Repository/MOH AND GRN/Page_KDMC - CMS/a_12' is clicked on

2018-05-28 13:21:16 - [MESSAGE][PASSED] - Object: 'Object Repository/MOH AND GRN/Page_KDMC - CMS/a_12' is clicked on

2018-05-28 13:21:16 - [TEST_STEP][PASSED] - click: Object: 'Object Repository/MOH AND GRN/Page_KDMC - CMS/input_btnadd' is clicked on

2018-05-28 13:21:16 - [MESSAGE][PASSED] - Object: 'Object Repository/MOH AND GRN/Page_KDMC - CMS/input_btnadd' is clicked on

2018-05-28 13:21:16 - [TEST_STEP][PASSED] - Statement - If (s == 10): null

2018-05-28 13:21:16 - [TEST_STEP][PASSED] - Statement - Else: null

2018-05-28 13:21:16 - [TEST_STEP][PASSED] - Statement - (s++): null

2018-05-28 13:21:16 - [TEST_STEP][PASSED] - delay: Delayed 1 second(s)

2018-05-28 13:21:17 - [MESSAGE][PASSED] - Delayed 1 second(s)

2018-05-28 13:21:17 - [TEST_STEP][PASSED] - selectOptionByIndex: All options with index in [53] are selected on object 'Object Repository/MOH AND GRN/Page_KDMC - CMS/select_--Select--Amikacin -500'

2018-05-28 13:21:18 - [MESSAGE][PASSED] - All options with index in [53] are selected on object 'Object Repository/MOH AND GRN/Page_KDMC - CMS/select_--Select--Amikacin -500'

2018-05-28 13:21:18 - [TEST_STEP][PASSED] - setText: Text '5000' is set on object 'Object Repository/MOH AND GRN/Page_KDMC - CMS/input_txtqty'

2018-05-28 13:21:18 - [MESSAGE][PASSED] - Text '5000' is set on object 'Object Repository/MOH AND GRN/Page_KDMC - CMS/input_txtqty'

2018-05-28 13:21:18 - [TEST_STEP][PASSED] - selectOptionByIndex: All options with index in [1] are selected on object 'Object Repository/MOH AND GRN/Page_KDMC - CMS/select_--Select--No Tax0'

2018-05-28 13:21:18 - [MESSAGE][PASSED] - All options with index in [1] are selected on object 'Object Repository/MOH AND GRN/Page_KDMC - CMS/select_--Select--No Tax0'

2018-05-28 13:21:18 - [TEST_STEP][PASSED] - setText: Finding Test Object with id 'Object Repository/MOH AND GRN/Page_KDMC - CMS/input_txtmrp'

2018-05-28 13:21:18 - [TEST_STEP][PASSED] - Statement - switch (id): Finding Test Object with id 'Object Repository/MOH AND GRN/Page_KDMC - CMS/input_txtdeal'

2018-05-28 13:21:18 - [TEST_STEP][PASSED] - Statement - case 4:: Text '38.0' is set on object 'Object Repository/MOH AND GRN/Page_KDMC - CMS/input_txtmrp'

2018-05-28 13:21:18 - [TEST_STEP][PASSED] - Statement - return (java.lang.Math.floor((java.lang.Math.random() * ((max - min) + 1))) + min): Text '38.0' is set on object 'Object Repository/MOH AND GRN/Page_KDMC - CMS/input_txtmrp'

2018-05-28 13:21:18 - [MESSAGE][PASSED] - Text '38.0' is set on object 'Object Repository/MOH AND GRN/Page_KDMC - CMS/input_txtmrp'

2018-05-28 13:21:18 - [TEST_STEP][PASSED] - setText: Finding Test Object with id 'Object Repository/MOH AND GRN/Page_KDMC - CMS/input_txtdeal'

2018-05-28 13:21:18 - [TEST_STEP][PASSED] - Statement - switch (id): Finding Test Object with id 'Object Repository/MOH AND GRN/Page_KDMC - CMS/input_txtbatchno'

2018-05-28 13:21:18 - [TEST_STEP][PASSED] - Statement - case 5:: Text '2.0' is set on object 'Object Repository/MOH AND GRN/Page_KDMC - CMS/input_txtdeal'

2018-05-28 13:21:18 - [TEST_STEP][PASSED] - Statement - return (java.lang.Math.floor((java.lang.Math.random() * ((max - min) + 1))) + min): Text '2.0' is set on object 'Object Repository/MOH AND GRN/Page_KDMC - CMS/input_txtdeal'

2018-05-28 13:21:18 - [MESSAGE][PASSED] - Text '2.0' is set on object 'Object Repository/MOH AND GRN/Page_KDMC - CMS/input_txtdeal'

2018-05-28 13:21:18 - [TEST_STEP][PASSED] - setText: Finding Test Object with id 'Object Repository/MOH AND GRN/Page_KDMC - CMS/input_txtbatchno'

2018-05-28 13:21:19 - [TEST_STEP][PASSED] - Statement - switch (id): Finding Test Object with id 'Object Repository/MOH AND GRN/Page_KDMC - CMS/input_txtmrp'

2018-05-28 13:21:19 - [TEST_STEP][PASSED] - Statement - case 1:: Text 'BA952.0' is set on object 'Object Repository/MOH AND GRN/Page_KDMC - CMS/input_txtbatchno'

2018-05-28 13:21:19 - [TEST_STEP][PASSED] - Statement - return (java.lang.Math.floor((java.lang.Math.random() * ((max - min) + 1))) + min): Text 'BA952.0' is set on object 'Object Repository/MOH AND GRN/Page_KDMC - CMS/input_txtbatchno'

2018-05-28 13:21:19 - [MESSAGE][PASSED] - Text 'BA952.0' is set on object 'Object Repository/MOH AND GRN/Page_KDMC - CMS/input_txtbatchno'

2018-05-28 13:21:19 - [TEST_STEP][PASSED] - rightClick: Object: 'Object Repository/GRN/Page_KDMC - CMS/input_txtexpdate' is right clicked on

2018-05-28 13:21:19 - [MESSAGE][PASSED] - Object: 'Object Repository/GRN/Page_KDMC - CMS/input_txtexpdate' is right clicked on

2018-05-28 13:21:19 - [TEST_STEP][PASSED] - selectOptionByIndex: All options with index in [3] are selected on object 'Object Repository/GRN/Page_KDMC - CMS/select_20182019202020212022202'

2018-05-28 13:21:19 - [MESSAGE][PASSED] - All options with index in [3] are selected on object 'Object Repository/GRN/Page_KDMC - CMS/select_20182019202020212022202'

2018-05-28 13:21:19 - [TEST_STEP][PASSED] - selectOptionByIndex: All options with index in [3] are selected on object 'Object Repository/GRN/Page_KDMC - CMS/select_JanFebMarAprMayJunJulAu'

2018-05-28 13:21:19 - [MESSAGE][PASSED] - All options with index in [3] are selected on object 'Object Repository/GRN/Page_KDMC - CMS/select_JanFebMarAprMayJunJulAu'

2018-05-28 13:21:19 - [TEST_STEP][PASSED] - click: Object: 'Object Repository/MOH AND GRN/Page_KDMC - CMS/a_12' is clicked on

2018-05-28 13:21:19 - [MESSAGE][PASSED] - Object: 'Object Repository/MOH AND GRN/Page_KDMC - CMS/a_12' is clicked on

2018-05-28 13:21:19 - [TEST_STEP][PASSED] - click: Object: 'Object Repository/MOH AND GRN/Page_KDMC - CMS/input_btnadd' is clicked on

2018-05-28 13:21:19 - [MESSAGE][PASSED] - Object: 'Object Repository/MOH AND GRN/Page_KDMC - CMS/input_btnadd' is clicked on

2018-05-28 13:21:19 - [TEST_STEP][PASSED] - Statement - If (s == 10): null

2018-05-28 13:21:19 - [TEST_STEP][PASSED] - Statement - Else: null

2018-05-28 13:21:19 - [TEST_STEP][PASSED] - Statement - (s++): null

2018-05-28 13:21:19 - [TEST_STEP][PASSED] - delay: Delayed 1 second(s)

2018-05-28 13:21:20 - [MESSAGE][PASSED] - Delayed 1 second(s)

2018-05-28 13:21:20 - [TEST_STEP][PASSED] - selectOptionByIndex: All options with index in [54] are selected on object 'Object Repository/MOH AND GRN/Page_KDMC - CMS/select_--Select--Amikacin -500'

2018-05-28 13:21:21 - [MESSAGE][PASSED] - All options with index in [54] are selected on object 'Object Repository/MOH AND GRN/Page_KDMC - CMS/select_--Select--Amikacin -500'

2018-05-28 13:21:21 - [TEST_STEP][PASSED] - setText: Text '5000' is set on object 'Object Repository/MOH AND GRN/Page_KDMC - CMS/input_txtqty'

2018-05-28 13:21:22 - [MESSAGE][PASSED] - Text '5000' is set on object 'Object Repository/MOH AND GRN/Page_KDMC - CMS/input_txtqty'

2018-05-28 13:21:22 - [TEST_STEP][PASSED] - selectOptionByIndex: All options with index in [1] are selected on object 'Object Repository/MOH AND GRN/Page_KDMC - CMS/select_--Select--No Tax0'

2018-05-28 13:21:22 - [MESSAGE][PASSED] - All options with index in [1] are selected on object 'Object Repository/MOH AND GRN/Page_KDMC - CMS/select_--Select--No Tax0'

2018-05-28 13:21:22 - [TEST_STEP][PASSED] - setText: Finding Test Object with id 'Object Repository/MOH AND GRN/Page_KDMC - CMS/input_txtmrp'

2018-05-28 13:21:22 - [TEST_STEP][PASSED] - Statement - switch (id): Finding Test Object with id 'Object Repository/MOH AND GRN/Page_KDMC - CMS/input_txtdeal'

2018-05-28 13:21:22 - [TEST_STEP][PASSED] - Statement - case 4:: Text '26.0' is set on object 'Object Repository/MOH AND GRN/Page_KDMC - CMS/input_txtmrp'

2018-05-28 13:21:22 - [TEST_STEP][PASSED] - Statement - return (java.lang.Math.floor((java.lang.Math.random() * ((max - min) + 1))) + min): Text '26.0' is set on object 'Object Repository/MOH AND GRN/Page_KDMC - CMS/input_txtmrp'

2018-05-28 13:21:22 - [MESSAGE][PASSED] - Text '26.0' is set on object 'Object Repository/MOH AND GRN/Page_KDMC - CMS/input_txtmrp'

2018-05-28 13:21:22 - [TEST_STEP][PASSED] - setText: Finding Test Object with id 'Object Repository/MOH AND GRN/Page_KDMC - CMS/input_txtdeal'

2018-05-28 13:21:22 - [TEST_STEP][PASSED] - Statement - switch (id): Finding Test Object with id 'Object Repository/MOH AND GRN/Page_KDMC - CMS/input_txtbatchno'

2018-05-28 13:21:22 - [TEST_STEP][PASSED] - Statement - case 5:: Text '4.0' is set on object 'Object Repository/MOH AND GRN/Page_KDMC - CMS/input_txtdeal'

2018-05-28 13:21:22 - [TEST_STEP][PASSED] - Statement - return (java.lang.Math.floor((java.lang.Math.random() * ((max - min) + 1))) + min): Text '4.0' is set on object 'Object Repository/MOH AND GRN/Page_KDMC - CMS/input_txtdeal'

2018-05-28 13:21:22 - [MESSAGE][PASSED] - Text '4.0' is set on object 'Object Repository/MOH AND GRN/Page_KDMC - CMS/input_txtdeal'

2018-05-28 13:21:22 - [TEST_STEP][PASSED] - setText: Finding Test Object with id 'Object Repository/MOH AND GRN/Page_KDMC - CMS/input_txtbatchno'

2018-05-28 13:21:22 - [TEST_STEP][PASSED] - Statement - switch (id): Finding Test Object with id 'Object Repository/MOH AND GRN/Page_KDMC - CMS/input_txtmrp'

2018-05-28 13:21:22 - [TEST_STEP][PASSED] - Statement - case 1:: Text 'BA909.0' is set on object 'Object Repository/MOH AND GRN/Page_KDMC - CMS/input_txtbatchno'

2018-05-28 13:21:22 - [TEST_STEP][PASSED] - Statement - return (java.lang.Math.floor((java.lang.Math.random() * ((max - min) + 1))) + min): Text 'BA909.0' is set on object 'Object Repository/MOH AND GRN/Page_KDMC - CMS/input_txtbatchno'

2018-05-28 13:21:22 - [MESSAGE][PASSED] - Text 'BA909.0' is set on object 'Object Repository/MOH AND GRN/Page_KDMC - CMS/input_txtbatchno'

2018-05-28 13:21:22 - [TEST_STEP][PASSED] - rightClick: Object: 'Object Repository/GRN/Page_KDMC - CMS/input_txtexpdate' is right clicked on

2018-05-28 13:21:22 - [MESSAGE][PASSED] - Object: 'Object Repository/GRN/Page_KDMC - CMS/input_txtexpdate' is right clicked on

2018-05-28 13:21:22 - [TEST_STEP][PASSED] - selectOptionByIndex: All options with index in [4] are selected on object 'Object Repository/GRN/Page_KDMC - CMS/select_20182019202020212022202'

2018-05-28 13:21:22 - [MESSAGE][PASSED] - All options with index in [4] are selected on object 'Object Repository/GRN/Page_KDMC - CMS/select_20182019202020212022202'

2018-05-28 13:21:22 - [TEST_STEP][PASSED] - selectOptionByIndex: All options with index in [4] are selected on object 'Object Repository/GRN/Page_KDMC - CMS/select_JanFebMarAprMayJunJulAu'

2018-05-28 13:21:22 - [MESSAGE][PASSED] - All options with index in [4] are selected on object 'Object Repository/GRN/Page_KDMC - CMS/select_JanFebMarAprMayJunJulAu'

2018-05-28 13:21:22 - [TEST_STEP][PASSED] - click: Object: 'Object Repository/MOH AND GRN/Page_KDMC - CMS/a_12' is clicked on

2018-05-28 13:21:22 - [MESSAGE][PASSED] - Object: 'Object Repository/MOH AND GRN/Page_KDMC - CMS/a_12' is clicked on

2018-05-28 13:21:22 - [TEST_STEP][PASSED] - click: Object: 'Object Repository/MOH AND GRN/Page_KDMC - CMS/input_btnadd' is clicked on

2018-05-28 13:21:23 - [MESSAGE][PASSED] - Object: 'Object Repository/MOH AND GRN/Page_KDMC - CMS/input_btnadd' is clicked on

2018-05-28 13:21:23 - [TEST_STEP][PASSED] - Statement - If (s == 10): null

2018-05-28 13:21:23 - [TEST_STEP][PASSED] - Statement - Else: null

2018-05-28 13:21:23 - [TEST_STEP][PASSED] - Statement - (s++): null

2018-05-28 13:21:23 - [TEST_STEP][PASSED] - delay: Delayed 1 second(s)

2018-05-28 13:21:24 - [MESSAGE][PASSED] - Delayed 1 second(s)

2018-05-28 13:21:24 - [TEST_STEP][PASSED] - selectOptionByIndex: All options with index in [55] are selected on object 'Object Repository/MOH AND GRN/Page_KDMC - CMS/select_--Select--Amikacin -500'

2018-05-28 13:21:24 - [MESSAGE][PASSED] - All options with index in [55] are selected on object 'Object Repository/MOH AND GRN/Page_KDMC - CMS/select_--Select--Amikacin -500'

2018-05-28 13:21:24 - [TEST_STEP][PASSED] - setText: Text '5000' is set on object 'Object Repository/MOH AND GRN/Page_KDMC - CMS/input_txtqty'

2018-05-28 13:21:24 - [MESSAGE][PASSED] - Text '5000' is set on object 'Object Repository/MOH AND GRN/Page_KDMC - CMS/input_txtqty'

2018-05-28 13:21:24 - [TEST_STEP][PASSED] - selectOptionByIndex: All options with index in [1] are selected on object 'Object Repository/MOH AND GRN/Page_KDMC - CMS/select_--Select--No Tax0'

2018-05-28 13:21:24 - [MESSAGE][PASSED] - All options with index in [1] are selected on object 'Object Repository/MOH AND GRN/Page_KDMC - CMS/select_--Select--No Tax0'

2018-05-28 13:21:24 - [TEST_STEP][PASSED] - setText: Finding Test Object with id 'Object Repository/MOH AND GRN/Page_KDMC - CMS/input_txtmrp'

2018-05-28 13:21:24 - [TEST_STEP][PASSED] - Statement - switch (id): Finding Test Object with id 'Object Repository/MOH AND GRN/Page_KDMC - CMS/input_txtdeal'

2018-05-28 13:21:24 - [TEST_STEP][PASSED] - Statement - case 4:: Text '44.0' is set on object 'Object Repository/MOH AND GRN/Page_KDMC - CMS/input_txtmrp'

2018-05-28 13:21:24 - [TEST_STEP][PASSED] - Statement - return (java.lang.Math.floor((java.lang.Math.random() * ((max - min) + 1))) + min): Text '44.0' is set on object 'Object Repository/MOH AND GRN/Page_KDMC - CMS/input_txtmrp'

2018-05-28 13:21:25 - [MESSAGE][PASSED] - Text '44.0' is set on object 'Object Repository/MOH AND GRN/Page_KDMC - CMS/input_txtmrp'

2018-05-28 13:21:25 - [TEST_STEP][PASSED] - setText: Finding Test Object with id 'Object Repository/MOH AND GRN/Page_KDMC - CMS/input_txtdeal'

2018-05-28 13:21:25 - [TEST_STEP][PASSED] - Statement - switch (id): Finding Test Object with id 'Object Repository/MOH AND GRN/Page_KDMC - CMS/input_txtbatchno'

2018-05-28 13:21:25 - [TEST_STEP][PASSED] - Statement - case 5:: Text '12.0' is set on object 'Object Repository/MOH AND GRN/Page_KDMC - CMS/input_txtdeal'

2018-05-28 13:21:25 - [TEST_STEP][PASSED] - Statement - return (java.lang.Math.floor((java.lang.Math.random() * ((max - min) + 1))) + min): Text '12.0' is set on object 'Object Repository/MOH AND GRN/Page_KDMC - CMS/input_txtdeal'

2018-05-28 13:21:25 - [MESSAGE][PASSED] - Text '12.0' is set on object 'Object Repository/MOH AND GRN/Page_KDMC - CMS/input_txtdeal'

2018-05-28 13:21:25 - [TEST_STEP][PASSED] - setText: Finding Test Object with id 'Object Repository/MOH AND GRN/Page_KDMC - CMS/input_txtbatchno'

2018-05-28 13:21:25 - [TEST_STEP][PASSED] - Statement - switch (id): Finding Test Object with id 'Object Repository/MOH AND GRN/Page_KDMC - CMS/input_txtmrp'

2018-05-28 13:21:25 - [TEST_STEP][PASSED] - Statement - case 1:: Text 'BA870.0' is set on object 'Object Repository/MOH AND GRN/Page_KDMC - CMS/input_txtbatchno'

2018-05-28 13:21:25 - [TEST_STEP][PASSED] - Statement - return (java.lang.Math.floor((java.lang.Math.random() * ((max - min) + 1))) + min): Text 'BA870.0' is set on object 'Object Repository/MOH AND GRN/Page_KDMC - CMS/input_txtbatchno'

2018-05-28 13:21:25 - [MESSAGE][PASSED] - Text 'BA870.0' is set on object 'Object Repository/MOH AND GRN/Page_KDMC - CMS/input_txtbatchno'

2018-05-28 13:21:25 - [TEST_STEP][PASSED] - rightClick: Object: 'Object Repository/GRN/Page_KDMC - CMS/input_txtexpdate' is right clicked on

2018-05-28 13:21:25 - [MESSAGE][PASSED] - Object: 'Object Repository/GRN/Page_KDMC - CMS/input_txtexpdate' is right clicked on

2018-05-28 13:21:25 - [TEST_STEP][PASSED] - selectOptionByIndex: All options with index in [5] are selected on object 'Object Repository/GRN/Page_KDMC - CMS/select_20182019202020212022202'

2018-05-28 13:21:25 - [MESSAGE][PASSED] - All options with index in [5] are selected on object 'Object Repository/GRN/Page_KDMC - CMS/select_20182019202020212022202'

2018-05-28 13:21:25 - [TEST_STEP][PASSED] - selectOptionByIndex: All options with index in [5] are selected on object 'Object Repository/GRN/Page_KDMC - CMS/select_JanFebMarAprMayJunJulAu'

2018-05-28 13:21:25 - [MESSAGE][PASSED] - All options with index in [5] are selected on object 'Object Repository/GRN/Page_KDMC - CMS/select_JanFebMarAprMayJunJulAu'

2018-05-28 13:21:25 - [TEST_STEP][PASSED] - click: Object: 'Object Repository/MOH AND GRN/Page_KDMC - CMS/a_12' is clicked on

2018-05-28 13:21:25 - [MESSAGE][PASSED] - Object: 'Object Repository/MOH AND GRN/Page_KDMC - CMS/a_12' is clicked on

2018-05-28 13:21:25 - [TEST_STEP][PASSED] - click: Object: 'Object Repository/MOH AND GRN/Page_KDMC - CMS/input_btnadd' is clicked on

2018-05-28 13:21:25 - [MESSAGE][PASSED] - Object: 'Object Repository/MOH AND GRN/Page_KDMC - CMS/input_btnadd' is clicked on

2018-05-28 13:21:25 - [TEST_STEP][PASSED] - Statement - If (s == 10): null

2018-05-28 13:21:25 - [TEST_STEP][PASSED] - Statement - Else: null

2018-05-28 13:21:25 - [TEST_STEP][PASSED] - Statement - (s++): null

2018-05-28 13:21:25 - [TEST_STEP][PASSED] - delay: Delayed 1 second(s)

2018-05-28 13:21:26 - [MESSAGE][PASSED] - Delayed 1 second(s)

2018-05-28 13:21:26 - [TEST_STEP][PASSED] - selectOptionByIndex: All options with index in [56] are selected on object 'Object Repository/MOH AND GRN/Page_KDMC - CMS/select_--Select--Amikacin -500'

2018-05-28 13:21:27 - [MESSAGE][PASSED] - All options with index in [56] are selected on object 'Object Repository/MOH AND GRN/Page_KDMC - CMS/select_--Select--Amikacin -500'

2018-05-28 13:21:27 - [TEST_STEP][PASSED] - setText: Text '5000' is set on object 'Object Repository/MOH AND GRN/Page_KDMC - CMS/input_txtqty'

2018-05-28 13:21:27 - [MESSAGE][PASSED] - Text '5000' is set on object 'Object Repository/MOH AND GRN/Page_KDMC - CMS/input_txtqty'

2018-05-28 13:21:27 - [TEST_STEP][PASSED] - selectOptionByIndex: All options with index in [1] are selected on object 'Object Repository/MOH AND GRN/Page_KDMC - CMS/select_--Select--No Tax0'

2018-05-28 13:21:28 - [MESSAGE][PASSED] - All options with index in [1] are selected on object 'Object Repository/MOH AND GRN/Page_KDMC - CMS/select_--Select--No Tax0'

2018-05-28 13:21:28 - [TEST_STEP][PASSED] - setText: Finding Test Object with id 'Object Repository/MOH AND GRN/Page_KDMC - CMS/input_txtmrp'

2018-05-28 13:21:28 - [TEST_STEP][PASSED] - Statement - switch (id): Finding Test Object with id 'Object Repository/MOH AND GRN/Page_KDMC - CMS/input_txtdeal'

2018-05-28 13:21:28 - [TEST_STEP][PASSED] - Statement - case 4:: Text '22.0' is set on object 'Object Repository/MOH AND GRN/Page_KDMC - CMS/input_txtmrp'

2018-05-28 13:21:28 - [TEST_STEP][PASSED] - Statement - return (java.lang.Math.floor((java.lang.Math.random() * ((max - min) + 1))) + min): Text '22.0' is set on object 'Object Repository/MOH AND GRN/Page_KDMC - CMS/input_txtmrp'

2018-05-28 13:21:28 - [MESSAGE][PASSED] - Text '22.0' is set on object 'Object Repository/MOH AND GRN/Page_KDMC - CMS/input_txtmrp'

2018-05-28 13:21:28 - [TEST_STEP][PASSED] - setText: Finding Test Object with id 'Object Repository/MOH AND GRN/Page_KDMC - CMS/input_txtdeal'

2018-05-28 13:21:28 - [TEST_STEP][PASSED] - Statement - switch (id): Finding Test Object with id 'Object Repository/MOH AND GRN/Page_KDMC - CMS/input_txtbatchno'

2018-05-28 13:21:28 - [TEST_STEP][PASSED] - Statement - case 5:: Text '12.0' is set on object 'Object Repository/MOH AND GRN/Page_KDMC - CMS/input_txtdeal'

2018-05-28 13:21:28 - [TEST_STEP][PASSED] - Statement - return (java.lang.Math.floor((java.lang.Math.random() * ((max - min) + 1))) + min): Text '12.0' is set on object 'Object Repository/MOH AND GRN/Page_KDMC - CMS/input_txtdeal'

2018-05-28 13:21:28 - [MESSAGE][PASSED] - Text '12.0' is set on object 'Object Repository/MOH AND GRN/Page_KDMC - CMS/input_txtdeal'

2018-05-28 13:21:28 - [TEST_STEP][PASSED] - setText: Finding Test Object with id 'Object Repository/MOH AND GRN/Page_KDMC - CMS/input_txtbatchno'

2018-05-28 13:21:28 - [TEST_STEP][PASSED] - Statement - switch (id): Finding Test Object with id 'Object Repository/MOH AND GRN/Page_KDMC - CMS/input_txtmrp'

2018-05-28 13:21:28 - [TEST_STEP][PASSED] - Statement - case 1:: Text 'BA846.0' is set on object 'Object Repository/MOH AND GRN/Page_KDMC - CMS/input_txtbatchno'

2018-05-28 13:21:28 - [TEST_STEP][PASSED] - Statement - return (java.lang.Math.floor((java.lang.Math.random() * ((max - min) + 1))) + min): Text 'BA846.0' is set on object 'Object Repository/MOH AND GRN/Page_KDMC - CMS/input_txtbatchno'

2018-05-28 13:21:28 - [MESSAGE][PASSED] - Text 'BA846.0' is set on object 'Object Repository/MOH AND GRN/Page_KDMC - CMS/input_txtbatchno'

2018-05-28 13:21:28 - [TEST_STEP][PASSED] - rightClick: Object: 'Object Repository/GRN/Page_KDMC - CMS/input_txtexpdate' is right clicked on

2018-05-28 13:21:28 - [MESSAGE][PASSED] - Object: 'Object Repository/GRN/Page_KDMC - CMS/input_txtexpdate' is right clicked on

2018-05-28 13:21:28 - [TEST_STEP][PASSED] - selectOptionByIndex: All options with index in [6] are selected on object 'Object Repository/GRN/Page_KDMC - CMS/select_20182019202020212022202'

2018-05-28 13:21:28 - [MESSAGE][PASSED] - All options with index in [6] are selected on object 'Object Repository/GRN/Page_KDMC - CMS/select_20182019202020212022202'

2018-05-28 13:21:28 - [TEST_STEP][PASSED] - selectOptionByIndex: All options with index in [6] are selected on object 'Object Repository/GRN/Page_KDMC - CMS/select_JanFebMarAprMayJunJulAu'

2018-05-28 13:21:28 - [MESSAGE][PASSED] - All options with index in [6] are selected on object 'Object Repository/GRN/Page_KDMC - CMS/select_JanFebMarAprMayJunJulAu'

2018-05-28 13:21:28 - [TEST_STEP][PASSED] - click: Object: 'Object Repository/MOH AND GRN/Page_KDMC - CMS/a_12' is clicked on

2018-05-28 13:21:29 - [MESSAGE][PASSED] - Object: 'Object Repository/MOH AND GRN/Page_KDMC - CMS/a_12' is clicked on

2018-05-28 13:21:29 - [TEST_STEP][PASSED] - click: Object: 'Object Repository/MOH AND GRN/Page_KDMC - CMS/input_btnadd' is clicked on

2018-05-28 13:21:29 - [MESSAGE][PASSED] - Object: 'Object Repository/MOH AND GRN/Page_KDMC - CMS/input_btnadd' is clicked on

2018-05-28 13:21:29 - [TEST_STEP][PASSED] - Statement - If (s == 10): null

2018-05-28 13:21:29 - [TEST_STEP][PASSED] - Statement - Else: null

2018-05-28 13:21:29 - [TEST_STEP][PASSED] - Statement - (s++): null

2018-05-28 13:21:29 - [TEST_STEP][PASSED] - delay: Delayed 1 second(s)

2018-05-28 13:21:30 - [MESSAGE][PASSED] - Delayed 1 second(s)

2018-05-28 13:21:30 - [TEST_STEP][PASSED] - selectOptionByIndex: All options with index in [57] are selected on object 'Object Repository/MOH AND GRN/Page_KDMC - CMS/select_--Select--Amikacin -500'

2018-05-28 13:21:30 - [MESSAGE][PASSED] - All options with index in [57] are selected on object 'Object Repository/MOH AND GRN/Page_KDMC - CMS/select_--Select--Amikacin -500'

2018-05-28 13:21:30 - [TEST_STEP][PASSED] - setText: Text '5000' is set on object 'Object Repository/MOH AND GRN/Page_KDMC - CMS/input_txtqty'

2018-05-28 13:21:31 - [MESSAGE][PASSED] - Text '5000' is set on object 'Object Repository/MOH AND GRN/Page_KDMC - CMS/input_txtqty'

2018-05-28 13:21:31 - [TEST_STEP][PASSED] - selectOptionByIndex: All options with index in [1] are selected on object 'Object Repository/MOH AND GRN/Page_KDMC - CMS/select_--Select--No Tax0'

2018-05-28 13:21:31 - [MESSAGE][PASSED] - All options with index in [1] are selected on object 'Object Repository/MOH AND GRN/Page_KDMC - CMS/select_--Select--No Tax0'

2018-05-28 13:21:31 - [TEST_STEP][PASSED] - setText: Finding Test Object with id 'Object Repository/MOH AND GRN/Page_KDMC - CMS/input_txtmrp'

2018-05-28 13:21:31 - [TEST_STEP][PASSED] - Statement - switch (id): Finding Test Object with id 'Object Repository/MOH AND GRN/Page_KDMC - CMS/input_txtdeal'

2018-05-28 13:21:31 - [TEST_STEP][PASSED] - Statement - case 4:: Text '20.0' is set on object 'Object Repository/MOH AND GRN/Page_KDMC - CMS/input_txtmrp'

2018-05-28 13:21:31 - [TEST_STEP][PASSED] - Statement - return (java.lang.Math.floor((java.lang.Math.random() * ((max - min) + 1))) + min): Text '20.0' is set on object 'Object Repository/MOH AND GRN/Page_KDMC - CMS/input_txtmrp'

2018-05-28 13:21:31 - [MESSAGE][PASSED] - Text '20.0' is set on object 'Object Repository/MOH AND GRN/Page_KDMC - CMS/input_txtmrp'

2018-05-28 13:21:31 - [TEST_STEP][PASSED] - setText: Finding Test Object with id 'Object Repository/MOH AND GRN/Page_KDMC - CMS/input_txtdeal'

2018-05-28 13:21:31 - [TEST_STEP][PASSED] - Statement - switch (id): Finding Test Object with id 'Object Repository/MOH AND GRN/Page_KDMC - CMS/input_txtbatchno'

2018-05-28 13:21:31 - [TEST_STEP][PASSED] - Statement - case 5:: Text '5.0' is set on object 'Object Repository/MOH AND GRN/Page_KDMC - CMS/input_txtdeal'

2018-05-28 13:21:31 - [TEST_STEP][PASSED] - Statement - return (java.lang.Math.floor((java.lang.Math.random() * ((max - min) + 1))) + min): Text '5.0' is set on object 'Object Repository/MOH AND GRN/Page_KDMC - CMS/input_txtdeal'

2018-05-28 13:21:31 - [MESSAGE][PASSED] - Text '5.0' is set on object 'Object Repository/MOH AND GRN/Page_KDMC - CMS/input_txtdeal'

2018-05-28 13:21:31 - [TEST_STEP][PASSED] - setText: Finding Test Object with id 'Object Repository/MOH AND GRN/Page_KDMC - CMS/input_txtbatchno'

2018-05-28 13:21:31 - [TEST_STEP][PASSED] - Statement - switch (id): Finding Test Object with id 'Object Repository/MOH AND GRN/Page_KDMC - CMS/input_txtmrp'

2018-05-28 13:21:31 - [TEST_STEP][PASSED] - Statement - case 1:: Text 'BA185.0' is set on object 'Object Repository/MOH AND GRN/Page_KDMC - CMS/input_txtbatchno'

2018-05-28 13:21:31 - [TEST_STEP][PASSED] - Statement - return (java.lang.Math.floor((java.lang.Math.random() * ((max - min) + 1))) + min): Text 'BA185.0' is set on object 'Object Repository/MOH AND GRN/Page_KDMC - CMS/input_txtbatchno'

2018-05-28 13:21:31 - [MESSAGE][PASSED] - Text 'BA185.0' is set on object 'Object Repository/MOH AND GRN/Page_KDMC - CMS/input_txtbatchno'

2018-05-28 13:21:31 - [TEST_STEP][PASSED] - rightClick: Object: 'Object Repository/GRN/Page_KDMC - CMS/input_txtexpdate' is right clicked on

2018-05-28 13:21:31 - [MESSAGE][PASSED] - Object: 'Object Repository/GRN/Page_KDMC - CMS/input_txtexpdate' is right clicked on

2018-05-28 13:21:31 - [TEST_STEP][PASSED] - selectOptionByIndex: All options with index in [7] are selected on object 'Object Repository/GRN/Page_KDMC - CMS/select_20182019202020212022202'

2018-05-28 13:21:31 - [MESSAGE][PASSED] - All options with index in [7] are selected on object 'Object Repository/GRN/Page_KDMC - CMS/select_20182019202020212022202'

2018-05-28 13:21:31 - [TEST_STEP][PASSED] - selectOptionByIndex: All options with index in [7] are selected on object 'Object Repository/GRN/Page_KDMC - CMS/select_JanFebMarAprMayJunJulAu'

2018-05-28 13:21:32 - [MESSAGE][PASSED] - All options with index in [7] are selected on object 'Object Repository/GRN/Page_KDMC - CMS/select_JanFebMarAprMayJunJulAu'

2018-05-28 13:21:32 - [TEST_STEP][PASSED] - click: Object: 'Object Repository/MOH AND GRN/Page_KDMC - CMS/a_12' is clicked on

2018-05-28 13:21:32 - [MESSAGE][PASSED] - Object: 'Object Repository/MOH AND GRN/Page_KDMC - CMS/a_12' is clicked on

2018-05-28 13:21:32 - [TEST_STEP][PASSED] - click: Object: 'Object Repository/MOH AND GRN/Page_KDMC - CMS/input_btnadd' is clicked on

2018-05-28 13:21:32 - [MESSAGE][PASSED] - Object: 'Object Repository/MOH AND GRN/Page_KDMC - CMS/input_btnadd' is clicked on

2018-05-28 13:21:32 - [TEST_STEP][PASSED] - Statement - If (s == 10): null

2018-05-28 13:21:32 - [TEST_STEP][PASSED] - Statement - Else: null

2018-05-28 13:21:32 - [TEST_STEP][PASSED] - Statement - (s++): null

2018-05-28 13:21:32 - [TEST_STEP][PASSED] - delay: Delayed 1 second(s)

2018-05-28 13:21:33 - [MESSAGE][PASSED] - Delayed 1 second(s)

2018-05-28 13:21:33 - [TEST_STEP][PASSED] - selectOptionByIndex: All options with index in [58] are selected on object 'Object Repository/MOH AND GRN/Page_KDMC - CMS/select_--Select--Amikacin -500'

2018-05-28 13:21:34 - [MESSAGE][PASSED] - All options with index in [58] are selected on object 'Object Repository/MOH AND GRN/Page_KDMC - CMS/select_--Select--Amikacin -500'

2018-05-28 13:21:34 - [TEST_STEP][PASSED] - setText: Text '5000' is set on object 'Object Repository/MOH AND GRN/Page_KDMC - CMS/input_txtqty'

2018-05-28 13:21:34 - [MESSAGE][PASSED] - Text '5000' is set on object 'Object Repository/MOH AND GRN/Page_KDMC - CMS/input_txtqty'

2018-05-28 13:21:34 - [TEST_STEP][PASSED] - selectOptionByIndex: All options with index in [1] are selected on object 'Object Repository/MOH AND GRN/Page_KDMC - CMS/select_--Select--No Tax0'

2018-05-28 13:21:34 - [MESSAGE][PASSED] - All options with index in [1] are selected on object 'Object Repository/MOH AND GRN/Page_KDMC - CMS/select_--Select--No Tax0'

2018-05-28 13:21:34 - [TEST_STEP][PASSED] - setText: Finding Test Object with id 'Object Repository/MOH AND GRN/Page_KDMC - CMS/input_txtmrp'

2018-05-28 13:21:34 - [TEST_STEP][PASSED] - Statement - switch (id): Finding Test Object with id 'Object Repository/MOH AND GRN/Page_KDMC - CMS/input_txtdeal'

2018-05-28 13:21:34 - [TEST_STEP][PASSED] - Statement - case 4:: Text '31.0' is set on object 'Object Repository/MOH AND GRN/Page_KDMC - CMS/input_txtmrp'

2018-05-28 13:21:34 - [TEST_STEP][PASSED] - Statement - return (java.lang.Math.floor((java.lang.Math.random() * ((max - min) + 1))) + min): Text '31.0' is set on object 'Object Repository/MOH AND GRN/Page_KDMC - CMS/input_txtmrp'

2018-05-28 13:21:34 - [MESSAGE][PASSED] - Text '31.0' is set on object 'Object Repository/MOH AND GRN/Page_KDMC - CMS/input_txtmrp'

2018-05-28 13:21:34 - [TEST_STEP][PASSED] - setText: Finding Test Object with id 'Object Repository/MOH AND GRN/Page_KDMC - CMS/input_txtdeal'

2018-05-28 13:21:34 - [TEST_STEP][PASSED] - Statement - switch (id): Finding Test Object with id 'Object Repository/MOH AND GRN/Page_KDMC - CMS/input_txtbatchno'

2018-05-28 13:21:34 - [TEST_STEP][PASSED] - Statement - case 5:: Text '2.0' is set on object 'Object Repository/MOH AND GRN/Page_KDMC - CMS/input_txtdeal'

2018-05-28 13:21:34 - [TEST_STEP][PASSED] - Statement - return (java.lang.Math.floor((java.lang.Math.random() * ((max - min) + 1))) + min): Text '2.0' is set on object 'Object Repository/MOH AND GRN/Page_KDMC - CMS/input_txtdeal'

2018-05-28 13:21:34 - [MESSAGE][PASSED] - Text '2.0' is set on object 'Object Repository/MOH AND GRN/Page_KDMC - CMS/input_txtdeal'

2018-05-28 13:21:34 - [TEST_STEP][PASSED] - setText: Finding Test Object with id 'Object Repository/MOH AND GRN/Page_KDMC - CMS/input_txtbatchno'

2018-05-28 13:21:34 - [TEST_STEP][PASSED] - Statement - switch (id): Finding Test Object with id 'Object Repository/MOH AND GRN/Page_KDMC - CMS/input_txtmrp'

2018-05-28 13:21:34 - [TEST_STEP][PASSED] - Statement - case 1:: Text 'BA473.0' is set on object 'Object Repository/MOH AND GRN/Page_KDMC - CMS/input_txtbatchno'

2018-05-28 13:21:34 - [TEST_STEP][PASSED] - Statement - return (java.lang.Math.floor((java.lang.Math.random() * ((max - min) + 1))) + min): Text 'BA473.0' is set on object 'Object Repository/MOH AND GRN/Page_KDMC - CMS/input_txtbatchno'

2018-05-28 13:21:34 - [MESSAGE][PASSED] - Text 'BA473.0' is set on object 'Object Repository/MOH AND GRN/Page_KDMC - CMS/input_txtbatchno'

2018-05-28 13:21:34 - [TEST_STEP][PASSED] - rightClick: Object: 'Object Repository/GRN/Page_KDMC - CMS/input_txtexpdate' is right clicked on

2018-05-28 13:21:34 - [MESSAGE][PASSED] - Object: 'Object Repository/GRN/Page_KDMC - CMS/input_txtexpdate' is right clicked on

2018-05-28 13:21:34 - [TEST_STEP][PASSED] - selectOptionByIndex: All options with index in [8] are selected on object 'Object Repository/GRN/Page_KDMC - CMS/select_20182019202020212022202'

2018-05-28 13:21:35 - [MESSAGE][PASSED] - All options with index in [8] are selected on object 'Object Repository/GRN/Page_KDMC - CMS/select_20182019202020212022202'

2018-05-28 13:21:35 - [TEST_STEP][PASSED] - selectOptionByIndex: All options with index in [8] are selected on object 'Object Repository/GRN/Page_KDMC - CMS/select_JanFebMarAprMayJunJulAu'

2018-05-28 13:21:35 - [MESSAGE][PASSED] - All options with index in [8] are selected on object 'Object Repository/GRN/Page_KDMC - CMS/select_JanFebMarAprMayJunJulAu'

2018-05-28 13:21:35 - [TEST_STEP][PASSED] - click: Object: 'Object Repository/MOH AND GRN/Page_KDMC - CMS/a_12' is clicked on

2018-05-28 13:21:35 - [MESSAGE][PASSED] - Object: 'Object Repository/MOH AND GRN/Page_KDMC - CMS/a_12' is clicked on

2018-05-28 13:21:35 - [TEST_STEP][PASSED] - click: Object: 'Object Repository/MOH AND GRN/Page_KDMC - CMS/input_btnadd' is clicked on

2018-05-28 13:21:35 - [MESSAGE][PASSED] - Object: 'Object Repository/MOH AND GRN/Page_KDMC - CMS/input_btnadd' is clicked on

2018-05-28 13:21:35 - [TEST_STEP][PASSED] - Statement - If (s == 10): null

2018-05-28 13:21:35 - [TEST_STEP][PASSED] - Statement - Else: null

2018-05-28 13:21:35 - [TEST_STEP][PASSED] - Statement - (s++): null

2018-05-28 13:21:35 - [TEST_STEP][PASSED] - delay: Delayed 1 second(s)

2018-05-28 13:21:36 - [MESSAGE][PASSED] - Delayed 1 second(s)

2018-05-28 13:21:36 - [TEST_STEP][PASSED] - selectOptionByIndex: All options with index in [59] are selected on object 'Object Repository/MOH AND GRN/Page_KDMC - CMS/select_--Select--Amikacin -500'

2018-05-28 13:21:37 - [MESSAGE][PASSED] - All options with index in [59] are selected on object 'Object Repository/MOH AND GRN/Page_KDMC - CMS/select_--Select--Amikacin -500'

2018-05-28 13:21:37 - [TEST_STEP][PASSED] - setText: Text '5000' is set on object 'Object Repository/MOH AND GRN/Page_KDMC - CMS/input_txtqty'

2018-05-28 13:21:37 - [MESSAGE][PASSED] - Text '5000' is set on object 'Object Repository/MOH AND GRN/Page_KDMC - CMS/input_txtqty'

2018-05-28 13:21:37 - [TEST_STEP][PASSED] - selectOptionByIndex: All options with index in [1] are selected on object 'Object Repository/MOH AND GRN/Page_KDMC - CMS/select_--Select--No Tax0'

2018-05-28 13:21:37 - [MESSAGE][PASSED] - All options with index in [1] are selected on object 'Object Repository/MOH AND GRN/Page_KDMC - CMS/select_--Select--No Tax0'

2018-05-28 13:21:37 - [TEST_STEP][PASSED] - setText: Finding Test Object with id 'Object Repository/MOH AND GRN/Page_KDMC - CMS/input_txtmrp'

2018-05-28 13:21:37 - [TEST_STEP][PASSED] - Statement - switch (id): Finding Test Object with id 'Object Repository/MOH AND GRN/Page_KDMC - CMS/input_txtdeal'

2018-05-28 13:21:37 - [TEST_STEP][PASSED] - Statement - case 4:: Text '30.0' is set on object 'Object Repository/MOH AND GRN/Page_KDMC - CMS/input_txtmrp'

2018-05-28 13:21:37 - [TEST_STEP][PASSED] - Statement - return (java.lang.Math.floor((java.lang.Math.random() * ((max - min) + 1))) + min): Text '30.0' is set on object 'Object Repository/MOH AND GRN/Page_KDMC - CMS/input_txtmrp'

2018-05-28 13:21:37 - [MESSAGE][PASSED] - Text '30.0' is set on object 'Object Repository/MOH AND GRN/Page_KDMC - CMS/input_txtmrp'

2018-05-28 13:21:37 - [TEST_STEP][PASSED] - setText: Finding Test Object with id 'Object Repository/MOH AND GRN/Page_KDMC - CMS/input_txtdeal'

2018-05-28 13:21:37 - [TEST_STEP][PASSED] - Statement - switch (id): Finding Test Object with id 'Object Repository/MOH AND GRN/Page_KDMC - CMS/input_txtbatchno'

2018-05-28 13:21:37 - [TEST_STEP][PASSED] - Statement - case 5:: Text '1.0' is set on object 'Object Repository/MOH AND GRN/Page_KDMC - CMS/input_txtdeal'

2018-05-28 13:21:37 - [TEST_STEP][PASSED] - Statement - return (java.lang.Math.floor((java.lang.Math.random() * ((max - min) + 1))) + min): Text '1.0' is set on object 'Object Repository/MOH AND GRN/Page_KDMC - CMS/input_txtdeal'

2018-05-28 13:21:37 - [MESSAGE][PASSED] - Text '1.0' is set on object 'Object Repository/MOH AND GRN/Page_KDMC - CMS/input_txtdeal'

2018-05-28 13:21:37 - [TEST_STEP][PASSED] - setText: Finding Test Object with id 'Object Repository/MOH AND GRN/Page_KDMC - CMS/input_txtbatchno'

2018-05-28 13:21:37 - [TEST_STEP][PASSED] - Statement - switch (id): Finding Test Object with id 'Object Repository/MOH AND GRN/Page_KDMC - CMS/input_txtmrp'

2018-05-28 13:21:37 - [TEST_STEP][PASSED] - Statement - case 1:: Text 'BA459.0' is set on object 'Object Repository/MOH AND GRN/Page_KDMC - CMS/input_txtbatchno'

2018-05-28 13:21:37 - [TEST_STEP][PASSED] - Statement - return (java.lang.Math.floor((java.lang.Math.random() * ((max - min) + 1))) + min): Text 'BA459.0' is set on object 'Object Repository/MOH AND GRN/Page_KDMC - CMS/input_txtbatchno'

2018-05-28 13:21:37 - [MESSAGE][PASSED] - Text 'BA459.0' is set on object 'Object Repository/MOH AND GRN/Page_KDMC - CMS/input_txtbatchno'

2018-05-28 13:21:37 - [TEST_STEP][PASSED] - rightClick: Object: 'Object Repository/GRN/Page_KDMC - CMS/input_txtexpdate' is right clicked on

2018-05-28 13:21:37 - [MESSAGE][PASSED] - Object: 'Object Repository/GRN/Page_KDMC - CMS/input_txtexpdate' is right clicked on

2018-05-28 13:21:37 - [TEST_STEP][PASSED] - selectOptionByIndex: All options with index in [9] are selected on object 'Object Repository/GRN/Page_KDMC - CMS/select_20182019202020212022202'

2018-05-28 13:21:38 - [MESSAGE][PASSED] - All options with index in [9] are selected on object 'Object Repository/GRN/Page_KDMC - CMS/select_20182019202020212022202'

2018-05-28 13:21:38 - [TEST_STEP][PASSED] - selectOptionByIndex: All options with index in [9] are selected on object 'Object Repository/GRN/Page_KDMC - CMS/select_JanFebMarAprMayJunJulAu'

2018-05-28 13:21:38 - [MESSAGE][PASSED] - All options with index in [9] are selected on object 'Object Repository/GRN/Page_KDMC - CMS/select_JanFebMarAprMayJunJulAu'

2018-05-28 13:21:38 - [TEST_STEP][PASSED] - click: Object: 'Object Repository/MOH AND GRN/Page_KDMC - CMS/a_12' is clicked on

2018-05-28 13:21:38 - [MESSAGE][PASSED] - Object: 'Object Repository/MOH AND GRN/Page_KDMC - CMS/a_12' is clicked on

2018-05-28 13:21:38 - [TEST_STEP][PASSED] - click: Object: 'Object Repository/MOH AND GRN/Page_KDMC - CMS/input_btnadd' is clicked on

2018-05-28 13:21:38 - [MESSAGE][PASSED] - Object: 'Object Repository/MOH AND GRN/Page_KDMC - CMS/input_btnadd' is clicked on

2018-05-28 13:21:38 - [TEST_STEP][PASSED] - Statement - If (s == 10): null

2018-05-28 13:21:38 - [TEST_STEP][PASSED] - Statement - Else: null

2018-05-28 13:21:38 - [TEST_STEP][PASSED] - Statement - (s++): null

2018-05-28 13:21:38 - [TEST_STEP][PASSED] - delay: Delayed 1 second(s)

2018-05-28 13:21:39 - [MESSAGE][PASSED] - Delayed 1 second(s)

2018-05-28 13:21:39 - [TEST_STEP][PASSED] - selectOptionByIndex: All options with index in [60] are selected on object 'Object Repository/MOH AND GRN/Page_KDMC - CMS/select_--Select--Amikacin -500'

2018-05-28 13:21:40 - [MESSAGE][PASSED] - All options with index in [60] are selected on object 'Object Repository/MOH AND GRN/Page_KDMC - CMS/select_--Select--Amikacin -500'

2018-05-28 13:21:40 - [TEST_STEP][PASSED] - setText: Text '5000' is set on object 'Object Repository/MOH AND GRN/Page_KDMC - CMS/input_txtqty'

2018-05-28 13:21:40 - [MESSAGE][PASSED] - Text '5000' is set on object 'Object Repository/MOH AND GRN/Page_KDMC - CMS/input_txtqty'

2018-05-28 13:21:40 - [TEST_STEP][PASSED] - selectOptionByIndex: All options with index in [1] are selected on object 'Object Repository/MOH AND GRN/Page_KDMC - CMS/select_--Select--No Tax0'

2018-05-28 13:21:40 - [MESSAGE][PASSED] - All options with index in [1] are selected on object 'Object Repository/MOH AND GRN/Page_KDMC - CMS/select_--Select--No Tax0'

2018-05-28 13:21:40 - [TEST_STEP][PASSED] - setText: Finding Test Object with id 'Object Repository/MOH AND GRN/Page_KDMC - CMS/input_txtmrp'

2018-05-28 13:21:40 - [TEST_STEP][PASSED] - Statement - switch (id): Finding Test Object with id 'Object Repository/MOH AND GRN/Page_KDMC - CMS/input_txtdeal'

2018-05-28 13:21:40 - [TEST_STEP][PASSED] - Statement - case 4:: Text '44.0' is set on object 'Object Repository/MOH AND GRN/Page_KDMC - CMS/input_txtmrp'

2018-05-28 13:21:40 - [TEST_STEP][PASSED] - Statement - return (java.lang.Math.floor((java.lang.Math.random() * ((max - min) + 1))) + min): Text '44.0' is set on object 'Object Repository/MOH AND GRN/Page_KDMC - CMS/input_txtmrp'

2018-05-28 13:21:40 - [MESSAGE][PASSED] - Text '44.0' is set on object 'Object Repository/MOH AND GRN/Page_KDMC - CMS/input_txtmrp'

2018-05-28 13:21:40 - [TEST_STEP][PASSED] - setText: Finding Test Object with id 'Object Repository/MOH AND GRN/Page_KDMC - CMS/input_txtdeal'

2018-05-28 13:21:40 - [TEST_STEP][PASSED] - Statement - switch (id): Finding Test Object with id 'Object Repository/MOH AND GRN/Page_KDMC - CMS/input_txtbatchno'

2018-05-28 13:21:40 - [TEST_STEP][PASSED] - Statement - case 5:: Text '2.0' is set on object 'Object Repository/MOH AND GRN/Page_KDMC - CMS/input_txtdeal'

2018-05-28 13:21:40 - [TEST_STEP][PASSED] - Statement - return (java.lang.Math.floor((java.lang.Math.random() * ((max - min) + 1))) + min): Text '2.0' is set on object 'Object Repository/MOH AND GRN/Page_KDMC - CMS/input_txtdeal'

2018-05-28 13:21:40 - [MESSAGE][PASSED] - Text '2.0' is set on object 'Object Repository/MOH AND GRN/Page_KDMC - CMS/input_txtdeal'

2018-05-28 13:21:40 - [TEST_STEP][PASSED] - setText: Finding Test Object with id 'Object Repository/MOH AND GRN/Page_KDMC - CMS/input_txtbatchno'

2018-05-28 13:21:40 - [TEST_STEP][PASSED] - Statement - switch (id): Finding Test Object with id 'Object Repository/MOH AND GRN/Page_KDMC - CMS/input_txtmrp'

2018-05-28 13:21:40 - [TEST_STEP][PASSED] - Statement - case 1:: Text 'BA500.0' is set on object 'Object Repository/MOH AND GRN/Page_KDMC - CMS/input_txtbatchno'

2018-05-28 13:21:40 - [TEST_STEP][PASSED] - Statement - return (java.lang.Math.floor((java.lang.Math.random() * ((max - min) + 1))) + min): Text 'BA500.0' is set on object 'Object Repository/MOH AND GRN/Page_KDMC - CMS/input_txtbatchno'

2018-05-28 13:21:40 - [MESSAGE][PASSED] - Text 'BA500.0' is set on object 'Object Repository/MOH AND GRN/Page_KDMC - CMS/input_txtbatchno'

2018-05-28 13:21:40 - [TEST_STEP][PASSED] - rightClick: Object: 'Object Repository/GRN/Page_KDMC - CMS/input_txtexpdate' is right clicked on

2018-05-28 13:21:40 - [MESSAGE][PASSED] - Object: 'Object Repository/GRN/Page_KDMC - CMS/input_txtexpdate' is right clicked on

2018-05-28 13:21:40 - [TEST_STEP][PASSED] - selectOptionByIndex: All options with index in [10] are selected on object 'Object Repository/GRN/Page_KDMC - CMS/select_20182019202020212022202'

2018-05-28 13:21:41 - [MESSAGE][PASSED] - All options with index in [10] are selected on object 'Object Repository/GRN/Page_KDMC - CMS/select_20182019202020212022202'

2018-05-28 13:21:41 - [TEST_STEP][PASSED] - selectOptionByIndex: All options with index in [10] are selected on object 'Object Repository/GRN/Page_KDMC - CMS/select_JanFebMarAprMayJunJulAu'

2018-05-28 13:21:41 - [MESSAGE][PASSED] - All options with index in [10] are selected on object 'Object Repository/GRN/Page_KDMC - CMS/select_JanFebMarAprMayJunJulAu'

2018-05-28 13:21:41 - [TEST_STEP][PASSED] - click: Object: 'Object Repository/MOH AND GRN/Page_KDMC - CMS/a_12' is clicked on

2018-05-28 13:21:41 - [MESSAGE][PASSED] - Object: 'Object Repository/MOH AND GRN/Page_KDMC - CMS/a_12' is clicked on

2018-05-28 13:21:41 - [TEST_STEP][PASSED] - click: Object: 'Object Repository/MOH AND GRN/Page_KDMC - CMS/input_btnadd' is clicked on

2018-05-28 13:21:41 - [MESSAGE][PASSED] - Object: 'Object Repository/MOH AND GRN/Page_KDMC - CMS/input_btnadd' is clicked on

2018-05-28 13:21:41 - [TEST_STEP][PASSED] - Statement - If (s == 10): null

2018-05-28 13:21:41 - [TEST_STEP][PASSED] - Statement - s = 1: null

2018-05-28 13:21:41 - [TEST_STEP][PASSED] - delay: Delayed 1 second(s)

2018-05-28 13:21:42 - [MESSAGE][PASSED] - Delayed 1 second(s)

2018-05-28 13:21:42 - [TEST_STEP][PASSED] - selectOptionByIndex: All options with index in [61] are selected on object 'Object Repository/MOH AND GRN/Page_KDMC - CMS/select_--Select--Amikacin -500'

2018-05-28 13:21:43 - [MESSAGE][PASSED] - All options with index in [61] are selected on object 'Object Repository/MOH AND GRN/Page_KDMC - CMS/select_--Select--Amikacin -500'

2018-05-28 13:21:43 - [TEST_STEP][PASSED] - setText: Text '5000' is set on object 'Object Repository/MOH AND GRN/Page_KDMC - CMS/input_txtqty'

2018-05-28 13:21:43 - [MESSAGE][PASSED] - Text '5000' is set on object 'Object Repository/MOH AND GRN/Page_KDMC - CMS/input_txtqty'

2018-05-28 13:21:43 - [TEST_STEP][PASSED] - selectOptionByIndex: All options with index in [1] are selected on object 'Object Repository/MOH AND GRN/Page_KDMC - CMS/select_--Select--No Tax0'

2018-05-28 13:21:43 - [MESSAGE][PASSED] - All options with index in [1] are selected on object 'Object Repository/MOH AND GRN/Page_KDMC - CMS/select_--Select--No Tax0'

2018-05-28 13:21:43 - [TEST_STEP][PASSED] - setText: Finding Test Object with id 'Object Repository/MOH AND GRN/Page_KDMC - CMS/input_txtmrp'

2018-05-28 13:21:43 - [TEST_STEP][PASSED] - Statement - switch (id): Finding Test Object with id 'Object Repository/MOH AND GRN/Page_KDMC - CMS/input_txtdeal'

2018-05-28 13:21:43 - [TEST_STEP][PASSED] - Statement - case 4:: Text '31.0' is set on object 'Object Repository/MOH AND GRN/Page_KDMC - CMS/input_txtmrp'

2018-05-28 13:21:43 - [TEST_STEP][PASSED] - Statement - return (java.lang.Math.floor((java.lang.Math.random() * ((max - min) + 1))) + min): Text '31.0' is set on object 'Object Repository/MOH AND GRN/Page_KDMC - CMS/input_txtmrp'

2018-05-28 13:21:43 - [MESSAGE][PASSED] - Text '31.0' is set on object 'Object Repository/MOH AND GRN/Page_KDMC - CMS/input_txtmrp'

2018-05-28 13:21:43 - [TEST_STEP][PASSED] - setText: Finding Test Object with id 'Object Repository/MOH AND GRN/Page_KDMC - CMS/input_txtdeal'

2018-05-28 13:21:43 - [TEST_STEP][PASSED] - Statement - switch (id): Finding Test Object with id 'Object Repository/MOH AND GRN/Page_KDMC - CMS/input_txtbatchno'

2018-05-28 13:21:43 - [TEST_STEP][PASSED] - Statement - case 5:: Text '4.0' is set on object 'Object Repository/MOH AND GRN/Page_KDMC - CMS/input_txtdeal'

2018-05-28 13:21:43 - [TEST_STEP][PASSED] - Statement - return (java.lang.Math.floor((java.lang.Math.random() * ((max - min) + 1))) + min): Text '4.0' is set on object 'Object Repository/MOH AND GRN/Page_KDMC - CMS/input_txtdeal'

2018-05-28 13:21:43 - [MESSAGE][PASSED] - Text '4.0' is set on object 'Object Repository/MOH AND GRN/Page_KDMC - CMS/input_txtdeal'

2018-05-28 13:21:43 - [TEST_STEP][PASSED] - setText: Finding Test Object with id 'Object Repository/MOH AND GRN/Page_KDMC - CMS/input_txtbatchno'

2018-05-28 13:21:43 - [TEST_STEP][PASSED] - Statement - switch (id): Finding Test Object with id 'Object Repository/MOH AND GRN/Page_KDMC - CMS/input_txtmrp'

2018-05-28 13:21:43 - [TEST_STEP][PASSED] - Statement - case 1:: Text 'BA673.0' is set on object 'Object Repository/MOH AND GRN/Page_KDMC - CMS/input_txtbatchno'

2018-05-28 13:21:43 - [TEST_STEP][PASSED] - Statement - return (java.lang.Math.floor((java.lang.Math.random() * ((max - min) + 1))) + min): Text 'BA673.0' is set on object 'Object Repository/MOH AND GRN/Page_KDMC - CMS/input_txtbatchno'

2018-05-28 13:21:43 - [MESSAGE][PASSED] - Text 'BA673.0' is set on object 'Object Repository/MOH AND GRN/Page_KDMC - CMS/input_txtbatchno'

2018-05-28 13:21:43 - [TEST_STEP][PASSED] - rightClick: Object: 'Object Repository/GRN/Page_KDMC - CMS/input_txtexpdate' is right clicked on

2018-05-28 13:21:44 - [MESSAGE][PASSED] - Object: 'Object Repository/GRN/Page_KDMC - CMS/input_txtexpdate' is right clicked on

2018-05-28 13:21:44 - [TEST_STEP][PASSED] - selectOptionByIndex: All options with index in [1] are selected on object 'Object Repository/GRN/Page_KDMC - CMS/select_20182019202020212022202'

2018-05-28 13:21:44 - [MESSAGE][PASSED] - All options with index in [1] are selected on object 'Object Repository/GRN/Page_KDMC - CMS/select_20182019202020212022202'

2018-05-28 13:21:44 - [TEST_STEP][PASSED] - selectOptionByIndex: All options with index in [1] are selected on object 'Object Repository/GRN/Page_KDMC - CMS/select_JanFebMarAprMayJunJulAu'

2018-05-28 13:21:44 - [MESSAGE][PASSED] - All options with index in [1] are selected on object 'Object Repository/GRN/Page_KDMC - CMS/select_JanFebMarAprMayJunJulAu'

2018-05-28 13:21:44 - [TEST_STEP][PASSED] - click: Object: 'Object Repository/MOH AND GRN/Page_KDMC - CMS/a_12' is clicked on

2018-05-28 13:21:44 - [MESSAGE][PASSED] - Object: 'Object Repository/MOH AND GRN/Page_KDMC - CMS/a_12' is clicked on

2018-05-28 13:21:44 - [TEST_STEP][PASSED] - click: Object: 'Object Repository/MOH AND GRN/Page_KDMC - CMS/input_btnadd' is clicked on

2018-05-28 13:21:44 - [MESSAGE][PASSED] - Object: 'Object Repository/MOH AND GRN/Page_KDMC - CMS/input_btnadd' is clicked on

2018-05-28 13:21:44 - [TEST_STEP][PASSED] - Statement - If (s == 10): null

2018-05-28 13:21:44 - [TEST_STEP][PASSED] - Statement - Else: null

2018-05-28 13:21:44 - [TEST_STEP][PASSED] - Statement - (s++): null

2018-05-28 13:21:44 - [TEST_STEP][PASSED] - delay: Delayed 1 second(s)

2018-05-28 13:21:45 - [MESSAGE][PASSED] - Delayed 1 second(s)

2018-05-28 13:21:45 - [TEST_STEP][PASSED] - selectOptionByIndex: All options with index in [62] are selected on object 'Object Repository/MOH AND GRN/Page_KDMC - CMS/select_--Select--Amikacin -500'

2018-05-28 13:21:46 - [MESSAGE][PASSED] - All options with index in [62] are selected on object 'Object Repository/MOH AND GRN/Page_KDMC - CMS/select_--Select--Amikacin -500'

2018-05-28 13:21:46 - [TEST_STEP][PASSED] - setText: Text '5000' is set on object 'Object Repository/MOH AND GRN/Page_KDMC - CMS/input_txtqty'

2018-05-28 13:21:46 - [MESSAGE][PASSED] - Text '5000' is set on object 'Object Repository/MOH AND GRN/Page_KDMC - CMS/input_txtqty'

2018-05-28 13:21:46 - [TEST_STEP][PASSED] - selectOptionByIndex: All options with index in [1] are selected on object 'Object Repository/MOH AND GRN/Page_KDMC - CMS/select_--Select--No Tax0'

2018-05-28 13:21:46 - [MESSAGE][PASSED] - All options with index in [1] are selected on object 'Object Repository/MOH AND GRN/Page_KDMC - CMS/select_--Select--No Tax0'

2018-05-28 13:21:46 - [TEST_STEP][PASSED] - setText: Finding Test Object with id 'Object Repository/MOH AND GRN/Page_KDMC - CMS/input_txtmrp'

2018-05-28 13:21:46 - [TEST_STEP][PASSED] - Statement - switch (id): Finding Test Object with id 'Object Repository/MOH AND GRN/Page_KDMC - CMS/input_txtdeal'

2018-05-28 13:21:46 - [TEST_STEP][PASSED] - Statement - case 4:: Text '36.0' is set on object 'Object Repository/MOH AND GRN/Page_KDMC - CMS/input_txtmrp'

2018-05-28 13:21:46 - [TEST_STEP][PASSED] - Statement - return (java.lang.Math.floor((java.lang.Math.random() * ((max - min) + 1))) + min): Text '36.0' is set on object 'Object Repository/MOH AND GRN/Page_KDMC - CMS/input_txtmrp'

2018-05-28 13:21:46 - [MESSAGE][PASSED] - Text '36.0' is set on object 'Object Repository/MOH AND GRN/Page_KDMC - CMS/input_txtmrp'

2018-05-28 13:21:46 - [TEST_STEP][PASSED] - setText: Finding Test Object with id 'Object Repository/MOH AND GRN/Page_KDMC - CMS/input_txtdeal'

2018-05-28 13:21:46 - [TEST_STEP][PASSED] - Statement - switch (id): Finding Test Object with id 'Object Repository/MOH AND GRN/Page_KDMC - CMS/input_txtbatchno'

2018-05-28 13:21:46 - [TEST_STEP][PASSED] - Statement - case 5:: Text '10.0' is set on object 'Object Repository/MOH AND GRN/Page_KDMC - CMS/input_txtdeal'

2018-05-28 13:21:46 - [TEST_STEP][PASSED] - Statement - return (java.lang.Math.floor((java.lang.Math.random() * ((max - min) + 1))) + min): Text '10.0' is set on object 'Object Repository/MOH AND GRN/Page_KDMC - CMS/input_txtdeal'

2018-05-28 13:21:46 - [MESSAGE][PASSED] - Text '10.0' is set on object 'Object Repository/MOH AND GRN/Page_KDMC - CMS/input_txtdeal'

2018-05-28 13:21:46 - [TEST_STEP][PASSED] - setText: Finding Test Object with id 'Object Repository/MOH AND GRN/Page_KDMC - CMS/input_txtbatchno'

2018-05-28 13:21:46 - [TEST_STEP][PASSED] - Statement - switch (id): Delayed 1 second(s)

2018-05-28 13:21:46 - [TEST_STEP][PASSED] - Statement - case 1:: Text 'BA966.0' is set on object 'Object Repository/MOH AND GRN/Page_KDMC - CMS/input_txtbatchno'

2018-05-28 13:21:46 - [TEST_STEP][PASSED] - Statement - return (java.lang.Math.floor((java.lang.Math.random() * ((max - min) + 1))) + min): Text 'BA966.0' is set on object 'Object Repository/MOH AND GRN/Page_KDMC - CMS/input_txtbatchno'

2018-05-28 13:21:47 - [MESSAGE][PASSED] - Text 'BA966.0' is set on object 'Object Repository/MOH AND GRN/Page_KDMC - CMS/input_txtbatchno'

2018-05-28 13:21:47 - [TEST_STEP][PASSED] - rightClick: Object: 'Object Repository/GRN/Page_KDMC - CMS/input_txtexpdate' is right clicked on

2018-05-28 13:21:47 - [MESSAGE][PASSED] - Object: 'Object Repository/GRN/Page_KDMC - CMS/input_txtexpdate' is right clicked on

2018-05-28 13:21:47 - [TEST_STEP][PASSED] - selectOptionByIndex: All options with index in [2] are selected on object 'Object Repository/GRN/Page_KDMC - CMS/select_20182019202020212022202'

2018-05-28 13:21:47 - [MESSAGE][PASSED] - All options with index in [2] are selected on object 'Object Repository/GRN/Page_KDMC - CMS/select_20182019202020212022202'

2018-05-28 13:21:47 - [TEST_STEP][PASSED] - selectOptionByIndex: All options with index in [2] are selected on object 'Object Repository/GRN/Page_KDMC - CMS/select_JanFebMarAprMayJunJulAu'

2018-05-28 13:21:47 - [MESSAGE][PASSED] - All options with index in [2] are selected on object 'Object Repository/GRN/Page_KDMC - CMS/select_JanFebMarAprMayJunJulAu'

2018-05-28 13:21:47 - [TEST_STEP][PASSED] - click: Object: 'Object Repository/MOH AND GRN/Page_KDMC - CMS/a_12' is clicked on

2018-05-28 13:21:47 - [MESSAGE][PASSED] - Object: 'Object Repository/MOH AND GRN/Page_KDMC - CMS/a_12' is clicked on

2018-05-28 13:21:47 - [TEST_STEP][PASSED] - click: Object: 'Object Repository/MOH AND GRN/Page_KDMC - CMS/input_btnadd' is clicked on

2018-05-28 13:21:47 - [MESSAGE][PASSED] - Object: 'Object Repository/MOH AND GRN/Page_KDMC - CMS/input_btnadd' is clicked on

2018-05-28 13:21:47 - [TEST_STEP][PASSED] - Statement - If (s == 10): null

2018-05-28 13:21:47 - [TEST_STEP][PASSED] - Statement - Else: null

2018-05-28 13:21:47 - [TEST_STEP][PASSED] - Statement - (s++): null

2018-05-28 13:21:47 - [TEST_STEP][PASSED] - delay: Delayed 1 second(s)

2018-05-28 13:21:48 - [MESSAGE][PASSED] - Delayed 1 second(s)

2018-05-28 13:21:48 - [TEST_STEP][PASSED] - scrollToElement: Scroll to object 'Object Repository/MOH AND GRN/Page_KDMC - CMS/input_btnSubmit' successfully

2018-05-28 13:21:48 - [MESSAGE][PASSED] - Scroll to object 'Object Repository/MOH AND GRN/Page_KDMC - CMS/input_btnSubmit' successfully

2018-05-28 13:21:48 - [TEST_STEP][PASSED] - click: Object: 'Object Repository/MOH AND GRN/Page_KDMC - CMS/input_btnSubmit' is clicked on

2018-05-28 13:21:48 - [MESSAGE][PASSED] - Object: 'Object Repository/MOH AND GRN/Page_KDMC - CMS/input_btnSubmit' is clicked on

2018-05-28 13:21:48 - [TEST_STEP][PASSED] - delay: Delayed 3 second(s)

2018-05-28 13:21:51 - [MESSAGE][PASSED] - Delayed 3 second(s)

2018-05-28 13:21:51 - [TEST_STEP][PASSED] - click: Object: 'Object Repository/MOH AND GRN/Page_KDMC - CMS/button_OK' is clicked on

2018-05-28 13:21:52 - [MESSAGE][PASSED] - Object: 'Object Repository/MOH AND GRN/Page_KDMC - CMS/button_OK' is clicked on

2018-05-28 13:21:52 - [TEST_STEP][PASSED] - delay: Delayed 2 second(s)

2018-05-28 13:21:54 - [MESSAGE][PASSED] - Delayed 2 second(s)

2018-05-28 13:21:54 - [TEST_STEP][PASSED] - delay: Delayed 3 second(s)

2018-05-28 13:21:57 - [MESSAGE][PASSED] - Delayed 3 second(s)

2018-05-28 13:21:57 - [TEST_STEP][PASSED] - click: Object: 'Object Repository/MOH AND GRN/Page_KDMC - CMS/a_dropdown-toggle' is clicked on

2018-05-28 13:21:57 - [MESSAGE][PASSED] - Object: 'Object Repository/MOH AND GRN/Page_KDMC - CMS/a_dropdown-toggle' is clicked on

2018-05-28 13:21:57 - [TEST_STEP][PASSED] - click: Object: 'Object Repository/MOH AND GRN/Page_KDMC - CMS/a_Sign out' is clicked on

2018-05-28 13:21:57 - [MESSAGE][PASSED] - Object: 'Object Repository/MOH AND GRN/Page_KDMC - CMS/a_Sign out' is clicked on

2018-05-28 13:21:57 - [TEST_STEP][PASSED] - closeBrowser: Browser is closed

2018-05-28 13:21:58 - [MESSAGE][PASSED] - Browser is closed]]></system-out>
         <system-err><![CDATA[]]></system-err>
      </testcase>
      <testcase name="Test Cases/TEST/MOH REQUEST AND GRN/Moh Request GRN  Schedule 2" classname="Test Cases/TEST/MOH REQUEST AND GRN/Moh Request GRN  Schedule 2" status="FAILED">
         <failure type="FAILED" message="Unable to select option by index '33' of object 'Object Repository/MOH AND GRN/Page_KDMC - CMS/select_--Select--Adernaline 0.' (Root cause: org.openqa.selenium.NoSuchElementException: Cannot locate option with index: 33
For documentation on this error, please visit: http://seleniumhq.org/exceptions/no_such_element.html
Build info: version: '3.7.1', revision: '8a0099a', time: '2017-11-06T21:07:36.161Z'
System info: host: 'DESKTOP-BLFTK83', ip: '169.254.189.85', os.name: 'Windows 10', os.arch: 'amd64', os.version: '10.0', java.version: '1.8.0_102'
Driver info: driver.version: unknown)"/>
         <system-out><![CDATA[2018-05-28 13:21:58 - [TEST_CASE][FAILED] - Test Cases/TEST/MOH REQUEST AND GRN/Moh Request GRN  Schedule 2: Test Cases/TEST/MOH REQUEST AND GRN/Moh Request GRN  Schedule 2 FAILED because (of) Unable to select option by index '33' of object 'Object Repository/MOH AND GRN/Page_KDMC - CMS/select_--Select--Adernaline 0.' (Root cause: org.openqa.selenium.NoSuchElementException: Cannot locate option with index: 33
For documentation on this error, please visit: http://seleniumhq.org/exceptions/no_such_element.html
Build info: version: '3.7.1', revision: '8a0099a', time: '2017-11-06T21:07:36.161Z'
System info: host: 'DESKTOP-BLFTK83', ip: '169.254.189.85', os.name: 'Windows 10', os.arch: 'amd64', os.version: '10.0', java.version: '1.8.0_102'
Driver info: driver.version: unknown)

2018-05-28 13:21:58 - [TEST_STEP][PASSED] - openBrowser: Browser is opened with url: ''

2018-05-28 13:22:01 - [MESSAGE][PASSED] - Browser is opened with url: ''

2018-05-28 13:22:01 - [TEST_STEP][PASSED] - navigateToUrl: Navigate to 'http://192.168.137.1/multihospital_new/' successfully

2018-05-28 13:22:05 - [MESSAGE][PASSED] - Navigate to 'http://192.168.137.1/multihospital_new/' successfully

2018-05-28 13:22:05 - [TEST_STEP][PASSED] - maximizeWindow: Current window maximized

2018-05-28 13:22:06 - [MESSAGE][PASSED] - Current window maximized

2018-05-28 13:22:06 - [TEST_STEP][PASSED] - click: Object: 'Object Repository/MOH AND GRN/Page_KDMC/a_CMS' is clicked on

2018-05-28 13:22:07 - [MESSAGE][PASSED] - Object: 'Object Repository/MOH AND GRN/Page_KDMC/a_CMS' is clicked on

2018-05-28 13:22:07 - [TEST_STEP][PASSED] - setText: Text 'bala' is set on object 'Object Repository/MOH AND GRN/Page_CMS login/input_txtusername'

2018-05-28 13:22:07 - [MESSAGE][PASSED] - Text 'bala' is set on object 'Object Repository/MOH AND GRN/Page_CMS login/input_txtusername'

2018-05-28 13:22:07 - [TEST_STEP][PASSED] - setText: Text '123' is set on object 'Object Repository/MOH AND GRN/Page_CMS login/input_txtpassword'

2018-05-28 13:22:07 - [MESSAGE][PASSED] - Text '123' is set on object 'Object Repository/MOH AND GRN/Page_CMS login/input_txtpassword'

2018-05-28 13:22:07 - [TEST_STEP][PASSED] - delay: Delayed 3 second(s)

2018-05-28 13:22:10 - [MESSAGE][PASSED] - Delayed 3 second(s)

2018-05-28 13:22:10 - [TEST_STEP][PASSED] - click: Object: 'Object Repository/MOH AND GRN/Page_CMS login/button_Sign in' is clicked on

2018-05-28 13:22:11 - [MESSAGE][PASSED] - Object: 'Object Repository/MOH AND GRN/Page_CMS login/button_Sign in' is clicked on

2018-05-28 13:22:11 - [TEST_STEP][PASSED] - click: Object: 'Object Repository/MOH AND GRN/Page_KDMC - CMS/a_Request to MOH' is clicked on

2018-05-28 13:22:13 - [MESSAGE][PASSED] - Object: 'Object Repository/MOH AND GRN/Page_KDMC - CMS/a_Request to MOH' is clicked on

2018-05-28 13:22:13 - [TEST_STEP][PASSED] - selectOptionByIndex: All options with index in [2] are selected on object 'Object Repository/MOH AND GRN/Page_KDMC - CMS/select_--Select--'

2018-05-28 13:22:13 - [MESSAGE][PASSED] - All options with index in [2] are selected on object 'Object Repository/MOH AND GRN/Page_KDMC - CMS/select_--Select--'

2018-05-28 13:22:13 - [TEST_STEP][PASSED] - selectOptionByIndex: All options with index in [2] are selected on object 'Object Repository/MOH AND GRN/Page_KDMC - CMS/select_--Select--Schedule 1Inj'

2018-05-28 13:22:13 - [MESSAGE][PASSED] - All options with index in [2] are selected on object 'Object Repository/MOH AND GRN/Page_KDMC - CMS/select_--Select--Schedule 1Inj'

2018-05-28 13:22:13 - [TEST_STEP][PASSED] - Statement - selectedoptions = com.kms.katalon.core.webui.keyword.WebUiBuiltInKeywords.getNumberOfTotalOption(com.kms.katalon.core.testobject.ObjectRepository.findTestObject(MOH AND GRN/Page_KDMC - CMS/select_--Select--Adernaline 0.)): 73 options of object 'Object Repository/MOH AND GRN/Page_KDMC - CMS/select_--Select--Adernaline 0.' counted

2018-05-28 13:22:13 - [MESSAGE][PASSED] - 73 options of object 'Object Repository/MOH AND GRN/Page_KDMC - CMS/select_--Select--Adernaline 0.' counted

2018-05-28 13:22:13 - [TEST_STEP][FAILED] - Statement - For ([j = 1, j <= selectedoptions - 1, (j++)]): Unable to select option by index '33' of object 'Object Repository/MOH AND GRN/Page_KDMC - CMS/select_--Select--Adernaline 0.' (Root cause: org.openqa.selenium.NoSuchElementException: Cannot locate option with index: 33
For documentation on this error, please visit: http://seleniumhq.org/exceptions/no_such_element.html
Build info: version: '3.7.1', revision: '8a0099a', time: '2017-11-06T21:07:36.161Z'
System info: host: 'DESKTOP-BLFTK83', ip: '169.254.189.85', os.name: 'Windows 10', os.arch: 'amd64', os.version: '10.0', java.version: '1.8.0_102'
Driver info: driver.version: unknown)

2018-05-28 13:22:13 - [TEST_STEP][PASSED] - selectOptionByIndex: All options with index in [2] are selected on object 'Object Repository/MOH AND GRN/Page_KDMC - CMS/select_--Select--Schedule 1Inj'

2018-05-28 13:22:13 - [MESSAGE][PASSED] - All options with index in [2] are selected on object 'Object Repository/MOH AND GRN/Page_KDMC - CMS/select_--Select--Schedule 1Inj'

2018-05-28 13:22:13 - [TEST_STEP][PASSED] - selectOptionByIndex: All options with index in [1] are selected on object 'Object Repository/MOH AND GRN/Page_KDMC - CMS/select_--Select--Adernaline 0.'

2018-05-28 13:22:13 - [MESSAGE][PASSED] - All options with index in [1] are selected on object 'Object Repository/MOH AND GRN/Page_KDMC - CMS/select_--Select--Adernaline 0.'

2018-05-28 13:22:13 - [TEST_STEP][PASSED] - setText: Text '5000' is set on object 'Object Repository/MOH AND GRN/Page_KDMC - CMS/input_txttreat'

2018-05-28 13:22:14 - [MESSAGE][PASSED] - Text '5000' is set on object 'Object Repository/MOH AND GRN/Page_KDMC - CMS/input_txttreat'

2018-05-28 13:22:14 - [TEST_STEP][PASSED] - click: Object: 'Object Repository/MOH AND GRN/Page_KDMC - CMS/button_Add' is clicked on

2018-05-28 13:22:14 - [MESSAGE][PASSED] - Object: 'Object Repository/MOH AND GRN/Page_KDMC - CMS/button_Add' is clicked on

2018-05-28 13:22:14 - [TEST_STEP][PASSED] - selectOptionByIndex: All options with index in [2] are selected on object 'Object Repository/MOH AND GRN/Page_KDMC - CMS/select_--Select--Schedule 1Inj'

2018-05-28 13:22:14 - [MESSAGE][PASSED] - All options with index in [2] are selected on object 'Object Repository/MOH AND GRN/Page_KDMC - CMS/select_--Select--Schedule 1Inj'

2018-05-28 13:22:14 - [TEST_STEP][PASSED] - selectOptionByIndex: All options with index in [2] are selected on object 'Object Repository/MOH AND GRN/Page_KDMC - CMS/select_--Select--Adernaline 0.'

2018-05-28 13:22:14 - [MESSAGE][PASSED] - All options with index in [2] are selected on object 'Object Repository/MOH AND GRN/Page_KDMC - CMS/select_--Select--Adernaline 0.'

2018-05-28 13:22:14 - [TEST_STEP][PASSED] - setText: Text '5000' is set on object 'Object Repository/MOH AND GRN/Page_KDMC - CMS/input_txttreat'

2018-05-28 13:22:14 - [MESSAGE][PASSED] - Text '5000' is set on object 'Object Repository/MOH AND GRN/Page_KDMC - CMS/input_txttreat'

2018-05-28 13:22:14 - [TEST_STEP][PASSED] - click: Object: 'Object Repository/MOH AND GRN/Page_KDMC - CMS/button_Add' is clicked on

2018-05-28 13:22:14 - [MESSAGE][PASSED] - Object: 'Object Repository/MOH AND GRN/Page_KDMC - CMS/button_Add' is clicked on

2018-05-28 13:22:14 - [TEST_STEP][PASSED] - selectOptionByIndex: All options with index in [2] are selected on object 'Object Repository/MOH AND GRN/Page_KDMC - CMS/select_--Select--Schedule 1Inj'

2018-05-28 13:22:14 - [MESSAGE][PASSED] - All options with index in [2] are selected on object 'Object Repository/MOH AND GRN/Page_KDMC - CMS/select_--Select--Schedule 1Inj'

2018-05-28 13:22:14 - [TEST_STEP][PASSED] - selectOptionByIndex: All options with index in [3] are selected on object 'Object Repository/MOH AND GRN/Page_KDMC - CMS/select_--Select--Adernaline 0.'

2018-05-28 13:22:14 - [MESSAGE][PASSED] - All options with index in [3] are selected on object 'Object Repository/MOH AND GRN/Page_KDMC - CMS/select_--Select--Adernaline 0.'

2018-05-28 13:22:14 - [TEST_STEP][PASSED] - setText: Text '5000' is set on object 'Object Repository/MOH AND GRN/Page_KDMC - CMS/input_txttreat'

2018-05-28 13:22:15 - [MESSAGE][PASSED] - Text '5000' is set on object 'Object Repository/MOH AND GRN/Page_KDMC - CMS/input_txttreat'

2018-05-28 13:22:15 - [TEST_STEP][PASSED] - click: Object: 'Object Repository/MOH AND GRN/Page_KDMC - CMS/button_Add' is clicked on

2018-05-28 13:22:15 - [MESSAGE][PASSED] - Object: 'Object Repository/MOH AND GRN/Page_KDMC - CMS/button_Add' is clicked on

2018-05-28 13:22:15 - [TEST_STEP][PASSED] - selectOptionByIndex: All options with index in [2] are selected on object 'Object Repository/MOH AND GRN/Page_KDMC - CMS/select_--Select--Schedule 1Inj'

2018-05-28 13:22:15 - [MESSAGE][PASSED] - All options with index in [2] are selected on object 'Object Repository/MOH AND GRN/Page_KDMC - CMS/select_--Select--Schedule 1Inj'

2018-05-28 13:22:15 - [TEST_STEP][PASSED] - selectOptionByIndex: All options with index in [4] are selected on object 'Object Repository/MOH AND GRN/Page_KDMC - CMS/select_--Select--Adernaline 0.'

2018-05-28 13:22:15 - [MESSAGE][PASSED] - All options with index in [4] are selected on object 'Object Repository/MOH AND GRN/Page_KDMC - CMS/select_--Select--Adernaline 0.'

2018-05-28 13:22:15 - [TEST_STEP][PASSED] - setText: Text '5000' is set on object 'Object Repository/MOH AND GRN/Page_KDMC - CMS/input_txttreat'

2018-05-28 13:22:15 - [MESSAGE][PASSED] - Text '5000' is set on object 'Object Repository/MOH AND GRN/Page_KDMC - CMS/input_txttreat'

2018-05-28 13:22:15 - [TEST_STEP][PASSED] - click: Object: 'Object Repository/MOH AND GRN/Page_KDMC - CMS/button_Add' is clicked on

2018-05-28 13:22:15 - [MESSAGE][PASSED] - Object: 'Object Repository/MOH AND GRN/Page_KDMC - CMS/button_Add' is clicked on

2018-05-28 13:22:15 - [TEST_STEP][PASSED] - selectOptionByIndex: All options with index in [2] are selected on object 'Object Repository/MOH AND GRN/Page_KDMC - CMS/select_--Select--Schedule 1Inj'

2018-05-28 13:22:15 - [MESSAGE][PASSED] - All options with index in [2] are selected on object 'Object Repository/MOH AND GRN/Page_KDMC - CMS/select_--Select--Schedule 1Inj'

2018-05-28 13:22:15 - [TEST_STEP][PASSED] - selectOptionByIndex: All options with index in [5] are selected on object 'Object Repository/MOH AND GRN/Page_KDMC - CMS/select_--Select--Adernaline 0.'

2018-05-28 13:22:15 - [MESSAGE][PASSED] - All options with index in [5] are selected on object 'Object Repository/MOH AND GRN/Page_KDMC - CMS/select_--Select--Adernaline 0.'

2018-05-28 13:22:15 - [TEST_STEP][PASSED] - setText: Text '5000' is set on object 'Object Repository/MOH AND GRN/Page_KDMC - CMS/input_txttreat'

2018-05-28 13:22:15 - [MESSAGE][PASSED] - Text '5000' is set on object 'Object Repository/MOH AND GRN/Page_KDMC - CMS/input_txttreat'

2018-05-28 13:22:15 - [TEST_STEP][PASSED] - click: Object: 'Object Repository/MOH AND GRN/Page_KDMC - CMS/button_Add' is clicked on

2018-05-28 13:22:15 - [MESSAGE][PASSED] - Object: 'Object Repository/MOH AND GRN/Page_KDMC - CMS/button_Add' is clicked on

2018-05-28 13:22:15 - [TEST_STEP][PASSED] - selectOptionByIndex: All options with index in [2] are selected on object 'Object Repository/MOH AND GRN/Page_KDMC - CMS/select_--Select--Schedule 1Inj'

2018-05-28 13:22:16 - [MESSAGE][PASSED] - All options with index in [2] are selected on object 'Object Repository/MOH AND GRN/Page_KDMC - CMS/select_--Select--Schedule 1Inj'

2018-05-28 13:22:16 - [TEST_STEP][PASSED] - selectOptionByIndex: All options with index in [6] are selected on object 'Object Repository/MOH AND GRN/Page_KDMC - CMS/select_--Select--Adernaline 0.'

2018-05-28 13:22:16 - [MESSAGE][PASSED] - All options with index in [6] are selected on object 'Object Repository/MOH AND GRN/Page_KDMC - CMS/select_--Select--Adernaline 0.'

2018-05-28 13:22:16 - [TEST_STEP][PASSED] - setText: Text '5000' is set on object 'Object Repository/MOH AND GRN/Page_KDMC - CMS/input_txttreat'

2018-05-28 13:22:16 - [MESSAGE][PASSED] - Text '5000' is set on object 'Object Repository/MOH AND GRN/Page_KDMC - CMS/input_txttreat'

2018-05-28 13:22:16 - [TEST_STEP][PASSED] - click: Object: 'Object Repository/MOH AND GRN/Page_KDMC - CMS/button_Add' is clicked on

2018-05-28 13:22:16 - [MESSAGE][PASSED] - Object: 'Object Repository/MOH AND GRN/Page_KDMC - CMS/button_Add' is clicked on

2018-05-28 13:22:16 - [TEST_STEP][PASSED] - selectOptionByIndex: All options with index in [2] are selected on object 'Object Repository/MOH AND GRN/Page_KDMC - CMS/select_--Select--Schedule 1Inj'

2018-05-28 13:22:16 - [MESSAGE][PASSED] - All options with index in [2] are selected on object 'Object Repository/MOH AND GRN/Page_KDMC - CMS/select_--Select--Schedule 1Inj'

2018-05-28 13:22:16 - [TEST_STEP][PASSED] - selectOptionByIndex: All options with index in [7] are selected on object 'Object Repository/MOH AND GRN/Page_KDMC - CMS/select_--Select--Adernaline 0.'

2018-05-28 13:22:16 - [MESSAGE][PASSED] - All options with index in [7] are selected on object 'Object Repository/MOH AND GRN/Page_KDMC - CMS/select_--Select--Adernaline 0.'

2018-05-28 13:22:16 - [TEST_STEP][PASSED] - setText: Text '5000' is set on object 'Object Repository/MOH AND GRN/Page_KDMC - CMS/input_txttreat'

2018-05-28 13:22:16 - [MESSAGE][PASSED] - Text '5000' is set on object 'Object Repository/MOH AND GRN/Page_KDMC - CMS/input_txttreat'

2018-05-28 13:22:16 - [TEST_STEP][PASSED] - click: Object: 'Object Repository/MOH AND GRN/Page_KDMC - CMS/button_Add' is clicked on

2018-05-28 13:22:16 - [MESSAGE][PASSED] - Object: 'Object Repository/MOH AND GRN/Page_KDMC - CMS/button_Add' is clicked on

2018-05-28 13:22:16 - [TEST_STEP][PASSED] - selectOptionByIndex: All options with index in [2] are selected on object 'Object Repository/MOH AND GRN/Page_KDMC - CMS/select_--Select--Schedule 1Inj'

2018-05-28 13:22:16 - [MESSAGE][PASSED] - All options with index in [2] are selected on object 'Object Repository/MOH AND GRN/Page_KDMC - CMS/select_--Select--Schedule 1Inj'

2018-05-28 13:22:16 - [TEST_STEP][PASSED] - selectOptionByIndex: All options with index in [8] are selected on object 'Object Repository/MOH AND GRN/Page_KDMC - CMS/select_--Select--Adernaline 0.'

2018-05-28 13:22:17 - [MESSAGE][PASSED] - All options with index in [8] are selected on object 'Object Repository/MOH AND GRN/Page_KDMC - CMS/select_--Select--Adernaline 0.'

2018-05-28 13:22:17 - [TEST_STEP][PASSED] - setText: Text '5000' is set on object 'Object Repository/MOH AND GRN/Page_KDMC - CMS/input_txttreat'

2018-05-28 13:22:17 - [MESSAGE][PASSED] - Text '5000' is set on object 'Object Repository/MOH AND GRN/Page_KDMC - CMS/input_txttreat'

2018-05-28 13:22:17 - [TEST_STEP][PASSED] - click: Object: 'Object Repository/MOH AND GRN/Page_KDMC - CMS/button_Add' is clicked on

2018-05-28 13:22:17 - [MESSAGE][PASSED] - Object: 'Object Repository/MOH AND GRN/Page_KDMC - CMS/button_Add' is clicked on

2018-05-28 13:22:17 - [TEST_STEP][PASSED] - selectOptionByIndex: All options with index in [2] are selected on object 'Object Repository/MOH AND GRN/Page_KDMC - CMS/select_--Select--Schedule 1Inj'

2018-05-28 13:22:17 - [MESSAGE][PASSED] - All options with index in [2] are selected on object 'Object Repository/MOH AND GRN/Page_KDMC - CMS/select_--Select--Schedule 1Inj'

2018-05-28 13:22:17 - [TEST_STEP][PASSED] - selectOptionByIndex: All options with index in [9] are selected on object 'Object Repository/MOH AND GRN/Page_KDMC - CMS/select_--Select--Adernaline 0.'

2018-05-28 13:22:17 - [MESSAGE][PASSED] - All options with index in [9] are selected on object 'Object Repository/MOH AND GRN/Page_KDMC - CMS/select_--Select--Adernaline 0.'

2018-05-28 13:22:17 - [TEST_STEP][PASSED] - setText: Text '5000' is set on object 'Object Repository/MOH AND GRN/Page_KDMC - CMS/input_txttreat'

2018-05-28 13:22:17 - [MESSAGE][PASSED] - Text '5000' is set on object 'Object Repository/MOH AND GRN/Page_KDMC - CMS/input_txttreat'

2018-05-28 13:22:17 - [TEST_STEP][PASSED] - click: Object: 'Object Repository/MOH AND GRN/Page_KDMC - CMS/button_Add' is clicked on

2018-05-28 13:22:17 - [MESSAGE][PASSED] - Object: 'Object Repository/MOH AND GRN/Page_KDMC - CMS/button_Add' is clicked on

2018-05-28 13:22:17 - [TEST_STEP][PASSED] - selectOptionByIndex: All options with index in [2] are selected on object 'Object Repository/MOH AND GRN/Page_KDMC - CMS/select_--Select--Schedule 1Inj'

2018-05-28 13:22:18 - [MESSAGE][PASSED] - All options with index in [2] are selected on object 'Object Repository/MOH AND GRN/Page_KDMC - CMS/select_--Select--Schedule 1Inj'

2018-05-28 13:22:18 - [TEST_STEP][PASSED] - selectOptionByIndex: All options with index in [10] are selected on object 'Object Repository/MOH AND GRN/Page_KDMC - CMS/select_--Select--Adernaline 0.'

2018-05-28 13:22:18 - [MESSAGE][PASSED] - All options with index in [10] are selected on object 'Object Repository/MOH AND GRN/Page_KDMC - CMS/select_--Select--Adernaline 0.'

2018-05-28 13:22:18 - [TEST_STEP][PASSED] - setText: Text '5000' is set on object 'Object Repository/MOH AND GRN/Page_KDMC - CMS/input_txttreat'

2018-05-28 13:22:18 - [MESSAGE][PASSED] - Text '5000' is set on object 'Object Repository/MOH AND GRN/Page_KDMC - CMS/input_txttreat'

2018-05-28 13:22:18 - [TEST_STEP][PASSED] - click: Object: 'Object Repository/MOH AND GRN/Page_KDMC - CMS/button_Add' is clicked on

2018-05-28 13:22:18 - [MESSAGE][PASSED] - Object: 'Object Repository/MOH AND GRN/Page_KDMC - CMS/button_Add' is clicked on

2018-05-28 13:22:18 - [TEST_STEP][PASSED] - selectOptionByIndex: All options with index in [2] are selected on object 'Object Repository/MOH AND GRN/Page_KDMC - CMS/select_--Select--Schedule 1Inj'

2018-05-28 13:22:18 - [MESSAGE][PASSED] - All options with index in [2] are selected on object 'Object Repository/MOH AND GRN/Page_KDMC - CMS/select_--Select--Schedule 1Inj'

2018-05-28 13:22:18 - [TEST_STEP][PASSED] - selectOptionByIndex: All options with index in [11] are selected on object 'Object Repository/MOH AND GRN/Page_KDMC - CMS/select_--Select--Adernaline 0.'

2018-05-28 13:22:18 - [MESSAGE][PASSED] - All options with index in [11] are selected on object 'Object Repository/MOH AND GRN/Page_KDMC - CMS/select_--Select--Adernaline 0.'

2018-05-28 13:22:18 - [TEST_STEP][PASSED] - setText: Text '5000' is set on object 'Object Repository/MOH AND GRN/Page_KDMC - CMS/input_txttreat'

2018-05-28 13:22:18 - [MESSAGE][PASSED] - Text '5000' is set on object 'Object Repository/MOH AND GRN/Page_KDMC - CMS/input_txttreat'

2018-05-28 13:22:18 - [TEST_STEP][PASSED] - click: Object: 'Object Repository/MOH AND GRN/Page_KDMC - CMS/button_Add' is clicked on

2018-05-28 13:22:18 - [MESSAGE][PASSED] - Object: 'Object Repository/MOH AND GRN/Page_KDMC - CMS/button_Add' is clicked on

2018-05-28 13:22:18 - [TEST_STEP][PASSED] - selectOptionByIndex: All options with index in [2] are selected on object 'Object Repository/MOH AND GRN/Page_KDMC - CMS/select_--Select--Schedule 1Inj'

2018-05-28 13:22:19 - [MESSAGE][PASSED] - All options with index in [2] are selected on object 'Object Repository/MOH AND GRN/Page_KDMC - CMS/select_--Select--Schedule 1Inj'

2018-05-28 13:22:19 - [TEST_STEP][PASSED] - selectOptionByIndex: All options with index in [12] are selected on object 'Object Repository/MOH AND GRN/Page_KDMC - CMS/select_--Select--Adernaline 0.'

2018-05-28 13:22:19 - [MESSAGE][PASSED] - All options with index in [12] are selected on object 'Object Repository/MOH AND GRN/Page_KDMC - CMS/select_--Select--Adernaline 0.'

2018-05-28 13:22:19 - [TEST_STEP][PASSED] - setText: Text '5000' is set on object 'Object Repository/MOH AND GRN/Page_KDMC - CMS/input_txttreat'

2018-05-28 13:22:19 - [MESSAGE][PASSED] - Text '5000' is set on object 'Object Repository/MOH AND GRN/Page_KDMC - CMS/input_txttreat'

2018-05-28 13:22:19 - [TEST_STEP][PASSED] - click: Object: 'Object Repository/MOH AND GRN/Page_KDMC - CMS/button_Add' is clicked on

2018-05-28 13:22:19 - [MESSAGE][PASSED] - Object: 'Object Repository/MOH AND GRN/Page_KDMC - CMS/button_Add' is clicked on

2018-05-28 13:22:19 - [TEST_STEP][PASSED] - selectOptionByIndex: All options with index in [2] are selected on object 'Object Repository/MOH AND GRN/Page_KDMC - CMS/select_--Select--Schedule 1Inj'

2018-05-28 13:22:19 - [MESSAGE][PASSED] - All options with index in [2] are selected on object 'Object Repository/MOH AND GRN/Page_KDMC - CMS/select_--Select--Schedule 1Inj'

2018-05-28 13:22:19 - [TEST_STEP][PASSED] - selectOptionByIndex: All options with index in [13] are selected on object 'Object Repository/MOH AND GRN/Page_KDMC - CMS/select_--Select--Adernaline 0.'

2018-05-28 13:22:19 - [MESSAGE][PASSED] - All options with index in [13] are selected on object 'Object Repository/MOH AND GRN/Page_KDMC - CMS/select_--Select--Adernaline 0.'

2018-05-28 13:22:19 - [TEST_STEP][PASSED] - setText: Text '5000' is set on object 'Object Repository/MOH AND GRN/Page_KDMC - CMS/input_txttreat'

2018-05-28 13:22:19 - [MESSAGE][PASSED] - Text '5000' is set on object 'Object Repository/MOH AND GRN/Page_KDMC - CMS/input_txttreat'

2018-05-28 13:22:19 - [TEST_STEP][PASSED] - click: Object: 'Object Repository/MOH AND GRN/Page_KDMC - CMS/button_Add' is clicked on

2018-05-28 13:22:19 - [MESSAGE][PASSED] - Object: 'Object Repository/MOH AND GRN/Page_KDMC - CMS/button_Add' is clicked on

2018-05-28 13:22:19 - [TEST_STEP][PASSED] - selectOptionByIndex: All options with index in [2] are selected on object 'Object Repository/MOH AND GRN/Page_KDMC - CMS/select_--Select--Schedule 1Inj'

2018-05-28 13:22:20 - [MESSAGE][PASSED] - All options with index in [2] are selected on object 'Object Repository/MOH AND GRN/Page_KDMC - CMS/select_--Select--Schedule 1Inj'

2018-05-28 13:22:20 - [TEST_STEP][PASSED] - selectOptionByIndex: All options with index in [14] are selected on object 'Object Repository/MOH AND GRN/Page_KDMC - CMS/select_--Select--Adernaline 0.'

2018-05-28 13:22:20 - [MESSAGE][PASSED] - All options with index in [14] are selected on object 'Object Repository/MOH AND GRN/Page_KDMC - CMS/select_--Select--Adernaline 0.'

2018-05-28 13:22:20 - [TEST_STEP][PASSED] - setText: Text '5000' is set on object 'Object Repository/MOH AND GRN/Page_KDMC - CMS/input_txttreat'

2018-05-28 13:22:20 - [MESSAGE][PASSED] - Text '5000' is set on object 'Object Repository/MOH AND GRN/Page_KDMC - CMS/input_txttreat'

2018-05-28 13:22:20 - [TEST_STEP][PASSED] - click: Object: 'Object Repository/MOH AND GRN/Page_KDMC - CMS/button_Add' is clicked on

2018-05-28 13:22:20 - [MESSAGE][PASSED] - Object: 'Object Repository/MOH AND GRN/Page_KDMC - CMS/button_Add' is clicked on

2018-05-28 13:22:20 - [TEST_STEP][PASSED] - selectOptionByIndex: All options with index in [2] are selected on object 'Object Repository/MOH AND GRN/Page_KDMC - CMS/select_--Select--Schedule 1Inj'

2018-05-28 13:22:20 - [MESSAGE][PASSED] - All options with index in [2] are selected on object 'Object Repository/MOH AND GRN/Page_KDMC - CMS/select_--Select--Schedule 1Inj'

2018-05-28 13:22:20 - [TEST_STEP][PASSED] - selectOptionByIndex: All options with index in [15] are selected on object 'Object Repository/MOH AND GRN/Page_KDMC - CMS/select_--Select--Adernaline 0.'

2018-05-28 13:22:20 - [MESSAGE][PASSED] - All options with index in [15] are selected on object 'Object Repository/MOH AND GRN/Page_KDMC - CMS/select_--Select--Adernaline 0.'

2018-05-28 13:22:20 - [TEST_STEP][PASSED] - setText: Text '5000' is set on object 'Object Repository/MOH AND GRN/Page_KDMC - CMS/input_txttreat'

2018-05-28 13:22:20 - [MESSAGE][PASSED] - Text '5000' is set on object 'Object Repository/MOH AND GRN/Page_KDMC - CMS/input_txttreat'

2018-05-28 13:22:20 - [TEST_STEP][PASSED] - click: Object: 'Object Repository/MOH AND GRN/Page_KDMC - CMS/button_Add' is clicked on

2018-05-28 13:22:21 - [MESSAGE][PASSED] - Object: 'Object Repository/MOH AND GRN/Page_KDMC - CMS/button_Add' is clicked on

2018-05-28 13:22:21 - [TEST_STEP][PASSED] - selectOptionByIndex: All options with index in [2] are selected on object 'Object Repository/MOH AND GRN/Page_KDMC - CMS/select_--Select--Schedule 1Inj'

2018-05-28 13:22:21 - [MESSAGE][PASSED] - All options with index in [2] are selected on object 'Object Repository/MOH AND GRN/Page_KDMC - CMS/select_--Select--Schedule 1Inj'

2018-05-28 13:22:21 - [TEST_STEP][PASSED] - selectOptionByIndex: All options with index in [16] are selected on object 'Object Repository/MOH AND GRN/Page_KDMC - CMS/select_--Select--Adernaline 0.'

2018-05-28 13:22:21 - [MESSAGE][PASSED] - All options with index in [16] are selected on object 'Object Repository/MOH AND GRN/Page_KDMC - CMS/select_--Select--Adernaline 0.'

2018-05-28 13:22:21 - [TEST_STEP][PASSED] - setText: Text '5000' is set on object 'Object Repository/MOH AND GRN/Page_KDMC - CMS/input_txttreat'

2018-05-28 13:22:21 - [MESSAGE][PASSED] - Text '5000' is set on object 'Object Repository/MOH AND GRN/Page_KDMC - CMS/input_txttreat'

2018-05-28 13:22:21 - [TEST_STEP][PASSED] - click: Object: 'Object Repository/MOH AND GRN/Page_KDMC - CMS/button_Add' is clicked on

2018-05-28 13:22:21 - [MESSAGE][PASSED] - Object: 'Object Repository/MOH AND GRN/Page_KDMC - CMS/button_Add' is clicked on

2018-05-28 13:22:21 - [TEST_STEP][PASSED] - selectOptionByIndex: All options with index in [2] are selected on object 'Object Repository/MOH AND GRN/Page_KDMC - CMS/select_--Select--Schedule 1Inj'

2018-05-28 13:22:21 - [MESSAGE][PASSED] - All options with index in [2] are selected on object 'Object Repository/MOH AND GRN/Page_KDMC - CMS/select_--Select--Schedule 1Inj'

2018-05-28 13:22:21 - [TEST_STEP][PASSED] - selectOptionByIndex: All options with index in [17] are selected on object 'Object Repository/MOH AND GRN/Page_KDMC - CMS/select_--Select--Adernaline 0.'

2018-05-28 13:22:21 - [MESSAGE][PASSED] - All options with index in [17] are selected on object 'Object Repository/MOH AND GRN/Page_KDMC - CMS/select_--Select--Adernaline 0.'

2018-05-28 13:22:21 - [TEST_STEP][PASSED] - setText: Text '5000' is set on object 'Object Repository/MOH AND GRN/Page_KDMC - CMS/input_txttreat'

2018-05-28 13:22:22 - [MESSAGE][PASSED] - Text '5000' is set on object 'Object Repository/MOH AND GRN/Page_KDMC - CMS/input_txttreat'

2018-05-28 13:22:22 - [TEST_STEP][PASSED] - click: Object: 'Object Repository/MOH AND GRN/Page_KDMC - CMS/button_Add' is clicked on

2018-05-28 13:22:22 - [MESSAGE][PASSED] - Object: 'Object Repository/MOH AND GRN/Page_KDMC - CMS/button_Add' is clicked on

2018-05-28 13:22:22 - [TEST_STEP][PASSED] - selectOptionByIndex: All options with index in [2] are selected on object 'Object Repository/MOH AND GRN/Page_KDMC - CMS/select_--Select--Schedule 1Inj'

2018-05-28 13:22:22 - [MESSAGE][PASSED] - All options with index in [2] are selected on object 'Object Repository/MOH AND GRN/Page_KDMC - CMS/select_--Select--Schedule 1Inj'

2018-05-28 13:22:22 - [TEST_STEP][PASSED] - selectOptionByIndex: All options with index in [18] are selected on object 'Object Repository/MOH AND GRN/Page_KDMC - CMS/select_--Select--Adernaline 0.'

2018-05-28 13:22:22 - [MESSAGE][PASSED] - All options with index in [18] are selected on object 'Object Repository/MOH AND GRN/Page_KDMC - CMS/select_--Select--Adernaline 0.'

2018-05-28 13:22:22 - [TEST_STEP][PASSED] - setText: Text '5000' is set on object 'Object Repository/MOH AND GRN/Page_KDMC - CMS/input_txttreat'

2018-05-28 13:22:22 - [MESSAGE][PASSED] - Text '5000' is set on object 'Object Repository/MOH AND GRN/Page_KDMC - CMS/input_txttreat'

2018-05-28 13:22:22 - [TEST_STEP][PASSED] - click: Object: 'Object Repository/MOH AND GRN/Page_KDMC - CMS/button_Add' is clicked on

2018-05-28 13:22:22 - [MESSAGE][PASSED] - Object: 'Object Repository/MOH AND GRN/Page_KDMC - CMS/button_Add' is clicked on

2018-05-28 13:22:22 - [TEST_STEP][PASSED] - selectOptionByIndex: All options with index in [2] are selected on object 'Object Repository/MOH AND GRN/Page_KDMC - CMS/select_--Select--Schedule 1Inj'

2018-05-28 13:22:22 - [MESSAGE][PASSED] - All options with index in [2] are selected on object 'Object Repository/MOH AND GRN/Page_KDMC - CMS/select_--Select--Schedule 1Inj'

2018-05-28 13:22:22 - [TEST_STEP][PASSED] - selectOptionByIndex: All options with index in [19] are selected on object 'Object Repository/MOH AND GRN/Page_KDMC - CMS/select_--Select--Adernaline 0.'

2018-05-28 13:22:23 - [MESSAGE][PASSED] - All options with index in [19] are selected on object 'Object Repository/MOH AND GRN/Page_KDMC - CMS/select_--Select--Adernaline 0.'

2018-05-28 13:22:23 - [TEST_STEP][PASSED] - setText: Text '5000' is set on object 'Object Repository/MOH AND GRN/Page_KDMC - CMS/input_txttreat'

2018-05-28 13:22:23 - [MESSAGE][PASSED] - Text '5000' is set on object 'Object Repository/MOH AND GRN/Page_KDMC - CMS/input_txttreat'

2018-05-28 13:22:23 - [TEST_STEP][PASSED] - click: Object: 'Object Repository/MOH AND GRN/Page_KDMC - CMS/button_Add' is clicked on

2018-05-28 13:22:23 - [MESSAGE][PASSED] - Object: 'Object Repository/MOH AND GRN/Page_KDMC - CMS/button_Add' is clicked on

2018-05-28 13:22:23 - [TEST_STEP][PASSED] - selectOptionByIndex: All options with index in [2] are selected on object 'Object Repository/MOH AND GRN/Page_KDMC - CMS/select_--Select--Schedule 1Inj'

2018-05-28 13:22:23 - [MESSAGE][PASSED] - All options with index in [2] are selected on object 'Object Repository/MOH AND GRN/Page_KDMC - CMS/select_--Select--Schedule 1Inj'

2018-05-28 13:22:23 - [TEST_STEP][PASSED] - selectOptionByIndex: All options with index in [20] are selected on object 'Object Repository/MOH AND GRN/Page_KDMC - CMS/select_--Select--Adernaline 0.'

2018-05-28 13:22:23 - [MESSAGE][PASSED] - All options with index in [20] are selected on object 'Object Repository/MOH AND GRN/Page_KDMC - CMS/select_--Select--Adernaline 0.'

2018-05-28 13:22:23 - [TEST_STEP][PASSED] - setText: Text '5000' is set on object 'Object Repository/MOH AND GRN/Page_KDMC - CMS/input_txttreat'

2018-05-28 13:22:23 - [MESSAGE][PASSED] - Text '5000' is set on object 'Object Repository/MOH AND GRN/Page_KDMC - CMS/input_txttreat'

2018-05-28 13:22:23 - [TEST_STEP][PASSED] - click: Object: 'Object Repository/MOH AND GRN/Page_KDMC - CMS/button_Add' is clicked on

2018-05-28 13:22:23 - [MESSAGE][PASSED] - Object: 'Object Repository/MOH AND GRN/Page_KDMC - CMS/button_Add' is clicked on

2018-05-28 13:22:23 - [TEST_STEP][PASSED] - selectOptionByIndex: All options with index in [2] are selected on object 'Object Repository/MOH AND GRN/Page_KDMC - CMS/select_--Select--Schedule 1Inj'

2018-05-28 13:22:24 - [MESSAGE][PASSED] - All options with index in [2] are selected on object 'Object Repository/MOH AND GRN/Page_KDMC - CMS/select_--Select--Schedule 1Inj'

2018-05-28 13:22:24 - [TEST_STEP][PASSED] - selectOptionByIndex: All options with index in [21] are selected on object 'Object Repository/MOH AND GRN/Page_KDMC - CMS/select_--Select--Adernaline 0.'

2018-05-28 13:22:24 - [MESSAGE][PASSED] - All options with index in [21] are selected on object 'Object Repository/MOH AND GRN/Page_KDMC - CMS/select_--Select--Adernaline 0.'

2018-05-28 13:22:24 - [TEST_STEP][PASSED] - setText: Text '5000' is set on object 'Object Repository/MOH AND GRN/Page_KDMC - CMS/input_txttreat'

2018-05-28 13:22:24 - [MESSAGE][PASSED] - Text '5000' is set on object 'Object Repository/MOH AND GRN/Page_KDMC - CMS/input_txttreat'

2018-05-28 13:22:24 - [TEST_STEP][PASSED] - click: Object: 'Object Repository/MOH AND GRN/Page_KDMC - CMS/button_Add' is clicked on

2018-05-28 13:22:24 - [MESSAGE][PASSED] - Object: 'Object Repository/MOH AND GRN/Page_KDMC - CMS/button_Add' is clicked on

2018-05-28 13:22:24 - [TEST_STEP][PASSED] - selectOptionByIndex: All options with index in [2] are selected on object 'Object Repository/MOH AND GRN/Page_KDMC - CMS/select_--Select--Schedule 1Inj'

2018-05-28 13:22:24 - [MESSAGE][PASSED] - All options with index in [2] are selected on object 'Object Repository/MOH AND GRN/Page_KDMC - CMS/select_--Select--Schedule 1Inj'

2018-05-28 13:22:24 - [TEST_STEP][PASSED] - selectOptionByIndex: All options with index in [22] are selected on object 'Object Repository/MOH AND GRN/Page_KDMC - CMS/select_--Select--Adernaline 0.'

2018-05-28 13:22:24 - [MESSAGE][PASSED] - All options with index in [22] are selected on object 'Object Repository/MOH AND GRN/Page_KDMC - CMS/select_--Select--Adernaline 0.'

2018-05-28 13:22:24 - [TEST_STEP][PASSED] - setText: Text '5000' is set on object 'Object Repository/MOH AND GRN/Page_KDMC - CMS/input_txttreat'

2018-05-28 13:22:25 - [MESSAGE][PASSED] - Text '5000' is set on object 'Object Repository/MOH AND GRN/Page_KDMC - CMS/input_txttreat'

2018-05-28 13:22:25 - [TEST_STEP][PASSED] - click: Object: 'Object Repository/MOH AND GRN/Page_KDMC - CMS/button_Add' is clicked on

2018-05-28 13:22:25 - [MESSAGE][PASSED] - Object: 'Object Repository/MOH AND GRN/Page_KDMC - CMS/button_Add' is clicked on

2018-05-28 13:22:25 - [TEST_STEP][PASSED] - selectOptionByIndex: All options with index in [2] are selected on object 'Object Repository/MOH AND GRN/Page_KDMC - CMS/select_--Select--Schedule 1Inj'

2018-05-28 13:22:25 - [MESSAGE][PASSED] - All options with index in [2] are selected on object 'Object Repository/MOH AND GRN/Page_KDMC - CMS/select_--Select--Schedule 1Inj'

2018-05-28 13:22:25 - [TEST_STEP][PASSED] - selectOptionByIndex: All options with index in [23] are selected on object 'Object Repository/MOH AND GRN/Page_KDMC - CMS/select_--Select--Adernaline 0.'

2018-05-28 13:22:25 - [MESSAGE][PASSED] - All options with index in [23] are selected on object 'Object Repository/MOH AND GRN/Page_KDMC - CMS/select_--Select--Adernaline 0.'

2018-05-28 13:22:25 - [TEST_STEP][PASSED] - setText: Text '5000' is set on object 'Object Repository/MOH AND GRN/Page_KDMC - CMS/input_txttreat'

2018-05-28 13:22:25 - [MESSAGE][PASSED] - Text '5000' is set on object 'Object Repository/MOH AND GRN/Page_KDMC - CMS/input_txttreat'

2018-05-28 13:22:25 - [TEST_STEP][PASSED] - click: Object: 'Object Repository/MOH AND GRN/Page_KDMC - CMS/button_Add' is clicked on

2018-05-28 13:22:25 - [MESSAGE][PASSED] - Object: 'Object Repository/MOH AND GRN/Page_KDMC - CMS/button_Add' is clicked on

2018-05-28 13:22:25 - [TEST_STEP][PASSED] - selectOptionByIndex: All options with index in [2] are selected on object 'Object Repository/MOH AND GRN/Page_KDMC - CMS/select_--Select--Schedule 1Inj'

2018-05-28 13:22:25 - [MESSAGE][PASSED] - All options with index in [2] are selected on object 'Object Repository/MOH AND GRN/Page_KDMC - CMS/select_--Select--Schedule 1Inj'

2018-05-28 13:22:25 - [TEST_STEP][PASSED] - selectOptionByIndex: All options with index in [24] are selected on object 'Object Repository/MOH AND GRN/Page_KDMC - CMS/select_--Select--Adernaline 0.'

2018-05-28 13:22:26 - [MESSAGE][PASSED] - All options with index in [24] are selected on object 'Object Repository/MOH AND GRN/Page_KDMC - CMS/select_--Select--Adernaline 0.'

2018-05-28 13:22:26 - [TEST_STEP][PASSED] - setText: Text '5000' is set on object 'Object Repository/MOH AND GRN/Page_KDMC - CMS/input_txttreat'

2018-05-28 13:22:26 - [MESSAGE][PASSED] - Text '5000' is set on object 'Object Repository/MOH AND GRN/Page_KDMC - CMS/input_txttreat'

2018-05-28 13:22:26 - [TEST_STEP][PASSED] - click: Object: 'Object Repository/MOH AND GRN/Page_KDMC - CMS/button_Add' is clicked on

2018-05-28 13:22:26 - [MESSAGE][PASSED] - Object: 'Object Repository/MOH AND GRN/Page_KDMC - CMS/button_Add' is clicked on

2018-05-28 13:22:26 - [TEST_STEP][PASSED] - selectOptionByIndex: All options with index in [2] are selected on object 'Object Repository/MOH AND GRN/Page_KDMC - CMS/select_--Select--Schedule 1Inj'

2018-05-28 13:22:26 - [MESSAGE][PASSED] - All options with index in [2] are selected on object 'Object Repository/MOH AND GRN/Page_KDMC - CMS/select_--Select--Schedule 1Inj'

2018-05-28 13:22:26 - [TEST_STEP][PASSED] - selectOptionByIndex: All options with index in [25] are selected on object 'Object Repository/MOH AND GRN/Page_KDMC - CMS/select_--Select--Adernaline 0.'

2018-05-28 13:22:26 - [MESSAGE][PASSED] - All options with index in [25] are selected on object 'Object Repository/MOH AND GRN/Page_KDMC - CMS/select_--Select--Adernaline 0.'

2018-05-28 13:22:26 - [TEST_STEP][PASSED] - setText: Text '5000' is set on object 'Object Repository/MOH AND GRN/Page_KDMC - CMS/input_txttreat'

2018-05-28 13:22:26 - [MESSAGE][PASSED] - Text '5000' is set on object 'Object Repository/MOH AND GRN/Page_KDMC - CMS/input_txttreat'

2018-05-28 13:22:26 - [TEST_STEP][PASSED] - click: Object: 'Object Repository/MOH AND GRN/Page_KDMC - CMS/button_Add' is clicked on

2018-05-28 13:22:26 - [MESSAGE][PASSED] - Object: 'Object Repository/MOH AND GRN/Page_KDMC - CMS/button_Add' is clicked on

2018-05-28 13:22:26 - [TEST_STEP][PASSED] - selectOptionByIndex: All options with index in [2] are selected on object 'Object Repository/MOH AND GRN/Page_KDMC - CMS/select_--Select--Schedule 1Inj'

2018-05-28 13:22:27 - [MESSAGE][PASSED] - All options with index in [2] are selected on object 'Object Repository/MOH AND GRN/Page_KDMC - CMS/select_--Select--Schedule 1Inj'

2018-05-28 13:22:27 - [TEST_STEP][PASSED] - selectOptionByIndex: All options with index in [26] are selected on object 'Object Repository/MOH AND GRN/Page_KDMC - CMS/select_--Select--Adernaline 0.'

2018-05-28 13:22:27 - [MESSAGE][PASSED] - All options with index in [26] are selected on object 'Object Repository/MOH AND GRN/Page_KDMC - CMS/select_--Select--Adernaline 0.'

2018-05-28 13:22:27 - [TEST_STEP][PASSED] - setText: Text '5000' is set on object 'Object Repository/MOH AND GRN/Page_KDMC - CMS/input_txttreat'

2018-05-28 13:22:27 - [MESSAGE][PASSED] - Text '5000' is set on object 'Object Repository/MOH AND GRN/Page_KDMC - CMS/input_txttreat'

2018-05-28 13:22:27 - [TEST_STEP][PASSED] - click: Object: 'Object Repository/MOH AND GRN/Page_KDMC - CMS/button_Add' is clicked on

2018-05-28 13:22:27 - [MESSAGE][PASSED] - Object: 'Object Repository/MOH AND GRN/Page_KDMC - CMS/button_Add' is clicked on

2018-05-28 13:22:27 - [TEST_STEP][PASSED] - selectOptionByIndex: All options with index in [2] are selected on object 'Object Repository/MOH AND GRN/Page_KDMC - CMS/select_--Select--Schedule 1Inj'

2018-05-28 13:22:27 - [MESSAGE][PASSED] - All options with index in [2] are selected on object 'Object Repository/MOH AND GRN/Page_KDMC - CMS/select_--Select--Schedule 1Inj'

2018-05-28 13:22:27 - [TEST_STEP][PASSED] - selectOptionByIndex: All options with index in [27] are selected on object 'Object Repository/MOH AND GRN/Page_KDMC - CMS/select_--Select--Adernaline 0.'

2018-05-28 13:22:28 - [MESSAGE][PASSED] - All options with index in [27] are selected on object 'Object Repository/MOH AND GRN/Page_KDMC - CMS/select_--Select--Adernaline 0.'

2018-05-28 13:22:28 - [TEST_STEP][PASSED] - setText: Text '5000' is set on object 'Object Repository/MOH AND GRN/Page_KDMC - CMS/input_txttreat'

2018-05-28 13:22:28 - [MESSAGE][PASSED] - Text '5000' is set on object 'Object Repository/MOH AND GRN/Page_KDMC - CMS/input_txttreat'

2018-05-28 13:22:28 - [TEST_STEP][PASSED] - click: Object: 'Object Repository/MOH AND GRN/Page_KDMC - CMS/button_Add' is clicked on

2018-05-28 13:22:28 - [MESSAGE][PASSED] - Object: 'Object Repository/MOH AND GRN/Page_KDMC - CMS/button_Add' is clicked on

2018-05-28 13:22:28 - [TEST_STEP][PASSED] - selectOptionByIndex: All options with index in [2] are selected on object 'Object Repository/MOH AND GRN/Page_KDMC - CMS/select_--Select--Schedule 1Inj'

2018-05-28 13:22:28 - [MESSAGE][PASSED] - All options with index in [2] are selected on object 'Object Repository/MOH AND GRN/Page_KDMC - CMS/select_--Select--Schedule 1Inj'

2018-05-28 13:22:28 - [TEST_STEP][PASSED] - selectOptionByIndex: All options with index in [28] are selected on object 'Object Repository/MOH AND GRN/Page_KDMC - CMS/select_--Select--Adernaline 0.'

2018-05-28 13:22:28 - [MESSAGE][PASSED] - All options with index in [28] are selected on object 'Object Repository/MOH AND GRN/Page_KDMC - CMS/select_--Select--Adernaline 0.'

2018-05-28 13:22:28 - [TEST_STEP][PASSED] - setText: Text '5000' is set on object 'Object Repository/MOH AND GRN/Page_KDMC - CMS/input_txttreat'

2018-05-28 13:22:29 - [MESSAGE][PASSED] - Text '5000' is set on object 'Object Repository/MOH AND GRN/Page_KDMC - CMS/input_txttreat'

2018-05-28 13:22:29 - [TEST_STEP][PASSED] - click: Object: 'Object Repository/MOH AND GRN/Page_KDMC - CMS/button_Add' is clicked on

2018-05-28 13:22:29 - [MESSAGE][PASSED] - Object: 'Object Repository/MOH AND GRN/Page_KDMC - CMS/button_Add' is clicked on

2018-05-28 13:22:29 - [TEST_STEP][PASSED] - selectOptionByIndex: All options with index in [2] are selected on object 'Object Repository/MOH AND GRN/Page_KDMC - CMS/select_--Select--Schedule 1Inj'

2018-05-28 13:22:29 - [MESSAGE][PASSED] - All options with index in [2] are selected on object 'Object Repository/MOH AND GRN/Page_KDMC - CMS/select_--Select--Schedule 1Inj'

2018-05-28 13:22:29 - [TEST_STEP][PASSED] - selectOptionByIndex: All options with index in [29] are selected on object 'Object Repository/MOH AND GRN/Page_KDMC - CMS/select_--Select--Adernaline 0.'

2018-05-28 13:22:29 - [MESSAGE][PASSED] - All options with index in [29] are selected on object 'Object Repository/MOH AND GRN/Page_KDMC - CMS/select_--Select--Adernaline 0.'

2018-05-28 13:22:29 - [TEST_STEP][PASSED] - setText: Text '5000' is set on object 'Object Repository/MOH AND GRN/Page_KDMC - CMS/input_txttreat'

2018-05-28 13:22:29 - [MESSAGE][PASSED] - Text '5000' is set on object 'Object Repository/MOH AND GRN/Page_KDMC - CMS/input_txttreat'

2018-05-28 13:22:29 - [TEST_STEP][PASSED] - click: Object: 'Object Repository/MOH AND GRN/Page_KDMC - CMS/button_Add' is clicked on

2018-05-28 13:22:29 - [MESSAGE][PASSED] - Object: 'Object Repository/MOH AND GRN/Page_KDMC - CMS/button_Add' is clicked on

2018-05-28 13:22:29 - [TEST_STEP][PASSED] - selectOptionByIndex: All options with index in [2] are selected on object 'Object Repository/MOH AND GRN/Page_KDMC - CMS/select_--Select--Schedule 1Inj'

2018-05-28 13:22:29 - [MESSAGE][PASSED] - All options with index in [2] are selected on object 'Object Repository/MOH AND GRN/Page_KDMC - CMS/select_--Select--Schedule 1Inj'

2018-05-28 13:22:29 - [TEST_STEP][PASSED] - selectOptionByIndex: All options with index in [30] are selected on object 'Object Repository/MOH AND GRN/Page_KDMC - CMS/select_--Select--Adernaline 0.'

2018-05-28 13:22:30 - [MESSAGE][PASSED] - All options with index in [30] are selected on object 'Object Repository/MOH AND GRN/Page_KDMC - CMS/select_--Select--Adernaline 0.'

2018-05-28 13:22:30 - [TEST_STEP][PASSED] - setText: Text '5000' is set on object 'Object Repository/MOH AND GRN/Page_KDMC - CMS/input_txttreat'

2018-05-28 13:22:30 - [MESSAGE][PASSED] - Text '5000' is set on object 'Object Repository/MOH AND GRN/Page_KDMC - CMS/input_txttreat'

2018-05-28 13:22:30 - [TEST_STEP][PASSED] - click: Object: 'Object Repository/MOH AND GRN/Page_KDMC - CMS/button_Add' is clicked on

2018-05-28 13:22:30 - [MESSAGE][PASSED] - Object: 'Object Repository/MOH AND GRN/Page_KDMC - CMS/button_Add' is clicked on

2018-05-28 13:22:30 - [TEST_STEP][PASSED] - selectOptionByIndex: All options with index in [2] are selected on object 'Object Repository/MOH AND GRN/Page_KDMC - CMS/select_--Select--Schedule 1Inj'

2018-05-28 13:22:30 - [MESSAGE][PASSED] - All options with index in [2] are selected on object 'Object Repository/MOH AND GRN/Page_KDMC - CMS/select_--Select--Schedule 1Inj'

2018-05-28 13:22:30 - [TEST_STEP][PASSED] - selectOptionByIndex: All options with index in [31] are selected on object 'Object Repository/MOH AND GRN/Page_KDMC - CMS/select_--Select--Adernaline 0.'

2018-05-28 13:22:31 - [MESSAGE][PASSED] - All options with index in [31] are selected on object 'Object Repository/MOH AND GRN/Page_KDMC - CMS/select_--Select--Adernaline 0.'

2018-05-28 13:22:31 - [TEST_STEP][PASSED] - setText: Text '5000' is set on object 'Object Repository/MOH AND GRN/Page_KDMC - CMS/input_txttreat'

2018-05-28 13:22:31 - [MESSAGE][PASSED] - Text '5000' is set on object 'Object Repository/MOH AND GRN/Page_KDMC - CMS/input_txttreat'

2018-05-28 13:22:31 - [TEST_STEP][PASSED] - click: Object: 'Object Repository/MOH AND GRN/Page_KDMC - CMS/button_Add' is clicked on

2018-05-28 13:22:31 - [MESSAGE][PASSED] - Object: 'Object Repository/MOH AND GRN/Page_KDMC - CMS/button_Add' is clicked on

2018-05-28 13:22:31 - [TEST_STEP][PASSED] - selectOptionByIndex: All options with index in [2] are selected on object 'Object Repository/MOH AND GRN/Page_KDMC - CMS/select_--Select--Schedule 1Inj'

2018-05-28 13:22:31 - [MESSAGE][PASSED] - All options with index in [2] are selected on object 'Object Repository/MOH AND GRN/Page_KDMC - CMS/select_--Select--Schedule 1Inj'

2018-05-28 13:22:31 - [TEST_STEP][PASSED] - selectOptionByIndex: All options with index in [32] are selected on object 'Object Repository/MOH AND GRN/Page_KDMC - CMS/select_--Select--Adernaline 0.'

2018-05-28 13:22:31 - [MESSAGE][PASSED] - All options with index in [32] are selected on object 'Object Repository/MOH AND GRN/Page_KDMC - CMS/select_--Select--Adernaline 0.'

2018-05-28 13:22:31 - [TEST_STEP][PASSED] - setText: Text '5000' is set on object 'Object Repository/MOH AND GRN/Page_KDMC - CMS/input_txttreat'

2018-05-28 13:22:31 - [MESSAGE][PASSED] - Text '5000' is set on object 'Object Repository/MOH AND GRN/Page_KDMC - CMS/input_txttreat'

2018-05-28 13:22:31 - [TEST_STEP][PASSED] - click: Object: 'Object Repository/MOH AND GRN/Page_KDMC - CMS/button_Add' is clicked on

2018-05-28 13:22:31 - [MESSAGE][PASSED] - Object: 'Object Repository/MOH AND GRN/Page_KDMC - CMS/button_Add' is clicked on

2018-05-28 13:22:31 - [TEST_STEP][PASSED] - selectOptionByIndex: All options with index in [2] are selected on object 'Object Repository/MOH AND GRN/Page_KDMC - CMS/select_--Select--Schedule 1Inj'

2018-05-28 13:22:32 - [MESSAGE][PASSED] - All options with index in [2] are selected on object 'Object Repository/MOH AND GRN/Page_KDMC - CMS/select_--Select--Schedule 1Inj'

2018-05-28 13:22:32 - [TEST_STEP][FAILED] - selectOptionByIndex: Unable to select option by index '33' of object 'Object Repository/MOH AND GRN/Page_KDMC - CMS/select_--Select--Adernaline 0.' (Root cause: org.openqa.selenium.NoSuchElementException: Cannot locate option with index: 33
For documentation on this error, please visit: http://seleniumhq.org/exceptions/no_such_element.html
Build info: version: '3.7.1', revision: '8a0099a', time: '2017-11-06T21:07:36.161Z'
System info: host: 'DESKTOP-BLFTK83', ip: '169.254.189.85', os.name: 'Windows 10', os.arch: 'amd64', os.version: '10.0', java.version: '1.8.0_102'
Driver info: driver.version: unknown)

2018-05-28 13:22:32 - [MESSAGE][FAILED] - Unable to select option by index '33' of object 'Object Repository/MOH AND GRN/Page_KDMC - CMS/select_--Select--Adernaline 0.' (Root cause: org.openqa.selenium.NoSuchElementException: Cannot locate option with index: 33
For documentation on this error, please visit: http://seleniumhq.org/exceptions/no_such_element.html
Build info: version: '3.7.1', revision: '8a0099a', time: '2017-11-06T21:07:36.161Z'
System info: host: 'DESKTOP-BLFTK83', ip: '169.254.189.85', os.name: 'Windows 10', os.arch: 'amd64', os.version: '10.0', java.version: '1.8.0_102'
Driver info: driver.version: unknown)
[[ATTACHMENT|C:\\Users\\Quality Analyst\\Katalon Studio\\ds\\Reports\\MOH REQUEST AND GRN\\20180524_192643\\1527493952184.png]]]]></system-out>
         <system-err><![CDATA[2018-05-28 13:21:58 - [TEST_CASE][FAILED] - Test Cases/TEST/MOH REQUEST AND GRN/Moh Request GRN  Schedule 2: Test Cases/TEST/MOH REQUEST AND GRN/Moh Request GRN  Schedule 2 FAILED because (of) Unable to select option by index '33' of object 'Object Repository/MOH AND GRN/Page_KDMC - CMS/select_--Select--Adernaline 0.' (Root cause: org.openqa.selenium.NoSuchElementException: Cannot locate option with index: 33
For documentation on this error, please visit: http://seleniumhq.org/exceptions/no_such_element.html
Build info: version: '3.7.1', revision: '8a0099a', time: '2017-11-06T21:07:36.161Z'
System info: host: 'DESKTOP-BLFTK83', ip: '169.254.189.85', os.name: 'Windows 10', os.arch: 'amd64', os.version: '10.0', java.version: '1.8.0_102'
Driver info: driver.version: unknown)]]></system-err>
      </testcase>
      <testcase name="Test Cases/TEST/MOH REQUEST AND GRN/Moh Request GRN  Schedule 3" classname="Test Cases/TEST/MOH REQUEST AND GRN/Moh Request GRN  Schedule 3" status="PASSED">
         <system-out><![CDATA[2018-05-28 13:22:32 - [TEST_CASE][PASSED] - Test Cases/TEST/MOH REQUEST AND GRN/Moh Request GRN  Schedule 3: Test Cases/TEST/MOH REQUEST AND GRN/Moh Request GRN  Schedule 3

2018-05-28 13:22:32 - [TEST_STEP][PASSED] - openBrowser: Browser is opened with url: ''

2018-05-28 13:22:32 - [MESSAGE][WARNING] - A browser is already opened. Closing browser and opening a new one

2018-05-28 13:22:35 - [MESSAGE][PASSED] - Browser is opened with url: ''

2018-05-28 13:22:35 - [TEST_STEP][PASSED] - navigateToUrl: Navigate to 'http://192.168.137.1/multihospital_new/' successfully

2018-05-28 13:22:47 - [MESSAGE][PASSED] - Navigate to 'http://192.168.137.1/multihospital_new/' successfully

2018-05-28 13:22:47 - [TEST_STEP][PASSED] - maximizeWindow: Current window maximized

2018-05-28 13:22:48 - [MESSAGE][PASSED] - Current window maximized

2018-05-28 13:22:48 - [TEST_STEP][PASSED] - click: Object: 'Object Repository/MOH AND GRN/Page_KDMC/a_CMS' is clicked on

2018-05-28 13:22:49 - [MESSAGE][PASSED] - Object: 'Object Repository/MOH AND GRN/Page_KDMC/a_CMS' is clicked on

2018-05-28 13:22:49 - [TEST_STEP][PASSED] - setText: Text 'bala' is set on object 'Object Repository/MOH AND GRN/Page_CMS login/input_txtusername'

2018-05-28 13:22:49 - [MESSAGE][PASSED] - Text 'bala' is set on object 'Object Repository/MOH AND GRN/Page_CMS login/input_txtusername'

2018-05-28 13:22:49 - [TEST_STEP][PASSED] - setText: Text '123' is set on object 'Object Repository/MOH AND GRN/Page_CMS login/input_txtpassword'

2018-05-28 13:22:49 - [MESSAGE][PASSED] - Text '123' is set on object 'Object Repository/MOH AND GRN/Page_CMS login/input_txtpassword'

2018-05-28 13:22:49 - [TEST_STEP][PASSED] - delay: Delayed 3 second(s)

2018-05-28 13:22:52 - [MESSAGE][PASSED] - Delayed 3 second(s)

2018-05-28 13:22:52 - [TEST_STEP][PASSED] - click: Object: 'Object Repository/MOH AND GRN/Page_CMS login/button_Sign in' is clicked on

2018-05-28 13:22:53 - [MESSAGE][PASSED] - Object: 'Object Repository/MOH AND GRN/Page_CMS login/button_Sign in' is clicked on

2018-05-28 13:22:53 - [TEST_STEP][PASSED] - click: Object: 'Object Repository/MOH AND GRN/Page_KDMC - CMS/a_Request to MOH' is clicked on

2018-05-28 13:22:54 - [MESSAGE][PASSED] - Object: 'Object Repository/MOH AND GRN/Page_KDMC - CMS/a_Request to MOH' is clicked on

2018-05-28 13:22:54 - [TEST_STEP][PASSED] - selectOptionByIndex: All options with index in [2] are selected on object 'Object Repository/MOH AND GRN/Page_KDMC - CMS/select_--Select--'

2018-05-28 13:22:54 - [MESSAGE][PASSED] - All options with index in [2] are selected on object 'Object Repository/MOH AND GRN/Page_KDMC - CMS/select_--Select--'

2018-05-28 13:22:54 - [TEST_STEP][PASSED] - selectOptionByIndex: All options with index in [3] are selected on object 'Object Repository/MOH AND GRN/Page_KDMC - CMS/select_--Select--Schedule 1Inj'

2018-05-28 13:22:54 - [MESSAGE][PASSED] - All options with index in [3] are selected on object 'Object Repository/MOH AND GRN/Page_KDMC - CMS/select_--Select--Schedule 1Inj'

2018-05-28 13:22:54 - [TEST_STEP][PASSED] - Statement - selectedoptions = com.kms.katalon.core.webui.keyword.WebUiBuiltInKeywords.getNumberOfTotalOption(com.kms.katalon.core.testobject.ObjectRepository.findTestObject(MOH AND GRN/Page_KDMC - CMS/select_--Select--Adernaline 0.)): 37 options of object 'Object Repository/MOH AND GRN/Page_KDMC - CMS/select_--Select--Adernaline 0.' counted

2018-05-28 13:22:54 - [MESSAGE][PASSED] - 37 options of object 'Object Repository/MOH AND GRN/Page_KDMC - CMS/select_--Select--Adernaline 0.' counted

2018-05-28 13:22:54 - [TEST_STEP][PASSED] - Statement - For ([j = 1, j <= selectedoptions - 1, (j++)]): Object: 'Object Repository/MOH AND GRN/Page_KDMC - CMS/button_Add' is clicked on

2018-05-28 13:22:54 - [TEST_STEP][PASSED] - selectOptionByIndex: All options with index in [3] are selected on object 'Object Repository/MOH AND GRN/Page_KDMC - CMS/select_--Select--Schedule 1Inj'

2018-05-28 13:22:54 - [MESSAGE][PASSED] - All options with index in [3] are selected on object 'Object Repository/MOH AND GRN/Page_KDMC - CMS/select_--Select--Schedule 1Inj'

2018-05-28 13:22:54 - [TEST_STEP][PASSED] - selectOptionByIndex: All options with index in [1] are selected on object 'Object Repository/MOH AND GRN/Page_KDMC - CMS/select_--Select--Adernaline 0.'

2018-05-28 13:22:54 - [MESSAGE][PASSED] - All options with index in [1] are selected on object 'Object Repository/MOH AND GRN/Page_KDMC - CMS/select_--Select--Adernaline 0.'

2018-05-28 13:22:54 - [TEST_STEP][PASSED] - setText: Text '5000' is set on object 'Object Repository/MOH AND GRN/Page_KDMC - CMS/input_txttreat'

2018-05-28 13:22:55 - [MESSAGE][PASSED] - Text '5000' is set on object 'Object Repository/MOH AND GRN/Page_KDMC - CMS/input_txttreat'

2018-05-28 13:22:55 - [TEST_STEP][PASSED] - click: Object: 'Object Repository/MOH AND GRN/Page_KDMC - CMS/button_Add' is clicked on

2018-05-28 13:22:55 - [MESSAGE][PASSED] - Object: 'Object Repository/MOH AND GRN/Page_KDMC - CMS/button_Add' is clicked on

2018-05-28 13:22:55 - [TEST_STEP][PASSED] - selectOptionByIndex: All options with index in [3] are selected on object 'Object Repository/MOH AND GRN/Page_KDMC - CMS/select_--Select--Schedule 1Inj'

2018-05-28 13:22:55 - [MESSAGE][PASSED] - All options with index in [3] are selected on object 'Object Repository/MOH AND GRN/Page_KDMC - CMS/select_--Select--Schedule 1Inj'

2018-05-28 13:22:55 - [TEST_STEP][PASSED] - selectOptionByIndex: All options with index in [2] are selected on object 'Object Repository/MOH AND GRN/Page_KDMC - CMS/select_--Select--Adernaline 0.'

2018-05-28 13:22:55 - [MESSAGE][PASSED] - All options with index in [2] are selected on object 'Object Repository/MOH AND GRN/Page_KDMC - CMS/select_--Select--Adernaline 0.'

2018-05-28 13:22:55 - [TEST_STEP][PASSED] - setText: Text '5000' is set on object 'Object Repository/MOH AND GRN/Page_KDMC - CMS/input_txttreat'

2018-05-28 13:22:55 - [MESSAGE][PASSED] - Text '5000' is set on object 'Object Repository/MOH AND GRN/Page_KDMC - CMS/input_txttreat'

2018-05-28 13:22:55 - [TEST_STEP][PASSED] - click: Object: 'Object Repository/MOH AND GRN/Page_KDMC - CMS/button_Add' is clicked on

2018-05-28 13:22:55 - [MESSAGE][PASSED] - Object: 'Object Repository/MOH AND GRN/Page_KDMC - CMS/button_Add' is clicked on

2018-05-28 13:22:55 - [TEST_STEP][PASSED] - selectOptionByIndex: All options with index in [3] are selected on object 'Object Repository/MOH AND GRN/Page_KDMC - CMS/select_--Select--Schedule 1Inj'

2018-05-28 13:22:55 - [MESSAGE][PASSED] - All options with index in [3] are selected on object 'Object Repository/MOH AND GRN/Page_KDMC - CMS/select_--Select--Schedule 1Inj'

2018-05-28 13:22:55 - [TEST_STEP][PASSED] - selectOptionByIndex: All options with index in [3] are selected on object 'Object Repository/MOH AND GRN/Page_KDMC - CMS/select_--Select--Adernaline 0.'

2018-05-28 13:22:55 - [MESSAGE][PASSED] - All options with index in [3] are selected on object 'Object Repository/MOH AND GRN/Page_KDMC - CMS/select_--Select--Adernaline 0.'

2018-05-28 13:22:55 - [TEST_STEP][PASSED] - setText: Text '5000' is set on object 'Object Repository/MOH AND GRN/Page_KDMC - CMS/input_txttreat'

2018-05-28 13:22:55 - [MESSAGE][PASSED] - Text '5000' is set on object 'Object Repository/MOH AND GRN/Page_KDMC - CMS/input_txttreat'

2018-05-28 13:22:55 - [TEST_STEP][PASSED] - click: Object: 'Object Repository/MOH AND GRN/Page_KDMC - CMS/button_Add' is clicked on

2018-05-28 13:22:55 - [MESSAGE][PASSED] - Object: 'Object Repository/MOH AND GRN/Page_KDMC - CMS/button_Add' is clicked on

2018-05-28 13:22:55 - [TEST_STEP][PASSED] - selectOptionByIndex: All options with index in [3] are selected on object 'Object Repository/MOH AND GRN/Page_KDMC - CMS/select_--Select--Schedule 1Inj'

2018-05-28 13:22:56 - [MESSAGE][PASSED] - All options with index in [3] are selected on object 'Object Repository/MOH AND GRN/Page_KDMC - CMS/select_--Select--Schedule 1Inj'

2018-05-28 13:22:56 - [TEST_STEP][PASSED] - selectOptionByIndex: All options with index in [4] are selected on object 'Object Repository/MOH AND GRN/Page_KDMC - CMS/select_--Select--Adernaline 0.'

2018-05-28 13:22:56 - [MESSAGE][PASSED] - All options with index in [4] are selected on object 'Object Repository/MOH AND GRN/Page_KDMC - CMS/select_--Select--Adernaline 0.'

2018-05-28 13:22:56 - [TEST_STEP][PASSED] - setText: Text '5000' is set on object 'Object Repository/MOH AND GRN/Page_KDMC - CMS/input_txttreat'

2018-05-28 13:22:56 - [MESSAGE][PASSED] - Text '5000' is set on object 'Object Repository/MOH AND GRN/Page_KDMC - CMS/input_txttreat'

2018-05-28 13:22:56 - [TEST_STEP][PASSED] - click: Object: 'Object Repository/MOH AND GRN/Page_KDMC - CMS/button_Add' is clicked on

2018-05-28 13:22:56 - [MESSAGE][PASSED] - Object: 'Object Repository/MOH AND GRN/Page_KDMC - CMS/button_Add' is clicked on

2018-05-28 13:22:56 - [TEST_STEP][PASSED] - selectOptionByIndex: All options with index in [3] are selected on object 'Object Repository/MOH AND GRN/Page_KDMC - CMS/select_--Select--Schedule 1Inj'

2018-05-28 13:22:56 - [MESSAGE][PASSED] - All options with index in [3] are selected on object 'Object Repository/MOH AND GRN/Page_KDMC - CMS/select_--Select--Schedule 1Inj'

2018-05-28 13:22:56 - [TEST_STEP][PASSED] - selectOptionByIndex: All options with index in [5] are selected on object 'Object Repository/MOH AND GRN/Page_KDMC - CMS/select_--Select--Adernaline 0.'

2018-05-28 13:22:56 - [MESSAGE][PASSED] - All options with index in [5] are selected on object 'Object Repository/MOH AND GRN/Page_KDMC - CMS/select_--Select--Adernaline 0.'

2018-05-28 13:22:56 - [TEST_STEP][PASSED] - setText: Text '5000' is set on object 'Object Repository/MOH AND GRN/Page_KDMC - CMS/input_txttreat'

2018-05-28 13:22:56 - [MESSAGE][PASSED] - Text '5000' is set on object 'Object Repository/MOH AND GRN/Page_KDMC - CMS/input_txttreat'

2018-05-28 13:22:56 - [TEST_STEP][PASSED] - click: Object: 'Object Repository/MOH AND GRN/Page_KDMC - CMS/button_Add' is clicked on

2018-05-28 13:22:56 - [MESSAGE][PASSED] - Object: 'Object Repository/MOH AND GRN/Page_KDMC - CMS/button_Add' is clicked on

2018-05-28 13:22:56 - [TEST_STEP][PASSED] - selectOptionByIndex: All options with index in [3] are selected on object 'Object Repository/MOH AND GRN/Page_KDMC - CMS/select_--Select--Schedule 1Inj'

2018-05-28 13:22:57 - [MESSAGE][PASSED] - All options with index in [3] are selected on object 'Object Repository/MOH AND GRN/Page_KDMC - CMS/select_--Select--Schedule 1Inj'

2018-05-28 13:22:57 - [TEST_STEP][PASSED] - selectOptionByIndex: All options with index in [6] are selected on object 'Object Repository/MOH AND GRN/Page_KDMC - CMS/select_--Select--Adernaline 0.'

2018-05-28 13:22:57 - [MESSAGE][PASSED] - All options with index in [6] are selected on object 'Object Repository/MOH AND GRN/Page_KDMC - CMS/select_--Select--Adernaline 0.'

2018-05-28 13:22:57 - [TEST_STEP][PASSED] - setText: Text '5000' is set on object 'Object Repository/MOH AND GRN/Page_KDMC - CMS/input_txttreat'

2018-05-28 13:22:57 - [MESSAGE][PASSED] - Text '5000' is set on object 'Object Repository/MOH AND GRN/Page_KDMC - CMS/input_txttreat'

2018-05-28 13:22:57 - [TEST_STEP][PASSED] - click: Object: 'Object Repository/MOH AND GRN/Page_KDMC - CMS/button_Add' is clicked on

2018-05-28 13:22:57 - [MESSAGE][PASSED] - Object: 'Object Repository/MOH AND GRN/Page_KDMC - CMS/button_Add' is clicked on

2018-05-28 13:22:57 - [TEST_STEP][PASSED] - selectOptionByIndex: All options with index in [3] are selected on object 'Object Repository/MOH AND GRN/Page_KDMC - CMS/select_--Select--Schedule 1Inj'

2018-05-28 13:22:57 - [MESSAGE][PASSED] - All options with index in [3] are selected on object 'Object Repository/MOH AND GRN/Page_KDMC - CMS/select_--Select--Schedule 1Inj'

2018-05-28 13:22:57 - [TEST_STEP][PASSED] - selectOptionByIndex: All options with index in [7] are selected on object 'Object Repository/MOH AND GRN/Page_KDMC - CMS/select_--Select--Adernaline 0.'

2018-05-28 13:22:57 - [MESSAGE][PASSED] - All options with index in [7] are selected on object 'Object Repository/MOH AND GRN/Page_KDMC - CMS/select_--Select--Adernaline 0.'

2018-05-28 13:22:57 - [TEST_STEP][PASSED] - setText: Text '5000' is set on object 'Object Repository/MOH AND GRN/Page_KDMC - CMS/input_txttreat'

2018-05-28 13:22:57 - [MESSAGE][PASSED] - Text '5000' is set on object 'Object Repository/MOH AND GRN/Page_KDMC - CMS/input_txttreat'

2018-05-28 13:22:57 - [TEST_STEP][PASSED] - click: Object: 'Object Repository/MOH AND GRN/Page_KDMC - CMS/button_Add' is clicked on

2018-05-28 13:22:57 - [MESSAGE][PASSED] - Object: 'Object Repository/MOH AND GRN/Page_KDMC - CMS/button_Add' is clicked on

2018-05-28 13:22:57 - [TEST_STEP][PASSED] - selectOptionByIndex: All options with index in [3] are selected on object 'Object Repository/MOH AND GRN/Page_KDMC - CMS/select_--Select--Schedule 1Inj'

2018-05-28 13:22:57 - [MESSAGE][PASSED] - All options with index in [3] are selected on object 'Object Repository/MOH AND GRN/Page_KDMC - CMS/select_--Select--Schedule 1Inj'

2018-05-28 13:22:57 - [TEST_STEP][PASSED] - selectOptionByIndex: All options with index in [8] are selected on object 'Object Repository/MOH AND GRN/Page_KDMC - CMS/select_--Select--Adernaline 0.'

2018-05-28 13:22:58 - [MESSAGE][PASSED] - All options with index in [8] are selected on object 'Object Repository/MOH AND GRN/Page_KDMC - CMS/select_--Select--Adernaline 0.'

2018-05-28 13:22:58 - [TEST_STEP][PASSED] - setText: Text '5000' is set on object 'Object Repository/MOH AND GRN/Page_KDMC - CMS/input_txttreat'

2018-05-28 13:22:58 - [MESSAGE][PASSED] - Text '5000' is set on object 'Object Repository/MOH AND GRN/Page_KDMC - CMS/input_txttreat'

2018-05-28 13:22:58 - [TEST_STEP][PASSED] - click: Object: 'Object Repository/MOH AND GRN/Page_KDMC - CMS/button_Add' is clicked on

2018-05-28 13:22:58 - [MESSAGE][PASSED] - Object: 'Object Repository/MOH AND GRN/Page_KDMC - CMS/button_Add' is clicked on

2018-05-28 13:22:58 - [TEST_STEP][PASSED] - selectOptionByIndex: All options with index in [3] are selected on object 'Object Repository/MOH AND GRN/Page_KDMC - CMS/select_--Select--Schedule 1Inj'

2018-05-28 13:22:58 - [MESSAGE][PASSED] - All options with index in [3] are selected on object 'Object Repository/MOH AND GRN/Page_KDMC - CMS/select_--Select--Schedule 1Inj'

2018-05-28 13:22:58 - [TEST_STEP][PASSED] - selectOptionByIndex: All options with index in [9] are selected on object 'Object Repository/MOH AND GRN/Page_KDMC - CMS/select_--Select--Adernaline 0.'

2018-05-28 13:22:58 - [MESSAGE][PASSED] - All options with index in [9] are selected on object 'Object Repository/MOH AND GRN/Page_KDMC - CMS/select_--Select--Adernaline 0.'

2018-05-28 13:22:58 - [TEST_STEP][PASSED] - setText: Text '5000' is set on object 'Object Repository/MOH AND GRN/Page_KDMC - CMS/input_txttreat'

2018-05-28 13:22:58 - [MESSAGE][PASSED] - Text '5000' is set on object 'Object Repository/MOH AND GRN/Page_KDMC - CMS/input_txttreat'

2018-05-28 13:22:58 - [TEST_STEP][PASSED] - click: Object: 'Object Repository/MOH AND GRN/Page_KDMC - CMS/button_Add' is clicked on

2018-05-28 13:22:58 - [MESSAGE][PASSED] - Object: 'Object Repository/MOH AND GRN/Page_KDMC - CMS/button_Add' is clicked on

2018-05-28 13:22:58 - [TEST_STEP][PASSED] - selectOptionByIndex: All options with index in [3] are selected on object 'Object Repository/MOH AND GRN/Page_KDMC - CMS/select_--Select--Schedule 1Inj'

2018-05-28 13:22:58 - [MESSAGE][PASSED] - All options with index in [3] are selected on object 'Object Repository/MOH AND GRN/Page_KDMC - CMS/select_--Select--Schedule 1Inj'

2018-05-28 13:22:58 - [TEST_STEP][PASSED] - selectOptionByIndex: All options with index in [10] are selected on object 'Object Repository/MOH AND GRN/Page_KDMC - CMS/select_--Select--Adernaline 0.'

2018-05-28 13:22:59 - [MESSAGE][PASSED] - All options with index in [10] are selected on object 'Object Repository/MOH AND GRN/Page_KDMC - CMS/select_--Select--Adernaline 0.'

2018-05-28 13:22:59 - [TEST_STEP][PASSED] - setText: Text '5000' is set on object 'Object Repository/MOH AND GRN/Page_KDMC - CMS/input_txttreat'

2018-05-28 13:22:59 - [MESSAGE][PASSED] - Text '5000' is set on object 'Object Repository/MOH AND GRN/Page_KDMC - CMS/input_txttreat'

2018-05-28 13:22:59 - [TEST_STEP][PASSED] - click: Object: 'Object Repository/MOH AND GRN/Page_KDMC - CMS/button_Add' is clicked on

2018-05-28 13:22:59 - [MESSAGE][PASSED] - Object: 'Object Repository/MOH AND GRN/Page_KDMC - CMS/button_Add' is clicked on

2018-05-28 13:22:59 - [TEST_STEP][PASSED] - selectOptionByIndex: All options with index in [3] are selected on object 'Object Repository/MOH AND GRN/Page_KDMC - CMS/select_--Select--Schedule 1Inj'

2018-05-28 13:22:59 - [MESSAGE][PASSED] - All options with index in [3] are selected on object 'Object Repository/MOH AND GRN/Page_KDMC - CMS/select_--Select--Schedule 1Inj'

2018-05-28 13:22:59 - [TEST_STEP][PASSED] - selectOptionByIndex: All options with index in [11] are selected on object 'Object Repository/MOH AND GRN/Page_KDMC - CMS/select_--Select--Adernaline 0.'

2018-05-28 13:22:59 - [MESSAGE][PASSED] - All options with index in [11] are selected on object 'Object Repository/MOH AND GRN/Page_KDMC - CMS/select_--Select--Adernaline 0.'

2018-05-28 13:22:59 - [TEST_STEP][PASSED] - setText: Text '5000' is set on object 'Object Repository/MOH AND GRN/Page_KDMC - CMS/input_txttreat'

2018-05-28 13:22:59 - [MESSAGE][PASSED] - Text '5000' is set on object 'Object Repository/MOH AND GRN/Page_KDMC - CMS/input_txttreat'

2018-05-28 13:22:59 - [TEST_STEP][PASSED] - click: Object: 'Object Repository/MOH AND GRN/Page_KDMC - CMS/button_Add' is clicked on

2018-05-28 13:22:59 - [MESSAGE][PASSED] - Object: 'Object Repository/MOH AND GRN/Page_KDMC - CMS/button_Add' is clicked on

2018-05-28 13:22:59 - [TEST_STEP][PASSED] - selectOptionByIndex: All options with index in [3] are selected on object 'Object Repository/MOH AND GRN/Page_KDMC - CMS/select_--Select--Schedule 1Inj'

2018-05-28 13:22:59 - [MESSAGE][PASSED] - All options with index in [3] are selected on object 'Object Repository/MOH AND GRN/Page_KDMC - CMS/select_--Select--Schedule 1Inj'

2018-05-28 13:22:59 - [TEST_STEP][PASSED] - selectOptionByIndex: All options with index in [12] are selected on object 'Object Repository/MOH AND GRN/Page_KDMC - CMS/select_--Select--Adernaline 0.'

2018-05-28 13:23:00 - [MESSAGE][PASSED] - All options with index in [12] are selected on object 'Object Repository/MOH AND GRN/Page_KDMC - CMS/select_--Select--Adernaline 0.'

2018-05-28 13:23:00 - [TEST_STEP][PASSED] - setText: Text '5000' is set on object 'Object Repository/MOH AND GRN/Page_KDMC - CMS/input_txttreat'

2018-05-28 13:23:00 - [MESSAGE][PASSED] - Text '5000' is set on object 'Object Repository/MOH AND GRN/Page_KDMC - CMS/input_txttreat'

2018-05-28 13:23:00 - [TEST_STEP][PASSED] - click: Object: 'Object Repository/MOH AND GRN/Page_KDMC - CMS/button_Add' is clicked on

2018-05-28 13:23:00 - [MESSAGE][PASSED] - Object: 'Object Repository/MOH AND GRN/Page_KDMC - CMS/button_Add' is clicked on

2018-05-28 13:23:00 - [TEST_STEP][PASSED] - selectOptionByIndex: All options with index in [3] are selected on object 'Object Repository/MOH AND GRN/Page_KDMC - CMS/select_--Select--Schedule 1Inj'

2018-05-28 13:23:00 - [MESSAGE][PASSED] - All options with index in [3] are selected on object 'Object Repository/MOH AND GRN/Page_KDMC - CMS/select_--Select--Schedule 1Inj'

2018-05-28 13:23:00 - [TEST_STEP][PASSED] - selectOptionByIndex: All options with index in [13] are selected on object 'Object Repository/MOH AND GRN/Page_KDMC - CMS/select_--Select--Adernaline 0.'

2018-05-28 13:23:00 - [MESSAGE][PASSED] - All options with index in [13] are selected on object 'Object Repository/MOH AND GRN/Page_KDMC - CMS/select_--Select--Adernaline 0.'

2018-05-28 13:23:00 - [TEST_STEP][PASSED] - setText: Text '5000' is set on object 'Object Repository/MOH AND GRN/Page_KDMC - CMS/input_txttreat'

2018-05-28 13:23:00 - [MESSAGE][PASSED] - Text '5000' is set on object 'Object Repository/MOH AND GRN/Page_KDMC - CMS/input_txttreat'

2018-05-28 13:23:00 - [TEST_STEP][PASSED] - click: Object: 'Object Repository/MOH AND GRN/Page_KDMC - CMS/button_Add' is clicked on

2018-05-28 13:23:00 - [MESSAGE][PASSED] - Object: 'Object Repository/MOH AND GRN/Page_KDMC - CMS/button_Add' is clicked on

2018-05-28 13:23:00 - [TEST_STEP][PASSED] - selectOptionByIndex: All options with index in [3] are selected on object 'Object Repository/MOH AND GRN/Page_KDMC - CMS/select_--Select--Schedule 1Inj'

2018-05-28 13:23:01 - [MESSAGE][PASSED] - All options with index in [3] are selected on object 'Object Repository/MOH AND GRN/Page_KDMC - CMS/select_--Select--Schedule 1Inj'

2018-05-28 13:23:01 - [TEST_STEP][PASSED] - selectOptionByIndex: All options with index in [14] are selected on object 'Object Repository/MOH AND GRN/Page_KDMC - CMS/select_--Select--Adernaline 0.'

2018-05-28 13:23:01 - [MESSAGE][PASSED] - All options with index in [14] are selected on object 'Object Repository/MOH AND GRN/Page_KDMC - CMS/select_--Select--Adernaline 0.'

2018-05-28 13:23:01 - [TEST_STEP][PASSED] - setText: Text '5000' is set on object 'Object Repository/MOH AND GRN/Page_KDMC - CMS/input_txttreat'

2018-05-28 13:23:01 - [MESSAGE][PASSED] - Text '5000' is set on object 'Object Repository/MOH AND GRN/Page_KDMC - CMS/input_txttreat'

2018-05-28 13:23:01 - [TEST_STEP][PASSED] - click: Object: 'Object Repository/MOH AND GRN/Page_KDMC - CMS/button_Add' is clicked on

2018-05-28 13:23:01 - [MESSAGE][PASSED] - Object: 'Object Repository/MOH AND GRN/Page_KDMC - CMS/button_Add' is clicked on

2018-05-28 13:23:01 - [TEST_STEP][PASSED] - selectOptionByIndex: All options with index in [3] are selected on object 'Object Repository/MOH AND GRN/Page_KDMC - CMS/select_--Select--Schedule 1Inj'

2018-05-28 13:23:01 - [MESSAGE][PASSED] - All options with index in [3] are selected on object 'Object Repository/MOH AND GRN/Page_KDMC - CMS/select_--Select--Schedule 1Inj'

2018-05-28 13:23:01 - [TEST_STEP][PASSED] - selectOptionByIndex: All options with index in [15] are selected on object 'Object Repository/MOH AND GRN/Page_KDMC - CMS/select_--Select--Adernaline 0.'

2018-05-28 13:23:01 - [MESSAGE][PASSED] - All options with index in [15] are selected on object 'Object Repository/MOH AND GRN/Page_KDMC - CMS/select_--Select--Adernaline 0.'

2018-05-28 13:23:01 - [TEST_STEP][PASSED] - setText: Text '5000' is set on object 'Object Repository/MOH AND GRN/Page_KDMC - CMS/input_txttreat'

2018-05-28 13:23:01 - [MESSAGE][PASSED] - Text '5000' is set on object 'Object Repository/MOH AND GRN/Page_KDMC - CMS/input_txttreat'

2018-05-28 13:23:01 - [TEST_STEP][PASSED] - click: Object: 'Object Repository/MOH AND GRN/Page_KDMC - CMS/button_Add' is clicked on

2018-05-28 13:23:01 - [MESSAGE][PASSED] - Object: 'Object Repository/MOH AND GRN/Page_KDMC - CMS/button_Add' is clicked on

2018-05-28 13:23:01 - [TEST_STEP][PASSED] - selectOptionByIndex: All options with index in [3] are selected on object 'Object Repository/MOH AND GRN/Page_KDMC - CMS/select_--Select--Schedule 1Inj'

2018-05-28 13:23:02 - [MESSAGE][PASSED] - All options with index in [3] are selected on object 'Object Repository/MOH AND GRN/Page_KDMC - CMS/select_--Select--Schedule 1Inj'

2018-05-28 13:23:02 - [TEST_STEP][PASSED] - selectOptionByIndex: All options with index in [16] are selected on object 'Object Repository/MOH AND GRN/Page_KDMC - CMS/select_--Select--Adernaline 0.'

2018-05-28 13:23:02 - [MESSAGE][PASSED] - All options with index in [16] are selected on object 'Object Repository/MOH AND GRN/Page_KDMC - CMS/select_--Select--Adernaline 0.'

2018-05-28 13:23:02 - [TEST_STEP][PASSED] - setText: Text '5000' is set on object 'Object Repository/MOH AND GRN/Page_KDMC - CMS/input_txttreat'

2018-05-28 13:23:02 - [MESSAGE][PASSED] - Text '5000' is set on object 'Object Repository/MOH AND GRN/Page_KDMC - CMS/input_txttreat'

2018-05-28 13:23:02 - [TEST_STEP][PASSED] - click: Object: 'Object Repository/MOH AND GRN/Page_KDMC - CMS/button_Add' is clicked on

2018-05-28 13:23:02 - [MESSAGE][PASSED] - Object: 'Object Repository/MOH AND GRN/Page_KDMC - CMS/button_Add' is clicked on

2018-05-28 13:23:02 - [TEST_STEP][PASSED] - selectOptionByIndex: All options with index in [3] are selected on object 'Object Repository/MOH AND GRN/Page_KDMC - CMS/select_--Select--Schedule 1Inj'

2018-05-28 13:23:02 - [MESSAGE][PASSED] - All options with index in [3] are selected on object 'Object Repository/MOH AND GRN/Page_KDMC - CMS/select_--Select--Schedule 1Inj'

2018-05-28 13:23:02 - [TEST_STEP][PASSED] - selectOptionByIndex: All options with index in [17] are selected on object 'Object Repository/MOH AND GRN/Page_KDMC - CMS/select_--Select--Adernaline 0.'

2018-05-28 13:23:02 - [MESSAGE][PASSED] - All options with index in [17] are selected on object 'Object Repository/MOH AND GRN/Page_KDMC - CMS/select_--Select--Adernaline 0.'

2018-05-28 13:23:02 - [TEST_STEP][PASSED] - setText: Text '5000' is set on object 'Object Repository/MOH AND GRN/Page_KDMC - CMS/input_txttreat'

2018-05-28 13:23:03 - [MESSAGE][PASSED] - Text '5000' is set on object 'Object Repository/MOH AND GRN/Page_KDMC - CMS/input_txttreat'

2018-05-28 13:23:03 - [TEST_STEP][PASSED] - click: Object: 'Object Repository/MOH AND GRN/Page_KDMC - CMS/button_Add' is clicked on

2018-05-28 13:23:03 - [MESSAGE][PASSED] - Object: 'Object Repository/MOH AND GRN/Page_KDMC - CMS/button_Add' is clicked on

2018-05-28 13:23:03 - [TEST_STEP][PASSED] - selectOptionByIndex: All options with index in [3] are selected on object 'Object Repository/MOH AND GRN/Page_KDMC - CMS/select_--Select--Schedule 1Inj'

2018-05-28 13:23:03 - [MESSAGE][PASSED] - All options with index in [3] are selected on object 'Object Repository/MOH AND GRN/Page_KDMC - CMS/select_--Select--Schedule 1Inj'

2018-05-28 13:23:03 - [TEST_STEP][PASSED] - selectOptionByIndex: All options with index in [18] are selected on object 'Object Repository/MOH AND GRN/Page_KDMC - CMS/select_--Select--Adernaline 0.'

2018-05-28 13:23:03 - [MESSAGE][PASSED] - All options with index in [18] are selected on object 'Object Repository/MOH AND GRN/Page_KDMC - CMS/select_--Select--Adernaline 0.'

2018-05-28 13:23:03 - [TEST_STEP][PASSED] - setText: Text '5000' is set on object 'Object Repository/MOH AND GRN/Page_KDMC - CMS/input_txttreat'

2018-05-28 13:23:03 - [MESSAGE][PASSED] - Text '5000' is set on object 'Object Repository/MOH AND GRN/Page_KDMC - CMS/input_txttreat'

2018-05-28 13:23:03 - [TEST_STEP][PASSED] - click: Object: 'Object Repository/MOH AND GRN/Page_KDMC - CMS/button_Add' is clicked on

2018-05-28 13:23:03 - [MESSAGE][PASSED] - Object: 'Object Repository/MOH AND GRN/Page_KDMC - CMS/button_Add' is clicked on

2018-05-28 13:23:03 - [TEST_STEP][PASSED] - selectOptionByIndex: All options with index in [3] are selected on object 'Object Repository/MOH AND GRN/Page_KDMC - CMS/select_--Select--Schedule 1Inj'

2018-05-28 13:23:03 - [MESSAGE][PASSED] - All options with index in [3] are selected on object 'Object Repository/MOH AND GRN/Page_KDMC - CMS/select_--Select--Schedule 1Inj'

2018-05-28 13:23:03 - [TEST_STEP][PASSED] - selectOptionByIndex: All options with index in [19] are selected on object 'Object Repository/MOH AND GRN/Page_KDMC - CMS/select_--Select--Adernaline 0.'

2018-05-28 13:23:04 - [MESSAGE][PASSED] - All options with index in [19] are selected on object 'Object Repository/MOH AND GRN/Page_KDMC - CMS/select_--Select--Adernaline 0.'

2018-05-28 13:23:04 - [TEST_STEP][PASSED] - setText: Text '5000' is set on object 'Object Repository/MOH AND GRN/Page_KDMC - CMS/input_txttreat'

2018-05-28 13:23:04 - [MESSAGE][PASSED] - Text '5000' is set on object 'Object Repository/MOH AND GRN/Page_KDMC - CMS/input_txttreat'

2018-05-28 13:23:04 - [TEST_STEP][PASSED] - click: Object: 'Object Repository/MOH AND GRN/Page_KDMC - CMS/button_Add' is clicked on

2018-05-28 13:23:04 - [MESSAGE][PASSED] - Object: 'Object Repository/MOH AND GRN/Page_KDMC - CMS/button_Add' is clicked on

2018-05-28 13:23:04 - [TEST_STEP][PASSED] - selectOptionByIndex: All options with index in [3] are selected on object 'Object Repository/MOH AND GRN/Page_KDMC - CMS/select_--Select--Schedule 1Inj'

2018-05-28 13:23:04 - [MESSAGE][PASSED] - All options with index in [3] are selected on object 'Object Repository/MOH AND GRN/Page_KDMC - CMS/select_--Select--Schedule 1Inj'

2018-05-28 13:23:04 - [TEST_STEP][PASSED] - selectOptionByIndex: All options with index in [20] are selected on object 'Object Repository/MOH AND GRN/Page_KDMC - CMS/select_--Select--Adernaline 0.'

2018-05-28 13:23:04 - [MESSAGE][PASSED] - All options with index in [20] are selected on object 'Object Repository/MOH AND GRN/Page_KDMC - CMS/select_--Select--Adernaline 0.'

2018-05-28 13:23:04 - [TEST_STEP][PASSED] - setText: Text '5000' is set on object 'Object Repository/MOH AND GRN/Page_KDMC - CMS/input_txttreat'

2018-05-28 13:23:04 - [MESSAGE][PASSED] - Text '5000' is set on object 'Object Repository/MOH AND GRN/Page_KDMC - CMS/input_txttreat'

2018-05-28 13:23:04 - [TEST_STEP][PASSED] - click: Object: 'Object Repository/MOH AND GRN/Page_KDMC - CMS/button_Add' is clicked on

2018-05-28 13:23:04 - [MESSAGE][PASSED] - Object: 'Object Repository/MOH AND GRN/Page_KDMC - CMS/button_Add' is clicked on

2018-05-28 13:23:04 - [TEST_STEP][PASSED] - selectOptionByIndex: All options with index in [3] are selected on object 'Object Repository/MOH AND GRN/Page_KDMC - CMS/select_--Select--Schedule 1Inj'

2018-05-28 13:23:05 - [MESSAGE][PASSED] - All options with index in [3] are selected on object 'Object Repository/MOH AND GRN/Page_KDMC - CMS/select_--Select--Schedule 1Inj'

2018-05-28 13:23:05 - [TEST_STEP][PASSED] - selectOptionByIndex: All options with index in [21] are selected on object 'Object Repository/MOH AND GRN/Page_KDMC - CMS/select_--Select--Adernaline 0.'

2018-05-28 13:23:05 - [MESSAGE][PASSED] - All options with index in [21] are selected on object 'Object Repository/MOH AND GRN/Page_KDMC - CMS/select_--Select--Adernaline 0.'

2018-05-28 13:23:05 - [TEST_STEP][PASSED] - setText: Text '5000' is set on object 'Object Repository/MOH AND GRN/Page_KDMC - CMS/input_txttreat'

2018-05-28 13:23:05 - [MESSAGE][PASSED] - Text '5000' is set on object 'Object Repository/MOH AND GRN/Page_KDMC - CMS/input_txttreat'

2018-05-28 13:23:05 - [TEST_STEP][PASSED] - click: Object: 'Object Repository/MOH AND GRN/Page_KDMC - CMS/button_Add' is clicked on

2018-05-28 13:23:05 - [MESSAGE][PASSED] - Object: 'Object Repository/MOH AND GRN/Page_KDMC - CMS/button_Add' is clicked on

2018-05-28 13:23:05 - [TEST_STEP][PASSED] - selectOptionByIndex: All options with index in [3] are selected on object 'Object Repository/MOH AND GRN/Page_KDMC - CMS/select_--Select--Schedule 1Inj'

2018-05-28 13:23:05 - [MESSAGE][PASSED] - All options with index in [3] are selected on object 'Object Repository/MOH AND GRN/Page_KDMC - CMS/select_--Select--Schedule 1Inj'

2018-05-28 13:23:05 - [TEST_STEP][PASSED] - selectOptionByIndex: All options with index in [22] are selected on object 'Object Repository/MOH AND GRN/Page_KDMC - CMS/select_--Select--Adernaline 0.'

2018-05-28 13:23:05 - [MESSAGE][PASSED] - All options with index in [22] are selected on object 'Object Repository/MOH AND GRN/Page_KDMC - CMS/select_--Select--Adernaline 0.'

2018-05-28 13:23:05 - [TEST_STEP][PASSED] - setText: Text '5000' is set on object 'Object Repository/MOH AND GRN/Page_KDMC - CMS/input_txttreat'

2018-05-28 13:23:06 - [MESSAGE][PASSED] - Text '5000' is set on object 'Object Repository/MOH AND GRN/Page_KDMC - CMS/input_txttreat'

2018-05-28 13:23:06 - [TEST_STEP][PASSED] - click: Object: 'Object Repository/MOH AND GRN/Page_KDMC - CMS/button_Add' is clicked on

2018-05-28 13:23:06 - [MESSAGE][PASSED] - Object: 'Object Repository/MOH AND GRN/Page_KDMC - CMS/button_Add' is clicked on

2018-05-28 13:23:06 - [TEST_STEP][PASSED] - selectOptionByIndex: All options with index in [3] are selected on object 'Object Repository/MOH AND GRN/Page_KDMC - CMS/select_--Select--Schedule 1Inj'

2018-05-28 13:23:06 - [MESSAGE][PASSED] - All options with index in [3] are selected on object 'Object Repository/MOH AND GRN/Page_KDMC - CMS/select_--Select--Schedule 1Inj'

2018-05-28 13:23:06 - [TEST_STEP][PASSED] - selectOptionByIndex: All options with index in [23] are selected on object 'Object Repository/MOH AND GRN/Page_KDMC - CMS/select_--Select--Adernaline 0.'

2018-05-28 13:23:06 - [MESSAGE][PASSED] - All options with index in [23] are selected on object 'Object Repository/MOH AND GRN/Page_KDMC - CMS/select_--Select--Adernaline 0.'

2018-05-28 13:23:06 - [TEST_STEP][PASSED] - setText: Text '5000' is set on object 'Object Repository/MOH AND GRN/Page_KDMC - CMS/input_txttreat'

2018-05-28 13:23:06 - [MESSAGE][PASSED] - Text '5000' is set on object 'Object Repository/MOH AND GRN/Page_KDMC - CMS/input_txttreat'

2018-05-28 13:23:06 - [TEST_STEP][PASSED] - click: Object: 'Object Repository/MOH AND GRN/Page_KDMC - CMS/button_Add' is clicked on

2018-05-28 13:23:06 - [MESSAGE][PASSED] - Object: 'Object Repository/MOH AND GRN/Page_KDMC - CMS/button_Add' is clicked on

2018-05-28 13:23:06 - [TEST_STEP][PASSED] - selectOptionByIndex: All options with index in [3] are selected on object 'Object Repository/MOH AND GRN/Page_KDMC - CMS/select_--Select--Schedule 1Inj'

2018-05-28 13:23:06 - [MESSAGE][PASSED] - All options with index in [3] are selected on object 'Object Repository/MOH AND GRN/Page_KDMC - CMS/select_--Select--Schedule 1Inj'

2018-05-28 13:23:06 - [TEST_STEP][PASSED] - selectOptionByIndex: All options with index in [24] are selected on object 'Object Repository/MOH AND GRN/Page_KDMC - CMS/select_--Select--Adernaline 0.'

2018-05-28 13:23:07 - [MESSAGE][PASSED] - All options with index in [24] are selected on object 'Object Repository/MOH AND GRN/Page_KDMC - CMS/select_--Select--Adernaline 0.'

2018-05-28 13:23:07 - [TEST_STEP][PASSED] - setText: Text '5000' is set on object 'Object Repository/MOH AND GRN/Page_KDMC - CMS/input_txttreat'

2018-05-28 13:23:07 - [MESSAGE][PASSED] - Text '5000' is set on object 'Object Repository/MOH AND GRN/Page_KDMC - CMS/input_txttreat'

2018-05-28 13:23:07 - [TEST_STEP][PASSED] - click: Object: 'Object Repository/MOH AND GRN/Page_KDMC - CMS/button_Add' is clicked on

2018-05-28 13:23:07 - [MESSAGE][PASSED] - Object: 'Object Repository/MOH AND GRN/Page_KDMC - CMS/button_Add' is clicked on

2018-05-28 13:23:07 - [TEST_STEP][PASSED] - selectOptionByIndex: All options with index in [3] are selected on object 'Object Repository/MOH AND GRN/Page_KDMC - CMS/select_--Select--Schedule 1Inj'

2018-05-28 13:23:07 - [MESSAGE][PASSED] - All options with index in [3] are selected on object 'Object Repository/MOH AND GRN/Page_KDMC - CMS/select_--Select--Schedule 1Inj'

2018-05-28 13:23:07 - [TEST_STEP][PASSED] - selectOptionByIndex: All options with index in [25] are selected on object 'Object Repository/MOH AND GRN/Page_KDMC - CMS/select_--Select--Adernaline 0.'

2018-05-28 13:23:07 - [MESSAGE][PASSED] - All options with index in [25] are selected on object 'Object Repository/MOH AND GRN/Page_KDMC - CMS/select_--Select--Adernaline 0.'

2018-05-28 13:23:07 - [TEST_STEP][PASSED] - setText: Text '5000' is set on object 'Object Repository/MOH AND GRN/Page_KDMC - CMS/input_txttreat'

2018-05-28 13:23:07 - [MESSAGE][PASSED] - Text '5000' is set on object 'Object Repository/MOH AND GRN/Page_KDMC - CMS/input_txttreat'

2018-05-28 13:23:07 - [TEST_STEP][PASSED] - click: Object: 'Object Repository/MOH AND GRN/Page_KDMC - CMS/button_Add' is clicked on

2018-05-28 13:23:07 - [MESSAGE][PASSED] - Object: 'Object Repository/MOH AND GRN/Page_KDMC - CMS/button_Add' is clicked on

2018-05-28 13:23:07 - [TEST_STEP][PASSED] - selectOptionByIndex: All options with index in [3] are selected on object 'Object Repository/MOH AND GRN/Page_KDMC - CMS/select_--Select--Schedule 1Inj'

2018-05-28 13:23:08 - [MESSAGE][PASSED] - All options with index in [3] are selected on object 'Object Repository/MOH AND GRN/Page_KDMC - CMS/select_--Select--Schedule 1Inj'

2018-05-28 13:23:08 - [TEST_STEP][PASSED] - selectOptionByIndex: All options with index in [26] are selected on object 'Object Repository/MOH AND GRN/Page_KDMC - CMS/select_--Select--Adernaline 0.'

2018-05-28 13:23:08 - [MESSAGE][PASSED] - All options with index in [26] are selected on object 'Object Repository/MOH AND GRN/Page_KDMC - CMS/select_--Select--Adernaline 0.'

2018-05-28 13:23:08 - [TEST_STEP][PASSED] - setText: Text '5000' is set on object 'Object Repository/MOH AND GRN/Page_KDMC - CMS/input_txttreat'

2018-05-28 13:23:08 - [MESSAGE][PASSED] - Text '5000' is set on object 'Object Repository/MOH AND GRN/Page_KDMC - CMS/input_txttreat'

2018-05-28 13:23:08 - [TEST_STEP][PASSED] - click: Object: 'Object Repository/MOH AND GRN/Page_KDMC - CMS/button_Add' is clicked on

2018-05-28 13:23:08 - [MESSAGE][PASSED] - Object: 'Object Repository/MOH AND GRN/Page_KDMC - CMS/button_Add' is clicked on

2018-05-28 13:23:08 - [TEST_STEP][PASSED] - selectOptionByIndex: All options with index in [3] are selected on object 'Object Repository/MOH AND GRN/Page_KDMC - CMS/select_--Select--Schedule 1Inj'

2018-05-28 13:23:08 - [MESSAGE][PASSED] - All options with index in [3] are selected on object 'Object Repository/MOH AND GRN/Page_KDMC - CMS/select_--Select--Schedule 1Inj'

2018-05-28 13:23:08 - [TEST_STEP][PASSED] - selectOptionByIndex: All options with index in [27] are selected on object 'Object Repository/MOH AND GRN/Page_KDMC - CMS/select_--Select--Adernaline 0.'

2018-05-28 13:23:09 - [MESSAGE][PASSED] - All options with index in [27] are selected on object 'Object Repository/MOH AND GRN/Page_KDMC - CMS/select_--Select--Adernaline 0.'

2018-05-28 13:23:09 - [TEST_STEP][PASSED] - setText: Text '5000' is set on object 'Object Repository/MOH AND GRN/Page_KDMC - CMS/input_txttreat'

2018-05-28 13:23:09 - [MESSAGE][PASSED] - Text '5000' is set on object 'Object Repository/MOH AND GRN/Page_KDMC - CMS/input_txttreat'

2018-05-28 13:23:09 - [TEST_STEP][PASSED] - click: Object: 'Object Repository/MOH AND GRN/Page_KDMC - CMS/button_Add' is clicked on

2018-05-28 13:23:09 - [MESSAGE][PASSED] - Object: 'Object Repository/MOH AND GRN/Page_KDMC - CMS/button_Add' is clicked on

2018-05-28 13:23:09 - [TEST_STEP][PASSED] - selectOptionByIndex: All options with index in [3] are selected on object 'Object Repository/MOH AND GRN/Page_KDMC - CMS/select_--Select--Schedule 1Inj'

2018-05-28 13:23:09 - [MESSAGE][PASSED] - All options with index in [3] are selected on object 'Object Repository/MOH AND GRN/Page_KDMC - CMS/select_--Select--Schedule 1Inj'

2018-05-28 13:23:09 - [TEST_STEP][PASSED] - selectOptionByIndex: All options with index in [28] are selected on object 'Object Repository/MOH AND GRN/Page_KDMC - CMS/select_--Select--Adernaline 0.'

2018-05-28 13:23:09 - [MESSAGE][PASSED] - All options with index in [28] are selected on object 'Object Repository/MOH AND GRN/Page_KDMC - CMS/select_--Select--Adernaline 0.'

2018-05-28 13:23:09 - [TEST_STEP][PASSED] - setText: Text '5000' is set on object 'Object Repository/MOH AND GRN/Page_KDMC - CMS/input_txttreat'

2018-05-28 13:23:09 - [MESSAGE][PASSED] - Text '5000' is set on object 'Object Repository/MOH AND GRN/Page_KDMC - CMS/input_txttreat'

2018-05-28 13:23:09 - [TEST_STEP][PASSED] - click: Object: 'Object Repository/MOH AND GRN/Page_KDMC - CMS/button_Add' is clicked on

2018-05-28 13:23:09 - [MESSAGE][PASSED] - Object: 'Object Repository/MOH AND GRN/Page_KDMC - CMS/button_Add' is clicked on

2018-05-28 13:23:09 - [TEST_STEP][PASSED] - selectOptionByIndex: All options with index in [3] are selected on object 'Object Repository/MOH AND GRN/Page_KDMC - CMS/select_--Select--Schedule 1Inj'

2018-05-28 13:23:10 - [MESSAGE][PASSED] - All options with index in [3] are selected on object 'Object Repository/MOH AND GRN/Page_KDMC - CMS/select_--Select--Schedule 1Inj'

2018-05-28 13:23:10 - [TEST_STEP][PASSED] - selectOptionByIndex: All options with index in [29] are selected on object 'Object Repository/MOH AND GRN/Page_KDMC - CMS/select_--Select--Adernaline 0.'

2018-05-28 13:23:10 - [MESSAGE][PASSED] - All options with index in [29] are selected on object 'Object Repository/MOH AND GRN/Page_KDMC - CMS/select_--Select--Adernaline 0.'

2018-05-28 13:23:10 - [TEST_STEP][PASSED] - setText: Text '5000' is set on object 'Object Repository/MOH AND GRN/Page_KDMC - CMS/input_txttreat'

2018-05-28 13:23:10 - [MESSAGE][PASSED] - Text '5000' is set on object 'Object Repository/MOH AND GRN/Page_KDMC - CMS/input_txttreat'

2018-05-28 13:23:10 - [TEST_STEP][PASSED] - click: Object: 'Object Repository/MOH AND GRN/Page_KDMC - CMS/button_Add' is clicked on

2018-05-28 13:23:10 - [MESSAGE][PASSED] - Object: 'Object Repository/MOH AND GRN/Page_KDMC - CMS/button_Add' is clicked on

2018-05-28 13:23:10 - [TEST_STEP][PASSED] - selectOptionByIndex: All options with index in [3] are selected on object 'Object Repository/MOH AND GRN/Page_KDMC - CMS/select_--Select--Schedule 1Inj'

2018-05-28 13:23:10 - [MESSAGE][PASSED] - All options with index in [3] are selected on object 'Object Repository/MOH AND GRN/Page_KDMC - CMS/select_--Select--Schedule 1Inj'

2018-05-28 13:23:10 - [TEST_STEP][PASSED] - selectOptionByIndex: All options with index in [30] are selected on object 'Object Repository/MOH AND GRN/Page_KDMC - CMS/select_--Select--Adernaline 0.'

2018-05-28 13:23:11 - [MESSAGE][PASSED] - All options with index in [30] are selected on object 'Object Repository/MOH AND GRN/Page_KDMC - CMS/select_--Select--Adernaline 0.'

2018-05-28 13:23:11 - [TEST_STEP][PASSED] - setText: Text '5000' is set on object 'Object Repository/MOH AND GRN/Page_KDMC - CMS/input_txttreat'

2018-05-28 13:23:11 - [MESSAGE][PASSED] - Text '5000' is set on object 'Object Repository/MOH AND GRN/Page_KDMC - CMS/input_txttreat'

2018-05-28 13:23:11 - [TEST_STEP][PASSED] - click: Object: 'Object Repository/MOH AND GRN/Page_KDMC - CMS/button_Add' is clicked on

2018-05-28 13:23:11 - [MESSAGE][PASSED] - Object: 'Object Repository/MOH AND GRN/Page_KDMC - CMS/button_Add' is clicked on

2018-05-28 13:23:11 - [TEST_STEP][PASSED] - selectOptionByIndex: All options with index in [3] are selected on object 'Object Repository/MOH AND GRN/Page_KDMC - CMS/select_--Select--Schedule 1Inj'

2018-05-28 13:23:11 - [MESSAGE][PASSED] - All options with index in [3] are selected on object 'Object Repository/MOH AND GRN/Page_KDMC - CMS/select_--Select--Schedule 1Inj'

2018-05-28 13:23:11 - [TEST_STEP][PASSED] - selectOptionByIndex: All options with index in [31] are selected on object 'Object Repository/MOH AND GRN/Page_KDMC - CMS/select_--Select--Adernaline 0.'

2018-05-28 13:23:11 - [MESSAGE][PASSED] - All options with index in [31] are selected on object 'Object Repository/MOH AND GRN/Page_KDMC - CMS/select_--Select--Adernaline 0.'

2018-05-28 13:23:11 - [TEST_STEP][PASSED] - setText: Text '5000' is set on object 'Object Repository/MOH AND GRN/Page_KDMC - CMS/input_txttreat'

2018-05-28 13:23:11 - [MESSAGE][PASSED] - Text '5000' is set on object 'Object Repository/MOH AND GRN/Page_KDMC - CMS/input_txttreat'

2018-05-28 13:23:11 - [TEST_STEP][PASSED] - click: Object: 'Object Repository/MOH AND GRN/Page_KDMC - CMS/button_Add' is clicked on

2018-05-28 13:23:12 - [MESSAGE][PASSED] - Object: 'Object Repository/MOH AND GRN/Page_KDMC - CMS/button_Add' is clicked on

2018-05-28 13:23:12 - [TEST_STEP][PASSED] - selectOptionByIndex: All options with index in [3] are selected on object 'Object Repository/MOH AND GRN/Page_KDMC - CMS/select_--Select--Schedule 1Inj'

2018-05-28 13:23:12 - [MESSAGE][PASSED] - All options with index in [3] are selected on object 'Object Repository/MOH AND GRN/Page_KDMC - CMS/select_--Select--Schedule 1Inj'

2018-05-28 13:23:12 - [TEST_STEP][PASSED] - selectOptionByIndex: All options with index in [32] are selected on object 'Object Repository/MOH AND GRN/Page_KDMC - CMS/select_--Select--Adernaline 0.'

2018-05-28 13:23:12 - [MESSAGE][PASSED] - All options with index in [32] are selected on object 'Object Repository/MOH AND GRN/Page_KDMC - CMS/select_--Select--Adernaline 0.'

2018-05-28 13:23:12 - [TEST_STEP][PASSED] - setText: Text '5000' is set on object 'Object Repository/MOH AND GRN/Page_KDMC - CMS/input_txttreat'

2018-05-28 13:23:12 - [MESSAGE][PASSED] - Text '5000' is set on object 'Object Repository/MOH AND GRN/Page_KDMC - CMS/input_txttreat'

2018-05-28 13:23:12 - [TEST_STEP][PASSED] - click: Object: 'Object Repository/MOH AND GRN/Page_KDMC - CMS/button_Add' is clicked on

2018-05-28 13:23:12 - [MESSAGE][PASSED] - Object: 'Object Repository/MOH AND GRN/Page_KDMC - CMS/button_Add' is clicked on

2018-05-28 13:23:12 - [TEST_STEP][PASSED] - selectOptionByIndex: All options with index in [3] are selected on object 'Object Repository/MOH AND GRN/Page_KDMC - CMS/select_--Select--Schedule 1Inj'

2018-05-28 13:23:12 - [MESSAGE][PASSED] - All options with index in [3] are selected on object 'Object Repository/MOH AND GRN/Page_KDMC - CMS/select_--Select--Schedule 1Inj'

2018-05-28 13:23:12 - [TEST_STEP][PASSED] - selectOptionByIndex: All options with index in [33] are selected on object 'Object Repository/MOH AND GRN/Page_KDMC - CMS/select_--Select--Adernaline 0.'

2018-05-28 13:23:13 - [MESSAGE][PASSED] - All options with index in [33] are selected on object 'Object Repository/MOH AND GRN/Page_KDMC - CMS/select_--Select--Adernaline 0.'

2018-05-28 13:23:13 - [TEST_STEP][PASSED] - setText: Text '5000' is set on object 'Object Repository/MOH AND GRN/Page_KDMC - CMS/input_txttreat'

2018-05-28 13:23:13 - [MESSAGE][PASSED] - Text '5000' is set on object 'Object Repository/MOH AND GRN/Page_KDMC - CMS/input_txttreat'

2018-05-28 13:23:13 - [TEST_STEP][PASSED] - click: Object: 'Object Repository/MOH AND GRN/Page_KDMC - CMS/button_Add' is clicked on

2018-05-28 13:23:13 - [MESSAGE][PASSED] - Object: 'Object Repository/MOH AND GRN/Page_KDMC - CMS/button_Add' is clicked on

2018-05-28 13:23:13 - [TEST_STEP][PASSED] - selectOptionByIndex: All options with index in [3] are selected on object 'Object Repository/MOH AND GRN/Page_KDMC - CMS/select_--Select--Schedule 1Inj'

2018-05-28 13:23:13 - [MESSAGE][PASSED] - All options with index in [3] are selected on object 'Object Repository/MOH AND GRN/Page_KDMC - CMS/select_--Select--Schedule 1Inj'

2018-05-28 13:23:13 - [TEST_STEP][PASSED] - selectOptionByIndex: All options with index in [34] are selected on object 'Object Repository/MOH AND GRN/Page_KDMC - CMS/select_--Select--Adernaline 0.'

2018-05-28 13:23:14 - [MESSAGE][PASSED] - All options with index in [34] are selected on object 'Object Repository/MOH AND GRN/Page_KDMC - CMS/select_--Select--Adernaline 0.'

2018-05-28 13:23:14 - [TEST_STEP][PASSED] - setText: Text '5000' is set on object 'Object Repository/MOH AND GRN/Page_KDMC - CMS/input_txttreat'

2018-05-28 13:23:14 - [MESSAGE][PASSED] - Text '5000' is set on object 'Object Repository/MOH AND GRN/Page_KDMC - CMS/input_txttreat'

2018-05-28 13:23:14 - [TEST_STEP][PASSED] - click: Object: 'Object Repository/MOH AND GRN/Page_KDMC - CMS/button_Add' is clicked on

2018-05-28 13:23:14 - [MESSAGE][PASSED] - Object: 'Object Repository/MOH AND GRN/Page_KDMC - CMS/button_Add' is clicked on

2018-05-28 13:23:14 - [TEST_STEP][PASSED] - selectOptionByIndex: All options with index in [3] are selected on object 'Object Repository/MOH AND GRN/Page_KDMC - CMS/select_--Select--Schedule 1Inj'

2018-05-28 13:23:14 - [MESSAGE][PASSED] - All options with index in [3] are selected on object 'Object Repository/MOH AND GRN/Page_KDMC - CMS/select_--Select--Schedule 1Inj'

2018-05-28 13:23:14 - [TEST_STEP][PASSED] - selectOptionByIndex: All options with index in [35] are selected on object 'Object Repository/MOH AND GRN/Page_KDMC - CMS/select_--Select--Adernaline 0.'

2018-05-28 13:23:14 - [MESSAGE][PASSED] - All options with index in [35] are selected on object 'Object Repository/MOH AND GRN/Page_KDMC - CMS/select_--Select--Adernaline 0.'

2018-05-28 13:23:14 - [TEST_STEP][PASSED] - setText: Text '5000' is set on object 'Object Repository/MOH AND GRN/Page_KDMC - CMS/input_txttreat'

2018-05-28 13:23:14 - [MESSAGE][PASSED] - Text '5000' is set on object 'Object Repository/MOH AND GRN/Page_KDMC - CMS/input_txttreat'

2018-05-28 13:23:14 - [TEST_STEP][PASSED] - click: Object: 'Object Repository/MOH AND GRN/Page_KDMC - CMS/button_Add' is clicked on

2018-05-28 13:23:14 - [MESSAGE][PASSED] - Object: 'Object Repository/MOH AND GRN/Page_KDMC - CMS/button_Add' is clicked on

2018-05-28 13:23:14 - [TEST_STEP][PASSED] - selectOptionByIndex: All options with index in [3] are selected on object 'Object Repository/MOH AND GRN/Page_KDMC - CMS/select_--Select--Schedule 1Inj'

2018-05-28 13:23:15 - [MESSAGE][PASSED] - All options with index in [3] are selected on object 'Object Repository/MOH AND GRN/Page_KDMC - CMS/select_--Select--Schedule 1Inj'

2018-05-28 13:23:15 - [TEST_STEP][PASSED] - selectOptionByIndex: All options with index in [36] are selected on object 'Object Repository/MOH AND GRN/Page_KDMC - CMS/select_--Select--Adernaline 0.'

2018-05-28 13:23:15 - [MESSAGE][PASSED] - All options with index in [36] are selected on object 'Object Repository/MOH AND GRN/Page_KDMC - CMS/select_--Select--Adernaline 0.'

2018-05-28 13:23:15 - [TEST_STEP][PASSED] - setText: Text '5000' is set on object 'Object Repository/MOH AND GRN/Page_KDMC - CMS/input_txttreat'

2018-05-28 13:23:15 - [MESSAGE][PASSED] - Text '5000' is set on object 'Object Repository/MOH AND GRN/Page_KDMC - CMS/input_txttreat'

2018-05-28 13:23:15 - [TEST_STEP][PASSED] - click: Object: 'Object Repository/MOH AND GRN/Page_KDMC - CMS/button_Add' is clicked on

2018-05-28 13:23:15 - [MESSAGE][PASSED] - Object: 'Object Repository/MOH AND GRN/Page_KDMC - CMS/button_Add' is clicked on

2018-05-28 13:23:15 - [TEST_STEP][PASSED] - scrollToElement: Scroll to object 'Object Repository/MOH AND GRN/Page_KDMC - CMS/input_btnsave' successfully

2018-05-28 13:23:15 - [MESSAGE][PASSED] - Scroll to object 'Object Repository/MOH AND GRN/Page_KDMC - CMS/input_btnsave' successfully

2018-05-28 13:23:15 - [TEST_STEP][PASSED] - click: Object: 'Object Repository/MOH AND GRN/Page_KDMC - CMS/input_btnsave' is clicked on

2018-05-28 13:23:15 - [MESSAGE][PASSED] - Object: 'Object Repository/MOH AND GRN/Page_KDMC - CMS/input_btnsave' is clicked on

2018-05-28 13:23:15 - [TEST_STEP][PASSED] - delay: Delayed 3 second(s)

2018-05-28 13:23:18 - [MESSAGE][PASSED] - Delayed 3 second(s)

2018-05-28 13:23:18 - [TEST_STEP][PASSED] - Statement - Request1 = com.kms.katalon.core.webui.keyword.WebUiBuiltInKeywords.getText(com.kms.katalon.core.testobject.ObjectRepository.findTestObject(MOH AND GRN/Page_KDMC - CMS/font_PRNO0505201876)): Text of object 'Object Repository/MOH AND GRN/Page_KDMC - CMS/font_PRNO0505201876' is: 'PRNO/28052018/306'

2018-05-28 13:23:18 - [MESSAGE][PASSED] - Text of object 'Object Repository/MOH AND GRN/Page_KDMC - CMS/font_PRNO0505201876' is: 'PRNO/28052018/306'

2018-05-28 13:23:18 - [TEST_STEP][PASSED] - Statement - out.println("Length OF The Medicine " + Request1): null

2018-05-28 13:23:18 - [TEST_STEP][PASSED] - Statement - RequestNUmber = Request1.split("/")[2].trim(): null

2018-05-28 13:23:18 - [TEST_STEP][PASSED] - Statement - out.println("ID IS " + RequestNUmber): null

2018-05-28 13:23:18 - [TEST_STEP][PASSED] - delay: Delayed 3 second(s)

2018-05-28 13:23:21 - [MESSAGE][PASSED] - Delayed 3 second(s)

2018-05-28 13:23:21 - [TEST_STEP][PASSED] - click: Object: 'Object Repository/MOH AND GRN/Page_KDMC - CMS/button_OK' is clicked on

2018-05-28 13:23:22 - [MESSAGE][PASSED] - Object: 'Object Repository/MOH AND GRN/Page_KDMC - CMS/button_OK' is clicked on

2018-05-28 13:23:22 - [TEST_STEP][PASSED] - click: Object: 'Object Repository/MOH AND GRN/Page_KDMC - CMS/a_dropdown-toggle' is clicked on

2018-05-28 13:23:24 - [MESSAGE][PASSED] - Object: 'Object Repository/MOH AND GRN/Page_KDMC - CMS/a_dropdown-toggle' is clicked on

2018-05-28 13:23:24 - [TEST_STEP][PASSED] - click: Object: 'Object Repository/MOH AND GRN/Page_KDMC - CMS/a_Sign out' is clicked on

2018-05-28 13:23:24 - [MESSAGE][PASSED] - Object: 'Object Repository/MOH AND GRN/Page_KDMC - CMS/a_Sign out' is clicked on

2018-05-28 13:23:24 - [TEST_STEP][PASSED] - delay: Delayed 4 second(s)

2018-05-28 13:23:28 - [MESSAGE][PASSED] - Delayed 4 second(s)

2018-05-28 13:23:28 - [TEST_STEP][PASSED] - click: Object: 'Object Repository/MOH AND GRN/Page_KDMC/a_Admin Master' is clicked on

2018-05-28 13:23:29 - [MESSAGE][PASSED] - Object: 'Object Repository/MOH AND GRN/Page_KDMC/a_Admin Master' is clicked on

2018-05-28 13:23:29 - [TEST_STEP][PASSED] - setText: Text 'admin' is set on object 'Object Repository/MOH AND GRN/Page_Admin login/input_txtusername'

2018-05-28 13:23:29 - [MESSAGE][PASSED] - Text 'admin' is set on object 'Object Repository/MOH AND GRN/Page_Admin login/input_txtusername'

2018-05-28 13:23:29 - [TEST_STEP][PASSED] - setText: Text 'admin123' is set on object 'Object Repository/MOH AND GRN/Page_Admin login/input_txtpassword'

2018-05-28 13:23:29 - [MESSAGE][PASSED] - Text 'admin123' is set on object 'Object Repository/MOH AND GRN/Page_Admin login/input_txtpassword'

2018-05-28 13:23:29 - [TEST_STEP][PASSED] - delay: Delayed 3 second(s)

2018-05-28 13:23:32 - [MESSAGE][PASSED] - Delayed 3 second(s)

2018-05-28 13:23:32 - [TEST_STEP][PASSED] - click: Object: 'Object Repository/MOH AND GRN/Page_Admin login/button_Sign in' is clicked on

2018-05-28 13:23:33 - [MESSAGE][PASSED] - Object: 'Object Repository/MOH AND GRN/Page_Admin login/button_Sign in' is clicked on

2018-05-28 13:23:33 - [TEST_STEP][PASSED] - delay: Delayed 20 second(s)

2018-05-28 13:23:53 - [MESSAGE][PASSED] - Delayed 20 second(s)

2018-05-28 13:23:53 - [TEST_STEP][PASSED] - scrollToPosition: Browser is scrolled to position x = 200, y = 200

2018-05-28 13:23:53 - [MESSAGE][PASSED] - Browser is scrolled to position x = 200, y = 200

2018-05-28 13:23:53 - [TEST_STEP][PASSED] - click: Object: 'Object Repository/MOH AND GRN/Page_KDMC/a_CMS_1' is clicked on

2018-05-28 13:23:53 - [MESSAGE][PASSED] - Object: 'Object Repository/MOH AND GRN/Page_KDMC/a_CMS_1' is clicked on

2018-05-28 13:23:53 - [TEST_STEP][PASSED] - click: Object: 'Object Repository/MOH AND GRN/Page_KDMC/a_Request List' is clicked on

2018-05-28 13:23:55 - [MESSAGE][PASSED] - Object: 'Object Repository/MOH AND GRN/Page_KDMC/a_Request List' is clicked on

2018-05-28 13:23:55 - [TEST_STEP][PASSED] - Statement - RequestNumberId = com.kms.katalon.core.webui.keyword.WebUiBuiltInKeywords.modifyObjectProperty(com.kms.katalon.core.testobject.ObjectRepository.findTestObject(MOH AND GRN/Page_KDMC - CMS/input_PO0032), "xpath", "equals", "//*[@id =" + RequestNUmber + "]", true): Modify property of object successfully

2018-05-28 13:23:55 - [MESSAGE][PASSED] - Modify property of object successfully

2018-05-28 13:23:55 - [TEST_STEP][PASSED] - click: Object: 'Object Repository/MOH AND GRN/Page_KDMC - CMS/input_PO0032' is clicked on

2018-05-28 13:23:55 - [MESSAGE][PASSED] - Object: 'Object Repository/MOH AND GRN/Page_KDMC - CMS/input_PO0032' is clicked on

2018-05-28 13:23:55 - [TEST_STEP][PASSED] - delay: Delayed 3 second(s)

2018-05-28 13:23:58 - [MESSAGE][PASSED] - Delayed 3 second(s)

2018-05-28 13:23:58 - [TEST_STEP][PASSED] - selectOptionByIndex: All options with index in [1] are selected on object 'Object Repository/MOH AND GRN/Page_KDMC/select_--Select--'

2018-05-28 13:23:58 - [MESSAGE][PASSED] - All options with index in [1] are selected on object 'Object Repository/MOH AND GRN/Page_KDMC/select_--Select--'

2018-05-28 13:23:58 - [TEST_STEP][PASSED] - click: Object: 'Object Repository/MOH AND GRN/Page_KDMC/input_btnupdate' is clicked on

2018-05-28 13:23:58 - [MESSAGE][PASSED] - Object: 'Object Repository/MOH AND GRN/Page_KDMC/input_btnupdate' is clicked on

2018-05-28 13:23:58 - [TEST_STEP][PASSED] - delay: Delayed 3 second(s)

2018-05-28 13:24:01 - [MESSAGE][PASSED] - Delayed 3 second(s)

2018-05-28 13:24:01 - [TEST_STEP][PASSED] - click: Object: 'Object Repository/MOH AND GRN/Page_KDMC/button_OK' is clicked on

2018-05-28 13:24:02 - [MESSAGE][PASSED] - Object: 'Object Repository/MOH AND GRN/Page_KDMC/button_OK' is clicked on

2018-05-28 13:24:02 - [TEST_STEP][PASSED] - delay: Delayed 3 second(s)

2018-05-28 13:24:05 - [MESSAGE][PASSED] - Delayed 3 second(s)

2018-05-28 13:24:05 - [TEST_STEP][PASSED] - scrollToPosition: Browser is scrolled to position x = 200, y = 200

2018-05-28 13:24:05 - [MESSAGE][PASSED] - Browser is scrolled to position x = 200, y = 200

2018-05-28 13:24:05 - [TEST_STEP][PASSED] - click: Object: 'Object Repository/MOH AND GRN/Page_KDMC/a_CMS_2' is clicked on

2018-05-28 13:24:05 - [MESSAGE][PASSED] - Object: 'Object Repository/MOH AND GRN/Page_KDMC/a_CMS_2' is clicked on

2018-05-28 13:24:05 - [TEST_STEP][PASSED] - delay: Delayed 2 second(s)

2018-05-28 13:24:07 - [MESSAGE][PASSED] - Delayed 2 second(s)

2018-05-28 13:24:07 - [TEST_STEP][PASSED] - click: Object: 'Object Repository/MOH AND GRN/Page_KDMC/a_Generate P.O' is clicked on

2018-05-28 13:24:08 - [MESSAGE][PASSED] - Object: 'Object Repository/MOH AND GRN/Page_KDMC/a_Generate P.O' is clicked on

2018-05-28 13:24:08 - [TEST_STEP][PASSED] - delay: Delayed 2 second(s)

2018-05-28 13:24:10 - [MESSAGE][PASSED] - Delayed 2 second(s)

2018-05-28 13:24:10 - [TEST_STEP][PASSED] - selectOptionByIndex: All options with index in [1] are selected on object 'Object Repository/MOH AND GRN/Page_KDMC/select_--Select--PRNO040520183'

2018-05-28 13:24:10 - [MESSAGE][PASSED] - All options with index in [1] are selected on object 'Object Repository/MOH AND GRN/Page_KDMC/select_--Select--PRNO040520183'

2018-05-28 13:24:10 - [TEST_STEP][PASSED] - selectOptionByIndex: All options with index in [6] are selected on object 'Object Repository/MOH AND GRN/Page_KDMC/select_--Select--Hamen Chandra'

2018-05-28 13:24:11 - [MESSAGE][PASSED] - All options with index in [6] are selected on object 'Object Repository/MOH AND GRN/Page_KDMC/select_--Select--Hamen Chandra'

2018-05-28 13:24:11 - [TEST_STEP][PASSED] - Statement - PONumber = com.kms.katalon.core.webui.keyword.WebUiBuiltInKeywords.getText(com.kms.katalon.core.testobject.ObjectRepository.findTestObject(MOH AND GRN/Page_KDMC/input_lblpono)).trim(): Text of object 'Object Repository/MOH AND GRN/Page_KDMC/input_lblpono' is: ''

2018-05-28 13:24:11 - [MESSAGE][PASSED] - Text of object 'Object Repository/MOH AND GRN/Page_KDMC/input_lblpono' is: ''

2018-05-28 13:24:11 - [TEST_STEP][PASSED] - Statement - PONumber1 = com.kms.katalon.core.webui.keyword.WebUiBuiltInKeywords.getAttribute(com.kms.katalon.core.testobject.ObjectRepository.findTestObject(MOH AND GRN/Page_KDMC/input_lblpono), "value").trim(): Attribute 'value' of object 'Object Repository/MOH AND GRN/Page_KDMC/input_lblpono' is: 'PO00158'

2018-05-28 13:24:11 - [MESSAGE][PASSED] - Attribute 'value' of object 'Object Repository/MOH AND GRN/Page_KDMC/input_lblpono' is: 'PO00158'

2018-05-28 13:24:11 - [TEST_STEP][PASSED] - Statement - out.println("PO NUMBER :" + PONumber): null

2018-05-28 13:24:11 - [TEST_STEP][PASSED] - Statement - out.println("PO NUMBER :" + PONumber1): null

2018-05-28 13:24:11 - [TEST_STEP][PASSED] - click: Object: 'Object Repository/MOH AND GRN/Page_KDMC/input_chkrem' is clicked on

2018-05-28 13:24:11 - [MESSAGE][PASSED] - Object: 'Object Repository/MOH AND GRN/Page_KDMC/input_chkrem' is clicked on

2018-05-28 13:24:11 - [TEST_STEP][PASSED] - scrollToElement: Scroll to object 'Object Repository/MOH AND GRN/Page_KDMC/input_btnreturn' successfully

2018-05-28 13:24:11 - [MESSAGE][PASSED] - Scroll to object 'Object Repository/MOH AND GRN/Page_KDMC/input_btnreturn' successfully

2018-05-28 13:24:11 - [TEST_STEP][PASSED] - click: Object: 'Object Repository/MOH AND GRN/Page_KDMC/input_btnreturn' is clicked on

2018-05-28 13:24:11 - [MESSAGE][PASSED] - Object: 'Object Repository/MOH AND GRN/Page_KDMC/input_btnreturn' is clicked on

2018-05-28 13:24:11 - [TEST_STEP][PASSED] - delay: Delayed 3 second(s)

2018-05-28 13:24:14 - [MESSAGE][PASSED] - Delayed 3 second(s)

2018-05-28 13:24:14 - [TEST_STEP][PASSED] - click: Object: 'Object Repository/MOH AND GRN/Page_KDMC/button_Yes' is clicked on

2018-05-28 13:24:14 - [MESSAGE][PASSED] - Object: 'Object Repository/MOH AND GRN/Page_KDMC/button_Yes' is clicked on

2018-05-28 13:24:14 - [TEST_STEP][PASSED] - delay: Delayed 3 second(s)

2018-05-28 13:24:17 - [MESSAGE][PASSED] - Delayed 3 second(s)

2018-05-28 13:24:17 - [TEST_STEP][PASSED] - click: Object: 'Object Repository/MOH AND GRN/Page_KDMC/button_OK' is clicked on

2018-05-28 13:24:18 - [MESSAGE][PASSED] - Object: 'Object Repository/MOH AND GRN/Page_KDMC/button_OK' is clicked on

2018-05-28 13:24:18 - [TEST_STEP][PASSED] - delay: Delayed 3 second(s)

2018-05-28 13:24:21 - [MESSAGE][PASSED] - Delayed 3 second(s)

2018-05-28 13:24:21 - [TEST_STEP][PASSED] - click: Object: 'Object Repository/MOH AND GRN/Page_KDMC/a_dropdown-toggle' is clicked on

2018-05-28 13:24:21 - [MESSAGE][PASSED] - Object: 'Object Repository/MOH AND GRN/Page_KDMC/a_dropdown-toggle' is clicked on

2018-05-28 13:24:21 - [TEST_STEP][PASSED] - click: Object: 'Object Repository/MOH AND GRN/Page_KDMC/a_Sign out' is clicked on

2018-05-28 13:24:21 - [MESSAGE][PASSED] - Object: 'Object Repository/MOH AND GRN/Page_KDMC/a_Sign out' is clicked on

2018-05-28 13:24:21 - [TEST_STEP][PASSED] - delay: Delayed 4 second(s)

2018-05-28 13:24:25 - [MESSAGE][PASSED] - Delayed 4 second(s)

2018-05-28 13:24:25 - [TEST_STEP][PASSED] - click: Object: 'Object Repository/MOH AND GRN/Page_KDMC/a_CMS' is clicked on

2018-05-28 13:24:26 - [MESSAGE][PASSED] - Object: 'Object Repository/MOH AND GRN/Page_KDMC/a_CMS' is clicked on

2018-05-28 13:24:26 - [TEST_STEP][PASSED] - setText: Text 'bala' is set on object 'Object Repository/MOH AND GRN/Page_CMS login/input_txtusername'

2018-05-28 13:24:26 - [MESSAGE][PASSED] - Text 'bala' is set on object 'Object Repository/MOH AND GRN/Page_CMS login/input_txtusername'

2018-05-28 13:24:26 - [TEST_STEP][PASSED] - setText: Text '123' is set on object 'Object Repository/MOH AND GRN/Page_CMS login/input_txtpassword'

2018-05-28 13:24:27 - [MESSAGE][PASSED] - Text '123' is set on object 'Object Repository/MOH AND GRN/Page_CMS login/input_txtpassword'

2018-05-28 13:24:27 - [TEST_STEP][PASSED] - delay: Delayed 3 second(s)

2018-05-28 13:24:30 - [MESSAGE][PASSED] - Delayed 3 second(s)

2018-05-28 13:24:30 - [TEST_STEP][PASSED] - click: Object: 'Object Repository/MOH AND GRN/Page_CMS login/button_Sign in' is clicked on

2018-05-28 13:24:30 - [MESSAGE][PASSED] - Object: 'Object Repository/MOH AND GRN/Page_CMS login/button_Sign in' is clicked on

2018-05-28 13:24:30 - [TEST_STEP][PASSED] - click: Object: 'Object Repository/MOH AND GRN/Page_KDMC - CMS/a_CMS Details' is clicked on

2018-05-28 13:24:31 - [MESSAGE][PASSED] - Object: 'Object Repository/MOH AND GRN/Page_KDMC - CMS/a_CMS Details' is clicked on

2018-05-28 13:24:31 - [TEST_STEP][PASSED] - delay: Delayed 2 second(s)

2018-05-28 13:24:33 - [MESSAGE][PASSED] - Delayed 2 second(s)

2018-05-28 13:24:33 - [TEST_STEP][PASSED] - click: Object: 'Object Repository/MOH AND GRN/Page_KDMC - CMS/a_Goods Receive' is clicked on

2018-05-28 13:24:33 - [MESSAGE][PASSED] - Object: 'Object Repository/MOH AND GRN/Page_KDMC - CMS/a_Goods Receive' is clicked on

2018-05-28 13:24:33 - [TEST_STEP][PASSED] - delay: Delayed 2 second(s)

2018-05-28 13:24:35 - [MESSAGE][PASSED] - Delayed 2 second(s)

2018-05-28 13:24:35 - [TEST_STEP][PASSED] - selectOptionByLabel: All options with label 'PO00158' are selected in object 'Object Repository/MOH AND GRN/Page_KDMC - CMS/select_--Select--PO0032PO0031P' 

2018-05-28 13:24:35 - [MESSAGE][PASSED] - All options with label 'PO00158' are selected in object 'Object Repository/MOH AND GRN/Page_KDMC - CMS/select_--Select--PO0032PO0031P' 

2018-05-28 13:24:35 - [TEST_STEP][PASSED] - setText: Finding Test Object with id 'Object Repository/MOH AND GRN/Page_KDMC - CMS/input_txtgrnno'

2018-05-28 13:24:35 - [TEST_STEP][PASSED] - Statement - switch (id): Text 'INV449.0' is set on object 'Object Repository/MOH AND GRN/Page_KDMC - CMS/input_txtgrnno'

2018-05-28 13:24:35 - [TEST_STEP][PASSED] - Statement - case 2:: Text 'INV449.0' is set on object 'Object Repository/MOH AND GRN/Page_KDMC - CMS/input_txtgrnno'

2018-05-28 13:24:35 - [TEST_STEP][PASSED] - Statement - return (java.lang.Math.floor((java.lang.Math.random() * ((max - min) + 1))) + min): Text 'INV449.0' is set on object 'Object Repository/MOH AND GRN/Page_KDMC - CMS/input_txtgrnno'

2018-05-28 13:24:35 - [MESSAGE][PASSED] - Text 'INV449.0' is set on object 'Object Repository/MOH AND GRN/Page_KDMC - CMS/input_txtgrnno'

2018-05-28 13:24:35 - [TEST_STEP][PASSED] - selectOptionByIndex: All options with index in [1] are selected on object 'Object Repository/MOH AND GRN/Page_KDMC - CMS/select_--Select--PERUMAL PHARM'

2018-05-28 13:24:36 - [MESSAGE][PASSED] - All options with index in [1] are selected on object 'Object Repository/MOH AND GRN/Page_KDMC - CMS/select_--Select--PERUMAL PHARM'

2018-05-28 13:24:36 - [TEST_STEP][PASSED] - setText: Text '10000' is set on object 'Object Repository/MOH AND GRN/Page_KDMC - CMS/input_txtgrnno_1'

2018-05-28 13:24:36 - [MESSAGE][PASSED] - Text '10000' is set on object 'Object Repository/MOH AND GRN/Page_KDMC - CMS/input_txtgrnno_1'

2018-05-28 13:24:36 - [TEST_STEP][PASSED] - setText: Text '550' is set on object 'Object Repository/MOH AND GRN/Page_KDMC - CMS/input_txtgrnno_2'

2018-05-28 13:24:36 - [MESSAGE][PASSED] - Text '550' is set on object 'Object Repository/MOH AND GRN/Page_KDMC - CMS/input_txtgrnno_2'

2018-05-28 13:24:36 - [TEST_STEP][PASSED] - setText: Finding Test Object with id 'Object Repository/MOH AND GRN/Page_KDMC - CMS/input_txtgrnno_3'

2018-05-28 13:24:36 - [TEST_STEP][PASSED] - Statement - switch (id): Text 'CH996.0' is set on object 'Object Repository/MOH AND GRN/Page_KDMC - CMS/input_txtgrnno_3'

2018-05-28 13:24:36 - [TEST_STEP][PASSED] - Statement - case 3:: Text 'CH996.0' is set on object 'Object Repository/MOH AND GRN/Page_KDMC - CMS/input_txtgrnno_3'

2018-05-28 13:24:36 - [TEST_STEP][PASSED] - Statement - return (java.lang.Math.floor((java.lang.Math.random() * ((max - min) + 1))) + min): Text 'CH996.0' is set on object 'Object Repository/MOH AND GRN/Page_KDMC - CMS/input_txtgrnno_3'

2018-05-28 13:24:36 - [MESSAGE][PASSED] - Text 'CH996.0' is set on object 'Object Repository/MOH AND GRN/Page_KDMC - CMS/input_txtgrnno_3'

2018-05-28 13:24:36 - [TEST_STEP][PASSED] - scrollToPosition: Browser is scrolled to position x = 200, y = 200

2018-05-28 13:24:36 - [MESSAGE][PASSED] - Browser is scrolled to position x = 200, y = 200

2018-05-28 13:24:36 - [TEST_STEP][PASSED] - Statement - GrnLength = com.kms.katalon.core.webui.keyword.WebUiBuiltInKeywords.getNumberOfTotalOption(com.kms.katalon.core.testobject.ObjectRepository.findTestObject(MOH AND GRN/Page_KDMC - CMS/select_--Select--Amikacin -500)): 37 options of object 'Object Repository/MOH AND GRN/Page_KDMC - CMS/select_--Select--Amikacin -500' counted

2018-05-28 13:24:36 - [MESSAGE][PASSED] - 37 options of object 'Object Repository/MOH AND GRN/Page_KDMC - CMS/select_--Select--Amikacin -500' counted

2018-05-28 13:24:36 - [TEST_STEP][PASSED] - Statement - out.println("Length OF The Medicine " + GrnLength): null

2018-05-28 13:24:36 - [TEST_STEP][PASSED] - Statement - s = 1: null

2018-05-28 13:24:36 - [TEST_STEP][PASSED] - Statement - For ([t = 1, t < GrnLength, (t++)]): Finding Test Object with id 'Object Repository/MOH AND GRN/Page_KDMC - CMS/input_txtmrp'

2018-05-28 13:24:36 - [TEST_STEP][PASSED] - selectOptionByIndex: All options with index in [1] are selected on object 'Object Repository/MOH AND GRN/Page_KDMC - CMS/select_--Select--Amikacin -500'

2018-05-28 13:24:36 - [MESSAGE][PASSED] - All options with index in [1] are selected on object 'Object Repository/MOH AND GRN/Page_KDMC - CMS/select_--Select--Amikacin -500'

2018-05-28 13:24:36 - [TEST_STEP][PASSED] - setText: Text '5000' is set on object 'Object Repository/MOH AND GRN/Page_KDMC - CMS/input_txtqty'

2018-05-28 13:24:36 - [MESSAGE][PASSED] - Text '5000' is set on object 'Object Repository/MOH AND GRN/Page_KDMC - CMS/input_txtqty'

2018-05-28 13:24:36 - [TEST_STEP][PASSED] - selectOptionByIndex: All options with index in [1] are selected on object 'Object Repository/MOH AND GRN/Page_KDMC - CMS/select_--Select--No Tax0'

2018-05-28 13:24:36 - [MESSAGE][PASSED] - All options with index in [1] are selected on object 'Object Repository/MOH AND GRN/Page_KDMC - CMS/select_--Select--No Tax0'

2018-05-28 13:24:36 - [TEST_STEP][PASSED] - setText: Finding Test Object with id 'Object Repository/MOH AND GRN/Page_KDMC - CMS/input_txtmrp'

2018-05-28 13:24:36 - [TEST_STEP][PASSED] - Statement - switch (id): Finding Test Object with id 'Object Repository/MOH AND GRN/Page_KDMC - CMS/input_txtdeal'

2018-05-28 13:24:36 - [TEST_STEP][PASSED] - Statement - case 4:: Text '15.0' is set on object 'Object Repository/MOH AND GRN/Page_KDMC - CMS/input_txtmrp'

2018-05-28 13:24:36 - [TEST_STEP][PASSED] - Statement - return (java.lang.Math.floor((java.lang.Math.random() * ((max - min) + 1))) + min): Text '15.0' is set on object 'Object Repository/MOH AND GRN/Page_KDMC - CMS/input_txtmrp'

2018-05-28 13:24:37 - [MESSAGE][PASSED] - Text '15.0' is set on object 'Object Repository/MOH AND GRN/Page_KDMC - CMS/input_txtmrp'

2018-05-28 13:24:37 - [TEST_STEP][PASSED] - setText: Finding Test Object with id 'Object Repository/MOH AND GRN/Page_KDMC - CMS/input_txtdeal'

2018-05-28 13:24:37 - [TEST_STEP][PASSED] - Statement - switch (id): Finding Test Object with id 'Object Repository/MOH AND GRN/Page_KDMC - CMS/input_txtbatchno'

2018-05-28 13:24:37 - [TEST_STEP][PASSED] - Statement - case 5:: Text '2.0' is set on object 'Object Repository/MOH AND GRN/Page_KDMC - CMS/input_txtdeal'

2018-05-28 13:24:37 - [TEST_STEP][PASSED] - Statement - return (java.lang.Math.floor((java.lang.Math.random() * ((max - min) + 1))) + min): Text '2.0' is set on object 'Object Repository/MOH AND GRN/Page_KDMC - CMS/input_txtdeal'

2018-05-28 13:24:37 - [MESSAGE][PASSED] - Text '2.0' is set on object 'Object Repository/MOH AND GRN/Page_KDMC - CMS/input_txtdeal'

2018-05-28 13:24:37 - [TEST_STEP][PASSED] - setText: Finding Test Object with id 'Object Repository/MOH AND GRN/Page_KDMC - CMS/input_txtbatchno'

2018-05-28 13:24:37 - [TEST_STEP][PASSED] - Statement - switch (id): Finding Test Object with id 'Object Repository/MOH AND GRN/Page_KDMC - CMS/input_txtmrp'

2018-05-28 13:24:37 - [TEST_STEP][PASSED] - Statement - case 1:: Text 'BA268.0' is set on object 'Object Repository/MOH AND GRN/Page_KDMC - CMS/input_txtbatchno'

2018-05-28 13:24:37 - [TEST_STEP][PASSED] - Statement - return (java.lang.Math.floor((java.lang.Math.random() * ((max - min) + 1))) + min): Text 'BA268.0' is set on object 'Object Repository/MOH AND GRN/Page_KDMC - CMS/input_txtbatchno'

2018-05-28 13:24:37 - [MESSAGE][PASSED] - Text 'BA268.0' is set on object 'Object Repository/MOH AND GRN/Page_KDMC - CMS/input_txtbatchno'

2018-05-28 13:24:37 - [TEST_STEP][PASSED] - rightClick: Object: 'Object Repository/GRN/Page_KDMC - CMS/input_txtexpdate' is right clicked on

2018-05-28 13:24:37 - [MESSAGE][PASSED] - Object: 'Object Repository/GRN/Page_KDMC - CMS/input_txtexpdate' is right clicked on

2018-05-28 13:24:37 - [TEST_STEP][PASSED] - selectOptionByIndex: All options with index in [1] are selected on object 'Object Repository/GRN/Page_KDMC - CMS/select_20182019202020212022202'

2018-05-28 13:24:37 - [MESSAGE][PASSED] - All options with index in [1] are selected on object 'Object Repository/GRN/Page_KDMC - CMS/select_20182019202020212022202'

2018-05-28 13:24:37 - [TEST_STEP][PASSED] - selectOptionByIndex: All options with index in [1] are selected on object 'Object Repository/GRN/Page_KDMC - CMS/select_JanFebMarAprMayJunJulAu'

2018-05-28 13:24:37 - [MESSAGE][PASSED] - All options with index in [1] are selected on object 'Object Repository/GRN/Page_KDMC - CMS/select_JanFebMarAprMayJunJulAu'

2018-05-28 13:24:37 - [TEST_STEP][PASSED] - click: Object: 'Object Repository/MOH AND GRN/Page_KDMC - CMS/a_12' is clicked on

2018-05-28 13:24:37 - [MESSAGE][PASSED] - Object: 'Object Repository/MOH AND GRN/Page_KDMC - CMS/a_12' is clicked on

2018-05-28 13:24:37 - [TEST_STEP][PASSED] - click: Object: 'Object Repository/MOH AND GRN/Page_KDMC - CMS/input_btnadd' is clicked on

2018-05-28 13:24:37 - [MESSAGE][PASSED] - Object: 'Object Repository/MOH AND GRN/Page_KDMC - CMS/input_btnadd' is clicked on

2018-05-28 13:24:37 - [TEST_STEP][PASSED] - Statement - If (s == 10): null

2018-05-28 13:24:37 - [TEST_STEP][PASSED] - Statement - Else: null

2018-05-28 13:24:37 - [TEST_STEP][PASSED] - Statement - (s++): null

2018-05-28 13:24:37 - [TEST_STEP][PASSED] - delay: Delayed 1 second(s)

2018-05-28 13:24:38 - [MESSAGE][PASSED] - Delayed 1 second(s)

2018-05-28 13:24:38 - [TEST_STEP][PASSED] - selectOptionByIndex: All options with index in [2] are selected on object 'Object Repository/MOH AND GRN/Page_KDMC - CMS/select_--Select--Amikacin -500'

2018-05-28 13:24:39 - [MESSAGE][PASSED] - All options with index in [2] are selected on object 'Object Repository/MOH AND GRN/Page_KDMC - CMS/select_--Select--Amikacin -500'

2018-05-28 13:24:39 - [TEST_STEP][PASSED] - setText: Text '5000' is set on object 'Object Repository/MOH AND GRN/Page_KDMC - CMS/input_txtqty'

2018-05-28 13:24:39 - [MESSAGE][PASSED] - Text '5000' is set on object 'Object Repository/MOH AND GRN/Page_KDMC - CMS/input_txtqty'

2018-05-28 13:24:39 - [TEST_STEP][PASSED] - selectOptionByIndex: All options with index in [1] are selected on object 'Object Repository/MOH AND GRN/Page_KDMC - CMS/select_--Select--No Tax0'

2018-05-28 13:24:39 - [MESSAGE][PASSED] - All options with index in [1] are selected on object 'Object Repository/MOH AND GRN/Page_KDMC - CMS/select_--Select--No Tax0'

2018-05-28 13:24:39 - [TEST_STEP][PASSED] - setText: Finding Test Object with id 'Object Repository/MOH AND GRN/Page_KDMC - CMS/input_txtmrp'

2018-05-28 13:24:39 - [TEST_STEP][PASSED] - Statement - switch (id): Finding Test Object with id 'Object Repository/MOH AND GRN/Page_KDMC - CMS/input_txtdeal'

2018-05-28 13:24:39 - [TEST_STEP][PASSED] - Statement - case 4:: Text '16.0' is set on object 'Object Repository/MOH AND GRN/Page_KDMC - CMS/input_txtmrp'

2018-05-28 13:24:39 - [TEST_STEP][PASSED] - Statement - return (java.lang.Math.floor((java.lang.Math.random() * ((max - min) + 1))) + min): Text '16.0' is set on object 'Object Repository/MOH AND GRN/Page_KDMC - CMS/input_txtmrp'

2018-05-28 13:24:39 - [MESSAGE][PASSED] - Text '16.0' is set on object 'Object Repository/MOH AND GRN/Page_KDMC - CMS/input_txtmrp'

2018-05-28 13:24:39 - [TEST_STEP][PASSED] - setText: Finding Test Object with id 'Object Repository/MOH AND GRN/Page_KDMC - CMS/input_txtdeal'

2018-05-28 13:24:39 - [TEST_STEP][PASSED] - Statement - switch (id): Finding Test Object with id 'Object Repository/MOH AND GRN/Page_KDMC - CMS/input_txtbatchno'

2018-05-28 13:24:39 - [TEST_STEP][PASSED] - Statement - case 5:: Text '4.0' is set on object 'Object Repository/MOH AND GRN/Page_KDMC - CMS/input_txtdeal'

2018-05-28 13:24:39 - [TEST_STEP][PASSED] - Statement - return (java.lang.Math.floor((java.lang.Math.random() * ((max - min) + 1))) + min): Text '4.0' is set on object 'Object Repository/MOH AND GRN/Page_KDMC - CMS/input_txtdeal'

2018-05-28 13:24:39 - [MESSAGE][PASSED] - Text '4.0' is set on object 'Object Repository/MOH AND GRN/Page_KDMC - CMS/input_txtdeal'

2018-05-28 13:24:39 - [TEST_STEP][PASSED] - setText: Finding Test Object with id 'Object Repository/MOH AND GRN/Page_KDMC - CMS/input_txtbatchno'

2018-05-28 13:24:39 - [TEST_STEP][PASSED] - Statement - switch (id): Finding Test Object with id 'Object Repository/MOH AND GRN/Page_KDMC - CMS/input_txtmrp'

2018-05-28 13:24:39 - [TEST_STEP][PASSED] - Statement - case 1:: Text 'BA670.0' is set on object 'Object Repository/MOH AND GRN/Page_KDMC - CMS/input_txtbatchno'

2018-05-28 13:24:39 - [TEST_STEP][PASSED] - Statement - return (java.lang.Math.floor((java.lang.Math.random() * ((max - min) + 1))) + min): Text 'BA670.0' is set on object 'Object Repository/MOH AND GRN/Page_KDMC - CMS/input_txtbatchno'

2018-05-28 13:24:39 - [MESSAGE][PASSED] - Text 'BA670.0' is set on object 'Object Repository/MOH AND GRN/Page_KDMC - CMS/input_txtbatchno'

2018-05-28 13:24:39 - [TEST_STEP][PASSED] - rightClick: Object: 'Object Repository/GRN/Page_KDMC - CMS/input_txtexpdate' is right clicked on

2018-05-28 13:24:39 - [MESSAGE][PASSED] - Object: 'Object Repository/GRN/Page_KDMC - CMS/input_txtexpdate' is right clicked on

2018-05-28 13:24:39 - [TEST_STEP][PASSED] - selectOptionByIndex: All options with index in [2] are selected on object 'Object Repository/GRN/Page_KDMC - CMS/select_20182019202020212022202'

2018-05-28 13:24:39 - [MESSAGE][PASSED] - All options with index in [2] are selected on object 'Object Repository/GRN/Page_KDMC - CMS/select_20182019202020212022202'

2018-05-28 13:24:39 - [TEST_STEP][PASSED] - selectOptionByIndex: All options with index in [2] are selected on object 'Object Repository/GRN/Page_KDMC - CMS/select_JanFebMarAprMayJunJulAu'

2018-05-28 13:24:39 - [MESSAGE][PASSED] - All options with index in [2] are selected on object 'Object Repository/GRN/Page_KDMC - CMS/select_JanFebMarAprMayJunJulAu'

2018-05-28 13:24:39 - [TEST_STEP][PASSED] - click: Object: 'Object Repository/MOH AND GRN/Page_KDMC - CMS/a_12' is clicked on

2018-05-28 13:24:40 - [MESSAGE][PASSED] - Object: 'Object Repository/MOH AND GRN/Page_KDMC - CMS/a_12' is clicked on

2018-05-28 13:24:40 - [TEST_STEP][PASSED] - click: Object: 'Object Repository/MOH AND GRN/Page_KDMC - CMS/input_btnadd' is clicked on

2018-05-28 13:24:40 - [MESSAGE][PASSED] - Object: 'Object Repository/MOH AND GRN/Page_KDMC - CMS/input_btnadd' is clicked on

2018-05-28 13:24:40 - [TEST_STEP][PASSED] - Statement - If (s == 10): null

2018-05-28 13:24:40 - [TEST_STEP][PASSED] - Statement - Else: null

2018-05-28 13:24:40 - [TEST_STEP][PASSED] - Statement - (s++): null

2018-05-28 13:24:40 - [TEST_STEP][PASSED] - delay: Delayed 1 second(s)

2018-05-28 13:24:41 - [MESSAGE][PASSED] - Delayed 1 second(s)

2018-05-28 13:24:41 - [TEST_STEP][PASSED] - selectOptionByIndex: All options with index in [3] are selected on object 'Object Repository/MOH AND GRN/Page_KDMC - CMS/select_--Select--Amikacin -500'

2018-05-28 13:24:41 - [MESSAGE][PASSED] - All options with index in [3] are selected on object 'Object Repository/MOH AND GRN/Page_KDMC - CMS/select_--Select--Amikacin -500'

2018-05-28 13:24:41 - [TEST_STEP][PASSED] - setText: Text '5000' is set on object 'Object Repository/MOH AND GRN/Page_KDMC - CMS/input_txtqty'

2018-05-28 13:24:41 - [MESSAGE][PASSED] - Text '5000' is set on object 'Object Repository/MOH AND GRN/Page_KDMC - CMS/input_txtqty'

2018-05-28 13:24:41 - [TEST_STEP][PASSED] - selectOptionByIndex: All options with index in [1] are selected on object 'Object Repository/MOH AND GRN/Page_KDMC - CMS/select_--Select--No Tax0'

2018-05-28 13:24:41 - [MESSAGE][PASSED] - All options with index in [1] are selected on object 'Object Repository/MOH AND GRN/Page_KDMC - CMS/select_--Select--No Tax0'

2018-05-28 13:24:41 - [TEST_STEP][PASSED] - setText: Finding Test Object with id 'Object Repository/MOH AND GRN/Page_KDMC - CMS/input_txtmrp'

2018-05-28 13:24:41 - [TEST_STEP][PASSED] - Statement - switch (id): Finding Test Object with id 'Object Repository/MOH AND GRN/Page_KDMC - CMS/input_txtdeal'

2018-05-28 13:24:41 - [TEST_STEP][PASSED] - Statement - case 4:: Text '44.0' is set on object 'Object Repository/MOH AND GRN/Page_KDMC - CMS/input_txtmrp'

2018-05-28 13:24:41 - [TEST_STEP][PASSED] - Statement - return (java.lang.Math.floor((java.lang.Math.random() * ((max - min) + 1))) + min): Text '44.0' is set on object 'Object Repository/MOH AND GRN/Page_KDMC - CMS/input_txtmrp'

2018-05-28 13:24:41 - [MESSAGE][PASSED] - Text '44.0' is set on object 'Object Repository/MOH AND GRN/Page_KDMC - CMS/input_txtmrp'

2018-05-28 13:24:41 - [TEST_STEP][PASSED] - setText: Finding Test Object with id 'Object Repository/MOH AND GRN/Page_KDMC - CMS/input_txtdeal'

2018-05-28 13:24:41 - [TEST_STEP][PASSED] - Statement - switch (id): Finding Test Object with id 'Object Repository/MOH AND GRN/Page_KDMC - CMS/input_txtbatchno'

2018-05-28 13:24:41 - [TEST_STEP][PASSED] - Statement - case 5:: Text '3.0' is set on object 'Object Repository/MOH AND GRN/Page_KDMC - CMS/input_txtdeal'

2018-05-28 13:24:41 - [TEST_STEP][PASSED] - Statement - return (java.lang.Math.floor((java.lang.Math.random() * ((max - min) + 1))) + min): Text '3.0' is set on object 'Object Repository/MOH AND GRN/Page_KDMC - CMS/input_txtdeal'

2018-05-28 13:24:41 - [MESSAGE][PASSED] - Text '3.0' is set on object 'Object Repository/MOH AND GRN/Page_KDMC - CMS/input_txtdeal'

2018-05-28 13:24:41 - [TEST_STEP][PASSED] - setText: Finding Test Object with id 'Object Repository/MOH AND GRN/Page_KDMC - CMS/input_txtbatchno'

2018-05-28 13:24:41 - [TEST_STEP][PASSED] - Statement - switch (id): Finding Test Object with id 'Object Repository/MOH AND GRN/Page_KDMC - CMS/input_txtmrp'

2018-05-28 13:24:41 - [TEST_STEP][PASSED] - Statement - case 1:: Text 'BA835.0' is set on object 'Object Repository/MOH AND GRN/Page_KDMC - CMS/input_txtbatchno'

2018-05-28 13:24:41 - [TEST_STEP][PASSED] - Statement - return (java.lang.Math.floor((java.lang.Math.random() * ((max - min) + 1))) + min): Text 'BA835.0' is set on object 'Object Repository/MOH AND GRN/Page_KDMC - CMS/input_txtbatchno'

2018-05-28 13:24:41 - [MESSAGE][PASSED] - Text 'BA835.0' is set on object 'Object Repository/MOH AND GRN/Page_KDMC - CMS/input_txtbatchno'

2018-05-28 13:24:41 - [TEST_STEP][PASSED] - rightClick: Object: 'Object Repository/GRN/Page_KDMC - CMS/input_txtexpdate' is right clicked on

2018-05-28 13:24:41 - [MESSAGE][PASSED] - Object: 'Object Repository/GRN/Page_KDMC - CMS/input_txtexpdate' is right clicked on

2018-05-28 13:24:41 - [TEST_STEP][PASSED] - selectOptionByIndex: All options with index in [3] are selected on object 'Object Repository/GRN/Page_KDMC - CMS/select_20182019202020212022202'

2018-05-28 13:24:42 - [MESSAGE][PASSED] - All options with index in [3] are selected on object 'Object Repository/GRN/Page_KDMC - CMS/select_20182019202020212022202'

2018-05-28 13:24:42 - [TEST_STEP][PASSED] - selectOptionByIndex: All options with index in [3] are selected on object 'Object Repository/GRN/Page_KDMC - CMS/select_JanFebMarAprMayJunJulAu'

2018-05-28 13:24:42 - [MESSAGE][PASSED] - All options with index in [3] are selected on object 'Object Repository/GRN/Page_KDMC - CMS/select_JanFebMarAprMayJunJulAu'

2018-05-28 13:24:42 - [TEST_STEP][PASSED] - click: Object: 'Object Repository/MOH AND GRN/Page_KDMC - CMS/a_12' is clicked on

2018-05-28 13:24:42 - [MESSAGE][PASSED] - Object: 'Object Repository/MOH AND GRN/Page_KDMC - CMS/a_12' is clicked on

2018-05-28 13:24:42 - [TEST_STEP][PASSED] - click: Object: 'Object Repository/MOH AND GRN/Page_KDMC - CMS/input_btnadd' is clicked on

2018-05-28 13:24:42 - [MESSAGE][PASSED] - Object: 'Object Repository/MOH AND GRN/Page_KDMC - CMS/input_btnadd' is clicked on

2018-05-28 13:24:42 - [TEST_STEP][PASSED] - Statement - If (s == 10): null

2018-05-28 13:24:42 - [TEST_STEP][PASSED] - Statement - Else: null

2018-05-28 13:24:42 - [TEST_STEP][PASSED] - Statement - (s++): null

2018-05-28 13:24:42 - [TEST_STEP][PASSED] - delay: Delayed 1 second(s)

2018-05-28 13:24:43 - [MESSAGE][PASSED] - Delayed 1 second(s)

2018-05-28 13:24:43 - [TEST_STEP][PASSED] - selectOptionByIndex: All options with index in [4] are selected on object 'Object Repository/MOH AND GRN/Page_KDMC - CMS/select_--Select--Amikacin -500'

2018-05-28 13:24:43 - [MESSAGE][PASSED] - All options with index in [4] are selected on object 'Object Repository/MOH AND GRN/Page_KDMC - CMS/select_--Select--Amikacin -500'

2018-05-28 13:24:43 - [TEST_STEP][PASSED] - setText: Text '5000' is set on object 'Object Repository/MOH AND GRN/Page_KDMC - CMS/input_txtqty'

2018-05-28 13:24:43 - [MESSAGE][PASSED] - Text '5000' is set on object 'Object Repository/MOH AND GRN/Page_KDMC - CMS/input_txtqty'

2018-05-28 13:24:43 - [TEST_STEP][PASSED] - selectOptionByIndex: All options with index in [1] are selected on object 'Object Repository/MOH AND GRN/Page_KDMC - CMS/select_--Select--No Tax0'

2018-05-28 13:24:43 - [MESSAGE][PASSED] - All options with index in [1] are selected on object 'Object Repository/MOH AND GRN/Page_KDMC - CMS/select_--Select--No Tax0'

2018-05-28 13:24:43 - [TEST_STEP][PASSED] - setText: Finding Test Object with id 'Object Repository/MOH AND GRN/Page_KDMC - CMS/input_txtmrp'

2018-05-28 13:24:43 - [TEST_STEP][PASSED] - Statement - switch (id): Finding Test Object with id 'Object Repository/MOH AND GRN/Page_KDMC - CMS/input_txtdeal'

2018-05-28 13:24:43 - [TEST_STEP][PASSED] - Statement - case 4:: Text '38.0' is set on object 'Object Repository/MOH AND GRN/Page_KDMC - CMS/input_txtmrp'

2018-05-28 13:24:43 - [TEST_STEP][PASSED] - Statement - return (java.lang.Math.floor((java.lang.Math.random() * ((max - min) + 1))) + min): Text '38.0' is set on object 'Object Repository/MOH AND GRN/Page_KDMC - CMS/input_txtmrp'

2018-05-28 13:24:43 - [MESSAGE][PASSED] - Text '38.0' is set on object 'Object Repository/MOH AND GRN/Page_KDMC - CMS/input_txtmrp'

2018-05-28 13:24:43 - [TEST_STEP][PASSED] - setText: Finding Test Object with id 'Object Repository/MOH AND GRN/Page_KDMC - CMS/input_txtdeal'

2018-05-28 13:24:43 - [TEST_STEP][PASSED] - Statement - switch (id): Finding Test Object with id 'Object Repository/MOH AND GRN/Page_KDMC - CMS/input_txtbatchno'

2018-05-28 13:24:43 - [TEST_STEP][PASSED] - Statement - case 5:: Text '4.0' is set on object 'Object Repository/MOH AND GRN/Page_KDMC - CMS/input_txtdeal'

2018-05-28 13:24:43 - [TEST_STEP][PASSED] - Statement - return (java.lang.Math.floor((java.lang.Math.random() * ((max - min) + 1))) + min): Text '4.0' is set on object 'Object Repository/MOH AND GRN/Page_KDMC - CMS/input_txtdeal'

2018-05-28 13:24:43 - [MESSAGE][PASSED] - Text '4.0' is set on object 'Object Repository/MOH AND GRN/Page_KDMC - CMS/input_txtdeal'

2018-05-28 13:24:43 - [TEST_STEP][PASSED] - setText: Finding Test Object with id 'Object Repository/MOH AND GRN/Page_KDMC - CMS/input_txtbatchno'

2018-05-28 13:24:43 - [TEST_STEP][PASSED] - Statement - switch (id): Finding Test Object with id 'Object Repository/MOH AND GRN/Page_KDMC - CMS/input_txtmrp'

2018-05-28 13:24:43 - [TEST_STEP][PASSED] - Statement - case 1:: Text 'BA79.0' is set on object 'Object Repository/MOH AND GRN/Page_KDMC - CMS/input_txtbatchno'

2018-05-28 13:24:43 - [TEST_STEP][PASSED] - Statement - return (java.lang.Math.floor((java.lang.Math.random() * ((max - min) + 1))) + min): Text 'BA79.0' is set on object 'Object Repository/MOH AND GRN/Page_KDMC - CMS/input_txtbatchno'

2018-05-28 13:24:44 - [MESSAGE][PASSED] - Text 'BA79.0' is set on object 'Object Repository/MOH AND GRN/Page_KDMC - CMS/input_txtbatchno'

2018-05-28 13:24:44 - [TEST_STEP][PASSED] - rightClick: Object: 'Object Repository/GRN/Page_KDMC - CMS/input_txtexpdate' is right clicked on

2018-05-28 13:24:44 - [MESSAGE][PASSED] - Object: 'Object Repository/GRN/Page_KDMC - CMS/input_txtexpdate' is right clicked on

2018-05-28 13:24:44 - [TEST_STEP][PASSED] - selectOptionByIndex: All options with index in [4] are selected on object 'Object Repository/GRN/Page_KDMC - CMS/select_20182019202020212022202'

2018-05-28 13:24:44 - [MESSAGE][PASSED] - All options with index in [4] are selected on object 'Object Repository/GRN/Page_KDMC - CMS/select_20182019202020212022202'

2018-05-28 13:24:44 - [TEST_STEP][PASSED] - selectOptionByIndex: All options with index in [4] are selected on object 'Object Repository/GRN/Page_KDMC - CMS/select_JanFebMarAprMayJunJulAu'

2018-05-28 13:24:44 - [MESSAGE][PASSED] - All options with index in [4] are selected on object 'Object Repository/GRN/Page_KDMC - CMS/select_JanFebMarAprMayJunJulAu'

2018-05-28 13:24:44 - [TEST_STEP][PASSED] - click: Object: 'Object Repository/MOH AND GRN/Page_KDMC - CMS/a_12' is clicked on

2018-05-28 13:24:44 - [MESSAGE][PASSED] - Object: 'Object Repository/MOH AND GRN/Page_KDMC - CMS/a_12' is clicked on

2018-05-28 13:24:44 - [TEST_STEP][PASSED] - click: Object: 'Object Repository/MOH AND GRN/Page_KDMC - CMS/input_btnadd' is clicked on

2018-05-28 13:24:44 - [MESSAGE][PASSED] - Object: 'Object Repository/MOH AND GRN/Page_KDMC - CMS/input_btnadd' is clicked on

2018-05-28 13:24:44 - [TEST_STEP][PASSED] - Statement - If (s == 10): null

2018-05-28 13:24:44 - [TEST_STEP][PASSED] - Statement - Else: null

2018-05-28 13:24:44 - [TEST_STEP][PASSED] - Statement - (s++): null

2018-05-28 13:24:44 - [TEST_STEP][PASSED] - delay: Delayed 1 second(s)

2018-05-28 13:24:45 - [MESSAGE][PASSED] - Delayed 1 second(s)

2018-05-28 13:24:45 - [TEST_STEP][PASSED] - selectOptionByIndex: All options with index in [5] are selected on object 'Object Repository/MOH AND GRN/Page_KDMC - CMS/select_--Select--Amikacin -500'

2018-05-28 13:24:45 - [MESSAGE][PASSED] - All options with index in [5] are selected on object 'Object Repository/MOH AND GRN/Page_KDMC - CMS/select_--Select--Amikacin -500'

2018-05-28 13:24:45 - [TEST_STEP][PASSED] - setText: Text '5000' is set on object 'Object Repository/MOH AND GRN/Page_KDMC - CMS/input_txtqty'

2018-05-28 13:24:45 - [MESSAGE][PASSED] - Text '5000' is set on object 'Object Repository/MOH AND GRN/Page_KDMC - CMS/input_txtqty'

2018-05-28 13:24:45 - [TEST_STEP][PASSED] - selectOptionByIndex: All options with index in [1] are selected on object 'Object Repository/MOH AND GRN/Page_KDMC - CMS/select_--Select--No Tax0'

2018-05-28 13:24:45 - [MESSAGE][PASSED] - All options with index in [1] are selected on object 'Object Repository/MOH AND GRN/Page_KDMC - CMS/select_--Select--No Tax0'

2018-05-28 13:24:45 - [TEST_STEP][PASSED] - setText: Finding Test Object with id 'Object Repository/MOH AND GRN/Page_KDMC - CMS/input_txtmrp'

2018-05-28 13:24:45 - [TEST_STEP][PASSED] - Statement - switch (id): Finding Test Object with id 'Object Repository/MOH AND GRN/Page_KDMC - CMS/input_txtdeal'

2018-05-28 13:24:45 - [TEST_STEP][PASSED] - Statement - case 4:: Text '37.0' is set on object 'Object Repository/MOH AND GRN/Page_KDMC - CMS/input_txtmrp'

2018-05-28 13:24:45 - [TEST_STEP][PASSED] - Statement - return (java.lang.Math.floor((java.lang.Math.random() * ((max - min) + 1))) + min): Text '37.0' is set on object 'Object Repository/MOH AND GRN/Page_KDMC - CMS/input_txtmrp'

2018-05-28 13:24:46 - [MESSAGE][PASSED] - Text '37.0' is set on object 'Object Repository/MOH AND GRN/Page_KDMC - CMS/input_txtmrp'

2018-05-28 13:24:46 - [TEST_STEP][PASSED] - setText: Finding Test Object with id 'Object Repository/MOH AND GRN/Page_KDMC - CMS/input_txtdeal'

2018-05-28 13:24:46 - [TEST_STEP][PASSED] - Statement - switch (id): Finding Test Object with id 'Object Repository/MOH AND GRN/Page_KDMC - CMS/input_txtbatchno'

2018-05-28 13:24:46 - [TEST_STEP][PASSED] - Statement - case 5:: Text '5.0' is set on object 'Object Repository/MOH AND GRN/Page_KDMC - CMS/input_txtdeal'

2018-05-28 13:24:46 - [TEST_STEP][PASSED] - Statement - return (java.lang.Math.floor((java.lang.Math.random() * ((max - min) + 1))) + min): Text '5.0' is set on object 'Object Repository/MOH AND GRN/Page_KDMC - CMS/input_txtdeal'

2018-05-28 13:24:46 - [MESSAGE][PASSED] - Text '5.0' is set on object 'Object Repository/MOH AND GRN/Page_KDMC - CMS/input_txtdeal'

2018-05-28 13:24:46 - [TEST_STEP][PASSED] - setText: Finding Test Object with id 'Object Repository/MOH AND GRN/Page_KDMC - CMS/input_txtbatchno'

2018-05-28 13:24:46 - [TEST_STEP][PASSED] - Statement - switch (id): Finding Test Object with id 'Object Repository/MOH AND GRN/Page_KDMC - CMS/input_txtmrp'

2018-05-28 13:24:46 - [TEST_STEP][PASSED] - Statement - case 1:: Text 'BA638.0' is set on object 'Object Repository/MOH AND GRN/Page_KDMC - CMS/input_txtbatchno'

2018-05-28 13:24:46 - [TEST_STEP][PASSED] - Statement - return (java.lang.Math.floor((java.lang.Math.random() * ((max - min) + 1))) + min): Text 'BA638.0' is set on object 'Object Repository/MOH AND GRN/Page_KDMC - CMS/input_txtbatchno'

2018-05-28 13:24:46 - [MESSAGE][PASSED] - Text 'BA638.0' is set on object 'Object Repository/MOH AND GRN/Page_KDMC - CMS/input_txtbatchno'

2018-05-28 13:24:46 - [TEST_STEP][PASSED] - rightClick: Object: 'Object Repository/GRN/Page_KDMC - CMS/input_txtexpdate' is right clicked on

2018-05-28 13:24:46 - [MESSAGE][PASSED] - Object: 'Object Repository/GRN/Page_KDMC - CMS/input_txtexpdate' is right clicked on

2018-05-28 13:24:46 - [TEST_STEP][PASSED] - selectOptionByIndex: All options with index in [5] are selected on object 'Object Repository/GRN/Page_KDMC - CMS/select_20182019202020212022202'

2018-05-28 13:24:46 - [MESSAGE][PASSED] - All options with index in [5] are selected on object 'Object Repository/GRN/Page_KDMC - CMS/select_20182019202020212022202'

2018-05-28 13:24:46 - [TEST_STEP][PASSED] - selectOptionByIndex: All options with index in [5] are selected on object 'Object Repository/GRN/Page_KDMC - CMS/select_JanFebMarAprMayJunJulAu'

2018-05-28 13:24:46 - [MESSAGE][PASSED] - All options with index in [5] are selected on object 'Object Repository/GRN/Page_KDMC - CMS/select_JanFebMarAprMayJunJulAu'

2018-05-28 13:24:46 - [TEST_STEP][PASSED] - click: Object: 'Object Repository/MOH AND GRN/Page_KDMC - CMS/a_12' is clicked on

2018-05-28 13:24:46 - [MESSAGE][PASSED] - Object: 'Object Repository/MOH AND GRN/Page_KDMC - CMS/a_12' is clicked on

2018-05-28 13:24:46 - [TEST_STEP][PASSED] - click: Object: 'Object Repository/MOH AND GRN/Page_KDMC - CMS/input_btnadd' is clicked on

2018-05-28 13:24:46 - [MESSAGE][PASSED] - Object: 'Object Repository/MOH AND GRN/Page_KDMC - CMS/input_btnadd' is clicked on

2018-05-28 13:24:46 - [TEST_STEP][PASSED] - Statement - If (s == 10): null

2018-05-28 13:24:46 - [TEST_STEP][PASSED] - Statement - Else: null

2018-05-28 13:24:46 - [TEST_STEP][PASSED] - Statement - (s++): null

2018-05-28 13:24:46 - [TEST_STEP][PASSED] - delay: Delayed 1 second(s)

2018-05-28 13:24:47 - [MESSAGE][PASSED] - Delayed 1 second(s)

2018-05-28 13:24:47 - [TEST_STEP][PASSED] - selectOptionByIndex: All options with index in [6] are selected on object 'Object Repository/MOH AND GRN/Page_KDMC - CMS/select_--Select--Amikacin -500'

2018-05-28 13:24:47 - [MESSAGE][PASSED] - All options with index in [6] are selected on object 'Object Repository/MOH AND GRN/Page_KDMC - CMS/select_--Select--Amikacin -500'

2018-05-28 13:24:47 - [TEST_STEP][PASSED] - setText: Text '5000' is set on object 'Object Repository/MOH AND GRN/Page_KDMC - CMS/input_txtqty'

2018-05-28 13:24:48 - [MESSAGE][PASSED] - Text '5000' is set on object 'Object Repository/MOH AND GRN/Page_KDMC - CMS/input_txtqty'

2018-05-28 13:24:48 - [TEST_STEP][PASSED] - selectOptionByIndex: All options with index in [1] are selected on object 'Object Repository/MOH AND GRN/Page_KDMC - CMS/select_--Select--No Tax0'

2018-05-28 13:24:48 - [MESSAGE][PASSED] - All options with index in [1] are selected on object 'Object Repository/MOH AND GRN/Page_KDMC - CMS/select_--Select--No Tax0'

2018-05-28 13:24:48 - [TEST_STEP][PASSED] - setText: Finding Test Object with id 'Object Repository/MOH AND GRN/Page_KDMC - CMS/input_txtmrp'

2018-05-28 13:24:48 - [TEST_STEP][PASSED] - Statement - switch (id): Finding Test Object with id 'Object Repository/MOH AND GRN/Page_KDMC - CMS/input_txtdeal'

2018-05-28 13:24:48 - [TEST_STEP][PASSED] - Statement - case 4:: Text '25.0' is set on object 'Object Repository/MOH AND GRN/Page_KDMC - CMS/input_txtmrp'

2018-05-28 13:24:48 - [TEST_STEP][PASSED] - Statement - return (java.lang.Math.floor((java.lang.Math.random() * ((max - min) + 1))) + min): Text '25.0' is set on object 'Object Repository/MOH AND GRN/Page_KDMC - CMS/input_txtmrp'

2018-05-28 13:24:48 - [MESSAGE][PASSED] - Text '25.0' is set on object 'Object Repository/MOH AND GRN/Page_KDMC - CMS/input_txtmrp'

2018-05-28 13:24:48 - [TEST_STEP][PASSED] - setText: Finding Test Object with id 'Object Repository/MOH AND GRN/Page_KDMC - CMS/input_txtdeal'

2018-05-28 13:24:48 - [TEST_STEP][PASSED] - Statement - switch (id): Finding Test Object with id 'Object Repository/MOH AND GRN/Page_KDMC - CMS/input_txtbatchno'

2018-05-28 13:24:48 - [TEST_STEP][PASSED] - Statement - case 5:: Text '12.0' is set on object 'Object Repository/MOH AND GRN/Page_KDMC - CMS/input_txtdeal'

2018-05-28 13:24:48 - [TEST_STEP][PASSED] - Statement - return (java.lang.Math.floor((java.lang.Math.random() * ((max - min) + 1))) + min): Text '12.0' is set on object 'Object Repository/MOH AND GRN/Page_KDMC - CMS/input_txtdeal'

2018-05-28 13:24:48 - [MESSAGE][PASSED] - Text '12.0' is set on object 'Object Repository/MOH AND GRN/Page_KDMC - CMS/input_txtdeal'

2018-05-28 13:24:48 - [TEST_STEP][PASSED] - setText: Finding Test Object with id 'Object Repository/MOH AND GRN/Page_KDMC - CMS/input_txtbatchno'

2018-05-28 13:24:48 - [TEST_STEP][PASSED] - Statement - switch (id): Finding Test Object with id 'Object Repository/MOH AND GRN/Page_KDMC - CMS/input_txtmrp'

2018-05-28 13:24:48 - [TEST_STEP][PASSED] - Statement - case 1:: Text 'BA441.0' is set on object 'Object Repository/MOH AND GRN/Page_KDMC - CMS/input_txtbatchno'

2018-05-28 13:24:48 - [TEST_STEP][PASSED] - Statement - return (java.lang.Math.floor((java.lang.Math.random() * ((max - min) + 1))) + min): Text 'BA441.0' is set on object 'Object Repository/MOH AND GRN/Page_KDMC - CMS/input_txtbatchno'

2018-05-28 13:24:48 - [MESSAGE][PASSED] - Text 'BA441.0' is set on object 'Object Repository/MOH AND GRN/Page_KDMC - CMS/input_txtbatchno'

2018-05-28 13:24:48 - [TEST_STEP][PASSED] - rightClick: Object: 'Object Repository/GRN/Page_KDMC - CMS/input_txtexpdate' is right clicked on

2018-05-28 13:24:48 - [MESSAGE][PASSED] - Object: 'Object Repository/GRN/Page_KDMC - CMS/input_txtexpdate' is right clicked on

2018-05-28 13:24:48 - [TEST_STEP][PASSED] - selectOptionByIndex: All options with index in [6] are selected on object 'Object Repository/GRN/Page_KDMC - CMS/select_20182019202020212022202'

2018-05-28 13:24:48 - [MESSAGE][PASSED] - All options with index in [6] are selected on object 'Object Repository/GRN/Page_KDMC - CMS/select_20182019202020212022202'

2018-05-28 13:24:48 - [TEST_STEP][PASSED] - selectOptionByIndex: All options with index in [6] are selected on object 'Object Repository/GRN/Page_KDMC - CMS/select_JanFebMarAprMayJunJulAu'

2018-05-28 13:24:48 - [MESSAGE][PASSED] - All options with index in [6] are selected on object 'Object Repository/GRN/Page_KDMC - CMS/select_JanFebMarAprMayJunJulAu'

2018-05-28 13:24:48 - [TEST_STEP][PASSED] - click: Object: 'Object Repository/MOH AND GRN/Page_KDMC - CMS/a_12' is clicked on

2018-05-28 13:24:49 - [MESSAGE][PASSED] - Object: 'Object Repository/MOH AND GRN/Page_KDMC - CMS/a_12' is clicked on

2018-05-28 13:24:49 - [TEST_STEP][PASSED] - click: Object: 'Object Repository/MOH AND GRN/Page_KDMC - CMS/input_btnadd' is clicked on

2018-05-28 13:24:49 - [MESSAGE][PASSED] - Object: 'Object Repository/MOH AND GRN/Page_KDMC - CMS/input_btnadd' is clicked on

2018-05-28 13:24:49 - [TEST_STEP][PASSED] - Statement - If (s == 10): null

2018-05-28 13:24:49 - [TEST_STEP][PASSED] - Statement - Else: null

2018-05-28 13:24:49 - [TEST_STEP][PASSED] - Statement - (s++): null

2018-05-28 13:24:49 - [TEST_STEP][PASSED] - delay: Delayed 1 second(s)

2018-05-28 13:24:50 - [MESSAGE][PASSED] - Delayed 1 second(s)

2018-05-28 13:24:50 - [TEST_STEP][PASSED] - selectOptionByIndex: All options with index in [7] are selected on object 'Object Repository/MOH AND GRN/Page_KDMC - CMS/select_--Select--Amikacin -500'

2018-05-28 13:24:50 - [MESSAGE][PASSED] - All options with index in [7] are selected on object 'Object Repository/MOH AND GRN/Page_KDMC - CMS/select_--Select--Amikacin -500'

2018-05-28 13:24:50 - [TEST_STEP][PASSED] - setText: Text '5000' is set on object 'Object Repository/MOH AND GRN/Page_KDMC - CMS/input_txtqty'

2018-05-28 13:24:50 - [MESSAGE][PASSED] - Text '5000' is set on object 'Object Repository/MOH AND GRN/Page_KDMC - CMS/input_txtqty'

2018-05-28 13:24:50 - [TEST_STEP][PASSED] - selectOptionByIndex: All options with index in [1] are selected on object 'Object Repository/MOH AND GRN/Page_KDMC - CMS/select_--Select--No Tax0'

2018-05-28 13:24:50 - [MESSAGE][PASSED] - All options with index in [1] are selected on object 'Object Repository/MOH AND GRN/Page_KDMC - CMS/select_--Select--No Tax0'

2018-05-28 13:24:50 - [TEST_STEP][PASSED] - setText: Finding Test Object with id 'Object Repository/MOH AND GRN/Page_KDMC - CMS/input_txtmrp'

2018-05-28 13:24:50 - [TEST_STEP][PASSED] - Statement - switch (id): Finding Test Object with id 'Object Repository/MOH AND GRN/Page_KDMC - CMS/input_txtdeal'

2018-05-28 13:24:50 - [TEST_STEP][PASSED] - Statement - case 4:: Text '40.0' is set on object 'Object Repository/MOH AND GRN/Page_KDMC - CMS/input_txtmrp'

2018-05-28 13:24:50 - [TEST_STEP][PASSED] - Statement - return (java.lang.Math.floor((java.lang.Math.random() * ((max - min) + 1))) + min): Text '40.0' is set on object 'Object Repository/MOH AND GRN/Page_KDMC - CMS/input_txtmrp'

2018-05-28 13:24:50 - [MESSAGE][PASSED] - Text '40.0' is set on object 'Object Repository/MOH AND GRN/Page_KDMC - CMS/input_txtmrp'

2018-05-28 13:24:50 - [TEST_STEP][PASSED] - setText: Finding Test Object with id 'Object Repository/MOH AND GRN/Page_KDMC - CMS/input_txtdeal'

2018-05-28 13:24:50 - [TEST_STEP][PASSED] - Statement - switch (id): Finding Test Object with id 'Object Repository/MOH AND GRN/Page_KDMC - CMS/input_txtbatchno'

2018-05-28 13:24:50 - [TEST_STEP][PASSED] - Statement - case 5:: Text '3.0' is set on object 'Object Repository/MOH AND GRN/Page_KDMC - CMS/input_txtdeal'

2018-05-28 13:24:50 - [TEST_STEP][PASSED] - Statement - return (java.lang.Math.floor((java.lang.Math.random() * ((max - min) + 1))) + min): Text '3.0' is set on object 'Object Repository/MOH AND GRN/Page_KDMC - CMS/input_txtdeal'

2018-05-28 13:24:50 - [MESSAGE][PASSED] - Text '3.0' is set on object 'Object Repository/MOH AND GRN/Page_KDMC - CMS/input_txtdeal'

2018-05-28 13:24:50 - [TEST_STEP][PASSED] - setText: Finding Test Object with id 'Object Repository/MOH AND GRN/Page_KDMC - CMS/input_txtbatchno'

2018-05-28 13:24:50 - [TEST_STEP][PASSED] - Statement - switch (id): Finding Test Object with id 'Object Repository/MOH AND GRN/Page_KDMC - CMS/input_txtmrp'

2018-05-28 13:24:50 - [TEST_STEP][PASSED] - Statement - case 1:: Text 'BA815.0' is set on object 'Object Repository/MOH AND GRN/Page_KDMC - CMS/input_txtbatchno'

2018-05-28 13:24:50 - [TEST_STEP][PASSED] - Statement - return (java.lang.Math.floor((java.lang.Math.random() * ((max - min) + 1))) + min): Text 'BA815.0' is set on object 'Object Repository/MOH AND GRN/Page_KDMC - CMS/input_txtbatchno'

2018-05-28 13:24:50 - [MESSAGE][PASSED] - Text 'BA815.0' is set on object 'Object Repository/MOH AND GRN/Page_KDMC - CMS/input_txtbatchno'

2018-05-28 13:24:50 - [TEST_STEP][PASSED] - rightClick: Object: 'Object Repository/GRN/Page_KDMC - CMS/input_txtexpdate' is right clicked on

2018-05-28 13:24:50 - [MESSAGE][PASSED] - Object: 'Object Repository/GRN/Page_KDMC - CMS/input_txtexpdate' is right clicked on

2018-05-28 13:24:50 - [TEST_STEP][PASSED] - selectOptionByIndex: All options with index in [7] are selected on object 'Object Repository/GRN/Page_KDMC - CMS/select_20182019202020212022202'

2018-05-28 13:24:51 - [MESSAGE][PASSED] - All options with index in [7] are selected on object 'Object Repository/GRN/Page_KDMC - CMS/select_20182019202020212022202'

2018-05-28 13:24:51 - [TEST_STEP][PASSED] - selectOptionByIndex: All options with index in [7] are selected on object 'Object Repository/GRN/Page_KDMC - CMS/select_JanFebMarAprMayJunJulAu'

2018-05-28 13:24:51 - [MESSAGE][PASSED] - All options with index in [7] are selected on object 'Object Repository/GRN/Page_KDMC - CMS/select_JanFebMarAprMayJunJulAu'

2018-05-28 13:24:51 - [TEST_STEP][PASSED] - click: Object: 'Object Repository/MOH AND GRN/Page_KDMC - CMS/a_12' is clicked on

2018-05-28 13:24:51 - [MESSAGE][PASSED] - Object: 'Object Repository/MOH AND GRN/Page_KDMC - CMS/a_12' is clicked on

2018-05-28 13:24:51 - [TEST_STEP][PASSED] - click: Object: 'Object Repository/MOH AND GRN/Page_KDMC - CMS/input_btnadd' is clicked on

2018-05-28 13:24:51 - [MESSAGE][PASSED] - Object: 'Object Repository/MOH AND GRN/Page_KDMC - CMS/input_btnadd' is clicked on

2018-05-28 13:24:51 - [TEST_STEP][PASSED] - Statement - If (s == 10): null

2018-05-28 13:24:51 - [TEST_STEP][PASSED] - Statement - Else: null

2018-05-28 13:24:51 - [TEST_STEP][PASSED] - Statement - (s++): null

2018-05-28 13:24:51 - [TEST_STEP][PASSED] - delay: Delayed 1 second(s)

2018-05-28 13:24:52 - [MESSAGE][PASSED] - Delayed 1 second(s)

2018-05-28 13:24:52 - [TEST_STEP][PASSED] - selectOptionByIndex: All options with index in [8] are selected on object 'Object Repository/MOH AND GRN/Page_KDMC - CMS/select_--Select--Amikacin -500'

2018-05-28 13:24:52 - [MESSAGE][PASSED] - All options with index in [8] are selected on object 'Object Repository/MOH AND GRN/Page_KDMC - CMS/select_--Select--Amikacin -500'

2018-05-28 13:24:52 - [TEST_STEP][PASSED] - setText: Text '5000' is set on object 'Object Repository/MOH AND GRN/Page_KDMC - CMS/input_txtqty'

2018-05-28 13:24:52 - [MESSAGE][PASSED] - Text '5000' is set on object 'Object Repository/MOH AND GRN/Page_KDMC - CMS/input_txtqty'

2018-05-28 13:24:52 - [TEST_STEP][PASSED] - selectOptionByIndex: All options with index in [1] are selected on object 'Object Repository/MOH AND GRN/Page_KDMC - CMS/select_--Select--No Tax0'

2018-05-28 13:24:53 - [MESSAGE][PASSED] - All options with index in [1] are selected on object 'Object Repository/MOH AND GRN/Page_KDMC - CMS/select_--Select--No Tax0'

2018-05-28 13:24:53 - [TEST_STEP][PASSED] - setText: Finding Test Object with id 'Object Repository/MOH AND GRN/Page_KDMC - CMS/input_txtmrp'

2018-05-28 13:24:53 - [TEST_STEP][PASSED] - Statement - switch (id): Finding Test Object with id 'Object Repository/MOH AND GRN/Page_KDMC - CMS/input_txtdeal'

2018-05-28 13:24:53 - [TEST_STEP][PASSED] - Statement - case 4:: Text '35.0' is set on object 'Object Repository/MOH AND GRN/Page_KDMC - CMS/input_txtmrp'

2018-05-28 13:24:53 - [TEST_STEP][PASSED] - Statement - return (java.lang.Math.floor((java.lang.Math.random() * ((max - min) + 1))) + min): Text '35.0' is set on object 'Object Repository/MOH AND GRN/Page_KDMC - CMS/input_txtmrp'

2018-05-28 13:24:53 - [MESSAGE][PASSED] - Text '35.0' is set on object 'Object Repository/MOH AND GRN/Page_KDMC - CMS/input_txtmrp'

2018-05-28 13:24:53 - [TEST_STEP][PASSED] - setText: Finding Test Object with id 'Object Repository/MOH AND GRN/Page_KDMC - CMS/input_txtdeal'

2018-05-28 13:24:53 - [TEST_STEP][PASSED] - Statement - switch (id): Finding Test Object with id 'Object Repository/MOH AND GRN/Page_KDMC - CMS/input_txtbatchno'

2018-05-28 13:24:53 - [TEST_STEP][PASSED] - Statement - case 5:: Text '10.0' is set on object 'Object Repository/MOH AND GRN/Page_KDMC - CMS/input_txtdeal'

2018-05-28 13:24:53 - [TEST_STEP][PASSED] - Statement - return (java.lang.Math.floor((java.lang.Math.random() * ((max - min) + 1))) + min): Text '10.0' is set on object 'Object Repository/MOH AND GRN/Page_KDMC - CMS/input_txtdeal'

2018-05-28 13:24:53 - [MESSAGE][PASSED] - Text '10.0' is set on object 'Object Repository/MOH AND GRN/Page_KDMC - CMS/input_txtdeal'

2018-05-28 13:24:53 - [TEST_STEP][PASSED] - setText: Finding Test Object with id 'Object Repository/MOH AND GRN/Page_KDMC - CMS/input_txtbatchno'

2018-05-28 13:24:53 - [TEST_STEP][PASSED] - Statement - switch (id): Finding Test Object with id 'Object Repository/MOH AND GRN/Page_KDMC - CMS/input_txtmrp'

2018-05-28 13:24:53 - [TEST_STEP][PASSED] - Statement - case 1:: Text 'BA985.0' is set on object 'Object Repository/MOH AND GRN/Page_KDMC - CMS/input_txtbatchno'

2018-05-28 13:24:53 - [TEST_STEP][PASSED] - Statement - return (java.lang.Math.floor((java.lang.Math.random() * ((max - min) + 1))) + min): Text 'BA985.0' is set on object 'Object Repository/MOH AND GRN/Page_KDMC - CMS/input_txtbatchno'

2018-05-28 13:24:53 - [MESSAGE][PASSED] - Text 'BA985.0' is set on object 'Object Repository/MOH AND GRN/Page_KDMC - CMS/input_txtbatchno'

2018-05-28 13:24:53 - [TEST_STEP][PASSED] - rightClick: Object: 'Object Repository/GRN/Page_KDMC - CMS/input_txtexpdate' is right clicked on

2018-05-28 13:24:53 - [MESSAGE][PASSED] - Object: 'Object Repository/GRN/Page_KDMC - CMS/input_txtexpdate' is right clicked on

2018-05-28 13:24:53 - [TEST_STEP][PASSED] - selectOptionByIndex: All options with index in [8] are selected on object 'Object Repository/GRN/Page_KDMC - CMS/select_20182019202020212022202'

2018-05-28 13:24:53 - [MESSAGE][PASSED] - All options with index in [8] are selected on object 'Object Repository/GRN/Page_KDMC - CMS/select_20182019202020212022202'

2018-05-28 13:24:53 - [TEST_STEP][PASSED] - selectOptionByIndex: All options with index in [8] are selected on object 'Object Repository/GRN/Page_KDMC - CMS/select_JanFebMarAprMayJunJulAu'

2018-05-28 13:24:53 - [MESSAGE][PASSED] - All options with index in [8] are selected on object 'Object Repository/GRN/Page_KDMC - CMS/select_JanFebMarAprMayJunJulAu'

2018-05-28 13:24:53 - [TEST_STEP][PASSED] - click: Object: 'Object Repository/MOH AND GRN/Page_KDMC - CMS/a_12' is clicked on

2018-05-28 13:24:53 - [MESSAGE][PASSED] - Object: 'Object Repository/MOH AND GRN/Page_KDMC - CMS/a_12' is clicked on

2018-05-28 13:24:53 - [TEST_STEP][PASSED] - click: Object: 'Object Repository/MOH AND GRN/Page_KDMC - CMS/input_btnadd' is clicked on

2018-05-28 13:24:53 - [MESSAGE][PASSED] - Object: 'Object Repository/MOH AND GRN/Page_KDMC - CMS/input_btnadd' is clicked on

2018-05-28 13:24:53 - [TEST_STEP][PASSED] - Statement - If (s == 10): null

2018-05-28 13:24:53 - [TEST_STEP][PASSED] - Statement - Else: null

2018-05-28 13:24:53 - [TEST_STEP][PASSED] - Statement - (s++): null

2018-05-28 13:24:53 - [TEST_STEP][PASSED] - delay: Delayed 1 second(s)

2018-05-28 13:24:54 - [MESSAGE][PASSED] - Delayed 1 second(s)

2018-05-28 13:24:54 - [TEST_STEP][PASSED] - selectOptionByIndex: All options with index in [9] are selected on object 'Object Repository/MOH AND GRN/Page_KDMC - CMS/select_--Select--Amikacin -500'

2018-05-28 13:24:55 - [MESSAGE][PASSED] - All options with index in [9] are selected on object 'Object Repository/MOH AND GRN/Page_KDMC - CMS/select_--Select--Amikacin -500'

2018-05-28 13:24:55 - [TEST_STEP][PASSED] - setText: Text '5000' is set on object 'Object Repository/MOH AND GRN/Page_KDMC - CMS/input_txtqty'

2018-05-28 13:24:55 - [MESSAGE][PASSED] - Text '5000' is set on object 'Object Repository/MOH AND GRN/Page_KDMC - CMS/input_txtqty'

2018-05-28 13:24:55 - [TEST_STEP][PASSED] - selectOptionByIndex: All options with index in [1] are selected on object 'Object Repository/MOH AND GRN/Page_KDMC - CMS/select_--Select--No Tax0'

2018-05-28 13:24:55 - [MESSAGE][PASSED] - All options with index in [1] are selected on object 'Object Repository/MOH AND GRN/Page_KDMC - CMS/select_--Select--No Tax0'

2018-05-28 13:24:55 - [TEST_STEP][PASSED] - setText: Finding Test Object with id 'Object Repository/MOH AND GRN/Page_KDMC - CMS/input_txtmrp'

2018-05-28 13:24:55 - [TEST_STEP][PASSED] - Statement - switch (id): Finding Test Object with id 'Object Repository/MOH AND GRN/Page_KDMC - CMS/input_txtdeal'

2018-05-28 13:24:55 - [TEST_STEP][PASSED] - Statement - case 4:: Text '24.0' is set on object 'Object Repository/MOH AND GRN/Page_KDMC - CMS/input_txtmrp'

2018-05-28 13:24:55 - [TEST_STEP][PASSED] - Statement - return (java.lang.Math.floor((java.lang.Math.random() * ((max - min) + 1))) + min): Text '24.0' is set on object 'Object Repository/MOH AND GRN/Page_KDMC - CMS/input_txtmrp'

2018-05-28 13:24:55 - [MESSAGE][PASSED] - Text '24.0' is set on object 'Object Repository/MOH AND GRN/Page_KDMC - CMS/input_txtmrp'

2018-05-28 13:24:55 - [TEST_STEP][PASSED] - setText: Finding Test Object with id 'Object Repository/MOH AND GRN/Page_KDMC - CMS/input_txtdeal'

2018-05-28 13:24:55 - [TEST_STEP][PASSED] - Statement - switch (id): Finding Test Object with id 'Object Repository/MOH AND GRN/Page_KDMC - CMS/input_txtbatchno'

2018-05-28 13:24:55 - [TEST_STEP][PASSED] - Statement - case 5:: Text '1.0' is set on object 'Object Repository/MOH AND GRN/Page_KDMC - CMS/input_txtdeal'

2018-05-28 13:24:55 - [TEST_STEP][PASSED] - Statement - return (java.lang.Math.floor((java.lang.Math.random() * ((max - min) + 1))) + min): Text '1.0' is set on object 'Object Repository/MOH AND GRN/Page_KDMC - CMS/input_txtdeal'

2018-05-28 13:24:55 - [MESSAGE][PASSED] - Text '1.0' is set on object 'Object Repository/MOH AND GRN/Page_KDMC - CMS/input_txtdeal'

2018-05-28 13:24:55 - [TEST_STEP][PASSED] - setText: Finding Test Object with id 'Object Repository/MOH AND GRN/Page_KDMC - CMS/input_txtbatchno'

2018-05-28 13:24:55 - [TEST_STEP][PASSED] - Statement - switch (id): Finding Test Object with id 'Object Repository/MOH AND GRN/Page_KDMC - CMS/input_txtmrp'

2018-05-28 13:24:55 - [TEST_STEP][PASSED] - Statement - case 1:: Text 'BA778.0' is set on object 'Object Repository/MOH AND GRN/Page_KDMC - CMS/input_txtbatchno'

2018-05-28 13:24:55 - [TEST_STEP][PASSED] - Statement - return (java.lang.Math.floor((java.lang.Math.random() * ((max - min) + 1))) + min): Text 'BA778.0' is set on object 'Object Repository/MOH AND GRN/Page_KDMC - CMS/input_txtbatchno'

2018-05-28 13:24:55 - [MESSAGE][PASSED] - Text 'BA778.0' is set on object 'Object Repository/MOH AND GRN/Page_KDMC - CMS/input_txtbatchno'

2018-05-28 13:24:55 - [TEST_STEP][PASSED] - rightClick: Object: 'Object Repository/GRN/Page_KDMC - CMS/input_txtexpdate' is right clicked on

2018-05-28 13:24:55 - [MESSAGE][PASSED] - Object: 'Object Repository/GRN/Page_KDMC - CMS/input_txtexpdate' is right clicked on

2018-05-28 13:24:55 - [TEST_STEP][PASSED] - selectOptionByIndex: All options with index in [9] are selected on object 'Object Repository/GRN/Page_KDMC - CMS/select_20182019202020212022202'

2018-05-28 13:24:56 - [MESSAGE][PASSED] - All options with index in [9] are selected on object 'Object Repository/GRN/Page_KDMC - CMS/select_20182019202020212022202'

2018-05-28 13:24:56 - [TEST_STEP][PASSED] - selectOptionByIndex: All options with index in [9] are selected on object 'Object Repository/GRN/Page_KDMC - CMS/select_JanFebMarAprMayJunJulAu'

2018-05-28 13:24:56 - [MESSAGE][PASSED] - All options with index in [9] are selected on object 'Object Repository/GRN/Page_KDMC - CMS/select_JanFebMarAprMayJunJulAu'

2018-05-28 13:24:56 - [TEST_STEP][PASSED] - click: Object: 'Object Repository/MOH AND GRN/Page_KDMC - CMS/a_12' is clicked on

2018-05-28 13:24:56 - [MESSAGE][PASSED] - Object: 'Object Repository/MOH AND GRN/Page_KDMC - CMS/a_12' is clicked on

2018-05-28 13:24:56 - [TEST_STEP][PASSED] - click: Object: 'Object Repository/MOH AND GRN/Page_KDMC - CMS/input_btnadd' is clicked on

2018-05-28 13:24:56 - [MESSAGE][PASSED] - Object: 'Object Repository/MOH AND GRN/Page_KDMC - CMS/input_btnadd' is clicked on

2018-05-28 13:24:56 - [TEST_STEP][PASSED] - Statement - If (s == 10): null

2018-05-28 13:24:56 - [TEST_STEP][PASSED] - Statement - Else: null

2018-05-28 13:24:56 - [TEST_STEP][PASSED] - Statement - (s++): null

2018-05-28 13:24:56 - [TEST_STEP][PASSED] - delay: Delayed 1 second(s)

2018-05-28 13:24:57 - [MESSAGE][PASSED] - Delayed 1 second(s)

2018-05-28 13:24:57 - [TEST_STEP][PASSED] - selectOptionByIndex: All options with index in [10] are selected on object 'Object Repository/MOH AND GRN/Page_KDMC - CMS/select_--Select--Amikacin -500'

2018-05-28 13:24:57 - [MESSAGE][PASSED] - All options with index in [10] are selected on object 'Object Repository/MOH AND GRN/Page_KDMC - CMS/select_--Select--Amikacin -500'

2018-05-28 13:24:57 - [TEST_STEP][PASSED] - setText: Text '5000' is set on object 'Object Repository/MOH AND GRN/Page_KDMC - CMS/input_txtqty'

2018-05-28 13:24:57 - [MESSAGE][PASSED] - Text '5000' is set on object 'Object Repository/MOH AND GRN/Page_KDMC - CMS/input_txtqty'

2018-05-28 13:24:57 - [TEST_STEP][PASSED] - selectOptionByIndex: All options with index in [1] are selected on object 'Object Repository/MOH AND GRN/Page_KDMC - CMS/select_--Select--No Tax0'

2018-05-28 13:24:57 - [MESSAGE][PASSED] - All options with index in [1] are selected on object 'Object Repository/MOH AND GRN/Page_KDMC - CMS/select_--Select--No Tax0'

2018-05-28 13:24:57 - [TEST_STEP][PASSED] - setText: Finding Test Object with id 'Object Repository/MOH AND GRN/Page_KDMC - CMS/input_txtmrp'

2018-05-28 13:24:57 - [TEST_STEP][PASSED] - Statement - switch (id): Finding Test Object with id 'Object Repository/MOH AND GRN/Page_KDMC - CMS/input_txtdeal'

2018-05-28 13:24:57 - [TEST_STEP][PASSED] - Statement - case 4:: Text '21.0' is set on object 'Object Repository/MOH AND GRN/Page_KDMC - CMS/input_txtmrp'

2018-05-28 13:24:57 - [TEST_STEP][PASSED] - Statement - return (java.lang.Math.floor((java.lang.Math.random() * ((max - min) + 1))) + min): Text '21.0' is set on object 'Object Repository/MOH AND GRN/Page_KDMC - CMS/input_txtmrp'

2018-05-28 13:24:57 - [MESSAGE][PASSED] - Text '21.0' is set on object 'Object Repository/MOH AND GRN/Page_KDMC - CMS/input_txtmrp'

2018-05-28 13:24:57 - [TEST_STEP][PASSED] - setText: Finding Test Object with id 'Object Repository/MOH AND GRN/Page_KDMC - CMS/input_txtdeal'

2018-05-28 13:24:57 - [TEST_STEP][PASSED] - Statement - switch (id): Finding Test Object with id 'Object Repository/MOH AND GRN/Page_KDMC - CMS/input_txtbatchno'

2018-05-28 13:24:57 - [TEST_STEP][PASSED] - Statement - case 5:: Text '4.0' is set on object 'Object Repository/MOH AND GRN/Page_KDMC - CMS/input_txtdeal'

2018-05-28 13:24:57 - [TEST_STEP][PASSED] - Statement - return (java.lang.Math.floor((java.lang.Math.random() * ((max - min) + 1))) + min): Text '4.0' is set on object 'Object Repository/MOH AND GRN/Page_KDMC - CMS/input_txtdeal'

2018-05-28 13:24:58 - [MESSAGE][PASSED] - Text '4.0' is set on object 'Object Repository/MOH AND GRN/Page_KDMC - CMS/input_txtdeal'

2018-05-28 13:24:58 - [TEST_STEP][PASSED] - setText: Finding Test Object with id 'Object Repository/MOH AND GRN/Page_KDMC - CMS/input_txtbatchno'

2018-05-28 13:24:58 - [TEST_STEP][PASSED] - Statement - switch (id): Finding Test Object with id 'Object Repository/MOH AND GRN/Page_KDMC - CMS/input_txtmrp'

2018-05-28 13:24:58 - [TEST_STEP][PASSED] - Statement - case 1:: Text 'BA173.0' is set on object 'Object Repository/MOH AND GRN/Page_KDMC - CMS/input_txtbatchno'

2018-05-28 13:24:58 - [TEST_STEP][PASSED] - Statement - return (java.lang.Math.floor((java.lang.Math.random() * ((max - min) + 1))) + min): Text 'BA173.0' is set on object 'Object Repository/MOH AND GRN/Page_KDMC - CMS/input_txtbatchno'

2018-05-28 13:24:58 - [MESSAGE][PASSED] - Text 'BA173.0' is set on object 'Object Repository/MOH AND GRN/Page_KDMC - CMS/input_txtbatchno'

2018-05-28 13:24:58 - [TEST_STEP][PASSED] - rightClick: Object: 'Object Repository/GRN/Page_KDMC - CMS/input_txtexpdate' is right clicked on

2018-05-28 13:24:58 - [MESSAGE][PASSED] - Object: 'Object Repository/GRN/Page_KDMC - CMS/input_txtexpdate' is right clicked on

2018-05-28 13:24:58 - [TEST_STEP][PASSED] - selectOptionByIndex: All options with index in [10] are selected on object 'Object Repository/GRN/Page_KDMC - CMS/select_20182019202020212022202'

2018-05-28 13:24:58 - [MESSAGE][PASSED] - All options with index in [10] are selected on object 'Object Repository/GRN/Page_KDMC - CMS/select_20182019202020212022202'

2018-05-28 13:24:58 - [TEST_STEP][PASSED] - selectOptionByIndex: All options with index in [10] are selected on object 'Object Repository/GRN/Page_KDMC - CMS/select_JanFebMarAprMayJunJulAu'

2018-05-28 13:24:58 - [MESSAGE][PASSED] - All options with index in [10] are selected on object 'Object Repository/GRN/Page_KDMC - CMS/select_JanFebMarAprMayJunJulAu'

2018-05-28 13:24:58 - [TEST_STEP][PASSED] - click: Object: 'Object Repository/MOH AND GRN/Page_KDMC - CMS/a_12' is clicked on

2018-05-28 13:24:58 - [MESSAGE][PASSED] - Object: 'Object Repository/MOH AND GRN/Page_KDMC - CMS/a_12' is clicked on

2018-05-28 13:24:58 - [TEST_STEP][PASSED] - click: Object: 'Object Repository/MOH AND GRN/Page_KDMC - CMS/input_btnadd' is clicked on

2018-05-28 13:24:58 - [MESSAGE][PASSED] - Object: 'Object Repository/MOH AND GRN/Page_KDMC - CMS/input_btnadd' is clicked on

2018-05-28 13:24:58 - [TEST_STEP][PASSED] - Statement - If (s == 10): null

2018-05-28 13:24:58 - [TEST_STEP][PASSED] - Statement - s = 1: null

2018-05-28 13:24:58 - [TEST_STEP][PASSED] - delay: Delayed 1 second(s)

2018-05-28 13:24:59 - [MESSAGE][PASSED] - Delayed 1 second(s)

2018-05-28 13:24:59 - [TEST_STEP][PASSED] - selectOptionByIndex: All options with index in [11] are selected on object 'Object Repository/MOH AND GRN/Page_KDMC - CMS/select_--Select--Amikacin -500'

2018-05-28 13:25:00 - [MESSAGE][PASSED] - All options with index in [11] are selected on object 'Object Repository/MOH AND GRN/Page_KDMC - CMS/select_--Select--Amikacin -500'

2018-05-28 13:25:00 - [TEST_STEP][PASSED] - setText: Text '5000' is set on object 'Object Repository/MOH AND GRN/Page_KDMC - CMS/input_txtqty'

2018-05-28 13:25:00 - [MESSAGE][PASSED] - Text '5000' is set on object 'Object Repository/MOH AND GRN/Page_KDMC - CMS/input_txtqty'

2018-05-28 13:25:00 - [TEST_STEP][PASSED] - selectOptionByIndex: All options with index in [1] are selected on object 'Object Repository/MOH AND GRN/Page_KDMC - CMS/select_--Select--No Tax0'

2018-05-28 13:25:00 - [MESSAGE][PASSED] - All options with index in [1] are selected on object 'Object Repository/MOH AND GRN/Page_KDMC - CMS/select_--Select--No Tax0'

2018-05-28 13:25:00 - [TEST_STEP][PASSED] - setText: Finding Test Object with id 'Object Repository/MOH AND GRN/Page_KDMC - CMS/input_txtmrp'

2018-05-28 13:25:00 - [TEST_STEP][PASSED] - Statement - switch (id): Finding Test Object with id 'Object Repository/MOH AND GRN/Page_KDMC - CMS/input_txtdeal'

2018-05-28 13:25:00 - [TEST_STEP][PASSED] - Statement - case 4:: Text '28.0' is set on object 'Object Repository/MOH AND GRN/Page_KDMC - CMS/input_txtmrp'

2018-05-28 13:25:00 - [TEST_STEP][PASSED] - Statement - return (java.lang.Math.floor((java.lang.Math.random() * ((max - min) + 1))) + min): Text '28.0' is set on object 'Object Repository/MOH AND GRN/Page_KDMC - CMS/input_txtmrp'

2018-05-28 13:25:00 - [MESSAGE][PASSED] - Text '28.0' is set on object 'Object Repository/MOH AND GRN/Page_KDMC - CMS/input_txtmrp'

2018-05-28 13:25:00 - [TEST_STEP][PASSED] - setText: Finding Test Object with id 'Object Repository/MOH AND GRN/Page_KDMC - CMS/input_txtdeal'

2018-05-28 13:25:00 - [TEST_STEP][PASSED] - Statement - switch (id): Finding Test Object with id 'Object Repository/MOH AND GRN/Page_KDMC - CMS/input_txtbatchno'

2018-05-28 13:25:00 - [TEST_STEP][PASSED] - Statement - case 5:: Text '6.0' is set on object 'Object Repository/MOH AND GRN/Page_KDMC - CMS/input_txtdeal'

2018-05-28 13:25:00 - [TEST_STEP][PASSED] - Statement - return (java.lang.Math.floor((java.lang.Math.random() * ((max - min) + 1))) + min): Text '6.0' is set on object 'Object Repository/MOH AND GRN/Page_KDMC - CMS/input_txtdeal'

2018-05-28 13:25:00 - [MESSAGE][PASSED] - Text '6.0' is set on object 'Object Repository/MOH AND GRN/Page_KDMC - CMS/input_txtdeal'

2018-05-28 13:25:00 - [TEST_STEP][PASSED] - setText: Finding Test Object with id 'Object Repository/MOH AND GRN/Page_KDMC - CMS/input_txtbatchno'

2018-05-28 13:25:00 - [TEST_STEP][PASSED] - Statement - switch (id): Finding Test Object with id 'Object Repository/MOH AND GRN/Page_KDMC - CMS/input_txtmrp'

2018-05-28 13:25:00 - [TEST_STEP][PASSED] - Statement - case 1:: Text 'BA127.0' is set on object 'Object Repository/MOH AND GRN/Page_KDMC - CMS/input_txtbatchno'

2018-05-28 13:25:00 - [TEST_STEP][PASSED] - Statement - return (java.lang.Math.floor((java.lang.Math.random() * ((max - min) + 1))) + min): Text 'BA127.0' is set on object 'Object Repository/MOH AND GRN/Page_KDMC - CMS/input_txtbatchno'

2018-05-28 13:25:00 - [MESSAGE][PASSED] - Text 'BA127.0' is set on object 'Object Repository/MOH AND GRN/Page_KDMC - CMS/input_txtbatchno'

2018-05-28 13:25:00 - [TEST_STEP][PASSED] - rightClick: Object: 'Object Repository/GRN/Page_KDMC - CMS/input_txtexpdate' is right clicked on

2018-05-28 13:25:00 - [MESSAGE][PASSED] - Object: 'Object Repository/GRN/Page_KDMC - CMS/input_txtexpdate' is right clicked on

2018-05-28 13:25:00 - [TEST_STEP][PASSED] - selectOptionByIndex: All options with index in [1] are selected on object 'Object Repository/GRN/Page_KDMC - CMS/select_20182019202020212022202'

2018-05-28 13:25:00 - [MESSAGE][PASSED] - All options with index in [1] are selected on object 'Object Repository/GRN/Page_KDMC - CMS/select_20182019202020212022202'

2018-05-28 13:25:00 - [TEST_STEP][PASSED] - selectOptionByIndex: All options with index in [1] are selected on object 'Object Repository/GRN/Page_KDMC - CMS/select_JanFebMarAprMayJunJulAu'

2018-05-28 13:25:01 - [MESSAGE][PASSED] - All options with index in [1] are selected on object 'Object Repository/GRN/Page_KDMC - CMS/select_JanFebMarAprMayJunJulAu'

2018-05-28 13:25:01 - [TEST_STEP][PASSED] - click: Object: 'Object Repository/MOH AND GRN/Page_KDMC - CMS/a_12' is clicked on

2018-05-28 13:25:01 - [MESSAGE][PASSED] - Object: 'Object Repository/MOH AND GRN/Page_KDMC - CMS/a_12' is clicked on

2018-05-28 13:25:01 - [TEST_STEP][PASSED] - click: Object: 'Object Repository/MOH AND GRN/Page_KDMC - CMS/input_btnadd' is clicked on

2018-05-28 13:25:01 - [MESSAGE][PASSED] - Object: 'Object Repository/MOH AND GRN/Page_KDMC - CMS/input_btnadd' is clicked on

2018-05-28 13:25:01 - [TEST_STEP][PASSED] - Statement - If (s == 10): null

2018-05-28 13:25:01 - [TEST_STEP][PASSED] - Statement - Else: null

2018-05-28 13:25:01 - [TEST_STEP][PASSED] - Statement - (s++): null

2018-05-28 13:25:01 - [TEST_STEP][PASSED] - delay: Delayed 1 second(s)

2018-05-28 13:25:02 - [MESSAGE][PASSED] - Delayed 1 second(s)

2018-05-28 13:25:02 - [TEST_STEP][PASSED] - selectOptionByIndex: All options with index in [12] are selected on object 'Object Repository/MOH AND GRN/Page_KDMC - CMS/select_--Select--Amikacin -500'

2018-05-28 13:25:02 - [MESSAGE][PASSED] - All options with index in [12] are selected on object 'Object Repository/MOH AND GRN/Page_KDMC - CMS/select_--Select--Amikacin -500'

2018-05-28 13:25:02 - [TEST_STEP][PASSED] - setText: Text '5000' is set on object 'Object Repository/MOH AND GRN/Page_KDMC - CMS/input_txtqty'

2018-05-28 13:25:02 - [MESSAGE][PASSED] - Text '5000' is set on object 'Object Repository/MOH AND GRN/Page_KDMC - CMS/input_txtqty'

2018-05-28 13:25:02 - [TEST_STEP][PASSED] - selectOptionByIndex: All options with index in [1] are selected on object 'Object Repository/MOH AND GRN/Page_KDMC - CMS/select_--Select--No Tax0'

2018-05-28 13:25:02 - [MESSAGE][PASSED] - All options with index in [1] are selected on object 'Object Repository/MOH AND GRN/Page_KDMC - CMS/select_--Select--No Tax0'

2018-05-28 13:25:02 - [TEST_STEP][PASSED] - setText: Finding Test Object with id 'Object Repository/MOH AND GRN/Page_KDMC - CMS/input_txtmrp'

2018-05-28 13:25:02 - [TEST_STEP][PASSED] - Statement - switch (id): Finding Test Object with id 'Object Repository/MOH AND GRN/Page_KDMC - CMS/input_txtdeal'

2018-05-28 13:25:02 - [TEST_STEP][PASSED] - Statement - case 4:: Text '15.0' is set on object 'Object Repository/MOH AND GRN/Page_KDMC - CMS/input_txtmrp'

2018-05-28 13:25:02 - [TEST_STEP][PASSED] - Statement - return (java.lang.Math.floor((java.lang.Math.random() * ((max - min) + 1))) + min): Text '15.0' is set on object 'Object Repository/MOH AND GRN/Page_KDMC - CMS/input_txtmrp'

2018-05-28 13:25:02 - [MESSAGE][PASSED] - Text '15.0' is set on object 'Object Repository/MOH AND GRN/Page_KDMC - CMS/input_txtmrp'

2018-05-28 13:25:02 - [TEST_STEP][PASSED] - setText: Finding Test Object with id 'Object Repository/MOH AND GRN/Page_KDMC - CMS/input_txtdeal'

2018-05-28 13:25:02 - [TEST_STEP][PASSED] - Statement - switch (id): Finding Test Object with id 'Object Repository/MOH AND GRN/Page_KDMC - CMS/input_txtbatchno'

2018-05-28 13:25:02 - [TEST_STEP][PASSED] - Statement - case 5:: Text '4.0' is set on object 'Object Repository/MOH AND GRN/Page_KDMC - CMS/input_txtdeal'

2018-05-28 13:25:02 - [TEST_STEP][PASSED] - Statement - return (java.lang.Math.floor((java.lang.Math.random() * ((max - min) + 1))) + min): Text '4.0' is set on object 'Object Repository/MOH AND GRN/Page_KDMC - CMS/input_txtdeal'

2018-05-28 13:25:02 - [MESSAGE][PASSED] - Text '4.0' is set on object 'Object Repository/MOH AND GRN/Page_KDMC - CMS/input_txtdeal'

2018-05-28 13:25:02 - [TEST_STEP][PASSED] - setText: Finding Test Object with id 'Object Repository/MOH AND GRN/Page_KDMC - CMS/input_txtbatchno'

2018-05-28 13:25:02 - [TEST_STEP][PASSED] - Statement - switch (id): Finding Test Object with id 'Object Repository/MOH AND GRN/Page_KDMC - CMS/input_txtmrp'

2018-05-28 13:25:02 - [TEST_STEP][PASSED] - Statement - case 1:: Text 'BA60.0' is set on object 'Object Repository/MOH AND GRN/Page_KDMC - CMS/input_txtbatchno'

2018-05-28 13:25:02 - [TEST_STEP][PASSED] - Statement - return (java.lang.Math.floor((java.lang.Math.random() * ((max - min) + 1))) + min): Text 'BA60.0' is set on object 'Object Repository/MOH AND GRN/Page_KDMC - CMS/input_txtbatchno'

2018-05-28 13:25:03 - [MESSAGE][PASSED] - Text 'BA60.0' is set on object 'Object Repository/MOH AND GRN/Page_KDMC - CMS/input_txtbatchno'

2018-05-28 13:25:03 - [TEST_STEP][PASSED] - rightClick: Object: 'Object Repository/GRN/Page_KDMC - CMS/input_txtexpdate' is right clicked on

2018-05-28 13:25:03 - [MESSAGE][PASSED] - Object: 'Object Repository/GRN/Page_KDMC - CMS/input_txtexpdate' is right clicked on

2018-05-28 13:25:03 - [TEST_STEP][PASSED] - selectOptionByIndex: All options with index in [2] are selected on object 'Object Repository/GRN/Page_KDMC - CMS/select_20182019202020212022202'

2018-05-28 13:25:03 - [MESSAGE][PASSED] - All options with index in [2] are selected on object 'Object Repository/GRN/Page_KDMC - CMS/select_20182019202020212022202'

2018-05-28 13:25:03 - [TEST_STEP][PASSED] - selectOptionByIndex: All options with index in [2] are selected on object 'Object Repository/GRN/Page_KDMC - CMS/select_JanFebMarAprMayJunJulAu'

2018-05-28 13:25:03 - [MESSAGE][PASSED] - All options with index in [2] are selected on object 'Object Repository/GRN/Page_KDMC - CMS/select_JanFebMarAprMayJunJulAu'

2018-05-28 13:25:03 - [TEST_STEP][PASSED] - click: Object: 'Object Repository/MOH AND GRN/Page_KDMC - CMS/a_12' is clicked on

2018-05-28 13:25:03 - [MESSAGE][PASSED] - Object: 'Object Repository/MOH AND GRN/Page_KDMC - CMS/a_12' is clicked on

2018-05-28 13:25:03 - [TEST_STEP][PASSED] - click: Object: 'Object Repository/MOH AND GRN/Page_KDMC - CMS/input_btnadd' is clicked on

2018-05-28 13:25:03 - [MESSAGE][PASSED] - Object: 'Object Repository/MOH AND GRN/Page_KDMC - CMS/input_btnadd' is clicked on

2018-05-28 13:25:03 - [TEST_STEP][PASSED] - Statement - If (s == 10): null

2018-05-28 13:25:03 - [TEST_STEP][PASSED] - Statement - Else: null

2018-05-28 13:25:03 - [TEST_STEP][PASSED] - Statement - (s++): null

2018-05-28 13:25:03 - [TEST_STEP][PASSED] - delay: Delayed 1 second(s)

2018-05-28 13:25:04 - [MESSAGE][PASSED] - Delayed 1 second(s)

2018-05-28 13:25:04 - [TEST_STEP][PASSED] - selectOptionByIndex: All options with index in [13] are selected on object 'Object Repository/MOH AND GRN/Page_KDMC - CMS/select_--Select--Amikacin -500'

2018-05-28 13:25:04 - [MESSAGE][PASSED] - All options with index in [13] are selected on object 'Object Repository/MOH AND GRN/Page_KDMC - CMS/select_--Select--Amikacin -500'

2018-05-28 13:25:04 - [TEST_STEP][PASSED] - setText: Text '5000' is set on object 'Object Repository/MOH AND GRN/Page_KDMC - CMS/input_txtqty'

2018-05-28 13:25:04 - [MESSAGE][PASSED] - Text '5000' is set on object 'Object Repository/MOH AND GRN/Page_KDMC - CMS/input_txtqty'

2018-05-28 13:25:04 - [TEST_STEP][PASSED] - selectOptionByIndex: All options with index in [1] are selected on object 'Object Repository/MOH AND GRN/Page_KDMC - CMS/select_--Select--No Tax0'

2018-05-28 13:25:05 - [MESSAGE][PASSED] - All options with index in [1] are selected on object 'Object Repository/MOH AND GRN/Page_KDMC - CMS/select_--Select--No Tax0'

2018-05-28 13:25:05 - [TEST_STEP][PASSED] - setText: Finding Test Object with id 'Object Repository/MOH AND GRN/Page_KDMC - CMS/input_txtmrp'

2018-05-28 13:25:05 - [TEST_STEP][PASSED] - Statement - switch (id): Finding Test Object with id 'Object Repository/MOH AND GRN/Page_KDMC - CMS/input_txtdeal'

2018-05-28 13:25:05 - [TEST_STEP][PASSED] - Statement - case 4:: Text '33.0' is set on object 'Object Repository/MOH AND GRN/Page_KDMC - CMS/input_txtmrp'

2018-05-28 13:25:05 - [TEST_STEP][PASSED] - Statement - return (java.lang.Math.floor((java.lang.Math.random() * ((max - min) + 1))) + min): Text '33.0' is set on object 'Object Repository/MOH AND GRN/Page_KDMC - CMS/input_txtmrp'

2018-05-28 13:25:05 - [MESSAGE][PASSED] - Text '33.0' is set on object 'Object Repository/MOH AND GRN/Page_KDMC - CMS/input_txtmrp'

2018-05-28 13:25:05 - [TEST_STEP][PASSED] - setText: Finding Test Object with id 'Object Repository/MOH AND GRN/Page_KDMC - CMS/input_txtdeal'

2018-05-28 13:25:05 - [TEST_STEP][PASSED] - Statement - switch (id): Finding Test Object with id 'Object Repository/MOH AND GRN/Page_KDMC - CMS/input_txtbatchno'

2018-05-28 13:25:05 - [TEST_STEP][PASSED] - Statement - case 5:: Text '10.0' is set on object 'Object Repository/MOH AND GRN/Page_KDMC - CMS/input_txtdeal'

2018-05-28 13:25:05 - [TEST_STEP][PASSED] - Statement - return (java.lang.Math.floor((java.lang.Math.random() * ((max - min) + 1))) + min): Text '10.0' is set on object 'Object Repository/MOH AND GRN/Page_KDMC - CMS/input_txtdeal'

2018-05-28 13:25:05 - [MESSAGE][PASSED] - Text '10.0' is set on object 'Object Repository/MOH AND GRN/Page_KDMC - CMS/input_txtdeal'

2018-05-28 13:25:05 - [TEST_STEP][PASSED] - setText: Finding Test Object with id 'Object Repository/MOH AND GRN/Page_KDMC - CMS/input_txtbatchno'

2018-05-28 13:25:05 - [TEST_STEP][PASSED] - Statement - switch (id): Finding Test Object with id 'Object Repository/MOH AND GRN/Page_KDMC - CMS/input_txtmrp'

2018-05-28 13:25:05 - [TEST_STEP][PASSED] - Statement - case 1:: Text 'BA749.0' is set on object 'Object Repository/MOH AND GRN/Page_KDMC - CMS/input_txtbatchno'

2018-05-28 13:25:05 - [TEST_STEP][PASSED] - Statement - return (java.lang.Math.floor((java.lang.Math.random() * ((max - min) + 1))) + min): Text 'BA749.0' is set on object 'Object Repository/MOH AND GRN/Page_KDMC - CMS/input_txtbatchno'

2018-05-28 13:25:05 - [MESSAGE][PASSED] - Text 'BA749.0' is set on object 'Object Repository/MOH AND GRN/Page_KDMC - CMS/input_txtbatchno'

2018-05-28 13:25:05 - [TEST_STEP][PASSED] - rightClick: Object: 'Object Repository/GRN/Page_KDMC - CMS/input_txtexpdate' is right clicked on

2018-05-28 13:25:05 - [MESSAGE][PASSED] - Object: 'Object Repository/GRN/Page_KDMC - CMS/input_txtexpdate' is right clicked on

2018-05-28 13:25:05 - [TEST_STEP][PASSED] - selectOptionByIndex: All options with index in [3] are selected on object 'Object Repository/GRN/Page_KDMC - CMS/select_20182019202020212022202'

2018-05-28 13:25:05 - [MESSAGE][PASSED] - All options with index in [3] are selected on object 'Object Repository/GRN/Page_KDMC - CMS/select_20182019202020212022202'

2018-05-28 13:25:05 - [TEST_STEP][PASSED] - selectOptionByIndex: All options with index in [3] are selected on object 'Object Repository/GRN/Page_KDMC - CMS/select_JanFebMarAprMayJunJulAu'

2018-05-28 13:25:05 - [MESSAGE][PASSED] - All options with index in [3] are selected on object 'Object Repository/GRN/Page_KDMC - CMS/select_JanFebMarAprMayJunJulAu'

2018-05-28 13:25:05 - [TEST_STEP][PASSED] - click: Object: 'Object Repository/MOH AND GRN/Page_KDMC - CMS/a_12' is clicked on

2018-05-28 13:25:05 - [MESSAGE][PASSED] - Object: 'Object Repository/MOH AND GRN/Page_KDMC - CMS/a_12' is clicked on

2018-05-28 13:25:05 - [TEST_STEP][PASSED] - click: Object: 'Object Repository/MOH AND GRN/Page_KDMC - CMS/input_btnadd' is clicked on

2018-05-28 13:25:05 - [MESSAGE][PASSED] - Object: 'Object Repository/MOH AND GRN/Page_KDMC - CMS/input_btnadd' is clicked on

2018-05-28 13:25:05 - [TEST_STEP][PASSED] - Statement - If (s == 10): null

2018-05-28 13:25:05 - [TEST_STEP][PASSED] - Statement - Else: null

2018-05-28 13:25:05 - [TEST_STEP][PASSED] - Statement - (s++): null

2018-05-28 13:25:05 - [TEST_STEP][PASSED] - delay: Delayed 1 second(s)

2018-05-28 13:25:06 - [MESSAGE][PASSED] - Delayed 1 second(s)

2018-05-28 13:25:06 - [TEST_STEP][PASSED] - selectOptionByIndex: All options with index in [14] are selected on object 'Object Repository/MOH AND GRN/Page_KDMC - CMS/select_--Select--Amikacin -500'

2018-05-28 13:25:07 - [MESSAGE][PASSED] - All options with index in [14] are selected on object 'Object Repository/MOH AND GRN/Page_KDMC - CMS/select_--Select--Amikacin -500'

2018-05-28 13:25:07 - [TEST_STEP][PASSED] - setText: Text '5000' is set on object 'Object Repository/MOH AND GRN/Page_KDMC - CMS/input_txtqty'

2018-05-28 13:25:07 - [MESSAGE][PASSED] - Text '5000' is set on object 'Object Repository/MOH AND GRN/Page_KDMC - CMS/input_txtqty'

2018-05-28 13:25:07 - [TEST_STEP][PASSED] - selectOptionByIndex: All options with index in [1] are selected on object 'Object Repository/MOH AND GRN/Page_KDMC - CMS/select_--Select--No Tax0'

2018-05-28 13:25:07 - [MESSAGE][PASSED] - All options with index in [1] are selected on object 'Object Repository/MOH AND GRN/Page_KDMC - CMS/select_--Select--No Tax0'

2018-05-28 13:25:07 - [TEST_STEP][PASSED] - setText: Finding Test Object with id 'Object Repository/MOH AND GRN/Page_KDMC - CMS/input_txtmrp'

2018-05-28 13:25:07 - [TEST_STEP][PASSED] - Statement - switch (id): Finding Test Object with id 'Object Repository/MOH AND GRN/Page_KDMC - CMS/input_txtdeal'

2018-05-28 13:25:07 - [TEST_STEP][PASSED] - Statement - case 4:: Text '44.0' is set on object 'Object Repository/MOH AND GRN/Page_KDMC - CMS/input_txtmrp'

2018-05-28 13:25:07 - [TEST_STEP][PASSED] - Statement - return (java.lang.Math.floor((java.lang.Math.random() * ((max - min) + 1))) + min): Text '44.0' is set on object 'Object Repository/MOH AND GRN/Page_KDMC - CMS/input_txtmrp'

2018-05-28 13:25:07 - [MESSAGE][PASSED] - Text '44.0' is set on object 'Object Repository/MOH AND GRN/Page_KDMC - CMS/input_txtmrp'

2018-05-28 13:25:07 - [TEST_STEP][PASSED] - setText: Finding Test Object with id 'Object Repository/MOH AND GRN/Page_KDMC - CMS/input_txtdeal'

2018-05-28 13:25:07 - [TEST_STEP][PASSED] - Statement - switch (id): Finding Test Object with id 'Object Repository/MOH AND GRN/Page_KDMC - CMS/input_txtbatchno'

2018-05-28 13:25:07 - [TEST_STEP][PASSED] - Statement - case 5:: Text '9.0' is set on object 'Object Repository/MOH AND GRN/Page_KDMC - CMS/input_txtdeal'

2018-05-28 13:25:07 - [TEST_STEP][PASSED] - Statement - return (java.lang.Math.floor((java.lang.Math.random() * ((max - min) + 1))) + min): Text '9.0' is set on object 'Object Repository/MOH AND GRN/Page_KDMC - CMS/input_txtdeal'

2018-05-28 13:25:07 - [MESSAGE][PASSED] - Text '9.0' is set on object 'Object Repository/MOH AND GRN/Page_KDMC - CMS/input_txtdeal'

2018-05-28 13:25:07 - [TEST_STEP][PASSED] - setText: Finding Test Object with id 'Object Repository/MOH AND GRN/Page_KDMC - CMS/input_txtbatchno'

2018-05-28 13:25:07 - [TEST_STEP][PASSED] - Statement - switch (id): Finding Test Object with id 'Object Repository/MOH AND GRN/Page_KDMC - CMS/input_txtmrp'

2018-05-28 13:25:07 - [TEST_STEP][PASSED] - Statement - case 1:: Text 'BA891.0' is set on object 'Object Repository/MOH AND GRN/Page_KDMC - CMS/input_txtbatchno'

2018-05-28 13:25:07 - [TEST_STEP][PASSED] - Statement - return (java.lang.Math.floor((java.lang.Math.random() * ((max - min) + 1))) + min): Text 'BA891.0' is set on object 'Object Repository/MOH AND GRN/Page_KDMC - CMS/input_txtbatchno'

2018-05-28 13:25:07 - [MESSAGE][PASSED] - Text 'BA891.0' is set on object 'Object Repository/MOH AND GRN/Page_KDMC - CMS/input_txtbatchno'

2018-05-28 13:25:07 - [TEST_STEP][PASSED] - rightClick: Object: 'Object Repository/GRN/Page_KDMC - CMS/input_txtexpdate' is right clicked on

2018-05-28 13:25:07 - [MESSAGE][PASSED] - Object: 'Object Repository/GRN/Page_KDMC - CMS/input_txtexpdate' is right clicked on

2018-05-28 13:25:07 - [TEST_STEP][PASSED] - selectOptionByIndex: All options with index in [4] are selected on object 'Object Repository/GRN/Page_KDMC - CMS/select_20182019202020212022202'

2018-05-28 13:25:07 - [MESSAGE][PASSED] - All options with index in [4] are selected on object 'Object Repository/GRN/Page_KDMC - CMS/select_20182019202020212022202'

2018-05-28 13:25:07 - [TEST_STEP][PASSED] - selectOptionByIndex: All options with index in [4] are selected on object 'Object Repository/GRN/Page_KDMC - CMS/select_JanFebMarAprMayJunJulAu'

2018-05-28 13:25:08 - [MESSAGE][PASSED] - All options with index in [4] are selected on object 'Object Repository/GRN/Page_KDMC - CMS/select_JanFebMarAprMayJunJulAu'

2018-05-28 13:25:08 - [TEST_STEP][PASSED] - click: Object: 'Object Repository/MOH AND GRN/Page_KDMC - CMS/a_12' is clicked on

2018-05-28 13:25:08 - [MESSAGE][PASSED] - Object: 'Object Repository/MOH AND GRN/Page_KDMC - CMS/a_12' is clicked on

2018-05-28 13:25:08 - [TEST_STEP][PASSED] - click: Object: 'Object Repository/MOH AND GRN/Page_KDMC - CMS/input_btnadd' is clicked on

2018-05-28 13:25:08 - [MESSAGE][PASSED] - Object: 'Object Repository/MOH AND GRN/Page_KDMC - CMS/input_btnadd' is clicked on

2018-05-28 13:25:08 - [TEST_STEP][PASSED] - Statement - If (s == 10): null

2018-05-28 13:25:08 - [TEST_STEP][PASSED] - Statement - Else: null

2018-05-28 13:25:08 - [TEST_STEP][PASSED] - Statement - (s++): null

2018-05-28 13:25:08 - [TEST_STEP][PASSED] - delay: Delayed 1 second(s)

2018-05-28 13:25:09 - [MESSAGE][PASSED] - Delayed 1 second(s)

2018-05-28 13:25:09 - [TEST_STEP][PASSED] - selectOptionByIndex: All options with index in [15] are selected on object 'Object Repository/MOH AND GRN/Page_KDMC - CMS/select_--Select--Amikacin -500'

2018-05-28 13:25:09 - [MESSAGE][PASSED] - All options with index in [15] are selected on object 'Object Repository/MOH AND GRN/Page_KDMC - CMS/select_--Select--Amikacin -500'

2018-05-28 13:25:09 - [TEST_STEP][PASSED] - setText: Text '5000' is set on object 'Object Repository/MOH AND GRN/Page_KDMC - CMS/input_txtqty'

2018-05-28 13:25:09 - [MESSAGE][PASSED] - Text '5000' is set on object 'Object Repository/MOH AND GRN/Page_KDMC - CMS/input_txtqty'

2018-05-28 13:25:09 - [TEST_STEP][PASSED] - selectOptionByIndex: All options with index in [1] are selected on object 'Object Repository/MOH AND GRN/Page_KDMC - CMS/select_--Select--No Tax0'

2018-05-28 13:25:09 - [MESSAGE][PASSED] - All options with index in [1] are selected on object 'Object Repository/MOH AND GRN/Page_KDMC - CMS/select_--Select--No Tax0'

2018-05-28 13:25:09 - [TEST_STEP][PASSED] - setText: Finding Test Object with id 'Object Repository/MOH AND GRN/Page_KDMC - CMS/input_txtmrp'

2018-05-28 13:25:09 - [TEST_STEP][PASSED] - Statement - switch (id): Finding Test Object with id 'Object Repository/MOH AND GRN/Page_KDMC - CMS/input_txtdeal'

2018-05-28 13:25:09 - [TEST_STEP][PASSED] - Statement - case 4:: Text '33.0' is set on object 'Object Repository/MOH AND GRN/Page_KDMC - CMS/input_txtmrp'

2018-05-28 13:25:09 - [TEST_STEP][PASSED] - Statement - return (java.lang.Math.floor((java.lang.Math.random() * ((max - min) + 1))) + min): Text '33.0' is set on object 'Object Repository/MOH AND GRN/Page_KDMC - CMS/input_txtmrp'

2018-05-28 13:25:09 - [MESSAGE][PASSED] - Text '33.0' is set on object 'Object Repository/MOH AND GRN/Page_KDMC - CMS/input_txtmrp'

2018-05-28 13:25:09 - [TEST_STEP][PASSED] - setText: Finding Test Object with id 'Object Repository/MOH AND GRN/Page_KDMC - CMS/input_txtdeal'

2018-05-28 13:25:09 - [TEST_STEP][PASSED] - Statement - switch (id): Finding Test Object with id 'Object Repository/MOH AND GRN/Page_KDMC - CMS/input_txtbatchno'

2018-05-28 13:25:09 - [TEST_STEP][PASSED] - Statement - case 5:: Text '1.0' is set on object 'Object Repository/MOH AND GRN/Page_KDMC - CMS/input_txtdeal'

2018-05-28 13:25:09 - [TEST_STEP][PASSED] - Statement - return (java.lang.Math.floor((java.lang.Math.random() * ((max - min) + 1))) + min): Text '1.0' is set on object 'Object Repository/MOH AND GRN/Page_KDMC - CMS/input_txtdeal'

2018-05-28 13:25:09 - [MESSAGE][PASSED] - Text '1.0' is set on object 'Object Repository/MOH AND GRN/Page_KDMC - CMS/input_txtdeal'

2018-05-28 13:25:09 - [TEST_STEP][PASSED] - setText: Finding Test Object with id 'Object Repository/MOH AND GRN/Page_KDMC - CMS/input_txtbatchno'

2018-05-28 13:25:09 - [TEST_STEP][PASSED] - Statement - switch (id): Finding Test Object with id 'Object Repository/MOH AND GRN/Page_KDMC - CMS/input_txtmrp'

2018-05-28 13:25:09 - [TEST_STEP][PASSED] - Statement - case 1:: Text 'BA570.0' is set on object 'Object Repository/MOH AND GRN/Page_KDMC - CMS/input_txtbatchno'

2018-05-28 13:25:09 - [TEST_STEP][PASSED] - Statement - return (java.lang.Math.floor((java.lang.Math.random() * ((max - min) + 1))) + min): Text 'BA570.0' is set on object 'Object Repository/MOH AND GRN/Page_KDMC - CMS/input_txtbatchno'

2018-05-28 13:25:09 - [MESSAGE][PASSED] - Text 'BA570.0' is set on object 'Object Repository/MOH AND GRN/Page_KDMC - CMS/input_txtbatchno'

2018-05-28 13:25:09 - [TEST_STEP][PASSED] - rightClick: Object: 'Object Repository/GRN/Page_KDMC - CMS/input_txtexpdate' is right clicked on

2018-05-28 13:25:10 - [MESSAGE][PASSED] - Object: 'Object Repository/GRN/Page_KDMC - CMS/input_txtexpdate' is right clicked on

2018-05-28 13:25:10 - [TEST_STEP][PASSED] - selectOptionByIndex: All options with index in [5] are selected on object 'Object Repository/GRN/Page_KDMC - CMS/select_20182019202020212022202'

2018-05-28 13:25:10 - [MESSAGE][PASSED] - All options with index in [5] are selected on object 'Object Repository/GRN/Page_KDMC - CMS/select_20182019202020212022202'

2018-05-28 13:25:10 - [TEST_STEP][PASSED] - selectOptionByIndex: All options with index in [5] are selected on object 'Object Repository/GRN/Page_KDMC - CMS/select_JanFebMarAprMayJunJulAu'

2018-05-28 13:25:10 - [MESSAGE][PASSED] - All options with index in [5] are selected on object 'Object Repository/GRN/Page_KDMC - CMS/select_JanFebMarAprMayJunJulAu'

2018-05-28 13:25:10 - [TEST_STEP][PASSED] - click: Object: 'Object Repository/MOH AND GRN/Page_KDMC - CMS/a_12' is clicked on

2018-05-28 13:25:10 - [MESSAGE][PASSED] - Object: 'Object Repository/MOH AND GRN/Page_KDMC - CMS/a_12' is clicked on

2018-05-28 13:25:10 - [TEST_STEP][PASSED] - click: Object: 'Object Repository/MOH AND GRN/Page_KDMC - CMS/input_btnadd' is clicked on

2018-05-28 13:25:10 - [MESSAGE][PASSED] - Object: 'Object Repository/MOH AND GRN/Page_KDMC - CMS/input_btnadd' is clicked on

2018-05-28 13:25:10 - [TEST_STEP][PASSED] - Statement - If (s == 10): null

2018-05-28 13:25:10 - [TEST_STEP][PASSED] - Statement - Else: null

2018-05-28 13:25:10 - [TEST_STEP][PASSED] - Statement - (s++): null

2018-05-28 13:25:10 - [TEST_STEP][PASSED] - delay: Delayed 1 second(s)

2018-05-28 13:25:11 - [MESSAGE][PASSED] - Delayed 1 second(s)

2018-05-28 13:25:11 - [TEST_STEP][PASSED] - selectOptionByIndex: All options with index in [16] are selected on object 'Object Repository/MOH AND GRN/Page_KDMC - CMS/select_--Select--Amikacin -500'

2018-05-28 13:25:11 - [MESSAGE][PASSED] - All options with index in [16] are selected on object 'Object Repository/MOH AND GRN/Page_KDMC - CMS/select_--Select--Amikacin -500'

2018-05-28 13:25:11 - [TEST_STEP][PASSED] - setText: Text '5000' is set on object 'Object Repository/MOH AND GRN/Page_KDMC - CMS/input_txtqty'

2018-05-28 13:25:11 - [MESSAGE][PASSED] - Text '5000' is set on object 'Object Repository/MOH AND GRN/Page_KDMC - CMS/input_txtqty'

2018-05-28 13:25:11 - [TEST_STEP][PASSED] - selectOptionByIndex: All options with index in [1] are selected on object 'Object Repository/MOH AND GRN/Page_KDMC - CMS/select_--Select--No Tax0'

2018-05-28 13:25:12 - [MESSAGE][PASSED] - All options with index in [1] are selected on object 'Object Repository/MOH AND GRN/Page_KDMC - CMS/select_--Select--No Tax0'

2018-05-28 13:25:12 - [TEST_STEP][PASSED] - setText: Finding Test Object with id 'Object Repository/MOH AND GRN/Page_KDMC - CMS/input_txtmrp'

2018-05-28 13:25:12 - [TEST_STEP][PASSED] - Statement - switch (id): Finding Test Object with id 'Object Repository/MOH AND GRN/Page_KDMC - CMS/input_txtdeal'

2018-05-28 13:25:12 - [TEST_STEP][PASSED] - Statement - case 4:: Text '24.0' is set on object 'Object Repository/MOH AND GRN/Page_KDMC - CMS/input_txtmrp'

2018-05-28 13:25:12 - [TEST_STEP][PASSED] - Statement - return (java.lang.Math.floor((java.lang.Math.random() * ((max - min) + 1))) + min): Text '24.0' is set on object 'Object Repository/MOH AND GRN/Page_KDMC - CMS/input_txtmrp'

2018-05-28 13:25:12 - [MESSAGE][PASSED] - Text '24.0' is set on object 'Object Repository/MOH AND GRN/Page_KDMC - CMS/input_txtmrp'

2018-05-28 13:25:12 - [TEST_STEP][PASSED] - setText: Finding Test Object with id 'Object Repository/MOH AND GRN/Page_KDMC - CMS/input_txtdeal'

2018-05-28 13:25:12 - [TEST_STEP][PASSED] - Statement - switch (id): Finding Test Object with id 'Object Repository/MOH AND GRN/Page_KDMC - CMS/input_txtbatchno'

2018-05-28 13:25:12 - [TEST_STEP][PASSED] - Statement - case 5:: Text '9.0' is set on object 'Object Repository/MOH AND GRN/Page_KDMC - CMS/input_txtdeal'

2018-05-28 13:25:12 - [TEST_STEP][PASSED] - Statement - return (java.lang.Math.floor((java.lang.Math.random() * ((max - min) + 1))) + min): Text '9.0' is set on object 'Object Repository/MOH AND GRN/Page_KDMC - CMS/input_txtdeal'

2018-05-28 13:25:12 - [MESSAGE][PASSED] - Text '9.0' is set on object 'Object Repository/MOH AND GRN/Page_KDMC - CMS/input_txtdeal'

2018-05-28 13:25:12 - [TEST_STEP][PASSED] - setText: Finding Test Object with id 'Object Repository/MOH AND GRN/Page_KDMC - CMS/input_txtbatchno'

2018-05-28 13:25:12 - [TEST_STEP][PASSED] - Statement - switch (id): Finding Test Object with id 'Object Repository/MOH AND GRN/Page_KDMC - CMS/input_txtmrp'

2018-05-28 13:25:12 - [TEST_STEP][PASSED] - Statement - case 1:: Text 'BA514.0' is set on object 'Object Repository/MOH AND GRN/Page_KDMC - CMS/input_txtbatchno'

2018-05-28 13:25:12 - [TEST_STEP][PASSED] - Statement - return (java.lang.Math.floor((java.lang.Math.random() * ((max - min) + 1))) + min): Text 'BA514.0' is set on object 'Object Repository/MOH AND GRN/Page_KDMC - CMS/input_txtbatchno'

2018-05-28 13:25:12 - [MESSAGE][PASSED] - Text 'BA514.0' is set on object 'Object Repository/MOH AND GRN/Page_KDMC - CMS/input_txtbatchno'

2018-05-28 13:25:12 - [TEST_STEP][PASSED] - rightClick: Object: 'Object Repository/GRN/Page_KDMC - CMS/input_txtexpdate' is right clicked on

2018-05-28 13:25:12 - [MESSAGE][PASSED] - Object: 'Object Repository/GRN/Page_KDMC - CMS/input_txtexpdate' is right clicked on

2018-05-28 13:25:12 - [TEST_STEP][PASSED] - selectOptionByIndex: All options with index in [6] are selected on object 'Object Repository/GRN/Page_KDMC - CMS/select_20182019202020212022202'

2018-05-28 13:25:12 - [MESSAGE][PASSED] - All options with index in [6] are selected on object 'Object Repository/GRN/Page_KDMC - CMS/select_20182019202020212022202'

2018-05-28 13:25:12 - [TEST_STEP][PASSED] - selectOptionByIndex: All options with index in [6] are selected on object 'Object Repository/GRN/Page_KDMC - CMS/select_JanFebMarAprMayJunJulAu'

2018-05-28 13:25:12 - [MESSAGE][PASSED] - All options with index in [6] are selected on object 'Object Repository/GRN/Page_KDMC - CMS/select_JanFebMarAprMayJunJulAu'

2018-05-28 13:25:12 - [TEST_STEP][PASSED] - click: Object: 'Object Repository/MOH AND GRN/Page_KDMC - CMS/a_12' is clicked on

2018-05-28 13:25:12 - [MESSAGE][PASSED] - Object: 'Object Repository/MOH AND GRN/Page_KDMC - CMS/a_12' is clicked on

2018-05-28 13:25:12 - [TEST_STEP][PASSED] - click: Object: 'Object Repository/MOH AND GRN/Page_KDMC - CMS/input_btnadd' is clicked on

2018-05-28 13:25:13 - [MESSAGE][PASSED] - Object: 'Object Repository/MOH AND GRN/Page_KDMC - CMS/input_btnadd' is clicked on

2018-05-28 13:25:13 - [TEST_STEP][PASSED] - Statement - If (s == 10): null

2018-05-28 13:25:13 - [TEST_STEP][PASSED] - Statement - Else: null

2018-05-28 13:25:13 - [TEST_STEP][PASSED] - Statement - (s++): null

2018-05-28 13:25:13 - [TEST_STEP][PASSED] - delay: Delayed 1 second(s)

2018-05-28 13:25:14 - [MESSAGE][PASSED] - Delayed 1 second(s)

2018-05-28 13:25:14 - [TEST_STEP][PASSED] - selectOptionByIndex: All options with index in [17] are selected on object 'Object Repository/MOH AND GRN/Page_KDMC - CMS/select_--Select--Amikacin -500'

2018-05-28 13:25:14 - [MESSAGE][PASSED] - All options with index in [17] are selected on object 'Object Repository/MOH AND GRN/Page_KDMC - CMS/select_--Select--Amikacin -500'

2018-05-28 13:25:14 - [TEST_STEP][PASSED] - setText: Text '5000' is set on object 'Object Repository/MOH AND GRN/Page_KDMC - CMS/input_txtqty'

2018-05-28 13:25:14 - [MESSAGE][PASSED] - Text '5000' is set on object 'Object Repository/MOH AND GRN/Page_KDMC - CMS/input_txtqty'

2018-05-28 13:25:14 - [TEST_STEP][PASSED] - selectOptionByIndex: All options with index in [1] are selected on object 'Object Repository/MOH AND GRN/Page_KDMC - CMS/select_--Select--No Tax0'

2018-05-28 13:25:14 - [MESSAGE][PASSED] - All options with index in [1] are selected on object 'Object Repository/MOH AND GRN/Page_KDMC - CMS/select_--Select--No Tax0'

2018-05-28 13:25:14 - [TEST_STEP][PASSED] - setText: Finding Test Object with id 'Object Repository/MOH AND GRN/Page_KDMC - CMS/input_txtmrp'

2018-05-28 13:25:14 - [TEST_STEP][PASSED] - Statement - switch (id): Finding Test Object with id 'Object Repository/MOH AND GRN/Page_KDMC - CMS/input_txtdeal'

2018-05-28 13:25:14 - [TEST_STEP][PASSED] - Statement - case 4:: Text '16.0' is set on object 'Object Repository/MOH AND GRN/Page_KDMC - CMS/input_txtmrp'

2018-05-28 13:25:14 - [TEST_STEP][PASSED] - Statement - return (java.lang.Math.floor((java.lang.Math.random() * ((max - min) + 1))) + min): Text '16.0' is set on object 'Object Repository/MOH AND GRN/Page_KDMC - CMS/input_txtmrp'

2018-05-28 13:25:14 - [MESSAGE][PASSED] - Text '16.0' is set on object 'Object Repository/MOH AND GRN/Page_KDMC - CMS/input_txtmrp'

2018-05-28 13:25:14 - [TEST_STEP][PASSED] - setText: Finding Test Object with id 'Object Repository/MOH AND GRN/Page_KDMC - CMS/input_txtdeal'

2018-05-28 13:25:14 - [TEST_STEP][PASSED] - Statement - switch (id): Finding Test Object with id 'Object Repository/MOH AND GRN/Page_KDMC - CMS/input_txtbatchno'

2018-05-28 13:25:14 - [TEST_STEP][PASSED] - Statement - case 5:: Text '5.0' is set on object 'Object Repository/MOH AND GRN/Page_KDMC - CMS/input_txtdeal'

2018-05-28 13:25:14 - [TEST_STEP][PASSED] - Statement - return (java.lang.Math.floor((java.lang.Math.random() * ((max - min) + 1))) + min): Text '5.0' is set on object 'Object Repository/MOH AND GRN/Page_KDMC - CMS/input_txtdeal'

2018-05-28 13:25:14 - [MESSAGE][PASSED] - Text '5.0' is set on object 'Object Repository/MOH AND GRN/Page_KDMC - CMS/input_txtdeal'

2018-05-28 13:25:14 - [TEST_STEP][PASSED] - setText: Finding Test Object with id 'Object Repository/MOH AND GRN/Page_KDMC - CMS/input_txtbatchno'

2018-05-28 13:25:14 - [TEST_STEP][PASSED] - Statement - switch (id): Finding Test Object with id 'Object Repository/MOH AND GRN/Page_KDMC - CMS/input_txtmrp'

2018-05-28 13:25:14 - [TEST_STEP][PASSED] - Statement - case 1:: Text 'BA483.0' is set on object 'Object Repository/MOH AND GRN/Page_KDMC - CMS/input_txtbatchno'

2018-05-28 13:25:14 - [TEST_STEP][PASSED] - Statement - return (java.lang.Math.floor((java.lang.Math.random() * ((max - min) + 1))) + min): Text 'BA483.0' is set on object 'Object Repository/MOH AND GRN/Page_KDMC - CMS/input_txtbatchno'

2018-05-28 13:25:14 - [MESSAGE][PASSED] - Text 'BA483.0' is set on object 'Object Repository/MOH AND GRN/Page_KDMC - CMS/input_txtbatchno'

2018-05-28 13:25:14 - [TEST_STEP][PASSED] - rightClick: Object: 'Object Repository/GRN/Page_KDMC - CMS/input_txtexpdate' is right clicked on

2018-05-28 13:25:15 - [MESSAGE][PASSED] - Object: 'Object Repository/GRN/Page_KDMC - CMS/input_txtexpdate' is right clicked on

2018-05-28 13:25:15 - [TEST_STEP][PASSED] - selectOptionByIndex: All options with index in [7] are selected on object 'Object Repository/GRN/Page_KDMC - CMS/select_20182019202020212022202'

2018-05-28 13:25:15 - [MESSAGE][PASSED] - All options with index in [7] are selected on object 'Object Repository/GRN/Page_KDMC - CMS/select_20182019202020212022202'

2018-05-28 13:25:15 - [TEST_STEP][PASSED] - selectOptionByIndex: All options with index in [7] are selected on object 'Object Repository/GRN/Page_KDMC - CMS/select_JanFebMarAprMayJunJulAu'

2018-05-28 13:25:15 - [MESSAGE][PASSED] - All options with index in [7] are selected on object 'Object Repository/GRN/Page_KDMC - CMS/select_JanFebMarAprMayJunJulAu'

2018-05-28 13:25:15 - [TEST_STEP][PASSED] - click: Object: 'Object Repository/MOH AND GRN/Page_KDMC - CMS/a_12' is clicked on

2018-05-28 13:25:15 - [MESSAGE][PASSED] - Object: 'Object Repository/MOH AND GRN/Page_KDMC - CMS/a_12' is clicked on

2018-05-28 13:25:15 - [TEST_STEP][PASSED] - click: Object: 'Object Repository/MOH AND GRN/Page_KDMC - CMS/input_btnadd' is clicked on

2018-05-28 13:25:15 - [MESSAGE][PASSED] - Object: 'Object Repository/MOH AND GRN/Page_KDMC - CMS/input_btnadd' is clicked on

2018-05-28 13:25:15 - [TEST_STEP][PASSED] - Statement - If (s == 10): null

2018-05-28 13:25:15 - [TEST_STEP][PASSED] - Statement - Else: null

2018-05-28 13:25:15 - [TEST_STEP][PASSED] - Statement - (s++): null

2018-05-28 13:25:15 - [TEST_STEP][PASSED] - delay: Delayed 1 second(s)

2018-05-28 13:25:16 - [MESSAGE][PASSED] - Delayed 1 second(s)

2018-05-28 13:25:16 - [TEST_STEP][PASSED] - selectOptionByIndex: All options with index in [18] are selected on object 'Object Repository/MOH AND GRN/Page_KDMC - CMS/select_--Select--Amikacin -500'

2018-05-28 13:25:16 - [MESSAGE][PASSED] - All options with index in [18] are selected on object 'Object Repository/MOH AND GRN/Page_KDMC - CMS/select_--Select--Amikacin -500'

2018-05-28 13:25:16 - [TEST_STEP][PASSED] - setText: Text '5000' is set on object 'Object Repository/MOH AND GRN/Page_KDMC - CMS/input_txtqty'

2018-05-28 13:25:16 - [MESSAGE][PASSED] - Text '5000' is set on object 'Object Repository/MOH AND GRN/Page_KDMC - CMS/input_txtqty'

2018-05-28 13:25:16 - [TEST_STEP][PASSED] - selectOptionByIndex: All options with index in [1] are selected on object 'Object Repository/MOH AND GRN/Page_KDMC - CMS/select_--Select--No Tax0'

2018-05-28 13:25:17 - [MESSAGE][PASSED] - All options with index in [1] are selected on object 'Object Repository/MOH AND GRN/Page_KDMC - CMS/select_--Select--No Tax0'

2018-05-28 13:25:17 - [TEST_STEP][PASSED] - setText: Finding Test Object with id 'Object Repository/MOH AND GRN/Page_KDMC - CMS/input_txtmrp'

2018-05-28 13:25:17 - [TEST_STEP][PASSED] - Statement - switch (id): Finding Test Object with id 'Object Repository/MOH AND GRN/Page_KDMC - CMS/input_txtdeal'

2018-05-28 13:25:17 - [TEST_STEP][PASSED] - Statement - case 4:: Text '15.0' is set on object 'Object Repository/MOH AND GRN/Page_KDMC - CMS/input_txtmrp'

2018-05-28 13:25:17 - [TEST_STEP][PASSED] - Statement - return (java.lang.Math.floor((java.lang.Math.random() * ((max - min) + 1))) + min): Text '15.0' is set on object 'Object Repository/MOH AND GRN/Page_KDMC - CMS/input_txtmrp'

2018-05-28 13:25:17 - [MESSAGE][PASSED] - Text '15.0' is set on object 'Object Repository/MOH AND GRN/Page_KDMC - CMS/input_txtmrp'

2018-05-28 13:25:17 - [TEST_STEP][PASSED] - setText: Finding Test Object with id 'Object Repository/MOH AND GRN/Page_KDMC - CMS/input_txtdeal'

2018-05-28 13:25:17 - [TEST_STEP][PASSED] - Statement - switch (id): Finding Test Object with id 'Object Repository/MOH AND GRN/Page_KDMC - CMS/input_txtbatchno'

2018-05-28 13:25:17 - [TEST_STEP][PASSED] - Statement - case 5:: Text '3.0' is set on object 'Object Repository/MOH AND GRN/Page_KDMC - CMS/input_txtdeal'

2018-05-28 13:25:17 - [TEST_STEP][PASSED] - Statement - return (java.lang.Math.floor((java.lang.Math.random() * ((max - min) + 1))) + min): Text '3.0' is set on object 'Object Repository/MOH AND GRN/Page_KDMC - CMS/input_txtdeal'

2018-05-28 13:25:17 - [MESSAGE][PASSED] - Text '3.0' is set on object 'Object Repository/MOH AND GRN/Page_KDMC - CMS/input_txtdeal'

2018-05-28 13:25:17 - [TEST_STEP][PASSED] - setText: Finding Test Object with id 'Object Repository/MOH AND GRN/Page_KDMC - CMS/input_txtbatchno'

2018-05-28 13:25:17 - [TEST_STEP][PASSED] - Statement - switch (id): Finding Test Object with id 'Object Repository/MOH AND GRN/Page_KDMC - CMS/input_txtmrp'

2018-05-28 13:25:17 - [TEST_STEP][PASSED] - Statement - case 1:: Text 'BA465.0' is set on object 'Object Repository/MOH AND GRN/Page_KDMC - CMS/input_txtbatchno'

2018-05-28 13:25:17 - [TEST_STEP][PASSED] - Statement - return (java.lang.Math.floor((java.lang.Math.random() * ((max - min) + 1))) + min): Text 'BA465.0' is set on object 'Object Repository/MOH AND GRN/Page_KDMC - CMS/input_txtbatchno'

2018-05-28 13:25:17 - [MESSAGE][PASSED] - Text 'BA465.0' is set on object 'Object Repository/MOH AND GRN/Page_KDMC - CMS/input_txtbatchno'

2018-05-28 13:25:17 - [TEST_STEP][PASSED] - rightClick: Object: 'Object Repository/GRN/Page_KDMC - CMS/input_txtexpdate' is right clicked on

2018-05-28 13:25:17 - [MESSAGE][PASSED] - Object: 'Object Repository/GRN/Page_KDMC - CMS/input_txtexpdate' is right clicked on

2018-05-28 13:25:17 - [TEST_STEP][PASSED] - selectOptionByIndex: All options with index in [8] are selected on object 'Object Repository/GRN/Page_KDMC - CMS/select_20182019202020212022202'

2018-05-28 13:25:17 - [MESSAGE][PASSED] - All options with index in [8] are selected on object 'Object Repository/GRN/Page_KDMC - CMS/select_20182019202020212022202'

2018-05-28 13:25:17 - [TEST_STEP][PASSED] - selectOptionByIndex: All options with index in [8] are selected on object 'Object Repository/GRN/Page_KDMC - CMS/select_JanFebMarAprMayJunJulAu'

2018-05-28 13:25:17 - [MESSAGE][PASSED] - All options with index in [8] are selected on object 'Object Repository/GRN/Page_KDMC - CMS/select_JanFebMarAprMayJunJulAu'

2018-05-28 13:25:17 - [TEST_STEP][PASSED] - click: Object: 'Object Repository/MOH AND GRN/Page_KDMC - CMS/a_12' is clicked on

2018-05-28 13:25:17 - [MESSAGE][PASSED] - Object: 'Object Repository/MOH AND GRN/Page_KDMC - CMS/a_12' is clicked on

2018-05-28 13:25:17 - [TEST_STEP][PASSED] - click: Object: 'Object Repository/MOH AND GRN/Page_KDMC - CMS/input_btnadd' is clicked on

2018-05-28 13:25:18 - [MESSAGE][PASSED] - Object: 'Object Repository/MOH AND GRN/Page_KDMC - CMS/input_btnadd' is clicked on

2018-05-28 13:25:18 - [TEST_STEP][PASSED] - Statement - If (s == 10): null

2018-05-28 13:25:18 - [TEST_STEP][PASSED] - Statement - Else: null

2018-05-28 13:25:18 - [TEST_STEP][PASSED] - Statement - (s++): null

2018-05-28 13:25:18 - [TEST_STEP][PASSED] - delay: Delayed 1 second(s)

2018-05-28 13:25:19 - [MESSAGE][PASSED] - Delayed 1 second(s)

2018-05-28 13:25:19 - [TEST_STEP][PASSED] - selectOptionByIndex: All options with index in [19] are selected on object 'Object Repository/MOH AND GRN/Page_KDMC - CMS/select_--Select--Amikacin -500'

2018-05-28 13:25:19 - [MESSAGE][PASSED] - All options with index in [19] are selected on object 'Object Repository/MOH AND GRN/Page_KDMC - CMS/select_--Select--Amikacin -500'

2018-05-28 13:25:19 - [TEST_STEP][PASSED] - setText: Text '5000' is set on object 'Object Repository/MOH AND GRN/Page_KDMC - CMS/input_txtqty'

2018-05-28 13:25:19 - [MESSAGE][PASSED] - Text '5000' is set on object 'Object Repository/MOH AND GRN/Page_KDMC - CMS/input_txtqty'

2018-05-28 13:25:19 - [TEST_STEP][PASSED] - selectOptionByIndex: All options with index in [1] are selected on object 'Object Repository/MOH AND GRN/Page_KDMC - CMS/select_--Select--No Tax0'

2018-05-28 13:25:19 - [MESSAGE][PASSED] - All options with index in [1] are selected on object 'Object Repository/MOH AND GRN/Page_KDMC - CMS/select_--Select--No Tax0'

2018-05-28 13:25:19 - [TEST_STEP][PASSED] - setText: Finding Test Object with id 'Object Repository/MOH AND GRN/Page_KDMC - CMS/input_txtmrp'

2018-05-28 13:25:19 - [TEST_STEP][PASSED] - Statement - switch (id): Finding Test Object with id 'Object Repository/MOH AND GRN/Page_KDMC - CMS/input_txtdeal'

2018-05-28 13:25:19 - [TEST_STEP][PASSED] - Statement - case 4:: Text '20.0' is set on object 'Object Repository/MOH AND GRN/Page_KDMC - CMS/input_txtmrp'

2018-05-28 13:25:19 - [TEST_STEP][PASSED] - Statement - return (java.lang.Math.floor((java.lang.Math.random() * ((max - min) + 1))) + min): Text '20.0' is set on object 'Object Repository/MOH AND GRN/Page_KDMC - CMS/input_txtmrp'

2018-05-28 13:25:19 - [MESSAGE][PASSED] - Text '20.0' is set on object 'Object Repository/MOH AND GRN/Page_KDMC - CMS/input_txtmrp'

2018-05-28 13:25:19 - [TEST_STEP][PASSED] - setText: Finding Test Object with id 'Object Repository/MOH AND GRN/Page_KDMC - CMS/input_txtdeal'

2018-05-28 13:25:19 - [TEST_STEP][PASSED] - Statement - switch (id): Finding Test Object with id 'Object Repository/MOH AND GRN/Page_KDMC - CMS/input_txtbatchno'

2018-05-28 13:25:19 - [TEST_STEP][PASSED] - Statement - case 5:: Text '2.0' is set on object 'Object Repository/MOH AND GRN/Page_KDMC - CMS/input_txtdeal'

2018-05-28 13:25:19 - [TEST_STEP][PASSED] - Statement - return (java.lang.Math.floor((java.lang.Math.random() * ((max - min) + 1))) + min): Text '2.0' is set on object 'Object Repository/MOH AND GRN/Page_KDMC - CMS/input_txtdeal'

2018-05-28 13:25:19 - [MESSAGE][PASSED] - Text '2.0' is set on object 'Object Repository/MOH AND GRN/Page_KDMC - CMS/input_txtdeal'

2018-05-28 13:25:19 - [TEST_STEP][PASSED] - setText: Finding Test Object with id 'Object Repository/MOH AND GRN/Page_KDMC - CMS/input_txtbatchno'

2018-05-28 13:25:19 - [TEST_STEP][PASSED] - Statement - switch (id): Finding Test Object with id 'Object Repository/MOH AND GRN/Page_KDMC - CMS/input_txtmrp'

2018-05-28 13:25:19 - [TEST_STEP][PASSED] - Statement - case 1:: Text 'BA885.0' is set on object 'Object Repository/MOH AND GRN/Page_KDMC - CMS/input_txtbatchno'

2018-05-28 13:25:19 - [TEST_STEP][PASSED] - Statement - return (java.lang.Math.floor((java.lang.Math.random() * ((max - min) + 1))) + min): Text 'BA885.0' is set on object 'Object Repository/MOH AND GRN/Page_KDMC - CMS/input_txtbatchno'

2018-05-28 13:25:19 - [MESSAGE][PASSED] - Text 'BA885.0' is set on object 'Object Repository/MOH AND GRN/Page_KDMC - CMS/input_txtbatchno'

2018-05-28 13:25:19 - [TEST_STEP][PASSED] - rightClick: Object: 'Object Repository/GRN/Page_KDMC - CMS/input_txtexpdate' is right clicked on

2018-05-28 13:25:19 - [MESSAGE][PASSED] - Object: 'Object Repository/GRN/Page_KDMC - CMS/input_txtexpdate' is right clicked on

2018-05-28 13:25:19 - [TEST_STEP][PASSED] - selectOptionByIndex: All options with index in [9] are selected on object 'Object Repository/GRN/Page_KDMC - CMS/select_20182019202020212022202'

2018-05-28 13:25:20 - [MESSAGE][PASSED] - All options with index in [9] are selected on object 'Object Repository/GRN/Page_KDMC - CMS/select_20182019202020212022202'

2018-05-28 13:25:20 - [TEST_STEP][PASSED] - selectOptionByIndex: All options with index in [9] are selected on object 'Object Repository/GRN/Page_KDMC - CMS/select_JanFebMarAprMayJunJulAu'

2018-05-28 13:25:20 - [MESSAGE][PASSED] - All options with index in [9] are selected on object 'Object Repository/GRN/Page_KDMC - CMS/select_JanFebMarAprMayJunJulAu'

2018-05-28 13:25:20 - [TEST_STEP][PASSED] - click: Object: 'Object Repository/MOH AND GRN/Page_KDMC - CMS/a_12' is clicked on

2018-05-28 13:25:20 - [MESSAGE][PASSED] - Object: 'Object Repository/MOH AND GRN/Page_KDMC - CMS/a_12' is clicked on

2018-05-28 13:25:20 - [TEST_STEP][PASSED] - click: Object: 'Object Repository/MOH AND GRN/Page_KDMC - CMS/input_btnadd' is clicked on

2018-05-28 13:25:20 - [MESSAGE][PASSED] - Object: 'Object Repository/MOH AND GRN/Page_KDMC - CMS/input_btnadd' is clicked on

2018-05-28 13:25:20 - [TEST_STEP][PASSED] - Statement - If (s == 10): null

2018-05-28 13:25:20 - [TEST_STEP][PASSED] - Statement - Else: null

2018-05-28 13:25:20 - [TEST_STEP][PASSED] - Statement - (s++): null

2018-05-28 13:25:20 - [TEST_STEP][PASSED] - delay: Delayed 1 second(s)

2018-05-28 13:25:21 - [MESSAGE][PASSED] - Delayed 1 second(s)

2018-05-28 13:25:21 - [TEST_STEP][PASSED] - selectOptionByIndex: All options with index in [20] are selected on object 'Object Repository/MOH AND GRN/Page_KDMC - CMS/select_--Select--Amikacin -500'

2018-05-28 13:25:21 - [MESSAGE][PASSED] - All options with index in [20] are selected on object 'Object Repository/MOH AND GRN/Page_KDMC - CMS/select_--Select--Amikacin -500'

2018-05-28 13:25:21 - [TEST_STEP][PASSED] - setText: Text '5000' is set on object 'Object Repository/MOH AND GRN/Page_KDMC - CMS/input_txtqty'

2018-05-28 13:25:21 - [MESSAGE][PASSED] - Text '5000' is set on object 'Object Repository/MOH AND GRN/Page_KDMC - CMS/input_txtqty'

2018-05-28 13:25:21 - [TEST_STEP][PASSED] - selectOptionByIndex: All options with index in [1] are selected on object 'Object Repository/MOH AND GRN/Page_KDMC - CMS/select_--Select--No Tax0'

2018-05-28 13:25:22 - [MESSAGE][PASSED] - All options with index in [1] are selected on object 'Object Repository/MOH AND GRN/Page_KDMC - CMS/select_--Select--No Tax0'

2018-05-28 13:25:22 - [TEST_STEP][PASSED] - setText: Finding Test Object with id 'Object Repository/MOH AND GRN/Page_KDMC - CMS/input_txtmrp'

2018-05-28 13:25:22 - [TEST_STEP][PASSED] - Statement - switch (id): Finding Test Object with id 'Object Repository/MOH AND GRN/Page_KDMC - CMS/input_txtdeal'

2018-05-28 13:25:22 - [TEST_STEP][PASSED] - Statement - case 4:: Text '37.0' is set on object 'Object Repository/MOH AND GRN/Page_KDMC - CMS/input_txtmrp'

2018-05-28 13:25:22 - [TEST_STEP][PASSED] - Statement - return (java.lang.Math.floor((java.lang.Math.random() * ((max - min) + 1))) + min): Text '37.0' is set on object 'Object Repository/MOH AND GRN/Page_KDMC - CMS/input_txtmrp'

2018-05-28 13:25:22 - [MESSAGE][PASSED] - Text '37.0' is set on object 'Object Repository/MOH AND GRN/Page_KDMC - CMS/input_txtmrp'

2018-05-28 13:25:22 - [TEST_STEP][PASSED] - setText: Finding Test Object with id 'Object Repository/MOH AND GRN/Page_KDMC - CMS/input_txtdeal'

2018-05-28 13:25:22 - [TEST_STEP][PASSED] - Statement - switch (id): Finding Test Object with id 'Object Repository/MOH AND GRN/Page_KDMC - CMS/input_txtbatchno'

2018-05-28 13:25:22 - [TEST_STEP][PASSED] - Statement - case 5:: Text '3.0' is set on object 'Object Repository/MOH AND GRN/Page_KDMC - CMS/input_txtdeal'

2018-05-28 13:25:22 - [TEST_STEP][PASSED] - Statement - return (java.lang.Math.floor((java.lang.Math.random() * ((max - min) + 1))) + min): Text '3.0' is set on object 'Object Repository/MOH AND GRN/Page_KDMC - CMS/input_txtdeal'

2018-05-28 13:25:22 - [MESSAGE][PASSED] - Text '3.0' is set on object 'Object Repository/MOH AND GRN/Page_KDMC - CMS/input_txtdeal'

2018-05-28 13:25:22 - [TEST_STEP][PASSED] - setText: Finding Test Object with id 'Object Repository/MOH AND GRN/Page_KDMC - CMS/input_txtbatchno'

2018-05-28 13:25:22 - [TEST_STEP][PASSED] - Statement - switch (id): Finding Test Object with id 'Object Repository/MOH AND GRN/Page_KDMC - CMS/input_txtmrp'

2018-05-28 13:25:22 - [TEST_STEP][PASSED] - Statement - case 1:: Text 'BA346.0' is set on object 'Object Repository/MOH AND GRN/Page_KDMC - CMS/input_txtbatchno'

2018-05-28 13:25:22 - [TEST_STEP][PASSED] - Statement - return (java.lang.Math.floor((java.lang.Math.random() * ((max - min) + 1))) + min): Text 'BA346.0' is set on object 'Object Repository/MOH AND GRN/Page_KDMC - CMS/input_txtbatchno'

2018-05-28 13:25:22 - [MESSAGE][PASSED] - Text 'BA346.0' is set on object 'Object Repository/MOH AND GRN/Page_KDMC - CMS/input_txtbatchno'

2018-05-28 13:25:22 - [TEST_STEP][PASSED] - rightClick: Object: 'Object Repository/GRN/Page_KDMC - CMS/input_txtexpdate' is right clicked on

2018-05-28 13:25:22 - [MESSAGE][PASSED] - Object: 'Object Repository/GRN/Page_KDMC - CMS/input_txtexpdate' is right clicked on

2018-05-28 13:25:22 - [TEST_STEP][PASSED] - selectOptionByIndex: All options with index in [10] are selected on object 'Object Repository/GRN/Page_KDMC - CMS/select_20182019202020212022202'

2018-05-28 13:25:22 - [MESSAGE][PASSED] - All options with index in [10] are selected on object 'Object Repository/GRN/Page_KDMC - CMS/select_20182019202020212022202'

2018-05-28 13:25:22 - [TEST_STEP][PASSED] - selectOptionByIndex: All options with index in [10] are selected on object 'Object Repository/GRN/Page_KDMC - CMS/select_JanFebMarAprMayJunJulAu'

2018-05-28 13:25:22 - [MESSAGE][PASSED] - All options with index in [10] are selected on object 'Object Repository/GRN/Page_KDMC - CMS/select_JanFebMarAprMayJunJulAu'

2018-05-28 13:25:22 - [TEST_STEP][PASSED] - click: Object: 'Object Repository/MOH AND GRN/Page_KDMC - CMS/a_12' is clicked on

2018-05-28 13:25:22 - [MESSAGE][PASSED] - Object: 'Object Repository/MOH AND GRN/Page_KDMC - CMS/a_12' is clicked on

2018-05-28 13:25:22 - [TEST_STEP][PASSED] - click: Object: 'Object Repository/MOH AND GRN/Page_KDMC - CMS/input_btnadd' is clicked on

2018-05-28 13:25:23 - [MESSAGE][PASSED] - Object: 'Object Repository/MOH AND GRN/Page_KDMC - CMS/input_btnadd' is clicked on

2018-05-28 13:25:23 - [TEST_STEP][PASSED] - Statement - If (s == 10): null

2018-05-28 13:25:23 - [TEST_STEP][PASSED] - Statement - s = 1: null

2018-05-28 13:25:23 - [TEST_STEP][PASSED] - delay: Delayed 1 second(s)

2018-05-28 13:25:24 - [MESSAGE][PASSED] - Delayed 1 second(s)

2018-05-28 13:25:24 - [TEST_STEP][PASSED] - selectOptionByIndex: All options with index in [21] are selected on object 'Object Repository/MOH AND GRN/Page_KDMC - CMS/select_--Select--Amikacin -500'

2018-05-28 13:25:24 - [MESSAGE][PASSED] - All options with index in [21] are selected on object 'Object Repository/MOH AND GRN/Page_KDMC - CMS/select_--Select--Amikacin -500'

2018-05-28 13:25:24 - [TEST_STEP][PASSED] - setText: Text '5000' is set on object 'Object Repository/MOH AND GRN/Page_KDMC - CMS/input_txtqty'

2018-05-28 13:25:24 - [MESSAGE][PASSED] - Text '5000' is set on object 'Object Repository/MOH AND GRN/Page_KDMC - CMS/input_txtqty'

2018-05-28 13:25:24 - [TEST_STEP][PASSED] - selectOptionByIndex: All options with index in [1] are selected on object 'Object Repository/MOH AND GRN/Page_KDMC - CMS/select_--Select--No Tax0'

2018-05-28 13:25:24 - [MESSAGE][PASSED] - All options with index in [1] are selected on object 'Object Repository/MOH AND GRN/Page_KDMC - CMS/select_--Select--No Tax0'

2018-05-28 13:25:24 - [TEST_STEP][PASSED] - setText: Finding Test Object with id 'Object Repository/MOH AND GRN/Page_KDMC - CMS/input_txtmrp'

2018-05-28 13:25:24 - [TEST_STEP][PASSED] - Statement - switch (id): Finding Test Object with id 'Object Repository/MOH AND GRN/Page_KDMC - CMS/input_txtdeal'

2018-05-28 13:25:24 - [TEST_STEP][PASSED] - Statement - case 4:: Text '40.0' is set on object 'Object Repository/MOH AND GRN/Page_KDMC - CMS/input_txtmrp'

2018-05-28 13:25:24 - [TEST_STEP][PASSED] - Statement - return (java.lang.Math.floor((java.lang.Math.random() * ((max - min) + 1))) + min): Text '40.0' is set on object 'Object Repository/MOH AND GRN/Page_KDMC - CMS/input_txtmrp'

2018-05-28 13:25:24 - [MESSAGE][PASSED] - Text '40.0' is set on object 'Object Repository/MOH AND GRN/Page_KDMC - CMS/input_txtmrp'

2018-05-28 13:25:24 - [TEST_STEP][PASSED] - setText: Finding Test Object with id 'Object Repository/MOH AND GRN/Page_KDMC - CMS/input_txtdeal'

2018-05-28 13:25:24 - [TEST_STEP][PASSED] - Statement - switch (id): Finding Test Object with id 'Object Repository/MOH AND GRN/Page_KDMC - CMS/input_txtbatchno'

2018-05-28 13:25:24 - [TEST_STEP][PASSED] - Statement - case 5:: Text '4.0' is set on object 'Object Repository/MOH AND GRN/Page_KDMC - CMS/input_txtdeal'

2018-05-28 13:25:24 - [TEST_STEP][PASSED] - Statement - return (java.lang.Math.floor((java.lang.Math.random() * ((max - min) + 1))) + min): Text '4.0' is set on object 'Object Repository/MOH AND GRN/Page_KDMC - CMS/input_txtdeal'

2018-05-28 13:25:24 - [MESSAGE][PASSED] - Text '4.0' is set on object 'Object Repository/MOH AND GRN/Page_KDMC - CMS/input_txtdeal'

2018-05-28 13:25:24 - [TEST_STEP][PASSED] - setText: Finding Test Object with id 'Object Repository/MOH AND GRN/Page_KDMC - CMS/input_txtbatchno'

2018-05-28 13:25:24 - [TEST_STEP][PASSED] - Statement - switch (id): Finding Test Object with id 'Object Repository/MOH AND GRN/Page_KDMC - CMS/input_txtmrp'

2018-05-28 13:25:24 - [TEST_STEP][PASSED] - Statement - case 1:: Text 'BA378.0' is set on object 'Object Repository/MOH AND GRN/Page_KDMC - CMS/input_txtbatchno'

2018-05-28 13:25:24 - [TEST_STEP][PASSED] - Statement - return (java.lang.Math.floor((java.lang.Math.random() * ((max - min) + 1))) + min): Text 'BA378.0' is set on object 'Object Repository/MOH AND GRN/Page_KDMC - CMS/input_txtbatchno'

2018-05-28 13:25:24 - [MESSAGE][PASSED] - Text 'BA378.0' is set on object 'Object Repository/MOH AND GRN/Page_KDMC - CMS/input_txtbatchno'

2018-05-28 13:25:24 - [TEST_STEP][PASSED] - rightClick: Object: 'Object Repository/GRN/Page_KDMC - CMS/input_txtexpdate' is right clicked on

2018-05-28 13:25:24 - [MESSAGE][PASSED] - Object: 'Object Repository/GRN/Page_KDMC - CMS/input_txtexpdate' is right clicked on

2018-05-28 13:25:24 - [TEST_STEP][PASSED] - selectOptionByIndex: All options with index in [1] are selected on object 'Object Repository/GRN/Page_KDMC - CMS/select_20182019202020212022202'

2018-05-28 13:25:25 - [MESSAGE][PASSED] - All options with index in [1] are selected on object 'Object Repository/GRN/Page_KDMC - CMS/select_20182019202020212022202'

2018-05-28 13:25:25 - [TEST_STEP][PASSED] - selectOptionByIndex: All options with index in [1] are selected on object 'Object Repository/GRN/Page_KDMC - CMS/select_JanFebMarAprMayJunJulAu'

2018-05-28 13:25:25 - [MESSAGE][PASSED] - All options with index in [1] are selected on object 'Object Repository/GRN/Page_KDMC - CMS/select_JanFebMarAprMayJunJulAu'

2018-05-28 13:25:25 - [TEST_STEP][PASSED] - click: Object: 'Object Repository/MOH AND GRN/Page_KDMC - CMS/a_12' is clicked on

2018-05-28 13:25:25 - [MESSAGE][PASSED] - Object: 'Object Repository/MOH AND GRN/Page_KDMC - CMS/a_12' is clicked on

2018-05-28 13:25:25 - [TEST_STEP][PASSED] - click: Object: 'Object Repository/MOH AND GRN/Page_KDMC - CMS/input_btnadd' is clicked on

2018-05-28 13:25:25 - [MESSAGE][PASSED] - Object: 'Object Repository/MOH AND GRN/Page_KDMC - CMS/input_btnadd' is clicked on

2018-05-28 13:25:25 - [TEST_STEP][PASSED] - Statement - If (s == 10): null

2018-05-28 13:25:25 - [TEST_STEP][PASSED] - Statement - Else: null

2018-05-28 13:25:25 - [TEST_STEP][PASSED] - Statement - (s++): null

2018-05-28 13:25:25 - [TEST_STEP][PASSED] - delay: Delayed 1 second(s)

2018-05-28 13:25:26 - [MESSAGE][PASSED] - Delayed 1 second(s)

2018-05-28 13:25:26 - [TEST_STEP][PASSED] - selectOptionByIndex: All options with index in [22] are selected on object 'Object Repository/MOH AND GRN/Page_KDMC - CMS/select_--Select--Amikacin -500'

2018-05-28 13:25:26 - [MESSAGE][PASSED] - All options with index in [22] are selected on object 'Object Repository/MOH AND GRN/Page_KDMC - CMS/select_--Select--Amikacin -500'

2018-05-28 13:25:26 - [TEST_STEP][PASSED] - setText: Text '5000' is set on object 'Object Repository/MOH AND GRN/Page_KDMC - CMS/input_txtqty'

2018-05-28 13:25:27 - [MESSAGE][PASSED] - Text '5000' is set on object 'Object Repository/MOH AND GRN/Page_KDMC - CMS/input_txtqty'

2018-05-28 13:25:27 - [TEST_STEP][PASSED] - selectOptionByIndex: All options with index in [1] are selected on object 'Object Repository/MOH AND GRN/Page_KDMC - CMS/select_--Select--No Tax0'

2018-05-28 13:25:27 - [MESSAGE][PASSED] - All options with index in [1] are selected on object 'Object Repository/MOH AND GRN/Page_KDMC - CMS/select_--Select--No Tax0'

2018-05-28 13:25:27 - [TEST_STEP][PASSED] - setText: Finding Test Object with id 'Object Repository/MOH AND GRN/Page_KDMC - CMS/input_txtmrp'

2018-05-28 13:25:27 - [TEST_STEP][PASSED] - Statement - switch (id): Finding Test Object with id 'Object Repository/MOH AND GRN/Page_KDMC - CMS/input_txtdeal'

2018-05-28 13:25:27 - [TEST_STEP][PASSED] - Statement - case 4:: Text '30.0' is set on object 'Object Repository/MOH AND GRN/Page_KDMC - CMS/input_txtmrp'

2018-05-28 13:25:27 - [TEST_STEP][PASSED] - Statement - return (java.lang.Math.floor((java.lang.Math.random() * ((max - min) + 1))) + min): Text '30.0' is set on object 'Object Repository/MOH AND GRN/Page_KDMC - CMS/input_txtmrp'

2018-05-28 13:25:27 - [MESSAGE][PASSED] - Text '30.0' is set on object 'Object Repository/MOH AND GRN/Page_KDMC - CMS/input_txtmrp'

2018-05-28 13:25:27 - [TEST_STEP][PASSED] - setText: Finding Test Object with id 'Object Repository/MOH AND GRN/Page_KDMC - CMS/input_txtdeal'

2018-05-28 13:25:27 - [TEST_STEP][PASSED] - Statement - switch (id): Finding Test Object with id 'Object Repository/MOH AND GRN/Page_KDMC - CMS/input_txtbatchno'

2018-05-28 13:25:27 - [TEST_STEP][PASSED] - Statement - case 5:: Text '4.0' is set on object 'Object Repository/MOH AND GRN/Page_KDMC - CMS/input_txtdeal'

2018-05-28 13:25:27 - [TEST_STEP][PASSED] - Statement - return (java.lang.Math.floor((java.lang.Math.random() * ((max - min) + 1))) + min): Text '4.0' is set on object 'Object Repository/MOH AND GRN/Page_KDMC - CMS/input_txtdeal'

2018-05-28 13:25:27 - [MESSAGE][PASSED] - Text '4.0' is set on object 'Object Repository/MOH AND GRN/Page_KDMC - CMS/input_txtdeal'

2018-05-28 13:25:27 - [TEST_STEP][PASSED] - setText: Finding Test Object with id 'Object Repository/MOH AND GRN/Page_KDMC - CMS/input_txtbatchno'

2018-05-28 13:25:27 - [TEST_STEP][PASSED] - Statement - switch (id): Finding Test Object with id 'Object Repository/MOH AND GRN/Page_KDMC - CMS/input_txtmrp'

2018-05-28 13:25:27 - [TEST_STEP][PASSED] - Statement - case 1:: Text 'BA703.0' is set on object 'Object Repository/MOH AND GRN/Page_KDMC - CMS/input_txtbatchno'

2018-05-28 13:25:27 - [TEST_STEP][PASSED] - Statement - return (java.lang.Math.floor((java.lang.Math.random() * ((max - min) + 1))) + min): Text 'BA703.0' is set on object 'Object Repository/MOH AND GRN/Page_KDMC - CMS/input_txtbatchno'

2018-05-28 13:25:27 - [MESSAGE][PASSED] - Text 'BA703.0' is set on object 'Object Repository/MOH AND GRN/Page_KDMC - CMS/input_txtbatchno'

2018-05-28 13:25:27 - [TEST_STEP][PASSED] - rightClick: Object: 'Object Repository/GRN/Page_KDMC - CMS/input_txtexpdate' is right clicked on

2018-05-28 13:25:27 - [MESSAGE][PASSED] - Object: 'Object Repository/GRN/Page_KDMC - CMS/input_txtexpdate' is right clicked on

2018-05-28 13:25:27 - [TEST_STEP][PASSED] - selectOptionByIndex: All options with index in [2] are selected on object 'Object Repository/GRN/Page_KDMC - CMS/select_20182019202020212022202'

2018-05-28 13:25:27 - [MESSAGE][PASSED] - All options with index in [2] are selected on object 'Object Repository/GRN/Page_KDMC - CMS/select_20182019202020212022202'

2018-05-28 13:25:27 - [TEST_STEP][PASSED] - selectOptionByIndex: All options with index in [2] are selected on object 'Object Repository/GRN/Page_KDMC - CMS/select_JanFebMarAprMayJunJulAu'

2018-05-28 13:25:27 - [MESSAGE][PASSED] - All options with index in [2] are selected on object 'Object Repository/GRN/Page_KDMC - CMS/select_JanFebMarAprMayJunJulAu'

2018-05-28 13:25:27 - [TEST_STEP][PASSED] - click: Object: 'Object Repository/MOH AND GRN/Page_KDMC - CMS/a_12' is clicked on

2018-05-28 13:25:27 - [MESSAGE][PASSED] - Object: 'Object Repository/MOH AND GRN/Page_KDMC - CMS/a_12' is clicked on

2018-05-28 13:25:27 - [TEST_STEP][PASSED] - click: Object: 'Object Repository/MOH AND GRN/Page_KDMC - CMS/input_btnadd' is clicked on

2018-05-28 13:25:27 - [MESSAGE][PASSED] - Object: 'Object Repository/MOH AND GRN/Page_KDMC - CMS/input_btnadd' is clicked on

2018-05-28 13:25:27 - [TEST_STEP][PASSED] - Statement - If (s == 10): null

2018-05-28 13:25:27 - [TEST_STEP][PASSED] - Statement - Else: null

2018-05-28 13:25:27 - [TEST_STEP][PASSED] - Statement - (s++): null

2018-05-28 13:25:27 - [TEST_STEP][PASSED] - delay: Delayed 1 second(s)

2018-05-28 13:25:28 - [MESSAGE][PASSED] - Delayed 1 second(s)

2018-05-28 13:25:28 - [TEST_STEP][PASSED] - selectOptionByIndex: All options with index in [23] are selected on object 'Object Repository/MOH AND GRN/Page_KDMC - CMS/select_--Select--Amikacin -500'

2018-05-28 13:25:29 - [MESSAGE][PASSED] - All options with index in [23] are selected on object 'Object Repository/MOH AND GRN/Page_KDMC - CMS/select_--Select--Amikacin -500'

2018-05-28 13:25:29 - [TEST_STEP][PASSED] - setText: Text '5000' is set on object 'Object Repository/MOH AND GRN/Page_KDMC - CMS/input_txtqty'

2018-05-28 13:25:29 - [MESSAGE][PASSED] - Text '5000' is set on object 'Object Repository/MOH AND GRN/Page_KDMC - CMS/input_txtqty'

2018-05-28 13:25:29 - [TEST_STEP][PASSED] - selectOptionByIndex: All options with index in [1] are selected on object 'Object Repository/MOH AND GRN/Page_KDMC - CMS/select_--Select--No Tax0'

2018-05-28 13:25:29 - [MESSAGE][PASSED] - All options with index in [1] are selected on object 'Object Repository/MOH AND GRN/Page_KDMC - CMS/select_--Select--No Tax0'

2018-05-28 13:25:29 - [TEST_STEP][PASSED] - setText: Finding Test Object with id 'Object Repository/MOH AND GRN/Page_KDMC - CMS/input_txtmrp'

2018-05-28 13:25:29 - [TEST_STEP][PASSED] - Statement - switch (id): Finding Test Object with id 'Object Repository/MOH AND GRN/Page_KDMC - CMS/input_txtdeal'

2018-05-28 13:25:29 - [TEST_STEP][PASSED] - Statement - case 4:: Text '45.0' is set on object 'Object Repository/MOH AND GRN/Page_KDMC - CMS/input_txtmrp'

2018-05-28 13:25:29 - [TEST_STEP][PASSED] - Statement - return (java.lang.Math.floor((java.lang.Math.random() * ((max - min) + 1))) + min): Text '45.0' is set on object 'Object Repository/MOH AND GRN/Page_KDMC - CMS/input_txtmrp'

2018-05-28 13:25:29 - [MESSAGE][PASSED] - Text '45.0' is set on object 'Object Repository/MOH AND GRN/Page_KDMC - CMS/input_txtmrp'

2018-05-28 13:25:29 - [TEST_STEP][PASSED] - setText: Finding Test Object with id 'Object Repository/MOH AND GRN/Page_KDMC - CMS/input_txtdeal'

2018-05-28 13:25:29 - [TEST_STEP][PASSED] - Statement - switch (id): Finding Test Object with id 'Object Repository/MOH AND GRN/Page_KDMC - CMS/input_txtbatchno'

2018-05-28 13:25:29 - [TEST_STEP][PASSED] - Statement - case 5:: Text '12.0' is set on object 'Object Repository/MOH AND GRN/Page_KDMC - CMS/input_txtdeal'

2018-05-28 13:25:29 - [TEST_STEP][PASSED] - Statement - return (java.lang.Math.floor((java.lang.Math.random() * ((max - min) + 1))) + min): Text '12.0' is set on object 'Object Repository/MOH AND GRN/Page_KDMC - CMS/input_txtdeal'

2018-05-28 13:25:29 - [MESSAGE][PASSED] - Text '12.0' is set on object 'Object Repository/MOH AND GRN/Page_KDMC - CMS/input_txtdeal'

2018-05-28 13:25:29 - [TEST_STEP][PASSED] - setText: Finding Test Object with id 'Object Repository/MOH AND GRN/Page_KDMC - CMS/input_txtbatchno'

2018-05-28 13:25:29 - [TEST_STEP][PASSED] - Statement - switch (id): Finding Test Object with id 'Object Repository/MOH AND GRN/Page_KDMC - CMS/input_txtmrp'

2018-05-28 13:25:29 - [TEST_STEP][PASSED] - Statement - case 1:: Text 'BA545.0' is set on object 'Object Repository/MOH AND GRN/Page_KDMC - CMS/input_txtbatchno'

2018-05-28 13:25:29 - [TEST_STEP][PASSED] - Statement - return (java.lang.Math.floor((java.lang.Math.random() * ((max - min) + 1))) + min): Text 'BA545.0' is set on object 'Object Repository/MOH AND GRN/Page_KDMC - CMS/input_txtbatchno'

2018-05-28 13:25:29 - [MESSAGE][PASSED] - Text 'BA545.0' is set on object 'Object Repository/MOH AND GRN/Page_KDMC - CMS/input_txtbatchno'

2018-05-28 13:25:29 - [TEST_STEP][PASSED] - rightClick: Object: 'Object Repository/GRN/Page_KDMC - CMS/input_txtexpdate' is right clicked on

2018-05-28 13:25:30 - [MESSAGE][PASSED] - Object: 'Object Repository/GRN/Page_KDMC - CMS/input_txtexpdate' is right clicked on

2018-05-28 13:25:30 - [TEST_STEP][PASSED] - selectOptionByIndex: All options with index in [3] are selected on object 'Object Repository/GRN/Page_KDMC - CMS/select_20182019202020212022202'

2018-05-28 13:25:30 - [MESSAGE][PASSED] - All options with index in [3] are selected on object 'Object Repository/GRN/Page_KDMC - CMS/select_20182019202020212022202'

2018-05-28 13:25:30 - [TEST_STEP][PASSED] - selectOptionByIndex: All options with index in [3] are selected on object 'Object Repository/GRN/Page_KDMC - CMS/select_JanFebMarAprMayJunJulAu'

2018-05-28 13:25:30 - [MESSAGE][PASSED] - All options with index in [3] are selected on object 'Object Repository/GRN/Page_KDMC - CMS/select_JanFebMarAprMayJunJulAu'

2018-05-28 13:25:30 - [TEST_STEP][PASSED] - click: Object: 'Object Repository/MOH AND GRN/Page_KDMC - CMS/a_12' is clicked on

2018-05-28 13:25:30 - [MESSAGE][PASSED] - Object: 'Object Repository/MOH AND GRN/Page_KDMC - CMS/a_12' is clicked on

2018-05-28 13:25:30 - [TEST_STEP][PASSED] - click: Object: 'Object Repository/MOH AND GRN/Page_KDMC - CMS/input_btnadd' is clicked on

2018-05-28 13:25:30 - [MESSAGE][PASSED] - Object: 'Object Repository/MOH AND GRN/Page_KDMC - CMS/input_btnadd' is clicked on

2018-05-28 13:25:30 - [TEST_STEP][PASSED] - Statement - If (s == 10): null

2018-05-28 13:25:30 - [TEST_STEP][PASSED] - Statement - Else: null

2018-05-28 13:25:30 - [TEST_STEP][PASSED] - Statement - (s++): null

2018-05-28 13:25:30 - [TEST_STEP][PASSED] - delay: Delayed 1 second(s)

2018-05-28 13:25:31 - [MESSAGE][PASSED] - Delayed 1 second(s)

2018-05-28 13:25:31 - [TEST_STEP][PASSED] - selectOptionByIndex: All options with index in [24] are selected on object 'Object Repository/MOH AND GRN/Page_KDMC - CMS/select_--Select--Amikacin -500'

2018-05-28 13:25:32 - [MESSAGE][PASSED] - All options with index in [24] are selected on object 'Object Repository/MOH AND GRN/Page_KDMC - CMS/select_--Select--Amikacin -500'

2018-05-28 13:25:32 - [TEST_STEP][PASSED] - setText: Text '5000' is set on object 'Object Repository/MOH AND GRN/Page_KDMC - CMS/input_txtqty'

2018-05-28 13:25:32 - [MESSAGE][PASSED] - Text '5000' is set on object 'Object Repository/MOH AND GRN/Page_KDMC - CMS/input_txtqty'

2018-05-28 13:25:32 - [TEST_STEP][PASSED] - selectOptionByIndex: All options with index in [1] are selected on object 'Object Repository/MOH AND GRN/Page_KDMC - CMS/select_--Select--No Tax0'

2018-05-28 13:25:32 - [MESSAGE][PASSED] - All options with index in [1] are selected on object 'Object Repository/MOH AND GRN/Page_KDMC - CMS/select_--Select--No Tax0'

2018-05-28 13:25:32 - [TEST_STEP][PASSED] - setText: Finding Test Object with id 'Object Repository/MOH AND GRN/Page_KDMC - CMS/input_txtmrp'

2018-05-28 13:25:32 - [TEST_STEP][PASSED] - Statement - switch (id): Finding Test Object with id 'Object Repository/MOH AND GRN/Page_KDMC - CMS/input_txtdeal'

2018-05-28 13:25:32 - [TEST_STEP][PASSED] - Statement - case 4:: Text '25.0' is set on object 'Object Repository/MOH AND GRN/Page_KDMC - CMS/input_txtmrp'

2018-05-28 13:25:32 - [TEST_STEP][PASSED] - Statement - return (java.lang.Math.floor((java.lang.Math.random() * ((max - min) + 1))) + min): Text '25.0' is set on object 'Object Repository/MOH AND GRN/Page_KDMC - CMS/input_txtmrp'

2018-05-28 13:25:32 - [MESSAGE][PASSED] - Text '25.0' is set on object 'Object Repository/MOH AND GRN/Page_KDMC - CMS/input_txtmrp'

2018-05-28 13:25:32 - [TEST_STEP][PASSED] - setText: Finding Test Object with id 'Object Repository/MOH AND GRN/Page_KDMC - CMS/input_txtdeal'

2018-05-28 13:25:32 - [TEST_STEP][PASSED] - Statement - switch (id): Finding Test Object with id 'Object Repository/MOH AND GRN/Page_KDMC - CMS/input_txtbatchno'

2018-05-28 13:25:32 - [TEST_STEP][PASSED] - Statement - case 5:: Text '4.0' is set on object 'Object Repository/MOH AND GRN/Page_KDMC - CMS/input_txtdeal'

2018-05-28 13:25:32 - [TEST_STEP][PASSED] - Statement - return (java.lang.Math.floor((java.lang.Math.random() * ((max - min) + 1))) + min): Text '4.0' is set on object 'Object Repository/MOH AND GRN/Page_KDMC - CMS/input_txtdeal'

2018-05-28 13:25:32 - [MESSAGE][PASSED] - Text '4.0' is set on object 'Object Repository/MOH AND GRN/Page_KDMC - CMS/input_txtdeal'

2018-05-28 13:25:32 - [TEST_STEP][PASSED] - setText: Finding Test Object with id 'Object Repository/MOH AND GRN/Page_KDMC - CMS/input_txtbatchno'

2018-05-28 13:25:32 - [TEST_STEP][PASSED] - Statement - switch (id): Finding Test Object with id 'Object Repository/MOH AND GRN/Page_KDMC - CMS/input_txtmrp'

2018-05-28 13:25:32 - [TEST_STEP][PASSED] - Statement - case 1:: Text 'BA770.0' is set on object 'Object Repository/MOH AND GRN/Page_KDMC - CMS/input_txtbatchno'

2018-05-28 13:25:32 - [TEST_STEP][PASSED] - Statement - return (java.lang.Math.floor((java.lang.Math.random() * ((max - min) + 1))) + min): Text 'BA770.0' is set on object 'Object Repository/MOH AND GRN/Page_KDMC - CMS/input_txtbatchno'

2018-05-28 13:25:32 - [MESSAGE][PASSED] - Text 'BA770.0' is set on object 'Object Repository/MOH AND GRN/Page_KDMC - CMS/input_txtbatchno'

2018-05-28 13:25:32 - [TEST_STEP][PASSED] - rightClick: Object: 'Object Repository/GRN/Page_KDMC - CMS/input_txtexpdate' is right clicked on

2018-05-28 13:25:32 - [MESSAGE][PASSED] - Object: 'Object Repository/GRN/Page_KDMC - CMS/input_txtexpdate' is right clicked on

2018-05-28 13:25:32 - [TEST_STEP][PASSED] - selectOptionByIndex: All options with index in [4] are selected on object 'Object Repository/GRN/Page_KDMC - CMS/select_20182019202020212022202'

2018-05-28 13:25:32 - [MESSAGE][PASSED] - All options with index in [4] are selected on object 'Object Repository/GRN/Page_KDMC - CMS/select_20182019202020212022202'

2018-05-28 13:25:32 - [TEST_STEP][PASSED] - selectOptionByIndex: All options with index in [4] are selected on object 'Object Repository/GRN/Page_KDMC - CMS/select_JanFebMarAprMayJunJulAu'

2018-05-28 13:25:32 - [MESSAGE][PASSED] - All options with index in [4] are selected on object 'Object Repository/GRN/Page_KDMC - CMS/select_JanFebMarAprMayJunJulAu'

2018-05-28 13:25:32 - [TEST_STEP][PASSED] - click: Object: 'Object Repository/MOH AND GRN/Page_KDMC - CMS/a_12' is clicked on

2018-05-28 13:25:32 - [MESSAGE][PASSED] - Object: 'Object Repository/MOH AND GRN/Page_KDMC - CMS/a_12' is clicked on

2018-05-28 13:25:32 - [TEST_STEP][PASSED] - click: Object: 'Object Repository/MOH AND GRN/Page_KDMC - CMS/input_btnadd' is clicked on

2018-05-28 13:25:33 - [MESSAGE][PASSED] - Object: 'Object Repository/MOH AND GRN/Page_KDMC - CMS/input_btnadd' is clicked on

2018-05-28 13:25:33 - [TEST_STEP][PASSED] - Statement - If (s == 10): null

2018-05-28 13:25:33 - [TEST_STEP][PASSED] - Statement - Else: null

2018-05-28 13:25:33 - [TEST_STEP][PASSED] - Statement - (s++): null

2018-05-28 13:25:33 - [TEST_STEP][PASSED] - delay: Delayed 1 second(s)

2018-05-28 13:25:34 - [MESSAGE][PASSED] - Delayed 1 second(s)

2018-05-28 13:25:34 - [TEST_STEP][PASSED] - selectOptionByIndex: All options with index in [25] are selected on object 'Object Repository/MOH AND GRN/Page_KDMC - CMS/select_--Select--Amikacin -500'

2018-05-28 13:25:34 - [MESSAGE][PASSED] - All options with index in [25] are selected on object 'Object Repository/MOH AND GRN/Page_KDMC - CMS/select_--Select--Amikacin -500'

2018-05-28 13:25:34 - [TEST_STEP][PASSED] - setText: Text '5000' is set on object 'Object Repository/MOH AND GRN/Page_KDMC - CMS/input_txtqty'

2018-05-28 13:25:34 - [MESSAGE][PASSED] - Text '5000' is set on object 'Object Repository/MOH AND GRN/Page_KDMC - CMS/input_txtqty'

2018-05-28 13:25:34 - [TEST_STEP][PASSED] - selectOptionByIndex: All options with index in [1] are selected on object 'Object Repository/MOH AND GRN/Page_KDMC - CMS/select_--Select--No Tax0'

2018-05-28 13:25:34 - [MESSAGE][PASSED] - All options with index in [1] are selected on object 'Object Repository/MOH AND GRN/Page_KDMC - CMS/select_--Select--No Tax0'

2018-05-28 13:25:34 - [TEST_STEP][PASSED] - setText: Finding Test Object with id 'Object Repository/MOH AND GRN/Page_KDMC - CMS/input_txtmrp'

2018-05-28 13:25:34 - [TEST_STEP][PASSED] - Statement - switch (id): Finding Test Object with id 'Object Repository/MOH AND GRN/Page_KDMC - CMS/input_txtdeal'

2018-05-28 13:25:34 - [TEST_STEP][PASSED] - Statement - case 4:: Text '42.0' is set on object 'Object Repository/MOH AND GRN/Page_KDMC - CMS/input_txtmrp'

2018-05-28 13:25:34 - [TEST_STEP][PASSED] - Statement - return (java.lang.Math.floor((java.lang.Math.random() * ((max - min) + 1))) + min): Text '42.0' is set on object 'Object Repository/MOH AND GRN/Page_KDMC - CMS/input_txtmrp'

2018-05-28 13:25:34 - [MESSAGE][PASSED] - Text '42.0' is set on object 'Object Repository/MOH AND GRN/Page_KDMC - CMS/input_txtmrp'

2018-05-28 13:25:34 - [TEST_STEP][PASSED] - setText: Finding Test Object with id 'Object Repository/MOH AND GRN/Page_KDMC - CMS/input_txtdeal'

2018-05-28 13:25:34 - [TEST_STEP][PASSED] - Statement - switch (id): Finding Test Object with id 'Object Repository/MOH AND GRN/Page_KDMC - CMS/input_txtbatchno'

2018-05-28 13:25:34 - [TEST_STEP][PASSED] - Statement - case 5:: Text '3.0' is set on object 'Object Repository/MOH AND GRN/Page_KDMC - CMS/input_txtdeal'

2018-05-28 13:25:34 - [TEST_STEP][PASSED] - Statement - return (java.lang.Math.floor((java.lang.Math.random() * ((max - min) + 1))) + min): Text '3.0' is set on object 'Object Repository/MOH AND GRN/Page_KDMC - CMS/input_txtdeal'

2018-05-28 13:25:34 - [MESSAGE][PASSED] - Text '3.0' is set on object 'Object Repository/MOH AND GRN/Page_KDMC - CMS/input_txtdeal'

2018-05-28 13:25:34 - [TEST_STEP][PASSED] - setText: Finding Test Object with id 'Object Repository/MOH AND GRN/Page_KDMC - CMS/input_txtbatchno'

2018-05-28 13:25:34 - [TEST_STEP][PASSED] - Statement - switch (id): Finding Test Object with id 'Object Repository/MOH AND GRN/Page_KDMC - CMS/input_txtmrp'

2018-05-28 13:25:34 - [TEST_STEP][PASSED] - Statement - case 1:: Text 'BA422.0' is set on object 'Object Repository/MOH AND GRN/Page_KDMC - CMS/input_txtbatchno'

2018-05-28 13:25:34 - [TEST_STEP][PASSED] - Statement - return (java.lang.Math.floor((java.lang.Math.random() * ((max - min) + 1))) + min): Text 'BA422.0' is set on object 'Object Repository/MOH AND GRN/Page_KDMC - CMS/input_txtbatchno'

2018-05-28 13:25:35 - [MESSAGE][PASSED] - Text 'BA422.0' is set on object 'Object Repository/MOH AND GRN/Page_KDMC - CMS/input_txtbatchno'

2018-05-28 13:25:35 - [TEST_STEP][PASSED] - rightClick: Object: 'Object Repository/GRN/Page_KDMC - CMS/input_txtexpdate' is right clicked on

2018-05-28 13:25:35 - [MESSAGE][PASSED] - Object: 'Object Repository/GRN/Page_KDMC - CMS/input_txtexpdate' is right clicked on

2018-05-28 13:25:35 - [TEST_STEP][PASSED] - selectOptionByIndex: All options with index in [5] are selected on object 'Object Repository/GRN/Page_KDMC - CMS/select_20182019202020212022202'

2018-05-28 13:25:35 - [MESSAGE][PASSED] - All options with index in [5] are selected on object 'Object Repository/GRN/Page_KDMC - CMS/select_20182019202020212022202'

2018-05-28 13:25:35 - [TEST_STEP][PASSED] - selectOptionByIndex: All options with index in [5] are selected on object 'Object Repository/GRN/Page_KDMC - CMS/select_JanFebMarAprMayJunJulAu'

2018-05-28 13:25:35 - [MESSAGE][PASSED] - All options with index in [5] are selected on object 'Object Repository/GRN/Page_KDMC - CMS/select_JanFebMarAprMayJunJulAu'

2018-05-28 13:25:35 - [TEST_STEP][PASSED] - click: Object: 'Object Repository/MOH AND GRN/Page_KDMC - CMS/a_12' is clicked on

2018-05-28 13:25:35 - [MESSAGE][PASSED] - Object: 'Object Repository/MOH AND GRN/Page_KDMC - CMS/a_12' is clicked on

2018-05-28 13:25:35 - [TEST_STEP][PASSED] - click: Object: 'Object Repository/MOH AND GRN/Page_KDMC - CMS/input_btnadd' is clicked on

2018-05-28 13:25:35 - [MESSAGE][PASSED] - Object: 'Object Repository/MOH AND GRN/Page_KDMC - CMS/input_btnadd' is clicked on

2018-05-28 13:25:35 - [TEST_STEP][PASSED] - Statement - If (s == 10): null

2018-05-28 13:25:35 - [TEST_STEP][PASSED] - Statement - Else: null

2018-05-28 13:25:35 - [TEST_STEP][PASSED] - Statement - (s++): null

2018-05-28 13:25:35 - [TEST_STEP][PASSED] - delay: Delayed 1 second(s)

2018-05-28 13:25:36 - [MESSAGE][PASSED] - Delayed 1 second(s)

2018-05-28 13:25:36 - [TEST_STEP][PASSED] - selectOptionByIndex: All options with index in [26] are selected on object 'Object Repository/MOH AND GRN/Page_KDMC - CMS/select_--Select--Amikacin -500'

2018-05-28 13:25:37 - [MESSAGE][PASSED] - All options with index in [26] are selected on object 'Object Repository/MOH AND GRN/Page_KDMC - CMS/select_--Select--Amikacin -500'

2018-05-28 13:25:37 - [TEST_STEP][PASSED] - setText: Text '5000' is set on object 'Object Repository/MOH AND GRN/Page_KDMC - CMS/input_txtqty'

2018-05-28 13:25:37 - [MESSAGE][PASSED] - Text '5000' is set on object 'Object Repository/MOH AND GRN/Page_KDMC - CMS/input_txtqty'

2018-05-28 13:25:37 - [TEST_STEP][PASSED] - selectOptionByIndex: All options with index in [1] are selected on object 'Object Repository/MOH AND GRN/Page_KDMC - CMS/select_--Select--No Tax0'

2018-05-28 13:25:37 - [MESSAGE][PASSED] - All options with index in [1] are selected on object 'Object Repository/MOH AND GRN/Page_KDMC - CMS/select_--Select--No Tax0'

2018-05-28 13:25:37 - [TEST_STEP][PASSED] - setText: Finding Test Object with id 'Object Repository/MOH AND GRN/Page_KDMC - CMS/input_txtmrp'

2018-05-28 13:25:37 - [TEST_STEP][PASSED] - Statement - switch (id): Finding Test Object with id 'Object Repository/MOH AND GRN/Page_KDMC - CMS/input_txtdeal'

2018-05-28 13:25:37 - [TEST_STEP][PASSED] - Statement - case 4:: Text '22.0' is set on object 'Object Repository/MOH AND GRN/Page_KDMC - CMS/input_txtmrp'

2018-05-28 13:25:37 - [TEST_STEP][PASSED] - Statement - return (java.lang.Math.floor((java.lang.Math.random() * ((max - min) + 1))) + min): Text '22.0' is set on object 'Object Repository/MOH AND GRN/Page_KDMC - CMS/input_txtmrp'

2018-05-28 13:25:37 - [MESSAGE][PASSED] - Text '22.0' is set on object 'Object Repository/MOH AND GRN/Page_KDMC - CMS/input_txtmrp'

2018-05-28 13:25:37 - [TEST_STEP][PASSED] - setText: Finding Test Object with id 'Object Repository/MOH AND GRN/Page_KDMC - CMS/input_txtdeal'

2018-05-28 13:25:37 - [TEST_STEP][PASSED] - Statement - switch (id): Finding Test Object with id 'Object Repository/MOH AND GRN/Page_KDMC - CMS/input_txtbatchno'

2018-05-28 13:25:37 - [TEST_STEP][PASSED] - Statement - case 5:: Text '6.0' is set on object 'Object Repository/MOH AND GRN/Page_KDMC - CMS/input_txtdeal'

2018-05-28 13:25:37 - [TEST_STEP][PASSED] - Statement - return (java.lang.Math.floor((java.lang.Math.random() * ((max - min) + 1))) + min): Text '6.0' is set on object 'Object Repository/MOH AND GRN/Page_KDMC - CMS/input_txtdeal'

2018-05-28 13:25:37 - [MESSAGE][PASSED] - Text '6.0' is set on object 'Object Repository/MOH AND GRN/Page_KDMC - CMS/input_txtdeal'

2018-05-28 13:25:37 - [TEST_STEP][PASSED] - setText: Finding Test Object with id 'Object Repository/MOH AND GRN/Page_KDMC - CMS/input_txtbatchno'

2018-05-28 13:25:37 - [TEST_STEP][PASSED] - Statement - switch (id): Finding Test Object with id 'Object Repository/MOH AND GRN/Page_KDMC - CMS/input_txtmrp'

2018-05-28 13:25:37 - [TEST_STEP][PASSED] - Statement - case 1:: Text 'BA675.0' is set on object 'Object Repository/MOH AND GRN/Page_KDMC - CMS/input_txtbatchno'

2018-05-28 13:25:37 - [TEST_STEP][PASSED] - Statement - return (java.lang.Math.floor((java.lang.Math.random() * ((max - min) + 1))) + min): Text 'BA675.0' is set on object 'Object Repository/MOH AND GRN/Page_KDMC - CMS/input_txtbatchno'

2018-05-28 13:25:37 - [MESSAGE][PASSED] - Text 'BA675.0' is set on object 'Object Repository/MOH AND GRN/Page_KDMC - CMS/input_txtbatchno'

2018-05-28 13:25:37 - [TEST_STEP][PASSED] - rightClick: Object: 'Object Repository/GRN/Page_KDMC - CMS/input_txtexpdate' is right clicked on

2018-05-28 13:25:37 - [MESSAGE][PASSED] - Object: 'Object Repository/GRN/Page_KDMC - CMS/input_txtexpdate' is right clicked on

2018-05-28 13:25:37 - [TEST_STEP][PASSED] - selectOptionByIndex: All options with index in [6] are selected on object 'Object Repository/GRN/Page_KDMC - CMS/select_20182019202020212022202'

2018-05-28 13:25:37 - [MESSAGE][PASSED] - All options with index in [6] are selected on object 'Object Repository/GRN/Page_KDMC - CMS/select_20182019202020212022202'

2018-05-28 13:25:37 - [TEST_STEP][PASSED] - selectOptionByIndex: All options with index in [6] are selected on object 'Object Repository/GRN/Page_KDMC - CMS/select_JanFebMarAprMayJunJulAu'

2018-05-28 13:25:38 - [MESSAGE][PASSED] - All options with index in [6] are selected on object 'Object Repository/GRN/Page_KDMC - CMS/select_JanFebMarAprMayJunJulAu'

2018-05-28 13:25:38 - [TEST_STEP][PASSED] - click: Object: 'Object Repository/MOH AND GRN/Page_KDMC - CMS/a_12' is clicked on

2018-05-28 13:25:38 - [MESSAGE][PASSED] - Object: 'Object Repository/MOH AND GRN/Page_KDMC - CMS/a_12' is clicked on

2018-05-28 13:25:38 - [TEST_STEP][PASSED] - click: Object: 'Object Repository/MOH AND GRN/Page_KDMC - CMS/input_btnadd' is clicked on

2018-05-28 13:25:38 - [MESSAGE][PASSED] - Object: 'Object Repository/MOH AND GRN/Page_KDMC - CMS/input_btnadd' is clicked on

2018-05-28 13:25:38 - [TEST_STEP][PASSED] - Statement - If (s == 10): null

2018-05-28 13:25:38 - [TEST_STEP][PASSED] - Statement - Else: null

2018-05-28 13:25:38 - [TEST_STEP][PASSED] - Statement - (s++): null

2018-05-28 13:25:38 - [TEST_STEP][PASSED] - delay: Delayed 1 second(s)

2018-05-28 13:25:39 - [MESSAGE][PASSED] - Delayed 1 second(s)

2018-05-28 13:25:39 - [TEST_STEP][PASSED] - selectOptionByIndex: All options with index in [27] are selected on object 'Object Repository/MOH AND GRN/Page_KDMC - CMS/select_--Select--Amikacin -500'

2018-05-28 13:25:39 - [MESSAGE][PASSED] - All options with index in [27] are selected on object 'Object Repository/MOH AND GRN/Page_KDMC - CMS/select_--Select--Amikacin -500'

2018-05-28 13:25:39 - [TEST_STEP][PASSED] - setText: Text '5000' is set on object 'Object Repository/MOH AND GRN/Page_KDMC - CMS/input_txtqty'

2018-05-28 13:25:39 - [MESSAGE][PASSED] - Text '5000' is set on object 'Object Repository/MOH AND GRN/Page_KDMC - CMS/input_txtqty'

2018-05-28 13:25:39 - [TEST_STEP][PASSED] - selectOptionByIndex: All options with index in [1] are selected on object 'Object Repository/MOH AND GRN/Page_KDMC - CMS/select_--Select--No Tax0'

2018-05-28 13:25:39 - [MESSAGE][PASSED] - All options with index in [1] are selected on object 'Object Repository/MOH AND GRN/Page_KDMC - CMS/select_--Select--No Tax0'

2018-05-28 13:25:39 - [TEST_STEP][PASSED] - setText: Finding Test Object with id 'Object Repository/MOH AND GRN/Page_KDMC - CMS/input_txtmrp'

2018-05-28 13:25:39 - [TEST_STEP][PASSED] - Statement - switch (id): Finding Test Object with id 'Object Repository/MOH AND GRN/Page_KDMC - CMS/input_txtdeal'

2018-05-28 13:25:39 - [TEST_STEP][PASSED] - Statement - case 4:: Text '40.0' is set on object 'Object Repository/MOH AND GRN/Page_KDMC - CMS/input_txtmrp'

2018-05-28 13:25:39 - [TEST_STEP][PASSED] - Statement - return (java.lang.Math.floor((java.lang.Math.random() * ((max - min) + 1))) + min): Text '40.0' is set on object 'Object Repository/MOH AND GRN/Page_KDMC - CMS/input_txtmrp'

2018-05-28 13:25:40 - [MESSAGE][PASSED] - Text '40.0' is set on object 'Object Repository/MOH AND GRN/Page_KDMC - CMS/input_txtmrp'

2018-05-28 13:25:40 - [TEST_STEP][PASSED] - setText: Finding Test Object with id 'Object Repository/MOH AND GRN/Page_KDMC - CMS/input_txtdeal'

2018-05-28 13:25:40 - [TEST_STEP][PASSED] - Statement - switch (id): Finding Test Object with id 'Object Repository/MOH AND GRN/Page_KDMC - CMS/input_txtbatchno'

2018-05-28 13:25:40 - [TEST_STEP][PASSED] - Statement - case 5:: Text '1.0' is set on object 'Object Repository/MOH AND GRN/Page_KDMC - CMS/input_txtdeal'

2018-05-28 13:25:40 - [TEST_STEP][PASSED] - Statement - return (java.lang.Math.floor((java.lang.Math.random() * ((max - min) + 1))) + min): Text '1.0' is set on object 'Object Repository/MOH AND GRN/Page_KDMC - CMS/input_txtdeal'

2018-05-28 13:25:40 - [MESSAGE][PASSED] - Text '1.0' is set on object 'Object Repository/MOH AND GRN/Page_KDMC - CMS/input_txtdeal'

2018-05-28 13:25:40 - [TEST_STEP][PASSED] - setText: Finding Test Object with id 'Object Repository/MOH AND GRN/Page_KDMC - CMS/input_txtbatchno'

2018-05-28 13:25:40 - [TEST_STEP][PASSED] - Statement - switch (id): Finding Test Object with id 'Object Repository/MOH AND GRN/Page_KDMC - CMS/input_txtmrp'

2018-05-28 13:25:40 - [TEST_STEP][PASSED] - Statement - case 1:: Text 'BA560.0' is set on object 'Object Repository/MOH AND GRN/Page_KDMC - CMS/input_txtbatchno'

2018-05-28 13:25:40 - [TEST_STEP][PASSED] - Statement - return (java.lang.Math.floor((java.lang.Math.random() * ((max - min) + 1))) + min): Text 'BA560.0' is set on object 'Object Repository/MOH AND GRN/Page_KDMC - CMS/input_txtbatchno'

2018-05-28 13:25:40 - [MESSAGE][PASSED] - Text 'BA560.0' is set on object 'Object Repository/MOH AND GRN/Page_KDMC - CMS/input_txtbatchno'

2018-05-28 13:25:40 - [TEST_STEP][PASSED] - rightClick: Object: 'Object Repository/GRN/Page_KDMC - CMS/input_txtexpdate' is right clicked on

2018-05-28 13:25:40 - [MESSAGE][PASSED] - Object: 'Object Repository/GRN/Page_KDMC - CMS/input_txtexpdate' is right clicked on

2018-05-28 13:25:40 - [TEST_STEP][PASSED] - selectOptionByIndex: All options with index in [7] are selected on object 'Object Repository/GRN/Page_KDMC - CMS/select_20182019202020212022202'

2018-05-28 13:25:40 - [MESSAGE][PASSED] - All options with index in [7] are selected on object 'Object Repository/GRN/Page_KDMC - CMS/select_20182019202020212022202'

2018-05-28 13:25:40 - [TEST_STEP][PASSED] - selectOptionByIndex: All options with index in [7] are selected on object 'Object Repository/GRN/Page_KDMC - CMS/select_JanFebMarAprMayJunJulAu'

2018-05-28 13:25:40 - [MESSAGE][PASSED] - All options with index in [7] are selected on object 'Object Repository/GRN/Page_KDMC - CMS/select_JanFebMarAprMayJunJulAu'

2018-05-28 13:25:40 - [TEST_STEP][PASSED] - click: Object: 'Object Repository/MOH AND GRN/Page_KDMC - CMS/a_12' is clicked on

2018-05-28 13:25:40 - [MESSAGE][PASSED] - Object: 'Object Repository/MOH AND GRN/Page_KDMC - CMS/a_12' is clicked on

2018-05-28 13:25:40 - [TEST_STEP][PASSED] - click: Object: 'Object Repository/MOH AND GRN/Page_KDMC - CMS/input_btnadd' is clicked on

2018-05-28 13:25:40 - [MESSAGE][PASSED] - Object: 'Object Repository/MOH AND GRN/Page_KDMC - CMS/input_btnadd' is clicked on

2018-05-28 13:25:40 - [TEST_STEP][PASSED] - Statement - If (s == 10): null

2018-05-28 13:25:40 - [TEST_STEP][PASSED] - Statement - Else: null

2018-05-28 13:25:40 - [TEST_STEP][PASSED] - Statement - (s++): null

2018-05-28 13:25:40 - [TEST_STEP][PASSED] - delay: Delayed 1 second(s)

2018-05-28 13:25:41 - [MESSAGE][PASSED] - Delayed 1 second(s)

2018-05-28 13:25:41 - [TEST_STEP][PASSED] - selectOptionByIndex: All options with index in [28] are selected on object 'Object Repository/MOH AND GRN/Page_KDMC - CMS/select_--Select--Amikacin -500'

2018-05-28 13:25:42 - [MESSAGE][PASSED] - All options with index in [28] are selected on object 'Object Repository/MOH AND GRN/Page_KDMC - CMS/select_--Select--Amikacin -500'

2018-05-28 13:25:42 - [TEST_STEP][PASSED] - setText: Text '5000' is set on object 'Object Repository/MOH AND GRN/Page_KDMC - CMS/input_txtqty'

2018-05-28 13:25:42 - [MESSAGE][PASSED] - Text '5000' is set on object 'Object Repository/MOH AND GRN/Page_KDMC - CMS/input_txtqty'

2018-05-28 13:25:42 - [TEST_STEP][PASSED] - selectOptionByIndex: All options with index in [1] are selected on object 'Object Repository/MOH AND GRN/Page_KDMC - CMS/select_--Select--No Tax0'

2018-05-28 13:25:42 - [MESSAGE][PASSED] - All options with index in [1] are selected on object 'Object Repository/MOH AND GRN/Page_KDMC - CMS/select_--Select--No Tax0'

2018-05-28 13:25:42 - [TEST_STEP][PASSED] - setText: Finding Test Object with id 'Object Repository/MOH AND GRN/Page_KDMC - CMS/input_txtmrp'

2018-05-28 13:25:42 - [TEST_STEP][PASSED] - Statement - switch (id): Finding Test Object with id 'Object Repository/MOH AND GRN/Page_KDMC - CMS/input_txtdeal'

2018-05-28 13:25:42 - [TEST_STEP][PASSED] - Statement - case 4:: Text '36.0' is set on object 'Object Repository/MOH AND GRN/Page_KDMC - CMS/input_txtmrp'

2018-05-28 13:25:42 - [TEST_STEP][PASSED] - Statement - return (java.lang.Math.floor((java.lang.Math.random() * ((max - min) + 1))) + min): Text '36.0' is set on object 'Object Repository/MOH AND GRN/Page_KDMC - CMS/input_txtmrp'

2018-05-28 13:25:42 - [MESSAGE][PASSED] - Text '36.0' is set on object 'Object Repository/MOH AND GRN/Page_KDMC - CMS/input_txtmrp'

2018-05-28 13:25:42 - [TEST_STEP][PASSED] - setText: Finding Test Object with id 'Object Repository/MOH AND GRN/Page_KDMC - CMS/input_txtdeal'

2018-05-28 13:25:42 - [TEST_STEP][PASSED] - Statement - switch (id): Finding Test Object with id 'Object Repository/MOH AND GRN/Page_KDMC - CMS/input_txtbatchno'

2018-05-28 13:25:42 - [TEST_STEP][PASSED] - Statement - case 5:: Text '12.0' is set on object 'Object Repository/MOH AND GRN/Page_KDMC - CMS/input_txtdeal'

2018-05-28 13:25:42 - [TEST_STEP][PASSED] - Statement - return (java.lang.Math.floor((java.lang.Math.random() * ((max - min) + 1))) + min): Text '12.0' is set on object 'Object Repository/MOH AND GRN/Page_KDMC - CMS/input_txtdeal'

2018-05-28 13:25:42 - [MESSAGE][PASSED] - Text '12.0' is set on object 'Object Repository/MOH AND GRN/Page_KDMC - CMS/input_txtdeal'

2018-05-28 13:25:42 - [TEST_STEP][PASSED] - setText: Finding Test Object with id 'Object Repository/MOH AND GRN/Page_KDMC - CMS/input_txtbatchno'

2018-05-28 13:25:42 - [TEST_STEP][PASSED] - Statement - switch (id): Finding Test Object with id 'Object Repository/MOH AND GRN/Page_KDMC - CMS/input_txtmrp'

2018-05-28 13:25:42 - [TEST_STEP][PASSED] - Statement - case 1:: Text 'BA732.0' is set on object 'Object Repository/MOH AND GRN/Page_KDMC - CMS/input_txtbatchno'

2018-05-28 13:25:42 - [TEST_STEP][PASSED] - Statement - return (java.lang.Math.floor((java.lang.Math.random() * ((max - min) + 1))) + min): Text 'BA732.0' is set on object 'Object Repository/MOH AND GRN/Page_KDMC - CMS/input_txtbatchno'

2018-05-28 13:25:42 - [MESSAGE][PASSED] - Text 'BA732.0' is set on object 'Object Repository/MOH AND GRN/Page_KDMC - CMS/input_txtbatchno'

2018-05-28 13:25:42 - [TEST_STEP][PASSED] - rightClick: Object: 'Object Repository/GRN/Page_KDMC - CMS/input_txtexpdate' is right clicked on

2018-05-28 13:25:42 - [MESSAGE][PASSED] - Object: 'Object Repository/GRN/Page_KDMC - CMS/input_txtexpdate' is right clicked on

2018-05-28 13:25:42 - [TEST_STEP][PASSED] - selectOptionByIndex: All options with index in [8] are selected on object 'Object Repository/GRN/Page_KDMC - CMS/select_20182019202020212022202'

2018-05-28 13:25:43 - [MESSAGE][PASSED] - All options with index in [8] are selected on object 'Object Repository/GRN/Page_KDMC - CMS/select_20182019202020212022202'

2018-05-28 13:25:43 - [TEST_STEP][PASSED] - selectOptionByIndex: All options with index in [8] are selected on object 'Object Repository/GRN/Page_KDMC - CMS/select_JanFebMarAprMayJunJulAu'

2018-05-28 13:25:43 - [MESSAGE][PASSED] - All options with index in [8] are selected on object 'Object Repository/GRN/Page_KDMC - CMS/select_JanFebMarAprMayJunJulAu'

2018-05-28 13:25:43 - [TEST_STEP][PASSED] - click: Object: 'Object Repository/MOH AND GRN/Page_KDMC - CMS/a_12' is clicked on

2018-05-28 13:25:43 - [MESSAGE][PASSED] - Object: 'Object Repository/MOH AND GRN/Page_KDMC - CMS/a_12' is clicked on

2018-05-28 13:25:43 - [TEST_STEP][PASSED] - click: Object: 'Object Repository/MOH AND GRN/Page_KDMC - CMS/input_btnadd' is clicked on

2018-05-28 13:25:43 - [MESSAGE][PASSED] - Object: 'Object Repository/MOH AND GRN/Page_KDMC - CMS/input_btnadd' is clicked on

2018-05-28 13:25:43 - [TEST_STEP][PASSED] - Statement - If (s == 10): null

2018-05-28 13:25:43 - [TEST_STEP][PASSED] - Statement - Else: null

2018-05-28 13:25:43 - [TEST_STEP][PASSED] - Statement - (s++): null

2018-05-28 13:25:43 - [TEST_STEP][PASSED] - delay: Delayed 1 second(s)

2018-05-28 13:25:44 - [MESSAGE][PASSED] - Delayed 1 second(s)

2018-05-28 13:25:44 - [TEST_STEP][PASSED] - selectOptionByIndex: All options with index in [29] are selected on object 'Object Repository/MOH AND GRN/Page_KDMC - CMS/select_--Select--Amikacin -500'

2018-05-28 13:25:44 - [MESSAGE][PASSED] - All options with index in [29] are selected on object 'Object Repository/MOH AND GRN/Page_KDMC - CMS/select_--Select--Amikacin -500'

2018-05-28 13:25:44 - [TEST_STEP][PASSED] - setText: Text '5000' is set on object 'Object Repository/MOH AND GRN/Page_KDMC - CMS/input_txtqty'

2018-05-28 13:25:45 - [MESSAGE][PASSED] - Text '5000' is set on object 'Object Repository/MOH AND GRN/Page_KDMC - CMS/input_txtqty'

2018-05-28 13:25:45 - [TEST_STEP][PASSED] - selectOptionByIndex: All options with index in [1] are selected on object 'Object Repository/MOH AND GRN/Page_KDMC - CMS/select_--Select--No Tax0'

2018-05-28 13:25:45 - [MESSAGE][PASSED] - All options with index in [1] are selected on object 'Object Repository/MOH AND GRN/Page_KDMC - CMS/select_--Select--No Tax0'

2018-05-28 13:25:45 - [TEST_STEP][PASSED] - setText: Finding Test Object with id 'Object Repository/MOH AND GRN/Page_KDMC - CMS/input_txtmrp'

2018-05-28 13:25:45 - [TEST_STEP][PASSED] - Statement - switch (id): Finding Test Object with id 'Object Repository/MOH AND GRN/Page_KDMC - CMS/input_txtdeal'

2018-05-28 13:25:45 - [TEST_STEP][PASSED] - Statement - case 4:: Text '45.0' is set on object 'Object Repository/MOH AND GRN/Page_KDMC - CMS/input_txtmrp'

2018-05-28 13:25:45 - [TEST_STEP][PASSED] - Statement - return (java.lang.Math.floor((java.lang.Math.random() * ((max - min) + 1))) + min): Text '45.0' is set on object 'Object Repository/MOH AND GRN/Page_KDMC - CMS/input_txtmrp'

2018-05-28 13:25:45 - [MESSAGE][PASSED] - Text '45.0' is set on object 'Object Repository/MOH AND GRN/Page_KDMC - CMS/input_txtmrp'

2018-05-28 13:25:45 - [TEST_STEP][PASSED] - setText: Finding Test Object with id 'Object Repository/MOH AND GRN/Page_KDMC - CMS/input_txtdeal'

2018-05-28 13:25:45 - [TEST_STEP][PASSED] - Statement - switch (id): Finding Test Object with id 'Object Repository/MOH AND GRN/Page_KDMC - CMS/input_txtbatchno'

2018-05-28 13:25:45 - [TEST_STEP][PASSED] - Statement - case 5:: Text '2.0' is set on object 'Object Repository/MOH AND GRN/Page_KDMC - CMS/input_txtdeal'

2018-05-28 13:25:45 - [TEST_STEP][PASSED] - Statement - return (java.lang.Math.floor((java.lang.Math.random() * ((max - min) + 1))) + min): Text '2.0' is set on object 'Object Repository/MOH AND GRN/Page_KDMC - CMS/input_txtdeal'

2018-05-28 13:25:45 - [MESSAGE][PASSED] - Text '2.0' is set on object 'Object Repository/MOH AND GRN/Page_KDMC - CMS/input_txtdeal'

2018-05-28 13:25:45 - [TEST_STEP][PASSED] - setText: Finding Test Object with id 'Object Repository/MOH AND GRN/Page_KDMC - CMS/input_txtbatchno'

2018-05-28 13:25:45 - [TEST_STEP][PASSED] - Statement - switch (id): Finding Test Object with id 'Object Repository/MOH AND GRN/Page_KDMC - CMS/input_txtmrp'

2018-05-28 13:25:45 - [TEST_STEP][PASSED] - Statement - case 1:: Text 'BA789.0' is set on object 'Object Repository/MOH AND GRN/Page_KDMC - CMS/input_txtbatchno'

2018-05-28 13:25:45 - [TEST_STEP][PASSED] - Statement - return (java.lang.Math.floor((java.lang.Math.random() * ((max - min) + 1))) + min): Text 'BA789.0' is set on object 'Object Repository/MOH AND GRN/Page_KDMC - CMS/input_txtbatchno'

2018-05-28 13:25:45 - [MESSAGE][PASSED] - Text 'BA789.0' is set on object 'Object Repository/MOH AND GRN/Page_KDMC - CMS/input_txtbatchno'

2018-05-28 13:25:45 - [TEST_STEP][PASSED] - rightClick: Object: 'Object Repository/GRN/Page_KDMC - CMS/input_txtexpdate' is right clicked on

2018-05-28 13:25:45 - [MESSAGE][PASSED] - Object: 'Object Repository/GRN/Page_KDMC - CMS/input_txtexpdate' is right clicked on

2018-05-28 13:25:45 - [TEST_STEP][PASSED] - selectOptionByIndex: All options with index in [9] are selected on object 'Object Repository/GRN/Page_KDMC - CMS/select_20182019202020212022202'

2018-05-28 13:25:45 - [MESSAGE][PASSED] - All options with index in [9] are selected on object 'Object Repository/GRN/Page_KDMC - CMS/select_20182019202020212022202'

2018-05-28 13:25:45 - [TEST_STEP][PASSED] - selectOptionByIndex: All options with index in [9] are selected on object 'Object Repository/GRN/Page_KDMC - CMS/select_JanFebMarAprMayJunJulAu'

2018-05-28 13:25:46 - [MESSAGE][PASSED] - All options with index in [9] are selected on object 'Object Repository/GRN/Page_KDMC - CMS/select_JanFebMarAprMayJunJulAu'

2018-05-28 13:25:46 - [TEST_STEP][PASSED] - click: Object: 'Object Repository/MOH AND GRN/Page_KDMC - CMS/a_12' is clicked on

2018-05-28 13:25:46 - [MESSAGE][PASSED] - Object: 'Object Repository/MOH AND GRN/Page_KDMC - CMS/a_12' is clicked on

2018-05-28 13:25:46 - [TEST_STEP][PASSED] - click: Object: 'Object Repository/MOH AND GRN/Page_KDMC - CMS/input_btnadd' is clicked on

2018-05-28 13:25:46 - [MESSAGE][PASSED] - Object: 'Object Repository/MOH AND GRN/Page_KDMC - CMS/input_btnadd' is clicked on

2018-05-28 13:25:46 - [TEST_STEP][PASSED] - Statement - If (s == 10): null

2018-05-28 13:25:46 - [TEST_STEP][PASSED] - Statement - Else: null

2018-05-28 13:25:46 - [TEST_STEP][PASSED] - Statement - (s++): null

2018-05-28 13:25:46 - [TEST_STEP][PASSED] - delay: Delayed 1 second(s)

2018-05-28 13:25:47 - [MESSAGE][PASSED] - Delayed 1 second(s)

2018-05-28 13:25:47 - [TEST_STEP][PASSED] - selectOptionByIndex: All options with index in [30] are selected on object 'Object Repository/MOH AND GRN/Page_KDMC - CMS/select_--Select--Amikacin -500'

2018-05-28 13:25:47 - [MESSAGE][PASSED] - All options with index in [30] are selected on object 'Object Repository/MOH AND GRN/Page_KDMC - CMS/select_--Select--Amikacin -500'

2018-05-28 13:25:47 - [TEST_STEP][PASSED] - setText: Text '5000' is set on object 'Object Repository/MOH AND GRN/Page_KDMC - CMS/input_txtqty'

2018-05-28 13:25:47 - [MESSAGE][PASSED] - Text '5000' is set on object 'Object Repository/MOH AND GRN/Page_KDMC - CMS/input_txtqty'

2018-05-28 13:25:47 - [TEST_STEP][PASSED] - selectOptionByIndex: All options with index in [1] are selected on object 'Object Repository/MOH AND GRN/Page_KDMC - CMS/select_--Select--No Tax0'

2018-05-28 13:25:47 - [MESSAGE][PASSED] - All options with index in [1] are selected on object 'Object Repository/MOH AND GRN/Page_KDMC - CMS/select_--Select--No Tax0'

2018-05-28 13:25:47 - [TEST_STEP][PASSED] - setText: Finding Test Object with id 'Object Repository/MOH AND GRN/Page_KDMC - CMS/input_txtmrp'

2018-05-28 13:25:47 - [TEST_STEP][PASSED] - Statement - switch (id): Finding Test Object with id 'Object Repository/MOH AND GRN/Page_KDMC - CMS/input_txtdeal'

2018-05-28 13:25:47 - [TEST_STEP][PASSED] - Statement - case 4:: Text '40.0' is set on object 'Object Repository/MOH AND GRN/Page_KDMC - CMS/input_txtmrp'

2018-05-28 13:25:47 - [TEST_STEP][PASSED] - Statement - return (java.lang.Math.floor((java.lang.Math.random() * ((max - min) + 1))) + min): Text '40.0' is set on object 'Object Repository/MOH AND GRN/Page_KDMC - CMS/input_txtmrp'

2018-05-28 13:25:47 - [MESSAGE][PASSED] - Text '40.0' is set on object 'Object Repository/MOH AND GRN/Page_KDMC - CMS/input_txtmrp'

2018-05-28 13:25:47 - [TEST_STEP][PASSED] - setText: Finding Test Object with id 'Object Repository/MOH AND GRN/Page_KDMC - CMS/input_txtdeal'

2018-05-28 13:25:47 - [TEST_STEP][PASSED] - Statement - switch (id): Finding Test Object with id 'Object Repository/MOH AND GRN/Page_KDMC - CMS/input_txtbatchno'

2018-05-28 13:25:47 - [TEST_STEP][PASSED] - Statement - case 5:: Text '8.0' is set on object 'Object Repository/MOH AND GRN/Page_KDMC - CMS/input_txtdeal'

2018-05-28 13:25:47 - [TEST_STEP][PASSED] - Statement - return (java.lang.Math.floor((java.lang.Math.random() * ((max - min) + 1))) + min): Text '8.0' is set on object 'Object Repository/MOH AND GRN/Page_KDMC - CMS/input_txtdeal'

2018-05-28 13:25:47 - [MESSAGE][PASSED] - Text '8.0' is set on object 'Object Repository/MOH AND GRN/Page_KDMC - CMS/input_txtdeal'

2018-05-28 13:25:47 - [TEST_STEP][PASSED] - setText: Finding Test Object with id 'Object Repository/MOH AND GRN/Page_KDMC - CMS/input_txtbatchno'

2018-05-28 13:25:47 - [TEST_STEP][PASSED] - Statement - switch (id): Finding Test Object with id 'Object Repository/MOH AND GRN/Page_KDMC - CMS/input_txtmrp'

2018-05-28 13:25:47 - [TEST_STEP][PASSED] - Statement - case 1:: Text 'BA330.0' is set on object 'Object Repository/MOH AND GRN/Page_KDMC - CMS/input_txtbatchno'

2018-05-28 13:25:47 - [TEST_STEP][PASSED] - Statement - return (java.lang.Math.floor((java.lang.Math.random() * ((max - min) + 1))) + min): Text 'BA330.0' is set on object 'Object Repository/MOH AND GRN/Page_KDMC - CMS/input_txtbatchno'

2018-05-28 13:25:48 - [MESSAGE][PASSED] - Text 'BA330.0' is set on object 'Object Repository/MOH AND GRN/Page_KDMC - CMS/input_txtbatchno'

2018-05-28 13:25:48 - [TEST_STEP][PASSED] - rightClick: Object: 'Object Repository/GRN/Page_KDMC - CMS/input_txtexpdate' is right clicked on

2018-05-28 13:25:48 - [MESSAGE][PASSED] - Object: 'Object Repository/GRN/Page_KDMC - CMS/input_txtexpdate' is right clicked on

2018-05-28 13:25:48 - [TEST_STEP][PASSED] - selectOptionByIndex: All options with index in [10] are selected on object 'Object Repository/GRN/Page_KDMC - CMS/select_20182019202020212022202'

2018-05-28 13:25:48 - [MESSAGE][PASSED] - All options with index in [10] are selected on object 'Object Repository/GRN/Page_KDMC - CMS/select_20182019202020212022202'

2018-05-28 13:25:48 - [TEST_STEP][PASSED] - selectOptionByIndex: All options with index in [10] are selected on object 'Object Repository/GRN/Page_KDMC - CMS/select_JanFebMarAprMayJunJulAu'

2018-05-28 13:25:48 - [MESSAGE][PASSED] - All options with index in [10] are selected on object 'Object Repository/GRN/Page_KDMC - CMS/select_JanFebMarAprMayJunJulAu'

2018-05-28 13:25:48 - [TEST_STEP][PASSED] - click: Object: 'Object Repository/MOH AND GRN/Page_KDMC - CMS/a_12' is clicked on

2018-05-28 13:25:48 - [MESSAGE][PASSED] - Object: 'Object Repository/MOH AND GRN/Page_KDMC - CMS/a_12' is clicked on

2018-05-28 13:25:48 - [TEST_STEP][PASSED] - click: Object: 'Object Repository/MOH AND GRN/Page_KDMC - CMS/input_btnadd' is clicked on

2018-05-28 13:25:48 - [MESSAGE][PASSED] - Object: 'Object Repository/MOH AND GRN/Page_KDMC - CMS/input_btnadd' is clicked on

2018-05-28 13:25:48 - [TEST_STEP][PASSED] - Statement - If (s == 10): null

2018-05-28 13:25:48 - [TEST_STEP][PASSED] - Statement - s = 1: null

2018-05-28 13:25:48 - [TEST_STEP][PASSED] - delay: Delayed 1 second(s)

2018-05-28 13:25:49 - [MESSAGE][PASSED] - Delayed 1 second(s)

2018-05-28 13:25:49 - [TEST_STEP][PASSED] - selectOptionByIndex: All options with index in [31] are selected on object 'Object Repository/MOH AND GRN/Page_KDMC - CMS/select_--Select--Amikacin -500'

2018-05-28 13:25:50 - [MESSAGE][PASSED] - All options with index in [31] are selected on object 'Object Repository/MOH AND GRN/Page_KDMC - CMS/select_--Select--Amikacin -500'

2018-05-28 13:25:50 - [TEST_STEP][PASSED] - setText: Text '5000' is set on object 'Object Repository/MOH AND GRN/Page_KDMC - CMS/input_txtqty'

2018-05-28 13:25:50 - [MESSAGE][PASSED] - Text '5000' is set on object 'Object Repository/MOH AND GRN/Page_KDMC - CMS/input_txtqty'

2018-05-28 13:25:50 - [TEST_STEP][PASSED] - selectOptionByIndex: All options with index in [1] are selected on object 'Object Repository/MOH AND GRN/Page_KDMC - CMS/select_--Select--No Tax0'

2018-05-28 13:25:50 - [MESSAGE][PASSED] - All options with index in [1] are selected on object 'Object Repository/MOH AND GRN/Page_KDMC - CMS/select_--Select--No Tax0'

2018-05-28 13:25:50 - [TEST_STEP][PASSED] - setText: Finding Test Object with id 'Object Repository/MOH AND GRN/Page_KDMC - CMS/input_txtmrp'

2018-05-28 13:25:50 - [TEST_STEP][PASSED] - Statement - switch (id): Finding Test Object with id 'Object Repository/MOH AND GRN/Page_KDMC - CMS/input_txtdeal'

2018-05-28 13:25:50 - [TEST_STEP][PASSED] - Statement - case 4:: Text '44.0' is set on object 'Object Repository/MOH AND GRN/Page_KDMC - CMS/input_txtmrp'

2018-05-28 13:25:50 - [TEST_STEP][PASSED] - Statement - return (java.lang.Math.floor((java.lang.Math.random() * ((max - min) + 1))) + min): Text '44.0' is set on object 'Object Repository/MOH AND GRN/Page_KDMC - CMS/input_txtmrp'

2018-05-28 13:25:50 - [MESSAGE][PASSED] - Text '44.0' is set on object 'Object Repository/MOH AND GRN/Page_KDMC - CMS/input_txtmrp'

2018-05-28 13:25:50 - [TEST_STEP][PASSED] - setText: Finding Test Object with id 'Object Repository/MOH AND GRN/Page_KDMC - CMS/input_txtdeal'

2018-05-28 13:25:50 - [TEST_STEP][PASSED] - Statement - switch (id): Finding Test Object with id 'Object Repository/MOH AND GRN/Page_KDMC - CMS/input_txtbatchno'

2018-05-28 13:25:50 - [TEST_STEP][PASSED] - Statement - case 5:: Text '4.0' is set on object 'Object Repository/MOH AND GRN/Page_KDMC - CMS/input_txtdeal'

2018-05-28 13:25:50 - [TEST_STEP][PASSED] - Statement - return (java.lang.Math.floor((java.lang.Math.random() * ((max - min) + 1))) + min): Text '4.0' is set on object 'Object Repository/MOH AND GRN/Page_KDMC - CMS/input_txtdeal'

2018-05-28 13:25:50 - [MESSAGE][PASSED] - Text '4.0' is set on object 'Object Repository/MOH AND GRN/Page_KDMC - CMS/input_txtdeal'

2018-05-28 13:25:50 - [TEST_STEP][PASSED] - setText: Finding Test Object with id 'Object Repository/MOH AND GRN/Page_KDMC - CMS/input_txtbatchno'

2018-05-28 13:25:50 - [TEST_STEP][PASSED] - Statement - switch (id): Finding Test Object with id 'Object Repository/MOH AND GRN/Page_KDMC - CMS/input_txtmrp'

2018-05-28 13:25:50 - [TEST_STEP][PASSED] - Statement - case 1:: Text 'BA525.0' is set on object 'Object Repository/MOH AND GRN/Page_KDMC - CMS/input_txtbatchno'

2018-05-28 13:25:50 - [TEST_STEP][PASSED] - Statement - return (java.lang.Math.floor((java.lang.Math.random() * ((max - min) + 1))) + min): Text 'BA525.0' is set on object 'Object Repository/MOH AND GRN/Page_KDMC - CMS/input_txtbatchno'

2018-05-28 13:25:50 - [MESSAGE][PASSED] - Text 'BA525.0' is set on object 'Object Repository/MOH AND GRN/Page_KDMC - CMS/input_txtbatchno'

2018-05-28 13:25:50 - [TEST_STEP][PASSED] - rightClick: Object: 'Object Repository/GRN/Page_KDMC - CMS/input_txtexpdate' is right clicked on

2018-05-28 13:25:50 - [MESSAGE][PASSED] - Object: 'Object Repository/GRN/Page_KDMC - CMS/input_txtexpdate' is right clicked on

2018-05-28 13:25:50 - [TEST_STEP][PASSED] - selectOptionByIndex: All options with index in [1] are selected on object 'Object Repository/GRN/Page_KDMC - CMS/select_20182019202020212022202'

2018-05-28 13:25:51 - [MESSAGE][PASSED] - All options with index in [1] are selected on object 'Object Repository/GRN/Page_KDMC - CMS/select_20182019202020212022202'

2018-05-28 13:25:51 - [TEST_STEP][PASSED] - selectOptionByIndex: All options with index in [1] are selected on object 'Object Repository/GRN/Page_KDMC - CMS/select_JanFebMarAprMayJunJulAu'

2018-05-28 13:25:51 - [MESSAGE][PASSED] - All options with index in [1] are selected on object 'Object Repository/GRN/Page_KDMC - CMS/select_JanFebMarAprMayJunJulAu'

2018-05-28 13:25:51 - [TEST_STEP][PASSED] - click: Object: 'Object Repository/MOH AND GRN/Page_KDMC - CMS/a_12' is clicked on

2018-05-28 13:25:51 - [MESSAGE][PASSED] - Object: 'Object Repository/MOH AND GRN/Page_KDMC - CMS/a_12' is clicked on

2018-05-28 13:25:51 - [TEST_STEP][PASSED] - click: Object: 'Object Repository/MOH AND GRN/Page_KDMC - CMS/input_btnadd' is clicked on

2018-05-28 13:25:51 - [MESSAGE][PASSED] - Object: 'Object Repository/MOH AND GRN/Page_KDMC - CMS/input_btnadd' is clicked on

2018-05-28 13:25:51 - [TEST_STEP][PASSED] - Statement - If (s == 10): null

2018-05-28 13:25:51 - [TEST_STEP][PASSED] - Statement - Else: null

2018-05-28 13:25:51 - [TEST_STEP][PASSED] - Statement - (s++): null

2018-05-28 13:25:51 - [TEST_STEP][PASSED] - delay: Delayed 1 second(s)

2018-05-28 13:25:52 - [MESSAGE][PASSED] - Delayed 1 second(s)

2018-05-28 13:25:52 - [TEST_STEP][PASSED] - selectOptionByIndex: All options with index in [32] are selected on object 'Object Repository/MOH AND GRN/Page_KDMC - CMS/select_--Select--Amikacin -500'

2018-05-28 13:25:52 - [MESSAGE][PASSED] - All options with index in [32] are selected on object 'Object Repository/MOH AND GRN/Page_KDMC - CMS/select_--Select--Amikacin -500'

2018-05-28 13:25:52 - [TEST_STEP][PASSED] - setText: Text '5000' is set on object 'Object Repository/MOH AND GRN/Page_KDMC - CMS/input_txtqty'

2018-05-28 13:25:53 - [MESSAGE][PASSED] - Text '5000' is set on object 'Object Repository/MOH AND GRN/Page_KDMC - CMS/input_txtqty'

2018-05-28 13:25:53 - [TEST_STEP][PASSED] - selectOptionByIndex: All options with index in [1] are selected on object 'Object Repository/MOH AND GRN/Page_KDMC - CMS/select_--Select--No Tax0'

2018-05-28 13:25:53 - [MESSAGE][PASSED] - All options with index in [1] are selected on object 'Object Repository/MOH AND GRN/Page_KDMC - CMS/select_--Select--No Tax0'

2018-05-28 13:25:53 - [TEST_STEP][PASSED] - setText: Finding Test Object with id 'Object Repository/MOH AND GRN/Page_KDMC - CMS/input_txtmrp'

2018-05-28 13:25:53 - [TEST_STEP][PASSED] - Statement - switch (id): Finding Test Object with id 'Object Repository/MOH AND GRN/Page_KDMC - CMS/input_txtdeal'

2018-05-28 13:25:53 - [TEST_STEP][PASSED] - Statement - case 4:: Text '21.0' is set on object 'Object Repository/MOH AND GRN/Page_KDMC - CMS/input_txtmrp'

2018-05-28 13:25:53 - [TEST_STEP][PASSED] - Statement - return (java.lang.Math.floor((java.lang.Math.random() * ((max - min) + 1))) + min): Text '21.0' is set on object 'Object Repository/MOH AND GRN/Page_KDMC - CMS/input_txtmrp'

2018-05-28 13:25:53 - [MESSAGE][PASSED] - Text '21.0' is set on object 'Object Repository/MOH AND GRN/Page_KDMC - CMS/input_txtmrp'

2018-05-28 13:25:53 - [TEST_STEP][PASSED] - setText: Finding Test Object with id 'Object Repository/MOH AND GRN/Page_KDMC - CMS/input_txtdeal'

2018-05-28 13:25:53 - [TEST_STEP][PASSED] - Statement - switch (id): Finding Test Object with id 'Object Repository/MOH AND GRN/Page_KDMC - CMS/input_txtbatchno'

2018-05-28 13:25:53 - [TEST_STEP][PASSED] - Statement - case 5:: Text '8.0' is set on object 'Object Repository/MOH AND GRN/Page_KDMC - CMS/input_txtdeal'

2018-05-28 13:25:53 - [TEST_STEP][PASSED] - Statement - return (java.lang.Math.floor((java.lang.Math.random() * ((max - min) + 1))) + min): Text '8.0' is set on object 'Object Repository/MOH AND GRN/Page_KDMC - CMS/input_txtdeal'

2018-05-28 13:25:53 - [MESSAGE][PASSED] - Text '8.0' is set on object 'Object Repository/MOH AND GRN/Page_KDMC - CMS/input_txtdeal'

2018-05-28 13:25:53 - [TEST_STEP][PASSED] - setText: Finding Test Object with id 'Object Repository/MOH AND GRN/Page_KDMC - CMS/input_txtbatchno'

2018-05-28 13:25:53 - [TEST_STEP][PASSED] - Statement - switch (id): Finding Test Object with id 'Object Repository/MOH AND GRN/Page_KDMC - CMS/input_txtmrp'

2018-05-28 13:25:53 - [TEST_STEP][PASSED] - Statement - case 1:: Text 'BA967.0' is set on object 'Object Repository/MOH AND GRN/Page_KDMC - CMS/input_txtbatchno'

2018-05-28 13:25:53 - [TEST_STEP][PASSED] - Statement - return (java.lang.Math.floor((java.lang.Math.random() * ((max - min) + 1))) + min): Text 'BA967.0' is set on object 'Object Repository/MOH AND GRN/Page_KDMC - CMS/input_txtbatchno'

2018-05-28 13:25:53 - [MESSAGE][PASSED] - Text 'BA967.0' is set on object 'Object Repository/MOH AND GRN/Page_KDMC - CMS/input_txtbatchno'

2018-05-28 13:25:53 - [TEST_STEP][PASSED] - rightClick: Object: 'Object Repository/GRN/Page_KDMC - CMS/input_txtexpdate' is right clicked on

2018-05-28 13:25:53 - [MESSAGE][PASSED] - Object: 'Object Repository/GRN/Page_KDMC - CMS/input_txtexpdate' is right clicked on

2018-05-28 13:25:53 - [TEST_STEP][PASSED] - selectOptionByIndex: All options with index in [2] are selected on object 'Object Repository/GRN/Page_KDMC - CMS/select_20182019202020212022202'

2018-05-28 13:25:53 - [MESSAGE][PASSED] - All options with index in [2] are selected on object 'Object Repository/GRN/Page_KDMC - CMS/select_20182019202020212022202'

2018-05-28 13:25:53 - [TEST_STEP][PASSED] - selectOptionByIndex: All options with index in [2] are selected on object 'Object Repository/GRN/Page_KDMC - CMS/select_JanFebMarAprMayJunJulAu'

2018-05-28 13:25:53 - [MESSAGE][PASSED] - All options with index in [2] are selected on object 'Object Repository/GRN/Page_KDMC - CMS/select_JanFebMarAprMayJunJulAu'

2018-05-28 13:25:53 - [TEST_STEP][PASSED] - click: Object: 'Object Repository/MOH AND GRN/Page_KDMC - CMS/a_12' is clicked on

2018-05-28 13:25:53 - [MESSAGE][PASSED] - Object: 'Object Repository/MOH AND GRN/Page_KDMC - CMS/a_12' is clicked on

2018-05-28 13:25:53 - [TEST_STEP][PASSED] - click: Object: 'Object Repository/MOH AND GRN/Page_KDMC - CMS/input_btnadd' is clicked on

2018-05-28 13:25:53 - [MESSAGE][PASSED] - Object: 'Object Repository/MOH AND GRN/Page_KDMC - CMS/input_btnadd' is clicked on

2018-05-28 13:25:53 - [TEST_STEP][PASSED] - Statement - If (s == 10): null

2018-05-28 13:25:53 - [TEST_STEP][PASSED] - Statement - Else: null

2018-05-28 13:25:53 - [TEST_STEP][PASSED] - Statement - (s++): null

2018-05-28 13:25:53 - [TEST_STEP][PASSED] - delay: Delayed 1 second(s)

2018-05-28 13:25:54 - [MESSAGE][PASSED] - Delayed 1 second(s)

2018-05-28 13:25:54 - [TEST_STEP][PASSED] - selectOptionByIndex: All options with index in [33] are selected on object 'Object Repository/MOH AND GRN/Page_KDMC - CMS/select_--Select--Amikacin -500'

2018-05-28 13:25:55 - [MESSAGE][PASSED] - All options with index in [33] are selected on object 'Object Repository/MOH AND GRN/Page_KDMC - CMS/select_--Select--Amikacin -500'

2018-05-28 13:25:55 - [TEST_STEP][PASSED] - setText: Text '5000' is set on object 'Object Repository/MOH AND GRN/Page_KDMC - CMS/input_txtqty'

2018-05-28 13:25:55 - [MESSAGE][PASSED] - Text '5000' is set on object 'Object Repository/MOH AND GRN/Page_KDMC - CMS/input_txtqty'

2018-05-28 13:25:55 - [TEST_STEP][PASSED] - selectOptionByIndex: All options with index in [1] are selected on object 'Object Repository/MOH AND GRN/Page_KDMC - CMS/select_--Select--No Tax0'

2018-05-28 13:25:55 - [MESSAGE][PASSED] - All options with index in [1] are selected on object 'Object Repository/MOH AND GRN/Page_KDMC - CMS/select_--Select--No Tax0'

2018-05-28 13:25:55 - [TEST_STEP][PASSED] - setText: Finding Test Object with id 'Object Repository/MOH AND GRN/Page_KDMC - CMS/input_txtmrp'

2018-05-28 13:25:55 - [TEST_STEP][PASSED] - Statement - switch (id): Finding Test Object with id 'Object Repository/MOH AND GRN/Page_KDMC - CMS/input_txtdeal'

2018-05-28 13:25:55 - [TEST_STEP][PASSED] - Statement - case 4:: Text '31.0' is set on object 'Object Repository/MOH AND GRN/Page_KDMC - CMS/input_txtmrp'

2018-05-28 13:25:55 - [TEST_STEP][PASSED] - Statement - return (java.lang.Math.floor((java.lang.Math.random() * ((max - min) + 1))) + min): Text '31.0' is set on object 'Object Repository/MOH AND GRN/Page_KDMC - CMS/input_txtmrp'

2018-05-28 13:25:55 - [MESSAGE][PASSED] - Text '31.0' is set on object 'Object Repository/MOH AND GRN/Page_KDMC - CMS/input_txtmrp'

2018-05-28 13:25:55 - [TEST_STEP][PASSED] - setText: Finding Test Object with id 'Object Repository/MOH AND GRN/Page_KDMC - CMS/input_txtdeal'

2018-05-28 13:25:55 - [TEST_STEP][PASSED] - Statement - switch (id): Finding Test Object with id 'Object Repository/MOH AND GRN/Page_KDMC - CMS/input_txtbatchno'

2018-05-28 13:25:55 - [TEST_STEP][PASSED] - Statement - case 5:: Text '7.0' is set on object 'Object Repository/MOH AND GRN/Page_KDMC - CMS/input_txtdeal'

2018-05-28 13:25:55 - [TEST_STEP][PASSED] - Statement - return (java.lang.Math.floor((java.lang.Math.random() * ((max - min) + 1))) + min): Text '7.0' is set on object 'Object Repository/MOH AND GRN/Page_KDMC - CMS/input_txtdeal'

2018-05-28 13:25:55 - [MESSAGE][PASSED] - Text '7.0' is set on object 'Object Repository/MOH AND GRN/Page_KDMC - CMS/input_txtdeal'

2018-05-28 13:25:55 - [TEST_STEP][PASSED] - setText: Finding Test Object with id 'Object Repository/MOH AND GRN/Page_KDMC - CMS/input_txtbatchno'

2018-05-28 13:25:55 - [TEST_STEP][PASSED] - Statement - switch (id): Finding Test Object with id 'Object Repository/MOH AND GRN/Page_KDMC - CMS/input_txtmrp'

2018-05-28 13:25:55 - [TEST_STEP][PASSED] - Statement - case 1:: Text 'BA411.0' is set on object 'Object Repository/MOH AND GRN/Page_KDMC - CMS/input_txtbatchno'

2018-05-28 13:25:55 - [TEST_STEP][PASSED] - Statement - return (java.lang.Math.floor((java.lang.Math.random() * ((max - min) + 1))) + min): Text 'BA411.0' is set on object 'Object Repository/MOH AND GRN/Page_KDMC - CMS/input_txtbatchno'

2018-05-28 13:25:55 - [MESSAGE][PASSED] - Text 'BA411.0' is set on object 'Object Repository/MOH AND GRN/Page_KDMC - CMS/input_txtbatchno'

2018-05-28 13:25:55 - [TEST_STEP][PASSED] - rightClick: Object: 'Object Repository/GRN/Page_KDMC - CMS/input_txtexpdate' is right clicked on

2018-05-28 13:25:56 - [MESSAGE][PASSED] - Object: 'Object Repository/GRN/Page_KDMC - CMS/input_txtexpdate' is right clicked on

2018-05-28 13:25:56 - [TEST_STEP][PASSED] - selectOptionByIndex: All options with index in [3] are selected on object 'Object Repository/GRN/Page_KDMC - CMS/select_20182019202020212022202'

2018-05-28 13:25:56 - [MESSAGE][PASSED] - All options with index in [3] are selected on object 'Object Repository/GRN/Page_KDMC - CMS/select_20182019202020212022202'

2018-05-28 13:25:56 - [TEST_STEP][PASSED] - selectOptionByIndex: All options with index in [3] are selected on object 'Object Repository/GRN/Page_KDMC - CMS/select_JanFebMarAprMayJunJulAu'

2018-05-28 13:25:56 - [MESSAGE][PASSED] - All options with index in [3] are selected on object 'Object Repository/GRN/Page_KDMC - CMS/select_JanFebMarAprMayJunJulAu'

2018-05-28 13:25:56 - [TEST_STEP][PASSED] - click: Object: 'Object Repository/MOH AND GRN/Page_KDMC - CMS/a_12' is clicked on

2018-05-28 13:25:56 - [MESSAGE][PASSED] - Object: 'Object Repository/MOH AND GRN/Page_KDMC - CMS/a_12' is clicked on

2018-05-28 13:25:56 - [TEST_STEP][PASSED] - click: Object: 'Object Repository/MOH AND GRN/Page_KDMC - CMS/input_btnadd' is clicked on

2018-05-28 13:25:56 - [MESSAGE][PASSED] - Object: 'Object Repository/MOH AND GRN/Page_KDMC - CMS/input_btnadd' is clicked on

2018-05-28 13:25:56 - [TEST_STEP][PASSED] - Statement - If (s == 10): null

2018-05-28 13:25:56 - [TEST_STEP][PASSED] - Statement - Else: null

2018-05-28 13:25:56 - [TEST_STEP][PASSED] - Statement - (s++): null

2018-05-28 13:25:56 - [TEST_STEP][PASSED] - delay: Delayed 1 second(s)

2018-05-28 13:25:57 - [MESSAGE][PASSED] - Delayed 1 second(s)

2018-05-28 13:25:57 - [TEST_STEP][PASSED] - selectOptionByIndex: All options with index in [34] are selected on object 'Object Repository/MOH AND GRN/Page_KDMC - CMS/select_--Select--Amikacin -500'

2018-05-28 13:25:58 - [MESSAGE][PASSED] - All options with index in [34] are selected on object 'Object Repository/MOH AND GRN/Page_KDMC - CMS/select_--Select--Amikacin -500'

2018-05-28 13:25:58 - [TEST_STEP][PASSED] - setText: Text '5000' is set on object 'Object Repository/MOH AND GRN/Page_KDMC - CMS/input_txtqty'

2018-05-28 13:25:58 - [MESSAGE][PASSED] - Text '5000' is set on object 'Object Repository/MOH AND GRN/Page_KDMC - CMS/input_txtqty'

2018-05-28 13:25:58 - [TEST_STEP][PASSED] - selectOptionByIndex: All options with index in [1] are selected on object 'Object Repository/MOH AND GRN/Page_KDMC - CMS/select_--Select--No Tax0'

2018-05-28 13:25:58 - [MESSAGE][PASSED] - All options with index in [1] are selected on object 'Object Repository/MOH AND GRN/Page_KDMC - CMS/select_--Select--No Tax0'

2018-05-28 13:25:58 - [TEST_STEP][PASSED] - setText: Finding Test Object with id 'Object Repository/MOH AND GRN/Page_KDMC - CMS/input_txtmrp'

2018-05-28 13:25:58 - [TEST_STEP][PASSED] - Statement - switch (id): Finding Test Object with id 'Object Repository/MOH AND GRN/Page_KDMC - CMS/input_txtdeal'

2018-05-28 13:25:58 - [TEST_STEP][PASSED] - Statement - case 4:: Text '35.0' is set on object 'Object Repository/MOH AND GRN/Page_KDMC - CMS/input_txtmrp'

2018-05-28 13:25:58 - [TEST_STEP][PASSED] - Statement - return (java.lang.Math.floor((java.lang.Math.random() * ((max - min) + 1))) + min): Text '35.0' is set on object 'Object Repository/MOH AND GRN/Page_KDMC - CMS/input_txtmrp'

2018-05-28 13:25:58 - [MESSAGE][PASSED] - Text '35.0' is set on object 'Object Repository/MOH AND GRN/Page_KDMC - CMS/input_txtmrp'

2018-05-28 13:25:58 - [TEST_STEP][PASSED] - setText: Finding Test Object with id 'Object Repository/MOH AND GRN/Page_KDMC - CMS/input_txtdeal'

2018-05-28 13:25:58 - [TEST_STEP][PASSED] - Statement - switch (id): Finding Test Object with id 'Object Repository/MOH AND GRN/Page_KDMC - CMS/input_txtbatchno'

2018-05-28 13:25:58 - [TEST_STEP][PASSED] - Statement - case 5:: Text '3.0' is set on object 'Object Repository/MOH AND GRN/Page_KDMC - CMS/input_txtdeal'

2018-05-28 13:25:58 - [TEST_STEP][PASSED] - Statement - return (java.lang.Math.floor((java.lang.Math.random() * ((max - min) + 1))) + min): Text '3.0' is set on object 'Object Repository/MOH AND GRN/Page_KDMC - CMS/input_txtdeal'

2018-05-28 13:25:58 - [MESSAGE][PASSED] - Text '3.0' is set on object 'Object Repository/MOH AND GRN/Page_KDMC - CMS/input_txtdeal'

2018-05-28 13:25:58 - [TEST_STEP][PASSED] - setText: Finding Test Object with id 'Object Repository/MOH AND GRN/Page_KDMC - CMS/input_txtbatchno'

2018-05-28 13:25:58 - [TEST_STEP][PASSED] - Statement - switch (id): Finding Test Object with id 'Object Repository/MOH AND GRN/Page_KDMC - CMS/input_txtmrp'

2018-05-28 13:25:58 - [TEST_STEP][PASSED] - Statement - case 1:: Text 'BA53.0' is set on object 'Object Repository/MOH AND GRN/Page_KDMC - CMS/input_txtbatchno'

2018-05-28 13:25:58 - [TEST_STEP][PASSED] - Statement - return (java.lang.Math.floor((java.lang.Math.random() * ((max - min) + 1))) + min): Text 'BA53.0' is set on object 'Object Repository/MOH AND GRN/Page_KDMC - CMS/input_txtbatchno'

2018-05-28 13:25:58 - [MESSAGE][PASSED] - Text 'BA53.0' is set on object 'Object Repository/MOH AND GRN/Page_KDMC - CMS/input_txtbatchno'

2018-05-28 13:25:58 - [TEST_STEP][PASSED] - rightClick: Object: 'Object Repository/GRN/Page_KDMC - CMS/input_txtexpdate' is right clicked on

2018-05-28 13:25:58 - [MESSAGE][PASSED] - Object: 'Object Repository/GRN/Page_KDMC - CMS/input_txtexpdate' is right clicked on

2018-05-28 13:25:58 - [TEST_STEP][PASSED] - selectOptionByIndex: All options with index in [4] are selected on object 'Object Repository/GRN/Page_KDMC - CMS/select_20182019202020212022202'

2018-05-28 13:25:58 - [MESSAGE][PASSED] - All options with index in [4] are selected on object 'Object Repository/GRN/Page_KDMC - CMS/select_20182019202020212022202'

2018-05-28 13:25:58 - [TEST_STEP][PASSED] - selectOptionByIndex: All options with index in [4] are selected on object 'Object Repository/GRN/Page_KDMC - CMS/select_JanFebMarAprMayJunJulAu'

2018-05-28 13:25:58 - [MESSAGE][PASSED] - All options with index in [4] are selected on object 'Object Repository/GRN/Page_KDMC - CMS/select_JanFebMarAprMayJunJulAu'

2018-05-28 13:25:58 - [TEST_STEP][PASSED] - click: Object: 'Object Repository/MOH AND GRN/Page_KDMC - CMS/a_12' is clicked on

2018-05-28 13:25:58 - [MESSAGE][PASSED] - Object: 'Object Repository/MOH AND GRN/Page_KDMC - CMS/a_12' is clicked on

2018-05-28 13:25:58 - [TEST_STEP][PASSED] - click: Object: 'Object Repository/MOH AND GRN/Page_KDMC - CMS/input_btnadd' is clicked on

2018-05-28 13:25:59 - [MESSAGE][PASSED] - Object: 'Object Repository/MOH AND GRN/Page_KDMC - CMS/input_btnadd' is clicked on

2018-05-28 13:25:59 - [TEST_STEP][PASSED] - Statement - If (s == 10): null

2018-05-28 13:25:59 - [TEST_STEP][PASSED] - Statement - Else: null

2018-05-28 13:25:59 - [TEST_STEP][PASSED] - Statement - (s++): null

2018-05-28 13:25:59 - [TEST_STEP][PASSED] - delay: Delayed 1 second(s)

2018-05-28 13:26:00 - [MESSAGE][PASSED] - Delayed 1 second(s)

2018-05-28 13:26:00 - [TEST_STEP][PASSED] - selectOptionByIndex: All options with index in [35] are selected on object 'Object Repository/MOH AND GRN/Page_KDMC - CMS/select_--Select--Amikacin -500'

2018-05-28 13:26:00 - [MESSAGE][PASSED] - All options with index in [35] are selected on object 'Object Repository/MOH AND GRN/Page_KDMC - CMS/select_--Select--Amikacin -500'

2018-05-28 13:26:00 - [TEST_STEP][PASSED] - setText: Text '5000' is set on object 'Object Repository/MOH AND GRN/Page_KDMC - CMS/input_txtqty'

2018-05-28 13:26:00 - [MESSAGE][PASSED] - Text '5000' is set on object 'Object Repository/MOH AND GRN/Page_KDMC - CMS/input_txtqty'

2018-05-28 13:26:00 - [TEST_STEP][PASSED] - selectOptionByIndex: All options with index in [1] are selected on object 'Object Repository/MOH AND GRN/Page_KDMC - CMS/select_--Select--No Tax0'

2018-05-28 13:26:00 - [MESSAGE][PASSED] - All options with index in [1] are selected on object 'Object Repository/MOH AND GRN/Page_KDMC - CMS/select_--Select--No Tax0'

2018-05-28 13:26:00 - [TEST_STEP][PASSED] - setText: Finding Test Object with id 'Object Repository/MOH AND GRN/Page_KDMC - CMS/input_txtmrp'

2018-05-28 13:26:00 - [TEST_STEP][PASSED] - Statement - switch (id): Finding Test Object with id 'Object Repository/MOH AND GRN/Page_KDMC - CMS/input_txtdeal'

2018-05-28 13:26:00 - [TEST_STEP][PASSED] - Statement - case 4:: Text '39.0' is set on object 'Object Repository/MOH AND GRN/Page_KDMC - CMS/input_txtmrp'

2018-05-28 13:26:00 - [TEST_STEP][PASSED] - Statement - return (java.lang.Math.floor((java.lang.Math.random() * ((max - min) + 1))) + min): Text '39.0' is set on object 'Object Repository/MOH AND GRN/Page_KDMC - CMS/input_txtmrp'

2018-05-28 13:26:00 - [MESSAGE][PASSED] - Text '39.0' is set on object 'Object Repository/MOH AND GRN/Page_KDMC - CMS/input_txtmrp'

2018-05-28 13:26:00 - [TEST_STEP][PASSED] - setText: Finding Test Object with id 'Object Repository/MOH AND GRN/Page_KDMC - CMS/input_txtdeal'

2018-05-28 13:26:00 - [TEST_STEP][PASSED] - Statement - switch (id): Finding Test Object with id 'Object Repository/MOH AND GRN/Page_KDMC - CMS/input_txtbatchno'

2018-05-28 13:26:00 - [TEST_STEP][PASSED] - Statement - case 5:: Text '10.0' is set on object 'Object Repository/MOH AND GRN/Page_KDMC - CMS/input_txtdeal'

2018-05-28 13:26:00 - [TEST_STEP][PASSED] - Statement - return (java.lang.Math.floor((java.lang.Math.random() * ((max - min) + 1))) + min): Text '10.0' is set on object 'Object Repository/MOH AND GRN/Page_KDMC - CMS/input_txtdeal'

2018-05-28 13:26:00 - [MESSAGE][PASSED] - Text '10.0' is set on object 'Object Repository/MOH AND GRN/Page_KDMC - CMS/input_txtdeal'

2018-05-28 13:26:00 - [TEST_STEP][PASSED] - setText: Finding Test Object with id 'Object Repository/MOH AND GRN/Page_KDMC - CMS/input_txtbatchno'

2018-05-28 13:26:00 - [TEST_STEP][PASSED] - Statement - switch (id): Finding Test Object with id 'Object Repository/MOH AND GRN/Page_KDMC - CMS/input_txtmrp'

2018-05-28 13:26:00 - [TEST_STEP][PASSED] - Statement - case 1:: Text 'BA801.0' is set on object 'Object Repository/MOH AND GRN/Page_KDMC - CMS/input_txtbatchno'

2018-05-28 13:26:00 - [TEST_STEP][PASSED] - Statement - return (java.lang.Math.floor((java.lang.Math.random() * ((max - min) + 1))) + min): Text 'BA801.0' is set on object 'Object Repository/MOH AND GRN/Page_KDMC - CMS/input_txtbatchno'

2018-05-28 13:26:01 - [MESSAGE][PASSED] - Text 'BA801.0' is set on object 'Object Repository/MOH AND GRN/Page_KDMC - CMS/input_txtbatchno'

2018-05-28 13:26:01 - [TEST_STEP][PASSED] - rightClick: Object: 'Object Repository/GRN/Page_KDMC - CMS/input_txtexpdate' is right clicked on

2018-05-28 13:26:01 - [MESSAGE][PASSED] - Object: 'Object Repository/GRN/Page_KDMC - CMS/input_txtexpdate' is right clicked on

2018-05-28 13:26:01 - [TEST_STEP][PASSED] - selectOptionByIndex: All options with index in [5] are selected on object 'Object Repository/GRN/Page_KDMC - CMS/select_20182019202020212022202'

2018-05-28 13:26:01 - [MESSAGE][PASSED] - All options with index in [5] are selected on object 'Object Repository/GRN/Page_KDMC - CMS/select_20182019202020212022202'

2018-05-28 13:26:01 - [TEST_STEP][PASSED] - selectOptionByIndex: All options with index in [5] are selected on object 'Object Repository/GRN/Page_KDMC - CMS/select_JanFebMarAprMayJunJulAu'

2018-05-28 13:26:01 - [MESSAGE][PASSED] - All options with index in [5] are selected on object 'Object Repository/GRN/Page_KDMC - CMS/select_JanFebMarAprMayJunJulAu'

2018-05-28 13:26:01 - [TEST_STEP][PASSED] - click: Object: 'Object Repository/MOH AND GRN/Page_KDMC - CMS/a_12' is clicked on

2018-05-28 13:26:01 - [MESSAGE][PASSED] - Object: 'Object Repository/MOH AND GRN/Page_KDMC - CMS/a_12' is clicked on

2018-05-28 13:26:01 - [TEST_STEP][PASSED] - click: Object: 'Object Repository/MOH AND GRN/Page_KDMC - CMS/input_btnadd' is clicked on

2018-05-28 13:26:01 - [MESSAGE][PASSED] - Object: 'Object Repository/MOH AND GRN/Page_KDMC - CMS/input_btnadd' is clicked on

2018-05-28 13:26:01 - [TEST_STEP][PASSED] - Statement - If (s == 10): null

2018-05-28 13:26:01 - [TEST_STEP][PASSED] - Statement - Else: null

2018-05-28 13:26:01 - [TEST_STEP][PASSED] - Statement - (s++): null

2018-05-28 13:26:01 - [TEST_STEP][PASSED] - delay: Delayed 1 second(s)

2018-05-28 13:26:02 - [MESSAGE][PASSED] - Delayed 1 second(s)

2018-05-28 13:26:02 - [TEST_STEP][PASSED] - selectOptionByIndex: All options with index in [36] are selected on object 'Object Repository/MOH AND GRN/Page_KDMC - CMS/select_--Select--Amikacin -500'

2018-05-28 13:26:03 - [MESSAGE][PASSED] - All options with index in [36] are selected on object 'Object Repository/MOH AND GRN/Page_KDMC - CMS/select_--Select--Amikacin -500'

2018-05-28 13:26:03 - [TEST_STEP][PASSED] - setText: Text '5000' is set on object 'Object Repository/MOH AND GRN/Page_KDMC - CMS/input_txtqty'

2018-05-28 13:26:03 - [MESSAGE][PASSED] - Text '5000' is set on object 'Object Repository/MOH AND GRN/Page_KDMC - CMS/input_txtqty'

2018-05-28 13:26:03 - [TEST_STEP][PASSED] - selectOptionByIndex: All options with index in [1] are selected on object 'Object Repository/MOH AND GRN/Page_KDMC - CMS/select_--Select--No Tax0'

2018-05-28 13:26:03 - [MESSAGE][PASSED] - All options with index in [1] are selected on object 'Object Repository/MOH AND GRN/Page_KDMC - CMS/select_--Select--No Tax0'

2018-05-28 13:26:03 - [TEST_STEP][PASSED] - setText: Finding Test Object with id 'Object Repository/MOH AND GRN/Page_KDMC - CMS/input_txtmrp'

2018-05-28 13:26:03 - [TEST_STEP][PASSED] - Statement - switch (id): Finding Test Object with id 'Object Repository/MOH AND GRN/Page_KDMC - CMS/input_txtdeal'

2018-05-28 13:26:03 - [TEST_STEP][PASSED] - Statement - case 4:: Text '29.0' is set on object 'Object Repository/MOH AND GRN/Page_KDMC - CMS/input_txtmrp'

2018-05-28 13:26:03 - [TEST_STEP][PASSED] - Statement - return (java.lang.Math.floor((java.lang.Math.random() * ((max - min) + 1))) + min): Text '29.0' is set on object 'Object Repository/MOH AND GRN/Page_KDMC - CMS/input_txtmrp'

2018-05-28 13:26:03 - [MESSAGE][PASSED] - Text '29.0' is set on object 'Object Repository/MOH AND GRN/Page_KDMC - CMS/input_txtmrp'

2018-05-28 13:26:03 - [TEST_STEP][PASSED] - setText: Finding Test Object with id 'Object Repository/MOH AND GRN/Page_KDMC - CMS/input_txtdeal'

2018-05-28 13:26:03 - [TEST_STEP][PASSED] - Statement - switch (id): Finding Test Object with id 'Object Repository/MOH AND GRN/Page_KDMC - CMS/input_txtbatchno'

2018-05-28 13:26:03 - [TEST_STEP][PASSED] - Statement - case 5:: Text '8.0' is set on object 'Object Repository/MOH AND GRN/Page_KDMC - CMS/input_txtdeal'

2018-05-28 13:26:03 - [TEST_STEP][PASSED] - Statement - return (java.lang.Math.floor((java.lang.Math.random() * ((max - min) + 1))) + min): Text '8.0' is set on object 'Object Repository/MOH AND GRN/Page_KDMC - CMS/input_txtdeal'

2018-05-28 13:26:03 - [MESSAGE][PASSED] - Text '8.0' is set on object 'Object Repository/MOH AND GRN/Page_KDMC - CMS/input_txtdeal'

2018-05-28 13:26:03 - [TEST_STEP][PASSED] - setText: Finding Test Object with id 'Object Repository/MOH AND GRN/Page_KDMC - CMS/input_txtbatchno'

2018-05-28 13:26:03 - [TEST_STEP][PASSED] - Statement - switch (id): Delayed 1 second(s)

2018-05-28 13:26:03 - [TEST_STEP][PASSED] - Statement - case 1:: Text 'BA575.0' is set on object 'Object Repository/MOH AND GRN/Page_KDMC - CMS/input_txtbatchno'

2018-05-28 13:26:03 - [TEST_STEP][PASSED] - Statement - return (java.lang.Math.floor((java.lang.Math.random() * ((max - min) + 1))) + min): Text 'BA575.0' is set on object 'Object Repository/MOH AND GRN/Page_KDMC - CMS/input_txtbatchno'

2018-05-28 13:26:03 - [MESSAGE][PASSED] - Text 'BA575.0' is set on object 'Object Repository/MOH AND GRN/Page_KDMC - CMS/input_txtbatchno'

2018-05-28 13:26:03 - [TEST_STEP][PASSED] - rightClick: Object: 'Object Repository/GRN/Page_KDMC - CMS/input_txtexpdate' is right clicked on

2018-05-28 13:26:03 - [MESSAGE][PASSED] - Object: 'Object Repository/GRN/Page_KDMC - CMS/input_txtexpdate' is right clicked on

2018-05-28 13:26:03 - [TEST_STEP][PASSED] - selectOptionByIndex: All options with index in [6] are selected on object 'Object Repository/GRN/Page_KDMC - CMS/select_20182019202020212022202'

2018-05-28 13:26:03 - [MESSAGE][PASSED] - All options with index in [6] are selected on object 'Object Repository/GRN/Page_KDMC - CMS/select_20182019202020212022202'

2018-05-28 13:26:03 - [TEST_STEP][PASSED] - selectOptionByIndex: All options with index in [6] are selected on object 'Object Repository/GRN/Page_KDMC - CMS/select_JanFebMarAprMayJunJulAu'

2018-05-28 13:26:04 - [MESSAGE][PASSED] - All options with index in [6] are selected on object 'Object Repository/GRN/Page_KDMC - CMS/select_JanFebMarAprMayJunJulAu'

2018-05-28 13:26:04 - [TEST_STEP][PASSED] - click: Object: 'Object Repository/MOH AND GRN/Page_KDMC - CMS/a_12' is clicked on

2018-05-28 13:26:04 - [MESSAGE][PASSED] - Object: 'Object Repository/MOH AND GRN/Page_KDMC - CMS/a_12' is clicked on

2018-05-28 13:26:04 - [TEST_STEP][PASSED] - click: Object: 'Object Repository/MOH AND GRN/Page_KDMC - CMS/input_btnadd' is clicked on

2018-05-28 13:26:04 - [MESSAGE][PASSED] - Object: 'Object Repository/MOH AND GRN/Page_KDMC - CMS/input_btnadd' is clicked on

2018-05-28 13:26:04 - [TEST_STEP][PASSED] - Statement - If (s == 10): null

2018-05-28 13:26:04 - [TEST_STEP][PASSED] - Statement - Else: null

2018-05-28 13:26:04 - [TEST_STEP][PASSED] - Statement - (s++): null

2018-05-28 13:26:04 - [TEST_STEP][PASSED] - delay: Delayed 1 second(s)

2018-05-28 13:26:05 - [MESSAGE][PASSED] - Delayed 1 second(s)

2018-05-28 13:26:05 - [TEST_STEP][PASSED] - scrollToElement: Scroll to object 'Object Repository/MOH AND GRN/Page_KDMC - CMS/input_btnSubmit' successfully

2018-05-28 13:26:05 - [MESSAGE][PASSED] - Scroll to object 'Object Repository/MOH AND GRN/Page_KDMC - CMS/input_btnSubmit' successfully

2018-05-28 13:26:05 - [TEST_STEP][PASSED] - click: Object: 'Object Repository/MOH AND GRN/Page_KDMC - CMS/input_btnSubmit' is clicked on

2018-05-28 13:26:05 - [MESSAGE][PASSED] - Object: 'Object Repository/MOH AND GRN/Page_KDMC - CMS/input_btnSubmit' is clicked on

2018-05-28 13:26:05 - [TEST_STEP][PASSED] - delay: Delayed 3 second(s)

2018-05-28 13:26:08 - [MESSAGE][PASSED] - Delayed 3 second(s)

2018-05-28 13:26:08 - [TEST_STEP][PASSED] - click: Object: 'Object Repository/MOH AND GRN/Page_KDMC - CMS/button_OK' is clicked on

2018-05-28 13:26:09 - [MESSAGE][PASSED] - Object: 'Object Repository/MOH AND GRN/Page_KDMC - CMS/button_OK' is clicked on

2018-05-28 13:26:09 - [TEST_STEP][PASSED] - delay: Delayed 2 second(s)

2018-05-28 13:26:11 - [MESSAGE][PASSED] - Delayed 2 second(s)

2018-05-28 13:26:11 - [TEST_STEP][PASSED] - delay: Delayed 3 second(s)

2018-05-28 13:26:14 - [MESSAGE][PASSED] - Delayed 3 second(s)

2018-05-28 13:26:14 - [TEST_STEP][PASSED] - click: Object: 'Object Repository/MOH AND GRN/Page_KDMC - CMS/a_dropdown-toggle' is clicked on

2018-05-28 13:26:14 - [MESSAGE][PASSED] - Object: 'Object Repository/MOH AND GRN/Page_KDMC - CMS/a_dropdown-toggle' is clicked on

2018-05-28 13:26:14 - [TEST_STEP][PASSED] - click: Object: 'Object Repository/MOH AND GRN/Page_KDMC - CMS/a_Sign out' is clicked on

2018-05-28 13:26:14 - [MESSAGE][PASSED] - Object: 'Object Repository/MOH AND GRN/Page_KDMC - CMS/a_Sign out' is clicked on

2018-05-28 13:26:14 - [TEST_STEP][PASSED] - closeBrowser: Browser is closed

2018-05-28 13:26:15 - [MESSAGE][PASSED] - Browser is closed]]></system-out>
         <system-err><![CDATA[]]></system-err>
      </testcase>
      <testcase name="Test Cases/TEST/MOH REQUEST AND GRN/Moh Request GRN  Schedule 4" classname="Test Cases/TEST/MOH REQUEST AND GRN/Moh Request GRN  Schedule 4" status="PASSED">
         <system-out><![CDATA[2018-05-28 13:26:15 - [TEST_CASE][PASSED] - Test Cases/TEST/MOH REQUEST AND GRN/Moh Request GRN  Schedule 4: Test Cases/TEST/MOH REQUEST AND GRN/Moh Request GRN  Schedule 4

2018-05-28 13:26:15 - [TEST_STEP][PASSED] - openBrowser: Browser is opened with url: ''

2018-05-28 13:26:17 - [MESSAGE][PASSED] - Browser is opened with url: ''

2018-05-28 13:26:17 - [TEST_STEP][PASSED] - navigateToUrl: Navigate to 'http://192.168.137.1/multihospital_new/' successfully

2018-05-28 13:26:20 - [MESSAGE][PASSED] - Navigate to 'http://192.168.137.1/multihospital_new/' successfully

2018-05-28 13:26:20 - [TEST_STEP][PASSED] - maximizeWindow: Current window maximized

2018-05-28 13:26:22 - [MESSAGE][PASSED] - Current window maximized

2018-05-28 13:26:22 - [TEST_STEP][PASSED] - click: Object: 'Object Repository/MOH AND GRN/Page_KDMC/a_CMS' is clicked on

2018-05-28 13:26:22 - [MESSAGE][PASSED] - Object: 'Object Repository/MOH AND GRN/Page_KDMC/a_CMS' is clicked on

2018-05-28 13:26:22 - [TEST_STEP][PASSED] - setText: Text 'bala' is set on object 'Object Repository/MOH AND GRN/Page_CMS login/input_txtusername'

2018-05-28 13:26:22 - [MESSAGE][PASSED] - Text 'bala' is set on object 'Object Repository/MOH AND GRN/Page_CMS login/input_txtusername'

2018-05-28 13:26:22 - [TEST_STEP][PASSED] - setText: Text '123' is set on object 'Object Repository/MOH AND GRN/Page_CMS login/input_txtpassword'

2018-05-28 13:26:22 - [MESSAGE][PASSED] - Text '123' is set on object 'Object Repository/MOH AND GRN/Page_CMS login/input_txtpassword'

2018-05-28 13:26:22 - [TEST_STEP][PASSED] - delay: Delayed 3 second(s)

2018-05-28 13:26:25 - [MESSAGE][PASSED] - Delayed 3 second(s)

2018-05-28 13:26:25 - [TEST_STEP][PASSED] - click: Object: 'Object Repository/MOH AND GRN/Page_CMS login/button_Sign in' is clicked on

2018-05-28 13:26:26 - [MESSAGE][PASSED] - Object: 'Object Repository/MOH AND GRN/Page_CMS login/button_Sign in' is clicked on

2018-05-28 13:26:26 - [TEST_STEP][PASSED] - click: Object: 'Object Repository/MOH AND GRN/Page_KDMC - CMS/a_Request to MOH' is clicked on

2018-05-28 13:26:27 - [MESSAGE][PASSED] - Object: 'Object Repository/MOH AND GRN/Page_KDMC - CMS/a_Request to MOH' is clicked on

2018-05-28 13:26:27 - [TEST_STEP][PASSED] - selectOptionByIndex: All options with index in [2] are selected on object 'Object Repository/MOH AND GRN/Page_KDMC - CMS/select_--Select--'

2018-05-28 13:26:28 - [MESSAGE][PASSED] - All options with index in [2] are selected on object 'Object Repository/MOH AND GRN/Page_KDMC - CMS/select_--Select--'

2018-05-28 13:26:28 - [TEST_STEP][PASSED] - selectOptionByIndex: All options with index in [4] are selected on object 'Object Repository/MOH AND GRN/Page_KDMC - CMS/select_--Select--Schedule 1Inj'

2018-05-28 13:26:28 - [MESSAGE][PASSED] - All options with index in [4] are selected on object 'Object Repository/MOH AND GRN/Page_KDMC - CMS/select_--Select--Schedule 1Inj'

2018-05-28 13:26:28 - [TEST_STEP][PASSED] - Statement - selectedoptions = com.kms.katalon.core.webui.keyword.WebUiBuiltInKeywords.getNumberOfTotalOption(com.kms.katalon.core.testobject.ObjectRepository.findTestObject(MOH AND GRN/Page_KDMC - CMS/select_--Select--Adernaline 0.)): 16 options of object 'Object Repository/MOH AND GRN/Page_KDMC - CMS/select_--Select--Adernaline 0.' counted

2018-05-28 13:26:28 - [MESSAGE][PASSED] - 16 options of object 'Object Repository/MOH AND GRN/Page_KDMC - CMS/select_--Select--Adernaline 0.' counted

2018-05-28 13:26:28 - [TEST_STEP][PASSED] - Statement - For ([j = 1, j <= selectedoptions - 1, (j++)]): Object: 'Object Repository/MOH AND GRN/Page_KDMC - CMS/button_Add' is clicked on

2018-05-28 13:26:28 - [TEST_STEP][PASSED] - selectOptionByIndex: All options with index in [4] are selected on object 'Object Repository/MOH AND GRN/Page_KDMC - CMS/select_--Select--Schedule 1Inj'

2018-05-28 13:26:28 - [MESSAGE][PASSED] - All options with index in [4] are selected on object 'Object Repository/MOH AND GRN/Page_KDMC - CMS/select_--Select--Schedule 1Inj'

2018-05-28 13:26:28 - [TEST_STEP][PASSED] - selectOptionByIndex: All options with index in [1] are selected on object 'Object Repository/MOH AND GRN/Page_KDMC - CMS/select_--Select--Adernaline 0.'

2018-05-28 13:26:28 - [MESSAGE][PASSED] - All options with index in [1] are selected on object 'Object Repository/MOH AND GRN/Page_KDMC - CMS/select_--Select--Adernaline 0.'

2018-05-28 13:26:28 - [TEST_STEP][PASSED] - setText: Text '5000' is set on object 'Object Repository/MOH AND GRN/Page_KDMC - CMS/input_txttreat'

2018-05-28 13:26:28 - [MESSAGE][PASSED] - Text '5000' is set on object 'Object Repository/MOH AND GRN/Page_KDMC - CMS/input_txttreat'

2018-05-28 13:26:28 - [TEST_STEP][PASSED] - click: Object: 'Object Repository/MOH AND GRN/Page_KDMC - CMS/button_Add' is clicked on

2018-05-28 13:26:29 - [MESSAGE][PASSED] - Object: 'Object Repository/MOH AND GRN/Page_KDMC - CMS/button_Add' is clicked on

2018-05-28 13:26:29 - [TEST_STEP][PASSED] - selectOptionByIndex: All options with index in [4] are selected on object 'Object Repository/MOH AND GRN/Page_KDMC - CMS/select_--Select--Schedule 1Inj'

2018-05-28 13:26:29 - [MESSAGE][PASSED] - All options with index in [4] are selected on object 'Object Repository/MOH AND GRN/Page_KDMC - CMS/select_--Select--Schedule 1Inj'

2018-05-28 13:26:29 - [TEST_STEP][PASSED] - selectOptionByIndex: All options with index in [2] are selected on object 'Object Repository/MOH AND GRN/Page_KDMC - CMS/select_--Select--Adernaline 0.'

2018-05-28 13:26:29 - [MESSAGE][PASSED] - All options with index in [2] are selected on object 'Object Repository/MOH AND GRN/Page_KDMC - CMS/select_--Select--Adernaline 0.'

2018-05-28 13:26:29 - [TEST_STEP][PASSED] - setText: Text '5000' is set on object 'Object Repository/MOH AND GRN/Page_KDMC - CMS/input_txttreat'

2018-05-28 13:26:29 - [MESSAGE][PASSED] - Text '5000' is set on object 'Object Repository/MOH AND GRN/Page_KDMC - CMS/input_txttreat'

2018-05-28 13:26:29 - [TEST_STEP][PASSED] - click: Object: 'Object Repository/MOH AND GRN/Page_KDMC - CMS/button_Add' is clicked on

2018-05-28 13:26:29 - [MESSAGE][PASSED] - Object: 'Object Repository/MOH AND GRN/Page_KDMC - CMS/button_Add' is clicked on

2018-05-28 13:26:29 - [TEST_STEP][PASSED] - selectOptionByIndex: All options with index in [4] are selected on object 'Object Repository/MOH AND GRN/Page_KDMC - CMS/select_--Select--Schedule 1Inj'

2018-05-28 13:26:29 - [MESSAGE][PASSED] - All options with index in [4] are selected on object 'Object Repository/MOH AND GRN/Page_KDMC - CMS/select_--Select--Schedule 1Inj'

2018-05-28 13:26:29 - [TEST_STEP][PASSED] - selectOptionByIndex: All options with index in [3] are selected on object 'Object Repository/MOH AND GRN/Page_KDMC - CMS/select_--Select--Adernaline 0.'

2018-05-28 13:26:29 - [MESSAGE][PASSED] - All options with index in [3] are selected on object 'Object Repository/MOH AND GRN/Page_KDMC - CMS/select_--Select--Adernaline 0.'

2018-05-28 13:26:29 - [TEST_STEP][PASSED] - setText: Text '5000' is set on object 'Object Repository/MOH AND GRN/Page_KDMC - CMS/input_txttreat'

2018-05-28 13:26:29 - [MESSAGE][PASSED] - Text '5000' is set on object 'Object Repository/MOH AND GRN/Page_KDMC - CMS/input_txttreat'

2018-05-28 13:26:29 - [TEST_STEP][PASSED] - click: Object: 'Object Repository/MOH AND GRN/Page_KDMC - CMS/button_Add' is clicked on

2018-05-28 13:26:29 - [MESSAGE][PASSED] - Object: 'Object Repository/MOH AND GRN/Page_KDMC - CMS/button_Add' is clicked on

2018-05-28 13:26:29 - [TEST_STEP][PASSED] - selectOptionByIndex: All options with index in [4] are selected on object 'Object Repository/MOH AND GRN/Page_KDMC - CMS/select_--Select--Schedule 1Inj'

2018-05-28 13:26:30 - [MESSAGE][PASSED] - All options with index in [4] are selected on object 'Object Repository/MOH AND GRN/Page_KDMC - CMS/select_--Select--Schedule 1Inj'

2018-05-28 13:26:30 - [TEST_STEP][PASSED] - selectOptionByIndex: All options with index in [4] are selected on object 'Object Repository/MOH AND GRN/Page_KDMC - CMS/select_--Select--Adernaline 0.'

2018-05-28 13:26:30 - [MESSAGE][PASSED] - All options with index in [4] are selected on object 'Object Repository/MOH AND GRN/Page_KDMC - CMS/select_--Select--Adernaline 0.'

2018-05-28 13:26:30 - [TEST_STEP][PASSED] - setText: Text '5000' is set on object 'Object Repository/MOH AND GRN/Page_KDMC - CMS/input_txttreat'

2018-05-28 13:26:30 - [MESSAGE][PASSED] - Text '5000' is set on object 'Object Repository/MOH AND GRN/Page_KDMC - CMS/input_txttreat'

2018-05-28 13:26:30 - [TEST_STEP][PASSED] - click: Object: 'Object Repository/MOH AND GRN/Page_KDMC - CMS/button_Add' is clicked on

2018-05-28 13:26:30 - [MESSAGE][PASSED] - Object: 'Object Repository/MOH AND GRN/Page_KDMC - CMS/button_Add' is clicked on

2018-05-28 13:26:30 - [TEST_STEP][PASSED] - selectOptionByIndex: All options with index in [4] are selected on object 'Object Repository/MOH AND GRN/Page_KDMC - CMS/select_--Select--Schedule 1Inj'

2018-05-28 13:26:30 - [MESSAGE][PASSED] - All options with index in [4] are selected on object 'Object Repository/MOH AND GRN/Page_KDMC - CMS/select_--Select--Schedule 1Inj'

2018-05-28 13:26:30 - [TEST_STEP][PASSED] - selectOptionByIndex: All options with index in [5] are selected on object 'Object Repository/MOH AND GRN/Page_KDMC - CMS/select_--Select--Adernaline 0.'

2018-05-28 13:26:30 - [MESSAGE][PASSED] - All options with index in [5] are selected on object 'Object Repository/MOH AND GRN/Page_KDMC - CMS/select_--Select--Adernaline 0.'

2018-05-28 13:26:30 - [TEST_STEP][PASSED] - setText: Text '5000' is set on object 'Object Repository/MOH AND GRN/Page_KDMC - CMS/input_txttreat'

2018-05-28 13:26:30 - [MESSAGE][PASSED] - Text '5000' is set on object 'Object Repository/MOH AND GRN/Page_KDMC - CMS/input_txttreat'

2018-05-28 13:26:30 - [TEST_STEP][PASSED] - click: Object: 'Object Repository/MOH AND GRN/Page_KDMC - CMS/button_Add' is clicked on

2018-05-28 13:26:30 - [MESSAGE][PASSED] - Object: 'Object Repository/MOH AND GRN/Page_KDMC - CMS/button_Add' is clicked on

2018-05-28 13:26:30 - [TEST_STEP][PASSED] - selectOptionByIndex: All options with index in [4] are selected on object 'Object Repository/MOH AND GRN/Page_KDMC - CMS/select_--Select--Schedule 1Inj'

2018-05-28 13:26:30 - [MESSAGE][PASSED] - All options with index in [4] are selected on object 'Object Repository/MOH AND GRN/Page_KDMC - CMS/select_--Select--Schedule 1Inj'

2018-05-28 13:26:30 - [TEST_STEP][PASSED] - selectOptionByIndex: All options with index in [6] are selected on object 'Object Repository/MOH AND GRN/Page_KDMC - CMS/select_--Select--Adernaline 0.'

2018-05-28 13:26:31 - [MESSAGE][PASSED] - All options with index in [6] are selected on object 'Object Repository/MOH AND GRN/Page_KDMC - CMS/select_--Select--Adernaline 0.'

2018-05-28 13:26:31 - [TEST_STEP][PASSED] - setText: Text '5000' is set on object 'Object Repository/MOH AND GRN/Page_KDMC - CMS/input_txttreat'

2018-05-28 13:26:31 - [MESSAGE][PASSED] - Text '5000' is set on object 'Object Repository/MOH AND GRN/Page_KDMC - CMS/input_txttreat'

2018-05-28 13:26:31 - [TEST_STEP][PASSED] - click: Object: 'Object Repository/MOH AND GRN/Page_KDMC - CMS/button_Add' is clicked on

2018-05-28 13:26:31 - [MESSAGE][PASSED] - Object: 'Object Repository/MOH AND GRN/Page_KDMC - CMS/button_Add' is clicked on

2018-05-28 13:26:31 - [TEST_STEP][PASSED] - selectOptionByIndex: All options with index in [4] are selected on object 'Object Repository/MOH AND GRN/Page_KDMC - CMS/select_--Select--Schedule 1Inj'

2018-05-28 13:26:31 - [MESSAGE][PASSED] - All options with index in [4] are selected on object 'Object Repository/MOH AND GRN/Page_KDMC - CMS/select_--Select--Schedule 1Inj'

2018-05-28 13:26:31 - [TEST_STEP][PASSED] - selectOptionByIndex: All options with index in [7] are selected on object 'Object Repository/MOH AND GRN/Page_KDMC - CMS/select_--Select--Adernaline 0.'

2018-05-28 13:26:31 - [MESSAGE][PASSED] - All options with index in [7] are selected on object 'Object Repository/MOH AND GRN/Page_KDMC - CMS/select_--Select--Adernaline 0.'

2018-05-28 13:26:31 - [TEST_STEP][PASSED] - setText: Text '5000' is set on object 'Object Repository/MOH AND GRN/Page_KDMC - CMS/input_txttreat'

2018-05-28 13:26:31 - [MESSAGE][PASSED] - Text '5000' is set on object 'Object Repository/MOH AND GRN/Page_KDMC - CMS/input_txttreat'

2018-05-28 13:26:31 - [TEST_STEP][PASSED] - click: Object: 'Object Repository/MOH AND GRN/Page_KDMC - CMS/button_Add' is clicked on

2018-05-28 13:26:31 - [MESSAGE][PASSED] - Object: 'Object Repository/MOH AND GRN/Page_KDMC - CMS/button_Add' is clicked on

2018-05-28 13:26:31 - [TEST_STEP][PASSED] - selectOptionByIndex: All options with index in [4] are selected on object 'Object Repository/MOH AND GRN/Page_KDMC - CMS/select_--Select--Schedule 1Inj'

2018-05-28 13:26:31 - [MESSAGE][PASSED] - All options with index in [4] are selected on object 'Object Repository/MOH AND GRN/Page_KDMC - CMS/select_--Select--Schedule 1Inj'

2018-05-28 13:26:31 - [TEST_STEP][PASSED] - selectOptionByIndex: All options with index in [8] are selected on object 'Object Repository/MOH AND GRN/Page_KDMC - CMS/select_--Select--Adernaline 0.'

2018-05-28 13:26:31 - [MESSAGE][PASSED] - All options with index in [8] are selected on object 'Object Repository/MOH AND GRN/Page_KDMC - CMS/select_--Select--Adernaline 0.'

2018-05-28 13:26:31 - [TEST_STEP][PASSED] - setText: Text '5000' is set on object 'Object Repository/MOH AND GRN/Page_KDMC - CMS/input_txttreat'

2018-05-28 13:26:32 - [MESSAGE][PASSED] - Text '5000' is set on object 'Object Repository/MOH AND GRN/Page_KDMC - CMS/input_txttreat'

2018-05-28 13:26:32 - [TEST_STEP][PASSED] - click: Object: 'Object Repository/MOH AND GRN/Page_KDMC - CMS/button_Add' is clicked on

2018-05-28 13:26:32 - [MESSAGE][PASSED] - Object: 'Object Repository/MOH AND GRN/Page_KDMC - CMS/button_Add' is clicked on

2018-05-28 13:26:32 - [TEST_STEP][PASSED] - selectOptionByIndex: All options with index in [4] are selected on object 'Object Repository/MOH AND GRN/Page_KDMC - CMS/select_--Select--Schedule 1Inj'

2018-05-28 13:26:32 - [MESSAGE][PASSED] - All options with index in [4] are selected on object 'Object Repository/MOH AND GRN/Page_KDMC - CMS/select_--Select--Schedule 1Inj'

2018-05-28 13:26:32 - [TEST_STEP][PASSED] - selectOptionByIndex: All options with index in [9] are selected on object 'Object Repository/MOH AND GRN/Page_KDMC - CMS/select_--Select--Adernaline 0.'

2018-05-28 13:26:32 - [MESSAGE][PASSED] - All options with index in [9] are selected on object 'Object Repository/MOH AND GRN/Page_KDMC - CMS/select_--Select--Adernaline 0.'

2018-05-28 13:26:32 - [TEST_STEP][PASSED] - setText: Text '5000' is set on object 'Object Repository/MOH AND GRN/Page_KDMC - CMS/input_txttreat'

2018-05-28 13:26:32 - [MESSAGE][PASSED] - Text '5000' is set on object 'Object Repository/MOH AND GRN/Page_KDMC - CMS/input_txttreat'

2018-05-28 13:26:32 - [TEST_STEP][PASSED] - click: Object: 'Object Repository/MOH AND GRN/Page_KDMC - CMS/button_Add' is clicked on

2018-05-28 13:26:32 - [MESSAGE][PASSED] - Object: 'Object Repository/MOH AND GRN/Page_KDMC - CMS/button_Add' is clicked on

2018-05-28 13:26:32 - [TEST_STEP][PASSED] - selectOptionByIndex: All options with index in [4] are selected on object 'Object Repository/MOH AND GRN/Page_KDMC - CMS/select_--Select--Schedule 1Inj'

2018-05-28 13:26:32 - [MESSAGE][PASSED] - All options with index in [4] are selected on object 'Object Repository/MOH AND GRN/Page_KDMC - CMS/select_--Select--Schedule 1Inj'

2018-05-28 13:26:32 - [TEST_STEP][PASSED] - selectOptionByIndex: All options with index in [10] are selected on object 'Object Repository/MOH AND GRN/Page_KDMC - CMS/select_--Select--Adernaline 0.'

2018-05-28 13:26:32 - [MESSAGE][PASSED] - All options with index in [10] are selected on object 'Object Repository/MOH AND GRN/Page_KDMC - CMS/select_--Select--Adernaline 0.'

2018-05-28 13:26:32 - [TEST_STEP][PASSED] - setText: Text '5000' is set on object 'Object Repository/MOH AND GRN/Page_KDMC - CMS/input_txttreat'

2018-05-28 13:26:33 - [MESSAGE][PASSED] - Text '5000' is set on object 'Object Repository/MOH AND GRN/Page_KDMC - CMS/input_txttreat'

2018-05-28 13:26:33 - [TEST_STEP][PASSED] - click: Object: 'Object Repository/MOH AND GRN/Page_KDMC - CMS/button_Add' is clicked on

2018-05-28 13:26:33 - [MESSAGE][PASSED] - Object: 'Object Repository/MOH AND GRN/Page_KDMC - CMS/button_Add' is clicked on

2018-05-28 13:26:33 - [TEST_STEP][PASSED] - selectOptionByIndex: All options with index in [4] are selected on object 'Object Repository/MOH AND GRN/Page_KDMC - CMS/select_--Select--Schedule 1Inj'

2018-05-28 13:26:33 - [MESSAGE][PASSED] - All options with index in [4] are selected on object 'Object Repository/MOH AND GRN/Page_KDMC - CMS/select_--Select--Schedule 1Inj'

2018-05-28 13:26:33 - [TEST_STEP][PASSED] - selectOptionByIndex: All options with index in [11] are selected on object 'Object Repository/MOH AND GRN/Page_KDMC - CMS/select_--Select--Adernaline 0.'

2018-05-28 13:26:33 - [MESSAGE][PASSED] - All options with index in [11] are selected on object 'Object Repository/MOH AND GRN/Page_KDMC - CMS/select_--Select--Adernaline 0.'

2018-05-28 13:26:33 - [TEST_STEP][PASSED] - setText: Text '5000' is set on object 'Object Repository/MOH AND GRN/Page_KDMC - CMS/input_txttreat'

2018-05-28 13:26:33 - [MESSAGE][PASSED] - Text '5000' is set on object 'Object Repository/MOH AND GRN/Page_KDMC - CMS/input_txttreat'

2018-05-28 13:26:33 - [TEST_STEP][PASSED] - click: Object: 'Object Repository/MOH AND GRN/Page_KDMC - CMS/button_Add' is clicked on

2018-05-28 13:26:33 - [MESSAGE][PASSED] - Object: 'Object Repository/MOH AND GRN/Page_KDMC - CMS/button_Add' is clicked on

2018-05-28 13:26:33 - [TEST_STEP][PASSED] - selectOptionByIndex: All options with index in [4] are selected on object 'Object Repository/MOH AND GRN/Page_KDMC - CMS/select_--Select--Schedule 1Inj'

2018-05-28 13:26:33 - [MESSAGE][PASSED] - All options with index in [4] are selected on object 'Object Repository/MOH AND GRN/Page_KDMC - CMS/select_--Select--Schedule 1Inj'

2018-05-28 13:26:33 - [TEST_STEP][PASSED] - selectOptionByIndex: All options with index in [12] are selected on object 'Object Repository/MOH AND GRN/Page_KDMC - CMS/select_--Select--Adernaline 0.'

2018-05-28 13:26:33 - [MESSAGE][PASSED] - All options with index in [12] are selected on object 'Object Repository/MOH AND GRN/Page_KDMC - CMS/select_--Select--Adernaline 0.'

2018-05-28 13:26:33 - [TEST_STEP][PASSED] - setText: Text '5000' is set on object 'Object Repository/MOH AND GRN/Page_KDMC - CMS/input_txttreat'

2018-05-28 13:26:34 - [MESSAGE][PASSED] - Text '5000' is set on object 'Object Repository/MOH AND GRN/Page_KDMC - CMS/input_txttreat'

2018-05-28 13:26:34 - [TEST_STEP][PASSED] - click: Object: 'Object Repository/MOH AND GRN/Page_KDMC - CMS/button_Add' is clicked on

2018-05-28 13:26:34 - [MESSAGE][PASSED] - Object: 'Object Repository/MOH AND GRN/Page_KDMC - CMS/button_Add' is clicked on

2018-05-28 13:26:34 - [TEST_STEP][PASSED] - selectOptionByIndex: All options with index in [4] are selected on object 'Object Repository/MOH AND GRN/Page_KDMC - CMS/select_--Select--Schedule 1Inj'

2018-05-28 13:26:34 - [MESSAGE][PASSED] - All options with index in [4] are selected on object 'Object Repository/MOH AND GRN/Page_KDMC - CMS/select_--Select--Schedule 1Inj'

2018-05-28 13:26:34 - [TEST_STEP][PASSED] - selectOptionByIndex: All options with index in [13] are selected on object 'Object Repository/MOH AND GRN/Page_KDMC - CMS/select_--Select--Adernaline 0.'

2018-05-28 13:26:34 - [MESSAGE][PASSED] - All options with index in [13] are selected on object 'Object Repository/MOH AND GRN/Page_KDMC - CMS/select_--Select--Adernaline 0.'

2018-05-28 13:26:34 - [TEST_STEP][PASSED] - setText: Text '5000' is set on object 'Object Repository/MOH AND GRN/Page_KDMC - CMS/input_txttreat'

2018-05-28 13:26:34 - [MESSAGE][PASSED] - Text '5000' is set on object 'Object Repository/MOH AND GRN/Page_KDMC - CMS/input_txttreat'

2018-05-28 13:26:34 - [TEST_STEP][PASSED] - click: Object: 'Object Repository/MOH AND GRN/Page_KDMC - CMS/button_Add' is clicked on

2018-05-28 13:26:34 - [MESSAGE][PASSED] - Object: 'Object Repository/MOH AND GRN/Page_KDMC - CMS/button_Add' is clicked on

2018-05-28 13:26:34 - [TEST_STEP][PASSED] - selectOptionByIndex: All options with index in [4] are selected on object 'Object Repository/MOH AND GRN/Page_KDMC - CMS/select_--Select--Schedule 1Inj'

2018-05-28 13:26:34 - [MESSAGE][PASSED] - All options with index in [4] are selected on object 'Object Repository/MOH AND GRN/Page_KDMC - CMS/select_--Select--Schedule 1Inj'

2018-05-28 13:26:34 - [TEST_STEP][PASSED] - selectOptionByIndex: All options with index in [14] are selected on object 'Object Repository/MOH AND GRN/Page_KDMC - CMS/select_--Select--Adernaline 0.'

2018-05-28 13:26:34 - [MESSAGE][PASSED] - All options with index in [14] are selected on object 'Object Repository/MOH AND GRN/Page_KDMC - CMS/select_--Select--Adernaline 0.'

2018-05-28 13:26:34 - [TEST_STEP][PASSED] - setText: Text '5000' is set on object 'Object Repository/MOH AND GRN/Page_KDMC - CMS/input_txttreat'

2018-05-28 13:26:35 - [MESSAGE][PASSED] - Text '5000' is set on object 'Object Repository/MOH AND GRN/Page_KDMC - CMS/input_txttreat'

2018-05-28 13:26:35 - [TEST_STEP][PASSED] - click: Object: 'Object Repository/MOH AND GRN/Page_KDMC - CMS/button_Add' is clicked on

2018-05-28 13:26:35 - [MESSAGE][PASSED] - Object: 'Object Repository/MOH AND GRN/Page_KDMC - CMS/button_Add' is clicked on

2018-05-28 13:26:35 - [TEST_STEP][PASSED] - selectOptionByIndex: All options with index in [4] are selected on object 'Object Repository/MOH AND GRN/Page_KDMC - CMS/select_--Select--Schedule 1Inj'

2018-05-28 13:26:35 - [MESSAGE][PASSED] - All options with index in [4] are selected on object 'Object Repository/MOH AND GRN/Page_KDMC - CMS/select_--Select--Schedule 1Inj'

2018-05-28 13:26:35 - [TEST_STEP][PASSED] - selectOptionByIndex: All options with index in [15] are selected on object 'Object Repository/MOH AND GRN/Page_KDMC - CMS/select_--Select--Adernaline 0.'

2018-05-28 13:26:35 - [MESSAGE][PASSED] - All options with index in [15] are selected on object 'Object Repository/MOH AND GRN/Page_KDMC - CMS/select_--Select--Adernaline 0.'

2018-05-28 13:26:35 - [TEST_STEP][PASSED] - setText: Text '5000' is set on object 'Object Repository/MOH AND GRN/Page_KDMC - CMS/input_txttreat'

2018-05-28 13:26:35 - [MESSAGE][PASSED] - Text '5000' is set on object 'Object Repository/MOH AND GRN/Page_KDMC - CMS/input_txttreat'

2018-05-28 13:26:35 - [TEST_STEP][PASSED] - click: Object: 'Object Repository/MOH AND GRN/Page_KDMC - CMS/button_Add' is clicked on

2018-05-28 13:26:35 - [MESSAGE][PASSED] - Object: 'Object Repository/MOH AND GRN/Page_KDMC - CMS/button_Add' is clicked on

2018-05-28 13:26:35 - [TEST_STEP][PASSED] - scrollToElement: Scroll to object 'Object Repository/MOH AND GRN/Page_KDMC - CMS/input_btnsave' successfully

2018-05-28 13:26:35 - [MESSAGE][PASSED] - Scroll to object 'Object Repository/MOH AND GRN/Page_KDMC - CMS/input_btnsave' successfully

2018-05-28 13:26:35 - [TEST_STEP][PASSED] - click: Object: 'Object Repository/MOH AND GRN/Page_KDMC - CMS/input_btnsave' is clicked on

2018-05-28 13:26:35 - [MESSAGE][PASSED] - Object: 'Object Repository/MOH AND GRN/Page_KDMC - CMS/input_btnsave' is clicked on

2018-05-28 13:26:35 - [TEST_STEP][PASSED] - delay: Delayed 3 second(s)

2018-05-28 13:26:38 - [MESSAGE][PASSED] - Delayed 3 second(s)

2018-05-28 13:26:38 - [TEST_STEP][PASSED] - Statement - Request1 = com.kms.katalon.core.webui.keyword.WebUiBuiltInKeywords.getText(com.kms.katalon.core.testobject.ObjectRepository.findTestObject(MOH AND GRN/Page_KDMC - CMS/font_PRNO0505201876)): Text of object 'Object Repository/MOH AND GRN/Page_KDMC - CMS/font_PRNO0505201876' is: 'PRNO/28052018/307'

2018-05-28 13:26:38 - [MESSAGE][PASSED] - Text of object 'Object Repository/MOH AND GRN/Page_KDMC - CMS/font_PRNO0505201876' is: 'PRNO/28052018/307'

2018-05-28 13:26:38 - [TEST_STEP][PASSED] - Statement - out.println("Length OF The Medicine " + Request1): null

2018-05-28 13:26:38 - [TEST_STEP][PASSED] - Statement - RequestNUmber = Request1.split("/")[2].trim(): null

2018-05-28 13:26:38 - [TEST_STEP][PASSED] - Statement - out.println("ID IS " + RequestNUmber): null

2018-05-28 13:26:38 - [TEST_STEP][PASSED] - delay: Delayed 3 second(s)

2018-05-28 13:26:41 - [MESSAGE][PASSED] - Delayed 3 second(s)

2018-05-28 13:26:41 - [TEST_STEP][PASSED] - click: Object: 'Object Repository/MOH AND GRN/Page_KDMC - CMS/button_OK' is clicked on

2018-05-28 13:26:42 - [MESSAGE][PASSED] - Object: 'Object Repository/MOH AND GRN/Page_KDMC - CMS/button_OK' is clicked on

2018-05-28 13:26:42 - [TEST_STEP][PASSED] - click: Object: 'Object Repository/MOH AND GRN/Page_KDMC - CMS/a_dropdown-toggle' is clicked on

2018-05-28 13:26:44 - [MESSAGE][PASSED] - Object: 'Object Repository/MOH AND GRN/Page_KDMC - CMS/a_dropdown-toggle' is clicked on

2018-05-28 13:26:44 - [TEST_STEP][PASSED] - click: Object: 'Object Repository/MOH AND GRN/Page_KDMC - CMS/a_Sign out' is clicked on

2018-05-28 13:26:44 - [MESSAGE][PASSED] - Object: 'Object Repository/MOH AND GRN/Page_KDMC - CMS/a_Sign out' is clicked on

2018-05-28 13:26:44 - [TEST_STEP][PASSED] - delay: Delayed 4 second(s)

2018-05-28 13:26:48 - [MESSAGE][PASSED] - Delayed 4 second(s)

2018-05-28 13:26:48 - [TEST_STEP][PASSED] - click: Object: 'Object Repository/MOH AND GRN/Page_KDMC/a_Admin Master' is clicked on

2018-05-28 13:26:49 - [MESSAGE][PASSED] - Object: 'Object Repository/MOH AND GRN/Page_KDMC/a_Admin Master' is clicked on

2018-05-28 13:26:49 - [TEST_STEP][PASSED] - setText: Text 'admin' is set on object 'Object Repository/MOH AND GRN/Page_Admin login/input_txtusername'

2018-05-28 13:26:49 - [MESSAGE][PASSED] - Text 'admin' is set on object 'Object Repository/MOH AND GRN/Page_Admin login/input_txtusername'

2018-05-28 13:26:49 - [TEST_STEP][PASSED] - setText: Text 'admin123' is set on object 'Object Repository/MOH AND GRN/Page_Admin login/input_txtpassword'

2018-05-28 13:26:49 - [MESSAGE][PASSED] - Text 'admin123' is set on object 'Object Repository/MOH AND GRN/Page_Admin login/input_txtpassword'

2018-05-28 13:26:49 - [TEST_STEP][PASSED] - delay: Delayed 3 second(s)

2018-05-28 13:26:52 - [MESSAGE][PASSED] - Delayed 3 second(s)

2018-05-28 13:26:52 - [TEST_STEP][PASSED] - click: Object: 'Object Repository/MOH AND GRN/Page_Admin login/button_Sign in' is clicked on

2018-05-28 13:26:54 - [MESSAGE][PASSED] - Object: 'Object Repository/MOH AND GRN/Page_Admin login/button_Sign in' is clicked on

2018-05-28 13:26:54 - [TEST_STEP][PASSED] - delay: Delayed 20 second(s)

2018-05-28 13:27:14 - [MESSAGE][PASSED] - Delayed 20 second(s)

2018-05-28 13:27:14 - [TEST_STEP][PASSED] - scrollToPosition: Browser is scrolled to position x = 200, y = 200

2018-05-28 13:27:14 - [MESSAGE][PASSED] - Browser is scrolled to position x = 200, y = 200

2018-05-28 13:27:14 - [TEST_STEP][PASSED] - click: Object: 'Object Repository/MOH AND GRN/Page_KDMC/a_CMS_1' is clicked on

2018-05-28 13:27:14 - [MESSAGE][PASSED] - Object: 'Object Repository/MOH AND GRN/Page_KDMC/a_CMS_1' is clicked on

2018-05-28 13:27:14 - [TEST_STEP][PASSED] - click: Object: 'Object Repository/MOH AND GRN/Page_KDMC/a_Request List' is clicked on

2018-05-28 13:27:15 - [MESSAGE][PASSED] - Object: 'Object Repository/MOH AND GRN/Page_KDMC/a_Request List' is clicked on

2018-05-28 13:27:15 - [TEST_STEP][PASSED] - Statement - RequestNumberId = com.kms.katalon.core.webui.keyword.WebUiBuiltInKeywords.modifyObjectProperty(com.kms.katalon.core.testobject.ObjectRepository.findTestObject(MOH AND GRN/Page_KDMC - CMS/input_PO0032), "xpath", "equals", "//*[@id =" + RequestNUmber + "]", true): Modify property of object successfully

2018-05-28 13:27:15 - [MESSAGE][PASSED] - Modify property of object successfully

2018-05-28 13:27:15 - [TEST_STEP][PASSED] - click: Object: 'Object Repository/MOH AND GRN/Page_KDMC - CMS/input_PO0032' is clicked on

2018-05-28 13:27:15 - [MESSAGE][PASSED] - Object: 'Object Repository/MOH AND GRN/Page_KDMC - CMS/input_PO0032' is clicked on

2018-05-28 13:27:15 - [TEST_STEP][PASSED] - delay: Delayed 3 second(s)

2018-05-28 13:27:18 - [MESSAGE][PASSED] - Delayed 3 second(s)

2018-05-28 13:27:18 - [TEST_STEP][PASSED] - selectOptionByIndex: All options with index in [1] are selected on object 'Object Repository/MOH AND GRN/Page_KDMC/select_--Select--'

2018-05-28 13:27:19 - [MESSAGE][PASSED] - All options with index in [1] are selected on object 'Object Repository/MOH AND GRN/Page_KDMC/select_--Select--'

2018-05-28 13:27:19 - [TEST_STEP][PASSED] - click: Object: 'Object Repository/MOH AND GRN/Page_KDMC/input_btnupdate' is clicked on

2018-05-28 13:27:19 - [MESSAGE][PASSED] - Object: 'Object Repository/MOH AND GRN/Page_KDMC/input_btnupdate' is clicked on

2018-05-28 13:27:19 - [TEST_STEP][PASSED] - delay: Delayed 3 second(s)

2018-05-28 13:27:22 - [MESSAGE][PASSED] - Delayed 3 second(s)

2018-05-28 13:27:22 - [TEST_STEP][PASSED] - click: Object: 'Object Repository/MOH AND GRN/Page_KDMC/button_OK' is clicked on

2018-05-28 13:27:23 - [MESSAGE][PASSED] - Object: 'Object Repository/MOH AND GRN/Page_KDMC/button_OK' is clicked on

2018-05-28 13:27:23 - [TEST_STEP][PASSED] - delay: Delayed 3 second(s)

2018-05-28 13:27:26 - [MESSAGE][PASSED] - Delayed 3 second(s)

2018-05-28 13:27:26 - [TEST_STEP][PASSED] - scrollToPosition: Browser is scrolled to position x = 200, y = 200

2018-05-28 13:27:26 - [MESSAGE][PASSED] - Browser is scrolled to position x = 200, y = 200

2018-05-28 13:27:26 - [TEST_STEP][PASSED] - click: Object: 'Object Repository/MOH AND GRN/Page_KDMC/a_CMS_2' is clicked on

2018-05-28 13:27:26 - [MESSAGE][PASSED] - Object: 'Object Repository/MOH AND GRN/Page_KDMC/a_CMS_2' is clicked on

2018-05-28 13:27:26 - [TEST_STEP][PASSED] - delay: Delayed 2 second(s)

2018-05-28 13:27:28 - [MESSAGE][PASSED] - Delayed 2 second(s)

2018-05-28 13:27:28 - [TEST_STEP][PASSED] - click: Object: 'Object Repository/MOH AND GRN/Page_KDMC/a_Generate P.O' is clicked on

2018-05-28 13:27:29 - [MESSAGE][PASSED] - Object: 'Object Repository/MOH AND GRN/Page_KDMC/a_Generate P.O' is clicked on

2018-05-28 13:27:29 - [TEST_STEP][PASSED] - delay: Delayed 2 second(s)

2018-05-28 13:27:31 - [MESSAGE][PASSED] - Delayed 2 second(s)

2018-05-28 13:27:31 - [TEST_STEP][PASSED] - selectOptionByIndex: All options with index in [1] are selected on object 'Object Repository/MOH AND GRN/Page_KDMC/select_--Select--PRNO040520183'

2018-05-28 13:27:31 - [MESSAGE][PASSED] - All options with index in [1] are selected on object 'Object Repository/MOH AND GRN/Page_KDMC/select_--Select--PRNO040520183'

2018-05-28 13:27:31 - [TEST_STEP][PASSED] - selectOptionByIndex: All options with index in [2] are selected on object 'Object Repository/MOH AND GRN/Page_KDMC/select_--Select--Hamen Chandra'

2018-05-28 13:27:31 - [MESSAGE][PASSED] - All options with index in [2] are selected on object 'Object Repository/MOH AND GRN/Page_KDMC/select_--Select--Hamen Chandra'

2018-05-28 13:27:31 - [TEST_STEP][PASSED] - Statement - PONumber = com.kms.katalon.core.webui.keyword.WebUiBuiltInKeywords.getText(com.kms.katalon.core.testobject.ObjectRepository.findTestObject(MOH AND GRN/Page_KDMC/input_lblpono)).trim(): Text of object 'Object Repository/MOH AND GRN/Page_KDMC/input_lblpono' is: ''

2018-05-28 13:27:31 - [MESSAGE][PASSED] - Text of object 'Object Repository/MOH AND GRN/Page_KDMC/input_lblpono' is: ''

2018-05-28 13:27:31 - [TEST_STEP][PASSED] - Statement - PONumber1 = com.kms.katalon.core.webui.keyword.WebUiBuiltInKeywords.getAttribute(com.kms.katalon.core.testobject.ObjectRepository.findTestObject(MOH AND GRN/Page_KDMC/input_lblpono), "value").trim(): Attribute 'value' of object 'Object Repository/MOH AND GRN/Page_KDMC/input_lblpono' is: 'PO00159'

2018-05-28 13:27:31 - [MESSAGE][PASSED] - Attribute 'value' of object 'Object Repository/MOH AND GRN/Page_KDMC/input_lblpono' is: 'PO00159'

2018-05-28 13:27:31 - [TEST_STEP][PASSED] - Statement - out.println("PO NUMBER :" + PONumber): null

2018-05-28 13:27:31 - [TEST_STEP][PASSED] - Statement - out.println("PO NUMBER :" + PONumber1): null

2018-05-28 13:27:31 - [TEST_STEP][PASSED] - click: Object: 'Object Repository/MOH AND GRN/Page_KDMC/input_chkrem' is clicked on

2018-05-28 13:27:31 - [MESSAGE][PASSED] - Object: 'Object Repository/MOH AND GRN/Page_KDMC/input_chkrem' is clicked on

2018-05-28 13:27:31 - [TEST_STEP][PASSED] - scrollToElement: Scroll to object 'Object Repository/MOH AND GRN/Page_KDMC/input_btnreturn' successfully

2018-05-28 13:27:31 - [MESSAGE][PASSED] - Scroll to object 'Object Repository/MOH AND GRN/Page_KDMC/input_btnreturn' successfully

2018-05-28 13:27:31 - [TEST_STEP][PASSED] - click: Object: 'Object Repository/MOH AND GRN/Page_KDMC/input_btnreturn' is clicked on

2018-05-28 13:27:31 - [MESSAGE][PASSED] - Object: 'Object Repository/MOH AND GRN/Page_KDMC/input_btnreturn' is clicked on

2018-05-28 13:27:31 - [TEST_STEP][PASSED] - delay: Delayed 3 second(s)

2018-05-28 13:27:34 - [MESSAGE][PASSED] - Delayed 3 second(s)

2018-05-28 13:27:34 - [TEST_STEP][PASSED] - click: Object: 'Object Repository/MOH AND GRN/Page_KDMC/button_Yes' is clicked on

2018-05-28 13:27:35 - [MESSAGE][PASSED] - Object: 'Object Repository/MOH AND GRN/Page_KDMC/button_Yes' is clicked on

2018-05-28 13:27:35 - [TEST_STEP][PASSED] - delay: Delayed 3 second(s)

2018-05-28 13:27:38 - [MESSAGE][PASSED] - Delayed 3 second(s)

2018-05-28 13:27:38 - [TEST_STEP][PASSED] - click: Object: 'Object Repository/MOH AND GRN/Page_KDMC/button_OK' is clicked on

2018-05-28 13:27:38 - [MESSAGE][PASSED] - Object: 'Object Repository/MOH AND GRN/Page_KDMC/button_OK' is clicked on

2018-05-28 13:27:38 - [TEST_STEP][PASSED] - delay: Delayed 3 second(s)

2018-05-28 13:27:41 - [MESSAGE][PASSED] - Delayed 3 second(s)

2018-05-28 13:27:41 - [TEST_STEP][PASSED] - click: Object: 'Object Repository/MOH AND GRN/Page_KDMC/a_dropdown-toggle' is clicked on

2018-05-28 13:27:41 - [MESSAGE][PASSED] - Object: 'Object Repository/MOH AND GRN/Page_KDMC/a_dropdown-toggle' is clicked on

2018-05-28 13:27:41 - [TEST_STEP][PASSED] - click: Object: 'Object Repository/MOH AND GRN/Page_KDMC/a_Sign out' is clicked on

2018-05-28 13:27:43 - [MESSAGE][PASSED] - Object: 'Object Repository/MOH AND GRN/Page_KDMC/a_Sign out' is clicked on

2018-05-28 13:27:43 - [TEST_STEP][PASSED] - delay: Delayed 4 second(s)

2018-05-28 13:27:47 - [MESSAGE][PASSED] - Delayed 4 second(s)

2018-05-28 13:27:47 - [TEST_STEP][PASSED] - click: Object: 'Object Repository/MOH AND GRN/Page_KDMC/a_CMS' is clicked on

2018-05-28 13:27:48 - [MESSAGE][PASSED] - Object: 'Object Repository/MOH AND GRN/Page_KDMC/a_CMS' is clicked on

2018-05-28 13:27:48 - [TEST_STEP][PASSED] - setText: Text 'bala' is set on object 'Object Repository/MOH AND GRN/Page_CMS login/input_txtusername'

2018-05-28 13:27:48 - [MESSAGE][PASSED] - Text 'bala' is set on object 'Object Repository/MOH AND GRN/Page_CMS login/input_txtusername'

2018-05-28 13:27:48 - [TEST_STEP][PASSED] - setText: Text '123' is set on object 'Object Repository/MOH AND GRN/Page_CMS login/input_txtpassword'

2018-05-28 13:27:48 - [MESSAGE][PASSED] - Text '123' is set on object 'Object Repository/MOH AND GRN/Page_CMS login/input_txtpassword'

2018-05-28 13:27:48 - [TEST_STEP][PASSED] - delay: Delayed 3 second(s)

2018-05-28 13:27:51 - [MESSAGE][PASSED] - Delayed 3 second(s)

2018-05-28 13:27:51 - [TEST_STEP][PASSED] - click: Object: 'Object Repository/MOH AND GRN/Page_CMS login/button_Sign in' is clicked on

2018-05-28 13:27:52 - [MESSAGE][PASSED] - Object: 'Object Repository/MOH AND GRN/Page_CMS login/button_Sign in' is clicked on

2018-05-28 13:27:52 - [TEST_STEP][PASSED] - click: Object: 'Object Repository/MOH AND GRN/Page_KDMC - CMS/a_CMS Details' is clicked on

2018-05-28 13:27:52 - [MESSAGE][PASSED] - Object: 'Object Repository/MOH AND GRN/Page_KDMC - CMS/a_CMS Details' is clicked on

2018-05-28 13:27:52 - [TEST_STEP][PASSED] - delay: Delayed 2 second(s)

2018-05-28 13:27:54 - [MESSAGE][PASSED] - Delayed 2 second(s)

2018-05-28 13:27:54 - [TEST_STEP][PASSED] - click: Object: 'Object Repository/MOH AND GRN/Page_KDMC - CMS/a_Goods Receive' is clicked on

2018-05-28 13:27:54 - [MESSAGE][PASSED] - Object: 'Object Repository/MOH AND GRN/Page_KDMC - CMS/a_Goods Receive' is clicked on

2018-05-28 13:27:54 - [TEST_STEP][PASSED] - delay: Delayed 2 second(s)

2018-05-28 13:27:56 - [MESSAGE][PASSED] - Delayed 2 second(s)

2018-05-28 13:27:56 - [TEST_STEP][PASSED] - selectOptionByLabel: All options with label 'PO00159' are selected in object 'Object Repository/MOH AND GRN/Page_KDMC - CMS/select_--Select--PO0032PO0031P' 

2018-05-28 13:27:56 - [MESSAGE][PASSED] - All options with label 'PO00159' are selected in object 'Object Repository/MOH AND GRN/Page_KDMC - CMS/select_--Select--PO0032PO0031P' 

2018-05-28 13:27:56 - [TEST_STEP][PASSED] - setText: Finding Test Object with id 'Object Repository/MOH AND GRN/Page_KDMC - CMS/input_txtgrnno'

2018-05-28 13:27:56 - [TEST_STEP][PASSED] - Statement - switch (id): Text 'INV250.0' is set on object 'Object Repository/MOH AND GRN/Page_KDMC - CMS/input_txtgrnno'

2018-05-28 13:27:56 - [TEST_STEP][PASSED] - Statement - case 2:: Text 'INV250.0' is set on object 'Object Repository/MOH AND GRN/Page_KDMC - CMS/input_txtgrnno'

2018-05-28 13:27:56 - [TEST_STEP][PASSED] - Statement - return (java.lang.Math.floor((java.lang.Math.random() * ((max - min) + 1))) + min): Text 'INV250.0' is set on object 'Object Repository/MOH AND GRN/Page_KDMC - CMS/input_txtgrnno'

2018-05-28 13:27:56 - [MESSAGE][PASSED] - Text 'INV250.0' is set on object 'Object Repository/MOH AND GRN/Page_KDMC - CMS/input_txtgrnno'

2018-05-28 13:27:56 - [TEST_STEP][PASSED] - selectOptionByIndex: All options with index in [1] are selected on object 'Object Repository/MOH AND GRN/Page_KDMC - CMS/select_--Select--PERUMAL PHARM'

2018-05-28 13:27:57 - [MESSAGE][PASSED] - All options with index in [1] are selected on object 'Object Repository/MOH AND GRN/Page_KDMC - CMS/select_--Select--PERUMAL PHARM'

2018-05-28 13:27:57 - [TEST_STEP][PASSED] - setText: Text '1700' is set on object 'Object Repository/MOH AND GRN/Page_KDMC - CMS/input_txtgrnno_1'

2018-05-28 13:27:57 - [MESSAGE][PASSED] - Text '1700' is set on object 'Object Repository/MOH AND GRN/Page_KDMC - CMS/input_txtgrnno_1'

2018-05-28 13:27:57 - [TEST_STEP][PASSED] - setText: Text '560' is set on object 'Object Repository/MOH AND GRN/Page_KDMC - CMS/input_txtgrnno_2'

2018-05-28 13:27:57 - [MESSAGE][PASSED] - Text '560' is set on object 'Object Repository/MOH AND GRN/Page_KDMC - CMS/input_txtgrnno_2'

2018-05-28 13:27:57 - [TEST_STEP][PASSED] - setText: Finding Test Object with id 'Object Repository/MOH AND GRN/Page_KDMC - CMS/input_txtgrnno_3'

2018-05-28 13:27:57 - [TEST_STEP][PASSED] - Statement - switch (id): Text 'CH369.0' is set on object 'Object Repository/MOH AND GRN/Page_KDMC - CMS/input_txtgrnno_3'

2018-05-28 13:27:57 - [TEST_STEP][PASSED] - Statement - case 3:: Text 'CH369.0' is set on object 'Object Repository/MOH AND GRN/Page_KDMC - CMS/input_txtgrnno_3'

2018-05-28 13:27:57 - [TEST_STEP][PASSED] - Statement - return (java.lang.Math.floor((java.lang.Math.random() * ((max - min) + 1))) + min): Text 'CH369.0' is set on object 'Object Repository/MOH AND GRN/Page_KDMC - CMS/input_txtgrnno_3'

2018-05-28 13:27:57 - [MESSAGE][PASSED] - Text 'CH369.0' is set on object 'Object Repository/MOH AND GRN/Page_KDMC - CMS/input_txtgrnno_3'

2018-05-28 13:27:57 - [TEST_STEP][PASSED] - scrollToPosition: Browser is scrolled to position x = 200, y = 200

2018-05-28 13:27:57 - [MESSAGE][PASSED] - Browser is scrolled to position x = 200, y = 200

2018-05-28 13:27:57 - [TEST_STEP][PASSED] - Statement - GrnLength = com.kms.katalon.core.webui.keyword.WebUiBuiltInKeywords.getNumberOfTotalOption(com.kms.katalon.core.testobject.ObjectRepository.findTestObject(MOH AND GRN/Page_KDMC - CMS/select_--Select--Amikacin -500)): 16 options of object 'Object Repository/MOH AND GRN/Page_KDMC - CMS/select_--Select--Amikacin -500' counted

2018-05-28 13:27:57 - [MESSAGE][PASSED] - 16 options of object 'Object Repository/MOH AND GRN/Page_KDMC - CMS/select_--Select--Amikacin -500' counted

2018-05-28 13:27:57 - [TEST_STEP][PASSED] - Statement - out.println("Length OF The Medicine " + GrnLength): null

2018-05-28 13:27:57 - [TEST_STEP][PASSED] - Statement - s = 1: null

2018-05-28 13:27:57 - [TEST_STEP][PASSED] - Statement - For ([t = 1, t < GrnLength, (t++)]): Finding Test Object with id 'Object Repository/MOH AND GRN/Page_KDMC - CMS/input_txtmrp'

2018-05-28 13:27:57 - [TEST_STEP][PASSED] - selectOptionByIndex: All options with index in [1] are selected on object 'Object Repository/MOH AND GRN/Page_KDMC - CMS/select_--Select--Amikacin -500'

2018-05-28 13:27:57 - [MESSAGE][PASSED] - All options with index in [1] are selected on object 'Object Repository/MOH AND GRN/Page_KDMC - CMS/select_--Select--Amikacin -500'

2018-05-28 13:27:57 - [TEST_STEP][PASSED] - setText: Text '5000' is set on object 'Object Repository/MOH AND GRN/Page_KDMC - CMS/input_txtqty'

2018-05-28 13:27:57 - [MESSAGE][PASSED] - Text '5000' is set on object 'Object Repository/MOH AND GRN/Page_KDMC - CMS/input_txtqty'

2018-05-28 13:27:57 - [TEST_STEP][PASSED] - selectOptionByIndex: All options with index in [1] are selected on object 'Object Repository/MOH AND GRN/Page_KDMC - CMS/select_--Select--No Tax0'

2018-05-28 13:27:57 - [MESSAGE][PASSED] - All options with index in [1] are selected on object 'Object Repository/MOH AND GRN/Page_KDMC - CMS/select_--Select--No Tax0'

2018-05-28 13:27:57 - [TEST_STEP][PASSED] - setText: Finding Test Object with id 'Object Repository/MOH AND GRN/Page_KDMC - CMS/input_txtmrp'

2018-05-28 13:27:57 - [TEST_STEP][PASSED] - Statement - switch (id): Finding Test Object with id 'Object Repository/MOH AND GRN/Page_KDMC - CMS/input_txtdeal'

2018-05-28 13:27:57 - [TEST_STEP][PASSED] - Statement - case 4:: Text '25.0' is set on object 'Object Repository/MOH AND GRN/Page_KDMC - CMS/input_txtmrp'

2018-05-28 13:27:57 - [TEST_STEP][PASSED] - Statement - return (java.lang.Math.floor((java.lang.Math.random() * ((max - min) + 1))) + min): Text '25.0' is set on object 'Object Repository/MOH AND GRN/Page_KDMC - CMS/input_txtmrp'

2018-05-28 13:27:58 - [MESSAGE][PASSED] - Text '25.0' is set on object 'Object Repository/MOH AND GRN/Page_KDMC - CMS/input_txtmrp'

2018-05-28 13:27:58 - [TEST_STEP][PASSED] - setText: Finding Test Object with id 'Object Repository/MOH AND GRN/Page_KDMC - CMS/input_txtdeal'

2018-05-28 13:27:58 - [TEST_STEP][PASSED] - Statement - switch (id): Finding Test Object with id 'Object Repository/MOH AND GRN/Page_KDMC - CMS/input_txtbatchno'

2018-05-28 13:27:58 - [TEST_STEP][PASSED] - Statement - case 5:: Text '12.0' is set on object 'Object Repository/MOH AND GRN/Page_KDMC - CMS/input_txtdeal'

2018-05-28 13:27:58 - [TEST_STEP][PASSED] - Statement - return (java.lang.Math.floor((java.lang.Math.random() * ((max - min) + 1))) + min): Text '12.0' is set on object 'Object Repository/MOH AND GRN/Page_KDMC - CMS/input_txtdeal'

2018-05-28 13:27:58 - [MESSAGE][PASSED] - Text '12.0' is set on object 'Object Repository/MOH AND GRN/Page_KDMC - CMS/input_txtdeal'

2018-05-28 13:27:58 - [TEST_STEP][PASSED] - setText: Finding Test Object with id 'Object Repository/MOH AND GRN/Page_KDMC - CMS/input_txtbatchno'

2018-05-28 13:27:58 - [TEST_STEP][PASSED] - Statement - switch (id): Finding Test Object with id 'Object Repository/MOH AND GRN/Page_KDMC - CMS/input_txtmrp'

2018-05-28 13:27:58 - [TEST_STEP][PASSED] - Statement - case 1:: Text 'BA520.0' is set on object 'Object Repository/MOH AND GRN/Page_KDMC - CMS/input_txtbatchno'

2018-05-28 13:27:58 - [TEST_STEP][PASSED] - Statement - return (java.lang.Math.floor((java.lang.Math.random() * ((max - min) + 1))) + min): Text 'BA520.0' is set on object 'Object Repository/MOH AND GRN/Page_KDMC - CMS/input_txtbatchno'

2018-05-28 13:27:58 - [MESSAGE][PASSED] - Text 'BA520.0' is set on object 'Object Repository/MOH AND GRN/Page_KDMC - CMS/input_txtbatchno'

2018-05-28 13:27:58 - [TEST_STEP][PASSED] - rightClick: Object: 'Object Repository/GRN/Page_KDMC - CMS/input_txtexpdate' is right clicked on

2018-05-28 13:27:58 - [MESSAGE][PASSED] - Object: 'Object Repository/GRN/Page_KDMC - CMS/input_txtexpdate' is right clicked on

2018-05-28 13:27:58 - [TEST_STEP][PASSED] - selectOptionByIndex: All options with index in [1] are selected on object 'Object Repository/GRN/Page_KDMC - CMS/select_20182019202020212022202'

2018-05-28 13:27:58 - [MESSAGE][PASSED] - All options with index in [1] are selected on object 'Object Repository/GRN/Page_KDMC - CMS/select_20182019202020212022202'

2018-05-28 13:27:58 - [TEST_STEP][PASSED] - selectOptionByIndex: All options with index in [1] are selected on object 'Object Repository/GRN/Page_KDMC - CMS/select_JanFebMarAprMayJunJulAu'

2018-05-28 13:27:58 - [MESSAGE][PASSED] - All options with index in [1] are selected on object 'Object Repository/GRN/Page_KDMC - CMS/select_JanFebMarAprMayJunJulAu'

2018-05-28 13:27:58 - [TEST_STEP][PASSED] - click: Object: 'Object Repository/MOH AND GRN/Page_KDMC - CMS/a_12' is clicked on

2018-05-28 13:27:58 - [MESSAGE][PASSED] - Object: 'Object Repository/MOH AND GRN/Page_KDMC - CMS/a_12' is clicked on

2018-05-28 13:27:58 - [TEST_STEP][PASSED] - click: Object: 'Object Repository/MOH AND GRN/Page_KDMC - CMS/input_btnadd' is clicked on

2018-05-28 13:27:58 - [MESSAGE][PASSED] - Object: 'Object Repository/MOH AND GRN/Page_KDMC - CMS/input_btnadd' is clicked on

2018-05-28 13:27:58 - [TEST_STEP][PASSED] - Statement - If (s == 10): null

2018-05-28 13:27:58 - [TEST_STEP][PASSED] - Statement - Else: null

2018-05-28 13:27:58 - [TEST_STEP][PASSED] - Statement - (s++): null

2018-05-28 13:27:58 - [TEST_STEP][PASSED] - delay: Delayed 1 second(s)

2018-05-28 13:27:59 - [MESSAGE][PASSED] - Delayed 1 second(s)

2018-05-28 13:27:59 - [TEST_STEP][PASSED] - selectOptionByIndex: All options with index in [2] are selected on object 'Object Repository/MOH AND GRN/Page_KDMC - CMS/select_--Select--Amikacin -500'

2018-05-28 13:28:00 - [MESSAGE][PASSED] - All options with index in [2] are selected on object 'Object Repository/MOH AND GRN/Page_KDMC - CMS/select_--Select--Amikacin -500'

2018-05-28 13:28:00 - [TEST_STEP][PASSED] - setText: Text '5000' is set on object 'Object Repository/MOH AND GRN/Page_KDMC - CMS/input_txtqty'

2018-05-28 13:28:00 - [MESSAGE][PASSED] - Text '5000' is set on object 'Object Repository/MOH AND GRN/Page_KDMC - CMS/input_txtqty'

2018-05-28 13:28:00 - [TEST_STEP][PASSED] - selectOptionByIndex: All options with index in [1] are selected on object 'Object Repository/MOH AND GRN/Page_KDMC - CMS/select_--Select--No Tax0'

2018-05-28 13:28:00 - [MESSAGE][PASSED] - All options with index in [1] are selected on object 'Object Repository/MOH AND GRN/Page_KDMC - CMS/select_--Select--No Tax0'

2018-05-28 13:28:00 - [TEST_STEP][PASSED] - setText: Finding Test Object with id 'Object Repository/MOH AND GRN/Page_KDMC - CMS/input_txtmrp'

2018-05-28 13:28:00 - [TEST_STEP][PASSED] - Statement - switch (id): Finding Test Object with id 'Object Repository/MOH AND GRN/Page_KDMC - CMS/input_txtdeal'

2018-05-28 13:28:00 - [TEST_STEP][PASSED] - Statement - case 4:: Text '41.0' is set on object 'Object Repository/MOH AND GRN/Page_KDMC - CMS/input_txtmrp'

2018-05-28 13:28:00 - [TEST_STEP][PASSED] - Statement - return (java.lang.Math.floor((java.lang.Math.random() * ((max - min) + 1))) + min): Text '41.0' is set on object 'Object Repository/MOH AND GRN/Page_KDMC - CMS/input_txtmrp'

2018-05-28 13:28:00 - [MESSAGE][PASSED] - Text '41.0' is set on object 'Object Repository/MOH AND GRN/Page_KDMC - CMS/input_txtmrp'

2018-05-28 13:28:00 - [TEST_STEP][PASSED] - setText: Finding Test Object with id 'Object Repository/MOH AND GRN/Page_KDMC - CMS/input_txtdeal'

2018-05-28 13:28:00 - [TEST_STEP][PASSED] - Statement - switch (id): Finding Test Object with id 'Object Repository/MOH AND GRN/Page_KDMC - CMS/input_txtbatchno'

2018-05-28 13:28:00 - [TEST_STEP][PASSED] - Statement - case 5:: Text '8.0' is set on object 'Object Repository/MOH AND GRN/Page_KDMC - CMS/input_txtdeal'

2018-05-28 13:28:00 - [TEST_STEP][PASSED] - Statement - return (java.lang.Math.floor((java.lang.Math.random() * ((max - min) + 1))) + min): Text '8.0' is set on object 'Object Repository/MOH AND GRN/Page_KDMC - CMS/input_txtdeal'

2018-05-28 13:28:00 - [MESSAGE][PASSED] - Text '8.0' is set on object 'Object Repository/MOH AND GRN/Page_KDMC - CMS/input_txtdeal'

2018-05-28 13:28:00 - [TEST_STEP][PASSED] - setText: Finding Test Object with id 'Object Repository/MOH AND GRN/Page_KDMC - CMS/input_txtbatchno'

2018-05-28 13:28:00 - [TEST_STEP][PASSED] - Statement - switch (id): Finding Test Object with id 'Object Repository/MOH AND GRN/Page_KDMC - CMS/input_txtmrp'

2018-05-28 13:28:00 - [TEST_STEP][PASSED] - Statement - case 1:: Text 'BA713.0' is set on object 'Object Repository/MOH AND GRN/Page_KDMC - CMS/input_txtbatchno'

2018-05-28 13:28:00 - [TEST_STEP][PASSED] - Statement - return (java.lang.Math.floor((java.lang.Math.random() * ((max - min) + 1))) + min): Text 'BA713.0' is set on object 'Object Repository/MOH AND GRN/Page_KDMC - CMS/input_txtbatchno'

2018-05-28 13:28:00 - [MESSAGE][PASSED] - Text 'BA713.0' is set on object 'Object Repository/MOH AND GRN/Page_KDMC - CMS/input_txtbatchno'

2018-05-28 13:28:00 - [TEST_STEP][PASSED] - rightClick: Object: 'Object Repository/GRN/Page_KDMC - CMS/input_txtexpdate' is right clicked on

2018-05-28 13:28:00 - [MESSAGE][PASSED] - Object: 'Object Repository/GRN/Page_KDMC - CMS/input_txtexpdate' is right clicked on

2018-05-28 13:28:00 - [TEST_STEP][PASSED] - selectOptionByIndex: All options with index in [2] are selected on object 'Object Repository/GRN/Page_KDMC - CMS/select_20182019202020212022202'

2018-05-28 13:28:00 - [MESSAGE][PASSED] - All options with index in [2] are selected on object 'Object Repository/GRN/Page_KDMC - CMS/select_20182019202020212022202'

2018-05-28 13:28:00 - [TEST_STEP][PASSED] - selectOptionByIndex: All options with index in [2] are selected on object 'Object Repository/GRN/Page_KDMC - CMS/select_JanFebMarAprMayJunJulAu'

2018-05-28 13:28:00 - [MESSAGE][PASSED] - All options with index in [2] are selected on object 'Object Repository/GRN/Page_KDMC - CMS/select_JanFebMarAprMayJunJulAu'

2018-05-28 13:28:00 - [TEST_STEP][PASSED] - click: Object: 'Object Repository/MOH AND GRN/Page_KDMC - CMS/a_12' is clicked on

2018-05-28 13:28:01 - [MESSAGE][PASSED] - Object: 'Object Repository/MOH AND GRN/Page_KDMC - CMS/a_12' is clicked on

2018-05-28 13:28:01 - [TEST_STEP][PASSED] - click: Object: 'Object Repository/MOH AND GRN/Page_KDMC - CMS/input_btnadd' is clicked on

2018-05-28 13:28:01 - [MESSAGE][PASSED] - Object: 'Object Repository/MOH AND GRN/Page_KDMC - CMS/input_btnadd' is clicked on

2018-05-28 13:28:01 - [TEST_STEP][PASSED] - Statement - If (s == 10): null

2018-05-28 13:28:01 - [TEST_STEP][PASSED] - Statement - Else: null

2018-05-28 13:28:01 - [TEST_STEP][PASSED] - Statement - (s++): null

2018-05-28 13:28:01 - [TEST_STEP][PASSED] - delay: Delayed 1 second(s)

2018-05-28 13:28:02 - [MESSAGE][PASSED] - Delayed 1 second(s)

2018-05-28 13:28:02 - [TEST_STEP][PASSED] - selectOptionByIndex: All options with index in [3] are selected on object 'Object Repository/MOH AND GRN/Page_KDMC - CMS/select_--Select--Amikacin -500'

2018-05-28 13:28:02 - [MESSAGE][PASSED] - All options with index in [3] are selected on object 'Object Repository/MOH AND GRN/Page_KDMC - CMS/select_--Select--Amikacin -500'

2018-05-28 13:28:02 - [TEST_STEP][PASSED] - setText: Text '5000' is set on object 'Object Repository/MOH AND GRN/Page_KDMC - CMS/input_txtqty'

2018-05-28 13:28:02 - [MESSAGE][PASSED] - Text '5000' is set on object 'Object Repository/MOH AND GRN/Page_KDMC - CMS/input_txtqty'

2018-05-28 13:28:02 - [TEST_STEP][PASSED] - selectOptionByIndex: All options with index in [1] are selected on object 'Object Repository/MOH AND GRN/Page_KDMC - CMS/select_--Select--No Tax0'

2018-05-28 13:28:02 - [MESSAGE][PASSED] - All options with index in [1] are selected on object 'Object Repository/MOH AND GRN/Page_KDMC - CMS/select_--Select--No Tax0'

2018-05-28 13:28:02 - [TEST_STEP][PASSED] - setText: Finding Test Object with id 'Object Repository/MOH AND GRN/Page_KDMC - CMS/input_txtmrp'

2018-05-28 13:28:02 - [TEST_STEP][PASSED] - Statement - switch (id): Finding Test Object with id 'Object Repository/MOH AND GRN/Page_KDMC - CMS/input_txtdeal'

2018-05-28 13:28:02 - [TEST_STEP][PASSED] - Statement - case 4:: Text '20.0' is set on object 'Object Repository/MOH AND GRN/Page_KDMC - CMS/input_txtmrp'

2018-05-28 13:28:02 - [TEST_STEP][PASSED] - Statement - return (java.lang.Math.floor((java.lang.Math.random() * ((max - min) + 1))) + min): Text '20.0' is set on object 'Object Repository/MOH AND GRN/Page_KDMC - CMS/input_txtmrp'

2018-05-28 13:28:02 - [MESSAGE][PASSED] - Text '20.0' is set on object 'Object Repository/MOH AND GRN/Page_KDMC - CMS/input_txtmrp'

2018-05-28 13:28:02 - [TEST_STEP][PASSED] - setText: Finding Test Object with id 'Object Repository/MOH AND GRN/Page_KDMC - CMS/input_txtdeal'

2018-05-28 13:28:02 - [TEST_STEP][PASSED] - Statement - switch (id): Finding Test Object with id 'Object Repository/MOH AND GRN/Page_KDMC - CMS/input_txtbatchno'

2018-05-28 13:28:02 - [TEST_STEP][PASSED] - Statement - case 5:: Text '7.0' is set on object 'Object Repository/MOH AND GRN/Page_KDMC - CMS/input_txtdeal'

2018-05-28 13:28:02 - [TEST_STEP][PASSED] - Statement - return (java.lang.Math.floor((java.lang.Math.random() * ((max - min) + 1))) + min): Text '7.0' is set on object 'Object Repository/MOH AND GRN/Page_KDMC - CMS/input_txtdeal'

2018-05-28 13:28:02 - [MESSAGE][PASSED] - Text '7.0' is set on object 'Object Repository/MOH AND GRN/Page_KDMC - CMS/input_txtdeal'

2018-05-28 13:28:02 - [TEST_STEP][PASSED] - setText: Finding Test Object with id 'Object Repository/MOH AND GRN/Page_KDMC - CMS/input_txtbatchno'

2018-05-28 13:28:02 - [TEST_STEP][PASSED] - Statement - switch (id): Finding Test Object with id 'Object Repository/MOH AND GRN/Page_KDMC - CMS/input_txtmrp'

2018-05-28 13:28:02 - [TEST_STEP][PASSED] - Statement - case 1:: Text 'BA477.0' is set on object 'Object Repository/MOH AND GRN/Page_KDMC - CMS/input_txtbatchno'

2018-05-28 13:28:02 - [TEST_STEP][PASSED] - Statement - return (java.lang.Math.floor((java.lang.Math.random() * ((max - min) + 1))) + min): Text 'BA477.0' is set on object 'Object Repository/MOH AND GRN/Page_KDMC - CMS/input_txtbatchno'

2018-05-28 13:28:02 - [MESSAGE][PASSED] - Text 'BA477.0' is set on object 'Object Repository/MOH AND GRN/Page_KDMC - CMS/input_txtbatchno'

2018-05-28 13:28:02 - [TEST_STEP][PASSED] - rightClick: Object: 'Object Repository/GRN/Page_KDMC - CMS/input_txtexpdate' is right clicked on

2018-05-28 13:28:02 - [MESSAGE][PASSED] - Object: 'Object Repository/GRN/Page_KDMC - CMS/input_txtexpdate' is right clicked on

2018-05-28 13:28:02 - [TEST_STEP][PASSED] - selectOptionByIndex: All options with index in [3] are selected on object 'Object Repository/GRN/Page_KDMC - CMS/select_20182019202020212022202'

2018-05-28 13:28:03 - [MESSAGE][PASSED] - All options with index in [3] are selected on object 'Object Repository/GRN/Page_KDMC - CMS/select_20182019202020212022202'

2018-05-28 13:28:03 - [TEST_STEP][PASSED] - selectOptionByIndex: All options with index in [3] are selected on object 'Object Repository/GRN/Page_KDMC - CMS/select_JanFebMarAprMayJunJulAu'

2018-05-28 13:28:03 - [MESSAGE][PASSED] - All options with index in [3] are selected on object 'Object Repository/GRN/Page_KDMC - CMS/select_JanFebMarAprMayJunJulAu'

2018-05-28 13:28:03 - [TEST_STEP][PASSED] - click: Object: 'Object Repository/MOH AND GRN/Page_KDMC - CMS/a_12' is clicked on

2018-05-28 13:28:03 - [MESSAGE][PASSED] - Object: 'Object Repository/MOH AND GRN/Page_KDMC - CMS/a_12' is clicked on

2018-05-28 13:28:03 - [TEST_STEP][PASSED] - click: Object: 'Object Repository/MOH AND GRN/Page_KDMC - CMS/input_btnadd' is clicked on

2018-05-28 13:28:03 - [MESSAGE][PASSED] - Object: 'Object Repository/MOH AND GRN/Page_KDMC - CMS/input_btnadd' is clicked on

2018-05-28 13:28:03 - [TEST_STEP][PASSED] - Statement - If (s == 10): null

2018-05-28 13:28:03 - [TEST_STEP][PASSED] - Statement - Else: null

2018-05-28 13:28:03 - [TEST_STEP][PASSED] - Statement - (s++): null

2018-05-28 13:28:03 - [TEST_STEP][PASSED] - delay: Delayed 1 second(s)

2018-05-28 13:28:04 - [MESSAGE][PASSED] - Delayed 1 second(s)

2018-05-28 13:28:04 - [TEST_STEP][PASSED] - selectOptionByIndex: All options with index in [4] are selected on object 'Object Repository/MOH AND GRN/Page_KDMC - CMS/select_--Select--Amikacin -500'

2018-05-28 13:28:04 - [MESSAGE][PASSED] - All options with index in [4] are selected on object 'Object Repository/MOH AND GRN/Page_KDMC - CMS/select_--Select--Amikacin -500'

2018-05-28 13:28:04 - [TEST_STEP][PASSED] - setText: Text '5000' is set on object 'Object Repository/MOH AND GRN/Page_KDMC - CMS/input_txtqty'

2018-05-28 13:28:04 - [MESSAGE][PASSED] - Text '5000' is set on object 'Object Repository/MOH AND GRN/Page_KDMC - CMS/input_txtqty'

2018-05-28 13:28:04 - [TEST_STEP][PASSED] - selectOptionByIndex: All options with index in [1] are selected on object 'Object Repository/MOH AND GRN/Page_KDMC - CMS/select_--Select--No Tax0'

2018-05-28 13:28:04 - [MESSAGE][PASSED] - All options with index in [1] are selected on object 'Object Repository/MOH AND GRN/Page_KDMC - CMS/select_--Select--No Tax0'

2018-05-28 13:28:04 - [TEST_STEP][PASSED] - setText: Finding Test Object with id 'Object Repository/MOH AND GRN/Page_KDMC - CMS/input_txtmrp'

2018-05-28 13:28:04 - [TEST_STEP][PASSED] - Statement - switch (id): Finding Test Object with id 'Object Repository/MOH AND GRN/Page_KDMC - CMS/input_txtdeal'

2018-05-28 13:28:04 - [TEST_STEP][PASSED] - Statement - case 4:: Text '28.0' is set on object 'Object Repository/MOH AND GRN/Page_KDMC - CMS/input_txtmrp'

2018-05-28 13:28:04 - [TEST_STEP][PASSED] - Statement - return (java.lang.Math.floor((java.lang.Math.random() * ((max - min) + 1))) + min): Text '28.0' is set on object 'Object Repository/MOH AND GRN/Page_KDMC - CMS/input_txtmrp'

2018-05-28 13:28:04 - [MESSAGE][PASSED] - Text '28.0' is set on object 'Object Repository/MOH AND GRN/Page_KDMC - CMS/input_txtmrp'

2018-05-28 13:28:04 - [TEST_STEP][PASSED] - setText: Finding Test Object with id 'Object Repository/MOH AND GRN/Page_KDMC - CMS/input_txtdeal'

2018-05-28 13:28:04 - [TEST_STEP][PASSED] - Statement - switch (id): Finding Test Object with id 'Object Repository/MOH AND GRN/Page_KDMC - CMS/input_txtbatchno'

2018-05-28 13:28:04 - [TEST_STEP][PASSED] - Statement - case 5:: Text '5.0' is set on object 'Object Repository/MOH AND GRN/Page_KDMC - CMS/input_txtdeal'

2018-05-28 13:28:04 - [TEST_STEP][PASSED] - Statement - return (java.lang.Math.floor((java.lang.Math.random() * ((max - min) + 1))) + min): Text '5.0' is set on object 'Object Repository/MOH AND GRN/Page_KDMC - CMS/input_txtdeal'

2018-05-28 13:28:04 - [MESSAGE][PASSED] - Text '5.0' is set on object 'Object Repository/MOH AND GRN/Page_KDMC - CMS/input_txtdeal'

2018-05-28 13:28:04 - [TEST_STEP][PASSED] - setText: Finding Test Object with id 'Object Repository/MOH AND GRN/Page_KDMC - CMS/input_txtbatchno'

2018-05-28 13:28:04 - [TEST_STEP][PASSED] - Statement - switch (id): Finding Test Object with id 'Object Repository/MOH AND GRN/Page_KDMC - CMS/input_txtmrp'

2018-05-28 13:28:04 - [TEST_STEP][PASSED] - Statement - case 1:: Text 'BA313.0' is set on object 'Object Repository/MOH AND GRN/Page_KDMC - CMS/input_txtbatchno'

2018-05-28 13:28:04 - [TEST_STEP][PASSED] - Statement - return (java.lang.Math.floor((java.lang.Math.random() * ((max - min) + 1))) + min): Text 'BA313.0' is set on object 'Object Repository/MOH AND GRN/Page_KDMC - CMS/input_txtbatchno'

2018-05-28 13:28:05 - [MESSAGE][PASSED] - Text 'BA313.0' is set on object 'Object Repository/MOH AND GRN/Page_KDMC - CMS/input_txtbatchno'

2018-05-28 13:28:05 - [TEST_STEP][PASSED] - rightClick: Object: 'Object Repository/GRN/Page_KDMC - CMS/input_txtexpdate' is right clicked on

2018-05-28 13:28:05 - [MESSAGE][PASSED] - Object: 'Object Repository/GRN/Page_KDMC - CMS/input_txtexpdate' is right clicked on

2018-05-28 13:28:05 - [TEST_STEP][PASSED] - selectOptionByIndex: All options with index in [4] are selected on object 'Object Repository/GRN/Page_KDMC - CMS/select_20182019202020212022202'

2018-05-28 13:28:05 - [MESSAGE][PASSED] - All options with index in [4] are selected on object 'Object Repository/GRN/Page_KDMC - CMS/select_20182019202020212022202'

2018-05-28 13:28:05 - [TEST_STEP][PASSED] - selectOptionByIndex: All options with index in [4] are selected on object 'Object Repository/GRN/Page_KDMC - CMS/select_JanFebMarAprMayJunJulAu'

2018-05-28 13:28:05 - [MESSAGE][PASSED] - All options with index in [4] are selected on object 'Object Repository/GRN/Page_KDMC - CMS/select_JanFebMarAprMayJunJulAu'

2018-05-28 13:28:05 - [TEST_STEP][PASSED] - click: Object: 'Object Repository/MOH AND GRN/Page_KDMC - CMS/a_12' is clicked on

2018-05-28 13:28:05 - [MESSAGE][PASSED] - Object: 'Object Repository/MOH AND GRN/Page_KDMC - CMS/a_12' is clicked on

2018-05-28 13:28:05 - [TEST_STEP][PASSED] - click: Object: 'Object Repository/MOH AND GRN/Page_KDMC - CMS/input_btnadd' is clicked on

2018-05-28 13:28:05 - [MESSAGE][PASSED] - Object: 'Object Repository/MOH AND GRN/Page_KDMC - CMS/input_btnadd' is clicked on

2018-05-28 13:28:05 - [TEST_STEP][PASSED] - Statement - If (s == 10): null

2018-05-28 13:28:05 - [TEST_STEP][PASSED] - Statement - Else: null

2018-05-28 13:28:05 - [TEST_STEP][PASSED] - Statement - (s++): null

2018-05-28 13:28:05 - [TEST_STEP][PASSED] - delay: Delayed 1 second(s)

2018-05-28 13:28:06 - [MESSAGE][PASSED] - Delayed 1 second(s)

2018-05-28 13:28:06 - [TEST_STEP][PASSED] - selectOptionByIndex: All options with index in [5] are selected on object 'Object Repository/MOH AND GRN/Page_KDMC - CMS/select_--Select--Amikacin -500'

2018-05-28 13:28:06 - [MESSAGE][PASSED] - All options with index in [5] are selected on object 'Object Repository/MOH AND GRN/Page_KDMC - CMS/select_--Select--Amikacin -500'

2018-05-28 13:28:06 - [TEST_STEP][PASSED] - setText: Text '5000' is set on object 'Object Repository/MOH AND GRN/Page_KDMC - CMS/input_txtqty'

2018-05-28 13:28:06 - [MESSAGE][PASSED] - Text '5000' is set on object 'Object Repository/MOH AND GRN/Page_KDMC - CMS/input_txtqty'

2018-05-28 13:28:06 - [TEST_STEP][PASSED] - selectOptionByIndex: All options with index in [1] are selected on object 'Object Repository/MOH AND GRN/Page_KDMC - CMS/select_--Select--No Tax0'

2018-05-28 13:28:06 - [MESSAGE][PASSED] - All options with index in [1] are selected on object 'Object Repository/MOH AND GRN/Page_KDMC - CMS/select_--Select--No Tax0'

2018-05-28 13:28:06 - [TEST_STEP][PASSED] - setText: Finding Test Object with id 'Object Repository/MOH AND GRN/Page_KDMC - CMS/input_txtmrp'

2018-05-28 13:28:06 - [TEST_STEP][PASSED] - Statement - switch (id): Finding Test Object with id 'Object Repository/MOH AND GRN/Page_KDMC - CMS/input_txtdeal'

2018-05-28 13:28:06 - [TEST_STEP][PASSED] - Statement - case 4:: Text '22.0' is set on object 'Object Repository/MOH AND GRN/Page_KDMC - CMS/input_txtmrp'

2018-05-28 13:28:06 - [TEST_STEP][PASSED] - Statement - return (java.lang.Math.floor((java.lang.Math.random() * ((max - min) + 1))) + min): Text '22.0' is set on object 'Object Repository/MOH AND GRN/Page_KDMC - CMS/input_txtmrp'

2018-05-28 13:28:07 - [MESSAGE][PASSED] - Text '22.0' is set on object 'Object Repository/MOH AND GRN/Page_KDMC - CMS/input_txtmrp'

2018-05-28 13:28:07 - [TEST_STEP][PASSED] - setText: Finding Test Object with id 'Object Repository/MOH AND GRN/Page_KDMC - CMS/input_txtdeal'

2018-05-28 13:28:07 - [TEST_STEP][PASSED] - Statement - switch (id): Finding Test Object with id 'Object Repository/MOH AND GRN/Page_KDMC - CMS/input_txtbatchno'

2018-05-28 13:28:07 - [TEST_STEP][PASSED] - Statement - case 5:: Text '9.0' is set on object 'Object Repository/MOH AND GRN/Page_KDMC - CMS/input_txtdeal'

2018-05-28 13:28:07 - [TEST_STEP][PASSED] - Statement - return (java.lang.Math.floor((java.lang.Math.random() * ((max - min) + 1))) + min): Text '9.0' is set on object 'Object Repository/MOH AND GRN/Page_KDMC - CMS/input_txtdeal'

2018-05-28 13:28:07 - [MESSAGE][PASSED] - Text '9.0' is set on object 'Object Repository/MOH AND GRN/Page_KDMC - CMS/input_txtdeal'

2018-05-28 13:28:07 - [TEST_STEP][PASSED] - setText: Finding Test Object with id 'Object Repository/MOH AND GRN/Page_KDMC - CMS/input_txtbatchno'

2018-05-28 13:28:07 - [TEST_STEP][PASSED] - Statement - switch (id): Finding Test Object with id 'Object Repository/MOH AND GRN/Page_KDMC - CMS/input_txtmrp'

2018-05-28 13:28:07 - [TEST_STEP][PASSED] - Statement - case 1:: Text 'BA29.0' is set on object 'Object Repository/MOH AND GRN/Page_KDMC - CMS/input_txtbatchno'

2018-05-28 13:28:07 - [TEST_STEP][PASSED] - Statement - return (java.lang.Math.floor((java.lang.Math.random() * ((max - min) + 1))) + min): Text 'BA29.0' is set on object 'Object Repository/MOH AND GRN/Page_KDMC - CMS/input_txtbatchno'

2018-05-28 13:28:07 - [MESSAGE][PASSED] - Text 'BA29.0' is set on object 'Object Repository/MOH AND GRN/Page_KDMC - CMS/input_txtbatchno'

2018-05-28 13:28:07 - [TEST_STEP][PASSED] - rightClick: Object: 'Object Repository/GRN/Page_KDMC - CMS/input_txtexpdate' is right clicked on

2018-05-28 13:28:07 - [MESSAGE][PASSED] - Object: 'Object Repository/GRN/Page_KDMC - CMS/input_txtexpdate' is right clicked on

2018-05-28 13:28:07 - [TEST_STEP][PASSED] - selectOptionByIndex: All options with index in [5] are selected on object 'Object Repository/GRN/Page_KDMC - CMS/select_20182019202020212022202'

2018-05-28 13:28:07 - [MESSAGE][PASSED] - All options with index in [5] are selected on object 'Object Repository/GRN/Page_KDMC - CMS/select_20182019202020212022202'

2018-05-28 13:28:07 - [TEST_STEP][PASSED] - selectOptionByIndex: All options with index in [5] are selected on object 'Object Repository/GRN/Page_KDMC - CMS/select_JanFebMarAprMayJunJulAu'

2018-05-28 13:28:07 - [MESSAGE][PASSED] - All options with index in [5] are selected on object 'Object Repository/GRN/Page_KDMC - CMS/select_JanFebMarAprMayJunJulAu'

2018-05-28 13:28:07 - [TEST_STEP][PASSED] - click: Object: 'Object Repository/MOH AND GRN/Page_KDMC - CMS/a_12' is clicked on

2018-05-28 13:28:07 - [MESSAGE][PASSED] - Object: 'Object Repository/MOH AND GRN/Page_KDMC - CMS/a_12' is clicked on

2018-05-28 13:28:07 - [TEST_STEP][PASSED] - click: Object: 'Object Repository/MOH AND GRN/Page_KDMC - CMS/input_btnadd' is clicked on

2018-05-28 13:28:07 - [MESSAGE][PASSED] - Object: 'Object Repository/MOH AND GRN/Page_KDMC - CMS/input_btnadd' is clicked on

2018-05-28 13:28:07 - [TEST_STEP][PASSED] - Statement - If (s == 10): null

2018-05-28 13:28:07 - [TEST_STEP][PASSED] - Statement - Else: null

2018-05-28 13:28:07 - [TEST_STEP][PASSED] - Statement - (s++): null

2018-05-28 13:28:07 - [TEST_STEP][PASSED] - delay: Delayed 1 second(s)

2018-05-28 13:28:08 - [MESSAGE][PASSED] - Delayed 1 second(s)

2018-05-28 13:28:08 - [TEST_STEP][PASSED] - selectOptionByIndex: All options with index in [6] are selected on object 'Object Repository/MOH AND GRN/Page_KDMC - CMS/select_--Select--Amikacin -500'

2018-05-28 13:28:09 - [MESSAGE][PASSED] - All options with index in [6] are selected on object 'Object Repository/MOH AND GRN/Page_KDMC - CMS/select_--Select--Amikacin -500'

2018-05-28 13:28:09 - [TEST_STEP][PASSED] - setText: Text '5000' is set on object 'Object Repository/MOH AND GRN/Page_KDMC - CMS/input_txtqty'

2018-05-28 13:28:09 - [MESSAGE][PASSED] - Text '5000' is set on object 'Object Repository/MOH AND GRN/Page_KDMC - CMS/input_txtqty'

2018-05-28 13:28:09 - [TEST_STEP][PASSED] - selectOptionByIndex: All options with index in [1] are selected on object 'Object Repository/MOH AND GRN/Page_KDMC - CMS/select_--Select--No Tax0'

2018-05-28 13:28:09 - [MESSAGE][PASSED] - All options with index in [1] are selected on object 'Object Repository/MOH AND GRN/Page_KDMC - CMS/select_--Select--No Tax0'

2018-05-28 13:28:09 - [TEST_STEP][PASSED] - setText: Finding Test Object with id 'Object Repository/MOH AND GRN/Page_KDMC - CMS/input_txtmrp'

2018-05-28 13:28:09 - [TEST_STEP][PASSED] - Statement - switch (id): Finding Test Object with id 'Object Repository/MOH AND GRN/Page_KDMC - CMS/input_txtdeal'

2018-05-28 13:28:09 - [TEST_STEP][PASSED] - Statement - case 4:: Text '23.0' is set on object 'Object Repository/MOH AND GRN/Page_KDMC - CMS/input_txtmrp'

2018-05-28 13:28:09 - [TEST_STEP][PASSED] - Statement - return (java.lang.Math.floor((java.lang.Math.random() * ((max - min) + 1))) + min): Text '23.0' is set on object 'Object Repository/MOH AND GRN/Page_KDMC - CMS/input_txtmrp'

2018-05-28 13:28:09 - [MESSAGE][PASSED] - Text '23.0' is set on object 'Object Repository/MOH AND GRN/Page_KDMC - CMS/input_txtmrp'

2018-05-28 13:28:09 - [TEST_STEP][PASSED] - setText: Finding Test Object with id 'Object Repository/MOH AND GRN/Page_KDMC - CMS/input_txtdeal'

2018-05-28 13:28:09 - [TEST_STEP][PASSED] - Statement - switch (id): Finding Test Object with id 'Object Repository/MOH AND GRN/Page_KDMC - CMS/input_txtbatchno'

2018-05-28 13:28:09 - [TEST_STEP][PASSED] - Statement - case 5:: Text '8.0' is set on object 'Object Repository/MOH AND GRN/Page_KDMC - CMS/input_txtdeal'

2018-05-28 13:28:09 - [TEST_STEP][PASSED] - Statement - return (java.lang.Math.floor((java.lang.Math.random() * ((max - min) + 1))) + min): Text '8.0' is set on object 'Object Repository/MOH AND GRN/Page_KDMC - CMS/input_txtdeal'

2018-05-28 13:28:09 - [MESSAGE][PASSED] - Text '8.0' is set on object 'Object Repository/MOH AND GRN/Page_KDMC - CMS/input_txtdeal'

2018-05-28 13:28:09 - [TEST_STEP][PASSED] - setText: Finding Test Object with id 'Object Repository/MOH AND GRN/Page_KDMC - CMS/input_txtbatchno'

2018-05-28 13:28:09 - [TEST_STEP][PASSED] - Statement - switch (id): Finding Test Object with id 'Object Repository/MOH AND GRN/Page_KDMC - CMS/input_txtmrp'

2018-05-28 13:28:09 - [TEST_STEP][PASSED] - Statement - case 1:: Text 'BA453.0' is set on object 'Object Repository/MOH AND GRN/Page_KDMC - CMS/input_txtbatchno'

2018-05-28 13:28:09 - [TEST_STEP][PASSED] - Statement - return (java.lang.Math.floor((java.lang.Math.random() * ((max - min) + 1))) + min): Text 'BA453.0' is set on object 'Object Repository/MOH AND GRN/Page_KDMC - CMS/input_txtbatchno'

2018-05-28 13:28:09 - [MESSAGE][PASSED] - Text 'BA453.0' is set on object 'Object Repository/MOH AND GRN/Page_KDMC - CMS/input_txtbatchno'

2018-05-28 13:28:09 - [TEST_STEP][PASSED] - rightClick: Object: 'Object Repository/GRN/Page_KDMC - CMS/input_txtexpdate' is right clicked on

2018-05-28 13:28:09 - [MESSAGE][PASSED] - Object: 'Object Repository/GRN/Page_KDMC - CMS/input_txtexpdate' is right clicked on

2018-05-28 13:28:09 - [TEST_STEP][PASSED] - selectOptionByIndex: All options with index in [6] are selected on object 'Object Repository/GRN/Page_KDMC - CMS/select_20182019202020212022202'

2018-05-28 13:28:09 - [MESSAGE][PASSED] - All options with index in [6] are selected on object 'Object Repository/GRN/Page_KDMC - CMS/select_20182019202020212022202'

2018-05-28 13:28:09 - [TEST_STEP][PASSED] - selectOptionByIndex: All options with index in [6] are selected on object 'Object Repository/GRN/Page_KDMC - CMS/select_JanFebMarAprMayJunJulAu'

2018-05-28 13:28:09 - [MESSAGE][PASSED] - All options with index in [6] are selected on object 'Object Repository/GRN/Page_KDMC - CMS/select_JanFebMarAprMayJunJulAu'

2018-05-28 13:28:09 - [TEST_STEP][PASSED] - click: Object: 'Object Repository/MOH AND GRN/Page_KDMC - CMS/a_12' is clicked on

2018-05-28 13:28:10 - [MESSAGE][PASSED] - Object: 'Object Repository/MOH AND GRN/Page_KDMC - CMS/a_12' is clicked on

2018-05-28 13:28:10 - [TEST_STEP][PASSED] - click: Object: 'Object Repository/MOH AND GRN/Page_KDMC - CMS/input_btnadd' is clicked on

2018-05-28 13:28:10 - [MESSAGE][PASSED] - Object: 'Object Repository/MOH AND GRN/Page_KDMC - CMS/input_btnadd' is clicked on

2018-05-28 13:28:10 - [TEST_STEP][PASSED] - Statement - If (s == 10): null

2018-05-28 13:28:10 - [TEST_STEP][PASSED] - Statement - Else: null

2018-05-28 13:28:10 - [TEST_STEP][PASSED] - Statement - (s++): null

2018-05-28 13:28:10 - [TEST_STEP][PASSED] - delay: Delayed 1 second(s)

2018-05-28 13:28:11 - [MESSAGE][PASSED] - Delayed 1 second(s)

2018-05-28 13:28:11 - [TEST_STEP][PASSED] - selectOptionByIndex: All options with index in [7] are selected on object 'Object Repository/MOH AND GRN/Page_KDMC - CMS/select_--Select--Amikacin -500'

2018-05-28 13:28:11 - [MESSAGE][PASSED] - All options with index in [7] are selected on object 'Object Repository/MOH AND GRN/Page_KDMC - CMS/select_--Select--Amikacin -500'

2018-05-28 13:28:11 - [TEST_STEP][PASSED] - setText: Text '5000' is set on object 'Object Repository/MOH AND GRN/Page_KDMC - CMS/input_txtqty'

2018-05-28 13:28:11 - [MESSAGE][PASSED] - Text '5000' is set on object 'Object Repository/MOH AND GRN/Page_KDMC - CMS/input_txtqty'

2018-05-28 13:28:11 - [TEST_STEP][PASSED] - selectOptionByIndex: All options with index in [1] are selected on object 'Object Repository/MOH AND GRN/Page_KDMC - CMS/select_--Select--No Tax0'

2018-05-28 13:28:11 - [MESSAGE][PASSED] - All options with index in [1] are selected on object 'Object Repository/MOH AND GRN/Page_KDMC - CMS/select_--Select--No Tax0'

2018-05-28 13:28:11 - [TEST_STEP][PASSED] - setText: Finding Test Object with id 'Object Repository/MOH AND GRN/Page_KDMC - CMS/input_txtmrp'

2018-05-28 13:28:11 - [TEST_STEP][PASSED] - Statement - switch (id): Finding Test Object with id 'Object Repository/MOH AND GRN/Page_KDMC - CMS/input_txtdeal'

2018-05-28 13:28:11 - [TEST_STEP][PASSED] - Statement - case 4:: Text '32.0' is set on object 'Object Repository/MOH AND GRN/Page_KDMC - CMS/input_txtmrp'

2018-05-28 13:28:11 - [TEST_STEP][PASSED] - Statement - return (java.lang.Math.floor((java.lang.Math.random() * ((max - min) + 1))) + min): Text '32.0' is set on object 'Object Repository/MOH AND GRN/Page_KDMC - CMS/input_txtmrp'

2018-05-28 13:28:11 - [MESSAGE][PASSED] - Text '32.0' is set on object 'Object Repository/MOH AND GRN/Page_KDMC - CMS/input_txtmrp'

2018-05-28 13:28:11 - [TEST_STEP][PASSED] - setText: Finding Test Object with id 'Object Repository/MOH AND GRN/Page_KDMC - CMS/input_txtdeal'

2018-05-28 13:28:11 - [TEST_STEP][PASSED] - Statement - switch (id): Finding Test Object with id 'Object Repository/MOH AND GRN/Page_KDMC - CMS/input_txtbatchno'

2018-05-28 13:28:11 - [TEST_STEP][PASSED] - Statement - case 5:: Text '1.0' is set on object 'Object Repository/MOH AND GRN/Page_KDMC - CMS/input_txtdeal'

2018-05-28 13:28:11 - [TEST_STEP][PASSED] - Statement - return (java.lang.Math.floor((java.lang.Math.random() * ((max - min) + 1))) + min): Text '1.0' is set on object 'Object Repository/MOH AND GRN/Page_KDMC - CMS/input_txtdeal'

2018-05-28 13:28:11 - [MESSAGE][PASSED] - Text '1.0' is set on object 'Object Repository/MOH AND GRN/Page_KDMC - CMS/input_txtdeal'

2018-05-28 13:28:11 - [TEST_STEP][PASSED] - setText: Finding Test Object with id 'Object Repository/MOH AND GRN/Page_KDMC - CMS/input_txtbatchno'

2018-05-28 13:28:11 - [TEST_STEP][PASSED] - Statement - switch (id): Finding Test Object with id 'Object Repository/MOH AND GRN/Page_KDMC - CMS/input_txtmrp'

2018-05-28 13:28:11 - [TEST_STEP][PASSED] - Statement - case 1:: Text 'BA204.0' is set on object 'Object Repository/MOH AND GRN/Page_KDMC - CMS/input_txtbatchno'

2018-05-28 13:28:11 - [TEST_STEP][PASSED] - Statement - return (java.lang.Math.floor((java.lang.Math.random() * ((max - min) + 1))) + min): Text 'BA204.0' is set on object 'Object Repository/MOH AND GRN/Page_KDMC - CMS/input_txtbatchno'

2018-05-28 13:28:11 - [MESSAGE][PASSED] - Text 'BA204.0' is set on object 'Object Repository/MOH AND GRN/Page_KDMC - CMS/input_txtbatchno'

2018-05-28 13:28:11 - [TEST_STEP][PASSED] - rightClick: Object: 'Object Repository/GRN/Page_KDMC - CMS/input_txtexpdate' is right clicked on

2018-05-28 13:28:11 - [MESSAGE][PASSED] - Object: 'Object Repository/GRN/Page_KDMC - CMS/input_txtexpdate' is right clicked on

2018-05-28 13:28:11 - [TEST_STEP][PASSED] - selectOptionByIndex: All options with index in [7] are selected on object 'Object Repository/GRN/Page_KDMC - CMS/select_20182019202020212022202'

2018-05-28 13:28:12 - [MESSAGE][PASSED] - All options with index in [7] are selected on object 'Object Repository/GRN/Page_KDMC - CMS/select_20182019202020212022202'

2018-05-28 13:28:12 - [TEST_STEP][PASSED] - selectOptionByIndex: All options with index in [7] are selected on object 'Object Repository/GRN/Page_KDMC - CMS/select_JanFebMarAprMayJunJulAu'

2018-05-28 13:28:12 - [MESSAGE][PASSED] - All options with index in [7] are selected on object 'Object Repository/GRN/Page_KDMC - CMS/select_JanFebMarAprMayJunJulAu'

2018-05-28 13:28:12 - [TEST_STEP][PASSED] - click: Object: 'Object Repository/MOH AND GRN/Page_KDMC - CMS/a_12' is clicked on

2018-05-28 13:28:12 - [MESSAGE][PASSED] - Object: 'Object Repository/MOH AND GRN/Page_KDMC - CMS/a_12' is clicked on

2018-05-28 13:28:12 - [TEST_STEP][PASSED] - click: Object: 'Object Repository/MOH AND GRN/Page_KDMC - CMS/input_btnadd' is clicked on

2018-05-28 13:28:12 - [MESSAGE][PASSED] - Object: 'Object Repository/MOH AND GRN/Page_KDMC - CMS/input_btnadd' is clicked on

2018-05-28 13:28:12 - [TEST_STEP][PASSED] - Statement - If (s == 10): null

2018-05-28 13:28:12 - [TEST_STEP][PASSED] - Statement - Else: null

2018-05-28 13:28:12 - [TEST_STEP][PASSED] - Statement - (s++): null

2018-05-28 13:28:12 - [TEST_STEP][PASSED] - delay: Delayed 1 second(s)

2018-05-28 13:28:13 - [MESSAGE][PASSED] - Delayed 1 second(s)

2018-05-28 13:28:13 - [TEST_STEP][PASSED] - selectOptionByIndex: All options with index in [8] are selected on object 'Object Repository/MOH AND GRN/Page_KDMC - CMS/select_--Select--Amikacin -500'

2018-05-28 13:28:13 - [MESSAGE][PASSED] - All options with index in [8] are selected on object 'Object Repository/MOH AND GRN/Page_KDMC - CMS/select_--Select--Amikacin -500'

2018-05-28 13:28:13 - [TEST_STEP][PASSED] - setText: Text '5000' is set on object 'Object Repository/MOH AND GRN/Page_KDMC - CMS/input_txtqty'

2018-05-28 13:28:13 - [MESSAGE][PASSED] - Text '5000' is set on object 'Object Repository/MOH AND GRN/Page_KDMC - CMS/input_txtqty'

2018-05-28 13:28:13 - [TEST_STEP][PASSED] - selectOptionByIndex: All options with index in [1] are selected on object 'Object Repository/MOH AND GRN/Page_KDMC - CMS/select_--Select--No Tax0'

2018-05-28 13:28:13 - [MESSAGE][PASSED] - All options with index in [1] are selected on object 'Object Repository/MOH AND GRN/Page_KDMC - CMS/select_--Select--No Tax0'

2018-05-28 13:28:13 - [TEST_STEP][PASSED] - setText: Finding Test Object with id 'Object Repository/MOH AND GRN/Page_KDMC - CMS/input_txtmrp'

2018-05-28 13:28:13 - [TEST_STEP][PASSED] - Statement - switch (id): Finding Test Object with id 'Object Repository/MOH AND GRN/Page_KDMC - CMS/input_txtdeal'

2018-05-28 13:28:13 - [TEST_STEP][PASSED] - Statement - case 4:: Text '25.0' is set on object 'Object Repository/MOH AND GRN/Page_KDMC - CMS/input_txtmrp'

2018-05-28 13:28:13 - [TEST_STEP][PASSED] - Statement - return (java.lang.Math.floor((java.lang.Math.random() * ((max - min) + 1))) + min): Text '25.0' is set on object 'Object Repository/MOH AND GRN/Page_KDMC - CMS/input_txtmrp'

2018-05-28 13:28:13 - [MESSAGE][PASSED] - Text '25.0' is set on object 'Object Repository/MOH AND GRN/Page_KDMC - CMS/input_txtmrp'

2018-05-28 13:28:13 - [TEST_STEP][PASSED] - setText: Finding Test Object with id 'Object Repository/MOH AND GRN/Page_KDMC - CMS/input_txtdeal'

2018-05-28 13:28:13 - [TEST_STEP][PASSED] - Statement - switch (id): Finding Test Object with id 'Object Repository/MOH AND GRN/Page_KDMC - CMS/input_txtbatchno'

2018-05-28 13:28:13 - [TEST_STEP][PASSED] - Statement - case 5:: Text '5.0' is set on object 'Object Repository/MOH AND GRN/Page_KDMC - CMS/input_txtdeal'

2018-05-28 13:28:13 - [TEST_STEP][PASSED] - Statement - return (java.lang.Math.floor((java.lang.Math.random() * ((max - min) + 1))) + min): Text '5.0' is set on object 'Object Repository/MOH AND GRN/Page_KDMC - CMS/input_txtdeal'

2018-05-28 13:28:14 - [MESSAGE][PASSED] - Text '5.0' is set on object 'Object Repository/MOH AND GRN/Page_KDMC - CMS/input_txtdeal'

2018-05-28 13:28:14 - [TEST_STEP][PASSED] - setText: Finding Test Object with id 'Object Repository/MOH AND GRN/Page_KDMC - CMS/input_txtbatchno'

2018-05-28 13:28:14 - [TEST_STEP][PASSED] - Statement - switch (id): Finding Test Object with id 'Object Repository/MOH AND GRN/Page_KDMC - CMS/input_txtmrp'

2018-05-28 13:28:14 - [TEST_STEP][PASSED] - Statement - case 1:: Text 'BA585.0' is set on object 'Object Repository/MOH AND GRN/Page_KDMC - CMS/input_txtbatchno'

2018-05-28 13:28:14 - [TEST_STEP][PASSED] - Statement - return (java.lang.Math.floor((java.lang.Math.random() * ((max - min) + 1))) + min): Text 'BA585.0' is set on object 'Object Repository/MOH AND GRN/Page_KDMC - CMS/input_txtbatchno'

2018-05-28 13:28:14 - [MESSAGE][PASSED] - Text 'BA585.0' is set on object 'Object Repository/MOH AND GRN/Page_KDMC - CMS/input_txtbatchno'

2018-05-28 13:28:14 - [TEST_STEP][PASSED] - rightClick: Object: 'Object Repository/GRN/Page_KDMC - CMS/input_txtexpdate' is right clicked on

2018-05-28 13:28:14 - [MESSAGE][PASSED] - Object: 'Object Repository/GRN/Page_KDMC - CMS/input_txtexpdate' is right clicked on

2018-05-28 13:28:14 - [TEST_STEP][PASSED] - selectOptionByIndex: All options with index in [8] are selected on object 'Object Repository/GRN/Page_KDMC - CMS/select_20182019202020212022202'

2018-05-28 13:28:14 - [MESSAGE][PASSED] - All options with index in [8] are selected on object 'Object Repository/GRN/Page_KDMC - CMS/select_20182019202020212022202'

2018-05-28 13:28:14 - [TEST_STEP][PASSED] - selectOptionByIndex: All options with index in [8] are selected on object 'Object Repository/GRN/Page_KDMC - CMS/select_JanFebMarAprMayJunJulAu'

2018-05-28 13:28:14 - [MESSAGE][PASSED] - All options with index in [8] are selected on object 'Object Repository/GRN/Page_KDMC - CMS/select_JanFebMarAprMayJunJulAu'

2018-05-28 13:28:14 - [TEST_STEP][PASSED] - click: Object: 'Object Repository/MOH AND GRN/Page_KDMC - CMS/a_12' is clicked on

2018-05-28 13:28:14 - [MESSAGE][PASSED] - Object: 'Object Repository/MOH AND GRN/Page_KDMC - CMS/a_12' is clicked on

2018-05-28 13:28:14 - [TEST_STEP][PASSED] - click: Object: 'Object Repository/MOH AND GRN/Page_KDMC - CMS/input_btnadd' is clicked on

2018-05-28 13:28:14 - [MESSAGE][PASSED] - Object: 'Object Repository/MOH AND GRN/Page_KDMC - CMS/input_btnadd' is clicked on

2018-05-28 13:28:14 - [TEST_STEP][PASSED] - Statement - If (s == 10): null

2018-05-28 13:28:14 - [TEST_STEP][PASSED] - Statement - Else: null

2018-05-28 13:28:14 - [TEST_STEP][PASSED] - Statement - (s++): null

2018-05-28 13:28:14 - [TEST_STEP][PASSED] - delay: Delayed 1 second(s)

2018-05-28 13:28:15 - [MESSAGE][PASSED] - Delayed 1 second(s)

2018-05-28 13:28:15 - [TEST_STEP][PASSED] - selectOptionByIndex: All options with index in [9] are selected on object 'Object Repository/MOH AND GRN/Page_KDMC - CMS/select_--Select--Amikacin -500'

2018-05-28 13:28:16 - [MESSAGE][PASSED] - All options with index in [9] are selected on object 'Object Repository/MOH AND GRN/Page_KDMC - CMS/select_--Select--Amikacin -500'

2018-05-28 13:28:16 - [TEST_STEP][PASSED] - setText: Text '5000' is set on object 'Object Repository/MOH AND GRN/Page_KDMC - CMS/input_txtqty'

2018-05-28 13:28:16 - [MESSAGE][PASSED] - Text '5000' is set on object 'Object Repository/MOH AND GRN/Page_KDMC - CMS/input_txtqty'

2018-05-28 13:28:16 - [TEST_STEP][PASSED] - selectOptionByIndex: All options with index in [1] are selected on object 'Object Repository/MOH AND GRN/Page_KDMC - CMS/select_--Select--No Tax0'

2018-05-28 13:28:16 - [MESSAGE][PASSED] - All options with index in [1] are selected on object 'Object Repository/MOH AND GRN/Page_KDMC - CMS/select_--Select--No Tax0'

2018-05-28 13:28:16 - [TEST_STEP][PASSED] - setText: Finding Test Object with id 'Object Repository/MOH AND GRN/Page_KDMC - CMS/input_txtmrp'

2018-05-28 13:28:16 - [TEST_STEP][PASSED] - Statement - switch (id): Finding Test Object with id 'Object Repository/MOH AND GRN/Page_KDMC - CMS/input_txtdeal'

2018-05-28 13:28:16 - [TEST_STEP][PASSED] - Statement - case 4:: Text '38.0' is set on object 'Object Repository/MOH AND GRN/Page_KDMC - CMS/input_txtmrp'

2018-05-28 13:28:16 - [TEST_STEP][PASSED] - Statement - return (java.lang.Math.floor((java.lang.Math.random() * ((max - min) + 1))) + min): Text '38.0' is set on object 'Object Repository/MOH AND GRN/Page_KDMC - CMS/input_txtmrp'

2018-05-28 13:28:17 - [MESSAGE][PASSED] - Text '38.0' is set on object 'Object Repository/MOH AND GRN/Page_KDMC - CMS/input_txtmrp'

2018-05-28 13:28:17 - [TEST_STEP][PASSED] - setText: Finding Test Object with id 'Object Repository/MOH AND GRN/Page_KDMC - CMS/input_txtdeal'

2018-05-28 13:28:17 - [TEST_STEP][PASSED] - Statement - switch (id): Finding Test Object with id 'Object Repository/MOH AND GRN/Page_KDMC - CMS/input_txtbatchno'

2018-05-28 13:28:17 - [TEST_STEP][PASSED] - Statement - case 5:: Text '8.0' is set on object 'Object Repository/MOH AND GRN/Page_KDMC - CMS/input_txtdeal'

2018-05-28 13:28:17 - [TEST_STEP][PASSED] - Statement - return (java.lang.Math.floor((java.lang.Math.random() * ((max - min) + 1))) + min): Text '8.0' is set on object 'Object Repository/MOH AND GRN/Page_KDMC - CMS/input_txtdeal'

2018-05-28 13:28:17 - [MESSAGE][PASSED] - Text '8.0' is set on object 'Object Repository/MOH AND GRN/Page_KDMC - CMS/input_txtdeal'

2018-05-28 13:28:17 - [TEST_STEP][PASSED] - setText: Finding Test Object with id 'Object Repository/MOH AND GRN/Page_KDMC - CMS/input_txtbatchno'

2018-05-28 13:28:17 - [TEST_STEP][PASSED] - Statement - switch (id): Finding Test Object with id 'Object Repository/MOH AND GRN/Page_KDMC - CMS/input_txtmrp'

2018-05-28 13:28:17 - [TEST_STEP][PASSED] - Statement - case 1:: Text 'BA572.0' is set on object 'Object Repository/MOH AND GRN/Page_KDMC - CMS/input_txtbatchno'

2018-05-28 13:28:17 - [TEST_STEP][PASSED] - Statement - return (java.lang.Math.floor((java.lang.Math.random() * ((max - min) + 1))) + min): Text 'BA572.0' is set on object 'Object Repository/MOH AND GRN/Page_KDMC - CMS/input_txtbatchno'

2018-05-28 13:28:17 - [MESSAGE][PASSED] - Text 'BA572.0' is set on object 'Object Repository/MOH AND GRN/Page_KDMC - CMS/input_txtbatchno'

2018-05-28 13:28:17 - [TEST_STEP][PASSED] - rightClick: Object: 'Object Repository/GRN/Page_KDMC - CMS/input_txtexpdate' is right clicked on

2018-05-28 13:28:17 - [MESSAGE][PASSED] - Object: 'Object Repository/GRN/Page_KDMC - CMS/input_txtexpdate' is right clicked on

2018-05-28 13:28:17 - [TEST_STEP][PASSED] - selectOptionByIndex: All options with index in [9] are selected on object 'Object Repository/GRN/Page_KDMC - CMS/select_20182019202020212022202'

2018-05-28 13:28:17 - [MESSAGE][PASSED] - All options with index in [9] are selected on object 'Object Repository/GRN/Page_KDMC - CMS/select_20182019202020212022202'

2018-05-28 13:28:17 - [TEST_STEP][PASSED] - selectOptionByIndex: All options with index in [9] are selected on object 'Object Repository/GRN/Page_KDMC - CMS/select_JanFebMarAprMayJunJulAu'

2018-05-28 13:28:17 - [MESSAGE][PASSED] - All options with index in [9] are selected on object 'Object Repository/GRN/Page_KDMC - CMS/select_JanFebMarAprMayJunJulAu'

2018-05-28 13:28:17 - [TEST_STEP][PASSED] - click: Object: 'Object Repository/MOH AND GRN/Page_KDMC - CMS/a_12' is clicked on

2018-05-28 13:28:17 - [MESSAGE][PASSED] - Object: 'Object Repository/MOH AND GRN/Page_KDMC - CMS/a_12' is clicked on

2018-05-28 13:28:17 - [TEST_STEP][PASSED] - click: Object: 'Object Repository/MOH AND GRN/Page_KDMC - CMS/input_btnadd' is clicked on

2018-05-28 13:28:17 - [MESSAGE][PASSED] - Object: 'Object Repository/MOH AND GRN/Page_KDMC - CMS/input_btnadd' is clicked on

2018-05-28 13:28:17 - [TEST_STEP][PASSED] - Statement - If (s == 10): null

2018-05-28 13:28:17 - [TEST_STEP][PASSED] - Statement - Else: null

2018-05-28 13:28:17 - [TEST_STEP][PASSED] - Statement - (s++): null

2018-05-28 13:28:17 - [TEST_STEP][PASSED] - delay: Delayed 1 second(s)

2018-05-28 13:28:18 - [MESSAGE][PASSED] - Delayed 1 second(s)

2018-05-28 13:28:18 - [TEST_STEP][PASSED] - selectOptionByIndex: All options with index in [10] are selected on object 'Object Repository/MOH AND GRN/Page_KDMC - CMS/select_--Select--Amikacin -500'

2018-05-28 13:28:19 - [MESSAGE][PASSED] - All options with index in [10] are selected on object 'Object Repository/MOH AND GRN/Page_KDMC - CMS/select_--Select--Amikacin -500'

2018-05-28 13:28:19 - [TEST_STEP][PASSED] - setText: Text '5000' is set on object 'Object Repository/MOH AND GRN/Page_KDMC - CMS/input_txtqty'

2018-05-28 13:28:19 - [MESSAGE][PASSED] - Text '5000' is set on object 'Object Repository/MOH AND GRN/Page_KDMC - CMS/input_txtqty'

2018-05-28 13:28:19 - [TEST_STEP][PASSED] - selectOptionByIndex: All options with index in [1] are selected on object 'Object Repository/MOH AND GRN/Page_KDMC - CMS/select_--Select--No Tax0'

2018-05-28 13:28:19 - [MESSAGE][PASSED] - All options with index in [1] are selected on object 'Object Repository/MOH AND GRN/Page_KDMC - CMS/select_--Select--No Tax0'

2018-05-28 13:28:19 - [TEST_STEP][PASSED] - setText: Finding Test Object with id 'Object Repository/MOH AND GRN/Page_KDMC - CMS/input_txtmrp'

2018-05-28 13:28:19 - [TEST_STEP][PASSED] - Statement - switch (id): Finding Test Object with id 'Object Repository/MOH AND GRN/Page_KDMC - CMS/input_txtdeal'

2018-05-28 13:28:19 - [TEST_STEP][PASSED] - Statement - case 4:: Text '36.0' is set on object 'Object Repository/MOH AND GRN/Page_KDMC - CMS/input_txtmrp'

2018-05-28 13:28:19 - [TEST_STEP][PASSED] - Statement - return (java.lang.Math.floor((java.lang.Math.random() * ((max - min) + 1))) + min): Text '36.0' is set on object 'Object Repository/MOH AND GRN/Page_KDMC - CMS/input_txtmrp'

2018-05-28 13:28:19 - [MESSAGE][PASSED] - Text '36.0' is set on object 'Object Repository/MOH AND GRN/Page_KDMC - CMS/input_txtmrp'

2018-05-28 13:28:19 - [TEST_STEP][PASSED] - setText: Finding Test Object with id 'Object Repository/MOH AND GRN/Page_KDMC - CMS/input_txtdeal'

2018-05-28 13:28:19 - [TEST_STEP][PASSED] - Statement - switch (id): Finding Test Object with id 'Object Repository/MOH AND GRN/Page_KDMC - CMS/input_txtbatchno'

2018-05-28 13:28:19 - [TEST_STEP][PASSED] - Statement - case 5:: Text '5.0' is set on object 'Object Repository/MOH AND GRN/Page_KDMC - CMS/input_txtdeal'

2018-05-28 13:28:19 - [TEST_STEP][PASSED] - Statement - return (java.lang.Math.floor((java.lang.Math.random() * ((max - min) + 1))) + min): Text '5.0' is set on object 'Object Repository/MOH AND GRN/Page_KDMC - CMS/input_txtdeal'

2018-05-28 13:28:19 - [MESSAGE][PASSED] - Text '5.0' is set on object 'Object Repository/MOH AND GRN/Page_KDMC - CMS/input_txtdeal'

2018-05-28 13:28:19 - [TEST_STEP][PASSED] - setText: Finding Test Object with id 'Object Repository/MOH AND GRN/Page_KDMC - CMS/input_txtbatchno'

2018-05-28 13:28:19 - [TEST_STEP][PASSED] - Statement - switch (id): Finding Test Object with id 'Object Repository/MOH AND GRN/Page_KDMC - CMS/input_txtmrp'

2018-05-28 13:28:19 - [TEST_STEP][PASSED] - Statement - case 1:: Text 'BA18.0' is set on object 'Object Repository/MOH AND GRN/Page_KDMC - CMS/input_txtbatchno'

2018-05-28 13:28:19 - [TEST_STEP][PASSED] - Statement - return (java.lang.Math.floor((java.lang.Math.random() * ((max - min) + 1))) + min): Text 'BA18.0' is set on object 'Object Repository/MOH AND GRN/Page_KDMC - CMS/input_txtbatchno'

2018-05-28 13:28:19 - [MESSAGE][PASSED] - Text 'BA18.0' is set on object 'Object Repository/MOH AND GRN/Page_KDMC - CMS/input_txtbatchno'

2018-05-28 13:28:19 - [TEST_STEP][PASSED] - rightClick: Object: 'Object Repository/GRN/Page_KDMC - CMS/input_txtexpdate' is right clicked on

2018-05-28 13:28:19 - [MESSAGE][PASSED] - Object: 'Object Repository/GRN/Page_KDMC - CMS/input_txtexpdate' is right clicked on

2018-05-28 13:28:19 - [TEST_STEP][PASSED] - selectOptionByIndex: All options with index in [10] are selected on object 'Object Repository/GRN/Page_KDMC - CMS/select_20182019202020212022202'

2018-05-28 13:28:19 - [MESSAGE][PASSED] - All options with index in [10] are selected on object 'Object Repository/GRN/Page_KDMC - CMS/select_20182019202020212022202'

2018-05-28 13:28:19 - [TEST_STEP][PASSED] - selectOptionByIndex: All options with index in [10] are selected on object 'Object Repository/GRN/Page_KDMC - CMS/select_JanFebMarAprMayJunJulAu'

2018-05-28 13:28:20 - [MESSAGE][PASSED] - All options with index in [10] are selected on object 'Object Repository/GRN/Page_KDMC - CMS/select_JanFebMarAprMayJunJulAu'

2018-05-28 13:28:20 - [TEST_STEP][PASSED] - click: Object: 'Object Repository/MOH AND GRN/Page_KDMC - CMS/a_12' is clicked on

2018-05-28 13:28:20 - [MESSAGE][PASSED] - Object: 'Object Repository/MOH AND GRN/Page_KDMC - CMS/a_12' is clicked on

2018-05-28 13:28:20 - [TEST_STEP][PASSED] - click: Object: 'Object Repository/MOH AND GRN/Page_KDMC - CMS/input_btnadd' is clicked on

2018-05-28 13:28:20 - [MESSAGE][PASSED] - Object: 'Object Repository/MOH AND GRN/Page_KDMC - CMS/input_btnadd' is clicked on

2018-05-28 13:28:20 - [TEST_STEP][PASSED] - Statement - If (s == 10): null

2018-05-28 13:28:20 - [TEST_STEP][PASSED] - Statement - s = 1: null

2018-05-28 13:28:20 - [TEST_STEP][PASSED] - delay: Delayed 1 second(s)

2018-05-28 13:28:21 - [MESSAGE][PASSED] - Delayed 1 second(s)

2018-05-28 13:28:21 - [TEST_STEP][PASSED] - selectOptionByIndex: All options with index in [11] are selected on object 'Object Repository/MOH AND GRN/Page_KDMC - CMS/select_--Select--Amikacin -500'

2018-05-28 13:28:21 - [MESSAGE][PASSED] - All options with index in [11] are selected on object 'Object Repository/MOH AND GRN/Page_KDMC - CMS/select_--Select--Amikacin -500'

2018-05-28 13:28:21 - [TEST_STEP][PASSED] - setText: Text '5000' is set on object 'Object Repository/MOH AND GRN/Page_KDMC - CMS/input_txtqty'

2018-05-28 13:28:21 - [MESSAGE][PASSED] - Text '5000' is set on object 'Object Repository/MOH AND GRN/Page_KDMC - CMS/input_txtqty'

2018-05-28 13:28:21 - [TEST_STEP][PASSED] - selectOptionByIndex: All options with index in [1] are selected on object 'Object Repository/MOH AND GRN/Page_KDMC - CMS/select_--Select--No Tax0'

2018-05-28 13:28:21 - [MESSAGE][PASSED] - All options with index in [1] are selected on object 'Object Repository/MOH AND GRN/Page_KDMC - CMS/select_--Select--No Tax0'

2018-05-28 13:28:21 - [TEST_STEP][PASSED] - setText: Finding Test Object with id 'Object Repository/MOH AND GRN/Page_KDMC - CMS/input_txtmrp'

2018-05-28 13:28:21 - [TEST_STEP][PASSED] - Statement - switch (id): Finding Test Object with id 'Object Repository/MOH AND GRN/Page_KDMC - CMS/input_txtdeal'

2018-05-28 13:28:21 - [TEST_STEP][PASSED] - Statement - case 4:: Text '36.0' is set on object 'Object Repository/MOH AND GRN/Page_KDMC - CMS/input_txtmrp'

2018-05-28 13:28:21 - [TEST_STEP][PASSED] - Statement - return (java.lang.Math.floor((java.lang.Math.random() * ((max - min) + 1))) + min): Text '36.0' is set on object 'Object Repository/MOH AND GRN/Page_KDMC - CMS/input_txtmrp'

2018-05-28 13:28:21 - [MESSAGE][PASSED] - Text '36.0' is set on object 'Object Repository/MOH AND GRN/Page_KDMC - CMS/input_txtmrp'

2018-05-28 13:28:21 - [TEST_STEP][PASSED] - setText: Finding Test Object with id 'Object Repository/MOH AND GRN/Page_KDMC - CMS/input_txtdeal'

2018-05-28 13:28:21 - [TEST_STEP][PASSED] - Statement - switch (id): Finding Test Object with id 'Object Repository/MOH AND GRN/Page_KDMC - CMS/input_txtbatchno'

2018-05-28 13:28:21 - [TEST_STEP][PASSED] - Statement - case 5:: Text '5.0' is set on object 'Object Repository/MOH AND GRN/Page_KDMC - CMS/input_txtdeal'

2018-05-28 13:28:21 - [TEST_STEP][PASSED] - Statement - return (java.lang.Math.floor((java.lang.Math.random() * ((max - min) + 1))) + min): Text '5.0' is set on object 'Object Repository/MOH AND GRN/Page_KDMC - CMS/input_txtdeal'

2018-05-28 13:28:21 - [MESSAGE][PASSED] - Text '5.0' is set on object 'Object Repository/MOH AND GRN/Page_KDMC - CMS/input_txtdeal'

2018-05-28 13:28:21 - [TEST_STEP][PASSED] - setText: Finding Test Object with id 'Object Repository/MOH AND GRN/Page_KDMC - CMS/input_txtbatchno'

2018-05-28 13:28:21 - [TEST_STEP][PASSED] - Statement - switch (id): Finding Test Object with id 'Object Repository/MOH AND GRN/Page_KDMC - CMS/input_txtmrp'

2018-05-28 13:28:21 - [TEST_STEP][PASSED] - Statement - case 1:: Text 'BA922.0' is set on object 'Object Repository/MOH AND GRN/Page_KDMC - CMS/input_txtbatchno'

2018-05-28 13:28:21 - [TEST_STEP][PASSED] - Statement - return (java.lang.Math.floor((java.lang.Math.random() * ((max - min) + 1))) + min): Text 'BA922.0' is set on object 'Object Repository/MOH AND GRN/Page_KDMC - CMS/input_txtbatchno'

2018-05-28 13:28:22 - [MESSAGE][PASSED] - Text 'BA922.0' is set on object 'Object Repository/MOH AND GRN/Page_KDMC - CMS/input_txtbatchno'

2018-05-28 13:28:22 - [TEST_STEP][PASSED] - rightClick: Object: 'Object Repository/GRN/Page_KDMC - CMS/input_txtexpdate' is right clicked on

2018-05-28 13:28:22 - [MESSAGE][PASSED] - Object: 'Object Repository/GRN/Page_KDMC - CMS/input_txtexpdate' is right clicked on

2018-05-28 13:28:22 - [TEST_STEP][PASSED] - selectOptionByIndex: All options with index in [1] are selected on object 'Object Repository/GRN/Page_KDMC - CMS/select_20182019202020212022202'

2018-05-28 13:28:22 - [MESSAGE][PASSED] - All options with index in [1] are selected on object 'Object Repository/GRN/Page_KDMC - CMS/select_20182019202020212022202'

2018-05-28 13:28:22 - [TEST_STEP][PASSED] - selectOptionByIndex: All options with index in [1] are selected on object 'Object Repository/GRN/Page_KDMC - CMS/select_JanFebMarAprMayJunJulAu'

2018-05-28 13:28:22 - [MESSAGE][PASSED] - All options with index in [1] are selected on object 'Object Repository/GRN/Page_KDMC - CMS/select_JanFebMarAprMayJunJulAu'

2018-05-28 13:28:22 - [TEST_STEP][PASSED] - click: Object: 'Object Repository/MOH AND GRN/Page_KDMC - CMS/a_12' is clicked on

2018-05-28 13:28:22 - [MESSAGE][PASSED] - Object: 'Object Repository/MOH AND GRN/Page_KDMC - CMS/a_12' is clicked on

2018-05-28 13:28:22 - [TEST_STEP][PASSED] - click: Object: 'Object Repository/MOH AND GRN/Page_KDMC - CMS/input_btnadd' is clicked on

2018-05-28 13:28:22 - [MESSAGE][PASSED] - Object: 'Object Repository/MOH AND GRN/Page_KDMC - CMS/input_btnadd' is clicked on

2018-05-28 13:28:22 - [TEST_STEP][PASSED] - Statement - If (s == 10): null

2018-05-28 13:28:22 - [TEST_STEP][PASSED] - Statement - Else: null

2018-05-28 13:28:22 - [TEST_STEP][PASSED] - Statement - (s++): null

2018-05-28 13:28:22 - [TEST_STEP][PASSED] - delay: Delayed 1 second(s)

2018-05-28 13:28:23 - [MESSAGE][PASSED] - Delayed 1 second(s)

2018-05-28 13:28:23 - [TEST_STEP][PASSED] - selectOptionByIndex: All options with index in [12] are selected on object 'Object Repository/MOH AND GRN/Page_KDMC - CMS/select_--Select--Amikacin -500'

2018-05-28 13:28:23 - [MESSAGE][PASSED] - All options with index in [12] are selected on object 'Object Repository/MOH AND GRN/Page_KDMC - CMS/select_--Select--Amikacin -500'

2018-05-28 13:28:23 - [TEST_STEP][PASSED] - setText: Text '5000' is set on object 'Object Repository/MOH AND GRN/Page_KDMC - CMS/input_txtqty'

2018-05-28 13:28:23 - [MESSAGE][PASSED] - Text '5000' is set on object 'Object Repository/MOH AND GRN/Page_KDMC - CMS/input_txtqty'

2018-05-28 13:28:23 - [TEST_STEP][PASSED] - selectOptionByIndex: All options with index in [1] are selected on object 'Object Repository/MOH AND GRN/Page_KDMC - CMS/select_--Select--No Tax0'

2018-05-28 13:28:24 - [MESSAGE][PASSED] - All options with index in [1] are selected on object 'Object Repository/MOH AND GRN/Page_KDMC - CMS/select_--Select--No Tax0'

2018-05-28 13:28:24 - [TEST_STEP][PASSED] - setText: Finding Test Object with id 'Object Repository/MOH AND GRN/Page_KDMC - CMS/input_txtmrp'

2018-05-28 13:28:24 - [TEST_STEP][PASSED] - Statement - switch (id): Finding Test Object with id 'Object Repository/MOH AND GRN/Page_KDMC - CMS/input_txtdeal'

2018-05-28 13:28:24 - [TEST_STEP][PASSED] - Statement - case 4:: Text '28.0' is set on object 'Object Repository/MOH AND GRN/Page_KDMC - CMS/input_txtmrp'

2018-05-28 13:28:24 - [TEST_STEP][PASSED] - Statement - return (java.lang.Math.floor((java.lang.Math.random() * ((max - min) + 1))) + min): Text '28.0' is set on object 'Object Repository/MOH AND GRN/Page_KDMC - CMS/input_txtmrp'

2018-05-28 13:28:24 - [MESSAGE][PASSED] - Text '28.0' is set on object 'Object Repository/MOH AND GRN/Page_KDMC - CMS/input_txtmrp'

2018-05-28 13:28:24 - [TEST_STEP][PASSED] - setText: Finding Test Object with id 'Object Repository/MOH AND GRN/Page_KDMC - CMS/input_txtdeal'

2018-05-28 13:28:24 - [TEST_STEP][PASSED] - Statement - switch (id): Finding Test Object with id 'Object Repository/MOH AND GRN/Page_KDMC - CMS/input_txtbatchno'

2018-05-28 13:28:24 - [TEST_STEP][PASSED] - Statement - case 5:: Text '8.0' is set on object 'Object Repository/MOH AND GRN/Page_KDMC - CMS/input_txtdeal'

2018-05-28 13:28:24 - [TEST_STEP][PASSED] - Statement - return (java.lang.Math.floor((java.lang.Math.random() * ((max - min) + 1))) + min): Text '8.0' is set on object 'Object Repository/MOH AND GRN/Page_KDMC - CMS/input_txtdeal'

2018-05-28 13:28:24 - [MESSAGE][PASSED] - Text '8.0' is set on object 'Object Repository/MOH AND GRN/Page_KDMC - CMS/input_txtdeal'

2018-05-28 13:28:24 - [TEST_STEP][PASSED] - setText: Finding Test Object with id 'Object Repository/MOH AND GRN/Page_KDMC - CMS/input_txtbatchno'

2018-05-28 13:28:24 - [TEST_STEP][PASSED] - Statement - switch (id): Finding Test Object with id 'Object Repository/MOH AND GRN/Page_KDMC - CMS/input_txtmrp'

2018-05-28 13:28:24 - [TEST_STEP][PASSED] - Statement - case 1:: Text 'BA272.0' is set on object 'Object Repository/MOH AND GRN/Page_KDMC - CMS/input_txtbatchno'

2018-05-28 13:28:24 - [TEST_STEP][PASSED] - Statement - return (java.lang.Math.floor((java.lang.Math.random() * ((max - min) + 1))) + min): Text 'BA272.0' is set on object 'Object Repository/MOH AND GRN/Page_KDMC - CMS/input_txtbatchno'

2018-05-28 13:28:24 - [MESSAGE][PASSED] - Text 'BA272.0' is set on object 'Object Repository/MOH AND GRN/Page_KDMC - CMS/input_txtbatchno'

2018-05-28 13:28:24 - [TEST_STEP][PASSED] - rightClick: Object: 'Object Repository/GRN/Page_KDMC - CMS/input_txtexpdate' is right clicked on

2018-05-28 13:28:24 - [MESSAGE][PASSED] - Object: 'Object Repository/GRN/Page_KDMC - CMS/input_txtexpdate' is right clicked on

2018-05-28 13:28:24 - [TEST_STEP][PASSED] - selectOptionByIndex: All options with index in [2] are selected on object 'Object Repository/GRN/Page_KDMC - CMS/select_20182019202020212022202'

2018-05-28 13:28:24 - [MESSAGE][PASSED] - All options with index in [2] are selected on object 'Object Repository/GRN/Page_KDMC - CMS/select_20182019202020212022202'

2018-05-28 13:28:24 - [TEST_STEP][PASSED] - selectOptionByIndex: All options with index in [2] are selected on object 'Object Repository/GRN/Page_KDMC - CMS/select_JanFebMarAprMayJunJulAu'

2018-05-28 13:28:24 - [MESSAGE][PASSED] - All options with index in [2] are selected on object 'Object Repository/GRN/Page_KDMC - CMS/select_JanFebMarAprMayJunJulAu'

2018-05-28 13:28:24 - [TEST_STEP][PASSED] - click: Object: 'Object Repository/MOH AND GRN/Page_KDMC - CMS/a_12' is clicked on

2018-05-28 13:28:24 - [MESSAGE][PASSED] - Object: 'Object Repository/MOH AND GRN/Page_KDMC - CMS/a_12' is clicked on

2018-05-28 13:28:24 - [TEST_STEP][PASSED] - click: Object: 'Object Repository/MOH AND GRN/Page_KDMC - CMS/input_btnadd' is clicked on

2018-05-28 13:28:24 - [MESSAGE][PASSED] - Object: 'Object Repository/MOH AND GRN/Page_KDMC - CMS/input_btnadd' is clicked on

2018-05-28 13:28:24 - [TEST_STEP][PASSED] - Statement - If (s == 10): null

2018-05-28 13:28:24 - [TEST_STEP][PASSED] - Statement - Else: null

2018-05-28 13:28:24 - [TEST_STEP][PASSED] - Statement - (s++): null

2018-05-28 13:28:24 - [TEST_STEP][PASSED] - delay: Delayed 1 second(s)

2018-05-28 13:28:25 - [MESSAGE][PASSED] - Delayed 1 second(s)

2018-05-28 13:28:25 - [TEST_STEP][PASSED] - selectOptionByIndex: All options with index in [13] are selected on object 'Object Repository/MOH AND GRN/Page_KDMC - CMS/select_--Select--Amikacin -500'

2018-05-28 13:28:26 - [MESSAGE][PASSED] - All options with index in [13] are selected on object 'Object Repository/MOH AND GRN/Page_KDMC - CMS/select_--Select--Amikacin -500'

2018-05-28 13:28:26 - [TEST_STEP][PASSED] - setText: Text '5000' is set on object 'Object Repository/MOH AND GRN/Page_KDMC - CMS/input_txtqty'

2018-05-28 13:28:26 - [MESSAGE][PASSED] - Text '5000' is set on object 'Object Repository/MOH AND GRN/Page_KDMC - CMS/input_txtqty'

2018-05-28 13:28:26 - [TEST_STEP][PASSED] - selectOptionByIndex: All options with index in [1] are selected on object 'Object Repository/MOH AND GRN/Page_KDMC - CMS/select_--Select--No Tax0'

2018-05-28 13:28:26 - [MESSAGE][PASSED] - All options with index in [1] are selected on object 'Object Repository/MOH AND GRN/Page_KDMC - CMS/select_--Select--No Tax0'

2018-05-28 13:28:26 - [TEST_STEP][PASSED] - setText: Finding Test Object with id 'Object Repository/MOH AND GRN/Page_KDMC - CMS/input_txtmrp'

2018-05-28 13:28:26 - [TEST_STEP][PASSED] - Statement - switch (id): Finding Test Object with id 'Object Repository/MOH AND GRN/Page_KDMC - CMS/input_txtdeal'

2018-05-28 13:28:26 - [TEST_STEP][PASSED] - Statement - case 4:: Text '32.0' is set on object 'Object Repository/MOH AND GRN/Page_KDMC - CMS/input_txtmrp'

2018-05-28 13:28:26 - [TEST_STEP][PASSED] - Statement - return (java.lang.Math.floor((java.lang.Math.random() * ((max - min) + 1))) + min): Text '32.0' is set on object 'Object Repository/MOH AND GRN/Page_KDMC - CMS/input_txtmrp'

2018-05-28 13:28:26 - [MESSAGE][PASSED] - Text '32.0' is set on object 'Object Repository/MOH AND GRN/Page_KDMC - CMS/input_txtmrp'

2018-05-28 13:28:26 - [TEST_STEP][PASSED] - setText: Finding Test Object with id 'Object Repository/MOH AND GRN/Page_KDMC - CMS/input_txtdeal'

2018-05-28 13:28:26 - [TEST_STEP][PASSED] - Statement - switch (id): Finding Test Object with id 'Object Repository/MOH AND GRN/Page_KDMC - CMS/input_txtbatchno'

2018-05-28 13:28:26 - [TEST_STEP][PASSED] - Statement - case 5:: Text '10.0' is set on object 'Object Repository/MOH AND GRN/Page_KDMC - CMS/input_txtdeal'

2018-05-28 13:28:26 - [TEST_STEP][PASSED] - Statement - return (java.lang.Math.floor((java.lang.Math.random() * ((max - min) + 1))) + min): Text '10.0' is set on object 'Object Repository/MOH AND GRN/Page_KDMC - CMS/input_txtdeal'

2018-05-28 13:28:26 - [MESSAGE][PASSED] - Text '10.0' is set on object 'Object Repository/MOH AND GRN/Page_KDMC - CMS/input_txtdeal'

2018-05-28 13:28:26 - [TEST_STEP][PASSED] - setText: Finding Test Object with id 'Object Repository/MOH AND GRN/Page_KDMC - CMS/input_txtbatchno'

2018-05-28 13:28:26 - [TEST_STEP][PASSED] - Statement - switch (id): Finding Test Object with id 'Object Repository/MOH AND GRN/Page_KDMC - CMS/input_txtmrp'

2018-05-28 13:28:26 - [TEST_STEP][PASSED] - Statement - case 1:: Text 'BA569.0' is set on object 'Object Repository/MOH AND GRN/Page_KDMC - CMS/input_txtbatchno'

2018-05-28 13:28:26 - [TEST_STEP][PASSED] - Statement - return (java.lang.Math.floor((java.lang.Math.random() * ((max - min) + 1))) + min): Text 'BA569.0' is set on object 'Object Repository/MOH AND GRN/Page_KDMC - CMS/input_txtbatchno'

2018-05-28 13:28:26 - [MESSAGE][PASSED] - Text 'BA569.0' is set on object 'Object Repository/MOH AND GRN/Page_KDMC - CMS/input_txtbatchno'

2018-05-28 13:28:26 - [TEST_STEP][PASSED] - rightClick: Object: 'Object Repository/GRN/Page_KDMC - CMS/input_txtexpdate' is right clicked on

2018-05-28 13:28:26 - [MESSAGE][PASSED] - Object: 'Object Repository/GRN/Page_KDMC - CMS/input_txtexpdate' is right clicked on

2018-05-28 13:28:26 - [TEST_STEP][PASSED] - selectOptionByIndex: All options with index in [3] are selected on object 'Object Repository/GRN/Page_KDMC - CMS/select_20182019202020212022202'

2018-05-28 13:28:26 - [MESSAGE][PASSED] - All options with index in [3] are selected on object 'Object Repository/GRN/Page_KDMC - CMS/select_20182019202020212022202'

2018-05-28 13:28:26 - [TEST_STEP][PASSED] - selectOptionByIndex: All options with index in [3] are selected on object 'Object Repository/GRN/Page_KDMC - CMS/select_JanFebMarAprMayJunJulAu'

2018-05-28 13:28:27 - [MESSAGE][PASSED] - All options with index in [3] are selected on object 'Object Repository/GRN/Page_KDMC - CMS/select_JanFebMarAprMayJunJulAu'

2018-05-28 13:28:27 - [TEST_STEP][PASSED] - click: Object: 'Object Repository/MOH AND GRN/Page_KDMC - CMS/a_12' is clicked on

2018-05-28 13:28:27 - [MESSAGE][PASSED] - Object: 'Object Repository/MOH AND GRN/Page_KDMC - CMS/a_12' is clicked on

2018-05-28 13:28:27 - [TEST_STEP][PASSED] - click: Object: 'Object Repository/MOH AND GRN/Page_KDMC - CMS/input_btnadd' is clicked on

2018-05-28 13:28:27 - [MESSAGE][PASSED] - Object: 'Object Repository/MOH AND GRN/Page_KDMC - CMS/input_btnadd' is clicked on

2018-05-28 13:28:27 - [TEST_STEP][PASSED] - Statement - If (s == 10): null

2018-05-28 13:28:27 - [TEST_STEP][PASSED] - Statement - Else: null

2018-05-28 13:28:27 - [TEST_STEP][PASSED] - Statement - (s++): null

2018-05-28 13:28:27 - [TEST_STEP][PASSED] - delay: Delayed 1 second(s)

2018-05-28 13:28:28 - [MESSAGE][PASSED] - Delayed 1 second(s)

2018-05-28 13:28:28 - [TEST_STEP][PASSED] - selectOptionByIndex: All options with index in [14] are selected on object 'Object Repository/MOH AND GRN/Page_KDMC - CMS/select_--Select--Amikacin -500'

2018-05-28 13:28:28 - [MESSAGE][PASSED] - All options with index in [14] are selected on object 'Object Repository/MOH AND GRN/Page_KDMC - CMS/select_--Select--Amikacin -500'

2018-05-28 13:28:28 - [TEST_STEP][PASSED] - setText: Text '5000' is set on object 'Object Repository/MOH AND GRN/Page_KDMC - CMS/input_txtqty'

2018-05-28 13:28:28 - [MESSAGE][PASSED] - Text '5000' is set on object 'Object Repository/MOH AND GRN/Page_KDMC - CMS/input_txtqty'

2018-05-28 13:28:28 - [TEST_STEP][PASSED] - selectOptionByIndex: All options with index in [1] are selected on object 'Object Repository/MOH AND GRN/Page_KDMC - CMS/select_--Select--No Tax0'

2018-05-28 13:28:28 - [MESSAGE][PASSED] - All options with index in [1] are selected on object 'Object Repository/MOH AND GRN/Page_KDMC - CMS/select_--Select--No Tax0'

2018-05-28 13:28:28 - [TEST_STEP][PASSED] - setText: Finding Test Object with id 'Object Repository/MOH AND GRN/Page_KDMC - CMS/input_txtmrp'

2018-05-28 13:28:28 - [TEST_STEP][PASSED] - Statement - switch (id): Finding Test Object with id 'Object Repository/MOH AND GRN/Page_KDMC - CMS/input_txtdeal'

2018-05-28 13:28:28 - [TEST_STEP][PASSED] - Statement - case 4:: Text '37.0' is set on object 'Object Repository/MOH AND GRN/Page_KDMC - CMS/input_txtmrp'

2018-05-28 13:28:28 - [TEST_STEP][PASSED] - Statement - return (java.lang.Math.floor((java.lang.Math.random() * ((max - min) + 1))) + min): Text '37.0' is set on object 'Object Repository/MOH AND GRN/Page_KDMC - CMS/input_txtmrp'

2018-05-28 13:28:28 - [MESSAGE][PASSED] - Text '37.0' is set on object 'Object Repository/MOH AND GRN/Page_KDMC - CMS/input_txtmrp'

2018-05-28 13:28:28 - [TEST_STEP][PASSED] - setText: Finding Test Object with id 'Object Repository/MOH AND GRN/Page_KDMC - CMS/input_txtdeal'

2018-05-28 13:28:28 - [TEST_STEP][PASSED] - Statement - switch (id): Finding Test Object with id 'Object Repository/MOH AND GRN/Page_KDMC - CMS/input_txtbatchno'

2018-05-28 13:28:28 - [TEST_STEP][PASSED] - Statement - case 5:: Text '8.0' is set on object 'Object Repository/MOH AND GRN/Page_KDMC - CMS/input_txtdeal'

2018-05-28 13:28:28 - [TEST_STEP][PASSED] - Statement - return (java.lang.Math.floor((java.lang.Math.random() * ((max - min) + 1))) + min): Text '8.0' is set on object 'Object Repository/MOH AND GRN/Page_KDMC - CMS/input_txtdeal'

2018-05-28 13:28:28 - [MESSAGE][PASSED] - Text '8.0' is set on object 'Object Repository/MOH AND GRN/Page_KDMC - CMS/input_txtdeal'

2018-05-28 13:28:28 - [TEST_STEP][PASSED] - setText: Finding Test Object with id 'Object Repository/MOH AND GRN/Page_KDMC - CMS/input_txtbatchno'

2018-05-28 13:28:28 - [TEST_STEP][PASSED] - Statement - switch (id): Finding Test Object with id 'Object Repository/MOH AND GRN/Page_KDMC - CMS/input_txtmrp'

2018-05-28 13:28:28 - [TEST_STEP][PASSED] - Statement - case 1:: Text 'BA597.0' is set on object 'Object Repository/MOH AND GRN/Page_KDMC - CMS/input_txtbatchno'

2018-05-28 13:28:28 - [TEST_STEP][PASSED] - Statement - return (java.lang.Math.floor((java.lang.Math.random() * ((max - min) + 1))) + min): Text 'BA597.0' is set on object 'Object Repository/MOH AND GRN/Page_KDMC - CMS/input_txtbatchno'

2018-05-28 13:28:28 - [MESSAGE][PASSED] - Text 'BA597.0' is set on object 'Object Repository/MOH AND GRN/Page_KDMC - CMS/input_txtbatchno'

2018-05-28 13:28:28 - [TEST_STEP][PASSED] - rightClick: Object: 'Object Repository/GRN/Page_KDMC - CMS/input_txtexpdate' is right clicked on

2018-05-28 13:28:29 - [MESSAGE][PASSED] - Object: 'Object Repository/GRN/Page_KDMC - CMS/input_txtexpdate' is right clicked on

2018-05-28 13:28:29 - [TEST_STEP][PASSED] - selectOptionByIndex: All options with index in [4] are selected on object 'Object Repository/GRN/Page_KDMC - CMS/select_20182019202020212022202'

2018-05-28 13:28:29 - [MESSAGE][PASSED] - All options with index in [4] are selected on object 'Object Repository/GRN/Page_KDMC - CMS/select_20182019202020212022202'

2018-05-28 13:28:29 - [TEST_STEP][PASSED] - selectOptionByIndex: All options with index in [4] are selected on object 'Object Repository/GRN/Page_KDMC - CMS/select_JanFebMarAprMayJunJulAu'

2018-05-28 13:28:29 - [MESSAGE][PASSED] - All options with index in [4] are selected on object 'Object Repository/GRN/Page_KDMC - CMS/select_JanFebMarAprMayJunJulAu'

2018-05-28 13:28:29 - [TEST_STEP][PASSED] - click: Object: 'Object Repository/MOH AND GRN/Page_KDMC - CMS/a_12' is clicked on

2018-05-28 13:28:29 - [MESSAGE][PASSED] - Object: 'Object Repository/MOH AND GRN/Page_KDMC - CMS/a_12' is clicked on

2018-05-28 13:28:29 - [TEST_STEP][PASSED] - click: Object: 'Object Repository/MOH AND GRN/Page_KDMC - CMS/input_btnadd' is clicked on

2018-05-28 13:28:29 - [MESSAGE][PASSED] - Object: 'Object Repository/MOH AND GRN/Page_KDMC - CMS/input_btnadd' is clicked on

2018-05-28 13:28:29 - [TEST_STEP][PASSED] - Statement - If (s == 10): null

2018-05-28 13:28:29 - [TEST_STEP][PASSED] - Statement - Else: null

2018-05-28 13:28:29 - [TEST_STEP][PASSED] - Statement - (s++): null

2018-05-28 13:28:29 - [TEST_STEP][PASSED] - delay: Delayed 1 second(s)

2018-05-28 13:28:30 - [MESSAGE][PASSED] - Delayed 1 second(s)

2018-05-28 13:28:30 - [TEST_STEP][PASSED] - selectOptionByIndex: All options with index in [15] are selected on object 'Object Repository/MOH AND GRN/Page_KDMC - CMS/select_--Select--Amikacin -500'

2018-05-28 13:28:30 - [MESSAGE][PASSED] - All options with index in [15] are selected on object 'Object Repository/MOH AND GRN/Page_KDMC - CMS/select_--Select--Amikacin -500'

2018-05-28 13:28:30 - [TEST_STEP][PASSED] - setText: Text '5000' is set on object 'Object Repository/MOH AND GRN/Page_KDMC - CMS/input_txtqty'

2018-05-28 13:28:30 - [MESSAGE][PASSED] - Text '5000' is set on object 'Object Repository/MOH AND GRN/Page_KDMC - CMS/input_txtqty'

2018-05-28 13:28:30 - [TEST_STEP][PASSED] - selectOptionByIndex: All options with index in [1] are selected on object 'Object Repository/MOH AND GRN/Page_KDMC - CMS/select_--Select--No Tax0'

2018-05-28 13:28:31 - [MESSAGE][PASSED] - All options with index in [1] are selected on object 'Object Repository/MOH AND GRN/Page_KDMC - CMS/select_--Select--No Tax0'

2018-05-28 13:28:31 - [TEST_STEP][PASSED] - setText: Finding Test Object with id 'Object Repository/MOH AND GRN/Page_KDMC - CMS/input_txtmrp'

2018-05-28 13:28:31 - [TEST_STEP][PASSED] - Statement - switch (id): Finding Test Object with id 'Object Repository/MOH AND GRN/Page_KDMC - CMS/input_txtdeal'

2018-05-28 13:28:31 - [TEST_STEP][PASSED] - Statement - case 4:: Text '20.0' is set on object 'Object Repository/MOH AND GRN/Page_KDMC - CMS/input_txtmrp'

2018-05-28 13:28:31 - [TEST_STEP][PASSED] - Statement - return (java.lang.Math.floor((java.lang.Math.random() * ((max - min) + 1))) + min): Text '20.0' is set on object 'Object Repository/MOH AND GRN/Page_KDMC - CMS/input_txtmrp'

2018-05-28 13:28:31 - [MESSAGE][PASSED] - Text '20.0' is set on object 'Object Repository/MOH AND GRN/Page_KDMC - CMS/input_txtmrp'

2018-05-28 13:28:31 - [TEST_STEP][PASSED] - setText: Finding Test Object with id 'Object Repository/MOH AND GRN/Page_KDMC - CMS/input_txtdeal'

2018-05-28 13:28:31 - [TEST_STEP][PASSED] - Statement - switch (id): Finding Test Object with id 'Object Repository/MOH AND GRN/Page_KDMC - CMS/input_txtbatchno'

2018-05-28 13:28:31 - [TEST_STEP][PASSED] - Statement - case 5:: Text '12.0' is set on object 'Object Repository/MOH AND GRN/Page_KDMC - CMS/input_txtdeal'

2018-05-28 13:28:31 - [TEST_STEP][PASSED] - Statement - return (java.lang.Math.floor((java.lang.Math.random() * ((max - min) + 1))) + min): Text '12.0' is set on object 'Object Repository/MOH AND GRN/Page_KDMC - CMS/input_txtdeal'

2018-05-28 13:28:31 - [MESSAGE][PASSED] - Text '12.0' is set on object 'Object Repository/MOH AND GRN/Page_KDMC - CMS/input_txtdeal'

2018-05-28 13:28:31 - [TEST_STEP][PASSED] - setText: Finding Test Object with id 'Object Repository/MOH AND GRN/Page_KDMC - CMS/input_txtbatchno'

2018-05-28 13:28:31 - [TEST_STEP][PASSED] - Statement - switch (id): Delayed 1 second(s)

2018-05-28 13:28:31 - [TEST_STEP][PASSED] - Statement - case 1:: Text 'BA517.0' is set on object 'Object Repository/MOH AND GRN/Page_KDMC - CMS/input_txtbatchno'

2018-05-28 13:28:31 - [TEST_STEP][PASSED] - Statement - return (java.lang.Math.floor((java.lang.Math.random() * ((max - min) + 1))) + min): Text 'BA517.0' is set on object 'Object Repository/MOH AND GRN/Page_KDMC - CMS/input_txtbatchno'

2018-05-28 13:28:31 - [MESSAGE][PASSED] - Text 'BA517.0' is set on object 'Object Repository/MOH AND GRN/Page_KDMC - CMS/input_txtbatchno'

2018-05-28 13:28:31 - [TEST_STEP][PASSED] - rightClick: Object: 'Object Repository/GRN/Page_KDMC - CMS/input_txtexpdate' is right clicked on

2018-05-28 13:28:31 - [MESSAGE][PASSED] - Object: 'Object Repository/GRN/Page_KDMC - CMS/input_txtexpdate' is right clicked on

2018-05-28 13:28:31 - [TEST_STEP][PASSED] - selectOptionByIndex: All options with index in [5] are selected on object 'Object Repository/GRN/Page_KDMC - CMS/select_20182019202020212022202'

2018-05-28 13:28:31 - [MESSAGE][PASSED] - All options with index in [5] are selected on object 'Object Repository/GRN/Page_KDMC - CMS/select_20182019202020212022202'

2018-05-28 13:28:31 - [TEST_STEP][PASSED] - selectOptionByIndex: All options with index in [5] are selected on object 'Object Repository/GRN/Page_KDMC - CMS/select_JanFebMarAprMayJunJulAu'

2018-05-28 13:28:31 - [MESSAGE][PASSED] - All options with index in [5] are selected on object 'Object Repository/GRN/Page_KDMC - CMS/select_JanFebMarAprMayJunJulAu'

2018-05-28 13:28:31 - [TEST_STEP][PASSED] - click: Object: 'Object Repository/MOH AND GRN/Page_KDMC - CMS/a_12' is clicked on

2018-05-28 13:28:31 - [MESSAGE][PASSED] - Object: 'Object Repository/MOH AND GRN/Page_KDMC - CMS/a_12' is clicked on

2018-05-28 13:28:31 - [TEST_STEP][PASSED] - click: Object: 'Object Repository/MOH AND GRN/Page_KDMC - CMS/input_btnadd' is clicked on

2018-05-28 13:28:31 - [MESSAGE][PASSED] - Object: 'Object Repository/MOH AND GRN/Page_KDMC - CMS/input_btnadd' is clicked on

2018-05-28 13:28:31 - [TEST_STEP][PASSED] - Statement - If (s == 10): null

2018-05-28 13:28:31 - [TEST_STEP][PASSED] - Statement - Else: null

2018-05-28 13:28:31 - [TEST_STEP][PASSED] - Statement - (s++): null

2018-05-28 13:28:31 - [TEST_STEP][PASSED] - delay: Delayed 1 second(s)

2018-05-28 13:28:32 - [MESSAGE][PASSED] - Delayed 1 second(s)

2018-05-28 13:28:32 - [TEST_STEP][PASSED] - scrollToElement: Scroll to object 'Object Repository/MOH AND GRN/Page_KDMC - CMS/input_btnSubmit' successfully

2018-05-28 13:28:32 - [MESSAGE][PASSED] - Scroll to object 'Object Repository/MOH AND GRN/Page_KDMC - CMS/input_btnSubmit' successfully

2018-05-28 13:28:32 - [TEST_STEP][PASSED] - click: Object: 'Object Repository/MOH AND GRN/Page_KDMC - CMS/input_btnSubmit' is clicked on

2018-05-28 13:28:33 - [MESSAGE][PASSED] - Object: 'Object Repository/MOH AND GRN/Page_KDMC - CMS/input_btnSubmit' is clicked on

2018-05-28 13:28:33 - [TEST_STEP][PASSED] - delay: Delayed 3 second(s)

2018-05-28 13:28:36 - [MESSAGE][PASSED] - Delayed 3 second(s)

2018-05-28 13:28:36 - [TEST_STEP][PASSED] - click: Object: 'Object Repository/MOH AND GRN/Page_KDMC - CMS/button_OK' is clicked on

2018-05-28 13:28:36 - [MESSAGE][PASSED] - Object: 'Object Repository/MOH AND GRN/Page_KDMC - CMS/button_OK' is clicked on

2018-05-28 13:28:36 - [TEST_STEP][PASSED] - delay: Delayed 2 second(s)

2018-05-28 13:28:38 - [MESSAGE][PASSED] - Delayed 2 second(s)

2018-05-28 13:28:38 - [TEST_STEP][PASSED] - delay: Delayed 3 second(s)

2018-05-28 13:28:41 - [MESSAGE][PASSED] - Delayed 3 second(s)

2018-05-28 13:28:41 - [TEST_STEP][PASSED] - click: Object: 'Object Repository/MOH AND GRN/Page_KDMC - CMS/a_dropdown-toggle' is clicked on

2018-05-28 13:28:41 - [MESSAGE][PASSED] - Object: 'Object Repository/MOH AND GRN/Page_KDMC - CMS/a_dropdown-toggle' is clicked on

2018-05-28 13:28:41 - [TEST_STEP][PASSED] - click: Object: 'Object Repository/MOH AND GRN/Page_KDMC - CMS/a_Sign out' is clicked on

2018-05-28 13:28:42 - [MESSAGE][PASSED] - Object: 'Object Repository/MOH AND GRN/Page_KDMC - CMS/a_Sign out' is clicked on

2018-05-28 13:28:42 - [TEST_STEP][PASSED] - closeBrowser: Browser is closed

2018-05-28 13:28:42 - [MESSAGE][PASSED] - Browser is closed]]></system-out>
         <system-err><![CDATA[]]></system-err>
      </testcase>
      <testcase name="Test Cases/TEST/MOH REQUEST AND GRN/Moh Request GRN  Schedule 5" classname="Test Cases/TEST/MOH REQUEST AND GRN/Moh Request GRN  Schedule 5" status="PASSED">
         <system-out><![CDATA[2018-05-28 13:28:42 - [TEST_CASE][PASSED] - Test Cases/TEST/MOH REQUEST AND GRN/Moh Request GRN  Schedule 5: Test Cases/TEST/MOH REQUEST AND GRN/Moh Request GRN  Schedule 5

2018-05-28 13:28:43 - [TEST_STEP][PASSED] - openBrowser: Browser is opened with url: ''

2018-05-28 13:28:45 - [MESSAGE][PASSED] - Browser is opened with url: ''

2018-05-28 13:28:45 - [TEST_STEP][PASSED] - navigateToUrl: Navigate to 'http://192.168.137.1/multihospital_new/' successfully

2018-05-28 13:28:47 - [MESSAGE][PASSED] - Navigate to 'http://192.168.137.1/multihospital_new/' successfully

2018-05-28 13:28:47 - [TEST_STEP][PASSED] - maximizeWindow: Current window maximized

2018-05-28 13:28:48 - [MESSAGE][PASSED] - Current window maximized

2018-05-28 13:28:48 - [TEST_STEP][PASSED] - click: Object: 'Object Repository/MOH AND GRN/Page_KDMC/a_CMS' is clicked on

2018-05-28 13:28:49 - [MESSAGE][PASSED] - Object: 'Object Repository/MOH AND GRN/Page_KDMC/a_CMS' is clicked on

2018-05-28 13:28:49 - [TEST_STEP][PASSED] - setText: Text 'bala' is set on object 'Object Repository/MOH AND GRN/Page_CMS login/input_txtusername'

2018-05-28 13:28:49 - [MESSAGE][PASSED] - Text 'bala' is set on object 'Object Repository/MOH AND GRN/Page_CMS login/input_txtusername'

2018-05-28 13:28:49 - [TEST_STEP][PASSED] - setText: Text '123' is set on object 'Object Repository/MOH AND GRN/Page_CMS login/input_txtpassword'

2018-05-28 13:28:49 - [MESSAGE][PASSED] - Text '123' is set on object 'Object Repository/MOH AND GRN/Page_CMS login/input_txtpassword'

2018-05-28 13:28:49 - [TEST_STEP][PASSED] - delay: Delayed 3 second(s)

2018-05-28 13:28:52 - [MESSAGE][PASSED] - Delayed 3 second(s)

2018-05-28 13:28:52 - [TEST_STEP][PASSED] - click: Object: 'Object Repository/MOH AND GRN/Page_CMS login/button_Sign in' is clicked on

2018-05-28 13:28:53 - [MESSAGE][PASSED] - Object: 'Object Repository/MOH AND GRN/Page_CMS login/button_Sign in' is clicked on

2018-05-28 13:28:53 - [TEST_STEP][PASSED] - click: Object: 'Object Repository/MOH AND GRN/Page_KDMC - CMS/a_Request to MOH' is clicked on

2018-05-28 13:28:54 - [MESSAGE][PASSED] - Object: 'Object Repository/MOH AND GRN/Page_KDMC - CMS/a_Request to MOH' is clicked on

2018-05-28 13:28:54 - [TEST_STEP][PASSED] - selectOptionByIndex: All options with index in [2] are selected on object 'Object Repository/MOH AND GRN/Page_KDMC - CMS/select_--Select--'

2018-05-28 13:28:54 - [MESSAGE][PASSED] - All options with index in [2] are selected on object 'Object Repository/MOH AND GRN/Page_KDMC - CMS/select_--Select--'

2018-05-28 13:28:54 - [TEST_STEP][PASSED] - selectOptionByIndex: All options with index in [5] are selected on object 'Object Repository/MOH AND GRN/Page_KDMC - CMS/select_--Select--Schedule 1Inj'

2018-05-28 13:28:54 - [MESSAGE][PASSED] - All options with index in [5] are selected on object 'Object Repository/MOH AND GRN/Page_KDMC - CMS/select_--Select--Schedule 1Inj'

2018-05-28 13:28:54 - [TEST_STEP][PASSED] - Statement - selectedoptions = com.kms.katalon.core.webui.keyword.WebUiBuiltInKeywords.getNumberOfTotalOption(com.kms.katalon.core.testobject.ObjectRepository.findTestObject(MOH AND GRN/Page_KDMC - CMS/select_--Select--Adernaline 0.)): 17 options of object 'Object Repository/MOH AND GRN/Page_KDMC - CMS/select_--Select--Adernaline 0.' counted

2018-05-28 13:28:54 - [MESSAGE][PASSED] - 17 options of object 'Object Repository/MOH AND GRN/Page_KDMC - CMS/select_--Select--Adernaline 0.' counted

2018-05-28 13:28:54 - [TEST_STEP][PASSED] - Statement - For ([j = 1, j <= selectedoptions - 1, (j++)]): Object: 'Object Repository/MOH AND GRN/Page_KDMC - CMS/button_Add' is clicked on

2018-05-28 13:28:54 - [TEST_STEP][PASSED] - selectOptionByIndex: All options with index in [5] are selected on object 'Object Repository/MOH AND GRN/Page_KDMC - CMS/select_--Select--Schedule 1Inj'

2018-05-28 13:28:54 - [MESSAGE][PASSED] - All options with index in [5] are selected on object 'Object Repository/MOH AND GRN/Page_KDMC - CMS/select_--Select--Schedule 1Inj'

2018-05-28 13:28:54 - [TEST_STEP][PASSED] - selectOptionByIndex: All options with index in [1] are selected on object 'Object Repository/MOH AND GRN/Page_KDMC - CMS/select_--Select--Adernaline 0.'

2018-05-28 13:28:55 - [MESSAGE][PASSED] - All options with index in [1] are selected on object 'Object Repository/MOH AND GRN/Page_KDMC - CMS/select_--Select--Adernaline 0.'

2018-05-28 13:28:55 - [TEST_STEP][PASSED] - setText: Text '5000' is set on object 'Object Repository/MOH AND GRN/Page_KDMC - CMS/input_txttreat'

2018-05-28 13:28:55 - [MESSAGE][PASSED] - Text '5000' is set on object 'Object Repository/MOH AND GRN/Page_KDMC - CMS/input_txttreat'

2018-05-28 13:28:55 - [TEST_STEP][PASSED] - click: Object: 'Object Repository/MOH AND GRN/Page_KDMC - CMS/button_Add' is clicked on

2018-05-28 13:28:55 - [MESSAGE][PASSED] - Object: 'Object Repository/MOH AND GRN/Page_KDMC - CMS/button_Add' is clicked on

2018-05-28 13:28:55 - [TEST_STEP][PASSED] - selectOptionByIndex: All options with index in [5] are selected on object 'Object Repository/MOH AND GRN/Page_KDMC - CMS/select_--Select--Schedule 1Inj'

2018-05-28 13:28:55 - [MESSAGE][PASSED] - All options with index in [5] are selected on object 'Object Repository/MOH AND GRN/Page_KDMC - CMS/select_--Select--Schedule 1Inj'

2018-05-28 13:28:55 - [TEST_STEP][PASSED] - selectOptionByIndex: All options with index in [2] are selected on object 'Object Repository/MOH AND GRN/Page_KDMC - CMS/select_--Select--Adernaline 0.'

2018-05-28 13:28:55 - [MESSAGE][PASSED] - All options with index in [2] are selected on object 'Object Repository/MOH AND GRN/Page_KDMC - CMS/select_--Select--Adernaline 0.'

2018-05-28 13:28:55 - [TEST_STEP][PASSED] - setText: Text '5000' is set on object 'Object Repository/MOH AND GRN/Page_KDMC - CMS/input_txttreat'

2018-05-28 13:28:55 - [MESSAGE][PASSED] - Text '5000' is set on object 'Object Repository/MOH AND GRN/Page_KDMC - CMS/input_txttreat'

2018-05-28 13:28:55 - [TEST_STEP][PASSED] - click: Object: 'Object Repository/MOH AND GRN/Page_KDMC - CMS/button_Add' is clicked on

2018-05-28 13:28:55 - [MESSAGE][PASSED] - Object: 'Object Repository/MOH AND GRN/Page_KDMC - CMS/button_Add' is clicked on

2018-05-28 13:28:55 - [TEST_STEP][PASSED] - selectOptionByIndex: All options with index in [5] are selected on object 'Object Repository/MOH AND GRN/Page_KDMC - CMS/select_--Select--Schedule 1Inj'

2018-05-28 13:28:55 - [MESSAGE][PASSED] - All options with index in [5] are selected on object 'Object Repository/MOH AND GRN/Page_KDMC - CMS/select_--Select--Schedule 1Inj'

2018-05-28 13:28:55 - [TEST_STEP][PASSED] - selectOptionByIndex: All options with index in [3] are selected on object 'Object Repository/MOH AND GRN/Page_KDMC - CMS/select_--Select--Adernaline 0.'

2018-05-28 13:28:56 - [MESSAGE][PASSED] - All options with index in [3] are selected on object 'Object Repository/MOH AND GRN/Page_KDMC - CMS/select_--Select--Adernaline 0.'

2018-05-28 13:28:56 - [TEST_STEP][PASSED] - setText: Text '5000' is set on object 'Object Repository/MOH AND GRN/Page_KDMC - CMS/input_txttreat'

2018-05-28 13:28:56 - [MESSAGE][PASSED] - Text '5000' is set on object 'Object Repository/MOH AND GRN/Page_KDMC - CMS/input_txttreat'

2018-05-28 13:28:56 - [TEST_STEP][PASSED] - click: Object: 'Object Repository/MOH AND GRN/Page_KDMC - CMS/button_Add' is clicked on

2018-05-28 13:28:56 - [MESSAGE][PASSED] - Object: 'Object Repository/MOH AND GRN/Page_KDMC - CMS/button_Add' is clicked on

2018-05-28 13:28:56 - [TEST_STEP][PASSED] - selectOptionByIndex: All options with index in [5] are selected on object 'Object Repository/MOH AND GRN/Page_KDMC - CMS/select_--Select--Schedule 1Inj'

2018-05-28 13:28:56 - [MESSAGE][PASSED] - All options with index in [5] are selected on object 'Object Repository/MOH AND GRN/Page_KDMC - CMS/select_--Select--Schedule 1Inj'

2018-05-28 13:28:56 - [TEST_STEP][PASSED] - selectOptionByIndex: All options with index in [4] are selected on object 'Object Repository/MOH AND GRN/Page_KDMC - CMS/select_--Select--Adernaline 0.'

2018-05-28 13:28:56 - [MESSAGE][PASSED] - All options with index in [4] are selected on object 'Object Repository/MOH AND GRN/Page_KDMC - CMS/select_--Select--Adernaline 0.'

2018-05-28 13:28:56 - [TEST_STEP][PASSED] - setText: Text '5000' is set on object 'Object Repository/MOH AND GRN/Page_KDMC - CMS/input_txttreat'

2018-05-28 13:28:56 - [MESSAGE][PASSED] - Text '5000' is set on object 'Object Repository/MOH AND GRN/Page_KDMC - CMS/input_txttreat'

2018-05-28 13:28:56 - [TEST_STEP][PASSED] - click: Object: 'Object Repository/MOH AND GRN/Page_KDMC - CMS/button_Add' is clicked on

2018-05-28 13:28:56 - [MESSAGE][PASSED] - Object: 'Object Repository/MOH AND GRN/Page_KDMC - CMS/button_Add' is clicked on

2018-05-28 13:28:56 - [TEST_STEP][PASSED] - selectOptionByIndex: All options with index in [5] are selected on object 'Object Repository/MOH AND GRN/Page_KDMC - CMS/select_--Select--Schedule 1Inj'

2018-05-28 13:28:56 - [MESSAGE][PASSED] - All options with index in [5] are selected on object 'Object Repository/MOH AND GRN/Page_KDMC - CMS/select_--Select--Schedule 1Inj'

2018-05-28 13:28:56 - [TEST_STEP][PASSED] - selectOptionByIndex: All options with index in [5] are selected on object 'Object Repository/MOH AND GRN/Page_KDMC - CMS/select_--Select--Adernaline 0.'

2018-05-28 13:28:56 - [MESSAGE][PASSED] - All options with index in [5] are selected on object 'Object Repository/MOH AND GRN/Page_KDMC - CMS/select_--Select--Adernaline 0.'

2018-05-28 13:28:56 - [TEST_STEP][PASSED] - setText: Text '5000' is set on object 'Object Repository/MOH AND GRN/Page_KDMC - CMS/input_txttreat'

2018-05-28 13:28:56 - [MESSAGE][PASSED] - Text '5000' is set on object 'Object Repository/MOH AND GRN/Page_KDMC - CMS/input_txttreat'

2018-05-28 13:28:56 - [TEST_STEP][PASSED] - click: Object: 'Object Repository/MOH AND GRN/Page_KDMC - CMS/button_Add' is clicked on

2018-05-28 13:28:57 - [MESSAGE][PASSED] - Object: 'Object Repository/MOH AND GRN/Page_KDMC - CMS/button_Add' is clicked on

2018-05-28 13:28:57 - [TEST_STEP][PASSED] - selectOptionByIndex: All options with index in [5] are selected on object 'Object Repository/MOH AND GRN/Page_KDMC - CMS/select_--Select--Schedule 1Inj'

2018-05-28 13:28:57 - [MESSAGE][PASSED] - All options with index in [5] are selected on object 'Object Repository/MOH AND GRN/Page_KDMC - CMS/select_--Select--Schedule 1Inj'

2018-05-28 13:28:57 - [TEST_STEP][PASSED] - selectOptionByIndex: All options with index in [6] are selected on object 'Object Repository/MOH AND GRN/Page_KDMC - CMS/select_--Select--Adernaline 0.'

2018-05-28 13:28:57 - [MESSAGE][PASSED] - All options with index in [6] are selected on object 'Object Repository/MOH AND GRN/Page_KDMC - CMS/select_--Select--Adernaline 0.'

2018-05-28 13:28:57 - [TEST_STEP][PASSED] - setText: Text '5000' is set on object 'Object Repository/MOH AND GRN/Page_KDMC - CMS/input_txttreat'

2018-05-28 13:28:57 - [MESSAGE][PASSED] - Text '5000' is set on object 'Object Repository/MOH AND GRN/Page_KDMC - CMS/input_txttreat'

2018-05-28 13:28:57 - [TEST_STEP][PASSED] - click: Object: 'Object Repository/MOH AND GRN/Page_KDMC - CMS/button_Add' is clicked on

2018-05-28 13:28:57 - [MESSAGE][PASSED] - Object: 'Object Repository/MOH AND GRN/Page_KDMC - CMS/button_Add' is clicked on

2018-05-28 13:28:57 - [TEST_STEP][PASSED] - selectOptionByIndex: All options with index in [5] are selected on object 'Object Repository/MOH AND GRN/Page_KDMC - CMS/select_--Select--Schedule 1Inj'

2018-05-28 13:28:57 - [MESSAGE][PASSED] - All options with index in [5] are selected on object 'Object Repository/MOH AND GRN/Page_KDMC - CMS/select_--Select--Schedule 1Inj'

2018-05-28 13:28:57 - [TEST_STEP][PASSED] - selectOptionByIndex: All options with index in [7] are selected on object 'Object Repository/MOH AND GRN/Page_KDMC - CMS/select_--Select--Adernaline 0.'

2018-05-28 13:28:57 - [MESSAGE][PASSED] - All options with index in [7] are selected on object 'Object Repository/MOH AND GRN/Page_KDMC - CMS/select_--Select--Adernaline 0.'

2018-05-28 13:28:57 - [TEST_STEP][PASSED] - setText: Text '5000' is set on object 'Object Repository/MOH AND GRN/Page_KDMC - CMS/input_txttreat'

2018-05-28 13:28:57 - [MESSAGE][PASSED] - Text '5000' is set on object 'Object Repository/MOH AND GRN/Page_KDMC - CMS/input_txttreat'

2018-05-28 13:28:57 - [TEST_STEP][PASSED] - click: Object: 'Object Repository/MOH AND GRN/Page_KDMC - CMS/button_Add' is clicked on

2018-05-28 13:28:57 - [MESSAGE][PASSED] - Object: 'Object Repository/MOH AND GRN/Page_KDMC - CMS/button_Add' is clicked on

2018-05-28 13:28:57 - [TEST_STEP][PASSED] - selectOptionByIndex: All options with index in [5] are selected on object 'Object Repository/MOH AND GRN/Page_KDMC - CMS/select_--Select--Schedule 1Inj'

2018-05-28 13:28:58 - [MESSAGE][PASSED] - All options with index in [5] are selected on object 'Object Repository/MOH AND GRN/Page_KDMC - CMS/select_--Select--Schedule 1Inj'

2018-05-28 13:28:58 - [TEST_STEP][PASSED] - selectOptionByIndex: All options with index in [8] are selected on object 'Object Repository/MOH AND GRN/Page_KDMC - CMS/select_--Select--Adernaline 0.'

2018-05-28 13:28:58 - [MESSAGE][PASSED] - All options with index in [8] are selected on object 'Object Repository/MOH AND GRN/Page_KDMC - CMS/select_--Select--Adernaline 0.'

2018-05-28 13:28:58 - [TEST_STEP][PASSED] - setText: Text '5000' is set on object 'Object Repository/MOH AND GRN/Page_KDMC - CMS/input_txttreat'

2018-05-28 13:28:58 - [MESSAGE][PASSED] - Text '5000' is set on object 'Object Repository/MOH AND GRN/Page_KDMC - CMS/input_txttreat'

2018-05-28 13:28:58 - [TEST_STEP][PASSED] - click: Object: 'Object Repository/MOH AND GRN/Page_KDMC - CMS/button_Add' is clicked on

2018-05-28 13:28:58 - [MESSAGE][PASSED] - Object: 'Object Repository/MOH AND GRN/Page_KDMC - CMS/button_Add' is clicked on

2018-05-28 13:28:58 - [TEST_STEP][PASSED] - selectOptionByIndex: All options with index in [5] are selected on object 'Object Repository/MOH AND GRN/Page_KDMC - CMS/select_--Select--Schedule 1Inj'

2018-05-28 13:28:58 - [MESSAGE][PASSED] - All options with index in [5] are selected on object 'Object Repository/MOH AND GRN/Page_KDMC - CMS/select_--Select--Schedule 1Inj'

2018-05-28 13:28:58 - [TEST_STEP][PASSED] - selectOptionByIndex: All options with index in [9] are selected on object 'Object Repository/MOH AND GRN/Page_KDMC - CMS/select_--Select--Adernaline 0.'

2018-05-28 13:28:58 - [MESSAGE][PASSED] - All options with index in [9] are selected on object 'Object Repository/MOH AND GRN/Page_KDMC - CMS/select_--Select--Adernaline 0.'

2018-05-28 13:28:58 - [TEST_STEP][PASSED] - setText: Text '5000' is set on object 'Object Repository/MOH AND GRN/Page_KDMC - CMS/input_txttreat'

2018-05-28 13:28:58 - [MESSAGE][PASSED] - Text '5000' is set on object 'Object Repository/MOH AND GRN/Page_KDMC - CMS/input_txttreat'

2018-05-28 13:28:58 - [TEST_STEP][PASSED] - click: Object: 'Object Repository/MOH AND GRN/Page_KDMC - CMS/button_Add' is clicked on

2018-05-28 13:28:58 - [MESSAGE][PASSED] - Object: 'Object Repository/MOH AND GRN/Page_KDMC - CMS/button_Add' is clicked on

2018-05-28 13:28:58 - [TEST_STEP][PASSED] - selectOptionByIndex: All options with index in [5] are selected on object 'Object Repository/MOH AND GRN/Page_KDMC - CMS/select_--Select--Schedule 1Inj'

2018-05-28 13:28:58 - [MESSAGE][PASSED] - All options with index in [5] are selected on object 'Object Repository/MOH AND GRN/Page_KDMC - CMS/select_--Select--Schedule 1Inj'

2018-05-28 13:28:58 - [TEST_STEP][PASSED] - selectOptionByIndex: All options with index in [10] are selected on object 'Object Repository/MOH AND GRN/Page_KDMC - CMS/select_--Select--Adernaline 0.'

2018-05-28 13:28:59 - [MESSAGE][PASSED] - All options with index in [10] are selected on object 'Object Repository/MOH AND GRN/Page_KDMC - CMS/select_--Select--Adernaline 0.'

2018-05-28 13:28:59 - [TEST_STEP][PASSED] - setText: Text '5000' is set on object 'Object Repository/MOH AND GRN/Page_KDMC - CMS/input_txttreat'

2018-05-28 13:28:59 - [MESSAGE][PASSED] - Text '5000' is set on object 'Object Repository/MOH AND GRN/Page_KDMC - CMS/input_txttreat'

2018-05-28 13:28:59 - [TEST_STEP][PASSED] - click: Object: 'Object Repository/MOH AND GRN/Page_KDMC - CMS/button_Add' is clicked on

2018-05-28 13:28:59 - [MESSAGE][PASSED] - Object: 'Object Repository/MOH AND GRN/Page_KDMC - CMS/button_Add' is clicked on

2018-05-28 13:28:59 - [TEST_STEP][PASSED] - selectOptionByIndex: All options with index in [5] are selected on object 'Object Repository/MOH AND GRN/Page_KDMC - CMS/select_--Select--Schedule 1Inj'

2018-05-28 13:28:59 - [MESSAGE][PASSED] - All options with index in [5] are selected on object 'Object Repository/MOH AND GRN/Page_KDMC - CMS/select_--Select--Schedule 1Inj'

2018-05-28 13:28:59 - [TEST_STEP][PASSED] - selectOptionByIndex: All options with index in [11] are selected on object 'Object Repository/MOH AND GRN/Page_KDMC - CMS/select_--Select--Adernaline 0.'

2018-05-28 13:28:59 - [MESSAGE][PASSED] - All options with index in [11] are selected on object 'Object Repository/MOH AND GRN/Page_KDMC - CMS/select_--Select--Adernaline 0.'

2018-05-28 13:28:59 - [TEST_STEP][PASSED] - setText: Text '5000' is set on object 'Object Repository/MOH AND GRN/Page_KDMC - CMS/input_txttreat'

2018-05-28 13:28:59 - [MESSAGE][PASSED] - Text '5000' is set on object 'Object Repository/MOH AND GRN/Page_KDMC - CMS/input_txttreat'

2018-05-28 13:28:59 - [TEST_STEP][PASSED] - click: Object: 'Object Repository/MOH AND GRN/Page_KDMC - CMS/button_Add' is clicked on

2018-05-28 13:28:59 - [MESSAGE][PASSED] - Object: 'Object Repository/MOH AND GRN/Page_KDMC - CMS/button_Add' is clicked on

2018-05-28 13:28:59 - [TEST_STEP][PASSED] - selectOptionByIndex: All options with index in [5] are selected on object 'Object Repository/MOH AND GRN/Page_KDMC - CMS/select_--Select--Schedule 1Inj'

2018-05-28 13:28:59 - [MESSAGE][PASSED] - All options with index in [5] are selected on object 'Object Repository/MOH AND GRN/Page_KDMC - CMS/select_--Select--Schedule 1Inj'

2018-05-28 13:28:59 - [TEST_STEP][PASSED] - selectOptionByIndex: All options with index in [12] are selected on object 'Object Repository/MOH AND GRN/Page_KDMC - CMS/select_--Select--Adernaline 0.'

2018-05-28 13:29:00 - [MESSAGE][PASSED] - All options with index in [12] are selected on object 'Object Repository/MOH AND GRN/Page_KDMC - CMS/select_--Select--Adernaline 0.'

2018-05-28 13:29:00 - [TEST_STEP][PASSED] - setText: Text '5000' is set on object 'Object Repository/MOH AND GRN/Page_KDMC - CMS/input_txttreat'

2018-05-28 13:29:00 - [MESSAGE][PASSED] - Text '5000' is set on object 'Object Repository/MOH AND GRN/Page_KDMC - CMS/input_txttreat'

2018-05-28 13:29:00 - [TEST_STEP][PASSED] - click: Object: 'Object Repository/MOH AND GRN/Page_KDMC - CMS/button_Add' is clicked on

2018-05-28 13:29:00 - [MESSAGE][PASSED] - Object: 'Object Repository/MOH AND GRN/Page_KDMC - CMS/button_Add' is clicked on

2018-05-28 13:29:00 - [TEST_STEP][PASSED] - selectOptionByIndex: All options with index in [5] are selected on object 'Object Repository/MOH AND GRN/Page_KDMC - CMS/select_--Select--Schedule 1Inj'

2018-05-28 13:29:00 - [MESSAGE][PASSED] - All options with index in [5] are selected on object 'Object Repository/MOH AND GRN/Page_KDMC - CMS/select_--Select--Schedule 1Inj'

2018-05-28 13:29:00 - [TEST_STEP][PASSED] - selectOptionByIndex: All options with index in [13] are selected on object 'Object Repository/MOH AND GRN/Page_KDMC - CMS/select_--Select--Adernaline 0.'

2018-05-28 13:29:00 - [MESSAGE][PASSED] - All options with index in [13] are selected on object 'Object Repository/MOH AND GRN/Page_KDMC - CMS/select_--Select--Adernaline 0.'

2018-05-28 13:29:00 - [TEST_STEP][PASSED] - setText: Text '5000' is set on object 'Object Repository/MOH AND GRN/Page_KDMC - CMS/input_txttreat'

2018-05-28 13:29:00 - [MESSAGE][PASSED] - Text '5000' is set on object 'Object Repository/MOH AND GRN/Page_KDMC - CMS/input_txttreat'

2018-05-28 13:29:00 - [TEST_STEP][PASSED] - click: Object: 'Object Repository/MOH AND GRN/Page_KDMC - CMS/button_Add' is clicked on

2018-05-28 13:29:00 - [MESSAGE][PASSED] - Object: 'Object Repository/MOH AND GRN/Page_KDMC - CMS/button_Add' is clicked on

2018-05-28 13:29:00 - [TEST_STEP][PASSED] - selectOptionByIndex: All options with index in [5] are selected on object 'Object Repository/MOH AND GRN/Page_KDMC - CMS/select_--Select--Schedule 1Inj'

2018-05-28 13:29:00 - [MESSAGE][PASSED] - All options with index in [5] are selected on object 'Object Repository/MOH AND GRN/Page_KDMC - CMS/select_--Select--Schedule 1Inj'

2018-05-28 13:29:00 - [TEST_STEP][PASSED] - selectOptionByIndex: All options with index in [14] are selected on object 'Object Repository/MOH AND GRN/Page_KDMC - CMS/select_--Select--Adernaline 0.'

2018-05-28 13:29:01 - [MESSAGE][PASSED] - All options with index in [14] are selected on object 'Object Repository/MOH AND GRN/Page_KDMC - CMS/select_--Select--Adernaline 0.'

2018-05-28 13:29:01 - [TEST_STEP][PASSED] - setText: Text '5000' is set on object 'Object Repository/MOH AND GRN/Page_KDMC - CMS/input_txttreat'

2018-05-28 13:29:01 - [MESSAGE][PASSED] - Text '5000' is set on object 'Object Repository/MOH AND GRN/Page_KDMC - CMS/input_txttreat'

2018-05-28 13:29:01 - [TEST_STEP][PASSED] - click: Object: 'Object Repository/MOH AND GRN/Page_KDMC - CMS/button_Add' is clicked on

2018-05-28 13:29:01 - [MESSAGE][PASSED] - Object: 'Object Repository/MOH AND GRN/Page_KDMC - CMS/button_Add' is clicked on

2018-05-28 13:29:01 - [TEST_STEP][PASSED] - selectOptionByIndex: All options with index in [5] are selected on object 'Object Repository/MOH AND GRN/Page_KDMC - CMS/select_--Select--Schedule 1Inj'

2018-05-28 13:29:01 - [MESSAGE][PASSED] - All options with index in [5] are selected on object 'Object Repository/MOH AND GRN/Page_KDMC - CMS/select_--Select--Schedule 1Inj'

2018-05-28 13:29:01 - [TEST_STEP][PASSED] - selectOptionByIndex: All options with index in [15] are selected on object 'Object Repository/MOH AND GRN/Page_KDMC - CMS/select_--Select--Adernaline 0.'

2018-05-28 13:29:01 - [MESSAGE][PASSED] - All options with index in [15] are selected on object 'Object Repository/MOH AND GRN/Page_KDMC - CMS/select_--Select--Adernaline 0.'

2018-05-28 13:29:01 - [TEST_STEP][PASSED] - setText: Text '5000' is set on object 'Object Repository/MOH AND GRN/Page_KDMC - CMS/input_txttreat'

2018-05-28 13:29:01 - [MESSAGE][PASSED] - Text '5000' is set on object 'Object Repository/MOH AND GRN/Page_KDMC - CMS/input_txttreat'

2018-05-28 13:29:01 - [TEST_STEP][PASSED] - click: Object: 'Object Repository/MOH AND GRN/Page_KDMC - CMS/button_Add' is clicked on

2018-05-28 13:29:01 - [MESSAGE][PASSED] - Object: 'Object Repository/MOH AND GRN/Page_KDMC - CMS/button_Add' is clicked on

2018-05-28 13:29:01 - [TEST_STEP][PASSED] - selectOptionByIndex: All options with index in [5] are selected on object 'Object Repository/MOH AND GRN/Page_KDMC - CMS/select_--Select--Schedule 1Inj'

2018-05-28 13:29:02 - [MESSAGE][PASSED] - All options with index in [5] are selected on object 'Object Repository/MOH AND GRN/Page_KDMC - CMS/select_--Select--Schedule 1Inj'

2018-05-28 13:29:02 - [TEST_STEP][PASSED] - selectOptionByIndex: All options with index in [16] are selected on object 'Object Repository/MOH AND GRN/Page_KDMC - CMS/select_--Select--Adernaline 0.'

2018-05-28 13:29:02 - [MESSAGE][PASSED] - All options with index in [16] are selected on object 'Object Repository/MOH AND GRN/Page_KDMC - CMS/select_--Select--Adernaline 0.'

2018-05-28 13:29:02 - [TEST_STEP][PASSED] - setText: Text '5000' is set on object 'Object Repository/MOH AND GRN/Page_KDMC - CMS/input_txttreat'

2018-05-28 13:29:02 - [MESSAGE][PASSED] - Text '5000' is set on object 'Object Repository/MOH AND GRN/Page_KDMC - CMS/input_txttreat'

2018-05-28 13:29:02 - [TEST_STEP][PASSED] - click: Object: 'Object Repository/MOH AND GRN/Page_KDMC - CMS/button_Add' is clicked on

2018-05-28 13:29:02 - [MESSAGE][PASSED] - Object: 'Object Repository/MOH AND GRN/Page_KDMC - CMS/button_Add' is clicked on

2018-05-28 13:29:02 - [TEST_STEP][PASSED] - scrollToElement: Scroll to object 'Object Repository/MOH AND GRN/Page_KDMC - CMS/input_btnsave' successfully

2018-05-28 13:29:02 - [MESSAGE][PASSED] - Scroll to object 'Object Repository/MOH AND GRN/Page_KDMC - CMS/input_btnsave' successfully

2018-05-28 13:29:02 - [TEST_STEP][PASSED] - click: Object: 'Object Repository/MOH AND GRN/Page_KDMC - CMS/input_btnsave' is clicked on

2018-05-28 13:29:02 - [MESSAGE][PASSED] - Object: 'Object Repository/MOH AND GRN/Page_KDMC - CMS/input_btnsave' is clicked on

2018-05-28 13:29:02 - [TEST_STEP][PASSED] - delay: Delayed 3 second(s)

2018-05-28 13:29:05 - [MESSAGE][PASSED] - Delayed 3 second(s)

2018-05-28 13:29:05 - [TEST_STEP][PASSED] - Statement - Request1 = com.kms.katalon.core.webui.keyword.WebUiBuiltInKeywords.getText(com.kms.katalon.core.testobject.ObjectRepository.findTestObject(MOH AND GRN/Page_KDMC - CMS/font_PRNO0505201876)): Text of object 'Object Repository/MOH AND GRN/Page_KDMC - CMS/font_PRNO0505201876' is: 'PRNO/28052018/308'

2018-05-28 13:29:05 - [MESSAGE][PASSED] - Text of object 'Object Repository/MOH AND GRN/Page_KDMC - CMS/font_PRNO0505201876' is: 'PRNO/28052018/308'

2018-05-28 13:29:05 - [TEST_STEP][PASSED] - Statement - out.println("Length OF The Medicine " + Request1): null

2018-05-28 13:29:05 - [TEST_STEP][PASSED] - Statement - RequestNUmber = Request1.split("/")[2].trim(): null

2018-05-28 13:29:05 - [TEST_STEP][PASSED] - Statement - out.println("ID IS " + RequestNUmber): null

2018-05-28 13:29:05 - [TEST_STEP][PASSED] - delay: Delayed 3 second(s)

2018-05-28 13:29:08 - [MESSAGE][PASSED] - Delayed 3 second(s)

2018-05-28 13:29:08 - [TEST_STEP][PASSED] - click: Object: 'Object Repository/MOH AND GRN/Page_KDMC - CMS/button_OK' is clicked on

2018-05-28 13:29:09 - [MESSAGE][PASSED] - Object: 'Object Repository/MOH AND GRN/Page_KDMC - CMS/button_OK' is clicked on

2018-05-28 13:29:09 - [TEST_STEP][PASSED] - click: Object: 'Object Repository/MOH AND GRN/Page_KDMC - CMS/a_dropdown-toggle' is clicked on

2018-05-28 13:29:10 - [MESSAGE][PASSED] - Object: 'Object Repository/MOH AND GRN/Page_KDMC - CMS/a_dropdown-toggle' is clicked on

2018-05-28 13:29:10 - [TEST_STEP][PASSED] - click: Object: 'Object Repository/MOH AND GRN/Page_KDMC - CMS/a_Sign out' is clicked on

2018-05-28 13:29:11 - [MESSAGE][PASSED] - Object: 'Object Repository/MOH AND GRN/Page_KDMC - CMS/a_Sign out' is clicked on

2018-05-28 13:29:11 - [TEST_STEP][PASSED] - delay: Delayed 4 second(s)

2018-05-28 13:29:15 - [MESSAGE][PASSED] - Delayed 4 second(s)

2018-05-28 13:29:15 - [TEST_STEP][PASSED] - click: Object: 'Object Repository/MOH AND GRN/Page_KDMC/a_Admin Master' is clicked on

2018-05-28 13:29:15 - [MESSAGE][PASSED] - Object: 'Object Repository/MOH AND GRN/Page_KDMC/a_Admin Master' is clicked on

2018-05-28 13:29:15 - [TEST_STEP][PASSED] - setText: Text 'admin' is set on object 'Object Repository/MOH AND GRN/Page_Admin login/input_txtusername'

2018-05-28 13:29:15 - [MESSAGE][PASSED] - Text 'admin' is set on object 'Object Repository/MOH AND GRN/Page_Admin login/input_txtusername'

2018-05-28 13:29:15 - [TEST_STEP][PASSED] - setText: Text 'admin123' is set on object 'Object Repository/MOH AND GRN/Page_Admin login/input_txtpassword'

2018-05-28 13:29:16 - [MESSAGE][PASSED] - Text 'admin123' is set on object 'Object Repository/MOH AND GRN/Page_Admin login/input_txtpassword'

2018-05-28 13:29:16 - [TEST_STEP][PASSED] - delay: Delayed 3 second(s)

2018-05-28 13:29:19 - [MESSAGE][PASSED] - Delayed 3 second(s)

2018-05-28 13:29:19 - [TEST_STEP][PASSED] - click: Object: 'Object Repository/MOH AND GRN/Page_Admin login/button_Sign in' is clicked on

2018-05-28 13:29:19 - [MESSAGE][PASSED] - Object: 'Object Repository/MOH AND GRN/Page_Admin login/button_Sign in' is clicked on

2018-05-28 13:29:19 - [TEST_STEP][PASSED] - delay: Delayed 20 second(s)

2018-05-28 13:29:39 - [MESSAGE][PASSED] - Delayed 20 second(s)

2018-05-28 13:29:39 - [TEST_STEP][PASSED] - scrollToPosition: Browser is scrolled to position x = 200, y = 200

2018-05-28 13:29:40 - [MESSAGE][PASSED] - Browser is scrolled to position x = 200, y = 200

2018-05-28 13:29:40 - [TEST_STEP][PASSED] - click: Object: 'Object Repository/MOH AND GRN/Page_KDMC/a_CMS_1' is clicked on

2018-05-28 13:29:40 - [MESSAGE][PASSED] - Object: 'Object Repository/MOH AND GRN/Page_KDMC/a_CMS_1' is clicked on

2018-05-28 13:29:40 - [TEST_STEP][PASSED] - click: Object: 'Object Repository/MOH AND GRN/Page_KDMC/a_Request List' is clicked on

2018-05-28 13:29:41 - [MESSAGE][PASSED] - Object: 'Object Repository/MOH AND GRN/Page_KDMC/a_Request List' is clicked on

2018-05-28 13:29:41 - [TEST_STEP][PASSED] - Statement - RequestNumberId = com.kms.katalon.core.webui.keyword.WebUiBuiltInKeywords.modifyObjectProperty(com.kms.katalon.core.testobject.ObjectRepository.findTestObject(MOH AND GRN/Page_KDMC - CMS/input_PO0032), "xpath", "equals", "//*[@id =" + RequestNUmber + "]", true): Modify property of object successfully

2018-05-28 13:29:41 - [MESSAGE][PASSED] - Modify property of object successfully

2018-05-28 13:29:41 - [TEST_STEP][PASSED] - click: Object: 'Object Repository/MOH AND GRN/Page_KDMC - CMS/input_PO0032' is clicked on

2018-05-28 13:29:41 - [MESSAGE][PASSED] - Object: 'Object Repository/MOH AND GRN/Page_KDMC - CMS/input_PO0032' is clicked on

2018-05-28 13:29:41 - [TEST_STEP][PASSED] - delay: Delayed 3 second(s)

2018-05-28 13:29:44 - [MESSAGE][PASSED] - Delayed 3 second(s)

2018-05-28 13:29:44 - [TEST_STEP][PASSED] - selectOptionByIndex: All options with index in [1] are selected on object 'Object Repository/MOH AND GRN/Page_KDMC/select_--Select--'

2018-05-28 13:29:44 - [MESSAGE][PASSED] - All options with index in [1] are selected on object 'Object Repository/MOH AND GRN/Page_KDMC/select_--Select--'

2018-05-28 13:29:44 - [TEST_STEP][PASSED] - click: Object: 'Object Repository/MOH AND GRN/Page_KDMC/input_btnupdate' is clicked on

2018-05-28 13:29:44 - [MESSAGE][PASSED] - Object: 'Object Repository/MOH AND GRN/Page_KDMC/input_btnupdate' is clicked on

2018-05-28 13:29:44 - [TEST_STEP][PASSED] - delay: Delayed 3 second(s)

2018-05-28 13:29:47 - [MESSAGE][PASSED] - Delayed 3 second(s)

2018-05-28 13:29:47 - [TEST_STEP][PASSED] - click: Object: 'Object Repository/MOH AND GRN/Page_KDMC/button_OK' is clicked on

2018-05-28 13:29:49 - [MESSAGE][PASSED] - Object: 'Object Repository/MOH AND GRN/Page_KDMC/button_OK' is clicked on

2018-05-28 13:29:49 - [TEST_STEP][PASSED] - delay: Delayed 3 second(s)

2018-05-28 13:29:52 - [MESSAGE][PASSED] - Delayed 3 second(s)

2018-05-28 13:29:52 - [TEST_STEP][PASSED] - scrollToPosition: Browser is scrolled to position x = 200, y = 200

2018-05-28 13:29:52 - [MESSAGE][PASSED] - Browser is scrolled to position x = 200, y = 200

2018-05-28 13:29:52 - [TEST_STEP][PASSED] - click: Object: 'Object Repository/MOH AND GRN/Page_KDMC/a_CMS_2' is clicked on

2018-05-28 13:29:52 - [MESSAGE][PASSED] - Object: 'Object Repository/MOH AND GRN/Page_KDMC/a_CMS_2' is clicked on

2018-05-28 13:29:52 - [TEST_STEP][PASSED] - delay: Delayed 2 second(s)

2018-05-28 13:29:54 - [MESSAGE][PASSED] - Delayed 2 second(s)

2018-05-28 13:29:54 - [TEST_STEP][PASSED] - click: Object: 'Object Repository/MOH AND GRN/Page_KDMC/a_Generate P.O' is clicked on

2018-05-28 13:29:55 - [MESSAGE][PASSED] - Object: 'Object Repository/MOH AND GRN/Page_KDMC/a_Generate P.O' is clicked on

2018-05-28 13:29:55 - [TEST_STEP][PASSED] - delay: Delayed 2 second(s)

2018-05-28 13:29:57 - [MESSAGE][PASSED] - Delayed 2 second(s)

2018-05-28 13:29:57 - [TEST_STEP][PASSED] - selectOptionByIndex: All options with index in [1] are selected on object 'Object Repository/MOH AND GRN/Page_KDMC/select_--Select--PRNO040520183'

2018-05-28 13:29:57 - [MESSAGE][PASSED] - All options with index in [1] are selected on object 'Object Repository/MOH AND GRN/Page_KDMC/select_--Select--PRNO040520183'

2018-05-28 13:29:57 - [TEST_STEP][PASSED] - selectOptionByIndex: All options with index in [7] are selected on object 'Object Repository/MOH AND GRN/Page_KDMC/select_--Select--Hamen Chandra'

2018-05-28 13:29:57 - [MESSAGE][PASSED] - All options with index in [7] are selected on object 'Object Repository/MOH AND GRN/Page_KDMC/select_--Select--Hamen Chandra'

2018-05-28 13:29:57 - [TEST_STEP][PASSED] - Statement - PONumber = com.kms.katalon.core.webui.keyword.WebUiBuiltInKeywords.getText(com.kms.katalon.core.testobject.ObjectRepository.findTestObject(MOH AND GRN/Page_KDMC/input_lblpono)).trim(): Text of object 'Object Repository/MOH AND GRN/Page_KDMC/input_lblpono' is: ''

2018-05-28 13:29:58 - [MESSAGE][PASSED] - Text of object 'Object Repository/MOH AND GRN/Page_KDMC/input_lblpono' is: ''

2018-05-28 13:29:58 - [TEST_STEP][PASSED] - Statement - PONumber1 = com.kms.katalon.core.webui.keyword.WebUiBuiltInKeywords.getAttribute(com.kms.katalon.core.testobject.ObjectRepository.findTestObject(MOH AND GRN/Page_KDMC/input_lblpono), "value").trim(): Attribute 'value' of object 'Object Repository/MOH AND GRN/Page_KDMC/input_lblpono' is: 'PO00160'

2018-05-28 13:29:58 - [MESSAGE][PASSED] - Attribute 'value' of object 'Object Repository/MOH AND GRN/Page_KDMC/input_lblpono' is: 'PO00160'

2018-05-28 13:29:58 - [TEST_STEP][PASSED] - Statement - out.println("PO NUMBER :" + PONumber): null

2018-05-28 13:29:58 - [TEST_STEP][PASSED] - Statement - out.println("PO NUMBER :" + PONumber1): null

2018-05-28 13:29:58 - [TEST_STEP][PASSED] - click: Object: 'Object Repository/MOH AND GRN/Page_KDMC/input_chkrem' is clicked on

2018-05-28 13:29:58 - [MESSAGE][PASSED] - Object: 'Object Repository/MOH AND GRN/Page_KDMC/input_chkrem' is clicked on

2018-05-28 13:29:58 - [TEST_STEP][PASSED] - scrollToElement: Scroll to object 'Object Repository/MOH AND GRN/Page_KDMC/input_btnreturn' successfully

2018-05-28 13:29:58 - [MESSAGE][PASSED] - Scroll to object 'Object Repository/MOH AND GRN/Page_KDMC/input_btnreturn' successfully

2018-05-28 13:29:58 - [TEST_STEP][PASSED] - click: Object: 'Object Repository/MOH AND GRN/Page_KDMC/input_btnreturn' is clicked on

2018-05-28 13:29:58 - [MESSAGE][PASSED] - Object: 'Object Repository/MOH AND GRN/Page_KDMC/input_btnreturn' is clicked on

2018-05-28 13:29:58 - [TEST_STEP][PASSED] - delay: Delayed 3 second(s)

2018-05-28 13:30:01 - [MESSAGE][PASSED] - Delayed 3 second(s)

2018-05-28 13:30:01 - [TEST_STEP][PASSED] - click: Object: 'Object Repository/MOH AND GRN/Page_KDMC/button_Yes' is clicked on

2018-05-28 13:30:01 - [MESSAGE][PASSED] - Object: 'Object Repository/MOH AND GRN/Page_KDMC/button_Yes' is clicked on

2018-05-28 13:30:01 - [TEST_STEP][PASSED] - delay: Delayed 3 second(s)

2018-05-28 13:30:04 - [MESSAGE][PASSED] - Delayed 3 second(s)

2018-05-28 13:30:04 - [TEST_STEP][PASSED] - click: Object: 'Object Repository/MOH AND GRN/Page_KDMC/button_OK' is clicked on

2018-05-28 13:30:05 - [MESSAGE][PASSED] - Object: 'Object Repository/MOH AND GRN/Page_KDMC/button_OK' is clicked on

2018-05-28 13:30:05 - [TEST_STEP][PASSED] - delay: Delayed 3 second(s)

2018-05-28 13:30:08 - [MESSAGE][PASSED] - Delayed 3 second(s)

2018-05-28 13:30:08 - [TEST_STEP][PASSED] - click: Object: 'Object Repository/MOH AND GRN/Page_KDMC/a_dropdown-toggle' is clicked on

2018-05-28 13:30:08 - [MESSAGE][PASSED] - Object: 'Object Repository/MOH AND GRN/Page_KDMC/a_dropdown-toggle' is clicked on

2018-05-28 13:30:08 - [TEST_STEP][PASSED] - click: Object: 'Object Repository/MOH AND GRN/Page_KDMC/a_Sign out' is clicked on

2018-05-28 13:30:09 - [MESSAGE][PASSED] - Object: 'Object Repository/MOH AND GRN/Page_KDMC/a_Sign out' is clicked on

2018-05-28 13:30:09 - [TEST_STEP][PASSED] - delay: Delayed 4 second(s)

2018-05-28 13:30:13 - [MESSAGE][PASSED] - Delayed 4 second(s)

2018-05-28 13:30:13 - [TEST_STEP][PASSED] - click: Object: 'Object Repository/MOH AND GRN/Page_KDMC/a_CMS' is clicked on

2018-05-28 13:30:14 - [MESSAGE][PASSED] - Object: 'Object Repository/MOH AND GRN/Page_KDMC/a_CMS' is clicked on

2018-05-28 13:30:14 - [TEST_STEP][PASSED] - setText: Text 'bala' is set on object 'Object Repository/MOH AND GRN/Page_CMS login/input_txtusername'

2018-05-28 13:30:14 - [MESSAGE][PASSED] - Text 'bala' is set on object 'Object Repository/MOH AND GRN/Page_CMS login/input_txtusername'

2018-05-28 13:30:14 - [TEST_STEP][PASSED] - setText: Text '123' is set on object 'Object Repository/MOH AND GRN/Page_CMS login/input_txtpassword'

2018-05-28 13:30:14 - [MESSAGE][PASSED] - Text '123' is set on object 'Object Repository/MOH AND GRN/Page_CMS login/input_txtpassword'

2018-05-28 13:30:14 - [TEST_STEP][PASSED] - delay: Delayed 3 second(s)

2018-05-28 13:30:17 - [MESSAGE][PASSED] - Delayed 3 second(s)

2018-05-28 13:30:17 - [TEST_STEP][PASSED] - click: Object: 'Object Repository/MOH AND GRN/Page_CMS login/button_Sign in' is clicked on

2018-05-28 13:30:18 - [MESSAGE][PASSED] - Object: 'Object Repository/MOH AND GRN/Page_CMS login/button_Sign in' is clicked on

2018-05-28 13:30:18 - [TEST_STEP][PASSED] - click: Object: 'Object Repository/MOH AND GRN/Page_KDMC - CMS/a_CMS Details' is clicked on

2018-05-28 13:30:18 - [MESSAGE][PASSED] - Object: 'Object Repository/MOH AND GRN/Page_KDMC - CMS/a_CMS Details' is clicked on

2018-05-28 13:30:18 - [TEST_STEP][PASSED] - delay: Delayed 2 second(s)

2018-05-28 13:30:20 - [MESSAGE][PASSED] - Delayed 2 second(s)

2018-05-28 13:30:20 - [TEST_STEP][PASSED] - click: Object: 'Object Repository/MOH AND GRN/Page_KDMC - CMS/a_Goods Receive' is clicked on

2018-05-28 13:30:20 - [MESSAGE][PASSED] - Object: 'Object Repository/MOH AND GRN/Page_KDMC - CMS/a_Goods Receive' is clicked on

2018-05-28 13:30:20 - [TEST_STEP][PASSED] - delay: Delayed 2 second(s)

2018-05-28 13:30:22 - [MESSAGE][PASSED] - Delayed 2 second(s)

2018-05-28 13:30:22 - [TEST_STEP][PASSED] - selectOptionByLabel: All options with label 'PO00160' are selected in object 'Object Repository/MOH AND GRN/Page_KDMC - CMS/select_--Select--PO0032PO0031P' 

2018-05-28 13:30:23 - [MESSAGE][PASSED] - All options with label 'PO00160' are selected in object 'Object Repository/MOH AND GRN/Page_KDMC - CMS/select_--Select--PO0032PO0031P' 

2018-05-28 13:30:23 - [TEST_STEP][PASSED] - setText: Finding Test Object with id 'Object Repository/MOH AND GRN/Page_KDMC - CMS/input_txtgrnno'

2018-05-28 13:30:23 - [TEST_STEP][PASSED] - Statement - switch (id): Text 'INV841.0' is set on object 'Object Repository/MOH AND GRN/Page_KDMC - CMS/input_txtgrnno'

2018-05-28 13:30:23 - [TEST_STEP][PASSED] - Statement - case 2:: Text 'INV841.0' is set on object 'Object Repository/MOH AND GRN/Page_KDMC - CMS/input_txtgrnno'

2018-05-28 13:30:23 - [TEST_STEP][PASSED] - Statement - return (java.lang.Math.floor((java.lang.Math.random() * ((max - min) + 1))) + min): Text 'INV841.0' is set on object 'Object Repository/MOH AND GRN/Page_KDMC - CMS/input_txtgrnno'

2018-05-28 13:30:23 - [MESSAGE][PASSED] - Text 'INV841.0' is set on object 'Object Repository/MOH AND GRN/Page_KDMC - CMS/input_txtgrnno'

2018-05-28 13:30:23 - [TEST_STEP][PASSED] - selectOptionByIndex: All options with index in [1] are selected on object 'Object Repository/MOH AND GRN/Page_KDMC - CMS/select_--Select--PERUMAL PHARM'

2018-05-28 13:30:23 - [MESSAGE][PASSED] - All options with index in [1] are selected on object 'Object Repository/MOH AND GRN/Page_KDMC - CMS/select_--Select--PERUMAL PHARM'

2018-05-28 13:30:23 - [TEST_STEP][PASSED] - setText: Text '12500' is set on object 'Object Repository/MOH AND GRN/Page_KDMC - CMS/input_txtgrnno_1'

2018-05-28 13:30:23 - [MESSAGE][PASSED] - Text '12500' is set on object 'Object Repository/MOH AND GRN/Page_KDMC - CMS/input_txtgrnno_1'

2018-05-28 13:30:23 - [TEST_STEP][PASSED] - setText: Text '200' is set on object 'Object Repository/MOH AND GRN/Page_KDMC - CMS/input_txtgrnno_2'

2018-05-28 13:30:23 - [MESSAGE][PASSED] - Text '200' is set on object 'Object Repository/MOH AND GRN/Page_KDMC - CMS/input_txtgrnno_2'

2018-05-28 13:30:23 - [TEST_STEP][PASSED] - setText: Finding Test Object with id 'Object Repository/MOH AND GRN/Page_KDMC - CMS/input_txtgrnno_3'

2018-05-28 13:30:23 - [TEST_STEP][PASSED] - Statement - switch (id): Text 'CH580.0' is set on object 'Object Repository/MOH AND GRN/Page_KDMC - CMS/input_txtgrnno_3'

2018-05-28 13:30:23 - [TEST_STEP][PASSED] - Statement - case 3:: Text 'CH580.0' is set on object 'Object Repository/MOH AND GRN/Page_KDMC - CMS/input_txtgrnno_3'

2018-05-28 13:30:23 - [TEST_STEP][PASSED] - Statement - return (java.lang.Math.floor((java.lang.Math.random() * ((max - min) + 1))) + min): Text 'CH580.0' is set on object 'Object Repository/MOH AND GRN/Page_KDMC - CMS/input_txtgrnno_3'

2018-05-28 13:30:23 - [MESSAGE][PASSED] - Text 'CH580.0' is set on object 'Object Repository/MOH AND GRN/Page_KDMC - CMS/input_txtgrnno_3'

2018-05-28 13:30:23 - [TEST_STEP][PASSED] - scrollToPosition: Browser is scrolled to position x = 200, y = 200

2018-05-28 13:30:23 - [MESSAGE][PASSED] - Browser is scrolled to position x = 200, y = 200

2018-05-28 13:30:23 - [TEST_STEP][PASSED] - Statement - GrnLength = com.kms.katalon.core.webui.keyword.WebUiBuiltInKeywords.getNumberOfTotalOption(com.kms.katalon.core.testobject.ObjectRepository.findTestObject(MOH AND GRN/Page_KDMC - CMS/select_--Select--Amikacin -500)): 17 options of object 'Object Repository/MOH AND GRN/Page_KDMC - CMS/select_--Select--Amikacin -500' counted

2018-05-28 13:30:23 - [MESSAGE][PASSED] - 17 options of object 'Object Repository/MOH AND GRN/Page_KDMC - CMS/select_--Select--Amikacin -500' counted

2018-05-28 13:30:23 - [TEST_STEP][PASSED] - Statement - out.println("Length OF The Medicine " + GrnLength): null

2018-05-28 13:30:23 - [TEST_STEP][PASSED] - Statement - s = 1: null

2018-05-28 13:30:23 - [TEST_STEP][PASSED] - Statement - For ([t = 1, t < GrnLength, (t++)]): Finding Test Object with id 'Object Repository/MOH AND GRN/Page_KDMC - CMS/input_txtmrp'

2018-05-28 13:30:23 - [TEST_STEP][PASSED] - selectOptionByIndex: All options with index in [1] are selected on object 'Object Repository/MOH AND GRN/Page_KDMC - CMS/select_--Select--Amikacin -500'

2018-05-28 13:30:23 - [MESSAGE][PASSED] - All options with index in [1] are selected on object 'Object Repository/MOH AND GRN/Page_KDMC - CMS/select_--Select--Amikacin -500'

2018-05-28 13:30:23 - [TEST_STEP][PASSED] - setText: Text '5000' is set on object 'Object Repository/MOH AND GRN/Page_KDMC - CMS/input_txtqty'

2018-05-28 13:30:24 - [MESSAGE][PASSED] - Text '5000' is set on object 'Object Repository/MOH AND GRN/Page_KDMC - CMS/input_txtqty'

2018-05-28 13:30:24 - [TEST_STEP][PASSED] - selectOptionByIndex: All options with index in [1] are selected on object 'Object Repository/MOH AND GRN/Page_KDMC - CMS/select_--Select--No Tax0'

2018-05-28 13:30:24 - [MESSAGE][PASSED] - All options with index in [1] are selected on object 'Object Repository/MOH AND GRN/Page_KDMC - CMS/select_--Select--No Tax0'

2018-05-28 13:30:24 - [TEST_STEP][PASSED] - setText: Finding Test Object with id 'Object Repository/MOH AND GRN/Page_KDMC - CMS/input_txtmrp'

2018-05-28 13:30:24 - [TEST_STEP][PASSED] - Statement - switch (id): Finding Test Object with id 'Object Repository/MOH AND GRN/Page_KDMC - CMS/input_txtdeal'

2018-05-28 13:30:24 - [TEST_STEP][PASSED] - Statement - case 4:: Text '16.0' is set on object 'Object Repository/MOH AND GRN/Page_KDMC - CMS/input_txtmrp'

2018-05-28 13:30:24 - [TEST_STEP][PASSED] - Statement - return (java.lang.Math.floor((java.lang.Math.random() * ((max - min) + 1))) + min): Text '16.0' is set on object 'Object Repository/MOH AND GRN/Page_KDMC - CMS/input_txtmrp'

2018-05-28 13:30:24 - [MESSAGE][PASSED] - Text '16.0' is set on object 'Object Repository/MOH AND GRN/Page_KDMC - CMS/input_txtmrp'

2018-05-28 13:30:24 - [TEST_STEP][PASSED] - setText: Finding Test Object with id 'Object Repository/MOH AND GRN/Page_KDMC - CMS/input_txtdeal'

2018-05-28 13:30:24 - [TEST_STEP][PASSED] - Statement - switch (id): Finding Test Object with id 'Object Repository/MOH AND GRN/Page_KDMC - CMS/input_txtbatchno'

2018-05-28 13:30:24 - [TEST_STEP][PASSED] - Statement - case 5:: Text '3.0' is set on object 'Object Repository/MOH AND GRN/Page_KDMC - CMS/input_txtdeal'

2018-05-28 13:30:24 - [TEST_STEP][PASSED] - Statement - return (java.lang.Math.floor((java.lang.Math.random() * ((max - min) + 1))) + min): Text '3.0' is set on object 'Object Repository/MOH AND GRN/Page_KDMC - CMS/input_txtdeal'

2018-05-28 13:30:24 - [MESSAGE][PASSED] - Text '3.0' is set on object 'Object Repository/MOH AND GRN/Page_KDMC - CMS/input_txtdeal'

2018-05-28 13:30:24 - [TEST_STEP][PASSED] - setText: Finding Test Object with id 'Object Repository/MOH AND GRN/Page_KDMC - CMS/input_txtbatchno'

2018-05-28 13:30:24 - [TEST_STEP][PASSED] - Statement - switch (id): Finding Test Object with id 'Object Repository/MOH AND GRN/Page_KDMC - CMS/input_txtmrp'

2018-05-28 13:30:24 - [TEST_STEP][PASSED] - Statement - case 1:: Text 'BA163.0' is set on object 'Object Repository/MOH AND GRN/Page_KDMC - CMS/input_txtbatchno'

2018-05-28 13:30:24 - [TEST_STEP][PASSED] - Statement - return (java.lang.Math.floor((java.lang.Math.random() * ((max - min) + 1))) + min): Text 'BA163.0' is set on object 'Object Repository/MOH AND GRN/Page_KDMC - CMS/input_txtbatchno'

2018-05-28 13:30:24 - [MESSAGE][PASSED] - Text 'BA163.0' is set on object 'Object Repository/MOH AND GRN/Page_KDMC - CMS/input_txtbatchno'

2018-05-28 13:30:24 - [TEST_STEP][PASSED] - rightClick: Object: 'Object Repository/GRN/Page_KDMC - CMS/input_txtexpdate' is right clicked on

2018-05-28 13:30:24 - [MESSAGE][PASSED] - Object: 'Object Repository/GRN/Page_KDMC - CMS/input_txtexpdate' is right clicked on

2018-05-28 13:30:24 - [TEST_STEP][PASSED] - selectOptionByIndex: All options with index in [1] are selected on object 'Object Repository/GRN/Page_KDMC - CMS/select_20182019202020212022202'

2018-05-28 13:30:24 - [MESSAGE][PASSED] - All options with index in [1] are selected on object 'Object Repository/GRN/Page_KDMC - CMS/select_20182019202020212022202'

2018-05-28 13:30:24 - [TEST_STEP][PASSED] - selectOptionByIndex: All options with index in [1] are selected on object 'Object Repository/GRN/Page_KDMC - CMS/select_JanFebMarAprMayJunJulAu'

2018-05-28 13:30:25 - [MESSAGE][PASSED] - All options with index in [1] are selected on object 'Object Repository/GRN/Page_KDMC - CMS/select_JanFebMarAprMayJunJulAu'

2018-05-28 13:30:25 - [TEST_STEP][PASSED] - click: Object: 'Object Repository/MOH AND GRN/Page_KDMC - CMS/a_12' is clicked on

2018-05-28 13:30:25 - [MESSAGE][PASSED] - Object: 'Object Repository/MOH AND GRN/Page_KDMC - CMS/a_12' is clicked on

2018-05-28 13:30:25 - [TEST_STEP][PASSED] - click: Object: 'Object Repository/MOH AND GRN/Page_KDMC - CMS/input_btnadd' is clicked on

2018-05-28 13:30:25 - [MESSAGE][PASSED] - Object: 'Object Repository/MOH AND GRN/Page_KDMC - CMS/input_btnadd' is clicked on

2018-05-28 13:30:25 - [TEST_STEP][PASSED] - Statement - If (s == 10): null

2018-05-28 13:30:25 - [TEST_STEP][PASSED] - Statement - Else: null

2018-05-28 13:30:25 - [TEST_STEP][PASSED] - Statement - (s++): null

2018-05-28 13:30:25 - [TEST_STEP][PASSED] - delay: Delayed 1 second(s)

2018-05-28 13:30:26 - [MESSAGE][PASSED] - Delayed 1 second(s)

2018-05-28 13:30:26 - [TEST_STEP][PASSED] - selectOptionByIndex: All options with index in [2] are selected on object 'Object Repository/MOH AND GRN/Page_KDMC - CMS/select_--Select--Amikacin -500'

2018-05-28 13:30:26 - [MESSAGE][PASSED] - All options with index in [2] are selected on object 'Object Repository/MOH AND GRN/Page_KDMC - CMS/select_--Select--Amikacin -500'

2018-05-28 13:30:26 - [TEST_STEP][PASSED] - setText: Text '5000' is set on object 'Object Repository/MOH AND GRN/Page_KDMC - CMS/input_txtqty'

2018-05-28 13:30:26 - [MESSAGE][PASSED] - Text '5000' is set on object 'Object Repository/MOH AND GRN/Page_KDMC - CMS/input_txtqty'

2018-05-28 13:30:26 - [TEST_STEP][PASSED] - selectOptionByIndex: All options with index in [1] are selected on object 'Object Repository/MOH AND GRN/Page_KDMC - CMS/select_--Select--No Tax0'

2018-05-28 13:30:26 - [MESSAGE][PASSED] - All options with index in [1] are selected on object 'Object Repository/MOH AND GRN/Page_KDMC - CMS/select_--Select--No Tax0'

2018-05-28 13:30:26 - [TEST_STEP][PASSED] - setText: Finding Test Object with id 'Object Repository/MOH AND GRN/Page_KDMC - CMS/input_txtmrp'

2018-05-28 13:30:26 - [TEST_STEP][PASSED] - Statement - switch (id): Finding Test Object with id 'Object Repository/MOH AND GRN/Page_KDMC - CMS/input_txtdeal'

2018-05-28 13:30:26 - [TEST_STEP][PASSED] - Statement - case 4:: Text '40.0' is set on object 'Object Repository/MOH AND GRN/Page_KDMC - CMS/input_txtmrp'

2018-05-28 13:30:26 - [TEST_STEP][PASSED] - Statement - return (java.lang.Math.floor((java.lang.Math.random() * ((max - min) + 1))) + min): Text '40.0' is set on object 'Object Repository/MOH AND GRN/Page_KDMC - CMS/input_txtmrp'

2018-05-28 13:30:26 - [MESSAGE][PASSED] - Text '40.0' is set on object 'Object Repository/MOH AND GRN/Page_KDMC - CMS/input_txtmrp'

2018-05-28 13:30:26 - [TEST_STEP][PASSED] - setText: Finding Test Object with id 'Object Repository/MOH AND GRN/Page_KDMC - CMS/input_txtdeal'

2018-05-28 13:30:26 - [TEST_STEP][PASSED] - Statement - switch (id): Finding Test Object with id 'Object Repository/MOH AND GRN/Page_KDMC - CMS/input_txtbatchno'

2018-05-28 13:30:26 - [TEST_STEP][PASSED] - Statement - case 5:: Text '1.0' is set on object 'Object Repository/MOH AND GRN/Page_KDMC - CMS/input_txtdeal'

2018-05-28 13:30:26 - [TEST_STEP][PASSED] - Statement - return (java.lang.Math.floor((java.lang.Math.random() * ((max - min) + 1))) + min): Text '1.0' is set on object 'Object Repository/MOH AND GRN/Page_KDMC - CMS/input_txtdeal'

2018-05-28 13:30:26 - [MESSAGE][PASSED] - Text '1.0' is set on object 'Object Repository/MOH AND GRN/Page_KDMC - CMS/input_txtdeal'

2018-05-28 13:30:26 - [TEST_STEP][PASSED] - setText: Finding Test Object with id 'Object Repository/MOH AND GRN/Page_KDMC - CMS/input_txtbatchno'

2018-05-28 13:30:26 - [TEST_STEP][PASSED] - Statement - switch (id): Finding Test Object with id 'Object Repository/MOH AND GRN/Page_KDMC - CMS/input_txtmrp'

2018-05-28 13:30:26 - [TEST_STEP][PASSED] - Statement - case 1:: Text 'BA745.0' is set on object 'Object Repository/MOH AND GRN/Page_KDMC - CMS/input_txtbatchno'

2018-05-28 13:30:26 - [TEST_STEP][PASSED] - Statement - return (java.lang.Math.floor((java.lang.Math.random() * ((max - min) + 1))) + min): Text 'BA745.0' is set on object 'Object Repository/MOH AND GRN/Page_KDMC - CMS/input_txtbatchno'

2018-05-28 13:30:26 - [MESSAGE][PASSED] - Text 'BA745.0' is set on object 'Object Repository/MOH AND GRN/Page_KDMC - CMS/input_txtbatchno'

2018-05-28 13:30:26 - [TEST_STEP][PASSED] - rightClick: Object: 'Object Repository/GRN/Page_KDMC - CMS/input_txtexpdate' is right clicked on

2018-05-28 13:30:27 - [MESSAGE][PASSED] - Object: 'Object Repository/GRN/Page_KDMC - CMS/input_txtexpdate' is right clicked on

2018-05-28 13:30:27 - [TEST_STEP][PASSED] - selectOptionByIndex: All options with index in [2] are selected on object 'Object Repository/GRN/Page_KDMC - CMS/select_20182019202020212022202'

2018-05-28 13:30:27 - [MESSAGE][PASSED] - All options with index in [2] are selected on object 'Object Repository/GRN/Page_KDMC - CMS/select_20182019202020212022202'

2018-05-28 13:30:27 - [TEST_STEP][PASSED] - selectOptionByIndex: All options with index in [2] are selected on object 'Object Repository/GRN/Page_KDMC - CMS/select_JanFebMarAprMayJunJulAu'

2018-05-28 13:30:27 - [MESSAGE][PASSED] - All options with index in [2] are selected on object 'Object Repository/GRN/Page_KDMC - CMS/select_JanFebMarAprMayJunJulAu'

2018-05-28 13:30:27 - [TEST_STEP][PASSED] - click: Object: 'Object Repository/MOH AND GRN/Page_KDMC - CMS/a_12' is clicked on

2018-05-28 13:30:27 - [MESSAGE][PASSED] - Object: 'Object Repository/MOH AND GRN/Page_KDMC - CMS/a_12' is clicked on

2018-05-28 13:30:27 - [TEST_STEP][PASSED] - click: Object: 'Object Repository/MOH AND GRN/Page_KDMC - CMS/input_btnadd' is clicked on

2018-05-28 13:30:27 - [MESSAGE][PASSED] - Object: 'Object Repository/MOH AND GRN/Page_KDMC - CMS/input_btnadd' is clicked on

2018-05-28 13:30:27 - [TEST_STEP][PASSED] - Statement - If (s == 10): null

2018-05-28 13:30:27 - [TEST_STEP][PASSED] - Statement - Else: null

2018-05-28 13:30:27 - [TEST_STEP][PASSED] - Statement - (s++): null

2018-05-28 13:30:27 - [TEST_STEP][PASSED] - delay: Delayed 1 second(s)

2018-05-28 13:30:28 - [MESSAGE][PASSED] - Delayed 1 second(s)

2018-05-28 13:30:28 - [TEST_STEP][PASSED] - selectOptionByIndex: All options with index in [3] are selected on object 'Object Repository/MOH AND GRN/Page_KDMC - CMS/select_--Select--Amikacin -500'

2018-05-28 13:30:28 - [MESSAGE][PASSED] - All options with index in [3] are selected on object 'Object Repository/MOH AND GRN/Page_KDMC - CMS/select_--Select--Amikacin -500'

2018-05-28 13:30:28 - [TEST_STEP][PASSED] - setText: Text '5000' is set on object 'Object Repository/MOH AND GRN/Page_KDMC - CMS/input_txtqty'

2018-05-28 13:30:28 - [MESSAGE][PASSED] - Text '5000' is set on object 'Object Repository/MOH AND GRN/Page_KDMC - CMS/input_txtqty'

2018-05-28 13:30:28 - [TEST_STEP][PASSED] - selectOptionByIndex: All options with index in [1] are selected on object 'Object Repository/MOH AND GRN/Page_KDMC - CMS/select_--Select--No Tax0'

2018-05-28 13:30:28 - [MESSAGE][PASSED] - All options with index in [1] are selected on object 'Object Repository/MOH AND GRN/Page_KDMC - CMS/select_--Select--No Tax0'

2018-05-28 13:30:28 - [TEST_STEP][PASSED] - setText: Finding Test Object with id 'Object Repository/MOH AND GRN/Page_KDMC - CMS/input_txtmrp'

2018-05-28 13:30:28 - [TEST_STEP][PASSED] - Statement - switch (id): Finding Test Object with id 'Object Repository/MOH AND GRN/Page_KDMC - CMS/input_txtdeal'

2018-05-28 13:30:28 - [TEST_STEP][PASSED] - Statement - case 4:: Text '27.0' is set on object 'Object Repository/MOH AND GRN/Page_KDMC - CMS/input_txtmrp'

2018-05-28 13:30:28 - [TEST_STEP][PASSED] - Statement - return (java.lang.Math.floor((java.lang.Math.random() * ((max - min) + 1))) + min): Text '27.0' is set on object 'Object Repository/MOH AND GRN/Page_KDMC - CMS/input_txtmrp'

2018-05-28 13:30:29 - [MESSAGE][PASSED] - Text '27.0' is set on object 'Object Repository/MOH AND GRN/Page_KDMC - CMS/input_txtmrp'

2018-05-28 13:30:29 - [TEST_STEP][PASSED] - setText: Finding Test Object with id 'Object Repository/MOH AND GRN/Page_KDMC - CMS/input_txtdeal'

2018-05-28 13:30:29 - [TEST_STEP][PASSED] - Statement - switch (id): Finding Test Object with id 'Object Repository/MOH AND GRN/Page_KDMC - CMS/input_txtbatchno'

2018-05-28 13:30:29 - [TEST_STEP][PASSED] - Statement - case 5:: Text '8.0' is set on object 'Object Repository/MOH AND GRN/Page_KDMC - CMS/input_txtdeal'

2018-05-28 13:30:29 - [TEST_STEP][PASSED] - Statement - return (java.lang.Math.floor((java.lang.Math.random() * ((max - min) + 1))) + min): Text '8.0' is set on object 'Object Repository/MOH AND GRN/Page_KDMC - CMS/input_txtdeal'

2018-05-28 13:30:29 - [MESSAGE][PASSED] - Text '8.0' is set on object 'Object Repository/MOH AND GRN/Page_KDMC - CMS/input_txtdeal'

2018-05-28 13:30:29 - [TEST_STEP][PASSED] - setText: Finding Test Object with id 'Object Repository/MOH AND GRN/Page_KDMC - CMS/input_txtbatchno'

2018-05-28 13:30:29 - [TEST_STEP][PASSED] - Statement - switch (id): Finding Test Object with id 'Object Repository/MOH AND GRN/Page_KDMC - CMS/input_txtmrp'

2018-05-28 13:30:29 - [TEST_STEP][PASSED] - Statement - case 1:: Text 'BA643.0' is set on object 'Object Repository/MOH AND GRN/Page_KDMC - CMS/input_txtbatchno'

2018-05-28 13:30:29 - [TEST_STEP][PASSED] - Statement - return (java.lang.Math.floor((java.lang.Math.random() * ((max - min) + 1))) + min): Text 'BA643.0' is set on object 'Object Repository/MOH AND GRN/Page_KDMC - CMS/input_txtbatchno'

2018-05-28 13:30:29 - [MESSAGE][PASSED] - Text 'BA643.0' is set on object 'Object Repository/MOH AND GRN/Page_KDMC - CMS/input_txtbatchno'

2018-05-28 13:30:29 - [TEST_STEP][PASSED] - rightClick: Object: 'Object Repository/GRN/Page_KDMC - CMS/input_txtexpdate' is right clicked on

2018-05-28 13:30:29 - [MESSAGE][PASSED] - Object: 'Object Repository/GRN/Page_KDMC - CMS/input_txtexpdate' is right clicked on

2018-05-28 13:30:29 - [TEST_STEP][PASSED] - selectOptionByIndex: All options with index in [3] are selected on object 'Object Repository/GRN/Page_KDMC - CMS/select_20182019202020212022202'

2018-05-28 13:30:29 - [MESSAGE][PASSED] - All options with index in [3] are selected on object 'Object Repository/GRN/Page_KDMC - CMS/select_20182019202020212022202'

2018-05-28 13:30:29 - [TEST_STEP][PASSED] - selectOptionByIndex: All options with index in [3] are selected on object 'Object Repository/GRN/Page_KDMC - CMS/select_JanFebMarAprMayJunJulAu'

2018-05-28 13:30:29 - [MESSAGE][PASSED] - All options with index in [3] are selected on object 'Object Repository/GRN/Page_KDMC - CMS/select_JanFebMarAprMayJunJulAu'

2018-05-28 13:30:29 - [TEST_STEP][PASSED] - click: Object: 'Object Repository/MOH AND GRN/Page_KDMC - CMS/a_12' is clicked on

2018-05-28 13:30:29 - [MESSAGE][PASSED] - Object: 'Object Repository/MOH AND GRN/Page_KDMC - CMS/a_12' is clicked on

2018-05-28 13:30:29 - [TEST_STEP][PASSED] - click: Object: 'Object Repository/MOH AND GRN/Page_KDMC - CMS/input_btnadd' is clicked on

2018-05-28 13:30:29 - [MESSAGE][PASSED] - Object: 'Object Repository/MOH AND GRN/Page_KDMC - CMS/input_btnadd' is clicked on

2018-05-28 13:30:29 - [TEST_STEP][PASSED] - Statement - If (s == 10): null

2018-05-28 13:30:29 - [TEST_STEP][PASSED] - Statement - Else: null

2018-05-28 13:30:29 - [TEST_STEP][PASSED] - Statement - (s++): null

2018-05-28 13:30:29 - [TEST_STEP][PASSED] - delay: Delayed 1 second(s)

2018-05-28 13:30:30 - [MESSAGE][PASSED] - Delayed 1 second(s)

2018-05-28 13:30:30 - [TEST_STEP][PASSED] - selectOptionByIndex: All options with index in [4] are selected on object 'Object Repository/MOH AND GRN/Page_KDMC - CMS/select_--Select--Amikacin -500'

2018-05-28 13:30:30 - [MESSAGE][PASSED] - All options with index in [4] are selected on object 'Object Repository/MOH AND GRN/Page_KDMC - CMS/select_--Select--Amikacin -500'

2018-05-28 13:30:30 - [TEST_STEP][PASSED] - setText: Text '5000' is set on object 'Object Repository/MOH AND GRN/Page_KDMC - CMS/input_txtqty'

2018-05-28 13:30:31 - [MESSAGE][PASSED] - Text '5000' is set on object 'Object Repository/MOH AND GRN/Page_KDMC - CMS/input_txtqty'

2018-05-28 13:30:31 - [TEST_STEP][PASSED] - selectOptionByIndex: All options with index in [1] are selected on object 'Object Repository/MOH AND GRN/Page_KDMC - CMS/select_--Select--No Tax0'

2018-05-28 13:30:31 - [MESSAGE][PASSED] - All options with index in [1] are selected on object 'Object Repository/MOH AND GRN/Page_KDMC - CMS/select_--Select--No Tax0'

2018-05-28 13:30:31 - [TEST_STEP][PASSED] - setText: Finding Test Object with id 'Object Repository/MOH AND GRN/Page_KDMC - CMS/input_txtmrp'

2018-05-28 13:30:31 - [TEST_STEP][PASSED] - Statement - switch (id): Finding Test Object with id 'Object Repository/MOH AND GRN/Page_KDMC - CMS/input_txtdeal'

2018-05-28 13:30:31 - [TEST_STEP][PASSED] - Statement - case 4:: Text '33.0' is set on object 'Object Repository/MOH AND GRN/Page_KDMC - CMS/input_txtmrp'

2018-05-28 13:30:31 - [TEST_STEP][PASSED] - Statement - return (java.lang.Math.floor((java.lang.Math.random() * ((max - min) + 1))) + min): Text '33.0' is set on object 'Object Repository/MOH AND GRN/Page_KDMC - CMS/input_txtmrp'

2018-05-28 13:30:31 - [MESSAGE][PASSED] - Text '33.0' is set on object 'Object Repository/MOH AND GRN/Page_KDMC - CMS/input_txtmrp'

2018-05-28 13:30:31 - [TEST_STEP][PASSED] - setText: Finding Test Object with id 'Object Repository/MOH AND GRN/Page_KDMC - CMS/input_txtdeal'

2018-05-28 13:30:31 - [TEST_STEP][PASSED] - Statement - switch (id): Finding Test Object with id 'Object Repository/MOH AND GRN/Page_KDMC - CMS/input_txtbatchno'

2018-05-28 13:30:31 - [TEST_STEP][PASSED] - Statement - case 5:: Text '12.0' is set on object 'Object Repository/MOH AND GRN/Page_KDMC - CMS/input_txtdeal'

2018-05-28 13:30:31 - [TEST_STEP][PASSED] - Statement - return (java.lang.Math.floor((java.lang.Math.random() * ((max - min) + 1))) + min): Text '12.0' is set on object 'Object Repository/MOH AND GRN/Page_KDMC - CMS/input_txtdeal'

2018-05-28 13:30:31 - [MESSAGE][PASSED] - Text '12.0' is set on object 'Object Repository/MOH AND GRN/Page_KDMC - CMS/input_txtdeal'

2018-05-28 13:30:31 - [TEST_STEP][PASSED] - setText: Finding Test Object with id 'Object Repository/MOH AND GRN/Page_KDMC - CMS/input_txtbatchno'

2018-05-28 13:30:31 - [TEST_STEP][PASSED] - Statement - switch (id): Finding Test Object with id 'Object Repository/MOH AND GRN/Page_KDMC - CMS/input_txtmrp'

2018-05-28 13:30:31 - [TEST_STEP][PASSED] - Statement - case 1:: Text 'BA270.0' is set on object 'Object Repository/MOH AND GRN/Page_KDMC - CMS/input_txtbatchno'

2018-05-28 13:30:31 - [TEST_STEP][PASSED] - Statement - return (java.lang.Math.floor((java.lang.Math.random() * ((max - min) + 1))) + min): Text 'BA270.0' is set on object 'Object Repository/MOH AND GRN/Page_KDMC - CMS/input_txtbatchno'

2018-05-28 13:30:31 - [MESSAGE][PASSED] - Text 'BA270.0' is set on object 'Object Repository/MOH AND GRN/Page_KDMC - CMS/input_txtbatchno'

2018-05-28 13:30:31 - [TEST_STEP][PASSED] - rightClick: Object: 'Object Repository/GRN/Page_KDMC - CMS/input_txtexpdate' is right clicked on

2018-05-28 13:30:31 - [MESSAGE][PASSED] - Object: 'Object Repository/GRN/Page_KDMC - CMS/input_txtexpdate' is right clicked on

2018-05-28 13:30:31 - [TEST_STEP][PASSED] - selectOptionByIndex: All options with index in [4] are selected on object 'Object Repository/GRN/Page_KDMC - CMS/select_20182019202020212022202'

2018-05-28 13:30:31 - [MESSAGE][PASSED] - All options with index in [4] are selected on object 'Object Repository/GRN/Page_KDMC - CMS/select_20182019202020212022202'

2018-05-28 13:30:31 - [TEST_STEP][PASSED] - selectOptionByIndex: All options with index in [4] are selected on object 'Object Repository/GRN/Page_KDMC - CMS/select_JanFebMarAprMayJunJulAu'

2018-05-28 13:30:31 - [MESSAGE][PASSED] - All options with index in [4] are selected on object 'Object Repository/GRN/Page_KDMC - CMS/select_JanFebMarAprMayJunJulAu'

2018-05-28 13:30:31 - [TEST_STEP][PASSED] - click: Object: 'Object Repository/MOH AND GRN/Page_KDMC - CMS/a_12' is clicked on

2018-05-28 13:30:32 - [MESSAGE][PASSED] - Object: 'Object Repository/MOH AND GRN/Page_KDMC - CMS/a_12' is clicked on

2018-05-28 13:30:32 - [TEST_STEP][PASSED] - click: Object: 'Object Repository/MOH AND GRN/Page_KDMC - CMS/input_btnadd' is clicked on

2018-05-28 13:30:32 - [MESSAGE][PASSED] - Object: 'Object Repository/MOH AND GRN/Page_KDMC - CMS/input_btnadd' is clicked on

2018-05-28 13:30:32 - [TEST_STEP][PASSED] - Statement - If (s == 10): null

2018-05-28 13:30:32 - [TEST_STEP][PASSED] - Statement - Else: null

2018-05-28 13:30:32 - [TEST_STEP][PASSED] - Statement - (s++): null

2018-05-28 13:30:32 - [TEST_STEP][PASSED] - delay: Delayed 1 second(s)

2018-05-28 13:30:33 - [MESSAGE][PASSED] - Delayed 1 second(s)

2018-05-28 13:30:33 - [TEST_STEP][PASSED] - selectOptionByIndex: All options with index in [5] are selected on object 'Object Repository/MOH AND GRN/Page_KDMC - CMS/select_--Select--Amikacin -500'

2018-05-28 13:30:33 - [MESSAGE][PASSED] - All options with index in [5] are selected on object 'Object Repository/MOH AND GRN/Page_KDMC - CMS/select_--Select--Amikacin -500'

2018-05-28 13:30:33 - [TEST_STEP][PASSED] - setText: Text '5000' is set on object 'Object Repository/MOH AND GRN/Page_KDMC - CMS/input_txtqty'

2018-05-28 13:30:33 - [MESSAGE][PASSED] - Text '5000' is set on object 'Object Repository/MOH AND GRN/Page_KDMC - CMS/input_txtqty'

2018-05-28 13:30:33 - [TEST_STEP][PASSED] - selectOptionByIndex: All options with index in [1] are selected on object 'Object Repository/MOH AND GRN/Page_KDMC - CMS/select_--Select--No Tax0'

2018-05-28 13:30:33 - [MESSAGE][PASSED] - All options with index in [1] are selected on object 'Object Repository/MOH AND GRN/Page_KDMC - CMS/select_--Select--No Tax0'

2018-05-28 13:30:33 - [TEST_STEP][PASSED] - setText: Finding Test Object with id 'Object Repository/MOH AND GRN/Page_KDMC - CMS/input_txtmrp'

2018-05-28 13:30:33 - [TEST_STEP][PASSED] - Statement - switch (id): Finding Test Object with id 'Object Repository/MOH AND GRN/Page_KDMC - CMS/input_txtdeal'

2018-05-28 13:30:33 - [TEST_STEP][PASSED] - Statement - case 4:: Text '41.0' is set on object 'Object Repository/MOH AND GRN/Page_KDMC - CMS/input_txtmrp'

2018-05-28 13:30:33 - [TEST_STEP][PASSED] - Statement - return (java.lang.Math.floor((java.lang.Math.random() * ((max - min) + 1))) + min): Text '41.0' is set on object 'Object Repository/MOH AND GRN/Page_KDMC - CMS/input_txtmrp'

2018-05-28 13:30:33 - [MESSAGE][PASSED] - Text '41.0' is set on object 'Object Repository/MOH AND GRN/Page_KDMC - CMS/input_txtmrp'

2018-05-28 13:30:33 - [TEST_STEP][PASSED] - setText: Finding Test Object with id 'Object Repository/MOH AND GRN/Page_KDMC - CMS/input_txtdeal'

2018-05-28 13:30:33 - [TEST_STEP][PASSED] - Statement - switch (id): Finding Test Object with id 'Object Repository/MOH AND GRN/Page_KDMC - CMS/input_txtbatchno'

2018-05-28 13:30:33 - [TEST_STEP][PASSED] - Statement - case 5:: Text '11.0' is set on object 'Object Repository/MOH AND GRN/Page_KDMC - CMS/input_txtdeal'

2018-05-28 13:30:33 - [TEST_STEP][PASSED] - Statement - return (java.lang.Math.floor((java.lang.Math.random() * ((max - min) + 1))) + min): Text '11.0' is set on object 'Object Repository/MOH AND GRN/Page_KDMC - CMS/input_txtdeal'

2018-05-28 13:30:33 - [MESSAGE][PASSED] - Text '11.0' is set on object 'Object Repository/MOH AND GRN/Page_KDMC - CMS/input_txtdeal'

2018-05-28 13:30:33 - [TEST_STEP][PASSED] - setText: Finding Test Object with id 'Object Repository/MOH AND GRN/Page_KDMC - CMS/input_txtbatchno'

2018-05-28 13:30:33 - [TEST_STEP][PASSED] - Statement - switch (id): Finding Test Object with id 'Object Repository/MOH AND GRN/Page_KDMC - CMS/input_txtmrp'

2018-05-28 13:30:33 - [TEST_STEP][PASSED] - Statement - case 1:: Text 'BA803.0' is set on object 'Object Repository/MOH AND GRN/Page_KDMC - CMS/input_txtbatchno'

2018-05-28 13:30:33 - [TEST_STEP][PASSED] - Statement - return (java.lang.Math.floor((java.lang.Math.random() * ((max - min) + 1))) + min): Text 'BA803.0' is set on object 'Object Repository/MOH AND GRN/Page_KDMC - CMS/input_txtbatchno'

2018-05-28 13:30:33 - [MESSAGE][PASSED] - Text 'BA803.0' is set on object 'Object Repository/MOH AND GRN/Page_KDMC - CMS/input_txtbatchno'

2018-05-28 13:30:33 - [TEST_STEP][PASSED] - rightClick: Object: 'Object Repository/GRN/Page_KDMC - CMS/input_txtexpdate' is right clicked on

2018-05-28 13:30:33 - [MESSAGE][PASSED] - Object: 'Object Repository/GRN/Page_KDMC - CMS/input_txtexpdate' is right clicked on

2018-05-28 13:30:33 - [TEST_STEP][PASSED] - selectOptionByIndex: All options with index in [5] are selected on object 'Object Repository/GRN/Page_KDMC - CMS/select_20182019202020212022202'

2018-05-28 13:30:34 - [MESSAGE][PASSED] - All options with index in [5] are selected on object 'Object Repository/GRN/Page_KDMC - CMS/select_20182019202020212022202'

2018-05-28 13:30:34 - [TEST_STEP][PASSED] - selectOptionByIndex: All options with index in [5] are selected on object 'Object Repository/GRN/Page_KDMC - CMS/select_JanFebMarAprMayJunJulAu'

2018-05-28 13:30:34 - [MESSAGE][PASSED] - All options with index in [5] are selected on object 'Object Repository/GRN/Page_KDMC - CMS/select_JanFebMarAprMayJunJulAu'

2018-05-28 13:30:34 - [TEST_STEP][PASSED] - click: Object: 'Object Repository/MOH AND GRN/Page_KDMC - CMS/a_12' is clicked on

2018-05-28 13:30:34 - [MESSAGE][PASSED] - Object: 'Object Repository/MOH AND GRN/Page_KDMC - CMS/a_12' is clicked on

2018-05-28 13:30:34 - [TEST_STEP][PASSED] - click: Object: 'Object Repository/MOH AND GRN/Page_KDMC - CMS/input_btnadd' is clicked on

2018-05-28 13:30:34 - [MESSAGE][PASSED] - Object: 'Object Repository/MOH AND GRN/Page_KDMC - CMS/input_btnadd' is clicked on

2018-05-28 13:30:34 - [TEST_STEP][PASSED] - Statement - If (s == 10): null

2018-05-28 13:30:34 - [TEST_STEP][PASSED] - Statement - Else: null

2018-05-28 13:30:34 - [TEST_STEP][PASSED] - Statement - (s++): null

2018-05-28 13:30:34 - [TEST_STEP][PASSED] - delay: Delayed 1 second(s)

2018-05-28 13:30:35 - [MESSAGE][PASSED] - Delayed 1 second(s)

2018-05-28 13:30:35 - [TEST_STEP][PASSED] - selectOptionByIndex: All options with index in [6] are selected on object 'Object Repository/MOH AND GRN/Page_KDMC - CMS/select_--Select--Amikacin -500'

2018-05-28 13:30:35 - [MESSAGE][PASSED] - All options with index in [6] are selected on object 'Object Repository/MOH AND GRN/Page_KDMC - CMS/select_--Select--Amikacin -500'

2018-05-28 13:30:35 - [TEST_STEP][PASSED] - setText: Text '5000' is set on object 'Object Repository/MOH AND GRN/Page_KDMC - CMS/input_txtqty'

2018-05-28 13:30:35 - [MESSAGE][PASSED] - Text '5000' is set on object 'Object Repository/MOH AND GRN/Page_KDMC - CMS/input_txtqty'

2018-05-28 13:30:35 - [TEST_STEP][PASSED] - selectOptionByIndex: All options with index in [1] are selected on object 'Object Repository/MOH AND GRN/Page_KDMC - CMS/select_--Select--No Tax0'

2018-05-28 13:30:36 - [MESSAGE][PASSED] - All options with index in [1] are selected on object 'Object Repository/MOH AND GRN/Page_KDMC - CMS/select_--Select--No Tax0'

2018-05-28 13:30:36 - [TEST_STEP][PASSED] - setText: Finding Test Object with id 'Object Repository/MOH AND GRN/Page_KDMC - CMS/input_txtmrp'

2018-05-28 13:30:36 - [TEST_STEP][PASSED] - Statement - switch (id): Finding Test Object with id 'Object Repository/MOH AND GRN/Page_KDMC - CMS/input_txtdeal'

2018-05-28 13:30:36 - [TEST_STEP][PASSED] - Statement - case 4:: Text '21.0' is set on object 'Object Repository/MOH AND GRN/Page_KDMC - CMS/input_txtmrp'

2018-05-28 13:30:36 - [TEST_STEP][PASSED] - Statement - return (java.lang.Math.floor((java.lang.Math.random() * ((max - min) + 1))) + min): Text '21.0' is set on object 'Object Repository/MOH AND GRN/Page_KDMC - CMS/input_txtmrp'

2018-05-28 13:30:36 - [MESSAGE][PASSED] - Text '21.0' is set on object 'Object Repository/MOH AND GRN/Page_KDMC - CMS/input_txtmrp'

2018-05-28 13:30:36 - [TEST_STEP][PASSED] - setText: Finding Test Object with id 'Object Repository/MOH AND GRN/Page_KDMC - CMS/input_txtdeal'

2018-05-28 13:30:36 - [TEST_STEP][PASSED] - Statement - switch (id): Finding Test Object with id 'Object Repository/MOH AND GRN/Page_KDMC - CMS/input_txtbatchno'

2018-05-28 13:30:36 - [TEST_STEP][PASSED] - Statement - case 5:: Text '6.0' is set on object 'Object Repository/MOH AND GRN/Page_KDMC - CMS/input_txtdeal'

2018-05-28 13:30:36 - [TEST_STEP][PASSED] - Statement - return (java.lang.Math.floor((java.lang.Math.random() * ((max - min) + 1))) + min): Text '6.0' is set on object 'Object Repository/MOH AND GRN/Page_KDMC - CMS/input_txtdeal'

2018-05-28 13:30:36 - [MESSAGE][PASSED] - Text '6.0' is set on object 'Object Repository/MOH AND GRN/Page_KDMC - CMS/input_txtdeal'

2018-05-28 13:30:36 - [TEST_STEP][PASSED] - setText: Finding Test Object with id 'Object Repository/MOH AND GRN/Page_KDMC - CMS/input_txtbatchno'

2018-05-28 13:30:36 - [TEST_STEP][PASSED] - Statement - switch (id): Finding Test Object with id 'Object Repository/MOH AND GRN/Page_KDMC - CMS/input_txtmrp'

2018-05-28 13:30:36 - [TEST_STEP][PASSED] - Statement - case 1:: Text 'BA912.0' is set on object 'Object Repository/MOH AND GRN/Page_KDMC - CMS/input_txtbatchno'

2018-05-28 13:30:36 - [TEST_STEP][PASSED] - Statement - return (java.lang.Math.floor((java.lang.Math.random() * ((max - min) + 1))) + min): Text 'BA912.0' is set on object 'Object Repository/MOH AND GRN/Page_KDMC - CMS/input_txtbatchno'

2018-05-28 13:30:36 - [MESSAGE][PASSED] - Text 'BA912.0' is set on object 'Object Repository/MOH AND GRN/Page_KDMC - CMS/input_txtbatchno'

2018-05-28 13:30:36 - [TEST_STEP][PASSED] - rightClick: Object: 'Object Repository/GRN/Page_KDMC - CMS/input_txtexpdate' is right clicked on

2018-05-28 13:30:36 - [MESSAGE][PASSED] - Object: 'Object Repository/GRN/Page_KDMC - CMS/input_txtexpdate' is right clicked on

2018-05-28 13:30:36 - [TEST_STEP][PASSED] - selectOptionByIndex: All options with index in [6] are selected on object 'Object Repository/GRN/Page_KDMC - CMS/select_20182019202020212022202'

2018-05-28 13:30:36 - [MESSAGE][PASSED] - All options with index in [6] are selected on object 'Object Repository/GRN/Page_KDMC - CMS/select_20182019202020212022202'

2018-05-28 13:30:36 - [TEST_STEP][PASSED] - selectOptionByIndex: All options with index in [6] are selected on object 'Object Repository/GRN/Page_KDMC - CMS/select_JanFebMarAprMayJunJulAu'

2018-05-28 13:30:36 - [MESSAGE][PASSED] - All options with index in [6] are selected on object 'Object Repository/GRN/Page_KDMC - CMS/select_JanFebMarAprMayJunJulAu'

2018-05-28 13:30:36 - [TEST_STEP][PASSED] - click: Object: 'Object Repository/MOH AND GRN/Page_KDMC - CMS/a_12' is clicked on

2018-05-28 13:30:36 - [MESSAGE][PASSED] - Object: 'Object Repository/MOH AND GRN/Page_KDMC - CMS/a_12' is clicked on

2018-05-28 13:30:36 - [TEST_STEP][PASSED] - click: Object: 'Object Repository/MOH AND GRN/Page_KDMC - CMS/input_btnadd' is clicked on

2018-05-28 13:30:37 - [MESSAGE][PASSED] - Object: 'Object Repository/MOH AND GRN/Page_KDMC - CMS/input_btnadd' is clicked on

2018-05-28 13:30:37 - [TEST_STEP][PASSED] - Statement - If (s == 10): null

2018-05-28 13:30:37 - [TEST_STEP][PASSED] - Statement - Else: null

2018-05-28 13:30:37 - [TEST_STEP][PASSED] - Statement - (s++): null

2018-05-28 13:30:37 - [TEST_STEP][PASSED] - delay: Delayed 1 second(s)

2018-05-28 13:30:38 - [MESSAGE][PASSED] - Delayed 1 second(s)

2018-05-28 13:30:38 - [TEST_STEP][PASSED] - selectOptionByIndex: All options with index in [7] are selected on object 'Object Repository/MOH AND GRN/Page_KDMC - CMS/select_--Select--Amikacin -500'

2018-05-28 13:30:38 - [MESSAGE][PASSED] - All options with index in [7] are selected on object 'Object Repository/MOH AND GRN/Page_KDMC - CMS/select_--Select--Amikacin -500'

2018-05-28 13:30:38 - [TEST_STEP][PASSED] - setText: Text '5000' is set on object 'Object Repository/MOH AND GRN/Page_KDMC - CMS/input_txtqty'

2018-05-28 13:30:38 - [MESSAGE][PASSED] - Text '5000' is set on object 'Object Repository/MOH AND GRN/Page_KDMC - CMS/input_txtqty'

2018-05-28 13:30:38 - [TEST_STEP][PASSED] - selectOptionByIndex: All options with index in [1] are selected on object 'Object Repository/MOH AND GRN/Page_KDMC - CMS/select_--Select--No Tax0'

2018-05-28 13:30:38 - [MESSAGE][PASSED] - All options with index in [1] are selected on object 'Object Repository/MOH AND GRN/Page_KDMC - CMS/select_--Select--No Tax0'

2018-05-28 13:30:38 - [TEST_STEP][PASSED] - setText: Finding Test Object with id 'Object Repository/MOH AND GRN/Page_KDMC - CMS/input_txtmrp'

2018-05-28 13:30:38 - [TEST_STEP][PASSED] - Statement - switch (id): Finding Test Object with id 'Object Repository/MOH AND GRN/Page_KDMC - CMS/input_txtdeal'

2018-05-28 13:30:38 - [TEST_STEP][PASSED] - Statement - case 4:: Text '18.0' is set on object 'Object Repository/MOH AND GRN/Page_KDMC - CMS/input_txtmrp'

2018-05-28 13:30:38 - [TEST_STEP][PASSED] - Statement - return (java.lang.Math.floor((java.lang.Math.random() * ((max - min) + 1))) + min): Text '18.0' is set on object 'Object Repository/MOH AND GRN/Page_KDMC - CMS/input_txtmrp'

2018-05-28 13:30:38 - [MESSAGE][PASSED] - Text '18.0' is set on object 'Object Repository/MOH AND GRN/Page_KDMC - CMS/input_txtmrp'

2018-05-28 13:30:38 - [TEST_STEP][PASSED] - setText: Finding Test Object with id 'Object Repository/MOH AND GRN/Page_KDMC - CMS/input_txtdeal'

2018-05-28 13:30:38 - [TEST_STEP][PASSED] - Statement - switch (id): Finding Test Object with id 'Object Repository/MOH AND GRN/Page_KDMC - CMS/input_txtbatchno'

2018-05-28 13:30:38 - [TEST_STEP][PASSED] - Statement - case 5:: Text '4.0' is set on object 'Object Repository/MOH AND GRN/Page_KDMC - CMS/input_txtdeal'

2018-05-28 13:30:38 - [TEST_STEP][PASSED] - Statement - return (java.lang.Math.floor((java.lang.Math.random() * ((max - min) + 1))) + min): Text '4.0' is set on object 'Object Repository/MOH AND GRN/Page_KDMC - CMS/input_txtdeal'

2018-05-28 13:30:38 - [MESSAGE][PASSED] - Text '4.0' is set on object 'Object Repository/MOH AND GRN/Page_KDMC - CMS/input_txtdeal'

2018-05-28 13:30:38 - [TEST_STEP][PASSED] - setText: Finding Test Object with id 'Object Repository/MOH AND GRN/Page_KDMC - CMS/input_txtbatchno'

2018-05-28 13:30:38 - [TEST_STEP][PASSED] - Statement - switch (id): Finding Test Object with id 'Object Repository/MOH AND GRN/Page_KDMC - CMS/input_txtmrp'

2018-05-28 13:30:38 - [TEST_STEP][PASSED] - Statement - case 1:: Text 'BA401.0' is set on object 'Object Repository/MOH AND GRN/Page_KDMC - CMS/input_txtbatchno'

2018-05-28 13:30:38 - [TEST_STEP][PASSED] - Statement - return (java.lang.Math.floor((java.lang.Math.random() * ((max - min) + 1))) + min): Text 'BA401.0' is set on object 'Object Repository/MOH AND GRN/Page_KDMC - CMS/input_txtbatchno'

2018-05-28 13:30:38 - [MESSAGE][PASSED] - Text 'BA401.0' is set on object 'Object Repository/MOH AND GRN/Page_KDMC - CMS/input_txtbatchno'

2018-05-28 13:30:38 - [TEST_STEP][PASSED] - rightClick: Object: 'Object Repository/GRN/Page_KDMC - CMS/input_txtexpdate' is right clicked on

2018-05-28 13:30:38 - [MESSAGE][PASSED] - Object: 'Object Repository/GRN/Page_KDMC - CMS/input_txtexpdate' is right clicked on

2018-05-28 13:30:38 - [TEST_STEP][PASSED] - selectOptionByIndex: All options with index in [7] are selected on object 'Object Repository/GRN/Page_KDMC - CMS/select_20182019202020212022202'

2018-05-28 13:30:39 - [MESSAGE][PASSED] - All options with index in [7] are selected on object 'Object Repository/GRN/Page_KDMC - CMS/select_20182019202020212022202'

2018-05-28 13:30:39 - [TEST_STEP][PASSED] - selectOptionByIndex: All options with index in [7] are selected on object 'Object Repository/GRN/Page_KDMC - CMS/select_JanFebMarAprMayJunJulAu'

2018-05-28 13:30:39 - [MESSAGE][PASSED] - All options with index in [7] are selected on object 'Object Repository/GRN/Page_KDMC - CMS/select_JanFebMarAprMayJunJulAu'

2018-05-28 13:30:39 - [TEST_STEP][PASSED] - click: Object: 'Object Repository/MOH AND GRN/Page_KDMC - CMS/a_12' is clicked on

2018-05-28 13:30:39 - [MESSAGE][PASSED] - Object: 'Object Repository/MOH AND GRN/Page_KDMC - CMS/a_12' is clicked on

2018-05-28 13:30:39 - [TEST_STEP][PASSED] - click: Object: 'Object Repository/MOH AND GRN/Page_KDMC - CMS/input_btnadd' is clicked on

2018-05-28 13:30:39 - [MESSAGE][PASSED] - Object: 'Object Repository/MOH AND GRN/Page_KDMC - CMS/input_btnadd' is clicked on

2018-05-28 13:30:39 - [TEST_STEP][PASSED] - Statement - If (s == 10): null

2018-05-28 13:30:39 - [TEST_STEP][PASSED] - Statement - Else: null

2018-05-28 13:30:39 - [TEST_STEP][PASSED] - Statement - (s++): null

2018-05-28 13:30:39 - [TEST_STEP][PASSED] - delay: Delayed 1 second(s)

2018-05-28 13:30:40 - [MESSAGE][PASSED] - Delayed 1 second(s)

2018-05-28 13:30:40 - [TEST_STEP][PASSED] - selectOptionByIndex: All options with index in [8] are selected on object 'Object Repository/MOH AND GRN/Page_KDMC - CMS/select_--Select--Amikacin -500'

2018-05-28 13:30:40 - [MESSAGE][PASSED] - All options with index in [8] are selected on object 'Object Repository/MOH AND GRN/Page_KDMC - CMS/select_--Select--Amikacin -500'

2018-05-28 13:30:40 - [TEST_STEP][PASSED] - setText: Text '5000' is set on object 'Object Repository/MOH AND GRN/Page_KDMC - CMS/input_txtqty'

2018-05-28 13:30:40 - [MESSAGE][PASSED] - Text '5000' is set on object 'Object Repository/MOH AND GRN/Page_KDMC - CMS/input_txtqty'

2018-05-28 13:30:40 - [TEST_STEP][PASSED] - selectOptionByIndex: All options with index in [1] are selected on object 'Object Repository/MOH AND GRN/Page_KDMC - CMS/select_--Select--No Tax0'

2018-05-28 13:30:40 - [MESSAGE][PASSED] - All options with index in [1] are selected on object 'Object Repository/MOH AND GRN/Page_KDMC - CMS/select_--Select--No Tax0'

2018-05-28 13:30:40 - [TEST_STEP][PASSED] - setText: Finding Test Object with id 'Object Repository/MOH AND GRN/Page_KDMC - CMS/input_txtmrp'

2018-05-28 13:30:40 - [TEST_STEP][PASSED] - Statement - switch (id): Finding Test Object with id 'Object Repository/MOH AND GRN/Page_KDMC - CMS/input_txtdeal'

2018-05-28 13:30:40 - [TEST_STEP][PASSED] - Statement - case 4:: Text '30.0' is set on object 'Object Repository/MOH AND GRN/Page_KDMC - CMS/input_txtmrp'

2018-05-28 13:30:40 - [TEST_STEP][PASSED] - Statement - return (java.lang.Math.floor((java.lang.Math.random() * ((max - min) + 1))) + min): Text '30.0' is set on object 'Object Repository/MOH AND GRN/Page_KDMC - CMS/input_txtmrp'

2018-05-28 13:30:40 - [MESSAGE][PASSED] - Text '30.0' is set on object 'Object Repository/MOH AND GRN/Page_KDMC - CMS/input_txtmrp'

2018-05-28 13:30:40 - [TEST_STEP][PASSED] - setText: Finding Test Object with id 'Object Repository/MOH AND GRN/Page_KDMC - CMS/input_txtdeal'

2018-05-28 13:30:40 - [TEST_STEP][PASSED] - Statement - switch (id): Finding Test Object with id 'Object Repository/MOH AND GRN/Page_KDMC - CMS/input_txtbatchno'

2018-05-28 13:30:40 - [TEST_STEP][PASSED] - Statement - case 5:: Text '1.0' is set on object 'Object Repository/MOH AND GRN/Page_KDMC - CMS/input_txtdeal'

2018-05-28 13:30:40 - [TEST_STEP][PASSED] - Statement - return (java.lang.Math.floor((java.lang.Math.random() * ((max - min) + 1))) + min): Text '1.0' is set on object 'Object Repository/MOH AND GRN/Page_KDMC - CMS/input_txtdeal'

2018-05-28 13:30:41 - [MESSAGE][PASSED] - Text '1.0' is set on object 'Object Repository/MOH AND GRN/Page_KDMC - CMS/input_txtdeal'

2018-05-28 13:30:41 - [TEST_STEP][PASSED] - setText: Finding Test Object with id 'Object Repository/MOH AND GRN/Page_KDMC - CMS/input_txtbatchno'

2018-05-28 13:30:41 - [TEST_STEP][PASSED] - Statement - switch (id): Finding Test Object with id 'Object Repository/MOH AND GRN/Page_KDMC - CMS/input_txtmrp'

2018-05-28 13:30:41 - [TEST_STEP][PASSED] - Statement - case 1:: Text 'BA895.0' is set on object 'Object Repository/MOH AND GRN/Page_KDMC - CMS/input_txtbatchno'

2018-05-28 13:30:41 - [TEST_STEP][PASSED] - Statement - return (java.lang.Math.floor((java.lang.Math.random() * ((max - min) + 1))) + min): Text 'BA895.0' is set on object 'Object Repository/MOH AND GRN/Page_KDMC - CMS/input_txtbatchno'

2018-05-28 13:30:41 - [MESSAGE][PASSED] - Text 'BA895.0' is set on object 'Object Repository/MOH AND GRN/Page_KDMC - CMS/input_txtbatchno'

2018-05-28 13:30:41 - [TEST_STEP][PASSED] - rightClick: Object: 'Object Repository/GRN/Page_KDMC - CMS/input_txtexpdate' is right clicked on

2018-05-28 13:30:41 - [MESSAGE][PASSED] - Object: 'Object Repository/GRN/Page_KDMC - CMS/input_txtexpdate' is right clicked on

2018-05-28 13:30:41 - [TEST_STEP][PASSED] - selectOptionByIndex: All options with index in [8] are selected on object 'Object Repository/GRN/Page_KDMC - CMS/select_20182019202020212022202'

2018-05-28 13:30:41 - [MESSAGE][PASSED] - All options with index in [8] are selected on object 'Object Repository/GRN/Page_KDMC - CMS/select_20182019202020212022202'

2018-05-28 13:30:41 - [TEST_STEP][PASSED] - selectOptionByIndex: All options with index in [8] are selected on object 'Object Repository/GRN/Page_KDMC - CMS/select_JanFebMarAprMayJunJulAu'

2018-05-28 13:30:41 - [MESSAGE][PASSED] - All options with index in [8] are selected on object 'Object Repository/GRN/Page_KDMC - CMS/select_JanFebMarAprMayJunJulAu'

2018-05-28 13:30:41 - [TEST_STEP][PASSED] - click: Object: 'Object Repository/MOH AND GRN/Page_KDMC - CMS/a_12' is clicked on

2018-05-28 13:30:41 - [MESSAGE][PASSED] - Object: 'Object Repository/MOH AND GRN/Page_KDMC - CMS/a_12' is clicked on

2018-05-28 13:30:41 - [TEST_STEP][PASSED] - click: Object: 'Object Repository/MOH AND GRN/Page_KDMC - CMS/input_btnadd' is clicked on

2018-05-28 13:30:41 - [MESSAGE][PASSED] - Object: 'Object Repository/MOH AND GRN/Page_KDMC - CMS/input_btnadd' is clicked on

2018-05-28 13:30:41 - [TEST_STEP][PASSED] - Statement - If (s == 10): null

2018-05-28 13:30:41 - [TEST_STEP][PASSED] - Statement - Else: null

2018-05-28 13:30:41 - [TEST_STEP][PASSED] - Statement - (s++): null

2018-05-28 13:30:41 - [TEST_STEP][PASSED] - delay: Delayed 1 second(s)

2018-05-28 13:30:42 - [MESSAGE][PASSED] - Delayed 1 second(s)

2018-05-28 13:30:42 - [TEST_STEP][PASSED] - selectOptionByIndex: All options with index in [9] are selected on object 'Object Repository/MOH AND GRN/Page_KDMC - CMS/select_--Select--Amikacin -500'

2018-05-28 13:30:43 - [MESSAGE][PASSED] - All options with index in [9] are selected on object 'Object Repository/MOH AND GRN/Page_KDMC - CMS/select_--Select--Amikacin -500'

2018-05-28 13:30:43 - [TEST_STEP][PASSED] - setText: Text '5000' is set on object 'Object Repository/MOH AND GRN/Page_KDMC - CMS/input_txtqty'

2018-05-28 13:30:43 - [MESSAGE][PASSED] - Text '5000' is set on object 'Object Repository/MOH AND GRN/Page_KDMC - CMS/input_txtqty'

2018-05-28 13:30:43 - [TEST_STEP][PASSED] - selectOptionByIndex: All options with index in [1] are selected on object 'Object Repository/MOH AND GRN/Page_KDMC - CMS/select_--Select--No Tax0'

2018-05-28 13:30:43 - [MESSAGE][PASSED] - All options with index in [1] are selected on object 'Object Repository/MOH AND GRN/Page_KDMC - CMS/select_--Select--No Tax0'

2018-05-28 13:30:43 - [TEST_STEP][PASSED] - setText: Finding Test Object with id 'Object Repository/MOH AND GRN/Page_KDMC - CMS/input_txtmrp'

2018-05-28 13:30:43 - [TEST_STEP][PASSED] - Statement - switch (id): Finding Test Object with id 'Object Repository/MOH AND GRN/Page_KDMC - CMS/input_txtdeal'

2018-05-28 13:30:43 - [TEST_STEP][PASSED] - Statement - case 4:: Text '18.0' is set on object 'Object Repository/MOH AND GRN/Page_KDMC - CMS/input_txtmrp'

2018-05-28 13:30:43 - [TEST_STEP][PASSED] - Statement - return (java.lang.Math.floor((java.lang.Math.random() * ((max - min) + 1))) + min): Text '18.0' is set on object 'Object Repository/MOH AND GRN/Page_KDMC - CMS/input_txtmrp'

2018-05-28 13:30:43 - [MESSAGE][PASSED] - Text '18.0' is set on object 'Object Repository/MOH AND GRN/Page_KDMC - CMS/input_txtmrp'

2018-05-28 13:30:43 - [TEST_STEP][PASSED] - setText: Finding Test Object with id 'Object Repository/MOH AND GRN/Page_KDMC - CMS/input_txtdeal'

2018-05-28 13:30:43 - [TEST_STEP][PASSED] - Statement - switch (id): Finding Test Object with id 'Object Repository/MOH AND GRN/Page_KDMC - CMS/input_txtbatchno'

2018-05-28 13:30:43 - [TEST_STEP][PASSED] - Statement - case 5:: Text '10.0' is set on object 'Object Repository/MOH AND GRN/Page_KDMC - CMS/input_txtdeal'

2018-05-28 13:30:43 - [TEST_STEP][PASSED] - Statement - return (java.lang.Math.floor((java.lang.Math.random() * ((max - min) + 1))) + min): Text '10.0' is set on object 'Object Repository/MOH AND GRN/Page_KDMC - CMS/input_txtdeal'

2018-05-28 13:30:43 - [MESSAGE][PASSED] - Text '10.0' is set on object 'Object Repository/MOH AND GRN/Page_KDMC - CMS/input_txtdeal'

2018-05-28 13:30:43 - [TEST_STEP][PASSED] - setText: Finding Test Object with id 'Object Repository/MOH AND GRN/Page_KDMC - CMS/input_txtbatchno'

2018-05-28 13:30:43 - [TEST_STEP][PASSED] - Statement - switch (id): Finding Test Object with id 'Object Repository/MOH AND GRN/Page_KDMC - CMS/input_txtmrp'

2018-05-28 13:30:43 - [TEST_STEP][PASSED] - Statement - case 1:: Text 'BA816.0' is set on object 'Object Repository/MOH AND GRN/Page_KDMC - CMS/input_txtbatchno'

2018-05-28 13:30:43 - [TEST_STEP][PASSED] - Statement - return (java.lang.Math.floor((java.lang.Math.random() * ((max - min) + 1))) + min): Text 'BA816.0' is set on object 'Object Repository/MOH AND GRN/Page_KDMC - CMS/input_txtbatchno'

2018-05-28 13:30:43 - [MESSAGE][PASSED] - Text 'BA816.0' is set on object 'Object Repository/MOH AND GRN/Page_KDMC - CMS/input_txtbatchno'

2018-05-28 13:30:43 - [TEST_STEP][PASSED] - rightClick: Object: 'Object Repository/GRN/Page_KDMC - CMS/input_txtexpdate' is right clicked on

2018-05-28 13:30:43 - [MESSAGE][PASSED] - Object: 'Object Repository/GRN/Page_KDMC - CMS/input_txtexpdate' is right clicked on

2018-05-28 13:30:43 - [TEST_STEP][PASSED] - selectOptionByIndex: All options with index in [9] are selected on object 'Object Repository/GRN/Page_KDMC - CMS/select_20182019202020212022202'

2018-05-28 13:30:43 - [MESSAGE][PASSED] - All options with index in [9] are selected on object 'Object Repository/GRN/Page_KDMC - CMS/select_20182019202020212022202'

2018-05-28 13:30:43 - [TEST_STEP][PASSED] - selectOptionByIndex: All options with index in [9] are selected on object 'Object Repository/GRN/Page_KDMC - CMS/select_JanFebMarAprMayJunJulAu'

2018-05-28 13:30:44 - [MESSAGE][PASSED] - All options with index in [9] are selected on object 'Object Repository/GRN/Page_KDMC - CMS/select_JanFebMarAprMayJunJulAu'

2018-05-28 13:30:44 - [TEST_STEP][PASSED] - click: Object: 'Object Repository/MOH AND GRN/Page_KDMC - CMS/a_12' is clicked on

2018-05-28 13:30:44 - [MESSAGE][PASSED] - Object: 'Object Repository/MOH AND GRN/Page_KDMC - CMS/a_12' is clicked on

2018-05-28 13:30:44 - [TEST_STEP][PASSED] - click: Object: 'Object Repository/MOH AND GRN/Page_KDMC - CMS/input_btnadd' is clicked on

2018-05-28 13:30:44 - [MESSAGE][PASSED] - Object: 'Object Repository/MOH AND GRN/Page_KDMC - CMS/input_btnadd' is clicked on

2018-05-28 13:30:44 - [TEST_STEP][PASSED] - Statement - If (s == 10): null

2018-05-28 13:30:44 - [TEST_STEP][PASSED] - Statement - Else: null

2018-05-28 13:30:44 - [TEST_STEP][PASSED] - Statement - (s++): null

2018-05-28 13:30:44 - [TEST_STEP][PASSED] - delay: Delayed 1 second(s)

2018-05-28 13:30:45 - [MESSAGE][PASSED] - Delayed 1 second(s)

2018-05-28 13:30:45 - [TEST_STEP][PASSED] - selectOptionByIndex: All options with index in [10] are selected on object 'Object Repository/MOH AND GRN/Page_KDMC - CMS/select_--Select--Amikacin -500'

2018-05-28 13:30:45 - [MESSAGE][PASSED] - All options with index in [10] are selected on object 'Object Repository/MOH AND GRN/Page_KDMC - CMS/select_--Select--Amikacin -500'

2018-05-28 13:30:45 - [TEST_STEP][PASSED] - setText: Text '5000' is set on object 'Object Repository/MOH AND GRN/Page_KDMC - CMS/input_txtqty'

2018-05-28 13:30:45 - [MESSAGE][PASSED] - Text '5000' is set on object 'Object Repository/MOH AND GRN/Page_KDMC - CMS/input_txtqty'

2018-05-28 13:30:45 - [TEST_STEP][PASSED] - selectOptionByIndex: All options with index in [1] are selected on object 'Object Repository/MOH AND GRN/Page_KDMC - CMS/select_--Select--No Tax0'

2018-05-28 13:30:45 - [MESSAGE][PASSED] - All options with index in [1] are selected on object 'Object Repository/MOH AND GRN/Page_KDMC - CMS/select_--Select--No Tax0'

2018-05-28 13:30:45 - [TEST_STEP][PASSED] - setText: Finding Test Object with id 'Object Repository/MOH AND GRN/Page_KDMC - CMS/input_txtmrp'

2018-05-28 13:30:45 - [TEST_STEP][PASSED] - Statement - switch (id): Finding Test Object with id 'Object Repository/MOH AND GRN/Page_KDMC - CMS/input_txtdeal'

2018-05-28 13:30:45 - [TEST_STEP][PASSED] - Statement - case 4:: Text '35.0' is set on object 'Object Repository/MOH AND GRN/Page_KDMC - CMS/input_txtmrp'

2018-05-28 13:30:45 - [TEST_STEP][PASSED] - Statement - return (java.lang.Math.floor((java.lang.Math.random() * ((max - min) + 1))) + min): Text '35.0' is set on object 'Object Repository/MOH AND GRN/Page_KDMC - CMS/input_txtmrp'

2018-05-28 13:30:45 - [MESSAGE][PASSED] - Text '35.0' is set on object 'Object Repository/MOH AND GRN/Page_KDMC - CMS/input_txtmrp'

2018-05-28 13:30:45 - [TEST_STEP][PASSED] - setText: Finding Test Object with id 'Object Repository/MOH AND GRN/Page_KDMC - CMS/input_txtdeal'

2018-05-28 13:30:45 - [TEST_STEP][PASSED] - Statement - switch (id): Finding Test Object with id 'Object Repository/MOH AND GRN/Page_KDMC - CMS/input_txtbatchno'

2018-05-28 13:30:45 - [TEST_STEP][PASSED] - Statement - case 5:: Text '3.0' is set on object 'Object Repository/MOH AND GRN/Page_KDMC - CMS/input_txtdeal'

2018-05-28 13:30:45 - [TEST_STEP][PASSED] - Statement - return (java.lang.Math.floor((java.lang.Math.random() * ((max - min) + 1))) + min): Text '3.0' is set on object 'Object Repository/MOH AND GRN/Page_KDMC - CMS/input_txtdeal'

2018-05-28 13:30:45 - [MESSAGE][PASSED] - Text '3.0' is set on object 'Object Repository/MOH AND GRN/Page_KDMC - CMS/input_txtdeal'

2018-05-28 13:30:45 - [TEST_STEP][PASSED] - setText: Finding Test Object with id 'Object Repository/MOH AND GRN/Page_KDMC - CMS/input_txtbatchno'

2018-05-28 13:30:45 - [TEST_STEP][PASSED] - Statement - switch (id): Finding Test Object with id 'Object Repository/MOH AND GRN/Page_KDMC - CMS/input_txtmrp'

2018-05-28 13:30:45 - [TEST_STEP][PASSED] - Statement - case 1:: Text 'BA488.0' is set on object 'Object Repository/MOH AND GRN/Page_KDMC - CMS/input_txtbatchno'

2018-05-28 13:30:45 - [TEST_STEP][PASSED] - Statement - return (java.lang.Math.floor((java.lang.Math.random() * ((max - min) + 1))) + min): Text 'BA488.0' is set on object 'Object Repository/MOH AND GRN/Page_KDMC - CMS/input_txtbatchno'

2018-05-28 13:30:46 - [MESSAGE][PASSED] - Text 'BA488.0' is set on object 'Object Repository/MOH AND GRN/Page_KDMC - CMS/input_txtbatchno'

2018-05-28 13:30:46 - [TEST_STEP][PASSED] - rightClick: Object: 'Object Repository/GRN/Page_KDMC - CMS/input_txtexpdate' is right clicked on

2018-05-28 13:30:46 - [MESSAGE][PASSED] - Object: 'Object Repository/GRN/Page_KDMC - CMS/input_txtexpdate' is right clicked on

2018-05-28 13:30:46 - [TEST_STEP][PASSED] - selectOptionByIndex: All options with index in [10] are selected on object 'Object Repository/GRN/Page_KDMC - CMS/select_20182019202020212022202'

2018-05-28 13:30:46 - [MESSAGE][PASSED] - All options with index in [10] are selected on object 'Object Repository/GRN/Page_KDMC - CMS/select_20182019202020212022202'

2018-05-28 13:30:46 - [TEST_STEP][PASSED] - selectOptionByIndex: All options with index in [10] are selected on object 'Object Repository/GRN/Page_KDMC - CMS/select_JanFebMarAprMayJunJulAu'

2018-05-28 13:30:46 - [MESSAGE][PASSED] - All options with index in [10] are selected on object 'Object Repository/GRN/Page_KDMC - CMS/select_JanFebMarAprMayJunJulAu'

2018-05-28 13:30:46 - [TEST_STEP][PASSED] - click: Object: 'Object Repository/MOH AND GRN/Page_KDMC - CMS/a_12' is clicked on

2018-05-28 13:30:46 - [MESSAGE][PASSED] - Object: 'Object Repository/MOH AND GRN/Page_KDMC - CMS/a_12' is clicked on

2018-05-28 13:30:46 - [TEST_STEP][PASSED] - click: Object: 'Object Repository/MOH AND GRN/Page_KDMC - CMS/input_btnadd' is clicked on

2018-05-28 13:30:46 - [MESSAGE][PASSED] - Object: 'Object Repository/MOH AND GRN/Page_KDMC - CMS/input_btnadd' is clicked on

2018-05-28 13:30:46 - [TEST_STEP][PASSED] - Statement - If (s == 10): null

2018-05-28 13:30:46 - [TEST_STEP][PASSED] - Statement - s = 1: null

2018-05-28 13:30:46 - [TEST_STEP][PASSED] - delay: Delayed 1 second(s)

2018-05-28 13:30:47 - [MESSAGE][PASSED] - Delayed 1 second(s)

2018-05-28 13:30:47 - [TEST_STEP][PASSED] - selectOptionByIndex: All options with index in [11] are selected on object 'Object Repository/MOH AND GRN/Page_KDMC - CMS/select_--Select--Amikacin -500'

2018-05-28 13:30:48 - [MESSAGE][PASSED] - All options with index in [11] are selected on object 'Object Repository/MOH AND GRN/Page_KDMC - CMS/select_--Select--Amikacin -500'

2018-05-28 13:30:48 - [TEST_STEP][PASSED] - setText: Text '5000' is set on object 'Object Repository/MOH AND GRN/Page_KDMC - CMS/input_txtqty'

2018-05-28 13:30:48 - [MESSAGE][PASSED] - Text '5000' is set on object 'Object Repository/MOH AND GRN/Page_KDMC - CMS/input_txtqty'

2018-05-28 13:30:48 - [TEST_STEP][PASSED] - selectOptionByIndex: All options with index in [1] are selected on object 'Object Repository/MOH AND GRN/Page_KDMC - CMS/select_--Select--No Tax0'

2018-05-28 13:30:48 - [MESSAGE][PASSED] - All options with index in [1] are selected on object 'Object Repository/MOH AND GRN/Page_KDMC - CMS/select_--Select--No Tax0'

2018-05-28 13:30:48 - [TEST_STEP][PASSED] - setText: Finding Test Object with id 'Object Repository/MOH AND GRN/Page_KDMC - CMS/input_txtmrp'

2018-05-28 13:30:48 - [TEST_STEP][PASSED] - Statement - switch (id): Finding Test Object with id 'Object Repository/MOH AND GRN/Page_KDMC - CMS/input_txtdeal'

2018-05-28 13:30:48 - [TEST_STEP][PASSED] - Statement - case 4:: Text '21.0' is set on object 'Object Repository/MOH AND GRN/Page_KDMC - CMS/input_txtmrp'

2018-05-28 13:30:48 - [TEST_STEP][PASSED] - Statement - return (java.lang.Math.floor((java.lang.Math.random() * ((max - min) + 1))) + min): Text '21.0' is set on object 'Object Repository/MOH AND GRN/Page_KDMC - CMS/input_txtmrp'

2018-05-28 13:30:48 - [MESSAGE][PASSED] - Text '21.0' is set on object 'Object Repository/MOH AND GRN/Page_KDMC - CMS/input_txtmrp'

2018-05-28 13:30:48 - [TEST_STEP][PASSED] - setText: Finding Test Object with id 'Object Repository/MOH AND GRN/Page_KDMC - CMS/input_txtdeal'

2018-05-28 13:30:48 - [TEST_STEP][PASSED] - Statement - switch (id): Finding Test Object with id 'Object Repository/MOH AND GRN/Page_KDMC - CMS/input_txtbatchno'

2018-05-28 13:30:48 - [TEST_STEP][PASSED] - Statement - case 5:: Text '5.0' is set on object 'Object Repository/MOH AND GRN/Page_KDMC - CMS/input_txtdeal'

2018-05-28 13:30:48 - [TEST_STEP][PASSED] - Statement - return (java.lang.Math.floor((java.lang.Math.random() * ((max - min) + 1))) + min): Text '5.0' is set on object 'Object Repository/MOH AND GRN/Page_KDMC - CMS/input_txtdeal'

2018-05-28 13:30:48 - [MESSAGE][PASSED] - Text '5.0' is set on object 'Object Repository/MOH AND GRN/Page_KDMC - CMS/input_txtdeal'

2018-05-28 13:30:48 - [TEST_STEP][PASSED] - setText: Finding Test Object with id 'Object Repository/MOH AND GRN/Page_KDMC - CMS/input_txtbatchno'

2018-05-28 13:30:48 - [TEST_STEP][PASSED] - Statement - switch (id): Finding Test Object with id 'Object Repository/MOH AND GRN/Page_KDMC - CMS/input_txtmrp'

2018-05-28 13:30:48 - [TEST_STEP][PASSED] - Statement - case 1:: Text 'BA200.0' is set on object 'Object Repository/MOH AND GRN/Page_KDMC - CMS/input_txtbatchno'

2018-05-28 13:30:48 - [TEST_STEP][PASSED] - Statement - return (java.lang.Math.floor((java.lang.Math.random() * ((max - min) + 1))) + min): Text 'BA200.0' is set on object 'Object Repository/MOH AND GRN/Page_KDMC - CMS/input_txtbatchno'

2018-05-28 13:30:48 - [MESSAGE][PASSED] - Text 'BA200.0' is set on object 'Object Repository/MOH AND GRN/Page_KDMC - CMS/input_txtbatchno'

2018-05-28 13:30:48 - [TEST_STEP][PASSED] - rightClick: Object: 'Object Repository/GRN/Page_KDMC - CMS/input_txtexpdate' is right clicked on

2018-05-28 13:30:48 - [MESSAGE][PASSED] - Object: 'Object Repository/GRN/Page_KDMC - CMS/input_txtexpdate' is right clicked on

2018-05-28 13:30:48 - [TEST_STEP][PASSED] - selectOptionByIndex: All options with index in [1] are selected on object 'Object Repository/GRN/Page_KDMC - CMS/select_20182019202020212022202'

2018-05-28 13:30:48 - [MESSAGE][PASSED] - All options with index in [1] are selected on object 'Object Repository/GRN/Page_KDMC - CMS/select_20182019202020212022202'

2018-05-28 13:30:48 - [TEST_STEP][PASSED] - selectOptionByIndex: All options with index in [1] are selected on object 'Object Repository/GRN/Page_KDMC - CMS/select_JanFebMarAprMayJunJulAu'

2018-05-28 13:30:48 - [MESSAGE][PASSED] - All options with index in [1] are selected on object 'Object Repository/GRN/Page_KDMC - CMS/select_JanFebMarAprMayJunJulAu'

2018-05-28 13:30:48 - [TEST_STEP][PASSED] - click: Object: 'Object Repository/MOH AND GRN/Page_KDMC - CMS/a_12' is clicked on

2018-05-28 13:30:49 - [MESSAGE][PASSED] - Object: 'Object Repository/MOH AND GRN/Page_KDMC - CMS/a_12' is clicked on

2018-05-28 13:30:49 - [TEST_STEP][PASSED] - click: Object: 'Object Repository/MOH AND GRN/Page_KDMC - CMS/input_btnadd' is clicked on

2018-05-28 13:30:49 - [MESSAGE][PASSED] - Object: 'Object Repository/MOH AND GRN/Page_KDMC - CMS/input_btnadd' is clicked on

2018-05-28 13:30:49 - [TEST_STEP][PASSED] - Statement - If (s == 10): null

2018-05-28 13:30:49 - [TEST_STEP][PASSED] - Statement - Else: null

2018-05-28 13:30:49 - [TEST_STEP][PASSED] - Statement - (s++): null

2018-05-28 13:30:49 - [TEST_STEP][PASSED] - delay: Delayed 1 second(s)

2018-05-28 13:30:50 - [MESSAGE][PASSED] - Delayed 1 second(s)

2018-05-28 13:30:50 - [TEST_STEP][PASSED] - selectOptionByIndex: All options with index in [12] are selected on object 'Object Repository/MOH AND GRN/Page_KDMC - CMS/select_--Select--Amikacin -500'

2018-05-28 13:30:50 - [MESSAGE][PASSED] - All options with index in [12] are selected on object 'Object Repository/MOH AND GRN/Page_KDMC - CMS/select_--Select--Amikacin -500'

2018-05-28 13:30:50 - [TEST_STEP][PASSED] - setText: Text '5000' is set on object 'Object Repository/MOH AND GRN/Page_KDMC - CMS/input_txtqty'

2018-05-28 13:30:50 - [MESSAGE][PASSED] - Text '5000' is set on object 'Object Repository/MOH AND GRN/Page_KDMC - CMS/input_txtqty'

2018-05-28 13:30:50 - [TEST_STEP][PASSED] - selectOptionByIndex: All options with index in [1] are selected on object 'Object Repository/MOH AND GRN/Page_KDMC - CMS/select_--Select--No Tax0'

2018-05-28 13:30:50 - [MESSAGE][PASSED] - All options with index in [1] are selected on object 'Object Repository/MOH AND GRN/Page_KDMC - CMS/select_--Select--No Tax0'

2018-05-28 13:30:50 - [TEST_STEP][PASSED] - setText: Finding Test Object with id 'Object Repository/MOH AND GRN/Page_KDMC - CMS/input_txtmrp'

2018-05-28 13:30:50 - [TEST_STEP][PASSED] - Statement - switch (id): Finding Test Object with id 'Object Repository/MOH AND GRN/Page_KDMC - CMS/input_txtdeal'

2018-05-28 13:30:50 - [TEST_STEP][PASSED] - Statement - case 4:: Text '32.0' is set on object 'Object Repository/MOH AND GRN/Page_KDMC - CMS/input_txtmrp'

2018-05-28 13:30:50 - [TEST_STEP][PASSED] - Statement - return (java.lang.Math.floor((java.lang.Math.random() * ((max - min) + 1))) + min): Text '32.0' is set on object 'Object Repository/MOH AND GRN/Page_KDMC - CMS/input_txtmrp'

2018-05-28 13:30:50 - [MESSAGE][PASSED] - Text '32.0' is set on object 'Object Repository/MOH AND GRN/Page_KDMC - CMS/input_txtmrp'

2018-05-28 13:30:50 - [TEST_STEP][PASSED] - setText: Finding Test Object with id 'Object Repository/MOH AND GRN/Page_KDMC - CMS/input_txtdeal'

2018-05-28 13:30:50 - [TEST_STEP][PASSED] - Statement - switch (id): Finding Test Object with id 'Object Repository/MOH AND GRN/Page_KDMC - CMS/input_txtbatchno'

2018-05-28 13:30:50 - [TEST_STEP][PASSED] - Statement - case 5:: Text '10.0' is set on object 'Object Repository/MOH AND GRN/Page_KDMC - CMS/input_txtdeal'

2018-05-28 13:30:50 - [TEST_STEP][PASSED] - Statement - return (java.lang.Math.floor((java.lang.Math.random() * ((max - min) + 1))) + min): Text '10.0' is set on object 'Object Repository/MOH AND GRN/Page_KDMC - CMS/input_txtdeal'

2018-05-28 13:30:50 - [MESSAGE][PASSED] - Text '10.0' is set on object 'Object Repository/MOH AND GRN/Page_KDMC - CMS/input_txtdeal'

2018-05-28 13:30:50 - [TEST_STEP][PASSED] - setText: Finding Test Object with id 'Object Repository/MOH AND GRN/Page_KDMC - CMS/input_txtbatchno'

2018-05-28 13:30:50 - [TEST_STEP][PASSED] - Statement - switch (id): Finding Test Object with id 'Object Repository/MOH AND GRN/Page_KDMC - CMS/input_txtmrp'

2018-05-28 13:30:50 - [TEST_STEP][PASSED] - Statement - case 1:: Text 'BA804.0' is set on object 'Object Repository/MOH AND GRN/Page_KDMC - CMS/input_txtbatchno'

2018-05-28 13:30:50 - [TEST_STEP][PASSED] - Statement - return (java.lang.Math.floor((java.lang.Math.random() * ((max - min) + 1))) + min): Text 'BA804.0' is set on object 'Object Repository/MOH AND GRN/Page_KDMC - CMS/input_txtbatchno'

2018-05-28 13:30:50 - [MESSAGE][PASSED] - Text 'BA804.0' is set on object 'Object Repository/MOH AND GRN/Page_KDMC - CMS/input_txtbatchno'

2018-05-28 13:30:50 - [TEST_STEP][PASSED] - rightClick: Object: 'Object Repository/GRN/Page_KDMC - CMS/input_txtexpdate' is right clicked on

2018-05-28 13:30:51 - [MESSAGE][PASSED] - Object: 'Object Repository/GRN/Page_KDMC - CMS/input_txtexpdate' is right clicked on

2018-05-28 13:30:51 - [TEST_STEP][PASSED] - selectOptionByIndex: All options with index in [2] are selected on object 'Object Repository/GRN/Page_KDMC - CMS/select_20182019202020212022202'

2018-05-28 13:30:51 - [MESSAGE][PASSED] - All options with index in [2] are selected on object 'Object Repository/GRN/Page_KDMC - CMS/select_20182019202020212022202'

2018-05-28 13:30:51 - [TEST_STEP][PASSED] - selectOptionByIndex: All options with index in [2] are selected on object 'Object Repository/GRN/Page_KDMC - CMS/select_JanFebMarAprMayJunJulAu'

2018-05-28 13:30:51 - [MESSAGE][PASSED] - All options with index in [2] are selected on object 'Object Repository/GRN/Page_KDMC - CMS/select_JanFebMarAprMayJunJulAu'

2018-05-28 13:30:51 - [TEST_STEP][PASSED] - click: Object: 'Object Repository/MOH AND GRN/Page_KDMC - CMS/a_12' is clicked on

2018-05-28 13:30:51 - [MESSAGE][PASSED] - Object: 'Object Repository/MOH AND GRN/Page_KDMC - CMS/a_12' is clicked on

2018-05-28 13:30:51 - [TEST_STEP][PASSED] - click: Object: 'Object Repository/MOH AND GRN/Page_KDMC - CMS/input_btnadd' is clicked on

2018-05-28 13:30:51 - [MESSAGE][PASSED] - Object: 'Object Repository/MOH AND GRN/Page_KDMC - CMS/input_btnadd' is clicked on

2018-05-28 13:30:51 - [TEST_STEP][PASSED] - Statement - If (s == 10): null

2018-05-28 13:30:51 - [TEST_STEP][PASSED] - Statement - Else: null

2018-05-28 13:30:51 - [TEST_STEP][PASSED] - Statement - (s++): null

2018-05-28 13:30:51 - [TEST_STEP][PASSED] - delay: Delayed 1 second(s)

2018-05-28 13:30:52 - [MESSAGE][PASSED] - Delayed 1 second(s)

2018-05-28 13:30:52 - [TEST_STEP][PASSED] - selectOptionByIndex: All options with index in [13] are selected on object 'Object Repository/MOH AND GRN/Page_KDMC - CMS/select_--Select--Amikacin -500'

2018-05-28 13:30:52 - [MESSAGE][PASSED] - All options with index in [13] are selected on object 'Object Repository/MOH AND GRN/Page_KDMC - CMS/select_--Select--Amikacin -500'

2018-05-28 13:30:52 - [TEST_STEP][PASSED] - setText: Text '5000' is set on object 'Object Repository/MOH AND GRN/Page_KDMC - CMS/input_txtqty'

2018-05-28 13:30:52 - [MESSAGE][PASSED] - Text '5000' is set on object 'Object Repository/MOH AND GRN/Page_KDMC - CMS/input_txtqty'

2018-05-28 13:30:52 - [TEST_STEP][PASSED] - selectOptionByIndex: All options with index in [1] are selected on object 'Object Repository/MOH AND GRN/Page_KDMC - CMS/select_--Select--No Tax0'

2018-05-28 13:30:53 - [MESSAGE][PASSED] - All options with index in [1] are selected on object 'Object Repository/MOH AND GRN/Page_KDMC - CMS/select_--Select--No Tax0'

2018-05-28 13:30:53 - [TEST_STEP][PASSED] - setText: Finding Test Object with id 'Object Repository/MOH AND GRN/Page_KDMC - CMS/input_txtmrp'

2018-05-28 13:30:53 - [TEST_STEP][PASSED] - Statement - switch (id): Finding Test Object with id 'Object Repository/MOH AND GRN/Page_KDMC - CMS/input_txtdeal'

2018-05-28 13:30:53 - [TEST_STEP][PASSED] - Statement - case 4:: Text '37.0' is set on object 'Object Repository/MOH AND GRN/Page_KDMC - CMS/input_txtmrp'

2018-05-28 13:30:53 - [TEST_STEP][PASSED] - Statement - return (java.lang.Math.floor((java.lang.Math.random() * ((max - min) + 1))) + min): Text '37.0' is set on object 'Object Repository/MOH AND GRN/Page_KDMC - CMS/input_txtmrp'

2018-05-28 13:30:53 - [MESSAGE][PASSED] - Text '37.0' is set on object 'Object Repository/MOH AND GRN/Page_KDMC - CMS/input_txtmrp'

2018-05-28 13:30:53 - [TEST_STEP][PASSED] - setText: Finding Test Object with id 'Object Repository/MOH AND GRN/Page_KDMC - CMS/input_txtdeal'

2018-05-28 13:30:53 - [TEST_STEP][PASSED] - Statement - switch (id): Finding Test Object with id 'Object Repository/MOH AND GRN/Page_KDMC - CMS/input_txtbatchno'

2018-05-28 13:30:53 - [TEST_STEP][PASSED] - Statement - case 5:: Text '4.0' is set on object 'Object Repository/MOH AND GRN/Page_KDMC - CMS/input_txtdeal'

2018-05-28 13:30:53 - [TEST_STEP][PASSED] - Statement - return (java.lang.Math.floor((java.lang.Math.random() * ((max - min) + 1))) + min): Text '4.0' is set on object 'Object Repository/MOH AND GRN/Page_KDMC - CMS/input_txtdeal'

2018-05-28 13:30:53 - [MESSAGE][PASSED] - Text '4.0' is set on object 'Object Repository/MOH AND GRN/Page_KDMC - CMS/input_txtdeal'

2018-05-28 13:30:53 - [TEST_STEP][PASSED] - setText: Finding Test Object with id 'Object Repository/MOH AND GRN/Page_KDMC - CMS/input_txtbatchno'

2018-05-28 13:30:53 - [TEST_STEP][PASSED] - Statement - switch (id): Finding Test Object with id 'Object Repository/MOH AND GRN/Page_KDMC - CMS/input_txtmrp'

2018-05-28 13:30:53 - [TEST_STEP][PASSED] - Statement - case 1:: Text 'BA828.0' is set on object 'Object Repository/MOH AND GRN/Page_KDMC - CMS/input_txtbatchno'

2018-05-28 13:30:53 - [TEST_STEP][PASSED] - Statement - return (java.lang.Math.floor((java.lang.Math.random() * ((max - min) + 1))) + min): Text 'BA828.0' is set on object 'Object Repository/MOH AND GRN/Page_KDMC - CMS/input_txtbatchno'

2018-05-28 13:30:53 - [MESSAGE][PASSED] - Text 'BA828.0' is set on object 'Object Repository/MOH AND GRN/Page_KDMC - CMS/input_txtbatchno'

2018-05-28 13:30:53 - [TEST_STEP][PASSED] - rightClick: Object: 'Object Repository/GRN/Page_KDMC - CMS/input_txtexpdate' is right clicked on

2018-05-28 13:30:53 - [MESSAGE][PASSED] - Object: 'Object Repository/GRN/Page_KDMC - CMS/input_txtexpdate' is right clicked on

2018-05-28 13:30:53 - [TEST_STEP][PASSED] - selectOptionByIndex: All options with index in [3] are selected on object 'Object Repository/GRN/Page_KDMC - CMS/select_20182019202020212022202'

2018-05-28 13:30:53 - [MESSAGE][PASSED] - All options with index in [3] are selected on object 'Object Repository/GRN/Page_KDMC - CMS/select_20182019202020212022202'

2018-05-28 13:30:53 - [TEST_STEP][PASSED] - selectOptionByIndex: All options with index in [3] are selected on object 'Object Repository/GRN/Page_KDMC - CMS/select_JanFebMarAprMayJunJulAu'

2018-05-28 13:30:53 - [MESSAGE][PASSED] - All options with index in [3] are selected on object 'Object Repository/GRN/Page_KDMC - CMS/select_JanFebMarAprMayJunJulAu'

2018-05-28 13:30:53 - [TEST_STEP][PASSED] - click: Object: 'Object Repository/MOH AND GRN/Page_KDMC - CMS/a_12' is clicked on

2018-05-28 13:30:53 - [MESSAGE][PASSED] - Object: 'Object Repository/MOH AND GRN/Page_KDMC - CMS/a_12' is clicked on

2018-05-28 13:30:53 - [TEST_STEP][PASSED] - click: Object: 'Object Repository/MOH AND GRN/Page_KDMC - CMS/input_btnadd' is clicked on

2018-05-28 13:30:53 - [MESSAGE][PASSED] - Object: 'Object Repository/MOH AND GRN/Page_KDMC - CMS/input_btnadd' is clicked on

2018-05-28 13:30:53 - [TEST_STEP][PASSED] - Statement - If (s == 10): null

2018-05-28 13:30:53 - [TEST_STEP][PASSED] - Statement - Else: null

2018-05-28 13:30:53 - [TEST_STEP][PASSED] - Statement - (s++): null

2018-05-28 13:30:53 - [TEST_STEP][PASSED] - delay: Delayed 1 second(s)

2018-05-28 13:30:54 - [MESSAGE][PASSED] - Delayed 1 second(s)

2018-05-28 13:30:54 - [TEST_STEP][PASSED] - selectOptionByIndex: All options with index in [14] are selected on object 'Object Repository/MOH AND GRN/Page_KDMC - CMS/select_--Select--Amikacin -500'

2018-05-28 13:30:55 - [MESSAGE][PASSED] - All options with index in [14] are selected on object 'Object Repository/MOH AND GRN/Page_KDMC - CMS/select_--Select--Amikacin -500'

2018-05-28 13:30:55 - [TEST_STEP][PASSED] - setText: Text '5000' is set on object 'Object Repository/MOH AND GRN/Page_KDMC - CMS/input_txtqty'

2018-05-28 13:30:55 - [MESSAGE][PASSED] - Text '5000' is set on object 'Object Repository/MOH AND GRN/Page_KDMC - CMS/input_txtqty'

2018-05-28 13:30:55 - [TEST_STEP][PASSED] - selectOptionByIndex: All options with index in [1] are selected on object 'Object Repository/MOH AND GRN/Page_KDMC - CMS/select_--Select--No Tax0'

2018-05-28 13:30:55 - [MESSAGE][PASSED] - All options with index in [1] are selected on object 'Object Repository/MOH AND GRN/Page_KDMC - CMS/select_--Select--No Tax0'

2018-05-28 13:30:55 - [TEST_STEP][PASSED] - setText: Finding Test Object with id 'Object Repository/MOH AND GRN/Page_KDMC - CMS/input_txtmrp'

2018-05-28 13:30:55 - [TEST_STEP][PASSED] - Statement - switch (id): Finding Test Object with id 'Object Repository/MOH AND GRN/Page_KDMC - CMS/input_txtdeal'

2018-05-28 13:30:55 - [TEST_STEP][PASSED] - Statement - case 4:: Text '36.0' is set on object 'Object Repository/MOH AND GRN/Page_KDMC - CMS/input_txtmrp'

2018-05-28 13:30:55 - [TEST_STEP][PASSED] - Statement - return (java.lang.Math.floor((java.lang.Math.random() * ((max - min) + 1))) + min): Text '36.0' is set on object 'Object Repository/MOH AND GRN/Page_KDMC - CMS/input_txtmrp'

2018-05-28 13:30:55 - [MESSAGE][PASSED] - Text '36.0' is set on object 'Object Repository/MOH AND GRN/Page_KDMC - CMS/input_txtmrp'

2018-05-28 13:30:55 - [TEST_STEP][PASSED] - setText: Finding Test Object with id 'Object Repository/MOH AND GRN/Page_KDMC - CMS/input_txtdeal'

2018-05-28 13:30:55 - [TEST_STEP][PASSED] - Statement - switch (id): Finding Test Object with id 'Object Repository/MOH AND GRN/Page_KDMC - CMS/input_txtbatchno'

2018-05-28 13:30:55 - [TEST_STEP][PASSED] - Statement - case 5:: Text '7.0' is set on object 'Object Repository/MOH AND GRN/Page_KDMC - CMS/input_txtdeal'

2018-05-28 13:30:55 - [TEST_STEP][PASSED] - Statement - return (java.lang.Math.floor((java.lang.Math.random() * ((max - min) + 1))) + min): Text '7.0' is set on object 'Object Repository/MOH AND GRN/Page_KDMC - CMS/input_txtdeal'

2018-05-28 13:30:55 - [MESSAGE][PASSED] - Text '7.0' is set on object 'Object Repository/MOH AND GRN/Page_KDMC - CMS/input_txtdeal'

2018-05-28 13:30:55 - [TEST_STEP][PASSED] - setText: Finding Test Object with id 'Object Repository/MOH AND GRN/Page_KDMC - CMS/input_txtbatchno'

2018-05-28 13:30:55 - [TEST_STEP][PASSED] - Statement - switch (id): Finding Test Object with id 'Object Repository/MOH AND GRN/Page_KDMC - CMS/input_txtmrp'

2018-05-28 13:30:55 - [TEST_STEP][PASSED] - Statement - case 1:: Text 'BA356.0' is set on object 'Object Repository/MOH AND GRN/Page_KDMC - CMS/input_txtbatchno'

2018-05-28 13:30:55 - [TEST_STEP][PASSED] - Statement - return (java.lang.Math.floor((java.lang.Math.random() * ((max - min) + 1))) + min): Text 'BA356.0' is set on object 'Object Repository/MOH AND GRN/Page_KDMC - CMS/input_txtbatchno'

2018-05-28 13:30:55 - [MESSAGE][PASSED] - Text 'BA356.0' is set on object 'Object Repository/MOH AND GRN/Page_KDMC - CMS/input_txtbatchno'

2018-05-28 13:30:55 - [TEST_STEP][PASSED] - rightClick: Object: 'Object Repository/GRN/Page_KDMC - CMS/input_txtexpdate' is right clicked on

2018-05-28 13:30:55 - [MESSAGE][PASSED] - Object: 'Object Repository/GRN/Page_KDMC - CMS/input_txtexpdate' is right clicked on

2018-05-28 13:30:55 - [TEST_STEP][PASSED] - selectOptionByIndex: All options with index in [4] are selected on object 'Object Repository/GRN/Page_KDMC - CMS/select_20182019202020212022202'

2018-05-28 13:30:55 - [MESSAGE][PASSED] - All options with index in [4] are selected on object 'Object Repository/GRN/Page_KDMC - CMS/select_20182019202020212022202'

2018-05-28 13:30:55 - [TEST_STEP][PASSED] - selectOptionByIndex: All options with index in [4] are selected on object 'Object Repository/GRN/Page_KDMC - CMS/select_JanFebMarAprMayJunJulAu'

2018-05-28 13:30:55 - [MESSAGE][PASSED] - All options with index in [4] are selected on object 'Object Repository/GRN/Page_KDMC - CMS/select_JanFebMarAprMayJunJulAu'

2018-05-28 13:30:55 - [TEST_STEP][PASSED] - click: Object: 'Object Repository/MOH AND GRN/Page_KDMC - CMS/a_12' is clicked on

2018-05-28 13:30:56 - [MESSAGE][PASSED] - Object: 'Object Repository/MOH AND GRN/Page_KDMC - CMS/a_12' is clicked on

2018-05-28 13:30:56 - [TEST_STEP][PASSED] - click: Object: 'Object Repository/MOH AND GRN/Page_KDMC - CMS/input_btnadd' is clicked on

2018-05-28 13:30:56 - [MESSAGE][PASSED] - Object: 'Object Repository/MOH AND GRN/Page_KDMC - CMS/input_btnadd' is clicked on

2018-05-28 13:30:56 - [TEST_STEP][PASSED] - Statement - If (s == 10): null

2018-05-28 13:30:56 - [TEST_STEP][PASSED] - Statement - Else: null

2018-05-28 13:30:56 - [TEST_STEP][PASSED] - Statement - (s++): null

2018-05-28 13:30:56 - [TEST_STEP][PASSED] - delay: Delayed 1 second(s)

2018-05-28 13:30:57 - [MESSAGE][PASSED] - Delayed 1 second(s)

2018-05-28 13:30:57 - [TEST_STEP][PASSED] - selectOptionByIndex: All options with index in [15] are selected on object 'Object Repository/MOH AND GRN/Page_KDMC - CMS/select_--Select--Amikacin -500'

2018-05-28 13:30:57 - [MESSAGE][PASSED] - All options with index in [15] are selected on object 'Object Repository/MOH AND GRN/Page_KDMC - CMS/select_--Select--Amikacin -500'

2018-05-28 13:30:57 - [TEST_STEP][PASSED] - setText: Text '5000' is set on object 'Object Repository/MOH AND GRN/Page_KDMC - CMS/input_txtqty'

2018-05-28 13:30:57 - [MESSAGE][PASSED] - Text '5000' is set on object 'Object Repository/MOH AND GRN/Page_KDMC - CMS/input_txtqty'

2018-05-28 13:30:57 - [TEST_STEP][PASSED] - selectOptionByIndex: All options with index in [1] are selected on object 'Object Repository/MOH AND GRN/Page_KDMC - CMS/select_--Select--No Tax0'

2018-05-28 13:30:57 - [MESSAGE][PASSED] - All options with index in [1] are selected on object 'Object Repository/MOH AND GRN/Page_KDMC - CMS/select_--Select--No Tax0'

2018-05-28 13:30:57 - [TEST_STEP][PASSED] - setText: Finding Test Object with id 'Object Repository/MOH AND GRN/Page_KDMC - CMS/input_txtmrp'

2018-05-28 13:30:57 - [TEST_STEP][PASSED] - Statement - switch (id): Finding Test Object with id 'Object Repository/MOH AND GRN/Page_KDMC - CMS/input_txtdeal'

2018-05-28 13:30:57 - [TEST_STEP][PASSED] - Statement - case 4:: Text '31.0' is set on object 'Object Repository/MOH AND GRN/Page_KDMC - CMS/input_txtmrp'

2018-05-28 13:30:57 - [TEST_STEP][PASSED] - Statement - return (java.lang.Math.floor((java.lang.Math.random() * ((max - min) + 1))) + min): Text '31.0' is set on object 'Object Repository/MOH AND GRN/Page_KDMC - CMS/input_txtmrp'

2018-05-28 13:30:57 - [MESSAGE][PASSED] - Text '31.0' is set on object 'Object Repository/MOH AND GRN/Page_KDMC - CMS/input_txtmrp'

2018-05-28 13:30:57 - [TEST_STEP][PASSED] - setText: Finding Test Object with id 'Object Repository/MOH AND GRN/Page_KDMC - CMS/input_txtdeal'

2018-05-28 13:30:57 - [TEST_STEP][PASSED] - Statement - switch (id): Finding Test Object with id 'Object Repository/MOH AND GRN/Page_KDMC - CMS/input_txtbatchno'

2018-05-28 13:30:57 - [TEST_STEP][PASSED] - Statement - case 5:: Text '4.0' is set on object 'Object Repository/MOH AND GRN/Page_KDMC - CMS/input_txtdeal'

2018-05-28 13:30:57 - [TEST_STEP][PASSED] - Statement - return (java.lang.Math.floor((java.lang.Math.random() * ((max - min) + 1))) + min): Text '4.0' is set on object 'Object Repository/MOH AND GRN/Page_KDMC - CMS/input_txtdeal'

2018-05-28 13:30:57 - [MESSAGE][PASSED] - Text '4.0' is set on object 'Object Repository/MOH AND GRN/Page_KDMC - CMS/input_txtdeal'

2018-05-28 13:30:57 - [TEST_STEP][PASSED] - setText: Finding Test Object with id 'Object Repository/MOH AND GRN/Page_KDMC - CMS/input_txtbatchno'

2018-05-28 13:30:57 - [TEST_STEP][PASSED] - Statement - switch (id): Finding Test Object with id 'Object Repository/MOH AND GRN/Page_KDMC - CMS/input_txtmrp'

2018-05-28 13:30:57 - [TEST_STEP][PASSED] - Statement - case 1:: Text 'BA718.0' is set on object 'Object Repository/MOH AND GRN/Page_KDMC - CMS/input_txtbatchno'

2018-05-28 13:30:57 - [TEST_STEP][PASSED] - Statement - return (java.lang.Math.floor((java.lang.Math.random() * ((max - min) + 1))) + min): Text 'BA718.0' is set on object 'Object Repository/MOH AND GRN/Page_KDMC - CMS/input_txtbatchno'

2018-05-28 13:30:57 - [MESSAGE][PASSED] - Text 'BA718.0' is set on object 'Object Repository/MOH AND GRN/Page_KDMC - CMS/input_txtbatchno'

2018-05-28 13:30:57 - [TEST_STEP][PASSED] - rightClick: Object: 'Object Repository/GRN/Page_KDMC - CMS/input_txtexpdate' is right clicked on

2018-05-28 13:30:58 - [MESSAGE][PASSED] - Object: 'Object Repository/GRN/Page_KDMC - CMS/input_txtexpdate' is right clicked on

2018-05-28 13:30:58 - [TEST_STEP][PASSED] - selectOptionByIndex: All options with index in [5] are selected on object 'Object Repository/GRN/Page_KDMC - CMS/select_20182019202020212022202'

2018-05-28 13:30:58 - [MESSAGE][PASSED] - All options with index in [5] are selected on object 'Object Repository/GRN/Page_KDMC - CMS/select_20182019202020212022202'

2018-05-28 13:30:58 - [TEST_STEP][PASSED] - selectOptionByIndex: All options with index in [5] are selected on object 'Object Repository/GRN/Page_KDMC - CMS/select_JanFebMarAprMayJunJulAu'

2018-05-28 13:30:58 - [MESSAGE][PASSED] - All options with index in [5] are selected on object 'Object Repository/GRN/Page_KDMC - CMS/select_JanFebMarAprMayJunJulAu'

2018-05-28 13:30:58 - [TEST_STEP][PASSED] - click: Object: 'Object Repository/MOH AND GRN/Page_KDMC - CMS/a_12' is clicked on

2018-05-28 13:30:58 - [MESSAGE][PASSED] - Object: 'Object Repository/MOH AND GRN/Page_KDMC - CMS/a_12' is clicked on

2018-05-28 13:30:58 - [TEST_STEP][PASSED] - click: Object: 'Object Repository/MOH AND GRN/Page_KDMC - CMS/input_btnadd' is clicked on

2018-05-28 13:30:58 - [MESSAGE][PASSED] - Object: 'Object Repository/MOH AND GRN/Page_KDMC - CMS/input_btnadd' is clicked on

2018-05-28 13:30:58 - [TEST_STEP][PASSED] - Statement - If (s == 10): null

2018-05-28 13:30:58 - [TEST_STEP][PASSED] - Statement - Else: null

2018-05-28 13:30:58 - [TEST_STEP][PASSED] - Statement - (s++): null

2018-05-28 13:30:58 - [TEST_STEP][PASSED] - delay: Delayed 1 second(s)

2018-05-28 13:30:59 - [MESSAGE][PASSED] - Delayed 1 second(s)

2018-05-28 13:30:59 - [TEST_STEP][PASSED] - selectOptionByIndex: All options with index in [16] are selected on object 'Object Repository/MOH AND GRN/Page_KDMC - CMS/select_--Select--Amikacin -500'

2018-05-28 13:30:59 - [MESSAGE][PASSED] - All options with index in [16] are selected on object 'Object Repository/MOH AND GRN/Page_KDMC - CMS/select_--Select--Amikacin -500'

2018-05-28 13:30:59 - [TEST_STEP][PASSED] - setText: Text '5000' is set on object 'Object Repository/MOH AND GRN/Page_KDMC - CMS/input_txtqty'

2018-05-28 13:30:59 - [MESSAGE][PASSED] - Text '5000' is set on object 'Object Repository/MOH AND GRN/Page_KDMC - CMS/input_txtqty'

2018-05-28 13:30:59 - [TEST_STEP][PASSED] - selectOptionByIndex: All options with index in [1] are selected on object 'Object Repository/MOH AND GRN/Page_KDMC - CMS/select_--Select--No Tax0'

2018-05-28 13:31:00 - [MESSAGE][PASSED] - All options with index in [1] are selected on object 'Object Repository/MOH AND GRN/Page_KDMC - CMS/select_--Select--No Tax0'

2018-05-28 13:31:00 - [TEST_STEP][PASSED] - setText: Finding Test Object with id 'Object Repository/MOH AND GRN/Page_KDMC - CMS/input_txtmrp'

2018-05-28 13:31:00 - [TEST_STEP][PASSED] - Statement - switch (id): Finding Test Object with id 'Object Repository/MOH AND GRN/Page_KDMC - CMS/input_txtdeal'

2018-05-28 13:31:00 - [TEST_STEP][PASSED] - Statement - case 4:: Text '44.0' is set on object 'Object Repository/MOH AND GRN/Page_KDMC - CMS/input_txtmrp'

2018-05-28 13:31:00 - [TEST_STEP][PASSED] - Statement - return (java.lang.Math.floor((java.lang.Math.random() * ((max - min) + 1))) + min): Text '44.0' is set on object 'Object Repository/MOH AND GRN/Page_KDMC - CMS/input_txtmrp'

2018-05-28 13:31:00 - [MESSAGE][PASSED] - Text '44.0' is set on object 'Object Repository/MOH AND GRN/Page_KDMC - CMS/input_txtmrp'

2018-05-28 13:31:00 - [TEST_STEP][PASSED] - setText: Finding Test Object with id 'Object Repository/MOH AND GRN/Page_KDMC - CMS/input_txtdeal'

2018-05-28 13:31:00 - [TEST_STEP][PASSED] - Statement - switch (id): Finding Test Object with id 'Object Repository/MOH AND GRN/Page_KDMC - CMS/input_txtbatchno'

2018-05-28 13:31:00 - [TEST_STEP][PASSED] - Statement - case 5:: Text '9.0' is set on object 'Object Repository/MOH AND GRN/Page_KDMC - CMS/input_txtdeal'

2018-05-28 13:31:00 - [TEST_STEP][PASSED] - Statement - return (java.lang.Math.floor((java.lang.Math.random() * ((max - min) + 1))) + min): Text '9.0' is set on object 'Object Repository/MOH AND GRN/Page_KDMC - CMS/input_txtdeal'

2018-05-28 13:31:00 - [MESSAGE][PASSED] - Text '9.0' is set on object 'Object Repository/MOH AND GRN/Page_KDMC - CMS/input_txtdeal'

2018-05-28 13:31:00 - [TEST_STEP][PASSED] - setText: Finding Test Object with id 'Object Repository/MOH AND GRN/Page_KDMC - CMS/input_txtbatchno'

2018-05-28 13:31:00 - [TEST_STEP][PASSED] - Statement - switch (id): Delayed 1 second(s)

2018-05-28 13:31:00 - [TEST_STEP][PASSED] - Statement - case 1:: Text 'BA532.0' is set on object 'Object Repository/MOH AND GRN/Page_KDMC - CMS/input_txtbatchno'

2018-05-28 13:31:00 - [TEST_STEP][PASSED] - Statement - return (java.lang.Math.floor((java.lang.Math.random() * ((max - min) + 1))) + min): Text 'BA532.0' is set on object 'Object Repository/MOH AND GRN/Page_KDMC - CMS/input_txtbatchno'

2018-05-28 13:31:00 - [MESSAGE][PASSED] - Text 'BA532.0' is set on object 'Object Repository/MOH AND GRN/Page_KDMC - CMS/input_txtbatchno'

2018-05-28 13:31:00 - [TEST_STEP][PASSED] - rightClick: Object: 'Object Repository/GRN/Page_KDMC - CMS/input_txtexpdate' is right clicked on

2018-05-28 13:31:00 - [MESSAGE][PASSED] - Object: 'Object Repository/GRN/Page_KDMC - CMS/input_txtexpdate' is right clicked on

2018-05-28 13:31:00 - [TEST_STEP][PASSED] - selectOptionByIndex: All options with index in [6] are selected on object 'Object Repository/GRN/Page_KDMC - CMS/select_20182019202020212022202'

2018-05-28 13:31:00 - [MESSAGE][PASSED] - All options with index in [6] are selected on object 'Object Repository/GRN/Page_KDMC - CMS/select_20182019202020212022202'

2018-05-28 13:31:00 - [TEST_STEP][PASSED] - selectOptionByIndex: All options with index in [6] are selected on object 'Object Repository/GRN/Page_KDMC - CMS/select_JanFebMarAprMayJunJulAu'

2018-05-28 13:31:00 - [MESSAGE][PASSED] - All options with index in [6] are selected on object 'Object Repository/GRN/Page_KDMC - CMS/select_JanFebMarAprMayJunJulAu'

2018-05-28 13:31:00 - [TEST_STEP][PASSED] - click: Object: 'Object Repository/MOH AND GRN/Page_KDMC - CMS/a_12' is clicked on

2018-05-28 13:31:00 - [MESSAGE][PASSED] - Object: 'Object Repository/MOH AND GRN/Page_KDMC - CMS/a_12' is clicked on

2018-05-28 13:31:00 - [TEST_STEP][PASSED] - click: Object: 'Object Repository/MOH AND GRN/Page_KDMC - CMS/input_btnadd' is clicked on

2018-05-28 13:31:00 - [MESSAGE][PASSED] - Object: 'Object Repository/MOH AND GRN/Page_KDMC - CMS/input_btnadd' is clicked on

2018-05-28 13:31:00 - [TEST_STEP][PASSED] - Statement - If (s == 10): null

2018-05-28 13:31:00 - [TEST_STEP][PASSED] - Statement - Else: null

2018-05-28 13:31:00 - [TEST_STEP][PASSED] - Statement - (s++): null

2018-05-28 13:31:00 - [TEST_STEP][PASSED] - delay: Delayed 1 second(s)

2018-05-28 13:31:01 - [MESSAGE][PASSED] - Delayed 1 second(s)

2018-05-28 13:31:01 - [TEST_STEP][PASSED] - scrollToElement: Scroll to object 'Object Repository/MOH AND GRN/Page_KDMC - CMS/input_btnSubmit' successfully

2018-05-28 13:31:01 - [MESSAGE][PASSED] - Scroll to object 'Object Repository/MOH AND GRN/Page_KDMC - CMS/input_btnSubmit' successfully

2018-05-28 13:31:01 - [TEST_STEP][PASSED] - click: Object: 'Object Repository/MOH AND GRN/Page_KDMC - CMS/input_btnSubmit' is clicked on

2018-05-28 13:31:02 - [MESSAGE][PASSED] - Object: 'Object Repository/MOH AND GRN/Page_KDMC - CMS/input_btnSubmit' is clicked on

2018-05-28 13:31:02 - [TEST_STEP][PASSED] - delay: Delayed 3 second(s)

2018-05-28 13:31:05 - [MESSAGE][PASSED] - Delayed 3 second(s)

2018-05-28 13:31:05 - [TEST_STEP][PASSED] - click: Object: 'Object Repository/MOH AND GRN/Page_KDMC - CMS/button_OK' is clicked on

2018-05-28 13:31:06 - [MESSAGE][PASSED] - Object: 'Object Repository/MOH AND GRN/Page_KDMC - CMS/button_OK' is clicked on

2018-05-28 13:31:06 - [TEST_STEP][PASSED] - delay: Delayed 2 second(s)

2018-05-28 13:31:08 - [MESSAGE][PASSED] - Delayed 2 second(s)

2018-05-28 13:31:08 - [TEST_STEP][PASSED] - delay: Delayed 3 second(s)

2018-05-28 13:31:11 - [MESSAGE][PASSED] - Delayed 3 second(s)

2018-05-28 13:31:11 - [TEST_STEP][PASSED] - click: Object: 'Object Repository/MOH AND GRN/Page_KDMC - CMS/a_dropdown-toggle' is clicked on

2018-05-28 13:31:11 - [MESSAGE][PASSED] - Object: 'Object Repository/MOH AND GRN/Page_KDMC - CMS/a_dropdown-toggle' is clicked on

2018-05-28 13:31:11 - [TEST_STEP][PASSED] - click: Object: 'Object Repository/MOH AND GRN/Page_KDMC - CMS/a_Sign out' is clicked on

2018-05-28 13:31:11 - [MESSAGE][PASSED] - Object: 'Object Repository/MOH AND GRN/Page_KDMC - CMS/a_Sign out' is clicked on

2018-05-28 13:31:11 - [TEST_STEP][PASSED] - closeBrowser: Browser is closed

2018-05-28 13:31:12 - [MESSAGE][PASSED] - Browser is closed]]></system-out>
         <system-err><![CDATA[]]></system-err>
      </testcase>
      <testcase name="Test Cases/TEST/MOH REQUEST AND GRN/Moh Request GRN  Schedule 6" classname="Test Cases/TEST/MOH REQUEST AND GRN/Moh Request GRN  Schedule 6" status="PASSED">
         <system-out><![CDATA[2018-05-28 13:31:12 - [TEST_CASE][PASSED] - Test Cases/TEST/MOH REQUEST AND GRN/Moh Request GRN  Schedule 6: Test Cases/TEST/MOH REQUEST AND GRN/Moh Request GRN  Schedule 6

2018-05-28 13:31:12 - [TEST_STEP][PASSED] - openBrowser: Browser is opened with url: ''

2018-05-28 13:31:14 - [MESSAGE][PASSED] - Browser is opened with url: ''

2018-05-28 13:31:14 - [TEST_STEP][PASSED] - navigateToUrl: Navigate to 'http://192.168.137.1/multihospital_new/' successfully

2018-05-28 13:31:19 - [MESSAGE][PASSED] - Navigate to 'http://192.168.137.1/multihospital_new/' successfully

2018-05-28 13:31:19 - [TEST_STEP][PASSED] - maximizeWindow: Current window maximized

2018-05-28 13:31:20 - [MESSAGE][PASSED] - Current window maximized

2018-05-28 13:31:20 - [TEST_STEP][PASSED] - click: Object: 'Object Repository/MOH AND GRN/Page_KDMC/a_CMS' is clicked on

2018-05-28 13:31:21 - [MESSAGE][PASSED] - Object: 'Object Repository/MOH AND GRN/Page_KDMC/a_CMS' is clicked on

2018-05-28 13:31:21 - [TEST_STEP][PASSED] - setText: Text 'bala' is set on object 'Object Repository/MOH AND GRN/Page_CMS login/input_txtusername'

2018-05-28 13:31:21 - [MESSAGE][PASSED] - Text 'bala' is set on object 'Object Repository/MOH AND GRN/Page_CMS login/input_txtusername'

2018-05-28 13:31:21 - [TEST_STEP][PASSED] - setText: Text '123' is set on object 'Object Repository/MOH AND GRN/Page_CMS login/input_txtpassword'

2018-05-28 13:31:21 - [MESSAGE][PASSED] - Text '123' is set on object 'Object Repository/MOH AND GRN/Page_CMS login/input_txtpassword'

2018-05-28 13:31:21 - [TEST_STEP][PASSED] - delay: Delayed 3 second(s)

2018-05-28 13:31:24 - [MESSAGE][PASSED] - Delayed 3 second(s)

2018-05-28 13:31:24 - [TEST_STEP][PASSED] - click: Object: 'Object Repository/MOH AND GRN/Page_CMS login/button_Sign in' is clicked on

2018-05-28 13:31:25 - [MESSAGE][PASSED] - Object: 'Object Repository/MOH AND GRN/Page_CMS login/button_Sign in' is clicked on

2018-05-28 13:31:25 - [TEST_STEP][PASSED] - click: Object: 'Object Repository/MOH AND GRN/Page_KDMC - CMS/a_Request to MOH' is clicked on

2018-05-28 13:31:26 - [MESSAGE][PASSED] - Object: 'Object Repository/MOH AND GRN/Page_KDMC - CMS/a_Request to MOH' is clicked on

2018-05-28 13:31:26 - [TEST_STEP][PASSED] - selectOptionByIndex: All options with index in [2] are selected on object 'Object Repository/MOH AND GRN/Page_KDMC - CMS/select_--Select--'

2018-05-28 13:31:26 - [MESSAGE][PASSED] - All options with index in [2] are selected on object 'Object Repository/MOH AND GRN/Page_KDMC - CMS/select_--Select--'

2018-05-28 13:31:26 - [TEST_STEP][PASSED] - selectOptionByIndex: All options with index in [6] are selected on object 'Object Repository/MOH AND GRN/Page_KDMC - CMS/select_--Select--Schedule 1Inj'

2018-05-28 13:31:26 - [MESSAGE][PASSED] - All options with index in [6] are selected on object 'Object Repository/MOH AND GRN/Page_KDMC - CMS/select_--Select--Schedule 1Inj'

2018-05-28 13:31:26 - [TEST_STEP][PASSED] - Statement - selectedoptions = com.kms.katalon.core.webui.keyword.WebUiBuiltInKeywords.getNumberOfTotalOption(com.kms.katalon.core.testobject.ObjectRepository.findTestObject(MOH AND GRN/Page_KDMC - CMS/select_--Select--Adernaline 0.)): 14 options of object 'Object Repository/MOH AND GRN/Page_KDMC - CMS/select_--Select--Adernaline 0.' counted

2018-05-28 13:31:26 - [MESSAGE][PASSED] - 14 options of object 'Object Repository/MOH AND GRN/Page_KDMC - CMS/select_--Select--Adernaline 0.' counted

2018-05-28 13:31:26 - [TEST_STEP][PASSED] - Statement - For ([j = 1, j <= selectedoptions - 1, (j++)]): Object: 'Object Repository/MOH AND GRN/Page_KDMC - CMS/button_Add' is clicked on

2018-05-28 13:31:26 - [TEST_STEP][PASSED] - selectOptionByIndex: All options with index in [6] are selected on object 'Object Repository/MOH AND GRN/Page_KDMC - CMS/select_--Select--Schedule 1Inj'

2018-05-28 13:31:26 - [MESSAGE][PASSED] - All options with index in [6] are selected on object 'Object Repository/MOH AND GRN/Page_KDMC - CMS/select_--Select--Schedule 1Inj'

2018-05-28 13:31:26 - [TEST_STEP][PASSED] - selectOptionByIndex: All options with index in [1] are selected on object 'Object Repository/MOH AND GRN/Page_KDMC - CMS/select_--Select--Adernaline 0.'

2018-05-28 13:31:26 - [MESSAGE][PASSED] - All options with index in [1] are selected on object 'Object Repository/MOH AND GRN/Page_KDMC - CMS/select_--Select--Adernaline 0.'

2018-05-28 13:31:26 - [TEST_STEP][PASSED] - setText: Text '5000' is set on object 'Object Repository/MOH AND GRN/Page_KDMC - CMS/input_txttreat'

2018-05-28 13:31:27 - [MESSAGE][PASSED] - Text '5000' is set on object 'Object Repository/MOH AND GRN/Page_KDMC - CMS/input_txttreat'

2018-05-28 13:31:27 - [TEST_STEP][PASSED] - click: Object: 'Object Repository/MOH AND GRN/Page_KDMC - CMS/button_Add' is clicked on

2018-05-28 13:31:27 - [MESSAGE][PASSED] - Object: 'Object Repository/MOH AND GRN/Page_KDMC - CMS/button_Add' is clicked on

2018-05-28 13:31:27 - [TEST_STEP][PASSED] - selectOptionByIndex: All options with index in [6] are selected on object 'Object Repository/MOH AND GRN/Page_KDMC - CMS/select_--Select--Schedule 1Inj'

2018-05-28 13:31:27 - [MESSAGE][PASSED] - All options with index in [6] are selected on object 'Object Repository/MOH AND GRN/Page_KDMC - CMS/select_--Select--Schedule 1Inj'

2018-05-28 13:31:27 - [TEST_STEP][PASSED] - selectOptionByIndex: All options with index in [2] are selected on object 'Object Repository/MOH AND GRN/Page_KDMC - CMS/select_--Select--Adernaline 0.'

2018-05-28 13:31:27 - [MESSAGE][PASSED] - All options with index in [2] are selected on object 'Object Repository/MOH AND GRN/Page_KDMC - CMS/select_--Select--Adernaline 0.'

2018-05-28 13:31:27 - [TEST_STEP][PASSED] - setText: Text '5000' is set on object 'Object Repository/MOH AND GRN/Page_KDMC - CMS/input_txttreat'

2018-05-28 13:31:27 - [MESSAGE][PASSED] - Text '5000' is set on object 'Object Repository/MOH AND GRN/Page_KDMC - CMS/input_txttreat'

2018-05-28 13:31:27 - [TEST_STEP][PASSED] - click: Object: 'Object Repository/MOH AND GRN/Page_KDMC - CMS/button_Add' is clicked on

2018-05-28 13:31:27 - [MESSAGE][PASSED] - Object: 'Object Repository/MOH AND GRN/Page_KDMC - CMS/button_Add' is clicked on

2018-05-28 13:31:27 - [TEST_STEP][PASSED] - selectOptionByIndex: All options with index in [6] are selected on object 'Object Repository/MOH AND GRN/Page_KDMC - CMS/select_--Select--Schedule 1Inj'

2018-05-28 13:31:27 - [MESSAGE][PASSED] - All options with index in [6] are selected on object 'Object Repository/MOH AND GRN/Page_KDMC - CMS/select_--Select--Schedule 1Inj'

2018-05-28 13:31:27 - [TEST_STEP][PASSED] - selectOptionByIndex: All options with index in [3] are selected on object 'Object Repository/MOH AND GRN/Page_KDMC - CMS/select_--Select--Adernaline 0.'

2018-05-28 13:31:27 - [MESSAGE][PASSED] - All options with index in [3] are selected on object 'Object Repository/MOH AND GRN/Page_KDMC - CMS/select_--Select--Adernaline 0.'

2018-05-28 13:31:27 - [TEST_STEP][PASSED] - setText: Text '5000' is set on object 'Object Repository/MOH AND GRN/Page_KDMC - CMS/input_txttreat'

2018-05-28 13:31:27 - [MESSAGE][PASSED] - Text '5000' is set on object 'Object Repository/MOH AND GRN/Page_KDMC - CMS/input_txttreat'

2018-05-28 13:31:27 - [TEST_STEP][PASSED] - click: Object: 'Object Repository/MOH AND GRN/Page_KDMC - CMS/button_Add' is clicked on

2018-05-28 13:31:27 - [MESSAGE][PASSED] - Object: 'Object Repository/MOH AND GRN/Page_KDMC - CMS/button_Add' is clicked on

2018-05-28 13:31:27 - [TEST_STEP][PASSED] - selectOptionByIndex: All options with index in [6] are selected on object 'Object Repository/MOH AND GRN/Page_KDMC - CMS/select_--Select--Schedule 1Inj'

2018-05-28 13:31:28 - [MESSAGE][PASSED] - All options with index in [6] are selected on object 'Object Repository/MOH AND GRN/Page_KDMC - CMS/select_--Select--Schedule 1Inj'

2018-05-28 13:31:28 - [TEST_STEP][PASSED] - selectOptionByIndex: All options with index in [4] are selected on object 'Object Repository/MOH AND GRN/Page_KDMC - CMS/select_--Select--Adernaline 0.'

2018-05-28 13:31:28 - [MESSAGE][PASSED] - All options with index in [4] are selected on object 'Object Repository/MOH AND GRN/Page_KDMC - CMS/select_--Select--Adernaline 0.'

2018-05-28 13:31:28 - [TEST_STEP][PASSED] - setText: Text '5000' is set on object 'Object Repository/MOH AND GRN/Page_KDMC - CMS/input_txttreat'

2018-05-28 13:31:28 - [MESSAGE][PASSED] - Text '5000' is set on object 'Object Repository/MOH AND GRN/Page_KDMC - CMS/input_txttreat'

2018-05-28 13:31:28 - [TEST_STEP][PASSED] - click: Object: 'Object Repository/MOH AND GRN/Page_KDMC - CMS/button_Add' is clicked on

2018-05-28 13:31:28 - [MESSAGE][PASSED] - Object: 'Object Repository/MOH AND GRN/Page_KDMC - CMS/button_Add' is clicked on

2018-05-28 13:31:28 - [TEST_STEP][PASSED] - selectOptionByIndex: All options with index in [6] are selected on object 'Object Repository/MOH AND GRN/Page_KDMC - CMS/select_--Select--Schedule 1Inj'

2018-05-28 13:31:28 - [MESSAGE][PASSED] - All options with index in [6] are selected on object 'Object Repository/MOH AND GRN/Page_KDMC - CMS/select_--Select--Schedule 1Inj'

2018-05-28 13:31:28 - [TEST_STEP][PASSED] - selectOptionByIndex: All options with index in [5] are selected on object 'Object Repository/MOH AND GRN/Page_KDMC - CMS/select_--Select--Adernaline 0.'

2018-05-28 13:31:28 - [MESSAGE][PASSED] - All options with index in [5] are selected on object 'Object Repository/MOH AND GRN/Page_KDMC - CMS/select_--Select--Adernaline 0.'

2018-05-28 13:31:28 - [TEST_STEP][PASSED] - setText: Text '5000' is set on object 'Object Repository/MOH AND GRN/Page_KDMC - CMS/input_txttreat'

2018-05-28 13:31:28 - [MESSAGE][PASSED] - Text '5000' is set on object 'Object Repository/MOH AND GRN/Page_KDMC - CMS/input_txttreat'

2018-05-28 13:31:28 - [TEST_STEP][PASSED] - click: Object: 'Object Repository/MOH AND GRN/Page_KDMC - CMS/button_Add' is clicked on

2018-05-28 13:31:28 - [MESSAGE][PASSED] - Object: 'Object Repository/MOH AND GRN/Page_KDMC - CMS/button_Add' is clicked on

2018-05-28 13:31:28 - [TEST_STEP][PASSED] - selectOptionByIndex: All options with index in [6] are selected on object 'Object Repository/MOH AND GRN/Page_KDMC - CMS/select_--Select--Schedule 1Inj'

2018-05-28 13:31:29 - [MESSAGE][PASSED] - All options with index in [6] are selected on object 'Object Repository/MOH AND GRN/Page_KDMC - CMS/select_--Select--Schedule 1Inj'

2018-05-28 13:31:29 - [TEST_STEP][PASSED] - selectOptionByIndex: All options with index in [6] are selected on object 'Object Repository/MOH AND GRN/Page_KDMC - CMS/select_--Select--Adernaline 0.'

2018-05-28 13:31:29 - [MESSAGE][PASSED] - All options with index in [6] are selected on object 'Object Repository/MOH AND GRN/Page_KDMC - CMS/select_--Select--Adernaline 0.'

2018-05-28 13:31:29 - [TEST_STEP][PASSED] - setText: Text '5000' is set on object 'Object Repository/MOH AND GRN/Page_KDMC - CMS/input_txttreat'

2018-05-28 13:31:29 - [MESSAGE][PASSED] - Text '5000' is set on object 'Object Repository/MOH AND GRN/Page_KDMC - CMS/input_txttreat'

2018-05-28 13:31:29 - [TEST_STEP][PASSED] - click: Object: 'Object Repository/MOH AND GRN/Page_KDMC - CMS/button_Add' is clicked on

2018-05-28 13:31:29 - [MESSAGE][PASSED] - Object: 'Object Repository/MOH AND GRN/Page_KDMC - CMS/button_Add' is clicked on

2018-05-28 13:31:29 - [TEST_STEP][PASSED] - selectOptionByIndex: All options with index in [6] are selected on object 'Object Repository/MOH AND GRN/Page_KDMC - CMS/select_--Select--Schedule 1Inj'

2018-05-28 13:31:29 - [MESSAGE][PASSED] - All options with index in [6] are selected on object 'Object Repository/MOH AND GRN/Page_KDMC - CMS/select_--Select--Schedule 1Inj'

2018-05-28 13:31:29 - [TEST_STEP][PASSED] - selectOptionByIndex: All options with index in [7] are selected on object 'Object Repository/MOH AND GRN/Page_KDMC - CMS/select_--Select--Adernaline 0.'

2018-05-28 13:31:29 - [MESSAGE][PASSED] - All options with index in [7] are selected on object 'Object Repository/MOH AND GRN/Page_KDMC - CMS/select_--Select--Adernaline 0.'

2018-05-28 13:31:29 - [TEST_STEP][PASSED] - setText: Text '5000' is set on object 'Object Repository/MOH AND GRN/Page_KDMC - CMS/input_txttreat'

2018-05-28 13:31:29 - [MESSAGE][PASSED] - Text '5000' is set on object 'Object Repository/MOH AND GRN/Page_KDMC - CMS/input_txttreat'

2018-05-28 13:31:29 - [TEST_STEP][PASSED] - click: Object: 'Object Repository/MOH AND GRN/Page_KDMC - CMS/button_Add' is clicked on

2018-05-28 13:31:29 - [MESSAGE][PASSED] - Object: 'Object Repository/MOH AND GRN/Page_KDMC - CMS/button_Add' is clicked on

2018-05-28 13:31:29 - [TEST_STEP][PASSED] - selectOptionByIndex: All options with index in [6] are selected on object 'Object Repository/MOH AND GRN/Page_KDMC - CMS/select_--Select--Schedule 1Inj'

2018-05-28 13:31:30 - [MESSAGE][PASSED] - All options with index in [6] are selected on object 'Object Repository/MOH AND GRN/Page_KDMC - CMS/select_--Select--Schedule 1Inj'

2018-05-28 13:31:30 - [TEST_STEP][PASSED] - selectOptionByIndex: All options with index in [8] are selected on object 'Object Repository/MOH AND GRN/Page_KDMC - CMS/select_--Select--Adernaline 0.'

2018-05-28 13:31:30 - [MESSAGE][PASSED] - All options with index in [8] are selected on object 'Object Repository/MOH AND GRN/Page_KDMC - CMS/select_--Select--Adernaline 0.'

2018-05-28 13:31:30 - [TEST_STEP][PASSED] - setText: Text '5000' is set on object 'Object Repository/MOH AND GRN/Page_KDMC - CMS/input_txttreat'

2018-05-28 13:31:30 - [MESSAGE][PASSED] - Text '5000' is set on object 'Object Repository/MOH AND GRN/Page_KDMC - CMS/input_txttreat'

2018-05-28 13:31:30 - [TEST_STEP][PASSED] - click: Object: 'Object Repository/MOH AND GRN/Page_KDMC - CMS/button_Add' is clicked on

2018-05-28 13:31:30 - [MESSAGE][PASSED] - Object: 'Object Repository/MOH AND GRN/Page_KDMC - CMS/button_Add' is clicked on

2018-05-28 13:31:30 - [TEST_STEP][PASSED] - selectOptionByIndex: All options with index in [6] are selected on object 'Object Repository/MOH AND GRN/Page_KDMC - CMS/select_--Select--Schedule 1Inj'

2018-05-28 13:31:30 - [MESSAGE][PASSED] - All options with index in [6] are selected on object 'Object Repository/MOH AND GRN/Page_KDMC - CMS/select_--Select--Schedule 1Inj'

2018-05-28 13:31:30 - [TEST_STEP][PASSED] - selectOptionByIndex: All options with index in [9] are selected on object 'Object Repository/MOH AND GRN/Page_KDMC - CMS/select_--Select--Adernaline 0.'

2018-05-28 13:31:30 - [MESSAGE][PASSED] - All options with index in [9] are selected on object 'Object Repository/MOH AND GRN/Page_KDMC - CMS/select_--Select--Adernaline 0.'

2018-05-28 13:31:30 - [TEST_STEP][PASSED] - setText: Text '5000' is set on object 'Object Repository/MOH AND GRN/Page_KDMC - CMS/input_txttreat'

2018-05-28 13:31:30 - [MESSAGE][PASSED] - Text '5000' is set on object 'Object Repository/MOH AND GRN/Page_KDMC - CMS/input_txttreat'

2018-05-28 13:31:30 - [TEST_STEP][PASSED] - click: Object: 'Object Repository/MOH AND GRN/Page_KDMC - CMS/button_Add' is clicked on

2018-05-28 13:31:30 - [MESSAGE][PASSED] - Object: 'Object Repository/MOH AND GRN/Page_KDMC - CMS/button_Add' is clicked on

2018-05-28 13:31:30 - [TEST_STEP][PASSED] - selectOptionByIndex: All options with index in [6] are selected on object 'Object Repository/MOH AND GRN/Page_KDMC - CMS/select_--Select--Schedule 1Inj'

2018-05-28 13:31:31 - [MESSAGE][PASSED] - All options with index in [6] are selected on object 'Object Repository/MOH AND GRN/Page_KDMC - CMS/select_--Select--Schedule 1Inj'

2018-05-28 13:31:31 - [TEST_STEP][PASSED] - selectOptionByIndex: All options with index in [10] are selected on object 'Object Repository/MOH AND GRN/Page_KDMC - CMS/select_--Select--Adernaline 0.'

2018-05-28 13:31:31 - [MESSAGE][PASSED] - All options with index in [10] are selected on object 'Object Repository/MOH AND GRN/Page_KDMC - CMS/select_--Select--Adernaline 0.'

2018-05-28 13:31:31 - [TEST_STEP][PASSED] - setText: Text '5000' is set on object 'Object Repository/MOH AND GRN/Page_KDMC - CMS/input_txttreat'

2018-05-28 13:31:31 - [MESSAGE][PASSED] - Text '5000' is set on object 'Object Repository/MOH AND GRN/Page_KDMC - CMS/input_txttreat'

2018-05-28 13:31:31 - [TEST_STEP][PASSED] - click: Object: 'Object Repository/MOH AND GRN/Page_KDMC - CMS/button_Add' is clicked on

2018-05-28 13:31:31 - [MESSAGE][PASSED] - Object: 'Object Repository/MOH AND GRN/Page_KDMC - CMS/button_Add' is clicked on

2018-05-28 13:31:31 - [TEST_STEP][PASSED] - selectOptionByIndex: All options with index in [6] are selected on object 'Object Repository/MOH AND GRN/Page_KDMC - CMS/select_--Select--Schedule 1Inj'

2018-05-28 13:31:31 - [MESSAGE][PASSED] - All options with index in [6] are selected on object 'Object Repository/MOH AND GRN/Page_KDMC - CMS/select_--Select--Schedule 1Inj'

2018-05-28 13:31:31 - [TEST_STEP][PASSED] - selectOptionByIndex: All options with index in [11] are selected on object 'Object Repository/MOH AND GRN/Page_KDMC - CMS/select_--Select--Adernaline 0.'

2018-05-28 13:31:31 - [MESSAGE][PASSED] - All options with index in [11] are selected on object 'Object Repository/MOH AND GRN/Page_KDMC - CMS/select_--Select--Adernaline 0.'

2018-05-28 13:31:31 - [TEST_STEP][PASSED] - setText: Text '5000' is set on object 'Object Repository/MOH AND GRN/Page_KDMC - CMS/input_txttreat'

2018-05-28 13:31:31 - [MESSAGE][PASSED] - Text '5000' is set on object 'Object Repository/MOH AND GRN/Page_KDMC - CMS/input_txttreat'

2018-05-28 13:31:31 - [TEST_STEP][PASSED] - click: Object: 'Object Repository/MOH AND GRN/Page_KDMC - CMS/button_Add' is clicked on

2018-05-28 13:31:31 - [MESSAGE][PASSED] - Object: 'Object Repository/MOH AND GRN/Page_KDMC - CMS/button_Add' is clicked on

2018-05-28 13:31:31 - [TEST_STEP][PASSED] - selectOptionByIndex: All options with index in [6] are selected on object 'Object Repository/MOH AND GRN/Page_KDMC - CMS/select_--Select--Schedule 1Inj'

2018-05-28 13:31:32 - [MESSAGE][PASSED] - All options with index in [6] are selected on object 'Object Repository/MOH AND GRN/Page_KDMC - CMS/select_--Select--Schedule 1Inj'

2018-05-28 13:31:32 - [TEST_STEP][PASSED] - selectOptionByIndex: All options with index in [12] are selected on object 'Object Repository/MOH AND GRN/Page_KDMC - CMS/select_--Select--Adernaline 0.'

2018-05-28 13:31:32 - [MESSAGE][PASSED] - All options with index in [12] are selected on object 'Object Repository/MOH AND GRN/Page_KDMC - CMS/select_--Select--Adernaline 0.'

2018-05-28 13:31:32 - [TEST_STEP][PASSED] - setText: Text '5000' is set on object 'Object Repository/MOH AND GRN/Page_KDMC - CMS/input_txttreat'

2018-05-28 13:31:32 - [MESSAGE][PASSED] - Text '5000' is set on object 'Object Repository/MOH AND GRN/Page_KDMC - CMS/input_txttreat'

2018-05-28 13:31:32 - [TEST_STEP][PASSED] - click: Object: 'Object Repository/MOH AND GRN/Page_KDMC - CMS/button_Add' is clicked on

2018-05-28 13:31:32 - [MESSAGE][PASSED] - Object: 'Object Repository/MOH AND GRN/Page_KDMC - CMS/button_Add' is clicked on

2018-05-28 13:31:32 - [TEST_STEP][PASSED] - selectOptionByIndex: All options with index in [6] are selected on object 'Object Repository/MOH AND GRN/Page_KDMC - CMS/select_--Select--Schedule 1Inj'

2018-05-28 13:31:32 - [MESSAGE][PASSED] - All options with index in [6] are selected on object 'Object Repository/MOH AND GRN/Page_KDMC - CMS/select_--Select--Schedule 1Inj'

2018-05-28 13:31:32 - [TEST_STEP][PASSED] - selectOptionByIndex: All options with index in [13] are selected on object 'Object Repository/MOH AND GRN/Page_KDMC - CMS/select_--Select--Adernaline 0.'

2018-05-28 13:31:32 - [MESSAGE][PASSED] - All options with index in [13] are selected on object 'Object Repository/MOH AND GRN/Page_KDMC - CMS/select_--Select--Adernaline 0.'

2018-05-28 13:31:32 - [TEST_STEP][PASSED] - setText: Text '5000' is set on object 'Object Repository/MOH AND GRN/Page_KDMC - CMS/input_txttreat'

2018-05-28 13:31:32 - [MESSAGE][PASSED] - Text '5000' is set on object 'Object Repository/MOH AND GRN/Page_KDMC - CMS/input_txttreat'

2018-05-28 13:31:32 - [TEST_STEP][PASSED] - click: Object: 'Object Repository/MOH AND GRN/Page_KDMC - CMS/button_Add' is clicked on

2018-05-28 13:31:32 - [MESSAGE][PASSED] - Object: 'Object Repository/MOH AND GRN/Page_KDMC - CMS/button_Add' is clicked on

2018-05-28 13:31:32 - [TEST_STEP][PASSED] - scrollToElement: Scroll to object 'Object Repository/MOH AND GRN/Page_KDMC - CMS/input_btnsave' successfully

2018-05-28 13:31:32 - [MESSAGE][PASSED] - Scroll to object 'Object Repository/MOH AND GRN/Page_KDMC - CMS/input_btnsave' successfully

2018-05-28 13:31:32 - [TEST_STEP][PASSED] - click: Object: 'Object Repository/MOH AND GRN/Page_KDMC - CMS/input_btnsave' is clicked on

2018-05-28 13:31:33 - [MESSAGE][PASSED] - Object: 'Object Repository/MOH AND GRN/Page_KDMC - CMS/input_btnsave' is clicked on

2018-05-28 13:31:33 - [TEST_STEP][PASSED] - delay: Delayed 3 second(s)

2018-05-28 13:31:36 - [MESSAGE][PASSED] - Delayed 3 second(s)

2018-05-28 13:31:36 - [TEST_STEP][PASSED] - Statement - Request1 = com.kms.katalon.core.webui.keyword.WebUiBuiltInKeywords.getText(com.kms.katalon.core.testobject.ObjectRepository.findTestObject(MOH AND GRN/Page_KDMC - CMS/font_PRNO0505201876)): Text of object 'Object Repository/MOH AND GRN/Page_KDMC - CMS/font_PRNO0505201876' is: 'PRNO/28052018/309'

2018-05-28 13:31:36 - [MESSAGE][PASSED] - Text of object 'Object Repository/MOH AND GRN/Page_KDMC - CMS/font_PRNO0505201876' is: 'PRNO/28052018/309'

2018-05-28 13:31:36 - [TEST_STEP][PASSED] - Statement - out.println("Length OF The Medicine " + Request1): null

2018-05-28 13:31:36 - [TEST_STEP][PASSED] - Statement - RequestNUmber = Request1.split("/")[2].trim(): null

2018-05-28 13:31:36 - [TEST_STEP][PASSED] - Statement - out.println("ID IS " + RequestNUmber): null

2018-05-28 13:31:36 - [TEST_STEP][PASSED] - delay: Delayed 3 second(s)

2018-05-28 13:31:39 - [MESSAGE][PASSED] - Delayed 3 second(s)

2018-05-28 13:31:39 - [TEST_STEP][PASSED] - click: Object: 'Object Repository/MOH AND GRN/Page_KDMC - CMS/button_OK' is clicked on

2018-05-28 13:31:39 - [MESSAGE][PASSED] - Object: 'Object Repository/MOH AND GRN/Page_KDMC - CMS/button_OK' is clicked on

2018-05-28 13:31:39 - [TEST_STEP][PASSED] - click: Object: 'Object Repository/MOH AND GRN/Page_KDMC - CMS/a_dropdown-toggle' is clicked on

2018-05-28 13:31:41 - [MESSAGE][PASSED] - Object: 'Object Repository/MOH AND GRN/Page_KDMC - CMS/a_dropdown-toggle' is clicked on

2018-05-28 13:31:41 - [TEST_STEP][PASSED] - click: Object: 'Object Repository/MOH AND GRN/Page_KDMC - CMS/a_Sign out' is clicked on

2018-05-28 13:31:41 - [MESSAGE][PASSED] - Object: 'Object Repository/MOH AND GRN/Page_KDMC - CMS/a_Sign out' is clicked on

2018-05-28 13:31:41 - [TEST_STEP][PASSED] - delay: Delayed 4 second(s)

2018-05-28 13:31:45 - [MESSAGE][PASSED] - Delayed 4 second(s)

2018-05-28 13:31:45 - [TEST_STEP][PASSED] - click: Object: 'Object Repository/MOH AND GRN/Page_KDMC/a_Admin Master' is clicked on

2018-05-28 13:31:46 - [MESSAGE][PASSED] - Object: 'Object Repository/MOH AND GRN/Page_KDMC/a_Admin Master' is clicked on

2018-05-28 13:31:46 - [TEST_STEP][PASSED] - setText: Text 'admin' is set on object 'Object Repository/MOH AND GRN/Page_Admin login/input_txtusername'

2018-05-28 13:31:46 - [MESSAGE][PASSED] - Text 'admin' is set on object 'Object Repository/MOH AND GRN/Page_Admin login/input_txtusername'

2018-05-28 13:31:46 - [TEST_STEP][PASSED] - setText: Text 'admin123' is set on object 'Object Repository/MOH AND GRN/Page_Admin login/input_txtpassword'

2018-05-28 13:31:46 - [MESSAGE][PASSED] - Text 'admin123' is set on object 'Object Repository/MOH AND GRN/Page_Admin login/input_txtpassword'

2018-05-28 13:31:46 - [TEST_STEP][PASSED] - delay: Delayed 3 second(s)

2018-05-28 13:31:49 - [MESSAGE][PASSED] - Delayed 3 second(s)

2018-05-28 13:31:49 - [TEST_STEP][PASSED] - click: Object: 'Object Repository/MOH AND GRN/Page_Admin login/button_Sign in' is clicked on

2018-05-28 13:31:50 - [MESSAGE][PASSED] - Object: 'Object Repository/MOH AND GRN/Page_Admin login/button_Sign in' is clicked on

2018-05-28 13:31:50 - [TEST_STEP][PASSED] - delay: Delayed 20 second(s)

2018-05-28 13:32:10 - [MESSAGE][PASSED] - Delayed 20 second(s)

2018-05-28 13:32:10 - [TEST_STEP][PASSED] - scrollToPosition: Browser is scrolled to position x = 200, y = 200

2018-05-28 13:32:11 - [MESSAGE][PASSED] - Browser is scrolled to position x = 200, y = 200

2018-05-28 13:32:11 - [TEST_STEP][PASSED] - click: Object: 'Object Repository/MOH AND GRN/Page_KDMC/a_CMS_1' is clicked on

2018-05-28 13:32:11 - [MESSAGE][PASSED] - Object: 'Object Repository/MOH AND GRN/Page_KDMC/a_CMS_1' is clicked on

2018-05-28 13:32:11 - [TEST_STEP][PASSED] - click: Object: 'Object Repository/MOH AND GRN/Page_KDMC/a_Request List' is clicked on

2018-05-28 13:32:12 - [MESSAGE][PASSED] - Object: 'Object Repository/MOH AND GRN/Page_KDMC/a_Request List' is clicked on

2018-05-28 13:32:12 - [TEST_STEP][PASSED] - Statement - RequestNumberId = com.kms.katalon.core.webui.keyword.WebUiBuiltInKeywords.modifyObjectProperty(com.kms.katalon.core.testobject.ObjectRepository.findTestObject(MOH AND GRN/Page_KDMC - CMS/input_PO0032), "xpath", "equals", "//*[@id =" + RequestNUmber + "]", true): Modify property of object successfully

2018-05-28 13:32:12 - [MESSAGE][PASSED] - Modify property of object successfully

2018-05-28 13:32:12 - [TEST_STEP][PASSED] - click: Object: 'Object Repository/MOH AND GRN/Page_KDMC - CMS/input_PO0032' is clicked on

2018-05-28 13:32:12 - [MESSAGE][PASSED] - Object: 'Object Repository/MOH AND GRN/Page_KDMC - CMS/input_PO0032' is clicked on

2018-05-28 13:32:12 - [TEST_STEP][PASSED] - delay: Delayed 3 second(s)

2018-05-28 13:32:15 - [MESSAGE][PASSED] - Delayed 3 second(s)

2018-05-28 13:32:15 - [TEST_STEP][PASSED] - selectOptionByIndex: All options with index in [1] are selected on object 'Object Repository/MOH AND GRN/Page_KDMC/select_--Select--'

2018-05-28 13:32:15 - [MESSAGE][PASSED] - All options with index in [1] are selected on object 'Object Repository/MOH AND GRN/Page_KDMC/select_--Select--'

2018-05-28 13:32:15 - [TEST_STEP][PASSED] - click: Object: 'Object Repository/MOH AND GRN/Page_KDMC/input_btnupdate' is clicked on

2018-05-28 13:32:15 - [MESSAGE][PASSED] - Object: 'Object Repository/MOH AND GRN/Page_KDMC/input_btnupdate' is clicked on

2018-05-28 13:32:15 - [TEST_STEP][PASSED] - delay: Delayed 3 second(s)

2018-05-28 13:32:18 - [MESSAGE][PASSED] - Delayed 3 second(s)

2018-05-28 13:32:18 - [TEST_STEP][PASSED] - click: Object: 'Object Repository/MOH AND GRN/Page_KDMC/button_OK' is clicked on

2018-05-28 13:32:19 - [MESSAGE][PASSED] - Object: 'Object Repository/MOH AND GRN/Page_KDMC/button_OK' is clicked on

2018-05-28 13:32:19 - [TEST_STEP][PASSED] - delay: Delayed 3 second(s)

2018-05-28 13:32:22 - [MESSAGE][PASSED] - Delayed 3 second(s)

2018-05-28 13:32:22 - [TEST_STEP][PASSED] - scrollToPosition: Browser is scrolled to position x = 200, y = 200

2018-05-28 13:32:22 - [MESSAGE][PASSED] - Browser is scrolled to position x = 200, y = 200

2018-05-28 13:32:22 - [TEST_STEP][PASSED] - click: Object: 'Object Repository/MOH AND GRN/Page_KDMC/a_CMS_2' is clicked on

2018-05-28 13:32:23 - [MESSAGE][PASSED] - Object: 'Object Repository/MOH AND GRN/Page_KDMC/a_CMS_2' is clicked on

2018-05-28 13:32:23 - [TEST_STEP][PASSED] - delay: Delayed 2 second(s)

2018-05-28 13:32:25 - [MESSAGE][PASSED] - Delayed 2 second(s)

2018-05-28 13:32:25 - [TEST_STEP][PASSED] - click: Object: 'Object Repository/MOH AND GRN/Page_KDMC/a_Generate P.O' is clicked on

2018-05-28 13:32:25 - [MESSAGE][PASSED] - Object: 'Object Repository/MOH AND GRN/Page_KDMC/a_Generate P.O' is clicked on

2018-05-28 13:32:25 - [TEST_STEP][PASSED] - delay: Delayed 2 second(s)

2018-05-28 13:32:27 - [MESSAGE][PASSED] - Delayed 2 second(s)

2018-05-28 13:32:27 - [TEST_STEP][PASSED] - selectOptionByIndex: All options with index in [1] are selected on object 'Object Repository/MOH AND GRN/Page_KDMC/select_--Select--PRNO040520183'

2018-05-28 13:32:27 - [MESSAGE][PASSED] - All options with index in [1] are selected on object 'Object Repository/MOH AND GRN/Page_KDMC/select_--Select--PRNO040520183'

2018-05-28 13:32:27 - [TEST_STEP][PASSED] - selectOptionByIndex: All options with index in [9] are selected on object 'Object Repository/MOH AND GRN/Page_KDMC/select_--Select--Hamen Chandra'

2018-05-28 13:32:28 - [MESSAGE][PASSED] - All options with index in [9] are selected on object 'Object Repository/MOH AND GRN/Page_KDMC/select_--Select--Hamen Chandra'

2018-05-28 13:32:28 - [TEST_STEP][PASSED] - Statement - PONumber = com.kms.katalon.core.webui.keyword.WebUiBuiltInKeywords.getText(com.kms.katalon.core.testobject.ObjectRepository.findTestObject(MOH AND GRN/Page_KDMC/input_lblpono)).trim(): Text of object 'Object Repository/MOH AND GRN/Page_KDMC/input_lblpono' is: ''

2018-05-28 13:32:28 - [MESSAGE][PASSED] - Text of object 'Object Repository/MOH AND GRN/Page_KDMC/input_lblpono' is: ''

2018-05-28 13:32:28 - [TEST_STEP][PASSED] - Statement - PONumber1 = com.kms.katalon.core.webui.keyword.WebUiBuiltInKeywords.getAttribute(com.kms.katalon.core.testobject.ObjectRepository.findTestObject(MOH AND GRN/Page_KDMC/input_lblpono), "value").trim(): Attribute 'value' of object 'Object Repository/MOH AND GRN/Page_KDMC/input_lblpono' is: 'PO00161'

2018-05-28 13:32:28 - [MESSAGE][PASSED] - Attribute 'value' of object 'Object Repository/MOH AND GRN/Page_KDMC/input_lblpono' is: 'PO00161'

2018-05-28 13:32:28 - [TEST_STEP][PASSED] - Statement - out.println("PO NUMBER :" + PONumber): null

2018-05-28 13:32:28 - [TEST_STEP][PASSED] - Statement - out.println("PO NUMBER :" + PONumber1): null

2018-05-28 13:32:28 - [TEST_STEP][PASSED] - click: Object: 'Object Repository/MOH AND GRN/Page_KDMC/input_chkrem' is clicked on

2018-05-28 13:32:28 - [MESSAGE][PASSED] - Object: 'Object Repository/MOH AND GRN/Page_KDMC/input_chkrem' is clicked on

2018-05-28 13:32:28 - [TEST_STEP][PASSED] - scrollToElement: Scroll to object 'Object Repository/MOH AND GRN/Page_KDMC/input_btnreturn' successfully

2018-05-28 13:32:28 - [MESSAGE][PASSED] - Scroll to object 'Object Repository/MOH AND GRN/Page_KDMC/input_btnreturn' successfully

2018-05-28 13:32:28 - [TEST_STEP][PASSED] - click: Object: 'Object Repository/MOH AND GRN/Page_KDMC/input_btnreturn' is clicked on

2018-05-28 13:32:28 - [MESSAGE][PASSED] - Object: 'Object Repository/MOH AND GRN/Page_KDMC/input_btnreturn' is clicked on

2018-05-28 13:32:28 - [TEST_STEP][PASSED] - delay: Delayed 3 second(s)

2018-05-28 13:32:31 - [MESSAGE][PASSED] - Delayed 3 second(s)

2018-05-28 13:32:31 - [TEST_STEP][PASSED] - click: Object: 'Object Repository/MOH AND GRN/Page_KDMC/button_Yes' is clicked on

2018-05-28 13:32:31 - [MESSAGE][PASSED] - Object: 'Object Repository/MOH AND GRN/Page_KDMC/button_Yes' is clicked on

2018-05-28 13:32:31 - [TEST_STEP][PASSED] - delay: Delayed 3 second(s)

2018-05-28 13:32:34 - [MESSAGE][PASSED] - Delayed 3 second(s)

2018-05-28 13:32:34 - [TEST_STEP][PASSED] - click: Object: 'Object Repository/MOH AND GRN/Page_KDMC/button_OK' is clicked on

2018-05-28 13:32:35 - [MESSAGE][PASSED] - Object: 'Object Repository/MOH AND GRN/Page_KDMC/button_OK' is clicked on

2018-05-28 13:32:35 - [TEST_STEP][PASSED] - delay: Delayed 3 second(s)

2018-05-28 13:32:38 - [MESSAGE][PASSED] - Delayed 3 second(s)

2018-05-28 13:32:38 - [TEST_STEP][PASSED] - click: Object: 'Object Repository/MOH AND GRN/Page_KDMC/a_dropdown-toggle' is clicked on

2018-05-28 13:32:38 - [MESSAGE][PASSED] - Object: 'Object Repository/MOH AND GRN/Page_KDMC/a_dropdown-toggle' is clicked on

2018-05-28 13:32:38 - [TEST_STEP][PASSED] - click: Object: 'Object Repository/MOH AND GRN/Page_KDMC/a_Sign out' is clicked on

2018-05-28 13:32:38 - [MESSAGE][PASSED] - Object: 'Object Repository/MOH AND GRN/Page_KDMC/a_Sign out' is clicked on

2018-05-28 13:32:38 - [TEST_STEP][PASSED] - delay: Delayed 4 second(s)

2018-05-28 13:32:42 - [MESSAGE][PASSED] - Delayed 4 second(s)

2018-05-28 13:32:42 - [TEST_STEP][PASSED] - click: Object: 'Object Repository/MOH AND GRN/Page_KDMC/a_CMS' is clicked on

2018-05-28 13:32:43 - [MESSAGE][PASSED] - Object: 'Object Repository/MOH AND GRN/Page_KDMC/a_CMS' is clicked on

2018-05-28 13:32:43 - [TEST_STEP][PASSED] - setText: Text 'bala' is set on object 'Object Repository/MOH AND GRN/Page_CMS login/input_txtusername'

2018-05-28 13:32:43 - [MESSAGE][PASSED] - Text 'bala' is set on object 'Object Repository/MOH AND GRN/Page_CMS login/input_txtusername'

2018-05-28 13:32:43 - [TEST_STEP][PASSED] - setText: Text '123' is set on object 'Object Repository/MOH AND GRN/Page_CMS login/input_txtpassword'

2018-05-28 13:32:43 - [MESSAGE][PASSED] - Text '123' is set on object 'Object Repository/MOH AND GRN/Page_CMS login/input_txtpassword'

2018-05-28 13:32:43 - [TEST_STEP][PASSED] - delay: Delayed 3 second(s)

2018-05-28 13:32:46 - [MESSAGE][PASSED] - Delayed 3 second(s)

2018-05-28 13:32:46 - [TEST_STEP][PASSED] - click: Object: 'Object Repository/MOH AND GRN/Page_CMS login/button_Sign in' is clicked on

2018-05-28 13:32:47 - [MESSAGE][PASSED] - Object: 'Object Repository/MOH AND GRN/Page_CMS login/button_Sign in' is clicked on

2018-05-28 13:32:47 - [TEST_STEP][PASSED] - click: Object: 'Object Repository/MOH AND GRN/Page_KDMC - CMS/a_CMS Details' is clicked on

2018-05-28 13:32:47 - [MESSAGE][PASSED] - Object: 'Object Repository/MOH AND GRN/Page_KDMC - CMS/a_CMS Details' is clicked on

2018-05-28 13:32:47 - [TEST_STEP][PASSED] - delay: Delayed 2 second(s)

2018-05-28 13:32:49 - [MESSAGE][PASSED] - Delayed 2 second(s)

2018-05-28 13:32:49 - [TEST_STEP][PASSED] - click: Object: 'Object Repository/MOH AND GRN/Page_KDMC - CMS/a_Goods Receive' is clicked on

2018-05-28 13:32:49 - [MESSAGE][PASSED] - Object: 'Object Repository/MOH AND GRN/Page_KDMC - CMS/a_Goods Receive' is clicked on

2018-05-28 13:32:49 - [TEST_STEP][PASSED] - delay: Delayed 2 second(s)

2018-05-28 13:32:51 - [MESSAGE][PASSED] - Delayed 2 second(s)

2018-05-28 13:32:51 - [TEST_STEP][PASSED] - selectOptionByLabel: All options with label 'PO00161' are selected in object 'Object Repository/MOH AND GRN/Page_KDMC - CMS/select_--Select--PO0032PO0031P' 

2018-05-28 13:32:52 - [MESSAGE][PASSED] - All options with label 'PO00161' are selected in object 'Object Repository/MOH AND GRN/Page_KDMC - CMS/select_--Select--PO0032PO0031P' 

2018-05-28 13:32:52 - [TEST_STEP][PASSED] - setText: Finding Test Object with id 'Object Repository/MOH AND GRN/Page_KDMC - CMS/input_txtgrnno'

2018-05-28 13:32:52 - [TEST_STEP][PASSED] - Statement - switch (id): Text 'INV612.0' is set on object 'Object Repository/MOH AND GRN/Page_KDMC - CMS/input_txtgrnno'

2018-05-28 13:32:52 - [TEST_STEP][PASSED] - Statement - case 2:: Text 'INV612.0' is set on object 'Object Repository/MOH AND GRN/Page_KDMC - CMS/input_txtgrnno'

2018-05-28 13:32:52 - [TEST_STEP][PASSED] - Statement - return (java.lang.Math.floor((java.lang.Math.random() * ((max - min) + 1))) + min): Text 'INV612.0' is set on object 'Object Repository/MOH AND GRN/Page_KDMC - CMS/input_txtgrnno'

2018-05-28 13:32:52 - [MESSAGE][PASSED] - Text 'INV612.0' is set on object 'Object Repository/MOH AND GRN/Page_KDMC - CMS/input_txtgrnno'

2018-05-28 13:32:52 - [TEST_STEP][PASSED] - selectOptionByIndex: All options with index in [1] are selected on object 'Object Repository/MOH AND GRN/Page_KDMC - CMS/select_--Select--PERUMAL PHARM'

2018-05-28 13:32:52 - [MESSAGE][PASSED] - All options with index in [1] are selected on object 'Object Repository/MOH AND GRN/Page_KDMC - CMS/select_--Select--PERUMAL PHARM'

2018-05-28 13:32:52 - [TEST_STEP][PASSED] - setText: Text '18000' is set on object 'Object Repository/MOH AND GRN/Page_KDMC - CMS/input_txtgrnno_1'

2018-05-28 13:32:52 - [MESSAGE][PASSED] - Text '18000' is set on object 'Object Repository/MOH AND GRN/Page_KDMC - CMS/input_txtgrnno_1'

2018-05-28 13:32:52 - [TEST_STEP][PASSED] - setText: Text '700' is set on object 'Object Repository/MOH AND GRN/Page_KDMC - CMS/input_txtgrnno_2'

2018-05-28 13:32:52 - [MESSAGE][PASSED] - Text '700' is set on object 'Object Repository/MOH AND GRN/Page_KDMC - CMS/input_txtgrnno_2'

2018-05-28 13:32:52 - [TEST_STEP][PASSED] - setText: Finding Test Object with id 'Object Repository/MOH AND GRN/Page_KDMC - CMS/input_txtgrnno_3'

2018-05-28 13:32:52 - [TEST_STEP][PASSED] - Statement - switch (id): Text 'CH307.0' is set on object 'Object Repository/MOH AND GRN/Page_KDMC - CMS/input_txtgrnno_3'

2018-05-28 13:32:52 - [TEST_STEP][PASSED] - Statement - case 3:: Text 'CH307.0' is set on object 'Object Repository/MOH AND GRN/Page_KDMC - CMS/input_txtgrnno_3'

2018-05-28 13:32:52 - [TEST_STEP][PASSED] - Statement - return (java.lang.Math.floor((java.lang.Math.random() * ((max - min) + 1))) + min): Text 'CH307.0' is set on object 'Object Repository/MOH AND GRN/Page_KDMC - CMS/input_txtgrnno_3'

2018-05-28 13:32:52 - [MESSAGE][PASSED] - Text 'CH307.0' is set on object 'Object Repository/MOH AND GRN/Page_KDMC - CMS/input_txtgrnno_3'

2018-05-28 13:32:52 - [TEST_STEP][PASSED] - scrollToPosition: Browser is scrolled to position x = 200, y = 200

2018-05-28 13:32:52 - [MESSAGE][PASSED] - Browser is scrolled to position x = 200, y = 200

2018-05-28 13:32:52 - [TEST_STEP][PASSED] - Statement - GrnLength = com.kms.katalon.core.webui.keyword.WebUiBuiltInKeywords.getNumberOfTotalOption(com.kms.katalon.core.testobject.ObjectRepository.findTestObject(MOH AND GRN/Page_KDMC - CMS/select_--Select--Amikacin -500)): 14 options of object 'Object Repository/MOH AND GRN/Page_KDMC - CMS/select_--Select--Amikacin -500' counted

2018-05-28 13:32:52 - [MESSAGE][PASSED] - 14 options of object 'Object Repository/MOH AND GRN/Page_KDMC - CMS/select_--Select--Amikacin -500' counted

2018-05-28 13:32:52 - [TEST_STEP][PASSED] - Statement - out.println("Length OF The Medicine " + GrnLength): null

2018-05-28 13:32:52 - [TEST_STEP][PASSED] - Statement - s = 1: null

2018-05-28 13:32:52 - [TEST_STEP][PASSED] - Statement - For ([t = 1, t < GrnLength, (t++)]): Finding Test Object with id 'Object Repository/MOH AND GRN/Page_KDMC - CMS/input_txtmrp'

2018-05-28 13:32:52 - [TEST_STEP][PASSED] - selectOptionByIndex: All options with index in [1] are selected on object 'Object Repository/MOH AND GRN/Page_KDMC - CMS/select_--Select--Amikacin -500'

2018-05-28 13:32:52 - [MESSAGE][PASSED] - All options with index in [1] are selected on object 'Object Repository/MOH AND GRN/Page_KDMC - CMS/select_--Select--Amikacin -500'

2018-05-28 13:32:52 - [TEST_STEP][PASSED] - setText: Text '5000' is set on object 'Object Repository/MOH AND GRN/Page_KDMC - CMS/input_txtqty'

2018-05-28 13:32:53 - [MESSAGE][PASSED] - Text '5000' is set on object 'Object Repository/MOH AND GRN/Page_KDMC - CMS/input_txtqty'

2018-05-28 13:32:53 - [TEST_STEP][PASSED] - selectOptionByIndex: All options with index in [1] are selected on object 'Object Repository/MOH AND GRN/Page_KDMC - CMS/select_--Select--No Tax0'

2018-05-28 13:32:53 - [MESSAGE][PASSED] - All options with index in [1] are selected on object 'Object Repository/MOH AND GRN/Page_KDMC - CMS/select_--Select--No Tax0'

2018-05-28 13:32:53 - [TEST_STEP][PASSED] - setText: Finding Test Object with id 'Object Repository/MOH AND GRN/Page_KDMC - CMS/input_txtmrp'

2018-05-28 13:32:53 - [TEST_STEP][PASSED] - Statement - switch (id): Finding Test Object with id 'Object Repository/MOH AND GRN/Page_KDMC - CMS/input_txtdeal'

2018-05-28 13:32:53 - [TEST_STEP][PASSED] - Statement - case 4:: Text '42.0' is set on object 'Object Repository/MOH AND GRN/Page_KDMC - CMS/input_txtmrp'

2018-05-28 13:32:53 - [TEST_STEP][PASSED] - Statement - return (java.lang.Math.floor((java.lang.Math.random() * ((max - min) + 1))) + min): Text '42.0' is set on object 'Object Repository/MOH AND GRN/Page_KDMC - CMS/input_txtmrp'

2018-05-28 13:32:53 - [MESSAGE][PASSED] - Text '42.0' is set on object 'Object Repository/MOH AND GRN/Page_KDMC - CMS/input_txtmrp'

2018-05-28 13:32:53 - [TEST_STEP][PASSED] - setText: Finding Test Object with id 'Object Repository/MOH AND GRN/Page_KDMC - CMS/input_txtdeal'

2018-05-28 13:32:53 - [TEST_STEP][PASSED] - Statement - switch (id): Finding Test Object with id 'Object Repository/MOH AND GRN/Page_KDMC - CMS/input_txtbatchno'

2018-05-28 13:32:53 - [TEST_STEP][PASSED] - Statement - case 5:: Text '7.0' is set on object 'Object Repository/MOH AND GRN/Page_KDMC - CMS/input_txtdeal'

2018-05-28 13:32:53 - [TEST_STEP][PASSED] - Statement - return (java.lang.Math.floor((java.lang.Math.random() * ((max - min) + 1))) + min): Text '7.0' is set on object 'Object Repository/MOH AND GRN/Page_KDMC - CMS/input_txtdeal'

2018-05-28 13:32:53 - [MESSAGE][PASSED] - Text '7.0' is set on object 'Object Repository/MOH AND GRN/Page_KDMC - CMS/input_txtdeal'

2018-05-28 13:32:53 - [TEST_STEP][PASSED] - setText: Finding Test Object with id 'Object Repository/MOH AND GRN/Page_KDMC - CMS/input_txtbatchno'

2018-05-28 13:32:53 - [TEST_STEP][PASSED] - Statement - switch (id): Finding Test Object with id 'Object Repository/MOH AND GRN/Page_KDMC - CMS/input_txtmrp'

2018-05-28 13:32:53 - [TEST_STEP][PASSED] - Statement - case 1:: Text 'BA92.0' is set on object 'Object Repository/MOH AND GRN/Page_KDMC - CMS/input_txtbatchno'

2018-05-28 13:32:53 - [TEST_STEP][PASSED] - Statement - return (java.lang.Math.floor((java.lang.Math.random() * ((max - min) + 1))) + min): Text 'BA92.0' is set on object 'Object Repository/MOH AND GRN/Page_KDMC - CMS/input_txtbatchno'

2018-05-28 13:32:53 - [MESSAGE][PASSED] - Text 'BA92.0' is set on object 'Object Repository/MOH AND GRN/Page_KDMC - CMS/input_txtbatchno'

2018-05-28 13:32:53 - [TEST_STEP][PASSED] - rightClick: Object: 'Object Repository/GRN/Page_KDMC - CMS/input_txtexpdate' is right clicked on

2018-05-28 13:32:53 - [MESSAGE][PASSED] - Object: 'Object Repository/GRN/Page_KDMC - CMS/input_txtexpdate' is right clicked on

2018-05-28 13:32:53 - [TEST_STEP][PASSED] - selectOptionByIndex: All options with index in [1] are selected on object 'Object Repository/GRN/Page_KDMC - CMS/select_20182019202020212022202'

2018-05-28 13:32:53 - [MESSAGE][PASSED] - All options with index in [1] are selected on object 'Object Repository/GRN/Page_KDMC - CMS/select_20182019202020212022202'

2018-05-28 13:32:53 - [TEST_STEP][PASSED] - selectOptionByIndex: All options with index in [1] are selected on object 'Object Repository/GRN/Page_KDMC - CMS/select_JanFebMarAprMayJunJulAu'

2018-05-28 13:32:54 - [MESSAGE][PASSED] - All options with index in [1] are selected on object 'Object Repository/GRN/Page_KDMC - CMS/select_JanFebMarAprMayJunJulAu'

2018-05-28 13:32:54 - [TEST_STEP][PASSED] - click: Object: 'Object Repository/MOH AND GRN/Page_KDMC - CMS/a_12' is clicked on

2018-05-28 13:32:54 - [MESSAGE][PASSED] - Object: 'Object Repository/MOH AND GRN/Page_KDMC - CMS/a_12' is clicked on

2018-05-28 13:32:54 - [TEST_STEP][PASSED] - click: Object: 'Object Repository/MOH AND GRN/Page_KDMC - CMS/input_btnadd' is clicked on

2018-05-28 13:32:54 - [MESSAGE][PASSED] - Object: 'Object Repository/MOH AND GRN/Page_KDMC - CMS/input_btnadd' is clicked on

2018-05-28 13:32:54 - [TEST_STEP][PASSED] - Statement - If (s == 10): null

2018-05-28 13:32:54 - [TEST_STEP][PASSED] - Statement - Else: null

2018-05-28 13:32:54 - [TEST_STEP][PASSED] - Statement - (s++): null

2018-05-28 13:32:54 - [TEST_STEP][PASSED] - delay: Delayed 1 second(s)

2018-05-28 13:32:55 - [MESSAGE][PASSED] - Delayed 1 second(s)

2018-05-28 13:32:55 - [TEST_STEP][PASSED] - selectOptionByIndex: All options with index in [2] are selected on object 'Object Repository/MOH AND GRN/Page_KDMC - CMS/select_--Select--Amikacin -500'

2018-05-28 13:32:55 - [MESSAGE][PASSED] - All options with index in [2] are selected on object 'Object Repository/MOH AND GRN/Page_KDMC - CMS/select_--Select--Amikacin -500'

2018-05-28 13:32:55 - [TEST_STEP][PASSED] - setText: Text '5000' is set on object 'Object Repository/MOH AND GRN/Page_KDMC - CMS/input_txtqty'

2018-05-28 13:32:55 - [MESSAGE][PASSED] - Text '5000' is set on object 'Object Repository/MOH AND GRN/Page_KDMC - CMS/input_txtqty'

2018-05-28 13:32:55 - [TEST_STEP][PASSED] - selectOptionByIndex: All options with index in [1] are selected on object 'Object Repository/MOH AND GRN/Page_KDMC - CMS/select_--Select--No Tax0'

2018-05-28 13:32:55 - [MESSAGE][PASSED] - All options with index in [1] are selected on object 'Object Repository/MOH AND GRN/Page_KDMC - CMS/select_--Select--No Tax0'

2018-05-28 13:32:55 - [TEST_STEP][PASSED] - setText: Finding Test Object with id 'Object Repository/MOH AND GRN/Page_KDMC - CMS/input_txtmrp'

2018-05-28 13:32:55 - [TEST_STEP][PASSED] - Statement - switch (id): Finding Test Object with id 'Object Repository/MOH AND GRN/Page_KDMC - CMS/input_txtdeal'

2018-05-28 13:32:55 - [TEST_STEP][PASSED] - Statement - case 4:: Text '23.0' is set on object 'Object Repository/MOH AND GRN/Page_KDMC - CMS/input_txtmrp'

2018-05-28 13:32:55 - [TEST_STEP][PASSED] - Statement - return (java.lang.Math.floor((java.lang.Math.random() * ((max - min) + 1))) + min): Text '23.0' is set on object 'Object Repository/MOH AND GRN/Page_KDMC - CMS/input_txtmrp'

2018-05-28 13:32:55 - [MESSAGE][PASSED] - Text '23.0' is set on object 'Object Repository/MOH AND GRN/Page_KDMC - CMS/input_txtmrp'

2018-05-28 13:32:55 - [TEST_STEP][PASSED] - setText: Finding Test Object with id 'Object Repository/MOH AND GRN/Page_KDMC - CMS/input_txtdeal'

2018-05-28 13:32:55 - [TEST_STEP][PASSED] - Statement - switch (id): Finding Test Object with id 'Object Repository/MOH AND GRN/Page_KDMC - CMS/input_txtbatchno'

2018-05-28 13:32:55 - [TEST_STEP][PASSED] - Statement - case 5:: Text '3.0' is set on object 'Object Repository/MOH AND GRN/Page_KDMC - CMS/input_txtdeal'

2018-05-28 13:32:55 - [TEST_STEP][PASSED] - Statement - return (java.lang.Math.floor((java.lang.Math.random() * ((max - min) + 1))) + min): Text '3.0' is set on object 'Object Repository/MOH AND GRN/Page_KDMC - CMS/input_txtdeal'

2018-05-28 13:32:55 - [MESSAGE][PASSED] - Text '3.0' is set on object 'Object Repository/MOH AND GRN/Page_KDMC - CMS/input_txtdeal'

2018-05-28 13:32:55 - [TEST_STEP][PASSED] - setText: Finding Test Object with id 'Object Repository/MOH AND GRN/Page_KDMC - CMS/input_txtbatchno'

2018-05-28 13:32:55 - [TEST_STEP][PASSED] - Statement - switch (id): Finding Test Object with id 'Object Repository/MOH AND GRN/Page_KDMC - CMS/input_txtmrp'

2018-05-28 13:32:55 - [TEST_STEP][PASSED] - Statement - case 1:: Text 'BA298.0' is set on object 'Object Repository/MOH AND GRN/Page_KDMC - CMS/input_txtbatchno'

2018-05-28 13:32:55 - [TEST_STEP][PASSED] - Statement - return (java.lang.Math.floor((java.lang.Math.random() * ((max - min) + 1))) + min): Text 'BA298.0' is set on object 'Object Repository/MOH AND GRN/Page_KDMC - CMS/input_txtbatchno'

2018-05-28 13:32:55 - [MESSAGE][PASSED] - Text 'BA298.0' is set on object 'Object Repository/MOH AND GRN/Page_KDMC - CMS/input_txtbatchno'

2018-05-28 13:32:55 - [TEST_STEP][PASSED] - rightClick: Object: 'Object Repository/GRN/Page_KDMC - CMS/input_txtexpdate' is right clicked on

2018-05-28 13:32:56 - [MESSAGE][PASSED] - Object: 'Object Repository/GRN/Page_KDMC - CMS/input_txtexpdate' is right clicked on

2018-05-28 13:32:56 - [TEST_STEP][PASSED] - selectOptionByIndex: All options with index in [2] are selected on object 'Object Repository/GRN/Page_KDMC - CMS/select_20182019202020212022202'

2018-05-28 13:32:56 - [MESSAGE][PASSED] - All options with index in [2] are selected on object 'Object Repository/GRN/Page_KDMC - CMS/select_20182019202020212022202'

2018-05-28 13:32:56 - [TEST_STEP][PASSED] - selectOptionByIndex: All options with index in [2] are selected on object 'Object Repository/GRN/Page_KDMC - CMS/select_JanFebMarAprMayJunJulAu'

2018-05-28 13:32:56 - [MESSAGE][PASSED] - All options with index in [2] are selected on object 'Object Repository/GRN/Page_KDMC - CMS/select_JanFebMarAprMayJunJulAu'

2018-05-28 13:32:56 - [TEST_STEP][PASSED] - click: Object: 'Object Repository/MOH AND GRN/Page_KDMC - CMS/a_12' is clicked on

2018-05-28 13:32:56 - [MESSAGE][PASSED] - Object: 'Object Repository/MOH AND GRN/Page_KDMC - CMS/a_12' is clicked on

2018-05-28 13:32:56 - [TEST_STEP][PASSED] - click: Object: 'Object Repository/MOH AND GRN/Page_KDMC - CMS/input_btnadd' is clicked on

2018-05-28 13:32:56 - [MESSAGE][PASSED] - Object: 'Object Repository/MOH AND GRN/Page_KDMC - CMS/input_btnadd' is clicked on

2018-05-28 13:32:56 - [TEST_STEP][PASSED] - Statement - If (s == 10): null

2018-05-28 13:32:56 - [TEST_STEP][PASSED] - Statement - Else: null

2018-05-28 13:32:56 - [TEST_STEP][PASSED] - Statement - (s++): null

2018-05-28 13:32:56 - [TEST_STEP][PASSED] - delay: Delayed 1 second(s)

2018-05-28 13:32:57 - [MESSAGE][PASSED] - Delayed 1 second(s)

2018-05-28 13:32:57 - [TEST_STEP][PASSED] - selectOptionByIndex: All options with index in [3] are selected on object 'Object Repository/MOH AND GRN/Page_KDMC - CMS/select_--Select--Amikacin -500'

2018-05-28 13:32:57 - [MESSAGE][PASSED] - All options with index in [3] are selected on object 'Object Repository/MOH AND GRN/Page_KDMC - CMS/select_--Select--Amikacin -500'

2018-05-28 13:32:57 - [TEST_STEP][PASSED] - setText: Text '5000' is set on object 'Object Repository/MOH AND GRN/Page_KDMC - CMS/input_txtqty'

2018-05-28 13:32:57 - [MESSAGE][PASSED] - Text '5000' is set on object 'Object Repository/MOH AND GRN/Page_KDMC - CMS/input_txtqty'

2018-05-28 13:32:57 - [TEST_STEP][PASSED] - selectOptionByIndex: All options with index in [1] are selected on object 'Object Repository/MOH AND GRN/Page_KDMC - CMS/select_--Select--No Tax0'

2018-05-28 13:32:57 - [MESSAGE][PASSED] - All options with index in [1] are selected on object 'Object Repository/MOH AND GRN/Page_KDMC - CMS/select_--Select--No Tax0'

2018-05-28 13:32:57 - [TEST_STEP][PASSED] - setText: Finding Test Object with id 'Object Repository/MOH AND GRN/Page_KDMC - CMS/input_txtmrp'

2018-05-28 13:32:57 - [TEST_STEP][PASSED] - Statement - switch (id): Finding Test Object with id 'Object Repository/MOH AND GRN/Page_KDMC - CMS/input_txtdeal'

2018-05-28 13:32:57 - [TEST_STEP][PASSED] - Statement - case 4:: Text '30.0' is set on object 'Object Repository/MOH AND GRN/Page_KDMC - CMS/input_txtmrp'

2018-05-28 13:32:57 - [TEST_STEP][PASSED] - Statement - return (java.lang.Math.floor((java.lang.Math.random() * ((max - min) + 1))) + min): Text '30.0' is set on object 'Object Repository/MOH AND GRN/Page_KDMC - CMS/input_txtmrp'

2018-05-28 13:32:58 - [MESSAGE][PASSED] - Text '30.0' is set on object 'Object Repository/MOH AND GRN/Page_KDMC - CMS/input_txtmrp'

2018-05-28 13:32:58 - [TEST_STEP][PASSED] - setText: Finding Test Object with id 'Object Repository/MOH AND GRN/Page_KDMC - CMS/input_txtdeal'

2018-05-28 13:32:58 - [TEST_STEP][PASSED] - Statement - switch (id): Finding Test Object with id 'Object Repository/MOH AND GRN/Page_KDMC - CMS/input_txtbatchno'

2018-05-28 13:32:58 - [TEST_STEP][PASSED] - Statement - case 5:: Text '10.0' is set on object 'Object Repository/MOH AND GRN/Page_KDMC - CMS/input_txtdeal'

2018-05-28 13:32:58 - [TEST_STEP][PASSED] - Statement - return (java.lang.Math.floor((java.lang.Math.random() * ((max - min) + 1))) + min): Text '10.0' is set on object 'Object Repository/MOH AND GRN/Page_KDMC - CMS/input_txtdeal'

2018-05-28 13:32:58 - [MESSAGE][PASSED] - Text '10.0' is set on object 'Object Repository/MOH AND GRN/Page_KDMC - CMS/input_txtdeal'

2018-05-28 13:32:58 - [TEST_STEP][PASSED] - setText: Finding Test Object with id 'Object Repository/MOH AND GRN/Page_KDMC - CMS/input_txtbatchno'

2018-05-28 13:32:58 - [TEST_STEP][PASSED] - Statement - switch (id): Finding Test Object with id 'Object Repository/MOH AND GRN/Page_KDMC - CMS/input_txtmrp'

2018-05-28 13:32:58 - [TEST_STEP][PASSED] - Statement - case 1:: Text 'BA98.0' is set on object 'Object Repository/MOH AND GRN/Page_KDMC - CMS/input_txtbatchno'

2018-05-28 13:32:58 - [TEST_STEP][PASSED] - Statement - return (java.lang.Math.floor((java.lang.Math.random() * ((max - min) + 1))) + min): Text 'BA98.0' is set on object 'Object Repository/MOH AND GRN/Page_KDMC - CMS/input_txtbatchno'

2018-05-28 13:32:58 - [MESSAGE][PASSED] - Text 'BA98.0' is set on object 'Object Repository/MOH AND GRN/Page_KDMC - CMS/input_txtbatchno'

2018-05-28 13:32:58 - [TEST_STEP][PASSED] - rightClick: Object: 'Object Repository/GRN/Page_KDMC - CMS/input_txtexpdate' is right clicked on

2018-05-28 13:32:58 - [MESSAGE][PASSED] - Object: 'Object Repository/GRN/Page_KDMC - CMS/input_txtexpdate' is right clicked on

2018-05-28 13:32:58 - [TEST_STEP][PASSED] - selectOptionByIndex: All options with index in [3] are selected on object 'Object Repository/GRN/Page_KDMC - CMS/select_20182019202020212022202'

2018-05-28 13:32:58 - [MESSAGE][PASSED] - All options with index in [3] are selected on object 'Object Repository/GRN/Page_KDMC - CMS/select_20182019202020212022202'

2018-05-28 13:32:58 - [TEST_STEP][PASSED] - selectOptionByIndex: All options with index in [3] are selected on object 'Object Repository/GRN/Page_KDMC - CMS/select_JanFebMarAprMayJunJulAu'

2018-05-28 13:32:58 - [MESSAGE][PASSED] - All options with index in [3] are selected on object 'Object Repository/GRN/Page_KDMC - CMS/select_JanFebMarAprMayJunJulAu'

2018-05-28 13:32:58 - [TEST_STEP][PASSED] - click: Object: 'Object Repository/MOH AND GRN/Page_KDMC - CMS/a_12' is clicked on

2018-05-28 13:32:58 - [MESSAGE][PASSED] - Object: 'Object Repository/MOH AND GRN/Page_KDMC - CMS/a_12' is clicked on

2018-05-28 13:32:58 - [TEST_STEP][PASSED] - click: Object: 'Object Repository/MOH AND GRN/Page_KDMC - CMS/input_btnadd' is clicked on

2018-05-28 13:32:58 - [MESSAGE][PASSED] - Object: 'Object Repository/MOH AND GRN/Page_KDMC - CMS/input_btnadd' is clicked on

2018-05-28 13:32:58 - [TEST_STEP][PASSED] - Statement - If (s == 10): null

2018-05-28 13:32:58 - [TEST_STEP][PASSED] - Statement - Else: null

2018-05-28 13:32:58 - [TEST_STEP][PASSED] - Statement - (s++): null

2018-05-28 13:32:58 - [TEST_STEP][PASSED] - delay: Delayed 1 second(s)

2018-05-28 13:32:59 - [MESSAGE][PASSED] - Delayed 1 second(s)

2018-05-28 13:32:59 - [TEST_STEP][PASSED] - selectOptionByIndex: All options with index in [4] are selected on object 'Object Repository/MOH AND GRN/Page_KDMC - CMS/select_--Select--Amikacin -500'

2018-05-28 13:32:59 - [MESSAGE][PASSED] - All options with index in [4] are selected on object 'Object Repository/MOH AND GRN/Page_KDMC - CMS/select_--Select--Amikacin -500'

2018-05-28 13:32:59 - [TEST_STEP][PASSED] - setText: Text '5000' is set on object 'Object Repository/MOH AND GRN/Page_KDMC - CMS/input_txtqty'

2018-05-28 13:33:00 - [MESSAGE][PASSED] - Text '5000' is set on object 'Object Repository/MOH AND GRN/Page_KDMC - CMS/input_txtqty'

2018-05-28 13:33:00 - [TEST_STEP][PASSED] - selectOptionByIndex: All options with index in [1] are selected on object 'Object Repository/MOH AND GRN/Page_KDMC - CMS/select_--Select--No Tax0'

2018-05-28 13:33:00 - [MESSAGE][PASSED] - All options with index in [1] are selected on object 'Object Repository/MOH AND GRN/Page_KDMC - CMS/select_--Select--No Tax0'

2018-05-28 13:33:00 - [TEST_STEP][PASSED] - setText: Finding Test Object with id 'Object Repository/MOH AND GRN/Page_KDMC - CMS/input_txtmrp'

2018-05-28 13:33:00 - [TEST_STEP][PASSED] - Statement - switch (id): Finding Test Object with id 'Object Repository/MOH AND GRN/Page_KDMC - CMS/input_txtdeal'

2018-05-28 13:33:00 - [TEST_STEP][PASSED] - Statement - case 4:: Text '32.0' is set on object 'Object Repository/MOH AND GRN/Page_KDMC - CMS/input_txtmrp'

2018-05-28 13:33:00 - [TEST_STEP][PASSED] - Statement - return (java.lang.Math.floor((java.lang.Math.random() * ((max - min) + 1))) + min): Text '32.0' is set on object 'Object Repository/MOH AND GRN/Page_KDMC - CMS/input_txtmrp'

2018-05-28 13:33:00 - [MESSAGE][PASSED] - Text '32.0' is set on object 'Object Repository/MOH AND GRN/Page_KDMC - CMS/input_txtmrp'

2018-05-28 13:33:00 - [TEST_STEP][PASSED] - setText: Finding Test Object with id 'Object Repository/MOH AND GRN/Page_KDMC - CMS/input_txtdeal'

2018-05-28 13:33:00 - [TEST_STEP][PASSED] - Statement - switch (id): Finding Test Object with id 'Object Repository/MOH AND GRN/Page_KDMC - CMS/input_txtbatchno'

2018-05-28 13:33:00 - [TEST_STEP][PASSED] - Statement - case 5:: Text '5.0' is set on object 'Object Repository/MOH AND GRN/Page_KDMC - CMS/input_txtdeal'

2018-05-28 13:33:00 - [TEST_STEP][PASSED] - Statement - return (java.lang.Math.floor((java.lang.Math.random() * ((max - min) + 1))) + min): Text '5.0' is set on object 'Object Repository/MOH AND GRN/Page_KDMC - CMS/input_txtdeal'

2018-05-28 13:33:00 - [MESSAGE][PASSED] - Text '5.0' is set on object 'Object Repository/MOH AND GRN/Page_KDMC - CMS/input_txtdeal'

2018-05-28 13:33:00 - [TEST_STEP][PASSED] - setText: Finding Test Object with id 'Object Repository/MOH AND GRN/Page_KDMC - CMS/input_txtbatchno'

2018-05-28 13:33:00 - [TEST_STEP][PASSED] - Statement - switch (id): Finding Test Object with id 'Object Repository/MOH AND GRN/Page_KDMC - CMS/input_txtmrp'

2018-05-28 13:33:00 - [TEST_STEP][PASSED] - Statement - case 1:: Text 'BA580.0' is set on object 'Object Repository/MOH AND GRN/Page_KDMC - CMS/input_txtbatchno'

2018-05-28 13:33:00 - [TEST_STEP][PASSED] - Statement - return (java.lang.Math.floor((java.lang.Math.random() * ((max - min) + 1))) + min): Text 'BA580.0' is set on object 'Object Repository/MOH AND GRN/Page_KDMC - CMS/input_txtbatchno'

2018-05-28 13:33:00 - [MESSAGE][PASSED] - Text 'BA580.0' is set on object 'Object Repository/MOH AND GRN/Page_KDMC - CMS/input_txtbatchno'

2018-05-28 13:33:00 - [TEST_STEP][PASSED] - rightClick: Object: 'Object Repository/GRN/Page_KDMC - CMS/input_txtexpdate' is right clicked on

2018-05-28 13:33:00 - [MESSAGE][PASSED] - Object: 'Object Repository/GRN/Page_KDMC - CMS/input_txtexpdate' is right clicked on

2018-05-28 13:33:00 - [TEST_STEP][PASSED] - selectOptionByIndex: All options with index in [4] are selected on object 'Object Repository/GRN/Page_KDMC - CMS/select_20182019202020212022202'

2018-05-28 13:33:00 - [MESSAGE][PASSED] - All options with index in [4] are selected on object 'Object Repository/GRN/Page_KDMC - CMS/select_20182019202020212022202'

2018-05-28 13:33:00 - [TEST_STEP][PASSED] - selectOptionByIndex: All options with index in [4] are selected on object 'Object Repository/GRN/Page_KDMC - CMS/select_JanFebMarAprMayJunJulAu'

2018-05-28 13:33:00 - [MESSAGE][PASSED] - All options with index in [4] are selected on object 'Object Repository/GRN/Page_KDMC - CMS/select_JanFebMarAprMayJunJulAu'

2018-05-28 13:33:00 - [TEST_STEP][PASSED] - click: Object: 'Object Repository/MOH AND GRN/Page_KDMC - CMS/a_12' is clicked on

2018-05-28 13:33:00 - [MESSAGE][PASSED] - Object: 'Object Repository/MOH AND GRN/Page_KDMC - CMS/a_12' is clicked on

2018-05-28 13:33:00 - [TEST_STEP][PASSED] - click: Object: 'Object Repository/MOH AND GRN/Page_KDMC - CMS/input_btnadd' is clicked on

2018-05-28 13:33:00 - [MESSAGE][PASSED] - Object: 'Object Repository/MOH AND GRN/Page_KDMC - CMS/input_btnadd' is clicked on

2018-05-28 13:33:00 - [TEST_STEP][PASSED] - Statement - If (s == 10): null

2018-05-28 13:33:00 - [TEST_STEP][PASSED] - Statement - Else: null

2018-05-28 13:33:00 - [TEST_STEP][PASSED] - Statement - (s++): null

2018-05-28 13:33:00 - [TEST_STEP][PASSED] - delay: Delayed 1 second(s)

2018-05-28 13:33:01 - [MESSAGE][PASSED] - Delayed 1 second(s)

2018-05-28 13:33:01 - [TEST_STEP][PASSED] - selectOptionByIndex: All options with index in [5] are selected on object 'Object Repository/MOH AND GRN/Page_KDMC - CMS/select_--Select--Amikacin -500'

2018-05-28 13:33:02 - [MESSAGE][PASSED] - All options with index in [5] are selected on object 'Object Repository/MOH AND GRN/Page_KDMC - CMS/select_--Select--Amikacin -500'

2018-05-28 13:33:02 - [TEST_STEP][PASSED] - setText: Text '5000' is set on object 'Object Repository/MOH AND GRN/Page_KDMC - CMS/input_txtqty'

2018-05-28 13:33:02 - [MESSAGE][PASSED] - Text '5000' is set on object 'Object Repository/MOH AND GRN/Page_KDMC - CMS/input_txtqty'

2018-05-28 13:33:02 - [TEST_STEP][PASSED] - selectOptionByIndex: All options with index in [1] are selected on object 'Object Repository/MOH AND GRN/Page_KDMC - CMS/select_--Select--No Tax0'

2018-05-28 13:33:02 - [MESSAGE][PASSED] - All options with index in [1] are selected on object 'Object Repository/MOH AND GRN/Page_KDMC - CMS/select_--Select--No Tax0'

2018-05-28 13:33:02 - [TEST_STEP][PASSED] - setText: Finding Test Object with id 'Object Repository/MOH AND GRN/Page_KDMC - CMS/input_txtmrp'

2018-05-28 13:33:02 - [TEST_STEP][PASSED] - Statement - switch (id): Finding Test Object with id 'Object Repository/MOH AND GRN/Page_KDMC - CMS/input_txtdeal'

2018-05-28 13:33:02 - [TEST_STEP][PASSED] - Statement - case 4:: Text '35.0' is set on object 'Object Repository/MOH AND GRN/Page_KDMC - CMS/input_txtmrp'

2018-05-28 13:33:02 - [TEST_STEP][PASSED] - Statement - return (java.lang.Math.floor((java.lang.Math.random() * ((max - min) + 1))) + min): Text '35.0' is set on object 'Object Repository/MOH AND GRN/Page_KDMC - CMS/input_txtmrp'

2018-05-28 13:33:02 - [MESSAGE][PASSED] - Text '35.0' is set on object 'Object Repository/MOH AND GRN/Page_KDMC - CMS/input_txtmrp'

2018-05-28 13:33:02 - [TEST_STEP][PASSED] - setText: Finding Test Object with id 'Object Repository/MOH AND GRN/Page_KDMC - CMS/input_txtdeal'

2018-05-28 13:33:02 - [TEST_STEP][PASSED] - Statement - switch (id): Finding Test Object with id 'Object Repository/MOH AND GRN/Page_KDMC - CMS/input_txtbatchno'

2018-05-28 13:33:02 - [TEST_STEP][PASSED] - Statement - case 5:: Text '1.0' is set on object 'Object Repository/MOH AND GRN/Page_KDMC - CMS/input_txtdeal'

2018-05-28 13:33:02 - [TEST_STEP][PASSED] - Statement - return (java.lang.Math.floor((java.lang.Math.random() * ((max - min) + 1))) + min): Text '1.0' is set on object 'Object Repository/MOH AND GRN/Page_KDMC - CMS/input_txtdeal'

2018-05-28 13:33:02 - [MESSAGE][PASSED] - Text '1.0' is set on object 'Object Repository/MOH AND GRN/Page_KDMC - CMS/input_txtdeal'

2018-05-28 13:33:02 - [TEST_STEP][PASSED] - setText: Finding Test Object with id 'Object Repository/MOH AND GRN/Page_KDMC - CMS/input_txtbatchno'

2018-05-28 13:33:02 - [TEST_STEP][PASSED] - Statement - switch (id): Finding Test Object with id 'Object Repository/MOH AND GRN/Page_KDMC - CMS/input_txtmrp'

2018-05-28 13:33:02 - [TEST_STEP][PASSED] - Statement - case 1:: Text 'BA685.0' is set on object 'Object Repository/MOH AND GRN/Page_KDMC - CMS/input_txtbatchno'

2018-05-28 13:33:02 - [TEST_STEP][PASSED] - Statement - return (java.lang.Math.floor((java.lang.Math.random() * ((max - min) + 1))) + min): Text 'BA685.0' is set on object 'Object Repository/MOH AND GRN/Page_KDMC - CMS/input_txtbatchno'

2018-05-28 13:33:02 - [MESSAGE][PASSED] - Text 'BA685.0' is set on object 'Object Repository/MOH AND GRN/Page_KDMC - CMS/input_txtbatchno'

2018-05-28 13:33:02 - [TEST_STEP][PASSED] - rightClick: Object: 'Object Repository/GRN/Page_KDMC - CMS/input_txtexpdate' is right clicked on

2018-05-28 13:33:02 - [MESSAGE][PASSED] - Object: 'Object Repository/GRN/Page_KDMC - CMS/input_txtexpdate' is right clicked on

2018-05-28 13:33:02 - [TEST_STEP][PASSED] - selectOptionByIndex: All options with index in [5] are selected on object 'Object Repository/GRN/Page_KDMC - CMS/select_20182019202020212022202'

2018-05-28 13:33:02 - [MESSAGE][PASSED] - All options with index in [5] are selected on object 'Object Repository/GRN/Page_KDMC - CMS/select_20182019202020212022202'

2018-05-28 13:33:02 - [TEST_STEP][PASSED] - selectOptionByIndex: All options with index in [5] are selected on object 'Object Repository/GRN/Page_KDMC - CMS/select_JanFebMarAprMayJunJulAu'

2018-05-28 13:33:03 - [MESSAGE][PASSED] - All options with index in [5] are selected on object 'Object Repository/GRN/Page_KDMC - CMS/select_JanFebMarAprMayJunJulAu'

2018-05-28 13:33:03 - [TEST_STEP][PASSED] - click: Object: 'Object Repository/MOH AND GRN/Page_KDMC - CMS/a_12' is clicked on

2018-05-28 13:33:03 - [MESSAGE][PASSED] - Object: 'Object Repository/MOH AND GRN/Page_KDMC - CMS/a_12' is clicked on

2018-05-28 13:33:03 - [TEST_STEP][PASSED] - click: Object: 'Object Repository/MOH AND GRN/Page_KDMC - CMS/input_btnadd' is clicked on

2018-05-28 13:33:03 - [MESSAGE][PASSED] - Object: 'Object Repository/MOH AND GRN/Page_KDMC - CMS/input_btnadd' is clicked on

2018-05-28 13:33:03 - [TEST_STEP][PASSED] - Statement - If (s == 10): null

2018-05-28 13:33:03 - [TEST_STEP][PASSED] - Statement - Else: null

2018-05-28 13:33:03 - [TEST_STEP][PASSED] - Statement - (s++): null

2018-05-28 13:33:03 - [TEST_STEP][PASSED] - delay: Delayed 1 second(s)

2018-05-28 13:33:04 - [MESSAGE][PASSED] - Delayed 1 second(s)

2018-05-28 13:33:04 - [TEST_STEP][PASSED] - selectOptionByIndex: All options with index in [6] are selected on object 'Object Repository/MOH AND GRN/Page_KDMC - CMS/select_--Select--Amikacin -500'

2018-05-28 13:33:04 - [MESSAGE][PASSED] - All options with index in [6] are selected on object 'Object Repository/MOH AND GRN/Page_KDMC - CMS/select_--Select--Amikacin -500'

2018-05-28 13:33:04 - [TEST_STEP][PASSED] - setText: Text '5000' is set on object 'Object Repository/MOH AND GRN/Page_KDMC - CMS/input_txtqty'

2018-05-28 13:33:04 - [MESSAGE][PASSED] - Text '5000' is set on object 'Object Repository/MOH AND GRN/Page_KDMC - CMS/input_txtqty'

2018-05-28 13:33:04 - [TEST_STEP][PASSED] - selectOptionByIndex: All options with index in [1] are selected on object 'Object Repository/MOH AND GRN/Page_KDMC - CMS/select_--Select--No Tax0'

2018-05-28 13:33:04 - [MESSAGE][PASSED] - All options with index in [1] are selected on object 'Object Repository/MOH AND GRN/Page_KDMC - CMS/select_--Select--No Tax0'

2018-05-28 13:33:04 - [TEST_STEP][PASSED] - setText: Finding Test Object with id 'Object Repository/MOH AND GRN/Page_KDMC - CMS/input_txtmrp'

2018-05-28 13:33:04 - [TEST_STEP][PASSED] - Statement - switch (id): Finding Test Object with id 'Object Repository/MOH AND GRN/Page_KDMC - CMS/input_txtdeal'

2018-05-28 13:33:04 - [TEST_STEP][PASSED] - Statement - case 4:: Text '38.0' is set on object 'Object Repository/MOH AND GRN/Page_KDMC - CMS/input_txtmrp'

2018-05-28 13:33:04 - [TEST_STEP][PASSED] - Statement - return (java.lang.Math.floor((java.lang.Math.random() * ((max - min) + 1))) + min): Text '38.0' is set on object 'Object Repository/MOH AND GRN/Page_KDMC - CMS/input_txtmrp'

2018-05-28 13:33:04 - [MESSAGE][PASSED] - Text '38.0' is set on object 'Object Repository/MOH AND GRN/Page_KDMC - CMS/input_txtmrp'

2018-05-28 13:33:04 - [TEST_STEP][PASSED] - setText: Finding Test Object with id 'Object Repository/MOH AND GRN/Page_KDMC - CMS/input_txtdeal'

2018-05-28 13:33:04 - [TEST_STEP][PASSED] - Statement - switch (id): Finding Test Object with id 'Object Repository/MOH AND GRN/Page_KDMC - CMS/input_txtbatchno'

2018-05-28 13:33:04 - [TEST_STEP][PASSED] - Statement - case 5:: Text '11.0' is set on object 'Object Repository/MOH AND GRN/Page_KDMC - CMS/input_txtdeal'

2018-05-28 13:33:04 - [TEST_STEP][PASSED] - Statement - return (java.lang.Math.floor((java.lang.Math.random() * ((max - min) + 1))) + min): Text '11.0' is set on object 'Object Repository/MOH AND GRN/Page_KDMC - CMS/input_txtdeal'

2018-05-28 13:33:04 - [MESSAGE][PASSED] - Text '11.0' is set on object 'Object Repository/MOH AND GRN/Page_KDMC - CMS/input_txtdeal'

2018-05-28 13:33:04 - [TEST_STEP][PASSED] - setText: Finding Test Object with id 'Object Repository/MOH AND GRN/Page_KDMC - CMS/input_txtbatchno'

2018-05-28 13:33:04 - [TEST_STEP][PASSED] - Statement - switch (id): Finding Test Object with id 'Object Repository/MOH AND GRN/Page_KDMC - CMS/input_txtmrp'

2018-05-28 13:33:04 - [TEST_STEP][PASSED] - Statement - case 1:: Text 'BA627.0' is set on object 'Object Repository/MOH AND GRN/Page_KDMC - CMS/input_txtbatchno'

2018-05-28 13:33:04 - [TEST_STEP][PASSED] - Statement - return (java.lang.Math.floor((java.lang.Math.random() * ((max - min) + 1))) + min): Text 'BA627.0' is set on object 'Object Repository/MOH AND GRN/Page_KDMC - CMS/input_txtbatchno'

2018-05-28 13:33:05 - [MESSAGE][PASSED] - Text 'BA627.0' is set on object 'Object Repository/MOH AND GRN/Page_KDMC - CMS/input_txtbatchno'

2018-05-28 13:33:05 - [TEST_STEP][PASSED] - rightClick: Object: 'Object Repository/GRN/Page_KDMC - CMS/input_txtexpdate' is right clicked on

2018-05-28 13:33:05 - [MESSAGE][PASSED] - Object: 'Object Repository/GRN/Page_KDMC - CMS/input_txtexpdate' is right clicked on

2018-05-28 13:33:05 - [TEST_STEP][PASSED] - selectOptionByIndex: All options with index in [6] are selected on object 'Object Repository/GRN/Page_KDMC - CMS/select_20182019202020212022202'

2018-05-28 13:33:05 - [MESSAGE][PASSED] - All options with index in [6] are selected on object 'Object Repository/GRN/Page_KDMC - CMS/select_20182019202020212022202'

2018-05-28 13:33:05 - [TEST_STEP][PASSED] - selectOptionByIndex: All options with index in [6] are selected on object 'Object Repository/GRN/Page_KDMC - CMS/select_JanFebMarAprMayJunJulAu'

2018-05-28 13:33:05 - [MESSAGE][PASSED] - All options with index in [6] are selected on object 'Object Repository/GRN/Page_KDMC - CMS/select_JanFebMarAprMayJunJulAu'

2018-05-28 13:33:05 - [TEST_STEP][PASSED] - click: Object: 'Object Repository/MOH AND GRN/Page_KDMC - CMS/a_12' is clicked on

2018-05-28 13:33:05 - [MESSAGE][PASSED] - Object: 'Object Repository/MOH AND GRN/Page_KDMC - CMS/a_12' is clicked on

2018-05-28 13:33:05 - [TEST_STEP][PASSED] - click: Object: 'Object Repository/MOH AND GRN/Page_KDMC - CMS/input_btnadd' is clicked on

2018-05-28 13:33:05 - [MESSAGE][PASSED] - Object: 'Object Repository/MOH AND GRN/Page_KDMC - CMS/input_btnadd' is clicked on

2018-05-28 13:33:05 - [TEST_STEP][PASSED] - Statement - If (s == 10): null

2018-05-28 13:33:05 - [TEST_STEP][PASSED] - Statement - Else: null

2018-05-28 13:33:05 - [TEST_STEP][PASSED] - Statement - (s++): null

2018-05-28 13:33:05 - [TEST_STEP][PASSED] - delay: Delayed 1 second(s)

2018-05-28 13:33:06 - [MESSAGE][PASSED] - Delayed 1 second(s)

2018-05-28 13:33:06 - [TEST_STEP][PASSED] - selectOptionByIndex: All options with index in [7] are selected on object 'Object Repository/MOH AND GRN/Page_KDMC - CMS/select_--Select--Amikacin -500'

2018-05-28 13:33:06 - [MESSAGE][PASSED] - All options with index in [7] are selected on object 'Object Repository/MOH AND GRN/Page_KDMC - CMS/select_--Select--Amikacin -500'

2018-05-28 13:33:06 - [TEST_STEP][PASSED] - setText: Text '5000' is set on object 'Object Repository/MOH AND GRN/Page_KDMC - CMS/input_txtqty'

2018-05-28 13:33:07 - [MESSAGE][PASSED] - Text '5000' is set on object 'Object Repository/MOH AND GRN/Page_KDMC - CMS/input_txtqty'

2018-05-28 13:33:07 - [TEST_STEP][PASSED] - selectOptionByIndex: All options with index in [1] are selected on object 'Object Repository/MOH AND GRN/Page_KDMC - CMS/select_--Select--No Tax0'

2018-05-28 13:33:07 - [MESSAGE][PASSED] - All options with index in [1] are selected on object 'Object Repository/MOH AND GRN/Page_KDMC - CMS/select_--Select--No Tax0'

2018-05-28 13:33:07 - [TEST_STEP][PASSED] - setText: Finding Test Object with id 'Object Repository/MOH AND GRN/Page_KDMC - CMS/input_txtmrp'

2018-05-28 13:33:07 - [TEST_STEP][PASSED] - Statement - switch (id): Finding Test Object with id 'Object Repository/MOH AND GRN/Page_KDMC - CMS/input_txtdeal'

2018-05-28 13:33:07 - [TEST_STEP][PASSED] - Statement - case 4:: Text '22.0' is set on object 'Object Repository/MOH AND GRN/Page_KDMC - CMS/input_txtmrp'

2018-05-28 13:33:07 - [TEST_STEP][PASSED] - Statement - return (java.lang.Math.floor((java.lang.Math.random() * ((max - min) + 1))) + min): Text '22.0' is set on object 'Object Repository/MOH AND GRN/Page_KDMC - CMS/input_txtmrp'

2018-05-28 13:33:07 - [MESSAGE][PASSED] - Text '22.0' is set on object 'Object Repository/MOH AND GRN/Page_KDMC - CMS/input_txtmrp'

2018-05-28 13:33:07 - [TEST_STEP][PASSED] - setText: Finding Test Object with id 'Object Repository/MOH AND GRN/Page_KDMC - CMS/input_txtdeal'

2018-05-28 13:33:07 - [TEST_STEP][PASSED] - Statement - switch (id): Finding Test Object with id 'Object Repository/MOH AND GRN/Page_KDMC - CMS/input_txtbatchno'

2018-05-28 13:33:07 - [TEST_STEP][PASSED] - Statement - case 5:: Text '6.0' is set on object 'Object Repository/MOH AND GRN/Page_KDMC - CMS/input_txtdeal'

2018-05-28 13:33:07 - [TEST_STEP][PASSED] - Statement - return (java.lang.Math.floor((java.lang.Math.random() * ((max - min) + 1))) + min): Text '6.0' is set on object 'Object Repository/MOH AND GRN/Page_KDMC - CMS/input_txtdeal'

2018-05-28 13:33:07 - [MESSAGE][PASSED] - Text '6.0' is set on object 'Object Repository/MOH AND GRN/Page_KDMC - CMS/input_txtdeal'

2018-05-28 13:33:07 - [TEST_STEP][PASSED] - setText: Finding Test Object with id 'Object Repository/MOH AND GRN/Page_KDMC - CMS/input_txtbatchno'

2018-05-28 13:33:07 - [TEST_STEP][PASSED] - Statement - switch (id): Finding Test Object with id 'Object Repository/MOH AND GRN/Page_KDMC - CMS/input_txtmrp'

2018-05-28 13:33:07 - [TEST_STEP][PASSED] - Statement - case 1:: Text 'BA455.0' is set on object 'Object Repository/MOH AND GRN/Page_KDMC - CMS/input_txtbatchno'

2018-05-28 13:33:07 - [TEST_STEP][PASSED] - Statement - return (java.lang.Math.floor((java.lang.Math.random() * ((max - min) + 1))) + min): Text 'BA455.0' is set on object 'Object Repository/MOH AND GRN/Page_KDMC - CMS/input_txtbatchno'

2018-05-28 13:33:07 - [MESSAGE][PASSED] - Text 'BA455.0' is set on object 'Object Repository/MOH AND GRN/Page_KDMC - CMS/input_txtbatchno'

2018-05-28 13:33:07 - [TEST_STEP][PASSED] - rightClick: Object: 'Object Repository/GRN/Page_KDMC - CMS/input_txtexpdate' is right clicked on

2018-05-28 13:33:07 - [MESSAGE][PASSED] - Object: 'Object Repository/GRN/Page_KDMC - CMS/input_txtexpdate' is right clicked on

2018-05-28 13:33:07 - [TEST_STEP][PASSED] - selectOptionByIndex: All options with index in [7] are selected on object 'Object Repository/GRN/Page_KDMC - CMS/select_20182019202020212022202'

2018-05-28 13:33:07 - [MESSAGE][PASSED] - All options with index in [7] are selected on object 'Object Repository/GRN/Page_KDMC - CMS/select_20182019202020212022202'

2018-05-28 13:33:07 - [TEST_STEP][PASSED] - selectOptionByIndex: All options with index in [7] are selected on object 'Object Repository/GRN/Page_KDMC - CMS/select_JanFebMarAprMayJunJulAu'

2018-05-28 13:33:07 - [MESSAGE][PASSED] - All options with index in [7] are selected on object 'Object Repository/GRN/Page_KDMC - CMS/select_JanFebMarAprMayJunJulAu'

2018-05-28 13:33:07 - [TEST_STEP][PASSED] - click: Object: 'Object Repository/MOH AND GRN/Page_KDMC - CMS/a_12' is clicked on

2018-05-28 13:33:07 - [MESSAGE][PASSED] - Object: 'Object Repository/MOH AND GRN/Page_KDMC - CMS/a_12' is clicked on

2018-05-28 13:33:07 - [TEST_STEP][PASSED] - click: Object: 'Object Repository/MOH AND GRN/Page_KDMC - CMS/input_btnadd' is clicked on

2018-05-28 13:33:08 - [MESSAGE][PASSED] - Object: 'Object Repository/MOH AND GRN/Page_KDMC - CMS/input_btnadd' is clicked on

2018-05-28 13:33:08 - [TEST_STEP][PASSED] - Statement - If (s == 10): null

2018-05-28 13:33:08 - [TEST_STEP][PASSED] - Statement - Else: null

2018-05-28 13:33:08 - [TEST_STEP][PASSED] - Statement - (s++): null

2018-05-28 13:33:08 - [TEST_STEP][PASSED] - delay: Delayed 1 second(s)

2018-05-28 13:33:09 - [MESSAGE][PASSED] - Delayed 1 second(s)

2018-05-28 13:33:09 - [TEST_STEP][PASSED] - selectOptionByIndex: All options with index in [8] are selected on object 'Object Repository/MOH AND GRN/Page_KDMC - CMS/select_--Select--Amikacin -500'

2018-05-28 13:33:09 - [MESSAGE][PASSED] - All options with index in [8] are selected on object 'Object Repository/MOH AND GRN/Page_KDMC - CMS/select_--Select--Amikacin -500'

2018-05-28 13:33:09 - [TEST_STEP][PASSED] - setText: Text '5000' is set on object 'Object Repository/MOH AND GRN/Page_KDMC - CMS/input_txtqty'

2018-05-28 13:33:09 - [MESSAGE][PASSED] - Text '5000' is set on object 'Object Repository/MOH AND GRN/Page_KDMC - CMS/input_txtqty'

2018-05-28 13:33:09 - [TEST_STEP][PASSED] - selectOptionByIndex: All options with index in [1] are selected on object 'Object Repository/MOH AND GRN/Page_KDMC - CMS/select_--Select--No Tax0'

2018-05-28 13:33:09 - [MESSAGE][PASSED] - All options with index in [1] are selected on object 'Object Repository/MOH AND GRN/Page_KDMC - CMS/select_--Select--No Tax0'

2018-05-28 13:33:09 - [TEST_STEP][PASSED] - setText: Finding Test Object with id 'Object Repository/MOH AND GRN/Page_KDMC - CMS/input_txtmrp'

2018-05-28 13:33:09 - [TEST_STEP][PASSED] - Statement - switch (id): Finding Test Object with id 'Object Repository/MOH AND GRN/Page_KDMC - CMS/input_txtdeal'

2018-05-28 13:33:09 - [TEST_STEP][PASSED] - Statement - case 4:: Text '17.0' is set on object 'Object Repository/MOH AND GRN/Page_KDMC - CMS/input_txtmrp'

2018-05-28 13:33:09 - [TEST_STEP][PASSED] - Statement - return (java.lang.Math.floor((java.lang.Math.random() * ((max - min) + 1))) + min): Text '17.0' is set on object 'Object Repository/MOH AND GRN/Page_KDMC - CMS/input_txtmrp'

2018-05-28 13:33:09 - [MESSAGE][PASSED] - Text '17.0' is set on object 'Object Repository/MOH AND GRN/Page_KDMC - CMS/input_txtmrp'

2018-05-28 13:33:09 - [TEST_STEP][PASSED] - setText: Finding Test Object with id 'Object Repository/MOH AND GRN/Page_KDMC - CMS/input_txtdeal'

2018-05-28 13:33:09 - [TEST_STEP][PASSED] - Statement - switch (id): Finding Test Object with id 'Object Repository/MOH AND GRN/Page_KDMC - CMS/input_txtbatchno'

2018-05-28 13:33:09 - [TEST_STEP][PASSED] - Statement - case 5:: Text '11.0' is set on object 'Object Repository/MOH AND GRN/Page_KDMC - CMS/input_txtdeal'

2018-05-28 13:33:09 - [TEST_STEP][PASSED] - Statement - return (java.lang.Math.floor((java.lang.Math.random() * ((max - min) + 1))) + min): Text '11.0' is set on object 'Object Repository/MOH AND GRN/Page_KDMC - CMS/input_txtdeal'

2018-05-28 13:33:09 - [MESSAGE][PASSED] - Text '11.0' is set on object 'Object Repository/MOH AND GRN/Page_KDMC - CMS/input_txtdeal'

2018-05-28 13:33:09 - [TEST_STEP][PASSED] - setText: Finding Test Object with id 'Object Repository/MOH AND GRN/Page_KDMC - CMS/input_txtbatchno'

2018-05-28 13:33:09 - [TEST_STEP][PASSED] - Statement - switch (id): Finding Test Object with id 'Object Repository/MOH AND GRN/Page_KDMC - CMS/input_txtmrp'

2018-05-28 13:33:09 - [TEST_STEP][PASSED] - Statement - case 1:: Text 'BA630.0' is set on object 'Object Repository/MOH AND GRN/Page_KDMC - CMS/input_txtbatchno'

2018-05-28 13:33:09 - [TEST_STEP][PASSED] - Statement - return (java.lang.Math.floor((java.lang.Math.random() * ((max - min) + 1))) + min): Text 'BA630.0' is set on object 'Object Repository/MOH AND GRN/Page_KDMC - CMS/input_txtbatchno'

2018-05-28 13:33:09 - [MESSAGE][PASSED] - Text 'BA630.0' is set on object 'Object Repository/MOH AND GRN/Page_KDMC - CMS/input_txtbatchno'

2018-05-28 13:33:09 - [TEST_STEP][PASSED] - rightClick: Object: 'Object Repository/GRN/Page_KDMC - CMS/input_txtexpdate' is right clicked on

2018-05-28 13:33:09 - [MESSAGE][PASSED] - Object: 'Object Repository/GRN/Page_KDMC - CMS/input_txtexpdate' is right clicked on

2018-05-28 13:33:09 - [TEST_STEP][PASSED] - selectOptionByIndex: All options with index in [8] are selected on object 'Object Repository/GRN/Page_KDMC - CMS/select_20182019202020212022202'

2018-05-28 13:33:10 - [MESSAGE][PASSED] - All options with index in [8] are selected on object 'Object Repository/GRN/Page_KDMC - CMS/select_20182019202020212022202'

2018-05-28 13:33:10 - [TEST_STEP][PASSED] - selectOptionByIndex: All options with index in [8] are selected on object 'Object Repository/GRN/Page_KDMC - CMS/select_JanFebMarAprMayJunJulAu'

2018-05-28 13:33:10 - [MESSAGE][PASSED] - All options with index in [8] are selected on object 'Object Repository/GRN/Page_KDMC - CMS/select_JanFebMarAprMayJunJulAu'

2018-05-28 13:33:10 - [TEST_STEP][PASSED] - click: Object: 'Object Repository/MOH AND GRN/Page_KDMC - CMS/a_12' is clicked on

2018-05-28 13:33:10 - [MESSAGE][PASSED] - Object: 'Object Repository/MOH AND GRN/Page_KDMC - CMS/a_12' is clicked on

2018-05-28 13:33:10 - [TEST_STEP][PASSED] - click: Object: 'Object Repository/MOH AND GRN/Page_KDMC - CMS/input_btnadd' is clicked on

2018-05-28 13:33:10 - [MESSAGE][PASSED] - Object: 'Object Repository/MOH AND GRN/Page_KDMC - CMS/input_btnadd' is clicked on

2018-05-28 13:33:10 - [TEST_STEP][PASSED] - Statement - If (s == 10): null

2018-05-28 13:33:10 - [TEST_STEP][PASSED] - Statement - Else: null

2018-05-28 13:33:10 - [TEST_STEP][PASSED] - Statement - (s++): null

2018-05-28 13:33:10 - [TEST_STEP][PASSED] - delay: Delayed 1 second(s)

2018-05-28 13:33:11 - [MESSAGE][PASSED] - Delayed 1 second(s)

2018-05-28 13:33:11 - [TEST_STEP][PASSED] - selectOptionByIndex: All options with index in [9] are selected on object 'Object Repository/MOH AND GRN/Page_KDMC - CMS/select_--Select--Amikacin -500'

2018-05-28 13:33:11 - [MESSAGE][PASSED] - All options with index in [9] are selected on object 'Object Repository/MOH AND GRN/Page_KDMC - CMS/select_--Select--Amikacin -500'

2018-05-28 13:33:11 - [TEST_STEP][PASSED] - setText: Text '5000' is set on object 'Object Repository/MOH AND GRN/Page_KDMC - CMS/input_txtqty'

2018-05-28 13:33:11 - [MESSAGE][PASSED] - Text '5000' is set on object 'Object Repository/MOH AND GRN/Page_KDMC - CMS/input_txtqty'

2018-05-28 13:33:11 - [TEST_STEP][PASSED] - selectOptionByIndex: All options with index in [1] are selected on object 'Object Repository/MOH AND GRN/Page_KDMC - CMS/select_--Select--No Tax0'

2018-05-28 13:33:12 - [MESSAGE][PASSED] - All options with index in [1] are selected on object 'Object Repository/MOH AND GRN/Page_KDMC - CMS/select_--Select--No Tax0'

2018-05-28 13:33:12 - [TEST_STEP][PASSED] - setText: Finding Test Object with id 'Object Repository/MOH AND GRN/Page_KDMC - CMS/input_txtmrp'

2018-05-28 13:33:12 - [TEST_STEP][PASSED] - Statement - switch (id): Finding Test Object with id 'Object Repository/MOH AND GRN/Page_KDMC - CMS/input_txtdeal'

2018-05-28 13:33:12 - [TEST_STEP][PASSED] - Statement - case 4:: Text '30.0' is set on object 'Object Repository/MOH AND GRN/Page_KDMC - CMS/input_txtmrp'

2018-05-28 13:33:12 - [TEST_STEP][PASSED] - Statement - return (java.lang.Math.floor((java.lang.Math.random() * ((max - min) + 1))) + min): Text '30.0' is set on object 'Object Repository/MOH AND GRN/Page_KDMC - CMS/input_txtmrp'

2018-05-28 13:33:12 - [MESSAGE][PASSED] - Text '30.0' is set on object 'Object Repository/MOH AND GRN/Page_KDMC - CMS/input_txtmrp'

2018-05-28 13:33:12 - [TEST_STEP][PASSED] - setText: Finding Test Object with id 'Object Repository/MOH AND GRN/Page_KDMC - CMS/input_txtdeal'

2018-05-28 13:33:12 - [TEST_STEP][PASSED] - Statement - switch (id): Finding Test Object with id 'Object Repository/MOH AND GRN/Page_KDMC - CMS/input_txtbatchno'

2018-05-28 13:33:12 - [TEST_STEP][PASSED] - Statement - case 5:: Text '11.0' is set on object 'Object Repository/MOH AND GRN/Page_KDMC - CMS/input_txtdeal'

2018-05-28 13:33:12 - [TEST_STEP][PASSED] - Statement - return (java.lang.Math.floor((java.lang.Math.random() * ((max - min) + 1))) + min): Text '11.0' is set on object 'Object Repository/MOH AND GRN/Page_KDMC - CMS/input_txtdeal'

2018-05-28 13:33:12 - [MESSAGE][PASSED] - Text '11.0' is set on object 'Object Repository/MOH AND GRN/Page_KDMC - CMS/input_txtdeal'

2018-05-28 13:33:12 - [TEST_STEP][PASSED] - setText: Finding Test Object with id 'Object Repository/MOH AND GRN/Page_KDMC - CMS/input_txtbatchno'

2018-05-28 13:33:12 - [TEST_STEP][PASSED] - Statement - switch (id): Finding Test Object with id 'Object Repository/MOH AND GRN/Page_KDMC - CMS/input_txtmrp'

2018-05-28 13:33:12 - [TEST_STEP][PASSED] - Statement - case 1:: Text 'BA739.0' is set on object 'Object Repository/MOH AND GRN/Page_KDMC - CMS/input_txtbatchno'

2018-05-28 13:33:12 - [TEST_STEP][PASSED] - Statement - return (java.lang.Math.floor((java.lang.Math.random() * ((max - min) + 1))) + min): Text 'BA739.0' is set on object 'Object Repository/MOH AND GRN/Page_KDMC - CMS/input_txtbatchno'

2018-05-28 13:33:12 - [MESSAGE][PASSED] - Text 'BA739.0' is set on object 'Object Repository/MOH AND GRN/Page_KDMC - CMS/input_txtbatchno'

2018-05-28 13:33:12 - [TEST_STEP][PASSED] - rightClick: Object: 'Object Repository/GRN/Page_KDMC - CMS/input_txtexpdate' is right clicked on

2018-05-28 13:33:12 - [MESSAGE][PASSED] - Object: 'Object Repository/GRN/Page_KDMC - CMS/input_txtexpdate' is right clicked on

2018-05-28 13:33:12 - [TEST_STEP][PASSED] - selectOptionByIndex: All options with index in [9] are selected on object 'Object Repository/GRN/Page_KDMC - CMS/select_20182019202020212022202'

2018-05-28 13:33:12 - [MESSAGE][PASSED] - All options with index in [9] are selected on object 'Object Repository/GRN/Page_KDMC - CMS/select_20182019202020212022202'

2018-05-28 13:33:12 - [TEST_STEP][PASSED] - selectOptionByIndex: All options with index in [9] are selected on object 'Object Repository/GRN/Page_KDMC - CMS/select_JanFebMarAprMayJunJulAu'

2018-05-28 13:33:12 - [MESSAGE][PASSED] - All options with index in [9] are selected on object 'Object Repository/GRN/Page_KDMC - CMS/select_JanFebMarAprMayJunJulAu'

2018-05-28 13:33:12 - [TEST_STEP][PASSED] - click: Object: 'Object Repository/MOH AND GRN/Page_KDMC - CMS/a_12' is clicked on

2018-05-28 13:33:12 - [MESSAGE][PASSED] - Object: 'Object Repository/MOH AND GRN/Page_KDMC - CMS/a_12' is clicked on

2018-05-28 13:33:12 - [TEST_STEP][PASSED] - click: Object: 'Object Repository/MOH AND GRN/Page_KDMC - CMS/input_btnadd' is clicked on

2018-05-28 13:33:13 - [MESSAGE][PASSED] - Object: 'Object Repository/MOH AND GRN/Page_KDMC - CMS/input_btnadd' is clicked on

2018-05-28 13:33:13 - [TEST_STEP][PASSED] - Statement - If (s == 10): null

2018-05-28 13:33:13 - [TEST_STEP][PASSED] - Statement - Else: null

2018-05-28 13:33:13 - [TEST_STEP][PASSED] - Statement - (s++): null

2018-05-28 13:33:13 - [TEST_STEP][PASSED] - delay: Delayed 1 second(s)

2018-05-28 13:33:14 - [MESSAGE][PASSED] - Delayed 1 second(s)

2018-05-28 13:33:14 - [TEST_STEP][PASSED] - selectOptionByIndex: All options with index in [10] are selected on object 'Object Repository/MOH AND GRN/Page_KDMC - CMS/select_--Select--Amikacin -500'

2018-05-28 13:33:14 - [MESSAGE][PASSED] - All options with index in [10] are selected on object 'Object Repository/MOH AND GRN/Page_KDMC - CMS/select_--Select--Amikacin -500'

2018-05-28 13:33:14 - [TEST_STEP][PASSED] - setText: Text '5000' is set on object 'Object Repository/MOH AND GRN/Page_KDMC - CMS/input_txtqty'

2018-05-28 13:33:14 - [MESSAGE][PASSED] - Text '5000' is set on object 'Object Repository/MOH AND GRN/Page_KDMC - CMS/input_txtqty'

2018-05-28 13:33:14 - [TEST_STEP][PASSED] - selectOptionByIndex: All options with index in [1] are selected on object 'Object Repository/MOH AND GRN/Page_KDMC - CMS/select_--Select--No Tax0'

2018-05-28 13:33:14 - [MESSAGE][PASSED] - All options with index in [1] are selected on object 'Object Repository/MOH AND GRN/Page_KDMC - CMS/select_--Select--No Tax0'

2018-05-28 13:33:14 - [TEST_STEP][PASSED] - setText: Finding Test Object with id 'Object Repository/MOH AND GRN/Page_KDMC - CMS/input_txtmrp'

2018-05-28 13:33:14 - [TEST_STEP][PASSED] - Statement - switch (id): Finding Test Object with id 'Object Repository/MOH AND GRN/Page_KDMC - CMS/input_txtdeal'

2018-05-28 13:33:14 - [TEST_STEP][PASSED] - Statement - case 4:: Text '24.0' is set on object 'Object Repository/MOH AND GRN/Page_KDMC - CMS/input_txtmrp'

2018-05-28 13:33:14 - [TEST_STEP][PASSED] - Statement - return (java.lang.Math.floor((java.lang.Math.random() * ((max - min) + 1))) + min): Text '24.0' is set on object 'Object Repository/MOH AND GRN/Page_KDMC - CMS/input_txtmrp'

2018-05-28 13:33:14 - [MESSAGE][PASSED] - Text '24.0' is set on object 'Object Repository/MOH AND GRN/Page_KDMC - CMS/input_txtmrp'

2018-05-28 13:33:14 - [TEST_STEP][PASSED] - setText: Finding Test Object with id 'Object Repository/MOH AND GRN/Page_KDMC - CMS/input_txtdeal'

2018-05-28 13:33:14 - [TEST_STEP][PASSED] - Statement - switch (id): Finding Test Object with id 'Object Repository/MOH AND GRN/Page_KDMC - CMS/input_txtbatchno'

2018-05-28 13:33:14 - [TEST_STEP][PASSED] - Statement - case 5:: Text '8.0' is set on object 'Object Repository/MOH AND GRN/Page_KDMC - CMS/input_txtdeal'

2018-05-28 13:33:14 - [TEST_STEP][PASSED] - Statement - return (java.lang.Math.floor((java.lang.Math.random() * ((max - min) + 1))) + min): Text '8.0' is set on object 'Object Repository/MOH AND GRN/Page_KDMC - CMS/input_txtdeal'

2018-05-28 13:33:14 - [MESSAGE][PASSED] - Text '8.0' is set on object 'Object Repository/MOH AND GRN/Page_KDMC - CMS/input_txtdeal'

2018-05-28 13:33:14 - [TEST_STEP][PASSED] - setText: Finding Test Object with id 'Object Repository/MOH AND GRN/Page_KDMC - CMS/input_txtbatchno'

2018-05-28 13:33:14 - [TEST_STEP][PASSED] - Statement - switch (id): Finding Test Object with id 'Object Repository/MOH AND GRN/Page_KDMC - CMS/input_txtmrp'

2018-05-28 13:33:14 - [TEST_STEP][PASSED] - Statement - case 1:: Text 'BA761.0' is set on object 'Object Repository/MOH AND GRN/Page_KDMC - CMS/input_txtbatchno'

2018-05-28 13:33:14 - [TEST_STEP][PASSED] - Statement - return (java.lang.Math.floor((java.lang.Math.random() * ((max - min) + 1))) + min): Text 'BA761.0' is set on object 'Object Repository/MOH AND GRN/Page_KDMC - CMS/input_txtbatchno'

2018-05-28 13:33:14 - [MESSAGE][PASSED] - Text 'BA761.0' is set on object 'Object Repository/MOH AND GRN/Page_KDMC - CMS/input_txtbatchno'

2018-05-28 13:33:14 - [TEST_STEP][PASSED] - rightClick: Object: 'Object Repository/GRN/Page_KDMC - CMS/input_txtexpdate' is right clicked on

2018-05-28 13:33:14 - [MESSAGE][PASSED] - Object: 'Object Repository/GRN/Page_KDMC - CMS/input_txtexpdate' is right clicked on

2018-05-28 13:33:14 - [TEST_STEP][PASSED] - selectOptionByIndex: All options with index in [10] are selected on object 'Object Repository/GRN/Page_KDMC - CMS/select_20182019202020212022202'

2018-05-28 13:33:15 - [MESSAGE][PASSED] - All options with index in [10] are selected on object 'Object Repository/GRN/Page_KDMC - CMS/select_20182019202020212022202'

2018-05-28 13:33:15 - [TEST_STEP][PASSED] - selectOptionByIndex: All options with index in [10] are selected on object 'Object Repository/GRN/Page_KDMC - CMS/select_JanFebMarAprMayJunJulAu'

2018-05-28 13:33:15 - [MESSAGE][PASSED] - All options with index in [10] are selected on object 'Object Repository/GRN/Page_KDMC - CMS/select_JanFebMarAprMayJunJulAu'

2018-05-28 13:33:15 - [TEST_STEP][PASSED] - click: Object: 'Object Repository/MOH AND GRN/Page_KDMC - CMS/a_12' is clicked on

2018-05-28 13:33:15 - [MESSAGE][PASSED] - Object: 'Object Repository/MOH AND GRN/Page_KDMC - CMS/a_12' is clicked on

2018-05-28 13:33:15 - [TEST_STEP][PASSED] - click: Object: 'Object Repository/MOH AND GRN/Page_KDMC - CMS/input_btnadd' is clicked on

2018-05-28 13:33:15 - [MESSAGE][PASSED] - Object: 'Object Repository/MOH AND GRN/Page_KDMC - CMS/input_btnadd' is clicked on

2018-05-28 13:33:15 - [TEST_STEP][PASSED] - Statement - If (s == 10): null

2018-05-28 13:33:15 - [TEST_STEP][PASSED] - Statement - s = 1: null

2018-05-28 13:33:15 - [TEST_STEP][PASSED] - delay: Delayed 1 second(s)

2018-05-28 13:33:16 - [MESSAGE][PASSED] - Delayed 1 second(s)

2018-05-28 13:33:16 - [TEST_STEP][PASSED] - selectOptionByIndex: All options with index in [11] are selected on object 'Object Repository/MOH AND GRN/Page_KDMC - CMS/select_--Select--Amikacin -500'

2018-05-28 13:33:16 - [MESSAGE][PASSED] - All options with index in [11] are selected on object 'Object Repository/MOH AND GRN/Page_KDMC - CMS/select_--Select--Amikacin -500'

2018-05-28 13:33:16 - [TEST_STEP][PASSED] - setText: Text '5000' is set on object 'Object Repository/MOH AND GRN/Page_KDMC - CMS/input_txtqty'

2018-05-28 13:33:16 - [MESSAGE][PASSED] - Text '5000' is set on object 'Object Repository/MOH AND GRN/Page_KDMC - CMS/input_txtqty'

2018-05-28 13:33:16 - [TEST_STEP][PASSED] - selectOptionByIndex: All options with index in [1] are selected on object 'Object Repository/MOH AND GRN/Page_KDMC - CMS/select_--Select--No Tax0'

2018-05-28 13:33:17 - [MESSAGE][PASSED] - All options with index in [1] are selected on object 'Object Repository/MOH AND GRN/Page_KDMC - CMS/select_--Select--No Tax0'

2018-05-28 13:33:17 - [TEST_STEP][PASSED] - setText: Finding Test Object with id 'Object Repository/MOH AND GRN/Page_KDMC - CMS/input_txtmrp'

2018-05-28 13:33:17 - [TEST_STEP][PASSED] - Statement - switch (id): Finding Test Object with id 'Object Repository/MOH AND GRN/Page_KDMC - CMS/input_txtdeal'

2018-05-28 13:33:17 - [TEST_STEP][PASSED] - Statement - case 4:: Text '35.0' is set on object 'Object Repository/MOH AND GRN/Page_KDMC - CMS/input_txtmrp'

2018-05-28 13:33:17 - [TEST_STEP][PASSED] - Statement - return (java.lang.Math.floor((java.lang.Math.random() * ((max - min) + 1))) + min): Text '35.0' is set on object 'Object Repository/MOH AND GRN/Page_KDMC - CMS/input_txtmrp'

2018-05-28 13:33:17 - [MESSAGE][PASSED] - Text '35.0' is set on object 'Object Repository/MOH AND GRN/Page_KDMC - CMS/input_txtmrp'

2018-05-28 13:33:17 - [TEST_STEP][PASSED] - setText: Finding Test Object with id 'Object Repository/MOH AND GRN/Page_KDMC - CMS/input_txtdeal'

2018-05-28 13:33:17 - [TEST_STEP][PASSED] - Statement - switch (id): Finding Test Object with id 'Object Repository/MOH AND GRN/Page_KDMC - CMS/input_txtbatchno'

2018-05-28 13:33:17 - [TEST_STEP][PASSED] - Statement - case 5:: Text '9.0' is set on object 'Object Repository/MOH AND GRN/Page_KDMC - CMS/input_txtdeal'

2018-05-28 13:33:17 - [TEST_STEP][PASSED] - Statement - return (java.lang.Math.floor((java.lang.Math.random() * ((max - min) + 1))) + min): Text '9.0' is set on object 'Object Repository/MOH AND GRN/Page_KDMC - CMS/input_txtdeal'

2018-05-28 13:33:17 - [MESSAGE][PASSED] - Text '9.0' is set on object 'Object Repository/MOH AND GRN/Page_KDMC - CMS/input_txtdeal'

2018-05-28 13:33:17 - [TEST_STEP][PASSED] - setText: Finding Test Object with id 'Object Repository/MOH AND GRN/Page_KDMC - CMS/input_txtbatchno'

2018-05-28 13:33:17 - [TEST_STEP][PASSED] - Statement - switch (id): Finding Test Object with id 'Object Repository/MOH AND GRN/Page_KDMC - CMS/input_txtmrp'

2018-05-28 13:33:17 - [TEST_STEP][PASSED] - Statement - case 1:: Text 'BA463.0' is set on object 'Object Repository/MOH AND GRN/Page_KDMC - CMS/input_txtbatchno'

2018-05-28 13:33:17 - [TEST_STEP][PASSED] - Statement - return (java.lang.Math.floor((java.lang.Math.random() * ((max - min) + 1))) + min): Text 'BA463.0' is set on object 'Object Repository/MOH AND GRN/Page_KDMC - CMS/input_txtbatchno'

2018-05-28 13:33:17 - [MESSAGE][PASSED] - Text 'BA463.0' is set on object 'Object Repository/MOH AND GRN/Page_KDMC - CMS/input_txtbatchno'

2018-05-28 13:33:17 - [TEST_STEP][PASSED] - rightClick: Object: 'Object Repository/GRN/Page_KDMC - CMS/input_txtexpdate' is right clicked on

2018-05-28 13:33:17 - [MESSAGE][PASSED] - Object: 'Object Repository/GRN/Page_KDMC - CMS/input_txtexpdate' is right clicked on

2018-05-28 13:33:17 - [TEST_STEP][PASSED] - selectOptionByIndex: All options with index in [1] are selected on object 'Object Repository/GRN/Page_KDMC - CMS/select_20182019202020212022202'

2018-05-28 13:33:17 - [MESSAGE][PASSED] - All options with index in [1] are selected on object 'Object Repository/GRN/Page_KDMC - CMS/select_20182019202020212022202'

2018-05-28 13:33:17 - [TEST_STEP][PASSED] - selectOptionByIndex: All options with index in [1] are selected on object 'Object Repository/GRN/Page_KDMC - CMS/select_JanFebMarAprMayJunJulAu'

2018-05-28 13:33:17 - [MESSAGE][PASSED] - All options with index in [1] are selected on object 'Object Repository/GRN/Page_KDMC - CMS/select_JanFebMarAprMayJunJulAu'

2018-05-28 13:33:17 - [TEST_STEP][PASSED] - click: Object: 'Object Repository/MOH AND GRN/Page_KDMC - CMS/a_12' is clicked on

2018-05-28 13:33:17 - [MESSAGE][PASSED] - Object: 'Object Repository/MOH AND GRN/Page_KDMC - CMS/a_12' is clicked on

2018-05-28 13:33:17 - [TEST_STEP][PASSED] - click: Object: 'Object Repository/MOH AND GRN/Page_KDMC - CMS/input_btnadd' is clicked on

2018-05-28 13:33:17 - [MESSAGE][PASSED] - Object: 'Object Repository/MOH AND GRN/Page_KDMC - CMS/input_btnadd' is clicked on

2018-05-28 13:33:17 - [TEST_STEP][PASSED] - Statement - If (s == 10): null

2018-05-28 13:33:17 - [TEST_STEP][PASSED] - Statement - Else: null

2018-05-28 13:33:17 - [TEST_STEP][PASSED] - Statement - (s++): null

2018-05-28 13:33:17 - [TEST_STEP][PASSED] - delay: Delayed 1 second(s)

2018-05-28 13:33:18 - [MESSAGE][PASSED] - Delayed 1 second(s)

2018-05-28 13:33:18 - [TEST_STEP][PASSED] - selectOptionByIndex: All options with index in [12] are selected on object 'Object Repository/MOH AND GRN/Page_KDMC - CMS/select_--Select--Amikacin -500'

2018-05-28 13:33:19 - [MESSAGE][PASSED] - All options with index in [12] are selected on object 'Object Repository/MOH AND GRN/Page_KDMC - CMS/select_--Select--Amikacin -500'

2018-05-28 13:33:19 - [TEST_STEP][PASSED] - setText: Text '5000' is set on object 'Object Repository/MOH AND GRN/Page_KDMC - CMS/input_txtqty'

2018-05-28 13:33:19 - [MESSAGE][PASSED] - Text '5000' is set on object 'Object Repository/MOH AND GRN/Page_KDMC - CMS/input_txtqty'

2018-05-28 13:33:19 - [TEST_STEP][PASSED] - selectOptionByIndex: All options with index in [1] are selected on object 'Object Repository/MOH AND GRN/Page_KDMC - CMS/select_--Select--No Tax0'

2018-05-28 13:33:19 - [MESSAGE][PASSED] - All options with index in [1] are selected on object 'Object Repository/MOH AND GRN/Page_KDMC - CMS/select_--Select--No Tax0'

2018-05-28 13:33:19 - [TEST_STEP][PASSED] - setText: Finding Test Object with id 'Object Repository/MOH AND GRN/Page_KDMC - CMS/input_txtmrp'

2018-05-28 13:33:19 - [TEST_STEP][PASSED] - Statement - switch (id): Finding Test Object with id 'Object Repository/MOH AND GRN/Page_KDMC - CMS/input_txtdeal'

2018-05-28 13:33:19 - [TEST_STEP][PASSED] - Statement - case 4:: Text '19.0' is set on object 'Object Repository/MOH AND GRN/Page_KDMC - CMS/input_txtmrp'

2018-05-28 13:33:19 - [TEST_STEP][PASSED] - Statement - return (java.lang.Math.floor((java.lang.Math.random() * ((max - min) + 1))) + min): Text '19.0' is set on object 'Object Repository/MOH AND GRN/Page_KDMC - CMS/input_txtmrp'

2018-05-28 13:33:19 - [MESSAGE][PASSED] - Text '19.0' is set on object 'Object Repository/MOH AND GRN/Page_KDMC - CMS/input_txtmrp'

2018-05-28 13:33:19 - [TEST_STEP][PASSED] - setText: Finding Test Object with id 'Object Repository/MOH AND GRN/Page_KDMC - CMS/input_txtdeal'

2018-05-28 13:33:19 - [TEST_STEP][PASSED] - Statement - switch (id): Finding Test Object with id 'Object Repository/MOH AND GRN/Page_KDMC - CMS/input_txtbatchno'

2018-05-28 13:33:19 - [TEST_STEP][PASSED] - Statement - case 5:: Text '3.0' is set on object 'Object Repository/MOH AND GRN/Page_KDMC - CMS/input_txtdeal'

2018-05-28 13:33:19 - [TEST_STEP][PASSED] - Statement - return (java.lang.Math.floor((java.lang.Math.random() * ((max - min) + 1))) + min): Text '3.0' is set on object 'Object Repository/MOH AND GRN/Page_KDMC - CMS/input_txtdeal'

2018-05-28 13:33:19 - [MESSAGE][PASSED] - Text '3.0' is set on object 'Object Repository/MOH AND GRN/Page_KDMC - CMS/input_txtdeal'

2018-05-28 13:33:19 - [TEST_STEP][PASSED] - setText: Finding Test Object with id 'Object Repository/MOH AND GRN/Page_KDMC - CMS/input_txtbatchno'

2018-05-28 13:33:19 - [TEST_STEP][PASSED] - Statement - switch (id): Finding Test Object with id 'Object Repository/MOH AND GRN/Page_KDMC - CMS/input_txtmrp'

2018-05-28 13:33:19 - [TEST_STEP][PASSED] - Statement - case 1:: Text 'BA426.0' is set on object 'Object Repository/MOH AND GRN/Page_KDMC - CMS/input_txtbatchno'

2018-05-28 13:33:19 - [TEST_STEP][PASSED] - Statement - return (java.lang.Math.floor((java.lang.Math.random() * ((max - min) + 1))) + min): Text 'BA426.0' is set on object 'Object Repository/MOH AND GRN/Page_KDMC - CMS/input_txtbatchno'

2018-05-28 13:33:19 - [MESSAGE][PASSED] - Text 'BA426.0' is set on object 'Object Repository/MOH AND GRN/Page_KDMC - CMS/input_txtbatchno'

2018-05-28 13:33:19 - [TEST_STEP][PASSED] - rightClick: Object: 'Object Repository/GRN/Page_KDMC - CMS/input_txtexpdate' is right clicked on

2018-05-28 13:33:19 - [MESSAGE][PASSED] - Object: 'Object Repository/GRN/Page_KDMC - CMS/input_txtexpdate' is right clicked on

2018-05-28 13:33:19 - [TEST_STEP][PASSED] - selectOptionByIndex: All options with index in [2] are selected on object 'Object Repository/GRN/Page_KDMC - CMS/select_20182019202020212022202'

2018-05-28 13:33:19 - [MESSAGE][PASSED] - All options with index in [2] are selected on object 'Object Repository/GRN/Page_KDMC - CMS/select_20182019202020212022202'

2018-05-28 13:33:19 - [TEST_STEP][PASSED] - selectOptionByIndex: All options with index in [2] are selected on object 'Object Repository/GRN/Page_KDMC - CMS/select_JanFebMarAprMayJunJulAu'

2018-05-28 13:33:20 - [MESSAGE][PASSED] - All options with index in [2] are selected on object 'Object Repository/GRN/Page_KDMC - CMS/select_JanFebMarAprMayJunJulAu'

2018-05-28 13:33:20 - [TEST_STEP][PASSED] - click: Object: 'Object Repository/MOH AND GRN/Page_KDMC - CMS/a_12' is clicked on

2018-05-28 13:33:20 - [MESSAGE][PASSED] - Object: 'Object Repository/MOH AND GRN/Page_KDMC - CMS/a_12' is clicked on

2018-05-28 13:33:20 - [TEST_STEP][PASSED] - click: Object: 'Object Repository/MOH AND GRN/Page_KDMC - CMS/input_btnadd' is clicked on

2018-05-28 13:33:20 - [MESSAGE][PASSED] - Object: 'Object Repository/MOH AND GRN/Page_KDMC - CMS/input_btnadd' is clicked on

2018-05-28 13:33:20 - [TEST_STEP][PASSED] - Statement - If (s == 10): null

2018-05-28 13:33:20 - [TEST_STEP][PASSED] - Statement - Else: null

2018-05-28 13:33:20 - [TEST_STEP][PASSED] - Statement - (s++): null

2018-05-28 13:33:20 - [TEST_STEP][PASSED] - delay: Delayed 1 second(s)

2018-05-28 13:33:21 - [MESSAGE][PASSED] - Delayed 1 second(s)

2018-05-28 13:33:21 - [TEST_STEP][PASSED] - selectOptionByIndex: All options with index in [13] are selected on object 'Object Repository/MOH AND GRN/Page_KDMC - CMS/select_--Select--Amikacin -500'

2018-05-28 13:33:21 - [MESSAGE][PASSED] - All options with index in [13] are selected on object 'Object Repository/MOH AND GRN/Page_KDMC - CMS/select_--Select--Amikacin -500'

2018-05-28 13:33:21 - [TEST_STEP][PASSED] - setText: Text '5000' is set on object 'Object Repository/MOH AND GRN/Page_KDMC - CMS/input_txtqty'

2018-05-28 13:33:21 - [MESSAGE][PASSED] - Text '5000' is set on object 'Object Repository/MOH AND GRN/Page_KDMC - CMS/input_txtqty'

2018-05-28 13:33:21 - [TEST_STEP][PASSED] - selectOptionByIndex: All options with index in [1] are selected on object 'Object Repository/MOH AND GRN/Page_KDMC - CMS/select_--Select--No Tax0'

2018-05-28 13:33:21 - [MESSAGE][PASSED] - All options with index in [1] are selected on object 'Object Repository/MOH AND GRN/Page_KDMC - CMS/select_--Select--No Tax0'

2018-05-28 13:33:21 - [TEST_STEP][PASSED] - setText: Finding Test Object with id 'Object Repository/MOH AND GRN/Page_KDMC - CMS/input_txtmrp'

2018-05-28 13:33:21 - [TEST_STEP][PASSED] - Statement - switch (id): Finding Test Object with id 'Object Repository/MOH AND GRN/Page_KDMC - CMS/input_txtdeal'

2018-05-28 13:33:21 - [TEST_STEP][PASSED] - Statement - case 4:: Text '25.0' is set on object 'Object Repository/MOH AND GRN/Page_KDMC - CMS/input_txtmrp'

2018-05-28 13:33:21 - [TEST_STEP][PASSED] - Statement - return (java.lang.Math.floor((java.lang.Math.random() * ((max - min) + 1))) + min): Text '25.0' is set on object 'Object Repository/MOH AND GRN/Page_KDMC - CMS/input_txtmrp'

2018-05-28 13:33:21 - [MESSAGE][PASSED] - Text '25.0' is set on object 'Object Repository/MOH AND GRN/Page_KDMC - CMS/input_txtmrp'

2018-05-28 13:33:21 - [TEST_STEP][PASSED] - setText: Finding Test Object with id 'Object Repository/MOH AND GRN/Page_KDMC - CMS/input_txtdeal'

2018-05-28 13:33:21 - [TEST_STEP][PASSED] - Statement - switch (id): Finding Test Object with id 'Object Repository/MOH AND GRN/Page_KDMC - CMS/input_txtbatchno'

2018-05-28 13:33:21 - [TEST_STEP][PASSED] - Statement - case 5:: Text '1.0' is set on object 'Object Repository/MOH AND GRN/Page_KDMC - CMS/input_txtdeal'

2018-05-28 13:33:21 - [TEST_STEP][PASSED] - Statement - return (java.lang.Math.floor((java.lang.Math.random() * ((max - min) + 1))) + min): Text '1.0' is set on object 'Object Repository/MOH AND GRN/Page_KDMC - CMS/input_txtdeal'

2018-05-28 13:33:22 - [MESSAGE][PASSED] - Text '1.0' is set on object 'Object Repository/MOH AND GRN/Page_KDMC - CMS/input_txtdeal'

2018-05-28 13:33:22 - [TEST_STEP][PASSED] - setText: Finding Test Object with id 'Object Repository/MOH AND GRN/Page_KDMC - CMS/input_txtbatchno'

2018-05-28 13:33:22 - [TEST_STEP][PASSED] - Statement - switch (id): Delayed 1 second(s)

2018-05-28 13:33:22 - [TEST_STEP][PASSED] - Statement - case 1:: Text 'BA712.0' is set on object 'Object Repository/MOH AND GRN/Page_KDMC - CMS/input_txtbatchno'

2018-05-28 13:33:22 - [TEST_STEP][PASSED] - Statement - return (java.lang.Math.floor((java.lang.Math.random() * ((max - min) + 1))) + min): Text 'BA712.0' is set on object 'Object Repository/MOH AND GRN/Page_KDMC - CMS/input_txtbatchno'

2018-05-28 13:33:22 - [MESSAGE][PASSED] - Text 'BA712.0' is set on object 'Object Repository/MOH AND GRN/Page_KDMC - CMS/input_txtbatchno'

2018-05-28 13:33:22 - [TEST_STEP][PASSED] - rightClick: Object: 'Object Repository/GRN/Page_KDMC - CMS/input_txtexpdate' is right clicked on

2018-05-28 13:33:22 - [MESSAGE][PASSED] - Object: 'Object Repository/GRN/Page_KDMC - CMS/input_txtexpdate' is right clicked on

2018-05-28 13:33:22 - [TEST_STEP][PASSED] - selectOptionByIndex: All options with index in [3] are selected on object 'Object Repository/GRN/Page_KDMC - CMS/select_20182019202020212022202'

2018-05-28 13:33:22 - [MESSAGE][PASSED] - All options with index in [3] are selected on object 'Object Repository/GRN/Page_KDMC - CMS/select_20182019202020212022202'

2018-05-28 13:33:22 - [TEST_STEP][PASSED] - selectOptionByIndex: All options with index in [3] are selected on object 'Object Repository/GRN/Page_KDMC - CMS/select_JanFebMarAprMayJunJulAu'

2018-05-28 13:33:22 - [MESSAGE][PASSED] - All options with index in [3] are selected on object 'Object Repository/GRN/Page_KDMC - CMS/select_JanFebMarAprMayJunJulAu'

2018-05-28 13:33:22 - [TEST_STEP][PASSED] - click: Object: 'Object Repository/MOH AND GRN/Page_KDMC - CMS/a_12' is clicked on

2018-05-28 13:33:22 - [MESSAGE][PASSED] - Object: 'Object Repository/MOH AND GRN/Page_KDMC - CMS/a_12' is clicked on

2018-05-28 13:33:22 - [TEST_STEP][PASSED] - click: Object: 'Object Repository/MOH AND GRN/Page_KDMC - CMS/input_btnadd' is clicked on

2018-05-28 13:33:22 - [MESSAGE][PASSED] - Object: 'Object Repository/MOH AND GRN/Page_KDMC - CMS/input_btnadd' is clicked on

2018-05-28 13:33:22 - [TEST_STEP][PASSED] - Statement - If (s == 10): null

2018-05-28 13:33:22 - [TEST_STEP][PASSED] - Statement - Else: null

2018-05-28 13:33:22 - [TEST_STEP][PASSED] - Statement - (s++): null

2018-05-28 13:33:22 - [TEST_STEP][PASSED] - delay: Delayed 1 second(s)

2018-05-28 13:33:23 - [MESSAGE][PASSED] - Delayed 1 second(s)

2018-05-28 13:33:23 - [TEST_STEP][PASSED] - scrollToElement: Scroll to object 'Object Repository/MOH AND GRN/Page_KDMC - CMS/input_btnSubmit' successfully

2018-05-28 13:33:23 - [MESSAGE][PASSED] - Scroll to object 'Object Repository/MOH AND GRN/Page_KDMC - CMS/input_btnSubmit' successfully

2018-05-28 13:33:23 - [TEST_STEP][PASSED] - click: Object: 'Object Repository/MOH AND GRN/Page_KDMC - CMS/input_btnSubmit' is clicked on

2018-05-28 13:33:23 - [MESSAGE][PASSED] - Object: 'Object Repository/MOH AND GRN/Page_KDMC - CMS/input_btnSubmit' is clicked on

2018-05-28 13:33:23 - [TEST_STEP][PASSED] - delay: Delayed 3 second(s)

2018-05-28 13:33:26 - [MESSAGE][PASSED] - Delayed 3 second(s)

2018-05-28 13:33:26 - [TEST_STEP][PASSED] - click: Object: 'Object Repository/MOH AND GRN/Page_KDMC - CMS/button_OK' is clicked on

2018-05-28 13:33:27 - [MESSAGE][PASSED] - Object: 'Object Repository/MOH AND GRN/Page_KDMC - CMS/button_OK' is clicked on

2018-05-28 13:33:27 - [TEST_STEP][PASSED] - delay: Delayed 2 second(s)

2018-05-28 13:33:29 - [MESSAGE][PASSED] - Delayed 2 second(s)

2018-05-28 13:33:29 - [TEST_STEP][PASSED] - delay: Delayed 3 second(s)

2018-05-28 13:33:32 - [MESSAGE][PASSED] - Delayed 3 second(s)

2018-05-28 13:33:32 - [TEST_STEP][PASSED] - click: Object: 'Object Repository/MOH AND GRN/Page_KDMC - CMS/a_dropdown-toggle' is clicked on

2018-05-28 13:33:32 - [MESSAGE][PASSED] - Object: 'Object Repository/MOH AND GRN/Page_KDMC - CMS/a_dropdown-toggle' is clicked on

2018-05-28 13:33:32 - [TEST_STEP][PASSED] - click: Object: 'Object Repository/MOH AND GRN/Page_KDMC - CMS/a_Sign out' is clicked on

2018-05-28 13:33:33 - [MESSAGE][PASSED] - Object: 'Object Repository/MOH AND GRN/Page_KDMC - CMS/a_Sign out' is clicked on

2018-05-28 13:33:33 - [TEST_STEP][PASSED] - closeBrowser: Browser is closed

2018-05-28 13:33:33 - [MESSAGE][PASSED] - Browser is closed]]></system-out>
         <system-err><![CDATA[]]></system-err>
      </testcase>
      <testcase name="Test Cases/TEST/MOH REQUEST AND GRN/Moh Request GRN  Schedule 7" classname="Test Cases/TEST/MOH REQUEST AND GRN/Moh Request GRN  Schedule 7" status="PASSED">
         <system-out><![CDATA[2018-05-28 13:33:33 - [TEST_CASE][PASSED] - Test Cases/TEST/MOH REQUEST AND GRN/Moh Request GRN  Schedule 7: Test Cases/TEST/MOH REQUEST AND GRN/Moh Request GRN  Schedule 7

2018-05-28 13:33:34 - [TEST_STEP][PASSED] - openBrowser: Browser is opened with url: ''

2018-05-28 13:33:36 - [MESSAGE][PASSED] - Browser is opened with url: ''

2018-05-28 13:33:36 - [TEST_STEP][PASSED] - navigateToUrl: Navigate to 'http://192.168.137.1/multihospital_new/' successfully

2018-05-28 13:33:40 - [MESSAGE][PASSED] - Navigate to 'http://192.168.137.1/multihospital_new/' successfully

2018-05-28 13:33:40 - [TEST_STEP][PASSED] - maximizeWindow: Current window maximized

2018-05-28 13:33:41 - [MESSAGE][PASSED] - Current window maximized

2018-05-28 13:33:41 - [TEST_STEP][PASSED] - click: Object: 'Object Repository/MOH AND GRN/Page_KDMC/a_CMS' is clicked on

2018-05-28 13:33:42 - [MESSAGE][PASSED] - Object: 'Object Repository/MOH AND GRN/Page_KDMC/a_CMS' is clicked on

2018-05-28 13:33:42 - [TEST_STEP][PASSED] - setText: Text 'bala' is set on object 'Object Repository/MOH AND GRN/Page_CMS login/input_txtusername'

2018-05-28 13:33:42 - [MESSAGE][PASSED] - Text 'bala' is set on object 'Object Repository/MOH AND GRN/Page_CMS login/input_txtusername'

2018-05-28 13:33:42 - [TEST_STEP][PASSED] - setText: Text '123' is set on object 'Object Repository/MOH AND GRN/Page_CMS login/input_txtpassword'

2018-05-28 13:33:42 - [MESSAGE][PASSED] - Text '123' is set on object 'Object Repository/MOH AND GRN/Page_CMS login/input_txtpassword'

2018-05-28 13:33:42 - [TEST_STEP][PASSED] - delay: Delayed 3 second(s)

2018-05-28 13:33:45 - [MESSAGE][PASSED] - Delayed 3 second(s)

2018-05-28 13:33:45 - [TEST_STEP][PASSED] - click: Object: 'Object Repository/MOH AND GRN/Page_CMS login/button_Sign in' is clicked on

2018-05-28 13:33:46 - [MESSAGE][PASSED] - Object: 'Object Repository/MOH AND GRN/Page_CMS login/button_Sign in' is clicked on

2018-05-28 13:33:46 - [TEST_STEP][PASSED] - click: Object: 'Object Repository/MOH AND GRN/Page_KDMC - CMS/a_Request to MOH' is clicked on

2018-05-28 13:33:47 - [MESSAGE][PASSED] - Object: 'Object Repository/MOH AND GRN/Page_KDMC - CMS/a_Request to MOH' is clicked on

2018-05-28 13:33:47 - [TEST_STEP][PASSED] - selectOptionByIndex: All options with index in [2] are selected on object 'Object Repository/MOH AND GRN/Page_KDMC - CMS/select_--Select--'

2018-05-28 13:33:47 - [MESSAGE][PASSED] - All options with index in [2] are selected on object 'Object Repository/MOH AND GRN/Page_KDMC - CMS/select_--Select--'

2018-05-28 13:33:47 - [TEST_STEP][PASSED] - selectOptionByIndex: All options with index in [7] are selected on object 'Object Repository/MOH AND GRN/Page_KDMC - CMS/select_--Select--Schedule 1Inj'

2018-05-28 13:33:47 - [MESSAGE][PASSED] - All options with index in [7] are selected on object 'Object Repository/MOH AND GRN/Page_KDMC - CMS/select_--Select--Schedule 1Inj'

2018-05-28 13:33:47 - [TEST_STEP][PASSED] - Statement - selectedoptions = com.kms.katalon.core.webui.keyword.WebUiBuiltInKeywords.getNumberOfTotalOption(com.kms.katalon.core.testobject.ObjectRepository.findTestObject(MOH AND GRN/Page_KDMC - CMS/select_--Select--Adernaline 0.)): 24 options of object 'Object Repository/MOH AND GRN/Page_KDMC - CMS/select_--Select--Adernaline 0.' counted

2018-05-28 13:33:47 - [MESSAGE][PASSED] - 24 options of object 'Object Repository/MOH AND GRN/Page_KDMC - CMS/select_--Select--Adernaline 0.' counted

2018-05-28 13:33:47 - [TEST_STEP][PASSED] - Statement - For ([j = 1, j <= selectedoptions - 1, (j++)]): Object: 'Object Repository/MOH AND GRN/Page_KDMC - CMS/button_Add' is clicked on

2018-05-28 13:33:47 - [TEST_STEP][PASSED] - selectOptionByIndex: All options with index in [7] are selected on object 'Object Repository/MOH AND GRN/Page_KDMC - CMS/select_--Select--Schedule 1Inj'

2018-05-28 13:33:48 - [MESSAGE][PASSED] - All options with index in [7] are selected on object 'Object Repository/MOH AND GRN/Page_KDMC - CMS/select_--Select--Schedule 1Inj'

2018-05-28 13:33:48 - [TEST_STEP][PASSED] - selectOptionByIndex: All options with index in [1] are selected on object 'Object Repository/MOH AND GRN/Page_KDMC - CMS/select_--Select--Adernaline 0.'

2018-05-28 13:33:48 - [MESSAGE][PASSED] - All options with index in [1] are selected on object 'Object Repository/MOH AND GRN/Page_KDMC - CMS/select_--Select--Adernaline 0.'

2018-05-28 13:33:48 - [TEST_STEP][PASSED] - setText: Text '5000' is set on object 'Object Repository/MOH AND GRN/Page_KDMC - CMS/input_txttreat'

2018-05-28 13:33:48 - [MESSAGE][PASSED] - Text '5000' is set on object 'Object Repository/MOH AND GRN/Page_KDMC - CMS/input_txttreat'

2018-05-28 13:33:48 - [TEST_STEP][PASSED] - click: Object: 'Object Repository/MOH AND GRN/Page_KDMC - CMS/button_Add' is clicked on

2018-05-28 13:33:48 - [MESSAGE][PASSED] - Object: 'Object Repository/MOH AND GRN/Page_KDMC - CMS/button_Add' is clicked on

2018-05-28 13:33:48 - [TEST_STEP][PASSED] - selectOptionByIndex: All options with index in [7] are selected on object 'Object Repository/MOH AND GRN/Page_KDMC - CMS/select_--Select--Schedule 1Inj'

2018-05-28 13:33:48 - [MESSAGE][PASSED] - All options with index in [7] are selected on object 'Object Repository/MOH AND GRN/Page_KDMC - CMS/select_--Select--Schedule 1Inj'

2018-05-28 13:33:48 - [TEST_STEP][PASSED] - selectOptionByIndex: All options with index in [2] are selected on object 'Object Repository/MOH AND GRN/Page_KDMC - CMS/select_--Select--Adernaline 0.'

2018-05-28 13:33:48 - [MESSAGE][PASSED] - All options with index in [2] are selected on object 'Object Repository/MOH AND GRN/Page_KDMC - CMS/select_--Select--Adernaline 0.'

2018-05-28 13:33:48 - [TEST_STEP][PASSED] - setText: Text '5000' is set on object 'Object Repository/MOH AND GRN/Page_KDMC - CMS/input_txttreat'

2018-05-28 13:33:48 - [MESSAGE][PASSED] - Text '5000' is set on object 'Object Repository/MOH AND GRN/Page_KDMC - CMS/input_txttreat'

2018-05-28 13:33:48 - [TEST_STEP][PASSED] - click: Object: 'Object Repository/MOH AND GRN/Page_KDMC - CMS/button_Add' is clicked on

2018-05-28 13:33:48 - [MESSAGE][PASSED] - Object: 'Object Repository/MOH AND GRN/Page_KDMC - CMS/button_Add' is clicked on

2018-05-28 13:33:48 - [TEST_STEP][PASSED] - selectOptionByIndex: All options with index in [7] are selected on object 'Object Repository/MOH AND GRN/Page_KDMC - CMS/select_--Select--Schedule 1Inj'

2018-05-28 13:33:48 - [MESSAGE][PASSED] - All options with index in [7] are selected on object 'Object Repository/MOH AND GRN/Page_KDMC - CMS/select_--Select--Schedule 1Inj'

2018-05-28 13:33:48 - [TEST_STEP][PASSED] - selectOptionByIndex: All options with index in [3] are selected on object 'Object Repository/MOH AND GRN/Page_KDMC - CMS/select_--Select--Adernaline 0.'

2018-05-28 13:33:49 - [MESSAGE][PASSED] - All options with index in [3] are selected on object 'Object Repository/MOH AND GRN/Page_KDMC - CMS/select_--Select--Adernaline 0.'

2018-05-28 13:33:49 - [TEST_STEP][PASSED] - setText: Text '5000' is set on object 'Object Repository/MOH AND GRN/Page_KDMC - CMS/input_txttreat'

2018-05-28 13:33:49 - [MESSAGE][PASSED] - Text '5000' is set on object 'Object Repository/MOH AND GRN/Page_KDMC - CMS/input_txttreat'

2018-05-28 13:33:49 - [TEST_STEP][PASSED] - click: Object: 'Object Repository/MOH AND GRN/Page_KDMC - CMS/button_Add' is clicked on

2018-05-28 13:33:49 - [MESSAGE][PASSED] - Object: 'Object Repository/MOH AND GRN/Page_KDMC - CMS/button_Add' is clicked on

2018-05-28 13:33:49 - [TEST_STEP][PASSED] - selectOptionByIndex: All options with index in [7] are selected on object 'Object Repository/MOH AND GRN/Page_KDMC - CMS/select_--Select--Schedule 1Inj'

2018-05-28 13:33:49 - [MESSAGE][PASSED] - All options with index in [7] are selected on object 'Object Repository/MOH AND GRN/Page_KDMC - CMS/select_--Select--Schedule 1Inj'

2018-05-28 13:33:49 - [TEST_STEP][PASSED] - selectOptionByIndex: All options with index in [4] are selected on object 'Object Repository/MOH AND GRN/Page_KDMC - CMS/select_--Select--Adernaline 0.'

2018-05-28 13:33:49 - [MESSAGE][PASSED] - All options with index in [4] are selected on object 'Object Repository/MOH AND GRN/Page_KDMC - CMS/select_--Select--Adernaline 0.'

2018-05-28 13:33:49 - [TEST_STEP][PASSED] - setText: Text '5000' is set on object 'Object Repository/MOH AND GRN/Page_KDMC - CMS/input_txttreat'

2018-05-28 13:33:49 - [MESSAGE][PASSED] - Text '5000' is set on object 'Object Repository/MOH AND GRN/Page_KDMC - CMS/input_txttreat'

2018-05-28 13:33:49 - [TEST_STEP][PASSED] - click: Object: 'Object Repository/MOH AND GRN/Page_KDMC - CMS/button_Add' is clicked on

2018-05-28 13:33:49 - [MESSAGE][PASSED] - Object: 'Object Repository/MOH AND GRN/Page_KDMC - CMS/button_Add' is clicked on

2018-05-28 13:33:49 - [TEST_STEP][PASSED] - selectOptionByIndex: All options with index in [7] are selected on object 'Object Repository/MOH AND GRN/Page_KDMC - CMS/select_--Select--Schedule 1Inj'

2018-05-28 13:33:49 - [MESSAGE][PASSED] - All options with index in [7] are selected on object 'Object Repository/MOH AND GRN/Page_KDMC - CMS/select_--Select--Schedule 1Inj'

2018-05-28 13:33:49 - [TEST_STEP][PASSED] - selectOptionByIndex: All options with index in [5] are selected on object 'Object Repository/MOH AND GRN/Page_KDMC - CMS/select_--Select--Adernaline 0.'

2018-05-28 13:33:50 - [MESSAGE][PASSED] - All options with index in [5] are selected on object 'Object Repository/MOH AND GRN/Page_KDMC - CMS/select_--Select--Adernaline 0.'

2018-05-28 13:33:50 - [TEST_STEP][PASSED] - setText: Text '5000' is set on object 'Object Repository/MOH AND GRN/Page_KDMC - CMS/input_txttreat'

2018-05-28 13:33:50 - [MESSAGE][PASSED] - Text '5000' is set on object 'Object Repository/MOH AND GRN/Page_KDMC - CMS/input_txttreat'

2018-05-28 13:33:50 - [TEST_STEP][PASSED] - click: Object: 'Object Repository/MOH AND GRN/Page_KDMC - CMS/button_Add' is clicked on

2018-05-28 13:33:50 - [MESSAGE][PASSED] - Object: 'Object Repository/MOH AND GRN/Page_KDMC - CMS/button_Add' is clicked on

2018-05-28 13:33:50 - [TEST_STEP][PASSED] - selectOptionByIndex: All options with index in [7] are selected on object 'Object Repository/MOH AND GRN/Page_KDMC - CMS/select_--Select--Schedule 1Inj'

2018-05-28 13:33:50 - [MESSAGE][PASSED] - All options with index in [7] are selected on object 'Object Repository/MOH AND GRN/Page_KDMC - CMS/select_--Select--Schedule 1Inj'

2018-05-28 13:33:50 - [TEST_STEP][PASSED] - selectOptionByIndex: All options with index in [6] are selected on object 'Object Repository/MOH AND GRN/Page_KDMC - CMS/select_--Select--Adernaline 0.'

2018-05-28 13:33:50 - [MESSAGE][PASSED] - All options with index in [6] are selected on object 'Object Repository/MOH AND GRN/Page_KDMC - CMS/select_--Select--Adernaline 0.'

2018-05-28 13:33:50 - [TEST_STEP][PASSED] - setText: Text '5000' is set on object 'Object Repository/MOH AND GRN/Page_KDMC - CMS/input_txttreat'

2018-05-28 13:33:50 - [MESSAGE][PASSED] - Text '5000' is set on object 'Object Repository/MOH AND GRN/Page_KDMC - CMS/input_txttreat'

2018-05-28 13:33:50 - [TEST_STEP][PASSED] - click: Object: 'Object Repository/MOH AND GRN/Page_KDMC - CMS/button_Add' is clicked on

2018-05-28 13:33:50 - [MESSAGE][PASSED] - Object: 'Object Repository/MOH AND GRN/Page_KDMC - CMS/button_Add' is clicked on

2018-05-28 13:33:50 - [TEST_STEP][PASSED] - selectOptionByIndex: All options with index in [7] are selected on object 'Object Repository/MOH AND GRN/Page_KDMC - CMS/select_--Select--Schedule 1Inj'

2018-05-28 13:33:50 - [MESSAGE][PASSED] - All options with index in [7] are selected on object 'Object Repository/MOH AND GRN/Page_KDMC - CMS/select_--Select--Schedule 1Inj'

2018-05-28 13:33:50 - [TEST_STEP][PASSED] - selectOptionByIndex: All options with index in [7] are selected on object 'Object Repository/MOH AND GRN/Page_KDMC - CMS/select_--Select--Adernaline 0.'

2018-05-28 13:33:50 - [MESSAGE][PASSED] - All options with index in [7] are selected on object 'Object Repository/MOH AND GRN/Page_KDMC - CMS/select_--Select--Adernaline 0.'

2018-05-28 13:33:50 - [TEST_STEP][PASSED] - setText: Text '5000' is set on object 'Object Repository/MOH AND GRN/Page_KDMC - CMS/input_txttreat'

2018-05-28 13:33:51 - [MESSAGE][PASSED] - Text '5000' is set on object 'Object Repository/MOH AND GRN/Page_KDMC - CMS/input_txttreat'

2018-05-28 13:33:51 - [TEST_STEP][PASSED] - click: Object: 'Object Repository/MOH AND GRN/Page_KDMC - CMS/button_Add' is clicked on

2018-05-28 13:33:51 - [MESSAGE][PASSED] - Object: 'Object Repository/MOH AND GRN/Page_KDMC - CMS/button_Add' is clicked on

2018-05-28 13:33:51 - [TEST_STEP][PASSED] - selectOptionByIndex: All options with index in [7] are selected on object 'Object Repository/MOH AND GRN/Page_KDMC - CMS/select_--Select--Schedule 1Inj'

2018-05-28 13:33:51 - [MESSAGE][PASSED] - All options with index in [7] are selected on object 'Object Repository/MOH AND GRN/Page_KDMC - CMS/select_--Select--Schedule 1Inj'

2018-05-28 13:33:51 - [TEST_STEP][PASSED] - selectOptionByIndex: All options with index in [8] are selected on object 'Object Repository/MOH AND GRN/Page_KDMC - CMS/select_--Select--Adernaline 0.'

2018-05-28 13:33:51 - [MESSAGE][PASSED] - All options with index in [8] are selected on object 'Object Repository/MOH AND GRN/Page_KDMC - CMS/select_--Select--Adernaline 0.'

2018-05-28 13:33:51 - [TEST_STEP][PASSED] - setText: Text '5000' is set on object 'Object Repository/MOH AND GRN/Page_KDMC - CMS/input_txttreat'

2018-05-28 13:33:51 - [MESSAGE][PASSED] - Text '5000' is set on object 'Object Repository/MOH AND GRN/Page_KDMC - CMS/input_txttreat'

2018-05-28 13:33:51 - [TEST_STEP][PASSED] - click: Object: 'Object Repository/MOH AND GRN/Page_KDMC - CMS/button_Add' is clicked on

2018-05-28 13:33:51 - [MESSAGE][PASSED] - Object: 'Object Repository/MOH AND GRN/Page_KDMC - CMS/button_Add' is clicked on

2018-05-28 13:33:51 - [TEST_STEP][PASSED] - selectOptionByIndex: All options with index in [7] are selected on object 'Object Repository/MOH AND GRN/Page_KDMC - CMS/select_--Select--Schedule 1Inj'

2018-05-28 13:33:51 - [MESSAGE][PASSED] - All options with index in [7] are selected on object 'Object Repository/MOH AND GRN/Page_KDMC - CMS/select_--Select--Schedule 1Inj'

2018-05-28 13:33:51 - [TEST_STEP][PASSED] - selectOptionByIndex: All options with index in [9] are selected on object 'Object Repository/MOH AND GRN/Page_KDMC - CMS/select_--Select--Adernaline 0.'

2018-05-28 13:33:51 - [MESSAGE][PASSED] - All options with index in [9] are selected on object 'Object Repository/MOH AND GRN/Page_KDMC - CMS/select_--Select--Adernaline 0.'

2018-05-28 13:33:51 - [TEST_STEP][PASSED] - setText: Text '5000' is set on object 'Object Repository/MOH AND GRN/Page_KDMC - CMS/input_txttreat'

2018-05-28 13:33:52 - [MESSAGE][PASSED] - Text '5000' is set on object 'Object Repository/MOH AND GRN/Page_KDMC - CMS/input_txttreat'

2018-05-28 13:33:52 - [TEST_STEP][PASSED] - click: Object: 'Object Repository/MOH AND GRN/Page_KDMC - CMS/button_Add' is clicked on

2018-05-28 13:33:52 - [MESSAGE][PASSED] - Object: 'Object Repository/MOH AND GRN/Page_KDMC - CMS/button_Add' is clicked on

2018-05-28 13:33:52 - [TEST_STEP][PASSED] - selectOptionByIndex: All options with index in [7] are selected on object 'Object Repository/MOH AND GRN/Page_KDMC - CMS/select_--Select--Schedule 1Inj'

2018-05-28 13:33:52 - [MESSAGE][PASSED] - All options with index in [7] are selected on object 'Object Repository/MOH AND GRN/Page_KDMC - CMS/select_--Select--Schedule 1Inj'

2018-05-28 13:33:52 - [TEST_STEP][PASSED] - selectOptionByIndex: All options with index in [10] are selected on object 'Object Repository/MOH AND GRN/Page_KDMC - CMS/select_--Select--Adernaline 0.'

2018-05-28 13:33:52 - [MESSAGE][PASSED] - All options with index in [10] are selected on object 'Object Repository/MOH AND GRN/Page_KDMC - CMS/select_--Select--Adernaline 0.'

2018-05-28 13:33:52 - [TEST_STEP][PASSED] - setText: Text '5000' is set on object 'Object Repository/MOH AND GRN/Page_KDMC - CMS/input_txttreat'

2018-05-28 13:33:52 - [MESSAGE][PASSED] - Text '5000' is set on object 'Object Repository/MOH AND GRN/Page_KDMC - CMS/input_txttreat'

2018-05-28 13:33:52 - [TEST_STEP][PASSED] - click: Object: 'Object Repository/MOH AND GRN/Page_KDMC - CMS/button_Add' is clicked on

2018-05-28 13:33:52 - [MESSAGE][PASSED] - Object: 'Object Repository/MOH AND GRN/Page_KDMC - CMS/button_Add' is clicked on

2018-05-28 13:33:52 - [TEST_STEP][PASSED] - selectOptionByIndex: All options with index in [7] are selected on object 'Object Repository/MOH AND GRN/Page_KDMC - CMS/select_--Select--Schedule 1Inj'

2018-05-28 13:33:52 - [MESSAGE][PASSED] - All options with index in [7] are selected on object 'Object Repository/MOH AND GRN/Page_KDMC - CMS/select_--Select--Schedule 1Inj'

2018-05-28 13:33:52 - [TEST_STEP][PASSED] - selectOptionByIndex: All options with index in [11] are selected on object 'Object Repository/MOH AND GRN/Page_KDMC - CMS/select_--Select--Adernaline 0.'

2018-05-28 13:33:53 - [MESSAGE][PASSED] - All options with index in [11] are selected on object 'Object Repository/MOH AND GRN/Page_KDMC - CMS/select_--Select--Adernaline 0.'

2018-05-28 13:33:53 - [TEST_STEP][PASSED] - setText: Text '5000' is set on object 'Object Repository/MOH AND GRN/Page_KDMC - CMS/input_txttreat'

2018-05-28 13:33:53 - [MESSAGE][PASSED] - Text '5000' is set on object 'Object Repository/MOH AND GRN/Page_KDMC - CMS/input_txttreat'

2018-05-28 13:33:53 - [TEST_STEP][PASSED] - click: Object: 'Object Repository/MOH AND GRN/Page_KDMC - CMS/button_Add' is clicked on

2018-05-28 13:33:53 - [MESSAGE][PASSED] - Object: 'Object Repository/MOH AND GRN/Page_KDMC - CMS/button_Add' is clicked on

2018-05-28 13:33:53 - [TEST_STEP][PASSED] - selectOptionByIndex: All options with index in [7] are selected on object 'Object Repository/MOH AND GRN/Page_KDMC - CMS/select_--Select--Schedule 1Inj'

2018-05-28 13:33:53 - [MESSAGE][PASSED] - All options with index in [7] are selected on object 'Object Repository/MOH AND GRN/Page_KDMC - CMS/select_--Select--Schedule 1Inj'

2018-05-28 13:33:53 - [TEST_STEP][PASSED] - selectOptionByIndex: All options with index in [12] are selected on object 'Object Repository/MOH AND GRN/Page_KDMC - CMS/select_--Select--Adernaline 0.'

2018-05-28 13:33:53 - [MESSAGE][PASSED] - All options with index in [12] are selected on object 'Object Repository/MOH AND GRN/Page_KDMC - CMS/select_--Select--Adernaline 0.'

2018-05-28 13:33:53 - [TEST_STEP][PASSED] - setText: Text '5000' is set on object 'Object Repository/MOH AND GRN/Page_KDMC - CMS/input_txttreat'

2018-05-28 13:33:53 - [MESSAGE][PASSED] - Text '5000' is set on object 'Object Repository/MOH AND GRN/Page_KDMC - CMS/input_txttreat'

2018-05-28 13:33:53 - [TEST_STEP][PASSED] - click: Object: 'Object Repository/MOH AND GRN/Page_KDMC - CMS/button_Add' is clicked on

2018-05-28 13:33:53 - [MESSAGE][PASSED] - Object: 'Object Repository/MOH AND GRN/Page_KDMC - CMS/button_Add' is clicked on

2018-05-28 13:33:53 - [TEST_STEP][PASSED] - selectOptionByIndex: All options with index in [7] are selected on object 'Object Repository/MOH AND GRN/Page_KDMC - CMS/select_--Select--Schedule 1Inj'

2018-05-28 13:33:53 - [MESSAGE][PASSED] - All options with index in [7] are selected on object 'Object Repository/MOH AND GRN/Page_KDMC - CMS/select_--Select--Schedule 1Inj'

2018-05-28 13:33:53 - [TEST_STEP][PASSED] - selectOptionByIndex: All options with index in [13] are selected on object 'Object Repository/MOH AND GRN/Page_KDMC - CMS/select_--Select--Adernaline 0.'

2018-05-28 13:33:54 - [MESSAGE][PASSED] - All options with index in [13] are selected on object 'Object Repository/MOH AND GRN/Page_KDMC - CMS/select_--Select--Adernaline 0.'

2018-05-28 13:33:54 - [TEST_STEP][PASSED] - setText: Text '5000' is set on object 'Object Repository/MOH AND GRN/Page_KDMC - CMS/input_txttreat'

2018-05-28 13:33:54 - [MESSAGE][PASSED] - Text '5000' is set on object 'Object Repository/MOH AND GRN/Page_KDMC - CMS/input_txttreat'

2018-05-28 13:33:54 - [TEST_STEP][PASSED] - click: Object: 'Object Repository/MOH AND GRN/Page_KDMC - CMS/button_Add' is clicked on

2018-05-28 13:33:54 - [MESSAGE][PASSED] - Object: 'Object Repository/MOH AND GRN/Page_KDMC - CMS/button_Add' is clicked on

2018-05-28 13:33:54 - [TEST_STEP][PASSED] - selectOptionByIndex: All options with index in [7] are selected on object 'Object Repository/MOH AND GRN/Page_KDMC - CMS/select_--Select--Schedule 1Inj'

2018-05-28 13:33:54 - [MESSAGE][PASSED] - All options with index in [7] are selected on object 'Object Repository/MOH AND GRN/Page_KDMC - CMS/select_--Select--Schedule 1Inj'

2018-05-28 13:33:54 - [TEST_STEP][PASSED] - selectOptionByIndex: All options with index in [14] are selected on object 'Object Repository/MOH AND GRN/Page_KDMC - CMS/select_--Select--Adernaline 0.'

2018-05-28 13:33:54 - [MESSAGE][PASSED] - All options with index in [14] are selected on object 'Object Repository/MOH AND GRN/Page_KDMC - CMS/select_--Select--Adernaline 0.'

2018-05-28 13:33:54 - [TEST_STEP][PASSED] - setText: Text '5000' is set on object 'Object Repository/MOH AND GRN/Page_KDMC - CMS/input_txttreat'

2018-05-28 13:33:54 - [MESSAGE][PASSED] - Text '5000' is set on object 'Object Repository/MOH AND GRN/Page_KDMC - CMS/input_txttreat'

2018-05-28 13:33:54 - [TEST_STEP][PASSED] - click: Object: 'Object Repository/MOH AND GRN/Page_KDMC - CMS/button_Add' is clicked on

2018-05-28 13:33:54 - [MESSAGE][PASSED] - Object: 'Object Repository/MOH AND GRN/Page_KDMC - CMS/button_Add' is clicked on

2018-05-28 13:33:54 - [TEST_STEP][PASSED] - selectOptionByIndex: All options with index in [7] are selected on object 'Object Repository/MOH AND GRN/Page_KDMC - CMS/select_--Select--Schedule 1Inj'

2018-05-28 13:33:55 - [MESSAGE][PASSED] - All options with index in [7] are selected on object 'Object Repository/MOH AND GRN/Page_KDMC - CMS/select_--Select--Schedule 1Inj'

2018-05-28 13:33:55 - [TEST_STEP][PASSED] - selectOptionByIndex: All options with index in [15] are selected on object 'Object Repository/MOH AND GRN/Page_KDMC - CMS/select_--Select--Adernaline 0.'

2018-05-28 13:33:55 - [MESSAGE][PASSED] - All options with index in [15] are selected on object 'Object Repository/MOH AND GRN/Page_KDMC - CMS/select_--Select--Adernaline 0.'

2018-05-28 13:33:55 - [TEST_STEP][PASSED] - setText: Text '5000' is set on object 'Object Repository/MOH AND GRN/Page_KDMC - CMS/input_txttreat'

2018-05-28 13:33:55 - [MESSAGE][PASSED] - Text '5000' is set on object 'Object Repository/MOH AND GRN/Page_KDMC - CMS/input_txttreat'

2018-05-28 13:33:55 - [TEST_STEP][PASSED] - click: Object: 'Object Repository/MOH AND GRN/Page_KDMC - CMS/button_Add' is clicked on

2018-05-28 13:33:55 - [MESSAGE][PASSED] - Object: 'Object Repository/MOH AND GRN/Page_KDMC - CMS/button_Add' is clicked on

2018-05-28 13:33:55 - [TEST_STEP][PASSED] - selectOptionByIndex: All options with index in [7] are selected on object 'Object Repository/MOH AND GRN/Page_KDMC - CMS/select_--Select--Schedule 1Inj'

2018-05-28 13:33:55 - [MESSAGE][PASSED] - All options with index in [7] are selected on object 'Object Repository/MOH AND GRN/Page_KDMC - CMS/select_--Select--Schedule 1Inj'

2018-05-28 13:33:55 - [TEST_STEP][PASSED] - selectOptionByIndex: All options with index in [16] are selected on object 'Object Repository/MOH AND GRN/Page_KDMC - CMS/select_--Select--Adernaline 0.'

2018-05-28 13:33:56 - [MESSAGE][PASSED] - All options with index in [16] are selected on object 'Object Repository/MOH AND GRN/Page_KDMC - CMS/select_--Select--Adernaline 0.'

2018-05-28 13:33:56 - [TEST_STEP][PASSED] - setText: Text '5000' is set on object 'Object Repository/MOH AND GRN/Page_KDMC - CMS/input_txttreat'

2018-05-28 13:33:56 - [MESSAGE][PASSED] - Text '5000' is set on object 'Object Repository/MOH AND GRN/Page_KDMC - CMS/input_txttreat'

2018-05-28 13:33:56 - [TEST_STEP][PASSED] - click: Object: 'Object Repository/MOH AND GRN/Page_KDMC - CMS/button_Add' is clicked on

2018-05-28 13:33:56 - [MESSAGE][PASSED] - Object: 'Object Repository/MOH AND GRN/Page_KDMC - CMS/button_Add' is clicked on

2018-05-28 13:33:56 - [TEST_STEP][PASSED] - selectOptionByIndex: All options with index in [7] are selected on object 'Object Repository/MOH AND GRN/Page_KDMC - CMS/select_--Select--Schedule 1Inj'

2018-05-28 13:33:56 - [MESSAGE][PASSED] - All options with index in [7] are selected on object 'Object Repository/MOH AND GRN/Page_KDMC - CMS/select_--Select--Schedule 1Inj'

2018-05-28 13:33:56 - [TEST_STEP][PASSED] - selectOptionByIndex: All options with index in [17] are selected on object 'Object Repository/MOH AND GRN/Page_KDMC - CMS/select_--Select--Adernaline 0.'

2018-05-28 13:33:56 - [MESSAGE][PASSED] - All options with index in [17] are selected on object 'Object Repository/MOH AND GRN/Page_KDMC - CMS/select_--Select--Adernaline 0.'

2018-05-28 13:33:56 - [TEST_STEP][PASSED] - setText: Text '5000' is set on object 'Object Repository/MOH AND GRN/Page_KDMC - CMS/input_txttreat'

2018-05-28 13:33:56 - [MESSAGE][PASSED] - Text '5000' is set on object 'Object Repository/MOH AND GRN/Page_KDMC - CMS/input_txttreat'

2018-05-28 13:33:56 - [TEST_STEP][PASSED] - click: Object: 'Object Repository/MOH AND GRN/Page_KDMC - CMS/button_Add' is clicked on

2018-05-28 13:33:56 - [MESSAGE][PASSED] - Object: 'Object Repository/MOH AND GRN/Page_KDMC - CMS/button_Add' is clicked on

2018-05-28 13:33:56 - [TEST_STEP][PASSED] - selectOptionByIndex: All options with index in [7] are selected on object 'Object Repository/MOH AND GRN/Page_KDMC - CMS/select_--Select--Schedule 1Inj'

2018-05-28 13:33:57 - [MESSAGE][PASSED] - All options with index in [7] are selected on object 'Object Repository/MOH AND GRN/Page_KDMC - CMS/select_--Select--Schedule 1Inj'

2018-05-28 13:33:57 - [TEST_STEP][PASSED] - selectOptionByIndex: All options with index in [18] are selected on object 'Object Repository/MOH AND GRN/Page_KDMC - CMS/select_--Select--Adernaline 0.'

2018-05-28 13:33:57 - [MESSAGE][PASSED] - All options with index in [18] are selected on object 'Object Repository/MOH AND GRN/Page_KDMC - CMS/select_--Select--Adernaline 0.'

2018-05-28 13:33:57 - [TEST_STEP][PASSED] - setText: Text '5000' is set on object 'Object Repository/MOH AND GRN/Page_KDMC - CMS/input_txttreat'

2018-05-28 13:33:57 - [MESSAGE][PASSED] - Text '5000' is set on object 'Object Repository/MOH AND GRN/Page_KDMC - CMS/input_txttreat'

2018-05-28 13:33:57 - [TEST_STEP][PASSED] - click: Object: 'Object Repository/MOH AND GRN/Page_KDMC - CMS/button_Add' is clicked on

2018-05-28 13:33:57 - [MESSAGE][PASSED] - Object: 'Object Repository/MOH AND GRN/Page_KDMC - CMS/button_Add' is clicked on

2018-05-28 13:33:57 - [TEST_STEP][PASSED] - selectOptionByIndex: All options with index in [7] are selected on object 'Object Repository/MOH AND GRN/Page_KDMC - CMS/select_--Select--Schedule 1Inj'

2018-05-28 13:33:57 - [MESSAGE][PASSED] - All options with index in [7] are selected on object 'Object Repository/MOH AND GRN/Page_KDMC - CMS/select_--Select--Schedule 1Inj'

2018-05-28 13:33:57 - [TEST_STEP][PASSED] - selectOptionByIndex: All options with index in [19] are selected on object 'Object Repository/MOH AND GRN/Page_KDMC - CMS/select_--Select--Adernaline 0.'

2018-05-28 13:33:57 - [MESSAGE][PASSED] - All options with index in [19] are selected on object 'Object Repository/MOH AND GRN/Page_KDMC - CMS/select_--Select--Adernaline 0.'

2018-05-28 13:33:57 - [TEST_STEP][PASSED] - setText: Text '5000' is set on object 'Object Repository/MOH AND GRN/Page_KDMC - CMS/input_txttreat'

2018-05-28 13:33:58 - [MESSAGE][PASSED] - Text '5000' is set on object 'Object Repository/MOH AND GRN/Page_KDMC - CMS/input_txttreat'

2018-05-28 13:33:58 - [TEST_STEP][PASSED] - click: Object: 'Object Repository/MOH AND GRN/Page_KDMC - CMS/button_Add' is clicked on

2018-05-28 13:33:58 - [MESSAGE][PASSED] - Object: 'Object Repository/MOH AND GRN/Page_KDMC - CMS/button_Add' is clicked on

2018-05-28 13:33:58 - [TEST_STEP][PASSED] - selectOptionByIndex: All options with index in [7] are selected on object 'Object Repository/MOH AND GRN/Page_KDMC - CMS/select_--Select--Schedule 1Inj'

2018-05-28 13:33:58 - [MESSAGE][PASSED] - All options with index in [7] are selected on object 'Object Repository/MOH AND GRN/Page_KDMC - CMS/select_--Select--Schedule 1Inj'

2018-05-28 13:33:58 - [TEST_STEP][PASSED] - selectOptionByIndex: All options with index in [20] are selected on object 'Object Repository/MOH AND GRN/Page_KDMC - CMS/select_--Select--Adernaline 0.'

2018-05-28 13:33:58 - [MESSAGE][PASSED] - All options with index in [20] are selected on object 'Object Repository/MOH AND GRN/Page_KDMC - CMS/select_--Select--Adernaline 0.'

2018-05-28 13:33:58 - [TEST_STEP][PASSED] - setText: Text '5000' is set on object 'Object Repository/MOH AND GRN/Page_KDMC - CMS/input_txttreat'

2018-05-28 13:33:58 - [MESSAGE][PASSED] - Text '5000' is set on object 'Object Repository/MOH AND GRN/Page_KDMC - CMS/input_txttreat'

2018-05-28 13:33:58 - [TEST_STEP][PASSED] - click: Object: 'Object Repository/MOH AND GRN/Page_KDMC - CMS/button_Add' is clicked on

2018-05-28 13:33:58 - [MESSAGE][PASSED] - Object: 'Object Repository/MOH AND GRN/Page_KDMC - CMS/button_Add' is clicked on

2018-05-28 13:33:58 - [TEST_STEP][PASSED] - selectOptionByIndex: All options with index in [7] are selected on object 'Object Repository/MOH AND GRN/Page_KDMC - CMS/select_--Select--Schedule 1Inj'

2018-05-28 13:33:58 - [MESSAGE][PASSED] - All options with index in [7] are selected on object 'Object Repository/MOH AND GRN/Page_KDMC - CMS/select_--Select--Schedule 1Inj'

2018-05-28 13:33:58 - [TEST_STEP][PASSED] - selectOptionByIndex: All options with index in [21] are selected on object 'Object Repository/MOH AND GRN/Page_KDMC - CMS/select_--Select--Adernaline 0.'

2018-05-28 13:33:59 - [MESSAGE][PASSED] - All options with index in [21] are selected on object 'Object Repository/MOH AND GRN/Page_KDMC - CMS/select_--Select--Adernaline 0.'

2018-05-28 13:33:59 - [TEST_STEP][PASSED] - setText: Text '5000' is set on object 'Object Repository/MOH AND GRN/Page_KDMC - CMS/input_txttreat'

2018-05-28 13:33:59 - [MESSAGE][PASSED] - Text '5000' is set on object 'Object Repository/MOH AND GRN/Page_KDMC - CMS/input_txttreat'

2018-05-28 13:33:59 - [TEST_STEP][PASSED] - click: Object: 'Object Repository/MOH AND GRN/Page_KDMC - CMS/button_Add' is clicked on

2018-05-28 13:33:59 - [MESSAGE][PASSED] - Object: 'Object Repository/MOH AND GRN/Page_KDMC - CMS/button_Add' is clicked on

2018-05-28 13:33:59 - [TEST_STEP][PASSED] - selectOptionByIndex: All options with index in [7] are selected on object 'Object Repository/MOH AND GRN/Page_KDMC - CMS/select_--Select--Schedule 1Inj'

2018-05-28 13:33:59 - [MESSAGE][PASSED] - All options with index in [7] are selected on object 'Object Repository/MOH AND GRN/Page_KDMC - CMS/select_--Select--Schedule 1Inj'

2018-05-28 13:33:59 - [TEST_STEP][PASSED] - selectOptionByIndex: All options with index in [22] are selected on object 'Object Repository/MOH AND GRN/Page_KDMC - CMS/select_--Select--Adernaline 0.'

2018-05-28 13:33:59 - [MESSAGE][PASSED] - All options with index in [22] are selected on object 'Object Repository/MOH AND GRN/Page_KDMC - CMS/select_--Select--Adernaline 0.'

2018-05-28 13:33:59 - [TEST_STEP][PASSED] - setText: Text '5000' is set on object 'Object Repository/MOH AND GRN/Page_KDMC - CMS/input_txttreat'

2018-05-28 13:33:59 - [MESSAGE][PASSED] - Text '5000' is set on object 'Object Repository/MOH AND GRN/Page_KDMC - CMS/input_txttreat'

2018-05-28 13:33:59 - [TEST_STEP][PASSED] - click: Object: 'Object Repository/MOH AND GRN/Page_KDMC - CMS/button_Add' is clicked on

2018-05-28 13:34:00 - [MESSAGE][PASSED] - Object: 'Object Repository/MOH AND GRN/Page_KDMC - CMS/button_Add' is clicked on

2018-05-28 13:34:00 - [TEST_STEP][PASSED] - selectOptionByIndex: All options with index in [7] are selected on object 'Object Repository/MOH AND GRN/Page_KDMC - CMS/select_--Select--Schedule 1Inj'

2018-05-28 13:34:00 - [MESSAGE][PASSED] - All options with index in [7] are selected on object 'Object Repository/MOH AND GRN/Page_KDMC - CMS/select_--Select--Schedule 1Inj'

2018-05-28 13:34:00 - [TEST_STEP][PASSED] - selectOptionByIndex: All options with index in [23] are selected on object 'Object Repository/MOH AND GRN/Page_KDMC - CMS/select_--Select--Adernaline 0.'

2018-05-28 13:34:00 - [MESSAGE][PASSED] - All options with index in [23] are selected on object 'Object Repository/MOH AND GRN/Page_KDMC - CMS/select_--Select--Adernaline 0.'

2018-05-28 13:34:00 - [TEST_STEP][PASSED] - setText: Text '5000' is set on object 'Object Repository/MOH AND GRN/Page_KDMC - CMS/input_txttreat'

2018-05-28 13:34:00 - [MESSAGE][PASSED] - Text '5000' is set on object 'Object Repository/MOH AND GRN/Page_KDMC - CMS/input_txttreat'

2018-05-28 13:34:00 - [TEST_STEP][PASSED] - click: Object: 'Object Repository/MOH AND GRN/Page_KDMC - CMS/button_Add' is clicked on

2018-05-28 13:34:00 - [MESSAGE][PASSED] - Object: 'Object Repository/MOH AND GRN/Page_KDMC - CMS/button_Add' is clicked on

2018-05-28 13:34:00 - [TEST_STEP][PASSED] - scrollToElement: Scroll to object 'Object Repository/MOH AND GRN/Page_KDMC - CMS/input_btnsave' successfully

2018-05-28 13:34:00 - [MESSAGE][PASSED] - Scroll to object 'Object Repository/MOH AND GRN/Page_KDMC - CMS/input_btnsave' successfully

2018-05-28 13:34:00 - [TEST_STEP][PASSED] - click: Object: 'Object Repository/MOH AND GRN/Page_KDMC - CMS/input_btnsave' is clicked on

2018-05-28 13:34:00 - [MESSAGE][PASSED] - Object: 'Object Repository/MOH AND GRN/Page_KDMC - CMS/input_btnsave' is clicked on

2018-05-28 13:34:00 - [TEST_STEP][PASSED] - delay: Delayed 3 second(s)

2018-05-28 13:34:03 - [MESSAGE][PASSED] - Delayed 3 second(s)

2018-05-28 13:34:03 - [TEST_STEP][PASSED] - Statement - Request1 = com.kms.katalon.core.webui.keyword.WebUiBuiltInKeywords.getText(com.kms.katalon.core.testobject.ObjectRepository.findTestObject(MOH AND GRN/Page_KDMC - CMS/font_PRNO0505201876)): Text of object 'Object Repository/MOH AND GRN/Page_KDMC - CMS/font_PRNO0505201876' is: 'PRNO/28052018/310'

2018-05-28 13:34:03 - [MESSAGE][PASSED] - Text of object 'Object Repository/MOH AND GRN/Page_KDMC - CMS/font_PRNO0505201876' is: 'PRNO/28052018/310'

2018-05-28 13:34:03 - [TEST_STEP][PASSED] - Statement - out.println("Length OF The Medicine " + Request1): null

2018-05-28 13:34:03 - [TEST_STEP][PASSED] - Statement - RequestNUmber = Request1.split("/")[2].trim(): null

2018-05-28 13:34:03 - [TEST_STEP][PASSED] - Statement - out.println("ID IS " + RequestNUmber): null

2018-05-28 13:34:03 - [TEST_STEP][PASSED] - delay: Delayed 3 second(s)

2018-05-28 13:34:06 - [MESSAGE][PASSED] - Delayed 3 second(s)

2018-05-28 13:34:06 - [TEST_STEP][PASSED] - click: Object: 'Object Repository/MOH AND GRN/Page_KDMC - CMS/button_OK' is clicked on

2018-05-28 13:34:07 - [MESSAGE][PASSED] - Object: 'Object Repository/MOH AND GRN/Page_KDMC - CMS/button_OK' is clicked on

2018-05-28 13:34:07 - [TEST_STEP][PASSED] - click: Object: 'Object Repository/MOH AND GRN/Page_KDMC - CMS/a_dropdown-toggle' is clicked on

2018-05-28 13:34:09 - [MESSAGE][PASSED] - Object: 'Object Repository/MOH AND GRN/Page_KDMC - CMS/a_dropdown-toggle' is clicked on

2018-05-28 13:34:09 - [TEST_STEP][PASSED] - click: Object: 'Object Repository/MOH AND GRN/Page_KDMC - CMS/a_Sign out' is clicked on

2018-05-28 13:34:09 - [MESSAGE][PASSED] - Object: 'Object Repository/MOH AND GRN/Page_KDMC - CMS/a_Sign out' is clicked on

2018-05-28 13:34:09 - [TEST_STEP][PASSED] - delay: Delayed 4 second(s)

2018-05-28 13:34:13 - [MESSAGE][PASSED] - Delayed 4 second(s)

2018-05-28 13:34:13 - [TEST_STEP][PASSED] - click: Object: 'Object Repository/MOH AND GRN/Page_KDMC/a_Admin Master' is clicked on

2018-05-28 13:34:14 - [MESSAGE][PASSED] - Object: 'Object Repository/MOH AND GRN/Page_KDMC/a_Admin Master' is clicked on

2018-05-28 13:34:14 - [TEST_STEP][PASSED] - setText: Text 'admin' is set on object 'Object Repository/MOH AND GRN/Page_Admin login/input_txtusername'

2018-05-28 13:34:14 - [MESSAGE][PASSED] - Text 'admin' is set on object 'Object Repository/MOH AND GRN/Page_Admin login/input_txtusername'

2018-05-28 13:34:14 - [TEST_STEP][PASSED] - setText: Text 'admin123' is set on object 'Object Repository/MOH AND GRN/Page_Admin login/input_txtpassword'

2018-05-28 13:34:15 - [MESSAGE][PASSED] - Text 'admin123' is set on object 'Object Repository/MOH AND GRN/Page_Admin login/input_txtpassword'

2018-05-28 13:34:15 - [TEST_STEP][PASSED] - delay: Delayed 3 second(s)

2018-05-28 13:34:18 - [MESSAGE][PASSED] - Delayed 3 second(s)

2018-05-28 13:34:18 - [TEST_STEP][PASSED] - click: Object: 'Object Repository/MOH AND GRN/Page_Admin login/button_Sign in' is clicked on

2018-05-28 13:34:19 - [MESSAGE][PASSED] - Object: 'Object Repository/MOH AND GRN/Page_Admin login/button_Sign in' is clicked on

2018-05-28 13:34:19 - [TEST_STEP][PASSED] - delay: Delayed 20 second(s)

2018-05-28 13:34:39 - [MESSAGE][PASSED] - Delayed 20 second(s)

2018-05-28 13:34:39 - [TEST_STEP][PASSED] - scrollToPosition: Browser is scrolled to position x = 200, y = 200

2018-05-28 13:34:39 - [MESSAGE][PASSED] - Browser is scrolled to position x = 200, y = 200

2018-05-28 13:34:39 - [TEST_STEP][PASSED] - click: Object: 'Object Repository/MOH AND GRN/Page_KDMC/a_CMS_1' is clicked on

2018-05-28 13:34:39 - [MESSAGE][PASSED] - Object: 'Object Repository/MOH AND GRN/Page_KDMC/a_CMS_1' is clicked on

2018-05-28 13:34:39 - [TEST_STEP][PASSED] - click: Object: 'Object Repository/MOH AND GRN/Page_KDMC/a_Request List' is clicked on

2018-05-28 13:34:40 - [MESSAGE][PASSED] - Object: 'Object Repository/MOH AND GRN/Page_KDMC/a_Request List' is clicked on

2018-05-28 13:34:40 - [TEST_STEP][PASSED] - Statement - RequestNumberId = com.kms.katalon.core.webui.keyword.WebUiBuiltInKeywords.modifyObjectProperty(com.kms.katalon.core.testobject.ObjectRepository.findTestObject(MOH AND GRN/Page_KDMC - CMS/input_PO0032), "xpath", "equals", "//*[@id =" + RequestNUmber + "]", true): Modify property of object successfully

2018-05-28 13:34:40 - [MESSAGE][PASSED] - Modify property of object successfully

2018-05-28 13:34:40 - [TEST_STEP][PASSED] - click: Object: 'Object Repository/MOH AND GRN/Page_KDMC - CMS/input_PO0032' is clicked on

2018-05-28 13:34:40 - [MESSAGE][PASSED] - Object: 'Object Repository/MOH AND GRN/Page_KDMC - CMS/input_PO0032' is clicked on

2018-05-28 13:34:40 - [TEST_STEP][PASSED] - delay: Delayed 3 second(s)

2018-05-28 13:34:43 - [MESSAGE][PASSED] - Delayed 3 second(s)

2018-05-28 13:34:43 - [TEST_STEP][PASSED] - selectOptionByIndex: All options with index in [1] are selected on object 'Object Repository/MOH AND GRN/Page_KDMC/select_--Select--'

2018-05-28 13:34:43 - [MESSAGE][PASSED] - All options with index in [1] are selected on object 'Object Repository/MOH AND GRN/Page_KDMC/select_--Select--'

2018-05-28 13:34:43 - [TEST_STEP][PASSED] - click: Object: 'Object Repository/MOH AND GRN/Page_KDMC/input_btnupdate' is clicked on

2018-05-28 13:34:43 - [MESSAGE][PASSED] - Object: 'Object Repository/MOH AND GRN/Page_KDMC/input_btnupdate' is clicked on

2018-05-28 13:34:43 - [TEST_STEP][PASSED] - delay: Delayed 3 second(s)

2018-05-28 13:34:46 - [MESSAGE][PASSED] - Delayed 3 second(s)

2018-05-28 13:34:46 - [TEST_STEP][PASSED] - click: Object: 'Object Repository/MOH AND GRN/Page_KDMC/button_OK' is clicked on

2018-05-28 13:34:48 - [MESSAGE][PASSED] - Object: 'Object Repository/MOH AND GRN/Page_KDMC/button_OK' is clicked on

2018-05-28 13:34:48 - [TEST_STEP][PASSED] - delay: Delayed 3 second(s)

2018-05-28 13:34:51 - [MESSAGE][PASSED] - Delayed 3 second(s)

2018-05-28 13:34:51 - [TEST_STEP][PASSED] - scrollToPosition: Browser is scrolled to position x = 200, y = 200

2018-05-28 13:34:51 - [MESSAGE][PASSED] - Browser is scrolled to position x = 200, y = 200

2018-05-28 13:34:51 - [TEST_STEP][PASSED] - click: Object: 'Object Repository/MOH AND GRN/Page_KDMC/a_CMS_2' is clicked on

2018-05-28 13:34:51 - [MESSAGE][PASSED] - Object: 'Object Repository/MOH AND GRN/Page_KDMC/a_CMS_2' is clicked on

2018-05-28 13:34:51 - [TEST_STEP][PASSED] - delay: Delayed 2 second(s)

2018-05-28 13:34:53 - [MESSAGE][PASSED] - Delayed 2 second(s)

2018-05-28 13:34:53 - [TEST_STEP][PASSED] - click: Object: 'Object Repository/MOH AND GRN/Page_KDMC/a_Generate P.O' is clicked on

2018-05-28 13:34:54 - [MESSAGE][PASSED] - Object: 'Object Repository/MOH AND GRN/Page_KDMC/a_Generate P.O' is clicked on

2018-05-28 13:34:54 - [TEST_STEP][PASSED] - delay: Delayed 2 second(s)

2018-05-28 13:34:56 - [MESSAGE][PASSED] - Delayed 2 second(s)

2018-05-28 13:34:56 - [TEST_STEP][PASSED] - selectOptionByIndex: All options with index in [1] are selected on object 'Object Repository/MOH AND GRN/Page_KDMC/select_--Select--PRNO040520183'

2018-05-28 13:34:56 - [MESSAGE][PASSED] - All options with index in [1] are selected on object 'Object Repository/MOH AND GRN/Page_KDMC/select_--Select--PRNO040520183'

2018-05-28 13:34:56 - [TEST_STEP][PASSED] - selectOptionByIndex: All options with index in [7] are selected on object 'Object Repository/MOH AND GRN/Page_KDMC/select_--Select--Hamen Chandra'

2018-05-28 13:34:56 - [MESSAGE][PASSED] - All options with index in [7] are selected on object 'Object Repository/MOH AND GRN/Page_KDMC/select_--Select--Hamen Chandra'

2018-05-28 13:34:56 - [TEST_STEP][PASSED] - Statement - PONumber = com.kms.katalon.core.webui.keyword.WebUiBuiltInKeywords.getText(com.kms.katalon.core.testobject.ObjectRepository.findTestObject(MOH AND GRN/Page_KDMC/input_lblpono)).trim(): Text of object 'Object Repository/MOH AND GRN/Page_KDMC/input_lblpono' is: ''

2018-05-28 13:34:56 - [MESSAGE][PASSED] - Text of object 'Object Repository/MOH AND GRN/Page_KDMC/input_lblpono' is: ''

2018-05-28 13:34:56 - [TEST_STEP][PASSED] - Statement - PONumber1 = com.kms.katalon.core.webui.keyword.WebUiBuiltInKeywords.getAttribute(com.kms.katalon.core.testobject.ObjectRepository.findTestObject(MOH AND GRN/Page_KDMC/input_lblpono), "value").trim(): Attribute 'value' of object 'Object Repository/MOH AND GRN/Page_KDMC/input_lblpono' is: 'PO00162'

2018-05-28 13:34:56 - [MESSAGE][PASSED] - Attribute 'value' of object 'Object Repository/MOH AND GRN/Page_KDMC/input_lblpono' is: 'PO00162'

2018-05-28 13:34:56 - [TEST_STEP][PASSED] - Statement - out.println("PO NUMBER :" + PONumber): null

2018-05-28 13:34:56 - [TEST_STEP][PASSED] - Statement - out.println("PO NUMBER :" + PONumber1): null

2018-05-28 13:34:56 - [TEST_STEP][PASSED] - click: Object: 'Object Repository/MOH AND GRN/Page_KDMC/input_chkrem' is clicked on

2018-05-28 13:34:56 - [MESSAGE][PASSED] - Object: 'Object Repository/MOH AND GRN/Page_KDMC/input_chkrem' is clicked on

2018-05-28 13:34:56 - [TEST_STEP][PASSED] - scrollToElement: Scroll to object 'Object Repository/MOH AND GRN/Page_KDMC/input_btnreturn' successfully

2018-05-28 13:34:57 - [MESSAGE][PASSED] - Scroll to object 'Object Repository/MOH AND GRN/Page_KDMC/input_btnreturn' successfully

2018-05-28 13:34:57 - [TEST_STEP][PASSED] - click: Object: 'Object Repository/MOH AND GRN/Page_KDMC/input_btnreturn' is clicked on

2018-05-28 13:34:57 - [MESSAGE][PASSED] - Object: 'Object Repository/MOH AND GRN/Page_KDMC/input_btnreturn' is clicked on

2018-05-28 13:34:57 - [TEST_STEP][PASSED] - delay: Delayed 3 second(s)

2018-05-28 13:35:00 - [MESSAGE][PASSED] - Delayed 3 second(s)

2018-05-28 13:35:00 - [TEST_STEP][PASSED] - click: Object: 'Object Repository/MOH AND GRN/Page_KDMC/button_Yes' is clicked on

2018-05-28 13:35:00 - [MESSAGE][PASSED] - Object: 'Object Repository/MOH AND GRN/Page_KDMC/button_Yes' is clicked on

2018-05-28 13:35:00 - [TEST_STEP][PASSED] - delay: Delayed 3 second(s)

2018-05-28 13:35:03 - [MESSAGE][PASSED] - Delayed 3 second(s)

2018-05-28 13:35:03 - [TEST_STEP][PASSED] - click: Object: 'Object Repository/MOH AND GRN/Page_KDMC/button_OK' is clicked on

2018-05-28 13:35:03 - [MESSAGE][PASSED] - Object: 'Object Repository/MOH AND GRN/Page_KDMC/button_OK' is clicked on

2018-05-28 13:35:03 - [TEST_STEP][PASSED] - delay: Delayed 3 second(s)

2018-05-28 13:35:06 - [MESSAGE][PASSED] - Delayed 3 second(s)

2018-05-28 13:35:06 - [TEST_STEP][PASSED] - click: Object: 'Object Repository/MOH AND GRN/Page_KDMC/a_dropdown-toggle' is clicked on

2018-05-28 13:35:06 - [MESSAGE][PASSED] - Object: 'Object Repository/MOH AND GRN/Page_KDMC/a_dropdown-toggle' is clicked on

2018-05-28 13:35:06 - [TEST_STEP][PASSED] - click: Object: 'Object Repository/MOH AND GRN/Page_KDMC/a_Sign out' is clicked on

2018-05-28 13:35:08 - [MESSAGE][PASSED] - Object: 'Object Repository/MOH AND GRN/Page_KDMC/a_Sign out' is clicked on

2018-05-28 13:35:08 - [TEST_STEP][PASSED] - delay: Delayed 4 second(s)

2018-05-28 13:35:12 - [MESSAGE][PASSED] - Delayed 4 second(s)

2018-05-28 13:35:12 - [TEST_STEP][PASSED] - click: Object: 'Object Repository/MOH AND GRN/Page_KDMC/a_CMS' is clicked on

2018-05-28 13:35:12 - [MESSAGE][PASSED] - Object: 'Object Repository/MOH AND GRN/Page_KDMC/a_CMS' is clicked on

2018-05-28 13:35:12 - [TEST_STEP][PASSED] - setText: Text 'bala' is set on object 'Object Repository/MOH AND GRN/Page_CMS login/input_txtusername'

2018-05-28 13:35:12 - [MESSAGE][PASSED] - Text 'bala' is set on object 'Object Repository/MOH AND GRN/Page_CMS login/input_txtusername'

2018-05-28 13:35:12 - [TEST_STEP][PASSED] - setText: Text '123' is set on object 'Object Repository/MOH AND GRN/Page_CMS login/input_txtpassword'

2018-05-28 13:35:12 - [MESSAGE][PASSED] - Text '123' is set on object 'Object Repository/MOH AND GRN/Page_CMS login/input_txtpassword'

2018-05-28 13:35:12 - [TEST_STEP][PASSED] - delay: Delayed 3 second(s)

2018-05-28 13:35:15 - [MESSAGE][PASSED] - Delayed 3 second(s)

2018-05-28 13:35:15 - [TEST_STEP][PASSED] - click: Object: 'Object Repository/MOH AND GRN/Page_CMS login/button_Sign in' is clicked on

2018-05-28 13:35:16 - [MESSAGE][PASSED] - Object: 'Object Repository/MOH AND GRN/Page_CMS login/button_Sign in' is clicked on

2018-05-28 13:35:16 - [TEST_STEP][PASSED] - click: Object: 'Object Repository/MOH AND GRN/Page_KDMC - CMS/a_CMS Details' is clicked on

2018-05-28 13:35:17 - [MESSAGE][PASSED] - Object: 'Object Repository/MOH AND GRN/Page_KDMC - CMS/a_CMS Details' is clicked on

2018-05-28 13:35:17 - [TEST_STEP][PASSED] - delay: Delayed 2 second(s)

2018-05-28 13:35:19 - [MESSAGE][PASSED] - Delayed 2 second(s)

2018-05-28 13:35:19 - [TEST_STEP][PASSED] - click: Object: 'Object Repository/MOH AND GRN/Page_KDMC - CMS/a_Goods Receive' is clicked on

2018-05-28 13:35:19 - [MESSAGE][PASSED] - Object: 'Object Repository/MOH AND GRN/Page_KDMC - CMS/a_Goods Receive' is clicked on

2018-05-28 13:35:19 - [TEST_STEP][PASSED] - delay: Delayed 2 second(s)

2018-05-28 13:35:21 - [MESSAGE][PASSED] - Delayed 2 second(s)

2018-05-28 13:35:21 - [TEST_STEP][PASSED] - selectOptionByLabel: All options with label 'PO00162' are selected in object 'Object Repository/MOH AND GRN/Page_KDMC - CMS/select_--Select--PO0032PO0031P' 

2018-05-28 13:35:22 - [MESSAGE][PASSED] - All options with label 'PO00162' are selected in object 'Object Repository/MOH AND GRN/Page_KDMC - CMS/select_--Select--PO0032PO0031P' 

2018-05-28 13:35:22 - [TEST_STEP][PASSED] - setText: Finding Test Object with id 'Object Repository/MOH AND GRN/Page_KDMC - CMS/input_txtgrnno'

2018-05-28 13:35:22 - [TEST_STEP][PASSED] - Statement - switch (id): Text 'INV477.0' is set on object 'Object Repository/MOH AND GRN/Page_KDMC - CMS/input_txtgrnno'

2018-05-28 13:35:22 - [TEST_STEP][PASSED] - Statement - case 2:: Text 'INV477.0' is set on object 'Object Repository/MOH AND GRN/Page_KDMC - CMS/input_txtgrnno'

2018-05-28 13:35:22 - [TEST_STEP][PASSED] - Statement - return (java.lang.Math.floor((java.lang.Math.random() * ((max - min) + 1))) + min): Text 'INV477.0' is set on object 'Object Repository/MOH AND GRN/Page_KDMC - CMS/input_txtgrnno'

2018-05-28 13:35:22 - [MESSAGE][PASSED] - Text 'INV477.0' is set on object 'Object Repository/MOH AND GRN/Page_KDMC - CMS/input_txtgrnno'

2018-05-28 13:35:22 - [TEST_STEP][PASSED] - selectOptionByIndex: All options with index in [1] are selected on object 'Object Repository/MOH AND GRN/Page_KDMC - CMS/select_--Select--PERUMAL PHARM'

2018-05-28 13:35:22 - [MESSAGE][PASSED] - All options with index in [1] are selected on object 'Object Repository/MOH AND GRN/Page_KDMC - CMS/select_--Select--PERUMAL PHARM'

2018-05-28 13:35:22 - [TEST_STEP][PASSED] - setText: Text '20000' is set on object 'Object Repository/MOH AND GRN/Page_KDMC - CMS/input_txtgrnno_1'

2018-05-28 13:35:22 - [MESSAGE][PASSED] - Text '20000' is set on object 'Object Repository/MOH AND GRN/Page_KDMC - CMS/input_txtgrnno_1'

2018-05-28 13:35:22 - [TEST_STEP][PASSED] - setText: Text '900' is set on object 'Object Repository/MOH AND GRN/Page_KDMC - CMS/input_txtgrnno_2'

2018-05-28 13:35:22 - [MESSAGE][PASSED] - Text '900' is set on object 'Object Repository/MOH AND GRN/Page_KDMC - CMS/input_txtgrnno_2'

2018-05-28 13:35:22 - [TEST_STEP][PASSED] - setText: Finding Test Object with id 'Object Repository/MOH AND GRN/Page_KDMC - CMS/input_txtgrnno_3'

2018-05-28 13:35:22 - [TEST_STEP][PASSED] - Statement - switch (id): Text 'CH802.0' is set on object 'Object Repository/MOH AND GRN/Page_KDMC - CMS/input_txtgrnno_3'

2018-05-28 13:35:22 - [TEST_STEP][PASSED] - Statement - case 3:: Text 'CH802.0' is set on object 'Object Repository/MOH AND GRN/Page_KDMC - CMS/input_txtgrnno_3'

2018-05-28 13:35:22 - [TEST_STEP][PASSED] - Statement - return (java.lang.Math.floor((java.lang.Math.random() * ((max - min) + 1))) + min): Text 'CH802.0' is set on object 'Object Repository/MOH AND GRN/Page_KDMC - CMS/input_txtgrnno_3'

2018-05-28 13:35:22 - [MESSAGE][PASSED] - Text 'CH802.0' is set on object 'Object Repository/MOH AND GRN/Page_KDMC - CMS/input_txtgrnno_3'

2018-05-28 13:35:22 - [TEST_STEP][PASSED] - scrollToPosition: Browser is scrolled to position x = 200, y = 200

2018-05-28 13:35:22 - [MESSAGE][PASSED] - Browser is scrolled to position x = 200, y = 200

2018-05-28 13:35:22 - [TEST_STEP][PASSED] - Statement - GrnLength = com.kms.katalon.core.webui.keyword.WebUiBuiltInKeywords.getNumberOfTotalOption(com.kms.katalon.core.testobject.ObjectRepository.findTestObject(MOH AND GRN/Page_KDMC - CMS/select_--Select--Amikacin -500)): 24 options of object 'Object Repository/MOH AND GRN/Page_KDMC - CMS/select_--Select--Amikacin -500' counted

2018-05-28 13:35:22 - [MESSAGE][PASSED] - 24 options of object 'Object Repository/MOH AND GRN/Page_KDMC - CMS/select_--Select--Amikacin -500' counted

2018-05-28 13:35:22 - [TEST_STEP][PASSED] - Statement - out.println("Length OF The Medicine " + GrnLength): null

2018-05-28 13:35:22 - [TEST_STEP][PASSED] - Statement - s = 1: null

2018-05-28 13:35:22 - [TEST_STEP][PASSED] - Statement - For ([t = 1, t < GrnLength, (t++)]): Finding Test Object with id 'Object Repository/MOH AND GRN/Page_KDMC - CMS/input_txtmrp'

2018-05-28 13:35:22 - [TEST_STEP][PASSED] - selectOptionByIndex: All options with index in [1] are selected on object 'Object Repository/MOH AND GRN/Page_KDMC - CMS/select_--Select--Amikacin -500'

2018-05-28 13:35:22 - [MESSAGE][PASSED] - All options with index in [1] are selected on object 'Object Repository/MOH AND GRN/Page_KDMC - CMS/select_--Select--Amikacin -500'

2018-05-28 13:35:22 - [TEST_STEP][PASSED] - setText: Text '5000' is set on object 'Object Repository/MOH AND GRN/Page_KDMC - CMS/input_txtqty'

2018-05-28 13:35:23 - [MESSAGE][PASSED] - Text '5000' is set on object 'Object Repository/MOH AND GRN/Page_KDMC - CMS/input_txtqty'

2018-05-28 13:35:23 - [TEST_STEP][PASSED] - selectOptionByIndex: All options with index in [1] are selected on object 'Object Repository/MOH AND GRN/Page_KDMC - CMS/select_--Select--No Tax0'

2018-05-28 13:35:23 - [MESSAGE][PASSED] - All options with index in [1] are selected on object 'Object Repository/MOH AND GRN/Page_KDMC - CMS/select_--Select--No Tax0'

2018-05-28 13:35:23 - [TEST_STEP][PASSED] - setText: Finding Test Object with id 'Object Repository/MOH AND GRN/Page_KDMC - CMS/input_txtmrp'

2018-05-28 13:35:23 - [TEST_STEP][PASSED] - Statement - switch (id): Finding Test Object with id 'Object Repository/MOH AND GRN/Page_KDMC - CMS/input_txtdeal'

2018-05-28 13:35:23 - [TEST_STEP][PASSED] - Statement - case 4:: Text '31.0' is set on object 'Object Repository/MOH AND GRN/Page_KDMC - CMS/input_txtmrp'

2018-05-28 13:35:23 - [TEST_STEP][PASSED] - Statement - return (java.lang.Math.floor((java.lang.Math.random() * ((max - min) + 1))) + min): Text '31.0' is set on object 'Object Repository/MOH AND GRN/Page_KDMC - CMS/input_txtmrp'

2018-05-28 13:35:23 - [MESSAGE][PASSED] - Text '31.0' is set on object 'Object Repository/MOH AND GRN/Page_KDMC - CMS/input_txtmrp'

2018-05-28 13:35:23 - [TEST_STEP][PASSED] - setText: Finding Test Object with id 'Object Repository/MOH AND GRN/Page_KDMC - CMS/input_txtdeal'

2018-05-28 13:35:23 - [TEST_STEP][PASSED] - Statement - switch (id): Finding Test Object with id 'Object Repository/MOH AND GRN/Page_KDMC - CMS/input_txtbatchno'

2018-05-28 13:35:23 - [TEST_STEP][PASSED] - Statement - case 5:: Text '5.0' is set on object 'Object Repository/MOH AND GRN/Page_KDMC - CMS/input_txtdeal'

2018-05-28 13:35:23 - [TEST_STEP][PASSED] - Statement - return (java.lang.Math.floor((java.lang.Math.random() * ((max - min) + 1))) + min): Text '5.0' is set on object 'Object Repository/MOH AND GRN/Page_KDMC - CMS/input_txtdeal'

2018-05-28 13:35:23 - [MESSAGE][PASSED] - Text '5.0' is set on object 'Object Repository/MOH AND GRN/Page_KDMC - CMS/input_txtdeal'

2018-05-28 13:35:23 - [TEST_STEP][PASSED] - setText: Finding Test Object with id 'Object Repository/MOH AND GRN/Page_KDMC - CMS/input_txtbatchno'

2018-05-28 13:35:23 - [TEST_STEP][PASSED] - Statement - switch (id): Finding Test Object with id 'Object Repository/MOH AND GRN/Page_KDMC - CMS/input_txtmrp'

2018-05-28 13:35:23 - [TEST_STEP][PASSED] - Statement - case 1:: Text 'BA580.0' is set on object 'Object Repository/MOH AND GRN/Page_KDMC - CMS/input_txtbatchno'

2018-05-28 13:35:23 - [TEST_STEP][PASSED] - Statement - return (java.lang.Math.floor((java.lang.Math.random() * ((max - min) + 1))) + min): Text 'BA580.0' is set on object 'Object Repository/MOH AND GRN/Page_KDMC - CMS/input_txtbatchno'

2018-05-28 13:35:23 - [MESSAGE][PASSED] - Text 'BA580.0' is set on object 'Object Repository/MOH AND GRN/Page_KDMC - CMS/input_txtbatchno'

2018-05-28 13:35:23 - [TEST_STEP][PASSED] - rightClick: Object: 'Object Repository/GRN/Page_KDMC - CMS/input_txtexpdate' is right clicked on

2018-05-28 13:35:23 - [MESSAGE][PASSED] - Object: 'Object Repository/GRN/Page_KDMC - CMS/input_txtexpdate' is right clicked on

2018-05-28 13:35:23 - [TEST_STEP][PASSED] - selectOptionByIndex: All options with index in [1] are selected on object 'Object Repository/GRN/Page_KDMC - CMS/select_20182019202020212022202'

2018-05-28 13:35:23 - [MESSAGE][PASSED] - All options with index in [1] are selected on object 'Object Repository/GRN/Page_KDMC - CMS/select_20182019202020212022202'

2018-05-28 13:35:23 - [TEST_STEP][PASSED] - selectOptionByIndex: All options with index in [1] are selected on object 'Object Repository/GRN/Page_KDMC - CMS/select_JanFebMarAprMayJunJulAu'

2018-05-28 13:35:23 - [MESSAGE][PASSED] - All options with index in [1] are selected on object 'Object Repository/GRN/Page_KDMC - CMS/select_JanFebMarAprMayJunJulAu'

2018-05-28 13:35:23 - [TEST_STEP][PASSED] - click: Object: 'Object Repository/MOH AND GRN/Page_KDMC - CMS/a_12' is clicked on

2018-05-28 13:35:24 - [MESSAGE][PASSED] - Object: 'Object Repository/MOH AND GRN/Page_KDMC - CMS/a_12' is clicked on

2018-05-28 13:35:24 - [TEST_STEP][PASSED] - click: Object: 'Object Repository/MOH AND GRN/Page_KDMC - CMS/input_btnadd' is clicked on

2018-05-28 13:35:24 - [MESSAGE][PASSED] - Object: 'Object Repository/MOH AND GRN/Page_KDMC - CMS/input_btnadd' is clicked on

2018-05-28 13:35:24 - [TEST_STEP][PASSED] - Statement - If (s == 10): null

2018-05-28 13:35:24 - [TEST_STEP][PASSED] - Statement - Else: null

2018-05-28 13:35:24 - [TEST_STEP][PASSED] - Statement - (s++): null

2018-05-28 13:35:24 - [TEST_STEP][PASSED] - delay: Delayed 1 second(s)

2018-05-28 13:35:25 - [MESSAGE][PASSED] - Delayed 1 second(s)

2018-05-28 13:35:25 - [TEST_STEP][PASSED] - selectOptionByIndex: All options with index in [2] are selected on object 'Object Repository/MOH AND GRN/Page_KDMC - CMS/select_--Select--Amikacin -500'

2018-05-28 13:35:25 - [MESSAGE][PASSED] - All options with index in [2] are selected on object 'Object Repository/MOH AND GRN/Page_KDMC - CMS/select_--Select--Amikacin -500'

2018-05-28 13:35:25 - [TEST_STEP][PASSED] - setText: Text '5000' is set on object 'Object Repository/MOH AND GRN/Page_KDMC - CMS/input_txtqty'

2018-05-28 13:35:25 - [MESSAGE][PASSED] - Text '5000' is set on object 'Object Repository/MOH AND GRN/Page_KDMC - CMS/input_txtqty'

2018-05-28 13:35:25 - [TEST_STEP][PASSED] - selectOptionByIndex: All options with index in [1] are selected on object 'Object Repository/MOH AND GRN/Page_KDMC - CMS/select_--Select--No Tax0'

2018-05-28 13:35:25 - [MESSAGE][PASSED] - All options with index in [1] are selected on object 'Object Repository/MOH AND GRN/Page_KDMC - CMS/select_--Select--No Tax0'

2018-05-28 13:35:25 - [TEST_STEP][PASSED] - setText: Finding Test Object with id 'Object Repository/MOH AND GRN/Page_KDMC - CMS/input_txtmrp'

2018-05-28 13:35:25 - [TEST_STEP][PASSED] - Statement - switch (id): Finding Test Object with id 'Object Repository/MOH AND GRN/Page_KDMC - CMS/input_txtdeal'

2018-05-28 13:35:25 - [TEST_STEP][PASSED] - Statement - case 4:: Text '35.0' is set on object 'Object Repository/MOH AND GRN/Page_KDMC - CMS/input_txtmrp'

2018-05-28 13:35:25 - [TEST_STEP][PASSED] - Statement - return (java.lang.Math.floor((java.lang.Math.random() * ((max - min) + 1))) + min): Text '35.0' is set on object 'Object Repository/MOH AND GRN/Page_KDMC - CMS/input_txtmrp'

2018-05-28 13:35:25 - [MESSAGE][PASSED] - Text '35.0' is set on object 'Object Repository/MOH AND GRN/Page_KDMC - CMS/input_txtmrp'

2018-05-28 13:35:25 - [TEST_STEP][PASSED] - setText: Finding Test Object with id 'Object Repository/MOH AND GRN/Page_KDMC - CMS/input_txtdeal'

2018-05-28 13:35:25 - [TEST_STEP][PASSED] - Statement - switch (id): Finding Test Object with id 'Object Repository/MOH AND GRN/Page_KDMC - CMS/input_txtbatchno'

2018-05-28 13:35:25 - [TEST_STEP][PASSED] - Statement - case 5:: Text '5.0' is set on object 'Object Repository/MOH AND GRN/Page_KDMC - CMS/input_txtdeal'

2018-05-28 13:35:25 - [TEST_STEP][PASSED] - Statement - return (java.lang.Math.floor((java.lang.Math.random() * ((max - min) + 1))) + min): Text '5.0' is set on object 'Object Repository/MOH AND GRN/Page_KDMC - CMS/input_txtdeal'

2018-05-28 13:35:25 - [MESSAGE][PASSED] - Text '5.0' is set on object 'Object Repository/MOH AND GRN/Page_KDMC - CMS/input_txtdeal'

2018-05-28 13:35:25 - [TEST_STEP][PASSED] - setText: Finding Test Object with id 'Object Repository/MOH AND GRN/Page_KDMC - CMS/input_txtbatchno'

2018-05-28 13:35:25 - [TEST_STEP][PASSED] - Statement - switch (id): Finding Test Object with id 'Object Repository/MOH AND GRN/Page_KDMC - CMS/input_txtmrp'

2018-05-28 13:35:25 - [TEST_STEP][PASSED] - Statement - case 1:: Text 'BA325.0' is set on object 'Object Repository/MOH AND GRN/Page_KDMC - CMS/input_txtbatchno'

2018-05-28 13:35:25 - [TEST_STEP][PASSED] - Statement - return (java.lang.Math.floor((java.lang.Math.random() * ((max - min) + 1))) + min): Text 'BA325.0' is set on object 'Object Repository/MOH AND GRN/Page_KDMC - CMS/input_txtbatchno'

2018-05-28 13:35:25 - [MESSAGE][PASSED] - Text 'BA325.0' is set on object 'Object Repository/MOH AND GRN/Page_KDMC - CMS/input_txtbatchno'

2018-05-28 13:35:25 - [TEST_STEP][PASSED] - rightClick: Object: 'Object Repository/GRN/Page_KDMC - CMS/input_txtexpdate' is right clicked on

2018-05-28 13:35:25 - [MESSAGE][PASSED] - Object: 'Object Repository/GRN/Page_KDMC - CMS/input_txtexpdate' is right clicked on

2018-05-28 13:35:25 - [TEST_STEP][PASSED] - selectOptionByIndex: All options with index in [2] are selected on object 'Object Repository/GRN/Page_KDMC - CMS/select_20182019202020212022202'

2018-05-28 13:35:26 - [MESSAGE][PASSED] - All options with index in [2] are selected on object 'Object Repository/GRN/Page_KDMC - CMS/select_20182019202020212022202'

2018-05-28 13:35:26 - [TEST_STEP][PASSED] - selectOptionByIndex: All options with index in [2] are selected on object 'Object Repository/GRN/Page_KDMC - CMS/select_JanFebMarAprMayJunJulAu'

2018-05-28 13:35:26 - [MESSAGE][PASSED] - All options with index in [2] are selected on object 'Object Repository/GRN/Page_KDMC - CMS/select_JanFebMarAprMayJunJulAu'

2018-05-28 13:35:26 - [TEST_STEP][PASSED] - click: Object: 'Object Repository/MOH AND GRN/Page_KDMC - CMS/a_12' is clicked on

2018-05-28 13:35:26 - [MESSAGE][PASSED] - Object: 'Object Repository/MOH AND GRN/Page_KDMC - CMS/a_12' is clicked on

2018-05-28 13:35:26 - [TEST_STEP][PASSED] - click: Object: 'Object Repository/MOH AND GRN/Page_KDMC - CMS/input_btnadd' is clicked on

2018-05-28 13:35:26 - [MESSAGE][PASSED] - Object: 'Object Repository/MOH AND GRN/Page_KDMC - CMS/input_btnadd' is clicked on

2018-05-28 13:35:26 - [TEST_STEP][PASSED] - Statement - If (s == 10): null

2018-05-28 13:35:26 - [TEST_STEP][PASSED] - Statement - Else: null

2018-05-28 13:35:26 - [TEST_STEP][PASSED] - Statement - (s++): null

2018-05-28 13:35:26 - [TEST_STEP][PASSED] - delay: Delayed 1 second(s)

2018-05-28 13:35:27 - [MESSAGE][PASSED] - Delayed 1 second(s)

2018-05-28 13:35:27 - [TEST_STEP][PASSED] - selectOptionByIndex: All options with index in [3] are selected on object 'Object Repository/MOH AND GRN/Page_KDMC - CMS/select_--Select--Amikacin -500'

2018-05-28 13:35:27 - [MESSAGE][PASSED] - All options with index in [3] are selected on object 'Object Repository/MOH AND GRN/Page_KDMC - CMS/select_--Select--Amikacin -500'

2018-05-28 13:35:27 - [TEST_STEP][PASSED] - setText: Text '5000' is set on object 'Object Repository/MOH AND GRN/Page_KDMC - CMS/input_txtqty'

2018-05-28 13:35:27 - [MESSAGE][PASSED] - Text '5000' is set on object 'Object Repository/MOH AND GRN/Page_KDMC - CMS/input_txtqty'

2018-05-28 13:35:27 - [TEST_STEP][PASSED] - selectOptionByIndex: All options with index in [1] are selected on object 'Object Repository/MOH AND GRN/Page_KDMC - CMS/select_--Select--No Tax0'

2018-05-28 13:35:27 - [MESSAGE][PASSED] - All options with index in [1] are selected on object 'Object Repository/MOH AND GRN/Page_KDMC - CMS/select_--Select--No Tax0'

2018-05-28 13:35:27 - [TEST_STEP][PASSED] - setText: Finding Test Object with id 'Object Repository/MOH AND GRN/Page_KDMC - CMS/input_txtmrp'

2018-05-28 13:35:27 - [TEST_STEP][PASSED] - Statement - switch (id): Finding Test Object with id 'Object Repository/MOH AND GRN/Page_KDMC - CMS/input_txtdeal'

2018-05-28 13:35:27 - [TEST_STEP][PASSED] - Statement - case 4:: Text '22.0' is set on object 'Object Repository/MOH AND GRN/Page_KDMC - CMS/input_txtmrp'

2018-05-28 13:35:27 - [TEST_STEP][PASSED] - Statement - return (java.lang.Math.floor((java.lang.Math.random() * ((max - min) + 1))) + min): Text '22.0' is set on object 'Object Repository/MOH AND GRN/Page_KDMC - CMS/input_txtmrp'

2018-05-28 13:35:27 - [MESSAGE][PASSED] - Text '22.0' is set on object 'Object Repository/MOH AND GRN/Page_KDMC - CMS/input_txtmrp'

2018-05-28 13:35:27 - [TEST_STEP][PASSED] - setText: Finding Test Object with id 'Object Repository/MOH AND GRN/Page_KDMC - CMS/input_txtdeal'

2018-05-28 13:35:27 - [TEST_STEP][PASSED] - Statement - switch (id): Finding Test Object with id 'Object Repository/MOH AND GRN/Page_KDMC - CMS/input_txtbatchno'

2018-05-28 13:35:27 - [TEST_STEP][PASSED] - Statement - case 5:: Text '2.0' is set on object 'Object Repository/MOH AND GRN/Page_KDMC - CMS/input_txtdeal'

2018-05-28 13:35:27 - [TEST_STEP][PASSED] - Statement - return (java.lang.Math.floor((java.lang.Math.random() * ((max - min) + 1))) + min): Text '2.0' is set on object 'Object Repository/MOH AND GRN/Page_KDMC - CMS/input_txtdeal'

2018-05-28 13:35:27 - [MESSAGE][PASSED] - Text '2.0' is set on object 'Object Repository/MOH AND GRN/Page_KDMC - CMS/input_txtdeal'

2018-05-28 13:35:27 - [TEST_STEP][PASSED] - setText: Finding Test Object with id 'Object Repository/MOH AND GRN/Page_KDMC - CMS/input_txtbatchno'

2018-05-28 13:35:27 - [TEST_STEP][PASSED] - Statement - switch (id): Finding Test Object with id 'Object Repository/MOH AND GRN/Page_KDMC - CMS/input_txtmrp'

2018-05-28 13:35:27 - [TEST_STEP][PASSED] - Statement - case 1:: Text 'BA872.0' is set on object 'Object Repository/MOH AND GRN/Page_KDMC - CMS/input_txtbatchno'

2018-05-28 13:35:27 - [TEST_STEP][PASSED] - Statement - return (java.lang.Math.floor((java.lang.Math.random() * ((max - min) + 1))) + min): Text 'BA872.0' is set on object 'Object Repository/MOH AND GRN/Page_KDMC - CMS/input_txtbatchno'

2018-05-28 13:35:28 - [MESSAGE][PASSED] - Text 'BA872.0' is set on object 'Object Repository/MOH AND GRN/Page_KDMC - CMS/input_txtbatchno'

2018-05-28 13:35:28 - [TEST_STEP][PASSED] - rightClick: Object: 'Object Repository/GRN/Page_KDMC - CMS/input_txtexpdate' is right clicked on

2018-05-28 13:35:28 - [MESSAGE][PASSED] - Object: 'Object Repository/GRN/Page_KDMC - CMS/input_txtexpdate' is right clicked on

2018-05-28 13:35:28 - [TEST_STEP][PASSED] - selectOptionByIndex: All options with index in [3] are selected on object 'Object Repository/GRN/Page_KDMC - CMS/select_20182019202020212022202'

2018-05-28 13:35:28 - [MESSAGE][PASSED] - All options with index in [3] are selected on object 'Object Repository/GRN/Page_KDMC - CMS/select_20182019202020212022202'

2018-05-28 13:35:28 - [TEST_STEP][PASSED] - selectOptionByIndex: All options with index in [3] are selected on object 'Object Repository/GRN/Page_KDMC - CMS/select_JanFebMarAprMayJunJulAu'

2018-05-28 13:35:28 - [MESSAGE][PASSED] - All options with index in [3] are selected on object 'Object Repository/GRN/Page_KDMC - CMS/select_JanFebMarAprMayJunJulAu'

2018-05-28 13:35:28 - [TEST_STEP][PASSED] - click: Object: 'Object Repository/MOH AND GRN/Page_KDMC - CMS/a_12' is clicked on

2018-05-28 13:35:28 - [MESSAGE][PASSED] - Object: 'Object Repository/MOH AND GRN/Page_KDMC - CMS/a_12' is clicked on

2018-05-28 13:35:28 - [TEST_STEP][PASSED] - click: Object: 'Object Repository/MOH AND GRN/Page_KDMC - CMS/input_btnadd' is clicked on

2018-05-28 13:35:28 - [MESSAGE][PASSED] - Object: 'Object Repository/MOH AND GRN/Page_KDMC - CMS/input_btnadd' is clicked on

2018-05-28 13:35:28 - [TEST_STEP][PASSED] - Statement - If (s == 10): null

2018-05-28 13:35:28 - [TEST_STEP][PASSED] - Statement - Else: null

2018-05-28 13:35:28 - [TEST_STEP][PASSED] - Statement - (s++): null

2018-05-28 13:35:28 - [TEST_STEP][PASSED] - delay: Delayed 1 second(s)

2018-05-28 13:35:29 - [MESSAGE][PASSED] - Delayed 1 second(s)

2018-05-28 13:35:29 - [TEST_STEP][PASSED] - selectOptionByIndex: All options with index in [4] are selected on object 'Object Repository/MOH AND GRN/Page_KDMC - CMS/select_--Select--Amikacin -500'

2018-05-28 13:35:29 - [MESSAGE][PASSED] - All options with index in [4] are selected on object 'Object Repository/MOH AND GRN/Page_KDMC - CMS/select_--Select--Amikacin -500'

2018-05-28 13:35:29 - [TEST_STEP][PASSED] - setText: Text '5000' is set on object 'Object Repository/MOH AND GRN/Page_KDMC - CMS/input_txtqty'

2018-05-28 13:35:29 - [MESSAGE][PASSED] - Text '5000' is set on object 'Object Repository/MOH AND GRN/Page_KDMC - CMS/input_txtqty'

2018-05-28 13:35:29 - [TEST_STEP][PASSED] - selectOptionByIndex: All options with index in [1] are selected on object 'Object Repository/MOH AND GRN/Page_KDMC - CMS/select_--Select--No Tax0'

2018-05-28 13:35:30 - [MESSAGE][PASSED] - All options with index in [1] are selected on object 'Object Repository/MOH AND GRN/Page_KDMC - CMS/select_--Select--No Tax0'

2018-05-28 13:35:30 - [TEST_STEP][PASSED] - setText: Finding Test Object with id 'Object Repository/MOH AND GRN/Page_KDMC - CMS/input_txtmrp'

2018-05-28 13:35:30 - [TEST_STEP][PASSED] - Statement - switch (id): Finding Test Object with id 'Object Repository/MOH AND GRN/Page_KDMC - CMS/input_txtdeal'

2018-05-28 13:35:30 - [TEST_STEP][PASSED] - Statement - case 4:: Text '26.0' is set on object 'Object Repository/MOH AND GRN/Page_KDMC - CMS/input_txtmrp'

2018-05-28 13:35:30 - [TEST_STEP][PASSED] - Statement - return (java.lang.Math.floor((java.lang.Math.random() * ((max - min) + 1))) + min): Text '26.0' is set on object 'Object Repository/MOH AND GRN/Page_KDMC - CMS/input_txtmrp'

2018-05-28 13:35:30 - [MESSAGE][PASSED] - Text '26.0' is set on object 'Object Repository/MOH AND GRN/Page_KDMC - CMS/input_txtmrp'

2018-05-28 13:35:30 - [TEST_STEP][PASSED] - setText: Finding Test Object with id 'Object Repository/MOH AND GRN/Page_KDMC - CMS/input_txtdeal'

2018-05-28 13:35:30 - [TEST_STEP][PASSED] - Statement - switch (id): Finding Test Object with id 'Object Repository/MOH AND GRN/Page_KDMC - CMS/input_txtbatchno'

2018-05-28 13:35:30 - [TEST_STEP][PASSED] - Statement - case 5:: Text '12.0' is set on object 'Object Repository/MOH AND GRN/Page_KDMC - CMS/input_txtdeal'

2018-05-28 13:35:30 - [TEST_STEP][PASSED] - Statement - return (java.lang.Math.floor((java.lang.Math.random() * ((max - min) + 1))) + min): Text '12.0' is set on object 'Object Repository/MOH AND GRN/Page_KDMC - CMS/input_txtdeal'

2018-05-28 13:35:30 - [MESSAGE][PASSED] - Text '12.0' is set on object 'Object Repository/MOH AND GRN/Page_KDMC - CMS/input_txtdeal'

2018-05-28 13:35:30 - [TEST_STEP][PASSED] - setText: Finding Test Object with id 'Object Repository/MOH AND GRN/Page_KDMC - CMS/input_txtbatchno'

2018-05-28 13:35:30 - [TEST_STEP][PASSED] - Statement - switch (id): Finding Test Object with id 'Object Repository/MOH AND GRN/Page_KDMC - CMS/input_txtmrp'

2018-05-28 13:35:30 - [TEST_STEP][PASSED] - Statement - case 1:: Text 'BA73.0' is set on object 'Object Repository/MOH AND GRN/Page_KDMC - CMS/input_txtbatchno'

2018-05-28 13:35:30 - [TEST_STEP][PASSED] - Statement - return (java.lang.Math.floor((java.lang.Math.random() * ((max - min) + 1))) + min): Text 'BA73.0' is set on object 'Object Repository/MOH AND GRN/Page_KDMC - CMS/input_txtbatchno'

2018-05-28 13:35:30 - [MESSAGE][PASSED] - Text 'BA73.0' is set on object 'Object Repository/MOH AND GRN/Page_KDMC - CMS/input_txtbatchno'

2018-05-28 13:35:30 - [TEST_STEP][PASSED] - rightClick: Object: 'Object Repository/GRN/Page_KDMC - CMS/input_txtexpdate' is right clicked on

2018-05-28 13:35:30 - [MESSAGE][PASSED] - Object: 'Object Repository/GRN/Page_KDMC - CMS/input_txtexpdate' is right clicked on

2018-05-28 13:35:30 - [TEST_STEP][PASSED] - selectOptionByIndex: All options with index in [4] are selected on object 'Object Repository/GRN/Page_KDMC - CMS/select_20182019202020212022202'

2018-05-28 13:35:30 - [MESSAGE][PASSED] - All options with index in [4] are selected on object 'Object Repository/GRN/Page_KDMC - CMS/select_20182019202020212022202'

2018-05-28 13:35:30 - [TEST_STEP][PASSED] - selectOptionByIndex: All options with index in [4] are selected on object 'Object Repository/GRN/Page_KDMC - CMS/select_JanFebMarAprMayJunJulAu'

2018-05-28 13:35:30 - [MESSAGE][PASSED] - All options with index in [4] are selected on object 'Object Repository/GRN/Page_KDMC - CMS/select_JanFebMarAprMayJunJulAu'

2018-05-28 13:35:30 - [TEST_STEP][PASSED] - click: Object: 'Object Repository/MOH AND GRN/Page_KDMC - CMS/a_12' is clicked on

2018-05-28 13:35:30 - [MESSAGE][PASSED] - Object: 'Object Repository/MOH AND GRN/Page_KDMC - CMS/a_12' is clicked on

2018-05-28 13:35:30 - [TEST_STEP][PASSED] - click: Object: 'Object Repository/MOH AND GRN/Page_KDMC - CMS/input_btnadd' is clicked on

2018-05-28 13:35:30 - [MESSAGE][PASSED] - Object: 'Object Repository/MOH AND GRN/Page_KDMC - CMS/input_btnadd' is clicked on

2018-05-28 13:35:30 - [TEST_STEP][PASSED] - Statement - If (s == 10): null

2018-05-28 13:35:30 - [TEST_STEP][PASSED] - Statement - Else: null

2018-05-28 13:35:30 - [TEST_STEP][PASSED] - Statement - (s++): null

2018-05-28 13:35:30 - [TEST_STEP][PASSED] - delay: Delayed 1 second(s)

2018-05-28 13:35:31 - [MESSAGE][PASSED] - Delayed 1 second(s)

2018-05-28 13:35:31 - [TEST_STEP][PASSED] - selectOptionByIndex: All options with index in [5] are selected on object 'Object Repository/MOH AND GRN/Page_KDMC - CMS/select_--Select--Amikacin -500'

2018-05-28 13:35:32 - [MESSAGE][PASSED] - All options with index in [5] are selected on object 'Object Repository/MOH AND GRN/Page_KDMC - CMS/select_--Select--Amikacin -500'

2018-05-28 13:35:32 - [TEST_STEP][PASSED] - setText: Text '5000' is set on object 'Object Repository/MOH AND GRN/Page_KDMC - CMS/input_txtqty'

2018-05-28 13:35:32 - [MESSAGE][PASSED] - Text '5000' is set on object 'Object Repository/MOH AND GRN/Page_KDMC - CMS/input_txtqty'

2018-05-28 13:35:32 - [TEST_STEP][PASSED] - selectOptionByIndex: All options with index in [1] are selected on object 'Object Repository/MOH AND GRN/Page_KDMC - CMS/select_--Select--No Tax0'

2018-05-28 13:35:32 - [MESSAGE][PASSED] - All options with index in [1] are selected on object 'Object Repository/MOH AND GRN/Page_KDMC - CMS/select_--Select--No Tax0'

2018-05-28 13:35:32 - [TEST_STEP][PASSED] - setText: Finding Test Object with id 'Object Repository/MOH AND GRN/Page_KDMC - CMS/input_txtmrp'

2018-05-28 13:35:32 - [TEST_STEP][PASSED] - Statement - switch (id): Finding Test Object with id 'Object Repository/MOH AND GRN/Page_KDMC - CMS/input_txtdeal'

2018-05-28 13:35:32 - [TEST_STEP][PASSED] - Statement - case 4:: Text '39.0' is set on object 'Object Repository/MOH AND GRN/Page_KDMC - CMS/input_txtmrp'

2018-05-28 13:35:32 - [TEST_STEP][PASSED] - Statement - return (java.lang.Math.floor((java.lang.Math.random() * ((max - min) + 1))) + min): Text '39.0' is set on object 'Object Repository/MOH AND GRN/Page_KDMC - CMS/input_txtmrp'

2018-05-28 13:35:32 - [MESSAGE][PASSED] - Text '39.0' is set on object 'Object Repository/MOH AND GRN/Page_KDMC - CMS/input_txtmrp'

2018-05-28 13:35:32 - [TEST_STEP][PASSED] - setText: Finding Test Object with id 'Object Repository/MOH AND GRN/Page_KDMC - CMS/input_txtdeal'

2018-05-28 13:35:32 - [TEST_STEP][PASSED] - Statement - switch (id): Finding Test Object with id 'Object Repository/MOH AND GRN/Page_KDMC - CMS/input_txtbatchno'

2018-05-28 13:35:32 - [TEST_STEP][PASSED] - Statement - case 5:: Text '9.0' is set on object 'Object Repository/MOH AND GRN/Page_KDMC - CMS/input_txtdeal'

2018-05-28 13:35:32 - [TEST_STEP][PASSED] - Statement - return (java.lang.Math.floor((java.lang.Math.random() * ((max - min) + 1))) + min): Text '9.0' is set on object 'Object Repository/MOH AND GRN/Page_KDMC - CMS/input_txtdeal'

2018-05-28 13:35:32 - [MESSAGE][PASSED] - Text '9.0' is set on object 'Object Repository/MOH AND GRN/Page_KDMC - CMS/input_txtdeal'

2018-05-28 13:35:32 - [TEST_STEP][PASSED] - setText: Finding Test Object with id 'Object Repository/MOH AND GRN/Page_KDMC - CMS/input_txtbatchno'

2018-05-28 13:35:32 - [TEST_STEP][PASSED] - Statement - switch (id): Finding Test Object with id 'Object Repository/MOH AND GRN/Page_KDMC - CMS/input_txtmrp'

2018-05-28 13:35:32 - [TEST_STEP][PASSED] - Statement - case 1:: Text 'BA924.0' is set on object 'Object Repository/MOH AND GRN/Page_KDMC - CMS/input_txtbatchno'

2018-05-28 13:35:32 - [TEST_STEP][PASSED] - Statement - return (java.lang.Math.floor((java.lang.Math.random() * ((max - min) + 1))) + min): Text 'BA924.0' is set on object 'Object Repository/MOH AND GRN/Page_KDMC - CMS/input_txtbatchno'

2018-05-28 13:35:32 - [MESSAGE][PASSED] - Text 'BA924.0' is set on object 'Object Repository/MOH AND GRN/Page_KDMC - CMS/input_txtbatchno'

2018-05-28 13:35:32 - [TEST_STEP][PASSED] - rightClick: Object: 'Object Repository/GRN/Page_KDMC - CMS/input_txtexpdate' is right clicked on

2018-05-28 13:35:32 - [MESSAGE][PASSED] - Object: 'Object Repository/GRN/Page_KDMC - CMS/input_txtexpdate' is right clicked on

2018-05-28 13:35:32 - [TEST_STEP][PASSED] - selectOptionByIndex: All options with index in [5] are selected on object 'Object Repository/GRN/Page_KDMC - CMS/select_20182019202020212022202'

2018-05-28 13:35:32 - [MESSAGE][PASSED] - All options with index in [5] are selected on object 'Object Repository/GRN/Page_KDMC - CMS/select_20182019202020212022202'

2018-05-28 13:35:32 - [TEST_STEP][PASSED] - selectOptionByIndex: All options with index in [5] are selected on object 'Object Repository/GRN/Page_KDMC - CMS/select_JanFebMarAprMayJunJulAu'

2018-05-28 13:35:32 - [MESSAGE][PASSED] - All options with index in [5] are selected on object 'Object Repository/GRN/Page_KDMC - CMS/select_JanFebMarAprMayJunJulAu'

2018-05-28 13:35:32 - [TEST_STEP][PASSED] - click: Object: 'Object Repository/MOH AND GRN/Page_KDMC - CMS/a_12' is clicked on

2018-05-28 13:35:33 - [MESSAGE][PASSED] - Object: 'Object Repository/MOH AND GRN/Page_KDMC - CMS/a_12' is clicked on

2018-05-28 13:35:33 - [TEST_STEP][PASSED] - click: Object: 'Object Repository/MOH AND GRN/Page_KDMC - CMS/input_btnadd' is clicked on

2018-05-28 13:35:33 - [MESSAGE][PASSED] - Object: 'Object Repository/MOH AND GRN/Page_KDMC - CMS/input_btnadd' is clicked on

2018-05-28 13:35:33 - [TEST_STEP][PASSED] - Statement - If (s == 10): null

2018-05-28 13:35:33 - [TEST_STEP][PASSED] - Statement - Else: null

2018-05-28 13:35:33 - [TEST_STEP][PASSED] - Statement - (s++): null

2018-05-28 13:35:33 - [TEST_STEP][PASSED] - delay: Delayed 1 second(s)

2018-05-28 13:35:34 - [MESSAGE][PASSED] - Delayed 1 second(s)

2018-05-28 13:35:34 - [TEST_STEP][PASSED] - selectOptionByIndex: All options with index in [6] are selected on object 'Object Repository/MOH AND GRN/Page_KDMC - CMS/select_--Select--Amikacin -500'

2018-05-28 13:35:34 - [MESSAGE][PASSED] - All options with index in [6] are selected on object 'Object Repository/MOH AND GRN/Page_KDMC - CMS/select_--Select--Amikacin -500'

2018-05-28 13:35:34 - [TEST_STEP][PASSED] - setText: Text '5000' is set on object 'Object Repository/MOH AND GRN/Page_KDMC - CMS/input_txtqty'

2018-05-28 13:35:34 - [MESSAGE][PASSED] - Text '5000' is set on object 'Object Repository/MOH AND GRN/Page_KDMC - CMS/input_txtqty'

2018-05-28 13:35:34 - [TEST_STEP][PASSED] - selectOptionByIndex: All options with index in [1] are selected on object 'Object Repository/MOH AND GRN/Page_KDMC - CMS/select_--Select--No Tax0'

2018-05-28 13:35:34 - [MESSAGE][PASSED] - All options with index in [1] are selected on object 'Object Repository/MOH AND GRN/Page_KDMC - CMS/select_--Select--No Tax0'

2018-05-28 13:35:34 - [TEST_STEP][PASSED] - setText: Finding Test Object with id 'Object Repository/MOH AND GRN/Page_KDMC - CMS/input_txtmrp'

2018-05-28 13:35:34 - [TEST_STEP][PASSED] - Statement - switch (id): Finding Test Object with id 'Object Repository/MOH AND GRN/Page_KDMC - CMS/input_txtdeal'

2018-05-28 13:35:34 - [TEST_STEP][PASSED] - Statement - case 4:: Text '16.0' is set on object 'Object Repository/MOH AND GRN/Page_KDMC - CMS/input_txtmrp'

2018-05-28 13:35:34 - [TEST_STEP][PASSED] - Statement - return (java.lang.Math.floor((java.lang.Math.random() * ((max - min) + 1))) + min): Text '16.0' is set on object 'Object Repository/MOH AND GRN/Page_KDMC - CMS/input_txtmrp'

2018-05-28 13:35:34 - [MESSAGE][PASSED] - Text '16.0' is set on object 'Object Repository/MOH AND GRN/Page_KDMC - CMS/input_txtmrp'

2018-05-28 13:35:34 - [TEST_STEP][PASSED] - setText: Finding Test Object with id 'Object Repository/MOH AND GRN/Page_KDMC - CMS/input_txtdeal'

2018-05-28 13:35:34 - [TEST_STEP][PASSED] - Statement - switch (id): Finding Test Object with id 'Object Repository/MOH AND GRN/Page_KDMC - CMS/input_txtbatchno'

2018-05-28 13:35:34 - [TEST_STEP][PASSED] - Statement - case 5:: Text '3.0' is set on object 'Object Repository/MOH AND GRN/Page_KDMC - CMS/input_txtdeal'

2018-05-28 13:35:34 - [TEST_STEP][PASSED] - Statement - return (java.lang.Math.floor((java.lang.Math.random() * ((max - min) + 1))) + min): Text '3.0' is set on object 'Object Repository/MOH AND GRN/Page_KDMC - CMS/input_txtdeal'

2018-05-28 13:35:34 - [MESSAGE][PASSED] - Text '3.0' is set on object 'Object Repository/MOH AND GRN/Page_KDMC - CMS/input_txtdeal'

2018-05-28 13:35:34 - [TEST_STEP][PASSED] - setText: Finding Test Object with id 'Object Repository/MOH AND GRN/Page_KDMC - CMS/input_txtbatchno'

2018-05-28 13:35:34 - [TEST_STEP][PASSED] - Statement - switch (id): Finding Test Object with id 'Object Repository/MOH AND GRN/Page_KDMC - CMS/input_txtmrp'

2018-05-28 13:35:34 - [TEST_STEP][PASSED] - Statement - case 1:: Text 'BA494.0' is set on object 'Object Repository/MOH AND GRN/Page_KDMC - CMS/input_txtbatchno'

2018-05-28 13:35:34 - [TEST_STEP][PASSED] - Statement - return (java.lang.Math.floor((java.lang.Math.random() * ((max - min) + 1))) + min): Text 'BA494.0' is set on object 'Object Repository/MOH AND GRN/Page_KDMC - CMS/input_txtbatchno'

2018-05-28 13:35:34 - [MESSAGE][PASSED] - Text 'BA494.0' is set on object 'Object Repository/MOH AND GRN/Page_KDMC - CMS/input_txtbatchno'

2018-05-28 13:35:34 - [TEST_STEP][PASSED] - rightClick: Object: 'Object Repository/GRN/Page_KDMC - CMS/input_txtexpdate' is right clicked on

2018-05-28 13:35:34 - [MESSAGE][PASSED] - Object: 'Object Repository/GRN/Page_KDMC - CMS/input_txtexpdate' is right clicked on

2018-05-28 13:35:34 - [TEST_STEP][PASSED] - selectOptionByIndex: All options with index in [6] are selected on object 'Object Repository/GRN/Page_KDMC - CMS/select_20182019202020212022202'

2018-05-28 13:35:35 - [MESSAGE][PASSED] - All options with index in [6] are selected on object 'Object Repository/GRN/Page_KDMC - CMS/select_20182019202020212022202'

2018-05-28 13:35:35 - [TEST_STEP][PASSED] - selectOptionByIndex: All options with index in [6] are selected on object 'Object Repository/GRN/Page_KDMC - CMS/select_JanFebMarAprMayJunJulAu'

2018-05-28 13:35:35 - [MESSAGE][PASSED] - All options with index in [6] are selected on object 'Object Repository/GRN/Page_KDMC - CMS/select_JanFebMarAprMayJunJulAu'

2018-05-28 13:35:35 - [TEST_STEP][PASSED] - click: Object: 'Object Repository/MOH AND GRN/Page_KDMC - CMS/a_12' is clicked on

2018-05-28 13:35:35 - [MESSAGE][PASSED] - Object: 'Object Repository/MOH AND GRN/Page_KDMC - CMS/a_12' is clicked on

2018-05-28 13:35:35 - [TEST_STEP][PASSED] - click: Object: 'Object Repository/MOH AND GRN/Page_KDMC - CMS/input_btnadd' is clicked on

2018-05-28 13:35:35 - [MESSAGE][PASSED] - Object: 'Object Repository/MOH AND GRN/Page_KDMC - CMS/input_btnadd' is clicked on

2018-05-28 13:35:35 - [TEST_STEP][PASSED] - Statement - If (s == 10): null

2018-05-28 13:35:35 - [TEST_STEP][PASSED] - Statement - Else: null

2018-05-28 13:35:35 - [TEST_STEP][PASSED] - Statement - (s++): null

2018-05-28 13:35:35 - [TEST_STEP][PASSED] - delay: Delayed 1 second(s)

2018-05-28 13:35:36 - [MESSAGE][PASSED] - Delayed 1 second(s)

2018-05-28 13:35:36 - [TEST_STEP][PASSED] - selectOptionByIndex: All options with index in [7] are selected on object 'Object Repository/MOH AND GRN/Page_KDMC - CMS/select_--Select--Amikacin -500'

2018-05-28 13:35:36 - [MESSAGE][PASSED] - All options with index in [7] are selected on object 'Object Repository/MOH AND GRN/Page_KDMC - CMS/select_--Select--Amikacin -500'

2018-05-28 13:35:36 - [TEST_STEP][PASSED] - setText: Text '5000' is set on object 'Object Repository/MOH AND GRN/Page_KDMC - CMS/input_txtqty'

2018-05-28 13:35:36 - [MESSAGE][PASSED] - Text '5000' is set on object 'Object Repository/MOH AND GRN/Page_KDMC - CMS/input_txtqty'

2018-05-28 13:35:36 - [TEST_STEP][PASSED] - selectOptionByIndex: All options with index in [1] are selected on object 'Object Repository/MOH AND GRN/Page_KDMC - CMS/select_--Select--No Tax0'

2018-05-28 13:35:37 - [MESSAGE][PASSED] - All options with index in [1] are selected on object 'Object Repository/MOH AND GRN/Page_KDMC - CMS/select_--Select--No Tax0'

2018-05-28 13:35:37 - [TEST_STEP][PASSED] - setText: Finding Test Object with id 'Object Repository/MOH AND GRN/Page_KDMC - CMS/input_txtmrp'

2018-05-28 13:35:37 - [TEST_STEP][PASSED] - Statement - switch (id): Finding Test Object with id 'Object Repository/MOH AND GRN/Page_KDMC - CMS/input_txtdeal'

2018-05-28 13:35:37 - [TEST_STEP][PASSED] - Statement - case 4:: Text '30.0' is set on object 'Object Repository/MOH AND GRN/Page_KDMC - CMS/input_txtmrp'

2018-05-28 13:35:37 - [TEST_STEP][PASSED] - Statement - return (java.lang.Math.floor((java.lang.Math.random() * ((max - min) + 1))) + min): Text '30.0' is set on object 'Object Repository/MOH AND GRN/Page_KDMC - CMS/input_txtmrp'

2018-05-28 13:35:37 - [MESSAGE][PASSED] - Text '30.0' is set on object 'Object Repository/MOH AND GRN/Page_KDMC - CMS/input_txtmrp'

2018-05-28 13:35:37 - [TEST_STEP][PASSED] - setText: Finding Test Object with id 'Object Repository/MOH AND GRN/Page_KDMC - CMS/input_txtdeal'

2018-05-28 13:35:37 - [TEST_STEP][PASSED] - Statement - switch (id): Finding Test Object with id 'Object Repository/MOH AND GRN/Page_KDMC - CMS/input_txtbatchno'

2018-05-28 13:35:37 - [TEST_STEP][PASSED] - Statement - case 5:: Text '5.0' is set on object 'Object Repository/MOH AND GRN/Page_KDMC - CMS/input_txtdeal'

2018-05-28 13:35:37 - [TEST_STEP][PASSED] - Statement - return (java.lang.Math.floor((java.lang.Math.random() * ((max - min) + 1))) + min): Text '5.0' is set on object 'Object Repository/MOH AND GRN/Page_KDMC - CMS/input_txtdeal'

2018-05-28 13:35:37 - [MESSAGE][PASSED] - Text '5.0' is set on object 'Object Repository/MOH AND GRN/Page_KDMC - CMS/input_txtdeal'

2018-05-28 13:35:37 - [TEST_STEP][PASSED] - setText: Finding Test Object with id 'Object Repository/MOH AND GRN/Page_KDMC - CMS/input_txtbatchno'

2018-05-28 13:35:37 - [TEST_STEP][PASSED] - Statement - switch (id): Finding Test Object with id 'Object Repository/MOH AND GRN/Page_KDMC - CMS/input_txtmrp'

2018-05-28 13:35:37 - [TEST_STEP][PASSED] - Statement - case 1:: Text 'BA287.0' is set on object 'Object Repository/MOH AND GRN/Page_KDMC - CMS/input_txtbatchno'

2018-05-28 13:35:37 - [TEST_STEP][PASSED] - Statement - return (java.lang.Math.floor((java.lang.Math.random() * ((max - min) + 1))) + min): Text 'BA287.0' is set on object 'Object Repository/MOH AND GRN/Page_KDMC - CMS/input_txtbatchno'

2018-05-28 13:35:37 - [MESSAGE][PASSED] - Text 'BA287.0' is set on object 'Object Repository/MOH AND GRN/Page_KDMC - CMS/input_txtbatchno'

2018-05-28 13:35:37 - [TEST_STEP][PASSED] - rightClick: Object: 'Object Repository/GRN/Page_KDMC - CMS/input_txtexpdate' is right clicked on

2018-05-28 13:35:37 - [MESSAGE][PASSED] - Object: 'Object Repository/GRN/Page_KDMC - CMS/input_txtexpdate' is right clicked on

2018-05-28 13:35:37 - [TEST_STEP][PASSED] - selectOptionByIndex: All options with index in [7] are selected on object 'Object Repository/GRN/Page_KDMC - CMS/select_20182019202020212022202'

2018-05-28 13:35:37 - [MESSAGE][PASSED] - All options with index in [7] are selected on object 'Object Repository/GRN/Page_KDMC - CMS/select_20182019202020212022202'

2018-05-28 13:35:37 - [TEST_STEP][PASSED] - selectOptionByIndex: All options with index in [7] are selected on object 'Object Repository/GRN/Page_KDMC - CMS/select_JanFebMarAprMayJunJulAu'

2018-05-28 13:35:37 - [MESSAGE][PASSED] - All options with index in [7] are selected on object 'Object Repository/GRN/Page_KDMC - CMS/select_JanFebMarAprMayJunJulAu'

2018-05-28 13:35:37 - [TEST_STEP][PASSED] - click: Object: 'Object Repository/MOH AND GRN/Page_KDMC - CMS/a_12' is clicked on

2018-05-28 13:35:37 - [MESSAGE][PASSED] - Object: 'Object Repository/MOH AND GRN/Page_KDMC - CMS/a_12' is clicked on

2018-05-28 13:35:37 - [TEST_STEP][PASSED] - click: Object: 'Object Repository/MOH AND GRN/Page_KDMC - CMS/input_btnadd' is clicked on

2018-05-28 13:35:37 - [MESSAGE][PASSED] - Object: 'Object Repository/MOH AND GRN/Page_KDMC - CMS/input_btnadd' is clicked on

2018-05-28 13:35:37 - [TEST_STEP][PASSED] - Statement - If (s == 10): null

2018-05-28 13:35:37 - [TEST_STEP][PASSED] - Statement - Else: null

2018-05-28 13:35:37 - [TEST_STEP][PASSED] - Statement - (s++): null

2018-05-28 13:35:37 - [TEST_STEP][PASSED] - delay: Delayed 1 second(s)

2018-05-28 13:35:38 - [MESSAGE][PASSED] - Delayed 1 second(s)

2018-05-28 13:35:38 - [TEST_STEP][PASSED] - selectOptionByIndex: All options with index in [8] are selected on object 'Object Repository/MOH AND GRN/Page_KDMC - CMS/select_--Select--Amikacin -500'

2018-05-28 13:35:39 - [MESSAGE][PASSED] - All options with index in [8] are selected on object 'Object Repository/MOH AND GRN/Page_KDMC - CMS/select_--Select--Amikacin -500'

2018-05-28 13:35:39 - [TEST_STEP][PASSED] - setText: Text '5000' is set on object 'Object Repository/MOH AND GRN/Page_KDMC - CMS/input_txtqty'

2018-05-28 13:35:39 - [MESSAGE][PASSED] - Text '5000' is set on object 'Object Repository/MOH AND GRN/Page_KDMC - CMS/input_txtqty'

2018-05-28 13:35:39 - [TEST_STEP][PASSED] - selectOptionByIndex: All options with index in [1] are selected on object 'Object Repository/MOH AND GRN/Page_KDMC - CMS/select_--Select--No Tax0'

2018-05-28 13:35:39 - [MESSAGE][PASSED] - All options with index in [1] are selected on object 'Object Repository/MOH AND GRN/Page_KDMC - CMS/select_--Select--No Tax0'

2018-05-28 13:35:39 - [TEST_STEP][PASSED] - setText: Finding Test Object with id 'Object Repository/MOH AND GRN/Page_KDMC - CMS/input_txtmrp'

2018-05-28 13:35:39 - [TEST_STEP][PASSED] - Statement - switch (id): Finding Test Object with id 'Object Repository/MOH AND GRN/Page_KDMC - CMS/input_txtdeal'

2018-05-28 13:35:39 - [TEST_STEP][PASSED] - Statement - case 4:: Text '35.0' is set on object 'Object Repository/MOH AND GRN/Page_KDMC - CMS/input_txtmrp'

2018-05-28 13:35:39 - [TEST_STEP][PASSED] - Statement - return (java.lang.Math.floor((java.lang.Math.random() * ((max - min) + 1))) + min): Text '35.0' is set on object 'Object Repository/MOH AND GRN/Page_KDMC - CMS/input_txtmrp'

2018-05-28 13:35:39 - [MESSAGE][PASSED] - Text '35.0' is set on object 'Object Repository/MOH AND GRN/Page_KDMC - CMS/input_txtmrp'

2018-05-28 13:35:39 - [TEST_STEP][PASSED] - setText: Finding Test Object with id 'Object Repository/MOH AND GRN/Page_KDMC - CMS/input_txtdeal'

2018-05-28 13:35:39 - [TEST_STEP][PASSED] - Statement - switch (id): Finding Test Object with id 'Object Repository/MOH AND GRN/Page_KDMC - CMS/input_txtbatchno'

2018-05-28 13:35:39 - [TEST_STEP][PASSED] - Statement - case 5:: Text '9.0' is set on object 'Object Repository/MOH AND GRN/Page_KDMC - CMS/input_txtdeal'

2018-05-28 13:35:39 - [TEST_STEP][PASSED] - Statement - return (java.lang.Math.floor((java.lang.Math.random() * ((max - min) + 1))) + min): Text '9.0' is set on object 'Object Repository/MOH AND GRN/Page_KDMC - CMS/input_txtdeal'

2018-05-28 13:35:39 - [MESSAGE][PASSED] - Text '9.0' is set on object 'Object Repository/MOH AND GRN/Page_KDMC - CMS/input_txtdeal'

2018-05-28 13:35:39 - [TEST_STEP][PASSED] - setText: Finding Test Object with id 'Object Repository/MOH AND GRN/Page_KDMC - CMS/input_txtbatchno'

2018-05-28 13:35:39 - [TEST_STEP][PASSED] - Statement - switch (id): Finding Test Object with id 'Object Repository/MOH AND GRN/Page_KDMC - CMS/input_txtmrp'

2018-05-28 13:35:39 - [TEST_STEP][PASSED] - Statement - case 1:: Text 'BA721.0' is set on object 'Object Repository/MOH AND GRN/Page_KDMC - CMS/input_txtbatchno'

2018-05-28 13:35:39 - [TEST_STEP][PASSED] - Statement - return (java.lang.Math.floor((java.lang.Math.random() * ((max - min) + 1))) + min): Text 'BA721.0' is set on object 'Object Repository/MOH AND GRN/Page_KDMC - CMS/input_txtbatchno'

2018-05-28 13:35:39 - [MESSAGE][PASSED] - Text 'BA721.0' is set on object 'Object Repository/MOH AND GRN/Page_KDMC - CMS/input_txtbatchno'

2018-05-28 13:35:39 - [TEST_STEP][PASSED] - rightClick: Object: 'Object Repository/GRN/Page_KDMC - CMS/input_txtexpdate' is right clicked on

2018-05-28 13:35:39 - [MESSAGE][PASSED] - Object: 'Object Repository/GRN/Page_KDMC - CMS/input_txtexpdate' is right clicked on

2018-05-28 13:35:39 - [TEST_STEP][PASSED] - selectOptionByIndex: All options with index in [8] are selected on object 'Object Repository/GRN/Page_KDMC - CMS/select_20182019202020212022202'

2018-05-28 13:35:40 - [MESSAGE][PASSED] - All options with index in [8] are selected on object 'Object Repository/GRN/Page_KDMC - CMS/select_20182019202020212022202'

2018-05-28 13:35:40 - [TEST_STEP][PASSED] - selectOptionByIndex: All options with index in [8] are selected on object 'Object Repository/GRN/Page_KDMC - CMS/select_JanFebMarAprMayJunJulAu'

2018-05-28 13:35:40 - [MESSAGE][PASSED] - All options with index in [8] are selected on object 'Object Repository/GRN/Page_KDMC - CMS/select_JanFebMarAprMayJunJulAu'

2018-05-28 13:35:40 - [TEST_STEP][PASSED] - click: Object: 'Object Repository/MOH AND GRN/Page_KDMC - CMS/a_12' is clicked on

2018-05-28 13:35:40 - [MESSAGE][PASSED] - Object: 'Object Repository/MOH AND GRN/Page_KDMC - CMS/a_12' is clicked on

2018-05-28 13:35:40 - [TEST_STEP][PASSED] - click: Object: 'Object Repository/MOH AND GRN/Page_KDMC - CMS/input_btnadd' is clicked on

2018-05-28 13:35:40 - [MESSAGE][PASSED] - Object: 'Object Repository/MOH AND GRN/Page_KDMC - CMS/input_btnadd' is clicked on

2018-05-28 13:35:40 - [TEST_STEP][PASSED] - Statement - If (s == 10): null

2018-05-28 13:35:40 - [TEST_STEP][PASSED] - Statement - Else: null

2018-05-28 13:35:40 - [TEST_STEP][PASSED] - Statement - (s++): null

2018-05-28 13:35:40 - [TEST_STEP][PASSED] - delay: Delayed 1 second(s)

2018-05-28 13:35:41 - [MESSAGE][PASSED] - Delayed 1 second(s)

2018-05-28 13:35:41 - [TEST_STEP][PASSED] - selectOptionByIndex: All options with index in [9] are selected on object 'Object Repository/MOH AND GRN/Page_KDMC - CMS/select_--Select--Amikacin -500'

2018-05-28 13:35:41 - [MESSAGE][PASSED] - All options with index in [9] are selected on object 'Object Repository/MOH AND GRN/Page_KDMC - CMS/select_--Select--Amikacin -500'

2018-05-28 13:35:41 - [TEST_STEP][PASSED] - setText: Text '5000' is set on object 'Object Repository/MOH AND GRN/Page_KDMC - CMS/input_txtqty'

2018-05-28 13:35:41 - [MESSAGE][PASSED] - Text '5000' is set on object 'Object Repository/MOH AND GRN/Page_KDMC - CMS/input_txtqty'

2018-05-28 13:35:41 - [TEST_STEP][PASSED] - selectOptionByIndex: All options with index in [1] are selected on object 'Object Repository/MOH AND GRN/Page_KDMC - CMS/select_--Select--No Tax0'

2018-05-28 13:35:41 - [MESSAGE][PASSED] - All options with index in [1] are selected on object 'Object Repository/MOH AND GRN/Page_KDMC - CMS/select_--Select--No Tax0'

2018-05-28 13:35:41 - [TEST_STEP][PASSED] - setText: Finding Test Object with id 'Object Repository/MOH AND GRN/Page_KDMC - CMS/input_txtmrp'

2018-05-28 13:35:41 - [TEST_STEP][PASSED] - Statement - switch (id): Finding Test Object with id 'Object Repository/MOH AND GRN/Page_KDMC - CMS/input_txtdeal'

2018-05-28 13:35:41 - [TEST_STEP][PASSED] - Statement - case 4:: Text '43.0' is set on object 'Object Repository/MOH AND GRN/Page_KDMC - CMS/input_txtmrp'

2018-05-28 13:35:41 - [TEST_STEP][PASSED] - Statement - return (java.lang.Math.floor((java.lang.Math.random() * ((max - min) + 1))) + min): Text '43.0' is set on object 'Object Repository/MOH AND GRN/Page_KDMC - CMS/input_txtmrp'

2018-05-28 13:35:41 - [MESSAGE][PASSED] - Text '43.0' is set on object 'Object Repository/MOH AND GRN/Page_KDMC - CMS/input_txtmrp'

2018-05-28 13:35:41 - [TEST_STEP][PASSED] - setText: Finding Test Object with id 'Object Repository/MOH AND GRN/Page_KDMC - CMS/input_txtdeal'

2018-05-28 13:35:41 - [TEST_STEP][PASSED] - Statement - switch (id): Finding Test Object with id 'Object Repository/MOH AND GRN/Page_KDMC - CMS/input_txtbatchno'

2018-05-28 13:35:41 - [TEST_STEP][PASSED] - Statement - case 5:: Text '6.0' is set on object 'Object Repository/MOH AND GRN/Page_KDMC - CMS/input_txtdeal'

2018-05-28 13:35:41 - [TEST_STEP][PASSED] - Statement - return (java.lang.Math.floor((java.lang.Math.random() * ((max - min) + 1))) + min): Text '6.0' is set on object 'Object Repository/MOH AND GRN/Page_KDMC - CMS/input_txtdeal'

2018-05-28 13:35:41 - [MESSAGE][PASSED] - Text '6.0' is set on object 'Object Repository/MOH AND GRN/Page_KDMC - CMS/input_txtdeal'

2018-05-28 13:35:41 - [TEST_STEP][PASSED] - setText: Finding Test Object with id 'Object Repository/MOH AND GRN/Page_KDMC - CMS/input_txtbatchno'

2018-05-28 13:35:41 - [TEST_STEP][PASSED] - Statement - switch (id): Finding Test Object with id 'Object Repository/MOH AND GRN/Page_KDMC - CMS/input_txtmrp'

2018-05-28 13:35:41 - [TEST_STEP][PASSED] - Statement - case 1:: Text 'BA995.0' is set on object 'Object Repository/MOH AND GRN/Page_KDMC - CMS/input_txtbatchno'

2018-05-28 13:35:41 - [TEST_STEP][PASSED] - Statement - return (java.lang.Math.floor((java.lang.Math.random() * ((max - min) + 1))) + min): Text 'BA995.0' is set on object 'Object Repository/MOH AND GRN/Page_KDMC - CMS/input_txtbatchno'

2018-05-28 13:35:42 - [MESSAGE][PASSED] - Text 'BA995.0' is set on object 'Object Repository/MOH AND GRN/Page_KDMC - CMS/input_txtbatchno'

2018-05-28 13:35:42 - [TEST_STEP][PASSED] - rightClick: Object: 'Object Repository/GRN/Page_KDMC - CMS/input_txtexpdate' is right clicked on

2018-05-28 13:35:42 - [MESSAGE][PASSED] - Object: 'Object Repository/GRN/Page_KDMC - CMS/input_txtexpdate' is right clicked on

2018-05-28 13:35:42 - [TEST_STEP][PASSED] - selectOptionByIndex: All options with index in [9] are selected on object 'Object Repository/GRN/Page_KDMC - CMS/select_20182019202020212022202'

2018-05-28 13:35:42 - [MESSAGE][PASSED] - All options with index in [9] are selected on object 'Object Repository/GRN/Page_KDMC - CMS/select_20182019202020212022202'

2018-05-28 13:35:42 - [TEST_STEP][PASSED] - selectOptionByIndex: All options with index in [9] are selected on object 'Object Repository/GRN/Page_KDMC - CMS/select_JanFebMarAprMayJunJulAu'

2018-05-28 13:35:42 - [MESSAGE][PASSED] - All options with index in [9] are selected on object 'Object Repository/GRN/Page_KDMC - CMS/select_JanFebMarAprMayJunJulAu'

2018-05-28 13:35:42 - [TEST_STEP][PASSED] - click: Object: 'Object Repository/MOH AND GRN/Page_KDMC - CMS/a_12' is clicked on

2018-05-28 13:35:42 - [MESSAGE][PASSED] - Object: 'Object Repository/MOH AND GRN/Page_KDMC - CMS/a_12' is clicked on

2018-05-28 13:35:42 - [TEST_STEP][PASSED] - click: Object: 'Object Repository/MOH AND GRN/Page_KDMC - CMS/input_btnadd' is clicked on

2018-05-28 13:35:42 - [MESSAGE][PASSED] - Object: 'Object Repository/MOH AND GRN/Page_KDMC - CMS/input_btnadd' is clicked on

2018-05-28 13:35:42 - [TEST_STEP][PASSED] - Statement - If (s == 10): null

2018-05-28 13:35:42 - [TEST_STEP][PASSED] - Statement - Else: null

2018-05-28 13:35:42 - [TEST_STEP][PASSED] - Statement - (s++): null

2018-05-28 13:35:42 - [TEST_STEP][PASSED] - delay: Delayed 1 second(s)

2018-05-28 13:35:43 - [MESSAGE][PASSED] - Delayed 1 second(s)

2018-05-28 13:35:43 - [TEST_STEP][PASSED] - selectOptionByIndex: All options with index in [10] are selected on object 'Object Repository/MOH AND GRN/Page_KDMC - CMS/select_--Select--Amikacin -500'

2018-05-28 13:35:44 - [MESSAGE][PASSED] - All options with index in [10] are selected on object 'Object Repository/MOH AND GRN/Page_KDMC - CMS/select_--Select--Amikacin -500'

2018-05-28 13:35:44 - [TEST_STEP][PASSED] - setText: Text '5000' is set on object 'Object Repository/MOH AND GRN/Page_KDMC - CMS/input_txtqty'

2018-05-28 13:35:44 - [MESSAGE][PASSED] - Text '5000' is set on object 'Object Repository/MOH AND GRN/Page_KDMC - CMS/input_txtqty'

2018-05-28 13:35:44 - [TEST_STEP][PASSED] - selectOptionByIndex: All options with index in [1] are selected on object 'Object Repository/MOH AND GRN/Page_KDMC - CMS/select_--Select--No Tax0'

2018-05-28 13:35:44 - [MESSAGE][PASSED] - All options with index in [1] are selected on object 'Object Repository/MOH AND GRN/Page_KDMC - CMS/select_--Select--No Tax0'

2018-05-28 13:35:44 - [TEST_STEP][PASSED] - setText: Finding Test Object with id 'Object Repository/MOH AND GRN/Page_KDMC - CMS/input_txtmrp'

2018-05-28 13:35:44 - [TEST_STEP][PASSED] - Statement - switch (id): Finding Test Object with id 'Object Repository/MOH AND GRN/Page_KDMC - CMS/input_txtdeal'

2018-05-28 13:35:44 - [TEST_STEP][PASSED] - Statement - case 4:: Text '44.0' is set on object 'Object Repository/MOH AND GRN/Page_KDMC - CMS/input_txtmrp'

2018-05-28 13:35:44 - [TEST_STEP][PASSED] - Statement - return (java.lang.Math.floor((java.lang.Math.random() * ((max - min) + 1))) + min): Text '44.0' is set on object 'Object Repository/MOH AND GRN/Page_KDMC - CMS/input_txtmrp'

2018-05-28 13:35:44 - [MESSAGE][PASSED] - Text '44.0' is set on object 'Object Repository/MOH AND GRN/Page_KDMC - CMS/input_txtmrp'

2018-05-28 13:35:44 - [TEST_STEP][PASSED] - setText: Finding Test Object with id 'Object Repository/MOH AND GRN/Page_KDMC - CMS/input_txtdeal'

2018-05-28 13:35:44 - [TEST_STEP][PASSED] - Statement - switch (id): Finding Test Object with id 'Object Repository/MOH AND GRN/Page_KDMC - CMS/input_txtbatchno'

2018-05-28 13:35:44 - [TEST_STEP][PASSED] - Statement - case 5:: Text '7.0' is set on object 'Object Repository/MOH AND GRN/Page_KDMC - CMS/input_txtdeal'

2018-05-28 13:35:44 - [TEST_STEP][PASSED] - Statement - return (java.lang.Math.floor((java.lang.Math.random() * ((max - min) + 1))) + min): Text '7.0' is set on object 'Object Repository/MOH AND GRN/Page_KDMC - CMS/input_txtdeal'

2018-05-28 13:35:44 - [MESSAGE][PASSED] - Text '7.0' is set on object 'Object Repository/MOH AND GRN/Page_KDMC - CMS/input_txtdeal'

2018-05-28 13:35:44 - [TEST_STEP][PASSED] - setText: Finding Test Object with id 'Object Repository/MOH AND GRN/Page_KDMC - CMS/input_txtbatchno'

2018-05-28 13:35:44 - [TEST_STEP][PASSED] - Statement - switch (id): Finding Test Object with id 'Object Repository/MOH AND GRN/Page_KDMC - CMS/input_txtmrp'

2018-05-28 13:35:44 - [TEST_STEP][PASSED] - Statement - case 1:: Text 'BA822.0' is set on object 'Object Repository/MOH AND GRN/Page_KDMC - CMS/input_txtbatchno'

2018-05-28 13:35:44 - [TEST_STEP][PASSED] - Statement - return (java.lang.Math.floor((java.lang.Math.random() * ((max - min) + 1))) + min): Text 'BA822.0' is set on object 'Object Repository/MOH AND GRN/Page_KDMC - CMS/input_txtbatchno'

2018-05-28 13:35:44 - [MESSAGE][PASSED] - Text 'BA822.0' is set on object 'Object Repository/MOH AND GRN/Page_KDMC - CMS/input_txtbatchno'

2018-05-28 13:35:44 - [TEST_STEP][PASSED] - rightClick: Object: 'Object Repository/GRN/Page_KDMC - CMS/input_txtexpdate' is right clicked on

2018-05-28 13:35:44 - [MESSAGE][PASSED] - Object: 'Object Repository/GRN/Page_KDMC - CMS/input_txtexpdate' is right clicked on

2018-05-28 13:35:44 - [TEST_STEP][PASSED] - selectOptionByIndex: All options with index in [10] are selected on object 'Object Repository/GRN/Page_KDMC - CMS/select_20182019202020212022202'

2018-05-28 13:35:44 - [MESSAGE][PASSED] - All options with index in [10] are selected on object 'Object Repository/GRN/Page_KDMC - CMS/select_20182019202020212022202'

2018-05-28 13:35:44 - [TEST_STEP][PASSED] - selectOptionByIndex: All options with index in [10] are selected on object 'Object Repository/GRN/Page_KDMC - CMS/select_JanFebMarAprMayJunJulAu'

2018-05-28 13:35:45 - [MESSAGE][PASSED] - All options with index in [10] are selected on object 'Object Repository/GRN/Page_KDMC - CMS/select_JanFebMarAprMayJunJulAu'

2018-05-28 13:35:45 - [TEST_STEP][PASSED] - click: Object: 'Object Repository/MOH AND GRN/Page_KDMC - CMS/a_12' is clicked on

2018-05-28 13:35:45 - [MESSAGE][PASSED] - Object: 'Object Repository/MOH AND GRN/Page_KDMC - CMS/a_12' is clicked on

2018-05-28 13:35:45 - [TEST_STEP][PASSED] - click: Object: 'Object Repository/MOH AND GRN/Page_KDMC - CMS/input_btnadd' is clicked on

2018-05-28 13:35:45 - [MESSAGE][PASSED] - Object: 'Object Repository/MOH AND GRN/Page_KDMC - CMS/input_btnadd' is clicked on

2018-05-28 13:35:45 - [TEST_STEP][PASSED] - Statement - If (s == 10): null

2018-05-28 13:35:45 - [TEST_STEP][PASSED] - Statement - s = 1: null

2018-05-28 13:35:45 - [TEST_STEP][PASSED] - delay: Delayed 1 second(s)

2018-05-28 13:35:46 - [MESSAGE][PASSED] - Delayed 1 second(s)

2018-05-28 13:35:46 - [TEST_STEP][PASSED] - selectOptionByIndex: All options with index in [11] are selected on object 'Object Repository/MOH AND GRN/Page_KDMC - CMS/select_--Select--Amikacin -500'

2018-05-28 13:35:46 - [MESSAGE][PASSED] - All options with index in [11] are selected on object 'Object Repository/MOH AND GRN/Page_KDMC - CMS/select_--Select--Amikacin -500'

2018-05-28 13:35:46 - [TEST_STEP][PASSED] - setText: Text '5000' is set on object 'Object Repository/MOH AND GRN/Page_KDMC - CMS/input_txtqty'

2018-05-28 13:35:46 - [MESSAGE][PASSED] - Text '5000' is set on object 'Object Repository/MOH AND GRN/Page_KDMC - CMS/input_txtqty'

2018-05-28 13:35:46 - [TEST_STEP][PASSED] - selectOptionByIndex: All options with index in [1] are selected on object 'Object Repository/MOH AND GRN/Page_KDMC - CMS/select_--Select--No Tax0'

2018-05-28 13:35:46 - [MESSAGE][PASSED] - All options with index in [1] are selected on object 'Object Repository/MOH AND GRN/Page_KDMC - CMS/select_--Select--No Tax0'

2018-05-28 13:35:46 - [TEST_STEP][PASSED] - setText: Finding Test Object with id 'Object Repository/MOH AND GRN/Page_KDMC - CMS/input_txtmrp'

2018-05-28 13:35:46 - [TEST_STEP][PASSED] - Statement - switch (id): Finding Test Object with id 'Object Repository/MOH AND GRN/Page_KDMC - CMS/input_txtdeal'

2018-05-28 13:35:46 - [TEST_STEP][PASSED] - Statement - case 4:: Text '19.0' is set on object 'Object Repository/MOH AND GRN/Page_KDMC - CMS/input_txtmrp'

2018-05-28 13:35:46 - [TEST_STEP][PASSED] - Statement - return (java.lang.Math.floor((java.lang.Math.random() * ((max - min) + 1))) + min): Text '19.0' is set on object 'Object Repository/MOH AND GRN/Page_KDMC - CMS/input_txtmrp'

2018-05-28 13:35:46 - [MESSAGE][PASSED] - Text '19.0' is set on object 'Object Repository/MOH AND GRN/Page_KDMC - CMS/input_txtmrp'

2018-05-28 13:35:46 - [TEST_STEP][PASSED] - setText: Finding Test Object with id 'Object Repository/MOH AND GRN/Page_KDMC - CMS/input_txtdeal'

2018-05-28 13:35:46 - [TEST_STEP][PASSED] - Statement - switch (id): Finding Test Object with id 'Object Repository/MOH AND GRN/Page_KDMC - CMS/input_txtbatchno'

2018-05-28 13:35:46 - [TEST_STEP][PASSED] - Statement - case 5:: Text '11.0' is set on object 'Object Repository/MOH AND GRN/Page_KDMC - CMS/input_txtdeal'

2018-05-28 13:35:46 - [TEST_STEP][PASSED] - Statement - return (java.lang.Math.floor((java.lang.Math.random() * ((max - min) + 1))) + min): Text '11.0' is set on object 'Object Repository/MOH AND GRN/Page_KDMC - CMS/input_txtdeal'

2018-05-28 13:35:46 - [MESSAGE][PASSED] - Text '11.0' is set on object 'Object Repository/MOH AND GRN/Page_KDMC - CMS/input_txtdeal'

2018-05-28 13:35:46 - [TEST_STEP][PASSED] - setText: Finding Test Object with id 'Object Repository/MOH AND GRN/Page_KDMC - CMS/input_txtbatchno'

2018-05-28 13:35:46 - [TEST_STEP][PASSED] - Statement - switch (id): Finding Test Object with id 'Object Repository/MOH AND GRN/Page_KDMC - CMS/input_txtmrp'

2018-05-28 13:35:46 - [TEST_STEP][PASSED] - Statement - case 1:: Text 'BA969.0' is set on object 'Object Repository/MOH AND GRN/Page_KDMC - CMS/input_txtbatchno'

2018-05-28 13:35:46 - [TEST_STEP][PASSED] - Statement - return (java.lang.Math.floor((java.lang.Math.random() * ((max - min) + 1))) + min): Text 'BA969.0' is set on object 'Object Repository/MOH AND GRN/Page_KDMC - CMS/input_txtbatchno'

2018-05-28 13:35:47 - [MESSAGE][PASSED] - Text 'BA969.0' is set on object 'Object Repository/MOH AND GRN/Page_KDMC - CMS/input_txtbatchno'

2018-05-28 13:35:47 - [TEST_STEP][PASSED] - rightClick: Object: 'Object Repository/GRN/Page_KDMC - CMS/input_txtexpdate' is right clicked on

2018-05-28 13:35:47 - [MESSAGE][PASSED] - Object: 'Object Repository/GRN/Page_KDMC - CMS/input_txtexpdate' is right clicked on

2018-05-28 13:35:47 - [TEST_STEP][PASSED] - selectOptionByIndex: All options with index in [1] are selected on object 'Object Repository/GRN/Page_KDMC - CMS/select_20182019202020212022202'

2018-05-28 13:35:47 - [MESSAGE][PASSED] - All options with index in [1] are selected on object 'Object Repository/GRN/Page_KDMC - CMS/select_20182019202020212022202'

2018-05-28 13:35:47 - [TEST_STEP][PASSED] - selectOptionByIndex: All options with index in [1] are selected on object 'Object Repository/GRN/Page_KDMC - CMS/select_JanFebMarAprMayJunJulAu'

2018-05-28 13:35:47 - [MESSAGE][PASSED] - All options with index in [1] are selected on object 'Object Repository/GRN/Page_KDMC - CMS/select_JanFebMarAprMayJunJulAu'

2018-05-28 13:35:47 - [TEST_STEP][PASSED] - click: Object: 'Object Repository/MOH AND GRN/Page_KDMC - CMS/a_12' is clicked on

2018-05-28 13:35:47 - [MESSAGE][PASSED] - Object: 'Object Repository/MOH AND GRN/Page_KDMC - CMS/a_12' is clicked on

2018-05-28 13:35:47 - [TEST_STEP][PASSED] - click: Object: 'Object Repository/MOH AND GRN/Page_KDMC - CMS/input_btnadd' is clicked on

2018-05-28 13:35:47 - [MESSAGE][PASSED] - Object: 'Object Repository/MOH AND GRN/Page_KDMC - CMS/input_btnadd' is clicked on

2018-05-28 13:35:47 - [TEST_STEP][PASSED] - Statement - If (s == 10): null

2018-05-28 13:35:47 - [TEST_STEP][PASSED] - Statement - Else: null

2018-05-28 13:35:47 - [TEST_STEP][PASSED] - Statement - (s++): null

2018-05-28 13:35:47 - [TEST_STEP][PASSED] - delay: Delayed 1 second(s)

2018-05-28 13:35:48 - [MESSAGE][PASSED] - Delayed 1 second(s)

2018-05-28 13:35:48 - [TEST_STEP][PASSED] - selectOptionByIndex: All options with index in [12] are selected on object 'Object Repository/MOH AND GRN/Page_KDMC - CMS/select_--Select--Amikacin -500'

2018-05-28 13:35:48 - [MESSAGE][PASSED] - All options with index in [12] are selected on object 'Object Repository/MOH AND GRN/Page_KDMC - CMS/select_--Select--Amikacin -500'

2018-05-28 13:35:48 - [TEST_STEP][PASSED] - setText: Text '5000' is set on object 'Object Repository/MOH AND GRN/Page_KDMC - CMS/input_txtqty'

2018-05-28 13:35:48 - [MESSAGE][PASSED] - Text '5000' is set on object 'Object Repository/MOH AND GRN/Page_KDMC - CMS/input_txtqty'

2018-05-28 13:35:48 - [TEST_STEP][PASSED] - selectOptionByIndex: All options with index in [1] are selected on object 'Object Repository/MOH AND GRN/Page_KDMC - CMS/select_--Select--No Tax0'

2018-05-28 13:35:49 - [MESSAGE][PASSED] - All options with index in [1] are selected on object 'Object Repository/MOH AND GRN/Page_KDMC - CMS/select_--Select--No Tax0'

2018-05-28 13:35:49 - [TEST_STEP][PASSED] - setText: Finding Test Object with id 'Object Repository/MOH AND GRN/Page_KDMC - CMS/input_txtmrp'

2018-05-28 13:35:49 - [TEST_STEP][PASSED] - Statement - switch (id): Finding Test Object with id 'Object Repository/MOH AND GRN/Page_KDMC - CMS/input_txtdeal'

2018-05-28 13:35:49 - [TEST_STEP][PASSED] - Statement - case 4:: Text '22.0' is set on object 'Object Repository/MOH AND GRN/Page_KDMC - CMS/input_txtmrp'

2018-05-28 13:35:49 - [TEST_STEP][PASSED] - Statement - return (java.lang.Math.floor((java.lang.Math.random() * ((max - min) + 1))) + min): Text '22.0' is set on object 'Object Repository/MOH AND GRN/Page_KDMC - CMS/input_txtmrp'

2018-05-28 13:35:49 - [MESSAGE][PASSED] - Text '22.0' is set on object 'Object Repository/MOH AND GRN/Page_KDMC - CMS/input_txtmrp'

2018-05-28 13:35:49 - [TEST_STEP][PASSED] - setText: Finding Test Object with id 'Object Repository/MOH AND GRN/Page_KDMC - CMS/input_txtdeal'

2018-05-28 13:35:49 - [TEST_STEP][PASSED] - Statement - switch (id): Finding Test Object with id 'Object Repository/MOH AND GRN/Page_KDMC - CMS/input_txtbatchno'

2018-05-28 13:35:49 - [TEST_STEP][PASSED] - Statement - case 5:: Text '7.0' is set on object 'Object Repository/MOH AND GRN/Page_KDMC - CMS/input_txtdeal'

2018-05-28 13:35:49 - [TEST_STEP][PASSED] - Statement - return (java.lang.Math.floor((java.lang.Math.random() * ((max - min) + 1))) + min): Text '7.0' is set on object 'Object Repository/MOH AND GRN/Page_KDMC - CMS/input_txtdeal'

2018-05-28 13:35:49 - [MESSAGE][PASSED] - Text '7.0' is set on object 'Object Repository/MOH AND GRN/Page_KDMC - CMS/input_txtdeal'

2018-05-28 13:35:49 - [TEST_STEP][PASSED] - setText: Finding Test Object with id 'Object Repository/MOH AND GRN/Page_KDMC - CMS/input_txtbatchno'

2018-05-28 13:35:49 - [TEST_STEP][PASSED] - Statement - switch (id): Finding Test Object with id 'Object Repository/MOH AND GRN/Page_KDMC - CMS/input_txtmrp'

2018-05-28 13:35:49 - [TEST_STEP][PASSED] - Statement - case 1:: Text 'BA296.0' is set on object 'Object Repository/MOH AND GRN/Page_KDMC - CMS/input_txtbatchno'

2018-05-28 13:35:49 - [TEST_STEP][PASSED] - Statement - return (java.lang.Math.floor((java.lang.Math.random() * ((max - min) + 1))) + min): Text 'BA296.0' is set on object 'Object Repository/MOH AND GRN/Page_KDMC - CMS/input_txtbatchno'

2018-05-28 13:35:49 - [MESSAGE][PASSED] - Text 'BA296.0' is set on object 'Object Repository/MOH AND GRN/Page_KDMC - CMS/input_txtbatchno'

2018-05-28 13:35:49 - [TEST_STEP][PASSED] - rightClick: Object: 'Object Repository/GRN/Page_KDMC - CMS/input_txtexpdate' is right clicked on

2018-05-28 13:35:49 - [MESSAGE][PASSED] - Object: 'Object Repository/GRN/Page_KDMC - CMS/input_txtexpdate' is right clicked on

2018-05-28 13:35:49 - [TEST_STEP][PASSED] - selectOptionByIndex: All options with index in [2] are selected on object 'Object Repository/GRN/Page_KDMC - CMS/select_20182019202020212022202'

2018-05-28 13:35:49 - [MESSAGE][PASSED] - All options with index in [2] are selected on object 'Object Repository/GRN/Page_KDMC - CMS/select_20182019202020212022202'

2018-05-28 13:35:49 - [TEST_STEP][PASSED] - selectOptionByIndex: All options with index in [2] are selected on object 'Object Repository/GRN/Page_KDMC - CMS/select_JanFebMarAprMayJunJulAu'

2018-05-28 13:35:49 - [MESSAGE][PASSED] - All options with index in [2] are selected on object 'Object Repository/GRN/Page_KDMC - CMS/select_JanFebMarAprMayJunJulAu'

2018-05-28 13:35:49 - [TEST_STEP][PASSED] - click: Object: 'Object Repository/MOH AND GRN/Page_KDMC - CMS/a_12' is clicked on

2018-05-28 13:35:49 - [MESSAGE][PASSED] - Object: 'Object Repository/MOH AND GRN/Page_KDMC - CMS/a_12' is clicked on

2018-05-28 13:35:49 - [TEST_STEP][PASSED] - click: Object: 'Object Repository/MOH AND GRN/Page_KDMC - CMS/input_btnadd' is clicked on

2018-05-28 13:35:49 - [MESSAGE][PASSED] - Object: 'Object Repository/MOH AND GRN/Page_KDMC - CMS/input_btnadd' is clicked on

2018-05-28 13:35:49 - [TEST_STEP][PASSED] - Statement - If (s == 10): null

2018-05-28 13:35:49 - [TEST_STEP][PASSED] - Statement - Else: null

2018-05-28 13:35:49 - [TEST_STEP][PASSED] - Statement - (s++): null

2018-05-28 13:35:49 - [TEST_STEP][PASSED] - delay: Delayed 1 second(s)

2018-05-28 13:35:50 - [MESSAGE][PASSED] - Delayed 1 second(s)

2018-05-28 13:35:50 - [TEST_STEP][PASSED] - selectOptionByIndex: All options with index in [13] are selected on object 'Object Repository/MOH AND GRN/Page_KDMC - CMS/select_--Select--Amikacin -500'

2018-05-28 13:35:51 - [MESSAGE][PASSED] - All options with index in [13] are selected on object 'Object Repository/MOH AND GRN/Page_KDMC - CMS/select_--Select--Amikacin -500'

2018-05-28 13:35:51 - [TEST_STEP][PASSED] - setText: Text '5000' is set on object 'Object Repository/MOH AND GRN/Page_KDMC - CMS/input_txtqty'

2018-05-28 13:35:51 - [MESSAGE][PASSED] - Text '5000' is set on object 'Object Repository/MOH AND GRN/Page_KDMC - CMS/input_txtqty'

2018-05-28 13:35:51 - [TEST_STEP][PASSED] - selectOptionByIndex: All options with index in [1] are selected on object 'Object Repository/MOH AND GRN/Page_KDMC - CMS/select_--Select--No Tax0'

2018-05-28 13:35:51 - [MESSAGE][PASSED] - All options with index in [1] are selected on object 'Object Repository/MOH AND GRN/Page_KDMC - CMS/select_--Select--No Tax0'

2018-05-28 13:35:51 - [TEST_STEP][PASSED] - setText: Finding Test Object with id 'Object Repository/MOH AND GRN/Page_KDMC - CMS/input_txtmrp'

2018-05-28 13:35:51 - [TEST_STEP][PASSED] - Statement - switch (id): Finding Test Object with id 'Object Repository/MOH AND GRN/Page_KDMC - CMS/input_txtdeal'

2018-05-28 13:35:51 - [TEST_STEP][PASSED] - Statement - case 4:: Text '35.0' is set on object 'Object Repository/MOH AND GRN/Page_KDMC - CMS/input_txtmrp'

2018-05-28 13:35:51 - [TEST_STEP][PASSED] - Statement - return (java.lang.Math.floor((java.lang.Math.random() * ((max - min) + 1))) + min): Text '35.0' is set on object 'Object Repository/MOH AND GRN/Page_KDMC - CMS/input_txtmrp'

2018-05-28 13:35:51 - [MESSAGE][PASSED] - Text '35.0' is set on object 'Object Repository/MOH AND GRN/Page_KDMC - CMS/input_txtmrp'

2018-05-28 13:35:51 - [TEST_STEP][PASSED] - setText: Finding Test Object with id 'Object Repository/MOH AND GRN/Page_KDMC - CMS/input_txtdeal'

2018-05-28 13:35:51 - [TEST_STEP][PASSED] - Statement - switch (id): Finding Test Object with id 'Object Repository/MOH AND GRN/Page_KDMC - CMS/input_txtbatchno'

2018-05-28 13:35:51 - [TEST_STEP][PASSED] - Statement - case 5:: Text '5.0' is set on object 'Object Repository/MOH AND GRN/Page_KDMC - CMS/input_txtdeal'

2018-05-28 13:35:51 - [TEST_STEP][PASSED] - Statement - return (java.lang.Math.floor((java.lang.Math.random() * ((max - min) + 1))) + min): Text '5.0' is set on object 'Object Repository/MOH AND GRN/Page_KDMC - CMS/input_txtdeal'

2018-05-28 13:35:51 - [MESSAGE][PASSED] - Text '5.0' is set on object 'Object Repository/MOH AND GRN/Page_KDMC - CMS/input_txtdeal'

2018-05-28 13:35:51 - [TEST_STEP][PASSED] - setText: Finding Test Object with id 'Object Repository/MOH AND GRN/Page_KDMC - CMS/input_txtbatchno'

2018-05-28 13:35:51 - [TEST_STEP][PASSED] - Statement - switch (id): Finding Test Object with id 'Object Repository/MOH AND GRN/Page_KDMC - CMS/input_txtmrp'

2018-05-28 13:35:51 - [TEST_STEP][PASSED] - Statement - case 1:: Text 'BA178.0' is set on object 'Object Repository/MOH AND GRN/Page_KDMC - CMS/input_txtbatchno'

2018-05-28 13:35:51 - [TEST_STEP][PASSED] - Statement - return (java.lang.Math.floor((java.lang.Math.random() * ((max - min) + 1))) + min): Text 'BA178.0' is set on object 'Object Repository/MOH AND GRN/Page_KDMC - CMS/input_txtbatchno'

2018-05-28 13:35:51 - [MESSAGE][PASSED] - Text 'BA178.0' is set on object 'Object Repository/MOH AND GRN/Page_KDMC - CMS/input_txtbatchno'

2018-05-28 13:35:51 - [TEST_STEP][PASSED] - rightClick: Object: 'Object Repository/GRN/Page_KDMC - CMS/input_txtexpdate' is right clicked on

2018-05-28 13:35:51 - [MESSAGE][PASSED] - Object: 'Object Repository/GRN/Page_KDMC - CMS/input_txtexpdate' is right clicked on

2018-05-28 13:35:51 - [TEST_STEP][PASSED] - selectOptionByIndex: All options with index in [3] are selected on object 'Object Repository/GRN/Page_KDMC - CMS/select_20182019202020212022202'

2018-05-28 13:35:52 - [MESSAGE][PASSED] - All options with index in [3] are selected on object 'Object Repository/GRN/Page_KDMC - CMS/select_20182019202020212022202'

2018-05-28 13:35:52 - [TEST_STEP][PASSED] - selectOptionByIndex: All options with index in [3] are selected on object 'Object Repository/GRN/Page_KDMC - CMS/select_JanFebMarAprMayJunJulAu'

2018-05-28 13:35:52 - [MESSAGE][PASSED] - All options with index in [3] are selected on object 'Object Repository/GRN/Page_KDMC - CMS/select_JanFebMarAprMayJunJulAu'

2018-05-28 13:35:52 - [TEST_STEP][PASSED] - click: Object: 'Object Repository/MOH AND GRN/Page_KDMC - CMS/a_12' is clicked on

2018-05-28 13:35:52 - [MESSAGE][PASSED] - Object: 'Object Repository/MOH AND GRN/Page_KDMC - CMS/a_12' is clicked on

2018-05-28 13:35:52 - [TEST_STEP][PASSED] - click: Object: 'Object Repository/MOH AND GRN/Page_KDMC - CMS/input_btnadd' is clicked on

2018-05-28 13:35:52 - [MESSAGE][PASSED] - Object: 'Object Repository/MOH AND GRN/Page_KDMC - CMS/input_btnadd' is clicked on

2018-05-28 13:35:52 - [TEST_STEP][PASSED] - Statement - If (s == 10): null

2018-05-28 13:35:52 - [TEST_STEP][PASSED] - Statement - Else: null

2018-05-28 13:35:52 - [TEST_STEP][PASSED] - Statement - (s++): null

2018-05-28 13:35:52 - [TEST_STEP][PASSED] - delay: Delayed 1 second(s)

2018-05-28 13:35:53 - [MESSAGE][PASSED] - Delayed 1 second(s)

2018-05-28 13:35:53 - [TEST_STEP][PASSED] - selectOptionByIndex: All options with index in [14] are selected on object 'Object Repository/MOH AND GRN/Page_KDMC - CMS/select_--Select--Amikacin -500'

2018-05-28 13:35:53 - [MESSAGE][PASSED] - All options with index in [14] are selected on object 'Object Repository/MOH AND GRN/Page_KDMC - CMS/select_--Select--Amikacin -500'

2018-05-28 13:35:53 - [TEST_STEP][PASSED] - setText: Text '5000' is set on object 'Object Repository/MOH AND GRN/Page_KDMC - CMS/input_txtqty'

2018-05-28 13:35:53 - [MESSAGE][PASSED] - Text '5000' is set on object 'Object Repository/MOH AND GRN/Page_KDMC - CMS/input_txtqty'

2018-05-28 13:35:53 - [TEST_STEP][PASSED] - selectOptionByIndex: All options with index in [1] are selected on object 'Object Repository/MOH AND GRN/Page_KDMC - CMS/select_--Select--No Tax0'

2018-05-28 13:35:53 - [MESSAGE][PASSED] - All options with index in [1] are selected on object 'Object Repository/MOH AND GRN/Page_KDMC - CMS/select_--Select--No Tax0'

2018-05-28 13:35:53 - [TEST_STEP][PASSED] - setText: Finding Test Object with id 'Object Repository/MOH AND GRN/Page_KDMC - CMS/input_txtmrp'

2018-05-28 13:35:53 - [TEST_STEP][PASSED] - Statement - switch (id): Finding Test Object with id 'Object Repository/MOH AND GRN/Page_KDMC - CMS/input_txtdeal'

2018-05-28 13:35:53 - [TEST_STEP][PASSED] - Statement - case 4:: Text '19.0' is set on object 'Object Repository/MOH AND GRN/Page_KDMC - CMS/input_txtmrp'

2018-05-28 13:35:53 - [TEST_STEP][PASSED] - Statement - return (java.lang.Math.floor((java.lang.Math.random() * ((max - min) + 1))) + min): Text '19.0' is set on object 'Object Repository/MOH AND GRN/Page_KDMC - CMS/input_txtmrp'

2018-05-28 13:35:54 - [MESSAGE][PASSED] - Text '19.0' is set on object 'Object Repository/MOH AND GRN/Page_KDMC - CMS/input_txtmrp'

2018-05-28 13:35:54 - [TEST_STEP][PASSED] - setText: Finding Test Object with id 'Object Repository/MOH AND GRN/Page_KDMC - CMS/input_txtdeal'

2018-05-28 13:35:54 - [TEST_STEP][PASSED] - Statement - switch (id): Finding Test Object with id 'Object Repository/MOH AND GRN/Page_KDMC - CMS/input_txtbatchno'

2018-05-28 13:35:54 - [TEST_STEP][PASSED] - Statement - case 5:: Text '8.0' is set on object 'Object Repository/MOH AND GRN/Page_KDMC - CMS/input_txtdeal'

2018-05-28 13:35:54 - [TEST_STEP][PASSED] - Statement - return (java.lang.Math.floor((java.lang.Math.random() * ((max - min) + 1))) + min): Text '8.0' is set on object 'Object Repository/MOH AND GRN/Page_KDMC - CMS/input_txtdeal'

2018-05-28 13:35:54 - [MESSAGE][PASSED] - Text '8.0' is set on object 'Object Repository/MOH AND GRN/Page_KDMC - CMS/input_txtdeal'

2018-05-28 13:35:54 - [TEST_STEP][PASSED] - setText: Finding Test Object with id 'Object Repository/MOH AND GRN/Page_KDMC - CMS/input_txtbatchno'

2018-05-28 13:35:54 - [TEST_STEP][PASSED] - Statement - switch (id): Finding Test Object with id 'Object Repository/MOH AND GRN/Page_KDMC - CMS/input_txtmrp'

2018-05-28 13:35:54 - [TEST_STEP][PASSED] - Statement - case 1:: Text 'BA600.0' is set on object 'Object Repository/MOH AND GRN/Page_KDMC - CMS/input_txtbatchno'

2018-05-28 13:35:54 - [TEST_STEP][PASSED] - Statement - return (java.lang.Math.floor((java.lang.Math.random() * ((max - min) + 1))) + min): Text 'BA600.0' is set on object 'Object Repository/MOH AND GRN/Page_KDMC - CMS/input_txtbatchno'

2018-05-28 13:35:54 - [MESSAGE][PASSED] - Text 'BA600.0' is set on object 'Object Repository/MOH AND GRN/Page_KDMC - CMS/input_txtbatchno'

2018-05-28 13:35:54 - [TEST_STEP][PASSED] - rightClick: Object: 'Object Repository/GRN/Page_KDMC - CMS/input_txtexpdate' is right clicked on

2018-05-28 13:35:54 - [MESSAGE][PASSED] - Object: 'Object Repository/GRN/Page_KDMC - CMS/input_txtexpdate' is right clicked on

2018-05-28 13:35:54 - [TEST_STEP][PASSED] - selectOptionByIndex: All options with index in [4] are selected on object 'Object Repository/GRN/Page_KDMC - CMS/select_20182019202020212022202'

2018-05-28 13:35:54 - [MESSAGE][PASSED] - All options with index in [4] are selected on object 'Object Repository/GRN/Page_KDMC - CMS/select_20182019202020212022202'

2018-05-28 13:35:54 - [TEST_STEP][PASSED] - selectOptionByIndex: All options with index in [4] are selected on object 'Object Repository/GRN/Page_KDMC - CMS/select_JanFebMarAprMayJunJulAu'

2018-05-28 13:35:54 - [MESSAGE][PASSED] - All options with index in [4] are selected on object 'Object Repository/GRN/Page_KDMC - CMS/select_JanFebMarAprMayJunJulAu'

2018-05-28 13:35:54 - [TEST_STEP][PASSED] - click: Object: 'Object Repository/MOH AND GRN/Page_KDMC - CMS/a_12' is clicked on

2018-05-28 13:35:54 - [MESSAGE][PASSED] - Object: 'Object Repository/MOH AND GRN/Page_KDMC - CMS/a_12' is clicked on

2018-05-28 13:35:54 - [TEST_STEP][PASSED] - click: Object: 'Object Repository/MOH AND GRN/Page_KDMC - CMS/input_btnadd' is clicked on

2018-05-28 13:35:54 - [MESSAGE][PASSED] - Object: 'Object Repository/MOH AND GRN/Page_KDMC - CMS/input_btnadd' is clicked on

2018-05-28 13:35:54 - [TEST_STEP][PASSED] - Statement - If (s == 10): null

2018-05-28 13:35:54 - [TEST_STEP][PASSED] - Statement - Else: null

2018-05-28 13:35:54 - [TEST_STEP][PASSED] - Statement - (s++): null

2018-05-28 13:35:54 - [TEST_STEP][PASSED] - delay: Delayed 1 second(s)

2018-05-28 13:35:55 - [MESSAGE][PASSED] - Delayed 1 second(s)

2018-05-28 13:35:55 - [TEST_STEP][PASSED] - selectOptionByIndex: All options with index in [15] are selected on object 'Object Repository/MOH AND GRN/Page_KDMC - CMS/select_--Select--Amikacin -500'

2018-05-28 13:35:56 - [MESSAGE][PASSED] - All options with index in [15] are selected on object 'Object Repository/MOH AND GRN/Page_KDMC - CMS/select_--Select--Amikacin -500'

2018-05-28 13:35:56 - [TEST_STEP][PASSED] - setText: Text '5000' is set on object 'Object Repository/MOH AND GRN/Page_KDMC - CMS/input_txtqty'

2018-05-28 13:35:56 - [MESSAGE][PASSED] - Text '5000' is set on object 'Object Repository/MOH AND GRN/Page_KDMC - CMS/input_txtqty'

2018-05-28 13:35:56 - [TEST_STEP][PASSED] - selectOptionByIndex: All options with index in [1] are selected on object 'Object Repository/MOH AND GRN/Page_KDMC - CMS/select_--Select--No Tax0'

2018-05-28 13:35:56 - [MESSAGE][PASSED] - All options with index in [1] are selected on object 'Object Repository/MOH AND GRN/Page_KDMC - CMS/select_--Select--No Tax0'

2018-05-28 13:35:56 - [TEST_STEP][PASSED] - setText: Finding Test Object with id 'Object Repository/MOH AND GRN/Page_KDMC - CMS/input_txtmrp'

2018-05-28 13:35:56 - [TEST_STEP][PASSED] - Statement - switch (id): Finding Test Object with id 'Object Repository/MOH AND GRN/Page_KDMC - CMS/input_txtdeal'

2018-05-28 13:35:56 - [TEST_STEP][PASSED] - Statement - case 4:: Text '24.0' is set on object 'Object Repository/MOH AND GRN/Page_KDMC - CMS/input_txtmrp'

2018-05-28 13:35:56 - [TEST_STEP][PASSED] - Statement - return (java.lang.Math.floor((java.lang.Math.random() * ((max - min) + 1))) + min): Text '24.0' is set on object 'Object Repository/MOH AND GRN/Page_KDMC - CMS/input_txtmrp'

2018-05-28 13:35:56 - [MESSAGE][PASSED] - Text '24.0' is set on object 'Object Repository/MOH AND GRN/Page_KDMC - CMS/input_txtmrp'

2018-05-28 13:35:56 - [TEST_STEP][PASSED] - setText: Finding Test Object with id 'Object Repository/MOH AND GRN/Page_KDMC - CMS/input_txtdeal'

2018-05-28 13:35:56 - [TEST_STEP][PASSED] - Statement - switch (id): Finding Test Object with id 'Object Repository/MOH AND GRN/Page_KDMC - CMS/input_txtbatchno'

2018-05-28 13:35:56 - [TEST_STEP][PASSED] - Statement - case 5:: Text '12.0' is set on object 'Object Repository/MOH AND GRN/Page_KDMC - CMS/input_txtdeal'

2018-05-28 13:35:56 - [TEST_STEP][PASSED] - Statement - return (java.lang.Math.floor((java.lang.Math.random() * ((max - min) + 1))) + min): Text '12.0' is set on object 'Object Repository/MOH AND GRN/Page_KDMC - CMS/input_txtdeal'

2018-05-28 13:35:56 - [MESSAGE][PASSED] - Text '12.0' is set on object 'Object Repository/MOH AND GRN/Page_KDMC - CMS/input_txtdeal'

2018-05-28 13:35:56 - [TEST_STEP][PASSED] - setText: Finding Test Object with id 'Object Repository/MOH AND GRN/Page_KDMC - CMS/input_txtbatchno'

2018-05-28 13:35:56 - [TEST_STEP][PASSED] - Statement - switch (id): Finding Test Object with id 'Object Repository/MOH AND GRN/Page_KDMC - CMS/input_txtmrp'

2018-05-28 13:35:56 - [TEST_STEP][PASSED] - Statement - case 1:: Text 'BA696.0' is set on object 'Object Repository/MOH AND GRN/Page_KDMC - CMS/input_txtbatchno'

2018-05-28 13:35:56 - [TEST_STEP][PASSED] - Statement - return (java.lang.Math.floor((java.lang.Math.random() * ((max - min) + 1))) + min): Text 'BA696.0' is set on object 'Object Repository/MOH AND GRN/Page_KDMC - CMS/input_txtbatchno'

2018-05-28 13:35:56 - [MESSAGE][PASSED] - Text 'BA696.0' is set on object 'Object Repository/MOH AND GRN/Page_KDMC - CMS/input_txtbatchno'

2018-05-28 13:35:56 - [TEST_STEP][PASSED] - rightClick: Object: 'Object Repository/GRN/Page_KDMC - CMS/input_txtexpdate' is right clicked on

2018-05-28 13:35:56 - [MESSAGE][PASSED] - Object: 'Object Repository/GRN/Page_KDMC - CMS/input_txtexpdate' is right clicked on

2018-05-28 13:35:56 - [TEST_STEP][PASSED] - selectOptionByIndex: All options with index in [5] are selected on object 'Object Repository/GRN/Page_KDMC - CMS/select_20182019202020212022202'

2018-05-28 13:35:56 - [MESSAGE][PASSED] - All options with index in [5] are selected on object 'Object Repository/GRN/Page_KDMC - CMS/select_20182019202020212022202'

2018-05-28 13:35:56 - [TEST_STEP][PASSED] - selectOptionByIndex: All options with index in [5] are selected on object 'Object Repository/GRN/Page_KDMC - CMS/select_JanFebMarAprMayJunJulAu'

2018-05-28 13:35:57 - [MESSAGE][PASSED] - All options with index in [5] are selected on object 'Object Repository/GRN/Page_KDMC - CMS/select_JanFebMarAprMayJunJulAu'

2018-05-28 13:35:57 - [TEST_STEP][PASSED] - click: Object: 'Object Repository/MOH AND GRN/Page_KDMC - CMS/a_12' is clicked on

2018-05-28 13:35:57 - [MESSAGE][PASSED] - Object: 'Object Repository/MOH AND GRN/Page_KDMC - CMS/a_12' is clicked on

2018-05-28 13:35:57 - [TEST_STEP][PASSED] - click: Object: 'Object Repository/MOH AND GRN/Page_KDMC - CMS/input_btnadd' is clicked on

2018-05-28 13:35:57 - [MESSAGE][PASSED] - Object: 'Object Repository/MOH AND GRN/Page_KDMC - CMS/input_btnadd' is clicked on

2018-05-28 13:35:57 - [TEST_STEP][PASSED] - Statement - If (s == 10): null

2018-05-28 13:35:57 - [TEST_STEP][PASSED] - Statement - Else: null

2018-05-28 13:35:57 - [TEST_STEP][PASSED] - Statement - (s++): null

2018-05-28 13:35:57 - [TEST_STEP][PASSED] - delay: Delayed 1 second(s)

2018-05-28 13:35:58 - [MESSAGE][PASSED] - Delayed 1 second(s)

2018-05-28 13:35:58 - [TEST_STEP][PASSED] - selectOptionByIndex: All options with index in [16] are selected on object 'Object Repository/MOH AND GRN/Page_KDMC - CMS/select_--Select--Amikacin -500'

2018-05-28 13:35:58 - [MESSAGE][PASSED] - All options with index in [16] are selected on object 'Object Repository/MOH AND GRN/Page_KDMC - CMS/select_--Select--Amikacin -500'

2018-05-28 13:35:58 - [TEST_STEP][PASSED] - setText: Text '5000' is set on object 'Object Repository/MOH AND GRN/Page_KDMC - CMS/input_txtqty'

2018-05-28 13:35:58 - [MESSAGE][PASSED] - Text '5000' is set on object 'Object Repository/MOH AND GRN/Page_KDMC - CMS/input_txtqty'

2018-05-28 13:35:58 - [TEST_STEP][PASSED] - selectOptionByIndex: All options with index in [1] are selected on object 'Object Repository/MOH AND GRN/Page_KDMC - CMS/select_--Select--No Tax0'

2018-05-28 13:35:58 - [MESSAGE][PASSED] - All options with index in [1] are selected on object 'Object Repository/MOH AND GRN/Page_KDMC - CMS/select_--Select--No Tax0'

2018-05-28 13:35:58 - [TEST_STEP][PASSED] - setText: Finding Test Object with id 'Object Repository/MOH AND GRN/Page_KDMC - CMS/input_txtmrp'

2018-05-28 13:35:58 - [TEST_STEP][PASSED] - Statement - switch (id): Finding Test Object with id 'Object Repository/MOH AND GRN/Page_KDMC - CMS/input_txtdeal'

2018-05-28 13:35:58 - [TEST_STEP][PASSED] - Statement - case 4:: Text '40.0' is set on object 'Object Repository/MOH AND GRN/Page_KDMC - CMS/input_txtmrp'

2018-05-28 13:35:58 - [TEST_STEP][PASSED] - Statement - return (java.lang.Math.floor((java.lang.Math.random() * ((max - min) + 1))) + min): Text '40.0' is set on object 'Object Repository/MOH AND GRN/Page_KDMC - CMS/input_txtmrp'

2018-05-28 13:35:58 - [MESSAGE][PASSED] - Text '40.0' is set on object 'Object Repository/MOH AND GRN/Page_KDMC - CMS/input_txtmrp'

2018-05-28 13:35:58 - [TEST_STEP][PASSED] - setText: Finding Test Object with id 'Object Repository/MOH AND GRN/Page_KDMC - CMS/input_txtdeal'

2018-05-28 13:35:58 - [TEST_STEP][PASSED] - Statement - switch (id): Finding Test Object with id 'Object Repository/MOH AND GRN/Page_KDMC - CMS/input_txtbatchno'

2018-05-28 13:35:58 - [TEST_STEP][PASSED] - Statement - case 5:: Text '1.0' is set on object 'Object Repository/MOH AND GRN/Page_KDMC - CMS/input_txtdeal'

2018-05-28 13:35:58 - [TEST_STEP][PASSED] - Statement - return (java.lang.Math.floor((java.lang.Math.random() * ((max - min) + 1))) + min): Text '1.0' is set on object 'Object Repository/MOH AND GRN/Page_KDMC - CMS/input_txtdeal'

2018-05-28 13:35:58 - [MESSAGE][PASSED] - Text '1.0' is set on object 'Object Repository/MOH AND GRN/Page_KDMC - CMS/input_txtdeal'

2018-05-28 13:35:58 - [TEST_STEP][PASSED] - setText: Finding Test Object with id 'Object Repository/MOH AND GRN/Page_KDMC - CMS/input_txtbatchno'

2018-05-28 13:35:58 - [TEST_STEP][PASSED] - Statement - switch (id): Finding Test Object with id 'Object Repository/MOH AND GRN/Page_KDMC - CMS/input_txtmrp'

2018-05-28 13:35:58 - [TEST_STEP][PASSED] - Statement - case 1:: Text 'BA962.0' is set on object 'Object Repository/MOH AND GRN/Page_KDMC - CMS/input_txtbatchno'

2018-05-28 13:35:58 - [TEST_STEP][PASSED] - Statement - return (java.lang.Math.floor((java.lang.Math.random() * ((max - min) + 1))) + min): Text 'BA962.0' is set on object 'Object Repository/MOH AND GRN/Page_KDMC - CMS/input_txtbatchno'

2018-05-28 13:35:59 - [MESSAGE][PASSED] - Text 'BA962.0' is set on object 'Object Repository/MOH AND GRN/Page_KDMC - CMS/input_txtbatchno'

2018-05-28 13:35:59 - [TEST_STEP][PASSED] - rightClick: Object: 'Object Repository/GRN/Page_KDMC - CMS/input_txtexpdate' is right clicked on

2018-05-28 13:35:59 - [MESSAGE][PASSED] - Object: 'Object Repository/GRN/Page_KDMC - CMS/input_txtexpdate' is right clicked on

2018-05-28 13:35:59 - [TEST_STEP][PASSED] - selectOptionByIndex: All options with index in [6] are selected on object 'Object Repository/GRN/Page_KDMC - CMS/select_20182019202020212022202'

2018-05-28 13:35:59 - [MESSAGE][PASSED] - All options with index in [6] are selected on object 'Object Repository/GRN/Page_KDMC - CMS/select_20182019202020212022202'

2018-05-28 13:35:59 - [TEST_STEP][PASSED] - selectOptionByIndex: All options with index in [6] are selected on object 'Object Repository/GRN/Page_KDMC - CMS/select_JanFebMarAprMayJunJulAu'

2018-05-28 13:35:59 - [MESSAGE][PASSED] - All options with index in [6] are selected on object 'Object Repository/GRN/Page_KDMC - CMS/select_JanFebMarAprMayJunJulAu'

2018-05-28 13:35:59 - [TEST_STEP][PASSED] - click: Object: 'Object Repository/MOH AND GRN/Page_KDMC - CMS/a_12' is clicked on

2018-05-28 13:35:59 - [MESSAGE][PASSED] - Object: 'Object Repository/MOH AND GRN/Page_KDMC - CMS/a_12' is clicked on

2018-05-28 13:35:59 - [TEST_STEP][PASSED] - click: Object: 'Object Repository/MOH AND GRN/Page_KDMC - CMS/input_btnadd' is clicked on

2018-05-28 13:35:59 - [MESSAGE][PASSED] - Object: 'Object Repository/MOH AND GRN/Page_KDMC - CMS/input_btnadd' is clicked on

2018-05-28 13:35:59 - [TEST_STEP][PASSED] - Statement - If (s == 10): null

2018-05-28 13:35:59 - [TEST_STEP][PASSED] - Statement - Else: null

2018-05-28 13:35:59 - [TEST_STEP][PASSED] - Statement - (s++): null

2018-05-28 13:35:59 - [TEST_STEP][PASSED] - delay: Delayed 1 second(s)

2018-05-28 13:36:00 - [MESSAGE][PASSED] - Delayed 1 second(s)

2018-05-28 13:36:00 - [TEST_STEP][PASSED] - selectOptionByIndex: All options with index in [17] are selected on object 'Object Repository/MOH AND GRN/Page_KDMC - CMS/select_--Select--Amikacin -500'

2018-05-28 13:36:01 - [MESSAGE][PASSED] - All options with index in [17] are selected on object 'Object Repository/MOH AND GRN/Page_KDMC - CMS/select_--Select--Amikacin -500'

2018-05-28 13:36:01 - [TEST_STEP][PASSED] - setText: Text '5000' is set on object 'Object Repository/MOH AND GRN/Page_KDMC - CMS/input_txtqty'

2018-05-28 13:36:01 - [MESSAGE][PASSED] - Text '5000' is set on object 'Object Repository/MOH AND GRN/Page_KDMC - CMS/input_txtqty'

2018-05-28 13:36:01 - [TEST_STEP][PASSED] - selectOptionByIndex: All options with index in [1] are selected on object 'Object Repository/MOH AND GRN/Page_KDMC - CMS/select_--Select--No Tax0'

2018-05-28 13:36:01 - [MESSAGE][PASSED] - All options with index in [1] are selected on object 'Object Repository/MOH AND GRN/Page_KDMC - CMS/select_--Select--No Tax0'

2018-05-28 13:36:01 - [TEST_STEP][PASSED] - setText: Finding Test Object with id 'Object Repository/MOH AND GRN/Page_KDMC - CMS/input_txtmrp'

2018-05-28 13:36:01 - [TEST_STEP][PASSED] - Statement - switch (id): Finding Test Object with id 'Object Repository/MOH AND GRN/Page_KDMC - CMS/input_txtdeal'

2018-05-28 13:36:01 - [TEST_STEP][PASSED] - Statement - case 4:: Text '26.0' is set on object 'Object Repository/MOH AND GRN/Page_KDMC - CMS/input_txtmrp'

2018-05-28 13:36:01 - [TEST_STEP][PASSED] - Statement - return (java.lang.Math.floor((java.lang.Math.random() * ((max - min) + 1))) + min): Text '26.0' is set on object 'Object Repository/MOH AND GRN/Page_KDMC - CMS/input_txtmrp'

2018-05-28 13:36:01 - [MESSAGE][PASSED] - Text '26.0' is set on object 'Object Repository/MOH AND GRN/Page_KDMC - CMS/input_txtmrp'

2018-05-28 13:36:01 - [TEST_STEP][PASSED] - setText: Finding Test Object with id 'Object Repository/MOH AND GRN/Page_KDMC - CMS/input_txtdeal'

2018-05-28 13:36:01 - [TEST_STEP][PASSED] - Statement - switch (id): Finding Test Object with id 'Object Repository/MOH AND GRN/Page_KDMC - CMS/input_txtbatchno'

2018-05-28 13:36:01 - [TEST_STEP][PASSED] - Statement - case 5:: Text '2.0' is set on object 'Object Repository/MOH AND GRN/Page_KDMC - CMS/input_txtdeal'

2018-05-28 13:36:01 - [TEST_STEP][PASSED] - Statement - return (java.lang.Math.floor((java.lang.Math.random() * ((max - min) + 1))) + min): Text '2.0' is set on object 'Object Repository/MOH AND GRN/Page_KDMC - CMS/input_txtdeal'

2018-05-28 13:36:01 - [MESSAGE][PASSED] - Text '2.0' is set on object 'Object Repository/MOH AND GRN/Page_KDMC - CMS/input_txtdeal'

2018-05-28 13:36:01 - [TEST_STEP][PASSED] - setText: Finding Test Object with id 'Object Repository/MOH AND GRN/Page_KDMC - CMS/input_txtbatchno'

2018-05-28 13:36:01 - [TEST_STEP][PASSED] - Statement - switch (id): Finding Test Object with id 'Object Repository/MOH AND GRN/Page_KDMC - CMS/input_txtmrp'

2018-05-28 13:36:01 - [TEST_STEP][PASSED] - Statement - case 1:: Text 'BA833.0' is set on object 'Object Repository/MOH AND GRN/Page_KDMC - CMS/input_txtbatchno'

2018-05-28 13:36:01 - [TEST_STEP][PASSED] - Statement - return (java.lang.Math.floor((java.lang.Math.random() * ((max - min) + 1))) + min): Text 'BA833.0' is set on object 'Object Repository/MOH AND GRN/Page_KDMC - CMS/input_txtbatchno'

2018-05-28 13:36:01 - [MESSAGE][PASSED] - Text 'BA833.0' is set on object 'Object Repository/MOH AND GRN/Page_KDMC - CMS/input_txtbatchno'

2018-05-28 13:36:01 - [TEST_STEP][PASSED] - rightClick: Object: 'Object Repository/GRN/Page_KDMC - CMS/input_txtexpdate' is right clicked on

2018-05-28 13:36:01 - [MESSAGE][PASSED] - Object: 'Object Repository/GRN/Page_KDMC - CMS/input_txtexpdate' is right clicked on

2018-05-28 13:36:01 - [TEST_STEP][PASSED] - selectOptionByIndex: All options with index in [7] are selected on object 'Object Repository/GRN/Page_KDMC - CMS/select_20182019202020212022202'

2018-05-28 13:36:01 - [MESSAGE][PASSED] - All options with index in [7] are selected on object 'Object Repository/GRN/Page_KDMC - CMS/select_20182019202020212022202'

2018-05-28 13:36:01 - [TEST_STEP][PASSED] - selectOptionByIndex: All options with index in [7] are selected on object 'Object Repository/GRN/Page_KDMC - CMS/select_JanFebMarAprMayJunJulAu'

2018-05-28 13:36:02 - [MESSAGE][PASSED] - All options with index in [7] are selected on object 'Object Repository/GRN/Page_KDMC - CMS/select_JanFebMarAprMayJunJulAu'

2018-05-28 13:36:02 - [TEST_STEP][PASSED] - click: Object: 'Object Repository/MOH AND GRN/Page_KDMC - CMS/a_12' is clicked on

2018-05-28 13:36:02 - [MESSAGE][PASSED] - Object: 'Object Repository/MOH AND GRN/Page_KDMC - CMS/a_12' is clicked on

2018-05-28 13:36:02 - [TEST_STEP][PASSED] - click: Object: 'Object Repository/MOH AND GRN/Page_KDMC - CMS/input_btnadd' is clicked on

2018-05-28 13:36:02 - [MESSAGE][PASSED] - Object: 'Object Repository/MOH AND GRN/Page_KDMC - CMS/input_btnadd' is clicked on

2018-05-28 13:36:02 - [TEST_STEP][PASSED] - Statement - If (s == 10): null

2018-05-28 13:36:02 - [TEST_STEP][PASSED] - Statement - Else: null

2018-05-28 13:36:02 - [TEST_STEP][PASSED] - Statement - (s++): null

2018-05-28 13:36:02 - [TEST_STEP][PASSED] - delay: Delayed 1 second(s)

2018-05-28 13:36:03 - [MESSAGE][PASSED] - Delayed 1 second(s)

2018-05-28 13:36:03 - [TEST_STEP][PASSED] - selectOptionByIndex: All options with index in [18] are selected on object 'Object Repository/MOH AND GRN/Page_KDMC - CMS/select_--Select--Amikacin -500'

2018-05-28 13:36:03 - [MESSAGE][PASSED] - All options with index in [18] are selected on object 'Object Repository/MOH AND GRN/Page_KDMC - CMS/select_--Select--Amikacin -500'

2018-05-28 13:36:03 - [TEST_STEP][PASSED] - setText: Text '5000' is set on object 'Object Repository/MOH AND GRN/Page_KDMC - CMS/input_txtqty'

2018-05-28 13:36:03 - [MESSAGE][PASSED] - Text '5000' is set on object 'Object Repository/MOH AND GRN/Page_KDMC - CMS/input_txtqty'

2018-05-28 13:36:03 - [TEST_STEP][PASSED] - selectOptionByIndex: All options with index in [1] are selected on object 'Object Repository/MOH AND GRN/Page_KDMC - CMS/select_--Select--No Tax0'

2018-05-28 13:36:04 - [MESSAGE][PASSED] - All options with index in [1] are selected on object 'Object Repository/MOH AND GRN/Page_KDMC - CMS/select_--Select--No Tax0'

2018-05-28 13:36:04 - [TEST_STEP][PASSED] - setText: Finding Test Object with id 'Object Repository/MOH AND GRN/Page_KDMC - CMS/input_txtmrp'

2018-05-28 13:36:04 - [TEST_STEP][PASSED] - Statement - switch (id): Finding Test Object with id 'Object Repository/MOH AND GRN/Page_KDMC - CMS/input_txtdeal'

2018-05-28 13:36:04 - [TEST_STEP][PASSED] - Statement - case 4:: Text '36.0' is set on object 'Object Repository/MOH AND GRN/Page_KDMC - CMS/input_txtmrp'

2018-05-28 13:36:04 - [TEST_STEP][PASSED] - Statement - return (java.lang.Math.floor((java.lang.Math.random() * ((max - min) + 1))) + min): Text '36.0' is set on object 'Object Repository/MOH AND GRN/Page_KDMC - CMS/input_txtmrp'

2018-05-28 13:36:04 - [MESSAGE][PASSED] - Text '36.0' is set on object 'Object Repository/MOH AND GRN/Page_KDMC - CMS/input_txtmrp'

2018-05-28 13:36:04 - [TEST_STEP][PASSED] - setText: Finding Test Object with id 'Object Repository/MOH AND GRN/Page_KDMC - CMS/input_txtdeal'

2018-05-28 13:36:04 - [TEST_STEP][PASSED] - Statement - switch (id): Finding Test Object with id 'Object Repository/MOH AND GRN/Page_KDMC - CMS/input_txtbatchno'

2018-05-28 13:36:04 - [TEST_STEP][PASSED] - Statement - case 5:: Text '11.0' is set on object 'Object Repository/MOH AND GRN/Page_KDMC - CMS/input_txtdeal'

2018-05-28 13:36:04 - [TEST_STEP][PASSED] - Statement - return (java.lang.Math.floor((java.lang.Math.random() * ((max - min) + 1))) + min): Text '11.0' is set on object 'Object Repository/MOH AND GRN/Page_KDMC - CMS/input_txtdeal'

2018-05-28 13:36:04 - [MESSAGE][PASSED] - Text '11.0' is set on object 'Object Repository/MOH AND GRN/Page_KDMC - CMS/input_txtdeal'

2018-05-28 13:36:04 - [TEST_STEP][PASSED] - setText: Finding Test Object with id 'Object Repository/MOH AND GRN/Page_KDMC - CMS/input_txtbatchno'

2018-05-28 13:36:04 - [TEST_STEP][PASSED] - Statement - switch (id): Finding Test Object with id 'Object Repository/MOH AND GRN/Page_KDMC - CMS/input_txtmrp'

2018-05-28 13:36:04 - [TEST_STEP][PASSED] - Statement - case 1:: Text 'BA246.0' is set on object 'Object Repository/MOH AND GRN/Page_KDMC - CMS/input_txtbatchno'

2018-05-28 13:36:04 - [TEST_STEP][PASSED] - Statement - return (java.lang.Math.floor((java.lang.Math.random() * ((max - min) + 1))) + min): Text 'BA246.0' is set on object 'Object Repository/MOH AND GRN/Page_KDMC - CMS/input_txtbatchno'

2018-05-28 13:36:04 - [MESSAGE][PASSED] - Text 'BA246.0' is set on object 'Object Repository/MOH AND GRN/Page_KDMC - CMS/input_txtbatchno'

2018-05-28 13:36:04 - [TEST_STEP][PASSED] - rightClick: Object: 'Object Repository/GRN/Page_KDMC - CMS/input_txtexpdate' is right clicked on

2018-05-28 13:36:04 - [MESSAGE][PASSED] - Object: 'Object Repository/GRN/Page_KDMC - CMS/input_txtexpdate' is right clicked on

2018-05-28 13:36:04 - [TEST_STEP][PASSED] - selectOptionByIndex: All options with index in [8] are selected on object 'Object Repository/GRN/Page_KDMC - CMS/select_20182019202020212022202'

2018-05-28 13:36:04 - [MESSAGE][PASSED] - All options with index in [8] are selected on object 'Object Repository/GRN/Page_KDMC - CMS/select_20182019202020212022202'

2018-05-28 13:36:04 - [TEST_STEP][PASSED] - selectOptionByIndex: All options with index in [8] are selected on object 'Object Repository/GRN/Page_KDMC - CMS/select_JanFebMarAprMayJunJulAu'

2018-05-28 13:36:04 - [MESSAGE][PASSED] - All options with index in [8] are selected on object 'Object Repository/GRN/Page_KDMC - CMS/select_JanFebMarAprMayJunJulAu'

2018-05-28 13:36:04 - [TEST_STEP][PASSED] - click: Object: 'Object Repository/MOH AND GRN/Page_KDMC - CMS/a_12' is clicked on

2018-05-28 13:36:04 - [MESSAGE][PASSED] - Object: 'Object Repository/MOH AND GRN/Page_KDMC - CMS/a_12' is clicked on

2018-05-28 13:36:04 - [TEST_STEP][PASSED] - click: Object: 'Object Repository/MOH AND GRN/Page_KDMC - CMS/input_btnadd' is clicked on

2018-05-28 13:36:04 - [MESSAGE][PASSED] - Object: 'Object Repository/MOH AND GRN/Page_KDMC - CMS/input_btnadd' is clicked on

2018-05-28 13:36:04 - [TEST_STEP][PASSED] - Statement - If (s == 10): null

2018-05-28 13:36:04 - [TEST_STEP][PASSED] - Statement - Else: null

2018-05-28 13:36:04 - [TEST_STEP][PASSED] - Statement - (s++): null

2018-05-28 13:36:04 - [TEST_STEP][PASSED] - delay: Delayed 1 second(s)

2018-05-28 13:36:05 - [MESSAGE][PASSED] - Delayed 1 second(s)

2018-05-28 13:36:05 - [TEST_STEP][PASSED] - selectOptionByIndex: All options with index in [19] are selected on object 'Object Repository/MOH AND GRN/Page_KDMC - CMS/select_--Select--Amikacin -500'

2018-05-28 13:36:06 - [MESSAGE][PASSED] - All options with index in [19] are selected on object 'Object Repository/MOH AND GRN/Page_KDMC - CMS/select_--Select--Amikacin -500'

2018-05-28 13:36:06 - [TEST_STEP][PASSED] - setText: Text '5000' is set on object 'Object Repository/MOH AND GRN/Page_KDMC - CMS/input_txtqty'

2018-05-28 13:36:06 - [MESSAGE][PASSED] - Text '5000' is set on object 'Object Repository/MOH AND GRN/Page_KDMC - CMS/input_txtqty'

2018-05-28 13:36:06 - [TEST_STEP][PASSED] - selectOptionByIndex: All options with index in [1] are selected on object 'Object Repository/MOH AND GRN/Page_KDMC - CMS/select_--Select--No Tax0'

2018-05-28 13:36:06 - [MESSAGE][PASSED] - All options with index in [1] are selected on object 'Object Repository/MOH AND GRN/Page_KDMC - CMS/select_--Select--No Tax0'

2018-05-28 13:36:06 - [TEST_STEP][PASSED] - setText: Finding Test Object with id 'Object Repository/MOH AND GRN/Page_KDMC - CMS/input_txtmrp'

2018-05-28 13:36:06 - [TEST_STEP][PASSED] - Statement - switch (id): Finding Test Object with id 'Object Repository/MOH AND GRN/Page_KDMC - CMS/input_txtdeal'

2018-05-28 13:36:06 - [TEST_STEP][PASSED] - Statement - case 4:: Text '29.0' is set on object 'Object Repository/MOH AND GRN/Page_KDMC - CMS/input_txtmrp'

2018-05-28 13:36:06 - [TEST_STEP][PASSED] - Statement - return (java.lang.Math.floor((java.lang.Math.random() * ((max - min) + 1))) + min): Text '29.0' is set on object 'Object Repository/MOH AND GRN/Page_KDMC - CMS/input_txtmrp'

2018-05-28 13:36:06 - [MESSAGE][PASSED] - Text '29.0' is set on object 'Object Repository/MOH AND GRN/Page_KDMC - CMS/input_txtmrp'

2018-05-28 13:36:06 - [TEST_STEP][PASSED] - setText: Finding Test Object with id 'Object Repository/MOH AND GRN/Page_KDMC - CMS/input_txtdeal'

2018-05-28 13:36:06 - [TEST_STEP][PASSED] - Statement - switch (id): Finding Test Object with id 'Object Repository/MOH AND GRN/Page_KDMC - CMS/input_txtbatchno'

2018-05-28 13:36:06 - [TEST_STEP][PASSED] - Statement - case 5:: Text '10.0' is set on object 'Object Repository/MOH AND GRN/Page_KDMC - CMS/input_txtdeal'

2018-05-28 13:36:06 - [TEST_STEP][PASSED] - Statement - return (java.lang.Math.floor((java.lang.Math.random() * ((max - min) + 1))) + min): Text '10.0' is set on object 'Object Repository/MOH AND GRN/Page_KDMC - CMS/input_txtdeal'

2018-05-28 13:36:06 - [MESSAGE][PASSED] - Text '10.0' is set on object 'Object Repository/MOH AND GRN/Page_KDMC - CMS/input_txtdeal'

2018-05-28 13:36:06 - [TEST_STEP][PASSED] - setText: Finding Test Object with id 'Object Repository/MOH AND GRN/Page_KDMC - CMS/input_txtbatchno'

2018-05-28 13:36:06 - [TEST_STEP][PASSED] - Statement - switch (id): Finding Test Object with id 'Object Repository/MOH AND GRN/Page_KDMC - CMS/input_txtmrp'

2018-05-28 13:36:06 - [TEST_STEP][PASSED] - Statement - case 1:: Text 'BA820.0' is set on object 'Object Repository/MOH AND GRN/Page_KDMC - CMS/input_txtbatchno'

2018-05-28 13:36:06 - [TEST_STEP][PASSED] - Statement - return (java.lang.Math.floor((java.lang.Math.random() * ((max - min) + 1))) + min): Text 'BA820.0' is set on object 'Object Repository/MOH AND GRN/Page_KDMC - CMS/input_txtbatchno'

2018-05-28 13:36:06 - [MESSAGE][PASSED] - Text 'BA820.0' is set on object 'Object Repository/MOH AND GRN/Page_KDMC - CMS/input_txtbatchno'

2018-05-28 13:36:06 - [TEST_STEP][PASSED] - rightClick: Object: 'Object Repository/GRN/Page_KDMC - CMS/input_txtexpdate' is right clicked on

2018-05-28 13:36:07 - [MESSAGE][PASSED] - Object: 'Object Repository/GRN/Page_KDMC - CMS/input_txtexpdate' is right clicked on

2018-05-28 13:36:07 - [TEST_STEP][PASSED] - selectOptionByIndex: All options with index in [9] are selected on object 'Object Repository/GRN/Page_KDMC - CMS/select_20182019202020212022202'

2018-05-28 13:36:07 - [MESSAGE][PASSED] - All options with index in [9] are selected on object 'Object Repository/GRN/Page_KDMC - CMS/select_20182019202020212022202'

2018-05-28 13:36:07 - [TEST_STEP][PASSED] - selectOptionByIndex: All options with index in [9] are selected on object 'Object Repository/GRN/Page_KDMC - CMS/select_JanFebMarAprMayJunJulAu'

2018-05-28 13:36:07 - [MESSAGE][PASSED] - All options with index in [9] are selected on object 'Object Repository/GRN/Page_KDMC - CMS/select_JanFebMarAprMayJunJulAu'

2018-05-28 13:36:07 - [TEST_STEP][PASSED] - click: Object: 'Object Repository/MOH AND GRN/Page_KDMC - CMS/a_12' is clicked on

2018-05-28 13:36:07 - [MESSAGE][PASSED] - Object: 'Object Repository/MOH AND GRN/Page_KDMC - CMS/a_12' is clicked on

2018-05-28 13:36:07 - [TEST_STEP][PASSED] - click: Object: 'Object Repository/MOH AND GRN/Page_KDMC - CMS/input_btnadd' is clicked on

2018-05-28 13:36:07 - [MESSAGE][PASSED] - Object: 'Object Repository/MOH AND GRN/Page_KDMC - CMS/input_btnadd' is clicked on

2018-05-28 13:36:07 - [TEST_STEP][PASSED] - Statement - If (s == 10): null

2018-05-28 13:36:07 - [TEST_STEP][PASSED] - Statement - Else: null

2018-05-28 13:36:07 - [TEST_STEP][PASSED] - Statement - (s++): null

2018-05-28 13:36:07 - [TEST_STEP][PASSED] - delay: Delayed 1 second(s)

2018-05-28 13:36:08 - [MESSAGE][PASSED] - Delayed 1 second(s)

2018-05-28 13:36:08 - [TEST_STEP][PASSED] - selectOptionByIndex: All options with index in [20] are selected on object 'Object Repository/MOH AND GRN/Page_KDMC - CMS/select_--Select--Amikacin -500'

2018-05-28 13:36:09 - [MESSAGE][PASSED] - All options with index in [20] are selected on object 'Object Repository/MOH AND GRN/Page_KDMC - CMS/select_--Select--Amikacin -500'

2018-05-28 13:36:09 - [TEST_STEP][PASSED] - setText: Text '5000' is set on object 'Object Repository/MOH AND GRN/Page_KDMC - CMS/input_txtqty'

2018-05-28 13:36:09 - [MESSAGE][PASSED] - Text '5000' is set on object 'Object Repository/MOH AND GRN/Page_KDMC - CMS/input_txtqty'

2018-05-28 13:36:09 - [TEST_STEP][PASSED] - selectOptionByIndex: All options with index in [1] are selected on object 'Object Repository/MOH AND GRN/Page_KDMC - CMS/select_--Select--No Tax0'

2018-05-28 13:36:09 - [MESSAGE][PASSED] - All options with index in [1] are selected on object 'Object Repository/MOH AND GRN/Page_KDMC - CMS/select_--Select--No Tax0'

2018-05-28 13:36:09 - [TEST_STEP][PASSED] - setText: Finding Test Object with id 'Object Repository/MOH AND GRN/Page_KDMC - CMS/input_txtmrp'

2018-05-28 13:36:09 - [TEST_STEP][PASSED] - Statement - switch (id): Finding Test Object with id 'Object Repository/MOH AND GRN/Page_KDMC - CMS/input_txtdeal'

2018-05-28 13:36:09 - [TEST_STEP][PASSED] - Statement - case 4:: Text '33.0' is set on object 'Object Repository/MOH AND GRN/Page_KDMC - CMS/input_txtmrp'

2018-05-28 13:36:09 - [TEST_STEP][PASSED] - Statement - return (java.lang.Math.floor((java.lang.Math.random() * ((max - min) + 1))) + min): Text '33.0' is set on object 'Object Repository/MOH AND GRN/Page_KDMC - CMS/input_txtmrp'

2018-05-28 13:36:09 - [MESSAGE][PASSED] - Text '33.0' is set on object 'Object Repository/MOH AND GRN/Page_KDMC - CMS/input_txtmrp'

2018-05-28 13:36:09 - [TEST_STEP][PASSED] - setText: Finding Test Object with id 'Object Repository/MOH AND GRN/Page_KDMC - CMS/input_txtdeal'

2018-05-28 13:36:09 - [TEST_STEP][PASSED] - Statement - switch (id): Finding Test Object with id 'Object Repository/MOH AND GRN/Page_KDMC - CMS/input_txtbatchno'

2018-05-28 13:36:09 - [TEST_STEP][PASSED] - Statement - case 5:: Text '8.0' is set on object 'Object Repository/MOH AND GRN/Page_KDMC - CMS/input_txtdeal'

2018-05-28 13:36:09 - [TEST_STEP][PASSED] - Statement - return (java.lang.Math.floor((java.lang.Math.random() * ((max - min) + 1))) + min): Text '8.0' is set on object 'Object Repository/MOH AND GRN/Page_KDMC - CMS/input_txtdeal'

2018-05-28 13:36:09 - [MESSAGE][PASSED] - Text '8.0' is set on object 'Object Repository/MOH AND GRN/Page_KDMC - CMS/input_txtdeal'

2018-05-28 13:36:09 - [TEST_STEP][PASSED] - setText: Finding Test Object with id 'Object Repository/MOH AND GRN/Page_KDMC - CMS/input_txtbatchno'

2018-05-28 13:36:09 - [TEST_STEP][PASSED] - Statement - switch (id): Finding Test Object with id 'Object Repository/MOH AND GRN/Page_KDMC - CMS/input_txtmrp'

2018-05-28 13:36:09 - [TEST_STEP][PASSED] - Statement - case 1:: Text 'BA602.0' is set on object 'Object Repository/MOH AND GRN/Page_KDMC - CMS/input_txtbatchno'

2018-05-28 13:36:09 - [TEST_STEP][PASSED] - Statement - return (java.lang.Math.floor((java.lang.Math.random() * ((max - min) + 1))) + min): Text 'BA602.0' is set on object 'Object Repository/MOH AND GRN/Page_KDMC - CMS/input_txtbatchno'

2018-05-28 13:36:09 - [MESSAGE][PASSED] - Text 'BA602.0' is set on object 'Object Repository/MOH AND GRN/Page_KDMC - CMS/input_txtbatchno'

2018-05-28 13:36:09 - [TEST_STEP][PASSED] - rightClick: Object: 'Object Repository/GRN/Page_KDMC - CMS/input_txtexpdate' is right clicked on

2018-05-28 13:36:09 - [MESSAGE][PASSED] - Object: 'Object Repository/GRN/Page_KDMC - CMS/input_txtexpdate' is right clicked on

2018-05-28 13:36:09 - [TEST_STEP][PASSED] - selectOptionByIndex: All options with index in [10] are selected on object 'Object Repository/GRN/Page_KDMC - CMS/select_20182019202020212022202'

2018-05-28 13:36:10 - [MESSAGE][PASSED] - All options with index in [10] are selected on object 'Object Repository/GRN/Page_KDMC - CMS/select_20182019202020212022202'

2018-05-28 13:36:10 - [TEST_STEP][PASSED] - selectOptionByIndex: All options with index in [10] are selected on object 'Object Repository/GRN/Page_KDMC - CMS/select_JanFebMarAprMayJunJulAu'

2018-05-28 13:36:10 - [MESSAGE][PASSED] - All options with index in [10] are selected on object 'Object Repository/GRN/Page_KDMC - CMS/select_JanFebMarAprMayJunJulAu'

2018-05-28 13:36:10 - [TEST_STEP][PASSED] - click: Object: 'Object Repository/MOH AND GRN/Page_KDMC - CMS/a_12' is clicked on

2018-05-28 13:36:10 - [MESSAGE][PASSED] - Object: 'Object Repository/MOH AND GRN/Page_KDMC - CMS/a_12' is clicked on

2018-05-28 13:36:10 - [TEST_STEP][PASSED] - click: Object: 'Object Repository/MOH AND GRN/Page_KDMC - CMS/input_btnadd' is clicked on

2018-05-28 13:36:10 - [MESSAGE][PASSED] - Object: 'Object Repository/MOH AND GRN/Page_KDMC - CMS/input_btnadd' is clicked on

2018-05-28 13:36:10 - [TEST_STEP][PASSED] - Statement - If (s == 10): null

2018-05-28 13:36:10 - [TEST_STEP][PASSED] - Statement - s = 1: null

2018-05-28 13:36:10 - [TEST_STEP][PASSED] - delay: Delayed 1 second(s)

2018-05-28 13:36:11 - [MESSAGE][PASSED] - Delayed 1 second(s)

2018-05-28 13:36:11 - [TEST_STEP][PASSED] - selectOptionByIndex: All options with index in [21] are selected on object 'Object Repository/MOH AND GRN/Page_KDMC - CMS/select_--Select--Amikacin -500'

2018-05-28 13:36:11 - [MESSAGE][PASSED] - All options with index in [21] are selected on object 'Object Repository/MOH AND GRN/Page_KDMC - CMS/select_--Select--Amikacin -500'

2018-05-28 13:36:11 - [TEST_STEP][PASSED] - setText: Text '5000' is set on object 'Object Repository/MOH AND GRN/Page_KDMC - CMS/input_txtqty'

2018-05-28 13:36:11 - [MESSAGE][PASSED] - Text '5000' is set on object 'Object Repository/MOH AND GRN/Page_KDMC - CMS/input_txtqty'

2018-05-28 13:36:11 - [TEST_STEP][PASSED] - selectOptionByIndex: All options with index in [1] are selected on object 'Object Repository/MOH AND GRN/Page_KDMC - CMS/select_--Select--No Tax0'

2018-05-28 13:36:12 - [MESSAGE][PASSED] - All options with index in [1] are selected on object 'Object Repository/MOH AND GRN/Page_KDMC - CMS/select_--Select--No Tax0'

2018-05-28 13:36:12 - [TEST_STEP][PASSED] - setText: Finding Test Object with id 'Object Repository/MOH AND GRN/Page_KDMC - CMS/input_txtmrp'

2018-05-28 13:36:12 - [TEST_STEP][PASSED] - Statement - switch (id): Finding Test Object with id 'Object Repository/MOH AND GRN/Page_KDMC - CMS/input_txtdeal'

2018-05-28 13:36:12 - [TEST_STEP][PASSED] - Statement - case 4:: Text '32.0' is set on object 'Object Repository/MOH AND GRN/Page_KDMC - CMS/input_txtmrp'

2018-05-28 13:36:12 - [TEST_STEP][PASSED] - Statement - return (java.lang.Math.floor((java.lang.Math.random() * ((max - min) + 1))) + min): Text '32.0' is set on object 'Object Repository/MOH AND GRN/Page_KDMC - CMS/input_txtmrp'

2018-05-28 13:36:12 - [MESSAGE][PASSED] - Text '32.0' is set on object 'Object Repository/MOH AND GRN/Page_KDMC - CMS/input_txtmrp'

2018-05-28 13:36:12 - [TEST_STEP][PASSED] - setText: Finding Test Object with id 'Object Repository/MOH AND GRN/Page_KDMC - CMS/input_txtdeal'

2018-05-28 13:36:12 - [TEST_STEP][PASSED] - Statement - switch (id): Finding Test Object with id 'Object Repository/MOH AND GRN/Page_KDMC - CMS/input_txtbatchno'

2018-05-28 13:36:12 - [TEST_STEP][PASSED] - Statement - case 5:: Text '7.0' is set on object 'Object Repository/MOH AND GRN/Page_KDMC - CMS/input_txtdeal'

2018-05-28 13:36:12 - [TEST_STEP][PASSED] - Statement - return (java.lang.Math.floor((java.lang.Math.random() * ((max - min) + 1))) + min): Text '7.0' is set on object 'Object Repository/MOH AND GRN/Page_KDMC - CMS/input_txtdeal'

2018-05-28 13:36:12 - [MESSAGE][PASSED] - Text '7.0' is set on object 'Object Repository/MOH AND GRN/Page_KDMC - CMS/input_txtdeal'

2018-05-28 13:36:12 - [TEST_STEP][PASSED] - setText: Finding Test Object with id 'Object Repository/MOH AND GRN/Page_KDMC - CMS/input_txtbatchno'

2018-05-28 13:36:12 - [TEST_STEP][PASSED] - Statement - switch (id): Finding Test Object with id 'Object Repository/MOH AND GRN/Page_KDMC - CMS/input_txtmrp'

2018-05-28 13:36:12 - [TEST_STEP][PASSED] - Statement - case 1:: Text 'BA611.0' is set on object 'Object Repository/MOH AND GRN/Page_KDMC - CMS/input_txtbatchno'

2018-05-28 13:36:12 - [TEST_STEP][PASSED] - Statement - return (java.lang.Math.floor((java.lang.Math.random() * ((max - min) + 1))) + min): Text 'BA611.0' is set on object 'Object Repository/MOH AND GRN/Page_KDMC - CMS/input_txtbatchno'

2018-05-28 13:36:12 - [MESSAGE][PASSED] - Text 'BA611.0' is set on object 'Object Repository/MOH AND GRN/Page_KDMC - CMS/input_txtbatchno'

2018-05-28 13:36:12 - [TEST_STEP][PASSED] - rightClick: Object: 'Object Repository/GRN/Page_KDMC - CMS/input_txtexpdate' is right clicked on

2018-05-28 13:36:12 - [MESSAGE][PASSED] - Object: 'Object Repository/GRN/Page_KDMC - CMS/input_txtexpdate' is right clicked on

2018-05-28 13:36:12 - [TEST_STEP][PASSED] - selectOptionByIndex: All options with index in [1] are selected on object 'Object Repository/GRN/Page_KDMC - CMS/select_20182019202020212022202'

2018-05-28 13:36:12 - [MESSAGE][PASSED] - All options with index in [1] are selected on object 'Object Repository/GRN/Page_KDMC - CMS/select_20182019202020212022202'

2018-05-28 13:36:12 - [TEST_STEP][PASSED] - selectOptionByIndex: All options with index in [1] are selected on object 'Object Repository/GRN/Page_KDMC - CMS/select_JanFebMarAprMayJunJulAu'

2018-05-28 13:36:12 - [MESSAGE][PASSED] - All options with index in [1] are selected on object 'Object Repository/GRN/Page_KDMC - CMS/select_JanFebMarAprMayJunJulAu'

2018-05-28 13:36:12 - [TEST_STEP][PASSED] - click: Object: 'Object Repository/MOH AND GRN/Page_KDMC - CMS/a_12' is clicked on

2018-05-28 13:36:12 - [MESSAGE][PASSED] - Object: 'Object Repository/MOH AND GRN/Page_KDMC - CMS/a_12' is clicked on

2018-05-28 13:36:12 - [TEST_STEP][PASSED] - click: Object: 'Object Repository/MOH AND GRN/Page_KDMC - CMS/input_btnadd' is clicked on

2018-05-28 13:36:12 - [MESSAGE][PASSED] - Object: 'Object Repository/MOH AND GRN/Page_KDMC - CMS/input_btnadd' is clicked on

2018-05-28 13:36:12 - [TEST_STEP][PASSED] - Statement - If (s == 10): null

2018-05-28 13:36:12 - [TEST_STEP][PASSED] - Statement - Else: null

2018-05-28 13:36:12 - [TEST_STEP][PASSED] - Statement - (s++): null

2018-05-28 13:36:12 - [TEST_STEP][PASSED] - delay: Delayed 1 second(s)

2018-05-28 13:36:13 - [MESSAGE][PASSED] - Delayed 1 second(s)

2018-05-28 13:36:13 - [TEST_STEP][PASSED] - selectOptionByIndex: All options with index in [22] are selected on object 'Object Repository/MOH AND GRN/Page_KDMC - CMS/select_--Select--Amikacin -500'

2018-05-28 13:36:14 - [MESSAGE][PASSED] - All options with index in [22] are selected on object 'Object Repository/MOH AND GRN/Page_KDMC - CMS/select_--Select--Amikacin -500'

2018-05-28 13:36:14 - [TEST_STEP][PASSED] - setText: Text '5000' is set on object 'Object Repository/MOH AND GRN/Page_KDMC - CMS/input_txtqty'

2018-05-28 13:36:14 - [MESSAGE][PASSED] - Text '5000' is set on object 'Object Repository/MOH AND GRN/Page_KDMC - CMS/input_txtqty'

2018-05-28 13:36:14 - [TEST_STEP][PASSED] - selectOptionByIndex: All options with index in [1] are selected on object 'Object Repository/MOH AND GRN/Page_KDMC - CMS/select_--Select--No Tax0'

2018-05-28 13:36:14 - [MESSAGE][PASSED] - All options with index in [1] are selected on object 'Object Repository/MOH AND GRN/Page_KDMC - CMS/select_--Select--No Tax0'

2018-05-28 13:36:14 - [TEST_STEP][PASSED] - setText: Finding Test Object with id 'Object Repository/MOH AND GRN/Page_KDMC - CMS/input_txtmrp'

2018-05-28 13:36:14 - [TEST_STEP][PASSED] - Statement - switch (id): Finding Test Object with id 'Object Repository/MOH AND GRN/Page_KDMC - CMS/input_txtdeal'

2018-05-28 13:36:14 - [TEST_STEP][PASSED] - Statement - case 4:: Text '21.0' is set on object 'Object Repository/MOH AND GRN/Page_KDMC - CMS/input_txtmrp'

2018-05-28 13:36:14 - [TEST_STEP][PASSED] - Statement - return (java.lang.Math.floor((java.lang.Math.random() * ((max - min) + 1))) + min): Text '21.0' is set on object 'Object Repository/MOH AND GRN/Page_KDMC - CMS/input_txtmrp'

2018-05-28 13:36:14 - [MESSAGE][PASSED] - Text '21.0' is set on object 'Object Repository/MOH AND GRN/Page_KDMC - CMS/input_txtmrp'

2018-05-28 13:36:14 - [TEST_STEP][PASSED] - setText: Finding Test Object with id 'Object Repository/MOH AND GRN/Page_KDMC - CMS/input_txtdeal'

2018-05-28 13:36:14 - [TEST_STEP][PASSED] - Statement - switch (id): Finding Test Object with id 'Object Repository/MOH AND GRN/Page_KDMC - CMS/input_txtbatchno'

2018-05-28 13:36:14 - [TEST_STEP][PASSED] - Statement - case 5:: Text '6.0' is set on object 'Object Repository/MOH AND GRN/Page_KDMC - CMS/input_txtdeal'

2018-05-28 13:36:14 - [TEST_STEP][PASSED] - Statement - return (java.lang.Math.floor((java.lang.Math.random() * ((max - min) + 1))) + min): Text '6.0' is set on object 'Object Repository/MOH AND GRN/Page_KDMC - CMS/input_txtdeal'

2018-05-28 13:36:14 - [MESSAGE][PASSED] - Text '6.0' is set on object 'Object Repository/MOH AND GRN/Page_KDMC - CMS/input_txtdeal'

2018-05-28 13:36:14 - [TEST_STEP][PASSED] - setText: Finding Test Object with id 'Object Repository/MOH AND GRN/Page_KDMC - CMS/input_txtbatchno'

2018-05-28 13:36:14 - [TEST_STEP][PASSED] - Statement - switch (id): Finding Test Object with id 'Object Repository/MOH AND GRN/Page_KDMC - CMS/input_txtmrp'

2018-05-28 13:36:14 - [TEST_STEP][PASSED] - Statement - case 1:: Text 'BA827.0' is set on object 'Object Repository/MOH AND GRN/Page_KDMC - CMS/input_txtbatchno'

2018-05-28 13:36:14 - [TEST_STEP][PASSED] - Statement - return (java.lang.Math.floor((java.lang.Math.random() * ((max - min) + 1))) + min): Text 'BA827.0' is set on object 'Object Repository/MOH AND GRN/Page_KDMC - CMS/input_txtbatchno'

2018-05-28 13:36:14 - [MESSAGE][PASSED] - Text 'BA827.0' is set on object 'Object Repository/MOH AND GRN/Page_KDMC - CMS/input_txtbatchno'

2018-05-28 13:36:14 - [TEST_STEP][PASSED] - rightClick: Object: 'Object Repository/GRN/Page_KDMC - CMS/input_txtexpdate' is right clicked on

2018-05-28 13:36:14 - [MESSAGE][PASSED] - Object: 'Object Repository/GRN/Page_KDMC - CMS/input_txtexpdate' is right clicked on

2018-05-28 13:36:14 - [TEST_STEP][PASSED] - selectOptionByIndex: All options with index in [2] are selected on object 'Object Repository/GRN/Page_KDMC - CMS/select_20182019202020212022202'

2018-05-28 13:36:14 - [MESSAGE][PASSED] - All options with index in [2] are selected on object 'Object Repository/GRN/Page_KDMC - CMS/select_20182019202020212022202'

2018-05-28 13:36:14 - [TEST_STEP][PASSED] - selectOptionByIndex: All options with index in [2] are selected on object 'Object Repository/GRN/Page_KDMC - CMS/select_JanFebMarAprMayJunJulAu'

2018-05-28 13:36:15 - [MESSAGE][PASSED] - All options with index in [2] are selected on object 'Object Repository/GRN/Page_KDMC - CMS/select_JanFebMarAprMayJunJulAu'

2018-05-28 13:36:15 - [TEST_STEP][PASSED] - click: Object: 'Object Repository/MOH AND GRN/Page_KDMC - CMS/a_12' is clicked on

2018-05-28 13:36:15 - [MESSAGE][PASSED] - Object: 'Object Repository/MOH AND GRN/Page_KDMC - CMS/a_12' is clicked on

2018-05-28 13:36:15 - [TEST_STEP][PASSED] - click: Object: 'Object Repository/MOH AND GRN/Page_KDMC - CMS/input_btnadd' is clicked on

2018-05-28 13:36:15 - [MESSAGE][PASSED] - Object: 'Object Repository/MOH AND GRN/Page_KDMC - CMS/input_btnadd' is clicked on

2018-05-28 13:36:15 - [TEST_STEP][PASSED] - Statement - If (s == 10): null

2018-05-28 13:36:15 - [TEST_STEP][PASSED] - Statement - Else: null

2018-05-28 13:36:15 - [TEST_STEP][PASSED] - Statement - (s++): null

2018-05-28 13:36:15 - [TEST_STEP][PASSED] - delay: Delayed 1 second(s)

2018-05-28 13:36:16 - [MESSAGE][PASSED] - Delayed 1 second(s)

2018-05-28 13:36:16 - [TEST_STEP][PASSED] - selectOptionByIndex: All options with index in [23] are selected on object 'Object Repository/MOH AND GRN/Page_KDMC - CMS/select_--Select--Amikacin -500'

2018-05-28 13:36:16 - [MESSAGE][PASSED] - All options with index in [23] are selected on object 'Object Repository/MOH AND GRN/Page_KDMC - CMS/select_--Select--Amikacin -500'

2018-05-28 13:36:16 - [TEST_STEP][PASSED] - setText: Text '5000' is set on object 'Object Repository/MOH AND GRN/Page_KDMC - CMS/input_txtqty'

2018-05-28 13:36:16 - [MESSAGE][PASSED] - Text '5000' is set on object 'Object Repository/MOH AND GRN/Page_KDMC - CMS/input_txtqty'

2018-05-28 13:36:16 - [TEST_STEP][PASSED] - selectOptionByIndex: All options with index in [1] are selected on object 'Object Repository/MOH AND GRN/Page_KDMC - CMS/select_--Select--No Tax0'

2018-05-28 13:36:16 - [MESSAGE][PASSED] - All options with index in [1] are selected on object 'Object Repository/MOH AND GRN/Page_KDMC - CMS/select_--Select--No Tax0'

2018-05-28 13:36:16 - [TEST_STEP][PASSED] - setText: Finding Test Object with id 'Object Repository/MOH AND GRN/Page_KDMC - CMS/input_txtmrp'

2018-05-28 13:36:16 - [TEST_STEP][PASSED] - Statement - switch (id): Finding Test Object with id 'Object Repository/MOH AND GRN/Page_KDMC - CMS/input_txtdeal'

2018-05-28 13:36:16 - [TEST_STEP][PASSED] - Statement - case 4:: Text '41.0' is set on object 'Object Repository/MOH AND GRN/Page_KDMC - CMS/input_txtmrp'

2018-05-28 13:36:16 - [TEST_STEP][PASSED] - Statement - return (java.lang.Math.floor((java.lang.Math.random() * ((max - min) + 1))) + min): Text '41.0' is set on object 'Object Repository/MOH AND GRN/Page_KDMC - CMS/input_txtmrp'

2018-05-28 13:36:17 - [MESSAGE][PASSED] - Text '41.0' is set on object 'Object Repository/MOH AND GRN/Page_KDMC - CMS/input_txtmrp'

2018-05-28 13:36:17 - [TEST_STEP][PASSED] - setText: Finding Test Object with id 'Object Repository/MOH AND GRN/Page_KDMC - CMS/input_txtdeal'

2018-05-28 13:36:17 - [TEST_STEP][PASSED] - Statement - switch (id): Finding Test Object with id 'Object Repository/MOH AND GRN/Page_KDMC - CMS/input_txtbatchno'

2018-05-28 13:36:17 - [TEST_STEP][PASSED] - Statement - case 5:: Text '7.0' is set on object 'Object Repository/MOH AND GRN/Page_KDMC - CMS/input_txtdeal'

2018-05-28 13:36:17 - [TEST_STEP][PASSED] - Statement - return (java.lang.Math.floor((java.lang.Math.random() * ((max - min) + 1))) + min): Text '7.0' is set on object 'Object Repository/MOH AND GRN/Page_KDMC - CMS/input_txtdeal'

2018-05-28 13:36:17 - [MESSAGE][PASSED] - Text '7.0' is set on object 'Object Repository/MOH AND GRN/Page_KDMC - CMS/input_txtdeal'

2018-05-28 13:36:17 - [TEST_STEP][PASSED] - setText: Finding Test Object with id 'Object Repository/MOH AND GRN/Page_KDMC - CMS/input_txtbatchno'

2018-05-28 13:36:17 - [TEST_STEP][PASSED] - Statement - switch (id): Delayed 1 second(s)

2018-05-28 13:36:17 - [TEST_STEP][PASSED] - Statement - case 1:: Text 'BA543.0' is set on object 'Object Repository/MOH AND GRN/Page_KDMC - CMS/input_txtbatchno'

2018-05-28 13:36:17 - [TEST_STEP][PASSED] - Statement - return (java.lang.Math.floor((java.lang.Math.random() * ((max - min) + 1))) + min): Text 'BA543.0' is set on object 'Object Repository/MOH AND GRN/Page_KDMC - CMS/input_txtbatchno'

2018-05-28 13:36:17 - [MESSAGE][PASSED] - Text 'BA543.0' is set on object 'Object Repository/MOH AND GRN/Page_KDMC - CMS/input_txtbatchno'

2018-05-28 13:36:17 - [TEST_STEP][PASSED] - rightClick: Object: 'Object Repository/GRN/Page_KDMC - CMS/input_txtexpdate' is right clicked on

2018-05-28 13:36:17 - [MESSAGE][PASSED] - Object: 'Object Repository/GRN/Page_KDMC - CMS/input_txtexpdate' is right clicked on

2018-05-28 13:36:17 - [TEST_STEP][PASSED] - selectOptionByIndex: All options with index in [3] are selected on object 'Object Repository/GRN/Page_KDMC - CMS/select_20182019202020212022202'

2018-05-28 13:36:17 - [MESSAGE][PASSED] - All options with index in [3] are selected on object 'Object Repository/GRN/Page_KDMC - CMS/select_20182019202020212022202'

2018-05-28 13:36:17 - [TEST_STEP][PASSED] - selectOptionByIndex: All options with index in [3] are selected on object 'Object Repository/GRN/Page_KDMC - CMS/select_JanFebMarAprMayJunJulAu'

2018-05-28 13:36:17 - [MESSAGE][PASSED] - All options with index in [3] are selected on object 'Object Repository/GRN/Page_KDMC - CMS/select_JanFebMarAprMayJunJulAu'

2018-05-28 13:36:17 - [TEST_STEP][PASSED] - click: Object: 'Object Repository/MOH AND GRN/Page_KDMC - CMS/a_12' is clicked on

2018-05-28 13:36:17 - [MESSAGE][PASSED] - Object: 'Object Repository/MOH AND GRN/Page_KDMC - CMS/a_12' is clicked on

2018-05-28 13:36:17 - [TEST_STEP][PASSED] - click: Object: 'Object Repository/MOH AND GRN/Page_KDMC - CMS/input_btnadd' is clicked on

2018-05-28 13:36:17 - [MESSAGE][PASSED] - Object: 'Object Repository/MOH AND GRN/Page_KDMC - CMS/input_btnadd' is clicked on

2018-05-28 13:36:17 - [TEST_STEP][PASSED] - Statement - If (s == 10): null

2018-05-28 13:36:17 - [TEST_STEP][PASSED] - Statement - Else: null

2018-05-28 13:36:17 - [TEST_STEP][PASSED] - Statement - (s++): null

2018-05-28 13:36:17 - [TEST_STEP][PASSED] - delay: Delayed 1 second(s)

2018-05-28 13:36:18 - [MESSAGE][PASSED] - Delayed 1 second(s)

2018-05-28 13:36:18 - [TEST_STEP][PASSED] - scrollToElement: Scroll to object 'Object Repository/MOH AND GRN/Page_KDMC - CMS/input_btnSubmit' successfully

2018-05-28 13:36:18 - [MESSAGE][PASSED] - Scroll to object 'Object Repository/MOH AND GRN/Page_KDMC - CMS/input_btnSubmit' successfully

2018-05-28 13:36:18 - [TEST_STEP][PASSED] - click: Object: 'Object Repository/MOH AND GRN/Page_KDMC - CMS/input_btnSubmit' is clicked on

2018-05-28 13:36:19 - [MESSAGE][PASSED] - Object: 'Object Repository/MOH AND GRN/Page_KDMC - CMS/input_btnSubmit' is clicked on

2018-05-28 13:36:19 - [TEST_STEP][PASSED] - delay: Delayed 3 second(s)

2018-05-28 13:36:22 - [MESSAGE][PASSED] - Delayed 3 second(s)

2018-05-28 13:36:22 - [TEST_STEP][PASSED] - click: Object: 'Object Repository/MOH AND GRN/Page_KDMC - CMS/button_OK' is clicked on

2018-05-28 13:36:23 - [MESSAGE][PASSED] - Object: 'Object Repository/MOH AND GRN/Page_KDMC - CMS/button_OK' is clicked on

2018-05-28 13:36:23 - [TEST_STEP][PASSED] - delay: Delayed 2 second(s)

2018-05-28 13:36:25 - [MESSAGE][PASSED] - Delayed 2 second(s)

2018-05-28 13:36:25 - [TEST_STEP][PASSED] - delay: Delayed 3 second(s)

2018-05-28 13:36:28 - [MESSAGE][PASSED] - Delayed 3 second(s)

2018-05-28 13:36:28 - [TEST_STEP][PASSED] - click: Object: 'Object Repository/MOH AND GRN/Page_KDMC - CMS/a_dropdown-toggle' is clicked on

2018-05-28 13:36:28 - [MESSAGE][PASSED] - Object: 'Object Repository/MOH AND GRN/Page_KDMC - CMS/a_dropdown-toggle' is clicked on

2018-05-28 13:36:28 - [TEST_STEP][PASSED] - click: Object: 'Object Repository/MOH AND GRN/Page_KDMC - CMS/a_Sign out' is clicked on

2018-05-28 13:36:35 - [MESSAGE][PASSED] - Object: 'Object Repository/MOH AND GRN/Page_KDMC - CMS/a_Sign out' is clicked on

2018-05-28 13:36:35 - [TEST_STEP][PASSED] - closeBrowser: Browser is closed

2018-05-28 13:36:36 - [MESSAGE][PASSED] - Browser is closed]]></system-out>
         <system-err><![CDATA[]]></system-err>
      </testcase>
      <testcase name="Test Cases/TEST/MOH REQUEST AND GRN/Moh Request GRN  Schedule 8" classname="Test Cases/TEST/MOH REQUEST AND GRN/Moh Request GRN  Schedule 8" status="PASSED">
         <system-out><![CDATA[2018-05-28 13:36:36 - [TEST_CASE][PASSED] - Test Cases/TEST/MOH REQUEST AND GRN/Moh Request GRN  Schedule 8: Test Cases/TEST/MOH REQUEST AND GRN/Moh Request GRN  Schedule 8

2018-05-28 13:36:36 - [TEST_STEP][PASSED] - openBrowser: Browser is opened with url: ''

2018-05-28 13:36:38 - [MESSAGE][PASSED] - Browser is opened with url: ''

2018-05-28 13:36:38 - [TEST_STEP][PASSED] - navigateToUrl: Navigate to 'http://192.168.137.1/multihospital_new/' successfully

2018-05-28 13:36:49 - [MESSAGE][PASSED] - Navigate to 'http://192.168.137.1/multihospital_new/' successfully

2018-05-28 13:36:49 - [TEST_STEP][PASSED] - maximizeWindow: Current window maximized

2018-05-28 13:36:50 - [MESSAGE][PASSED] - Current window maximized

2018-05-28 13:36:50 - [TEST_STEP][PASSED] - click: Object: 'Object Repository/MOH AND GRN/Page_KDMC/a_CMS' is clicked on

2018-05-28 13:36:51 - [MESSAGE][PASSED] - Object: 'Object Repository/MOH AND GRN/Page_KDMC/a_CMS' is clicked on

2018-05-28 13:36:51 - [TEST_STEP][PASSED] - setText: Text 'bala' is set on object 'Object Repository/MOH AND GRN/Page_CMS login/input_txtusername'

2018-05-28 13:36:51 - [MESSAGE][PASSED] - Text 'bala' is set on object 'Object Repository/MOH AND GRN/Page_CMS login/input_txtusername'

2018-05-28 13:36:51 - [TEST_STEP][PASSED] - setText: Text '123' is set on object 'Object Repository/MOH AND GRN/Page_CMS login/input_txtpassword'

2018-05-28 13:36:51 - [MESSAGE][PASSED] - Text '123' is set on object 'Object Repository/MOH AND GRN/Page_CMS login/input_txtpassword'

2018-05-28 13:36:51 - [TEST_STEP][PASSED] - delay: Delayed 3 second(s)

2018-05-28 13:36:54 - [MESSAGE][PASSED] - Delayed 3 second(s)

2018-05-28 13:36:54 - [TEST_STEP][PASSED] - click: Object: 'Object Repository/MOH AND GRN/Page_CMS login/button_Sign in' is clicked on

2018-05-28 13:36:56 - [MESSAGE][PASSED] - Object: 'Object Repository/MOH AND GRN/Page_CMS login/button_Sign in' is clicked on

2018-05-28 13:36:56 - [TEST_STEP][PASSED] - click: Object: 'Object Repository/MOH AND GRN/Page_KDMC - CMS/a_Request to MOH' is clicked on

2018-05-28 13:36:56 - [MESSAGE][PASSED] - Object: 'Object Repository/MOH AND GRN/Page_KDMC - CMS/a_Request to MOH' is clicked on

2018-05-28 13:36:56 - [TEST_STEP][PASSED] - selectOptionByIndex: All options with index in [2] are selected on object 'Object Repository/MOH AND GRN/Page_KDMC - CMS/select_--Select--'

2018-05-28 13:36:56 - [MESSAGE][PASSED] - All options with index in [2] are selected on object 'Object Repository/MOH AND GRN/Page_KDMC - CMS/select_--Select--'

2018-05-28 13:36:56 - [TEST_STEP][PASSED] - selectOptionByIndex: All options with index in [8] are selected on object 'Object Repository/MOH AND GRN/Page_KDMC - CMS/select_--Select--Schedule 1Inj'

2018-05-28 13:36:57 - [MESSAGE][PASSED] - All options with index in [8] are selected on object 'Object Repository/MOH AND GRN/Page_KDMC - CMS/select_--Select--Schedule 1Inj'

2018-05-28 13:36:57 - [TEST_STEP][PASSED] - Statement - selectedoptions = com.kms.katalon.core.webui.keyword.WebUiBuiltInKeywords.getNumberOfTotalOption(com.kms.katalon.core.testobject.ObjectRepository.findTestObject(MOH AND GRN/Page_KDMC - CMS/select_--Select--Adernaline 0.)): 18 options of object 'Object Repository/MOH AND GRN/Page_KDMC - CMS/select_--Select--Adernaline 0.' counted

2018-05-28 13:36:57 - [MESSAGE][PASSED] - 18 options of object 'Object Repository/MOH AND GRN/Page_KDMC - CMS/select_--Select--Adernaline 0.' counted

2018-05-28 13:36:57 - [TEST_STEP][PASSED] - Statement - For ([j = 1, j <= selectedoptions - 1, (j++)]): Object: 'Object Repository/MOH AND GRN/Page_KDMC - CMS/button_Add' is clicked on

2018-05-28 13:36:57 - [TEST_STEP][PASSED] - selectOptionByIndex: All options with index in [8] are selected on object 'Object Repository/MOH AND GRN/Page_KDMC - CMS/select_--Select--Schedule 1Inj'

2018-05-28 13:36:57 - [MESSAGE][PASSED] - All options with index in [8] are selected on object 'Object Repository/MOH AND GRN/Page_KDMC - CMS/select_--Select--Schedule 1Inj'

2018-05-28 13:36:57 - [TEST_STEP][PASSED] - selectOptionByIndex: All options with index in [1] are selected on object 'Object Repository/MOH AND GRN/Page_KDMC - CMS/select_--Select--Adernaline 0.'

2018-05-28 13:36:57 - [MESSAGE][PASSED] - All options with index in [1] are selected on object 'Object Repository/MOH AND GRN/Page_KDMC - CMS/select_--Select--Adernaline 0.'

2018-05-28 13:36:57 - [TEST_STEP][PASSED] - setText: Text '5000' is set on object 'Object Repository/MOH AND GRN/Page_KDMC - CMS/input_txttreat'

2018-05-28 13:36:57 - [MESSAGE][PASSED] - Text '5000' is set on object 'Object Repository/MOH AND GRN/Page_KDMC - CMS/input_txttreat'

2018-05-28 13:36:57 - [TEST_STEP][PASSED] - click: Object: 'Object Repository/MOH AND GRN/Page_KDMC - CMS/button_Add' is clicked on

2018-05-28 13:36:57 - [MESSAGE][PASSED] - Object: 'Object Repository/MOH AND GRN/Page_KDMC - CMS/button_Add' is clicked on

2018-05-28 13:36:57 - [TEST_STEP][PASSED] - selectOptionByIndex: All options with index in [8] are selected on object 'Object Repository/MOH AND GRN/Page_KDMC - CMS/select_--Select--Schedule 1Inj'

2018-05-28 13:36:58 - [MESSAGE][PASSED] - All options with index in [8] are selected on object 'Object Repository/MOH AND GRN/Page_KDMC - CMS/select_--Select--Schedule 1Inj'

2018-05-28 13:36:58 - [TEST_STEP][PASSED] - selectOptionByIndex: All options with index in [2] are selected on object 'Object Repository/MOH AND GRN/Page_KDMC - CMS/select_--Select--Adernaline 0.'

2018-05-28 13:36:58 - [MESSAGE][PASSED] - All options with index in [2] are selected on object 'Object Repository/MOH AND GRN/Page_KDMC - CMS/select_--Select--Adernaline 0.'

2018-05-28 13:36:58 - [TEST_STEP][PASSED] - setText: Text '5000' is set on object 'Object Repository/MOH AND GRN/Page_KDMC - CMS/input_txttreat'

2018-05-28 13:36:58 - [MESSAGE][PASSED] - Text '5000' is set on object 'Object Repository/MOH AND GRN/Page_KDMC - CMS/input_txttreat'

2018-05-28 13:36:58 - [TEST_STEP][PASSED] - click: Object: 'Object Repository/MOH AND GRN/Page_KDMC - CMS/button_Add' is clicked on

2018-05-28 13:36:58 - [MESSAGE][PASSED] - Object: 'Object Repository/MOH AND GRN/Page_KDMC - CMS/button_Add' is clicked on

2018-05-28 13:36:58 - [TEST_STEP][PASSED] - selectOptionByIndex: All options with index in [8] are selected on object 'Object Repository/MOH AND GRN/Page_KDMC - CMS/select_--Select--Schedule 1Inj'

2018-05-28 13:36:58 - [MESSAGE][PASSED] - All options with index in [8] are selected on object 'Object Repository/MOH AND GRN/Page_KDMC - CMS/select_--Select--Schedule 1Inj'

2018-05-28 13:36:58 - [TEST_STEP][PASSED] - selectOptionByIndex: All options with index in [3] are selected on object 'Object Repository/MOH AND GRN/Page_KDMC - CMS/select_--Select--Adernaline 0.'

2018-05-28 13:36:58 - [MESSAGE][PASSED] - All options with index in [3] are selected on object 'Object Repository/MOH AND GRN/Page_KDMC - CMS/select_--Select--Adernaline 0.'

2018-05-28 13:36:58 - [TEST_STEP][PASSED] - setText: Text '5000' is set on object 'Object Repository/MOH AND GRN/Page_KDMC - CMS/input_txttreat'

2018-05-28 13:36:58 - [MESSAGE][PASSED] - Text '5000' is set on object 'Object Repository/MOH AND GRN/Page_KDMC - CMS/input_txttreat'

2018-05-28 13:36:58 - [TEST_STEP][PASSED] - click: Object: 'Object Repository/MOH AND GRN/Page_KDMC - CMS/button_Add' is clicked on

2018-05-28 13:36:58 - [MESSAGE][PASSED] - Object: 'Object Repository/MOH AND GRN/Page_KDMC - CMS/button_Add' is clicked on

2018-05-28 13:36:58 - [TEST_STEP][PASSED] - selectOptionByIndex: All options with index in [8] are selected on object 'Object Repository/MOH AND GRN/Page_KDMC - CMS/select_--Select--Schedule 1Inj'

2018-05-28 13:36:58 - [MESSAGE][PASSED] - All options with index in [8] are selected on object 'Object Repository/MOH AND GRN/Page_KDMC - CMS/select_--Select--Schedule 1Inj'

2018-05-28 13:36:58 - [TEST_STEP][PASSED] - selectOptionByIndex: All options with index in [4] are selected on object 'Object Repository/MOH AND GRN/Page_KDMC - CMS/select_--Select--Adernaline 0.'

2018-05-28 13:36:59 - [MESSAGE][PASSED] - All options with index in [4] are selected on object 'Object Repository/MOH AND GRN/Page_KDMC - CMS/select_--Select--Adernaline 0.'

2018-05-28 13:36:59 - [TEST_STEP][PASSED] - setText: Text '5000' is set on object 'Object Repository/MOH AND GRN/Page_KDMC - CMS/input_txttreat'

2018-05-28 13:36:59 - [MESSAGE][PASSED] - Text '5000' is set on object 'Object Repository/MOH AND GRN/Page_KDMC - CMS/input_txttreat'

2018-05-28 13:36:59 - [TEST_STEP][PASSED] - click: Object: 'Object Repository/MOH AND GRN/Page_KDMC - CMS/button_Add' is clicked on

2018-05-28 13:36:59 - [MESSAGE][PASSED] - Object: 'Object Repository/MOH AND GRN/Page_KDMC - CMS/button_Add' is clicked on

2018-05-28 13:36:59 - [TEST_STEP][PASSED] - selectOptionByIndex: All options with index in [8] are selected on object 'Object Repository/MOH AND GRN/Page_KDMC - CMS/select_--Select--Schedule 1Inj'

2018-05-28 13:36:59 - [MESSAGE][PASSED] - All options with index in [8] are selected on object 'Object Repository/MOH AND GRN/Page_KDMC - CMS/select_--Select--Schedule 1Inj'

2018-05-28 13:36:59 - [TEST_STEP][PASSED] - selectOptionByIndex: All options with index in [5] are selected on object 'Object Repository/MOH AND GRN/Page_KDMC - CMS/select_--Select--Adernaline 0.'

2018-05-28 13:36:59 - [MESSAGE][PASSED] - All options with index in [5] are selected on object 'Object Repository/MOH AND GRN/Page_KDMC - CMS/select_--Select--Adernaline 0.'

2018-05-28 13:36:59 - [TEST_STEP][PASSED] - setText: Text '5000' is set on object 'Object Repository/MOH AND GRN/Page_KDMC - CMS/input_txttreat'

2018-05-28 13:36:59 - [MESSAGE][PASSED] - Text '5000' is set on object 'Object Repository/MOH AND GRN/Page_KDMC - CMS/input_txttreat'

2018-05-28 13:36:59 - [TEST_STEP][PASSED] - click: Object: 'Object Repository/MOH AND GRN/Page_KDMC - CMS/button_Add' is clicked on

2018-05-28 13:36:59 - [MESSAGE][PASSED] - Object: 'Object Repository/MOH AND GRN/Page_KDMC - CMS/button_Add' is clicked on

2018-05-28 13:36:59 - [TEST_STEP][PASSED] - selectOptionByIndex: All options with index in [8] are selected on object 'Object Repository/MOH AND GRN/Page_KDMC - CMS/select_--Select--Schedule 1Inj'

2018-05-28 13:36:59 - [MESSAGE][PASSED] - All options with index in [8] are selected on object 'Object Repository/MOH AND GRN/Page_KDMC - CMS/select_--Select--Schedule 1Inj'

2018-05-28 13:36:59 - [TEST_STEP][PASSED] - selectOptionByIndex: All options with index in [6] are selected on object 'Object Repository/MOH AND GRN/Page_KDMC - CMS/select_--Select--Adernaline 0.'

2018-05-28 13:37:00 - [MESSAGE][PASSED] - All options with index in [6] are selected on object 'Object Repository/MOH AND GRN/Page_KDMC - CMS/select_--Select--Adernaline 0.'

2018-05-28 13:37:00 - [TEST_STEP][PASSED] - setText: Text '5000' is set on object 'Object Repository/MOH AND GRN/Page_KDMC - CMS/input_txttreat'

2018-05-28 13:37:00 - [MESSAGE][PASSED] - Text '5000' is set on object 'Object Repository/MOH AND GRN/Page_KDMC - CMS/input_txttreat'

2018-05-28 13:37:00 - [TEST_STEP][PASSED] - click: Object: 'Object Repository/MOH AND GRN/Page_KDMC - CMS/button_Add' is clicked on

2018-05-28 13:37:00 - [MESSAGE][PASSED] - Object: 'Object Repository/MOH AND GRN/Page_KDMC - CMS/button_Add' is clicked on

2018-05-28 13:37:00 - [TEST_STEP][PASSED] - selectOptionByIndex: All options with index in [8] are selected on object 'Object Repository/MOH AND GRN/Page_KDMC - CMS/select_--Select--Schedule 1Inj'

2018-05-28 13:37:00 - [MESSAGE][PASSED] - All options with index in [8] are selected on object 'Object Repository/MOH AND GRN/Page_KDMC - CMS/select_--Select--Schedule 1Inj'

2018-05-28 13:37:00 - [TEST_STEP][PASSED] - selectOptionByIndex: All options with index in [7] are selected on object 'Object Repository/MOH AND GRN/Page_KDMC - CMS/select_--Select--Adernaline 0.'

2018-05-28 13:37:00 - [MESSAGE][PASSED] - All options with index in [7] are selected on object 'Object Repository/MOH AND GRN/Page_KDMC - CMS/select_--Select--Adernaline 0.'

2018-05-28 13:37:00 - [TEST_STEP][PASSED] - setText: Text '5000' is set on object 'Object Repository/MOH AND GRN/Page_KDMC - CMS/input_txttreat'

2018-05-28 13:37:00 - [MESSAGE][PASSED] - Text '5000' is set on object 'Object Repository/MOH AND GRN/Page_KDMC - CMS/input_txttreat'

2018-05-28 13:37:00 - [TEST_STEP][PASSED] - click: Object: 'Object Repository/MOH AND GRN/Page_KDMC - CMS/button_Add' is clicked on

2018-05-28 13:37:00 - [MESSAGE][PASSED] - Object: 'Object Repository/MOH AND GRN/Page_KDMC - CMS/button_Add' is clicked on

2018-05-28 13:37:00 - [TEST_STEP][PASSED] - selectOptionByIndex: All options with index in [8] are selected on object 'Object Repository/MOH AND GRN/Page_KDMC - CMS/select_--Select--Schedule 1Inj'

2018-05-28 13:37:00 - [MESSAGE][PASSED] - All options with index in [8] are selected on object 'Object Repository/MOH AND GRN/Page_KDMC - CMS/select_--Select--Schedule 1Inj'

2018-05-28 13:37:00 - [TEST_STEP][PASSED] - selectOptionByIndex: All options with index in [8] are selected on object 'Object Repository/MOH AND GRN/Page_KDMC - CMS/select_--Select--Adernaline 0.'

2018-05-28 13:37:01 - [MESSAGE][PASSED] - All options with index in [8] are selected on object 'Object Repository/MOH AND GRN/Page_KDMC - CMS/select_--Select--Adernaline 0.'

2018-05-28 13:37:01 - [TEST_STEP][PASSED] - setText: Text '5000' is set on object 'Object Repository/MOH AND GRN/Page_KDMC - CMS/input_txttreat'

2018-05-28 13:37:01 - [MESSAGE][PASSED] - Text '5000' is set on object 'Object Repository/MOH AND GRN/Page_KDMC - CMS/input_txttreat'

2018-05-28 13:37:01 - [TEST_STEP][PASSED] - click: Object: 'Object Repository/MOH AND GRN/Page_KDMC - CMS/button_Add' is clicked on

2018-05-28 13:37:01 - [MESSAGE][PASSED] - Object: 'Object Repository/MOH AND GRN/Page_KDMC - CMS/button_Add' is clicked on

2018-05-28 13:37:01 - [TEST_STEP][PASSED] - selectOptionByIndex: All options with index in [8] are selected on object 'Object Repository/MOH AND GRN/Page_KDMC - CMS/select_--Select--Schedule 1Inj'

2018-05-28 13:37:01 - [MESSAGE][PASSED] - All options with index in [8] are selected on object 'Object Repository/MOH AND GRN/Page_KDMC - CMS/select_--Select--Schedule 1Inj'

2018-05-28 13:37:01 - [TEST_STEP][PASSED] - selectOptionByIndex: All options with index in [9] are selected on object 'Object Repository/MOH AND GRN/Page_KDMC - CMS/select_--Select--Adernaline 0.'

2018-05-28 13:37:01 - [MESSAGE][PASSED] - All options with index in [9] are selected on object 'Object Repository/MOH AND GRN/Page_KDMC - CMS/select_--Select--Adernaline 0.'

2018-05-28 13:37:01 - [TEST_STEP][PASSED] - setText: Text '5000' is set on object 'Object Repository/MOH AND GRN/Page_KDMC - CMS/input_txttreat'

2018-05-28 13:37:01 - [MESSAGE][PASSED] - Text '5000' is set on object 'Object Repository/MOH AND GRN/Page_KDMC - CMS/input_txttreat'

2018-05-28 13:37:01 - [TEST_STEP][PASSED] - click: Object: 'Object Repository/MOH AND GRN/Page_KDMC - CMS/button_Add' is clicked on

2018-05-28 13:37:01 - [MESSAGE][PASSED] - Object: 'Object Repository/MOH AND GRN/Page_KDMC - CMS/button_Add' is clicked on

2018-05-28 13:37:01 - [TEST_STEP][PASSED] - selectOptionByIndex: All options with index in [8] are selected on object 'Object Repository/MOH AND GRN/Page_KDMC - CMS/select_--Select--Schedule 1Inj'

2018-05-28 13:37:02 - [MESSAGE][PASSED] - All options with index in [8] are selected on object 'Object Repository/MOH AND GRN/Page_KDMC - CMS/select_--Select--Schedule 1Inj'

2018-05-28 13:37:02 - [TEST_STEP][PASSED] - selectOptionByIndex: All options with index in [10] are selected on object 'Object Repository/MOH AND GRN/Page_KDMC - CMS/select_--Select--Adernaline 0.'

2018-05-28 13:37:02 - [MESSAGE][PASSED] - All options with index in [10] are selected on object 'Object Repository/MOH AND GRN/Page_KDMC - CMS/select_--Select--Adernaline 0.'

2018-05-28 13:37:02 - [TEST_STEP][PASSED] - setText: Text '5000' is set on object 'Object Repository/MOH AND GRN/Page_KDMC - CMS/input_txttreat'

2018-05-28 13:37:02 - [MESSAGE][PASSED] - Text '5000' is set on object 'Object Repository/MOH AND GRN/Page_KDMC - CMS/input_txttreat'

2018-05-28 13:37:02 - [TEST_STEP][PASSED] - click: Object: 'Object Repository/MOH AND GRN/Page_KDMC - CMS/button_Add' is clicked on

2018-05-28 13:37:02 - [MESSAGE][PASSED] - Object: 'Object Repository/MOH AND GRN/Page_KDMC - CMS/button_Add' is clicked on

2018-05-28 13:37:02 - [TEST_STEP][PASSED] - selectOptionByIndex: All options with index in [8] are selected on object 'Object Repository/MOH AND GRN/Page_KDMC - CMS/select_--Select--Schedule 1Inj'

2018-05-28 13:37:02 - [MESSAGE][PASSED] - All options with index in [8] are selected on object 'Object Repository/MOH AND GRN/Page_KDMC - CMS/select_--Select--Schedule 1Inj'

2018-05-28 13:37:02 - [TEST_STEP][PASSED] - selectOptionByIndex: All options with index in [11] are selected on object 'Object Repository/MOH AND GRN/Page_KDMC - CMS/select_--Select--Adernaline 0.'

2018-05-28 13:37:02 - [MESSAGE][PASSED] - All options with index in [11] are selected on object 'Object Repository/MOH AND GRN/Page_KDMC - CMS/select_--Select--Adernaline 0.'

2018-05-28 13:37:02 - [TEST_STEP][PASSED] - setText: Text '5000' is set on object 'Object Repository/MOH AND GRN/Page_KDMC - CMS/input_txttreat'

2018-05-28 13:37:02 - [MESSAGE][PASSED] - Text '5000' is set on object 'Object Repository/MOH AND GRN/Page_KDMC - CMS/input_txttreat'

2018-05-28 13:37:02 - [TEST_STEP][PASSED] - click: Object: 'Object Repository/MOH AND GRN/Page_KDMC - CMS/button_Add' is clicked on

2018-05-28 13:37:02 - [MESSAGE][PASSED] - Object: 'Object Repository/MOH AND GRN/Page_KDMC - CMS/button_Add' is clicked on

2018-05-28 13:37:02 - [TEST_STEP][PASSED] - selectOptionByIndex: All options with index in [8] are selected on object 'Object Repository/MOH AND GRN/Page_KDMC - CMS/select_--Select--Schedule 1Inj'

2018-05-28 13:37:03 - [MESSAGE][PASSED] - All options with index in [8] are selected on object 'Object Repository/MOH AND GRN/Page_KDMC - CMS/select_--Select--Schedule 1Inj'

2018-05-28 13:37:03 - [TEST_STEP][PASSED] - selectOptionByIndex: All options with index in [12] are selected on object 'Object Repository/MOH AND GRN/Page_KDMC - CMS/select_--Select--Adernaline 0.'

2018-05-28 13:37:03 - [MESSAGE][PASSED] - All options with index in [12] are selected on object 'Object Repository/MOH AND GRN/Page_KDMC - CMS/select_--Select--Adernaline 0.'

2018-05-28 13:37:03 - [TEST_STEP][PASSED] - setText: Text '5000' is set on object 'Object Repository/MOH AND GRN/Page_KDMC - CMS/input_txttreat'

2018-05-28 13:37:03 - [MESSAGE][PASSED] - Text '5000' is set on object 'Object Repository/MOH AND GRN/Page_KDMC - CMS/input_txttreat'

2018-05-28 13:37:03 - [TEST_STEP][PASSED] - click: Object: 'Object Repository/MOH AND GRN/Page_KDMC - CMS/button_Add' is clicked on

2018-05-28 13:37:03 - [MESSAGE][PASSED] - Object: 'Object Repository/MOH AND GRN/Page_KDMC - CMS/button_Add' is clicked on

2018-05-28 13:37:03 - [TEST_STEP][PASSED] - selectOptionByIndex: All options with index in [8] are selected on object 'Object Repository/MOH AND GRN/Page_KDMC - CMS/select_--Select--Schedule 1Inj'

2018-05-28 13:37:03 - [MESSAGE][PASSED] - All options with index in [8] are selected on object 'Object Repository/MOH AND GRN/Page_KDMC - CMS/select_--Select--Schedule 1Inj'

2018-05-28 13:37:03 - [TEST_STEP][PASSED] - selectOptionByIndex: All options with index in [13] are selected on object 'Object Repository/MOH AND GRN/Page_KDMC - CMS/select_--Select--Adernaline 0.'

2018-05-28 13:37:03 - [MESSAGE][PASSED] - All options with index in [13] are selected on object 'Object Repository/MOH AND GRN/Page_KDMC - CMS/select_--Select--Adernaline 0.'

2018-05-28 13:37:03 - [TEST_STEP][PASSED] - setText: Text '5000' is set on object 'Object Repository/MOH AND GRN/Page_KDMC - CMS/input_txttreat'

2018-05-28 13:37:04 - [MESSAGE][PASSED] - Text '5000' is set on object 'Object Repository/MOH AND GRN/Page_KDMC - CMS/input_txttreat'

2018-05-28 13:37:04 - [TEST_STEP][PASSED] - click: Object: 'Object Repository/MOH AND GRN/Page_KDMC - CMS/button_Add' is clicked on

2018-05-28 13:37:04 - [MESSAGE][PASSED] - Object: 'Object Repository/MOH AND GRN/Page_KDMC - CMS/button_Add' is clicked on

2018-05-28 13:37:04 - [TEST_STEP][PASSED] - selectOptionByIndex: All options with index in [8] are selected on object 'Object Repository/MOH AND GRN/Page_KDMC - CMS/select_--Select--Schedule 1Inj'

2018-05-28 13:37:04 - [MESSAGE][PASSED] - All options with index in [8] are selected on object 'Object Repository/MOH AND GRN/Page_KDMC - CMS/select_--Select--Schedule 1Inj'

2018-05-28 13:37:04 - [TEST_STEP][PASSED] - selectOptionByIndex: All options with index in [14] are selected on object 'Object Repository/MOH AND GRN/Page_KDMC - CMS/select_--Select--Adernaline 0.'

2018-05-28 13:37:04 - [MESSAGE][PASSED] - All options with index in [14] are selected on object 'Object Repository/MOH AND GRN/Page_KDMC - CMS/select_--Select--Adernaline 0.'

2018-05-28 13:37:04 - [TEST_STEP][PASSED] - setText: Text '5000' is set on object 'Object Repository/MOH AND GRN/Page_KDMC - CMS/input_txttreat'

2018-05-28 13:37:04 - [MESSAGE][PASSED] - Text '5000' is set on object 'Object Repository/MOH AND GRN/Page_KDMC - CMS/input_txttreat'

2018-05-28 13:37:04 - [TEST_STEP][PASSED] - click: Object: 'Object Repository/MOH AND GRN/Page_KDMC - CMS/button_Add' is clicked on

2018-05-28 13:37:04 - [MESSAGE][PASSED] - Object: 'Object Repository/MOH AND GRN/Page_KDMC - CMS/button_Add' is clicked on

2018-05-28 13:37:04 - [TEST_STEP][PASSED] - selectOptionByIndex: All options with index in [8] are selected on object 'Object Repository/MOH AND GRN/Page_KDMC - CMS/select_--Select--Schedule 1Inj'

2018-05-28 13:37:04 - [MESSAGE][PASSED] - All options with index in [8] are selected on object 'Object Repository/MOH AND GRN/Page_KDMC - CMS/select_--Select--Schedule 1Inj'

2018-05-28 13:37:04 - [TEST_STEP][PASSED] - selectOptionByIndex: All options with index in [15] are selected on object 'Object Repository/MOH AND GRN/Page_KDMC - CMS/select_--Select--Adernaline 0.'

2018-05-28 13:37:05 - [MESSAGE][PASSED] - All options with index in [15] are selected on object 'Object Repository/MOH AND GRN/Page_KDMC - CMS/select_--Select--Adernaline 0.'

2018-05-28 13:37:05 - [TEST_STEP][PASSED] - setText: Text '5000' is set on object 'Object Repository/MOH AND GRN/Page_KDMC - CMS/input_txttreat'

2018-05-28 13:37:05 - [MESSAGE][PASSED] - Text '5000' is set on object 'Object Repository/MOH AND GRN/Page_KDMC - CMS/input_txttreat'

2018-05-28 13:37:05 - [TEST_STEP][PASSED] - click: Object: 'Object Repository/MOH AND GRN/Page_KDMC - CMS/button_Add' is clicked on

2018-05-28 13:37:05 - [MESSAGE][PASSED] - Object: 'Object Repository/MOH AND GRN/Page_KDMC - CMS/button_Add' is clicked on

2018-05-28 13:37:05 - [TEST_STEP][PASSED] - selectOptionByIndex: All options with index in [8] are selected on object 'Object Repository/MOH AND GRN/Page_KDMC - CMS/select_--Select--Schedule 1Inj'

2018-05-28 13:37:05 - [MESSAGE][PASSED] - All options with index in [8] are selected on object 'Object Repository/MOH AND GRN/Page_KDMC - CMS/select_--Select--Schedule 1Inj'

2018-05-28 13:37:05 - [TEST_STEP][PASSED] - selectOptionByIndex: All options with index in [16] are selected on object 'Object Repository/MOH AND GRN/Page_KDMC - CMS/select_--Select--Adernaline 0.'

2018-05-28 13:37:05 - [MESSAGE][PASSED] - All options with index in [16] are selected on object 'Object Repository/MOH AND GRN/Page_KDMC - CMS/select_--Select--Adernaline 0.'

2018-05-28 13:37:05 - [TEST_STEP][PASSED] - setText: Text '5000' is set on object 'Object Repository/MOH AND GRN/Page_KDMC - CMS/input_txttreat'

2018-05-28 13:37:05 - [MESSAGE][PASSED] - Text '5000' is set on object 'Object Repository/MOH AND GRN/Page_KDMC - CMS/input_txttreat'

2018-05-28 13:37:05 - [TEST_STEP][PASSED] - click: Object: 'Object Repository/MOH AND GRN/Page_KDMC - CMS/button_Add' is clicked on

2018-05-28 13:37:05 - [MESSAGE][PASSED] - Object: 'Object Repository/MOH AND GRN/Page_KDMC - CMS/button_Add' is clicked on

2018-05-28 13:37:05 - [TEST_STEP][PASSED] - selectOptionByIndex: All options with index in [8] are selected on object 'Object Repository/MOH AND GRN/Page_KDMC - CMS/select_--Select--Schedule 1Inj'

2018-05-28 13:37:06 - [MESSAGE][PASSED] - All options with index in [8] are selected on object 'Object Repository/MOH AND GRN/Page_KDMC - CMS/select_--Select--Schedule 1Inj'

2018-05-28 13:37:06 - [TEST_STEP][PASSED] - selectOptionByIndex: All options with index in [17] are selected on object 'Object Repository/MOH AND GRN/Page_KDMC - CMS/select_--Select--Adernaline 0.'

2018-05-28 13:37:06 - [MESSAGE][PASSED] - All options with index in [17] are selected on object 'Object Repository/MOH AND GRN/Page_KDMC - CMS/select_--Select--Adernaline 0.'

2018-05-28 13:37:06 - [TEST_STEP][PASSED] - setText: Text '5000' is set on object 'Object Repository/MOH AND GRN/Page_KDMC - CMS/input_txttreat'

2018-05-28 13:37:06 - [MESSAGE][PASSED] - Text '5000' is set on object 'Object Repository/MOH AND GRN/Page_KDMC - CMS/input_txttreat'

2018-05-28 13:37:06 - [TEST_STEP][PASSED] - click: Object: 'Object Repository/MOH AND GRN/Page_KDMC - CMS/button_Add' is clicked on

2018-05-28 13:37:06 - [MESSAGE][PASSED] - Object: 'Object Repository/MOH AND GRN/Page_KDMC - CMS/button_Add' is clicked on

2018-05-28 13:37:06 - [TEST_STEP][PASSED] - scrollToElement: Scroll to object 'Object Repository/MOH AND GRN/Page_KDMC - CMS/input_btnsave' successfully

2018-05-28 13:37:06 - [MESSAGE][PASSED] - Scroll to object 'Object Repository/MOH AND GRN/Page_KDMC - CMS/input_btnsave' successfully

2018-05-28 13:37:06 - [TEST_STEP][PASSED] - click: Object: 'Object Repository/MOH AND GRN/Page_KDMC - CMS/input_btnsave' is clicked on

2018-05-28 13:37:06 - [MESSAGE][PASSED] - Object: 'Object Repository/MOH AND GRN/Page_KDMC - CMS/input_btnsave' is clicked on

2018-05-28 13:37:06 - [TEST_STEP][PASSED] - delay: Delayed 3 second(s)

2018-05-28 13:37:09 - [MESSAGE][PASSED] - Delayed 3 second(s)

2018-05-28 13:37:09 - [TEST_STEP][PASSED] - Statement - Request1 = com.kms.katalon.core.webui.keyword.WebUiBuiltInKeywords.getText(com.kms.katalon.core.testobject.ObjectRepository.findTestObject(MOH AND GRN/Page_KDMC - CMS/font_PRNO0505201876)): Text of object 'Object Repository/MOH AND GRN/Page_KDMC - CMS/font_PRNO0505201876' is: 'PRNO/28052018/311'

2018-05-28 13:37:09 - [MESSAGE][PASSED] - Text of object 'Object Repository/MOH AND GRN/Page_KDMC - CMS/font_PRNO0505201876' is: 'PRNO/28052018/311'

2018-05-28 13:37:09 - [TEST_STEP][PASSED] - Statement - out.println("Length OF The Medicine " + Request1): null

2018-05-28 13:37:09 - [TEST_STEP][PASSED] - Statement - RequestNUmber = Request1.split("/")[2].trim(): null

2018-05-28 13:37:09 - [TEST_STEP][PASSED] - Statement - out.println("ID IS " + RequestNUmber): null

2018-05-28 13:37:09 - [TEST_STEP][PASSED] - delay: Delayed 3 second(s)

2018-05-28 13:37:12 - [MESSAGE][PASSED] - Delayed 3 second(s)

2018-05-28 13:37:12 - [TEST_STEP][PASSED] - click: Object: 'Object Repository/MOH AND GRN/Page_KDMC - CMS/button_OK' is clicked on

2018-05-28 13:37:13 - [MESSAGE][PASSED] - Object: 'Object Repository/MOH AND GRN/Page_KDMC - CMS/button_OK' is clicked on

2018-05-28 13:37:13 - [TEST_STEP][PASSED] - click: Object: 'Object Repository/MOH AND GRN/Page_KDMC - CMS/a_dropdown-toggle' is clicked on

2018-05-28 13:37:15 - [MESSAGE][PASSED] - Object: 'Object Repository/MOH AND GRN/Page_KDMC - CMS/a_dropdown-toggle' is clicked on

2018-05-28 13:37:15 - [TEST_STEP][PASSED] - click: Object: 'Object Repository/MOH AND GRN/Page_KDMC - CMS/a_Sign out' is clicked on

2018-05-28 13:37:15 - [MESSAGE][PASSED] - Object: 'Object Repository/MOH AND GRN/Page_KDMC - CMS/a_Sign out' is clicked on

2018-05-28 13:37:15 - [TEST_STEP][PASSED] - delay: Delayed 4 second(s)

2018-05-28 13:37:19 - [MESSAGE][PASSED] - Delayed 4 second(s)

2018-05-28 13:37:19 - [TEST_STEP][PASSED] - click: Object: 'Object Repository/MOH AND GRN/Page_KDMC/a_Admin Master' is clicked on

2018-05-28 13:37:20 - [MESSAGE][PASSED] - Object: 'Object Repository/MOH AND GRN/Page_KDMC/a_Admin Master' is clicked on

2018-05-28 13:37:20 - [TEST_STEP][PASSED] - setText: Text 'admin' is set on object 'Object Repository/MOH AND GRN/Page_Admin login/input_txtusername'

2018-05-28 13:37:20 - [MESSAGE][PASSED] - Text 'admin' is set on object 'Object Repository/MOH AND GRN/Page_Admin login/input_txtusername'

2018-05-28 13:37:20 - [TEST_STEP][PASSED] - setText: Text 'admin123' is set on object 'Object Repository/MOH AND GRN/Page_Admin login/input_txtpassword'

2018-05-28 13:37:20 - [MESSAGE][PASSED] - Text 'admin123' is set on object 'Object Repository/MOH AND GRN/Page_Admin login/input_txtpassword'

2018-05-28 13:37:20 - [TEST_STEP][PASSED] - delay: Delayed 3 second(s)

2018-05-28 13:37:23 - [MESSAGE][PASSED] - Delayed 3 second(s)

2018-05-28 13:37:23 - [TEST_STEP][PASSED] - click: Object: 'Object Repository/MOH AND GRN/Page_Admin login/button_Sign in' is clicked on

2018-05-28 13:37:24 - [MESSAGE][PASSED] - Object: 'Object Repository/MOH AND GRN/Page_Admin login/button_Sign in' is clicked on

2018-05-28 13:37:24 - [TEST_STEP][PASSED] - delay: Delayed 20 second(s)

2018-05-28 13:37:44 - [MESSAGE][PASSED] - Delayed 20 second(s)

2018-05-28 13:37:44 - [TEST_STEP][PASSED] - scrollToPosition: Browser is scrolled to position x = 200, y = 200

2018-05-28 13:37:44 - [MESSAGE][PASSED] - Browser is scrolled to position x = 200, y = 200

2018-05-28 13:37:44 - [TEST_STEP][PASSED] - click: Object: 'Object Repository/MOH AND GRN/Page_KDMC/a_CMS_1' is clicked on

2018-05-28 13:37:44 - [MESSAGE][PASSED] - Object: 'Object Repository/MOH AND GRN/Page_KDMC/a_CMS_1' is clicked on

2018-05-28 13:37:44 - [TEST_STEP][PASSED] - click: Object: 'Object Repository/MOH AND GRN/Page_KDMC/a_Request List' is clicked on

2018-05-28 13:37:45 - [MESSAGE][PASSED] - Object: 'Object Repository/MOH AND GRN/Page_KDMC/a_Request List' is clicked on

2018-05-28 13:37:45 - [TEST_STEP][PASSED] - Statement - RequestNumberId = com.kms.katalon.core.webui.keyword.WebUiBuiltInKeywords.modifyObjectProperty(com.kms.katalon.core.testobject.ObjectRepository.findTestObject(MOH AND GRN/Page_KDMC - CMS/input_PO0032), "xpath", "equals", "//*[@id =" + RequestNUmber + "]", true): Modify property of object successfully

2018-05-28 13:37:45 - [MESSAGE][PASSED] - Modify property of object successfully

2018-05-28 13:37:45 - [TEST_STEP][PASSED] - click: Object: 'Object Repository/MOH AND GRN/Page_KDMC - CMS/input_PO0032' is clicked on

2018-05-28 13:37:45 - [MESSAGE][PASSED] - Object: 'Object Repository/MOH AND GRN/Page_KDMC - CMS/input_PO0032' is clicked on

2018-05-28 13:37:45 - [TEST_STEP][PASSED] - delay: Delayed 3 second(s)

2018-05-28 13:37:48 - [MESSAGE][PASSED] - Delayed 3 second(s)

2018-05-28 13:37:48 - [TEST_STEP][PASSED] - selectOptionByIndex: All options with index in [1] are selected on object 'Object Repository/MOH AND GRN/Page_KDMC/select_--Select--'

2018-05-28 13:37:49 - [MESSAGE][PASSED] - All options with index in [1] are selected on object 'Object Repository/MOH AND GRN/Page_KDMC/select_--Select--'

2018-05-28 13:37:49 - [TEST_STEP][PASSED] - click: Object: 'Object Repository/MOH AND GRN/Page_KDMC/input_btnupdate' is clicked on

2018-05-28 13:37:49 - [MESSAGE][PASSED] - Object: 'Object Repository/MOH AND GRN/Page_KDMC/input_btnupdate' is clicked on

2018-05-28 13:37:49 - [TEST_STEP][PASSED] - delay: Delayed 3 second(s)

2018-05-28 13:37:52 - [MESSAGE][PASSED] - Delayed 3 second(s)

2018-05-28 13:37:52 - [TEST_STEP][PASSED] - click: Object: 'Object Repository/MOH AND GRN/Page_KDMC/button_OK' is clicked on

2018-05-28 13:37:53 - [MESSAGE][PASSED] - Object: 'Object Repository/MOH AND GRN/Page_KDMC/button_OK' is clicked on

2018-05-28 13:37:53 - [TEST_STEP][PASSED] - delay: Delayed 3 second(s)

2018-05-28 13:37:56 - [MESSAGE][PASSED] - Delayed 3 second(s)

2018-05-28 13:37:56 - [TEST_STEP][PASSED] - scrollToPosition: Browser is scrolled to position x = 200, y = 200

2018-05-28 13:37:56 - [MESSAGE][PASSED] - Browser is scrolled to position x = 200, y = 200

2018-05-28 13:37:56 - [TEST_STEP][PASSED] - click: Object: 'Object Repository/MOH AND GRN/Page_KDMC/a_CMS_2' is clicked on

2018-05-28 13:37:56 - [MESSAGE][PASSED] - Object: 'Object Repository/MOH AND GRN/Page_KDMC/a_CMS_2' is clicked on

2018-05-28 13:37:56 - [TEST_STEP][PASSED] - delay: Delayed 2 second(s)

2018-05-28 13:37:58 - [MESSAGE][PASSED] - Delayed 2 second(s)

2018-05-28 13:37:58 - [TEST_STEP][PASSED] - click: Object: 'Object Repository/MOH AND GRN/Page_KDMC/a_Generate P.O' is clicked on

2018-05-28 13:37:58 - [MESSAGE][PASSED] - Object: 'Object Repository/MOH AND GRN/Page_KDMC/a_Generate P.O' is clicked on

2018-05-28 13:37:58 - [TEST_STEP][PASSED] - delay: Delayed 2 second(s)

2018-05-28 13:38:00 - [MESSAGE][PASSED] - Delayed 2 second(s)

2018-05-28 13:38:00 - [TEST_STEP][PASSED] - selectOptionByIndex: All options with index in [1] are selected on object 'Object Repository/MOH AND GRN/Page_KDMC/select_--Select--PRNO040520183'

2018-05-28 13:38:01 - [MESSAGE][PASSED] - All options with index in [1] are selected on object 'Object Repository/MOH AND GRN/Page_KDMC/select_--Select--PRNO040520183'

2018-05-28 13:38:01 - [TEST_STEP][PASSED] - selectOptionByIndex: All options with index in [10] are selected on object 'Object Repository/MOH AND GRN/Page_KDMC/select_--Select--Hamen Chandra'

2018-05-28 13:38:01 - [MESSAGE][PASSED] - All options with index in [10] are selected on object 'Object Repository/MOH AND GRN/Page_KDMC/select_--Select--Hamen Chandra'

2018-05-28 13:38:01 - [TEST_STEP][PASSED] - Statement - PONumber = com.kms.katalon.core.webui.keyword.WebUiBuiltInKeywords.getText(com.kms.katalon.core.testobject.ObjectRepository.findTestObject(MOH AND GRN/Page_KDMC/input_lblpono)).trim(): Text of object 'Object Repository/MOH AND GRN/Page_KDMC/input_lblpono' is: ''

2018-05-28 13:38:01 - [MESSAGE][PASSED] - Text of object 'Object Repository/MOH AND GRN/Page_KDMC/input_lblpono' is: ''

2018-05-28 13:38:01 - [TEST_STEP][PASSED] - Statement - PONumber1 = com.kms.katalon.core.webui.keyword.WebUiBuiltInKeywords.getAttribute(com.kms.katalon.core.testobject.ObjectRepository.findTestObject(MOH AND GRN/Page_KDMC/input_lblpono), "value").trim(): Attribute 'value' of object 'Object Repository/MOH AND GRN/Page_KDMC/input_lblpono' is: 'PO00163'

2018-05-28 13:38:01 - [MESSAGE][PASSED] - Attribute 'value' of object 'Object Repository/MOH AND GRN/Page_KDMC/input_lblpono' is: 'PO00163'

2018-05-28 13:38:01 - [TEST_STEP][PASSED] - Statement - out.println("PO NUMBER :" + PONumber): null

2018-05-28 13:38:01 - [TEST_STEP][PASSED] - Statement - out.println("PO NUMBER :" + PONumber1): null

2018-05-28 13:38:01 - [TEST_STEP][PASSED] - click: Object: 'Object Repository/MOH AND GRN/Page_KDMC/input_chkrem' is clicked on

2018-05-28 13:38:01 - [MESSAGE][PASSED] - Object: 'Object Repository/MOH AND GRN/Page_KDMC/input_chkrem' is clicked on

2018-05-28 13:38:01 - [TEST_STEP][PASSED] - scrollToElement: Scroll to object 'Object Repository/MOH AND GRN/Page_KDMC/input_btnreturn' successfully

2018-05-28 13:38:01 - [MESSAGE][PASSED] - Scroll to object 'Object Repository/MOH AND GRN/Page_KDMC/input_btnreturn' successfully

2018-05-28 13:38:01 - [TEST_STEP][PASSED] - click: Object: 'Object Repository/MOH AND GRN/Page_KDMC/input_btnreturn' is clicked on

2018-05-28 13:38:01 - [MESSAGE][PASSED] - Object: 'Object Repository/MOH AND GRN/Page_KDMC/input_btnreturn' is clicked on

2018-05-28 13:38:01 - [TEST_STEP][PASSED] - delay: Delayed 3 second(s)

2018-05-28 13:38:04 - [MESSAGE][PASSED] - Delayed 3 second(s)

2018-05-28 13:38:04 - [TEST_STEP][PASSED] - click: Object: 'Object Repository/MOH AND GRN/Page_KDMC/button_Yes' is clicked on

2018-05-28 13:38:04 - [MESSAGE][PASSED] - Object: 'Object Repository/MOH AND GRN/Page_KDMC/button_Yes' is clicked on

2018-05-28 13:38:04 - [TEST_STEP][PASSED] - delay: Delayed 3 second(s)

2018-05-28 13:38:07 - [MESSAGE][PASSED] - Delayed 3 second(s)

2018-05-28 13:38:07 - [TEST_STEP][PASSED] - click: Object: 'Object Repository/MOH AND GRN/Page_KDMC/button_OK' is clicked on

2018-05-28 13:38:08 - [MESSAGE][PASSED] - Object: 'Object Repository/MOH AND GRN/Page_KDMC/button_OK' is clicked on

2018-05-28 13:38:08 - [TEST_STEP][PASSED] - delay: Delayed 3 second(s)

2018-05-28 13:38:11 - [MESSAGE][PASSED] - Delayed 3 second(s)

2018-05-28 13:38:11 - [TEST_STEP][PASSED] - click: Object: 'Object Repository/MOH AND GRN/Page_KDMC/a_dropdown-toggle' is clicked on

2018-05-28 13:38:11 - [MESSAGE][PASSED] - Object: 'Object Repository/MOH AND GRN/Page_KDMC/a_dropdown-toggle' is clicked on

2018-05-28 13:38:11 - [TEST_STEP][PASSED] - click: Object: 'Object Repository/MOH AND GRN/Page_KDMC/a_Sign out' is clicked on

2018-05-28 13:38:11 - [MESSAGE][PASSED] - Object: 'Object Repository/MOH AND GRN/Page_KDMC/a_Sign out' is clicked on

2018-05-28 13:38:11 - [TEST_STEP][PASSED] - delay: Delayed 4 second(s)

2018-05-28 13:38:15 - [MESSAGE][PASSED] - Delayed 4 second(s)

2018-05-28 13:38:15 - [TEST_STEP][PASSED] - click: Object: 'Object Repository/MOH AND GRN/Page_KDMC/a_CMS' is clicked on

2018-05-28 13:38:16 - [MESSAGE][PASSED] - Object: 'Object Repository/MOH AND GRN/Page_KDMC/a_CMS' is clicked on

2018-05-28 13:38:16 - [TEST_STEP][PASSED] - setText: Text 'bala' is set on object 'Object Repository/MOH AND GRN/Page_CMS login/input_txtusername'

2018-05-28 13:38:16 - [MESSAGE][PASSED] - Text 'bala' is set on object 'Object Repository/MOH AND GRN/Page_CMS login/input_txtusername'

2018-05-28 13:38:16 - [TEST_STEP][PASSED] - setText: Text '123' is set on object 'Object Repository/MOH AND GRN/Page_CMS login/input_txtpassword'

2018-05-28 13:38:16 - [MESSAGE][PASSED] - Text '123' is set on object 'Object Repository/MOH AND GRN/Page_CMS login/input_txtpassword'

2018-05-28 13:38:16 - [TEST_STEP][PASSED] - delay: Delayed 3 second(s)

2018-05-28 13:38:19 - [MESSAGE][PASSED] - Delayed 3 second(s)

2018-05-28 13:38:19 - [TEST_STEP][PASSED] - click: Object: 'Object Repository/MOH AND GRN/Page_CMS login/button_Sign in' is clicked on

2018-05-28 13:38:19 - [MESSAGE][PASSED] - Object: 'Object Repository/MOH AND GRN/Page_CMS login/button_Sign in' is clicked on

2018-05-28 13:38:19 - [TEST_STEP][PASSED] - click: Object: 'Object Repository/MOH AND GRN/Page_KDMC - CMS/a_CMS Details' is clicked on

2018-05-28 13:38:20 - [MESSAGE][PASSED] - Object: 'Object Repository/MOH AND GRN/Page_KDMC - CMS/a_CMS Details' is clicked on

2018-05-28 13:38:20 - [TEST_STEP][PASSED] - delay: Delayed 2 second(s)

2018-05-28 13:38:22 - [MESSAGE][PASSED] - Delayed 2 second(s)

2018-05-28 13:38:22 - [TEST_STEP][PASSED] - click: Object: 'Object Repository/MOH AND GRN/Page_KDMC - CMS/a_Goods Receive' is clicked on

2018-05-28 13:38:22 - [MESSAGE][PASSED] - Object: 'Object Repository/MOH AND GRN/Page_KDMC - CMS/a_Goods Receive' is clicked on

2018-05-28 13:38:22 - [TEST_STEP][PASSED] - delay: Delayed 2 second(s)

2018-05-28 13:38:24 - [MESSAGE][PASSED] - Delayed 2 second(s)

2018-05-28 13:38:24 - [TEST_STEP][PASSED] - selectOptionByLabel: All options with label 'PO00163' are selected in object 'Object Repository/MOH AND GRN/Page_KDMC - CMS/select_--Select--PO0032PO0031P' 

2018-05-28 13:38:24 - [MESSAGE][PASSED] - All options with label 'PO00163' are selected in object 'Object Repository/MOH AND GRN/Page_KDMC - CMS/select_--Select--PO0032PO0031P' 

2018-05-28 13:38:24 - [TEST_STEP][PASSED] - setText: Finding Test Object with id 'Object Repository/MOH AND GRN/Page_KDMC - CMS/input_txtgrnno'

2018-05-28 13:38:24 - [TEST_STEP][PASSED] - Statement - switch (id): Text 'INV646.0' is set on object 'Object Repository/MOH AND GRN/Page_KDMC - CMS/input_txtgrnno'

2018-05-28 13:38:24 - [TEST_STEP][PASSED] - Statement - case 2:: Text 'INV646.0' is set on object 'Object Repository/MOH AND GRN/Page_KDMC - CMS/input_txtgrnno'

2018-05-28 13:38:24 - [TEST_STEP][PASSED] - Statement - return (java.lang.Math.floor((java.lang.Math.random() * ((max - min) + 1))) + min): Text 'INV646.0' is set on object 'Object Repository/MOH AND GRN/Page_KDMC - CMS/input_txtgrnno'

2018-05-28 13:38:24 - [MESSAGE][PASSED] - Text 'INV646.0' is set on object 'Object Repository/MOH AND GRN/Page_KDMC - CMS/input_txtgrnno'

2018-05-28 13:38:24 - [TEST_STEP][PASSED] - selectOptionByIndex: All options with index in [1] are selected on object 'Object Repository/MOH AND GRN/Page_KDMC - CMS/select_--Select--PERUMAL PHARM'

2018-05-28 13:38:24 - [MESSAGE][PASSED] - All options with index in [1] are selected on object 'Object Repository/MOH AND GRN/Page_KDMC - CMS/select_--Select--PERUMAL PHARM'

2018-05-28 13:38:24 - [TEST_STEP][PASSED] - setText: Text '14000' is set on object 'Object Repository/MOH AND GRN/Page_KDMC - CMS/input_txtgrnno_1'

2018-05-28 13:38:25 - [MESSAGE][PASSED] - Text '14000' is set on object 'Object Repository/MOH AND GRN/Page_KDMC - CMS/input_txtgrnno_1'

2018-05-28 13:38:25 - [TEST_STEP][PASSED] - setText: Text '400' is set on object 'Object Repository/MOH AND GRN/Page_KDMC - CMS/input_txtgrnno_2'

2018-05-28 13:38:25 - [MESSAGE][PASSED] - Text '400' is set on object 'Object Repository/MOH AND GRN/Page_KDMC - CMS/input_txtgrnno_2'

2018-05-28 13:38:25 - [TEST_STEP][PASSED] - setText: Finding Test Object with id 'Object Repository/MOH AND GRN/Page_KDMC - CMS/input_txtgrnno_3'

2018-05-28 13:38:25 - [TEST_STEP][PASSED] - Statement - switch (id): Text 'CH13.0' is set on object 'Object Repository/MOH AND GRN/Page_KDMC - CMS/input_txtgrnno_3'

2018-05-28 13:38:25 - [TEST_STEP][PASSED] - Statement - case 3:: Text 'CH13.0' is set on object 'Object Repository/MOH AND GRN/Page_KDMC - CMS/input_txtgrnno_3'

2018-05-28 13:38:25 - [TEST_STEP][PASSED] - Statement - return (java.lang.Math.floor((java.lang.Math.random() * ((max - min) + 1))) + min): Text 'CH13.0' is set on object 'Object Repository/MOH AND GRN/Page_KDMC - CMS/input_txtgrnno_3'

2018-05-28 13:38:25 - [MESSAGE][PASSED] - Text 'CH13.0' is set on object 'Object Repository/MOH AND GRN/Page_KDMC - CMS/input_txtgrnno_3'

2018-05-28 13:38:25 - [TEST_STEP][PASSED] - scrollToPosition: Browser is scrolled to position x = 200, y = 200

2018-05-28 13:38:25 - [MESSAGE][PASSED] - Browser is scrolled to position x = 200, y = 200

2018-05-28 13:38:25 - [TEST_STEP][PASSED] - Statement - GrnLength = com.kms.katalon.core.webui.keyword.WebUiBuiltInKeywords.getNumberOfTotalOption(com.kms.katalon.core.testobject.ObjectRepository.findTestObject(MOH AND GRN/Page_KDMC - CMS/select_--Select--Amikacin -500)): 18 options of object 'Object Repository/MOH AND GRN/Page_KDMC - CMS/select_--Select--Amikacin -500' counted

2018-05-28 13:38:25 - [MESSAGE][PASSED] - 18 options of object 'Object Repository/MOH AND GRN/Page_KDMC - CMS/select_--Select--Amikacin -500' counted

2018-05-28 13:38:25 - [TEST_STEP][PASSED] - Statement - out.println("Length OF The Medicine " + GrnLength): null

2018-05-28 13:38:25 - [TEST_STEP][PASSED] - Statement - s = 1: null

2018-05-28 13:38:25 - [TEST_STEP][PASSED] - Statement - For ([t = 1, t < GrnLength, (t++)]): Finding Test Object with id 'Object Repository/MOH AND GRN/Page_KDMC - CMS/input_txtmrp'

2018-05-28 13:38:25 - [TEST_STEP][PASSED] - selectOptionByIndex: All options with index in [1] are selected on object 'Object Repository/MOH AND GRN/Page_KDMC - CMS/select_--Select--Amikacin -500'

2018-05-28 13:38:25 - [MESSAGE][PASSED] - All options with index in [1] are selected on object 'Object Repository/MOH AND GRN/Page_KDMC - CMS/select_--Select--Amikacin -500'

2018-05-28 13:38:25 - [TEST_STEP][PASSED] - setText: Text '5000' is set on object 'Object Repository/MOH AND GRN/Page_KDMC - CMS/input_txtqty'

2018-05-28 13:38:25 - [MESSAGE][PASSED] - Text '5000' is set on object 'Object Repository/MOH AND GRN/Page_KDMC - CMS/input_txtqty'

2018-05-28 13:38:25 - [TEST_STEP][PASSED] - selectOptionByIndex: All options with index in [1] are selected on object 'Object Repository/MOH AND GRN/Page_KDMC - CMS/select_--Select--No Tax0'

2018-05-28 13:38:25 - [MESSAGE][PASSED] - All options with index in [1] are selected on object 'Object Repository/MOH AND GRN/Page_KDMC - CMS/select_--Select--No Tax0'

2018-05-28 13:38:25 - [TEST_STEP][PASSED] - setText: Finding Test Object with id 'Object Repository/MOH AND GRN/Page_KDMC - CMS/input_txtmrp'

2018-05-28 13:38:25 - [TEST_STEP][PASSED] - Statement - switch (id): Finding Test Object with id 'Object Repository/MOH AND GRN/Page_KDMC - CMS/input_txtdeal'

2018-05-28 13:38:25 - [TEST_STEP][PASSED] - Statement - case 4:: Text '29.0' is set on object 'Object Repository/MOH AND GRN/Page_KDMC - CMS/input_txtmrp'

2018-05-28 13:38:25 - [TEST_STEP][PASSED] - Statement - return (java.lang.Math.floor((java.lang.Math.random() * ((max - min) + 1))) + min): Text '29.0' is set on object 'Object Repository/MOH AND GRN/Page_KDMC - CMS/input_txtmrp'

2018-05-28 13:38:25 - [MESSAGE][PASSED] - Text '29.0' is set on object 'Object Repository/MOH AND GRN/Page_KDMC - CMS/input_txtmrp'

2018-05-28 13:38:25 - [TEST_STEP][PASSED] - setText: Finding Test Object with id 'Object Repository/MOH AND GRN/Page_KDMC - CMS/input_txtdeal'

2018-05-28 13:38:25 - [TEST_STEP][PASSED] - Statement - switch (id): Finding Test Object with id 'Object Repository/MOH AND GRN/Page_KDMC - CMS/input_txtbatchno'

2018-05-28 13:38:25 - [TEST_STEP][PASSED] - Statement - case 5:: Text '11.0' is set on object 'Object Repository/MOH AND GRN/Page_KDMC - CMS/input_txtdeal'

2018-05-28 13:38:25 - [TEST_STEP][PASSED] - Statement - return (java.lang.Math.floor((java.lang.Math.random() * ((max - min) + 1))) + min): Text '11.0' is set on object 'Object Repository/MOH AND GRN/Page_KDMC - CMS/input_txtdeal'

2018-05-28 13:38:25 - [MESSAGE][PASSED] - Text '11.0' is set on object 'Object Repository/MOH AND GRN/Page_KDMC - CMS/input_txtdeal'

2018-05-28 13:38:26 - [TEST_STEP][PASSED] - setText: Finding Test Object with id 'Object Repository/MOH AND GRN/Page_KDMC - CMS/input_txtbatchno'

2018-05-28 13:38:26 - [TEST_STEP][PASSED] - Statement - switch (id): Finding Test Object with id 'Object Repository/MOH AND GRN/Page_KDMC - CMS/input_txtmrp'

2018-05-28 13:38:26 - [TEST_STEP][PASSED] - Statement - case 1:: Text 'BA225.0' is set on object 'Object Repository/MOH AND GRN/Page_KDMC - CMS/input_txtbatchno'

2018-05-28 13:38:26 - [TEST_STEP][PASSED] - Statement - return (java.lang.Math.floor((java.lang.Math.random() * ((max - min) + 1))) + min): Text 'BA225.0' is set on object 'Object Repository/MOH AND GRN/Page_KDMC - CMS/input_txtbatchno'

2018-05-28 13:38:26 - [MESSAGE][PASSED] - Text 'BA225.0' is set on object 'Object Repository/MOH AND GRN/Page_KDMC - CMS/input_txtbatchno'

2018-05-28 13:38:26 - [TEST_STEP][PASSED] - rightClick: Object: 'Object Repository/GRN/Page_KDMC - CMS/input_txtexpdate' is right clicked on

2018-05-28 13:38:26 - [MESSAGE][PASSED] - Object: 'Object Repository/GRN/Page_KDMC - CMS/input_txtexpdate' is right clicked on

2018-05-28 13:38:26 - [TEST_STEP][PASSED] - selectOptionByIndex: All options with index in [1] are selected on object 'Object Repository/GRN/Page_KDMC - CMS/select_20182019202020212022202'

2018-05-28 13:38:26 - [MESSAGE][PASSED] - All options with index in [1] are selected on object 'Object Repository/GRN/Page_KDMC - CMS/select_20182019202020212022202'

2018-05-28 13:38:26 - [TEST_STEP][PASSED] - selectOptionByIndex: All options with index in [1] are selected on object 'Object Repository/GRN/Page_KDMC - CMS/select_JanFebMarAprMayJunJulAu'

2018-05-28 13:38:26 - [MESSAGE][PASSED] - All options with index in [1] are selected on object 'Object Repository/GRN/Page_KDMC - CMS/select_JanFebMarAprMayJunJulAu'

2018-05-28 13:38:26 - [TEST_STEP][PASSED] - click: Object: 'Object Repository/MOH AND GRN/Page_KDMC - CMS/a_12' is clicked on

2018-05-28 13:38:26 - [MESSAGE][PASSED] - Object: 'Object Repository/MOH AND GRN/Page_KDMC - CMS/a_12' is clicked on

2018-05-28 13:38:26 - [TEST_STEP][PASSED] - click: Object: 'Object Repository/MOH AND GRN/Page_KDMC - CMS/input_btnadd' is clicked on

2018-05-28 13:38:26 - [MESSAGE][PASSED] - Object: 'Object Repository/MOH AND GRN/Page_KDMC - CMS/input_btnadd' is clicked on

2018-05-28 13:38:26 - [TEST_STEP][PASSED] - Statement - If (s == 10): null

2018-05-28 13:38:26 - [TEST_STEP][PASSED] - Statement - Else: null

2018-05-28 13:38:26 - [TEST_STEP][PASSED] - Statement - (s++): null

2018-05-28 13:38:26 - [TEST_STEP][PASSED] - delay: Delayed 1 second(s)

2018-05-28 13:38:27 - [MESSAGE][PASSED] - Delayed 1 second(s)

2018-05-28 13:38:27 - [TEST_STEP][PASSED] - selectOptionByIndex: All options with index in [2] are selected on object 'Object Repository/MOH AND GRN/Page_KDMC - CMS/select_--Select--Amikacin -500'

2018-05-28 13:38:27 - [MESSAGE][PASSED] - All options with index in [2] are selected on object 'Object Repository/MOH AND GRN/Page_KDMC - CMS/select_--Select--Amikacin -500'

2018-05-28 13:38:27 - [TEST_STEP][PASSED] - setText: Text '5000' is set on object 'Object Repository/MOH AND GRN/Page_KDMC - CMS/input_txtqty'

2018-05-28 13:38:28 - [MESSAGE][PASSED] - Text '5000' is set on object 'Object Repository/MOH AND GRN/Page_KDMC - CMS/input_txtqty'

2018-05-28 13:38:28 - [TEST_STEP][PASSED] - selectOptionByIndex: All options with index in [1] are selected on object 'Object Repository/MOH AND GRN/Page_KDMC - CMS/select_--Select--No Tax0'

2018-05-28 13:38:28 - [MESSAGE][PASSED] - All options with index in [1] are selected on object 'Object Repository/MOH AND GRN/Page_KDMC - CMS/select_--Select--No Tax0'

2018-05-28 13:38:28 - [TEST_STEP][PASSED] - setText: Finding Test Object with id 'Object Repository/MOH AND GRN/Page_KDMC - CMS/input_txtmrp'

2018-05-28 13:38:28 - [TEST_STEP][PASSED] - Statement - switch (id): Finding Test Object with id 'Object Repository/MOH AND GRN/Page_KDMC - CMS/input_txtdeal'

2018-05-28 13:38:28 - [TEST_STEP][PASSED] - Statement - case 4:: Text '33.0' is set on object 'Object Repository/MOH AND GRN/Page_KDMC - CMS/input_txtmrp'

2018-05-28 13:38:28 - [TEST_STEP][PASSED] - Statement - return (java.lang.Math.floor((java.lang.Math.random() * ((max - min) + 1))) + min): Text '33.0' is set on object 'Object Repository/MOH AND GRN/Page_KDMC - CMS/input_txtmrp'

2018-05-28 13:38:28 - [MESSAGE][PASSED] - Text '33.0' is set on object 'Object Repository/MOH AND GRN/Page_KDMC - CMS/input_txtmrp'

2018-05-28 13:38:28 - [TEST_STEP][PASSED] - setText: Finding Test Object with id 'Object Repository/MOH AND GRN/Page_KDMC - CMS/input_txtdeal'

2018-05-28 13:38:28 - [TEST_STEP][PASSED] - Statement - switch (id): Finding Test Object with id 'Object Repository/MOH AND GRN/Page_KDMC - CMS/input_txtbatchno'

2018-05-28 13:38:28 - [TEST_STEP][PASSED] - Statement - case 5:: Text '9.0' is set on object 'Object Repository/MOH AND GRN/Page_KDMC - CMS/input_txtdeal'

2018-05-28 13:38:28 - [TEST_STEP][PASSED] - Statement - return (java.lang.Math.floor((java.lang.Math.random() * ((max - min) + 1))) + min): Text '9.0' is set on object 'Object Repository/MOH AND GRN/Page_KDMC - CMS/input_txtdeal'

2018-05-28 13:38:28 - [MESSAGE][PASSED] - Text '9.0' is set on object 'Object Repository/MOH AND GRN/Page_KDMC - CMS/input_txtdeal'

2018-05-28 13:38:28 - [TEST_STEP][PASSED] - setText: Finding Test Object with id 'Object Repository/MOH AND GRN/Page_KDMC - CMS/input_txtbatchno'

2018-05-28 13:38:28 - [TEST_STEP][PASSED] - Statement - switch (id): Finding Test Object with id 'Object Repository/MOH AND GRN/Page_KDMC - CMS/input_txtmrp'

2018-05-28 13:38:28 - [TEST_STEP][PASSED] - Statement - case 1:: Text 'BA603.0' is set on object 'Object Repository/MOH AND GRN/Page_KDMC - CMS/input_txtbatchno'

2018-05-28 13:38:28 - [TEST_STEP][PASSED] - Statement - return (java.lang.Math.floor((java.lang.Math.random() * ((max - min) + 1))) + min): Text 'BA603.0' is set on object 'Object Repository/MOH AND GRN/Page_KDMC - CMS/input_txtbatchno'

2018-05-28 13:38:28 - [MESSAGE][PASSED] - Text 'BA603.0' is set on object 'Object Repository/MOH AND GRN/Page_KDMC - CMS/input_txtbatchno'

2018-05-28 13:38:28 - [TEST_STEP][PASSED] - rightClick: Object: 'Object Repository/GRN/Page_KDMC - CMS/input_txtexpdate' is right clicked on

2018-05-28 13:38:28 - [MESSAGE][PASSED] - Object: 'Object Repository/GRN/Page_KDMC - CMS/input_txtexpdate' is right clicked on

2018-05-28 13:38:28 - [TEST_STEP][PASSED] - selectOptionByIndex: All options with index in [2] are selected on object 'Object Repository/GRN/Page_KDMC - CMS/select_20182019202020212022202'

2018-05-28 13:38:28 - [MESSAGE][PASSED] - All options with index in [2] are selected on object 'Object Repository/GRN/Page_KDMC - CMS/select_20182019202020212022202'

2018-05-28 13:38:28 - [TEST_STEP][PASSED] - selectOptionByIndex: All options with index in [2] are selected on object 'Object Repository/GRN/Page_KDMC - CMS/select_JanFebMarAprMayJunJulAu'

2018-05-28 13:38:28 - [MESSAGE][PASSED] - All options with index in [2] are selected on object 'Object Repository/GRN/Page_KDMC - CMS/select_JanFebMarAprMayJunJulAu'

2018-05-28 13:38:28 - [TEST_STEP][PASSED] - click: Object: 'Object Repository/MOH AND GRN/Page_KDMC - CMS/a_12' is clicked on

2018-05-28 13:38:28 - [MESSAGE][PASSED] - Object: 'Object Repository/MOH AND GRN/Page_KDMC - CMS/a_12' is clicked on

2018-05-28 13:38:28 - [TEST_STEP][PASSED] - click: Object: 'Object Repository/MOH AND GRN/Page_KDMC - CMS/input_btnadd' is clicked on

2018-05-28 13:38:28 - [MESSAGE][PASSED] - Object: 'Object Repository/MOH AND GRN/Page_KDMC - CMS/input_btnadd' is clicked on

2018-05-28 13:38:28 - [TEST_STEP][PASSED] - Statement - If (s == 10): null

2018-05-28 13:38:28 - [TEST_STEP][PASSED] - Statement - Else: null

2018-05-28 13:38:28 - [TEST_STEP][PASSED] - Statement - (s++): null

2018-05-28 13:38:28 - [TEST_STEP][PASSED] - delay: Delayed 1 second(s)

2018-05-28 13:38:29 - [MESSAGE][PASSED] - Delayed 1 second(s)

2018-05-28 13:38:29 - [TEST_STEP][PASSED] - selectOptionByIndex: All options with index in [3] are selected on object 'Object Repository/MOH AND GRN/Page_KDMC - CMS/select_--Select--Amikacin -500'

2018-05-28 13:38:30 - [MESSAGE][PASSED] - All options with index in [3] are selected on object 'Object Repository/MOH AND GRN/Page_KDMC - CMS/select_--Select--Amikacin -500'

2018-05-28 13:38:30 - [TEST_STEP][PASSED] - setText: Text '5000' is set on object 'Object Repository/MOH AND GRN/Page_KDMC - CMS/input_txtqty'

2018-05-28 13:38:30 - [MESSAGE][PASSED] - Text '5000' is set on object 'Object Repository/MOH AND GRN/Page_KDMC - CMS/input_txtqty'

2018-05-28 13:38:30 - [TEST_STEP][PASSED] - selectOptionByIndex: All options with index in [1] are selected on object 'Object Repository/MOH AND GRN/Page_KDMC - CMS/select_--Select--No Tax0'

2018-05-28 13:38:30 - [MESSAGE][PASSED] - All options with index in [1] are selected on object 'Object Repository/MOH AND GRN/Page_KDMC - CMS/select_--Select--No Tax0'

2018-05-28 13:38:30 - [TEST_STEP][PASSED] - setText: Finding Test Object with id 'Object Repository/MOH AND GRN/Page_KDMC - CMS/input_txtmrp'

2018-05-28 13:38:30 - [TEST_STEP][PASSED] - Statement - switch (id): Finding Test Object with id 'Object Repository/MOH AND GRN/Page_KDMC - CMS/input_txtdeal'

2018-05-28 13:38:30 - [TEST_STEP][PASSED] - Statement - case 4:: Text '44.0' is set on object 'Object Repository/MOH AND GRN/Page_KDMC - CMS/input_txtmrp'

2018-05-28 13:38:30 - [TEST_STEP][PASSED] - Statement - return (java.lang.Math.floor((java.lang.Math.random() * ((max - min) + 1))) + min): Text '44.0' is set on object 'Object Repository/MOH AND GRN/Page_KDMC - CMS/input_txtmrp'

2018-05-28 13:38:30 - [MESSAGE][PASSED] - Text '44.0' is set on object 'Object Repository/MOH AND GRN/Page_KDMC - CMS/input_txtmrp'

2018-05-28 13:38:30 - [TEST_STEP][PASSED] - setText: Finding Test Object with id 'Object Repository/MOH AND GRN/Page_KDMC - CMS/input_txtdeal'

2018-05-28 13:38:30 - [TEST_STEP][PASSED] - Statement - switch (id): Finding Test Object with id 'Object Repository/MOH AND GRN/Page_KDMC - CMS/input_txtbatchno'

2018-05-28 13:38:30 - [TEST_STEP][PASSED] - Statement - case 5:: Text '12.0' is set on object 'Object Repository/MOH AND GRN/Page_KDMC - CMS/input_txtdeal'

2018-05-28 13:38:30 - [TEST_STEP][PASSED] - Statement - return (java.lang.Math.floor((java.lang.Math.random() * ((max - min) + 1))) + min): Text '12.0' is set on object 'Object Repository/MOH AND GRN/Page_KDMC - CMS/input_txtdeal'

2018-05-28 13:38:30 - [MESSAGE][PASSED] - Text '12.0' is set on object 'Object Repository/MOH AND GRN/Page_KDMC - CMS/input_txtdeal'

2018-05-28 13:38:30 - [TEST_STEP][PASSED] - setText: Finding Test Object with id 'Object Repository/MOH AND GRN/Page_KDMC - CMS/input_txtbatchno'

2018-05-28 13:38:30 - [TEST_STEP][PASSED] - Statement - switch (id): Finding Test Object with id 'Object Repository/MOH AND GRN/Page_KDMC - CMS/input_txtmrp'

2018-05-28 13:38:30 - [TEST_STEP][PASSED] - Statement - case 1:: Text 'BA915.0' is set on object 'Object Repository/MOH AND GRN/Page_KDMC - CMS/input_txtbatchno'

2018-05-28 13:38:30 - [TEST_STEP][PASSED] - Statement - return (java.lang.Math.floor((java.lang.Math.random() * ((max - min) + 1))) + min): Text 'BA915.0' is set on object 'Object Repository/MOH AND GRN/Page_KDMC - CMS/input_txtbatchno'

2018-05-28 13:38:30 - [MESSAGE][PASSED] - Text 'BA915.0' is set on object 'Object Repository/MOH AND GRN/Page_KDMC - CMS/input_txtbatchno'

2018-05-28 13:38:30 - [TEST_STEP][PASSED] - rightClick: Object: 'Object Repository/GRN/Page_KDMC - CMS/input_txtexpdate' is right clicked on

2018-05-28 13:38:30 - [MESSAGE][PASSED] - Object: 'Object Repository/GRN/Page_KDMC - CMS/input_txtexpdate' is right clicked on

2018-05-28 13:38:30 - [TEST_STEP][PASSED] - selectOptionByIndex: All options with index in [3] are selected on object 'Object Repository/GRN/Page_KDMC - CMS/select_20182019202020212022202'

2018-05-28 13:38:30 - [MESSAGE][PASSED] - All options with index in [3] are selected on object 'Object Repository/GRN/Page_KDMC - CMS/select_20182019202020212022202'

2018-05-28 13:38:30 - [TEST_STEP][PASSED] - selectOptionByIndex: All options with index in [3] are selected on object 'Object Repository/GRN/Page_KDMC - CMS/select_JanFebMarAprMayJunJulAu'

2018-05-28 13:38:31 - [MESSAGE][PASSED] - All options with index in [3] are selected on object 'Object Repository/GRN/Page_KDMC - CMS/select_JanFebMarAprMayJunJulAu'

2018-05-28 13:38:31 - [TEST_STEP][PASSED] - click: Object: 'Object Repository/MOH AND GRN/Page_KDMC - CMS/a_12' is clicked on

2018-05-28 13:38:31 - [MESSAGE][PASSED] - Object: 'Object Repository/MOH AND GRN/Page_KDMC - CMS/a_12' is clicked on

2018-05-28 13:38:31 - [TEST_STEP][PASSED] - click: Object: 'Object Repository/MOH AND GRN/Page_KDMC - CMS/input_btnadd' is clicked on

2018-05-28 13:38:31 - [MESSAGE][PASSED] - Object: 'Object Repository/MOH AND GRN/Page_KDMC - CMS/input_btnadd' is clicked on

2018-05-28 13:38:31 - [TEST_STEP][PASSED] - Statement - If (s == 10): null

2018-05-28 13:38:31 - [TEST_STEP][PASSED] - Statement - Else: null

2018-05-28 13:38:31 - [TEST_STEP][PASSED] - Statement - (s++): null

2018-05-28 13:38:31 - [TEST_STEP][PASSED] - delay: Delayed 1 second(s)

2018-05-28 13:38:32 - [MESSAGE][PASSED] - Delayed 1 second(s)

2018-05-28 13:38:32 - [TEST_STEP][PASSED] - selectOptionByIndex: All options with index in [4] are selected on object 'Object Repository/MOH AND GRN/Page_KDMC - CMS/select_--Select--Amikacin -500'

2018-05-28 13:38:32 - [MESSAGE][PASSED] - All options with index in [4] are selected on object 'Object Repository/MOH AND GRN/Page_KDMC - CMS/select_--Select--Amikacin -500'

2018-05-28 13:38:32 - [TEST_STEP][PASSED] - setText: Text '5000' is set on object 'Object Repository/MOH AND GRN/Page_KDMC - CMS/input_txtqty'

2018-05-28 13:38:32 - [MESSAGE][PASSED] - Text '5000' is set on object 'Object Repository/MOH AND GRN/Page_KDMC - CMS/input_txtqty'

2018-05-28 13:38:32 - [TEST_STEP][PASSED] - selectOptionByIndex: All options with index in [1] are selected on object 'Object Repository/MOH AND GRN/Page_KDMC - CMS/select_--Select--No Tax0'

2018-05-28 13:38:32 - [MESSAGE][PASSED] - All options with index in [1] are selected on object 'Object Repository/MOH AND GRN/Page_KDMC - CMS/select_--Select--No Tax0'

2018-05-28 13:38:32 - [TEST_STEP][PASSED] - setText: Finding Test Object with id 'Object Repository/MOH AND GRN/Page_KDMC - CMS/input_txtmrp'

2018-05-28 13:38:32 - [TEST_STEP][PASSED] - Statement - switch (id): Finding Test Object with id 'Object Repository/MOH AND GRN/Page_KDMC - CMS/input_txtdeal'

2018-05-28 13:38:32 - [TEST_STEP][PASSED] - Statement - case 4:: Text '39.0' is set on object 'Object Repository/MOH AND GRN/Page_KDMC - CMS/input_txtmrp'

2018-05-28 13:38:32 - [TEST_STEP][PASSED] - Statement - return (java.lang.Math.floor((java.lang.Math.random() * ((max - min) + 1))) + min): Text '39.0' is set on object 'Object Repository/MOH AND GRN/Page_KDMC - CMS/input_txtmrp'

2018-05-28 13:38:32 - [MESSAGE][PASSED] - Text '39.0' is set on object 'Object Repository/MOH AND GRN/Page_KDMC - CMS/input_txtmrp'

2018-05-28 13:38:32 - [TEST_STEP][PASSED] - setText: Finding Test Object with id 'Object Repository/MOH AND GRN/Page_KDMC - CMS/input_txtdeal'

2018-05-28 13:38:32 - [TEST_STEP][PASSED] - Statement - switch (id): Finding Test Object with id 'Object Repository/MOH AND GRN/Page_KDMC - CMS/input_txtbatchno'

2018-05-28 13:38:32 - [TEST_STEP][PASSED] - Statement - case 5:: Text '4.0' is set on object 'Object Repository/MOH AND GRN/Page_KDMC - CMS/input_txtdeal'

2018-05-28 13:38:32 - [TEST_STEP][PASSED] - Statement - return (java.lang.Math.floor((java.lang.Math.random() * ((max - min) + 1))) + min): Text '4.0' is set on object 'Object Repository/MOH AND GRN/Page_KDMC - CMS/input_txtdeal'

2018-05-28 13:38:32 - [MESSAGE][PASSED] - Text '4.0' is set on object 'Object Repository/MOH AND GRN/Page_KDMC - CMS/input_txtdeal'

2018-05-28 13:38:32 - [TEST_STEP][PASSED] - setText: Finding Test Object with id 'Object Repository/MOH AND GRN/Page_KDMC - CMS/input_txtbatchno'

2018-05-28 13:38:32 - [TEST_STEP][PASSED] - Statement - switch (id): Finding Test Object with id 'Object Repository/MOH AND GRN/Page_KDMC - CMS/input_txtmrp'

2018-05-28 13:38:32 - [TEST_STEP][PASSED] - Statement - case 1:: Text 'BA747.0' is set on object 'Object Repository/MOH AND GRN/Page_KDMC - CMS/input_txtbatchno'

2018-05-28 13:38:32 - [TEST_STEP][PASSED] - Statement - return (java.lang.Math.floor((java.lang.Math.random() * ((max - min) + 1))) + min): Text 'BA747.0' is set on object 'Object Repository/MOH AND GRN/Page_KDMC - CMS/input_txtbatchno'

2018-05-28 13:38:33 - [MESSAGE][PASSED] - Text 'BA747.0' is set on object 'Object Repository/MOH AND GRN/Page_KDMC - CMS/input_txtbatchno'

2018-05-28 13:38:33 - [TEST_STEP][PASSED] - rightClick: Object: 'Object Repository/GRN/Page_KDMC - CMS/input_txtexpdate' is right clicked on

2018-05-28 13:38:33 - [MESSAGE][PASSED] - Object: 'Object Repository/GRN/Page_KDMC - CMS/input_txtexpdate' is right clicked on

2018-05-28 13:38:33 - [TEST_STEP][PASSED] - selectOptionByIndex: All options with index in [4] are selected on object 'Object Repository/GRN/Page_KDMC - CMS/select_20182019202020212022202'

2018-05-28 13:38:33 - [MESSAGE][PASSED] - All options with index in [4] are selected on object 'Object Repository/GRN/Page_KDMC - CMS/select_20182019202020212022202'

2018-05-28 13:38:33 - [TEST_STEP][PASSED] - selectOptionByIndex: All options with index in [4] are selected on object 'Object Repository/GRN/Page_KDMC - CMS/select_JanFebMarAprMayJunJulAu'

2018-05-28 13:38:33 - [MESSAGE][PASSED] - All options with index in [4] are selected on object 'Object Repository/GRN/Page_KDMC - CMS/select_JanFebMarAprMayJunJulAu'

2018-05-28 13:38:33 - [TEST_STEP][PASSED] - click: Object: 'Object Repository/MOH AND GRN/Page_KDMC - CMS/a_12' is clicked on

2018-05-28 13:38:33 - [MESSAGE][PASSED] - Object: 'Object Repository/MOH AND GRN/Page_KDMC - CMS/a_12' is clicked on

2018-05-28 13:38:33 - [TEST_STEP][PASSED] - click: Object: 'Object Repository/MOH AND GRN/Page_KDMC - CMS/input_btnadd' is clicked on

2018-05-28 13:38:33 - [MESSAGE][PASSED] - Object: 'Object Repository/MOH AND GRN/Page_KDMC - CMS/input_btnadd' is clicked on

2018-05-28 13:38:33 - [TEST_STEP][PASSED] - Statement - If (s == 10): null

2018-05-28 13:38:33 - [TEST_STEP][PASSED] - Statement - Else: null

2018-05-28 13:38:33 - [TEST_STEP][PASSED] - Statement - (s++): null

2018-05-28 13:38:33 - [TEST_STEP][PASSED] - delay: Delayed 1 second(s)

2018-05-28 13:38:34 - [MESSAGE][PASSED] - Delayed 1 second(s)

2018-05-28 13:38:34 - [TEST_STEP][PASSED] - selectOptionByIndex: All options with index in [5] are selected on object 'Object Repository/MOH AND GRN/Page_KDMC - CMS/select_--Select--Amikacin -500'

2018-05-28 13:38:34 - [MESSAGE][PASSED] - All options with index in [5] are selected on object 'Object Repository/MOH AND GRN/Page_KDMC - CMS/select_--Select--Amikacin -500'

2018-05-28 13:38:34 - [TEST_STEP][PASSED] - setText: Text '5000' is set on object 'Object Repository/MOH AND GRN/Page_KDMC - CMS/input_txtqty'

2018-05-28 13:38:34 - [MESSAGE][PASSED] - Text '5000' is set on object 'Object Repository/MOH AND GRN/Page_KDMC - CMS/input_txtqty'

2018-05-28 13:38:34 - [TEST_STEP][PASSED] - selectOptionByIndex: All options with index in [1] are selected on object 'Object Repository/MOH AND GRN/Page_KDMC - CMS/select_--Select--No Tax0'

2018-05-28 13:38:35 - [MESSAGE][PASSED] - All options with index in [1] are selected on object 'Object Repository/MOH AND GRN/Page_KDMC - CMS/select_--Select--No Tax0'

2018-05-28 13:38:35 - [TEST_STEP][PASSED] - setText: Finding Test Object with id 'Object Repository/MOH AND GRN/Page_KDMC - CMS/input_txtmrp'

2018-05-28 13:38:35 - [TEST_STEP][PASSED] - Statement - switch (id): Finding Test Object with id 'Object Repository/MOH AND GRN/Page_KDMC - CMS/input_txtdeal'

2018-05-28 13:38:35 - [TEST_STEP][PASSED] - Statement - case 4:: Text '33.0' is set on object 'Object Repository/MOH AND GRN/Page_KDMC - CMS/input_txtmrp'

2018-05-28 13:38:35 - [TEST_STEP][PASSED] - Statement - return (java.lang.Math.floor((java.lang.Math.random() * ((max - min) + 1))) + min): Text '33.0' is set on object 'Object Repository/MOH AND GRN/Page_KDMC - CMS/input_txtmrp'

2018-05-28 13:38:35 - [MESSAGE][PASSED] - Text '33.0' is set on object 'Object Repository/MOH AND GRN/Page_KDMC - CMS/input_txtmrp'

2018-05-28 13:38:35 - [TEST_STEP][PASSED] - setText: Finding Test Object with id 'Object Repository/MOH AND GRN/Page_KDMC - CMS/input_txtdeal'

2018-05-28 13:38:35 - [TEST_STEP][PASSED] - Statement - switch (id): Finding Test Object with id 'Object Repository/MOH AND GRN/Page_KDMC - CMS/input_txtbatchno'

2018-05-28 13:38:35 - [TEST_STEP][PASSED] - Statement - case 5:: Text '1.0' is set on object 'Object Repository/MOH AND GRN/Page_KDMC - CMS/input_txtdeal'

2018-05-28 13:38:35 - [TEST_STEP][PASSED] - Statement - return (java.lang.Math.floor((java.lang.Math.random() * ((max - min) + 1))) + min): Text '1.0' is set on object 'Object Repository/MOH AND GRN/Page_KDMC - CMS/input_txtdeal'

2018-05-28 13:38:35 - [MESSAGE][PASSED] - Text '1.0' is set on object 'Object Repository/MOH AND GRN/Page_KDMC - CMS/input_txtdeal'

2018-05-28 13:38:35 - [TEST_STEP][PASSED] - setText: Finding Test Object with id 'Object Repository/MOH AND GRN/Page_KDMC - CMS/input_txtbatchno'

2018-05-28 13:38:35 - [TEST_STEP][PASSED] - Statement - switch (id): Finding Test Object with id 'Object Repository/MOH AND GRN/Page_KDMC - CMS/input_txtmrp'

2018-05-28 13:38:35 - [TEST_STEP][PASSED] - Statement - case 1:: Text 'BA763.0' is set on object 'Object Repository/MOH AND GRN/Page_KDMC - CMS/input_txtbatchno'

2018-05-28 13:38:35 - [TEST_STEP][PASSED] - Statement - return (java.lang.Math.floor((java.lang.Math.random() * ((max - min) + 1))) + min): Text 'BA763.0' is set on object 'Object Repository/MOH AND GRN/Page_KDMC - CMS/input_txtbatchno'

2018-05-28 13:38:35 - [MESSAGE][PASSED] - Text 'BA763.0' is set on object 'Object Repository/MOH AND GRN/Page_KDMC - CMS/input_txtbatchno'

2018-05-28 13:38:35 - [TEST_STEP][PASSED] - rightClick: Object: 'Object Repository/GRN/Page_KDMC - CMS/input_txtexpdate' is right clicked on

2018-05-28 13:38:35 - [MESSAGE][PASSED] - Object: 'Object Repository/GRN/Page_KDMC - CMS/input_txtexpdate' is right clicked on

2018-05-28 13:38:35 - [TEST_STEP][PASSED] - selectOptionByIndex: All options with index in [5] are selected on object 'Object Repository/GRN/Page_KDMC - CMS/select_20182019202020212022202'

2018-05-28 13:38:35 - [MESSAGE][PASSED] - All options with index in [5] are selected on object 'Object Repository/GRN/Page_KDMC - CMS/select_20182019202020212022202'

2018-05-28 13:38:35 - [TEST_STEP][PASSED] - selectOptionByIndex: All options with index in [5] are selected on object 'Object Repository/GRN/Page_KDMC - CMS/select_JanFebMarAprMayJunJulAu'

2018-05-28 13:38:35 - [MESSAGE][PASSED] - All options with index in [5] are selected on object 'Object Repository/GRN/Page_KDMC - CMS/select_JanFebMarAprMayJunJulAu'

2018-05-28 13:38:35 - [TEST_STEP][PASSED] - click: Object: 'Object Repository/MOH AND GRN/Page_KDMC - CMS/a_12' is clicked on

2018-05-28 13:38:35 - [MESSAGE][PASSED] - Object: 'Object Repository/MOH AND GRN/Page_KDMC - CMS/a_12' is clicked on

2018-05-28 13:38:35 - [TEST_STEP][PASSED] - click: Object: 'Object Repository/MOH AND GRN/Page_KDMC - CMS/input_btnadd' is clicked on

2018-05-28 13:38:35 - [MESSAGE][PASSED] - Object: 'Object Repository/MOH AND GRN/Page_KDMC - CMS/input_btnadd' is clicked on

2018-05-28 13:38:35 - [TEST_STEP][PASSED] - Statement - If (s == 10): null

2018-05-28 13:38:35 - [TEST_STEP][PASSED] - Statement - Else: null

2018-05-28 13:38:35 - [TEST_STEP][PASSED] - Statement - (s++): null

2018-05-28 13:38:35 - [TEST_STEP][PASSED] - delay: Delayed 1 second(s)

2018-05-28 13:38:36 - [MESSAGE][PASSED] - Delayed 1 second(s)

2018-05-28 13:38:36 - [TEST_STEP][PASSED] - selectOptionByIndex: All options with index in [6] are selected on object 'Object Repository/MOH AND GRN/Page_KDMC - CMS/select_--Select--Amikacin -500'

2018-05-28 13:38:37 - [MESSAGE][PASSED] - All options with index in [6] are selected on object 'Object Repository/MOH AND GRN/Page_KDMC - CMS/select_--Select--Amikacin -500'

2018-05-28 13:38:37 - [TEST_STEP][PASSED] - setText: Text '5000' is set on object 'Object Repository/MOH AND GRN/Page_KDMC - CMS/input_txtqty'

2018-05-28 13:38:37 - [MESSAGE][PASSED] - Text '5000' is set on object 'Object Repository/MOH AND GRN/Page_KDMC - CMS/input_txtqty'

2018-05-28 13:38:37 - [TEST_STEP][PASSED] - selectOptionByIndex: All options with index in [1] are selected on object 'Object Repository/MOH AND GRN/Page_KDMC - CMS/select_--Select--No Tax0'

2018-05-28 13:38:37 - [MESSAGE][PASSED] - All options with index in [1] are selected on object 'Object Repository/MOH AND GRN/Page_KDMC - CMS/select_--Select--No Tax0'

2018-05-28 13:38:37 - [TEST_STEP][PASSED] - setText: Finding Test Object with id 'Object Repository/MOH AND GRN/Page_KDMC - CMS/input_txtmrp'

2018-05-28 13:38:37 - [TEST_STEP][PASSED] - Statement - switch (id): Finding Test Object with id 'Object Repository/MOH AND GRN/Page_KDMC - CMS/input_txtdeal'

2018-05-28 13:38:37 - [TEST_STEP][PASSED] - Statement - case 4:: Text '23.0' is set on object 'Object Repository/MOH AND GRN/Page_KDMC - CMS/input_txtmrp'

2018-05-28 13:38:37 - [TEST_STEP][PASSED] - Statement - return (java.lang.Math.floor((java.lang.Math.random() * ((max - min) + 1))) + min): Text '23.0' is set on object 'Object Repository/MOH AND GRN/Page_KDMC - CMS/input_txtmrp'

2018-05-28 13:38:37 - [MESSAGE][PASSED] - Text '23.0' is set on object 'Object Repository/MOH AND GRN/Page_KDMC - CMS/input_txtmrp'

2018-05-28 13:38:37 - [TEST_STEP][PASSED] - setText: Finding Test Object with id 'Object Repository/MOH AND GRN/Page_KDMC - CMS/input_txtdeal'

2018-05-28 13:38:37 - [TEST_STEP][PASSED] - Statement - switch (id): Finding Test Object with id 'Object Repository/MOH AND GRN/Page_KDMC - CMS/input_txtbatchno'

2018-05-28 13:38:37 - [TEST_STEP][PASSED] - Statement - case 5:: Text '11.0' is set on object 'Object Repository/MOH AND GRN/Page_KDMC - CMS/input_txtdeal'

2018-05-28 13:38:37 - [TEST_STEP][PASSED] - Statement - return (java.lang.Math.floor((java.lang.Math.random() * ((max - min) + 1))) + min): Text '11.0' is set on object 'Object Repository/MOH AND GRN/Page_KDMC - CMS/input_txtdeal'

2018-05-28 13:38:37 - [MESSAGE][PASSED] - Text '11.0' is set on object 'Object Repository/MOH AND GRN/Page_KDMC - CMS/input_txtdeal'

2018-05-28 13:38:37 - [TEST_STEP][PASSED] - setText: Finding Test Object with id 'Object Repository/MOH AND GRN/Page_KDMC - CMS/input_txtbatchno'

2018-05-28 13:38:37 - [TEST_STEP][PASSED] - Statement - switch (id): Finding Test Object with id 'Object Repository/MOH AND GRN/Page_KDMC - CMS/input_txtmrp'

2018-05-28 13:38:37 - [TEST_STEP][PASSED] - Statement - case 1:: Text 'BA452.0' is set on object 'Object Repository/MOH AND GRN/Page_KDMC - CMS/input_txtbatchno'

2018-05-28 13:38:37 - [TEST_STEP][PASSED] - Statement - return (java.lang.Math.floor((java.lang.Math.random() * ((max - min) + 1))) + min): Text 'BA452.0' is set on object 'Object Repository/MOH AND GRN/Page_KDMC - CMS/input_txtbatchno'

2018-05-28 13:38:37 - [MESSAGE][PASSED] - Text 'BA452.0' is set on object 'Object Repository/MOH AND GRN/Page_KDMC - CMS/input_txtbatchno'

2018-05-28 13:38:37 - [TEST_STEP][PASSED] - rightClick: Object: 'Object Repository/GRN/Page_KDMC - CMS/input_txtexpdate' is right clicked on

2018-05-28 13:38:37 - [MESSAGE][PASSED] - Object: 'Object Repository/GRN/Page_KDMC - CMS/input_txtexpdate' is right clicked on

2018-05-28 13:38:37 - [TEST_STEP][PASSED] - selectOptionByIndex: All options with index in [6] are selected on object 'Object Repository/GRN/Page_KDMC - CMS/select_20182019202020212022202'

2018-05-28 13:38:37 - [MESSAGE][PASSED] - All options with index in [6] are selected on object 'Object Repository/GRN/Page_KDMC - CMS/select_20182019202020212022202'

2018-05-28 13:38:37 - [TEST_STEP][PASSED] - selectOptionByIndex: All options with index in [6] are selected on object 'Object Repository/GRN/Page_KDMC - CMS/select_JanFebMarAprMayJunJulAu'

2018-05-28 13:38:38 - [MESSAGE][PASSED] - All options with index in [6] are selected on object 'Object Repository/GRN/Page_KDMC - CMS/select_JanFebMarAprMayJunJulAu'

2018-05-28 13:38:38 - [TEST_STEP][PASSED] - click: Object: 'Object Repository/MOH AND GRN/Page_KDMC - CMS/a_12' is clicked on

2018-05-28 13:38:38 - [MESSAGE][PASSED] - Object: 'Object Repository/MOH AND GRN/Page_KDMC - CMS/a_12' is clicked on

2018-05-28 13:38:38 - [TEST_STEP][PASSED] - click: Object: 'Object Repository/MOH AND GRN/Page_KDMC - CMS/input_btnadd' is clicked on

2018-05-28 13:38:38 - [MESSAGE][PASSED] - Object: 'Object Repository/MOH AND GRN/Page_KDMC - CMS/input_btnadd' is clicked on

2018-05-28 13:38:38 - [TEST_STEP][PASSED] - Statement - If (s == 10): null

2018-05-28 13:38:38 - [TEST_STEP][PASSED] - Statement - Else: null

2018-05-28 13:38:38 - [TEST_STEP][PASSED] - Statement - (s++): null

2018-05-28 13:38:38 - [TEST_STEP][PASSED] - delay: Delayed 1 second(s)

2018-05-28 13:38:39 - [MESSAGE][PASSED] - Delayed 1 second(s)

2018-05-28 13:38:39 - [TEST_STEP][PASSED] - selectOptionByIndex: All options with index in [7] are selected on object 'Object Repository/MOH AND GRN/Page_KDMC - CMS/select_--Select--Amikacin -500'

2018-05-28 13:38:39 - [MESSAGE][PASSED] - All options with index in [7] are selected on object 'Object Repository/MOH AND GRN/Page_KDMC - CMS/select_--Select--Amikacin -500'

2018-05-28 13:38:39 - [TEST_STEP][PASSED] - setText: Text '5000' is set on object 'Object Repository/MOH AND GRN/Page_KDMC - CMS/input_txtqty'

2018-05-28 13:38:39 - [MESSAGE][PASSED] - Text '5000' is set on object 'Object Repository/MOH AND GRN/Page_KDMC - CMS/input_txtqty'

2018-05-28 13:38:39 - [TEST_STEP][PASSED] - selectOptionByIndex: All options with index in [1] are selected on object 'Object Repository/MOH AND GRN/Page_KDMC - CMS/select_--Select--No Tax0'

2018-05-28 13:38:39 - [MESSAGE][PASSED] - All options with index in [1] are selected on object 'Object Repository/MOH AND GRN/Page_KDMC - CMS/select_--Select--No Tax0'

2018-05-28 13:38:39 - [TEST_STEP][PASSED] - setText: Finding Test Object with id 'Object Repository/MOH AND GRN/Page_KDMC - CMS/input_txtmrp'

2018-05-28 13:38:39 - [TEST_STEP][PASSED] - Statement - switch (id): Finding Test Object with id 'Object Repository/MOH AND GRN/Page_KDMC - CMS/input_txtdeal'

2018-05-28 13:38:39 - [TEST_STEP][PASSED] - Statement - case 4:: Text '34.0' is set on object 'Object Repository/MOH AND GRN/Page_KDMC - CMS/input_txtmrp'

2018-05-28 13:38:39 - [TEST_STEP][PASSED] - Statement - return (java.lang.Math.floor((java.lang.Math.random() * ((max - min) + 1))) + min): Text '34.0' is set on object 'Object Repository/MOH AND GRN/Page_KDMC - CMS/input_txtmrp'

2018-05-28 13:38:39 - [MESSAGE][PASSED] - Text '34.0' is set on object 'Object Repository/MOH AND GRN/Page_KDMC - CMS/input_txtmrp'

2018-05-28 13:38:39 - [TEST_STEP][PASSED] - setText: Finding Test Object with id 'Object Repository/MOH AND GRN/Page_KDMC - CMS/input_txtdeal'

2018-05-28 13:38:39 - [TEST_STEP][PASSED] - Statement - switch (id): Finding Test Object with id 'Object Repository/MOH AND GRN/Page_KDMC - CMS/input_txtbatchno'

2018-05-28 13:38:39 - [TEST_STEP][PASSED] - Statement - case 5:: Text '11.0' is set on object 'Object Repository/MOH AND GRN/Page_KDMC - CMS/input_txtdeal'

2018-05-28 13:38:39 - [TEST_STEP][PASSED] - Statement - return (java.lang.Math.floor((java.lang.Math.random() * ((max - min) + 1))) + min): Text '11.0' is set on object 'Object Repository/MOH AND GRN/Page_KDMC - CMS/input_txtdeal'

2018-05-28 13:38:39 - [MESSAGE][PASSED] - Text '11.0' is set on object 'Object Repository/MOH AND GRN/Page_KDMC - CMS/input_txtdeal'

2018-05-28 13:38:39 - [TEST_STEP][PASSED] - setText: Finding Test Object with id 'Object Repository/MOH AND GRN/Page_KDMC - CMS/input_txtbatchno'

2018-05-28 13:38:39 - [TEST_STEP][PASSED] - Statement - switch (id): Finding Test Object with id 'Object Repository/MOH AND GRN/Page_KDMC - CMS/input_txtmrp'

2018-05-28 13:38:39 - [TEST_STEP][PASSED] - Statement - case 1:: Text 'BA807.0' is set on object 'Object Repository/MOH AND GRN/Page_KDMC - CMS/input_txtbatchno'

2018-05-28 13:38:39 - [TEST_STEP][PASSED] - Statement - return (java.lang.Math.floor((java.lang.Math.random() * ((max - min) + 1))) + min): Text 'BA807.0' is set on object 'Object Repository/MOH AND GRN/Page_KDMC - CMS/input_txtbatchno'

2018-05-28 13:38:40 - [MESSAGE][PASSED] - Text 'BA807.0' is set on object 'Object Repository/MOH AND GRN/Page_KDMC - CMS/input_txtbatchno'

2018-05-28 13:38:40 - [TEST_STEP][PASSED] - rightClick: Object: 'Object Repository/GRN/Page_KDMC - CMS/input_txtexpdate' is right clicked on

2018-05-28 13:38:40 - [MESSAGE][PASSED] - Object: 'Object Repository/GRN/Page_KDMC - CMS/input_txtexpdate' is right clicked on

2018-05-28 13:38:40 - [TEST_STEP][PASSED] - selectOptionByIndex: All options with index in [7] are selected on object 'Object Repository/GRN/Page_KDMC - CMS/select_20182019202020212022202'

2018-05-28 13:38:40 - [MESSAGE][PASSED] - All options with index in [7] are selected on object 'Object Repository/GRN/Page_KDMC - CMS/select_20182019202020212022202'

2018-05-28 13:38:40 - [TEST_STEP][PASSED] - selectOptionByIndex: All options with index in [7] are selected on object 'Object Repository/GRN/Page_KDMC - CMS/select_JanFebMarAprMayJunJulAu'

2018-05-28 13:38:40 - [MESSAGE][PASSED] - All options with index in [7] are selected on object 'Object Repository/GRN/Page_KDMC - CMS/select_JanFebMarAprMayJunJulAu'

2018-05-28 13:38:40 - [TEST_STEP][PASSED] - click: Object: 'Object Repository/MOH AND GRN/Page_KDMC - CMS/a_12' is clicked on

2018-05-28 13:38:40 - [MESSAGE][PASSED] - Object: 'Object Repository/MOH AND GRN/Page_KDMC - CMS/a_12' is clicked on

2018-05-28 13:38:40 - [TEST_STEP][PASSED] - click: Object: 'Object Repository/MOH AND GRN/Page_KDMC - CMS/input_btnadd' is clicked on

2018-05-28 13:38:40 - [MESSAGE][PASSED] - Object: 'Object Repository/MOH AND GRN/Page_KDMC - CMS/input_btnadd' is clicked on

2018-05-28 13:38:40 - [TEST_STEP][PASSED] - Statement - If (s == 10): null

2018-05-28 13:38:40 - [TEST_STEP][PASSED] - Statement - Else: null

2018-05-28 13:38:40 - [TEST_STEP][PASSED] - Statement - (s++): null

2018-05-28 13:38:40 - [TEST_STEP][PASSED] - delay: Delayed 1 second(s)

2018-05-28 13:38:41 - [MESSAGE][PASSED] - Delayed 1 second(s)

2018-05-28 13:38:41 - [TEST_STEP][PASSED] - selectOptionByIndex: All options with index in [8] are selected on object 'Object Repository/MOH AND GRN/Page_KDMC - CMS/select_--Select--Amikacin -500'

2018-05-28 13:38:42 - [MESSAGE][PASSED] - All options with index in [8] are selected on object 'Object Repository/MOH AND GRN/Page_KDMC - CMS/select_--Select--Amikacin -500'

2018-05-28 13:38:42 - [TEST_STEP][PASSED] - setText: Text '5000' is set on object 'Object Repository/MOH AND GRN/Page_KDMC - CMS/input_txtqty'

2018-05-28 13:38:42 - [MESSAGE][PASSED] - Text '5000' is set on object 'Object Repository/MOH AND GRN/Page_KDMC - CMS/input_txtqty'

2018-05-28 13:38:42 - [TEST_STEP][PASSED] - selectOptionByIndex: All options with index in [1] are selected on object 'Object Repository/MOH AND GRN/Page_KDMC - CMS/select_--Select--No Tax0'

2018-05-28 13:38:42 - [MESSAGE][PASSED] - All options with index in [1] are selected on object 'Object Repository/MOH AND GRN/Page_KDMC - CMS/select_--Select--No Tax0'

2018-05-28 13:38:42 - [TEST_STEP][PASSED] - setText: Finding Test Object with id 'Object Repository/MOH AND GRN/Page_KDMC - CMS/input_txtmrp'

2018-05-28 13:38:42 - [TEST_STEP][PASSED] - Statement - switch (id): Finding Test Object with id 'Object Repository/MOH AND GRN/Page_KDMC - CMS/input_txtdeal'

2018-05-28 13:38:42 - [TEST_STEP][PASSED] - Statement - case 4:: Text '36.0' is set on object 'Object Repository/MOH AND GRN/Page_KDMC - CMS/input_txtmrp'

2018-05-28 13:38:42 - [TEST_STEP][PASSED] - Statement - return (java.lang.Math.floor((java.lang.Math.random() * ((max - min) + 1))) + min): Text '36.0' is set on object 'Object Repository/MOH AND GRN/Page_KDMC - CMS/input_txtmrp'

2018-05-28 13:38:42 - [MESSAGE][PASSED] - Text '36.0' is set on object 'Object Repository/MOH AND GRN/Page_KDMC - CMS/input_txtmrp'

2018-05-28 13:38:42 - [TEST_STEP][PASSED] - setText: Finding Test Object with id 'Object Repository/MOH AND GRN/Page_KDMC - CMS/input_txtdeal'

2018-05-28 13:38:42 - [TEST_STEP][PASSED] - Statement - switch (id): Finding Test Object with id 'Object Repository/MOH AND GRN/Page_KDMC - CMS/input_txtbatchno'

2018-05-28 13:38:42 - [TEST_STEP][PASSED] - Statement - case 5:: Text '9.0' is set on object 'Object Repository/MOH AND GRN/Page_KDMC - CMS/input_txtdeal'

2018-05-28 13:38:42 - [TEST_STEP][PASSED] - Statement - return (java.lang.Math.floor((java.lang.Math.random() * ((max - min) + 1))) + min): Text '9.0' is set on object 'Object Repository/MOH AND GRN/Page_KDMC - CMS/input_txtdeal'

2018-05-28 13:38:42 - [MESSAGE][PASSED] - Text '9.0' is set on object 'Object Repository/MOH AND GRN/Page_KDMC - CMS/input_txtdeal'

2018-05-28 13:38:42 - [TEST_STEP][PASSED] - setText: Finding Test Object with id 'Object Repository/MOH AND GRN/Page_KDMC - CMS/input_txtbatchno'

2018-05-28 13:38:42 - [TEST_STEP][PASSED] - Statement - switch (id): Finding Test Object with id 'Object Repository/MOH AND GRN/Page_KDMC - CMS/input_txtmrp'

2018-05-28 13:38:42 - [TEST_STEP][PASSED] - Statement - case 1:: Text 'BA524.0' is set on object 'Object Repository/MOH AND GRN/Page_KDMC - CMS/input_txtbatchno'

2018-05-28 13:38:42 - [TEST_STEP][PASSED] - Statement - return (java.lang.Math.floor((java.lang.Math.random() * ((max - min) + 1))) + min): Text 'BA524.0' is set on object 'Object Repository/MOH AND GRN/Page_KDMC - CMS/input_txtbatchno'

2018-05-28 13:38:42 - [MESSAGE][PASSED] - Text 'BA524.0' is set on object 'Object Repository/MOH AND GRN/Page_KDMC - CMS/input_txtbatchno'

2018-05-28 13:38:42 - [TEST_STEP][PASSED] - rightClick: Object: 'Object Repository/GRN/Page_KDMC - CMS/input_txtexpdate' is right clicked on

2018-05-28 13:38:42 - [MESSAGE][PASSED] - Object: 'Object Repository/GRN/Page_KDMC - CMS/input_txtexpdate' is right clicked on

2018-05-28 13:38:42 - [TEST_STEP][PASSED] - selectOptionByIndex: All options with index in [8] are selected on object 'Object Repository/GRN/Page_KDMC - CMS/select_20182019202020212022202'

2018-05-28 13:38:42 - [MESSAGE][PASSED] - All options with index in [8] are selected on object 'Object Repository/GRN/Page_KDMC - CMS/select_20182019202020212022202'

2018-05-28 13:38:42 - [TEST_STEP][PASSED] - selectOptionByIndex: All options with index in [8] are selected on object 'Object Repository/GRN/Page_KDMC - CMS/select_JanFebMarAprMayJunJulAu'

2018-05-28 13:38:43 - [MESSAGE][PASSED] - All options with index in [8] are selected on object 'Object Repository/GRN/Page_KDMC - CMS/select_JanFebMarAprMayJunJulAu'

2018-05-28 13:38:43 - [TEST_STEP][PASSED] - click: Object: 'Object Repository/MOH AND GRN/Page_KDMC - CMS/a_12' is clicked on

2018-05-28 13:38:43 - [MESSAGE][PASSED] - Object: 'Object Repository/MOH AND GRN/Page_KDMC - CMS/a_12' is clicked on

2018-05-28 13:38:43 - [TEST_STEP][PASSED] - click: Object: 'Object Repository/MOH AND GRN/Page_KDMC - CMS/input_btnadd' is clicked on

2018-05-28 13:38:43 - [MESSAGE][PASSED] - Object: 'Object Repository/MOH AND GRN/Page_KDMC - CMS/input_btnadd' is clicked on

2018-05-28 13:38:43 - [TEST_STEP][PASSED] - Statement - If (s == 10): null

2018-05-28 13:38:43 - [TEST_STEP][PASSED] - Statement - Else: null

2018-05-28 13:38:43 - [TEST_STEP][PASSED] - Statement - (s++): null

2018-05-28 13:38:43 - [TEST_STEP][PASSED] - delay: Delayed 1 second(s)

2018-05-28 13:38:44 - [MESSAGE][PASSED] - Delayed 1 second(s)

2018-05-28 13:38:44 - [TEST_STEP][PASSED] - selectOptionByIndex: All options with index in [9] are selected on object 'Object Repository/MOH AND GRN/Page_KDMC - CMS/select_--Select--Amikacin -500'

2018-05-28 13:38:44 - [MESSAGE][PASSED] - All options with index in [9] are selected on object 'Object Repository/MOH AND GRN/Page_KDMC - CMS/select_--Select--Amikacin -500'

2018-05-28 13:38:44 - [TEST_STEP][PASSED] - setText: Text '5000' is set on object 'Object Repository/MOH AND GRN/Page_KDMC - CMS/input_txtqty'

2018-05-28 13:38:44 - [MESSAGE][PASSED] - Text '5000' is set on object 'Object Repository/MOH AND GRN/Page_KDMC - CMS/input_txtqty'

2018-05-28 13:38:44 - [TEST_STEP][PASSED] - selectOptionByIndex: All options with index in [1] are selected on object 'Object Repository/MOH AND GRN/Page_KDMC - CMS/select_--Select--No Tax0'

2018-05-28 13:38:44 - [MESSAGE][PASSED] - All options with index in [1] are selected on object 'Object Repository/MOH AND GRN/Page_KDMC - CMS/select_--Select--No Tax0'

2018-05-28 13:38:44 - [TEST_STEP][PASSED] - setText: Finding Test Object with id 'Object Repository/MOH AND GRN/Page_KDMC - CMS/input_txtmrp'

2018-05-28 13:38:44 - [TEST_STEP][PASSED] - Statement - switch (id): Finding Test Object with id 'Object Repository/MOH AND GRN/Page_KDMC - CMS/input_txtdeal'

2018-05-28 13:38:44 - [TEST_STEP][PASSED] - Statement - case 4:: Text '24.0' is set on object 'Object Repository/MOH AND GRN/Page_KDMC - CMS/input_txtmrp'

2018-05-28 13:38:44 - [TEST_STEP][PASSED] - Statement - return (java.lang.Math.floor((java.lang.Math.random() * ((max - min) + 1))) + min): Text '24.0' is set on object 'Object Repository/MOH AND GRN/Page_KDMC - CMS/input_txtmrp'

2018-05-28 13:38:44 - [MESSAGE][PASSED] - Text '24.0' is set on object 'Object Repository/MOH AND GRN/Page_KDMC - CMS/input_txtmrp'

2018-05-28 13:38:44 - [TEST_STEP][PASSED] - setText: Finding Test Object with id 'Object Repository/MOH AND GRN/Page_KDMC - CMS/input_txtdeal'

2018-05-28 13:38:44 - [TEST_STEP][PASSED] - Statement - switch (id): Finding Test Object with id 'Object Repository/MOH AND GRN/Page_KDMC - CMS/input_txtbatchno'

2018-05-28 13:38:44 - [TEST_STEP][PASSED] - Statement - case 5:: Text '3.0' is set on object 'Object Repository/MOH AND GRN/Page_KDMC - CMS/input_txtdeal'

2018-05-28 13:38:44 - [TEST_STEP][PASSED] - Statement - return (java.lang.Math.floor((java.lang.Math.random() * ((max - min) + 1))) + min): Text '3.0' is set on object 'Object Repository/MOH AND GRN/Page_KDMC - CMS/input_txtdeal'

2018-05-28 13:38:44 - [MESSAGE][PASSED] - Text '3.0' is set on object 'Object Repository/MOH AND GRN/Page_KDMC - CMS/input_txtdeal'

2018-05-28 13:38:44 - [TEST_STEP][PASSED] - setText: Finding Test Object with id 'Object Repository/MOH AND GRN/Page_KDMC - CMS/input_txtbatchno'

2018-05-28 13:38:44 - [TEST_STEP][PASSED] - Statement - switch (id): Finding Test Object with id 'Object Repository/MOH AND GRN/Page_KDMC - CMS/input_txtmrp'

2018-05-28 13:38:44 - [TEST_STEP][PASSED] - Statement - case 1:: Text 'BA514.0' is set on object 'Object Repository/MOH AND GRN/Page_KDMC - CMS/input_txtbatchno'

2018-05-28 13:38:44 - [TEST_STEP][PASSED] - Statement - return (java.lang.Math.floor((java.lang.Math.random() * ((max - min) + 1))) + min): Text 'BA514.0' is set on object 'Object Repository/MOH AND GRN/Page_KDMC - CMS/input_txtbatchno'

2018-05-28 13:38:44 - [MESSAGE][PASSED] - Text 'BA514.0' is set on object 'Object Repository/MOH AND GRN/Page_KDMC - CMS/input_txtbatchno'

2018-05-28 13:38:44 - [TEST_STEP][PASSED] - rightClick: Object: 'Object Repository/GRN/Page_KDMC - CMS/input_txtexpdate' is right clicked on

2018-05-28 13:38:45 - [MESSAGE][PASSED] - Object: 'Object Repository/GRN/Page_KDMC - CMS/input_txtexpdate' is right clicked on

2018-05-28 13:38:45 - [TEST_STEP][PASSED] - selectOptionByIndex: All options with index in [9] are selected on object 'Object Repository/GRN/Page_KDMC - CMS/select_20182019202020212022202'

2018-05-28 13:38:45 - [MESSAGE][PASSED] - All options with index in [9] are selected on object 'Object Repository/GRN/Page_KDMC - CMS/select_20182019202020212022202'

2018-05-28 13:38:45 - [TEST_STEP][PASSED] - selectOptionByIndex: All options with index in [9] are selected on object 'Object Repository/GRN/Page_KDMC - CMS/select_JanFebMarAprMayJunJulAu'

2018-05-28 13:38:45 - [MESSAGE][PASSED] - All options with index in [9] are selected on object 'Object Repository/GRN/Page_KDMC - CMS/select_JanFebMarAprMayJunJulAu'

2018-05-28 13:38:45 - [TEST_STEP][PASSED] - click: Object: 'Object Repository/MOH AND GRN/Page_KDMC - CMS/a_12' is clicked on

2018-05-28 13:38:45 - [MESSAGE][PASSED] - Object: 'Object Repository/MOH AND GRN/Page_KDMC - CMS/a_12' is clicked on

2018-05-28 13:38:45 - [TEST_STEP][PASSED] - click: Object: 'Object Repository/MOH AND GRN/Page_KDMC - CMS/input_btnadd' is clicked on

2018-05-28 13:38:45 - [MESSAGE][PASSED] - Object: 'Object Repository/MOH AND GRN/Page_KDMC - CMS/input_btnadd' is clicked on

2018-05-28 13:38:45 - [TEST_STEP][PASSED] - Statement - If (s == 10): null

2018-05-28 13:38:45 - [TEST_STEP][PASSED] - Statement - Else: null

2018-05-28 13:38:45 - [TEST_STEP][PASSED] - Statement - (s++): null

2018-05-28 13:38:45 - [TEST_STEP][PASSED] - delay: Delayed 1 second(s)

2018-05-28 13:38:46 - [MESSAGE][PASSED] - Delayed 1 second(s)

2018-05-28 13:38:46 - [TEST_STEP][PASSED] - selectOptionByIndex: All options with index in [10] are selected on object 'Object Repository/MOH AND GRN/Page_KDMC - CMS/select_--Select--Amikacin -500'

2018-05-28 13:38:46 - [MESSAGE][PASSED] - All options with index in [10] are selected on object 'Object Repository/MOH AND GRN/Page_KDMC - CMS/select_--Select--Amikacin -500'

2018-05-28 13:38:46 - [TEST_STEP][PASSED] - setText: Text '5000' is set on object 'Object Repository/MOH AND GRN/Page_KDMC - CMS/input_txtqty'

2018-05-28 13:38:47 - [MESSAGE][PASSED] - Text '5000' is set on object 'Object Repository/MOH AND GRN/Page_KDMC - CMS/input_txtqty'

2018-05-28 13:38:47 - [TEST_STEP][PASSED] - selectOptionByIndex: All options with index in [1] are selected on object 'Object Repository/MOH AND GRN/Page_KDMC - CMS/select_--Select--No Tax0'

2018-05-28 13:38:47 - [MESSAGE][PASSED] - All options with index in [1] are selected on object 'Object Repository/MOH AND GRN/Page_KDMC - CMS/select_--Select--No Tax0'

2018-05-28 13:38:47 - [TEST_STEP][PASSED] - setText: Finding Test Object with id 'Object Repository/MOH AND GRN/Page_KDMC - CMS/input_txtmrp'

2018-05-28 13:38:47 - [TEST_STEP][PASSED] - Statement - switch (id): Finding Test Object with id 'Object Repository/MOH AND GRN/Page_KDMC - CMS/input_txtdeal'

2018-05-28 13:38:47 - [TEST_STEP][PASSED] - Statement - case 4:: Text '41.0' is set on object 'Object Repository/MOH AND GRN/Page_KDMC - CMS/input_txtmrp'

2018-05-28 13:38:47 - [TEST_STEP][PASSED] - Statement - return (java.lang.Math.floor((java.lang.Math.random() * ((max - min) + 1))) + min): Text '41.0' is set on object 'Object Repository/MOH AND GRN/Page_KDMC - CMS/input_txtmrp'

2018-05-28 13:38:47 - [MESSAGE][PASSED] - Text '41.0' is set on object 'Object Repository/MOH AND GRN/Page_KDMC - CMS/input_txtmrp'

2018-05-28 13:38:47 - [TEST_STEP][PASSED] - setText: Finding Test Object with id 'Object Repository/MOH AND GRN/Page_KDMC - CMS/input_txtdeal'

2018-05-28 13:38:47 - [TEST_STEP][PASSED] - Statement - switch (id): Finding Test Object with id 'Object Repository/MOH AND GRN/Page_KDMC - CMS/input_txtbatchno'

2018-05-28 13:38:47 - [TEST_STEP][PASSED] - Statement - case 5:: Text '9.0' is set on object 'Object Repository/MOH AND GRN/Page_KDMC - CMS/input_txtdeal'

2018-05-28 13:38:47 - [TEST_STEP][PASSED] - Statement - return (java.lang.Math.floor((java.lang.Math.random() * ((max - min) + 1))) + min): Text '9.0' is set on object 'Object Repository/MOH AND GRN/Page_KDMC - CMS/input_txtdeal'

2018-05-28 13:38:47 - [MESSAGE][PASSED] - Text '9.0' is set on object 'Object Repository/MOH AND GRN/Page_KDMC - CMS/input_txtdeal'

2018-05-28 13:38:47 - [TEST_STEP][PASSED] - setText: Finding Test Object with id 'Object Repository/MOH AND GRN/Page_KDMC - CMS/input_txtbatchno'

2018-05-28 13:38:47 - [TEST_STEP][PASSED] - Statement - switch (id): Finding Test Object with id 'Object Repository/MOH AND GRN/Page_KDMC - CMS/input_txtmrp'

2018-05-28 13:38:47 - [TEST_STEP][PASSED] - Statement - case 1:: Text 'BA853.0' is set on object 'Object Repository/MOH AND GRN/Page_KDMC - CMS/input_txtbatchno'

2018-05-28 13:38:47 - [TEST_STEP][PASSED] - Statement - return (java.lang.Math.floor((java.lang.Math.random() * ((max - min) + 1))) + min): Text 'BA853.0' is set on object 'Object Repository/MOH AND GRN/Page_KDMC - CMS/input_txtbatchno'

2018-05-28 13:38:47 - [MESSAGE][PASSED] - Text 'BA853.0' is set on object 'Object Repository/MOH AND GRN/Page_KDMC - CMS/input_txtbatchno'

2018-05-28 13:38:47 - [TEST_STEP][PASSED] - rightClick: Object: 'Object Repository/GRN/Page_KDMC - CMS/input_txtexpdate' is right clicked on

2018-05-28 13:38:47 - [MESSAGE][PASSED] - Object: 'Object Repository/GRN/Page_KDMC - CMS/input_txtexpdate' is right clicked on

2018-05-28 13:38:47 - [TEST_STEP][PASSED] - selectOptionByIndex: All options with index in [10] are selected on object 'Object Repository/GRN/Page_KDMC - CMS/select_20182019202020212022202'

2018-05-28 13:38:47 - [MESSAGE][PASSED] - All options with index in [10] are selected on object 'Object Repository/GRN/Page_KDMC - CMS/select_20182019202020212022202'

2018-05-28 13:38:47 - [TEST_STEP][PASSED] - selectOptionByIndex: All options with index in [10] are selected on object 'Object Repository/GRN/Page_KDMC - CMS/select_JanFebMarAprMayJunJulAu'

2018-05-28 13:38:47 - [MESSAGE][PASSED] - All options with index in [10] are selected on object 'Object Repository/GRN/Page_KDMC - CMS/select_JanFebMarAprMayJunJulAu'

2018-05-28 13:38:47 - [TEST_STEP][PASSED] - click: Object: 'Object Repository/MOH AND GRN/Page_KDMC - CMS/a_12' is clicked on

2018-05-28 13:38:48 - [MESSAGE][PASSED] - Object: 'Object Repository/MOH AND GRN/Page_KDMC - CMS/a_12' is clicked on

2018-05-28 13:38:48 - [TEST_STEP][PASSED] - click: Object: 'Object Repository/MOH AND GRN/Page_KDMC - CMS/input_btnadd' is clicked on

2018-05-28 13:38:48 - [MESSAGE][PASSED] - Object: 'Object Repository/MOH AND GRN/Page_KDMC - CMS/input_btnadd' is clicked on

2018-05-28 13:38:48 - [TEST_STEP][PASSED] - Statement - If (s == 10): null

2018-05-28 13:38:48 - [TEST_STEP][PASSED] - Statement - s = 1: null

2018-05-28 13:38:48 - [TEST_STEP][PASSED] - delay: Delayed 1 second(s)

2018-05-28 13:38:49 - [MESSAGE][PASSED] - Delayed 1 second(s)

2018-05-28 13:38:49 - [TEST_STEP][PASSED] - selectOptionByIndex: All options with index in [11] are selected on object 'Object Repository/MOH AND GRN/Page_KDMC - CMS/select_--Select--Amikacin -500'

2018-05-28 13:38:49 - [MESSAGE][PASSED] - All options with index in [11] are selected on object 'Object Repository/MOH AND GRN/Page_KDMC - CMS/select_--Select--Amikacin -500'

2018-05-28 13:38:49 - [TEST_STEP][PASSED] - setText: Text '5000' is set on object 'Object Repository/MOH AND GRN/Page_KDMC - CMS/input_txtqty'

2018-05-28 13:38:49 - [MESSAGE][PASSED] - Text '5000' is set on object 'Object Repository/MOH AND GRN/Page_KDMC - CMS/input_txtqty'

2018-05-28 13:38:49 - [TEST_STEP][PASSED] - selectOptionByIndex: All options with index in [1] are selected on object 'Object Repository/MOH AND GRN/Page_KDMC - CMS/select_--Select--No Tax0'

2018-05-28 13:38:49 - [MESSAGE][PASSED] - All options with index in [1] are selected on object 'Object Repository/MOH AND GRN/Page_KDMC - CMS/select_--Select--No Tax0'

2018-05-28 13:38:49 - [TEST_STEP][PASSED] - setText: Finding Test Object with id 'Object Repository/MOH AND GRN/Page_KDMC - CMS/input_txtmrp'

2018-05-28 13:38:49 - [TEST_STEP][PASSED] - Statement - switch (id): Finding Test Object with id 'Object Repository/MOH AND GRN/Page_KDMC - CMS/input_txtdeal'

2018-05-28 13:38:49 - [TEST_STEP][PASSED] - Statement - case 4:: Text '26.0' is set on object 'Object Repository/MOH AND GRN/Page_KDMC - CMS/input_txtmrp'

2018-05-28 13:38:49 - [TEST_STEP][PASSED] - Statement - return (java.lang.Math.floor((java.lang.Math.random() * ((max - min) + 1))) + min): Text '26.0' is set on object 'Object Repository/MOH AND GRN/Page_KDMC - CMS/input_txtmrp'

2018-05-28 13:38:49 - [MESSAGE][PASSED] - Text '26.0' is set on object 'Object Repository/MOH AND GRN/Page_KDMC - CMS/input_txtmrp'

2018-05-28 13:38:49 - [TEST_STEP][PASSED] - setText: Finding Test Object with id 'Object Repository/MOH AND GRN/Page_KDMC - CMS/input_txtdeal'

2018-05-28 13:38:49 - [TEST_STEP][PASSED] - Statement - switch (id): Finding Test Object with id 'Object Repository/MOH AND GRN/Page_KDMC - CMS/input_txtbatchno'

2018-05-28 13:38:49 - [TEST_STEP][PASSED] - Statement - case 5:: Text '7.0' is set on object 'Object Repository/MOH AND GRN/Page_KDMC - CMS/input_txtdeal'

2018-05-28 13:38:49 - [TEST_STEP][PASSED] - Statement - return (java.lang.Math.floor((java.lang.Math.random() * ((max - min) + 1))) + min): Text '7.0' is set on object 'Object Repository/MOH AND GRN/Page_KDMC - CMS/input_txtdeal'

2018-05-28 13:38:49 - [MESSAGE][PASSED] - Text '7.0' is set on object 'Object Repository/MOH AND GRN/Page_KDMC - CMS/input_txtdeal'

2018-05-28 13:38:49 - [TEST_STEP][PASSED] - setText: Finding Test Object with id 'Object Repository/MOH AND GRN/Page_KDMC - CMS/input_txtbatchno'

2018-05-28 13:38:49 - [TEST_STEP][PASSED] - Statement - switch (id): Finding Test Object with id 'Object Repository/MOH AND GRN/Page_KDMC - CMS/input_txtmrp'

2018-05-28 13:38:49 - [TEST_STEP][PASSED] - Statement - case 1:: Text 'BA783.0' is set on object 'Object Repository/MOH AND GRN/Page_KDMC - CMS/input_txtbatchno'

2018-05-28 13:38:49 - [TEST_STEP][PASSED] - Statement - return (java.lang.Math.floor((java.lang.Math.random() * ((max - min) + 1))) + min): Text 'BA783.0' is set on object 'Object Repository/MOH AND GRN/Page_KDMC - CMS/input_txtbatchno'

2018-05-28 13:38:49 - [MESSAGE][PASSED] - Text 'BA783.0' is set on object 'Object Repository/MOH AND GRN/Page_KDMC - CMS/input_txtbatchno'

2018-05-28 13:38:49 - [TEST_STEP][PASSED] - rightClick: Object: 'Object Repository/GRN/Page_KDMC - CMS/input_txtexpdate' is right clicked on

2018-05-28 13:38:50 - [MESSAGE][PASSED] - Object: 'Object Repository/GRN/Page_KDMC - CMS/input_txtexpdate' is right clicked on

2018-05-28 13:38:50 - [TEST_STEP][PASSED] - selectOptionByIndex: All options with index in [1] are selected on object 'Object Repository/GRN/Page_KDMC - CMS/select_20182019202020212022202'

2018-05-28 13:38:50 - [MESSAGE][PASSED] - All options with index in [1] are selected on object 'Object Repository/GRN/Page_KDMC - CMS/select_20182019202020212022202'

2018-05-28 13:38:50 - [TEST_STEP][PASSED] - selectOptionByIndex: All options with index in [1] are selected on object 'Object Repository/GRN/Page_KDMC - CMS/select_JanFebMarAprMayJunJulAu'

2018-05-28 13:38:50 - [MESSAGE][PASSED] - All options with index in [1] are selected on object 'Object Repository/GRN/Page_KDMC - CMS/select_JanFebMarAprMayJunJulAu'

2018-05-28 13:38:50 - [TEST_STEP][PASSED] - click: Object: 'Object Repository/MOH AND GRN/Page_KDMC - CMS/a_12' is clicked on

2018-05-28 13:38:50 - [MESSAGE][PASSED] - Object: 'Object Repository/MOH AND GRN/Page_KDMC - CMS/a_12' is clicked on

2018-05-28 13:38:50 - [TEST_STEP][PASSED] - click: Object: 'Object Repository/MOH AND GRN/Page_KDMC - CMS/input_btnadd' is clicked on

2018-05-28 13:38:50 - [MESSAGE][PASSED] - Object: 'Object Repository/MOH AND GRN/Page_KDMC - CMS/input_btnadd' is clicked on

2018-05-28 13:38:50 - [TEST_STEP][PASSED] - Statement - If (s == 10): null

2018-05-28 13:38:50 - [TEST_STEP][PASSED] - Statement - Else: null

2018-05-28 13:38:50 - [TEST_STEP][PASSED] - Statement - (s++): null

2018-05-28 13:38:50 - [TEST_STEP][PASSED] - delay: Delayed 1 second(s)

2018-05-28 13:38:51 - [MESSAGE][PASSED] - Delayed 1 second(s)

2018-05-28 13:38:51 - [TEST_STEP][PASSED] - selectOptionByIndex: All options with index in [12] are selected on object 'Object Repository/MOH AND GRN/Page_KDMC - CMS/select_--Select--Amikacin -500'

2018-05-28 13:38:51 - [MESSAGE][PASSED] - All options with index in [12] are selected on object 'Object Repository/MOH AND GRN/Page_KDMC - CMS/select_--Select--Amikacin -500'

2018-05-28 13:38:51 - [TEST_STEP][PASSED] - setText: Text '5000' is set on object 'Object Repository/MOH AND GRN/Page_KDMC - CMS/input_txtqty'

2018-05-28 13:38:51 - [MESSAGE][PASSED] - Text '5000' is set on object 'Object Repository/MOH AND GRN/Page_KDMC - CMS/input_txtqty'

2018-05-28 13:38:51 - [TEST_STEP][PASSED] - selectOptionByIndex: All options with index in [1] are selected on object 'Object Repository/MOH AND GRN/Page_KDMC - CMS/select_--Select--No Tax0'

2018-05-28 13:38:51 - [MESSAGE][PASSED] - All options with index in [1] are selected on object 'Object Repository/MOH AND GRN/Page_KDMC - CMS/select_--Select--No Tax0'

2018-05-28 13:38:51 - [TEST_STEP][PASSED] - setText: Finding Test Object with id 'Object Repository/MOH AND GRN/Page_KDMC - CMS/input_txtmrp'

2018-05-28 13:38:51 - [TEST_STEP][PASSED] - Statement - switch (id): Finding Test Object with id 'Object Repository/MOH AND GRN/Page_KDMC - CMS/input_txtdeal'

2018-05-28 13:38:51 - [TEST_STEP][PASSED] - Statement - case 4:: Text '45.0' is set on object 'Object Repository/MOH AND GRN/Page_KDMC - CMS/input_txtmrp'

2018-05-28 13:38:51 - [TEST_STEP][PASSED] - Statement - return (java.lang.Math.floor((java.lang.Math.random() * ((max - min) + 1))) + min): Text '45.0' is set on object 'Object Repository/MOH AND GRN/Page_KDMC - CMS/input_txtmrp'

2018-05-28 13:38:52 - [MESSAGE][PASSED] - Text '45.0' is set on object 'Object Repository/MOH AND GRN/Page_KDMC - CMS/input_txtmrp'

2018-05-28 13:38:52 - [TEST_STEP][PASSED] - setText: Finding Test Object with id 'Object Repository/MOH AND GRN/Page_KDMC - CMS/input_txtdeal'

2018-05-28 13:38:52 - [TEST_STEP][PASSED] - Statement - switch (id): Finding Test Object with id 'Object Repository/MOH AND GRN/Page_KDMC - CMS/input_txtbatchno'

2018-05-28 13:38:52 - [TEST_STEP][PASSED] - Statement - case 5:: Text '12.0' is set on object 'Object Repository/MOH AND GRN/Page_KDMC - CMS/input_txtdeal'

2018-05-28 13:38:52 - [TEST_STEP][PASSED] - Statement - return (java.lang.Math.floor((java.lang.Math.random() * ((max - min) + 1))) + min): Text '12.0' is set on object 'Object Repository/MOH AND GRN/Page_KDMC - CMS/input_txtdeal'

2018-05-28 13:38:52 - [MESSAGE][PASSED] - Text '12.0' is set on object 'Object Repository/MOH AND GRN/Page_KDMC - CMS/input_txtdeal'

2018-05-28 13:38:52 - [TEST_STEP][PASSED] - setText: Finding Test Object with id 'Object Repository/MOH AND GRN/Page_KDMC - CMS/input_txtbatchno'

2018-05-28 13:38:52 - [TEST_STEP][PASSED] - Statement - switch (id): Finding Test Object with id 'Object Repository/MOH AND GRN/Page_KDMC - CMS/input_txtmrp'

2018-05-28 13:38:52 - [TEST_STEP][PASSED] - Statement - case 1:: Text 'BA344.0' is set on object 'Object Repository/MOH AND GRN/Page_KDMC - CMS/input_txtbatchno'

2018-05-28 13:38:52 - [TEST_STEP][PASSED] - Statement - return (java.lang.Math.floor((java.lang.Math.random() * ((max - min) + 1))) + min): Text 'BA344.0' is set on object 'Object Repository/MOH AND GRN/Page_KDMC - CMS/input_txtbatchno'

2018-05-28 13:38:52 - [MESSAGE][PASSED] - Text 'BA344.0' is set on object 'Object Repository/MOH AND GRN/Page_KDMC - CMS/input_txtbatchno'

2018-05-28 13:38:52 - [TEST_STEP][PASSED] - rightClick: Object: 'Object Repository/GRN/Page_KDMC - CMS/input_txtexpdate' is right clicked on

2018-05-28 13:38:52 - [MESSAGE][PASSED] - Object: 'Object Repository/GRN/Page_KDMC - CMS/input_txtexpdate' is right clicked on

2018-05-28 13:38:52 - [TEST_STEP][PASSED] - selectOptionByIndex: All options with index in [2] are selected on object 'Object Repository/GRN/Page_KDMC - CMS/select_20182019202020212022202'

2018-05-28 13:38:52 - [MESSAGE][PASSED] - All options with index in [2] are selected on object 'Object Repository/GRN/Page_KDMC - CMS/select_20182019202020212022202'

2018-05-28 13:38:52 - [TEST_STEP][PASSED] - selectOptionByIndex: All options with index in [2] are selected on object 'Object Repository/GRN/Page_KDMC - CMS/select_JanFebMarAprMayJunJulAu'

2018-05-28 13:38:52 - [MESSAGE][PASSED] - All options with index in [2] are selected on object 'Object Repository/GRN/Page_KDMC - CMS/select_JanFebMarAprMayJunJulAu'

2018-05-28 13:38:52 - [TEST_STEP][PASSED] - click: Object: 'Object Repository/MOH AND GRN/Page_KDMC - CMS/a_12' is clicked on

2018-05-28 13:38:52 - [MESSAGE][PASSED] - Object: 'Object Repository/MOH AND GRN/Page_KDMC - CMS/a_12' is clicked on

2018-05-28 13:38:52 - [TEST_STEP][PASSED] - click: Object: 'Object Repository/MOH AND GRN/Page_KDMC - CMS/input_btnadd' is clicked on

2018-05-28 13:38:52 - [MESSAGE][PASSED] - Object: 'Object Repository/MOH AND GRN/Page_KDMC - CMS/input_btnadd' is clicked on

2018-05-28 13:38:52 - [TEST_STEP][PASSED] - Statement - If (s == 10): null

2018-05-28 13:38:52 - [TEST_STEP][PASSED] - Statement - Else: null

2018-05-28 13:38:52 - [TEST_STEP][PASSED] - Statement - (s++): null

2018-05-28 13:38:52 - [TEST_STEP][PASSED] - delay: Delayed 1 second(s)

2018-05-28 13:38:53 - [MESSAGE][PASSED] - Delayed 1 second(s)

2018-05-28 13:38:53 - [TEST_STEP][PASSED] - selectOptionByIndex: All options with index in [13] are selected on object 'Object Repository/MOH AND GRN/Page_KDMC - CMS/select_--Select--Amikacin -500'

2018-05-28 13:38:54 - [MESSAGE][PASSED] - All options with index in [13] are selected on object 'Object Repository/MOH AND GRN/Page_KDMC - CMS/select_--Select--Amikacin -500'

2018-05-28 13:38:54 - [TEST_STEP][PASSED] - setText: Text '5000' is set on object 'Object Repository/MOH AND GRN/Page_KDMC - CMS/input_txtqty'

2018-05-28 13:38:54 - [MESSAGE][PASSED] - Text '5000' is set on object 'Object Repository/MOH AND GRN/Page_KDMC - CMS/input_txtqty'

2018-05-28 13:38:54 - [TEST_STEP][PASSED] - selectOptionByIndex: All options with index in [1] are selected on object 'Object Repository/MOH AND GRN/Page_KDMC - CMS/select_--Select--No Tax0'

2018-05-28 13:38:54 - [MESSAGE][PASSED] - All options with index in [1] are selected on object 'Object Repository/MOH AND GRN/Page_KDMC - CMS/select_--Select--No Tax0'

2018-05-28 13:38:54 - [TEST_STEP][PASSED] - setText: Finding Test Object with id 'Object Repository/MOH AND GRN/Page_KDMC - CMS/input_txtmrp'

2018-05-28 13:38:54 - [TEST_STEP][PASSED] - Statement - switch (id): Finding Test Object with id 'Object Repository/MOH AND GRN/Page_KDMC - CMS/input_txtdeal'

2018-05-28 13:38:54 - [TEST_STEP][PASSED] - Statement - case 4:: Text '18.0' is set on object 'Object Repository/MOH AND GRN/Page_KDMC - CMS/input_txtmrp'

2018-05-28 13:38:54 - [TEST_STEP][PASSED] - Statement - return (java.lang.Math.floor((java.lang.Math.random() * ((max - min) + 1))) + min): Text '18.0' is set on object 'Object Repository/MOH AND GRN/Page_KDMC - CMS/input_txtmrp'

2018-05-28 13:38:54 - [MESSAGE][PASSED] - Text '18.0' is set on object 'Object Repository/MOH AND GRN/Page_KDMC - CMS/input_txtmrp'

2018-05-28 13:38:54 - [TEST_STEP][PASSED] - setText: Finding Test Object with id 'Object Repository/MOH AND GRN/Page_KDMC - CMS/input_txtdeal'

2018-05-28 13:38:54 - [TEST_STEP][PASSED] - Statement - switch (id): Finding Test Object with id 'Object Repository/MOH AND GRN/Page_KDMC - CMS/input_txtbatchno'

2018-05-28 13:38:54 - [TEST_STEP][PASSED] - Statement - case 5:: Text '1.0' is set on object 'Object Repository/MOH AND GRN/Page_KDMC - CMS/input_txtdeal'

2018-05-28 13:38:54 - [TEST_STEP][PASSED] - Statement - return (java.lang.Math.floor((java.lang.Math.random() * ((max - min) + 1))) + min): Text '1.0' is set on object 'Object Repository/MOH AND GRN/Page_KDMC - CMS/input_txtdeal'

2018-05-28 13:38:54 - [MESSAGE][PASSED] - Text '1.0' is set on object 'Object Repository/MOH AND GRN/Page_KDMC - CMS/input_txtdeal'

2018-05-28 13:38:54 - [TEST_STEP][PASSED] - setText: Finding Test Object with id 'Object Repository/MOH AND GRN/Page_KDMC - CMS/input_txtbatchno'

2018-05-28 13:38:54 - [TEST_STEP][PASSED] - Statement - switch (id): Finding Test Object with id 'Object Repository/MOH AND GRN/Page_KDMC - CMS/input_txtmrp'

2018-05-28 13:38:54 - [TEST_STEP][PASSED] - Statement - case 1:: Text 'BA899.0' is set on object 'Object Repository/MOH AND GRN/Page_KDMC - CMS/input_txtbatchno'

2018-05-28 13:38:54 - [TEST_STEP][PASSED] - Statement - return (java.lang.Math.floor((java.lang.Math.random() * ((max - min) + 1))) + min): Text 'BA899.0' is set on object 'Object Repository/MOH AND GRN/Page_KDMC - CMS/input_txtbatchno'

2018-05-28 13:38:54 - [MESSAGE][PASSED] - Text 'BA899.0' is set on object 'Object Repository/MOH AND GRN/Page_KDMC - CMS/input_txtbatchno'

2018-05-28 13:38:54 - [TEST_STEP][PASSED] - rightClick: Object: 'Object Repository/GRN/Page_KDMC - CMS/input_txtexpdate' is right clicked on

2018-05-28 13:38:54 - [MESSAGE][PASSED] - Object: 'Object Repository/GRN/Page_KDMC - CMS/input_txtexpdate' is right clicked on

2018-05-28 13:38:54 - [TEST_STEP][PASSED] - selectOptionByIndex: All options with index in [3] are selected on object 'Object Repository/GRN/Page_KDMC - CMS/select_20182019202020212022202'

2018-05-28 13:38:54 - [MESSAGE][PASSED] - All options with index in [3] are selected on object 'Object Repository/GRN/Page_KDMC - CMS/select_20182019202020212022202'

2018-05-28 13:38:54 - [TEST_STEP][PASSED] - selectOptionByIndex: All options with index in [3] are selected on object 'Object Repository/GRN/Page_KDMC - CMS/select_JanFebMarAprMayJunJulAu'

2018-05-28 13:38:54 - [MESSAGE][PASSED] - All options with index in [3] are selected on object 'Object Repository/GRN/Page_KDMC - CMS/select_JanFebMarAprMayJunJulAu'

2018-05-28 13:38:54 - [TEST_STEP][PASSED] - click: Object: 'Object Repository/MOH AND GRN/Page_KDMC - CMS/a_12' is clicked on

2018-05-28 13:38:55 - [MESSAGE][PASSED] - Object: 'Object Repository/MOH AND GRN/Page_KDMC - CMS/a_12' is clicked on

2018-05-28 13:38:55 - [TEST_STEP][PASSED] - click: Object: 'Object Repository/MOH AND GRN/Page_KDMC - CMS/input_btnadd' is clicked on

2018-05-28 13:38:55 - [MESSAGE][PASSED] - Object: 'Object Repository/MOH AND GRN/Page_KDMC - CMS/input_btnadd' is clicked on

2018-05-28 13:38:55 - [TEST_STEP][PASSED] - Statement - If (s == 10): null

2018-05-28 13:38:55 - [TEST_STEP][PASSED] - Statement - Else: null

2018-05-28 13:38:55 - [TEST_STEP][PASSED] - Statement - (s++): null

2018-05-28 13:38:55 - [TEST_STEP][PASSED] - delay: Delayed 1 second(s)

2018-05-28 13:38:56 - [MESSAGE][PASSED] - Delayed 1 second(s)

2018-05-28 13:38:56 - [TEST_STEP][PASSED] - selectOptionByIndex: All options with index in [14] are selected on object 'Object Repository/MOH AND GRN/Page_KDMC - CMS/select_--Select--Amikacin -500'

2018-05-28 13:38:56 - [MESSAGE][PASSED] - All options with index in [14] are selected on object 'Object Repository/MOH AND GRN/Page_KDMC - CMS/select_--Select--Amikacin -500'

2018-05-28 13:38:56 - [TEST_STEP][PASSED] - setText: Text '5000' is set on object 'Object Repository/MOH AND GRN/Page_KDMC - CMS/input_txtqty'

2018-05-28 13:38:56 - [MESSAGE][PASSED] - Text '5000' is set on object 'Object Repository/MOH AND GRN/Page_KDMC - CMS/input_txtqty'

2018-05-28 13:38:56 - [TEST_STEP][PASSED] - selectOptionByIndex: All options with index in [1] are selected on object 'Object Repository/MOH AND GRN/Page_KDMC - CMS/select_--Select--No Tax0'

2018-05-28 13:38:56 - [MESSAGE][PASSED] - All options with index in [1] are selected on object 'Object Repository/MOH AND GRN/Page_KDMC - CMS/select_--Select--No Tax0'

2018-05-28 13:38:56 - [TEST_STEP][PASSED] - setText: Finding Test Object with id 'Object Repository/MOH AND GRN/Page_KDMC - CMS/input_txtmrp'

2018-05-28 13:38:56 - [TEST_STEP][PASSED] - Statement - switch (id): Finding Test Object with id 'Object Repository/MOH AND GRN/Page_KDMC - CMS/input_txtdeal'

2018-05-28 13:38:56 - [TEST_STEP][PASSED] - Statement - case 4:: Text '36.0' is set on object 'Object Repository/MOH AND GRN/Page_KDMC - CMS/input_txtmrp'

2018-05-28 13:38:56 - [TEST_STEP][PASSED] - Statement - return (java.lang.Math.floor((java.lang.Math.random() * ((max - min) + 1))) + min): Text '36.0' is set on object 'Object Repository/MOH AND GRN/Page_KDMC - CMS/input_txtmrp'

2018-05-28 13:38:56 - [MESSAGE][PASSED] - Text '36.0' is set on object 'Object Repository/MOH AND GRN/Page_KDMC - CMS/input_txtmrp'

2018-05-28 13:38:56 - [TEST_STEP][PASSED] - setText: Finding Test Object with id 'Object Repository/MOH AND GRN/Page_KDMC - CMS/input_txtdeal'

2018-05-28 13:38:56 - [TEST_STEP][PASSED] - Statement - switch (id): Finding Test Object with id 'Object Repository/MOH AND GRN/Page_KDMC - CMS/input_txtbatchno'

2018-05-28 13:38:56 - [TEST_STEP][PASSED] - Statement - case 5:: Text '6.0' is set on object 'Object Repository/MOH AND GRN/Page_KDMC - CMS/input_txtdeal'

2018-05-28 13:38:56 - [TEST_STEP][PASSED] - Statement - return (java.lang.Math.floor((java.lang.Math.random() * ((max - min) + 1))) + min): Text '6.0' is set on object 'Object Repository/MOH AND GRN/Page_KDMC - CMS/input_txtdeal'

2018-05-28 13:38:56 - [MESSAGE][PASSED] - Text '6.0' is set on object 'Object Repository/MOH AND GRN/Page_KDMC - CMS/input_txtdeal'

2018-05-28 13:38:56 - [TEST_STEP][PASSED] - setText: Finding Test Object with id 'Object Repository/MOH AND GRN/Page_KDMC - CMS/input_txtbatchno'

2018-05-28 13:38:56 - [TEST_STEP][PASSED] - Statement - switch (id): Finding Test Object with id 'Object Repository/MOH AND GRN/Page_KDMC - CMS/input_txtmrp'

2018-05-28 13:38:56 - [TEST_STEP][PASSED] - Statement - case 1:: Text 'BA842.0' is set on object 'Object Repository/MOH AND GRN/Page_KDMC - CMS/input_txtbatchno'

2018-05-28 13:38:56 - [TEST_STEP][PASSED] - Statement - return (java.lang.Math.floor((java.lang.Math.random() * ((max - min) + 1))) + min): Text 'BA842.0' is set on object 'Object Repository/MOH AND GRN/Page_KDMC - CMS/input_txtbatchno'

2018-05-28 13:38:57 - [MESSAGE][PASSED] - Text 'BA842.0' is set on object 'Object Repository/MOH AND GRN/Page_KDMC - CMS/input_txtbatchno'

2018-05-28 13:38:57 - [TEST_STEP][PASSED] - rightClick: Object: 'Object Repository/GRN/Page_KDMC - CMS/input_txtexpdate' is right clicked on

2018-05-28 13:38:57 - [MESSAGE][PASSED] - Object: 'Object Repository/GRN/Page_KDMC - CMS/input_txtexpdate' is right clicked on

2018-05-28 13:38:57 - [TEST_STEP][PASSED] - selectOptionByIndex: All options with index in [4] are selected on object 'Object Repository/GRN/Page_KDMC - CMS/select_20182019202020212022202'

2018-05-28 13:38:57 - [MESSAGE][PASSED] - All options with index in [4] are selected on object 'Object Repository/GRN/Page_KDMC - CMS/select_20182019202020212022202'

2018-05-28 13:38:57 - [TEST_STEP][PASSED] - selectOptionByIndex: All options with index in [4] are selected on object 'Object Repository/GRN/Page_KDMC - CMS/select_JanFebMarAprMayJunJulAu'

2018-05-28 13:38:57 - [MESSAGE][PASSED] - All options with index in [4] are selected on object 'Object Repository/GRN/Page_KDMC - CMS/select_JanFebMarAprMayJunJulAu'

2018-05-28 13:38:57 - [TEST_STEP][PASSED] - click: Object: 'Object Repository/MOH AND GRN/Page_KDMC - CMS/a_12' is clicked on

2018-05-28 13:38:57 - [MESSAGE][PASSED] - Object: 'Object Repository/MOH AND GRN/Page_KDMC - CMS/a_12' is clicked on

2018-05-28 13:38:57 - [TEST_STEP][PASSED] - click: Object: 'Object Repository/MOH AND GRN/Page_KDMC - CMS/input_btnadd' is clicked on

2018-05-28 13:38:57 - [MESSAGE][PASSED] - Object: 'Object Repository/MOH AND GRN/Page_KDMC - CMS/input_btnadd' is clicked on

2018-05-28 13:38:57 - [TEST_STEP][PASSED] - Statement - If (s == 10): null

2018-05-28 13:38:57 - [TEST_STEP][PASSED] - Statement - Else: null

2018-05-28 13:38:57 - [TEST_STEP][PASSED] - Statement - (s++): null

2018-05-28 13:38:57 - [TEST_STEP][PASSED] - delay: Delayed 1 second(s)

2018-05-28 13:38:58 - [MESSAGE][PASSED] - Delayed 1 second(s)

2018-05-28 13:38:58 - [TEST_STEP][PASSED] - selectOptionByIndex: All options with index in [15] are selected on object 'Object Repository/MOH AND GRN/Page_KDMC - CMS/select_--Select--Amikacin -500'

2018-05-28 13:38:59 - [MESSAGE][PASSED] - All options with index in [15] are selected on object 'Object Repository/MOH AND GRN/Page_KDMC - CMS/select_--Select--Amikacin -500'

2018-05-28 13:38:59 - [TEST_STEP][PASSED] - setText: Text '5000' is set on object 'Object Repository/MOH AND GRN/Page_KDMC - CMS/input_txtqty'

2018-05-28 13:38:59 - [MESSAGE][PASSED] - Text '5000' is set on object 'Object Repository/MOH AND GRN/Page_KDMC - CMS/input_txtqty'

2018-05-28 13:38:59 - [TEST_STEP][PASSED] - selectOptionByIndex: All options with index in [1] are selected on object 'Object Repository/MOH AND GRN/Page_KDMC - CMS/select_--Select--No Tax0'

2018-05-28 13:38:59 - [MESSAGE][PASSED] - All options with index in [1] are selected on object 'Object Repository/MOH AND GRN/Page_KDMC - CMS/select_--Select--No Tax0'

2018-05-28 13:38:59 - [TEST_STEP][PASSED] - setText: Finding Test Object with id 'Object Repository/MOH AND GRN/Page_KDMC - CMS/input_txtmrp'

2018-05-28 13:38:59 - [TEST_STEP][PASSED] - Statement - switch (id): Finding Test Object with id 'Object Repository/MOH AND GRN/Page_KDMC - CMS/input_txtdeal'

2018-05-28 13:38:59 - [TEST_STEP][PASSED] - Statement - case 4:: Text '16.0' is set on object 'Object Repository/MOH AND GRN/Page_KDMC - CMS/input_txtmrp'

2018-05-28 13:38:59 - [TEST_STEP][PASSED] - Statement - return (java.lang.Math.floor((java.lang.Math.random() * ((max - min) + 1))) + min): Text '16.0' is set on object 'Object Repository/MOH AND GRN/Page_KDMC - CMS/input_txtmrp'

2018-05-28 13:38:59 - [MESSAGE][PASSED] - Text '16.0' is set on object 'Object Repository/MOH AND GRN/Page_KDMC - CMS/input_txtmrp'

2018-05-28 13:38:59 - [TEST_STEP][PASSED] - setText: Finding Test Object with id 'Object Repository/MOH AND GRN/Page_KDMC - CMS/input_txtdeal'

2018-05-28 13:38:59 - [TEST_STEP][PASSED] - Statement - switch (id): Finding Test Object with id 'Object Repository/MOH AND GRN/Page_KDMC - CMS/input_txtbatchno'

2018-05-28 13:38:59 - [TEST_STEP][PASSED] - Statement - case 5:: Text '3.0' is set on object 'Object Repository/MOH AND GRN/Page_KDMC - CMS/input_txtdeal'

2018-05-28 13:38:59 - [TEST_STEP][PASSED] - Statement - return (java.lang.Math.floor((java.lang.Math.random() * ((max - min) + 1))) + min): Text '3.0' is set on object 'Object Repository/MOH AND GRN/Page_KDMC - CMS/input_txtdeal'

2018-05-28 13:38:59 - [MESSAGE][PASSED] - Text '3.0' is set on object 'Object Repository/MOH AND GRN/Page_KDMC - CMS/input_txtdeal'

2018-05-28 13:38:59 - [TEST_STEP][PASSED] - setText: Finding Test Object with id 'Object Repository/MOH AND GRN/Page_KDMC - CMS/input_txtbatchno'

2018-05-28 13:38:59 - [TEST_STEP][PASSED] - Statement - switch (id): Finding Test Object with id 'Object Repository/MOH AND GRN/Page_KDMC - CMS/input_txtmrp'

2018-05-28 13:38:59 - [TEST_STEP][PASSED] - Statement - case 1:: Text 'BA62.0' is set on object 'Object Repository/MOH AND GRN/Page_KDMC - CMS/input_txtbatchno'

2018-05-28 13:38:59 - [TEST_STEP][PASSED] - Statement - return (java.lang.Math.floor((java.lang.Math.random() * ((max - min) + 1))) + min): Text 'BA62.0' is set on object 'Object Repository/MOH AND GRN/Page_KDMC - CMS/input_txtbatchno'

2018-05-28 13:38:59 - [MESSAGE][PASSED] - Text 'BA62.0' is set on object 'Object Repository/MOH AND GRN/Page_KDMC - CMS/input_txtbatchno'

2018-05-28 13:38:59 - [TEST_STEP][PASSED] - rightClick: Object: 'Object Repository/GRN/Page_KDMC - CMS/input_txtexpdate' is right clicked on

2018-05-28 13:38:59 - [MESSAGE][PASSED] - Object: 'Object Repository/GRN/Page_KDMC - CMS/input_txtexpdate' is right clicked on

2018-05-28 13:38:59 - [TEST_STEP][PASSED] - selectOptionByIndex: All options with index in [5] are selected on object 'Object Repository/GRN/Page_KDMC - CMS/select_20182019202020212022202'

2018-05-28 13:38:59 - [MESSAGE][PASSED] - All options with index in [5] are selected on object 'Object Repository/GRN/Page_KDMC - CMS/select_20182019202020212022202'

2018-05-28 13:38:59 - [TEST_STEP][PASSED] - selectOptionByIndex: All options with index in [5] are selected on object 'Object Repository/GRN/Page_KDMC - CMS/select_JanFebMarAprMayJunJulAu'

2018-05-28 13:39:00 - [MESSAGE][PASSED] - All options with index in [5] are selected on object 'Object Repository/GRN/Page_KDMC - CMS/select_JanFebMarAprMayJunJulAu'

2018-05-28 13:39:00 - [TEST_STEP][PASSED] - click: Object: 'Object Repository/MOH AND GRN/Page_KDMC - CMS/a_12' is clicked on

2018-05-28 13:39:00 - [MESSAGE][PASSED] - Object: 'Object Repository/MOH AND GRN/Page_KDMC - CMS/a_12' is clicked on

2018-05-28 13:39:00 - [TEST_STEP][PASSED] - click: Object: 'Object Repository/MOH AND GRN/Page_KDMC - CMS/input_btnadd' is clicked on

2018-05-28 13:39:00 - [MESSAGE][PASSED] - Object: 'Object Repository/MOH AND GRN/Page_KDMC - CMS/input_btnadd' is clicked on

2018-05-28 13:39:00 - [TEST_STEP][PASSED] - Statement - If (s == 10): null

2018-05-28 13:39:00 - [TEST_STEP][PASSED] - Statement - Else: null

2018-05-28 13:39:00 - [TEST_STEP][PASSED] - Statement - (s++): null

2018-05-28 13:39:00 - [TEST_STEP][PASSED] - delay: Delayed 1 second(s)

2018-05-28 13:39:01 - [MESSAGE][PASSED] - Delayed 1 second(s)

2018-05-28 13:39:01 - [TEST_STEP][PASSED] - selectOptionByIndex: All options with index in [16] are selected on object 'Object Repository/MOH AND GRN/Page_KDMC - CMS/select_--Select--Amikacin -500'

2018-05-28 13:39:01 - [MESSAGE][PASSED] - All options with index in [16] are selected on object 'Object Repository/MOH AND GRN/Page_KDMC - CMS/select_--Select--Amikacin -500'

2018-05-28 13:39:01 - [TEST_STEP][PASSED] - setText: Text '5000' is set on object 'Object Repository/MOH AND GRN/Page_KDMC - CMS/input_txtqty'

2018-05-28 13:39:01 - [MESSAGE][PASSED] - Text '5000' is set on object 'Object Repository/MOH AND GRN/Page_KDMC - CMS/input_txtqty'

2018-05-28 13:39:01 - [TEST_STEP][PASSED] - selectOptionByIndex: All options with index in [1] are selected on object 'Object Repository/MOH AND GRN/Page_KDMC - CMS/select_--Select--No Tax0'

2018-05-28 13:39:01 - [MESSAGE][PASSED] - All options with index in [1] are selected on object 'Object Repository/MOH AND GRN/Page_KDMC - CMS/select_--Select--No Tax0'

2018-05-28 13:39:01 - [TEST_STEP][PASSED] - setText: Finding Test Object with id 'Object Repository/MOH AND GRN/Page_KDMC - CMS/input_txtmrp'

2018-05-28 13:39:01 - [TEST_STEP][PASSED] - Statement - switch (id): Finding Test Object with id 'Object Repository/MOH AND GRN/Page_KDMC - CMS/input_txtdeal'

2018-05-28 13:39:01 - [TEST_STEP][PASSED] - Statement - case 4:: Text '43.0' is set on object 'Object Repository/MOH AND GRN/Page_KDMC - CMS/input_txtmrp'

2018-05-28 13:39:01 - [TEST_STEP][PASSED] - Statement - return (java.lang.Math.floor((java.lang.Math.random() * ((max - min) + 1))) + min): Text '43.0' is set on object 'Object Repository/MOH AND GRN/Page_KDMC - CMS/input_txtmrp'

2018-05-28 13:39:01 - [MESSAGE][PASSED] - Text '43.0' is set on object 'Object Repository/MOH AND GRN/Page_KDMC - CMS/input_txtmrp'

2018-05-28 13:39:01 - [TEST_STEP][PASSED] - setText: Finding Test Object with id 'Object Repository/MOH AND GRN/Page_KDMC - CMS/input_txtdeal'

2018-05-28 13:39:01 - [TEST_STEP][PASSED] - Statement - switch (id): Finding Test Object with id 'Object Repository/MOH AND GRN/Page_KDMC - CMS/input_txtbatchno'

2018-05-28 13:39:01 - [TEST_STEP][PASSED] - Statement - case 5:: Text '9.0' is set on object 'Object Repository/MOH AND GRN/Page_KDMC - CMS/input_txtdeal'

2018-05-28 13:39:01 - [TEST_STEP][PASSED] - Statement - return (java.lang.Math.floor((java.lang.Math.random() * ((max - min) + 1))) + min): Text '9.0' is set on object 'Object Repository/MOH AND GRN/Page_KDMC - CMS/input_txtdeal'

2018-05-28 13:39:02 - [MESSAGE][PASSED] - Text '9.0' is set on object 'Object Repository/MOH AND GRN/Page_KDMC - CMS/input_txtdeal'

2018-05-28 13:39:02 - [TEST_STEP][PASSED] - setText: Finding Test Object with id 'Object Repository/MOH AND GRN/Page_KDMC - CMS/input_txtbatchno'

2018-05-28 13:39:02 - [TEST_STEP][PASSED] - Statement - switch (id): Finding Test Object with id 'Object Repository/MOH AND GRN/Page_KDMC - CMS/input_txtmrp'

2018-05-28 13:39:02 - [TEST_STEP][PASSED] - Statement - case 1:: Text 'BA937.0' is set on object 'Object Repository/MOH AND GRN/Page_KDMC - CMS/input_txtbatchno'

2018-05-28 13:39:02 - [TEST_STEP][PASSED] - Statement - return (java.lang.Math.floor((java.lang.Math.random() * ((max - min) + 1))) + min): Text 'BA937.0' is set on object 'Object Repository/MOH AND GRN/Page_KDMC - CMS/input_txtbatchno'

2018-05-28 13:39:02 - [MESSAGE][PASSED] - Text 'BA937.0' is set on object 'Object Repository/MOH AND GRN/Page_KDMC - CMS/input_txtbatchno'

2018-05-28 13:39:02 - [TEST_STEP][PASSED] - rightClick: Object: 'Object Repository/GRN/Page_KDMC - CMS/input_txtexpdate' is right clicked on

2018-05-28 13:39:02 - [MESSAGE][PASSED] - Object: 'Object Repository/GRN/Page_KDMC - CMS/input_txtexpdate' is right clicked on

2018-05-28 13:39:02 - [TEST_STEP][PASSED] - selectOptionByIndex: All options with index in [6] are selected on object 'Object Repository/GRN/Page_KDMC - CMS/select_20182019202020212022202'

2018-05-28 13:39:02 - [MESSAGE][PASSED] - All options with index in [6] are selected on object 'Object Repository/GRN/Page_KDMC - CMS/select_20182019202020212022202'

2018-05-28 13:39:02 - [TEST_STEP][PASSED] - selectOptionByIndex: All options with index in [6] are selected on object 'Object Repository/GRN/Page_KDMC - CMS/select_JanFebMarAprMayJunJulAu'

2018-05-28 13:39:02 - [MESSAGE][PASSED] - All options with index in [6] are selected on object 'Object Repository/GRN/Page_KDMC - CMS/select_JanFebMarAprMayJunJulAu'

2018-05-28 13:39:02 - [TEST_STEP][PASSED] - click: Object: 'Object Repository/MOH AND GRN/Page_KDMC - CMS/a_12' is clicked on

2018-05-28 13:39:02 - [MESSAGE][PASSED] - Object: 'Object Repository/MOH AND GRN/Page_KDMC - CMS/a_12' is clicked on

2018-05-28 13:39:02 - [TEST_STEP][PASSED] - click: Object: 'Object Repository/MOH AND GRN/Page_KDMC - CMS/input_btnadd' is clicked on

2018-05-28 13:39:02 - [MESSAGE][PASSED] - Object: 'Object Repository/MOH AND GRN/Page_KDMC - CMS/input_btnadd' is clicked on

2018-05-28 13:39:02 - [TEST_STEP][PASSED] - Statement - If (s == 10): null

2018-05-28 13:39:02 - [TEST_STEP][PASSED] - Statement - Else: null

2018-05-28 13:39:02 - [TEST_STEP][PASSED] - Statement - (s++): null

2018-05-28 13:39:02 - [TEST_STEP][PASSED] - delay: Delayed 1 second(s)

2018-05-28 13:39:03 - [MESSAGE][PASSED] - Delayed 1 second(s)

2018-05-28 13:39:03 - [TEST_STEP][PASSED] - selectOptionByIndex: All options with index in [17] are selected on object 'Object Repository/MOH AND GRN/Page_KDMC - CMS/select_--Select--Amikacin -500'

2018-05-28 13:39:04 - [MESSAGE][PASSED] - All options with index in [17] are selected on object 'Object Repository/MOH AND GRN/Page_KDMC - CMS/select_--Select--Amikacin -500'

2018-05-28 13:39:04 - [TEST_STEP][PASSED] - setText: Text '5000' is set on object 'Object Repository/MOH AND GRN/Page_KDMC - CMS/input_txtqty'

2018-05-28 13:39:04 - [MESSAGE][PASSED] - Text '5000' is set on object 'Object Repository/MOH AND GRN/Page_KDMC - CMS/input_txtqty'

2018-05-28 13:39:04 - [TEST_STEP][PASSED] - selectOptionByIndex: All options with index in [1] are selected on object 'Object Repository/MOH AND GRN/Page_KDMC - CMS/select_--Select--No Tax0'

2018-05-28 13:39:04 - [MESSAGE][PASSED] - All options with index in [1] are selected on object 'Object Repository/MOH AND GRN/Page_KDMC - CMS/select_--Select--No Tax0'

2018-05-28 13:39:04 - [TEST_STEP][PASSED] - setText: Finding Test Object with id 'Object Repository/MOH AND GRN/Page_KDMC - CMS/input_txtmrp'

2018-05-28 13:39:04 - [TEST_STEP][PASSED] - Statement - switch (id): Finding Test Object with id 'Object Repository/MOH AND GRN/Page_KDMC - CMS/input_txtdeal'

2018-05-28 13:39:04 - [TEST_STEP][PASSED] - Statement - case 4:: Text '17.0' is set on object 'Object Repository/MOH AND GRN/Page_KDMC - CMS/input_txtmrp'

2018-05-28 13:39:04 - [TEST_STEP][PASSED] - Statement - return (java.lang.Math.floor((java.lang.Math.random() * ((max - min) + 1))) + min): Text '17.0' is set on object 'Object Repository/MOH AND GRN/Page_KDMC - CMS/input_txtmrp'

2018-05-28 13:39:04 - [MESSAGE][PASSED] - Text '17.0' is set on object 'Object Repository/MOH AND GRN/Page_KDMC - CMS/input_txtmrp'

2018-05-28 13:39:04 - [TEST_STEP][PASSED] - setText: Finding Test Object with id 'Object Repository/MOH AND GRN/Page_KDMC - CMS/input_txtdeal'

2018-05-28 13:39:04 - [TEST_STEP][PASSED] - Statement - switch (id): Finding Test Object with id 'Object Repository/MOH AND GRN/Page_KDMC - CMS/input_txtbatchno'

2018-05-28 13:39:04 - [TEST_STEP][PASSED] - Statement - case 5:: Text '8.0' is set on object 'Object Repository/MOH AND GRN/Page_KDMC - CMS/input_txtdeal'

2018-05-28 13:39:04 - [TEST_STEP][PASSED] - Statement - return (java.lang.Math.floor((java.lang.Math.random() * ((max - min) + 1))) + min): Text '8.0' is set on object 'Object Repository/MOH AND GRN/Page_KDMC - CMS/input_txtdeal'

2018-05-28 13:39:04 - [MESSAGE][PASSED] - Text '8.0' is set on object 'Object Repository/MOH AND GRN/Page_KDMC - CMS/input_txtdeal'

2018-05-28 13:39:04 - [TEST_STEP][PASSED] - setText: Finding Test Object with id 'Object Repository/MOH AND GRN/Page_KDMC - CMS/input_txtbatchno'

2018-05-28 13:39:04 - [TEST_STEP][PASSED] - Statement - switch (id): Delayed 1 second(s)

2018-05-28 13:39:04 - [TEST_STEP][PASSED] - Statement - case 1:: Text 'BA633.0' is set on object 'Object Repository/MOH AND GRN/Page_KDMC - CMS/input_txtbatchno'

2018-05-28 13:39:04 - [TEST_STEP][PASSED] - Statement - return (java.lang.Math.floor((java.lang.Math.random() * ((max - min) + 1))) + min): Text 'BA633.0' is set on object 'Object Repository/MOH AND GRN/Page_KDMC - CMS/input_txtbatchno'

2018-05-28 13:39:04 - [MESSAGE][PASSED] - Text 'BA633.0' is set on object 'Object Repository/MOH AND GRN/Page_KDMC - CMS/input_txtbatchno'

2018-05-28 13:39:04 - [TEST_STEP][PASSED] - rightClick: Object: 'Object Repository/GRN/Page_KDMC - CMS/input_txtexpdate' is right clicked on

2018-05-28 13:39:04 - [MESSAGE][PASSED] - Object: 'Object Repository/GRN/Page_KDMC - CMS/input_txtexpdate' is right clicked on

2018-05-28 13:39:04 - [TEST_STEP][PASSED] - selectOptionByIndex: All options with index in [7] are selected on object 'Object Repository/GRN/Page_KDMC - CMS/select_20182019202020212022202'

2018-05-28 13:39:05 - [MESSAGE][PASSED] - All options with index in [7] are selected on object 'Object Repository/GRN/Page_KDMC - CMS/select_20182019202020212022202'

2018-05-28 13:39:05 - [TEST_STEP][PASSED] - selectOptionByIndex: All options with index in [7] are selected on object 'Object Repository/GRN/Page_KDMC - CMS/select_JanFebMarAprMayJunJulAu'

2018-05-28 13:39:05 - [MESSAGE][PASSED] - All options with index in [7] are selected on object 'Object Repository/GRN/Page_KDMC - CMS/select_JanFebMarAprMayJunJulAu'

2018-05-28 13:39:05 - [TEST_STEP][PASSED] - click: Object: 'Object Repository/MOH AND GRN/Page_KDMC - CMS/a_12' is clicked on

2018-05-28 13:39:05 - [MESSAGE][PASSED] - Object: 'Object Repository/MOH AND GRN/Page_KDMC - CMS/a_12' is clicked on

2018-05-28 13:39:05 - [TEST_STEP][PASSED] - click: Object: 'Object Repository/MOH AND GRN/Page_KDMC - CMS/input_btnadd' is clicked on

2018-05-28 13:39:05 - [MESSAGE][PASSED] - Object: 'Object Repository/MOH AND GRN/Page_KDMC - CMS/input_btnadd' is clicked on

2018-05-28 13:39:05 - [TEST_STEP][PASSED] - Statement - If (s == 10): null

2018-05-28 13:39:05 - [TEST_STEP][PASSED] - Statement - Else: null

2018-05-28 13:39:05 - [TEST_STEP][PASSED] - Statement - (s++): null

2018-05-28 13:39:05 - [TEST_STEP][PASSED] - delay: Delayed 1 second(s)

2018-05-28 13:39:06 - [MESSAGE][PASSED] - Delayed 1 second(s)

2018-05-28 13:39:06 - [TEST_STEP][PASSED] - scrollToElement: Scroll to object 'Object Repository/MOH AND GRN/Page_KDMC - CMS/input_btnSubmit' successfully

2018-05-28 13:39:06 - [MESSAGE][PASSED] - Scroll to object 'Object Repository/MOH AND GRN/Page_KDMC - CMS/input_btnSubmit' successfully

2018-05-28 13:39:06 - [TEST_STEP][PASSED] - click: Object: 'Object Repository/MOH AND GRN/Page_KDMC - CMS/input_btnSubmit' is clicked on

2018-05-28 13:39:06 - [MESSAGE][PASSED] - Object: 'Object Repository/MOH AND GRN/Page_KDMC - CMS/input_btnSubmit' is clicked on

2018-05-28 13:39:06 - [TEST_STEP][PASSED] - delay: Delayed 3 second(s)

2018-05-28 13:39:09 - [MESSAGE][PASSED] - Delayed 3 second(s)

2018-05-28 13:39:09 - [TEST_STEP][PASSED] - click: Object: 'Object Repository/MOH AND GRN/Page_KDMC - CMS/button_OK' is clicked on

2018-05-28 13:39:10 - [MESSAGE][PASSED] - Object: 'Object Repository/MOH AND GRN/Page_KDMC - CMS/button_OK' is clicked on

2018-05-28 13:39:10 - [TEST_STEP][PASSED] - delay: Delayed 2 second(s)

2018-05-28 13:39:12 - [MESSAGE][PASSED] - Delayed 2 second(s)

2018-05-28 13:39:12 - [TEST_STEP][PASSED] - delay: Delayed 3 second(s)

2018-05-28 13:39:15 - [MESSAGE][PASSED] - Delayed 3 second(s)

2018-05-28 13:39:15 - [TEST_STEP][PASSED] - click: Object: 'Object Repository/MOH AND GRN/Page_KDMC - CMS/a_dropdown-toggle' is clicked on

2018-05-28 13:39:15 - [MESSAGE][PASSED] - Object: 'Object Repository/MOH AND GRN/Page_KDMC - CMS/a_dropdown-toggle' is clicked on

2018-05-28 13:39:15 - [TEST_STEP][PASSED] - click: Object: 'Object Repository/MOH AND GRN/Page_KDMC - CMS/a_Sign out' is clicked on

2018-05-28 13:39:15 - [MESSAGE][PASSED] - Object: 'Object Repository/MOH AND GRN/Page_KDMC - CMS/a_Sign out' is clicked on

2018-05-28 13:39:15 - [TEST_STEP][PASSED] - closeBrowser: Browser is closed

2018-05-28 13:39:16 - [MESSAGE][PASSED] - Browser is closed]]></system-out>
         <system-err><![CDATA[]]></system-err>
      </testcase>
      <testcase name="Test Cases/TEST/MOH REQUEST AND GRN/Moh Request GRN  Schedule 9" classname="Test Cases/TEST/MOH REQUEST AND GRN/Moh Request GRN  Schedule 9" status="PASSED">
         <system-out><![CDATA[2018-05-28 13:39:16 - [TEST_CASE][PASSED] - Test Cases/TEST/MOH REQUEST AND GRN/Moh Request GRN  Schedule 9: Test Cases/TEST/MOH REQUEST AND GRN/Moh Request GRN  Schedule 9

2018-05-28 13:39:16 - [TEST_STEP][PASSED] - openBrowser: Browser is opened with url: ''

2018-05-28 13:39:18 - [MESSAGE][PASSED] - Browser is opened with url: ''

2018-05-28 13:39:18 - [TEST_STEP][PASSED] - navigateToUrl: Navigate to 'http://192.168.137.1/multihospital_new/' successfully

2018-05-28 13:39:20 - [MESSAGE][PASSED] - Navigate to 'http://192.168.137.1/multihospital_new/' successfully

2018-05-28 13:39:20 - [TEST_STEP][PASSED] - maximizeWindow: Current window maximized

2018-05-28 13:39:22 - [MESSAGE][PASSED] - Current window maximized

2018-05-28 13:39:22 - [TEST_STEP][PASSED] - click: Object: 'Object Repository/MOH AND GRN/Page_KDMC/a_CMS' is clicked on

2018-05-28 13:39:22 - [MESSAGE][PASSED] - Object: 'Object Repository/MOH AND GRN/Page_KDMC/a_CMS' is clicked on

2018-05-28 13:39:22 - [TEST_STEP][PASSED] - setText: Text 'bala' is set on object 'Object Repository/MOH AND GRN/Page_CMS login/input_txtusername'

2018-05-28 13:39:22 - [MESSAGE][PASSED] - Text 'bala' is set on object 'Object Repository/MOH AND GRN/Page_CMS login/input_txtusername'

2018-05-28 13:39:22 - [TEST_STEP][PASSED] - setText: Text '123' is set on object 'Object Repository/MOH AND GRN/Page_CMS login/input_txtpassword'

2018-05-28 13:39:22 - [MESSAGE][PASSED] - Text '123' is set on object 'Object Repository/MOH AND GRN/Page_CMS login/input_txtpassword'

2018-05-28 13:39:22 - [TEST_STEP][PASSED] - delay: Delayed 3 second(s)

2018-05-28 13:39:25 - [MESSAGE][PASSED] - Delayed 3 second(s)

2018-05-28 13:39:25 - [TEST_STEP][PASSED] - click: Object: 'Object Repository/MOH AND GRN/Page_CMS login/button_Sign in' is clicked on

2018-05-28 13:39:26 - [MESSAGE][PASSED] - Object: 'Object Repository/MOH AND GRN/Page_CMS login/button_Sign in' is clicked on

2018-05-28 13:39:26 - [TEST_STEP][PASSED] - click: Object: 'Object Repository/MOH AND GRN/Page_KDMC - CMS/a_Request to MOH' is clicked on

2018-05-28 13:39:26 - [MESSAGE][PASSED] - Object: 'Object Repository/MOH AND GRN/Page_KDMC - CMS/a_Request to MOH' is clicked on

2018-05-28 13:39:26 - [TEST_STEP][PASSED] - selectOptionByIndex: All options with index in [2] are selected on object 'Object Repository/MOH AND GRN/Page_KDMC - CMS/select_--Select--'

2018-05-28 13:39:27 - [MESSAGE][PASSED] - All options with index in [2] are selected on object 'Object Repository/MOH AND GRN/Page_KDMC - CMS/select_--Select--'

2018-05-28 13:39:27 - [TEST_STEP][PASSED] - selectOptionByIndex: All options with index in [9] are selected on object 'Object Repository/MOH AND GRN/Page_KDMC - CMS/select_--Select--Schedule 1Inj'

2018-05-28 13:39:27 - [MESSAGE][PASSED] - All options with index in [9] are selected on object 'Object Repository/MOH AND GRN/Page_KDMC - CMS/select_--Select--Schedule 1Inj'

2018-05-28 13:39:27 - [TEST_STEP][PASSED] - Statement - selectedoptions = com.kms.katalon.core.webui.keyword.WebUiBuiltInKeywords.getNumberOfTotalOption(com.kms.katalon.core.testobject.ObjectRepository.findTestObject(MOH AND GRN/Page_KDMC - CMS/select_--Select--Adernaline 0.)): 36 options of object 'Object Repository/MOH AND GRN/Page_KDMC - CMS/select_--Select--Adernaline 0.' counted

2018-05-28 13:39:27 - [MESSAGE][PASSED] - 36 options of object 'Object Repository/MOH AND GRN/Page_KDMC - CMS/select_--Select--Adernaline 0.' counted

2018-05-28 13:39:27 - [TEST_STEP][PASSED] - Statement - For ([j = 1, j <= selectedoptions - 1, (j++)]): Object: 'Object Repository/MOH AND GRN/Page_KDMC - CMS/button_Add' is clicked on

2018-05-28 13:39:27 - [TEST_STEP][PASSED] - selectOptionByIndex: All options with index in [9] are selected on object 'Object Repository/MOH AND GRN/Page_KDMC - CMS/select_--Select--Schedule 1Inj'

2018-05-28 13:39:27 - [MESSAGE][PASSED] - All options with index in [9] are selected on object 'Object Repository/MOH AND GRN/Page_KDMC - CMS/select_--Select--Schedule 1Inj'

2018-05-28 13:39:27 - [TEST_STEP][PASSED] - selectOptionByIndex: All options with index in [1] are selected on object 'Object Repository/MOH AND GRN/Page_KDMC - CMS/select_--Select--Adernaline 0.'

2018-05-28 13:39:27 - [MESSAGE][PASSED] - All options with index in [1] are selected on object 'Object Repository/MOH AND GRN/Page_KDMC - CMS/select_--Select--Adernaline 0.'

2018-05-28 13:39:27 - [TEST_STEP][PASSED] - setText: Text '5000' is set on object 'Object Repository/MOH AND GRN/Page_KDMC - CMS/input_txttreat'

2018-05-28 13:39:27 - [MESSAGE][PASSED] - Text '5000' is set on object 'Object Repository/MOH AND GRN/Page_KDMC - CMS/input_txttreat'

2018-05-28 13:39:27 - [TEST_STEP][PASSED] - click: Object: 'Object Repository/MOH AND GRN/Page_KDMC - CMS/button_Add' is clicked on

2018-05-28 13:39:28 - [MESSAGE][PASSED] - Object: 'Object Repository/MOH AND GRN/Page_KDMC - CMS/button_Add' is clicked on

2018-05-28 13:39:28 - [TEST_STEP][PASSED] - selectOptionByIndex: All options with index in [9] are selected on object 'Object Repository/MOH AND GRN/Page_KDMC - CMS/select_--Select--Schedule 1Inj'

2018-05-28 13:39:28 - [MESSAGE][PASSED] - All options with index in [9] are selected on object 'Object Repository/MOH AND GRN/Page_KDMC - CMS/select_--Select--Schedule 1Inj'

2018-05-28 13:39:28 - [TEST_STEP][PASSED] - selectOptionByIndex: All options with index in [2] are selected on object 'Object Repository/MOH AND GRN/Page_KDMC - CMS/select_--Select--Adernaline 0.'

2018-05-28 13:39:28 - [MESSAGE][PASSED] - All options with index in [2] are selected on object 'Object Repository/MOH AND GRN/Page_KDMC - CMS/select_--Select--Adernaline 0.'

2018-05-28 13:39:28 - [TEST_STEP][PASSED] - setText: Text '5000' is set on object 'Object Repository/MOH AND GRN/Page_KDMC - CMS/input_txttreat'

2018-05-28 13:39:28 - [MESSAGE][PASSED] - Text '5000' is set on object 'Object Repository/MOH AND GRN/Page_KDMC - CMS/input_txttreat'

2018-05-28 13:39:28 - [TEST_STEP][PASSED] - click: Object: 'Object Repository/MOH AND GRN/Page_KDMC - CMS/button_Add' is clicked on

2018-05-28 13:39:28 - [MESSAGE][PASSED] - Object: 'Object Repository/MOH AND GRN/Page_KDMC - CMS/button_Add' is clicked on

2018-05-28 13:39:28 - [TEST_STEP][PASSED] - selectOptionByIndex: All options with index in [9] are selected on object 'Object Repository/MOH AND GRN/Page_KDMC - CMS/select_--Select--Schedule 1Inj'

2018-05-28 13:39:28 - [MESSAGE][PASSED] - All options with index in [9] are selected on object 'Object Repository/MOH AND GRN/Page_KDMC - CMS/select_--Select--Schedule 1Inj'

2018-05-28 13:39:28 - [TEST_STEP][PASSED] - selectOptionByIndex: All options with index in [3] are selected on object 'Object Repository/MOH AND GRN/Page_KDMC - CMS/select_--Select--Adernaline 0.'

2018-05-28 13:39:28 - [MESSAGE][PASSED] - All options with index in [3] are selected on object 'Object Repository/MOH AND GRN/Page_KDMC - CMS/select_--Select--Adernaline 0.'

2018-05-28 13:39:28 - [TEST_STEP][PASSED] - setText: Text '5000' is set on object 'Object Repository/MOH AND GRN/Page_KDMC - CMS/input_txttreat'

2018-05-28 13:39:28 - [MESSAGE][PASSED] - Text '5000' is set on object 'Object Repository/MOH AND GRN/Page_KDMC - CMS/input_txttreat'

2018-05-28 13:39:28 - [TEST_STEP][PASSED] - click: Object: 'Object Repository/MOH AND GRN/Page_KDMC - CMS/button_Add' is clicked on

2018-05-28 13:39:29 - [MESSAGE][PASSED] - Object: 'Object Repository/MOH AND GRN/Page_KDMC - CMS/button_Add' is clicked on

2018-05-28 13:39:29 - [TEST_STEP][PASSED] - selectOptionByIndex: All options with index in [9] are selected on object 'Object Repository/MOH AND GRN/Page_KDMC - CMS/select_--Select--Schedule 1Inj'

2018-05-28 13:39:29 - [MESSAGE][PASSED] - All options with index in [9] are selected on object 'Object Repository/MOH AND GRN/Page_KDMC - CMS/select_--Select--Schedule 1Inj'

2018-05-28 13:39:29 - [TEST_STEP][PASSED] - selectOptionByIndex: All options with index in [4] are selected on object 'Object Repository/MOH AND GRN/Page_KDMC - CMS/select_--Select--Adernaline 0.'

2018-05-28 13:39:29 - [MESSAGE][PASSED] - All options with index in [4] are selected on object 'Object Repository/MOH AND GRN/Page_KDMC - CMS/select_--Select--Adernaline 0.'

2018-05-28 13:39:29 - [TEST_STEP][PASSED] - setText: Text '5000' is set on object 'Object Repository/MOH AND GRN/Page_KDMC - CMS/input_txttreat'

2018-05-28 13:39:29 - [MESSAGE][PASSED] - Text '5000' is set on object 'Object Repository/MOH AND GRN/Page_KDMC - CMS/input_txttreat'

2018-05-28 13:39:29 - [TEST_STEP][PASSED] - click: Object: 'Object Repository/MOH AND GRN/Page_KDMC - CMS/button_Add' is clicked on

2018-05-28 13:39:29 - [MESSAGE][PASSED] - Object: 'Object Repository/MOH AND GRN/Page_KDMC - CMS/button_Add' is clicked on

2018-05-28 13:39:29 - [TEST_STEP][PASSED] - selectOptionByIndex: All options with index in [9] are selected on object 'Object Repository/MOH AND GRN/Page_KDMC - CMS/select_--Select--Schedule 1Inj'

2018-05-28 13:39:29 - [MESSAGE][PASSED] - All options with index in [9] are selected on object 'Object Repository/MOH AND GRN/Page_KDMC - CMS/select_--Select--Schedule 1Inj'

2018-05-28 13:39:29 - [TEST_STEP][PASSED] - selectOptionByIndex: All options with index in [5] are selected on object 'Object Repository/MOH AND GRN/Page_KDMC - CMS/select_--Select--Adernaline 0.'

2018-05-28 13:39:29 - [MESSAGE][PASSED] - All options with index in [5] are selected on object 'Object Repository/MOH AND GRN/Page_KDMC - CMS/select_--Select--Adernaline 0.'

2018-05-28 13:39:29 - [TEST_STEP][PASSED] - setText: Text '5000' is set on object 'Object Repository/MOH AND GRN/Page_KDMC - CMS/input_txttreat'

2018-05-28 13:39:30 - [MESSAGE][PASSED] - Text '5000' is set on object 'Object Repository/MOH AND GRN/Page_KDMC - CMS/input_txttreat'

2018-05-28 13:39:30 - [TEST_STEP][PASSED] - click: Object: 'Object Repository/MOH AND GRN/Page_KDMC - CMS/button_Add' is clicked on

2018-05-28 13:39:30 - [MESSAGE][PASSED] - Object: 'Object Repository/MOH AND GRN/Page_KDMC - CMS/button_Add' is clicked on

2018-05-28 13:39:30 - [TEST_STEP][PASSED] - selectOptionByIndex: All options with index in [9] are selected on object 'Object Repository/MOH AND GRN/Page_KDMC - CMS/select_--Select--Schedule 1Inj'

2018-05-28 13:39:30 - [MESSAGE][PASSED] - All options with index in [9] are selected on object 'Object Repository/MOH AND GRN/Page_KDMC - CMS/select_--Select--Schedule 1Inj'

2018-05-28 13:39:30 - [TEST_STEP][PASSED] - selectOptionByIndex: All options with index in [6] are selected on object 'Object Repository/MOH AND GRN/Page_KDMC - CMS/select_--Select--Adernaline 0.'

2018-05-28 13:39:30 - [MESSAGE][PASSED] - All options with index in [6] are selected on object 'Object Repository/MOH AND GRN/Page_KDMC - CMS/select_--Select--Adernaline 0.'

2018-05-28 13:39:30 - [TEST_STEP][PASSED] - setText: Text '5000' is set on object 'Object Repository/MOH AND GRN/Page_KDMC - CMS/input_txttreat'

2018-05-28 13:39:30 - [MESSAGE][PASSED] - Text '5000' is set on object 'Object Repository/MOH AND GRN/Page_KDMC - CMS/input_txttreat'

2018-05-28 13:39:30 - [TEST_STEP][PASSED] - click: Object: 'Object Repository/MOH AND GRN/Page_KDMC - CMS/button_Add' is clicked on

2018-05-28 13:39:30 - [MESSAGE][PASSED] - Object: 'Object Repository/MOH AND GRN/Page_KDMC - CMS/button_Add' is clicked on

2018-05-28 13:39:30 - [TEST_STEP][PASSED] - selectOptionByIndex: All options with index in [9] are selected on object 'Object Repository/MOH AND GRN/Page_KDMC - CMS/select_--Select--Schedule 1Inj'

2018-05-28 13:39:30 - [MESSAGE][PASSED] - All options with index in [9] are selected on object 'Object Repository/MOH AND GRN/Page_KDMC - CMS/select_--Select--Schedule 1Inj'

2018-05-28 13:39:30 - [TEST_STEP][PASSED] - selectOptionByIndex: All options with index in [7] are selected on object 'Object Repository/MOH AND GRN/Page_KDMC - CMS/select_--Select--Adernaline 0.'

2018-05-28 13:39:31 - [MESSAGE][PASSED] - All options with index in [7] are selected on object 'Object Repository/MOH AND GRN/Page_KDMC - CMS/select_--Select--Adernaline 0.'

2018-05-28 13:39:31 - [TEST_STEP][PASSED] - setText: Text '5000' is set on object 'Object Repository/MOH AND GRN/Page_KDMC - CMS/input_txttreat'

2018-05-28 13:39:31 - [MESSAGE][PASSED] - Text '5000' is set on object 'Object Repository/MOH AND GRN/Page_KDMC - CMS/input_txttreat'

2018-05-28 13:39:31 - [TEST_STEP][PASSED] - click: Object: 'Object Repository/MOH AND GRN/Page_KDMC - CMS/button_Add' is clicked on

2018-05-28 13:39:31 - [MESSAGE][PASSED] - Object: 'Object Repository/MOH AND GRN/Page_KDMC - CMS/button_Add' is clicked on

2018-05-28 13:39:31 - [TEST_STEP][PASSED] - selectOptionByIndex: All options with index in [9] are selected on object 'Object Repository/MOH AND GRN/Page_KDMC - CMS/select_--Select--Schedule 1Inj'

2018-05-28 13:39:31 - [MESSAGE][PASSED] - All options with index in [9] are selected on object 'Object Repository/MOH AND GRN/Page_KDMC - CMS/select_--Select--Schedule 1Inj'

2018-05-28 13:39:31 - [TEST_STEP][PASSED] - selectOptionByIndex: All options with index in [8] are selected on object 'Object Repository/MOH AND GRN/Page_KDMC - CMS/select_--Select--Adernaline 0.'

2018-05-28 13:39:31 - [MESSAGE][PASSED] - All options with index in [8] are selected on object 'Object Repository/MOH AND GRN/Page_KDMC - CMS/select_--Select--Adernaline 0.'

2018-05-28 13:39:31 - [TEST_STEP][PASSED] - setText: Text '5000' is set on object 'Object Repository/MOH AND GRN/Page_KDMC - CMS/input_txttreat'

2018-05-28 13:39:31 - [MESSAGE][PASSED] - Text '5000' is set on object 'Object Repository/MOH AND GRN/Page_KDMC - CMS/input_txttreat'

2018-05-28 13:39:31 - [TEST_STEP][PASSED] - click: Object: 'Object Repository/MOH AND GRN/Page_KDMC - CMS/button_Add' is clicked on

2018-05-28 13:39:31 - [MESSAGE][PASSED] - Object: 'Object Repository/MOH AND GRN/Page_KDMC - CMS/button_Add' is clicked on

2018-05-28 13:39:31 - [TEST_STEP][PASSED] - selectOptionByIndex: All options with index in [9] are selected on object 'Object Repository/MOH AND GRN/Page_KDMC - CMS/select_--Select--Schedule 1Inj'

2018-05-28 13:39:32 - [MESSAGE][PASSED] - All options with index in [9] are selected on object 'Object Repository/MOH AND GRN/Page_KDMC - CMS/select_--Select--Schedule 1Inj'

2018-05-28 13:39:32 - [TEST_STEP][PASSED] - selectOptionByIndex: All options with index in [9] are selected on object 'Object Repository/MOH AND GRN/Page_KDMC - CMS/select_--Select--Adernaline 0.'

2018-05-28 13:39:32 - [MESSAGE][PASSED] - All options with index in [9] are selected on object 'Object Repository/MOH AND GRN/Page_KDMC - CMS/select_--Select--Adernaline 0.'

2018-05-28 13:39:32 - [TEST_STEP][PASSED] - setText: Text '5000' is set on object 'Object Repository/MOH AND GRN/Page_KDMC - CMS/input_txttreat'

2018-05-28 13:39:32 - [MESSAGE][PASSED] - Text '5000' is set on object 'Object Repository/MOH AND GRN/Page_KDMC - CMS/input_txttreat'

2018-05-28 13:39:32 - [TEST_STEP][PASSED] - click: Object: 'Object Repository/MOH AND GRN/Page_KDMC - CMS/button_Add' is clicked on

2018-05-28 13:39:32 - [MESSAGE][PASSED] - Object: 'Object Repository/MOH AND GRN/Page_KDMC - CMS/button_Add' is clicked on

2018-05-28 13:39:32 - [TEST_STEP][PASSED] - selectOptionByIndex: All options with index in [9] are selected on object 'Object Repository/MOH AND GRN/Page_KDMC - CMS/select_--Select--Schedule 1Inj'

2018-05-28 13:39:32 - [MESSAGE][PASSED] - All options with index in [9] are selected on object 'Object Repository/MOH AND GRN/Page_KDMC - CMS/select_--Select--Schedule 1Inj'

2018-05-28 13:39:32 - [TEST_STEP][PASSED] - selectOptionByIndex: All options with index in [10] are selected on object 'Object Repository/MOH AND GRN/Page_KDMC - CMS/select_--Select--Adernaline 0.'

2018-05-28 13:39:32 - [MESSAGE][PASSED] - All options with index in [10] are selected on object 'Object Repository/MOH AND GRN/Page_KDMC - CMS/select_--Select--Adernaline 0.'

2018-05-28 13:39:32 - [TEST_STEP][PASSED] - setText: Text '5000' is set on object 'Object Repository/MOH AND GRN/Page_KDMC - CMS/input_txttreat'

2018-05-28 13:39:32 - [MESSAGE][PASSED] - Text '5000' is set on object 'Object Repository/MOH AND GRN/Page_KDMC - CMS/input_txttreat'

2018-05-28 13:39:32 - [TEST_STEP][PASSED] - click: Object: 'Object Repository/MOH AND GRN/Page_KDMC - CMS/button_Add' is clicked on

2018-05-28 13:39:33 - [MESSAGE][PASSED] - Object: 'Object Repository/MOH AND GRN/Page_KDMC - CMS/button_Add' is clicked on

2018-05-28 13:39:33 - [TEST_STEP][PASSED] - selectOptionByIndex: All options with index in [9] are selected on object 'Object Repository/MOH AND GRN/Page_KDMC - CMS/select_--Select--Schedule 1Inj'

2018-05-28 13:39:33 - [MESSAGE][PASSED] - All options with index in [9] are selected on object 'Object Repository/MOH AND GRN/Page_KDMC - CMS/select_--Select--Schedule 1Inj'

2018-05-28 13:39:33 - [TEST_STEP][PASSED] - selectOptionByIndex: All options with index in [11] are selected on object 'Object Repository/MOH AND GRN/Page_KDMC - CMS/select_--Select--Adernaline 0.'

2018-05-28 13:39:33 - [MESSAGE][PASSED] - All options with index in [11] are selected on object 'Object Repository/MOH AND GRN/Page_KDMC - CMS/select_--Select--Adernaline 0.'

2018-05-28 13:39:33 - [TEST_STEP][PASSED] - setText: Text '5000' is set on object 'Object Repository/MOH AND GRN/Page_KDMC - CMS/input_txttreat'

2018-05-28 13:39:33 - [MESSAGE][PASSED] - Text '5000' is set on object 'Object Repository/MOH AND GRN/Page_KDMC - CMS/input_txttreat'

2018-05-28 13:39:33 - [TEST_STEP][PASSED] - click: Object: 'Object Repository/MOH AND GRN/Page_KDMC - CMS/button_Add' is clicked on

2018-05-28 13:39:33 - [MESSAGE][PASSED] - Object: 'Object Repository/MOH AND GRN/Page_KDMC - CMS/button_Add' is clicked on

2018-05-28 13:39:33 - [TEST_STEP][PASSED] - selectOptionByIndex: All options with index in [9] are selected on object 'Object Repository/MOH AND GRN/Page_KDMC - CMS/select_--Select--Schedule 1Inj'

2018-05-28 13:39:33 - [MESSAGE][PASSED] - All options with index in [9] are selected on object 'Object Repository/MOH AND GRN/Page_KDMC - CMS/select_--Select--Schedule 1Inj'

2018-05-28 13:39:33 - [TEST_STEP][PASSED] - selectOptionByIndex: All options with index in [12] are selected on object 'Object Repository/MOH AND GRN/Page_KDMC - CMS/select_--Select--Adernaline 0.'

2018-05-28 13:39:34 - [MESSAGE][PASSED] - All options with index in [12] are selected on object 'Object Repository/MOH AND GRN/Page_KDMC - CMS/select_--Select--Adernaline 0.'

2018-05-28 13:39:34 - [TEST_STEP][PASSED] - setText: Text '5000' is set on object 'Object Repository/MOH AND GRN/Page_KDMC - CMS/input_txttreat'

2018-05-28 13:39:34 - [MESSAGE][PASSED] - Text '5000' is set on object 'Object Repository/MOH AND GRN/Page_KDMC - CMS/input_txttreat'

2018-05-28 13:39:34 - [TEST_STEP][PASSED] - click: Object: 'Object Repository/MOH AND GRN/Page_KDMC - CMS/button_Add' is clicked on

2018-05-28 13:39:34 - [MESSAGE][PASSED] - Object: 'Object Repository/MOH AND GRN/Page_KDMC - CMS/button_Add' is clicked on

2018-05-28 13:39:34 - [TEST_STEP][PASSED] - selectOptionByIndex: All options with index in [9] are selected on object 'Object Repository/MOH AND GRN/Page_KDMC - CMS/select_--Select--Schedule 1Inj'

2018-05-28 13:39:34 - [MESSAGE][PASSED] - All options with index in [9] are selected on object 'Object Repository/MOH AND GRN/Page_KDMC - CMS/select_--Select--Schedule 1Inj'

2018-05-28 13:39:34 - [TEST_STEP][PASSED] - selectOptionByIndex: All options with index in [13] are selected on object 'Object Repository/MOH AND GRN/Page_KDMC - CMS/select_--Select--Adernaline 0.'

2018-05-28 13:39:34 - [MESSAGE][PASSED] - All options with index in [13] are selected on object 'Object Repository/MOH AND GRN/Page_KDMC - CMS/select_--Select--Adernaline 0.'

2018-05-28 13:39:34 - [TEST_STEP][PASSED] - setText: Text '5000' is set on object 'Object Repository/MOH AND GRN/Page_KDMC - CMS/input_txttreat'

2018-05-28 13:39:34 - [MESSAGE][PASSED] - Text '5000' is set on object 'Object Repository/MOH AND GRN/Page_KDMC - CMS/input_txttreat'

2018-05-28 13:39:34 - [TEST_STEP][PASSED] - click: Object: 'Object Repository/MOH AND GRN/Page_KDMC - CMS/button_Add' is clicked on

2018-05-28 13:39:34 - [MESSAGE][PASSED] - Object: 'Object Repository/MOH AND GRN/Page_KDMC - CMS/button_Add' is clicked on

2018-05-28 13:39:34 - [TEST_STEP][PASSED] - selectOptionByIndex: All options with index in [9] are selected on object 'Object Repository/MOH AND GRN/Page_KDMC - CMS/select_--Select--Schedule 1Inj'

2018-05-28 13:39:35 - [MESSAGE][PASSED] - All options with index in [9] are selected on object 'Object Repository/MOH AND GRN/Page_KDMC - CMS/select_--Select--Schedule 1Inj'

2018-05-28 13:39:35 - [TEST_STEP][PASSED] - selectOptionByIndex: All options with index in [14] are selected on object 'Object Repository/MOH AND GRN/Page_KDMC - CMS/select_--Select--Adernaline 0.'

2018-05-28 13:39:35 - [MESSAGE][PASSED] - All options with index in [14] are selected on object 'Object Repository/MOH AND GRN/Page_KDMC - CMS/select_--Select--Adernaline 0.'

2018-05-28 13:39:35 - [TEST_STEP][PASSED] - setText: Text '5000' is set on object 'Object Repository/MOH AND GRN/Page_KDMC - CMS/input_txttreat'

2018-05-28 13:39:35 - [MESSAGE][PASSED] - Text '5000' is set on object 'Object Repository/MOH AND GRN/Page_KDMC - CMS/input_txttreat'

2018-05-28 13:39:35 - [TEST_STEP][PASSED] - click: Object: 'Object Repository/MOH AND GRN/Page_KDMC - CMS/button_Add' is clicked on

2018-05-28 13:39:35 - [MESSAGE][PASSED] - Object: 'Object Repository/MOH AND GRN/Page_KDMC - CMS/button_Add' is clicked on

2018-05-28 13:39:35 - [TEST_STEP][PASSED] - selectOptionByIndex: All options with index in [9] are selected on object 'Object Repository/MOH AND GRN/Page_KDMC - CMS/select_--Select--Schedule 1Inj'

2018-05-28 13:39:35 - [MESSAGE][PASSED] - All options with index in [9] are selected on object 'Object Repository/MOH AND GRN/Page_KDMC - CMS/select_--Select--Schedule 1Inj'

2018-05-28 13:39:35 - [TEST_STEP][PASSED] - selectOptionByIndex: All options with index in [15] are selected on object 'Object Repository/MOH AND GRN/Page_KDMC - CMS/select_--Select--Adernaline 0.'

2018-05-28 13:39:35 - [MESSAGE][PASSED] - All options with index in [15] are selected on object 'Object Repository/MOH AND GRN/Page_KDMC - CMS/select_--Select--Adernaline 0.'

2018-05-28 13:39:35 - [TEST_STEP][PASSED] - setText: Text '5000' is set on object 'Object Repository/MOH AND GRN/Page_KDMC - CMS/input_txttreat'

2018-05-28 13:39:36 - [MESSAGE][PASSED] - Text '5000' is set on object 'Object Repository/MOH AND GRN/Page_KDMC - CMS/input_txttreat'

2018-05-28 13:39:36 - [TEST_STEP][PASSED] - click: Object: 'Object Repository/MOH AND GRN/Page_KDMC - CMS/button_Add' is clicked on

2018-05-28 13:39:36 - [MESSAGE][PASSED] - Object: 'Object Repository/MOH AND GRN/Page_KDMC - CMS/button_Add' is clicked on

2018-05-28 13:39:36 - [TEST_STEP][PASSED] - selectOptionByIndex: All options with index in [9] are selected on object 'Object Repository/MOH AND GRN/Page_KDMC - CMS/select_--Select--Schedule 1Inj'

2018-05-28 13:39:36 - [MESSAGE][PASSED] - All options with index in [9] are selected on object 'Object Repository/MOH AND GRN/Page_KDMC - CMS/select_--Select--Schedule 1Inj'

2018-05-28 13:39:36 - [TEST_STEP][PASSED] - selectOptionByIndex: All options with index in [16] are selected on object 'Object Repository/MOH AND GRN/Page_KDMC - CMS/select_--Select--Adernaline 0.'

2018-05-28 13:39:36 - [MESSAGE][PASSED] - All options with index in [16] are selected on object 'Object Repository/MOH AND GRN/Page_KDMC - CMS/select_--Select--Adernaline 0.'

2018-05-28 13:39:36 - [TEST_STEP][PASSED] - setText: Text '5000' is set on object 'Object Repository/MOH AND GRN/Page_KDMC - CMS/input_txttreat'

2018-05-28 13:39:36 - [MESSAGE][PASSED] - Text '5000' is set on object 'Object Repository/MOH AND GRN/Page_KDMC - CMS/input_txttreat'

2018-05-28 13:39:36 - [TEST_STEP][PASSED] - click: Object: 'Object Repository/MOH AND GRN/Page_KDMC - CMS/button_Add' is clicked on

2018-05-28 13:39:36 - [MESSAGE][PASSED] - Object: 'Object Repository/MOH AND GRN/Page_KDMC - CMS/button_Add' is clicked on

2018-05-28 13:39:36 - [TEST_STEP][PASSED] - selectOptionByIndex: All options with index in [9] are selected on object 'Object Repository/MOH AND GRN/Page_KDMC - CMS/select_--Select--Schedule 1Inj'

2018-05-28 13:39:36 - [MESSAGE][PASSED] - All options with index in [9] are selected on object 'Object Repository/MOH AND GRN/Page_KDMC - CMS/select_--Select--Schedule 1Inj'

2018-05-28 13:39:36 - [TEST_STEP][PASSED] - selectOptionByIndex: All options with index in [17] are selected on object 'Object Repository/MOH AND GRN/Page_KDMC - CMS/select_--Select--Adernaline 0.'

2018-05-28 13:39:37 - [MESSAGE][PASSED] - All options with index in [17] are selected on object 'Object Repository/MOH AND GRN/Page_KDMC - CMS/select_--Select--Adernaline 0.'

2018-05-28 13:39:37 - [TEST_STEP][PASSED] - setText: Text '5000' is set on object 'Object Repository/MOH AND GRN/Page_KDMC - CMS/input_txttreat'

2018-05-28 13:39:37 - [MESSAGE][PASSED] - Text '5000' is set on object 'Object Repository/MOH AND GRN/Page_KDMC - CMS/input_txttreat'

2018-05-28 13:39:37 - [TEST_STEP][PASSED] - click: Object: 'Object Repository/MOH AND GRN/Page_KDMC - CMS/button_Add' is clicked on

2018-05-28 13:39:37 - [MESSAGE][PASSED] - Object: 'Object Repository/MOH AND GRN/Page_KDMC - CMS/button_Add' is clicked on

2018-05-28 13:39:37 - [TEST_STEP][PASSED] - selectOptionByIndex: All options with index in [9] are selected on object 'Object Repository/MOH AND GRN/Page_KDMC - CMS/select_--Select--Schedule 1Inj'

2018-05-28 13:39:37 - [MESSAGE][PASSED] - All options with index in [9] are selected on object 'Object Repository/MOH AND GRN/Page_KDMC - CMS/select_--Select--Schedule 1Inj'

2018-05-28 13:39:37 - [TEST_STEP][PASSED] - selectOptionByIndex: All options with index in [18] are selected on object 'Object Repository/MOH AND GRN/Page_KDMC - CMS/select_--Select--Adernaline 0.'

2018-05-28 13:39:37 - [MESSAGE][PASSED] - All options with index in [18] are selected on object 'Object Repository/MOH AND GRN/Page_KDMC - CMS/select_--Select--Adernaline 0.'

2018-05-28 13:39:37 - [TEST_STEP][PASSED] - setText: Text '5000' is set on object 'Object Repository/MOH AND GRN/Page_KDMC - CMS/input_txttreat'

2018-05-28 13:39:37 - [MESSAGE][PASSED] - Text '5000' is set on object 'Object Repository/MOH AND GRN/Page_KDMC - CMS/input_txttreat'

2018-05-28 13:39:37 - [TEST_STEP][PASSED] - click: Object: 'Object Repository/MOH AND GRN/Page_KDMC - CMS/button_Add' is clicked on

2018-05-28 13:39:37 - [MESSAGE][PASSED] - Object: 'Object Repository/MOH AND GRN/Page_KDMC - CMS/button_Add' is clicked on

2018-05-28 13:39:37 - [TEST_STEP][PASSED] - selectOptionByIndex: All options with index in [9] are selected on object 'Object Repository/MOH AND GRN/Page_KDMC - CMS/select_--Select--Schedule 1Inj'

2018-05-28 13:39:38 - [MESSAGE][PASSED] - All options with index in [9] are selected on object 'Object Repository/MOH AND GRN/Page_KDMC - CMS/select_--Select--Schedule 1Inj'

2018-05-28 13:39:38 - [TEST_STEP][PASSED] - selectOptionByIndex: All options with index in [19] are selected on object 'Object Repository/MOH AND GRN/Page_KDMC - CMS/select_--Select--Adernaline 0.'

2018-05-28 13:39:38 - [MESSAGE][PASSED] - All options with index in [19] are selected on object 'Object Repository/MOH AND GRN/Page_KDMC - CMS/select_--Select--Adernaline 0.'

2018-05-28 13:39:38 - [TEST_STEP][PASSED] - setText: Text '5000' is set on object 'Object Repository/MOH AND GRN/Page_KDMC - CMS/input_txttreat'

2018-05-28 13:39:38 - [MESSAGE][PASSED] - Text '5000' is set on object 'Object Repository/MOH AND GRN/Page_KDMC - CMS/input_txttreat'

2018-05-28 13:39:38 - [TEST_STEP][PASSED] - click: Object: 'Object Repository/MOH AND GRN/Page_KDMC - CMS/button_Add' is clicked on

2018-05-28 13:39:38 - [MESSAGE][PASSED] - Object: 'Object Repository/MOH AND GRN/Page_KDMC - CMS/button_Add' is clicked on

2018-05-28 13:39:38 - [TEST_STEP][PASSED] - selectOptionByIndex: All options with index in [9] are selected on object 'Object Repository/MOH AND GRN/Page_KDMC - CMS/select_--Select--Schedule 1Inj'

2018-05-28 13:39:38 - [MESSAGE][PASSED] - All options with index in [9] are selected on object 'Object Repository/MOH AND GRN/Page_KDMC - CMS/select_--Select--Schedule 1Inj'

2018-05-28 13:39:38 - [TEST_STEP][PASSED] - selectOptionByIndex: All options with index in [20] are selected on object 'Object Repository/MOH AND GRN/Page_KDMC - CMS/select_--Select--Adernaline 0.'

2018-05-28 13:39:39 - [MESSAGE][PASSED] - All options with index in [20] are selected on object 'Object Repository/MOH AND GRN/Page_KDMC - CMS/select_--Select--Adernaline 0.'

2018-05-28 13:39:39 - [TEST_STEP][PASSED] - setText: Text '5000' is set on object 'Object Repository/MOH AND GRN/Page_KDMC - CMS/input_txttreat'

2018-05-28 13:39:39 - [MESSAGE][PASSED] - Text '5000' is set on object 'Object Repository/MOH AND GRN/Page_KDMC - CMS/input_txttreat'

2018-05-28 13:39:39 - [TEST_STEP][PASSED] - click: Object: 'Object Repository/MOH AND GRN/Page_KDMC - CMS/button_Add' is clicked on

2018-05-28 13:39:39 - [MESSAGE][PASSED] - Object: 'Object Repository/MOH AND GRN/Page_KDMC - CMS/button_Add' is clicked on

2018-05-28 13:39:39 - [TEST_STEP][PASSED] - selectOptionByIndex: All options with index in [9] are selected on object 'Object Repository/MOH AND GRN/Page_KDMC - CMS/select_--Select--Schedule 1Inj'

2018-05-28 13:39:39 - [MESSAGE][PASSED] - All options with index in [9] are selected on object 'Object Repository/MOH AND GRN/Page_KDMC - CMS/select_--Select--Schedule 1Inj'

2018-05-28 13:39:39 - [TEST_STEP][PASSED] - selectOptionByIndex: All options with index in [21] are selected on object 'Object Repository/MOH AND GRN/Page_KDMC - CMS/select_--Select--Adernaline 0.'

2018-05-28 13:39:39 - [MESSAGE][PASSED] - All options with index in [21] are selected on object 'Object Repository/MOH AND GRN/Page_KDMC - CMS/select_--Select--Adernaline 0.'

2018-05-28 13:39:39 - [TEST_STEP][PASSED] - setText: Text '5000' is set on object 'Object Repository/MOH AND GRN/Page_KDMC - CMS/input_txttreat'

2018-05-28 13:39:39 - [MESSAGE][PASSED] - Text '5000' is set on object 'Object Repository/MOH AND GRN/Page_KDMC - CMS/input_txttreat'

2018-05-28 13:39:39 - [TEST_STEP][PASSED] - click: Object: 'Object Repository/MOH AND GRN/Page_KDMC - CMS/button_Add' is clicked on

2018-05-28 13:39:39 - [MESSAGE][PASSED] - Object: 'Object Repository/MOH AND GRN/Page_KDMC - CMS/button_Add' is clicked on

2018-05-28 13:39:39 - [TEST_STEP][PASSED] - selectOptionByIndex: All options with index in [9] are selected on object 'Object Repository/MOH AND GRN/Page_KDMC - CMS/select_--Select--Schedule 1Inj'

2018-05-28 13:39:39 - [MESSAGE][PASSED] - All options with index in [9] are selected on object 'Object Repository/MOH AND GRN/Page_KDMC - CMS/select_--Select--Schedule 1Inj'

2018-05-28 13:39:39 - [TEST_STEP][PASSED] - selectOptionByIndex: All options with index in [22] are selected on object 'Object Repository/MOH AND GRN/Page_KDMC - CMS/select_--Select--Adernaline 0.'

2018-05-28 13:39:40 - [MESSAGE][PASSED] - All options with index in [22] are selected on object 'Object Repository/MOH AND GRN/Page_KDMC - CMS/select_--Select--Adernaline 0.'

2018-05-28 13:39:40 - [TEST_STEP][PASSED] - setText: Text '5000' is set on object 'Object Repository/MOH AND GRN/Page_KDMC - CMS/input_txttreat'

2018-05-28 13:39:40 - [MESSAGE][PASSED] - Text '5000' is set on object 'Object Repository/MOH AND GRN/Page_KDMC - CMS/input_txttreat'

2018-05-28 13:39:40 - [TEST_STEP][PASSED] - click: Object: 'Object Repository/MOH AND GRN/Page_KDMC - CMS/button_Add' is clicked on

2018-05-28 13:39:40 - [MESSAGE][PASSED] - Object: 'Object Repository/MOH AND GRN/Page_KDMC - CMS/button_Add' is clicked on

2018-05-28 13:39:40 - [TEST_STEP][PASSED] - selectOptionByIndex: All options with index in [9] are selected on object 'Object Repository/MOH AND GRN/Page_KDMC - CMS/select_--Select--Schedule 1Inj'

2018-05-28 13:39:40 - [MESSAGE][PASSED] - All options with index in [9] are selected on object 'Object Repository/MOH AND GRN/Page_KDMC - CMS/select_--Select--Schedule 1Inj'

2018-05-28 13:39:40 - [TEST_STEP][PASSED] - selectOptionByIndex: All options with index in [23] are selected on object 'Object Repository/MOH AND GRN/Page_KDMC - CMS/select_--Select--Adernaline 0.'

2018-05-28 13:39:41 - [MESSAGE][PASSED] - All options with index in [23] are selected on object 'Object Repository/MOH AND GRN/Page_KDMC - CMS/select_--Select--Adernaline 0.'

2018-05-28 13:39:41 - [TEST_STEP][PASSED] - setText: Text '5000' is set on object 'Object Repository/MOH AND GRN/Page_KDMC - CMS/input_txttreat'

2018-05-28 13:39:41 - [MESSAGE][PASSED] - Text '5000' is set on object 'Object Repository/MOH AND GRN/Page_KDMC - CMS/input_txttreat'

2018-05-28 13:39:41 - [TEST_STEP][PASSED] - click: Object: 'Object Repository/MOH AND GRN/Page_KDMC - CMS/button_Add' is clicked on

2018-05-28 13:39:41 - [MESSAGE][PASSED] - Object: 'Object Repository/MOH AND GRN/Page_KDMC - CMS/button_Add' is clicked on

2018-05-28 13:39:41 - [TEST_STEP][PASSED] - selectOptionByIndex: All options with index in [9] are selected on object 'Object Repository/MOH AND GRN/Page_KDMC - CMS/select_--Select--Schedule 1Inj'

2018-05-28 13:39:41 - [MESSAGE][PASSED] - All options with index in [9] are selected on object 'Object Repository/MOH AND GRN/Page_KDMC - CMS/select_--Select--Schedule 1Inj'

2018-05-28 13:39:41 - [TEST_STEP][PASSED] - selectOptionByIndex: All options with index in [24] are selected on object 'Object Repository/MOH AND GRN/Page_KDMC - CMS/select_--Select--Adernaline 0.'

2018-05-28 13:39:41 - [MESSAGE][PASSED] - All options with index in [24] are selected on object 'Object Repository/MOH AND GRN/Page_KDMC - CMS/select_--Select--Adernaline 0.'

2018-05-28 13:39:41 - [TEST_STEP][PASSED] - setText: Text '5000' is set on object 'Object Repository/MOH AND GRN/Page_KDMC - CMS/input_txttreat'

2018-05-28 13:39:41 - [MESSAGE][PASSED] - Text '5000' is set on object 'Object Repository/MOH AND GRN/Page_KDMC - CMS/input_txttreat'

2018-05-28 13:39:41 - [TEST_STEP][PASSED] - click: Object: 'Object Repository/MOH AND GRN/Page_KDMC - CMS/button_Add' is clicked on

2018-05-28 13:39:42 - [MESSAGE][PASSED] - Object: 'Object Repository/MOH AND GRN/Page_KDMC - CMS/button_Add' is clicked on

2018-05-28 13:39:42 - [TEST_STEP][PASSED] - selectOptionByIndex: All options with index in [9] are selected on object 'Object Repository/MOH AND GRN/Page_KDMC - CMS/select_--Select--Schedule 1Inj'

2018-05-28 13:39:42 - [MESSAGE][PASSED] - All options with index in [9] are selected on object 'Object Repository/MOH AND GRN/Page_KDMC - CMS/select_--Select--Schedule 1Inj'

2018-05-28 13:39:42 - [TEST_STEP][PASSED] - selectOptionByIndex: All options with index in [25] are selected on object 'Object Repository/MOH AND GRN/Page_KDMC - CMS/select_--Select--Adernaline 0.'

2018-05-28 13:39:42 - [MESSAGE][PASSED] - All options with index in [25] are selected on object 'Object Repository/MOH AND GRN/Page_KDMC - CMS/select_--Select--Adernaline 0.'

2018-05-28 13:39:42 - [TEST_STEP][PASSED] - setText: Text '5000' is set on object 'Object Repository/MOH AND GRN/Page_KDMC - CMS/input_txttreat'

2018-05-28 13:39:42 - [MESSAGE][PASSED] - Text '5000' is set on object 'Object Repository/MOH AND GRN/Page_KDMC - CMS/input_txttreat'

2018-05-28 13:39:42 - [TEST_STEP][PASSED] - click: Object: 'Object Repository/MOH AND GRN/Page_KDMC - CMS/button_Add' is clicked on

2018-05-28 13:39:42 - [MESSAGE][PASSED] - Object: 'Object Repository/MOH AND GRN/Page_KDMC - CMS/button_Add' is clicked on

2018-05-28 13:39:42 - [TEST_STEP][PASSED] - selectOptionByIndex: All options with index in [9] are selected on object 'Object Repository/MOH AND GRN/Page_KDMC - CMS/select_--Select--Schedule 1Inj'

2018-05-28 13:39:43 - [MESSAGE][PASSED] - All options with index in [9] are selected on object 'Object Repository/MOH AND GRN/Page_KDMC - CMS/select_--Select--Schedule 1Inj'

2018-05-28 13:39:43 - [TEST_STEP][PASSED] - selectOptionByIndex: All options with index in [26] are selected on object 'Object Repository/MOH AND GRN/Page_KDMC - CMS/select_--Select--Adernaline 0.'

2018-05-28 13:39:43 - [MESSAGE][PASSED] - All options with index in [26] are selected on object 'Object Repository/MOH AND GRN/Page_KDMC - CMS/select_--Select--Adernaline 0.'

2018-05-28 13:39:43 - [TEST_STEP][PASSED] - setText: Text '5000' is set on object 'Object Repository/MOH AND GRN/Page_KDMC - CMS/input_txttreat'

2018-05-28 13:39:43 - [MESSAGE][PASSED] - Text '5000' is set on object 'Object Repository/MOH AND GRN/Page_KDMC - CMS/input_txttreat'

2018-05-28 13:39:43 - [TEST_STEP][PASSED] - click: Object: 'Object Repository/MOH AND GRN/Page_KDMC - CMS/button_Add' is clicked on

2018-05-28 13:39:43 - [MESSAGE][PASSED] - Object: 'Object Repository/MOH AND GRN/Page_KDMC - CMS/button_Add' is clicked on

2018-05-28 13:39:43 - [TEST_STEP][PASSED] - selectOptionByIndex: All options with index in [9] are selected on object 'Object Repository/MOH AND GRN/Page_KDMC - CMS/select_--Select--Schedule 1Inj'

2018-05-28 13:39:43 - [MESSAGE][PASSED] - All options with index in [9] are selected on object 'Object Repository/MOH AND GRN/Page_KDMC - CMS/select_--Select--Schedule 1Inj'

2018-05-28 13:39:43 - [TEST_STEP][PASSED] - selectOptionByIndex: All options with index in [27] are selected on object 'Object Repository/MOH AND GRN/Page_KDMC - CMS/select_--Select--Adernaline 0.'

2018-05-28 13:39:44 - [MESSAGE][PASSED] - All options with index in [27] are selected on object 'Object Repository/MOH AND GRN/Page_KDMC - CMS/select_--Select--Adernaline 0.'

2018-05-28 13:39:44 - [TEST_STEP][PASSED] - setText: Text '5000' is set on object 'Object Repository/MOH AND GRN/Page_KDMC - CMS/input_txttreat'

2018-05-28 13:39:44 - [MESSAGE][PASSED] - Text '5000' is set on object 'Object Repository/MOH AND GRN/Page_KDMC - CMS/input_txttreat'

2018-05-28 13:39:44 - [TEST_STEP][PASSED] - click: Object: 'Object Repository/MOH AND GRN/Page_KDMC - CMS/button_Add' is clicked on

2018-05-28 13:39:44 - [MESSAGE][PASSED] - Object: 'Object Repository/MOH AND GRN/Page_KDMC - CMS/button_Add' is clicked on

2018-05-28 13:39:44 - [TEST_STEP][PASSED] - selectOptionByIndex: All options with index in [9] are selected on object 'Object Repository/MOH AND GRN/Page_KDMC - CMS/select_--Select--Schedule 1Inj'

2018-05-28 13:39:44 - [MESSAGE][PASSED] - All options with index in [9] are selected on object 'Object Repository/MOH AND GRN/Page_KDMC - CMS/select_--Select--Schedule 1Inj'

2018-05-28 13:39:44 - [TEST_STEP][PASSED] - selectOptionByIndex: All options with index in [28] are selected on object 'Object Repository/MOH AND GRN/Page_KDMC - CMS/select_--Select--Adernaline 0.'

2018-05-28 13:39:45 - [MESSAGE][PASSED] - All options with index in [28] are selected on object 'Object Repository/MOH AND GRN/Page_KDMC - CMS/select_--Select--Adernaline 0.'

2018-05-28 13:39:45 - [TEST_STEP][PASSED] - setText: Text '5000' is set on object 'Object Repository/MOH AND GRN/Page_KDMC - CMS/input_txttreat'

2018-05-28 13:39:45 - [MESSAGE][PASSED] - Text '5000' is set on object 'Object Repository/MOH AND GRN/Page_KDMC - CMS/input_txttreat'

2018-05-28 13:39:45 - [TEST_STEP][PASSED] - click: Object: 'Object Repository/MOH AND GRN/Page_KDMC - CMS/button_Add' is clicked on

2018-05-28 13:39:45 - [MESSAGE][PASSED] - Object: 'Object Repository/MOH AND GRN/Page_KDMC - CMS/button_Add' is clicked on

2018-05-28 13:39:45 - [TEST_STEP][PASSED] - selectOptionByIndex: All options with index in [9] are selected on object 'Object Repository/MOH AND GRN/Page_KDMC - CMS/select_--Select--Schedule 1Inj'

2018-05-28 13:39:45 - [MESSAGE][PASSED] - All options with index in [9] are selected on object 'Object Repository/MOH AND GRN/Page_KDMC - CMS/select_--Select--Schedule 1Inj'

2018-05-28 13:39:45 - [TEST_STEP][PASSED] - selectOptionByIndex: All options with index in [29] are selected on object 'Object Repository/MOH AND GRN/Page_KDMC - CMS/select_--Select--Adernaline 0.'

2018-05-28 13:39:46 - [MESSAGE][PASSED] - All options with index in [29] are selected on object 'Object Repository/MOH AND GRN/Page_KDMC - CMS/select_--Select--Adernaline 0.'

2018-05-28 13:39:46 - [TEST_STEP][PASSED] - setText: Text '5000' is set on object 'Object Repository/MOH AND GRN/Page_KDMC - CMS/input_txttreat'

2018-05-28 13:39:46 - [MESSAGE][PASSED] - Text '5000' is set on object 'Object Repository/MOH AND GRN/Page_KDMC - CMS/input_txttreat'

2018-05-28 13:39:46 - [TEST_STEP][PASSED] - click: Object: 'Object Repository/MOH AND GRN/Page_KDMC - CMS/button_Add' is clicked on

2018-05-28 13:39:46 - [MESSAGE][PASSED] - Object: 'Object Repository/MOH AND GRN/Page_KDMC - CMS/button_Add' is clicked on

2018-05-28 13:39:46 - [TEST_STEP][PASSED] - selectOptionByIndex: All options with index in [9] are selected on object 'Object Repository/MOH AND GRN/Page_KDMC - CMS/select_--Select--Schedule 1Inj'

2018-05-28 13:39:46 - [MESSAGE][PASSED] - All options with index in [9] are selected on object 'Object Repository/MOH AND GRN/Page_KDMC - CMS/select_--Select--Schedule 1Inj'

2018-05-28 13:39:46 - [TEST_STEP][PASSED] - selectOptionByIndex: All options with index in [30] are selected on object 'Object Repository/MOH AND GRN/Page_KDMC - CMS/select_--Select--Adernaline 0.'

2018-05-28 13:39:46 - [MESSAGE][PASSED] - All options with index in [30] are selected on object 'Object Repository/MOH AND GRN/Page_KDMC - CMS/select_--Select--Adernaline 0.'

2018-05-28 13:39:46 - [TEST_STEP][PASSED] - setText: Text '5000' is set on object 'Object Repository/MOH AND GRN/Page_KDMC - CMS/input_txttreat'

2018-05-28 13:39:46 - [MESSAGE][PASSED] - Text '5000' is set on object 'Object Repository/MOH AND GRN/Page_KDMC - CMS/input_txttreat'

2018-05-28 13:39:46 - [TEST_STEP][PASSED] - click: Object: 'Object Repository/MOH AND GRN/Page_KDMC - CMS/button_Add' is clicked on

2018-05-28 13:39:46 - [MESSAGE][PASSED] - Object: 'Object Repository/MOH AND GRN/Page_KDMC - CMS/button_Add' is clicked on

2018-05-28 13:39:46 - [TEST_STEP][PASSED] - selectOptionByIndex: All options with index in [9] are selected on object 'Object Repository/MOH AND GRN/Page_KDMC - CMS/select_--Select--Schedule 1Inj'

2018-05-28 13:39:47 - [MESSAGE][PASSED] - All options with index in [9] are selected on object 'Object Repository/MOH AND GRN/Page_KDMC - CMS/select_--Select--Schedule 1Inj'

2018-05-28 13:39:47 - [TEST_STEP][PASSED] - selectOptionByIndex: All options with index in [31] are selected on object 'Object Repository/MOH AND GRN/Page_KDMC - CMS/select_--Select--Adernaline 0.'

2018-05-28 13:39:47 - [MESSAGE][PASSED] - All options with index in [31] are selected on object 'Object Repository/MOH AND GRN/Page_KDMC - CMS/select_--Select--Adernaline 0.'

2018-05-28 13:39:47 - [TEST_STEP][PASSED] - setText: Text '5000' is set on object 'Object Repository/MOH AND GRN/Page_KDMC - CMS/input_txttreat'

2018-05-28 13:39:47 - [MESSAGE][PASSED] - Text '5000' is set on object 'Object Repository/MOH AND GRN/Page_KDMC - CMS/input_txttreat'

2018-05-28 13:39:47 - [TEST_STEP][PASSED] - click: Object: 'Object Repository/MOH AND GRN/Page_KDMC - CMS/button_Add' is clicked on

2018-05-28 13:39:47 - [MESSAGE][PASSED] - Object: 'Object Repository/MOH AND GRN/Page_KDMC - CMS/button_Add' is clicked on

2018-05-28 13:39:47 - [TEST_STEP][PASSED] - selectOptionByIndex: All options with index in [9] are selected on object 'Object Repository/MOH AND GRN/Page_KDMC - CMS/select_--Select--Schedule 1Inj'

2018-05-28 13:39:47 - [MESSAGE][PASSED] - All options with index in [9] are selected on object 'Object Repository/MOH AND GRN/Page_KDMC - CMS/select_--Select--Schedule 1Inj'

2018-05-28 13:39:47 - [TEST_STEP][PASSED] - selectOptionByIndex: All options with index in [32] are selected on object 'Object Repository/MOH AND GRN/Page_KDMC - CMS/select_--Select--Adernaline 0.'

2018-05-28 13:39:48 - [MESSAGE][PASSED] - All options with index in [32] are selected on object 'Object Repository/MOH AND GRN/Page_KDMC - CMS/select_--Select--Adernaline 0.'

2018-05-28 13:39:48 - [TEST_STEP][PASSED] - setText: Text '5000' is set on object 'Object Repository/MOH AND GRN/Page_KDMC - CMS/input_txttreat'

2018-05-28 13:39:48 - [MESSAGE][PASSED] - Text '5000' is set on object 'Object Repository/MOH AND GRN/Page_KDMC - CMS/input_txttreat'

2018-05-28 13:39:48 - [TEST_STEP][PASSED] - click: Object: 'Object Repository/MOH AND GRN/Page_KDMC - CMS/button_Add' is clicked on

2018-05-28 13:39:48 - [MESSAGE][PASSED] - Object: 'Object Repository/MOH AND GRN/Page_KDMC - CMS/button_Add' is clicked on

2018-05-28 13:39:48 - [TEST_STEP][PASSED] - selectOptionByIndex: All options with index in [9] are selected on object 'Object Repository/MOH AND GRN/Page_KDMC - CMS/select_--Select--Schedule 1Inj'

2018-05-28 13:39:48 - [MESSAGE][PASSED] - All options with index in [9] are selected on object 'Object Repository/MOH AND GRN/Page_KDMC - CMS/select_--Select--Schedule 1Inj'

2018-05-28 13:39:48 - [TEST_STEP][PASSED] - selectOptionByIndex: All options with index in [33] are selected on object 'Object Repository/MOH AND GRN/Page_KDMC - CMS/select_--Select--Adernaline 0.'

2018-05-28 13:39:49 - [MESSAGE][PASSED] - All options with index in [33] are selected on object 'Object Repository/MOH AND GRN/Page_KDMC - CMS/select_--Select--Adernaline 0.'

2018-05-28 13:39:49 - [TEST_STEP][PASSED] - setText: Text '5000' is set on object 'Object Repository/MOH AND GRN/Page_KDMC - CMS/input_txttreat'

2018-05-28 13:39:49 - [MESSAGE][PASSED] - Text '5000' is set on object 'Object Repository/MOH AND GRN/Page_KDMC - CMS/input_txttreat'

2018-05-28 13:39:49 - [TEST_STEP][PASSED] - click: Object: 'Object Repository/MOH AND GRN/Page_KDMC - CMS/button_Add' is clicked on

2018-05-28 13:39:49 - [MESSAGE][PASSED] - Object: 'Object Repository/MOH AND GRN/Page_KDMC - CMS/button_Add' is clicked on

2018-05-28 13:39:49 - [TEST_STEP][PASSED] - selectOptionByIndex: All options with index in [9] are selected on object 'Object Repository/MOH AND GRN/Page_KDMC - CMS/select_--Select--Schedule 1Inj'

2018-05-28 13:39:49 - [MESSAGE][PASSED] - All options with index in [9] are selected on object 'Object Repository/MOH AND GRN/Page_KDMC - CMS/select_--Select--Schedule 1Inj'

2018-05-28 13:39:49 - [TEST_STEP][PASSED] - selectOptionByIndex: All options with index in [34] are selected on object 'Object Repository/MOH AND GRN/Page_KDMC - CMS/select_--Select--Adernaline 0.'

2018-05-28 13:39:50 - [MESSAGE][PASSED] - All options with index in [34] are selected on object 'Object Repository/MOH AND GRN/Page_KDMC - CMS/select_--Select--Adernaline 0.'

2018-05-28 13:39:50 - [TEST_STEP][PASSED] - setText: Text '5000' is set on object 'Object Repository/MOH AND GRN/Page_KDMC - CMS/input_txttreat'

2018-05-28 13:39:50 - [MESSAGE][PASSED] - Text '5000' is set on object 'Object Repository/MOH AND GRN/Page_KDMC - CMS/input_txttreat'

2018-05-28 13:39:50 - [TEST_STEP][PASSED] - click: Object: 'Object Repository/MOH AND GRN/Page_KDMC - CMS/button_Add' is clicked on

2018-05-28 13:39:50 - [MESSAGE][PASSED] - Object: 'Object Repository/MOH AND GRN/Page_KDMC - CMS/button_Add' is clicked on

2018-05-28 13:39:50 - [TEST_STEP][PASSED] - selectOptionByIndex: All options with index in [9] are selected on object 'Object Repository/MOH AND GRN/Page_KDMC - CMS/select_--Select--Schedule 1Inj'

2018-05-28 13:39:50 - [MESSAGE][PASSED] - All options with index in [9] are selected on object 'Object Repository/MOH AND GRN/Page_KDMC - CMS/select_--Select--Schedule 1Inj'

2018-05-28 13:39:50 - [TEST_STEP][PASSED] - selectOptionByIndex: All options with index in [35] are selected on object 'Object Repository/MOH AND GRN/Page_KDMC - CMS/select_--Select--Adernaline 0.'

2018-05-28 13:39:51 - [MESSAGE][PASSED] - All options with index in [35] are selected on object 'Object Repository/MOH AND GRN/Page_KDMC - CMS/select_--Select--Adernaline 0.'

2018-05-28 13:39:51 - [TEST_STEP][PASSED] - setText: Text '5000' is set on object 'Object Repository/MOH AND GRN/Page_KDMC - CMS/input_txttreat'

2018-05-28 13:39:51 - [MESSAGE][PASSED] - Text '5000' is set on object 'Object Repository/MOH AND GRN/Page_KDMC - CMS/input_txttreat'

2018-05-28 13:39:51 - [TEST_STEP][PASSED] - click: Object: 'Object Repository/MOH AND GRN/Page_KDMC - CMS/button_Add' is clicked on

2018-05-28 13:39:51 - [MESSAGE][PASSED] - Object: 'Object Repository/MOH AND GRN/Page_KDMC - CMS/button_Add' is clicked on

2018-05-28 13:39:51 - [TEST_STEP][PASSED] - scrollToElement: Scroll to object 'Object Repository/MOH AND GRN/Page_KDMC - CMS/input_btnsave' successfully

2018-05-28 13:39:51 - [MESSAGE][PASSED] - Scroll to object 'Object Repository/MOH AND GRN/Page_KDMC - CMS/input_btnsave' successfully

2018-05-28 13:39:51 - [TEST_STEP][PASSED] - click: Object: 'Object Repository/MOH AND GRN/Page_KDMC - CMS/input_btnsave' is clicked on

2018-05-28 13:39:51 - [MESSAGE][PASSED] - Object: 'Object Repository/MOH AND GRN/Page_KDMC - CMS/input_btnsave' is clicked on

2018-05-28 13:39:51 - [TEST_STEP][PASSED] - delay: Delayed 3 second(s)

2018-05-28 13:39:54 - [MESSAGE][PASSED] - Delayed 3 second(s)

2018-05-28 13:39:54 - [TEST_STEP][PASSED] - Statement - Request1 = com.kms.katalon.core.webui.keyword.WebUiBuiltInKeywords.getText(com.kms.katalon.core.testobject.ObjectRepository.findTestObject(MOH AND GRN/Page_KDMC - CMS/font_PRNO0505201876)): Text of object 'Object Repository/MOH AND GRN/Page_KDMC - CMS/font_PRNO0505201876' is: 'PRNO/28052018/312'

2018-05-28 13:39:54 - [MESSAGE][PASSED] - Text of object 'Object Repository/MOH AND GRN/Page_KDMC - CMS/font_PRNO0505201876' is: 'PRNO/28052018/312'

2018-05-28 13:39:54 - [TEST_STEP][PASSED] - Statement - out.println("Length OF The Medicine " + Request1): null

2018-05-28 13:39:54 - [TEST_STEP][PASSED] - Statement - RequestNUmber = Request1.split("/")[2].trim(): null

2018-05-28 13:39:54 - [TEST_STEP][PASSED] - Statement - out.println("ID IS " + RequestNUmber): null

2018-05-28 13:39:54 - [TEST_STEP][PASSED] - delay: Delayed 3 second(s)

2018-05-28 13:39:57 - [MESSAGE][PASSED] - Delayed 3 second(s)

2018-05-28 13:39:57 - [TEST_STEP][PASSED] - click: Object: 'Object Repository/MOH AND GRN/Page_KDMC - CMS/button_OK' is clicked on

2018-05-28 13:39:57 - [MESSAGE][PASSED] - Object: 'Object Repository/MOH AND GRN/Page_KDMC - CMS/button_OK' is clicked on

2018-05-28 13:39:57 - [TEST_STEP][PASSED] - click: Object: 'Object Repository/MOH AND GRN/Page_KDMC - CMS/a_dropdown-toggle' is clicked on

2018-05-28 13:39:59 - [MESSAGE][PASSED] - Object: 'Object Repository/MOH AND GRN/Page_KDMC - CMS/a_dropdown-toggle' is clicked on

2018-05-28 13:39:59 - [TEST_STEP][PASSED] - click: Object: 'Object Repository/MOH AND GRN/Page_KDMC - CMS/a_Sign out' is clicked on

2018-05-28 13:40:00 - [MESSAGE][PASSED] - Object: 'Object Repository/MOH AND GRN/Page_KDMC - CMS/a_Sign out' is clicked on

2018-05-28 13:40:00 - [TEST_STEP][PASSED] - delay: Delayed 4 second(s)

2018-05-28 13:40:04 - [MESSAGE][PASSED] - Delayed 4 second(s)

2018-05-28 13:40:04 - [TEST_STEP][PASSED] - click: Object: 'Object Repository/MOH AND GRN/Page_KDMC/a_Admin Master' is clicked on

2018-05-28 13:40:04 - [MESSAGE][PASSED] - Object: 'Object Repository/MOH AND GRN/Page_KDMC/a_Admin Master' is clicked on

2018-05-28 13:40:04 - [TEST_STEP][PASSED] - setText: Text 'admin' is set on object 'Object Repository/MOH AND GRN/Page_Admin login/input_txtusername'

2018-05-28 13:40:04 - [MESSAGE][PASSED] - Text 'admin' is set on object 'Object Repository/MOH AND GRN/Page_Admin login/input_txtusername'

2018-05-28 13:40:04 - [TEST_STEP][PASSED] - setText: Text 'admin123' is set on object 'Object Repository/MOH AND GRN/Page_Admin login/input_txtpassword'

2018-05-28 13:40:04 - [MESSAGE][PASSED] - Text 'admin123' is set on object 'Object Repository/MOH AND GRN/Page_Admin login/input_txtpassword'

2018-05-28 13:40:04 - [TEST_STEP][PASSED] - delay: Delayed 3 second(s)

2018-05-28 13:40:07 - [MESSAGE][PASSED] - Delayed 3 second(s)

2018-05-28 13:40:07 - [TEST_STEP][PASSED] - click: Object: 'Object Repository/MOH AND GRN/Page_Admin login/button_Sign in' is clicked on

2018-05-28 13:40:08 - [MESSAGE][PASSED] - Object: 'Object Repository/MOH AND GRN/Page_Admin login/button_Sign in' is clicked on

2018-05-28 13:40:08 - [TEST_STEP][PASSED] - delay: Delayed 20 second(s)

2018-05-28 13:40:28 - [MESSAGE][PASSED] - Delayed 20 second(s)

2018-05-28 13:40:28 - [TEST_STEP][PASSED] - scrollToPosition: Browser is scrolled to position x = 200, y = 200

2018-05-28 13:40:29 - [MESSAGE][PASSED] - Browser is scrolled to position x = 200, y = 200

2018-05-28 13:40:29 - [TEST_STEP][PASSED] - click: Object: 'Object Repository/MOH AND GRN/Page_KDMC/a_CMS_1' is clicked on

2018-05-28 13:40:29 - [MESSAGE][PASSED] - Object: 'Object Repository/MOH AND GRN/Page_KDMC/a_CMS_1' is clicked on

2018-05-28 13:40:29 - [TEST_STEP][PASSED] - click: Object: 'Object Repository/MOH AND GRN/Page_KDMC/a_Request List' is clicked on

2018-05-28 13:40:30 - [MESSAGE][PASSED] - Object: 'Object Repository/MOH AND GRN/Page_KDMC/a_Request List' is clicked on

2018-05-28 13:40:30 - [TEST_STEP][PASSED] - Statement - RequestNumberId = com.kms.katalon.core.webui.keyword.WebUiBuiltInKeywords.modifyObjectProperty(com.kms.katalon.core.testobject.ObjectRepository.findTestObject(MOH AND GRN/Page_KDMC - CMS/input_PO0032), "xpath", "equals", "//*[@id =" + RequestNUmber + "]", true): Modify property of object successfully

2018-05-28 13:40:30 - [MESSAGE][PASSED] - Modify property of object successfully

2018-05-28 13:40:30 - [TEST_STEP][PASSED] - click: Object: 'Object Repository/MOH AND GRN/Page_KDMC - CMS/input_PO0032' is clicked on

2018-05-28 13:40:30 - [MESSAGE][PASSED] - Object: 'Object Repository/MOH AND GRN/Page_KDMC - CMS/input_PO0032' is clicked on

2018-05-28 13:40:30 - [TEST_STEP][PASSED] - delay: Delayed 3 second(s)

2018-05-28 13:40:33 - [MESSAGE][PASSED] - Delayed 3 second(s)

2018-05-28 13:40:33 - [TEST_STEP][PASSED] - selectOptionByIndex: All options with index in [1] are selected on object 'Object Repository/MOH AND GRN/Page_KDMC/select_--Select--'

2018-05-28 13:40:33 - [MESSAGE][PASSED] - All options with index in [1] are selected on object 'Object Repository/MOH AND GRN/Page_KDMC/select_--Select--'

2018-05-28 13:40:33 - [TEST_STEP][PASSED] - click: Object: 'Object Repository/MOH AND GRN/Page_KDMC/input_btnupdate' is clicked on

2018-05-28 13:40:33 - [MESSAGE][PASSED] - Object: 'Object Repository/MOH AND GRN/Page_KDMC/input_btnupdate' is clicked on

2018-05-28 13:40:33 - [TEST_STEP][PASSED] - delay: Delayed 3 second(s)

2018-05-28 13:40:36 - [MESSAGE][PASSED] - Delayed 3 second(s)

2018-05-28 13:40:36 - [TEST_STEP][PASSED] - click: Object: 'Object Repository/MOH AND GRN/Page_KDMC/button_OK' is clicked on

2018-05-28 13:40:37 - [MESSAGE][PASSED] - Object: 'Object Repository/MOH AND GRN/Page_KDMC/button_OK' is clicked on

2018-05-28 13:40:37 - [TEST_STEP][PASSED] - delay: Delayed 3 second(s)

2018-05-28 13:40:40 - [MESSAGE][PASSED] - Delayed 3 second(s)

2018-05-28 13:40:40 - [TEST_STEP][PASSED] - scrollToPosition: Browser is scrolled to position x = 200, y = 200

2018-05-28 13:40:40 - [MESSAGE][PASSED] - Browser is scrolled to position x = 200, y = 200

2018-05-28 13:40:40 - [TEST_STEP][PASSED] - click: Object: 'Object Repository/MOH AND GRN/Page_KDMC/a_CMS_2' is clicked on

2018-05-28 13:40:40 - [MESSAGE][PASSED] - Object: 'Object Repository/MOH AND GRN/Page_KDMC/a_CMS_2' is clicked on

2018-05-28 13:40:40 - [TEST_STEP][PASSED] - delay: Delayed 2 second(s)

2018-05-28 13:40:42 - [MESSAGE][PASSED] - Delayed 2 second(s)

2018-05-28 13:40:42 - [TEST_STEP][PASSED] - click: Object: 'Object Repository/MOH AND GRN/Page_KDMC/a_Generate P.O' is clicked on

2018-05-28 13:40:43 - [MESSAGE][PASSED] - Object: 'Object Repository/MOH AND GRN/Page_KDMC/a_Generate P.O' is clicked on

2018-05-28 13:40:43 - [TEST_STEP][PASSED] - delay: Delayed 2 second(s)

2018-05-28 13:40:45 - [MESSAGE][PASSED] - Delayed 2 second(s)

2018-05-28 13:40:45 - [TEST_STEP][PASSED] - selectOptionByIndex: All options with index in [1] are selected on object 'Object Repository/MOH AND GRN/Page_KDMC/select_--Select--PRNO040520183'

2018-05-28 13:40:45 - [MESSAGE][PASSED] - All options with index in [1] are selected on object 'Object Repository/MOH AND GRN/Page_KDMC/select_--Select--PRNO040520183'

2018-05-28 13:40:45 - [TEST_STEP][PASSED] - selectOptionByIndex: All options with index in [12] are selected on object 'Object Repository/MOH AND GRN/Page_KDMC/select_--Select--Hamen Chandra'

2018-05-28 13:40:45 - [MESSAGE][PASSED] - All options with index in [12] are selected on object 'Object Repository/MOH AND GRN/Page_KDMC/select_--Select--Hamen Chandra'

2018-05-28 13:40:45 - [TEST_STEP][PASSED] - Statement - PONumber = com.kms.katalon.core.webui.keyword.WebUiBuiltInKeywords.getText(com.kms.katalon.core.testobject.ObjectRepository.findTestObject(MOH AND GRN/Page_KDMC/input_lblpono)).trim(): Text of object 'Object Repository/MOH AND GRN/Page_KDMC/input_lblpono' is: ''

2018-05-28 13:40:45 - [MESSAGE][PASSED] - Text of object 'Object Repository/MOH AND GRN/Page_KDMC/input_lblpono' is: ''

2018-05-28 13:40:45 - [TEST_STEP][PASSED] - Statement - PONumber1 = com.kms.katalon.core.webui.keyword.WebUiBuiltInKeywords.getAttribute(com.kms.katalon.core.testobject.ObjectRepository.findTestObject(MOH AND GRN/Page_KDMC/input_lblpono), "value").trim(): Attribute 'value' of object 'Object Repository/MOH AND GRN/Page_KDMC/input_lblpono' is: 'PO00164'

2018-05-28 13:40:46 - [MESSAGE][PASSED] - Attribute 'value' of object 'Object Repository/MOH AND GRN/Page_KDMC/input_lblpono' is: 'PO00164'

2018-05-28 13:40:46 - [TEST_STEP][PASSED] - Statement - out.println("PO NUMBER :" + PONumber): null

2018-05-28 13:40:46 - [TEST_STEP][PASSED] - Statement - out.println("PO NUMBER :" + PONumber1): null

2018-05-28 13:40:46 - [TEST_STEP][PASSED] - click: Object: 'Object Repository/MOH AND GRN/Page_KDMC/input_chkrem' is clicked on

2018-05-28 13:40:46 - [MESSAGE][PASSED] - Object: 'Object Repository/MOH AND GRN/Page_KDMC/input_chkrem' is clicked on

2018-05-28 13:40:46 - [TEST_STEP][PASSED] - scrollToElement: Scroll to object 'Object Repository/MOH AND GRN/Page_KDMC/input_btnreturn' successfully

2018-05-28 13:40:46 - [MESSAGE][PASSED] - Scroll to object 'Object Repository/MOH AND GRN/Page_KDMC/input_btnreturn' successfully

2018-05-28 13:40:46 - [TEST_STEP][PASSED] - click: Object: 'Object Repository/MOH AND GRN/Page_KDMC/input_btnreturn' is clicked on

2018-05-28 13:40:46 - [MESSAGE][PASSED] - Object: 'Object Repository/MOH AND GRN/Page_KDMC/input_btnreturn' is clicked on

2018-05-28 13:40:46 - [TEST_STEP][PASSED] - delay: Delayed 3 second(s)

2018-05-28 13:40:49 - [MESSAGE][PASSED] - Delayed 3 second(s)

2018-05-28 13:40:49 - [TEST_STEP][PASSED] - click: Object: 'Object Repository/MOH AND GRN/Page_KDMC/button_Yes' is clicked on

2018-05-28 13:40:49 - [MESSAGE][PASSED] - Object: 'Object Repository/MOH AND GRN/Page_KDMC/button_Yes' is clicked on

2018-05-28 13:40:49 - [TEST_STEP][PASSED] - delay: Delayed 3 second(s)

2018-05-28 13:40:52 - [MESSAGE][PASSED] - Delayed 3 second(s)

2018-05-28 13:40:52 - [TEST_STEP][PASSED] - click: Object: 'Object Repository/MOH AND GRN/Page_KDMC/button_OK' is clicked on

2018-05-28 13:40:52 - [MESSAGE][PASSED] - Object: 'Object Repository/MOH AND GRN/Page_KDMC/button_OK' is clicked on

2018-05-28 13:40:52 - [TEST_STEP][PASSED] - delay: Delayed 3 second(s)

2018-05-28 13:40:55 - [MESSAGE][PASSED] - Delayed 3 second(s)

2018-05-28 13:40:55 - [TEST_STEP][PASSED] - click: Object: 'Object Repository/MOH AND GRN/Page_KDMC/a_dropdown-toggle' is clicked on

2018-05-28 13:40:56 - [MESSAGE][PASSED] - Object: 'Object Repository/MOH AND GRN/Page_KDMC/a_dropdown-toggle' is clicked on

2018-05-28 13:40:56 - [TEST_STEP][PASSED] - click: Object: 'Object Repository/MOH AND GRN/Page_KDMC/a_Sign out' is clicked on

2018-05-28 13:40:56 - [MESSAGE][PASSED] - Object: 'Object Repository/MOH AND GRN/Page_KDMC/a_Sign out' is clicked on

2018-05-28 13:40:56 - [TEST_STEP][PASSED] - delay: Delayed 4 second(s)

2018-05-28 13:41:00 - [MESSAGE][PASSED] - Delayed 4 second(s)

2018-05-28 13:41:00 - [TEST_STEP][PASSED] - click: Object: 'Object Repository/MOH AND GRN/Page_KDMC/a_CMS' is clicked on

2018-05-28 13:41:01 - [MESSAGE][PASSED] - Object: 'Object Repository/MOH AND GRN/Page_KDMC/a_CMS' is clicked on

2018-05-28 13:41:01 - [TEST_STEP][PASSED] - setText: Text 'bala' is set on object 'Object Repository/MOH AND GRN/Page_CMS login/input_txtusername'

2018-05-28 13:41:01 - [MESSAGE][PASSED] - Text 'bala' is set on object 'Object Repository/MOH AND GRN/Page_CMS login/input_txtusername'

2018-05-28 13:41:01 - [TEST_STEP][PASSED] - setText: Text '123' is set on object 'Object Repository/MOH AND GRN/Page_CMS login/input_txtpassword'

2018-05-28 13:41:01 - [MESSAGE][PASSED] - Text '123' is set on object 'Object Repository/MOH AND GRN/Page_CMS login/input_txtpassword'

2018-05-28 13:41:01 - [TEST_STEP][PASSED] - delay: Delayed 3 second(s)

2018-05-28 13:41:04 - [MESSAGE][PASSED] - Delayed 3 second(s)

2018-05-28 13:41:04 - [TEST_STEP][PASSED] - click: Object: 'Object Repository/MOH AND GRN/Page_CMS login/button_Sign in' is clicked on

2018-05-28 13:41:05 - [MESSAGE][PASSED] - Object: 'Object Repository/MOH AND GRN/Page_CMS login/button_Sign in' is clicked on

2018-05-28 13:41:05 - [TEST_STEP][PASSED] - click: Object: 'Object Repository/MOH AND GRN/Page_KDMC - CMS/a_CMS Details' is clicked on

2018-05-28 13:41:05 - [MESSAGE][PASSED] - Object: 'Object Repository/MOH AND GRN/Page_KDMC - CMS/a_CMS Details' is clicked on

2018-05-28 13:41:05 - [TEST_STEP][PASSED] - delay: Delayed 2 second(s)

2018-05-28 13:41:07 - [MESSAGE][PASSED] - Delayed 2 second(s)

2018-05-28 13:41:07 - [TEST_STEP][PASSED] - click: Object: 'Object Repository/MOH AND GRN/Page_KDMC - CMS/a_Goods Receive' is clicked on

2018-05-28 13:41:08 - [MESSAGE][PASSED] - Object: 'Object Repository/MOH AND GRN/Page_KDMC - CMS/a_Goods Receive' is clicked on

2018-05-28 13:41:08 - [TEST_STEP][PASSED] - delay: Delayed 2 second(s)

2018-05-28 13:41:10 - [MESSAGE][PASSED] - Delayed 2 second(s)

2018-05-28 13:41:10 - [TEST_STEP][PASSED] - selectOptionByLabel: All options with label 'PO00164' are selected in object 'Object Repository/MOH AND GRN/Page_KDMC - CMS/select_--Select--PO0032PO0031P' 

2018-05-28 13:41:10 - [MESSAGE][PASSED] - All options with label 'PO00164' are selected in object 'Object Repository/MOH AND GRN/Page_KDMC - CMS/select_--Select--PO0032PO0031P' 

2018-05-28 13:41:10 - [TEST_STEP][PASSED] - setText: Finding Test Object with id 'Object Repository/MOH AND GRN/Page_KDMC - CMS/input_txtgrnno'

2018-05-28 13:41:10 - [TEST_STEP][PASSED] - Statement - switch (id): Text 'INV795.0' is set on object 'Object Repository/MOH AND GRN/Page_KDMC - CMS/input_txtgrnno'

2018-05-28 13:41:10 - [TEST_STEP][PASSED] - Statement - case 2:: Text 'INV795.0' is set on object 'Object Repository/MOH AND GRN/Page_KDMC - CMS/input_txtgrnno'

2018-05-28 13:41:10 - [TEST_STEP][PASSED] - Statement - return (java.lang.Math.floor((java.lang.Math.random() * ((max - min) + 1))) + min): Text 'INV795.0' is set on object 'Object Repository/MOH AND GRN/Page_KDMC - CMS/input_txtgrnno'

2018-05-28 13:41:10 - [MESSAGE][PASSED] - Text 'INV795.0' is set on object 'Object Repository/MOH AND GRN/Page_KDMC - CMS/input_txtgrnno'

2018-05-28 13:41:10 - [TEST_STEP][PASSED] - selectOptionByIndex: All options with index in [1] are selected on object 'Object Repository/MOH AND GRN/Page_KDMC - CMS/select_--Select--PERUMAL PHARM'

2018-05-28 13:41:10 - [MESSAGE][PASSED] - All options with index in [1] are selected on object 'Object Repository/MOH AND GRN/Page_KDMC - CMS/select_--Select--PERUMAL PHARM'

2018-05-28 13:41:10 - [TEST_STEP][PASSED] - setText: Text '19500' is set on object 'Object Repository/MOH AND GRN/Page_KDMC - CMS/input_txtgrnno_1'

2018-05-28 13:41:10 - [MESSAGE][PASSED] - Text '19500' is set on object 'Object Repository/MOH AND GRN/Page_KDMC - CMS/input_txtgrnno_1'

2018-05-28 13:41:10 - [TEST_STEP][PASSED] - setText: Text '650' is set on object 'Object Repository/MOH AND GRN/Page_KDMC - CMS/input_txtgrnno_2'

2018-05-28 13:41:10 - [MESSAGE][PASSED] - Text '650' is set on object 'Object Repository/MOH AND GRN/Page_KDMC - CMS/input_txtgrnno_2'

2018-05-28 13:41:10 - [TEST_STEP][PASSED] - setText: Finding Test Object with id 'Object Repository/MOH AND GRN/Page_KDMC - CMS/input_txtgrnno_3'

2018-05-28 13:41:10 - [TEST_STEP][PASSED] - Statement - switch (id): Text 'CH220.0' is set on object 'Object Repository/MOH AND GRN/Page_KDMC - CMS/input_txtgrnno_3'

2018-05-28 13:41:10 - [TEST_STEP][PASSED] - Statement - case 3:: Text 'CH220.0' is set on object 'Object Repository/MOH AND GRN/Page_KDMC - CMS/input_txtgrnno_3'

2018-05-28 13:41:10 - [TEST_STEP][PASSED] - Statement - return (java.lang.Math.floor((java.lang.Math.random() * ((max - min) + 1))) + min): Text 'CH220.0' is set on object 'Object Repository/MOH AND GRN/Page_KDMC - CMS/input_txtgrnno_3'

2018-05-28 13:41:10 - [MESSAGE][PASSED] - Text 'CH220.0' is set on object 'Object Repository/MOH AND GRN/Page_KDMC - CMS/input_txtgrnno_3'

2018-05-28 13:41:10 - [TEST_STEP][PASSED] - scrollToPosition: Browser is scrolled to position x = 200, y = 200

2018-05-28 13:41:10 - [MESSAGE][PASSED] - Browser is scrolled to position x = 200, y = 200

2018-05-28 13:41:10 - [TEST_STEP][PASSED] - Statement - GrnLength = com.kms.katalon.core.webui.keyword.WebUiBuiltInKeywords.getNumberOfTotalOption(com.kms.katalon.core.testobject.ObjectRepository.findTestObject(MOH AND GRN/Page_KDMC - CMS/select_--Select--Amikacin -500)): 36 options of object 'Object Repository/MOH AND GRN/Page_KDMC - CMS/select_--Select--Amikacin -500' counted

2018-05-28 13:41:10 - [MESSAGE][PASSED] - 36 options of object 'Object Repository/MOH AND GRN/Page_KDMC - CMS/select_--Select--Amikacin -500' counted

2018-05-28 13:41:10 - [TEST_STEP][PASSED] - Statement - out.println("Length OF The Medicine " + GrnLength): null

2018-05-28 13:41:10 - [TEST_STEP][PASSED] - Statement - s = 1: null

2018-05-28 13:41:10 - [TEST_STEP][PASSED] - Statement - For ([t = 1, t < GrnLength, (t++)]): Finding Test Object with id 'Object Repository/MOH AND GRN/Page_KDMC - CMS/input_txtmrp'

2018-05-28 13:41:10 - [TEST_STEP][PASSED] - selectOptionByIndex: All options with index in [1] are selected on object 'Object Repository/MOH AND GRN/Page_KDMC - CMS/select_--Select--Amikacin -500'

2018-05-28 13:41:11 - [MESSAGE][PASSED] - All options with index in [1] are selected on object 'Object Repository/MOH AND GRN/Page_KDMC - CMS/select_--Select--Amikacin -500'

2018-05-28 13:41:11 - [TEST_STEP][PASSED] - setText: Text '5000' is set on object 'Object Repository/MOH AND GRN/Page_KDMC - CMS/input_txtqty'

2018-05-28 13:41:11 - [MESSAGE][PASSED] - Text '5000' is set on object 'Object Repository/MOH AND GRN/Page_KDMC - CMS/input_txtqty'

2018-05-28 13:41:11 - [TEST_STEP][PASSED] - selectOptionByIndex: All options with index in [1] are selected on object 'Object Repository/MOH AND GRN/Page_KDMC - CMS/select_--Select--No Tax0'

2018-05-28 13:41:11 - [MESSAGE][PASSED] - All options with index in [1] are selected on object 'Object Repository/MOH AND GRN/Page_KDMC - CMS/select_--Select--No Tax0'

2018-05-28 13:41:11 - [TEST_STEP][PASSED] - setText: Finding Test Object with id 'Object Repository/MOH AND GRN/Page_KDMC - CMS/input_txtmrp'

2018-05-28 13:41:11 - [TEST_STEP][PASSED] - Statement - switch (id): Finding Test Object with id 'Object Repository/MOH AND GRN/Page_KDMC - CMS/input_txtdeal'

2018-05-28 13:41:11 - [TEST_STEP][PASSED] - Statement - case 4:: Text '16.0' is set on object 'Object Repository/MOH AND GRN/Page_KDMC - CMS/input_txtmrp'

2018-05-28 13:41:11 - [TEST_STEP][PASSED] - Statement - return (java.lang.Math.floor((java.lang.Math.random() * ((max - min) + 1))) + min): Text '16.0' is set on object 'Object Repository/MOH AND GRN/Page_KDMC - CMS/input_txtmrp'

2018-05-28 13:41:11 - [MESSAGE][PASSED] - Text '16.0' is set on object 'Object Repository/MOH AND GRN/Page_KDMC - CMS/input_txtmrp'

2018-05-28 13:41:11 - [TEST_STEP][PASSED] - setText: Finding Test Object with id 'Object Repository/MOH AND GRN/Page_KDMC - CMS/input_txtdeal'

2018-05-28 13:41:11 - [TEST_STEP][PASSED] - Statement - switch (id): Finding Test Object with id 'Object Repository/MOH AND GRN/Page_KDMC - CMS/input_txtbatchno'

2018-05-28 13:41:11 - [TEST_STEP][PASSED] - Statement - case 5:: Text '8.0' is set on object 'Object Repository/MOH AND GRN/Page_KDMC - CMS/input_txtdeal'

2018-05-28 13:41:11 - [TEST_STEP][PASSED] - Statement - return (java.lang.Math.floor((java.lang.Math.random() * ((max - min) + 1))) + min): Text '8.0' is set on object 'Object Repository/MOH AND GRN/Page_KDMC - CMS/input_txtdeal'

2018-05-28 13:41:11 - [MESSAGE][PASSED] - Text '8.0' is set on object 'Object Repository/MOH AND GRN/Page_KDMC - CMS/input_txtdeal'

2018-05-28 13:41:11 - [TEST_STEP][PASSED] - setText: Finding Test Object with id 'Object Repository/MOH AND GRN/Page_KDMC - CMS/input_txtbatchno'

2018-05-28 13:41:11 - [TEST_STEP][PASSED] - Statement - switch (id): Finding Test Object with id 'Object Repository/MOH AND GRN/Page_KDMC - CMS/input_txtmrp'

2018-05-28 13:41:11 - [TEST_STEP][PASSED] - Statement - case 1:: Text 'BA747.0' is set on object 'Object Repository/MOH AND GRN/Page_KDMC - CMS/input_txtbatchno'

2018-05-28 13:41:11 - [TEST_STEP][PASSED] - Statement - return (java.lang.Math.floor((java.lang.Math.random() * ((max - min) + 1))) + min): Text 'BA747.0' is set on object 'Object Repository/MOH AND GRN/Page_KDMC - CMS/input_txtbatchno'

2018-05-28 13:41:11 - [MESSAGE][PASSED] - Text 'BA747.0' is set on object 'Object Repository/MOH AND GRN/Page_KDMC - CMS/input_txtbatchno'

2018-05-28 13:41:11 - [TEST_STEP][PASSED] - rightClick: Object: 'Object Repository/GRN/Page_KDMC - CMS/input_txtexpdate' is right clicked on

2018-05-28 13:41:11 - [MESSAGE][PASSED] - Object: 'Object Repository/GRN/Page_KDMC - CMS/input_txtexpdate' is right clicked on

2018-05-28 13:41:11 - [TEST_STEP][PASSED] - selectOptionByIndex: All options with index in [1] are selected on object 'Object Repository/GRN/Page_KDMC - CMS/select_20182019202020212022202'

2018-05-28 13:41:12 - [MESSAGE][PASSED] - All options with index in [1] are selected on object 'Object Repository/GRN/Page_KDMC - CMS/select_20182019202020212022202'

2018-05-28 13:41:12 - [TEST_STEP][PASSED] - selectOptionByIndex: All options with index in [1] are selected on object 'Object Repository/GRN/Page_KDMC - CMS/select_JanFebMarAprMayJunJulAu'

2018-05-28 13:41:12 - [MESSAGE][PASSED] - All options with index in [1] are selected on object 'Object Repository/GRN/Page_KDMC - CMS/select_JanFebMarAprMayJunJulAu'

2018-05-28 13:41:12 - [TEST_STEP][PASSED] - click: Object: 'Object Repository/MOH AND GRN/Page_KDMC - CMS/a_12' is clicked on

2018-05-28 13:41:12 - [MESSAGE][PASSED] - Object: 'Object Repository/MOH AND GRN/Page_KDMC - CMS/a_12' is clicked on

2018-05-28 13:41:12 - [TEST_STEP][PASSED] - click: Object: 'Object Repository/MOH AND GRN/Page_KDMC - CMS/input_btnadd' is clicked on

2018-05-28 13:41:12 - [MESSAGE][PASSED] - Object: 'Object Repository/MOH AND GRN/Page_KDMC - CMS/input_btnadd' is clicked on

2018-05-28 13:41:12 - [TEST_STEP][PASSED] - Statement - If (s == 10): null

2018-05-28 13:41:12 - [TEST_STEP][PASSED] - Statement - Else: null

2018-05-28 13:41:12 - [TEST_STEP][PASSED] - Statement - (s++): null

2018-05-28 13:41:12 - [TEST_STEP][PASSED] - delay: Delayed 1 second(s)

2018-05-28 13:41:13 - [MESSAGE][PASSED] - Delayed 1 second(s)

2018-05-28 13:41:13 - [TEST_STEP][PASSED] - selectOptionByIndex: All options with index in [2] are selected on object 'Object Repository/MOH AND GRN/Page_KDMC - CMS/select_--Select--Amikacin -500'

2018-05-28 13:41:13 - [MESSAGE][PASSED] - All options with index in [2] are selected on object 'Object Repository/MOH AND GRN/Page_KDMC - CMS/select_--Select--Amikacin -500'

2018-05-28 13:41:13 - [TEST_STEP][PASSED] - setText: Text '5000' is set on object 'Object Repository/MOH AND GRN/Page_KDMC - CMS/input_txtqty'

2018-05-28 13:41:13 - [MESSAGE][PASSED] - Text '5000' is set on object 'Object Repository/MOH AND GRN/Page_KDMC - CMS/input_txtqty'

2018-05-28 13:41:13 - [TEST_STEP][PASSED] - selectOptionByIndex: All options with index in [1] are selected on object 'Object Repository/MOH AND GRN/Page_KDMC - CMS/select_--Select--No Tax0'

2018-05-28 13:41:13 - [MESSAGE][PASSED] - All options with index in [1] are selected on object 'Object Repository/MOH AND GRN/Page_KDMC - CMS/select_--Select--No Tax0'

2018-05-28 13:41:13 - [TEST_STEP][PASSED] - setText: Finding Test Object with id 'Object Repository/MOH AND GRN/Page_KDMC - CMS/input_txtmrp'

2018-05-28 13:41:13 - [TEST_STEP][PASSED] - Statement - switch (id): Finding Test Object with id 'Object Repository/MOH AND GRN/Page_KDMC - CMS/input_txtdeal'

2018-05-28 13:41:13 - [TEST_STEP][PASSED] - Statement - case 4:: Text '21.0' is set on object 'Object Repository/MOH AND GRN/Page_KDMC - CMS/input_txtmrp'

2018-05-28 13:41:13 - [TEST_STEP][PASSED] - Statement - return (java.lang.Math.floor((java.lang.Math.random() * ((max - min) + 1))) + min): Text '21.0' is set on object 'Object Repository/MOH AND GRN/Page_KDMC - CMS/input_txtmrp'

2018-05-28 13:41:13 - [MESSAGE][PASSED] - Text '21.0' is set on object 'Object Repository/MOH AND GRN/Page_KDMC - CMS/input_txtmrp'

2018-05-28 13:41:13 - [TEST_STEP][PASSED] - setText: Finding Test Object with id 'Object Repository/MOH AND GRN/Page_KDMC - CMS/input_txtdeal'

2018-05-28 13:41:13 - [TEST_STEP][PASSED] - Statement - switch (id): Finding Test Object with id 'Object Repository/MOH AND GRN/Page_KDMC - CMS/input_txtbatchno'

2018-05-28 13:41:13 - [TEST_STEP][PASSED] - Statement - case 5:: Text '10.0' is set on object 'Object Repository/MOH AND GRN/Page_KDMC - CMS/input_txtdeal'

2018-05-28 13:41:13 - [TEST_STEP][PASSED] - Statement - return (java.lang.Math.floor((java.lang.Math.random() * ((max - min) + 1))) + min): Text '10.0' is set on object 'Object Repository/MOH AND GRN/Page_KDMC - CMS/input_txtdeal'

2018-05-28 13:41:13 - [MESSAGE][PASSED] - Text '10.0' is set on object 'Object Repository/MOH AND GRN/Page_KDMC - CMS/input_txtdeal'

2018-05-28 13:41:13 - [TEST_STEP][PASSED] - setText: Finding Test Object with id 'Object Repository/MOH AND GRN/Page_KDMC - CMS/input_txtbatchno'

2018-05-28 13:41:13 - [TEST_STEP][PASSED] - Statement - switch (id): Finding Test Object with id 'Object Repository/MOH AND GRN/Page_KDMC - CMS/input_txtmrp'

2018-05-28 13:41:13 - [TEST_STEP][PASSED] - Statement - case 1:: Text 'BA569.0' is set on object 'Object Repository/MOH AND GRN/Page_KDMC - CMS/input_txtbatchno'

2018-05-28 13:41:13 - [TEST_STEP][PASSED] - Statement - return (java.lang.Math.floor((java.lang.Math.random() * ((max - min) + 1))) + min): Text 'BA569.0' is set on object 'Object Repository/MOH AND GRN/Page_KDMC - CMS/input_txtbatchno'

2018-05-28 13:41:14 - [MESSAGE][PASSED] - Text 'BA569.0' is set on object 'Object Repository/MOH AND GRN/Page_KDMC - CMS/input_txtbatchno'

2018-05-28 13:41:14 - [TEST_STEP][PASSED] - rightClick: Object: 'Object Repository/GRN/Page_KDMC - CMS/input_txtexpdate' is right clicked on

2018-05-28 13:41:14 - [MESSAGE][PASSED] - Object: 'Object Repository/GRN/Page_KDMC - CMS/input_txtexpdate' is right clicked on

2018-05-28 13:41:14 - [TEST_STEP][PASSED] - selectOptionByIndex: All options with index in [2] are selected on object 'Object Repository/GRN/Page_KDMC - CMS/select_20182019202020212022202'

2018-05-28 13:41:14 - [MESSAGE][PASSED] - All options with index in [2] are selected on object 'Object Repository/GRN/Page_KDMC - CMS/select_20182019202020212022202'

2018-05-28 13:41:14 - [TEST_STEP][PASSED] - selectOptionByIndex: All options with index in [2] are selected on object 'Object Repository/GRN/Page_KDMC - CMS/select_JanFebMarAprMayJunJulAu'

2018-05-28 13:41:14 - [MESSAGE][PASSED] - All options with index in [2] are selected on object 'Object Repository/GRN/Page_KDMC - CMS/select_JanFebMarAprMayJunJulAu'

2018-05-28 13:41:14 - [TEST_STEP][PASSED] - click: Object: 'Object Repository/MOH AND GRN/Page_KDMC - CMS/a_12' is clicked on

2018-05-28 13:41:14 - [MESSAGE][PASSED] - Object: 'Object Repository/MOH AND GRN/Page_KDMC - CMS/a_12' is clicked on

2018-05-28 13:41:14 - [TEST_STEP][PASSED] - click: Object: 'Object Repository/MOH AND GRN/Page_KDMC - CMS/input_btnadd' is clicked on

2018-05-28 13:41:14 - [MESSAGE][PASSED] - Object: 'Object Repository/MOH AND GRN/Page_KDMC - CMS/input_btnadd' is clicked on

2018-05-28 13:41:14 - [TEST_STEP][PASSED] - Statement - If (s == 10): null

2018-05-28 13:41:14 - [TEST_STEP][PASSED] - Statement - Else: null

2018-05-28 13:41:14 - [TEST_STEP][PASSED] - Statement - (s++): null

2018-05-28 13:41:14 - [TEST_STEP][PASSED] - delay: Delayed 1 second(s)

2018-05-28 13:41:15 - [MESSAGE][PASSED] - Delayed 1 second(s)

2018-05-28 13:41:15 - [TEST_STEP][PASSED] - selectOptionByIndex: All options with index in [3] are selected on object 'Object Repository/MOH AND GRN/Page_KDMC - CMS/select_--Select--Amikacin -500'

2018-05-28 13:41:15 - [MESSAGE][PASSED] - All options with index in [3] are selected on object 'Object Repository/MOH AND GRN/Page_KDMC - CMS/select_--Select--Amikacin -500'

2018-05-28 13:41:15 - [TEST_STEP][PASSED] - setText: Text '5000' is set on object 'Object Repository/MOH AND GRN/Page_KDMC - CMS/input_txtqty'

2018-05-28 13:41:15 - [MESSAGE][PASSED] - Text '5000' is set on object 'Object Repository/MOH AND GRN/Page_KDMC - CMS/input_txtqty'

2018-05-28 13:41:15 - [TEST_STEP][PASSED] - selectOptionByIndex: All options with index in [1] are selected on object 'Object Repository/MOH AND GRN/Page_KDMC - CMS/select_--Select--No Tax0'

2018-05-28 13:41:15 - [MESSAGE][PASSED] - All options with index in [1] are selected on object 'Object Repository/MOH AND GRN/Page_KDMC - CMS/select_--Select--No Tax0'

2018-05-28 13:41:15 - [TEST_STEP][PASSED] - setText: Finding Test Object with id 'Object Repository/MOH AND GRN/Page_KDMC - CMS/input_txtmrp'

2018-05-28 13:41:15 - [TEST_STEP][PASSED] - Statement - switch (id): Finding Test Object with id 'Object Repository/MOH AND GRN/Page_KDMC - CMS/input_txtdeal'

2018-05-28 13:41:15 - [TEST_STEP][PASSED] - Statement - case 4:: Text '21.0' is set on object 'Object Repository/MOH AND GRN/Page_KDMC - CMS/input_txtmrp'

2018-05-28 13:41:15 - [TEST_STEP][PASSED] - Statement - return (java.lang.Math.floor((java.lang.Math.random() * ((max - min) + 1))) + min): Text '21.0' is set on object 'Object Repository/MOH AND GRN/Page_KDMC - CMS/input_txtmrp'

2018-05-28 13:41:16 - [MESSAGE][PASSED] - Text '21.0' is set on object 'Object Repository/MOH AND GRN/Page_KDMC - CMS/input_txtmrp'

2018-05-28 13:41:16 - [TEST_STEP][PASSED] - setText: Finding Test Object with id 'Object Repository/MOH AND GRN/Page_KDMC - CMS/input_txtdeal'

2018-05-28 13:41:16 - [TEST_STEP][PASSED] - Statement - switch (id): Finding Test Object with id 'Object Repository/MOH AND GRN/Page_KDMC - CMS/input_txtbatchno'

2018-05-28 13:41:16 - [TEST_STEP][PASSED] - Statement - case 5:: Text '2.0' is set on object 'Object Repository/MOH AND GRN/Page_KDMC - CMS/input_txtdeal'

2018-05-28 13:41:16 - [TEST_STEP][PASSED] - Statement - return (java.lang.Math.floor((java.lang.Math.random() * ((max - min) + 1))) + min): Text '2.0' is set on object 'Object Repository/MOH AND GRN/Page_KDMC - CMS/input_txtdeal'

2018-05-28 13:41:16 - [MESSAGE][PASSED] - Text '2.0' is set on object 'Object Repository/MOH AND GRN/Page_KDMC - CMS/input_txtdeal'

2018-05-28 13:41:16 - [TEST_STEP][PASSED] - setText: Finding Test Object with id 'Object Repository/MOH AND GRN/Page_KDMC - CMS/input_txtbatchno'

2018-05-28 13:41:16 - [TEST_STEP][PASSED] - Statement - switch (id): Finding Test Object with id 'Object Repository/MOH AND GRN/Page_KDMC - CMS/input_txtmrp'

2018-05-28 13:41:16 - [TEST_STEP][PASSED] - Statement - case 1:: Text 'BA350.0' is set on object 'Object Repository/MOH AND GRN/Page_KDMC - CMS/input_txtbatchno'

2018-05-28 13:41:16 - [TEST_STEP][PASSED] - Statement - return (java.lang.Math.floor((java.lang.Math.random() * ((max - min) + 1))) + min): Text 'BA350.0' is set on object 'Object Repository/MOH AND GRN/Page_KDMC - CMS/input_txtbatchno'

2018-05-28 13:41:16 - [MESSAGE][PASSED] - Text 'BA350.0' is set on object 'Object Repository/MOH AND GRN/Page_KDMC - CMS/input_txtbatchno'

2018-05-28 13:41:16 - [TEST_STEP][PASSED] - rightClick: Object: 'Object Repository/GRN/Page_KDMC - CMS/input_txtexpdate' is right clicked on

2018-05-28 13:41:16 - [MESSAGE][PASSED] - Object: 'Object Repository/GRN/Page_KDMC - CMS/input_txtexpdate' is right clicked on

2018-05-28 13:41:16 - [TEST_STEP][PASSED] - selectOptionByIndex: All options with index in [3] are selected on object 'Object Repository/GRN/Page_KDMC - CMS/select_20182019202020212022202'

2018-05-28 13:41:16 - [MESSAGE][PASSED] - All options with index in [3] are selected on object 'Object Repository/GRN/Page_KDMC - CMS/select_20182019202020212022202'

2018-05-28 13:41:16 - [TEST_STEP][PASSED] - selectOptionByIndex: All options with index in [3] are selected on object 'Object Repository/GRN/Page_KDMC - CMS/select_JanFebMarAprMayJunJulAu'

2018-05-28 13:41:16 - [MESSAGE][PASSED] - All options with index in [3] are selected on object 'Object Repository/GRN/Page_KDMC - CMS/select_JanFebMarAprMayJunJulAu'

2018-05-28 13:41:16 - [TEST_STEP][PASSED] - click: Object: 'Object Repository/MOH AND GRN/Page_KDMC - CMS/a_12' is clicked on

2018-05-28 13:41:16 - [MESSAGE][PASSED] - Object: 'Object Repository/MOH AND GRN/Page_KDMC - CMS/a_12' is clicked on

2018-05-28 13:41:16 - [TEST_STEP][PASSED] - click: Object: 'Object Repository/MOH AND GRN/Page_KDMC - CMS/input_btnadd' is clicked on

2018-05-28 13:41:16 - [MESSAGE][PASSED] - Object: 'Object Repository/MOH AND GRN/Page_KDMC - CMS/input_btnadd' is clicked on

2018-05-28 13:41:16 - [TEST_STEP][PASSED] - Statement - If (s == 10): null

2018-05-28 13:41:16 - [TEST_STEP][PASSED] - Statement - Else: null

2018-05-28 13:41:16 - [TEST_STEP][PASSED] - Statement - (s++): null

2018-05-28 13:41:16 - [TEST_STEP][PASSED] - delay: Delayed 1 second(s)

2018-05-28 13:41:17 - [MESSAGE][PASSED] - Delayed 1 second(s)

2018-05-28 13:41:17 - [TEST_STEP][PASSED] - selectOptionByIndex: All options with index in [4] are selected on object 'Object Repository/MOH AND GRN/Page_KDMC - CMS/select_--Select--Amikacin -500'

2018-05-28 13:41:18 - [MESSAGE][PASSED] - All options with index in [4] are selected on object 'Object Repository/MOH AND GRN/Page_KDMC - CMS/select_--Select--Amikacin -500'

2018-05-28 13:41:18 - [TEST_STEP][PASSED] - setText: Text '5000' is set on object 'Object Repository/MOH AND GRN/Page_KDMC - CMS/input_txtqty'

2018-05-28 13:41:18 - [MESSAGE][PASSED] - Text '5000' is set on object 'Object Repository/MOH AND GRN/Page_KDMC - CMS/input_txtqty'

2018-05-28 13:41:18 - [TEST_STEP][PASSED] - selectOptionByIndex: All options with index in [1] are selected on object 'Object Repository/MOH AND GRN/Page_KDMC - CMS/select_--Select--No Tax0'

2018-05-28 13:41:18 - [MESSAGE][PASSED] - All options with index in [1] are selected on object 'Object Repository/MOH AND GRN/Page_KDMC - CMS/select_--Select--No Tax0'

2018-05-28 13:41:18 - [TEST_STEP][PASSED] - setText: Finding Test Object with id 'Object Repository/MOH AND GRN/Page_KDMC - CMS/input_txtmrp'

2018-05-28 13:41:18 - [TEST_STEP][PASSED] - Statement - switch (id): Finding Test Object with id 'Object Repository/MOH AND GRN/Page_KDMC - CMS/input_txtdeal'

2018-05-28 13:41:18 - [TEST_STEP][PASSED] - Statement - case 4:: Text '19.0' is set on object 'Object Repository/MOH AND GRN/Page_KDMC - CMS/input_txtmrp'

2018-05-28 13:41:18 - [TEST_STEP][PASSED] - Statement - return (java.lang.Math.floor((java.lang.Math.random() * ((max - min) + 1))) + min): Text '19.0' is set on object 'Object Repository/MOH AND GRN/Page_KDMC - CMS/input_txtmrp'

2018-05-28 13:41:18 - [MESSAGE][PASSED] - Text '19.0' is set on object 'Object Repository/MOH AND GRN/Page_KDMC - CMS/input_txtmrp'

2018-05-28 13:41:18 - [TEST_STEP][PASSED] - setText: Finding Test Object with id 'Object Repository/MOH AND GRN/Page_KDMC - CMS/input_txtdeal'

2018-05-28 13:41:18 - [TEST_STEP][PASSED] - Statement - switch (id): Finding Test Object with id 'Object Repository/MOH AND GRN/Page_KDMC - CMS/input_txtbatchno'

2018-05-28 13:41:18 - [TEST_STEP][PASSED] - Statement - case 5:: Text '3.0' is set on object 'Object Repository/MOH AND GRN/Page_KDMC - CMS/input_txtdeal'

2018-05-28 13:41:18 - [TEST_STEP][PASSED] - Statement - return (java.lang.Math.floor((java.lang.Math.random() * ((max - min) + 1))) + min): Text '3.0' is set on object 'Object Repository/MOH AND GRN/Page_KDMC - CMS/input_txtdeal'

2018-05-28 13:41:18 - [MESSAGE][PASSED] - Text '3.0' is set on object 'Object Repository/MOH AND GRN/Page_KDMC - CMS/input_txtdeal'

2018-05-28 13:41:18 - [TEST_STEP][PASSED] - setText: Finding Test Object with id 'Object Repository/MOH AND GRN/Page_KDMC - CMS/input_txtbatchno'

2018-05-28 13:41:18 - [TEST_STEP][PASSED] - Statement - switch (id): Finding Test Object with id 'Object Repository/MOH AND GRN/Page_KDMC - CMS/input_txtmrp'

2018-05-28 13:41:18 - [TEST_STEP][PASSED] - Statement - case 1:: Text 'BA389.0' is set on object 'Object Repository/MOH AND GRN/Page_KDMC - CMS/input_txtbatchno'

2018-05-28 13:41:18 - [TEST_STEP][PASSED] - Statement - return (java.lang.Math.floor((java.lang.Math.random() * ((max - min) + 1))) + min): Text 'BA389.0' is set on object 'Object Repository/MOH AND GRN/Page_KDMC - CMS/input_txtbatchno'

2018-05-28 13:41:18 - [MESSAGE][PASSED] - Text 'BA389.0' is set on object 'Object Repository/MOH AND GRN/Page_KDMC - CMS/input_txtbatchno'

2018-05-28 13:41:18 - [TEST_STEP][PASSED] - rightClick: Object: 'Object Repository/GRN/Page_KDMC - CMS/input_txtexpdate' is right clicked on

2018-05-28 13:41:18 - [MESSAGE][PASSED] - Object: 'Object Repository/GRN/Page_KDMC - CMS/input_txtexpdate' is right clicked on

2018-05-28 13:41:18 - [TEST_STEP][PASSED] - selectOptionByIndex: All options with index in [4] are selected on object 'Object Repository/GRN/Page_KDMC - CMS/select_20182019202020212022202'

2018-05-28 13:41:18 - [MESSAGE][PASSED] - All options with index in [4] are selected on object 'Object Repository/GRN/Page_KDMC - CMS/select_20182019202020212022202'

2018-05-28 13:41:18 - [TEST_STEP][PASSED] - selectOptionByIndex: All options with index in [4] are selected on object 'Object Repository/GRN/Page_KDMC - CMS/select_JanFebMarAprMayJunJulAu'

2018-05-28 13:41:18 - [MESSAGE][PASSED] - All options with index in [4] are selected on object 'Object Repository/GRN/Page_KDMC - CMS/select_JanFebMarAprMayJunJulAu'

2018-05-28 13:41:18 - [TEST_STEP][PASSED] - click: Object: 'Object Repository/MOH AND GRN/Page_KDMC - CMS/a_12' is clicked on

2018-05-28 13:41:18 - [MESSAGE][PASSED] - Object: 'Object Repository/MOH AND GRN/Page_KDMC - CMS/a_12' is clicked on

2018-05-28 13:41:18 - [TEST_STEP][PASSED] - click: Object: 'Object Repository/MOH AND GRN/Page_KDMC - CMS/input_btnadd' is clicked on

2018-05-28 13:41:19 - [MESSAGE][PASSED] - Object: 'Object Repository/MOH AND GRN/Page_KDMC - CMS/input_btnadd' is clicked on

2018-05-28 13:41:19 - [TEST_STEP][PASSED] - Statement - If (s == 10): null

2018-05-28 13:41:19 - [TEST_STEP][PASSED] - Statement - Else: null

2018-05-28 13:41:19 - [TEST_STEP][PASSED] - Statement - (s++): null

2018-05-28 13:41:19 - [TEST_STEP][PASSED] - delay: Delayed 1 second(s)

2018-05-28 13:41:20 - [MESSAGE][PASSED] - Delayed 1 second(s)

2018-05-28 13:41:20 - [TEST_STEP][PASSED] - selectOptionByIndex: All options with index in [5] are selected on object 'Object Repository/MOH AND GRN/Page_KDMC - CMS/select_--Select--Amikacin -500'

2018-05-28 13:41:20 - [MESSAGE][PASSED] - All options with index in [5] are selected on object 'Object Repository/MOH AND GRN/Page_KDMC - CMS/select_--Select--Amikacin -500'

2018-05-28 13:41:20 - [TEST_STEP][PASSED] - setText: Text '5000' is set on object 'Object Repository/MOH AND GRN/Page_KDMC - CMS/input_txtqty'

2018-05-28 13:41:20 - [MESSAGE][PASSED] - Text '5000' is set on object 'Object Repository/MOH AND GRN/Page_KDMC - CMS/input_txtqty'

2018-05-28 13:41:20 - [TEST_STEP][PASSED] - selectOptionByIndex: All options with index in [1] are selected on object 'Object Repository/MOH AND GRN/Page_KDMC - CMS/select_--Select--No Tax0'

2018-05-28 13:41:20 - [MESSAGE][PASSED] - All options with index in [1] are selected on object 'Object Repository/MOH AND GRN/Page_KDMC - CMS/select_--Select--No Tax0'

2018-05-28 13:41:20 - [TEST_STEP][PASSED] - setText: Finding Test Object with id 'Object Repository/MOH AND GRN/Page_KDMC - CMS/input_txtmrp'

2018-05-28 13:41:20 - [TEST_STEP][PASSED] - Statement - switch (id): Finding Test Object with id 'Object Repository/MOH AND GRN/Page_KDMC - CMS/input_txtdeal'

2018-05-28 13:41:20 - [TEST_STEP][PASSED] - Statement - case 4:: Text '30.0' is set on object 'Object Repository/MOH AND GRN/Page_KDMC - CMS/input_txtmrp'

2018-05-28 13:41:20 - [TEST_STEP][PASSED] - Statement - return (java.lang.Math.floor((java.lang.Math.random() * ((max - min) + 1))) + min): Text '30.0' is set on object 'Object Repository/MOH AND GRN/Page_KDMC - CMS/input_txtmrp'

2018-05-28 13:41:20 - [MESSAGE][PASSED] - Text '30.0' is set on object 'Object Repository/MOH AND GRN/Page_KDMC - CMS/input_txtmrp'

2018-05-28 13:41:20 - [TEST_STEP][PASSED] - setText: Finding Test Object with id 'Object Repository/MOH AND GRN/Page_KDMC - CMS/input_txtdeal'

2018-05-28 13:41:20 - [TEST_STEP][PASSED] - Statement - switch (id): Finding Test Object with id 'Object Repository/MOH AND GRN/Page_KDMC - CMS/input_txtbatchno'

2018-05-28 13:41:20 - [TEST_STEP][PASSED] - Statement - case 5:: Text '7.0' is set on object 'Object Repository/MOH AND GRN/Page_KDMC - CMS/input_txtdeal'

2018-05-28 13:41:20 - [TEST_STEP][PASSED] - Statement - return (java.lang.Math.floor((java.lang.Math.random() * ((max - min) + 1))) + min): Text '7.0' is set on object 'Object Repository/MOH AND GRN/Page_KDMC - CMS/input_txtdeal'

2018-05-28 13:41:20 - [MESSAGE][PASSED] - Text '7.0' is set on object 'Object Repository/MOH AND GRN/Page_KDMC - CMS/input_txtdeal'

2018-05-28 13:41:20 - [TEST_STEP][PASSED] - setText: Finding Test Object with id 'Object Repository/MOH AND GRN/Page_KDMC - CMS/input_txtbatchno'

2018-05-28 13:41:20 - [TEST_STEP][PASSED] - Statement - switch (id): Finding Test Object with id 'Object Repository/MOH AND GRN/Page_KDMC - CMS/input_txtmrp'

2018-05-28 13:41:20 - [TEST_STEP][PASSED] - Statement - case 1:: Text 'BA580.0' is set on object 'Object Repository/MOH AND GRN/Page_KDMC - CMS/input_txtbatchno'

2018-05-28 13:41:20 - [TEST_STEP][PASSED] - Statement - return (java.lang.Math.floor((java.lang.Math.random() * ((max - min) + 1))) + min): Text 'BA580.0' is set on object 'Object Repository/MOH AND GRN/Page_KDMC - CMS/input_txtbatchno'

2018-05-28 13:41:20 - [MESSAGE][PASSED] - Text 'BA580.0' is set on object 'Object Repository/MOH AND GRN/Page_KDMC - CMS/input_txtbatchno'

2018-05-28 13:41:20 - [TEST_STEP][PASSED] - rightClick: Object: 'Object Repository/GRN/Page_KDMC - CMS/input_txtexpdate' is right clicked on

2018-05-28 13:41:20 - [MESSAGE][PASSED] - Object: 'Object Repository/GRN/Page_KDMC - CMS/input_txtexpdate' is right clicked on

2018-05-28 13:41:20 - [TEST_STEP][PASSED] - selectOptionByIndex: All options with index in [5] are selected on object 'Object Repository/GRN/Page_KDMC - CMS/select_20182019202020212022202'

2018-05-28 13:41:21 - [MESSAGE][PASSED] - All options with index in [5] are selected on object 'Object Repository/GRN/Page_KDMC - CMS/select_20182019202020212022202'

2018-05-28 13:41:21 - [TEST_STEP][PASSED] - selectOptionByIndex: All options with index in [5] are selected on object 'Object Repository/GRN/Page_KDMC - CMS/select_JanFebMarAprMayJunJulAu'

2018-05-28 13:41:21 - [MESSAGE][PASSED] - All options with index in [5] are selected on object 'Object Repository/GRN/Page_KDMC - CMS/select_JanFebMarAprMayJunJulAu'

2018-05-28 13:41:21 - [TEST_STEP][PASSED] - click: Object: 'Object Repository/MOH AND GRN/Page_KDMC - CMS/a_12' is clicked on

2018-05-28 13:41:21 - [MESSAGE][PASSED] - Object: 'Object Repository/MOH AND GRN/Page_KDMC - CMS/a_12' is clicked on

2018-05-28 13:41:21 - [TEST_STEP][PASSED] - click: Object: 'Object Repository/MOH AND GRN/Page_KDMC - CMS/input_btnadd' is clicked on

2018-05-28 13:41:21 - [MESSAGE][PASSED] - Object: 'Object Repository/MOH AND GRN/Page_KDMC - CMS/input_btnadd' is clicked on

2018-05-28 13:41:21 - [TEST_STEP][PASSED] - Statement - If (s == 10): null

2018-05-28 13:41:21 - [TEST_STEP][PASSED] - Statement - Else: null

2018-05-28 13:41:21 - [TEST_STEP][PASSED] - Statement - (s++): null

2018-05-28 13:41:21 - [TEST_STEP][PASSED] - delay: Delayed 1 second(s)

2018-05-28 13:41:22 - [MESSAGE][PASSED] - Delayed 1 second(s)

2018-05-28 13:41:22 - [TEST_STEP][PASSED] - selectOptionByIndex: All options with index in [6] are selected on object 'Object Repository/MOH AND GRN/Page_KDMC - CMS/select_--Select--Amikacin -500'

2018-05-28 13:41:22 - [MESSAGE][PASSED] - All options with index in [6] are selected on object 'Object Repository/MOH AND GRN/Page_KDMC - CMS/select_--Select--Amikacin -500'

2018-05-28 13:41:22 - [TEST_STEP][PASSED] - setText: Text '5000' is set on object 'Object Repository/MOH AND GRN/Page_KDMC - CMS/input_txtqty'

2018-05-28 13:41:22 - [MESSAGE][PASSED] - Text '5000' is set on object 'Object Repository/MOH AND GRN/Page_KDMC - CMS/input_txtqty'

2018-05-28 13:41:22 - [TEST_STEP][PASSED] - selectOptionByIndex: All options with index in [1] are selected on object 'Object Repository/MOH AND GRN/Page_KDMC - CMS/select_--Select--No Tax0'

2018-05-28 13:41:22 - [MESSAGE][PASSED] - All options with index in [1] are selected on object 'Object Repository/MOH AND GRN/Page_KDMC - CMS/select_--Select--No Tax0'

2018-05-28 13:41:22 - [TEST_STEP][PASSED] - setText: Finding Test Object with id 'Object Repository/MOH AND GRN/Page_KDMC - CMS/input_txtmrp'

2018-05-28 13:41:22 - [TEST_STEP][PASSED] - Statement - switch (id): Finding Test Object with id 'Object Repository/MOH AND GRN/Page_KDMC - CMS/input_txtdeal'

2018-05-28 13:41:22 - [TEST_STEP][PASSED] - Statement - case 4:: Text '29.0' is set on object 'Object Repository/MOH AND GRN/Page_KDMC - CMS/input_txtmrp'

2018-05-28 13:41:22 - [TEST_STEP][PASSED] - Statement - return (java.lang.Math.floor((java.lang.Math.random() * ((max - min) + 1))) + min): Text '29.0' is set on object 'Object Repository/MOH AND GRN/Page_KDMC - CMS/input_txtmrp'

2018-05-28 13:41:23 - [MESSAGE][PASSED] - Text '29.0' is set on object 'Object Repository/MOH AND GRN/Page_KDMC - CMS/input_txtmrp'

2018-05-28 13:41:23 - [TEST_STEP][PASSED] - setText: Finding Test Object with id 'Object Repository/MOH AND GRN/Page_KDMC - CMS/input_txtdeal'

2018-05-28 13:41:23 - [TEST_STEP][PASSED] - Statement - switch (id): Finding Test Object with id 'Object Repository/MOH AND GRN/Page_KDMC - CMS/input_txtbatchno'

2018-05-28 13:41:23 - [TEST_STEP][PASSED] - Statement - case 5:: Text '12.0' is set on object 'Object Repository/MOH AND GRN/Page_KDMC - CMS/input_txtdeal'

2018-05-28 13:41:23 - [TEST_STEP][PASSED] - Statement - return (java.lang.Math.floor((java.lang.Math.random() * ((max - min) + 1))) + min): Text '12.0' is set on object 'Object Repository/MOH AND GRN/Page_KDMC - CMS/input_txtdeal'

2018-05-28 13:41:23 - [MESSAGE][PASSED] - Text '12.0' is set on object 'Object Repository/MOH AND GRN/Page_KDMC - CMS/input_txtdeal'

2018-05-28 13:41:23 - [TEST_STEP][PASSED] - setText: Finding Test Object with id 'Object Repository/MOH AND GRN/Page_KDMC - CMS/input_txtbatchno'

2018-05-28 13:41:23 - [TEST_STEP][PASSED] - Statement - switch (id): Finding Test Object with id 'Object Repository/MOH AND GRN/Page_KDMC - CMS/input_txtmrp'

2018-05-28 13:41:23 - [TEST_STEP][PASSED] - Statement - case 1:: Text 'BA409.0' is set on object 'Object Repository/MOH AND GRN/Page_KDMC - CMS/input_txtbatchno'

2018-05-28 13:41:23 - [TEST_STEP][PASSED] - Statement - return (java.lang.Math.floor((java.lang.Math.random() * ((max - min) + 1))) + min): Text 'BA409.0' is set on object 'Object Repository/MOH AND GRN/Page_KDMC - CMS/input_txtbatchno'

2018-05-28 13:41:23 - [MESSAGE][PASSED] - Text 'BA409.0' is set on object 'Object Repository/MOH AND GRN/Page_KDMC - CMS/input_txtbatchno'

2018-05-28 13:41:23 - [TEST_STEP][PASSED] - rightClick: Object: 'Object Repository/GRN/Page_KDMC - CMS/input_txtexpdate' is right clicked on

2018-05-28 13:41:23 - [MESSAGE][PASSED] - Object: 'Object Repository/GRN/Page_KDMC - CMS/input_txtexpdate' is right clicked on

2018-05-28 13:41:23 - [TEST_STEP][PASSED] - selectOptionByIndex: All options with index in [6] are selected on object 'Object Repository/GRN/Page_KDMC - CMS/select_20182019202020212022202'

2018-05-28 13:41:23 - [MESSAGE][PASSED] - All options with index in [6] are selected on object 'Object Repository/GRN/Page_KDMC - CMS/select_20182019202020212022202'

2018-05-28 13:41:23 - [TEST_STEP][PASSED] - selectOptionByIndex: All options with index in [6] are selected on object 'Object Repository/GRN/Page_KDMC - CMS/select_JanFebMarAprMayJunJulAu'

2018-05-28 13:41:23 - [MESSAGE][PASSED] - All options with index in [6] are selected on object 'Object Repository/GRN/Page_KDMC - CMS/select_JanFebMarAprMayJunJulAu'

2018-05-28 13:41:23 - [TEST_STEP][PASSED] - click: Object: 'Object Repository/MOH AND GRN/Page_KDMC - CMS/a_12' is clicked on

2018-05-28 13:41:23 - [MESSAGE][PASSED] - Object: 'Object Repository/MOH AND GRN/Page_KDMC - CMS/a_12' is clicked on

2018-05-28 13:41:23 - [TEST_STEP][PASSED] - click: Object: 'Object Repository/MOH AND GRN/Page_KDMC - CMS/input_btnadd' is clicked on

2018-05-28 13:41:23 - [MESSAGE][PASSED] - Object: 'Object Repository/MOH AND GRN/Page_KDMC - CMS/input_btnadd' is clicked on

2018-05-28 13:41:23 - [TEST_STEP][PASSED] - Statement - If (s == 10): null

2018-05-28 13:41:23 - [TEST_STEP][PASSED] - Statement - Else: null

2018-05-28 13:41:23 - [TEST_STEP][PASSED] - Statement - (s++): null

2018-05-28 13:41:23 - [TEST_STEP][PASSED] - delay: Delayed 1 second(s)

2018-05-28 13:41:24 - [MESSAGE][PASSED] - Delayed 1 second(s)

2018-05-28 13:41:24 - [TEST_STEP][PASSED] - selectOptionByIndex: All options with index in [7] are selected on object 'Object Repository/MOH AND GRN/Page_KDMC - CMS/select_--Select--Amikacin -500'

2018-05-28 13:41:25 - [MESSAGE][PASSED] - All options with index in [7] are selected on object 'Object Repository/MOH AND GRN/Page_KDMC - CMS/select_--Select--Amikacin -500'

2018-05-28 13:41:25 - [TEST_STEP][PASSED] - setText: Text '5000' is set on object 'Object Repository/MOH AND GRN/Page_KDMC - CMS/input_txtqty'

2018-05-28 13:41:25 - [MESSAGE][PASSED] - Text '5000' is set on object 'Object Repository/MOH AND GRN/Page_KDMC - CMS/input_txtqty'

2018-05-28 13:41:25 - [TEST_STEP][PASSED] - selectOptionByIndex: All options with index in [1] are selected on object 'Object Repository/MOH AND GRN/Page_KDMC - CMS/select_--Select--No Tax0'

2018-05-28 13:41:25 - [MESSAGE][PASSED] - All options with index in [1] are selected on object 'Object Repository/MOH AND GRN/Page_KDMC - CMS/select_--Select--No Tax0'

2018-05-28 13:41:25 - [TEST_STEP][PASSED] - setText: Finding Test Object with id 'Object Repository/MOH AND GRN/Page_KDMC - CMS/input_txtmrp'

2018-05-28 13:41:25 - [TEST_STEP][PASSED] - Statement - switch (id): Finding Test Object with id 'Object Repository/MOH AND GRN/Page_KDMC - CMS/input_txtdeal'

2018-05-28 13:41:25 - [TEST_STEP][PASSED] - Statement - case 4:: Text '30.0' is set on object 'Object Repository/MOH AND GRN/Page_KDMC - CMS/input_txtmrp'

2018-05-28 13:41:25 - [TEST_STEP][PASSED] - Statement - return (java.lang.Math.floor((java.lang.Math.random() * ((max - min) + 1))) + min): Text '30.0' is set on object 'Object Repository/MOH AND GRN/Page_KDMC - CMS/input_txtmrp'

2018-05-28 13:41:25 - [MESSAGE][PASSED] - Text '30.0' is set on object 'Object Repository/MOH AND GRN/Page_KDMC - CMS/input_txtmrp'

2018-05-28 13:41:25 - [TEST_STEP][PASSED] - setText: Finding Test Object with id 'Object Repository/MOH AND GRN/Page_KDMC - CMS/input_txtdeal'

2018-05-28 13:41:25 - [TEST_STEP][PASSED] - Statement - switch (id): Finding Test Object with id 'Object Repository/MOH AND GRN/Page_KDMC - CMS/input_txtbatchno'

2018-05-28 13:41:25 - [TEST_STEP][PASSED] - Statement - case 5:: Text '11.0' is set on object 'Object Repository/MOH AND GRN/Page_KDMC - CMS/input_txtdeal'

2018-05-28 13:41:25 - [TEST_STEP][PASSED] - Statement - return (java.lang.Math.floor((java.lang.Math.random() * ((max - min) + 1))) + min): Text '11.0' is set on object 'Object Repository/MOH AND GRN/Page_KDMC - CMS/input_txtdeal'

2018-05-28 13:41:25 - [MESSAGE][PASSED] - Text '11.0' is set on object 'Object Repository/MOH AND GRN/Page_KDMC - CMS/input_txtdeal'

2018-05-28 13:41:25 - [TEST_STEP][PASSED] - setText: Finding Test Object with id 'Object Repository/MOH AND GRN/Page_KDMC - CMS/input_txtbatchno'

2018-05-28 13:41:25 - [TEST_STEP][PASSED] - Statement - switch (id): Finding Test Object with id 'Object Repository/MOH AND GRN/Page_KDMC - CMS/input_txtmrp'

2018-05-28 13:41:25 - [TEST_STEP][PASSED] - Statement - case 1:: Text 'BA809.0' is set on object 'Object Repository/MOH AND GRN/Page_KDMC - CMS/input_txtbatchno'

2018-05-28 13:41:25 - [TEST_STEP][PASSED] - Statement - return (java.lang.Math.floor((java.lang.Math.random() * ((max - min) + 1))) + min): Text 'BA809.0' is set on object 'Object Repository/MOH AND GRN/Page_KDMC - CMS/input_txtbatchno'

2018-05-28 13:41:25 - [MESSAGE][PASSED] - Text 'BA809.0' is set on object 'Object Repository/MOH AND GRN/Page_KDMC - CMS/input_txtbatchno'

2018-05-28 13:41:25 - [TEST_STEP][PASSED] - rightClick: Object: 'Object Repository/GRN/Page_KDMC - CMS/input_txtexpdate' is right clicked on

2018-05-28 13:41:25 - [MESSAGE][PASSED] - Object: 'Object Repository/GRN/Page_KDMC - CMS/input_txtexpdate' is right clicked on

2018-05-28 13:41:25 - [TEST_STEP][PASSED] - selectOptionByIndex: All options with index in [7] are selected on object 'Object Repository/GRN/Page_KDMC - CMS/select_20182019202020212022202'

2018-05-28 13:41:25 - [MESSAGE][PASSED] - All options with index in [7] are selected on object 'Object Repository/GRN/Page_KDMC - CMS/select_20182019202020212022202'

2018-05-28 13:41:25 - [TEST_STEP][PASSED] - selectOptionByIndex: All options with index in [7] are selected on object 'Object Repository/GRN/Page_KDMC - CMS/select_JanFebMarAprMayJunJulAu'

2018-05-28 13:41:26 - [MESSAGE][PASSED] - All options with index in [7] are selected on object 'Object Repository/GRN/Page_KDMC - CMS/select_JanFebMarAprMayJunJulAu'

2018-05-28 13:41:26 - [TEST_STEP][PASSED] - click: Object: 'Object Repository/MOH AND GRN/Page_KDMC - CMS/a_12' is clicked on

2018-05-28 13:41:26 - [MESSAGE][PASSED] - Object: 'Object Repository/MOH AND GRN/Page_KDMC - CMS/a_12' is clicked on

2018-05-28 13:41:26 - [TEST_STEP][PASSED] - click: Object: 'Object Repository/MOH AND GRN/Page_KDMC - CMS/input_btnadd' is clicked on

2018-05-28 13:41:26 - [MESSAGE][PASSED] - Object: 'Object Repository/MOH AND GRN/Page_KDMC - CMS/input_btnadd' is clicked on

2018-05-28 13:41:26 - [TEST_STEP][PASSED] - Statement - If (s == 10): null

2018-05-28 13:41:26 - [TEST_STEP][PASSED] - Statement - Else: null

2018-05-28 13:41:26 - [TEST_STEP][PASSED] - Statement - (s++): null

2018-05-28 13:41:26 - [TEST_STEP][PASSED] - delay: Delayed 1 second(s)

2018-05-28 13:41:27 - [MESSAGE][PASSED] - Delayed 1 second(s)

2018-05-28 13:41:27 - [TEST_STEP][PASSED] - selectOptionByIndex: All options with index in [8] are selected on object 'Object Repository/MOH AND GRN/Page_KDMC - CMS/select_--Select--Amikacin -500'

2018-05-28 13:41:27 - [MESSAGE][PASSED] - All options with index in [8] are selected on object 'Object Repository/MOH AND GRN/Page_KDMC - CMS/select_--Select--Amikacin -500'

2018-05-28 13:41:27 - [TEST_STEP][PASSED] - setText: Text '5000' is set on object 'Object Repository/MOH AND GRN/Page_KDMC - CMS/input_txtqty'

2018-05-28 13:41:27 - [MESSAGE][PASSED] - Text '5000' is set on object 'Object Repository/MOH AND GRN/Page_KDMC - CMS/input_txtqty'

2018-05-28 13:41:27 - [TEST_STEP][PASSED] - selectOptionByIndex: All options with index in [1] are selected on object 'Object Repository/MOH AND GRN/Page_KDMC - CMS/select_--Select--No Tax0'

2018-05-28 13:41:27 - [MESSAGE][PASSED] - All options with index in [1] are selected on object 'Object Repository/MOH AND GRN/Page_KDMC - CMS/select_--Select--No Tax0'

2018-05-28 13:41:27 - [TEST_STEP][PASSED] - setText: Finding Test Object with id 'Object Repository/MOH AND GRN/Page_KDMC - CMS/input_txtmrp'

2018-05-28 13:41:27 - [TEST_STEP][PASSED] - Statement - switch (id): Finding Test Object with id 'Object Repository/MOH AND GRN/Page_KDMC - CMS/input_txtdeal'

2018-05-28 13:41:27 - [TEST_STEP][PASSED] - Statement - case 4:: Text '21.0' is set on object 'Object Repository/MOH AND GRN/Page_KDMC - CMS/input_txtmrp'

2018-05-28 13:41:27 - [TEST_STEP][PASSED] - Statement - return (java.lang.Math.floor((java.lang.Math.random() * ((max - min) + 1))) + min): Text '21.0' is set on object 'Object Repository/MOH AND GRN/Page_KDMC - CMS/input_txtmrp'

2018-05-28 13:41:27 - [MESSAGE][PASSED] - Text '21.0' is set on object 'Object Repository/MOH AND GRN/Page_KDMC - CMS/input_txtmrp'

2018-05-28 13:41:27 - [TEST_STEP][PASSED] - setText: Finding Test Object with id 'Object Repository/MOH AND GRN/Page_KDMC - CMS/input_txtdeal'

2018-05-28 13:41:27 - [TEST_STEP][PASSED] - Statement - switch (id): Finding Test Object with id 'Object Repository/MOH AND GRN/Page_KDMC - CMS/input_txtbatchno'

2018-05-28 13:41:27 - [TEST_STEP][PASSED] - Statement - case 5:: Text '9.0' is set on object 'Object Repository/MOH AND GRN/Page_KDMC - CMS/input_txtdeal'

2018-05-28 13:41:27 - [TEST_STEP][PASSED] - Statement - return (java.lang.Math.floor((java.lang.Math.random() * ((max - min) + 1))) + min): Text '9.0' is set on object 'Object Repository/MOH AND GRN/Page_KDMC - CMS/input_txtdeal'

2018-05-28 13:41:27 - [MESSAGE][PASSED] - Text '9.0' is set on object 'Object Repository/MOH AND GRN/Page_KDMC - CMS/input_txtdeal'

2018-05-28 13:41:27 - [TEST_STEP][PASSED] - setText: Finding Test Object with id 'Object Repository/MOH AND GRN/Page_KDMC - CMS/input_txtbatchno'

2018-05-28 13:41:27 - [TEST_STEP][PASSED] - Statement - switch (id): Finding Test Object with id 'Object Repository/MOH AND GRN/Page_KDMC - CMS/input_txtmrp'

2018-05-28 13:41:27 - [TEST_STEP][PASSED] - Statement - case 1:: Text 'BA631.0' is set on object 'Object Repository/MOH AND GRN/Page_KDMC - CMS/input_txtbatchno'

2018-05-28 13:41:27 - [TEST_STEP][PASSED] - Statement - return (java.lang.Math.floor((java.lang.Math.random() * ((max - min) + 1))) + min): Text 'BA631.0' is set on object 'Object Repository/MOH AND GRN/Page_KDMC - CMS/input_txtbatchno'

2018-05-28 13:41:28 - [MESSAGE][PASSED] - Text 'BA631.0' is set on object 'Object Repository/MOH AND GRN/Page_KDMC - CMS/input_txtbatchno'

2018-05-28 13:41:28 - [TEST_STEP][PASSED] - rightClick: Object: 'Object Repository/GRN/Page_KDMC - CMS/input_txtexpdate' is right clicked on

2018-05-28 13:41:28 - [MESSAGE][PASSED] - Object: 'Object Repository/GRN/Page_KDMC - CMS/input_txtexpdate' is right clicked on

2018-05-28 13:41:28 - [TEST_STEP][PASSED] - selectOptionByIndex: All options with index in [8] are selected on object 'Object Repository/GRN/Page_KDMC - CMS/select_20182019202020212022202'

2018-05-28 13:41:28 - [MESSAGE][PASSED] - All options with index in [8] are selected on object 'Object Repository/GRN/Page_KDMC - CMS/select_20182019202020212022202'

2018-05-28 13:41:28 - [TEST_STEP][PASSED] - selectOptionByIndex: All options with index in [8] are selected on object 'Object Repository/GRN/Page_KDMC - CMS/select_JanFebMarAprMayJunJulAu'

2018-05-28 13:41:28 - [MESSAGE][PASSED] - All options with index in [8] are selected on object 'Object Repository/GRN/Page_KDMC - CMS/select_JanFebMarAprMayJunJulAu'

2018-05-28 13:41:28 - [TEST_STEP][PASSED] - click: Object: 'Object Repository/MOH AND GRN/Page_KDMC - CMS/a_12' is clicked on

2018-05-28 13:41:28 - [MESSAGE][PASSED] - Object: 'Object Repository/MOH AND GRN/Page_KDMC - CMS/a_12' is clicked on

2018-05-28 13:41:28 - [TEST_STEP][PASSED] - click: Object: 'Object Repository/MOH AND GRN/Page_KDMC - CMS/input_btnadd' is clicked on

2018-05-28 13:41:28 - [MESSAGE][PASSED] - Object: 'Object Repository/MOH AND GRN/Page_KDMC - CMS/input_btnadd' is clicked on

2018-05-28 13:41:28 - [TEST_STEP][PASSED] - Statement - If (s == 10): null

2018-05-28 13:41:28 - [TEST_STEP][PASSED] - Statement - Else: null

2018-05-28 13:41:28 - [TEST_STEP][PASSED] - Statement - (s++): null

2018-05-28 13:41:28 - [TEST_STEP][PASSED] - delay: Delayed 1 second(s)

2018-05-28 13:41:29 - [MESSAGE][PASSED] - Delayed 1 second(s)

2018-05-28 13:41:29 - [TEST_STEP][PASSED] - selectOptionByIndex: All options with index in [9] are selected on object 'Object Repository/MOH AND GRN/Page_KDMC - CMS/select_--Select--Amikacin -500'

2018-05-28 13:41:30 - [MESSAGE][PASSED] - All options with index in [9] are selected on object 'Object Repository/MOH AND GRN/Page_KDMC - CMS/select_--Select--Amikacin -500'

2018-05-28 13:41:30 - [TEST_STEP][PASSED] - setText: Text '5000' is set on object 'Object Repository/MOH AND GRN/Page_KDMC - CMS/input_txtqty'

2018-05-28 13:41:30 - [MESSAGE][PASSED] - Text '5000' is set on object 'Object Repository/MOH AND GRN/Page_KDMC - CMS/input_txtqty'

2018-05-28 13:41:30 - [TEST_STEP][PASSED] - selectOptionByIndex: All options with index in [1] are selected on object 'Object Repository/MOH AND GRN/Page_KDMC - CMS/select_--Select--No Tax0'

2018-05-28 13:41:30 - [MESSAGE][PASSED] - All options with index in [1] are selected on object 'Object Repository/MOH AND GRN/Page_KDMC - CMS/select_--Select--No Tax0'

2018-05-28 13:41:30 - [TEST_STEP][PASSED] - setText: Finding Test Object with id 'Object Repository/MOH AND GRN/Page_KDMC - CMS/input_txtmrp'

2018-05-28 13:41:30 - [TEST_STEP][PASSED] - Statement - switch (id): Finding Test Object with id 'Object Repository/MOH AND GRN/Page_KDMC - CMS/input_txtdeal'

2018-05-28 13:41:30 - [TEST_STEP][PASSED] - Statement - case 4:: Text '42.0' is set on object 'Object Repository/MOH AND GRN/Page_KDMC - CMS/input_txtmrp'

2018-05-28 13:41:30 - [TEST_STEP][PASSED] - Statement - return (java.lang.Math.floor((java.lang.Math.random() * ((max - min) + 1))) + min): Text '42.0' is set on object 'Object Repository/MOH AND GRN/Page_KDMC - CMS/input_txtmrp'

2018-05-28 13:41:30 - [MESSAGE][PASSED] - Text '42.0' is set on object 'Object Repository/MOH AND GRN/Page_KDMC - CMS/input_txtmrp'

2018-05-28 13:41:30 - [TEST_STEP][PASSED] - setText: Finding Test Object with id 'Object Repository/MOH AND GRN/Page_KDMC - CMS/input_txtdeal'

2018-05-28 13:41:30 - [TEST_STEP][PASSED] - Statement - switch (id): Finding Test Object with id 'Object Repository/MOH AND GRN/Page_KDMC - CMS/input_txtbatchno'

2018-05-28 13:41:30 - [TEST_STEP][PASSED] - Statement - case 5:: Text '4.0' is set on object 'Object Repository/MOH AND GRN/Page_KDMC - CMS/input_txtdeal'

2018-05-28 13:41:30 - [TEST_STEP][PASSED] - Statement - return (java.lang.Math.floor((java.lang.Math.random() * ((max - min) + 1))) + min): Text '4.0' is set on object 'Object Repository/MOH AND GRN/Page_KDMC - CMS/input_txtdeal'

2018-05-28 13:41:30 - [MESSAGE][PASSED] - Text '4.0' is set on object 'Object Repository/MOH AND GRN/Page_KDMC - CMS/input_txtdeal'

2018-05-28 13:41:30 - [TEST_STEP][PASSED] - setText: Finding Test Object with id 'Object Repository/MOH AND GRN/Page_KDMC - CMS/input_txtbatchno'

2018-05-28 13:41:30 - [TEST_STEP][PASSED] - Statement - switch (id): Finding Test Object with id 'Object Repository/MOH AND GRN/Page_KDMC - CMS/input_txtmrp'

2018-05-28 13:41:30 - [TEST_STEP][PASSED] - Statement - case 1:: Text 'BA922.0' is set on object 'Object Repository/MOH AND GRN/Page_KDMC - CMS/input_txtbatchno'

2018-05-28 13:41:30 - [TEST_STEP][PASSED] - Statement - return (java.lang.Math.floor((java.lang.Math.random() * ((max - min) + 1))) + min): Text 'BA922.0' is set on object 'Object Repository/MOH AND GRN/Page_KDMC - CMS/input_txtbatchno'

2018-05-28 13:41:30 - [MESSAGE][PASSED] - Text 'BA922.0' is set on object 'Object Repository/MOH AND GRN/Page_KDMC - CMS/input_txtbatchno'

2018-05-28 13:41:30 - [TEST_STEP][PASSED] - rightClick: Object: 'Object Repository/GRN/Page_KDMC - CMS/input_txtexpdate' is right clicked on

2018-05-28 13:41:30 - [MESSAGE][PASSED] - Object: 'Object Repository/GRN/Page_KDMC - CMS/input_txtexpdate' is right clicked on

2018-05-28 13:41:30 - [TEST_STEP][PASSED] - selectOptionByIndex: All options with index in [9] are selected on object 'Object Repository/GRN/Page_KDMC - CMS/select_20182019202020212022202'

2018-05-28 13:41:30 - [MESSAGE][PASSED] - All options with index in [9] are selected on object 'Object Repository/GRN/Page_KDMC - CMS/select_20182019202020212022202'

2018-05-28 13:41:30 - [TEST_STEP][PASSED] - selectOptionByIndex: All options with index in [9] are selected on object 'Object Repository/GRN/Page_KDMC - CMS/select_JanFebMarAprMayJunJulAu'

2018-05-28 13:41:31 - [MESSAGE][PASSED] - All options with index in [9] are selected on object 'Object Repository/GRN/Page_KDMC - CMS/select_JanFebMarAprMayJunJulAu'

2018-05-28 13:41:31 - [TEST_STEP][PASSED] - click: Object: 'Object Repository/MOH AND GRN/Page_KDMC - CMS/a_12' is clicked on

2018-05-28 13:41:31 - [MESSAGE][PASSED] - Object: 'Object Repository/MOH AND GRN/Page_KDMC - CMS/a_12' is clicked on

2018-05-28 13:41:31 - [TEST_STEP][PASSED] - click: Object: 'Object Repository/MOH AND GRN/Page_KDMC - CMS/input_btnadd' is clicked on

2018-05-28 13:41:31 - [MESSAGE][PASSED] - Object: 'Object Repository/MOH AND GRN/Page_KDMC - CMS/input_btnadd' is clicked on

2018-05-28 13:41:31 - [TEST_STEP][PASSED] - Statement - If (s == 10): null

2018-05-28 13:41:31 - [TEST_STEP][PASSED] - Statement - Else: null

2018-05-28 13:41:31 - [TEST_STEP][PASSED] - Statement - (s++): null

2018-05-28 13:41:31 - [TEST_STEP][PASSED] - delay: Delayed 1 second(s)

2018-05-28 13:41:32 - [MESSAGE][PASSED] - Delayed 1 second(s)

2018-05-28 13:41:32 - [TEST_STEP][PASSED] - selectOptionByIndex: All options with index in [10] are selected on object 'Object Repository/MOH AND GRN/Page_KDMC - CMS/select_--Select--Amikacin -500'

2018-05-28 13:41:32 - [MESSAGE][PASSED] - All options with index in [10] are selected on object 'Object Repository/MOH AND GRN/Page_KDMC - CMS/select_--Select--Amikacin -500'

2018-05-28 13:41:32 - [TEST_STEP][PASSED] - setText: Text '5000' is set on object 'Object Repository/MOH AND GRN/Page_KDMC - CMS/input_txtqty'

2018-05-28 13:41:32 - [MESSAGE][PASSED] - Text '5000' is set on object 'Object Repository/MOH AND GRN/Page_KDMC - CMS/input_txtqty'

2018-05-28 13:41:32 - [TEST_STEP][PASSED] - selectOptionByIndex: All options with index in [1] are selected on object 'Object Repository/MOH AND GRN/Page_KDMC - CMS/select_--Select--No Tax0'

2018-05-28 13:41:32 - [MESSAGE][PASSED] - All options with index in [1] are selected on object 'Object Repository/MOH AND GRN/Page_KDMC - CMS/select_--Select--No Tax0'

2018-05-28 13:41:32 - [TEST_STEP][PASSED] - setText: Finding Test Object with id 'Object Repository/MOH AND GRN/Page_KDMC - CMS/input_txtmrp'

2018-05-28 13:41:32 - [TEST_STEP][PASSED] - Statement - switch (id): Finding Test Object with id 'Object Repository/MOH AND GRN/Page_KDMC - CMS/input_txtdeal'

2018-05-28 13:41:32 - [TEST_STEP][PASSED] - Statement - case 4:: Text '25.0' is set on object 'Object Repository/MOH AND GRN/Page_KDMC - CMS/input_txtmrp'

2018-05-28 13:41:32 - [TEST_STEP][PASSED] - Statement - return (java.lang.Math.floor((java.lang.Math.random() * ((max - min) + 1))) + min): Text '25.0' is set on object 'Object Repository/MOH AND GRN/Page_KDMC - CMS/input_txtmrp'

2018-05-28 13:41:32 - [MESSAGE][PASSED] - Text '25.0' is set on object 'Object Repository/MOH AND GRN/Page_KDMC - CMS/input_txtmrp'

2018-05-28 13:41:32 - [TEST_STEP][PASSED] - setText: Finding Test Object with id 'Object Repository/MOH AND GRN/Page_KDMC - CMS/input_txtdeal'

2018-05-28 13:41:32 - [TEST_STEP][PASSED] - Statement - switch (id): Finding Test Object with id 'Object Repository/MOH AND GRN/Page_KDMC - CMS/input_txtbatchno'

2018-05-28 13:41:32 - [TEST_STEP][PASSED] - Statement - case 5:: Text '7.0' is set on object 'Object Repository/MOH AND GRN/Page_KDMC - CMS/input_txtdeal'

2018-05-28 13:41:32 - [TEST_STEP][PASSED] - Statement - return (java.lang.Math.floor((java.lang.Math.random() * ((max - min) + 1))) + min): Text '7.0' is set on object 'Object Repository/MOH AND GRN/Page_KDMC - CMS/input_txtdeal'

2018-05-28 13:41:33 - [MESSAGE][PASSED] - Text '7.0' is set on object 'Object Repository/MOH AND GRN/Page_KDMC - CMS/input_txtdeal'

2018-05-28 13:41:33 - [TEST_STEP][PASSED] - setText: Finding Test Object with id 'Object Repository/MOH AND GRN/Page_KDMC - CMS/input_txtbatchno'

2018-05-28 13:41:33 - [TEST_STEP][PASSED] - Statement - switch (id): Finding Test Object with id 'Object Repository/MOH AND GRN/Page_KDMC - CMS/input_txtmrp'

2018-05-28 13:41:33 - [TEST_STEP][PASSED] - Statement - case 1:: Text 'BA389.0' is set on object 'Object Repository/MOH AND GRN/Page_KDMC - CMS/input_txtbatchno'

2018-05-28 13:41:33 - [TEST_STEP][PASSED] - Statement - return (java.lang.Math.floor((java.lang.Math.random() * ((max - min) + 1))) + min): Text 'BA389.0' is set on object 'Object Repository/MOH AND GRN/Page_KDMC - CMS/input_txtbatchno'

2018-05-28 13:41:33 - [MESSAGE][PASSED] - Text 'BA389.0' is set on object 'Object Repository/MOH AND GRN/Page_KDMC - CMS/input_txtbatchno'

2018-05-28 13:41:33 - [TEST_STEP][PASSED] - rightClick: Object: 'Object Repository/GRN/Page_KDMC - CMS/input_txtexpdate' is right clicked on

2018-05-28 13:41:33 - [MESSAGE][PASSED] - Object: 'Object Repository/GRN/Page_KDMC - CMS/input_txtexpdate' is right clicked on

2018-05-28 13:41:33 - [TEST_STEP][PASSED] - selectOptionByIndex: All options with index in [10] are selected on object 'Object Repository/GRN/Page_KDMC - CMS/select_20182019202020212022202'

2018-05-28 13:41:33 - [MESSAGE][PASSED] - All options with index in [10] are selected on object 'Object Repository/GRN/Page_KDMC - CMS/select_20182019202020212022202'

2018-05-28 13:41:33 - [TEST_STEP][PASSED] - selectOptionByIndex: All options with index in [10] are selected on object 'Object Repository/GRN/Page_KDMC - CMS/select_JanFebMarAprMayJunJulAu'

2018-05-28 13:41:33 - [MESSAGE][PASSED] - All options with index in [10] are selected on object 'Object Repository/GRN/Page_KDMC - CMS/select_JanFebMarAprMayJunJulAu'

2018-05-28 13:41:33 - [TEST_STEP][PASSED] - click: Object: 'Object Repository/MOH AND GRN/Page_KDMC - CMS/a_12' is clicked on

2018-05-28 13:41:33 - [MESSAGE][PASSED] - Object: 'Object Repository/MOH AND GRN/Page_KDMC - CMS/a_12' is clicked on

2018-05-28 13:41:33 - [TEST_STEP][PASSED] - click: Object: 'Object Repository/MOH AND GRN/Page_KDMC - CMS/input_btnadd' is clicked on

2018-05-28 13:41:33 - [MESSAGE][PASSED] - Object: 'Object Repository/MOH AND GRN/Page_KDMC - CMS/input_btnadd' is clicked on

2018-05-28 13:41:33 - [TEST_STEP][PASSED] - Statement - If (s == 10): null

2018-05-28 13:41:33 - [TEST_STEP][PASSED] - Statement - s = 1: null

2018-05-28 13:41:33 - [TEST_STEP][PASSED] - delay: Delayed 1 second(s)

2018-05-28 13:41:34 - [MESSAGE][PASSED] - Delayed 1 second(s)

2018-05-28 13:41:34 - [TEST_STEP][PASSED] - selectOptionByIndex: All options with index in [11] are selected on object 'Object Repository/MOH AND GRN/Page_KDMC - CMS/select_--Select--Amikacin -500'

2018-05-28 13:41:35 - [MESSAGE][PASSED] - All options with index in [11] are selected on object 'Object Repository/MOH AND GRN/Page_KDMC - CMS/select_--Select--Amikacin -500'

2018-05-28 13:41:35 - [TEST_STEP][PASSED] - setText: Text '5000' is set on object 'Object Repository/MOH AND GRN/Page_KDMC - CMS/input_txtqty'

2018-05-28 13:41:35 - [MESSAGE][PASSED] - Text '5000' is set on object 'Object Repository/MOH AND GRN/Page_KDMC - CMS/input_txtqty'

2018-05-28 13:41:35 - [TEST_STEP][PASSED] - selectOptionByIndex: All options with index in [1] are selected on object 'Object Repository/MOH AND GRN/Page_KDMC - CMS/select_--Select--No Tax0'

2018-05-28 13:41:35 - [MESSAGE][PASSED] - All options with index in [1] are selected on object 'Object Repository/MOH AND GRN/Page_KDMC - CMS/select_--Select--No Tax0'

2018-05-28 13:41:35 - [TEST_STEP][PASSED] - setText: Finding Test Object with id 'Object Repository/MOH AND GRN/Page_KDMC - CMS/input_txtmrp'

2018-05-28 13:41:35 - [TEST_STEP][PASSED] - Statement - switch (id): Finding Test Object with id 'Object Repository/MOH AND GRN/Page_KDMC - CMS/input_txtdeal'

2018-05-28 13:41:35 - [TEST_STEP][PASSED] - Statement - case 4:: Text '40.0' is set on object 'Object Repository/MOH AND GRN/Page_KDMC - CMS/input_txtmrp'

2018-05-28 13:41:35 - [TEST_STEP][PASSED] - Statement - return (java.lang.Math.floor((java.lang.Math.random() * ((max - min) + 1))) + min): Text '40.0' is set on object 'Object Repository/MOH AND GRN/Page_KDMC - CMS/input_txtmrp'

2018-05-28 13:41:35 - [MESSAGE][PASSED] - Text '40.0' is set on object 'Object Repository/MOH AND GRN/Page_KDMC - CMS/input_txtmrp'

2018-05-28 13:41:35 - [TEST_STEP][PASSED] - setText: Finding Test Object with id 'Object Repository/MOH AND GRN/Page_KDMC - CMS/input_txtdeal'

2018-05-28 13:41:35 - [TEST_STEP][PASSED] - Statement - switch (id): Finding Test Object with id 'Object Repository/MOH AND GRN/Page_KDMC - CMS/input_txtbatchno'

2018-05-28 13:41:35 - [TEST_STEP][PASSED] - Statement - case 5:: Text '12.0' is set on object 'Object Repository/MOH AND GRN/Page_KDMC - CMS/input_txtdeal'

2018-05-28 13:41:35 - [TEST_STEP][PASSED] - Statement - return (java.lang.Math.floor((java.lang.Math.random() * ((max - min) + 1))) + min): Text '12.0' is set on object 'Object Repository/MOH AND GRN/Page_KDMC - CMS/input_txtdeal'

2018-05-28 13:41:35 - [MESSAGE][PASSED] - Text '12.0' is set on object 'Object Repository/MOH AND GRN/Page_KDMC - CMS/input_txtdeal'

2018-05-28 13:41:35 - [TEST_STEP][PASSED] - setText: Finding Test Object with id 'Object Repository/MOH AND GRN/Page_KDMC - CMS/input_txtbatchno'

2018-05-28 13:41:35 - [TEST_STEP][PASSED] - Statement - switch (id): Finding Test Object with id 'Object Repository/MOH AND GRN/Page_KDMC - CMS/input_txtmrp'

2018-05-28 13:41:35 - [TEST_STEP][PASSED] - Statement - case 1:: Text 'BA358.0' is set on object 'Object Repository/MOH AND GRN/Page_KDMC - CMS/input_txtbatchno'

2018-05-28 13:41:35 - [TEST_STEP][PASSED] - Statement - return (java.lang.Math.floor((java.lang.Math.random() * ((max - min) + 1))) + min): Text 'BA358.0' is set on object 'Object Repository/MOH AND GRN/Page_KDMC - CMS/input_txtbatchno'

2018-05-28 13:41:35 - [MESSAGE][PASSED] - Text 'BA358.0' is set on object 'Object Repository/MOH AND GRN/Page_KDMC - CMS/input_txtbatchno'

2018-05-28 13:41:35 - [TEST_STEP][PASSED] - rightClick: Object: 'Object Repository/GRN/Page_KDMC - CMS/input_txtexpdate' is right clicked on

2018-05-28 13:41:35 - [MESSAGE][PASSED] - Object: 'Object Repository/GRN/Page_KDMC - CMS/input_txtexpdate' is right clicked on

2018-05-28 13:41:35 - [TEST_STEP][PASSED] - selectOptionByIndex: All options with index in [1] are selected on object 'Object Repository/GRN/Page_KDMC - CMS/select_20182019202020212022202'

2018-05-28 13:41:35 - [MESSAGE][PASSED] - All options with index in [1] are selected on object 'Object Repository/GRN/Page_KDMC - CMS/select_20182019202020212022202'

2018-05-28 13:41:35 - [TEST_STEP][PASSED] - selectOptionByIndex: All options with index in [1] are selected on object 'Object Repository/GRN/Page_KDMC - CMS/select_JanFebMarAprMayJunJulAu'

2018-05-28 13:41:35 - [MESSAGE][PASSED] - All options with index in [1] are selected on object 'Object Repository/GRN/Page_KDMC - CMS/select_JanFebMarAprMayJunJulAu'

2018-05-28 13:41:35 - [TEST_STEP][PASSED] - click: Object: 'Object Repository/MOH AND GRN/Page_KDMC - CMS/a_12' is clicked on

2018-05-28 13:41:35 - [MESSAGE][PASSED] - Object: 'Object Repository/MOH AND GRN/Page_KDMC - CMS/a_12' is clicked on

2018-05-28 13:41:35 - [TEST_STEP][PASSED] - click: Object: 'Object Repository/MOH AND GRN/Page_KDMC - CMS/input_btnadd' is clicked on

2018-05-28 13:41:36 - [MESSAGE][PASSED] - Object: 'Object Repository/MOH AND GRN/Page_KDMC - CMS/input_btnadd' is clicked on

2018-05-28 13:41:36 - [TEST_STEP][PASSED] - Statement - If (s == 10): null

2018-05-28 13:41:36 - [TEST_STEP][PASSED] - Statement - Else: null

2018-05-28 13:41:36 - [TEST_STEP][PASSED] - Statement - (s++): null

2018-05-28 13:41:36 - [TEST_STEP][PASSED] - delay: Delayed 1 second(s)

2018-05-28 13:41:37 - [MESSAGE][PASSED] - Delayed 1 second(s)

2018-05-28 13:41:37 - [TEST_STEP][PASSED] - selectOptionByIndex: All options with index in [12] are selected on object 'Object Repository/MOH AND GRN/Page_KDMC - CMS/select_--Select--Amikacin -500'

2018-05-28 13:41:37 - [MESSAGE][PASSED] - All options with index in [12] are selected on object 'Object Repository/MOH AND GRN/Page_KDMC - CMS/select_--Select--Amikacin -500'

2018-05-28 13:41:37 - [TEST_STEP][PASSED] - setText: Text '5000' is set on object 'Object Repository/MOH AND GRN/Page_KDMC - CMS/input_txtqty'

2018-05-28 13:41:37 - [MESSAGE][PASSED] - Text '5000' is set on object 'Object Repository/MOH AND GRN/Page_KDMC - CMS/input_txtqty'

2018-05-28 13:41:37 - [TEST_STEP][PASSED] - selectOptionByIndex: All options with index in [1] are selected on object 'Object Repository/MOH AND GRN/Page_KDMC - CMS/select_--Select--No Tax0'

2018-05-28 13:41:37 - [MESSAGE][PASSED] - All options with index in [1] are selected on object 'Object Repository/MOH AND GRN/Page_KDMC - CMS/select_--Select--No Tax0'

2018-05-28 13:41:37 - [TEST_STEP][PASSED] - setText: Finding Test Object with id 'Object Repository/MOH AND GRN/Page_KDMC - CMS/input_txtmrp'

2018-05-28 13:41:37 - [TEST_STEP][PASSED] - Statement - switch (id): Finding Test Object with id 'Object Repository/MOH AND GRN/Page_KDMC - CMS/input_txtdeal'

2018-05-28 13:41:37 - [TEST_STEP][PASSED] - Statement - case 4:: Text '30.0' is set on object 'Object Repository/MOH AND GRN/Page_KDMC - CMS/input_txtmrp'

2018-05-28 13:41:37 - [TEST_STEP][PASSED] - Statement - return (java.lang.Math.floor((java.lang.Math.random() * ((max - min) + 1))) + min): Text '30.0' is set on object 'Object Repository/MOH AND GRN/Page_KDMC - CMS/input_txtmrp'

2018-05-28 13:41:37 - [MESSAGE][PASSED] - Text '30.0' is set on object 'Object Repository/MOH AND GRN/Page_KDMC - CMS/input_txtmrp'

2018-05-28 13:41:37 - [TEST_STEP][PASSED] - setText: Finding Test Object with id 'Object Repository/MOH AND GRN/Page_KDMC - CMS/input_txtdeal'

2018-05-28 13:41:37 - [TEST_STEP][PASSED] - Statement - switch (id): Finding Test Object with id 'Object Repository/MOH AND GRN/Page_KDMC - CMS/input_txtbatchno'

2018-05-28 13:41:37 - [TEST_STEP][PASSED] - Statement - case 5:: Text '9.0' is set on object 'Object Repository/MOH AND GRN/Page_KDMC - CMS/input_txtdeal'

2018-05-28 13:41:37 - [TEST_STEP][PASSED] - Statement - return (java.lang.Math.floor((java.lang.Math.random() * ((max - min) + 1))) + min): Text '9.0' is set on object 'Object Repository/MOH AND GRN/Page_KDMC - CMS/input_txtdeal'

2018-05-28 13:41:37 - [MESSAGE][PASSED] - Text '9.0' is set on object 'Object Repository/MOH AND GRN/Page_KDMC - CMS/input_txtdeal'

2018-05-28 13:41:37 - [TEST_STEP][PASSED] - setText: Finding Test Object with id 'Object Repository/MOH AND GRN/Page_KDMC - CMS/input_txtbatchno'

2018-05-28 13:41:37 - [TEST_STEP][PASSED] - Statement - switch (id): Finding Test Object with id 'Object Repository/MOH AND GRN/Page_KDMC - CMS/input_txtmrp'

2018-05-28 13:41:37 - [TEST_STEP][PASSED] - Statement - case 1:: Text 'BA584.0' is set on object 'Object Repository/MOH AND GRN/Page_KDMC - CMS/input_txtbatchno'

2018-05-28 13:41:37 - [TEST_STEP][PASSED] - Statement - return (java.lang.Math.floor((java.lang.Math.random() * ((max - min) + 1))) + min): Text 'BA584.0' is set on object 'Object Repository/MOH AND GRN/Page_KDMC - CMS/input_txtbatchno'

2018-05-28 13:41:37 - [MESSAGE][PASSED] - Text 'BA584.0' is set on object 'Object Repository/MOH AND GRN/Page_KDMC - CMS/input_txtbatchno'

2018-05-28 13:41:37 - [TEST_STEP][PASSED] - rightClick: Object: 'Object Repository/GRN/Page_KDMC - CMS/input_txtexpdate' is right clicked on

2018-05-28 13:41:37 - [MESSAGE][PASSED] - Object: 'Object Repository/GRN/Page_KDMC - CMS/input_txtexpdate' is right clicked on

2018-05-28 13:41:37 - [TEST_STEP][PASSED] - selectOptionByIndex: All options with index in [2] are selected on object 'Object Repository/GRN/Page_KDMC - CMS/select_20182019202020212022202'

2018-05-28 13:41:38 - [MESSAGE][PASSED] - All options with index in [2] are selected on object 'Object Repository/GRN/Page_KDMC - CMS/select_20182019202020212022202'

2018-05-28 13:41:38 - [TEST_STEP][PASSED] - selectOptionByIndex: All options with index in [2] are selected on object 'Object Repository/GRN/Page_KDMC - CMS/select_JanFebMarAprMayJunJulAu'

2018-05-28 13:41:38 - [MESSAGE][PASSED] - All options with index in [2] are selected on object 'Object Repository/GRN/Page_KDMC - CMS/select_JanFebMarAprMayJunJulAu'

2018-05-28 13:41:38 - [TEST_STEP][PASSED] - click: Object: 'Object Repository/MOH AND GRN/Page_KDMC - CMS/a_12' is clicked on

2018-05-28 13:41:38 - [MESSAGE][PASSED] - Object: 'Object Repository/MOH AND GRN/Page_KDMC - CMS/a_12' is clicked on

2018-05-28 13:41:38 - [TEST_STEP][PASSED] - click: Object: 'Object Repository/MOH AND GRN/Page_KDMC - CMS/input_btnadd' is clicked on

2018-05-28 13:41:38 - [MESSAGE][PASSED] - Object: 'Object Repository/MOH AND GRN/Page_KDMC - CMS/input_btnadd' is clicked on

2018-05-28 13:41:38 - [TEST_STEP][PASSED] - Statement - If (s == 10): null

2018-05-28 13:41:38 - [TEST_STEP][PASSED] - Statement - Else: null

2018-05-28 13:41:38 - [TEST_STEP][PASSED] - Statement - (s++): null

2018-05-28 13:41:38 - [TEST_STEP][PASSED] - delay: Delayed 1 second(s)

2018-05-28 13:41:39 - [MESSAGE][PASSED] - Delayed 1 second(s)

2018-05-28 13:41:39 - [TEST_STEP][PASSED] - selectOptionByIndex: All options with index in [13] are selected on object 'Object Repository/MOH AND GRN/Page_KDMC - CMS/select_--Select--Amikacin -500'

2018-05-28 13:41:39 - [MESSAGE][PASSED] - All options with index in [13] are selected on object 'Object Repository/MOH AND GRN/Page_KDMC - CMS/select_--Select--Amikacin -500'

2018-05-28 13:41:39 - [TEST_STEP][PASSED] - setText: Text '5000' is set on object 'Object Repository/MOH AND GRN/Page_KDMC - CMS/input_txtqty'

2018-05-28 13:41:39 - [MESSAGE][PASSED] - Text '5000' is set on object 'Object Repository/MOH AND GRN/Page_KDMC - CMS/input_txtqty'

2018-05-28 13:41:39 - [TEST_STEP][PASSED] - selectOptionByIndex: All options with index in [1] are selected on object 'Object Repository/MOH AND GRN/Page_KDMC - CMS/select_--Select--No Tax0'

2018-05-28 13:41:40 - [MESSAGE][PASSED] - All options with index in [1] are selected on object 'Object Repository/MOH AND GRN/Page_KDMC - CMS/select_--Select--No Tax0'

2018-05-28 13:41:40 - [TEST_STEP][PASSED] - setText: Finding Test Object with id 'Object Repository/MOH AND GRN/Page_KDMC - CMS/input_txtmrp'

2018-05-28 13:41:40 - [TEST_STEP][PASSED] - Statement - switch (id): Finding Test Object with id 'Object Repository/MOH AND GRN/Page_KDMC - CMS/input_txtdeal'

2018-05-28 13:41:40 - [TEST_STEP][PASSED] - Statement - case 4:: Text '19.0' is set on object 'Object Repository/MOH AND GRN/Page_KDMC - CMS/input_txtmrp'

2018-05-28 13:41:40 - [TEST_STEP][PASSED] - Statement - return (java.lang.Math.floor((java.lang.Math.random() * ((max - min) + 1))) + min): Text '19.0' is set on object 'Object Repository/MOH AND GRN/Page_KDMC - CMS/input_txtmrp'

2018-05-28 13:41:40 - [MESSAGE][PASSED] - Text '19.0' is set on object 'Object Repository/MOH AND GRN/Page_KDMC - CMS/input_txtmrp'

2018-05-28 13:41:40 - [TEST_STEP][PASSED] - setText: Finding Test Object with id 'Object Repository/MOH AND GRN/Page_KDMC - CMS/input_txtdeal'

2018-05-28 13:41:40 - [TEST_STEP][PASSED] - Statement - switch (id): Finding Test Object with id 'Object Repository/MOH AND GRN/Page_KDMC - CMS/input_txtbatchno'

2018-05-28 13:41:40 - [TEST_STEP][PASSED] - Statement - case 5:: Text '7.0' is set on object 'Object Repository/MOH AND GRN/Page_KDMC - CMS/input_txtdeal'

2018-05-28 13:41:40 - [TEST_STEP][PASSED] - Statement - return (java.lang.Math.floor((java.lang.Math.random() * ((max - min) + 1))) + min): Text '7.0' is set on object 'Object Repository/MOH AND GRN/Page_KDMC - CMS/input_txtdeal'

2018-05-28 13:41:40 - [MESSAGE][PASSED] - Text '7.0' is set on object 'Object Repository/MOH AND GRN/Page_KDMC - CMS/input_txtdeal'

2018-05-28 13:41:40 - [TEST_STEP][PASSED] - setText: Finding Test Object with id 'Object Repository/MOH AND GRN/Page_KDMC - CMS/input_txtbatchno'

2018-05-28 13:41:40 - [TEST_STEP][PASSED] - Statement - switch (id): Finding Test Object with id 'Object Repository/MOH AND GRN/Page_KDMC - CMS/input_txtmrp'

2018-05-28 13:41:40 - [TEST_STEP][PASSED] - Statement - case 1:: Text 'BA960.0' is set on object 'Object Repository/MOH AND GRN/Page_KDMC - CMS/input_txtbatchno'

2018-05-28 13:41:40 - [TEST_STEP][PASSED] - Statement - return (java.lang.Math.floor((java.lang.Math.random() * ((max - min) + 1))) + min): Text 'BA960.0' is set on object 'Object Repository/MOH AND GRN/Page_KDMC - CMS/input_txtbatchno'

2018-05-28 13:41:40 - [MESSAGE][PASSED] - Text 'BA960.0' is set on object 'Object Repository/MOH AND GRN/Page_KDMC - CMS/input_txtbatchno'

2018-05-28 13:41:40 - [TEST_STEP][PASSED] - rightClick: Object: 'Object Repository/GRN/Page_KDMC - CMS/input_txtexpdate' is right clicked on

2018-05-28 13:41:40 - [MESSAGE][PASSED] - Object: 'Object Repository/GRN/Page_KDMC - CMS/input_txtexpdate' is right clicked on

2018-05-28 13:41:40 - [TEST_STEP][PASSED] - selectOptionByIndex: All options with index in [3] are selected on object 'Object Repository/GRN/Page_KDMC - CMS/select_20182019202020212022202'

2018-05-28 13:41:40 - [MESSAGE][PASSED] - All options with index in [3] are selected on object 'Object Repository/GRN/Page_KDMC - CMS/select_20182019202020212022202'

2018-05-28 13:41:40 - [TEST_STEP][PASSED] - selectOptionByIndex: All options with index in [3] are selected on object 'Object Repository/GRN/Page_KDMC - CMS/select_JanFebMarAprMayJunJulAu'

2018-05-28 13:41:40 - [MESSAGE][PASSED] - All options with index in [3] are selected on object 'Object Repository/GRN/Page_KDMC - CMS/select_JanFebMarAprMayJunJulAu'

2018-05-28 13:41:40 - [TEST_STEP][PASSED] - click: Object: 'Object Repository/MOH AND GRN/Page_KDMC - CMS/a_12' is clicked on

2018-05-28 13:41:40 - [MESSAGE][PASSED] - Object: 'Object Repository/MOH AND GRN/Page_KDMC - CMS/a_12' is clicked on

2018-05-28 13:41:40 - [TEST_STEP][PASSED] - click: Object: 'Object Repository/MOH AND GRN/Page_KDMC - CMS/input_btnadd' is clicked on

2018-05-28 13:41:40 - [MESSAGE][PASSED] - Object: 'Object Repository/MOH AND GRN/Page_KDMC - CMS/input_btnadd' is clicked on

2018-05-28 13:41:40 - [TEST_STEP][PASSED] - Statement - If (s == 10): null

2018-05-28 13:41:40 - [TEST_STEP][PASSED] - Statement - Else: null

2018-05-28 13:41:40 - [TEST_STEP][PASSED] - Statement - (s++): null

2018-05-28 13:41:40 - [TEST_STEP][PASSED] - delay: Delayed 1 second(s)

2018-05-28 13:41:41 - [MESSAGE][PASSED] - Delayed 1 second(s)

2018-05-28 13:41:41 - [TEST_STEP][PASSED] - selectOptionByIndex: All options with index in [14] are selected on object 'Object Repository/MOH AND GRN/Page_KDMC - CMS/select_--Select--Amikacin -500'

2018-05-28 13:41:42 - [MESSAGE][PASSED] - All options with index in [14] are selected on object 'Object Repository/MOH AND GRN/Page_KDMC - CMS/select_--Select--Amikacin -500'

2018-05-28 13:41:42 - [TEST_STEP][PASSED] - setText: Text '5000' is set on object 'Object Repository/MOH AND GRN/Page_KDMC - CMS/input_txtqty'

2018-05-28 13:41:42 - [MESSAGE][PASSED] - Text '5000' is set on object 'Object Repository/MOH AND GRN/Page_KDMC - CMS/input_txtqty'

2018-05-28 13:41:42 - [TEST_STEP][PASSED] - selectOptionByIndex: All options with index in [1] are selected on object 'Object Repository/MOH AND GRN/Page_KDMC - CMS/select_--Select--No Tax0'

2018-05-28 13:41:42 - [MESSAGE][PASSED] - All options with index in [1] are selected on object 'Object Repository/MOH AND GRN/Page_KDMC - CMS/select_--Select--No Tax0'

2018-05-28 13:41:42 - [TEST_STEP][PASSED] - setText: Finding Test Object with id 'Object Repository/MOH AND GRN/Page_KDMC - CMS/input_txtmrp'

2018-05-28 13:41:42 - [TEST_STEP][PASSED] - Statement - switch (id): Finding Test Object with id 'Object Repository/MOH AND GRN/Page_KDMC - CMS/input_txtdeal'

2018-05-28 13:41:42 - [TEST_STEP][PASSED] - Statement - case 4:: Text '39.0' is set on object 'Object Repository/MOH AND GRN/Page_KDMC - CMS/input_txtmrp'

2018-05-28 13:41:42 - [TEST_STEP][PASSED] - Statement - return (java.lang.Math.floor((java.lang.Math.random() * ((max - min) + 1))) + min): Text '39.0' is set on object 'Object Repository/MOH AND GRN/Page_KDMC - CMS/input_txtmrp'

2018-05-28 13:41:42 - [MESSAGE][PASSED] - Text '39.0' is set on object 'Object Repository/MOH AND GRN/Page_KDMC - CMS/input_txtmrp'

2018-05-28 13:41:42 - [TEST_STEP][PASSED] - setText: Finding Test Object with id 'Object Repository/MOH AND GRN/Page_KDMC - CMS/input_txtdeal'

2018-05-28 13:41:42 - [TEST_STEP][PASSED] - Statement - switch (id): Finding Test Object with id 'Object Repository/MOH AND GRN/Page_KDMC - CMS/input_txtbatchno'

2018-05-28 13:41:42 - [TEST_STEP][PASSED] - Statement - case 5:: Text '9.0' is set on object 'Object Repository/MOH AND GRN/Page_KDMC - CMS/input_txtdeal'

2018-05-28 13:41:42 - [TEST_STEP][PASSED] - Statement - return (java.lang.Math.floor((java.lang.Math.random() * ((max - min) + 1))) + min): Text '9.0' is set on object 'Object Repository/MOH AND GRN/Page_KDMC - CMS/input_txtdeal'

2018-05-28 13:41:42 - [MESSAGE][PASSED] - Text '9.0' is set on object 'Object Repository/MOH AND GRN/Page_KDMC - CMS/input_txtdeal'

2018-05-28 13:41:42 - [TEST_STEP][PASSED] - setText: Finding Test Object with id 'Object Repository/MOH AND GRN/Page_KDMC - CMS/input_txtbatchno'

2018-05-28 13:41:42 - [TEST_STEP][PASSED] - Statement - switch (id): Finding Test Object with id 'Object Repository/MOH AND GRN/Page_KDMC - CMS/input_txtmrp'

2018-05-28 13:41:42 - [TEST_STEP][PASSED] - Statement - case 1:: Text 'BA277.0' is set on object 'Object Repository/MOH AND GRN/Page_KDMC - CMS/input_txtbatchno'

2018-05-28 13:41:42 - [TEST_STEP][PASSED] - Statement - return (java.lang.Math.floor((java.lang.Math.random() * ((max - min) + 1))) + min): Text 'BA277.0' is set on object 'Object Repository/MOH AND GRN/Page_KDMC - CMS/input_txtbatchno'

2018-05-28 13:41:42 - [MESSAGE][PASSED] - Text 'BA277.0' is set on object 'Object Repository/MOH AND GRN/Page_KDMC - CMS/input_txtbatchno'

2018-05-28 13:41:42 - [TEST_STEP][PASSED] - rightClick: Object: 'Object Repository/GRN/Page_KDMC - CMS/input_txtexpdate' is right clicked on

2018-05-28 13:41:42 - [MESSAGE][PASSED] - Object: 'Object Repository/GRN/Page_KDMC - CMS/input_txtexpdate' is right clicked on

2018-05-28 13:41:42 - [TEST_STEP][PASSED] - selectOptionByIndex: All options with index in [4] are selected on object 'Object Repository/GRN/Page_KDMC - CMS/select_20182019202020212022202'

2018-05-28 13:41:42 - [MESSAGE][PASSED] - All options with index in [4] are selected on object 'Object Repository/GRN/Page_KDMC - CMS/select_20182019202020212022202'

2018-05-28 13:41:42 - [TEST_STEP][PASSED] - selectOptionByIndex: All options with index in [4] are selected on object 'Object Repository/GRN/Page_KDMC - CMS/select_JanFebMarAprMayJunJulAu'

2018-05-28 13:41:43 - [MESSAGE][PASSED] - All options with index in [4] are selected on object 'Object Repository/GRN/Page_KDMC - CMS/select_JanFebMarAprMayJunJulAu'

2018-05-28 13:41:43 - [TEST_STEP][PASSED] - click: Object: 'Object Repository/MOH AND GRN/Page_KDMC - CMS/a_12' is clicked on

2018-05-28 13:41:43 - [MESSAGE][PASSED] - Object: 'Object Repository/MOH AND GRN/Page_KDMC - CMS/a_12' is clicked on

2018-05-28 13:41:43 - [TEST_STEP][PASSED] - click: Object: 'Object Repository/MOH AND GRN/Page_KDMC - CMS/input_btnadd' is clicked on

2018-05-28 13:41:43 - [MESSAGE][PASSED] - Object: 'Object Repository/MOH AND GRN/Page_KDMC - CMS/input_btnadd' is clicked on

2018-05-28 13:41:43 - [TEST_STEP][PASSED] - Statement - If (s == 10): null

2018-05-28 13:41:43 - [TEST_STEP][PASSED] - Statement - Else: null

2018-05-28 13:41:43 - [TEST_STEP][PASSED] - Statement - (s++): null

2018-05-28 13:41:43 - [TEST_STEP][PASSED] - delay: Delayed 1 second(s)

2018-05-28 13:41:44 - [MESSAGE][PASSED] - Delayed 1 second(s)

2018-05-28 13:41:44 - [TEST_STEP][PASSED] - selectOptionByIndex: All options with index in [15] are selected on object 'Object Repository/MOH AND GRN/Page_KDMC - CMS/select_--Select--Amikacin -500'

2018-05-28 13:41:44 - [MESSAGE][PASSED] - All options with index in [15] are selected on object 'Object Repository/MOH AND GRN/Page_KDMC - CMS/select_--Select--Amikacin -500'

2018-05-28 13:41:44 - [TEST_STEP][PASSED] - setText: Text '5000' is set on object 'Object Repository/MOH AND GRN/Page_KDMC - CMS/input_txtqty'

2018-05-28 13:41:44 - [MESSAGE][PASSED] - Text '5000' is set on object 'Object Repository/MOH AND GRN/Page_KDMC - CMS/input_txtqty'

2018-05-28 13:41:44 - [TEST_STEP][PASSED] - selectOptionByIndex: All options with index in [1] are selected on object 'Object Repository/MOH AND GRN/Page_KDMC - CMS/select_--Select--No Tax0'

2018-05-28 13:41:44 - [MESSAGE][PASSED] - All options with index in [1] are selected on object 'Object Repository/MOH AND GRN/Page_KDMC - CMS/select_--Select--No Tax0'

2018-05-28 13:41:44 - [TEST_STEP][PASSED] - setText: Finding Test Object with id 'Object Repository/MOH AND GRN/Page_KDMC - CMS/input_txtmrp'

2018-05-28 13:41:44 - [TEST_STEP][PASSED] - Statement - switch (id): Finding Test Object with id 'Object Repository/MOH AND GRN/Page_KDMC - CMS/input_txtdeal'

2018-05-28 13:41:44 - [TEST_STEP][PASSED] - Statement - case 4:: Text '16.0' is set on object 'Object Repository/MOH AND GRN/Page_KDMC - CMS/input_txtmrp'

2018-05-28 13:41:44 - [TEST_STEP][PASSED] - Statement - return (java.lang.Math.floor((java.lang.Math.random() * ((max - min) + 1))) + min): Text '16.0' is set on object 'Object Repository/MOH AND GRN/Page_KDMC - CMS/input_txtmrp'

2018-05-28 13:41:44 - [MESSAGE][PASSED] - Text '16.0' is set on object 'Object Repository/MOH AND GRN/Page_KDMC - CMS/input_txtmrp'

2018-05-28 13:41:44 - [TEST_STEP][PASSED] - setText: Finding Test Object with id 'Object Repository/MOH AND GRN/Page_KDMC - CMS/input_txtdeal'

2018-05-28 13:41:44 - [TEST_STEP][PASSED] - Statement - switch (id): Finding Test Object with id 'Object Repository/MOH AND GRN/Page_KDMC - CMS/input_txtbatchno'

2018-05-28 13:41:44 - [TEST_STEP][PASSED] - Statement - case 5:: Text '11.0' is set on object 'Object Repository/MOH AND GRN/Page_KDMC - CMS/input_txtdeal'

2018-05-28 13:41:44 - [TEST_STEP][PASSED] - Statement - return (java.lang.Math.floor((java.lang.Math.random() * ((max - min) + 1))) + min): Text '11.0' is set on object 'Object Repository/MOH AND GRN/Page_KDMC - CMS/input_txtdeal'

2018-05-28 13:41:44 - [MESSAGE][PASSED] - Text '11.0' is set on object 'Object Repository/MOH AND GRN/Page_KDMC - CMS/input_txtdeal'

2018-05-28 13:41:44 - [TEST_STEP][PASSED] - setText: Finding Test Object with id 'Object Repository/MOH AND GRN/Page_KDMC - CMS/input_txtbatchno'

2018-05-28 13:41:44 - [TEST_STEP][PASSED] - Statement - switch (id): Finding Test Object with id 'Object Repository/MOH AND GRN/Page_KDMC - CMS/input_txtmrp'

2018-05-28 13:41:44 - [TEST_STEP][PASSED] - Statement - case 1:: Text 'BA377.0' is set on object 'Object Repository/MOH AND GRN/Page_KDMC - CMS/input_txtbatchno'

2018-05-28 13:41:44 - [TEST_STEP][PASSED] - Statement - return (java.lang.Math.floor((java.lang.Math.random() * ((max - min) + 1))) + min): Text 'BA377.0' is set on object 'Object Repository/MOH AND GRN/Page_KDMC - CMS/input_txtbatchno'

2018-05-28 13:41:45 - [MESSAGE][PASSED] - Text 'BA377.0' is set on object 'Object Repository/MOH AND GRN/Page_KDMC - CMS/input_txtbatchno'

2018-05-28 13:41:45 - [TEST_STEP][PASSED] - rightClick: Object: 'Object Repository/GRN/Page_KDMC - CMS/input_txtexpdate' is right clicked on

2018-05-28 13:41:45 - [MESSAGE][PASSED] - Object: 'Object Repository/GRN/Page_KDMC - CMS/input_txtexpdate' is right clicked on

2018-05-28 13:41:45 - [TEST_STEP][PASSED] - selectOptionByIndex: All options with index in [5] are selected on object 'Object Repository/GRN/Page_KDMC - CMS/select_20182019202020212022202'

2018-05-28 13:41:45 - [MESSAGE][PASSED] - All options with index in [5] are selected on object 'Object Repository/GRN/Page_KDMC - CMS/select_20182019202020212022202'

2018-05-28 13:41:45 - [TEST_STEP][PASSED] - selectOptionByIndex: All options with index in [5] are selected on object 'Object Repository/GRN/Page_KDMC - CMS/select_JanFebMarAprMayJunJulAu'

2018-05-28 13:41:45 - [MESSAGE][PASSED] - All options with index in [5] are selected on object 'Object Repository/GRN/Page_KDMC - CMS/select_JanFebMarAprMayJunJulAu'

2018-05-28 13:41:45 - [TEST_STEP][PASSED] - click: Object: 'Object Repository/MOH AND GRN/Page_KDMC - CMS/a_12' is clicked on

2018-05-28 13:41:45 - [MESSAGE][PASSED] - Object: 'Object Repository/MOH AND GRN/Page_KDMC - CMS/a_12' is clicked on

2018-05-28 13:41:45 - [TEST_STEP][PASSED] - click: Object: 'Object Repository/MOH AND GRN/Page_KDMC - CMS/input_btnadd' is clicked on

2018-05-28 13:41:45 - [MESSAGE][PASSED] - Object: 'Object Repository/MOH AND GRN/Page_KDMC - CMS/input_btnadd' is clicked on

2018-05-28 13:41:45 - [TEST_STEP][PASSED] - Statement - If (s == 10): null

2018-05-28 13:41:45 - [TEST_STEP][PASSED] - Statement - Else: null

2018-05-28 13:41:45 - [TEST_STEP][PASSED] - Statement - (s++): null

2018-05-28 13:41:45 - [TEST_STEP][PASSED] - delay: Delayed 1 second(s)

2018-05-28 13:41:46 - [MESSAGE][PASSED] - Delayed 1 second(s)

2018-05-28 13:41:46 - [TEST_STEP][PASSED] - selectOptionByIndex: All options with index in [16] are selected on object 'Object Repository/MOH AND GRN/Page_KDMC - CMS/select_--Select--Amikacin -500'

2018-05-28 13:41:47 - [MESSAGE][PASSED] - All options with index in [16] are selected on object 'Object Repository/MOH AND GRN/Page_KDMC - CMS/select_--Select--Amikacin -500'

2018-05-28 13:41:47 - [TEST_STEP][PASSED] - setText: Text '5000' is set on object 'Object Repository/MOH AND GRN/Page_KDMC - CMS/input_txtqty'

2018-05-28 13:41:47 - [MESSAGE][PASSED] - Text '5000' is set on object 'Object Repository/MOH AND GRN/Page_KDMC - CMS/input_txtqty'

2018-05-28 13:41:47 - [TEST_STEP][PASSED] - selectOptionByIndex: All options with index in [1] are selected on object 'Object Repository/MOH AND GRN/Page_KDMC - CMS/select_--Select--No Tax0'

2018-05-28 13:41:47 - [MESSAGE][PASSED] - All options with index in [1] are selected on object 'Object Repository/MOH AND GRN/Page_KDMC - CMS/select_--Select--No Tax0'

2018-05-28 13:41:47 - [TEST_STEP][PASSED] - setText: Finding Test Object with id 'Object Repository/MOH AND GRN/Page_KDMC - CMS/input_txtmrp'

2018-05-28 13:41:47 - [TEST_STEP][PASSED] - Statement - switch (id): Finding Test Object with id 'Object Repository/MOH AND GRN/Page_KDMC - CMS/input_txtdeal'

2018-05-28 13:41:47 - [TEST_STEP][PASSED] - Statement - case 4:: Text '42.0' is set on object 'Object Repository/MOH AND GRN/Page_KDMC - CMS/input_txtmrp'

2018-05-28 13:41:47 - [TEST_STEP][PASSED] - Statement - return (java.lang.Math.floor((java.lang.Math.random() * ((max - min) + 1))) + min): Text '42.0' is set on object 'Object Repository/MOH AND GRN/Page_KDMC - CMS/input_txtmrp'

2018-05-28 13:41:47 - [MESSAGE][PASSED] - Text '42.0' is set on object 'Object Repository/MOH AND GRN/Page_KDMC - CMS/input_txtmrp'

2018-05-28 13:41:47 - [TEST_STEP][PASSED] - setText: Finding Test Object with id 'Object Repository/MOH AND GRN/Page_KDMC - CMS/input_txtdeal'

2018-05-28 13:41:47 - [TEST_STEP][PASSED] - Statement - switch (id): Finding Test Object with id 'Object Repository/MOH AND GRN/Page_KDMC - CMS/input_txtbatchno'

2018-05-28 13:41:47 - [TEST_STEP][PASSED] - Statement - case 5:: Text '9.0' is set on object 'Object Repository/MOH AND GRN/Page_KDMC - CMS/input_txtdeal'

2018-05-28 13:41:47 - [TEST_STEP][PASSED] - Statement - return (java.lang.Math.floor((java.lang.Math.random() * ((max - min) + 1))) + min): Text '9.0' is set on object 'Object Repository/MOH AND GRN/Page_KDMC - CMS/input_txtdeal'

2018-05-28 13:41:47 - [MESSAGE][PASSED] - Text '9.0' is set on object 'Object Repository/MOH AND GRN/Page_KDMC - CMS/input_txtdeal'

2018-05-28 13:41:47 - [TEST_STEP][PASSED] - setText: Finding Test Object with id 'Object Repository/MOH AND GRN/Page_KDMC - CMS/input_txtbatchno'

2018-05-28 13:41:47 - [TEST_STEP][PASSED] - Statement - switch (id): Finding Test Object with id 'Object Repository/MOH AND GRN/Page_KDMC - CMS/input_txtmrp'

2018-05-28 13:41:47 - [TEST_STEP][PASSED] - Statement - case 1:: Text 'BA103.0' is set on object 'Object Repository/MOH AND GRN/Page_KDMC - CMS/input_txtbatchno'

2018-05-28 13:41:47 - [TEST_STEP][PASSED] - Statement - return (java.lang.Math.floor((java.lang.Math.random() * ((max - min) + 1))) + min): Text 'BA103.0' is set on object 'Object Repository/MOH AND GRN/Page_KDMC - CMS/input_txtbatchno'

2018-05-28 13:41:47 - [MESSAGE][PASSED] - Text 'BA103.0' is set on object 'Object Repository/MOH AND GRN/Page_KDMC - CMS/input_txtbatchno'

2018-05-28 13:41:47 - [TEST_STEP][PASSED] - rightClick: Object: 'Object Repository/GRN/Page_KDMC - CMS/input_txtexpdate' is right clicked on

2018-05-28 13:41:47 - [MESSAGE][PASSED] - Object: 'Object Repository/GRN/Page_KDMC - CMS/input_txtexpdate' is right clicked on

2018-05-28 13:41:47 - [TEST_STEP][PASSED] - selectOptionByIndex: All options with index in [6] are selected on object 'Object Repository/GRN/Page_KDMC - CMS/select_20182019202020212022202'

2018-05-28 13:41:47 - [MESSAGE][PASSED] - All options with index in [6] are selected on object 'Object Repository/GRN/Page_KDMC - CMS/select_20182019202020212022202'

2018-05-28 13:41:47 - [TEST_STEP][PASSED] - selectOptionByIndex: All options with index in [6] are selected on object 'Object Repository/GRN/Page_KDMC - CMS/select_JanFebMarAprMayJunJulAu'

2018-05-28 13:41:48 - [MESSAGE][PASSED] - All options with index in [6] are selected on object 'Object Repository/GRN/Page_KDMC - CMS/select_JanFebMarAprMayJunJulAu'

2018-05-28 13:41:48 - [TEST_STEP][PASSED] - click: Object: 'Object Repository/MOH AND GRN/Page_KDMC - CMS/a_12' is clicked on

2018-05-28 13:41:48 - [MESSAGE][PASSED] - Object: 'Object Repository/MOH AND GRN/Page_KDMC - CMS/a_12' is clicked on

2018-05-28 13:41:48 - [TEST_STEP][PASSED] - click: Object: 'Object Repository/MOH AND GRN/Page_KDMC - CMS/input_btnadd' is clicked on

2018-05-28 13:41:48 - [MESSAGE][PASSED] - Object: 'Object Repository/MOH AND GRN/Page_KDMC - CMS/input_btnadd' is clicked on

2018-05-28 13:41:48 - [TEST_STEP][PASSED] - Statement - If (s == 10): null

2018-05-28 13:41:48 - [TEST_STEP][PASSED] - Statement - Else: null

2018-05-28 13:41:48 - [TEST_STEP][PASSED] - Statement - (s++): null

2018-05-28 13:41:48 - [TEST_STEP][PASSED] - delay: Delayed 1 second(s)

2018-05-28 13:41:49 - [MESSAGE][PASSED] - Delayed 1 second(s)

2018-05-28 13:41:49 - [TEST_STEP][PASSED] - selectOptionByIndex: All options with index in [17] are selected on object 'Object Repository/MOH AND GRN/Page_KDMC - CMS/select_--Select--Amikacin -500'

2018-05-28 13:41:49 - [MESSAGE][PASSED] - All options with index in [17] are selected on object 'Object Repository/MOH AND GRN/Page_KDMC - CMS/select_--Select--Amikacin -500'

2018-05-28 13:41:49 - [TEST_STEP][PASSED] - setText: Text '5000' is set on object 'Object Repository/MOH AND GRN/Page_KDMC - CMS/input_txtqty'

2018-05-28 13:41:49 - [MESSAGE][PASSED] - Text '5000' is set on object 'Object Repository/MOH AND GRN/Page_KDMC - CMS/input_txtqty'

2018-05-28 13:41:49 - [TEST_STEP][PASSED] - selectOptionByIndex: All options with index in [1] are selected on object 'Object Repository/MOH AND GRN/Page_KDMC - CMS/select_--Select--No Tax0'

2018-05-28 13:41:49 - [MESSAGE][PASSED] - All options with index in [1] are selected on object 'Object Repository/MOH AND GRN/Page_KDMC - CMS/select_--Select--No Tax0'

2018-05-28 13:41:49 - [TEST_STEP][PASSED] - setText: Finding Test Object with id 'Object Repository/MOH AND GRN/Page_KDMC - CMS/input_txtmrp'

2018-05-28 13:41:49 - [TEST_STEP][PASSED] - Statement - switch (id): Finding Test Object with id 'Object Repository/MOH AND GRN/Page_KDMC - CMS/input_txtdeal'

2018-05-28 13:41:49 - [TEST_STEP][PASSED] - Statement - case 4:: Text '19.0' is set on object 'Object Repository/MOH AND GRN/Page_KDMC - CMS/input_txtmrp'

2018-05-28 13:41:49 - [TEST_STEP][PASSED] - Statement - return (java.lang.Math.floor((java.lang.Math.random() * ((max - min) + 1))) + min): Text '19.0' is set on object 'Object Repository/MOH AND GRN/Page_KDMC - CMS/input_txtmrp'

2018-05-28 13:41:49 - [MESSAGE][PASSED] - Text '19.0' is set on object 'Object Repository/MOH AND GRN/Page_KDMC - CMS/input_txtmrp'

2018-05-28 13:41:49 - [TEST_STEP][PASSED] - setText: Finding Test Object with id 'Object Repository/MOH AND GRN/Page_KDMC - CMS/input_txtdeal'

2018-05-28 13:41:49 - [TEST_STEP][PASSED] - Statement - switch (id): Finding Test Object with id 'Object Repository/MOH AND GRN/Page_KDMC - CMS/input_txtbatchno'

2018-05-28 13:41:49 - [TEST_STEP][PASSED] - Statement - case 5:: Text '5.0' is set on object 'Object Repository/MOH AND GRN/Page_KDMC - CMS/input_txtdeal'

2018-05-28 13:41:49 - [TEST_STEP][PASSED] - Statement - return (java.lang.Math.floor((java.lang.Math.random() * ((max - min) + 1))) + min): Text '5.0' is set on object 'Object Repository/MOH AND GRN/Page_KDMC - CMS/input_txtdeal'

2018-05-28 13:41:50 - [MESSAGE][PASSED] - Text '5.0' is set on object 'Object Repository/MOH AND GRN/Page_KDMC - CMS/input_txtdeal'

2018-05-28 13:41:50 - [TEST_STEP][PASSED] - setText: Finding Test Object with id 'Object Repository/MOH AND GRN/Page_KDMC - CMS/input_txtbatchno'

2018-05-28 13:41:50 - [TEST_STEP][PASSED] - Statement - switch (id): Finding Test Object with id 'Object Repository/MOH AND GRN/Page_KDMC - CMS/input_txtmrp'

2018-05-28 13:41:50 - [TEST_STEP][PASSED] - Statement - case 1:: Text 'BA579.0' is set on object 'Object Repository/MOH AND GRN/Page_KDMC - CMS/input_txtbatchno'

2018-05-28 13:41:50 - [TEST_STEP][PASSED] - Statement - return (java.lang.Math.floor((java.lang.Math.random() * ((max - min) + 1))) + min): Text 'BA579.0' is set on object 'Object Repository/MOH AND GRN/Page_KDMC - CMS/input_txtbatchno'

2018-05-28 13:41:50 - [MESSAGE][PASSED] - Text 'BA579.0' is set on object 'Object Repository/MOH AND GRN/Page_KDMC - CMS/input_txtbatchno'

2018-05-28 13:41:50 - [TEST_STEP][PASSED] - rightClick: Object: 'Object Repository/GRN/Page_KDMC - CMS/input_txtexpdate' is right clicked on

2018-05-28 13:41:50 - [MESSAGE][PASSED] - Object: 'Object Repository/GRN/Page_KDMC - CMS/input_txtexpdate' is right clicked on

2018-05-28 13:41:50 - [TEST_STEP][PASSED] - selectOptionByIndex: All options with index in [7] are selected on object 'Object Repository/GRN/Page_KDMC - CMS/select_20182019202020212022202'

2018-05-28 13:41:50 - [MESSAGE][PASSED] - All options with index in [7] are selected on object 'Object Repository/GRN/Page_KDMC - CMS/select_20182019202020212022202'

2018-05-28 13:41:50 - [TEST_STEP][PASSED] - selectOptionByIndex: All options with index in [7] are selected on object 'Object Repository/GRN/Page_KDMC - CMS/select_JanFebMarAprMayJunJulAu'

2018-05-28 13:41:50 - [MESSAGE][PASSED] - All options with index in [7] are selected on object 'Object Repository/GRN/Page_KDMC - CMS/select_JanFebMarAprMayJunJulAu'

2018-05-28 13:41:50 - [TEST_STEP][PASSED] - click: Object: 'Object Repository/MOH AND GRN/Page_KDMC - CMS/a_12' is clicked on

2018-05-28 13:41:50 - [MESSAGE][PASSED] - Object: 'Object Repository/MOH AND GRN/Page_KDMC - CMS/a_12' is clicked on

2018-05-28 13:41:50 - [TEST_STEP][PASSED] - click: Object: 'Object Repository/MOH AND GRN/Page_KDMC - CMS/input_btnadd' is clicked on

2018-05-28 13:41:50 - [MESSAGE][PASSED] - Object: 'Object Repository/MOH AND GRN/Page_KDMC - CMS/input_btnadd' is clicked on

2018-05-28 13:41:50 - [TEST_STEP][PASSED] - Statement - If (s == 10): null

2018-05-28 13:41:50 - [TEST_STEP][PASSED] - Statement - Else: null

2018-05-28 13:41:50 - [TEST_STEP][PASSED] - Statement - (s++): null

2018-05-28 13:41:50 - [TEST_STEP][PASSED] - delay: Delayed 1 second(s)

2018-05-28 13:41:51 - [MESSAGE][PASSED] - Delayed 1 second(s)

2018-05-28 13:41:51 - [TEST_STEP][PASSED] - selectOptionByIndex: All options with index in [18] are selected on object 'Object Repository/MOH AND GRN/Page_KDMC - CMS/select_--Select--Amikacin -500'

2018-05-28 13:41:52 - [MESSAGE][PASSED] - All options with index in [18] are selected on object 'Object Repository/MOH AND GRN/Page_KDMC - CMS/select_--Select--Amikacin -500'

2018-05-28 13:41:52 - [TEST_STEP][PASSED] - setText: Text '5000' is set on object 'Object Repository/MOH AND GRN/Page_KDMC - CMS/input_txtqty'

2018-05-28 13:41:52 - [MESSAGE][PASSED] - Text '5000' is set on object 'Object Repository/MOH AND GRN/Page_KDMC - CMS/input_txtqty'

2018-05-28 13:41:52 - [TEST_STEP][PASSED] - selectOptionByIndex: All options with index in [1] are selected on object 'Object Repository/MOH AND GRN/Page_KDMC - CMS/select_--Select--No Tax0'

2018-05-28 13:41:52 - [MESSAGE][PASSED] - All options with index in [1] are selected on object 'Object Repository/MOH AND GRN/Page_KDMC - CMS/select_--Select--No Tax0'

2018-05-28 13:41:52 - [TEST_STEP][PASSED] - setText: Finding Test Object with id 'Object Repository/MOH AND GRN/Page_KDMC - CMS/input_txtmrp'

2018-05-28 13:41:52 - [TEST_STEP][PASSED] - Statement - switch (id): Finding Test Object with id 'Object Repository/MOH AND GRN/Page_KDMC - CMS/input_txtdeal'

2018-05-28 13:41:52 - [TEST_STEP][PASSED] - Statement - case 4:: Text '32.0' is set on object 'Object Repository/MOH AND GRN/Page_KDMC - CMS/input_txtmrp'

2018-05-28 13:41:52 - [TEST_STEP][PASSED] - Statement - return (java.lang.Math.floor((java.lang.Math.random() * ((max - min) + 1))) + min): Text '32.0' is set on object 'Object Repository/MOH AND GRN/Page_KDMC - CMS/input_txtmrp'

2018-05-28 13:41:52 - [MESSAGE][PASSED] - Text '32.0' is set on object 'Object Repository/MOH AND GRN/Page_KDMC - CMS/input_txtmrp'

2018-05-28 13:41:52 - [TEST_STEP][PASSED] - setText: Finding Test Object with id 'Object Repository/MOH AND GRN/Page_KDMC - CMS/input_txtdeal'

2018-05-28 13:41:52 - [TEST_STEP][PASSED] - Statement - switch (id): Finding Test Object with id 'Object Repository/MOH AND GRN/Page_KDMC - CMS/input_txtbatchno'

2018-05-28 13:41:52 - [TEST_STEP][PASSED] - Statement - case 5:: Text '12.0' is set on object 'Object Repository/MOH AND GRN/Page_KDMC - CMS/input_txtdeal'

2018-05-28 13:41:52 - [TEST_STEP][PASSED] - Statement - return (java.lang.Math.floor((java.lang.Math.random() * ((max - min) + 1))) + min): Text '12.0' is set on object 'Object Repository/MOH AND GRN/Page_KDMC - CMS/input_txtdeal'

2018-05-28 13:41:52 - [MESSAGE][PASSED] - Text '12.0' is set on object 'Object Repository/MOH AND GRN/Page_KDMC - CMS/input_txtdeal'

2018-05-28 13:41:52 - [TEST_STEP][PASSED] - setText: Finding Test Object with id 'Object Repository/MOH AND GRN/Page_KDMC - CMS/input_txtbatchno'

2018-05-28 13:41:52 - [TEST_STEP][PASSED] - Statement - switch (id): Finding Test Object with id 'Object Repository/MOH AND GRN/Page_KDMC - CMS/input_txtmrp'

2018-05-28 13:41:52 - [TEST_STEP][PASSED] - Statement - case 1:: Text 'BA853.0' is set on object 'Object Repository/MOH AND GRN/Page_KDMC - CMS/input_txtbatchno'

2018-05-28 13:41:52 - [TEST_STEP][PASSED] - Statement - return (java.lang.Math.floor((java.lang.Math.random() * ((max - min) + 1))) + min): Text 'BA853.0' is set on object 'Object Repository/MOH AND GRN/Page_KDMC - CMS/input_txtbatchno'

2018-05-28 13:41:52 - [MESSAGE][PASSED] - Text 'BA853.0' is set on object 'Object Repository/MOH AND GRN/Page_KDMC - CMS/input_txtbatchno'

2018-05-28 13:41:52 - [TEST_STEP][PASSED] - rightClick: Object: 'Object Repository/GRN/Page_KDMC - CMS/input_txtexpdate' is right clicked on

2018-05-28 13:41:52 - [MESSAGE][PASSED] - Object: 'Object Repository/GRN/Page_KDMC - CMS/input_txtexpdate' is right clicked on

2018-05-28 13:41:52 - [TEST_STEP][PASSED] - selectOptionByIndex: All options with index in [8] are selected on object 'Object Repository/GRN/Page_KDMC - CMS/select_20182019202020212022202'

2018-05-28 13:41:53 - [MESSAGE][PASSED] - All options with index in [8] are selected on object 'Object Repository/GRN/Page_KDMC - CMS/select_20182019202020212022202'

2018-05-28 13:41:53 - [TEST_STEP][PASSED] - selectOptionByIndex: All options with index in [8] are selected on object 'Object Repository/GRN/Page_KDMC - CMS/select_JanFebMarAprMayJunJulAu'

2018-05-28 13:41:53 - [MESSAGE][PASSED] - All options with index in [8] are selected on object 'Object Repository/GRN/Page_KDMC - CMS/select_JanFebMarAprMayJunJulAu'

2018-05-28 13:41:53 - [TEST_STEP][PASSED] - click: Object: 'Object Repository/MOH AND GRN/Page_KDMC - CMS/a_12' is clicked on

2018-05-28 13:41:53 - [MESSAGE][PASSED] - Object: 'Object Repository/MOH AND GRN/Page_KDMC - CMS/a_12' is clicked on

2018-05-28 13:41:53 - [TEST_STEP][PASSED] - click: Object: 'Object Repository/MOH AND GRN/Page_KDMC - CMS/input_btnadd' is clicked on

2018-05-28 13:41:53 - [MESSAGE][PASSED] - Object: 'Object Repository/MOH AND GRN/Page_KDMC - CMS/input_btnadd' is clicked on

2018-05-28 13:41:53 - [TEST_STEP][PASSED] - Statement - If (s == 10): null

2018-05-28 13:41:53 - [TEST_STEP][PASSED] - Statement - Else: null

2018-05-28 13:41:53 - [TEST_STEP][PASSED] - Statement - (s++): null

2018-05-28 13:41:53 - [TEST_STEP][PASSED] - delay: Delayed 1 second(s)

2018-05-28 13:41:54 - [MESSAGE][PASSED] - Delayed 1 second(s)

2018-05-28 13:41:54 - [TEST_STEP][PASSED] - selectOptionByIndex: All options with index in [19] are selected on object 'Object Repository/MOH AND GRN/Page_KDMC - CMS/select_--Select--Amikacin -500'

2018-05-28 13:41:54 - [MESSAGE][PASSED] - All options with index in [19] are selected on object 'Object Repository/MOH AND GRN/Page_KDMC - CMS/select_--Select--Amikacin -500'

2018-05-28 13:41:54 - [TEST_STEP][PASSED] - setText: Text '5000' is set on object 'Object Repository/MOH AND GRN/Page_KDMC - CMS/input_txtqty'

2018-05-28 13:41:54 - [MESSAGE][PASSED] - Text '5000' is set on object 'Object Repository/MOH AND GRN/Page_KDMC - CMS/input_txtqty'

2018-05-28 13:41:54 - [TEST_STEP][PASSED] - selectOptionByIndex: All options with index in [1] are selected on object 'Object Repository/MOH AND GRN/Page_KDMC - CMS/select_--Select--No Tax0'

2018-05-28 13:41:55 - [MESSAGE][PASSED] - All options with index in [1] are selected on object 'Object Repository/MOH AND GRN/Page_KDMC - CMS/select_--Select--No Tax0'

2018-05-28 13:41:55 - [TEST_STEP][PASSED] - setText: Finding Test Object with id 'Object Repository/MOH AND GRN/Page_KDMC - CMS/input_txtmrp'

2018-05-28 13:41:55 - [TEST_STEP][PASSED] - Statement - switch (id): Finding Test Object with id 'Object Repository/MOH AND GRN/Page_KDMC - CMS/input_txtdeal'

2018-05-28 13:41:55 - [TEST_STEP][PASSED] - Statement - case 4:: Text '42.0' is set on object 'Object Repository/MOH AND GRN/Page_KDMC - CMS/input_txtmrp'

2018-05-28 13:41:55 - [TEST_STEP][PASSED] - Statement - return (java.lang.Math.floor((java.lang.Math.random() * ((max - min) + 1))) + min): Text '42.0' is set on object 'Object Repository/MOH AND GRN/Page_KDMC - CMS/input_txtmrp'

2018-05-28 13:41:55 - [MESSAGE][PASSED] - Text '42.0' is set on object 'Object Repository/MOH AND GRN/Page_KDMC - CMS/input_txtmrp'

2018-05-28 13:41:55 - [TEST_STEP][PASSED] - setText: Finding Test Object with id 'Object Repository/MOH AND GRN/Page_KDMC - CMS/input_txtdeal'

2018-05-28 13:41:55 - [TEST_STEP][PASSED] - Statement - switch (id): Finding Test Object with id 'Object Repository/MOH AND GRN/Page_KDMC - CMS/input_txtbatchno'

2018-05-28 13:41:55 - [TEST_STEP][PASSED] - Statement - case 5:: Text '8.0' is set on object 'Object Repository/MOH AND GRN/Page_KDMC - CMS/input_txtdeal'

2018-05-28 13:41:55 - [TEST_STEP][PASSED] - Statement - return (java.lang.Math.floor((java.lang.Math.random() * ((max - min) + 1))) + min): Text '8.0' is set on object 'Object Repository/MOH AND GRN/Page_KDMC - CMS/input_txtdeal'

2018-05-28 13:41:55 - [MESSAGE][PASSED] - Text '8.0' is set on object 'Object Repository/MOH AND GRN/Page_KDMC - CMS/input_txtdeal'

2018-05-28 13:41:55 - [TEST_STEP][PASSED] - setText: Finding Test Object with id 'Object Repository/MOH AND GRN/Page_KDMC - CMS/input_txtbatchno'

2018-05-28 13:41:55 - [TEST_STEP][PASSED] - Statement - switch (id): Finding Test Object with id 'Object Repository/MOH AND GRN/Page_KDMC - CMS/input_txtmrp'

2018-05-28 13:41:55 - [TEST_STEP][PASSED] - Statement - case 1:: Text 'BA961.0' is set on object 'Object Repository/MOH AND GRN/Page_KDMC - CMS/input_txtbatchno'

2018-05-28 13:41:55 - [TEST_STEP][PASSED] - Statement - return (java.lang.Math.floor((java.lang.Math.random() * ((max - min) + 1))) + min): Text 'BA961.0' is set on object 'Object Repository/MOH AND GRN/Page_KDMC - CMS/input_txtbatchno'

2018-05-28 13:41:55 - [MESSAGE][PASSED] - Text 'BA961.0' is set on object 'Object Repository/MOH AND GRN/Page_KDMC - CMS/input_txtbatchno'

2018-05-28 13:41:55 - [TEST_STEP][PASSED] - rightClick: Object: 'Object Repository/GRN/Page_KDMC - CMS/input_txtexpdate' is right clicked on

2018-05-28 13:41:55 - [MESSAGE][PASSED] - Object: 'Object Repository/GRN/Page_KDMC - CMS/input_txtexpdate' is right clicked on

2018-05-28 13:41:55 - [TEST_STEP][PASSED] - selectOptionByIndex: All options with index in [9] are selected on object 'Object Repository/GRN/Page_KDMC - CMS/select_20182019202020212022202'

2018-05-28 13:41:55 - [MESSAGE][PASSED] - All options with index in [9] are selected on object 'Object Repository/GRN/Page_KDMC - CMS/select_20182019202020212022202'

2018-05-28 13:41:55 - [TEST_STEP][PASSED] - selectOptionByIndex: All options with index in [9] are selected on object 'Object Repository/GRN/Page_KDMC - CMS/select_JanFebMarAprMayJunJulAu'

2018-05-28 13:41:55 - [MESSAGE][PASSED] - All options with index in [9] are selected on object 'Object Repository/GRN/Page_KDMC - CMS/select_JanFebMarAprMayJunJulAu'

2018-05-28 13:41:55 - [TEST_STEP][PASSED] - click: Object: 'Object Repository/MOH AND GRN/Page_KDMC - CMS/a_12' is clicked on

2018-05-28 13:41:56 - [MESSAGE][PASSED] - Object: 'Object Repository/MOH AND GRN/Page_KDMC - CMS/a_12' is clicked on

2018-05-28 13:41:56 - [TEST_STEP][PASSED] - click: Object: 'Object Repository/MOH AND GRN/Page_KDMC - CMS/input_btnadd' is clicked on

2018-05-28 13:41:56 - [MESSAGE][PASSED] - Object: 'Object Repository/MOH AND GRN/Page_KDMC - CMS/input_btnadd' is clicked on

2018-05-28 13:41:56 - [TEST_STEP][PASSED] - Statement - If (s == 10): null

2018-05-28 13:41:56 - [TEST_STEP][PASSED] - Statement - Else: null

2018-05-28 13:41:56 - [TEST_STEP][PASSED] - Statement - (s++): null

2018-05-28 13:41:56 - [TEST_STEP][PASSED] - delay: Delayed 1 second(s)

2018-05-28 13:41:57 - [MESSAGE][PASSED] - Delayed 1 second(s)

2018-05-28 13:41:57 - [TEST_STEP][PASSED] - selectOptionByIndex: All options with index in [20] are selected on object 'Object Repository/MOH AND GRN/Page_KDMC - CMS/select_--Select--Amikacin -500'

2018-05-28 13:41:57 - [MESSAGE][PASSED] - All options with index in [20] are selected on object 'Object Repository/MOH AND GRN/Page_KDMC - CMS/select_--Select--Amikacin -500'

2018-05-28 13:41:57 - [TEST_STEP][PASSED] - setText: Text '5000' is set on object 'Object Repository/MOH AND GRN/Page_KDMC - CMS/input_txtqty'

2018-05-28 13:41:57 - [MESSAGE][PASSED] - Text '5000' is set on object 'Object Repository/MOH AND GRN/Page_KDMC - CMS/input_txtqty'

2018-05-28 13:41:57 - [TEST_STEP][PASSED] - selectOptionByIndex: All options with index in [1] are selected on object 'Object Repository/MOH AND GRN/Page_KDMC - CMS/select_--Select--No Tax0'

2018-05-28 13:41:57 - [MESSAGE][PASSED] - All options with index in [1] are selected on object 'Object Repository/MOH AND GRN/Page_KDMC - CMS/select_--Select--No Tax0'

2018-05-28 13:41:57 - [TEST_STEP][PASSED] - setText: Finding Test Object with id 'Object Repository/MOH AND GRN/Page_KDMC - CMS/input_txtmrp'

2018-05-28 13:41:57 - [TEST_STEP][PASSED] - Statement - switch (id): Finding Test Object with id 'Object Repository/MOH AND GRN/Page_KDMC - CMS/input_txtdeal'

2018-05-28 13:41:57 - [TEST_STEP][PASSED] - Statement - case 4:: Text '17.0' is set on object 'Object Repository/MOH AND GRN/Page_KDMC - CMS/input_txtmrp'

2018-05-28 13:41:57 - [TEST_STEP][PASSED] - Statement - return (java.lang.Math.floor((java.lang.Math.random() * ((max - min) + 1))) + min): Text '17.0' is set on object 'Object Repository/MOH AND GRN/Page_KDMC - CMS/input_txtmrp'

2018-05-28 13:41:57 - [MESSAGE][PASSED] - Text '17.0' is set on object 'Object Repository/MOH AND GRN/Page_KDMC - CMS/input_txtmrp'

2018-05-28 13:41:57 - [TEST_STEP][PASSED] - setText: Finding Test Object with id 'Object Repository/MOH AND GRN/Page_KDMC - CMS/input_txtdeal'

2018-05-28 13:41:57 - [TEST_STEP][PASSED] - Statement - switch (id): Finding Test Object with id 'Object Repository/MOH AND GRN/Page_KDMC - CMS/input_txtbatchno'

2018-05-28 13:41:57 - [TEST_STEP][PASSED] - Statement - case 5:: Text '11.0' is set on object 'Object Repository/MOH AND GRN/Page_KDMC - CMS/input_txtdeal'

2018-05-28 13:41:57 - [TEST_STEP][PASSED] - Statement - return (java.lang.Math.floor((java.lang.Math.random() * ((max - min) + 1))) + min): Text '11.0' is set on object 'Object Repository/MOH AND GRN/Page_KDMC - CMS/input_txtdeal'

2018-05-28 13:41:57 - [MESSAGE][PASSED] - Text '11.0' is set on object 'Object Repository/MOH AND GRN/Page_KDMC - CMS/input_txtdeal'

2018-05-28 13:41:57 - [TEST_STEP][PASSED] - setText: Finding Test Object with id 'Object Repository/MOH AND GRN/Page_KDMC - CMS/input_txtbatchno'

2018-05-28 13:41:57 - [TEST_STEP][PASSED] - Statement - switch (id): Finding Test Object with id 'Object Repository/MOH AND GRN/Page_KDMC - CMS/input_txtmrp'

2018-05-28 13:41:57 - [TEST_STEP][PASSED] - Statement - case 1:: Text 'BA786.0' is set on object 'Object Repository/MOH AND GRN/Page_KDMC - CMS/input_txtbatchno'

2018-05-28 13:41:57 - [TEST_STEP][PASSED] - Statement - return (java.lang.Math.floor((java.lang.Math.random() * ((max - min) + 1))) + min): Text 'BA786.0' is set on object 'Object Repository/MOH AND GRN/Page_KDMC - CMS/input_txtbatchno'

2018-05-28 13:41:58 - [MESSAGE][PASSED] - Text 'BA786.0' is set on object 'Object Repository/MOH AND GRN/Page_KDMC - CMS/input_txtbatchno'

2018-05-28 13:41:58 - [TEST_STEP][PASSED] - rightClick: Object: 'Object Repository/GRN/Page_KDMC - CMS/input_txtexpdate' is right clicked on

2018-05-28 13:41:58 - [MESSAGE][PASSED] - Object: 'Object Repository/GRN/Page_KDMC - CMS/input_txtexpdate' is right clicked on

2018-05-28 13:41:58 - [TEST_STEP][PASSED] - selectOptionByIndex: All options with index in [10] are selected on object 'Object Repository/GRN/Page_KDMC - CMS/select_20182019202020212022202'

2018-05-28 13:41:58 - [MESSAGE][PASSED] - All options with index in [10] are selected on object 'Object Repository/GRN/Page_KDMC - CMS/select_20182019202020212022202'

2018-05-28 13:41:58 - [TEST_STEP][PASSED] - selectOptionByIndex: All options with index in [10] are selected on object 'Object Repository/GRN/Page_KDMC - CMS/select_JanFebMarAprMayJunJulAu'

2018-05-28 13:41:58 - [MESSAGE][PASSED] - All options with index in [10] are selected on object 'Object Repository/GRN/Page_KDMC - CMS/select_JanFebMarAprMayJunJulAu'

2018-05-28 13:41:58 - [TEST_STEP][PASSED] - click: Object: 'Object Repository/MOH AND GRN/Page_KDMC - CMS/a_12' is clicked on

2018-05-28 13:41:58 - [MESSAGE][PASSED] - Object: 'Object Repository/MOH AND GRN/Page_KDMC - CMS/a_12' is clicked on

2018-05-28 13:41:58 - [TEST_STEP][PASSED] - click: Object: 'Object Repository/MOH AND GRN/Page_KDMC - CMS/input_btnadd' is clicked on

2018-05-28 13:41:58 - [MESSAGE][PASSED] - Object: 'Object Repository/MOH AND GRN/Page_KDMC - CMS/input_btnadd' is clicked on

2018-05-28 13:41:58 - [TEST_STEP][PASSED] - Statement - If (s == 10): null

2018-05-28 13:41:58 - [TEST_STEP][PASSED] - Statement - s = 1: null

2018-05-28 13:41:58 - [TEST_STEP][PASSED] - delay: Delayed 1 second(s)

2018-05-28 13:41:59 - [MESSAGE][PASSED] - Delayed 1 second(s)

2018-05-28 13:41:59 - [TEST_STEP][PASSED] - selectOptionByIndex: All options with index in [21] are selected on object 'Object Repository/MOH AND GRN/Page_KDMC - CMS/select_--Select--Amikacin -500'

2018-05-28 13:42:00 - [MESSAGE][PASSED] - All options with index in [21] are selected on object 'Object Repository/MOH AND GRN/Page_KDMC - CMS/select_--Select--Amikacin -500'

2018-05-28 13:42:00 - [TEST_STEP][PASSED] - setText: Text '5000' is set on object 'Object Repository/MOH AND GRN/Page_KDMC - CMS/input_txtqty'

2018-05-28 13:42:00 - [MESSAGE][PASSED] - Text '5000' is set on object 'Object Repository/MOH AND GRN/Page_KDMC - CMS/input_txtqty'

2018-05-28 13:42:00 - [TEST_STEP][PASSED] - selectOptionByIndex: All options with index in [1] are selected on object 'Object Repository/MOH AND GRN/Page_KDMC - CMS/select_--Select--No Tax0'

2018-05-28 13:42:00 - [MESSAGE][PASSED] - All options with index in [1] are selected on object 'Object Repository/MOH AND GRN/Page_KDMC - CMS/select_--Select--No Tax0'

2018-05-28 13:42:00 - [TEST_STEP][PASSED] - setText: Finding Test Object with id 'Object Repository/MOH AND GRN/Page_KDMC - CMS/input_txtmrp'

2018-05-28 13:42:00 - [TEST_STEP][PASSED] - Statement - switch (id): Finding Test Object with id 'Object Repository/MOH AND GRN/Page_KDMC - CMS/input_txtdeal'

2018-05-28 13:42:00 - [TEST_STEP][PASSED] - Statement - case 4:: Text '35.0' is set on object 'Object Repository/MOH AND GRN/Page_KDMC - CMS/input_txtmrp'

2018-05-28 13:42:00 - [TEST_STEP][PASSED] - Statement - return (java.lang.Math.floor((java.lang.Math.random() * ((max - min) + 1))) + min): Text '35.0' is set on object 'Object Repository/MOH AND GRN/Page_KDMC - CMS/input_txtmrp'

2018-05-28 13:42:00 - [MESSAGE][PASSED] - Text '35.0' is set on object 'Object Repository/MOH AND GRN/Page_KDMC - CMS/input_txtmrp'

2018-05-28 13:42:00 - [TEST_STEP][PASSED] - setText: Finding Test Object with id 'Object Repository/MOH AND GRN/Page_KDMC - CMS/input_txtdeal'

2018-05-28 13:42:00 - [TEST_STEP][PASSED] - Statement - switch (id): Finding Test Object with id 'Object Repository/MOH AND GRN/Page_KDMC - CMS/input_txtbatchno'

2018-05-28 13:42:00 - [TEST_STEP][PASSED] - Statement - case 5:: Text '8.0' is set on object 'Object Repository/MOH AND GRN/Page_KDMC - CMS/input_txtdeal'

2018-05-28 13:42:00 - [TEST_STEP][PASSED] - Statement - return (java.lang.Math.floor((java.lang.Math.random() * ((max - min) + 1))) + min): Text '8.0' is set on object 'Object Repository/MOH AND GRN/Page_KDMC - CMS/input_txtdeal'

2018-05-28 13:42:00 - [MESSAGE][PASSED] - Text '8.0' is set on object 'Object Repository/MOH AND GRN/Page_KDMC - CMS/input_txtdeal'

2018-05-28 13:42:00 - [TEST_STEP][PASSED] - setText: Finding Test Object with id 'Object Repository/MOH AND GRN/Page_KDMC - CMS/input_txtbatchno'

2018-05-28 13:42:00 - [TEST_STEP][PASSED] - Statement - switch (id): Finding Test Object with id 'Object Repository/MOH AND GRN/Page_KDMC - CMS/input_txtmrp'

2018-05-28 13:42:00 - [TEST_STEP][PASSED] - Statement - case 1:: Text 'BA886.0' is set on object 'Object Repository/MOH AND GRN/Page_KDMC - CMS/input_txtbatchno'

2018-05-28 13:42:00 - [TEST_STEP][PASSED] - Statement - return (java.lang.Math.floor((java.lang.Math.random() * ((max - min) + 1))) + min): Text 'BA886.0' is set on object 'Object Repository/MOH AND GRN/Page_KDMC - CMS/input_txtbatchno'

2018-05-28 13:42:00 - [MESSAGE][PASSED] - Text 'BA886.0' is set on object 'Object Repository/MOH AND GRN/Page_KDMC - CMS/input_txtbatchno'

2018-05-28 13:42:00 - [TEST_STEP][PASSED] - rightClick: Object: 'Object Repository/GRN/Page_KDMC - CMS/input_txtexpdate' is right clicked on

2018-05-28 13:42:00 - [MESSAGE][PASSED] - Object: 'Object Repository/GRN/Page_KDMC - CMS/input_txtexpdate' is right clicked on

2018-05-28 13:42:00 - [TEST_STEP][PASSED] - selectOptionByIndex: All options with index in [1] are selected on object 'Object Repository/GRN/Page_KDMC - CMS/select_20182019202020212022202'

2018-05-28 13:42:00 - [MESSAGE][PASSED] - All options with index in [1] are selected on object 'Object Repository/GRN/Page_KDMC - CMS/select_20182019202020212022202'

2018-05-28 13:42:00 - [TEST_STEP][PASSED] - selectOptionByIndex: All options with index in [1] are selected on object 'Object Repository/GRN/Page_KDMC - CMS/select_JanFebMarAprMayJunJulAu'

2018-05-28 13:42:01 - [MESSAGE][PASSED] - All options with index in [1] are selected on object 'Object Repository/GRN/Page_KDMC - CMS/select_JanFebMarAprMayJunJulAu'

2018-05-28 13:42:01 - [TEST_STEP][PASSED] - click: Object: 'Object Repository/MOH AND GRN/Page_KDMC - CMS/a_12' is clicked on

2018-05-28 13:42:01 - [MESSAGE][PASSED] - Object: 'Object Repository/MOH AND GRN/Page_KDMC - CMS/a_12' is clicked on

2018-05-28 13:42:01 - [TEST_STEP][PASSED] - click: Object: 'Object Repository/MOH AND GRN/Page_KDMC - CMS/input_btnadd' is clicked on

2018-05-28 13:42:01 - [MESSAGE][PASSED] - Object: 'Object Repository/MOH AND GRN/Page_KDMC - CMS/input_btnadd' is clicked on

2018-05-28 13:42:01 - [TEST_STEP][PASSED] - Statement - If (s == 10): null

2018-05-28 13:42:01 - [TEST_STEP][PASSED] - Statement - Else: null

2018-05-28 13:42:01 - [TEST_STEP][PASSED] - Statement - (s++): null

2018-05-28 13:42:01 - [TEST_STEP][PASSED] - delay: Delayed 1 second(s)

2018-05-28 13:42:02 - [MESSAGE][PASSED] - Delayed 1 second(s)

2018-05-28 13:42:02 - [TEST_STEP][PASSED] - selectOptionByIndex: All options with index in [22] are selected on object 'Object Repository/MOH AND GRN/Page_KDMC - CMS/select_--Select--Amikacin -500'

2018-05-28 13:42:02 - [MESSAGE][PASSED] - All options with index in [22] are selected on object 'Object Repository/MOH AND GRN/Page_KDMC - CMS/select_--Select--Amikacin -500'

2018-05-28 13:42:02 - [TEST_STEP][PASSED] - setText: Text '5000' is set on object 'Object Repository/MOH AND GRN/Page_KDMC - CMS/input_txtqty'

2018-05-28 13:42:02 - [MESSAGE][PASSED] - Text '5000' is set on object 'Object Repository/MOH AND GRN/Page_KDMC - CMS/input_txtqty'

2018-05-28 13:42:02 - [TEST_STEP][PASSED] - selectOptionByIndex: All options with index in [1] are selected on object 'Object Repository/MOH AND GRN/Page_KDMC - CMS/select_--Select--No Tax0'

2018-05-28 13:42:03 - [MESSAGE][PASSED] - All options with index in [1] are selected on object 'Object Repository/MOH AND GRN/Page_KDMC - CMS/select_--Select--No Tax0'

2018-05-28 13:42:03 - [TEST_STEP][PASSED] - setText: Finding Test Object with id 'Object Repository/MOH AND GRN/Page_KDMC - CMS/input_txtmrp'

2018-05-28 13:42:03 - [TEST_STEP][PASSED] - Statement - switch (id): Finding Test Object with id 'Object Repository/MOH AND GRN/Page_KDMC - CMS/input_txtdeal'

2018-05-28 13:42:03 - [TEST_STEP][PASSED] - Statement - case 4:: Text '19.0' is set on object 'Object Repository/MOH AND GRN/Page_KDMC - CMS/input_txtmrp'

2018-05-28 13:42:03 - [TEST_STEP][PASSED] - Statement - return (java.lang.Math.floor((java.lang.Math.random() * ((max - min) + 1))) + min): Text '19.0' is set on object 'Object Repository/MOH AND GRN/Page_KDMC - CMS/input_txtmrp'

2018-05-28 13:42:03 - [MESSAGE][PASSED] - Text '19.0' is set on object 'Object Repository/MOH AND GRN/Page_KDMC - CMS/input_txtmrp'

2018-05-28 13:42:03 - [TEST_STEP][PASSED] - setText: Finding Test Object with id 'Object Repository/MOH AND GRN/Page_KDMC - CMS/input_txtdeal'

2018-05-28 13:42:03 - [TEST_STEP][PASSED] - Statement - switch (id): Finding Test Object with id 'Object Repository/MOH AND GRN/Page_KDMC - CMS/input_txtbatchno'

2018-05-28 13:42:03 - [TEST_STEP][PASSED] - Statement - case 5:: Text '1.0' is set on object 'Object Repository/MOH AND GRN/Page_KDMC - CMS/input_txtdeal'

2018-05-28 13:42:03 - [TEST_STEP][PASSED] - Statement - return (java.lang.Math.floor((java.lang.Math.random() * ((max - min) + 1))) + min): Text '1.0' is set on object 'Object Repository/MOH AND GRN/Page_KDMC - CMS/input_txtdeal'

2018-05-28 13:42:03 - [MESSAGE][PASSED] - Text '1.0' is set on object 'Object Repository/MOH AND GRN/Page_KDMC - CMS/input_txtdeal'

2018-05-28 13:42:03 - [TEST_STEP][PASSED] - setText: Finding Test Object with id 'Object Repository/MOH AND GRN/Page_KDMC - CMS/input_txtbatchno'

2018-05-28 13:42:03 - [TEST_STEP][PASSED] - Statement - switch (id): Finding Test Object with id 'Object Repository/MOH AND GRN/Page_KDMC - CMS/input_txtmrp'

2018-05-28 13:42:03 - [TEST_STEP][PASSED] - Statement - case 1:: Text 'BA550.0' is set on object 'Object Repository/MOH AND GRN/Page_KDMC - CMS/input_txtbatchno'

2018-05-28 13:42:03 - [TEST_STEP][PASSED] - Statement - return (java.lang.Math.floor((java.lang.Math.random() * ((max - min) + 1))) + min): Text 'BA550.0' is set on object 'Object Repository/MOH AND GRN/Page_KDMC - CMS/input_txtbatchno'

2018-05-28 13:42:03 - [MESSAGE][PASSED] - Text 'BA550.0' is set on object 'Object Repository/MOH AND GRN/Page_KDMC - CMS/input_txtbatchno'

2018-05-28 13:42:03 - [TEST_STEP][PASSED] - rightClick: Object: 'Object Repository/GRN/Page_KDMC - CMS/input_txtexpdate' is right clicked on

2018-05-28 13:42:03 - [MESSAGE][PASSED] - Object: 'Object Repository/GRN/Page_KDMC - CMS/input_txtexpdate' is right clicked on

2018-05-28 13:42:03 - [TEST_STEP][PASSED] - selectOptionByIndex: All options with index in [2] are selected on object 'Object Repository/GRN/Page_KDMC - CMS/select_20182019202020212022202'

2018-05-28 13:42:03 - [MESSAGE][PASSED] - All options with index in [2] are selected on object 'Object Repository/GRN/Page_KDMC - CMS/select_20182019202020212022202'

2018-05-28 13:42:03 - [TEST_STEP][PASSED] - selectOptionByIndex: All options with index in [2] are selected on object 'Object Repository/GRN/Page_KDMC - CMS/select_JanFebMarAprMayJunJulAu'

2018-05-28 13:42:03 - [MESSAGE][PASSED] - All options with index in [2] are selected on object 'Object Repository/GRN/Page_KDMC - CMS/select_JanFebMarAprMayJunJulAu'

2018-05-28 13:42:03 - [TEST_STEP][PASSED] - click: Object: 'Object Repository/MOH AND GRN/Page_KDMC - CMS/a_12' is clicked on

2018-05-28 13:42:03 - [MESSAGE][PASSED] - Object: 'Object Repository/MOH AND GRN/Page_KDMC - CMS/a_12' is clicked on

2018-05-28 13:42:03 - [TEST_STEP][PASSED] - click: Object: 'Object Repository/MOH AND GRN/Page_KDMC - CMS/input_btnadd' is clicked on

2018-05-28 13:42:03 - [MESSAGE][PASSED] - Object: 'Object Repository/MOH AND GRN/Page_KDMC - CMS/input_btnadd' is clicked on

2018-05-28 13:42:03 - [TEST_STEP][PASSED] - Statement - If (s == 10): null

2018-05-28 13:42:03 - [TEST_STEP][PASSED] - Statement - Else: null

2018-05-28 13:42:03 - [TEST_STEP][PASSED] - Statement - (s++): null

2018-05-28 13:42:03 - [TEST_STEP][PASSED] - delay: Delayed 1 second(s)

2018-05-28 13:42:04 - [MESSAGE][PASSED] - Delayed 1 second(s)

2018-05-28 13:42:04 - [TEST_STEP][PASSED] - selectOptionByIndex: All options with index in [23] are selected on object 'Object Repository/MOH AND GRN/Page_KDMC - CMS/select_--Select--Amikacin -500'

2018-05-28 13:42:05 - [MESSAGE][PASSED] - All options with index in [23] are selected on object 'Object Repository/MOH AND GRN/Page_KDMC - CMS/select_--Select--Amikacin -500'

2018-05-28 13:42:05 - [TEST_STEP][PASSED] - setText: Text '5000' is set on object 'Object Repository/MOH AND GRN/Page_KDMC - CMS/input_txtqty'

2018-05-28 13:42:05 - [MESSAGE][PASSED] - Text '5000' is set on object 'Object Repository/MOH AND GRN/Page_KDMC - CMS/input_txtqty'

2018-05-28 13:42:05 - [TEST_STEP][PASSED] - selectOptionByIndex: All options with index in [1] are selected on object 'Object Repository/MOH AND GRN/Page_KDMC - CMS/select_--Select--No Tax0'

2018-05-28 13:42:05 - [MESSAGE][PASSED] - All options with index in [1] are selected on object 'Object Repository/MOH AND GRN/Page_KDMC - CMS/select_--Select--No Tax0'

2018-05-28 13:42:05 - [TEST_STEP][PASSED] - setText: Finding Test Object with id 'Object Repository/MOH AND GRN/Page_KDMC - CMS/input_txtmrp'

2018-05-28 13:42:05 - [TEST_STEP][PASSED] - Statement - switch (id): Finding Test Object with id 'Object Repository/MOH AND GRN/Page_KDMC - CMS/input_txtdeal'

2018-05-28 13:42:05 - [TEST_STEP][PASSED] - Statement - case 4:: Text '44.0' is set on object 'Object Repository/MOH AND GRN/Page_KDMC - CMS/input_txtmrp'

2018-05-28 13:42:05 - [TEST_STEP][PASSED] - Statement - return (java.lang.Math.floor((java.lang.Math.random() * ((max - min) + 1))) + min): Text '44.0' is set on object 'Object Repository/MOH AND GRN/Page_KDMC - CMS/input_txtmrp'

2018-05-28 13:42:05 - [MESSAGE][PASSED] - Text '44.0' is set on object 'Object Repository/MOH AND GRN/Page_KDMC - CMS/input_txtmrp'

2018-05-28 13:42:05 - [TEST_STEP][PASSED] - setText: Finding Test Object with id 'Object Repository/MOH AND GRN/Page_KDMC - CMS/input_txtdeal'

2018-05-28 13:42:05 - [TEST_STEP][PASSED] - Statement - switch (id): Finding Test Object with id 'Object Repository/MOH AND GRN/Page_KDMC - CMS/input_txtbatchno'

2018-05-28 13:42:05 - [TEST_STEP][PASSED] - Statement - case 5:: Text '3.0' is set on object 'Object Repository/MOH AND GRN/Page_KDMC - CMS/input_txtdeal'

2018-05-28 13:42:05 - [TEST_STEP][PASSED] - Statement - return (java.lang.Math.floor((java.lang.Math.random() * ((max - min) + 1))) + min): Text '3.0' is set on object 'Object Repository/MOH AND GRN/Page_KDMC - CMS/input_txtdeal'

2018-05-28 13:42:05 - [MESSAGE][PASSED] - Text '3.0' is set on object 'Object Repository/MOH AND GRN/Page_KDMC - CMS/input_txtdeal'

2018-05-28 13:42:05 - [TEST_STEP][PASSED] - setText: Finding Test Object with id 'Object Repository/MOH AND GRN/Page_KDMC - CMS/input_txtbatchno'

2018-05-28 13:42:05 - [TEST_STEP][PASSED] - Statement - switch (id): Finding Test Object with id 'Object Repository/MOH AND GRN/Page_KDMC - CMS/input_txtmrp'

2018-05-28 13:42:05 - [TEST_STEP][PASSED] - Statement - case 1:: Text 'BA905.0' is set on object 'Object Repository/MOH AND GRN/Page_KDMC - CMS/input_txtbatchno'

2018-05-28 13:42:05 - [TEST_STEP][PASSED] - Statement - return (java.lang.Math.floor((java.lang.Math.random() * ((max - min) + 1))) + min): Text 'BA905.0' is set on object 'Object Repository/MOH AND GRN/Page_KDMC - CMS/input_txtbatchno'

2018-05-28 13:42:05 - [MESSAGE][PASSED] - Text 'BA905.0' is set on object 'Object Repository/MOH AND GRN/Page_KDMC - CMS/input_txtbatchno'

2018-05-28 13:42:05 - [TEST_STEP][PASSED] - rightClick: Object: 'Object Repository/GRN/Page_KDMC - CMS/input_txtexpdate' is right clicked on

2018-05-28 13:42:06 - [MESSAGE][PASSED] - Object: 'Object Repository/GRN/Page_KDMC - CMS/input_txtexpdate' is right clicked on

2018-05-28 13:42:06 - [TEST_STEP][PASSED] - selectOptionByIndex: All options with index in [3] are selected on object 'Object Repository/GRN/Page_KDMC - CMS/select_20182019202020212022202'

2018-05-28 13:42:06 - [MESSAGE][PASSED] - All options with index in [3] are selected on object 'Object Repository/GRN/Page_KDMC - CMS/select_20182019202020212022202'

2018-05-28 13:42:06 - [TEST_STEP][PASSED] - selectOptionByIndex: All options with index in [3] are selected on object 'Object Repository/GRN/Page_KDMC - CMS/select_JanFebMarAprMayJunJulAu'

2018-05-28 13:42:06 - [MESSAGE][PASSED] - All options with index in [3] are selected on object 'Object Repository/GRN/Page_KDMC - CMS/select_JanFebMarAprMayJunJulAu'

2018-05-28 13:42:06 - [TEST_STEP][PASSED] - click: Object: 'Object Repository/MOH AND GRN/Page_KDMC - CMS/a_12' is clicked on

2018-05-28 13:42:06 - [MESSAGE][PASSED] - Object: 'Object Repository/MOH AND GRN/Page_KDMC - CMS/a_12' is clicked on

2018-05-28 13:42:06 - [TEST_STEP][PASSED] - click: Object: 'Object Repository/MOH AND GRN/Page_KDMC - CMS/input_btnadd' is clicked on

2018-05-28 13:42:06 - [MESSAGE][PASSED] - Object: 'Object Repository/MOH AND GRN/Page_KDMC - CMS/input_btnadd' is clicked on

2018-05-28 13:42:06 - [TEST_STEP][PASSED] - Statement - If (s == 10): null

2018-05-28 13:42:06 - [TEST_STEP][PASSED] - Statement - Else: null

2018-05-28 13:42:06 - [TEST_STEP][PASSED] - Statement - (s++): null

2018-05-28 13:42:06 - [TEST_STEP][PASSED] - delay: Delayed 1 second(s)

2018-05-28 13:42:07 - [MESSAGE][PASSED] - Delayed 1 second(s)

2018-05-28 13:42:07 - [TEST_STEP][PASSED] - selectOptionByIndex: All options with index in [24] are selected on object 'Object Repository/MOH AND GRN/Page_KDMC - CMS/select_--Select--Amikacin -500'

2018-05-28 13:42:07 - [MESSAGE][PASSED] - All options with index in [24] are selected on object 'Object Repository/MOH AND GRN/Page_KDMC - CMS/select_--Select--Amikacin -500'

2018-05-28 13:42:07 - [TEST_STEP][PASSED] - setText: Text '5000' is set on object 'Object Repository/MOH AND GRN/Page_KDMC - CMS/input_txtqty'

2018-05-28 13:42:08 - [MESSAGE][PASSED] - Text '5000' is set on object 'Object Repository/MOH AND GRN/Page_KDMC - CMS/input_txtqty'

2018-05-28 13:42:08 - [TEST_STEP][PASSED] - selectOptionByIndex: All options with index in [1] are selected on object 'Object Repository/MOH AND GRN/Page_KDMC - CMS/select_--Select--No Tax0'

2018-05-28 13:42:08 - [MESSAGE][PASSED] - All options with index in [1] are selected on object 'Object Repository/MOH AND GRN/Page_KDMC - CMS/select_--Select--No Tax0'

2018-05-28 13:42:08 - [TEST_STEP][PASSED] - setText: Finding Test Object with id 'Object Repository/MOH AND GRN/Page_KDMC - CMS/input_txtmrp'

2018-05-28 13:42:08 - [TEST_STEP][PASSED] - Statement - switch (id): Finding Test Object with id 'Object Repository/MOH AND GRN/Page_KDMC - CMS/input_txtdeal'

2018-05-28 13:42:08 - [TEST_STEP][PASSED] - Statement - case 4:: Text '39.0' is set on object 'Object Repository/MOH AND GRN/Page_KDMC - CMS/input_txtmrp'

2018-05-28 13:42:08 - [TEST_STEP][PASSED] - Statement - return (java.lang.Math.floor((java.lang.Math.random() * ((max - min) + 1))) + min): Text '39.0' is set on object 'Object Repository/MOH AND GRN/Page_KDMC - CMS/input_txtmrp'

2018-05-28 13:42:08 - [MESSAGE][PASSED] - Text '39.0' is set on object 'Object Repository/MOH AND GRN/Page_KDMC - CMS/input_txtmrp'

2018-05-28 13:42:08 - [TEST_STEP][PASSED] - setText: Finding Test Object with id 'Object Repository/MOH AND GRN/Page_KDMC - CMS/input_txtdeal'

2018-05-28 13:42:08 - [TEST_STEP][PASSED] - Statement - switch (id): Finding Test Object with id 'Object Repository/MOH AND GRN/Page_KDMC - CMS/input_txtbatchno'

2018-05-28 13:42:08 - [TEST_STEP][PASSED] - Statement - case 5:: Text '9.0' is set on object 'Object Repository/MOH AND GRN/Page_KDMC - CMS/input_txtdeal'

2018-05-28 13:42:08 - [TEST_STEP][PASSED] - Statement - return (java.lang.Math.floor((java.lang.Math.random() * ((max - min) + 1))) + min): Text '9.0' is set on object 'Object Repository/MOH AND GRN/Page_KDMC - CMS/input_txtdeal'

2018-05-28 13:42:08 - [MESSAGE][PASSED] - Text '9.0' is set on object 'Object Repository/MOH AND GRN/Page_KDMC - CMS/input_txtdeal'

2018-05-28 13:42:08 - [TEST_STEP][PASSED] - setText: Finding Test Object with id 'Object Repository/MOH AND GRN/Page_KDMC - CMS/input_txtbatchno'

2018-05-28 13:42:08 - [TEST_STEP][PASSED] - Statement - switch (id): Finding Test Object with id 'Object Repository/MOH AND GRN/Page_KDMC - CMS/input_txtmrp'

2018-05-28 13:42:08 - [TEST_STEP][PASSED] - Statement - case 1:: Text 'BA126.0' is set on object 'Object Repository/MOH AND GRN/Page_KDMC - CMS/input_txtbatchno'

2018-05-28 13:42:08 - [TEST_STEP][PASSED] - Statement - return (java.lang.Math.floor((java.lang.Math.random() * ((max - min) + 1))) + min): Text 'BA126.0' is set on object 'Object Repository/MOH AND GRN/Page_KDMC - CMS/input_txtbatchno'

2018-05-28 13:42:08 - [MESSAGE][PASSED] - Text 'BA126.0' is set on object 'Object Repository/MOH AND GRN/Page_KDMC - CMS/input_txtbatchno'

2018-05-28 13:42:08 - [TEST_STEP][PASSED] - rightClick: Object: 'Object Repository/GRN/Page_KDMC - CMS/input_txtexpdate' is right clicked on

2018-05-28 13:42:08 - [MESSAGE][PASSED] - Object: 'Object Repository/GRN/Page_KDMC - CMS/input_txtexpdate' is right clicked on

2018-05-28 13:42:08 - [TEST_STEP][PASSED] - selectOptionByIndex: All options with index in [4] are selected on object 'Object Repository/GRN/Page_KDMC - CMS/select_20182019202020212022202'

2018-05-28 13:42:08 - [MESSAGE][PASSED] - All options with index in [4] are selected on object 'Object Repository/GRN/Page_KDMC - CMS/select_20182019202020212022202'

2018-05-28 13:42:08 - [TEST_STEP][PASSED] - selectOptionByIndex: All options with index in [4] are selected on object 'Object Repository/GRN/Page_KDMC - CMS/select_JanFebMarAprMayJunJulAu'

2018-05-28 13:42:08 - [MESSAGE][PASSED] - All options with index in [4] are selected on object 'Object Repository/GRN/Page_KDMC - CMS/select_JanFebMarAprMayJunJulAu'

2018-05-28 13:42:08 - [TEST_STEP][PASSED] - click: Object: 'Object Repository/MOH AND GRN/Page_KDMC - CMS/a_12' is clicked on

2018-05-28 13:42:08 - [MESSAGE][PASSED] - Object: 'Object Repository/MOH AND GRN/Page_KDMC - CMS/a_12' is clicked on

2018-05-28 13:42:08 - [TEST_STEP][PASSED] - click: Object: 'Object Repository/MOH AND GRN/Page_KDMC - CMS/input_btnadd' is clicked on

2018-05-28 13:42:09 - [MESSAGE][PASSED] - Object: 'Object Repository/MOH AND GRN/Page_KDMC - CMS/input_btnadd' is clicked on

2018-05-28 13:42:09 - [TEST_STEP][PASSED] - Statement - If (s == 10): null

2018-05-28 13:42:09 - [TEST_STEP][PASSED] - Statement - Else: null

2018-05-28 13:42:09 - [TEST_STEP][PASSED] - Statement - (s++): null

2018-05-28 13:42:09 - [TEST_STEP][PASSED] - delay: Delayed 1 second(s)

2018-05-28 13:42:10 - [MESSAGE][PASSED] - Delayed 1 second(s)

2018-05-28 13:42:10 - [TEST_STEP][PASSED] - selectOptionByIndex: All options with index in [25] are selected on object 'Object Repository/MOH AND GRN/Page_KDMC - CMS/select_--Select--Amikacin -500'

2018-05-28 13:42:10 - [MESSAGE][PASSED] - All options with index in [25] are selected on object 'Object Repository/MOH AND GRN/Page_KDMC - CMS/select_--Select--Amikacin -500'

2018-05-28 13:42:10 - [TEST_STEP][PASSED] - setText: Text '5000' is set on object 'Object Repository/MOH AND GRN/Page_KDMC - CMS/input_txtqty'

2018-05-28 13:42:10 - [MESSAGE][PASSED] - Text '5000' is set on object 'Object Repository/MOH AND GRN/Page_KDMC - CMS/input_txtqty'

2018-05-28 13:42:10 - [TEST_STEP][PASSED] - selectOptionByIndex: All options with index in [1] are selected on object 'Object Repository/MOH AND GRN/Page_KDMC - CMS/select_--Select--No Tax0'

2018-05-28 13:42:10 - [MESSAGE][PASSED] - All options with index in [1] are selected on object 'Object Repository/MOH AND GRN/Page_KDMC - CMS/select_--Select--No Tax0'

2018-05-28 13:42:10 - [TEST_STEP][PASSED] - setText: Finding Test Object with id 'Object Repository/MOH AND GRN/Page_KDMC - CMS/input_txtmrp'

2018-05-28 13:42:10 - [TEST_STEP][PASSED] - Statement - switch (id): Finding Test Object with id 'Object Repository/MOH AND GRN/Page_KDMC - CMS/input_txtdeal'

2018-05-28 13:42:10 - [TEST_STEP][PASSED] - Statement - case 4:: Text '40.0' is set on object 'Object Repository/MOH AND GRN/Page_KDMC - CMS/input_txtmrp'

2018-05-28 13:42:10 - [TEST_STEP][PASSED] - Statement - return (java.lang.Math.floor((java.lang.Math.random() * ((max - min) + 1))) + min): Text '40.0' is set on object 'Object Repository/MOH AND GRN/Page_KDMC - CMS/input_txtmrp'

2018-05-28 13:42:10 - [MESSAGE][PASSED] - Text '40.0' is set on object 'Object Repository/MOH AND GRN/Page_KDMC - CMS/input_txtmrp'

2018-05-28 13:42:10 - [TEST_STEP][PASSED] - setText: Finding Test Object with id 'Object Repository/MOH AND GRN/Page_KDMC - CMS/input_txtdeal'

2018-05-28 13:42:10 - [TEST_STEP][PASSED] - Statement - switch (id): Finding Test Object with id 'Object Repository/MOH AND GRN/Page_KDMC - CMS/input_txtbatchno'

2018-05-28 13:42:10 - [TEST_STEP][PASSED] - Statement - case 5:: Text '10.0' is set on object 'Object Repository/MOH AND GRN/Page_KDMC - CMS/input_txtdeal'

2018-05-28 13:42:10 - [TEST_STEP][PASSED] - Statement - return (java.lang.Math.floor((java.lang.Math.random() * ((max - min) + 1))) + min): Text '10.0' is set on object 'Object Repository/MOH AND GRN/Page_KDMC - CMS/input_txtdeal'

2018-05-28 13:42:10 - [MESSAGE][PASSED] - Text '10.0' is set on object 'Object Repository/MOH AND GRN/Page_KDMC - CMS/input_txtdeal'

2018-05-28 13:42:10 - [TEST_STEP][PASSED] - setText: Finding Test Object with id 'Object Repository/MOH AND GRN/Page_KDMC - CMS/input_txtbatchno'

2018-05-28 13:42:10 - [TEST_STEP][PASSED] - Statement - switch (id): Finding Test Object with id 'Object Repository/MOH AND GRN/Page_KDMC - CMS/input_txtmrp'

2018-05-28 13:42:10 - [TEST_STEP][PASSED] - Statement - case 1:: Text 'BA11.0' is set on object 'Object Repository/MOH AND GRN/Page_KDMC - CMS/input_txtbatchno'

2018-05-28 13:42:10 - [TEST_STEP][PASSED] - Statement - return (java.lang.Math.floor((java.lang.Math.random() * ((max - min) + 1))) + min): Text 'BA11.0' is set on object 'Object Repository/MOH AND GRN/Page_KDMC - CMS/input_txtbatchno'

2018-05-28 13:42:10 - [MESSAGE][PASSED] - Text 'BA11.0' is set on object 'Object Repository/MOH AND GRN/Page_KDMC - CMS/input_txtbatchno'

2018-05-28 13:42:10 - [TEST_STEP][PASSED] - rightClick: Object: 'Object Repository/GRN/Page_KDMC - CMS/input_txtexpdate' is right clicked on

2018-05-28 13:42:11 - [MESSAGE][PASSED] - Object: 'Object Repository/GRN/Page_KDMC - CMS/input_txtexpdate' is right clicked on

2018-05-28 13:42:11 - [TEST_STEP][PASSED] - selectOptionByIndex: All options with index in [5] are selected on object 'Object Repository/GRN/Page_KDMC - CMS/select_20182019202020212022202'

2018-05-28 13:42:11 - [MESSAGE][PASSED] - All options with index in [5] are selected on object 'Object Repository/GRN/Page_KDMC - CMS/select_20182019202020212022202'

2018-05-28 13:42:11 - [TEST_STEP][PASSED] - selectOptionByIndex: All options with index in [5] are selected on object 'Object Repository/GRN/Page_KDMC - CMS/select_JanFebMarAprMayJunJulAu'

2018-05-28 13:42:11 - [MESSAGE][PASSED] - All options with index in [5] are selected on object 'Object Repository/GRN/Page_KDMC - CMS/select_JanFebMarAprMayJunJulAu'

2018-05-28 13:42:11 - [TEST_STEP][PASSED] - click: Object: 'Object Repository/MOH AND GRN/Page_KDMC - CMS/a_12' is clicked on

2018-05-28 13:42:11 - [MESSAGE][PASSED] - Object: 'Object Repository/MOH AND GRN/Page_KDMC - CMS/a_12' is clicked on

2018-05-28 13:42:11 - [TEST_STEP][PASSED] - click: Object: 'Object Repository/MOH AND GRN/Page_KDMC - CMS/input_btnadd' is clicked on

2018-05-28 13:42:11 - [MESSAGE][PASSED] - Object: 'Object Repository/MOH AND GRN/Page_KDMC - CMS/input_btnadd' is clicked on

2018-05-28 13:42:11 - [TEST_STEP][PASSED] - Statement - If (s == 10): null

2018-05-28 13:42:11 - [TEST_STEP][PASSED] - Statement - Else: null

2018-05-28 13:42:11 - [TEST_STEP][PASSED] - Statement - (s++): null

2018-05-28 13:42:11 - [TEST_STEP][PASSED] - delay: Delayed 1 second(s)

2018-05-28 13:42:12 - [MESSAGE][PASSED] - Delayed 1 second(s)

2018-05-28 13:42:12 - [TEST_STEP][PASSED] - selectOptionByIndex: All options with index in [26] are selected on object 'Object Repository/MOH AND GRN/Page_KDMC - CMS/select_--Select--Amikacin -500'

2018-05-28 13:42:13 - [MESSAGE][PASSED] - All options with index in [26] are selected on object 'Object Repository/MOH AND GRN/Page_KDMC - CMS/select_--Select--Amikacin -500'

2018-05-28 13:42:13 - [TEST_STEP][PASSED] - setText: Text '5000' is set on object 'Object Repository/MOH AND GRN/Page_KDMC - CMS/input_txtqty'

2018-05-28 13:42:13 - [MESSAGE][PASSED] - Text '5000' is set on object 'Object Repository/MOH AND GRN/Page_KDMC - CMS/input_txtqty'

2018-05-28 13:42:13 - [TEST_STEP][PASSED] - selectOptionByIndex: All options with index in [1] are selected on object 'Object Repository/MOH AND GRN/Page_KDMC - CMS/select_--Select--No Tax0'

2018-05-28 13:42:13 - [MESSAGE][PASSED] - All options with index in [1] are selected on object 'Object Repository/MOH AND GRN/Page_KDMC - CMS/select_--Select--No Tax0'

2018-05-28 13:42:13 - [TEST_STEP][PASSED] - setText: Finding Test Object with id 'Object Repository/MOH AND GRN/Page_KDMC - CMS/input_txtmrp'

2018-05-28 13:42:13 - [TEST_STEP][PASSED] - Statement - switch (id): Finding Test Object with id 'Object Repository/MOH AND GRN/Page_KDMC - CMS/input_txtdeal'

2018-05-28 13:42:13 - [TEST_STEP][PASSED] - Statement - case 4:: Text '18.0' is set on object 'Object Repository/MOH AND GRN/Page_KDMC - CMS/input_txtmrp'

2018-05-28 13:42:13 - [TEST_STEP][PASSED] - Statement - return (java.lang.Math.floor((java.lang.Math.random() * ((max - min) + 1))) + min): Text '18.0' is set on object 'Object Repository/MOH AND GRN/Page_KDMC - CMS/input_txtmrp'

2018-05-28 13:42:13 - [MESSAGE][PASSED] - Text '18.0' is set on object 'Object Repository/MOH AND GRN/Page_KDMC - CMS/input_txtmrp'

2018-05-28 13:42:13 - [TEST_STEP][PASSED] - setText: Finding Test Object with id 'Object Repository/MOH AND GRN/Page_KDMC - CMS/input_txtdeal'

2018-05-28 13:42:13 - [TEST_STEP][PASSED] - Statement - switch (id): Finding Test Object with id 'Object Repository/MOH AND GRN/Page_KDMC - CMS/input_txtbatchno'

2018-05-28 13:42:13 - [TEST_STEP][PASSED] - Statement - case 5:: Text '2.0' is set on object 'Object Repository/MOH AND GRN/Page_KDMC - CMS/input_txtdeal'

2018-05-28 13:42:13 - [TEST_STEP][PASSED] - Statement - return (java.lang.Math.floor((java.lang.Math.random() * ((max - min) + 1))) + min): Text '2.0' is set on object 'Object Repository/MOH AND GRN/Page_KDMC - CMS/input_txtdeal'

2018-05-28 13:42:13 - [MESSAGE][PASSED] - Text '2.0' is set on object 'Object Repository/MOH AND GRN/Page_KDMC - CMS/input_txtdeal'

2018-05-28 13:42:13 - [TEST_STEP][PASSED] - setText: Finding Test Object with id 'Object Repository/MOH AND GRN/Page_KDMC - CMS/input_txtbatchno'

2018-05-28 13:42:13 - [TEST_STEP][PASSED] - Statement - switch (id): Finding Test Object with id 'Object Repository/MOH AND GRN/Page_KDMC - CMS/input_txtmrp'

2018-05-28 13:42:13 - [TEST_STEP][PASSED] - Statement - case 1:: Text 'BA250.0' is set on object 'Object Repository/MOH AND GRN/Page_KDMC - CMS/input_txtbatchno'

2018-05-28 13:42:13 - [TEST_STEP][PASSED] - Statement - return (java.lang.Math.floor((java.lang.Math.random() * ((max - min) + 1))) + min): Text 'BA250.0' is set on object 'Object Repository/MOH AND GRN/Page_KDMC - CMS/input_txtbatchno'

2018-05-28 13:42:13 - [MESSAGE][PASSED] - Text 'BA250.0' is set on object 'Object Repository/MOH AND GRN/Page_KDMC - CMS/input_txtbatchno'

2018-05-28 13:42:13 - [TEST_STEP][PASSED] - rightClick: Object: 'Object Repository/GRN/Page_KDMC - CMS/input_txtexpdate' is right clicked on

2018-05-28 13:42:13 - [MESSAGE][PASSED] - Object: 'Object Repository/GRN/Page_KDMC - CMS/input_txtexpdate' is right clicked on

2018-05-28 13:42:13 - [TEST_STEP][PASSED] - selectOptionByIndex: All options with index in [6] are selected on object 'Object Repository/GRN/Page_KDMC - CMS/select_20182019202020212022202'

2018-05-28 13:42:13 - [MESSAGE][PASSED] - All options with index in [6] are selected on object 'Object Repository/GRN/Page_KDMC - CMS/select_20182019202020212022202'

2018-05-28 13:42:13 - [TEST_STEP][PASSED] - selectOptionByIndex: All options with index in [6] are selected on object 'Object Repository/GRN/Page_KDMC - CMS/select_JanFebMarAprMayJunJulAu'

2018-05-28 13:42:13 - [MESSAGE][PASSED] - All options with index in [6] are selected on object 'Object Repository/GRN/Page_KDMC - CMS/select_JanFebMarAprMayJunJulAu'

2018-05-28 13:42:13 - [TEST_STEP][PASSED] - click: Object: 'Object Repository/MOH AND GRN/Page_KDMC - CMS/a_12' is clicked on

2018-05-28 13:42:14 - [MESSAGE][PASSED] - Object: 'Object Repository/MOH AND GRN/Page_KDMC - CMS/a_12' is clicked on

2018-05-28 13:42:14 - [TEST_STEP][PASSED] - click: Object: 'Object Repository/MOH AND GRN/Page_KDMC - CMS/input_btnadd' is clicked on

2018-05-28 13:42:14 - [MESSAGE][PASSED] - Object: 'Object Repository/MOH AND GRN/Page_KDMC - CMS/input_btnadd' is clicked on

2018-05-28 13:42:14 - [TEST_STEP][PASSED] - Statement - If (s == 10): null

2018-05-28 13:42:14 - [TEST_STEP][PASSED] - Statement - Else: null

2018-05-28 13:42:14 - [TEST_STEP][PASSED] - Statement - (s++): null

2018-05-28 13:42:14 - [TEST_STEP][PASSED] - delay: Delayed 1 second(s)

2018-05-28 13:42:15 - [MESSAGE][PASSED] - Delayed 1 second(s)

2018-05-28 13:42:15 - [TEST_STEP][PASSED] - selectOptionByIndex: All options with index in [27] are selected on object 'Object Repository/MOH AND GRN/Page_KDMC - CMS/select_--Select--Amikacin -500'

2018-05-28 13:42:15 - [MESSAGE][PASSED] - All options with index in [27] are selected on object 'Object Repository/MOH AND GRN/Page_KDMC - CMS/select_--Select--Amikacin -500'

2018-05-28 13:42:15 - [TEST_STEP][PASSED] - setText: Text '5000' is set on object 'Object Repository/MOH AND GRN/Page_KDMC - CMS/input_txtqty'

2018-05-28 13:42:15 - [MESSAGE][PASSED] - Text '5000' is set on object 'Object Repository/MOH AND GRN/Page_KDMC - CMS/input_txtqty'

2018-05-28 13:42:15 - [TEST_STEP][PASSED] - selectOptionByIndex: All options with index in [1] are selected on object 'Object Repository/MOH AND GRN/Page_KDMC - CMS/select_--Select--No Tax0'

2018-05-28 13:42:15 - [MESSAGE][PASSED] - All options with index in [1] are selected on object 'Object Repository/MOH AND GRN/Page_KDMC - CMS/select_--Select--No Tax0'

2018-05-28 13:42:15 - [TEST_STEP][PASSED] - setText: Finding Test Object with id 'Object Repository/MOH AND GRN/Page_KDMC - CMS/input_txtmrp'

2018-05-28 13:42:15 - [TEST_STEP][PASSED] - Statement - switch (id): Finding Test Object with id 'Object Repository/MOH AND GRN/Page_KDMC - CMS/input_txtdeal'

2018-05-28 13:42:15 - [TEST_STEP][PASSED] - Statement - case 4:: Text '34.0' is set on object 'Object Repository/MOH AND GRN/Page_KDMC - CMS/input_txtmrp'

2018-05-28 13:42:15 - [TEST_STEP][PASSED] - Statement - return (java.lang.Math.floor((java.lang.Math.random() * ((max - min) + 1))) + min): Text '34.0' is set on object 'Object Repository/MOH AND GRN/Page_KDMC - CMS/input_txtmrp'

2018-05-28 13:42:15 - [MESSAGE][PASSED] - Text '34.0' is set on object 'Object Repository/MOH AND GRN/Page_KDMC - CMS/input_txtmrp'

2018-05-28 13:42:15 - [TEST_STEP][PASSED] - setText: Finding Test Object with id 'Object Repository/MOH AND GRN/Page_KDMC - CMS/input_txtdeal'

2018-05-28 13:42:15 - [TEST_STEP][PASSED] - Statement - switch (id): Finding Test Object with id 'Object Repository/MOH AND GRN/Page_KDMC - CMS/input_txtbatchno'

2018-05-28 13:42:15 - [TEST_STEP][PASSED] - Statement - case 5:: Text '1.0' is set on object 'Object Repository/MOH AND GRN/Page_KDMC - CMS/input_txtdeal'

2018-05-28 13:42:15 - [TEST_STEP][PASSED] - Statement - return (java.lang.Math.floor((java.lang.Math.random() * ((max - min) + 1))) + min): Text '1.0' is set on object 'Object Repository/MOH AND GRN/Page_KDMC - CMS/input_txtdeal'

2018-05-28 13:42:15 - [MESSAGE][PASSED] - Text '1.0' is set on object 'Object Repository/MOH AND GRN/Page_KDMC - CMS/input_txtdeal'

2018-05-28 13:42:15 - [TEST_STEP][PASSED] - setText: Finding Test Object with id 'Object Repository/MOH AND GRN/Page_KDMC - CMS/input_txtbatchno'

2018-05-28 13:42:15 - [TEST_STEP][PASSED] - Statement - switch (id): Finding Test Object with id 'Object Repository/MOH AND GRN/Page_KDMC - CMS/input_txtmrp'

2018-05-28 13:42:15 - [TEST_STEP][PASSED] - Statement - case 1:: Text 'BA79.0' is set on object 'Object Repository/MOH AND GRN/Page_KDMC - CMS/input_txtbatchno'

2018-05-28 13:42:15 - [TEST_STEP][PASSED] - Statement - return (java.lang.Math.floor((java.lang.Math.random() * ((max - min) + 1))) + min): Text 'BA79.0' is set on object 'Object Repository/MOH AND GRN/Page_KDMC - CMS/input_txtbatchno'

2018-05-28 13:42:16 - [MESSAGE][PASSED] - Text 'BA79.0' is set on object 'Object Repository/MOH AND GRN/Page_KDMC - CMS/input_txtbatchno'

2018-05-28 13:42:16 - [TEST_STEP][PASSED] - rightClick: Object: 'Object Repository/GRN/Page_KDMC - CMS/input_txtexpdate' is right clicked on

2018-05-28 13:42:16 - [MESSAGE][PASSED] - Object: 'Object Repository/GRN/Page_KDMC - CMS/input_txtexpdate' is right clicked on

2018-05-28 13:42:16 - [TEST_STEP][PASSED] - selectOptionByIndex: All options with index in [7] are selected on object 'Object Repository/GRN/Page_KDMC - CMS/select_20182019202020212022202'

2018-05-28 13:42:16 - [MESSAGE][PASSED] - All options with index in [7] are selected on object 'Object Repository/GRN/Page_KDMC - CMS/select_20182019202020212022202'

2018-05-28 13:42:16 - [TEST_STEP][PASSED] - selectOptionByIndex: All options with index in [7] are selected on object 'Object Repository/GRN/Page_KDMC - CMS/select_JanFebMarAprMayJunJulAu'

2018-05-28 13:42:16 - [MESSAGE][PASSED] - All options with index in [7] are selected on object 'Object Repository/GRN/Page_KDMC - CMS/select_JanFebMarAprMayJunJulAu'

2018-05-28 13:42:16 - [TEST_STEP][PASSED] - click: Object: 'Object Repository/MOH AND GRN/Page_KDMC - CMS/a_12' is clicked on

2018-05-28 13:42:16 - [MESSAGE][PASSED] - Object: 'Object Repository/MOH AND GRN/Page_KDMC - CMS/a_12' is clicked on

2018-05-28 13:42:16 - [TEST_STEP][PASSED] - click: Object: 'Object Repository/MOH AND GRN/Page_KDMC - CMS/input_btnadd' is clicked on

2018-05-28 13:42:16 - [MESSAGE][PASSED] - Object: 'Object Repository/MOH AND GRN/Page_KDMC - CMS/input_btnadd' is clicked on

2018-05-28 13:42:16 - [TEST_STEP][PASSED] - Statement - If (s == 10): null

2018-05-28 13:42:16 - [TEST_STEP][PASSED] - Statement - Else: null

2018-05-28 13:42:16 - [TEST_STEP][PASSED] - Statement - (s++): null

2018-05-28 13:42:16 - [TEST_STEP][PASSED] - delay: Delayed 1 second(s)

2018-05-28 13:42:17 - [MESSAGE][PASSED] - Delayed 1 second(s)

2018-05-28 13:42:17 - [TEST_STEP][PASSED] - selectOptionByIndex: All options with index in [28] are selected on object 'Object Repository/MOH AND GRN/Page_KDMC - CMS/select_--Select--Amikacin -500'

2018-05-28 13:42:18 - [MESSAGE][PASSED] - All options with index in [28] are selected on object 'Object Repository/MOH AND GRN/Page_KDMC - CMS/select_--Select--Amikacin -500'

2018-05-28 13:42:18 - [TEST_STEP][PASSED] - setText: Text '5000' is set on object 'Object Repository/MOH AND GRN/Page_KDMC - CMS/input_txtqty'

2018-05-28 13:42:18 - [MESSAGE][PASSED] - Text '5000' is set on object 'Object Repository/MOH AND GRN/Page_KDMC - CMS/input_txtqty'

2018-05-28 13:42:18 - [TEST_STEP][PASSED] - selectOptionByIndex: All options with index in [1] are selected on object 'Object Repository/MOH AND GRN/Page_KDMC - CMS/select_--Select--No Tax0'

2018-05-28 13:42:18 - [MESSAGE][PASSED] - All options with index in [1] are selected on object 'Object Repository/MOH AND GRN/Page_KDMC - CMS/select_--Select--No Tax0'

2018-05-28 13:42:18 - [TEST_STEP][PASSED] - setText: Finding Test Object with id 'Object Repository/MOH AND GRN/Page_KDMC - CMS/input_txtmrp'

2018-05-28 13:42:18 - [TEST_STEP][PASSED] - Statement - switch (id): Finding Test Object with id 'Object Repository/MOH AND GRN/Page_KDMC - CMS/input_txtdeal'

2018-05-28 13:42:18 - [TEST_STEP][PASSED] - Statement - case 4:: Text '31.0' is set on object 'Object Repository/MOH AND GRN/Page_KDMC - CMS/input_txtmrp'

2018-05-28 13:42:18 - [TEST_STEP][PASSED] - Statement - return (java.lang.Math.floor((java.lang.Math.random() * ((max - min) + 1))) + min): Text '31.0' is set on object 'Object Repository/MOH AND GRN/Page_KDMC - CMS/input_txtmrp'

2018-05-28 13:42:18 - [MESSAGE][PASSED] - Text '31.0' is set on object 'Object Repository/MOH AND GRN/Page_KDMC - CMS/input_txtmrp'

2018-05-28 13:42:18 - [TEST_STEP][PASSED] - setText: Finding Test Object with id 'Object Repository/MOH AND GRN/Page_KDMC - CMS/input_txtdeal'

2018-05-28 13:42:18 - [TEST_STEP][PASSED] - Statement - switch (id): Finding Test Object with id 'Object Repository/MOH AND GRN/Page_KDMC - CMS/input_txtbatchno'

2018-05-28 13:42:18 - [TEST_STEP][PASSED] - Statement - case 5:: Text '8.0' is set on object 'Object Repository/MOH AND GRN/Page_KDMC - CMS/input_txtdeal'

2018-05-28 13:42:18 - [TEST_STEP][PASSED] - Statement - return (java.lang.Math.floor((java.lang.Math.random() * ((max - min) + 1))) + min): Text '8.0' is set on object 'Object Repository/MOH AND GRN/Page_KDMC - CMS/input_txtdeal'

2018-05-28 13:42:18 - [MESSAGE][PASSED] - Text '8.0' is set on object 'Object Repository/MOH AND GRN/Page_KDMC - CMS/input_txtdeal'

2018-05-28 13:42:18 - [TEST_STEP][PASSED] - setText: Finding Test Object with id 'Object Repository/MOH AND GRN/Page_KDMC - CMS/input_txtbatchno'

2018-05-28 13:42:18 - [TEST_STEP][PASSED] - Statement - switch (id): Finding Test Object with id 'Object Repository/MOH AND GRN/Page_KDMC - CMS/input_txtmrp'

2018-05-28 13:42:18 - [TEST_STEP][PASSED] - Statement - case 1:: Text 'BA681.0' is set on object 'Object Repository/MOH AND GRN/Page_KDMC - CMS/input_txtbatchno'

2018-05-28 13:42:18 - [TEST_STEP][PASSED] - Statement - return (java.lang.Math.floor((java.lang.Math.random() * ((max - min) + 1))) + min): Text 'BA681.0' is set on object 'Object Repository/MOH AND GRN/Page_KDMC - CMS/input_txtbatchno'

2018-05-28 13:42:18 - [MESSAGE][PASSED] - Text 'BA681.0' is set on object 'Object Repository/MOH AND GRN/Page_KDMC - CMS/input_txtbatchno'

2018-05-28 13:42:18 - [TEST_STEP][PASSED] - rightClick: Object: 'Object Repository/GRN/Page_KDMC - CMS/input_txtexpdate' is right clicked on

2018-05-28 13:42:18 - [MESSAGE][PASSED] - Object: 'Object Repository/GRN/Page_KDMC - CMS/input_txtexpdate' is right clicked on

2018-05-28 13:42:18 - [TEST_STEP][PASSED] - selectOptionByIndex: All options with index in [8] are selected on object 'Object Repository/GRN/Page_KDMC - CMS/select_20182019202020212022202'

2018-05-28 13:42:19 - [MESSAGE][PASSED] - All options with index in [8] are selected on object 'Object Repository/GRN/Page_KDMC - CMS/select_20182019202020212022202'

2018-05-28 13:42:19 - [TEST_STEP][PASSED] - selectOptionByIndex: All options with index in [8] are selected on object 'Object Repository/GRN/Page_KDMC - CMS/select_JanFebMarAprMayJunJulAu'

2018-05-28 13:42:19 - [MESSAGE][PASSED] - All options with index in [8] are selected on object 'Object Repository/GRN/Page_KDMC - CMS/select_JanFebMarAprMayJunJulAu'

2018-05-28 13:42:19 - [TEST_STEP][PASSED] - click: Object: 'Object Repository/MOH AND GRN/Page_KDMC - CMS/a_12' is clicked on

2018-05-28 13:42:19 - [MESSAGE][PASSED] - Object: 'Object Repository/MOH AND GRN/Page_KDMC - CMS/a_12' is clicked on

2018-05-28 13:42:19 - [TEST_STEP][PASSED] - click: Object: 'Object Repository/MOH AND GRN/Page_KDMC - CMS/input_btnadd' is clicked on

2018-05-28 13:42:19 - [MESSAGE][PASSED] - Object: 'Object Repository/MOH AND GRN/Page_KDMC - CMS/input_btnadd' is clicked on

2018-05-28 13:42:19 - [TEST_STEP][PASSED] - Statement - If (s == 10): null

2018-05-28 13:42:19 - [TEST_STEP][PASSED] - Statement - Else: null

2018-05-28 13:42:19 - [TEST_STEP][PASSED] - Statement - (s++): null

2018-05-28 13:42:19 - [TEST_STEP][PASSED] - delay: Delayed 1 second(s)

2018-05-28 13:42:20 - [MESSAGE][PASSED] - Delayed 1 second(s)

2018-05-28 13:42:20 - [TEST_STEP][PASSED] - selectOptionByIndex: All options with index in [29] are selected on object 'Object Repository/MOH AND GRN/Page_KDMC - CMS/select_--Select--Amikacin -500'

2018-05-28 13:42:21 - [MESSAGE][PASSED] - All options with index in [29] are selected on object 'Object Repository/MOH AND GRN/Page_KDMC - CMS/select_--Select--Amikacin -500'

2018-05-28 13:42:21 - [TEST_STEP][PASSED] - setText: Text '5000' is set on object 'Object Repository/MOH AND GRN/Page_KDMC - CMS/input_txtqty'

2018-05-28 13:42:21 - [MESSAGE][PASSED] - Text '5000' is set on object 'Object Repository/MOH AND GRN/Page_KDMC - CMS/input_txtqty'

2018-05-28 13:42:21 - [TEST_STEP][PASSED] - selectOptionByIndex: All options with index in [1] are selected on object 'Object Repository/MOH AND GRN/Page_KDMC - CMS/select_--Select--No Tax0'

2018-05-28 13:42:21 - [MESSAGE][PASSED] - All options with index in [1] are selected on object 'Object Repository/MOH AND GRN/Page_KDMC - CMS/select_--Select--No Tax0'

2018-05-28 13:42:21 - [TEST_STEP][PASSED] - setText: Finding Test Object with id 'Object Repository/MOH AND GRN/Page_KDMC - CMS/input_txtmrp'

2018-05-28 13:42:21 - [TEST_STEP][PASSED] - Statement - switch (id): Finding Test Object with id 'Object Repository/MOH AND GRN/Page_KDMC - CMS/input_txtdeal'

2018-05-28 13:42:21 - [TEST_STEP][PASSED] - Statement - case 4:: Text '39.0' is set on object 'Object Repository/MOH AND GRN/Page_KDMC - CMS/input_txtmrp'

2018-05-28 13:42:21 - [TEST_STEP][PASSED] - Statement - return (java.lang.Math.floor((java.lang.Math.random() * ((max - min) + 1))) + min): Text '39.0' is set on object 'Object Repository/MOH AND GRN/Page_KDMC - CMS/input_txtmrp'

2018-05-28 13:42:21 - [MESSAGE][PASSED] - Text '39.0' is set on object 'Object Repository/MOH AND GRN/Page_KDMC - CMS/input_txtmrp'

2018-05-28 13:42:21 - [TEST_STEP][PASSED] - setText: Finding Test Object with id 'Object Repository/MOH AND GRN/Page_KDMC - CMS/input_txtdeal'

2018-05-28 13:42:21 - [TEST_STEP][PASSED] - Statement - switch (id): Finding Test Object with id 'Object Repository/MOH AND GRN/Page_KDMC - CMS/input_txtbatchno'

2018-05-28 13:42:21 - [TEST_STEP][PASSED] - Statement - case 5:: Text '4.0' is set on object 'Object Repository/MOH AND GRN/Page_KDMC - CMS/input_txtdeal'

2018-05-28 13:42:21 - [TEST_STEP][PASSED] - Statement - return (java.lang.Math.floor((java.lang.Math.random() * ((max - min) + 1))) + min): Text '4.0' is set on object 'Object Repository/MOH AND GRN/Page_KDMC - CMS/input_txtdeal'

2018-05-28 13:42:21 - [MESSAGE][PASSED] - Text '4.0' is set on object 'Object Repository/MOH AND GRN/Page_KDMC - CMS/input_txtdeal'

2018-05-28 13:42:21 - [TEST_STEP][PASSED] - setText: Finding Test Object with id 'Object Repository/MOH AND GRN/Page_KDMC - CMS/input_txtbatchno'

2018-05-28 13:42:21 - [TEST_STEP][PASSED] - Statement - switch (id): Finding Test Object with id 'Object Repository/MOH AND GRN/Page_KDMC - CMS/input_txtmrp'

2018-05-28 13:42:21 - [TEST_STEP][PASSED] - Statement - case 1:: Text 'BA290.0' is set on object 'Object Repository/MOH AND GRN/Page_KDMC - CMS/input_txtbatchno'

2018-05-28 13:42:21 - [TEST_STEP][PASSED] - Statement - return (java.lang.Math.floor((java.lang.Math.random() * ((max - min) + 1))) + min): Text 'BA290.0' is set on object 'Object Repository/MOH AND GRN/Page_KDMC - CMS/input_txtbatchno'

2018-05-28 13:42:21 - [MESSAGE][PASSED] - Text 'BA290.0' is set on object 'Object Repository/MOH AND GRN/Page_KDMC - CMS/input_txtbatchno'

2018-05-28 13:42:21 - [TEST_STEP][PASSED] - rightClick: Object: 'Object Repository/GRN/Page_KDMC - CMS/input_txtexpdate' is right clicked on

2018-05-28 13:42:21 - [MESSAGE][PASSED] - Object: 'Object Repository/GRN/Page_KDMC - CMS/input_txtexpdate' is right clicked on

2018-05-28 13:42:21 - [TEST_STEP][PASSED] - selectOptionByIndex: All options with index in [9] are selected on object 'Object Repository/GRN/Page_KDMC - CMS/select_20182019202020212022202'

2018-05-28 13:42:21 - [MESSAGE][PASSED] - All options with index in [9] are selected on object 'Object Repository/GRN/Page_KDMC - CMS/select_20182019202020212022202'

2018-05-28 13:42:21 - [TEST_STEP][PASSED] - selectOptionByIndex: All options with index in [9] are selected on object 'Object Repository/GRN/Page_KDMC - CMS/select_JanFebMarAprMayJunJulAu'

2018-05-28 13:42:22 - [MESSAGE][PASSED] - All options with index in [9] are selected on object 'Object Repository/GRN/Page_KDMC - CMS/select_JanFebMarAprMayJunJulAu'

2018-05-28 13:42:22 - [TEST_STEP][PASSED] - click: Object: 'Object Repository/MOH AND GRN/Page_KDMC - CMS/a_12' is clicked on

2018-05-28 13:42:22 - [MESSAGE][PASSED] - Object: 'Object Repository/MOH AND GRN/Page_KDMC - CMS/a_12' is clicked on

2018-05-28 13:42:22 - [TEST_STEP][PASSED] - click: Object: 'Object Repository/MOH AND GRN/Page_KDMC - CMS/input_btnadd' is clicked on

2018-05-28 13:42:22 - [MESSAGE][PASSED] - Object: 'Object Repository/MOH AND GRN/Page_KDMC - CMS/input_btnadd' is clicked on

2018-05-28 13:42:22 - [TEST_STEP][PASSED] - Statement - If (s == 10): null

2018-05-28 13:42:22 - [TEST_STEP][PASSED] - Statement - Else: null

2018-05-28 13:42:22 - [TEST_STEP][PASSED] - Statement - (s++): null

2018-05-28 13:42:22 - [TEST_STEP][PASSED] - delay: Delayed 1 second(s)

2018-05-28 13:42:23 - [MESSAGE][PASSED] - Delayed 1 second(s)

2018-05-28 13:42:23 - [TEST_STEP][PASSED] - selectOptionByIndex: All options with index in [30] are selected on object 'Object Repository/MOH AND GRN/Page_KDMC - CMS/select_--Select--Amikacin -500'

2018-05-28 13:42:23 - [MESSAGE][PASSED] - All options with index in [30] are selected on object 'Object Repository/MOH AND GRN/Page_KDMC - CMS/select_--Select--Amikacin -500'

2018-05-28 13:42:23 - [TEST_STEP][PASSED] - setText: Text '5000' is set on object 'Object Repository/MOH AND GRN/Page_KDMC - CMS/input_txtqty'

2018-05-28 13:42:23 - [MESSAGE][PASSED] - Text '5000' is set on object 'Object Repository/MOH AND GRN/Page_KDMC - CMS/input_txtqty'

2018-05-28 13:42:23 - [TEST_STEP][PASSED] - selectOptionByIndex: All options with index in [1] are selected on object 'Object Repository/MOH AND GRN/Page_KDMC - CMS/select_--Select--No Tax0'

2018-05-28 13:42:24 - [MESSAGE][PASSED] - All options with index in [1] are selected on object 'Object Repository/MOH AND GRN/Page_KDMC - CMS/select_--Select--No Tax0'

2018-05-28 13:42:24 - [TEST_STEP][PASSED] - setText: Finding Test Object with id 'Object Repository/MOH AND GRN/Page_KDMC - CMS/input_txtmrp'

2018-05-28 13:42:24 - [TEST_STEP][PASSED] - Statement - switch (id): Finding Test Object with id 'Object Repository/MOH AND GRN/Page_KDMC - CMS/input_txtdeal'

2018-05-28 13:42:24 - [TEST_STEP][PASSED] - Statement - case 4:: Text '28.0' is set on object 'Object Repository/MOH AND GRN/Page_KDMC - CMS/input_txtmrp'

2018-05-28 13:42:24 - [TEST_STEP][PASSED] - Statement - return (java.lang.Math.floor((java.lang.Math.random() * ((max - min) + 1))) + min): Text '28.0' is set on object 'Object Repository/MOH AND GRN/Page_KDMC - CMS/input_txtmrp'

2018-05-28 13:42:24 - [MESSAGE][PASSED] - Text '28.0' is set on object 'Object Repository/MOH AND GRN/Page_KDMC - CMS/input_txtmrp'

2018-05-28 13:42:24 - [TEST_STEP][PASSED] - setText: Finding Test Object with id 'Object Repository/MOH AND GRN/Page_KDMC - CMS/input_txtdeal'

2018-05-28 13:42:24 - [TEST_STEP][PASSED] - Statement - switch (id): Finding Test Object with id 'Object Repository/MOH AND GRN/Page_KDMC - CMS/input_txtbatchno'

2018-05-28 13:42:24 - [TEST_STEP][PASSED] - Statement - case 5:: Text '2.0' is set on object 'Object Repository/MOH AND GRN/Page_KDMC - CMS/input_txtdeal'

2018-05-28 13:42:24 - [TEST_STEP][PASSED] - Statement - return (java.lang.Math.floor((java.lang.Math.random() * ((max - min) + 1))) + min): Text '2.0' is set on object 'Object Repository/MOH AND GRN/Page_KDMC - CMS/input_txtdeal'

2018-05-28 13:42:24 - [MESSAGE][PASSED] - Text '2.0' is set on object 'Object Repository/MOH AND GRN/Page_KDMC - CMS/input_txtdeal'

2018-05-28 13:42:24 - [TEST_STEP][PASSED] - setText: Finding Test Object with id 'Object Repository/MOH AND GRN/Page_KDMC - CMS/input_txtbatchno'

2018-05-28 13:42:24 - [TEST_STEP][PASSED] - Statement - switch (id): Finding Test Object with id 'Object Repository/MOH AND GRN/Page_KDMC - CMS/input_txtmrp'

2018-05-28 13:42:24 - [TEST_STEP][PASSED] - Statement - case 1:: Text 'BA439.0' is set on object 'Object Repository/MOH AND GRN/Page_KDMC - CMS/input_txtbatchno'

2018-05-28 13:42:24 - [TEST_STEP][PASSED] - Statement - return (java.lang.Math.floor((java.lang.Math.random() * ((max - min) + 1))) + min): Text 'BA439.0' is set on object 'Object Repository/MOH AND GRN/Page_KDMC - CMS/input_txtbatchno'

2018-05-28 13:42:24 - [MESSAGE][PASSED] - Text 'BA439.0' is set on object 'Object Repository/MOH AND GRN/Page_KDMC - CMS/input_txtbatchno'

2018-05-28 13:42:24 - [TEST_STEP][PASSED] - rightClick: Object: 'Object Repository/GRN/Page_KDMC - CMS/input_txtexpdate' is right clicked on

2018-05-28 13:42:24 - [MESSAGE][PASSED] - Object: 'Object Repository/GRN/Page_KDMC - CMS/input_txtexpdate' is right clicked on

2018-05-28 13:42:24 - [TEST_STEP][PASSED] - selectOptionByIndex: All options with index in [10] are selected on object 'Object Repository/GRN/Page_KDMC - CMS/select_20182019202020212022202'

2018-05-28 13:42:24 - [MESSAGE][PASSED] - All options with index in [10] are selected on object 'Object Repository/GRN/Page_KDMC - CMS/select_20182019202020212022202'

2018-05-28 13:42:24 - [TEST_STEP][PASSED] - selectOptionByIndex: All options with index in [10] are selected on object 'Object Repository/GRN/Page_KDMC - CMS/select_JanFebMarAprMayJunJulAu'

2018-05-28 13:42:24 - [MESSAGE][PASSED] - All options with index in [10] are selected on object 'Object Repository/GRN/Page_KDMC - CMS/select_JanFebMarAprMayJunJulAu'

2018-05-28 13:42:24 - [TEST_STEP][PASSED] - click: Object: 'Object Repository/MOH AND GRN/Page_KDMC - CMS/a_12' is clicked on

2018-05-28 13:42:24 - [MESSAGE][PASSED] - Object: 'Object Repository/MOH AND GRN/Page_KDMC - CMS/a_12' is clicked on

2018-05-28 13:42:24 - [TEST_STEP][PASSED] - click: Object: 'Object Repository/MOH AND GRN/Page_KDMC - CMS/input_btnadd' is clicked on

2018-05-28 13:42:25 - [MESSAGE][PASSED] - Object: 'Object Repository/MOH AND GRN/Page_KDMC - CMS/input_btnadd' is clicked on

2018-05-28 13:42:25 - [TEST_STEP][PASSED] - Statement - If (s == 10): null

2018-05-28 13:42:25 - [TEST_STEP][PASSED] - Statement - s = 1: null

2018-05-28 13:42:25 - [TEST_STEP][PASSED] - delay: Delayed 1 second(s)

2018-05-28 13:42:26 - [MESSAGE][PASSED] - Delayed 1 second(s)

2018-05-28 13:42:26 - [TEST_STEP][PASSED] - selectOptionByIndex: All options with index in [31] are selected on object 'Object Repository/MOH AND GRN/Page_KDMC - CMS/select_--Select--Amikacin -500'

2018-05-28 13:42:26 - [MESSAGE][PASSED] - All options with index in [31] are selected on object 'Object Repository/MOH AND GRN/Page_KDMC - CMS/select_--Select--Amikacin -500'

2018-05-28 13:42:26 - [TEST_STEP][PASSED] - setText: Text '5000' is set on object 'Object Repository/MOH AND GRN/Page_KDMC - CMS/input_txtqty'

2018-05-28 13:42:26 - [MESSAGE][PASSED] - Text '5000' is set on object 'Object Repository/MOH AND GRN/Page_KDMC - CMS/input_txtqty'

2018-05-28 13:42:26 - [TEST_STEP][PASSED] - selectOptionByIndex: All options with index in [1] are selected on object 'Object Repository/MOH AND GRN/Page_KDMC - CMS/select_--Select--No Tax0'

2018-05-28 13:42:26 - [MESSAGE][PASSED] - All options with index in [1] are selected on object 'Object Repository/MOH AND GRN/Page_KDMC - CMS/select_--Select--No Tax0'

2018-05-28 13:42:26 - [TEST_STEP][PASSED] - setText: Finding Test Object with id 'Object Repository/MOH AND GRN/Page_KDMC - CMS/input_txtmrp'

2018-05-28 13:42:26 - [TEST_STEP][PASSED] - Statement - switch (id): Finding Test Object with id 'Object Repository/MOH AND GRN/Page_KDMC - CMS/input_txtdeal'

2018-05-28 13:42:26 - [TEST_STEP][PASSED] - Statement - case 4:: Text '32.0' is set on object 'Object Repository/MOH AND GRN/Page_KDMC - CMS/input_txtmrp'

2018-05-28 13:42:26 - [TEST_STEP][PASSED] - Statement - return (java.lang.Math.floor((java.lang.Math.random() * ((max - min) + 1))) + min): Text '32.0' is set on object 'Object Repository/MOH AND GRN/Page_KDMC - CMS/input_txtmrp'

2018-05-28 13:42:26 - [MESSAGE][PASSED] - Text '32.0' is set on object 'Object Repository/MOH AND GRN/Page_KDMC - CMS/input_txtmrp'

2018-05-28 13:42:26 - [TEST_STEP][PASSED] - setText: Finding Test Object with id 'Object Repository/MOH AND GRN/Page_KDMC - CMS/input_txtdeal'

2018-05-28 13:42:26 - [TEST_STEP][PASSED] - Statement - switch (id): Finding Test Object with id 'Object Repository/MOH AND GRN/Page_KDMC - CMS/input_txtbatchno'

2018-05-28 13:42:26 - [TEST_STEP][PASSED] - Statement - case 5:: Text '8.0' is set on object 'Object Repository/MOH AND GRN/Page_KDMC - CMS/input_txtdeal'

2018-05-28 13:42:26 - [TEST_STEP][PASSED] - Statement - return (java.lang.Math.floor((java.lang.Math.random() * ((max - min) + 1))) + min): Text '8.0' is set on object 'Object Repository/MOH AND GRN/Page_KDMC - CMS/input_txtdeal'

2018-05-28 13:42:26 - [MESSAGE][PASSED] - Text '8.0' is set on object 'Object Repository/MOH AND GRN/Page_KDMC - CMS/input_txtdeal'

2018-05-28 13:42:26 - [TEST_STEP][PASSED] - setText: Finding Test Object with id 'Object Repository/MOH AND GRN/Page_KDMC - CMS/input_txtbatchno'

2018-05-28 13:42:26 - [TEST_STEP][PASSED] - Statement - switch (id): Finding Test Object with id 'Object Repository/MOH AND GRN/Page_KDMC - CMS/input_txtmrp'

2018-05-28 13:42:26 - [TEST_STEP][PASSED] - Statement - case 1:: Text 'BA433.0' is set on object 'Object Repository/MOH AND GRN/Page_KDMC - CMS/input_txtbatchno'

2018-05-28 13:42:26 - [TEST_STEP][PASSED] - Statement - return (java.lang.Math.floor((java.lang.Math.random() * ((max - min) + 1))) + min): Text 'BA433.0' is set on object 'Object Repository/MOH AND GRN/Page_KDMC - CMS/input_txtbatchno'

2018-05-28 13:42:27 - [MESSAGE][PASSED] - Text 'BA433.0' is set on object 'Object Repository/MOH AND GRN/Page_KDMC - CMS/input_txtbatchno'

2018-05-28 13:42:27 - [TEST_STEP][PASSED] - rightClick: Object: 'Object Repository/GRN/Page_KDMC - CMS/input_txtexpdate' is right clicked on

2018-05-28 13:42:27 - [MESSAGE][PASSED] - Object: 'Object Repository/GRN/Page_KDMC - CMS/input_txtexpdate' is right clicked on

2018-05-28 13:42:27 - [TEST_STEP][PASSED] - selectOptionByIndex: All options with index in [1] are selected on object 'Object Repository/GRN/Page_KDMC - CMS/select_20182019202020212022202'

2018-05-28 13:42:27 - [MESSAGE][PASSED] - All options with index in [1] are selected on object 'Object Repository/GRN/Page_KDMC - CMS/select_20182019202020212022202'

2018-05-28 13:42:27 - [TEST_STEP][PASSED] - selectOptionByIndex: All options with index in [1] are selected on object 'Object Repository/GRN/Page_KDMC - CMS/select_JanFebMarAprMayJunJulAu'

2018-05-28 13:42:27 - [MESSAGE][PASSED] - All options with index in [1] are selected on object 'Object Repository/GRN/Page_KDMC - CMS/select_JanFebMarAprMayJunJulAu'

2018-05-28 13:42:27 - [TEST_STEP][PASSED] - click: Object: 'Object Repository/MOH AND GRN/Page_KDMC - CMS/a_12' is clicked on

2018-05-28 13:42:27 - [MESSAGE][PASSED] - Object: 'Object Repository/MOH AND GRN/Page_KDMC - CMS/a_12' is clicked on

2018-05-28 13:42:27 - [TEST_STEP][PASSED] - click: Object: 'Object Repository/MOH AND GRN/Page_KDMC - CMS/input_btnadd' is clicked on

2018-05-28 13:42:27 - [MESSAGE][PASSED] - Object: 'Object Repository/MOH AND GRN/Page_KDMC - CMS/input_btnadd' is clicked on

2018-05-28 13:42:27 - [TEST_STEP][PASSED] - Statement - If (s == 10): null

2018-05-28 13:42:27 - [TEST_STEP][PASSED] - Statement - Else: null

2018-05-28 13:42:27 - [TEST_STEP][PASSED] - Statement - (s++): null

2018-05-28 13:42:27 - [TEST_STEP][PASSED] - delay: Delayed 1 second(s)

2018-05-28 13:42:28 - [MESSAGE][PASSED] - Delayed 1 second(s)

2018-05-28 13:42:28 - [TEST_STEP][PASSED] - selectOptionByIndex: All options with index in [32] are selected on object 'Object Repository/MOH AND GRN/Page_KDMC - CMS/select_--Select--Amikacin -500'

2018-05-28 13:42:29 - [MESSAGE][PASSED] - All options with index in [32] are selected on object 'Object Repository/MOH AND GRN/Page_KDMC - CMS/select_--Select--Amikacin -500'

2018-05-28 13:42:29 - [TEST_STEP][PASSED] - setText: Text '5000' is set on object 'Object Repository/MOH AND GRN/Page_KDMC - CMS/input_txtqty'

2018-05-28 13:42:29 - [MESSAGE][PASSED] - Text '5000' is set on object 'Object Repository/MOH AND GRN/Page_KDMC - CMS/input_txtqty'

2018-05-28 13:42:29 - [TEST_STEP][PASSED] - selectOptionByIndex: All options with index in [1] are selected on object 'Object Repository/MOH AND GRN/Page_KDMC - CMS/select_--Select--No Tax0'

2018-05-28 13:42:29 - [MESSAGE][PASSED] - All options with index in [1] are selected on object 'Object Repository/MOH AND GRN/Page_KDMC - CMS/select_--Select--No Tax0'

2018-05-28 13:42:29 - [TEST_STEP][PASSED] - setText: Finding Test Object with id 'Object Repository/MOH AND GRN/Page_KDMC - CMS/input_txtmrp'

2018-05-28 13:42:29 - [TEST_STEP][PASSED] - Statement - switch (id): Finding Test Object with id 'Object Repository/MOH AND GRN/Page_KDMC - CMS/input_txtdeal'

2018-05-28 13:42:29 - [TEST_STEP][PASSED] - Statement - case 4:: Text '28.0' is set on object 'Object Repository/MOH AND GRN/Page_KDMC - CMS/input_txtmrp'

2018-05-28 13:42:29 - [TEST_STEP][PASSED] - Statement - return (java.lang.Math.floor((java.lang.Math.random() * ((max - min) + 1))) + min): Text '28.0' is set on object 'Object Repository/MOH AND GRN/Page_KDMC - CMS/input_txtmrp'

2018-05-28 13:42:29 - [MESSAGE][PASSED] - Text '28.0' is set on object 'Object Repository/MOH AND GRN/Page_KDMC - CMS/input_txtmrp'

2018-05-28 13:42:29 - [TEST_STEP][PASSED] - setText: Finding Test Object with id 'Object Repository/MOH AND GRN/Page_KDMC - CMS/input_txtdeal'

2018-05-28 13:42:29 - [TEST_STEP][PASSED] - Statement - switch (id): Finding Test Object with id 'Object Repository/MOH AND GRN/Page_KDMC - CMS/input_txtbatchno'

2018-05-28 13:42:29 - [TEST_STEP][PASSED] - Statement - case 5:: Text '8.0' is set on object 'Object Repository/MOH AND GRN/Page_KDMC - CMS/input_txtdeal'

2018-05-28 13:42:29 - [TEST_STEP][PASSED] - Statement - return (java.lang.Math.floor((java.lang.Math.random() * ((max - min) + 1))) + min): Text '8.0' is set on object 'Object Repository/MOH AND GRN/Page_KDMC - CMS/input_txtdeal'

2018-05-28 13:42:29 - [MESSAGE][PASSED] - Text '8.0' is set on object 'Object Repository/MOH AND GRN/Page_KDMC - CMS/input_txtdeal'

2018-05-28 13:42:29 - [TEST_STEP][PASSED] - setText: Finding Test Object with id 'Object Repository/MOH AND GRN/Page_KDMC - CMS/input_txtbatchno'

2018-05-28 13:42:29 - [TEST_STEP][PASSED] - Statement - switch (id): Finding Test Object with id 'Object Repository/MOH AND GRN/Page_KDMC - CMS/input_txtmrp'

2018-05-28 13:42:29 - [TEST_STEP][PASSED] - Statement - case 1:: Text 'BA87.0' is set on object 'Object Repository/MOH AND GRN/Page_KDMC - CMS/input_txtbatchno'

2018-05-28 13:42:29 - [TEST_STEP][PASSED] - Statement - return (java.lang.Math.floor((java.lang.Math.random() * ((max - min) + 1))) + min): Text 'BA87.0' is set on object 'Object Repository/MOH AND GRN/Page_KDMC - CMS/input_txtbatchno'

2018-05-28 13:42:29 - [MESSAGE][PASSED] - Text 'BA87.0' is set on object 'Object Repository/MOH AND GRN/Page_KDMC - CMS/input_txtbatchno'

2018-05-28 13:42:29 - [TEST_STEP][PASSED] - rightClick: Object: 'Object Repository/GRN/Page_KDMC - CMS/input_txtexpdate' is right clicked on

2018-05-28 13:42:29 - [MESSAGE][PASSED] - Object: 'Object Repository/GRN/Page_KDMC - CMS/input_txtexpdate' is right clicked on

2018-05-28 13:42:29 - [TEST_STEP][PASSED] - selectOptionByIndex: All options with index in [2] are selected on object 'Object Repository/GRN/Page_KDMC - CMS/select_20182019202020212022202'

2018-05-28 13:42:29 - [MESSAGE][PASSED] - All options with index in [2] are selected on object 'Object Repository/GRN/Page_KDMC - CMS/select_20182019202020212022202'

2018-05-28 13:42:29 - [TEST_STEP][PASSED] - selectOptionByIndex: All options with index in [2] are selected on object 'Object Repository/GRN/Page_KDMC - CMS/select_JanFebMarAprMayJunJulAu'

2018-05-28 13:42:30 - [MESSAGE][PASSED] - All options with index in [2] are selected on object 'Object Repository/GRN/Page_KDMC - CMS/select_JanFebMarAprMayJunJulAu'

2018-05-28 13:42:30 - [TEST_STEP][PASSED] - click: Object: 'Object Repository/MOH AND GRN/Page_KDMC - CMS/a_12' is clicked on

2018-05-28 13:42:30 - [MESSAGE][PASSED] - Object: 'Object Repository/MOH AND GRN/Page_KDMC - CMS/a_12' is clicked on

2018-05-28 13:42:30 - [TEST_STEP][PASSED] - click: Object: 'Object Repository/MOH AND GRN/Page_KDMC - CMS/input_btnadd' is clicked on

2018-05-28 13:42:30 - [MESSAGE][PASSED] - Object: 'Object Repository/MOH AND GRN/Page_KDMC - CMS/input_btnadd' is clicked on

2018-05-28 13:42:30 - [TEST_STEP][PASSED] - Statement - If (s == 10): null

2018-05-28 13:42:30 - [TEST_STEP][PASSED] - Statement - Else: null

2018-05-28 13:42:30 - [TEST_STEP][PASSED] - Statement - (s++): null

2018-05-28 13:42:30 - [TEST_STEP][PASSED] - delay: Delayed 1 second(s)

2018-05-28 13:42:31 - [MESSAGE][PASSED] - Delayed 1 second(s)

2018-05-28 13:42:31 - [TEST_STEP][PASSED] - selectOptionByIndex: All options with index in [33] are selected on object 'Object Repository/MOH AND GRN/Page_KDMC - CMS/select_--Select--Amikacin -500'

2018-05-28 13:42:31 - [MESSAGE][PASSED] - All options with index in [33] are selected on object 'Object Repository/MOH AND GRN/Page_KDMC - CMS/select_--Select--Amikacin -500'

2018-05-28 13:42:31 - [TEST_STEP][PASSED] - setText: Text '5000' is set on object 'Object Repository/MOH AND GRN/Page_KDMC - CMS/input_txtqty'

2018-05-28 13:42:31 - [MESSAGE][PASSED] - Text '5000' is set on object 'Object Repository/MOH AND GRN/Page_KDMC - CMS/input_txtqty'

2018-05-28 13:42:31 - [TEST_STEP][PASSED] - selectOptionByIndex: All options with index in [1] are selected on object 'Object Repository/MOH AND GRN/Page_KDMC - CMS/select_--Select--No Tax0'

2018-05-28 13:42:32 - [MESSAGE][PASSED] - All options with index in [1] are selected on object 'Object Repository/MOH AND GRN/Page_KDMC - CMS/select_--Select--No Tax0'

2018-05-28 13:42:32 - [TEST_STEP][PASSED] - setText: Finding Test Object with id 'Object Repository/MOH AND GRN/Page_KDMC - CMS/input_txtmrp'

2018-05-28 13:42:32 - [TEST_STEP][PASSED] - Statement - switch (id): Finding Test Object with id 'Object Repository/MOH AND GRN/Page_KDMC - CMS/input_txtdeal'

2018-05-28 13:42:32 - [TEST_STEP][PASSED] - Statement - case 4:: Text '36.0' is set on object 'Object Repository/MOH AND GRN/Page_KDMC - CMS/input_txtmrp'

2018-05-28 13:42:32 - [TEST_STEP][PASSED] - Statement - return (java.lang.Math.floor((java.lang.Math.random() * ((max - min) + 1))) + min): Text '36.0' is set on object 'Object Repository/MOH AND GRN/Page_KDMC - CMS/input_txtmrp'

2018-05-28 13:42:32 - [MESSAGE][PASSED] - Text '36.0' is set on object 'Object Repository/MOH AND GRN/Page_KDMC - CMS/input_txtmrp'

2018-05-28 13:42:32 - [TEST_STEP][PASSED] - setText: Finding Test Object with id 'Object Repository/MOH AND GRN/Page_KDMC - CMS/input_txtdeal'

2018-05-28 13:42:32 - [TEST_STEP][PASSED] - Statement - switch (id): Finding Test Object with id 'Object Repository/MOH AND GRN/Page_KDMC - CMS/input_txtbatchno'

2018-05-28 13:42:32 - [TEST_STEP][PASSED] - Statement - case 5:: Text '2.0' is set on object 'Object Repository/MOH AND GRN/Page_KDMC - CMS/input_txtdeal'

2018-05-28 13:42:32 - [TEST_STEP][PASSED] - Statement - return (java.lang.Math.floor((java.lang.Math.random() * ((max - min) + 1))) + min): Text '2.0' is set on object 'Object Repository/MOH AND GRN/Page_KDMC - CMS/input_txtdeal'

2018-05-28 13:42:32 - [MESSAGE][PASSED] - Text '2.0' is set on object 'Object Repository/MOH AND GRN/Page_KDMC - CMS/input_txtdeal'

2018-05-28 13:42:32 - [TEST_STEP][PASSED] - setText: Finding Test Object with id 'Object Repository/MOH AND GRN/Page_KDMC - CMS/input_txtbatchno'

2018-05-28 13:42:32 - [TEST_STEP][PASSED] - Statement - switch (id): Finding Test Object with id 'Object Repository/MOH AND GRN/Page_KDMC - CMS/input_txtmrp'

2018-05-28 13:42:32 - [TEST_STEP][PASSED] - Statement - case 1:: Text 'BA81.0' is set on object 'Object Repository/MOH AND GRN/Page_KDMC - CMS/input_txtbatchno'

2018-05-28 13:42:32 - [TEST_STEP][PASSED] - Statement - return (java.lang.Math.floor((java.lang.Math.random() * ((max - min) + 1))) + min): Text 'BA81.0' is set on object 'Object Repository/MOH AND GRN/Page_KDMC - CMS/input_txtbatchno'

2018-05-28 13:42:32 - [MESSAGE][PASSED] - Text 'BA81.0' is set on object 'Object Repository/MOH AND GRN/Page_KDMC - CMS/input_txtbatchno'

2018-05-28 13:42:32 - [TEST_STEP][PASSED] - rightClick: Object: 'Object Repository/GRN/Page_KDMC - CMS/input_txtexpdate' is right clicked on

2018-05-28 13:42:32 - [MESSAGE][PASSED] - Object: 'Object Repository/GRN/Page_KDMC - CMS/input_txtexpdate' is right clicked on

2018-05-28 13:42:32 - [TEST_STEP][PASSED] - selectOptionByIndex: All options with index in [3] are selected on object 'Object Repository/GRN/Page_KDMC - CMS/select_20182019202020212022202'

2018-05-28 13:42:32 - [MESSAGE][PASSED] - All options with index in [3] are selected on object 'Object Repository/GRN/Page_KDMC - CMS/select_20182019202020212022202'

2018-05-28 13:42:32 - [TEST_STEP][PASSED] - selectOptionByIndex: All options with index in [3] are selected on object 'Object Repository/GRN/Page_KDMC - CMS/select_JanFebMarAprMayJunJulAu'

2018-05-28 13:42:32 - [MESSAGE][PASSED] - All options with index in [3] are selected on object 'Object Repository/GRN/Page_KDMC - CMS/select_JanFebMarAprMayJunJulAu'

2018-05-28 13:42:32 - [TEST_STEP][PASSED] - click: Object: 'Object Repository/MOH AND GRN/Page_KDMC - CMS/a_12' is clicked on

2018-05-28 13:42:32 - [MESSAGE][PASSED] - Object: 'Object Repository/MOH AND GRN/Page_KDMC - CMS/a_12' is clicked on

2018-05-28 13:42:32 - [TEST_STEP][PASSED] - click: Object: 'Object Repository/MOH AND GRN/Page_KDMC - CMS/input_btnadd' is clicked on

2018-05-28 13:42:32 - [MESSAGE][PASSED] - Object: 'Object Repository/MOH AND GRN/Page_KDMC - CMS/input_btnadd' is clicked on

2018-05-28 13:42:32 - [TEST_STEP][PASSED] - Statement - If (s == 10): null

2018-05-28 13:42:32 - [TEST_STEP][PASSED] - Statement - Else: null

2018-05-28 13:42:32 - [TEST_STEP][PASSED] - Statement - (s++): null

2018-05-28 13:42:32 - [TEST_STEP][PASSED] - delay: Delayed 1 second(s)

2018-05-28 13:42:33 - [MESSAGE][PASSED] - Delayed 1 second(s)

2018-05-28 13:42:33 - [TEST_STEP][PASSED] - selectOptionByIndex: All options with index in [34] are selected on object 'Object Repository/MOH AND GRN/Page_KDMC - CMS/select_--Select--Amikacin -500'

2018-05-28 13:42:34 - [MESSAGE][PASSED] - All options with index in [34] are selected on object 'Object Repository/MOH AND GRN/Page_KDMC - CMS/select_--Select--Amikacin -500'

2018-05-28 13:42:34 - [TEST_STEP][PASSED] - setText: Text '5000' is set on object 'Object Repository/MOH AND GRN/Page_KDMC - CMS/input_txtqty'

2018-05-28 13:42:34 - [MESSAGE][PASSED] - Text '5000' is set on object 'Object Repository/MOH AND GRN/Page_KDMC - CMS/input_txtqty'

2018-05-28 13:42:34 - [TEST_STEP][PASSED] - selectOptionByIndex: All options with index in [1] are selected on object 'Object Repository/MOH AND GRN/Page_KDMC - CMS/select_--Select--No Tax0'

2018-05-28 13:42:34 - [MESSAGE][PASSED] - All options with index in [1] are selected on object 'Object Repository/MOH AND GRN/Page_KDMC - CMS/select_--Select--No Tax0'

2018-05-28 13:42:34 - [TEST_STEP][PASSED] - setText: Finding Test Object with id 'Object Repository/MOH AND GRN/Page_KDMC - CMS/input_txtmrp'

2018-05-28 13:42:34 - [TEST_STEP][PASSED] - Statement - switch (id): Finding Test Object with id 'Object Repository/MOH AND GRN/Page_KDMC - CMS/input_txtdeal'

2018-05-28 13:42:34 - [TEST_STEP][PASSED] - Statement - case 4:: Text '36.0' is set on object 'Object Repository/MOH AND GRN/Page_KDMC - CMS/input_txtmrp'

2018-05-28 13:42:34 - [TEST_STEP][PASSED] - Statement - return (java.lang.Math.floor((java.lang.Math.random() * ((max - min) + 1))) + min): Text '36.0' is set on object 'Object Repository/MOH AND GRN/Page_KDMC - CMS/input_txtmrp'

2018-05-28 13:42:34 - [MESSAGE][PASSED] - Text '36.0' is set on object 'Object Repository/MOH AND GRN/Page_KDMC - CMS/input_txtmrp'

2018-05-28 13:42:34 - [TEST_STEP][PASSED] - setText: Finding Test Object with id 'Object Repository/MOH AND GRN/Page_KDMC - CMS/input_txtdeal'

2018-05-28 13:42:34 - [TEST_STEP][PASSED] - Statement - switch (id): Finding Test Object with id 'Object Repository/MOH AND GRN/Page_KDMC - CMS/input_txtbatchno'

2018-05-28 13:42:34 - [TEST_STEP][PASSED] - Statement - case 5:: Text '11.0' is set on object 'Object Repository/MOH AND GRN/Page_KDMC - CMS/input_txtdeal'

2018-05-28 13:42:34 - [TEST_STEP][PASSED] - Statement - return (java.lang.Math.floor((java.lang.Math.random() * ((max - min) + 1))) + min): Text '11.0' is set on object 'Object Repository/MOH AND GRN/Page_KDMC - CMS/input_txtdeal'

2018-05-28 13:42:34 - [MESSAGE][PASSED] - Text '11.0' is set on object 'Object Repository/MOH AND GRN/Page_KDMC - CMS/input_txtdeal'

2018-05-28 13:42:34 - [TEST_STEP][PASSED] - setText: Finding Test Object with id 'Object Repository/MOH AND GRN/Page_KDMC - CMS/input_txtbatchno'

2018-05-28 13:42:34 - [TEST_STEP][PASSED] - Statement - switch (id): Finding Test Object with id 'Object Repository/MOH AND GRN/Page_KDMC - CMS/input_txtmrp'

2018-05-28 13:42:34 - [TEST_STEP][PASSED] - Statement - case 1:: Text 'BA725.0' is set on object 'Object Repository/MOH AND GRN/Page_KDMC - CMS/input_txtbatchno'

2018-05-28 13:42:34 - [TEST_STEP][PASSED] - Statement - return (java.lang.Math.floor((java.lang.Math.random() * ((max - min) + 1))) + min): Text 'BA725.0' is set on object 'Object Repository/MOH AND GRN/Page_KDMC - CMS/input_txtbatchno'

2018-05-28 13:42:35 - [MESSAGE][PASSED] - Text 'BA725.0' is set on object 'Object Repository/MOH AND GRN/Page_KDMC - CMS/input_txtbatchno'

2018-05-28 13:42:35 - [TEST_STEP][PASSED] - rightClick: Object: 'Object Repository/GRN/Page_KDMC - CMS/input_txtexpdate' is right clicked on

2018-05-28 13:42:35 - [MESSAGE][PASSED] - Object: 'Object Repository/GRN/Page_KDMC - CMS/input_txtexpdate' is right clicked on

2018-05-28 13:42:35 - [TEST_STEP][PASSED] - selectOptionByIndex: All options with index in [4] are selected on object 'Object Repository/GRN/Page_KDMC - CMS/select_20182019202020212022202'

2018-05-28 13:42:35 - [MESSAGE][PASSED] - All options with index in [4] are selected on object 'Object Repository/GRN/Page_KDMC - CMS/select_20182019202020212022202'

2018-05-28 13:42:35 - [TEST_STEP][PASSED] - selectOptionByIndex: All options with index in [4] are selected on object 'Object Repository/GRN/Page_KDMC - CMS/select_JanFebMarAprMayJunJulAu'

2018-05-28 13:42:35 - [MESSAGE][PASSED] - All options with index in [4] are selected on object 'Object Repository/GRN/Page_KDMC - CMS/select_JanFebMarAprMayJunJulAu'

2018-05-28 13:42:35 - [TEST_STEP][PASSED] - click: Object: 'Object Repository/MOH AND GRN/Page_KDMC - CMS/a_12' is clicked on

2018-05-28 13:42:35 - [MESSAGE][PASSED] - Object: 'Object Repository/MOH AND GRN/Page_KDMC - CMS/a_12' is clicked on

2018-05-28 13:42:35 - [TEST_STEP][PASSED] - click: Object: 'Object Repository/MOH AND GRN/Page_KDMC - CMS/input_btnadd' is clicked on

2018-05-28 13:42:35 - [MESSAGE][PASSED] - Object: 'Object Repository/MOH AND GRN/Page_KDMC - CMS/input_btnadd' is clicked on

2018-05-28 13:42:35 - [TEST_STEP][PASSED] - Statement - If (s == 10): null

2018-05-28 13:42:35 - [TEST_STEP][PASSED] - Statement - Else: null

2018-05-28 13:42:35 - [TEST_STEP][PASSED] - Statement - (s++): null

2018-05-28 13:42:35 - [TEST_STEP][PASSED] - delay: Delayed 1 second(s)

2018-05-28 13:42:36 - [MESSAGE][PASSED] - Delayed 1 second(s)

2018-05-28 13:42:36 - [TEST_STEP][PASSED] - selectOptionByIndex: All options with index in [35] are selected on object 'Object Repository/MOH AND GRN/Page_KDMC - CMS/select_--Select--Amikacin -500'

2018-05-28 13:42:37 - [MESSAGE][PASSED] - All options with index in [35] are selected on object 'Object Repository/MOH AND GRN/Page_KDMC - CMS/select_--Select--Amikacin -500'

2018-05-28 13:42:37 - [TEST_STEP][PASSED] - setText: Text '5000' is set on object 'Object Repository/MOH AND GRN/Page_KDMC - CMS/input_txtqty'

2018-05-28 13:42:37 - [MESSAGE][PASSED] - Text '5000' is set on object 'Object Repository/MOH AND GRN/Page_KDMC - CMS/input_txtqty'

2018-05-28 13:42:37 - [TEST_STEP][PASSED] - selectOptionByIndex: All options with index in [1] are selected on object 'Object Repository/MOH AND GRN/Page_KDMC - CMS/select_--Select--No Tax0'

2018-05-28 13:42:37 - [MESSAGE][PASSED] - All options with index in [1] are selected on object 'Object Repository/MOH AND GRN/Page_KDMC - CMS/select_--Select--No Tax0'

2018-05-28 13:42:37 - [TEST_STEP][PASSED] - setText: Finding Test Object with id 'Object Repository/MOH AND GRN/Page_KDMC - CMS/input_txtmrp'

2018-05-28 13:42:37 - [TEST_STEP][PASSED] - Statement - switch (id): Finding Test Object with id 'Object Repository/MOH AND GRN/Page_KDMC - CMS/input_txtdeal'

2018-05-28 13:42:37 - [TEST_STEP][PASSED] - Statement - case 4:: Text '42.0' is set on object 'Object Repository/MOH AND GRN/Page_KDMC - CMS/input_txtmrp'

2018-05-28 13:42:37 - [TEST_STEP][PASSED] - Statement - return (java.lang.Math.floor((java.lang.Math.random() * ((max - min) + 1))) + min): Text '42.0' is set on object 'Object Repository/MOH AND GRN/Page_KDMC - CMS/input_txtmrp'

2018-05-28 13:42:37 - [MESSAGE][PASSED] - Text '42.0' is set on object 'Object Repository/MOH AND GRN/Page_KDMC - CMS/input_txtmrp'

2018-05-28 13:42:37 - [TEST_STEP][PASSED] - setText: Finding Test Object with id 'Object Repository/MOH AND GRN/Page_KDMC - CMS/input_txtdeal'

2018-05-28 13:42:37 - [TEST_STEP][PASSED] - Statement - switch (id): Finding Test Object with id 'Object Repository/MOH AND GRN/Page_KDMC - CMS/input_txtbatchno'

2018-05-28 13:42:37 - [TEST_STEP][PASSED] - Statement - case 5:: Text '11.0' is set on object 'Object Repository/MOH AND GRN/Page_KDMC - CMS/input_txtdeal'

2018-05-28 13:42:37 - [TEST_STEP][PASSED] - Statement - return (java.lang.Math.floor((java.lang.Math.random() * ((max - min) + 1))) + min): Text '11.0' is set on object 'Object Repository/MOH AND GRN/Page_KDMC - CMS/input_txtdeal'

2018-05-28 13:42:37 - [MESSAGE][PASSED] - Text '11.0' is set on object 'Object Repository/MOH AND GRN/Page_KDMC - CMS/input_txtdeal'

2018-05-28 13:42:37 - [TEST_STEP][PASSED] - setText: Finding Test Object with id 'Object Repository/MOH AND GRN/Page_KDMC - CMS/input_txtbatchno'

2018-05-28 13:42:37 - [TEST_STEP][PASSED] - Statement - switch (id): Delayed 1 second(s)

2018-05-28 13:42:37 - [TEST_STEP][PASSED] - Statement - case 1:: Text 'BA405.0' is set on object 'Object Repository/MOH AND GRN/Page_KDMC - CMS/input_txtbatchno'

2018-05-28 13:42:37 - [TEST_STEP][PASSED] - Statement - return (java.lang.Math.floor((java.lang.Math.random() * ((max - min) + 1))) + min): Text 'BA405.0' is set on object 'Object Repository/MOH AND GRN/Page_KDMC - CMS/input_txtbatchno'

2018-05-28 13:42:37 - [MESSAGE][PASSED] - Text 'BA405.0' is set on object 'Object Repository/MOH AND GRN/Page_KDMC - CMS/input_txtbatchno'

2018-05-28 13:42:37 - [TEST_STEP][PASSED] - rightClick: Object: 'Object Repository/GRN/Page_KDMC - CMS/input_txtexpdate' is right clicked on

2018-05-28 13:42:37 - [MESSAGE][PASSED] - Object: 'Object Repository/GRN/Page_KDMC - CMS/input_txtexpdate' is right clicked on

2018-05-28 13:42:37 - [TEST_STEP][PASSED] - selectOptionByIndex: All options with index in [5] are selected on object 'Object Repository/GRN/Page_KDMC - CMS/select_20182019202020212022202'

2018-05-28 13:42:37 - [MESSAGE][PASSED] - All options with index in [5] are selected on object 'Object Repository/GRN/Page_KDMC - CMS/select_20182019202020212022202'

2018-05-28 13:42:37 - [TEST_STEP][PASSED] - selectOptionByIndex: All options with index in [5] are selected on object 'Object Repository/GRN/Page_KDMC - CMS/select_JanFebMarAprMayJunJulAu'

2018-05-28 13:42:38 - [MESSAGE][PASSED] - All options with index in [5] are selected on object 'Object Repository/GRN/Page_KDMC - CMS/select_JanFebMarAprMayJunJulAu'

2018-05-28 13:42:38 - [TEST_STEP][PASSED] - click: Object: 'Object Repository/MOH AND GRN/Page_KDMC - CMS/a_12' is clicked on

2018-05-28 13:42:38 - [MESSAGE][PASSED] - Object: 'Object Repository/MOH AND GRN/Page_KDMC - CMS/a_12' is clicked on

2018-05-28 13:42:38 - [TEST_STEP][PASSED] - click: Object: 'Object Repository/MOH AND GRN/Page_KDMC - CMS/input_btnadd' is clicked on

2018-05-28 13:42:38 - [MESSAGE][PASSED] - Object: 'Object Repository/MOH AND GRN/Page_KDMC - CMS/input_btnadd' is clicked on

2018-05-28 13:42:38 - [TEST_STEP][PASSED] - Statement - If (s == 10): null

2018-05-28 13:42:38 - [TEST_STEP][PASSED] - Statement - Else: null

2018-05-28 13:42:38 - [TEST_STEP][PASSED] - Statement - (s++): null

2018-05-28 13:42:38 - [TEST_STEP][PASSED] - delay: Delayed 1 second(s)

2018-05-28 13:42:39 - [MESSAGE][PASSED] - Delayed 1 second(s)

2018-05-28 13:42:39 - [TEST_STEP][PASSED] - scrollToElement: Scroll to object 'Object Repository/MOH AND GRN/Page_KDMC - CMS/input_btnSubmit' successfully

2018-05-28 13:42:39 - [MESSAGE][PASSED] - Scroll to object 'Object Repository/MOH AND GRN/Page_KDMC - CMS/input_btnSubmit' successfully

2018-05-28 13:42:39 - [TEST_STEP][PASSED] - click: Object: 'Object Repository/MOH AND GRN/Page_KDMC - CMS/input_btnSubmit' is clicked on

2018-05-28 13:42:39 - [MESSAGE][PASSED] - Object: 'Object Repository/MOH AND GRN/Page_KDMC - CMS/input_btnSubmit' is clicked on

2018-05-28 13:42:39 - [TEST_STEP][PASSED] - delay: Delayed 3 second(s)

2018-05-28 13:42:42 - [MESSAGE][PASSED] - Delayed 3 second(s)

2018-05-28 13:42:42 - [TEST_STEP][PASSED] - click: Object: 'Object Repository/MOH AND GRN/Page_KDMC - CMS/button_OK' is clicked on

2018-05-28 13:42:43 - [MESSAGE][PASSED] - Object: 'Object Repository/MOH AND GRN/Page_KDMC - CMS/button_OK' is clicked on

2018-05-28 13:42:43 - [TEST_STEP][PASSED] - delay: Delayed 2 second(s)

2018-05-28 13:42:45 - [MESSAGE][PASSED] - Delayed 2 second(s)

2018-05-28 13:42:45 - [TEST_STEP][PASSED] - delay: Delayed 3 second(s)

2018-05-28 13:42:48 - [MESSAGE][PASSED] - Delayed 3 second(s)

2018-05-28 13:42:48 - [TEST_STEP][PASSED] - click: Object: 'Object Repository/MOH AND GRN/Page_KDMC - CMS/a_dropdown-toggle' is clicked on

2018-05-28 13:42:48 - [MESSAGE][PASSED] - Object: 'Object Repository/MOH AND GRN/Page_KDMC - CMS/a_dropdown-toggle' is clicked on

2018-05-28 13:42:48 - [TEST_STEP][PASSED] - click: Object: 'Object Repository/MOH AND GRN/Page_KDMC - CMS/a_Sign out' is clicked on

2018-05-28 13:42:48 - [MESSAGE][PASSED] - Object: 'Object Repository/MOH AND GRN/Page_KDMC - CMS/a_Sign out' is clicked on

2018-05-28 13:42:48 - [TEST_STEP][PASSED] - closeBrowser: Browser is closed

2018-05-28 13:42:49 - [MESSAGE][PASSED] - Browser is closed]]></system-out>
         <system-err><![CDATA[]]></system-err>
      </testcase>
      <testcase name="Test Cases/TEST/MOH REQUEST AND GRN/Moh Request GRN  Schedule 10" classname="Test Cases/TEST/MOH REQUEST AND GRN/Moh Request GRN  Schedule 10" status="PASSED">
         <system-out><![CDATA[2018-05-28 13:42:49 - [TEST_CASE][PASSED] - Test Cases/TEST/MOH REQUEST AND GRN/Moh Request GRN  Schedule 10: Test Cases/TEST/MOH REQUEST AND GRN/Moh Request GRN  Schedule 10

2018-05-28 13:42:49 - [TEST_STEP][PASSED] - openBrowser: Browser is opened with url: ''

2018-05-28 13:42:51 - [MESSAGE][PASSED] - Browser is opened with url: ''

2018-05-28 13:42:51 - [TEST_STEP][PASSED] - navigateToUrl: Navigate to 'http://192.168.137.1/multihospital_new/' successfully

2018-05-28 13:42:53 - [MESSAGE][PASSED] - Navigate to 'http://192.168.137.1/multihospital_new/' successfully

2018-05-28 13:42:53 - [TEST_STEP][PASSED] - maximizeWindow: Current window maximized

2018-05-28 13:42:54 - [MESSAGE][PASSED] - Current window maximized

2018-05-28 13:42:54 - [TEST_STEP][PASSED] - click: Object: 'Object Repository/MOH AND GRN/Page_KDMC/a_CMS' is clicked on

2018-05-28 13:42:55 - [MESSAGE][PASSED] - Object: 'Object Repository/MOH AND GRN/Page_KDMC/a_CMS' is clicked on

2018-05-28 13:42:55 - [TEST_STEP][PASSED] - setText: Text 'bala' is set on object 'Object Repository/MOH AND GRN/Page_CMS login/input_txtusername'

2018-05-28 13:42:55 - [MESSAGE][PASSED] - Text 'bala' is set on object 'Object Repository/MOH AND GRN/Page_CMS login/input_txtusername'

2018-05-28 13:42:55 - [TEST_STEP][PASSED] - setText: Text '123' is set on object 'Object Repository/MOH AND GRN/Page_CMS login/input_txtpassword'

2018-05-28 13:42:55 - [MESSAGE][PASSED] - Text '123' is set on object 'Object Repository/MOH AND GRN/Page_CMS login/input_txtpassword'

2018-05-28 13:42:55 - [TEST_STEP][PASSED] - delay: Delayed 3 second(s)

2018-05-28 13:42:58 - [MESSAGE][PASSED] - Delayed 3 second(s)

2018-05-28 13:42:58 - [TEST_STEP][PASSED] - click: Object: 'Object Repository/MOH AND GRN/Page_CMS login/button_Sign in' is clicked on

2018-05-28 13:42:59 - [MESSAGE][PASSED] - Object: 'Object Repository/MOH AND GRN/Page_CMS login/button_Sign in' is clicked on

2018-05-28 13:42:59 - [TEST_STEP][PASSED] - click: Object: 'Object Repository/MOH AND GRN/Page_KDMC - CMS/a_Request to MOH' is clicked on

2018-05-28 13:42:59 - [MESSAGE][PASSED] - Object: 'Object Repository/MOH AND GRN/Page_KDMC - CMS/a_Request to MOH' is clicked on

2018-05-28 13:42:59 - [TEST_STEP][PASSED] - selectOptionByIndex: All options with index in [2] are selected on object 'Object Repository/MOH AND GRN/Page_KDMC - CMS/select_--Select--'

2018-05-28 13:43:00 - [MESSAGE][PASSED] - All options with index in [2] are selected on object 'Object Repository/MOH AND GRN/Page_KDMC - CMS/select_--Select--'

2018-05-28 13:43:00 - [TEST_STEP][PASSED] - selectOptionByIndex: All options with index in [10] are selected on object 'Object Repository/MOH AND GRN/Page_KDMC - CMS/select_--Select--Schedule 1Inj'

2018-05-28 13:43:00 - [MESSAGE][PASSED] - All options with index in [10] are selected on object 'Object Repository/MOH AND GRN/Page_KDMC - CMS/select_--Select--Schedule 1Inj'

2018-05-28 13:43:00 - [TEST_STEP][PASSED] - Statement - selectedoptions = com.kms.katalon.core.webui.keyword.WebUiBuiltInKeywords.getNumberOfTotalOption(com.kms.katalon.core.testobject.ObjectRepository.findTestObject(MOH AND GRN/Page_KDMC - CMS/select_--Select--Adernaline 0.)): 19 options of object 'Object Repository/MOH AND GRN/Page_KDMC - CMS/select_--Select--Adernaline 0.' counted

2018-05-28 13:43:00 - [MESSAGE][PASSED] - 19 options of object 'Object Repository/MOH AND GRN/Page_KDMC - CMS/select_--Select--Adernaline 0.' counted

2018-05-28 13:43:00 - [TEST_STEP][PASSED] - Statement - For ([j = 1, j <= selectedoptions - 1, (j++)]): Object: 'Object Repository/MOH AND GRN/Page_KDMC - CMS/button_Add' is clicked on

2018-05-28 13:43:00 - [TEST_STEP][PASSED] - selectOptionByIndex: All options with index in [10] are selected on object 'Object Repository/MOH AND GRN/Page_KDMC - CMS/select_--Select--Schedule 1Inj'

2018-05-28 13:43:00 - [MESSAGE][PASSED] - All options with index in [10] are selected on object 'Object Repository/MOH AND GRN/Page_KDMC - CMS/select_--Select--Schedule 1Inj'

2018-05-28 13:43:00 - [TEST_STEP][PASSED] - selectOptionByIndex: All options with index in [1] are selected on object 'Object Repository/MOH AND GRN/Page_KDMC - CMS/select_--Select--Adernaline 0.'

2018-05-28 13:43:00 - [MESSAGE][PASSED] - All options with index in [1] are selected on object 'Object Repository/MOH AND GRN/Page_KDMC - CMS/select_--Select--Adernaline 0.'

2018-05-28 13:43:00 - [TEST_STEP][PASSED] - setText: Text '5000' is set on object 'Object Repository/MOH AND GRN/Page_KDMC - CMS/input_txttreat'

2018-05-28 13:43:01 - [MESSAGE][PASSED] - Text '5000' is set on object 'Object Repository/MOH AND GRN/Page_KDMC - CMS/input_txttreat'

2018-05-28 13:43:01 - [TEST_STEP][PASSED] - click: Object: 'Object Repository/MOH AND GRN/Page_KDMC - CMS/button_Add' is clicked on

2018-05-28 13:43:01 - [MESSAGE][PASSED] - Object: 'Object Repository/MOH AND GRN/Page_KDMC - CMS/button_Add' is clicked on

2018-05-28 13:43:01 - [TEST_STEP][PASSED] - selectOptionByIndex: All options with index in [10] are selected on object 'Object Repository/MOH AND GRN/Page_KDMC - CMS/select_--Select--Schedule 1Inj'

2018-05-28 13:43:01 - [MESSAGE][PASSED] - All options with index in [10] are selected on object 'Object Repository/MOH AND GRN/Page_KDMC - CMS/select_--Select--Schedule 1Inj'

2018-05-28 13:43:01 - [TEST_STEP][PASSED] - selectOptionByIndex: All options with index in [2] are selected on object 'Object Repository/MOH AND GRN/Page_KDMC - CMS/select_--Select--Adernaline 0.'

2018-05-28 13:43:01 - [MESSAGE][PASSED] - All options with index in [2] are selected on object 'Object Repository/MOH AND GRN/Page_KDMC - CMS/select_--Select--Adernaline 0.'

2018-05-28 13:43:01 - [TEST_STEP][PASSED] - setText: Text '5000' is set on object 'Object Repository/MOH AND GRN/Page_KDMC - CMS/input_txttreat'

2018-05-28 13:43:01 - [MESSAGE][PASSED] - Text '5000' is set on object 'Object Repository/MOH AND GRN/Page_KDMC - CMS/input_txttreat'

2018-05-28 13:43:01 - [TEST_STEP][PASSED] - click: Object: 'Object Repository/MOH AND GRN/Page_KDMC - CMS/button_Add' is clicked on

2018-05-28 13:43:01 - [MESSAGE][PASSED] - Object: 'Object Repository/MOH AND GRN/Page_KDMC - CMS/button_Add' is clicked on

2018-05-28 13:43:01 - [TEST_STEP][PASSED] - selectOptionByIndex: All options with index in [10] are selected on object 'Object Repository/MOH AND GRN/Page_KDMC - CMS/select_--Select--Schedule 1Inj'

2018-05-28 13:43:01 - [MESSAGE][PASSED] - All options with index in [10] are selected on object 'Object Repository/MOH AND GRN/Page_KDMC - CMS/select_--Select--Schedule 1Inj'

2018-05-28 13:43:01 - [TEST_STEP][PASSED] - selectOptionByIndex: All options with index in [3] are selected on object 'Object Repository/MOH AND GRN/Page_KDMC - CMS/select_--Select--Adernaline 0.'

2018-05-28 13:43:01 - [MESSAGE][PASSED] - All options with index in [3] are selected on object 'Object Repository/MOH AND GRN/Page_KDMC - CMS/select_--Select--Adernaline 0.'

2018-05-28 13:43:01 - [TEST_STEP][PASSED] - setText: Text '5000' is set on object 'Object Repository/MOH AND GRN/Page_KDMC - CMS/input_txttreat'

2018-05-28 13:43:02 - [MESSAGE][PASSED] - Text '5000' is set on object 'Object Repository/MOH AND GRN/Page_KDMC - CMS/input_txttreat'

2018-05-28 13:43:02 - [TEST_STEP][PASSED] - click: Object: 'Object Repository/MOH AND GRN/Page_KDMC - CMS/button_Add' is clicked on

2018-05-28 13:43:02 - [MESSAGE][PASSED] - Object: 'Object Repository/MOH AND GRN/Page_KDMC - CMS/button_Add' is clicked on

2018-05-28 13:43:02 - [TEST_STEP][PASSED] - selectOptionByIndex: All options with index in [10] are selected on object 'Object Repository/MOH AND GRN/Page_KDMC - CMS/select_--Select--Schedule 1Inj'

2018-05-28 13:43:02 - [MESSAGE][PASSED] - All options with index in [10] are selected on object 'Object Repository/MOH AND GRN/Page_KDMC - CMS/select_--Select--Schedule 1Inj'

2018-05-28 13:43:02 - [TEST_STEP][PASSED] - selectOptionByIndex: All options with index in [4] are selected on object 'Object Repository/MOH AND GRN/Page_KDMC - CMS/select_--Select--Adernaline 0.'

2018-05-28 13:43:02 - [MESSAGE][PASSED] - All options with index in [4] are selected on object 'Object Repository/MOH AND GRN/Page_KDMC - CMS/select_--Select--Adernaline 0.'

2018-05-28 13:43:02 - [TEST_STEP][PASSED] - setText: Text '5000' is set on object 'Object Repository/MOH AND GRN/Page_KDMC - CMS/input_txttreat'

2018-05-28 13:43:02 - [MESSAGE][PASSED] - Text '5000' is set on object 'Object Repository/MOH AND GRN/Page_KDMC - CMS/input_txttreat'

2018-05-28 13:43:02 - [TEST_STEP][PASSED] - click: Object: 'Object Repository/MOH AND GRN/Page_KDMC - CMS/button_Add' is clicked on

2018-05-28 13:43:02 - [MESSAGE][PASSED] - Object: 'Object Repository/MOH AND GRN/Page_KDMC - CMS/button_Add' is clicked on

2018-05-28 13:43:02 - [TEST_STEP][PASSED] - selectOptionByIndex: All options with index in [10] are selected on object 'Object Repository/MOH AND GRN/Page_KDMC - CMS/select_--Select--Schedule 1Inj'

2018-05-28 13:43:02 - [MESSAGE][PASSED] - All options with index in [10] are selected on object 'Object Repository/MOH AND GRN/Page_KDMC - CMS/select_--Select--Schedule 1Inj'

2018-05-28 13:43:02 - [TEST_STEP][PASSED] - selectOptionByIndex: All options with index in [5] are selected on object 'Object Repository/MOH AND GRN/Page_KDMC - CMS/select_--Select--Adernaline 0.'

2018-05-28 13:43:02 - [MESSAGE][PASSED] - All options with index in [5] are selected on object 'Object Repository/MOH AND GRN/Page_KDMC - CMS/select_--Select--Adernaline 0.'

2018-05-28 13:43:02 - [TEST_STEP][PASSED] - setText: Text '5000' is set on object 'Object Repository/MOH AND GRN/Page_KDMC - CMS/input_txttreat'

2018-05-28 13:43:02 - [MESSAGE][PASSED] - Text '5000' is set on object 'Object Repository/MOH AND GRN/Page_KDMC - CMS/input_txttreat'

2018-05-28 13:43:02 - [TEST_STEP][PASSED] - click: Object: 'Object Repository/MOH AND GRN/Page_KDMC - CMS/button_Add' is clicked on

2018-05-28 13:43:03 - [MESSAGE][PASSED] - Object: 'Object Repository/MOH AND GRN/Page_KDMC - CMS/button_Add' is clicked on

2018-05-28 13:43:03 - [TEST_STEP][PASSED] - selectOptionByIndex: All options with index in [10] are selected on object 'Object Repository/MOH AND GRN/Page_KDMC - CMS/select_--Select--Schedule 1Inj'

2018-05-28 13:43:03 - [MESSAGE][PASSED] - All options with index in [10] are selected on object 'Object Repository/MOH AND GRN/Page_KDMC - CMS/select_--Select--Schedule 1Inj'

2018-05-28 13:43:03 - [TEST_STEP][PASSED] - selectOptionByIndex: All options with index in [6] are selected on object 'Object Repository/MOH AND GRN/Page_KDMC - CMS/select_--Select--Adernaline 0.'

2018-05-28 13:43:03 - [MESSAGE][PASSED] - All options with index in [6] are selected on object 'Object Repository/MOH AND GRN/Page_KDMC - CMS/select_--Select--Adernaline 0.'

2018-05-28 13:43:03 - [TEST_STEP][PASSED] - setText: Text '5000' is set on object 'Object Repository/MOH AND GRN/Page_KDMC - CMS/input_txttreat'

2018-05-28 13:43:03 - [MESSAGE][PASSED] - Text '5000' is set on object 'Object Repository/MOH AND GRN/Page_KDMC - CMS/input_txttreat'

2018-05-28 13:43:03 - [TEST_STEP][PASSED] - click: Object: 'Object Repository/MOH AND GRN/Page_KDMC - CMS/button_Add' is clicked on

2018-05-28 13:43:03 - [MESSAGE][PASSED] - Object: 'Object Repository/MOH AND GRN/Page_KDMC - CMS/button_Add' is clicked on

2018-05-28 13:43:03 - [TEST_STEP][PASSED] - selectOptionByIndex: All options with index in [10] are selected on object 'Object Repository/MOH AND GRN/Page_KDMC - CMS/select_--Select--Schedule 1Inj'

2018-05-28 13:43:03 - [MESSAGE][PASSED] - All options with index in [10] are selected on object 'Object Repository/MOH AND GRN/Page_KDMC - CMS/select_--Select--Schedule 1Inj'

2018-05-28 13:43:03 - [TEST_STEP][PASSED] - selectOptionByIndex: All options with index in [7] are selected on object 'Object Repository/MOH AND GRN/Page_KDMC - CMS/select_--Select--Adernaline 0.'

2018-05-28 13:43:03 - [MESSAGE][PASSED] - All options with index in [7] are selected on object 'Object Repository/MOH AND GRN/Page_KDMC - CMS/select_--Select--Adernaline 0.'

2018-05-28 13:43:03 - [TEST_STEP][PASSED] - setText: Text '5000' is set on object 'Object Repository/MOH AND GRN/Page_KDMC - CMS/input_txttreat'

2018-05-28 13:43:04 - [MESSAGE][PASSED] - Text '5000' is set on object 'Object Repository/MOH AND GRN/Page_KDMC - CMS/input_txttreat'

2018-05-28 13:43:04 - [TEST_STEP][PASSED] - click: Object: 'Object Repository/MOH AND GRN/Page_KDMC - CMS/button_Add' is clicked on

2018-05-28 13:43:04 - [MESSAGE][PASSED] - Object: 'Object Repository/MOH AND GRN/Page_KDMC - CMS/button_Add' is clicked on

2018-05-28 13:43:04 - [TEST_STEP][PASSED] - selectOptionByIndex: All options with index in [10] are selected on object 'Object Repository/MOH AND GRN/Page_KDMC - CMS/select_--Select--Schedule 1Inj'

2018-05-28 13:43:04 - [MESSAGE][PASSED] - All options with index in [10] are selected on object 'Object Repository/MOH AND GRN/Page_KDMC - CMS/select_--Select--Schedule 1Inj'

2018-05-28 13:43:04 - [TEST_STEP][PASSED] - selectOptionByIndex: All options with index in [8] are selected on object 'Object Repository/MOH AND GRN/Page_KDMC - CMS/select_--Select--Adernaline 0.'

2018-05-28 13:43:04 - [MESSAGE][PASSED] - All options with index in [8] are selected on object 'Object Repository/MOH AND GRN/Page_KDMC - CMS/select_--Select--Adernaline 0.'

2018-05-28 13:43:04 - [TEST_STEP][PASSED] - setText: Text '5000' is set on object 'Object Repository/MOH AND GRN/Page_KDMC - CMS/input_txttreat'

2018-05-28 13:43:04 - [MESSAGE][PASSED] - Text '5000' is set on object 'Object Repository/MOH AND GRN/Page_KDMC - CMS/input_txttreat'

2018-05-28 13:43:04 - [TEST_STEP][PASSED] - click: Object: 'Object Repository/MOH AND GRN/Page_KDMC - CMS/button_Add' is clicked on

2018-05-28 13:43:04 - [MESSAGE][PASSED] - Object: 'Object Repository/MOH AND GRN/Page_KDMC - CMS/button_Add' is clicked on

2018-05-28 13:43:04 - [TEST_STEP][PASSED] - selectOptionByIndex: All options with index in [10] are selected on object 'Object Repository/MOH AND GRN/Page_KDMC - CMS/select_--Select--Schedule 1Inj'

2018-05-28 13:43:04 - [MESSAGE][PASSED] - All options with index in [10] are selected on object 'Object Repository/MOH AND GRN/Page_KDMC - CMS/select_--Select--Schedule 1Inj'

2018-05-28 13:43:04 - [TEST_STEP][PASSED] - selectOptionByIndex: All options with index in [9] are selected on object 'Object Repository/MOH AND GRN/Page_KDMC - CMS/select_--Select--Adernaline 0.'

2018-05-28 13:43:05 - [MESSAGE][PASSED] - All options with index in [9] are selected on object 'Object Repository/MOH AND GRN/Page_KDMC - CMS/select_--Select--Adernaline 0.'

2018-05-28 13:43:05 - [TEST_STEP][PASSED] - setText: Text '5000' is set on object 'Object Repository/MOH AND GRN/Page_KDMC - CMS/input_txttreat'

2018-05-28 13:43:05 - [MESSAGE][PASSED] - Text '5000' is set on object 'Object Repository/MOH AND GRN/Page_KDMC - CMS/input_txttreat'

2018-05-28 13:43:05 - [TEST_STEP][PASSED] - click: Object: 'Object Repository/MOH AND GRN/Page_KDMC - CMS/button_Add' is clicked on

2018-05-28 13:43:05 - [MESSAGE][PASSED] - Object: 'Object Repository/MOH AND GRN/Page_KDMC - CMS/button_Add' is clicked on

2018-05-28 13:43:05 - [TEST_STEP][PASSED] - selectOptionByIndex: All options with index in [10] are selected on object 'Object Repository/MOH AND GRN/Page_KDMC - CMS/select_--Select--Schedule 1Inj'

2018-05-28 13:43:05 - [MESSAGE][PASSED] - All options with index in [10] are selected on object 'Object Repository/MOH AND GRN/Page_KDMC - CMS/select_--Select--Schedule 1Inj'

2018-05-28 13:43:05 - [TEST_STEP][PASSED] - selectOptionByIndex: All options with index in [10] are selected on object 'Object Repository/MOH AND GRN/Page_KDMC - CMS/select_--Select--Adernaline 0.'

2018-05-28 13:43:05 - [MESSAGE][PASSED] - All options with index in [10] are selected on object 'Object Repository/MOH AND GRN/Page_KDMC - CMS/select_--Select--Adernaline 0.'

2018-05-28 13:43:05 - [TEST_STEP][PASSED] - setText: Text '5000' is set on object 'Object Repository/MOH AND GRN/Page_KDMC - CMS/input_txttreat'

2018-05-28 13:43:05 - [MESSAGE][PASSED] - Text '5000' is set on object 'Object Repository/MOH AND GRN/Page_KDMC - CMS/input_txttreat'

2018-05-28 13:43:05 - [TEST_STEP][PASSED] - click: Object: 'Object Repository/MOH AND GRN/Page_KDMC - CMS/button_Add' is clicked on

2018-05-28 13:43:05 - [MESSAGE][PASSED] - Object: 'Object Repository/MOH AND GRN/Page_KDMC - CMS/button_Add' is clicked on

2018-05-28 13:43:05 - [TEST_STEP][PASSED] - selectOptionByIndex: All options with index in [10] are selected on object 'Object Repository/MOH AND GRN/Page_KDMC - CMS/select_--Select--Schedule 1Inj'

2018-05-28 13:43:05 - [MESSAGE][PASSED] - All options with index in [10] are selected on object 'Object Repository/MOH AND GRN/Page_KDMC - CMS/select_--Select--Schedule 1Inj'

2018-05-28 13:43:05 - [TEST_STEP][PASSED] - selectOptionByIndex: All options with index in [11] are selected on object 'Object Repository/MOH AND GRN/Page_KDMC - CMS/select_--Select--Adernaline 0.'

2018-05-28 13:43:06 - [MESSAGE][PASSED] - All options with index in [11] are selected on object 'Object Repository/MOH AND GRN/Page_KDMC - CMS/select_--Select--Adernaline 0.'

2018-05-28 13:43:06 - [TEST_STEP][PASSED] - setText: Text '5000' is set on object 'Object Repository/MOH AND GRN/Page_KDMC - CMS/input_txttreat'

2018-05-28 13:43:06 - [MESSAGE][PASSED] - Text '5000' is set on object 'Object Repository/MOH AND GRN/Page_KDMC - CMS/input_txttreat'

2018-05-28 13:43:06 - [TEST_STEP][PASSED] - click: Object: 'Object Repository/MOH AND GRN/Page_KDMC - CMS/button_Add' is clicked on

2018-05-28 13:43:06 - [MESSAGE][PASSED] - Object: 'Object Repository/MOH AND GRN/Page_KDMC - CMS/button_Add' is clicked on

2018-05-28 13:43:06 - [TEST_STEP][PASSED] - selectOptionByIndex: All options with index in [10] are selected on object 'Object Repository/MOH AND GRN/Page_KDMC - CMS/select_--Select--Schedule 1Inj'

2018-05-28 13:43:06 - [MESSAGE][PASSED] - All options with index in [10] are selected on object 'Object Repository/MOH AND GRN/Page_KDMC - CMS/select_--Select--Schedule 1Inj'

2018-05-28 13:43:06 - [TEST_STEP][PASSED] - selectOptionByIndex: All options with index in [12] are selected on object 'Object Repository/MOH AND GRN/Page_KDMC - CMS/select_--Select--Adernaline 0.'

2018-05-28 13:43:06 - [MESSAGE][PASSED] - All options with index in [12] are selected on object 'Object Repository/MOH AND GRN/Page_KDMC - CMS/select_--Select--Adernaline 0.'

2018-05-28 13:43:06 - [TEST_STEP][PASSED] - setText: Text '5000' is set on object 'Object Repository/MOH AND GRN/Page_KDMC - CMS/input_txttreat'

2018-05-28 13:43:06 - [MESSAGE][PASSED] - Text '5000' is set on object 'Object Repository/MOH AND GRN/Page_KDMC - CMS/input_txttreat'

2018-05-28 13:43:06 - [TEST_STEP][PASSED] - click: Object: 'Object Repository/MOH AND GRN/Page_KDMC - CMS/button_Add' is clicked on

2018-05-28 13:43:06 - [MESSAGE][PASSED] - Object: 'Object Repository/MOH AND GRN/Page_KDMC - CMS/button_Add' is clicked on

2018-05-28 13:43:06 - [TEST_STEP][PASSED] - selectOptionByIndex: All options with index in [10] are selected on object 'Object Repository/MOH AND GRN/Page_KDMC - CMS/select_--Select--Schedule 1Inj'

2018-05-28 13:43:07 - [MESSAGE][PASSED] - All options with index in [10] are selected on object 'Object Repository/MOH AND GRN/Page_KDMC - CMS/select_--Select--Schedule 1Inj'

2018-05-28 13:43:07 - [TEST_STEP][PASSED] - selectOptionByIndex: All options with index in [13] are selected on object 'Object Repository/MOH AND GRN/Page_KDMC - CMS/select_--Select--Adernaline 0.'

2018-05-28 13:43:07 - [MESSAGE][PASSED] - All options with index in [13] are selected on object 'Object Repository/MOH AND GRN/Page_KDMC - CMS/select_--Select--Adernaline 0.'

2018-05-28 13:43:07 - [TEST_STEP][PASSED] - setText: Text '5000' is set on object 'Object Repository/MOH AND GRN/Page_KDMC - CMS/input_txttreat'

2018-05-28 13:43:07 - [MESSAGE][PASSED] - Text '5000' is set on object 'Object Repository/MOH AND GRN/Page_KDMC - CMS/input_txttreat'

2018-05-28 13:43:07 - [TEST_STEP][PASSED] - click: Object: 'Object Repository/MOH AND GRN/Page_KDMC - CMS/button_Add' is clicked on

2018-05-28 13:43:07 - [MESSAGE][PASSED] - Object: 'Object Repository/MOH AND GRN/Page_KDMC - CMS/button_Add' is clicked on

2018-05-28 13:43:07 - [TEST_STEP][PASSED] - selectOptionByIndex: All options with index in [10] are selected on object 'Object Repository/MOH AND GRN/Page_KDMC - CMS/select_--Select--Schedule 1Inj'

2018-05-28 13:43:07 - [MESSAGE][PASSED] - All options with index in [10] are selected on object 'Object Repository/MOH AND GRN/Page_KDMC - CMS/select_--Select--Schedule 1Inj'

2018-05-28 13:43:07 - [TEST_STEP][PASSED] - selectOptionByIndex: All options with index in [14] are selected on object 'Object Repository/MOH AND GRN/Page_KDMC - CMS/select_--Select--Adernaline 0.'

2018-05-28 13:43:07 - [MESSAGE][PASSED] - All options with index in [14] are selected on object 'Object Repository/MOH AND GRN/Page_KDMC - CMS/select_--Select--Adernaline 0.'

2018-05-28 13:43:07 - [TEST_STEP][PASSED] - setText: Text '5000' is set on object 'Object Repository/MOH AND GRN/Page_KDMC - CMS/input_txttreat'

2018-05-28 13:43:08 - [MESSAGE][PASSED] - Text '5000' is set on object 'Object Repository/MOH AND GRN/Page_KDMC - CMS/input_txttreat'

2018-05-28 13:43:08 - [TEST_STEP][PASSED] - click: Object: 'Object Repository/MOH AND GRN/Page_KDMC - CMS/button_Add' is clicked on

2018-05-28 13:43:08 - [MESSAGE][PASSED] - Object: 'Object Repository/MOH AND GRN/Page_KDMC - CMS/button_Add' is clicked on

2018-05-28 13:43:08 - [TEST_STEP][PASSED] - selectOptionByIndex: All options with index in [10] are selected on object 'Object Repository/MOH AND GRN/Page_KDMC - CMS/select_--Select--Schedule 1Inj'

2018-05-28 13:43:08 - [MESSAGE][PASSED] - All options with index in [10] are selected on object 'Object Repository/MOH AND GRN/Page_KDMC - CMS/select_--Select--Schedule 1Inj'

2018-05-28 13:43:08 - [TEST_STEP][PASSED] - selectOptionByIndex: All options with index in [15] are selected on object 'Object Repository/MOH AND GRN/Page_KDMC - CMS/select_--Select--Adernaline 0.'

2018-05-28 13:43:08 - [MESSAGE][PASSED] - All options with index in [15] are selected on object 'Object Repository/MOH AND GRN/Page_KDMC - CMS/select_--Select--Adernaline 0.'

2018-05-28 13:43:08 - [TEST_STEP][PASSED] - setText: Text '5000' is set on object 'Object Repository/MOH AND GRN/Page_KDMC - CMS/input_txttreat'

2018-05-28 13:43:08 - [MESSAGE][PASSED] - Text '5000' is set on object 'Object Repository/MOH AND GRN/Page_KDMC - CMS/input_txttreat'

2018-05-28 13:43:08 - [TEST_STEP][PASSED] - click: Object: 'Object Repository/MOH AND GRN/Page_KDMC - CMS/button_Add' is clicked on

2018-05-28 13:43:08 - [MESSAGE][PASSED] - Object: 'Object Repository/MOH AND GRN/Page_KDMC - CMS/button_Add' is clicked on

2018-05-28 13:43:08 - [TEST_STEP][PASSED] - selectOptionByIndex: All options with index in [10] are selected on object 'Object Repository/MOH AND GRN/Page_KDMC - CMS/select_--Select--Schedule 1Inj'

2018-05-28 13:43:08 - [MESSAGE][PASSED] - All options with index in [10] are selected on object 'Object Repository/MOH AND GRN/Page_KDMC - CMS/select_--Select--Schedule 1Inj'

2018-05-28 13:43:08 - [TEST_STEP][PASSED] - selectOptionByIndex: All options with index in [16] are selected on object 'Object Repository/MOH AND GRN/Page_KDMC - CMS/select_--Select--Adernaline 0.'

2018-05-28 13:43:09 - [MESSAGE][PASSED] - All options with index in [16] are selected on object 'Object Repository/MOH AND GRN/Page_KDMC - CMS/select_--Select--Adernaline 0.'

2018-05-28 13:43:09 - [TEST_STEP][PASSED] - setText: Text '5000' is set on object 'Object Repository/MOH AND GRN/Page_KDMC - CMS/input_txttreat'

2018-05-28 13:43:09 - [MESSAGE][PASSED] - Text '5000' is set on object 'Object Repository/MOH AND GRN/Page_KDMC - CMS/input_txttreat'

2018-05-28 13:43:09 - [TEST_STEP][PASSED] - click: Object: 'Object Repository/MOH AND GRN/Page_KDMC - CMS/button_Add' is clicked on

2018-05-28 13:43:09 - [MESSAGE][PASSED] - Object: 'Object Repository/MOH AND GRN/Page_KDMC - CMS/button_Add' is clicked on

2018-05-28 13:43:09 - [TEST_STEP][PASSED] - selectOptionByIndex: All options with index in [10] are selected on object 'Object Repository/MOH AND GRN/Page_KDMC - CMS/select_--Select--Schedule 1Inj'

2018-05-28 13:43:09 - [MESSAGE][PASSED] - All options with index in [10] are selected on object 'Object Repository/MOH AND GRN/Page_KDMC - CMS/select_--Select--Schedule 1Inj'

2018-05-28 13:43:09 - [TEST_STEP][PASSED] - selectOptionByIndex: All options with index in [17] are selected on object 'Object Repository/MOH AND GRN/Page_KDMC - CMS/select_--Select--Adernaline 0.'

2018-05-28 13:43:09 - [MESSAGE][PASSED] - All options with index in [17] are selected on object 'Object Repository/MOH AND GRN/Page_KDMC - CMS/select_--Select--Adernaline 0.'

2018-05-28 13:43:09 - [TEST_STEP][PASSED] - setText: Text '5000' is set on object 'Object Repository/MOH AND GRN/Page_KDMC - CMS/input_txttreat'

2018-05-28 13:43:09 - [MESSAGE][PASSED] - Text '5000' is set on object 'Object Repository/MOH AND GRN/Page_KDMC - CMS/input_txttreat'

2018-05-28 13:43:09 - [TEST_STEP][PASSED] - click: Object: 'Object Repository/MOH AND GRN/Page_KDMC - CMS/button_Add' is clicked on

2018-05-28 13:43:09 - [MESSAGE][PASSED] - Object: 'Object Repository/MOH AND GRN/Page_KDMC - CMS/button_Add' is clicked on

2018-05-28 13:43:09 - [TEST_STEP][PASSED] - selectOptionByIndex: All options with index in [10] are selected on object 'Object Repository/MOH AND GRN/Page_KDMC - CMS/select_--Select--Schedule 1Inj'

2018-05-28 13:43:10 - [MESSAGE][PASSED] - All options with index in [10] are selected on object 'Object Repository/MOH AND GRN/Page_KDMC - CMS/select_--Select--Schedule 1Inj'

2018-05-28 13:43:10 - [TEST_STEP][PASSED] - selectOptionByIndex: All options with index in [18] are selected on object 'Object Repository/MOH AND GRN/Page_KDMC - CMS/select_--Select--Adernaline 0.'

2018-05-28 13:43:10 - [MESSAGE][PASSED] - All options with index in [18] are selected on object 'Object Repository/MOH AND GRN/Page_KDMC - CMS/select_--Select--Adernaline 0.'

2018-05-28 13:43:10 - [TEST_STEP][PASSED] - setText: Text '5000' is set on object 'Object Repository/MOH AND GRN/Page_KDMC - CMS/input_txttreat'

2018-05-28 13:43:10 - [MESSAGE][PASSED] - Text '5000' is set on object 'Object Repository/MOH AND GRN/Page_KDMC - CMS/input_txttreat'

2018-05-28 13:43:10 - [TEST_STEP][PASSED] - click: Object: 'Object Repository/MOH AND GRN/Page_KDMC - CMS/button_Add' is clicked on

2018-05-28 13:43:10 - [MESSAGE][PASSED] - Object: 'Object Repository/MOH AND GRN/Page_KDMC - CMS/button_Add' is clicked on

2018-05-28 13:43:10 - [TEST_STEP][PASSED] - scrollToElement: Scroll to object 'Object Repository/MOH AND GRN/Page_KDMC - CMS/input_btnsave' successfully

2018-05-28 13:43:10 - [MESSAGE][PASSED] - Scroll to object 'Object Repository/MOH AND GRN/Page_KDMC - CMS/input_btnsave' successfully

2018-05-28 13:43:10 - [TEST_STEP][PASSED] - click: Object: 'Object Repository/MOH AND GRN/Page_KDMC - CMS/input_btnsave' is clicked on

2018-05-28 13:43:10 - [MESSAGE][PASSED] - Object: 'Object Repository/MOH AND GRN/Page_KDMC - CMS/input_btnsave' is clicked on

2018-05-28 13:43:10 - [TEST_STEP][PASSED] - delay: Delayed 3 second(s)

2018-05-28 13:43:13 - [MESSAGE][PASSED] - Delayed 3 second(s)

2018-05-28 13:43:13 - [TEST_STEP][PASSED] - Statement - Request1 = com.kms.katalon.core.webui.keyword.WebUiBuiltInKeywords.getText(com.kms.katalon.core.testobject.ObjectRepository.findTestObject(MOH AND GRN/Page_KDMC - CMS/font_PRNO0505201876)): Text of object 'Object Repository/MOH AND GRN/Page_KDMC - CMS/font_PRNO0505201876' is: 'PRNO/28052018/313'

2018-05-28 13:43:13 - [MESSAGE][PASSED] - Text of object 'Object Repository/MOH AND GRN/Page_KDMC - CMS/font_PRNO0505201876' is: 'PRNO/28052018/313'

2018-05-28 13:43:13 - [TEST_STEP][PASSED] - Statement - out.println("Length OF The Medicine " + Request1): null

2018-05-28 13:43:13 - [TEST_STEP][PASSED] - Statement - RequestNUmber = Request1.split("/")[2].trim(): null

2018-05-28 13:43:13 - [TEST_STEP][PASSED] - Statement - out.println("ID IS " + RequestNUmber): null

2018-05-28 13:43:13 - [TEST_STEP][PASSED] - delay: Delayed 3 second(s)

2018-05-28 13:43:16 - [MESSAGE][PASSED] - Delayed 3 second(s)

2018-05-28 13:43:16 - [TEST_STEP][PASSED] - click: Object: 'Object Repository/MOH AND GRN/Page_KDMC - CMS/button_OK' is clicked on

2018-05-28 13:43:17 - [MESSAGE][PASSED] - Object: 'Object Repository/MOH AND GRN/Page_KDMC - CMS/button_OK' is clicked on

2018-05-28 13:43:17 - [TEST_STEP][PASSED] - click: Object: 'Object Repository/MOH AND GRN/Page_KDMC - CMS/a_dropdown-toggle' is clicked on

2018-05-28 13:43:19 - [MESSAGE][PASSED] - Object: 'Object Repository/MOH AND GRN/Page_KDMC - CMS/a_dropdown-toggle' is clicked on

2018-05-28 13:43:19 - [TEST_STEP][PASSED] - click: Object: 'Object Repository/MOH AND GRN/Page_KDMC - CMS/a_Sign out' is clicked on

2018-05-28 13:43:19 - [MESSAGE][PASSED] - Object: 'Object Repository/MOH AND GRN/Page_KDMC - CMS/a_Sign out' is clicked on

2018-05-28 13:43:19 - [TEST_STEP][PASSED] - delay: Delayed 4 second(s)

2018-05-28 13:43:23 - [MESSAGE][PASSED] - Delayed 4 second(s)

2018-05-28 13:43:23 - [TEST_STEP][PASSED] - click: Object: 'Object Repository/MOH AND GRN/Page_KDMC/a_Admin Master' is clicked on

2018-05-28 13:43:23 - [MESSAGE][PASSED] - Object: 'Object Repository/MOH AND GRN/Page_KDMC/a_Admin Master' is clicked on

2018-05-28 13:43:23 - [TEST_STEP][PASSED] - setText: Text 'admin' is set on object 'Object Repository/MOH AND GRN/Page_Admin login/input_txtusername'

2018-05-28 13:43:24 - [MESSAGE][PASSED] - Text 'admin' is set on object 'Object Repository/MOH AND GRN/Page_Admin login/input_txtusername'

2018-05-28 13:43:24 - [TEST_STEP][PASSED] - setText: Text 'admin123' is set on object 'Object Repository/MOH AND GRN/Page_Admin login/input_txtpassword'

2018-05-28 13:43:24 - [MESSAGE][PASSED] - Text 'admin123' is set on object 'Object Repository/MOH AND GRN/Page_Admin login/input_txtpassword'

2018-05-28 13:43:24 - [TEST_STEP][PASSED] - delay: Delayed 3 second(s)

2018-05-28 13:43:27 - [MESSAGE][PASSED] - Delayed 3 second(s)

2018-05-28 13:43:27 - [TEST_STEP][PASSED] - click: Object: 'Object Repository/MOH AND GRN/Page_Admin login/button_Sign in' is clicked on

2018-05-28 13:43:28 - [MESSAGE][PASSED] - Object: 'Object Repository/MOH AND GRN/Page_Admin login/button_Sign in' is clicked on

2018-05-28 13:43:28 - [TEST_STEP][PASSED] - delay: Delayed 20 second(s)

2018-05-28 13:43:48 - [MESSAGE][PASSED] - Delayed 20 second(s)

2018-05-28 13:43:48 - [TEST_STEP][PASSED] - scrollToPosition: Browser is scrolled to position x = 200, y = 200

2018-05-28 13:43:48 - [MESSAGE][PASSED] - Browser is scrolled to position x = 200, y = 200

2018-05-28 13:43:48 - [TEST_STEP][PASSED] - click: Object: 'Object Repository/MOH AND GRN/Page_KDMC/a_CMS_1' is clicked on

2018-05-28 13:43:48 - [MESSAGE][PASSED] - Object: 'Object Repository/MOH AND GRN/Page_KDMC/a_CMS_1' is clicked on

2018-05-28 13:43:48 - [TEST_STEP][PASSED] - click: Object: 'Object Repository/MOH AND GRN/Page_KDMC/a_Request List' is clicked on

2018-05-28 13:43:49 - [MESSAGE][PASSED] - Object: 'Object Repository/MOH AND GRN/Page_KDMC/a_Request List' is clicked on

2018-05-28 13:43:49 - [TEST_STEP][PASSED] - Statement - RequestNumberId = com.kms.katalon.core.webui.keyword.WebUiBuiltInKeywords.modifyObjectProperty(com.kms.katalon.core.testobject.ObjectRepository.findTestObject(MOH AND GRN/Page_KDMC - CMS/input_PO0032), "xpath", "equals", "//*[@id =" + RequestNUmber + "]", true): Modify property of object successfully

2018-05-28 13:43:49 - [MESSAGE][PASSED] - Modify property of object successfully

2018-05-28 13:43:49 - [TEST_STEP][PASSED] - click: Object: 'Object Repository/MOH AND GRN/Page_KDMC - CMS/input_PO0032' is clicked on

2018-05-28 13:43:49 - [MESSAGE][PASSED] - Object: 'Object Repository/MOH AND GRN/Page_KDMC - CMS/input_PO0032' is clicked on

2018-05-28 13:43:49 - [TEST_STEP][PASSED] - delay: Delayed 3 second(s)

2018-05-28 13:43:52 - [MESSAGE][PASSED] - Delayed 3 second(s)

2018-05-28 13:43:52 - [TEST_STEP][PASSED] - selectOptionByIndex: All options with index in [1] are selected on object 'Object Repository/MOH AND GRN/Page_KDMC/select_--Select--'

2018-05-28 13:43:53 - [MESSAGE][PASSED] - All options with index in [1] are selected on object 'Object Repository/MOH AND GRN/Page_KDMC/select_--Select--'

2018-05-28 13:43:53 - [TEST_STEP][PASSED] - click: Object: 'Object Repository/MOH AND GRN/Page_KDMC/input_btnupdate' is clicked on

2018-05-28 13:43:53 - [MESSAGE][PASSED] - Object: 'Object Repository/MOH AND GRN/Page_KDMC/input_btnupdate' is clicked on

2018-05-28 13:43:53 - [TEST_STEP][PASSED] - delay: Delayed 3 second(s)

2018-05-28 13:43:56 - [MESSAGE][PASSED] - Delayed 3 second(s)

2018-05-28 13:43:56 - [TEST_STEP][PASSED] - click: Object: 'Object Repository/MOH AND GRN/Page_KDMC/button_OK' is clicked on

2018-05-28 13:43:57 - [MESSAGE][PASSED] - Object: 'Object Repository/MOH AND GRN/Page_KDMC/button_OK' is clicked on

2018-05-28 13:43:57 - [TEST_STEP][PASSED] - delay: Delayed 3 second(s)

2018-05-28 13:44:00 - [MESSAGE][PASSED] - Delayed 3 second(s)

2018-05-28 13:44:00 - [TEST_STEP][PASSED] - scrollToPosition: Browser is scrolled to position x = 200, y = 200

2018-05-28 13:44:00 - [MESSAGE][PASSED] - Browser is scrolled to position x = 200, y = 200

2018-05-28 13:44:00 - [TEST_STEP][PASSED] - click: Object: 'Object Repository/MOH AND GRN/Page_KDMC/a_CMS_2' is clicked on

2018-05-28 13:44:00 - [MESSAGE][PASSED] - Object: 'Object Repository/MOH AND GRN/Page_KDMC/a_CMS_2' is clicked on

2018-05-28 13:44:00 - [TEST_STEP][PASSED] - delay: Delayed 2 second(s)

2018-05-28 13:44:02 - [MESSAGE][PASSED] - Delayed 2 second(s)

2018-05-28 13:44:02 - [TEST_STEP][PASSED] - click: Object: 'Object Repository/MOH AND GRN/Page_KDMC/a_Generate P.O' is clicked on

2018-05-28 13:44:03 - [MESSAGE][PASSED] - Object: 'Object Repository/MOH AND GRN/Page_KDMC/a_Generate P.O' is clicked on

2018-05-28 13:44:03 - [TEST_STEP][PASSED] - delay: Delayed 2 second(s)

2018-05-28 13:44:05 - [MESSAGE][PASSED] - Delayed 2 second(s)

2018-05-28 13:44:05 - [TEST_STEP][PASSED] - selectOptionByIndex: All options with index in [1] are selected on object 'Object Repository/MOH AND GRN/Page_KDMC/select_--Select--PRNO040520183'

2018-05-28 13:44:05 - [MESSAGE][PASSED] - All options with index in [1] are selected on object 'Object Repository/MOH AND GRN/Page_KDMC/select_--Select--PRNO040520183'

2018-05-28 13:44:05 - [TEST_STEP][PASSED] - selectOptionByIndex: All options with index in [5] are selected on object 'Object Repository/MOH AND GRN/Page_KDMC/select_--Select--Hamen Chandra'

2018-05-28 13:44:05 - [MESSAGE][PASSED] - All options with index in [5] are selected on object 'Object Repository/MOH AND GRN/Page_KDMC/select_--Select--Hamen Chandra'

2018-05-28 13:44:05 - [TEST_STEP][PASSED] - Statement - PONumber = com.kms.katalon.core.webui.keyword.WebUiBuiltInKeywords.getText(com.kms.katalon.core.testobject.ObjectRepository.findTestObject(MOH AND GRN/Page_KDMC/input_lblpono)).trim(): Text of object 'Object Repository/MOH AND GRN/Page_KDMC/input_lblpono' is: ''

2018-05-28 13:44:05 - [MESSAGE][PASSED] - Text of object 'Object Repository/MOH AND GRN/Page_KDMC/input_lblpono' is: ''

2018-05-28 13:44:05 - [TEST_STEP][PASSED] - Statement - PONumber1 = com.kms.katalon.core.webui.keyword.WebUiBuiltInKeywords.getAttribute(com.kms.katalon.core.testobject.ObjectRepository.findTestObject(MOH AND GRN/Page_KDMC/input_lblpono), "value").trim(): Attribute 'value' of object 'Object Repository/MOH AND GRN/Page_KDMC/input_lblpono' is: 'PO00165'

2018-05-28 13:44:05 - [MESSAGE][PASSED] - Attribute 'value' of object 'Object Repository/MOH AND GRN/Page_KDMC/input_lblpono' is: 'PO00165'

2018-05-28 13:44:05 - [TEST_STEP][PASSED] - Statement - out.println("PO NUMBER :" + PONumber): null

2018-05-28 13:44:05 - [TEST_STEP][PASSED] - Statement - out.println("PO NUMBER :" + PONumber1): null

2018-05-28 13:44:05 - [TEST_STEP][PASSED] - click: Object: 'Object Repository/MOH AND GRN/Page_KDMC/input_chkrem' is clicked on

2018-05-28 13:44:05 - [MESSAGE][PASSED] - Object: 'Object Repository/MOH AND GRN/Page_KDMC/input_chkrem' is clicked on

2018-05-28 13:44:05 - [TEST_STEP][PASSED] - scrollToElement: Scroll to object 'Object Repository/MOH AND GRN/Page_KDMC/input_btnreturn' successfully

2018-05-28 13:44:05 - [MESSAGE][PASSED] - Scroll to object 'Object Repository/MOH AND GRN/Page_KDMC/input_btnreturn' successfully

2018-05-28 13:44:05 - [TEST_STEP][PASSED] - click: Object: 'Object Repository/MOH AND GRN/Page_KDMC/input_btnreturn' is clicked on

2018-05-28 13:44:05 - [MESSAGE][PASSED] - Object: 'Object Repository/MOH AND GRN/Page_KDMC/input_btnreturn' is clicked on

2018-05-28 13:44:05 - [TEST_STEP][PASSED] - delay: Delayed 3 second(s)

2018-05-28 13:44:08 - [MESSAGE][PASSED] - Delayed 3 second(s)

2018-05-28 13:44:08 - [TEST_STEP][PASSED] - click: Object: 'Object Repository/MOH AND GRN/Page_KDMC/button_Yes' is clicked on

2018-05-28 13:44:08 - [MESSAGE][PASSED] - Object: 'Object Repository/MOH AND GRN/Page_KDMC/button_Yes' is clicked on

2018-05-28 13:44:08 - [TEST_STEP][PASSED] - delay: Delayed 3 second(s)

2018-05-28 13:44:11 - [MESSAGE][PASSED] - Delayed 3 second(s)

2018-05-28 13:44:11 - [TEST_STEP][PASSED] - click: Object: 'Object Repository/MOH AND GRN/Page_KDMC/button_OK' is clicked on

2018-05-28 13:44:12 - [MESSAGE][PASSED] - Object: 'Object Repository/MOH AND GRN/Page_KDMC/button_OK' is clicked on

2018-05-28 13:44:12 - [TEST_STEP][PASSED] - delay: Delayed 3 second(s)

2018-05-28 13:44:15 - [MESSAGE][PASSED] - Delayed 3 second(s)

2018-05-28 13:44:15 - [TEST_STEP][PASSED] - click: Object: 'Object Repository/MOH AND GRN/Page_KDMC/a_dropdown-toggle' is clicked on

2018-05-28 13:44:15 - [MESSAGE][PASSED] - Object: 'Object Repository/MOH AND GRN/Page_KDMC/a_dropdown-toggle' is clicked on

2018-05-28 13:44:15 - [TEST_STEP][PASSED] - click: Object: 'Object Repository/MOH AND GRN/Page_KDMC/a_Sign out' is clicked on

2018-05-28 13:44:16 - [MESSAGE][PASSED] - Object: 'Object Repository/MOH AND GRN/Page_KDMC/a_Sign out' is clicked on

2018-05-28 13:44:16 - [TEST_STEP][PASSED] - delay: Delayed 4 second(s)

2018-05-28 13:44:20 - [MESSAGE][PASSED] - Delayed 4 second(s)

2018-05-28 13:44:20 - [TEST_STEP][PASSED] - click: Object: 'Object Repository/MOH AND GRN/Page_KDMC/a_CMS' is clicked on

2018-05-28 13:44:20 - [MESSAGE][PASSED] - Object: 'Object Repository/MOH AND GRN/Page_KDMC/a_CMS' is clicked on

2018-05-28 13:44:20 - [TEST_STEP][PASSED] - setText: Text 'bala' is set on object 'Object Repository/MOH AND GRN/Page_CMS login/input_txtusername'

2018-05-28 13:44:20 - [MESSAGE][PASSED] - Text 'bala' is set on object 'Object Repository/MOH AND GRN/Page_CMS login/input_txtusername'

2018-05-28 13:44:20 - [TEST_STEP][PASSED] - setText: Text '123' is set on object 'Object Repository/MOH AND GRN/Page_CMS login/input_txtpassword'

2018-05-28 13:44:20 - [MESSAGE][PASSED] - Text '123' is set on object 'Object Repository/MOH AND GRN/Page_CMS login/input_txtpassword'

2018-05-28 13:44:20 - [TEST_STEP][PASSED] - delay: Delayed 3 second(s)

2018-05-28 13:44:23 - [MESSAGE][PASSED] - Delayed 3 second(s)

2018-05-28 13:44:23 - [TEST_STEP][PASSED] - click: Object: 'Object Repository/MOH AND GRN/Page_CMS login/button_Sign in' is clicked on

2018-05-28 13:44:24 - [MESSAGE][PASSED] - Object: 'Object Repository/MOH AND GRN/Page_CMS login/button_Sign in' is clicked on

2018-05-28 13:44:24 - [TEST_STEP][PASSED] - click: Object: 'Object Repository/MOH AND GRN/Page_KDMC - CMS/a_CMS Details' is clicked on

2018-05-28 13:44:24 - [MESSAGE][PASSED] - Object: 'Object Repository/MOH AND GRN/Page_KDMC - CMS/a_CMS Details' is clicked on

2018-05-28 13:44:24 - [TEST_STEP][PASSED] - delay: Delayed 2 second(s)

2018-05-28 13:44:26 - [MESSAGE][PASSED] - Delayed 2 second(s)

2018-05-28 13:44:26 - [TEST_STEP][PASSED] - click: Object: 'Object Repository/MOH AND GRN/Page_KDMC - CMS/a_Goods Receive' is clicked on

2018-05-28 13:44:27 - [MESSAGE][PASSED] - Object: 'Object Repository/MOH AND GRN/Page_KDMC - CMS/a_Goods Receive' is clicked on

2018-05-28 13:44:27 - [TEST_STEP][PASSED] - delay: Delayed 2 second(s)

2018-05-28 13:44:29 - [MESSAGE][PASSED] - Delayed 2 second(s)

2018-05-28 13:44:29 - [TEST_STEP][PASSED] - selectOptionByLabel: All options with label 'PO00165' are selected in object 'Object Repository/MOH AND GRN/Page_KDMC - CMS/select_--Select--PO0032PO0031P' 

2018-05-28 13:44:29 - [MESSAGE][PASSED] - All options with label 'PO00165' are selected in object 'Object Repository/MOH AND GRN/Page_KDMC - CMS/select_--Select--PO0032PO0031P' 

2018-05-28 13:44:29 - [TEST_STEP][PASSED] - setText: Finding Test Object with id 'Object Repository/MOH AND GRN/Page_KDMC - CMS/input_txtgrnno'

2018-05-28 13:44:29 - [TEST_STEP][PASSED] - Statement - switch (id): Text 'INV702.0' is set on object 'Object Repository/MOH AND GRN/Page_KDMC - CMS/input_txtgrnno'

2018-05-28 13:44:29 - [TEST_STEP][PASSED] - Statement - case 2:: Text 'INV702.0' is set on object 'Object Repository/MOH AND GRN/Page_KDMC - CMS/input_txtgrnno'

2018-05-28 13:44:29 - [TEST_STEP][PASSED] - Statement - return (java.lang.Math.floor((java.lang.Math.random() * ((max - min) + 1))) + min): Text 'INV702.0' is set on object 'Object Repository/MOH AND GRN/Page_KDMC - CMS/input_txtgrnno'

2018-05-28 13:44:29 - [MESSAGE][PASSED] - Text 'INV702.0' is set on object 'Object Repository/MOH AND GRN/Page_KDMC - CMS/input_txtgrnno'

2018-05-28 13:44:29 - [TEST_STEP][PASSED] - selectOptionByIndex: All options with index in [1] are selected on object 'Object Repository/MOH AND GRN/Page_KDMC - CMS/select_--Select--PERUMAL PHARM'

2018-05-28 13:44:29 - [MESSAGE][PASSED] - All options with index in [1] are selected on object 'Object Repository/MOH AND GRN/Page_KDMC - CMS/select_--Select--PERUMAL PHARM'

2018-05-28 13:44:29 - [TEST_STEP][PASSED] - setText: Text '10000' is set on object 'Object Repository/MOH AND GRN/Page_KDMC - CMS/input_txtgrnno_1'

2018-05-28 13:44:29 - [MESSAGE][PASSED] - Text '10000' is set on object 'Object Repository/MOH AND GRN/Page_KDMC - CMS/input_txtgrnno_1'

2018-05-28 13:44:29 - [TEST_STEP][PASSED] - setText: Text '500' is set on object 'Object Repository/MOH AND GRN/Page_KDMC - CMS/input_txtgrnno_2'

2018-05-28 13:44:30 - [MESSAGE][PASSED] - Text '500' is set on object 'Object Repository/MOH AND GRN/Page_KDMC - CMS/input_txtgrnno_2'

2018-05-28 13:44:30 - [TEST_STEP][PASSED] - setText: Finding Test Object with id 'Object Repository/MOH AND GRN/Page_KDMC - CMS/input_txtgrnno_3'

2018-05-28 13:44:30 - [TEST_STEP][PASSED] - Statement - switch (id): Text 'CH420.0' is set on object 'Object Repository/MOH AND GRN/Page_KDMC - CMS/input_txtgrnno_3'

2018-05-28 13:44:30 - [TEST_STEP][PASSED] - Statement - case 3:: Text 'CH420.0' is set on object 'Object Repository/MOH AND GRN/Page_KDMC - CMS/input_txtgrnno_3'

2018-05-28 13:44:30 - [TEST_STEP][PASSED] - Statement - return (java.lang.Math.floor((java.lang.Math.random() * ((max - min) + 1))) + min): Text 'CH420.0' is set on object 'Object Repository/MOH AND GRN/Page_KDMC - CMS/input_txtgrnno_3'

2018-05-28 13:44:30 - [MESSAGE][PASSED] - Text 'CH420.0' is set on object 'Object Repository/MOH AND GRN/Page_KDMC - CMS/input_txtgrnno_3'

2018-05-28 13:44:30 - [TEST_STEP][PASSED] - scrollToPosition: Browser is scrolled to position x = 200, y = 200

2018-05-28 13:44:30 - [MESSAGE][PASSED] - Browser is scrolled to position x = 200, y = 200

2018-05-28 13:44:30 - [TEST_STEP][PASSED] - Statement - GrnLength = com.kms.katalon.core.webui.keyword.WebUiBuiltInKeywords.getNumberOfTotalOption(com.kms.katalon.core.testobject.ObjectRepository.findTestObject(MOH AND GRN/Page_KDMC - CMS/select_--Select--Amikacin -500)): 19 options of object 'Object Repository/MOH AND GRN/Page_KDMC - CMS/select_--Select--Amikacin -500' counted

2018-05-28 13:44:30 - [MESSAGE][PASSED] - 19 options of object 'Object Repository/MOH AND GRN/Page_KDMC - CMS/select_--Select--Amikacin -500' counted

2018-05-28 13:44:30 - [TEST_STEP][PASSED] - Statement - out.println("Length OF The Medicine " + GrnLength): null

2018-05-28 13:44:30 - [TEST_STEP][PASSED] - Statement - s = 1: null

2018-05-28 13:44:30 - [TEST_STEP][PASSED] - Statement - For ([t = 1, t < GrnLength, (t++)]): Finding Test Object with id 'Object Repository/MOH AND GRN/Page_KDMC - CMS/input_txtmrp'

2018-05-28 13:44:30 - [TEST_STEP][PASSED] - selectOptionByIndex: All options with index in [1] are selected on object 'Object Repository/MOH AND GRN/Page_KDMC - CMS/select_--Select--Amikacin -500'

2018-05-28 13:44:30 - [MESSAGE][PASSED] - All options with index in [1] are selected on object 'Object Repository/MOH AND GRN/Page_KDMC - CMS/select_--Select--Amikacin -500'

2018-05-28 13:44:30 - [TEST_STEP][PASSED] - setText: Text '5000' is set on object 'Object Repository/MOH AND GRN/Page_KDMC - CMS/input_txtqty'

2018-05-28 13:44:30 - [MESSAGE][PASSED] - Text '5000' is set on object 'Object Repository/MOH AND GRN/Page_KDMC - CMS/input_txtqty'

2018-05-28 13:44:30 - [TEST_STEP][PASSED] - selectOptionByIndex: All options with index in [1] are selected on object 'Object Repository/MOH AND GRN/Page_KDMC - CMS/select_--Select--No Tax0'

2018-05-28 13:44:30 - [MESSAGE][PASSED] - All options with index in [1] are selected on object 'Object Repository/MOH AND GRN/Page_KDMC - CMS/select_--Select--No Tax0'

2018-05-28 13:44:30 - [TEST_STEP][PASSED] - setText: Finding Test Object with id 'Object Repository/MOH AND GRN/Page_KDMC - CMS/input_txtmrp'

2018-05-28 13:44:30 - [TEST_STEP][PASSED] - Statement - switch (id): Finding Test Object with id 'Object Repository/MOH AND GRN/Page_KDMC - CMS/input_txtdeal'

2018-05-28 13:44:30 - [TEST_STEP][PASSED] - Statement - case 4:: Text '30.0' is set on object 'Object Repository/MOH AND GRN/Page_KDMC - CMS/input_txtmrp'

2018-05-28 13:44:30 - [TEST_STEP][PASSED] - Statement - return (java.lang.Math.floor((java.lang.Math.random() * ((max - min) + 1))) + min): Text '30.0' is set on object 'Object Repository/MOH AND GRN/Page_KDMC - CMS/input_txtmrp'

2018-05-28 13:44:30 - [MESSAGE][PASSED] - Text '30.0' is set on object 'Object Repository/MOH AND GRN/Page_KDMC - CMS/input_txtmrp'

2018-05-28 13:44:30 - [TEST_STEP][PASSED] - setText: Finding Test Object with id 'Object Repository/MOH AND GRN/Page_KDMC - CMS/input_txtdeal'

2018-05-28 13:44:30 - [TEST_STEP][PASSED] - Statement - switch (id): Finding Test Object with id 'Object Repository/MOH AND GRN/Page_KDMC - CMS/input_txtbatchno'

2018-05-28 13:44:30 - [TEST_STEP][PASSED] - Statement - case 5:: Text '7.0' is set on object 'Object Repository/MOH AND GRN/Page_KDMC - CMS/input_txtdeal'

2018-05-28 13:44:30 - [TEST_STEP][PASSED] - Statement - return (java.lang.Math.floor((java.lang.Math.random() * ((max - min) + 1))) + min): Text '7.0' is set on object 'Object Repository/MOH AND GRN/Page_KDMC - CMS/input_txtdeal'

2018-05-28 13:44:30 - [MESSAGE][PASSED] - Text '7.0' is set on object 'Object Repository/MOH AND GRN/Page_KDMC - CMS/input_txtdeal'

2018-05-28 13:44:30 - [TEST_STEP][PASSED] - setText: Finding Test Object with id 'Object Repository/MOH AND GRN/Page_KDMC - CMS/input_txtbatchno'

2018-05-28 13:44:30 - [TEST_STEP][PASSED] - Statement - switch (id): Finding Test Object with id 'Object Repository/MOH AND GRN/Page_KDMC - CMS/input_txtmrp'

2018-05-28 13:44:30 - [TEST_STEP][PASSED] - Statement - case 1:: Text 'BA573.0' is set on object 'Object Repository/MOH AND GRN/Page_KDMC - CMS/input_txtbatchno'

2018-05-28 13:44:30 - [TEST_STEP][PASSED] - Statement - return (java.lang.Math.floor((java.lang.Math.random() * ((max - min) + 1))) + min): Text 'BA573.0' is set on object 'Object Repository/MOH AND GRN/Page_KDMC - CMS/input_txtbatchno'

2018-05-28 13:44:30 - [MESSAGE][PASSED] - Text 'BA573.0' is set on object 'Object Repository/MOH AND GRN/Page_KDMC - CMS/input_txtbatchno'

2018-05-28 13:44:30 - [TEST_STEP][PASSED] - rightClick: Object: 'Object Repository/GRN/Page_KDMC - CMS/input_txtexpdate' is right clicked on

2018-05-28 13:44:31 - [MESSAGE][PASSED] - Object: 'Object Repository/GRN/Page_KDMC - CMS/input_txtexpdate' is right clicked on

2018-05-28 13:44:31 - [TEST_STEP][PASSED] - selectOptionByIndex: All options with index in [1] are selected on object 'Object Repository/GRN/Page_KDMC - CMS/select_20182019202020212022202'

2018-05-28 13:44:31 - [MESSAGE][PASSED] - All options with index in [1] are selected on object 'Object Repository/GRN/Page_KDMC - CMS/select_20182019202020212022202'

2018-05-28 13:44:31 - [TEST_STEP][PASSED] - selectOptionByIndex: All options with index in [1] are selected on object 'Object Repository/GRN/Page_KDMC - CMS/select_JanFebMarAprMayJunJulAu'

2018-05-28 13:44:31 - [MESSAGE][PASSED] - All options with index in [1] are selected on object 'Object Repository/GRN/Page_KDMC - CMS/select_JanFebMarAprMayJunJulAu'

2018-05-28 13:44:31 - [TEST_STEP][PASSED] - click: Object: 'Object Repository/MOH AND GRN/Page_KDMC - CMS/a_12' is clicked on

2018-05-28 13:44:31 - [MESSAGE][PASSED] - Object: 'Object Repository/MOH AND GRN/Page_KDMC - CMS/a_12' is clicked on

2018-05-28 13:44:31 - [TEST_STEP][PASSED] - click: Object: 'Object Repository/MOH AND GRN/Page_KDMC - CMS/input_btnadd' is clicked on

2018-05-28 13:44:31 - [MESSAGE][PASSED] - Object: 'Object Repository/MOH AND GRN/Page_KDMC - CMS/input_btnadd' is clicked on

2018-05-28 13:44:31 - [TEST_STEP][PASSED] - Statement - If (s == 10): null

2018-05-28 13:44:31 - [TEST_STEP][PASSED] - Statement - Else: null

2018-05-28 13:44:31 - [TEST_STEP][PASSED] - Statement - (s++): null

2018-05-28 13:44:31 - [TEST_STEP][PASSED] - delay: Delayed 1 second(s)

2018-05-28 13:44:32 - [MESSAGE][PASSED] - Delayed 1 second(s)

2018-05-28 13:44:32 - [TEST_STEP][PASSED] - selectOptionByIndex: All options with index in [2] are selected on object 'Object Repository/MOH AND GRN/Page_KDMC - CMS/select_--Select--Amikacin -500'

2018-05-28 13:44:32 - [MESSAGE][PASSED] - All options with index in [2] are selected on object 'Object Repository/MOH AND GRN/Page_KDMC - CMS/select_--Select--Amikacin -500'

2018-05-28 13:44:32 - [TEST_STEP][PASSED] - setText: Text '5000' is set on object 'Object Repository/MOH AND GRN/Page_KDMC - CMS/input_txtqty'

2018-05-28 13:44:32 - [MESSAGE][PASSED] - Text '5000' is set on object 'Object Repository/MOH AND GRN/Page_KDMC - CMS/input_txtqty'

2018-05-28 13:44:32 - [TEST_STEP][PASSED] - selectOptionByIndex: All options with index in [1] are selected on object 'Object Repository/MOH AND GRN/Page_KDMC - CMS/select_--Select--No Tax0'

2018-05-28 13:44:33 - [MESSAGE][PASSED] - All options with index in [1] are selected on object 'Object Repository/MOH AND GRN/Page_KDMC - CMS/select_--Select--No Tax0'

2018-05-28 13:44:33 - [TEST_STEP][PASSED] - setText: Finding Test Object with id 'Object Repository/MOH AND GRN/Page_KDMC - CMS/input_txtmrp'

2018-05-28 13:44:33 - [TEST_STEP][PASSED] - Statement - switch (id): Finding Test Object with id 'Object Repository/MOH AND GRN/Page_KDMC - CMS/input_txtdeal'

2018-05-28 13:44:33 - [TEST_STEP][PASSED] - Statement - case 4:: Text '28.0' is set on object 'Object Repository/MOH AND GRN/Page_KDMC - CMS/input_txtmrp'

2018-05-28 13:44:33 - [TEST_STEP][PASSED] - Statement - return (java.lang.Math.floor((java.lang.Math.random() * ((max - min) + 1))) + min): Text '28.0' is set on object 'Object Repository/MOH AND GRN/Page_KDMC - CMS/input_txtmrp'

2018-05-28 13:44:33 - [MESSAGE][PASSED] - Text '28.0' is set on object 'Object Repository/MOH AND GRN/Page_KDMC - CMS/input_txtmrp'

2018-05-28 13:44:33 - [TEST_STEP][PASSED] - setText: Finding Test Object with id 'Object Repository/MOH AND GRN/Page_KDMC - CMS/input_txtdeal'

2018-05-28 13:44:33 - [TEST_STEP][PASSED] - Statement - switch (id): Finding Test Object with id 'Object Repository/MOH AND GRN/Page_KDMC - CMS/input_txtbatchno'

2018-05-28 13:44:33 - [TEST_STEP][PASSED] - Statement - case 5:: Text '3.0' is set on object 'Object Repository/MOH AND GRN/Page_KDMC - CMS/input_txtdeal'

2018-05-28 13:44:33 - [TEST_STEP][PASSED] - Statement - return (java.lang.Math.floor((java.lang.Math.random() * ((max - min) + 1))) + min): Text '3.0' is set on object 'Object Repository/MOH AND GRN/Page_KDMC - CMS/input_txtdeal'

2018-05-28 13:44:33 - [MESSAGE][PASSED] - Text '3.0' is set on object 'Object Repository/MOH AND GRN/Page_KDMC - CMS/input_txtdeal'

2018-05-28 13:44:33 - [TEST_STEP][PASSED] - setText: Finding Test Object with id 'Object Repository/MOH AND GRN/Page_KDMC - CMS/input_txtbatchno'

2018-05-28 13:44:33 - [TEST_STEP][PASSED] - Statement - switch (id): Finding Test Object with id 'Object Repository/MOH AND GRN/Page_KDMC - CMS/input_txtmrp'

2018-05-28 13:44:33 - [TEST_STEP][PASSED] - Statement - case 1:: Text 'BA968.0' is set on object 'Object Repository/MOH AND GRN/Page_KDMC - CMS/input_txtbatchno'

2018-05-28 13:44:33 - [TEST_STEP][PASSED] - Statement - return (java.lang.Math.floor((java.lang.Math.random() * ((max - min) + 1))) + min): Text 'BA968.0' is set on object 'Object Repository/MOH AND GRN/Page_KDMC - CMS/input_txtbatchno'

2018-05-28 13:44:33 - [MESSAGE][PASSED] - Text 'BA968.0' is set on object 'Object Repository/MOH AND GRN/Page_KDMC - CMS/input_txtbatchno'

2018-05-28 13:44:33 - [TEST_STEP][PASSED] - rightClick: Object: 'Object Repository/GRN/Page_KDMC - CMS/input_txtexpdate' is right clicked on

2018-05-28 13:44:33 - [MESSAGE][PASSED] - Object: 'Object Repository/GRN/Page_KDMC - CMS/input_txtexpdate' is right clicked on

2018-05-28 13:44:33 - [TEST_STEP][PASSED] - selectOptionByIndex: All options with index in [2] are selected on object 'Object Repository/GRN/Page_KDMC - CMS/select_20182019202020212022202'

2018-05-28 13:44:33 - [MESSAGE][PASSED] - All options with index in [2] are selected on object 'Object Repository/GRN/Page_KDMC - CMS/select_20182019202020212022202'

2018-05-28 13:44:33 - [TEST_STEP][PASSED] - selectOptionByIndex: All options with index in [2] are selected on object 'Object Repository/GRN/Page_KDMC - CMS/select_JanFebMarAprMayJunJulAu'

2018-05-28 13:44:33 - [MESSAGE][PASSED] - All options with index in [2] are selected on object 'Object Repository/GRN/Page_KDMC - CMS/select_JanFebMarAprMayJunJulAu'

2018-05-28 13:44:33 - [TEST_STEP][PASSED] - click: Object: 'Object Repository/MOH AND GRN/Page_KDMC - CMS/a_12' is clicked on

2018-05-28 13:44:33 - [MESSAGE][PASSED] - Object: 'Object Repository/MOH AND GRN/Page_KDMC - CMS/a_12' is clicked on

2018-05-28 13:44:33 - [TEST_STEP][PASSED] - click: Object: 'Object Repository/MOH AND GRN/Page_KDMC - CMS/input_btnadd' is clicked on

2018-05-28 13:44:33 - [MESSAGE][PASSED] - Object: 'Object Repository/MOH AND GRN/Page_KDMC - CMS/input_btnadd' is clicked on

2018-05-28 13:44:33 - [TEST_STEP][PASSED] - Statement - If (s == 10): null

2018-05-28 13:44:33 - [TEST_STEP][PASSED] - Statement - Else: null

2018-05-28 13:44:33 - [TEST_STEP][PASSED] - Statement - (s++): null

2018-05-28 13:44:33 - [TEST_STEP][PASSED] - delay: Delayed 1 second(s)

2018-05-28 13:44:34 - [MESSAGE][PASSED] - Delayed 1 second(s)

2018-05-28 13:44:34 - [TEST_STEP][PASSED] - selectOptionByIndex: All options with index in [3] are selected on object 'Object Repository/MOH AND GRN/Page_KDMC - CMS/select_--Select--Amikacin -500'

2018-05-28 13:44:35 - [MESSAGE][PASSED] - All options with index in [3] are selected on object 'Object Repository/MOH AND GRN/Page_KDMC - CMS/select_--Select--Amikacin -500'

2018-05-28 13:44:35 - [TEST_STEP][PASSED] - setText: Text '5000' is set on object 'Object Repository/MOH AND GRN/Page_KDMC - CMS/input_txtqty'

2018-05-28 13:44:35 - [MESSAGE][PASSED] - Text '5000' is set on object 'Object Repository/MOH AND GRN/Page_KDMC - CMS/input_txtqty'

2018-05-28 13:44:35 - [TEST_STEP][PASSED] - selectOptionByIndex: All options with index in [1] are selected on object 'Object Repository/MOH AND GRN/Page_KDMC - CMS/select_--Select--No Tax0'

2018-05-28 13:44:35 - [MESSAGE][PASSED] - All options with index in [1] are selected on object 'Object Repository/MOH AND GRN/Page_KDMC - CMS/select_--Select--No Tax0'

2018-05-28 13:44:35 - [TEST_STEP][PASSED] - setText: Finding Test Object with id 'Object Repository/MOH AND GRN/Page_KDMC - CMS/input_txtmrp'

2018-05-28 13:44:35 - [TEST_STEP][PASSED] - Statement - switch (id): Finding Test Object with id 'Object Repository/MOH AND GRN/Page_KDMC - CMS/input_txtdeal'

2018-05-28 13:44:35 - [TEST_STEP][PASSED] - Statement - case 4:: Text '45.0' is set on object 'Object Repository/MOH AND GRN/Page_KDMC - CMS/input_txtmrp'

2018-05-28 13:44:35 - [TEST_STEP][PASSED] - Statement - return (java.lang.Math.floor((java.lang.Math.random() * ((max - min) + 1))) + min): Text '45.0' is set on object 'Object Repository/MOH AND GRN/Page_KDMC - CMS/input_txtmrp'

2018-05-28 13:44:35 - [MESSAGE][PASSED] - Text '45.0' is set on object 'Object Repository/MOH AND GRN/Page_KDMC - CMS/input_txtmrp'

2018-05-28 13:44:35 - [TEST_STEP][PASSED] - setText: Finding Test Object with id 'Object Repository/MOH AND GRN/Page_KDMC - CMS/input_txtdeal'

2018-05-28 13:44:35 - [TEST_STEP][PASSED] - Statement - switch (id): Finding Test Object with id 'Object Repository/MOH AND GRN/Page_KDMC - CMS/input_txtbatchno'

2018-05-28 13:44:35 - [TEST_STEP][PASSED] - Statement - case 5:: Text '11.0' is set on object 'Object Repository/MOH AND GRN/Page_KDMC - CMS/input_txtdeal'

2018-05-28 13:44:35 - [TEST_STEP][PASSED] - Statement - return (java.lang.Math.floor((java.lang.Math.random() * ((max - min) + 1))) + min): Text '11.0' is set on object 'Object Repository/MOH AND GRN/Page_KDMC - CMS/input_txtdeal'

2018-05-28 13:44:35 - [MESSAGE][PASSED] - Text '11.0' is set on object 'Object Repository/MOH AND GRN/Page_KDMC - CMS/input_txtdeal'

2018-05-28 13:44:35 - [TEST_STEP][PASSED] - setText: Finding Test Object with id 'Object Repository/MOH AND GRN/Page_KDMC - CMS/input_txtbatchno'

2018-05-28 13:44:35 - [TEST_STEP][PASSED] - Statement - switch (id): Finding Test Object with id 'Object Repository/MOH AND GRN/Page_KDMC - CMS/input_txtmrp'

2018-05-28 13:44:35 - [TEST_STEP][PASSED] - Statement - case 1:: Text 'BA649.0' is set on object 'Object Repository/MOH AND GRN/Page_KDMC - CMS/input_txtbatchno'

2018-05-28 13:44:35 - [TEST_STEP][PASSED] - Statement - return (java.lang.Math.floor((java.lang.Math.random() * ((max - min) + 1))) + min): Text 'BA649.0' is set on object 'Object Repository/MOH AND GRN/Page_KDMC - CMS/input_txtbatchno'

2018-05-28 13:44:35 - [MESSAGE][PASSED] - Text 'BA649.0' is set on object 'Object Repository/MOH AND GRN/Page_KDMC - CMS/input_txtbatchno'

2018-05-28 13:44:35 - [TEST_STEP][PASSED] - rightClick: Object: 'Object Repository/GRN/Page_KDMC - CMS/input_txtexpdate' is right clicked on

2018-05-28 13:44:35 - [MESSAGE][PASSED] - Object: 'Object Repository/GRN/Page_KDMC - CMS/input_txtexpdate' is right clicked on

2018-05-28 13:44:35 - [TEST_STEP][PASSED] - selectOptionByIndex: All options with index in [3] are selected on object 'Object Repository/GRN/Page_KDMC - CMS/select_20182019202020212022202'

2018-05-28 13:44:35 - [MESSAGE][PASSED] - All options with index in [3] are selected on object 'Object Repository/GRN/Page_KDMC - CMS/select_20182019202020212022202'

2018-05-28 13:44:35 - [TEST_STEP][PASSED] - selectOptionByIndex: All options with index in [3] are selected on object 'Object Repository/GRN/Page_KDMC - CMS/select_JanFebMarAprMayJunJulAu'

2018-05-28 13:44:35 - [MESSAGE][PASSED] - All options with index in [3] are selected on object 'Object Repository/GRN/Page_KDMC - CMS/select_JanFebMarAprMayJunJulAu'

2018-05-28 13:44:35 - [TEST_STEP][PASSED] - click: Object: 'Object Repository/MOH AND GRN/Page_KDMC - CMS/a_12' is clicked on

2018-05-28 13:44:36 - [MESSAGE][PASSED] - Object: 'Object Repository/MOH AND GRN/Page_KDMC - CMS/a_12' is clicked on

2018-05-28 13:44:36 - [TEST_STEP][PASSED] - click: Object: 'Object Repository/MOH AND GRN/Page_KDMC - CMS/input_btnadd' is clicked on

2018-05-28 13:44:36 - [MESSAGE][PASSED] - Object: 'Object Repository/MOH AND GRN/Page_KDMC - CMS/input_btnadd' is clicked on

2018-05-28 13:44:36 - [TEST_STEP][PASSED] - Statement - If (s == 10): null

2018-05-28 13:44:36 - [TEST_STEP][PASSED] - Statement - Else: null

2018-05-28 13:44:36 - [TEST_STEP][PASSED] - Statement - (s++): null

2018-05-28 13:44:36 - [TEST_STEP][PASSED] - delay: Delayed 1 second(s)

2018-05-28 13:44:37 - [MESSAGE][PASSED] - Delayed 1 second(s)

2018-05-28 13:44:37 - [TEST_STEP][PASSED] - selectOptionByIndex: All options with index in [4] are selected on object 'Object Repository/MOH AND GRN/Page_KDMC - CMS/select_--Select--Amikacin -500'

2018-05-28 13:44:37 - [MESSAGE][PASSED] - All options with index in [4] are selected on object 'Object Repository/MOH AND GRN/Page_KDMC - CMS/select_--Select--Amikacin -500'

2018-05-28 13:44:37 - [TEST_STEP][PASSED] - setText: Text '5000' is set on object 'Object Repository/MOH AND GRN/Page_KDMC - CMS/input_txtqty'

2018-05-28 13:44:37 - [MESSAGE][PASSED] - Text '5000' is set on object 'Object Repository/MOH AND GRN/Page_KDMC - CMS/input_txtqty'

2018-05-28 13:44:37 - [TEST_STEP][PASSED] - selectOptionByIndex: All options with index in [1] are selected on object 'Object Repository/MOH AND GRN/Page_KDMC - CMS/select_--Select--No Tax0'

2018-05-28 13:44:37 - [MESSAGE][PASSED] - All options with index in [1] are selected on object 'Object Repository/MOH AND GRN/Page_KDMC - CMS/select_--Select--No Tax0'

2018-05-28 13:44:37 - [TEST_STEP][PASSED] - setText: Finding Test Object with id 'Object Repository/MOH AND GRN/Page_KDMC - CMS/input_txtmrp'

2018-05-28 13:44:37 - [TEST_STEP][PASSED] - Statement - switch (id): Finding Test Object with id 'Object Repository/MOH AND GRN/Page_KDMC - CMS/input_txtdeal'

2018-05-28 13:44:37 - [TEST_STEP][PASSED] - Statement - case 4:: Text '17.0' is set on object 'Object Repository/MOH AND GRN/Page_KDMC - CMS/input_txtmrp'

2018-05-28 13:44:37 - [TEST_STEP][PASSED] - Statement - return (java.lang.Math.floor((java.lang.Math.random() * ((max - min) + 1))) + min): Text '17.0' is set on object 'Object Repository/MOH AND GRN/Page_KDMC - CMS/input_txtmrp'

2018-05-28 13:44:37 - [MESSAGE][PASSED] - Text '17.0' is set on object 'Object Repository/MOH AND GRN/Page_KDMC - CMS/input_txtmrp'

2018-05-28 13:44:37 - [TEST_STEP][PASSED] - setText: Finding Test Object with id 'Object Repository/MOH AND GRN/Page_KDMC - CMS/input_txtdeal'

2018-05-28 13:44:37 - [TEST_STEP][PASSED] - Statement - switch (id): Finding Test Object with id 'Object Repository/MOH AND GRN/Page_KDMC - CMS/input_txtbatchno'

2018-05-28 13:44:37 - [TEST_STEP][PASSED] - Statement - case 5:: Text '11.0' is set on object 'Object Repository/MOH AND GRN/Page_KDMC - CMS/input_txtdeal'

2018-05-28 13:44:37 - [TEST_STEP][PASSED] - Statement - return (java.lang.Math.floor((java.lang.Math.random() * ((max - min) + 1))) + min): Text '11.0' is set on object 'Object Repository/MOH AND GRN/Page_KDMC - CMS/input_txtdeal'

2018-05-28 13:44:37 - [MESSAGE][PASSED] - Text '11.0' is set on object 'Object Repository/MOH AND GRN/Page_KDMC - CMS/input_txtdeal'

2018-05-28 13:44:37 - [TEST_STEP][PASSED] - setText: Finding Test Object with id 'Object Repository/MOH AND GRN/Page_KDMC - CMS/input_txtbatchno'

2018-05-28 13:44:37 - [TEST_STEP][PASSED] - Statement - switch (id): Finding Test Object with id 'Object Repository/MOH AND GRN/Page_KDMC - CMS/input_txtmrp'

2018-05-28 13:44:37 - [TEST_STEP][PASSED] - Statement - case 1:: Text 'BA516.0' is set on object 'Object Repository/MOH AND GRN/Page_KDMC - CMS/input_txtbatchno'

2018-05-28 13:44:37 - [TEST_STEP][PASSED] - Statement - return (java.lang.Math.floor((java.lang.Math.random() * ((max - min) + 1))) + min): Text 'BA516.0' is set on object 'Object Repository/MOH AND GRN/Page_KDMC - CMS/input_txtbatchno'

2018-05-28 13:44:37 - [MESSAGE][PASSED] - Text 'BA516.0' is set on object 'Object Repository/MOH AND GRN/Page_KDMC - CMS/input_txtbatchno'

2018-05-28 13:44:37 - [TEST_STEP][PASSED] - rightClick: Object: 'Object Repository/GRN/Page_KDMC - CMS/input_txtexpdate' is right clicked on

2018-05-28 13:44:37 - [MESSAGE][PASSED] - Object: 'Object Repository/GRN/Page_KDMC - CMS/input_txtexpdate' is right clicked on

2018-05-28 13:44:37 - [TEST_STEP][PASSED] - selectOptionByIndex: All options with index in [4] are selected on object 'Object Repository/GRN/Page_KDMC - CMS/select_20182019202020212022202'

2018-05-28 13:44:38 - [MESSAGE][PASSED] - All options with index in [4] are selected on object 'Object Repository/GRN/Page_KDMC - CMS/select_20182019202020212022202'

2018-05-28 13:44:38 - [TEST_STEP][PASSED] - selectOptionByIndex: All options with index in [4] are selected on object 'Object Repository/GRN/Page_KDMC - CMS/select_JanFebMarAprMayJunJulAu'

2018-05-28 13:44:38 - [MESSAGE][PASSED] - All options with index in [4] are selected on object 'Object Repository/GRN/Page_KDMC - CMS/select_JanFebMarAprMayJunJulAu'

2018-05-28 13:44:38 - [TEST_STEP][PASSED] - click: Object: 'Object Repository/MOH AND GRN/Page_KDMC - CMS/a_12' is clicked on

2018-05-28 13:44:38 - [MESSAGE][PASSED] - Object: 'Object Repository/MOH AND GRN/Page_KDMC - CMS/a_12' is clicked on

2018-05-28 13:44:38 - [TEST_STEP][PASSED] - click: Object: 'Object Repository/MOH AND GRN/Page_KDMC - CMS/input_btnadd' is clicked on

2018-05-28 13:44:38 - [MESSAGE][PASSED] - Object: 'Object Repository/MOH AND GRN/Page_KDMC - CMS/input_btnadd' is clicked on

2018-05-28 13:44:38 - [TEST_STEP][PASSED] - Statement - If (s == 10): null

2018-05-28 13:44:38 - [TEST_STEP][PASSED] - Statement - Else: null

2018-05-28 13:44:38 - [TEST_STEP][PASSED] - Statement - (s++): null

2018-05-28 13:44:38 - [TEST_STEP][PASSED] - delay: Delayed 1 second(s)

2018-05-28 13:44:39 - [MESSAGE][PASSED] - Delayed 1 second(s)

2018-05-28 13:44:39 - [TEST_STEP][PASSED] - selectOptionByIndex: All options with index in [5] are selected on object 'Object Repository/MOH AND GRN/Page_KDMC - CMS/select_--Select--Amikacin -500'

2018-05-28 13:44:39 - [MESSAGE][PASSED] - All options with index in [5] are selected on object 'Object Repository/MOH AND GRN/Page_KDMC - CMS/select_--Select--Amikacin -500'

2018-05-28 13:44:39 - [TEST_STEP][PASSED] - setText: Text '5000' is set on object 'Object Repository/MOH AND GRN/Page_KDMC - CMS/input_txtqty'

2018-05-28 13:44:39 - [MESSAGE][PASSED] - Text '5000' is set on object 'Object Repository/MOH AND GRN/Page_KDMC - CMS/input_txtqty'

2018-05-28 13:44:39 - [TEST_STEP][PASSED] - selectOptionByIndex: All options with index in [1] are selected on object 'Object Repository/MOH AND GRN/Page_KDMC - CMS/select_--Select--No Tax0'

2018-05-28 13:44:39 - [MESSAGE][PASSED] - All options with index in [1] are selected on object 'Object Repository/MOH AND GRN/Page_KDMC - CMS/select_--Select--No Tax0'

2018-05-28 13:44:39 - [TEST_STEP][PASSED] - setText: Finding Test Object with id 'Object Repository/MOH AND GRN/Page_KDMC - CMS/input_txtmrp'

2018-05-28 13:44:39 - [TEST_STEP][PASSED] - Statement - switch (id): Finding Test Object with id 'Object Repository/MOH AND GRN/Page_KDMC - CMS/input_txtdeal'

2018-05-28 13:44:39 - [TEST_STEP][PASSED] - Statement - case 4:: Text '45.0' is set on object 'Object Repository/MOH AND GRN/Page_KDMC - CMS/input_txtmrp'

2018-05-28 13:44:39 - [TEST_STEP][PASSED] - Statement - return (java.lang.Math.floor((java.lang.Math.random() * ((max - min) + 1))) + min): Text '45.0' is set on object 'Object Repository/MOH AND GRN/Page_KDMC - CMS/input_txtmrp'

2018-05-28 13:44:39 - [MESSAGE][PASSED] - Text '45.0' is set on object 'Object Repository/MOH AND GRN/Page_KDMC - CMS/input_txtmrp'

2018-05-28 13:44:39 - [TEST_STEP][PASSED] - setText: Finding Test Object with id 'Object Repository/MOH AND GRN/Page_KDMC - CMS/input_txtdeal'

2018-05-28 13:44:39 - [TEST_STEP][PASSED] - Statement - switch (id): Finding Test Object with id 'Object Repository/MOH AND GRN/Page_KDMC - CMS/input_txtbatchno'

2018-05-28 13:44:39 - [TEST_STEP][PASSED] - Statement - case 5:: Text '11.0' is set on object 'Object Repository/MOH AND GRN/Page_KDMC - CMS/input_txtdeal'

2018-05-28 13:44:39 - [TEST_STEP][PASSED] - Statement - return (java.lang.Math.floor((java.lang.Math.random() * ((max - min) + 1))) + min): Text '11.0' is set on object 'Object Repository/MOH AND GRN/Page_KDMC - CMS/input_txtdeal'

2018-05-28 13:44:40 - [MESSAGE][PASSED] - Text '11.0' is set on object 'Object Repository/MOH AND GRN/Page_KDMC - CMS/input_txtdeal'

2018-05-28 13:44:40 - [TEST_STEP][PASSED] - setText: Finding Test Object with id 'Object Repository/MOH AND GRN/Page_KDMC - CMS/input_txtbatchno'

2018-05-28 13:44:40 - [TEST_STEP][PASSED] - Statement - switch (id): Finding Test Object with id 'Object Repository/MOH AND GRN/Page_KDMC - CMS/input_txtmrp'

2018-05-28 13:44:40 - [TEST_STEP][PASSED] - Statement - case 1:: Text 'BA464.0' is set on object 'Object Repository/MOH AND GRN/Page_KDMC - CMS/input_txtbatchno'

2018-05-28 13:44:40 - [TEST_STEP][PASSED] - Statement - return (java.lang.Math.floor((java.lang.Math.random() * ((max - min) + 1))) + min): Text 'BA464.0' is set on object 'Object Repository/MOH AND GRN/Page_KDMC - CMS/input_txtbatchno'

2018-05-28 13:44:40 - [MESSAGE][PASSED] - Text 'BA464.0' is set on object 'Object Repository/MOH AND GRN/Page_KDMC - CMS/input_txtbatchno'

2018-05-28 13:44:40 - [TEST_STEP][PASSED] - rightClick: Object: 'Object Repository/GRN/Page_KDMC - CMS/input_txtexpdate' is right clicked on

2018-05-28 13:44:40 - [MESSAGE][PASSED] - Object: 'Object Repository/GRN/Page_KDMC - CMS/input_txtexpdate' is right clicked on

2018-05-28 13:44:40 - [TEST_STEP][PASSED] - selectOptionByIndex: All options with index in [5] are selected on object 'Object Repository/GRN/Page_KDMC - CMS/select_20182019202020212022202'

2018-05-28 13:44:40 - [MESSAGE][PASSED] - All options with index in [5] are selected on object 'Object Repository/GRN/Page_KDMC - CMS/select_20182019202020212022202'

2018-05-28 13:44:40 - [TEST_STEP][PASSED] - selectOptionByIndex: All options with index in [5] are selected on object 'Object Repository/GRN/Page_KDMC - CMS/select_JanFebMarAprMayJunJulAu'

2018-05-28 13:44:40 - [MESSAGE][PASSED] - All options with index in [5] are selected on object 'Object Repository/GRN/Page_KDMC - CMS/select_JanFebMarAprMayJunJulAu'

2018-05-28 13:44:40 - [TEST_STEP][PASSED] - click: Object: 'Object Repository/MOH AND GRN/Page_KDMC - CMS/a_12' is clicked on

2018-05-28 13:44:40 - [MESSAGE][PASSED] - Object: 'Object Repository/MOH AND GRN/Page_KDMC - CMS/a_12' is clicked on

2018-05-28 13:44:40 - [TEST_STEP][PASSED] - click: Object: 'Object Repository/MOH AND GRN/Page_KDMC - CMS/input_btnadd' is clicked on

2018-05-28 13:44:40 - [MESSAGE][PASSED] - Object: 'Object Repository/MOH AND GRN/Page_KDMC - CMS/input_btnadd' is clicked on

2018-05-28 13:44:40 - [TEST_STEP][PASSED] - Statement - If (s == 10): null

2018-05-28 13:44:40 - [TEST_STEP][PASSED] - Statement - Else: null

2018-05-28 13:44:40 - [TEST_STEP][PASSED] - Statement - (s++): null

2018-05-28 13:44:40 - [TEST_STEP][PASSED] - delay: Delayed 1 second(s)

2018-05-28 13:44:41 - [MESSAGE][PASSED] - Delayed 1 second(s)

2018-05-28 13:44:41 - [TEST_STEP][PASSED] - selectOptionByIndex: All options with index in [6] are selected on object 'Object Repository/MOH AND GRN/Page_KDMC - CMS/select_--Select--Amikacin -500'

2018-05-28 13:44:42 - [MESSAGE][PASSED] - All options with index in [6] are selected on object 'Object Repository/MOH AND GRN/Page_KDMC - CMS/select_--Select--Amikacin -500'

2018-05-28 13:44:42 - [TEST_STEP][PASSED] - setText: Text '5000' is set on object 'Object Repository/MOH AND GRN/Page_KDMC - CMS/input_txtqty'

2018-05-28 13:44:42 - [MESSAGE][PASSED] - Text '5000' is set on object 'Object Repository/MOH AND GRN/Page_KDMC - CMS/input_txtqty'

2018-05-28 13:44:42 - [TEST_STEP][PASSED] - selectOptionByIndex: All options with index in [1] are selected on object 'Object Repository/MOH AND GRN/Page_KDMC - CMS/select_--Select--No Tax0'

2018-05-28 13:44:42 - [MESSAGE][PASSED] - All options with index in [1] are selected on object 'Object Repository/MOH AND GRN/Page_KDMC - CMS/select_--Select--No Tax0'

2018-05-28 13:44:42 - [TEST_STEP][PASSED] - setText: Finding Test Object with id 'Object Repository/MOH AND GRN/Page_KDMC - CMS/input_txtmrp'

2018-05-28 13:44:42 - [TEST_STEP][PASSED] - Statement - switch (id): Finding Test Object with id 'Object Repository/MOH AND GRN/Page_KDMC - CMS/input_txtdeal'

2018-05-28 13:44:42 - [TEST_STEP][PASSED] - Statement - case 4:: Text '38.0' is set on object 'Object Repository/MOH AND GRN/Page_KDMC - CMS/input_txtmrp'

2018-05-28 13:44:42 - [TEST_STEP][PASSED] - Statement - return (java.lang.Math.floor((java.lang.Math.random() * ((max - min) + 1))) + min): Text '38.0' is set on object 'Object Repository/MOH AND GRN/Page_KDMC - CMS/input_txtmrp'

2018-05-28 13:44:42 - [MESSAGE][PASSED] - Text '38.0' is set on object 'Object Repository/MOH AND GRN/Page_KDMC - CMS/input_txtmrp'

2018-05-28 13:44:42 - [TEST_STEP][PASSED] - setText: Finding Test Object with id 'Object Repository/MOH AND GRN/Page_KDMC - CMS/input_txtdeal'

2018-05-28 13:44:42 - [TEST_STEP][PASSED] - Statement - switch (id): Finding Test Object with id 'Object Repository/MOH AND GRN/Page_KDMC - CMS/input_txtbatchno'

2018-05-28 13:44:42 - [TEST_STEP][PASSED] - Statement - case 5:: Text '8.0' is set on object 'Object Repository/MOH AND GRN/Page_KDMC - CMS/input_txtdeal'

2018-05-28 13:44:42 - [TEST_STEP][PASSED] - Statement - return (java.lang.Math.floor((java.lang.Math.random() * ((max - min) + 1))) + min): Text '8.0' is set on object 'Object Repository/MOH AND GRN/Page_KDMC - CMS/input_txtdeal'

2018-05-28 13:44:42 - [MESSAGE][PASSED] - Text '8.0' is set on object 'Object Repository/MOH AND GRN/Page_KDMC - CMS/input_txtdeal'

2018-05-28 13:44:42 - [TEST_STEP][PASSED] - setText: Finding Test Object with id 'Object Repository/MOH AND GRN/Page_KDMC - CMS/input_txtbatchno'

2018-05-28 13:44:42 - [TEST_STEP][PASSED] - Statement - switch (id): Finding Test Object with id 'Object Repository/MOH AND GRN/Page_KDMC - CMS/input_txtmrp'

2018-05-28 13:44:42 - [TEST_STEP][PASSED] - Statement - case 1:: Text 'BA856.0' is set on object 'Object Repository/MOH AND GRN/Page_KDMC - CMS/input_txtbatchno'

2018-05-28 13:44:42 - [TEST_STEP][PASSED] - Statement - return (java.lang.Math.floor((java.lang.Math.random() * ((max - min) + 1))) + min): Text 'BA856.0' is set on object 'Object Repository/MOH AND GRN/Page_KDMC - CMS/input_txtbatchno'

2018-05-28 13:44:42 - [MESSAGE][PASSED] - Text 'BA856.0' is set on object 'Object Repository/MOH AND GRN/Page_KDMC - CMS/input_txtbatchno'

2018-05-28 13:44:42 - [TEST_STEP][PASSED] - rightClick: Object: 'Object Repository/GRN/Page_KDMC - CMS/input_txtexpdate' is right clicked on

2018-05-28 13:44:42 - [MESSAGE][PASSED] - Object: 'Object Repository/GRN/Page_KDMC - CMS/input_txtexpdate' is right clicked on

2018-05-28 13:44:42 - [TEST_STEP][PASSED] - selectOptionByIndex: All options with index in [6] are selected on object 'Object Repository/GRN/Page_KDMC - CMS/select_20182019202020212022202'

2018-05-28 13:44:42 - [MESSAGE][PASSED] - All options with index in [6] are selected on object 'Object Repository/GRN/Page_KDMC - CMS/select_20182019202020212022202'

2018-05-28 13:44:42 - [TEST_STEP][PASSED] - selectOptionByIndex: All options with index in [6] are selected on object 'Object Repository/GRN/Page_KDMC - CMS/select_JanFebMarAprMayJunJulAu'

2018-05-28 13:44:43 - [MESSAGE][PASSED] - All options with index in [6] are selected on object 'Object Repository/GRN/Page_KDMC - CMS/select_JanFebMarAprMayJunJulAu'

2018-05-28 13:44:43 - [TEST_STEP][PASSED] - click: Object: 'Object Repository/MOH AND GRN/Page_KDMC - CMS/a_12' is clicked on

2018-05-28 13:44:43 - [MESSAGE][PASSED] - Object: 'Object Repository/MOH AND GRN/Page_KDMC - CMS/a_12' is clicked on

2018-05-28 13:44:43 - [TEST_STEP][PASSED] - click: Object: 'Object Repository/MOH AND GRN/Page_KDMC - CMS/input_btnadd' is clicked on

2018-05-28 13:44:43 - [MESSAGE][PASSED] - Object: 'Object Repository/MOH AND GRN/Page_KDMC - CMS/input_btnadd' is clicked on

2018-05-28 13:44:43 - [TEST_STEP][PASSED] - Statement - If (s == 10): null

2018-05-28 13:44:43 - [TEST_STEP][PASSED] - Statement - Else: null

2018-05-28 13:44:43 - [TEST_STEP][PASSED] - Statement - (s++): null

2018-05-28 13:44:43 - [TEST_STEP][PASSED] - delay: Delayed 1 second(s)

2018-05-28 13:44:44 - [MESSAGE][PASSED] - Delayed 1 second(s)

2018-05-28 13:44:44 - [TEST_STEP][PASSED] - selectOptionByIndex: All options with index in [7] are selected on object 'Object Repository/MOH AND GRN/Page_KDMC - CMS/select_--Select--Amikacin -500'

2018-05-28 13:44:44 - [MESSAGE][PASSED] - All options with index in [7] are selected on object 'Object Repository/MOH AND GRN/Page_KDMC - CMS/select_--Select--Amikacin -500'

2018-05-28 13:44:44 - [TEST_STEP][PASSED] - setText: Text '5000' is set on object 'Object Repository/MOH AND GRN/Page_KDMC - CMS/input_txtqty'

2018-05-28 13:44:44 - [MESSAGE][PASSED] - Text '5000' is set on object 'Object Repository/MOH AND GRN/Page_KDMC - CMS/input_txtqty'

2018-05-28 13:44:44 - [TEST_STEP][PASSED] - selectOptionByIndex: All options with index in [1] are selected on object 'Object Repository/MOH AND GRN/Page_KDMC - CMS/select_--Select--No Tax0'

2018-05-28 13:44:44 - [MESSAGE][PASSED] - All options with index in [1] are selected on object 'Object Repository/MOH AND GRN/Page_KDMC - CMS/select_--Select--No Tax0'

2018-05-28 13:44:44 - [TEST_STEP][PASSED] - setText: Finding Test Object with id 'Object Repository/MOH AND GRN/Page_KDMC - CMS/input_txtmrp'

2018-05-28 13:44:44 - [TEST_STEP][PASSED] - Statement - switch (id): Finding Test Object with id 'Object Repository/MOH AND GRN/Page_KDMC - CMS/input_txtdeal'

2018-05-28 13:44:44 - [TEST_STEP][PASSED] - Statement - case 4:: Text '37.0' is set on object 'Object Repository/MOH AND GRN/Page_KDMC - CMS/input_txtmrp'

2018-05-28 13:44:44 - [TEST_STEP][PASSED] - Statement - return (java.lang.Math.floor((java.lang.Math.random() * ((max - min) + 1))) + min): Text '37.0' is set on object 'Object Repository/MOH AND GRN/Page_KDMC - CMS/input_txtmrp'

2018-05-28 13:44:44 - [MESSAGE][PASSED] - Text '37.0' is set on object 'Object Repository/MOH AND GRN/Page_KDMC - CMS/input_txtmrp'

2018-05-28 13:44:44 - [TEST_STEP][PASSED] - setText: Finding Test Object with id 'Object Repository/MOH AND GRN/Page_KDMC - CMS/input_txtdeal'

2018-05-28 13:44:44 - [TEST_STEP][PASSED] - Statement - switch (id): Finding Test Object with id 'Object Repository/MOH AND GRN/Page_KDMC - CMS/input_txtbatchno'

2018-05-28 13:44:44 - [TEST_STEP][PASSED] - Statement - case 5:: Text '1.0' is set on object 'Object Repository/MOH AND GRN/Page_KDMC - CMS/input_txtdeal'

2018-05-28 13:44:44 - [TEST_STEP][PASSED] - Statement - return (java.lang.Math.floor((java.lang.Math.random() * ((max - min) + 1))) + min): Text '1.0' is set on object 'Object Repository/MOH AND GRN/Page_KDMC - CMS/input_txtdeal'

2018-05-28 13:44:44 - [MESSAGE][PASSED] - Text '1.0' is set on object 'Object Repository/MOH AND GRN/Page_KDMC - CMS/input_txtdeal'

2018-05-28 13:44:44 - [TEST_STEP][PASSED] - setText: Finding Test Object with id 'Object Repository/MOH AND GRN/Page_KDMC - CMS/input_txtbatchno'

2018-05-28 13:44:44 - [TEST_STEP][PASSED] - Statement - switch (id): Finding Test Object with id 'Object Repository/MOH AND GRN/Page_KDMC - CMS/input_txtmrp'

2018-05-28 13:44:44 - [TEST_STEP][PASSED] - Statement - case 1:: Text 'BA982.0' is set on object 'Object Repository/MOH AND GRN/Page_KDMC - CMS/input_txtbatchno'

2018-05-28 13:44:44 - [TEST_STEP][PASSED] - Statement - return (java.lang.Math.floor((java.lang.Math.random() * ((max - min) + 1))) + min): Text 'BA982.0' is set on object 'Object Repository/MOH AND GRN/Page_KDMC - CMS/input_txtbatchno'

2018-05-28 13:44:44 - [MESSAGE][PASSED] - Text 'BA982.0' is set on object 'Object Repository/MOH AND GRN/Page_KDMC - CMS/input_txtbatchno'

2018-05-28 13:44:44 - [TEST_STEP][PASSED] - rightClick: Object: 'Object Repository/GRN/Page_KDMC - CMS/input_txtexpdate' is right clicked on

2018-05-28 13:44:44 - [MESSAGE][PASSED] - Object: 'Object Repository/GRN/Page_KDMC - CMS/input_txtexpdate' is right clicked on

2018-05-28 13:44:44 - [TEST_STEP][PASSED] - selectOptionByIndex: All options with index in [7] are selected on object 'Object Repository/GRN/Page_KDMC - CMS/select_20182019202020212022202'

2018-05-28 13:44:45 - [MESSAGE][PASSED] - All options with index in [7] are selected on object 'Object Repository/GRN/Page_KDMC - CMS/select_20182019202020212022202'

2018-05-28 13:44:45 - [TEST_STEP][PASSED] - selectOptionByIndex: All options with index in [7] are selected on object 'Object Repository/GRN/Page_KDMC - CMS/select_JanFebMarAprMayJunJulAu'

2018-05-28 13:44:45 - [MESSAGE][PASSED] - All options with index in [7] are selected on object 'Object Repository/GRN/Page_KDMC - CMS/select_JanFebMarAprMayJunJulAu'

2018-05-28 13:44:45 - [TEST_STEP][PASSED] - click: Object: 'Object Repository/MOH AND GRN/Page_KDMC - CMS/a_12' is clicked on

2018-05-28 13:44:45 - [MESSAGE][PASSED] - Object: 'Object Repository/MOH AND GRN/Page_KDMC - CMS/a_12' is clicked on

2018-05-28 13:44:45 - [TEST_STEP][PASSED] - click: Object: 'Object Repository/MOH AND GRN/Page_KDMC - CMS/input_btnadd' is clicked on

2018-05-28 13:44:45 - [MESSAGE][PASSED] - Object: 'Object Repository/MOH AND GRN/Page_KDMC - CMS/input_btnadd' is clicked on

2018-05-28 13:44:45 - [TEST_STEP][PASSED] - Statement - If (s == 10): null

2018-05-28 13:44:45 - [TEST_STEP][PASSED] - Statement - Else: null

2018-05-28 13:44:45 - [TEST_STEP][PASSED] - Statement - (s++): null

2018-05-28 13:44:45 - [TEST_STEP][PASSED] - delay: Delayed 1 second(s)

2018-05-28 13:44:46 - [MESSAGE][PASSED] - Delayed 1 second(s)

2018-05-28 13:44:46 - [TEST_STEP][PASSED] - selectOptionByIndex: All options with index in [8] are selected on object 'Object Repository/MOH AND GRN/Page_KDMC - CMS/select_--Select--Amikacin -500'

2018-05-28 13:44:46 - [MESSAGE][PASSED] - All options with index in [8] are selected on object 'Object Repository/MOH AND GRN/Page_KDMC - CMS/select_--Select--Amikacin -500'

2018-05-28 13:44:46 - [TEST_STEP][PASSED] - setText: Text '5000' is set on object 'Object Repository/MOH AND GRN/Page_KDMC - CMS/input_txtqty'

2018-05-28 13:44:47 - [MESSAGE][PASSED] - Text '5000' is set on object 'Object Repository/MOH AND GRN/Page_KDMC - CMS/input_txtqty'

2018-05-28 13:44:47 - [TEST_STEP][PASSED] - selectOptionByIndex: All options with index in [1] are selected on object 'Object Repository/MOH AND GRN/Page_KDMC - CMS/select_--Select--No Tax0'

2018-05-28 13:44:47 - [MESSAGE][PASSED] - All options with index in [1] are selected on object 'Object Repository/MOH AND GRN/Page_KDMC - CMS/select_--Select--No Tax0'

2018-05-28 13:44:47 - [TEST_STEP][PASSED] - setText: Finding Test Object with id 'Object Repository/MOH AND GRN/Page_KDMC - CMS/input_txtmrp'

2018-05-28 13:44:47 - [TEST_STEP][PASSED] - Statement - switch (id): Finding Test Object with id 'Object Repository/MOH AND GRN/Page_KDMC - CMS/input_txtdeal'

2018-05-28 13:44:47 - [TEST_STEP][PASSED] - Statement - case 4:: Text '17.0' is set on object 'Object Repository/MOH AND GRN/Page_KDMC - CMS/input_txtmrp'

2018-05-28 13:44:47 - [TEST_STEP][PASSED] - Statement - return (java.lang.Math.floor((java.lang.Math.random() * ((max - min) + 1))) + min): Text '17.0' is set on object 'Object Repository/MOH AND GRN/Page_KDMC - CMS/input_txtmrp'

2018-05-28 13:44:47 - [MESSAGE][PASSED] - Text '17.0' is set on object 'Object Repository/MOH AND GRN/Page_KDMC - CMS/input_txtmrp'

2018-05-28 13:44:47 - [TEST_STEP][PASSED] - setText: Finding Test Object with id 'Object Repository/MOH AND GRN/Page_KDMC - CMS/input_txtdeal'

2018-05-28 13:44:47 - [TEST_STEP][PASSED] - Statement - switch (id): Finding Test Object with id 'Object Repository/MOH AND GRN/Page_KDMC - CMS/input_txtbatchno'

2018-05-28 13:44:47 - [TEST_STEP][PASSED] - Statement - case 5:: Text '12.0' is set on object 'Object Repository/MOH AND GRN/Page_KDMC - CMS/input_txtdeal'

2018-05-28 13:44:47 - [TEST_STEP][PASSED] - Statement - return (java.lang.Math.floor((java.lang.Math.random() * ((max - min) + 1))) + min): Text '12.0' is set on object 'Object Repository/MOH AND GRN/Page_KDMC - CMS/input_txtdeal'

2018-05-28 13:44:47 - [MESSAGE][PASSED] - Text '12.0' is set on object 'Object Repository/MOH AND GRN/Page_KDMC - CMS/input_txtdeal'

2018-05-28 13:44:47 - [TEST_STEP][PASSED] - setText: Finding Test Object with id 'Object Repository/MOH AND GRN/Page_KDMC - CMS/input_txtbatchno'

2018-05-28 13:44:47 - [TEST_STEP][PASSED] - Statement - switch (id): Finding Test Object with id 'Object Repository/MOH AND GRN/Page_KDMC - CMS/input_txtmrp'

2018-05-28 13:44:47 - [TEST_STEP][PASSED] - Statement - case 1:: Text 'BA837.0' is set on object 'Object Repository/MOH AND GRN/Page_KDMC - CMS/input_txtbatchno'

2018-05-28 13:44:47 - [TEST_STEP][PASSED] - Statement - return (java.lang.Math.floor((java.lang.Math.random() * ((max - min) + 1))) + min): Text 'BA837.0' is set on object 'Object Repository/MOH AND GRN/Page_KDMC - CMS/input_txtbatchno'

2018-05-28 13:44:47 - [MESSAGE][PASSED] - Text 'BA837.0' is set on object 'Object Repository/MOH AND GRN/Page_KDMC - CMS/input_txtbatchno'

2018-05-28 13:44:47 - [TEST_STEP][PASSED] - rightClick: Object: 'Object Repository/GRN/Page_KDMC - CMS/input_txtexpdate' is right clicked on

2018-05-28 13:44:47 - [MESSAGE][PASSED] - Object: 'Object Repository/GRN/Page_KDMC - CMS/input_txtexpdate' is right clicked on

2018-05-28 13:44:47 - [TEST_STEP][PASSED] - selectOptionByIndex: All options with index in [8] are selected on object 'Object Repository/GRN/Page_KDMC - CMS/select_20182019202020212022202'

2018-05-28 13:44:47 - [MESSAGE][PASSED] - All options with index in [8] are selected on object 'Object Repository/GRN/Page_KDMC - CMS/select_20182019202020212022202'

2018-05-28 13:44:47 - [TEST_STEP][PASSED] - selectOptionByIndex: All options with index in [8] are selected on object 'Object Repository/GRN/Page_KDMC - CMS/select_JanFebMarAprMayJunJulAu'

2018-05-28 13:44:47 - [MESSAGE][PASSED] - All options with index in [8] are selected on object 'Object Repository/GRN/Page_KDMC - CMS/select_JanFebMarAprMayJunJulAu'

2018-05-28 13:44:47 - [TEST_STEP][PASSED] - click: Object: 'Object Repository/MOH AND GRN/Page_KDMC - CMS/a_12' is clicked on

2018-05-28 13:44:48 - [MESSAGE][PASSED] - Object: 'Object Repository/MOH AND GRN/Page_KDMC - CMS/a_12' is clicked on

2018-05-28 13:44:48 - [TEST_STEP][PASSED] - click: Object: 'Object Repository/MOH AND GRN/Page_KDMC - CMS/input_btnadd' is clicked on

2018-05-28 13:44:48 - [MESSAGE][PASSED] - Object: 'Object Repository/MOH AND GRN/Page_KDMC - CMS/input_btnadd' is clicked on

2018-05-28 13:44:48 - [TEST_STEP][PASSED] - Statement - If (s == 10): null

2018-05-28 13:44:48 - [TEST_STEP][PASSED] - Statement - Else: null

2018-05-28 13:44:48 - [TEST_STEP][PASSED] - Statement - (s++): null

2018-05-28 13:44:48 - [TEST_STEP][PASSED] - delay: Delayed 1 second(s)

2018-05-28 13:44:49 - [MESSAGE][PASSED] - Delayed 1 second(s)

2018-05-28 13:44:49 - [TEST_STEP][PASSED] - selectOptionByIndex: All options with index in [9] are selected on object 'Object Repository/MOH AND GRN/Page_KDMC - CMS/select_--Select--Amikacin -500'

2018-05-28 13:44:49 - [MESSAGE][PASSED] - All options with index in [9] are selected on object 'Object Repository/MOH AND GRN/Page_KDMC - CMS/select_--Select--Amikacin -500'

2018-05-28 13:44:49 - [TEST_STEP][PASSED] - setText: Text '5000' is set on object 'Object Repository/MOH AND GRN/Page_KDMC - CMS/input_txtqty'

2018-05-28 13:44:49 - [MESSAGE][PASSED] - Text '5000' is set on object 'Object Repository/MOH AND GRN/Page_KDMC - CMS/input_txtqty'

2018-05-28 13:44:49 - [TEST_STEP][PASSED] - selectOptionByIndex: All options with index in [1] are selected on object 'Object Repository/MOH AND GRN/Page_KDMC - CMS/select_--Select--No Tax0'

2018-05-28 13:44:49 - [MESSAGE][PASSED] - All options with index in [1] are selected on object 'Object Repository/MOH AND GRN/Page_KDMC - CMS/select_--Select--No Tax0'

2018-05-28 13:44:49 - [TEST_STEP][PASSED] - setText: Finding Test Object with id 'Object Repository/MOH AND GRN/Page_KDMC - CMS/input_txtmrp'

2018-05-28 13:44:49 - [TEST_STEP][PASSED] - Statement - switch (id): Finding Test Object with id 'Object Repository/MOH AND GRN/Page_KDMC - CMS/input_txtdeal'

2018-05-28 13:44:49 - [TEST_STEP][PASSED] - Statement - case 4:: Text '18.0' is set on object 'Object Repository/MOH AND GRN/Page_KDMC - CMS/input_txtmrp'

2018-05-28 13:44:49 - [TEST_STEP][PASSED] - Statement - return (java.lang.Math.floor((java.lang.Math.random() * ((max - min) + 1))) + min): Text '18.0' is set on object 'Object Repository/MOH AND GRN/Page_KDMC - CMS/input_txtmrp'

2018-05-28 13:44:49 - [MESSAGE][PASSED] - Text '18.0' is set on object 'Object Repository/MOH AND GRN/Page_KDMC - CMS/input_txtmrp'

2018-05-28 13:44:49 - [TEST_STEP][PASSED] - setText: Finding Test Object with id 'Object Repository/MOH AND GRN/Page_KDMC - CMS/input_txtdeal'

2018-05-28 13:44:49 - [TEST_STEP][PASSED] - Statement - switch (id): Finding Test Object with id 'Object Repository/MOH AND GRN/Page_KDMC - CMS/input_txtbatchno'

2018-05-28 13:44:49 - [TEST_STEP][PASSED] - Statement - case 5:: Text '9.0' is set on object 'Object Repository/MOH AND GRN/Page_KDMC - CMS/input_txtdeal'

2018-05-28 13:44:49 - [TEST_STEP][PASSED] - Statement - return (java.lang.Math.floor((java.lang.Math.random() * ((max - min) + 1))) + min): Text '9.0' is set on object 'Object Repository/MOH AND GRN/Page_KDMC - CMS/input_txtdeal'

2018-05-28 13:44:49 - [MESSAGE][PASSED] - Text '9.0' is set on object 'Object Repository/MOH AND GRN/Page_KDMC - CMS/input_txtdeal'

2018-05-28 13:44:49 - [TEST_STEP][PASSED] - setText: Finding Test Object with id 'Object Repository/MOH AND GRN/Page_KDMC - CMS/input_txtbatchno'

2018-05-28 13:44:49 - [TEST_STEP][PASSED] - Statement - switch (id): Finding Test Object with id 'Object Repository/MOH AND GRN/Page_KDMC - CMS/input_txtmrp'

2018-05-28 13:44:49 - [TEST_STEP][PASSED] - Statement - case 1:: Text 'BA607.0' is set on object 'Object Repository/MOH AND GRN/Page_KDMC - CMS/input_txtbatchno'

2018-05-28 13:44:49 - [TEST_STEP][PASSED] - Statement - return (java.lang.Math.floor((java.lang.Math.random() * ((max - min) + 1))) + min): Text 'BA607.0' is set on object 'Object Repository/MOH AND GRN/Page_KDMC - CMS/input_txtbatchno'

2018-05-28 13:44:49 - [MESSAGE][PASSED] - Text 'BA607.0' is set on object 'Object Repository/MOH AND GRN/Page_KDMC - CMS/input_txtbatchno'

2018-05-28 13:44:49 - [TEST_STEP][PASSED] - rightClick: Object: 'Object Repository/GRN/Page_KDMC - CMS/input_txtexpdate' is right clicked on

2018-05-28 13:44:49 - [MESSAGE][PASSED] - Object: 'Object Repository/GRN/Page_KDMC - CMS/input_txtexpdate' is right clicked on

2018-05-28 13:44:49 - [TEST_STEP][PASSED] - selectOptionByIndex: All options with index in [9] are selected on object 'Object Repository/GRN/Page_KDMC - CMS/select_20182019202020212022202'

2018-05-28 13:44:50 - [MESSAGE][PASSED] - All options with index in [9] are selected on object 'Object Repository/GRN/Page_KDMC - CMS/select_20182019202020212022202'

2018-05-28 13:44:50 - [TEST_STEP][PASSED] - selectOptionByIndex: All options with index in [9] are selected on object 'Object Repository/GRN/Page_KDMC - CMS/select_JanFebMarAprMayJunJulAu'

2018-05-28 13:44:50 - [MESSAGE][PASSED] - All options with index in [9] are selected on object 'Object Repository/GRN/Page_KDMC - CMS/select_JanFebMarAprMayJunJulAu'

2018-05-28 13:44:50 - [TEST_STEP][PASSED] - click: Object: 'Object Repository/MOH AND GRN/Page_KDMC - CMS/a_12' is clicked on

2018-05-28 13:44:50 - [MESSAGE][PASSED] - Object: 'Object Repository/MOH AND GRN/Page_KDMC - CMS/a_12' is clicked on

2018-05-28 13:44:50 - [TEST_STEP][PASSED] - click: Object: 'Object Repository/MOH AND GRN/Page_KDMC - CMS/input_btnadd' is clicked on

2018-05-28 13:44:50 - [MESSAGE][PASSED] - Object: 'Object Repository/MOH AND GRN/Page_KDMC - CMS/input_btnadd' is clicked on

2018-05-28 13:44:50 - [TEST_STEP][PASSED] - Statement - If (s == 10): null

2018-05-28 13:44:50 - [TEST_STEP][PASSED] - Statement - Else: null

2018-05-28 13:44:50 - [TEST_STEP][PASSED] - Statement - (s++): null

2018-05-28 13:44:50 - [TEST_STEP][PASSED] - delay: Delayed 1 second(s)

2018-05-28 13:44:51 - [MESSAGE][PASSED] - Delayed 1 second(s)

2018-05-28 13:44:51 - [TEST_STEP][PASSED] - selectOptionByIndex: All options with index in [10] are selected on object 'Object Repository/MOH AND GRN/Page_KDMC - CMS/select_--Select--Amikacin -500'

2018-05-28 13:44:51 - [MESSAGE][PASSED] - All options with index in [10] are selected on object 'Object Repository/MOH AND GRN/Page_KDMC - CMS/select_--Select--Amikacin -500'

2018-05-28 13:44:51 - [TEST_STEP][PASSED] - setText: Text '5000' is set on object 'Object Repository/MOH AND GRN/Page_KDMC - CMS/input_txtqty'

2018-05-28 13:44:52 - [MESSAGE][PASSED] - Text '5000' is set on object 'Object Repository/MOH AND GRN/Page_KDMC - CMS/input_txtqty'

2018-05-28 13:44:52 - [TEST_STEP][PASSED] - selectOptionByIndex: All options with index in [1] are selected on object 'Object Repository/MOH AND GRN/Page_KDMC - CMS/select_--Select--No Tax0'

2018-05-28 13:44:52 - [MESSAGE][PASSED] - All options with index in [1] are selected on object 'Object Repository/MOH AND GRN/Page_KDMC - CMS/select_--Select--No Tax0'

2018-05-28 13:44:52 - [TEST_STEP][PASSED] - setText: Finding Test Object with id 'Object Repository/MOH AND GRN/Page_KDMC - CMS/input_txtmrp'

2018-05-28 13:44:52 - [TEST_STEP][PASSED] - Statement - switch (id): Finding Test Object with id 'Object Repository/MOH AND GRN/Page_KDMC - CMS/input_txtdeal'

2018-05-28 13:44:52 - [TEST_STEP][PASSED] - Statement - case 4:: Text '31.0' is set on object 'Object Repository/MOH AND GRN/Page_KDMC - CMS/input_txtmrp'

2018-05-28 13:44:52 - [TEST_STEP][PASSED] - Statement - return (java.lang.Math.floor((java.lang.Math.random() * ((max - min) + 1))) + min): Text '31.0' is set on object 'Object Repository/MOH AND GRN/Page_KDMC - CMS/input_txtmrp'

2018-05-28 13:44:52 - [MESSAGE][PASSED] - Text '31.0' is set on object 'Object Repository/MOH AND GRN/Page_KDMC - CMS/input_txtmrp'

2018-05-28 13:44:52 - [TEST_STEP][PASSED] - setText: Finding Test Object with id 'Object Repository/MOH AND GRN/Page_KDMC - CMS/input_txtdeal'

2018-05-28 13:44:52 - [TEST_STEP][PASSED] - Statement - switch (id): Finding Test Object with id 'Object Repository/MOH AND GRN/Page_KDMC - CMS/input_txtbatchno'

2018-05-28 13:44:52 - [TEST_STEP][PASSED] - Statement - case 5:: Text '2.0' is set on object 'Object Repository/MOH AND GRN/Page_KDMC - CMS/input_txtdeal'

2018-05-28 13:44:52 - [TEST_STEP][PASSED] - Statement - return (java.lang.Math.floor((java.lang.Math.random() * ((max - min) + 1))) + min): Text '2.0' is set on object 'Object Repository/MOH AND GRN/Page_KDMC - CMS/input_txtdeal'

2018-05-28 13:44:52 - [MESSAGE][PASSED] - Text '2.0' is set on object 'Object Repository/MOH AND GRN/Page_KDMC - CMS/input_txtdeal'

2018-05-28 13:44:52 - [TEST_STEP][PASSED] - setText: Finding Test Object with id 'Object Repository/MOH AND GRN/Page_KDMC - CMS/input_txtbatchno'

2018-05-28 13:44:52 - [TEST_STEP][PASSED] - Statement - switch (id): Finding Test Object with id 'Object Repository/MOH AND GRN/Page_KDMC - CMS/input_txtmrp'

2018-05-28 13:44:52 - [TEST_STEP][PASSED] - Statement - case 1:: Text 'BA683.0' is set on object 'Object Repository/MOH AND GRN/Page_KDMC - CMS/input_txtbatchno'

2018-05-28 13:44:52 - [TEST_STEP][PASSED] - Statement - return (java.lang.Math.floor((java.lang.Math.random() * ((max - min) + 1))) + min): Text 'BA683.0' is set on object 'Object Repository/MOH AND GRN/Page_KDMC - CMS/input_txtbatchno'

2018-05-28 13:44:52 - [MESSAGE][PASSED] - Text 'BA683.0' is set on object 'Object Repository/MOH AND GRN/Page_KDMC - CMS/input_txtbatchno'

2018-05-28 13:44:52 - [TEST_STEP][PASSED] - rightClick: Object: 'Object Repository/GRN/Page_KDMC - CMS/input_txtexpdate' is right clicked on

2018-05-28 13:44:52 - [MESSAGE][PASSED] - Object: 'Object Repository/GRN/Page_KDMC - CMS/input_txtexpdate' is right clicked on

2018-05-28 13:44:52 - [TEST_STEP][PASSED] - selectOptionByIndex: All options with index in [10] are selected on object 'Object Repository/GRN/Page_KDMC - CMS/select_20182019202020212022202'

2018-05-28 13:44:52 - [MESSAGE][PASSED] - All options with index in [10] are selected on object 'Object Repository/GRN/Page_KDMC - CMS/select_20182019202020212022202'

2018-05-28 13:44:52 - [TEST_STEP][PASSED] - selectOptionByIndex: All options with index in [10] are selected on object 'Object Repository/GRN/Page_KDMC - CMS/select_JanFebMarAprMayJunJulAu'

2018-05-28 13:44:52 - [MESSAGE][PASSED] - All options with index in [10] are selected on object 'Object Repository/GRN/Page_KDMC - CMS/select_JanFebMarAprMayJunJulAu'

2018-05-28 13:44:52 - [TEST_STEP][PASSED] - click: Object: 'Object Repository/MOH AND GRN/Page_KDMC - CMS/a_12' is clicked on

2018-05-28 13:44:53 - [MESSAGE][PASSED] - Object: 'Object Repository/MOH AND GRN/Page_KDMC - CMS/a_12' is clicked on

2018-05-28 13:44:53 - [TEST_STEP][PASSED] - click: Object: 'Object Repository/MOH AND GRN/Page_KDMC - CMS/input_btnadd' is clicked on

2018-05-28 13:44:53 - [MESSAGE][PASSED] - Object: 'Object Repository/MOH AND GRN/Page_KDMC - CMS/input_btnadd' is clicked on

2018-05-28 13:44:53 - [TEST_STEP][PASSED] - Statement - If (s == 10): null

2018-05-28 13:44:53 - [TEST_STEP][PASSED] - Statement - s = 1: null

2018-05-28 13:44:53 - [TEST_STEP][PASSED] - delay: Delayed 1 second(s)

2018-05-28 13:44:54 - [MESSAGE][PASSED] - Delayed 1 second(s)

2018-05-28 13:44:54 - [TEST_STEP][PASSED] - selectOptionByIndex: All options with index in [11] are selected on object 'Object Repository/MOH AND GRN/Page_KDMC - CMS/select_--Select--Amikacin -500'

2018-05-28 13:44:54 - [MESSAGE][PASSED] - All options with index in [11] are selected on object 'Object Repository/MOH AND GRN/Page_KDMC - CMS/select_--Select--Amikacin -500'

2018-05-28 13:44:54 - [TEST_STEP][PASSED] - setText: Text '5000' is set on object 'Object Repository/MOH AND GRN/Page_KDMC - CMS/input_txtqty'

2018-05-28 13:44:54 - [MESSAGE][PASSED] - Text '5000' is set on object 'Object Repository/MOH AND GRN/Page_KDMC - CMS/input_txtqty'

2018-05-28 13:44:54 - [TEST_STEP][PASSED] - selectOptionByIndex: All options with index in [1] are selected on object 'Object Repository/MOH AND GRN/Page_KDMC - CMS/select_--Select--No Tax0'

2018-05-28 13:44:54 - [MESSAGE][PASSED] - All options with index in [1] are selected on object 'Object Repository/MOH AND GRN/Page_KDMC - CMS/select_--Select--No Tax0'

2018-05-28 13:44:54 - [TEST_STEP][PASSED] - setText: Finding Test Object with id 'Object Repository/MOH AND GRN/Page_KDMC - CMS/input_txtmrp'

2018-05-28 13:44:54 - [TEST_STEP][PASSED] - Statement - switch (id): Finding Test Object with id 'Object Repository/MOH AND GRN/Page_KDMC - CMS/input_txtdeal'

2018-05-28 13:44:54 - [TEST_STEP][PASSED] - Statement - case 4:: Text '28.0' is set on object 'Object Repository/MOH AND GRN/Page_KDMC - CMS/input_txtmrp'

2018-05-28 13:44:54 - [TEST_STEP][PASSED] - Statement - return (java.lang.Math.floor((java.lang.Math.random() * ((max - min) + 1))) + min): Text '28.0' is set on object 'Object Repository/MOH AND GRN/Page_KDMC - CMS/input_txtmrp'

2018-05-28 13:44:54 - [MESSAGE][PASSED] - Text '28.0' is set on object 'Object Repository/MOH AND GRN/Page_KDMC - CMS/input_txtmrp'

2018-05-28 13:44:54 - [TEST_STEP][PASSED] - setText: Finding Test Object with id 'Object Repository/MOH AND GRN/Page_KDMC - CMS/input_txtdeal'

2018-05-28 13:44:54 - [TEST_STEP][PASSED] - Statement - switch (id): Finding Test Object with id 'Object Repository/MOH AND GRN/Page_KDMC - CMS/input_txtbatchno'

2018-05-28 13:44:54 - [TEST_STEP][PASSED] - Statement - case 5:: Text '5.0' is set on object 'Object Repository/MOH AND GRN/Page_KDMC - CMS/input_txtdeal'

2018-05-28 13:44:54 - [TEST_STEP][PASSED] - Statement - return (java.lang.Math.floor((java.lang.Math.random() * ((max - min) + 1))) + min): Text '5.0' is set on object 'Object Repository/MOH AND GRN/Page_KDMC - CMS/input_txtdeal'

2018-05-28 13:44:54 - [MESSAGE][PASSED] - Text '5.0' is set on object 'Object Repository/MOH AND GRN/Page_KDMC - CMS/input_txtdeal'

2018-05-28 13:44:54 - [TEST_STEP][PASSED] - setText: Finding Test Object with id 'Object Repository/MOH AND GRN/Page_KDMC - CMS/input_txtbatchno'

2018-05-28 13:44:54 - [TEST_STEP][PASSED] - Statement - switch (id): Finding Test Object with id 'Object Repository/MOH AND GRN/Page_KDMC - CMS/input_txtmrp'

2018-05-28 13:44:54 - [TEST_STEP][PASSED] - Statement - case 1:: Text 'BA441.0' is set on object 'Object Repository/MOH AND GRN/Page_KDMC - CMS/input_txtbatchno'

2018-05-28 13:44:54 - [TEST_STEP][PASSED] - Statement - return (java.lang.Math.floor((java.lang.Math.random() * ((max - min) + 1))) + min): Text 'BA441.0' is set on object 'Object Repository/MOH AND GRN/Page_KDMC - CMS/input_txtbatchno'

2018-05-28 13:44:54 - [MESSAGE][PASSED] - Text 'BA441.0' is set on object 'Object Repository/MOH AND GRN/Page_KDMC - CMS/input_txtbatchno'

2018-05-28 13:44:54 - [TEST_STEP][PASSED] - rightClick: Object: 'Object Repository/GRN/Page_KDMC - CMS/input_txtexpdate' is right clicked on

2018-05-28 13:44:55 - [MESSAGE][PASSED] - Object: 'Object Repository/GRN/Page_KDMC - CMS/input_txtexpdate' is right clicked on

2018-05-28 13:44:55 - [TEST_STEP][PASSED] - selectOptionByIndex: All options with index in [1] are selected on object 'Object Repository/GRN/Page_KDMC - CMS/select_20182019202020212022202'

2018-05-28 13:44:55 - [MESSAGE][PASSED] - All options with index in [1] are selected on object 'Object Repository/GRN/Page_KDMC - CMS/select_20182019202020212022202'

2018-05-28 13:44:55 - [TEST_STEP][PASSED] - selectOptionByIndex: All options with index in [1] are selected on object 'Object Repository/GRN/Page_KDMC - CMS/select_JanFebMarAprMayJunJulAu'

2018-05-28 13:44:55 - [MESSAGE][PASSED] - All options with index in [1] are selected on object 'Object Repository/GRN/Page_KDMC - CMS/select_JanFebMarAprMayJunJulAu'

2018-05-28 13:44:55 - [TEST_STEP][PASSED] - click: Object: 'Object Repository/MOH AND GRN/Page_KDMC - CMS/a_12' is clicked on

2018-05-28 13:44:55 - [MESSAGE][PASSED] - Object: 'Object Repository/MOH AND GRN/Page_KDMC - CMS/a_12' is clicked on

2018-05-28 13:44:55 - [TEST_STEP][PASSED] - click: Object: 'Object Repository/MOH AND GRN/Page_KDMC - CMS/input_btnadd' is clicked on

2018-05-28 13:44:55 - [MESSAGE][PASSED] - Object: 'Object Repository/MOH AND GRN/Page_KDMC - CMS/input_btnadd' is clicked on

2018-05-28 13:44:55 - [TEST_STEP][PASSED] - Statement - If (s == 10): null

2018-05-28 13:44:55 - [TEST_STEP][PASSED] - Statement - Else: null

2018-05-28 13:44:55 - [TEST_STEP][PASSED] - Statement - (s++): null

2018-05-28 13:44:55 - [TEST_STEP][PASSED] - delay: Delayed 1 second(s)

2018-05-28 13:44:56 - [MESSAGE][PASSED] - Delayed 1 second(s)

2018-05-28 13:44:56 - [TEST_STEP][PASSED] - selectOptionByIndex: All options with index in [12] are selected on object 'Object Repository/MOH AND GRN/Page_KDMC - CMS/select_--Select--Amikacin -500'

2018-05-28 13:44:56 - [MESSAGE][PASSED] - All options with index in [12] are selected on object 'Object Repository/MOH AND GRN/Page_KDMC - CMS/select_--Select--Amikacin -500'

2018-05-28 13:44:56 - [TEST_STEP][PASSED] - setText: Text '5000' is set on object 'Object Repository/MOH AND GRN/Page_KDMC - CMS/input_txtqty'

2018-05-28 13:44:56 - [MESSAGE][PASSED] - Text '5000' is set on object 'Object Repository/MOH AND GRN/Page_KDMC - CMS/input_txtqty'

2018-05-28 13:44:56 - [TEST_STEP][PASSED] - selectOptionByIndex: All options with index in [1] are selected on object 'Object Repository/MOH AND GRN/Page_KDMC - CMS/select_--Select--No Tax0'

2018-05-28 13:44:56 - [MESSAGE][PASSED] - All options with index in [1] are selected on object 'Object Repository/MOH AND GRN/Page_KDMC - CMS/select_--Select--No Tax0'

2018-05-28 13:44:56 - [TEST_STEP][PASSED] - setText: Finding Test Object with id 'Object Repository/MOH AND GRN/Page_KDMC - CMS/input_txtmrp'

2018-05-28 13:44:56 - [TEST_STEP][PASSED] - Statement - switch (id): Finding Test Object with id 'Object Repository/MOH AND GRN/Page_KDMC - CMS/input_txtdeal'

2018-05-28 13:44:56 - [TEST_STEP][PASSED] - Statement - case 4:: Text '23.0' is set on object 'Object Repository/MOH AND GRN/Page_KDMC - CMS/input_txtmrp'

2018-05-28 13:44:56 - [TEST_STEP][PASSED] - Statement - return (java.lang.Math.floor((java.lang.Math.random() * ((max - min) + 1))) + min): Text '23.0' is set on object 'Object Repository/MOH AND GRN/Page_KDMC - CMS/input_txtmrp'

2018-05-28 13:44:57 - [MESSAGE][PASSED] - Text '23.0' is set on object 'Object Repository/MOH AND GRN/Page_KDMC - CMS/input_txtmrp'

2018-05-28 13:44:57 - [TEST_STEP][PASSED] - setText: Finding Test Object with id 'Object Repository/MOH AND GRN/Page_KDMC - CMS/input_txtdeal'

2018-05-28 13:44:57 - [TEST_STEP][PASSED] - Statement - switch (id): Finding Test Object with id 'Object Repository/MOH AND GRN/Page_KDMC - CMS/input_txtbatchno'

2018-05-28 13:44:57 - [TEST_STEP][PASSED] - Statement - case 5:: Text '6.0' is set on object 'Object Repository/MOH AND GRN/Page_KDMC - CMS/input_txtdeal'

2018-05-28 13:44:57 - [TEST_STEP][PASSED] - Statement - return (java.lang.Math.floor((java.lang.Math.random() * ((max - min) + 1))) + min): Text '6.0' is set on object 'Object Repository/MOH AND GRN/Page_KDMC - CMS/input_txtdeal'

2018-05-28 13:44:57 - [MESSAGE][PASSED] - Text '6.0' is set on object 'Object Repository/MOH AND GRN/Page_KDMC - CMS/input_txtdeal'

2018-05-28 13:44:57 - [TEST_STEP][PASSED] - setText: Finding Test Object with id 'Object Repository/MOH AND GRN/Page_KDMC - CMS/input_txtbatchno'

2018-05-28 13:44:57 - [TEST_STEP][PASSED] - Statement - switch (id): Finding Test Object with id 'Object Repository/MOH AND GRN/Page_KDMC - CMS/input_txtmrp'

2018-05-28 13:44:57 - [TEST_STEP][PASSED] - Statement - case 1:: Text 'BA808.0' is set on object 'Object Repository/MOH AND GRN/Page_KDMC - CMS/input_txtbatchno'

2018-05-28 13:44:57 - [TEST_STEP][PASSED] - Statement - return (java.lang.Math.floor((java.lang.Math.random() * ((max - min) + 1))) + min): Text 'BA808.0' is set on object 'Object Repository/MOH AND GRN/Page_KDMC - CMS/input_txtbatchno'

2018-05-28 13:44:57 - [MESSAGE][PASSED] - Text 'BA808.0' is set on object 'Object Repository/MOH AND GRN/Page_KDMC - CMS/input_txtbatchno'

2018-05-28 13:44:57 - [TEST_STEP][PASSED] - rightClick: Object: 'Object Repository/GRN/Page_KDMC - CMS/input_txtexpdate' is right clicked on

2018-05-28 13:44:57 - [MESSAGE][PASSED] - Object: 'Object Repository/GRN/Page_KDMC - CMS/input_txtexpdate' is right clicked on

2018-05-28 13:44:57 - [TEST_STEP][PASSED] - selectOptionByIndex: All options with index in [2] are selected on object 'Object Repository/GRN/Page_KDMC - CMS/select_20182019202020212022202'

2018-05-28 13:44:57 - [MESSAGE][PASSED] - All options with index in [2] are selected on object 'Object Repository/GRN/Page_KDMC - CMS/select_20182019202020212022202'

2018-05-28 13:44:57 - [TEST_STEP][PASSED] - selectOptionByIndex: All options with index in [2] are selected on object 'Object Repository/GRN/Page_KDMC - CMS/select_JanFebMarAprMayJunJulAu'

2018-05-28 13:44:57 - [MESSAGE][PASSED] - All options with index in [2] are selected on object 'Object Repository/GRN/Page_KDMC - CMS/select_JanFebMarAprMayJunJulAu'

2018-05-28 13:44:57 - [TEST_STEP][PASSED] - click: Object: 'Object Repository/MOH AND GRN/Page_KDMC - CMS/a_12' is clicked on

2018-05-28 13:44:57 - [MESSAGE][PASSED] - Object: 'Object Repository/MOH AND GRN/Page_KDMC - CMS/a_12' is clicked on

2018-05-28 13:44:57 - [TEST_STEP][PASSED] - click: Object: 'Object Repository/MOH AND GRN/Page_KDMC - CMS/input_btnadd' is clicked on

2018-05-28 13:44:57 - [MESSAGE][PASSED] - Object: 'Object Repository/MOH AND GRN/Page_KDMC - CMS/input_btnadd' is clicked on

2018-05-28 13:44:57 - [TEST_STEP][PASSED] - Statement - If (s == 10): null

2018-05-28 13:44:57 - [TEST_STEP][PASSED] - Statement - Else: null

2018-05-28 13:44:57 - [TEST_STEP][PASSED] - Statement - (s++): null

2018-05-28 13:44:57 - [TEST_STEP][PASSED] - delay: Delayed 1 second(s)

2018-05-28 13:44:58 - [MESSAGE][PASSED] - Delayed 1 second(s)

2018-05-28 13:44:58 - [TEST_STEP][PASSED] - selectOptionByIndex: All options with index in [13] are selected on object 'Object Repository/MOH AND GRN/Page_KDMC - CMS/select_--Select--Amikacin -500'

2018-05-28 13:44:59 - [MESSAGE][PASSED] - All options with index in [13] are selected on object 'Object Repository/MOH AND GRN/Page_KDMC - CMS/select_--Select--Amikacin -500'

2018-05-28 13:44:59 - [TEST_STEP][PASSED] - setText: Text '5000' is set on object 'Object Repository/MOH AND GRN/Page_KDMC - CMS/input_txtqty'

2018-05-28 13:44:59 - [MESSAGE][PASSED] - Text '5000' is set on object 'Object Repository/MOH AND GRN/Page_KDMC - CMS/input_txtqty'

2018-05-28 13:44:59 - [TEST_STEP][PASSED] - selectOptionByIndex: All options with index in [1] are selected on object 'Object Repository/MOH AND GRN/Page_KDMC - CMS/select_--Select--No Tax0'

2018-05-28 13:44:59 - [MESSAGE][PASSED] - All options with index in [1] are selected on object 'Object Repository/MOH AND GRN/Page_KDMC - CMS/select_--Select--No Tax0'

2018-05-28 13:44:59 - [TEST_STEP][PASSED] - setText: Finding Test Object with id 'Object Repository/MOH AND GRN/Page_KDMC - CMS/input_txtmrp'

2018-05-28 13:44:59 - [TEST_STEP][PASSED] - Statement - switch (id): Finding Test Object with id 'Object Repository/MOH AND GRN/Page_KDMC - CMS/input_txtdeal'

2018-05-28 13:44:59 - [TEST_STEP][PASSED] - Statement - case 4:: Text '25.0' is set on object 'Object Repository/MOH AND GRN/Page_KDMC - CMS/input_txtmrp'

2018-05-28 13:44:59 - [TEST_STEP][PASSED] - Statement - return (java.lang.Math.floor((java.lang.Math.random() * ((max - min) + 1))) + min): Text '25.0' is set on object 'Object Repository/MOH AND GRN/Page_KDMC - CMS/input_txtmrp'

2018-05-28 13:44:59 - [MESSAGE][PASSED] - Text '25.0' is set on object 'Object Repository/MOH AND GRN/Page_KDMC - CMS/input_txtmrp'

2018-05-28 13:44:59 - [TEST_STEP][PASSED] - setText: Finding Test Object with id 'Object Repository/MOH AND GRN/Page_KDMC - CMS/input_txtdeal'

2018-05-28 13:44:59 - [TEST_STEP][PASSED] - Statement - switch (id): Finding Test Object with id 'Object Repository/MOH AND GRN/Page_KDMC - CMS/input_txtbatchno'

2018-05-28 13:44:59 - [TEST_STEP][PASSED] - Statement - case 5:: Text '6.0' is set on object 'Object Repository/MOH AND GRN/Page_KDMC - CMS/input_txtdeal'

2018-05-28 13:44:59 - [TEST_STEP][PASSED] - Statement - return (java.lang.Math.floor((java.lang.Math.random() * ((max - min) + 1))) + min): Text '6.0' is set on object 'Object Repository/MOH AND GRN/Page_KDMC - CMS/input_txtdeal'

2018-05-28 13:44:59 - [MESSAGE][PASSED] - Text '6.0' is set on object 'Object Repository/MOH AND GRN/Page_KDMC - CMS/input_txtdeal'

2018-05-28 13:44:59 - [TEST_STEP][PASSED] - setText: Finding Test Object with id 'Object Repository/MOH AND GRN/Page_KDMC - CMS/input_txtbatchno'

2018-05-28 13:44:59 - [TEST_STEP][PASSED] - Statement - switch (id): Finding Test Object with id 'Object Repository/MOH AND GRN/Page_KDMC - CMS/input_txtmrp'

2018-05-28 13:44:59 - [TEST_STEP][PASSED] - Statement - case 1:: Text 'BA423.0' is set on object 'Object Repository/MOH AND GRN/Page_KDMC - CMS/input_txtbatchno'

2018-05-28 13:44:59 - [TEST_STEP][PASSED] - Statement - return (java.lang.Math.floor((java.lang.Math.random() * ((max - min) + 1))) + min): Text 'BA423.0' is set on object 'Object Repository/MOH AND GRN/Page_KDMC - CMS/input_txtbatchno'

2018-05-28 13:44:59 - [MESSAGE][PASSED] - Text 'BA423.0' is set on object 'Object Repository/MOH AND GRN/Page_KDMC - CMS/input_txtbatchno'

2018-05-28 13:44:59 - [TEST_STEP][PASSED] - rightClick: Object: 'Object Repository/GRN/Page_KDMC - CMS/input_txtexpdate' is right clicked on

2018-05-28 13:44:59 - [MESSAGE][PASSED] - Object: 'Object Repository/GRN/Page_KDMC - CMS/input_txtexpdate' is right clicked on

2018-05-28 13:44:59 - [TEST_STEP][PASSED] - selectOptionByIndex: All options with index in [3] are selected on object 'Object Repository/GRN/Page_KDMC - CMS/select_20182019202020212022202'

2018-05-28 13:44:59 - [MESSAGE][PASSED] - All options with index in [3] are selected on object 'Object Repository/GRN/Page_KDMC - CMS/select_20182019202020212022202'

2018-05-28 13:44:59 - [TEST_STEP][PASSED] - selectOptionByIndex: All options with index in [3] are selected on object 'Object Repository/GRN/Page_KDMC - CMS/select_JanFebMarAprMayJunJulAu'

2018-05-28 13:45:00 - [MESSAGE][PASSED] - All options with index in [3] are selected on object 'Object Repository/GRN/Page_KDMC - CMS/select_JanFebMarAprMayJunJulAu'

2018-05-28 13:45:00 - [TEST_STEP][PASSED] - click: Object: 'Object Repository/MOH AND GRN/Page_KDMC - CMS/a_12' is clicked on

2018-05-28 13:45:00 - [MESSAGE][PASSED] - Object: 'Object Repository/MOH AND GRN/Page_KDMC - CMS/a_12' is clicked on

2018-05-28 13:45:00 - [TEST_STEP][PASSED] - click: Object: 'Object Repository/MOH AND GRN/Page_KDMC - CMS/input_btnadd' is clicked on

2018-05-28 13:45:00 - [MESSAGE][PASSED] - Object: 'Object Repository/MOH AND GRN/Page_KDMC - CMS/input_btnadd' is clicked on

2018-05-28 13:45:00 - [TEST_STEP][PASSED] - Statement - If (s == 10): null

2018-05-28 13:45:00 - [TEST_STEP][PASSED] - Statement - Else: null

2018-05-28 13:45:00 - [TEST_STEP][PASSED] - Statement - (s++): null

2018-05-28 13:45:00 - [TEST_STEP][PASSED] - delay: Delayed 1 second(s)

2018-05-28 13:45:01 - [MESSAGE][PASSED] - Delayed 1 second(s)

2018-05-28 13:45:01 - [TEST_STEP][PASSED] - selectOptionByIndex: All options with index in [14] are selected on object 'Object Repository/MOH AND GRN/Page_KDMC - CMS/select_--Select--Amikacin -500'

2018-05-28 13:45:01 - [MESSAGE][PASSED] - All options with index in [14] are selected on object 'Object Repository/MOH AND GRN/Page_KDMC - CMS/select_--Select--Amikacin -500'

2018-05-28 13:45:01 - [TEST_STEP][PASSED] - setText: Text '5000' is set on object 'Object Repository/MOH AND GRN/Page_KDMC - CMS/input_txtqty'

2018-05-28 13:45:01 - [MESSAGE][PASSED] - Text '5000' is set on object 'Object Repository/MOH AND GRN/Page_KDMC - CMS/input_txtqty'

2018-05-28 13:45:01 - [TEST_STEP][PASSED] - selectOptionByIndex: All options with index in [1] are selected on object 'Object Repository/MOH AND GRN/Page_KDMC - CMS/select_--Select--No Tax0'

2018-05-28 13:45:01 - [MESSAGE][PASSED] - All options with index in [1] are selected on object 'Object Repository/MOH AND GRN/Page_KDMC - CMS/select_--Select--No Tax0'

2018-05-28 13:45:01 - [TEST_STEP][PASSED] - setText: Finding Test Object with id 'Object Repository/MOH AND GRN/Page_KDMC - CMS/input_txtmrp'

2018-05-28 13:45:01 - [TEST_STEP][PASSED] - Statement - switch (id): Finding Test Object with id 'Object Repository/MOH AND GRN/Page_KDMC - CMS/input_txtdeal'

2018-05-28 13:45:01 - [TEST_STEP][PASSED] - Statement - case 4:: Text '26.0' is set on object 'Object Repository/MOH AND GRN/Page_KDMC - CMS/input_txtmrp'

2018-05-28 13:45:01 - [TEST_STEP][PASSED] - Statement - return (java.lang.Math.floor((java.lang.Math.random() * ((max - min) + 1))) + min): Text '26.0' is set on object 'Object Repository/MOH AND GRN/Page_KDMC - CMS/input_txtmrp'

2018-05-28 13:45:01 - [MESSAGE][PASSED] - Text '26.0' is set on object 'Object Repository/MOH AND GRN/Page_KDMC - CMS/input_txtmrp'

2018-05-28 13:45:01 - [TEST_STEP][PASSED] - setText: Finding Test Object with id 'Object Repository/MOH AND GRN/Page_KDMC - CMS/input_txtdeal'

2018-05-28 13:45:01 - [TEST_STEP][PASSED] - Statement - switch (id): Finding Test Object with id 'Object Repository/MOH AND GRN/Page_KDMC - CMS/input_txtbatchno'

2018-05-28 13:45:01 - [TEST_STEP][PASSED] - Statement - case 5:: Text '5.0' is set on object 'Object Repository/MOH AND GRN/Page_KDMC - CMS/input_txtdeal'

2018-05-28 13:45:01 - [TEST_STEP][PASSED] - Statement - return (java.lang.Math.floor((java.lang.Math.random() * ((max - min) + 1))) + min): Text '5.0' is set on object 'Object Repository/MOH AND GRN/Page_KDMC - CMS/input_txtdeal'

2018-05-28 13:45:01 - [MESSAGE][PASSED] - Text '5.0' is set on object 'Object Repository/MOH AND GRN/Page_KDMC - CMS/input_txtdeal'

2018-05-28 13:45:01 - [TEST_STEP][PASSED] - setText: Finding Test Object with id 'Object Repository/MOH AND GRN/Page_KDMC - CMS/input_txtbatchno'

2018-05-28 13:45:01 - [TEST_STEP][PASSED] - Statement - switch (id): Finding Test Object with id 'Object Repository/MOH AND GRN/Page_KDMC - CMS/input_txtmrp'

2018-05-28 13:45:01 - [TEST_STEP][PASSED] - Statement - case 1:: Text 'BA273.0' is set on object 'Object Repository/MOH AND GRN/Page_KDMC - CMS/input_txtbatchno'

2018-05-28 13:45:01 - [TEST_STEP][PASSED] - Statement - return (java.lang.Math.floor((java.lang.Math.random() * ((max - min) + 1))) + min): Text 'BA273.0' is set on object 'Object Repository/MOH AND GRN/Page_KDMC - CMS/input_txtbatchno'

2018-05-28 13:45:02 - [MESSAGE][PASSED] - Text 'BA273.0' is set on object 'Object Repository/MOH AND GRN/Page_KDMC - CMS/input_txtbatchno'

2018-05-28 13:45:02 - [TEST_STEP][PASSED] - rightClick: Object: 'Object Repository/GRN/Page_KDMC - CMS/input_txtexpdate' is right clicked on

2018-05-28 13:45:02 - [MESSAGE][PASSED] - Object: 'Object Repository/GRN/Page_KDMC - CMS/input_txtexpdate' is right clicked on

2018-05-28 13:45:02 - [TEST_STEP][PASSED] - selectOptionByIndex: All options with index in [4] are selected on object 'Object Repository/GRN/Page_KDMC - CMS/select_20182019202020212022202'

2018-05-28 13:45:02 - [MESSAGE][PASSED] - All options with index in [4] are selected on object 'Object Repository/GRN/Page_KDMC - CMS/select_20182019202020212022202'

2018-05-28 13:45:02 - [TEST_STEP][PASSED] - selectOptionByIndex: All options with index in [4] are selected on object 'Object Repository/GRN/Page_KDMC - CMS/select_JanFebMarAprMayJunJulAu'

2018-05-28 13:45:02 - [MESSAGE][PASSED] - All options with index in [4] are selected on object 'Object Repository/GRN/Page_KDMC - CMS/select_JanFebMarAprMayJunJulAu'

2018-05-28 13:45:02 - [TEST_STEP][PASSED] - click: Object: 'Object Repository/MOH AND GRN/Page_KDMC - CMS/a_12' is clicked on

2018-05-28 13:45:02 - [MESSAGE][PASSED] - Object: 'Object Repository/MOH AND GRN/Page_KDMC - CMS/a_12' is clicked on

2018-05-28 13:45:02 - [TEST_STEP][PASSED] - click: Object: 'Object Repository/MOH AND GRN/Page_KDMC - CMS/input_btnadd' is clicked on

2018-05-28 13:45:02 - [MESSAGE][PASSED] - Object: 'Object Repository/MOH AND GRN/Page_KDMC - CMS/input_btnadd' is clicked on

2018-05-28 13:45:02 - [TEST_STEP][PASSED] - Statement - If (s == 10): null

2018-05-28 13:45:02 - [TEST_STEP][PASSED] - Statement - Else: null

2018-05-28 13:45:02 - [TEST_STEP][PASSED] - Statement - (s++): null

2018-05-28 13:45:02 - [TEST_STEP][PASSED] - delay: Delayed 1 second(s)

2018-05-28 13:45:03 - [MESSAGE][PASSED] - Delayed 1 second(s)

2018-05-28 13:45:03 - [TEST_STEP][PASSED] - selectOptionByIndex: All options with index in [15] are selected on object 'Object Repository/MOH AND GRN/Page_KDMC - CMS/select_--Select--Amikacin -500'

2018-05-28 13:45:03 - [MESSAGE][PASSED] - All options with index in [15] are selected on object 'Object Repository/MOH AND GRN/Page_KDMC - CMS/select_--Select--Amikacin -500'

2018-05-28 13:45:03 - [TEST_STEP][PASSED] - setText: Text '5000' is set on object 'Object Repository/MOH AND GRN/Page_KDMC - CMS/input_txtqty'

2018-05-28 13:45:04 - [MESSAGE][PASSED] - Text '5000' is set on object 'Object Repository/MOH AND GRN/Page_KDMC - CMS/input_txtqty'

2018-05-28 13:45:04 - [TEST_STEP][PASSED] - selectOptionByIndex: All options with index in [1] are selected on object 'Object Repository/MOH AND GRN/Page_KDMC - CMS/select_--Select--No Tax0'

2018-05-28 13:45:04 - [MESSAGE][PASSED] - All options with index in [1] are selected on object 'Object Repository/MOH AND GRN/Page_KDMC - CMS/select_--Select--No Tax0'

2018-05-28 13:45:04 - [TEST_STEP][PASSED] - setText: Finding Test Object with id 'Object Repository/MOH AND GRN/Page_KDMC - CMS/input_txtmrp'

2018-05-28 13:45:04 - [TEST_STEP][PASSED] - Statement - switch (id): Finding Test Object with id 'Object Repository/MOH AND GRN/Page_KDMC - CMS/input_txtdeal'

2018-05-28 13:45:04 - [TEST_STEP][PASSED] - Statement - case 4:: Text '29.0' is set on object 'Object Repository/MOH AND GRN/Page_KDMC - CMS/input_txtmrp'

2018-05-28 13:45:04 - [TEST_STEP][PASSED] - Statement - return (java.lang.Math.floor((java.lang.Math.random() * ((max - min) + 1))) + min): Text '29.0' is set on object 'Object Repository/MOH AND GRN/Page_KDMC - CMS/input_txtmrp'

2018-05-28 13:45:04 - [MESSAGE][PASSED] - Text '29.0' is set on object 'Object Repository/MOH AND GRN/Page_KDMC - CMS/input_txtmrp'

2018-05-28 13:45:04 - [TEST_STEP][PASSED] - setText: Finding Test Object with id 'Object Repository/MOH AND GRN/Page_KDMC - CMS/input_txtdeal'

2018-05-28 13:45:04 - [TEST_STEP][PASSED] - Statement - switch (id): Finding Test Object with id 'Object Repository/MOH AND GRN/Page_KDMC - CMS/input_txtbatchno'

2018-05-28 13:45:04 - [TEST_STEP][PASSED] - Statement - case 5:: Text '3.0' is set on object 'Object Repository/MOH AND GRN/Page_KDMC - CMS/input_txtdeal'

2018-05-28 13:45:04 - [TEST_STEP][PASSED] - Statement - return (java.lang.Math.floor((java.lang.Math.random() * ((max - min) + 1))) + min): Text '3.0' is set on object 'Object Repository/MOH AND GRN/Page_KDMC - CMS/input_txtdeal'

2018-05-28 13:45:04 - [MESSAGE][PASSED] - Text '3.0' is set on object 'Object Repository/MOH AND GRN/Page_KDMC - CMS/input_txtdeal'

2018-05-28 13:45:04 - [TEST_STEP][PASSED] - setText: Finding Test Object with id 'Object Repository/MOH AND GRN/Page_KDMC - CMS/input_txtbatchno'

2018-05-28 13:45:04 - [TEST_STEP][PASSED] - Statement - switch (id): Finding Test Object with id 'Object Repository/MOH AND GRN/Page_KDMC - CMS/input_txtmrp'

2018-05-28 13:45:04 - [TEST_STEP][PASSED] - Statement - case 1:: Text 'BA688.0' is set on object 'Object Repository/MOH AND GRN/Page_KDMC - CMS/input_txtbatchno'

2018-05-28 13:45:04 - [TEST_STEP][PASSED] - Statement - return (java.lang.Math.floor((java.lang.Math.random() * ((max - min) + 1))) + min): Text 'BA688.0' is set on object 'Object Repository/MOH AND GRN/Page_KDMC - CMS/input_txtbatchno'

2018-05-28 13:45:04 - [MESSAGE][PASSED] - Text 'BA688.0' is set on object 'Object Repository/MOH AND GRN/Page_KDMC - CMS/input_txtbatchno'

2018-05-28 13:45:04 - [TEST_STEP][PASSED] - rightClick: Object: 'Object Repository/GRN/Page_KDMC - CMS/input_txtexpdate' is right clicked on

2018-05-28 13:45:04 - [MESSAGE][PASSED] - Object: 'Object Repository/GRN/Page_KDMC - CMS/input_txtexpdate' is right clicked on

2018-05-28 13:45:04 - [TEST_STEP][PASSED] - selectOptionByIndex: All options with index in [5] are selected on object 'Object Repository/GRN/Page_KDMC - CMS/select_20182019202020212022202'

2018-05-28 13:45:04 - [MESSAGE][PASSED] - All options with index in [5] are selected on object 'Object Repository/GRN/Page_KDMC - CMS/select_20182019202020212022202'

2018-05-28 13:45:04 - [TEST_STEP][PASSED] - selectOptionByIndex: All options with index in [5] are selected on object 'Object Repository/GRN/Page_KDMC - CMS/select_JanFebMarAprMayJunJulAu'

2018-05-28 13:45:04 - [MESSAGE][PASSED] - All options with index in [5] are selected on object 'Object Repository/GRN/Page_KDMC - CMS/select_JanFebMarAprMayJunJulAu'

2018-05-28 13:45:04 - [TEST_STEP][PASSED] - click: Object: 'Object Repository/MOH AND GRN/Page_KDMC - CMS/a_12' is clicked on

2018-05-28 13:45:05 - [MESSAGE][PASSED] - Object: 'Object Repository/MOH AND GRN/Page_KDMC - CMS/a_12' is clicked on

2018-05-28 13:45:05 - [TEST_STEP][PASSED] - click: Object: 'Object Repository/MOH AND GRN/Page_KDMC - CMS/input_btnadd' is clicked on

2018-05-28 13:45:05 - [MESSAGE][PASSED] - Object: 'Object Repository/MOH AND GRN/Page_KDMC - CMS/input_btnadd' is clicked on

2018-05-28 13:45:05 - [TEST_STEP][PASSED] - Statement - If (s == 10): null

2018-05-28 13:45:05 - [TEST_STEP][PASSED] - Statement - Else: null

2018-05-28 13:45:05 - [TEST_STEP][PASSED] - Statement - (s++): null

2018-05-28 13:45:05 - [TEST_STEP][PASSED] - delay: Delayed 1 second(s)

2018-05-28 13:45:06 - [MESSAGE][PASSED] - Delayed 1 second(s)

2018-05-28 13:45:06 - [TEST_STEP][PASSED] - selectOptionByIndex: All options with index in [16] are selected on object 'Object Repository/MOH AND GRN/Page_KDMC - CMS/select_--Select--Amikacin -500'

2018-05-28 13:45:06 - [MESSAGE][PASSED] - All options with index in [16] are selected on object 'Object Repository/MOH AND GRN/Page_KDMC - CMS/select_--Select--Amikacin -500'

2018-05-28 13:45:06 - [TEST_STEP][PASSED] - setText: Text '5000' is set on object 'Object Repository/MOH AND GRN/Page_KDMC - CMS/input_txtqty'

2018-05-28 13:45:06 - [MESSAGE][PASSED] - Text '5000' is set on object 'Object Repository/MOH AND GRN/Page_KDMC - CMS/input_txtqty'

2018-05-28 13:45:06 - [TEST_STEP][PASSED] - selectOptionByIndex: All options with index in [1] are selected on object 'Object Repository/MOH AND GRN/Page_KDMC - CMS/select_--Select--No Tax0'

2018-05-28 13:45:06 - [MESSAGE][PASSED] - All options with index in [1] are selected on object 'Object Repository/MOH AND GRN/Page_KDMC - CMS/select_--Select--No Tax0'

2018-05-28 13:45:06 - [TEST_STEP][PASSED] - setText: Finding Test Object with id 'Object Repository/MOH AND GRN/Page_KDMC - CMS/input_txtmrp'

2018-05-28 13:45:06 - [TEST_STEP][PASSED] - Statement - switch (id): Finding Test Object with id 'Object Repository/MOH AND GRN/Page_KDMC - CMS/input_txtdeal'

2018-05-28 13:45:06 - [TEST_STEP][PASSED] - Statement - case 4:: Text '31.0' is set on object 'Object Repository/MOH AND GRN/Page_KDMC - CMS/input_txtmrp'

2018-05-28 13:45:06 - [TEST_STEP][PASSED] - Statement - return (java.lang.Math.floor((java.lang.Math.random() * ((max - min) + 1))) + min): Text '31.0' is set on object 'Object Repository/MOH AND GRN/Page_KDMC - CMS/input_txtmrp'

2018-05-28 13:45:06 - [MESSAGE][PASSED] - Text '31.0' is set on object 'Object Repository/MOH AND GRN/Page_KDMC - CMS/input_txtmrp'

2018-05-28 13:45:06 - [TEST_STEP][PASSED] - setText: Finding Test Object with id 'Object Repository/MOH AND GRN/Page_KDMC - CMS/input_txtdeal'

2018-05-28 13:45:06 - [TEST_STEP][PASSED] - Statement - switch (id): Finding Test Object with id 'Object Repository/MOH AND GRN/Page_KDMC - CMS/input_txtbatchno'

2018-05-28 13:45:06 - [TEST_STEP][PASSED] - Statement - case 5:: Text '10.0' is set on object 'Object Repository/MOH AND GRN/Page_KDMC - CMS/input_txtdeal'

2018-05-28 13:45:06 - [TEST_STEP][PASSED] - Statement - return (java.lang.Math.floor((java.lang.Math.random() * ((max - min) + 1))) + min): Text '10.0' is set on object 'Object Repository/MOH AND GRN/Page_KDMC - CMS/input_txtdeal'

2018-05-28 13:45:06 - [MESSAGE][PASSED] - Text '10.0' is set on object 'Object Repository/MOH AND GRN/Page_KDMC - CMS/input_txtdeal'

2018-05-28 13:45:06 - [TEST_STEP][PASSED] - setText: Finding Test Object with id 'Object Repository/MOH AND GRN/Page_KDMC - CMS/input_txtbatchno'

2018-05-28 13:45:06 - [TEST_STEP][PASSED] - Statement - switch (id): Finding Test Object with id 'Object Repository/MOH AND GRN/Page_KDMC - CMS/input_txtmrp'

2018-05-28 13:45:06 - [TEST_STEP][PASSED] - Statement - case 1:: Text 'BA643.0' is set on object 'Object Repository/MOH AND GRN/Page_KDMC - CMS/input_txtbatchno'

2018-05-28 13:45:06 - [TEST_STEP][PASSED] - Statement - return (java.lang.Math.floor((java.lang.Math.random() * ((max - min) + 1))) + min): Text 'BA643.0' is set on object 'Object Repository/MOH AND GRN/Page_KDMC - CMS/input_txtbatchno'

2018-05-28 13:45:06 - [MESSAGE][PASSED] - Text 'BA643.0' is set on object 'Object Repository/MOH AND GRN/Page_KDMC - CMS/input_txtbatchno'

2018-05-28 13:45:06 - [TEST_STEP][PASSED] - rightClick: Object: 'Object Repository/GRN/Page_KDMC - CMS/input_txtexpdate' is right clicked on

2018-05-28 13:45:06 - [MESSAGE][PASSED] - Object: 'Object Repository/GRN/Page_KDMC - CMS/input_txtexpdate' is right clicked on

2018-05-28 13:45:06 - [TEST_STEP][PASSED] - selectOptionByIndex: All options with index in [6] are selected on object 'Object Repository/GRN/Page_KDMC - CMS/select_20182019202020212022202'

2018-05-28 13:45:07 - [MESSAGE][PASSED] - All options with index in [6] are selected on object 'Object Repository/GRN/Page_KDMC - CMS/select_20182019202020212022202'

2018-05-28 13:45:07 - [TEST_STEP][PASSED] - selectOptionByIndex: All options with index in [6] are selected on object 'Object Repository/GRN/Page_KDMC - CMS/select_JanFebMarAprMayJunJulAu'

2018-05-28 13:45:07 - [MESSAGE][PASSED] - All options with index in [6] are selected on object 'Object Repository/GRN/Page_KDMC - CMS/select_JanFebMarAprMayJunJulAu'

2018-05-28 13:45:07 - [TEST_STEP][PASSED] - click: Object: 'Object Repository/MOH AND GRN/Page_KDMC - CMS/a_12' is clicked on

2018-05-28 13:45:07 - [MESSAGE][PASSED] - Object: 'Object Repository/MOH AND GRN/Page_KDMC - CMS/a_12' is clicked on

2018-05-28 13:45:07 - [TEST_STEP][PASSED] - click: Object: 'Object Repository/MOH AND GRN/Page_KDMC - CMS/input_btnadd' is clicked on

2018-05-28 13:45:07 - [MESSAGE][PASSED] - Object: 'Object Repository/MOH AND GRN/Page_KDMC - CMS/input_btnadd' is clicked on

2018-05-28 13:45:07 - [TEST_STEP][PASSED] - Statement - If (s == 10): null

2018-05-28 13:45:07 - [TEST_STEP][PASSED] - Statement - Else: null

2018-05-28 13:45:07 - [TEST_STEP][PASSED] - Statement - (s++): null

2018-05-28 13:45:07 - [TEST_STEP][PASSED] - delay: Delayed 1 second(s)

2018-05-28 13:45:08 - [MESSAGE][PASSED] - Delayed 1 second(s)

2018-05-28 13:45:08 - [TEST_STEP][PASSED] - selectOptionByIndex: All options with index in [17] are selected on object 'Object Repository/MOH AND GRN/Page_KDMC - CMS/select_--Select--Amikacin -500'

2018-05-28 13:45:09 - [MESSAGE][PASSED] - All options with index in [17] are selected on object 'Object Repository/MOH AND GRN/Page_KDMC - CMS/select_--Select--Amikacin -500'

2018-05-28 13:45:09 - [TEST_STEP][PASSED] - setText: Text '5000' is set on object 'Object Repository/MOH AND GRN/Page_KDMC - CMS/input_txtqty'

2018-05-28 13:45:09 - [MESSAGE][PASSED] - Text '5000' is set on object 'Object Repository/MOH AND GRN/Page_KDMC - CMS/input_txtqty'

2018-05-28 13:45:09 - [TEST_STEP][PASSED] - selectOptionByIndex: All options with index in [1] are selected on object 'Object Repository/MOH AND GRN/Page_KDMC - CMS/select_--Select--No Tax0'

2018-05-28 13:45:09 - [MESSAGE][PASSED] - All options with index in [1] are selected on object 'Object Repository/MOH AND GRN/Page_KDMC - CMS/select_--Select--No Tax0'

2018-05-28 13:45:09 - [TEST_STEP][PASSED] - setText: Finding Test Object with id 'Object Repository/MOH AND GRN/Page_KDMC - CMS/input_txtmrp'

2018-05-28 13:45:09 - [TEST_STEP][PASSED] - Statement - switch (id): Finding Test Object with id 'Object Repository/MOH AND GRN/Page_KDMC - CMS/input_txtdeal'

2018-05-28 13:45:09 - [TEST_STEP][PASSED] - Statement - case 4:: Text '29.0' is set on object 'Object Repository/MOH AND GRN/Page_KDMC - CMS/input_txtmrp'

2018-05-28 13:45:09 - [TEST_STEP][PASSED] - Statement - return (java.lang.Math.floor((java.lang.Math.random() * ((max - min) + 1))) + min): Text '29.0' is set on object 'Object Repository/MOH AND GRN/Page_KDMC - CMS/input_txtmrp'

2018-05-28 13:45:09 - [MESSAGE][PASSED] - Text '29.0' is set on object 'Object Repository/MOH AND GRN/Page_KDMC - CMS/input_txtmrp'

2018-05-28 13:45:09 - [TEST_STEP][PASSED] - setText: Finding Test Object with id 'Object Repository/MOH AND GRN/Page_KDMC - CMS/input_txtdeal'

2018-05-28 13:45:09 - [TEST_STEP][PASSED] - Statement - switch (id): Finding Test Object with id 'Object Repository/MOH AND GRN/Page_KDMC - CMS/input_txtbatchno'

2018-05-28 13:45:09 - [TEST_STEP][PASSED] - Statement - case 5:: Text '6.0' is set on object 'Object Repository/MOH AND GRN/Page_KDMC - CMS/input_txtdeal'

2018-05-28 13:45:09 - [TEST_STEP][PASSED] - Statement - return (java.lang.Math.floor((java.lang.Math.random() * ((max - min) + 1))) + min): Text '6.0' is set on object 'Object Repository/MOH AND GRN/Page_KDMC - CMS/input_txtdeal'

2018-05-28 13:45:09 - [MESSAGE][PASSED] - Text '6.0' is set on object 'Object Repository/MOH AND GRN/Page_KDMC - CMS/input_txtdeal'

2018-05-28 13:45:09 - [TEST_STEP][PASSED] - setText: Finding Test Object with id 'Object Repository/MOH AND GRN/Page_KDMC - CMS/input_txtbatchno'

2018-05-28 13:45:09 - [TEST_STEP][PASSED] - Statement - switch (id): Finding Test Object with id 'Object Repository/MOH AND GRN/Page_KDMC - CMS/input_txtmrp'

2018-05-28 13:45:09 - [TEST_STEP][PASSED] - Statement - case 1:: Text 'BA144.0' is set on object 'Object Repository/MOH AND GRN/Page_KDMC - CMS/input_txtbatchno'

2018-05-28 13:45:09 - [TEST_STEP][PASSED] - Statement - return (java.lang.Math.floor((java.lang.Math.random() * ((max - min) + 1))) + min): Text 'BA144.0' is set on object 'Object Repository/MOH AND GRN/Page_KDMC - CMS/input_txtbatchno'

2018-05-28 13:45:09 - [MESSAGE][PASSED] - Text 'BA144.0' is set on object 'Object Repository/MOH AND GRN/Page_KDMC - CMS/input_txtbatchno'

2018-05-28 13:45:09 - [TEST_STEP][PASSED] - rightClick: Object: 'Object Repository/GRN/Page_KDMC - CMS/input_txtexpdate' is right clicked on

2018-05-28 13:45:09 - [MESSAGE][PASSED] - Object: 'Object Repository/GRN/Page_KDMC - CMS/input_txtexpdate' is right clicked on

2018-05-28 13:45:09 - [TEST_STEP][PASSED] - selectOptionByIndex: All options with index in [7] are selected on object 'Object Repository/GRN/Page_KDMC - CMS/select_20182019202020212022202'

2018-05-28 13:45:09 - [MESSAGE][PASSED] - All options with index in [7] are selected on object 'Object Repository/GRN/Page_KDMC - CMS/select_20182019202020212022202'

2018-05-28 13:45:09 - [TEST_STEP][PASSED] - selectOptionByIndex: All options with index in [7] are selected on object 'Object Repository/GRN/Page_KDMC - CMS/select_JanFebMarAprMayJunJulAu'

2018-05-28 13:45:10 - [MESSAGE][PASSED] - All options with index in [7] are selected on object 'Object Repository/GRN/Page_KDMC - CMS/select_JanFebMarAprMayJunJulAu'

2018-05-28 13:45:10 - [TEST_STEP][PASSED] - click: Object: 'Object Repository/MOH AND GRN/Page_KDMC - CMS/a_12' is clicked on

2018-05-28 13:45:10 - [MESSAGE][PASSED] - Object: 'Object Repository/MOH AND GRN/Page_KDMC - CMS/a_12' is clicked on

2018-05-28 13:45:10 - [TEST_STEP][PASSED] - click: Object: 'Object Repository/MOH AND GRN/Page_KDMC - CMS/input_btnadd' is clicked on

2018-05-28 13:45:10 - [MESSAGE][PASSED] - Object: 'Object Repository/MOH AND GRN/Page_KDMC - CMS/input_btnadd' is clicked on

2018-05-28 13:45:10 - [TEST_STEP][PASSED] - Statement - If (s == 10): null

2018-05-28 13:45:10 - [TEST_STEP][PASSED] - Statement - Else: null

2018-05-28 13:45:10 - [TEST_STEP][PASSED] - Statement - (s++): null

2018-05-28 13:45:10 - [TEST_STEP][PASSED] - delay: Delayed 1 second(s)

2018-05-28 13:45:11 - [MESSAGE][PASSED] - Delayed 1 second(s)

2018-05-28 13:45:11 - [TEST_STEP][PASSED] - selectOptionByIndex: All options with index in [18] are selected on object 'Object Repository/MOH AND GRN/Page_KDMC - CMS/select_--Select--Amikacin -500'

2018-05-28 13:45:11 - [MESSAGE][PASSED] - All options with index in [18] are selected on object 'Object Repository/MOH AND GRN/Page_KDMC - CMS/select_--Select--Amikacin -500'

2018-05-28 13:45:11 - [TEST_STEP][PASSED] - setText: Text '5000' is set on object 'Object Repository/MOH AND GRN/Page_KDMC - CMS/input_txtqty'

2018-05-28 13:45:11 - [MESSAGE][PASSED] - Text '5000' is set on object 'Object Repository/MOH AND GRN/Page_KDMC - CMS/input_txtqty'

2018-05-28 13:45:11 - [TEST_STEP][PASSED] - selectOptionByIndex: All options with index in [1] are selected on object 'Object Repository/MOH AND GRN/Page_KDMC - CMS/select_--Select--No Tax0'

2018-05-28 13:45:11 - [MESSAGE][PASSED] - All options with index in [1] are selected on object 'Object Repository/MOH AND GRN/Page_KDMC - CMS/select_--Select--No Tax0'

2018-05-28 13:45:11 - [TEST_STEP][PASSED] - setText: Finding Test Object with id 'Object Repository/MOH AND GRN/Page_KDMC - CMS/input_txtmrp'

2018-05-28 13:45:11 - [TEST_STEP][PASSED] - Statement - switch (id): Finding Test Object with id 'Object Repository/MOH AND GRN/Page_KDMC - CMS/input_txtdeal'

2018-05-28 13:45:11 - [TEST_STEP][PASSED] - Statement - case 4:: Text '27.0' is set on object 'Object Repository/MOH AND GRN/Page_KDMC - CMS/input_txtmrp'

2018-05-28 13:45:11 - [TEST_STEP][PASSED] - Statement - return (java.lang.Math.floor((java.lang.Math.random() * ((max - min) + 1))) + min): Text '27.0' is set on object 'Object Repository/MOH AND GRN/Page_KDMC - CMS/input_txtmrp'

2018-05-28 13:45:11 - [MESSAGE][PASSED] - Text '27.0' is set on object 'Object Repository/MOH AND GRN/Page_KDMC - CMS/input_txtmrp'

2018-05-28 13:45:11 - [TEST_STEP][PASSED] - setText: Finding Test Object with id 'Object Repository/MOH AND GRN/Page_KDMC - CMS/input_txtdeal'

2018-05-28 13:45:11 - [TEST_STEP][PASSED] - Statement - switch (id): Finding Test Object with id 'Object Repository/MOH AND GRN/Page_KDMC - CMS/input_txtbatchno'

2018-05-28 13:45:11 - [TEST_STEP][PASSED] - Statement - case 5:: Text '8.0' is set on object 'Object Repository/MOH AND GRN/Page_KDMC - CMS/input_txtdeal'

2018-05-28 13:45:11 - [TEST_STEP][PASSED] - Statement - return (java.lang.Math.floor((java.lang.Math.random() * ((max - min) + 1))) + min): Text '8.0' is set on object 'Object Repository/MOH AND GRN/Page_KDMC - CMS/input_txtdeal'

2018-05-28 13:45:12 - [MESSAGE][PASSED] - Text '8.0' is set on object 'Object Repository/MOH AND GRN/Page_KDMC - CMS/input_txtdeal'

2018-05-28 13:45:12 - [TEST_STEP][PASSED] - setText: Finding Test Object with id 'Object Repository/MOH AND GRN/Page_KDMC - CMS/input_txtbatchno'

2018-05-28 13:45:12 - [TEST_STEP][PASSED] - Statement - switch (id): Delayed 1 second(s)

2018-05-28 13:45:12 - [TEST_STEP][PASSED] - Statement - case 1:: Text 'BA726.0' is set on object 'Object Repository/MOH AND GRN/Page_KDMC - CMS/input_txtbatchno'

2018-05-28 13:45:12 - [TEST_STEP][PASSED] - Statement - return (java.lang.Math.floor((java.lang.Math.random() * ((max - min) + 1))) + min): Text 'BA726.0' is set on object 'Object Repository/MOH AND GRN/Page_KDMC - CMS/input_txtbatchno'

2018-05-28 13:45:12 - [MESSAGE][PASSED] - Text 'BA726.0' is set on object 'Object Repository/MOH AND GRN/Page_KDMC - CMS/input_txtbatchno'

2018-05-28 13:45:12 - [TEST_STEP][PASSED] - rightClick: Object: 'Object Repository/GRN/Page_KDMC - CMS/input_txtexpdate' is right clicked on

2018-05-28 13:45:12 - [MESSAGE][PASSED] - Object: 'Object Repository/GRN/Page_KDMC - CMS/input_txtexpdate' is right clicked on

2018-05-28 13:45:12 - [TEST_STEP][PASSED] - selectOptionByIndex: All options with index in [8] are selected on object 'Object Repository/GRN/Page_KDMC - CMS/select_20182019202020212022202'

2018-05-28 13:45:12 - [MESSAGE][PASSED] - All options with index in [8] are selected on object 'Object Repository/GRN/Page_KDMC - CMS/select_20182019202020212022202'

2018-05-28 13:45:12 - [TEST_STEP][PASSED] - selectOptionByIndex: All options with index in [8] are selected on object 'Object Repository/GRN/Page_KDMC - CMS/select_JanFebMarAprMayJunJulAu'

2018-05-28 13:45:12 - [MESSAGE][PASSED] - All options with index in [8] are selected on object 'Object Repository/GRN/Page_KDMC - CMS/select_JanFebMarAprMayJunJulAu'

2018-05-28 13:45:12 - [TEST_STEP][PASSED] - click: Object: 'Object Repository/MOH AND GRN/Page_KDMC - CMS/a_12' is clicked on

2018-05-28 13:45:12 - [MESSAGE][PASSED] - Object: 'Object Repository/MOH AND GRN/Page_KDMC - CMS/a_12' is clicked on

2018-05-28 13:45:12 - [TEST_STEP][PASSED] - click: Object: 'Object Repository/MOH AND GRN/Page_KDMC - CMS/input_btnadd' is clicked on

2018-05-28 13:45:12 - [MESSAGE][PASSED] - Object: 'Object Repository/MOH AND GRN/Page_KDMC - CMS/input_btnadd' is clicked on

2018-05-28 13:45:12 - [TEST_STEP][PASSED] - Statement - If (s == 10): null

2018-05-28 13:45:12 - [TEST_STEP][PASSED] - Statement - Else: null

2018-05-28 13:45:12 - [TEST_STEP][PASSED] - Statement - (s++): null

2018-05-28 13:45:12 - [TEST_STEP][PASSED] - delay: Delayed 1 second(s)

2018-05-28 13:45:13 - [MESSAGE][PASSED] - Delayed 1 second(s)

2018-05-28 13:45:13 - [TEST_STEP][PASSED] - scrollToElement: Scroll to object 'Object Repository/MOH AND GRN/Page_KDMC - CMS/input_btnSubmit' successfully

2018-05-28 13:45:13 - [MESSAGE][PASSED] - Scroll to object 'Object Repository/MOH AND GRN/Page_KDMC - CMS/input_btnSubmit' successfully

2018-05-28 13:45:13 - [TEST_STEP][PASSED] - click: Object: 'Object Repository/MOH AND GRN/Page_KDMC - CMS/input_btnSubmit' is clicked on

2018-05-28 13:45:14 - [MESSAGE][PASSED] - Object: 'Object Repository/MOH AND GRN/Page_KDMC - CMS/input_btnSubmit' is clicked on

2018-05-28 13:45:14 - [TEST_STEP][PASSED] - delay: Delayed 3 second(s)

2018-05-28 13:45:17 - [MESSAGE][PASSED] - Delayed 3 second(s)

2018-05-28 13:45:17 - [TEST_STEP][PASSED] - click: Object: 'Object Repository/MOH AND GRN/Page_KDMC - CMS/button_OK' is clicked on

2018-05-28 13:45:17 - [MESSAGE][PASSED] - Object: 'Object Repository/MOH AND GRN/Page_KDMC - CMS/button_OK' is clicked on

2018-05-28 13:45:17 - [TEST_STEP][PASSED] - delay: Delayed 2 second(s)

2018-05-28 13:45:19 - [MESSAGE][PASSED] - Delayed 2 second(s)

2018-05-28 13:45:19 - [TEST_STEP][PASSED] - delay: Delayed 3 second(s)

2018-05-28 13:45:22 - [MESSAGE][PASSED] - Delayed 3 second(s)

2018-05-28 13:45:22 - [TEST_STEP][PASSED] - click: Object: 'Object Repository/MOH AND GRN/Page_KDMC - CMS/a_dropdown-toggle' is clicked on

2018-05-28 13:45:22 - [MESSAGE][PASSED] - Object: 'Object Repository/MOH AND GRN/Page_KDMC - CMS/a_dropdown-toggle' is clicked on

2018-05-28 13:45:22 - [TEST_STEP][PASSED] - click: Object: 'Object Repository/MOH AND GRN/Page_KDMC - CMS/a_Sign out' is clicked on

2018-05-28 13:45:23 - [MESSAGE][PASSED] - Object: 'Object Repository/MOH AND GRN/Page_KDMC - CMS/a_Sign out' is clicked on

2018-05-28 13:45:23 - [TEST_STEP][PASSED] - closeBrowser: Browser is closed

2018-05-28 13:45:23 - [MESSAGE][PASSED] - Browser is closed]]></system-out>
         <system-err><![CDATA[]]></system-err>
      </testcase>
      <testcase name="Test Cases/TEST/MOH REQUEST AND GRN/Moh Request GRN  Schedule 11" classname="Test Cases/TEST/MOH REQUEST AND GRN/Moh Request GRN  Schedule 11" status="FAILED">
         <failure type="FAILED" message="Unable to click on object 'Object Repository/MOH AND GRN/Page_KDMC - CMS/a_dropdown-toggle' (Root cause: com.kms.katalon.core.webui.exception.WebElementNotFoundException: Web element with id: 'Object Repository/MOH AND GRN/Page_KDMC - CMS/a_dropdown-toggle' located by 'By.xpath: /html[1]/body[@class=&quot;skin-blue  pace-done&quot;]/header[@class=&quot;header&quot;]/div[@class=&quot;row&quot;]/div[@class=&quot;col-md-12&quot;]/nav[@class=&quot;navbar navbar-static-top&quot;]/div[@class=&quot;navbar-right&quot;]/ul[@class=&quot;nav navbar-nav&quot;]/li[@class=&quot;dropdown user user-menu&quot;]/a[@class=&quot;dropdown-toggle&quot;][count(. | //*[@class = 'dropdown-toggle' and @data-toggle = 'dropdown']) = count(//*[@class = 'dropdown-toggle' and @data-toggle = 'dropdown'])]' not found)"/>
         <system-out><![CDATA[2018-05-28 13:45:23 - [TEST_CASE][FAILED] - Test Cases/TEST/MOH REQUEST AND GRN/Moh Request GRN  Schedule 11: Test Cases/TEST/MOH REQUEST AND GRN/Moh Request GRN  Schedule 11 FAILED because (of) Unable to click on object 'Object Repository/MOH AND GRN/Page_KDMC - CMS/a_dropdown-toggle' (Root cause: com.kms.katalon.core.webui.exception.WebElementNotFoundException: Web element with id: 'Object Repository/MOH AND GRN/Page_KDMC - CMS/a_dropdown-toggle' located by 'By.xpath: /html[1]/body[@class="skin-blue  pace-done"]/header[@class="header"]/div[@class="row"]/div[@class="col-md-12"]/nav[@class="navbar navbar-static-top"]/div[@class="navbar-right"]/ul[@class="nav navbar-nav"]/li[@class="dropdown user user-menu"]/a[@class="dropdown-toggle"][count(. | //*[@class = 'dropdown-toggle' and @data-toggle = 'dropdown']) = count(//*[@class = 'dropdown-toggle' and @data-toggle = 'dropdown'])]' not found)

2018-05-28 13:45:24 - [TEST_STEP][PASSED] - openBrowser: Browser is opened with url: ''

2018-05-28 13:45:26 - [MESSAGE][PASSED] - Browser is opened with url: ''

2018-05-28 13:45:26 - [TEST_STEP][PASSED] - navigateToUrl: Navigate to 'http://192.168.137.1/multihospital_new/' successfully

2018-05-28 13:45:27 - [MESSAGE][PASSED] - Navigate to 'http://192.168.137.1/multihospital_new/' successfully

2018-05-28 13:45:27 - [TEST_STEP][PASSED] - maximizeWindow: Current window maximized

2018-05-28 13:45:28 - [MESSAGE][PASSED] - Current window maximized

2018-05-28 13:45:28 - [TEST_STEP][PASSED] - click: Object: 'Object Repository/MOH AND GRN/Page_KDMC/a_CMS' is clicked on

2018-05-28 13:45:29 - [MESSAGE][PASSED] - Object: 'Object Repository/MOH AND GRN/Page_KDMC/a_CMS' is clicked on

2018-05-28 13:45:29 - [TEST_STEP][PASSED] - setText: Text 'bala' is set on object 'Object Repository/MOH AND GRN/Page_CMS login/input_txtusername'

2018-05-28 13:45:29 - [MESSAGE][PASSED] - Text 'bala' is set on object 'Object Repository/MOH AND GRN/Page_CMS login/input_txtusername'

2018-05-28 13:45:29 - [TEST_STEP][PASSED] - setText: Text '123' is set on object 'Object Repository/MOH AND GRN/Page_CMS login/input_txtpassword'

2018-05-28 13:45:29 - [MESSAGE][PASSED] - Text '123' is set on object 'Object Repository/MOH AND GRN/Page_CMS login/input_txtpassword'

2018-05-28 13:45:29 - [TEST_STEP][PASSED] - delay: Delayed 3 second(s)

2018-05-28 13:45:32 - [MESSAGE][PASSED] - Delayed 3 second(s)

2018-05-28 13:45:32 - [TEST_STEP][PASSED] - click: Object: 'Object Repository/MOH AND GRN/Page_CMS login/button_Sign in' is clicked on

2018-05-28 13:45:33 - [MESSAGE][PASSED] - Object: 'Object Repository/MOH AND GRN/Page_CMS login/button_Sign in' is clicked on

2018-05-28 13:45:33 - [TEST_STEP][PASSED] - click: Object: 'Object Repository/MOH AND GRN/Page_KDMC - CMS/a_Request to MOH' is clicked on

2018-05-28 13:45:34 - [MESSAGE][PASSED] - Object: 'Object Repository/MOH AND GRN/Page_KDMC - CMS/a_Request to MOH' is clicked on

2018-05-28 13:45:34 - [TEST_STEP][PASSED] - selectOptionByIndex: All options with index in [2] are selected on object 'Object Repository/MOH AND GRN/Page_KDMC - CMS/select_--Select--'

2018-05-28 13:45:34 - [MESSAGE][PASSED] - All options with index in [2] are selected on object 'Object Repository/MOH AND GRN/Page_KDMC - CMS/select_--Select--'

2018-05-28 13:45:34 - [TEST_STEP][PASSED] - selectOptionByIndex: All options with index in [11] are selected on object 'Object Repository/MOH AND GRN/Page_KDMC - CMS/select_--Select--Schedule 1Inj'

2018-05-28 13:45:34 - [MESSAGE][PASSED] - All options with index in [11] are selected on object 'Object Repository/MOH AND GRN/Page_KDMC - CMS/select_--Select--Schedule 1Inj'

2018-05-28 13:45:34 - [TEST_STEP][PASSED] - Statement - selectedoptions = com.kms.katalon.core.webui.keyword.WebUiBuiltInKeywords.getNumberOfTotalOption(com.kms.katalon.core.testobject.ObjectRepository.findTestObject(MOH AND GRN/Page_KDMC - CMS/select_--Select--Adernaline 0.)): 81 options of object 'Object Repository/MOH AND GRN/Page_KDMC - CMS/select_--Select--Adernaline 0.' counted

2018-05-28 13:45:34 - [MESSAGE][PASSED] - 81 options of object 'Object Repository/MOH AND GRN/Page_KDMC - CMS/select_--Select--Adernaline 0.' counted

2018-05-28 13:45:34 - [TEST_STEP][PASSED] - Statement - For ([j = 1, j <= selectedoptions - 1, (j++)]): Object: 'Object Repository/MOH AND GRN/Page_KDMC - CMS/button_Add' is clicked on

2018-05-28 13:45:34 - [TEST_STEP][PASSED] - selectOptionByIndex: All options with index in [11] are selected on object 'Object Repository/MOH AND GRN/Page_KDMC - CMS/select_--Select--Schedule 1Inj'

2018-05-28 13:45:34 - [MESSAGE][PASSED] - All options with index in [11] are selected on object 'Object Repository/MOH AND GRN/Page_KDMC - CMS/select_--Select--Schedule 1Inj'

2018-05-28 13:45:34 - [TEST_STEP][PASSED] - selectOptionByIndex: All options with index in [1] are selected on object 'Object Repository/MOH AND GRN/Page_KDMC - CMS/select_--Select--Adernaline 0.'

2018-05-28 13:45:35 - [MESSAGE][PASSED] - All options with index in [1] are selected on object 'Object Repository/MOH AND GRN/Page_KDMC - CMS/select_--Select--Adernaline 0.'

2018-05-28 13:45:35 - [TEST_STEP][PASSED] - setText: Text '5000' is set on object 'Object Repository/MOH AND GRN/Page_KDMC - CMS/input_txttreat'

2018-05-28 13:45:35 - [MESSAGE][PASSED] - Text '5000' is set on object 'Object Repository/MOH AND GRN/Page_KDMC - CMS/input_txttreat'

2018-05-28 13:45:35 - [TEST_STEP][PASSED] - click: Object: 'Object Repository/MOH AND GRN/Page_KDMC - CMS/button_Add' is clicked on

2018-05-28 13:45:35 - [MESSAGE][PASSED] - Object: 'Object Repository/MOH AND GRN/Page_KDMC - CMS/button_Add' is clicked on

2018-05-28 13:45:35 - [TEST_STEP][PASSED] - selectOptionByIndex: All options with index in [11] are selected on object 'Object Repository/MOH AND GRN/Page_KDMC - CMS/select_--Select--Schedule 1Inj'

2018-05-28 13:45:35 - [MESSAGE][PASSED] - All options with index in [11] are selected on object 'Object Repository/MOH AND GRN/Page_KDMC - CMS/select_--Select--Schedule 1Inj'

2018-05-28 13:45:35 - [TEST_STEP][PASSED] - selectOptionByIndex: All options with index in [2] are selected on object 'Object Repository/MOH AND GRN/Page_KDMC - CMS/select_--Select--Adernaline 0.'

2018-05-28 13:45:35 - [MESSAGE][PASSED] - All options with index in [2] are selected on object 'Object Repository/MOH AND GRN/Page_KDMC - CMS/select_--Select--Adernaline 0.'

2018-05-28 13:45:35 - [TEST_STEP][PASSED] - setText: Text '5000' is set on object 'Object Repository/MOH AND GRN/Page_KDMC - CMS/input_txttreat'

2018-05-28 13:45:35 - [MESSAGE][PASSED] - Text '5000' is set on object 'Object Repository/MOH AND GRN/Page_KDMC - CMS/input_txttreat'

2018-05-28 13:45:35 - [TEST_STEP][PASSED] - click: Object: 'Object Repository/MOH AND GRN/Page_KDMC - CMS/button_Add' is clicked on

2018-05-28 13:45:35 - [MESSAGE][PASSED] - Object: 'Object Repository/MOH AND GRN/Page_KDMC - CMS/button_Add' is clicked on

2018-05-28 13:45:35 - [TEST_STEP][PASSED] - selectOptionByIndex: All options with index in [11] are selected on object 'Object Repository/MOH AND GRN/Page_KDMC - CMS/select_--Select--Schedule 1Inj'

2018-05-28 13:45:35 - [MESSAGE][PASSED] - All options with index in [11] are selected on object 'Object Repository/MOH AND GRN/Page_KDMC - CMS/select_--Select--Schedule 1Inj'

2018-05-28 13:45:35 - [TEST_STEP][PASSED] - selectOptionByIndex: All options with index in [3] are selected on object 'Object Repository/MOH AND GRN/Page_KDMC - CMS/select_--Select--Adernaline 0.'

2018-05-28 13:45:36 - [MESSAGE][PASSED] - All options with index in [3] are selected on object 'Object Repository/MOH AND GRN/Page_KDMC - CMS/select_--Select--Adernaline 0.'

2018-05-28 13:45:36 - [TEST_STEP][PASSED] - setText: Text '5000' is set on object 'Object Repository/MOH AND GRN/Page_KDMC - CMS/input_txttreat'

2018-05-28 13:45:36 - [MESSAGE][PASSED] - Text '5000' is set on object 'Object Repository/MOH AND GRN/Page_KDMC - CMS/input_txttreat'

2018-05-28 13:45:36 - [TEST_STEP][PASSED] - click: Object: 'Object Repository/MOH AND GRN/Page_KDMC - CMS/button_Add' is clicked on

2018-05-28 13:45:36 - [MESSAGE][PASSED] - Object: 'Object Repository/MOH AND GRN/Page_KDMC - CMS/button_Add' is clicked on

2018-05-28 13:45:36 - [TEST_STEP][PASSED] - selectOptionByIndex: All options with index in [11] are selected on object 'Object Repository/MOH AND GRN/Page_KDMC - CMS/select_--Select--Schedule 1Inj'

2018-05-28 13:45:36 - [MESSAGE][PASSED] - All options with index in [11] are selected on object 'Object Repository/MOH AND GRN/Page_KDMC - CMS/select_--Select--Schedule 1Inj'

2018-05-28 13:45:36 - [TEST_STEP][PASSED] - selectOptionByIndex: All options with index in [4] are selected on object 'Object Repository/MOH AND GRN/Page_KDMC - CMS/select_--Select--Adernaline 0.'

2018-05-28 13:45:36 - [MESSAGE][PASSED] - All options with index in [4] are selected on object 'Object Repository/MOH AND GRN/Page_KDMC - CMS/select_--Select--Adernaline 0.'

2018-05-28 13:45:36 - [TEST_STEP][PASSED] - setText: Text '5000' is set on object 'Object Repository/MOH AND GRN/Page_KDMC - CMS/input_txttreat'

2018-05-28 13:45:36 - [MESSAGE][PASSED] - Text '5000' is set on object 'Object Repository/MOH AND GRN/Page_KDMC - CMS/input_txttreat'

2018-05-28 13:45:36 - [TEST_STEP][PASSED] - click: Object: 'Object Repository/MOH AND GRN/Page_KDMC - CMS/button_Add' is clicked on

2018-05-28 13:45:36 - [MESSAGE][PASSED] - Object: 'Object Repository/MOH AND GRN/Page_KDMC - CMS/button_Add' is clicked on

2018-05-28 13:45:36 - [TEST_STEP][PASSED] - selectOptionByIndex: All options with index in [11] are selected on object 'Object Repository/MOH AND GRN/Page_KDMC - CMS/select_--Select--Schedule 1Inj'

2018-05-28 13:45:36 - [MESSAGE][PASSED] - All options with index in [11] are selected on object 'Object Repository/MOH AND GRN/Page_KDMC - CMS/select_--Select--Schedule 1Inj'

2018-05-28 13:45:36 - [TEST_STEP][PASSED] - selectOptionByIndex: All options with index in [5] are selected on object 'Object Repository/MOH AND GRN/Page_KDMC - CMS/select_--Select--Adernaline 0.'

2018-05-28 13:45:37 - [MESSAGE][PASSED] - All options with index in [5] are selected on object 'Object Repository/MOH AND GRN/Page_KDMC - CMS/select_--Select--Adernaline 0.'

2018-05-28 13:45:37 - [TEST_STEP][PASSED] - setText: Text '5000' is set on object 'Object Repository/MOH AND GRN/Page_KDMC - CMS/input_txttreat'

2018-05-28 13:45:37 - [MESSAGE][PASSED] - Text '5000' is set on object 'Object Repository/MOH AND GRN/Page_KDMC - CMS/input_txttreat'

2018-05-28 13:45:37 - [TEST_STEP][PASSED] - click: Object: 'Object Repository/MOH AND GRN/Page_KDMC - CMS/button_Add' is clicked on

2018-05-28 13:45:37 - [MESSAGE][PASSED] - Object: 'Object Repository/MOH AND GRN/Page_KDMC - CMS/button_Add' is clicked on

2018-05-28 13:45:37 - [TEST_STEP][PASSED] - selectOptionByIndex: All options with index in [11] are selected on object 'Object Repository/MOH AND GRN/Page_KDMC - CMS/select_--Select--Schedule 1Inj'

2018-05-28 13:45:37 - [MESSAGE][PASSED] - All options with index in [11] are selected on object 'Object Repository/MOH AND GRN/Page_KDMC - CMS/select_--Select--Schedule 1Inj'

2018-05-28 13:45:37 - [TEST_STEP][PASSED] - selectOptionByIndex: All options with index in [6] are selected on object 'Object Repository/MOH AND GRN/Page_KDMC - CMS/select_--Select--Adernaline 0.'

2018-05-28 13:45:37 - [MESSAGE][PASSED] - All options with index in [6] are selected on object 'Object Repository/MOH AND GRN/Page_KDMC - CMS/select_--Select--Adernaline 0.'

2018-05-28 13:45:37 - [TEST_STEP][PASSED] - setText: Text '5000' is set on object 'Object Repository/MOH AND GRN/Page_KDMC - CMS/input_txttreat'

2018-05-28 13:45:37 - [MESSAGE][PASSED] - Text '5000' is set on object 'Object Repository/MOH AND GRN/Page_KDMC - CMS/input_txttreat'

2018-05-28 13:45:37 - [TEST_STEP][PASSED] - click: Object: 'Object Repository/MOH AND GRN/Page_KDMC - CMS/button_Add' is clicked on

2018-05-28 13:45:37 - [MESSAGE][PASSED] - Object: 'Object Repository/MOH AND GRN/Page_KDMC - CMS/button_Add' is clicked on

2018-05-28 13:45:37 - [TEST_STEP][PASSED] - selectOptionByIndex: All options with index in [11] are selected on object 'Object Repository/MOH AND GRN/Page_KDMC - CMS/select_--Select--Schedule 1Inj'

2018-05-28 13:45:37 - [MESSAGE][PASSED] - All options with index in [11] are selected on object 'Object Repository/MOH AND GRN/Page_KDMC - CMS/select_--Select--Schedule 1Inj'

2018-05-28 13:45:37 - [TEST_STEP][PASSED] - selectOptionByIndex: All options with index in [7] are selected on object 'Object Repository/MOH AND GRN/Page_KDMC - CMS/select_--Select--Adernaline 0.'

2018-05-28 13:45:38 - [MESSAGE][PASSED] - All options with index in [7] are selected on object 'Object Repository/MOH AND GRN/Page_KDMC - CMS/select_--Select--Adernaline 0.'

2018-05-28 13:45:38 - [TEST_STEP][PASSED] - setText: Text '5000' is set on object 'Object Repository/MOH AND GRN/Page_KDMC - CMS/input_txttreat'

2018-05-28 13:45:38 - [MESSAGE][PASSED] - Text '5000' is set on object 'Object Repository/MOH AND GRN/Page_KDMC - CMS/input_txttreat'

2018-05-28 13:45:38 - [TEST_STEP][PASSED] - click: Object: 'Object Repository/MOH AND GRN/Page_KDMC - CMS/button_Add' is clicked on

2018-05-28 13:45:38 - [MESSAGE][PASSED] - Object: 'Object Repository/MOH AND GRN/Page_KDMC - CMS/button_Add' is clicked on

2018-05-28 13:45:38 - [TEST_STEP][PASSED] - selectOptionByIndex: All options with index in [11] are selected on object 'Object Repository/MOH AND GRN/Page_KDMC - CMS/select_--Select--Schedule 1Inj'

2018-05-28 13:45:38 - [MESSAGE][PASSED] - All options with index in [11] are selected on object 'Object Repository/MOH AND GRN/Page_KDMC - CMS/select_--Select--Schedule 1Inj'

2018-05-28 13:45:38 - [TEST_STEP][PASSED] - selectOptionByIndex: All options with index in [8] are selected on object 'Object Repository/MOH AND GRN/Page_KDMC - CMS/select_--Select--Adernaline 0.'

2018-05-28 13:45:38 - [MESSAGE][PASSED] - All options with index in [8] are selected on object 'Object Repository/MOH AND GRN/Page_KDMC - CMS/select_--Select--Adernaline 0.'

2018-05-28 13:45:38 - [TEST_STEP][PASSED] - setText: Text '5000' is set on object 'Object Repository/MOH AND GRN/Page_KDMC - CMS/input_txttreat'

2018-05-28 13:45:38 - [MESSAGE][PASSED] - Text '5000' is set on object 'Object Repository/MOH AND GRN/Page_KDMC - CMS/input_txttreat'

2018-05-28 13:45:38 - [TEST_STEP][PASSED] - click: Object: 'Object Repository/MOH AND GRN/Page_KDMC - CMS/button_Add' is clicked on

2018-05-28 13:45:38 - [MESSAGE][PASSED] - Object: 'Object Repository/MOH AND GRN/Page_KDMC - CMS/button_Add' is clicked on

2018-05-28 13:45:38 - [TEST_STEP][PASSED] - selectOptionByIndex: All options with index in [11] are selected on object 'Object Repository/MOH AND GRN/Page_KDMC - CMS/select_--Select--Schedule 1Inj'

2018-05-28 13:45:38 - [MESSAGE][PASSED] - All options with index in [11] are selected on object 'Object Repository/MOH AND GRN/Page_KDMC - CMS/select_--Select--Schedule 1Inj'

2018-05-28 13:45:38 - [TEST_STEP][PASSED] - selectOptionByIndex: All options with index in [9] are selected on object 'Object Repository/MOH AND GRN/Page_KDMC - CMS/select_--Select--Adernaline 0.'

2018-05-28 13:45:39 - [MESSAGE][PASSED] - All options with index in [9] are selected on object 'Object Repository/MOH AND GRN/Page_KDMC - CMS/select_--Select--Adernaline 0.'

2018-05-28 13:45:39 - [TEST_STEP][PASSED] - setText: Text '5000' is set on object 'Object Repository/MOH AND GRN/Page_KDMC - CMS/input_txttreat'

2018-05-28 13:45:39 - [MESSAGE][PASSED] - Text '5000' is set on object 'Object Repository/MOH AND GRN/Page_KDMC - CMS/input_txttreat'

2018-05-28 13:45:39 - [TEST_STEP][PASSED] - click: Object: 'Object Repository/MOH AND GRN/Page_KDMC - CMS/button_Add' is clicked on

2018-05-28 13:45:39 - [MESSAGE][PASSED] - Object: 'Object Repository/MOH AND GRN/Page_KDMC - CMS/button_Add' is clicked on

2018-05-28 13:45:39 - [TEST_STEP][PASSED] - selectOptionByIndex: All options with index in [11] are selected on object 'Object Repository/MOH AND GRN/Page_KDMC - CMS/select_--Select--Schedule 1Inj'

2018-05-28 13:45:39 - [MESSAGE][PASSED] - All options with index in [11] are selected on object 'Object Repository/MOH AND GRN/Page_KDMC - CMS/select_--Select--Schedule 1Inj'

2018-05-28 13:45:39 - [TEST_STEP][PASSED] - selectOptionByIndex: All options with index in [10] are selected on object 'Object Repository/MOH AND GRN/Page_KDMC - CMS/select_--Select--Adernaline 0.'

2018-05-28 13:45:39 - [MESSAGE][PASSED] - All options with index in [10] are selected on object 'Object Repository/MOH AND GRN/Page_KDMC - CMS/select_--Select--Adernaline 0.'

2018-05-28 13:45:39 - [TEST_STEP][PASSED] - setText: Text '5000' is set on object 'Object Repository/MOH AND GRN/Page_KDMC - CMS/input_txttreat'

2018-05-28 13:45:39 - [MESSAGE][PASSED] - Text '5000' is set on object 'Object Repository/MOH AND GRN/Page_KDMC - CMS/input_txttreat'

2018-05-28 13:45:39 - [TEST_STEP][PASSED] - click: Object: 'Object Repository/MOH AND GRN/Page_KDMC - CMS/button_Add' is clicked on

2018-05-28 13:45:39 - [MESSAGE][PASSED] - Object: 'Object Repository/MOH AND GRN/Page_KDMC - CMS/button_Add' is clicked on

2018-05-28 13:45:39 - [TEST_STEP][PASSED] - selectOptionByIndex: All options with index in [11] are selected on object 'Object Repository/MOH AND GRN/Page_KDMC - CMS/select_--Select--Schedule 1Inj'

2018-05-28 13:45:39 - [MESSAGE][PASSED] - All options with index in [11] are selected on object 'Object Repository/MOH AND GRN/Page_KDMC - CMS/select_--Select--Schedule 1Inj'

2018-05-28 13:45:39 - [TEST_STEP][PASSED] - selectOptionByIndex: All options with index in [11] are selected on object 'Object Repository/MOH AND GRN/Page_KDMC - CMS/select_--Select--Adernaline 0.'

2018-05-28 13:45:40 - [MESSAGE][PASSED] - All options with index in [11] are selected on object 'Object Repository/MOH AND GRN/Page_KDMC - CMS/select_--Select--Adernaline 0.'

2018-05-28 13:45:40 - [TEST_STEP][PASSED] - setText: Text '5000' is set on object 'Object Repository/MOH AND GRN/Page_KDMC - CMS/input_txttreat'

2018-05-28 13:45:40 - [MESSAGE][PASSED] - Text '5000' is set on object 'Object Repository/MOH AND GRN/Page_KDMC - CMS/input_txttreat'

2018-05-28 13:45:40 - [TEST_STEP][PASSED] - click: Object: 'Object Repository/MOH AND GRN/Page_KDMC - CMS/button_Add' is clicked on

2018-05-28 13:45:40 - [MESSAGE][PASSED] - Object: 'Object Repository/MOH AND GRN/Page_KDMC - CMS/button_Add' is clicked on

2018-05-28 13:45:40 - [TEST_STEP][PASSED] - selectOptionByIndex: All options with index in [11] are selected on object 'Object Repository/MOH AND GRN/Page_KDMC - CMS/select_--Select--Schedule 1Inj'

2018-05-28 13:45:40 - [MESSAGE][PASSED] - All options with index in [11] are selected on object 'Object Repository/MOH AND GRN/Page_KDMC - CMS/select_--Select--Schedule 1Inj'

2018-05-28 13:45:40 - [TEST_STEP][PASSED] - selectOptionByIndex: All options with index in [12] are selected on object 'Object Repository/MOH AND GRN/Page_KDMC - CMS/select_--Select--Adernaline 0.'

2018-05-28 13:45:40 - [MESSAGE][PASSED] - All options with index in [12] are selected on object 'Object Repository/MOH AND GRN/Page_KDMC - CMS/select_--Select--Adernaline 0.'

2018-05-28 13:45:40 - [TEST_STEP][PASSED] - setText: Text '5000' is set on object 'Object Repository/MOH AND GRN/Page_KDMC - CMS/input_txttreat'

2018-05-28 13:45:40 - [MESSAGE][PASSED] - Text '5000' is set on object 'Object Repository/MOH AND GRN/Page_KDMC - CMS/input_txttreat'

2018-05-28 13:45:40 - [TEST_STEP][PASSED] - click: Object: 'Object Repository/MOH AND GRN/Page_KDMC - CMS/button_Add' is clicked on

2018-05-28 13:45:40 - [MESSAGE][PASSED] - Object: 'Object Repository/MOH AND GRN/Page_KDMC - CMS/button_Add' is clicked on

2018-05-28 13:45:40 - [TEST_STEP][PASSED] - selectOptionByIndex: All options with index in [11] are selected on object 'Object Repository/MOH AND GRN/Page_KDMC - CMS/select_--Select--Schedule 1Inj'

2018-05-28 13:45:41 - [MESSAGE][PASSED] - All options with index in [11] are selected on object 'Object Repository/MOH AND GRN/Page_KDMC - CMS/select_--Select--Schedule 1Inj'

2018-05-28 13:45:41 - [TEST_STEP][PASSED] - selectOptionByIndex: All options with index in [13] are selected on object 'Object Repository/MOH AND GRN/Page_KDMC - CMS/select_--Select--Adernaline 0.'

2018-05-28 13:45:41 - [MESSAGE][PASSED] - All options with index in [13] are selected on object 'Object Repository/MOH AND GRN/Page_KDMC - CMS/select_--Select--Adernaline 0.'

2018-05-28 13:45:41 - [TEST_STEP][PASSED] - setText: Text '5000' is set on object 'Object Repository/MOH AND GRN/Page_KDMC - CMS/input_txttreat'

2018-05-28 13:45:41 - [MESSAGE][PASSED] - Text '5000' is set on object 'Object Repository/MOH AND GRN/Page_KDMC - CMS/input_txttreat'

2018-05-28 13:45:41 - [TEST_STEP][PASSED] - click: Object: 'Object Repository/MOH AND GRN/Page_KDMC - CMS/button_Add' is clicked on

2018-05-28 13:45:41 - [MESSAGE][PASSED] - Object: 'Object Repository/MOH AND GRN/Page_KDMC - CMS/button_Add' is clicked on

2018-05-28 13:45:41 - [TEST_STEP][PASSED] - selectOptionByIndex: All options with index in [11] are selected on object 'Object Repository/MOH AND GRN/Page_KDMC - CMS/select_--Select--Schedule 1Inj'

2018-05-28 13:45:41 - [MESSAGE][PASSED] - All options with index in [11] are selected on object 'Object Repository/MOH AND GRN/Page_KDMC - CMS/select_--Select--Schedule 1Inj'

2018-05-28 13:45:41 - [TEST_STEP][PASSED] - selectOptionByIndex: All options with index in [14] are selected on object 'Object Repository/MOH AND GRN/Page_KDMC - CMS/select_--Select--Adernaline 0.'

2018-05-28 13:45:42 - [MESSAGE][PASSED] - All options with index in [14] are selected on object 'Object Repository/MOH AND GRN/Page_KDMC - CMS/select_--Select--Adernaline 0.'

2018-05-28 13:45:42 - [TEST_STEP][PASSED] - setText: Text '5000' is set on object 'Object Repository/MOH AND GRN/Page_KDMC - CMS/input_txttreat'

2018-05-28 13:45:42 - [MESSAGE][PASSED] - Text '5000' is set on object 'Object Repository/MOH AND GRN/Page_KDMC - CMS/input_txttreat'

2018-05-28 13:45:42 - [TEST_STEP][PASSED] - click: Object: 'Object Repository/MOH AND GRN/Page_KDMC - CMS/button_Add' is clicked on

2018-05-28 13:45:42 - [MESSAGE][PASSED] - Object: 'Object Repository/MOH AND GRN/Page_KDMC - CMS/button_Add' is clicked on

2018-05-28 13:45:42 - [TEST_STEP][PASSED] - selectOptionByIndex: All options with index in [11] are selected on object 'Object Repository/MOH AND GRN/Page_KDMC - CMS/select_--Select--Schedule 1Inj'

2018-05-28 13:45:42 - [MESSAGE][PASSED] - All options with index in [11] are selected on object 'Object Repository/MOH AND GRN/Page_KDMC - CMS/select_--Select--Schedule 1Inj'

2018-05-28 13:45:42 - [TEST_STEP][PASSED] - selectOptionByIndex: All options with index in [15] are selected on object 'Object Repository/MOH AND GRN/Page_KDMC - CMS/select_--Select--Adernaline 0.'

2018-05-28 13:45:42 - [MESSAGE][PASSED] - All options with index in [15] are selected on object 'Object Repository/MOH AND GRN/Page_KDMC - CMS/select_--Select--Adernaline 0.'

2018-05-28 13:45:42 - [TEST_STEP][PASSED] - setText: Text '5000' is set on object 'Object Repository/MOH AND GRN/Page_KDMC - CMS/input_txttreat'

2018-05-28 13:45:42 - [MESSAGE][PASSED] - Text '5000' is set on object 'Object Repository/MOH AND GRN/Page_KDMC - CMS/input_txttreat'

2018-05-28 13:45:42 - [TEST_STEP][PASSED] - click: Object: 'Object Repository/MOH AND GRN/Page_KDMC - CMS/button_Add' is clicked on

2018-05-28 13:45:42 - [MESSAGE][PASSED] - Object: 'Object Repository/MOH AND GRN/Page_KDMC - CMS/button_Add' is clicked on

2018-05-28 13:45:42 - [TEST_STEP][PASSED] - selectOptionByIndex: All options with index in [11] are selected on object 'Object Repository/MOH AND GRN/Page_KDMC - CMS/select_--Select--Schedule 1Inj'

2018-05-28 13:45:43 - [MESSAGE][PASSED] - All options with index in [11] are selected on object 'Object Repository/MOH AND GRN/Page_KDMC - CMS/select_--Select--Schedule 1Inj'

2018-05-28 13:45:43 - [TEST_STEP][PASSED] - selectOptionByIndex: All options with index in [16] are selected on object 'Object Repository/MOH AND GRN/Page_KDMC - CMS/select_--Select--Adernaline 0.'

2018-05-28 13:45:43 - [MESSAGE][PASSED] - All options with index in [16] are selected on object 'Object Repository/MOH AND GRN/Page_KDMC - CMS/select_--Select--Adernaline 0.'

2018-05-28 13:45:43 - [TEST_STEP][PASSED] - setText: Text '5000' is set on object 'Object Repository/MOH AND GRN/Page_KDMC - CMS/input_txttreat'

2018-05-28 13:45:43 - [MESSAGE][PASSED] - Text '5000' is set on object 'Object Repository/MOH AND GRN/Page_KDMC - CMS/input_txttreat'

2018-05-28 13:45:43 - [TEST_STEP][PASSED] - click: Object: 'Object Repository/MOH AND GRN/Page_KDMC - CMS/button_Add' is clicked on

2018-05-28 13:45:43 - [MESSAGE][PASSED] - Object: 'Object Repository/MOH AND GRN/Page_KDMC - CMS/button_Add' is clicked on

2018-05-28 13:45:43 - [TEST_STEP][PASSED] - selectOptionByIndex: All options with index in [11] are selected on object 'Object Repository/MOH AND GRN/Page_KDMC - CMS/select_--Select--Schedule 1Inj'

2018-05-28 13:45:43 - [MESSAGE][PASSED] - All options with index in [11] are selected on object 'Object Repository/MOH AND GRN/Page_KDMC - CMS/select_--Select--Schedule 1Inj'

2018-05-28 13:45:43 - [TEST_STEP][PASSED] - selectOptionByIndex: All options with index in [17] are selected on object 'Object Repository/MOH AND GRN/Page_KDMC - CMS/select_--Select--Adernaline 0.'

2018-05-28 13:45:43 - [MESSAGE][PASSED] - All options with index in [17] are selected on object 'Object Repository/MOH AND GRN/Page_KDMC - CMS/select_--Select--Adernaline 0.'

2018-05-28 13:45:43 - [TEST_STEP][PASSED] - setText: Text '5000' is set on object 'Object Repository/MOH AND GRN/Page_KDMC - CMS/input_txttreat'

2018-05-28 13:45:44 - [MESSAGE][PASSED] - Text '5000' is set on object 'Object Repository/MOH AND GRN/Page_KDMC - CMS/input_txttreat'

2018-05-28 13:45:44 - [TEST_STEP][PASSED] - click: Object: 'Object Repository/MOH AND GRN/Page_KDMC - CMS/button_Add' is clicked on

2018-05-28 13:45:44 - [MESSAGE][PASSED] - Object: 'Object Repository/MOH AND GRN/Page_KDMC - CMS/button_Add' is clicked on

2018-05-28 13:45:44 - [TEST_STEP][PASSED] - selectOptionByIndex: All options with index in [11] are selected on object 'Object Repository/MOH AND GRN/Page_KDMC - CMS/select_--Select--Schedule 1Inj'

2018-05-28 13:45:44 - [MESSAGE][PASSED] - All options with index in [11] are selected on object 'Object Repository/MOH AND GRN/Page_KDMC - CMS/select_--Select--Schedule 1Inj'

2018-05-28 13:45:44 - [TEST_STEP][PASSED] - selectOptionByIndex: All options with index in [18] are selected on object 'Object Repository/MOH AND GRN/Page_KDMC - CMS/select_--Select--Adernaline 0.'

2018-05-28 13:45:44 - [MESSAGE][PASSED] - All options with index in [18] are selected on object 'Object Repository/MOH AND GRN/Page_KDMC - CMS/select_--Select--Adernaline 0.'

2018-05-28 13:45:44 - [TEST_STEP][PASSED] - setText: Text '5000' is set on object 'Object Repository/MOH AND GRN/Page_KDMC - CMS/input_txttreat'

2018-05-28 13:45:44 - [MESSAGE][PASSED] - Text '5000' is set on object 'Object Repository/MOH AND GRN/Page_KDMC - CMS/input_txttreat'

2018-05-28 13:45:44 - [TEST_STEP][PASSED] - click: Object: 'Object Repository/MOH AND GRN/Page_KDMC - CMS/button_Add' is clicked on

2018-05-28 13:45:44 - [MESSAGE][PASSED] - Object: 'Object Repository/MOH AND GRN/Page_KDMC - CMS/button_Add' is clicked on

2018-05-28 13:45:44 - [TEST_STEP][PASSED] - selectOptionByIndex: All options with index in [11] are selected on object 'Object Repository/MOH AND GRN/Page_KDMC - CMS/select_--Select--Schedule 1Inj'

2018-05-28 13:45:44 - [MESSAGE][PASSED] - All options with index in [11] are selected on object 'Object Repository/MOH AND GRN/Page_KDMC - CMS/select_--Select--Schedule 1Inj'

2018-05-28 13:45:44 - [TEST_STEP][PASSED] - selectOptionByIndex: All options with index in [19] are selected on object 'Object Repository/MOH AND GRN/Page_KDMC - CMS/select_--Select--Adernaline 0.'

2018-05-28 13:45:45 - [MESSAGE][PASSED] - All options with index in [19] are selected on object 'Object Repository/MOH AND GRN/Page_KDMC - CMS/select_--Select--Adernaline 0.'

2018-05-28 13:45:45 - [TEST_STEP][PASSED] - setText: Text '5000' is set on object 'Object Repository/MOH AND GRN/Page_KDMC - CMS/input_txttreat'

2018-05-28 13:45:45 - [MESSAGE][PASSED] - Text '5000' is set on object 'Object Repository/MOH AND GRN/Page_KDMC - CMS/input_txttreat'

2018-05-28 13:45:45 - [TEST_STEP][PASSED] - click: Object: 'Object Repository/MOH AND GRN/Page_KDMC - CMS/button_Add' is clicked on

2018-05-28 13:45:45 - [MESSAGE][PASSED] - Object: 'Object Repository/MOH AND GRN/Page_KDMC - CMS/button_Add' is clicked on

2018-05-28 13:45:45 - [TEST_STEP][PASSED] - selectOptionByIndex: All options with index in [11] are selected on object 'Object Repository/MOH AND GRN/Page_KDMC - CMS/select_--Select--Schedule 1Inj'

2018-05-28 13:45:45 - [MESSAGE][PASSED] - All options with index in [11] are selected on object 'Object Repository/MOH AND GRN/Page_KDMC - CMS/select_--Select--Schedule 1Inj'

2018-05-28 13:45:45 - [TEST_STEP][PASSED] - selectOptionByIndex: All options with index in [20] are selected on object 'Object Repository/MOH AND GRN/Page_KDMC - CMS/select_--Select--Adernaline 0.'

2018-05-28 13:45:45 - [MESSAGE][PASSED] - All options with index in [20] are selected on object 'Object Repository/MOH AND GRN/Page_KDMC - CMS/select_--Select--Adernaline 0.'

2018-05-28 13:45:45 - [TEST_STEP][PASSED] - setText: Text '5000' is set on object 'Object Repository/MOH AND GRN/Page_KDMC - CMS/input_txttreat'

2018-05-28 13:45:45 - [MESSAGE][PASSED] - Text '5000' is set on object 'Object Repository/MOH AND GRN/Page_KDMC - CMS/input_txttreat'

2018-05-28 13:45:45 - [TEST_STEP][PASSED] - click: Object: 'Object Repository/MOH AND GRN/Page_KDMC - CMS/button_Add' is clicked on

2018-05-28 13:45:45 - [MESSAGE][PASSED] - Object: 'Object Repository/MOH AND GRN/Page_KDMC - CMS/button_Add' is clicked on

2018-05-28 13:45:45 - [TEST_STEP][PASSED] - selectOptionByIndex: All options with index in [11] are selected on object 'Object Repository/MOH AND GRN/Page_KDMC - CMS/select_--Select--Schedule 1Inj'

2018-05-28 13:45:46 - [MESSAGE][PASSED] - All options with index in [11] are selected on object 'Object Repository/MOH AND GRN/Page_KDMC - CMS/select_--Select--Schedule 1Inj'

2018-05-28 13:45:46 - [TEST_STEP][PASSED] - selectOptionByIndex: All options with index in [21] are selected on object 'Object Repository/MOH AND GRN/Page_KDMC - CMS/select_--Select--Adernaline 0.'

2018-05-28 13:45:46 - [MESSAGE][PASSED] - All options with index in [21] are selected on object 'Object Repository/MOH AND GRN/Page_KDMC - CMS/select_--Select--Adernaline 0.'

2018-05-28 13:45:46 - [TEST_STEP][PASSED] - setText: Text '5000' is set on object 'Object Repository/MOH AND GRN/Page_KDMC - CMS/input_txttreat'

2018-05-28 13:45:46 - [MESSAGE][PASSED] - Text '5000' is set on object 'Object Repository/MOH AND GRN/Page_KDMC - CMS/input_txttreat'

2018-05-28 13:45:46 - [TEST_STEP][PASSED] - click: Object: 'Object Repository/MOH AND GRN/Page_KDMC - CMS/button_Add' is clicked on

2018-05-28 13:45:46 - [MESSAGE][PASSED] - Object: 'Object Repository/MOH AND GRN/Page_KDMC - CMS/button_Add' is clicked on

2018-05-28 13:45:46 - [TEST_STEP][PASSED] - selectOptionByIndex: All options with index in [11] are selected on object 'Object Repository/MOH AND GRN/Page_KDMC - CMS/select_--Select--Schedule 1Inj'

2018-05-28 13:45:46 - [MESSAGE][PASSED] - All options with index in [11] are selected on object 'Object Repository/MOH AND GRN/Page_KDMC - CMS/select_--Select--Schedule 1Inj'

2018-05-28 13:45:46 - [TEST_STEP][PASSED] - selectOptionByIndex: All options with index in [22] are selected on object 'Object Repository/MOH AND GRN/Page_KDMC - CMS/select_--Select--Adernaline 0.'

2018-05-28 13:45:47 - [MESSAGE][PASSED] - All options with index in [22] are selected on object 'Object Repository/MOH AND GRN/Page_KDMC - CMS/select_--Select--Adernaline 0.'

2018-05-28 13:45:47 - [TEST_STEP][PASSED] - setText: Text '5000' is set on object 'Object Repository/MOH AND GRN/Page_KDMC - CMS/input_txttreat'

2018-05-28 13:45:47 - [MESSAGE][PASSED] - Text '5000' is set on object 'Object Repository/MOH AND GRN/Page_KDMC - CMS/input_txttreat'

2018-05-28 13:45:47 - [TEST_STEP][PASSED] - click: Object: 'Object Repository/MOH AND GRN/Page_KDMC - CMS/button_Add' is clicked on

2018-05-28 13:45:47 - [MESSAGE][PASSED] - Object: 'Object Repository/MOH AND GRN/Page_KDMC - CMS/button_Add' is clicked on

2018-05-28 13:45:47 - [TEST_STEP][PASSED] - selectOptionByIndex: All options with index in [11] are selected on object 'Object Repository/MOH AND GRN/Page_KDMC - CMS/select_--Select--Schedule 1Inj'

2018-05-28 13:45:47 - [MESSAGE][PASSED] - All options with index in [11] are selected on object 'Object Repository/MOH AND GRN/Page_KDMC - CMS/select_--Select--Schedule 1Inj'

2018-05-28 13:45:47 - [TEST_STEP][PASSED] - selectOptionByIndex: All options with index in [23] are selected on object 'Object Repository/MOH AND GRN/Page_KDMC - CMS/select_--Select--Adernaline 0.'

2018-05-28 13:45:47 - [MESSAGE][PASSED] - All options with index in [23] are selected on object 'Object Repository/MOH AND GRN/Page_KDMC - CMS/select_--Select--Adernaline 0.'

2018-05-28 13:45:47 - [TEST_STEP][PASSED] - setText: Text '5000' is set on object 'Object Repository/MOH AND GRN/Page_KDMC - CMS/input_txttreat'

2018-05-28 13:45:47 - [MESSAGE][PASSED] - Text '5000' is set on object 'Object Repository/MOH AND GRN/Page_KDMC - CMS/input_txttreat'

2018-05-28 13:45:47 - [TEST_STEP][PASSED] - click: Object: 'Object Repository/MOH AND GRN/Page_KDMC - CMS/button_Add' is clicked on

2018-05-28 13:45:47 - [MESSAGE][PASSED] - Object: 'Object Repository/MOH AND GRN/Page_KDMC - CMS/button_Add' is clicked on

2018-05-28 13:45:47 - [TEST_STEP][PASSED] - selectOptionByIndex: All options with index in [11] are selected on object 'Object Repository/MOH AND GRN/Page_KDMC - CMS/select_--Select--Schedule 1Inj'

2018-05-28 13:45:48 - [MESSAGE][PASSED] - All options with index in [11] are selected on object 'Object Repository/MOH AND GRN/Page_KDMC - CMS/select_--Select--Schedule 1Inj'

2018-05-28 13:45:48 - [TEST_STEP][PASSED] - selectOptionByIndex: All options with index in [24] are selected on object 'Object Repository/MOH AND GRN/Page_KDMC - CMS/select_--Select--Adernaline 0.'

2018-05-28 13:45:48 - [MESSAGE][PASSED] - All options with index in [24] are selected on object 'Object Repository/MOH AND GRN/Page_KDMC - CMS/select_--Select--Adernaline 0.'

2018-05-28 13:45:48 - [TEST_STEP][PASSED] - setText: Text '5000' is set on object 'Object Repository/MOH AND GRN/Page_KDMC - CMS/input_txttreat'

2018-05-28 13:45:48 - [MESSAGE][PASSED] - Text '5000' is set on object 'Object Repository/MOH AND GRN/Page_KDMC - CMS/input_txttreat'

2018-05-28 13:45:48 - [TEST_STEP][PASSED] - click: Object: 'Object Repository/MOH AND GRN/Page_KDMC - CMS/button_Add' is clicked on

2018-05-28 13:45:48 - [MESSAGE][PASSED] - Object: 'Object Repository/MOH AND GRN/Page_KDMC - CMS/button_Add' is clicked on

2018-05-28 13:45:48 - [TEST_STEP][PASSED] - selectOptionByIndex: All options with index in [11] are selected on object 'Object Repository/MOH AND GRN/Page_KDMC - CMS/select_--Select--Schedule 1Inj'

2018-05-28 13:45:48 - [MESSAGE][PASSED] - All options with index in [11] are selected on object 'Object Repository/MOH AND GRN/Page_KDMC - CMS/select_--Select--Schedule 1Inj'

2018-05-28 13:45:48 - [TEST_STEP][PASSED] - selectOptionByIndex: All options with index in [25] are selected on object 'Object Repository/MOH AND GRN/Page_KDMC - CMS/select_--Select--Adernaline 0.'

2018-05-28 13:45:49 - [MESSAGE][PASSED] - All options with index in [25] are selected on object 'Object Repository/MOH AND GRN/Page_KDMC - CMS/select_--Select--Adernaline 0.'

2018-05-28 13:45:49 - [TEST_STEP][PASSED] - setText: Text '5000' is set on object 'Object Repository/MOH AND GRN/Page_KDMC - CMS/input_txttreat'

2018-05-28 13:45:49 - [MESSAGE][PASSED] - Text '5000' is set on object 'Object Repository/MOH AND GRN/Page_KDMC - CMS/input_txttreat'

2018-05-28 13:45:49 - [TEST_STEP][PASSED] - click: Object: 'Object Repository/MOH AND GRN/Page_KDMC - CMS/button_Add' is clicked on

2018-05-28 13:45:49 - [MESSAGE][PASSED] - Object: 'Object Repository/MOH AND GRN/Page_KDMC - CMS/button_Add' is clicked on

2018-05-28 13:45:49 - [TEST_STEP][PASSED] - selectOptionByIndex: All options with index in [11] are selected on object 'Object Repository/MOH AND GRN/Page_KDMC - CMS/select_--Select--Schedule 1Inj'

2018-05-28 13:45:49 - [MESSAGE][PASSED] - All options with index in [11] are selected on object 'Object Repository/MOH AND GRN/Page_KDMC - CMS/select_--Select--Schedule 1Inj'

2018-05-28 13:45:49 - [TEST_STEP][PASSED] - selectOptionByIndex: All options with index in [26] are selected on object 'Object Repository/MOH AND GRN/Page_KDMC - CMS/select_--Select--Adernaline 0.'

2018-05-28 13:45:49 - [MESSAGE][PASSED] - All options with index in [26] are selected on object 'Object Repository/MOH AND GRN/Page_KDMC - CMS/select_--Select--Adernaline 0.'

2018-05-28 13:45:49 - [TEST_STEP][PASSED] - setText: Text '5000' is set on object 'Object Repository/MOH AND GRN/Page_KDMC - CMS/input_txttreat'

2018-05-28 13:45:49 - [MESSAGE][PASSED] - Text '5000' is set on object 'Object Repository/MOH AND GRN/Page_KDMC - CMS/input_txttreat'

2018-05-28 13:45:49 - [TEST_STEP][PASSED] - click: Object: 'Object Repository/MOH AND GRN/Page_KDMC - CMS/button_Add' is clicked on

2018-05-28 13:45:49 - [MESSAGE][PASSED] - Object: 'Object Repository/MOH AND GRN/Page_KDMC - CMS/button_Add' is clicked on

2018-05-28 13:45:49 - [TEST_STEP][PASSED] - selectOptionByIndex: All options with index in [11] are selected on object 'Object Repository/MOH AND GRN/Page_KDMC - CMS/select_--Select--Schedule 1Inj'

2018-05-28 13:45:50 - [MESSAGE][PASSED] - All options with index in [11] are selected on object 'Object Repository/MOH AND GRN/Page_KDMC - CMS/select_--Select--Schedule 1Inj'

2018-05-28 13:45:50 - [TEST_STEP][PASSED] - selectOptionByIndex: All options with index in [27] are selected on object 'Object Repository/MOH AND GRN/Page_KDMC - CMS/select_--Select--Adernaline 0.'

2018-05-28 13:45:50 - [MESSAGE][PASSED] - All options with index in [27] are selected on object 'Object Repository/MOH AND GRN/Page_KDMC - CMS/select_--Select--Adernaline 0.'

2018-05-28 13:45:50 - [TEST_STEP][PASSED] - setText: Text '5000' is set on object 'Object Repository/MOH AND GRN/Page_KDMC - CMS/input_txttreat'

2018-05-28 13:45:50 - [MESSAGE][PASSED] - Text '5000' is set on object 'Object Repository/MOH AND GRN/Page_KDMC - CMS/input_txttreat'

2018-05-28 13:45:50 - [TEST_STEP][PASSED] - click: Object: 'Object Repository/MOH AND GRN/Page_KDMC - CMS/button_Add' is clicked on

2018-05-28 13:45:50 - [MESSAGE][PASSED] - Object: 'Object Repository/MOH AND GRN/Page_KDMC - CMS/button_Add' is clicked on

2018-05-28 13:45:50 - [TEST_STEP][PASSED] - selectOptionByIndex: All options with index in [11] are selected on object 'Object Repository/MOH AND GRN/Page_KDMC - CMS/select_--Select--Schedule 1Inj'

2018-05-28 13:45:50 - [MESSAGE][PASSED] - All options with index in [11] are selected on object 'Object Repository/MOH AND GRN/Page_KDMC - CMS/select_--Select--Schedule 1Inj'

2018-05-28 13:45:50 - [TEST_STEP][PASSED] - selectOptionByIndex: All options with index in [28] are selected on object 'Object Repository/MOH AND GRN/Page_KDMC - CMS/select_--Select--Adernaline 0.'

2018-05-28 13:45:51 - [MESSAGE][PASSED] - All options with index in [28] are selected on object 'Object Repository/MOH AND GRN/Page_KDMC - CMS/select_--Select--Adernaline 0.'

2018-05-28 13:45:51 - [TEST_STEP][PASSED] - setText: Text '5000' is set on object 'Object Repository/MOH AND GRN/Page_KDMC - CMS/input_txttreat'

2018-05-28 13:45:51 - [MESSAGE][PASSED] - Text '5000' is set on object 'Object Repository/MOH AND GRN/Page_KDMC - CMS/input_txttreat'

2018-05-28 13:45:51 - [TEST_STEP][PASSED] - click: Object: 'Object Repository/MOH AND GRN/Page_KDMC - CMS/button_Add' is clicked on

2018-05-28 13:45:51 - [MESSAGE][PASSED] - Object: 'Object Repository/MOH AND GRN/Page_KDMC - CMS/button_Add' is clicked on

2018-05-28 13:45:51 - [TEST_STEP][PASSED] - selectOptionByIndex: All options with index in [11] are selected on object 'Object Repository/MOH AND GRN/Page_KDMC - CMS/select_--Select--Schedule 1Inj'

2018-05-28 13:45:51 - [MESSAGE][PASSED] - All options with index in [11] are selected on object 'Object Repository/MOH AND GRN/Page_KDMC - CMS/select_--Select--Schedule 1Inj'

2018-05-28 13:45:51 - [TEST_STEP][PASSED] - selectOptionByIndex: All options with index in [29] are selected on object 'Object Repository/MOH AND GRN/Page_KDMC - CMS/select_--Select--Adernaline 0.'

2018-05-28 13:45:52 - [MESSAGE][PASSED] - All options with index in [29] are selected on object 'Object Repository/MOH AND GRN/Page_KDMC - CMS/select_--Select--Adernaline 0.'

2018-05-28 13:45:52 - [TEST_STEP][PASSED] - setText: Text '5000' is set on object 'Object Repository/MOH AND GRN/Page_KDMC - CMS/input_txttreat'

2018-05-28 13:45:52 - [MESSAGE][PASSED] - Text '5000' is set on object 'Object Repository/MOH AND GRN/Page_KDMC - CMS/input_txttreat'

2018-05-28 13:45:52 - [TEST_STEP][PASSED] - click: Object: 'Object Repository/MOH AND GRN/Page_KDMC - CMS/button_Add' is clicked on

2018-05-28 13:45:52 - [MESSAGE][PASSED] - Object: 'Object Repository/MOH AND GRN/Page_KDMC - CMS/button_Add' is clicked on

2018-05-28 13:45:52 - [TEST_STEP][PASSED] - selectOptionByIndex: All options with index in [11] are selected on object 'Object Repository/MOH AND GRN/Page_KDMC - CMS/select_--Select--Schedule 1Inj'

2018-05-28 13:45:52 - [MESSAGE][PASSED] - All options with index in [11] are selected on object 'Object Repository/MOH AND GRN/Page_KDMC - CMS/select_--Select--Schedule 1Inj'

2018-05-28 13:45:52 - [TEST_STEP][PASSED] - selectOptionByIndex: All options with index in [30] are selected on object 'Object Repository/MOH AND GRN/Page_KDMC - CMS/select_--Select--Adernaline 0.'

2018-05-28 13:45:52 - [MESSAGE][PASSED] - All options with index in [30] are selected on object 'Object Repository/MOH AND GRN/Page_KDMC - CMS/select_--Select--Adernaline 0.'

2018-05-28 13:45:52 - [TEST_STEP][PASSED] - setText: Text '5000' is set on object 'Object Repository/MOH AND GRN/Page_KDMC - CMS/input_txttreat'

2018-05-28 13:45:52 - [MESSAGE][PASSED] - Text '5000' is set on object 'Object Repository/MOH AND GRN/Page_KDMC - CMS/input_txttreat'

2018-05-28 13:45:52 - [TEST_STEP][PASSED] - click: Object: 'Object Repository/MOH AND GRN/Page_KDMC - CMS/button_Add' is clicked on

2018-05-28 13:45:52 - [MESSAGE][PASSED] - Object: 'Object Repository/MOH AND GRN/Page_KDMC - CMS/button_Add' is clicked on

2018-05-28 13:45:52 - [TEST_STEP][PASSED] - selectOptionByIndex: All options with index in [11] are selected on object 'Object Repository/MOH AND GRN/Page_KDMC - CMS/select_--Select--Schedule 1Inj'

2018-05-28 13:45:53 - [MESSAGE][PASSED] - All options with index in [11] are selected on object 'Object Repository/MOH AND GRN/Page_KDMC - CMS/select_--Select--Schedule 1Inj'

2018-05-28 13:45:53 - [TEST_STEP][PASSED] - selectOptionByIndex: All options with index in [31] are selected on object 'Object Repository/MOH AND GRN/Page_KDMC - CMS/select_--Select--Adernaline 0.'

2018-05-28 13:45:53 - [MESSAGE][PASSED] - All options with index in [31] are selected on object 'Object Repository/MOH AND GRN/Page_KDMC - CMS/select_--Select--Adernaline 0.'

2018-05-28 13:45:53 - [TEST_STEP][PASSED] - setText: Text '5000' is set on object 'Object Repository/MOH AND GRN/Page_KDMC - CMS/input_txttreat'

2018-05-28 13:45:53 - [MESSAGE][PASSED] - Text '5000' is set on object 'Object Repository/MOH AND GRN/Page_KDMC - CMS/input_txttreat'

2018-05-28 13:45:53 - [TEST_STEP][PASSED] - click: Object: 'Object Repository/MOH AND GRN/Page_KDMC - CMS/button_Add' is clicked on

2018-05-28 13:45:53 - [MESSAGE][PASSED] - Object: 'Object Repository/MOH AND GRN/Page_KDMC - CMS/button_Add' is clicked on

2018-05-28 13:45:53 - [TEST_STEP][PASSED] - selectOptionByIndex: All options with index in [11] are selected on object 'Object Repository/MOH AND GRN/Page_KDMC - CMS/select_--Select--Schedule 1Inj'

2018-05-28 13:45:53 - [MESSAGE][PASSED] - All options with index in [11] are selected on object 'Object Repository/MOH AND GRN/Page_KDMC - CMS/select_--Select--Schedule 1Inj'

2018-05-28 13:45:53 - [TEST_STEP][PASSED] - selectOptionByIndex: All options with index in [32] are selected on object 'Object Repository/MOH AND GRN/Page_KDMC - CMS/select_--Select--Adernaline 0.'

2018-05-28 13:45:54 - [MESSAGE][PASSED] - All options with index in [32] are selected on object 'Object Repository/MOH AND GRN/Page_KDMC - CMS/select_--Select--Adernaline 0.'

2018-05-28 13:45:54 - [TEST_STEP][PASSED] - setText: Text '5000' is set on object 'Object Repository/MOH AND GRN/Page_KDMC - CMS/input_txttreat'

2018-05-28 13:45:54 - [MESSAGE][PASSED] - Text '5000' is set on object 'Object Repository/MOH AND GRN/Page_KDMC - CMS/input_txttreat'

2018-05-28 13:45:54 - [TEST_STEP][PASSED] - click: Object: 'Object Repository/MOH AND GRN/Page_KDMC - CMS/button_Add' is clicked on

2018-05-28 13:45:54 - [MESSAGE][PASSED] - Object: 'Object Repository/MOH AND GRN/Page_KDMC - CMS/button_Add' is clicked on

2018-05-28 13:45:54 - [TEST_STEP][PASSED] - selectOptionByIndex: All options with index in [11] are selected on object 'Object Repository/MOH AND GRN/Page_KDMC - CMS/select_--Select--Schedule 1Inj'

2018-05-28 13:45:54 - [MESSAGE][PASSED] - All options with index in [11] are selected on object 'Object Repository/MOH AND GRN/Page_KDMC - CMS/select_--Select--Schedule 1Inj'

2018-05-28 13:45:54 - [TEST_STEP][PASSED] - selectOptionByIndex: All options with index in [33] are selected on object 'Object Repository/MOH AND GRN/Page_KDMC - CMS/select_--Select--Adernaline 0.'

2018-05-28 13:45:55 - [MESSAGE][PASSED] - All options with index in [33] are selected on object 'Object Repository/MOH AND GRN/Page_KDMC - CMS/select_--Select--Adernaline 0.'

2018-05-28 13:45:55 - [TEST_STEP][PASSED] - setText: Text '5000' is set on object 'Object Repository/MOH AND GRN/Page_KDMC - CMS/input_txttreat'

2018-05-28 13:45:55 - [MESSAGE][PASSED] - Text '5000' is set on object 'Object Repository/MOH AND GRN/Page_KDMC - CMS/input_txttreat'

2018-05-28 13:45:55 - [TEST_STEP][PASSED] - click: Object: 'Object Repository/MOH AND GRN/Page_KDMC - CMS/button_Add' is clicked on

2018-05-28 13:45:55 - [MESSAGE][PASSED] - Object: 'Object Repository/MOH AND GRN/Page_KDMC - CMS/button_Add' is clicked on

2018-05-28 13:45:55 - [TEST_STEP][PASSED] - selectOptionByIndex: All options with index in [11] are selected on object 'Object Repository/MOH AND GRN/Page_KDMC - CMS/select_--Select--Schedule 1Inj'

2018-05-28 13:45:55 - [MESSAGE][PASSED] - All options with index in [11] are selected on object 'Object Repository/MOH AND GRN/Page_KDMC - CMS/select_--Select--Schedule 1Inj'

2018-05-28 13:45:55 - [TEST_STEP][PASSED] - selectOptionByIndex: All options with index in [34] are selected on object 'Object Repository/MOH AND GRN/Page_KDMC - CMS/select_--Select--Adernaline 0.'

2018-05-28 13:45:55 - [MESSAGE][PASSED] - All options with index in [34] are selected on object 'Object Repository/MOH AND GRN/Page_KDMC - CMS/select_--Select--Adernaline 0.'

2018-05-28 13:45:55 - [TEST_STEP][PASSED] - setText: Text '5000' is set on object 'Object Repository/MOH AND GRN/Page_KDMC - CMS/input_txttreat'

2018-05-28 13:45:55 - [MESSAGE][PASSED] - Text '5000' is set on object 'Object Repository/MOH AND GRN/Page_KDMC - CMS/input_txttreat'

2018-05-28 13:45:55 - [TEST_STEP][PASSED] - click: Object: 'Object Repository/MOH AND GRN/Page_KDMC - CMS/button_Add' is clicked on

2018-05-28 13:45:55 - [MESSAGE][PASSED] - Object: 'Object Repository/MOH AND GRN/Page_KDMC - CMS/button_Add' is clicked on

2018-05-28 13:45:55 - [TEST_STEP][PASSED] - selectOptionByIndex: All options with index in [11] are selected on object 'Object Repository/MOH AND GRN/Page_KDMC - CMS/select_--Select--Schedule 1Inj'

2018-05-28 13:45:56 - [MESSAGE][PASSED] - All options with index in [11] are selected on object 'Object Repository/MOH AND GRN/Page_KDMC - CMS/select_--Select--Schedule 1Inj'

2018-05-28 13:45:56 - [TEST_STEP][PASSED] - selectOptionByIndex: All options with index in [35] are selected on object 'Object Repository/MOH AND GRN/Page_KDMC - CMS/select_--Select--Adernaline 0.'

2018-05-28 13:45:56 - [MESSAGE][PASSED] - All options with index in [35] are selected on object 'Object Repository/MOH AND GRN/Page_KDMC - CMS/select_--Select--Adernaline 0.'

2018-05-28 13:45:56 - [TEST_STEP][PASSED] - setText: Text '5000' is set on object 'Object Repository/MOH AND GRN/Page_KDMC - CMS/input_txttreat'

2018-05-28 13:45:56 - [MESSAGE][PASSED] - Text '5000' is set on object 'Object Repository/MOH AND GRN/Page_KDMC - CMS/input_txttreat'

2018-05-28 13:45:56 - [TEST_STEP][PASSED] - click: Object: 'Object Repository/MOH AND GRN/Page_KDMC - CMS/button_Add' is clicked on

2018-05-28 13:45:56 - [MESSAGE][PASSED] - Object: 'Object Repository/MOH AND GRN/Page_KDMC - CMS/button_Add' is clicked on

2018-05-28 13:45:56 - [TEST_STEP][PASSED] - selectOptionByIndex: All options with index in [11] are selected on object 'Object Repository/MOH AND GRN/Page_KDMC - CMS/select_--Select--Schedule 1Inj'

2018-05-28 13:45:56 - [MESSAGE][PASSED] - All options with index in [11] are selected on object 'Object Repository/MOH AND GRN/Page_KDMC - CMS/select_--Select--Schedule 1Inj'

2018-05-28 13:45:56 - [TEST_STEP][PASSED] - selectOptionByIndex: All options with index in [36] are selected on object 'Object Repository/MOH AND GRN/Page_KDMC - CMS/select_--Select--Adernaline 0.'

2018-05-28 13:45:57 - [MESSAGE][PASSED] - All options with index in [36] are selected on object 'Object Repository/MOH AND GRN/Page_KDMC - CMS/select_--Select--Adernaline 0.'

2018-05-28 13:45:57 - [TEST_STEP][PASSED] - setText: Text '5000' is set on object 'Object Repository/MOH AND GRN/Page_KDMC - CMS/input_txttreat'

2018-05-28 13:45:57 - [MESSAGE][PASSED] - Text '5000' is set on object 'Object Repository/MOH AND GRN/Page_KDMC - CMS/input_txttreat'

2018-05-28 13:45:57 - [TEST_STEP][PASSED] - click: Object: 'Object Repository/MOH AND GRN/Page_KDMC - CMS/button_Add' is clicked on

2018-05-28 13:45:57 - [MESSAGE][PASSED] - Object: 'Object Repository/MOH AND GRN/Page_KDMC - CMS/button_Add' is clicked on

2018-05-28 13:45:57 - [TEST_STEP][PASSED] - selectOptionByIndex: All options with index in [11] are selected on object 'Object Repository/MOH AND GRN/Page_KDMC - CMS/select_--Select--Schedule 1Inj'

2018-05-28 13:45:57 - [MESSAGE][PASSED] - All options with index in [11] are selected on object 'Object Repository/MOH AND GRN/Page_KDMC - CMS/select_--Select--Schedule 1Inj'

2018-05-28 13:45:57 - [TEST_STEP][PASSED] - selectOptionByIndex: All options with index in [37] are selected on object 'Object Repository/MOH AND GRN/Page_KDMC - CMS/select_--Select--Adernaline 0.'

2018-05-28 13:45:58 - [MESSAGE][PASSED] - All options with index in [37] are selected on object 'Object Repository/MOH AND GRN/Page_KDMC - CMS/select_--Select--Adernaline 0.'

2018-05-28 13:45:58 - [TEST_STEP][PASSED] - setText: Text '5000' is set on object 'Object Repository/MOH AND GRN/Page_KDMC - CMS/input_txttreat'

2018-05-28 13:45:58 - [MESSAGE][PASSED] - Text '5000' is set on object 'Object Repository/MOH AND GRN/Page_KDMC - CMS/input_txttreat'

2018-05-28 13:45:58 - [TEST_STEP][PASSED] - click: Object: 'Object Repository/MOH AND GRN/Page_KDMC - CMS/button_Add' is clicked on

2018-05-28 13:45:58 - [MESSAGE][PASSED] - Object: 'Object Repository/MOH AND GRN/Page_KDMC - CMS/button_Add' is clicked on

2018-05-28 13:45:58 - [TEST_STEP][PASSED] - selectOptionByIndex: All options with index in [11] are selected on object 'Object Repository/MOH AND GRN/Page_KDMC - CMS/select_--Select--Schedule 1Inj'

2018-05-28 13:45:58 - [MESSAGE][PASSED] - All options with index in [11] are selected on object 'Object Repository/MOH AND GRN/Page_KDMC - CMS/select_--Select--Schedule 1Inj'

2018-05-28 13:45:58 - [TEST_STEP][PASSED] - selectOptionByIndex: All options with index in [38] are selected on object 'Object Repository/MOH AND GRN/Page_KDMC - CMS/select_--Select--Adernaline 0.'

2018-05-28 13:45:59 - [MESSAGE][PASSED] - All options with index in [38] are selected on object 'Object Repository/MOH AND GRN/Page_KDMC - CMS/select_--Select--Adernaline 0.'

2018-05-28 13:45:59 - [TEST_STEP][PASSED] - setText: Text '5000' is set on object 'Object Repository/MOH AND GRN/Page_KDMC - CMS/input_txttreat'

2018-05-28 13:45:59 - [MESSAGE][PASSED] - Text '5000' is set on object 'Object Repository/MOH AND GRN/Page_KDMC - CMS/input_txttreat'

2018-05-28 13:45:59 - [TEST_STEP][PASSED] - click: Object: 'Object Repository/MOH AND GRN/Page_KDMC - CMS/button_Add' is clicked on

2018-05-28 13:45:59 - [MESSAGE][PASSED] - Object: 'Object Repository/MOH AND GRN/Page_KDMC - CMS/button_Add' is clicked on

2018-05-28 13:45:59 - [TEST_STEP][PASSED] - selectOptionByIndex: All options with index in [11] are selected on object 'Object Repository/MOH AND GRN/Page_KDMC - CMS/select_--Select--Schedule 1Inj'

2018-05-28 13:45:59 - [MESSAGE][PASSED] - All options with index in [11] are selected on object 'Object Repository/MOH AND GRN/Page_KDMC - CMS/select_--Select--Schedule 1Inj'

2018-05-28 13:45:59 - [TEST_STEP][PASSED] - selectOptionByIndex: All options with index in [39] are selected on object 'Object Repository/MOH AND GRN/Page_KDMC - CMS/select_--Select--Adernaline 0.'

2018-05-28 13:45:59 - [MESSAGE][PASSED] - All options with index in [39] are selected on object 'Object Repository/MOH AND GRN/Page_KDMC - CMS/select_--Select--Adernaline 0.'

2018-05-28 13:45:59 - [TEST_STEP][PASSED] - setText: Text '5000' is set on object 'Object Repository/MOH AND GRN/Page_KDMC - CMS/input_txttreat'

2018-05-28 13:45:59 - [MESSAGE][PASSED] - Text '5000' is set on object 'Object Repository/MOH AND GRN/Page_KDMC - CMS/input_txttreat'

2018-05-28 13:45:59 - [TEST_STEP][PASSED] - click: Object: 'Object Repository/MOH AND GRN/Page_KDMC - CMS/button_Add' is clicked on

2018-05-28 13:45:59 - [MESSAGE][PASSED] - Object: 'Object Repository/MOH AND GRN/Page_KDMC - CMS/button_Add' is clicked on

2018-05-28 13:45:59 - [TEST_STEP][PASSED] - selectOptionByIndex: All options with index in [11] are selected on object 'Object Repository/MOH AND GRN/Page_KDMC - CMS/select_--Select--Schedule 1Inj'

2018-05-28 13:46:00 - [MESSAGE][PASSED] - All options with index in [11] are selected on object 'Object Repository/MOH AND GRN/Page_KDMC - CMS/select_--Select--Schedule 1Inj'

2018-05-28 13:46:00 - [TEST_STEP][PASSED] - selectOptionByIndex: All options with index in [40] are selected on object 'Object Repository/MOH AND GRN/Page_KDMC - CMS/select_--Select--Adernaline 0.'

2018-05-28 13:46:00 - [MESSAGE][PASSED] - All options with index in [40] are selected on object 'Object Repository/MOH AND GRN/Page_KDMC - CMS/select_--Select--Adernaline 0.'

2018-05-28 13:46:00 - [TEST_STEP][PASSED] - setText: Text '5000' is set on object 'Object Repository/MOH AND GRN/Page_KDMC - CMS/input_txttreat'

2018-05-28 13:46:00 - [MESSAGE][PASSED] - Text '5000' is set on object 'Object Repository/MOH AND GRN/Page_KDMC - CMS/input_txttreat'

2018-05-28 13:46:00 - [TEST_STEP][PASSED] - click: Object: 'Object Repository/MOH AND GRN/Page_KDMC - CMS/button_Add' is clicked on

2018-05-28 13:46:00 - [MESSAGE][PASSED] - Object: 'Object Repository/MOH AND GRN/Page_KDMC - CMS/button_Add' is clicked on

2018-05-28 13:46:00 - [TEST_STEP][PASSED] - selectOptionByIndex: All options with index in [11] are selected on object 'Object Repository/MOH AND GRN/Page_KDMC - CMS/select_--Select--Schedule 1Inj'

2018-05-28 13:46:01 - [MESSAGE][PASSED] - All options with index in [11] are selected on object 'Object Repository/MOH AND GRN/Page_KDMC - CMS/select_--Select--Schedule 1Inj'

2018-05-28 13:46:01 - [TEST_STEP][PASSED] - selectOptionByIndex: All options with index in [41] are selected on object 'Object Repository/MOH AND GRN/Page_KDMC - CMS/select_--Select--Adernaline 0.'

2018-05-28 13:46:01 - [MESSAGE][PASSED] - All options with index in [41] are selected on object 'Object Repository/MOH AND GRN/Page_KDMC - CMS/select_--Select--Adernaline 0.'

2018-05-28 13:46:01 - [TEST_STEP][PASSED] - setText: Text '5000' is set on object 'Object Repository/MOH AND GRN/Page_KDMC - CMS/input_txttreat'

2018-05-28 13:46:01 - [MESSAGE][PASSED] - Text '5000' is set on object 'Object Repository/MOH AND GRN/Page_KDMC - CMS/input_txttreat'

2018-05-28 13:46:01 - [TEST_STEP][PASSED] - click: Object: 'Object Repository/MOH AND GRN/Page_KDMC - CMS/button_Add' is clicked on

2018-05-28 13:46:01 - [MESSAGE][PASSED] - Object: 'Object Repository/MOH AND GRN/Page_KDMC - CMS/button_Add' is clicked on

2018-05-28 13:46:01 - [TEST_STEP][PASSED] - selectOptionByIndex: All options with index in [11] are selected on object 'Object Repository/MOH AND GRN/Page_KDMC - CMS/select_--Select--Schedule 1Inj'

2018-05-28 13:46:01 - [MESSAGE][PASSED] - All options with index in [11] are selected on object 'Object Repository/MOH AND GRN/Page_KDMC - CMS/select_--Select--Schedule 1Inj'

2018-05-28 13:46:01 - [TEST_STEP][PASSED] - selectOptionByIndex: All options with index in [42] are selected on object 'Object Repository/MOH AND GRN/Page_KDMC - CMS/select_--Select--Adernaline 0.'

2018-05-28 13:46:02 - [MESSAGE][PASSED] - All options with index in [42] are selected on object 'Object Repository/MOH AND GRN/Page_KDMC - CMS/select_--Select--Adernaline 0.'

2018-05-28 13:46:02 - [TEST_STEP][PASSED] - setText: Text '5000' is set on object 'Object Repository/MOH AND GRN/Page_KDMC - CMS/input_txttreat'

2018-05-28 13:46:02 - [MESSAGE][PASSED] - Text '5000' is set on object 'Object Repository/MOH AND GRN/Page_KDMC - CMS/input_txttreat'

2018-05-28 13:46:02 - [TEST_STEP][PASSED] - click: Object: 'Object Repository/MOH AND GRN/Page_KDMC - CMS/button_Add' is clicked on

2018-05-28 13:46:02 - [MESSAGE][PASSED] - Object: 'Object Repository/MOH AND GRN/Page_KDMC - CMS/button_Add' is clicked on

2018-05-28 13:46:02 - [TEST_STEP][PASSED] - selectOptionByIndex: All options with index in [11] are selected on object 'Object Repository/MOH AND GRN/Page_KDMC - CMS/select_--Select--Schedule 1Inj'

2018-05-28 13:46:02 - [MESSAGE][PASSED] - All options with index in [11] are selected on object 'Object Repository/MOH AND GRN/Page_KDMC - CMS/select_--Select--Schedule 1Inj'

2018-05-28 13:46:02 - [TEST_STEP][PASSED] - selectOptionByIndex: All options with index in [43] are selected on object 'Object Repository/MOH AND GRN/Page_KDMC - CMS/select_--Select--Adernaline 0.'

2018-05-28 13:46:03 - [MESSAGE][PASSED] - All options with index in [43] are selected on object 'Object Repository/MOH AND GRN/Page_KDMC - CMS/select_--Select--Adernaline 0.'

2018-05-28 13:46:03 - [TEST_STEP][PASSED] - setText: Text '5000' is set on object 'Object Repository/MOH AND GRN/Page_KDMC - CMS/input_txttreat'

2018-05-28 13:46:03 - [MESSAGE][PASSED] - Text '5000' is set on object 'Object Repository/MOH AND GRN/Page_KDMC - CMS/input_txttreat'

2018-05-28 13:46:03 - [TEST_STEP][PASSED] - click: Object: 'Object Repository/MOH AND GRN/Page_KDMC - CMS/button_Add' is clicked on

2018-05-28 13:46:03 - [MESSAGE][PASSED] - Object: 'Object Repository/MOH AND GRN/Page_KDMC - CMS/button_Add' is clicked on

2018-05-28 13:46:03 - [TEST_STEP][PASSED] - selectOptionByIndex: All options with index in [11] are selected on object 'Object Repository/MOH AND GRN/Page_KDMC - CMS/select_--Select--Schedule 1Inj'

2018-05-28 13:46:03 - [MESSAGE][PASSED] - All options with index in [11] are selected on object 'Object Repository/MOH AND GRN/Page_KDMC - CMS/select_--Select--Schedule 1Inj'

2018-05-28 13:46:03 - [TEST_STEP][PASSED] - selectOptionByIndex: All options with index in [44] are selected on object 'Object Repository/MOH AND GRN/Page_KDMC - CMS/select_--Select--Adernaline 0.'

2018-05-28 13:46:04 - [MESSAGE][PASSED] - All options with index in [44] are selected on object 'Object Repository/MOH AND GRN/Page_KDMC - CMS/select_--Select--Adernaline 0.'

2018-05-28 13:46:04 - [TEST_STEP][PASSED] - setText: Text '5000' is set on object 'Object Repository/MOH AND GRN/Page_KDMC - CMS/input_txttreat'

2018-05-28 13:46:04 - [MESSAGE][PASSED] - Text '5000' is set on object 'Object Repository/MOH AND GRN/Page_KDMC - CMS/input_txttreat'

2018-05-28 13:46:04 - [TEST_STEP][PASSED] - click: Object: 'Object Repository/MOH AND GRN/Page_KDMC - CMS/button_Add' is clicked on

2018-05-28 13:46:04 - [MESSAGE][PASSED] - Object: 'Object Repository/MOH AND GRN/Page_KDMC - CMS/button_Add' is clicked on

2018-05-28 13:46:04 - [TEST_STEP][PASSED] - selectOptionByIndex: All options with index in [11] are selected on object 'Object Repository/MOH AND GRN/Page_KDMC - CMS/select_--Select--Schedule 1Inj'

2018-05-28 13:46:04 - [MESSAGE][PASSED] - All options with index in [11] are selected on object 'Object Repository/MOH AND GRN/Page_KDMC - CMS/select_--Select--Schedule 1Inj'

2018-05-28 13:46:04 - [TEST_STEP][PASSED] - selectOptionByIndex: All options with index in [45] are selected on object 'Object Repository/MOH AND GRN/Page_KDMC - CMS/select_--Select--Adernaline 0.'

2018-05-28 13:46:05 - [MESSAGE][PASSED] - All options with index in [45] are selected on object 'Object Repository/MOH AND GRN/Page_KDMC - CMS/select_--Select--Adernaline 0.'

2018-05-28 13:46:05 - [TEST_STEP][PASSED] - setText: Text '5000' is set on object 'Object Repository/MOH AND GRN/Page_KDMC - CMS/input_txttreat'

2018-05-28 13:46:05 - [MESSAGE][PASSED] - Text '5000' is set on object 'Object Repository/MOH AND GRN/Page_KDMC - CMS/input_txttreat'

2018-05-28 13:46:05 - [TEST_STEP][PASSED] - click: Object: 'Object Repository/MOH AND GRN/Page_KDMC - CMS/button_Add' is clicked on

2018-05-28 13:46:05 - [MESSAGE][PASSED] - Object: 'Object Repository/MOH AND GRN/Page_KDMC - CMS/button_Add' is clicked on

2018-05-28 13:46:05 - [TEST_STEP][PASSED] - selectOptionByIndex: All options with index in [11] are selected on object 'Object Repository/MOH AND GRN/Page_KDMC - CMS/select_--Select--Schedule 1Inj'

2018-05-28 13:46:05 - [MESSAGE][PASSED] - All options with index in [11] are selected on object 'Object Repository/MOH AND GRN/Page_KDMC - CMS/select_--Select--Schedule 1Inj'

2018-05-28 13:46:05 - [TEST_STEP][PASSED] - selectOptionByIndex: All options with index in [46] are selected on object 'Object Repository/MOH AND GRN/Page_KDMC - CMS/select_--Select--Adernaline 0.'

2018-05-28 13:46:06 - [MESSAGE][PASSED] - All options with index in [46] are selected on object 'Object Repository/MOH AND GRN/Page_KDMC - CMS/select_--Select--Adernaline 0.'

2018-05-28 13:46:06 - [TEST_STEP][PASSED] - setText: Text '5000' is set on object 'Object Repository/MOH AND GRN/Page_KDMC - CMS/input_txttreat'

2018-05-28 13:46:06 - [MESSAGE][PASSED] - Text '5000' is set on object 'Object Repository/MOH AND GRN/Page_KDMC - CMS/input_txttreat'

2018-05-28 13:46:06 - [TEST_STEP][PASSED] - click: Object: 'Object Repository/MOH AND GRN/Page_KDMC - CMS/button_Add' is clicked on

2018-05-28 13:46:06 - [MESSAGE][PASSED] - Object: 'Object Repository/MOH AND GRN/Page_KDMC - CMS/button_Add' is clicked on

2018-05-28 13:46:06 - [TEST_STEP][PASSED] - selectOptionByIndex: All options with index in [11] are selected on object 'Object Repository/MOH AND GRN/Page_KDMC - CMS/select_--Select--Schedule 1Inj'

2018-05-28 13:46:06 - [MESSAGE][PASSED] - All options with index in [11] are selected on object 'Object Repository/MOH AND GRN/Page_KDMC - CMS/select_--Select--Schedule 1Inj'

2018-05-28 13:46:06 - [TEST_STEP][PASSED] - selectOptionByIndex: All options with index in [47] are selected on object 'Object Repository/MOH AND GRN/Page_KDMC - CMS/select_--Select--Adernaline 0.'

2018-05-28 13:46:06 - [MESSAGE][PASSED] - All options with index in [47] are selected on object 'Object Repository/MOH AND GRN/Page_KDMC - CMS/select_--Select--Adernaline 0.'

2018-05-28 13:46:06 - [TEST_STEP][PASSED] - setText: Text '5000' is set on object 'Object Repository/MOH AND GRN/Page_KDMC - CMS/input_txttreat'

2018-05-28 13:46:07 - [MESSAGE][PASSED] - Text '5000' is set on object 'Object Repository/MOH AND GRN/Page_KDMC - CMS/input_txttreat'

2018-05-28 13:46:07 - [TEST_STEP][PASSED] - click: Object: 'Object Repository/MOH AND GRN/Page_KDMC - CMS/button_Add' is clicked on

2018-05-28 13:46:07 - [MESSAGE][PASSED] - Object: 'Object Repository/MOH AND GRN/Page_KDMC - CMS/button_Add' is clicked on

2018-05-28 13:46:07 - [TEST_STEP][PASSED] - selectOptionByIndex: All options with index in [11] are selected on object 'Object Repository/MOH AND GRN/Page_KDMC - CMS/select_--Select--Schedule 1Inj'

2018-05-28 13:46:07 - [MESSAGE][PASSED] - All options with index in [11] are selected on object 'Object Repository/MOH AND GRN/Page_KDMC - CMS/select_--Select--Schedule 1Inj'

2018-05-28 13:46:07 - [TEST_STEP][PASSED] - selectOptionByIndex: All options with index in [48] are selected on object 'Object Repository/MOH AND GRN/Page_KDMC - CMS/select_--Select--Adernaline 0.'

2018-05-28 13:46:08 - [MESSAGE][PASSED] - All options with index in [48] are selected on object 'Object Repository/MOH AND GRN/Page_KDMC - CMS/select_--Select--Adernaline 0.'

2018-05-28 13:46:08 - [TEST_STEP][PASSED] - setText: Text '5000' is set on object 'Object Repository/MOH AND GRN/Page_KDMC - CMS/input_txttreat'

2018-05-28 13:46:08 - [MESSAGE][PASSED] - Text '5000' is set on object 'Object Repository/MOH AND GRN/Page_KDMC - CMS/input_txttreat'

2018-05-28 13:46:08 - [TEST_STEP][PASSED] - click: Object: 'Object Repository/MOH AND GRN/Page_KDMC - CMS/button_Add' is clicked on

2018-05-28 13:46:08 - [MESSAGE][PASSED] - Object: 'Object Repository/MOH AND GRN/Page_KDMC - CMS/button_Add' is clicked on

2018-05-28 13:46:08 - [TEST_STEP][PASSED] - selectOptionByIndex: All options with index in [11] are selected on object 'Object Repository/MOH AND GRN/Page_KDMC - CMS/select_--Select--Schedule 1Inj'

2018-05-28 13:46:08 - [MESSAGE][PASSED] - All options with index in [11] are selected on object 'Object Repository/MOH AND GRN/Page_KDMC - CMS/select_--Select--Schedule 1Inj'

2018-05-28 13:46:08 - [TEST_STEP][PASSED] - selectOptionByIndex: All options with index in [49] are selected on object 'Object Repository/MOH AND GRN/Page_KDMC - CMS/select_--Select--Adernaline 0.'

2018-05-28 13:46:09 - [MESSAGE][PASSED] - All options with index in [49] are selected on object 'Object Repository/MOH AND GRN/Page_KDMC - CMS/select_--Select--Adernaline 0.'

2018-05-28 13:46:09 - [TEST_STEP][PASSED] - setText: Text '5000' is set on object 'Object Repository/MOH AND GRN/Page_KDMC - CMS/input_txttreat'

2018-05-28 13:46:09 - [MESSAGE][PASSED] - Text '5000' is set on object 'Object Repository/MOH AND GRN/Page_KDMC - CMS/input_txttreat'

2018-05-28 13:46:09 - [TEST_STEP][PASSED] - click: Object: 'Object Repository/MOH AND GRN/Page_KDMC - CMS/button_Add' is clicked on

2018-05-28 13:46:09 - [MESSAGE][PASSED] - Object: 'Object Repository/MOH AND GRN/Page_KDMC - CMS/button_Add' is clicked on

2018-05-28 13:46:09 - [TEST_STEP][PASSED] - selectOptionByIndex: All options with index in [11] are selected on object 'Object Repository/MOH AND GRN/Page_KDMC - CMS/select_--Select--Schedule 1Inj'

2018-05-28 13:46:09 - [MESSAGE][PASSED] - All options with index in [11] are selected on object 'Object Repository/MOH AND GRN/Page_KDMC - CMS/select_--Select--Schedule 1Inj'

2018-05-28 13:46:09 - [TEST_STEP][PASSED] - selectOptionByIndex: All options with index in [50] are selected on object 'Object Repository/MOH AND GRN/Page_KDMC - CMS/select_--Select--Adernaline 0.'

2018-05-28 13:46:10 - [MESSAGE][PASSED] - All options with index in [50] are selected on object 'Object Repository/MOH AND GRN/Page_KDMC - CMS/select_--Select--Adernaline 0.'

2018-05-28 13:46:10 - [TEST_STEP][PASSED] - setText: Text '5000' is set on object 'Object Repository/MOH AND GRN/Page_KDMC - CMS/input_txttreat'

2018-05-28 13:46:10 - [MESSAGE][PASSED] - Text '5000' is set on object 'Object Repository/MOH AND GRN/Page_KDMC - CMS/input_txttreat'

2018-05-28 13:46:10 - [TEST_STEP][PASSED] - click: Object: 'Object Repository/MOH AND GRN/Page_KDMC - CMS/button_Add' is clicked on

2018-05-28 13:46:10 - [MESSAGE][PASSED] - Object: 'Object Repository/MOH AND GRN/Page_KDMC - CMS/button_Add' is clicked on

2018-05-28 13:46:10 - [TEST_STEP][PASSED] - selectOptionByIndex: All options with index in [11] are selected on object 'Object Repository/MOH AND GRN/Page_KDMC - CMS/select_--Select--Schedule 1Inj'

2018-05-28 13:46:10 - [MESSAGE][PASSED] - All options with index in [11] are selected on object 'Object Repository/MOH AND GRN/Page_KDMC - CMS/select_--Select--Schedule 1Inj'

2018-05-28 13:46:10 - [TEST_STEP][PASSED] - selectOptionByIndex: All options with index in [51] are selected on object 'Object Repository/MOH AND GRN/Page_KDMC - CMS/select_--Select--Adernaline 0.'

2018-05-28 13:46:11 - [MESSAGE][PASSED] - All options with index in [51] are selected on object 'Object Repository/MOH AND GRN/Page_KDMC - CMS/select_--Select--Adernaline 0.'

2018-05-28 13:46:11 - [TEST_STEP][PASSED] - setText: Text '5000' is set on object 'Object Repository/MOH AND GRN/Page_KDMC - CMS/input_txttreat'

2018-05-28 13:46:11 - [MESSAGE][PASSED] - Text '5000' is set on object 'Object Repository/MOH AND GRN/Page_KDMC - CMS/input_txttreat'

2018-05-28 13:46:11 - [TEST_STEP][PASSED] - click: Object: 'Object Repository/MOH AND GRN/Page_KDMC - CMS/button_Add' is clicked on

2018-05-28 13:46:11 - [MESSAGE][PASSED] - Object: 'Object Repository/MOH AND GRN/Page_KDMC - CMS/button_Add' is clicked on

2018-05-28 13:46:11 - [TEST_STEP][PASSED] - selectOptionByIndex: All options with index in [11] are selected on object 'Object Repository/MOH AND GRN/Page_KDMC - CMS/select_--Select--Schedule 1Inj'

2018-05-28 13:46:11 - [MESSAGE][PASSED] - All options with index in [11] are selected on object 'Object Repository/MOH AND GRN/Page_KDMC - CMS/select_--Select--Schedule 1Inj'

2018-05-28 13:46:11 - [TEST_STEP][PASSED] - selectOptionByIndex: All options with index in [52] are selected on object 'Object Repository/MOH AND GRN/Page_KDMC - CMS/select_--Select--Adernaline 0.'

2018-05-28 13:46:12 - [MESSAGE][PASSED] - All options with index in [52] are selected on object 'Object Repository/MOH AND GRN/Page_KDMC - CMS/select_--Select--Adernaline 0.'

2018-05-28 13:46:12 - [TEST_STEP][PASSED] - setText: Text '5000' is set on object 'Object Repository/MOH AND GRN/Page_KDMC - CMS/input_txttreat'

2018-05-28 13:46:12 - [MESSAGE][PASSED] - Text '5000' is set on object 'Object Repository/MOH AND GRN/Page_KDMC - CMS/input_txttreat'

2018-05-28 13:46:12 - [TEST_STEP][PASSED] - click: Object: 'Object Repository/MOH AND GRN/Page_KDMC - CMS/button_Add' is clicked on

2018-05-28 13:46:12 - [MESSAGE][PASSED] - Object: 'Object Repository/MOH AND GRN/Page_KDMC - CMS/button_Add' is clicked on

2018-05-28 13:46:12 - [TEST_STEP][PASSED] - selectOptionByIndex: All options with index in [11] are selected on object 'Object Repository/MOH AND GRN/Page_KDMC - CMS/select_--Select--Schedule 1Inj'

2018-05-28 13:46:12 - [MESSAGE][PASSED] - All options with index in [11] are selected on object 'Object Repository/MOH AND GRN/Page_KDMC - CMS/select_--Select--Schedule 1Inj'

2018-05-28 13:46:12 - [TEST_STEP][PASSED] - selectOptionByIndex: All options with index in [53] are selected on object 'Object Repository/MOH AND GRN/Page_KDMC - CMS/select_--Select--Adernaline 0.'

2018-05-28 13:46:13 - [MESSAGE][PASSED] - All options with index in [53] are selected on object 'Object Repository/MOH AND GRN/Page_KDMC - CMS/select_--Select--Adernaline 0.'

2018-05-28 13:46:13 - [TEST_STEP][PASSED] - setText: Text '5000' is set on object 'Object Repository/MOH AND GRN/Page_KDMC - CMS/input_txttreat'

2018-05-28 13:46:13 - [MESSAGE][PASSED] - Text '5000' is set on object 'Object Repository/MOH AND GRN/Page_KDMC - CMS/input_txttreat'

2018-05-28 13:46:13 - [TEST_STEP][PASSED] - click: Object: 'Object Repository/MOH AND GRN/Page_KDMC - CMS/button_Add' is clicked on

2018-05-28 13:46:13 - [MESSAGE][PASSED] - Object: 'Object Repository/MOH AND GRN/Page_KDMC - CMS/button_Add' is clicked on

2018-05-28 13:46:13 - [TEST_STEP][PASSED] - selectOptionByIndex: All options with index in [11] are selected on object 'Object Repository/MOH AND GRN/Page_KDMC - CMS/select_--Select--Schedule 1Inj'

2018-05-28 13:46:13 - [MESSAGE][PASSED] - All options with index in [11] are selected on object 'Object Repository/MOH AND GRN/Page_KDMC - CMS/select_--Select--Schedule 1Inj'

2018-05-28 13:46:13 - [TEST_STEP][PASSED] - selectOptionByIndex: All options with index in [54] are selected on object 'Object Repository/MOH AND GRN/Page_KDMC - CMS/select_--Select--Adernaline 0.'

2018-05-28 13:46:14 - [MESSAGE][PASSED] - All options with index in [54] are selected on object 'Object Repository/MOH AND GRN/Page_KDMC - CMS/select_--Select--Adernaline 0.'

2018-05-28 13:46:14 - [TEST_STEP][PASSED] - setText: Text '5000' is set on object 'Object Repository/MOH AND GRN/Page_KDMC - CMS/input_txttreat'

2018-05-28 13:46:14 - [MESSAGE][PASSED] - Text '5000' is set on object 'Object Repository/MOH AND GRN/Page_KDMC - CMS/input_txttreat'

2018-05-28 13:46:14 - [TEST_STEP][PASSED] - click: Object: 'Object Repository/MOH AND GRN/Page_KDMC - CMS/button_Add' is clicked on

2018-05-28 13:46:14 - [MESSAGE][PASSED] - Object: 'Object Repository/MOH AND GRN/Page_KDMC - CMS/button_Add' is clicked on

2018-05-28 13:46:14 - [TEST_STEP][PASSED] - selectOptionByIndex: All options with index in [11] are selected on object 'Object Repository/MOH AND GRN/Page_KDMC - CMS/select_--Select--Schedule 1Inj'

2018-05-28 13:46:14 - [MESSAGE][PASSED] - All options with index in [11] are selected on object 'Object Repository/MOH AND GRN/Page_KDMC - CMS/select_--Select--Schedule 1Inj'

2018-05-28 13:46:14 - [TEST_STEP][PASSED] - selectOptionByIndex: All options with index in [55] are selected on object 'Object Repository/MOH AND GRN/Page_KDMC - CMS/select_--Select--Adernaline 0.'

2018-05-28 13:46:15 - [MESSAGE][PASSED] - All options with index in [55] are selected on object 'Object Repository/MOH AND GRN/Page_KDMC - CMS/select_--Select--Adernaline 0.'

2018-05-28 13:46:15 - [TEST_STEP][PASSED] - setText: Text '5000' is set on object 'Object Repository/MOH AND GRN/Page_KDMC - CMS/input_txttreat'

2018-05-28 13:46:15 - [MESSAGE][PASSED] - Text '5000' is set on object 'Object Repository/MOH AND GRN/Page_KDMC - CMS/input_txttreat'

2018-05-28 13:46:15 - [TEST_STEP][PASSED] - click: Object: 'Object Repository/MOH AND GRN/Page_KDMC - CMS/button_Add' is clicked on

2018-05-28 13:46:15 - [MESSAGE][PASSED] - Object: 'Object Repository/MOH AND GRN/Page_KDMC - CMS/button_Add' is clicked on

2018-05-28 13:46:15 - [TEST_STEP][PASSED] - selectOptionByIndex: All options with index in [11] are selected on object 'Object Repository/MOH AND GRN/Page_KDMC - CMS/select_--Select--Schedule 1Inj'

2018-05-28 13:46:15 - [MESSAGE][PASSED] - All options with index in [11] are selected on object 'Object Repository/MOH AND GRN/Page_KDMC - CMS/select_--Select--Schedule 1Inj'

2018-05-28 13:46:15 - [TEST_STEP][PASSED] - selectOptionByIndex: All options with index in [56] are selected on object 'Object Repository/MOH AND GRN/Page_KDMC - CMS/select_--Select--Adernaline 0.'

2018-05-28 13:46:16 - [MESSAGE][PASSED] - All options with index in [56] are selected on object 'Object Repository/MOH AND GRN/Page_KDMC - CMS/select_--Select--Adernaline 0.'

2018-05-28 13:46:16 - [TEST_STEP][PASSED] - setText: Text '5000' is set on object 'Object Repository/MOH AND GRN/Page_KDMC - CMS/input_txttreat'

2018-05-28 13:46:16 - [MESSAGE][PASSED] - Text '5000' is set on object 'Object Repository/MOH AND GRN/Page_KDMC - CMS/input_txttreat'

2018-05-28 13:46:16 - [TEST_STEP][PASSED] - click: Object: 'Object Repository/MOH AND GRN/Page_KDMC - CMS/button_Add' is clicked on

2018-05-28 13:46:16 - [MESSAGE][PASSED] - Object: 'Object Repository/MOH AND GRN/Page_KDMC - CMS/button_Add' is clicked on

2018-05-28 13:46:16 - [TEST_STEP][PASSED] - selectOptionByIndex: All options with index in [11] are selected on object 'Object Repository/MOH AND GRN/Page_KDMC - CMS/select_--Select--Schedule 1Inj'

2018-05-28 13:46:16 - [MESSAGE][PASSED] - All options with index in [11] are selected on object 'Object Repository/MOH AND GRN/Page_KDMC - CMS/select_--Select--Schedule 1Inj'

2018-05-28 13:46:16 - [TEST_STEP][PASSED] - selectOptionByIndex: All options with index in [57] are selected on object 'Object Repository/MOH AND GRN/Page_KDMC - CMS/select_--Select--Adernaline 0.'

2018-05-28 13:46:17 - [MESSAGE][PASSED] - All options with index in [57] are selected on object 'Object Repository/MOH AND GRN/Page_KDMC - CMS/select_--Select--Adernaline 0.'

2018-05-28 13:46:17 - [TEST_STEP][PASSED] - setText: Text '5000' is set on object 'Object Repository/MOH AND GRN/Page_KDMC - CMS/input_txttreat'

2018-05-28 13:46:17 - [MESSAGE][PASSED] - Text '5000' is set on object 'Object Repository/MOH AND GRN/Page_KDMC - CMS/input_txttreat'

2018-05-28 13:46:17 - [TEST_STEP][PASSED] - click: Object: 'Object Repository/MOH AND GRN/Page_KDMC - CMS/button_Add' is clicked on

2018-05-28 13:46:17 - [MESSAGE][PASSED] - Object: 'Object Repository/MOH AND GRN/Page_KDMC - CMS/button_Add' is clicked on

2018-05-28 13:46:17 - [TEST_STEP][PASSED] - selectOptionByIndex: All options with index in [11] are selected on object 'Object Repository/MOH AND GRN/Page_KDMC - CMS/select_--Select--Schedule 1Inj'

2018-05-28 13:46:17 - [MESSAGE][PASSED] - All options with index in [11] are selected on object 'Object Repository/MOH AND GRN/Page_KDMC - CMS/select_--Select--Schedule 1Inj'

2018-05-28 13:46:17 - [TEST_STEP][PASSED] - selectOptionByIndex: All options with index in [58] are selected on object 'Object Repository/MOH AND GRN/Page_KDMC - CMS/select_--Select--Adernaline 0.'

2018-05-28 13:46:18 - [MESSAGE][PASSED] - All options with index in [58] are selected on object 'Object Repository/MOH AND GRN/Page_KDMC - CMS/select_--Select--Adernaline 0.'

2018-05-28 13:46:18 - [TEST_STEP][PASSED] - setText: Text '5000' is set on object 'Object Repository/MOH AND GRN/Page_KDMC - CMS/input_txttreat'

2018-05-28 13:46:18 - [MESSAGE][PASSED] - Text '5000' is set on object 'Object Repository/MOH AND GRN/Page_KDMC - CMS/input_txttreat'

2018-05-28 13:46:18 - [TEST_STEP][PASSED] - click: Object: 'Object Repository/MOH AND GRN/Page_KDMC - CMS/button_Add' is clicked on

2018-05-28 13:46:18 - [MESSAGE][PASSED] - Object: 'Object Repository/MOH AND GRN/Page_KDMC - CMS/button_Add' is clicked on

2018-05-28 13:46:18 - [TEST_STEP][PASSED] - selectOptionByIndex: All options with index in [11] are selected on object 'Object Repository/MOH AND GRN/Page_KDMC - CMS/select_--Select--Schedule 1Inj'

2018-05-28 13:46:18 - [MESSAGE][PASSED] - All options with index in [11] are selected on object 'Object Repository/MOH AND GRN/Page_KDMC - CMS/select_--Select--Schedule 1Inj'

2018-05-28 13:46:18 - [TEST_STEP][PASSED] - selectOptionByIndex: All options with index in [59] are selected on object 'Object Repository/MOH AND GRN/Page_KDMC - CMS/select_--Select--Adernaline 0.'

2018-05-28 13:46:19 - [MESSAGE][PASSED] - All options with index in [59] are selected on object 'Object Repository/MOH AND GRN/Page_KDMC - CMS/select_--Select--Adernaline 0.'

2018-05-28 13:46:19 - [TEST_STEP][PASSED] - setText: Text '5000' is set on object 'Object Repository/MOH AND GRN/Page_KDMC - CMS/input_txttreat'

2018-05-28 13:46:19 - [MESSAGE][PASSED] - Text '5000' is set on object 'Object Repository/MOH AND GRN/Page_KDMC - CMS/input_txttreat'

2018-05-28 13:46:19 - [TEST_STEP][PASSED] - click: Object: 'Object Repository/MOH AND GRN/Page_KDMC - CMS/button_Add' is clicked on

2018-05-28 13:46:19 - [MESSAGE][PASSED] - Object: 'Object Repository/MOH AND GRN/Page_KDMC - CMS/button_Add' is clicked on

2018-05-28 13:46:19 - [TEST_STEP][PASSED] - selectOptionByIndex: All options with index in [11] are selected on object 'Object Repository/MOH AND GRN/Page_KDMC - CMS/select_--Select--Schedule 1Inj'

2018-05-28 13:46:19 - [MESSAGE][PASSED] - All options with index in [11] are selected on object 'Object Repository/MOH AND GRN/Page_KDMC - CMS/select_--Select--Schedule 1Inj'

2018-05-28 13:46:19 - [TEST_STEP][PASSED] - selectOptionByIndex: All options with index in [60] are selected on object 'Object Repository/MOH AND GRN/Page_KDMC - CMS/select_--Select--Adernaline 0.'

2018-05-28 13:46:20 - [MESSAGE][PASSED] - All options with index in [60] are selected on object 'Object Repository/MOH AND GRN/Page_KDMC - CMS/select_--Select--Adernaline 0.'

2018-05-28 13:46:20 - [TEST_STEP][PASSED] - setText: Text '5000' is set on object 'Object Repository/MOH AND GRN/Page_KDMC - CMS/input_txttreat'

2018-05-28 13:46:20 - [MESSAGE][PASSED] - Text '5000' is set on object 'Object Repository/MOH AND GRN/Page_KDMC - CMS/input_txttreat'

2018-05-28 13:46:20 - [TEST_STEP][PASSED] - click: Object: 'Object Repository/MOH AND GRN/Page_KDMC - CMS/button_Add' is clicked on

2018-05-28 13:46:20 - [MESSAGE][PASSED] - Object: 'Object Repository/MOH AND GRN/Page_KDMC - CMS/button_Add' is clicked on

2018-05-28 13:46:20 - [TEST_STEP][PASSED] - selectOptionByIndex: All options with index in [11] are selected on object 'Object Repository/MOH AND GRN/Page_KDMC - CMS/select_--Select--Schedule 1Inj'

2018-05-28 13:46:20 - [MESSAGE][PASSED] - All options with index in [11] are selected on object 'Object Repository/MOH AND GRN/Page_KDMC - CMS/select_--Select--Schedule 1Inj'

2018-05-28 13:46:20 - [TEST_STEP][PASSED] - selectOptionByIndex: All options with index in [61] are selected on object 'Object Repository/MOH AND GRN/Page_KDMC - CMS/select_--Select--Adernaline 0.'

2018-05-28 13:46:21 - [MESSAGE][PASSED] - All options with index in [61] are selected on object 'Object Repository/MOH AND GRN/Page_KDMC - CMS/select_--Select--Adernaline 0.'

2018-05-28 13:46:21 - [TEST_STEP][PASSED] - setText: Text '5000' is set on object 'Object Repository/MOH AND GRN/Page_KDMC - CMS/input_txttreat'

2018-05-28 13:46:21 - [MESSAGE][PASSED] - Text '5000' is set on object 'Object Repository/MOH AND GRN/Page_KDMC - CMS/input_txttreat'

2018-05-28 13:46:21 - [TEST_STEP][PASSED] - click: Object: 'Object Repository/MOH AND GRN/Page_KDMC - CMS/button_Add' is clicked on

2018-05-28 13:46:22 - [MESSAGE][PASSED] - Object: 'Object Repository/MOH AND GRN/Page_KDMC - CMS/button_Add' is clicked on

2018-05-28 13:46:22 - [TEST_STEP][PASSED] - selectOptionByIndex: All options with index in [11] are selected on object 'Object Repository/MOH AND GRN/Page_KDMC - CMS/select_--Select--Schedule 1Inj'

2018-05-28 13:46:22 - [MESSAGE][PASSED] - All options with index in [11] are selected on object 'Object Repository/MOH AND GRN/Page_KDMC - CMS/select_--Select--Schedule 1Inj'

2018-05-28 13:46:22 - [TEST_STEP][PASSED] - selectOptionByIndex: All options with index in [62] are selected on object 'Object Repository/MOH AND GRN/Page_KDMC - CMS/select_--Select--Adernaline 0.'

2018-05-28 13:46:23 - [MESSAGE][PASSED] - All options with index in [62] are selected on object 'Object Repository/MOH AND GRN/Page_KDMC - CMS/select_--Select--Adernaline 0.'

2018-05-28 13:46:23 - [TEST_STEP][PASSED] - setText: Text '5000' is set on object 'Object Repository/MOH AND GRN/Page_KDMC - CMS/input_txttreat'

2018-05-28 13:46:23 - [MESSAGE][PASSED] - Text '5000' is set on object 'Object Repository/MOH AND GRN/Page_KDMC - CMS/input_txttreat'

2018-05-28 13:46:23 - [TEST_STEP][PASSED] - click: Object: 'Object Repository/MOH AND GRN/Page_KDMC - CMS/button_Add' is clicked on

2018-05-28 13:46:23 - [MESSAGE][PASSED] - Object: 'Object Repository/MOH AND GRN/Page_KDMC - CMS/button_Add' is clicked on

2018-05-28 13:46:23 - [TEST_STEP][PASSED] - selectOptionByIndex: All options with index in [11] are selected on object 'Object Repository/MOH AND GRN/Page_KDMC - CMS/select_--Select--Schedule 1Inj'

2018-05-28 13:46:23 - [MESSAGE][PASSED] - All options with index in [11] are selected on object 'Object Repository/MOH AND GRN/Page_KDMC - CMS/select_--Select--Schedule 1Inj'

2018-05-28 13:46:23 - [TEST_STEP][PASSED] - selectOptionByIndex: All options with index in [63] are selected on object 'Object Repository/MOH AND GRN/Page_KDMC - CMS/select_--Select--Adernaline 0.'

2018-05-28 13:46:24 - [MESSAGE][PASSED] - All options with index in [63] are selected on object 'Object Repository/MOH AND GRN/Page_KDMC - CMS/select_--Select--Adernaline 0.'

2018-05-28 13:46:24 - [TEST_STEP][PASSED] - setText: Text '5000' is set on object 'Object Repository/MOH AND GRN/Page_KDMC - CMS/input_txttreat'

2018-05-28 13:46:24 - [MESSAGE][PASSED] - Text '5000' is set on object 'Object Repository/MOH AND GRN/Page_KDMC - CMS/input_txttreat'

2018-05-28 13:46:24 - [TEST_STEP][PASSED] - click: Object: 'Object Repository/MOH AND GRN/Page_KDMC - CMS/button_Add' is clicked on

2018-05-28 13:46:24 - [MESSAGE][PASSED] - Object: 'Object Repository/MOH AND GRN/Page_KDMC - CMS/button_Add' is clicked on

2018-05-28 13:46:24 - [TEST_STEP][PASSED] - selectOptionByIndex: All options with index in [11] are selected on object 'Object Repository/MOH AND GRN/Page_KDMC - CMS/select_--Select--Schedule 1Inj'

2018-05-28 13:46:24 - [MESSAGE][PASSED] - All options with index in [11] are selected on object 'Object Repository/MOH AND GRN/Page_KDMC - CMS/select_--Select--Schedule 1Inj'

2018-05-28 13:46:24 - [TEST_STEP][PASSED] - selectOptionByIndex: All options with index in [64] are selected on object 'Object Repository/MOH AND GRN/Page_KDMC - CMS/select_--Select--Adernaline 0.'

2018-05-28 13:46:25 - [MESSAGE][PASSED] - All options with index in [64] are selected on object 'Object Repository/MOH AND GRN/Page_KDMC - CMS/select_--Select--Adernaline 0.'

2018-05-28 13:46:25 - [TEST_STEP][PASSED] - setText: Text '5000' is set on object 'Object Repository/MOH AND GRN/Page_KDMC - CMS/input_txttreat'

2018-05-28 13:46:25 - [MESSAGE][PASSED] - Text '5000' is set on object 'Object Repository/MOH AND GRN/Page_KDMC - CMS/input_txttreat'

2018-05-28 13:46:25 - [TEST_STEP][PASSED] - click: Object: 'Object Repository/MOH AND GRN/Page_KDMC - CMS/button_Add' is clicked on

2018-05-28 13:46:25 - [MESSAGE][PASSED] - Object: 'Object Repository/MOH AND GRN/Page_KDMC - CMS/button_Add' is clicked on

2018-05-28 13:46:25 - [TEST_STEP][PASSED] - selectOptionByIndex: All options with index in [11] are selected on object 'Object Repository/MOH AND GRN/Page_KDMC - CMS/select_--Select--Schedule 1Inj'

2018-05-28 13:46:25 - [MESSAGE][PASSED] - All options with index in [11] are selected on object 'Object Repository/MOH AND GRN/Page_KDMC - CMS/select_--Select--Schedule 1Inj'

2018-05-28 13:46:25 - [TEST_STEP][PASSED] - selectOptionByIndex: All options with index in [65] are selected on object 'Object Repository/MOH AND GRN/Page_KDMC - CMS/select_--Select--Adernaline 0.'

2018-05-28 13:46:26 - [MESSAGE][PASSED] - All options with index in [65] are selected on object 'Object Repository/MOH AND GRN/Page_KDMC - CMS/select_--Select--Adernaline 0.'

2018-05-28 13:46:26 - [TEST_STEP][PASSED] - setText: Text '5000' is set on object 'Object Repository/MOH AND GRN/Page_KDMC - CMS/input_txttreat'

2018-05-28 13:46:26 - [MESSAGE][PASSED] - Text '5000' is set on object 'Object Repository/MOH AND GRN/Page_KDMC - CMS/input_txttreat'

2018-05-28 13:46:26 - [TEST_STEP][PASSED] - click: Object: 'Object Repository/MOH AND GRN/Page_KDMC - CMS/button_Add' is clicked on

2018-05-28 13:46:26 - [MESSAGE][PASSED] - Object: 'Object Repository/MOH AND GRN/Page_KDMC - CMS/button_Add' is clicked on

2018-05-28 13:46:26 - [TEST_STEP][PASSED] - selectOptionByIndex: All options with index in [11] are selected on object 'Object Repository/MOH AND GRN/Page_KDMC - CMS/select_--Select--Schedule 1Inj'

2018-05-28 13:46:26 - [MESSAGE][PASSED] - All options with index in [11] are selected on object 'Object Repository/MOH AND GRN/Page_KDMC - CMS/select_--Select--Schedule 1Inj'

2018-05-28 13:46:26 - [TEST_STEP][PASSED] - selectOptionByIndex: All options with index in [66] are selected on object 'Object Repository/MOH AND GRN/Page_KDMC - CMS/select_--Select--Adernaline 0.'

2018-05-28 13:46:27 - [MESSAGE][PASSED] - All options with index in [66] are selected on object 'Object Repository/MOH AND GRN/Page_KDMC - CMS/select_--Select--Adernaline 0.'

2018-05-28 13:46:27 - [TEST_STEP][PASSED] - setText: Text '5000' is set on object 'Object Repository/MOH AND GRN/Page_KDMC - CMS/input_txttreat'

2018-05-28 13:46:27 - [MESSAGE][PASSED] - Text '5000' is set on object 'Object Repository/MOH AND GRN/Page_KDMC - CMS/input_txttreat'

2018-05-28 13:46:27 - [TEST_STEP][PASSED] - click: Object: 'Object Repository/MOH AND GRN/Page_KDMC - CMS/button_Add' is clicked on

2018-05-28 13:46:27 - [MESSAGE][PASSED] - Object: 'Object Repository/MOH AND GRN/Page_KDMC - CMS/button_Add' is clicked on

2018-05-28 13:46:27 - [TEST_STEP][PASSED] - selectOptionByIndex: All options with index in [11] are selected on object 'Object Repository/MOH AND GRN/Page_KDMC - CMS/select_--Select--Schedule 1Inj'

2018-05-28 13:46:27 - [MESSAGE][PASSED] - All options with index in [11] are selected on object 'Object Repository/MOH AND GRN/Page_KDMC - CMS/select_--Select--Schedule 1Inj'

2018-05-28 13:46:27 - [TEST_STEP][PASSED] - selectOptionByIndex: All options with index in [67] are selected on object 'Object Repository/MOH AND GRN/Page_KDMC - CMS/select_--Select--Adernaline 0.'

2018-05-28 13:46:28 - [MESSAGE][PASSED] - All options with index in [67] are selected on object 'Object Repository/MOH AND GRN/Page_KDMC - CMS/select_--Select--Adernaline 0.'

2018-05-28 13:46:28 - [TEST_STEP][PASSED] - setText: Text '5000' is set on object 'Object Repository/MOH AND GRN/Page_KDMC - CMS/input_txttreat'

2018-05-28 13:46:28 - [MESSAGE][PASSED] - Text '5000' is set on object 'Object Repository/MOH AND GRN/Page_KDMC - CMS/input_txttreat'

2018-05-28 13:46:28 - [TEST_STEP][PASSED] - click: Object: 'Object Repository/MOH AND GRN/Page_KDMC - CMS/button_Add' is clicked on

2018-05-28 13:46:28 - [MESSAGE][PASSED] - Object: 'Object Repository/MOH AND GRN/Page_KDMC - CMS/button_Add' is clicked on

2018-05-28 13:46:28 - [TEST_STEP][PASSED] - selectOptionByIndex: All options with index in [11] are selected on object 'Object Repository/MOH AND GRN/Page_KDMC - CMS/select_--Select--Schedule 1Inj'

2018-05-28 13:46:28 - [MESSAGE][PASSED] - All options with index in [11] are selected on object 'Object Repository/MOH AND GRN/Page_KDMC - CMS/select_--Select--Schedule 1Inj'

2018-05-28 13:46:28 - [TEST_STEP][PASSED] - selectOptionByIndex: All options with index in [68] are selected on object 'Object Repository/MOH AND GRN/Page_KDMC - CMS/select_--Select--Adernaline 0.'

2018-05-28 13:46:29 - [MESSAGE][PASSED] - All options with index in [68] are selected on object 'Object Repository/MOH AND GRN/Page_KDMC - CMS/select_--Select--Adernaline 0.'

2018-05-28 13:46:29 - [TEST_STEP][PASSED] - setText: Text '5000' is set on object 'Object Repository/MOH AND GRN/Page_KDMC - CMS/input_txttreat'

2018-05-28 13:46:29 - [MESSAGE][PASSED] - Text '5000' is set on object 'Object Repository/MOH AND GRN/Page_KDMC - CMS/input_txttreat'

2018-05-28 13:46:29 - [TEST_STEP][PASSED] - click: Object: 'Object Repository/MOH AND GRN/Page_KDMC - CMS/button_Add' is clicked on

2018-05-28 13:46:29 - [MESSAGE][PASSED] - Object: 'Object Repository/MOH AND GRN/Page_KDMC - CMS/button_Add' is clicked on

2018-05-28 13:46:29 - [TEST_STEP][PASSED] - selectOptionByIndex: All options with index in [11] are selected on object 'Object Repository/MOH AND GRN/Page_KDMC - CMS/select_--Select--Schedule 1Inj'

2018-05-28 13:46:30 - [MESSAGE][PASSED] - All options with index in [11] are selected on object 'Object Repository/MOH AND GRN/Page_KDMC - CMS/select_--Select--Schedule 1Inj'

2018-05-28 13:46:30 - [TEST_STEP][PASSED] - selectOptionByIndex: All options with index in [69] are selected on object 'Object Repository/MOH AND GRN/Page_KDMC - CMS/select_--Select--Adernaline 0.'

2018-05-28 13:46:30 - [MESSAGE][PASSED] - All options with index in [69] are selected on object 'Object Repository/MOH AND GRN/Page_KDMC - CMS/select_--Select--Adernaline 0.'

2018-05-28 13:46:30 - [TEST_STEP][PASSED] - setText: Text '5000' is set on object 'Object Repository/MOH AND GRN/Page_KDMC - CMS/input_txttreat'

2018-05-28 13:46:30 - [MESSAGE][PASSED] - Text '5000' is set on object 'Object Repository/MOH AND GRN/Page_KDMC - CMS/input_txttreat'

2018-05-28 13:46:30 - [TEST_STEP][PASSED] - click: Object: 'Object Repository/MOH AND GRN/Page_KDMC - CMS/button_Add' is clicked on

2018-05-28 13:46:31 - [MESSAGE][PASSED] - Object: 'Object Repository/MOH AND GRN/Page_KDMC - CMS/button_Add' is clicked on

2018-05-28 13:46:31 - [TEST_STEP][PASSED] - selectOptionByIndex: All options with index in [11] are selected on object 'Object Repository/MOH AND GRN/Page_KDMC - CMS/select_--Select--Schedule 1Inj'

2018-05-28 13:46:31 - [MESSAGE][PASSED] - All options with index in [11] are selected on object 'Object Repository/MOH AND GRN/Page_KDMC - CMS/select_--Select--Schedule 1Inj'

2018-05-28 13:46:31 - [TEST_STEP][PASSED] - selectOptionByIndex: All options with index in [70] are selected on object 'Object Repository/MOH AND GRN/Page_KDMC - CMS/select_--Select--Adernaline 0.'

2018-05-28 13:46:31 - [MESSAGE][PASSED] - All options with index in [70] are selected on object 'Object Repository/MOH AND GRN/Page_KDMC - CMS/select_--Select--Adernaline 0.'

2018-05-28 13:46:31 - [TEST_STEP][PASSED] - setText: Text '5000' is set on object 'Object Repository/MOH AND GRN/Page_KDMC - CMS/input_txttreat'

2018-05-28 13:46:32 - [MESSAGE][PASSED] - Text '5000' is set on object 'Object Repository/MOH AND GRN/Page_KDMC - CMS/input_txttreat'

2018-05-28 13:46:32 - [TEST_STEP][PASSED] - click: Object: 'Object Repository/MOH AND GRN/Page_KDMC - CMS/button_Add' is clicked on

2018-05-28 13:46:32 - [MESSAGE][PASSED] - Object: 'Object Repository/MOH AND GRN/Page_KDMC - CMS/button_Add' is clicked on

2018-05-28 13:46:32 - [TEST_STEP][PASSED] - selectOptionByIndex: All options with index in [11] are selected on object 'Object Repository/MOH AND GRN/Page_KDMC - CMS/select_--Select--Schedule 1Inj'

2018-05-28 13:46:32 - [MESSAGE][PASSED] - All options with index in [11] are selected on object 'Object Repository/MOH AND GRN/Page_KDMC - CMS/select_--Select--Schedule 1Inj'

2018-05-28 13:46:32 - [TEST_STEP][PASSED] - selectOptionByIndex: All options with index in [71] are selected on object 'Object Repository/MOH AND GRN/Page_KDMC - CMS/select_--Select--Adernaline 0.'

2018-05-28 13:46:33 - [MESSAGE][PASSED] - All options with index in [71] are selected on object 'Object Repository/MOH AND GRN/Page_KDMC - CMS/select_--Select--Adernaline 0.'

2018-05-28 13:46:33 - [TEST_STEP][PASSED] - setText: Text '5000' is set on object 'Object Repository/MOH AND GRN/Page_KDMC - CMS/input_txttreat'

2018-05-28 13:46:33 - [MESSAGE][PASSED] - Text '5000' is set on object 'Object Repository/MOH AND GRN/Page_KDMC - CMS/input_txttreat'

2018-05-28 13:46:33 - [TEST_STEP][PASSED] - click: Object: 'Object Repository/MOH AND GRN/Page_KDMC - CMS/button_Add' is clicked on

2018-05-28 13:46:33 - [MESSAGE][PASSED] - Object: 'Object Repository/MOH AND GRN/Page_KDMC - CMS/button_Add' is clicked on

2018-05-28 13:46:33 - [TEST_STEP][PASSED] - selectOptionByIndex: All options with index in [11] are selected on object 'Object Repository/MOH AND GRN/Page_KDMC - CMS/select_--Select--Schedule 1Inj'

2018-05-28 13:46:33 - [MESSAGE][PASSED] - All options with index in [11] are selected on object 'Object Repository/MOH AND GRN/Page_KDMC - CMS/select_--Select--Schedule 1Inj'

2018-05-28 13:46:33 - [TEST_STEP][PASSED] - selectOptionByIndex: All options with index in [72] are selected on object 'Object Repository/MOH AND GRN/Page_KDMC - CMS/select_--Select--Adernaline 0.'

2018-05-28 13:46:34 - [MESSAGE][PASSED] - All options with index in [72] are selected on object 'Object Repository/MOH AND GRN/Page_KDMC - CMS/select_--Select--Adernaline 0.'

2018-05-28 13:46:34 - [TEST_STEP][PASSED] - setText: Text '5000' is set on object 'Object Repository/MOH AND GRN/Page_KDMC - CMS/input_txttreat'

2018-05-28 13:46:34 - [MESSAGE][PASSED] - Text '5000' is set on object 'Object Repository/MOH AND GRN/Page_KDMC - CMS/input_txttreat'

2018-05-28 13:46:34 - [TEST_STEP][PASSED] - click: Object: 'Object Repository/MOH AND GRN/Page_KDMC - CMS/button_Add' is clicked on

2018-05-28 13:46:34 - [MESSAGE][PASSED] - Object: 'Object Repository/MOH AND GRN/Page_KDMC - CMS/button_Add' is clicked on

2018-05-28 13:46:34 - [TEST_STEP][PASSED] - selectOptionByIndex: All options with index in [11] are selected on object 'Object Repository/MOH AND GRN/Page_KDMC - CMS/select_--Select--Schedule 1Inj'

2018-05-28 13:46:34 - [MESSAGE][PASSED] - All options with index in [11] are selected on object 'Object Repository/MOH AND GRN/Page_KDMC - CMS/select_--Select--Schedule 1Inj'

2018-05-28 13:46:34 - [TEST_STEP][PASSED] - selectOptionByIndex: All options with index in [73] are selected on object 'Object Repository/MOH AND GRN/Page_KDMC - CMS/select_--Select--Adernaline 0.'

2018-05-28 13:46:35 - [MESSAGE][PASSED] - All options with index in [73] are selected on object 'Object Repository/MOH AND GRN/Page_KDMC - CMS/select_--Select--Adernaline 0.'

2018-05-28 13:46:35 - [TEST_STEP][PASSED] - setText: Text '5000' is set on object 'Object Repository/MOH AND GRN/Page_KDMC - CMS/input_txttreat'

2018-05-28 13:46:35 - [MESSAGE][PASSED] - Text '5000' is set on object 'Object Repository/MOH AND GRN/Page_KDMC - CMS/input_txttreat'

2018-05-28 13:46:35 - [TEST_STEP][PASSED] - click: Object: 'Object Repository/MOH AND GRN/Page_KDMC - CMS/button_Add' is clicked on

2018-05-28 13:46:35 - [MESSAGE][PASSED] - Object: 'Object Repository/MOH AND GRN/Page_KDMC - CMS/button_Add' is clicked on

2018-05-28 13:46:35 - [TEST_STEP][PASSED] - selectOptionByIndex: All options with index in [11] are selected on object 'Object Repository/MOH AND GRN/Page_KDMC - CMS/select_--Select--Schedule 1Inj'

2018-05-28 13:46:35 - [MESSAGE][PASSED] - All options with index in [11] are selected on object 'Object Repository/MOH AND GRN/Page_KDMC - CMS/select_--Select--Schedule 1Inj'

2018-05-28 13:46:35 - [TEST_STEP][PASSED] - selectOptionByIndex: All options with index in [74] are selected on object 'Object Repository/MOH AND GRN/Page_KDMC - CMS/select_--Select--Adernaline 0.'

2018-05-28 13:46:36 - [MESSAGE][PASSED] - All options with index in [74] are selected on object 'Object Repository/MOH AND GRN/Page_KDMC - CMS/select_--Select--Adernaline 0.'

2018-05-28 13:46:36 - [TEST_STEP][PASSED] - setText: Text '5000' is set on object 'Object Repository/MOH AND GRN/Page_KDMC - CMS/input_txttreat'

2018-05-28 13:46:36 - [MESSAGE][PASSED] - Text '5000' is set on object 'Object Repository/MOH AND GRN/Page_KDMC - CMS/input_txttreat'

2018-05-28 13:46:36 - [TEST_STEP][PASSED] - click: Object: 'Object Repository/MOH AND GRN/Page_KDMC - CMS/button_Add' is clicked on

2018-05-28 13:46:36 - [MESSAGE][PASSED] - Object: 'Object Repository/MOH AND GRN/Page_KDMC - CMS/button_Add' is clicked on

2018-05-28 13:46:36 - [TEST_STEP][PASSED] - selectOptionByIndex: All options with index in [11] are selected on object 'Object Repository/MOH AND GRN/Page_KDMC - CMS/select_--Select--Schedule 1Inj'

2018-05-28 13:46:37 - [MESSAGE][PASSED] - All options with index in [11] are selected on object 'Object Repository/MOH AND GRN/Page_KDMC - CMS/select_--Select--Schedule 1Inj'

2018-05-28 13:46:37 - [TEST_STEP][PASSED] - selectOptionByIndex: All options with index in [75] are selected on object 'Object Repository/MOH AND GRN/Page_KDMC - CMS/select_--Select--Adernaline 0.'

2018-05-28 13:46:38 - [MESSAGE][PASSED] - All options with index in [75] are selected on object 'Object Repository/MOH AND GRN/Page_KDMC - CMS/select_--Select--Adernaline 0.'

2018-05-28 13:46:38 - [TEST_STEP][PASSED] - setText: Text '5000' is set on object 'Object Repository/MOH AND GRN/Page_KDMC - CMS/input_txttreat'

2018-05-28 13:46:38 - [MESSAGE][PASSED] - Text '5000' is set on object 'Object Repository/MOH AND GRN/Page_KDMC - CMS/input_txttreat'

2018-05-28 13:46:38 - [TEST_STEP][PASSED] - click: Object: 'Object Repository/MOH AND GRN/Page_KDMC - CMS/button_Add' is clicked on

2018-05-28 13:46:38 - [MESSAGE][PASSED] - Object: 'Object Repository/MOH AND GRN/Page_KDMC - CMS/button_Add' is clicked on

2018-05-28 13:46:38 - [TEST_STEP][PASSED] - selectOptionByIndex: All options with index in [11] are selected on object 'Object Repository/MOH AND GRN/Page_KDMC - CMS/select_--Select--Schedule 1Inj'

2018-05-28 13:46:38 - [MESSAGE][PASSED] - All options with index in [11] are selected on object 'Object Repository/MOH AND GRN/Page_KDMC - CMS/select_--Select--Schedule 1Inj'

2018-05-28 13:46:38 - [TEST_STEP][PASSED] - selectOptionByIndex: All options with index in [76] are selected on object 'Object Repository/MOH AND GRN/Page_KDMC - CMS/select_--Select--Adernaline 0.'

2018-05-28 13:46:39 - [MESSAGE][PASSED] - All options with index in [76] are selected on object 'Object Repository/MOH AND GRN/Page_KDMC - CMS/select_--Select--Adernaline 0.'

2018-05-28 13:46:39 - [TEST_STEP][PASSED] - setText: Text '5000' is set on object 'Object Repository/MOH AND GRN/Page_KDMC - CMS/input_txttreat'

2018-05-28 13:46:39 - [MESSAGE][PASSED] - Text '5000' is set on object 'Object Repository/MOH AND GRN/Page_KDMC - CMS/input_txttreat'

2018-05-28 13:46:39 - [TEST_STEP][PASSED] - click: Object: 'Object Repository/MOH AND GRN/Page_KDMC - CMS/button_Add' is clicked on

2018-05-28 13:46:39 - [MESSAGE][PASSED] - Object: 'Object Repository/MOH AND GRN/Page_KDMC - CMS/button_Add' is clicked on

2018-05-28 13:46:39 - [TEST_STEP][PASSED] - selectOptionByIndex: All options with index in [11] are selected on object 'Object Repository/MOH AND GRN/Page_KDMC - CMS/select_--Select--Schedule 1Inj'

2018-05-28 13:46:39 - [MESSAGE][PASSED] - All options with index in [11] are selected on object 'Object Repository/MOH AND GRN/Page_KDMC - CMS/select_--Select--Schedule 1Inj'

2018-05-28 13:46:39 - [TEST_STEP][PASSED] - selectOptionByIndex: All options with index in [77] are selected on object 'Object Repository/MOH AND GRN/Page_KDMC - CMS/select_--Select--Adernaline 0.'

2018-05-28 13:46:40 - [MESSAGE][PASSED] - All options with index in [77] are selected on object 'Object Repository/MOH AND GRN/Page_KDMC - CMS/select_--Select--Adernaline 0.'

2018-05-28 13:46:40 - [TEST_STEP][PASSED] - setText: Text '5000' is set on object 'Object Repository/MOH AND GRN/Page_KDMC - CMS/input_txttreat'

2018-05-28 13:46:40 - [MESSAGE][PASSED] - Text '5000' is set on object 'Object Repository/MOH AND GRN/Page_KDMC - CMS/input_txttreat'

2018-05-28 13:46:40 - [TEST_STEP][PASSED] - click: Object: 'Object Repository/MOH AND GRN/Page_KDMC - CMS/button_Add' is clicked on

2018-05-28 13:46:40 - [MESSAGE][PASSED] - Object: 'Object Repository/MOH AND GRN/Page_KDMC - CMS/button_Add' is clicked on

2018-05-28 13:46:40 - [TEST_STEP][PASSED] - selectOptionByIndex: All options with index in [11] are selected on object 'Object Repository/MOH AND GRN/Page_KDMC - CMS/select_--Select--Schedule 1Inj'

2018-05-28 13:46:40 - [MESSAGE][PASSED] - All options with index in [11] are selected on object 'Object Repository/MOH AND GRN/Page_KDMC - CMS/select_--Select--Schedule 1Inj'

2018-05-28 13:46:40 - [TEST_STEP][PASSED] - selectOptionByIndex: All options with index in [78] are selected on object 'Object Repository/MOH AND GRN/Page_KDMC - CMS/select_--Select--Adernaline 0.'

2018-05-28 13:46:41 - [MESSAGE][PASSED] - All options with index in [78] are selected on object 'Object Repository/MOH AND GRN/Page_KDMC - CMS/select_--Select--Adernaline 0.'

2018-05-28 13:46:41 - [TEST_STEP][PASSED] - setText: Text '5000' is set on object 'Object Repository/MOH AND GRN/Page_KDMC - CMS/input_txttreat'

2018-05-28 13:46:41 - [MESSAGE][PASSED] - Text '5000' is set on object 'Object Repository/MOH AND GRN/Page_KDMC - CMS/input_txttreat'

2018-05-28 13:46:41 - [TEST_STEP][PASSED] - click: Object: 'Object Repository/MOH AND GRN/Page_KDMC - CMS/button_Add' is clicked on

2018-05-28 13:46:41 - [MESSAGE][PASSED] - Object: 'Object Repository/MOH AND GRN/Page_KDMC - CMS/button_Add' is clicked on

2018-05-28 13:46:41 - [TEST_STEP][PASSED] - selectOptionByIndex: All options with index in [11] are selected on object 'Object Repository/MOH AND GRN/Page_KDMC - CMS/select_--Select--Schedule 1Inj'

2018-05-28 13:46:42 - [MESSAGE][PASSED] - All options with index in [11] are selected on object 'Object Repository/MOH AND GRN/Page_KDMC - CMS/select_--Select--Schedule 1Inj'

2018-05-28 13:46:42 - [TEST_STEP][PASSED] - selectOptionByIndex: All options with index in [79] are selected on object 'Object Repository/MOH AND GRN/Page_KDMC - CMS/select_--Select--Adernaline 0.'

2018-05-28 13:46:43 - [MESSAGE][PASSED] - All options with index in [79] are selected on object 'Object Repository/MOH AND GRN/Page_KDMC - CMS/select_--Select--Adernaline 0.'

2018-05-28 13:46:43 - [TEST_STEP][PASSED] - setText: Text '5000' is set on object 'Object Repository/MOH AND GRN/Page_KDMC - CMS/input_txttreat'

2018-05-28 13:46:43 - [MESSAGE][PASSED] - Text '5000' is set on object 'Object Repository/MOH AND GRN/Page_KDMC - CMS/input_txttreat'

2018-05-28 13:46:43 - [TEST_STEP][PASSED] - click: Object: 'Object Repository/MOH AND GRN/Page_KDMC - CMS/button_Add' is clicked on

2018-05-28 13:46:43 - [MESSAGE][PASSED] - Object: 'Object Repository/MOH AND GRN/Page_KDMC - CMS/button_Add' is clicked on

2018-05-28 13:46:43 - [TEST_STEP][PASSED] - selectOptionByIndex: All options with index in [11] are selected on object 'Object Repository/MOH AND GRN/Page_KDMC - CMS/select_--Select--Schedule 1Inj'

2018-05-28 13:46:43 - [MESSAGE][PASSED] - All options with index in [11] are selected on object 'Object Repository/MOH AND GRN/Page_KDMC - CMS/select_--Select--Schedule 1Inj'

2018-05-28 13:46:43 - [TEST_STEP][PASSED] - selectOptionByIndex: All options with index in [80] are selected on object 'Object Repository/MOH AND GRN/Page_KDMC - CMS/select_--Select--Adernaline 0.'

2018-05-28 13:46:44 - [MESSAGE][PASSED] - All options with index in [80] are selected on object 'Object Repository/MOH AND GRN/Page_KDMC - CMS/select_--Select--Adernaline 0.'

2018-05-28 13:46:44 - [TEST_STEP][PASSED] - setText: Text '5000' is set on object 'Object Repository/MOH AND GRN/Page_KDMC - CMS/input_txttreat'

2018-05-28 13:46:44 - [MESSAGE][PASSED] - Text '5000' is set on object 'Object Repository/MOH AND GRN/Page_KDMC - CMS/input_txttreat'

2018-05-28 13:46:44 - [TEST_STEP][PASSED] - click: Object: 'Object Repository/MOH AND GRN/Page_KDMC - CMS/button_Add' is clicked on

2018-05-28 13:46:44 - [MESSAGE][PASSED] - Object: 'Object Repository/MOH AND GRN/Page_KDMC - CMS/button_Add' is clicked on

2018-05-28 13:46:44 - [TEST_STEP][PASSED] - scrollToElement: Scroll to object 'Object Repository/MOH AND GRN/Page_KDMC - CMS/input_btnsave' successfully

2018-05-28 13:46:44 - [MESSAGE][PASSED] - Scroll to object 'Object Repository/MOH AND GRN/Page_KDMC - CMS/input_btnsave' successfully

2018-05-28 13:46:44 - [TEST_STEP][PASSED] - click: Object: 'Object Repository/MOH AND GRN/Page_KDMC - CMS/input_btnsave' is clicked on

2018-05-28 13:46:44 - [MESSAGE][PASSED] - Object: 'Object Repository/MOH AND GRN/Page_KDMC - CMS/input_btnsave' is clicked on

2018-05-28 13:46:44 - [TEST_STEP][PASSED] - delay: Delayed 3 second(s)

2018-05-28 13:46:47 - [MESSAGE][PASSED] - Delayed 3 second(s)

2018-05-28 13:46:47 - [TEST_STEP][PASSED] - Statement - Request1 = com.kms.katalon.core.webui.keyword.WebUiBuiltInKeywords.getText(com.kms.katalon.core.testobject.ObjectRepository.findTestObject(MOH AND GRN/Page_KDMC - CMS/font_PRNO0505201876)): Text of object 'Object Repository/MOH AND GRN/Page_KDMC - CMS/font_PRNO0505201876' is: 'PRNO/28052018/314'

2018-05-28 13:46:47 - [MESSAGE][PASSED] - Text of object 'Object Repository/MOH AND GRN/Page_KDMC - CMS/font_PRNO0505201876' is: 'PRNO/28052018/314'

2018-05-28 13:46:47 - [TEST_STEP][PASSED] - Statement - out.println("Length OF The Medicine " + Request1): null

2018-05-28 13:46:47 - [TEST_STEP][PASSED] - Statement - RequestNUmber = Request1.split("/")[2].trim(): null

2018-05-28 13:46:47 - [TEST_STEP][PASSED] - Statement - out.println("ID IS " + RequestNUmber): null

2018-05-28 13:46:47 - [TEST_STEP][PASSED] - delay: Delayed 3 second(s)

2018-05-28 13:46:50 - [MESSAGE][PASSED] - Delayed 3 second(s)

2018-05-28 13:46:50 - [TEST_STEP][PASSED] - click: Object: 'Object Repository/MOH AND GRN/Page_KDMC - CMS/button_OK' is clicked on

2018-05-28 13:46:50 - [MESSAGE][PASSED] - Object: 'Object Repository/MOH AND GRN/Page_KDMC - CMS/button_OK' is clicked on

2018-05-28 13:46:50 - [TEST_STEP][FAILED] - click: Unable to click on object 'Object Repository/MOH AND GRN/Page_KDMC - CMS/a_dropdown-toggle' (Root cause: com.kms.katalon.core.webui.exception.WebElementNotFoundException: Web element with id: 'Object Repository/MOH AND GRN/Page_KDMC - CMS/a_dropdown-toggle' located by 'By.xpath: /html[1]/body[@class="skin-blue  pace-done"]/header[@class="header"]/div[@class="row"]/div[@class="col-md-12"]/nav[@class="navbar navbar-static-top"]/div[@class="navbar-right"]/ul[@class="nav navbar-nav"]/li[@class="dropdown user user-menu"]/a[@class="dropdown-toggle"][count(. | //*[@class = 'dropdown-toggle' and @data-toggle = 'dropdown']) = count(//*[@class = 'dropdown-toggle' and @data-toggle = 'dropdown'])]' not found)

2018-05-28 16:07:03 - [MESSAGE][FAILED] - Unable to click on object 'Object Repository/MOH AND GRN/Page_KDMC - CMS/a_dropdown-toggle' (Root cause: com.kms.katalon.core.webui.exception.WebElementNotFoundException: Web element with id: 'Object Repository/MOH AND GRN/Page_KDMC - CMS/a_dropdown-toggle' located by 'By.xpath: /html[1]/body[@class="skin-blue  pace-done"]/header[@class="header"]/div[@class="row"]/div[@class="col-md-12"]/nav[@class="navbar navbar-static-top"]/div[@class="navbar-right"]/ul[@class="nav navbar-nav"]/li[@class="dropdown user user-menu"]/a[@class="dropdown-toggle"][count(. | //*[@class = 'dropdown-toggle' and @data-toggle = 'dropdown']) = count(//*[@class = 'dropdown-toggle' and @data-toggle = 'dropdown'])]' not found)
[[ATTACHMENT|C:\\Users\\Quality Analyst\\Katalon Studio\\ds\\Reports\\MOH REQUEST AND GRN\\20180524_192643\\1527503813518.png]]]]></system-out>
         <system-err><![CDATA[2018-05-28 13:45:23 - [TEST_CASE][FAILED] - Test Cases/TEST/MOH REQUEST AND GRN/Moh Request GRN  Schedule 11: Test Cases/TEST/MOH REQUEST AND GRN/Moh Request GRN  Schedule 11 FAILED because (of) Unable to click on object 'Object Repository/MOH AND GRN/Page_KDMC - CMS/a_dropdown-toggle' (Root cause: com.kms.katalon.core.webui.exception.WebElementNotFoundException: Web element with id: 'Object Repository/MOH AND GRN/Page_KDMC - CMS/a_dropdown-toggle' located by 'By.xpath: /html[1]/body[@class="skin-blue  pace-done"]/header[@class="header"]/div[@class="row"]/div[@class="col-md-12"]/nav[@class="navbar navbar-static-top"]/div[@class="navbar-right"]/ul[@class="nav navbar-nav"]/li[@class="dropdown user user-menu"]/a[@class="dropdown-toggle"][count(. | //*[@class = 'dropdown-toggle' and @data-toggle = 'dropdown']) = count(//*[@class = 'dropdown-toggle' and @data-toggle = 'dropdown'])]' not found)]]></system-err>
      </testcase>
      <testcase name="Test Cases/TEST/MOH REQUEST AND GRN/Moh Request GRN Schedule 12" classname="Test Cases/TEST/MOH REQUEST AND GRN/Moh Request GRN Schedule 12" status="FAILED">
         <failure type="FAILED" message="Unable to navigate to 'http://192.168.137.1/multihospital_new/' (Root cause: org.openqa.selenium.WebDriverException: unknown error: cannot determine loading status
from unknown error: cannot determine loading status
from disconnected: received Inspector.detached event
  (Session info: chrome=66.0.3359.181)
  (Driver info: chromedriver=2.35.528161 (5b82f2d2aae0ca24b877009200ced9065a772e73),platform=Windows NT 10.0.17134 x86_64) (WARNING: The server did not provide any stacktrace information)
Command duration or timeout: 0 milliseconds
Build info: version: '3.7.1', revision: '8a0099a', time: '2017-11-06T21:07:36.161Z'
System info: host: 'DESKTOP-BLFTK83', ip: '169.254.189.85', os.name: 'Windows 10', os.arch: 'amd64', os.version: '10.0', java.version: '1.8.0_102'
Driver info: com.kms.katalon.selenium.driver.CChromeDriver
Capabilities {acceptInsecureCerts: false, acceptSslCerts: false, applicationCacheEnabled: false, browserConnectionEnabled: false, browserName: chrome, chrome: {chromedriverVersion: 2.35.528161 (5b82f2d2aae0ca..., userDataDir: C:\Users\QUALIT~1\AppData\L...}, cssSelectorsEnabled: true, databaseEnabled: false, handlesAlerts: true, hasTouchScreen: false, javascriptEnabled: true, locationContextEnabled: true, mobileEmulationEnabled: false, nativeEvents: true, networkConnectionEnabled: false, pageLoadStrategy: normal, platform: XP, platformName: XP, rotatable: false, setWindowRect: true, takesHeapSnapshot: true, takesScreenshot: true, unexpectedAlertBehaviour: , unhandledPromptBehavior: , version: 66.0.3359.181, webStorageEnabled: true}
Session ID: c126b77c03e49d7eea9b55efff2259fc)"/>
         <system-out><![CDATA[2018-05-28 16:07:03 - [TEST_CASE][FAILED] - Test Cases/TEST/MOH REQUEST AND GRN/Moh Request GRN Schedule 12: Test Cases/TEST/MOH REQUEST AND GRN/Moh Request GRN Schedule 12 FAILED because (of) Unable to navigate to 'http://192.168.137.1/multihospital_new/' (Root cause: org.openqa.selenium.WebDriverException: unknown error: cannot determine loading status
from unknown error: cannot determine loading status
from disconnected: received Inspector.detached event
  (Session info: chrome=66.0.3359.181)
  (Driver info: chromedriver=2.35.528161 (5b82f2d2aae0ca24b877009200ced9065a772e73),platform=Windows NT 10.0.17134 x86_64) (WARNING: The server did not provide any stacktrace information)
Command duration or timeout: 0 milliseconds
Build info: version: '3.7.1', revision: '8a0099a', time: '2017-11-06T21:07:36.161Z'
System info: host: 'DESKTOP-BLFTK83', ip: '169.254.189.85', os.name: 'Windows 10', os.arch: 'amd64', os.version: '10.0', java.version: '1.8.0_102'
Driver info: com.kms.katalon.selenium.driver.CChromeDriver
Capabilities {acceptInsecureCerts: false, acceptSslCerts: false, applicationCacheEnabled: false, browserConnectionEnabled: false, browserName: chrome, chrome: {chromedriverVersion: 2.35.528161 (5b82f2d2aae0ca..., userDataDir: C:\Users\QUALIT~1\AppData\L...}, cssSelectorsEnabled: true, databaseEnabled: false, handlesAlerts: true, hasTouchScreen: false, javascriptEnabled: true, locationContextEnabled: true, mobileEmulationEnabled: false, nativeEvents: true, networkConnectionEnabled: false, pageLoadStrategy: normal, platform: XP, platformName: XP, rotatable: false, setWindowRect: true, takesHeapSnapshot: true, takesScreenshot: true, unexpectedAlertBehaviour: , unhandledPromptBehavior: , version: 66.0.3359.181, webStorageEnabled: true}
Session ID: c126b77c03e49d7eea9b55efff2259fc)

2018-05-28 16:07:03 - [TEST_STEP][PASSED] - openBrowser: Browser is opened with url: ''

2018-05-28 16:07:03 - [MESSAGE][WARNING] - A browser is already opened. Closing browser and opening a new one

2018-05-28 16:07:10 - [MESSAGE][PASSED] - Browser is opened with url: ''

2018-05-28 16:07:10 - [TEST_STEP][FAILED] - navigateToUrl: Unable to navigate to 'http://192.168.137.1/multihospital_new/' (Root cause: org.openqa.selenium.WebDriverException: unknown error: cannot determine loading status
from unknown error: cannot determine loading status
from disconnected: received Inspector.detached event
  (Session info: chrome=66.0.3359.181)
  (Driver info: chromedriver=2.35.528161 (5b82f2d2aae0ca24b877009200ced9065a772e73),platform=Windows NT 10.0.17134 x86_64) (WARNING: The server did not provide any stacktrace information)
Command duration or timeout: 0 milliseconds
Build info: version: '3.7.1', revision: '8a0099a', time: '2017-11-06T21:07:36.161Z'
System info: host: 'DESKTOP-BLFTK83', ip: '169.254.189.85', os.name: 'Windows 10', os.arch: 'amd64', os.version: '10.0', java.version: '1.8.0_102'
Driver info: com.kms.katalon.selenium.driver.CChromeDriver
Capabilities {acceptInsecureCerts: false, acceptSslCerts: false, applicationCacheEnabled: false, browserConnectionEnabled: false, browserName: chrome, chrome: {chromedriverVersion: 2.35.528161 (5b82f2d2aae0ca..., userDataDir: C:\Users\QUALIT~1\AppData\L...}, cssSelectorsEnabled: true, databaseEnabled: false, handlesAlerts: true, hasTouchScreen: false, javascriptEnabled: true, locationContextEnabled: true, mobileEmulationEnabled: false, nativeEvents: true, networkConnectionEnabled: false, pageLoadStrategy: normal, platform: XP, platformName: XP, rotatable: false, setWindowRect: true, takesHeapSnapshot: true, takesScreenshot: true, unexpectedAlertBehaviour: , unhandledPromptBehavior: , version: 66.0.3359.181, webStorageEnabled: true}
Session ID: c126b77c03e49d7eea9b55efff2259fc)

2018-05-28 16:07:18 - [MESSAGE][WARNING] - Cannot take screenshot

2018-05-28 16:07:18 - [MESSAGE][FAILED] - Unable to navigate to 'http://192.168.137.1/multihospital_new/' (Root cause: org.openqa.selenium.WebDriverException: unknown error: cannot determine loading status
from unknown error: cannot determine loading status
from disconnected: received Inspector.detached event
  (Session info: chrome=66.0.3359.181)
  (Driver info: chromedriver=2.35.528161 (5b82f2d2aae0ca24b877009200ced9065a772e73),platform=Windows NT 10.0.17134 x86_64) (WARNING: The server did not provide any stacktrace information)
Command duration or timeout: 0 milliseconds
Build info: version: '3.7.1', revision: '8a0099a', time: '2017-11-06T21:07:36.161Z'
System info: host: 'DESKTOP-BLFTK83', ip: '169.254.189.85', os.name: 'Windows 10', os.arch: 'amd64', os.version: '10.0', java.version: '1.8.0_102'
Driver info: com.kms.katalon.selenium.driver.CChromeDriver
Capabilities {acceptInsecureCerts: false, acceptSslCerts: false, applicationCacheEnabled: false, browserConnectionEnabled: false, browserName: chrome, chrome: {chromedriverVersion: 2.35.528161 (5b82f2d2aae0ca..., userDataDir: C:\Users\QUALIT~1\AppData\L...}, cssSelectorsEnabled: true, databaseEnabled: false, handlesAlerts: true, hasTouchScreen: false, javascriptEnabled: true, locationContextEnabled: true, mobileEmulationEnabled: false, nativeEvents: true, networkConnectionEnabled: false, pageLoadStrategy: normal, platform: XP, platformName: XP, rotatable: false, setWindowRect: true, takesHeapSnapshot: true, takesScreenshot: true, unexpectedAlertBehaviour: , unhandledPromptBehavior: , version: 66.0.3359.181, webStorageEnabled: true}
Session ID: c126b77c03e49d7eea9b55efff2259fc)]]></system-out>
         <system-err><![CDATA[2018-05-28 16:07:03 - [TEST_CASE][FAILED] - Test Cases/TEST/MOH REQUEST AND GRN/Moh Request GRN Schedule 12: Test Cases/TEST/MOH REQUEST AND GRN/Moh Request GRN Schedule 12 FAILED because (of) Unable to navigate to 'http://192.168.137.1/multihospital_new/' (Root cause: org.openqa.selenium.WebDriverException: unknown error: cannot determine loading status
from unknown error: cannot determine loading status
from disconnected: received Inspector.detached event
  (Session info: chrome=66.0.3359.181)
  (Driver info: chromedriver=2.35.528161 (5b82f2d2aae0ca24b877009200ced9065a772e73),platform=Windows NT 10.0.17134 x86_64) (WARNING: The server did not provide any stacktrace information)
Command duration or timeout: 0 milliseconds
Build info: version: '3.7.1', revision: '8a0099a', time: '2017-11-06T21:07:36.161Z'
System info: host: 'DESKTOP-BLFTK83', ip: '169.254.189.85', os.name: 'Windows 10', os.arch: 'amd64', os.version: '10.0', java.version: '1.8.0_102'
Driver info: com.kms.katalon.selenium.driver.CChromeDriver
Capabilities {acceptInsecureCerts: false, acceptSslCerts: false, applicationCacheEnabled: false, browserConnectionEnabled: false, browserName: chrome, chrome: {chromedriverVersion: 2.35.528161 (5b82f2d2aae0ca..., userDataDir: C:\Users\QUALIT~1\AppData\L...}, cssSelectorsEnabled: true, databaseEnabled: false, handlesAlerts: true, hasTouchScreen: false, javascriptEnabled: true, locationContextEnabled: true, mobileEmulationEnabled: false, nativeEvents: true, networkConnectionEnabled: false, pageLoadStrategy: normal, platform: XP, platformName: XP, rotatable: false, setWindowRect: true, takesHeapSnapshot: true, takesScreenshot: true, unexpectedAlertBehaviour: , unhandledPromptBehavior: , version: 66.0.3359.181, webStorageEnabled: true}
Session ID: c126b77c03e49d7eea9b55efff2259fc)]]></system-err>
      </testcase>
      <system-out><![CDATA[2018-05-28 13:16:32 - [TEST_SUITE][FAILED] - MOH REQUEST AND GRN: Test Cases/TEST/MOH REQUEST AND GRN/Moh Request GRN  Schedule 2 FAILED because (of) Unable to select option by index '33' of object 'Object Repository/MOH AND GRN/Page_KDMC - CMS/select_--Select--Adernaline 0.' (Root cause: org.openqa.selenium.NoSuchElementException: Cannot locate option with index: 33
For documentation on this error, please visit: http://seleniumhq.org/exceptions/no_such_element.html
Build info: version: '3.7.1', revision: '8a0099a', time: '2017-11-06T21:07:36.161Z'
System info: host: 'DESKTOP-BLFTK83', ip: '169.254.189.85', os.name: 'Windows 10', os.arch: 'amd64', os.version: '10.0', java.version: '1.8.0_102'
Driver info: driver.version: unknown)]]></system-out>
      <system-err><![CDATA[2018-05-28 13:16:32 - [TEST_SUITE][FAILED] - MOH REQUEST AND GRN: Test Cases/TEST/MOH REQUEST AND GRN/Moh Request GRN  Schedule 2 FAILED because (of) Unable to select option by index '33' of object 'Object Repository/MOH AND GRN/Page_KDMC - CMS/select_--Select--Adernaline 0.' (Root cause: org.openqa.selenium.NoSuchElementException: Cannot locate option with index: 33
For documentation on this error, please visit: http://seleniumhq.org/exceptions/no_such_element.html
Build info: version: '3.7.1', revision: '8a0099a', time: '2017-11-06T21:07:36.161Z'
System info: host: 'DESKTOP-BLFTK83', ip: '169.254.189.85', os.name: 'Windows 10', os.arch: 'amd64', os.version: '10.0', java.version: '1.8.0_102'
Driver info: driver.version: unknown)]]></system-err>
   </testsuite>
</testsuites>
