<?xml version="1.0" encoding="UTF-8"?>
<testsuites name="Pharmacy_Suite" time="2201" tests="10" failures="1" errors="0">
   <testsuite name="Pharmacy_Suite" tests="10" failures="1" errors="0" time="2201" timestamp="2018-06-09 20:15:42" hostname="Quality Analyst - DESKTOP-BLFTK83" id="Test Suites/Pharmacy_Suite">
      <properties>
         <property name="deviceName" value=""/>
         <property name="devicePlatform" value=""/>
         <property name="logFolder" value="C:\\Users\\Quality Analyst\\Katalon Studio\\ds\\Reports\\Pharmacy_Suite\\20180609_181606"/>
         <property name="logFiles" value="C:\\Users\\Quality Analyst\\Katalon Studio\\ds\\Reports\\Pharmacy_Suite\\20180609_181606\\execution0.log, C:\\Users\\Quality Analyst\\Katalon Studio\\ds\\Reports\\Pharmacy_Suite\\20180609_181606\\execution1.log, C:\\Users\\Quality Analyst\\Katalon Studio\\ds\\Reports\\Pharmacy_Suite\\20180609_181606\\execution2.log"/>
         <property name="attachments" value="C:\\Users\\Quality Analyst\\Katalon Studio\\ds\\Reports\\Pharmacy_Suite\\20180609_181606\\1528557591870.png"/>
         <property name="hostName" value="Quality Analyst - DESKTOP-BLFTK83"/>
         <property name="os" value="Windows 10 64bit"/>
         <property name="katalonVersion" value="5.4.2.1"/>
         <property name="browser" value="Chrome 66.0.3359.181"/>
         <property name="hostAddress" value="169.254.189.85"/>
         <property name="sessionId" value="1e33d6750d996d241b9b57e4639f58d5"/>
         <property name="seleniumVersion" value="3.7.1"/>
         <property name="proxyInformation" value="ProxyInformation{proxyOption=NO_PROXY, proxyServerType=HTTP, password=, proxyServerAddress=, proxyServerPort=0}"/>
         <property name="platform" value="Windows 10"/>
      </properties>
      <testcase name="Test Cases/PHARMACY TEST CASES/TC_PHAR_002 Verify Schedule 2 Pharmacy Request Are Working Successfully Or Not" classname="Test Cases/PHARMACY TEST CASES/TC_PHAR_002 Verify Schedule 2 Pharmacy Request Are Working Successfully Or Not" status="PASSED">
         <system-out><![CDATA[2018-06-09 20:15:42 - [TEST_CASE][PASSED] - Test Cases/PHARMACY TEST CASES/TC_PHAR_002 Verify Schedule 2 Pharmacy Request Are Working Successfully Or Not: Test Cases/PHARMACY TEST CASES/TC_PHAR_002 Verify Schedule 2 Pharmacy Request Are Working Successfully Or Not

2018-06-09 20:15:43 - [TEST_STEP][PASSED] - openBrowser: Browser is opened with url: ''

2018-06-09 20:15:46 - [MESSAGE][PASSED] - Browser is opened with url: ''

2018-06-09 20:15:46 - [TEST_STEP][PASSED] - Statement - out.println("Verify Schedule 2 Pharmacy Request Are Working Successfully Or Not"): null

2018-06-09 20:15:46 - [TEST_STEP][PASSED] - navigateToUrl: Navigate to 'http://192.168.137.1/multihospital_new/' successfully

2018-06-09 20:15:47 - [MESSAGE][PASSED] - Navigate to 'http://192.168.137.1/multihospital_new/' successfully

2018-06-09 20:15:47 - [TEST_STEP][PASSED] - maximizeWindow: Current window maximized

2018-06-09 20:15:48 - [MESSAGE][PASSED] - Current window maximized

2018-06-09 20:15:48 - [TEST_STEP][PASSED] - click: Object: 'Object Repository/PharmacyRequest/Page_KDMC/a_Pharmacy' is clicked on

2018-06-09 20:15:49 - [MESSAGE][PASSED] - Object: 'Object Repository/PharmacyRequest/Page_KDMC/a_Pharmacy' is clicked on

2018-06-09 20:15:49 - [TEST_STEP][PASSED] - setText: Text 'raja' is set on object 'Object Repository/PharmacyRequest/Page_Pharmacy login/input_txtusername'

2018-06-09 20:15:49 - [MESSAGE][PASSED] - Text 'raja' is set on object 'Object Repository/PharmacyRequest/Page_Pharmacy login/input_txtusername'

2018-06-09 20:15:49 - [TEST_STEP][PASSED] - setText: Text '123' is set on object 'Object Repository/PharmacyRequest/Page_Pharmacy login/input_txtpassword'

2018-06-09 20:15:49 - [MESSAGE][PASSED] - Text '123' is set on object 'Object Repository/PharmacyRequest/Page_Pharmacy login/input_txtpassword'

2018-06-09 20:15:49 - [TEST_STEP][PASSED] - delay: Delayed 3 second(s)

2018-06-09 20:15:52 - [MESSAGE][PASSED] - Delayed 3 second(s)

2018-06-09 20:15:52 - [TEST_STEP][PASSED] - click: Object: 'Object Repository/PharmacyRequest/Page_Pharmacy login/button_Sign in' is clicked on

2018-06-09 20:15:53 - [MESSAGE][PASSED] - Object: 'Object Repository/PharmacyRequest/Page_Pharmacy login/button_Sign in' is clicked on

2018-06-09 20:15:53 - [TEST_STEP][PASSED] - delay: Delayed 3 second(s)

2018-06-09 20:15:56 - [MESSAGE][PASSED] - Delayed 3 second(s)

2018-06-09 20:15:56 - [TEST_STEP][PASSED] - click: Object: 'Object Repository/PharmacyRequest/Page_KDMC - Pharmacy/a_Inventory' is clicked on

2018-06-09 20:15:58 - [MESSAGE][PASSED] - Object: 'Object Repository/PharmacyRequest/Page_KDMC - Pharmacy/a_Inventory' is clicked on

2018-06-09 20:15:58 - [TEST_STEP][PASSED] - delay: Delayed 3 second(s)

2018-06-09 20:16:01 - [MESSAGE][PASSED] - Delayed 3 second(s)

2018-06-09 20:16:01 - [TEST_STEP][PASSED] - click: Object: 'Object Repository/PharmacyRequest/Page_KDMC-Pharmacy/a_Store Request' is clicked on

2018-06-09 20:16:01 - [MESSAGE][PASSED] - Object: 'Object Repository/PharmacyRequest/Page_KDMC-Pharmacy/a_Store Request' is clicked on

2018-06-09 20:16:01 - [TEST_STEP][PASSED] - click: Object: 'Object Repository/PharmacyRequest/Page_KDMC-Pharmacy/a_Medicine Request' is clicked on

2018-06-09 20:16:02 - [MESSAGE][PASSED] - Object: 'Object Repository/PharmacyRequest/Page_KDMC-Pharmacy/a_Medicine Request' is clicked on

2018-06-09 20:16:02 - [TEST_STEP][PASSED] - selectOptionByIndex: All options with index in [2] are selected on object 'Object Repository/PharmacyRequest/Page_KDMC-Pharmacy/select_--Select--Schedule 1Inj'

2018-06-09 20:16:03 - [MESSAGE][PASSED] - All options with index in [2] are selected on object 'Object Repository/PharmacyRequest/Page_KDMC-Pharmacy/select_--Select--Schedule 1Inj'

2018-06-09 20:16:03 - [TEST_STEP][PASSED] - Statement - MedicineLength = com.kms.katalon.core.webui.keyword.WebUiBuiltInKeywords.getNumberOfTotalOption(com.kms.katalon.core.testobject.ObjectRepository.findTestObject(PharmacyRequest/Page_KDMC-Pharmacy/select_--Select--Albendazole)): 73 options of object 'Object Repository/PharmacyRequest/Page_KDMC-Pharmacy/select_--Select--Albendazole' counted

2018-06-09 20:16:03 - [MESSAGE][PASSED] - 73 options of object 'Object Repository/PharmacyRequest/Page_KDMC-Pharmacy/select_--Select--Albendazole' counted

2018-06-09 20:16:03 - [TEST_STEP][PASSED] - Statement - For ([l = 1, l <= MedicineLength - 1, (l++)]): Object: 'Object Repository/PharmacyRequest/Page_KDMC-Pharmacy/button_Add' is clicked on

2018-06-09 20:16:03 - [TEST_STEP][PASSED] - selectOptionByIndex: All options with index in [2] are selected on object 'Object Repository/PharmacyRequest/Page_KDMC-Pharmacy/select_--Select--Schedule 1Inj'

2018-06-09 20:16:03 - [MESSAGE][PASSED] - All options with index in [2] are selected on object 'Object Repository/PharmacyRequest/Page_KDMC-Pharmacy/select_--Select--Schedule 1Inj'

2018-06-09 20:16:03 - [TEST_STEP][PASSED] - selectOptionByIndex: All options with index in [1] are selected on object 'Object Repository/PharmacyRequest/Page_KDMC-Pharmacy/select_--Select--Albendazole'

2018-06-09 20:16:03 - [MESSAGE][PASSED] - All options with index in [1] are selected on object 'Object Repository/PharmacyRequest/Page_KDMC-Pharmacy/select_--Select--Albendazole'

2018-06-09 20:16:03 - [TEST_STEP][PASSED] - delay: Delayed 1 second(s)

2018-06-09 20:16:04 - [MESSAGE][PASSED] - Delayed 1 second(s)

2018-06-09 20:16:04 - [TEST_STEP][PASSED] - setText: Text '10' is set on object 'Object Repository/PharmacyRequest/Page_KDMC-Pharmacy/input_txttreat'

2018-06-09 20:16:04 - [MESSAGE][PASSED] - Text '10' is set on object 'Object Repository/PharmacyRequest/Page_KDMC-Pharmacy/input_txttreat'

2018-06-09 20:16:04 - [TEST_STEP][PASSED] - click: Object: 'Object Repository/PharmacyRequest/Page_KDMC-Pharmacy/button_Add' is clicked on

2018-06-09 20:16:04 - [MESSAGE][PASSED] - Object: 'Object Repository/PharmacyRequest/Page_KDMC-Pharmacy/button_Add' is clicked on

2018-06-09 20:16:04 - [TEST_STEP][PASSED] - selectOptionByIndex: All options with index in [2] are selected on object 'Object Repository/PharmacyRequest/Page_KDMC-Pharmacy/select_--Select--Schedule 1Inj'

2018-06-09 20:16:04 - [MESSAGE][PASSED] - All options with index in [2] are selected on object 'Object Repository/PharmacyRequest/Page_KDMC-Pharmacy/select_--Select--Schedule 1Inj'

2018-06-09 20:16:04 - [TEST_STEP][PASSED] - selectOptionByIndex: All options with index in [2] are selected on object 'Object Repository/PharmacyRequest/Page_KDMC-Pharmacy/select_--Select--Albendazole'

2018-06-09 20:16:05 - [MESSAGE][PASSED] - All options with index in [2] are selected on object 'Object Repository/PharmacyRequest/Page_KDMC-Pharmacy/select_--Select--Albendazole'

2018-06-09 20:16:05 - [TEST_STEP][PASSED] - delay: Delayed 1 second(s)

2018-06-09 20:16:06 - [MESSAGE][PASSED] - Delayed 1 second(s)

2018-06-09 20:16:06 - [TEST_STEP][PASSED] - setText: Text '10' is set on object 'Object Repository/PharmacyRequest/Page_KDMC-Pharmacy/input_txttreat'

2018-06-09 20:16:06 - [MESSAGE][PASSED] - Text '10' is set on object 'Object Repository/PharmacyRequest/Page_KDMC-Pharmacy/input_txttreat'

2018-06-09 20:16:06 - [TEST_STEP][PASSED] - click: Object: 'Object Repository/PharmacyRequest/Page_KDMC-Pharmacy/button_Add' is clicked on

2018-06-09 20:16:06 - [MESSAGE][PASSED] - Object: 'Object Repository/PharmacyRequest/Page_KDMC-Pharmacy/button_Add' is clicked on

2018-06-09 20:16:06 - [TEST_STEP][PASSED] - selectOptionByIndex: All options with index in [2] are selected on object 'Object Repository/PharmacyRequest/Page_KDMC-Pharmacy/select_--Select--Schedule 1Inj'

2018-06-09 20:16:06 - [MESSAGE][PASSED] - All options with index in [2] are selected on object 'Object Repository/PharmacyRequest/Page_KDMC-Pharmacy/select_--Select--Schedule 1Inj'

2018-06-09 20:16:06 - [TEST_STEP][PASSED] - selectOptionByIndex: All options with index in [3] are selected on object 'Object Repository/PharmacyRequest/Page_KDMC-Pharmacy/select_--Select--Albendazole'

2018-06-09 20:16:06 - [MESSAGE][PASSED] - All options with index in [3] are selected on object 'Object Repository/PharmacyRequest/Page_KDMC-Pharmacy/select_--Select--Albendazole'

2018-06-09 20:16:06 - [TEST_STEP][PASSED] - delay: Delayed 1 second(s)

2018-06-09 20:16:07 - [MESSAGE][PASSED] - Delayed 1 second(s)

2018-06-09 20:16:07 - [TEST_STEP][PASSED] - setText: Text '10' is set on object 'Object Repository/PharmacyRequest/Page_KDMC-Pharmacy/input_txttreat'

2018-06-09 20:16:07 - [MESSAGE][PASSED] - Text '10' is set on object 'Object Repository/PharmacyRequest/Page_KDMC-Pharmacy/input_txttreat'

2018-06-09 20:16:07 - [TEST_STEP][PASSED] - click: Object: 'Object Repository/PharmacyRequest/Page_KDMC-Pharmacy/button_Add' is clicked on

2018-06-09 20:16:07 - [MESSAGE][PASSED] - Object: 'Object Repository/PharmacyRequest/Page_KDMC-Pharmacy/button_Add' is clicked on

2018-06-09 20:16:07 - [TEST_STEP][PASSED] - selectOptionByIndex: All options with index in [2] are selected on object 'Object Repository/PharmacyRequest/Page_KDMC-Pharmacy/select_--Select--Schedule 1Inj'

2018-06-09 20:16:07 - [MESSAGE][PASSED] - All options with index in [2] are selected on object 'Object Repository/PharmacyRequest/Page_KDMC-Pharmacy/select_--Select--Schedule 1Inj'

2018-06-09 20:16:07 - [TEST_STEP][PASSED] - selectOptionByIndex: All options with index in [4] are selected on object 'Object Repository/PharmacyRequest/Page_KDMC-Pharmacy/select_--Select--Albendazole'

2018-06-09 20:16:07 - [MESSAGE][PASSED] - All options with index in [4] are selected on object 'Object Repository/PharmacyRequest/Page_KDMC-Pharmacy/select_--Select--Albendazole'

2018-06-09 20:16:07 - [TEST_STEP][PASSED] - delay: Delayed 1 second(s)

2018-06-09 20:16:08 - [MESSAGE][PASSED] - Delayed 1 second(s)

2018-06-09 20:16:08 - [TEST_STEP][PASSED] - setText: Text '10' is set on object 'Object Repository/PharmacyRequest/Page_KDMC-Pharmacy/input_txttreat'

2018-06-09 20:16:08 - [MESSAGE][PASSED] - Text '10' is set on object 'Object Repository/PharmacyRequest/Page_KDMC-Pharmacy/input_txttreat'

2018-06-09 20:16:08 - [TEST_STEP][PASSED] - click: Object: 'Object Repository/PharmacyRequest/Page_KDMC-Pharmacy/button_Add' is clicked on

2018-06-09 20:16:09 - [MESSAGE][PASSED] - Object: 'Object Repository/PharmacyRequest/Page_KDMC-Pharmacy/button_Add' is clicked on

2018-06-09 20:16:09 - [TEST_STEP][PASSED] - selectOptionByIndex: All options with index in [2] are selected on object 'Object Repository/PharmacyRequest/Page_KDMC-Pharmacy/select_--Select--Schedule 1Inj'

2018-06-09 20:16:09 - [MESSAGE][PASSED] - All options with index in [2] are selected on object 'Object Repository/PharmacyRequest/Page_KDMC-Pharmacy/select_--Select--Schedule 1Inj'

2018-06-09 20:16:09 - [TEST_STEP][PASSED] - selectOptionByIndex: All options with index in [5] are selected on object 'Object Repository/PharmacyRequest/Page_KDMC-Pharmacy/select_--Select--Albendazole'

2018-06-09 20:16:09 - [MESSAGE][PASSED] - All options with index in [5] are selected on object 'Object Repository/PharmacyRequest/Page_KDMC-Pharmacy/select_--Select--Albendazole'

2018-06-09 20:16:09 - [TEST_STEP][PASSED] - delay: Delayed 1 second(s)

2018-06-09 20:16:10 - [MESSAGE][PASSED] - Delayed 1 second(s)

2018-06-09 20:16:10 - [TEST_STEP][PASSED] - setText: Text '10' is set on object 'Object Repository/PharmacyRequest/Page_KDMC-Pharmacy/input_txttreat'

2018-06-09 20:16:10 - [MESSAGE][PASSED] - Text '10' is set on object 'Object Repository/PharmacyRequest/Page_KDMC-Pharmacy/input_txttreat'

2018-06-09 20:16:10 - [TEST_STEP][PASSED] - click: Object: 'Object Repository/PharmacyRequest/Page_KDMC-Pharmacy/button_Add' is clicked on

2018-06-09 20:16:10 - [MESSAGE][PASSED] - Object: 'Object Repository/PharmacyRequest/Page_KDMC-Pharmacy/button_Add' is clicked on

2018-06-09 20:16:10 - [TEST_STEP][PASSED] - selectOptionByIndex: All options with index in [2] are selected on object 'Object Repository/PharmacyRequest/Page_KDMC-Pharmacy/select_--Select--Schedule 1Inj'

2018-06-09 20:16:10 - [MESSAGE][PASSED] - All options with index in [2] are selected on object 'Object Repository/PharmacyRequest/Page_KDMC-Pharmacy/select_--Select--Schedule 1Inj'

2018-06-09 20:16:10 - [TEST_STEP][PASSED] - selectOptionByIndex: All options with index in [6] are selected on object 'Object Repository/PharmacyRequest/Page_KDMC-Pharmacy/select_--Select--Albendazole'

2018-06-09 20:16:10 - [MESSAGE][PASSED] - All options with index in [6] are selected on object 'Object Repository/PharmacyRequest/Page_KDMC-Pharmacy/select_--Select--Albendazole'

2018-06-09 20:16:10 - [TEST_STEP][PASSED] - delay: Delayed 1 second(s)

2018-06-09 20:16:11 - [MESSAGE][PASSED] - Delayed 1 second(s)

2018-06-09 20:16:11 - [TEST_STEP][PASSED] - setText: Text '10' is set on object 'Object Repository/PharmacyRequest/Page_KDMC-Pharmacy/input_txttreat'

2018-06-09 20:16:11 - [MESSAGE][PASSED] - Text '10' is set on object 'Object Repository/PharmacyRequest/Page_KDMC-Pharmacy/input_txttreat'

2018-06-09 20:16:11 - [TEST_STEP][PASSED] - click: Object: 'Object Repository/PharmacyRequest/Page_KDMC-Pharmacy/button_Add' is clicked on

2018-06-09 20:16:11 - [MESSAGE][PASSED] - Object: 'Object Repository/PharmacyRequest/Page_KDMC-Pharmacy/button_Add' is clicked on

2018-06-09 20:16:11 - [TEST_STEP][PASSED] - selectOptionByIndex: All options with index in [2] are selected on object 'Object Repository/PharmacyRequest/Page_KDMC-Pharmacy/select_--Select--Schedule 1Inj'

2018-06-09 20:16:12 - [MESSAGE][PASSED] - All options with index in [2] are selected on object 'Object Repository/PharmacyRequest/Page_KDMC-Pharmacy/select_--Select--Schedule 1Inj'

2018-06-09 20:16:12 - [TEST_STEP][PASSED] - selectOptionByIndex: All options with index in [7] are selected on object 'Object Repository/PharmacyRequest/Page_KDMC-Pharmacy/select_--Select--Albendazole'

2018-06-09 20:16:12 - [MESSAGE][PASSED] - All options with index in [7] are selected on object 'Object Repository/PharmacyRequest/Page_KDMC-Pharmacy/select_--Select--Albendazole'

2018-06-09 20:16:12 - [TEST_STEP][PASSED] - delay: Delayed 1 second(s)

2018-06-09 20:16:13 - [MESSAGE][PASSED] - Delayed 1 second(s)

2018-06-09 20:16:13 - [TEST_STEP][PASSED] - setText: Text '10' is set on object 'Object Repository/PharmacyRequest/Page_KDMC-Pharmacy/input_txttreat'

2018-06-09 20:16:13 - [MESSAGE][PASSED] - Text '10' is set on object 'Object Repository/PharmacyRequest/Page_KDMC-Pharmacy/input_txttreat'

2018-06-09 20:16:13 - [TEST_STEP][PASSED] - click: Object: 'Object Repository/PharmacyRequest/Page_KDMC-Pharmacy/button_Add' is clicked on

2018-06-09 20:16:13 - [MESSAGE][PASSED] - Object: 'Object Repository/PharmacyRequest/Page_KDMC-Pharmacy/button_Add' is clicked on

2018-06-09 20:16:13 - [TEST_STEP][PASSED] - selectOptionByIndex: All options with index in [2] are selected on object 'Object Repository/PharmacyRequest/Page_KDMC-Pharmacy/select_--Select--Schedule 1Inj'

2018-06-09 20:16:13 - [MESSAGE][PASSED] - All options with index in [2] are selected on object 'Object Repository/PharmacyRequest/Page_KDMC-Pharmacy/select_--Select--Schedule 1Inj'

2018-06-09 20:16:13 - [TEST_STEP][PASSED] - selectOptionByIndex: All options with index in [8] are selected on object 'Object Repository/PharmacyRequest/Page_KDMC-Pharmacy/select_--Select--Albendazole'

2018-06-09 20:16:13 - [MESSAGE][PASSED] - All options with index in [8] are selected on object 'Object Repository/PharmacyRequest/Page_KDMC-Pharmacy/select_--Select--Albendazole'

2018-06-09 20:16:13 - [TEST_STEP][PASSED] - delay: Delayed 1 second(s)

2018-06-09 20:16:14 - [MESSAGE][PASSED] - Delayed 1 second(s)

2018-06-09 20:16:14 - [TEST_STEP][PASSED] - setText: Text '10' is set on object 'Object Repository/PharmacyRequest/Page_KDMC-Pharmacy/input_txttreat'

2018-06-09 20:16:14 - [MESSAGE][PASSED] - Text '10' is set on object 'Object Repository/PharmacyRequest/Page_KDMC-Pharmacy/input_txttreat'

2018-06-09 20:16:14 - [TEST_STEP][PASSED] - click: Object: 'Object Repository/PharmacyRequest/Page_KDMC-Pharmacy/button_Add' is clicked on

2018-06-09 20:16:14 - [MESSAGE][PASSED] - Object: 'Object Repository/PharmacyRequest/Page_KDMC-Pharmacy/button_Add' is clicked on

2018-06-09 20:16:14 - [TEST_STEP][PASSED] - selectOptionByIndex: All options with index in [2] are selected on object 'Object Repository/PharmacyRequest/Page_KDMC-Pharmacy/select_--Select--Schedule 1Inj'

2018-06-09 20:16:15 - [MESSAGE][PASSED] - All options with index in [2] are selected on object 'Object Repository/PharmacyRequest/Page_KDMC-Pharmacy/select_--Select--Schedule 1Inj'

2018-06-09 20:16:15 - [TEST_STEP][PASSED] - selectOptionByIndex: All options with index in [9] are selected on object 'Object Repository/PharmacyRequest/Page_KDMC-Pharmacy/select_--Select--Albendazole'

2018-06-09 20:16:15 - [MESSAGE][PASSED] - All options with index in [9] are selected on object 'Object Repository/PharmacyRequest/Page_KDMC-Pharmacy/select_--Select--Albendazole'

2018-06-09 20:16:15 - [TEST_STEP][PASSED] - delay: Delayed 1 second(s)

2018-06-09 20:16:16 - [MESSAGE][PASSED] - Delayed 1 second(s)

2018-06-09 20:16:16 - [TEST_STEP][PASSED] - setText: Text '10' is set on object 'Object Repository/PharmacyRequest/Page_KDMC-Pharmacy/input_txttreat'

2018-06-09 20:16:16 - [MESSAGE][PASSED] - Text '10' is set on object 'Object Repository/PharmacyRequest/Page_KDMC-Pharmacy/input_txttreat'

2018-06-09 20:16:16 - [TEST_STEP][PASSED] - click: Object: 'Object Repository/PharmacyRequest/Page_KDMC-Pharmacy/button_Add' is clicked on

2018-06-09 20:16:16 - [MESSAGE][PASSED] - Object: 'Object Repository/PharmacyRequest/Page_KDMC-Pharmacy/button_Add' is clicked on

2018-06-09 20:16:16 - [TEST_STEP][PASSED] - selectOptionByIndex: All options with index in [2] are selected on object 'Object Repository/PharmacyRequest/Page_KDMC-Pharmacy/select_--Select--Schedule 1Inj'

2018-06-09 20:16:16 - [MESSAGE][PASSED] - All options with index in [2] are selected on object 'Object Repository/PharmacyRequest/Page_KDMC-Pharmacy/select_--Select--Schedule 1Inj'

2018-06-09 20:16:16 - [TEST_STEP][PASSED] - selectOptionByIndex: All options with index in [10] are selected on object 'Object Repository/PharmacyRequest/Page_KDMC-Pharmacy/select_--Select--Albendazole'

2018-06-09 20:16:16 - [MESSAGE][PASSED] - All options with index in [10] are selected on object 'Object Repository/PharmacyRequest/Page_KDMC-Pharmacy/select_--Select--Albendazole'

2018-06-09 20:16:16 - [TEST_STEP][PASSED] - delay: Delayed 1 second(s)

2018-06-09 20:16:17 - [MESSAGE][PASSED] - Delayed 1 second(s)

2018-06-09 20:16:17 - [TEST_STEP][PASSED] - setText: Text '10' is set on object 'Object Repository/PharmacyRequest/Page_KDMC-Pharmacy/input_txttreat'

2018-06-09 20:16:17 - [MESSAGE][PASSED] - Text '10' is set on object 'Object Repository/PharmacyRequest/Page_KDMC-Pharmacy/input_txttreat'

2018-06-09 20:16:17 - [TEST_STEP][PASSED] - click: Object: 'Object Repository/PharmacyRequest/Page_KDMC-Pharmacy/button_Add' is clicked on

2018-06-09 20:16:17 - [MESSAGE][PASSED] - Object: 'Object Repository/PharmacyRequest/Page_KDMC-Pharmacy/button_Add' is clicked on

2018-06-09 20:16:17 - [TEST_STEP][PASSED] - selectOptionByIndex: All options with index in [2] are selected on object 'Object Repository/PharmacyRequest/Page_KDMC-Pharmacy/select_--Select--Schedule 1Inj'

2018-06-09 20:16:17 - [MESSAGE][PASSED] - All options with index in [2] are selected on object 'Object Repository/PharmacyRequest/Page_KDMC-Pharmacy/select_--Select--Schedule 1Inj'

2018-06-09 20:16:17 - [TEST_STEP][PASSED] - selectOptionByIndex: All options with index in [11] are selected on object 'Object Repository/PharmacyRequest/Page_KDMC-Pharmacy/select_--Select--Albendazole'

2018-06-09 20:16:18 - [MESSAGE][PASSED] - All options with index in [11] are selected on object 'Object Repository/PharmacyRequest/Page_KDMC-Pharmacy/select_--Select--Albendazole'

2018-06-09 20:16:18 - [TEST_STEP][PASSED] - delay: Delayed 1 second(s)

2018-06-09 20:16:19 - [MESSAGE][PASSED] - Delayed 1 second(s)

2018-06-09 20:16:19 - [TEST_STEP][PASSED] - setText: Text '10' is set on object 'Object Repository/PharmacyRequest/Page_KDMC-Pharmacy/input_txttreat'

2018-06-09 20:16:19 - [MESSAGE][PASSED] - Text '10' is set on object 'Object Repository/PharmacyRequest/Page_KDMC-Pharmacy/input_txttreat'

2018-06-09 20:16:19 - [TEST_STEP][PASSED] - click: Object: 'Object Repository/PharmacyRequest/Page_KDMC-Pharmacy/button_Add' is clicked on

2018-06-09 20:16:19 - [MESSAGE][PASSED] - Object: 'Object Repository/PharmacyRequest/Page_KDMC-Pharmacy/button_Add' is clicked on

2018-06-09 20:16:19 - [TEST_STEP][PASSED] - selectOptionByIndex: All options with index in [2] are selected on object 'Object Repository/PharmacyRequest/Page_KDMC-Pharmacy/select_--Select--Schedule 1Inj'

2018-06-09 20:16:19 - [MESSAGE][PASSED] - All options with index in [2] are selected on object 'Object Repository/PharmacyRequest/Page_KDMC-Pharmacy/select_--Select--Schedule 1Inj'

2018-06-09 20:16:19 - [TEST_STEP][PASSED] - selectOptionByIndex: All options with index in [12] are selected on object 'Object Repository/PharmacyRequest/Page_KDMC-Pharmacy/select_--Select--Albendazole'

2018-06-09 20:16:19 - [MESSAGE][PASSED] - All options with index in [12] are selected on object 'Object Repository/PharmacyRequest/Page_KDMC-Pharmacy/select_--Select--Albendazole'

2018-06-09 20:16:19 - [TEST_STEP][PASSED] - delay: Delayed 1 second(s)

2018-06-09 20:16:20 - [MESSAGE][PASSED] - Delayed 1 second(s)

2018-06-09 20:16:20 - [TEST_STEP][PASSED] - setText: Text '10' is set on object 'Object Repository/PharmacyRequest/Page_KDMC-Pharmacy/input_txttreat'

2018-06-09 20:16:20 - [MESSAGE][PASSED] - Text '10' is set on object 'Object Repository/PharmacyRequest/Page_KDMC-Pharmacy/input_txttreat'

2018-06-09 20:16:20 - [TEST_STEP][PASSED] - click: Object: 'Object Repository/PharmacyRequest/Page_KDMC-Pharmacy/button_Add' is clicked on

2018-06-09 20:16:20 - [MESSAGE][PASSED] - Object: 'Object Repository/PharmacyRequest/Page_KDMC-Pharmacy/button_Add' is clicked on

2018-06-09 20:16:20 - [TEST_STEP][PASSED] - selectOptionByIndex: All options with index in [2] are selected on object 'Object Repository/PharmacyRequest/Page_KDMC-Pharmacy/select_--Select--Schedule 1Inj'

2018-06-09 20:16:21 - [MESSAGE][PASSED] - All options with index in [2] are selected on object 'Object Repository/PharmacyRequest/Page_KDMC-Pharmacy/select_--Select--Schedule 1Inj'

2018-06-09 20:16:21 - [TEST_STEP][PASSED] - selectOptionByIndex: All options with index in [13] are selected on object 'Object Repository/PharmacyRequest/Page_KDMC-Pharmacy/select_--Select--Albendazole'

2018-06-09 20:16:21 - [MESSAGE][PASSED] - All options with index in [13] are selected on object 'Object Repository/PharmacyRequest/Page_KDMC-Pharmacy/select_--Select--Albendazole'

2018-06-09 20:16:21 - [TEST_STEP][PASSED] - delay: Delayed 1 second(s)

2018-06-09 20:16:22 - [MESSAGE][PASSED] - Delayed 1 second(s)

2018-06-09 20:16:22 - [TEST_STEP][PASSED] - setText: Text '10' is set on object 'Object Repository/PharmacyRequest/Page_KDMC-Pharmacy/input_txttreat'

2018-06-09 20:16:22 - [MESSAGE][PASSED] - Text '10' is set on object 'Object Repository/PharmacyRequest/Page_KDMC-Pharmacy/input_txttreat'

2018-06-09 20:16:22 - [TEST_STEP][PASSED] - click: Object: 'Object Repository/PharmacyRequest/Page_KDMC-Pharmacy/button_Add' is clicked on

2018-06-09 20:16:22 - [MESSAGE][PASSED] - Object: 'Object Repository/PharmacyRequest/Page_KDMC-Pharmacy/button_Add' is clicked on

2018-06-09 20:16:22 - [TEST_STEP][PASSED] - selectOptionByIndex: All options with index in [2] are selected on object 'Object Repository/PharmacyRequest/Page_KDMC-Pharmacy/select_--Select--Schedule 1Inj'

2018-06-09 20:16:22 - [MESSAGE][PASSED] - All options with index in [2] are selected on object 'Object Repository/PharmacyRequest/Page_KDMC-Pharmacy/select_--Select--Schedule 1Inj'

2018-06-09 20:16:22 - [TEST_STEP][PASSED] - selectOptionByIndex: All options with index in [14] are selected on object 'Object Repository/PharmacyRequest/Page_KDMC-Pharmacy/select_--Select--Albendazole'

2018-06-09 20:16:22 - [MESSAGE][PASSED] - All options with index in [14] are selected on object 'Object Repository/PharmacyRequest/Page_KDMC-Pharmacy/select_--Select--Albendazole'

2018-06-09 20:16:22 - [TEST_STEP][PASSED] - delay: Delayed 1 second(s)

2018-06-09 20:16:23 - [MESSAGE][PASSED] - Delayed 1 second(s)

2018-06-09 20:16:23 - [TEST_STEP][PASSED] - setText: Text '10' is set on object 'Object Repository/PharmacyRequest/Page_KDMC-Pharmacy/input_txttreat'

2018-06-09 20:16:23 - [MESSAGE][PASSED] - Text '10' is set on object 'Object Repository/PharmacyRequest/Page_KDMC-Pharmacy/input_txttreat'

2018-06-09 20:16:23 - [TEST_STEP][PASSED] - click: Object: 'Object Repository/PharmacyRequest/Page_KDMC-Pharmacy/button_Add' is clicked on

2018-06-09 20:16:23 - [MESSAGE][PASSED] - Object: 'Object Repository/PharmacyRequest/Page_KDMC-Pharmacy/button_Add' is clicked on

2018-06-09 20:16:23 - [TEST_STEP][PASSED] - selectOptionByIndex: All options with index in [2] are selected on object 'Object Repository/PharmacyRequest/Page_KDMC-Pharmacy/select_--Select--Schedule 1Inj'

2018-06-09 20:16:24 - [MESSAGE][PASSED] - All options with index in [2] are selected on object 'Object Repository/PharmacyRequest/Page_KDMC-Pharmacy/select_--Select--Schedule 1Inj'

2018-06-09 20:16:24 - [TEST_STEP][PASSED] - selectOptionByIndex: All options with index in [15] are selected on object 'Object Repository/PharmacyRequest/Page_KDMC-Pharmacy/select_--Select--Albendazole'

2018-06-09 20:16:24 - [MESSAGE][PASSED] - All options with index in [15] are selected on object 'Object Repository/PharmacyRequest/Page_KDMC-Pharmacy/select_--Select--Albendazole'

2018-06-09 20:16:24 - [TEST_STEP][PASSED] - delay: Delayed 1 second(s)

2018-06-09 20:16:25 - [MESSAGE][PASSED] - Delayed 1 second(s)

2018-06-09 20:16:25 - [TEST_STEP][PASSED] - setText: Text '10' is set on object 'Object Repository/PharmacyRequest/Page_KDMC-Pharmacy/input_txttreat'

2018-06-09 20:16:25 - [MESSAGE][PASSED] - Text '10' is set on object 'Object Repository/PharmacyRequest/Page_KDMC-Pharmacy/input_txttreat'

2018-06-09 20:16:25 - [TEST_STEP][PASSED] - click: Object: 'Object Repository/PharmacyRequest/Page_KDMC-Pharmacy/button_Add' is clicked on

2018-06-09 20:16:25 - [MESSAGE][PASSED] - Object: 'Object Repository/PharmacyRequest/Page_KDMC-Pharmacy/button_Add' is clicked on

2018-06-09 20:16:25 - [TEST_STEP][PASSED] - selectOptionByIndex: All options with index in [2] are selected on object 'Object Repository/PharmacyRequest/Page_KDMC-Pharmacy/select_--Select--Schedule 1Inj'

2018-06-09 20:16:25 - [MESSAGE][PASSED] - All options with index in [2] are selected on object 'Object Repository/PharmacyRequest/Page_KDMC-Pharmacy/select_--Select--Schedule 1Inj'

2018-06-09 20:16:25 - [TEST_STEP][PASSED] - selectOptionByIndex: All options with index in [16] are selected on object 'Object Repository/PharmacyRequest/Page_KDMC-Pharmacy/select_--Select--Albendazole'

2018-06-09 20:16:25 - [MESSAGE][PASSED] - All options with index in [16] are selected on object 'Object Repository/PharmacyRequest/Page_KDMC-Pharmacy/select_--Select--Albendazole'

2018-06-09 20:16:25 - [TEST_STEP][PASSED] - delay: Delayed 1 second(s)

2018-06-09 20:16:26 - [MESSAGE][PASSED] - Delayed 1 second(s)

2018-06-09 20:16:26 - [TEST_STEP][PASSED] - setText: Text '10' is set on object 'Object Repository/PharmacyRequest/Page_KDMC-Pharmacy/input_txttreat'

2018-06-09 20:16:26 - [MESSAGE][PASSED] - Text '10' is set on object 'Object Repository/PharmacyRequest/Page_KDMC-Pharmacy/input_txttreat'

2018-06-09 20:16:26 - [TEST_STEP][PASSED] - click: Object: 'Object Repository/PharmacyRequest/Page_KDMC-Pharmacy/button_Add' is clicked on

2018-06-09 20:16:26 - [MESSAGE][PASSED] - Object: 'Object Repository/PharmacyRequest/Page_KDMC-Pharmacy/button_Add' is clicked on

2018-06-09 20:16:26 - [TEST_STEP][PASSED] - selectOptionByIndex: All options with index in [2] are selected on object 'Object Repository/PharmacyRequest/Page_KDMC-Pharmacy/select_--Select--Schedule 1Inj'

2018-06-09 20:16:27 - [MESSAGE][PASSED] - All options with index in [2] are selected on object 'Object Repository/PharmacyRequest/Page_KDMC-Pharmacy/select_--Select--Schedule 1Inj'

2018-06-09 20:16:27 - [TEST_STEP][PASSED] - selectOptionByIndex: All options with index in [17] are selected on object 'Object Repository/PharmacyRequest/Page_KDMC-Pharmacy/select_--Select--Albendazole'

2018-06-09 20:16:27 - [MESSAGE][PASSED] - All options with index in [17] are selected on object 'Object Repository/PharmacyRequest/Page_KDMC-Pharmacy/select_--Select--Albendazole'

2018-06-09 20:16:27 - [TEST_STEP][PASSED] - delay: Delayed 1 second(s)

2018-06-09 20:16:28 - [MESSAGE][PASSED] - Delayed 1 second(s)

2018-06-09 20:16:28 - [TEST_STEP][PASSED] - setText: Text '10' is set on object 'Object Repository/PharmacyRequest/Page_KDMC-Pharmacy/input_txttreat'

2018-06-09 20:16:28 - [MESSAGE][PASSED] - Text '10' is set on object 'Object Repository/PharmacyRequest/Page_KDMC-Pharmacy/input_txttreat'

2018-06-09 20:16:28 - [TEST_STEP][PASSED] - click: Object: 'Object Repository/PharmacyRequest/Page_KDMC-Pharmacy/button_Add' is clicked on

2018-06-09 20:16:28 - [MESSAGE][PASSED] - Object: 'Object Repository/PharmacyRequest/Page_KDMC-Pharmacy/button_Add' is clicked on

2018-06-09 20:16:28 - [TEST_STEP][PASSED] - selectOptionByIndex: All options with index in [2] are selected on object 'Object Repository/PharmacyRequest/Page_KDMC-Pharmacy/select_--Select--Schedule 1Inj'

2018-06-09 20:16:28 - [MESSAGE][PASSED] - All options with index in [2] are selected on object 'Object Repository/PharmacyRequest/Page_KDMC-Pharmacy/select_--Select--Schedule 1Inj'

2018-06-09 20:16:28 - [TEST_STEP][PASSED] - selectOptionByIndex: All options with index in [18] are selected on object 'Object Repository/PharmacyRequest/Page_KDMC-Pharmacy/select_--Select--Albendazole'

2018-06-09 20:16:28 - [MESSAGE][PASSED] - All options with index in [18] are selected on object 'Object Repository/PharmacyRequest/Page_KDMC-Pharmacy/select_--Select--Albendazole'

2018-06-09 20:16:28 - [TEST_STEP][PASSED] - delay: Delayed 1 second(s)

2018-06-09 20:16:29 - [MESSAGE][PASSED] - Delayed 1 second(s)

2018-06-09 20:16:29 - [TEST_STEP][PASSED] - setText: Text '10' is set on object 'Object Repository/PharmacyRequest/Page_KDMC-Pharmacy/input_txttreat'

2018-06-09 20:16:30 - [MESSAGE][PASSED] - Text '10' is set on object 'Object Repository/PharmacyRequest/Page_KDMC-Pharmacy/input_txttreat'

2018-06-09 20:16:30 - [TEST_STEP][PASSED] - click: Object: 'Object Repository/PharmacyRequest/Page_KDMC-Pharmacy/button_Add' is clicked on

2018-06-09 20:16:30 - [MESSAGE][PASSED] - Object: 'Object Repository/PharmacyRequest/Page_KDMC-Pharmacy/button_Add' is clicked on

2018-06-09 20:16:30 - [TEST_STEP][PASSED] - selectOptionByIndex: All options with index in [2] are selected on object 'Object Repository/PharmacyRequest/Page_KDMC-Pharmacy/select_--Select--Schedule 1Inj'

2018-06-09 20:16:30 - [MESSAGE][PASSED] - All options with index in [2] are selected on object 'Object Repository/PharmacyRequest/Page_KDMC-Pharmacy/select_--Select--Schedule 1Inj'

2018-06-09 20:16:30 - [TEST_STEP][PASSED] - selectOptionByIndex: All options with index in [19] are selected on object 'Object Repository/PharmacyRequest/Page_KDMC-Pharmacy/select_--Select--Albendazole'

2018-06-09 20:16:30 - [MESSAGE][PASSED] - All options with index in [19] are selected on object 'Object Repository/PharmacyRequest/Page_KDMC-Pharmacy/select_--Select--Albendazole'

2018-06-09 20:16:30 - [TEST_STEP][PASSED] - delay: Delayed 1 second(s)

2018-06-09 20:16:31 - [MESSAGE][PASSED] - Delayed 1 second(s)

2018-06-09 20:16:31 - [TEST_STEP][PASSED] - setText: Text '10' is set on object 'Object Repository/PharmacyRequest/Page_KDMC-Pharmacy/input_txttreat'

2018-06-09 20:16:31 - [MESSAGE][PASSED] - Text '10' is set on object 'Object Repository/PharmacyRequest/Page_KDMC-Pharmacy/input_txttreat'

2018-06-09 20:16:31 - [TEST_STEP][PASSED] - click: Object: 'Object Repository/PharmacyRequest/Page_KDMC-Pharmacy/button_Add' is clicked on

2018-06-09 20:16:31 - [MESSAGE][PASSED] - Object: 'Object Repository/PharmacyRequest/Page_KDMC-Pharmacy/button_Add' is clicked on

2018-06-09 20:16:31 - [TEST_STEP][PASSED] - selectOptionByIndex: All options with index in [2] are selected on object 'Object Repository/PharmacyRequest/Page_KDMC-Pharmacy/select_--Select--Schedule 1Inj'

2018-06-09 20:16:31 - [MESSAGE][PASSED] - All options with index in [2] are selected on object 'Object Repository/PharmacyRequest/Page_KDMC-Pharmacy/select_--Select--Schedule 1Inj'

2018-06-09 20:16:31 - [TEST_STEP][PASSED] - selectOptionByIndex: All options with index in [20] are selected on object 'Object Repository/PharmacyRequest/Page_KDMC-Pharmacy/select_--Select--Albendazole'

2018-06-09 20:16:32 - [MESSAGE][PASSED] - All options with index in [20] are selected on object 'Object Repository/PharmacyRequest/Page_KDMC-Pharmacy/select_--Select--Albendazole'

2018-06-09 20:16:32 - [TEST_STEP][PASSED] - delay: Delayed 1 second(s)

2018-06-09 20:16:33 - [MESSAGE][PASSED] - Delayed 1 second(s)

2018-06-09 20:16:33 - [TEST_STEP][PASSED] - setText: Text '10' is set on object 'Object Repository/PharmacyRequest/Page_KDMC-Pharmacy/input_txttreat'

2018-06-09 20:16:33 - [MESSAGE][PASSED] - Text '10' is set on object 'Object Repository/PharmacyRequest/Page_KDMC-Pharmacy/input_txttreat'

2018-06-09 20:16:33 - [TEST_STEP][PASSED] - click: Object: 'Object Repository/PharmacyRequest/Page_KDMC-Pharmacy/button_Add' is clicked on

2018-06-09 20:16:33 - [MESSAGE][PASSED] - Object: 'Object Repository/PharmacyRequest/Page_KDMC-Pharmacy/button_Add' is clicked on

2018-06-09 20:16:33 - [TEST_STEP][PASSED] - selectOptionByIndex: All options with index in [2] are selected on object 'Object Repository/PharmacyRequest/Page_KDMC-Pharmacy/select_--Select--Schedule 1Inj'

2018-06-09 20:16:33 - [MESSAGE][PASSED] - All options with index in [2] are selected on object 'Object Repository/PharmacyRequest/Page_KDMC-Pharmacy/select_--Select--Schedule 1Inj'

2018-06-09 20:16:33 - [TEST_STEP][PASSED] - selectOptionByIndex: All options with index in [21] are selected on object 'Object Repository/PharmacyRequest/Page_KDMC-Pharmacy/select_--Select--Albendazole'

2018-06-09 20:16:33 - [MESSAGE][PASSED] - All options with index in [21] are selected on object 'Object Repository/PharmacyRequest/Page_KDMC-Pharmacy/select_--Select--Albendazole'

2018-06-09 20:16:33 - [TEST_STEP][PASSED] - delay: Delayed 1 second(s)

2018-06-09 20:16:34 - [MESSAGE][PASSED] - Delayed 1 second(s)

2018-06-09 20:16:34 - [TEST_STEP][PASSED] - setText: Text '10' is set on object 'Object Repository/PharmacyRequest/Page_KDMC-Pharmacy/input_txttreat'

2018-06-09 20:16:34 - [MESSAGE][PASSED] - Text '10' is set on object 'Object Repository/PharmacyRequest/Page_KDMC-Pharmacy/input_txttreat'

2018-06-09 20:16:34 - [TEST_STEP][PASSED] - click: Object: 'Object Repository/PharmacyRequest/Page_KDMC-Pharmacy/button_Add' is clicked on

2018-06-09 20:16:34 - [MESSAGE][PASSED] - Object: 'Object Repository/PharmacyRequest/Page_KDMC-Pharmacy/button_Add' is clicked on

2018-06-09 20:16:34 - [TEST_STEP][PASSED] - selectOptionByIndex: All options with index in [2] are selected on object 'Object Repository/PharmacyRequest/Page_KDMC-Pharmacy/select_--Select--Schedule 1Inj'

2018-06-09 20:16:34 - [MESSAGE][PASSED] - All options with index in [2] are selected on object 'Object Repository/PharmacyRequest/Page_KDMC-Pharmacy/select_--Select--Schedule 1Inj'

2018-06-09 20:16:34 - [TEST_STEP][PASSED] - selectOptionByIndex: All options with index in [22] are selected on object 'Object Repository/PharmacyRequest/Page_KDMC-Pharmacy/select_--Select--Albendazole'

2018-06-09 20:16:35 - [MESSAGE][PASSED] - All options with index in [22] are selected on object 'Object Repository/PharmacyRequest/Page_KDMC-Pharmacy/select_--Select--Albendazole'

2018-06-09 20:16:35 - [TEST_STEP][PASSED] - delay: Delayed 1 second(s)

2018-06-09 20:16:36 - [MESSAGE][PASSED] - Delayed 1 second(s)

2018-06-09 20:16:36 - [TEST_STEP][PASSED] - setText: Text '10' is set on object 'Object Repository/PharmacyRequest/Page_KDMC-Pharmacy/input_txttreat'

2018-06-09 20:16:36 - [MESSAGE][PASSED] - Text '10' is set on object 'Object Repository/PharmacyRequest/Page_KDMC-Pharmacy/input_txttreat'

2018-06-09 20:16:36 - [TEST_STEP][PASSED] - click: Object: 'Object Repository/PharmacyRequest/Page_KDMC-Pharmacy/button_Add' is clicked on

2018-06-09 20:16:36 - [MESSAGE][PASSED] - Object: 'Object Repository/PharmacyRequest/Page_KDMC-Pharmacy/button_Add' is clicked on

2018-06-09 20:16:36 - [TEST_STEP][PASSED] - selectOptionByIndex: All options with index in [2] are selected on object 'Object Repository/PharmacyRequest/Page_KDMC-Pharmacy/select_--Select--Schedule 1Inj'

2018-06-09 20:16:36 - [MESSAGE][PASSED] - All options with index in [2] are selected on object 'Object Repository/PharmacyRequest/Page_KDMC-Pharmacy/select_--Select--Schedule 1Inj'

2018-06-09 20:16:36 - [TEST_STEP][PASSED] - selectOptionByIndex: All options with index in [23] are selected on object 'Object Repository/PharmacyRequest/Page_KDMC-Pharmacy/select_--Select--Albendazole'

2018-06-09 20:16:36 - [MESSAGE][PASSED] - All options with index in [23] are selected on object 'Object Repository/PharmacyRequest/Page_KDMC-Pharmacy/select_--Select--Albendazole'

2018-06-09 20:16:36 - [TEST_STEP][PASSED] - delay: Delayed 1 second(s)

2018-06-09 20:16:37 - [MESSAGE][PASSED] - Delayed 1 second(s)

2018-06-09 20:16:37 - [TEST_STEP][PASSED] - setText: Text '10' is set on object 'Object Repository/PharmacyRequest/Page_KDMC-Pharmacy/input_txttreat'

2018-06-09 20:16:37 - [MESSAGE][PASSED] - Text '10' is set on object 'Object Repository/PharmacyRequest/Page_KDMC-Pharmacy/input_txttreat'

2018-06-09 20:16:37 - [TEST_STEP][PASSED] - click: Object: 'Object Repository/PharmacyRequest/Page_KDMC-Pharmacy/button_Add' is clicked on

2018-06-09 20:16:37 - [MESSAGE][PASSED] - Object: 'Object Repository/PharmacyRequest/Page_KDMC-Pharmacy/button_Add' is clicked on

2018-06-09 20:16:37 - [TEST_STEP][PASSED] - selectOptionByIndex: All options with index in [2] are selected on object 'Object Repository/PharmacyRequest/Page_KDMC-Pharmacy/select_--Select--Schedule 1Inj'

2018-06-09 20:16:37 - [MESSAGE][PASSED] - All options with index in [2] are selected on object 'Object Repository/PharmacyRequest/Page_KDMC-Pharmacy/select_--Select--Schedule 1Inj'

2018-06-09 20:16:37 - [TEST_STEP][PASSED] - selectOptionByIndex: All options with index in [24] are selected on object 'Object Repository/PharmacyRequest/Page_KDMC-Pharmacy/select_--Select--Albendazole'

2018-06-09 20:16:38 - [MESSAGE][PASSED] - All options with index in [24] are selected on object 'Object Repository/PharmacyRequest/Page_KDMC-Pharmacy/select_--Select--Albendazole'

2018-06-09 20:16:38 - [TEST_STEP][PASSED] - delay: Delayed 1 second(s)

2018-06-09 20:16:39 - [MESSAGE][PASSED] - Delayed 1 second(s)

2018-06-09 20:16:39 - [TEST_STEP][PASSED] - setText: Text '10' is set on object 'Object Repository/PharmacyRequest/Page_KDMC-Pharmacy/input_txttreat'

2018-06-09 20:16:39 - [MESSAGE][PASSED] - Text '10' is set on object 'Object Repository/PharmacyRequest/Page_KDMC-Pharmacy/input_txttreat'

2018-06-09 20:16:39 - [TEST_STEP][PASSED] - click: Object: 'Object Repository/PharmacyRequest/Page_KDMC-Pharmacy/button_Add' is clicked on

2018-06-09 20:16:39 - [MESSAGE][PASSED] - Object: 'Object Repository/PharmacyRequest/Page_KDMC-Pharmacy/button_Add' is clicked on

2018-06-09 20:16:39 - [TEST_STEP][PASSED] - selectOptionByIndex: All options with index in [2] are selected on object 'Object Repository/PharmacyRequest/Page_KDMC-Pharmacy/select_--Select--Schedule 1Inj'

2018-06-09 20:16:39 - [MESSAGE][PASSED] - All options with index in [2] are selected on object 'Object Repository/PharmacyRequest/Page_KDMC-Pharmacy/select_--Select--Schedule 1Inj'

2018-06-09 20:16:39 - [TEST_STEP][PASSED] - selectOptionByIndex: All options with index in [25] are selected on object 'Object Repository/PharmacyRequest/Page_KDMC-Pharmacy/select_--Select--Albendazole'

2018-06-09 20:16:39 - [MESSAGE][PASSED] - All options with index in [25] are selected on object 'Object Repository/PharmacyRequest/Page_KDMC-Pharmacy/select_--Select--Albendazole'

2018-06-09 20:16:39 - [TEST_STEP][PASSED] - delay: Delayed 1 second(s)

2018-06-09 20:16:40 - [MESSAGE][PASSED] - Delayed 1 second(s)

2018-06-09 20:16:40 - [TEST_STEP][PASSED] - setText: Text '10' is set on object 'Object Repository/PharmacyRequest/Page_KDMC-Pharmacy/input_txttreat'

2018-06-09 20:16:40 - [MESSAGE][PASSED] - Text '10' is set on object 'Object Repository/PharmacyRequest/Page_KDMC-Pharmacy/input_txttreat'

2018-06-09 20:16:40 - [TEST_STEP][PASSED] - click: Object: 'Object Repository/PharmacyRequest/Page_KDMC-Pharmacy/button_Add' is clicked on

2018-06-09 20:16:41 - [MESSAGE][PASSED] - Object: 'Object Repository/PharmacyRequest/Page_KDMC-Pharmacy/button_Add' is clicked on

2018-06-09 20:16:41 - [TEST_STEP][PASSED] - selectOptionByIndex: All options with index in [2] are selected on object 'Object Repository/PharmacyRequest/Page_KDMC-Pharmacy/select_--Select--Schedule 1Inj'

2018-06-09 20:16:41 - [MESSAGE][PASSED] - All options with index in [2] are selected on object 'Object Repository/PharmacyRequest/Page_KDMC-Pharmacy/select_--Select--Schedule 1Inj'

2018-06-09 20:16:41 - [TEST_STEP][PASSED] - selectOptionByIndex: All options with index in [26] are selected on object 'Object Repository/PharmacyRequest/Page_KDMC-Pharmacy/select_--Select--Albendazole'

2018-06-09 20:16:41 - [MESSAGE][PASSED] - All options with index in [26] are selected on object 'Object Repository/PharmacyRequest/Page_KDMC-Pharmacy/select_--Select--Albendazole'

2018-06-09 20:16:41 - [TEST_STEP][PASSED] - delay: Delayed 1 second(s)

2018-06-09 20:16:42 - [MESSAGE][PASSED] - Delayed 1 second(s)

2018-06-09 20:16:42 - [TEST_STEP][PASSED] - setText: Text '10' is set on object 'Object Repository/PharmacyRequest/Page_KDMC-Pharmacy/input_txttreat'

2018-06-09 20:16:42 - [MESSAGE][PASSED] - Text '10' is set on object 'Object Repository/PharmacyRequest/Page_KDMC-Pharmacy/input_txttreat'

2018-06-09 20:16:42 - [TEST_STEP][PASSED] - click: Object: 'Object Repository/PharmacyRequest/Page_KDMC-Pharmacy/button_Add' is clicked on

2018-06-09 20:16:42 - [MESSAGE][PASSED] - Object: 'Object Repository/PharmacyRequest/Page_KDMC-Pharmacy/button_Add' is clicked on

2018-06-09 20:16:42 - [TEST_STEP][PASSED] - selectOptionByIndex: All options with index in [2] are selected on object 'Object Repository/PharmacyRequest/Page_KDMC-Pharmacy/select_--Select--Schedule 1Inj'

2018-06-09 20:16:42 - [MESSAGE][PASSED] - All options with index in [2] are selected on object 'Object Repository/PharmacyRequest/Page_KDMC-Pharmacy/select_--Select--Schedule 1Inj'

2018-06-09 20:16:42 - [TEST_STEP][PASSED] - selectOptionByIndex: All options with index in [27] are selected on object 'Object Repository/PharmacyRequest/Page_KDMC-Pharmacy/select_--Select--Albendazole'

2018-06-09 20:16:43 - [MESSAGE][PASSED] - All options with index in [27] are selected on object 'Object Repository/PharmacyRequest/Page_KDMC-Pharmacy/select_--Select--Albendazole'

2018-06-09 20:16:43 - [TEST_STEP][PASSED] - delay: Delayed 1 second(s)

2018-06-09 20:16:44 - [MESSAGE][PASSED] - Delayed 1 second(s)

2018-06-09 20:16:44 - [TEST_STEP][PASSED] - setText: Text '10' is set on object 'Object Repository/PharmacyRequest/Page_KDMC-Pharmacy/input_txttreat'

2018-06-09 20:16:44 - [MESSAGE][PASSED] - Text '10' is set on object 'Object Repository/PharmacyRequest/Page_KDMC-Pharmacy/input_txttreat'

2018-06-09 20:16:44 - [TEST_STEP][PASSED] - click: Object: 'Object Repository/PharmacyRequest/Page_KDMC-Pharmacy/button_Add' is clicked on

2018-06-09 20:16:44 - [MESSAGE][PASSED] - Object: 'Object Repository/PharmacyRequest/Page_KDMC-Pharmacy/button_Add' is clicked on

2018-06-09 20:16:44 - [TEST_STEP][PASSED] - selectOptionByIndex: All options with index in [2] are selected on object 'Object Repository/PharmacyRequest/Page_KDMC-Pharmacy/select_--Select--Schedule 1Inj'

2018-06-09 20:16:44 - [MESSAGE][PASSED] - All options with index in [2] are selected on object 'Object Repository/PharmacyRequest/Page_KDMC-Pharmacy/select_--Select--Schedule 1Inj'

2018-06-09 20:16:44 - [TEST_STEP][PASSED] - selectOptionByIndex: All options with index in [28] are selected on object 'Object Repository/PharmacyRequest/Page_KDMC-Pharmacy/select_--Select--Albendazole'

2018-06-09 20:16:44 - [MESSAGE][PASSED] - All options with index in [28] are selected on object 'Object Repository/PharmacyRequest/Page_KDMC-Pharmacy/select_--Select--Albendazole'

2018-06-09 20:16:44 - [TEST_STEP][PASSED] - delay: Delayed 1 second(s)

2018-06-09 20:16:45 - [MESSAGE][PASSED] - Delayed 1 second(s)

2018-06-09 20:16:45 - [TEST_STEP][PASSED] - setText: Text '10' is set on object 'Object Repository/PharmacyRequest/Page_KDMC-Pharmacy/input_txttreat'

2018-06-09 20:16:45 - [MESSAGE][PASSED] - Text '10' is set on object 'Object Repository/PharmacyRequest/Page_KDMC-Pharmacy/input_txttreat'

2018-06-09 20:16:45 - [TEST_STEP][PASSED] - click: Object: 'Object Repository/PharmacyRequest/Page_KDMC-Pharmacy/button_Add' is clicked on

2018-06-09 20:16:45 - [MESSAGE][PASSED] - Object: 'Object Repository/PharmacyRequest/Page_KDMC-Pharmacy/button_Add' is clicked on

2018-06-09 20:16:45 - [TEST_STEP][PASSED] - selectOptionByIndex: All options with index in [2] are selected on object 'Object Repository/PharmacyRequest/Page_KDMC-Pharmacy/select_--Select--Schedule 1Inj'

2018-06-09 20:16:45 - [MESSAGE][PASSED] - All options with index in [2] are selected on object 'Object Repository/PharmacyRequest/Page_KDMC-Pharmacy/select_--Select--Schedule 1Inj'

2018-06-09 20:16:45 - [TEST_STEP][PASSED] - selectOptionByIndex: All options with index in [29] are selected on object 'Object Repository/PharmacyRequest/Page_KDMC-Pharmacy/select_--Select--Albendazole'

2018-06-09 20:16:46 - [MESSAGE][PASSED] - All options with index in [29] are selected on object 'Object Repository/PharmacyRequest/Page_KDMC-Pharmacy/select_--Select--Albendazole'

2018-06-09 20:16:46 - [TEST_STEP][PASSED] - delay: Delayed 1 second(s)

2018-06-09 20:16:47 - [MESSAGE][PASSED] - Delayed 1 second(s)

2018-06-09 20:16:47 - [TEST_STEP][PASSED] - setText: Text '10' is set on object 'Object Repository/PharmacyRequest/Page_KDMC-Pharmacy/input_txttreat'

2018-06-09 20:16:47 - [MESSAGE][PASSED] - Text '10' is set on object 'Object Repository/PharmacyRequest/Page_KDMC-Pharmacy/input_txttreat'

2018-06-09 20:16:47 - [TEST_STEP][PASSED] - click: Object: 'Object Repository/PharmacyRequest/Page_KDMC-Pharmacy/button_Add' is clicked on

2018-06-09 20:16:47 - [MESSAGE][PASSED] - Object: 'Object Repository/PharmacyRequest/Page_KDMC-Pharmacy/button_Add' is clicked on

2018-06-09 20:16:47 - [TEST_STEP][PASSED] - selectOptionByIndex: All options with index in [2] are selected on object 'Object Repository/PharmacyRequest/Page_KDMC-Pharmacy/select_--Select--Schedule 1Inj'

2018-06-09 20:16:47 - [MESSAGE][PASSED] - All options with index in [2] are selected on object 'Object Repository/PharmacyRequest/Page_KDMC-Pharmacy/select_--Select--Schedule 1Inj'

2018-06-09 20:16:47 - [TEST_STEP][PASSED] - selectOptionByIndex: All options with index in [30] are selected on object 'Object Repository/PharmacyRequest/Page_KDMC-Pharmacy/select_--Select--Albendazole'

2018-06-09 20:16:47 - [MESSAGE][PASSED] - All options with index in [30] are selected on object 'Object Repository/PharmacyRequest/Page_KDMC-Pharmacy/select_--Select--Albendazole'

2018-06-09 20:16:47 - [TEST_STEP][PASSED] - delay: Delayed 1 second(s)

2018-06-09 20:16:48 - [MESSAGE][PASSED] - Delayed 1 second(s)

2018-06-09 20:16:48 - [TEST_STEP][PASSED] - setText: Text '10' is set on object 'Object Repository/PharmacyRequest/Page_KDMC-Pharmacy/input_txttreat'

2018-06-09 20:16:49 - [MESSAGE][PASSED] - Text '10' is set on object 'Object Repository/PharmacyRequest/Page_KDMC-Pharmacy/input_txttreat'

2018-06-09 20:16:49 - [TEST_STEP][PASSED] - click: Object: 'Object Repository/PharmacyRequest/Page_KDMC-Pharmacy/button_Add' is clicked on

2018-06-09 20:16:49 - [MESSAGE][PASSED] - Object: 'Object Repository/PharmacyRequest/Page_KDMC-Pharmacy/button_Add' is clicked on

2018-06-09 20:16:49 - [TEST_STEP][PASSED] - selectOptionByIndex: All options with index in [2] are selected on object 'Object Repository/PharmacyRequest/Page_KDMC-Pharmacy/select_--Select--Schedule 1Inj'

2018-06-09 20:16:49 - [MESSAGE][PASSED] - All options with index in [2] are selected on object 'Object Repository/PharmacyRequest/Page_KDMC-Pharmacy/select_--Select--Schedule 1Inj'

2018-06-09 20:16:49 - [TEST_STEP][PASSED] - selectOptionByIndex: All options with index in [31] are selected on object 'Object Repository/PharmacyRequest/Page_KDMC-Pharmacy/select_--Select--Albendazole'

2018-06-09 20:16:49 - [MESSAGE][PASSED] - All options with index in [31] are selected on object 'Object Repository/PharmacyRequest/Page_KDMC-Pharmacy/select_--Select--Albendazole'

2018-06-09 20:16:49 - [TEST_STEP][PASSED] - delay: Delayed 1 second(s)

2018-06-09 20:16:50 - [MESSAGE][PASSED] - Delayed 1 second(s)

2018-06-09 20:16:50 - [TEST_STEP][PASSED] - setText: Text '10' is set on object 'Object Repository/PharmacyRequest/Page_KDMC-Pharmacy/input_txttreat'

2018-06-09 20:16:50 - [MESSAGE][PASSED] - Text '10' is set on object 'Object Repository/PharmacyRequest/Page_KDMC-Pharmacy/input_txttreat'

2018-06-09 20:16:50 - [TEST_STEP][PASSED] - click: Object: 'Object Repository/PharmacyRequest/Page_KDMC-Pharmacy/button_Add' is clicked on

2018-06-09 20:16:50 - [MESSAGE][PASSED] - Object: 'Object Repository/PharmacyRequest/Page_KDMC-Pharmacy/button_Add' is clicked on

2018-06-09 20:16:50 - [TEST_STEP][PASSED] - selectOptionByIndex: All options with index in [2] are selected on object 'Object Repository/PharmacyRequest/Page_KDMC-Pharmacy/select_--Select--Schedule 1Inj'

2018-06-09 20:16:50 - [MESSAGE][PASSED] - All options with index in [2] are selected on object 'Object Repository/PharmacyRequest/Page_KDMC-Pharmacy/select_--Select--Schedule 1Inj'

2018-06-09 20:16:50 - [TEST_STEP][PASSED] - selectOptionByIndex: All options with index in [32] are selected on object 'Object Repository/PharmacyRequest/Page_KDMC-Pharmacy/select_--Select--Albendazole'

2018-06-09 20:16:51 - [MESSAGE][PASSED] - All options with index in [32] are selected on object 'Object Repository/PharmacyRequest/Page_KDMC-Pharmacy/select_--Select--Albendazole'

2018-06-09 20:16:51 - [TEST_STEP][PASSED] - delay: Delayed 1 second(s)

2018-06-09 20:16:52 - [MESSAGE][PASSED] - Delayed 1 second(s)

2018-06-09 20:16:52 - [TEST_STEP][PASSED] - setText: Text '10' is set on object 'Object Repository/PharmacyRequest/Page_KDMC-Pharmacy/input_txttreat'

2018-06-09 20:16:52 - [MESSAGE][PASSED] - Text '10' is set on object 'Object Repository/PharmacyRequest/Page_KDMC-Pharmacy/input_txttreat'

2018-06-09 20:16:52 - [TEST_STEP][PASSED] - click: Object: 'Object Repository/PharmacyRequest/Page_KDMC-Pharmacy/button_Add' is clicked on

2018-06-09 20:16:52 - [MESSAGE][PASSED] - Object: 'Object Repository/PharmacyRequest/Page_KDMC-Pharmacy/button_Add' is clicked on

2018-06-09 20:16:52 - [TEST_STEP][PASSED] - selectOptionByIndex: All options with index in [2] are selected on object 'Object Repository/PharmacyRequest/Page_KDMC-Pharmacy/select_--Select--Schedule 1Inj'

2018-06-09 20:16:52 - [MESSAGE][PASSED] - All options with index in [2] are selected on object 'Object Repository/PharmacyRequest/Page_KDMC-Pharmacy/select_--Select--Schedule 1Inj'

2018-06-09 20:16:52 - [TEST_STEP][PASSED] - selectOptionByIndex: All options with index in [33] are selected on object 'Object Repository/PharmacyRequest/Page_KDMC-Pharmacy/select_--Select--Albendazole'

2018-06-09 20:16:52 - [MESSAGE][PASSED] - All options with index in [33] are selected on object 'Object Repository/PharmacyRequest/Page_KDMC-Pharmacy/select_--Select--Albendazole'

2018-06-09 20:16:52 - [TEST_STEP][PASSED] - delay: Delayed 1 second(s)

2018-06-09 20:16:53 - [MESSAGE][PASSED] - Delayed 1 second(s)

2018-06-09 20:16:53 - [TEST_STEP][PASSED] - setText: Text '10' is set on object 'Object Repository/PharmacyRequest/Page_KDMC-Pharmacy/input_txttreat'

2018-06-09 20:16:54 - [MESSAGE][PASSED] - Text '10' is set on object 'Object Repository/PharmacyRequest/Page_KDMC-Pharmacy/input_txttreat'

2018-06-09 20:16:54 - [TEST_STEP][PASSED] - click: Object: 'Object Repository/PharmacyRequest/Page_KDMC-Pharmacy/button_Add' is clicked on

2018-06-09 20:16:54 - [MESSAGE][PASSED] - Object: 'Object Repository/PharmacyRequest/Page_KDMC-Pharmacy/button_Add' is clicked on

2018-06-09 20:16:54 - [TEST_STEP][PASSED] - selectOptionByIndex: All options with index in [2] are selected on object 'Object Repository/PharmacyRequest/Page_KDMC-Pharmacy/select_--Select--Schedule 1Inj'

2018-06-09 20:16:54 - [MESSAGE][PASSED] - All options with index in [2] are selected on object 'Object Repository/PharmacyRequest/Page_KDMC-Pharmacy/select_--Select--Schedule 1Inj'

2018-06-09 20:16:54 - [TEST_STEP][PASSED] - selectOptionByIndex: All options with index in [34] are selected on object 'Object Repository/PharmacyRequest/Page_KDMC-Pharmacy/select_--Select--Albendazole'

2018-06-09 20:16:54 - [MESSAGE][PASSED] - All options with index in [34] are selected on object 'Object Repository/PharmacyRequest/Page_KDMC-Pharmacy/select_--Select--Albendazole'

2018-06-09 20:16:54 - [TEST_STEP][PASSED] - delay: Delayed 1 second(s)

2018-06-09 20:16:55 - [MESSAGE][PASSED] - Delayed 1 second(s)

2018-06-09 20:16:55 - [TEST_STEP][PASSED] - setText: Text '10' is set on object 'Object Repository/PharmacyRequest/Page_KDMC-Pharmacy/input_txttreat'

2018-06-09 20:16:55 - [MESSAGE][PASSED] - Text '10' is set on object 'Object Repository/PharmacyRequest/Page_KDMC-Pharmacy/input_txttreat'

2018-06-09 20:16:55 - [TEST_STEP][PASSED] - click: Object: 'Object Repository/PharmacyRequest/Page_KDMC-Pharmacy/button_Add' is clicked on

2018-06-09 20:16:55 - [MESSAGE][PASSED] - Object: 'Object Repository/PharmacyRequest/Page_KDMC-Pharmacy/button_Add' is clicked on

2018-06-09 20:16:55 - [TEST_STEP][PASSED] - selectOptionByIndex: All options with index in [2] are selected on object 'Object Repository/PharmacyRequest/Page_KDMC-Pharmacy/select_--Select--Schedule 1Inj'

2018-06-09 20:16:55 - [MESSAGE][PASSED] - All options with index in [2] are selected on object 'Object Repository/PharmacyRequest/Page_KDMC-Pharmacy/select_--Select--Schedule 1Inj'

2018-06-09 20:16:55 - [TEST_STEP][PASSED] - selectOptionByIndex: All options with index in [35] are selected on object 'Object Repository/PharmacyRequest/Page_KDMC-Pharmacy/select_--Select--Albendazole'

2018-06-09 20:16:56 - [MESSAGE][PASSED] - All options with index in [35] are selected on object 'Object Repository/PharmacyRequest/Page_KDMC-Pharmacy/select_--Select--Albendazole'

2018-06-09 20:16:56 - [TEST_STEP][PASSED] - delay: Delayed 1 second(s)

2018-06-09 20:16:57 - [MESSAGE][PASSED] - Delayed 1 second(s)

2018-06-09 20:16:57 - [TEST_STEP][PASSED] - setText: Text '10' is set on object 'Object Repository/PharmacyRequest/Page_KDMC-Pharmacy/input_txttreat'

2018-06-09 20:16:57 - [MESSAGE][PASSED] - Text '10' is set on object 'Object Repository/PharmacyRequest/Page_KDMC-Pharmacy/input_txttreat'

2018-06-09 20:16:57 - [TEST_STEP][PASSED] - click: Object: 'Object Repository/PharmacyRequest/Page_KDMC-Pharmacy/button_Add' is clicked on

2018-06-09 20:16:57 - [MESSAGE][PASSED] - Object: 'Object Repository/PharmacyRequest/Page_KDMC-Pharmacy/button_Add' is clicked on

2018-06-09 20:16:57 - [TEST_STEP][PASSED] - selectOptionByIndex: All options with index in [2] are selected on object 'Object Repository/PharmacyRequest/Page_KDMC-Pharmacy/select_--Select--Schedule 1Inj'

2018-06-09 20:16:57 - [MESSAGE][PASSED] - All options with index in [2] are selected on object 'Object Repository/PharmacyRequest/Page_KDMC-Pharmacy/select_--Select--Schedule 1Inj'

2018-06-09 20:16:57 - [TEST_STEP][PASSED] - selectOptionByIndex: All options with index in [36] are selected on object 'Object Repository/PharmacyRequest/Page_KDMC-Pharmacy/select_--Select--Albendazole'

2018-06-09 20:16:57 - [MESSAGE][PASSED] - All options with index in [36] are selected on object 'Object Repository/PharmacyRequest/Page_KDMC-Pharmacy/select_--Select--Albendazole'

2018-06-09 20:16:57 - [TEST_STEP][PASSED] - delay: Delayed 1 second(s)

2018-06-09 20:16:58 - [MESSAGE][PASSED] - Delayed 1 second(s)

2018-06-09 20:16:58 - [TEST_STEP][PASSED] - setText: Text '10' is set on object 'Object Repository/PharmacyRequest/Page_KDMC-Pharmacy/input_txttreat'

2018-06-09 20:16:59 - [MESSAGE][PASSED] - Text '10' is set on object 'Object Repository/PharmacyRequest/Page_KDMC-Pharmacy/input_txttreat'

2018-06-09 20:16:59 - [TEST_STEP][PASSED] - click: Object: 'Object Repository/PharmacyRequest/Page_KDMC-Pharmacy/button_Add' is clicked on

2018-06-09 20:16:59 - [MESSAGE][PASSED] - Object: 'Object Repository/PharmacyRequest/Page_KDMC-Pharmacy/button_Add' is clicked on

2018-06-09 20:16:59 - [TEST_STEP][PASSED] - selectOptionByIndex: All options with index in [2] are selected on object 'Object Repository/PharmacyRequest/Page_KDMC-Pharmacy/select_--Select--Schedule 1Inj'

2018-06-09 20:16:59 - [MESSAGE][PASSED] - All options with index in [2] are selected on object 'Object Repository/PharmacyRequest/Page_KDMC-Pharmacy/select_--Select--Schedule 1Inj'

2018-06-09 20:16:59 - [TEST_STEP][PASSED] - selectOptionByIndex: All options with index in [37] are selected on object 'Object Repository/PharmacyRequest/Page_KDMC-Pharmacy/select_--Select--Albendazole'

2018-06-09 20:16:59 - [MESSAGE][PASSED] - All options with index in [37] are selected on object 'Object Repository/PharmacyRequest/Page_KDMC-Pharmacy/select_--Select--Albendazole'

2018-06-09 20:16:59 - [TEST_STEP][PASSED] - delay: Delayed 1 second(s)

2018-06-09 20:17:00 - [MESSAGE][PASSED] - Delayed 1 second(s)

2018-06-09 20:17:00 - [TEST_STEP][PASSED] - setText: Text '10' is set on object 'Object Repository/PharmacyRequest/Page_KDMC-Pharmacy/input_txttreat'

2018-06-09 20:17:00 - [MESSAGE][PASSED] - Text '10' is set on object 'Object Repository/PharmacyRequest/Page_KDMC-Pharmacy/input_txttreat'

2018-06-09 20:17:00 - [TEST_STEP][PASSED] - click: Object: 'Object Repository/PharmacyRequest/Page_KDMC-Pharmacy/button_Add' is clicked on

2018-06-09 20:17:00 - [MESSAGE][PASSED] - Object: 'Object Repository/PharmacyRequest/Page_KDMC-Pharmacy/button_Add' is clicked on

2018-06-09 20:17:00 - [TEST_STEP][PASSED] - selectOptionByIndex: All options with index in [2] are selected on object 'Object Repository/PharmacyRequest/Page_KDMC-Pharmacy/select_--Select--Schedule 1Inj'

2018-06-09 20:17:00 - [MESSAGE][PASSED] - All options with index in [2] are selected on object 'Object Repository/PharmacyRequest/Page_KDMC-Pharmacy/select_--Select--Schedule 1Inj'

2018-06-09 20:17:00 - [TEST_STEP][PASSED] - selectOptionByIndex: All options with index in [38] are selected on object 'Object Repository/PharmacyRequest/Page_KDMC-Pharmacy/select_--Select--Albendazole'

2018-06-09 20:17:01 - [MESSAGE][PASSED] - All options with index in [38] are selected on object 'Object Repository/PharmacyRequest/Page_KDMC-Pharmacy/select_--Select--Albendazole'

2018-06-09 20:17:01 - [TEST_STEP][PASSED] - delay: Delayed 1 second(s)

2018-06-09 20:17:02 - [MESSAGE][PASSED] - Delayed 1 second(s)

2018-06-09 20:17:02 - [TEST_STEP][PASSED] - setText: Text '10' is set on object 'Object Repository/PharmacyRequest/Page_KDMC-Pharmacy/input_txttreat'

2018-06-09 20:17:02 - [MESSAGE][PASSED] - Text '10' is set on object 'Object Repository/PharmacyRequest/Page_KDMC-Pharmacy/input_txttreat'

2018-06-09 20:17:02 - [TEST_STEP][PASSED] - click: Object: 'Object Repository/PharmacyRequest/Page_KDMC-Pharmacy/button_Add' is clicked on

2018-06-09 20:17:02 - [MESSAGE][PASSED] - Object: 'Object Repository/PharmacyRequest/Page_KDMC-Pharmacy/button_Add' is clicked on

2018-06-09 20:17:02 - [TEST_STEP][PASSED] - selectOptionByIndex: All options with index in [2] are selected on object 'Object Repository/PharmacyRequest/Page_KDMC-Pharmacy/select_--Select--Schedule 1Inj'

2018-06-09 20:17:02 - [MESSAGE][PASSED] - All options with index in [2] are selected on object 'Object Repository/PharmacyRequest/Page_KDMC-Pharmacy/select_--Select--Schedule 1Inj'

2018-06-09 20:17:02 - [TEST_STEP][PASSED] - selectOptionByIndex: All options with index in [39] are selected on object 'Object Repository/PharmacyRequest/Page_KDMC-Pharmacy/select_--Select--Albendazole'

2018-06-09 20:17:03 - [MESSAGE][PASSED] - All options with index in [39] are selected on object 'Object Repository/PharmacyRequest/Page_KDMC-Pharmacy/select_--Select--Albendazole'

2018-06-09 20:17:03 - [TEST_STEP][PASSED] - delay: Delayed 1 second(s)

2018-06-09 20:17:04 - [MESSAGE][PASSED] - Delayed 1 second(s)

2018-06-09 20:17:04 - [TEST_STEP][PASSED] - setText: Text '10' is set on object 'Object Repository/PharmacyRequest/Page_KDMC-Pharmacy/input_txttreat'

2018-06-09 20:17:04 - [MESSAGE][PASSED] - Text '10' is set on object 'Object Repository/PharmacyRequest/Page_KDMC-Pharmacy/input_txttreat'

2018-06-09 20:17:04 - [TEST_STEP][PASSED] - click: Object: 'Object Repository/PharmacyRequest/Page_KDMC-Pharmacy/button_Add' is clicked on

2018-06-09 20:17:04 - [MESSAGE][PASSED] - Object: 'Object Repository/PharmacyRequest/Page_KDMC-Pharmacy/button_Add' is clicked on

2018-06-09 20:17:04 - [TEST_STEP][PASSED] - selectOptionByIndex: All options with index in [2] are selected on object 'Object Repository/PharmacyRequest/Page_KDMC-Pharmacy/select_--Select--Schedule 1Inj'

2018-06-09 20:17:04 - [MESSAGE][PASSED] - All options with index in [2] are selected on object 'Object Repository/PharmacyRequest/Page_KDMC-Pharmacy/select_--Select--Schedule 1Inj'

2018-06-09 20:17:04 - [TEST_STEP][PASSED] - selectOptionByIndex: All options with index in [40] are selected on object 'Object Repository/PharmacyRequest/Page_KDMC-Pharmacy/select_--Select--Albendazole'

2018-06-09 20:17:04 - [MESSAGE][PASSED] - All options with index in [40] are selected on object 'Object Repository/PharmacyRequest/Page_KDMC-Pharmacy/select_--Select--Albendazole'

2018-06-09 20:17:04 - [TEST_STEP][PASSED] - delay: Delayed 1 second(s)

2018-06-09 20:17:05 - [MESSAGE][PASSED] - Delayed 1 second(s)

2018-06-09 20:17:05 - [TEST_STEP][PASSED] - setText: Text '10' is set on object 'Object Repository/PharmacyRequest/Page_KDMC-Pharmacy/input_txttreat'

2018-06-09 20:17:05 - [MESSAGE][PASSED] - Text '10' is set on object 'Object Repository/PharmacyRequest/Page_KDMC-Pharmacy/input_txttreat'

2018-06-09 20:17:05 - [TEST_STEP][PASSED] - click: Object: 'Object Repository/PharmacyRequest/Page_KDMC-Pharmacy/button_Add' is clicked on

2018-06-09 20:17:06 - [MESSAGE][PASSED] - Object: 'Object Repository/PharmacyRequest/Page_KDMC-Pharmacy/button_Add' is clicked on

2018-06-09 20:17:06 - [TEST_STEP][PASSED] - selectOptionByIndex: All options with index in [2] are selected on object 'Object Repository/PharmacyRequest/Page_KDMC-Pharmacy/select_--Select--Schedule 1Inj'

2018-06-09 20:17:06 - [MESSAGE][PASSED] - All options with index in [2] are selected on object 'Object Repository/PharmacyRequest/Page_KDMC-Pharmacy/select_--Select--Schedule 1Inj'

2018-06-09 20:17:06 - [TEST_STEP][PASSED] - selectOptionByIndex: All options with index in [41] are selected on object 'Object Repository/PharmacyRequest/Page_KDMC-Pharmacy/select_--Select--Albendazole'

2018-06-09 20:17:06 - [MESSAGE][PASSED] - All options with index in [41] are selected on object 'Object Repository/PharmacyRequest/Page_KDMC-Pharmacy/select_--Select--Albendazole'

2018-06-09 20:17:06 - [TEST_STEP][PASSED] - delay: Delayed 1 second(s)

2018-06-09 20:17:07 - [MESSAGE][PASSED] - Delayed 1 second(s)

2018-06-09 20:17:07 - [TEST_STEP][PASSED] - setText: Text '10' is set on object 'Object Repository/PharmacyRequest/Page_KDMC-Pharmacy/input_txttreat'

2018-06-09 20:17:07 - [MESSAGE][PASSED] - Text '10' is set on object 'Object Repository/PharmacyRequest/Page_KDMC-Pharmacy/input_txttreat'

2018-06-09 20:17:07 - [TEST_STEP][PASSED] - click: Object: 'Object Repository/PharmacyRequest/Page_KDMC-Pharmacy/button_Add' is clicked on

2018-06-09 20:17:07 - [MESSAGE][PASSED] - Object: 'Object Repository/PharmacyRequest/Page_KDMC-Pharmacy/button_Add' is clicked on

2018-06-09 20:17:07 - [TEST_STEP][PASSED] - selectOptionByIndex: All options with index in [2] are selected on object 'Object Repository/PharmacyRequest/Page_KDMC-Pharmacy/select_--Select--Schedule 1Inj'

2018-06-09 20:17:07 - [MESSAGE][PASSED] - All options with index in [2] are selected on object 'Object Repository/PharmacyRequest/Page_KDMC-Pharmacy/select_--Select--Schedule 1Inj'

2018-06-09 20:17:07 - [TEST_STEP][PASSED] - selectOptionByIndex: All options with index in [42] are selected on object 'Object Repository/PharmacyRequest/Page_KDMC-Pharmacy/select_--Select--Albendazole'

2018-06-09 20:17:08 - [MESSAGE][PASSED] - All options with index in [42] are selected on object 'Object Repository/PharmacyRequest/Page_KDMC-Pharmacy/select_--Select--Albendazole'

2018-06-09 20:17:08 - [TEST_STEP][PASSED] - delay: Delayed 1 second(s)

2018-06-09 20:17:09 - [MESSAGE][PASSED] - Delayed 1 second(s)

2018-06-09 20:17:09 - [TEST_STEP][PASSED] - setText: Text '10' is set on object 'Object Repository/PharmacyRequest/Page_KDMC-Pharmacy/input_txttreat'

2018-06-09 20:17:09 - [MESSAGE][PASSED] - Text '10' is set on object 'Object Repository/PharmacyRequest/Page_KDMC-Pharmacy/input_txttreat'

2018-06-09 20:17:09 - [TEST_STEP][PASSED] - click: Object: 'Object Repository/PharmacyRequest/Page_KDMC-Pharmacy/button_Add' is clicked on

2018-06-09 20:17:09 - [MESSAGE][PASSED] - Object: 'Object Repository/PharmacyRequest/Page_KDMC-Pharmacy/button_Add' is clicked on

2018-06-09 20:17:09 - [TEST_STEP][PASSED] - selectOptionByIndex: All options with index in [2] are selected on object 'Object Repository/PharmacyRequest/Page_KDMC-Pharmacy/select_--Select--Schedule 1Inj'

2018-06-09 20:17:09 - [MESSAGE][PASSED] - All options with index in [2] are selected on object 'Object Repository/PharmacyRequest/Page_KDMC-Pharmacy/select_--Select--Schedule 1Inj'

2018-06-09 20:17:09 - [TEST_STEP][PASSED] - selectOptionByIndex: All options with index in [43] are selected on object 'Object Repository/PharmacyRequest/Page_KDMC-Pharmacy/select_--Select--Albendazole'

2018-06-09 20:17:10 - [MESSAGE][PASSED] - All options with index in [43] are selected on object 'Object Repository/PharmacyRequest/Page_KDMC-Pharmacy/select_--Select--Albendazole'

2018-06-09 20:17:10 - [TEST_STEP][PASSED] - delay: Delayed 1 second(s)

2018-06-09 20:17:11 - [MESSAGE][PASSED] - Delayed 1 second(s)

2018-06-09 20:17:11 - [TEST_STEP][PASSED] - setText: Text '10' is set on object 'Object Repository/PharmacyRequest/Page_KDMC-Pharmacy/input_txttreat'

2018-06-09 20:17:11 - [MESSAGE][PASSED] - Text '10' is set on object 'Object Repository/PharmacyRequest/Page_KDMC-Pharmacy/input_txttreat'

2018-06-09 20:17:11 - [TEST_STEP][PASSED] - click: Object: 'Object Repository/PharmacyRequest/Page_KDMC-Pharmacy/button_Add' is clicked on

2018-06-09 20:17:11 - [MESSAGE][PASSED] - Object: 'Object Repository/PharmacyRequest/Page_KDMC-Pharmacy/button_Add' is clicked on

2018-06-09 20:17:11 - [TEST_STEP][PASSED] - selectOptionByIndex: All options with index in [2] are selected on object 'Object Repository/PharmacyRequest/Page_KDMC-Pharmacy/select_--Select--Schedule 1Inj'

2018-06-09 20:17:11 - [MESSAGE][PASSED] - All options with index in [2] are selected on object 'Object Repository/PharmacyRequest/Page_KDMC-Pharmacy/select_--Select--Schedule 1Inj'

2018-06-09 20:17:11 - [TEST_STEP][PASSED] - selectOptionByIndex: All options with index in [44] are selected on object 'Object Repository/PharmacyRequest/Page_KDMC-Pharmacy/select_--Select--Albendazole'

2018-06-09 20:17:11 - [MESSAGE][PASSED] - All options with index in [44] are selected on object 'Object Repository/PharmacyRequest/Page_KDMC-Pharmacy/select_--Select--Albendazole'

2018-06-09 20:17:11 - [TEST_STEP][PASSED] - delay: Delayed 1 second(s)

2018-06-09 20:17:12 - [MESSAGE][PASSED] - Delayed 1 second(s)

2018-06-09 20:17:12 - [TEST_STEP][PASSED] - setText: Text '10' is set on object 'Object Repository/PharmacyRequest/Page_KDMC-Pharmacy/input_txttreat'

2018-06-09 20:17:12 - [MESSAGE][PASSED] - Text '10' is set on object 'Object Repository/PharmacyRequest/Page_KDMC-Pharmacy/input_txttreat'

2018-06-09 20:17:12 - [TEST_STEP][PASSED] - click: Object: 'Object Repository/PharmacyRequest/Page_KDMC-Pharmacy/button_Add' is clicked on

2018-06-09 20:17:13 - [MESSAGE][PASSED] - Object: 'Object Repository/PharmacyRequest/Page_KDMC-Pharmacy/button_Add' is clicked on

2018-06-09 20:17:13 - [TEST_STEP][PASSED] - selectOptionByIndex: All options with index in [2] are selected on object 'Object Repository/PharmacyRequest/Page_KDMC-Pharmacy/select_--Select--Schedule 1Inj'

2018-06-09 20:17:13 - [MESSAGE][PASSED] - All options with index in [2] are selected on object 'Object Repository/PharmacyRequest/Page_KDMC-Pharmacy/select_--Select--Schedule 1Inj'

2018-06-09 20:17:13 - [TEST_STEP][PASSED] - selectOptionByIndex: All options with index in [45] are selected on object 'Object Repository/PharmacyRequest/Page_KDMC-Pharmacy/select_--Select--Albendazole'

2018-06-09 20:17:13 - [MESSAGE][PASSED] - All options with index in [45] are selected on object 'Object Repository/PharmacyRequest/Page_KDMC-Pharmacy/select_--Select--Albendazole'

2018-06-09 20:17:13 - [TEST_STEP][PASSED] - delay: Delayed 1 second(s)

2018-06-09 20:17:14 - [MESSAGE][PASSED] - Delayed 1 second(s)

2018-06-09 20:17:14 - [TEST_STEP][PASSED] - setText: Text '10' is set on object 'Object Repository/PharmacyRequest/Page_KDMC-Pharmacy/input_txttreat'

2018-06-09 20:17:14 - [MESSAGE][PASSED] - Text '10' is set on object 'Object Repository/PharmacyRequest/Page_KDMC-Pharmacy/input_txttreat'

2018-06-09 20:17:14 - [TEST_STEP][PASSED] - click: Object: 'Object Repository/PharmacyRequest/Page_KDMC-Pharmacy/button_Add' is clicked on

2018-06-09 20:17:14 - [MESSAGE][PASSED] - Object: 'Object Repository/PharmacyRequest/Page_KDMC-Pharmacy/button_Add' is clicked on

2018-06-09 20:17:14 - [TEST_STEP][PASSED] - selectOptionByIndex: All options with index in [2] are selected on object 'Object Repository/PharmacyRequest/Page_KDMC-Pharmacy/select_--Select--Schedule 1Inj'

2018-06-09 20:17:14 - [MESSAGE][PASSED] - All options with index in [2] are selected on object 'Object Repository/PharmacyRequest/Page_KDMC-Pharmacy/select_--Select--Schedule 1Inj'

2018-06-09 20:17:14 - [TEST_STEP][PASSED] - selectOptionByIndex: All options with index in [46] are selected on object 'Object Repository/PharmacyRequest/Page_KDMC-Pharmacy/select_--Select--Albendazole'

2018-06-09 20:17:15 - [MESSAGE][PASSED] - All options with index in [46] are selected on object 'Object Repository/PharmacyRequest/Page_KDMC-Pharmacy/select_--Select--Albendazole'

2018-06-09 20:17:15 - [TEST_STEP][PASSED] - delay: Delayed 1 second(s)

2018-06-09 20:17:16 - [MESSAGE][PASSED] - Delayed 1 second(s)

2018-06-09 20:17:16 - [TEST_STEP][PASSED] - setText: Text '10' is set on object 'Object Repository/PharmacyRequest/Page_KDMC-Pharmacy/input_txttreat'

2018-06-09 20:17:16 - [MESSAGE][PASSED] - Text '10' is set on object 'Object Repository/PharmacyRequest/Page_KDMC-Pharmacy/input_txttreat'

2018-06-09 20:17:16 - [TEST_STEP][PASSED] - click: Object: 'Object Repository/PharmacyRequest/Page_KDMC-Pharmacy/button_Add' is clicked on

2018-06-09 20:17:16 - [MESSAGE][PASSED] - Object: 'Object Repository/PharmacyRequest/Page_KDMC-Pharmacy/button_Add' is clicked on

2018-06-09 20:17:16 - [TEST_STEP][PASSED] - selectOptionByIndex: All options with index in [2] are selected on object 'Object Repository/PharmacyRequest/Page_KDMC-Pharmacy/select_--Select--Schedule 1Inj'

2018-06-09 20:17:16 - [MESSAGE][PASSED] - All options with index in [2] are selected on object 'Object Repository/PharmacyRequest/Page_KDMC-Pharmacy/select_--Select--Schedule 1Inj'

2018-06-09 20:17:16 - [TEST_STEP][PASSED] - selectOptionByIndex: All options with index in [47] are selected on object 'Object Repository/PharmacyRequest/Page_KDMC-Pharmacy/select_--Select--Albendazole'

2018-06-09 20:17:17 - [MESSAGE][PASSED] - All options with index in [47] are selected on object 'Object Repository/PharmacyRequest/Page_KDMC-Pharmacy/select_--Select--Albendazole'

2018-06-09 20:17:17 - [TEST_STEP][PASSED] - delay: Delayed 1 second(s)

2018-06-09 20:17:18 - [MESSAGE][PASSED] - Delayed 1 second(s)

2018-06-09 20:17:18 - [TEST_STEP][PASSED] - setText: Text '10' is set on object 'Object Repository/PharmacyRequest/Page_KDMC-Pharmacy/input_txttreat'

2018-06-09 20:17:18 - [MESSAGE][PASSED] - Text '10' is set on object 'Object Repository/PharmacyRequest/Page_KDMC-Pharmacy/input_txttreat'

2018-06-09 20:17:18 - [TEST_STEP][PASSED] - click: Object: 'Object Repository/PharmacyRequest/Page_KDMC-Pharmacy/button_Add' is clicked on

2018-06-09 20:17:18 - [MESSAGE][PASSED] - Object: 'Object Repository/PharmacyRequest/Page_KDMC-Pharmacy/button_Add' is clicked on

2018-06-09 20:17:18 - [TEST_STEP][PASSED] - selectOptionByIndex: All options with index in [2] are selected on object 'Object Repository/PharmacyRequest/Page_KDMC-Pharmacy/select_--Select--Schedule 1Inj'

2018-06-09 20:17:18 - [MESSAGE][PASSED] - All options with index in [2] are selected on object 'Object Repository/PharmacyRequest/Page_KDMC-Pharmacy/select_--Select--Schedule 1Inj'

2018-06-09 20:17:18 - [TEST_STEP][PASSED] - selectOptionByIndex: All options with index in [48] are selected on object 'Object Repository/PharmacyRequest/Page_KDMC-Pharmacy/select_--Select--Albendazole'

2018-06-09 20:17:18 - [MESSAGE][PASSED] - All options with index in [48] are selected on object 'Object Repository/PharmacyRequest/Page_KDMC-Pharmacy/select_--Select--Albendazole'

2018-06-09 20:17:18 - [TEST_STEP][PASSED] - delay: Delayed 1 second(s)

2018-06-09 20:17:19 - [MESSAGE][PASSED] - Delayed 1 second(s)

2018-06-09 20:17:19 - [TEST_STEP][PASSED] - setText: Text '10' is set on object 'Object Repository/PharmacyRequest/Page_KDMC-Pharmacy/input_txttreat'

2018-06-09 20:17:20 - [MESSAGE][PASSED] - Text '10' is set on object 'Object Repository/PharmacyRequest/Page_KDMC-Pharmacy/input_txttreat'

2018-06-09 20:17:20 - [TEST_STEP][PASSED] - click: Object: 'Object Repository/PharmacyRequest/Page_KDMC-Pharmacy/button_Add' is clicked on

2018-06-09 20:17:20 - [MESSAGE][PASSED] - Object: 'Object Repository/PharmacyRequest/Page_KDMC-Pharmacy/button_Add' is clicked on

2018-06-09 20:17:20 - [TEST_STEP][PASSED] - selectOptionByIndex: All options with index in [2] are selected on object 'Object Repository/PharmacyRequest/Page_KDMC-Pharmacy/select_--Select--Schedule 1Inj'

2018-06-09 20:17:20 - [MESSAGE][PASSED] - All options with index in [2] are selected on object 'Object Repository/PharmacyRequest/Page_KDMC-Pharmacy/select_--Select--Schedule 1Inj'

2018-06-09 20:17:20 - [TEST_STEP][PASSED] - selectOptionByIndex: All options with index in [49] are selected on object 'Object Repository/PharmacyRequest/Page_KDMC-Pharmacy/select_--Select--Albendazole'

2018-06-09 20:17:20 - [MESSAGE][PASSED] - All options with index in [49] are selected on object 'Object Repository/PharmacyRequest/Page_KDMC-Pharmacy/select_--Select--Albendazole'

2018-06-09 20:17:20 - [TEST_STEP][PASSED] - delay: Delayed 1 second(s)

2018-06-09 20:17:21 - [MESSAGE][PASSED] - Delayed 1 second(s)

2018-06-09 20:17:21 - [TEST_STEP][PASSED] - setText: Text '10' is set on object 'Object Repository/PharmacyRequest/Page_KDMC-Pharmacy/input_txttreat'

2018-06-09 20:17:21 - [MESSAGE][PASSED] - Text '10' is set on object 'Object Repository/PharmacyRequest/Page_KDMC-Pharmacy/input_txttreat'

2018-06-09 20:17:21 - [TEST_STEP][PASSED] - click: Object: 'Object Repository/PharmacyRequest/Page_KDMC-Pharmacy/button_Add' is clicked on

2018-06-09 20:17:21 - [MESSAGE][PASSED] - Object: 'Object Repository/PharmacyRequest/Page_KDMC-Pharmacy/button_Add' is clicked on

2018-06-09 20:17:21 - [TEST_STEP][PASSED] - selectOptionByIndex: All options with index in [2] are selected on object 'Object Repository/PharmacyRequest/Page_KDMC-Pharmacy/select_--Select--Schedule 1Inj'

2018-06-09 20:17:22 - [MESSAGE][PASSED] - All options with index in [2] are selected on object 'Object Repository/PharmacyRequest/Page_KDMC-Pharmacy/select_--Select--Schedule 1Inj'

2018-06-09 20:17:22 - [TEST_STEP][PASSED] - selectOptionByIndex: All options with index in [50] are selected on object 'Object Repository/PharmacyRequest/Page_KDMC-Pharmacy/select_--Select--Albendazole'

2018-06-09 20:17:22 - [MESSAGE][PASSED] - All options with index in [50] are selected on object 'Object Repository/PharmacyRequest/Page_KDMC-Pharmacy/select_--Select--Albendazole'

2018-06-09 20:17:22 - [TEST_STEP][PASSED] - delay: Delayed 1 second(s)

2018-06-09 20:17:23 - [MESSAGE][PASSED] - Delayed 1 second(s)

2018-06-09 20:17:23 - [TEST_STEP][PASSED] - setText: Text '10' is set on object 'Object Repository/PharmacyRequest/Page_KDMC-Pharmacy/input_txttreat'

2018-06-09 20:17:23 - [MESSAGE][PASSED] - Text '10' is set on object 'Object Repository/PharmacyRequest/Page_KDMC-Pharmacy/input_txttreat'

2018-06-09 20:17:23 - [TEST_STEP][PASSED] - click: Object: 'Object Repository/PharmacyRequest/Page_KDMC-Pharmacy/button_Add' is clicked on

2018-06-09 20:17:23 - [MESSAGE][PASSED] - Object: 'Object Repository/PharmacyRequest/Page_KDMC-Pharmacy/button_Add' is clicked on

2018-06-09 20:17:23 - [TEST_STEP][PASSED] - selectOptionByIndex: All options with index in [2] are selected on object 'Object Repository/PharmacyRequest/Page_KDMC-Pharmacy/select_--Select--Schedule 1Inj'

2018-06-09 20:17:23 - [MESSAGE][PASSED] - All options with index in [2] are selected on object 'Object Repository/PharmacyRequest/Page_KDMC-Pharmacy/select_--Select--Schedule 1Inj'

2018-06-09 20:17:23 - [TEST_STEP][PASSED] - selectOptionByIndex: All options with index in [51] are selected on object 'Object Repository/PharmacyRequest/Page_KDMC-Pharmacy/select_--Select--Albendazole'

2018-06-09 20:17:24 - [MESSAGE][PASSED] - All options with index in [51] are selected on object 'Object Repository/PharmacyRequest/Page_KDMC-Pharmacy/select_--Select--Albendazole'

2018-06-09 20:17:24 - [TEST_STEP][PASSED] - delay: Delayed 1 second(s)

2018-06-09 20:17:25 - [MESSAGE][PASSED] - Delayed 1 second(s)

2018-06-09 20:17:25 - [TEST_STEP][PASSED] - setText: Text '10' is set on object 'Object Repository/PharmacyRequest/Page_KDMC-Pharmacy/input_txttreat'

2018-06-09 20:17:25 - [MESSAGE][PASSED] - Text '10' is set on object 'Object Repository/PharmacyRequest/Page_KDMC-Pharmacy/input_txttreat'

2018-06-09 20:17:25 - [TEST_STEP][PASSED] - click: Object: 'Object Repository/PharmacyRequest/Page_KDMC-Pharmacy/button_Add' is clicked on

2018-06-09 20:17:25 - [MESSAGE][PASSED] - Object: 'Object Repository/PharmacyRequest/Page_KDMC-Pharmacy/button_Add' is clicked on

2018-06-09 20:17:25 - [TEST_STEP][PASSED] - selectOptionByIndex: All options with index in [2] are selected on object 'Object Repository/PharmacyRequest/Page_KDMC-Pharmacy/select_--Select--Schedule 1Inj'

2018-06-09 20:17:25 - [MESSAGE][PASSED] - All options with index in [2] are selected on object 'Object Repository/PharmacyRequest/Page_KDMC-Pharmacy/select_--Select--Schedule 1Inj'

2018-06-09 20:17:25 - [TEST_STEP][PASSED] - selectOptionByIndex: All options with index in [52] are selected on object 'Object Repository/PharmacyRequest/Page_KDMC-Pharmacy/select_--Select--Albendazole'

2018-06-09 20:17:26 - [MESSAGE][PASSED] - All options with index in [52] are selected on object 'Object Repository/PharmacyRequest/Page_KDMC-Pharmacy/select_--Select--Albendazole'

2018-06-09 20:17:26 - [TEST_STEP][PASSED] - delay: Delayed 1 second(s)

2018-06-09 20:17:27 - [MESSAGE][PASSED] - Delayed 1 second(s)

2018-06-09 20:17:27 - [TEST_STEP][PASSED] - setText: Text '10' is set on object 'Object Repository/PharmacyRequest/Page_KDMC-Pharmacy/input_txttreat'

2018-06-09 20:17:27 - [MESSAGE][PASSED] - Text '10' is set on object 'Object Repository/PharmacyRequest/Page_KDMC-Pharmacy/input_txttreat'

2018-06-09 20:17:27 - [TEST_STEP][PASSED] - click: Object: 'Object Repository/PharmacyRequest/Page_KDMC-Pharmacy/button_Add' is clicked on

2018-06-09 20:17:27 - [MESSAGE][PASSED] - Object: 'Object Repository/PharmacyRequest/Page_KDMC-Pharmacy/button_Add' is clicked on

2018-06-09 20:17:27 - [TEST_STEP][PASSED] - selectOptionByIndex: All options with index in [2] are selected on object 'Object Repository/PharmacyRequest/Page_KDMC-Pharmacy/select_--Select--Schedule 1Inj'

2018-06-09 20:17:27 - [MESSAGE][PASSED] - All options with index in [2] are selected on object 'Object Repository/PharmacyRequest/Page_KDMC-Pharmacy/select_--Select--Schedule 1Inj'

2018-06-09 20:17:27 - [TEST_STEP][PASSED] - selectOptionByIndex: All options with index in [53] are selected on object 'Object Repository/PharmacyRequest/Page_KDMC-Pharmacy/select_--Select--Albendazole'

2018-06-09 20:17:28 - [MESSAGE][PASSED] - All options with index in [53] are selected on object 'Object Repository/PharmacyRequest/Page_KDMC-Pharmacy/select_--Select--Albendazole'

2018-06-09 20:17:28 - [TEST_STEP][PASSED] - delay: Delayed 1 second(s)

2018-06-09 20:17:29 - [MESSAGE][PASSED] - Delayed 1 second(s)

2018-06-09 20:17:29 - [TEST_STEP][PASSED] - setText: Text '10' is set on object 'Object Repository/PharmacyRequest/Page_KDMC-Pharmacy/input_txttreat'

2018-06-09 20:17:29 - [MESSAGE][PASSED] - Text '10' is set on object 'Object Repository/PharmacyRequest/Page_KDMC-Pharmacy/input_txttreat'

2018-06-09 20:17:29 - [TEST_STEP][PASSED] - click: Object: 'Object Repository/PharmacyRequest/Page_KDMC-Pharmacy/button_Add' is clicked on

2018-06-09 20:17:29 - [MESSAGE][PASSED] - Object: 'Object Repository/PharmacyRequest/Page_KDMC-Pharmacy/button_Add' is clicked on

2018-06-09 20:17:29 - [TEST_STEP][PASSED] - selectOptionByIndex: All options with index in [2] are selected on object 'Object Repository/PharmacyRequest/Page_KDMC-Pharmacy/select_--Select--Schedule 1Inj'

2018-06-09 20:17:29 - [MESSAGE][PASSED] - All options with index in [2] are selected on object 'Object Repository/PharmacyRequest/Page_KDMC-Pharmacy/select_--Select--Schedule 1Inj'

2018-06-09 20:17:29 - [TEST_STEP][PASSED] - selectOptionByIndex: All options with index in [54] are selected on object 'Object Repository/PharmacyRequest/Page_KDMC-Pharmacy/select_--Select--Albendazole'

2018-06-09 20:17:29 - [MESSAGE][PASSED] - All options with index in [54] are selected on object 'Object Repository/PharmacyRequest/Page_KDMC-Pharmacy/select_--Select--Albendazole'

2018-06-09 20:17:29 - [TEST_STEP][PASSED] - delay: Delayed 1 second(s)

2018-06-09 20:17:30 - [MESSAGE][PASSED] - Delayed 1 second(s)

2018-06-09 20:17:30 - [TEST_STEP][PASSED] - setText: Text '10' is set on object 'Object Repository/PharmacyRequest/Page_KDMC-Pharmacy/input_txttreat'

2018-06-09 20:17:31 - [MESSAGE][PASSED] - Text '10' is set on object 'Object Repository/PharmacyRequest/Page_KDMC-Pharmacy/input_txttreat'

2018-06-09 20:17:31 - [TEST_STEP][PASSED] - click: Object: 'Object Repository/PharmacyRequest/Page_KDMC-Pharmacy/button_Add' is clicked on

2018-06-09 20:17:31 - [MESSAGE][PASSED] - Object: 'Object Repository/PharmacyRequest/Page_KDMC-Pharmacy/button_Add' is clicked on

2018-06-09 20:17:31 - [TEST_STEP][PASSED] - selectOptionByIndex: All options with index in [2] are selected on object 'Object Repository/PharmacyRequest/Page_KDMC-Pharmacy/select_--Select--Schedule 1Inj'

2018-06-09 20:17:31 - [MESSAGE][PASSED] - All options with index in [2] are selected on object 'Object Repository/PharmacyRequest/Page_KDMC-Pharmacy/select_--Select--Schedule 1Inj'

2018-06-09 20:17:31 - [TEST_STEP][PASSED] - selectOptionByIndex: All options with index in [55] are selected on object 'Object Repository/PharmacyRequest/Page_KDMC-Pharmacy/select_--Select--Albendazole'

2018-06-09 20:17:31 - [MESSAGE][PASSED] - All options with index in [55] are selected on object 'Object Repository/PharmacyRequest/Page_KDMC-Pharmacy/select_--Select--Albendazole'

2018-06-09 20:17:31 - [TEST_STEP][PASSED] - delay: Delayed 1 second(s)

2018-06-09 20:17:32 - [MESSAGE][PASSED] - Delayed 1 second(s)

2018-06-09 20:17:32 - [TEST_STEP][PASSED] - setText: Text '10' is set on object 'Object Repository/PharmacyRequest/Page_KDMC-Pharmacy/input_txttreat'

2018-06-09 20:17:32 - [MESSAGE][PASSED] - Text '10' is set on object 'Object Repository/PharmacyRequest/Page_KDMC-Pharmacy/input_txttreat'

2018-06-09 20:17:32 - [TEST_STEP][PASSED] - click: Object: 'Object Repository/PharmacyRequest/Page_KDMC-Pharmacy/button_Add' is clicked on

2018-06-09 20:17:32 - [MESSAGE][PASSED] - Object: 'Object Repository/PharmacyRequest/Page_KDMC-Pharmacy/button_Add' is clicked on

2018-06-09 20:17:32 - [TEST_STEP][PASSED] - selectOptionByIndex: All options with index in [2] are selected on object 'Object Repository/PharmacyRequest/Page_KDMC-Pharmacy/select_--Select--Schedule 1Inj'

2018-06-09 20:17:33 - [MESSAGE][PASSED] - All options with index in [2] are selected on object 'Object Repository/PharmacyRequest/Page_KDMC-Pharmacy/select_--Select--Schedule 1Inj'

2018-06-09 20:17:33 - [TEST_STEP][PASSED] - selectOptionByIndex: All options with index in [56] are selected on object 'Object Repository/PharmacyRequest/Page_KDMC-Pharmacy/select_--Select--Albendazole'

2018-06-09 20:17:33 - [MESSAGE][PASSED] - All options with index in [56] are selected on object 'Object Repository/PharmacyRequest/Page_KDMC-Pharmacy/select_--Select--Albendazole'

2018-06-09 20:17:33 - [TEST_STEP][PASSED] - delay: Delayed 1 second(s)

2018-06-09 20:17:34 - [MESSAGE][PASSED] - Delayed 1 second(s)

2018-06-09 20:17:34 - [TEST_STEP][PASSED] - setText: Text '10' is set on object 'Object Repository/PharmacyRequest/Page_KDMC-Pharmacy/input_txttreat'

2018-06-09 20:17:34 - [MESSAGE][PASSED] - Text '10' is set on object 'Object Repository/PharmacyRequest/Page_KDMC-Pharmacy/input_txttreat'

2018-06-09 20:17:34 - [TEST_STEP][PASSED] - click: Object: 'Object Repository/PharmacyRequest/Page_KDMC-Pharmacy/button_Add' is clicked on

2018-06-09 20:17:34 - [MESSAGE][PASSED] - Object: 'Object Repository/PharmacyRequest/Page_KDMC-Pharmacy/button_Add' is clicked on

2018-06-09 20:17:34 - [TEST_STEP][PASSED] - selectOptionByIndex: All options with index in [2] are selected on object 'Object Repository/PharmacyRequest/Page_KDMC-Pharmacy/select_--Select--Schedule 1Inj'

2018-06-09 20:17:34 - [MESSAGE][PASSED] - All options with index in [2] are selected on object 'Object Repository/PharmacyRequest/Page_KDMC-Pharmacy/select_--Select--Schedule 1Inj'

2018-06-09 20:17:34 - [TEST_STEP][PASSED] - selectOptionByIndex: All options with index in [57] are selected on object 'Object Repository/PharmacyRequest/Page_KDMC-Pharmacy/select_--Select--Albendazole'

2018-06-09 20:17:35 - [MESSAGE][PASSED] - All options with index in [57] are selected on object 'Object Repository/PharmacyRequest/Page_KDMC-Pharmacy/select_--Select--Albendazole'

2018-06-09 20:17:35 - [TEST_STEP][PASSED] - delay: Delayed 1 second(s)

2018-06-09 20:17:36 - [MESSAGE][PASSED] - Delayed 1 second(s)

2018-06-09 20:17:36 - [TEST_STEP][PASSED] - setText: Text '10' is set on object 'Object Repository/PharmacyRequest/Page_KDMC-Pharmacy/input_txttreat'

2018-06-09 20:17:36 - [MESSAGE][PASSED] - Text '10' is set on object 'Object Repository/PharmacyRequest/Page_KDMC-Pharmacy/input_txttreat'

2018-06-09 20:17:36 - [TEST_STEP][PASSED] - click: Object: 'Object Repository/PharmacyRequest/Page_KDMC-Pharmacy/button_Add' is clicked on

2018-06-09 20:17:36 - [MESSAGE][PASSED] - Object: 'Object Repository/PharmacyRequest/Page_KDMC-Pharmacy/button_Add' is clicked on

2018-06-09 20:17:36 - [TEST_STEP][PASSED] - selectOptionByIndex: All options with index in [2] are selected on object 'Object Repository/PharmacyRequest/Page_KDMC-Pharmacy/select_--Select--Schedule 1Inj'

2018-06-09 20:17:36 - [MESSAGE][PASSED] - All options with index in [2] are selected on object 'Object Repository/PharmacyRequest/Page_KDMC-Pharmacy/select_--Select--Schedule 1Inj'

2018-06-09 20:17:36 - [TEST_STEP][PASSED] - selectOptionByIndex: All options with index in [58] are selected on object 'Object Repository/PharmacyRequest/Page_KDMC-Pharmacy/select_--Select--Albendazole'

2018-06-09 20:17:37 - [MESSAGE][PASSED] - All options with index in [58] are selected on object 'Object Repository/PharmacyRequest/Page_KDMC-Pharmacy/select_--Select--Albendazole'

2018-06-09 20:17:37 - [TEST_STEP][PASSED] - delay: Delayed 1 second(s)

2018-06-09 20:17:38 - [MESSAGE][PASSED] - Delayed 1 second(s)

2018-06-09 20:17:38 - [TEST_STEP][PASSED] - setText: Text '10' is set on object 'Object Repository/PharmacyRequest/Page_KDMC-Pharmacy/input_txttreat'

2018-06-09 20:17:38 - [MESSAGE][PASSED] - Text '10' is set on object 'Object Repository/PharmacyRequest/Page_KDMC-Pharmacy/input_txttreat'

2018-06-09 20:17:38 - [TEST_STEP][PASSED] - click: Object: 'Object Repository/PharmacyRequest/Page_KDMC-Pharmacy/button_Add' is clicked on

2018-06-09 20:17:38 - [MESSAGE][PASSED] - Object: 'Object Repository/PharmacyRequest/Page_KDMC-Pharmacy/button_Add' is clicked on

2018-06-09 20:17:38 - [TEST_STEP][PASSED] - selectOptionByIndex: All options with index in [2] are selected on object 'Object Repository/PharmacyRequest/Page_KDMC-Pharmacy/select_--Select--Schedule 1Inj'

2018-06-09 20:17:38 - [MESSAGE][PASSED] - All options with index in [2] are selected on object 'Object Repository/PharmacyRequest/Page_KDMC-Pharmacy/select_--Select--Schedule 1Inj'

2018-06-09 20:17:38 - [TEST_STEP][PASSED] - selectOptionByIndex: All options with index in [59] are selected on object 'Object Repository/PharmacyRequest/Page_KDMC-Pharmacy/select_--Select--Albendazole'

2018-06-09 20:17:39 - [MESSAGE][PASSED] - All options with index in [59] are selected on object 'Object Repository/PharmacyRequest/Page_KDMC-Pharmacy/select_--Select--Albendazole'

2018-06-09 20:17:39 - [TEST_STEP][PASSED] - delay: Delayed 1 second(s)

2018-06-09 20:17:40 - [MESSAGE][PASSED] - Delayed 1 second(s)

2018-06-09 20:17:40 - [TEST_STEP][PASSED] - setText: Text '10' is set on object 'Object Repository/PharmacyRequest/Page_KDMC-Pharmacy/input_txttreat'

2018-06-09 20:17:40 - [MESSAGE][PASSED] - Text '10' is set on object 'Object Repository/PharmacyRequest/Page_KDMC-Pharmacy/input_txttreat'

2018-06-09 20:17:40 - [TEST_STEP][PASSED] - click: Object: 'Object Repository/PharmacyRequest/Page_KDMC-Pharmacy/button_Add' is clicked on

2018-06-09 20:17:40 - [MESSAGE][PASSED] - Object: 'Object Repository/PharmacyRequest/Page_KDMC-Pharmacy/button_Add' is clicked on

2018-06-09 20:17:40 - [TEST_STEP][PASSED] - selectOptionByIndex: All options with index in [2] are selected on object 'Object Repository/PharmacyRequest/Page_KDMC-Pharmacy/select_--Select--Schedule 1Inj'

2018-06-09 20:17:40 - [MESSAGE][PASSED] - All options with index in [2] are selected on object 'Object Repository/PharmacyRequest/Page_KDMC-Pharmacy/select_--Select--Schedule 1Inj'

2018-06-09 20:17:40 - [TEST_STEP][PASSED] - selectOptionByIndex: All options with index in [60] are selected on object 'Object Repository/PharmacyRequest/Page_KDMC-Pharmacy/select_--Select--Albendazole'

2018-06-09 20:17:41 - [MESSAGE][PASSED] - All options with index in [60] are selected on object 'Object Repository/PharmacyRequest/Page_KDMC-Pharmacy/select_--Select--Albendazole'

2018-06-09 20:17:41 - [TEST_STEP][PASSED] - delay: Delayed 1 second(s)

2018-06-09 20:17:42 - [MESSAGE][PASSED] - Delayed 1 second(s)

2018-06-09 20:17:42 - [TEST_STEP][PASSED] - setText: Text '10' is set on object 'Object Repository/PharmacyRequest/Page_KDMC-Pharmacy/input_txttreat'

2018-06-09 20:17:42 - [MESSAGE][PASSED] - Text '10' is set on object 'Object Repository/PharmacyRequest/Page_KDMC-Pharmacy/input_txttreat'

2018-06-09 20:17:42 - [TEST_STEP][PASSED] - click: Object: 'Object Repository/PharmacyRequest/Page_KDMC-Pharmacy/button_Add' is clicked on

2018-06-09 20:17:42 - [MESSAGE][PASSED] - Object: 'Object Repository/PharmacyRequest/Page_KDMC-Pharmacy/button_Add' is clicked on

2018-06-09 20:17:42 - [TEST_STEP][PASSED] - selectOptionByIndex: All options with index in [2] are selected on object 'Object Repository/PharmacyRequest/Page_KDMC-Pharmacy/select_--Select--Schedule 1Inj'

2018-06-09 20:17:42 - [MESSAGE][PASSED] - All options with index in [2] are selected on object 'Object Repository/PharmacyRequest/Page_KDMC-Pharmacy/select_--Select--Schedule 1Inj'

2018-06-09 20:17:42 - [TEST_STEP][PASSED] - selectOptionByIndex: All options with index in [61] are selected on object 'Object Repository/PharmacyRequest/Page_KDMC-Pharmacy/select_--Select--Albendazole'

2018-06-09 20:17:43 - [MESSAGE][PASSED] - All options with index in [61] are selected on object 'Object Repository/PharmacyRequest/Page_KDMC-Pharmacy/select_--Select--Albendazole'

2018-06-09 20:17:43 - [TEST_STEP][PASSED] - delay: Delayed 1 second(s)

2018-06-09 20:17:44 - [MESSAGE][PASSED] - Delayed 1 second(s)

2018-06-09 20:17:44 - [TEST_STEP][PASSED] - setText: Text '10' is set on object 'Object Repository/PharmacyRequest/Page_KDMC-Pharmacy/input_txttreat'

2018-06-09 20:17:44 - [MESSAGE][PASSED] - Text '10' is set on object 'Object Repository/PharmacyRequest/Page_KDMC-Pharmacy/input_txttreat'

2018-06-09 20:17:44 - [TEST_STEP][PASSED] - click: Object: 'Object Repository/PharmacyRequest/Page_KDMC-Pharmacy/button_Add' is clicked on

2018-06-09 20:17:44 - [MESSAGE][PASSED] - Object: 'Object Repository/PharmacyRequest/Page_KDMC-Pharmacy/button_Add' is clicked on

2018-06-09 20:17:44 - [TEST_STEP][PASSED] - selectOptionByIndex: All options with index in [2] are selected on object 'Object Repository/PharmacyRequest/Page_KDMC-Pharmacy/select_--Select--Schedule 1Inj'

2018-06-09 20:17:44 - [MESSAGE][PASSED] - All options with index in [2] are selected on object 'Object Repository/PharmacyRequest/Page_KDMC-Pharmacy/select_--Select--Schedule 1Inj'

2018-06-09 20:17:44 - [TEST_STEP][PASSED] - selectOptionByIndex: All options with index in [62] are selected on object 'Object Repository/PharmacyRequest/Page_KDMC-Pharmacy/select_--Select--Albendazole'

2018-06-09 20:17:45 - [MESSAGE][PASSED] - All options with index in [62] are selected on object 'Object Repository/PharmacyRequest/Page_KDMC-Pharmacy/select_--Select--Albendazole'

2018-06-09 20:17:45 - [TEST_STEP][PASSED] - delay: Delayed 1 second(s)

2018-06-09 20:17:46 - [MESSAGE][PASSED] - Delayed 1 second(s)

2018-06-09 20:17:46 - [TEST_STEP][PASSED] - setText: Text '10' is set on object 'Object Repository/PharmacyRequest/Page_KDMC-Pharmacy/input_txttreat'

2018-06-09 20:17:46 - [MESSAGE][PASSED] - Text '10' is set on object 'Object Repository/PharmacyRequest/Page_KDMC-Pharmacy/input_txttreat'

2018-06-09 20:17:46 - [TEST_STEP][PASSED] - click: Object: 'Object Repository/PharmacyRequest/Page_KDMC-Pharmacy/button_Add' is clicked on

2018-06-09 20:17:46 - [MESSAGE][PASSED] - Object: 'Object Repository/PharmacyRequest/Page_KDMC-Pharmacy/button_Add' is clicked on

2018-06-09 20:17:46 - [TEST_STEP][PASSED] - selectOptionByIndex: All options with index in [2] are selected on object 'Object Repository/PharmacyRequest/Page_KDMC-Pharmacy/select_--Select--Schedule 1Inj'

2018-06-09 20:17:46 - [MESSAGE][PASSED] - All options with index in [2] are selected on object 'Object Repository/PharmacyRequest/Page_KDMC-Pharmacy/select_--Select--Schedule 1Inj'

2018-06-09 20:17:46 - [TEST_STEP][PASSED] - selectOptionByIndex: All options with index in [63] are selected on object 'Object Repository/PharmacyRequest/Page_KDMC-Pharmacy/select_--Select--Albendazole'

2018-06-09 20:17:46 - [MESSAGE][PASSED] - All options with index in [63] are selected on object 'Object Repository/PharmacyRequest/Page_KDMC-Pharmacy/select_--Select--Albendazole'

2018-06-09 20:17:46 - [TEST_STEP][PASSED] - delay: Delayed 1 second(s)

2018-06-09 20:17:47 - [MESSAGE][PASSED] - Delayed 1 second(s)

2018-06-09 20:17:47 - [TEST_STEP][PASSED] - setText: Text '10' is set on object 'Object Repository/PharmacyRequest/Page_KDMC-Pharmacy/input_txttreat'

2018-06-09 20:17:48 - [MESSAGE][PASSED] - Text '10' is set on object 'Object Repository/PharmacyRequest/Page_KDMC-Pharmacy/input_txttreat'

2018-06-09 20:17:48 - [TEST_STEP][PASSED] - click: Object: 'Object Repository/PharmacyRequest/Page_KDMC-Pharmacy/button_Add' is clicked on

2018-06-09 20:17:48 - [MESSAGE][PASSED] - Object: 'Object Repository/PharmacyRequest/Page_KDMC-Pharmacy/button_Add' is clicked on

2018-06-09 20:17:48 - [TEST_STEP][PASSED] - selectOptionByIndex: All options with index in [2] are selected on object 'Object Repository/PharmacyRequest/Page_KDMC-Pharmacy/select_--Select--Schedule 1Inj'

2018-06-09 20:17:48 - [MESSAGE][PASSED] - All options with index in [2] are selected on object 'Object Repository/PharmacyRequest/Page_KDMC-Pharmacy/select_--Select--Schedule 1Inj'

2018-06-09 20:17:48 - [TEST_STEP][PASSED] - selectOptionByIndex: All options with index in [64] are selected on object 'Object Repository/PharmacyRequest/Page_KDMC-Pharmacy/select_--Select--Albendazole'

2018-06-09 20:17:48 - [MESSAGE][PASSED] - All options with index in [64] are selected on object 'Object Repository/PharmacyRequest/Page_KDMC-Pharmacy/select_--Select--Albendazole'

2018-06-09 20:17:48 - [TEST_STEP][PASSED] - delay: Delayed 1 second(s)

2018-06-09 20:17:49 - [MESSAGE][PASSED] - Delayed 1 second(s)

2018-06-09 20:17:49 - [TEST_STEP][PASSED] - setText: Text '10' is set on object 'Object Repository/PharmacyRequest/Page_KDMC-Pharmacy/input_txttreat'

2018-06-09 20:17:49 - [MESSAGE][PASSED] - Text '10' is set on object 'Object Repository/PharmacyRequest/Page_KDMC-Pharmacy/input_txttreat'

2018-06-09 20:17:49 - [TEST_STEP][PASSED] - click: Object: 'Object Repository/PharmacyRequest/Page_KDMC-Pharmacy/button_Add' is clicked on

2018-06-09 20:17:50 - [MESSAGE][PASSED] - Object: 'Object Repository/PharmacyRequest/Page_KDMC-Pharmacy/button_Add' is clicked on

2018-06-09 20:17:50 - [TEST_STEP][PASSED] - selectOptionByIndex: All options with index in [2] are selected on object 'Object Repository/PharmacyRequest/Page_KDMC-Pharmacy/select_--Select--Schedule 1Inj'

2018-06-09 20:17:50 - [MESSAGE][PASSED] - All options with index in [2] are selected on object 'Object Repository/PharmacyRequest/Page_KDMC-Pharmacy/select_--Select--Schedule 1Inj'

2018-06-09 20:17:50 - [TEST_STEP][PASSED] - selectOptionByIndex: All options with index in [65] are selected on object 'Object Repository/PharmacyRequest/Page_KDMC-Pharmacy/select_--Select--Albendazole'

2018-06-09 20:17:50 - [MESSAGE][PASSED] - All options with index in [65] are selected on object 'Object Repository/PharmacyRequest/Page_KDMC-Pharmacy/select_--Select--Albendazole'

2018-06-09 20:17:50 - [TEST_STEP][PASSED] - delay: Delayed 1 second(s)

2018-06-09 20:17:51 - [MESSAGE][PASSED] - Delayed 1 second(s)

2018-06-09 20:17:51 - [TEST_STEP][PASSED] - setText: Text '10' is set on object 'Object Repository/PharmacyRequest/Page_KDMC-Pharmacy/input_txttreat'

2018-06-09 20:17:51 - [MESSAGE][PASSED] - Text '10' is set on object 'Object Repository/PharmacyRequest/Page_KDMC-Pharmacy/input_txttreat'

2018-06-09 20:17:51 - [TEST_STEP][PASSED] - click: Object: 'Object Repository/PharmacyRequest/Page_KDMC-Pharmacy/button_Add' is clicked on

2018-06-09 20:17:52 - [MESSAGE][PASSED] - Object: 'Object Repository/PharmacyRequest/Page_KDMC-Pharmacy/button_Add' is clicked on

2018-06-09 20:17:52 - [TEST_STEP][PASSED] - selectOptionByIndex: All options with index in [2] are selected on object 'Object Repository/PharmacyRequest/Page_KDMC-Pharmacy/select_--Select--Schedule 1Inj'

2018-06-09 20:17:52 - [MESSAGE][PASSED] - All options with index in [2] are selected on object 'Object Repository/PharmacyRequest/Page_KDMC-Pharmacy/select_--Select--Schedule 1Inj'

2018-06-09 20:17:52 - [TEST_STEP][PASSED] - selectOptionByIndex: All options with index in [66] are selected on object 'Object Repository/PharmacyRequest/Page_KDMC-Pharmacy/select_--Select--Albendazole'

2018-06-09 20:17:52 - [MESSAGE][PASSED] - All options with index in [66] are selected on object 'Object Repository/PharmacyRequest/Page_KDMC-Pharmacy/select_--Select--Albendazole'

2018-06-09 20:17:52 - [TEST_STEP][PASSED] - delay: Delayed 1 second(s)

2018-06-09 20:17:53 - [MESSAGE][PASSED] - Delayed 1 second(s)

2018-06-09 20:17:53 - [TEST_STEP][PASSED] - setText: Text '10' is set on object 'Object Repository/PharmacyRequest/Page_KDMC-Pharmacy/input_txttreat'

2018-06-09 20:17:53 - [MESSAGE][PASSED] - Text '10' is set on object 'Object Repository/PharmacyRequest/Page_KDMC-Pharmacy/input_txttreat'

2018-06-09 20:17:53 - [TEST_STEP][PASSED] - click: Object: 'Object Repository/PharmacyRequest/Page_KDMC-Pharmacy/button_Add' is clicked on

2018-06-09 20:17:53 - [MESSAGE][PASSED] - Object: 'Object Repository/PharmacyRequest/Page_KDMC-Pharmacy/button_Add' is clicked on

2018-06-09 20:17:53 - [TEST_STEP][PASSED] - selectOptionByIndex: All options with index in [2] are selected on object 'Object Repository/PharmacyRequest/Page_KDMC-Pharmacy/select_--Select--Schedule 1Inj'

2018-06-09 20:17:54 - [MESSAGE][PASSED] - All options with index in [2] are selected on object 'Object Repository/PharmacyRequest/Page_KDMC-Pharmacy/select_--Select--Schedule 1Inj'

2018-06-09 20:17:54 - [TEST_STEP][PASSED] - selectOptionByIndex: All options with index in [67] are selected on object 'Object Repository/PharmacyRequest/Page_KDMC-Pharmacy/select_--Select--Albendazole'

2018-06-09 20:17:54 - [MESSAGE][PASSED] - All options with index in [67] are selected on object 'Object Repository/PharmacyRequest/Page_KDMC-Pharmacy/select_--Select--Albendazole'

2018-06-09 20:17:54 - [TEST_STEP][PASSED] - delay: Delayed 1 second(s)

2018-06-09 20:17:55 - [MESSAGE][PASSED] - Delayed 1 second(s)

2018-06-09 20:17:55 - [TEST_STEP][PASSED] - setText: Text '10' is set on object 'Object Repository/PharmacyRequest/Page_KDMC-Pharmacy/input_txttreat'

2018-06-09 20:17:55 - [MESSAGE][PASSED] - Text '10' is set on object 'Object Repository/PharmacyRequest/Page_KDMC-Pharmacy/input_txttreat'

2018-06-09 20:17:55 - [TEST_STEP][PASSED] - click: Object: 'Object Repository/PharmacyRequest/Page_KDMC-Pharmacy/button_Add' is clicked on

2018-06-09 20:17:55 - [MESSAGE][PASSED] - Object: 'Object Repository/PharmacyRequest/Page_KDMC-Pharmacy/button_Add' is clicked on

2018-06-09 20:17:55 - [TEST_STEP][PASSED] - selectOptionByIndex: All options with index in [2] are selected on object 'Object Repository/PharmacyRequest/Page_KDMC-Pharmacy/select_--Select--Schedule 1Inj'

2018-06-09 20:17:56 - [MESSAGE][PASSED] - All options with index in [2] are selected on object 'Object Repository/PharmacyRequest/Page_KDMC-Pharmacy/select_--Select--Schedule 1Inj'

2018-06-09 20:17:56 - [TEST_STEP][PASSED] - selectOptionByIndex: All options with index in [68] are selected on object 'Object Repository/PharmacyRequest/Page_KDMC-Pharmacy/select_--Select--Albendazole'

2018-06-09 20:17:56 - [MESSAGE][PASSED] - All options with index in [68] are selected on object 'Object Repository/PharmacyRequest/Page_KDMC-Pharmacy/select_--Select--Albendazole'

2018-06-09 20:17:56 - [TEST_STEP][PASSED] - delay: Delayed 1 second(s)

2018-06-09 20:17:57 - [MESSAGE][PASSED] - Delayed 1 second(s)

2018-06-09 20:17:57 - [TEST_STEP][PASSED] - setText: Text '10' is set on object 'Object Repository/PharmacyRequest/Page_KDMC-Pharmacy/input_txttreat'

2018-06-09 20:17:57 - [MESSAGE][PASSED] - Text '10' is set on object 'Object Repository/PharmacyRequest/Page_KDMC-Pharmacy/input_txttreat'

2018-06-09 20:17:57 - [TEST_STEP][PASSED] - click: Object: 'Object Repository/PharmacyRequest/Page_KDMC-Pharmacy/button_Add' is clicked on

2018-06-09 20:17:57 - [MESSAGE][PASSED] - Object: 'Object Repository/PharmacyRequest/Page_KDMC-Pharmacy/button_Add' is clicked on

2018-06-09 20:17:57 - [TEST_STEP][PASSED] - selectOptionByIndex: All options with index in [2] are selected on object 'Object Repository/PharmacyRequest/Page_KDMC-Pharmacy/select_--Select--Schedule 1Inj'

2018-06-09 20:17:57 - [MESSAGE][PASSED] - All options with index in [2] are selected on object 'Object Repository/PharmacyRequest/Page_KDMC-Pharmacy/select_--Select--Schedule 1Inj'

2018-06-09 20:17:57 - [TEST_STEP][PASSED] - selectOptionByIndex: All options with index in [69] are selected on object 'Object Repository/PharmacyRequest/Page_KDMC-Pharmacy/select_--Select--Albendazole'

2018-06-09 20:17:58 - [MESSAGE][PASSED] - All options with index in [69] are selected on object 'Object Repository/PharmacyRequest/Page_KDMC-Pharmacy/select_--Select--Albendazole'

2018-06-09 20:17:58 - [TEST_STEP][PASSED] - delay: Delayed 1 second(s)

2018-06-09 20:17:59 - [MESSAGE][PASSED] - Delayed 1 second(s)

2018-06-09 20:17:59 - [TEST_STEP][PASSED] - setText: Text '10' is set on object 'Object Repository/PharmacyRequest/Page_KDMC-Pharmacy/input_txttreat'

2018-06-09 20:17:59 - [MESSAGE][PASSED] - Text '10' is set on object 'Object Repository/PharmacyRequest/Page_KDMC-Pharmacy/input_txttreat'

2018-06-09 20:17:59 - [TEST_STEP][PASSED] - click: Object: 'Object Repository/PharmacyRequest/Page_KDMC-Pharmacy/button_Add' is clicked on

2018-06-09 20:17:59 - [MESSAGE][PASSED] - Object: 'Object Repository/PharmacyRequest/Page_KDMC-Pharmacy/button_Add' is clicked on

2018-06-09 20:17:59 - [TEST_STEP][PASSED] - selectOptionByIndex: All options with index in [2] are selected on object 'Object Repository/PharmacyRequest/Page_KDMC-Pharmacy/select_--Select--Schedule 1Inj'

2018-06-09 20:17:59 - [MESSAGE][PASSED] - All options with index in [2] are selected on object 'Object Repository/PharmacyRequest/Page_KDMC-Pharmacy/select_--Select--Schedule 1Inj'

2018-06-09 20:17:59 - [TEST_STEP][PASSED] - selectOptionByIndex: All options with index in [70] are selected on object 'Object Repository/PharmacyRequest/Page_KDMC-Pharmacy/select_--Select--Albendazole'

2018-06-09 20:18:00 - [MESSAGE][PASSED] - All options with index in [70] are selected on object 'Object Repository/PharmacyRequest/Page_KDMC-Pharmacy/select_--Select--Albendazole'

2018-06-09 20:18:00 - [TEST_STEP][PASSED] - delay: Delayed 1 second(s)

2018-06-09 20:18:01 - [MESSAGE][PASSED] - Delayed 1 second(s)

2018-06-09 20:18:01 - [TEST_STEP][PASSED] - setText: Text '10' is set on object 'Object Repository/PharmacyRequest/Page_KDMC-Pharmacy/input_txttreat'

2018-06-09 20:18:01 - [MESSAGE][PASSED] - Text '10' is set on object 'Object Repository/PharmacyRequest/Page_KDMC-Pharmacy/input_txttreat'

2018-06-09 20:18:01 - [TEST_STEP][PASSED] - click: Object: 'Object Repository/PharmacyRequest/Page_KDMC-Pharmacy/button_Add' is clicked on

2018-06-09 20:18:01 - [MESSAGE][PASSED] - Object: 'Object Repository/PharmacyRequest/Page_KDMC-Pharmacy/button_Add' is clicked on

2018-06-09 20:18:01 - [TEST_STEP][PASSED] - selectOptionByIndex: All options with index in [2] are selected on object 'Object Repository/PharmacyRequest/Page_KDMC-Pharmacy/select_--Select--Schedule 1Inj'

2018-06-09 20:18:01 - [MESSAGE][PASSED] - All options with index in [2] are selected on object 'Object Repository/PharmacyRequest/Page_KDMC-Pharmacy/select_--Select--Schedule 1Inj'

2018-06-09 20:18:01 - [TEST_STEP][PASSED] - selectOptionByIndex: All options with index in [71] are selected on object 'Object Repository/PharmacyRequest/Page_KDMC-Pharmacy/select_--Select--Albendazole'

2018-06-09 20:18:02 - [MESSAGE][PASSED] - All options with index in [71] are selected on object 'Object Repository/PharmacyRequest/Page_KDMC-Pharmacy/select_--Select--Albendazole'

2018-06-09 20:18:02 - [TEST_STEP][PASSED] - delay: Delayed 1 second(s)

2018-06-09 20:18:03 - [MESSAGE][PASSED] - Delayed 1 second(s)

2018-06-09 20:18:03 - [TEST_STEP][PASSED] - setText: Text '10' is set on object 'Object Repository/PharmacyRequest/Page_KDMC-Pharmacy/input_txttreat'

2018-06-09 20:18:03 - [MESSAGE][PASSED] - Text '10' is set on object 'Object Repository/PharmacyRequest/Page_KDMC-Pharmacy/input_txttreat'

2018-06-09 20:18:03 - [TEST_STEP][PASSED] - click: Object: 'Object Repository/PharmacyRequest/Page_KDMC-Pharmacy/button_Add' is clicked on

2018-06-09 20:18:03 - [MESSAGE][PASSED] - Object: 'Object Repository/PharmacyRequest/Page_KDMC-Pharmacy/button_Add' is clicked on

2018-06-09 20:18:03 - [TEST_STEP][PASSED] - selectOptionByIndex: All options with index in [2] are selected on object 'Object Repository/PharmacyRequest/Page_KDMC-Pharmacy/select_--Select--Schedule 1Inj'

2018-06-09 20:18:03 - [MESSAGE][PASSED] - All options with index in [2] are selected on object 'Object Repository/PharmacyRequest/Page_KDMC-Pharmacy/select_--Select--Schedule 1Inj'

2018-06-09 20:18:03 - [TEST_STEP][PASSED] - selectOptionByIndex: All options with index in [72] are selected on object 'Object Repository/PharmacyRequest/Page_KDMC-Pharmacy/select_--Select--Albendazole'

2018-06-09 20:18:04 - [MESSAGE][PASSED] - All options with index in [72] are selected on object 'Object Repository/PharmacyRequest/Page_KDMC-Pharmacy/select_--Select--Albendazole'

2018-06-09 20:18:04 - [TEST_STEP][PASSED] - delay: Delayed 1 second(s)

2018-06-09 20:18:05 - [MESSAGE][PASSED] - Delayed 1 second(s)

2018-06-09 20:18:05 - [TEST_STEP][PASSED] - setText: Text '10' is set on object 'Object Repository/PharmacyRequest/Page_KDMC-Pharmacy/input_txttreat'

2018-06-09 20:18:05 - [MESSAGE][PASSED] - Text '10' is set on object 'Object Repository/PharmacyRequest/Page_KDMC-Pharmacy/input_txttreat'

2018-06-09 20:18:05 - [TEST_STEP][PASSED] - click: Object: 'Object Repository/PharmacyRequest/Page_KDMC-Pharmacy/button_Add' is clicked on

2018-06-09 20:18:05 - [MESSAGE][PASSED] - Object: 'Object Repository/PharmacyRequest/Page_KDMC-Pharmacy/button_Add' is clicked on

2018-06-09 20:18:05 - [TEST_STEP][PASSED] - Statement - RN1 = com.kms.katalon.core.webui.keyword.WebUiBuiltInKeywords.getAttribute(com.kms.katalon.core.testobject.ObjectRepository.findTestObject(PharmacyRequest/Page_KDMC-Pharmacy/input_txtno), "value"): Attribute 'value' of object 'Object Repository/PharmacyRequest/Page_KDMC-Pharmacy/input_txtno' is: 'PRNO/09062018/217'

2018-06-09 20:18:05 - [MESSAGE][PASSED] - Attribute 'value' of object 'Object Repository/PharmacyRequest/Page_KDMC-Pharmacy/input_txtno' is: 'PRNO/09062018/217'

2018-06-09 20:18:05 - [TEST_STEP][PASSED] - Statement - out.println(RN1): null

2018-06-09 20:18:05 - [TEST_STEP][PASSED] - Statement - RID = RN1.split("/")[2]: null

2018-06-09 20:18:05 - [TEST_STEP][PASSED] - scrollToElement: Scroll to object 'Object Repository/PharmacyRequest/Page_KDMC-Pharmacy/input_btnsave' successfully

2018-06-09 20:18:05 - [MESSAGE][PASSED] - Scroll to object 'Object Repository/PharmacyRequest/Page_KDMC-Pharmacy/input_btnsave' successfully

2018-06-09 20:18:05 - [TEST_STEP][PASSED] - click: Object: 'Object Repository/PharmacyRequest/Page_KDMC-Pharmacy/input_btnsave' is clicked on

2018-06-09 20:18:05 - [MESSAGE][PASSED] - Object: 'Object Repository/PharmacyRequest/Page_KDMC-Pharmacy/input_btnsave' is clicked on

2018-06-09 20:18:05 - [TEST_STEP][PASSED] - delay: Delayed 3 second(s)

2018-06-09 20:18:08 - [MESSAGE][PASSED] - Delayed 3 second(s)

2018-06-09 20:18:08 - [TEST_STEP][PASSED] - click: Object: 'Object Repository/PharmacyRequest/Page_KDMC-Pharmacy/button_OK' is clicked on

2018-06-09 20:18:09 - [MESSAGE][PASSED] - Object: 'Object Repository/PharmacyRequest/Page_KDMC-Pharmacy/button_OK' is clicked on

2018-06-09 20:18:09 - [TEST_STEP][PASSED] - delay: Delayed 3 second(s)

2018-06-09 20:18:12 - [MESSAGE][PASSED] - Delayed 3 second(s)

2018-06-09 20:18:12 - [TEST_STEP][PASSED] - click: Object: 'Object Repository/PharmacyRequest/Page_KDMC-Pharmacy/a_Back to Pharmacy' is clicked on

2018-06-09 20:18:13 - [MESSAGE][PASSED] - Object: 'Object Repository/PharmacyRequest/Page_KDMC-Pharmacy/a_Back to Pharmacy' is clicked on

2018-06-09 20:18:13 - [TEST_STEP][PASSED] - delay: Delayed 3 second(s)

2018-06-09 20:18:16 - [MESSAGE][PASSED] - Delayed 3 second(s)

2018-06-09 20:18:16 - [TEST_STEP][PASSED] - click: Object: 'Object Repository/PharmacyRequest/Page_KDMC - Pharmacy/a_dropdown-toggle' is clicked on

2018-06-09 20:18:16 - [MESSAGE][PASSED] - Object: 'Object Repository/PharmacyRequest/Page_KDMC - Pharmacy/a_dropdown-toggle' is clicked on

2018-06-09 20:18:16 - [TEST_STEP][PASSED] - click: Object: 'Object Repository/PharmacyRequest/Page_KDMC - Pharmacy/a_Sign out' is clicked on

2018-06-09 20:18:17 - [MESSAGE][PASSED] - Object: 'Object Repository/PharmacyRequest/Page_KDMC - Pharmacy/a_Sign out' is clicked on

2018-06-09 20:18:17 - [TEST_STEP][PASSED] - delay: Delayed 3 second(s)

2018-06-09 20:18:20 - [MESSAGE][PASSED] - Delayed 3 second(s)

2018-06-09 20:18:20 - [TEST_STEP][PASSED] - click: Object: 'Object Repository/PharmacyRequest/Page_KDMC/a_CMO' is clicked on

2018-06-09 20:18:20 - [MESSAGE][PASSED] - Object: 'Object Repository/PharmacyRequest/Page_KDMC/a_CMO' is clicked on

2018-06-09 20:18:20 - [TEST_STEP][PASSED] - setText: Text 'guru' is set on object 'Object Repository/PharmacyRequest/Page_CMO login/input_txtusername'

2018-06-09 20:18:21 - [MESSAGE][PASSED] - Text 'guru' is set on object 'Object Repository/PharmacyRequest/Page_CMO login/input_txtusername'

2018-06-09 20:18:21 - [TEST_STEP][PASSED] - setText: Text '123' is set on object 'Object Repository/PharmacyRequest/Page_CMO login/input_txtpassword'

2018-06-09 20:18:21 - [MESSAGE][PASSED] - Text '123' is set on object 'Object Repository/PharmacyRequest/Page_CMO login/input_txtpassword'

2018-06-09 20:18:21 - [TEST_STEP][PASSED] - delay: Delayed 3 second(s)

2018-06-09 20:18:24 - [MESSAGE][PASSED] - Delayed 3 second(s)

2018-06-09 20:18:24 - [TEST_STEP][PASSED] - click: Object: 'Object Repository/PharmacyRequest/Page_CMO login/button_Sign in' is clicked on

2018-06-09 20:18:25 - [MESSAGE][PASSED] - Object: 'Object Repository/PharmacyRequest/Page_CMO login/button_Sign in' is clicked on

2018-06-09 20:18:25 - [TEST_STEP][PASSED] - click: Object: 'Object Repository/PharmacyRequest/Page_KDMC - CMO/a_Department Wise Request' is clicked on

2018-06-09 20:18:25 - [MESSAGE][PASSED] - Object: 'Object Repository/PharmacyRequest/Page_KDMC - CMO/a_Department Wise Request' is clicked on

2018-06-09 20:18:25 - [TEST_STEP][PASSED] - selectOptionByIndex: All options with index in [2] are selected on object 'Object Repository/PharmacyRequest/Page_KDMC - CMO/select_--ALL--'

2018-06-09 20:18:25 - [MESSAGE][PASSED] - All options with index in [2] are selected on object 'Object Repository/PharmacyRequest/Page_KDMC - CMO/select_--ALL--'

2018-06-09 20:18:25 - [TEST_STEP][PASSED] - selectOptionByIndex: All options with index in [1] are selected on object 'Object Repository/PharmacyRequest/Page_KDMC - CMO/select_--ALL--                _1'

2018-06-09 20:18:26 - [MESSAGE][PASSED] - All options with index in [1] are selected on object 'Object Repository/PharmacyRequest/Page_KDMC - CMO/select_--ALL--                _1'

2018-06-09 20:18:26 - [TEST_STEP][PASSED] - click: Object: 'Object Repository/PharmacyRequest/Page_KDMC - CMO/input_btnsearch' is clicked on

2018-06-09 20:18:26 - [MESSAGE][PASSED] - Object: 'Object Repository/PharmacyRequest/Page_KDMC - CMO/input_btnsearch' is clicked on

2018-06-09 20:18:26 - [TEST_STEP][PASSED] - Statement - ID = com.kms.katalon.core.webui.keyword.WebUiBuiltInKeywords.modifyObjectProperty(com.kms.katalon.core.testobject.ObjectRepository.findTestObject(PharmacyRequest/Page_KDMC - CMO/input_2), "xpath", "equals", "//*[@id=" + RID + "]", true): Modify property of object successfully

2018-06-09 20:18:26 - [MESSAGE][PASSED] - Modify property of object successfully

2018-06-09 20:18:26 - [TEST_STEP][PASSED] - click: Object: 'Object Repository/PharmacyRequest/Page_KDMC - CMO/input_2' is clicked on

2018-06-09 20:18:27 - [MESSAGE][PASSED] - Object: 'Object Repository/PharmacyRequest/Page_KDMC - CMO/input_2' is clicked on

2018-06-09 20:18:27 - [TEST_STEP][PASSED] - delay: Delayed 3 second(s)

2018-06-09 20:18:30 - [MESSAGE][PASSED] - Delayed 3 second(s)

2018-06-09 20:18:30 - [TEST_STEP][PASSED] - selectOptionByIndex: All options with index in [1] are selected on object 'Object Repository/PharmacyRequest/Page_KDMC - CMO/select_--Select--'

2018-06-09 20:18:30 - [MESSAGE][PASSED] - All options with index in [1] are selected on object 'Object Repository/PharmacyRequest/Page_KDMC - CMO/select_--Select--'

2018-06-09 20:18:30 - [TEST_STEP][PASSED] - click: Object: 'Object Repository/PharmacyRequest/Page_KDMC - CMO/input_btnupdate' is clicked on

2018-06-09 20:18:30 - [MESSAGE][PASSED] - Object: 'Object Repository/PharmacyRequest/Page_KDMC - CMO/input_btnupdate' is clicked on

2018-06-09 20:18:30 - [TEST_STEP][PASSED] - delay: Delayed 3 second(s)

2018-06-09 20:18:33 - [MESSAGE][PASSED] - Delayed 3 second(s)

2018-06-09 20:18:33 - [TEST_STEP][PASSED] - click: Object: 'Object Repository/PharmacyRequest/Page_KDMC - CMO/button_OK' is clicked on

2018-06-09 20:18:33 - [MESSAGE][PASSED] - Object: 'Object Repository/PharmacyRequest/Page_KDMC - CMO/button_OK' is clicked on

2018-06-09 20:18:33 - [TEST_STEP][PASSED] - delay: Delayed 3 second(s)

2018-06-09 20:18:36 - [MESSAGE][PASSED] - Delayed 3 second(s)

2018-06-09 20:18:36 - [TEST_STEP][PASSED] - click: Object: 'Object Repository/PharmacyRequest/Page_KDMC - CMO/a_dropdown-toggle' is clicked on

2018-06-09 20:18:36 - [MESSAGE][PASSED] - Object: 'Object Repository/PharmacyRequest/Page_KDMC - CMO/a_dropdown-toggle' is clicked on

2018-06-09 20:18:36 - [TEST_STEP][PASSED] - click: Object: 'Object Repository/PharmacyRequest/Page_KDMC - CMO/a_Sign out' is clicked on

2018-06-09 20:18:37 - [MESSAGE][PASSED] - Object: 'Object Repository/PharmacyRequest/Page_KDMC - CMO/a_Sign out' is clicked on

2018-06-09 20:18:37 - [TEST_STEP][PASSED] - delay: Delayed 3 second(s)

2018-06-09 20:18:40 - [MESSAGE][PASSED] - Delayed 3 second(s)

2018-06-09 20:18:40 - [TEST_STEP][PASSED] - click: Object: 'Object Repository/PharmacyRequest/Page_KDMC/a_Divisional Store' is clicked on

2018-06-09 20:18:40 - [MESSAGE][PASSED] - Object: 'Object Repository/PharmacyRequest/Page_KDMC/a_Divisional Store' is clicked on

2018-06-09 20:18:40 - [TEST_STEP][PASSED] - setText: Text 'ragu' is set on object 'Object Repository/PharmacyRequest/Page_Divisonal Store Login/input_txtusername'

2018-06-09 20:18:41 - [MESSAGE][PASSED] - Text 'ragu' is set on object 'Object Repository/PharmacyRequest/Page_Divisonal Store Login/input_txtusername'

2018-06-09 20:18:41 - [TEST_STEP][PASSED] - setText: Text '123' is set on object 'Object Repository/PharmacyRequest/Page_Divisonal Store Login/input_txtpassword'

2018-06-09 20:18:41 - [MESSAGE][PASSED] - Text '123' is set on object 'Object Repository/PharmacyRequest/Page_Divisonal Store Login/input_txtpassword'

2018-06-09 20:18:41 - [TEST_STEP][PASSED] - delay: Delayed 3 second(s)

2018-06-09 20:18:44 - [MESSAGE][PASSED] - Delayed 3 second(s)

2018-06-09 20:18:44 - [TEST_STEP][PASSED] - click: Object: 'Object Repository/PharmacyRequest/Page_Divisonal Store Login/button_Sign in' is clicked on

2018-06-09 20:18:44 - [MESSAGE][PASSED] - Object: 'Object Repository/PharmacyRequest/Page_Divisonal Store Login/button_Sign in' is clicked on

2018-06-09 20:18:44 - [TEST_STEP][PASSED] - delay: Delayed 3 second(s)

2018-06-09 20:18:47 - [MESSAGE][PASSED] - Delayed 3 second(s)

2018-06-09 20:18:47 - [TEST_STEP][PASSED] - click: Object: 'Object Repository/PharmacyRequest/Page_Store/a_Pharmacy Request' is clicked on

2018-06-09 20:18:48 - [MESSAGE][PASSED] - Object: 'Object Repository/PharmacyRequest/Page_Store/a_Pharmacy Request' is clicked on

2018-06-09 20:18:48 - [TEST_STEP][PASSED] - click: Object: 'Object Repository/PharmacyRequest/Page_Store/a_Request Item Pharmacy' is clicked on

2018-06-09 20:18:48 - [MESSAGE][PASSED] - Object: 'Object Repository/PharmacyRequest/Page_Store/a_Request Item Pharmacy' is clicked on

2018-06-09 20:18:48 - [TEST_STEP][PASSED] - delay: Delayed 2 second(s)

2018-06-09 20:18:50 - [MESSAGE][PASSED] - Delayed 2 second(s)

2018-06-09 20:18:50 - [TEST_STEP][PASSED] - setText: Text 'PRNO/09062018/217' is set on object 'Object Repository/PharmacyRequest/Page_Store/input'

2018-06-09 20:18:51 - [MESSAGE][PASSED] - Text 'PRNO/09062018/217' is set on object 'Object Repository/PharmacyRequest/Page_Store/input'

2018-06-09 20:18:51 - [TEST_STEP][PASSED] - delay: Delayed 2 second(s)

2018-06-09 20:18:53 - [MESSAGE][PASSED] - Delayed 2 second(s)

2018-06-09 20:18:53 - [TEST_STEP][PASSED] - Statement - ChooseRequest = com.kms.katalon.core.webui.keyword.WebUiBuiltInKeywords.modifyObjectProperty(com.kms.katalon.core.testobject.ObjectRepository.findTestObject(PharmacyRequest/Page_Store/input_2), "xpath", "equals", "//*[@id=" + RID + "]", true): Modify property of object successfully

2018-06-09 20:18:53 - [MESSAGE][PASSED] - Modify property of object successfully

2018-06-09 20:18:53 - [TEST_STEP][PASSED] - click: Object: 'Object Repository/PharmacyRequest/Page_Store/input_2' is clicked on

2018-06-09 20:18:53 - [MESSAGE][PASSED] - Object: 'Object Repository/PharmacyRequest/Page_Store/input_2' is clicked on

2018-06-09 20:18:53 - [TEST_STEP][PASSED] - delay: Delayed 2 second(s)

2018-06-09 20:18:55 - [MESSAGE][PASSED] - Delayed 2 second(s)

2018-06-09 20:18:55 - [TEST_STEP][PASSED] - Statement - selectedoptions = com.kms.katalon.core.webui.keyword.WebUiBuiltInKeywords.getNumberOfTotalOption(com.kms.katalon.core.testobject.ObjectRepository.findTestObject(PharmacyRequest/Page_Store/select_--Select--Amlodepin -5)): 73 options of object 'Object Repository/PharmacyRequest/Page_Store/select_--Select--Amlodepin -5' counted

2018-06-09 20:18:55 - [MESSAGE][PASSED] - 73 options of object 'Object Repository/PharmacyRequest/Page_Store/select_--Select--Amlodepin -5' counted

2018-06-09 20:18:55 - [TEST_STEP][PASSED] - Statement - For ([a = 1, a <= selectedoptions - 1, (a++)]): null

2018-06-09 20:18:55 - [TEST_STEP][PASSED] - selectOptionByIndex: All options with index in [1] are selected on object 'Object Repository/PharmacyRequest/Page_Store/select_--Select--Amlodepin -5'

2018-06-09 20:18:56 - [MESSAGE][PASSED] - All options with index in [1] are selected on object 'Object Repository/PharmacyRequest/Page_Store/select_--Select--Amlodepin -5'

2018-06-09 20:18:56 - [TEST_STEP][PASSED] - delay: Delayed 1 second(s)

2018-06-09 20:18:57 - [MESSAGE][PASSED] - Delayed 1 second(s)

2018-06-09 20:18:57 - [TEST_STEP][PASSED] - Statement - RequestedQty = com.kms.katalon.core.webui.keyword.WebUiBuiltInKeywords.getAttribute(com.kms.katalon.core.testobject.ObjectRepository.findTestObject(PharmacyRequest/Page_Store/input_txttotal), "value"): Attribute 'value' of object 'Object Repository/PharmacyRequest/Page_Store/input_txttotal' is: '10'

2018-06-09 20:18:57 - [MESSAGE][PASSED] - Attribute 'value' of object 'Object Repository/PharmacyRequest/Page_Store/input_txttotal' is: '10'

2018-06-09 20:18:57 - [TEST_STEP][PASSED] - Statement - out.println("Requested QTY : " + RequestedQty): null

2018-06-09 20:18:57 - [TEST_STEP][PASSED] - Statement - BatchNumber = com.kms.katalon.core.webui.keyword.WebUiBuiltInKeywords.getNumberOfTotalOption(com.kms.katalon.core.testobject.ObjectRepository.findTestObject(PharmacyRequest/Page_Store/select_--Select--BA50)): 2 options of object 'Object Repository/PharmacyRequest/Page_Store/select_--Select--BA50' counted

2018-06-09 20:18:57 - [MESSAGE][PASSED] - 2 options of object 'Object Repository/PharmacyRequest/Page_Store/select_--Select--BA50' counted

2018-06-09 20:18:57 - [TEST_STEP][PASSED] - Statement - For ([g = 1, g <= BatchNumber - 1, (g++)]): null

2018-06-09 20:18:57 - [TEST_STEP][PASSED] - selectOptionByIndex: All options with index in [1] are selected on object 'Object Repository/PharmacyRequest/Page_Store/select_--Select--BA50'

2018-06-09 20:18:57 - [MESSAGE][PASSED] - All options with index in [1] are selected on object 'Object Repository/PharmacyRequest/Page_Store/select_--Select--BA50'

2018-06-09 20:18:57 - [TEST_STEP][PASSED] - delay: Delayed 2 second(s)

2018-06-09 20:18:59 - [MESSAGE][PASSED] - Delayed 2 second(s)

2018-06-09 20:18:59 - [TEST_STEP][PASSED] - Statement - StockQty = com.kms.katalon.core.webui.keyword.WebUiBuiltInKeywords.getAttribute(com.kms.katalon.core.testobject.ObjectRepository.findTestObject(PharmacyRequest/Page_Store/input_txtprice), "value"): Attribute 'value' of object 'Object Repository/PharmacyRequest/Page_Store/input_txtprice' is: '1940'

2018-06-09 20:18:59 - [MESSAGE][PASSED] - Attribute 'value' of object 'Object Repository/PharmacyRequest/Page_Store/input_txtprice' is: '1940'

2018-06-09 20:18:59 - [TEST_STEP][PASSED] - Statement - out.println("Stock QTY : " + StockQty): null

2018-06-09 20:18:59 - [TEST_STEP][PASSED] - delay: Delayed 1 second(s)

2018-06-09 20:19:00 - [MESSAGE][PASSED] - Delayed 1 second(s)

2018-06-09 20:19:00 - [TEST_STEP][PASSED] - Statement - If (java.lang.Integer.valueOf(StockQty) >= java.lang.Integer.valueOf(RequestedQty)): null

2018-06-09 20:19:00 - [TEST_STEP][PASSED] - setText: Text '10' is set on object 'Object Repository/PharmacyRequest/Page_Store/input_txtqty'

2018-06-09 20:19:00 - [MESSAGE][PASSED] - Text '10' is set on object 'Object Repository/PharmacyRequest/Page_Store/input_txtqty'

2018-06-09 20:19:00 - [TEST_STEP][PASSED] - click: Object: 'Object Repository/PharmacyRequest/Page_Store/button_Add' is clicked on

2018-06-09 20:19:00 - [MESSAGE][PASSED] - Object: 'Object Repository/PharmacyRequest/Page_Store/button_Add' is clicked on

2018-06-09 20:19:00 - [TEST_STEP][PASSED] - Statement - Break: null

2018-06-09 20:19:00 - [TEST_STEP][PASSED] - selectOptionByIndex: All options with index in [2] are selected on object 'Object Repository/PharmacyRequest/Page_Store/select_--Select--Amlodepin -5'

2018-06-09 20:19:00 - [MESSAGE][PASSED] - All options with index in [2] are selected on object 'Object Repository/PharmacyRequest/Page_Store/select_--Select--Amlodepin -5'

2018-06-09 20:19:00 - [TEST_STEP][PASSED] - delay: Delayed 1 second(s)

2018-06-09 20:19:01 - [MESSAGE][PASSED] - Delayed 1 second(s)

2018-06-09 20:19:01 - [TEST_STEP][PASSED] - Statement - RequestedQty = com.kms.katalon.core.webui.keyword.WebUiBuiltInKeywords.getAttribute(com.kms.katalon.core.testobject.ObjectRepository.findTestObject(PharmacyRequest/Page_Store/input_txttotal), "value"): Attribute 'value' of object 'Object Repository/PharmacyRequest/Page_Store/input_txttotal' is: '10'

2018-06-09 20:19:01 - [MESSAGE][PASSED] - Attribute 'value' of object 'Object Repository/PharmacyRequest/Page_Store/input_txttotal' is: '10'

2018-06-09 20:19:01 - [TEST_STEP][PASSED] - Statement - out.println("Requested QTY : " + RequestedQty): null

2018-06-09 20:19:01 - [TEST_STEP][PASSED] - Statement - BatchNumber = com.kms.katalon.core.webui.keyword.WebUiBuiltInKeywords.getNumberOfTotalOption(com.kms.katalon.core.testobject.ObjectRepository.findTestObject(PharmacyRequest/Page_Store/select_--Select--BA50)): 5 options of object 'Object Repository/PharmacyRequest/Page_Store/select_--Select--BA50' counted

2018-06-09 20:19:01 - [MESSAGE][PASSED] - 5 options of object 'Object Repository/PharmacyRequest/Page_Store/select_--Select--BA50' counted

2018-06-09 20:19:01 - [TEST_STEP][PASSED] - Statement - For ([g = 1, g <= BatchNumber - 1, (g++)]): null

2018-06-09 20:19:01 - [TEST_STEP][PASSED] - selectOptionByIndex: All options with index in [1] are selected on object 'Object Repository/PharmacyRequest/Page_Store/select_--Select--BA50'

2018-06-09 20:19:02 - [MESSAGE][PASSED] - All options with index in [1] are selected on object 'Object Repository/PharmacyRequest/Page_Store/select_--Select--BA50'

2018-06-09 20:19:02 - [TEST_STEP][PASSED] - delay: Delayed 2 second(s)

2018-06-09 20:19:04 - [MESSAGE][PASSED] - Delayed 2 second(s)

2018-06-09 20:19:04 - [TEST_STEP][PASSED] - Statement - StockQty = com.kms.katalon.core.webui.keyword.WebUiBuiltInKeywords.getAttribute(com.kms.katalon.core.testobject.ObjectRepository.findTestObject(PharmacyRequest/Page_Store/input_txtprice), "value"): Attribute 'value' of object 'Object Repository/PharmacyRequest/Page_Store/input_txtprice' is: '460'

2018-06-09 20:19:04 - [MESSAGE][PASSED] - Attribute 'value' of object 'Object Repository/PharmacyRequest/Page_Store/input_txtprice' is: '460'

2018-06-09 20:19:04 - [TEST_STEP][PASSED] - Statement - out.println("Stock QTY : " + StockQty): null

2018-06-09 20:19:04 - [TEST_STEP][PASSED] - delay: Delayed 1 second(s)

2018-06-09 20:19:05 - [MESSAGE][PASSED] - Delayed 1 second(s)

2018-06-09 20:19:05 - [TEST_STEP][PASSED] - Statement - If (java.lang.Integer.valueOf(StockQty) >= java.lang.Integer.valueOf(RequestedQty)): null

2018-06-09 20:19:05 - [TEST_STEP][PASSED] - setText: Text '10' is set on object 'Object Repository/PharmacyRequest/Page_Store/input_txtqty'

2018-06-09 20:19:05 - [MESSAGE][PASSED] - Text '10' is set on object 'Object Repository/PharmacyRequest/Page_Store/input_txtqty'

2018-06-09 20:19:05 - [TEST_STEP][PASSED] - click: Object: 'Object Repository/PharmacyRequest/Page_Store/button_Add' is clicked on

2018-06-09 20:19:05 - [MESSAGE][PASSED] - Object: 'Object Repository/PharmacyRequest/Page_Store/button_Add' is clicked on

2018-06-09 20:19:05 - [TEST_STEP][PASSED] - Statement - Break: null

2018-06-09 20:19:05 - [TEST_STEP][PASSED] - selectOptionByIndex: All options with index in [3] are selected on object 'Object Repository/PharmacyRequest/Page_Store/select_--Select--Amlodepin -5'

2018-06-09 20:19:05 - [MESSAGE][PASSED] - All options with index in [3] are selected on object 'Object Repository/PharmacyRequest/Page_Store/select_--Select--Amlodepin -5'

2018-06-09 20:19:05 - [TEST_STEP][PASSED] - delay: Delayed 1 second(s)

2018-06-09 20:19:06 - [MESSAGE][PASSED] - Delayed 1 second(s)

2018-06-09 20:19:06 - [TEST_STEP][PASSED] - Statement - RequestedQty = com.kms.katalon.core.webui.keyword.WebUiBuiltInKeywords.getAttribute(com.kms.katalon.core.testobject.ObjectRepository.findTestObject(PharmacyRequest/Page_Store/input_txttotal), "value"): Attribute 'value' of object 'Object Repository/PharmacyRequest/Page_Store/input_txttotal' is: '10'

2018-06-09 20:19:06 - [MESSAGE][PASSED] - Attribute 'value' of object 'Object Repository/PharmacyRequest/Page_Store/input_txttotal' is: '10'

2018-06-09 20:19:06 - [TEST_STEP][PASSED] - Statement - out.println("Requested QTY : " + RequestedQty): null

2018-06-09 20:19:06 - [TEST_STEP][PASSED] - Statement - BatchNumber = com.kms.katalon.core.webui.keyword.WebUiBuiltInKeywords.getNumberOfTotalOption(com.kms.katalon.core.testobject.ObjectRepository.findTestObject(PharmacyRequest/Page_Store/select_--Select--BA50)): 6 options of object 'Object Repository/PharmacyRequest/Page_Store/select_--Select--BA50' counted

2018-06-09 20:19:06 - [MESSAGE][PASSED] - 6 options of object 'Object Repository/PharmacyRequest/Page_Store/select_--Select--BA50' counted

2018-06-09 20:19:06 - [TEST_STEP][PASSED] - Statement - For ([g = 1, g <= BatchNumber - 1, (g++)]): null

2018-06-09 20:19:06 - [TEST_STEP][PASSED] - selectOptionByIndex: All options with index in [1] are selected on object 'Object Repository/PharmacyRequest/Page_Store/select_--Select--BA50'

2018-06-09 20:19:06 - [MESSAGE][PASSED] - All options with index in [1] are selected on object 'Object Repository/PharmacyRequest/Page_Store/select_--Select--BA50'

2018-06-09 20:19:06 - [TEST_STEP][PASSED] - delay: Delayed 2 second(s)

2018-06-09 20:19:08 - [MESSAGE][PASSED] - Delayed 2 second(s)

2018-06-09 20:19:08 - [TEST_STEP][PASSED] - Statement - StockQty = com.kms.katalon.core.webui.keyword.WebUiBuiltInKeywords.getAttribute(com.kms.katalon.core.testobject.ObjectRepository.findTestObject(PharmacyRequest/Page_Store/input_txtprice), "value"): Attribute 'value' of object 'Object Repository/PharmacyRequest/Page_Store/input_txtprice' is: '260'

2018-06-09 20:19:08 - [MESSAGE][PASSED] - Attribute 'value' of object 'Object Repository/PharmacyRequest/Page_Store/input_txtprice' is: '260'

2018-06-09 20:19:08 - [TEST_STEP][PASSED] - Statement - out.println("Stock QTY : " + StockQty): null

2018-06-09 20:19:08 - [TEST_STEP][PASSED] - delay: Delayed 1 second(s)

2018-06-09 20:19:09 - [MESSAGE][PASSED] - Delayed 1 second(s)

2018-06-09 20:19:09 - [TEST_STEP][PASSED] - Statement - If (java.lang.Integer.valueOf(StockQty) >= java.lang.Integer.valueOf(RequestedQty)): null

2018-06-09 20:19:09 - [TEST_STEP][PASSED] - setText: Text '10' is set on object 'Object Repository/PharmacyRequest/Page_Store/input_txtqty'

2018-06-09 20:19:09 - [MESSAGE][PASSED] - Text '10' is set on object 'Object Repository/PharmacyRequest/Page_Store/input_txtqty'

2018-06-09 20:19:09 - [TEST_STEP][PASSED] - click: Object: 'Object Repository/PharmacyRequest/Page_Store/button_Add' is clicked on

2018-06-09 20:19:09 - [MESSAGE][PASSED] - Object: 'Object Repository/PharmacyRequest/Page_Store/button_Add' is clicked on

2018-06-09 20:19:09 - [TEST_STEP][PASSED] - Statement - Break: null

2018-06-09 20:19:09 - [TEST_STEP][PASSED] - selectOptionByIndex: All options with index in [4] are selected on object 'Object Repository/PharmacyRequest/Page_Store/select_--Select--Amlodepin -5'

2018-06-09 20:19:10 - [MESSAGE][PASSED] - All options with index in [4] are selected on object 'Object Repository/PharmacyRequest/Page_Store/select_--Select--Amlodepin -5'

2018-06-09 20:19:10 - [TEST_STEP][PASSED] - delay: Delayed 1 second(s)

2018-06-09 20:19:11 - [MESSAGE][PASSED] - Delayed 1 second(s)

2018-06-09 20:19:11 - [TEST_STEP][PASSED] - Statement - RequestedQty = com.kms.katalon.core.webui.keyword.WebUiBuiltInKeywords.getAttribute(com.kms.katalon.core.testobject.ObjectRepository.findTestObject(PharmacyRequest/Page_Store/input_txttotal), "value"): Attribute 'value' of object 'Object Repository/PharmacyRequest/Page_Store/input_txttotal' is: '10'

2018-06-09 20:19:11 - [MESSAGE][PASSED] - Attribute 'value' of object 'Object Repository/PharmacyRequest/Page_Store/input_txttotal' is: '10'

2018-06-09 20:19:11 - [TEST_STEP][PASSED] - Statement - out.println("Requested QTY : " + RequestedQty): null

2018-06-09 20:19:11 - [TEST_STEP][PASSED] - Statement - BatchNumber = com.kms.katalon.core.webui.keyword.WebUiBuiltInKeywords.getNumberOfTotalOption(com.kms.katalon.core.testobject.ObjectRepository.findTestObject(PharmacyRequest/Page_Store/select_--Select--BA50)): 5 options of object 'Object Repository/PharmacyRequest/Page_Store/select_--Select--BA50' counted

2018-06-09 20:19:11 - [MESSAGE][PASSED] - 5 options of object 'Object Repository/PharmacyRequest/Page_Store/select_--Select--BA50' counted

2018-06-09 20:19:11 - [TEST_STEP][PASSED] - Statement - For ([g = 1, g <= BatchNumber - 1, (g++)]): null

2018-06-09 20:19:11 - [TEST_STEP][PASSED] - selectOptionByIndex: All options with index in [1] are selected on object 'Object Repository/PharmacyRequest/Page_Store/select_--Select--BA50'

2018-06-09 20:19:11 - [MESSAGE][PASSED] - All options with index in [1] are selected on object 'Object Repository/PharmacyRequest/Page_Store/select_--Select--BA50'

2018-06-09 20:19:11 - [TEST_STEP][PASSED] - delay: Delayed 2 second(s)

2018-06-09 20:19:13 - [MESSAGE][PASSED] - Delayed 2 second(s)

2018-06-09 20:19:13 - [TEST_STEP][PASSED] - Statement - StockQty = com.kms.katalon.core.webui.keyword.WebUiBuiltInKeywords.getAttribute(com.kms.katalon.core.testobject.ObjectRepository.findTestObject(PharmacyRequest/Page_Store/input_txtprice), "value"): Attribute 'value' of object 'Object Repository/PharmacyRequest/Page_Store/input_txtprice' is: '100'

2018-06-09 20:19:13 - [MESSAGE][PASSED] - Attribute 'value' of object 'Object Repository/PharmacyRequest/Page_Store/input_txtprice' is: '100'

2018-06-09 20:19:13 - [TEST_STEP][PASSED] - Statement - out.println("Stock QTY : " + StockQty): null

2018-06-09 20:19:13 - [TEST_STEP][PASSED] - delay: Delayed 1 second(s)

2018-06-09 20:19:14 - [MESSAGE][PASSED] - Delayed 1 second(s)

2018-06-09 20:19:14 - [TEST_STEP][PASSED] - Statement - If (java.lang.Integer.valueOf(StockQty) >= java.lang.Integer.valueOf(RequestedQty)): null

2018-06-09 20:19:14 - [TEST_STEP][PASSED] - setText: Text '10' is set on object 'Object Repository/PharmacyRequest/Page_Store/input_txtqty'

2018-06-09 20:19:14 - [MESSAGE][PASSED] - Text '10' is set on object 'Object Repository/PharmacyRequest/Page_Store/input_txtqty'

2018-06-09 20:19:14 - [TEST_STEP][PASSED] - click: Object: 'Object Repository/PharmacyRequest/Page_Store/button_Add' is clicked on

2018-06-09 20:19:14 - [MESSAGE][PASSED] - Object: 'Object Repository/PharmacyRequest/Page_Store/button_Add' is clicked on

2018-06-09 20:19:14 - [TEST_STEP][PASSED] - Statement - Break: null

2018-06-09 20:19:14 - [TEST_STEP][PASSED] - selectOptionByIndex: All options with index in [5] are selected on object 'Object Repository/PharmacyRequest/Page_Store/select_--Select--Amlodepin -5'

2018-06-09 20:19:14 - [MESSAGE][PASSED] - All options with index in [5] are selected on object 'Object Repository/PharmacyRequest/Page_Store/select_--Select--Amlodepin -5'

2018-06-09 20:19:14 - [TEST_STEP][PASSED] - delay: Delayed 1 second(s)

2018-06-09 20:19:15 - [MESSAGE][PASSED] - Delayed 1 second(s)

2018-06-09 20:19:15 - [TEST_STEP][PASSED] - Statement - RequestedQty = com.kms.katalon.core.webui.keyword.WebUiBuiltInKeywords.getAttribute(com.kms.katalon.core.testobject.ObjectRepository.findTestObject(PharmacyRequest/Page_Store/input_txttotal), "value"): Attribute 'value' of object 'Object Repository/PharmacyRequest/Page_Store/input_txttotal' is: '10'

2018-06-09 20:19:15 - [MESSAGE][PASSED] - Attribute 'value' of object 'Object Repository/PharmacyRequest/Page_Store/input_txttotal' is: '10'

2018-06-09 20:19:15 - [TEST_STEP][PASSED] - Statement - out.println("Requested QTY : " + RequestedQty): null

2018-06-09 20:19:15 - [TEST_STEP][PASSED] - Statement - BatchNumber = com.kms.katalon.core.webui.keyword.WebUiBuiltInKeywords.getNumberOfTotalOption(com.kms.katalon.core.testobject.ObjectRepository.findTestObject(PharmacyRequest/Page_Store/select_--Select--BA50)): 3 options of object 'Object Repository/PharmacyRequest/Page_Store/select_--Select--BA50' counted

2018-06-09 20:19:15 - [MESSAGE][PASSED] - 3 options of object 'Object Repository/PharmacyRequest/Page_Store/select_--Select--BA50' counted

2018-06-09 20:19:15 - [TEST_STEP][PASSED] - Statement - For ([g = 1, g <= BatchNumber - 1, (g++)]): null

2018-06-09 20:19:15 - [TEST_STEP][PASSED] - selectOptionByIndex: All options with index in [1] are selected on object 'Object Repository/PharmacyRequest/Page_Store/select_--Select--BA50'

2018-06-09 20:19:15 - [MESSAGE][PASSED] - All options with index in [1] are selected on object 'Object Repository/PharmacyRequest/Page_Store/select_--Select--BA50'

2018-06-09 20:19:15 - [TEST_STEP][PASSED] - delay: Delayed 2 second(s)

2018-06-09 20:19:17 - [MESSAGE][PASSED] - Delayed 2 second(s)

2018-06-09 20:19:17 - [TEST_STEP][PASSED] - Statement - StockQty = com.kms.katalon.core.webui.keyword.WebUiBuiltInKeywords.getAttribute(com.kms.katalon.core.testobject.ObjectRepository.findTestObject(PharmacyRequest/Page_Store/input_txtprice), "value"): Attribute 'value' of object 'Object Repository/PharmacyRequest/Page_Store/input_txtprice' is: '830'

2018-06-09 20:19:17 - [MESSAGE][PASSED] - Attribute 'value' of object 'Object Repository/PharmacyRequest/Page_Store/input_txtprice' is: '830'

2018-06-09 20:19:17 - [TEST_STEP][PASSED] - Statement - out.println("Stock QTY : " + StockQty): null

2018-06-09 20:19:17 - [TEST_STEP][PASSED] - delay: Delayed 1 second(s)

2018-06-09 20:19:18 - [MESSAGE][PASSED] - Delayed 1 second(s)

2018-06-09 20:19:18 - [TEST_STEP][PASSED] - Statement - If (java.lang.Integer.valueOf(StockQty) >= java.lang.Integer.valueOf(RequestedQty)): null

2018-06-09 20:19:18 - [TEST_STEP][PASSED] - setText: Text '10' is set on object 'Object Repository/PharmacyRequest/Page_Store/input_txtqty'

2018-06-09 20:19:18 - [MESSAGE][PASSED] - Text '10' is set on object 'Object Repository/PharmacyRequest/Page_Store/input_txtqty'

2018-06-09 20:19:18 - [TEST_STEP][PASSED] - click: Object: 'Object Repository/PharmacyRequest/Page_Store/button_Add' is clicked on

2018-06-09 20:19:18 - [MESSAGE][PASSED] - Object: 'Object Repository/PharmacyRequest/Page_Store/button_Add' is clicked on

2018-06-09 20:19:18 - [TEST_STEP][PASSED] - Statement - Break: null

2018-06-09 20:19:18 - [TEST_STEP][PASSED] - selectOptionByIndex: All options with index in [6] are selected on object 'Object Repository/PharmacyRequest/Page_Store/select_--Select--Amlodepin -5'

2018-06-09 20:19:19 - [MESSAGE][PASSED] - All options with index in [6] are selected on object 'Object Repository/PharmacyRequest/Page_Store/select_--Select--Amlodepin -5'

2018-06-09 20:19:19 - [TEST_STEP][PASSED] - delay: Delayed 1 second(s)

2018-06-09 20:19:20 - [MESSAGE][PASSED] - Delayed 1 second(s)

2018-06-09 20:19:20 - [TEST_STEP][PASSED] - Statement - RequestedQty = com.kms.katalon.core.webui.keyword.WebUiBuiltInKeywords.getAttribute(com.kms.katalon.core.testobject.ObjectRepository.findTestObject(PharmacyRequest/Page_Store/input_txttotal), "value"): Attribute 'value' of object 'Object Repository/PharmacyRequest/Page_Store/input_txttotal' is: '10'

2018-06-09 20:19:20 - [MESSAGE][PASSED] - Attribute 'value' of object 'Object Repository/PharmacyRequest/Page_Store/input_txttotal' is: '10'

2018-06-09 20:19:20 - [TEST_STEP][PASSED] - Statement - out.println("Requested QTY : " + RequestedQty): null

2018-06-09 20:19:20 - [TEST_STEP][PASSED] - Statement - BatchNumber = com.kms.katalon.core.webui.keyword.WebUiBuiltInKeywords.getNumberOfTotalOption(com.kms.katalon.core.testobject.ObjectRepository.findTestObject(PharmacyRequest/Page_Store/select_--Select--BA50)): 4 options of object 'Object Repository/PharmacyRequest/Page_Store/select_--Select--BA50' counted

2018-06-09 20:19:20 - [MESSAGE][PASSED] - 4 options of object 'Object Repository/PharmacyRequest/Page_Store/select_--Select--BA50' counted

2018-06-09 20:19:20 - [TEST_STEP][PASSED] - Statement - For ([g = 1, g <= BatchNumber - 1, (g++)]): null

2018-06-09 20:19:20 - [TEST_STEP][PASSED] - selectOptionByIndex: All options with index in [1] are selected on object 'Object Repository/PharmacyRequest/Page_Store/select_--Select--BA50'

2018-06-09 20:19:20 - [MESSAGE][PASSED] - All options with index in [1] are selected on object 'Object Repository/PharmacyRequest/Page_Store/select_--Select--BA50'

2018-06-09 20:19:20 - [TEST_STEP][PASSED] - delay: Delayed 2 second(s)

2018-06-09 20:19:22 - [MESSAGE][PASSED] - Delayed 2 second(s)

2018-06-09 20:19:22 - [TEST_STEP][PASSED] - Statement - StockQty = com.kms.katalon.core.webui.keyword.WebUiBuiltInKeywords.getAttribute(com.kms.katalon.core.testobject.ObjectRepository.findTestObject(PharmacyRequest/Page_Store/input_txtprice), "value"): Attribute 'value' of object 'Object Repository/PharmacyRequest/Page_Store/input_txtprice' is: '460'

2018-06-09 20:19:22 - [MESSAGE][PASSED] - Attribute 'value' of object 'Object Repository/PharmacyRequest/Page_Store/input_txtprice' is: '460'

2018-06-09 20:19:22 - [TEST_STEP][PASSED] - Statement - out.println("Stock QTY : " + StockQty): null

2018-06-09 20:19:22 - [TEST_STEP][PASSED] - delay: Delayed 1 second(s)

2018-06-09 20:19:23 - [MESSAGE][PASSED] - Delayed 1 second(s)

2018-06-09 20:19:23 - [TEST_STEP][PASSED] - Statement - If (java.lang.Integer.valueOf(StockQty) >= java.lang.Integer.valueOf(RequestedQty)): null

2018-06-09 20:19:23 - [TEST_STEP][PASSED] - setText: Text '10' is set on object 'Object Repository/PharmacyRequest/Page_Store/input_txtqty'

2018-06-09 20:19:23 - [MESSAGE][PASSED] - Text '10' is set on object 'Object Repository/PharmacyRequest/Page_Store/input_txtqty'

2018-06-09 20:19:23 - [TEST_STEP][PASSED] - click: Object: 'Object Repository/PharmacyRequest/Page_Store/button_Add' is clicked on

2018-06-09 20:19:23 - [MESSAGE][PASSED] - Object: 'Object Repository/PharmacyRequest/Page_Store/button_Add' is clicked on

2018-06-09 20:19:23 - [TEST_STEP][PASSED] - Statement - Break: null

2018-06-09 20:19:23 - [TEST_STEP][PASSED] - selectOptionByIndex: All options with index in [7] are selected on object 'Object Repository/PharmacyRequest/Page_Store/select_--Select--Amlodepin -5'

2018-06-09 20:19:23 - [MESSAGE][PASSED] - All options with index in [7] are selected on object 'Object Repository/PharmacyRequest/Page_Store/select_--Select--Amlodepin -5'

2018-06-09 20:19:23 - [TEST_STEP][PASSED] - delay: Delayed 1 second(s)

2018-06-09 20:19:24 - [MESSAGE][PASSED] - Delayed 1 second(s)

2018-06-09 20:19:24 - [TEST_STEP][PASSED] - Statement - RequestedQty = com.kms.katalon.core.webui.keyword.WebUiBuiltInKeywords.getAttribute(com.kms.katalon.core.testobject.ObjectRepository.findTestObject(PharmacyRequest/Page_Store/input_txttotal), "value"): Attribute 'value' of object 'Object Repository/PharmacyRequest/Page_Store/input_txttotal' is: '10'

2018-06-09 20:19:24 - [MESSAGE][PASSED] - Attribute 'value' of object 'Object Repository/PharmacyRequest/Page_Store/input_txttotal' is: '10'

2018-06-09 20:19:24 - [TEST_STEP][PASSED] - Statement - out.println("Requested QTY : " + RequestedQty): null

2018-06-09 20:19:24 - [TEST_STEP][PASSED] - Statement - BatchNumber = com.kms.katalon.core.webui.keyword.WebUiBuiltInKeywords.getNumberOfTotalOption(com.kms.katalon.core.testobject.ObjectRepository.findTestObject(PharmacyRequest/Page_Store/select_--Select--BA50)): 5 options of object 'Object Repository/PharmacyRequest/Page_Store/select_--Select--BA50' counted

2018-06-09 20:19:24 - [MESSAGE][PASSED] - 5 options of object 'Object Repository/PharmacyRequest/Page_Store/select_--Select--BA50' counted

2018-06-09 20:19:24 - [TEST_STEP][PASSED] - Statement - For ([g = 1, g <= BatchNumber - 1, (g++)]): null

2018-06-09 20:19:24 - [TEST_STEP][PASSED] - selectOptionByIndex: All options with index in [1] are selected on object 'Object Repository/PharmacyRequest/Page_Store/select_--Select--BA50'

2018-06-09 20:19:24 - [MESSAGE][PASSED] - All options with index in [1] are selected on object 'Object Repository/PharmacyRequest/Page_Store/select_--Select--BA50'

2018-06-09 20:19:24 - [TEST_STEP][PASSED] - delay: Delayed 2 second(s)

2018-06-09 20:19:26 - [MESSAGE][PASSED] - Delayed 2 second(s)

2018-06-09 20:19:26 - [TEST_STEP][PASSED] - Statement - StockQty = com.kms.katalon.core.webui.keyword.WebUiBuiltInKeywords.getAttribute(com.kms.katalon.core.testobject.ObjectRepository.findTestObject(PharmacyRequest/Page_Store/input_txtprice), "value"): Attribute 'value' of object 'Object Repository/PharmacyRequest/Page_Store/input_txtprice' is: '460'

2018-06-09 20:19:27 - [MESSAGE][PASSED] - Attribute 'value' of object 'Object Repository/PharmacyRequest/Page_Store/input_txtprice' is: '460'

2018-06-09 20:19:27 - [TEST_STEP][PASSED] - Statement - out.println("Stock QTY : " + StockQty): null

2018-06-09 20:19:27 - [TEST_STEP][PASSED] - delay: Delayed 1 second(s)

2018-06-09 20:19:28 - [MESSAGE][PASSED] - Delayed 1 second(s)

2018-06-09 20:19:28 - [TEST_STEP][PASSED] - Statement - If (java.lang.Integer.valueOf(StockQty) >= java.lang.Integer.valueOf(RequestedQty)): null

2018-06-09 20:19:28 - [TEST_STEP][PASSED] - setText: Text '10' is set on object 'Object Repository/PharmacyRequest/Page_Store/input_txtqty'

2018-06-09 20:19:28 - [MESSAGE][PASSED] - Text '10' is set on object 'Object Repository/PharmacyRequest/Page_Store/input_txtqty'

2018-06-09 20:19:28 - [TEST_STEP][PASSED] - click: Object: 'Object Repository/PharmacyRequest/Page_Store/button_Add' is clicked on

2018-06-09 20:19:28 - [MESSAGE][PASSED] - Object: 'Object Repository/PharmacyRequest/Page_Store/button_Add' is clicked on

2018-06-09 20:19:28 - [TEST_STEP][PASSED] - Statement - Break: null

2018-06-09 20:19:28 - [TEST_STEP][PASSED] - selectOptionByIndex: All options with index in [8] are selected on object 'Object Repository/PharmacyRequest/Page_Store/select_--Select--Amlodepin -5'

2018-06-09 20:19:28 - [MESSAGE][PASSED] - All options with index in [8] are selected on object 'Object Repository/PharmacyRequest/Page_Store/select_--Select--Amlodepin -5'

2018-06-09 20:19:28 - [TEST_STEP][PASSED] - delay: Delayed 1 second(s)

2018-06-09 20:19:29 - [MESSAGE][PASSED] - Delayed 1 second(s)

2018-06-09 20:19:29 - [TEST_STEP][PASSED] - Statement - RequestedQty = com.kms.katalon.core.webui.keyword.WebUiBuiltInKeywords.getAttribute(com.kms.katalon.core.testobject.ObjectRepository.findTestObject(PharmacyRequest/Page_Store/input_txttotal), "value"): Attribute 'value' of object 'Object Repository/PharmacyRequest/Page_Store/input_txttotal' is: '10'

2018-06-09 20:19:29 - [MESSAGE][PASSED] - Attribute 'value' of object 'Object Repository/PharmacyRequest/Page_Store/input_txttotal' is: '10'

2018-06-09 20:19:29 - [TEST_STEP][PASSED] - Statement - out.println("Requested QTY : " + RequestedQty): null

2018-06-09 20:19:29 - [TEST_STEP][PASSED] - Statement - BatchNumber = com.kms.katalon.core.webui.keyword.WebUiBuiltInKeywords.getNumberOfTotalOption(com.kms.katalon.core.testobject.ObjectRepository.findTestObject(PharmacyRequest/Page_Store/select_--Select--BA50)): 5 options of object 'Object Repository/PharmacyRequest/Page_Store/select_--Select--BA50' counted

2018-06-09 20:19:29 - [MESSAGE][PASSED] - 5 options of object 'Object Repository/PharmacyRequest/Page_Store/select_--Select--BA50' counted

2018-06-09 20:19:29 - [TEST_STEP][PASSED] - Statement - For ([g = 1, g <= BatchNumber - 1, (g++)]): null

2018-06-09 20:19:29 - [TEST_STEP][PASSED] - selectOptionByIndex: All options with index in [1] are selected on object 'Object Repository/PharmacyRequest/Page_Store/select_--Select--BA50'

2018-06-09 20:19:29 - [MESSAGE][PASSED] - All options with index in [1] are selected on object 'Object Repository/PharmacyRequest/Page_Store/select_--Select--BA50'

2018-06-09 20:19:29 - [TEST_STEP][PASSED] - delay: Delayed 2 second(s)

2018-06-09 20:19:31 - [MESSAGE][PASSED] - Delayed 2 second(s)

2018-06-09 20:19:31 - [TEST_STEP][PASSED] - Statement - StockQty = com.kms.katalon.core.webui.keyword.WebUiBuiltInKeywords.getAttribute(com.kms.katalon.core.testobject.ObjectRepository.findTestObject(PharmacyRequest/Page_Store/input_txtprice), "value"): Attribute 'value' of object 'Object Repository/PharmacyRequest/Page_Store/input_txtprice' is: '460'

2018-06-09 20:19:31 - [MESSAGE][PASSED] - Attribute 'value' of object 'Object Repository/PharmacyRequest/Page_Store/input_txtprice' is: '460'

2018-06-09 20:19:31 - [TEST_STEP][PASSED] - Statement - out.println("Stock QTY : " + StockQty): null

2018-06-09 20:19:31 - [TEST_STEP][PASSED] - delay: Delayed 1 second(s)

2018-06-09 20:19:32 - [MESSAGE][PASSED] - Delayed 1 second(s)

2018-06-09 20:19:32 - [TEST_STEP][PASSED] - Statement - If (java.lang.Integer.valueOf(StockQty) >= java.lang.Integer.valueOf(RequestedQty)): null

2018-06-09 20:19:32 - [TEST_STEP][PASSED] - setText: Text '10' is set on object 'Object Repository/PharmacyRequest/Page_Store/input_txtqty'

2018-06-09 20:19:32 - [MESSAGE][PASSED] - Text '10' is set on object 'Object Repository/PharmacyRequest/Page_Store/input_txtqty'

2018-06-09 20:19:32 - [TEST_STEP][PASSED] - click: Object: 'Object Repository/PharmacyRequest/Page_Store/button_Add' is clicked on

2018-06-09 20:19:32 - [MESSAGE][PASSED] - Object: 'Object Repository/PharmacyRequest/Page_Store/button_Add' is clicked on

2018-06-09 20:19:32 - [TEST_STEP][PASSED] - Statement - Break: null

2018-06-09 20:19:32 - [TEST_STEP][PASSED] - selectOptionByIndex: All options with index in [9] are selected on object 'Object Repository/PharmacyRequest/Page_Store/select_--Select--Amlodepin -5'

2018-06-09 20:19:32 - [MESSAGE][PASSED] - All options with index in [9] are selected on object 'Object Repository/PharmacyRequest/Page_Store/select_--Select--Amlodepin -5'

2018-06-09 20:19:32 - [TEST_STEP][PASSED] - delay: Delayed 1 second(s)

2018-06-09 20:19:33 - [MESSAGE][PASSED] - Delayed 1 second(s)

2018-06-09 20:19:33 - [TEST_STEP][PASSED] - Statement - RequestedQty = com.kms.katalon.core.webui.keyword.WebUiBuiltInKeywords.getAttribute(com.kms.katalon.core.testobject.ObjectRepository.findTestObject(PharmacyRequest/Page_Store/input_txttotal), "value"): Attribute 'value' of object 'Object Repository/PharmacyRequest/Page_Store/input_txttotal' is: '10'

2018-06-09 20:19:34 - [MESSAGE][PASSED] - Attribute 'value' of object 'Object Repository/PharmacyRequest/Page_Store/input_txttotal' is: '10'

2018-06-09 20:19:34 - [TEST_STEP][PASSED] - Statement - out.println("Requested QTY : " + RequestedQty): null

2018-06-09 20:19:34 - [TEST_STEP][PASSED] - Statement - BatchNumber = com.kms.katalon.core.webui.keyword.WebUiBuiltInKeywords.getNumberOfTotalOption(com.kms.katalon.core.testobject.ObjectRepository.findTestObject(PharmacyRequest/Page_Store/select_--Select--BA50)): 4 options of object 'Object Repository/PharmacyRequest/Page_Store/select_--Select--BA50' counted

2018-06-09 20:19:34 - [MESSAGE][PASSED] - 4 options of object 'Object Repository/PharmacyRequest/Page_Store/select_--Select--BA50' counted

2018-06-09 20:19:34 - [TEST_STEP][PASSED] - Statement - For ([g = 1, g <= BatchNumber - 1, (g++)]): null

2018-06-09 20:19:34 - [TEST_STEP][PASSED] - selectOptionByIndex: All options with index in [1] are selected on object 'Object Repository/PharmacyRequest/Page_Store/select_--Select--BA50'

2018-06-09 20:19:34 - [MESSAGE][PASSED] - All options with index in [1] are selected on object 'Object Repository/PharmacyRequest/Page_Store/select_--Select--BA50'

2018-06-09 20:19:34 - [TEST_STEP][PASSED] - delay: Delayed 2 second(s)

2018-06-09 20:19:36 - [MESSAGE][PASSED] - Delayed 2 second(s)

2018-06-09 20:19:36 - [TEST_STEP][PASSED] - Statement - StockQty = com.kms.katalon.core.webui.keyword.WebUiBuiltInKeywords.getAttribute(com.kms.katalon.core.testobject.ObjectRepository.findTestObject(PharmacyRequest/Page_Store/input_txtprice), "value"): Attribute 'value' of object 'Object Repository/PharmacyRequest/Page_Store/input_txtprice' is: '460'

2018-06-09 20:19:36 - [MESSAGE][PASSED] - Attribute 'value' of object 'Object Repository/PharmacyRequest/Page_Store/input_txtprice' is: '460'

2018-06-09 20:19:36 - [TEST_STEP][PASSED] - Statement - out.println("Stock QTY : " + StockQty): null

2018-06-09 20:19:36 - [TEST_STEP][PASSED] - delay: Delayed 1 second(s)

2018-06-09 20:19:37 - [MESSAGE][PASSED] - Delayed 1 second(s)

2018-06-09 20:19:37 - [TEST_STEP][PASSED] - Statement - If (java.lang.Integer.valueOf(StockQty) >= java.lang.Integer.valueOf(RequestedQty)): null

2018-06-09 20:19:37 - [TEST_STEP][PASSED] - setText: Text '10' is set on object 'Object Repository/PharmacyRequest/Page_Store/input_txtqty'

2018-06-09 20:19:37 - [MESSAGE][PASSED] - Text '10' is set on object 'Object Repository/PharmacyRequest/Page_Store/input_txtqty'

2018-06-09 20:19:37 - [TEST_STEP][PASSED] - click: Object: 'Object Repository/PharmacyRequest/Page_Store/button_Add' is clicked on

2018-06-09 20:19:37 - [MESSAGE][PASSED] - Object: 'Object Repository/PharmacyRequest/Page_Store/button_Add' is clicked on

2018-06-09 20:19:37 - [TEST_STEP][PASSED] - Statement - Break: null

2018-06-09 20:19:37 - [TEST_STEP][PASSED] - selectOptionByIndex: All options with index in [10] are selected on object 'Object Repository/PharmacyRequest/Page_Store/select_--Select--Amlodepin -5'

2018-06-09 20:19:37 - [MESSAGE][PASSED] - All options with index in [10] are selected on object 'Object Repository/PharmacyRequest/Page_Store/select_--Select--Amlodepin -5'

2018-06-09 20:19:37 - [TEST_STEP][PASSED] - delay: Delayed 1 second(s)

2018-06-09 20:19:38 - [MESSAGE][PASSED] - Delayed 1 second(s)

2018-06-09 20:19:38 - [TEST_STEP][PASSED] - Statement - RequestedQty = com.kms.katalon.core.webui.keyword.WebUiBuiltInKeywords.getAttribute(com.kms.katalon.core.testobject.ObjectRepository.findTestObject(PharmacyRequest/Page_Store/input_txttotal), "value"): Attribute 'value' of object 'Object Repository/PharmacyRequest/Page_Store/input_txttotal' is: '10'

2018-06-09 20:19:38 - [MESSAGE][PASSED] - Attribute 'value' of object 'Object Repository/PharmacyRequest/Page_Store/input_txttotal' is: '10'

2018-06-09 20:19:38 - [TEST_STEP][PASSED] - Statement - out.println("Requested QTY : " + RequestedQty): null

2018-06-09 20:19:38 - [TEST_STEP][PASSED] - Statement - BatchNumber = com.kms.katalon.core.webui.keyword.WebUiBuiltInKeywords.getNumberOfTotalOption(com.kms.katalon.core.testobject.ObjectRepository.findTestObject(PharmacyRequest/Page_Store/select_--Select--BA50)): 4 options of object 'Object Repository/PharmacyRequest/Page_Store/select_--Select--BA50' counted

2018-06-09 20:19:38 - [MESSAGE][PASSED] - 4 options of object 'Object Repository/PharmacyRequest/Page_Store/select_--Select--BA50' counted

2018-06-09 20:19:38 - [TEST_STEP][PASSED] - Statement - For ([g = 1, g <= BatchNumber - 1, (g++)]): null

2018-06-09 20:19:38 - [TEST_STEP][PASSED] - selectOptionByIndex: All options with index in [1] are selected on object 'Object Repository/PharmacyRequest/Page_Store/select_--Select--BA50'

2018-06-09 20:19:38 - [MESSAGE][PASSED] - All options with index in [1] are selected on object 'Object Repository/PharmacyRequest/Page_Store/select_--Select--BA50'

2018-06-09 20:19:38 - [TEST_STEP][PASSED] - delay: Delayed 2 second(s)

2018-06-09 20:19:40 - [MESSAGE][PASSED] - Delayed 2 second(s)

2018-06-09 20:19:40 - [TEST_STEP][PASSED] - Statement - StockQty = com.kms.katalon.core.webui.keyword.WebUiBuiltInKeywords.getAttribute(com.kms.katalon.core.testobject.ObjectRepository.findTestObject(PharmacyRequest/Page_Store/input_txtprice), "value"): Attribute 'value' of object 'Object Repository/PharmacyRequest/Page_Store/input_txtprice' is: '830'

2018-06-09 20:19:40 - [MESSAGE][PASSED] - Attribute 'value' of object 'Object Repository/PharmacyRequest/Page_Store/input_txtprice' is: '830'

2018-06-09 20:19:40 - [TEST_STEP][PASSED] - Statement - out.println("Stock QTY : " + StockQty): null

2018-06-09 20:19:40 - [TEST_STEP][PASSED] - delay: Delayed 1 second(s)

2018-06-09 20:19:41 - [MESSAGE][PASSED] - Delayed 1 second(s)

2018-06-09 20:19:41 - [TEST_STEP][PASSED] - Statement - If (java.lang.Integer.valueOf(StockQty) >= java.lang.Integer.valueOf(RequestedQty)): null

2018-06-09 20:19:41 - [TEST_STEP][PASSED] - setText: Text '10' is set on object 'Object Repository/PharmacyRequest/Page_Store/input_txtqty'

2018-06-09 20:19:41 - [MESSAGE][PASSED] - Text '10' is set on object 'Object Repository/PharmacyRequest/Page_Store/input_txtqty'

2018-06-09 20:19:41 - [TEST_STEP][PASSED] - click: Object: 'Object Repository/PharmacyRequest/Page_Store/button_Add' is clicked on

2018-06-09 20:19:41 - [MESSAGE][PASSED] - Object: 'Object Repository/PharmacyRequest/Page_Store/button_Add' is clicked on

2018-06-09 20:19:41 - [TEST_STEP][PASSED] - Statement - Break: null

2018-06-09 20:19:41 - [TEST_STEP][PASSED] - selectOptionByIndex: All options with index in [11] are selected on object 'Object Repository/PharmacyRequest/Page_Store/select_--Select--Amlodepin -5'

2018-06-09 20:19:42 - [MESSAGE][PASSED] - All options with index in [11] are selected on object 'Object Repository/PharmacyRequest/Page_Store/select_--Select--Amlodepin -5'

2018-06-09 20:19:42 - [TEST_STEP][PASSED] - delay: Delayed 1 second(s)

2018-06-09 20:19:43 - [MESSAGE][PASSED] - Delayed 1 second(s)

2018-06-09 20:19:43 - [TEST_STEP][PASSED] - Statement - RequestedQty = com.kms.katalon.core.webui.keyword.WebUiBuiltInKeywords.getAttribute(com.kms.katalon.core.testobject.ObjectRepository.findTestObject(PharmacyRequest/Page_Store/input_txttotal), "value"): Attribute 'value' of object 'Object Repository/PharmacyRequest/Page_Store/input_txttotal' is: '10'

2018-06-09 20:19:43 - [MESSAGE][PASSED] - Attribute 'value' of object 'Object Repository/PharmacyRequest/Page_Store/input_txttotal' is: '10'

2018-06-09 20:19:43 - [TEST_STEP][PASSED] - Statement - out.println("Requested QTY : " + RequestedQty): null

2018-06-09 20:19:43 - [TEST_STEP][PASSED] - Statement - BatchNumber = com.kms.katalon.core.webui.keyword.WebUiBuiltInKeywords.getNumberOfTotalOption(com.kms.katalon.core.testobject.ObjectRepository.findTestObject(PharmacyRequest/Page_Store/select_--Select--BA50)): 2 options of object 'Object Repository/PharmacyRequest/Page_Store/select_--Select--BA50' counted

2018-06-09 20:19:43 - [MESSAGE][PASSED] - 2 options of object 'Object Repository/PharmacyRequest/Page_Store/select_--Select--BA50' counted

2018-06-09 20:19:43 - [TEST_STEP][PASSED] - Statement - For ([g = 1, g <= BatchNumber - 1, (g++)]): null

2018-06-09 20:19:43 - [TEST_STEP][PASSED] - selectOptionByIndex: All options with index in [1] are selected on object 'Object Repository/PharmacyRequest/Page_Store/select_--Select--BA50'

2018-06-09 20:19:43 - [MESSAGE][PASSED] - All options with index in [1] are selected on object 'Object Repository/PharmacyRequest/Page_Store/select_--Select--BA50'

2018-06-09 20:19:43 - [TEST_STEP][PASSED] - delay: Delayed 2 second(s)

2018-06-09 20:19:45 - [MESSAGE][PASSED] - Delayed 2 second(s)

2018-06-09 20:19:45 - [TEST_STEP][PASSED] - Statement - StockQty = com.kms.katalon.core.webui.keyword.WebUiBuiltInKeywords.getAttribute(com.kms.katalon.core.testobject.ObjectRepository.findTestObject(PharmacyRequest/Page_Store/input_txtprice), "value"): Attribute 'value' of object 'Object Repository/PharmacyRequest/Page_Store/input_txtprice' is: '1990'

2018-06-09 20:19:45 - [MESSAGE][PASSED] - Attribute 'value' of object 'Object Repository/PharmacyRequest/Page_Store/input_txtprice' is: '1990'

2018-06-09 20:19:45 - [TEST_STEP][PASSED] - Statement - out.println("Stock QTY : " + StockQty): null

2018-06-09 20:19:45 - [TEST_STEP][PASSED] - delay: Delayed 1 second(s)

2018-06-09 20:19:46 - [MESSAGE][PASSED] - Delayed 1 second(s)

2018-06-09 20:19:46 - [TEST_STEP][PASSED] - Statement - If (java.lang.Integer.valueOf(StockQty) >= java.lang.Integer.valueOf(RequestedQty)): null

2018-06-09 20:19:46 - [TEST_STEP][PASSED] - setText: Text '10' is set on object 'Object Repository/PharmacyRequest/Page_Store/input_txtqty'

2018-06-09 20:19:46 - [MESSAGE][PASSED] - Text '10' is set on object 'Object Repository/PharmacyRequest/Page_Store/input_txtqty'

2018-06-09 20:19:46 - [TEST_STEP][PASSED] - click: Object: 'Object Repository/PharmacyRequest/Page_Store/button_Add' is clicked on

2018-06-09 20:19:46 - [MESSAGE][PASSED] - Object: 'Object Repository/PharmacyRequest/Page_Store/button_Add' is clicked on

2018-06-09 20:19:46 - [TEST_STEP][PASSED] - Statement - Break: null

2018-06-09 20:19:46 - [TEST_STEP][PASSED] - selectOptionByIndex: All options with index in [12] are selected on object 'Object Repository/PharmacyRequest/Page_Store/select_--Select--Amlodepin -5'

2018-06-09 20:19:46 - [MESSAGE][PASSED] - All options with index in [12] are selected on object 'Object Repository/PharmacyRequest/Page_Store/select_--Select--Amlodepin -5'

2018-06-09 20:19:46 - [TEST_STEP][PASSED] - delay: Delayed 1 second(s)

2018-06-09 20:19:47 - [MESSAGE][PASSED] - Delayed 1 second(s)

2018-06-09 20:19:47 - [TEST_STEP][PASSED] - Statement - RequestedQty = com.kms.katalon.core.webui.keyword.WebUiBuiltInKeywords.getAttribute(com.kms.katalon.core.testobject.ObjectRepository.findTestObject(PharmacyRequest/Page_Store/input_txttotal), "value"): Attribute 'value' of object 'Object Repository/PharmacyRequest/Page_Store/input_txttotal' is: '10'

2018-06-09 20:19:47 - [MESSAGE][PASSED] - Attribute 'value' of object 'Object Repository/PharmacyRequest/Page_Store/input_txttotal' is: '10'

2018-06-09 20:19:47 - [TEST_STEP][PASSED] - Statement - out.println("Requested QTY : " + RequestedQty): null

2018-06-09 20:19:47 - [TEST_STEP][PASSED] - Statement - BatchNumber = com.kms.katalon.core.webui.keyword.WebUiBuiltInKeywords.getNumberOfTotalOption(com.kms.katalon.core.testobject.ObjectRepository.findTestObject(PharmacyRequest/Page_Store/select_--Select--BA50)): 3 options of object 'Object Repository/PharmacyRequest/Page_Store/select_--Select--BA50' counted

2018-06-09 20:19:47 - [MESSAGE][PASSED] - 3 options of object 'Object Repository/PharmacyRequest/Page_Store/select_--Select--BA50' counted

2018-06-09 20:19:47 - [TEST_STEP][PASSED] - Statement - For ([g = 1, g <= BatchNumber - 1, (g++)]): null

2018-06-09 20:19:47 - [TEST_STEP][PASSED] - selectOptionByIndex: All options with index in [1] are selected on object 'Object Repository/PharmacyRequest/Page_Store/select_--Select--BA50'

2018-06-09 20:19:48 - [MESSAGE][PASSED] - All options with index in [1] are selected on object 'Object Repository/PharmacyRequest/Page_Store/select_--Select--BA50'

2018-06-09 20:19:48 - [TEST_STEP][PASSED] - delay: Delayed 2 second(s)

2018-06-09 20:19:50 - [MESSAGE][PASSED] - Delayed 2 second(s)

2018-06-09 20:19:50 - [TEST_STEP][PASSED] - Statement - StockQty = com.kms.katalon.core.webui.keyword.WebUiBuiltInKeywords.getAttribute(com.kms.katalon.core.testobject.ObjectRepository.findTestObject(PharmacyRequest/Page_Store/input_txtprice), "value"): Attribute 'value' of object 'Object Repository/PharmacyRequest/Page_Store/input_txtprice' is: '1790'

2018-06-09 20:19:50 - [MESSAGE][PASSED] - Attribute 'value' of object 'Object Repository/PharmacyRequest/Page_Store/input_txtprice' is: '1790'

2018-06-09 20:19:50 - [TEST_STEP][PASSED] - Statement - out.println("Stock QTY : " + StockQty): null

2018-06-09 20:19:50 - [TEST_STEP][PASSED] - delay: Delayed 1 second(s)

2018-06-09 20:19:51 - [MESSAGE][PASSED] - Delayed 1 second(s)

2018-06-09 20:19:51 - [TEST_STEP][PASSED] - Statement - If (java.lang.Integer.valueOf(StockQty) >= java.lang.Integer.valueOf(RequestedQty)): null

2018-06-09 20:19:51 - [TEST_STEP][PASSED] - setText: Text '10' is set on object 'Object Repository/PharmacyRequest/Page_Store/input_txtqty'

2018-06-09 20:19:51 - [MESSAGE][PASSED] - Text '10' is set on object 'Object Repository/PharmacyRequest/Page_Store/input_txtqty'

2018-06-09 20:19:51 - [TEST_STEP][PASSED] - click: Object: 'Object Repository/PharmacyRequest/Page_Store/button_Add' is clicked on

2018-06-09 20:19:51 - [MESSAGE][PASSED] - Object: 'Object Repository/PharmacyRequest/Page_Store/button_Add' is clicked on

2018-06-09 20:19:51 - [TEST_STEP][PASSED] - Statement - Break: null

2018-06-09 20:19:51 - [TEST_STEP][PASSED] - selectOptionByIndex: All options with index in [13] are selected on object 'Object Repository/PharmacyRequest/Page_Store/select_--Select--Amlodepin -5'

2018-06-09 20:19:51 - [MESSAGE][PASSED] - All options with index in [13] are selected on object 'Object Repository/PharmacyRequest/Page_Store/select_--Select--Amlodepin -5'

2018-06-09 20:19:51 - [TEST_STEP][PASSED] - delay: Delayed 1 second(s)

2018-06-09 20:19:52 - [MESSAGE][PASSED] - Delayed 1 second(s)

2018-06-09 20:19:52 - [TEST_STEP][PASSED] - Statement - RequestedQty = com.kms.katalon.core.webui.keyword.WebUiBuiltInKeywords.getAttribute(com.kms.katalon.core.testobject.ObjectRepository.findTestObject(PharmacyRequest/Page_Store/input_txttotal), "value"): Attribute 'value' of object 'Object Repository/PharmacyRequest/Page_Store/input_txttotal' is: '10'

2018-06-09 20:19:52 - [MESSAGE][PASSED] - Attribute 'value' of object 'Object Repository/PharmacyRequest/Page_Store/input_txttotal' is: '10'

2018-06-09 20:19:52 - [TEST_STEP][PASSED] - Statement - out.println("Requested QTY : " + RequestedQty): null

2018-06-09 20:19:52 - [TEST_STEP][PASSED] - Statement - BatchNumber = com.kms.katalon.core.webui.keyword.WebUiBuiltInKeywords.getNumberOfTotalOption(com.kms.katalon.core.testobject.ObjectRepository.findTestObject(PharmacyRequest/Page_Store/select_--Select--BA50)): 3 options of object 'Object Repository/PharmacyRequest/Page_Store/select_--Select--BA50' counted

2018-06-09 20:19:52 - [MESSAGE][PASSED] - 3 options of object 'Object Repository/PharmacyRequest/Page_Store/select_--Select--BA50' counted

2018-06-09 20:19:52 - [TEST_STEP][PASSED] - Statement - For ([g = 1, g <= BatchNumber - 1, (g++)]): null

2018-06-09 20:19:52 - [TEST_STEP][PASSED] - selectOptionByIndex: All options with index in [1] are selected on object 'Object Repository/PharmacyRequest/Page_Store/select_--Select--BA50'

2018-06-09 20:19:52 - [MESSAGE][PASSED] - All options with index in [1] are selected on object 'Object Repository/PharmacyRequest/Page_Store/select_--Select--BA50'

2018-06-09 20:19:52 - [TEST_STEP][PASSED] - delay: Delayed 2 second(s)

2018-06-09 20:19:54 - [MESSAGE][PASSED] - Delayed 2 second(s)

2018-06-09 20:19:54 - [TEST_STEP][PASSED] - Statement - StockQty = com.kms.katalon.core.webui.keyword.WebUiBuiltInKeywords.getAttribute(com.kms.katalon.core.testobject.ObjectRepository.findTestObject(PharmacyRequest/Page_Store/input_txtprice), "value"): Attribute 'value' of object 'Object Repository/PharmacyRequest/Page_Store/input_txtprice' is: '830'

2018-06-09 20:19:54 - [MESSAGE][PASSED] - Attribute 'value' of object 'Object Repository/PharmacyRequest/Page_Store/input_txtprice' is: '830'

2018-06-09 20:19:54 - [TEST_STEP][PASSED] - Statement - out.println("Stock QTY : " + StockQty): null

2018-06-09 20:19:54 - [TEST_STEP][PASSED] - delay: Delayed 1 second(s)

2018-06-09 20:19:55 - [MESSAGE][PASSED] - Delayed 1 second(s)

2018-06-09 20:19:55 - [TEST_STEP][PASSED] - Statement - If (java.lang.Integer.valueOf(StockQty) >= java.lang.Integer.valueOf(RequestedQty)): null

2018-06-09 20:19:55 - [TEST_STEP][PASSED] - setText: Text '10' is set on object 'Object Repository/PharmacyRequest/Page_Store/input_txtqty'

2018-06-09 20:19:55 - [MESSAGE][PASSED] - Text '10' is set on object 'Object Repository/PharmacyRequest/Page_Store/input_txtqty'

2018-06-09 20:19:55 - [TEST_STEP][PASSED] - click: Object: 'Object Repository/PharmacyRequest/Page_Store/button_Add' is clicked on

2018-06-09 20:19:55 - [MESSAGE][PASSED] - Object: 'Object Repository/PharmacyRequest/Page_Store/button_Add' is clicked on

2018-06-09 20:19:55 - [TEST_STEP][PASSED] - Statement - Break: null

2018-06-09 20:19:55 - [TEST_STEP][PASSED] - selectOptionByIndex: All options with index in [14] are selected on object 'Object Repository/PharmacyRequest/Page_Store/select_--Select--Amlodepin -5'

2018-06-09 20:19:56 - [MESSAGE][PASSED] - All options with index in [14] are selected on object 'Object Repository/PharmacyRequest/Page_Store/select_--Select--Amlodepin -5'

2018-06-09 20:19:56 - [TEST_STEP][PASSED] - delay: Delayed 1 second(s)

2018-06-09 20:19:57 - [MESSAGE][PASSED] - Delayed 1 second(s)

2018-06-09 20:19:57 - [TEST_STEP][PASSED] - Statement - RequestedQty = com.kms.katalon.core.webui.keyword.WebUiBuiltInKeywords.getAttribute(com.kms.katalon.core.testobject.ObjectRepository.findTestObject(PharmacyRequest/Page_Store/input_txttotal), "value"): Attribute 'value' of object 'Object Repository/PharmacyRequest/Page_Store/input_txttotal' is: '10'

2018-06-09 20:19:57 - [MESSAGE][PASSED] - Attribute 'value' of object 'Object Repository/PharmacyRequest/Page_Store/input_txttotal' is: '10'

2018-06-09 20:19:57 - [TEST_STEP][PASSED] - Statement - out.println("Requested QTY : " + RequestedQty): null

2018-06-09 20:19:57 - [TEST_STEP][PASSED] - Statement - BatchNumber = com.kms.katalon.core.webui.keyword.WebUiBuiltInKeywords.getNumberOfTotalOption(com.kms.katalon.core.testobject.ObjectRepository.findTestObject(PharmacyRequest/Page_Store/select_--Select--BA50)): 3 options of object 'Object Repository/PharmacyRequest/Page_Store/select_--Select--BA50' counted

2018-06-09 20:19:57 - [MESSAGE][PASSED] - 3 options of object 'Object Repository/PharmacyRequest/Page_Store/select_--Select--BA50' counted

2018-06-09 20:19:57 - [TEST_STEP][PASSED] - Statement - For ([g = 1, g <= BatchNumber - 1, (g++)]): null

2018-06-09 20:19:57 - [TEST_STEP][PASSED] - selectOptionByIndex: All options with index in [1] are selected on object 'Object Repository/PharmacyRequest/Page_Store/select_--Select--BA50'

2018-06-09 20:19:57 - [MESSAGE][PASSED] - All options with index in [1] are selected on object 'Object Repository/PharmacyRequest/Page_Store/select_--Select--BA50'

2018-06-09 20:19:57 - [TEST_STEP][PASSED] - delay: Delayed 2 second(s)

2018-06-09 20:19:59 - [MESSAGE][PASSED] - Delayed 2 second(s)

2018-06-09 20:19:59 - [TEST_STEP][PASSED] - Statement - StockQty = com.kms.katalon.core.webui.keyword.WebUiBuiltInKeywords.getAttribute(com.kms.katalon.core.testobject.ObjectRepository.findTestObject(PharmacyRequest/Page_Store/input_txtprice), "value"): Attribute 'value' of object 'Object Repository/PharmacyRequest/Page_Store/input_txtprice' is: '530'

2018-06-09 20:19:59 - [MESSAGE][PASSED] - Attribute 'value' of object 'Object Repository/PharmacyRequest/Page_Store/input_txtprice' is: '530'

2018-06-09 20:19:59 - [TEST_STEP][PASSED] - Statement - out.println("Stock QTY : " + StockQty): null

2018-06-09 20:19:59 - [TEST_STEP][PASSED] - delay: Delayed 1 second(s)

2018-06-09 20:20:00 - [MESSAGE][PASSED] - Delayed 1 second(s)

2018-06-09 20:20:00 - [TEST_STEP][PASSED] - Statement - If (java.lang.Integer.valueOf(StockQty) >= java.lang.Integer.valueOf(RequestedQty)): null

2018-06-09 20:20:00 - [TEST_STEP][PASSED] - setText: Text '10' is set on object 'Object Repository/PharmacyRequest/Page_Store/input_txtqty'

2018-06-09 20:20:00 - [MESSAGE][PASSED] - Text '10' is set on object 'Object Repository/PharmacyRequest/Page_Store/input_txtqty'

2018-06-09 20:20:00 - [TEST_STEP][PASSED] - click: Object: 'Object Repository/PharmacyRequest/Page_Store/button_Add' is clicked on

2018-06-09 20:20:00 - [MESSAGE][PASSED] - Object: 'Object Repository/PharmacyRequest/Page_Store/button_Add' is clicked on

2018-06-09 20:20:00 - [TEST_STEP][PASSED] - Statement - Break: null

2018-06-09 20:20:00 - [TEST_STEP][PASSED] - selectOptionByIndex: All options with index in [15] are selected on object 'Object Repository/PharmacyRequest/Page_Store/select_--Select--Amlodepin -5'

2018-06-09 20:20:00 - [MESSAGE][PASSED] - All options with index in [15] are selected on object 'Object Repository/PharmacyRequest/Page_Store/select_--Select--Amlodepin -5'

2018-06-09 20:20:00 - [TEST_STEP][PASSED] - delay: Delayed 1 second(s)

2018-06-09 20:20:01 - [MESSAGE][PASSED] - Delayed 1 second(s)

2018-06-09 20:20:01 - [TEST_STEP][PASSED] - Statement - RequestedQty = com.kms.katalon.core.webui.keyword.WebUiBuiltInKeywords.getAttribute(com.kms.katalon.core.testobject.ObjectRepository.findTestObject(PharmacyRequest/Page_Store/input_txttotal), "value"): Attribute 'value' of object 'Object Repository/PharmacyRequest/Page_Store/input_txttotal' is: '10'

2018-06-09 20:20:01 - [MESSAGE][PASSED] - Attribute 'value' of object 'Object Repository/PharmacyRequest/Page_Store/input_txttotal' is: '10'

2018-06-09 20:20:01 - [TEST_STEP][PASSED] - Statement - out.println("Requested QTY : " + RequestedQty): null

2018-06-09 20:20:01 - [TEST_STEP][PASSED] - Statement - BatchNumber = com.kms.katalon.core.webui.keyword.WebUiBuiltInKeywords.getNumberOfTotalOption(com.kms.katalon.core.testobject.ObjectRepository.findTestObject(PharmacyRequest/Page_Store/select_--Select--BA50)): 3 options of object 'Object Repository/PharmacyRequest/Page_Store/select_--Select--BA50' counted

2018-06-09 20:20:01 - [MESSAGE][PASSED] - 3 options of object 'Object Repository/PharmacyRequest/Page_Store/select_--Select--BA50' counted

2018-06-09 20:20:01 - [TEST_STEP][PASSED] - Statement - For ([g = 1, g <= BatchNumber - 1, (g++)]): null

2018-06-09 20:20:01 - [TEST_STEP][PASSED] - selectOptionByIndex: All options with index in [1] are selected on object 'Object Repository/PharmacyRequest/Page_Store/select_--Select--BA50'

2018-06-09 20:20:02 - [MESSAGE][PASSED] - All options with index in [1] are selected on object 'Object Repository/PharmacyRequest/Page_Store/select_--Select--BA50'

2018-06-09 20:20:02 - [TEST_STEP][PASSED] - delay: Delayed 2 second(s)

2018-06-09 20:20:04 - [MESSAGE][PASSED] - Delayed 2 second(s)

2018-06-09 20:20:04 - [TEST_STEP][PASSED] - Statement - StockQty = com.kms.katalon.core.webui.keyword.WebUiBuiltInKeywords.getAttribute(com.kms.katalon.core.testobject.ObjectRepository.findTestObject(PharmacyRequest/Page_Store/input_txtprice), "value"): Attribute 'value' of object 'Object Repository/PharmacyRequest/Page_Store/input_txtprice' is: '100'

2018-06-09 20:20:04 - [MESSAGE][PASSED] - Attribute 'value' of object 'Object Repository/PharmacyRequest/Page_Store/input_txtprice' is: '100'

2018-06-09 20:20:04 - [TEST_STEP][PASSED] - Statement - out.println("Stock QTY : " + StockQty): null

2018-06-09 20:20:04 - [TEST_STEP][PASSED] - delay: Delayed 1 second(s)

2018-06-09 20:20:05 - [MESSAGE][PASSED] - Delayed 1 second(s)

2018-06-09 20:20:05 - [TEST_STEP][PASSED] - Statement - If (java.lang.Integer.valueOf(StockQty) >= java.lang.Integer.valueOf(RequestedQty)): null

2018-06-09 20:20:05 - [TEST_STEP][PASSED] - setText: Text '10' is set on object 'Object Repository/PharmacyRequest/Page_Store/input_txtqty'

2018-06-09 20:20:05 - [MESSAGE][PASSED] - Text '10' is set on object 'Object Repository/PharmacyRequest/Page_Store/input_txtqty'

2018-06-09 20:20:05 - [TEST_STEP][PASSED] - click: Object: 'Object Repository/PharmacyRequest/Page_Store/button_Add' is clicked on

2018-06-09 20:20:05 - [MESSAGE][PASSED] - Object: 'Object Repository/PharmacyRequest/Page_Store/button_Add' is clicked on

2018-06-09 20:20:05 - [TEST_STEP][PASSED] - Statement - Break: null

2018-06-09 20:20:05 - [TEST_STEP][PASSED] - selectOptionByIndex: All options with index in [16] are selected on object 'Object Repository/PharmacyRequest/Page_Store/select_--Select--Amlodepin -5'

2018-06-09 20:20:05 - [MESSAGE][PASSED] - All options with index in [16] are selected on object 'Object Repository/PharmacyRequest/Page_Store/select_--Select--Amlodepin -5'

2018-06-09 20:20:05 - [TEST_STEP][PASSED] - delay: Delayed 1 second(s)

2018-06-09 20:20:06 - [MESSAGE][PASSED] - Delayed 1 second(s)

2018-06-09 20:20:06 - [TEST_STEP][PASSED] - Statement - RequestedQty = com.kms.katalon.core.webui.keyword.WebUiBuiltInKeywords.getAttribute(com.kms.katalon.core.testobject.ObjectRepository.findTestObject(PharmacyRequest/Page_Store/input_txttotal), "value"): Attribute 'value' of object 'Object Repository/PharmacyRequest/Page_Store/input_txttotal' is: '10'

2018-06-09 20:20:06 - [MESSAGE][PASSED] - Attribute 'value' of object 'Object Repository/PharmacyRequest/Page_Store/input_txttotal' is: '10'

2018-06-09 20:20:06 - [TEST_STEP][PASSED] - Statement - out.println("Requested QTY : " + RequestedQty): null

2018-06-09 20:20:06 - [TEST_STEP][PASSED] - Statement - BatchNumber = com.kms.katalon.core.webui.keyword.WebUiBuiltInKeywords.getNumberOfTotalOption(com.kms.katalon.core.testobject.ObjectRepository.findTestObject(PharmacyRequest/Page_Store/select_--Select--BA50)): 2 options of object 'Object Repository/PharmacyRequest/Page_Store/select_--Select--BA50' counted

2018-06-09 20:20:06 - [MESSAGE][PASSED] - 2 options of object 'Object Repository/PharmacyRequest/Page_Store/select_--Select--BA50' counted

2018-06-09 20:20:06 - [TEST_STEP][PASSED] - Statement - For ([g = 1, g <= BatchNumber - 1, (g++)]): null

2018-06-09 20:20:06 - [TEST_STEP][PASSED] - selectOptionByIndex: All options with index in [1] are selected on object 'Object Repository/PharmacyRequest/Page_Store/select_--Select--BA50'

2018-06-09 20:20:06 - [MESSAGE][PASSED] - All options with index in [1] are selected on object 'Object Repository/PharmacyRequest/Page_Store/select_--Select--BA50'

2018-06-09 20:20:06 - [TEST_STEP][PASSED] - delay: Delayed 2 second(s)

2018-06-09 20:20:08 - [MESSAGE][PASSED] - Delayed 2 second(s)

2018-06-09 20:20:08 - [TEST_STEP][PASSED] - Statement - StockQty = com.kms.katalon.core.webui.keyword.WebUiBuiltInKeywords.getAttribute(com.kms.katalon.core.testobject.ObjectRepository.findTestObject(PharmacyRequest/Page_Store/input_txtprice), "value"): Attribute 'value' of object 'Object Repository/PharmacyRequest/Page_Store/input_txtprice' is: '1990'

2018-06-09 20:20:08 - [MESSAGE][PASSED] - Attribute 'value' of object 'Object Repository/PharmacyRequest/Page_Store/input_txtprice' is: '1990'

2018-06-09 20:20:08 - [TEST_STEP][PASSED] - Statement - out.println("Stock QTY : " + StockQty): null

2018-06-09 20:20:08 - [TEST_STEP][PASSED] - delay: Delayed 1 second(s)

2018-06-09 20:20:09 - [MESSAGE][PASSED] - Delayed 1 second(s)

2018-06-09 20:20:09 - [TEST_STEP][PASSED] - Statement - If (java.lang.Integer.valueOf(StockQty) >= java.lang.Integer.valueOf(RequestedQty)): null

2018-06-09 20:20:09 - [TEST_STEP][PASSED] - setText: Text '10' is set on object 'Object Repository/PharmacyRequest/Page_Store/input_txtqty'

2018-06-09 20:20:09 - [MESSAGE][PASSED] - Text '10' is set on object 'Object Repository/PharmacyRequest/Page_Store/input_txtqty'

2018-06-09 20:20:09 - [TEST_STEP][PASSED] - click: Object: 'Object Repository/PharmacyRequest/Page_Store/button_Add' is clicked on

2018-06-09 20:20:09 - [MESSAGE][PASSED] - Object: 'Object Repository/PharmacyRequest/Page_Store/button_Add' is clicked on

2018-06-09 20:20:09 - [TEST_STEP][PASSED] - Statement - Break: null

2018-06-09 20:20:09 - [TEST_STEP][PASSED] - selectOptionByIndex: All options with index in [17] are selected on object 'Object Repository/PharmacyRequest/Page_Store/select_--Select--Amlodepin -5'

2018-06-09 20:20:10 - [MESSAGE][PASSED] - All options with index in [17] are selected on object 'Object Repository/PharmacyRequest/Page_Store/select_--Select--Amlodepin -5'

2018-06-09 20:20:10 - [TEST_STEP][PASSED] - delay: Delayed 1 second(s)

2018-06-09 20:20:11 - [MESSAGE][PASSED] - Delayed 1 second(s)

2018-06-09 20:20:11 - [TEST_STEP][PASSED] - Statement - RequestedQty = com.kms.katalon.core.webui.keyword.WebUiBuiltInKeywords.getAttribute(com.kms.katalon.core.testobject.ObjectRepository.findTestObject(PharmacyRequest/Page_Store/input_txttotal), "value"): Attribute 'value' of object 'Object Repository/PharmacyRequest/Page_Store/input_txttotal' is: '10'

2018-06-09 20:20:11 - [MESSAGE][PASSED] - Attribute 'value' of object 'Object Repository/PharmacyRequest/Page_Store/input_txttotal' is: '10'

2018-06-09 20:20:11 - [TEST_STEP][PASSED] - Statement - out.println("Requested QTY : " + RequestedQty): null

2018-06-09 20:20:11 - [TEST_STEP][PASSED] - Statement - BatchNumber = com.kms.katalon.core.webui.keyword.WebUiBuiltInKeywords.getNumberOfTotalOption(com.kms.katalon.core.testobject.ObjectRepository.findTestObject(PharmacyRequest/Page_Store/select_--Select--BA50)): 3 options of object 'Object Repository/PharmacyRequest/Page_Store/select_--Select--BA50' counted

2018-06-09 20:20:11 - [MESSAGE][PASSED] - 3 options of object 'Object Repository/PharmacyRequest/Page_Store/select_--Select--BA50' counted

2018-06-09 20:20:11 - [TEST_STEP][PASSED] - Statement - For ([g = 1, g <= BatchNumber - 1, (g++)]): null

2018-06-09 20:20:11 - [TEST_STEP][PASSED] - selectOptionByIndex: All options with index in [1] are selected on object 'Object Repository/PharmacyRequest/Page_Store/select_--Select--BA50'

2018-06-09 20:20:11 - [MESSAGE][PASSED] - All options with index in [1] are selected on object 'Object Repository/PharmacyRequest/Page_Store/select_--Select--BA50'

2018-06-09 20:20:11 - [TEST_STEP][PASSED] - delay: Delayed 2 second(s)

2018-06-09 20:20:13 - [MESSAGE][PASSED] - Delayed 2 second(s)

2018-06-09 20:20:13 - [TEST_STEP][PASSED] - Statement - StockQty = com.kms.katalon.core.webui.keyword.WebUiBuiltInKeywords.getAttribute(com.kms.katalon.core.testobject.ObjectRepository.findTestObject(PharmacyRequest/Page_Store/input_txtprice), "value"): Attribute 'value' of object 'Object Repository/PharmacyRequest/Page_Store/input_txtprice' is: '1790'

2018-06-09 20:20:13 - [MESSAGE][PASSED] - Attribute 'value' of object 'Object Repository/PharmacyRequest/Page_Store/input_txtprice' is: '1790'

2018-06-09 20:20:13 - [TEST_STEP][PASSED] - Statement - out.println("Stock QTY : " + StockQty): null

2018-06-09 20:20:13 - [TEST_STEP][PASSED] - delay: Delayed 1 second(s)

2018-06-09 20:20:14 - [MESSAGE][PASSED] - Delayed 1 second(s)

2018-06-09 20:20:14 - [TEST_STEP][PASSED] - Statement - If (java.lang.Integer.valueOf(StockQty) >= java.lang.Integer.valueOf(RequestedQty)): null

2018-06-09 20:20:14 - [TEST_STEP][PASSED] - setText: Text '10' is set on object 'Object Repository/PharmacyRequest/Page_Store/input_txtqty'

2018-06-09 20:20:14 - [MESSAGE][PASSED] - Text '10' is set on object 'Object Repository/PharmacyRequest/Page_Store/input_txtqty'

2018-06-09 20:20:14 - [TEST_STEP][PASSED] - click: Object: 'Object Repository/PharmacyRequest/Page_Store/button_Add' is clicked on

2018-06-09 20:20:14 - [MESSAGE][PASSED] - Object: 'Object Repository/PharmacyRequest/Page_Store/button_Add' is clicked on

2018-06-09 20:20:14 - [TEST_STEP][PASSED] - Statement - Break: null

2018-06-09 20:20:14 - [TEST_STEP][PASSED] - selectOptionByIndex: All options with index in [18] are selected on object 'Object Repository/PharmacyRequest/Page_Store/select_--Select--Amlodepin -5'

2018-06-09 20:20:14 - [MESSAGE][PASSED] - All options with index in [18] are selected on object 'Object Repository/PharmacyRequest/Page_Store/select_--Select--Amlodepin -5'

2018-06-09 20:20:14 - [TEST_STEP][PASSED] - delay: Delayed 1 second(s)

2018-06-09 20:20:15 - [MESSAGE][PASSED] - Delayed 1 second(s)

2018-06-09 20:20:15 - [TEST_STEP][PASSED] - Statement - RequestedQty = com.kms.katalon.core.webui.keyword.WebUiBuiltInKeywords.getAttribute(com.kms.katalon.core.testobject.ObjectRepository.findTestObject(PharmacyRequest/Page_Store/input_txttotal), "value"): Attribute 'value' of object 'Object Repository/PharmacyRequest/Page_Store/input_txttotal' is: '10'

2018-06-09 20:20:15 - [MESSAGE][PASSED] - Attribute 'value' of object 'Object Repository/PharmacyRequest/Page_Store/input_txttotal' is: '10'

2018-06-09 20:20:15 - [TEST_STEP][PASSED] - Statement - out.println("Requested QTY : " + RequestedQty): null

2018-06-09 20:20:15 - [TEST_STEP][PASSED] - Statement - BatchNumber = com.kms.katalon.core.webui.keyword.WebUiBuiltInKeywords.getNumberOfTotalOption(com.kms.katalon.core.testobject.ObjectRepository.findTestObject(PharmacyRequest/Page_Store/select_--Select--BA50)): 3 options of object 'Object Repository/PharmacyRequest/Page_Store/select_--Select--BA50' counted

2018-06-09 20:20:15 - [MESSAGE][PASSED] - 3 options of object 'Object Repository/PharmacyRequest/Page_Store/select_--Select--BA50' counted

2018-06-09 20:20:15 - [TEST_STEP][PASSED] - Statement - For ([g = 1, g <= BatchNumber - 1, (g++)]): null

2018-06-09 20:20:15 - [TEST_STEP][PASSED] - selectOptionByIndex: All options with index in [1] are selected on object 'Object Repository/PharmacyRequest/Page_Store/select_--Select--BA50'

2018-06-09 20:20:16 - [MESSAGE][PASSED] - All options with index in [1] are selected on object 'Object Repository/PharmacyRequest/Page_Store/select_--Select--BA50'

2018-06-09 20:20:16 - [TEST_STEP][PASSED] - delay: Delayed 2 second(s)

2018-06-09 20:20:18 - [MESSAGE][PASSED] - Delayed 2 second(s)

2018-06-09 20:20:18 - [TEST_STEP][PASSED] - Statement - StockQty = com.kms.katalon.core.webui.keyword.WebUiBuiltInKeywords.getAttribute(com.kms.katalon.core.testobject.ObjectRepository.findTestObject(PharmacyRequest/Page_Store/input_txtprice), "value"): Attribute 'value' of object 'Object Repository/PharmacyRequest/Page_Store/input_txtprice' is: '1774'

2018-06-09 20:20:18 - [MESSAGE][PASSED] - Attribute 'value' of object 'Object Repository/PharmacyRequest/Page_Store/input_txtprice' is: '1774'

2018-06-09 20:20:18 - [TEST_STEP][PASSED] - Statement - out.println("Stock QTY : " + StockQty): null

2018-06-09 20:20:18 - [TEST_STEP][PASSED] - delay: Delayed 1 second(s)

2018-06-09 20:20:19 - [MESSAGE][PASSED] - Delayed 1 second(s)

2018-06-09 20:20:19 - [TEST_STEP][PASSED] - Statement - If (java.lang.Integer.valueOf(StockQty) >= java.lang.Integer.valueOf(RequestedQty)): null

2018-06-09 20:20:19 - [TEST_STEP][PASSED] - setText: Text '10' is set on object 'Object Repository/PharmacyRequest/Page_Store/input_txtqty'

2018-06-09 20:20:19 - [MESSAGE][PASSED] - Text '10' is set on object 'Object Repository/PharmacyRequest/Page_Store/input_txtqty'

2018-06-09 20:20:19 - [TEST_STEP][PASSED] - click: Object: 'Object Repository/PharmacyRequest/Page_Store/button_Add' is clicked on

2018-06-09 20:20:19 - [MESSAGE][PASSED] - Object: 'Object Repository/PharmacyRequest/Page_Store/button_Add' is clicked on

2018-06-09 20:20:19 - [TEST_STEP][PASSED] - Statement - Break: null

2018-06-09 20:20:19 - [TEST_STEP][PASSED] - selectOptionByIndex: All options with index in [19] are selected on object 'Object Repository/PharmacyRequest/Page_Store/select_--Select--Amlodepin -5'

2018-06-09 20:20:19 - [MESSAGE][PASSED] - All options with index in [19] are selected on object 'Object Repository/PharmacyRequest/Page_Store/select_--Select--Amlodepin -5'

2018-06-09 20:20:19 - [TEST_STEP][PASSED] - delay: Delayed 1 second(s)

2018-06-09 20:20:20 - [MESSAGE][PASSED] - Delayed 1 second(s)

2018-06-09 20:20:20 - [TEST_STEP][PASSED] - Statement - RequestedQty = com.kms.katalon.core.webui.keyword.WebUiBuiltInKeywords.getAttribute(com.kms.katalon.core.testobject.ObjectRepository.findTestObject(PharmacyRequest/Page_Store/input_txttotal), "value"): Attribute 'value' of object 'Object Repository/PharmacyRequest/Page_Store/input_txttotal' is: '10'

2018-06-09 20:20:20 - [MESSAGE][PASSED] - Attribute 'value' of object 'Object Repository/PharmacyRequest/Page_Store/input_txttotal' is: '10'

2018-06-09 20:20:20 - [TEST_STEP][PASSED] - Statement - out.println("Requested QTY : " + RequestedQty): null

2018-06-09 20:20:20 - [TEST_STEP][PASSED] - Statement - BatchNumber = com.kms.katalon.core.webui.keyword.WebUiBuiltInKeywords.getNumberOfTotalOption(com.kms.katalon.core.testobject.ObjectRepository.findTestObject(PharmacyRequest/Page_Store/select_--Select--BA50)): 3 options of object 'Object Repository/PharmacyRequest/Page_Store/select_--Select--BA50' counted

2018-06-09 20:20:20 - [MESSAGE][PASSED] - 3 options of object 'Object Repository/PharmacyRequest/Page_Store/select_--Select--BA50' counted

2018-06-09 20:20:20 - [TEST_STEP][PASSED] - Statement - For ([g = 1, g <= BatchNumber - 1, (g++)]): null

2018-06-09 20:20:20 - [TEST_STEP][PASSED] - selectOptionByIndex: All options with index in [1] are selected on object 'Object Repository/PharmacyRequest/Page_Store/select_--Select--BA50'

2018-06-09 20:20:20 - [MESSAGE][PASSED] - All options with index in [1] are selected on object 'Object Repository/PharmacyRequest/Page_Store/select_--Select--BA50'

2018-06-09 20:20:20 - [TEST_STEP][PASSED] - delay: Delayed 2 second(s)

2018-06-09 20:20:22 - [MESSAGE][PASSED] - Delayed 2 second(s)

2018-06-09 20:20:22 - [TEST_STEP][PASSED] - Statement - StockQty = com.kms.katalon.core.webui.keyword.WebUiBuiltInKeywords.getAttribute(com.kms.katalon.core.testobject.ObjectRepository.findTestObject(PharmacyRequest/Page_Store/input_txtprice), "value"): Attribute 'value' of object 'Object Repository/PharmacyRequest/Page_Store/input_txtprice' is: '830'

2018-06-09 20:20:22 - [MESSAGE][PASSED] - Attribute 'value' of object 'Object Repository/PharmacyRequest/Page_Store/input_txtprice' is: '830'

2018-06-09 20:20:22 - [TEST_STEP][PASSED] - Statement - out.println("Stock QTY : " + StockQty): null

2018-06-09 20:20:22 - [TEST_STEP][PASSED] - delay: Delayed 1 second(s)

2018-06-09 20:20:23 - [MESSAGE][PASSED] - Delayed 1 second(s)

2018-06-09 20:20:23 - [TEST_STEP][PASSED] - Statement - If (java.lang.Integer.valueOf(StockQty) >= java.lang.Integer.valueOf(RequestedQty)): null

2018-06-09 20:20:23 - [TEST_STEP][PASSED] - setText: Text '10' is set on object 'Object Repository/PharmacyRequest/Page_Store/input_txtqty'

2018-06-09 20:20:23 - [MESSAGE][PASSED] - Text '10' is set on object 'Object Repository/PharmacyRequest/Page_Store/input_txtqty'

2018-06-09 20:20:23 - [TEST_STEP][PASSED] - click: Object: 'Object Repository/PharmacyRequest/Page_Store/button_Add' is clicked on

2018-06-09 20:20:23 - [MESSAGE][PASSED] - Object: 'Object Repository/PharmacyRequest/Page_Store/button_Add' is clicked on

2018-06-09 20:20:23 - [TEST_STEP][PASSED] - Statement - Break: null

2018-06-09 20:20:23 - [TEST_STEP][PASSED] - selectOptionByIndex: All options with index in [20] are selected on object 'Object Repository/PharmacyRequest/Page_Store/select_--Select--Amlodepin -5'

2018-06-09 20:20:24 - [MESSAGE][PASSED] - All options with index in [20] are selected on object 'Object Repository/PharmacyRequest/Page_Store/select_--Select--Amlodepin -5'

2018-06-09 20:20:24 - [TEST_STEP][PASSED] - delay: Delayed 1 second(s)

2018-06-09 20:20:25 - [MESSAGE][PASSED] - Delayed 1 second(s)

2018-06-09 20:20:25 - [TEST_STEP][PASSED] - Statement - RequestedQty = com.kms.katalon.core.webui.keyword.WebUiBuiltInKeywords.getAttribute(com.kms.katalon.core.testobject.ObjectRepository.findTestObject(PharmacyRequest/Page_Store/input_txttotal), "value"): Attribute 'value' of object 'Object Repository/PharmacyRequest/Page_Store/input_txttotal' is: '10'

2018-06-09 20:20:25 - [MESSAGE][PASSED] - Attribute 'value' of object 'Object Repository/PharmacyRequest/Page_Store/input_txttotal' is: '10'

2018-06-09 20:20:25 - [TEST_STEP][PASSED] - Statement - out.println("Requested QTY : " + RequestedQty): null

2018-06-09 20:20:25 - [TEST_STEP][PASSED] - Statement - BatchNumber = com.kms.katalon.core.webui.keyword.WebUiBuiltInKeywords.getNumberOfTotalOption(com.kms.katalon.core.testobject.ObjectRepository.findTestObject(PharmacyRequest/Page_Store/select_--Select--BA50)): 3 options of object 'Object Repository/PharmacyRequest/Page_Store/select_--Select--BA50' counted

2018-06-09 20:20:25 - [MESSAGE][PASSED] - 3 options of object 'Object Repository/PharmacyRequest/Page_Store/select_--Select--BA50' counted

2018-06-09 20:20:25 - [TEST_STEP][PASSED] - Statement - For ([g = 1, g <= BatchNumber - 1, (g++)]): null

2018-06-09 20:20:25 - [TEST_STEP][PASSED] - selectOptionByIndex: All options with index in [1] are selected on object 'Object Repository/PharmacyRequest/Page_Store/select_--Select--BA50'

2018-06-09 20:20:25 - [MESSAGE][PASSED] - All options with index in [1] are selected on object 'Object Repository/PharmacyRequest/Page_Store/select_--Select--BA50'

2018-06-09 20:20:25 - [TEST_STEP][PASSED] - delay: Delayed 2 second(s)

2018-06-09 20:20:27 - [MESSAGE][PASSED] - Delayed 2 second(s)

2018-06-09 20:20:27 - [TEST_STEP][PASSED] - Statement - StockQty = com.kms.katalon.core.webui.keyword.WebUiBuiltInKeywords.getAttribute(com.kms.katalon.core.testobject.ObjectRepository.findTestObject(PharmacyRequest/Page_Store/input_txtprice), "value"): Attribute 'value' of object 'Object Repository/PharmacyRequest/Page_Store/input_txtprice' is: '1790'

2018-06-09 20:20:27 - [MESSAGE][PASSED] - Attribute 'value' of object 'Object Repository/PharmacyRequest/Page_Store/input_txtprice' is: '1790'

2018-06-09 20:20:27 - [TEST_STEP][PASSED] - Statement - out.println("Stock QTY : " + StockQty): null

2018-06-09 20:20:27 - [TEST_STEP][PASSED] - delay: Delayed 1 second(s)

2018-06-09 20:20:28 - [MESSAGE][PASSED] - Delayed 1 second(s)

2018-06-09 20:20:28 - [TEST_STEP][PASSED] - Statement - If (java.lang.Integer.valueOf(StockQty) >= java.lang.Integer.valueOf(RequestedQty)): null

2018-06-09 20:20:28 - [TEST_STEP][PASSED] - setText: Text '10' is set on object 'Object Repository/PharmacyRequest/Page_Store/input_txtqty'

2018-06-09 20:20:28 - [MESSAGE][PASSED] - Text '10' is set on object 'Object Repository/PharmacyRequest/Page_Store/input_txtqty'

2018-06-09 20:20:28 - [TEST_STEP][PASSED] - click: Object: 'Object Repository/PharmacyRequest/Page_Store/button_Add' is clicked on

2018-06-09 20:20:28 - [MESSAGE][PASSED] - Object: 'Object Repository/PharmacyRequest/Page_Store/button_Add' is clicked on

2018-06-09 20:20:28 - [TEST_STEP][PASSED] - Statement - Break: null

2018-06-09 20:20:28 - [TEST_STEP][PASSED] - selectOptionByIndex: All options with index in [21] are selected on object 'Object Repository/PharmacyRequest/Page_Store/select_--Select--Amlodepin -5'

2018-06-09 20:20:28 - [MESSAGE][PASSED] - All options with index in [21] are selected on object 'Object Repository/PharmacyRequest/Page_Store/select_--Select--Amlodepin -5'

2018-06-09 20:20:28 - [TEST_STEP][PASSED] - delay: Delayed 1 second(s)

2018-06-09 20:20:29 - [MESSAGE][PASSED] - Delayed 1 second(s)

2018-06-09 20:20:29 - [TEST_STEP][PASSED] - Statement - RequestedQty = com.kms.katalon.core.webui.keyword.WebUiBuiltInKeywords.getAttribute(com.kms.katalon.core.testobject.ObjectRepository.findTestObject(PharmacyRequest/Page_Store/input_txttotal), "value"): Attribute 'value' of object 'Object Repository/PharmacyRequest/Page_Store/input_txttotal' is: '10'

2018-06-09 20:20:29 - [MESSAGE][PASSED] - Attribute 'value' of object 'Object Repository/PharmacyRequest/Page_Store/input_txttotal' is: '10'

2018-06-09 20:20:29 - [TEST_STEP][PASSED] - Statement - out.println("Requested QTY : " + RequestedQty): null

2018-06-09 20:20:29 - [TEST_STEP][PASSED] - Statement - BatchNumber = com.kms.katalon.core.webui.keyword.WebUiBuiltInKeywords.getNumberOfTotalOption(com.kms.katalon.core.testobject.ObjectRepository.findTestObject(PharmacyRequest/Page_Store/select_--Select--BA50)): 2 options of object 'Object Repository/PharmacyRequest/Page_Store/select_--Select--BA50' counted

2018-06-09 20:20:29 - [MESSAGE][PASSED] - 2 options of object 'Object Repository/PharmacyRequest/Page_Store/select_--Select--BA50' counted

2018-06-09 20:20:29 - [TEST_STEP][PASSED] - Statement - For ([g = 1, g <= BatchNumber - 1, (g++)]): null

2018-06-09 20:20:29 - [TEST_STEP][PASSED] - selectOptionByIndex: All options with index in [1] are selected on object 'Object Repository/PharmacyRequest/Page_Store/select_--Select--BA50'

2018-06-09 20:20:30 - [MESSAGE][PASSED] - All options with index in [1] are selected on object 'Object Repository/PharmacyRequest/Page_Store/select_--Select--BA50'

2018-06-09 20:20:30 - [TEST_STEP][PASSED] - delay: Delayed 2 second(s)

2018-06-09 20:20:32 - [MESSAGE][PASSED] - Delayed 2 second(s)

2018-06-09 20:20:32 - [TEST_STEP][PASSED] - Statement - StockQty = com.kms.katalon.core.webui.keyword.WebUiBuiltInKeywords.getAttribute(com.kms.katalon.core.testobject.ObjectRepository.findTestObject(PharmacyRequest/Page_Store/input_txtprice), "value"): Attribute 'value' of object 'Object Repository/PharmacyRequest/Page_Store/input_txtprice' is: '1990'

2018-06-09 20:20:32 - [MESSAGE][PASSED] - Attribute 'value' of object 'Object Repository/PharmacyRequest/Page_Store/input_txtprice' is: '1990'

2018-06-09 20:20:32 - [TEST_STEP][PASSED] - Statement - out.println("Stock QTY : " + StockQty): null

2018-06-09 20:20:32 - [TEST_STEP][PASSED] - delay: Delayed 1 second(s)

2018-06-09 20:20:33 - [MESSAGE][PASSED] - Delayed 1 second(s)

2018-06-09 20:20:33 - [TEST_STEP][PASSED] - Statement - If (java.lang.Integer.valueOf(StockQty) >= java.lang.Integer.valueOf(RequestedQty)): null

2018-06-09 20:20:33 - [TEST_STEP][PASSED] - setText: Text '10' is set on object 'Object Repository/PharmacyRequest/Page_Store/input_txtqty'

2018-06-09 20:20:33 - [MESSAGE][PASSED] - Text '10' is set on object 'Object Repository/PharmacyRequest/Page_Store/input_txtqty'

2018-06-09 20:20:33 - [TEST_STEP][PASSED] - click: Object: 'Object Repository/PharmacyRequest/Page_Store/button_Add' is clicked on

2018-06-09 20:20:33 - [MESSAGE][PASSED] - Object: 'Object Repository/PharmacyRequest/Page_Store/button_Add' is clicked on

2018-06-09 20:20:33 - [TEST_STEP][PASSED] - Statement - Break: null

2018-06-09 20:20:33 - [TEST_STEP][PASSED] - selectOptionByIndex: All options with index in [22] are selected on object 'Object Repository/PharmacyRequest/Page_Store/select_--Select--Amlodepin -5'

2018-06-09 20:20:33 - [MESSAGE][PASSED] - All options with index in [22] are selected on object 'Object Repository/PharmacyRequest/Page_Store/select_--Select--Amlodepin -5'

2018-06-09 20:20:33 - [TEST_STEP][PASSED] - delay: Delayed 1 second(s)

2018-06-09 20:20:34 - [MESSAGE][PASSED] - Delayed 1 second(s)

2018-06-09 20:20:34 - [TEST_STEP][PASSED] - Statement - RequestedQty = com.kms.katalon.core.webui.keyword.WebUiBuiltInKeywords.getAttribute(com.kms.katalon.core.testobject.ObjectRepository.findTestObject(PharmacyRequest/Page_Store/input_txttotal), "value"): Attribute 'value' of object 'Object Repository/PharmacyRequest/Page_Store/input_txttotal' is: '10'

2018-06-09 20:20:34 - [MESSAGE][PASSED] - Attribute 'value' of object 'Object Repository/PharmacyRequest/Page_Store/input_txttotal' is: '10'

2018-06-09 20:20:34 - [TEST_STEP][PASSED] - Statement - out.println("Requested QTY : " + RequestedQty): null

2018-06-09 20:20:34 - [TEST_STEP][PASSED] - Statement - BatchNumber = com.kms.katalon.core.webui.keyword.WebUiBuiltInKeywords.getNumberOfTotalOption(com.kms.katalon.core.testobject.ObjectRepository.findTestObject(PharmacyRequest/Page_Store/select_--Select--BA50)): 5 options of object 'Object Repository/PharmacyRequest/Page_Store/select_--Select--BA50' counted

2018-06-09 20:20:34 - [MESSAGE][PASSED] - 5 options of object 'Object Repository/PharmacyRequest/Page_Store/select_--Select--BA50' counted

2018-06-09 20:20:34 - [TEST_STEP][PASSED] - Statement - For ([g = 1, g <= BatchNumber - 1, (g++)]): null

2018-06-09 20:20:34 - [TEST_STEP][PASSED] - selectOptionByIndex: All options with index in [1] are selected on object 'Object Repository/PharmacyRequest/Page_Store/select_--Select--BA50'

2018-06-09 20:20:34 - [MESSAGE][PASSED] - All options with index in [1] are selected on object 'Object Repository/PharmacyRequest/Page_Store/select_--Select--BA50'

2018-06-09 20:20:34 - [TEST_STEP][PASSED] - delay: Delayed 2 second(s)

2018-06-09 20:20:36 - [MESSAGE][PASSED] - Delayed 2 second(s)

2018-06-09 20:20:36 - [TEST_STEP][PASSED] - Statement - StockQty = com.kms.katalon.core.webui.keyword.WebUiBuiltInKeywords.getAttribute(com.kms.katalon.core.testobject.ObjectRepository.findTestObject(PharmacyRequest/Page_Store/input_txtprice), "value"): Attribute 'value' of object 'Object Repository/PharmacyRequest/Page_Store/input_txtprice' is: '260'

2018-06-09 20:20:36 - [MESSAGE][PASSED] - Attribute 'value' of object 'Object Repository/PharmacyRequest/Page_Store/input_txtprice' is: '260'

2018-06-09 20:20:36 - [TEST_STEP][PASSED] - Statement - out.println("Stock QTY : " + StockQty): null

2018-06-09 20:20:36 - [TEST_STEP][PASSED] - delay: Delayed 1 second(s)

2018-06-09 20:20:37 - [MESSAGE][PASSED] - Delayed 1 second(s)

2018-06-09 20:20:37 - [TEST_STEP][PASSED] - Statement - If (java.lang.Integer.valueOf(StockQty) >= java.lang.Integer.valueOf(RequestedQty)): null

2018-06-09 20:20:37 - [TEST_STEP][PASSED] - setText: Text '10' is set on object 'Object Repository/PharmacyRequest/Page_Store/input_txtqty'

2018-06-09 20:20:37 - [MESSAGE][PASSED] - Text '10' is set on object 'Object Repository/PharmacyRequest/Page_Store/input_txtqty'

2018-06-09 20:20:37 - [TEST_STEP][PASSED] - click: Object: 'Object Repository/PharmacyRequest/Page_Store/button_Add' is clicked on

2018-06-09 20:20:38 - [MESSAGE][PASSED] - Object: 'Object Repository/PharmacyRequest/Page_Store/button_Add' is clicked on

2018-06-09 20:20:38 - [TEST_STEP][PASSED] - Statement - Break: null

2018-06-09 20:20:38 - [TEST_STEP][PASSED] - selectOptionByIndex: All options with index in [23] are selected on object 'Object Repository/PharmacyRequest/Page_Store/select_--Select--Amlodepin -5'

2018-06-09 20:20:38 - [MESSAGE][PASSED] - All options with index in [23] are selected on object 'Object Repository/PharmacyRequest/Page_Store/select_--Select--Amlodepin -5'

2018-06-09 20:20:38 - [TEST_STEP][PASSED] - delay: Delayed 1 second(s)

2018-06-09 20:20:39 - [MESSAGE][PASSED] - Delayed 1 second(s)

2018-06-09 20:20:39 - [TEST_STEP][PASSED] - Statement - RequestedQty = com.kms.katalon.core.webui.keyword.WebUiBuiltInKeywords.getAttribute(com.kms.katalon.core.testobject.ObjectRepository.findTestObject(PharmacyRequest/Page_Store/input_txttotal), "value"): Attribute 'value' of object 'Object Repository/PharmacyRequest/Page_Store/input_txttotal' is: '10'

2018-06-09 20:20:39 - [MESSAGE][PASSED] - Attribute 'value' of object 'Object Repository/PharmacyRequest/Page_Store/input_txttotal' is: '10'

2018-06-09 20:20:39 - [TEST_STEP][PASSED] - Statement - out.println("Requested QTY : " + RequestedQty): null

2018-06-09 20:20:39 - [TEST_STEP][PASSED] - Statement - BatchNumber = com.kms.katalon.core.webui.keyword.WebUiBuiltInKeywords.getNumberOfTotalOption(com.kms.katalon.core.testobject.ObjectRepository.findTestObject(PharmacyRequest/Page_Store/select_--Select--BA50)): 3 options of object 'Object Repository/PharmacyRequest/Page_Store/select_--Select--BA50' counted

2018-06-09 20:20:39 - [MESSAGE][PASSED] - 3 options of object 'Object Repository/PharmacyRequest/Page_Store/select_--Select--BA50' counted

2018-06-09 20:20:39 - [TEST_STEP][PASSED] - Statement - For ([g = 1, g <= BatchNumber - 1, (g++)]): null

2018-06-09 20:20:39 - [TEST_STEP][PASSED] - selectOptionByIndex: All options with index in [1] are selected on object 'Object Repository/PharmacyRequest/Page_Store/select_--Select--BA50'

2018-06-09 20:20:39 - [MESSAGE][PASSED] - All options with index in [1] are selected on object 'Object Repository/PharmacyRequest/Page_Store/select_--Select--BA50'

2018-06-09 20:20:39 - [TEST_STEP][PASSED] - delay: Delayed 2 second(s)

2018-06-09 20:20:41 - [MESSAGE][PASSED] - Delayed 2 second(s)

2018-06-09 20:20:41 - [TEST_STEP][PASSED] - Statement - StockQty = com.kms.katalon.core.webui.keyword.WebUiBuiltInKeywords.getAttribute(com.kms.katalon.core.testobject.ObjectRepository.findTestObject(PharmacyRequest/Page_Store/input_txtprice), "value"): Attribute 'value' of object 'Object Repository/PharmacyRequest/Page_Store/input_txtprice' is: '1790'

2018-06-09 20:20:41 - [MESSAGE][PASSED] - Attribute 'value' of object 'Object Repository/PharmacyRequest/Page_Store/input_txtprice' is: '1790'

2018-06-09 20:20:41 - [TEST_STEP][PASSED] - Statement - out.println("Stock QTY : " + StockQty): null

2018-06-09 20:20:41 - [TEST_STEP][PASSED] - delay: Delayed 1 second(s)

2018-06-09 20:20:42 - [MESSAGE][PASSED] - Delayed 1 second(s)

2018-06-09 20:20:42 - [TEST_STEP][PASSED] - Statement - If (java.lang.Integer.valueOf(StockQty) >= java.lang.Integer.valueOf(RequestedQty)): null

2018-06-09 20:20:42 - [TEST_STEP][PASSED] - setText: Text '10' is set on object 'Object Repository/PharmacyRequest/Page_Store/input_txtqty'

2018-06-09 20:20:42 - [MESSAGE][PASSED] - Text '10' is set on object 'Object Repository/PharmacyRequest/Page_Store/input_txtqty'

2018-06-09 20:20:42 - [TEST_STEP][PASSED] - click: Object: 'Object Repository/PharmacyRequest/Page_Store/button_Add' is clicked on

2018-06-09 20:20:42 - [MESSAGE][PASSED] - Object: 'Object Repository/PharmacyRequest/Page_Store/button_Add' is clicked on

2018-06-09 20:20:42 - [TEST_STEP][PASSED] - Statement - Break: null

2018-06-09 20:20:42 - [TEST_STEP][PASSED] - selectOptionByIndex: All options with index in [24] are selected on object 'Object Repository/PharmacyRequest/Page_Store/select_--Select--Amlodepin -5'

2018-06-09 20:20:43 - [MESSAGE][PASSED] - All options with index in [24] are selected on object 'Object Repository/PharmacyRequest/Page_Store/select_--Select--Amlodepin -5'

2018-06-09 20:20:43 - [TEST_STEP][PASSED] - delay: Delayed 1 second(s)

2018-06-09 20:20:44 - [MESSAGE][PASSED] - Delayed 1 second(s)

2018-06-09 20:20:44 - [TEST_STEP][PASSED] - Statement - RequestedQty = com.kms.katalon.core.webui.keyword.WebUiBuiltInKeywords.getAttribute(com.kms.katalon.core.testobject.ObjectRepository.findTestObject(PharmacyRequest/Page_Store/input_txttotal), "value"): Attribute 'value' of object 'Object Repository/PharmacyRequest/Page_Store/input_txttotal' is: '10'

2018-06-09 20:20:44 - [MESSAGE][PASSED] - Attribute 'value' of object 'Object Repository/PharmacyRequest/Page_Store/input_txttotal' is: '10'

2018-06-09 20:20:44 - [TEST_STEP][PASSED] - Statement - out.println("Requested QTY : " + RequestedQty): null

2018-06-09 20:20:44 - [TEST_STEP][PASSED] - Statement - BatchNumber = com.kms.katalon.core.webui.keyword.WebUiBuiltInKeywords.getNumberOfTotalOption(com.kms.katalon.core.testobject.ObjectRepository.findTestObject(PharmacyRequest/Page_Store/select_--Select--BA50)): 5 options of object 'Object Repository/PharmacyRequest/Page_Store/select_--Select--BA50' counted

2018-06-09 20:20:44 - [MESSAGE][PASSED] - 5 options of object 'Object Repository/PharmacyRequest/Page_Store/select_--Select--BA50' counted

2018-06-09 20:20:44 - [TEST_STEP][PASSED] - Statement - For ([g = 1, g <= BatchNumber - 1, (g++)]): null

2018-06-09 20:20:44 - [TEST_STEP][PASSED] - selectOptionByIndex: All options with index in [1] are selected on object 'Object Repository/PharmacyRequest/Page_Store/select_--Select--BA50'

2018-06-09 20:20:44 - [MESSAGE][PASSED] - All options with index in [1] are selected on object 'Object Repository/PharmacyRequest/Page_Store/select_--Select--BA50'

2018-06-09 20:20:44 - [TEST_STEP][PASSED] - delay: Delayed 2 second(s)

2018-06-09 20:20:46 - [MESSAGE][PASSED] - Delayed 2 second(s)

2018-06-09 20:20:46 - [TEST_STEP][PASSED] - Statement - StockQty = com.kms.katalon.core.webui.keyword.WebUiBuiltInKeywords.getAttribute(com.kms.katalon.core.testobject.ObjectRepository.findTestObject(PharmacyRequest/Page_Store/input_txtprice), "value"): Attribute 'value' of object 'Object Repository/PharmacyRequest/Page_Store/input_txtprice' is: '260'

2018-06-09 20:20:46 - [MESSAGE][PASSED] - Attribute 'value' of object 'Object Repository/PharmacyRequest/Page_Store/input_txtprice' is: '260'

2018-06-09 20:20:46 - [TEST_STEP][PASSED] - Statement - out.println("Stock QTY : " + StockQty): null

2018-06-09 20:20:46 - [TEST_STEP][PASSED] - delay: Delayed 1 second(s)

2018-06-09 20:20:47 - [MESSAGE][PASSED] - Delayed 1 second(s)

2018-06-09 20:20:47 - [TEST_STEP][PASSED] - Statement - If (java.lang.Integer.valueOf(StockQty) >= java.lang.Integer.valueOf(RequestedQty)): null

2018-06-09 20:20:47 - [TEST_STEP][PASSED] - setText: Text '10' is set on object 'Object Repository/PharmacyRequest/Page_Store/input_txtqty'

2018-06-09 20:20:47 - [MESSAGE][PASSED] - Text '10' is set on object 'Object Repository/PharmacyRequest/Page_Store/input_txtqty'

2018-06-09 20:20:47 - [TEST_STEP][PASSED] - click: Object: 'Object Repository/PharmacyRequest/Page_Store/button_Add' is clicked on

2018-06-09 20:20:47 - [MESSAGE][PASSED] - Object: 'Object Repository/PharmacyRequest/Page_Store/button_Add' is clicked on

2018-06-09 20:20:47 - [TEST_STEP][PASSED] - Statement - Break: null

2018-06-09 20:20:47 - [TEST_STEP][PASSED] - selectOptionByIndex: All options with index in [25] are selected on object 'Object Repository/PharmacyRequest/Page_Store/select_--Select--Amlodepin -5'

2018-06-09 20:20:47 - [MESSAGE][PASSED] - All options with index in [25] are selected on object 'Object Repository/PharmacyRequest/Page_Store/select_--Select--Amlodepin -5'

2018-06-09 20:20:47 - [TEST_STEP][PASSED] - delay: Delayed 1 second(s)

2018-06-09 20:20:48 - [MESSAGE][PASSED] - Delayed 1 second(s)

2018-06-09 20:20:48 - [TEST_STEP][PASSED] - Statement - RequestedQty = com.kms.katalon.core.webui.keyword.WebUiBuiltInKeywords.getAttribute(com.kms.katalon.core.testobject.ObjectRepository.findTestObject(PharmacyRequest/Page_Store/input_txttotal), "value"): Attribute 'value' of object 'Object Repository/PharmacyRequest/Page_Store/input_txttotal' is: '10'

2018-06-09 20:20:48 - [MESSAGE][PASSED] - Attribute 'value' of object 'Object Repository/PharmacyRequest/Page_Store/input_txttotal' is: '10'

2018-06-09 20:20:48 - [TEST_STEP][PASSED] - Statement - out.println("Requested QTY : " + RequestedQty): null

2018-06-09 20:20:48 - [TEST_STEP][PASSED] - Statement - BatchNumber = com.kms.katalon.core.webui.keyword.WebUiBuiltInKeywords.getNumberOfTotalOption(com.kms.katalon.core.testobject.ObjectRepository.findTestObject(PharmacyRequest/Page_Store/select_--Select--BA50)): 3 options of object 'Object Repository/PharmacyRequest/Page_Store/select_--Select--BA50' counted

2018-06-09 20:20:48 - [MESSAGE][PASSED] - 3 options of object 'Object Repository/PharmacyRequest/Page_Store/select_--Select--BA50' counted

2018-06-09 20:20:48 - [TEST_STEP][PASSED] - Statement - For ([g = 1, g <= BatchNumber - 1, (g++)]): null

2018-06-09 20:20:48 - [TEST_STEP][PASSED] - selectOptionByIndex: All options with index in [1] are selected on object 'Object Repository/PharmacyRequest/Page_Store/select_--Select--BA50'

2018-06-09 20:20:49 - [MESSAGE][PASSED] - All options with index in [1] are selected on object 'Object Repository/PharmacyRequest/Page_Store/select_--Select--BA50'

2018-06-09 20:20:49 - [TEST_STEP][PASSED] - delay: Delayed 2 second(s)

2018-06-09 20:20:51 - [MESSAGE][PASSED] - Delayed 2 second(s)

2018-06-09 20:20:51 - [TEST_STEP][PASSED] - Statement - StockQty = com.kms.katalon.core.webui.keyword.WebUiBuiltInKeywords.getAttribute(com.kms.katalon.core.testobject.ObjectRepository.findTestObject(PharmacyRequest/Page_Store/input_txtprice), "value"): Attribute 'value' of object 'Object Repository/PharmacyRequest/Page_Store/input_txtprice' is: '1790'

2018-06-09 20:20:51 - [MESSAGE][PASSED] - Attribute 'value' of object 'Object Repository/PharmacyRequest/Page_Store/input_txtprice' is: '1790'

2018-06-09 20:20:51 - [TEST_STEP][PASSED] - Statement - out.println("Stock QTY : " + StockQty): null

2018-06-09 20:20:51 - [TEST_STEP][PASSED] - delay: Delayed 1 second(s)

2018-06-09 20:20:52 - [MESSAGE][PASSED] - Delayed 1 second(s)

2018-06-09 20:20:52 - [TEST_STEP][PASSED] - Statement - If (java.lang.Integer.valueOf(StockQty) >= java.lang.Integer.valueOf(RequestedQty)): null

2018-06-09 20:20:52 - [TEST_STEP][PASSED] - setText: Text '10' is set on object 'Object Repository/PharmacyRequest/Page_Store/input_txtqty'

2018-06-09 20:20:52 - [MESSAGE][PASSED] - Text '10' is set on object 'Object Repository/PharmacyRequest/Page_Store/input_txtqty'

2018-06-09 20:20:52 - [TEST_STEP][PASSED] - click: Object: 'Object Repository/PharmacyRequest/Page_Store/button_Add' is clicked on

2018-06-09 20:20:52 - [MESSAGE][PASSED] - Object: 'Object Repository/PharmacyRequest/Page_Store/button_Add' is clicked on

2018-06-09 20:20:52 - [TEST_STEP][PASSED] - Statement - Break: null

2018-06-09 20:20:52 - [TEST_STEP][PASSED] - selectOptionByIndex: All options with index in [26] are selected on object 'Object Repository/PharmacyRequest/Page_Store/select_--Select--Amlodepin -5'

2018-06-09 20:20:52 - [MESSAGE][PASSED] - All options with index in [26] are selected on object 'Object Repository/PharmacyRequest/Page_Store/select_--Select--Amlodepin -5'

2018-06-09 20:20:52 - [TEST_STEP][PASSED] - delay: Delayed 1 second(s)

2018-06-09 20:20:53 - [MESSAGE][PASSED] - Delayed 1 second(s)

2018-06-09 20:20:53 - [TEST_STEP][PASSED] - Statement - RequestedQty = com.kms.katalon.core.webui.keyword.WebUiBuiltInKeywords.getAttribute(com.kms.katalon.core.testobject.ObjectRepository.findTestObject(PharmacyRequest/Page_Store/input_txttotal), "value"): Attribute 'value' of object 'Object Repository/PharmacyRequest/Page_Store/input_txttotal' is: '10'

2018-06-09 20:20:53 - [MESSAGE][PASSED] - Attribute 'value' of object 'Object Repository/PharmacyRequest/Page_Store/input_txttotal' is: '10'

2018-06-09 20:20:53 - [TEST_STEP][PASSED] - Statement - out.println("Requested QTY : " + RequestedQty): null

2018-06-09 20:20:53 - [TEST_STEP][PASSED] - Statement - BatchNumber = com.kms.katalon.core.webui.keyword.WebUiBuiltInKeywords.getNumberOfTotalOption(com.kms.katalon.core.testobject.ObjectRepository.findTestObject(PharmacyRequest/Page_Store/select_--Select--BA50)): 4 options of object 'Object Repository/PharmacyRequest/Page_Store/select_--Select--BA50' counted

2018-06-09 20:20:53 - [MESSAGE][PASSED] - 4 options of object 'Object Repository/PharmacyRequest/Page_Store/select_--Select--BA50' counted

2018-06-09 20:20:53 - [TEST_STEP][PASSED] - Statement - For ([g = 1, g <= BatchNumber - 1, (g++)]): null

2018-06-09 20:20:53 - [TEST_STEP][PASSED] - selectOptionByIndex: All options with index in [1] are selected on object 'Object Repository/PharmacyRequest/Page_Store/select_--Select--BA50'

2018-06-09 20:20:53 - [MESSAGE][PASSED] - All options with index in [1] are selected on object 'Object Repository/PharmacyRequest/Page_Store/select_--Select--BA50'

2018-06-09 20:20:53 - [TEST_STEP][PASSED] - delay: Delayed 2 second(s)

2018-06-09 20:20:55 - [MESSAGE][PASSED] - Delayed 2 second(s)

2018-06-09 20:20:55 - [TEST_STEP][PASSED] - Statement - StockQty = com.kms.katalon.core.webui.keyword.WebUiBuiltInKeywords.getAttribute(com.kms.katalon.core.testobject.ObjectRepository.findTestObject(PharmacyRequest/Page_Store/input_txtprice), "value"): Attribute 'value' of object 'Object Repository/PharmacyRequest/Page_Store/input_txtprice' is: '460'

2018-06-09 20:20:55 - [MESSAGE][PASSED] - Attribute 'value' of object 'Object Repository/PharmacyRequest/Page_Store/input_txtprice' is: '460'

2018-06-09 20:20:55 - [TEST_STEP][PASSED] - Statement - out.println("Stock QTY : " + StockQty): null

2018-06-09 20:20:55 - [TEST_STEP][PASSED] - delay: Delayed 1 second(s)

2018-06-09 20:20:56 - [MESSAGE][PASSED] - Delayed 1 second(s)

2018-06-09 20:20:56 - [TEST_STEP][PASSED] - Statement - If (java.lang.Integer.valueOf(StockQty) >= java.lang.Integer.valueOf(RequestedQty)): null

2018-06-09 20:20:56 - [TEST_STEP][PASSED] - setText: Text '10' is set on object 'Object Repository/PharmacyRequest/Page_Store/input_txtqty'

2018-06-09 20:20:57 - [MESSAGE][PASSED] - Text '10' is set on object 'Object Repository/PharmacyRequest/Page_Store/input_txtqty'

2018-06-09 20:20:57 - [TEST_STEP][PASSED] - click: Object: 'Object Repository/PharmacyRequest/Page_Store/button_Add' is clicked on

2018-06-09 20:20:57 - [MESSAGE][PASSED] - Object: 'Object Repository/PharmacyRequest/Page_Store/button_Add' is clicked on

2018-06-09 20:20:57 - [TEST_STEP][PASSED] - Statement - Break: null

2018-06-09 20:20:57 - [TEST_STEP][PASSED] - selectOptionByIndex: All options with index in [27] are selected on object 'Object Repository/PharmacyRequest/Page_Store/select_--Select--Amlodepin -5'

2018-06-09 20:20:57 - [MESSAGE][PASSED] - All options with index in [27] are selected on object 'Object Repository/PharmacyRequest/Page_Store/select_--Select--Amlodepin -5'

2018-06-09 20:20:57 - [TEST_STEP][PASSED] - delay: Delayed 1 second(s)

2018-06-09 20:20:58 - [MESSAGE][PASSED] - Delayed 1 second(s)

2018-06-09 20:20:58 - [TEST_STEP][PASSED] - Statement - RequestedQty = com.kms.katalon.core.webui.keyword.WebUiBuiltInKeywords.getAttribute(com.kms.katalon.core.testobject.ObjectRepository.findTestObject(PharmacyRequest/Page_Store/input_txttotal), "value"): Attribute 'value' of object 'Object Repository/PharmacyRequest/Page_Store/input_txttotal' is: '10'

2018-06-09 20:20:58 - [MESSAGE][PASSED] - Attribute 'value' of object 'Object Repository/PharmacyRequest/Page_Store/input_txttotal' is: '10'

2018-06-09 20:20:58 - [TEST_STEP][PASSED] - Statement - out.println("Requested QTY : " + RequestedQty): null

2018-06-09 20:20:58 - [TEST_STEP][PASSED] - Statement - BatchNumber = com.kms.katalon.core.webui.keyword.WebUiBuiltInKeywords.getNumberOfTotalOption(com.kms.katalon.core.testobject.ObjectRepository.findTestObject(PharmacyRequest/Page_Store/select_--Select--BA50)): 5 options of object 'Object Repository/PharmacyRequest/Page_Store/select_--Select--BA50' counted

2018-06-09 20:20:58 - [MESSAGE][PASSED] - 5 options of object 'Object Repository/PharmacyRequest/Page_Store/select_--Select--BA50' counted

2018-06-09 20:20:58 - [TEST_STEP][PASSED] - Statement - For ([g = 1, g <= BatchNumber - 1, (g++)]): null

2018-06-09 20:20:58 - [TEST_STEP][PASSED] - selectOptionByIndex: All options with index in [1] are selected on object 'Object Repository/PharmacyRequest/Page_Store/select_--Select--BA50'

2018-06-09 20:20:58 - [MESSAGE][PASSED] - All options with index in [1] are selected on object 'Object Repository/PharmacyRequest/Page_Store/select_--Select--BA50'

2018-06-09 20:20:58 - [TEST_STEP][PASSED] - delay: Delayed 2 second(s)

2018-06-09 20:21:00 - [MESSAGE][PASSED] - Delayed 2 second(s)

2018-06-09 20:21:00 - [TEST_STEP][PASSED] - Statement - StockQty = com.kms.katalon.core.webui.keyword.WebUiBuiltInKeywords.getAttribute(com.kms.katalon.core.testobject.ObjectRepository.findTestObject(PharmacyRequest/Page_Store/input_txtprice), "value"): Attribute 'value' of object 'Object Repository/PharmacyRequest/Page_Store/input_txtprice' is: '460'

2018-06-09 20:21:00 - [MESSAGE][PASSED] - Attribute 'value' of object 'Object Repository/PharmacyRequest/Page_Store/input_txtprice' is: '460'

2018-06-09 20:21:00 - [TEST_STEP][PASSED] - Statement - out.println("Stock QTY : " + StockQty): null

2018-06-09 20:21:00 - [TEST_STEP][PASSED] - delay: Delayed 1 second(s)

2018-06-09 20:21:01 - [MESSAGE][PASSED] - Delayed 1 second(s)

2018-06-09 20:21:01 - [TEST_STEP][PASSED] - Statement - If (java.lang.Integer.valueOf(StockQty) >= java.lang.Integer.valueOf(RequestedQty)): null

2018-06-09 20:21:01 - [TEST_STEP][PASSED] - setText: Text '10' is set on object 'Object Repository/PharmacyRequest/Page_Store/input_txtqty'

2018-06-09 20:21:01 - [MESSAGE][PASSED] - Text '10' is set on object 'Object Repository/PharmacyRequest/Page_Store/input_txtqty'

2018-06-09 20:21:01 - [TEST_STEP][PASSED] - click: Object: 'Object Repository/PharmacyRequest/Page_Store/button_Add' is clicked on

2018-06-09 20:21:01 - [MESSAGE][PASSED] - Object: 'Object Repository/PharmacyRequest/Page_Store/button_Add' is clicked on

2018-06-09 20:21:01 - [TEST_STEP][PASSED] - Statement - Break: null

2018-06-09 20:21:01 - [TEST_STEP][PASSED] - selectOptionByIndex: All options with index in [28] are selected on object 'Object Repository/PharmacyRequest/Page_Store/select_--Select--Amlodepin -5'

2018-06-09 20:21:02 - [MESSAGE][PASSED] - All options with index in [28] are selected on object 'Object Repository/PharmacyRequest/Page_Store/select_--Select--Amlodepin -5'

2018-06-09 20:21:02 - [TEST_STEP][PASSED] - delay: Delayed 1 second(s)

2018-06-09 20:21:03 - [MESSAGE][PASSED] - Delayed 1 second(s)

2018-06-09 20:21:03 - [TEST_STEP][PASSED] - Statement - RequestedQty = com.kms.katalon.core.webui.keyword.WebUiBuiltInKeywords.getAttribute(com.kms.katalon.core.testobject.ObjectRepository.findTestObject(PharmacyRequest/Page_Store/input_txttotal), "value"): Attribute 'value' of object 'Object Repository/PharmacyRequest/Page_Store/input_txttotal' is: '10'

2018-06-09 20:21:03 - [MESSAGE][PASSED] - Attribute 'value' of object 'Object Repository/PharmacyRequest/Page_Store/input_txttotal' is: '10'

2018-06-09 20:21:03 - [TEST_STEP][PASSED] - Statement - out.println("Requested QTY : " + RequestedQty): null

2018-06-09 20:21:03 - [TEST_STEP][PASSED] - Statement - BatchNumber = com.kms.katalon.core.webui.keyword.WebUiBuiltInKeywords.getNumberOfTotalOption(com.kms.katalon.core.testobject.ObjectRepository.findTestObject(PharmacyRequest/Page_Store/select_--Select--BA50)): 4 options of object 'Object Repository/PharmacyRequest/Page_Store/select_--Select--BA50' counted

2018-06-09 20:21:03 - [MESSAGE][PASSED] - 4 options of object 'Object Repository/PharmacyRequest/Page_Store/select_--Select--BA50' counted

2018-06-09 20:21:03 - [TEST_STEP][PASSED] - Statement - For ([g = 1, g <= BatchNumber - 1, (g++)]): null

2018-06-09 20:21:03 - [TEST_STEP][PASSED] - selectOptionByIndex: All options with index in [1] are selected on object 'Object Repository/PharmacyRequest/Page_Store/select_--Select--BA50'

2018-06-09 20:21:03 - [MESSAGE][PASSED] - All options with index in [1] are selected on object 'Object Repository/PharmacyRequest/Page_Store/select_--Select--BA50'

2018-06-09 20:21:03 - [TEST_STEP][PASSED] - delay: Delayed 2 second(s)

2018-06-09 20:21:05 - [MESSAGE][PASSED] - Delayed 2 second(s)

2018-06-09 20:21:05 - [TEST_STEP][PASSED] - Statement - StockQty = com.kms.katalon.core.webui.keyword.WebUiBuiltInKeywords.getAttribute(com.kms.katalon.core.testobject.ObjectRepository.findTestObject(PharmacyRequest/Page_Store/input_txtprice), "value"): Attribute 'value' of object 'Object Repository/PharmacyRequest/Page_Store/input_txtprice' is: '830'

2018-06-09 20:21:05 - [MESSAGE][PASSED] - Attribute 'value' of object 'Object Repository/PharmacyRequest/Page_Store/input_txtprice' is: '830'

2018-06-09 20:21:05 - [TEST_STEP][PASSED] - Statement - out.println("Stock QTY : " + StockQty): null

2018-06-09 20:21:05 - [TEST_STEP][PASSED] - delay: Delayed 1 second(s)

2018-06-09 20:21:06 - [MESSAGE][PASSED] - Delayed 1 second(s)

2018-06-09 20:21:06 - [TEST_STEP][PASSED] - Statement - If (java.lang.Integer.valueOf(StockQty) >= java.lang.Integer.valueOf(RequestedQty)): null

2018-06-09 20:21:06 - [TEST_STEP][PASSED] - setText: Text '10' is set on object 'Object Repository/PharmacyRequest/Page_Store/input_txtqty'

2018-06-09 20:21:06 - [MESSAGE][PASSED] - Text '10' is set on object 'Object Repository/PharmacyRequest/Page_Store/input_txtqty'

2018-06-09 20:21:06 - [TEST_STEP][PASSED] - click: Object: 'Object Repository/PharmacyRequest/Page_Store/button_Add' is clicked on

2018-06-09 20:21:06 - [MESSAGE][PASSED] - Object: 'Object Repository/PharmacyRequest/Page_Store/button_Add' is clicked on

2018-06-09 20:21:06 - [TEST_STEP][PASSED] - Statement - Break: null

2018-06-09 20:21:06 - [TEST_STEP][PASSED] - selectOptionByIndex: All options with index in [29] are selected on object 'Object Repository/PharmacyRequest/Page_Store/select_--Select--Amlodepin -5'

2018-06-09 20:21:07 - [MESSAGE][PASSED] - All options with index in [29] are selected on object 'Object Repository/PharmacyRequest/Page_Store/select_--Select--Amlodepin -5'

2018-06-09 20:21:07 - [TEST_STEP][PASSED] - delay: Delayed 1 second(s)

2018-06-09 20:21:08 - [MESSAGE][PASSED] - Delayed 1 second(s)

2018-06-09 20:21:08 - [TEST_STEP][PASSED] - Statement - RequestedQty = com.kms.katalon.core.webui.keyword.WebUiBuiltInKeywords.getAttribute(com.kms.katalon.core.testobject.ObjectRepository.findTestObject(PharmacyRequest/Page_Store/input_txttotal), "value"): Attribute 'value' of object 'Object Repository/PharmacyRequest/Page_Store/input_txttotal' is: '10'

2018-06-09 20:21:08 - [MESSAGE][PASSED] - Attribute 'value' of object 'Object Repository/PharmacyRequest/Page_Store/input_txttotal' is: '10'

2018-06-09 20:21:08 - [TEST_STEP][PASSED] - Statement - out.println("Requested QTY : " + RequestedQty): null

2018-06-09 20:21:08 - [TEST_STEP][PASSED] - Statement - BatchNumber = com.kms.katalon.core.webui.keyword.WebUiBuiltInKeywords.getNumberOfTotalOption(com.kms.katalon.core.testobject.ObjectRepository.findTestObject(PharmacyRequest/Page_Store/select_--Select--BA50)): 3 options of object 'Object Repository/PharmacyRequest/Page_Store/select_--Select--BA50' counted

2018-06-09 20:21:08 - [MESSAGE][PASSED] - 3 options of object 'Object Repository/PharmacyRequest/Page_Store/select_--Select--BA50' counted

2018-06-09 20:21:08 - [TEST_STEP][PASSED] - Statement - For ([g = 1, g <= BatchNumber - 1, (g++)]): null

2018-06-09 20:21:08 - [TEST_STEP][PASSED] - selectOptionByIndex: All options with index in [1] are selected on object 'Object Repository/PharmacyRequest/Page_Store/select_--Select--BA50'

2018-06-09 20:21:08 - [MESSAGE][PASSED] - All options with index in [1] are selected on object 'Object Repository/PharmacyRequest/Page_Store/select_--Select--BA50'

2018-06-09 20:21:08 - [TEST_STEP][PASSED] - delay: Delayed 2 second(s)

2018-06-09 20:21:10 - [MESSAGE][PASSED] - Delayed 2 second(s)

2018-06-09 20:21:10 - [TEST_STEP][PASSED] - Statement - StockQty = com.kms.katalon.core.webui.keyword.WebUiBuiltInKeywords.getAttribute(com.kms.katalon.core.testobject.ObjectRepository.findTestObject(PharmacyRequest/Page_Store/input_txtprice), "value"): Attribute 'value' of object 'Object Repository/PharmacyRequest/Page_Store/input_txtprice' is: '530'

2018-06-09 20:21:10 - [MESSAGE][PASSED] - Attribute 'value' of object 'Object Repository/PharmacyRequest/Page_Store/input_txtprice' is: '530'

2018-06-09 20:21:10 - [TEST_STEP][PASSED] - Statement - out.println("Stock QTY : " + StockQty): null

2018-06-09 20:21:10 - [TEST_STEP][PASSED] - delay: Delayed 1 second(s)

2018-06-09 20:21:11 - [MESSAGE][PASSED] - Delayed 1 second(s)

2018-06-09 20:21:11 - [TEST_STEP][PASSED] - Statement - If (java.lang.Integer.valueOf(StockQty) >= java.lang.Integer.valueOf(RequestedQty)): null

2018-06-09 20:21:11 - [TEST_STEP][PASSED] - setText: Text '10' is set on object 'Object Repository/PharmacyRequest/Page_Store/input_txtqty'

2018-06-09 20:21:11 - [MESSAGE][PASSED] - Text '10' is set on object 'Object Repository/PharmacyRequest/Page_Store/input_txtqty'

2018-06-09 20:21:11 - [TEST_STEP][PASSED] - click: Object: 'Object Repository/PharmacyRequest/Page_Store/button_Add' is clicked on

2018-06-09 20:21:11 - [MESSAGE][PASSED] - Object: 'Object Repository/PharmacyRequest/Page_Store/button_Add' is clicked on

2018-06-09 20:21:11 - [TEST_STEP][PASSED] - Statement - Break: null

2018-06-09 20:21:11 - [TEST_STEP][PASSED] - selectOptionByIndex: All options with index in [30] are selected on object 'Object Repository/PharmacyRequest/Page_Store/select_--Select--Amlodepin -5'

2018-06-09 20:21:11 - [MESSAGE][PASSED] - All options with index in [30] are selected on object 'Object Repository/PharmacyRequest/Page_Store/select_--Select--Amlodepin -5'

2018-06-09 20:21:11 - [TEST_STEP][PASSED] - delay: Delayed 1 second(s)

2018-06-09 20:21:12 - [MESSAGE][PASSED] - Delayed 1 second(s)

2018-06-09 20:21:12 - [TEST_STEP][PASSED] - Statement - RequestedQty = com.kms.katalon.core.webui.keyword.WebUiBuiltInKeywords.getAttribute(com.kms.katalon.core.testobject.ObjectRepository.findTestObject(PharmacyRequest/Page_Store/input_txttotal), "value"): Attribute 'value' of object 'Object Repository/PharmacyRequest/Page_Store/input_txttotal' is: '10'

2018-06-09 20:21:12 - [MESSAGE][PASSED] - Attribute 'value' of object 'Object Repository/PharmacyRequest/Page_Store/input_txttotal' is: '10'

2018-06-09 20:21:12 - [TEST_STEP][PASSED] - Statement - out.println("Requested QTY : " + RequestedQty): null

2018-06-09 20:21:12 - [TEST_STEP][PASSED] - Statement - BatchNumber = com.kms.katalon.core.webui.keyword.WebUiBuiltInKeywords.getNumberOfTotalOption(com.kms.katalon.core.testobject.ObjectRepository.findTestObject(PharmacyRequest/Page_Store/select_--Select--BA50)): 3 options of object 'Object Repository/PharmacyRequest/Page_Store/select_--Select--BA50' counted

2018-06-09 20:21:12 - [MESSAGE][PASSED] - 3 options of object 'Object Repository/PharmacyRequest/Page_Store/select_--Select--BA50' counted

2018-06-09 20:21:12 - [TEST_STEP][PASSED] - Statement - For ([g = 1, g <= BatchNumber - 1, (g++)]): null

2018-06-09 20:21:12 - [TEST_STEP][PASSED] - selectOptionByIndex: All options with index in [1] are selected on object 'Object Repository/PharmacyRequest/Page_Store/select_--Select--BA50'

2018-06-09 20:21:13 - [MESSAGE][PASSED] - All options with index in [1] are selected on object 'Object Repository/PharmacyRequest/Page_Store/select_--Select--BA50'

2018-06-09 20:21:13 - [TEST_STEP][PASSED] - delay: Delayed 2 second(s)

2018-06-09 20:21:15 - [MESSAGE][PASSED] - Delayed 2 second(s)

2018-06-09 20:21:15 - [TEST_STEP][PASSED] - Statement - StockQty = com.kms.katalon.core.webui.keyword.WebUiBuiltInKeywords.getAttribute(com.kms.katalon.core.testobject.ObjectRepository.findTestObject(PharmacyRequest/Page_Store/input_txtprice), "value"): Attribute 'value' of object 'Object Repository/PharmacyRequest/Page_Store/input_txtprice' is: '460'

2018-06-09 20:21:15 - [MESSAGE][PASSED] - Attribute 'value' of object 'Object Repository/PharmacyRequest/Page_Store/input_txtprice' is: '460'

2018-06-09 20:21:15 - [TEST_STEP][PASSED] - Statement - out.println("Stock QTY : " + StockQty): null

2018-06-09 20:21:15 - [TEST_STEP][PASSED] - delay: Delayed 1 second(s)

2018-06-09 20:21:16 - [MESSAGE][PASSED] - Delayed 1 second(s)

2018-06-09 20:21:16 - [TEST_STEP][PASSED] - Statement - If (java.lang.Integer.valueOf(StockQty) >= java.lang.Integer.valueOf(RequestedQty)): null

2018-06-09 20:21:16 - [TEST_STEP][PASSED] - setText: Text '10' is set on object 'Object Repository/PharmacyRequest/Page_Store/input_txtqty'

2018-06-09 20:21:16 - [MESSAGE][PASSED] - Text '10' is set on object 'Object Repository/PharmacyRequest/Page_Store/input_txtqty'

2018-06-09 20:21:16 - [TEST_STEP][PASSED] - click: Object: 'Object Repository/PharmacyRequest/Page_Store/button_Add' is clicked on

2018-06-09 20:21:16 - [MESSAGE][PASSED] - Object: 'Object Repository/PharmacyRequest/Page_Store/button_Add' is clicked on

2018-06-09 20:21:16 - [TEST_STEP][PASSED] - Statement - Break: null

2018-06-09 20:21:16 - [TEST_STEP][PASSED] - selectOptionByIndex: All options with index in [31] are selected on object 'Object Repository/PharmacyRequest/Page_Store/select_--Select--Amlodepin -5'

2018-06-09 20:21:16 - [MESSAGE][PASSED] - All options with index in [31] are selected on object 'Object Repository/PharmacyRequest/Page_Store/select_--Select--Amlodepin -5'

2018-06-09 20:21:16 - [TEST_STEP][PASSED] - delay: Delayed 1 second(s)

2018-06-09 20:21:17 - [MESSAGE][PASSED] - Delayed 1 second(s)

2018-06-09 20:21:17 - [TEST_STEP][PASSED] - Statement - RequestedQty = com.kms.katalon.core.webui.keyword.WebUiBuiltInKeywords.getAttribute(com.kms.katalon.core.testobject.ObjectRepository.findTestObject(PharmacyRequest/Page_Store/input_txttotal), "value"): Attribute 'value' of object 'Object Repository/PharmacyRequest/Page_Store/input_txttotal' is: '10'

2018-06-09 20:21:17 - [MESSAGE][PASSED] - Attribute 'value' of object 'Object Repository/PharmacyRequest/Page_Store/input_txttotal' is: '10'

2018-06-09 20:21:17 - [TEST_STEP][PASSED] - Statement - out.println("Requested QTY : " + RequestedQty): null

2018-06-09 20:21:17 - [TEST_STEP][PASSED] - Statement - BatchNumber = com.kms.katalon.core.webui.keyword.WebUiBuiltInKeywords.getNumberOfTotalOption(com.kms.katalon.core.testobject.ObjectRepository.findTestObject(PharmacyRequest/Page_Store/select_--Select--BA50)): 3 options of object 'Object Repository/PharmacyRequest/Page_Store/select_--Select--BA50' counted

2018-06-09 20:21:17 - [MESSAGE][PASSED] - 3 options of object 'Object Repository/PharmacyRequest/Page_Store/select_--Select--BA50' counted

2018-06-09 20:21:17 - [TEST_STEP][PASSED] - Statement - For ([g = 1, g <= BatchNumber - 1, (g++)]): null

2018-06-09 20:21:17 - [TEST_STEP][PASSED] - selectOptionByIndex: All options with index in [1] are selected on object 'Object Repository/PharmacyRequest/Page_Store/select_--Select--BA50'

2018-06-09 20:21:17 - [MESSAGE][PASSED] - All options with index in [1] are selected on object 'Object Repository/PharmacyRequest/Page_Store/select_--Select--BA50'

2018-06-09 20:21:17 - [TEST_STEP][PASSED] - delay: Delayed 2 second(s)

2018-06-09 20:21:19 - [MESSAGE][PASSED] - Delayed 2 second(s)

2018-06-09 20:21:19 - [TEST_STEP][PASSED] - Statement - StockQty = com.kms.katalon.core.webui.keyword.WebUiBuiltInKeywords.getAttribute(com.kms.katalon.core.testobject.ObjectRepository.findTestObject(PharmacyRequest/Page_Store/input_txtprice), "value"): Attribute 'value' of object 'Object Repository/PharmacyRequest/Page_Store/input_txtprice' is: '1790'

2018-06-09 20:21:19 - [MESSAGE][PASSED] - Attribute 'value' of object 'Object Repository/PharmacyRequest/Page_Store/input_txtprice' is: '1790'

2018-06-09 20:21:19 - [TEST_STEP][PASSED] - Statement - out.println("Stock QTY : " + StockQty): null

2018-06-09 20:21:19 - [TEST_STEP][PASSED] - delay: Delayed 1 second(s)

2018-06-09 20:21:20 - [MESSAGE][PASSED] - Delayed 1 second(s)

2018-06-09 20:21:20 - [TEST_STEP][PASSED] - Statement - If (java.lang.Integer.valueOf(StockQty) >= java.lang.Integer.valueOf(RequestedQty)): null

2018-06-09 20:21:20 - [TEST_STEP][PASSED] - setText: Text '10' is set on object 'Object Repository/PharmacyRequest/Page_Store/input_txtqty'

2018-06-09 20:21:20 - [MESSAGE][PASSED] - Text '10' is set on object 'Object Repository/PharmacyRequest/Page_Store/input_txtqty'

2018-06-09 20:21:20 - [TEST_STEP][PASSED] - click: Object: 'Object Repository/PharmacyRequest/Page_Store/button_Add' is clicked on

2018-06-09 20:21:20 - [MESSAGE][PASSED] - Object: 'Object Repository/PharmacyRequest/Page_Store/button_Add' is clicked on

2018-06-09 20:21:20 - [TEST_STEP][PASSED] - Statement - Break: null

2018-06-09 20:21:20 - [TEST_STEP][PASSED] - selectOptionByIndex: All options with index in [32] are selected on object 'Object Repository/PharmacyRequest/Page_Store/select_--Select--Amlodepin -5'

2018-06-09 20:21:21 - [MESSAGE][PASSED] - All options with index in [32] are selected on object 'Object Repository/PharmacyRequest/Page_Store/select_--Select--Amlodepin -5'

2018-06-09 20:21:21 - [TEST_STEP][PASSED] - delay: Delayed 1 second(s)

2018-06-09 20:21:22 - [MESSAGE][PASSED] - Delayed 1 second(s)

2018-06-09 20:21:22 - [TEST_STEP][PASSED] - Statement - RequestedQty = com.kms.katalon.core.webui.keyword.WebUiBuiltInKeywords.getAttribute(com.kms.katalon.core.testobject.ObjectRepository.findTestObject(PharmacyRequest/Page_Store/input_txttotal), "value"): Attribute 'value' of object 'Object Repository/PharmacyRequest/Page_Store/input_txttotal' is: '10'

2018-06-09 20:21:22 - [MESSAGE][PASSED] - Attribute 'value' of object 'Object Repository/PharmacyRequest/Page_Store/input_txttotal' is: '10'

2018-06-09 20:21:22 - [TEST_STEP][PASSED] - Statement - out.println("Requested QTY : " + RequestedQty): null

2018-06-09 20:21:22 - [TEST_STEP][PASSED] - Statement - BatchNumber = com.kms.katalon.core.webui.keyword.WebUiBuiltInKeywords.getNumberOfTotalOption(com.kms.katalon.core.testobject.ObjectRepository.findTestObject(PharmacyRequest/Page_Store/select_--Select--BA50)): 4 options of object 'Object Repository/PharmacyRequest/Page_Store/select_--Select--BA50' counted

2018-06-09 20:21:22 - [MESSAGE][PASSED] - 4 options of object 'Object Repository/PharmacyRequest/Page_Store/select_--Select--BA50' counted

2018-06-09 20:21:22 - [TEST_STEP][PASSED] - Statement - For ([g = 1, g <= BatchNumber - 1, (g++)]): null

2018-06-09 20:21:22 - [TEST_STEP][PASSED] - selectOptionByIndex: All options with index in [1] are selected on object 'Object Repository/PharmacyRequest/Page_Store/select_--Select--BA50'

2018-06-09 20:21:22 - [MESSAGE][PASSED] - All options with index in [1] are selected on object 'Object Repository/PharmacyRequest/Page_Store/select_--Select--BA50'

2018-06-09 20:21:22 - [TEST_STEP][PASSED] - delay: Delayed 2 second(s)

2018-06-09 20:21:24 - [MESSAGE][PASSED] - Delayed 2 second(s)

2018-06-09 20:21:24 - [TEST_STEP][PASSED] - Statement - StockQty = com.kms.katalon.core.webui.keyword.WebUiBuiltInKeywords.getAttribute(com.kms.katalon.core.testobject.ObjectRepository.findTestObject(PharmacyRequest/Page_Store/input_txtprice), "value"): Attribute 'value' of object 'Object Repository/PharmacyRequest/Page_Store/input_txtprice' is: '260'

2018-06-09 20:21:24 - [MESSAGE][PASSED] - Attribute 'value' of object 'Object Repository/PharmacyRequest/Page_Store/input_txtprice' is: '260'

2018-06-09 20:21:24 - [TEST_STEP][PASSED] - Statement - out.println("Stock QTY : " + StockQty): null

2018-06-09 20:21:24 - [TEST_STEP][PASSED] - delay: Delayed 1 second(s)

2018-06-09 20:21:25 - [MESSAGE][PASSED] - Delayed 1 second(s)

2018-06-09 20:21:25 - [TEST_STEP][PASSED] - Statement - If (java.lang.Integer.valueOf(StockQty) >= java.lang.Integer.valueOf(RequestedQty)): null

2018-06-09 20:21:25 - [TEST_STEP][PASSED] - setText: Text '10' is set on object 'Object Repository/PharmacyRequest/Page_Store/input_txtqty'

2018-06-09 20:21:25 - [MESSAGE][PASSED] - Text '10' is set on object 'Object Repository/PharmacyRequest/Page_Store/input_txtqty'

2018-06-09 20:21:25 - [TEST_STEP][PASSED] - click: Object: 'Object Repository/PharmacyRequest/Page_Store/button_Add' is clicked on

2018-06-09 20:21:25 - [MESSAGE][PASSED] - Object: 'Object Repository/PharmacyRequest/Page_Store/button_Add' is clicked on

2018-06-09 20:21:25 - [TEST_STEP][PASSED] - Statement - Break: null

2018-06-09 20:21:25 - [TEST_STEP][PASSED] - selectOptionByIndex: All options with index in [33] are selected on object 'Object Repository/PharmacyRequest/Page_Store/select_--Select--Amlodepin -5'

2018-06-09 20:21:26 - [MESSAGE][PASSED] - All options with index in [33] are selected on object 'Object Repository/PharmacyRequest/Page_Store/select_--Select--Amlodepin -5'

2018-06-09 20:21:26 - [TEST_STEP][PASSED] - delay: Delayed 1 second(s)

2018-06-09 20:21:27 - [MESSAGE][PASSED] - Delayed 1 second(s)

2018-06-09 20:21:27 - [TEST_STEP][PASSED] - Statement - RequestedQty = com.kms.katalon.core.webui.keyword.WebUiBuiltInKeywords.getAttribute(com.kms.katalon.core.testobject.ObjectRepository.findTestObject(PharmacyRequest/Page_Store/input_txttotal), "value"): Attribute 'value' of object 'Object Repository/PharmacyRequest/Page_Store/input_txttotal' is: '10'

2018-06-09 20:21:27 - [MESSAGE][PASSED] - Attribute 'value' of object 'Object Repository/PharmacyRequest/Page_Store/input_txttotal' is: '10'

2018-06-09 20:21:27 - [TEST_STEP][PASSED] - Statement - out.println("Requested QTY : " + RequestedQty): null

2018-06-09 20:21:27 - [TEST_STEP][PASSED] - Statement - BatchNumber = com.kms.katalon.core.webui.keyword.WebUiBuiltInKeywords.getNumberOfTotalOption(com.kms.katalon.core.testobject.ObjectRepository.findTestObject(PharmacyRequest/Page_Store/select_--Select--BA50)): 5 options of object 'Object Repository/PharmacyRequest/Page_Store/select_--Select--BA50' counted

2018-06-09 20:21:27 - [MESSAGE][PASSED] - 5 options of object 'Object Repository/PharmacyRequest/Page_Store/select_--Select--BA50' counted

2018-06-09 20:21:27 - [TEST_STEP][PASSED] - Statement - For ([g = 1, g <= BatchNumber - 1, (g++)]): null

2018-06-09 20:21:27 - [TEST_STEP][PASSED] - selectOptionByIndex: All options with index in [1] are selected on object 'Object Repository/PharmacyRequest/Page_Store/select_--Select--BA50'

2018-06-09 20:21:27 - [MESSAGE][PASSED] - All options with index in [1] are selected on object 'Object Repository/PharmacyRequest/Page_Store/select_--Select--BA50'

2018-06-09 20:21:27 - [TEST_STEP][PASSED] - delay: Delayed 2 second(s)

2018-06-09 20:21:29 - [MESSAGE][PASSED] - Delayed 2 second(s)

2018-06-09 20:21:29 - [TEST_STEP][PASSED] - Statement - StockQty = com.kms.katalon.core.webui.keyword.WebUiBuiltInKeywords.getAttribute(com.kms.katalon.core.testobject.ObjectRepository.findTestObject(PharmacyRequest/Page_Store/input_txtprice), "value"): Attribute 'value' of object 'Object Repository/PharmacyRequest/Page_Store/input_txtprice' is: '100'

2018-06-09 20:21:29 - [MESSAGE][PASSED] - Attribute 'value' of object 'Object Repository/PharmacyRequest/Page_Store/input_txtprice' is: '100'

2018-06-09 20:21:29 - [TEST_STEP][PASSED] - Statement - out.println("Stock QTY : " + StockQty): null

2018-06-09 20:21:29 - [TEST_STEP][PASSED] - delay: Delayed 1 second(s)

2018-06-09 20:21:30 - [MESSAGE][PASSED] - Delayed 1 second(s)

2018-06-09 20:21:30 - [TEST_STEP][PASSED] - Statement - If (java.lang.Integer.valueOf(StockQty) >= java.lang.Integer.valueOf(RequestedQty)): null

2018-06-09 20:21:30 - [TEST_STEP][PASSED] - setText: Text '10' is set on object 'Object Repository/PharmacyRequest/Page_Store/input_txtqty'

2018-06-09 20:21:30 - [MESSAGE][PASSED] - Text '10' is set on object 'Object Repository/PharmacyRequest/Page_Store/input_txtqty'

2018-06-09 20:21:30 - [TEST_STEP][PASSED] - click: Object: 'Object Repository/PharmacyRequest/Page_Store/button_Add' is clicked on

2018-06-09 20:21:30 - [MESSAGE][PASSED] - Object: 'Object Repository/PharmacyRequest/Page_Store/button_Add' is clicked on

2018-06-09 20:21:30 - [TEST_STEP][PASSED] - Statement - Break: null

2018-06-09 20:21:30 - [TEST_STEP][PASSED] - selectOptionByIndex: All options with index in [34] are selected on object 'Object Repository/PharmacyRequest/Page_Store/select_--Select--Amlodepin -5'

2018-06-09 20:21:31 - [MESSAGE][PASSED] - All options with index in [34] are selected on object 'Object Repository/PharmacyRequest/Page_Store/select_--Select--Amlodepin -5'

2018-06-09 20:21:31 - [TEST_STEP][PASSED] - delay: Delayed 1 second(s)

2018-06-09 20:21:32 - [MESSAGE][PASSED] - Delayed 1 second(s)

2018-06-09 20:21:32 - [TEST_STEP][PASSED] - Statement - RequestedQty = com.kms.katalon.core.webui.keyword.WebUiBuiltInKeywords.getAttribute(com.kms.katalon.core.testobject.ObjectRepository.findTestObject(PharmacyRequest/Page_Store/input_txttotal), "value"): Attribute 'value' of object 'Object Repository/PharmacyRequest/Page_Store/input_txttotal' is: '10'

2018-06-09 20:21:32 - [MESSAGE][PASSED] - Attribute 'value' of object 'Object Repository/PharmacyRequest/Page_Store/input_txttotal' is: '10'

2018-06-09 20:21:32 - [TEST_STEP][PASSED] - Statement - out.println("Requested QTY : " + RequestedQty): null

2018-06-09 20:21:32 - [TEST_STEP][PASSED] - Statement - BatchNumber = com.kms.katalon.core.webui.keyword.WebUiBuiltInKeywords.getNumberOfTotalOption(com.kms.katalon.core.testobject.ObjectRepository.findTestObject(PharmacyRequest/Page_Store/select_--Select--BA50)): 2 options of object 'Object Repository/PharmacyRequest/Page_Store/select_--Select--BA50' counted

2018-06-09 20:21:32 - [MESSAGE][PASSED] - 2 options of object 'Object Repository/PharmacyRequest/Page_Store/select_--Select--BA50' counted

2018-06-09 20:21:32 - [TEST_STEP][PASSED] - Statement - For ([g = 1, g <= BatchNumber - 1, (g++)]): null

2018-06-09 20:21:32 - [TEST_STEP][PASSED] - selectOptionByIndex: All options with index in [1] are selected on object 'Object Repository/PharmacyRequest/Page_Store/select_--Select--BA50'

2018-06-09 20:21:32 - [MESSAGE][PASSED] - All options with index in [1] are selected on object 'Object Repository/PharmacyRequest/Page_Store/select_--Select--BA50'

2018-06-09 20:21:32 - [TEST_STEP][PASSED] - delay: Delayed 2 second(s)

2018-06-09 20:21:34 - [MESSAGE][PASSED] - Delayed 2 second(s)

2018-06-09 20:21:34 - [TEST_STEP][PASSED] - Statement - StockQty = com.kms.katalon.core.webui.keyword.WebUiBuiltInKeywords.getAttribute(com.kms.katalon.core.testobject.ObjectRepository.findTestObject(PharmacyRequest/Page_Store/input_txtprice), "value"): Attribute 'value' of object 'Object Repository/PharmacyRequest/Page_Store/input_txtprice' is: '1990'

2018-06-09 20:21:34 - [MESSAGE][PASSED] - Attribute 'value' of object 'Object Repository/PharmacyRequest/Page_Store/input_txtprice' is: '1990'

2018-06-09 20:21:34 - [TEST_STEP][PASSED] - Statement - out.println("Stock QTY : " + StockQty): null

2018-06-09 20:21:34 - [TEST_STEP][PASSED] - delay: Delayed 1 second(s)

2018-06-09 20:21:35 - [MESSAGE][PASSED] - Delayed 1 second(s)

2018-06-09 20:21:35 - [TEST_STEP][PASSED] - Statement - If (java.lang.Integer.valueOf(StockQty) >= java.lang.Integer.valueOf(RequestedQty)): null

2018-06-09 20:21:35 - [TEST_STEP][PASSED] - setText: Text '10' is set on object 'Object Repository/PharmacyRequest/Page_Store/input_txtqty'

2018-06-09 20:21:35 - [MESSAGE][PASSED] - Text '10' is set on object 'Object Repository/PharmacyRequest/Page_Store/input_txtqty'

2018-06-09 20:21:35 - [TEST_STEP][PASSED] - click: Object: 'Object Repository/PharmacyRequest/Page_Store/button_Add' is clicked on

2018-06-09 20:21:35 - [MESSAGE][PASSED] - Object: 'Object Repository/PharmacyRequest/Page_Store/button_Add' is clicked on

2018-06-09 20:21:35 - [TEST_STEP][PASSED] - Statement - Break: null

2018-06-09 20:21:35 - [TEST_STEP][PASSED] - selectOptionByIndex: All options with index in [35] are selected on object 'Object Repository/PharmacyRequest/Page_Store/select_--Select--Amlodepin -5'

2018-06-09 20:21:35 - [MESSAGE][PASSED] - All options with index in [35] are selected on object 'Object Repository/PharmacyRequest/Page_Store/select_--Select--Amlodepin -5'

2018-06-09 20:21:35 - [TEST_STEP][PASSED] - delay: Delayed 1 second(s)

2018-06-09 20:21:36 - [MESSAGE][PASSED] - Delayed 1 second(s)

2018-06-09 20:21:36 - [TEST_STEP][PASSED] - Statement - RequestedQty = com.kms.katalon.core.webui.keyword.WebUiBuiltInKeywords.getAttribute(com.kms.katalon.core.testobject.ObjectRepository.findTestObject(PharmacyRequest/Page_Store/input_txttotal), "value"): Attribute 'value' of object 'Object Repository/PharmacyRequest/Page_Store/input_txttotal' is: '10'

2018-06-09 20:21:36 - [MESSAGE][PASSED] - Attribute 'value' of object 'Object Repository/PharmacyRequest/Page_Store/input_txttotal' is: '10'

2018-06-09 20:21:36 - [TEST_STEP][PASSED] - Statement - out.println("Requested QTY : " + RequestedQty): null

2018-06-09 20:21:36 - [TEST_STEP][PASSED] - Statement - BatchNumber = com.kms.katalon.core.webui.keyword.WebUiBuiltInKeywords.getNumberOfTotalOption(com.kms.katalon.core.testobject.ObjectRepository.findTestObject(PharmacyRequest/Page_Store/select_--Select--BA50)): 4 options of object 'Object Repository/PharmacyRequest/Page_Store/select_--Select--BA50' counted

2018-06-09 20:21:36 - [MESSAGE][PASSED] - 4 options of object 'Object Repository/PharmacyRequest/Page_Store/select_--Select--BA50' counted

2018-06-09 20:21:36 - [TEST_STEP][PASSED] - Statement - For ([g = 1, g <= BatchNumber - 1, (g++)]): null

2018-06-09 20:21:36 - [TEST_STEP][PASSED] - selectOptionByIndex: All options with index in [1] are selected on object 'Object Repository/PharmacyRequest/Page_Store/select_--Select--BA50'

2018-06-09 20:21:37 - [MESSAGE][PASSED] - All options with index in [1] are selected on object 'Object Repository/PharmacyRequest/Page_Store/select_--Select--BA50'

2018-06-09 20:21:37 - [TEST_STEP][PASSED] - delay: Delayed 2 second(s)

2018-06-09 20:21:39 - [MESSAGE][PASSED] - Delayed 2 second(s)

2018-06-09 20:21:39 - [TEST_STEP][PASSED] - Statement - StockQty = com.kms.katalon.core.webui.keyword.WebUiBuiltInKeywords.getAttribute(com.kms.katalon.core.testobject.ObjectRepository.findTestObject(PharmacyRequest/Page_Store/input_txtprice), "value"): Attribute 'value' of object 'Object Repository/PharmacyRequest/Page_Store/input_txtprice' is: '460'

2018-06-09 20:21:39 - [MESSAGE][PASSED] - Attribute 'value' of object 'Object Repository/PharmacyRequest/Page_Store/input_txtprice' is: '460'

2018-06-09 20:21:39 - [TEST_STEP][PASSED] - Statement - out.println("Stock QTY : " + StockQty): null

2018-06-09 20:21:39 - [TEST_STEP][PASSED] - delay: Delayed 1 second(s)

2018-06-09 20:21:40 - [MESSAGE][PASSED] - Delayed 1 second(s)

2018-06-09 20:21:40 - [TEST_STEP][PASSED] - Statement - If (java.lang.Integer.valueOf(StockQty) >= java.lang.Integer.valueOf(RequestedQty)): null

2018-06-09 20:21:40 - [TEST_STEP][PASSED] - setText: Text '10' is set on object 'Object Repository/PharmacyRequest/Page_Store/input_txtqty'

2018-06-09 20:21:40 - [MESSAGE][PASSED] - Text '10' is set on object 'Object Repository/PharmacyRequest/Page_Store/input_txtqty'

2018-06-09 20:21:40 - [TEST_STEP][PASSED] - click: Object: 'Object Repository/PharmacyRequest/Page_Store/button_Add' is clicked on

2018-06-09 20:21:40 - [MESSAGE][PASSED] - Object: 'Object Repository/PharmacyRequest/Page_Store/button_Add' is clicked on

2018-06-09 20:21:40 - [TEST_STEP][PASSED] - Statement - Break: null

2018-06-09 20:21:40 - [TEST_STEP][PASSED] - selectOptionByIndex: All options with index in [36] are selected on object 'Object Repository/PharmacyRequest/Page_Store/select_--Select--Amlodepin -5'

2018-06-09 20:21:40 - [MESSAGE][PASSED] - All options with index in [36] are selected on object 'Object Repository/PharmacyRequest/Page_Store/select_--Select--Amlodepin -5'

2018-06-09 20:21:40 - [TEST_STEP][PASSED] - delay: Delayed 1 second(s)

2018-06-09 20:21:41 - [MESSAGE][PASSED] - Delayed 1 second(s)

2018-06-09 20:21:41 - [TEST_STEP][PASSED] - Statement - RequestedQty = com.kms.katalon.core.webui.keyword.WebUiBuiltInKeywords.getAttribute(com.kms.katalon.core.testobject.ObjectRepository.findTestObject(PharmacyRequest/Page_Store/input_txttotal), "value"): Attribute 'value' of object 'Object Repository/PharmacyRequest/Page_Store/input_txttotal' is: '10'

2018-06-09 20:21:41 - [MESSAGE][PASSED] - Attribute 'value' of object 'Object Repository/PharmacyRequest/Page_Store/input_txttotal' is: '10'

2018-06-09 20:21:41 - [TEST_STEP][PASSED] - Statement - out.println("Requested QTY : " + RequestedQty): null

2018-06-09 20:21:41 - [TEST_STEP][PASSED] - Statement - BatchNumber = com.kms.katalon.core.webui.keyword.WebUiBuiltInKeywords.getNumberOfTotalOption(com.kms.katalon.core.testobject.ObjectRepository.findTestObject(PharmacyRequest/Page_Store/select_--Select--BA50)): 4 options of object 'Object Repository/PharmacyRequest/Page_Store/select_--Select--BA50' counted

2018-06-09 20:21:41 - [MESSAGE][PASSED] - 4 options of object 'Object Repository/PharmacyRequest/Page_Store/select_--Select--BA50' counted

2018-06-09 20:21:41 - [TEST_STEP][PASSED] - Statement - For ([g = 1, g <= BatchNumber - 1, (g++)]): null

2018-06-09 20:21:41 - [TEST_STEP][PASSED] - selectOptionByIndex: All options with index in [1] are selected on object 'Object Repository/PharmacyRequest/Page_Store/select_--Select--BA50'

2018-06-09 20:21:41 - [MESSAGE][PASSED] - All options with index in [1] are selected on object 'Object Repository/PharmacyRequest/Page_Store/select_--Select--BA50'

2018-06-09 20:21:41 - [TEST_STEP][PASSED] - delay: Delayed 2 second(s)

2018-06-09 20:21:43 - [MESSAGE][PASSED] - Delayed 2 second(s)

2018-06-09 20:21:43 - [TEST_STEP][PASSED] - Statement - StockQty = com.kms.katalon.core.webui.keyword.WebUiBuiltInKeywords.getAttribute(com.kms.katalon.core.testobject.ObjectRepository.findTestObject(PharmacyRequest/Page_Store/input_txtprice), "value"): Attribute 'value' of object 'Object Repository/PharmacyRequest/Page_Store/input_txtprice' is: '460'

2018-06-09 20:21:43 - [MESSAGE][PASSED] - Attribute 'value' of object 'Object Repository/PharmacyRequest/Page_Store/input_txtprice' is: '460'

2018-06-09 20:21:43 - [TEST_STEP][PASSED] - Statement - out.println("Stock QTY : " + StockQty): null

2018-06-09 20:21:43 - [TEST_STEP][PASSED] - delay: Delayed 1 second(s)

2018-06-09 20:21:44 - [MESSAGE][PASSED] - Delayed 1 second(s)

2018-06-09 20:21:44 - [TEST_STEP][PASSED] - Statement - If (java.lang.Integer.valueOf(StockQty) >= java.lang.Integer.valueOf(RequestedQty)): null

2018-06-09 20:21:44 - [TEST_STEP][PASSED] - setText: Text '10' is set on object 'Object Repository/PharmacyRequest/Page_Store/input_txtqty'

2018-06-09 20:21:45 - [MESSAGE][PASSED] - Text '10' is set on object 'Object Repository/PharmacyRequest/Page_Store/input_txtqty'

2018-06-09 20:21:45 - [TEST_STEP][PASSED] - click: Object: 'Object Repository/PharmacyRequest/Page_Store/button_Add' is clicked on

2018-06-09 20:21:45 - [MESSAGE][PASSED] - Object: 'Object Repository/PharmacyRequest/Page_Store/button_Add' is clicked on

2018-06-09 20:21:45 - [TEST_STEP][PASSED] - Statement - Break: null

2018-06-09 20:21:45 - [TEST_STEP][PASSED] - selectOptionByIndex: All options with index in [37] are selected on object 'Object Repository/PharmacyRequest/Page_Store/select_--Select--Amlodepin -5'

2018-06-09 20:21:45 - [MESSAGE][PASSED] - All options with index in [37] are selected on object 'Object Repository/PharmacyRequest/Page_Store/select_--Select--Amlodepin -5'

2018-06-09 20:21:45 - [TEST_STEP][PASSED] - delay: Delayed 1 second(s)

2018-06-09 20:21:46 - [MESSAGE][PASSED] - Delayed 1 second(s)

2018-06-09 20:21:46 - [TEST_STEP][PASSED] - Statement - RequestedQty = com.kms.katalon.core.webui.keyword.WebUiBuiltInKeywords.getAttribute(com.kms.katalon.core.testobject.ObjectRepository.findTestObject(PharmacyRequest/Page_Store/input_txttotal), "value"): Attribute 'value' of object 'Object Repository/PharmacyRequest/Page_Store/input_txttotal' is: '10'

2018-06-09 20:21:46 - [MESSAGE][PASSED] - Attribute 'value' of object 'Object Repository/PharmacyRequest/Page_Store/input_txttotal' is: '10'

2018-06-09 20:21:46 - [TEST_STEP][PASSED] - Statement - out.println("Requested QTY : " + RequestedQty): null

2018-06-09 20:21:46 - [TEST_STEP][PASSED] - Statement - BatchNumber = com.kms.katalon.core.webui.keyword.WebUiBuiltInKeywords.getNumberOfTotalOption(com.kms.katalon.core.testobject.ObjectRepository.findTestObject(PharmacyRequest/Page_Store/select_--Select--BA50)): 4 options of object 'Object Repository/PharmacyRequest/Page_Store/select_--Select--BA50' counted

2018-06-09 20:21:46 - [MESSAGE][PASSED] - 4 options of object 'Object Repository/PharmacyRequest/Page_Store/select_--Select--BA50' counted

2018-06-09 20:21:46 - [TEST_STEP][PASSED] - Statement - For ([g = 1, g <= BatchNumber - 1, (g++)]): null

2018-06-09 20:21:46 - [TEST_STEP][PASSED] - selectOptionByIndex: All options with index in [1] are selected on object 'Object Repository/PharmacyRequest/Page_Store/select_--Select--BA50'

2018-06-09 20:21:46 - [MESSAGE][PASSED] - All options with index in [1] are selected on object 'Object Repository/PharmacyRequest/Page_Store/select_--Select--BA50'

2018-06-09 20:21:46 - [TEST_STEP][PASSED] - delay: Delayed 2 second(s)

2018-06-09 20:21:48 - [MESSAGE][PASSED] - Delayed 2 second(s)

2018-06-09 20:21:48 - [TEST_STEP][PASSED] - Statement - StockQty = com.kms.katalon.core.webui.keyword.WebUiBuiltInKeywords.getAttribute(com.kms.katalon.core.testobject.ObjectRepository.findTestObject(PharmacyRequest/Page_Store/input_txtprice), "value"): Attribute 'value' of object 'Object Repository/PharmacyRequest/Page_Store/input_txtprice' is: '260'

2018-06-09 20:21:48 - [MESSAGE][PASSED] - Attribute 'value' of object 'Object Repository/PharmacyRequest/Page_Store/input_txtprice' is: '260'

2018-06-09 20:21:48 - [TEST_STEP][PASSED] - Statement - out.println("Stock QTY : " + StockQty): null

2018-06-09 20:21:48 - [TEST_STEP][PASSED] - delay: Delayed 1 second(s)

2018-06-09 20:21:49 - [MESSAGE][PASSED] - Delayed 1 second(s)

2018-06-09 20:21:49 - [TEST_STEP][PASSED] - Statement - If (java.lang.Integer.valueOf(StockQty) >= java.lang.Integer.valueOf(RequestedQty)): null

2018-06-09 20:21:49 - [TEST_STEP][PASSED] - setText: Text '10' is set on object 'Object Repository/PharmacyRequest/Page_Store/input_txtqty'

2018-06-09 20:21:49 - [MESSAGE][PASSED] - Text '10' is set on object 'Object Repository/PharmacyRequest/Page_Store/input_txtqty'

2018-06-09 20:21:49 - [TEST_STEP][PASSED] - click: Object: 'Object Repository/PharmacyRequest/Page_Store/button_Add' is clicked on

2018-06-09 20:21:50 - [MESSAGE][PASSED] - Object: 'Object Repository/PharmacyRequest/Page_Store/button_Add' is clicked on

2018-06-09 20:21:50 - [TEST_STEP][PASSED] - Statement - Break: null

2018-06-09 20:21:50 - [TEST_STEP][PASSED] - selectOptionByIndex: All options with index in [38] are selected on object 'Object Repository/PharmacyRequest/Page_Store/select_--Select--Amlodepin -5'

2018-06-09 20:21:50 - [MESSAGE][PASSED] - All options with index in [38] are selected on object 'Object Repository/PharmacyRequest/Page_Store/select_--Select--Amlodepin -5'

2018-06-09 20:21:50 - [TEST_STEP][PASSED] - delay: Delayed 1 second(s)

2018-06-09 20:21:51 - [MESSAGE][PASSED] - Delayed 1 second(s)

2018-06-09 20:21:51 - [TEST_STEP][PASSED] - Statement - RequestedQty = com.kms.katalon.core.webui.keyword.WebUiBuiltInKeywords.getAttribute(com.kms.katalon.core.testobject.ObjectRepository.findTestObject(PharmacyRequest/Page_Store/input_txttotal), "value"): Attribute 'value' of object 'Object Repository/PharmacyRequest/Page_Store/input_txttotal' is: '10'

2018-06-09 20:21:51 - [MESSAGE][PASSED] - Attribute 'value' of object 'Object Repository/PharmacyRequest/Page_Store/input_txttotal' is: '10'

2018-06-09 20:21:51 - [TEST_STEP][PASSED] - Statement - out.println("Requested QTY : " + RequestedQty): null

2018-06-09 20:21:51 - [TEST_STEP][PASSED] - Statement - BatchNumber = com.kms.katalon.core.webui.keyword.WebUiBuiltInKeywords.getNumberOfTotalOption(com.kms.katalon.core.testobject.ObjectRepository.findTestObject(PharmacyRequest/Page_Store/select_--Select--BA50)): 5 options of object 'Object Repository/PharmacyRequest/Page_Store/select_--Select--BA50' counted

2018-06-09 20:21:51 - [MESSAGE][PASSED] - 5 options of object 'Object Repository/PharmacyRequest/Page_Store/select_--Select--BA50' counted

2018-06-09 20:21:51 - [TEST_STEP][PASSED] - Statement - For ([g = 1, g <= BatchNumber - 1, (g++)]): null

2018-06-09 20:21:51 - [TEST_STEP][PASSED] - selectOptionByIndex: All options with index in [1] are selected on object 'Object Repository/PharmacyRequest/Page_Store/select_--Select--BA50'

2018-06-09 20:21:51 - [MESSAGE][PASSED] - All options with index in [1] are selected on object 'Object Repository/PharmacyRequest/Page_Store/select_--Select--BA50'

2018-06-09 20:21:51 - [TEST_STEP][PASSED] - delay: Delayed 2 second(s)

2018-06-09 20:21:53 - [MESSAGE][PASSED] - Delayed 2 second(s)

2018-06-09 20:21:53 - [TEST_STEP][PASSED] - Statement - StockQty = com.kms.katalon.core.webui.keyword.WebUiBuiltInKeywords.getAttribute(com.kms.katalon.core.testobject.ObjectRepository.findTestObject(PharmacyRequest/Page_Store/input_txtprice), "value"): Attribute 'value' of object 'Object Repository/PharmacyRequest/Page_Store/input_txtprice' is: '100'

2018-06-09 20:21:53 - [MESSAGE][PASSED] - Attribute 'value' of object 'Object Repository/PharmacyRequest/Page_Store/input_txtprice' is: '100'

2018-06-09 20:21:53 - [TEST_STEP][PASSED] - Statement - out.println("Stock QTY : " + StockQty): null

2018-06-09 20:21:53 - [TEST_STEP][PASSED] - delay: Delayed 1 second(s)

2018-06-09 20:21:54 - [MESSAGE][PASSED] - Delayed 1 second(s)

2018-06-09 20:21:54 - [TEST_STEP][PASSED] - Statement - If (java.lang.Integer.valueOf(StockQty) >= java.lang.Integer.valueOf(RequestedQty)): null

2018-06-09 20:21:54 - [TEST_STEP][PASSED] - setText: Text '10' is set on object 'Object Repository/PharmacyRequest/Page_Store/input_txtqty'

2018-06-09 20:21:54 - [MESSAGE][PASSED] - Text '10' is set on object 'Object Repository/PharmacyRequest/Page_Store/input_txtqty'

2018-06-09 20:21:54 - [TEST_STEP][PASSED] - click: Object: 'Object Repository/PharmacyRequest/Page_Store/button_Add' is clicked on

2018-06-09 20:21:54 - [MESSAGE][PASSED] - Object: 'Object Repository/PharmacyRequest/Page_Store/button_Add' is clicked on

2018-06-09 20:21:54 - [TEST_STEP][PASSED] - Statement - Break: null

2018-06-09 20:21:54 - [TEST_STEP][PASSED] - selectOptionByIndex: All options with index in [39] are selected on object 'Object Repository/PharmacyRequest/Page_Store/select_--Select--Amlodepin -5'

2018-06-09 20:21:55 - [MESSAGE][PASSED] - All options with index in [39] are selected on object 'Object Repository/PharmacyRequest/Page_Store/select_--Select--Amlodepin -5'

2018-06-09 20:21:55 - [TEST_STEP][PASSED] - delay: Delayed 1 second(s)

2018-06-09 20:21:56 - [MESSAGE][PASSED] - Delayed 1 second(s)

2018-06-09 20:21:56 - [TEST_STEP][PASSED] - Statement - RequestedQty = com.kms.katalon.core.webui.keyword.WebUiBuiltInKeywords.getAttribute(com.kms.katalon.core.testobject.ObjectRepository.findTestObject(PharmacyRequest/Page_Store/input_txttotal), "value"): Attribute 'value' of object 'Object Repository/PharmacyRequest/Page_Store/input_txttotal' is: '10'

2018-06-09 20:21:56 - [MESSAGE][PASSED] - Attribute 'value' of object 'Object Repository/PharmacyRequest/Page_Store/input_txttotal' is: '10'

2018-06-09 20:21:56 - [TEST_STEP][PASSED] - Statement - out.println("Requested QTY : " + RequestedQty): null

2018-06-09 20:21:56 - [TEST_STEP][PASSED] - Statement - BatchNumber = com.kms.katalon.core.webui.keyword.WebUiBuiltInKeywords.getNumberOfTotalOption(com.kms.katalon.core.testobject.ObjectRepository.findTestObject(PharmacyRequest/Page_Store/select_--Select--BA50)): 4 options of object 'Object Repository/PharmacyRequest/Page_Store/select_--Select--BA50' counted

2018-06-09 20:21:56 - [MESSAGE][PASSED] - 4 options of object 'Object Repository/PharmacyRequest/Page_Store/select_--Select--BA50' counted

2018-06-09 20:21:56 - [TEST_STEP][PASSED] - Statement - For ([g = 1, g <= BatchNumber - 1, (g++)]): null

2018-06-09 20:21:56 - [TEST_STEP][PASSED] - selectOptionByIndex: All options with index in [1] are selected on object 'Object Repository/PharmacyRequest/Page_Store/select_--Select--BA50'

2018-06-09 20:21:56 - [MESSAGE][PASSED] - All options with index in [1] are selected on object 'Object Repository/PharmacyRequest/Page_Store/select_--Select--BA50'

2018-06-09 20:21:56 - [TEST_STEP][PASSED] - delay: Delayed 2 second(s)

2018-06-09 20:21:58 - [MESSAGE][PASSED] - Delayed 2 second(s)

2018-06-09 20:21:58 - [TEST_STEP][PASSED] - Statement - StockQty = com.kms.katalon.core.webui.keyword.WebUiBuiltInKeywords.getAttribute(com.kms.katalon.core.testobject.ObjectRepository.findTestObject(PharmacyRequest/Page_Store/input_txtprice), "value"): Attribute 'value' of object 'Object Repository/PharmacyRequest/Page_Store/input_txtprice' is: '460'

2018-06-09 20:21:58 - [MESSAGE][PASSED] - Attribute 'value' of object 'Object Repository/PharmacyRequest/Page_Store/input_txtprice' is: '460'

2018-06-09 20:21:58 - [TEST_STEP][PASSED] - Statement - out.println("Stock QTY : " + StockQty): null

2018-06-09 20:21:58 - [TEST_STEP][PASSED] - delay: Delayed 1 second(s)

2018-06-09 20:21:59 - [MESSAGE][PASSED] - Delayed 1 second(s)

2018-06-09 20:21:59 - [TEST_STEP][PASSED] - Statement - If (java.lang.Integer.valueOf(StockQty) >= java.lang.Integer.valueOf(RequestedQty)): null

2018-06-09 20:21:59 - [TEST_STEP][PASSED] - setText: Text '10' is set on object 'Object Repository/PharmacyRequest/Page_Store/input_txtqty'

2018-06-09 20:21:59 - [MESSAGE][PASSED] - Text '10' is set on object 'Object Repository/PharmacyRequest/Page_Store/input_txtqty'

2018-06-09 20:21:59 - [TEST_STEP][PASSED] - click: Object: 'Object Repository/PharmacyRequest/Page_Store/button_Add' is clicked on

2018-06-09 20:21:59 - [MESSAGE][PASSED] - Object: 'Object Repository/PharmacyRequest/Page_Store/button_Add' is clicked on

2018-06-09 20:21:59 - [TEST_STEP][PASSED] - Statement - Break: null

2018-06-09 20:21:59 - [TEST_STEP][PASSED] - selectOptionByIndex: All options with index in [40] are selected on object 'Object Repository/PharmacyRequest/Page_Store/select_--Select--Amlodepin -5'

2018-06-09 20:22:00 - [MESSAGE][PASSED] - All options with index in [40] are selected on object 'Object Repository/PharmacyRequest/Page_Store/select_--Select--Amlodepin -5'

2018-06-09 20:22:00 - [TEST_STEP][PASSED] - delay: Delayed 1 second(s)

2018-06-09 20:22:01 - [MESSAGE][PASSED] - Delayed 1 second(s)

2018-06-09 20:22:01 - [TEST_STEP][PASSED] - Statement - RequestedQty = com.kms.katalon.core.webui.keyword.WebUiBuiltInKeywords.getAttribute(com.kms.katalon.core.testobject.ObjectRepository.findTestObject(PharmacyRequest/Page_Store/input_txttotal), "value"): Attribute 'value' of object 'Object Repository/PharmacyRequest/Page_Store/input_txttotal' is: '10'

2018-06-09 20:22:01 - [MESSAGE][PASSED] - Attribute 'value' of object 'Object Repository/PharmacyRequest/Page_Store/input_txttotal' is: '10'

2018-06-09 20:22:01 - [TEST_STEP][PASSED] - Statement - out.println("Requested QTY : " + RequestedQty): null

2018-06-09 20:22:01 - [TEST_STEP][PASSED] - Statement - BatchNumber = com.kms.katalon.core.webui.keyword.WebUiBuiltInKeywords.getNumberOfTotalOption(com.kms.katalon.core.testobject.ObjectRepository.findTestObject(PharmacyRequest/Page_Store/select_--Select--BA50)): 4 options of object 'Object Repository/PharmacyRequest/Page_Store/select_--Select--BA50' counted

2018-06-09 20:22:01 - [MESSAGE][PASSED] - 4 options of object 'Object Repository/PharmacyRequest/Page_Store/select_--Select--BA50' counted

2018-06-09 20:22:01 - [TEST_STEP][PASSED] - Statement - For ([g = 1, g <= BatchNumber - 1, (g++)]): null

2018-06-09 20:22:01 - [TEST_STEP][PASSED] - selectOptionByIndex: All options with index in [1] are selected on object 'Object Repository/PharmacyRequest/Page_Store/select_--Select--BA50'

2018-06-09 20:22:01 - [MESSAGE][PASSED] - All options with index in [1] are selected on object 'Object Repository/PharmacyRequest/Page_Store/select_--Select--BA50'

2018-06-09 20:22:01 - [TEST_STEP][PASSED] - delay: Delayed 2 second(s)

2018-06-09 20:22:03 - [MESSAGE][PASSED] - Delayed 2 second(s)

2018-06-09 20:22:03 - [TEST_STEP][PASSED] - Statement - StockQty = com.kms.katalon.core.webui.keyword.WebUiBuiltInKeywords.getAttribute(com.kms.katalon.core.testobject.ObjectRepository.findTestObject(PharmacyRequest/Page_Store/input_txtprice), "value"): Attribute 'value' of object 'Object Repository/PharmacyRequest/Page_Store/input_txtprice' is: '830'

2018-06-09 20:22:03 - [MESSAGE][PASSED] - Attribute 'value' of object 'Object Repository/PharmacyRequest/Page_Store/input_txtprice' is: '830'

2018-06-09 20:22:03 - [TEST_STEP][PASSED] - Statement - out.println("Stock QTY : " + StockQty): null

2018-06-09 20:22:03 - [TEST_STEP][PASSED] - delay: Delayed 1 second(s)

2018-06-09 20:22:04 - [MESSAGE][PASSED] - Delayed 1 second(s)

2018-06-09 20:22:04 - [TEST_STEP][PASSED] - Statement - If (java.lang.Integer.valueOf(StockQty) >= java.lang.Integer.valueOf(RequestedQty)): null

2018-06-09 20:22:04 - [TEST_STEP][PASSED] - setText: Text '10' is set on object 'Object Repository/PharmacyRequest/Page_Store/input_txtqty'

2018-06-09 20:22:04 - [MESSAGE][PASSED] - Text '10' is set on object 'Object Repository/PharmacyRequest/Page_Store/input_txtqty'

2018-06-09 20:22:04 - [TEST_STEP][PASSED] - click: Object: 'Object Repository/PharmacyRequest/Page_Store/button_Add' is clicked on

2018-06-09 20:22:04 - [MESSAGE][PASSED] - Object: 'Object Repository/PharmacyRequest/Page_Store/button_Add' is clicked on

2018-06-09 20:22:04 - [TEST_STEP][PASSED] - Statement - Break: null

2018-06-09 20:22:04 - [TEST_STEP][PASSED] - selectOptionByIndex: All options with index in [41] are selected on object 'Object Repository/PharmacyRequest/Page_Store/select_--Select--Amlodepin -5'

2018-06-09 20:22:05 - [MESSAGE][PASSED] - All options with index in [41] are selected on object 'Object Repository/PharmacyRequest/Page_Store/select_--Select--Amlodepin -5'

2018-06-09 20:22:05 - [TEST_STEP][PASSED] - delay: Delayed 1 second(s)

2018-06-09 20:22:06 - [MESSAGE][PASSED] - Delayed 1 second(s)

2018-06-09 20:22:06 - [TEST_STEP][PASSED] - Statement - RequestedQty = com.kms.katalon.core.webui.keyword.WebUiBuiltInKeywords.getAttribute(com.kms.katalon.core.testobject.ObjectRepository.findTestObject(PharmacyRequest/Page_Store/input_txttotal), "value"): Attribute 'value' of object 'Object Repository/PharmacyRequest/Page_Store/input_txttotal' is: '10'

2018-06-09 20:22:06 - [MESSAGE][PASSED] - Attribute 'value' of object 'Object Repository/PharmacyRequest/Page_Store/input_txttotal' is: '10'

2018-06-09 20:22:06 - [TEST_STEP][PASSED] - Statement - out.println("Requested QTY : " + RequestedQty): null

2018-06-09 20:22:06 - [TEST_STEP][PASSED] - Statement - BatchNumber = com.kms.katalon.core.webui.keyword.WebUiBuiltInKeywords.getNumberOfTotalOption(com.kms.katalon.core.testobject.ObjectRepository.findTestObject(PharmacyRequest/Page_Store/select_--Select--BA50)): 4 options of object 'Object Repository/PharmacyRequest/Page_Store/select_--Select--BA50' counted

2018-06-09 20:22:06 - [MESSAGE][PASSED] - 4 options of object 'Object Repository/PharmacyRequest/Page_Store/select_--Select--BA50' counted

2018-06-09 20:22:06 - [TEST_STEP][PASSED] - Statement - For ([g = 1, g <= BatchNumber - 1, (g++)]): null

2018-06-09 20:22:06 - [TEST_STEP][PASSED] - selectOptionByIndex: All options with index in [1] are selected on object 'Object Repository/PharmacyRequest/Page_Store/select_--Select--BA50'

2018-06-09 20:22:06 - [MESSAGE][PASSED] - All options with index in [1] are selected on object 'Object Repository/PharmacyRequest/Page_Store/select_--Select--BA50'

2018-06-09 20:22:06 - [TEST_STEP][PASSED] - delay: Delayed 2 second(s)

2018-06-09 20:22:08 - [MESSAGE][PASSED] - Delayed 2 second(s)

2018-06-09 20:22:08 - [TEST_STEP][PASSED] - Statement - StockQty = com.kms.katalon.core.webui.keyword.WebUiBuiltInKeywords.getAttribute(com.kms.katalon.core.testobject.ObjectRepository.findTestObject(PharmacyRequest/Page_Store/input_txtprice), "value"): Attribute 'value' of object 'Object Repository/PharmacyRequest/Page_Store/input_txtprice' is: '830'

2018-06-09 20:22:08 - [MESSAGE][PASSED] - Attribute 'value' of object 'Object Repository/PharmacyRequest/Page_Store/input_txtprice' is: '830'

2018-06-09 20:22:08 - [TEST_STEP][PASSED] - Statement - out.println("Stock QTY : " + StockQty): null

2018-06-09 20:22:08 - [TEST_STEP][PASSED] - delay: Delayed 1 second(s)

2018-06-09 20:22:09 - [MESSAGE][PASSED] - Delayed 1 second(s)

2018-06-09 20:22:09 - [TEST_STEP][PASSED] - Statement - If (java.lang.Integer.valueOf(StockQty) >= java.lang.Integer.valueOf(RequestedQty)): null

2018-06-09 20:22:09 - [TEST_STEP][PASSED] - setText: Text '10' is set on object 'Object Repository/PharmacyRequest/Page_Store/input_txtqty'

2018-06-09 20:22:09 - [MESSAGE][PASSED] - Text '10' is set on object 'Object Repository/PharmacyRequest/Page_Store/input_txtqty'

2018-06-09 20:22:09 - [TEST_STEP][PASSED] - click: Object: 'Object Repository/PharmacyRequest/Page_Store/button_Add' is clicked on

2018-06-09 20:22:09 - [MESSAGE][PASSED] - Object: 'Object Repository/PharmacyRequest/Page_Store/button_Add' is clicked on

2018-06-09 20:22:09 - [TEST_STEP][PASSED] - Statement - Break: null

2018-06-09 20:22:09 - [TEST_STEP][PASSED] - selectOptionByIndex: All options with index in [42] are selected on object 'Object Repository/PharmacyRequest/Page_Store/select_--Select--Amlodepin -5'

2018-06-09 20:22:10 - [MESSAGE][PASSED] - All options with index in [42] are selected on object 'Object Repository/PharmacyRequest/Page_Store/select_--Select--Amlodepin -5'

2018-06-09 20:22:10 - [TEST_STEP][PASSED] - delay: Delayed 1 second(s)

2018-06-09 20:22:11 - [MESSAGE][PASSED] - Delayed 1 second(s)

2018-06-09 20:22:11 - [TEST_STEP][PASSED] - Statement - RequestedQty = com.kms.katalon.core.webui.keyword.WebUiBuiltInKeywords.getAttribute(com.kms.katalon.core.testobject.ObjectRepository.findTestObject(PharmacyRequest/Page_Store/input_txttotal), "value"): Attribute 'value' of object 'Object Repository/PharmacyRequest/Page_Store/input_txttotal' is: '10'

2018-06-09 20:22:11 - [MESSAGE][PASSED] - Attribute 'value' of object 'Object Repository/PharmacyRequest/Page_Store/input_txttotal' is: '10'

2018-06-09 20:22:11 - [TEST_STEP][PASSED] - Statement - out.println("Requested QTY : " + RequestedQty): null

2018-06-09 20:22:11 - [TEST_STEP][PASSED] - Statement - BatchNumber = com.kms.katalon.core.webui.keyword.WebUiBuiltInKeywords.getNumberOfTotalOption(com.kms.katalon.core.testobject.ObjectRepository.findTestObject(PharmacyRequest/Page_Store/select_--Select--BA50)): 3 options of object 'Object Repository/PharmacyRequest/Page_Store/select_--Select--BA50' counted

2018-06-09 20:22:11 - [MESSAGE][PASSED] - 3 options of object 'Object Repository/PharmacyRequest/Page_Store/select_--Select--BA50' counted

2018-06-09 20:22:11 - [TEST_STEP][PASSED] - Statement - For ([g = 1, g <= BatchNumber - 1, (g++)]): null

2018-06-09 20:22:11 - [TEST_STEP][PASSED] - selectOptionByIndex: All options with index in [1] are selected on object 'Object Repository/PharmacyRequest/Page_Store/select_--Select--BA50'

2018-06-09 20:22:11 - [MESSAGE][PASSED] - All options with index in [1] are selected on object 'Object Repository/PharmacyRequest/Page_Store/select_--Select--BA50'

2018-06-09 20:22:11 - [TEST_STEP][PASSED] - delay: Delayed 2 second(s)

2018-06-09 20:22:13 - [MESSAGE][PASSED] - Delayed 2 second(s)

2018-06-09 20:22:13 - [TEST_STEP][PASSED] - Statement - StockQty = com.kms.katalon.core.webui.keyword.WebUiBuiltInKeywords.getAttribute(com.kms.katalon.core.testobject.ObjectRepository.findTestObject(PharmacyRequest/Page_Store/input_txtprice), "value"): Attribute 'value' of object 'Object Repository/PharmacyRequest/Page_Store/input_txtprice' is: '530'

2018-06-09 20:22:13 - [MESSAGE][PASSED] - Attribute 'value' of object 'Object Repository/PharmacyRequest/Page_Store/input_txtprice' is: '530'

2018-06-09 20:22:13 - [TEST_STEP][PASSED] - Statement - out.println("Stock QTY : " + StockQty): null

2018-06-09 20:22:13 - [TEST_STEP][PASSED] - delay: Delayed 1 second(s)

2018-06-09 20:22:14 - [MESSAGE][PASSED] - Delayed 1 second(s)

2018-06-09 20:22:14 - [TEST_STEP][PASSED] - Statement - If (java.lang.Integer.valueOf(StockQty) >= java.lang.Integer.valueOf(RequestedQty)): null

2018-06-09 20:22:14 - [TEST_STEP][PASSED] - setText: Text '10' is set on object 'Object Repository/PharmacyRequest/Page_Store/input_txtqty'

2018-06-09 20:22:14 - [MESSAGE][PASSED] - Text '10' is set on object 'Object Repository/PharmacyRequest/Page_Store/input_txtqty'

2018-06-09 20:22:14 - [TEST_STEP][PASSED] - click: Object: 'Object Repository/PharmacyRequest/Page_Store/button_Add' is clicked on

2018-06-09 20:22:14 - [MESSAGE][PASSED] - Object: 'Object Repository/PharmacyRequest/Page_Store/button_Add' is clicked on

2018-06-09 20:22:14 - [TEST_STEP][PASSED] - Statement - Break: null

2018-06-09 20:22:14 - [TEST_STEP][PASSED] - selectOptionByIndex: All options with index in [43] are selected on object 'Object Repository/PharmacyRequest/Page_Store/select_--Select--Amlodepin -5'

2018-06-09 20:22:15 - [MESSAGE][PASSED] - All options with index in [43] are selected on object 'Object Repository/PharmacyRequest/Page_Store/select_--Select--Amlodepin -5'

2018-06-09 20:22:15 - [TEST_STEP][PASSED] - delay: Delayed 1 second(s)

2018-06-09 20:22:16 - [MESSAGE][PASSED] - Delayed 1 second(s)

2018-06-09 20:22:16 - [TEST_STEP][PASSED] - Statement - RequestedQty = com.kms.katalon.core.webui.keyword.WebUiBuiltInKeywords.getAttribute(com.kms.katalon.core.testobject.ObjectRepository.findTestObject(PharmacyRequest/Page_Store/input_txttotal), "value"): Attribute 'value' of object 'Object Repository/PharmacyRequest/Page_Store/input_txttotal' is: '10'

2018-06-09 20:22:16 - [MESSAGE][PASSED] - Attribute 'value' of object 'Object Repository/PharmacyRequest/Page_Store/input_txttotal' is: '10'

2018-06-09 20:22:16 - [TEST_STEP][PASSED] - Statement - out.println("Requested QTY : " + RequestedQty): null

2018-06-09 20:22:16 - [TEST_STEP][PASSED] - Statement - BatchNumber = com.kms.katalon.core.webui.keyword.WebUiBuiltInKeywords.getNumberOfTotalOption(com.kms.katalon.core.testobject.ObjectRepository.findTestObject(PharmacyRequest/Page_Store/select_--Select--BA50)): 3 options of object 'Object Repository/PharmacyRequest/Page_Store/select_--Select--BA50' counted

2018-06-09 20:22:16 - [MESSAGE][PASSED] - 3 options of object 'Object Repository/PharmacyRequest/Page_Store/select_--Select--BA50' counted

2018-06-09 20:22:16 - [TEST_STEP][PASSED] - Statement - For ([g = 1, g <= BatchNumber - 1, (g++)]): null

2018-06-09 20:22:16 - [TEST_STEP][PASSED] - selectOptionByIndex: All options with index in [1] are selected on object 'Object Repository/PharmacyRequest/Page_Store/select_--Select--BA50'

2018-06-09 20:22:16 - [MESSAGE][PASSED] - All options with index in [1] are selected on object 'Object Repository/PharmacyRequest/Page_Store/select_--Select--BA50'

2018-06-09 20:22:16 - [TEST_STEP][PASSED] - delay: Delayed 2 second(s)

2018-06-09 20:22:18 - [MESSAGE][PASSED] - Delayed 2 second(s)

2018-06-09 20:22:18 - [TEST_STEP][PASSED] - Statement - StockQty = com.kms.katalon.core.webui.keyword.WebUiBuiltInKeywords.getAttribute(com.kms.katalon.core.testobject.ObjectRepository.findTestObject(PharmacyRequest/Page_Store/input_txtprice), "value"): Attribute 'value' of object 'Object Repository/PharmacyRequest/Page_Store/input_txtprice' is: '1790'

2018-06-09 20:22:18 - [MESSAGE][PASSED] - Attribute 'value' of object 'Object Repository/PharmacyRequest/Page_Store/input_txtprice' is: '1790'

2018-06-09 20:22:18 - [TEST_STEP][PASSED] - Statement - out.println("Stock QTY : " + StockQty): null

2018-06-09 20:22:18 - [TEST_STEP][PASSED] - delay: Delayed 1 second(s)

2018-06-09 20:22:19 - [MESSAGE][PASSED] - Delayed 1 second(s)

2018-06-09 20:22:19 - [TEST_STEP][PASSED] - Statement - If (java.lang.Integer.valueOf(StockQty) >= java.lang.Integer.valueOf(RequestedQty)): null

2018-06-09 20:22:19 - [TEST_STEP][PASSED] - setText: Text '10' is set on object 'Object Repository/PharmacyRequest/Page_Store/input_txtqty'

2018-06-09 20:22:19 - [MESSAGE][PASSED] - Text '10' is set on object 'Object Repository/PharmacyRequest/Page_Store/input_txtqty'

2018-06-09 20:22:19 - [TEST_STEP][PASSED] - click: Object: 'Object Repository/PharmacyRequest/Page_Store/button_Add' is clicked on

2018-06-09 20:22:19 - [MESSAGE][PASSED] - Object: 'Object Repository/PharmacyRequest/Page_Store/button_Add' is clicked on

2018-06-09 20:22:19 - [TEST_STEP][PASSED] - Statement - Break: null

2018-06-09 20:22:19 - [TEST_STEP][PASSED] - selectOptionByIndex: All options with index in [44] are selected on object 'Object Repository/PharmacyRequest/Page_Store/select_--Select--Amlodepin -5'

2018-06-09 20:22:19 - [MESSAGE][PASSED] - All options with index in [44] are selected on object 'Object Repository/PharmacyRequest/Page_Store/select_--Select--Amlodepin -5'

2018-06-09 20:22:19 - [TEST_STEP][PASSED] - delay: Delayed 1 second(s)

2018-06-09 20:22:20 - [MESSAGE][PASSED] - Delayed 1 second(s)

2018-06-09 20:22:20 - [TEST_STEP][PASSED] - Statement - RequestedQty = com.kms.katalon.core.webui.keyword.WebUiBuiltInKeywords.getAttribute(com.kms.katalon.core.testobject.ObjectRepository.findTestObject(PharmacyRequest/Page_Store/input_txttotal), "value"): Attribute 'value' of object 'Object Repository/PharmacyRequest/Page_Store/input_txttotal' is: '10'

2018-06-09 20:22:20 - [MESSAGE][PASSED] - Attribute 'value' of object 'Object Repository/PharmacyRequest/Page_Store/input_txttotal' is: '10'

2018-06-09 20:22:20 - [TEST_STEP][PASSED] - Statement - out.println("Requested QTY : " + RequestedQty): null

2018-06-09 20:22:20 - [TEST_STEP][PASSED] - Statement - BatchNumber = com.kms.katalon.core.webui.keyword.WebUiBuiltInKeywords.getNumberOfTotalOption(com.kms.katalon.core.testobject.ObjectRepository.findTestObject(PharmacyRequest/Page_Store/select_--Select--BA50)): 3 options of object 'Object Repository/PharmacyRequest/Page_Store/select_--Select--BA50' counted

2018-06-09 20:22:21 - [MESSAGE][PASSED] - 3 options of object 'Object Repository/PharmacyRequest/Page_Store/select_--Select--BA50' counted

2018-06-09 20:22:21 - [TEST_STEP][PASSED] - Statement - For ([g = 1, g <= BatchNumber - 1, (g++)]): null

2018-06-09 20:22:21 - [TEST_STEP][PASSED] - selectOptionByIndex: All options with index in [1] are selected on object 'Object Repository/PharmacyRequest/Page_Store/select_--Select--BA50'

2018-06-09 20:22:21 - [MESSAGE][PASSED] - All options with index in [1] are selected on object 'Object Repository/PharmacyRequest/Page_Store/select_--Select--BA50'

2018-06-09 20:22:21 - [TEST_STEP][PASSED] - delay: Delayed 2 second(s)

2018-06-09 20:22:23 - [MESSAGE][PASSED] - Delayed 2 second(s)

2018-06-09 20:22:23 - [TEST_STEP][PASSED] - Statement - StockQty = com.kms.katalon.core.webui.keyword.WebUiBuiltInKeywords.getAttribute(com.kms.katalon.core.testobject.ObjectRepository.findTestObject(PharmacyRequest/Page_Store/input_txtprice), "value"): Attribute 'value' of object 'Object Repository/PharmacyRequest/Page_Store/input_txtprice' is: '830'

2018-06-09 20:22:23 - [MESSAGE][PASSED] - Attribute 'value' of object 'Object Repository/PharmacyRequest/Page_Store/input_txtprice' is: '830'

2018-06-09 20:22:23 - [TEST_STEP][PASSED] - Statement - out.println("Stock QTY : " + StockQty): null

2018-06-09 20:22:23 - [TEST_STEP][PASSED] - delay: Delayed 1 second(s)

2018-06-09 20:22:24 - [MESSAGE][PASSED] - Delayed 1 second(s)

2018-06-09 20:22:24 - [TEST_STEP][PASSED] - Statement - If (java.lang.Integer.valueOf(StockQty) >= java.lang.Integer.valueOf(RequestedQty)): null

2018-06-09 20:22:24 - [TEST_STEP][PASSED] - setText: Text '10' is set on object 'Object Repository/PharmacyRequest/Page_Store/input_txtqty'

2018-06-09 20:22:24 - [MESSAGE][PASSED] - Text '10' is set on object 'Object Repository/PharmacyRequest/Page_Store/input_txtqty'

2018-06-09 20:22:24 - [TEST_STEP][PASSED] - click: Object: 'Object Repository/PharmacyRequest/Page_Store/button_Add' is clicked on

2018-06-09 20:22:24 - [MESSAGE][PASSED] - Object: 'Object Repository/PharmacyRequest/Page_Store/button_Add' is clicked on

2018-06-09 20:22:24 - [TEST_STEP][PASSED] - Statement - Break: null

2018-06-09 20:22:24 - [TEST_STEP][PASSED] - selectOptionByIndex: All options with index in [45] are selected on object 'Object Repository/PharmacyRequest/Page_Store/select_--Select--Amlodepin -5'

2018-06-09 20:22:24 - [MESSAGE][PASSED] - All options with index in [45] are selected on object 'Object Repository/PharmacyRequest/Page_Store/select_--Select--Amlodepin -5'

2018-06-09 20:22:24 - [TEST_STEP][PASSED] - delay: Delayed 1 second(s)

2018-06-09 20:22:25 - [MESSAGE][PASSED] - Delayed 1 second(s)

2018-06-09 20:22:25 - [TEST_STEP][PASSED] - Statement - RequestedQty = com.kms.katalon.core.webui.keyword.WebUiBuiltInKeywords.getAttribute(com.kms.katalon.core.testobject.ObjectRepository.findTestObject(PharmacyRequest/Page_Store/input_txttotal), "value"): Attribute 'value' of object 'Object Repository/PharmacyRequest/Page_Store/input_txttotal' is: '10'

2018-06-09 20:22:25 - [MESSAGE][PASSED] - Attribute 'value' of object 'Object Repository/PharmacyRequest/Page_Store/input_txttotal' is: '10'

2018-06-09 20:22:25 - [TEST_STEP][PASSED] - Statement - out.println("Requested QTY : " + RequestedQty): null

2018-06-09 20:22:25 - [TEST_STEP][PASSED] - Statement - BatchNumber = com.kms.katalon.core.webui.keyword.WebUiBuiltInKeywords.getNumberOfTotalOption(com.kms.katalon.core.testobject.ObjectRepository.findTestObject(PharmacyRequest/Page_Store/select_--Select--BA50)): 5 options of object 'Object Repository/PharmacyRequest/Page_Store/select_--Select--BA50' counted

2018-06-09 20:22:25 - [MESSAGE][PASSED] - 5 options of object 'Object Repository/PharmacyRequest/Page_Store/select_--Select--BA50' counted

2018-06-09 20:22:25 - [TEST_STEP][PASSED] - Statement - For ([g = 1, g <= BatchNumber - 1, (g++)]): null

2018-06-09 20:22:25 - [TEST_STEP][PASSED] - selectOptionByIndex: All options with index in [1] are selected on object 'Object Repository/PharmacyRequest/Page_Store/select_--Select--BA50'

2018-06-09 20:22:26 - [MESSAGE][PASSED] - All options with index in [1] are selected on object 'Object Repository/PharmacyRequest/Page_Store/select_--Select--BA50'

2018-06-09 20:22:26 - [TEST_STEP][PASSED] - delay: Delayed 2 second(s)

2018-06-09 20:22:28 - [MESSAGE][PASSED] - Delayed 2 second(s)

2018-06-09 20:22:28 - [TEST_STEP][PASSED] - Statement - StockQty = com.kms.katalon.core.webui.keyword.WebUiBuiltInKeywords.getAttribute(com.kms.katalon.core.testobject.ObjectRepository.findTestObject(PharmacyRequest/Page_Store/input_txtprice), "value"): Attribute 'value' of object 'Object Repository/PharmacyRequest/Page_Store/input_txtprice' is: '530'

2018-06-09 20:22:28 - [MESSAGE][PASSED] - Attribute 'value' of object 'Object Repository/PharmacyRequest/Page_Store/input_txtprice' is: '530'

2018-06-09 20:22:28 - [TEST_STEP][PASSED] - Statement - out.println("Stock QTY : " + StockQty): null

2018-06-09 20:22:28 - [TEST_STEP][PASSED] - delay: Delayed 1 second(s)

2018-06-09 20:22:29 - [MESSAGE][PASSED] - Delayed 1 second(s)

2018-06-09 20:22:29 - [TEST_STEP][PASSED] - Statement - If (java.lang.Integer.valueOf(StockQty) >= java.lang.Integer.valueOf(RequestedQty)): null

2018-06-09 20:22:29 - [TEST_STEP][PASSED] - setText: Text '10' is set on object 'Object Repository/PharmacyRequest/Page_Store/input_txtqty'

2018-06-09 20:22:29 - [MESSAGE][PASSED] - Text '10' is set on object 'Object Repository/PharmacyRequest/Page_Store/input_txtqty'

2018-06-09 20:22:29 - [TEST_STEP][PASSED] - click: Object: 'Object Repository/PharmacyRequest/Page_Store/button_Add' is clicked on

2018-06-09 20:22:29 - [MESSAGE][PASSED] - Object: 'Object Repository/PharmacyRequest/Page_Store/button_Add' is clicked on

2018-06-09 20:22:29 - [TEST_STEP][PASSED] - Statement - Break: null

2018-06-09 20:22:29 - [TEST_STEP][PASSED] - selectOptionByIndex: All options with index in [46] are selected on object 'Object Repository/PharmacyRequest/Page_Store/select_--Select--Amlodepin -5'

2018-06-09 20:22:29 - [MESSAGE][PASSED] - All options with index in [46] are selected on object 'Object Repository/PharmacyRequest/Page_Store/select_--Select--Amlodepin -5'

2018-06-09 20:22:29 - [TEST_STEP][PASSED] - delay: Delayed 1 second(s)

2018-06-09 20:22:30 - [MESSAGE][PASSED] - Delayed 1 second(s)

2018-06-09 20:22:30 - [TEST_STEP][PASSED] - Statement - RequestedQty = com.kms.katalon.core.webui.keyword.WebUiBuiltInKeywords.getAttribute(com.kms.katalon.core.testobject.ObjectRepository.findTestObject(PharmacyRequest/Page_Store/input_txttotal), "value"): Attribute 'value' of object 'Object Repository/PharmacyRequest/Page_Store/input_txttotal' is: '10'

2018-06-09 20:22:30 - [MESSAGE][PASSED] - Attribute 'value' of object 'Object Repository/PharmacyRequest/Page_Store/input_txttotal' is: '10'

2018-06-09 20:22:30 - [TEST_STEP][PASSED] - Statement - out.println("Requested QTY : " + RequestedQty): null

2018-06-09 20:22:30 - [TEST_STEP][PASSED] - Statement - BatchNumber = com.kms.katalon.core.webui.keyword.WebUiBuiltInKeywords.getNumberOfTotalOption(com.kms.katalon.core.testobject.ObjectRepository.findTestObject(PharmacyRequest/Page_Store/select_--Select--BA50)): 3 options of object 'Object Repository/PharmacyRequest/Page_Store/select_--Select--BA50' counted

2018-06-09 20:22:30 - [MESSAGE][PASSED] - 3 options of object 'Object Repository/PharmacyRequest/Page_Store/select_--Select--BA50' counted

2018-06-09 20:22:30 - [TEST_STEP][PASSED] - Statement - For ([g = 1, g <= BatchNumber - 1, (g++)]): null

2018-06-09 20:22:30 - [TEST_STEP][PASSED] - selectOptionByIndex: All options with index in [1] are selected on object 'Object Repository/PharmacyRequest/Page_Store/select_--Select--BA50'

2018-06-09 20:22:30 - [MESSAGE][PASSED] - All options with index in [1] are selected on object 'Object Repository/PharmacyRequest/Page_Store/select_--Select--BA50'

2018-06-09 20:22:30 - [TEST_STEP][PASSED] - delay: Delayed 2 second(s)

2018-06-09 20:22:32 - [MESSAGE][PASSED] - Delayed 2 second(s)

2018-06-09 20:22:32 - [TEST_STEP][PASSED] - Statement - StockQty = com.kms.katalon.core.webui.keyword.WebUiBuiltInKeywords.getAttribute(com.kms.katalon.core.testobject.ObjectRepository.findTestObject(PharmacyRequest/Page_Store/input_txtprice), "value"): Attribute 'value' of object 'Object Repository/PharmacyRequest/Page_Store/input_txtprice' is: '260'

2018-06-09 20:22:32 - [MESSAGE][PASSED] - Attribute 'value' of object 'Object Repository/PharmacyRequest/Page_Store/input_txtprice' is: '260'

2018-06-09 20:22:32 - [TEST_STEP][PASSED] - Statement - out.println("Stock QTY : " + StockQty): null

2018-06-09 20:22:32 - [TEST_STEP][PASSED] - delay: Delayed 1 second(s)

2018-06-09 20:22:33 - [MESSAGE][PASSED] - Delayed 1 second(s)

2018-06-09 20:22:33 - [TEST_STEP][PASSED] - Statement - If (java.lang.Integer.valueOf(StockQty) >= java.lang.Integer.valueOf(RequestedQty)): null

2018-06-09 20:22:33 - [TEST_STEP][PASSED] - setText: Text '10' is set on object 'Object Repository/PharmacyRequest/Page_Store/input_txtqty'

2018-06-09 20:22:34 - [MESSAGE][PASSED] - Text '10' is set on object 'Object Repository/PharmacyRequest/Page_Store/input_txtqty'

2018-06-09 20:22:34 - [TEST_STEP][PASSED] - click: Object: 'Object Repository/PharmacyRequest/Page_Store/button_Add' is clicked on

2018-06-09 20:22:34 - [MESSAGE][PASSED] - Object: 'Object Repository/PharmacyRequest/Page_Store/button_Add' is clicked on

2018-06-09 20:22:34 - [TEST_STEP][PASSED] - Statement - Break: null

2018-06-09 20:22:34 - [TEST_STEP][PASSED] - selectOptionByIndex: All options with index in [47] are selected on object 'Object Repository/PharmacyRequest/Page_Store/select_--Select--Amlodepin -5'

2018-06-09 20:22:34 - [MESSAGE][PASSED] - All options with index in [47] are selected on object 'Object Repository/PharmacyRequest/Page_Store/select_--Select--Amlodepin -5'

2018-06-09 20:22:34 - [TEST_STEP][PASSED] - delay: Delayed 1 second(s)

2018-06-09 20:22:35 - [MESSAGE][PASSED] - Delayed 1 second(s)

2018-06-09 20:22:35 - [TEST_STEP][PASSED] - Statement - RequestedQty = com.kms.katalon.core.webui.keyword.WebUiBuiltInKeywords.getAttribute(com.kms.katalon.core.testobject.ObjectRepository.findTestObject(PharmacyRequest/Page_Store/input_txttotal), "value"): Attribute 'value' of object 'Object Repository/PharmacyRequest/Page_Store/input_txttotal' is: '10'

2018-06-09 20:22:35 - [MESSAGE][PASSED] - Attribute 'value' of object 'Object Repository/PharmacyRequest/Page_Store/input_txttotal' is: '10'

2018-06-09 20:22:35 - [TEST_STEP][PASSED] - Statement - out.println("Requested QTY : " + RequestedQty): null

2018-06-09 20:22:35 - [TEST_STEP][PASSED] - Statement - BatchNumber = com.kms.katalon.core.webui.keyword.WebUiBuiltInKeywords.getNumberOfTotalOption(com.kms.katalon.core.testobject.ObjectRepository.findTestObject(PharmacyRequest/Page_Store/select_--Select--BA50)): 3 options of object 'Object Repository/PharmacyRequest/Page_Store/select_--Select--BA50' counted

2018-06-09 20:22:35 - [MESSAGE][PASSED] - 3 options of object 'Object Repository/PharmacyRequest/Page_Store/select_--Select--BA50' counted

2018-06-09 20:22:35 - [TEST_STEP][PASSED] - Statement - For ([g = 1, g <= BatchNumber - 1, (g++)]): null

2018-06-09 20:22:35 - [TEST_STEP][PASSED] - selectOptionByIndex: All options with index in [1] are selected on object 'Object Repository/PharmacyRequest/Page_Store/select_--Select--BA50'

2018-06-09 20:22:35 - [MESSAGE][PASSED] - All options with index in [1] are selected on object 'Object Repository/PharmacyRequest/Page_Store/select_--Select--BA50'

2018-06-09 20:22:35 - [TEST_STEP][PASSED] - delay: Delayed 2 second(s)

2018-06-09 20:22:37 - [MESSAGE][PASSED] - Delayed 2 second(s)

2018-06-09 20:22:37 - [TEST_STEP][PASSED] - Statement - StockQty = com.kms.katalon.core.webui.keyword.WebUiBuiltInKeywords.getAttribute(com.kms.katalon.core.testobject.ObjectRepository.findTestObject(PharmacyRequest/Page_Store/input_txtprice), "value"): Attribute 'value' of object 'Object Repository/PharmacyRequest/Page_Store/input_txtprice' is: '530'

2018-06-09 20:22:37 - [MESSAGE][PASSED] - Attribute 'value' of object 'Object Repository/PharmacyRequest/Page_Store/input_txtprice' is: '530'

2018-06-09 20:22:37 - [TEST_STEP][PASSED] - Statement - out.println("Stock QTY : " + StockQty): null

2018-06-09 20:22:37 - [TEST_STEP][PASSED] - delay: Delayed 1 second(s)

2018-06-09 20:22:38 - [MESSAGE][PASSED] - Delayed 1 second(s)

2018-06-09 20:22:38 - [TEST_STEP][PASSED] - Statement - If (java.lang.Integer.valueOf(StockQty) >= java.lang.Integer.valueOf(RequestedQty)): null

2018-06-09 20:22:38 - [TEST_STEP][PASSED] - setText: Text '10' is set on object 'Object Repository/PharmacyRequest/Page_Store/input_txtqty'

2018-06-09 20:22:39 - [MESSAGE][PASSED] - Text '10' is set on object 'Object Repository/PharmacyRequest/Page_Store/input_txtqty'

2018-06-09 20:22:39 - [TEST_STEP][PASSED] - click: Object: 'Object Repository/PharmacyRequest/Page_Store/button_Add' is clicked on

2018-06-09 20:22:39 - [MESSAGE][PASSED] - Object: 'Object Repository/PharmacyRequest/Page_Store/button_Add' is clicked on

2018-06-09 20:22:39 - [TEST_STEP][PASSED] - Statement - Break: null

2018-06-09 20:22:39 - [TEST_STEP][PASSED] - selectOptionByIndex: All options with index in [48] are selected on object 'Object Repository/PharmacyRequest/Page_Store/select_--Select--Amlodepin -5'

2018-06-09 20:22:39 - [MESSAGE][PASSED] - All options with index in [48] are selected on object 'Object Repository/PharmacyRequest/Page_Store/select_--Select--Amlodepin -5'

2018-06-09 20:22:39 - [TEST_STEP][PASSED] - delay: Delayed 1 second(s)

2018-06-09 20:22:40 - [MESSAGE][PASSED] - Delayed 1 second(s)

2018-06-09 20:22:40 - [TEST_STEP][PASSED] - Statement - RequestedQty = com.kms.katalon.core.webui.keyword.WebUiBuiltInKeywords.getAttribute(com.kms.katalon.core.testobject.ObjectRepository.findTestObject(PharmacyRequest/Page_Store/input_txttotal), "value"): Attribute 'value' of object 'Object Repository/PharmacyRequest/Page_Store/input_txttotal' is: '10'

2018-06-09 20:22:40 - [MESSAGE][PASSED] - Attribute 'value' of object 'Object Repository/PharmacyRequest/Page_Store/input_txttotal' is: '10'

2018-06-09 20:22:40 - [TEST_STEP][PASSED] - Statement - out.println("Requested QTY : " + RequestedQty): null

2018-06-09 20:22:40 - [TEST_STEP][PASSED] - Statement - BatchNumber = com.kms.katalon.core.webui.keyword.WebUiBuiltInKeywords.getNumberOfTotalOption(com.kms.katalon.core.testobject.ObjectRepository.findTestObject(PharmacyRequest/Page_Store/select_--Select--BA50)): 4 options of object 'Object Repository/PharmacyRequest/Page_Store/select_--Select--BA50' counted

2018-06-09 20:22:40 - [MESSAGE][PASSED] - 4 options of object 'Object Repository/PharmacyRequest/Page_Store/select_--Select--BA50' counted

2018-06-09 20:22:40 - [TEST_STEP][PASSED] - Statement - For ([g = 1, g <= BatchNumber - 1, (g++)]): null

2018-06-09 20:22:40 - [TEST_STEP][PASSED] - selectOptionByIndex: All options with index in [1] are selected on object 'Object Repository/PharmacyRequest/Page_Store/select_--Select--BA50'

2018-06-09 20:22:40 - [MESSAGE][PASSED] - All options with index in [1] are selected on object 'Object Repository/PharmacyRequest/Page_Store/select_--Select--BA50'

2018-06-09 20:22:40 - [TEST_STEP][PASSED] - delay: Delayed 2 second(s)

2018-06-09 20:22:42 - [MESSAGE][PASSED] - Delayed 2 second(s)

2018-06-09 20:22:42 - [TEST_STEP][PASSED] - Statement - StockQty = com.kms.katalon.core.webui.keyword.WebUiBuiltInKeywords.getAttribute(com.kms.katalon.core.testobject.ObjectRepository.findTestObject(PharmacyRequest/Page_Store/input_txtprice), "value"): Attribute 'value' of object 'Object Repository/PharmacyRequest/Page_Store/input_txtprice' is: '830'

2018-06-09 20:22:42 - [MESSAGE][PASSED] - Attribute 'value' of object 'Object Repository/PharmacyRequest/Page_Store/input_txtprice' is: '830'

2018-06-09 20:22:42 - [TEST_STEP][PASSED] - Statement - out.println("Stock QTY : " + StockQty): null

2018-06-09 20:22:42 - [TEST_STEP][PASSED] - delay: Delayed 1 second(s)

2018-06-09 20:22:43 - [MESSAGE][PASSED] - Delayed 1 second(s)

2018-06-09 20:22:43 - [TEST_STEP][PASSED] - Statement - If (java.lang.Integer.valueOf(StockQty) >= java.lang.Integer.valueOf(RequestedQty)): null

2018-06-09 20:22:43 - [TEST_STEP][PASSED] - setText: Text '10' is set on object 'Object Repository/PharmacyRequest/Page_Store/input_txtqty'

2018-06-09 20:22:43 - [MESSAGE][PASSED] - Text '10' is set on object 'Object Repository/PharmacyRequest/Page_Store/input_txtqty'

2018-06-09 20:22:43 - [TEST_STEP][PASSED] - click: Object: 'Object Repository/PharmacyRequest/Page_Store/button_Add' is clicked on

2018-06-09 20:22:44 - [MESSAGE][PASSED] - Object: 'Object Repository/PharmacyRequest/Page_Store/button_Add' is clicked on

2018-06-09 20:22:44 - [TEST_STEP][PASSED] - Statement - Break: null

2018-06-09 20:22:44 - [TEST_STEP][PASSED] - selectOptionByIndex: All options with index in [49] are selected on object 'Object Repository/PharmacyRequest/Page_Store/select_--Select--Amlodepin -5'

2018-06-09 20:22:44 - [MESSAGE][PASSED] - All options with index in [49] are selected on object 'Object Repository/PharmacyRequest/Page_Store/select_--Select--Amlodepin -5'

2018-06-09 20:22:44 - [TEST_STEP][PASSED] - delay: Delayed 1 second(s)

2018-06-09 20:22:45 - [MESSAGE][PASSED] - Delayed 1 second(s)

2018-06-09 20:22:45 - [TEST_STEP][PASSED] - Statement - RequestedQty = com.kms.katalon.core.webui.keyword.WebUiBuiltInKeywords.getAttribute(com.kms.katalon.core.testobject.ObjectRepository.findTestObject(PharmacyRequest/Page_Store/input_txttotal), "value"): Attribute 'value' of object 'Object Repository/PharmacyRequest/Page_Store/input_txttotal' is: '10'

2018-06-09 20:22:45 - [MESSAGE][PASSED] - Attribute 'value' of object 'Object Repository/PharmacyRequest/Page_Store/input_txttotal' is: '10'

2018-06-09 20:22:45 - [TEST_STEP][PASSED] - Statement - out.println("Requested QTY : " + RequestedQty): null

2018-06-09 20:22:45 - [TEST_STEP][PASSED] - Statement - BatchNumber = com.kms.katalon.core.webui.keyword.WebUiBuiltInKeywords.getNumberOfTotalOption(com.kms.katalon.core.testobject.ObjectRepository.findTestObject(PharmacyRequest/Page_Store/select_--Select--BA50)): 2 options of object 'Object Repository/PharmacyRequest/Page_Store/select_--Select--BA50' counted

2018-06-09 20:22:45 - [MESSAGE][PASSED] - 2 options of object 'Object Repository/PharmacyRequest/Page_Store/select_--Select--BA50' counted

2018-06-09 20:22:45 - [TEST_STEP][PASSED] - Statement - For ([g = 1, g <= BatchNumber - 1, (g++)]): null

2018-06-09 20:22:45 - [TEST_STEP][PASSED] - selectOptionByIndex: All options with index in [1] are selected on object 'Object Repository/PharmacyRequest/Page_Store/select_--Select--BA50'

2018-06-09 20:22:45 - [MESSAGE][PASSED] - All options with index in [1] are selected on object 'Object Repository/PharmacyRequest/Page_Store/select_--Select--BA50'

2018-06-09 20:22:45 - [TEST_STEP][PASSED] - delay: Delayed 2 second(s)

2018-06-09 20:22:47 - [MESSAGE][PASSED] - Delayed 2 second(s)

2018-06-09 20:22:47 - [TEST_STEP][PASSED] - Statement - StockQty = com.kms.katalon.core.webui.keyword.WebUiBuiltInKeywords.getAttribute(com.kms.katalon.core.testobject.ObjectRepository.findTestObject(PharmacyRequest/Page_Store/input_txtprice), "value"): Attribute 'value' of object 'Object Repository/PharmacyRequest/Page_Store/input_txtprice' is: '1990'

2018-06-09 20:22:47 - [MESSAGE][PASSED] - Attribute 'value' of object 'Object Repository/PharmacyRequest/Page_Store/input_txtprice' is: '1990'

2018-06-09 20:22:47 - [TEST_STEP][PASSED] - Statement - out.println("Stock QTY : " + StockQty): null

2018-06-09 20:22:47 - [TEST_STEP][PASSED] - delay: Delayed 1 second(s)

2018-06-09 20:22:48 - [MESSAGE][PASSED] - Delayed 1 second(s)

2018-06-09 20:22:48 - [TEST_STEP][PASSED] - Statement - If (java.lang.Integer.valueOf(StockQty) >= java.lang.Integer.valueOf(RequestedQty)): null

2018-06-09 20:22:48 - [TEST_STEP][PASSED] - setText: Text '10' is set on object 'Object Repository/PharmacyRequest/Page_Store/input_txtqty'

2018-06-09 20:22:48 - [MESSAGE][PASSED] - Text '10' is set on object 'Object Repository/PharmacyRequest/Page_Store/input_txtqty'

2018-06-09 20:22:48 - [TEST_STEP][PASSED] - click: Object: 'Object Repository/PharmacyRequest/Page_Store/button_Add' is clicked on

2018-06-09 20:22:49 - [MESSAGE][PASSED] - Object: 'Object Repository/PharmacyRequest/Page_Store/button_Add' is clicked on

2018-06-09 20:22:49 - [TEST_STEP][PASSED] - Statement - Break: null

2018-06-09 20:22:49 - [TEST_STEP][PASSED] - selectOptionByIndex: All options with index in [50] are selected on object 'Object Repository/PharmacyRequest/Page_Store/select_--Select--Amlodepin -5'

2018-06-09 20:22:49 - [MESSAGE][PASSED] - All options with index in [50] are selected on object 'Object Repository/PharmacyRequest/Page_Store/select_--Select--Amlodepin -5'

2018-06-09 20:22:49 - [TEST_STEP][PASSED] - delay: Delayed 1 second(s)

2018-06-09 20:22:50 - [MESSAGE][PASSED] - Delayed 1 second(s)

2018-06-09 20:22:50 - [TEST_STEP][PASSED] - Statement - RequestedQty = com.kms.katalon.core.webui.keyword.WebUiBuiltInKeywords.getAttribute(com.kms.katalon.core.testobject.ObjectRepository.findTestObject(PharmacyRequest/Page_Store/input_txttotal), "value"): Attribute 'value' of object 'Object Repository/PharmacyRequest/Page_Store/input_txttotal' is: '10'

2018-06-09 20:22:50 - [MESSAGE][PASSED] - Attribute 'value' of object 'Object Repository/PharmacyRequest/Page_Store/input_txttotal' is: '10'

2018-06-09 20:22:50 - [TEST_STEP][PASSED] - Statement - out.println("Requested QTY : " + RequestedQty): null

2018-06-09 20:22:50 - [TEST_STEP][PASSED] - Statement - BatchNumber = com.kms.katalon.core.webui.keyword.WebUiBuiltInKeywords.getNumberOfTotalOption(com.kms.katalon.core.testobject.ObjectRepository.findTestObject(PharmacyRequest/Page_Store/select_--Select--BA50)): 3 options of object 'Object Repository/PharmacyRequest/Page_Store/select_--Select--BA50' counted

2018-06-09 20:22:50 - [MESSAGE][PASSED] - 3 options of object 'Object Repository/PharmacyRequest/Page_Store/select_--Select--BA50' counted

2018-06-09 20:22:50 - [TEST_STEP][PASSED] - Statement - For ([g = 1, g <= BatchNumber - 1, (g++)]): null

2018-06-09 20:22:50 - [TEST_STEP][PASSED] - selectOptionByIndex: All options with index in [1] are selected on object 'Object Repository/PharmacyRequest/Page_Store/select_--Select--BA50'

2018-06-09 20:22:50 - [MESSAGE][PASSED] - All options with index in [1] are selected on object 'Object Repository/PharmacyRequest/Page_Store/select_--Select--BA50'

2018-06-09 20:22:50 - [TEST_STEP][PASSED] - delay: Delayed 2 second(s)

2018-06-09 20:22:52 - [MESSAGE][PASSED] - Delayed 2 second(s)

2018-06-09 20:22:52 - [TEST_STEP][PASSED] - Statement - StockQty = com.kms.katalon.core.webui.keyword.WebUiBuiltInKeywords.getAttribute(com.kms.katalon.core.testobject.ObjectRepository.findTestObject(PharmacyRequest/Page_Store/input_txtprice), "value"): Attribute 'value' of object 'Object Repository/PharmacyRequest/Page_Store/input_txtprice' is: '830'

2018-06-09 20:22:52 - [MESSAGE][PASSED] - Attribute 'value' of object 'Object Repository/PharmacyRequest/Page_Store/input_txtprice' is: '830'

2018-06-09 20:22:52 - [TEST_STEP][PASSED] - Statement - out.println("Stock QTY : " + StockQty): null

2018-06-09 20:22:52 - [TEST_STEP][PASSED] - delay: Delayed 1 second(s)

2018-06-09 20:22:53 - [MESSAGE][PASSED] - Delayed 1 second(s)

2018-06-09 20:22:53 - [TEST_STEP][PASSED] - Statement - If (java.lang.Integer.valueOf(StockQty) >= java.lang.Integer.valueOf(RequestedQty)): null

2018-06-09 20:22:53 - [TEST_STEP][PASSED] - setText: Text '10' is set on object 'Object Repository/PharmacyRequest/Page_Store/input_txtqty'

2018-06-09 20:22:54 - [MESSAGE][PASSED] - Text '10' is set on object 'Object Repository/PharmacyRequest/Page_Store/input_txtqty'

2018-06-09 20:22:54 - [TEST_STEP][PASSED] - click: Object: 'Object Repository/PharmacyRequest/Page_Store/button_Add' is clicked on

2018-06-09 20:22:54 - [MESSAGE][PASSED] - Object: 'Object Repository/PharmacyRequest/Page_Store/button_Add' is clicked on

2018-06-09 20:22:54 - [TEST_STEP][PASSED] - Statement - Break: null

2018-06-09 20:22:54 - [TEST_STEP][PASSED] - selectOptionByIndex: All options with index in [51] are selected on object 'Object Repository/PharmacyRequest/Page_Store/select_--Select--Amlodepin -5'

2018-06-09 20:22:54 - [MESSAGE][PASSED] - All options with index in [51] are selected on object 'Object Repository/PharmacyRequest/Page_Store/select_--Select--Amlodepin -5'

2018-06-09 20:22:54 - [TEST_STEP][PASSED] - delay: Delayed 1 second(s)

2018-06-09 20:22:55 - [MESSAGE][PASSED] - Delayed 1 second(s)

2018-06-09 20:22:55 - [TEST_STEP][PASSED] - Statement - RequestedQty = com.kms.katalon.core.webui.keyword.WebUiBuiltInKeywords.getAttribute(com.kms.katalon.core.testobject.ObjectRepository.findTestObject(PharmacyRequest/Page_Store/input_txttotal), "value"): Attribute 'value' of object 'Object Repository/PharmacyRequest/Page_Store/input_txttotal' is: '10'

2018-06-09 20:22:55 - [MESSAGE][PASSED] - Attribute 'value' of object 'Object Repository/PharmacyRequest/Page_Store/input_txttotal' is: '10'

2018-06-09 20:22:55 - [TEST_STEP][PASSED] - Statement - out.println("Requested QTY : " + RequestedQty): null

2018-06-09 20:22:55 - [TEST_STEP][PASSED] - Statement - BatchNumber = com.kms.katalon.core.webui.keyword.WebUiBuiltInKeywords.getNumberOfTotalOption(com.kms.katalon.core.testobject.ObjectRepository.findTestObject(PharmacyRequest/Page_Store/select_--Select--BA50)): 3 options of object 'Object Repository/PharmacyRequest/Page_Store/select_--Select--BA50' counted

2018-06-09 20:22:55 - [MESSAGE][PASSED] - 3 options of object 'Object Repository/PharmacyRequest/Page_Store/select_--Select--BA50' counted

2018-06-09 20:22:55 - [TEST_STEP][PASSED] - Statement - For ([g = 1, g <= BatchNumber - 1, (g++)]): null

2018-06-09 20:22:55 - [TEST_STEP][PASSED] - selectOptionByIndex: All options with index in [1] are selected on object 'Object Repository/PharmacyRequest/Page_Store/select_--Select--BA50'

2018-06-09 20:22:55 - [MESSAGE][PASSED] - All options with index in [1] are selected on object 'Object Repository/PharmacyRequest/Page_Store/select_--Select--BA50'

2018-06-09 20:22:55 - [TEST_STEP][PASSED] - delay: Delayed 2 second(s)

2018-06-09 20:22:57 - [MESSAGE][PASSED] - Delayed 2 second(s)

2018-06-09 20:22:57 - [TEST_STEP][PASSED] - Statement - StockQty = com.kms.katalon.core.webui.keyword.WebUiBuiltInKeywords.getAttribute(com.kms.katalon.core.testobject.ObjectRepository.findTestObject(PharmacyRequest/Page_Store/input_txtprice), "value"): Attribute 'value' of object 'Object Repository/PharmacyRequest/Page_Store/input_txtprice' is: '840'

2018-06-09 20:22:57 - [MESSAGE][PASSED] - Attribute 'value' of object 'Object Repository/PharmacyRequest/Page_Store/input_txtprice' is: '840'

2018-06-09 20:22:57 - [TEST_STEP][PASSED] - Statement - out.println("Stock QTY : " + StockQty): null

2018-06-09 20:22:57 - [TEST_STEP][PASSED] - delay: Delayed 1 second(s)

2018-06-09 20:22:58 - [MESSAGE][PASSED] - Delayed 1 second(s)

2018-06-09 20:22:58 - [TEST_STEP][PASSED] - Statement - If (java.lang.Integer.valueOf(StockQty) >= java.lang.Integer.valueOf(RequestedQty)): null

2018-06-09 20:22:58 - [TEST_STEP][PASSED] - setText: Text '10' is set on object 'Object Repository/PharmacyRequest/Page_Store/input_txtqty'

2018-06-09 20:22:59 - [MESSAGE][PASSED] - Text '10' is set on object 'Object Repository/PharmacyRequest/Page_Store/input_txtqty'

2018-06-09 20:22:59 - [TEST_STEP][PASSED] - click: Object: 'Object Repository/PharmacyRequest/Page_Store/button_Add' is clicked on

2018-06-09 20:22:59 - [MESSAGE][PASSED] - Object: 'Object Repository/PharmacyRequest/Page_Store/button_Add' is clicked on

2018-06-09 20:22:59 - [TEST_STEP][PASSED] - Statement - Break: null

2018-06-09 20:22:59 - [TEST_STEP][PASSED] - selectOptionByIndex: All options with index in [52] are selected on object 'Object Repository/PharmacyRequest/Page_Store/select_--Select--Amlodepin -5'

2018-06-09 20:22:59 - [MESSAGE][PASSED] - All options with index in [52] are selected on object 'Object Repository/PharmacyRequest/Page_Store/select_--Select--Amlodepin -5'

2018-06-09 20:22:59 - [TEST_STEP][PASSED] - delay: Delayed 1 second(s)

2018-06-09 20:23:00 - [MESSAGE][PASSED] - Delayed 1 second(s)

2018-06-09 20:23:00 - [TEST_STEP][PASSED] - Statement - RequestedQty = com.kms.katalon.core.webui.keyword.WebUiBuiltInKeywords.getAttribute(com.kms.katalon.core.testobject.ObjectRepository.findTestObject(PharmacyRequest/Page_Store/input_txttotal), "value"): Attribute 'value' of object 'Object Repository/PharmacyRequest/Page_Store/input_txttotal' is: '10'

2018-06-09 20:23:00 - [MESSAGE][PASSED] - Attribute 'value' of object 'Object Repository/PharmacyRequest/Page_Store/input_txttotal' is: '10'

2018-06-09 20:23:00 - [TEST_STEP][PASSED] - Statement - out.println("Requested QTY : " + RequestedQty): null

2018-06-09 20:23:00 - [TEST_STEP][PASSED] - Statement - BatchNumber = com.kms.katalon.core.webui.keyword.WebUiBuiltInKeywords.getNumberOfTotalOption(com.kms.katalon.core.testobject.ObjectRepository.findTestObject(PharmacyRequest/Page_Store/select_--Select--BA50)): 3 options of object 'Object Repository/PharmacyRequest/Page_Store/select_--Select--BA50' counted

2018-06-09 20:23:00 - [MESSAGE][PASSED] - 3 options of object 'Object Repository/PharmacyRequest/Page_Store/select_--Select--BA50' counted

2018-06-09 20:23:00 - [TEST_STEP][PASSED] - Statement - For ([g = 1, g <= BatchNumber - 1, (g++)]): null

2018-06-09 20:23:00 - [TEST_STEP][PASSED] - selectOptionByIndex: All options with index in [1] are selected on object 'Object Repository/PharmacyRequest/Page_Store/select_--Select--BA50'

2018-06-09 20:23:00 - [MESSAGE][PASSED] - All options with index in [1] are selected on object 'Object Repository/PharmacyRequest/Page_Store/select_--Select--BA50'

2018-06-09 20:23:00 - [TEST_STEP][PASSED] - delay: Delayed 2 second(s)

2018-06-09 20:23:02 - [MESSAGE][PASSED] - Delayed 2 second(s)

2018-06-09 20:23:02 - [TEST_STEP][PASSED] - Statement - StockQty = com.kms.katalon.core.webui.keyword.WebUiBuiltInKeywords.getAttribute(com.kms.katalon.core.testobject.ObjectRepository.findTestObject(PharmacyRequest/Page_Store/input_txtprice), "value"): Attribute 'value' of object 'Object Repository/PharmacyRequest/Page_Store/input_txtprice' is: '830'

2018-06-09 20:23:02 - [MESSAGE][PASSED] - Attribute 'value' of object 'Object Repository/PharmacyRequest/Page_Store/input_txtprice' is: '830'

2018-06-09 20:23:02 - [TEST_STEP][PASSED] - Statement - out.println("Stock QTY : " + StockQty): null

2018-06-09 20:23:02 - [TEST_STEP][PASSED] - delay: Delayed 1 second(s)

2018-06-09 20:23:03 - [MESSAGE][PASSED] - Delayed 1 second(s)

2018-06-09 20:23:03 - [TEST_STEP][PASSED] - Statement - If (java.lang.Integer.valueOf(StockQty) >= java.lang.Integer.valueOf(RequestedQty)): null

2018-06-09 20:23:03 - [TEST_STEP][PASSED] - setText: Text '10' is set on object 'Object Repository/PharmacyRequest/Page_Store/input_txtqty'

2018-06-09 20:23:03 - [MESSAGE][PASSED] - Text '10' is set on object 'Object Repository/PharmacyRequest/Page_Store/input_txtqty'

2018-06-09 20:23:03 - [TEST_STEP][PASSED] - click: Object: 'Object Repository/PharmacyRequest/Page_Store/button_Add' is clicked on

2018-06-09 20:23:04 - [MESSAGE][PASSED] - Object: 'Object Repository/PharmacyRequest/Page_Store/button_Add' is clicked on

2018-06-09 20:23:04 - [TEST_STEP][PASSED] - Statement - Break: null

2018-06-09 20:23:04 - [TEST_STEP][PASSED] - selectOptionByIndex: All options with index in [53] are selected on object 'Object Repository/PharmacyRequest/Page_Store/select_--Select--Amlodepin -5'

2018-06-09 20:23:04 - [MESSAGE][PASSED] - All options with index in [53] are selected on object 'Object Repository/PharmacyRequest/Page_Store/select_--Select--Amlodepin -5'

2018-06-09 20:23:04 - [TEST_STEP][PASSED] - delay: Delayed 1 second(s)

2018-06-09 20:23:05 - [MESSAGE][PASSED] - Delayed 1 second(s)

2018-06-09 20:23:05 - [TEST_STEP][PASSED] - Statement - RequestedQty = com.kms.katalon.core.webui.keyword.WebUiBuiltInKeywords.getAttribute(com.kms.katalon.core.testobject.ObjectRepository.findTestObject(PharmacyRequest/Page_Store/input_txttotal), "value"): Attribute 'value' of object 'Object Repository/PharmacyRequest/Page_Store/input_txttotal' is: '10'

2018-06-09 20:23:05 - [MESSAGE][PASSED] - Attribute 'value' of object 'Object Repository/PharmacyRequest/Page_Store/input_txttotal' is: '10'

2018-06-09 20:23:05 - [TEST_STEP][PASSED] - Statement - out.println("Requested QTY : " + RequestedQty): null

2018-06-09 20:23:05 - [TEST_STEP][PASSED] - Statement - BatchNumber = com.kms.katalon.core.webui.keyword.WebUiBuiltInKeywords.getNumberOfTotalOption(com.kms.katalon.core.testobject.ObjectRepository.findTestObject(PharmacyRequest/Page_Store/select_--Select--BA50)): 3 options of object 'Object Repository/PharmacyRequest/Page_Store/select_--Select--BA50' counted

2018-06-09 20:23:05 - [MESSAGE][PASSED] - 3 options of object 'Object Repository/PharmacyRequest/Page_Store/select_--Select--BA50' counted

2018-06-09 20:23:05 - [TEST_STEP][PASSED] - Statement - For ([g = 1, g <= BatchNumber - 1, (g++)]): null

2018-06-09 20:23:05 - [TEST_STEP][PASSED] - selectOptionByIndex: All options with index in [1] are selected on object 'Object Repository/PharmacyRequest/Page_Store/select_--Select--BA50'

2018-06-09 20:23:05 - [MESSAGE][PASSED] - All options with index in [1] are selected on object 'Object Repository/PharmacyRequest/Page_Store/select_--Select--BA50'

2018-06-09 20:23:05 - [TEST_STEP][PASSED] - delay: Delayed 2 second(s)

2018-06-09 20:23:07 - [MESSAGE][PASSED] - Delayed 2 second(s)

2018-06-09 20:23:07 - [TEST_STEP][PASSED] - Statement - StockQty = com.kms.katalon.core.webui.keyword.WebUiBuiltInKeywords.getAttribute(com.kms.katalon.core.testobject.ObjectRepository.findTestObject(PharmacyRequest/Page_Store/input_txtprice), "value"): Attribute 'value' of object 'Object Repository/PharmacyRequest/Page_Store/input_txtprice' is: '460'

2018-06-09 20:23:07 - [MESSAGE][PASSED] - Attribute 'value' of object 'Object Repository/PharmacyRequest/Page_Store/input_txtprice' is: '460'

2018-06-09 20:23:07 - [TEST_STEP][PASSED] - Statement - out.println("Stock QTY : " + StockQty): null

2018-06-09 20:23:07 - [TEST_STEP][PASSED] - delay: Delayed 1 second(s)

2018-06-09 20:23:08 - [MESSAGE][PASSED] - Delayed 1 second(s)

2018-06-09 20:23:08 - [TEST_STEP][PASSED] - Statement - If (java.lang.Integer.valueOf(StockQty) >= java.lang.Integer.valueOf(RequestedQty)): null

2018-06-09 20:23:08 - [TEST_STEP][PASSED] - setText: Text '10' is set on object 'Object Repository/PharmacyRequest/Page_Store/input_txtqty'

2018-06-09 20:23:08 - [MESSAGE][PASSED] - Text '10' is set on object 'Object Repository/PharmacyRequest/Page_Store/input_txtqty'

2018-06-09 20:23:08 - [TEST_STEP][PASSED] - click: Object: 'Object Repository/PharmacyRequest/Page_Store/button_Add' is clicked on

2018-06-09 20:23:09 - [MESSAGE][PASSED] - Object: 'Object Repository/PharmacyRequest/Page_Store/button_Add' is clicked on

2018-06-09 20:23:09 - [TEST_STEP][PASSED] - Statement - Break: null

2018-06-09 20:23:09 - [TEST_STEP][PASSED] - selectOptionByIndex: All options with index in [54] are selected on object 'Object Repository/PharmacyRequest/Page_Store/select_--Select--Amlodepin -5'

2018-06-09 20:23:09 - [MESSAGE][PASSED] - All options with index in [54] are selected on object 'Object Repository/PharmacyRequest/Page_Store/select_--Select--Amlodepin -5'

2018-06-09 20:23:09 - [TEST_STEP][PASSED] - delay: Delayed 1 second(s)

2018-06-09 20:23:10 - [MESSAGE][PASSED] - Delayed 1 second(s)

2018-06-09 20:23:10 - [TEST_STEP][PASSED] - Statement - RequestedQty = com.kms.katalon.core.webui.keyword.WebUiBuiltInKeywords.getAttribute(com.kms.katalon.core.testobject.ObjectRepository.findTestObject(PharmacyRequest/Page_Store/input_txttotal), "value"): Attribute 'value' of object 'Object Repository/PharmacyRequest/Page_Store/input_txttotal' is: '10'

2018-06-09 20:23:10 - [MESSAGE][PASSED] - Attribute 'value' of object 'Object Repository/PharmacyRequest/Page_Store/input_txttotal' is: '10'

2018-06-09 20:23:10 - [TEST_STEP][PASSED] - Statement - out.println("Requested QTY : " + RequestedQty): null

2018-06-09 20:23:10 - [TEST_STEP][PASSED] - Statement - BatchNumber = com.kms.katalon.core.webui.keyword.WebUiBuiltInKeywords.getNumberOfTotalOption(com.kms.katalon.core.testobject.ObjectRepository.findTestObject(PharmacyRequest/Page_Store/select_--Select--BA50)): 3 options of object 'Object Repository/PharmacyRequest/Page_Store/select_--Select--BA50' counted

2018-06-09 20:23:10 - [MESSAGE][PASSED] - 3 options of object 'Object Repository/PharmacyRequest/Page_Store/select_--Select--BA50' counted

2018-06-09 20:23:10 - [TEST_STEP][PASSED] - Statement - For ([g = 1, g <= BatchNumber - 1, (g++)]): null

2018-06-09 20:23:10 - [TEST_STEP][PASSED] - selectOptionByIndex: All options with index in [1] are selected on object 'Object Repository/PharmacyRequest/Page_Store/select_--Select--BA50'

2018-06-09 20:23:10 - [MESSAGE][PASSED] - All options with index in [1] are selected on object 'Object Repository/PharmacyRequest/Page_Store/select_--Select--BA50'

2018-06-09 20:23:10 - [TEST_STEP][PASSED] - delay: Delayed 2 second(s)

2018-06-09 20:23:12 - [MESSAGE][PASSED] - Delayed 2 second(s)

2018-06-09 20:23:12 - [TEST_STEP][PASSED] - Statement - StockQty = com.kms.katalon.core.webui.keyword.WebUiBuiltInKeywords.getAttribute(com.kms.katalon.core.testobject.ObjectRepository.findTestObject(PharmacyRequest/Page_Store/input_txtprice), "value"): Attribute 'value' of object 'Object Repository/PharmacyRequest/Page_Store/input_txtprice' is: '460'

2018-06-09 20:23:12 - [MESSAGE][PASSED] - Attribute 'value' of object 'Object Repository/PharmacyRequest/Page_Store/input_txtprice' is: '460'

2018-06-09 20:23:12 - [TEST_STEP][PASSED] - Statement - out.println("Stock QTY : " + StockQty): null

2018-06-09 20:23:12 - [TEST_STEP][PASSED] - delay: Delayed 1 second(s)

2018-06-09 20:23:13 - [MESSAGE][PASSED] - Delayed 1 second(s)

2018-06-09 20:23:13 - [TEST_STEP][PASSED] - Statement - If (java.lang.Integer.valueOf(StockQty) >= java.lang.Integer.valueOf(RequestedQty)): null

2018-06-09 20:23:13 - [TEST_STEP][PASSED] - setText: Text '10' is set on object 'Object Repository/PharmacyRequest/Page_Store/input_txtqty'

2018-06-09 20:23:13 - [MESSAGE][PASSED] - Text '10' is set on object 'Object Repository/PharmacyRequest/Page_Store/input_txtqty'

2018-06-09 20:23:13 - [TEST_STEP][PASSED] - click: Object: 'Object Repository/PharmacyRequest/Page_Store/button_Add' is clicked on

2018-06-09 20:23:14 - [MESSAGE][PASSED] - Object: 'Object Repository/PharmacyRequest/Page_Store/button_Add' is clicked on

2018-06-09 20:23:14 - [TEST_STEP][PASSED] - Statement - Break: null

2018-06-09 20:23:14 - [TEST_STEP][PASSED] - selectOptionByIndex: All options with index in [55] are selected on object 'Object Repository/PharmacyRequest/Page_Store/select_--Select--Amlodepin -5'

2018-06-09 20:23:14 - [MESSAGE][PASSED] - All options with index in [55] are selected on object 'Object Repository/PharmacyRequest/Page_Store/select_--Select--Amlodepin -5'

2018-06-09 20:23:14 - [TEST_STEP][PASSED] - delay: Delayed 1 second(s)

2018-06-09 20:23:15 - [MESSAGE][PASSED] - Delayed 1 second(s)

2018-06-09 20:23:15 - [TEST_STEP][PASSED] - Statement - RequestedQty = com.kms.katalon.core.webui.keyword.WebUiBuiltInKeywords.getAttribute(com.kms.katalon.core.testobject.ObjectRepository.findTestObject(PharmacyRequest/Page_Store/input_txttotal), "value"): Attribute 'value' of object 'Object Repository/PharmacyRequest/Page_Store/input_txttotal' is: '10'

2018-06-09 20:23:15 - [MESSAGE][PASSED] - Attribute 'value' of object 'Object Repository/PharmacyRequest/Page_Store/input_txttotal' is: '10'

2018-06-09 20:23:15 - [TEST_STEP][PASSED] - Statement - out.println("Requested QTY : " + RequestedQty): null

2018-06-09 20:23:15 - [TEST_STEP][PASSED] - Statement - BatchNumber = com.kms.katalon.core.webui.keyword.WebUiBuiltInKeywords.getNumberOfTotalOption(com.kms.katalon.core.testobject.ObjectRepository.findTestObject(PharmacyRequest/Page_Store/select_--Select--BA50)): 4 options of object 'Object Repository/PharmacyRequest/Page_Store/select_--Select--BA50' counted

2018-06-09 20:23:15 - [MESSAGE][PASSED] - 4 options of object 'Object Repository/PharmacyRequest/Page_Store/select_--Select--BA50' counted

2018-06-09 20:23:15 - [TEST_STEP][PASSED] - Statement - For ([g = 1, g <= BatchNumber - 1, (g++)]): null

2018-06-09 20:23:15 - [TEST_STEP][PASSED] - selectOptionByIndex: All options with index in [1] are selected on object 'Object Repository/PharmacyRequest/Page_Store/select_--Select--BA50'

2018-06-09 20:23:15 - [MESSAGE][PASSED] - All options with index in [1] are selected on object 'Object Repository/PharmacyRequest/Page_Store/select_--Select--BA50'

2018-06-09 20:23:15 - [TEST_STEP][PASSED] - delay: Delayed 2 second(s)

2018-06-09 20:23:17 - [MESSAGE][PASSED] - Delayed 2 second(s)

2018-06-09 20:23:17 - [TEST_STEP][PASSED] - Statement - StockQty = com.kms.katalon.core.webui.keyword.WebUiBuiltInKeywords.getAttribute(com.kms.katalon.core.testobject.ObjectRepository.findTestObject(PharmacyRequest/Page_Store/input_txtprice), "value"): Attribute 'value' of object 'Object Repository/PharmacyRequest/Page_Store/input_txtprice' is: '460'

2018-06-09 20:23:17 - [MESSAGE][PASSED] - Attribute 'value' of object 'Object Repository/PharmacyRequest/Page_Store/input_txtprice' is: '460'

2018-06-09 20:23:17 - [TEST_STEP][PASSED] - Statement - out.println("Stock QTY : " + StockQty): null

2018-06-09 20:23:17 - [TEST_STEP][PASSED] - delay: Delayed 1 second(s)

2018-06-09 20:23:18 - [MESSAGE][PASSED] - Delayed 1 second(s)

2018-06-09 20:23:18 - [TEST_STEP][PASSED] - Statement - If (java.lang.Integer.valueOf(StockQty) >= java.lang.Integer.valueOf(RequestedQty)): null

2018-06-09 20:23:18 - [TEST_STEP][PASSED] - setText: Text '10' is set on object 'Object Repository/PharmacyRequest/Page_Store/input_txtqty'

2018-06-09 20:23:18 - [MESSAGE][PASSED] - Text '10' is set on object 'Object Repository/PharmacyRequest/Page_Store/input_txtqty'

2018-06-09 20:23:18 - [TEST_STEP][PASSED] - click: Object: 'Object Repository/PharmacyRequest/Page_Store/button_Add' is clicked on

2018-06-09 20:23:19 - [MESSAGE][PASSED] - Object: 'Object Repository/PharmacyRequest/Page_Store/button_Add' is clicked on

2018-06-09 20:23:19 - [TEST_STEP][PASSED] - Statement - Break: null

2018-06-09 20:23:19 - [TEST_STEP][PASSED] - selectOptionByIndex: All options with index in [56] are selected on object 'Object Repository/PharmacyRequest/Page_Store/select_--Select--Amlodepin -5'

2018-06-09 20:23:19 - [MESSAGE][PASSED] - All options with index in [56] are selected on object 'Object Repository/PharmacyRequest/Page_Store/select_--Select--Amlodepin -5'

2018-06-09 20:23:19 - [TEST_STEP][PASSED] - delay: Delayed 1 second(s)

2018-06-09 20:23:20 - [MESSAGE][PASSED] - Delayed 1 second(s)

2018-06-09 20:23:20 - [TEST_STEP][PASSED] - Statement - RequestedQty = com.kms.katalon.core.webui.keyword.WebUiBuiltInKeywords.getAttribute(com.kms.katalon.core.testobject.ObjectRepository.findTestObject(PharmacyRequest/Page_Store/input_txttotal), "value"): Attribute 'value' of object 'Object Repository/PharmacyRequest/Page_Store/input_txttotal' is: '10'

2018-06-09 20:23:20 - [MESSAGE][PASSED] - Attribute 'value' of object 'Object Repository/PharmacyRequest/Page_Store/input_txttotal' is: '10'

2018-06-09 20:23:20 - [TEST_STEP][PASSED] - Statement - out.println("Requested QTY : " + RequestedQty): null

2018-06-09 20:23:20 - [TEST_STEP][PASSED] - Statement - BatchNumber = com.kms.katalon.core.webui.keyword.WebUiBuiltInKeywords.getNumberOfTotalOption(com.kms.katalon.core.testobject.ObjectRepository.findTestObject(PharmacyRequest/Page_Store/select_--Select--BA50)): 3 options of object 'Object Repository/PharmacyRequest/Page_Store/select_--Select--BA50' counted

2018-06-09 20:23:20 - [MESSAGE][PASSED] - 3 options of object 'Object Repository/PharmacyRequest/Page_Store/select_--Select--BA50' counted

2018-06-09 20:23:20 - [TEST_STEP][PASSED] - Statement - For ([g = 1, g <= BatchNumber - 1, (g++)]): null

2018-06-09 20:23:20 - [TEST_STEP][PASSED] - selectOptionByIndex: All options with index in [1] are selected on object 'Object Repository/PharmacyRequest/Page_Store/select_--Select--BA50'

2018-06-09 20:23:20 - [MESSAGE][PASSED] - All options with index in [1] are selected on object 'Object Repository/PharmacyRequest/Page_Store/select_--Select--BA50'

2018-06-09 20:23:20 - [TEST_STEP][PASSED] - delay: Delayed 2 second(s)

2018-06-09 20:23:22 - [MESSAGE][PASSED] - Delayed 2 second(s)

2018-06-09 20:23:22 - [TEST_STEP][PASSED] - Statement - StockQty = com.kms.katalon.core.webui.keyword.WebUiBuiltInKeywords.getAttribute(com.kms.katalon.core.testobject.ObjectRepository.findTestObject(PharmacyRequest/Page_Store/input_txtprice), "value"): Attribute 'value' of object 'Object Repository/PharmacyRequest/Page_Store/input_txtprice' is: '830'

2018-06-09 20:23:22 - [MESSAGE][PASSED] - Attribute 'value' of object 'Object Repository/PharmacyRequest/Page_Store/input_txtprice' is: '830'

2018-06-09 20:23:22 - [TEST_STEP][PASSED] - Statement - out.println("Stock QTY : " + StockQty): null

2018-06-09 20:23:22 - [TEST_STEP][PASSED] - delay: Delayed 1 second(s)

2018-06-09 20:23:23 - [MESSAGE][PASSED] - Delayed 1 second(s)

2018-06-09 20:23:23 - [TEST_STEP][PASSED] - Statement - If (java.lang.Integer.valueOf(StockQty) >= java.lang.Integer.valueOf(RequestedQty)): null

2018-06-09 20:23:23 - [TEST_STEP][PASSED] - setText: Text '10' is set on object 'Object Repository/PharmacyRequest/Page_Store/input_txtqty'

2018-06-09 20:23:24 - [MESSAGE][PASSED] - Text '10' is set on object 'Object Repository/PharmacyRequest/Page_Store/input_txtqty'

2018-06-09 20:23:24 - [TEST_STEP][PASSED] - click: Object: 'Object Repository/PharmacyRequest/Page_Store/button_Add' is clicked on

2018-06-09 20:23:24 - [MESSAGE][PASSED] - Object: 'Object Repository/PharmacyRequest/Page_Store/button_Add' is clicked on

2018-06-09 20:23:24 - [TEST_STEP][PASSED] - Statement - Break: null

2018-06-09 20:23:24 - [TEST_STEP][PASSED] - selectOptionByIndex: All options with index in [57] are selected on object 'Object Repository/PharmacyRequest/Page_Store/select_--Select--Amlodepin -5'

2018-06-09 20:23:24 - [MESSAGE][PASSED] - All options with index in [57] are selected on object 'Object Repository/PharmacyRequest/Page_Store/select_--Select--Amlodepin -5'

2018-06-09 20:23:24 - [TEST_STEP][PASSED] - delay: Delayed 1 second(s)

2018-06-09 20:23:25 - [MESSAGE][PASSED] - Delayed 1 second(s)

2018-06-09 20:23:25 - [TEST_STEP][PASSED] - Statement - RequestedQty = com.kms.katalon.core.webui.keyword.WebUiBuiltInKeywords.getAttribute(com.kms.katalon.core.testobject.ObjectRepository.findTestObject(PharmacyRequest/Page_Store/input_txttotal), "value"): Attribute 'value' of object 'Object Repository/PharmacyRequest/Page_Store/input_txttotal' is: '10'

2018-06-09 20:23:25 - [MESSAGE][PASSED] - Attribute 'value' of object 'Object Repository/PharmacyRequest/Page_Store/input_txttotal' is: '10'

2018-06-09 20:23:25 - [TEST_STEP][PASSED] - Statement - out.println("Requested QTY : " + RequestedQty): null

2018-06-09 20:23:25 - [TEST_STEP][PASSED] - Statement - BatchNumber = com.kms.katalon.core.webui.keyword.WebUiBuiltInKeywords.getNumberOfTotalOption(com.kms.katalon.core.testobject.ObjectRepository.findTestObject(PharmacyRequest/Page_Store/select_--Select--BA50)): 3 options of object 'Object Repository/PharmacyRequest/Page_Store/select_--Select--BA50' counted

2018-06-09 20:23:25 - [MESSAGE][PASSED] - 3 options of object 'Object Repository/PharmacyRequest/Page_Store/select_--Select--BA50' counted

2018-06-09 20:23:25 - [TEST_STEP][PASSED] - Statement - For ([g = 1, g <= BatchNumber - 1, (g++)]): null

2018-06-09 20:23:25 - [TEST_STEP][PASSED] - selectOptionByIndex: All options with index in [1] are selected on object 'Object Repository/PharmacyRequest/Page_Store/select_--Select--BA50'

2018-06-09 20:23:25 - [MESSAGE][PASSED] - All options with index in [1] are selected on object 'Object Repository/PharmacyRequest/Page_Store/select_--Select--BA50'

2018-06-09 20:23:25 - [TEST_STEP][PASSED] - delay: Delayed 2 second(s)

2018-06-09 20:23:27 - [MESSAGE][PASSED] - Delayed 2 second(s)

2018-06-09 20:23:27 - [TEST_STEP][PASSED] - Statement - StockQty = com.kms.katalon.core.webui.keyword.WebUiBuiltInKeywords.getAttribute(com.kms.katalon.core.testobject.ObjectRepository.findTestObject(PharmacyRequest/Page_Store/input_txtprice), "value"): Attribute 'value' of object 'Object Repository/PharmacyRequest/Page_Store/input_txtprice' is: '1790'

2018-06-09 20:23:27 - [MESSAGE][PASSED] - Attribute 'value' of object 'Object Repository/PharmacyRequest/Page_Store/input_txtprice' is: '1790'

2018-06-09 20:23:27 - [TEST_STEP][PASSED] - Statement - out.println("Stock QTY : " + StockQty): null

2018-06-09 20:23:27 - [TEST_STEP][PASSED] - delay: Delayed 1 second(s)

2018-06-09 20:23:28 - [MESSAGE][PASSED] - Delayed 1 second(s)

2018-06-09 20:23:28 - [TEST_STEP][PASSED] - Statement - If (java.lang.Integer.valueOf(StockQty) >= java.lang.Integer.valueOf(RequestedQty)): null

2018-06-09 20:23:28 - [TEST_STEP][PASSED] - setText: Text '10' is set on object 'Object Repository/PharmacyRequest/Page_Store/input_txtqty'

2018-06-09 20:23:29 - [MESSAGE][PASSED] - Text '10' is set on object 'Object Repository/PharmacyRequest/Page_Store/input_txtqty'

2018-06-09 20:23:29 - [TEST_STEP][PASSED] - click: Object: 'Object Repository/PharmacyRequest/Page_Store/button_Add' is clicked on

2018-06-09 20:23:29 - [MESSAGE][PASSED] - Object: 'Object Repository/PharmacyRequest/Page_Store/button_Add' is clicked on

2018-06-09 20:23:29 - [TEST_STEP][PASSED] - Statement - Break: null

2018-06-09 20:23:29 - [TEST_STEP][PASSED] - selectOptionByIndex: All options with index in [58] are selected on object 'Object Repository/PharmacyRequest/Page_Store/select_--Select--Amlodepin -5'

2018-06-09 20:23:29 - [MESSAGE][PASSED] - All options with index in [58] are selected on object 'Object Repository/PharmacyRequest/Page_Store/select_--Select--Amlodepin -5'

2018-06-09 20:23:29 - [TEST_STEP][PASSED] - delay: Delayed 1 second(s)

2018-06-09 20:23:30 - [MESSAGE][PASSED] - Delayed 1 second(s)

2018-06-09 20:23:30 - [TEST_STEP][PASSED] - Statement - RequestedQty = com.kms.katalon.core.webui.keyword.WebUiBuiltInKeywords.getAttribute(com.kms.katalon.core.testobject.ObjectRepository.findTestObject(PharmacyRequest/Page_Store/input_txttotal), "value"): Attribute 'value' of object 'Object Repository/PharmacyRequest/Page_Store/input_txttotal' is: '10'

2018-06-09 20:23:30 - [MESSAGE][PASSED] - Attribute 'value' of object 'Object Repository/PharmacyRequest/Page_Store/input_txttotal' is: '10'

2018-06-09 20:23:30 - [TEST_STEP][PASSED] - Statement - out.println("Requested QTY : " + RequestedQty): null

2018-06-09 20:23:30 - [TEST_STEP][PASSED] - Statement - BatchNumber = com.kms.katalon.core.webui.keyword.WebUiBuiltInKeywords.getNumberOfTotalOption(com.kms.katalon.core.testobject.ObjectRepository.findTestObject(PharmacyRequest/Page_Store/select_--Select--BA50)): 3 options of object 'Object Repository/PharmacyRequest/Page_Store/select_--Select--BA50' counted

2018-06-09 20:23:30 - [MESSAGE][PASSED] - 3 options of object 'Object Repository/PharmacyRequest/Page_Store/select_--Select--BA50' counted

2018-06-09 20:23:30 - [TEST_STEP][PASSED] - Statement - For ([g = 1, g <= BatchNumber - 1, (g++)]): null

2018-06-09 20:23:30 - [TEST_STEP][PASSED] - selectOptionByIndex: All options with index in [1] are selected on object 'Object Repository/PharmacyRequest/Page_Store/select_--Select--BA50'

2018-06-09 20:23:30 - [MESSAGE][PASSED] - All options with index in [1] are selected on object 'Object Repository/PharmacyRequest/Page_Store/select_--Select--BA50'

2018-06-09 20:23:30 - [TEST_STEP][PASSED] - delay: Delayed 2 second(s)

2018-06-09 20:23:32 - [MESSAGE][PASSED] - Delayed 2 second(s)

2018-06-09 20:23:32 - [TEST_STEP][PASSED] - Statement - StockQty = com.kms.katalon.core.webui.keyword.WebUiBuiltInKeywords.getAttribute(com.kms.katalon.core.testobject.ObjectRepository.findTestObject(PharmacyRequest/Page_Store/input_txtprice), "value"): Attribute 'value' of object 'Object Repository/PharmacyRequest/Page_Store/input_txtprice' is: '1790'

2018-06-09 20:23:32 - [MESSAGE][PASSED] - Attribute 'value' of object 'Object Repository/PharmacyRequest/Page_Store/input_txtprice' is: '1790'

2018-06-09 20:23:32 - [TEST_STEP][PASSED] - Statement - out.println("Stock QTY : " + StockQty): null

2018-06-09 20:23:32 - [TEST_STEP][PASSED] - delay: Delayed 1 second(s)

2018-06-09 20:23:33 - [MESSAGE][PASSED] - Delayed 1 second(s)

2018-06-09 20:23:33 - [TEST_STEP][PASSED] - Statement - If (java.lang.Integer.valueOf(StockQty) >= java.lang.Integer.valueOf(RequestedQty)): null

2018-06-09 20:23:33 - [TEST_STEP][PASSED] - setText: Text '10' is set on object 'Object Repository/PharmacyRequest/Page_Store/input_txtqty'

2018-06-09 20:23:34 - [MESSAGE][PASSED] - Text '10' is set on object 'Object Repository/PharmacyRequest/Page_Store/input_txtqty'

2018-06-09 20:23:34 - [TEST_STEP][PASSED] - click: Object: 'Object Repository/PharmacyRequest/Page_Store/button_Add' is clicked on

2018-06-09 20:23:34 - [MESSAGE][PASSED] - Object: 'Object Repository/PharmacyRequest/Page_Store/button_Add' is clicked on

2018-06-09 20:23:34 - [TEST_STEP][PASSED] - Statement - Break: null

2018-06-09 20:23:34 - [TEST_STEP][PASSED] - selectOptionByIndex: All options with index in [59] are selected on object 'Object Repository/PharmacyRequest/Page_Store/select_--Select--Amlodepin -5'

2018-06-09 20:23:34 - [MESSAGE][PASSED] - All options with index in [59] are selected on object 'Object Repository/PharmacyRequest/Page_Store/select_--Select--Amlodepin -5'

2018-06-09 20:23:34 - [TEST_STEP][PASSED] - delay: Delayed 1 second(s)

2018-06-09 20:23:35 - [MESSAGE][PASSED] - Delayed 1 second(s)

2018-06-09 20:23:35 - [TEST_STEP][PASSED] - Statement - RequestedQty = com.kms.katalon.core.webui.keyword.WebUiBuiltInKeywords.getAttribute(com.kms.katalon.core.testobject.ObjectRepository.findTestObject(PharmacyRequest/Page_Store/input_txttotal), "value"): Attribute 'value' of object 'Object Repository/PharmacyRequest/Page_Store/input_txttotal' is: '10'

2018-06-09 20:23:35 - [MESSAGE][PASSED] - Attribute 'value' of object 'Object Repository/PharmacyRequest/Page_Store/input_txttotal' is: '10'

2018-06-09 20:23:35 - [TEST_STEP][PASSED] - Statement - out.println("Requested QTY : " + RequestedQty): null

2018-06-09 20:23:35 - [TEST_STEP][PASSED] - Statement - BatchNumber = com.kms.katalon.core.webui.keyword.WebUiBuiltInKeywords.getNumberOfTotalOption(com.kms.katalon.core.testobject.ObjectRepository.findTestObject(PharmacyRequest/Page_Store/select_--Select--BA50)): 3 options of object 'Object Repository/PharmacyRequest/Page_Store/select_--Select--BA50' counted

2018-06-09 20:23:35 - [MESSAGE][PASSED] - 3 options of object 'Object Repository/PharmacyRequest/Page_Store/select_--Select--BA50' counted

2018-06-09 20:23:35 - [TEST_STEP][PASSED] - Statement - For ([g = 1, g <= BatchNumber - 1, (g++)]): null

2018-06-09 20:23:35 - [TEST_STEP][PASSED] - selectOptionByIndex: All options with index in [1] are selected on object 'Object Repository/PharmacyRequest/Page_Store/select_--Select--BA50'

2018-06-09 20:23:35 - [MESSAGE][PASSED] - All options with index in [1] are selected on object 'Object Repository/PharmacyRequest/Page_Store/select_--Select--BA50'

2018-06-09 20:23:35 - [TEST_STEP][PASSED] - delay: Delayed 2 second(s)

2018-06-09 20:23:37 - [MESSAGE][PASSED] - Delayed 2 second(s)

2018-06-09 20:23:37 - [TEST_STEP][PASSED] - Statement - StockQty = com.kms.katalon.core.webui.keyword.WebUiBuiltInKeywords.getAttribute(com.kms.katalon.core.testobject.ObjectRepository.findTestObject(PharmacyRequest/Page_Store/input_txtprice), "value"): Attribute 'value' of object 'Object Repository/PharmacyRequest/Page_Store/input_txtprice' is: '1790'

2018-06-09 20:23:37 - [MESSAGE][PASSED] - Attribute 'value' of object 'Object Repository/PharmacyRequest/Page_Store/input_txtprice' is: '1790'

2018-06-09 20:23:37 - [TEST_STEP][PASSED] - Statement - out.println("Stock QTY : " + StockQty): null

2018-06-09 20:23:37 - [TEST_STEP][PASSED] - delay: Delayed 1 second(s)

2018-06-09 20:23:38 - [MESSAGE][PASSED] - Delayed 1 second(s)

2018-06-09 20:23:38 - [TEST_STEP][PASSED] - Statement - If (java.lang.Integer.valueOf(StockQty) >= java.lang.Integer.valueOf(RequestedQty)): null

2018-06-09 20:23:38 - [TEST_STEP][PASSED] - setText: Text '10' is set on object 'Object Repository/PharmacyRequest/Page_Store/input_txtqty'

2018-06-09 20:23:39 - [MESSAGE][PASSED] - Text '10' is set on object 'Object Repository/PharmacyRequest/Page_Store/input_txtqty'

2018-06-09 20:23:39 - [TEST_STEP][PASSED] - click: Object: 'Object Repository/PharmacyRequest/Page_Store/button_Add' is clicked on

2018-06-09 20:23:39 - [MESSAGE][PASSED] - Object: 'Object Repository/PharmacyRequest/Page_Store/button_Add' is clicked on

2018-06-09 20:23:39 - [TEST_STEP][PASSED] - Statement - Break: null

2018-06-09 20:23:39 - [TEST_STEP][PASSED] - selectOptionByIndex: All options with index in [60] are selected on object 'Object Repository/PharmacyRequest/Page_Store/select_--Select--Amlodepin -5'

2018-06-09 20:23:39 - [MESSAGE][PASSED] - All options with index in [60] are selected on object 'Object Repository/PharmacyRequest/Page_Store/select_--Select--Amlodepin -5'

2018-06-09 20:23:39 - [TEST_STEP][PASSED] - delay: Delayed 1 second(s)

2018-06-09 20:23:40 - [MESSAGE][PASSED] - Delayed 1 second(s)

2018-06-09 20:23:40 - [TEST_STEP][PASSED] - Statement - RequestedQty = com.kms.katalon.core.webui.keyword.WebUiBuiltInKeywords.getAttribute(com.kms.katalon.core.testobject.ObjectRepository.findTestObject(PharmacyRequest/Page_Store/input_txttotal), "value"): Attribute 'value' of object 'Object Repository/PharmacyRequest/Page_Store/input_txttotal' is: '10'

2018-06-09 20:23:41 - [MESSAGE][PASSED] - Attribute 'value' of object 'Object Repository/PharmacyRequest/Page_Store/input_txttotal' is: '10'

2018-06-09 20:23:41 - [TEST_STEP][PASSED] - Statement - out.println("Requested QTY : " + RequestedQty): null

2018-06-09 20:23:41 - [TEST_STEP][PASSED] - Statement - BatchNumber = com.kms.katalon.core.webui.keyword.WebUiBuiltInKeywords.getNumberOfTotalOption(com.kms.katalon.core.testobject.ObjectRepository.findTestObject(PharmacyRequest/Page_Store/select_--Select--BA50)): 3 options of object 'Object Repository/PharmacyRequest/Page_Store/select_--Select--BA50' counted

2018-06-09 20:23:41 - [MESSAGE][PASSED] - 3 options of object 'Object Repository/PharmacyRequest/Page_Store/select_--Select--BA50' counted

2018-06-09 20:23:41 - [TEST_STEP][PASSED] - Statement - For ([g = 1, g <= BatchNumber - 1, (g++)]): null

2018-06-09 20:23:41 - [TEST_STEP][PASSED] - selectOptionByIndex: All options with index in [1] are selected on object 'Object Repository/PharmacyRequest/Page_Store/select_--Select--BA50'

2018-06-09 20:23:41 - [MESSAGE][PASSED] - All options with index in [1] are selected on object 'Object Repository/PharmacyRequest/Page_Store/select_--Select--BA50'

2018-06-09 20:23:41 - [TEST_STEP][PASSED] - delay: Delayed 2 second(s)

2018-06-09 20:23:43 - [MESSAGE][PASSED] - Delayed 2 second(s)

2018-06-09 20:23:43 - [TEST_STEP][PASSED] - Statement - StockQty = com.kms.katalon.core.webui.keyword.WebUiBuiltInKeywords.getAttribute(com.kms.katalon.core.testobject.ObjectRepository.findTestObject(PharmacyRequest/Page_Store/input_txtprice), "value"): Attribute 'value' of object 'Object Repository/PharmacyRequest/Page_Store/input_txtprice' is: '830'

2018-06-09 20:23:43 - [MESSAGE][PASSED] - Attribute 'value' of object 'Object Repository/PharmacyRequest/Page_Store/input_txtprice' is: '830'

2018-06-09 20:23:43 - [TEST_STEP][PASSED] - Statement - out.println("Stock QTY : " + StockQty): null

2018-06-09 20:23:43 - [TEST_STEP][PASSED] - delay: Delayed 1 second(s)

2018-06-09 20:23:44 - [MESSAGE][PASSED] - Delayed 1 second(s)

2018-06-09 20:23:44 - [TEST_STEP][PASSED] - Statement - If (java.lang.Integer.valueOf(StockQty) >= java.lang.Integer.valueOf(RequestedQty)): null

2018-06-09 20:23:44 - [TEST_STEP][PASSED] - setText: Text '10' is set on object 'Object Repository/PharmacyRequest/Page_Store/input_txtqty'

2018-06-09 20:23:44 - [MESSAGE][PASSED] - Text '10' is set on object 'Object Repository/PharmacyRequest/Page_Store/input_txtqty'

2018-06-09 20:23:44 - [TEST_STEP][PASSED] - click: Object: 'Object Repository/PharmacyRequest/Page_Store/button_Add' is clicked on

2018-06-09 20:23:44 - [MESSAGE][PASSED] - Object: 'Object Repository/PharmacyRequest/Page_Store/button_Add' is clicked on

2018-06-09 20:23:44 - [TEST_STEP][PASSED] - Statement - Break: null

2018-06-09 20:23:44 - [TEST_STEP][PASSED] - selectOptionByIndex: All options with index in [61] are selected on object 'Object Repository/PharmacyRequest/Page_Store/select_--Select--Amlodepin -5'

2018-06-09 20:23:45 - [MESSAGE][PASSED] - All options with index in [61] are selected on object 'Object Repository/PharmacyRequest/Page_Store/select_--Select--Amlodepin -5'

2018-06-09 20:23:45 - [TEST_STEP][PASSED] - delay: Delayed 1 second(s)

2018-06-09 20:23:46 - [MESSAGE][PASSED] - Delayed 1 second(s)

2018-06-09 20:23:46 - [TEST_STEP][PASSED] - Statement - RequestedQty = com.kms.katalon.core.webui.keyword.WebUiBuiltInKeywords.getAttribute(com.kms.katalon.core.testobject.ObjectRepository.findTestObject(PharmacyRequest/Page_Store/input_txttotal), "value"): Attribute 'value' of object 'Object Repository/PharmacyRequest/Page_Store/input_txttotal' is: '10'

2018-06-09 20:23:46 - [MESSAGE][PASSED] - Attribute 'value' of object 'Object Repository/PharmacyRequest/Page_Store/input_txttotal' is: '10'

2018-06-09 20:23:46 - [TEST_STEP][PASSED] - Statement - out.println("Requested QTY : " + RequestedQty): null

2018-06-09 20:23:46 - [TEST_STEP][PASSED] - Statement - BatchNumber = com.kms.katalon.core.webui.keyword.WebUiBuiltInKeywords.getNumberOfTotalOption(com.kms.katalon.core.testobject.ObjectRepository.findTestObject(PharmacyRequest/Page_Store/select_--Select--BA50)): 4 options of object 'Object Repository/PharmacyRequest/Page_Store/select_--Select--BA50' counted

2018-06-09 20:23:46 - [MESSAGE][PASSED] - 4 options of object 'Object Repository/PharmacyRequest/Page_Store/select_--Select--BA50' counted

2018-06-09 20:23:46 - [TEST_STEP][PASSED] - Statement - For ([g = 1, g <= BatchNumber - 1, (g++)]): null

2018-06-09 20:23:46 - [TEST_STEP][PASSED] - selectOptionByIndex: All options with index in [1] are selected on object 'Object Repository/PharmacyRequest/Page_Store/select_--Select--BA50'

2018-06-09 20:23:46 - [MESSAGE][PASSED] - All options with index in [1] are selected on object 'Object Repository/PharmacyRequest/Page_Store/select_--Select--BA50'

2018-06-09 20:23:46 - [TEST_STEP][PASSED] - delay: Delayed 2 second(s)

2018-06-09 20:23:48 - [MESSAGE][PASSED] - Delayed 2 second(s)

2018-06-09 20:23:48 - [TEST_STEP][PASSED] - Statement - StockQty = com.kms.katalon.core.webui.keyword.WebUiBuiltInKeywords.getAttribute(com.kms.katalon.core.testobject.ObjectRepository.findTestObject(PharmacyRequest/Page_Store/input_txtprice), "value"): Attribute 'value' of object 'Object Repository/PharmacyRequest/Page_Store/input_txtprice' is: '100'

2018-06-09 20:23:48 - [MESSAGE][PASSED] - Attribute 'value' of object 'Object Repository/PharmacyRequest/Page_Store/input_txtprice' is: '100'

2018-06-09 20:23:48 - [TEST_STEP][PASSED] - Statement - out.println("Stock QTY : " + StockQty): null

2018-06-09 20:23:48 - [TEST_STEP][PASSED] - delay: Delayed 1 second(s)

2018-06-09 20:23:49 - [MESSAGE][PASSED] - Delayed 1 second(s)

2018-06-09 20:23:49 - [TEST_STEP][PASSED] - Statement - If (java.lang.Integer.valueOf(StockQty) >= java.lang.Integer.valueOf(RequestedQty)): null

2018-06-09 20:23:49 - [TEST_STEP][PASSED] - setText: Text '10' is set on object 'Object Repository/PharmacyRequest/Page_Store/input_txtqty'

2018-06-09 20:23:49 - [MESSAGE][PASSED] - Text '10' is set on object 'Object Repository/PharmacyRequest/Page_Store/input_txtqty'

2018-06-09 20:23:49 - [TEST_STEP][PASSED] - click: Object: 'Object Repository/PharmacyRequest/Page_Store/button_Add' is clicked on

2018-06-09 20:23:49 - [MESSAGE][PASSED] - Object: 'Object Repository/PharmacyRequest/Page_Store/button_Add' is clicked on

2018-06-09 20:23:49 - [TEST_STEP][PASSED] - Statement - Break: null

2018-06-09 20:23:49 - [TEST_STEP][PASSED] - selectOptionByIndex: All options with index in [62] are selected on object 'Object Repository/PharmacyRequest/Page_Store/select_--Select--Amlodepin -5'

2018-06-09 20:23:50 - [MESSAGE][PASSED] - All options with index in [62] are selected on object 'Object Repository/PharmacyRequest/Page_Store/select_--Select--Amlodepin -5'

2018-06-09 20:23:50 - [TEST_STEP][PASSED] - delay: Delayed 1 second(s)

2018-06-09 20:23:51 - [MESSAGE][PASSED] - Delayed 1 second(s)

2018-06-09 20:23:51 - [TEST_STEP][PASSED] - Statement - RequestedQty = com.kms.katalon.core.webui.keyword.WebUiBuiltInKeywords.getAttribute(com.kms.katalon.core.testobject.ObjectRepository.findTestObject(PharmacyRequest/Page_Store/input_txttotal), "value"): Attribute 'value' of object 'Object Repository/PharmacyRequest/Page_Store/input_txttotal' is: '10'

2018-06-09 20:23:51 - [MESSAGE][PASSED] - Attribute 'value' of object 'Object Repository/PharmacyRequest/Page_Store/input_txttotal' is: '10'

2018-06-09 20:23:51 - [TEST_STEP][PASSED] - Statement - out.println("Requested QTY : " + RequestedQty): null

2018-06-09 20:23:51 - [TEST_STEP][PASSED] - Statement - BatchNumber = com.kms.katalon.core.webui.keyword.WebUiBuiltInKeywords.getNumberOfTotalOption(com.kms.katalon.core.testobject.ObjectRepository.findTestObject(PharmacyRequest/Page_Store/select_--Select--BA50)): 4 options of object 'Object Repository/PharmacyRequest/Page_Store/select_--Select--BA50' counted

2018-06-09 20:23:51 - [MESSAGE][PASSED] - 4 options of object 'Object Repository/PharmacyRequest/Page_Store/select_--Select--BA50' counted

2018-06-09 20:23:51 - [TEST_STEP][PASSED] - Statement - For ([g = 1, g <= BatchNumber - 1, (g++)]): null

2018-06-09 20:23:51 - [TEST_STEP][PASSED] - selectOptionByIndex: All options with index in [1] are selected on object 'Object Repository/PharmacyRequest/Page_Store/select_--Select--BA50'

2018-06-09 20:23:51 - [MESSAGE][PASSED] - All options with index in [1] are selected on object 'Object Repository/PharmacyRequest/Page_Store/select_--Select--BA50'

2018-06-09 20:23:51 - [TEST_STEP][PASSED] - delay: Delayed 2 second(s)

2018-06-09 20:23:53 - [MESSAGE][PASSED] - Delayed 2 second(s)

2018-06-09 20:23:53 - [TEST_STEP][PASSED] - Statement - StockQty = com.kms.katalon.core.webui.keyword.WebUiBuiltInKeywords.getAttribute(com.kms.katalon.core.testobject.ObjectRepository.findTestObject(PharmacyRequest/Page_Store/input_txtprice), "value"): Attribute 'value' of object 'Object Repository/PharmacyRequest/Page_Store/input_txtprice' is: '830'

2018-06-09 20:23:53 - [MESSAGE][PASSED] - Attribute 'value' of object 'Object Repository/PharmacyRequest/Page_Store/input_txtprice' is: '830'

2018-06-09 20:23:53 - [TEST_STEP][PASSED] - Statement - out.println("Stock QTY : " + StockQty): null

2018-06-09 20:23:53 - [TEST_STEP][PASSED] - delay: Delayed 1 second(s)

2018-06-09 20:23:54 - [MESSAGE][PASSED] - Delayed 1 second(s)

2018-06-09 20:23:54 - [TEST_STEP][PASSED] - Statement - If (java.lang.Integer.valueOf(StockQty) >= java.lang.Integer.valueOf(RequestedQty)): null

2018-06-09 20:23:54 - [TEST_STEP][PASSED] - setText: Text '10' is set on object 'Object Repository/PharmacyRequest/Page_Store/input_txtqty'

2018-06-09 20:23:54 - [MESSAGE][PASSED] - Text '10' is set on object 'Object Repository/PharmacyRequest/Page_Store/input_txtqty'

2018-06-09 20:23:54 - [TEST_STEP][PASSED] - click: Object: 'Object Repository/PharmacyRequest/Page_Store/button_Add' is clicked on

2018-06-09 20:23:54 - [MESSAGE][PASSED] - Object: 'Object Repository/PharmacyRequest/Page_Store/button_Add' is clicked on

2018-06-09 20:23:54 - [TEST_STEP][PASSED] - Statement - Break: null

2018-06-09 20:23:54 - [TEST_STEP][PASSED] - selectOptionByIndex: All options with index in [63] are selected on object 'Object Repository/PharmacyRequest/Page_Store/select_--Select--Amlodepin -5'

2018-06-09 20:23:55 - [MESSAGE][PASSED] - All options with index in [63] are selected on object 'Object Repository/PharmacyRequest/Page_Store/select_--Select--Amlodepin -5'

2018-06-09 20:23:55 - [TEST_STEP][PASSED] - delay: Delayed 1 second(s)

2018-06-09 20:23:56 - [MESSAGE][PASSED] - Delayed 1 second(s)

2018-06-09 20:23:56 - [TEST_STEP][PASSED] - Statement - RequestedQty = com.kms.katalon.core.webui.keyword.WebUiBuiltInKeywords.getAttribute(com.kms.katalon.core.testobject.ObjectRepository.findTestObject(PharmacyRequest/Page_Store/input_txttotal), "value"): Attribute 'value' of object 'Object Repository/PharmacyRequest/Page_Store/input_txttotal' is: '10'

2018-06-09 20:23:56 - [MESSAGE][PASSED] - Attribute 'value' of object 'Object Repository/PharmacyRequest/Page_Store/input_txttotal' is: '10'

2018-06-09 20:23:56 - [TEST_STEP][PASSED] - Statement - out.println("Requested QTY : " + RequestedQty): null

2018-06-09 20:23:56 - [TEST_STEP][PASSED] - Statement - BatchNumber = com.kms.katalon.core.webui.keyword.WebUiBuiltInKeywords.getNumberOfTotalOption(com.kms.katalon.core.testobject.ObjectRepository.findTestObject(PharmacyRequest/Page_Store/select_--Select--BA50)): 4 options of object 'Object Repository/PharmacyRequest/Page_Store/select_--Select--BA50' counted

2018-06-09 20:23:56 - [MESSAGE][PASSED] - 4 options of object 'Object Repository/PharmacyRequest/Page_Store/select_--Select--BA50' counted

2018-06-09 20:23:56 - [TEST_STEP][PASSED] - Statement - For ([g = 1, g <= BatchNumber - 1, (g++)]): null

2018-06-09 20:23:56 - [TEST_STEP][PASSED] - selectOptionByIndex: All options with index in [1] are selected on object 'Object Repository/PharmacyRequest/Page_Store/select_--Select--BA50'

2018-06-09 20:23:56 - [MESSAGE][PASSED] - All options with index in [1] are selected on object 'Object Repository/PharmacyRequest/Page_Store/select_--Select--BA50'

2018-06-09 20:23:56 - [TEST_STEP][PASSED] - delay: Delayed 2 second(s)

2018-06-09 20:23:58 - [MESSAGE][PASSED] - Delayed 2 second(s)

2018-06-09 20:23:58 - [TEST_STEP][PASSED] - Statement - StockQty = com.kms.katalon.core.webui.keyword.WebUiBuiltInKeywords.getAttribute(com.kms.katalon.core.testobject.ObjectRepository.findTestObject(PharmacyRequest/Page_Store/input_txtprice), "value"): Attribute 'value' of object 'Object Repository/PharmacyRequest/Page_Store/input_txtprice' is: '260'

2018-06-09 20:23:58 - [MESSAGE][PASSED] - Attribute 'value' of object 'Object Repository/PharmacyRequest/Page_Store/input_txtprice' is: '260'

2018-06-09 20:23:58 - [TEST_STEP][PASSED] - Statement - out.println("Stock QTY : " + StockQty): null

2018-06-09 20:23:58 - [TEST_STEP][PASSED] - delay: Delayed 1 second(s)

2018-06-09 20:23:59 - [MESSAGE][PASSED] - Delayed 1 second(s)

2018-06-09 20:23:59 - [TEST_STEP][PASSED] - Statement - If (java.lang.Integer.valueOf(StockQty) >= java.lang.Integer.valueOf(RequestedQty)): null

2018-06-09 20:23:59 - [TEST_STEP][PASSED] - setText: Text '10' is set on object 'Object Repository/PharmacyRequest/Page_Store/input_txtqty'

2018-06-09 20:23:59 - [MESSAGE][PASSED] - Text '10' is set on object 'Object Repository/PharmacyRequest/Page_Store/input_txtqty'

2018-06-09 20:23:59 - [TEST_STEP][PASSED] - click: Object: 'Object Repository/PharmacyRequest/Page_Store/button_Add' is clicked on

2018-06-09 20:23:59 - [MESSAGE][PASSED] - Object: 'Object Repository/PharmacyRequest/Page_Store/button_Add' is clicked on

2018-06-09 20:23:59 - [TEST_STEP][PASSED] - Statement - Break: null

2018-06-09 20:23:59 - [TEST_STEP][PASSED] - selectOptionByIndex: All options with index in [64] are selected on object 'Object Repository/PharmacyRequest/Page_Store/select_--Select--Amlodepin -5'

2018-06-09 20:24:00 - [MESSAGE][PASSED] - All options with index in [64] are selected on object 'Object Repository/PharmacyRequest/Page_Store/select_--Select--Amlodepin -5'

2018-06-09 20:24:00 - [TEST_STEP][PASSED] - delay: Delayed 1 second(s)

2018-06-09 20:24:01 - [MESSAGE][PASSED] - Delayed 1 second(s)

2018-06-09 20:24:01 - [TEST_STEP][PASSED] - Statement - RequestedQty = com.kms.katalon.core.webui.keyword.WebUiBuiltInKeywords.getAttribute(com.kms.katalon.core.testobject.ObjectRepository.findTestObject(PharmacyRequest/Page_Store/input_txttotal), "value"): Attribute 'value' of object 'Object Repository/PharmacyRequest/Page_Store/input_txttotal' is: '10'

2018-06-09 20:24:01 - [MESSAGE][PASSED] - Attribute 'value' of object 'Object Repository/PharmacyRequest/Page_Store/input_txttotal' is: '10'

2018-06-09 20:24:01 - [TEST_STEP][PASSED] - Statement - out.println("Requested QTY : " + RequestedQty): null

2018-06-09 20:24:01 - [TEST_STEP][PASSED] - Statement - BatchNumber = com.kms.katalon.core.webui.keyword.WebUiBuiltInKeywords.getNumberOfTotalOption(com.kms.katalon.core.testobject.ObjectRepository.findTestObject(PharmacyRequest/Page_Store/select_--Select--BA50)): 5 options of object 'Object Repository/PharmacyRequest/Page_Store/select_--Select--BA50' counted

2018-06-09 20:24:01 - [MESSAGE][PASSED] - 5 options of object 'Object Repository/PharmacyRequest/Page_Store/select_--Select--BA50' counted

2018-06-09 20:24:01 - [TEST_STEP][PASSED] - Statement - For ([g = 1, g <= BatchNumber - 1, (g++)]): null

2018-06-09 20:24:01 - [TEST_STEP][PASSED] - selectOptionByIndex: All options with index in [1] are selected on object 'Object Repository/PharmacyRequest/Page_Store/select_--Select--BA50'

2018-06-09 20:24:01 - [MESSAGE][PASSED] - All options with index in [1] are selected on object 'Object Repository/PharmacyRequest/Page_Store/select_--Select--BA50'

2018-06-09 20:24:01 - [TEST_STEP][PASSED] - delay: Delayed 2 second(s)

2018-06-09 20:24:03 - [MESSAGE][PASSED] - Delayed 2 second(s)

2018-06-09 20:24:03 - [TEST_STEP][PASSED] - Statement - StockQty = com.kms.katalon.core.webui.keyword.WebUiBuiltInKeywords.getAttribute(com.kms.katalon.core.testobject.ObjectRepository.findTestObject(PharmacyRequest/Page_Store/input_txtprice), "value"): Attribute 'value' of object 'Object Repository/PharmacyRequest/Page_Store/input_txtprice' is: '100'

2018-06-09 20:24:03 - [MESSAGE][PASSED] - Attribute 'value' of object 'Object Repository/PharmacyRequest/Page_Store/input_txtprice' is: '100'

2018-06-09 20:24:03 - [TEST_STEP][PASSED] - Statement - out.println("Stock QTY : " + StockQty): null

2018-06-09 20:24:03 - [TEST_STEP][PASSED] - delay: Delayed 1 second(s)

2018-06-09 20:24:04 - [MESSAGE][PASSED] - Delayed 1 second(s)

2018-06-09 20:24:04 - [TEST_STEP][PASSED] - Statement - If (java.lang.Integer.valueOf(StockQty) >= java.lang.Integer.valueOf(RequestedQty)): null

2018-06-09 20:24:04 - [TEST_STEP][PASSED] - setText: Text '10' is set on object 'Object Repository/PharmacyRequest/Page_Store/input_txtqty'

2018-06-09 20:24:04 - [MESSAGE][PASSED] - Text '10' is set on object 'Object Repository/PharmacyRequest/Page_Store/input_txtqty'

2018-06-09 20:24:04 - [TEST_STEP][PASSED] - click: Object: 'Object Repository/PharmacyRequest/Page_Store/button_Add' is clicked on

2018-06-09 20:24:04 - [MESSAGE][PASSED] - Object: 'Object Repository/PharmacyRequest/Page_Store/button_Add' is clicked on

2018-06-09 20:24:04 - [TEST_STEP][PASSED] - Statement - Break: null

2018-06-09 20:24:04 - [TEST_STEP][PASSED] - selectOptionByIndex: All options with index in [65] are selected on object 'Object Repository/PharmacyRequest/Page_Store/select_--Select--Amlodepin -5'

2018-06-09 20:24:05 - [MESSAGE][PASSED] - All options with index in [65] are selected on object 'Object Repository/PharmacyRequest/Page_Store/select_--Select--Amlodepin -5'

2018-06-09 20:24:05 - [TEST_STEP][PASSED] - delay: Delayed 1 second(s)

2018-06-09 20:24:06 - [MESSAGE][PASSED] - Delayed 1 second(s)

2018-06-09 20:24:06 - [TEST_STEP][PASSED] - Statement - RequestedQty = com.kms.katalon.core.webui.keyword.WebUiBuiltInKeywords.getAttribute(com.kms.katalon.core.testobject.ObjectRepository.findTestObject(PharmacyRequest/Page_Store/input_txttotal), "value"): Attribute 'value' of object 'Object Repository/PharmacyRequest/Page_Store/input_txttotal' is: '10'

2018-06-09 20:24:06 - [MESSAGE][PASSED] - Attribute 'value' of object 'Object Repository/PharmacyRequest/Page_Store/input_txttotal' is: '10'

2018-06-09 20:24:06 - [TEST_STEP][PASSED] - Statement - out.println("Requested QTY : " + RequestedQty): null

2018-06-09 20:24:06 - [TEST_STEP][PASSED] - Statement - BatchNumber = com.kms.katalon.core.webui.keyword.WebUiBuiltInKeywords.getNumberOfTotalOption(com.kms.katalon.core.testobject.ObjectRepository.findTestObject(PharmacyRequest/Page_Store/select_--Select--BA50)): 5 options of object 'Object Repository/PharmacyRequest/Page_Store/select_--Select--BA50' counted

2018-06-09 20:24:06 - [MESSAGE][PASSED] - 5 options of object 'Object Repository/PharmacyRequest/Page_Store/select_--Select--BA50' counted

2018-06-09 20:24:06 - [TEST_STEP][PASSED] - Statement - For ([g = 1, g <= BatchNumber - 1, (g++)]): null

2018-06-09 20:24:06 - [TEST_STEP][PASSED] - selectOptionByIndex: All options with index in [1] are selected on object 'Object Repository/PharmacyRequest/Page_Store/select_--Select--BA50'

2018-06-09 20:24:06 - [MESSAGE][PASSED] - All options with index in [1] are selected on object 'Object Repository/PharmacyRequest/Page_Store/select_--Select--BA50'

2018-06-09 20:24:06 - [TEST_STEP][PASSED] - delay: Delayed 2 second(s)

2018-06-09 20:24:08 - [MESSAGE][PASSED] - Delayed 2 second(s)

2018-06-09 20:24:08 - [TEST_STEP][PASSED] - Statement - StockQty = com.kms.katalon.core.webui.keyword.WebUiBuiltInKeywords.getAttribute(com.kms.katalon.core.testobject.ObjectRepository.findTestObject(PharmacyRequest/Page_Store/input_txtprice), "value"): Attribute 'value' of object 'Object Repository/PharmacyRequest/Page_Store/input_txtprice' is: '530'

2018-06-09 20:24:08 - [MESSAGE][PASSED] - Attribute 'value' of object 'Object Repository/PharmacyRequest/Page_Store/input_txtprice' is: '530'

2018-06-09 20:24:08 - [TEST_STEP][PASSED] - Statement - out.println("Stock QTY : " + StockQty): null

2018-06-09 20:24:08 - [TEST_STEP][PASSED] - delay: Delayed 1 second(s)

2018-06-09 20:24:09 - [MESSAGE][PASSED] - Delayed 1 second(s)

2018-06-09 20:24:09 - [TEST_STEP][PASSED] - Statement - If (java.lang.Integer.valueOf(StockQty) >= java.lang.Integer.valueOf(RequestedQty)): null

2018-06-09 20:24:09 - [TEST_STEP][PASSED] - setText: Text '10' is set on object 'Object Repository/PharmacyRequest/Page_Store/input_txtqty'

2018-06-09 20:24:09 - [MESSAGE][PASSED] - Text '10' is set on object 'Object Repository/PharmacyRequest/Page_Store/input_txtqty'

2018-06-09 20:24:09 - [TEST_STEP][PASSED] - click: Object: 'Object Repository/PharmacyRequest/Page_Store/button_Add' is clicked on

2018-06-09 20:24:09 - [MESSAGE][PASSED] - Object: 'Object Repository/PharmacyRequest/Page_Store/button_Add' is clicked on

2018-06-09 20:24:09 - [TEST_STEP][PASSED] - Statement - Break: null

2018-06-09 20:24:09 - [TEST_STEP][PASSED] - selectOptionByIndex: All options with index in [66] are selected on object 'Object Repository/PharmacyRequest/Page_Store/select_--Select--Amlodepin -5'

2018-06-09 20:24:10 - [MESSAGE][PASSED] - All options with index in [66] are selected on object 'Object Repository/PharmacyRequest/Page_Store/select_--Select--Amlodepin -5'

2018-06-09 20:24:10 - [TEST_STEP][PASSED] - delay: Delayed 1 second(s)

2018-06-09 20:24:11 - [MESSAGE][PASSED] - Delayed 1 second(s)

2018-06-09 20:24:11 - [TEST_STEP][PASSED] - Statement - RequestedQty = com.kms.katalon.core.webui.keyword.WebUiBuiltInKeywords.getAttribute(com.kms.katalon.core.testobject.ObjectRepository.findTestObject(PharmacyRequest/Page_Store/input_txttotal), "value"): Attribute 'value' of object 'Object Repository/PharmacyRequest/Page_Store/input_txttotal' is: '10'

2018-06-09 20:24:11 - [MESSAGE][PASSED] - Attribute 'value' of object 'Object Repository/PharmacyRequest/Page_Store/input_txttotal' is: '10'

2018-06-09 20:24:11 - [TEST_STEP][PASSED] - Statement - out.println("Requested QTY : " + RequestedQty): null

2018-06-09 20:24:11 - [TEST_STEP][PASSED] - Statement - BatchNumber = com.kms.katalon.core.webui.keyword.WebUiBuiltInKeywords.getNumberOfTotalOption(com.kms.katalon.core.testobject.ObjectRepository.findTestObject(PharmacyRequest/Page_Store/select_--Select--BA50)): 2 options of object 'Object Repository/PharmacyRequest/Page_Store/select_--Select--BA50' counted

2018-06-09 20:24:11 - [MESSAGE][PASSED] - 2 options of object 'Object Repository/PharmacyRequest/Page_Store/select_--Select--BA50' counted

2018-06-09 20:24:11 - [TEST_STEP][PASSED] - Statement - For ([g = 1, g <= BatchNumber - 1, (g++)]): null

2018-06-09 20:24:11 - [TEST_STEP][PASSED] - selectOptionByIndex: All options with index in [1] are selected on object 'Object Repository/PharmacyRequest/Page_Store/select_--Select--BA50'

2018-06-09 20:24:11 - [MESSAGE][PASSED] - All options with index in [1] are selected on object 'Object Repository/PharmacyRequest/Page_Store/select_--Select--BA50'

2018-06-09 20:24:11 - [TEST_STEP][PASSED] - delay: Delayed 2 second(s)

2018-06-09 20:24:13 - [MESSAGE][PASSED] - Delayed 2 second(s)

2018-06-09 20:24:13 - [TEST_STEP][PASSED] - Statement - StockQty = com.kms.katalon.core.webui.keyword.WebUiBuiltInKeywords.getAttribute(com.kms.katalon.core.testobject.ObjectRepository.findTestObject(PharmacyRequest/Page_Store/input_txtprice), "value"): Attribute 'value' of object 'Object Repository/PharmacyRequest/Page_Store/input_txtprice' is: '2000'

2018-06-09 20:24:13 - [MESSAGE][PASSED] - Attribute 'value' of object 'Object Repository/PharmacyRequest/Page_Store/input_txtprice' is: '2000'

2018-06-09 20:24:13 - [TEST_STEP][PASSED] - Statement - out.println("Stock QTY : " + StockQty): null

2018-06-09 20:24:13 - [TEST_STEP][PASSED] - delay: Delayed 1 second(s)

2018-06-09 20:24:14 - [MESSAGE][PASSED] - Delayed 1 second(s)

2018-06-09 20:24:14 - [TEST_STEP][PASSED] - Statement - If (java.lang.Integer.valueOf(StockQty) >= java.lang.Integer.valueOf(RequestedQty)): null

2018-06-09 20:24:14 - [TEST_STEP][PASSED] - setText: Text '10' is set on object 'Object Repository/PharmacyRequest/Page_Store/input_txtqty'

2018-06-09 20:24:14 - [MESSAGE][PASSED] - Text '10' is set on object 'Object Repository/PharmacyRequest/Page_Store/input_txtqty'

2018-06-09 20:24:14 - [TEST_STEP][PASSED] - click: Object: 'Object Repository/PharmacyRequest/Page_Store/button_Add' is clicked on

2018-06-09 20:24:14 - [MESSAGE][PASSED] - Object: 'Object Repository/PharmacyRequest/Page_Store/button_Add' is clicked on

2018-06-09 20:24:14 - [TEST_STEP][PASSED] - Statement - Break: null

2018-06-09 20:24:14 - [TEST_STEP][PASSED] - selectOptionByIndex: All options with index in [67] are selected on object 'Object Repository/PharmacyRequest/Page_Store/select_--Select--Amlodepin -5'

2018-06-09 20:24:15 - [MESSAGE][PASSED] - All options with index in [67] are selected on object 'Object Repository/PharmacyRequest/Page_Store/select_--Select--Amlodepin -5'

2018-06-09 20:24:15 - [TEST_STEP][PASSED] - delay: Delayed 1 second(s)

2018-06-09 20:24:16 - [MESSAGE][PASSED] - Delayed 1 second(s)

2018-06-09 20:24:16 - [TEST_STEP][PASSED] - Statement - RequestedQty = com.kms.katalon.core.webui.keyword.WebUiBuiltInKeywords.getAttribute(com.kms.katalon.core.testobject.ObjectRepository.findTestObject(PharmacyRequest/Page_Store/input_txttotal), "value"): Attribute 'value' of object 'Object Repository/PharmacyRequest/Page_Store/input_txttotal' is: '10'

2018-06-09 20:24:16 - [MESSAGE][PASSED] - Attribute 'value' of object 'Object Repository/PharmacyRequest/Page_Store/input_txttotal' is: '10'

2018-06-09 20:24:16 - [TEST_STEP][PASSED] - Statement - out.println("Requested QTY : " + RequestedQty): null

2018-06-09 20:24:16 - [TEST_STEP][PASSED] - Statement - BatchNumber = com.kms.katalon.core.webui.keyword.WebUiBuiltInKeywords.getNumberOfTotalOption(com.kms.katalon.core.testobject.ObjectRepository.findTestObject(PharmacyRequest/Page_Store/select_--Select--BA50)): 3 options of object 'Object Repository/PharmacyRequest/Page_Store/select_--Select--BA50' counted

2018-06-09 20:24:16 - [MESSAGE][PASSED] - 3 options of object 'Object Repository/PharmacyRequest/Page_Store/select_--Select--BA50' counted

2018-06-09 20:24:16 - [TEST_STEP][PASSED] - Statement - For ([g = 1, g <= BatchNumber - 1, (g++)]): null

2018-06-09 20:24:16 - [TEST_STEP][PASSED] - selectOptionByIndex: All options with index in [1] are selected on object 'Object Repository/PharmacyRequest/Page_Store/select_--Select--BA50'

2018-06-09 20:24:16 - [MESSAGE][PASSED] - All options with index in [1] are selected on object 'Object Repository/PharmacyRequest/Page_Store/select_--Select--BA50'

2018-06-09 20:24:16 - [TEST_STEP][PASSED] - delay: Delayed 2 second(s)

2018-06-09 20:24:18 - [MESSAGE][PASSED] - Delayed 2 second(s)

2018-06-09 20:24:18 - [TEST_STEP][PASSED] - Statement - StockQty = com.kms.katalon.core.webui.keyword.WebUiBuiltInKeywords.getAttribute(com.kms.katalon.core.testobject.ObjectRepository.findTestObject(PharmacyRequest/Page_Store/input_txtprice), "value"): Attribute 'value' of object 'Object Repository/PharmacyRequest/Page_Store/input_txtprice' is: '830'

2018-06-09 20:24:18 - [MESSAGE][PASSED] - Attribute 'value' of object 'Object Repository/PharmacyRequest/Page_Store/input_txtprice' is: '830'

2018-06-09 20:24:18 - [TEST_STEP][PASSED] - Statement - out.println("Stock QTY : " + StockQty): null

2018-06-09 20:24:18 - [TEST_STEP][PASSED] - delay: Delayed 1 second(s)

2018-06-09 20:24:19 - [MESSAGE][PASSED] - Delayed 1 second(s)

2018-06-09 20:24:19 - [TEST_STEP][PASSED] - Statement - If (java.lang.Integer.valueOf(StockQty) >= java.lang.Integer.valueOf(RequestedQty)): null

2018-06-09 20:24:19 - [TEST_STEP][PASSED] - setText: Text '10' is set on object 'Object Repository/PharmacyRequest/Page_Store/input_txtqty'

2018-06-09 20:24:19 - [MESSAGE][PASSED] - Text '10' is set on object 'Object Repository/PharmacyRequest/Page_Store/input_txtqty'

2018-06-09 20:24:19 - [TEST_STEP][PASSED] - click: Object: 'Object Repository/PharmacyRequest/Page_Store/button_Add' is clicked on

2018-06-09 20:24:20 - [MESSAGE][PASSED] - Object: 'Object Repository/PharmacyRequest/Page_Store/button_Add' is clicked on

2018-06-09 20:24:20 - [TEST_STEP][PASSED] - Statement - Break: null

2018-06-09 20:24:20 - [TEST_STEP][PASSED] - selectOptionByIndex: All options with index in [68] are selected on object 'Object Repository/PharmacyRequest/Page_Store/select_--Select--Amlodepin -5'

2018-06-09 20:24:20 - [MESSAGE][PASSED] - All options with index in [68] are selected on object 'Object Repository/PharmacyRequest/Page_Store/select_--Select--Amlodepin -5'

2018-06-09 20:24:20 - [TEST_STEP][PASSED] - delay: Delayed 1 second(s)

2018-06-09 20:24:21 - [MESSAGE][PASSED] - Delayed 1 second(s)

2018-06-09 20:24:21 - [TEST_STEP][PASSED] - Statement - RequestedQty = com.kms.katalon.core.webui.keyword.WebUiBuiltInKeywords.getAttribute(com.kms.katalon.core.testobject.ObjectRepository.findTestObject(PharmacyRequest/Page_Store/input_txttotal), "value"): Attribute 'value' of object 'Object Repository/PharmacyRequest/Page_Store/input_txttotal' is: '10'

2018-06-09 20:24:21 - [MESSAGE][PASSED] - Attribute 'value' of object 'Object Repository/PharmacyRequest/Page_Store/input_txttotal' is: '10'

2018-06-09 20:24:21 - [TEST_STEP][PASSED] - Statement - out.println("Requested QTY : " + RequestedQty): null

2018-06-09 20:24:21 - [TEST_STEP][PASSED] - Statement - BatchNumber = com.kms.katalon.core.webui.keyword.WebUiBuiltInKeywords.getNumberOfTotalOption(com.kms.katalon.core.testobject.ObjectRepository.findTestObject(PharmacyRequest/Page_Store/select_--Select--BA50)): 6 options of object 'Object Repository/PharmacyRequest/Page_Store/select_--Select--BA50' counted

2018-06-09 20:24:21 - [MESSAGE][PASSED] - 6 options of object 'Object Repository/PharmacyRequest/Page_Store/select_--Select--BA50' counted

2018-06-09 20:24:21 - [TEST_STEP][PASSED] - Statement - For ([g = 1, g <= BatchNumber - 1, (g++)]): null

2018-06-09 20:24:21 - [TEST_STEP][PASSED] - selectOptionByIndex: All options with index in [1] are selected on object 'Object Repository/PharmacyRequest/Page_Store/select_--Select--BA50'

2018-06-09 20:24:21 - [MESSAGE][PASSED] - All options with index in [1] are selected on object 'Object Repository/PharmacyRequest/Page_Store/select_--Select--BA50'

2018-06-09 20:24:21 - [TEST_STEP][PASSED] - delay: Delayed 2 second(s)

2018-06-09 20:24:23 - [MESSAGE][PASSED] - Delayed 2 second(s)

2018-06-09 20:24:23 - [TEST_STEP][PASSED] - Statement - StockQty = com.kms.katalon.core.webui.keyword.WebUiBuiltInKeywords.getAttribute(com.kms.katalon.core.testobject.ObjectRepository.findTestObject(PharmacyRequest/Page_Store/input_txtprice), "value"): Attribute 'value' of object 'Object Repository/PharmacyRequest/Page_Store/input_txtprice' is: '460'

2018-06-09 20:24:23 - [MESSAGE][PASSED] - Attribute 'value' of object 'Object Repository/PharmacyRequest/Page_Store/input_txtprice' is: '460'

2018-06-09 20:24:23 - [TEST_STEP][PASSED] - Statement - out.println("Stock QTY : " + StockQty): null

2018-06-09 20:24:23 - [TEST_STEP][PASSED] - delay: Delayed 1 second(s)

2018-06-09 20:24:24 - [MESSAGE][PASSED] - Delayed 1 second(s)

2018-06-09 20:24:24 - [TEST_STEP][PASSED] - Statement - If (java.lang.Integer.valueOf(StockQty) >= java.lang.Integer.valueOf(RequestedQty)): null

2018-06-09 20:24:24 - [TEST_STEP][PASSED] - setText: Text '10' is set on object 'Object Repository/PharmacyRequest/Page_Store/input_txtqty'

2018-06-09 20:24:25 - [MESSAGE][PASSED] - Text '10' is set on object 'Object Repository/PharmacyRequest/Page_Store/input_txtqty'

2018-06-09 20:24:25 - [TEST_STEP][PASSED] - click: Object: 'Object Repository/PharmacyRequest/Page_Store/button_Add' is clicked on

2018-06-09 20:24:25 - [MESSAGE][PASSED] - Object: 'Object Repository/PharmacyRequest/Page_Store/button_Add' is clicked on

2018-06-09 20:24:25 - [TEST_STEP][PASSED] - Statement - Break: null

2018-06-09 20:24:25 - [TEST_STEP][PASSED] - selectOptionByIndex: All options with index in [69] are selected on object 'Object Repository/PharmacyRequest/Page_Store/select_--Select--Amlodepin -5'

2018-06-09 20:24:26 - [MESSAGE][PASSED] - All options with index in [69] are selected on object 'Object Repository/PharmacyRequest/Page_Store/select_--Select--Amlodepin -5'

2018-06-09 20:24:26 - [TEST_STEP][PASSED] - delay: Delayed 1 second(s)

2018-06-09 20:24:27 - [MESSAGE][PASSED] - Delayed 1 second(s)

2018-06-09 20:24:27 - [TEST_STEP][PASSED] - Statement - RequestedQty = com.kms.katalon.core.webui.keyword.WebUiBuiltInKeywords.getAttribute(com.kms.katalon.core.testobject.ObjectRepository.findTestObject(PharmacyRequest/Page_Store/input_txttotal), "value"): Attribute 'value' of object 'Object Repository/PharmacyRequest/Page_Store/input_txttotal' is: '10'

2018-06-09 20:24:27 - [MESSAGE][PASSED] - Attribute 'value' of object 'Object Repository/PharmacyRequest/Page_Store/input_txttotal' is: '10'

2018-06-09 20:24:27 - [TEST_STEP][PASSED] - Statement - out.println("Requested QTY : " + RequestedQty): null

2018-06-09 20:24:27 - [TEST_STEP][PASSED] - Statement - BatchNumber = com.kms.katalon.core.webui.keyword.WebUiBuiltInKeywords.getNumberOfTotalOption(com.kms.katalon.core.testobject.ObjectRepository.findTestObject(PharmacyRequest/Page_Store/select_--Select--BA50)): 4 options of object 'Object Repository/PharmacyRequest/Page_Store/select_--Select--BA50' counted

2018-06-09 20:24:27 - [MESSAGE][PASSED] - 4 options of object 'Object Repository/PharmacyRequest/Page_Store/select_--Select--BA50' counted

2018-06-09 20:24:27 - [TEST_STEP][PASSED] - Statement - For ([g = 1, g <= BatchNumber - 1, (g++)]): null

2018-06-09 20:24:27 - [TEST_STEP][PASSED] - selectOptionByIndex: All options with index in [1] are selected on object 'Object Repository/PharmacyRequest/Page_Store/select_--Select--BA50'

2018-06-09 20:24:27 - [MESSAGE][PASSED] - All options with index in [1] are selected on object 'Object Repository/PharmacyRequest/Page_Store/select_--Select--BA50'

2018-06-09 20:24:27 - [TEST_STEP][PASSED] - delay: Delayed 2 second(s)

2018-06-09 20:24:29 - [MESSAGE][PASSED] - Delayed 2 second(s)

2018-06-09 20:24:29 - [TEST_STEP][PASSED] - Statement - StockQty = com.kms.katalon.core.webui.keyword.WebUiBuiltInKeywords.getAttribute(com.kms.katalon.core.testobject.ObjectRepository.findTestObject(PharmacyRequest/Page_Store/input_txtprice), "value"): Attribute 'value' of object 'Object Repository/PharmacyRequest/Page_Store/input_txtprice' is: '830'

2018-06-09 20:24:29 - [MESSAGE][PASSED] - Attribute 'value' of object 'Object Repository/PharmacyRequest/Page_Store/input_txtprice' is: '830'

2018-06-09 20:24:29 - [TEST_STEP][PASSED] - Statement - out.println("Stock QTY : " + StockQty): null

2018-06-09 20:24:29 - [TEST_STEP][PASSED] - delay: Delayed 1 second(s)

2018-06-09 20:24:30 - [MESSAGE][PASSED] - Delayed 1 second(s)

2018-06-09 20:24:30 - [TEST_STEP][PASSED] - Statement - If (java.lang.Integer.valueOf(StockQty) >= java.lang.Integer.valueOf(RequestedQty)): null

2018-06-09 20:24:30 - [TEST_STEP][PASSED] - setText: Text '10' is set on object 'Object Repository/PharmacyRequest/Page_Store/input_txtqty'

2018-06-09 20:24:30 - [MESSAGE][PASSED] - Text '10' is set on object 'Object Repository/PharmacyRequest/Page_Store/input_txtqty'

2018-06-09 20:24:30 - [TEST_STEP][PASSED] - click: Object: 'Object Repository/PharmacyRequest/Page_Store/button_Add' is clicked on

2018-06-09 20:24:30 - [MESSAGE][PASSED] - Object: 'Object Repository/PharmacyRequest/Page_Store/button_Add' is clicked on

2018-06-09 20:24:30 - [TEST_STEP][PASSED] - Statement - Break: null

2018-06-09 20:24:30 - [TEST_STEP][PASSED] - selectOptionByIndex: All options with index in [70] are selected on object 'Object Repository/PharmacyRequest/Page_Store/select_--Select--Amlodepin -5'

2018-06-09 20:24:31 - [MESSAGE][PASSED] - All options with index in [70] are selected on object 'Object Repository/PharmacyRequest/Page_Store/select_--Select--Amlodepin -5'

2018-06-09 20:24:31 - [TEST_STEP][PASSED] - delay: Delayed 1 second(s)

2018-06-09 20:24:32 - [MESSAGE][PASSED] - Delayed 1 second(s)

2018-06-09 20:24:32 - [TEST_STEP][PASSED] - Statement - RequestedQty = com.kms.katalon.core.webui.keyword.WebUiBuiltInKeywords.getAttribute(com.kms.katalon.core.testobject.ObjectRepository.findTestObject(PharmacyRequest/Page_Store/input_txttotal), "value"): Attribute 'value' of object 'Object Repository/PharmacyRequest/Page_Store/input_txttotal' is: '10'

2018-06-09 20:24:32 - [MESSAGE][PASSED] - Attribute 'value' of object 'Object Repository/PharmacyRequest/Page_Store/input_txttotal' is: '10'

2018-06-09 20:24:32 - [TEST_STEP][PASSED] - Statement - out.println("Requested QTY : " + RequestedQty): null

2018-06-09 20:24:32 - [TEST_STEP][PASSED] - Statement - BatchNumber = com.kms.katalon.core.webui.keyword.WebUiBuiltInKeywords.getNumberOfTotalOption(com.kms.katalon.core.testobject.ObjectRepository.findTestObject(PharmacyRequest/Page_Store/select_--Select--BA50)): 4 options of object 'Object Repository/PharmacyRequest/Page_Store/select_--Select--BA50' counted

2018-06-09 20:24:32 - [MESSAGE][PASSED] - 4 options of object 'Object Repository/PharmacyRequest/Page_Store/select_--Select--BA50' counted

2018-06-09 20:24:32 - [TEST_STEP][PASSED] - Statement - For ([g = 1, g <= BatchNumber - 1, (g++)]): null

2018-06-09 20:24:32 - [TEST_STEP][PASSED] - selectOptionByIndex: All options with index in [1] are selected on object 'Object Repository/PharmacyRequest/Page_Store/select_--Select--BA50'

2018-06-09 20:24:32 - [MESSAGE][PASSED] - All options with index in [1] are selected on object 'Object Repository/PharmacyRequest/Page_Store/select_--Select--BA50'

2018-06-09 20:24:32 - [TEST_STEP][PASSED] - delay: Delayed 2 second(s)

2018-06-09 20:24:34 - [MESSAGE][PASSED] - Delayed 2 second(s)

2018-06-09 20:24:34 - [TEST_STEP][PASSED] - Statement - StockQty = com.kms.katalon.core.webui.keyword.WebUiBuiltInKeywords.getAttribute(com.kms.katalon.core.testobject.ObjectRepository.findTestObject(PharmacyRequest/Page_Store/input_txtprice), "value"): Attribute 'value' of object 'Object Repository/PharmacyRequest/Page_Store/input_txtprice' is: '260'

2018-06-09 20:24:34 - [MESSAGE][PASSED] - Attribute 'value' of object 'Object Repository/PharmacyRequest/Page_Store/input_txtprice' is: '260'

2018-06-09 20:24:34 - [TEST_STEP][PASSED] - Statement - out.println("Stock QTY : " + StockQty): null

2018-06-09 20:24:34 - [TEST_STEP][PASSED] - delay: Delayed 1 second(s)

2018-06-09 20:24:35 - [MESSAGE][PASSED] - Delayed 1 second(s)

2018-06-09 20:24:35 - [TEST_STEP][PASSED] - Statement - If (java.lang.Integer.valueOf(StockQty) >= java.lang.Integer.valueOf(RequestedQty)): null

2018-06-09 20:24:35 - [TEST_STEP][PASSED] - setText: Text '10' is set on object 'Object Repository/PharmacyRequest/Page_Store/input_txtqty'

2018-06-09 20:24:35 - [MESSAGE][PASSED] - Text '10' is set on object 'Object Repository/PharmacyRequest/Page_Store/input_txtqty'

2018-06-09 20:24:35 - [TEST_STEP][PASSED] - click: Object: 'Object Repository/PharmacyRequest/Page_Store/button_Add' is clicked on

2018-06-09 20:24:35 - [MESSAGE][PASSED] - Object: 'Object Repository/PharmacyRequest/Page_Store/button_Add' is clicked on

2018-06-09 20:24:35 - [TEST_STEP][PASSED] - Statement - Break: null

2018-06-09 20:24:35 - [TEST_STEP][PASSED] - selectOptionByIndex: All options with index in [71] are selected on object 'Object Repository/PharmacyRequest/Page_Store/select_--Select--Amlodepin -5'

2018-06-09 20:24:36 - [MESSAGE][PASSED] - All options with index in [71] are selected on object 'Object Repository/PharmacyRequest/Page_Store/select_--Select--Amlodepin -5'

2018-06-09 20:24:36 - [TEST_STEP][PASSED] - delay: Delayed 1 second(s)

2018-06-09 20:24:37 - [MESSAGE][PASSED] - Delayed 1 second(s)

2018-06-09 20:24:37 - [TEST_STEP][PASSED] - Statement - RequestedQty = com.kms.katalon.core.webui.keyword.WebUiBuiltInKeywords.getAttribute(com.kms.katalon.core.testobject.ObjectRepository.findTestObject(PharmacyRequest/Page_Store/input_txttotal), "value"): Attribute 'value' of object 'Object Repository/PharmacyRequest/Page_Store/input_txttotal' is: '10'

2018-06-09 20:24:37 - [MESSAGE][PASSED] - Attribute 'value' of object 'Object Repository/PharmacyRequest/Page_Store/input_txttotal' is: '10'

2018-06-09 20:24:37 - [TEST_STEP][PASSED] - Statement - out.println("Requested QTY : " + RequestedQty): null

2018-06-09 20:24:37 - [TEST_STEP][PASSED] - Statement - BatchNumber = com.kms.katalon.core.webui.keyword.WebUiBuiltInKeywords.getNumberOfTotalOption(com.kms.katalon.core.testobject.ObjectRepository.findTestObject(PharmacyRequest/Page_Store/select_--Select--BA50)): 3 options of object 'Object Repository/PharmacyRequest/Page_Store/select_--Select--BA50' counted

2018-06-09 20:24:37 - [MESSAGE][PASSED] - 3 options of object 'Object Repository/PharmacyRequest/Page_Store/select_--Select--BA50' counted

2018-06-09 20:24:37 - [TEST_STEP][PASSED] - Statement - For ([g = 1, g <= BatchNumber - 1, (g++)]): null

2018-06-09 20:24:37 - [TEST_STEP][PASSED] - selectOptionByIndex: All options with index in [1] are selected on object 'Object Repository/PharmacyRequest/Page_Store/select_--Select--BA50'

2018-06-09 20:24:37 - [MESSAGE][PASSED] - All options with index in [1] are selected on object 'Object Repository/PharmacyRequest/Page_Store/select_--Select--BA50'

2018-06-09 20:24:37 - [TEST_STEP][PASSED] - delay: Delayed 2 second(s)

2018-06-09 20:24:39 - [MESSAGE][PASSED] - Delayed 2 second(s)

2018-06-09 20:24:39 - [TEST_STEP][PASSED] - Statement - StockQty = com.kms.katalon.core.webui.keyword.WebUiBuiltInKeywords.getAttribute(com.kms.katalon.core.testobject.ObjectRepository.findTestObject(PharmacyRequest/Page_Store/input_txtprice), "value"): Attribute 'value' of object 'Object Repository/PharmacyRequest/Page_Store/input_txtprice' is: '1790'

2018-06-09 20:24:39 - [MESSAGE][PASSED] - Attribute 'value' of object 'Object Repository/PharmacyRequest/Page_Store/input_txtprice' is: '1790'

2018-06-09 20:24:39 - [TEST_STEP][PASSED] - Statement - out.println("Stock QTY : " + StockQty): null

2018-06-09 20:24:39 - [TEST_STEP][PASSED] - delay: Delayed 1 second(s)

2018-06-09 20:24:40 - [MESSAGE][PASSED] - Delayed 1 second(s)

2018-06-09 20:24:40 - [TEST_STEP][PASSED] - Statement - If (java.lang.Integer.valueOf(StockQty) >= java.lang.Integer.valueOf(RequestedQty)): null

2018-06-09 20:24:40 - [TEST_STEP][PASSED] - setText: Text '10' is set on object 'Object Repository/PharmacyRequest/Page_Store/input_txtqty'

2018-06-09 20:24:40 - [MESSAGE][PASSED] - Text '10' is set on object 'Object Repository/PharmacyRequest/Page_Store/input_txtqty'

2018-06-09 20:24:40 - [TEST_STEP][PASSED] - click: Object: 'Object Repository/PharmacyRequest/Page_Store/button_Add' is clicked on

2018-06-09 20:24:40 - [MESSAGE][PASSED] - Object: 'Object Repository/PharmacyRequest/Page_Store/button_Add' is clicked on

2018-06-09 20:24:40 - [TEST_STEP][PASSED] - Statement - Break: null

2018-06-09 20:24:40 - [TEST_STEP][PASSED] - selectOptionByIndex: All options with index in [72] are selected on object 'Object Repository/PharmacyRequest/Page_Store/select_--Select--Amlodepin -5'

2018-06-09 20:24:41 - [MESSAGE][PASSED] - All options with index in [72] are selected on object 'Object Repository/PharmacyRequest/Page_Store/select_--Select--Amlodepin -5'

2018-06-09 20:24:41 - [TEST_STEP][PASSED] - delay: Delayed 1 second(s)

2018-06-09 20:24:42 - [MESSAGE][PASSED] - Delayed 1 second(s)

2018-06-09 20:24:42 - [TEST_STEP][PASSED] - Statement - RequestedQty = com.kms.katalon.core.webui.keyword.WebUiBuiltInKeywords.getAttribute(com.kms.katalon.core.testobject.ObjectRepository.findTestObject(PharmacyRequest/Page_Store/input_txttotal), "value"): Attribute 'value' of object 'Object Repository/PharmacyRequest/Page_Store/input_txttotal' is: '10'

2018-06-09 20:24:42 - [MESSAGE][PASSED] - Attribute 'value' of object 'Object Repository/PharmacyRequest/Page_Store/input_txttotal' is: '10'

2018-06-09 20:24:42 - [TEST_STEP][PASSED] - Statement - out.println("Requested QTY : " + RequestedQty): null

2018-06-09 20:24:42 - [TEST_STEP][PASSED] - Statement - BatchNumber = com.kms.katalon.core.webui.keyword.WebUiBuiltInKeywords.getNumberOfTotalOption(com.kms.katalon.core.testobject.ObjectRepository.findTestObject(PharmacyRequest/Page_Store/select_--Select--BA50)): 5 options of object 'Object Repository/PharmacyRequest/Page_Store/select_--Select--BA50' counted

2018-06-09 20:24:42 - [MESSAGE][PASSED] - 5 options of object 'Object Repository/PharmacyRequest/Page_Store/select_--Select--BA50' counted

2018-06-09 20:24:42 - [TEST_STEP][PASSED] - Statement - For ([g = 1, g <= BatchNumber - 1, (g++)]): null

2018-06-09 20:24:42 - [TEST_STEP][PASSED] - selectOptionByIndex: All options with index in [1] are selected on object 'Object Repository/PharmacyRequest/Page_Store/select_--Select--BA50'

2018-06-09 20:24:42 - [MESSAGE][PASSED] - All options with index in [1] are selected on object 'Object Repository/PharmacyRequest/Page_Store/select_--Select--BA50'

2018-06-09 20:24:42 - [TEST_STEP][PASSED] - delay: Delayed 2 second(s)

2018-06-09 20:24:44 - [MESSAGE][PASSED] - Delayed 2 second(s)

2018-06-09 20:24:44 - [TEST_STEP][PASSED] - Statement - StockQty = com.kms.katalon.core.webui.keyword.WebUiBuiltInKeywords.getAttribute(com.kms.katalon.core.testobject.ObjectRepository.findTestObject(PharmacyRequest/Page_Store/input_txtprice), "value"): Attribute 'value' of object 'Object Repository/PharmacyRequest/Page_Store/input_txtprice' is: '100'

2018-06-09 20:24:44 - [MESSAGE][PASSED] - Attribute 'value' of object 'Object Repository/PharmacyRequest/Page_Store/input_txtprice' is: '100'

2018-06-09 20:24:44 - [TEST_STEP][PASSED] - Statement - out.println("Stock QTY : " + StockQty): null

2018-06-09 20:24:44 - [TEST_STEP][PASSED] - delay: Delayed 1 second(s)

2018-06-09 20:24:45 - [MESSAGE][PASSED] - Delayed 1 second(s)

2018-06-09 20:24:45 - [TEST_STEP][PASSED] - Statement - If (java.lang.Integer.valueOf(StockQty) >= java.lang.Integer.valueOf(RequestedQty)): null

2018-06-09 20:24:45 - [TEST_STEP][PASSED] - setText: Text '10' is set on object 'Object Repository/PharmacyRequest/Page_Store/input_txtqty'

2018-06-09 20:24:45 - [MESSAGE][PASSED] - Text '10' is set on object 'Object Repository/PharmacyRequest/Page_Store/input_txtqty'

2018-06-09 20:24:45 - [TEST_STEP][PASSED] - click: Object: 'Object Repository/PharmacyRequest/Page_Store/button_Add' is clicked on

2018-06-09 20:24:45 - [MESSAGE][PASSED] - Object: 'Object Repository/PharmacyRequest/Page_Store/button_Add' is clicked on

2018-06-09 20:24:45 - [TEST_STEP][PASSED] - Statement - Break: null

2018-06-09 20:24:45 - [TEST_STEP][PASSED] - scrollToElement: Scroll to object 'Object Repository/PharmacyRequest/Page_Store/input_btnSubmit' successfully

2018-06-09 20:24:46 - [MESSAGE][PASSED] - Scroll to object 'Object Repository/PharmacyRequest/Page_Store/input_btnSubmit' successfully

2018-06-09 20:24:46 - [TEST_STEP][PASSED] - click: Object: 'Object Repository/PharmacyRequest/Page_Store/input_btnSubmit' is clicked on

2018-06-09 20:24:46 - [MESSAGE][PASSED] - Object: 'Object Repository/PharmacyRequest/Page_Store/input_btnSubmit' is clicked on

2018-06-09 20:24:46 - [TEST_STEP][PASSED] - delay: Delayed 3 second(s)

2018-06-09 20:24:49 - [MESSAGE][PASSED] - Delayed 3 second(s)

2018-06-09 20:24:49 - [TEST_STEP][PASSED] - click: Object: 'Object Repository/PharmacyRequest/Page_Store/button_OK' is clicked on

2018-06-09 20:24:53 - [MESSAGE][PASSED] - Object: 'Object Repository/PharmacyRequest/Page_Store/button_OK' is clicked on

2018-06-09 20:24:53 - [TEST_STEP][PASSED] - delay: Delayed 3 second(s)

2018-06-09 20:24:56 - [MESSAGE][PASSED] - Delayed 3 second(s)

2018-06-09 20:24:56 - [TEST_STEP][PASSED] - click: Object: 'Object Repository/PharmacyRequest/Page_Store/a_dropdown-toggle' is clicked on

2018-06-09 20:24:56 - [MESSAGE][PASSED] - Object: 'Object Repository/PharmacyRequest/Page_Store/a_dropdown-toggle' is clicked on

2018-06-09 20:24:56 - [TEST_STEP][PASSED] - click: Object: 'Object Repository/PharmacyRequest/Page_Store/a_Sign out' is clicked on

2018-06-09 20:24:57 - [MESSAGE][PASSED] - Object: 'Object Repository/PharmacyRequest/Page_Store/a_Sign out' is clicked on

2018-06-09 20:24:57 - [TEST_STEP][PASSED] - closeBrowser: Browser is closed

2018-06-09 20:24:57 - [MESSAGE][PASSED] - Browser is closed

2018-06-09 20:24:57 - [TEST_STEP][PASSED] - Statement - out.println("Schedule 2 Pharmacy Request Are Working Successfully"): null]]></system-out>
         <system-err><![CDATA[]]></system-err>
      </testcase>
      <testcase name="Test Cases/PHARMACY TEST CASES/TC_PHAR_003 Verify Schedule 3 Pharmacy Request Are Working Successfully Or Not" classname="Test Cases/PHARMACY TEST CASES/TC_PHAR_003 Verify Schedule 3 Pharmacy Request Are Working Successfully Or Not" status="PASSED">
         <system-out><![CDATA[2018-06-09 20:24:57 - [TEST_CASE][PASSED] - Test Cases/PHARMACY TEST CASES/TC_PHAR_003 Verify Schedule 3 Pharmacy Request Are Working Successfully Or Not: Test Cases/PHARMACY TEST CASES/TC_PHAR_003 Verify Schedule 3 Pharmacy Request Are Working Successfully Or Not

2018-06-09 20:24:58 - [TEST_STEP][PASSED] - openBrowser: Browser is opened with url: ''

2018-06-09 20:25:00 - [MESSAGE][PASSED] - Browser is opened with url: ''

2018-06-09 20:25:00 - [TEST_STEP][PASSED] - Statement - out.println("Verify Schedule 3 Pharmacy Request Are Working Successfully Or Not"): null

2018-06-09 20:25:00 - [TEST_STEP][PASSED] - navigateToUrl: Navigate to 'http://192.168.137.1/multihospital_new/' successfully

2018-06-09 20:25:01 - [MESSAGE][PASSED] - Navigate to 'http://192.168.137.1/multihospital_new/' successfully

2018-06-09 20:25:01 - [TEST_STEP][PASSED] - maximizeWindow: Current window maximized

2018-06-09 20:25:02 - [MESSAGE][PASSED] - Current window maximized

2018-06-09 20:25:02 - [TEST_STEP][PASSED] - click: Object: 'Object Repository/PharmacyRequest/Page_KDMC/a_Pharmacy' is clicked on

2018-06-09 20:25:03 - [MESSAGE][PASSED] - Object: 'Object Repository/PharmacyRequest/Page_KDMC/a_Pharmacy' is clicked on

2018-06-09 20:25:03 - [TEST_STEP][PASSED] - setText: Text 'raja' is set on object 'Object Repository/PharmacyRequest/Page_Pharmacy login/input_txtusername'

2018-06-09 20:25:03 - [MESSAGE][PASSED] - Text 'raja' is set on object 'Object Repository/PharmacyRequest/Page_Pharmacy login/input_txtusername'

2018-06-09 20:25:03 - [TEST_STEP][PASSED] - setText: Text '123' is set on object 'Object Repository/PharmacyRequest/Page_Pharmacy login/input_txtpassword'

2018-06-09 20:25:03 - [MESSAGE][PASSED] - Text '123' is set on object 'Object Repository/PharmacyRequest/Page_Pharmacy login/input_txtpassword'

2018-06-09 20:25:03 - [TEST_STEP][PASSED] - delay: Delayed 3 second(s)

2018-06-09 20:25:06 - [MESSAGE][PASSED] - Delayed 3 second(s)

2018-06-09 20:25:06 - [TEST_STEP][PASSED] - click: Object: 'Object Repository/PharmacyRequest/Page_Pharmacy login/button_Sign in' is clicked on

2018-06-09 20:25:07 - [MESSAGE][PASSED] - Object: 'Object Repository/PharmacyRequest/Page_Pharmacy login/button_Sign in' is clicked on

2018-06-09 20:25:07 - [TEST_STEP][PASSED] - delay: Delayed 3 second(s)

2018-06-09 20:25:10 - [MESSAGE][PASSED] - Delayed 3 second(s)

2018-06-09 20:25:10 - [TEST_STEP][PASSED] - click: Object: 'Object Repository/PharmacyRequest/Page_KDMC - Pharmacy/a_Inventory' is clicked on

2018-06-09 20:25:12 - [MESSAGE][PASSED] - Object: 'Object Repository/PharmacyRequest/Page_KDMC - Pharmacy/a_Inventory' is clicked on

2018-06-09 20:25:12 - [TEST_STEP][PASSED] - delay: Delayed 3 second(s)

2018-06-09 20:25:15 - [MESSAGE][PASSED] - Delayed 3 second(s)

2018-06-09 20:25:15 - [TEST_STEP][PASSED] - click: Object: 'Object Repository/PharmacyRequest/Page_KDMC-Pharmacy/a_Store Request' is clicked on

2018-06-09 20:25:15 - [MESSAGE][PASSED] - Object: 'Object Repository/PharmacyRequest/Page_KDMC-Pharmacy/a_Store Request' is clicked on

2018-06-09 20:25:15 - [TEST_STEP][PASSED] - click: Object: 'Object Repository/PharmacyRequest/Page_KDMC-Pharmacy/a_Medicine Request' is clicked on

2018-06-09 20:25:16 - [MESSAGE][PASSED] - Object: 'Object Repository/PharmacyRequest/Page_KDMC-Pharmacy/a_Medicine Request' is clicked on

2018-06-09 20:25:16 - [TEST_STEP][PASSED] - selectOptionByIndex: All options with index in [3] are selected on object 'Object Repository/PharmacyRequest/Page_KDMC-Pharmacy/select_--Select--Schedule 1Inj'

2018-06-09 20:25:16 - [MESSAGE][PASSED] - All options with index in [3] are selected on object 'Object Repository/PharmacyRequest/Page_KDMC-Pharmacy/select_--Select--Schedule 1Inj'

2018-06-09 20:25:16 - [TEST_STEP][PASSED] - Statement - MedicineLength = com.kms.katalon.core.webui.keyword.WebUiBuiltInKeywords.getNumberOfTotalOption(com.kms.katalon.core.testobject.ObjectRepository.findTestObject(PharmacyRequest/Page_KDMC-Pharmacy/select_--Select--Albendazole)): 37 options of object 'Object Repository/PharmacyRequest/Page_KDMC-Pharmacy/select_--Select--Albendazole' counted

2018-06-09 20:25:16 - [MESSAGE][PASSED] - 37 options of object 'Object Repository/PharmacyRequest/Page_KDMC-Pharmacy/select_--Select--Albendazole' counted

2018-06-09 20:25:16 - [TEST_STEP][PASSED] - Statement - For ([l = 1, l <= MedicineLength - 1, (l++)]): Object: 'Object Repository/PharmacyRequest/Page_KDMC-Pharmacy/button_Add' is clicked on

2018-06-09 20:25:16 - [TEST_STEP][PASSED] - selectOptionByIndex: All options with index in [3] are selected on object 'Object Repository/PharmacyRequest/Page_KDMC-Pharmacy/select_--Select--Schedule 1Inj'

2018-06-09 20:25:16 - [MESSAGE][PASSED] - All options with index in [3] are selected on object 'Object Repository/PharmacyRequest/Page_KDMC-Pharmacy/select_--Select--Schedule 1Inj'

2018-06-09 20:25:16 - [TEST_STEP][PASSED] - selectOptionByIndex: All options with index in [1] are selected on object 'Object Repository/PharmacyRequest/Page_KDMC-Pharmacy/select_--Select--Albendazole'

2018-06-09 20:25:16 - [MESSAGE][PASSED] - All options with index in [1] are selected on object 'Object Repository/PharmacyRequest/Page_KDMC-Pharmacy/select_--Select--Albendazole'

2018-06-09 20:25:16 - [TEST_STEP][PASSED] - setText: Text '10' is set on object 'Object Repository/PharmacyRequest/Page_KDMC-Pharmacy/input_txttreat'

2018-06-09 20:25:16 - [MESSAGE][PASSED] - Text '10' is set on object 'Object Repository/PharmacyRequest/Page_KDMC-Pharmacy/input_txttreat'

2018-06-09 20:25:16 - [TEST_STEP][PASSED] - click: Object: 'Object Repository/PharmacyRequest/Page_KDMC-Pharmacy/button_Add' is clicked on

2018-06-09 20:25:16 - [MESSAGE][PASSED] - Object: 'Object Repository/PharmacyRequest/Page_KDMC-Pharmacy/button_Add' is clicked on

2018-06-09 20:25:16 - [TEST_STEP][PASSED] - selectOptionByIndex: All options with index in [3] are selected on object 'Object Repository/PharmacyRequest/Page_KDMC-Pharmacy/select_--Select--Schedule 1Inj'

2018-06-09 20:25:17 - [MESSAGE][PASSED] - All options with index in [3] are selected on object 'Object Repository/PharmacyRequest/Page_KDMC-Pharmacy/select_--Select--Schedule 1Inj'

2018-06-09 20:25:17 - [TEST_STEP][PASSED] - selectOptionByIndex: All options with index in [2] are selected on object 'Object Repository/PharmacyRequest/Page_KDMC-Pharmacy/select_--Select--Albendazole'

2018-06-09 20:25:17 - [MESSAGE][PASSED] - All options with index in [2] are selected on object 'Object Repository/PharmacyRequest/Page_KDMC-Pharmacy/select_--Select--Albendazole'

2018-06-09 20:25:17 - [TEST_STEP][PASSED] - setText: Text '10' is set on object 'Object Repository/PharmacyRequest/Page_KDMC-Pharmacy/input_txttreat'

2018-06-09 20:25:17 - [MESSAGE][PASSED] - Text '10' is set on object 'Object Repository/PharmacyRequest/Page_KDMC-Pharmacy/input_txttreat'

2018-06-09 20:25:17 - [TEST_STEP][PASSED] - click: Object: 'Object Repository/PharmacyRequest/Page_KDMC-Pharmacy/button_Add' is clicked on

2018-06-09 20:25:17 - [MESSAGE][PASSED] - Object: 'Object Repository/PharmacyRequest/Page_KDMC-Pharmacy/button_Add' is clicked on

2018-06-09 20:25:17 - [TEST_STEP][PASSED] - selectOptionByIndex: All options with index in [3] are selected on object 'Object Repository/PharmacyRequest/Page_KDMC-Pharmacy/select_--Select--Schedule 1Inj'

2018-06-09 20:25:17 - [MESSAGE][PASSED] - All options with index in [3] are selected on object 'Object Repository/PharmacyRequest/Page_KDMC-Pharmacy/select_--Select--Schedule 1Inj'

2018-06-09 20:25:17 - [TEST_STEP][PASSED] - selectOptionByIndex: All options with index in [3] are selected on object 'Object Repository/PharmacyRequest/Page_KDMC-Pharmacy/select_--Select--Albendazole'

2018-06-09 20:25:17 - [MESSAGE][PASSED] - All options with index in [3] are selected on object 'Object Repository/PharmacyRequest/Page_KDMC-Pharmacy/select_--Select--Albendazole'

2018-06-09 20:25:17 - [TEST_STEP][PASSED] - setText: Text '10' is set on object 'Object Repository/PharmacyRequest/Page_KDMC-Pharmacy/input_txttreat'

2018-06-09 20:25:17 - [MESSAGE][PASSED] - Text '10' is set on object 'Object Repository/PharmacyRequest/Page_KDMC-Pharmacy/input_txttreat'

2018-06-09 20:25:17 - [TEST_STEP][PASSED] - click: Object: 'Object Repository/PharmacyRequest/Page_KDMC-Pharmacy/button_Add' is clicked on

2018-06-09 20:25:17 - [MESSAGE][PASSED] - Object: 'Object Repository/PharmacyRequest/Page_KDMC-Pharmacy/button_Add' is clicked on

2018-06-09 20:25:17 - [TEST_STEP][PASSED] - selectOptionByIndex: All options with index in [3] are selected on object 'Object Repository/PharmacyRequest/Page_KDMC-Pharmacy/select_--Select--Schedule 1Inj'

2018-06-09 20:25:17 - [MESSAGE][PASSED] - All options with index in [3] are selected on object 'Object Repository/PharmacyRequest/Page_KDMC-Pharmacy/select_--Select--Schedule 1Inj'

2018-06-09 20:25:17 - [TEST_STEP][PASSED] - selectOptionByIndex: All options with index in [4] are selected on object 'Object Repository/PharmacyRequest/Page_KDMC-Pharmacy/select_--Select--Albendazole'

2018-06-09 20:25:18 - [MESSAGE][PASSED] - All options with index in [4] are selected on object 'Object Repository/PharmacyRequest/Page_KDMC-Pharmacy/select_--Select--Albendazole'

2018-06-09 20:25:18 - [TEST_STEP][PASSED] - setText: Text '10' is set on object 'Object Repository/PharmacyRequest/Page_KDMC-Pharmacy/input_txttreat'

2018-06-09 20:25:18 - [MESSAGE][PASSED] - Text '10' is set on object 'Object Repository/PharmacyRequest/Page_KDMC-Pharmacy/input_txttreat'

2018-06-09 20:25:18 - [TEST_STEP][PASSED] - click: Object: 'Object Repository/PharmacyRequest/Page_KDMC-Pharmacy/button_Add' is clicked on

2018-06-09 20:25:18 - [MESSAGE][PASSED] - Object: 'Object Repository/PharmacyRequest/Page_KDMC-Pharmacy/button_Add' is clicked on

2018-06-09 20:25:18 - [TEST_STEP][PASSED] - selectOptionByIndex: All options with index in [3] are selected on object 'Object Repository/PharmacyRequest/Page_KDMC-Pharmacy/select_--Select--Schedule 1Inj'

2018-06-09 20:25:18 - [MESSAGE][PASSED] - All options with index in [3] are selected on object 'Object Repository/PharmacyRequest/Page_KDMC-Pharmacy/select_--Select--Schedule 1Inj'

2018-06-09 20:25:18 - [TEST_STEP][PASSED] - selectOptionByIndex: All options with index in [5] are selected on object 'Object Repository/PharmacyRequest/Page_KDMC-Pharmacy/select_--Select--Albendazole'

2018-06-09 20:25:18 - [MESSAGE][PASSED] - All options with index in [5] are selected on object 'Object Repository/PharmacyRequest/Page_KDMC-Pharmacy/select_--Select--Albendazole'

2018-06-09 20:25:18 - [TEST_STEP][PASSED] - setText: Text '10' is set on object 'Object Repository/PharmacyRequest/Page_KDMC-Pharmacy/input_txttreat'

2018-06-09 20:25:18 - [MESSAGE][PASSED] - Text '10' is set on object 'Object Repository/PharmacyRequest/Page_KDMC-Pharmacy/input_txttreat'

2018-06-09 20:25:18 - [TEST_STEP][PASSED] - click: Object: 'Object Repository/PharmacyRequest/Page_KDMC-Pharmacy/button_Add' is clicked on

2018-06-09 20:25:18 - [MESSAGE][PASSED] - Object: 'Object Repository/PharmacyRequest/Page_KDMC-Pharmacy/button_Add' is clicked on

2018-06-09 20:25:18 - [TEST_STEP][PASSED] - selectOptionByIndex: All options with index in [3] are selected on object 'Object Repository/PharmacyRequest/Page_KDMC-Pharmacy/select_--Select--Schedule 1Inj'

2018-06-09 20:25:18 - [MESSAGE][PASSED] - All options with index in [3] are selected on object 'Object Repository/PharmacyRequest/Page_KDMC-Pharmacy/select_--Select--Schedule 1Inj'

2018-06-09 20:25:18 - [TEST_STEP][PASSED] - selectOptionByIndex: All options with index in [6] are selected on object 'Object Repository/PharmacyRequest/Page_KDMC-Pharmacy/select_--Select--Albendazole'

2018-06-09 20:25:18 - [MESSAGE][PASSED] - All options with index in [6] are selected on object 'Object Repository/PharmacyRequest/Page_KDMC-Pharmacy/select_--Select--Albendazole'

2018-06-09 20:25:18 - [TEST_STEP][PASSED] - setText: Text '10' is set on object 'Object Repository/PharmacyRequest/Page_KDMC-Pharmacy/input_txttreat'

2018-06-09 20:25:18 - [MESSAGE][PASSED] - Text '10' is set on object 'Object Repository/PharmacyRequest/Page_KDMC-Pharmacy/input_txttreat'

2018-06-09 20:25:18 - [TEST_STEP][PASSED] - click: Object: 'Object Repository/PharmacyRequest/Page_KDMC-Pharmacy/button_Add' is clicked on

2018-06-09 20:25:18 - [MESSAGE][PASSED] - Object: 'Object Repository/PharmacyRequest/Page_KDMC-Pharmacy/button_Add' is clicked on

2018-06-09 20:25:18 - [TEST_STEP][PASSED] - selectOptionByIndex: All options with index in [3] are selected on object 'Object Repository/PharmacyRequest/Page_KDMC-Pharmacy/select_--Select--Schedule 1Inj'

2018-06-09 20:25:19 - [MESSAGE][PASSED] - All options with index in [3] are selected on object 'Object Repository/PharmacyRequest/Page_KDMC-Pharmacy/select_--Select--Schedule 1Inj'

2018-06-09 20:25:19 - [TEST_STEP][PASSED] - selectOptionByIndex: All options with index in [7] are selected on object 'Object Repository/PharmacyRequest/Page_KDMC-Pharmacy/select_--Select--Albendazole'

2018-06-09 20:25:19 - [MESSAGE][PASSED] - All options with index in [7] are selected on object 'Object Repository/PharmacyRequest/Page_KDMC-Pharmacy/select_--Select--Albendazole'

2018-06-09 20:25:19 - [TEST_STEP][PASSED] - setText: Text '10' is set on object 'Object Repository/PharmacyRequest/Page_KDMC-Pharmacy/input_txttreat'

2018-06-09 20:25:19 - [MESSAGE][PASSED] - Text '10' is set on object 'Object Repository/PharmacyRequest/Page_KDMC-Pharmacy/input_txttreat'

2018-06-09 20:25:19 - [TEST_STEP][PASSED] - click: Object: 'Object Repository/PharmacyRequest/Page_KDMC-Pharmacy/button_Add' is clicked on

2018-06-09 20:25:19 - [MESSAGE][PASSED] - Object: 'Object Repository/PharmacyRequest/Page_KDMC-Pharmacy/button_Add' is clicked on

2018-06-09 20:25:19 - [TEST_STEP][PASSED] - selectOptionByIndex: All options with index in [3] are selected on object 'Object Repository/PharmacyRequest/Page_KDMC-Pharmacy/select_--Select--Schedule 1Inj'

2018-06-09 20:25:19 - [MESSAGE][PASSED] - All options with index in [3] are selected on object 'Object Repository/PharmacyRequest/Page_KDMC-Pharmacy/select_--Select--Schedule 1Inj'

2018-06-09 20:25:19 - [TEST_STEP][PASSED] - selectOptionByIndex: All options with index in [8] are selected on object 'Object Repository/PharmacyRequest/Page_KDMC-Pharmacy/select_--Select--Albendazole'

2018-06-09 20:25:19 - [MESSAGE][PASSED] - All options with index in [8] are selected on object 'Object Repository/PharmacyRequest/Page_KDMC-Pharmacy/select_--Select--Albendazole'

2018-06-09 20:25:19 - [TEST_STEP][PASSED] - setText: Text '10' is set on object 'Object Repository/PharmacyRequest/Page_KDMC-Pharmacy/input_txttreat'

2018-06-09 20:25:19 - [MESSAGE][PASSED] - Text '10' is set on object 'Object Repository/PharmacyRequest/Page_KDMC-Pharmacy/input_txttreat'

2018-06-09 20:25:19 - [TEST_STEP][PASSED] - click: Object: 'Object Repository/PharmacyRequest/Page_KDMC-Pharmacy/button_Add' is clicked on

2018-06-09 20:25:19 - [MESSAGE][PASSED] - Object: 'Object Repository/PharmacyRequest/Page_KDMC-Pharmacy/button_Add' is clicked on

2018-06-09 20:25:19 - [TEST_STEP][PASSED] - selectOptionByIndex: All options with index in [3] are selected on object 'Object Repository/PharmacyRequest/Page_KDMC-Pharmacy/select_--Select--Schedule 1Inj'

2018-06-09 20:25:20 - [MESSAGE][PASSED] - All options with index in [3] are selected on object 'Object Repository/PharmacyRequest/Page_KDMC-Pharmacy/select_--Select--Schedule 1Inj'

2018-06-09 20:25:20 - [TEST_STEP][PASSED] - selectOptionByIndex: All options with index in [9] are selected on object 'Object Repository/PharmacyRequest/Page_KDMC-Pharmacy/select_--Select--Albendazole'

2018-06-09 20:25:20 - [MESSAGE][PASSED] - All options with index in [9] are selected on object 'Object Repository/PharmacyRequest/Page_KDMC-Pharmacy/select_--Select--Albendazole'

2018-06-09 20:25:20 - [TEST_STEP][PASSED] - setText: Text '10' is set on object 'Object Repository/PharmacyRequest/Page_KDMC-Pharmacy/input_txttreat'

2018-06-09 20:25:20 - [MESSAGE][PASSED] - Text '10' is set on object 'Object Repository/PharmacyRequest/Page_KDMC-Pharmacy/input_txttreat'

2018-06-09 20:25:20 - [TEST_STEP][PASSED] - click: Object: 'Object Repository/PharmacyRequest/Page_KDMC-Pharmacy/button_Add' is clicked on

2018-06-09 20:25:20 - [MESSAGE][PASSED] - Object: 'Object Repository/PharmacyRequest/Page_KDMC-Pharmacy/button_Add' is clicked on

2018-06-09 20:25:20 - [TEST_STEP][PASSED] - selectOptionByIndex: All options with index in [3] are selected on object 'Object Repository/PharmacyRequest/Page_KDMC-Pharmacy/select_--Select--Schedule 1Inj'

2018-06-09 20:25:20 - [MESSAGE][PASSED] - All options with index in [3] are selected on object 'Object Repository/PharmacyRequest/Page_KDMC-Pharmacy/select_--Select--Schedule 1Inj'

2018-06-09 20:25:20 - [TEST_STEP][PASSED] - selectOptionByIndex: All options with index in [10] are selected on object 'Object Repository/PharmacyRequest/Page_KDMC-Pharmacy/select_--Select--Albendazole'

2018-06-09 20:25:20 - [MESSAGE][PASSED] - All options with index in [10] are selected on object 'Object Repository/PharmacyRequest/Page_KDMC-Pharmacy/select_--Select--Albendazole'

2018-06-09 20:25:20 - [TEST_STEP][PASSED] - setText: Text '10' is set on object 'Object Repository/PharmacyRequest/Page_KDMC-Pharmacy/input_txttreat'

2018-06-09 20:25:20 - [MESSAGE][PASSED] - Text '10' is set on object 'Object Repository/PharmacyRequest/Page_KDMC-Pharmacy/input_txttreat'

2018-06-09 20:25:20 - [TEST_STEP][PASSED] - click: Object: 'Object Repository/PharmacyRequest/Page_KDMC-Pharmacy/button_Add' is clicked on

2018-06-09 20:25:20 - [MESSAGE][PASSED] - Object: 'Object Repository/PharmacyRequest/Page_KDMC-Pharmacy/button_Add' is clicked on

2018-06-09 20:25:20 - [TEST_STEP][PASSED] - selectOptionByIndex: All options with index in [3] are selected on object 'Object Repository/PharmacyRequest/Page_KDMC-Pharmacy/select_--Select--Schedule 1Inj'

2018-06-09 20:25:20 - [MESSAGE][PASSED] - All options with index in [3] are selected on object 'Object Repository/PharmacyRequest/Page_KDMC-Pharmacy/select_--Select--Schedule 1Inj'

2018-06-09 20:25:20 - [TEST_STEP][PASSED] - selectOptionByIndex: All options with index in [11] are selected on object 'Object Repository/PharmacyRequest/Page_KDMC-Pharmacy/select_--Select--Albendazole'

2018-06-09 20:25:21 - [MESSAGE][PASSED] - All options with index in [11] are selected on object 'Object Repository/PharmacyRequest/Page_KDMC-Pharmacy/select_--Select--Albendazole'

2018-06-09 20:25:21 - [TEST_STEP][PASSED] - setText: Text '10' is set on object 'Object Repository/PharmacyRequest/Page_KDMC-Pharmacy/input_txttreat'

2018-06-09 20:25:21 - [MESSAGE][PASSED] - Text '10' is set on object 'Object Repository/PharmacyRequest/Page_KDMC-Pharmacy/input_txttreat'

2018-06-09 20:25:21 - [TEST_STEP][PASSED] - click: Object: 'Object Repository/PharmacyRequest/Page_KDMC-Pharmacy/button_Add' is clicked on

2018-06-09 20:25:21 - [MESSAGE][PASSED] - Object: 'Object Repository/PharmacyRequest/Page_KDMC-Pharmacy/button_Add' is clicked on

2018-06-09 20:25:21 - [TEST_STEP][PASSED] - selectOptionByIndex: All options with index in [3] are selected on object 'Object Repository/PharmacyRequest/Page_KDMC-Pharmacy/select_--Select--Schedule 1Inj'

2018-06-09 20:25:21 - [MESSAGE][PASSED] - All options with index in [3] are selected on object 'Object Repository/PharmacyRequest/Page_KDMC-Pharmacy/select_--Select--Schedule 1Inj'

2018-06-09 20:25:21 - [TEST_STEP][PASSED] - selectOptionByIndex: All options with index in [12] are selected on object 'Object Repository/PharmacyRequest/Page_KDMC-Pharmacy/select_--Select--Albendazole'

2018-06-09 20:25:21 - [MESSAGE][PASSED] - All options with index in [12] are selected on object 'Object Repository/PharmacyRequest/Page_KDMC-Pharmacy/select_--Select--Albendazole'

2018-06-09 20:25:21 - [TEST_STEP][PASSED] - setText: Text '10' is set on object 'Object Repository/PharmacyRequest/Page_KDMC-Pharmacy/input_txttreat'

2018-06-09 20:25:21 - [MESSAGE][PASSED] - Text '10' is set on object 'Object Repository/PharmacyRequest/Page_KDMC-Pharmacy/input_txttreat'

2018-06-09 20:25:21 - [TEST_STEP][PASSED] - click: Object: 'Object Repository/PharmacyRequest/Page_KDMC-Pharmacy/button_Add' is clicked on

2018-06-09 20:25:21 - [MESSAGE][PASSED] - Object: 'Object Repository/PharmacyRequest/Page_KDMC-Pharmacy/button_Add' is clicked on

2018-06-09 20:25:21 - [TEST_STEP][PASSED] - selectOptionByIndex: All options with index in [3] are selected on object 'Object Repository/PharmacyRequest/Page_KDMC-Pharmacy/select_--Select--Schedule 1Inj'

2018-06-09 20:25:21 - [MESSAGE][PASSED] - All options with index in [3] are selected on object 'Object Repository/PharmacyRequest/Page_KDMC-Pharmacy/select_--Select--Schedule 1Inj'

2018-06-09 20:25:21 - [TEST_STEP][PASSED] - selectOptionByIndex: All options with index in [13] are selected on object 'Object Repository/PharmacyRequest/Page_KDMC-Pharmacy/select_--Select--Albendazole'

2018-06-09 20:25:22 - [MESSAGE][PASSED] - All options with index in [13] are selected on object 'Object Repository/PharmacyRequest/Page_KDMC-Pharmacy/select_--Select--Albendazole'

2018-06-09 20:25:22 - [TEST_STEP][PASSED] - setText: Text '10' is set on object 'Object Repository/PharmacyRequest/Page_KDMC-Pharmacy/input_txttreat'

2018-06-09 20:25:22 - [MESSAGE][PASSED] - Text '10' is set on object 'Object Repository/PharmacyRequest/Page_KDMC-Pharmacy/input_txttreat'

2018-06-09 20:25:22 - [TEST_STEP][PASSED] - click: Object: 'Object Repository/PharmacyRequest/Page_KDMC-Pharmacy/button_Add' is clicked on

2018-06-09 20:25:22 - [MESSAGE][PASSED] - Object: 'Object Repository/PharmacyRequest/Page_KDMC-Pharmacy/button_Add' is clicked on

2018-06-09 20:25:22 - [TEST_STEP][PASSED] - selectOptionByIndex: All options with index in [3] are selected on object 'Object Repository/PharmacyRequest/Page_KDMC-Pharmacy/select_--Select--Schedule 1Inj'

2018-06-09 20:25:22 - [MESSAGE][PASSED] - All options with index in [3] are selected on object 'Object Repository/PharmacyRequest/Page_KDMC-Pharmacy/select_--Select--Schedule 1Inj'

2018-06-09 20:25:22 - [TEST_STEP][PASSED] - selectOptionByIndex: All options with index in [14] are selected on object 'Object Repository/PharmacyRequest/Page_KDMC-Pharmacy/select_--Select--Albendazole'

2018-06-09 20:25:22 - [MESSAGE][PASSED] - All options with index in [14] are selected on object 'Object Repository/PharmacyRequest/Page_KDMC-Pharmacy/select_--Select--Albendazole'

2018-06-09 20:25:22 - [TEST_STEP][PASSED] - setText: Text '10' is set on object 'Object Repository/PharmacyRequest/Page_KDMC-Pharmacy/input_txttreat'

2018-06-09 20:25:22 - [MESSAGE][PASSED] - Text '10' is set on object 'Object Repository/PharmacyRequest/Page_KDMC-Pharmacy/input_txttreat'

2018-06-09 20:25:22 - [TEST_STEP][PASSED] - click: Object: 'Object Repository/PharmacyRequest/Page_KDMC-Pharmacy/button_Add' is clicked on

2018-06-09 20:25:22 - [MESSAGE][PASSED] - Object: 'Object Repository/PharmacyRequest/Page_KDMC-Pharmacy/button_Add' is clicked on

2018-06-09 20:25:22 - [TEST_STEP][PASSED] - selectOptionByIndex: All options with index in [3] are selected on object 'Object Repository/PharmacyRequest/Page_KDMC-Pharmacy/select_--Select--Schedule 1Inj'

2018-06-09 20:25:22 - [MESSAGE][PASSED] - All options with index in [3] are selected on object 'Object Repository/PharmacyRequest/Page_KDMC-Pharmacy/select_--Select--Schedule 1Inj'

2018-06-09 20:25:22 - [TEST_STEP][PASSED] - selectOptionByIndex: All options with index in [15] are selected on object 'Object Repository/PharmacyRequest/Page_KDMC-Pharmacy/select_--Select--Albendazole'

2018-06-09 20:25:23 - [MESSAGE][PASSED] - All options with index in [15] are selected on object 'Object Repository/PharmacyRequest/Page_KDMC-Pharmacy/select_--Select--Albendazole'

2018-06-09 20:25:23 - [TEST_STEP][PASSED] - setText: Text '10' is set on object 'Object Repository/PharmacyRequest/Page_KDMC-Pharmacy/input_txttreat'

2018-06-09 20:25:23 - [MESSAGE][PASSED] - Text '10' is set on object 'Object Repository/PharmacyRequest/Page_KDMC-Pharmacy/input_txttreat'

2018-06-09 20:25:23 - [TEST_STEP][PASSED] - click: Object: 'Object Repository/PharmacyRequest/Page_KDMC-Pharmacy/button_Add' is clicked on

2018-06-09 20:25:23 - [MESSAGE][PASSED] - Object: 'Object Repository/PharmacyRequest/Page_KDMC-Pharmacy/button_Add' is clicked on

2018-06-09 20:25:23 - [TEST_STEP][PASSED] - selectOptionByIndex: All options with index in [3] are selected on object 'Object Repository/PharmacyRequest/Page_KDMC-Pharmacy/select_--Select--Schedule 1Inj'

2018-06-09 20:25:23 - [MESSAGE][PASSED] - All options with index in [3] are selected on object 'Object Repository/PharmacyRequest/Page_KDMC-Pharmacy/select_--Select--Schedule 1Inj'

2018-06-09 20:25:23 - [TEST_STEP][PASSED] - selectOptionByIndex: All options with index in [16] are selected on object 'Object Repository/PharmacyRequest/Page_KDMC-Pharmacy/select_--Select--Albendazole'

2018-06-09 20:25:23 - [MESSAGE][PASSED] - All options with index in [16] are selected on object 'Object Repository/PharmacyRequest/Page_KDMC-Pharmacy/select_--Select--Albendazole'

2018-06-09 20:25:23 - [TEST_STEP][PASSED] - setText: Text '10' is set on object 'Object Repository/PharmacyRequest/Page_KDMC-Pharmacy/input_txttreat'

2018-06-09 20:25:23 - [MESSAGE][PASSED] - Text '10' is set on object 'Object Repository/PharmacyRequest/Page_KDMC-Pharmacy/input_txttreat'

2018-06-09 20:25:23 - [TEST_STEP][PASSED] - click: Object: 'Object Repository/PharmacyRequest/Page_KDMC-Pharmacy/button_Add' is clicked on

2018-06-09 20:25:23 - [MESSAGE][PASSED] - Object: 'Object Repository/PharmacyRequest/Page_KDMC-Pharmacy/button_Add' is clicked on

2018-06-09 20:25:23 - [TEST_STEP][PASSED] - selectOptionByIndex: All options with index in [3] are selected on object 'Object Repository/PharmacyRequest/Page_KDMC-Pharmacy/select_--Select--Schedule 1Inj'

2018-06-09 20:25:23 - [MESSAGE][PASSED] - All options with index in [3] are selected on object 'Object Repository/PharmacyRequest/Page_KDMC-Pharmacy/select_--Select--Schedule 1Inj'

2018-06-09 20:25:23 - [TEST_STEP][PASSED] - selectOptionByIndex: All options with index in [17] are selected on object 'Object Repository/PharmacyRequest/Page_KDMC-Pharmacy/select_--Select--Albendazole'

2018-06-09 20:25:24 - [MESSAGE][PASSED] - All options with index in [17] are selected on object 'Object Repository/PharmacyRequest/Page_KDMC-Pharmacy/select_--Select--Albendazole'

2018-06-09 20:25:24 - [TEST_STEP][PASSED] - setText: Text '10' is set on object 'Object Repository/PharmacyRequest/Page_KDMC-Pharmacy/input_txttreat'

2018-06-09 20:25:24 - [MESSAGE][PASSED] - Text '10' is set on object 'Object Repository/PharmacyRequest/Page_KDMC-Pharmacy/input_txttreat'

2018-06-09 20:25:24 - [TEST_STEP][PASSED] - click: Object: 'Object Repository/PharmacyRequest/Page_KDMC-Pharmacy/button_Add' is clicked on

2018-06-09 20:25:24 - [MESSAGE][PASSED] - Object: 'Object Repository/PharmacyRequest/Page_KDMC-Pharmacy/button_Add' is clicked on

2018-06-09 20:25:24 - [TEST_STEP][PASSED] - selectOptionByIndex: All options with index in [3] are selected on object 'Object Repository/PharmacyRequest/Page_KDMC-Pharmacy/select_--Select--Schedule 1Inj'

2018-06-09 20:25:24 - [MESSAGE][PASSED] - All options with index in [3] are selected on object 'Object Repository/PharmacyRequest/Page_KDMC-Pharmacy/select_--Select--Schedule 1Inj'

2018-06-09 20:25:24 - [TEST_STEP][PASSED] - selectOptionByIndex: All options with index in [18] are selected on object 'Object Repository/PharmacyRequest/Page_KDMC-Pharmacy/select_--Select--Albendazole'

2018-06-09 20:25:24 - [MESSAGE][PASSED] - All options with index in [18] are selected on object 'Object Repository/PharmacyRequest/Page_KDMC-Pharmacy/select_--Select--Albendazole'

2018-06-09 20:25:24 - [TEST_STEP][PASSED] - setText: Text '10' is set on object 'Object Repository/PharmacyRequest/Page_KDMC-Pharmacy/input_txttreat'

2018-06-09 20:25:24 - [MESSAGE][PASSED] - Text '10' is set on object 'Object Repository/PharmacyRequest/Page_KDMC-Pharmacy/input_txttreat'

2018-06-09 20:25:24 - [TEST_STEP][PASSED] - click: Object: 'Object Repository/PharmacyRequest/Page_KDMC-Pharmacy/button_Add' is clicked on

2018-06-09 20:25:24 - [MESSAGE][PASSED] - Object: 'Object Repository/PharmacyRequest/Page_KDMC-Pharmacy/button_Add' is clicked on

2018-06-09 20:25:24 - [TEST_STEP][PASSED] - selectOptionByIndex: All options with index in [3] are selected on object 'Object Repository/PharmacyRequest/Page_KDMC-Pharmacy/select_--Select--Schedule 1Inj'

2018-06-09 20:25:24 - [MESSAGE][PASSED] - All options with index in [3] are selected on object 'Object Repository/PharmacyRequest/Page_KDMC-Pharmacy/select_--Select--Schedule 1Inj'

2018-06-09 20:25:24 - [TEST_STEP][PASSED] - selectOptionByIndex: All options with index in [19] are selected on object 'Object Repository/PharmacyRequest/Page_KDMC-Pharmacy/select_--Select--Albendazole'

2018-06-09 20:25:25 - [MESSAGE][PASSED] - All options with index in [19] are selected on object 'Object Repository/PharmacyRequest/Page_KDMC-Pharmacy/select_--Select--Albendazole'

2018-06-09 20:25:25 - [TEST_STEP][PASSED] - setText: Text '10' is set on object 'Object Repository/PharmacyRequest/Page_KDMC-Pharmacy/input_txttreat'

2018-06-09 20:25:25 - [MESSAGE][PASSED] - Text '10' is set on object 'Object Repository/PharmacyRequest/Page_KDMC-Pharmacy/input_txttreat'

2018-06-09 20:25:25 - [TEST_STEP][PASSED] - click: Object: 'Object Repository/PharmacyRequest/Page_KDMC-Pharmacy/button_Add' is clicked on

2018-06-09 20:25:25 - [MESSAGE][PASSED] - Object: 'Object Repository/PharmacyRequest/Page_KDMC-Pharmacy/button_Add' is clicked on

2018-06-09 20:25:25 - [TEST_STEP][PASSED] - selectOptionByIndex: All options with index in [3] are selected on object 'Object Repository/PharmacyRequest/Page_KDMC-Pharmacy/select_--Select--Schedule 1Inj'

2018-06-09 20:25:25 - [MESSAGE][PASSED] - All options with index in [3] are selected on object 'Object Repository/PharmacyRequest/Page_KDMC-Pharmacy/select_--Select--Schedule 1Inj'

2018-06-09 20:25:25 - [TEST_STEP][PASSED] - selectOptionByIndex: All options with index in [20] are selected on object 'Object Repository/PharmacyRequest/Page_KDMC-Pharmacy/select_--Select--Albendazole'

2018-06-09 20:25:25 - [MESSAGE][PASSED] - All options with index in [20] are selected on object 'Object Repository/PharmacyRequest/Page_KDMC-Pharmacy/select_--Select--Albendazole'

2018-06-09 20:25:25 - [TEST_STEP][PASSED] - setText: Text '10' is set on object 'Object Repository/PharmacyRequest/Page_KDMC-Pharmacy/input_txttreat'

2018-06-09 20:25:25 - [MESSAGE][PASSED] - Text '10' is set on object 'Object Repository/PharmacyRequest/Page_KDMC-Pharmacy/input_txttreat'

2018-06-09 20:25:25 - [TEST_STEP][PASSED] - click: Object: 'Object Repository/PharmacyRequest/Page_KDMC-Pharmacy/button_Add' is clicked on

2018-06-09 20:25:25 - [MESSAGE][PASSED] - Object: 'Object Repository/PharmacyRequest/Page_KDMC-Pharmacy/button_Add' is clicked on

2018-06-09 20:25:25 - [TEST_STEP][PASSED] - selectOptionByIndex: All options with index in [3] are selected on object 'Object Repository/PharmacyRequest/Page_KDMC-Pharmacy/select_--Select--Schedule 1Inj'

2018-06-09 20:25:25 - [MESSAGE][PASSED] - All options with index in [3] are selected on object 'Object Repository/PharmacyRequest/Page_KDMC-Pharmacy/select_--Select--Schedule 1Inj'

2018-06-09 20:25:25 - [TEST_STEP][PASSED] - selectOptionByIndex: All options with index in [21] are selected on object 'Object Repository/PharmacyRequest/Page_KDMC-Pharmacy/select_--Select--Albendazole'

2018-06-09 20:25:26 - [MESSAGE][PASSED] - All options with index in [21] are selected on object 'Object Repository/PharmacyRequest/Page_KDMC-Pharmacy/select_--Select--Albendazole'

2018-06-09 20:25:26 - [TEST_STEP][PASSED] - setText: Text '10' is set on object 'Object Repository/PharmacyRequest/Page_KDMC-Pharmacy/input_txttreat'

2018-06-09 20:25:26 - [MESSAGE][PASSED] - Text '10' is set on object 'Object Repository/PharmacyRequest/Page_KDMC-Pharmacy/input_txttreat'

2018-06-09 20:25:26 - [TEST_STEP][PASSED] - click: Object: 'Object Repository/PharmacyRequest/Page_KDMC-Pharmacy/button_Add' is clicked on

2018-06-09 20:25:26 - [MESSAGE][PASSED] - Object: 'Object Repository/PharmacyRequest/Page_KDMC-Pharmacy/button_Add' is clicked on

2018-06-09 20:25:26 - [TEST_STEP][PASSED] - selectOptionByIndex: All options with index in [3] are selected on object 'Object Repository/PharmacyRequest/Page_KDMC-Pharmacy/select_--Select--Schedule 1Inj'

2018-06-09 20:25:26 - [MESSAGE][PASSED] - All options with index in [3] are selected on object 'Object Repository/PharmacyRequest/Page_KDMC-Pharmacy/select_--Select--Schedule 1Inj'

2018-06-09 20:25:26 - [TEST_STEP][PASSED] - selectOptionByIndex: All options with index in [22] are selected on object 'Object Repository/PharmacyRequest/Page_KDMC-Pharmacy/select_--Select--Albendazole'

2018-06-09 20:25:26 - [MESSAGE][PASSED] - All options with index in [22] are selected on object 'Object Repository/PharmacyRequest/Page_KDMC-Pharmacy/select_--Select--Albendazole'

2018-06-09 20:25:26 - [TEST_STEP][PASSED] - setText: Text '10' is set on object 'Object Repository/PharmacyRequest/Page_KDMC-Pharmacy/input_txttreat'

2018-06-09 20:25:26 - [MESSAGE][PASSED] - Text '10' is set on object 'Object Repository/PharmacyRequest/Page_KDMC-Pharmacy/input_txttreat'

2018-06-09 20:25:26 - [TEST_STEP][PASSED] - click: Object: 'Object Repository/PharmacyRequest/Page_KDMC-Pharmacy/button_Add' is clicked on

2018-06-09 20:25:26 - [MESSAGE][PASSED] - Object: 'Object Repository/PharmacyRequest/Page_KDMC-Pharmacy/button_Add' is clicked on

2018-06-09 20:25:26 - [TEST_STEP][PASSED] - selectOptionByIndex: All options with index in [3] are selected on object 'Object Repository/PharmacyRequest/Page_KDMC-Pharmacy/select_--Select--Schedule 1Inj'

2018-06-09 20:25:26 - [MESSAGE][PASSED] - All options with index in [3] are selected on object 'Object Repository/PharmacyRequest/Page_KDMC-Pharmacy/select_--Select--Schedule 1Inj'

2018-06-09 20:25:26 - [TEST_STEP][PASSED] - selectOptionByIndex: All options with index in [23] are selected on object 'Object Repository/PharmacyRequest/Page_KDMC-Pharmacy/select_--Select--Albendazole'

2018-06-09 20:25:27 - [MESSAGE][PASSED] - All options with index in [23] are selected on object 'Object Repository/PharmacyRequest/Page_KDMC-Pharmacy/select_--Select--Albendazole'

2018-06-09 20:25:27 - [TEST_STEP][PASSED] - setText: Text '10' is set on object 'Object Repository/PharmacyRequest/Page_KDMC-Pharmacy/input_txttreat'

2018-06-09 20:25:27 - [MESSAGE][PASSED] - Text '10' is set on object 'Object Repository/PharmacyRequest/Page_KDMC-Pharmacy/input_txttreat'

2018-06-09 20:25:27 - [TEST_STEP][PASSED] - click: Object: 'Object Repository/PharmacyRequest/Page_KDMC-Pharmacy/button_Add' is clicked on

2018-06-09 20:25:27 - [MESSAGE][PASSED] - Object: 'Object Repository/PharmacyRequest/Page_KDMC-Pharmacy/button_Add' is clicked on

2018-06-09 20:25:27 - [TEST_STEP][PASSED] - selectOptionByIndex: All options with index in [3] are selected on object 'Object Repository/PharmacyRequest/Page_KDMC-Pharmacy/select_--Select--Schedule 1Inj'

2018-06-09 20:25:27 - [MESSAGE][PASSED] - All options with index in [3] are selected on object 'Object Repository/PharmacyRequest/Page_KDMC-Pharmacy/select_--Select--Schedule 1Inj'

2018-06-09 20:25:27 - [TEST_STEP][PASSED] - selectOptionByIndex: All options with index in [24] are selected on object 'Object Repository/PharmacyRequest/Page_KDMC-Pharmacy/select_--Select--Albendazole'

2018-06-09 20:25:27 - [MESSAGE][PASSED] - All options with index in [24] are selected on object 'Object Repository/PharmacyRequest/Page_KDMC-Pharmacy/select_--Select--Albendazole'

2018-06-09 20:25:27 - [TEST_STEP][PASSED] - setText: Text '10' is set on object 'Object Repository/PharmacyRequest/Page_KDMC-Pharmacy/input_txttreat'

2018-06-09 20:25:27 - [MESSAGE][PASSED] - Text '10' is set on object 'Object Repository/PharmacyRequest/Page_KDMC-Pharmacy/input_txttreat'

2018-06-09 20:25:27 - [TEST_STEP][PASSED] - click: Object: 'Object Repository/PharmacyRequest/Page_KDMC-Pharmacy/button_Add' is clicked on

2018-06-09 20:25:27 - [MESSAGE][PASSED] - Object: 'Object Repository/PharmacyRequest/Page_KDMC-Pharmacy/button_Add' is clicked on

2018-06-09 20:25:27 - [TEST_STEP][PASSED] - selectOptionByIndex: All options with index in [3] are selected on object 'Object Repository/PharmacyRequest/Page_KDMC-Pharmacy/select_--Select--Schedule 1Inj'

2018-06-09 20:25:27 - [MESSAGE][PASSED] - All options with index in [3] are selected on object 'Object Repository/PharmacyRequest/Page_KDMC-Pharmacy/select_--Select--Schedule 1Inj'

2018-06-09 20:25:27 - [TEST_STEP][PASSED] - selectOptionByIndex: All options with index in [25] are selected on object 'Object Repository/PharmacyRequest/Page_KDMC-Pharmacy/select_--Select--Albendazole'

2018-06-09 20:25:28 - [MESSAGE][PASSED] - All options with index in [25] are selected on object 'Object Repository/PharmacyRequest/Page_KDMC-Pharmacy/select_--Select--Albendazole'

2018-06-09 20:25:28 - [TEST_STEP][PASSED] - setText: Text '10' is set on object 'Object Repository/PharmacyRequest/Page_KDMC-Pharmacy/input_txttreat'

2018-06-09 20:25:28 - [MESSAGE][PASSED] - Text '10' is set on object 'Object Repository/PharmacyRequest/Page_KDMC-Pharmacy/input_txttreat'

2018-06-09 20:25:28 - [TEST_STEP][PASSED] - click: Object: 'Object Repository/PharmacyRequest/Page_KDMC-Pharmacy/button_Add' is clicked on

2018-06-09 20:25:28 - [MESSAGE][PASSED] - Object: 'Object Repository/PharmacyRequest/Page_KDMC-Pharmacy/button_Add' is clicked on

2018-06-09 20:25:28 - [TEST_STEP][PASSED] - selectOptionByIndex: All options with index in [3] are selected on object 'Object Repository/PharmacyRequest/Page_KDMC-Pharmacy/select_--Select--Schedule 1Inj'

2018-06-09 20:25:28 - [MESSAGE][PASSED] - All options with index in [3] are selected on object 'Object Repository/PharmacyRequest/Page_KDMC-Pharmacy/select_--Select--Schedule 1Inj'

2018-06-09 20:25:28 - [TEST_STEP][PASSED] - selectOptionByIndex: All options with index in [26] are selected on object 'Object Repository/PharmacyRequest/Page_KDMC-Pharmacy/select_--Select--Albendazole'

2018-06-09 20:25:28 - [MESSAGE][PASSED] - All options with index in [26] are selected on object 'Object Repository/PharmacyRequest/Page_KDMC-Pharmacy/select_--Select--Albendazole'

2018-06-09 20:25:28 - [TEST_STEP][PASSED] - setText: Text '10' is set on object 'Object Repository/PharmacyRequest/Page_KDMC-Pharmacy/input_txttreat'

2018-06-09 20:25:28 - [MESSAGE][PASSED] - Text '10' is set on object 'Object Repository/PharmacyRequest/Page_KDMC-Pharmacy/input_txttreat'

2018-06-09 20:25:28 - [TEST_STEP][PASSED] - click: Object: 'Object Repository/PharmacyRequest/Page_KDMC-Pharmacy/button_Add' is clicked on

2018-06-09 20:25:29 - [MESSAGE][PASSED] - Object: 'Object Repository/PharmacyRequest/Page_KDMC-Pharmacy/button_Add' is clicked on

2018-06-09 20:25:29 - [TEST_STEP][PASSED] - selectOptionByIndex: All options with index in [3] are selected on object 'Object Repository/PharmacyRequest/Page_KDMC-Pharmacy/select_--Select--Schedule 1Inj'

2018-06-09 20:25:29 - [MESSAGE][PASSED] - All options with index in [3] are selected on object 'Object Repository/PharmacyRequest/Page_KDMC-Pharmacy/select_--Select--Schedule 1Inj'

2018-06-09 20:25:29 - [TEST_STEP][PASSED] - selectOptionByIndex: All options with index in [27] are selected on object 'Object Repository/PharmacyRequest/Page_KDMC-Pharmacy/select_--Select--Albendazole'

2018-06-09 20:25:29 - [MESSAGE][PASSED] - All options with index in [27] are selected on object 'Object Repository/PharmacyRequest/Page_KDMC-Pharmacy/select_--Select--Albendazole'

2018-06-09 20:25:29 - [TEST_STEP][PASSED] - setText: Text '10' is set on object 'Object Repository/PharmacyRequest/Page_KDMC-Pharmacy/input_txttreat'

2018-06-09 20:25:29 - [MESSAGE][PASSED] - Text '10' is set on object 'Object Repository/PharmacyRequest/Page_KDMC-Pharmacy/input_txttreat'

2018-06-09 20:25:29 - [TEST_STEP][PASSED] - click: Object: 'Object Repository/PharmacyRequest/Page_KDMC-Pharmacy/button_Add' is clicked on

2018-06-09 20:25:29 - [MESSAGE][PASSED] - Object: 'Object Repository/PharmacyRequest/Page_KDMC-Pharmacy/button_Add' is clicked on

2018-06-09 20:25:29 - [TEST_STEP][PASSED] - selectOptionByIndex: All options with index in [3] are selected on object 'Object Repository/PharmacyRequest/Page_KDMC-Pharmacy/select_--Select--Schedule 1Inj'

2018-06-09 20:25:29 - [MESSAGE][PASSED] - All options with index in [3] are selected on object 'Object Repository/PharmacyRequest/Page_KDMC-Pharmacy/select_--Select--Schedule 1Inj'

2018-06-09 20:25:29 - [TEST_STEP][PASSED] - selectOptionByIndex: All options with index in [28] are selected on object 'Object Repository/PharmacyRequest/Page_KDMC-Pharmacy/select_--Select--Albendazole'

2018-06-09 20:25:30 - [MESSAGE][PASSED] - All options with index in [28] are selected on object 'Object Repository/PharmacyRequest/Page_KDMC-Pharmacy/select_--Select--Albendazole'

2018-06-09 20:25:30 - [TEST_STEP][PASSED] - setText: Text '10' is set on object 'Object Repository/PharmacyRequest/Page_KDMC-Pharmacy/input_txttreat'

2018-06-09 20:25:30 - [MESSAGE][PASSED] - Text '10' is set on object 'Object Repository/PharmacyRequest/Page_KDMC-Pharmacy/input_txttreat'

2018-06-09 20:25:30 - [TEST_STEP][PASSED] - click: Object: 'Object Repository/PharmacyRequest/Page_KDMC-Pharmacy/button_Add' is clicked on

2018-06-09 20:25:30 - [MESSAGE][PASSED] - Object: 'Object Repository/PharmacyRequest/Page_KDMC-Pharmacy/button_Add' is clicked on

2018-06-09 20:25:30 - [TEST_STEP][PASSED] - selectOptionByIndex: All options with index in [3] are selected on object 'Object Repository/PharmacyRequest/Page_KDMC-Pharmacy/select_--Select--Schedule 1Inj'

2018-06-09 20:25:30 - [MESSAGE][PASSED] - All options with index in [3] are selected on object 'Object Repository/PharmacyRequest/Page_KDMC-Pharmacy/select_--Select--Schedule 1Inj'

2018-06-09 20:25:30 - [TEST_STEP][PASSED] - selectOptionByIndex: All options with index in [29] are selected on object 'Object Repository/PharmacyRequest/Page_KDMC-Pharmacy/select_--Select--Albendazole'

2018-06-09 20:25:30 - [MESSAGE][PASSED] - All options with index in [29] are selected on object 'Object Repository/PharmacyRequest/Page_KDMC-Pharmacy/select_--Select--Albendazole'

2018-06-09 20:25:30 - [TEST_STEP][PASSED] - setText: Text '10' is set on object 'Object Repository/PharmacyRequest/Page_KDMC-Pharmacy/input_txttreat'

2018-06-09 20:25:30 - [MESSAGE][PASSED] - Text '10' is set on object 'Object Repository/PharmacyRequest/Page_KDMC-Pharmacy/input_txttreat'

2018-06-09 20:25:30 - [TEST_STEP][PASSED] - click: Object: 'Object Repository/PharmacyRequest/Page_KDMC-Pharmacy/button_Add' is clicked on

2018-06-09 20:25:30 - [MESSAGE][PASSED] - Object: 'Object Repository/PharmacyRequest/Page_KDMC-Pharmacy/button_Add' is clicked on

2018-06-09 20:25:30 - [TEST_STEP][PASSED] - selectOptionByIndex: All options with index in [3] are selected on object 'Object Repository/PharmacyRequest/Page_KDMC-Pharmacy/select_--Select--Schedule 1Inj'

2018-06-09 20:25:30 - [MESSAGE][PASSED] - All options with index in [3] are selected on object 'Object Repository/PharmacyRequest/Page_KDMC-Pharmacy/select_--Select--Schedule 1Inj'

2018-06-09 20:25:30 - [TEST_STEP][PASSED] - selectOptionByIndex: All options with index in [30] are selected on object 'Object Repository/PharmacyRequest/Page_KDMC-Pharmacy/select_--Select--Albendazole'

2018-06-09 20:25:31 - [MESSAGE][PASSED] - All options with index in [30] are selected on object 'Object Repository/PharmacyRequest/Page_KDMC-Pharmacy/select_--Select--Albendazole'

2018-06-09 20:25:31 - [TEST_STEP][PASSED] - setText: Text '10' is set on object 'Object Repository/PharmacyRequest/Page_KDMC-Pharmacy/input_txttreat'

2018-06-09 20:25:31 - [MESSAGE][PASSED] - Text '10' is set on object 'Object Repository/PharmacyRequest/Page_KDMC-Pharmacy/input_txttreat'

2018-06-09 20:25:31 - [TEST_STEP][PASSED] - click: Object: 'Object Repository/PharmacyRequest/Page_KDMC-Pharmacy/button_Add' is clicked on

2018-06-09 20:25:31 - [MESSAGE][PASSED] - Object: 'Object Repository/PharmacyRequest/Page_KDMC-Pharmacy/button_Add' is clicked on

2018-06-09 20:25:31 - [TEST_STEP][PASSED] - selectOptionByIndex: All options with index in [3] are selected on object 'Object Repository/PharmacyRequest/Page_KDMC-Pharmacy/select_--Select--Schedule 1Inj'

2018-06-09 20:25:31 - [MESSAGE][PASSED] - All options with index in [3] are selected on object 'Object Repository/PharmacyRequest/Page_KDMC-Pharmacy/select_--Select--Schedule 1Inj'

2018-06-09 20:25:31 - [TEST_STEP][PASSED] - selectOptionByIndex: All options with index in [31] are selected on object 'Object Repository/PharmacyRequest/Page_KDMC-Pharmacy/select_--Select--Albendazole'

2018-06-09 20:25:31 - [MESSAGE][PASSED] - All options with index in [31] are selected on object 'Object Repository/PharmacyRequest/Page_KDMC-Pharmacy/select_--Select--Albendazole'

2018-06-09 20:25:31 - [TEST_STEP][PASSED] - setText: Text '10' is set on object 'Object Repository/PharmacyRequest/Page_KDMC-Pharmacy/input_txttreat'

2018-06-09 20:25:31 - [MESSAGE][PASSED] - Text '10' is set on object 'Object Repository/PharmacyRequest/Page_KDMC-Pharmacy/input_txttreat'

2018-06-09 20:25:31 - [TEST_STEP][PASSED] - click: Object: 'Object Repository/PharmacyRequest/Page_KDMC-Pharmacy/button_Add' is clicked on

2018-06-09 20:25:32 - [MESSAGE][PASSED] - Object: 'Object Repository/PharmacyRequest/Page_KDMC-Pharmacy/button_Add' is clicked on

2018-06-09 20:25:32 - [TEST_STEP][PASSED] - selectOptionByIndex: All options with index in [3] are selected on object 'Object Repository/PharmacyRequest/Page_KDMC-Pharmacy/select_--Select--Schedule 1Inj'

2018-06-09 20:25:32 - [MESSAGE][PASSED] - All options with index in [3] are selected on object 'Object Repository/PharmacyRequest/Page_KDMC-Pharmacy/select_--Select--Schedule 1Inj'

2018-06-09 20:25:32 - [TEST_STEP][PASSED] - selectOptionByIndex: All options with index in [32] are selected on object 'Object Repository/PharmacyRequest/Page_KDMC-Pharmacy/select_--Select--Albendazole'

2018-06-09 20:25:32 - [MESSAGE][PASSED] - All options with index in [32] are selected on object 'Object Repository/PharmacyRequest/Page_KDMC-Pharmacy/select_--Select--Albendazole'

2018-06-09 20:25:32 - [TEST_STEP][PASSED] - setText: Text '10' is set on object 'Object Repository/PharmacyRequest/Page_KDMC-Pharmacy/input_txttreat'

2018-06-09 20:25:32 - [MESSAGE][PASSED] - Text '10' is set on object 'Object Repository/PharmacyRequest/Page_KDMC-Pharmacy/input_txttreat'

2018-06-09 20:25:32 - [TEST_STEP][PASSED] - click: Object: 'Object Repository/PharmacyRequest/Page_KDMC-Pharmacy/button_Add' is clicked on

2018-06-09 20:25:32 - [MESSAGE][PASSED] - Object: 'Object Repository/PharmacyRequest/Page_KDMC-Pharmacy/button_Add' is clicked on

2018-06-09 20:25:32 - [TEST_STEP][PASSED] - selectOptionByIndex: All options with index in [3] are selected on object 'Object Repository/PharmacyRequest/Page_KDMC-Pharmacy/select_--Select--Schedule 1Inj'

2018-06-09 20:25:32 - [MESSAGE][PASSED] - All options with index in [3] are selected on object 'Object Repository/PharmacyRequest/Page_KDMC-Pharmacy/select_--Select--Schedule 1Inj'

2018-06-09 20:25:32 - [TEST_STEP][PASSED] - selectOptionByIndex: All options with index in [33] are selected on object 'Object Repository/PharmacyRequest/Page_KDMC-Pharmacy/select_--Select--Albendazole'

2018-06-09 20:25:33 - [MESSAGE][PASSED] - All options with index in [33] are selected on object 'Object Repository/PharmacyRequest/Page_KDMC-Pharmacy/select_--Select--Albendazole'

2018-06-09 20:25:33 - [TEST_STEP][PASSED] - setText: Text '10' is set on object 'Object Repository/PharmacyRequest/Page_KDMC-Pharmacy/input_txttreat'

2018-06-09 20:25:33 - [MESSAGE][PASSED] - Text '10' is set on object 'Object Repository/PharmacyRequest/Page_KDMC-Pharmacy/input_txttreat'

2018-06-09 20:25:33 - [TEST_STEP][PASSED] - click: Object: 'Object Repository/PharmacyRequest/Page_KDMC-Pharmacy/button_Add' is clicked on

2018-06-09 20:25:33 - [MESSAGE][PASSED] - Object: 'Object Repository/PharmacyRequest/Page_KDMC-Pharmacy/button_Add' is clicked on

2018-06-09 20:25:33 - [TEST_STEP][PASSED] - selectOptionByIndex: All options with index in [3] are selected on object 'Object Repository/PharmacyRequest/Page_KDMC-Pharmacy/select_--Select--Schedule 1Inj'

2018-06-09 20:25:33 - [MESSAGE][PASSED] - All options with index in [3] are selected on object 'Object Repository/PharmacyRequest/Page_KDMC-Pharmacy/select_--Select--Schedule 1Inj'

2018-06-09 20:25:33 - [TEST_STEP][PASSED] - selectOptionByIndex: All options with index in [34] are selected on object 'Object Repository/PharmacyRequest/Page_KDMC-Pharmacy/select_--Select--Albendazole'

2018-06-09 20:25:33 - [MESSAGE][PASSED] - All options with index in [34] are selected on object 'Object Repository/PharmacyRequest/Page_KDMC-Pharmacy/select_--Select--Albendazole'

2018-06-09 20:25:33 - [TEST_STEP][PASSED] - setText: Text '10' is set on object 'Object Repository/PharmacyRequest/Page_KDMC-Pharmacy/input_txttreat'

2018-06-09 20:25:33 - [MESSAGE][PASSED] - Text '10' is set on object 'Object Repository/PharmacyRequest/Page_KDMC-Pharmacy/input_txttreat'

2018-06-09 20:25:33 - [TEST_STEP][PASSED] - click: Object: 'Object Repository/PharmacyRequest/Page_KDMC-Pharmacy/button_Add' is clicked on

2018-06-09 20:25:33 - [MESSAGE][PASSED] - Object: 'Object Repository/PharmacyRequest/Page_KDMC-Pharmacy/button_Add' is clicked on

2018-06-09 20:25:33 - [TEST_STEP][PASSED] - selectOptionByIndex: All options with index in [3] are selected on object 'Object Repository/PharmacyRequest/Page_KDMC-Pharmacy/select_--Select--Schedule 1Inj'

2018-06-09 20:25:34 - [MESSAGE][PASSED] - All options with index in [3] are selected on object 'Object Repository/PharmacyRequest/Page_KDMC-Pharmacy/select_--Select--Schedule 1Inj'

2018-06-09 20:25:34 - [TEST_STEP][PASSED] - selectOptionByIndex: All options with index in [35] are selected on object 'Object Repository/PharmacyRequest/Page_KDMC-Pharmacy/select_--Select--Albendazole'

2018-06-09 20:25:34 - [MESSAGE][PASSED] - All options with index in [35] are selected on object 'Object Repository/PharmacyRequest/Page_KDMC-Pharmacy/select_--Select--Albendazole'

2018-06-09 20:25:34 - [TEST_STEP][PASSED] - setText: Text '10' is set on object 'Object Repository/PharmacyRequest/Page_KDMC-Pharmacy/input_txttreat'

2018-06-09 20:25:34 - [MESSAGE][PASSED] - Text '10' is set on object 'Object Repository/PharmacyRequest/Page_KDMC-Pharmacy/input_txttreat'

2018-06-09 20:25:34 - [TEST_STEP][PASSED] - click: Object: 'Object Repository/PharmacyRequest/Page_KDMC-Pharmacy/button_Add' is clicked on

2018-06-09 20:25:34 - [MESSAGE][PASSED] - Object: 'Object Repository/PharmacyRequest/Page_KDMC-Pharmacy/button_Add' is clicked on

2018-06-09 20:25:34 - [TEST_STEP][PASSED] - selectOptionByIndex: All options with index in [3] are selected on object 'Object Repository/PharmacyRequest/Page_KDMC-Pharmacy/select_--Select--Schedule 1Inj'

2018-06-09 20:25:34 - [MESSAGE][PASSED] - All options with index in [3] are selected on object 'Object Repository/PharmacyRequest/Page_KDMC-Pharmacy/select_--Select--Schedule 1Inj'

2018-06-09 20:25:34 - [TEST_STEP][PASSED] - selectOptionByIndex: All options with index in [36] are selected on object 'Object Repository/PharmacyRequest/Page_KDMC-Pharmacy/select_--Select--Albendazole'

2018-06-09 20:25:35 - [MESSAGE][PASSED] - All options with index in [36] are selected on object 'Object Repository/PharmacyRequest/Page_KDMC-Pharmacy/select_--Select--Albendazole'

2018-06-09 20:25:35 - [TEST_STEP][PASSED] - setText: Text '10' is set on object 'Object Repository/PharmacyRequest/Page_KDMC-Pharmacy/input_txttreat'

2018-06-09 20:25:35 - [MESSAGE][PASSED] - Text '10' is set on object 'Object Repository/PharmacyRequest/Page_KDMC-Pharmacy/input_txttreat'

2018-06-09 20:25:35 - [TEST_STEP][PASSED] - click: Object: 'Object Repository/PharmacyRequest/Page_KDMC-Pharmacy/button_Add' is clicked on

2018-06-09 20:25:35 - [MESSAGE][PASSED] - Object: 'Object Repository/PharmacyRequest/Page_KDMC-Pharmacy/button_Add' is clicked on

2018-06-09 20:25:35 - [TEST_STEP][PASSED] - Statement - RN1 = com.kms.katalon.core.webui.keyword.WebUiBuiltInKeywords.getAttribute(com.kms.katalon.core.testobject.ObjectRepository.findTestObject(PharmacyRequest/Page_KDMC-Pharmacy/input_txtno), "value"): Attribute 'value' of object 'Object Repository/PharmacyRequest/Page_KDMC-Pharmacy/input_txtno' is: 'PRNO/09062018/218'

2018-06-09 20:25:35 - [MESSAGE][PASSED] - Attribute 'value' of object 'Object Repository/PharmacyRequest/Page_KDMC-Pharmacy/input_txtno' is: 'PRNO/09062018/218'

2018-06-09 20:25:35 - [TEST_STEP][PASSED] - Statement - out.println(RN1): null

2018-06-09 20:25:35 - [TEST_STEP][PASSED] - Statement - RID = RN1.split("/")[2]: null

2018-06-09 20:25:35 - [TEST_STEP][PASSED] - scrollToElement: Scroll to object 'Object Repository/PharmacyRequest/Page_KDMC-Pharmacy/input_btnsave' successfully

2018-06-09 20:25:35 - [MESSAGE][PASSED] - Scroll to object 'Object Repository/PharmacyRequest/Page_KDMC-Pharmacy/input_btnsave' successfully

2018-06-09 20:25:35 - [TEST_STEP][PASSED] - click: Object: 'Object Repository/PharmacyRequest/Page_KDMC-Pharmacy/input_btnsave' is clicked on

2018-06-09 20:25:35 - [MESSAGE][PASSED] - Object: 'Object Repository/PharmacyRequest/Page_KDMC-Pharmacy/input_btnsave' is clicked on

2018-06-09 20:25:35 - [TEST_STEP][PASSED] - delay: Delayed 3 second(s)

2018-06-09 20:25:38 - [MESSAGE][PASSED] - Delayed 3 second(s)

2018-06-09 20:25:38 - [TEST_STEP][PASSED] - click: Object: 'Object Repository/PharmacyRequest/Page_KDMC-Pharmacy/button_OK' is clicked on

2018-06-09 20:25:39 - [MESSAGE][PASSED] - Object: 'Object Repository/PharmacyRequest/Page_KDMC-Pharmacy/button_OK' is clicked on

2018-06-09 20:25:39 - [TEST_STEP][PASSED] - delay: Delayed 3 second(s)

2018-06-09 20:25:42 - [MESSAGE][PASSED] - Delayed 3 second(s)

2018-06-09 20:25:42 - [TEST_STEP][PASSED] - click: Object: 'Object Repository/PharmacyRequest/Page_KDMC-Pharmacy/a_Back to Pharmacy' is clicked on

2018-06-09 20:25:43 - [MESSAGE][PASSED] - Object: 'Object Repository/PharmacyRequest/Page_KDMC-Pharmacy/a_Back to Pharmacy' is clicked on

2018-06-09 20:25:43 - [TEST_STEP][PASSED] - delay: Delayed 3 second(s)

2018-06-09 20:25:46 - [MESSAGE][PASSED] - Delayed 3 second(s)

2018-06-09 20:25:46 - [TEST_STEP][PASSED] - click: Object: 'Object Repository/PharmacyRequest/Page_KDMC - Pharmacy/a_dropdown-toggle' is clicked on

2018-06-09 20:25:46 - [MESSAGE][PASSED] - Object: 'Object Repository/PharmacyRequest/Page_KDMC - Pharmacy/a_dropdown-toggle' is clicked on

2018-06-09 20:25:46 - [TEST_STEP][PASSED] - click: Object: 'Object Repository/PharmacyRequest/Page_KDMC - Pharmacy/a_Sign out' is clicked on

2018-06-09 20:25:46 - [MESSAGE][PASSED] - Object: 'Object Repository/PharmacyRequest/Page_KDMC - Pharmacy/a_Sign out' is clicked on

2018-06-09 20:25:46 - [TEST_STEP][PASSED] - delay: Delayed 3 second(s)

2018-06-09 20:25:49 - [MESSAGE][PASSED] - Delayed 3 second(s)

2018-06-09 20:25:49 - [TEST_STEP][PASSED] - click: Object: 'Object Repository/PharmacyRequest/Page_KDMC/a_CMO' is clicked on

2018-06-09 20:25:50 - [MESSAGE][PASSED] - Object: 'Object Repository/PharmacyRequest/Page_KDMC/a_CMO' is clicked on

2018-06-09 20:25:50 - [TEST_STEP][PASSED] - setText: Text 'guru' is set on object 'Object Repository/PharmacyRequest/Page_CMO login/input_txtusername'

2018-06-09 20:25:50 - [MESSAGE][PASSED] - Text 'guru' is set on object 'Object Repository/PharmacyRequest/Page_CMO login/input_txtusername'

2018-06-09 20:25:50 - [TEST_STEP][PASSED] - setText: Text '123' is set on object 'Object Repository/PharmacyRequest/Page_CMO login/input_txtpassword'

2018-06-09 20:25:50 - [MESSAGE][PASSED] - Text '123' is set on object 'Object Repository/PharmacyRequest/Page_CMO login/input_txtpassword'

2018-06-09 20:25:50 - [TEST_STEP][PASSED] - delay: Delayed 3 second(s)

2018-06-09 20:25:53 - [MESSAGE][PASSED] - Delayed 3 second(s)

2018-06-09 20:25:53 - [TEST_STEP][PASSED] - click: Object: 'Object Repository/PharmacyRequest/Page_CMO login/button_Sign in' is clicked on

2018-06-09 20:25:54 - [MESSAGE][PASSED] - Object: 'Object Repository/PharmacyRequest/Page_CMO login/button_Sign in' is clicked on

2018-06-09 20:25:54 - [TEST_STEP][PASSED] - click: Object: 'Object Repository/PharmacyRequest/Page_KDMC - CMO/a_Department Wise Request' is clicked on

2018-06-09 20:25:54 - [MESSAGE][PASSED] - Object: 'Object Repository/PharmacyRequest/Page_KDMC - CMO/a_Department Wise Request' is clicked on

2018-06-09 20:25:54 - [TEST_STEP][PASSED] - selectOptionByIndex: All options with index in [2] are selected on object 'Object Repository/PharmacyRequest/Page_KDMC - CMO/select_--ALL--'

2018-06-09 20:25:54 - [MESSAGE][PASSED] - All options with index in [2] are selected on object 'Object Repository/PharmacyRequest/Page_KDMC - CMO/select_--ALL--'

2018-06-09 20:25:54 - [TEST_STEP][PASSED] - selectOptionByIndex: All options with index in [1] are selected on object 'Object Repository/PharmacyRequest/Page_KDMC - CMO/select_--ALL--                _1'

2018-06-09 20:25:54 - [MESSAGE][PASSED] - All options with index in [1] are selected on object 'Object Repository/PharmacyRequest/Page_KDMC - CMO/select_--ALL--                _1'

2018-06-09 20:25:54 - [TEST_STEP][PASSED] - click: Object: 'Object Repository/PharmacyRequest/Page_KDMC - CMO/input_btnsearch' is clicked on

2018-06-09 20:25:55 - [MESSAGE][PASSED] - Object: 'Object Repository/PharmacyRequest/Page_KDMC - CMO/input_btnsearch' is clicked on

2018-06-09 20:25:55 - [TEST_STEP][PASSED] - Statement - ID = com.kms.katalon.core.webui.keyword.WebUiBuiltInKeywords.modifyObjectProperty(com.kms.katalon.core.testobject.ObjectRepository.findTestObject(PharmacyRequest/Page_KDMC - CMO/input_2), "xpath", "equals", "//*[@id=" + RID + "]", true): Modify property of object successfully

2018-06-09 20:25:55 - [MESSAGE][PASSED] - Modify property of object successfully

2018-06-09 20:25:55 - [TEST_STEP][PASSED] - click: Object: 'Object Repository/PharmacyRequest/Page_KDMC - CMO/input_2' is clicked on

2018-06-09 20:25:55 - [MESSAGE][PASSED] - Object: 'Object Repository/PharmacyRequest/Page_KDMC - CMO/input_2' is clicked on

2018-06-09 20:25:55 - [TEST_STEP][PASSED] - delay: Delayed 3 second(s)

2018-06-09 20:25:58 - [MESSAGE][PASSED] - Delayed 3 second(s)

2018-06-09 20:25:58 - [TEST_STEP][PASSED] - selectOptionByIndex: All options with index in [1] are selected on object 'Object Repository/PharmacyRequest/Page_KDMC - CMO/select_--Select--'

2018-06-09 20:25:59 - [MESSAGE][PASSED] - All options with index in [1] are selected on object 'Object Repository/PharmacyRequest/Page_KDMC - CMO/select_--Select--'

2018-06-09 20:25:59 - [TEST_STEP][PASSED] - click: Object: 'Object Repository/PharmacyRequest/Page_KDMC - CMO/input_btnupdate' is clicked on

2018-06-09 20:25:59 - [MESSAGE][PASSED] - Object: 'Object Repository/PharmacyRequest/Page_KDMC - CMO/input_btnupdate' is clicked on

2018-06-09 20:25:59 - [TEST_STEP][PASSED] - delay: Delayed 3 second(s)

2018-06-09 20:26:02 - [MESSAGE][PASSED] - Delayed 3 second(s)

2018-06-09 20:26:02 - [TEST_STEP][PASSED] - click: Object: 'Object Repository/PharmacyRequest/Page_KDMC - CMO/button_OK' is clicked on

2018-06-09 20:26:02 - [MESSAGE][PASSED] - Object: 'Object Repository/PharmacyRequest/Page_KDMC - CMO/button_OK' is clicked on

2018-06-09 20:26:02 - [TEST_STEP][PASSED] - delay: Delayed 3 second(s)

2018-06-09 20:26:05 - [MESSAGE][PASSED] - Delayed 3 second(s)

2018-06-09 20:26:05 - [TEST_STEP][PASSED] - click: Object: 'Object Repository/PharmacyRequest/Page_KDMC - CMO/a_dropdown-toggle' is clicked on

2018-06-09 20:26:05 - [MESSAGE][PASSED] - Object: 'Object Repository/PharmacyRequest/Page_KDMC - CMO/a_dropdown-toggle' is clicked on

2018-06-09 20:26:05 - [TEST_STEP][PASSED] - click: Object: 'Object Repository/PharmacyRequest/Page_KDMC - CMO/a_Sign out' is clicked on

2018-06-09 20:26:06 - [MESSAGE][PASSED] - Object: 'Object Repository/PharmacyRequest/Page_KDMC - CMO/a_Sign out' is clicked on

2018-06-09 20:26:06 - [TEST_STEP][PASSED] - delay: Delayed 3 second(s)

2018-06-09 20:26:09 - [MESSAGE][PASSED] - Delayed 3 second(s)

2018-06-09 20:26:09 - [TEST_STEP][PASSED] - click: Object: 'Object Repository/PharmacyRequest/Page_KDMC/a_Divisional Store' is clicked on

2018-06-09 20:26:09 - [MESSAGE][PASSED] - Object: 'Object Repository/PharmacyRequest/Page_KDMC/a_Divisional Store' is clicked on

2018-06-09 20:26:09 - [TEST_STEP][PASSED] - setText: Text 'ragu' is set on object 'Object Repository/PharmacyRequest/Page_Divisonal Store Login/input_txtusername'

2018-06-09 20:26:09 - [MESSAGE][PASSED] - Text 'ragu' is set on object 'Object Repository/PharmacyRequest/Page_Divisonal Store Login/input_txtusername'

2018-06-09 20:26:09 - [TEST_STEP][PASSED] - setText: Text '123' is set on object 'Object Repository/PharmacyRequest/Page_Divisonal Store Login/input_txtpassword'

2018-06-09 20:26:09 - [MESSAGE][PASSED] - Text '123' is set on object 'Object Repository/PharmacyRequest/Page_Divisonal Store Login/input_txtpassword'

2018-06-09 20:26:09 - [TEST_STEP][PASSED] - delay: Delayed 3 second(s)

2018-06-09 20:26:12 - [MESSAGE][PASSED] - Delayed 3 second(s)

2018-06-09 20:26:12 - [TEST_STEP][PASSED] - click: Object: 'Object Repository/PharmacyRequest/Page_Divisonal Store Login/button_Sign in' is clicked on

2018-06-09 20:26:13 - [MESSAGE][PASSED] - Object: 'Object Repository/PharmacyRequest/Page_Divisonal Store Login/button_Sign in' is clicked on

2018-06-09 20:26:13 - [TEST_STEP][PASSED] - delay: Delayed 3 second(s)

2018-06-09 20:26:16 - [MESSAGE][PASSED] - Delayed 3 second(s)

2018-06-09 20:26:16 - [TEST_STEP][PASSED] - click: Object: 'Object Repository/PharmacyRequest/Page_Store/a_Pharmacy Request' is clicked on

2018-06-09 20:26:16 - [MESSAGE][PASSED] - Object: 'Object Repository/PharmacyRequest/Page_Store/a_Pharmacy Request' is clicked on

2018-06-09 20:26:16 - [TEST_STEP][PASSED] - click: Object: 'Object Repository/PharmacyRequest/Page_Store/a_Request Item Pharmacy' is clicked on

2018-06-09 20:26:17 - [MESSAGE][PASSED] - Object: 'Object Repository/PharmacyRequest/Page_Store/a_Request Item Pharmacy' is clicked on

2018-06-09 20:26:17 - [TEST_STEP][PASSED] - delay: Delayed 2 second(s)

2018-06-09 20:26:19 - [MESSAGE][PASSED] - Delayed 2 second(s)

2018-06-09 20:26:19 - [TEST_STEP][PASSED] - setText: Text 'PRNO/09062018/218' is set on object 'Object Repository/PharmacyRequest/Page_Store/input'

2018-06-09 20:26:19 - [MESSAGE][PASSED] - Text 'PRNO/09062018/218' is set on object 'Object Repository/PharmacyRequest/Page_Store/input'

2018-06-09 20:26:19 - [TEST_STEP][PASSED] - delay: Delayed 2 second(s)

2018-06-09 20:26:21 - [MESSAGE][PASSED] - Delayed 2 second(s)

2018-06-09 20:26:21 - [TEST_STEP][PASSED] - Statement - ChooseRequest = com.kms.katalon.core.webui.keyword.WebUiBuiltInKeywords.modifyObjectProperty(com.kms.katalon.core.testobject.ObjectRepository.findTestObject(PharmacyRequest/Page_Store/input_2), "xpath", "equals", "//*[@id=" + RID + "]", true): Modify property of object successfully

2018-06-09 20:26:21 - [MESSAGE][PASSED] - Modify property of object successfully

2018-06-09 20:26:21 - [TEST_STEP][PASSED] - click: Object: 'Object Repository/PharmacyRequest/Page_Store/input_2' is clicked on

2018-06-09 20:26:22 - [MESSAGE][PASSED] - Object: 'Object Repository/PharmacyRequest/Page_Store/input_2' is clicked on

2018-06-09 20:26:22 - [TEST_STEP][PASSED] - delay: Delayed 2 second(s)

2018-06-09 20:26:24 - [MESSAGE][PASSED] - Delayed 2 second(s)

2018-06-09 20:26:24 - [TEST_STEP][PASSED] - Statement - selectedoptions = com.kms.katalon.core.webui.keyword.WebUiBuiltInKeywords.getNumberOfTotalOption(com.kms.katalon.core.testobject.ObjectRepository.findTestObject(PharmacyRequest/Page_Store/select_--Select--Amlodepin -5)): 37 options of object 'Object Repository/PharmacyRequest/Page_Store/select_--Select--Amlodepin -5' counted

2018-06-09 20:26:24 - [MESSAGE][PASSED] - 37 options of object 'Object Repository/PharmacyRequest/Page_Store/select_--Select--Amlodepin -5' counted

2018-06-09 20:26:24 - [TEST_STEP][PASSED] - Statement - For ([a = 1, a <= selectedoptions - 1, (a++)]): null

2018-06-09 20:26:24 - [TEST_STEP][PASSED] - selectOptionByIndex: All options with index in [1] are selected on object 'Object Repository/PharmacyRequest/Page_Store/select_--Select--Amlodepin -5'

2018-06-09 20:26:24 - [MESSAGE][PASSED] - All options with index in [1] are selected on object 'Object Repository/PharmacyRequest/Page_Store/select_--Select--Amlodepin -5'

2018-06-09 20:26:24 - [TEST_STEP][PASSED] - delay: Delayed 1 second(s)

2018-06-09 20:26:25 - [MESSAGE][PASSED] - Delayed 1 second(s)

2018-06-09 20:26:25 - [TEST_STEP][PASSED] - Statement - RequestedQty = com.kms.katalon.core.webui.keyword.WebUiBuiltInKeywords.getAttribute(com.kms.katalon.core.testobject.ObjectRepository.findTestObject(PharmacyRequest/Page_Store/input_txttotal), "value"): Attribute 'value' of object 'Object Repository/PharmacyRequest/Page_Store/input_txttotal' is: '10'

2018-06-09 20:26:25 - [MESSAGE][PASSED] - Attribute 'value' of object 'Object Repository/PharmacyRequest/Page_Store/input_txttotal' is: '10'

2018-06-09 20:26:25 - [TEST_STEP][PASSED] - Statement - out.println("Requested QTY : " + RequestedQty): null

2018-06-09 20:26:25 - [TEST_STEP][PASSED] - Statement - BatchNumber = com.kms.katalon.core.webui.keyword.WebUiBuiltInKeywords.getNumberOfTotalOption(com.kms.katalon.core.testobject.ObjectRepository.findTestObject(PharmacyRequest/Page_Store/select_--Select--BA50)): 6 options of object 'Object Repository/PharmacyRequest/Page_Store/select_--Select--BA50' counted

2018-06-09 20:26:25 - [MESSAGE][PASSED] - 6 options of object 'Object Repository/PharmacyRequest/Page_Store/select_--Select--BA50' counted

2018-06-09 20:26:25 - [TEST_STEP][PASSED] - Statement - For ([g = 1, g <= BatchNumber - 1, (g++)]): null

2018-06-09 20:26:25 - [TEST_STEP][PASSED] - selectOptionByIndex: All options with index in [1] are selected on object 'Object Repository/PharmacyRequest/Page_Store/select_--Select--BA50'

2018-06-09 20:26:25 - [MESSAGE][PASSED] - All options with index in [1] are selected on object 'Object Repository/PharmacyRequest/Page_Store/select_--Select--BA50'

2018-06-09 20:26:25 - [TEST_STEP][PASSED] - delay: Delayed 1 second(s)

2018-06-09 20:26:26 - [MESSAGE][PASSED] - Delayed 1 second(s)

2018-06-09 20:26:26 - [TEST_STEP][PASSED] - Statement - StockQty = com.kms.katalon.core.webui.keyword.WebUiBuiltInKeywords.getAttribute(com.kms.katalon.core.testobject.ObjectRepository.findTestObject(PharmacyRequest/Page_Store/input_txtprice), "value"): Attribute 'value' of object 'Object Repository/PharmacyRequest/Page_Store/input_txtprice' is: '100'

2018-06-09 20:26:26 - [MESSAGE][PASSED] - Attribute 'value' of object 'Object Repository/PharmacyRequest/Page_Store/input_txtprice' is: '100'

2018-06-09 20:26:26 - [TEST_STEP][PASSED] - Statement - out.println("Stock QTY : " + StockQty): null

2018-06-09 20:26:26 - [TEST_STEP][PASSED] - delay: Delayed 1 second(s)

2018-06-09 20:26:27 - [MESSAGE][PASSED] - Delayed 1 second(s)

2018-06-09 20:26:27 - [TEST_STEP][PASSED] - Statement - If (java.lang.Integer.valueOf(StockQty) >= java.lang.Integer.valueOf(RequestedQty)): null

2018-06-09 20:26:27 - [TEST_STEP][PASSED] - setText: Text '10' is set on object 'Object Repository/PharmacyRequest/Page_Store/input_txtqty'

2018-06-09 20:26:28 - [MESSAGE][PASSED] - Text '10' is set on object 'Object Repository/PharmacyRequest/Page_Store/input_txtqty'

2018-06-09 20:26:28 - [TEST_STEP][PASSED] - click: Object: 'Object Repository/PharmacyRequest/Page_Store/button_Add' is clicked on

2018-06-09 20:26:28 - [MESSAGE][PASSED] - Object: 'Object Repository/PharmacyRequest/Page_Store/button_Add' is clicked on

2018-06-09 20:26:28 - [TEST_STEP][PASSED] - Statement - Break: null

2018-06-09 20:26:28 - [TEST_STEP][PASSED] - selectOptionByIndex: All options with index in [2] are selected on object 'Object Repository/PharmacyRequest/Page_Store/select_--Select--Amlodepin -5'

2018-06-09 20:26:28 - [MESSAGE][PASSED] - All options with index in [2] are selected on object 'Object Repository/PharmacyRequest/Page_Store/select_--Select--Amlodepin -5'

2018-06-09 20:26:28 - [TEST_STEP][PASSED] - delay: Delayed 1 second(s)

2018-06-09 20:26:29 - [MESSAGE][PASSED] - Delayed 1 second(s)

2018-06-09 20:26:29 - [TEST_STEP][PASSED] - Statement - RequestedQty = com.kms.katalon.core.webui.keyword.WebUiBuiltInKeywords.getAttribute(com.kms.katalon.core.testobject.ObjectRepository.findTestObject(PharmacyRequest/Page_Store/input_txttotal), "value"): Attribute 'value' of object 'Object Repository/PharmacyRequest/Page_Store/input_txttotal' is: '10'

2018-06-09 20:26:29 - [MESSAGE][PASSED] - Attribute 'value' of object 'Object Repository/PharmacyRequest/Page_Store/input_txttotal' is: '10'

2018-06-09 20:26:29 - [TEST_STEP][PASSED] - Statement - out.println("Requested QTY : " + RequestedQty): null

2018-06-09 20:26:29 - [TEST_STEP][PASSED] - Statement - BatchNumber = com.kms.katalon.core.webui.keyword.WebUiBuiltInKeywords.getNumberOfTotalOption(com.kms.katalon.core.testobject.ObjectRepository.findTestObject(PharmacyRequest/Page_Store/select_--Select--BA50)): 5 options of object 'Object Repository/PharmacyRequest/Page_Store/select_--Select--BA50' counted

2018-06-09 20:26:29 - [MESSAGE][PASSED] - 5 options of object 'Object Repository/PharmacyRequest/Page_Store/select_--Select--BA50' counted

2018-06-09 20:26:29 - [TEST_STEP][PASSED] - Statement - For ([g = 1, g <= BatchNumber - 1, (g++)]): null

2018-06-09 20:26:29 - [TEST_STEP][PASSED] - selectOptionByIndex: All options with index in [1] are selected on object 'Object Repository/PharmacyRequest/Page_Store/select_--Select--BA50'

2018-06-09 20:26:29 - [MESSAGE][PASSED] - All options with index in [1] are selected on object 'Object Repository/PharmacyRequest/Page_Store/select_--Select--BA50'

2018-06-09 20:26:29 - [TEST_STEP][PASSED] - delay: Delayed 1 second(s)

2018-06-09 20:26:30 - [MESSAGE][PASSED] - Delayed 1 second(s)

2018-06-09 20:26:30 - [TEST_STEP][PASSED] - Statement - StockQty = com.kms.katalon.core.webui.keyword.WebUiBuiltInKeywords.getAttribute(com.kms.katalon.core.testobject.ObjectRepository.findTestObject(PharmacyRequest/Page_Store/input_txtprice), "value"): Attribute 'value' of object 'Object Repository/PharmacyRequest/Page_Store/input_txtprice' is: '400'

2018-06-09 20:26:30 - [MESSAGE][PASSED] - Attribute 'value' of object 'Object Repository/PharmacyRequest/Page_Store/input_txtprice' is: '400'

2018-06-09 20:26:30 - [TEST_STEP][PASSED] - Statement - out.println("Stock QTY : " + StockQty): null

2018-06-09 20:26:30 - [TEST_STEP][PASSED] - delay: Delayed 1 second(s)

2018-06-09 20:26:31 - [MESSAGE][PASSED] - Delayed 1 second(s)

2018-06-09 20:26:31 - [TEST_STEP][PASSED] - Statement - If (java.lang.Integer.valueOf(StockQty) >= java.lang.Integer.valueOf(RequestedQty)): null

2018-06-09 20:26:31 - [TEST_STEP][PASSED] - setText: Text '10' is set on object 'Object Repository/PharmacyRequest/Page_Store/input_txtqty'

2018-06-09 20:26:31 - [MESSAGE][PASSED] - Text '10' is set on object 'Object Repository/PharmacyRequest/Page_Store/input_txtqty'

2018-06-09 20:26:31 - [TEST_STEP][PASSED] - click: Object: 'Object Repository/PharmacyRequest/Page_Store/button_Add' is clicked on

2018-06-09 20:26:31 - [MESSAGE][PASSED] - Object: 'Object Repository/PharmacyRequest/Page_Store/button_Add' is clicked on

2018-06-09 20:26:31 - [TEST_STEP][PASSED] - Statement - Break: null

2018-06-09 20:26:31 - [TEST_STEP][PASSED] - selectOptionByIndex: All options with index in [3] are selected on object 'Object Repository/PharmacyRequest/Page_Store/select_--Select--Amlodepin -5'

2018-06-09 20:26:31 - [MESSAGE][PASSED] - All options with index in [3] are selected on object 'Object Repository/PharmacyRequest/Page_Store/select_--Select--Amlodepin -5'

2018-06-09 20:26:31 - [TEST_STEP][PASSED] - delay: Delayed 1 second(s)

2018-06-09 20:26:32 - [MESSAGE][PASSED] - Delayed 1 second(s)

2018-06-09 20:26:32 - [TEST_STEP][PASSED] - Statement - RequestedQty = com.kms.katalon.core.webui.keyword.WebUiBuiltInKeywords.getAttribute(com.kms.katalon.core.testobject.ObjectRepository.findTestObject(PharmacyRequest/Page_Store/input_txttotal), "value"): Attribute 'value' of object 'Object Repository/PharmacyRequest/Page_Store/input_txttotal' is: '10'

2018-06-09 20:26:32 - [MESSAGE][PASSED] - Attribute 'value' of object 'Object Repository/PharmacyRequest/Page_Store/input_txttotal' is: '10'

2018-06-09 20:26:32 - [TEST_STEP][PASSED] - Statement - out.println("Requested QTY : " + RequestedQty): null

2018-06-09 20:26:32 - [TEST_STEP][PASSED] - Statement - BatchNumber = com.kms.katalon.core.webui.keyword.WebUiBuiltInKeywords.getNumberOfTotalOption(com.kms.katalon.core.testobject.ObjectRepository.findTestObject(PharmacyRequest/Page_Store/select_--Select--BA50)): 3 options of object 'Object Repository/PharmacyRequest/Page_Store/select_--Select--BA50' counted

2018-06-09 20:26:32 - [MESSAGE][PASSED] - 3 options of object 'Object Repository/PharmacyRequest/Page_Store/select_--Select--BA50' counted

2018-06-09 20:26:32 - [TEST_STEP][PASSED] - Statement - For ([g = 1, g <= BatchNumber - 1, (g++)]): null

2018-06-09 20:26:32 - [TEST_STEP][PASSED] - selectOptionByIndex: All options with index in [1] are selected on object 'Object Repository/PharmacyRequest/Page_Store/select_--Select--BA50'

2018-06-09 20:26:33 - [MESSAGE][PASSED] - All options with index in [1] are selected on object 'Object Repository/PharmacyRequest/Page_Store/select_--Select--BA50'

2018-06-09 20:26:33 - [TEST_STEP][PASSED] - delay: Delayed 1 second(s)

2018-06-09 20:26:34 - [MESSAGE][PASSED] - Delayed 1 second(s)

2018-06-09 20:26:34 - [TEST_STEP][PASSED] - Statement - StockQty = com.kms.katalon.core.webui.keyword.WebUiBuiltInKeywords.getAttribute(com.kms.katalon.core.testobject.ObjectRepository.findTestObject(PharmacyRequest/Page_Store/input_txtprice), "value"): Attribute 'value' of object 'Object Repository/PharmacyRequest/Page_Store/input_txtprice' is: '100'

2018-06-09 20:26:34 - [MESSAGE][PASSED] - Attribute 'value' of object 'Object Repository/PharmacyRequest/Page_Store/input_txtprice' is: '100'

2018-06-09 20:26:34 - [TEST_STEP][PASSED] - Statement - out.println("Stock QTY : " + StockQty): null

2018-06-09 20:26:34 - [TEST_STEP][PASSED] - delay: Delayed 1 second(s)

2018-06-09 20:26:35 - [MESSAGE][PASSED] - Delayed 1 second(s)

2018-06-09 20:26:35 - [TEST_STEP][PASSED] - Statement - If (java.lang.Integer.valueOf(StockQty) >= java.lang.Integer.valueOf(RequestedQty)): null

2018-06-09 20:26:35 - [TEST_STEP][PASSED] - setText: Text '10' is set on object 'Object Repository/PharmacyRequest/Page_Store/input_txtqty'

2018-06-09 20:26:35 - [MESSAGE][PASSED] - Text '10' is set on object 'Object Repository/PharmacyRequest/Page_Store/input_txtqty'

2018-06-09 20:26:35 - [TEST_STEP][PASSED] - click: Object: 'Object Repository/PharmacyRequest/Page_Store/button_Add' is clicked on

2018-06-09 20:26:35 - [MESSAGE][PASSED] - Object: 'Object Repository/PharmacyRequest/Page_Store/button_Add' is clicked on

2018-06-09 20:26:35 - [TEST_STEP][PASSED] - Statement - Break: null

2018-06-09 20:26:35 - [TEST_STEP][PASSED] - selectOptionByIndex: All options with index in [4] are selected on object 'Object Repository/PharmacyRequest/Page_Store/select_--Select--Amlodepin -5'

2018-06-09 20:26:35 - [MESSAGE][PASSED] - All options with index in [4] are selected on object 'Object Repository/PharmacyRequest/Page_Store/select_--Select--Amlodepin -5'

2018-06-09 20:26:35 - [TEST_STEP][PASSED] - delay: Delayed 1 second(s)

2018-06-09 20:26:36 - [MESSAGE][PASSED] - Delayed 1 second(s)

2018-06-09 20:26:36 - [TEST_STEP][PASSED] - Statement - RequestedQty = com.kms.katalon.core.webui.keyword.WebUiBuiltInKeywords.getAttribute(com.kms.katalon.core.testobject.ObjectRepository.findTestObject(PharmacyRequest/Page_Store/input_txttotal), "value"): Attribute 'value' of object 'Object Repository/PharmacyRequest/Page_Store/input_txttotal' is: '10'

2018-06-09 20:26:36 - [MESSAGE][PASSED] - Attribute 'value' of object 'Object Repository/PharmacyRequest/Page_Store/input_txttotal' is: '10'

2018-06-09 20:26:36 - [TEST_STEP][PASSED] - Statement - out.println("Requested QTY : " + RequestedQty): null

2018-06-09 20:26:36 - [TEST_STEP][PASSED] - Statement - BatchNumber = com.kms.katalon.core.webui.keyword.WebUiBuiltInKeywords.getNumberOfTotalOption(com.kms.katalon.core.testobject.ObjectRepository.findTestObject(PharmacyRequest/Page_Store/select_--Select--BA50)): 4 options of object 'Object Repository/PharmacyRequest/Page_Store/select_--Select--BA50' counted

2018-06-09 20:26:36 - [MESSAGE][PASSED] - 4 options of object 'Object Repository/PharmacyRequest/Page_Store/select_--Select--BA50' counted

2018-06-09 20:26:36 - [TEST_STEP][PASSED] - Statement - For ([g = 1, g <= BatchNumber - 1, (g++)]): null

2018-06-09 20:26:36 - [TEST_STEP][PASSED] - selectOptionByIndex: All options with index in [1] are selected on object 'Object Repository/PharmacyRequest/Page_Store/select_--Select--BA50'

2018-06-09 20:26:36 - [MESSAGE][PASSED] - All options with index in [1] are selected on object 'Object Repository/PharmacyRequest/Page_Store/select_--Select--BA50'

2018-06-09 20:26:36 - [TEST_STEP][PASSED] - delay: Delayed 1 second(s)

2018-06-09 20:26:37 - [MESSAGE][PASSED] - Delayed 1 second(s)

2018-06-09 20:26:37 - [TEST_STEP][PASSED] - Statement - StockQty = com.kms.katalon.core.webui.keyword.WebUiBuiltInKeywords.getAttribute(com.kms.katalon.core.testobject.ObjectRepository.findTestObject(PharmacyRequest/Page_Store/input_txtprice), "value"): Attribute 'value' of object 'Object Repository/PharmacyRequest/Page_Store/input_txtprice' is: '210'

2018-06-09 20:26:37 - [MESSAGE][PASSED] - Attribute 'value' of object 'Object Repository/PharmacyRequest/Page_Store/input_txtprice' is: '210'

2018-06-09 20:26:37 - [TEST_STEP][PASSED] - Statement - out.println("Stock QTY : " + StockQty): null

2018-06-09 20:26:37 - [TEST_STEP][PASSED] - delay: Delayed 1 second(s)

2018-06-09 20:26:38 - [MESSAGE][PASSED] - Delayed 1 second(s)

2018-06-09 20:26:38 - [TEST_STEP][PASSED] - Statement - If (java.lang.Integer.valueOf(StockQty) >= java.lang.Integer.valueOf(RequestedQty)): null

2018-06-09 20:26:38 - [TEST_STEP][PASSED] - setText: Text '10' is set on object 'Object Repository/PharmacyRequest/Page_Store/input_txtqty'

2018-06-09 20:26:38 - [MESSAGE][PASSED] - Text '10' is set on object 'Object Repository/PharmacyRequest/Page_Store/input_txtqty'

2018-06-09 20:26:38 - [TEST_STEP][PASSED] - click: Object: 'Object Repository/PharmacyRequest/Page_Store/button_Add' is clicked on

2018-06-09 20:26:38 - [MESSAGE][PASSED] - Object: 'Object Repository/PharmacyRequest/Page_Store/button_Add' is clicked on

2018-06-09 20:26:38 - [TEST_STEP][PASSED] - Statement - Break: null

2018-06-09 20:26:38 - [TEST_STEP][PASSED] - selectOptionByIndex: All options with index in [5] are selected on object 'Object Repository/PharmacyRequest/Page_Store/select_--Select--Amlodepin -5'

2018-06-09 20:26:38 - [MESSAGE][PASSED] - All options with index in [5] are selected on object 'Object Repository/PharmacyRequest/Page_Store/select_--Select--Amlodepin -5'

2018-06-09 20:26:38 - [TEST_STEP][PASSED] - delay: Delayed 1 second(s)

2018-06-09 20:26:39 - [MESSAGE][PASSED] - Delayed 1 second(s)

2018-06-09 20:26:39 - [TEST_STEP][PASSED] - Statement - RequestedQty = com.kms.katalon.core.webui.keyword.WebUiBuiltInKeywords.getAttribute(com.kms.katalon.core.testobject.ObjectRepository.findTestObject(PharmacyRequest/Page_Store/input_txttotal), "value"): Attribute 'value' of object 'Object Repository/PharmacyRequest/Page_Store/input_txttotal' is: '10'

2018-06-09 20:26:39 - [MESSAGE][PASSED] - Attribute 'value' of object 'Object Repository/PharmacyRequest/Page_Store/input_txttotal' is: '10'

2018-06-09 20:26:39 - [TEST_STEP][PASSED] - Statement - out.println("Requested QTY : " + RequestedQty): null

2018-06-09 20:26:39 - [TEST_STEP][PASSED] - Statement - BatchNumber = com.kms.katalon.core.webui.keyword.WebUiBuiltInKeywords.getNumberOfTotalOption(com.kms.katalon.core.testobject.ObjectRepository.findTestObject(PharmacyRequest/Page_Store/select_--Select--BA50)): 2 options of object 'Object Repository/PharmacyRequest/Page_Store/select_--Select--BA50' counted

2018-06-09 20:26:39 - [MESSAGE][PASSED] - 2 options of object 'Object Repository/PharmacyRequest/Page_Store/select_--Select--BA50' counted

2018-06-09 20:26:39 - [TEST_STEP][PASSED] - Statement - For ([g = 1, g <= BatchNumber - 1, (g++)]): null

2018-06-09 20:26:39 - [TEST_STEP][PASSED] - selectOptionByIndex: All options with index in [1] are selected on object 'Object Repository/PharmacyRequest/Page_Store/select_--Select--BA50'

2018-06-09 20:26:40 - [MESSAGE][PASSED] - All options with index in [1] are selected on object 'Object Repository/PharmacyRequest/Page_Store/select_--Select--BA50'

2018-06-09 20:26:40 - [TEST_STEP][PASSED] - delay: Delayed 1 second(s)

2018-06-09 20:26:41 - [MESSAGE][PASSED] - Delayed 1 second(s)

2018-06-09 20:26:41 - [TEST_STEP][PASSED] - Statement - StockQty = com.kms.katalon.core.webui.keyword.WebUiBuiltInKeywords.getAttribute(com.kms.katalon.core.testobject.ObjectRepository.findTestObject(PharmacyRequest/Page_Store/input_txtprice), "value"): Attribute 'value' of object 'Object Repository/PharmacyRequest/Page_Store/input_txtprice' is: '1960'

2018-06-09 20:26:41 - [MESSAGE][PASSED] - Attribute 'value' of object 'Object Repository/PharmacyRequest/Page_Store/input_txtprice' is: '1960'

2018-06-09 20:26:41 - [TEST_STEP][PASSED] - Statement - out.println("Stock QTY : " + StockQty): null

2018-06-09 20:26:41 - [TEST_STEP][PASSED] - delay: Delayed 1 second(s)

2018-06-09 20:26:42 - [MESSAGE][PASSED] - Delayed 1 second(s)

2018-06-09 20:26:42 - [TEST_STEP][PASSED] - Statement - If (java.lang.Integer.valueOf(StockQty) >= java.lang.Integer.valueOf(RequestedQty)): null

2018-06-09 20:26:42 - [TEST_STEP][PASSED] - setText: Text '10' is set on object 'Object Repository/PharmacyRequest/Page_Store/input_txtqty'

2018-06-09 20:26:42 - [MESSAGE][PASSED] - Text '10' is set on object 'Object Repository/PharmacyRequest/Page_Store/input_txtqty'

2018-06-09 20:26:42 - [TEST_STEP][PASSED] - click: Object: 'Object Repository/PharmacyRequest/Page_Store/button_Add' is clicked on

2018-06-09 20:26:42 - [MESSAGE][PASSED] - Object: 'Object Repository/PharmacyRequest/Page_Store/button_Add' is clicked on

2018-06-09 20:26:42 - [TEST_STEP][PASSED] - Statement - Break: null

2018-06-09 20:26:42 - [TEST_STEP][PASSED] - selectOptionByIndex: All options with index in [6] are selected on object 'Object Repository/PharmacyRequest/Page_Store/select_--Select--Amlodepin -5'

2018-06-09 20:26:42 - [MESSAGE][PASSED] - All options with index in [6] are selected on object 'Object Repository/PharmacyRequest/Page_Store/select_--Select--Amlodepin -5'

2018-06-09 20:26:42 - [TEST_STEP][PASSED] - delay: Delayed 1 second(s)

2018-06-09 20:26:43 - [MESSAGE][PASSED] - Delayed 1 second(s)

2018-06-09 20:26:43 - [TEST_STEP][PASSED] - Statement - RequestedQty = com.kms.katalon.core.webui.keyword.WebUiBuiltInKeywords.getAttribute(com.kms.katalon.core.testobject.ObjectRepository.findTestObject(PharmacyRequest/Page_Store/input_txttotal), "value"): Attribute 'value' of object 'Object Repository/PharmacyRequest/Page_Store/input_txttotal' is: '10'

2018-06-09 20:26:43 - [MESSAGE][PASSED] - Attribute 'value' of object 'Object Repository/PharmacyRequest/Page_Store/input_txttotal' is: '10'

2018-06-09 20:26:43 - [TEST_STEP][PASSED] - Statement - out.println("Requested QTY : " + RequestedQty): null

2018-06-09 20:26:43 - [TEST_STEP][PASSED] - Statement - BatchNumber = com.kms.katalon.core.webui.keyword.WebUiBuiltInKeywords.getNumberOfTotalOption(com.kms.katalon.core.testobject.ObjectRepository.findTestObject(PharmacyRequest/Page_Store/select_--Select--BA50)): 4 options of object 'Object Repository/PharmacyRequest/Page_Store/select_--Select--BA50' counted

2018-06-09 20:26:43 - [MESSAGE][PASSED] - 4 options of object 'Object Repository/PharmacyRequest/Page_Store/select_--Select--BA50' counted

2018-06-09 20:26:43 - [TEST_STEP][PASSED] - Statement - For ([g = 1, g <= BatchNumber - 1, (g++)]): null

2018-06-09 20:26:43 - [TEST_STEP][PASSED] - selectOptionByIndex: All options with index in [1] are selected on object 'Object Repository/PharmacyRequest/Page_Store/select_--Select--BA50'

2018-06-09 20:26:43 - [MESSAGE][PASSED] - All options with index in [1] are selected on object 'Object Repository/PharmacyRequest/Page_Store/select_--Select--BA50'

2018-06-09 20:26:43 - [TEST_STEP][PASSED] - delay: Delayed 1 second(s)

2018-06-09 20:26:44 - [MESSAGE][PASSED] - Delayed 1 second(s)

2018-06-09 20:26:44 - [TEST_STEP][PASSED] - Statement - StockQty = com.kms.katalon.core.webui.keyword.WebUiBuiltInKeywords.getAttribute(com.kms.katalon.core.testobject.ObjectRepository.findTestObject(PharmacyRequest/Page_Store/input_txtprice), "value"): Attribute 'value' of object 'Object Repository/PharmacyRequest/Page_Store/input_txtprice' is: '940'

2018-06-09 20:26:44 - [MESSAGE][PASSED] - Attribute 'value' of object 'Object Repository/PharmacyRequest/Page_Store/input_txtprice' is: '940'

2018-06-09 20:26:44 - [TEST_STEP][PASSED] - Statement - out.println("Stock QTY : " + StockQty): null

2018-06-09 20:26:44 - [TEST_STEP][PASSED] - delay: Delayed 1 second(s)

2018-06-09 20:26:45 - [MESSAGE][PASSED] - Delayed 1 second(s)

2018-06-09 20:26:45 - [TEST_STEP][PASSED] - Statement - If (java.lang.Integer.valueOf(StockQty) >= java.lang.Integer.valueOf(RequestedQty)): null

2018-06-09 20:26:45 - [TEST_STEP][PASSED] - setText: Text '10' is set on object 'Object Repository/PharmacyRequest/Page_Store/input_txtqty'

2018-06-09 20:26:45 - [MESSAGE][PASSED] - Text '10' is set on object 'Object Repository/PharmacyRequest/Page_Store/input_txtqty'

2018-06-09 20:26:45 - [TEST_STEP][PASSED] - click: Object: 'Object Repository/PharmacyRequest/Page_Store/button_Add' is clicked on

2018-06-09 20:26:45 - [MESSAGE][PASSED] - Object: 'Object Repository/PharmacyRequest/Page_Store/button_Add' is clicked on

2018-06-09 20:26:45 - [TEST_STEP][PASSED] - Statement - Break: null

2018-06-09 20:26:45 - [TEST_STEP][PASSED] - selectOptionByIndex: All options with index in [7] are selected on object 'Object Repository/PharmacyRequest/Page_Store/select_--Select--Amlodepin -5'

2018-06-09 20:26:45 - [MESSAGE][PASSED] - All options with index in [7] are selected on object 'Object Repository/PharmacyRequest/Page_Store/select_--Select--Amlodepin -5'

2018-06-09 20:26:45 - [TEST_STEP][PASSED] - delay: Delayed 1 second(s)

2018-06-09 20:26:46 - [MESSAGE][PASSED] - Delayed 1 second(s)

2018-06-09 20:26:46 - [TEST_STEP][PASSED] - Statement - RequestedQty = com.kms.katalon.core.webui.keyword.WebUiBuiltInKeywords.getAttribute(com.kms.katalon.core.testobject.ObjectRepository.findTestObject(PharmacyRequest/Page_Store/input_txttotal), "value"): Attribute 'value' of object 'Object Repository/PharmacyRequest/Page_Store/input_txttotal' is: '10'

2018-06-09 20:26:46 - [MESSAGE][PASSED] - Attribute 'value' of object 'Object Repository/PharmacyRequest/Page_Store/input_txttotal' is: '10'

2018-06-09 20:26:46 - [TEST_STEP][PASSED] - Statement - out.println("Requested QTY : " + RequestedQty): null

2018-06-09 20:26:46 - [TEST_STEP][PASSED] - Statement - BatchNumber = com.kms.katalon.core.webui.keyword.WebUiBuiltInKeywords.getNumberOfTotalOption(com.kms.katalon.core.testobject.ObjectRepository.findTestObject(PharmacyRequest/Page_Store/select_--Select--BA50)): 3 options of object 'Object Repository/PharmacyRequest/Page_Store/select_--Select--BA50' counted

2018-06-09 20:26:47 - [MESSAGE][PASSED] - 3 options of object 'Object Repository/PharmacyRequest/Page_Store/select_--Select--BA50' counted

2018-06-09 20:26:47 - [TEST_STEP][PASSED] - Statement - For ([g = 1, g <= BatchNumber - 1, (g++)]): null

2018-06-09 20:26:47 - [TEST_STEP][PASSED] - selectOptionByIndex: All options with index in [1] are selected on object 'Object Repository/PharmacyRequest/Page_Store/select_--Select--BA50'

2018-06-09 20:26:47 - [MESSAGE][PASSED] - All options with index in [1] are selected on object 'Object Repository/PharmacyRequest/Page_Store/select_--Select--BA50'

2018-06-09 20:26:47 - [TEST_STEP][PASSED] - delay: Delayed 1 second(s)

2018-06-09 20:26:48 - [MESSAGE][PASSED] - Delayed 1 second(s)

2018-06-09 20:26:48 - [TEST_STEP][PASSED] - Statement - StockQty = com.kms.katalon.core.webui.keyword.WebUiBuiltInKeywords.getAttribute(com.kms.katalon.core.testobject.ObjectRepository.findTestObject(PharmacyRequest/Page_Store/input_txtprice), "value"): Attribute 'value' of object 'Object Repository/PharmacyRequest/Page_Store/input_txtprice' is: '1860'

2018-06-09 20:26:48 - [MESSAGE][PASSED] - Attribute 'value' of object 'Object Repository/PharmacyRequest/Page_Store/input_txtprice' is: '1860'

2018-06-09 20:26:48 - [TEST_STEP][PASSED] - Statement - out.println("Stock QTY : " + StockQty): null

2018-06-09 20:26:48 - [TEST_STEP][PASSED] - delay: Delayed 1 second(s)

2018-06-09 20:26:49 - [MESSAGE][PASSED] - Delayed 1 second(s)

2018-06-09 20:26:49 - [TEST_STEP][PASSED] - Statement - If (java.lang.Integer.valueOf(StockQty) >= java.lang.Integer.valueOf(RequestedQty)): null

2018-06-09 20:26:49 - [TEST_STEP][PASSED] - setText: Text '10' is set on object 'Object Repository/PharmacyRequest/Page_Store/input_txtqty'

2018-06-09 20:26:49 - [MESSAGE][PASSED] - Text '10' is set on object 'Object Repository/PharmacyRequest/Page_Store/input_txtqty'

2018-06-09 20:26:49 - [TEST_STEP][PASSED] - click: Object: 'Object Repository/PharmacyRequest/Page_Store/button_Add' is clicked on

2018-06-09 20:26:49 - [MESSAGE][PASSED] - Object: 'Object Repository/PharmacyRequest/Page_Store/button_Add' is clicked on

2018-06-09 20:26:49 - [TEST_STEP][PASSED] - Statement - Break: null

2018-06-09 20:26:49 - [TEST_STEP][PASSED] - selectOptionByIndex: All options with index in [8] are selected on object 'Object Repository/PharmacyRequest/Page_Store/select_--Select--Amlodepin -5'

2018-06-09 20:26:49 - [MESSAGE][PASSED] - All options with index in [8] are selected on object 'Object Repository/PharmacyRequest/Page_Store/select_--Select--Amlodepin -5'

2018-06-09 20:26:49 - [TEST_STEP][PASSED] - delay: Delayed 1 second(s)

2018-06-09 20:26:50 - [MESSAGE][PASSED] - Delayed 1 second(s)

2018-06-09 20:26:50 - [TEST_STEP][PASSED] - Statement - RequestedQty = com.kms.katalon.core.webui.keyword.WebUiBuiltInKeywords.getAttribute(com.kms.katalon.core.testobject.ObjectRepository.findTestObject(PharmacyRequest/Page_Store/input_txttotal), "value"): Attribute 'value' of object 'Object Repository/PharmacyRequest/Page_Store/input_txttotal' is: '10'

2018-06-09 20:26:50 - [MESSAGE][PASSED] - Attribute 'value' of object 'Object Repository/PharmacyRequest/Page_Store/input_txttotal' is: '10'

2018-06-09 20:26:50 - [TEST_STEP][PASSED] - Statement - out.println("Requested QTY : " + RequestedQty): null

2018-06-09 20:26:50 - [TEST_STEP][PASSED] - Statement - BatchNumber = com.kms.katalon.core.webui.keyword.WebUiBuiltInKeywords.getNumberOfTotalOption(com.kms.katalon.core.testobject.ObjectRepository.findTestObject(PharmacyRequest/Page_Store/select_--Select--BA50)): 2 options of object 'Object Repository/PharmacyRequest/Page_Store/select_--Select--BA50' counted

2018-06-09 20:26:50 - [MESSAGE][PASSED] - 2 options of object 'Object Repository/PharmacyRequest/Page_Store/select_--Select--BA50' counted

2018-06-09 20:26:50 - [TEST_STEP][PASSED] - Statement - For ([g = 1, g <= BatchNumber - 1, (g++)]): null

2018-06-09 20:26:50 - [TEST_STEP][PASSED] - selectOptionByIndex: All options with index in [1] are selected on object 'Object Repository/PharmacyRequest/Page_Store/select_--Select--BA50'

2018-06-09 20:26:50 - [MESSAGE][PASSED] - All options with index in [1] are selected on object 'Object Repository/PharmacyRequest/Page_Store/select_--Select--BA50'

2018-06-09 20:26:50 - [TEST_STEP][PASSED] - delay: Delayed 1 second(s)

2018-06-09 20:26:51 - [MESSAGE][PASSED] - Delayed 1 second(s)

2018-06-09 20:26:51 - [TEST_STEP][PASSED] - Statement - StockQty = com.kms.katalon.core.webui.keyword.WebUiBuiltInKeywords.getAttribute(com.kms.katalon.core.testobject.ObjectRepository.findTestObject(PharmacyRequest/Page_Store/input_txtprice), "value"): Attribute 'value' of object 'Object Repository/PharmacyRequest/Page_Store/input_txtprice' is: '1960'

2018-06-09 20:26:51 - [MESSAGE][PASSED] - Attribute 'value' of object 'Object Repository/PharmacyRequest/Page_Store/input_txtprice' is: '1960'

2018-06-09 20:26:51 - [TEST_STEP][PASSED] - Statement - out.println("Stock QTY : " + StockQty): null

2018-06-09 20:26:51 - [TEST_STEP][PASSED] - delay: Delayed 1 second(s)

2018-06-09 20:26:52 - [MESSAGE][PASSED] - Delayed 1 second(s)

2018-06-09 20:26:52 - [TEST_STEP][PASSED] - Statement - If (java.lang.Integer.valueOf(StockQty) >= java.lang.Integer.valueOf(RequestedQty)): null

2018-06-09 20:26:52 - [TEST_STEP][PASSED] - setText: Text '10' is set on object 'Object Repository/PharmacyRequest/Page_Store/input_txtqty'

2018-06-09 20:26:52 - [MESSAGE][PASSED] - Text '10' is set on object 'Object Repository/PharmacyRequest/Page_Store/input_txtqty'

2018-06-09 20:26:52 - [TEST_STEP][PASSED] - click: Object: 'Object Repository/PharmacyRequest/Page_Store/button_Add' is clicked on

2018-06-09 20:26:52 - [MESSAGE][PASSED] - Object: 'Object Repository/PharmacyRequest/Page_Store/button_Add' is clicked on

2018-06-09 20:26:52 - [TEST_STEP][PASSED] - Statement - Break: null

2018-06-09 20:26:52 - [TEST_STEP][PASSED] - selectOptionByIndex: All options with index in [9] are selected on object 'Object Repository/PharmacyRequest/Page_Store/select_--Select--Amlodepin -5'

2018-06-09 20:26:53 - [MESSAGE][PASSED] - All options with index in [9] are selected on object 'Object Repository/PharmacyRequest/Page_Store/select_--Select--Amlodepin -5'

2018-06-09 20:26:53 - [TEST_STEP][PASSED] - delay: Delayed 1 second(s)

2018-06-09 20:26:54 - [MESSAGE][PASSED] - Delayed 1 second(s)

2018-06-09 20:26:54 - [TEST_STEP][PASSED] - Statement - RequestedQty = com.kms.katalon.core.webui.keyword.WebUiBuiltInKeywords.getAttribute(com.kms.katalon.core.testobject.ObjectRepository.findTestObject(PharmacyRequest/Page_Store/input_txttotal), "value"): Attribute 'value' of object 'Object Repository/PharmacyRequest/Page_Store/input_txttotal' is: '10'

2018-06-09 20:26:54 - [MESSAGE][PASSED] - Attribute 'value' of object 'Object Repository/PharmacyRequest/Page_Store/input_txttotal' is: '10'

2018-06-09 20:26:54 - [TEST_STEP][PASSED] - Statement - out.println("Requested QTY : " + RequestedQty): null

2018-06-09 20:26:54 - [TEST_STEP][PASSED] - Statement - BatchNumber = com.kms.katalon.core.webui.keyword.WebUiBuiltInKeywords.getNumberOfTotalOption(com.kms.katalon.core.testobject.ObjectRepository.findTestObject(PharmacyRequest/Page_Store/select_--Select--BA50)): 4 options of object 'Object Repository/PharmacyRequest/Page_Store/select_--Select--BA50' counted

2018-06-09 20:26:54 - [MESSAGE][PASSED] - 4 options of object 'Object Repository/PharmacyRequest/Page_Store/select_--Select--BA50' counted

2018-06-09 20:26:54 - [TEST_STEP][PASSED] - Statement - For ([g = 1, g <= BatchNumber - 1, (g++)]): null

2018-06-09 20:26:54 - [TEST_STEP][PASSED] - selectOptionByIndex: All options with index in [1] are selected on object 'Object Repository/PharmacyRequest/Page_Store/select_--Select--BA50'

2018-06-09 20:26:54 - [MESSAGE][PASSED] - All options with index in [1] are selected on object 'Object Repository/PharmacyRequest/Page_Store/select_--Select--BA50'

2018-06-09 20:26:54 - [TEST_STEP][PASSED] - delay: Delayed 1 second(s)

2018-06-09 20:26:55 - [MESSAGE][PASSED] - Delayed 1 second(s)

2018-06-09 20:26:55 - [TEST_STEP][PASSED] - Statement - StockQty = com.kms.katalon.core.webui.keyword.WebUiBuiltInKeywords.getAttribute(com.kms.katalon.core.testobject.ObjectRepository.findTestObject(PharmacyRequest/Page_Store/input_txtprice), "value"): Attribute 'value' of object 'Object Repository/PharmacyRequest/Page_Store/input_txtprice' is: '940'

2018-06-09 20:26:55 - [MESSAGE][PASSED] - Attribute 'value' of object 'Object Repository/PharmacyRequest/Page_Store/input_txtprice' is: '940'

2018-06-09 20:26:55 - [TEST_STEP][PASSED] - Statement - out.println("Stock QTY : " + StockQty): null

2018-06-09 20:26:55 - [TEST_STEP][PASSED] - delay: Delayed 1 second(s)

2018-06-09 20:26:56 - [MESSAGE][PASSED] - Delayed 1 second(s)

2018-06-09 20:26:56 - [TEST_STEP][PASSED] - Statement - If (java.lang.Integer.valueOf(StockQty) >= java.lang.Integer.valueOf(RequestedQty)): null

2018-06-09 20:26:56 - [TEST_STEP][PASSED] - setText: Text '10' is set on object 'Object Repository/PharmacyRequest/Page_Store/input_txtqty'

2018-06-09 20:26:56 - [MESSAGE][PASSED] - Text '10' is set on object 'Object Repository/PharmacyRequest/Page_Store/input_txtqty'

2018-06-09 20:26:56 - [TEST_STEP][PASSED] - click: Object: 'Object Repository/PharmacyRequest/Page_Store/button_Add' is clicked on

2018-06-09 20:26:56 - [MESSAGE][PASSED] - Object: 'Object Repository/PharmacyRequest/Page_Store/button_Add' is clicked on

2018-06-09 20:26:56 - [TEST_STEP][PASSED] - Statement - Break: null

2018-06-09 20:26:56 - [TEST_STEP][PASSED] - selectOptionByIndex: All options with index in [10] are selected on object 'Object Repository/PharmacyRequest/Page_Store/select_--Select--Amlodepin -5'

2018-06-09 20:26:56 - [MESSAGE][PASSED] - All options with index in [10] are selected on object 'Object Repository/PharmacyRequest/Page_Store/select_--Select--Amlodepin -5'

2018-06-09 20:26:56 - [TEST_STEP][PASSED] - delay: Delayed 1 second(s)

2018-06-09 20:26:57 - [MESSAGE][PASSED] - Delayed 1 second(s)

2018-06-09 20:26:57 - [TEST_STEP][PASSED] - Statement - RequestedQty = com.kms.katalon.core.webui.keyword.WebUiBuiltInKeywords.getAttribute(com.kms.katalon.core.testobject.ObjectRepository.findTestObject(PharmacyRequest/Page_Store/input_txttotal), "value"): Attribute 'value' of object 'Object Repository/PharmacyRequest/Page_Store/input_txttotal' is: '10'

2018-06-09 20:26:57 - [MESSAGE][PASSED] - Attribute 'value' of object 'Object Repository/PharmacyRequest/Page_Store/input_txttotal' is: '10'

2018-06-09 20:26:57 - [TEST_STEP][PASSED] - Statement - out.println("Requested QTY : " + RequestedQty): null

2018-06-09 20:26:57 - [TEST_STEP][PASSED] - Statement - BatchNumber = com.kms.katalon.core.webui.keyword.WebUiBuiltInKeywords.getNumberOfTotalOption(com.kms.katalon.core.testobject.ObjectRepository.findTestObject(PharmacyRequest/Page_Store/select_--Select--BA50)): 3 options of object 'Object Repository/PharmacyRequest/Page_Store/select_--Select--BA50' counted

2018-06-09 20:26:57 - [MESSAGE][PASSED] - 3 options of object 'Object Repository/PharmacyRequest/Page_Store/select_--Select--BA50' counted

2018-06-09 20:26:57 - [TEST_STEP][PASSED] - Statement - For ([g = 1, g <= BatchNumber - 1, (g++)]): null

2018-06-09 20:26:57 - [TEST_STEP][PASSED] - selectOptionByIndex: All options with index in [1] are selected on object 'Object Repository/PharmacyRequest/Page_Store/select_--Select--BA50'

2018-06-09 20:26:57 - [MESSAGE][PASSED] - All options with index in [1] are selected on object 'Object Repository/PharmacyRequest/Page_Store/select_--Select--BA50'

2018-06-09 20:26:57 - [TEST_STEP][PASSED] - delay: Delayed 1 second(s)

2018-06-09 20:26:58 - [MESSAGE][PASSED] - Delayed 1 second(s)

2018-06-09 20:26:58 - [TEST_STEP][PASSED] - Statement - StockQty = com.kms.katalon.core.webui.keyword.WebUiBuiltInKeywords.getAttribute(com.kms.katalon.core.testobject.ObjectRepository.findTestObject(PharmacyRequest/Page_Store/input_txtprice), "value"): Attribute 'value' of object 'Object Repository/PharmacyRequest/Page_Store/input_txtprice' is: '400'

2018-06-09 20:26:58 - [MESSAGE][PASSED] - Attribute 'value' of object 'Object Repository/PharmacyRequest/Page_Store/input_txtprice' is: '400'

2018-06-09 20:26:58 - [TEST_STEP][PASSED] - Statement - out.println("Stock QTY : " + StockQty): null

2018-06-09 20:26:58 - [TEST_STEP][PASSED] - delay: Delayed 1 second(s)

2018-06-09 20:26:59 - [MESSAGE][PASSED] - Delayed 1 second(s)

2018-06-09 20:26:59 - [TEST_STEP][PASSED] - Statement - If (java.lang.Integer.valueOf(StockQty) >= java.lang.Integer.valueOf(RequestedQty)): null

2018-06-09 20:26:59 - [TEST_STEP][PASSED] - setText: Text '10' is set on object 'Object Repository/PharmacyRequest/Page_Store/input_txtqty'

2018-06-09 20:26:59 - [MESSAGE][PASSED] - Text '10' is set on object 'Object Repository/PharmacyRequest/Page_Store/input_txtqty'

2018-06-09 20:26:59 - [TEST_STEP][PASSED] - click: Object: 'Object Repository/PharmacyRequest/Page_Store/button_Add' is clicked on

2018-06-09 20:27:00 - [MESSAGE][PASSED] - Object: 'Object Repository/PharmacyRequest/Page_Store/button_Add' is clicked on

2018-06-09 20:27:00 - [TEST_STEP][PASSED] - Statement - Break: null

2018-06-09 20:27:00 - [TEST_STEP][PASSED] - selectOptionByIndex: All options with index in [11] are selected on object 'Object Repository/PharmacyRequest/Page_Store/select_--Select--Amlodepin -5'

2018-06-09 20:27:00 - [MESSAGE][PASSED] - All options with index in [11] are selected on object 'Object Repository/PharmacyRequest/Page_Store/select_--Select--Amlodepin -5'

2018-06-09 20:27:00 - [TEST_STEP][PASSED] - delay: Delayed 1 second(s)

2018-06-09 20:27:01 - [MESSAGE][PASSED] - Delayed 1 second(s)

2018-06-09 20:27:01 - [TEST_STEP][PASSED] - Statement - RequestedQty = com.kms.katalon.core.webui.keyword.WebUiBuiltInKeywords.getAttribute(com.kms.katalon.core.testobject.ObjectRepository.findTestObject(PharmacyRequest/Page_Store/input_txttotal), "value"): Attribute 'value' of object 'Object Repository/PharmacyRequest/Page_Store/input_txttotal' is: '10'

2018-06-09 20:27:01 - [MESSAGE][PASSED] - Attribute 'value' of object 'Object Repository/PharmacyRequest/Page_Store/input_txttotal' is: '10'

2018-06-09 20:27:01 - [TEST_STEP][PASSED] - Statement - out.println("Requested QTY : " + RequestedQty): null

2018-06-09 20:27:01 - [TEST_STEP][PASSED] - Statement - BatchNumber = com.kms.katalon.core.webui.keyword.WebUiBuiltInKeywords.getNumberOfTotalOption(com.kms.katalon.core.testobject.ObjectRepository.findTestObject(PharmacyRequest/Page_Store/select_--Select--BA50)): 4 options of object 'Object Repository/PharmacyRequest/Page_Store/select_--Select--BA50' counted

2018-06-09 20:27:01 - [MESSAGE][PASSED] - 4 options of object 'Object Repository/PharmacyRequest/Page_Store/select_--Select--BA50' counted

2018-06-09 20:27:01 - [TEST_STEP][PASSED] - Statement - For ([g = 1, g <= BatchNumber - 1, (g++)]): null

2018-06-09 20:27:01 - [TEST_STEP][PASSED] - selectOptionByIndex: All options with index in [1] are selected on object 'Object Repository/PharmacyRequest/Page_Store/select_--Select--BA50'

2018-06-09 20:27:01 - [MESSAGE][PASSED] - All options with index in [1] are selected on object 'Object Repository/PharmacyRequest/Page_Store/select_--Select--BA50'

2018-06-09 20:27:01 - [TEST_STEP][PASSED] - delay: Delayed 1 second(s)

2018-06-09 20:27:02 - [MESSAGE][PASSED] - Delayed 1 second(s)

2018-06-09 20:27:02 - [TEST_STEP][PASSED] - Statement - StockQty = com.kms.katalon.core.webui.keyword.WebUiBuiltInKeywords.getAttribute(com.kms.katalon.core.testobject.ObjectRepository.findTestObject(PharmacyRequest/Page_Store/input_txtprice), "value"): Attribute 'value' of object 'Object Repository/PharmacyRequest/Page_Store/input_txtprice' is: '400'

2018-06-09 20:27:02 - [MESSAGE][PASSED] - Attribute 'value' of object 'Object Repository/PharmacyRequest/Page_Store/input_txtprice' is: '400'

2018-06-09 20:27:02 - [TEST_STEP][PASSED] - Statement - out.println("Stock QTY : " + StockQty): null

2018-06-09 20:27:02 - [TEST_STEP][PASSED] - delay: Delayed 1 second(s)

2018-06-09 20:27:03 - [MESSAGE][PASSED] - Delayed 1 second(s)

2018-06-09 20:27:03 - [TEST_STEP][PASSED] - Statement - If (java.lang.Integer.valueOf(StockQty) >= java.lang.Integer.valueOf(RequestedQty)): null

2018-06-09 20:27:03 - [TEST_STEP][PASSED] - setText: Text '10' is set on object 'Object Repository/PharmacyRequest/Page_Store/input_txtqty'

2018-06-09 20:27:03 - [MESSAGE][PASSED] - Text '10' is set on object 'Object Repository/PharmacyRequest/Page_Store/input_txtqty'

2018-06-09 20:27:03 - [TEST_STEP][PASSED] - click: Object: 'Object Repository/PharmacyRequest/Page_Store/button_Add' is clicked on

2018-06-09 20:27:03 - [MESSAGE][PASSED] - Object: 'Object Repository/PharmacyRequest/Page_Store/button_Add' is clicked on

2018-06-09 20:27:03 - [TEST_STEP][PASSED] - Statement - Break: null

2018-06-09 20:27:03 - [TEST_STEP][PASSED] - selectOptionByIndex: All options with index in [12] are selected on object 'Object Repository/PharmacyRequest/Page_Store/select_--Select--Amlodepin -5'

2018-06-09 20:27:03 - [MESSAGE][PASSED] - All options with index in [12] are selected on object 'Object Repository/PharmacyRequest/Page_Store/select_--Select--Amlodepin -5'

2018-06-09 20:27:03 - [TEST_STEP][PASSED] - delay: Delayed 1 second(s)

2018-06-09 20:27:04 - [MESSAGE][PASSED] - Delayed 1 second(s)

2018-06-09 20:27:04 - [TEST_STEP][PASSED] - Statement - RequestedQty = com.kms.katalon.core.webui.keyword.WebUiBuiltInKeywords.getAttribute(com.kms.katalon.core.testobject.ObjectRepository.findTestObject(PharmacyRequest/Page_Store/input_txttotal), "value"): Attribute 'value' of object 'Object Repository/PharmacyRequest/Page_Store/input_txttotal' is: '10'

2018-06-09 20:27:04 - [MESSAGE][PASSED] - Attribute 'value' of object 'Object Repository/PharmacyRequest/Page_Store/input_txttotal' is: '10'

2018-06-09 20:27:04 - [TEST_STEP][PASSED] - Statement - out.println("Requested QTY : " + RequestedQty): null

2018-06-09 20:27:04 - [TEST_STEP][PASSED] - Statement - BatchNumber = com.kms.katalon.core.webui.keyword.WebUiBuiltInKeywords.getNumberOfTotalOption(com.kms.katalon.core.testobject.ObjectRepository.findTestObject(PharmacyRequest/Page_Store/select_--Select--BA50)): 2 options of object 'Object Repository/PharmacyRequest/Page_Store/select_--Select--BA50' counted

2018-06-09 20:27:04 - [MESSAGE][PASSED] - 2 options of object 'Object Repository/PharmacyRequest/Page_Store/select_--Select--BA50' counted

2018-06-09 20:27:04 - [TEST_STEP][PASSED] - Statement - For ([g = 1, g <= BatchNumber - 1, (g++)]): null

2018-06-09 20:27:04 - [TEST_STEP][PASSED] - selectOptionByIndex: All options with index in [1] are selected on object 'Object Repository/PharmacyRequest/Page_Store/select_--Select--BA50'

2018-06-09 20:27:05 - [MESSAGE][PASSED] - All options with index in [1] are selected on object 'Object Repository/PharmacyRequest/Page_Store/select_--Select--BA50'

2018-06-09 20:27:05 - [TEST_STEP][PASSED] - delay: Delayed 1 second(s)

2018-06-09 20:27:06 - [MESSAGE][PASSED] - Delayed 1 second(s)

2018-06-09 20:27:06 - [TEST_STEP][PASSED] - Statement - StockQty = com.kms.katalon.core.webui.keyword.WebUiBuiltInKeywords.getAttribute(com.kms.katalon.core.testobject.ObjectRepository.findTestObject(PharmacyRequest/Page_Store/input_txtprice), "value"): Attribute 'value' of object 'Object Repository/PharmacyRequest/Page_Store/input_txtprice' is: '1960'

2018-06-09 20:27:06 - [MESSAGE][PASSED] - Attribute 'value' of object 'Object Repository/PharmacyRequest/Page_Store/input_txtprice' is: '1960'

2018-06-09 20:27:06 - [TEST_STEP][PASSED] - Statement - out.println("Stock QTY : " + StockQty): null

2018-06-09 20:27:06 - [TEST_STEP][PASSED] - delay: Delayed 1 second(s)

2018-06-09 20:27:07 - [MESSAGE][PASSED] - Delayed 1 second(s)

2018-06-09 20:27:07 - [TEST_STEP][PASSED] - Statement - If (java.lang.Integer.valueOf(StockQty) >= java.lang.Integer.valueOf(RequestedQty)): null

2018-06-09 20:27:07 - [TEST_STEP][PASSED] - setText: Text '10' is set on object 'Object Repository/PharmacyRequest/Page_Store/input_txtqty'

2018-06-09 20:27:07 - [MESSAGE][PASSED] - Text '10' is set on object 'Object Repository/PharmacyRequest/Page_Store/input_txtqty'

2018-06-09 20:27:07 - [TEST_STEP][PASSED] - click: Object: 'Object Repository/PharmacyRequest/Page_Store/button_Add' is clicked on

2018-06-09 20:27:07 - [MESSAGE][PASSED] - Object: 'Object Repository/PharmacyRequest/Page_Store/button_Add' is clicked on

2018-06-09 20:27:07 - [TEST_STEP][PASSED] - Statement - Break: null

2018-06-09 20:27:07 - [TEST_STEP][PASSED] - selectOptionByIndex: All options with index in [13] are selected on object 'Object Repository/PharmacyRequest/Page_Store/select_--Select--Amlodepin -5'

2018-06-09 20:27:07 - [MESSAGE][PASSED] - All options with index in [13] are selected on object 'Object Repository/PharmacyRequest/Page_Store/select_--Select--Amlodepin -5'

2018-06-09 20:27:07 - [TEST_STEP][PASSED] - delay: Delayed 1 second(s)

2018-06-09 20:27:08 - [MESSAGE][PASSED] - Delayed 1 second(s)

2018-06-09 20:27:08 - [TEST_STEP][PASSED] - Statement - RequestedQty = com.kms.katalon.core.webui.keyword.WebUiBuiltInKeywords.getAttribute(com.kms.katalon.core.testobject.ObjectRepository.findTestObject(PharmacyRequest/Page_Store/input_txttotal), "value"): Attribute 'value' of object 'Object Repository/PharmacyRequest/Page_Store/input_txttotal' is: '10'

2018-06-09 20:27:08 - [MESSAGE][PASSED] - Attribute 'value' of object 'Object Repository/PharmacyRequest/Page_Store/input_txttotal' is: '10'

2018-06-09 20:27:08 - [TEST_STEP][PASSED] - Statement - out.println("Requested QTY : " + RequestedQty): null

2018-06-09 20:27:08 - [TEST_STEP][PASSED] - Statement - BatchNumber = com.kms.katalon.core.webui.keyword.WebUiBuiltInKeywords.getNumberOfTotalOption(com.kms.katalon.core.testobject.ObjectRepository.findTestObject(PharmacyRequest/Page_Store/select_--Select--BA50)): 3 options of object 'Object Repository/PharmacyRequest/Page_Store/select_--Select--BA50' counted

2018-06-09 20:27:08 - [MESSAGE][PASSED] - 3 options of object 'Object Repository/PharmacyRequest/Page_Store/select_--Select--BA50' counted

2018-06-09 20:27:08 - [TEST_STEP][PASSED] - Statement - For ([g = 1, g <= BatchNumber - 1, (g++)]): null

2018-06-09 20:27:08 - [TEST_STEP][PASSED] - selectOptionByIndex: All options with index in [1] are selected on object 'Object Repository/PharmacyRequest/Page_Store/select_--Select--BA50'

2018-06-09 20:27:08 - [MESSAGE][PASSED] - All options with index in [1] are selected on object 'Object Repository/PharmacyRequest/Page_Store/select_--Select--BA50'

2018-06-09 20:27:08 - [TEST_STEP][PASSED] - delay: Delayed 1 second(s)

2018-06-09 20:27:09 - [MESSAGE][PASSED] - Delayed 1 second(s)

2018-06-09 20:27:09 - [TEST_STEP][PASSED] - Statement - StockQty = com.kms.katalon.core.webui.keyword.WebUiBuiltInKeywords.getAttribute(com.kms.katalon.core.testobject.ObjectRepository.findTestObject(PharmacyRequest/Page_Store/input_txtprice), "value"): Attribute 'value' of object 'Object Repository/PharmacyRequest/Page_Store/input_txtprice' is: '940'

2018-06-09 20:27:09 - [MESSAGE][PASSED] - Attribute 'value' of object 'Object Repository/PharmacyRequest/Page_Store/input_txtprice' is: '940'

2018-06-09 20:27:09 - [TEST_STEP][PASSED] - Statement - out.println("Stock QTY : " + StockQty): null

2018-06-09 20:27:09 - [TEST_STEP][PASSED] - delay: Delayed 1 second(s)

2018-06-09 20:27:10 - [MESSAGE][PASSED] - Delayed 1 second(s)

2018-06-09 20:27:10 - [TEST_STEP][PASSED] - Statement - If (java.lang.Integer.valueOf(StockQty) >= java.lang.Integer.valueOf(RequestedQty)): null

2018-06-09 20:27:10 - [TEST_STEP][PASSED] - setText: Text '10' is set on object 'Object Repository/PharmacyRequest/Page_Store/input_txtqty'

2018-06-09 20:27:10 - [MESSAGE][PASSED] - Text '10' is set on object 'Object Repository/PharmacyRequest/Page_Store/input_txtqty'

2018-06-09 20:27:10 - [TEST_STEP][PASSED] - click: Object: 'Object Repository/PharmacyRequest/Page_Store/button_Add' is clicked on

2018-06-09 20:27:10 - [MESSAGE][PASSED] - Object: 'Object Repository/PharmacyRequest/Page_Store/button_Add' is clicked on

2018-06-09 20:27:10 - [TEST_STEP][PASSED] - Statement - Break: null

2018-06-09 20:27:10 - [TEST_STEP][PASSED] - selectOptionByIndex: All options with index in [14] are selected on object 'Object Repository/PharmacyRequest/Page_Store/select_--Select--Amlodepin -5'

2018-06-09 20:27:11 - [MESSAGE][PASSED] - All options with index in [14] are selected on object 'Object Repository/PharmacyRequest/Page_Store/select_--Select--Amlodepin -5'

2018-06-09 20:27:11 - [TEST_STEP][PASSED] - delay: Delayed 1 second(s)

2018-06-09 20:27:12 - [MESSAGE][PASSED] - Delayed 1 second(s)

2018-06-09 20:27:12 - [TEST_STEP][PASSED] - Statement - RequestedQty = com.kms.katalon.core.webui.keyword.WebUiBuiltInKeywords.getAttribute(com.kms.katalon.core.testobject.ObjectRepository.findTestObject(PharmacyRequest/Page_Store/input_txttotal), "value"): Attribute 'value' of object 'Object Repository/PharmacyRequest/Page_Store/input_txttotal' is: '10'

2018-06-09 20:27:12 - [MESSAGE][PASSED] - Attribute 'value' of object 'Object Repository/PharmacyRequest/Page_Store/input_txttotal' is: '10'

2018-06-09 20:27:12 - [TEST_STEP][PASSED] - Statement - out.println("Requested QTY : " + RequestedQty): null

2018-06-09 20:27:12 - [TEST_STEP][PASSED] - Statement - BatchNumber = com.kms.katalon.core.webui.keyword.WebUiBuiltInKeywords.getNumberOfTotalOption(com.kms.katalon.core.testobject.ObjectRepository.findTestObject(PharmacyRequest/Page_Store/select_--Select--BA50)): 3 options of object 'Object Repository/PharmacyRequest/Page_Store/select_--Select--BA50' counted

2018-06-09 20:27:12 - [MESSAGE][PASSED] - 3 options of object 'Object Repository/PharmacyRequest/Page_Store/select_--Select--BA50' counted

2018-06-09 20:27:12 - [TEST_STEP][PASSED] - Statement - For ([g = 1, g <= BatchNumber - 1, (g++)]): null

2018-06-09 20:27:12 - [TEST_STEP][PASSED] - selectOptionByIndex: All options with index in [1] are selected on object 'Object Repository/PharmacyRequest/Page_Store/select_--Select--BA50'

2018-06-09 20:27:12 - [MESSAGE][PASSED] - All options with index in [1] are selected on object 'Object Repository/PharmacyRequest/Page_Store/select_--Select--BA50'

2018-06-09 20:27:12 - [TEST_STEP][PASSED] - delay: Delayed 1 second(s)

2018-06-09 20:27:13 - [MESSAGE][PASSED] - Delayed 1 second(s)

2018-06-09 20:27:13 - [TEST_STEP][PASSED] - Statement - StockQty = com.kms.katalon.core.webui.keyword.WebUiBuiltInKeywords.getAttribute(com.kms.katalon.core.testobject.ObjectRepository.findTestObject(PharmacyRequest/Page_Store/input_txtprice), "value"): Attribute 'value' of object 'Object Repository/PharmacyRequest/Page_Store/input_txtprice' is: '1860'

2018-06-09 20:27:13 - [MESSAGE][PASSED] - Attribute 'value' of object 'Object Repository/PharmacyRequest/Page_Store/input_txtprice' is: '1860'

2018-06-09 20:27:13 - [TEST_STEP][PASSED] - Statement - out.println("Stock QTY : " + StockQty): null

2018-06-09 20:27:13 - [TEST_STEP][PASSED] - delay: Delayed 1 second(s)

2018-06-09 20:27:14 - [MESSAGE][PASSED] - Delayed 1 second(s)

2018-06-09 20:27:14 - [TEST_STEP][PASSED] - Statement - If (java.lang.Integer.valueOf(StockQty) >= java.lang.Integer.valueOf(RequestedQty)): null

2018-06-09 20:27:14 - [TEST_STEP][PASSED] - setText: Text '10' is set on object 'Object Repository/PharmacyRequest/Page_Store/input_txtqty'

2018-06-09 20:27:14 - [MESSAGE][PASSED] - Text '10' is set on object 'Object Repository/PharmacyRequest/Page_Store/input_txtqty'

2018-06-09 20:27:14 - [TEST_STEP][PASSED] - click: Object: 'Object Repository/PharmacyRequest/Page_Store/button_Add' is clicked on

2018-06-09 20:27:14 - [MESSAGE][PASSED] - Object: 'Object Repository/PharmacyRequest/Page_Store/button_Add' is clicked on

2018-06-09 20:27:14 - [TEST_STEP][PASSED] - Statement - Break: null

2018-06-09 20:27:14 - [TEST_STEP][PASSED] - selectOptionByIndex: All options with index in [15] are selected on object 'Object Repository/PharmacyRequest/Page_Store/select_--Select--Amlodepin -5'

2018-06-09 20:27:14 - [MESSAGE][PASSED] - All options with index in [15] are selected on object 'Object Repository/PharmacyRequest/Page_Store/select_--Select--Amlodepin -5'

2018-06-09 20:27:14 - [TEST_STEP][PASSED] - delay: Delayed 1 second(s)

2018-06-09 20:27:15 - [MESSAGE][PASSED] - Delayed 1 second(s)

2018-06-09 20:27:15 - [TEST_STEP][PASSED] - Statement - RequestedQty = com.kms.katalon.core.webui.keyword.WebUiBuiltInKeywords.getAttribute(com.kms.katalon.core.testobject.ObjectRepository.findTestObject(PharmacyRequest/Page_Store/input_txttotal), "value"): Attribute 'value' of object 'Object Repository/PharmacyRequest/Page_Store/input_txttotal' is: '10'

2018-06-09 20:27:15 - [MESSAGE][PASSED] - Attribute 'value' of object 'Object Repository/PharmacyRequest/Page_Store/input_txttotal' is: '10'

2018-06-09 20:27:15 - [TEST_STEP][PASSED] - Statement - out.println("Requested QTY : " + RequestedQty): null

2018-06-09 20:27:15 - [TEST_STEP][PASSED] - Statement - BatchNumber = com.kms.katalon.core.webui.keyword.WebUiBuiltInKeywords.getNumberOfTotalOption(com.kms.katalon.core.testobject.ObjectRepository.findTestObject(PharmacyRequest/Page_Store/select_--Select--BA50)): 4 options of object 'Object Repository/PharmacyRequest/Page_Store/select_--Select--BA50' counted

2018-06-09 20:27:15 - [MESSAGE][PASSED] - 4 options of object 'Object Repository/PharmacyRequest/Page_Store/select_--Select--BA50' counted

2018-06-09 20:27:15 - [TEST_STEP][PASSED] - Statement - For ([g = 1, g <= BatchNumber - 1, (g++)]): null

2018-06-09 20:27:15 - [TEST_STEP][PASSED] - selectOptionByIndex: All options with index in [1] are selected on object 'Object Repository/PharmacyRequest/Page_Store/select_--Select--BA50'

2018-06-09 20:27:16 - [MESSAGE][PASSED] - All options with index in [1] are selected on object 'Object Repository/PharmacyRequest/Page_Store/select_--Select--BA50'

2018-06-09 20:27:16 - [TEST_STEP][PASSED] - delay: Delayed 1 second(s)

2018-06-09 20:27:17 - [MESSAGE][PASSED] - Delayed 1 second(s)

2018-06-09 20:27:17 - [TEST_STEP][PASSED] - Statement - StockQty = com.kms.katalon.core.webui.keyword.WebUiBuiltInKeywords.getAttribute(com.kms.katalon.core.testobject.ObjectRepository.findTestObject(PharmacyRequest/Page_Store/input_txtprice), "value"): Attribute 'value' of object 'Object Repository/PharmacyRequest/Page_Store/input_txtprice' is: '950'

2018-06-09 20:27:17 - [MESSAGE][PASSED] - Attribute 'value' of object 'Object Repository/PharmacyRequest/Page_Store/input_txtprice' is: '950'

2018-06-09 20:27:17 - [TEST_STEP][PASSED] - Statement - out.println("Stock QTY : " + StockQty): null

2018-06-09 20:27:17 - [TEST_STEP][PASSED] - delay: Delayed 1 second(s)

2018-06-09 20:27:18 - [MESSAGE][PASSED] - Delayed 1 second(s)

2018-06-09 20:27:18 - [TEST_STEP][PASSED] - Statement - If (java.lang.Integer.valueOf(StockQty) >= java.lang.Integer.valueOf(RequestedQty)): null

2018-06-09 20:27:18 - [TEST_STEP][PASSED] - setText: Text '10' is set on object 'Object Repository/PharmacyRequest/Page_Store/input_txtqty'

2018-06-09 20:27:18 - [MESSAGE][PASSED] - Text '10' is set on object 'Object Repository/PharmacyRequest/Page_Store/input_txtqty'

2018-06-09 20:27:18 - [TEST_STEP][PASSED] - click: Object: 'Object Repository/PharmacyRequest/Page_Store/button_Add' is clicked on

2018-06-09 20:27:18 - [MESSAGE][PASSED] - Object: 'Object Repository/PharmacyRequest/Page_Store/button_Add' is clicked on

2018-06-09 20:27:18 - [TEST_STEP][PASSED] - Statement - Break: null

2018-06-09 20:27:18 - [TEST_STEP][PASSED] - selectOptionByIndex: All options with index in [16] are selected on object 'Object Repository/PharmacyRequest/Page_Store/select_--Select--Amlodepin -5'

2018-06-09 20:27:18 - [MESSAGE][PASSED] - All options with index in [16] are selected on object 'Object Repository/PharmacyRequest/Page_Store/select_--Select--Amlodepin -5'

2018-06-09 20:27:18 - [TEST_STEP][PASSED] - delay: Delayed 1 second(s)

2018-06-09 20:27:19 - [MESSAGE][PASSED] - Delayed 1 second(s)

2018-06-09 20:27:19 - [TEST_STEP][PASSED] - Statement - RequestedQty = com.kms.katalon.core.webui.keyword.WebUiBuiltInKeywords.getAttribute(com.kms.katalon.core.testobject.ObjectRepository.findTestObject(PharmacyRequest/Page_Store/input_txttotal), "value"): Attribute 'value' of object 'Object Repository/PharmacyRequest/Page_Store/input_txttotal' is: '10'

2018-06-09 20:27:19 - [MESSAGE][PASSED] - Attribute 'value' of object 'Object Repository/PharmacyRequest/Page_Store/input_txttotal' is: '10'

2018-06-09 20:27:19 - [TEST_STEP][PASSED] - Statement - out.println("Requested QTY : " + RequestedQty): null

2018-06-09 20:27:19 - [TEST_STEP][PASSED] - Statement - BatchNumber = com.kms.katalon.core.webui.keyword.WebUiBuiltInKeywords.getNumberOfTotalOption(com.kms.katalon.core.testobject.ObjectRepository.findTestObject(PharmacyRequest/Page_Store/select_--Select--BA50)): 4 options of object 'Object Repository/PharmacyRequest/Page_Store/select_--Select--BA50' counted

2018-06-09 20:27:19 - [MESSAGE][PASSED] - 4 options of object 'Object Repository/PharmacyRequest/Page_Store/select_--Select--BA50' counted

2018-06-09 20:27:19 - [TEST_STEP][PASSED] - Statement - For ([g = 1, g <= BatchNumber - 1, (g++)]): null

2018-06-09 20:27:19 - [TEST_STEP][PASSED] - selectOptionByIndex: All options with index in [1] are selected on object 'Object Repository/PharmacyRequest/Page_Store/select_--Select--BA50'

2018-06-09 20:27:19 - [MESSAGE][PASSED] - All options with index in [1] are selected on object 'Object Repository/PharmacyRequest/Page_Store/select_--Select--BA50'

2018-06-09 20:27:19 - [TEST_STEP][PASSED] - delay: Delayed 1 second(s)

2018-06-09 20:27:20 - [MESSAGE][PASSED] - Delayed 1 second(s)

2018-06-09 20:27:20 - [TEST_STEP][PASSED] - Statement - StockQty = com.kms.katalon.core.webui.keyword.WebUiBuiltInKeywords.getAttribute(com.kms.katalon.core.testobject.ObjectRepository.findTestObject(PharmacyRequest/Page_Store/input_txtprice), "value"): Attribute 'value' of object 'Object Repository/PharmacyRequest/Page_Store/input_txtprice' is: '210'

2018-06-09 20:27:20 - [MESSAGE][PASSED] - Attribute 'value' of object 'Object Repository/PharmacyRequest/Page_Store/input_txtprice' is: '210'

2018-06-09 20:27:20 - [TEST_STEP][PASSED] - Statement - out.println("Stock QTY : " + StockQty): null

2018-06-09 20:27:20 - [TEST_STEP][PASSED] - delay: Delayed 1 second(s)

2018-06-09 20:27:21 - [MESSAGE][PASSED] - Delayed 1 second(s)

2018-06-09 20:27:21 - [TEST_STEP][PASSED] - Statement - If (java.lang.Integer.valueOf(StockQty) >= java.lang.Integer.valueOf(RequestedQty)): null

2018-06-09 20:27:21 - [TEST_STEP][PASSED] - setText: Text '10' is set on object 'Object Repository/PharmacyRequest/Page_Store/input_txtqty'

2018-06-09 20:27:21 - [MESSAGE][PASSED] - Text '10' is set on object 'Object Repository/PharmacyRequest/Page_Store/input_txtqty'

2018-06-09 20:27:21 - [TEST_STEP][PASSED] - click: Object: 'Object Repository/PharmacyRequest/Page_Store/button_Add' is clicked on

2018-06-09 20:27:21 - [MESSAGE][PASSED] - Object: 'Object Repository/PharmacyRequest/Page_Store/button_Add' is clicked on

2018-06-09 20:27:21 - [TEST_STEP][PASSED] - Statement - Break: null

2018-06-09 20:27:21 - [TEST_STEP][PASSED] - selectOptionByIndex: All options with index in [17] are selected on object 'Object Repository/PharmacyRequest/Page_Store/select_--Select--Amlodepin -5'

2018-06-09 20:27:22 - [MESSAGE][PASSED] - All options with index in [17] are selected on object 'Object Repository/PharmacyRequest/Page_Store/select_--Select--Amlodepin -5'

2018-06-09 20:27:22 - [TEST_STEP][PASSED] - delay: Delayed 1 second(s)

2018-06-09 20:27:23 - [MESSAGE][PASSED] - Delayed 1 second(s)

2018-06-09 20:27:23 - [TEST_STEP][PASSED] - Statement - RequestedQty = com.kms.katalon.core.webui.keyword.WebUiBuiltInKeywords.getAttribute(com.kms.katalon.core.testobject.ObjectRepository.findTestObject(PharmacyRequest/Page_Store/input_txttotal), "value"): Attribute 'value' of object 'Object Repository/PharmacyRequest/Page_Store/input_txttotal' is: '10'

2018-06-09 20:27:23 - [MESSAGE][PASSED] - Attribute 'value' of object 'Object Repository/PharmacyRequest/Page_Store/input_txttotal' is: '10'

2018-06-09 20:27:23 - [TEST_STEP][PASSED] - Statement - out.println("Requested QTY : " + RequestedQty): null

2018-06-09 20:27:23 - [TEST_STEP][PASSED] - Statement - BatchNumber = com.kms.katalon.core.webui.keyword.WebUiBuiltInKeywords.getNumberOfTotalOption(com.kms.katalon.core.testobject.ObjectRepository.findTestObject(PharmacyRequest/Page_Store/select_--Select--BA50)): 3 options of object 'Object Repository/PharmacyRequest/Page_Store/select_--Select--BA50' counted

2018-06-09 20:27:23 - [MESSAGE][PASSED] - 3 options of object 'Object Repository/PharmacyRequest/Page_Store/select_--Select--BA50' counted

2018-06-09 20:27:23 - [TEST_STEP][PASSED] - Statement - For ([g = 1, g <= BatchNumber - 1, (g++)]): null

2018-06-09 20:27:23 - [TEST_STEP][PASSED] - selectOptionByIndex: All options with index in [1] are selected on object 'Object Repository/PharmacyRequest/Page_Store/select_--Select--BA50'

2018-06-09 20:27:23 - [MESSAGE][PASSED] - All options with index in [1] are selected on object 'Object Repository/PharmacyRequest/Page_Store/select_--Select--BA50'

2018-06-09 20:27:23 - [TEST_STEP][PASSED] - delay: Delayed 1 second(s)

2018-06-09 20:27:24 - [MESSAGE][PASSED] - Delayed 1 second(s)

2018-06-09 20:27:24 - [TEST_STEP][PASSED] - Statement - StockQty = com.kms.katalon.core.webui.keyword.WebUiBuiltInKeywords.getAttribute(com.kms.katalon.core.testobject.ObjectRepository.findTestObject(PharmacyRequest/Page_Store/input_txtprice), "value"): Attribute 'value' of object 'Object Repository/PharmacyRequest/Page_Store/input_txtprice' is: '940'

2018-06-09 20:27:24 - [MESSAGE][PASSED] - Attribute 'value' of object 'Object Repository/PharmacyRequest/Page_Store/input_txtprice' is: '940'

2018-06-09 20:27:24 - [TEST_STEP][PASSED] - Statement - out.println("Stock QTY : " + StockQty): null

2018-06-09 20:27:24 - [TEST_STEP][PASSED] - delay: Delayed 1 second(s)

2018-06-09 20:27:25 - [MESSAGE][PASSED] - Delayed 1 second(s)

2018-06-09 20:27:25 - [TEST_STEP][PASSED] - Statement - If (java.lang.Integer.valueOf(StockQty) >= java.lang.Integer.valueOf(RequestedQty)): null

2018-06-09 20:27:25 - [TEST_STEP][PASSED] - setText: Text '10' is set on object 'Object Repository/PharmacyRequest/Page_Store/input_txtqty'

2018-06-09 20:27:25 - [MESSAGE][PASSED] - Text '10' is set on object 'Object Repository/PharmacyRequest/Page_Store/input_txtqty'

2018-06-09 20:27:25 - [TEST_STEP][PASSED] - click: Object: 'Object Repository/PharmacyRequest/Page_Store/button_Add' is clicked on

2018-06-09 20:27:25 - [MESSAGE][PASSED] - Object: 'Object Repository/PharmacyRequest/Page_Store/button_Add' is clicked on

2018-06-09 20:27:25 - [TEST_STEP][PASSED] - Statement - Break: null

2018-06-09 20:27:25 - [TEST_STEP][PASSED] - selectOptionByIndex: All options with index in [18] are selected on object 'Object Repository/PharmacyRequest/Page_Store/select_--Select--Amlodepin -5'

2018-06-09 20:27:25 - [MESSAGE][PASSED] - All options with index in [18] are selected on object 'Object Repository/PharmacyRequest/Page_Store/select_--Select--Amlodepin -5'

2018-06-09 20:27:25 - [TEST_STEP][PASSED] - delay: Delayed 1 second(s)

2018-06-09 20:27:26 - [MESSAGE][PASSED] - Delayed 1 second(s)

2018-06-09 20:27:26 - [TEST_STEP][PASSED] - Statement - RequestedQty = com.kms.katalon.core.webui.keyword.WebUiBuiltInKeywords.getAttribute(com.kms.katalon.core.testobject.ObjectRepository.findTestObject(PharmacyRequest/Page_Store/input_txttotal), "value"): Attribute 'value' of object 'Object Repository/PharmacyRequest/Page_Store/input_txttotal' is: '10'

2018-06-09 20:27:26 - [MESSAGE][PASSED] - Attribute 'value' of object 'Object Repository/PharmacyRequest/Page_Store/input_txttotal' is: '10'

2018-06-09 20:27:26 - [TEST_STEP][PASSED] - Statement - out.println("Requested QTY : " + RequestedQty): null

2018-06-09 20:27:26 - [TEST_STEP][PASSED] - Statement - BatchNumber = com.kms.katalon.core.webui.keyword.WebUiBuiltInKeywords.getNumberOfTotalOption(com.kms.katalon.core.testobject.ObjectRepository.findTestObject(PharmacyRequest/Page_Store/select_--Select--BA50)): 4 options of object 'Object Repository/PharmacyRequest/Page_Store/select_--Select--BA50' counted

2018-06-09 20:27:26 - [MESSAGE][PASSED] - 4 options of object 'Object Repository/PharmacyRequest/Page_Store/select_--Select--BA50' counted

2018-06-09 20:27:26 - [TEST_STEP][PASSED] - Statement - For ([g = 1, g <= BatchNumber - 1, (g++)]): null

2018-06-09 20:27:26 - [TEST_STEP][PASSED] - selectOptionByIndex: All options with index in [1] are selected on object 'Object Repository/PharmacyRequest/Page_Store/select_--Select--BA50'

2018-06-09 20:27:27 - [MESSAGE][PASSED] - All options with index in [1] are selected on object 'Object Repository/PharmacyRequest/Page_Store/select_--Select--BA50'

2018-06-09 20:27:27 - [TEST_STEP][PASSED] - delay: Delayed 1 second(s)

2018-06-09 20:27:28 - [MESSAGE][PASSED] - Delayed 1 second(s)

2018-06-09 20:27:28 - [TEST_STEP][PASSED] - Statement - StockQty = com.kms.katalon.core.webui.keyword.WebUiBuiltInKeywords.getAttribute(com.kms.katalon.core.testobject.ObjectRepository.findTestObject(PharmacyRequest/Page_Store/input_txtprice), "value"): Attribute 'value' of object 'Object Repository/PharmacyRequest/Page_Store/input_txtprice' is: '210'

2018-06-09 20:27:28 - [MESSAGE][PASSED] - Attribute 'value' of object 'Object Repository/PharmacyRequest/Page_Store/input_txtprice' is: '210'

2018-06-09 20:27:28 - [TEST_STEP][PASSED] - Statement - out.println("Stock QTY : " + StockQty): null

2018-06-09 20:27:28 - [TEST_STEP][PASSED] - delay: Delayed 1 second(s)

2018-06-09 20:27:29 - [MESSAGE][PASSED] - Delayed 1 second(s)

2018-06-09 20:27:29 - [TEST_STEP][PASSED] - Statement - If (java.lang.Integer.valueOf(StockQty) >= java.lang.Integer.valueOf(RequestedQty)): null

2018-06-09 20:27:29 - [TEST_STEP][PASSED] - setText: Text '10' is set on object 'Object Repository/PharmacyRequest/Page_Store/input_txtqty'

2018-06-09 20:27:29 - [MESSAGE][PASSED] - Text '10' is set on object 'Object Repository/PharmacyRequest/Page_Store/input_txtqty'

2018-06-09 20:27:29 - [TEST_STEP][PASSED] - click: Object: 'Object Repository/PharmacyRequest/Page_Store/button_Add' is clicked on

2018-06-09 20:27:29 - [MESSAGE][PASSED] - Object: 'Object Repository/PharmacyRequest/Page_Store/button_Add' is clicked on

2018-06-09 20:27:29 - [TEST_STEP][PASSED] - Statement - Break: null

2018-06-09 20:27:29 - [TEST_STEP][PASSED] - selectOptionByIndex: All options with index in [19] are selected on object 'Object Repository/PharmacyRequest/Page_Store/select_--Select--Amlodepin -5'

2018-06-09 20:27:29 - [MESSAGE][PASSED] - All options with index in [19] are selected on object 'Object Repository/PharmacyRequest/Page_Store/select_--Select--Amlodepin -5'

2018-06-09 20:27:29 - [TEST_STEP][PASSED] - delay: Delayed 1 second(s)

2018-06-09 20:27:30 - [MESSAGE][PASSED] - Delayed 1 second(s)

2018-06-09 20:27:30 - [TEST_STEP][PASSED] - Statement - RequestedQty = com.kms.katalon.core.webui.keyword.WebUiBuiltInKeywords.getAttribute(com.kms.katalon.core.testobject.ObjectRepository.findTestObject(PharmacyRequest/Page_Store/input_txttotal), "value"): Attribute 'value' of object 'Object Repository/PharmacyRequest/Page_Store/input_txttotal' is: '10'

2018-06-09 20:27:30 - [MESSAGE][PASSED] - Attribute 'value' of object 'Object Repository/PharmacyRequest/Page_Store/input_txttotal' is: '10'

2018-06-09 20:27:30 - [TEST_STEP][PASSED] - Statement - out.println("Requested QTY : " + RequestedQty): null

2018-06-09 20:27:30 - [TEST_STEP][PASSED] - Statement - BatchNumber = com.kms.katalon.core.webui.keyword.WebUiBuiltInKeywords.getNumberOfTotalOption(com.kms.katalon.core.testobject.ObjectRepository.findTestObject(PharmacyRequest/Page_Store/select_--Select--BA50)): 5 options of object 'Object Repository/PharmacyRequest/Page_Store/select_--Select--BA50' counted

2018-06-09 20:27:30 - [MESSAGE][PASSED] - 5 options of object 'Object Repository/PharmacyRequest/Page_Store/select_--Select--BA50' counted

2018-06-09 20:27:30 - [TEST_STEP][PASSED] - Statement - For ([g = 1, g <= BatchNumber - 1, (g++)]): null

2018-06-09 20:27:30 - [TEST_STEP][PASSED] - selectOptionByIndex: All options with index in [1] are selected on object 'Object Repository/PharmacyRequest/Page_Store/select_--Select--BA50'

2018-06-09 20:27:30 - [MESSAGE][PASSED] - All options with index in [1] are selected on object 'Object Repository/PharmacyRequest/Page_Store/select_--Select--BA50'

2018-06-09 20:27:30 - [TEST_STEP][PASSED] - delay: Delayed 1 second(s)

2018-06-09 20:27:31 - [MESSAGE][PASSED] - Delayed 1 second(s)

2018-06-09 20:27:31 - [TEST_STEP][PASSED] - Statement - StockQty = com.kms.katalon.core.webui.keyword.WebUiBuiltInKeywords.getAttribute(com.kms.katalon.core.testobject.ObjectRepository.findTestObject(PharmacyRequest/Page_Store/input_txtprice), "value"): Attribute 'value' of object 'Object Repository/PharmacyRequest/Page_Store/input_txtprice' is: '210'

2018-06-09 20:27:31 - [MESSAGE][PASSED] - Attribute 'value' of object 'Object Repository/PharmacyRequest/Page_Store/input_txtprice' is: '210'

2018-06-09 20:27:31 - [TEST_STEP][PASSED] - Statement - out.println("Stock QTY : " + StockQty): null

2018-06-09 20:27:31 - [TEST_STEP][PASSED] - delay: Delayed 1 second(s)

2018-06-09 20:27:32 - [MESSAGE][PASSED] - Delayed 1 second(s)

2018-06-09 20:27:32 - [TEST_STEP][PASSED] - Statement - If (java.lang.Integer.valueOf(StockQty) >= java.lang.Integer.valueOf(RequestedQty)): null

2018-06-09 20:27:32 - [TEST_STEP][PASSED] - setText: Text '10' is set on object 'Object Repository/PharmacyRequest/Page_Store/input_txtqty'

2018-06-09 20:27:32 - [MESSAGE][PASSED] - Text '10' is set on object 'Object Repository/PharmacyRequest/Page_Store/input_txtqty'

2018-06-09 20:27:32 - [TEST_STEP][PASSED] - click: Object: 'Object Repository/PharmacyRequest/Page_Store/button_Add' is clicked on

2018-06-09 20:27:32 - [MESSAGE][PASSED] - Object: 'Object Repository/PharmacyRequest/Page_Store/button_Add' is clicked on

2018-06-09 20:27:32 - [TEST_STEP][PASSED] - Statement - Break: null

2018-06-09 20:27:32 - [TEST_STEP][PASSED] - selectOptionByIndex: All options with index in [20] are selected on object 'Object Repository/PharmacyRequest/Page_Store/select_--Select--Amlodepin -5'

2018-06-09 20:27:33 - [MESSAGE][PASSED] - All options with index in [20] are selected on object 'Object Repository/PharmacyRequest/Page_Store/select_--Select--Amlodepin -5'

2018-06-09 20:27:33 - [TEST_STEP][PASSED] - delay: Delayed 1 second(s)

2018-06-09 20:27:34 - [MESSAGE][PASSED] - Delayed 1 second(s)

2018-06-09 20:27:34 - [TEST_STEP][PASSED] - Statement - RequestedQty = com.kms.katalon.core.webui.keyword.WebUiBuiltInKeywords.getAttribute(com.kms.katalon.core.testobject.ObjectRepository.findTestObject(PharmacyRequest/Page_Store/input_txttotal), "value"): Attribute 'value' of object 'Object Repository/PharmacyRequest/Page_Store/input_txttotal' is: '10'

2018-06-09 20:27:34 - [MESSAGE][PASSED] - Attribute 'value' of object 'Object Repository/PharmacyRequest/Page_Store/input_txttotal' is: '10'

2018-06-09 20:27:34 - [TEST_STEP][PASSED] - Statement - out.println("Requested QTY : " + RequestedQty): null

2018-06-09 20:27:34 - [TEST_STEP][PASSED] - Statement - BatchNumber = com.kms.katalon.core.webui.keyword.WebUiBuiltInKeywords.getNumberOfTotalOption(com.kms.katalon.core.testobject.ObjectRepository.findTestObject(PharmacyRequest/Page_Store/select_--Select--BA50)): 3 options of object 'Object Repository/PharmacyRequest/Page_Store/select_--Select--BA50' counted

2018-06-09 20:27:34 - [MESSAGE][PASSED] - 3 options of object 'Object Repository/PharmacyRequest/Page_Store/select_--Select--BA50' counted

2018-06-09 20:27:34 - [TEST_STEP][PASSED] - Statement - For ([g = 1, g <= BatchNumber - 1, (g++)]): null

2018-06-09 20:27:34 - [TEST_STEP][PASSED] - selectOptionByIndex: All options with index in [1] are selected on object 'Object Repository/PharmacyRequest/Page_Store/select_--Select--BA50'

2018-06-09 20:27:34 - [MESSAGE][PASSED] - All options with index in [1] are selected on object 'Object Repository/PharmacyRequest/Page_Store/select_--Select--BA50'

2018-06-09 20:27:34 - [TEST_STEP][PASSED] - delay: Delayed 1 second(s)

2018-06-09 20:27:35 - [MESSAGE][PASSED] - Delayed 1 second(s)

2018-06-09 20:27:35 - [TEST_STEP][PASSED] - Statement - StockQty = com.kms.katalon.core.webui.keyword.WebUiBuiltInKeywords.getAttribute(com.kms.katalon.core.testobject.ObjectRepository.findTestObject(PharmacyRequest/Page_Store/input_txtprice), "value"): Attribute 'value' of object 'Object Repository/PharmacyRequest/Page_Store/input_txtprice' is: '210'

2018-06-09 20:27:35 - [MESSAGE][PASSED] - Attribute 'value' of object 'Object Repository/PharmacyRequest/Page_Store/input_txtprice' is: '210'

2018-06-09 20:27:35 - [TEST_STEP][PASSED] - Statement - out.println("Stock QTY : " + StockQty): null

2018-06-09 20:27:35 - [TEST_STEP][PASSED] - delay: Delayed 1 second(s)

2018-06-09 20:27:36 - [MESSAGE][PASSED] - Delayed 1 second(s)

2018-06-09 20:27:36 - [TEST_STEP][PASSED] - Statement - If (java.lang.Integer.valueOf(StockQty) >= java.lang.Integer.valueOf(RequestedQty)): null

2018-06-09 20:27:36 - [TEST_STEP][PASSED] - setText: Text '10' is set on object 'Object Repository/PharmacyRequest/Page_Store/input_txtqty'

2018-06-09 20:27:36 - [MESSAGE][PASSED] - Text '10' is set on object 'Object Repository/PharmacyRequest/Page_Store/input_txtqty'

2018-06-09 20:27:36 - [TEST_STEP][PASSED] - click: Object: 'Object Repository/PharmacyRequest/Page_Store/button_Add' is clicked on

2018-06-09 20:27:36 - [MESSAGE][PASSED] - Object: 'Object Repository/PharmacyRequest/Page_Store/button_Add' is clicked on

2018-06-09 20:27:36 - [TEST_STEP][PASSED] - Statement - Break: null

2018-06-09 20:27:36 - [TEST_STEP][PASSED] - selectOptionByIndex: All options with index in [21] are selected on object 'Object Repository/PharmacyRequest/Page_Store/select_--Select--Amlodepin -5'

2018-06-09 20:27:36 - [MESSAGE][PASSED] - All options with index in [21] are selected on object 'Object Repository/PharmacyRequest/Page_Store/select_--Select--Amlodepin -5'

2018-06-09 20:27:36 - [TEST_STEP][PASSED] - delay: Delayed 1 second(s)

2018-06-09 20:27:37 - [MESSAGE][PASSED] - Delayed 1 second(s)

2018-06-09 20:27:37 - [TEST_STEP][PASSED] - Statement - RequestedQty = com.kms.katalon.core.webui.keyword.WebUiBuiltInKeywords.getAttribute(com.kms.katalon.core.testobject.ObjectRepository.findTestObject(PharmacyRequest/Page_Store/input_txttotal), "value"): Attribute 'value' of object 'Object Repository/PharmacyRequest/Page_Store/input_txttotal' is: '10'

2018-06-09 20:27:37 - [MESSAGE][PASSED] - Attribute 'value' of object 'Object Repository/PharmacyRequest/Page_Store/input_txttotal' is: '10'

2018-06-09 20:27:37 - [TEST_STEP][PASSED] - Statement - out.println("Requested QTY : " + RequestedQty): null

2018-06-09 20:27:37 - [TEST_STEP][PASSED] - Statement - BatchNumber = com.kms.katalon.core.webui.keyword.WebUiBuiltInKeywords.getNumberOfTotalOption(com.kms.katalon.core.testobject.ObjectRepository.findTestObject(PharmacyRequest/Page_Store/select_--Select--BA50)): 5 options of object 'Object Repository/PharmacyRequest/Page_Store/select_--Select--BA50' counted

2018-06-09 20:27:37 - [MESSAGE][PASSED] - 5 options of object 'Object Repository/PharmacyRequest/Page_Store/select_--Select--BA50' counted

2018-06-09 20:27:37 - [TEST_STEP][PASSED] - Statement - For ([g = 1, g <= BatchNumber - 1, (g++)]): null

2018-06-09 20:27:37 - [TEST_STEP][PASSED] - selectOptionByIndex: All options with index in [1] are selected on object 'Object Repository/PharmacyRequest/Page_Store/select_--Select--BA50'

2018-06-09 20:27:38 - [MESSAGE][PASSED] - All options with index in [1] are selected on object 'Object Repository/PharmacyRequest/Page_Store/select_--Select--BA50'

2018-06-09 20:27:38 - [TEST_STEP][PASSED] - delay: Delayed 1 second(s)

2018-06-09 20:27:39 - [MESSAGE][PASSED] - Delayed 1 second(s)

2018-06-09 20:27:39 - [TEST_STEP][PASSED] - Statement - StockQty = com.kms.katalon.core.webui.keyword.WebUiBuiltInKeywords.getAttribute(com.kms.katalon.core.testobject.ObjectRepository.findTestObject(PharmacyRequest/Page_Store/input_txtprice), "value"): Attribute 'value' of object 'Object Repository/PharmacyRequest/Page_Store/input_txtprice' is: '480'

2018-06-09 20:27:39 - [MESSAGE][PASSED] - Attribute 'value' of object 'Object Repository/PharmacyRequest/Page_Store/input_txtprice' is: '480'

2018-06-09 20:27:39 - [TEST_STEP][PASSED] - Statement - out.println("Stock QTY : " + StockQty): null

2018-06-09 20:27:39 - [TEST_STEP][PASSED] - delay: Delayed 1 second(s)

2018-06-09 20:27:40 - [MESSAGE][PASSED] - Delayed 1 second(s)

2018-06-09 20:27:40 - [TEST_STEP][PASSED] - Statement - If (java.lang.Integer.valueOf(StockQty) >= java.lang.Integer.valueOf(RequestedQty)): null

2018-06-09 20:27:40 - [TEST_STEP][PASSED] - setText: Text '10' is set on object 'Object Repository/PharmacyRequest/Page_Store/input_txtqty'

2018-06-09 20:27:40 - [MESSAGE][PASSED] - Text '10' is set on object 'Object Repository/PharmacyRequest/Page_Store/input_txtqty'

2018-06-09 20:27:40 - [TEST_STEP][PASSED] - click: Object: 'Object Repository/PharmacyRequest/Page_Store/button_Add' is clicked on

2018-06-09 20:27:40 - [MESSAGE][PASSED] - Object: 'Object Repository/PharmacyRequest/Page_Store/button_Add' is clicked on

2018-06-09 20:27:40 - [TEST_STEP][PASSED] - Statement - Break: null

2018-06-09 20:27:40 - [TEST_STEP][PASSED] - selectOptionByIndex: All options with index in [22] are selected on object 'Object Repository/PharmacyRequest/Page_Store/select_--Select--Amlodepin -5'

2018-06-09 20:27:40 - [MESSAGE][PASSED] - All options with index in [22] are selected on object 'Object Repository/PharmacyRequest/Page_Store/select_--Select--Amlodepin -5'

2018-06-09 20:27:40 - [TEST_STEP][PASSED] - delay: Delayed 1 second(s)

2018-06-09 20:27:41 - [MESSAGE][PASSED] - Delayed 1 second(s)

2018-06-09 20:27:41 - [TEST_STEP][PASSED] - Statement - RequestedQty = com.kms.katalon.core.webui.keyword.WebUiBuiltInKeywords.getAttribute(com.kms.katalon.core.testobject.ObjectRepository.findTestObject(PharmacyRequest/Page_Store/input_txttotal), "value"): Attribute 'value' of object 'Object Repository/PharmacyRequest/Page_Store/input_txttotal' is: '10'

2018-06-09 20:27:41 - [MESSAGE][PASSED] - Attribute 'value' of object 'Object Repository/PharmacyRequest/Page_Store/input_txttotal' is: '10'

2018-06-09 20:27:41 - [TEST_STEP][PASSED] - Statement - out.println("Requested QTY : " + RequestedQty): null

2018-06-09 20:27:41 - [TEST_STEP][PASSED] - Statement - BatchNumber = com.kms.katalon.core.webui.keyword.WebUiBuiltInKeywords.getNumberOfTotalOption(com.kms.katalon.core.testobject.ObjectRepository.findTestObject(PharmacyRequest/Page_Store/select_--Select--BA50)): 5 options of object 'Object Repository/PharmacyRequest/Page_Store/select_--Select--BA50' counted

2018-06-09 20:27:41 - [MESSAGE][PASSED] - 5 options of object 'Object Repository/PharmacyRequest/Page_Store/select_--Select--BA50' counted

2018-06-09 20:27:41 - [TEST_STEP][PASSED] - Statement - For ([g = 1, g <= BatchNumber - 1, (g++)]): null

2018-06-09 20:27:41 - [TEST_STEP][PASSED] - selectOptionByIndex: All options with index in [1] are selected on object 'Object Repository/PharmacyRequest/Page_Store/select_--Select--BA50'

2018-06-09 20:27:41 - [MESSAGE][PASSED] - All options with index in [1] are selected on object 'Object Repository/PharmacyRequest/Page_Store/select_--Select--BA50'

2018-06-09 20:27:41 - [TEST_STEP][PASSED] - delay: Delayed 1 second(s)

2018-06-09 20:27:42 - [MESSAGE][PASSED] - Delayed 1 second(s)

2018-06-09 20:27:42 - [TEST_STEP][PASSED] - Statement - StockQty = com.kms.katalon.core.webui.keyword.WebUiBuiltInKeywords.getAttribute(com.kms.katalon.core.testobject.ObjectRepository.findTestObject(PharmacyRequest/Page_Store/input_txtprice), "value"): Attribute 'value' of object 'Object Repository/PharmacyRequest/Page_Store/input_txtprice' is: '480'

2018-06-09 20:27:42 - [MESSAGE][PASSED] - Attribute 'value' of object 'Object Repository/PharmacyRequest/Page_Store/input_txtprice' is: '480'

2018-06-09 20:27:42 - [TEST_STEP][PASSED] - Statement - out.println("Stock QTY : " + StockQty): null

2018-06-09 20:27:42 - [TEST_STEP][PASSED] - delay: Delayed 1 second(s)

2018-06-09 20:27:43 - [MESSAGE][PASSED] - Delayed 1 second(s)

2018-06-09 20:27:43 - [TEST_STEP][PASSED] - Statement - If (java.lang.Integer.valueOf(StockQty) >= java.lang.Integer.valueOf(RequestedQty)): null

2018-06-09 20:27:43 - [TEST_STEP][PASSED] - setText: Text '10' is set on object 'Object Repository/PharmacyRequest/Page_Store/input_txtqty'

2018-06-09 20:27:43 - [MESSAGE][PASSED] - Text '10' is set on object 'Object Repository/PharmacyRequest/Page_Store/input_txtqty'

2018-06-09 20:27:43 - [TEST_STEP][PASSED] - click: Object: 'Object Repository/PharmacyRequest/Page_Store/button_Add' is clicked on

2018-06-09 20:27:43 - [MESSAGE][PASSED] - Object: 'Object Repository/PharmacyRequest/Page_Store/button_Add' is clicked on

2018-06-09 20:27:43 - [TEST_STEP][PASSED] - Statement - Break: null

2018-06-09 20:27:43 - [TEST_STEP][PASSED] - selectOptionByIndex: All options with index in [23] are selected on object 'Object Repository/PharmacyRequest/Page_Store/select_--Select--Amlodepin -5'

2018-06-09 20:27:44 - [MESSAGE][PASSED] - All options with index in [23] are selected on object 'Object Repository/PharmacyRequest/Page_Store/select_--Select--Amlodepin -5'

2018-06-09 20:27:44 - [TEST_STEP][PASSED] - delay: Delayed 1 second(s)

2018-06-09 20:27:45 - [MESSAGE][PASSED] - Delayed 1 second(s)

2018-06-09 20:27:45 - [TEST_STEP][PASSED] - Statement - RequestedQty = com.kms.katalon.core.webui.keyword.WebUiBuiltInKeywords.getAttribute(com.kms.katalon.core.testobject.ObjectRepository.findTestObject(PharmacyRequest/Page_Store/input_txttotal), "value"): Attribute 'value' of object 'Object Repository/PharmacyRequest/Page_Store/input_txttotal' is: '10'

2018-06-09 20:27:45 - [MESSAGE][PASSED] - Attribute 'value' of object 'Object Repository/PharmacyRequest/Page_Store/input_txttotal' is: '10'

2018-06-09 20:27:45 - [TEST_STEP][PASSED] - Statement - out.println("Requested QTY : " + RequestedQty): null

2018-06-09 20:27:45 - [TEST_STEP][PASSED] - Statement - BatchNumber = com.kms.katalon.core.webui.keyword.WebUiBuiltInKeywords.getNumberOfTotalOption(com.kms.katalon.core.testobject.ObjectRepository.findTestObject(PharmacyRequest/Page_Store/select_--Select--BA50)): 3 options of object 'Object Repository/PharmacyRequest/Page_Store/select_--Select--BA50' counted

2018-06-09 20:27:45 - [MESSAGE][PASSED] - 3 options of object 'Object Repository/PharmacyRequest/Page_Store/select_--Select--BA50' counted

2018-06-09 20:27:45 - [TEST_STEP][PASSED] - Statement - For ([g = 1, g <= BatchNumber - 1, (g++)]): null

2018-06-09 20:27:45 - [TEST_STEP][PASSED] - selectOptionByIndex: All options with index in [1] are selected on object 'Object Repository/PharmacyRequest/Page_Store/select_--Select--BA50'

2018-06-09 20:27:45 - [MESSAGE][PASSED] - All options with index in [1] are selected on object 'Object Repository/PharmacyRequest/Page_Store/select_--Select--BA50'

2018-06-09 20:27:45 - [TEST_STEP][PASSED] - delay: Delayed 1 second(s)

2018-06-09 20:27:46 - [MESSAGE][PASSED] - Delayed 1 second(s)

2018-06-09 20:27:46 - [TEST_STEP][PASSED] - Statement - StockQty = com.kms.katalon.core.webui.keyword.WebUiBuiltInKeywords.getAttribute(com.kms.katalon.core.testobject.ObjectRepository.findTestObject(PharmacyRequest/Page_Store/input_txtprice), "value"): Attribute 'value' of object 'Object Repository/PharmacyRequest/Page_Store/input_txtprice' is: '1860'

2018-06-09 20:27:46 - [MESSAGE][PASSED] - Attribute 'value' of object 'Object Repository/PharmacyRequest/Page_Store/input_txtprice' is: '1860'

2018-06-09 20:27:46 - [TEST_STEP][PASSED] - Statement - out.println("Stock QTY : " + StockQty): null

2018-06-09 20:27:46 - [TEST_STEP][PASSED] - delay: Delayed 1 second(s)

2018-06-09 20:27:47 - [MESSAGE][PASSED] - Delayed 1 second(s)

2018-06-09 20:27:47 - [TEST_STEP][PASSED] - Statement - If (java.lang.Integer.valueOf(StockQty) >= java.lang.Integer.valueOf(RequestedQty)): null

2018-06-09 20:27:47 - [TEST_STEP][PASSED] - setText: Text '10' is set on object 'Object Repository/PharmacyRequest/Page_Store/input_txtqty'

2018-06-09 20:27:47 - [MESSAGE][PASSED] - Text '10' is set on object 'Object Repository/PharmacyRequest/Page_Store/input_txtqty'

2018-06-09 20:27:47 - [TEST_STEP][PASSED] - click: Object: 'Object Repository/PharmacyRequest/Page_Store/button_Add' is clicked on

2018-06-09 20:27:47 - [MESSAGE][PASSED] - Object: 'Object Repository/PharmacyRequest/Page_Store/button_Add' is clicked on

2018-06-09 20:27:47 - [TEST_STEP][PASSED] - Statement - Break: null

2018-06-09 20:27:47 - [TEST_STEP][PASSED] - selectOptionByIndex: All options with index in [24] are selected on object 'Object Repository/PharmacyRequest/Page_Store/select_--Select--Amlodepin -5'

2018-06-09 20:27:47 - [MESSAGE][PASSED] - All options with index in [24] are selected on object 'Object Repository/PharmacyRequest/Page_Store/select_--Select--Amlodepin -5'

2018-06-09 20:27:47 - [TEST_STEP][PASSED] - delay: Delayed 1 second(s)

2018-06-09 20:27:48 - [MESSAGE][PASSED] - Delayed 1 second(s)

2018-06-09 20:27:48 - [TEST_STEP][PASSED] - Statement - RequestedQty = com.kms.katalon.core.webui.keyword.WebUiBuiltInKeywords.getAttribute(com.kms.katalon.core.testobject.ObjectRepository.findTestObject(PharmacyRequest/Page_Store/input_txttotal), "value"): Attribute 'value' of object 'Object Repository/PharmacyRequest/Page_Store/input_txttotal' is: '10'

2018-06-09 20:27:49 - [MESSAGE][PASSED] - Attribute 'value' of object 'Object Repository/PharmacyRequest/Page_Store/input_txttotal' is: '10'

2018-06-09 20:27:49 - [TEST_STEP][PASSED] - Statement - out.println("Requested QTY : " + RequestedQty): null

2018-06-09 20:27:49 - [TEST_STEP][PASSED] - Statement - BatchNumber = com.kms.katalon.core.webui.keyword.WebUiBuiltInKeywords.getNumberOfTotalOption(com.kms.katalon.core.testobject.ObjectRepository.findTestObject(PharmacyRequest/Page_Store/select_--Select--BA50)): 4 options of object 'Object Repository/PharmacyRequest/Page_Store/select_--Select--BA50' counted

2018-06-09 20:27:49 - [MESSAGE][PASSED] - 4 options of object 'Object Repository/PharmacyRequest/Page_Store/select_--Select--BA50' counted

2018-06-09 20:27:49 - [TEST_STEP][PASSED] - Statement - For ([g = 1, g <= BatchNumber - 1, (g++)]): null

2018-06-09 20:27:49 - [TEST_STEP][PASSED] - selectOptionByIndex: All options with index in [1] are selected on object 'Object Repository/PharmacyRequest/Page_Store/select_--Select--BA50'

2018-06-09 20:27:49 - [MESSAGE][PASSED] - All options with index in [1] are selected on object 'Object Repository/PharmacyRequest/Page_Store/select_--Select--BA50'

2018-06-09 20:27:49 - [TEST_STEP][PASSED] - delay: Delayed 1 second(s)

2018-06-09 20:27:50 - [MESSAGE][PASSED] - Delayed 1 second(s)

2018-06-09 20:27:50 - [TEST_STEP][PASSED] - Statement - StockQty = com.kms.katalon.core.webui.keyword.WebUiBuiltInKeywords.getAttribute(com.kms.katalon.core.testobject.ObjectRepository.findTestObject(PharmacyRequest/Page_Store/input_txtprice), "value"): Attribute 'value' of object 'Object Repository/PharmacyRequest/Page_Store/input_txtprice' is: '940'

2018-06-09 20:27:50 - [MESSAGE][PASSED] - Attribute 'value' of object 'Object Repository/PharmacyRequest/Page_Store/input_txtprice' is: '940'

2018-06-09 20:27:50 - [TEST_STEP][PASSED] - Statement - out.println("Stock QTY : " + StockQty): null

2018-06-09 20:27:50 - [TEST_STEP][PASSED] - delay: Delayed 1 second(s)

2018-06-09 20:27:51 - [MESSAGE][PASSED] - Delayed 1 second(s)

2018-06-09 20:27:51 - [TEST_STEP][PASSED] - Statement - If (java.lang.Integer.valueOf(StockQty) >= java.lang.Integer.valueOf(RequestedQty)): null

2018-06-09 20:27:51 - [TEST_STEP][PASSED] - setText: Text '10' is set on object 'Object Repository/PharmacyRequest/Page_Store/input_txtqty'

2018-06-09 20:27:51 - [MESSAGE][PASSED] - Text '10' is set on object 'Object Repository/PharmacyRequest/Page_Store/input_txtqty'

2018-06-09 20:27:51 - [TEST_STEP][PASSED] - click: Object: 'Object Repository/PharmacyRequest/Page_Store/button_Add' is clicked on

2018-06-09 20:27:51 - [MESSAGE][PASSED] - Object: 'Object Repository/PharmacyRequest/Page_Store/button_Add' is clicked on

2018-06-09 20:27:51 - [TEST_STEP][PASSED] - Statement - Break: null

2018-06-09 20:27:51 - [TEST_STEP][PASSED] - selectOptionByIndex: All options with index in [25] are selected on object 'Object Repository/PharmacyRequest/Page_Store/select_--Select--Amlodepin -5'

2018-06-09 20:27:51 - [MESSAGE][PASSED] - All options with index in [25] are selected on object 'Object Repository/PharmacyRequest/Page_Store/select_--Select--Amlodepin -5'

2018-06-09 20:27:51 - [TEST_STEP][PASSED] - delay: Delayed 1 second(s)

2018-06-09 20:27:52 - [MESSAGE][PASSED] - Delayed 1 second(s)

2018-06-09 20:27:52 - [TEST_STEP][PASSED] - Statement - RequestedQty = com.kms.katalon.core.webui.keyword.WebUiBuiltInKeywords.getAttribute(com.kms.katalon.core.testobject.ObjectRepository.findTestObject(PharmacyRequest/Page_Store/input_txttotal), "value"): Attribute 'value' of object 'Object Repository/PharmacyRequest/Page_Store/input_txttotal' is: '10'

2018-06-09 20:27:52 - [MESSAGE][PASSED] - Attribute 'value' of object 'Object Repository/PharmacyRequest/Page_Store/input_txttotal' is: '10'

2018-06-09 20:27:52 - [TEST_STEP][PASSED] - Statement - out.println("Requested QTY : " + RequestedQty): null

2018-06-09 20:27:52 - [TEST_STEP][PASSED] - Statement - BatchNumber = com.kms.katalon.core.webui.keyword.WebUiBuiltInKeywords.getNumberOfTotalOption(com.kms.katalon.core.testobject.ObjectRepository.findTestObject(PharmacyRequest/Page_Store/select_--Select--BA50)): 4 options of object 'Object Repository/PharmacyRequest/Page_Store/select_--Select--BA50' counted

2018-06-09 20:27:52 - [MESSAGE][PASSED] - 4 options of object 'Object Repository/PharmacyRequest/Page_Store/select_--Select--BA50' counted

2018-06-09 20:27:52 - [TEST_STEP][PASSED] - Statement - For ([g = 1, g <= BatchNumber - 1, (g++)]): null

2018-06-09 20:27:52 - [TEST_STEP][PASSED] - selectOptionByIndex: All options with index in [1] are selected on object 'Object Repository/PharmacyRequest/Page_Store/select_--Select--BA50'

2018-06-09 20:27:52 - [MESSAGE][PASSED] - All options with index in [1] are selected on object 'Object Repository/PharmacyRequest/Page_Store/select_--Select--BA50'

2018-06-09 20:27:52 - [TEST_STEP][PASSED] - delay: Delayed 1 second(s)

2018-06-09 20:27:53 - [MESSAGE][PASSED] - Delayed 1 second(s)

2018-06-09 20:27:53 - [TEST_STEP][PASSED] - Statement - StockQty = com.kms.katalon.core.webui.keyword.WebUiBuiltInKeywords.getAttribute(com.kms.katalon.core.testobject.ObjectRepository.findTestObject(PharmacyRequest/Page_Store/input_txtprice), "value"): Attribute 'value' of object 'Object Repository/PharmacyRequest/Page_Store/input_txtprice' is: '210'

2018-06-09 20:27:53 - [MESSAGE][PASSED] - Attribute 'value' of object 'Object Repository/PharmacyRequest/Page_Store/input_txtprice' is: '210'

2018-06-09 20:27:53 - [TEST_STEP][PASSED] - Statement - out.println("Stock QTY : " + StockQty): null

2018-06-09 20:27:53 - [TEST_STEP][PASSED] - delay: Delayed 1 second(s)

2018-06-09 20:27:54 - [MESSAGE][PASSED] - Delayed 1 second(s)

2018-06-09 20:27:54 - [TEST_STEP][PASSED] - Statement - If (java.lang.Integer.valueOf(StockQty) >= java.lang.Integer.valueOf(RequestedQty)): null

2018-06-09 20:27:54 - [TEST_STEP][PASSED] - setText: Text '10' is set on object 'Object Repository/PharmacyRequest/Page_Store/input_txtqty'

2018-06-09 20:27:55 - [MESSAGE][PASSED] - Text '10' is set on object 'Object Repository/PharmacyRequest/Page_Store/input_txtqty'

2018-06-09 20:27:55 - [TEST_STEP][PASSED] - click: Object: 'Object Repository/PharmacyRequest/Page_Store/button_Add' is clicked on

2018-06-09 20:27:55 - [MESSAGE][PASSED] - Object: 'Object Repository/PharmacyRequest/Page_Store/button_Add' is clicked on

2018-06-09 20:27:55 - [TEST_STEP][PASSED] - Statement - Break: null

2018-06-09 20:27:55 - [TEST_STEP][PASSED] - selectOptionByIndex: All options with index in [26] are selected on object 'Object Repository/PharmacyRequest/Page_Store/select_--Select--Amlodepin -5'

2018-06-09 20:27:55 - [MESSAGE][PASSED] - All options with index in [26] are selected on object 'Object Repository/PharmacyRequest/Page_Store/select_--Select--Amlodepin -5'

2018-06-09 20:27:55 - [TEST_STEP][PASSED] - delay: Delayed 1 second(s)

2018-06-09 20:27:56 - [MESSAGE][PASSED] - Delayed 1 second(s)

2018-06-09 20:27:56 - [TEST_STEP][PASSED] - Statement - RequestedQty = com.kms.katalon.core.webui.keyword.WebUiBuiltInKeywords.getAttribute(com.kms.katalon.core.testobject.ObjectRepository.findTestObject(PharmacyRequest/Page_Store/input_txttotal), "value"): Attribute 'value' of object 'Object Repository/PharmacyRequest/Page_Store/input_txttotal' is: '10'

2018-06-09 20:27:56 - [MESSAGE][PASSED] - Attribute 'value' of object 'Object Repository/PharmacyRequest/Page_Store/input_txttotal' is: '10'

2018-06-09 20:27:56 - [TEST_STEP][PASSED] - Statement - out.println("Requested QTY : " + RequestedQty): null

2018-06-09 20:27:56 - [TEST_STEP][PASSED] - Statement - BatchNumber = com.kms.katalon.core.webui.keyword.WebUiBuiltInKeywords.getNumberOfTotalOption(com.kms.katalon.core.testobject.ObjectRepository.findTestObject(PharmacyRequest/Page_Store/select_--Select--BA50)): 3 options of object 'Object Repository/PharmacyRequest/Page_Store/select_--Select--BA50' counted

2018-06-09 20:27:56 - [MESSAGE][PASSED] - 3 options of object 'Object Repository/PharmacyRequest/Page_Store/select_--Select--BA50' counted

2018-06-09 20:27:56 - [TEST_STEP][PASSED] - Statement - For ([g = 1, g <= BatchNumber - 1, (g++)]): null

2018-06-09 20:27:56 - [TEST_STEP][PASSED] - selectOptionByIndex: All options with index in [1] are selected on object 'Object Repository/PharmacyRequest/Page_Store/select_--Select--BA50'

2018-06-09 20:27:56 - [MESSAGE][PASSED] - All options with index in [1] are selected on object 'Object Repository/PharmacyRequest/Page_Store/select_--Select--BA50'

2018-06-09 20:27:56 - [TEST_STEP][PASSED] - delay: Delayed 1 second(s)

2018-06-09 20:27:57 - [MESSAGE][PASSED] - Delayed 1 second(s)

2018-06-09 20:27:57 - [TEST_STEP][PASSED] - Statement - StockQty = com.kms.katalon.core.webui.keyword.WebUiBuiltInKeywords.getAttribute(com.kms.katalon.core.testobject.ObjectRepository.findTestObject(PharmacyRequest/Page_Store/input_txtprice), "value"): Attribute 'value' of object 'Object Repository/PharmacyRequest/Page_Store/input_txtprice' is: '1860'

2018-06-09 20:27:57 - [MESSAGE][PASSED] - Attribute 'value' of object 'Object Repository/PharmacyRequest/Page_Store/input_txtprice' is: '1860'

2018-06-09 20:27:57 - [TEST_STEP][PASSED] - Statement - out.println("Stock QTY : " + StockQty): null

2018-06-09 20:27:57 - [TEST_STEP][PASSED] - delay: Delayed 1 second(s)

2018-06-09 20:27:58 - [MESSAGE][PASSED] - Delayed 1 second(s)

2018-06-09 20:27:58 - [TEST_STEP][PASSED] - Statement - If (java.lang.Integer.valueOf(StockQty) >= java.lang.Integer.valueOf(RequestedQty)): null

2018-06-09 20:27:58 - [TEST_STEP][PASSED] - setText: Text '10' is set on object 'Object Repository/PharmacyRequest/Page_Store/input_txtqty'

2018-06-09 20:27:58 - [MESSAGE][PASSED] - Text '10' is set on object 'Object Repository/PharmacyRequest/Page_Store/input_txtqty'

2018-06-09 20:27:58 - [TEST_STEP][PASSED] - click: Object: 'Object Repository/PharmacyRequest/Page_Store/button_Add' is clicked on

2018-06-09 20:27:58 - [MESSAGE][PASSED] - Object: 'Object Repository/PharmacyRequest/Page_Store/button_Add' is clicked on

2018-06-09 20:27:58 - [TEST_STEP][PASSED] - Statement - Break: null

2018-06-09 20:27:58 - [TEST_STEP][PASSED] - selectOptionByIndex: All options with index in [27] are selected on object 'Object Repository/PharmacyRequest/Page_Store/select_--Select--Amlodepin -5'

2018-06-09 20:27:59 - [MESSAGE][PASSED] - All options with index in [27] are selected on object 'Object Repository/PharmacyRequest/Page_Store/select_--Select--Amlodepin -5'

2018-06-09 20:27:59 - [TEST_STEP][PASSED] - delay: Delayed 1 second(s)

2018-06-09 20:28:00 - [MESSAGE][PASSED] - Delayed 1 second(s)

2018-06-09 20:28:00 - [TEST_STEP][PASSED] - Statement - RequestedQty = com.kms.katalon.core.webui.keyword.WebUiBuiltInKeywords.getAttribute(com.kms.katalon.core.testobject.ObjectRepository.findTestObject(PharmacyRequest/Page_Store/input_txttotal), "value"): Attribute 'value' of object 'Object Repository/PharmacyRequest/Page_Store/input_txttotal' is: '10'

2018-06-09 20:28:00 - [MESSAGE][PASSED] - Attribute 'value' of object 'Object Repository/PharmacyRequest/Page_Store/input_txttotal' is: '10'

2018-06-09 20:28:00 - [TEST_STEP][PASSED] - Statement - out.println("Requested QTY : " + RequestedQty): null

2018-06-09 20:28:00 - [TEST_STEP][PASSED] - Statement - BatchNumber = com.kms.katalon.core.webui.keyword.WebUiBuiltInKeywords.getNumberOfTotalOption(com.kms.katalon.core.testobject.ObjectRepository.findTestObject(PharmacyRequest/Page_Store/select_--Select--BA50)): 4 options of object 'Object Repository/PharmacyRequest/Page_Store/select_--Select--BA50' counted

2018-06-09 20:28:00 - [MESSAGE][PASSED] - 4 options of object 'Object Repository/PharmacyRequest/Page_Store/select_--Select--BA50' counted

2018-06-09 20:28:00 - [TEST_STEP][PASSED] - Statement - For ([g = 1, g <= BatchNumber - 1, (g++)]): null

2018-06-09 20:28:00 - [TEST_STEP][PASSED] - selectOptionByIndex: All options with index in [1] are selected on object 'Object Repository/PharmacyRequest/Page_Store/select_--Select--BA50'

2018-06-09 20:28:00 - [MESSAGE][PASSED] - All options with index in [1] are selected on object 'Object Repository/PharmacyRequest/Page_Store/select_--Select--BA50'

2018-06-09 20:28:00 - [TEST_STEP][PASSED] - delay: Delayed 1 second(s)

2018-06-09 20:28:01 - [MESSAGE][PASSED] - Delayed 1 second(s)

2018-06-09 20:28:01 - [TEST_STEP][PASSED] - Statement - StockQty = com.kms.katalon.core.webui.keyword.WebUiBuiltInKeywords.getAttribute(com.kms.katalon.core.testobject.ObjectRepository.findTestObject(PharmacyRequest/Page_Store/input_txtprice), "value"): Attribute 'value' of object 'Object Repository/PharmacyRequest/Page_Store/input_txtprice' is: '940'

2018-06-09 20:28:01 - [MESSAGE][PASSED] - Attribute 'value' of object 'Object Repository/PharmacyRequest/Page_Store/input_txtprice' is: '940'

2018-06-09 20:28:01 - [TEST_STEP][PASSED] - Statement - out.println("Stock QTY : " + StockQty): null

2018-06-09 20:28:01 - [TEST_STEP][PASSED] - delay: Delayed 1 second(s)

2018-06-09 20:28:02 - [MESSAGE][PASSED] - Delayed 1 second(s)

2018-06-09 20:28:02 - [TEST_STEP][PASSED] - Statement - If (java.lang.Integer.valueOf(StockQty) >= java.lang.Integer.valueOf(RequestedQty)): null

2018-06-09 20:28:02 - [TEST_STEP][PASSED] - setText: Text '10' is set on object 'Object Repository/PharmacyRequest/Page_Store/input_txtqty'

2018-06-09 20:28:02 - [MESSAGE][PASSED] - Text '10' is set on object 'Object Repository/PharmacyRequest/Page_Store/input_txtqty'

2018-06-09 20:28:02 - [TEST_STEP][PASSED] - click: Object: 'Object Repository/PharmacyRequest/Page_Store/button_Add' is clicked on

2018-06-09 20:28:02 - [MESSAGE][PASSED] - Object: 'Object Repository/PharmacyRequest/Page_Store/button_Add' is clicked on

2018-06-09 20:28:02 - [TEST_STEP][PASSED] - Statement - Break: null

2018-06-09 20:28:02 - [TEST_STEP][PASSED] - selectOptionByIndex: All options with index in [28] are selected on object 'Object Repository/PharmacyRequest/Page_Store/select_--Select--Amlodepin -5'

2018-06-09 20:28:03 - [MESSAGE][PASSED] - All options with index in [28] are selected on object 'Object Repository/PharmacyRequest/Page_Store/select_--Select--Amlodepin -5'

2018-06-09 20:28:03 - [TEST_STEP][PASSED] - delay: Delayed 1 second(s)

2018-06-09 20:28:04 - [MESSAGE][PASSED] - Delayed 1 second(s)

2018-06-09 20:28:04 - [TEST_STEP][PASSED] - Statement - RequestedQty = com.kms.katalon.core.webui.keyword.WebUiBuiltInKeywords.getAttribute(com.kms.katalon.core.testobject.ObjectRepository.findTestObject(PharmacyRequest/Page_Store/input_txttotal), "value"): Attribute 'value' of object 'Object Repository/PharmacyRequest/Page_Store/input_txttotal' is: '10'

2018-06-09 20:28:04 - [MESSAGE][PASSED] - Attribute 'value' of object 'Object Repository/PharmacyRequest/Page_Store/input_txttotal' is: '10'

2018-06-09 20:28:04 - [TEST_STEP][PASSED] - Statement - out.println("Requested QTY : " + RequestedQty): null

2018-06-09 20:28:04 - [TEST_STEP][PASSED] - Statement - BatchNumber = com.kms.katalon.core.webui.keyword.WebUiBuiltInKeywords.getNumberOfTotalOption(com.kms.katalon.core.testobject.ObjectRepository.findTestObject(PharmacyRequest/Page_Store/select_--Select--BA50)): 5 options of object 'Object Repository/PharmacyRequest/Page_Store/select_--Select--BA50' counted

2018-06-09 20:28:04 - [MESSAGE][PASSED] - 5 options of object 'Object Repository/PharmacyRequest/Page_Store/select_--Select--BA50' counted

2018-06-09 20:28:04 - [TEST_STEP][PASSED] - Statement - For ([g = 1, g <= BatchNumber - 1, (g++)]): null

2018-06-09 20:28:04 - [TEST_STEP][PASSED] - selectOptionByIndex: All options with index in [1] are selected on object 'Object Repository/PharmacyRequest/Page_Store/select_--Select--BA50'

2018-06-09 20:28:04 - [MESSAGE][PASSED] - All options with index in [1] are selected on object 'Object Repository/PharmacyRequest/Page_Store/select_--Select--BA50'

2018-06-09 20:28:04 - [TEST_STEP][PASSED] - delay: Delayed 1 second(s)

2018-06-09 20:28:05 - [MESSAGE][PASSED] - Delayed 1 second(s)

2018-06-09 20:28:05 - [TEST_STEP][PASSED] - Statement - StockQty = com.kms.katalon.core.webui.keyword.WebUiBuiltInKeywords.getAttribute(com.kms.katalon.core.testobject.ObjectRepository.findTestObject(PharmacyRequest/Page_Store/input_txtprice), "value"): Attribute 'value' of object 'Object Repository/PharmacyRequest/Page_Store/input_txtprice' is: '480'

2018-06-09 20:28:05 - [MESSAGE][PASSED] - Attribute 'value' of object 'Object Repository/PharmacyRequest/Page_Store/input_txtprice' is: '480'

2018-06-09 20:28:05 - [TEST_STEP][PASSED] - Statement - out.println("Stock QTY : " + StockQty): null

2018-06-09 20:28:05 - [TEST_STEP][PASSED] - delay: Delayed 1 second(s)

2018-06-09 20:28:06 - [MESSAGE][PASSED] - Delayed 1 second(s)

2018-06-09 20:28:06 - [TEST_STEP][PASSED] - Statement - If (java.lang.Integer.valueOf(StockQty) >= java.lang.Integer.valueOf(RequestedQty)): null

2018-06-09 20:28:06 - [TEST_STEP][PASSED] - setText: Text '10' is set on object 'Object Repository/PharmacyRequest/Page_Store/input_txtqty'

2018-06-09 20:28:06 - [MESSAGE][PASSED] - Text '10' is set on object 'Object Repository/PharmacyRequest/Page_Store/input_txtqty'

2018-06-09 20:28:06 - [TEST_STEP][PASSED] - click: Object: 'Object Repository/PharmacyRequest/Page_Store/button_Add' is clicked on

2018-06-09 20:28:06 - [MESSAGE][PASSED] - Object: 'Object Repository/PharmacyRequest/Page_Store/button_Add' is clicked on

2018-06-09 20:28:06 - [TEST_STEP][PASSED] - Statement - Break: null

2018-06-09 20:28:06 - [TEST_STEP][PASSED] - selectOptionByIndex: All options with index in [29] are selected on object 'Object Repository/PharmacyRequest/Page_Store/select_--Select--Amlodepin -5'

2018-06-09 20:28:06 - [MESSAGE][PASSED] - All options with index in [29] are selected on object 'Object Repository/PharmacyRequest/Page_Store/select_--Select--Amlodepin -5'

2018-06-09 20:28:06 - [TEST_STEP][PASSED] - delay: Delayed 1 second(s)

2018-06-09 20:28:07 - [MESSAGE][PASSED] - Delayed 1 second(s)

2018-06-09 20:28:07 - [TEST_STEP][PASSED] - Statement - RequestedQty = com.kms.katalon.core.webui.keyword.WebUiBuiltInKeywords.getAttribute(com.kms.katalon.core.testobject.ObjectRepository.findTestObject(PharmacyRequest/Page_Store/input_txttotal), "value"): Attribute 'value' of object 'Object Repository/PharmacyRequest/Page_Store/input_txttotal' is: '10'

2018-06-09 20:28:07 - [MESSAGE][PASSED] - Attribute 'value' of object 'Object Repository/PharmacyRequest/Page_Store/input_txttotal' is: '10'

2018-06-09 20:28:07 - [TEST_STEP][PASSED] - Statement - out.println("Requested QTY : " + RequestedQty): null

2018-06-09 20:28:07 - [TEST_STEP][PASSED] - Statement - BatchNumber = com.kms.katalon.core.webui.keyword.WebUiBuiltInKeywords.getNumberOfTotalOption(com.kms.katalon.core.testobject.ObjectRepository.findTestObject(PharmacyRequest/Page_Store/select_--Select--BA50)): 3 options of object 'Object Repository/PharmacyRequest/Page_Store/select_--Select--BA50' counted

2018-06-09 20:28:07 - [MESSAGE][PASSED] - 3 options of object 'Object Repository/PharmacyRequest/Page_Store/select_--Select--BA50' counted

2018-06-09 20:28:07 - [TEST_STEP][PASSED] - Statement - For ([g = 1, g <= BatchNumber - 1, (g++)]): null

2018-06-09 20:28:07 - [TEST_STEP][PASSED] - selectOptionByIndex: All options with index in [1] are selected on object 'Object Repository/PharmacyRequest/Page_Store/select_--Select--BA50'

2018-06-09 20:28:07 - [MESSAGE][PASSED] - All options with index in [1] are selected on object 'Object Repository/PharmacyRequest/Page_Store/select_--Select--BA50'

2018-06-09 20:28:07 - [TEST_STEP][PASSED] - delay: Delayed 1 second(s)

2018-06-09 20:28:08 - [MESSAGE][PASSED] - Delayed 1 second(s)

2018-06-09 20:28:08 - [TEST_STEP][PASSED] - Statement - StockQty = com.kms.katalon.core.webui.keyword.WebUiBuiltInKeywords.getAttribute(com.kms.katalon.core.testobject.ObjectRepository.findTestObject(PharmacyRequest/Page_Store/input_txtprice), "value"): Attribute 'value' of object 'Object Repository/PharmacyRequest/Page_Store/input_txtprice' is: '400'

2018-06-09 20:28:08 - [MESSAGE][PASSED] - Attribute 'value' of object 'Object Repository/PharmacyRequest/Page_Store/input_txtprice' is: '400'

2018-06-09 20:28:09 - [TEST_STEP][PASSED] - Statement - out.println("Stock QTY : " + StockQty): null

2018-06-09 20:28:09 - [TEST_STEP][PASSED] - delay: Delayed 1 second(s)

2018-06-09 20:28:10 - [MESSAGE][PASSED] - Delayed 1 second(s)

2018-06-09 20:28:10 - [TEST_STEP][PASSED] - Statement - If (java.lang.Integer.valueOf(StockQty) >= java.lang.Integer.valueOf(RequestedQty)): null

2018-06-09 20:28:10 - [TEST_STEP][PASSED] - setText: Text '10' is set on object 'Object Repository/PharmacyRequest/Page_Store/input_txtqty'

2018-06-09 20:28:10 - [MESSAGE][PASSED] - Text '10' is set on object 'Object Repository/PharmacyRequest/Page_Store/input_txtqty'

2018-06-09 20:28:10 - [TEST_STEP][PASSED] - click: Object: 'Object Repository/PharmacyRequest/Page_Store/button_Add' is clicked on

2018-06-09 20:28:10 - [MESSAGE][PASSED] - Object: 'Object Repository/PharmacyRequest/Page_Store/button_Add' is clicked on

2018-06-09 20:28:10 - [TEST_STEP][PASSED] - Statement - Break: null

2018-06-09 20:28:10 - [TEST_STEP][PASSED] - selectOptionByIndex: All options with index in [30] are selected on object 'Object Repository/PharmacyRequest/Page_Store/select_--Select--Amlodepin -5'

2018-06-09 20:28:10 - [MESSAGE][PASSED] - All options with index in [30] are selected on object 'Object Repository/PharmacyRequest/Page_Store/select_--Select--Amlodepin -5'

2018-06-09 20:28:10 - [TEST_STEP][PASSED] - delay: Delayed 1 second(s)

2018-06-09 20:28:11 - [MESSAGE][PASSED] - Delayed 1 second(s)

2018-06-09 20:28:11 - [TEST_STEP][PASSED] - Statement - RequestedQty = com.kms.katalon.core.webui.keyword.WebUiBuiltInKeywords.getAttribute(com.kms.katalon.core.testobject.ObjectRepository.findTestObject(PharmacyRequest/Page_Store/input_txttotal), "value"): Attribute 'value' of object 'Object Repository/PharmacyRequest/Page_Store/input_txttotal' is: '10'

2018-06-09 20:28:11 - [MESSAGE][PASSED] - Attribute 'value' of object 'Object Repository/PharmacyRequest/Page_Store/input_txttotal' is: '10'

2018-06-09 20:28:11 - [TEST_STEP][PASSED] - Statement - out.println("Requested QTY : " + RequestedQty): null

2018-06-09 20:28:11 - [TEST_STEP][PASSED] - Statement - BatchNumber = com.kms.katalon.core.webui.keyword.WebUiBuiltInKeywords.getNumberOfTotalOption(com.kms.katalon.core.testobject.ObjectRepository.findTestObject(PharmacyRequest/Page_Store/select_--Select--BA50)): 4 options of object 'Object Repository/PharmacyRequest/Page_Store/select_--Select--BA50' counted

2018-06-09 20:28:11 - [MESSAGE][PASSED] - 4 options of object 'Object Repository/PharmacyRequest/Page_Store/select_--Select--BA50' counted

2018-06-09 20:28:11 - [TEST_STEP][PASSED] - Statement - For ([g = 1, g <= BatchNumber - 1, (g++)]): null

2018-06-09 20:28:11 - [TEST_STEP][PASSED] - selectOptionByIndex: All options with index in [1] are selected on object 'Object Repository/PharmacyRequest/Page_Store/select_--Select--BA50'

2018-06-09 20:28:11 - [MESSAGE][PASSED] - All options with index in [1] are selected on object 'Object Repository/PharmacyRequest/Page_Store/select_--Select--BA50'

2018-06-09 20:28:11 - [TEST_STEP][PASSED] - delay: Delayed 1 second(s)

2018-06-09 20:28:12 - [MESSAGE][PASSED] - Delayed 1 second(s)

2018-06-09 20:28:12 - [TEST_STEP][PASSED] - Statement - StockQty = com.kms.katalon.core.webui.keyword.WebUiBuiltInKeywords.getAttribute(com.kms.katalon.core.testobject.ObjectRepository.findTestObject(PharmacyRequest/Page_Store/input_txtprice), "value"): Attribute 'value' of object 'Object Repository/PharmacyRequest/Page_Store/input_txtprice' is: '940'

2018-06-09 20:28:12 - [MESSAGE][PASSED] - Attribute 'value' of object 'Object Repository/PharmacyRequest/Page_Store/input_txtprice' is: '940'

2018-06-09 20:28:12 - [TEST_STEP][PASSED] - Statement - out.println("Stock QTY : " + StockQty): null

2018-06-09 20:28:12 - [TEST_STEP][PASSED] - delay: Delayed 1 second(s)

2018-06-09 20:28:13 - [MESSAGE][PASSED] - Delayed 1 second(s)

2018-06-09 20:28:13 - [TEST_STEP][PASSED] - Statement - If (java.lang.Integer.valueOf(StockQty) >= java.lang.Integer.valueOf(RequestedQty)): null

2018-06-09 20:28:13 - [TEST_STEP][PASSED] - setText: Text '10' is set on object 'Object Repository/PharmacyRequest/Page_Store/input_txtqty'

2018-06-09 20:28:13 - [MESSAGE][PASSED] - Text '10' is set on object 'Object Repository/PharmacyRequest/Page_Store/input_txtqty'

2018-06-09 20:28:13 - [TEST_STEP][PASSED] - click: Object: 'Object Repository/PharmacyRequest/Page_Store/button_Add' is clicked on

2018-06-09 20:28:13 - [MESSAGE][PASSED] - Object: 'Object Repository/PharmacyRequest/Page_Store/button_Add' is clicked on

2018-06-09 20:28:13 - [TEST_STEP][PASSED] - Statement - Break: null

2018-06-09 20:28:13 - [TEST_STEP][PASSED] - selectOptionByIndex: All options with index in [31] are selected on object 'Object Repository/PharmacyRequest/Page_Store/select_--Select--Amlodepin -5'

2018-06-09 20:28:14 - [MESSAGE][PASSED] - All options with index in [31] are selected on object 'Object Repository/PharmacyRequest/Page_Store/select_--Select--Amlodepin -5'

2018-06-09 20:28:14 - [TEST_STEP][PASSED] - delay: Delayed 1 second(s)

2018-06-09 20:28:15 - [MESSAGE][PASSED] - Delayed 1 second(s)

2018-06-09 20:28:15 - [TEST_STEP][PASSED] - Statement - RequestedQty = com.kms.katalon.core.webui.keyword.WebUiBuiltInKeywords.getAttribute(com.kms.katalon.core.testobject.ObjectRepository.findTestObject(PharmacyRequest/Page_Store/input_txttotal), "value"): Attribute 'value' of object 'Object Repository/PharmacyRequest/Page_Store/input_txttotal' is: '10'

2018-06-09 20:28:15 - [MESSAGE][PASSED] - Attribute 'value' of object 'Object Repository/PharmacyRequest/Page_Store/input_txttotal' is: '10'

2018-06-09 20:28:15 - [TEST_STEP][PASSED] - Statement - out.println("Requested QTY : " + RequestedQty): null

2018-06-09 20:28:15 - [TEST_STEP][PASSED] - Statement - BatchNumber = com.kms.katalon.core.webui.keyword.WebUiBuiltInKeywords.getNumberOfTotalOption(com.kms.katalon.core.testobject.ObjectRepository.findTestObject(PharmacyRequest/Page_Store/select_--Select--BA50)): 5 options of object 'Object Repository/PharmacyRequest/Page_Store/select_--Select--BA50' counted

2018-06-09 20:28:15 - [MESSAGE][PASSED] - 5 options of object 'Object Repository/PharmacyRequest/Page_Store/select_--Select--BA50' counted

2018-06-09 20:28:15 - [TEST_STEP][PASSED] - Statement - For ([g = 1, g <= BatchNumber - 1, (g++)]): null

2018-06-09 20:28:15 - [TEST_STEP][PASSED] - selectOptionByIndex: All options with index in [1] are selected on object 'Object Repository/PharmacyRequest/Page_Store/select_--Select--BA50'

2018-06-09 20:28:15 - [MESSAGE][PASSED] - All options with index in [1] are selected on object 'Object Repository/PharmacyRequest/Page_Store/select_--Select--BA50'

2018-06-09 20:28:15 - [TEST_STEP][PASSED] - delay: Delayed 1 second(s)

2018-06-09 20:28:16 - [MESSAGE][PASSED] - Delayed 1 second(s)

2018-06-09 20:28:16 - [TEST_STEP][PASSED] - Statement - StockQty = com.kms.katalon.core.webui.keyword.WebUiBuiltInKeywords.getAttribute(com.kms.katalon.core.testobject.ObjectRepository.findTestObject(PharmacyRequest/Page_Store/input_txtprice), "value"): Attribute 'value' of object 'Object Repository/PharmacyRequest/Page_Store/input_txtprice' is: '400'

2018-06-09 20:28:16 - [MESSAGE][PASSED] - Attribute 'value' of object 'Object Repository/PharmacyRequest/Page_Store/input_txtprice' is: '400'

2018-06-09 20:28:16 - [TEST_STEP][PASSED] - Statement - out.println("Stock QTY : " + StockQty): null

2018-06-09 20:28:16 - [TEST_STEP][PASSED] - delay: Delayed 1 second(s)

2018-06-09 20:28:17 - [MESSAGE][PASSED] - Delayed 1 second(s)

2018-06-09 20:28:17 - [TEST_STEP][PASSED] - Statement - If (java.lang.Integer.valueOf(StockQty) >= java.lang.Integer.valueOf(RequestedQty)): null

2018-06-09 20:28:17 - [TEST_STEP][PASSED] - setText: Text '10' is set on object 'Object Repository/PharmacyRequest/Page_Store/input_txtqty'

2018-06-09 20:28:17 - [MESSAGE][PASSED] - Text '10' is set on object 'Object Repository/PharmacyRequest/Page_Store/input_txtqty'

2018-06-09 20:28:17 - [TEST_STEP][PASSED] - click: Object: 'Object Repository/PharmacyRequest/Page_Store/button_Add' is clicked on

2018-06-09 20:28:17 - [MESSAGE][PASSED] - Object: 'Object Repository/PharmacyRequest/Page_Store/button_Add' is clicked on

2018-06-09 20:28:17 - [TEST_STEP][PASSED] - Statement - Break: null

2018-06-09 20:28:17 - [TEST_STEP][PASSED] - selectOptionByIndex: All options with index in [32] are selected on object 'Object Repository/PharmacyRequest/Page_Store/select_--Select--Amlodepin -5'

2018-06-09 20:28:18 - [MESSAGE][PASSED] - All options with index in [32] are selected on object 'Object Repository/PharmacyRequest/Page_Store/select_--Select--Amlodepin -5'

2018-06-09 20:28:18 - [TEST_STEP][PASSED] - delay: Delayed 1 second(s)

2018-06-09 20:28:19 - [MESSAGE][PASSED] - Delayed 1 second(s)

2018-06-09 20:28:19 - [TEST_STEP][PASSED] - Statement - RequestedQty = com.kms.katalon.core.webui.keyword.WebUiBuiltInKeywords.getAttribute(com.kms.katalon.core.testobject.ObjectRepository.findTestObject(PharmacyRequest/Page_Store/input_txttotal), "value"): Attribute 'value' of object 'Object Repository/PharmacyRequest/Page_Store/input_txttotal' is: '10'

2018-06-09 20:28:19 - [MESSAGE][PASSED] - Attribute 'value' of object 'Object Repository/PharmacyRequest/Page_Store/input_txttotal' is: '10'

2018-06-09 20:28:19 - [TEST_STEP][PASSED] - Statement - out.println("Requested QTY : " + RequestedQty): null

2018-06-09 20:28:19 - [TEST_STEP][PASSED] - Statement - BatchNumber = com.kms.katalon.core.webui.keyword.WebUiBuiltInKeywords.getNumberOfTotalOption(com.kms.katalon.core.testobject.ObjectRepository.findTestObject(PharmacyRequest/Page_Store/select_--Select--BA50)): 2 options of object 'Object Repository/PharmacyRequest/Page_Store/select_--Select--BA50' counted

2018-06-09 20:28:19 - [MESSAGE][PASSED] - 2 options of object 'Object Repository/PharmacyRequest/Page_Store/select_--Select--BA50' counted

2018-06-09 20:28:19 - [TEST_STEP][PASSED] - Statement - For ([g = 1, g <= BatchNumber - 1, (g++)]): null

2018-06-09 20:28:19 - [TEST_STEP][PASSED] - selectOptionByIndex: All options with index in [1] are selected on object 'Object Repository/PharmacyRequest/Page_Store/select_--Select--BA50'

2018-06-09 20:28:19 - [MESSAGE][PASSED] - All options with index in [1] are selected on object 'Object Repository/PharmacyRequest/Page_Store/select_--Select--BA50'

2018-06-09 20:28:19 - [TEST_STEP][PASSED] - delay: Delayed 1 second(s)

2018-06-09 20:28:20 - [MESSAGE][PASSED] - Delayed 1 second(s)

2018-06-09 20:28:20 - [TEST_STEP][PASSED] - Statement - StockQty = com.kms.katalon.core.webui.keyword.WebUiBuiltInKeywords.getAttribute(com.kms.katalon.core.testobject.ObjectRepository.findTestObject(PharmacyRequest/Page_Store/input_txtprice), "value"): Attribute 'value' of object 'Object Repository/PharmacyRequest/Page_Store/input_txtprice' is: '1960'

2018-06-09 20:28:20 - [MESSAGE][PASSED] - Attribute 'value' of object 'Object Repository/PharmacyRequest/Page_Store/input_txtprice' is: '1960'

2018-06-09 20:28:20 - [TEST_STEP][PASSED] - Statement - out.println("Stock QTY : " + StockQty): null

2018-06-09 20:28:20 - [TEST_STEP][PASSED] - delay: Delayed 1 second(s)

2018-06-09 20:28:21 - [MESSAGE][PASSED] - Delayed 1 second(s)

2018-06-09 20:28:21 - [TEST_STEP][PASSED] - Statement - If (java.lang.Integer.valueOf(StockQty) >= java.lang.Integer.valueOf(RequestedQty)): null

2018-06-09 20:28:21 - [TEST_STEP][PASSED] - setText: Text '10' is set on object 'Object Repository/PharmacyRequest/Page_Store/input_txtqty'

2018-06-09 20:28:21 - [MESSAGE][PASSED] - Text '10' is set on object 'Object Repository/PharmacyRequest/Page_Store/input_txtqty'

2018-06-09 20:28:21 - [TEST_STEP][PASSED] - click: Object: 'Object Repository/PharmacyRequest/Page_Store/button_Add' is clicked on

2018-06-09 20:28:21 - [MESSAGE][PASSED] - Object: 'Object Repository/PharmacyRequest/Page_Store/button_Add' is clicked on

2018-06-09 20:28:21 - [TEST_STEP][PASSED] - Statement - Break: null

2018-06-09 20:28:21 - [TEST_STEP][PASSED] - selectOptionByIndex: All options with index in [33] are selected on object 'Object Repository/PharmacyRequest/Page_Store/select_--Select--Amlodepin -5'

2018-06-09 20:28:21 - [MESSAGE][PASSED] - All options with index in [33] are selected on object 'Object Repository/PharmacyRequest/Page_Store/select_--Select--Amlodepin -5'

2018-06-09 20:28:21 - [TEST_STEP][PASSED] - delay: Delayed 1 second(s)

2018-06-09 20:28:22 - [MESSAGE][PASSED] - Delayed 1 second(s)

2018-06-09 20:28:22 - [TEST_STEP][PASSED] - Statement - RequestedQty = com.kms.katalon.core.webui.keyword.WebUiBuiltInKeywords.getAttribute(com.kms.katalon.core.testobject.ObjectRepository.findTestObject(PharmacyRequest/Page_Store/input_txttotal), "value"): Attribute 'value' of object 'Object Repository/PharmacyRequest/Page_Store/input_txttotal' is: '10'

2018-06-09 20:28:22 - [MESSAGE][PASSED] - Attribute 'value' of object 'Object Repository/PharmacyRequest/Page_Store/input_txttotal' is: '10'

2018-06-09 20:28:22 - [TEST_STEP][PASSED] - Statement - out.println("Requested QTY : " + RequestedQty): null

2018-06-09 20:28:22 - [TEST_STEP][PASSED] - Statement - BatchNumber = com.kms.katalon.core.webui.keyword.WebUiBuiltInKeywords.getNumberOfTotalOption(com.kms.katalon.core.testobject.ObjectRepository.findTestObject(PharmacyRequest/Page_Store/select_--Select--BA50)): 3 options of object 'Object Repository/PharmacyRequest/Page_Store/select_--Select--BA50' counted

2018-06-09 20:28:22 - [MESSAGE][PASSED] - 3 options of object 'Object Repository/PharmacyRequest/Page_Store/select_--Select--BA50' counted

2018-06-09 20:28:22 - [TEST_STEP][PASSED] - Statement - For ([g = 1, g <= BatchNumber - 1, (g++)]): null

2018-06-09 20:28:22 - [TEST_STEP][PASSED] - selectOptionByIndex: All options with index in [1] are selected on object 'Object Repository/PharmacyRequest/Page_Store/select_--Select--BA50'

2018-06-09 20:28:23 - [MESSAGE][PASSED] - All options with index in [1] are selected on object 'Object Repository/PharmacyRequest/Page_Store/select_--Select--BA50'

2018-06-09 20:28:23 - [TEST_STEP][PASSED] - delay: Delayed 1 second(s)

2018-06-09 20:28:24 - [MESSAGE][PASSED] - Delayed 1 second(s)

2018-06-09 20:28:24 - [TEST_STEP][PASSED] - Statement - StockQty = com.kms.katalon.core.webui.keyword.WebUiBuiltInKeywords.getAttribute(com.kms.katalon.core.testobject.ObjectRepository.findTestObject(PharmacyRequest/Page_Store/input_txtprice), "value"): Attribute 'value' of object 'Object Repository/PharmacyRequest/Page_Store/input_txtprice' is: '1860'

2018-06-09 20:28:24 - [MESSAGE][PASSED] - Attribute 'value' of object 'Object Repository/PharmacyRequest/Page_Store/input_txtprice' is: '1860'

2018-06-09 20:28:24 - [TEST_STEP][PASSED] - Statement - out.println("Stock QTY : " + StockQty): null

2018-06-09 20:28:24 - [TEST_STEP][PASSED] - delay: Delayed 1 second(s)

2018-06-09 20:28:25 - [MESSAGE][PASSED] - Delayed 1 second(s)

2018-06-09 20:28:25 - [TEST_STEP][PASSED] - Statement - If (java.lang.Integer.valueOf(StockQty) >= java.lang.Integer.valueOf(RequestedQty)): null

2018-06-09 20:28:25 - [TEST_STEP][PASSED] - setText: Text '10' is set on object 'Object Repository/PharmacyRequest/Page_Store/input_txtqty'

2018-06-09 20:28:25 - [MESSAGE][PASSED] - Text '10' is set on object 'Object Repository/PharmacyRequest/Page_Store/input_txtqty'

2018-06-09 20:28:25 - [TEST_STEP][PASSED] - click: Object: 'Object Repository/PharmacyRequest/Page_Store/button_Add' is clicked on

2018-06-09 20:28:25 - [MESSAGE][PASSED] - Object: 'Object Repository/PharmacyRequest/Page_Store/button_Add' is clicked on

2018-06-09 20:28:25 - [TEST_STEP][PASSED] - Statement - Break: null

2018-06-09 20:28:25 - [TEST_STEP][PASSED] - selectOptionByIndex: All options with index in [34] are selected on object 'Object Repository/PharmacyRequest/Page_Store/select_--Select--Amlodepin -5'

2018-06-09 20:28:25 - [MESSAGE][PASSED] - All options with index in [34] are selected on object 'Object Repository/PharmacyRequest/Page_Store/select_--Select--Amlodepin -5'

2018-06-09 20:28:25 - [TEST_STEP][PASSED] - delay: Delayed 1 second(s)

2018-06-09 20:28:26 - [MESSAGE][PASSED] - Delayed 1 second(s)

2018-06-09 20:28:26 - [TEST_STEP][PASSED] - Statement - RequestedQty = com.kms.katalon.core.webui.keyword.WebUiBuiltInKeywords.getAttribute(com.kms.katalon.core.testobject.ObjectRepository.findTestObject(PharmacyRequest/Page_Store/input_txttotal), "value"): Attribute 'value' of object 'Object Repository/PharmacyRequest/Page_Store/input_txttotal' is: '10'

2018-06-09 20:28:26 - [MESSAGE][PASSED] - Attribute 'value' of object 'Object Repository/PharmacyRequest/Page_Store/input_txttotal' is: '10'

2018-06-09 20:28:26 - [TEST_STEP][PASSED] - Statement - out.println("Requested QTY : " + RequestedQty): null

2018-06-09 20:28:26 - [TEST_STEP][PASSED] - Statement - BatchNumber = com.kms.katalon.core.webui.keyword.WebUiBuiltInKeywords.getNumberOfTotalOption(com.kms.katalon.core.testobject.ObjectRepository.findTestObject(PharmacyRequest/Page_Store/select_--Select--BA50)): 3 options of object 'Object Repository/PharmacyRequest/Page_Store/select_--Select--BA50' counted

2018-06-09 20:28:26 - [MESSAGE][PASSED] - 3 options of object 'Object Repository/PharmacyRequest/Page_Store/select_--Select--BA50' counted

2018-06-09 20:28:26 - [TEST_STEP][PASSED] - Statement - For ([g = 1, g <= BatchNumber - 1, (g++)]): null

2018-06-09 20:28:26 - [TEST_STEP][PASSED] - selectOptionByIndex: All options with index in [1] are selected on object 'Object Repository/PharmacyRequest/Page_Store/select_--Select--BA50'

2018-06-09 20:28:26 - [MESSAGE][PASSED] - All options with index in [1] are selected on object 'Object Repository/PharmacyRequest/Page_Store/select_--Select--BA50'

2018-06-09 20:28:26 - [TEST_STEP][PASSED] - delay: Delayed 1 second(s)

2018-06-09 20:28:27 - [MESSAGE][PASSED] - Delayed 1 second(s)

2018-06-09 20:28:27 - [TEST_STEP][PASSED] - Statement - StockQty = com.kms.katalon.core.webui.keyword.WebUiBuiltInKeywords.getAttribute(com.kms.katalon.core.testobject.ObjectRepository.findTestObject(PharmacyRequest/Page_Store/input_txtprice), "value"): Attribute 'value' of object 'Object Repository/PharmacyRequest/Page_Store/input_txtprice' is: '940'

2018-06-09 20:28:27 - [MESSAGE][PASSED] - Attribute 'value' of object 'Object Repository/PharmacyRequest/Page_Store/input_txtprice' is: '940'

2018-06-09 20:28:27 - [TEST_STEP][PASSED] - Statement - out.println("Stock QTY : " + StockQty): null

2018-06-09 20:28:27 - [TEST_STEP][PASSED] - delay: Delayed 1 second(s)

2018-06-09 20:28:28 - [MESSAGE][PASSED] - Delayed 1 second(s)

2018-06-09 20:28:28 - [TEST_STEP][PASSED] - Statement - If (java.lang.Integer.valueOf(StockQty) >= java.lang.Integer.valueOf(RequestedQty)): null

2018-06-09 20:28:28 - [TEST_STEP][PASSED] - setText: Text '10' is set on object 'Object Repository/PharmacyRequest/Page_Store/input_txtqty'

2018-06-09 20:28:28 - [MESSAGE][PASSED] - Text '10' is set on object 'Object Repository/PharmacyRequest/Page_Store/input_txtqty'

2018-06-09 20:28:28 - [TEST_STEP][PASSED] - click: Object: 'Object Repository/PharmacyRequest/Page_Store/button_Add' is clicked on

2018-06-09 20:28:28 - [MESSAGE][PASSED] - Object: 'Object Repository/PharmacyRequest/Page_Store/button_Add' is clicked on

2018-06-09 20:28:28 - [TEST_STEP][PASSED] - Statement - Break: null

2018-06-09 20:28:28 - [TEST_STEP][PASSED] - selectOptionByIndex: All options with index in [35] are selected on object 'Object Repository/PharmacyRequest/Page_Store/select_--Select--Amlodepin -5'

2018-06-09 20:28:29 - [MESSAGE][PASSED] - All options with index in [35] are selected on object 'Object Repository/PharmacyRequest/Page_Store/select_--Select--Amlodepin -5'

2018-06-09 20:28:29 - [TEST_STEP][PASSED] - delay: Delayed 1 second(s)

2018-06-09 20:28:30 - [MESSAGE][PASSED] - Delayed 1 second(s)

2018-06-09 20:28:30 - [TEST_STEP][PASSED] - Statement - RequestedQty = com.kms.katalon.core.webui.keyword.WebUiBuiltInKeywords.getAttribute(com.kms.katalon.core.testobject.ObjectRepository.findTestObject(PharmacyRequest/Page_Store/input_txttotal), "value"): Attribute 'value' of object 'Object Repository/PharmacyRequest/Page_Store/input_txttotal' is: '10'

2018-06-09 20:28:30 - [MESSAGE][PASSED] - Attribute 'value' of object 'Object Repository/PharmacyRequest/Page_Store/input_txttotal' is: '10'

2018-06-09 20:28:30 - [TEST_STEP][PASSED] - Statement - out.println("Requested QTY : " + RequestedQty): null

2018-06-09 20:28:30 - [TEST_STEP][PASSED] - Statement - BatchNumber = com.kms.katalon.core.webui.keyword.WebUiBuiltInKeywords.getNumberOfTotalOption(com.kms.katalon.core.testobject.ObjectRepository.findTestObject(PharmacyRequest/Page_Store/select_--Select--BA50)): 5 options of object 'Object Repository/PharmacyRequest/Page_Store/select_--Select--BA50' counted

2018-06-09 20:28:30 - [MESSAGE][PASSED] - 5 options of object 'Object Repository/PharmacyRequest/Page_Store/select_--Select--BA50' counted

2018-06-09 20:28:30 - [TEST_STEP][PASSED] - Statement - For ([g = 1, g <= BatchNumber - 1, (g++)]): null

2018-06-09 20:28:30 - [TEST_STEP][PASSED] - selectOptionByIndex: All options with index in [1] are selected on object 'Object Repository/PharmacyRequest/Page_Store/select_--Select--BA50'

2018-06-09 20:28:30 - [MESSAGE][PASSED] - All options with index in [1] are selected on object 'Object Repository/PharmacyRequest/Page_Store/select_--Select--BA50'

2018-06-09 20:28:30 - [TEST_STEP][PASSED] - delay: Delayed 1 second(s)

2018-06-09 20:28:31 - [MESSAGE][PASSED] - Delayed 1 second(s)

2018-06-09 20:28:31 - [TEST_STEP][PASSED] - Statement - StockQty = com.kms.katalon.core.webui.keyword.WebUiBuiltInKeywords.getAttribute(com.kms.katalon.core.testobject.ObjectRepository.findTestObject(PharmacyRequest/Page_Store/input_txtprice), "value"): Attribute 'value' of object 'Object Repository/PharmacyRequest/Page_Store/input_txtprice' is: '100'

2018-06-09 20:28:31 - [MESSAGE][PASSED] - Attribute 'value' of object 'Object Repository/PharmacyRequest/Page_Store/input_txtprice' is: '100'

2018-06-09 20:28:31 - [TEST_STEP][PASSED] - Statement - out.println("Stock QTY : " + StockQty): null

2018-06-09 20:28:31 - [TEST_STEP][PASSED] - delay: Delayed 1 second(s)

2018-06-09 20:28:32 - [MESSAGE][PASSED] - Delayed 1 second(s)

2018-06-09 20:28:32 - [TEST_STEP][PASSED] - Statement - If (java.lang.Integer.valueOf(StockQty) >= java.lang.Integer.valueOf(RequestedQty)): null

2018-06-09 20:28:32 - [TEST_STEP][PASSED] - setText: Text '10' is set on object 'Object Repository/PharmacyRequest/Page_Store/input_txtqty'

2018-06-09 20:28:32 - [MESSAGE][PASSED] - Text '10' is set on object 'Object Repository/PharmacyRequest/Page_Store/input_txtqty'

2018-06-09 20:28:32 - [TEST_STEP][PASSED] - click: Object: 'Object Repository/PharmacyRequest/Page_Store/button_Add' is clicked on

2018-06-09 20:28:32 - [MESSAGE][PASSED] - Object: 'Object Repository/PharmacyRequest/Page_Store/button_Add' is clicked on

2018-06-09 20:28:32 - [TEST_STEP][PASSED] - Statement - Break: null

2018-06-09 20:28:32 - [TEST_STEP][PASSED] - selectOptionByIndex: All options with index in [36] are selected on object 'Object Repository/PharmacyRequest/Page_Store/select_--Select--Amlodepin -5'

2018-06-09 20:28:33 - [MESSAGE][PASSED] - All options with index in [36] are selected on object 'Object Repository/PharmacyRequest/Page_Store/select_--Select--Amlodepin -5'

2018-06-09 20:28:33 - [TEST_STEP][PASSED] - delay: Delayed 1 second(s)

2018-06-09 20:28:34 - [MESSAGE][PASSED] - Delayed 1 second(s)

2018-06-09 20:28:34 - [TEST_STEP][PASSED] - Statement - RequestedQty = com.kms.katalon.core.webui.keyword.WebUiBuiltInKeywords.getAttribute(com.kms.katalon.core.testobject.ObjectRepository.findTestObject(PharmacyRequest/Page_Store/input_txttotal), "value"): Attribute 'value' of object 'Object Repository/PharmacyRequest/Page_Store/input_txttotal' is: '10'

2018-06-09 20:28:34 - [MESSAGE][PASSED] - Attribute 'value' of object 'Object Repository/PharmacyRequest/Page_Store/input_txttotal' is: '10'

2018-06-09 20:28:34 - [TEST_STEP][PASSED] - Statement - out.println("Requested QTY : " + RequestedQty): null

2018-06-09 20:28:34 - [TEST_STEP][PASSED] - Statement - BatchNumber = com.kms.katalon.core.webui.keyword.WebUiBuiltInKeywords.getNumberOfTotalOption(com.kms.katalon.core.testobject.ObjectRepository.findTestObject(PharmacyRequest/Page_Store/select_--Select--BA50)): 2 options of object 'Object Repository/PharmacyRequest/Page_Store/select_--Select--BA50' counted

2018-06-09 20:28:34 - [MESSAGE][PASSED] - 2 options of object 'Object Repository/PharmacyRequest/Page_Store/select_--Select--BA50' counted

2018-06-09 20:28:34 - [TEST_STEP][PASSED] - Statement - For ([g = 1, g <= BatchNumber - 1, (g++)]): null

2018-06-09 20:28:34 - [TEST_STEP][PASSED] - selectOptionByIndex: All options with index in [1] are selected on object 'Object Repository/PharmacyRequest/Page_Store/select_--Select--BA50'

2018-06-09 20:28:34 - [MESSAGE][PASSED] - All options with index in [1] are selected on object 'Object Repository/PharmacyRequest/Page_Store/select_--Select--BA50'

2018-06-09 20:28:34 - [TEST_STEP][PASSED] - delay: Delayed 1 second(s)

2018-06-09 20:28:35 - [MESSAGE][PASSED] - Delayed 1 second(s)

2018-06-09 20:28:35 - [TEST_STEP][PASSED] - Statement - StockQty = com.kms.katalon.core.webui.keyword.WebUiBuiltInKeywords.getAttribute(com.kms.katalon.core.testobject.ObjectRepository.findTestObject(PharmacyRequest/Page_Store/input_txtprice), "value"): Attribute 'value' of object 'Object Repository/PharmacyRequest/Page_Store/input_txtprice' is: '2040'

2018-06-09 20:28:35 - [MESSAGE][PASSED] - Attribute 'value' of object 'Object Repository/PharmacyRequest/Page_Store/input_txtprice' is: '2040'

2018-06-09 20:28:35 - [TEST_STEP][PASSED] - Statement - out.println("Stock QTY : " + StockQty): null

2018-06-09 20:28:35 - [TEST_STEP][PASSED] - delay: Delayed 1 second(s)

2018-06-09 20:28:36 - [MESSAGE][PASSED] - Delayed 1 second(s)

2018-06-09 20:28:36 - [TEST_STEP][PASSED] - Statement - If (java.lang.Integer.valueOf(StockQty) >= java.lang.Integer.valueOf(RequestedQty)): null

2018-06-09 20:28:36 - [TEST_STEP][PASSED] - setText: Text '10' is set on object 'Object Repository/PharmacyRequest/Page_Store/input_txtqty'

2018-06-09 20:28:36 - [MESSAGE][PASSED] - Text '10' is set on object 'Object Repository/PharmacyRequest/Page_Store/input_txtqty'

2018-06-09 20:28:36 - [TEST_STEP][PASSED] - click: Object: 'Object Repository/PharmacyRequest/Page_Store/button_Add' is clicked on

2018-06-09 20:28:36 - [MESSAGE][PASSED] - Object: 'Object Repository/PharmacyRequest/Page_Store/button_Add' is clicked on

2018-06-09 20:28:36 - [TEST_STEP][PASSED] - Statement - Break: null

2018-06-09 20:28:36 - [TEST_STEP][PASSED] - scrollToElement: Scroll to object 'Object Repository/PharmacyRequest/Page_Store/input_btnSubmit' successfully

2018-06-09 20:28:36 - [MESSAGE][PASSED] - Scroll to object 'Object Repository/PharmacyRequest/Page_Store/input_btnSubmit' successfully

2018-06-09 20:28:36 - [TEST_STEP][PASSED] - click: Object: 'Object Repository/PharmacyRequest/Page_Store/input_btnSubmit' is clicked on

2018-06-09 20:28:36 - [MESSAGE][PASSED] - Object: 'Object Repository/PharmacyRequest/Page_Store/input_btnSubmit' is clicked on

2018-06-09 20:28:36 - [TEST_STEP][PASSED] - delay: Delayed 3 second(s)

2018-06-09 20:28:39 - [MESSAGE][PASSED] - Delayed 3 second(s)

2018-06-09 20:28:39 - [TEST_STEP][PASSED] - click: Object: 'Object Repository/PharmacyRequest/Page_Store/button_OK' is clicked on

2018-06-09 20:28:41 - [MESSAGE][PASSED] - Object: 'Object Repository/PharmacyRequest/Page_Store/button_OK' is clicked on

2018-06-09 20:28:41 - [TEST_STEP][PASSED] - delay: Delayed 3 second(s)

2018-06-09 20:28:44 - [MESSAGE][PASSED] - Delayed 3 second(s)

2018-06-09 20:28:44 - [TEST_STEP][PASSED] - click: Object: 'Object Repository/PharmacyRequest/Page_Store/a_dropdown-toggle' is clicked on

2018-06-09 20:28:44 - [MESSAGE][PASSED] - Object: 'Object Repository/PharmacyRequest/Page_Store/a_dropdown-toggle' is clicked on

2018-06-09 20:28:44 - [TEST_STEP][PASSED] - click: Object: 'Object Repository/PharmacyRequest/Page_Store/a_Sign out' is clicked on

2018-06-09 20:28:44 - [MESSAGE][PASSED] - Object: 'Object Repository/PharmacyRequest/Page_Store/a_Sign out' is clicked on

2018-06-09 20:28:44 - [TEST_STEP][PASSED] - closeBrowser: Browser is closed

2018-06-09 20:28:45 - [MESSAGE][PASSED] - Browser is closed

2018-06-09 20:28:45 - [TEST_STEP][PASSED] - Statement - out.println("Schedule 3 Pharmacy Request Are Working Successfully"): null]]></system-out>
         <system-err><![CDATA[]]></system-err>
      </testcase>
      <testcase name="Test Cases/PHARMACY TEST CASES/TC_PHAR_004 Verify Schedule 4 Pharmacy Request Are Working Successfully Or Not" classname="Test Cases/PHARMACY TEST CASES/TC_PHAR_004 Verify Schedule 4 Pharmacy Request Are Working Successfully Or Not" status="PASSED">
         <system-out><![CDATA[2018-06-09 20:28:45 - [TEST_CASE][PASSED] - Test Cases/PHARMACY TEST CASES/TC_PHAR_004 Verify Schedule 4 Pharmacy Request Are Working Successfully Or Not: Test Cases/PHARMACY TEST CASES/TC_PHAR_004 Verify Schedule 4 Pharmacy Request Are Working Successfully Or Not

2018-06-09 20:28:45 - [TEST_STEP][PASSED] - openBrowser: Browser is opened with url: ''

2018-06-09 20:28:47 - [MESSAGE][PASSED] - Browser is opened with url: ''

2018-06-09 20:28:47 - [TEST_STEP][PASSED] - Statement - out.println("Verify Schedule 4 Pharmacy Request Are Working Successfully Or Not"): null

2018-06-09 20:28:47 - [TEST_STEP][PASSED] - navigateToUrl: Navigate to 'http://192.168.137.1/multihospital_new/' successfully

2018-06-09 20:28:49 - [MESSAGE][PASSED] - Navigate to 'http://192.168.137.1/multihospital_new/' successfully

2018-06-09 20:28:49 - [TEST_STEP][PASSED] - maximizeWindow: Current window maximized

2018-06-09 20:28:50 - [MESSAGE][PASSED] - Current window maximized

2018-06-09 20:28:50 - [TEST_STEP][PASSED] - click: Object: 'Object Repository/PharmacyRequest/Page_KDMC/a_Pharmacy' is clicked on

2018-06-09 20:28:51 - [MESSAGE][PASSED] - Object: 'Object Repository/PharmacyRequest/Page_KDMC/a_Pharmacy' is clicked on

2018-06-09 20:28:51 - [TEST_STEP][PASSED] - setText: Text 'raja' is set on object 'Object Repository/PharmacyRequest/Page_Pharmacy login/input_txtusername'

2018-06-09 20:28:51 - [MESSAGE][PASSED] - Text 'raja' is set on object 'Object Repository/PharmacyRequest/Page_Pharmacy login/input_txtusername'

2018-06-09 20:28:51 - [TEST_STEP][PASSED] - setText: Text '123' is set on object 'Object Repository/PharmacyRequest/Page_Pharmacy login/input_txtpassword'

2018-06-09 20:28:51 - [MESSAGE][PASSED] - Text '123' is set on object 'Object Repository/PharmacyRequest/Page_Pharmacy login/input_txtpassword'

2018-06-09 20:28:51 - [TEST_STEP][PASSED] - delay: Delayed 3 second(s)

2018-06-09 20:28:54 - [MESSAGE][PASSED] - Delayed 3 second(s)

2018-06-09 20:28:54 - [TEST_STEP][PASSED] - click: Object: 'Object Repository/PharmacyRequest/Page_Pharmacy login/button_Sign in' is clicked on

2018-06-09 20:28:55 - [MESSAGE][PASSED] - Object: 'Object Repository/PharmacyRequest/Page_Pharmacy login/button_Sign in' is clicked on

2018-06-09 20:28:55 - [TEST_STEP][PASSED] - delay: Delayed 3 second(s)

2018-06-09 20:28:58 - [MESSAGE][PASSED] - Delayed 3 second(s)

2018-06-09 20:28:58 - [TEST_STEP][PASSED] - click: Object: 'Object Repository/PharmacyRequest/Page_KDMC - Pharmacy/a_Inventory' is clicked on

2018-06-09 20:29:00 - [MESSAGE][PASSED] - Object: 'Object Repository/PharmacyRequest/Page_KDMC - Pharmacy/a_Inventory' is clicked on

2018-06-09 20:29:00 - [TEST_STEP][PASSED] - waitForPageLoad: Wait for page load successfully

2018-06-09 20:29:00 - [MESSAGE][PASSED] - Wait for page load successfully

2018-06-09 20:29:00 - [TEST_STEP][PASSED] - click: Object: 'Object Repository/PharmacyRequest/Page_KDMC-Pharmacy/a_Store Request' is clicked on

2018-06-09 20:29:00 - [MESSAGE][PASSED] - Object: 'Object Repository/PharmacyRequest/Page_KDMC-Pharmacy/a_Store Request' is clicked on

2018-06-09 20:29:00 - [TEST_STEP][PASSED] - delay: Delayed 1 second(s)

2018-06-09 20:29:01 - [MESSAGE][PASSED] - Delayed 1 second(s)

2018-06-09 20:29:01 - [TEST_STEP][PASSED] - click: Object: 'Object Repository/PharmacyRequest/Page_KDMC-Pharmacy/a_Medicine Request' is clicked on

2018-06-09 20:29:02 - [MESSAGE][PASSED] - Object: 'Object Repository/PharmacyRequest/Page_KDMC-Pharmacy/a_Medicine Request' is clicked on

2018-06-09 20:29:02 - [TEST_STEP][PASSED] - selectOptionByIndex: All options with index in [4] are selected on object 'Object Repository/PharmacyRequest/Page_KDMC-Pharmacy/select_--Select--Schedule 1Inj'

2018-06-09 20:29:02 - [MESSAGE][PASSED] - All options with index in [4] are selected on object 'Object Repository/PharmacyRequest/Page_KDMC-Pharmacy/select_--Select--Schedule 1Inj'

2018-06-09 20:29:02 - [TEST_STEP][PASSED] - Statement - MedicineLength = com.kms.katalon.core.webui.keyword.WebUiBuiltInKeywords.getNumberOfTotalOption(com.kms.katalon.core.testobject.ObjectRepository.findTestObject(PharmacyRequest/Page_KDMC-Pharmacy/select_--Select--Albendazole)): 16 options of object 'Object Repository/PharmacyRequest/Page_KDMC-Pharmacy/select_--Select--Albendazole' counted

2018-06-09 20:29:02 - [MESSAGE][PASSED] - 16 options of object 'Object Repository/PharmacyRequest/Page_KDMC-Pharmacy/select_--Select--Albendazole' counted

2018-06-09 20:29:02 - [TEST_STEP][PASSED] - Statement - For ([l = 1, l <= MedicineLength - 1, (l++)]): Object: 'Object Repository/PharmacyRequest/Page_KDMC-Pharmacy/button_Add' is clicked on

2018-06-09 20:29:02 - [TEST_STEP][PASSED] - selectOptionByIndex: All options with index in [4] are selected on object 'Object Repository/PharmacyRequest/Page_KDMC-Pharmacy/select_--Select--Schedule 1Inj'

2018-06-09 20:29:02 - [MESSAGE][PASSED] - All options with index in [4] are selected on object 'Object Repository/PharmacyRequest/Page_KDMC-Pharmacy/select_--Select--Schedule 1Inj'

2018-06-09 20:29:02 - [TEST_STEP][PASSED] - selectOptionByIndex: All options with index in [1] are selected on object 'Object Repository/PharmacyRequest/Page_KDMC-Pharmacy/select_--Select--Albendazole'

2018-06-09 20:29:02 - [MESSAGE][PASSED] - All options with index in [1] are selected on object 'Object Repository/PharmacyRequest/Page_KDMC-Pharmacy/select_--Select--Albendazole'

2018-06-09 20:29:02 - [TEST_STEP][PASSED] - setText: Text '10' is set on object 'Object Repository/PharmacyRequest/Page_KDMC-Pharmacy/input_txttreat'

2018-06-09 20:29:03 - [MESSAGE][PASSED] - Text '10' is set on object 'Object Repository/PharmacyRequest/Page_KDMC-Pharmacy/input_txttreat'

2018-06-09 20:29:03 - [TEST_STEP][PASSED] - click: Object: 'Object Repository/PharmacyRequest/Page_KDMC-Pharmacy/button_Add' is clicked on

2018-06-09 20:29:03 - [MESSAGE][PASSED] - Object: 'Object Repository/PharmacyRequest/Page_KDMC-Pharmacy/button_Add' is clicked on

2018-06-09 20:29:03 - [TEST_STEP][PASSED] - selectOptionByIndex: All options with index in [4] are selected on object 'Object Repository/PharmacyRequest/Page_KDMC-Pharmacy/select_--Select--Schedule 1Inj'

2018-06-09 20:29:03 - [MESSAGE][PASSED] - All options with index in [4] are selected on object 'Object Repository/PharmacyRequest/Page_KDMC-Pharmacy/select_--Select--Schedule 1Inj'

2018-06-09 20:29:03 - [TEST_STEP][PASSED] - selectOptionByIndex: All options with index in [2] are selected on object 'Object Repository/PharmacyRequest/Page_KDMC-Pharmacy/select_--Select--Albendazole'

2018-06-09 20:29:03 - [MESSAGE][PASSED] - All options with index in [2] are selected on object 'Object Repository/PharmacyRequest/Page_KDMC-Pharmacy/select_--Select--Albendazole'

2018-06-09 20:29:03 - [TEST_STEP][PASSED] - setText: Text '10' is set on object 'Object Repository/PharmacyRequest/Page_KDMC-Pharmacy/input_txttreat'

2018-06-09 20:29:03 - [MESSAGE][PASSED] - Text '10' is set on object 'Object Repository/PharmacyRequest/Page_KDMC-Pharmacy/input_txttreat'

2018-06-09 20:29:03 - [TEST_STEP][PASSED] - click: Object: 'Object Repository/PharmacyRequest/Page_KDMC-Pharmacy/button_Add' is clicked on

2018-06-09 20:29:03 - [MESSAGE][PASSED] - Object: 'Object Repository/PharmacyRequest/Page_KDMC-Pharmacy/button_Add' is clicked on

2018-06-09 20:29:03 - [TEST_STEP][PASSED] - selectOptionByIndex: All options with index in [4] are selected on object 'Object Repository/PharmacyRequest/Page_KDMC-Pharmacy/select_--Select--Schedule 1Inj'

2018-06-09 20:29:03 - [MESSAGE][PASSED] - All options with index in [4] are selected on object 'Object Repository/PharmacyRequest/Page_KDMC-Pharmacy/select_--Select--Schedule 1Inj'

2018-06-09 20:29:03 - [TEST_STEP][PASSED] - selectOptionByIndex: All options with index in [3] are selected on object 'Object Repository/PharmacyRequest/Page_KDMC-Pharmacy/select_--Select--Albendazole'

2018-06-09 20:29:03 - [MESSAGE][PASSED] - All options with index in [3] are selected on object 'Object Repository/PharmacyRequest/Page_KDMC-Pharmacy/select_--Select--Albendazole'

2018-06-09 20:29:03 - [TEST_STEP][PASSED] - setText: Text '10' is set on object 'Object Repository/PharmacyRequest/Page_KDMC-Pharmacy/input_txttreat'

2018-06-09 20:29:03 - [MESSAGE][PASSED] - Text '10' is set on object 'Object Repository/PharmacyRequest/Page_KDMC-Pharmacy/input_txttreat'

2018-06-09 20:29:03 - [TEST_STEP][PASSED] - click: Object: 'Object Repository/PharmacyRequest/Page_KDMC-Pharmacy/button_Add' is clicked on

2018-06-09 20:29:03 - [MESSAGE][PASSED] - Object: 'Object Repository/PharmacyRequest/Page_KDMC-Pharmacy/button_Add' is clicked on

2018-06-09 20:29:03 - [TEST_STEP][PASSED] - selectOptionByIndex: All options with index in [4] are selected on object 'Object Repository/PharmacyRequest/Page_KDMC-Pharmacy/select_--Select--Schedule 1Inj'

2018-06-09 20:29:04 - [MESSAGE][PASSED] - All options with index in [4] are selected on object 'Object Repository/PharmacyRequest/Page_KDMC-Pharmacy/select_--Select--Schedule 1Inj'

2018-06-09 20:29:04 - [TEST_STEP][PASSED] - selectOptionByIndex: All options with index in [4] are selected on object 'Object Repository/PharmacyRequest/Page_KDMC-Pharmacy/select_--Select--Albendazole'

2018-06-09 20:29:04 - [MESSAGE][PASSED] - All options with index in [4] are selected on object 'Object Repository/PharmacyRequest/Page_KDMC-Pharmacy/select_--Select--Albendazole'

2018-06-09 20:29:04 - [TEST_STEP][PASSED] - setText: Text '10' is set on object 'Object Repository/PharmacyRequest/Page_KDMC-Pharmacy/input_txttreat'

2018-06-09 20:29:04 - [MESSAGE][PASSED] - Text '10' is set on object 'Object Repository/PharmacyRequest/Page_KDMC-Pharmacy/input_txttreat'

2018-06-09 20:29:04 - [TEST_STEP][PASSED] - click: Object: 'Object Repository/PharmacyRequest/Page_KDMC-Pharmacy/button_Add' is clicked on

2018-06-09 20:29:04 - [MESSAGE][PASSED] - Object: 'Object Repository/PharmacyRequest/Page_KDMC-Pharmacy/button_Add' is clicked on

2018-06-09 20:29:04 - [TEST_STEP][PASSED] - selectOptionByIndex: All options with index in [4] are selected on object 'Object Repository/PharmacyRequest/Page_KDMC-Pharmacy/select_--Select--Schedule 1Inj'

2018-06-09 20:29:04 - [MESSAGE][PASSED] - All options with index in [4] are selected on object 'Object Repository/PharmacyRequest/Page_KDMC-Pharmacy/select_--Select--Schedule 1Inj'

2018-06-09 20:29:04 - [TEST_STEP][PASSED] - selectOptionByIndex: All options with index in [5] are selected on object 'Object Repository/PharmacyRequest/Page_KDMC-Pharmacy/select_--Select--Albendazole'

2018-06-09 20:29:04 - [MESSAGE][PASSED] - All options with index in [5] are selected on object 'Object Repository/PharmacyRequest/Page_KDMC-Pharmacy/select_--Select--Albendazole'

2018-06-09 20:29:04 - [TEST_STEP][PASSED] - setText: Text '10' is set on object 'Object Repository/PharmacyRequest/Page_KDMC-Pharmacy/input_txttreat'

2018-06-09 20:29:04 - [MESSAGE][PASSED] - Text '10' is set on object 'Object Repository/PharmacyRequest/Page_KDMC-Pharmacy/input_txttreat'

2018-06-09 20:29:04 - [TEST_STEP][PASSED] - click: Object: 'Object Repository/PharmacyRequest/Page_KDMC-Pharmacy/button_Add' is clicked on

2018-06-09 20:29:04 - [MESSAGE][PASSED] - Object: 'Object Repository/PharmacyRequest/Page_KDMC-Pharmacy/button_Add' is clicked on

2018-06-09 20:29:04 - [TEST_STEP][PASSED] - selectOptionByIndex: All options with index in [4] are selected on object 'Object Repository/PharmacyRequest/Page_KDMC-Pharmacy/select_--Select--Schedule 1Inj'

2018-06-09 20:29:04 - [MESSAGE][PASSED] - All options with index in [4] are selected on object 'Object Repository/PharmacyRequest/Page_KDMC-Pharmacy/select_--Select--Schedule 1Inj'

2018-06-09 20:29:04 - [TEST_STEP][PASSED] - selectOptionByIndex: All options with index in [6] are selected on object 'Object Repository/PharmacyRequest/Page_KDMC-Pharmacy/select_--Select--Albendazole'

2018-06-09 20:29:05 - [MESSAGE][PASSED] - All options with index in [6] are selected on object 'Object Repository/PharmacyRequest/Page_KDMC-Pharmacy/select_--Select--Albendazole'

2018-06-09 20:29:05 - [TEST_STEP][PASSED] - setText: Text '10' is set on object 'Object Repository/PharmacyRequest/Page_KDMC-Pharmacy/input_txttreat'

2018-06-09 20:29:05 - [MESSAGE][PASSED] - Text '10' is set on object 'Object Repository/PharmacyRequest/Page_KDMC-Pharmacy/input_txttreat'

2018-06-09 20:29:05 - [TEST_STEP][PASSED] - click: Object: 'Object Repository/PharmacyRequest/Page_KDMC-Pharmacy/button_Add' is clicked on

2018-06-09 20:29:05 - [MESSAGE][PASSED] - Object: 'Object Repository/PharmacyRequest/Page_KDMC-Pharmacy/button_Add' is clicked on

2018-06-09 20:29:05 - [TEST_STEP][PASSED] - selectOptionByIndex: All options with index in [4] are selected on object 'Object Repository/PharmacyRequest/Page_KDMC-Pharmacy/select_--Select--Schedule 1Inj'

2018-06-09 20:29:05 - [MESSAGE][PASSED] - All options with index in [4] are selected on object 'Object Repository/PharmacyRequest/Page_KDMC-Pharmacy/select_--Select--Schedule 1Inj'

2018-06-09 20:29:05 - [TEST_STEP][PASSED] - selectOptionByIndex: All options with index in [7] are selected on object 'Object Repository/PharmacyRequest/Page_KDMC-Pharmacy/select_--Select--Albendazole'

2018-06-09 20:29:05 - [MESSAGE][PASSED] - All options with index in [7] are selected on object 'Object Repository/PharmacyRequest/Page_KDMC-Pharmacy/select_--Select--Albendazole'

2018-06-09 20:29:05 - [TEST_STEP][PASSED] - setText: Text '10' is set on object 'Object Repository/PharmacyRequest/Page_KDMC-Pharmacy/input_txttreat'

2018-06-09 20:29:05 - [MESSAGE][PASSED] - Text '10' is set on object 'Object Repository/PharmacyRequest/Page_KDMC-Pharmacy/input_txttreat'

2018-06-09 20:29:05 - [TEST_STEP][PASSED] - click: Object: 'Object Repository/PharmacyRequest/Page_KDMC-Pharmacy/button_Add' is clicked on

2018-06-09 20:29:05 - [MESSAGE][PASSED] - Object: 'Object Repository/PharmacyRequest/Page_KDMC-Pharmacy/button_Add' is clicked on

2018-06-09 20:29:05 - [TEST_STEP][PASSED] - selectOptionByIndex: All options with index in [4] are selected on object 'Object Repository/PharmacyRequest/Page_KDMC-Pharmacy/select_--Select--Schedule 1Inj'

2018-06-09 20:29:05 - [MESSAGE][PASSED] - All options with index in [4] are selected on object 'Object Repository/PharmacyRequest/Page_KDMC-Pharmacy/select_--Select--Schedule 1Inj'

2018-06-09 20:29:05 - [TEST_STEP][PASSED] - selectOptionByIndex: All options with index in [8] are selected on object 'Object Repository/PharmacyRequest/Page_KDMC-Pharmacy/select_--Select--Albendazole'

2018-06-09 20:29:05 - [MESSAGE][PASSED] - All options with index in [8] are selected on object 'Object Repository/PharmacyRequest/Page_KDMC-Pharmacy/select_--Select--Albendazole'

2018-06-09 20:29:05 - [TEST_STEP][PASSED] - setText: Text '10' is set on object 'Object Repository/PharmacyRequest/Page_KDMC-Pharmacy/input_txttreat'

2018-06-09 20:29:06 - [MESSAGE][PASSED] - Text '10' is set on object 'Object Repository/PharmacyRequest/Page_KDMC-Pharmacy/input_txttreat'

2018-06-09 20:29:06 - [TEST_STEP][PASSED] - click: Object: 'Object Repository/PharmacyRequest/Page_KDMC-Pharmacy/button_Add' is clicked on

2018-06-09 20:29:06 - [MESSAGE][PASSED] - Object: 'Object Repository/PharmacyRequest/Page_KDMC-Pharmacy/button_Add' is clicked on

2018-06-09 20:29:06 - [TEST_STEP][PASSED] - selectOptionByIndex: All options with index in [4] are selected on object 'Object Repository/PharmacyRequest/Page_KDMC-Pharmacy/select_--Select--Schedule 1Inj'

2018-06-09 20:29:06 - [MESSAGE][PASSED] - All options with index in [4] are selected on object 'Object Repository/PharmacyRequest/Page_KDMC-Pharmacy/select_--Select--Schedule 1Inj'

2018-06-09 20:29:06 - [TEST_STEP][PASSED] - selectOptionByIndex: All options with index in [9] are selected on object 'Object Repository/PharmacyRequest/Page_KDMC-Pharmacy/select_--Select--Albendazole'

2018-06-09 20:29:06 - [MESSAGE][PASSED] - All options with index in [9] are selected on object 'Object Repository/PharmacyRequest/Page_KDMC-Pharmacy/select_--Select--Albendazole'

2018-06-09 20:29:06 - [TEST_STEP][PASSED] - setText: Text '10' is set on object 'Object Repository/PharmacyRequest/Page_KDMC-Pharmacy/input_txttreat'

2018-06-09 20:29:06 - [MESSAGE][PASSED] - Text '10' is set on object 'Object Repository/PharmacyRequest/Page_KDMC-Pharmacy/input_txttreat'

2018-06-09 20:29:06 - [TEST_STEP][PASSED] - click: Object: 'Object Repository/PharmacyRequest/Page_KDMC-Pharmacy/button_Add' is clicked on

2018-06-09 20:29:06 - [MESSAGE][PASSED] - Object: 'Object Repository/PharmacyRequest/Page_KDMC-Pharmacy/button_Add' is clicked on

2018-06-09 20:29:06 - [TEST_STEP][PASSED] - selectOptionByIndex: All options with index in [4] are selected on object 'Object Repository/PharmacyRequest/Page_KDMC-Pharmacy/select_--Select--Schedule 1Inj'

2018-06-09 20:29:06 - [MESSAGE][PASSED] - All options with index in [4] are selected on object 'Object Repository/PharmacyRequest/Page_KDMC-Pharmacy/select_--Select--Schedule 1Inj'

2018-06-09 20:29:06 - [TEST_STEP][PASSED] - selectOptionByIndex: All options with index in [10] are selected on object 'Object Repository/PharmacyRequest/Page_KDMC-Pharmacy/select_--Select--Albendazole'

2018-06-09 20:29:06 - [MESSAGE][PASSED] - All options with index in [10] are selected on object 'Object Repository/PharmacyRequest/Page_KDMC-Pharmacy/select_--Select--Albendazole'

2018-06-09 20:29:06 - [TEST_STEP][PASSED] - setText: Text '10' is set on object 'Object Repository/PharmacyRequest/Page_KDMC-Pharmacy/input_txttreat'

2018-06-09 20:29:06 - [MESSAGE][PASSED] - Text '10' is set on object 'Object Repository/PharmacyRequest/Page_KDMC-Pharmacy/input_txttreat'

2018-06-09 20:29:06 - [TEST_STEP][PASSED] - click: Object: 'Object Repository/PharmacyRequest/Page_KDMC-Pharmacy/button_Add' is clicked on

2018-06-09 20:29:06 - [MESSAGE][PASSED] - Object: 'Object Repository/PharmacyRequest/Page_KDMC-Pharmacy/button_Add' is clicked on

2018-06-09 20:29:06 - [TEST_STEP][PASSED] - selectOptionByIndex: All options with index in [4] are selected on object 'Object Repository/PharmacyRequest/Page_KDMC-Pharmacy/select_--Select--Schedule 1Inj'

2018-06-09 20:29:07 - [MESSAGE][PASSED] - All options with index in [4] are selected on object 'Object Repository/PharmacyRequest/Page_KDMC-Pharmacy/select_--Select--Schedule 1Inj'

2018-06-09 20:29:07 - [TEST_STEP][PASSED] - selectOptionByIndex: All options with index in [11] are selected on object 'Object Repository/PharmacyRequest/Page_KDMC-Pharmacy/select_--Select--Albendazole'

2018-06-09 20:29:07 - [MESSAGE][PASSED] - All options with index in [11] are selected on object 'Object Repository/PharmacyRequest/Page_KDMC-Pharmacy/select_--Select--Albendazole'

2018-06-09 20:29:07 - [TEST_STEP][PASSED] - setText: Text '10' is set on object 'Object Repository/PharmacyRequest/Page_KDMC-Pharmacy/input_txttreat'

2018-06-09 20:29:07 - [MESSAGE][PASSED] - Text '10' is set on object 'Object Repository/PharmacyRequest/Page_KDMC-Pharmacy/input_txttreat'

2018-06-09 20:29:07 - [TEST_STEP][PASSED] - click: Object: 'Object Repository/PharmacyRequest/Page_KDMC-Pharmacy/button_Add' is clicked on

2018-06-09 20:29:07 - [MESSAGE][PASSED] - Object: 'Object Repository/PharmacyRequest/Page_KDMC-Pharmacy/button_Add' is clicked on

2018-06-09 20:29:07 - [TEST_STEP][PASSED] - selectOptionByIndex: All options with index in [4] are selected on object 'Object Repository/PharmacyRequest/Page_KDMC-Pharmacy/select_--Select--Schedule 1Inj'

2018-06-09 20:29:07 - [MESSAGE][PASSED] - All options with index in [4] are selected on object 'Object Repository/PharmacyRequest/Page_KDMC-Pharmacy/select_--Select--Schedule 1Inj'

2018-06-09 20:29:07 - [TEST_STEP][PASSED] - selectOptionByIndex: All options with index in [12] are selected on object 'Object Repository/PharmacyRequest/Page_KDMC-Pharmacy/select_--Select--Albendazole'

2018-06-09 20:29:07 - [MESSAGE][PASSED] - All options with index in [12] are selected on object 'Object Repository/PharmacyRequest/Page_KDMC-Pharmacy/select_--Select--Albendazole'

2018-06-09 20:29:07 - [TEST_STEP][PASSED] - setText: Text '10' is set on object 'Object Repository/PharmacyRequest/Page_KDMC-Pharmacy/input_txttreat'

2018-06-09 20:29:07 - [MESSAGE][PASSED] - Text '10' is set on object 'Object Repository/PharmacyRequest/Page_KDMC-Pharmacy/input_txttreat'

2018-06-09 20:29:07 - [TEST_STEP][PASSED] - click: Object: 'Object Repository/PharmacyRequest/Page_KDMC-Pharmacy/button_Add' is clicked on

2018-06-09 20:29:07 - [MESSAGE][PASSED] - Object: 'Object Repository/PharmacyRequest/Page_KDMC-Pharmacy/button_Add' is clicked on

2018-06-09 20:29:07 - [TEST_STEP][PASSED] - selectOptionByIndex: All options with index in [4] are selected on object 'Object Repository/PharmacyRequest/Page_KDMC-Pharmacy/select_--Select--Schedule 1Inj'

2018-06-09 20:29:08 - [MESSAGE][PASSED] - All options with index in [4] are selected on object 'Object Repository/PharmacyRequest/Page_KDMC-Pharmacy/select_--Select--Schedule 1Inj'

2018-06-09 20:29:08 - [TEST_STEP][PASSED] - selectOptionByIndex: All options with index in [13] are selected on object 'Object Repository/PharmacyRequest/Page_KDMC-Pharmacy/select_--Select--Albendazole'

2018-06-09 20:29:08 - [MESSAGE][PASSED] - All options with index in [13] are selected on object 'Object Repository/PharmacyRequest/Page_KDMC-Pharmacy/select_--Select--Albendazole'

2018-06-09 20:29:08 - [TEST_STEP][PASSED] - setText: Text '10' is set on object 'Object Repository/PharmacyRequest/Page_KDMC-Pharmacy/input_txttreat'

2018-06-09 20:29:08 - [MESSAGE][PASSED] - Text '10' is set on object 'Object Repository/PharmacyRequest/Page_KDMC-Pharmacy/input_txttreat'

2018-06-09 20:29:08 - [TEST_STEP][PASSED] - click: Object: 'Object Repository/PharmacyRequest/Page_KDMC-Pharmacy/button_Add' is clicked on

2018-06-09 20:29:08 - [MESSAGE][PASSED] - Object: 'Object Repository/PharmacyRequest/Page_KDMC-Pharmacy/button_Add' is clicked on

2018-06-09 20:29:08 - [TEST_STEP][PASSED] - selectOptionByIndex: All options with index in [4] are selected on object 'Object Repository/PharmacyRequest/Page_KDMC-Pharmacy/select_--Select--Schedule 1Inj'

2018-06-09 20:29:08 - [MESSAGE][PASSED] - All options with index in [4] are selected on object 'Object Repository/PharmacyRequest/Page_KDMC-Pharmacy/select_--Select--Schedule 1Inj'

2018-06-09 20:29:08 - [TEST_STEP][PASSED] - selectOptionByIndex: All options with index in [14] are selected on object 'Object Repository/PharmacyRequest/Page_KDMC-Pharmacy/select_--Select--Albendazole'

2018-06-09 20:29:08 - [MESSAGE][PASSED] - All options with index in [14] are selected on object 'Object Repository/PharmacyRequest/Page_KDMC-Pharmacy/select_--Select--Albendazole'

2018-06-09 20:29:08 - [TEST_STEP][PASSED] - setText: Text '10' is set on object 'Object Repository/PharmacyRequest/Page_KDMC-Pharmacy/input_txttreat'

2018-06-09 20:29:08 - [MESSAGE][PASSED] - Text '10' is set on object 'Object Repository/PharmacyRequest/Page_KDMC-Pharmacy/input_txttreat'

2018-06-09 20:29:08 - [TEST_STEP][PASSED] - click: Object: 'Object Repository/PharmacyRequest/Page_KDMC-Pharmacy/button_Add' is clicked on

2018-06-09 20:29:08 - [MESSAGE][PASSED] - Object: 'Object Repository/PharmacyRequest/Page_KDMC-Pharmacy/button_Add' is clicked on

2018-06-09 20:29:08 - [TEST_STEP][PASSED] - selectOptionByIndex: All options with index in [4] are selected on object 'Object Repository/PharmacyRequest/Page_KDMC-Pharmacy/select_--Select--Schedule 1Inj'

2018-06-09 20:29:08 - [MESSAGE][PASSED] - All options with index in [4] are selected on object 'Object Repository/PharmacyRequest/Page_KDMC-Pharmacy/select_--Select--Schedule 1Inj'

2018-06-09 20:29:08 - [TEST_STEP][PASSED] - selectOptionByIndex: All options with index in [15] are selected on object 'Object Repository/PharmacyRequest/Page_KDMC-Pharmacy/select_--Select--Albendazole'

2018-06-09 20:29:09 - [MESSAGE][PASSED] - All options with index in [15] are selected on object 'Object Repository/PharmacyRequest/Page_KDMC-Pharmacy/select_--Select--Albendazole'

2018-06-09 20:29:09 - [TEST_STEP][PASSED] - setText: Text '10' is set on object 'Object Repository/PharmacyRequest/Page_KDMC-Pharmacy/input_txttreat'

2018-06-09 20:29:09 - [MESSAGE][PASSED] - Text '10' is set on object 'Object Repository/PharmacyRequest/Page_KDMC-Pharmacy/input_txttreat'

2018-06-09 20:29:09 - [TEST_STEP][PASSED] - click: Object: 'Object Repository/PharmacyRequest/Page_KDMC-Pharmacy/button_Add' is clicked on

2018-06-09 20:29:09 - [MESSAGE][PASSED] - Object: 'Object Repository/PharmacyRequest/Page_KDMC-Pharmacy/button_Add' is clicked on

2018-06-09 20:29:09 - [TEST_STEP][PASSED] - Statement - RN1 = com.kms.katalon.core.webui.keyword.WebUiBuiltInKeywords.getAttribute(com.kms.katalon.core.testobject.ObjectRepository.findTestObject(PharmacyRequest/Page_KDMC-Pharmacy/input_txtno), "value"): Attribute 'value' of object 'Object Repository/PharmacyRequest/Page_KDMC-Pharmacy/input_txtno' is: 'PRNO/09062018/219'

2018-06-09 20:29:09 - [MESSAGE][PASSED] - Attribute 'value' of object 'Object Repository/PharmacyRequest/Page_KDMC-Pharmacy/input_txtno' is: 'PRNO/09062018/219'

2018-06-09 20:29:09 - [TEST_STEP][PASSED] - Statement - out.println(RN1): null

2018-06-09 20:29:09 - [TEST_STEP][PASSED] - Statement - RID = RN1.split("/")[2]: null

2018-06-09 20:29:09 - [TEST_STEP][PASSED] - scrollToElement: Scroll to object 'Object Repository/PharmacyRequest/Page_KDMC-Pharmacy/input_btnsave' successfully

2018-06-09 20:29:09 - [MESSAGE][PASSED] - Scroll to object 'Object Repository/PharmacyRequest/Page_KDMC-Pharmacy/input_btnsave' successfully

2018-06-09 20:29:09 - [TEST_STEP][PASSED] - click: Object: 'Object Repository/PharmacyRequest/Page_KDMC-Pharmacy/input_btnsave' is clicked on

2018-06-09 20:29:09 - [MESSAGE][PASSED] - Object: 'Object Repository/PharmacyRequest/Page_KDMC-Pharmacy/input_btnsave' is clicked on

2018-06-09 20:29:09 - [TEST_STEP][PASSED] - delay: Delayed 3 second(s)

2018-06-09 20:29:12 - [MESSAGE][PASSED] - Delayed 3 second(s)

2018-06-09 20:29:12 - [TEST_STEP][PASSED] - click: Object: 'Object Repository/PharmacyRequest/Page_KDMC-Pharmacy/button_OK' is clicked on

2018-06-09 20:29:13 - [MESSAGE][PASSED] - Object: 'Object Repository/PharmacyRequest/Page_KDMC-Pharmacy/button_OK' is clicked on

2018-06-09 20:29:13 - [TEST_STEP][PASSED] - delay: Delayed 3 second(s)

2018-06-09 20:29:16 - [MESSAGE][PASSED] - Delayed 3 second(s)

2018-06-09 20:29:16 - [TEST_STEP][PASSED] - click: Object: 'Object Repository/PharmacyRequest/Page_KDMC-Pharmacy/a_Back to Pharmacy' is clicked on

2018-06-09 20:29:17 - [MESSAGE][PASSED] - Object: 'Object Repository/PharmacyRequest/Page_KDMC-Pharmacy/a_Back to Pharmacy' is clicked on

2018-06-09 20:29:17 - [TEST_STEP][PASSED] - delay: Delayed 3 second(s)

2018-06-09 20:29:20 - [MESSAGE][PASSED] - Delayed 3 second(s)

2018-06-09 20:29:20 - [TEST_STEP][PASSED] - click: Object: 'Object Repository/PharmacyRequest/Page_KDMC - Pharmacy/a_dropdown-toggle' is clicked on

2018-06-09 20:29:20 - [MESSAGE][PASSED] - Object: 'Object Repository/PharmacyRequest/Page_KDMC - Pharmacy/a_dropdown-toggle' is clicked on

2018-06-09 20:29:20 - [TEST_STEP][PASSED] - click: Object: 'Object Repository/PharmacyRequest/Page_KDMC - Pharmacy/a_Sign out' is clicked on

2018-06-09 20:29:20 - [MESSAGE][PASSED] - Object: 'Object Repository/PharmacyRequest/Page_KDMC - Pharmacy/a_Sign out' is clicked on

2018-06-09 20:29:20 - [TEST_STEP][PASSED] - delay: Delayed 3 second(s)

2018-06-09 20:29:23 - [MESSAGE][PASSED] - Delayed 3 second(s)

2018-06-09 20:29:23 - [TEST_STEP][PASSED] - click: Object: 'Object Repository/PharmacyRequest/Page_KDMC/a_CMO' is clicked on

2018-06-09 20:29:24 - [MESSAGE][PASSED] - Object: 'Object Repository/PharmacyRequest/Page_KDMC/a_CMO' is clicked on

2018-06-09 20:29:24 - [TEST_STEP][PASSED] - setText: Text 'guru' is set on object 'Object Repository/PharmacyRequest/Page_CMO login/input_txtusername'

2018-06-09 20:29:24 - [MESSAGE][PASSED] - Text 'guru' is set on object 'Object Repository/PharmacyRequest/Page_CMO login/input_txtusername'

2018-06-09 20:29:24 - [TEST_STEP][PASSED] - setText: Text '123' is set on object 'Object Repository/PharmacyRequest/Page_CMO login/input_txtpassword'

2018-06-09 20:29:24 - [MESSAGE][PASSED] - Text '123' is set on object 'Object Repository/PharmacyRequest/Page_CMO login/input_txtpassword'

2018-06-09 20:29:24 - [TEST_STEP][PASSED] - delay: Delayed 3 second(s)

2018-06-09 20:29:27 - [MESSAGE][PASSED] - Delayed 3 second(s)

2018-06-09 20:29:27 - [TEST_STEP][PASSED] - click: Object: 'Object Repository/PharmacyRequest/Page_CMO login/button_Sign in' is clicked on

2018-06-09 20:29:28 - [MESSAGE][PASSED] - Object: 'Object Repository/PharmacyRequest/Page_CMO login/button_Sign in' is clicked on

2018-06-09 20:29:28 - [TEST_STEP][PASSED] - click: Object: 'Object Repository/PharmacyRequest/Page_KDMC - CMO/a_Department Wise Request' is clicked on

2018-06-09 20:29:28 - [MESSAGE][PASSED] - Object: 'Object Repository/PharmacyRequest/Page_KDMC - CMO/a_Department Wise Request' is clicked on

2018-06-09 20:29:28 - [TEST_STEP][PASSED] - selectOptionByIndex: All options with index in [2] are selected on object 'Object Repository/PharmacyRequest/Page_KDMC - CMO/select_--ALL--'

2018-06-09 20:29:28 - [MESSAGE][PASSED] - All options with index in [2] are selected on object 'Object Repository/PharmacyRequest/Page_KDMC - CMO/select_--ALL--'

2018-06-09 20:29:28 - [TEST_STEP][PASSED] - selectOptionByIndex: All options with index in [1] are selected on object 'Object Repository/PharmacyRequest/Page_KDMC - CMO/select_--ALL--                _1'

2018-06-09 20:29:29 - [MESSAGE][PASSED] - All options with index in [1] are selected on object 'Object Repository/PharmacyRequest/Page_KDMC - CMO/select_--ALL--                _1'

2018-06-09 20:29:29 - [TEST_STEP][PASSED] - click: Object: 'Object Repository/PharmacyRequest/Page_KDMC - CMO/input_btnsearch' is clicked on

2018-06-09 20:29:29 - [MESSAGE][PASSED] - Object: 'Object Repository/PharmacyRequest/Page_KDMC - CMO/input_btnsearch' is clicked on

2018-06-09 20:29:29 - [TEST_STEP][PASSED] - Statement - ID = com.kms.katalon.core.webui.keyword.WebUiBuiltInKeywords.modifyObjectProperty(com.kms.katalon.core.testobject.ObjectRepository.findTestObject(PharmacyRequest/Page_KDMC - CMO/input_2), "xpath", "equals", "//*[@id=" + RID + "]", true): Modify property of object successfully

2018-06-09 20:29:29 - [MESSAGE][PASSED] - Modify property of object successfully

2018-06-09 20:29:29 - [TEST_STEP][PASSED] - click: Object: 'Object Repository/PharmacyRequest/Page_KDMC - CMO/input_2' is clicked on

2018-06-09 20:29:30 - [MESSAGE][PASSED] - Object: 'Object Repository/PharmacyRequest/Page_KDMC - CMO/input_2' is clicked on

2018-06-09 20:29:30 - [TEST_STEP][PASSED] - delay: Delayed 3 second(s)

2018-06-09 20:29:33 - [MESSAGE][PASSED] - Delayed 3 second(s)

2018-06-09 20:29:33 - [TEST_STEP][PASSED] - selectOptionByIndex: All options with index in [1] are selected on object 'Object Repository/PharmacyRequest/Page_KDMC - CMO/select_--Select--'

2018-06-09 20:29:33 - [MESSAGE][PASSED] - All options with index in [1] are selected on object 'Object Repository/PharmacyRequest/Page_KDMC - CMO/select_--Select--'

2018-06-09 20:29:33 - [TEST_STEP][PASSED] - click: Object: 'Object Repository/PharmacyRequest/Page_KDMC - CMO/input_btnupdate' is clicked on

2018-06-09 20:29:33 - [MESSAGE][PASSED] - Object: 'Object Repository/PharmacyRequest/Page_KDMC - CMO/input_btnupdate' is clicked on

2018-06-09 20:29:33 - [TEST_STEP][PASSED] - delay: Delayed 3 second(s)

2018-06-09 20:29:36 - [MESSAGE][PASSED] - Delayed 3 second(s)

2018-06-09 20:29:36 - [TEST_STEP][PASSED] - click: Object: 'Object Repository/PharmacyRequest/Page_KDMC - CMO/button_OK' is clicked on

2018-06-09 20:29:36 - [MESSAGE][PASSED] - Object: 'Object Repository/PharmacyRequest/Page_KDMC - CMO/button_OK' is clicked on

2018-06-09 20:29:36 - [TEST_STEP][PASSED] - delay: Delayed 3 second(s)

2018-06-09 20:29:39 - [MESSAGE][PASSED] - Delayed 3 second(s)

2018-06-09 20:29:39 - [TEST_STEP][PASSED] - click: Object: 'Object Repository/PharmacyRequest/Page_KDMC - CMO/a_dropdown-toggle' is clicked on

2018-06-09 20:29:40 - [MESSAGE][PASSED] - Object: 'Object Repository/PharmacyRequest/Page_KDMC - CMO/a_dropdown-toggle' is clicked on

2018-06-09 20:29:40 - [TEST_STEP][PASSED] - click: Object: 'Object Repository/PharmacyRequest/Page_KDMC - CMO/a_Sign out' is clicked on

2018-06-09 20:29:40 - [MESSAGE][PASSED] - Object: 'Object Repository/PharmacyRequest/Page_KDMC - CMO/a_Sign out' is clicked on

2018-06-09 20:29:40 - [TEST_STEP][PASSED] - delay: Delayed 3 second(s)

2018-06-09 20:29:43 - [MESSAGE][PASSED] - Delayed 3 second(s)

2018-06-09 20:29:43 - [TEST_STEP][PASSED] - click: Object: 'Object Repository/PharmacyRequest/Page_KDMC/a_Divisional Store' is clicked on

2018-06-09 20:29:43 - [MESSAGE][PASSED] - Object: 'Object Repository/PharmacyRequest/Page_KDMC/a_Divisional Store' is clicked on

2018-06-09 20:29:43 - [TEST_STEP][PASSED] - setText: Text 'ragu' is set on object 'Object Repository/PharmacyRequest/Page_Divisonal Store Login/input_txtusername'

2018-06-09 20:29:44 - [MESSAGE][PASSED] - Text 'ragu' is set on object 'Object Repository/PharmacyRequest/Page_Divisonal Store Login/input_txtusername'

2018-06-09 20:29:44 - [TEST_STEP][PASSED] - setText: Text '123' is set on object 'Object Repository/PharmacyRequest/Page_Divisonal Store Login/input_txtpassword'

2018-06-09 20:29:44 - [MESSAGE][PASSED] - Text '123' is set on object 'Object Repository/PharmacyRequest/Page_Divisonal Store Login/input_txtpassword'

2018-06-09 20:29:44 - [TEST_STEP][PASSED] - delay: Delayed 3 second(s)

2018-06-09 20:29:47 - [MESSAGE][PASSED] - Delayed 3 second(s)

2018-06-09 20:29:47 - [TEST_STEP][PASSED] - click: Object: 'Object Repository/PharmacyRequest/Page_Divisonal Store Login/button_Sign in' is clicked on

2018-06-09 20:29:47 - [MESSAGE][PASSED] - Object: 'Object Repository/PharmacyRequest/Page_Divisonal Store Login/button_Sign in' is clicked on

2018-06-09 20:29:47 - [TEST_STEP][PASSED] - delay: Delayed 3 second(s)

2018-06-09 20:29:50 - [MESSAGE][PASSED] - Delayed 3 second(s)

2018-06-09 20:29:50 - [TEST_STEP][PASSED] - click: Object: 'Object Repository/PharmacyRequest/Page_Store/a_Pharmacy Request' is clicked on

2018-06-09 20:29:50 - [MESSAGE][PASSED] - Object: 'Object Repository/PharmacyRequest/Page_Store/a_Pharmacy Request' is clicked on

2018-06-09 20:29:50 - [TEST_STEP][PASSED] - click: Object: 'Object Repository/PharmacyRequest/Page_Store/a_Request Item Pharmacy' is clicked on

2018-06-09 20:29:51 - [MESSAGE][PASSED] - Object: 'Object Repository/PharmacyRequest/Page_Store/a_Request Item Pharmacy' is clicked on

2018-06-09 20:29:51 - [TEST_STEP][PASSED] - delay: Delayed 2 second(s)

2018-06-09 20:29:53 - [MESSAGE][PASSED] - Delayed 2 second(s)

2018-06-09 20:29:53 - [TEST_STEP][PASSED] - setText: Text 'PRNO/09062018/219' is set on object 'Object Repository/PharmacyRequest/Page_Store/input'

2018-06-09 20:29:54 - [MESSAGE][PASSED] - Text 'PRNO/09062018/219' is set on object 'Object Repository/PharmacyRequest/Page_Store/input'

2018-06-09 20:29:54 - [TEST_STEP][PASSED] - delay: Delayed 2 second(s)

2018-06-09 20:29:56 - [MESSAGE][PASSED] - Delayed 2 second(s)

2018-06-09 20:29:56 - [TEST_STEP][PASSED] - Statement - ChooseRequest = com.kms.katalon.core.webui.keyword.WebUiBuiltInKeywords.modifyObjectProperty(com.kms.katalon.core.testobject.ObjectRepository.findTestObject(PharmacyRequest/Page_Store/input_2), "xpath", "equals", "//*[@id=" + RID + "]", true): Modify property of object successfully

2018-06-09 20:29:56 - [MESSAGE][PASSED] - Modify property of object successfully

2018-06-09 20:29:56 - [TEST_STEP][PASSED] - click: Object: 'Object Repository/PharmacyRequest/Page_Store/input_2' is clicked on

2018-06-09 20:29:56 - [MESSAGE][PASSED] - Object: 'Object Repository/PharmacyRequest/Page_Store/input_2' is clicked on

2018-06-09 20:29:56 - [TEST_STEP][PASSED] - delay: Delayed 2 second(s)

2018-06-09 20:29:58 - [MESSAGE][PASSED] - Delayed 2 second(s)

2018-06-09 20:29:58 - [TEST_STEP][PASSED] - Statement - selectedoptions = com.kms.katalon.core.webui.keyword.WebUiBuiltInKeywords.getNumberOfTotalOption(com.kms.katalon.core.testobject.ObjectRepository.findTestObject(PharmacyRequest/Page_Store/select_--Select--Amlodepin -5)): 16 options of object 'Object Repository/PharmacyRequest/Page_Store/select_--Select--Amlodepin -5' counted

2018-06-09 20:29:58 - [MESSAGE][PASSED] - 16 options of object 'Object Repository/PharmacyRequest/Page_Store/select_--Select--Amlodepin -5' counted

2018-06-09 20:29:58 - [TEST_STEP][PASSED] - Statement - For ([a = 1, a <= selectedoptions - 1, (a++)]): null

2018-06-09 20:29:58 - [TEST_STEP][PASSED] - selectOptionByIndex: All options with index in [1] are selected on object 'Object Repository/PharmacyRequest/Page_Store/select_--Select--Amlodepin -5'

2018-06-09 20:29:58 - [MESSAGE][PASSED] - All options with index in [1] are selected on object 'Object Repository/PharmacyRequest/Page_Store/select_--Select--Amlodepin -5'

2018-06-09 20:29:58 - [TEST_STEP][PASSED] - delay: Delayed 1 second(s)

2018-06-09 20:29:59 - [MESSAGE][PASSED] - Delayed 1 second(s)

2018-06-09 20:29:59 - [TEST_STEP][PASSED] - Statement - RequestedQty = com.kms.katalon.core.webui.keyword.WebUiBuiltInKeywords.getAttribute(com.kms.katalon.core.testobject.ObjectRepository.findTestObject(PharmacyRequest/Page_Store/input_txttotal), "value"): Attribute 'value' of object 'Object Repository/PharmacyRequest/Page_Store/input_txttotal' is: '10'

2018-06-09 20:29:59 - [MESSAGE][PASSED] - Attribute 'value' of object 'Object Repository/PharmacyRequest/Page_Store/input_txttotal' is: '10'

2018-06-09 20:29:59 - [TEST_STEP][PASSED] - Statement - out.println("Requested QTY : " + RequestedQty): null

2018-06-09 20:29:59 - [TEST_STEP][PASSED] - Statement - BatchNumber = com.kms.katalon.core.webui.keyword.WebUiBuiltInKeywords.getNumberOfTotalOption(com.kms.katalon.core.testobject.ObjectRepository.findTestObject(PharmacyRequest/Page_Store/select_--Select--BA50)): 6 options of object 'Object Repository/PharmacyRequest/Page_Store/select_--Select--BA50' counted

2018-06-09 20:29:59 - [MESSAGE][PASSED] - 6 options of object 'Object Repository/PharmacyRequest/Page_Store/select_--Select--BA50' counted

2018-06-09 20:29:59 - [TEST_STEP][PASSED] - Statement - For ([g = 1, g <= BatchNumber - 1, (g++)]): null

2018-06-09 20:29:59 - [TEST_STEP][PASSED] - selectOptionByIndex: All options with index in [1] are selected on object 'Object Repository/PharmacyRequest/Page_Store/select_--Select--BA50'

2018-06-09 20:30:00 - [MESSAGE][PASSED] - All options with index in [1] are selected on object 'Object Repository/PharmacyRequest/Page_Store/select_--Select--BA50'

2018-06-09 20:30:00 - [TEST_STEP][PASSED] - delay: Delayed 1 second(s)

2018-06-09 20:30:01 - [MESSAGE][PASSED] - Delayed 1 second(s)

2018-06-09 20:30:01 - [TEST_STEP][PASSED] - Statement - StockQty = com.kms.katalon.core.webui.keyword.WebUiBuiltInKeywords.getAttribute(com.kms.katalon.core.testobject.ObjectRepository.findTestObject(PharmacyRequest/Page_Store/input_txtprice), "value"): Attribute 'value' of object 'Object Repository/PharmacyRequest/Page_Store/input_txtprice' is: '590'

2018-06-09 20:30:01 - [MESSAGE][PASSED] - Attribute 'value' of object 'Object Repository/PharmacyRequest/Page_Store/input_txtprice' is: '590'

2018-06-09 20:30:01 - [TEST_STEP][PASSED] - Statement - out.println("Stock QTY : " + StockQty): null

2018-06-09 20:30:01 - [TEST_STEP][PASSED] - delay: Delayed 1 second(s)

2018-06-09 20:30:02 - [MESSAGE][PASSED] - Delayed 1 second(s)

2018-06-09 20:30:02 - [TEST_STEP][PASSED] - Statement - If (java.lang.Integer.valueOf(StockQty) >= java.lang.Integer.valueOf(RequestedQty)): null

2018-06-09 20:30:02 - [TEST_STEP][PASSED] - setText: Text '10' is set on object 'Object Repository/PharmacyRequest/Page_Store/input_txtqty'

2018-06-09 20:30:02 - [MESSAGE][PASSED] - Text '10' is set on object 'Object Repository/PharmacyRequest/Page_Store/input_txtqty'

2018-06-09 20:30:02 - [TEST_STEP][PASSED] - click: Object: 'Object Repository/PharmacyRequest/Page_Store/button_Add' is clicked on

2018-06-09 20:30:02 - [MESSAGE][PASSED] - Object: 'Object Repository/PharmacyRequest/Page_Store/button_Add' is clicked on

2018-06-09 20:30:02 - [TEST_STEP][PASSED] - Statement - Break: null

2018-06-09 20:30:02 - [TEST_STEP][PASSED] - selectOptionByIndex: All options with index in [2] are selected on object 'Object Repository/PharmacyRequest/Page_Store/select_--Select--Amlodepin -5'

2018-06-09 20:30:02 - [MESSAGE][PASSED] - All options with index in [2] are selected on object 'Object Repository/PharmacyRequest/Page_Store/select_--Select--Amlodepin -5'

2018-06-09 20:30:02 - [TEST_STEP][PASSED] - delay: Delayed 1 second(s)

2018-06-09 20:30:03 - [MESSAGE][PASSED] - Delayed 1 second(s)

2018-06-09 20:30:03 - [TEST_STEP][PASSED] - Statement - RequestedQty = com.kms.katalon.core.webui.keyword.WebUiBuiltInKeywords.getAttribute(com.kms.katalon.core.testobject.ObjectRepository.findTestObject(PharmacyRequest/Page_Store/input_txttotal), "value"): Attribute 'value' of object 'Object Repository/PharmacyRequest/Page_Store/input_txttotal' is: '10'

2018-06-09 20:30:03 - [MESSAGE][PASSED] - Attribute 'value' of object 'Object Repository/PharmacyRequest/Page_Store/input_txttotal' is: '10'

2018-06-09 20:30:03 - [TEST_STEP][PASSED] - Statement - out.println("Requested QTY : " + RequestedQty): null

2018-06-09 20:30:03 - [TEST_STEP][PASSED] - Statement - BatchNumber = com.kms.katalon.core.webui.keyword.WebUiBuiltInKeywords.getNumberOfTotalOption(com.kms.katalon.core.testobject.ObjectRepository.findTestObject(PharmacyRequest/Page_Store/select_--Select--BA50)): 5 options of object 'Object Repository/PharmacyRequest/Page_Store/select_--Select--BA50' counted

2018-06-09 20:30:03 - [MESSAGE][PASSED] - 5 options of object 'Object Repository/PharmacyRequest/Page_Store/select_--Select--BA50' counted

2018-06-09 20:30:03 - [TEST_STEP][PASSED] - Statement - For ([g = 1, g <= BatchNumber - 1, (g++)]): null

2018-06-09 20:30:03 - [TEST_STEP][PASSED] - selectOptionByIndex: All options with index in [1] are selected on object 'Object Repository/PharmacyRequest/Page_Store/select_--Select--BA50'

2018-06-09 20:30:03 - [MESSAGE][PASSED] - All options with index in [1] are selected on object 'Object Repository/PharmacyRequest/Page_Store/select_--Select--BA50'

2018-06-09 20:30:03 - [TEST_STEP][PASSED] - delay: Delayed 1 second(s)

2018-06-09 20:30:04 - [MESSAGE][PASSED] - Delayed 1 second(s)

2018-06-09 20:30:04 - [TEST_STEP][PASSED] - Statement - StockQty = com.kms.katalon.core.webui.keyword.WebUiBuiltInKeywords.getAttribute(com.kms.katalon.core.testobject.ObjectRepository.findTestObject(PharmacyRequest/Page_Store/input_txtprice), "value"): Attribute 'value' of object 'Object Repository/PharmacyRequest/Page_Store/input_txtprice' is: '240'

2018-06-09 20:30:04 - [MESSAGE][PASSED] - Attribute 'value' of object 'Object Repository/PharmacyRequest/Page_Store/input_txtprice' is: '240'

2018-06-09 20:30:04 - [TEST_STEP][PASSED] - Statement - out.println("Stock QTY : " + StockQty): null

2018-06-09 20:30:04 - [TEST_STEP][PASSED] - delay: Delayed 1 second(s)

2018-06-09 20:30:05 - [MESSAGE][PASSED] - Delayed 1 second(s)

2018-06-09 20:30:05 - [TEST_STEP][PASSED] - Statement - If (java.lang.Integer.valueOf(StockQty) >= java.lang.Integer.valueOf(RequestedQty)): null

2018-06-09 20:30:05 - [TEST_STEP][PASSED] - setText: Text '10' is set on object 'Object Repository/PharmacyRequest/Page_Store/input_txtqty'

2018-06-09 20:30:05 - [MESSAGE][PASSED] - Text '10' is set on object 'Object Repository/PharmacyRequest/Page_Store/input_txtqty'

2018-06-09 20:30:05 - [TEST_STEP][PASSED] - click: Object: 'Object Repository/PharmacyRequest/Page_Store/button_Add' is clicked on

2018-06-09 20:30:05 - [MESSAGE][PASSED] - Object: 'Object Repository/PharmacyRequest/Page_Store/button_Add' is clicked on

2018-06-09 20:30:05 - [TEST_STEP][PASSED] - Statement - Break: null

2018-06-09 20:30:05 - [TEST_STEP][PASSED] - selectOptionByIndex: All options with index in [3] are selected on object 'Object Repository/PharmacyRequest/Page_Store/select_--Select--Amlodepin -5'

2018-06-09 20:30:06 - [MESSAGE][PASSED] - All options with index in [3] are selected on object 'Object Repository/PharmacyRequest/Page_Store/select_--Select--Amlodepin -5'

2018-06-09 20:30:06 - [TEST_STEP][PASSED] - delay: Delayed 1 second(s)

2018-06-09 20:30:07 - [MESSAGE][PASSED] - Delayed 1 second(s)

2018-06-09 20:30:07 - [TEST_STEP][PASSED] - Statement - RequestedQty = com.kms.katalon.core.webui.keyword.WebUiBuiltInKeywords.getAttribute(com.kms.katalon.core.testobject.ObjectRepository.findTestObject(PharmacyRequest/Page_Store/input_txttotal), "value"): Attribute 'value' of object 'Object Repository/PharmacyRequest/Page_Store/input_txttotal' is: '10'

2018-06-09 20:30:07 - [MESSAGE][PASSED] - Attribute 'value' of object 'Object Repository/PharmacyRequest/Page_Store/input_txttotal' is: '10'

2018-06-09 20:30:07 - [TEST_STEP][PASSED] - Statement - out.println("Requested QTY : " + RequestedQty): null

2018-06-09 20:30:07 - [TEST_STEP][PASSED] - Statement - BatchNumber = com.kms.katalon.core.webui.keyword.WebUiBuiltInKeywords.getNumberOfTotalOption(com.kms.katalon.core.testobject.ObjectRepository.findTestObject(PharmacyRequest/Page_Store/select_--Select--BA50)): 5 options of object 'Object Repository/PharmacyRequest/Page_Store/select_--Select--BA50' counted

2018-06-09 20:30:07 - [MESSAGE][PASSED] - 5 options of object 'Object Repository/PharmacyRequest/Page_Store/select_--Select--BA50' counted

2018-06-09 20:30:07 - [TEST_STEP][PASSED] - Statement - For ([g = 1, g <= BatchNumber - 1, (g++)]): null

2018-06-09 20:30:07 - [TEST_STEP][PASSED] - selectOptionByIndex: All options with index in [1] are selected on object 'Object Repository/PharmacyRequest/Page_Store/select_--Select--BA50'

2018-06-09 20:30:07 - [MESSAGE][PASSED] - All options with index in [1] are selected on object 'Object Repository/PharmacyRequest/Page_Store/select_--Select--BA50'

2018-06-09 20:30:07 - [TEST_STEP][PASSED] - delay: Delayed 1 second(s)

2018-06-09 20:30:08 - [MESSAGE][PASSED] - Delayed 1 second(s)

2018-06-09 20:30:08 - [TEST_STEP][PASSED] - Statement - StockQty = com.kms.katalon.core.webui.keyword.WebUiBuiltInKeywords.getAttribute(com.kms.katalon.core.testobject.ObjectRepository.findTestObject(PharmacyRequest/Page_Store/input_txtprice), "value"): Attribute 'value' of object 'Object Repository/PharmacyRequest/Page_Store/input_txtprice' is: '590'

2018-06-09 20:30:08 - [MESSAGE][PASSED] - Attribute 'value' of object 'Object Repository/PharmacyRequest/Page_Store/input_txtprice' is: '590'

2018-06-09 20:30:08 - [TEST_STEP][PASSED] - Statement - out.println("Stock QTY : " + StockQty): null

2018-06-09 20:30:08 - [TEST_STEP][PASSED] - delay: Delayed 1 second(s)

2018-06-09 20:30:09 - [MESSAGE][PASSED] - Delayed 1 second(s)

2018-06-09 20:30:09 - [TEST_STEP][PASSED] - Statement - If (java.lang.Integer.valueOf(StockQty) >= java.lang.Integer.valueOf(RequestedQty)): null

2018-06-09 20:30:09 - [TEST_STEP][PASSED] - setText: Text '10' is set on object 'Object Repository/PharmacyRequest/Page_Store/input_txtqty'

2018-06-09 20:30:09 - [MESSAGE][PASSED] - Text '10' is set on object 'Object Repository/PharmacyRequest/Page_Store/input_txtqty'

2018-06-09 20:30:09 - [TEST_STEP][PASSED] - click: Object: 'Object Repository/PharmacyRequest/Page_Store/button_Add' is clicked on

2018-06-09 20:30:09 - [MESSAGE][PASSED] - Object: 'Object Repository/PharmacyRequest/Page_Store/button_Add' is clicked on

2018-06-09 20:30:09 - [TEST_STEP][PASSED] - Statement - Break: null

2018-06-09 20:30:09 - [TEST_STEP][PASSED] - selectOptionByIndex: All options with index in [4] are selected on object 'Object Repository/PharmacyRequest/Page_Store/select_--Select--Amlodepin -5'

2018-06-09 20:30:09 - [MESSAGE][PASSED] - All options with index in [4] are selected on object 'Object Repository/PharmacyRequest/Page_Store/select_--Select--Amlodepin -5'

2018-06-09 20:30:09 - [TEST_STEP][PASSED] - delay: Delayed 1 second(s)

2018-06-09 20:30:10 - [MESSAGE][PASSED] - Delayed 1 second(s)

2018-06-09 20:30:10 - [TEST_STEP][PASSED] - Statement - RequestedQty = com.kms.katalon.core.webui.keyword.WebUiBuiltInKeywords.getAttribute(com.kms.katalon.core.testobject.ObjectRepository.findTestObject(PharmacyRequest/Page_Store/input_txttotal), "value"): Attribute 'value' of object 'Object Repository/PharmacyRequest/Page_Store/input_txttotal' is: '10'

2018-06-09 20:30:10 - [MESSAGE][PASSED] - Attribute 'value' of object 'Object Repository/PharmacyRequest/Page_Store/input_txttotal' is: '10'

2018-06-09 20:30:10 - [TEST_STEP][PASSED] - Statement - out.println("Requested QTY : " + RequestedQty): null

2018-06-09 20:30:10 - [TEST_STEP][PASSED] - Statement - BatchNumber = com.kms.katalon.core.webui.keyword.WebUiBuiltInKeywords.getNumberOfTotalOption(com.kms.katalon.core.testobject.ObjectRepository.findTestObject(PharmacyRequest/Page_Store/select_--Select--BA50)): 5 options of object 'Object Repository/PharmacyRequest/Page_Store/select_--Select--BA50' counted

2018-06-09 20:30:10 - [MESSAGE][PASSED] - 5 options of object 'Object Repository/PharmacyRequest/Page_Store/select_--Select--BA50' counted

2018-06-09 20:30:10 - [TEST_STEP][PASSED] - Statement - For ([g = 1, g <= BatchNumber - 1, (g++)]): null

2018-06-09 20:30:10 - [TEST_STEP][PASSED] - selectOptionByIndex: All options with index in [1] are selected on object 'Object Repository/PharmacyRequest/Page_Store/select_--Select--BA50'

2018-06-09 20:30:10 - [MESSAGE][PASSED] - All options with index in [1] are selected on object 'Object Repository/PharmacyRequest/Page_Store/select_--Select--BA50'

2018-06-09 20:30:10 - [TEST_STEP][PASSED] - delay: Delayed 1 second(s)

2018-06-09 20:30:11 - [MESSAGE][PASSED] - Delayed 1 second(s)

2018-06-09 20:30:11 - [TEST_STEP][PASSED] - Statement - StockQty = com.kms.katalon.core.webui.keyword.WebUiBuiltInKeywords.getAttribute(com.kms.katalon.core.testobject.ObjectRepository.findTestObject(PharmacyRequest/Page_Store/input_txtprice), "value"): Attribute 'value' of object 'Object Repository/PharmacyRequest/Page_Store/input_txtprice' is: '230'

2018-06-09 20:30:11 - [MESSAGE][PASSED] - Attribute 'value' of object 'Object Repository/PharmacyRequest/Page_Store/input_txtprice' is: '230'

2018-06-09 20:30:11 - [TEST_STEP][PASSED] - Statement - out.println("Stock QTY : " + StockQty): null

2018-06-09 20:30:11 - [TEST_STEP][PASSED] - delay: Delayed 1 second(s)

2018-06-09 20:30:12 - [MESSAGE][PASSED] - Delayed 1 second(s)

2018-06-09 20:30:12 - [TEST_STEP][PASSED] - Statement - If (java.lang.Integer.valueOf(StockQty) >= java.lang.Integer.valueOf(RequestedQty)): null

2018-06-09 20:30:12 - [TEST_STEP][PASSED] - setText: Text '10' is set on object 'Object Repository/PharmacyRequest/Page_Store/input_txtqty'

2018-06-09 20:30:12 - [MESSAGE][PASSED] - Text '10' is set on object 'Object Repository/PharmacyRequest/Page_Store/input_txtqty'

2018-06-09 20:30:12 - [TEST_STEP][PASSED] - click: Object: 'Object Repository/PharmacyRequest/Page_Store/button_Add' is clicked on

2018-06-09 20:30:12 - [MESSAGE][PASSED] - Object: 'Object Repository/PharmacyRequest/Page_Store/button_Add' is clicked on

2018-06-09 20:30:12 - [TEST_STEP][PASSED] - Statement - Break: null

2018-06-09 20:30:12 - [TEST_STEP][PASSED] - selectOptionByIndex: All options with index in [5] are selected on object 'Object Repository/PharmacyRequest/Page_Store/select_--Select--Amlodepin -5'

2018-06-09 20:30:13 - [MESSAGE][PASSED] - All options with index in [5] are selected on object 'Object Repository/PharmacyRequest/Page_Store/select_--Select--Amlodepin -5'

2018-06-09 20:30:13 - [TEST_STEP][PASSED] - delay: Delayed 1 second(s)

2018-06-09 20:30:14 - [MESSAGE][PASSED] - Delayed 1 second(s)

2018-06-09 20:30:14 - [TEST_STEP][PASSED] - Statement - RequestedQty = com.kms.katalon.core.webui.keyword.WebUiBuiltInKeywords.getAttribute(com.kms.katalon.core.testobject.ObjectRepository.findTestObject(PharmacyRequest/Page_Store/input_txttotal), "value"): Attribute 'value' of object 'Object Repository/PharmacyRequest/Page_Store/input_txttotal' is: '10'

2018-06-09 20:30:14 - [MESSAGE][PASSED] - Attribute 'value' of object 'Object Repository/PharmacyRequest/Page_Store/input_txttotal' is: '10'

2018-06-09 20:30:14 - [TEST_STEP][PASSED] - Statement - out.println("Requested QTY : " + RequestedQty): null

2018-06-09 20:30:14 - [TEST_STEP][PASSED] - Statement - BatchNumber = com.kms.katalon.core.webui.keyword.WebUiBuiltInKeywords.getNumberOfTotalOption(com.kms.katalon.core.testobject.ObjectRepository.findTestObject(PharmacyRequest/Page_Store/select_--Select--BA50)): 2 options of object 'Object Repository/PharmacyRequest/Page_Store/select_--Select--BA50' counted

2018-06-09 20:30:14 - [MESSAGE][PASSED] - 2 options of object 'Object Repository/PharmacyRequest/Page_Store/select_--Select--BA50' counted

2018-06-09 20:30:14 - [TEST_STEP][PASSED] - Statement - For ([g = 1, g <= BatchNumber - 1, (g++)]): null

2018-06-09 20:30:14 - [TEST_STEP][PASSED] - selectOptionByIndex: All options with index in [1] are selected on object 'Object Repository/PharmacyRequest/Page_Store/select_--Select--BA50'

2018-06-09 20:30:14 - [MESSAGE][PASSED] - All options with index in [1] are selected on object 'Object Repository/PharmacyRequest/Page_Store/select_--Select--BA50'

2018-06-09 20:30:14 - [TEST_STEP][PASSED] - delay: Delayed 1 second(s)

2018-06-09 20:30:15 - [MESSAGE][PASSED] - Delayed 1 second(s)

2018-06-09 20:30:15 - [TEST_STEP][PASSED] - Statement - StockQty = com.kms.katalon.core.webui.keyword.WebUiBuiltInKeywords.getAttribute(com.kms.katalon.core.testobject.ObjectRepository.findTestObject(PharmacyRequest/Page_Store/input_txtprice), "value"): Attribute 'value' of object 'Object Repository/PharmacyRequest/Page_Store/input_txtprice' is: '1800'

2018-06-09 20:30:15 - [MESSAGE][PASSED] - Attribute 'value' of object 'Object Repository/PharmacyRequest/Page_Store/input_txtprice' is: '1800'

2018-06-09 20:30:15 - [TEST_STEP][PASSED] - Statement - out.println("Stock QTY : " + StockQty): null

2018-06-09 20:30:15 - [TEST_STEP][PASSED] - delay: Delayed 1 second(s)

2018-06-09 20:30:16 - [MESSAGE][PASSED] - Delayed 1 second(s)

2018-06-09 20:30:16 - [TEST_STEP][PASSED] - Statement - If (java.lang.Integer.valueOf(StockQty) >= java.lang.Integer.valueOf(RequestedQty)): null

2018-06-09 20:30:16 - [TEST_STEP][PASSED] - setText: Text '10' is set on object 'Object Repository/PharmacyRequest/Page_Store/input_txtqty'

2018-06-09 20:30:16 - [MESSAGE][PASSED] - Text '10' is set on object 'Object Repository/PharmacyRequest/Page_Store/input_txtqty'

2018-06-09 20:30:16 - [TEST_STEP][PASSED] - click: Object: 'Object Repository/PharmacyRequest/Page_Store/button_Add' is clicked on

2018-06-09 20:30:16 - [MESSAGE][PASSED] - Object: 'Object Repository/PharmacyRequest/Page_Store/button_Add' is clicked on

2018-06-09 20:30:16 - [TEST_STEP][PASSED] - Statement - Break: null

2018-06-09 20:30:16 - [TEST_STEP][PASSED] - selectOptionByIndex: All options with index in [6] are selected on object 'Object Repository/PharmacyRequest/Page_Store/select_--Select--Amlodepin -5'

2018-06-09 20:30:16 - [MESSAGE][PASSED] - All options with index in [6] are selected on object 'Object Repository/PharmacyRequest/Page_Store/select_--Select--Amlodepin -5'

2018-06-09 20:30:16 - [TEST_STEP][PASSED] - delay: Delayed 1 second(s)

2018-06-09 20:30:17 - [MESSAGE][PASSED] - Delayed 1 second(s)

2018-06-09 20:30:17 - [TEST_STEP][PASSED] - Statement - RequestedQty = com.kms.katalon.core.webui.keyword.WebUiBuiltInKeywords.getAttribute(com.kms.katalon.core.testobject.ObjectRepository.findTestObject(PharmacyRequest/Page_Store/input_txttotal), "value"): Attribute 'value' of object 'Object Repository/PharmacyRequest/Page_Store/input_txttotal' is: '10'

2018-06-09 20:30:17 - [MESSAGE][PASSED] - Attribute 'value' of object 'Object Repository/PharmacyRequest/Page_Store/input_txttotal' is: '10'

2018-06-09 20:30:17 - [TEST_STEP][PASSED] - Statement - out.println("Requested QTY : " + RequestedQty): null

2018-06-09 20:30:17 - [TEST_STEP][PASSED] - Statement - BatchNumber = com.kms.katalon.core.webui.keyword.WebUiBuiltInKeywords.getNumberOfTotalOption(com.kms.katalon.core.testobject.ObjectRepository.findTestObject(PharmacyRequest/Page_Store/select_--Select--BA50)): 3 options of object 'Object Repository/PharmacyRequest/Page_Store/select_--Select--BA50' counted

2018-06-09 20:30:17 - [MESSAGE][PASSED] - 3 options of object 'Object Repository/PharmacyRequest/Page_Store/select_--Select--BA50' counted

2018-06-09 20:30:17 - [TEST_STEP][PASSED] - Statement - For ([g = 1, g <= BatchNumber - 1, (g++)]): null

2018-06-09 20:30:17 - [TEST_STEP][PASSED] - selectOptionByIndex: All options with index in [1] are selected on object 'Object Repository/PharmacyRequest/Page_Store/select_--Select--BA50'

2018-06-09 20:30:17 - [MESSAGE][PASSED] - All options with index in [1] are selected on object 'Object Repository/PharmacyRequest/Page_Store/select_--Select--BA50'

2018-06-09 20:30:17 - [TEST_STEP][PASSED] - delay: Delayed 1 second(s)

2018-06-09 20:30:18 - [MESSAGE][PASSED] - Delayed 1 second(s)

2018-06-09 20:30:18 - [TEST_STEP][PASSED] - Statement - StockQty = com.kms.katalon.core.webui.keyword.WebUiBuiltInKeywords.getAttribute(com.kms.katalon.core.testobject.ObjectRepository.findTestObject(PharmacyRequest/Page_Store/input_txtprice), "value"): Attribute 'value' of object 'Object Repository/PharmacyRequest/Page_Store/input_txtprice' is: '1630'

2018-06-09 20:30:18 - [MESSAGE][PASSED] - Attribute 'value' of object 'Object Repository/PharmacyRequest/Page_Store/input_txtprice' is: '1630'

2018-06-09 20:30:18 - [TEST_STEP][PASSED] - Statement - out.println("Stock QTY : " + StockQty): null

2018-06-09 20:30:18 - [TEST_STEP][PASSED] - delay: Delayed 1 second(s)

2018-06-09 20:30:19 - [MESSAGE][PASSED] - Delayed 1 second(s)

2018-06-09 20:30:19 - [TEST_STEP][PASSED] - Statement - If (java.lang.Integer.valueOf(StockQty) >= java.lang.Integer.valueOf(RequestedQty)): null

2018-06-09 20:30:19 - [TEST_STEP][PASSED] - setText: Text '10' is set on object 'Object Repository/PharmacyRequest/Page_Store/input_txtqty'

2018-06-09 20:30:19 - [MESSAGE][PASSED] - Text '10' is set on object 'Object Repository/PharmacyRequest/Page_Store/input_txtqty'

2018-06-09 20:30:19 - [TEST_STEP][PASSED] - click: Object: 'Object Repository/PharmacyRequest/Page_Store/button_Add' is clicked on

2018-06-09 20:30:19 - [MESSAGE][PASSED] - Object: 'Object Repository/PharmacyRequest/Page_Store/button_Add' is clicked on

2018-06-09 20:30:19 - [TEST_STEP][PASSED] - Statement - Break: null

2018-06-09 20:30:19 - [TEST_STEP][PASSED] - selectOptionByIndex: All options with index in [7] are selected on object 'Object Repository/PharmacyRequest/Page_Store/select_--Select--Amlodepin -5'

2018-06-09 20:30:20 - [MESSAGE][PASSED] - All options with index in [7] are selected on object 'Object Repository/PharmacyRequest/Page_Store/select_--Select--Amlodepin -5'

2018-06-09 20:30:20 - [TEST_STEP][PASSED] - delay: Delayed 1 second(s)

2018-06-09 20:30:21 - [MESSAGE][PASSED] - Delayed 1 second(s)

2018-06-09 20:30:21 - [TEST_STEP][PASSED] - Statement - RequestedQty = com.kms.katalon.core.webui.keyword.WebUiBuiltInKeywords.getAttribute(com.kms.katalon.core.testobject.ObjectRepository.findTestObject(PharmacyRequest/Page_Store/input_txttotal), "value"): Attribute 'value' of object 'Object Repository/PharmacyRequest/Page_Store/input_txttotal' is: '10'

2018-06-09 20:30:21 - [MESSAGE][PASSED] - Attribute 'value' of object 'Object Repository/PharmacyRequest/Page_Store/input_txttotal' is: '10'

2018-06-09 20:30:21 - [TEST_STEP][PASSED] - Statement - out.println("Requested QTY : " + RequestedQty): null

2018-06-09 20:30:21 - [TEST_STEP][PASSED] - Statement - BatchNumber = com.kms.katalon.core.webui.keyword.WebUiBuiltInKeywords.getNumberOfTotalOption(com.kms.katalon.core.testobject.ObjectRepository.findTestObject(PharmacyRequest/Page_Store/select_--Select--BA50)): 3 options of object 'Object Repository/PharmacyRequest/Page_Store/select_--Select--BA50' counted

2018-06-09 20:30:21 - [MESSAGE][PASSED] - 3 options of object 'Object Repository/PharmacyRequest/Page_Store/select_--Select--BA50' counted

2018-06-09 20:30:21 - [TEST_STEP][PASSED] - Statement - For ([g = 1, g <= BatchNumber - 1, (g++)]): null

2018-06-09 20:30:21 - [TEST_STEP][PASSED] - selectOptionByIndex: All options with index in [1] are selected on object 'Object Repository/PharmacyRequest/Page_Store/select_--Select--BA50'

2018-06-09 20:30:21 - [MESSAGE][PASSED] - All options with index in [1] are selected on object 'Object Repository/PharmacyRequest/Page_Store/select_--Select--BA50'

2018-06-09 20:30:21 - [TEST_STEP][PASSED] - delay: Delayed 1 second(s)

2018-06-09 20:30:22 - [MESSAGE][PASSED] - Delayed 1 second(s)

2018-06-09 20:30:22 - [TEST_STEP][PASSED] - Statement - StockQty = com.kms.katalon.core.webui.keyword.WebUiBuiltInKeywords.getAttribute(com.kms.katalon.core.testobject.ObjectRepository.findTestObject(PharmacyRequest/Page_Store/input_txtprice), "value"): Attribute 'value' of object 'Object Repository/PharmacyRequest/Page_Store/input_txtprice' is: '1520'

2018-06-09 20:30:22 - [MESSAGE][PASSED] - Attribute 'value' of object 'Object Repository/PharmacyRequest/Page_Store/input_txtprice' is: '1520'

2018-06-09 20:30:22 - [TEST_STEP][PASSED] - Statement - out.println("Stock QTY : " + StockQty): null

2018-06-09 20:30:22 - [TEST_STEP][PASSED] - delay: Delayed 1 second(s)

2018-06-09 20:30:23 - [MESSAGE][PASSED] - Delayed 1 second(s)

2018-06-09 20:30:23 - [TEST_STEP][PASSED] - Statement - If (java.lang.Integer.valueOf(StockQty) >= java.lang.Integer.valueOf(RequestedQty)): null

2018-06-09 20:30:23 - [TEST_STEP][PASSED] - setText: Text '10' is set on object 'Object Repository/PharmacyRequest/Page_Store/input_txtqty'

2018-06-09 20:30:23 - [MESSAGE][PASSED] - Text '10' is set on object 'Object Repository/PharmacyRequest/Page_Store/input_txtqty'

2018-06-09 20:30:23 - [TEST_STEP][PASSED] - click: Object: 'Object Repository/PharmacyRequest/Page_Store/button_Add' is clicked on

2018-06-09 20:30:23 - [MESSAGE][PASSED] - Object: 'Object Repository/PharmacyRequest/Page_Store/button_Add' is clicked on

2018-06-09 20:30:23 - [TEST_STEP][PASSED] - Statement - Break: null

2018-06-09 20:30:23 - [TEST_STEP][PASSED] - selectOptionByIndex: All options with index in [8] are selected on object 'Object Repository/PharmacyRequest/Page_Store/select_--Select--Amlodepin -5'

2018-06-09 20:30:23 - [MESSAGE][PASSED] - All options with index in [8] are selected on object 'Object Repository/PharmacyRequest/Page_Store/select_--Select--Amlodepin -5'

2018-06-09 20:30:23 - [TEST_STEP][PASSED] - delay: Delayed 1 second(s)

2018-06-09 20:30:24 - [MESSAGE][PASSED] - Delayed 1 second(s)

2018-06-09 20:30:24 - [TEST_STEP][PASSED] - Statement - RequestedQty = com.kms.katalon.core.webui.keyword.WebUiBuiltInKeywords.getAttribute(com.kms.katalon.core.testobject.ObjectRepository.findTestObject(PharmacyRequest/Page_Store/input_txttotal), "value"): Attribute 'value' of object 'Object Repository/PharmacyRequest/Page_Store/input_txttotal' is: '10'

2018-06-09 20:30:24 - [MESSAGE][PASSED] - Attribute 'value' of object 'Object Repository/PharmacyRequest/Page_Store/input_txttotal' is: '10'

2018-06-09 20:30:24 - [TEST_STEP][PASSED] - Statement - out.println("Requested QTY : " + RequestedQty): null

2018-06-09 20:30:24 - [TEST_STEP][PASSED] - Statement - BatchNumber = com.kms.katalon.core.webui.keyword.WebUiBuiltInKeywords.getNumberOfTotalOption(com.kms.katalon.core.testobject.ObjectRepository.findTestObject(PharmacyRequest/Page_Store/select_--Select--BA50)): 2 options of object 'Object Repository/PharmacyRequest/Page_Store/select_--Select--BA50' counted

2018-06-09 20:30:24 - [MESSAGE][PASSED] - 2 options of object 'Object Repository/PharmacyRequest/Page_Store/select_--Select--BA50' counted

2018-06-09 20:30:24 - [TEST_STEP][PASSED] - Statement - For ([g = 1, g <= BatchNumber - 1, (g++)]): null

2018-06-09 20:30:24 - [TEST_STEP][PASSED] - selectOptionByIndex: All options with index in [1] are selected on object 'Object Repository/PharmacyRequest/Page_Store/select_--Select--BA50'

2018-06-09 20:30:24 - [MESSAGE][PASSED] - All options with index in [1] are selected on object 'Object Repository/PharmacyRequest/Page_Store/select_--Select--BA50'

2018-06-09 20:30:24 - [TEST_STEP][PASSED] - delay: Delayed 1 second(s)

2018-06-09 20:30:25 - [MESSAGE][PASSED] - Delayed 1 second(s)

2018-06-09 20:30:25 - [TEST_STEP][PASSED] - Statement - StockQty = com.kms.katalon.core.webui.keyword.WebUiBuiltInKeywords.getAttribute(com.kms.katalon.core.testobject.ObjectRepository.findTestObject(PharmacyRequest/Page_Store/input_txtprice), "value"): Attribute 'value' of object 'Object Repository/PharmacyRequest/Page_Store/input_txtprice' is: '1620'

2018-06-09 20:30:25 - [MESSAGE][PASSED] - Attribute 'value' of object 'Object Repository/PharmacyRequest/Page_Store/input_txtprice' is: '1620'

2018-06-09 20:30:25 - [TEST_STEP][PASSED] - Statement - out.println("Stock QTY : " + StockQty): null

2018-06-09 20:30:25 - [TEST_STEP][PASSED] - delay: Delayed 1 second(s)

2018-06-09 20:30:26 - [MESSAGE][PASSED] - Delayed 1 second(s)

2018-06-09 20:30:26 - [TEST_STEP][PASSED] - Statement - If (java.lang.Integer.valueOf(StockQty) >= java.lang.Integer.valueOf(RequestedQty)): null

2018-06-09 20:30:26 - [TEST_STEP][PASSED] - setText: Text '10' is set on object 'Object Repository/PharmacyRequest/Page_Store/input_txtqty'

2018-06-09 20:30:27 - [MESSAGE][PASSED] - Text '10' is set on object 'Object Repository/PharmacyRequest/Page_Store/input_txtqty'

2018-06-09 20:30:27 - [TEST_STEP][PASSED] - click: Object: 'Object Repository/PharmacyRequest/Page_Store/button_Add' is clicked on

2018-06-09 20:30:27 - [MESSAGE][PASSED] - Object: 'Object Repository/PharmacyRequest/Page_Store/button_Add' is clicked on

2018-06-09 20:30:27 - [TEST_STEP][PASSED] - Statement - Break: null

2018-06-09 20:30:27 - [TEST_STEP][PASSED] - selectOptionByIndex: All options with index in [9] are selected on object 'Object Repository/PharmacyRequest/Page_Store/select_--Select--Amlodepin -5'

2018-06-09 20:30:27 - [MESSAGE][PASSED] - All options with index in [9] are selected on object 'Object Repository/PharmacyRequest/Page_Store/select_--Select--Amlodepin -5'

2018-06-09 20:30:27 - [TEST_STEP][PASSED] - delay: Delayed 1 second(s)

2018-06-09 20:30:28 - [MESSAGE][PASSED] - Delayed 1 second(s)

2018-06-09 20:30:28 - [TEST_STEP][PASSED] - Statement - RequestedQty = com.kms.katalon.core.webui.keyword.WebUiBuiltInKeywords.getAttribute(com.kms.katalon.core.testobject.ObjectRepository.findTestObject(PharmacyRequest/Page_Store/input_txttotal), "value"): Attribute 'value' of object 'Object Repository/PharmacyRequest/Page_Store/input_txttotal' is: '10'

2018-06-09 20:30:28 - [MESSAGE][PASSED] - Attribute 'value' of object 'Object Repository/PharmacyRequest/Page_Store/input_txttotal' is: '10'

2018-06-09 20:30:28 - [TEST_STEP][PASSED] - Statement - out.println("Requested QTY : " + RequestedQty): null

2018-06-09 20:30:28 - [TEST_STEP][PASSED] - Statement - BatchNumber = com.kms.katalon.core.webui.keyword.WebUiBuiltInKeywords.getNumberOfTotalOption(com.kms.katalon.core.testobject.ObjectRepository.findTestObject(PharmacyRequest/Page_Store/select_--Select--BA50)): 5 options of object 'Object Repository/PharmacyRequest/Page_Store/select_--Select--BA50' counted

2018-06-09 20:30:28 - [MESSAGE][PASSED] - 5 options of object 'Object Repository/PharmacyRequest/Page_Store/select_--Select--BA50' counted

2018-06-09 20:30:28 - [TEST_STEP][PASSED] - Statement - For ([g = 1, g <= BatchNumber - 1, (g++)]): null

2018-06-09 20:30:28 - [TEST_STEP][PASSED] - selectOptionByIndex: All options with index in [1] are selected on object 'Object Repository/PharmacyRequest/Page_Store/select_--Select--BA50'

2018-06-09 20:30:28 - [MESSAGE][PASSED] - All options with index in [1] are selected on object 'Object Repository/PharmacyRequest/Page_Store/select_--Select--BA50'

2018-06-09 20:30:28 - [TEST_STEP][PASSED] - delay: Delayed 1 second(s)

2018-06-09 20:30:29 - [MESSAGE][PASSED] - Delayed 1 second(s)

2018-06-09 20:30:29 - [TEST_STEP][PASSED] - Statement - StockQty = com.kms.katalon.core.webui.keyword.WebUiBuiltInKeywords.getAttribute(com.kms.katalon.core.testobject.ObjectRepository.findTestObject(PharmacyRequest/Page_Store/input_txtprice), "value"): Attribute 'value' of object 'Object Repository/PharmacyRequest/Page_Store/input_txtprice' is: '240'

2018-06-09 20:30:29 - [MESSAGE][PASSED] - Attribute 'value' of object 'Object Repository/PharmacyRequest/Page_Store/input_txtprice' is: '240'

2018-06-09 20:30:29 - [TEST_STEP][PASSED] - Statement - out.println("Stock QTY : " + StockQty): null

2018-06-09 20:30:29 - [TEST_STEP][PASSED] - delay: Delayed 1 second(s)

2018-06-09 20:30:30 - [MESSAGE][PASSED] - Delayed 1 second(s)

2018-06-09 20:30:30 - [TEST_STEP][PASSED] - Statement - If (java.lang.Integer.valueOf(StockQty) >= java.lang.Integer.valueOf(RequestedQty)): null

2018-06-09 20:30:30 - [TEST_STEP][PASSED] - setText: Text '10' is set on object 'Object Repository/PharmacyRequest/Page_Store/input_txtqty'

2018-06-09 20:30:30 - [MESSAGE][PASSED] - Text '10' is set on object 'Object Repository/PharmacyRequest/Page_Store/input_txtqty'

2018-06-09 20:30:30 - [TEST_STEP][PASSED] - click: Object: 'Object Repository/PharmacyRequest/Page_Store/button_Add' is clicked on

2018-06-09 20:30:30 - [MESSAGE][PASSED] - Object: 'Object Repository/PharmacyRequest/Page_Store/button_Add' is clicked on

2018-06-09 20:30:30 - [TEST_STEP][PASSED] - Statement - Break: null

2018-06-09 20:30:30 - [TEST_STEP][PASSED] - selectOptionByIndex: All options with index in [10] are selected on object 'Object Repository/PharmacyRequest/Page_Store/select_--Select--Amlodepin -5'

2018-06-09 20:30:30 - [MESSAGE][PASSED] - All options with index in [10] are selected on object 'Object Repository/PharmacyRequest/Page_Store/select_--Select--Amlodepin -5'

2018-06-09 20:30:30 - [TEST_STEP][PASSED] - delay: Delayed 1 second(s)

2018-06-09 20:30:31 - [MESSAGE][PASSED] - Delayed 1 second(s)

2018-06-09 20:30:31 - [TEST_STEP][PASSED] - Statement - RequestedQty = com.kms.katalon.core.webui.keyword.WebUiBuiltInKeywords.getAttribute(com.kms.katalon.core.testobject.ObjectRepository.findTestObject(PharmacyRequest/Page_Store/input_txttotal), "value"): Attribute 'value' of object 'Object Repository/PharmacyRequest/Page_Store/input_txttotal' is: '10'

2018-06-09 20:30:31 - [MESSAGE][PASSED] - Attribute 'value' of object 'Object Repository/PharmacyRequest/Page_Store/input_txttotal' is: '10'

2018-06-09 20:30:31 - [TEST_STEP][PASSED] - Statement - out.println("Requested QTY : " + RequestedQty): null

2018-06-09 20:30:31 - [TEST_STEP][PASSED] - Statement - BatchNumber = com.kms.katalon.core.webui.keyword.WebUiBuiltInKeywords.getNumberOfTotalOption(com.kms.katalon.core.testobject.ObjectRepository.findTestObject(PharmacyRequest/Page_Store/select_--Select--BA50)): 4 options of object 'Object Repository/PharmacyRequest/Page_Store/select_--Select--BA50' counted

2018-06-09 20:30:31 - [MESSAGE][PASSED] - 4 options of object 'Object Repository/PharmacyRequest/Page_Store/select_--Select--BA50' counted

2018-06-09 20:30:31 - [TEST_STEP][PASSED] - Statement - For ([g = 1, g <= BatchNumber - 1, (g++)]): null

2018-06-09 20:30:31 - [TEST_STEP][PASSED] - selectOptionByIndex: All options with index in [1] are selected on object 'Object Repository/PharmacyRequest/Page_Store/select_--Select--BA50'

2018-06-09 20:30:32 - [MESSAGE][PASSED] - All options with index in [1] are selected on object 'Object Repository/PharmacyRequest/Page_Store/select_--Select--BA50'

2018-06-09 20:30:32 - [TEST_STEP][PASSED] - delay: Delayed 1 second(s)

2018-06-09 20:30:33 - [MESSAGE][PASSED] - Delayed 1 second(s)

2018-06-09 20:30:33 - [TEST_STEP][PASSED] - Statement - StockQty = com.kms.katalon.core.webui.keyword.WebUiBuiltInKeywords.getAttribute(com.kms.katalon.core.testobject.ObjectRepository.findTestObject(PharmacyRequest/Page_Store/input_txtprice), "value"): Attribute 'value' of object 'Object Repository/PharmacyRequest/Page_Store/input_txtprice' is: '240'

2018-06-09 20:30:33 - [MESSAGE][PASSED] - Attribute 'value' of object 'Object Repository/PharmacyRequest/Page_Store/input_txtprice' is: '240'

2018-06-09 20:30:33 - [TEST_STEP][PASSED] - Statement - out.println("Stock QTY : " + StockQty): null

2018-06-09 20:30:33 - [TEST_STEP][PASSED] - delay: Delayed 1 second(s)

2018-06-09 20:30:34 - [MESSAGE][PASSED] - Delayed 1 second(s)

2018-06-09 20:30:34 - [TEST_STEP][PASSED] - Statement - If (java.lang.Integer.valueOf(StockQty) >= java.lang.Integer.valueOf(RequestedQty)): null

2018-06-09 20:30:34 - [TEST_STEP][PASSED] - setText: Text '10' is set on object 'Object Repository/PharmacyRequest/Page_Store/input_txtqty'

2018-06-09 20:30:34 - [MESSAGE][PASSED] - Text '10' is set on object 'Object Repository/PharmacyRequest/Page_Store/input_txtqty'

2018-06-09 20:30:34 - [TEST_STEP][PASSED] - click: Object: 'Object Repository/PharmacyRequest/Page_Store/button_Add' is clicked on

2018-06-09 20:30:34 - [MESSAGE][PASSED] - Object: 'Object Repository/PharmacyRequest/Page_Store/button_Add' is clicked on

2018-06-09 20:30:34 - [TEST_STEP][PASSED] - Statement - Break: null

2018-06-09 20:30:34 - [TEST_STEP][PASSED] - selectOptionByIndex: All options with index in [11] are selected on object 'Object Repository/PharmacyRequest/Page_Store/select_--Select--Amlodepin -5'

2018-06-09 20:30:34 - [MESSAGE][PASSED] - All options with index in [11] are selected on object 'Object Repository/PharmacyRequest/Page_Store/select_--Select--Amlodepin -5'

2018-06-09 20:30:34 - [TEST_STEP][PASSED] - delay: Delayed 1 second(s)

2018-06-09 20:30:35 - [MESSAGE][PASSED] - Delayed 1 second(s)

2018-06-09 20:30:35 - [TEST_STEP][PASSED] - Statement - RequestedQty = com.kms.katalon.core.webui.keyword.WebUiBuiltInKeywords.getAttribute(com.kms.katalon.core.testobject.ObjectRepository.findTestObject(PharmacyRequest/Page_Store/input_txttotal), "value"): Attribute 'value' of object 'Object Repository/PharmacyRequest/Page_Store/input_txttotal' is: '10'

2018-06-09 20:30:35 - [MESSAGE][PASSED] - Attribute 'value' of object 'Object Repository/PharmacyRequest/Page_Store/input_txttotal' is: '10'

2018-06-09 20:30:35 - [TEST_STEP][PASSED] - Statement - out.println("Requested QTY : " + RequestedQty): null

2018-06-09 20:30:35 - [TEST_STEP][PASSED] - Statement - BatchNumber = com.kms.katalon.core.webui.keyword.WebUiBuiltInKeywords.getNumberOfTotalOption(com.kms.katalon.core.testobject.ObjectRepository.findTestObject(PharmacyRequest/Page_Store/select_--Select--BA50)): 3 options of object 'Object Repository/PharmacyRequest/Page_Store/select_--Select--BA50' counted

2018-06-09 20:30:35 - [MESSAGE][PASSED] - 3 options of object 'Object Repository/PharmacyRequest/Page_Store/select_--Select--BA50' counted

2018-06-09 20:30:35 - [TEST_STEP][PASSED] - Statement - For ([g = 1, g <= BatchNumber - 1, (g++)]): null

2018-06-09 20:30:35 - [TEST_STEP][PASSED] - selectOptionByIndex: All options with index in [1] are selected on object 'Object Repository/PharmacyRequest/Page_Store/select_--Select--BA50'

2018-06-09 20:30:35 - [MESSAGE][PASSED] - All options with index in [1] are selected on object 'Object Repository/PharmacyRequest/Page_Store/select_--Select--BA50'

2018-06-09 20:30:35 - [TEST_STEP][PASSED] - delay: Delayed 1 second(s)

2018-06-09 20:30:36 - [MESSAGE][PASSED] - Delayed 1 second(s)

2018-06-09 20:30:36 - [TEST_STEP][PASSED] - Statement - StockQty = com.kms.katalon.core.webui.keyword.WebUiBuiltInKeywords.getAttribute(com.kms.katalon.core.testobject.ObjectRepository.findTestObject(PharmacyRequest/Page_Store/input_txtprice), "value"): Attribute 'value' of object 'Object Repository/PharmacyRequest/Page_Store/input_txtprice' is: '630'

2018-06-09 20:30:36 - [MESSAGE][PASSED] - Attribute 'value' of object 'Object Repository/PharmacyRequest/Page_Store/input_txtprice' is: '630'

2018-06-09 20:30:36 - [TEST_STEP][PASSED] - Statement - out.println("Stock QTY : " + StockQty): null

2018-06-09 20:30:36 - [TEST_STEP][PASSED] - delay: Delayed 1 second(s)

2018-06-09 20:30:37 - [MESSAGE][PASSED] - Delayed 1 second(s)

2018-06-09 20:30:37 - [TEST_STEP][PASSED] - Statement - If (java.lang.Integer.valueOf(StockQty) >= java.lang.Integer.valueOf(RequestedQty)): null

2018-06-09 20:30:37 - [TEST_STEP][PASSED] - setText: Text '10' is set on object 'Object Repository/PharmacyRequest/Page_Store/input_txtqty'

2018-06-09 20:30:37 - [MESSAGE][PASSED] - Text '10' is set on object 'Object Repository/PharmacyRequest/Page_Store/input_txtqty'

2018-06-09 20:30:37 - [TEST_STEP][PASSED] - click: Object: 'Object Repository/PharmacyRequest/Page_Store/button_Add' is clicked on

2018-06-09 20:30:37 - [MESSAGE][PASSED] - Object: 'Object Repository/PharmacyRequest/Page_Store/button_Add' is clicked on

2018-06-09 20:30:37 - [TEST_STEP][PASSED] - Statement - Break: null

2018-06-09 20:30:37 - [TEST_STEP][PASSED] - selectOptionByIndex: All options with index in [12] are selected on object 'Object Repository/PharmacyRequest/Page_Store/select_--Select--Amlodepin -5'

2018-06-09 20:30:38 - [MESSAGE][PASSED] - All options with index in [12] are selected on object 'Object Repository/PharmacyRequest/Page_Store/select_--Select--Amlodepin -5'

2018-06-09 20:30:38 - [TEST_STEP][PASSED] - delay: Delayed 1 second(s)

2018-06-09 20:30:39 - [MESSAGE][PASSED] - Delayed 1 second(s)

2018-06-09 20:30:39 - [TEST_STEP][PASSED] - Statement - RequestedQty = com.kms.katalon.core.webui.keyword.WebUiBuiltInKeywords.getAttribute(com.kms.katalon.core.testobject.ObjectRepository.findTestObject(PharmacyRequest/Page_Store/input_txttotal), "value"): Attribute 'value' of object 'Object Repository/PharmacyRequest/Page_Store/input_txttotal' is: '10'

2018-06-09 20:30:39 - [MESSAGE][PASSED] - Attribute 'value' of object 'Object Repository/PharmacyRequest/Page_Store/input_txttotal' is: '10'

2018-06-09 20:30:39 - [TEST_STEP][PASSED] - Statement - out.println("Requested QTY : " + RequestedQty): null

2018-06-09 20:30:39 - [TEST_STEP][PASSED] - Statement - BatchNumber = com.kms.katalon.core.webui.keyword.WebUiBuiltInKeywords.getNumberOfTotalOption(com.kms.katalon.core.testobject.ObjectRepository.findTestObject(PharmacyRequest/Page_Store/select_--Select--BA50)): 3 options of object 'Object Repository/PharmacyRequest/Page_Store/select_--Select--BA50' counted

2018-06-09 20:30:39 - [MESSAGE][PASSED] - 3 options of object 'Object Repository/PharmacyRequest/Page_Store/select_--Select--BA50' counted

2018-06-09 20:30:39 - [TEST_STEP][PASSED] - Statement - For ([g = 1, g <= BatchNumber - 1, (g++)]): null

2018-06-09 20:30:39 - [TEST_STEP][PASSED] - selectOptionByIndex: All options with index in [1] are selected on object 'Object Repository/PharmacyRequest/Page_Store/select_--Select--BA50'

2018-06-09 20:30:39 - [MESSAGE][PASSED] - All options with index in [1] are selected on object 'Object Repository/PharmacyRequest/Page_Store/select_--Select--BA50'

2018-06-09 20:30:39 - [TEST_STEP][PASSED] - delay: Delayed 1 second(s)

2018-06-09 20:30:40 - [MESSAGE][PASSED] - Delayed 1 second(s)

2018-06-09 20:30:40 - [TEST_STEP][PASSED] - Statement - StockQty = com.kms.katalon.core.webui.keyword.WebUiBuiltInKeywords.getAttribute(com.kms.katalon.core.testobject.ObjectRepository.findTestObject(PharmacyRequest/Page_Store/input_txtprice), "value"): Attribute 'value' of object 'Object Repository/PharmacyRequest/Page_Store/input_txtprice' is: '230'

2018-06-09 20:30:40 - [MESSAGE][PASSED] - Attribute 'value' of object 'Object Repository/PharmacyRequest/Page_Store/input_txtprice' is: '230'

2018-06-09 20:30:40 - [TEST_STEP][PASSED] - Statement - out.println("Stock QTY : " + StockQty): null

2018-06-09 20:30:40 - [TEST_STEP][PASSED] - delay: Delayed 1 second(s)

2018-06-09 20:30:41 - [MESSAGE][PASSED] - Delayed 1 second(s)

2018-06-09 20:30:41 - [TEST_STEP][PASSED] - Statement - If (java.lang.Integer.valueOf(StockQty) >= java.lang.Integer.valueOf(RequestedQty)): null

2018-06-09 20:30:41 - [TEST_STEP][PASSED] - setText: Text '10' is set on object 'Object Repository/PharmacyRequest/Page_Store/input_txtqty'

2018-06-09 20:30:41 - [MESSAGE][PASSED] - Text '10' is set on object 'Object Repository/PharmacyRequest/Page_Store/input_txtqty'

2018-06-09 20:30:41 - [TEST_STEP][PASSED] - click: Object: 'Object Repository/PharmacyRequest/Page_Store/button_Add' is clicked on

2018-06-09 20:30:41 - [MESSAGE][PASSED] - Object: 'Object Repository/PharmacyRequest/Page_Store/button_Add' is clicked on

2018-06-09 20:30:41 - [TEST_STEP][PASSED] - Statement - Break: null

2018-06-09 20:30:41 - [TEST_STEP][PASSED] - selectOptionByIndex: All options with index in [13] are selected on object 'Object Repository/PharmacyRequest/Page_Store/select_--Select--Amlodepin -5'

2018-06-09 20:30:41 - [MESSAGE][PASSED] - All options with index in [13] are selected on object 'Object Repository/PharmacyRequest/Page_Store/select_--Select--Amlodepin -5'

2018-06-09 20:30:41 - [TEST_STEP][PASSED] - delay: Delayed 1 second(s)

2018-06-09 20:30:42 - [MESSAGE][PASSED] - Delayed 1 second(s)

2018-06-09 20:30:42 - [TEST_STEP][PASSED] - Statement - RequestedQty = com.kms.katalon.core.webui.keyword.WebUiBuiltInKeywords.getAttribute(com.kms.katalon.core.testobject.ObjectRepository.findTestObject(PharmacyRequest/Page_Store/input_txttotal), "value"): Attribute 'value' of object 'Object Repository/PharmacyRequest/Page_Store/input_txttotal' is: '10'

2018-06-09 20:30:42 - [MESSAGE][PASSED] - Attribute 'value' of object 'Object Repository/PharmacyRequest/Page_Store/input_txttotal' is: '10'

2018-06-09 20:30:42 - [TEST_STEP][PASSED] - Statement - out.println("Requested QTY : " + RequestedQty): null

2018-06-09 20:30:42 - [TEST_STEP][PASSED] - Statement - BatchNumber = com.kms.katalon.core.webui.keyword.WebUiBuiltInKeywords.getNumberOfTotalOption(com.kms.katalon.core.testobject.ObjectRepository.findTestObject(PharmacyRequest/Page_Store/select_--Select--BA50)): 3 options of object 'Object Repository/PharmacyRequest/Page_Store/select_--Select--BA50' counted

2018-06-09 20:30:42 - [MESSAGE][PASSED] - 3 options of object 'Object Repository/PharmacyRequest/Page_Store/select_--Select--BA50' counted

2018-06-09 20:30:42 - [TEST_STEP][PASSED] - Statement - For ([g = 1, g <= BatchNumber - 1, (g++)]): null

2018-06-09 20:30:42 - [TEST_STEP][PASSED] - selectOptionByIndex: All options with index in [1] are selected on object 'Object Repository/PharmacyRequest/Page_Store/select_--Select--BA50'

2018-06-09 20:30:42 - [MESSAGE][PASSED] - All options with index in [1] are selected on object 'Object Repository/PharmacyRequest/Page_Store/select_--Select--BA50'

2018-06-09 20:30:42 - [TEST_STEP][PASSED] - delay: Delayed 1 second(s)

2018-06-09 20:30:43 - [MESSAGE][PASSED] - Delayed 1 second(s)

2018-06-09 20:30:43 - [TEST_STEP][PASSED] - Statement - StockQty = com.kms.katalon.core.webui.keyword.WebUiBuiltInKeywords.getAttribute(com.kms.katalon.core.testobject.ObjectRepository.findTestObject(PharmacyRequest/Page_Store/input_txtprice), "value"): Attribute 'value' of object 'Object Repository/PharmacyRequest/Page_Store/input_txtprice' is: '1520'

2018-06-09 20:30:43 - [MESSAGE][PASSED] - Attribute 'value' of object 'Object Repository/PharmacyRequest/Page_Store/input_txtprice' is: '1520'

2018-06-09 20:30:43 - [TEST_STEP][PASSED] - Statement - out.println("Stock QTY : " + StockQty): null

2018-06-09 20:30:43 - [TEST_STEP][PASSED] - delay: Delayed 1 second(s)

2018-06-09 20:30:44 - [MESSAGE][PASSED] - Delayed 1 second(s)

2018-06-09 20:30:44 - [TEST_STEP][PASSED] - Statement - If (java.lang.Integer.valueOf(StockQty) >= java.lang.Integer.valueOf(RequestedQty)): null

2018-06-09 20:30:44 - [TEST_STEP][PASSED] - setText: Text '10' is set on object 'Object Repository/PharmacyRequest/Page_Store/input_txtqty'

2018-06-09 20:30:45 - [MESSAGE][PASSED] - Text '10' is set on object 'Object Repository/PharmacyRequest/Page_Store/input_txtqty'

2018-06-09 20:30:45 - [TEST_STEP][PASSED] - click: Object: 'Object Repository/PharmacyRequest/Page_Store/button_Add' is clicked on

2018-06-09 20:30:45 - [MESSAGE][PASSED] - Object: 'Object Repository/PharmacyRequest/Page_Store/button_Add' is clicked on

2018-06-09 20:30:45 - [TEST_STEP][PASSED] - Statement - Break: null

2018-06-09 20:30:45 - [TEST_STEP][PASSED] - selectOptionByIndex: All options with index in [14] are selected on object 'Object Repository/PharmacyRequest/Page_Store/select_--Select--Amlodepin -5'

2018-06-09 20:30:45 - [MESSAGE][PASSED] - All options with index in [14] are selected on object 'Object Repository/PharmacyRequest/Page_Store/select_--Select--Amlodepin -5'

2018-06-09 20:30:45 - [TEST_STEP][PASSED] - delay: Delayed 1 second(s)

2018-06-09 20:30:46 - [MESSAGE][PASSED] - Delayed 1 second(s)

2018-06-09 20:30:46 - [TEST_STEP][PASSED] - Statement - RequestedQty = com.kms.katalon.core.webui.keyword.WebUiBuiltInKeywords.getAttribute(com.kms.katalon.core.testobject.ObjectRepository.findTestObject(PharmacyRequest/Page_Store/input_txttotal), "value"): Attribute 'value' of object 'Object Repository/PharmacyRequest/Page_Store/input_txttotal' is: '10'

2018-06-09 20:30:46 - [MESSAGE][PASSED] - Attribute 'value' of object 'Object Repository/PharmacyRequest/Page_Store/input_txttotal' is: '10'

2018-06-09 20:30:46 - [TEST_STEP][PASSED] - Statement - out.println("Requested QTY : " + RequestedQty): null

2018-06-09 20:30:46 - [TEST_STEP][PASSED] - Statement - BatchNumber = com.kms.katalon.core.webui.keyword.WebUiBuiltInKeywords.getNumberOfTotalOption(com.kms.katalon.core.testobject.ObjectRepository.findTestObject(PharmacyRequest/Page_Store/select_--Select--BA50)): 4 options of object 'Object Repository/PharmacyRequest/Page_Store/select_--Select--BA50' counted

2018-06-09 20:30:46 - [MESSAGE][PASSED] - 4 options of object 'Object Repository/PharmacyRequest/Page_Store/select_--Select--BA50' counted

2018-06-09 20:30:46 - [TEST_STEP][PASSED] - Statement - For ([g = 1, g <= BatchNumber - 1, (g++)]): null

2018-06-09 20:30:46 - [TEST_STEP][PASSED] - selectOptionByIndex: All options with index in [1] are selected on object 'Object Repository/PharmacyRequest/Page_Store/select_--Select--BA50'

2018-06-09 20:30:46 - [MESSAGE][PASSED] - All options with index in [1] are selected on object 'Object Repository/PharmacyRequest/Page_Store/select_--Select--BA50'

2018-06-09 20:30:46 - [TEST_STEP][PASSED] - delay: Delayed 1 second(s)

2018-06-09 20:30:47 - [MESSAGE][PASSED] - Delayed 1 second(s)

2018-06-09 20:30:47 - [TEST_STEP][PASSED] - Statement - StockQty = com.kms.katalon.core.webui.keyword.WebUiBuiltInKeywords.getAttribute(com.kms.katalon.core.testobject.ObjectRepository.findTestObject(PharmacyRequest/Page_Store/input_txtprice), "value"): Attribute 'value' of object 'Object Repository/PharmacyRequest/Page_Store/input_txtprice' is: '280'

2018-06-09 20:30:47 - [MESSAGE][PASSED] - Attribute 'value' of object 'Object Repository/PharmacyRequest/Page_Store/input_txtprice' is: '280'

2018-06-09 20:30:47 - [TEST_STEP][PASSED] - Statement - out.println("Stock QTY : " + StockQty): null

2018-06-09 20:30:47 - [TEST_STEP][PASSED] - delay: Delayed 1 second(s)

2018-06-09 20:30:48 - [MESSAGE][PASSED] - Delayed 1 second(s)

2018-06-09 20:30:48 - [TEST_STEP][PASSED] - Statement - If (java.lang.Integer.valueOf(StockQty) >= java.lang.Integer.valueOf(RequestedQty)): null

2018-06-09 20:30:48 - [TEST_STEP][PASSED] - setText: Text '10' is set on object 'Object Repository/PharmacyRequest/Page_Store/input_txtqty'

2018-06-09 20:30:48 - [MESSAGE][PASSED] - Text '10' is set on object 'Object Repository/PharmacyRequest/Page_Store/input_txtqty'

2018-06-09 20:30:48 - [TEST_STEP][PASSED] - click: Object: 'Object Repository/PharmacyRequest/Page_Store/button_Add' is clicked on

2018-06-09 20:30:48 - [MESSAGE][PASSED] - Object: 'Object Repository/PharmacyRequest/Page_Store/button_Add' is clicked on

2018-06-09 20:30:48 - [TEST_STEP][PASSED] - Statement - Break: null

2018-06-09 20:30:48 - [TEST_STEP][PASSED] - selectOptionByIndex: All options with index in [15] are selected on object 'Object Repository/PharmacyRequest/Page_Store/select_--Select--Amlodepin -5'

2018-06-09 20:30:48 - [MESSAGE][PASSED] - All options with index in [15] are selected on object 'Object Repository/PharmacyRequest/Page_Store/select_--Select--Amlodepin -5'

2018-06-09 20:30:48 - [TEST_STEP][PASSED] - delay: Delayed 1 second(s)

2018-06-09 20:30:49 - [MESSAGE][PASSED] - Delayed 1 second(s)

2018-06-09 20:30:49 - [TEST_STEP][PASSED] - Statement - RequestedQty = com.kms.katalon.core.webui.keyword.WebUiBuiltInKeywords.getAttribute(com.kms.katalon.core.testobject.ObjectRepository.findTestObject(PharmacyRequest/Page_Store/input_txttotal), "value"): Attribute 'value' of object 'Object Repository/PharmacyRequest/Page_Store/input_txttotal' is: '10'

2018-06-09 20:30:49 - [MESSAGE][PASSED] - Attribute 'value' of object 'Object Repository/PharmacyRequest/Page_Store/input_txttotal' is: '10'

2018-06-09 20:30:49 - [TEST_STEP][PASSED] - Statement - out.println("Requested QTY : " + RequestedQty): null

2018-06-09 20:30:49 - [TEST_STEP][PASSED] - Statement - BatchNumber = com.kms.katalon.core.webui.keyword.WebUiBuiltInKeywords.getNumberOfTotalOption(com.kms.katalon.core.testobject.ObjectRepository.findTestObject(PharmacyRequest/Page_Store/select_--Select--BA50)): 5 options of object 'Object Repository/PharmacyRequest/Page_Store/select_--Select--BA50' counted

2018-06-09 20:30:50 - [MESSAGE][PASSED] - 5 options of object 'Object Repository/PharmacyRequest/Page_Store/select_--Select--BA50' counted

2018-06-09 20:30:50 - [TEST_STEP][PASSED] - Statement - For ([g = 1, g <= BatchNumber - 1, (g++)]): null

2018-06-09 20:30:50 - [TEST_STEP][PASSED] - selectOptionByIndex: All options with index in [1] are selected on object 'Object Repository/PharmacyRequest/Page_Store/select_--Select--BA50'

2018-06-09 20:30:50 - [MESSAGE][PASSED] - All options with index in [1] are selected on object 'Object Repository/PharmacyRequest/Page_Store/select_--Select--BA50'

2018-06-09 20:30:50 - [TEST_STEP][PASSED] - delay: Delayed 1 second(s)

2018-06-09 20:30:51 - [MESSAGE][PASSED] - Delayed 1 second(s)

2018-06-09 20:30:51 - [TEST_STEP][PASSED] - Statement - StockQty = com.kms.katalon.core.webui.keyword.WebUiBuiltInKeywords.getAttribute(com.kms.katalon.core.testobject.ObjectRepository.findTestObject(PharmacyRequest/Page_Store/input_txtprice), "value"): Attribute 'value' of object 'Object Repository/PharmacyRequest/Page_Store/input_txtprice' is: '600'

2018-06-09 20:30:51 - [MESSAGE][PASSED] - Attribute 'value' of object 'Object Repository/PharmacyRequest/Page_Store/input_txtprice' is: '600'

2018-06-09 20:30:51 - [TEST_STEP][PASSED] - Statement - out.println("Stock QTY : " + StockQty): null

2018-06-09 20:30:51 - [TEST_STEP][PASSED] - delay: Delayed 1 second(s)

2018-06-09 20:30:52 - [MESSAGE][PASSED] - Delayed 1 second(s)

2018-06-09 20:30:52 - [TEST_STEP][PASSED] - Statement - If (java.lang.Integer.valueOf(StockQty) >= java.lang.Integer.valueOf(RequestedQty)): null

2018-06-09 20:30:52 - [TEST_STEP][PASSED] - setText: Text '10' is set on object 'Object Repository/PharmacyRequest/Page_Store/input_txtqty'

2018-06-09 20:30:52 - [MESSAGE][PASSED] - Text '10' is set on object 'Object Repository/PharmacyRequest/Page_Store/input_txtqty'

2018-06-09 20:30:52 - [TEST_STEP][PASSED] - click: Object: 'Object Repository/PharmacyRequest/Page_Store/button_Add' is clicked on

2018-06-09 20:30:52 - [MESSAGE][PASSED] - Object: 'Object Repository/PharmacyRequest/Page_Store/button_Add' is clicked on

2018-06-09 20:30:52 - [TEST_STEP][PASSED] - Statement - Break: null

2018-06-09 20:30:52 - [TEST_STEP][PASSED] - scrollToElement: Scroll to object 'Object Repository/PharmacyRequest/Page_Store/input_btnSubmit' successfully

2018-06-09 20:30:52 - [MESSAGE][PASSED] - Scroll to object 'Object Repository/PharmacyRequest/Page_Store/input_btnSubmit' successfully

2018-06-09 20:30:52 - [TEST_STEP][PASSED] - click: Object: 'Object Repository/PharmacyRequest/Page_Store/input_btnSubmit' is clicked on

2018-06-09 20:30:52 - [MESSAGE][PASSED] - Object: 'Object Repository/PharmacyRequest/Page_Store/input_btnSubmit' is clicked on

2018-06-09 20:30:52 - [TEST_STEP][PASSED] - delay: Delayed 3 second(s)

2018-06-09 20:30:55 - [MESSAGE][PASSED] - Delayed 3 second(s)

2018-06-09 20:30:55 - [TEST_STEP][PASSED] - click: Object: 'Object Repository/PharmacyRequest/Page_Store/button_OK' is clicked on

2018-06-09 20:30:56 - [MESSAGE][PASSED] - Object: 'Object Repository/PharmacyRequest/Page_Store/button_OK' is clicked on

2018-06-09 20:30:56 - [TEST_STEP][PASSED] - delay: Delayed 3 second(s)

2018-06-09 20:30:59 - [MESSAGE][PASSED] - Delayed 3 second(s)

2018-06-09 20:30:59 - [TEST_STEP][PASSED] - click: Object: 'Object Repository/PharmacyRequest/Page_Store/a_dropdown-toggle' is clicked on

2018-06-09 20:30:59 - [MESSAGE][PASSED] - Object: 'Object Repository/PharmacyRequest/Page_Store/a_dropdown-toggle' is clicked on

2018-06-09 20:30:59 - [TEST_STEP][PASSED] - click: Object: 'Object Repository/PharmacyRequest/Page_Store/a_Sign out' is clicked on

2018-06-09 20:30:59 - [MESSAGE][PASSED] - Object: 'Object Repository/PharmacyRequest/Page_Store/a_Sign out' is clicked on

2018-06-09 20:30:59 - [TEST_STEP][PASSED] - closeBrowser: Browser is closed

2018-06-09 20:31:00 - [MESSAGE][PASSED] - Browser is closed

2018-06-09 20:31:00 - [TEST_STEP][PASSED] - Statement - out.println("Schedule 4 Pharmacy Request Are Working Successfully"): null]]></system-out>
         <system-err><![CDATA[]]></system-err>
      </testcase>
      <testcase name="Test Cases/PHARMACY TEST CASES/TC_PHAR_005 Verify Schedule 5 Pharmacy Request Are Working Successfully Or Not" classname="Test Cases/PHARMACY TEST CASES/TC_PHAR_005 Verify Schedule 5 Pharmacy Request Are Working Successfully Or Not" status="PASSED">
         <system-out><![CDATA[2018-06-09 20:31:00 - [TEST_CASE][PASSED] - Test Cases/PHARMACY TEST CASES/TC_PHAR_005 Verify Schedule 5 Pharmacy Request Are Working Successfully Or Not: Test Cases/PHARMACY TEST CASES/TC_PHAR_005 Verify Schedule 5 Pharmacy Request Are Working Successfully Or Not

2018-06-09 20:31:00 - [TEST_STEP][PASSED] - openBrowser: Browser is opened with url: ''

2018-06-09 20:31:02 - [MESSAGE][PASSED] - Browser is opened with url: ''

2018-06-09 20:31:02 - [TEST_STEP][PASSED] - Statement - out.println("Verify Schedule 5 Pharmacy Request Are Working Successfully Or Not"): null

2018-06-09 20:31:02 - [TEST_STEP][PASSED] - navigateToUrl: Navigate to 'http://192.168.137.1/multihospital_new/' successfully

2018-06-09 20:31:04 - [MESSAGE][PASSED] - Navigate to 'http://192.168.137.1/multihospital_new/' successfully

2018-06-09 20:31:04 - [TEST_STEP][PASSED] - maximizeWindow: Current window maximized

2018-06-09 20:31:05 - [MESSAGE][PASSED] - Current window maximized

2018-06-09 20:31:05 - [TEST_STEP][PASSED] - click: Object: 'Object Repository/PharmacyRequest/Page_KDMC/a_Pharmacy' is clicked on

2018-06-09 20:31:06 - [MESSAGE][PASSED] - Object: 'Object Repository/PharmacyRequest/Page_KDMC/a_Pharmacy' is clicked on

2018-06-09 20:31:06 - [TEST_STEP][PASSED] - setText: Text 'raja' is set on object 'Object Repository/PharmacyRequest/Page_Pharmacy login/input_txtusername'

2018-06-09 20:31:06 - [MESSAGE][PASSED] - Text 'raja' is set on object 'Object Repository/PharmacyRequest/Page_Pharmacy login/input_txtusername'

2018-06-09 20:31:06 - [TEST_STEP][PASSED] - setText: Text '123' is set on object 'Object Repository/PharmacyRequest/Page_Pharmacy login/input_txtpassword'

2018-06-09 20:31:06 - [MESSAGE][PASSED] - Text '123' is set on object 'Object Repository/PharmacyRequest/Page_Pharmacy login/input_txtpassword'

2018-06-09 20:31:06 - [TEST_STEP][PASSED] - delay: Delayed 3 second(s)

2018-06-09 20:31:09 - [MESSAGE][PASSED] - Delayed 3 second(s)

2018-06-09 20:31:09 - [TEST_STEP][PASSED] - click: Object: 'Object Repository/PharmacyRequest/Page_Pharmacy login/button_Sign in' is clicked on

2018-06-09 20:31:10 - [MESSAGE][PASSED] - Object: 'Object Repository/PharmacyRequest/Page_Pharmacy login/button_Sign in' is clicked on

2018-06-09 20:31:10 - [TEST_STEP][PASSED] - delay: Delayed 3 second(s)

2018-06-09 20:31:13 - [MESSAGE][PASSED] - Delayed 3 second(s)

2018-06-09 20:31:13 - [TEST_STEP][PASSED] - click: Object: 'Object Repository/PharmacyRequest/Page_KDMC - Pharmacy/a_Inventory' is clicked on

2018-06-09 20:31:14 - [MESSAGE][PASSED] - Object: 'Object Repository/PharmacyRequest/Page_KDMC - Pharmacy/a_Inventory' is clicked on

2018-06-09 20:31:14 - [TEST_STEP][PASSED] - delay: Delayed 3 second(s)

2018-06-09 20:31:17 - [MESSAGE][PASSED] - Delayed 3 second(s)

2018-06-09 20:31:17 - [TEST_STEP][PASSED] - click: Object: 'Object Repository/PharmacyRequest/Page_KDMC-Pharmacy/a_Store Request' is clicked on

2018-06-09 20:31:17 - [MESSAGE][PASSED] - Object: 'Object Repository/PharmacyRequest/Page_KDMC-Pharmacy/a_Store Request' is clicked on

2018-06-09 20:31:17 - [TEST_STEP][PASSED] - click: Object: 'Object Repository/PharmacyRequest/Page_KDMC-Pharmacy/a_Medicine Request' is clicked on

2018-06-09 20:31:18 - [MESSAGE][PASSED] - Object: 'Object Repository/PharmacyRequest/Page_KDMC-Pharmacy/a_Medicine Request' is clicked on

2018-06-09 20:31:18 - [TEST_STEP][PASSED] - selectOptionByIndex: All options with index in [5] are selected on object 'Object Repository/PharmacyRequest/Page_KDMC-Pharmacy/select_--Select--Schedule 1Inj'

2018-06-09 20:31:19 - [MESSAGE][PASSED] - All options with index in [5] are selected on object 'Object Repository/PharmacyRequest/Page_KDMC-Pharmacy/select_--Select--Schedule 1Inj'

2018-06-09 20:31:19 - [TEST_STEP][PASSED] - Statement - MedicineLength = com.kms.katalon.core.webui.keyword.WebUiBuiltInKeywords.getNumberOfTotalOption(com.kms.katalon.core.testobject.ObjectRepository.findTestObject(PharmacyRequest/Page_KDMC-Pharmacy/select_--Select--Albendazole)): 17 options of object 'Object Repository/PharmacyRequest/Page_KDMC-Pharmacy/select_--Select--Albendazole' counted

2018-06-09 20:31:19 - [MESSAGE][PASSED] - 17 options of object 'Object Repository/PharmacyRequest/Page_KDMC-Pharmacy/select_--Select--Albendazole' counted

2018-06-09 20:31:19 - [TEST_STEP][PASSED] - Statement - For ([l = 1, l <= MedicineLength - 1, (l++)]): Object: 'Object Repository/PharmacyRequest/Page_KDMC-Pharmacy/button_Add' is clicked on

2018-06-09 20:31:19 - [TEST_STEP][PASSED] - selectOptionByIndex: All options with index in [5] are selected on object 'Object Repository/PharmacyRequest/Page_KDMC-Pharmacy/select_--Select--Schedule 1Inj'

2018-06-09 20:31:19 - [MESSAGE][PASSED] - All options with index in [5] are selected on object 'Object Repository/PharmacyRequest/Page_KDMC-Pharmacy/select_--Select--Schedule 1Inj'

2018-06-09 20:31:19 - [TEST_STEP][PASSED] - selectOptionByIndex: All options with index in [1] are selected on object 'Object Repository/PharmacyRequest/Page_KDMC-Pharmacy/select_--Select--Albendazole'

2018-06-09 20:31:19 - [MESSAGE][PASSED] - All options with index in [1] are selected on object 'Object Repository/PharmacyRequest/Page_KDMC-Pharmacy/select_--Select--Albendazole'

2018-06-09 20:31:19 - [TEST_STEP][PASSED] - setText: Text '10' is set on object 'Object Repository/PharmacyRequest/Page_KDMC-Pharmacy/input_txttreat'

2018-06-09 20:31:19 - [MESSAGE][PASSED] - Text '10' is set on object 'Object Repository/PharmacyRequest/Page_KDMC-Pharmacy/input_txttreat'

2018-06-09 20:31:19 - [TEST_STEP][PASSED] - click: Object: 'Object Repository/PharmacyRequest/Page_KDMC-Pharmacy/button_Add' is clicked on

2018-06-09 20:31:19 - [MESSAGE][PASSED] - Object: 'Object Repository/PharmacyRequest/Page_KDMC-Pharmacy/button_Add' is clicked on

2018-06-09 20:31:19 - [TEST_STEP][PASSED] - selectOptionByIndex: All options with index in [5] are selected on object 'Object Repository/PharmacyRequest/Page_KDMC-Pharmacy/select_--Select--Schedule 1Inj'

2018-06-09 20:31:19 - [MESSAGE][PASSED] - All options with index in [5] are selected on object 'Object Repository/PharmacyRequest/Page_KDMC-Pharmacy/select_--Select--Schedule 1Inj'

2018-06-09 20:31:19 - [TEST_STEP][PASSED] - selectOptionByIndex: All options with index in [2] are selected on object 'Object Repository/PharmacyRequest/Page_KDMC-Pharmacy/select_--Select--Albendazole'

2018-06-09 20:31:20 - [MESSAGE][PASSED] - All options with index in [2] are selected on object 'Object Repository/PharmacyRequest/Page_KDMC-Pharmacy/select_--Select--Albendazole'

2018-06-09 20:31:20 - [TEST_STEP][PASSED] - setText: Text '10' is set on object 'Object Repository/PharmacyRequest/Page_KDMC-Pharmacy/input_txttreat'

2018-06-09 20:31:20 - [MESSAGE][PASSED] - Text '10' is set on object 'Object Repository/PharmacyRequest/Page_KDMC-Pharmacy/input_txttreat'

2018-06-09 20:31:20 - [TEST_STEP][PASSED] - click: Object: 'Object Repository/PharmacyRequest/Page_KDMC-Pharmacy/button_Add' is clicked on

2018-06-09 20:31:20 - [MESSAGE][PASSED] - Object: 'Object Repository/PharmacyRequest/Page_KDMC-Pharmacy/button_Add' is clicked on

2018-06-09 20:31:20 - [TEST_STEP][PASSED] - selectOptionByIndex: All options with index in [5] are selected on object 'Object Repository/PharmacyRequest/Page_KDMC-Pharmacy/select_--Select--Schedule 1Inj'

2018-06-09 20:31:20 - [MESSAGE][PASSED] - All options with index in [5] are selected on object 'Object Repository/PharmacyRequest/Page_KDMC-Pharmacy/select_--Select--Schedule 1Inj'

2018-06-09 20:31:20 - [TEST_STEP][PASSED] - selectOptionByIndex: All options with index in [3] are selected on object 'Object Repository/PharmacyRequest/Page_KDMC-Pharmacy/select_--Select--Albendazole'

2018-06-09 20:31:20 - [MESSAGE][PASSED] - All options with index in [3] are selected on object 'Object Repository/PharmacyRequest/Page_KDMC-Pharmacy/select_--Select--Albendazole'

2018-06-09 20:31:20 - [TEST_STEP][PASSED] - setText: Text '10' is set on object 'Object Repository/PharmacyRequest/Page_KDMC-Pharmacy/input_txttreat'

2018-06-09 20:31:20 - [MESSAGE][PASSED] - Text '10' is set on object 'Object Repository/PharmacyRequest/Page_KDMC-Pharmacy/input_txttreat'

2018-06-09 20:31:20 - [TEST_STEP][PASSED] - click: Object: 'Object Repository/PharmacyRequest/Page_KDMC-Pharmacy/button_Add' is clicked on

2018-06-09 20:31:20 - [MESSAGE][PASSED] - Object: 'Object Repository/PharmacyRequest/Page_KDMC-Pharmacy/button_Add' is clicked on

2018-06-09 20:31:20 - [TEST_STEP][PASSED] - selectOptionByIndex: All options with index in [5] are selected on object 'Object Repository/PharmacyRequest/Page_KDMC-Pharmacy/select_--Select--Schedule 1Inj'

2018-06-09 20:31:20 - [MESSAGE][PASSED] - All options with index in [5] are selected on object 'Object Repository/PharmacyRequest/Page_KDMC-Pharmacy/select_--Select--Schedule 1Inj'

2018-06-09 20:31:20 - [TEST_STEP][PASSED] - selectOptionByIndex: All options with index in [4] are selected on object 'Object Repository/PharmacyRequest/Page_KDMC-Pharmacy/select_--Select--Albendazole'

2018-06-09 20:31:20 - [MESSAGE][PASSED] - All options with index in [4] are selected on object 'Object Repository/PharmacyRequest/Page_KDMC-Pharmacy/select_--Select--Albendazole'

2018-06-09 20:31:20 - [TEST_STEP][PASSED] - setText: Text '10' is set on object 'Object Repository/PharmacyRequest/Page_KDMC-Pharmacy/input_txttreat'

2018-06-09 20:31:20 - [MESSAGE][PASSED] - Text '10' is set on object 'Object Repository/PharmacyRequest/Page_KDMC-Pharmacy/input_txttreat'

2018-06-09 20:31:20 - [TEST_STEP][PASSED] - click: Object: 'Object Repository/PharmacyRequest/Page_KDMC-Pharmacy/button_Add' is clicked on

2018-06-09 20:31:21 - [MESSAGE][PASSED] - Object: 'Object Repository/PharmacyRequest/Page_KDMC-Pharmacy/button_Add' is clicked on

2018-06-09 20:31:21 - [TEST_STEP][PASSED] - selectOptionByIndex: All options with index in [5] are selected on object 'Object Repository/PharmacyRequest/Page_KDMC-Pharmacy/select_--Select--Schedule 1Inj'

2018-06-09 20:31:21 - [MESSAGE][PASSED] - All options with index in [5] are selected on object 'Object Repository/PharmacyRequest/Page_KDMC-Pharmacy/select_--Select--Schedule 1Inj'

2018-06-09 20:31:21 - [TEST_STEP][PASSED] - selectOptionByIndex: All options with index in [5] are selected on object 'Object Repository/PharmacyRequest/Page_KDMC-Pharmacy/select_--Select--Albendazole'

2018-06-09 20:31:21 - [MESSAGE][PASSED] - All options with index in [5] are selected on object 'Object Repository/PharmacyRequest/Page_KDMC-Pharmacy/select_--Select--Albendazole'

2018-06-09 20:31:21 - [TEST_STEP][PASSED] - setText: Text '10' is set on object 'Object Repository/PharmacyRequest/Page_KDMC-Pharmacy/input_txttreat'

2018-06-09 20:31:21 - [MESSAGE][PASSED] - Text '10' is set on object 'Object Repository/PharmacyRequest/Page_KDMC-Pharmacy/input_txttreat'

2018-06-09 20:31:21 - [TEST_STEP][PASSED] - click: Object: 'Object Repository/PharmacyRequest/Page_KDMC-Pharmacy/button_Add' is clicked on

2018-06-09 20:31:21 - [MESSAGE][PASSED] - Object: 'Object Repository/PharmacyRequest/Page_KDMC-Pharmacy/button_Add' is clicked on

2018-06-09 20:31:21 - [TEST_STEP][PASSED] - selectOptionByIndex: All options with index in [5] are selected on object 'Object Repository/PharmacyRequest/Page_KDMC-Pharmacy/select_--Select--Schedule 1Inj'

2018-06-09 20:31:21 - [MESSAGE][PASSED] - All options with index in [5] are selected on object 'Object Repository/PharmacyRequest/Page_KDMC-Pharmacy/select_--Select--Schedule 1Inj'

2018-06-09 20:31:21 - [TEST_STEP][PASSED] - selectOptionByIndex: All options with index in [6] are selected on object 'Object Repository/PharmacyRequest/Page_KDMC-Pharmacy/select_--Select--Albendazole'

2018-06-09 20:31:21 - [MESSAGE][PASSED] - All options with index in [6] are selected on object 'Object Repository/PharmacyRequest/Page_KDMC-Pharmacy/select_--Select--Albendazole'

2018-06-09 20:31:21 - [TEST_STEP][PASSED] - setText: Text '10' is set on object 'Object Repository/PharmacyRequest/Page_KDMC-Pharmacy/input_txttreat'

2018-06-09 20:31:21 - [MESSAGE][PASSED] - Text '10' is set on object 'Object Repository/PharmacyRequest/Page_KDMC-Pharmacy/input_txttreat'

2018-06-09 20:31:21 - [TEST_STEP][PASSED] - click: Object: 'Object Repository/PharmacyRequest/Page_KDMC-Pharmacy/button_Add' is clicked on

2018-06-09 20:31:21 - [MESSAGE][PASSED] - Object: 'Object Repository/PharmacyRequest/Page_KDMC-Pharmacy/button_Add' is clicked on

2018-06-09 20:31:21 - [TEST_STEP][PASSED] - selectOptionByIndex: All options with index in [5] are selected on object 'Object Repository/PharmacyRequest/Page_KDMC-Pharmacy/select_--Select--Schedule 1Inj'

2018-06-09 20:31:21 - [MESSAGE][PASSED] - All options with index in [5] are selected on object 'Object Repository/PharmacyRequest/Page_KDMC-Pharmacy/select_--Select--Schedule 1Inj'

2018-06-09 20:31:21 - [TEST_STEP][PASSED] - selectOptionByIndex: All options with index in [7] are selected on object 'Object Repository/PharmacyRequest/Page_KDMC-Pharmacy/select_--Select--Albendazole'

2018-06-09 20:31:22 - [MESSAGE][PASSED] - All options with index in [7] are selected on object 'Object Repository/PharmacyRequest/Page_KDMC-Pharmacy/select_--Select--Albendazole'

2018-06-09 20:31:22 - [TEST_STEP][PASSED] - setText: Text '10' is set on object 'Object Repository/PharmacyRequest/Page_KDMC-Pharmacy/input_txttreat'

2018-06-09 20:31:22 - [MESSAGE][PASSED] - Text '10' is set on object 'Object Repository/PharmacyRequest/Page_KDMC-Pharmacy/input_txttreat'

2018-06-09 20:31:22 - [TEST_STEP][PASSED] - click: Object: 'Object Repository/PharmacyRequest/Page_KDMC-Pharmacy/button_Add' is clicked on

2018-06-09 20:31:22 - [MESSAGE][PASSED] - Object: 'Object Repository/PharmacyRequest/Page_KDMC-Pharmacy/button_Add' is clicked on

2018-06-09 20:31:22 - [TEST_STEP][PASSED] - selectOptionByIndex: All options with index in [5] are selected on object 'Object Repository/PharmacyRequest/Page_KDMC-Pharmacy/select_--Select--Schedule 1Inj'

2018-06-09 20:31:22 - [MESSAGE][PASSED] - All options with index in [5] are selected on object 'Object Repository/PharmacyRequest/Page_KDMC-Pharmacy/select_--Select--Schedule 1Inj'

2018-06-09 20:31:22 - [TEST_STEP][PASSED] - selectOptionByIndex: All options with index in [8] are selected on object 'Object Repository/PharmacyRequest/Page_KDMC-Pharmacy/select_--Select--Albendazole'

2018-06-09 20:31:22 - [MESSAGE][PASSED] - All options with index in [8] are selected on object 'Object Repository/PharmacyRequest/Page_KDMC-Pharmacy/select_--Select--Albendazole'

2018-06-09 20:31:22 - [TEST_STEP][PASSED] - setText: Text '10' is set on object 'Object Repository/PharmacyRequest/Page_KDMC-Pharmacy/input_txttreat'

2018-06-09 20:31:22 - [MESSAGE][PASSED] - Text '10' is set on object 'Object Repository/PharmacyRequest/Page_KDMC-Pharmacy/input_txttreat'

2018-06-09 20:31:22 - [TEST_STEP][PASSED] - click: Object: 'Object Repository/PharmacyRequest/Page_KDMC-Pharmacy/button_Add' is clicked on

2018-06-09 20:31:22 - [MESSAGE][PASSED] - Object: 'Object Repository/PharmacyRequest/Page_KDMC-Pharmacy/button_Add' is clicked on

2018-06-09 20:31:22 - [TEST_STEP][PASSED] - selectOptionByIndex: All options with index in [5] are selected on object 'Object Repository/PharmacyRequest/Page_KDMC-Pharmacy/select_--Select--Schedule 1Inj'

2018-06-09 20:31:22 - [MESSAGE][PASSED] - All options with index in [5] are selected on object 'Object Repository/PharmacyRequest/Page_KDMC-Pharmacy/select_--Select--Schedule 1Inj'

2018-06-09 20:31:22 - [TEST_STEP][PASSED] - selectOptionByIndex: All options with index in [9] are selected on object 'Object Repository/PharmacyRequest/Page_KDMC-Pharmacy/select_--Select--Albendazole'

2018-06-09 20:31:23 - [MESSAGE][PASSED] - All options with index in [9] are selected on object 'Object Repository/PharmacyRequest/Page_KDMC-Pharmacy/select_--Select--Albendazole'

2018-06-09 20:31:23 - [TEST_STEP][PASSED] - setText: Text '10' is set on object 'Object Repository/PharmacyRequest/Page_KDMC-Pharmacy/input_txttreat'

2018-06-09 20:31:23 - [MESSAGE][PASSED] - Text '10' is set on object 'Object Repository/PharmacyRequest/Page_KDMC-Pharmacy/input_txttreat'

2018-06-09 20:31:23 - [TEST_STEP][PASSED] - click: Object: 'Object Repository/PharmacyRequest/Page_KDMC-Pharmacy/button_Add' is clicked on

2018-06-09 20:31:23 - [MESSAGE][PASSED] - Object: 'Object Repository/PharmacyRequest/Page_KDMC-Pharmacy/button_Add' is clicked on

2018-06-09 20:31:23 - [TEST_STEP][PASSED] - selectOptionByIndex: All options with index in [5] are selected on object 'Object Repository/PharmacyRequest/Page_KDMC-Pharmacy/select_--Select--Schedule 1Inj'

2018-06-09 20:31:23 - [MESSAGE][PASSED] - All options with index in [5] are selected on object 'Object Repository/PharmacyRequest/Page_KDMC-Pharmacy/select_--Select--Schedule 1Inj'

2018-06-09 20:31:23 - [TEST_STEP][PASSED] - selectOptionByIndex: All options with index in [10] are selected on object 'Object Repository/PharmacyRequest/Page_KDMC-Pharmacy/select_--Select--Albendazole'

2018-06-09 20:31:23 - [MESSAGE][PASSED] - All options with index in [10] are selected on object 'Object Repository/PharmacyRequest/Page_KDMC-Pharmacy/select_--Select--Albendazole'

2018-06-09 20:31:23 - [TEST_STEP][PASSED] - setText: Text '10' is set on object 'Object Repository/PharmacyRequest/Page_KDMC-Pharmacy/input_txttreat'

2018-06-09 20:31:23 - [MESSAGE][PASSED] - Text '10' is set on object 'Object Repository/PharmacyRequest/Page_KDMC-Pharmacy/input_txttreat'

2018-06-09 20:31:23 - [TEST_STEP][PASSED] - click: Object: 'Object Repository/PharmacyRequest/Page_KDMC-Pharmacy/button_Add' is clicked on

2018-06-09 20:31:23 - [MESSAGE][PASSED] - Object: 'Object Repository/PharmacyRequest/Page_KDMC-Pharmacy/button_Add' is clicked on

2018-06-09 20:31:23 - [TEST_STEP][PASSED] - selectOptionByIndex: All options with index in [5] are selected on object 'Object Repository/PharmacyRequest/Page_KDMC-Pharmacy/select_--Select--Schedule 1Inj'

2018-06-09 20:31:23 - [MESSAGE][PASSED] - All options with index in [5] are selected on object 'Object Repository/PharmacyRequest/Page_KDMC-Pharmacy/select_--Select--Schedule 1Inj'

2018-06-09 20:31:23 - [TEST_STEP][PASSED] - selectOptionByIndex: All options with index in [11] are selected on object 'Object Repository/PharmacyRequest/Page_KDMC-Pharmacy/select_--Select--Albendazole'

2018-06-09 20:31:24 - [MESSAGE][PASSED] - All options with index in [11] are selected on object 'Object Repository/PharmacyRequest/Page_KDMC-Pharmacy/select_--Select--Albendazole'

2018-06-09 20:31:24 - [TEST_STEP][PASSED] - setText: Text '10' is set on object 'Object Repository/PharmacyRequest/Page_KDMC-Pharmacy/input_txttreat'

2018-06-09 20:31:24 - [MESSAGE][PASSED] - Text '10' is set on object 'Object Repository/PharmacyRequest/Page_KDMC-Pharmacy/input_txttreat'

2018-06-09 20:31:24 - [TEST_STEP][PASSED] - click: Object: 'Object Repository/PharmacyRequest/Page_KDMC-Pharmacy/button_Add' is clicked on

2018-06-09 20:31:24 - [MESSAGE][PASSED] - Object: 'Object Repository/PharmacyRequest/Page_KDMC-Pharmacy/button_Add' is clicked on

2018-06-09 20:31:24 - [TEST_STEP][PASSED] - selectOptionByIndex: All options with index in [5] are selected on object 'Object Repository/PharmacyRequest/Page_KDMC-Pharmacy/select_--Select--Schedule 1Inj'

2018-06-09 20:31:24 - [MESSAGE][PASSED] - All options with index in [5] are selected on object 'Object Repository/PharmacyRequest/Page_KDMC-Pharmacy/select_--Select--Schedule 1Inj'

2018-06-09 20:31:24 - [TEST_STEP][PASSED] - selectOptionByIndex: All options with index in [12] are selected on object 'Object Repository/PharmacyRequest/Page_KDMC-Pharmacy/select_--Select--Albendazole'

2018-06-09 20:31:24 - [MESSAGE][PASSED] - All options with index in [12] are selected on object 'Object Repository/PharmacyRequest/Page_KDMC-Pharmacy/select_--Select--Albendazole'

2018-06-09 20:31:24 - [TEST_STEP][PASSED] - setText: Text '10' is set on object 'Object Repository/PharmacyRequest/Page_KDMC-Pharmacy/input_txttreat'

2018-06-09 20:31:24 - [MESSAGE][PASSED] - Text '10' is set on object 'Object Repository/PharmacyRequest/Page_KDMC-Pharmacy/input_txttreat'

2018-06-09 20:31:24 - [TEST_STEP][PASSED] - click: Object: 'Object Repository/PharmacyRequest/Page_KDMC-Pharmacy/button_Add' is clicked on

2018-06-09 20:31:24 - [MESSAGE][PASSED] - Object: 'Object Repository/PharmacyRequest/Page_KDMC-Pharmacy/button_Add' is clicked on

2018-06-09 20:31:24 - [TEST_STEP][PASSED] - selectOptionByIndex: All options with index in [5] are selected on object 'Object Repository/PharmacyRequest/Page_KDMC-Pharmacy/select_--Select--Schedule 1Inj'

2018-06-09 20:31:24 - [MESSAGE][PASSED] - All options with index in [5] are selected on object 'Object Repository/PharmacyRequest/Page_KDMC-Pharmacy/select_--Select--Schedule 1Inj'

2018-06-09 20:31:24 - [TEST_STEP][PASSED] - selectOptionByIndex: All options with index in [13] are selected on object 'Object Repository/PharmacyRequest/Page_KDMC-Pharmacy/select_--Select--Albendazole'

2018-06-09 20:31:25 - [MESSAGE][PASSED] - All options with index in [13] are selected on object 'Object Repository/PharmacyRequest/Page_KDMC-Pharmacy/select_--Select--Albendazole'

2018-06-09 20:31:25 - [TEST_STEP][PASSED] - setText: Text '10' is set on object 'Object Repository/PharmacyRequest/Page_KDMC-Pharmacy/input_txttreat'

2018-06-09 20:31:25 - [MESSAGE][PASSED] - Text '10' is set on object 'Object Repository/PharmacyRequest/Page_KDMC-Pharmacy/input_txttreat'

2018-06-09 20:31:25 - [TEST_STEP][PASSED] - click: Object: 'Object Repository/PharmacyRequest/Page_KDMC-Pharmacy/button_Add' is clicked on

2018-06-09 20:31:25 - [MESSAGE][PASSED] - Object: 'Object Repository/PharmacyRequest/Page_KDMC-Pharmacy/button_Add' is clicked on

2018-06-09 20:31:25 - [TEST_STEP][PASSED] - selectOptionByIndex: All options with index in [5] are selected on object 'Object Repository/PharmacyRequest/Page_KDMC-Pharmacy/select_--Select--Schedule 1Inj'

2018-06-09 20:31:25 - [MESSAGE][PASSED] - All options with index in [5] are selected on object 'Object Repository/PharmacyRequest/Page_KDMC-Pharmacy/select_--Select--Schedule 1Inj'

2018-06-09 20:31:25 - [TEST_STEP][PASSED] - selectOptionByIndex: All options with index in [14] are selected on object 'Object Repository/PharmacyRequest/Page_KDMC-Pharmacy/select_--Select--Albendazole'

2018-06-09 20:31:25 - [MESSAGE][PASSED] - All options with index in [14] are selected on object 'Object Repository/PharmacyRequest/Page_KDMC-Pharmacy/select_--Select--Albendazole'

2018-06-09 20:31:25 - [TEST_STEP][PASSED] - setText: Text '10' is set on object 'Object Repository/PharmacyRequest/Page_KDMC-Pharmacy/input_txttreat'

2018-06-09 20:31:25 - [MESSAGE][PASSED] - Text '10' is set on object 'Object Repository/PharmacyRequest/Page_KDMC-Pharmacy/input_txttreat'

2018-06-09 20:31:25 - [TEST_STEP][PASSED] - click: Object: 'Object Repository/PharmacyRequest/Page_KDMC-Pharmacy/button_Add' is clicked on

2018-06-09 20:31:25 - [MESSAGE][PASSED] - Object: 'Object Repository/PharmacyRequest/Page_KDMC-Pharmacy/button_Add' is clicked on

2018-06-09 20:31:25 - [TEST_STEP][PASSED] - selectOptionByIndex: All options with index in [5] are selected on object 'Object Repository/PharmacyRequest/Page_KDMC-Pharmacy/select_--Select--Schedule 1Inj'

2018-06-09 20:31:25 - [MESSAGE][PASSED] - All options with index in [5] are selected on object 'Object Repository/PharmacyRequest/Page_KDMC-Pharmacy/select_--Select--Schedule 1Inj'

2018-06-09 20:31:25 - [TEST_STEP][PASSED] - selectOptionByIndex: All options with index in [15] are selected on object 'Object Repository/PharmacyRequest/Page_KDMC-Pharmacy/select_--Select--Albendazole'

2018-06-09 20:31:26 - [MESSAGE][PASSED] - All options with index in [15] are selected on object 'Object Repository/PharmacyRequest/Page_KDMC-Pharmacy/select_--Select--Albendazole'

2018-06-09 20:31:26 - [TEST_STEP][PASSED] - setText: Text '10' is set on object 'Object Repository/PharmacyRequest/Page_KDMC-Pharmacy/input_txttreat'

2018-06-09 20:31:26 - [MESSAGE][PASSED] - Text '10' is set on object 'Object Repository/PharmacyRequest/Page_KDMC-Pharmacy/input_txttreat'

2018-06-09 20:31:26 - [TEST_STEP][PASSED] - click: Object: 'Object Repository/PharmacyRequest/Page_KDMC-Pharmacy/button_Add' is clicked on

2018-06-09 20:31:26 - [MESSAGE][PASSED] - Object: 'Object Repository/PharmacyRequest/Page_KDMC-Pharmacy/button_Add' is clicked on

2018-06-09 20:31:26 - [TEST_STEP][PASSED] - selectOptionByIndex: All options with index in [5] are selected on object 'Object Repository/PharmacyRequest/Page_KDMC-Pharmacy/select_--Select--Schedule 1Inj'

2018-06-09 20:31:26 - [MESSAGE][PASSED] - All options with index in [5] are selected on object 'Object Repository/PharmacyRequest/Page_KDMC-Pharmacy/select_--Select--Schedule 1Inj'

2018-06-09 20:31:26 - [TEST_STEP][PASSED] - selectOptionByIndex: All options with index in [16] are selected on object 'Object Repository/PharmacyRequest/Page_KDMC-Pharmacy/select_--Select--Albendazole'

2018-06-09 20:31:26 - [MESSAGE][PASSED] - All options with index in [16] are selected on object 'Object Repository/PharmacyRequest/Page_KDMC-Pharmacy/select_--Select--Albendazole'

2018-06-09 20:31:26 - [TEST_STEP][PASSED] - setText: Text '10' is set on object 'Object Repository/PharmacyRequest/Page_KDMC-Pharmacy/input_txttreat'

2018-06-09 20:31:26 - [MESSAGE][PASSED] - Text '10' is set on object 'Object Repository/PharmacyRequest/Page_KDMC-Pharmacy/input_txttreat'

2018-06-09 20:31:26 - [TEST_STEP][PASSED] - click: Object: 'Object Repository/PharmacyRequest/Page_KDMC-Pharmacy/button_Add' is clicked on

2018-06-09 20:31:26 - [MESSAGE][PASSED] - Object: 'Object Repository/PharmacyRequest/Page_KDMC-Pharmacy/button_Add' is clicked on

2018-06-09 20:31:26 - [TEST_STEP][PASSED] - Statement - RN1 = com.kms.katalon.core.webui.keyword.WebUiBuiltInKeywords.getAttribute(com.kms.katalon.core.testobject.ObjectRepository.findTestObject(PharmacyRequest/Page_KDMC-Pharmacy/input_txtno), "value"): Attribute 'value' of object 'Object Repository/PharmacyRequest/Page_KDMC-Pharmacy/input_txtno' is: 'PRNO/09062018/220'

2018-06-09 20:31:26 - [MESSAGE][PASSED] - Attribute 'value' of object 'Object Repository/PharmacyRequest/Page_KDMC-Pharmacy/input_txtno' is: 'PRNO/09062018/220'

2018-06-09 20:31:26 - [TEST_STEP][PASSED] - Statement - out.println(RN1): null

2018-06-09 20:31:26 - [TEST_STEP][PASSED] - Statement - RID = RN1.split("/")[2]: null

2018-06-09 20:31:26 - [TEST_STEP][PASSED] - scrollToElement: Scroll to object 'Object Repository/PharmacyRequest/Page_KDMC-Pharmacy/input_btnsave' successfully

2018-06-09 20:31:26 - [MESSAGE][PASSED] - Scroll to object 'Object Repository/PharmacyRequest/Page_KDMC-Pharmacy/input_btnsave' successfully

2018-06-09 20:31:26 - [TEST_STEP][PASSED] - click: Object: 'Object Repository/PharmacyRequest/Page_KDMC-Pharmacy/input_btnsave' is clicked on

2018-06-09 20:31:26 - [MESSAGE][PASSED] - Object: 'Object Repository/PharmacyRequest/Page_KDMC-Pharmacy/input_btnsave' is clicked on

2018-06-09 20:31:26 - [TEST_STEP][PASSED] - delay: Delayed 3 second(s)

2018-06-09 20:31:29 - [MESSAGE][PASSED] - Delayed 3 second(s)

2018-06-09 20:31:29 - [TEST_STEP][PASSED] - click: Object: 'Object Repository/PharmacyRequest/Page_KDMC-Pharmacy/button_OK' is clicked on

2018-06-09 20:31:30 - [MESSAGE][PASSED] - Object: 'Object Repository/PharmacyRequest/Page_KDMC-Pharmacy/button_OK' is clicked on

2018-06-09 20:31:30 - [TEST_STEP][PASSED] - delay: Delayed 3 second(s)

2018-06-09 20:31:33 - [MESSAGE][PASSED] - Delayed 3 second(s)

2018-06-09 20:31:33 - [TEST_STEP][PASSED] - click: Object: 'Object Repository/PharmacyRequest/Page_KDMC-Pharmacy/a_Back to Pharmacy' is clicked on

2018-06-09 20:31:34 - [MESSAGE][PASSED] - Object: 'Object Repository/PharmacyRequest/Page_KDMC-Pharmacy/a_Back to Pharmacy' is clicked on

2018-06-09 20:31:34 - [TEST_STEP][PASSED] - delay: Delayed 3 second(s)

2018-06-09 20:31:37 - [MESSAGE][PASSED] - Delayed 3 second(s)

2018-06-09 20:31:37 - [TEST_STEP][PASSED] - click: Object: 'Object Repository/PharmacyRequest/Page_KDMC - Pharmacy/a_dropdown-toggle' is clicked on

2018-06-09 20:31:37 - [MESSAGE][PASSED] - Object: 'Object Repository/PharmacyRequest/Page_KDMC - Pharmacy/a_dropdown-toggle' is clicked on

2018-06-09 20:31:37 - [TEST_STEP][PASSED] - click: Object: 'Object Repository/PharmacyRequest/Page_KDMC - Pharmacy/a_Sign out' is clicked on

2018-06-09 20:31:38 - [MESSAGE][PASSED] - Object: 'Object Repository/PharmacyRequest/Page_KDMC - Pharmacy/a_Sign out' is clicked on

2018-06-09 20:31:38 - [TEST_STEP][PASSED] - delay: Delayed 3 second(s)

2018-06-09 20:31:41 - [MESSAGE][PASSED] - Delayed 3 second(s)

2018-06-09 20:31:41 - [TEST_STEP][PASSED] - click: Object: 'Object Repository/PharmacyRequest/Page_KDMC/a_CMO' is clicked on

2018-06-09 20:31:41 - [MESSAGE][PASSED] - Object: 'Object Repository/PharmacyRequest/Page_KDMC/a_CMO' is clicked on

2018-06-09 20:31:41 - [TEST_STEP][PASSED] - setText: Text 'guru' is set on object 'Object Repository/PharmacyRequest/Page_CMO login/input_txtusername'

2018-06-09 20:31:41 - [MESSAGE][PASSED] - Text 'guru' is set on object 'Object Repository/PharmacyRequest/Page_CMO login/input_txtusername'

2018-06-09 20:31:41 - [TEST_STEP][PASSED] - setText: Text '123' is set on object 'Object Repository/PharmacyRequest/Page_CMO login/input_txtpassword'

2018-06-09 20:31:41 - [MESSAGE][PASSED] - Text '123' is set on object 'Object Repository/PharmacyRequest/Page_CMO login/input_txtpassword'

2018-06-09 20:31:41 - [TEST_STEP][PASSED] - delay: Delayed 3 second(s)

2018-06-09 20:31:44 - [MESSAGE][PASSED] - Delayed 3 second(s)

2018-06-09 20:31:44 - [TEST_STEP][PASSED] - click: Object: 'Object Repository/PharmacyRequest/Page_CMO login/button_Sign in' is clicked on

2018-06-09 20:31:45 - [MESSAGE][PASSED] - Object: 'Object Repository/PharmacyRequest/Page_CMO login/button_Sign in' is clicked on

2018-06-09 20:31:45 - [TEST_STEP][PASSED] - click: Object: 'Object Repository/PharmacyRequest/Page_KDMC - CMO/a_Department Wise Request' is clicked on

2018-06-09 20:31:46 - [MESSAGE][PASSED] - Object: 'Object Repository/PharmacyRequest/Page_KDMC - CMO/a_Department Wise Request' is clicked on

2018-06-09 20:31:46 - [TEST_STEP][PASSED] - selectOptionByIndex: All options with index in [2] are selected on object 'Object Repository/PharmacyRequest/Page_KDMC - CMO/select_--ALL--'

2018-06-09 20:31:46 - [MESSAGE][PASSED] - All options with index in [2] are selected on object 'Object Repository/PharmacyRequest/Page_KDMC - CMO/select_--ALL--'

2018-06-09 20:31:46 - [TEST_STEP][PASSED] - selectOptionByIndex: All options with index in [1] are selected on object 'Object Repository/PharmacyRequest/Page_KDMC - CMO/select_--ALL--                _1'

2018-06-09 20:31:46 - [MESSAGE][PASSED] - All options with index in [1] are selected on object 'Object Repository/PharmacyRequest/Page_KDMC - CMO/select_--ALL--                _1'

2018-06-09 20:31:46 - [TEST_STEP][PASSED] - click: Object: 'Object Repository/PharmacyRequest/Page_KDMC - CMO/input_btnsearch' is clicked on

2018-06-09 20:31:47 - [MESSAGE][PASSED] - Object: 'Object Repository/PharmacyRequest/Page_KDMC - CMO/input_btnsearch' is clicked on

2018-06-09 20:31:47 - [TEST_STEP][PASSED] - Statement - ID = com.kms.katalon.core.webui.keyword.WebUiBuiltInKeywords.modifyObjectProperty(com.kms.katalon.core.testobject.ObjectRepository.findTestObject(PharmacyRequest/Page_KDMC - CMO/input_2), "xpath", "equals", "//*[@id=" + RID + "]", true): Modify property of object successfully

2018-06-09 20:31:47 - [MESSAGE][PASSED] - Modify property of object successfully

2018-06-09 20:31:47 - [TEST_STEP][PASSED] - click: Object: 'Object Repository/PharmacyRequest/Page_KDMC - CMO/input_2' is clicked on

2018-06-09 20:31:47 - [MESSAGE][PASSED] - Object: 'Object Repository/PharmacyRequest/Page_KDMC - CMO/input_2' is clicked on

2018-06-09 20:31:47 - [TEST_STEP][PASSED] - delay: Delayed 3 second(s)

2018-06-09 20:31:50 - [MESSAGE][PASSED] - Delayed 3 second(s)

2018-06-09 20:31:50 - [TEST_STEP][PASSED] - selectOptionByIndex: All options with index in [1] are selected on object 'Object Repository/PharmacyRequest/Page_KDMC - CMO/select_--Select--'

2018-06-09 20:31:50 - [MESSAGE][PASSED] - All options with index in [1] are selected on object 'Object Repository/PharmacyRequest/Page_KDMC - CMO/select_--Select--'

2018-06-09 20:31:50 - [TEST_STEP][PASSED] - click: Object: 'Object Repository/PharmacyRequest/Page_KDMC - CMO/input_btnupdate' is clicked on

2018-06-09 20:31:50 - [MESSAGE][PASSED] - Object: 'Object Repository/PharmacyRequest/Page_KDMC - CMO/input_btnupdate' is clicked on

2018-06-09 20:31:50 - [TEST_STEP][PASSED] - delay: Delayed 3 second(s)

2018-06-09 20:31:53 - [MESSAGE][PASSED] - Delayed 3 second(s)

2018-06-09 20:31:53 - [TEST_STEP][PASSED] - click: Object: 'Object Repository/PharmacyRequest/Page_KDMC - CMO/button_OK' is clicked on

2018-06-09 20:31:54 - [MESSAGE][PASSED] - Object: 'Object Repository/PharmacyRequest/Page_KDMC - CMO/button_OK' is clicked on

2018-06-09 20:31:54 - [TEST_STEP][PASSED] - delay: Delayed 3 second(s)

2018-06-09 20:31:57 - [MESSAGE][PASSED] - Delayed 3 second(s)

2018-06-09 20:31:57 - [TEST_STEP][PASSED] - click: Object: 'Object Repository/PharmacyRequest/Page_KDMC - CMO/a_dropdown-toggle' is clicked on

2018-06-09 20:31:57 - [MESSAGE][PASSED] - Object: 'Object Repository/PharmacyRequest/Page_KDMC - CMO/a_dropdown-toggle' is clicked on

2018-06-09 20:31:57 - [TEST_STEP][PASSED] - click: Object: 'Object Repository/PharmacyRequest/Page_KDMC - CMO/a_Sign out' is clicked on

2018-06-09 20:31:57 - [MESSAGE][PASSED] - Object: 'Object Repository/PharmacyRequest/Page_KDMC - CMO/a_Sign out' is clicked on

2018-06-09 20:31:57 - [TEST_STEP][PASSED] - delay: Delayed 3 second(s)

2018-06-09 20:32:00 - [MESSAGE][PASSED] - Delayed 3 second(s)

2018-06-09 20:32:00 - [TEST_STEP][PASSED] - click: Object: 'Object Repository/PharmacyRequest/Page_KDMC/a_Divisional Store' is clicked on

2018-06-09 20:32:01 - [MESSAGE][PASSED] - Object: 'Object Repository/PharmacyRequest/Page_KDMC/a_Divisional Store' is clicked on

2018-06-09 20:32:01 - [TEST_STEP][PASSED] - setText: Text 'ragu' is set on object 'Object Repository/PharmacyRequest/Page_Divisonal Store Login/input_txtusername'

2018-06-09 20:32:01 - [MESSAGE][PASSED] - Text 'ragu' is set on object 'Object Repository/PharmacyRequest/Page_Divisonal Store Login/input_txtusername'

2018-06-09 20:32:01 - [TEST_STEP][PASSED] - setText: Text '123' is set on object 'Object Repository/PharmacyRequest/Page_Divisonal Store Login/input_txtpassword'

2018-06-09 20:32:01 - [MESSAGE][PASSED] - Text '123' is set on object 'Object Repository/PharmacyRequest/Page_Divisonal Store Login/input_txtpassword'

2018-06-09 20:32:01 - [TEST_STEP][PASSED] - delay: Delayed 3 second(s)

2018-06-09 20:32:04 - [MESSAGE][PASSED] - Delayed 3 second(s)

2018-06-09 20:32:04 - [TEST_STEP][PASSED] - click: Object: 'Object Repository/PharmacyRequest/Page_Divisonal Store Login/button_Sign in' is clicked on

2018-06-09 20:32:05 - [MESSAGE][PASSED] - Object: 'Object Repository/PharmacyRequest/Page_Divisonal Store Login/button_Sign in' is clicked on

2018-06-09 20:32:05 - [TEST_STEP][PASSED] - delay: Delayed 3 second(s)

2018-06-09 20:32:08 - [MESSAGE][PASSED] - Delayed 3 second(s)

2018-06-09 20:32:08 - [TEST_STEP][PASSED] - click: Object: 'Object Repository/PharmacyRequest/Page_Store/a_Pharmacy Request' is clicked on

2018-06-09 20:32:08 - [MESSAGE][PASSED] - Object: 'Object Repository/PharmacyRequest/Page_Store/a_Pharmacy Request' is clicked on

2018-06-09 20:32:08 - [TEST_STEP][PASSED] - click: Object: 'Object Repository/PharmacyRequest/Page_Store/a_Request Item Pharmacy' is clicked on

2018-06-09 20:32:09 - [MESSAGE][PASSED] - Object: 'Object Repository/PharmacyRequest/Page_Store/a_Request Item Pharmacy' is clicked on

2018-06-09 20:32:09 - [TEST_STEP][PASSED] - delay: Delayed 2 second(s)

2018-06-09 20:32:11 - [MESSAGE][PASSED] - Delayed 2 second(s)

2018-06-09 20:32:11 - [TEST_STEP][PASSED] - setText: Text 'PRNO/09062018/220' is set on object 'Object Repository/PharmacyRequest/Page_Store/input'

2018-06-09 20:32:11 - [MESSAGE][PASSED] - Text 'PRNO/09062018/220' is set on object 'Object Repository/PharmacyRequest/Page_Store/input'

2018-06-09 20:32:11 - [TEST_STEP][PASSED] - delay: Delayed 2 second(s)

2018-06-09 20:32:13 - [MESSAGE][PASSED] - Delayed 2 second(s)

2018-06-09 20:32:13 - [TEST_STEP][PASSED] - Statement - ChooseRequest = com.kms.katalon.core.webui.keyword.WebUiBuiltInKeywords.modifyObjectProperty(com.kms.katalon.core.testobject.ObjectRepository.findTestObject(PharmacyRequest/Page_Store/input_2), "xpath", "equals", "//*[@id=" + RID + "]", true): Modify property of object successfully

2018-06-09 20:32:13 - [MESSAGE][PASSED] - Modify property of object successfully

2018-06-09 20:32:13 - [TEST_STEP][PASSED] - click: Object: 'Object Repository/PharmacyRequest/Page_Store/input_2' is clicked on

2018-06-09 20:32:14 - [MESSAGE][PASSED] - Object: 'Object Repository/PharmacyRequest/Page_Store/input_2' is clicked on

2018-06-09 20:32:14 - [TEST_STEP][PASSED] - delay: Delayed 2 second(s)

2018-06-09 20:32:16 - [MESSAGE][PASSED] - Delayed 2 second(s)

2018-06-09 20:32:16 - [TEST_STEP][PASSED] - Statement - selectedoptions = com.kms.katalon.core.webui.keyword.WebUiBuiltInKeywords.getNumberOfTotalOption(com.kms.katalon.core.testobject.ObjectRepository.findTestObject(PharmacyRequest/Page_Store/select_--Select--Amlodepin -5)): 17 options of object 'Object Repository/PharmacyRequest/Page_Store/select_--Select--Amlodepin -5' counted

2018-06-09 20:32:16 - [MESSAGE][PASSED] - 17 options of object 'Object Repository/PharmacyRequest/Page_Store/select_--Select--Amlodepin -5' counted

2018-06-09 20:32:16 - [TEST_STEP][PASSED] - Statement - For ([a = 1, a <= selectedoptions - 1, (a++)]): null

2018-06-09 20:32:16 - [TEST_STEP][PASSED] - selectOptionByIndex: All options with index in [1] are selected on object 'Object Repository/PharmacyRequest/Page_Store/select_--Select--Amlodepin -5'

2018-06-09 20:32:16 - [MESSAGE][PASSED] - All options with index in [1] are selected on object 'Object Repository/PharmacyRequest/Page_Store/select_--Select--Amlodepin -5'

2018-06-09 20:32:16 - [TEST_STEP][PASSED] - delay: Delayed 1 second(s)

2018-06-09 20:32:17 - [MESSAGE][PASSED] - Delayed 1 second(s)

2018-06-09 20:32:17 - [TEST_STEP][PASSED] - Statement - RequestedQty = com.kms.katalon.core.webui.keyword.WebUiBuiltInKeywords.getAttribute(com.kms.katalon.core.testobject.ObjectRepository.findTestObject(PharmacyRequest/Page_Store/input_txttotal), "value"): Attribute 'value' of object 'Object Repository/PharmacyRequest/Page_Store/input_txttotal' is: '10'

2018-06-09 20:32:17 - [MESSAGE][PASSED] - Attribute 'value' of object 'Object Repository/PharmacyRequest/Page_Store/input_txttotal' is: '10'

2018-06-09 20:32:17 - [TEST_STEP][PASSED] - Statement - out.println("Requested QTY : " + RequestedQty): null

2018-06-09 20:32:17 - [TEST_STEP][PASSED] - Statement - BatchNumber = com.kms.katalon.core.webui.keyword.WebUiBuiltInKeywords.getNumberOfTotalOption(com.kms.katalon.core.testobject.ObjectRepository.findTestObject(PharmacyRequest/Page_Store/select_--Select--BA50)): 4 options of object 'Object Repository/PharmacyRequest/Page_Store/select_--Select--BA50' counted

2018-06-09 20:32:17 - [MESSAGE][PASSED] - 4 options of object 'Object Repository/PharmacyRequest/Page_Store/select_--Select--BA50' counted

2018-06-09 20:32:17 - [TEST_STEP][PASSED] - Statement - For ([g = 1, g <= BatchNumber - 1, (g++)]): null

2018-06-09 20:32:17 - [TEST_STEP][PASSED] - selectOptionByIndex: All options with index in [1] are selected on object 'Object Repository/PharmacyRequest/Page_Store/select_--Select--BA50'

2018-06-09 20:32:17 - [MESSAGE][PASSED] - All options with index in [1] are selected on object 'Object Repository/PharmacyRequest/Page_Store/select_--Select--BA50'

2018-06-09 20:32:17 - [TEST_STEP][PASSED] - delay: Delayed 1 second(s)

2018-06-09 20:32:18 - [MESSAGE][PASSED] - Delayed 1 second(s)

2018-06-09 20:32:18 - [TEST_STEP][PASSED] - Statement - StockQty = com.kms.katalon.core.webui.keyword.WebUiBuiltInKeywords.getAttribute(com.kms.katalon.core.testobject.ObjectRepository.findTestObject(PharmacyRequest/Page_Store/input_txtprice), "value"): Attribute 'value' of object 'Object Repository/PharmacyRequest/Page_Store/input_txtprice' is: '1695'

2018-06-09 20:32:18 - [MESSAGE][PASSED] - Attribute 'value' of object 'Object Repository/PharmacyRequest/Page_Store/input_txtprice' is: '1695'

2018-06-09 20:32:18 - [TEST_STEP][PASSED] - Statement - out.println("Stock QTY : " + StockQty): null

2018-06-09 20:32:18 - [TEST_STEP][PASSED] - delay: Delayed 1 second(s)

2018-06-09 20:32:19 - [MESSAGE][PASSED] - Delayed 1 second(s)

2018-06-09 20:32:19 - [TEST_STEP][PASSED] - Statement - If (java.lang.Integer.valueOf(StockQty) >= java.lang.Integer.valueOf(RequestedQty)): null

2018-06-09 20:32:19 - [TEST_STEP][PASSED] - setText: Text '10' is set on object 'Object Repository/PharmacyRequest/Page_Store/input_txtqty'

2018-06-09 20:32:19 - [MESSAGE][PASSED] - Text '10' is set on object 'Object Repository/PharmacyRequest/Page_Store/input_txtqty'

2018-06-09 20:32:19 - [TEST_STEP][PASSED] - click: Object: 'Object Repository/PharmacyRequest/Page_Store/button_Add' is clicked on

2018-06-09 20:32:19 - [MESSAGE][PASSED] - Object: 'Object Repository/PharmacyRequest/Page_Store/button_Add' is clicked on

2018-06-09 20:32:19 - [TEST_STEP][PASSED] - Statement - Break: null

2018-06-09 20:32:19 - [TEST_STEP][PASSED] - selectOptionByIndex: All options with index in [2] are selected on object 'Object Repository/PharmacyRequest/Page_Store/select_--Select--Amlodepin -5'

2018-06-09 20:32:19 - [MESSAGE][PASSED] - All options with index in [2] are selected on object 'Object Repository/PharmacyRequest/Page_Store/select_--Select--Amlodepin -5'

2018-06-09 20:32:19 - [TEST_STEP][PASSED] - delay: Delayed 1 second(s)

2018-06-09 20:32:20 - [MESSAGE][PASSED] - Delayed 1 second(s)

2018-06-09 20:32:20 - [TEST_STEP][PASSED] - Statement - RequestedQty = com.kms.katalon.core.webui.keyword.WebUiBuiltInKeywords.getAttribute(com.kms.katalon.core.testobject.ObjectRepository.findTestObject(PharmacyRequest/Page_Store/input_txttotal), "value"): Attribute 'value' of object 'Object Repository/PharmacyRequest/Page_Store/input_txttotal' is: '10'

2018-06-09 20:32:20 - [MESSAGE][PASSED] - Attribute 'value' of object 'Object Repository/PharmacyRequest/Page_Store/input_txttotal' is: '10'

2018-06-09 20:32:20 - [TEST_STEP][PASSED] - Statement - out.println("Requested QTY : " + RequestedQty): null

2018-06-09 20:32:20 - [TEST_STEP][PASSED] - Statement - BatchNumber = com.kms.katalon.core.webui.keyword.WebUiBuiltInKeywords.getNumberOfTotalOption(com.kms.katalon.core.testobject.ObjectRepository.findTestObject(PharmacyRequest/Page_Store/select_--Select--BA50)): 4 options of object 'Object Repository/PharmacyRequest/Page_Store/select_--Select--BA50' counted

2018-06-09 20:32:20 - [MESSAGE][PASSED] - 4 options of object 'Object Repository/PharmacyRequest/Page_Store/select_--Select--BA50' counted

2018-06-09 20:32:20 - [TEST_STEP][PASSED] - Statement - For ([g = 1, g <= BatchNumber - 1, (g++)]): null

2018-06-09 20:32:20 - [TEST_STEP][PASSED] - selectOptionByIndex: All options with index in [1] are selected on object 'Object Repository/PharmacyRequest/Page_Store/select_--Select--BA50'

2018-06-09 20:32:21 - [MESSAGE][PASSED] - All options with index in [1] are selected on object 'Object Repository/PharmacyRequest/Page_Store/select_--Select--BA50'

2018-06-09 20:32:21 - [TEST_STEP][PASSED] - delay: Delayed 1 second(s)

2018-06-09 20:32:22 - [MESSAGE][PASSED] - Delayed 1 second(s)

2018-06-09 20:32:22 - [TEST_STEP][PASSED] - Statement - StockQty = com.kms.katalon.core.webui.keyword.WebUiBuiltInKeywords.getAttribute(com.kms.katalon.core.testobject.ObjectRepository.findTestObject(PharmacyRequest/Page_Store/input_txtprice), "value"): Attribute 'value' of object 'Object Repository/PharmacyRequest/Page_Store/input_txtprice' is: '64'

2018-06-09 20:32:22 - [MESSAGE][PASSED] - Attribute 'value' of object 'Object Repository/PharmacyRequest/Page_Store/input_txtprice' is: '64'

2018-06-09 20:32:22 - [TEST_STEP][PASSED] - Statement - out.println("Stock QTY : " + StockQty): null

2018-06-09 20:32:22 - [TEST_STEP][PASSED] - delay: Delayed 1 second(s)

2018-06-09 20:32:23 - [MESSAGE][PASSED] - Delayed 1 second(s)

2018-06-09 20:32:23 - [TEST_STEP][PASSED] - Statement - If (java.lang.Integer.valueOf(StockQty) >= java.lang.Integer.valueOf(RequestedQty)): null

2018-06-09 20:32:23 - [TEST_STEP][PASSED] - setText: Text '10' is set on object 'Object Repository/PharmacyRequest/Page_Store/input_txtqty'

2018-06-09 20:32:23 - [MESSAGE][PASSED] - Text '10' is set on object 'Object Repository/PharmacyRequest/Page_Store/input_txtqty'

2018-06-09 20:32:23 - [TEST_STEP][PASSED] - click: Object: 'Object Repository/PharmacyRequest/Page_Store/button_Add' is clicked on

2018-06-09 20:32:23 - [MESSAGE][PASSED] - Object: 'Object Repository/PharmacyRequest/Page_Store/button_Add' is clicked on

2018-06-09 20:32:23 - [TEST_STEP][PASSED] - Statement - Break: null

2018-06-09 20:32:23 - [TEST_STEP][PASSED] - selectOptionByIndex: All options with index in [3] are selected on object 'Object Repository/PharmacyRequest/Page_Store/select_--Select--Amlodepin -5'

2018-06-09 20:32:23 - [MESSAGE][PASSED] - All options with index in [3] are selected on object 'Object Repository/PharmacyRequest/Page_Store/select_--Select--Amlodepin -5'

2018-06-09 20:32:23 - [TEST_STEP][PASSED] - delay: Delayed 1 second(s)

2018-06-09 20:32:24 - [MESSAGE][PASSED] - Delayed 1 second(s)

2018-06-09 20:32:24 - [TEST_STEP][PASSED] - Statement - RequestedQty = com.kms.katalon.core.webui.keyword.WebUiBuiltInKeywords.getAttribute(com.kms.katalon.core.testobject.ObjectRepository.findTestObject(PharmacyRequest/Page_Store/input_txttotal), "value"): Attribute 'value' of object 'Object Repository/PharmacyRequest/Page_Store/input_txttotal' is: '10'

2018-06-09 20:32:24 - [MESSAGE][PASSED] - Attribute 'value' of object 'Object Repository/PharmacyRequest/Page_Store/input_txttotal' is: '10'

2018-06-09 20:32:24 - [TEST_STEP][PASSED] - Statement - out.println("Requested QTY : " + RequestedQty): null

2018-06-09 20:32:24 - [TEST_STEP][PASSED] - Statement - BatchNumber = com.kms.katalon.core.webui.keyword.WebUiBuiltInKeywords.getNumberOfTotalOption(com.kms.katalon.core.testobject.ObjectRepository.findTestObject(PharmacyRequest/Page_Store/select_--Select--BA50)): 3 options of object 'Object Repository/PharmacyRequest/Page_Store/select_--Select--BA50' counted

2018-06-09 20:32:24 - [MESSAGE][PASSED] - 3 options of object 'Object Repository/PharmacyRequest/Page_Store/select_--Select--BA50' counted

2018-06-09 20:32:24 - [TEST_STEP][PASSED] - Statement - For ([g = 1, g <= BatchNumber - 1, (g++)]): null

2018-06-09 20:32:24 - [TEST_STEP][PASSED] - selectOptionByIndex: All options with index in [1] are selected on object 'Object Repository/PharmacyRequest/Page_Store/select_--Select--BA50'

2018-06-09 20:32:24 - [MESSAGE][PASSED] - All options with index in [1] are selected on object 'Object Repository/PharmacyRequest/Page_Store/select_--Select--BA50'

2018-06-09 20:32:24 - [TEST_STEP][PASSED] - delay: Delayed 1 second(s)

2018-06-09 20:32:25 - [MESSAGE][PASSED] - Delayed 1 second(s)

2018-06-09 20:32:25 - [TEST_STEP][PASSED] - Statement - StockQty = com.kms.katalon.core.webui.keyword.WebUiBuiltInKeywords.getAttribute(com.kms.katalon.core.testobject.ObjectRepository.findTestObject(PharmacyRequest/Page_Store/input_txtprice), "value"): Attribute 'value' of object 'Object Repository/PharmacyRequest/Page_Store/input_txtprice' is: '1610'

2018-06-09 20:32:25 - [MESSAGE][PASSED] - Attribute 'value' of object 'Object Repository/PharmacyRequest/Page_Store/input_txtprice' is: '1610'

2018-06-09 20:32:25 - [TEST_STEP][PASSED] - Statement - out.println("Stock QTY : " + StockQty): null

2018-06-09 20:32:25 - [TEST_STEP][PASSED] - delay: Delayed 1 second(s)

2018-06-09 20:32:26 - [MESSAGE][PASSED] - Delayed 1 second(s)

2018-06-09 20:32:26 - [TEST_STEP][PASSED] - Statement - If (java.lang.Integer.valueOf(StockQty) >= java.lang.Integer.valueOf(RequestedQty)): null

2018-06-09 20:32:26 - [TEST_STEP][PASSED] - setText: Text '10' is set on object 'Object Repository/PharmacyRequest/Page_Store/input_txtqty'

2018-06-09 20:32:26 - [MESSAGE][PASSED] - Text '10' is set on object 'Object Repository/PharmacyRequest/Page_Store/input_txtqty'

2018-06-09 20:32:26 - [TEST_STEP][PASSED] - click: Object: 'Object Repository/PharmacyRequest/Page_Store/button_Add' is clicked on

2018-06-09 20:32:26 - [MESSAGE][PASSED] - Object: 'Object Repository/PharmacyRequest/Page_Store/button_Add' is clicked on

2018-06-09 20:32:26 - [TEST_STEP][PASSED] - Statement - Break: null

2018-06-09 20:32:26 - [TEST_STEP][PASSED] - selectOptionByIndex: All options with index in [4] are selected on object 'Object Repository/PharmacyRequest/Page_Store/select_--Select--Amlodepin -5'

2018-06-09 20:32:26 - [MESSAGE][PASSED] - All options with index in [4] are selected on object 'Object Repository/PharmacyRequest/Page_Store/select_--Select--Amlodepin -5'

2018-06-09 20:32:26 - [TEST_STEP][PASSED] - delay: Delayed 1 second(s)

2018-06-09 20:32:27 - [MESSAGE][PASSED] - Delayed 1 second(s)

2018-06-09 20:32:27 - [TEST_STEP][PASSED] - Statement - RequestedQty = com.kms.katalon.core.webui.keyword.WebUiBuiltInKeywords.getAttribute(com.kms.katalon.core.testobject.ObjectRepository.findTestObject(PharmacyRequest/Page_Store/input_txttotal), "value"): Attribute 'value' of object 'Object Repository/PharmacyRequest/Page_Store/input_txttotal' is: '10'

2018-06-09 20:32:28 - [MESSAGE][PASSED] - Attribute 'value' of object 'Object Repository/PharmacyRequest/Page_Store/input_txttotal' is: '10'

2018-06-09 20:32:28 - [TEST_STEP][PASSED] - Statement - out.println("Requested QTY : " + RequestedQty): null

2018-06-09 20:32:28 - [TEST_STEP][PASSED] - Statement - BatchNumber = com.kms.katalon.core.webui.keyword.WebUiBuiltInKeywords.getNumberOfTotalOption(com.kms.katalon.core.testobject.ObjectRepository.findTestObject(PharmacyRequest/Page_Store/select_--Select--BA50)): 3 options of object 'Object Repository/PharmacyRequest/Page_Store/select_--Select--BA50' counted

2018-06-09 20:32:28 - [MESSAGE][PASSED] - 3 options of object 'Object Repository/PharmacyRequest/Page_Store/select_--Select--BA50' counted

2018-06-09 20:32:28 - [TEST_STEP][PASSED] - Statement - For ([g = 1, g <= BatchNumber - 1, (g++)]): null

2018-06-09 20:32:28 - [TEST_STEP][PASSED] - selectOptionByIndex: All options with index in [1] are selected on object 'Object Repository/PharmacyRequest/Page_Store/select_--Select--BA50'

2018-06-09 20:32:28 - [MESSAGE][PASSED] - All options with index in [1] are selected on object 'Object Repository/PharmacyRequest/Page_Store/select_--Select--BA50'

2018-06-09 20:32:28 - [TEST_STEP][PASSED] - delay: Delayed 1 second(s)

2018-06-09 20:32:29 - [MESSAGE][PASSED] - Delayed 1 second(s)

2018-06-09 20:32:29 - [TEST_STEP][PASSED] - Statement - StockQty = com.kms.katalon.core.webui.keyword.WebUiBuiltInKeywords.getAttribute(com.kms.katalon.core.testobject.ObjectRepository.findTestObject(PharmacyRequest/Page_Store/input_txtprice), "value"): Attribute 'value' of object 'Object Repository/PharmacyRequest/Page_Store/input_txtprice' is: '1610'

2018-06-09 20:32:29 - [MESSAGE][PASSED] - Attribute 'value' of object 'Object Repository/PharmacyRequest/Page_Store/input_txtprice' is: '1610'

2018-06-09 20:32:29 - [TEST_STEP][PASSED] - Statement - out.println("Stock QTY : " + StockQty): null

2018-06-09 20:32:29 - [TEST_STEP][PASSED] - delay: Delayed 1 second(s)

2018-06-09 20:32:30 - [MESSAGE][PASSED] - Delayed 1 second(s)

2018-06-09 20:32:30 - [TEST_STEP][PASSED] - Statement - If (java.lang.Integer.valueOf(StockQty) >= java.lang.Integer.valueOf(RequestedQty)): null

2018-06-09 20:32:30 - [TEST_STEP][PASSED] - setText: Text '10' is set on object 'Object Repository/PharmacyRequest/Page_Store/input_txtqty'

2018-06-09 20:32:30 - [MESSAGE][PASSED] - Text '10' is set on object 'Object Repository/PharmacyRequest/Page_Store/input_txtqty'

2018-06-09 20:32:30 - [TEST_STEP][PASSED] - click: Object: 'Object Repository/PharmacyRequest/Page_Store/button_Add' is clicked on

2018-06-09 20:32:30 - [MESSAGE][PASSED] - Object: 'Object Repository/PharmacyRequest/Page_Store/button_Add' is clicked on

2018-06-09 20:32:30 - [TEST_STEP][PASSED] - Statement - Break: null

2018-06-09 20:32:30 - [TEST_STEP][PASSED] - selectOptionByIndex: All options with index in [5] are selected on object 'Object Repository/PharmacyRequest/Page_Store/select_--Select--Amlodepin -5'

2018-06-09 20:32:30 - [MESSAGE][PASSED] - All options with index in [5] are selected on object 'Object Repository/PharmacyRequest/Page_Store/select_--Select--Amlodepin -5'

2018-06-09 20:32:30 - [TEST_STEP][PASSED] - delay: Delayed 1 second(s)

2018-06-09 20:32:31 - [MESSAGE][PASSED] - Delayed 1 second(s)

2018-06-09 20:32:31 - [TEST_STEP][PASSED] - Statement - RequestedQty = com.kms.katalon.core.webui.keyword.WebUiBuiltInKeywords.getAttribute(com.kms.katalon.core.testobject.ObjectRepository.findTestObject(PharmacyRequest/Page_Store/input_txttotal), "value"): Attribute 'value' of object 'Object Repository/PharmacyRequest/Page_Store/input_txttotal' is: '10'

2018-06-09 20:32:31 - [MESSAGE][PASSED] - Attribute 'value' of object 'Object Repository/PharmacyRequest/Page_Store/input_txttotal' is: '10'

2018-06-09 20:32:31 - [TEST_STEP][PASSED] - Statement - out.println("Requested QTY : " + RequestedQty): null

2018-06-09 20:32:31 - [TEST_STEP][PASSED] - Statement - BatchNumber = com.kms.katalon.core.webui.keyword.WebUiBuiltInKeywords.getNumberOfTotalOption(com.kms.katalon.core.testobject.ObjectRepository.findTestObject(PharmacyRequest/Page_Store/select_--Select--BA50)): 3 options of object 'Object Repository/PharmacyRequest/Page_Store/select_--Select--BA50' counted

2018-06-09 20:32:31 - [MESSAGE][PASSED] - 3 options of object 'Object Repository/PharmacyRequest/Page_Store/select_--Select--BA50' counted

2018-06-09 20:32:31 - [TEST_STEP][PASSED] - Statement - For ([g = 1, g <= BatchNumber - 1, (g++)]): null

2018-06-09 20:32:31 - [TEST_STEP][PASSED] - selectOptionByIndex: All options with index in [1] are selected on object 'Object Repository/PharmacyRequest/Page_Store/select_--Select--BA50'

2018-06-09 20:32:31 - [MESSAGE][PASSED] - All options with index in [1] are selected on object 'Object Repository/PharmacyRequest/Page_Store/select_--Select--BA50'

2018-06-09 20:32:31 - [TEST_STEP][PASSED] - delay: Delayed 1 second(s)

2018-06-09 20:32:32 - [MESSAGE][PASSED] - Delayed 1 second(s)

2018-06-09 20:32:32 - [TEST_STEP][PASSED] - Statement - StockQty = com.kms.katalon.core.webui.keyword.WebUiBuiltInKeywords.getAttribute(com.kms.katalon.core.testobject.ObjectRepository.findTestObject(PharmacyRequest/Page_Store/input_txtprice), "value"): Attribute 'value' of object 'Object Repository/PharmacyRequest/Page_Store/input_txtprice' is: '1630'

2018-06-09 20:32:32 - [MESSAGE][PASSED] - Attribute 'value' of object 'Object Repository/PharmacyRequest/Page_Store/input_txtprice' is: '1630'

2018-06-09 20:32:32 - [TEST_STEP][PASSED] - Statement - out.println("Stock QTY : " + StockQty): null

2018-06-09 20:32:32 - [TEST_STEP][PASSED] - delay: Delayed 1 second(s)

2018-06-09 20:32:33 - [MESSAGE][PASSED] - Delayed 1 second(s)

2018-06-09 20:32:33 - [TEST_STEP][PASSED] - Statement - If (java.lang.Integer.valueOf(StockQty) >= java.lang.Integer.valueOf(RequestedQty)): null

2018-06-09 20:32:33 - [TEST_STEP][PASSED] - setText: Text '10' is set on object 'Object Repository/PharmacyRequest/Page_Store/input_txtqty'

2018-06-09 20:32:33 - [MESSAGE][PASSED] - Text '10' is set on object 'Object Repository/PharmacyRequest/Page_Store/input_txtqty'

2018-06-09 20:32:33 - [TEST_STEP][PASSED] - click: Object: 'Object Repository/PharmacyRequest/Page_Store/button_Add' is clicked on

2018-06-09 20:32:33 - [MESSAGE][PASSED] - Object: 'Object Repository/PharmacyRequest/Page_Store/button_Add' is clicked on

2018-06-09 20:32:33 - [TEST_STEP][PASSED] - Statement - Break: null

2018-06-09 20:32:33 - [TEST_STEP][PASSED] - selectOptionByIndex: All options with index in [6] are selected on object 'Object Repository/PharmacyRequest/Page_Store/select_--Select--Amlodepin -5'

2018-06-09 20:32:34 - [MESSAGE][PASSED] - All options with index in [6] are selected on object 'Object Repository/PharmacyRequest/Page_Store/select_--Select--Amlodepin -5'

2018-06-09 20:32:34 - [TEST_STEP][PASSED] - delay: Delayed 1 second(s)

2018-06-09 20:32:35 - [MESSAGE][PASSED] - Delayed 1 second(s)

2018-06-09 20:32:35 - [TEST_STEP][PASSED] - Statement - RequestedQty = com.kms.katalon.core.webui.keyword.WebUiBuiltInKeywords.getAttribute(com.kms.katalon.core.testobject.ObjectRepository.findTestObject(PharmacyRequest/Page_Store/input_txttotal), "value"): Attribute 'value' of object 'Object Repository/PharmacyRequest/Page_Store/input_txttotal' is: '10'

2018-06-09 20:32:35 - [MESSAGE][PASSED] - Attribute 'value' of object 'Object Repository/PharmacyRequest/Page_Store/input_txttotal' is: '10'

2018-06-09 20:32:35 - [TEST_STEP][PASSED] - Statement - out.println("Requested QTY : " + RequestedQty): null

2018-06-09 20:32:35 - [TEST_STEP][PASSED] - Statement - BatchNumber = com.kms.katalon.core.webui.keyword.WebUiBuiltInKeywords.getNumberOfTotalOption(com.kms.katalon.core.testobject.ObjectRepository.findTestObject(PharmacyRequest/Page_Store/select_--Select--BA50)): 3 options of object 'Object Repository/PharmacyRequest/Page_Store/select_--Select--BA50' counted

2018-06-09 20:32:35 - [MESSAGE][PASSED] - 3 options of object 'Object Repository/PharmacyRequest/Page_Store/select_--Select--BA50' counted

2018-06-09 20:32:35 - [TEST_STEP][PASSED] - Statement - For ([g = 1, g <= BatchNumber - 1, (g++)]): null

2018-06-09 20:32:35 - [TEST_STEP][PASSED] - selectOptionByIndex: All options with index in [1] are selected on object 'Object Repository/PharmacyRequest/Page_Store/select_--Select--BA50'

2018-06-09 20:32:35 - [MESSAGE][PASSED] - All options with index in [1] are selected on object 'Object Repository/PharmacyRequest/Page_Store/select_--Select--BA50'

2018-06-09 20:32:35 - [TEST_STEP][PASSED] - delay: Delayed 1 second(s)

2018-06-09 20:32:36 - [MESSAGE][PASSED] - Delayed 1 second(s)

2018-06-09 20:32:36 - [TEST_STEP][PASSED] - Statement - StockQty = com.kms.katalon.core.webui.keyword.WebUiBuiltInKeywords.getAttribute(com.kms.katalon.core.testobject.ObjectRepository.findTestObject(PharmacyRequest/Page_Store/input_txtprice), "value"): Attribute 'value' of object 'Object Repository/PharmacyRequest/Page_Store/input_txtprice' is: '1285'

2018-06-09 20:32:36 - [MESSAGE][PASSED] - Attribute 'value' of object 'Object Repository/PharmacyRequest/Page_Store/input_txtprice' is: '1285'

2018-06-09 20:32:36 - [TEST_STEP][PASSED] - Statement - out.println("Stock QTY : " + StockQty): null

2018-06-09 20:32:36 - [TEST_STEP][PASSED] - delay: Delayed 1 second(s)

2018-06-09 20:32:37 - [MESSAGE][PASSED] - Delayed 1 second(s)

2018-06-09 20:32:37 - [TEST_STEP][PASSED] - Statement - If (java.lang.Integer.valueOf(StockQty) >= java.lang.Integer.valueOf(RequestedQty)): null

2018-06-09 20:32:37 - [TEST_STEP][PASSED] - setText: Text '10' is set on object 'Object Repository/PharmacyRequest/Page_Store/input_txtqty'

2018-06-09 20:32:37 - [MESSAGE][PASSED] - Text '10' is set on object 'Object Repository/PharmacyRequest/Page_Store/input_txtqty'

2018-06-09 20:32:37 - [TEST_STEP][PASSED] - click: Object: 'Object Repository/PharmacyRequest/Page_Store/button_Add' is clicked on

2018-06-09 20:32:37 - [MESSAGE][PASSED] - Object: 'Object Repository/PharmacyRequest/Page_Store/button_Add' is clicked on

2018-06-09 20:32:37 - [TEST_STEP][PASSED] - Statement - Break: null

2018-06-09 20:32:37 - [TEST_STEP][PASSED] - selectOptionByIndex: All options with index in [7] are selected on object 'Object Repository/PharmacyRequest/Page_Store/select_--Select--Amlodepin -5'

2018-06-09 20:32:37 - [MESSAGE][PASSED] - All options with index in [7] are selected on object 'Object Repository/PharmacyRequest/Page_Store/select_--Select--Amlodepin -5'

2018-06-09 20:32:37 - [TEST_STEP][PASSED] - delay: Delayed 1 second(s)

2018-06-09 20:32:38 - [MESSAGE][PASSED] - Delayed 1 second(s)

2018-06-09 20:32:38 - [TEST_STEP][PASSED] - Statement - RequestedQty = com.kms.katalon.core.webui.keyword.WebUiBuiltInKeywords.getAttribute(com.kms.katalon.core.testobject.ObjectRepository.findTestObject(PharmacyRequest/Page_Store/input_txttotal), "value"): Attribute 'value' of object 'Object Repository/PharmacyRequest/Page_Store/input_txttotal' is: '10'

2018-06-09 20:32:38 - [MESSAGE][PASSED] - Attribute 'value' of object 'Object Repository/PharmacyRequest/Page_Store/input_txttotal' is: '10'

2018-06-09 20:32:38 - [TEST_STEP][PASSED] - Statement - out.println("Requested QTY : " + RequestedQty): null

2018-06-09 20:32:38 - [TEST_STEP][PASSED] - Statement - BatchNumber = com.kms.katalon.core.webui.keyword.WebUiBuiltInKeywords.getNumberOfTotalOption(com.kms.katalon.core.testobject.ObjectRepository.findTestObject(PharmacyRequest/Page_Store/select_--Select--BA50)): 5 options of object 'Object Repository/PharmacyRequest/Page_Store/select_--Select--BA50' counted

2018-06-09 20:32:38 - [MESSAGE][PASSED] - 5 options of object 'Object Repository/PharmacyRequest/Page_Store/select_--Select--BA50' counted

2018-06-09 20:32:38 - [TEST_STEP][PASSED] - Statement - For ([g = 1, g <= BatchNumber - 1, (g++)]): null

2018-06-09 20:32:38 - [TEST_STEP][PASSED] - selectOptionByIndex: All options with index in [1] are selected on object 'Object Repository/PharmacyRequest/Page_Store/select_--Select--BA50'

2018-06-09 20:32:38 - [MESSAGE][PASSED] - All options with index in [1] are selected on object 'Object Repository/PharmacyRequest/Page_Store/select_--Select--BA50'

2018-06-09 20:32:38 - [TEST_STEP][PASSED] - delay: Delayed 1 second(s)

2018-06-09 20:32:39 - [MESSAGE][PASSED] - Delayed 1 second(s)

2018-06-09 20:32:39 - [TEST_STEP][PASSED] - Statement - StockQty = com.kms.katalon.core.webui.keyword.WebUiBuiltInKeywords.getAttribute(com.kms.katalon.core.testobject.ObjectRepository.findTestObject(PharmacyRequest/Page_Store/input_txtprice), "value"): Attribute 'value' of object 'Object Repository/PharmacyRequest/Page_Store/input_txtprice' is: '4'

2018-06-09 20:32:39 - [MESSAGE][PASSED] - Attribute 'value' of object 'Object Repository/PharmacyRequest/Page_Store/input_txtprice' is: '4'

2018-06-09 20:32:39 - [TEST_STEP][PASSED] - Statement - out.println("Stock QTY : " + StockQty): null

2018-06-09 20:32:39 - [TEST_STEP][PASSED] - delay: Delayed 1 second(s)

2018-06-09 20:32:40 - [MESSAGE][PASSED] - Delayed 1 second(s)

2018-06-09 20:32:40 - [TEST_STEP][PASSED] - Statement - If (java.lang.Integer.valueOf(StockQty) >= java.lang.Integer.valueOf(RequestedQty)): null

2018-06-09 20:32:40 - [TEST_STEP][PASSED] - Statement - Else: null

2018-06-09 20:32:40 - [TEST_STEP][PASSED] - Statement - out.println("Stock Is Less Than Requested Qty"): null

2018-06-09 20:32:40 - [TEST_STEP][PASSED] - selectOptionByIndex: All options with index in [2] are selected on object 'Object Repository/PharmacyRequest/Page_Store/select_--Select--BA50'

2018-06-09 20:32:41 - [MESSAGE][PASSED] - All options with index in [2] are selected on object 'Object Repository/PharmacyRequest/Page_Store/select_--Select--BA50'

2018-06-09 20:32:41 - [TEST_STEP][PASSED] - delay: Delayed 1 second(s)

2018-06-09 20:32:42 - [MESSAGE][PASSED] - Delayed 1 second(s)

2018-06-09 20:32:42 - [TEST_STEP][PASSED] - Statement - StockQty = com.kms.katalon.core.webui.keyword.WebUiBuiltInKeywords.getAttribute(com.kms.katalon.core.testobject.ObjectRepository.findTestObject(PharmacyRequest/Page_Store/input_txtprice), "value"): Attribute 'value' of object 'Object Repository/PharmacyRequest/Page_Store/input_txtprice' is: '1270'

2018-06-09 20:32:42 - [MESSAGE][PASSED] - Attribute 'value' of object 'Object Repository/PharmacyRequest/Page_Store/input_txtprice' is: '1270'

2018-06-09 20:32:42 - [TEST_STEP][PASSED] - Statement - out.println("Stock QTY : " + StockQty): null

2018-06-09 20:32:42 - [TEST_STEP][PASSED] - delay: Delayed 1 second(s)

2018-06-09 20:32:43 - [MESSAGE][PASSED] - Delayed 1 second(s)

2018-06-09 20:32:43 - [TEST_STEP][PASSED] - Statement - If (java.lang.Integer.valueOf(StockQty) >= java.lang.Integer.valueOf(RequestedQty)): null

2018-06-09 20:32:43 - [TEST_STEP][PASSED] - setText: Text '10' is set on object 'Object Repository/PharmacyRequest/Page_Store/input_txtqty'

2018-06-09 20:32:43 - [MESSAGE][PASSED] - Text '10' is set on object 'Object Repository/PharmacyRequest/Page_Store/input_txtqty'

2018-06-09 20:32:43 - [TEST_STEP][PASSED] - click: Object: 'Object Repository/PharmacyRequest/Page_Store/button_Add' is clicked on

2018-06-09 20:32:43 - [MESSAGE][PASSED] - Object: 'Object Repository/PharmacyRequest/Page_Store/button_Add' is clicked on

2018-06-09 20:32:43 - [TEST_STEP][PASSED] - Statement - Break: null

2018-06-09 20:32:43 - [TEST_STEP][PASSED] - selectOptionByIndex: All options with index in [8] are selected on object 'Object Repository/PharmacyRequest/Page_Store/select_--Select--Amlodepin -5'

2018-06-09 20:32:43 - [MESSAGE][PASSED] - All options with index in [8] are selected on object 'Object Repository/PharmacyRequest/Page_Store/select_--Select--Amlodepin -5'

2018-06-09 20:32:43 - [TEST_STEP][PASSED] - delay: Delayed 1 second(s)

2018-06-09 20:32:44 - [MESSAGE][PASSED] - Delayed 1 second(s)

2018-06-09 20:32:44 - [TEST_STEP][PASSED] - Statement - RequestedQty = com.kms.katalon.core.webui.keyword.WebUiBuiltInKeywords.getAttribute(com.kms.katalon.core.testobject.ObjectRepository.findTestObject(PharmacyRequest/Page_Store/input_txttotal), "value"): Attribute 'value' of object 'Object Repository/PharmacyRequest/Page_Store/input_txttotal' is: '10'

2018-06-09 20:32:44 - [MESSAGE][PASSED] - Attribute 'value' of object 'Object Repository/PharmacyRequest/Page_Store/input_txttotal' is: '10'

2018-06-09 20:32:44 - [TEST_STEP][PASSED] - Statement - out.println("Requested QTY : " + RequestedQty): null

2018-06-09 20:32:44 - [TEST_STEP][PASSED] - Statement - BatchNumber = com.kms.katalon.core.webui.keyword.WebUiBuiltInKeywords.getNumberOfTotalOption(com.kms.katalon.core.testobject.ObjectRepository.findTestObject(PharmacyRequest/Page_Store/select_--Select--BA50)): 3 options of object 'Object Repository/PharmacyRequest/Page_Store/select_--Select--BA50' counted

2018-06-09 20:32:44 - [MESSAGE][PASSED] - 3 options of object 'Object Repository/PharmacyRequest/Page_Store/select_--Select--BA50' counted

2018-06-09 20:32:44 - [TEST_STEP][PASSED] - Statement - For ([g = 1, g <= BatchNumber - 1, (g++)]): null

2018-06-09 20:32:44 - [TEST_STEP][PASSED] - selectOptionByIndex: All options with index in [1] are selected on object 'Object Repository/PharmacyRequest/Page_Store/select_--Select--BA50'

2018-06-09 20:32:44 - [MESSAGE][PASSED] - All options with index in [1] are selected on object 'Object Repository/PharmacyRequest/Page_Store/select_--Select--BA50'

2018-06-09 20:32:44 - [TEST_STEP][PASSED] - delay: Delayed 1 second(s)

2018-06-09 20:32:45 - [MESSAGE][PASSED] - Delayed 1 second(s)

2018-06-09 20:32:45 - [TEST_STEP][PASSED] - Statement - StockQty = com.kms.katalon.core.webui.keyword.WebUiBuiltInKeywords.getAttribute(com.kms.katalon.core.testobject.ObjectRepository.findTestObject(PharmacyRequest/Page_Store/input_txtprice), "value"): Attribute 'value' of object 'Object Repository/PharmacyRequest/Page_Store/input_txtprice' is: '1399'

2018-06-09 20:32:45 - [MESSAGE][PASSED] - Attribute 'value' of object 'Object Repository/PharmacyRequest/Page_Store/input_txtprice' is: '1399'

2018-06-09 20:32:45 - [TEST_STEP][PASSED] - Statement - out.println("Stock QTY : " + StockQty): null

2018-06-09 20:32:45 - [TEST_STEP][PASSED] - delay: Delayed 1 second(s)

2018-06-09 20:32:46 - [MESSAGE][PASSED] - Delayed 1 second(s)

2018-06-09 20:32:46 - [TEST_STEP][PASSED] - Statement - If (java.lang.Integer.valueOf(StockQty) >= java.lang.Integer.valueOf(RequestedQty)): null

2018-06-09 20:32:46 - [TEST_STEP][PASSED] - setText: Text '10' is set on object 'Object Repository/PharmacyRequest/Page_Store/input_txtqty'

2018-06-09 20:32:46 - [MESSAGE][PASSED] - Text '10' is set on object 'Object Repository/PharmacyRequest/Page_Store/input_txtqty'

2018-06-09 20:32:46 - [TEST_STEP][PASSED] - click: Object: 'Object Repository/PharmacyRequest/Page_Store/button_Add' is clicked on

2018-06-09 20:32:46 - [MESSAGE][PASSED] - Object: 'Object Repository/PharmacyRequest/Page_Store/button_Add' is clicked on

2018-06-09 20:32:46 - [TEST_STEP][PASSED] - Statement - Break: null

2018-06-09 20:32:46 - [TEST_STEP][PASSED] - selectOptionByIndex: All options with index in [9] are selected on object 'Object Repository/PharmacyRequest/Page_Store/select_--Select--Amlodepin -5'

2018-06-09 20:32:46 - [MESSAGE][PASSED] - All options with index in [9] are selected on object 'Object Repository/PharmacyRequest/Page_Store/select_--Select--Amlodepin -5'

2018-06-09 20:32:46 - [TEST_STEP][PASSED] - delay: Delayed 1 second(s)

2018-06-09 20:32:47 - [MESSAGE][PASSED] - Delayed 1 second(s)

2018-06-09 20:32:47 - [TEST_STEP][PASSED] - Statement - RequestedQty = com.kms.katalon.core.webui.keyword.WebUiBuiltInKeywords.getAttribute(com.kms.katalon.core.testobject.ObjectRepository.findTestObject(PharmacyRequest/Page_Store/input_txttotal), "value"): Attribute 'value' of object 'Object Repository/PharmacyRequest/Page_Store/input_txttotal' is: '10'

2018-06-09 20:32:48 - [MESSAGE][PASSED] - Attribute 'value' of object 'Object Repository/PharmacyRequest/Page_Store/input_txttotal' is: '10'

2018-06-09 20:32:48 - [TEST_STEP][PASSED] - Statement - out.println("Requested QTY : " + RequestedQty): null

2018-06-09 20:32:48 - [TEST_STEP][PASSED] - Statement - BatchNumber = com.kms.katalon.core.webui.keyword.WebUiBuiltInKeywords.getNumberOfTotalOption(com.kms.katalon.core.testobject.ObjectRepository.findTestObject(PharmacyRequest/Page_Store/select_--Select--BA50)): 3 options of object 'Object Repository/PharmacyRequest/Page_Store/select_--Select--BA50' counted

2018-06-09 20:32:48 - [MESSAGE][PASSED] - 3 options of object 'Object Repository/PharmacyRequest/Page_Store/select_--Select--BA50' counted

2018-06-09 20:32:48 - [TEST_STEP][PASSED] - Statement - For ([g = 1, g <= BatchNumber - 1, (g++)]): null

2018-06-09 20:32:48 - [TEST_STEP][PASSED] - selectOptionByIndex: All options with index in [1] are selected on object 'Object Repository/PharmacyRequest/Page_Store/select_--Select--BA50'

2018-06-09 20:32:48 - [MESSAGE][PASSED] - All options with index in [1] are selected on object 'Object Repository/PharmacyRequest/Page_Store/select_--Select--BA50'

2018-06-09 20:32:48 - [TEST_STEP][PASSED] - delay: Delayed 1 second(s)

2018-06-09 20:32:49 - [MESSAGE][PASSED] - Delayed 1 second(s)

2018-06-09 20:32:49 - [TEST_STEP][PASSED] - Statement - StockQty = com.kms.katalon.core.webui.keyword.WebUiBuiltInKeywords.getAttribute(com.kms.katalon.core.testobject.ObjectRepository.findTestObject(PharmacyRequest/Page_Store/input_txtprice), "value"): Attribute 'value' of object 'Object Repository/PharmacyRequest/Page_Store/input_txtprice' is: '944'

2018-06-09 20:32:49 - [MESSAGE][PASSED] - Attribute 'value' of object 'Object Repository/PharmacyRequest/Page_Store/input_txtprice' is: '944'

2018-06-09 20:32:49 - [TEST_STEP][PASSED] - Statement - out.println("Stock QTY : " + StockQty): null

2018-06-09 20:32:49 - [TEST_STEP][PASSED] - delay: Delayed 1 second(s)

2018-06-09 20:32:50 - [MESSAGE][PASSED] - Delayed 1 second(s)

2018-06-09 20:32:50 - [TEST_STEP][PASSED] - Statement - If (java.lang.Integer.valueOf(StockQty) >= java.lang.Integer.valueOf(RequestedQty)): null

2018-06-09 20:32:50 - [TEST_STEP][PASSED] - setText: Text '10' is set on object 'Object Repository/PharmacyRequest/Page_Store/input_txtqty'

2018-06-09 20:32:50 - [MESSAGE][PASSED] - Text '10' is set on object 'Object Repository/PharmacyRequest/Page_Store/input_txtqty'

2018-06-09 20:32:50 - [TEST_STEP][PASSED] - click: Object: 'Object Repository/PharmacyRequest/Page_Store/button_Add' is clicked on

2018-06-09 20:32:50 - [MESSAGE][PASSED] - Object: 'Object Repository/PharmacyRequest/Page_Store/button_Add' is clicked on

2018-06-09 20:32:50 - [TEST_STEP][PASSED] - Statement - Break: null

2018-06-09 20:32:50 - [TEST_STEP][PASSED] - selectOptionByIndex: All options with index in [10] are selected on object 'Object Repository/PharmacyRequest/Page_Store/select_--Select--Amlodepin -5'

2018-06-09 20:32:50 - [MESSAGE][PASSED] - All options with index in [10] are selected on object 'Object Repository/PharmacyRequest/Page_Store/select_--Select--Amlodepin -5'

2018-06-09 20:32:50 - [TEST_STEP][PASSED] - delay: Delayed 1 second(s)

2018-06-09 20:32:51 - [MESSAGE][PASSED] - Delayed 1 second(s)

2018-06-09 20:32:51 - [TEST_STEP][PASSED] - Statement - RequestedQty = com.kms.katalon.core.webui.keyword.WebUiBuiltInKeywords.getAttribute(com.kms.katalon.core.testobject.ObjectRepository.findTestObject(PharmacyRequest/Page_Store/input_txttotal), "value"): Attribute 'value' of object 'Object Repository/PharmacyRequest/Page_Store/input_txttotal' is: '10'

2018-06-09 20:32:51 - [MESSAGE][PASSED] - Attribute 'value' of object 'Object Repository/PharmacyRequest/Page_Store/input_txttotal' is: '10'

2018-06-09 20:32:51 - [TEST_STEP][PASSED] - Statement - out.println("Requested QTY : " + RequestedQty): null

2018-06-09 20:32:51 - [TEST_STEP][PASSED] - Statement - BatchNumber = com.kms.katalon.core.webui.keyword.WebUiBuiltInKeywords.getNumberOfTotalOption(com.kms.katalon.core.testobject.ObjectRepository.findTestObject(PharmacyRequest/Page_Store/select_--Select--BA50)): 3 options of object 'Object Repository/PharmacyRequest/Page_Store/select_--Select--BA50' counted

2018-06-09 20:32:51 - [MESSAGE][PASSED] - 3 options of object 'Object Repository/PharmacyRequest/Page_Store/select_--Select--BA50' counted

2018-06-09 20:32:51 - [TEST_STEP][PASSED] - Statement - For ([g = 1, g <= BatchNumber - 1, (g++)]): null

2018-06-09 20:32:51 - [TEST_STEP][PASSED] - selectOptionByIndex: All options with index in [1] are selected on object 'Object Repository/PharmacyRequest/Page_Store/select_--Select--BA50'

2018-06-09 20:32:51 - [MESSAGE][PASSED] - All options with index in [1] are selected on object 'Object Repository/PharmacyRequest/Page_Store/select_--Select--BA50'

2018-06-09 20:32:51 - [TEST_STEP][PASSED] - delay: Delayed 1 second(s)

2018-06-09 20:32:52 - [MESSAGE][PASSED] - Delayed 1 second(s)

2018-06-09 20:32:52 - [TEST_STEP][PASSED] - Statement - StockQty = com.kms.katalon.core.webui.keyword.WebUiBuiltInKeywords.getAttribute(com.kms.katalon.core.testobject.ObjectRepository.findTestObject(PharmacyRequest/Page_Store/input_txtprice), "value"): Attribute 'value' of object 'Object Repository/PharmacyRequest/Page_Store/input_txtprice' is: '1610'

2018-06-09 20:32:52 - [MESSAGE][PASSED] - Attribute 'value' of object 'Object Repository/PharmacyRequest/Page_Store/input_txtprice' is: '1610'

2018-06-09 20:32:52 - [TEST_STEP][PASSED] - Statement - out.println("Stock QTY : " + StockQty): null

2018-06-09 20:32:52 - [TEST_STEP][PASSED] - delay: Delayed 1 second(s)

2018-06-09 20:32:53 - [MESSAGE][PASSED] - Delayed 1 second(s)

2018-06-09 20:32:53 - [TEST_STEP][PASSED] - Statement - If (java.lang.Integer.valueOf(StockQty) >= java.lang.Integer.valueOf(RequestedQty)): null

2018-06-09 20:32:53 - [TEST_STEP][PASSED] - setText: Text '10' is set on object 'Object Repository/PharmacyRequest/Page_Store/input_txtqty'

2018-06-09 20:32:53 - [MESSAGE][PASSED] - Text '10' is set on object 'Object Repository/PharmacyRequest/Page_Store/input_txtqty'

2018-06-09 20:32:53 - [TEST_STEP][PASSED] - click: Object: 'Object Repository/PharmacyRequest/Page_Store/button_Add' is clicked on

2018-06-09 20:32:53 - [MESSAGE][PASSED] - Object: 'Object Repository/PharmacyRequest/Page_Store/button_Add' is clicked on

2018-06-09 20:32:53 - [TEST_STEP][PASSED] - Statement - Break: null

2018-06-09 20:32:53 - [TEST_STEP][PASSED] - selectOptionByIndex: All options with index in [11] are selected on object 'Object Repository/PharmacyRequest/Page_Store/select_--Select--Amlodepin -5'

2018-06-09 20:32:54 - [MESSAGE][PASSED] - All options with index in [11] are selected on object 'Object Repository/PharmacyRequest/Page_Store/select_--Select--Amlodepin -5'

2018-06-09 20:32:54 - [TEST_STEP][PASSED] - delay: Delayed 1 second(s)

2018-06-09 20:32:55 - [MESSAGE][PASSED] - Delayed 1 second(s)

2018-06-09 20:32:55 - [TEST_STEP][PASSED] - Statement - RequestedQty = com.kms.katalon.core.webui.keyword.WebUiBuiltInKeywords.getAttribute(com.kms.katalon.core.testobject.ObjectRepository.findTestObject(PharmacyRequest/Page_Store/input_txttotal), "value"): Attribute 'value' of object 'Object Repository/PharmacyRequest/Page_Store/input_txttotal' is: '10'

2018-06-09 20:32:55 - [MESSAGE][PASSED] - Attribute 'value' of object 'Object Repository/PharmacyRequest/Page_Store/input_txttotal' is: '10'

2018-06-09 20:32:55 - [TEST_STEP][PASSED] - Statement - out.println("Requested QTY : " + RequestedQty): null

2018-06-09 20:32:55 - [TEST_STEP][PASSED] - Statement - BatchNumber = com.kms.katalon.core.webui.keyword.WebUiBuiltInKeywords.getNumberOfTotalOption(com.kms.katalon.core.testobject.ObjectRepository.findTestObject(PharmacyRequest/Page_Store/select_--Select--BA50)): 3 options of object 'Object Repository/PharmacyRequest/Page_Store/select_--Select--BA50' counted

2018-06-09 20:32:55 - [MESSAGE][PASSED] - 3 options of object 'Object Repository/PharmacyRequest/Page_Store/select_--Select--BA50' counted

2018-06-09 20:32:55 - [TEST_STEP][PASSED] - Statement - For ([g = 1, g <= BatchNumber - 1, (g++)]): null

2018-06-09 20:32:55 - [TEST_STEP][PASSED] - selectOptionByIndex: All options with index in [1] are selected on object 'Object Repository/PharmacyRequest/Page_Store/select_--Select--BA50'

2018-06-09 20:32:55 - [MESSAGE][PASSED] - All options with index in [1] are selected on object 'Object Repository/PharmacyRequest/Page_Store/select_--Select--BA50'

2018-06-09 20:32:55 - [TEST_STEP][PASSED] - delay: Delayed 1 second(s)

2018-06-09 20:32:56 - [MESSAGE][PASSED] - Delayed 1 second(s)

2018-06-09 20:32:56 - [TEST_STEP][PASSED] - Statement - StockQty = com.kms.katalon.core.webui.keyword.WebUiBuiltInKeywords.getAttribute(com.kms.katalon.core.testobject.ObjectRepository.findTestObject(PharmacyRequest/Page_Store/input_txtprice), "value"): Attribute 'value' of object 'Object Repository/PharmacyRequest/Page_Store/input_txtprice' is: '1426'

2018-06-09 20:32:56 - [MESSAGE][PASSED] - Attribute 'value' of object 'Object Repository/PharmacyRequest/Page_Store/input_txtprice' is: '1426'

2018-06-09 20:32:56 - [TEST_STEP][PASSED] - Statement - out.println("Stock QTY : " + StockQty): null

2018-06-09 20:32:56 - [TEST_STEP][PASSED] - delay: Delayed 1 second(s)

2018-06-09 20:32:57 - [MESSAGE][PASSED] - Delayed 1 second(s)

2018-06-09 20:32:57 - [TEST_STEP][PASSED] - Statement - If (java.lang.Integer.valueOf(StockQty) >= java.lang.Integer.valueOf(RequestedQty)): null

2018-06-09 20:32:57 - [TEST_STEP][PASSED] - setText: Text '10' is set on object 'Object Repository/PharmacyRequest/Page_Store/input_txtqty'

2018-06-09 20:32:57 - [MESSAGE][PASSED] - Text '10' is set on object 'Object Repository/PharmacyRequest/Page_Store/input_txtqty'

2018-06-09 20:32:57 - [TEST_STEP][PASSED] - click: Object: 'Object Repository/PharmacyRequest/Page_Store/button_Add' is clicked on

2018-06-09 20:32:57 - [MESSAGE][PASSED] - Object: 'Object Repository/PharmacyRequest/Page_Store/button_Add' is clicked on

2018-06-09 20:32:57 - [TEST_STEP][PASSED] - Statement - Break: null

2018-06-09 20:32:57 - [TEST_STEP][PASSED] - selectOptionByIndex: All options with index in [12] are selected on object 'Object Repository/PharmacyRequest/Page_Store/select_--Select--Amlodepin -5'

2018-06-09 20:32:57 - [MESSAGE][PASSED] - All options with index in [12] are selected on object 'Object Repository/PharmacyRequest/Page_Store/select_--Select--Amlodepin -5'

2018-06-09 20:32:57 - [TEST_STEP][PASSED] - delay: Delayed 1 second(s)

2018-06-09 20:32:58 - [MESSAGE][PASSED] - Delayed 1 second(s)

2018-06-09 20:32:58 - [TEST_STEP][PASSED] - Statement - RequestedQty = com.kms.katalon.core.webui.keyword.WebUiBuiltInKeywords.getAttribute(com.kms.katalon.core.testobject.ObjectRepository.findTestObject(PharmacyRequest/Page_Store/input_txttotal), "value"): Attribute 'value' of object 'Object Repository/PharmacyRequest/Page_Store/input_txttotal' is: '10'

2018-06-09 20:32:58 - [MESSAGE][PASSED] - Attribute 'value' of object 'Object Repository/PharmacyRequest/Page_Store/input_txttotal' is: '10'

2018-06-09 20:32:58 - [TEST_STEP][PASSED] - Statement - out.println("Requested QTY : " + RequestedQty): null

2018-06-09 20:32:58 - [TEST_STEP][PASSED] - Statement - BatchNumber = com.kms.katalon.core.webui.keyword.WebUiBuiltInKeywords.getNumberOfTotalOption(com.kms.katalon.core.testobject.ObjectRepository.findTestObject(PharmacyRequest/Page_Store/select_--Select--BA50)): 3 options of object 'Object Repository/PharmacyRequest/Page_Store/select_--Select--BA50' counted

2018-06-09 20:32:58 - [MESSAGE][PASSED] - 3 options of object 'Object Repository/PharmacyRequest/Page_Store/select_--Select--BA50' counted

2018-06-09 20:32:58 - [TEST_STEP][PASSED] - Statement - For ([g = 1, g <= BatchNumber - 1, (g++)]): null

2018-06-09 20:32:58 - [TEST_STEP][PASSED] - selectOptionByIndex: All options with index in [1] are selected on object 'Object Repository/PharmacyRequest/Page_Store/select_--Select--BA50'

2018-06-09 20:32:58 - [MESSAGE][PASSED] - All options with index in [1] are selected on object 'Object Repository/PharmacyRequest/Page_Store/select_--Select--BA50'

2018-06-09 20:32:58 - [TEST_STEP][PASSED] - delay: Delayed 1 second(s)

2018-06-09 20:32:59 - [MESSAGE][PASSED] - Delayed 1 second(s)

2018-06-09 20:32:59 - [TEST_STEP][PASSED] - Statement - StockQty = com.kms.katalon.core.webui.keyword.WebUiBuiltInKeywords.getAttribute(com.kms.katalon.core.testobject.ObjectRepository.findTestObject(PharmacyRequest/Page_Store/input_txtprice), "value"): Attribute 'value' of object 'Object Repository/PharmacyRequest/Page_Store/input_txtprice' is: '1585'

2018-06-09 20:32:59 - [MESSAGE][PASSED] - Attribute 'value' of object 'Object Repository/PharmacyRequest/Page_Store/input_txtprice' is: '1585'

2018-06-09 20:32:59 - [TEST_STEP][PASSED] - Statement - out.println("Stock QTY : " + StockQty): null

2018-06-09 20:32:59 - [TEST_STEP][PASSED] - delay: Delayed 1 second(s)

2018-06-09 20:33:00 - [MESSAGE][PASSED] - Delayed 1 second(s)

2018-06-09 20:33:00 - [TEST_STEP][PASSED] - Statement - If (java.lang.Integer.valueOf(StockQty) >= java.lang.Integer.valueOf(RequestedQty)): null

2018-06-09 20:33:00 - [TEST_STEP][PASSED] - setText: Text '10' is set on object 'Object Repository/PharmacyRequest/Page_Store/input_txtqty'

2018-06-09 20:33:01 - [MESSAGE][PASSED] - Text '10' is set on object 'Object Repository/PharmacyRequest/Page_Store/input_txtqty'

2018-06-09 20:33:01 - [TEST_STEP][PASSED] - click: Object: 'Object Repository/PharmacyRequest/Page_Store/button_Add' is clicked on

2018-06-09 20:33:01 - [MESSAGE][PASSED] - Object: 'Object Repository/PharmacyRequest/Page_Store/button_Add' is clicked on

2018-06-09 20:33:01 - [TEST_STEP][PASSED] - Statement - Break: null

2018-06-09 20:33:01 - [TEST_STEP][PASSED] - selectOptionByIndex: All options with index in [13] are selected on object 'Object Repository/PharmacyRequest/Page_Store/select_--Select--Amlodepin -5'

2018-06-09 20:33:01 - [MESSAGE][PASSED] - All options with index in [13] are selected on object 'Object Repository/PharmacyRequest/Page_Store/select_--Select--Amlodepin -5'

2018-06-09 20:33:01 - [TEST_STEP][PASSED] - delay: Delayed 1 second(s)

2018-06-09 20:33:02 - [MESSAGE][PASSED] - Delayed 1 second(s)

2018-06-09 20:33:02 - [TEST_STEP][PASSED] - Statement - RequestedQty = com.kms.katalon.core.webui.keyword.WebUiBuiltInKeywords.getAttribute(com.kms.katalon.core.testobject.ObjectRepository.findTestObject(PharmacyRequest/Page_Store/input_txttotal), "value"): Attribute 'value' of object 'Object Repository/PharmacyRequest/Page_Store/input_txttotal' is: '10'

2018-06-09 20:33:02 - [MESSAGE][PASSED] - Attribute 'value' of object 'Object Repository/PharmacyRequest/Page_Store/input_txttotal' is: '10'

2018-06-09 20:33:02 - [TEST_STEP][PASSED] - Statement - out.println("Requested QTY : " + RequestedQty): null

2018-06-09 20:33:02 - [TEST_STEP][PASSED] - Statement - BatchNumber = com.kms.katalon.core.webui.keyword.WebUiBuiltInKeywords.getNumberOfTotalOption(com.kms.katalon.core.testobject.ObjectRepository.findTestObject(PharmacyRequest/Page_Store/select_--Select--BA50)): 3 options of object 'Object Repository/PharmacyRequest/Page_Store/select_--Select--BA50' counted

2018-06-09 20:33:02 - [MESSAGE][PASSED] - 3 options of object 'Object Repository/PharmacyRequest/Page_Store/select_--Select--BA50' counted

2018-06-09 20:33:02 - [TEST_STEP][PASSED] - Statement - For ([g = 1, g <= BatchNumber - 1, (g++)]): null

2018-06-09 20:33:02 - [TEST_STEP][PASSED] - selectOptionByIndex: All options with index in [1] are selected on object 'Object Repository/PharmacyRequest/Page_Store/select_--Select--BA50'

2018-06-09 20:33:02 - [MESSAGE][PASSED] - All options with index in [1] are selected on object 'Object Repository/PharmacyRequest/Page_Store/select_--Select--BA50'

2018-06-09 20:33:02 - [TEST_STEP][PASSED] - delay: Delayed 1 second(s)

2018-06-09 20:33:03 - [MESSAGE][PASSED] - Delayed 1 second(s)

2018-06-09 20:33:03 - [TEST_STEP][PASSED] - Statement - StockQty = com.kms.katalon.core.webui.keyword.WebUiBuiltInKeywords.getAttribute(com.kms.katalon.core.testobject.ObjectRepository.findTestObject(PharmacyRequest/Page_Store/input_txtprice), "value"): Attribute 'value' of object 'Object Repository/PharmacyRequest/Page_Store/input_txtprice' is: '645'

2018-06-09 20:33:03 - [MESSAGE][PASSED] - Attribute 'value' of object 'Object Repository/PharmacyRequest/Page_Store/input_txtprice' is: '645'

2018-06-09 20:33:03 - [TEST_STEP][PASSED] - Statement - out.println("Stock QTY : " + StockQty): null

2018-06-09 20:33:03 - [TEST_STEP][PASSED] - delay: Delayed 1 second(s)

2018-06-09 20:33:04 - [MESSAGE][PASSED] - Delayed 1 second(s)

2018-06-09 20:33:04 - [TEST_STEP][PASSED] - Statement - If (java.lang.Integer.valueOf(StockQty) >= java.lang.Integer.valueOf(RequestedQty)): null

2018-06-09 20:33:04 - [TEST_STEP][PASSED] - setText: Text '10' is set on object 'Object Repository/PharmacyRequest/Page_Store/input_txtqty'

2018-06-09 20:33:04 - [MESSAGE][PASSED] - Text '10' is set on object 'Object Repository/PharmacyRequest/Page_Store/input_txtqty'

2018-06-09 20:33:04 - [TEST_STEP][PASSED] - click: Object: 'Object Repository/PharmacyRequest/Page_Store/button_Add' is clicked on

2018-06-09 20:33:04 - [MESSAGE][PASSED] - Object: 'Object Repository/PharmacyRequest/Page_Store/button_Add' is clicked on

2018-06-09 20:33:04 - [TEST_STEP][PASSED] - Statement - Break: null

2018-06-09 20:33:04 - [TEST_STEP][PASSED] - selectOptionByIndex: All options with index in [14] are selected on object 'Object Repository/PharmacyRequest/Page_Store/select_--Select--Amlodepin -5'

2018-06-09 20:33:04 - [MESSAGE][PASSED] - All options with index in [14] are selected on object 'Object Repository/PharmacyRequest/Page_Store/select_--Select--Amlodepin -5'

2018-06-09 20:33:04 - [TEST_STEP][PASSED] - delay: Delayed 1 second(s)

2018-06-09 20:33:05 - [MESSAGE][PASSED] - Delayed 1 second(s)

2018-06-09 20:33:05 - [TEST_STEP][PASSED] - Statement - RequestedQty = com.kms.katalon.core.webui.keyword.WebUiBuiltInKeywords.getAttribute(com.kms.katalon.core.testobject.ObjectRepository.findTestObject(PharmacyRequest/Page_Store/input_txttotal), "value"): Attribute 'value' of object 'Object Repository/PharmacyRequest/Page_Store/input_txttotal' is: '10'

2018-06-09 20:33:06 - [MESSAGE][PASSED] - Attribute 'value' of object 'Object Repository/PharmacyRequest/Page_Store/input_txttotal' is: '10'

2018-06-09 20:33:06 - [TEST_STEP][PASSED] - Statement - out.println("Requested QTY : " + RequestedQty): null

2018-06-09 20:33:06 - [TEST_STEP][PASSED] - Statement - BatchNumber = com.kms.katalon.core.webui.keyword.WebUiBuiltInKeywords.getNumberOfTotalOption(com.kms.katalon.core.testobject.ObjectRepository.findTestObject(PharmacyRequest/Page_Store/select_--Select--BA50)): 3 options of object 'Object Repository/PharmacyRequest/Page_Store/select_--Select--BA50' counted

2018-06-09 20:33:06 - [MESSAGE][PASSED] - 3 options of object 'Object Repository/PharmacyRequest/Page_Store/select_--Select--BA50' counted

2018-06-09 20:33:06 - [TEST_STEP][PASSED] - Statement - For ([g = 1, g <= BatchNumber - 1, (g++)]): null

2018-06-09 20:33:06 - [TEST_STEP][PASSED] - selectOptionByIndex: All options with index in [1] are selected on object 'Object Repository/PharmacyRequest/Page_Store/select_--Select--BA50'

2018-06-09 20:33:06 - [MESSAGE][PASSED] - All options with index in [1] are selected on object 'Object Repository/PharmacyRequest/Page_Store/select_--Select--BA50'

2018-06-09 20:33:06 - [TEST_STEP][PASSED] - delay: Delayed 1 second(s)

2018-06-09 20:33:07 - [MESSAGE][PASSED] - Delayed 1 second(s)

2018-06-09 20:33:07 - [TEST_STEP][PASSED] - Statement - StockQty = com.kms.katalon.core.webui.keyword.WebUiBuiltInKeywords.getAttribute(com.kms.katalon.core.testobject.ObjectRepository.findTestObject(PharmacyRequest/Page_Store/input_txtprice), "value"): Attribute 'value' of object 'Object Repository/PharmacyRequest/Page_Store/input_txtprice' is: '1610'

2018-06-09 20:33:07 - [MESSAGE][PASSED] - Attribute 'value' of object 'Object Repository/PharmacyRequest/Page_Store/input_txtprice' is: '1610'

2018-06-09 20:33:07 - [TEST_STEP][PASSED] - Statement - out.println("Stock QTY : " + StockQty): null

2018-06-09 20:33:07 - [TEST_STEP][PASSED] - delay: Delayed 1 second(s)

2018-06-09 20:33:08 - [MESSAGE][PASSED] - Delayed 1 second(s)

2018-06-09 20:33:08 - [TEST_STEP][PASSED] - Statement - If (java.lang.Integer.valueOf(StockQty) >= java.lang.Integer.valueOf(RequestedQty)): null

2018-06-09 20:33:08 - [TEST_STEP][PASSED] - setText: Text '10' is set on object 'Object Repository/PharmacyRequest/Page_Store/input_txtqty'

2018-06-09 20:33:08 - [MESSAGE][PASSED] - Text '10' is set on object 'Object Repository/PharmacyRequest/Page_Store/input_txtqty'

2018-06-09 20:33:08 - [TEST_STEP][PASSED] - click: Object: 'Object Repository/PharmacyRequest/Page_Store/button_Add' is clicked on

2018-06-09 20:33:08 - [MESSAGE][PASSED] - Object: 'Object Repository/PharmacyRequest/Page_Store/button_Add' is clicked on

2018-06-09 20:33:08 - [TEST_STEP][PASSED] - Statement - Break: null

2018-06-09 20:33:08 - [TEST_STEP][PASSED] - selectOptionByIndex: All options with index in [15] are selected on object 'Object Repository/PharmacyRequest/Page_Store/select_--Select--Amlodepin -5'

2018-06-09 20:33:08 - [MESSAGE][PASSED] - All options with index in [15] are selected on object 'Object Repository/PharmacyRequest/Page_Store/select_--Select--Amlodepin -5'

2018-06-09 20:33:08 - [TEST_STEP][PASSED] - delay: Delayed 1 second(s)

2018-06-09 20:33:09 - [MESSAGE][PASSED] - Delayed 1 second(s)

2018-06-09 20:33:09 - [TEST_STEP][PASSED] - Statement - RequestedQty = com.kms.katalon.core.webui.keyword.WebUiBuiltInKeywords.getAttribute(com.kms.katalon.core.testobject.ObjectRepository.findTestObject(PharmacyRequest/Page_Store/input_txttotal), "value"): Attribute 'value' of object 'Object Repository/PharmacyRequest/Page_Store/input_txttotal' is: '10'

2018-06-09 20:33:09 - [MESSAGE][PASSED] - Attribute 'value' of object 'Object Repository/PharmacyRequest/Page_Store/input_txttotal' is: '10'

2018-06-09 20:33:09 - [TEST_STEP][PASSED] - Statement - out.println("Requested QTY : " + RequestedQty): null

2018-06-09 20:33:09 - [TEST_STEP][PASSED] - Statement - BatchNumber = com.kms.katalon.core.webui.keyword.WebUiBuiltInKeywords.getNumberOfTotalOption(com.kms.katalon.core.testobject.ObjectRepository.findTestObject(PharmacyRequest/Page_Store/select_--Select--BA50)): 3 options of object 'Object Repository/PharmacyRequest/Page_Store/select_--Select--BA50' counted

2018-06-09 20:33:09 - [MESSAGE][PASSED] - 3 options of object 'Object Repository/PharmacyRequest/Page_Store/select_--Select--BA50' counted

2018-06-09 20:33:09 - [TEST_STEP][PASSED] - Statement - For ([g = 1, g <= BatchNumber - 1, (g++)]): null

2018-06-09 20:33:09 - [TEST_STEP][PASSED] - selectOptionByIndex: All options with index in [1] are selected on object 'Object Repository/PharmacyRequest/Page_Store/select_--Select--BA50'

2018-06-09 20:33:09 - [MESSAGE][PASSED] - All options with index in [1] are selected on object 'Object Repository/PharmacyRequest/Page_Store/select_--Select--BA50'

2018-06-09 20:33:09 - [TEST_STEP][PASSED] - delay: Delayed 1 second(s)

2018-06-09 20:33:10 - [MESSAGE][PASSED] - Delayed 1 second(s)

2018-06-09 20:33:10 - [TEST_STEP][PASSED] - Statement - StockQty = com.kms.katalon.core.webui.keyword.WebUiBuiltInKeywords.getAttribute(com.kms.katalon.core.testobject.ObjectRepository.findTestObject(PharmacyRequest/Page_Store/input_txtprice), "value"): Attribute 'value' of object 'Object Repository/PharmacyRequest/Page_Store/input_txtprice' is: '1600'

2018-06-09 20:33:10 - [MESSAGE][PASSED] - Attribute 'value' of object 'Object Repository/PharmacyRequest/Page_Store/input_txtprice' is: '1600'

2018-06-09 20:33:10 - [TEST_STEP][PASSED] - Statement - out.println("Stock QTY : " + StockQty): null

2018-06-09 20:33:10 - [TEST_STEP][PASSED] - delay: Delayed 1 second(s)

2018-06-09 20:33:11 - [MESSAGE][PASSED] - Delayed 1 second(s)

2018-06-09 20:33:11 - [TEST_STEP][PASSED] - Statement - If (java.lang.Integer.valueOf(StockQty) >= java.lang.Integer.valueOf(RequestedQty)): null

2018-06-09 20:33:11 - [TEST_STEP][PASSED] - setText: Text '10' is set on object 'Object Repository/PharmacyRequest/Page_Store/input_txtqty'

2018-06-09 20:33:12 - [MESSAGE][PASSED] - Text '10' is set on object 'Object Repository/PharmacyRequest/Page_Store/input_txtqty'

2018-06-09 20:33:12 - [TEST_STEP][PASSED] - click: Object: 'Object Repository/PharmacyRequest/Page_Store/button_Add' is clicked on

2018-06-09 20:33:12 - [MESSAGE][PASSED] - Object: 'Object Repository/PharmacyRequest/Page_Store/button_Add' is clicked on

2018-06-09 20:33:12 - [TEST_STEP][PASSED] - Statement - Break: null

2018-06-09 20:33:12 - [TEST_STEP][PASSED] - selectOptionByIndex: All options with index in [16] are selected on object 'Object Repository/PharmacyRequest/Page_Store/select_--Select--Amlodepin -5'

2018-06-09 20:33:12 - [MESSAGE][PASSED] - All options with index in [16] are selected on object 'Object Repository/PharmacyRequest/Page_Store/select_--Select--Amlodepin -5'

2018-06-09 20:33:12 - [TEST_STEP][PASSED] - delay: Delayed 1 second(s)

2018-06-09 20:33:13 - [MESSAGE][PASSED] - Delayed 1 second(s)

2018-06-09 20:33:13 - [TEST_STEP][PASSED] - Statement - RequestedQty = com.kms.katalon.core.webui.keyword.WebUiBuiltInKeywords.getAttribute(com.kms.katalon.core.testobject.ObjectRepository.findTestObject(PharmacyRequest/Page_Store/input_txttotal), "value"): Attribute 'value' of object 'Object Repository/PharmacyRequest/Page_Store/input_txttotal' is: '10'

2018-06-09 20:33:13 - [MESSAGE][PASSED] - Attribute 'value' of object 'Object Repository/PharmacyRequest/Page_Store/input_txttotal' is: '10'

2018-06-09 20:33:13 - [TEST_STEP][PASSED] - Statement - out.println("Requested QTY : " + RequestedQty): null

2018-06-09 20:33:13 - [TEST_STEP][PASSED] - Statement - BatchNumber = com.kms.katalon.core.webui.keyword.WebUiBuiltInKeywords.getNumberOfTotalOption(com.kms.katalon.core.testobject.ObjectRepository.findTestObject(PharmacyRequest/Page_Store/select_--Select--BA50)): 2 options of object 'Object Repository/PharmacyRequest/Page_Store/select_--Select--BA50' counted

2018-06-09 20:33:13 - [MESSAGE][PASSED] - 2 options of object 'Object Repository/PharmacyRequest/Page_Store/select_--Select--BA50' counted

2018-06-09 20:33:13 - [TEST_STEP][PASSED] - Statement - For ([g = 1, g <= BatchNumber - 1, (g++)]): null

2018-06-09 20:33:13 - [TEST_STEP][PASSED] - selectOptionByIndex: All options with index in [1] are selected on object 'Object Repository/PharmacyRequest/Page_Store/select_--Select--BA50'

2018-06-09 20:33:13 - [MESSAGE][PASSED] - All options with index in [1] are selected on object 'Object Repository/PharmacyRequest/Page_Store/select_--Select--BA50'

2018-06-09 20:33:13 - [TEST_STEP][PASSED] - delay: Delayed 1 second(s)

2018-06-09 20:33:14 - [MESSAGE][PASSED] - Delayed 1 second(s)

2018-06-09 20:33:14 - [TEST_STEP][PASSED] - Statement - StockQty = com.kms.katalon.core.webui.keyword.WebUiBuiltInKeywords.getAttribute(com.kms.katalon.core.testobject.ObjectRepository.findTestObject(PharmacyRequest/Page_Store/input_txtprice), "value"): Attribute 'value' of object 'Object Repository/PharmacyRequest/Page_Store/input_txtprice' is: '645'

2018-06-09 20:33:14 - [MESSAGE][PASSED] - Attribute 'value' of object 'Object Repository/PharmacyRequest/Page_Store/input_txtprice' is: '645'

2018-06-09 20:33:14 - [TEST_STEP][PASSED] - Statement - out.println("Stock QTY : " + StockQty): null

2018-06-09 20:33:14 - [TEST_STEP][PASSED] - delay: Delayed 1 second(s)

2018-06-09 20:33:15 - [MESSAGE][PASSED] - Delayed 1 second(s)

2018-06-09 20:33:15 - [TEST_STEP][PASSED] - Statement - If (java.lang.Integer.valueOf(StockQty) >= java.lang.Integer.valueOf(RequestedQty)): null

2018-06-09 20:33:15 - [TEST_STEP][PASSED] - setText: Text '10' is set on object 'Object Repository/PharmacyRequest/Page_Store/input_txtqty'

2018-06-09 20:33:15 - [MESSAGE][PASSED] - Text '10' is set on object 'Object Repository/PharmacyRequest/Page_Store/input_txtqty'

2018-06-09 20:33:15 - [TEST_STEP][PASSED] - click: Object: 'Object Repository/PharmacyRequest/Page_Store/button_Add' is clicked on

2018-06-09 20:33:15 - [MESSAGE][PASSED] - Object: 'Object Repository/PharmacyRequest/Page_Store/button_Add' is clicked on

2018-06-09 20:33:15 - [TEST_STEP][PASSED] - Statement - Break: null

2018-06-09 20:33:15 - [TEST_STEP][PASSED] - scrollToElement: Scroll to object 'Object Repository/PharmacyRequest/Page_Store/input_btnSubmit' successfully

2018-06-09 20:33:15 - [MESSAGE][PASSED] - Scroll to object 'Object Repository/PharmacyRequest/Page_Store/input_btnSubmit' successfully

2018-06-09 20:33:15 - [TEST_STEP][PASSED] - click: Object: 'Object Repository/PharmacyRequest/Page_Store/input_btnSubmit' is clicked on

2018-06-09 20:33:15 - [MESSAGE][PASSED] - Object: 'Object Repository/PharmacyRequest/Page_Store/input_btnSubmit' is clicked on

2018-06-09 20:33:15 - [TEST_STEP][PASSED] - delay: Delayed 3 second(s)

2018-06-09 20:33:18 - [MESSAGE][PASSED] - Delayed 3 second(s)

2018-06-09 20:33:18 - [TEST_STEP][PASSED] - click: Object: 'Object Repository/PharmacyRequest/Page_Store/button_OK' is clicked on

2018-06-09 20:33:19 - [MESSAGE][PASSED] - Object: 'Object Repository/PharmacyRequest/Page_Store/button_OK' is clicked on

2018-06-09 20:33:19 - [TEST_STEP][PASSED] - delay: Delayed 3 second(s)

2018-06-09 20:33:22 - [MESSAGE][PASSED] - Delayed 3 second(s)

2018-06-09 20:33:22 - [TEST_STEP][PASSED] - click: Object: 'Object Repository/PharmacyRequest/Page_Store/a_dropdown-toggle' is clicked on

2018-06-09 20:33:22 - [MESSAGE][PASSED] - Object: 'Object Repository/PharmacyRequest/Page_Store/a_dropdown-toggle' is clicked on

2018-06-09 20:33:22 - [TEST_STEP][PASSED] - click: Object: 'Object Repository/PharmacyRequest/Page_Store/a_Sign out' is clicked on

2018-06-09 20:33:23 - [MESSAGE][PASSED] - Object: 'Object Repository/PharmacyRequest/Page_Store/a_Sign out' is clicked on

2018-06-09 20:33:23 - [TEST_STEP][PASSED] - closeBrowser: Browser is closed

2018-06-09 20:33:23 - [MESSAGE][PASSED] - Browser is closed

2018-06-09 20:33:23 - [TEST_STEP][PASSED] - Statement - out.println("Schedule 5 Pharmacy Request Are Working Successfully"): null]]></system-out>
         <system-err><![CDATA[]]></system-err>
      </testcase>
      <testcase name="Test Cases/PHARMACY TEST CASES/TC_PHAR_006 Verify Schedule 6 Pharmacy Request Are Working Successfully Or Not" classname="Test Cases/PHARMACY TEST CASES/TC_PHAR_006 Verify Schedule 6 Pharmacy Request Are Working Successfully Or Not" status="PASSED">
         <system-out><![CDATA[2018-06-09 20:33:23 - [TEST_CASE][PASSED] - Test Cases/PHARMACY TEST CASES/TC_PHAR_006 Verify Schedule 6 Pharmacy Request Are Working Successfully Or Not: Test Cases/PHARMACY TEST CASES/TC_PHAR_006 Verify Schedule 6 Pharmacy Request Are Working Successfully Or Not

2018-06-09 20:33:24 - [TEST_STEP][PASSED] - openBrowser: Browser is opened with url: ''

2018-06-09 20:33:26 - [MESSAGE][PASSED] - Browser is opened with url: ''

2018-06-09 20:33:26 - [TEST_STEP][PASSED] - Statement - out.println("Verify Schedule 6 Pharmacy Request Are Working Successfully Or Not"): null

2018-06-09 20:33:26 - [TEST_STEP][PASSED] - navigateToUrl: Navigate to 'http://192.168.137.1/multihospital_new/' successfully

2018-06-09 20:33:27 - [MESSAGE][PASSED] - Navigate to 'http://192.168.137.1/multihospital_new/' successfully

2018-06-09 20:33:27 - [TEST_STEP][PASSED] - maximizeWindow: Current window maximized

2018-06-09 20:33:28 - [MESSAGE][PASSED] - Current window maximized

2018-06-09 20:33:28 - [TEST_STEP][PASSED] - click: Object: 'Object Repository/PharmacyRequest/Page_KDMC/a_Pharmacy' is clicked on

2018-06-09 20:33:29 - [MESSAGE][PASSED] - Object: 'Object Repository/PharmacyRequest/Page_KDMC/a_Pharmacy' is clicked on

2018-06-09 20:33:29 - [TEST_STEP][PASSED] - setText: Text 'raja' is set on object 'Object Repository/PharmacyRequest/Page_Pharmacy login/input_txtusername'

2018-06-09 20:33:29 - [MESSAGE][PASSED] - Text 'raja' is set on object 'Object Repository/PharmacyRequest/Page_Pharmacy login/input_txtusername'

2018-06-09 20:33:29 - [TEST_STEP][PASSED] - setText: Text '123' is set on object 'Object Repository/PharmacyRequest/Page_Pharmacy login/input_txtpassword'

2018-06-09 20:33:29 - [MESSAGE][PASSED] - Text '123' is set on object 'Object Repository/PharmacyRequest/Page_Pharmacy login/input_txtpassword'

2018-06-09 20:33:29 - [TEST_STEP][PASSED] - delay: Delayed 3 second(s)

2018-06-09 20:33:32 - [MESSAGE][PASSED] - Delayed 3 second(s)

2018-06-09 20:33:32 - [TEST_STEP][PASSED] - click: Object: 'Object Repository/PharmacyRequest/Page_Pharmacy login/button_Sign in' is clicked on

2018-06-09 20:33:33 - [MESSAGE][PASSED] - Object: 'Object Repository/PharmacyRequest/Page_Pharmacy login/button_Sign in' is clicked on

2018-06-09 20:33:33 - [TEST_STEP][PASSED] - delay: Delayed 3 second(s)

2018-06-09 20:33:36 - [MESSAGE][PASSED] - Delayed 3 second(s)

2018-06-09 20:33:36 - [TEST_STEP][PASSED] - click: Object: 'Object Repository/PharmacyRequest/Page_KDMC - Pharmacy/a_Inventory' is clicked on

2018-06-09 20:33:37 - [MESSAGE][PASSED] - Object: 'Object Repository/PharmacyRequest/Page_KDMC - Pharmacy/a_Inventory' is clicked on

2018-06-09 20:33:37 - [TEST_STEP][PASSED] - delay: Delayed 3 second(s)

2018-06-09 20:33:40 - [MESSAGE][PASSED] - Delayed 3 second(s)

2018-06-09 20:33:40 - [TEST_STEP][PASSED] - click: Object: 'Object Repository/PharmacyRequest/Page_KDMC-Pharmacy/a_Store Request' is clicked on

2018-06-09 20:33:40 - [MESSAGE][PASSED] - Object: 'Object Repository/PharmacyRequest/Page_KDMC-Pharmacy/a_Store Request' is clicked on

2018-06-09 20:33:40 - [TEST_STEP][PASSED] - click: Object: 'Object Repository/PharmacyRequest/Page_KDMC-Pharmacy/a_Medicine Request' is clicked on

2018-06-09 20:33:41 - [MESSAGE][PASSED] - Object: 'Object Repository/PharmacyRequest/Page_KDMC-Pharmacy/a_Medicine Request' is clicked on

2018-06-09 20:33:41 - [TEST_STEP][PASSED] - selectOptionByIndex: All options with index in [6] are selected on object 'Object Repository/PharmacyRequest/Page_KDMC-Pharmacy/select_--Select--Schedule 1Inj'

2018-06-09 20:33:41 - [MESSAGE][PASSED] - All options with index in [6] are selected on object 'Object Repository/PharmacyRequest/Page_KDMC-Pharmacy/select_--Select--Schedule 1Inj'

2018-06-09 20:33:41 - [TEST_STEP][PASSED] - Statement - MedicineLength = com.kms.katalon.core.webui.keyword.WebUiBuiltInKeywords.getNumberOfTotalOption(com.kms.katalon.core.testobject.ObjectRepository.findTestObject(PharmacyRequest/Page_KDMC-Pharmacy/select_--Select--Albendazole)): 14 options of object 'Object Repository/PharmacyRequest/Page_KDMC-Pharmacy/select_--Select--Albendazole' counted

2018-06-09 20:33:41 - [MESSAGE][PASSED] - 14 options of object 'Object Repository/PharmacyRequest/Page_KDMC-Pharmacy/select_--Select--Albendazole' counted

2018-06-09 20:33:41 - [TEST_STEP][PASSED] - Statement - For ([l = 1, l <= MedicineLength - 1, (l++)]): Object: 'Object Repository/PharmacyRequest/Page_KDMC-Pharmacy/button_Add' is clicked on

2018-06-09 20:33:41 - [TEST_STEP][PASSED] - selectOptionByIndex: All options with index in [6] are selected on object 'Object Repository/PharmacyRequest/Page_KDMC-Pharmacy/select_--Select--Schedule 1Inj'

2018-06-09 20:33:42 - [MESSAGE][PASSED] - All options with index in [6] are selected on object 'Object Repository/PharmacyRequest/Page_KDMC-Pharmacy/select_--Select--Schedule 1Inj'

2018-06-09 20:33:42 - [TEST_STEP][PASSED] - selectOptionByIndex: All options with index in [1] are selected on object 'Object Repository/PharmacyRequest/Page_KDMC-Pharmacy/select_--Select--Albendazole'

2018-06-09 20:33:42 - [MESSAGE][PASSED] - All options with index in [1] are selected on object 'Object Repository/PharmacyRequest/Page_KDMC-Pharmacy/select_--Select--Albendazole'

2018-06-09 20:33:42 - [TEST_STEP][PASSED] - setText: Text '10' is set on object 'Object Repository/PharmacyRequest/Page_KDMC-Pharmacy/input_txttreat'

2018-06-09 20:33:42 - [MESSAGE][PASSED] - Text '10' is set on object 'Object Repository/PharmacyRequest/Page_KDMC-Pharmacy/input_txttreat'

2018-06-09 20:33:42 - [TEST_STEP][PASSED] - click: Object: 'Object Repository/PharmacyRequest/Page_KDMC-Pharmacy/button_Add' is clicked on

2018-06-09 20:33:42 - [MESSAGE][PASSED] - Object: 'Object Repository/PharmacyRequest/Page_KDMC-Pharmacy/button_Add' is clicked on

2018-06-09 20:33:42 - [TEST_STEP][PASSED] - selectOptionByIndex: All options with index in [6] are selected on object 'Object Repository/PharmacyRequest/Page_KDMC-Pharmacy/select_--Select--Schedule 1Inj'

2018-06-09 20:33:42 - [MESSAGE][PASSED] - All options with index in [6] are selected on object 'Object Repository/PharmacyRequest/Page_KDMC-Pharmacy/select_--Select--Schedule 1Inj'

2018-06-09 20:33:42 - [TEST_STEP][PASSED] - selectOptionByIndex: All options with index in [2] are selected on object 'Object Repository/PharmacyRequest/Page_KDMC-Pharmacy/select_--Select--Albendazole'

2018-06-09 20:33:42 - [MESSAGE][PASSED] - All options with index in [2] are selected on object 'Object Repository/PharmacyRequest/Page_KDMC-Pharmacy/select_--Select--Albendazole'

2018-06-09 20:33:42 - [TEST_STEP][PASSED] - setText: Text '10' is set on object 'Object Repository/PharmacyRequest/Page_KDMC-Pharmacy/input_txttreat'

2018-06-09 20:33:42 - [MESSAGE][PASSED] - Text '10' is set on object 'Object Repository/PharmacyRequest/Page_KDMC-Pharmacy/input_txttreat'

2018-06-09 20:33:42 - [TEST_STEP][PASSED] - click: Object: 'Object Repository/PharmacyRequest/Page_KDMC-Pharmacy/button_Add' is clicked on

2018-06-09 20:33:42 - [MESSAGE][PASSED] - Object: 'Object Repository/PharmacyRequest/Page_KDMC-Pharmacy/button_Add' is clicked on

2018-06-09 20:33:42 - [TEST_STEP][PASSED] - selectOptionByIndex: All options with index in [6] are selected on object 'Object Repository/PharmacyRequest/Page_KDMC-Pharmacy/select_--Select--Schedule 1Inj'

2018-06-09 20:33:43 - [MESSAGE][PASSED] - All options with index in [6] are selected on object 'Object Repository/PharmacyRequest/Page_KDMC-Pharmacy/select_--Select--Schedule 1Inj'

2018-06-09 20:33:43 - [TEST_STEP][PASSED] - selectOptionByIndex: All options with index in [3] are selected on object 'Object Repository/PharmacyRequest/Page_KDMC-Pharmacy/select_--Select--Albendazole'

2018-06-09 20:33:43 - [MESSAGE][PASSED] - All options with index in [3] are selected on object 'Object Repository/PharmacyRequest/Page_KDMC-Pharmacy/select_--Select--Albendazole'

2018-06-09 20:33:43 - [TEST_STEP][PASSED] - setText: Text '10' is set on object 'Object Repository/PharmacyRequest/Page_KDMC-Pharmacy/input_txttreat'

2018-06-09 20:33:43 - [MESSAGE][PASSED] - Text '10' is set on object 'Object Repository/PharmacyRequest/Page_KDMC-Pharmacy/input_txttreat'

2018-06-09 20:33:43 - [TEST_STEP][PASSED] - click: Object: 'Object Repository/PharmacyRequest/Page_KDMC-Pharmacy/button_Add' is clicked on

2018-06-09 20:33:43 - [MESSAGE][PASSED] - Object: 'Object Repository/PharmacyRequest/Page_KDMC-Pharmacy/button_Add' is clicked on

2018-06-09 20:33:43 - [TEST_STEP][PASSED] - selectOptionByIndex: All options with index in [6] are selected on object 'Object Repository/PharmacyRequest/Page_KDMC-Pharmacy/select_--Select--Schedule 1Inj'

2018-06-09 20:33:43 - [MESSAGE][PASSED] - All options with index in [6] are selected on object 'Object Repository/PharmacyRequest/Page_KDMC-Pharmacy/select_--Select--Schedule 1Inj'

2018-06-09 20:33:43 - [TEST_STEP][PASSED] - selectOptionByIndex: All options with index in [4] are selected on object 'Object Repository/PharmacyRequest/Page_KDMC-Pharmacy/select_--Select--Albendazole'

2018-06-09 20:33:43 - [MESSAGE][PASSED] - All options with index in [4] are selected on object 'Object Repository/PharmacyRequest/Page_KDMC-Pharmacy/select_--Select--Albendazole'

2018-06-09 20:33:43 - [TEST_STEP][PASSED] - setText: Text '10' is set on object 'Object Repository/PharmacyRequest/Page_KDMC-Pharmacy/input_txttreat'

2018-06-09 20:33:43 - [MESSAGE][PASSED] - Text '10' is set on object 'Object Repository/PharmacyRequest/Page_KDMC-Pharmacy/input_txttreat'

2018-06-09 20:33:43 - [TEST_STEP][PASSED] - click: Object: 'Object Repository/PharmacyRequest/Page_KDMC-Pharmacy/button_Add' is clicked on

2018-06-09 20:33:43 - [MESSAGE][PASSED] - Object: 'Object Repository/PharmacyRequest/Page_KDMC-Pharmacy/button_Add' is clicked on

2018-06-09 20:33:43 - [TEST_STEP][PASSED] - selectOptionByIndex: All options with index in [6] are selected on object 'Object Repository/PharmacyRequest/Page_KDMC-Pharmacy/select_--Select--Schedule 1Inj'

2018-06-09 20:33:43 - [MESSAGE][PASSED] - All options with index in [6] are selected on object 'Object Repository/PharmacyRequest/Page_KDMC-Pharmacy/select_--Select--Schedule 1Inj'

2018-06-09 20:33:43 - [TEST_STEP][PASSED] - selectOptionByIndex: All options with index in [5] are selected on object 'Object Repository/PharmacyRequest/Page_KDMC-Pharmacy/select_--Select--Albendazole'

2018-06-09 20:33:43 - [MESSAGE][PASSED] - All options with index in [5] are selected on object 'Object Repository/PharmacyRequest/Page_KDMC-Pharmacy/select_--Select--Albendazole'

2018-06-09 20:33:43 - [TEST_STEP][PASSED] - setText: Text '10' is set on object 'Object Repository/PharmacyRequest/Page_KDMC-Pharmacy/input_txttreat'

2018-06-09 20:33:44 - [MESSAGE][PASSED] - Text '10' is set on object 'Object Repository/PharmacyRequest/Page_KDMC-Pharmacy/input_txttreat'

2018-06-09 20:33:44 - [TEST_STEP][PASSED] - click: Object: 'Object Repository/PharmacyRequest/Page_KDMC-Pharmacy/button_Add' is clicked on

2018-06-09 20:33:44 - [MESSAGE][PASSED] - Object: 'Object Repository/PharmacyRequest/Page_KDMC-Pharmacy/button_Add' is clicked on

2018-06-09 20:33:44 - [TEST_STEP][PASSED] - selectOptionByIndex: All options with index in [6] are selected on object 'Object Repository/PharmacyRequest/Page_KDMC-Pharmacy/select_--Select--Schedule 1Inj'

2018-06-09 20:33:44 - [MESSAGE][PASSED] - All options with index in [6] are selected on object 'Object Repository/PharmacyRequest/Page_KDMC-Pharmacy/select_--Select--Schedule 1Inj'

2018-06-09 20:33:44 - [TEST_STEP][PASSED] - selectOptionByIndex: All options with index in [6] are selected on object 'Object Repository/PharmacyRequest/Page_KDMC-Pharmacy/select_--Select--Albendazole'

2018-06-09 20:33:44 - [MESSAGE][PASSED] - All options with index in [6] are selected on object 'Object Repository/PharmacyRequest/Page_KDMC-Pharmacy/select_--Select--Albendazole'

2018-06-09 20:33:44 - [TEST_STEP][PASSED] - setText: Text '10' is set on object 'Object Repository/PharmacyRequest/Page_KDMC-Pharmacy/input_txttreat'

2018-06-09 20:33:44 - [MESSAGE][PASSED] - Text '10' is set on object 'Object Repository/PharmacyRequest/Page_KDMC-Pharmacy/input_txttreat'

2018-06-09 20:33:44 - [TEST_STEP][PASSED] - click: Object: 'Object Repository/PharmacyRequest/Page_KDMC-Pharmacy/button_Add' is clicked on

2018-06-09 20:33:44 - [MESSAGE][PASSED] - Object: 'Object Repository/PharmacyRequest/Page_KDMC-Pharmacy/button_Add' is clicked on

2018-06-09 20:33:44 - [TEST_STEP][PASSED] - selectOptionByIndex: All options with index in [6] are selected on object 'Object Repository/PharmacyRequest/Page_KDMC-Pharmacy/select_--Select--Schedule 1Inj'

2018-06-09 20:33:44 - [MESSAGE][PASSED] - All options with index in [6] are selected on object 'Object Repository/PharmacyRequest/Page_KDMC-Pharmacy/select_--Select--Schedule 1Inj'

2018-06-09 20:33:44 - [TEST_STEP][PASSED] - selectOptionByIndex: All options with index in [7] are selected on object 'Object Repository/PharmacyRequest/Page_KDMC-Pharmacy/select_--Select--Albendazole'

2018-06-09 20:33:44 - [MESSAGE][PASSED] - All options with index in [7] are selected on object 'Object Repository/PharmacyRequest/Page_KDMC-Pharmacy/select_--Select--Albendazole'

2018-06-09 20:33:44 - [TEST_STEP][PASSED] - setText: Text '10' is set on object 'Object Repository/PharmacyRequest/Page_KDMC-Pharmacy/input_txttreat'

2018-06-09 20:33:44 - [MESSAGE][PASSED] - Text '10' is set on object 'Object Repository/PharmacyRequest/Page_KDMC-Pharmacy/input_txttreat'

2018-06-09 20:33:44 - [TEST_STEP][PASSED] - click: Object: 'Object Repository/PharmacyRequest/Page_KDMC-Pharmacy/button_Add' is clicked on

2018-06-09 20:33:44 - [MESSAGE][PASSED] - Object: 'Object Repository/PharmacyRequest/Page_KDMC-Pharmacy/button_Add' is clicked on

2018-06-09 20:33:44 - [TEST_STEP][PASSED] - selectOptionByIndex: All options with index in [6] are selected on object 'Object Repository/PharmacyRequest/Page_KDMC-Pharmacy/select_--Select--Schedule 1Inj'

2018-06-09 20:33:45 - [MESSAGE][PASSED] - All options with index in [6] are selected on object 'Object Repository/PharmacyRequest/Page_KDMC-Pharmacy/select_--Select--Schedule 1Inj'

2018-06-09 20:33:45 - [TEST_STEP][PASSED] - selectOptionByIndex: All options with index in [8] are selected on object 'Object Repository/PharmacyRequest/Page_KDMC-Pharmacy/select_--Select--Albendazole'

2018-06-09 20:33:45 - [MESSAGE][PASSED] - All options with index in [8] are selected on object 'Object Repository/PharmacyRequest/Page_KDMC-Pharmacy/select_--Select--Albendazole'

2018-06-09 20:33:45 - [TEST_STEP][PASSED] - setText: Text '10' is set on object 'Object Repository/PharmacyRequest/Page_KDMC-Pharmacy/input_txttreat'

2018-06-09 20:33:45 - [MESSAGE][PASSED] - Text '10' is set on object 'Object Repository/PharmacyRequest/Page_KDMC-Pharmacy/input_txttreat'

2018-06-09 20:33:45 - [TEST_STEP][PASSED] - click: Object: 'Object Repository/PharmacyRequest/Page_KDMC-Pharmacy/button_Add' is clicked on

2018-06-09 20:33:45 - [MESSAGE][PASSED] - Object: 'Object Repository/PharmacyRequest/Page_KDMC-Pharmacy/button_Add' is clicked on

2018-06-09 20:33:45 - [TEST_STEP][PASSED] - selectOptionByIndex: All options with index in [6] are selected on object 'Object Repository/PharmacyRequest/Page_KDMC-Pharmacy/select_--Select--Schedule 1Inj'

2018-06-09 20:33:45 - [MESSAGE][PASSED] - All options with index in [6] are selected on object 'Object Repository/PharmacyRequest/Page_KDMC-Pharmacy/select_--Select--Schedule 1Inj'

2018-06-09 20:33:45 - [TEST_STEP][PASSED] - selectOptionByIndex: All options with index in [9] are selected on object 'Object Repository/PharmacyRequest/Page_KDMC-Pharmacy/select_--Select--Albendazole'

2018-06-09 20:33:45 - [MESSAGE][PASSED] - All options with index in [9] are selected on object 'Object Repository/PharmacyRequest/Page_KDMC-Pharmacy/select_--Select--Albendazole'

2018-06-09 20:33:45 - [TEST_STEP][PASSED] - setText: Text '10' is set on object 'Object Repository/PharmacyRequest/Page_KDMC-Pharmacy/input_txttreat'

2018-06-09 20:33:45 - [MESSAGE][PASSED] - Text '10' is set on object 'Object Repository/PharmacyRequest/Page_KDMC-Pharmacy/input_txttreat'

2018-06-09 20:33:45 - [TEST_STEP][PASSED] - click: Object: 'Object Repository/PharmacyRequest/Page_KDMC-Pharmacy/button_Add' is clicked on

2018-06-09 20:33:45 - [MESSAGE][PASSED] - Object: 'Object Repository/PharmacyRequest/Page_KDMC-Pharmacy/button_Add' is clicked on

2018-06-09 20:33:45 - [TEST_STEP][PASSED] - selectOptionByIndex: All options with index in [6] are selected on object 'Object Repository/PharmacyRequest/Page_KDMC-Pharmacy/select_--Select--Schedule 1Inj'

2018-06-09 20:33:45 - [MESSAGE][PASSED] - All options with index in [6] are selected on object 'Object Repository/PharmacyRequest/Page_KDMC-Pharmacy/select_--Select--Schedule 1Inj'

2018-06-09 20:33:45 - [TEST_STEP][PASSED] - selectOptionByIndex: All options with index in [10] are selected on object 'Object Repository/PharmacyRequest/Page_KDMC-Pharmacy/select_--Select--Albendazole'

2018-06-09 20:33:46 - [MESSAGE][PASSED] - All options with index in [10] are selected on object 'Object Repository/PharmacyRequest/Page_KDMC-Pharmacy/select_--Select--Albendazole'

2018-06-09 20:33:46 - [TEST_STEP][PASSED] - setText: Text '10' is set on object 'Object Repository/PharmacyRequest/Page_KDMC-Pharmacy/input_txttreat'

2018-06-09 20:33:46 - [MESSAGE][PASSED] - Text '10' is set on object 'Object Repository/PharmacyRequest/Page_KDMC-Pharmacy/input_txttreat'

2018-06-09 20:33:46 - [TEST_STEP][PASSED] - click: Object: 'Object Repository/PharmacyRequest/Page_KDMC-Pharmacy/button_Add' is clicked on

2018-06-09 20:33:46 - [MESSAGE][PASSED] - Object: 'Object Repository/PharmacyRequest/Page_KDMC-Pharmacy/button_Add' is clicked on

2018-06-09 20:33:46 - [TEST_STEP][PASSED] - selectOptionByIndex: All options with index in [6] are selected on object 'Object Repository/PharmacyRequest/Page_KDMC-Pharmacy/select_--Select--Schedule 1Inj'

2018-06-09 20:33:46 - [MESSAGE][PASSED] - All options with index in [6] are selected on object 'Object Repository/PharmacyRequest/Page_KDMC-Pharmacy/select_--Select--Schedule 1Inj'

2018-06-09 20:33:46 - [TEST_STEP][PASSED] - selectOptionByIndex: All options with index in [11] are selected on object 'Object Repository/PharmacyRequest/Page_KDMC-Pharmacy/select_--Select--Albendazole'

2018-06-09 20:33:46 - [MESSAGE][PASSED] - All options with index in [11] are selected on object 'Object Repository/PharmacyRequest/Page_KDMC-Pharmacy/select_--Select--Albendazole'

2018-06-09 20:33:46 - [TEST_STEP][PASSED] - setText: Text '10' is set on object 'Object Repository/PharmacyRequest/Page_KDMC-Pharmacy/input_txttreat'

2018-06-09 20:33:46 - [MESSAGE][PASSED] - Text '10' is set on object 'Object Repository/PharmacyRequest/Page_KDMC-Pharmacy/input_txttreat'

2018-06-09 20:33:46 - [TEST_STEP][PASSED] - click: Object: 'Object Repository/PharmacyRequest/Page_KDMC-Pharmacy/button_Add' is clicked on

2018-06-09 20:33:46 - [MESSAGE][PASSED] - Object: 'Object Repository/PharmacyRequest/Page_KDMC-Pharmacy/button_Add' is clicked on

2018-06-09 20:33:46 - [TEST_STEP][PASSED] - selectOptionByIndex: All options with index in [6] are selected on object 'Object Repository/PharmacyRequest/Page_KDMC-Pharmacy/select_--Select--Schedule 1Inj'

2018-06-09 20:33:46 - [MESSAGE][PASSED] - All options with index in [6] are selected on object 'Object Repository/PharmacyRequest/Page_KDMC-Pharmacy/select_--Select--Schedule 1Inj'

2018-06-09 20:33:46 - [TEST_STEP][PASSED] - selectOptionByIndex: All options with index in [12] are selected on object 'Object Repository/PharmacyRequest/Page_KDMC-Pharmacy/select_--Select--Albendazole'

2018-06-09 20:33:47 - [MESSAGE][PASSED] - All options with index in [12] are selected on object 'Object Repository/PharmacyRequest/Page_KDMC-Pharmacy/select_--Select--Albendazole'

2018-06-09 20:33:47 - [TEST_STEP][PASSED] - setText: Text '10' is set on object 'Object Repository/PharmacyRequest/Page_KDMC-Pharmacy/input_txttreat'

2018-06-09 20:33:47 - [MESSAGE][PASSED] - Text '10' is set on object 'Object Repository/PharmacyRequest/Page_KDMC-Pharmacy/input_txttreat'

2018-06-09 20:33:47 - [TEST_STEP][PASSED] - click: Object: 'Object Repository/PharmacyRequest/Page_KDMC-Pharmacy/button_Add' is clicked on

2018-06-09 20:33:47 - [MESSAGE][PASSED] - Object: 'Object Repository/PharmacyRequest/Page_KDMC-Pharmacy/button_Add' is clicked on

2018-06-09 20:33:47 - [TEST_STEP][PASSED] - selectOptionByIndex: All options with index in [6] are selected on object 'Object Repository/PharmacyRequest/Page_KDMC-Pharmacy/select_--Select--Schedule 1Inj'

2018-06-09 20:33:47 - [MESSAGE][PASSED] - All options with index in [6] are selected on object 'Object Repository/PharmacyRequest/Page_KDMC-Pharmacy/select_--Select--Schedule 1Inj'

2018-06-09 20:33:47 - [TEST_STEP][PASSED] - selectOptionByIndex: All options with index in [13] are selected on object 'Object Repository/PharmacyRequest/Page_KDMC-Pharmacy/select_--Select--Albendazole'

2018-06-09 20:33:47 - [MESSAGE][PASSED] - All options with index in [13] are selected on object 'Object Repository/PharmacyRequest/Page_KDMC-Pharmacy/select_--Select--Albendazole'

2018-06-09 20:33:47 - [TEST_STEP][PASSED] - setText: Text '10' is set on object 'Object Repository/PharmacyRequest/Page_KDMC-Pharmacy/input_txttreat'

2018-06-09 20:33:47 - [MESSAGE][PASSED] - Text '10' is set on object 'Object Repository/PharmacyRequest/Page_KDMC-Pharmacy/input_txttreat'

2018-06-09 20:33:47 - [TEST_STEP][PASSED] - click: Object: 'Object Repository/PharmacyRequest/Page_KDMC-Pharmacy/button_Add' is clicked on

2018-06-09 20:33:47 - [MESSAGE][PASSED] - Object: 'Object Repository/PharmacyRequest/Page_KDMC-Pharmacy/button_Add' is clicked on

2018-06-09 20:33:47 - [TEST_STEP][PASSED] - Statement - RN1 = com.kms.katalon.core.webui.keyword.WebUiBuiltInKeywords.getAttribute(com.kms.katalon.core.testobject.ObjectRepository.findTestObject(PharmacyRequest/Page_KDMC-Pharmacy/input_txtno), "value"): Attribute 'value' of object 'Object Repository/PharmacyRequest/Page_KDMC-Pharmacy/input_txtno' is: 'PRNO/09062018/221'

2018-06-09 20:33:47 - [MESSAGE][PASSED] - Attribute 'value' of object 'Object Repository/PharmacyRequest/Page_KDMC-Pharmacy/input_txtno' is: 'PRNO/09062018/221'

2018-06-09 20:33:47 - [TEST_STEP][PASSED] - Statement - out.println(RN1): null

2018-06-09 20:33:47 - [TEST_STEP][PASSED] - Statement - RID = RN1.split("/")[2]: null

2018-06-09 20:33:47 - [TEST_STEP][PASSED] - scrollToElement: Scroll to object 'Object Repository/PharmacyRequest/Page_KDMC-Pharmacy/input_btnsave' successfully

2018-06-09 20:33:47 - [MESSAGE][PASSED] - Scroll to object 'Object Repository/PharmacyRequest/Page_KDMC-Pharmacy/input_btnsave' successfully

2018-06-09 20:33:47 - [TEST_STEP][PASSED] - click: Object: 'Object Repository/PharmacyRequest/Page_KDMC-Pharmacy/input_btnsave' is clicked on

2018-06-09 20:33:47 - [MESSAGE][PASSED] - Object: 'Object Repository/PharmacyRequest/Page_KDMC-Pharmacy/input_btnsave' is clicked on

2018-06-09 20:33:47 - [TEST_STEP][PASSED] - delay: Delayed 3 second(s)

2018-06-09 20:33:50 - [MESSAGE][PASSED] - Delayed 3 second(s)

2018-06-09 20:33:50 - [TEST_STEP][PASSED] - click: Object: 'Object Repository/PharmacyRequest/Page_KDMC-Pharmacy/button_OK' is clicked on

2018-06-09 20:33:51 - [MESSAGE][PASSED] - Object: 'Object Repository/PharmacyRequest/Page_KDMC-Pharmacy/button_OK' is clicked on

2018-06-09 20:33:51 - [TEST_STEP][PASSED] - delay: Delayed 3 second(s)

2018-06-09 20:33:54 - [MESSAGE][PASSED] - Delayed 3 second(s)

2018-06-09 20:33:54 - [TEST_STEP][PASSED] - click: Object: 'Object Repository/PharmacyRequest/Page_KDMC-Pharmacy/a_Back to Pharmacy' is clicked on

2018-06-09 20:33:55 - [MESSAGE][PASSED] - Object: 'Object Repository/PharmacyRequest/Page_KDMC-Pharmacy/a_Back to Pharmacy' is clicked on

2018-06-09 20:33:55 - [TEST_STEP][PASSED] - delay: Delayed 3 second(s)

2018-06-09 20:33:58 - [MESSAGE][PASSED] - Delayed 3 second(s)

2018-06-09 20:33:58 - [TEST_STEP][PASSED] - click: Object: 'Object Repository/PharmacyRequest/Page_KDMC - Pharmacy/a_dropdown-toggle' is clicked on

2018-06-09 20:33:58 - [MESSAGE][PASSED] - Object: 'Object Repository/PharmacyRequest/Page_KDMC - Pharmacy/a_dropdown-toggle' is clicked on

2018-06-09 20:33:58 - [TEST_STEP][PASSED] - click: Object: 'Object Repository/PharmacyRequest/Page_KDMC - Pharmacy/a_Sign out' is clicked on

2018-06-09 20:33:58 - [MESSAGE][PASSED] - Object: 'Object Repository/PharmacyRequest/Page_KDMC - Pharmacy/a_Sign out' is clicked on

2018-06-09 20:33:58 - [TEST_STEP][PASSED] - delay: Delayed 3 second(s)

2018-06-09 20:34:01 - [MESSAGE][PASSED] - Delayed 3 second(s)

2018-06-09 20:34:01 - [TEST_STEP][PASSED] - click: Object: 'Object Repository/PharmacyRequest/Page_KDMC/a_CMO' is clicked on

2018-06-09 20:34:02 - [MESSAGE][PASSED] - Object: 'Object Repository/PharmacyRequest/Page_KDMC/a_CMO' is clicked on

2018-06-09 20:34:02 - [TEST_STEP][PASSED] - setText: Text 'guru' is set on object 'Object Repository/PharmacyRequest/Page_CMO login/input_txtusername'

2018-06-09 20:34:02 - [MESSAGE][PASSED] - Text 'guru' is set on object 'Object Repository/PharmacyRequest/Page_CMO login/input_txtusername'

2018-06-09 20:34:02 - [TEST_STEP][PASSED] - setText: Text '123' is set on object 'Object Repository/PharmacyRequest/Page_CMO login/input_txtpassword'

2018-06-09 20:34:02 - [MESSAGE][PASSED] - Text '123' is set on object 'Object Repository/PharmacyRequest/Page_CMO login/input_txtpassword'

2018-06-09 20:34:02 - [TEST_STEP][PASSED] - delay: Delayed 3 second(s)

2018-06-09 20:34:05 - [MESSAGE][PASSED] - Delayed 3 second(s)

2018-06-09 20:34:05 - [TEST_STEP][PASSED] - click: Object: 'Object Repository/PharmacyRequest/Page_CMO login/button_Sign in' is clicked on

2018-06-09 20:34:06 - [MESSAGE][PASSED] - Object: 'Object Repository/PharmacyRequest/Page_CMO login/button_Sign in' is clicked on

2018-06-09 20:34:06 - [TEST_STEP][PASSED] - click: Object: 'Object Repository/PharmacyRequest/Page_KDMC - CMO/a_Department Wise Request' is clicked on

2018-06-09 20:34:07 - [MESSAGE][PASSED] - Object: 'Object Repository/PharmacyRequest/Page_KDMC - CMO/a_Department Wise Request' is clicked on

2018-06-09 20:34:07 - [TEST_STEP][PASSED] - selectOptionByIndex: All options with index in [2] are selected on object 'Object Repository/PharmacyRequest/Page_KDMC - CMO/select_--ALL--'

2018-06-09 20:34:07 - [MESSAGE][PASSED] - All options with index in [2] are selected on object 'Object Repository/PharmacyRequest/Page_KDMC - CMO/select_--ALL--'

2018-06-09 20:34:07 - [TEST_STEP][PASSED] - selectOptionByIndex: All options with index in [1] are selected on object 'Object Repository/PharmacyRequest/Page_KDMC - CMO/select_--ALL--                _1'

2018-06-09 20:34:07 - [MESSAGE][PASSED] - All options with index in [1] are selected on object 'Object Repository/PharmacyRequest/Page_KDMC - CMO/select_--ALL--                _1'

2018-06-09 20:34:07 - [TEST_STEP][PASSED] - click: Object: 'Object Repository/PharmacyRequest/Page_KDMC - CMO/input_btnsearch' is clicked on

2018-06-09 20:34:07 - [MESSAGE][PASSED] - Object: 'Object Repository/PharmacyRequest/Page_KDMC - CMO/input_btnsearch' is clicked on

2018-06-09 20:34:07 - [TEST_STEP][PASSED] - Statement - ID = com.kms.katalon.core.webui.keyword.WebUiBuiltInKeywords.modifyObjectProperty(com.kms.katalon.core.testobject.ObjectRepository.findTestObject(PharmacyRequest/Page_KDMC - CMO/input_2), "xpath", "equals", "//*[@id=" + RID + "]", true): Modify property of object successfully

2018-06-09 20:34:07 - [MESSAGE][PASSED] - Modify property of object successfully

2018-06-09 20:34:07 - [TEST_STEP][PASSED] - click: Object: 'Object Repository/PharmacyRequest/Page_KDMC - CMO/input_2' is clicked on

2018-06-09 20:34:08 - [MESSAGE][PASSED] - Object: 'Object Repository/PharmacyRequest/Page_KDMC - CMO/input_2' is clicked on

2018-06-09 20:34:08 - [TEST_STEP][PASSED] - delay: Delayed 3 second(s)

2018-06-09 20:34:11 - [MESSAGE][PASSED] - Delayed 3 second(s)

2018-06-09 20:34:11 - [TEST_STEP][PASSED] - selectOptionByIndex: All options with index in [1] are selected on object 'Object Repository/PharmacyRequest/Page_KDMC - CMO/select_--Select--'

2018-06-09 20:34:11 - [MESSAGE][PASSED] - All options with index in [1] are selected on object 'Object Repository/PharmacyRequest/Page_KDMC - CMO/select_--Select--'

2018-06-09 20:34:11 - [TEST_STEP][PASSED] - click: Object: 'Object Repository/PharmacyRequest/Page_KDMC - CMO/input_btnupdate' is clicked on

2018-06-09 20:34:11 - [MESSAGE][PASSED] - Object: 'Object Repository/PharmacyRequest/Page_KDMC - CMO/input_btnupdate' is clicked on

2018-06-09 20:34:11 - [TEST_STEP][PASSED] - delay: Delayed 3 second(s)

2018-06-09 20:34:14 - [MESSAGE][PASSED] - Delayed 3 second(s)

2018-06-09 20:34:14 - [TEST_STEP][PASSED] - click: Object: 'Object Repository/PharmacyRequest/Page_KDMC - CMO/button_OK' is clicked on

2018-06-09 20:34:15 - [MESSAGE][PASSED] - Object: 'Object Repository/PharmacyRequest/Page_KDMC - CMO/button_OK' is clicked on

2018-06-09 20:34:15 - [TEST_STEP][PASSED] - delay: Delayed 3 second(s)

2018-06-09 20:34:18 - [MESSAGE][PASSED] - Delayed 3 second(s)

2018-06-09 20:34:18 - [TEST_STEP][PASSED] - click: Object: 'Object Repository/PharmacyRequest/Page_KDMC - CMO/a_dropdown-toggle' is clicked on

2018-06-09 20:34:18 - [MESSAGE][PASSED] - Object: 'Object Repository/PharmacyRequest/Page_KDMC - CMO/a_dropdown-toggle' is clicked on

2018-06-09 20:34:18 - [TEST_STEP][PASSED] - click: Object: 'Object Repository/PharmacyRequest/Page_KDMC - CMO/a_Sign out' is clicked on

2018-06-09 20:34:18 - [MESSAGE][PASSED] - Object: 'Object Repository/PharmacyRequest/Page_KDMC - CMO/a_Sign out' is clicked on

2018-06-09 20:34:18 - [TEST_STEP][PASSED] - delay: Delayed 3 second(s)

2018-06-09 20:34:21 - [MESSAGE][PASSED] - Delayed 3 second(s)

2018-06-09 20:34:21 - [TEST_STEP][PASSED] - click: Object: 'Object Repository/PharmacyRequest/Page_KDMC/a_Divisional Store' is clicked on

2018-06-09 20:34:22 - [MESSAGE][PASSED] - Object: 'Object Repository/PharmacyRequest/Page_KDMC/a_Divisional Store' is clicked on

2018-06-09 20:34:22 - [TEST_STEP][PASSED] - setText: Text 'ragu' is set on object 'Object Repository/PharmacyRequest/Page_Divisonal Store Login/input_txtusername'

2018-06-09 20:34:22 - [MESSAGE][PASSED] - Text 'ragu' is set on object 'Object Repository/PharmacyRequest/Page_Divisonal Store Login/input_txtusername'

2018-06-09 20:34:22 - [TEST_STEP][PASSED] - setText: Text '123' is set on object 'Object Repository/PharmacyRequest/Page_Divisonal Store Login/input_txtpassword'

2018-06-09 20:34:22 - [MESSAGE][PASSED] - Text '123' is set on object 'Object Repository/PharmacyRequest/Page_Divisonal Store Login/input_txtpassword'

2018-06-09 20:34:22 - [TEST_STEP][PASSED] - delay: Delayed 3 second(s)

2018-06-09 20:34:25 - [MESSAGE][PASSED] - Delayed 3 second(s)

2018-06-09 20:34:25 - [TEST_STEP][PASSED] - click: Object: 'Object Repository/PharmacyRequest/Page_Divisonal Store Login/button_Sign in' is clicked on

2018-06-09 20:34:26 - [MESSAGE][PASSED] - Object: 'Object Repository/PharmacyRequest/Page_Divisonal Store Login/button_Sign in' is clicked on

2018-06-09 20:34:26 - [TEST_STEP][PASSED] - delay: Delayed 3 second(s)

2018-06-09 20:34:29 - [MESSAGE][PASSED] - Delayed 3 second(s)

2018-06-09 20:34:29 - [TEST_STEP][PASSED] - click: Object: 'Object Repository/PharmacyRequest/Page_Store/a_Pharmacy Request' is clicked on

2018-06-09 20:34:29 - [MESSAGE][PASSED] - Object: 'Object Repository/PharmacyRequest/Page_Store/a_Pharmacy Request' is clicked on

2018-06-09 20:34:29 - [TEST_STEP][PASSED] - click: Object: 'Object Repository/PharmacyRequest/Page_Store/a_Request Item Pharmacy' is clicked on

2018-06-09 20:34:30 - [MESSAGE][PASSED] - Object: 'Object Repository/PharmacyRequest/Page_Store/a_Request Item Pharmacy' is clicked on

2018-06-09 20:34:30 - [TEST_STEP][PASSED] - delay: Delayed 2 second(s)

2018-06-09 20:34:32 - [MESSAGE][PASSED] - Delayed 2 second(s)

2018-06-09 20:34:32 - [TEST_STEP][PASSED] - setText: Text 'PRNO/09062018/221' is set on object 'Object Repository/PharmacyRequest/Page_Store/input'

2018-06-09 20:34:32 - [MESSAGE][PASSED] - Text 'PRNO/09062018/221' is set on object 'Object Repository/PharmacyRequest/Page_Store/input'

2018-06-09 20:34:32 - [TEST_STEP][PASSED] - delay: Delayed 2 second(s)

2018-06-09 20:34:34 - [MESSAGE][PASSED] - Delayed 2 second(s)

2018-06-09 20:34:34 - [TEST_STEP][PASSED] - Statement - ChooseRequest = com.kms.katalon.core.webui.keyword.WebUiBuiltInKeywords.modifyObjectProperty(com.kms.katalon.core.testobject.ObjectRepository.findTestObject(PharmacyRequest/Page_Store/input_2), "xpath", "equals", "//*[@id=" + RID + "]", true): Modify property of object successfully

2018-06-09 20:34:34 - [MESSAGE][PASSED] - Modify property of object successfully

2018-06-09 20:34:34 - [TEST_STEP][PASSED] - click: Object: 'Object Repository/PharmacyRequest/Page_Store/input_2' is clicked on

2018-06-09 20:34:34 - [MESSAGE][PASSED] - Object: 'Object Repository/PharmacyRequest/Page_Store/input_2' is clicked on

2018-06-09 20:34:34 - [TEST_STEP][PASSED] - delay: Delayed 2 second(s)

2018-06-09 20:34:36 - [MESSAGE][PASSED] - Delayed 2 second(s)

2018-06-09 20:34:36 - [TEST_STEP][PASSED] - Statement - selectedoptions = com.kms.katalon.core.webui.keyword.WebUiBuiltInKeywords.getNumberOfTotalOption(com.kms.katalon.core.testobject.ObjectRepository.findTestObject(PharmacyRequest/Page_Store/select_--Select--Amlodepin -5)): 14 options of object 'Object Repository/PharmacyRequest/Page_Store/select_--Select--Amlodepin -5' counted

2018-06-09 20:34:36 - [MESSAGE][PASSED] - 14 options of object 'Object Repository/PharmacyRequest/Page_Store/select_--Select--Amlodepin -5' counted

2018-06-09 20:34:36 - [TEST_STEP][PASSED] - Statement - For ([a = 1, a <= selectedoptions - 1, (a++)]): null

2018-06-09 20:34:36 - [TEST_STEP][PASSED] - selectOptionByIndex: All options with index in [1] are selected on object 'Object Repository/PharmacyRequest/Page_Store/select_--Select--Amlodepin -5'

2018-06-09 20:34:37 - [MESSAGE][PASSED] - All options with index in [1] are selected on object 'Object Repository/PharmacyRequest/Page_Store/select_--Select--Amlodepin -5'

2018-06-09 20:34:37 - [TEST_STEP][PASSED] - delay: Delayed 1 second(s)

2018-06-09 20:34:38 - [MESSAGE][PASSED] - Delayed 1 second(s)

2018-06-09 20:34:38 - [TEST_STEP][PASSED] - Statement - RequestedQty = com.kms.katalon.core.webui.keyword.WebUiBuiltInKeywords.getAttribute(com.kms.katalon.core.testobject.ObjectRepository.findTestObject(PharmacyRequest/Page_Store/input_txttotal), "value"): Attribute 'value' of object 'Object Repository/PharmacyRequest/Page_Store/input_txttotal' is: '10'

2018-06-09 20:34:38 - [MESSAGE][PASSED] - Attribute 'value' of object 'Object Repository/PharmacyRequest/Page_Store/input_txttotal' is: '10'

2018-06-09 20:34:38 - [TEST_STEP][PASSED] - Statement - out.println("Requested QTY : " + RequestedQty): null

2018-06-09 20:34:38 - [TEST_STEP][PASSED] - Statement - BatchNumber = com.kms.katalon.core.webui.keyword.WebUiBuiltInKeywords.getNumberOfTotalOption(com.kms.katalon.core.testobject.ObjectRepository.findTestObject(PharmacyRequest/Page_Store/select_--Select--BA50)): 3 options of object 'Object Repository/PharmacyRequest/Page_Store/select_--Select--BA50' counted

2018-06-09 20:34:38 - [MESSAGE][PASSED] - 3 options of object 'Object Repository/PharmacyRequest/Page_Store/select_--Select--BA50' counted

2018-06-09 20:34:38 - [TEST_STEP][PASSED] - Statement - For ([g = 1, g <= BatchNumber - 1, (g++)]): null

2018-06-09 20:34:38 - [TEST_STEP][PASSED] - selectOptionByIndex: All options with index in [1] are selected on object 'Object Repository/PharmacyRequest/Page_Store/select_--Select--BA50'

2018-06-09 20:34:38 - [MESSAGE][PASSED] - All options with index in [1] are selected on object 'Object Repository/PharmacyRequest/Page_Store/select_--Select--BA50'

2018-06-09 20:34:38 - [TEST_STEP][PASSED] - delay: Delayed 1 second(s)

2018-06-09 20:34:39 - [MESSAGE][PASSED] - Delayed 1 second(s)

2018-06-09 20:34:39 - [TEST_STEP][PASSED] - Statement - StockQty = com.kms.katalon.core.webui.keyword.WebUiBuiltInKeywords.getAttribute(com.kms.katalon.core.testobject.ObjectRepository.findTestObject(PharmacyRequest/Page_Store/input_txtprice), "value"): Attribute 'value' of object 'Object Repository/PharmacyRequest/Page_Store/input_txtprice' is: '920'

2018-06-09 20:34:39 - [MESSAGE][PASSED] - Attribute 'value' of object 'Object Repository/PharmacyRequest/Page_Store/input_txtprice' is: '920'

2018-06-09 20:34:39 - [TEST_STEP][PASSED] - Statement - out.println("Stock QTY : " + StockQty): null

2018-06-09 20:34:39 - [TEST_STEP][PASSED] - delay: Delayed 1 second(s)

2018-06-09 20:34:40 - [MESSAGE][PASSED] - Delayed 1 second(s)

2018-06-09 20:34:40 - [TEST_STEP][PASSED] - Statement - If (java.lang.Integer.valueOf(StockQty) >= java.lang.Integer.valueOf(RequestedQty)): null

2018-06-09 20:34:40 - [TEST_STEP][PASSED] - setText: Text '10' is set on object 'Object Repository/PharmacyRequest/Page_Store/input_txtqty'

2018-06-09 20:34:40 - [MESSAGE][PASSED] - Text '10' is set on object 'Object Repository/PharmacyRequest/Page_Store/input_txtqty'

2018-06-09 20:34:40 - [TEST_STEP][PASSED] - click: Object: 'Object Repository/PharmacyRequest/Page_Store/button_Add' is clicked on

2018-06-09 20:34:40 - [MESSAGE][PASSED] - Object: 'Object Repository/PharmacyRequest/Page_Store/button_Add' is clicked on

2018-06-09 20:34:40 - [TEST_STEP][PASSED] - Statement - Break: null

2018-06-09 20:34:40 - [TEST_STEP][PASSED] - selectOptionByIndex: All options with index in [2] are selected on object 'Object Repository/PharmacyRequest/Page_Store/select_--Select--Amlodepin -5'

2018-06-09 20:34:40 - [MESSAGE][PASSED] - All options with index in [2] are selected on object 'Object Repository/PharmacyRequest/Page_Store/select_--Select--Amlodepin -5'

2018-06-09 20:34:40 - [TEST_STEP][PASSED] - delay: Delayed 1 second(s)

2018-06-09 20:34:41 - [MESSAGE][PASSED] - Delayed 1 second(s)

2018-06-09 20:34:41 - [TEST_STEP][PASSED] - Statement - RequestedQty = com.kms.katalon.core.webui.keyword.WebUiBuiltInKeywords.getAttribute(com.kms.katalon.core.testobject.ObjectRepository.findTestObject(PharmacyRequest/Page_Store/input_txttotal), "value"): Attribute 'value' of object 'Object Repository/PharmacyRequest/Page_Store/input_txttotal' is: '10'

2018-06-09 20:34:41 - [MESSAGE][PASSED] - Attribute 'value' of object 'Object Repository/PharmacyRequest/Page_Store/input_txttotal' is: '10'

2018-06-09 20:34:41 - [TEST_STEP][PASSED] - Statement - out.println("Requested QTY : " + RequestedQty): null

2018-06-09 20:34:41 - [TEST_STEP][PASSED] - Statement - BatchNumber = com.kms.katalon.core.webui.keyword.WebUiBuiltInKeywords.getNumberOfTotalOption(com.kms.katalon.core.testobject.ObjectRepository.findTestObject(PharmacyRequest/Page_Store/select_--Select--BA50)): 6 options of object 'Object Repository/PharmacyRequest/Page_Store/select_--Select--BA50' counted

2018-06-09 20:34:41 - [MESSAGE][PASSED] - 6 options of object 'Object Repository/PharmacyRequest/Page_Store/select_--Select--BA50' counted

2018-06-09 20:34:41 - [TEST_STEP][PASSED] - Statement - For ([g = 1, g <= BatchNumber - 1, (g++)]): null

2018-06-09 20:34:41 - [TEST_STEP][PASSED] - selectOptionByIndex: All options with index in [1] are selected on object 'Object Repository/PharmacyRequest/Page_Store/select_--Select--BA50'

2018-06-09 20:34:41 - [MESSAGE][PASSED] - All options with index in [1] are selected on object 'Object Repository/PharmacyRequest/Page_Store/select_--Select--BA50'

2018-06-09 20:34:41 - [TEST_STEP][PASSED] - delay: Delayed 1 second(s)

2018-06-09 20:34:42 - [MESSAGE][PASSED] - Delayed 1 second(s)

2018-06-09 20:34:42 - [TEST_STEP][PASSED] - Statement - StockQty = com.kms.katalon.core.webui.keyword.WebUiBuiltInKeywords.getAttribute(com.kms.katalon.core.testobject.ObjectRepository.findTestObject(PharmacyRequest/Page_Store/input_txtprice), "value"): Attribute 'value' of object 'Object Repository/PharmacyRequest/Page_Store/input_txtprice' is: '100'

2018-06-09 20:34:42 - [MESSAGE][PASSED] - Attribute 'value' of object 'Object Repository/PharmacyRequest/Page_Store/input_txtprice' is: '100'

2018-06-09 20:34:42 - [TEST_STEP][PASSED] - Statement - out.println("Stock QTY : " + StockQty): null

2018-06-09 20:34:42 - [TEST_STEP][PASSED] - delay: Delayed 1 second(s)

2018-06-09 20:34:43 - [MESSAGE][PASSED] - Delayed 1 second(s)

2018-06-09 20:34:43 - [TEST_STEP][PASSED] - Statement - If (java.lang.Integer.valueOf(StockQty) >= java.lang.Integer.valueOf(RequestedQty)): null

2018-06-09 20:34:43 - [TEST_STEP][PASSED] - setText: Text '10' is set on object 'Object Repository/PharmacyRequest/Page_Store/input_txtqty'

2018-06-09 20:34:44 - [MESSAGE][PASSED] - Text '10' is set on object 'Object Repository/PharmacyRequest/Page_Store/input_txtqty'

2018-06-09 20:34:44 - [TEST_STEP][PASSED] - click: Object: 'Object Repository/PharmacyRequest/Page_Store/button_Add' is clicked on

2018-06-09 20:34:44 - [MESSAGE][PASSED] - Object: 'Object Repository/PharmacyRequest/Page_Store/button_Add' is clicked on

2018-06-09 20:34:44 - [TEST_STEP][PASSED] - Statement - Break: null

2018-06-09 20:34:44 - [TEST_STEP][PASSED] - selectOptionByIndex: All options with index in [3] are selected on object 'Object Repository/PharmacyRequest/Page_Store/select_--Select--Amlodepin -5'

2018-06-09 20:34:44 - [MESSAGE][PASSED] - All options with index in [3] are selected on object 'Object Repository/PharmacyRequest/Page_Store/select_--Select--Amlodepin -5'

2018-06-09 20:34:44 - [TEST_STEP][PASSED] - delay: Delayed 1 second(s)

2018-06-09 20:34:45 - [MESSAGE][PASSED] - Delayed 1 second(s)

2018-06-09 20:34:45 - [TEST_STEP][PASSED] - Statement - RequestedQty = com.kms.katalon.core.webui.keyword.WebUiBuiltInKeywords.getAttribute(com.kms.katalon.core.testobject.ObjectRepository.findTestObject(PharmacyRequest/Page_Store/input_txttotal), "value"): Attribute 'value' of object 'Object Repository/PharmacyRequest/Page_Store/input_txttotal' is: '10'

2018-06-09 20:34:45 - [MESSAGE][PASSED] - Attribute 'value' of object 'Object Repository/PharmacyRequest/Page_Store/input_txttotal' is: '10'

2018-06-09 20:34:45 - [TEST_STEP][PASSED] - Statement - out.println("Requested QTY : " + RequestedQty): null

2018-06-09 20:34:45 - [TEST_STEP][PASSED] - Statement - BatchNumber = com.kms.katalon.core.webui.keyword.WebUiBuiltInKeywords.getNumberOfTotalOption(com.kms.katalon.core.testobject.ObjectRepository.findTestObject(PharmacyRequest/Page_Store/select_--Select--BA50)): 2 options of object 'Object Repository/PharmacyRequest/Page_Store/select_--Select--BA50' counted

2018-06-09 20:34:45 - [MESSAGE][PASSED] - 2 options of object 'Object Repository/PharmacyRequest/Page_Store/select_--Select--BA50' counted

2018-06-09 20:34:45 - [TEST_STEP][PASSED] - Statement - For ([g = 1, g <= BatchNumber - 1, (g++)]): null

2018-06-09 20:34:45 - [TEST_STEP][PASSED] - selectOptionByIndex: All options with index in [1] are selected on object 'Object Repository/PharmacyRequest/Page_Store/select_--Select--BA50'

2018-06-09 20:34:45 - [MESSAGE][PASSED] - All options with index in [1] are selected on object 'Object Repository/PharmacyRequest/Page_Store/select_--Select--BA50'

2018-06-09 20:34:45 - [TEST_STEP][PASSED] - delay: Delayed 1 second(s)

2018-06-09 20:34:46 - [MESSAGE][PASSED] - Delayed 1 second(s)

2018-06-09 20:34:46 - [TEST_STEP][PASSED] - Statement - StockQty = com.kms.katalon.core.webui.keyword.WebUiBuiltInKeywords.getAttribute(com.kms.katalon.core.testobject.ObjectRepository.findTestObject(PharmacyRequest/Page_Store/input_txtprice), "value"): Attribute 'value' of object 'Object Repository/PharmacyRequest/Page_Store/input_txtprice' is: '960'

2018-06-09 20:34:46 - [MESSAGE][PASSED] - Attribute 'value' of object 'Object Repository/PharmacyRequest/Page_Store/input_txtprice' is: '960'

2018-06-09 20:34:46 - [TEST_STEP][PASSED] - Statement - out.println("Stock QTY : " + StockQty): null

2018-06-09 20:34:46 - [TEST_STEP][PASSED] - delay: Delayed 1 second(s)

2018-06-09 20:34:47 - [MESSAGE][PASSED] - Delayed 1 second(s)

2018-06-09 20:34:47 - [TEST_STEP][PASSED] - Statement - If (java.lang.Integer.valueOf(StockQty) >= java.lang.Integer.valueOf(RequestedQty)): null

2018-06-09 20:34:47 - [TEST_STEP][PASSED] - setText: Text '10' is set on object 'Object Repository/PharmacyRequest/Page_Store/input_txtqty'

2018-06-09 20:34:47 - [MESSAGE][PASSED] - Text '10' is set on object 'Object Repository/PharmacyRequest/Page_Store/input_txtqty'

2018-06-09 20:34:47 - [TEST_STEP][PASSED] - click: Object: 'Object Repository/PharmacyRequest/Page_Store/button_Add' is clicked on

2018-06-09 20:34:47 - [MESSAGE][PASSED] - Object: 'Object Repository/PharmacyRequest/Page_Store/button_Add' is clicked on

2018-06-09 20:34:47 - [TEST_STEP][PASSED] - Statement - Break: null

2018-06-09 20:34:47 - [TEST_STEP][PASSED] - selectOptionByIndex: All options with index in [4] are selected on object 'Object Repository/PharmacyRequest/Page_Store/select_--Select--Amlodepin -5'

2018-06-09 20:34:47 - [MESSAGE][PASSED] - All options with index in [4] are selected on object 'Object Repository/PharmacyRequest/Page_Store/select_--Select--Amlodepin -5'

2018-06-09 20:34:47 - [TEST_STEP][PASSED] - delay: Delayed 1 second(s)

2018-06-09 20:34:48 - [MESSAGE][PASSED] - Delayed 1 second(s)

2018-06-09 20:34:48 - [TEST_STEP][PASSED] - Statement - RequestedQty = com.kms.katalon.core.webui.keyword.WebUiBuiltInKeywords.getAttribute(com.kms.katalon.core.testobject.ObjectRepository.findTestObject(PharmacyRequest/Page_Store/input_txttotal), "value"): Attribute 'value' of object 'Object Repository/PharmacyRequest/Page_Store/input_txttotal' is: '10'

2018-06-09 20:34:48 - [MESSAGE][PASSED] - Attribute 'value' of object 'Object Repository/PharmacyRequest/Page_Store/input_txttotal' is: '10'

2018-06-09 20:34:48 - [TEST_STEP][PASSED] - Statement - out.println("Requested QTY : " + RequestedQty): null

2018-06-09 20:34:48 - [TEST_STEP][PASSED] - Statement - BatchNumber = com.kms.katalon.core.webui.keyword.WebUiBuiltInKeywords.getNumberOfTotalOption(com.kms.katalon.core.testobject.ObjectRepository.findTestObject(PharmacyRequest/Page_Store/select_--Select--BA50)): 3 options of object 'Object Repository/PharmacyRequest/Page_Store/select_--Select--BA50' counted

2018-06-09 20:34:48 - [MESSAGE][PASSED] - 3 options of object 'Object Repository/PharmacyRequest/Page_Store/select_--Select--BA50' counted

2018-06-09 20:34:48 - [TEST_STEP][PASSED] - Statement - For ([g = 1, g <= BatchNumber - 1, (g++)]): null

2018-06-09 20:34:48 - [TEST_STEP][PASSED] - selectOptionByIndex: All options with index in [1] are selected on object 'Object Repository/PharmacyRequest/Page_Store/select_--Select--BA50'

2018-06-09 20:34:49 - [MESSAGE][PASSED] - All options with index in [1] are selected on object 'Object Repository/PharmacyRequest/Page_Store/select_--Select--BA50'

2018-06-09 20:34:49 - [TEST_STEP][PASSED] - delay: Delayed 1 second(s)

2018-06-09 20:34:50 - [MESSAGE][PASSED] - Delayed 1 second(s)

2018-06-09 20:34:50 - [TEST_STEP][PASSED] - Statement - StockQty = com.kms.katalon.core.webui.keyword.WebUiBuiltInKeywords.getAttribute(com.kms.katalon.core.testobject.ObjectRepository.findTestObject(PharmacyRequest/Page_Store/input_txtprice), "value"): Attribute 'value' of object 'Object Repository/PharmacyRequest/Page_Store/input_txtprice' is: '920'

2018-06-09 20:34:50 - [MESSAGE][PASSED] - Attribute 'value' of object 'Object Repository/PharmacyRequest/Page_Store/input_txtprice' is: '920'

2018-06-09 20:34:50 - [TEST_STEP][PASSED] - Statement - out.println("Stock QTY : " + StockQty): null

2018-06-09 20:34:50 - [TEST_STEP][PASSED] - delay: Delayed 1 second(s)

2018-06-09 20:34:51 - [MESSAGE][PASSED] - Delayed 1 second(s)

2018-06-09 20:34:51 - [TEST_STEP][PASSED] - Statement - If (java.lang.Integer.valueOf(StockQty) >= java.lang.Integer.valueOf(RequestedQty)): null

2018-06-09 20:34:51 - [TEST_STEP][PASSED] - setText: Text '10' is set on object 'Object Repository/PharmacyRequest/Page_Store/input_txtqty'

2018-06-09 20:34:51 - [MESSAGE][PASSED] - Text '10' is set on object 'Object Repository/PharmacyRequest/Page_Store/input_txtqty'

2018-06-09 20:34:51 - [TEST_STEP][PASSED] - click: Object: 'Object Repository/PharmacyRequest/Page_Store/button_Add' is clicked on

2018-06-09 20:34:51 - [MESSAGE][PASSED] - Object: 'Object Repository/PharmacyRequest/Page_Store/button_Add' is clicked on

2018-06-09 20:34:51 - [TEST_STEP][PASSED] - Statement - Break: null

2018-06-09 20:34:51 - [TEST_STEP][PASSED] - selectOptionByIndex: All options with index in [5] are selected on object 'Object Repository/PharmacyRequest/Page_Store/select_--Select--Amlodepin -5'

2018-06-09 20:34:51 - [MESSAGE][PASSED] - All options with index in [5] are selected on object 'Object Repository/PharmacyRequest/Page_Store/select_--Select--Amlodepin -5'

2018-06-09 20:34:51 - [TEST_STEP][PASSED] - delay: Delayed 1 second(s)

2018-06-09 20:34:52 - [MESSAGE][PASSED] - Delayed 1 second(s)

2018-06-09 20:34:52 - [TEST_STEP][PASSED] - Statement - RequestedQty = com.kms.katalon.core.webui.keyword.WebUiBuiltInKeywords.getAttribute(com.kms.katalon.core.testobject.ObjectRepository.findTestObject(PharmacyRequest/Page_Store/input_txttotal), "value"): Attribute 'value' of object 'Object Repository/PharmacyRequest/Page_Store/input_txttotal' is: '10'

2018-06-09 20:34:52 - [MESSAGE][PASSED] - Attribute 'value' of object 'Object Repository/PharmacyRequest/Page_Store/input_txttotal' is: '10'

2018-06-09 20:34:52 - [TEST_STEP][PASSED] - Statement - out.println("Requested QTY : " + RequestedQty): null

2018-06-09 20:34:52 - [TEST_STEP][PASSED] - Statement - BatchNumber = com.kms.katalon.core.webui.keyword.WebUiBuiltInKeywords.getNumberOfTotalOption(com.kms.katalon.core.testobject.ObjectRepository.findTestObject(PharmacyRequest/Page_Store/select_--Select--BA50)): 3 options of object 'Object Repository/PharmacyRequest/Page_Store/select_--Select--BA50' counted

2018-06-09 20:34:52 - [MESSAGE][PASSED] - 3 options of object 'Object Repository/PharmacyRequest/Page_Store/select_--Select--BA50' counted

2018-06-09 20:34:52 - [TEST_STEP][PASSED] - Statement - For ([g = 1, g <= BatchNumber - 1, (g++)]): null

2018-06-09 20:34:52 - [TEST_STEP][PASSED] - selectOptionByIndex: All options with index in [1] are selected on object 'Object Repository/PharmacyRequest/Page_Store/select_--Select--BA50'

2018-06-09 20:34:52 - [MESSAGE][PASSED] - All options with index in [1] are selected on object 'Object Repository/PharmacyRequest/Page_Store/select_--Select--BA50'

2018-06-09 20:34:52 - [TEST_STEP][PASSED] - delay: Delayed 1 second(s)

2018-06-09 20:34:53 - [MESSAGE][PASSED] - Delayed 1 second(s)

2018-06-09 20:34:53 - [TEST_STEP][PASSED] - Statement - StockQty = com.kms.katalon.core.webui.keyword.WebUiBuiltInKeywords.getAttribute(com.kms.katalon.core.testobject.ObjectRepository.findTestObject(PharmacyRequest/Page_Store/input_txtprice), "value"): Attribute 'value' of object 'Object Repository/PharmacyRequest/Page_Store/input_txtprice' is: '100'

2018-06-09 20:34:53 - [MESSAGE][PASSED] - Attribute 'value' of object 'Object Repository/PharmacyRequest/Page_Store/input_txtprice' is: '100'

2018-06-09 20:34:53 - [TEST_STEP][PASSED] - Statement - out.println("Stock QTY : " + StockQty): null

2018-06-09 20:34:53 - [TEST_STEP][PASSED] - delay: Delayed 1 second(s)

2018-06-09 20:34:54 - [MESSAGE][PASSED] - Delayed 1 second(s)

2018-06-09 20:34:54 - [TEST_STEP][PASSED] - Statement - If (java.lang.Integer.valueOf(StockQty) >= java.lang.Integer.valueOf(RequestedQty)): null

2018-06-09 20:34:54 - [TEST_STEP][PASSED] - setText: Text '10' is set on object 'Object Repository/PharmacyRequest/Page_Store/input_txtqty'

2018-06-09 20:34:54 - [MESSAGE][PASSED] - Text '10' is set on object 'Object Repository/PharmacyRequest/Page_Store/input_txtqty'

2018-06-09 20:34:54 - [TEST_STEP][PASSED] - click: Object: 'Object Repository/PharmacyRequest/Page_Store/button_Add' is clicked on

2018-06-09 20:34:54 - [MESSAGE][PASSED] - Object: 'Object Repository/PharmacyRequest/Page_Store/button_Add' is clicked on

2018-06-09 20:34:54 - [TEST_STEP][PASSED] - Statement - Break: null

2018-06-09 20:34:54 - [TEST_STEP][PASSED] - selectOptionByIndex: All options with index in [6] are selected on object 'Object Repository/PharmacyRequest/Page_Store/select_--Select--Amlodepin -5'

2018-06-09 20:34:54 - [MESSAGE][PASSED] - All options with index in [6] are selected on object 'Object Repository/PharmacyRequest/Page_Store/select_--Select--Amlodepin -5'

2018-06-09 20:34:54 - [TEST_STEP][PASSED] - delay: Delayed 1 second(s)

2018-06-09 20:34:55 - [MESSAGE][PASSED] - Delayed 1 second(s)

2018-06-09 20:34:55 - [TEST_STEP][PASSED] - Statement - RequestedQty = com.kms.katalon.core.webui.keyword.WebUiBuiltInKeywords.getAttribute(com.kms.katalon.core.testobject.ObjectRepository.findTestObject(PharmacyRequest/Page_Store/input_txttotal), "value"): Attribute 'value' of object 'Object Repository/PharmacyRequest/Page_Store/input_txttotal' is: '10'

2018-06-09 20:34:55 - [MESSAGE][PASSED] - Attribute 'value' of object 'Object Repository/PharmacyRequest/Page_Store/input_txttotal' is: '10'

2018-06-09 20:34:55 - [TEST_STEP][PASSED] - Statement - out.println("Requested QTY : " + RequestedQty): null

2018-06-09 20:34:55 - [TEST_STEP][PASSED] - Statement - BatchNumber = com.kms.katalon.core.webui.keyword.WebUiBuiltInKeywords.getNumberOfTotalOption(com.kms.katalon.core.testobject.ObjectRepository.findTestObject(PharmacyRequest/Page_Store/select_--Select--BA50)): 3 options of object 'Object Repository/PharmacyRequest/Page_Store/select_--Select--BA50' counted

2018-06-09 20:34:56 - [MESSAGE][PASSED] - 3 options of object 'Object Repository/PharmacyRequest/Page_Store/select_--Select--BA50' counted

2018-06-09 20:34:56 - [TEST_STEP][PASSED] - Statement - For ([g = 1, g <= BatchNumber - 1, (g++)]): null

2018-06-09 20:34:56 - [TEST_STEP][PASSED] - selectOptionByIndex: All options with index in [1] are selected on object 'Object Repository/PharmacyRequest/Page_Store/select_--Select--BA50'

2018-06-09 20:34:56 - [MESSAGE][PASSED] - All options with index in [1] are selected on object 'Object Repository/PharmacyRequest/Page_Store/select_--Select--BA50'

2018-06-09 20:34:56 - [TEST_STEP][PASSED] - delay: Delayed 1 second(s)

2018-06-09 20:34:57 - [MESSAGE][PASSED] - Delayed 1 second(s)

2018-06-09 20:34:57 - [TEST_STEP][PASSED] - Statement - StockQty = com.kms.katalon.core.webui.keyword.WebUiBuiltInKeywords.getAttribute(com.kms.katalon.core.testobject.ObjectRepository.findTestObject(PharmacyRequest/Page_Store/input_txtprice), "value"): Attribute 'value' of object 'Object Repository/PharmacyRequest/Page_Store/input_txtprice' is: '940'

2018-06-09 20:34:57 - [MESSAGE][PASSED] - Attribute 'value' of object 'Object Repository/PharmacyRequest/Page_Store/input_txtprice' is: '940'

2018-06-09 20:34:57 - [TEST_STEP][PASSED] - Statement - out.println("Stock QTY : " + StockQty): null

2018-06-09 20:34:57 - [TEST_STEP][PASSED] - delay: Delayed 1 second(s)

2018-06-09 20:34:58 - [MESSAGE][PASSED] - Delayed 1 second(s)

2018-06-09 20:34:58 - [TEST_STEP][PASSED] - Statement - If (java.lang.Integer.valueOf(StockQty) >= java.lang.Integer.valueOf(RequestedQty)): null

2018-06-09 20:34:58 - [TEST_STEP][PASSED] - setText: Text '10' is set on object 'Object Repository/PharmacyRequest/Page_Store/input_txtqty'

2018-06-09 20:34:58 - [MESSAGE][PASSED] - Text '10' is set on object 'Object Repository/PharmacyRequest/Page_Store/input_txtqty'

2018-06-09 20:34:58 - [TEST_STEP][PASSED] - click: Object: 'Object Repository/PharmacyRequest/Page_Store/button_Add' is clicked on

2018-06-09 20:34:58 - [MESSAGE][PASSED] - Object: 'Object Repository/PharmacyRequest/Page_Store/button_Add' is clicked on

2018-06-09 20:34:58 - [TEST_STEP][PASSED] - Statement - Break: null

2018-06-09 20:34:58 - [TEST_STEP][PASSED] - selectOptionByIndex: All options with index in [7] are selected on object 'Object Repository/PharmacyRequest/Page_Store/select_--Select--Amlodepin -5'

2018-06-09 20:34:58 - [MESSAGE][PASSED] - All options with index in [7] are selected on object 'Object Repository/PharmacyRequest/Page_Store/select_--Select--Amlodepin -5'

2018-06-09 20:34:58 - [TEST_STEP][PASSED] - delay: Delayed 1 second(s)

2018-06-09 20:34:59 - [MESSAGE][PASSED] - Delayed 1 second(s)

2018-06-09 20:34:59 - [TEST_STEP][PASSED] - Statement - RequestedQty = com.kms.katalon.core.webui.keyword.WebUiBuiltInKeywords.getAttribute(com.kms.katalon.core.testobject.ObjectRepository.findTestObject(PharmacyRequest/Page_Store/input_txttotal), "value"): Attribute 'value' of object 'Object Repository/PharmacyRequest/Page_Store/input_txttotal' is: '10'

2018-06-09 20:34:59 - [MESSAGE][PASSED] - Attribute 'value' of object 'Object Repository/PharmacyRequest/Page_Store/input_txttotal' is: '10'

2018-06-09 20:34:59 - [TEST_STEP][PASSED] - Statement - out.println("Requested QTY : " + RequestedQty): null

2018-06-09 20:34:59 - [TEST_STEP][PASSED] - Statement - BatchNumber = com.kms.katalon.core.webui.keyword.WebUiBuiltInKeywords.getNumberOfTotalOption(com.kms.katalon.core.testobject.ObjectRepository.findTestObject(PharmacyRequest/Page_Store/select_--Select--BA50)): 5 options of object 'Object Repository/PharmacyRequest/Page_Store/select_--Select--BA50' counted

2018-06-09 20:34:59 - [MESSAGE][PASSED] - 5 options of object 'Object Repository/PharmacyRequest/Page_Store/select_--Select--BA50' counted

2018-06-09 20:34:59 - [TEST_STEP][PASSED] - Statement - For ([g = 1, g <= BatchNumber - 1, (g++)]): null

2018-06-09 20:34:59 - [TEST_STEP][PASSED] - selectOptionByIndex: All options with index in [1] are selected on object 'Object Repository/PharmacyRequest/Page_Store/select_--Select--BA50'

2018-06-09 20:34:59 - [MESSAGE][PASSED] - All options with index in [1] are selected on object 'Object Repository/PharmacyRequest/Page_Store/select_--Select--BA50'

2018-06-09 20:34:59 - [TEST_STEP][PASSED] - delay: Delayed 1 second(s)

2018-06-09 20:35:00 - [MESSAGE][PASSED] - Delayed 1 second(s)

2018-06-09 20:35:00 - [TEST_STEP][PASSED] - Statement - StockQty = com.kms.katalon.core.webui.keyword.WebUiBuiltInKeywords.getAttribute(com.kms.katalon.core.testobject.ObjectRepository.findTestObject(PharmacyRequest/Page_Store/input_txtprice), "value"): Attribute 'value' of object 'Object Repository/PharmacyRequest/Page_Store/input_txtprice' is: '100'

2018-06-09 20:35:00 - [MESSAGE][PASSED] - Attribute 'value' of object 'Object Repository/PharmacyRequest/Page_Store/input_txtprice' is: '100'

2018-06-09 20:35:00 - [TEST_STEP][PASSED] - Statement - out.println("Stock QTY : " + StockQty): null

2018-06-09 20:35:00 - [TEST_STEP][PASSED] - delay: Delayed 1 second(s)

2018-06-09 20:35:01 - [MESSAGE][PASSED] - Delayed 1 second(s)

2018-06-09 20:35:01 - [TEST_STEP][PASSED] - Statement - If (java.lang.Integer.valueOf(StockQty) >= java.lang.Integer.valueOf(RequestedQty)): null

2018-06-09 20:35:01 - [TEST_STEP][PASSED] - setText: Text '10' is set on object 'Object Repository/PharmacyRequest/Page_Store/input_txtqty'

2018-06-09 20:35:01 - [MESSAGE][PASSED] - Text '10' is set on object 'Object Repository/PharmacyRequest/Page_Store/input_txtqty'

2018-06-09 20:35:01 - [TEST_STEP][PASSED] - click: Object: 'Object Repository/PharmacyRequest/Page_Store/button_Add' is clicked on

2018-06-09 20:35:01 - [MESSAGE][PASSED] - Object: 'Object Repository/PharmacyRequest/Page_Store/button_Add' is clicked on

2018-06-09 20:35:01 - [TEST_STEP][PASSED] - Statement - Break: null

2018-06-09 20:35:01 - [TEST_STEP][PASSED] - selectOptionByIndex: All options with index in [8] are selected on object 'Object Repository/PharmacyRequest/Page_Store/select_--Select--Amlodepin -5'

2018-06-09 20:35:02 - [MESSAGE][PASSED] - All options with index in [8] are selected on object 'Object Repository/PharmacyRequest/Page_Store/select_--Select--Amlodepin -5'

2018-06-09 20:35:02 - [TEST_STEP][PASSED] - delay: Delayed 1 second(s)

2018-06-09 20:35:03 - [MESSAGE][PASSED] - Delayed 1 second(s)

2018-06-09 20:35:03 - [TEST_STEP][PASSED] - Statement - RequestedQty = com.kms.katalon.core.webui.keyword.WebUiBuiltInKeywords.getAttribute(com.kms.katalon.core.testobject.ObjectRepository.findTestObject(PharmacyRequest/Page_Store/input_txttotal), "value"): Attribute 'value' of object 'Object Repository/PharmacyRequest/Page_Store/input_txttotal' is: '10'

2018-06-09 20:35:03 - [MESSAGE][PASSED] - Attribute 'value' of object 'Object Repository/PharmacyRequest/Page_Store/input_txttotal' is: '10'

2018-06-09 20:35:03 - [TEST_STEP][PASSED] - Statement - out.println("Requested QTY : " + RequestedQty): null

2018-06-09 20:35:03 - [TEST_STEP][PASSED] - Statement - BatchNumber = com.kms.katalon.core.webui.keyword.WebUiBuiltInKeywords.getNumberOfTotalOption(com.kms.katalon.core.testobject.ObjectRepository.findTestObject(PharmacyRequest/Page_Store/select_--Select--BA50)): 4 options of object 'Object Repository/PharmacyRequest/Page_Store/select_--Select--BA50' counted

2018-06-09 20:35:03 - [MESSAGE][PASSED] - 4 options of object 'Object Repository/PharmacyRequest/Page_Store/select_--Select--BA50' counted

2018-06-09 20:35:03 - [TEST_STEP][PASSED] - Statement - For ([g = 1, g <= BatchNumber - 1, (g++)]): null

2018-06-09 20:35:03 - [TEST_STEP][PASSED] - selectOptionByIndex: All options with index in [1] are selected on object 'Object Repository/PharmacyRequest/Page_Store/select_--Select--BA50'

2018-06-09 20:35:03 - [MESSAGE][PASSED] - All options with index in [1] are selected on object 'Object Repository/PharmacyRequest/Page_Store/select_--Select--BA50'

2018-06-09 20:35:03 - [TEST_STEP][PASSED] - delay: Delayed 1 second(s)

2018-06-09 20:35:04 - [MESSAGE][PASSED] - Delayed 1 second(s)

2018-06-09 20:35:04 - [TEST_STEP][PASSED] - Statement - StockQty = com.kms.katalon.core.webui.keyword.WebUiBuiltInKeywords.getAttribute(com.kms.katalon.core.testobject.ObjectRepository.findTestObject(PharmacyRequest/Page_Store/input_txtprice), "value"): Attribute 'value' of object 'Object Repository/PharmacyRequest/Page_Store/input_txtprice' is: '370'

2018-06-09 20:35:04 - [MESSAGE][PASSED] - Attribute 'value' of object 'Object Repository/PharmacyRequest/Page_Store/input_txtprice' is: '370'

2018-06-09 20:35:04 - [TEST_STEP][PASSED] - Statement - out.println("Stock QTY : " + StockQty): null

2018-06-09 20:35:04 - [TEST_STEP][PASSED] - delay: Delayed 1 second(s)

2018-06-09 20:35:05 - [MESSAGE][PASSED] - Delayed 1 second(s)

2018-06-09 20:35:05 - [TEST_STEP][PASSED] - Statement - If (java.lang.Integer.valueOf(StockQty) >= java.lang.Integer.valueOf(RequestedQty)): null

2018-06-09 20:35:05 - [TEST_STEP][PASSED] - setText: Text '10' is set on object 'Object Repository/PharmacyRequest/Page_Store/input_txtqty'

2018-06-09 20:35:05 - [MESSAGE][PASSED] - Text '10' is set on object 'Object Repository/PharmacyRequest/Page_Store/input_txtqty'

2018-06-09 20:35:05 - [TEST_STEP][PASSED] - click: Object: 'Object Repository/PharmacyRequest/Page_Store/button_Add' is clicked on

2018-06-09 20:35:05 - [MESSAGE][PASSED] - Object: 'Object Repository/PharmacyRequest/Page_Store/button_Add' is clicked on

2018-06-09 20:35:05 - [TEST_STEP][PASSED] - Statement - Break: null

2018-06-09 20:35:05 - [TEST_STEP][PASSED] - selectOptionByIndex: All options with index in [9] are selected on object 'Object Repository/PharmacyRequest/Page_Store/select_--Select--Amlodepin -5'

2018-06-09 20:35:05 - [MESSAGE][PASSED] - All options with index in [9] are selected on object 'Object Repository/PharmacyRequest/Page_Store/select_--Select--Amlodepin -5'

2018-06-09 20:35:05 - [TEST_STEP][PASSED] - delay: Delayed 1 second(s)

2018-06-09 20:35:06 - [MESSAGE][PASSED] - Delayed 1 second(s)

2018-06-09 20:35:06 - [TEST_STEP][PASSED] - Statement - RequestedQty = com.kms.katalon.core.webui.keyword.WebUiBuiltInKeywords.getAttribute(com.kms.katalon.core.testobject.ObjectRepository.findTestObject(PharmacyRequest/Page_Store/input_txttotal), "value"): Attribute 'value' of object 'Object Repository/PharmacyRequest/Page_Store/input_txttotal' is: '10'

2018-06-09 20:35:06 - [MESSAGE][PASSED] - Attribute 'value' of object 'Object Repository/PharmacyRequest/Page_Store/input_txttotal' is: '10'

2018-06-09 20:35:06 - [TEST_STEP][PASSED] - Statement - out.println("Requested QTY : " + RequestedQty): null

2018-06-09 20:35:06 - [TEST_STEP][PASSED] - Statement - BatchNumber = com.kms.katalon.core.webui.keyword.WebUiBuiltInKeywords.getNumberOfTotalOption(com.kms.katalon.core.testobject.ObjectRepository.findTestObject(PharmacyRequest/Page_Store/select_--Select--BA50)): 4 options of object 'Object Repository/PharmacyRequest/Page_Store/select_--Select--BA50' counted

2018-06-09 20:35:06 - [MESSAGE][PASSED] - 4 options of object 'Object Repository/PharmacyRequest/Page_Store/select_--Select--BA50' counted

2018-06-09 20:35:06 - [TEST_STEP][PASSED] - Statement - For ([g = 1, g <= BatchNumber - 1, (g++)]): null

2018-06-09 20:35:06 - [TEST_STEP][PASSED] - selectOptionByIndex: All options with index in [1] are selected on object 'Object Repository/PharmacyRequest/Page_Store/select_--Select--BA50'

2018-06-09 20:35:06 - [MESSAGE][PASSED] - All options with index in [1] are selected on object 'Object Repository/PharmacyRequest/Page_Store/select_--Select--BA50'

2018-06-09 20:35:06 - [TEST_STEP][PASSED] - delay: Delayed 1 second(s)

2018-06-09 20:35:07 - [MESSAGE][PASSED] - Delayed 1 second(s)

2018-06-09 20:35:07 - [TEST_STEP][PASSED] - Statement - StockQty = com.kms.katalon.core.webui.keyword.WebUiBuiltInKeywords.getAttribute(com.kms.katalon.core.testobject.ObjectRepository.findTestObject(PharmacyRequest/Page_Store/input_txtprice), "value"): Attribute 'value' of object 'Object Repository/PharmacyRequest/Page_Store/input_txtprice' is: '370'

2018-06-09 20:35:07 - [MESSAGE][PASSED] - Attribute 'value' of object 'Object Repository/PharmacyRequest/Page_Store/input_txtprice' is: '370'

2018-06-09 20:35:07 - [TEST_STEP][PASSED] - Statement - out.println("Stock QTY : " + StockQty): null

2018-06-09 20:35:07 - [TEST_STEP][PASSED] - delay: Delayed 1 second(s)

2018-06-09 20:35:08 - [MESSAGE][PASSED] - Delayed 1 second(s)

2018-06-09 20:35:08 - [TEST_STEP][PASSED] - Statement - If (java.lang.Integer.valueOf(StockQty) >= java.lang.Integer.valueOf(RequestedQty)): null

2018-06-09 20:35:08 - [TEST_STEP][PASSED] - setText: Text '10' is set on object 'Object Repository/PharmacyRequest/Page_Store/input_txtqty'

2018-06-09 20:35:08 - [MESSAGE][PASSED] - Text '10' is set on object 'Object Repository/PharmacyRequest/Page_Store/input_txtqty'

2018-06-09 20:35:08 - [TEST_STEP][PASSED] - click: Object: 'Object Repository/PharmacyRequest/Page_Store/button_Add' is clicked on

2018-06-09 20:35:08 - [MESSAGE][PASSED] - Object: 'Object Repository/PharmacyRequest/Page_Store/button_Add' is clicked on

2018-06-09 20:35:08 - [TEST_STEP][PASSED] - Statement - Break: null

2018-06-09 20:35:08 - [TEST_STEP][PASSED] - selectOptionByIndex: All options with index in [10] are selected on object 'Object Repository/PharmacyRequest/Page_Store/select_--Select--Amlodepin -5'

2018-06-09 20:35:09 - [MESSAGE][PASSED] - All options with index in [10] are selected on object 'Object Repository/PharmacyRequest/Page_Store/select_--Select--Amlodepin -5'

2018-06-09 20:35:09 - [TEST_STEP][PASSED] - delay: Delayed 1 second(s)

2018-06-09 20:35:10 - [MESSAGE][PASSED] - Delayed 1 second(s)

2018-06-09 20:35:10 - [TEST_STEP][PASSED] - Statement - RequestedQty = com.kms.katalon.core.webui.keyword.WebUiBuiltInKeywords.getAttribute(com.kms.katalon.core.testobject.ObjectRepository.findTestObject(PharmacyRequest/Page_Store/input_txttotal), "value"): Attribute 'value' of object 'Object Repository/PharmacyRequest/Page_Store/input_txttotal' is: '10'

2018-06-09 20:35:10 - [MESSAGE][PASSED] - Attribute 'value' of object 'Object Repository/PharmacyRequest/Page_Store/input_txttotal' is: '10'

2018-06-09 20:35:10 - [TEST_STEP][PASSED] - Statement - out.println("Requested QTY : " + RequestedQty): null

2018-06-09 20:35:10 - [TEST_STEP][PASSED] - Statement - BatchNumber = com.kms.katalon.core.webui.keyword.WebUiBuiltInKeywords.getNumberOfTotalOption(com.kms.katalon.core.testobject.ObjectRepository.findTestObject(PharmacyRequest/Page_Store/select_--Select--BA50)): 3 options of object 'Object Repository/PharmacyRequest/Page_Store/select_--Select--BA50' counted

2018-06-09 20:35:10 - [MESSAGE][PASSED] - 3 options of object 'Object Repository/PharmacyRequest/Page_Store/select_--Select--BA50' counted

2018-06-09 20:35:10 - [TEST_STEP][PASSED] - Statement - For ([g = 1, g <= BatchNumber - 1, (g++)]): null

2018-06-09 20:35:10 - [TEST_STEP][PASSED] - selectOptionByIndex: All options with index in [1] are selected on object 'Object Repository/PharmacyRequest/Page_Store/select_--Select--BA50'

2018-06-09 20:35:10 - [MESSAGE][PASSED] - All options with index in [1] are selected on object 'Object Repository/PharmacyRequest/Page_Store/select_--Select--BA50'

2018-06-09 20:35:10 - [TEST_STEP][PASSED] - delay: Delayed 1 second(s)

2018-06-09 20:35:11 - [MESSAGE][PASSED] - Delayed 1 second(s)

2018-06-09 20:35:11 - [TEST_STEP][PASSED] - Statement - StockQty = com.kms.katalon.core.webui.keyword.WebUiBuiltInKeywords.getAttribute(com.kms.katalon.core.testobject.ObjectRepository.findTestObject(PharmacyRequest/Page_Store/input_txtprice), "value"): Attribute 'value' of object 'Object Repository/PharmacyRequest/Page_Store/input_txtprice' is: '940'

2018-06-09 20:35:11 - [MESSAGE][PASSED] - Attribute 'value' of object 'Object Repository/PharmacyRequest/Page_Store/input_txtprice' is: '940'

2018-06-09 20:35:11 - [TEST_STEP][PASSED] - Statement - out.println("Stock QTY : " + StockQty): null

2018-06-09 20:35:11 - [TEST_STEP][PASSED] - delay: Delayed 1 second(s)

2018-06-09 20:35:12 - [MESSAGE][PASSED] - Delayed 1 second(s)

2018-06-09 20:35:12 - [TEST_STEP][PASSED] - Statement - If (java.lang.Integer.valueOf(StockQty) >= java.lang.Integer.valueOf(RequestedQty)): null

2018-06-09 20:35:12 - [TEST_STEP][PASSED] - setText: Text '10' is set on object 'Object Repository/PharmacyRequest/Page_Store/input_txtqty'

2018-06-09 20:35:12 - [MESSAGE][PASSED] - Text '10' is set on object 'Object Repository/PharmacyRequest/Page_Store/input_txtqty'

2018-06-09 20:35:12 - [TEST_STEP][PASSED] - click: Object: 'Object Repository/PharmacyRequest/Page_Store/button_Add' is clicked on

2018-06-09 20:35:12 - [MESSAGE][PASSED] - Object: 'Object Repository/PharmacyRequest/Page_Store/button_Add' is clicked on

2018-06-09 20:35:12 - [TEST_STEP][PASSED] - Statement - Break: null

2018-06-09 20:35:12 - [TEST_STEP][PASSED] - selectOptionByIndex: All options with index in [11] are selected on object 'Object Repository/PharmacyRequest/Page_Store/select_--Select--Amlodepin -5'

2018-06-09 20:35:12 - [MESSAGE][PASSED] - All options with index in [11] are selected on object 'Object Repository/PharmacyRequest/Page_Store/select_--Select--Amlodepin -5'

2018-06-09 20:35:12 - [TEST_STEP][PASSED] - delay: Delayed 1 second(s)

2018-06-09 20:35:13 - [MESSAGE][PASSED] - Delayed 1 second(s)

2018-06-09 20:35:13 - [TEST_STEP][PASSED] - Statement - RequestedQty = com.kms.katalon.core.webui.keyword.WebUiBuiltInKeywords.getAttribute(com.kms.katalon.core.testobject.ObjectRepository.findTestObject(PharmacyRequest/Page_Store/input_txttotal), "value"): Attribute 'value' of object 'Object Repository/PharmacyRequest/Page_Store/input_txttotal' is: '10'

2018-06-09 20:35:13 - [MESSAGE][PASSED] - Attribute 'value' of object 'Object Repository/PharmacyRequest/Page_Store/input_txttotal' is: '10'

2018-06-09 20:35:13 - [TEST_STEP][PASSED] - Statement - out.println("Requested QTY : " + RequestedQty): null

2018-06-09 20:35:13 - [TEST_STEP][PASSED] - Statement - BatchNumber = com.kms.katalon.core.webui.keyword.WebUiBuiltInKeywords.getNumberOfTotalOption(com.kms.katalon.core.testobject.ObjectRepository.findTestObject(PharmacyRequest/Page_Store/select_--Select--BA50)): 2 options of object 'Object Repository/PharmacyRequest/Page_Store/select_--Select--BA50' counted

2018-06-09 20:35:13 - [MESSAGE][PASSED] - 2 options of object 'Object Repository/PharmacyRequest/Page_Store/select_--Select--BA50' counted

2018-06-09 20:35:13 - [TEST_STEP][PASSED] - Statement - For ([g = 1, g <= BatchNumber - 1, (g++)]): null

2018-06-09 20:35:13 - [TEST_STEP][PASSED] - selectOptionByIndex: All options with index in [1] are selected on object 'Object Repository/PharmacyRequest/Page_Store/select_--Select--BA50'

2018-06-09 20:35:13 - [MESSAGE][PASSED] - All options with index in [1] are selected on object 'Object Repository/PharmacyRequest/Page_Store/select_--Select--BA50'

2018-06-09 20:35:13 - [TEST_STEP][PASSED] - delay: Delayed 1 second(s)

2018-06-09 20:35:14 - [MESSAGE][PASSED] - Delayed 1 second(s)

2018-06-09 20:35:14 - [TEST_STEP][PASSED] - Statement - StockQty = com.kms.katalon.core.webui.keyword.WebUiBuiltInKeywords.getAttribute(com.kms.katalon.core.testobject.ObjectRepository.findTestObject(PharmacyRequest/Page_Store/input_txtprice), "value"): Attribute 'value' of object 'Object Repository/PharmacyRequest/Page_Store/input_txtprice' is: '990'

2018-06-09 20:35:14 - [MESSAGE][PASSED] - Attribute 'value' of object 'Object Repository/PharmacyRequest/Page_Store/input_txtprice' is: '990'

2018-06-09 20:35:14 - [TEST_STEP][PASSED] - Statement - out.println("Stock QTY : " + StockQty): null

2018-06-09 20:35:14 - [TEST_STEP][PASSED] - delay: Delayed 1 second(s)

2018-06-09 20:35:15 - [MESSAGE][PASSED] - Delayed 1 second(s)

2018-06-09 20:35:15 - [TEST_STEP][PASSED] - Statement - If (java.lang.Integer.valueOf(StockQty) >= java.lang.Integer.valueOf(RequestedQty)): null

2018-06-09 20:35:15 - [TEST_STEP][PASSED] - setText: Text '10' is set on object 'Object Repository/PharmacyRequest/Page_Store/input_txtqty'

2018-06-09 20:35:16 - [MESSAGE][PASSED] - Text '10' is set on object 'Object Repository/PharmacyRequest/Page_Store/input_txtqty'

2018-06-09 20:35:16 - [TEST_STEP][PASSED] - click: Object: 'Object Repository/PharmacyRequest/Page_Store/button_Add' is clicked on

2018-06-09 20:35:16 - [MESSAGE][PASSED] - Object: 'Object Repository/PharmacyRequest/Page_Store/button_Add' is clicked on

2018-06-09 20:35:16 - [TEST_STEP][PASSED] - Statement - Break: null

2018-06-09 20:35:16 - [TEST_STEP][PASSED] - selectOptionByIndex: All options with index in [12] are selected on object 'Object Repository/PharmacyRequest/Page_Store/select_--Select--Amlodepin -5'

2018-06-09 20:35:16 - [MESSAGE][PASSED] - All options with index in [12] are selected on object 'Object Repository/PharmacyRequest/Page_Store/select_--Select--Amlodepin -5'

2018-06-09 20:35:16 - [TEST_STEP][PASSED] - delay: Delayed 1 second(s)

2018-06-09 20:35:17 - [MESSAGE][PASSED] - Delayed 1 second(s)

2018-06-09 20:35:17 - [TEST_STEP][PASSED] - Statement - RequestedQty = com.kms.katalon.core.webui.keyword.WebUiBuiltInKeywords.getAttribute(com.kms.katalon.core.testobject.ObjectRepository.findTestObject(PharmacyRequest/Page_Store/input_txttotal), "value"): Attribute 'value' of object 'Object Repository/PharmacyRequest/Page_Store/input_txttotal' is: '10'

2018-06-09 20:35:17 - [MESSAGE][PASSED] - Attribute 'value' of object 'Object Repository/PharmacyRequest/Page_Store/input_txttotal' is: '10'

2018-06-09 20:35:17 - [TEST_STEP][PASSED] - Statement - out.println("Requested QTY : " + RequestedQty): null

2018-06-09 20:35:17 - [TEST_STEP][PASSED] - Statement - BatchNumber = com.kms.katalon.core.webui.keyword.WebUiBuiltInKeywords.getNumberOfTotalOption(com.kms.katalon.core.testobject.ObjectRepository.findTestObject(PharmacyRequest/Page_Store/select_--Select--BA50)): 3 options of object 'Object Repository/PharmacyRequest/Page_Store/select_--Select--BA50' counted

2018-06-09 20:35:17 - [MESSAGE][PASSED] - 3 options of object 'Object Repository/PharmacyRequest/Page_Store/select_--Select--BA50' counted

2018-06-09 20:35:17 - [TEST_STEP][PASSED] - Statement - For ([g = 1, g <= BatchNumber - 1, (g++)]): null

2018-06-09 20:35:17 - [TEST_STEP][PASSED] - selectOptionByIndex: All options with index in [1] are selected on object 'Object Repository/PharmacyRequest/Page_Store/select_--Select--BA50'

2018-06-09 20:35:17 - [MESSAGE][PASSED] - All options with index in [1] are selected on object 'Object Repository/PharmacyRequest/Page_Store/select_--Select--BA50'

2018-06-09 20:35:17 - [TEST_STEP][PASSED] - delay: Delayed 1 second(s)

2018-06-09 20:35:18 - [MESSAGE][PASSED] - Delayed 1 second(s)

2018-06-09 20:35:18 - [TEST_STEP][PASSED] - Statement - StockQty = com.kms.katalon.core.webui.keyword.WebUiBuiltInKeywords.getAttribute(com.kms.katalon.core.testobject.ObjectRepository.findTestObject(PharmacyRequest/Page_Store/input_txtprice), "value"): Attribute 'value' of object 'Object Repository/PharmacyRequest/Page_Store/input_txtprice' is: '940'

2018-06-09 20:35:18 - [MESSAGE][PASSED] - Attribute 'value' of object 'Object Repository/PharmacyRequest/Page_Store/input_txtprice' is: '940'

2018-06-09 20:35:18 - [TEST_STEP][PASSED] - Statement - out.println("Stock QTY : " + StockQty): null

2018-06-09 20:35:18 - [TEST_STEP][PASSED] - delay: Delayed 1 second(s)

2018-06-09 20:35:19 - [MESSAGE][PASSED] - Delayed 1 second(s)

2018-06-09 20:35:19 - [TEST_STEP][PASSED] - Statement - If (java.lang.Integer.valueOf(StockQty) >= java.lang.Integer.valueOf(RequestedQty)): null

2018-06-09 20:35:19 - [TEST_STEP][PASSED] - setText: Text '10' is set on object 'Object Repository/PharmacyRequest/Page_Store/input_txtqty'

2018-06-09 20:35:19 - [MESSAGE][PASSED] - Text '10' is set on object 'Object Repository/PharmacyRequest/Page_Store/input_txtqty'

2018-06-09 20:35:19 - [TEST_STEP][PASSED] - click: Object: 'Object Repository/PharmacyRequest/Page_Store/button_Add' is clicked on

2018-06-09 20:35:19 - [MESSAGE][PASSED] - Object: 'Object Repository/PharmacyRequest/Page_Store/button_Add' is clicked on

2018-06-09 20:35:19 - [TEST_STEP][PASSED] - Statement - Break: null

2018-06-09 20:35:19 - [TEST_STEP][PASSED] - selectOptionByIndex: All options with index in [13] are selected on object 'Object Repository/PharmacyRequest/Page_Store/select_--Select--Amlodepin -5'

2018-06-09 20:35:19 - [MESSAGE][PASSED] - All options with index in [13] are selected on object 'Object Repository/PharmacyRequest/Page_Store/select_--Select--Amlodepin -5'

2018-06-09 20:35:19 - [TEST_STEP][PASSED] - delay: Delayed 1 second(s)

2018-06-09 20:35:20 - [MESSAGE][PASSED] - Delayed 1 second(s)

2018-06-09 20:35:20 - [TEST_STEP][PASSED] - Statement - RequestedQty = com.kms.katalon.core.webui.keyword.WebUiBuiltInKeywords.getAttribute(com.kms.katalon.core.testobject.ObjectRepository.findTestObject(PharmacyRequest/Page_Store/input_txttotal), "value"): Attribute 'value' of object 'Object Repository/PharmacyRequest/Page_Store/input_txttotal' is: '10'

2018-06-09 20:35:20 - [MESSAGE][PASSED] - Attribute 'value' of object 'Object Repository/PharmacyRequest/Page_Store/input_txttotal' is: '10'

2018-06-09 20:35:20 - [TEST_STEP][PASSED] - Statement - out.println("Requested QTY : " + RequestedQty): null

2018-06-09 20:35:20 - [TEST_STEP][PASSED] - Statement - BatchNumber = com.kms.katalon.core.webui.keyword.WebUiBuiltInKeywords.getNumberOfTotalOption(com.kms.katalon.core.testobject.ObjectRepository.findTestObject(PharmacyRequest/Page_Store/select_--Select--BA50)): 5 options of object 'Object Repository/PharmacyRequest/Page_Store/select_--Select--BA50' counted

2018-06-09 20:35:20 - [MESSAGE][PASSED] - 5 options of object 'Object Repository/PharmacyRequest/Page_Store/select_--Select--BA50' counted

2018-06-09 20:35:20 - [TEST_STEP][PASSED] - Statement - For ([g = 1, g <= BatchNumber - 1, (g++)]): null

2018-06-09 20:35:20 - [TEST_STEP][PASSED] - selectOptionByIndex: All options with index in [1] are selected on object 'Object Repository/PharmacyRequest/Page_Store/select_--Select--BA50'

2018-06-09 20:35:21 - [MESSAGE][PASSED] - All options with index in [1] are selected on object 'Object Repository/PharmacyRequest/Page_Store/select_--Select--BA50'

2018-06-09 20:35:21 - [TEST_STEP][PASSED] - delay: Delayed 1 second(s)

2018-06-09 20:35:22 - [MESSAGE][PASSED] - Delayed 1 second(s)

2018-06-09 20:35:22 - [TEST_STEP][PASSED] - Statement - StockQty = com.kms.katalon.core.webui.keyword.WebUiBuiltInKeywords.getAttribute(com.kms.katalon.core.testobject.ObjectRepository.findTestObject(PharmacyRequest/Page_Store/input_txtprice), "value"): Attribute 'value' of object 'Object Repository/PharmacyRequest/Page_Store/input_txtprice' is: '100'

2018-06-09 20:35:22 - [MESSAGE][PASSED] - Attribute 'value' of object 'Object Repository/PharmacyRequest/Page_Store/input_txtprice' is: '100'

2018-06-09 20:35:22 - [TEST_STEP][PASSED] - Statement - out.println("Stock QTY : " + StockQty): null

2018-06-09 20:35:22 - [TEST_STEP][PASSED] - delay: Delayed 1 second(s)

2018-06-09 20:35:23 - [MESSAGE][PASSED] - Delayed 1 second(s)

2018-06-09 20:35:23 - [TEST_STEP][PASSED] - Statement - If (java.lang.Integer.valueOf(StockQty) >= java.lang.Integer.valueOf(RequestedQty)): null

2018-06-09 20:35:23 - [TEST_STEP][PASSED] - setText: Text '10' is set on object 'Object Repository/PharmacyRequest/Page_Store/input_txtqty'

2018-06-09 20:35:23 - [MESSAGE][PASSED] - Text '10' is set on object 'Object Repository/PharmacyRequest/Page_Store/input_txtqty'

2018-06-09 20:35:23 - [TEST_STEP][PASSED] - click: Object: 'Object Repository/PharmacyRequest/Page_Store/button_Add' is clicked on

2018-06-09 20:35:23 - [MESSAGE][PASSED] - Object: 'Object Repository/PharmacyRequest/Page_Store/button_Add' is clicked on

2018-06-09 20:35:23 - [TEST_STEP][PASSED] - Statement - Break: null

2018-06-09 20:35:23 - [TEST_STEP][PASSED] - scrollToElement: Scroll to object 'Object Repository/PharmacyRequest/Page_Store/input_btnSubmit' successfully

2018-06-09 20:35:23 - [MESSAGE][PASSED] - Scroll to object 'Object Repository/PharmacyRequest/Page_Store/input_btnSubmit' successfully

2018-06-09 20:35:23 - [TEST_STEP][PASSED] - click: Object: 'Object Repository/PharmacyRequest/Page_Store/input_btnSubmit' is clicked on

2018-06-09 20:35:23 - [MESSAGE][PASSED] - Object: 'Object Repository/PharmacyRequest/Page_Store/input_btnSubmit' is clicked on

2018-06-09 20:35:23 - [TEST_STEP][PASSED] - delay: Delayed 3 second(s)

2018-06-09 20:35:26 - [MESSAGE][PASSED] - Delayed 3 second(s)

2018-06-09 20:35:26 - [TEST_STEP][PASSED] - click: Object: 'Object Repository/PharmacyRequest/Page_Store/button_OK' is clicked on

2018-06-09 20:35:27 - [MESSAGE][PASSED] - Object: 'Object Repository/PharmacyRequest/Page_Store/button_OK' is clicked on

2018-06-09 20:35:27 - [TEST_STEP][PASSED] - delay: Delayed 3 second(s)

2018-06-09 20:35:30 - [MESSAGE][PASSED] - Delayed 3 second(s)

2018-06-09 20:35:30 - [TEST_STEP][PASSED] - click: Object: 'Object Repository/PharmacyRequest/Page_Store/a_dropdown-toggle' is clicked on

2018-06-09 20:35:30 - [MESSAGE][PASSED] - Object: 'Object Repository/PharmacyRequest/Page_Store/a_dropdown-toggle' is clicked on

2018-06-09 20:35:30 - [TEST_STEP][PASSED] - click: Object: 'Object Repository/PharmacyRequest/Page_Store/a_Sign out' is clicked on

2018-06-09 20:35:30 - [MESSAGE][PASSED] - Object: 'Object Repository/PharmacyRequest/Page_Store/a_Sign out' is clicked on

2018-06-09 20:35:30 - [TEST_STEP][PASSED] - closeBrowser: Browser is closed

2018-06-09 20:35:31 - [MESSAGE][PASSED] - Browser is closed

2018-06-09 20:35:31 - [TEST_STEP][PASSED] - Statement - out.println("Schedule 6 Pharmacy Request Are Working Successfully"): null]]></system-out>
         <system-err><![CDATA[]]></system-err>
      </testcase>
      <testcase name="Test Cases/PHARMACY TEST CASES/TC_PHAR_007 Verify Schedule 7 Pharmacy Request Are Working Successfully Or Not" classname="Test Cases/PHARMACY TEST CASES/TC_PHAR_007 Verify Schedule 7 Pharmacy Request Are Working Successfully Or Not" status="PASSED">
         <system-out><![CDATA[2018-06-09 20:35:31 - [TEST_CASE][PASSED] - Test Cases/PHARMACY TEST CASES/TC_PHAR_007 Verify Schedule 7 Pharmacy Request Are Working Successfully Or Not: Test Cases/PHARMACY TEST CASES/TC_PHAR_007 Verify Schedule 7 Pharmacy Request Are Working Successfully Or Not

2018-06-09 20:35:31 - [TEST_STEP][PASSED] - openBrowser: Browser is opened with url: ''

2018-06-09 20:35:33 - [MESSAGE][PASSED] - Browser is opened with url: ''

2018-06-09 20:35:33 - [TEST_STEP][PASSED] - Statement - out.println("Verify Schedule 7 Pharmacy Request Are Working Successfully Or Not"): null

2018-06-09 20:35:33 - [TEST_STEP][PASSED] - navigateToUrl: Navigate to 'http://192.168.137.1/multihospital_new/' successfully

2018-06-09 20:35:35 - [MESSAGE][PASSED] - Navigate to 'http://192.168.137.1/multihospital_new/' successfully

2018-06-09 20:35:35 - [TEST_STEP][PASSED] - maximizeWindow: Current window maximized

2018-06-09 20:35:36 - [MESSAGE][PASSED] - Current window maximized

2018-06-09 20:35:36 - [TEST_STEP][PASSED] - click: Object: 'Object Repository/PharmacyRequest/Page_KDMC/a_Pharmacy' is clicked on

2018-06-09 20:35:36 - [MESSAGE][PASSED] - Object: 'Object Repository/PharmacyRequest/Page_KDMC/a_Pharmacy' is clicked on

2018-06-09 20:35:36 - [TEST_STEP][PASSED] - setText: Text 'raja' is set on object 'Object Repository/PharmacyRequest/Page_Pharmacy login/input_txtusername'

2018-06-09 20:35:37 - [MESSAGE][PASSED] - Text 'raja' is set on object 'Object Repository/PharmacyRequest/Page_Pharmacy login/input_txtusername'

2018-06-09 20:35:37 - [TEST_STEP][PASSED] - setText: Text '123' is set on object 'Object Repository/PharmacyRequest/Page_Pharmacy login/input_txtpassword'

2018-06-09 20:35:37 - [MESSAGE][PASSED] - Text '123' is set on object 'Object Repository/PharmacyRequest/Page_Pharmacy login/input_txtpassword'

2018-06-09 20:35:37 - [TEST_STEP][PASSED] - delay: Delayed 3 second(s)

2018-06-09 20:35:40 - [MESSAGE][PASSED] - Delayed 3 second(s)

2018-06-09 20:35:40 - [TEST_STEP][PASSED] - click: Object: 'Object Repository/PharmacyRequest/Page_Pharmacy login/button_Sign in' is clicked on

2018-06-09 20:35:40 - [MESSAGE][PASSED] - Object: 'Object Repository/PharmacyRequest/Page_Pharmacy login/button_Sign in' is clicked on

2018-06-09 20:35:40 - [TEST_STEP][PASSED] - delay: Delayed 3 second(s)

2018-06-09 20:35:43 - [MESSAGE][PASSED] - Delayed 3 second(s)

2018-06-09 20:35:43 - [TEST_STEP][PASSED] - click: Object: 'Object Repository/PharmacyRequest/Page_KDMC - Pharmacy/a_Inventory' is clicked on

2018-06-09 20:35:45 - [MESSAGE][PASSED] - Object: 'Object Repository/PharmacyRequest/Page_KDMC - Pharmacy/a_Inventory' is clicked on

2018-06-09 20:35:45 - [TEST_STEP][PASSED] - delay: Delayed 3 second(s)

2018-06-09 20:35:48 - [MESSAGE][PASSED] - Delayed 3 second(s)

2018-06-09 20:35:48 - [TEST_STEP][PASSED] - click: Object: 'Object Repository/PharmacyRequest/Page_KDMC-Pharmacy/a_Store Request' is clicked on

2018-06-09 20:35:48 - [MESSAGE][PASSED] - Object: 'Object Repository/PharmacyRequest/Page_KDMC-Pharmacy/a_Store Request' is clicked on

2018-06-09 20:35:48 - [TEST_STEP][PASSED] - click: Object: 'Object Repository/PharmacyRequest/Page_KDMC-Pharmacy/a_Medicine Request' is clicked on

2018-06-09 20:35:49 - [MESSAGE][PASSED] - Object: 'Object Repository/PharmacyRequest/Page_KDMC-Pharmacy/a_Medicine Request' is clicked on

2018-06-09 20:35:49 - [TEST_STEP][PASSED] - selectOptionByIndex: All options with index in [7] are selected on object 'Object Repository/PharmacyRequest/Page_KDMC-Pharmacy/select_--Select--Schedule 1Inj'

2018-06-09 20:35:49 - [MESSAGE][PASSED] - All options with index in [7] are selected on object 'Object Repository/PharmacyRequest/Page_KDMC-Pharmacy/select_--Select--Schedule 1Inj'

2018-06-09 20:35:49 - [TEST_STEP][PASSED] - Statement - MedicineLength = com.kms.katalon.core.webui.keyword.WebUiBuiltInKeywords.getNumberOfTotalOption(com.kms.katalon.core.testobject.ObjectRepository.findTestObject(PharmacyRequest/Page_KDMC-Pharmacy/select_--Select--Albendazole)): 24 options of object 'Object Repository/PharmacyRequest/Page_KDMC-Pharmacy/select_--Select--Albendazole' counted

2018-06-09 20:35:49 - [MESSAGE][PASSED] - 24 options of object 'Object Repository/PharmacyRequest/Page_KDMC-Pharmacy/select_--Select--Albendazole' counted

2018-06-09 20:35:49 - [TEST_STEP][PASSED] - Statement - For ([l = 1, l <= MedicineLength - 1, (l++)]): Object: 'Object Repository/PharmacyRequest/Page_KDMC-Pharmacy/button_Add' is clicked on

2018-06-09 20:35:49 - [TEST_STEP][PASSED] - selectOptionByIndex: All options with index in [7] are selected on object 'Object Repository/PharmacyRequest/Page_KDMC-Pharmacy/select_--Select--Schedule 1Inj'

2018-06-09 20:35:49 - [MESSAGE][PASSED] - All options with index in [7] are selected on object 'Object Repository/PharmacyRequest/Page_KDMC-Pharmacy/select_--Select--Schedule 1Inj'

2018-06-09 20:35:49 - [TEST_STEP][PASSED] - selectOptionByIndex: All options with index in [1] are selected on object 'Object Repository/PharmacyRequest/Page_KDMC-Pharmacy/select_--Select--Albendazole'

2018-06-09 20:35:50 - [MESSAGE][PASSED] - All options with index in [1] are selected on object 'Object Repository/PharmacyRequest/Page_KDMC-Pharmacy/select_--Select--Albendazole'

2018-06-09 20:35:50 - [TEST_STEP][PASSED] - setText: Text '10' is set on object 'Object Repository/PharmacyRequest/Page_KDMC-Pharmacy/input_txttreat'

2018-06-09 20:35:50 - [MESSAGE][PASSED] - Text '10' is set on object 'Object Repository/PharmacyRequest/Page_KDMC-Pharmacy/input_txttreat'

2018-06-09 20:35:50 - [TEST_STEP][PASSED] - click: Object: 'Object Repository/PharmacyRequest/Page_KDMC-Pharmacy/button_Add' is clicked on

2018-06-09 20:35:50 - [MESSAGE][PASSED] - Object: 'Object Repository/PharmacyRequest/Page_KDMC-Pharmacy/button_Add' is clicked on

2018-06-09 20:35:50 - [TEST_STEP][PASSED] - selectOptionByIndex: All options with index in [7] are selected on object 'Object Repository/PharmacyRequest/Page_KDMC-Pharmacy/select_--Select--Schedule 1Inj'

2018-06-09 20:35:50 - [MESSAGE][PASSED] - All options with index in [7] are selected on object 'Object Repository/PharmacyRequest/Page_KDMC-Pharmacy/select_--Select--Schedule 1Inj'

2018-06-09 20:35:50 - [TEST_STEP][PASSED] - selectOptionByIndex: All options with index in [2] are selected on object 'Object Repository/PharmacyRequest/Page_KDMC-Pharmacy/select_--Select--Albendazole'

2018-06-09 20:35:50 - [MESSAGE][PASSED] - All options with index in [2] are selected on object 'Object Repository/PharmacyRequest/Page_KDMC-Pharmacy/select_--Select--Albendazole'

2018-06-09 20:35:50 - [TEST_STEP][PASSED] - setText: Text '10' is set on object 'Object Repository/PharmacyRequest/Page_KDMC-Pharmacy/input_txttreat'

2018-06-09 20:35:50 - [MESSAGE][PASSED] - Text '10' is set on object 'Object Repository/PharmacyRequest/Page_KDMC-Pharmacy/input_txttreat'

2018-06-09 20:35:50 - [TEST_STEP][PASSED] - click: Object: 'Object Repository/PharmacyRequest/Page_KDMC-Pharmacy/button_Add' is clicked on

2018-06-09 20:35:50 - [MESSAGE][PASSED] - Object: 'Object Repository/PharmacyRequest/Page_KDMC-Pharmacy/button_Add' is clicked on

2018-06-09 20:35:50 - [TEST_STEP][PASSED] - selectOptionByIndex: All options with index in [7] are selected on object 'Object Repository/PharmacyRequest/Page_KDMC-Pharmacy/select_--Select--Schedule 1Inj'

2018-06-09 20:35:50 - [MESSAGE][PASSED] - All options with index in [7] are selected on object 'Object Repository/PharmacyRequest/Page_KDMC-Pharmacy/select_--Select--Schedule 1Inj'

2018-06-09 20:35:50 - [TEST_STEP][PASSED] - selectOptionByIndex: All options with index in [3] are selected on object 'Object Repository/PharmacyRequest/Page_KDMC-Pharmacy/select_--Select--Albendazole'

2018-06-09 20:35:51 - [MESSAGE][PASSED] - All options with index in [3] are selected on object 'Object Repository/PharmacyRequest/Page_KDMC-Pharmacy/select_--Select--Albendazole'

2018-06-09 20:35:51 - [TEST_STEP][PASSED] - setText: Text '10' is set on object 'Object Repository/PharmacyRequest/Page_KDMC-Pharmacy/input_txttreat'

2018-06-09 20:35:51 - [MESSAGE][PASSED] - Text '10' is set on object 'Object Repository/PharmacyRequest/Page_KDMC-Pharmacy/input_txttreat'

2018-06-09 20:35:51 - [TEST_STEP][PASSED] - click: Object: 'Object Repository/PharmacyRequest/Page_KDMC-Pharmacy/button_Add' is clicked on

2018-06-09 20:35:51 - [MESSAGE][PASSED] - Object: 'Object Repository/PharmacyRequest/Page_KDMC-Pharmacy/button_Add' is clicked on

2018-06-09 20:35:51 - [TEST_STEP][PASSED] - selectOptionByIndex: All options with index in [7] are selected on object 'Object Repository/PharmacyRequest/Page_KDMC-Pharmacy/select_--Select--Schedule 1Inj'

2018-06-09 20:35:51 - [MESSAGE][PASSED] - All options with index in [7] are selected on object 'Object Repository/PharmacyRequest/Page_KDMC-Pharmacy/select_--Select--Schedule 1Inj'

2018-06-09 20:35:51 - [TEST_STEP][PASSED] - selectOptionByIndex: All options with index in [4] are selected on object 'Object Repository/PharmacyRequest/Page_KDMC-Pharmacy/select_--Select--Albendazole'

2018-06-09 20:35:51 - [MESSAGE][PASSED] - All options with index in [4] are selected on object 'Object Repository/PharmacyRequest/Page_KDMC-Pharmacy/select_--Select--Albendazole'

2018-06-09 20:35:51 - [TEST_STEP][PASSED] - setText: Text '10' is set on object 'Object Repository/PharmacyRequest/Page_KDMC-Pharmacy/input_txttreat'

2018-06-09 20:35:51 - [MESSAGE][PASSED] - Text '10' is set on object 'Object Repository/PharmacyRequest/Page_KDMC-Pharmacy/input_txttreat'

2018-06-09 20:35:51 - [TEST_STEP][PASSED] - click: Object: 'Object Repository/PharmacyRequest/Page_KDMC-Pharmacy/button_Add' is clicked on

2018-06-09 20:35:51 - [MESSAGE][PASSED] - Object: 'Object Repository/PharmacyRequest/Page_KDMC-Pharmacy/button_Add' is clicked on

2018-06-09 20:35:51 - [TEST_STEP][PASSED] - selectOptionByIndex: All options with index in [7] are selected on object 'Object Repository/PharmacyRequest/Page_KDMC-Pharmacy/select_--Select--Schedule 1Inj'

2018-06-09 20:35:51 - [MESSAGE][PASSED] - All options with index in [7] are selected on object 'Object Repository/PharmacyRequest/Page_KDMC-Pharmacy/select_--Select--Schedule 1Inj'

2018-06-09 20:35:51 - [TEST_STEP][PASSED] - selectOptionByIndex: All options with index in [5] are selected on object 'Object Repository/PharmacyRequest/Page_KDMC-Pharmacy/select_--Select--Albendazole'

2018-06-09 20:35:51 - [MESSAGE][PASSED] - All options with index in [5] are selected on object 'Object Repository/PharmacyRequest/Page_KDMC-Pharmacy/select_--Select--Albendazole'

2018-06-09 20:35:51 - [TEST_STEP][PASSED] - setText: Text '10' is set on object 'Object Repository/PharmacyRequest/Page_KDMC-Pharmacy/input_txttreat'

2018-06-09 20:35:52 - [MESSAGE][PASSED] - Text '10' is set on object 'Object Repository/PharmacyRequest/Page_KDMC-Pharmacy/input_txttreat'

2018-06-09 20:35:52 - [TEST_STEP][PASSED] - click: Object: 'Object Repository/PharmacyRequest/Page_KDMC-Pharmacy/button_Add' is clicked on

2018-06-09 20:35:52 - [MESSAGE][PASSED] - Object: 'Object Repository/PharmacyRequest/Page_KDMC-Pharmacy/button_Add' is clicked on

2018-06-09 20:35:52 - [TEST_STEP][PASSED] - selectOptionByIndex: All options with index in [7] are selected on object 'Object Repository/PharmacyRequest/Page_KDMC-Pharmacy/select_--Select--Schedule 1Inj'

2018-06-09 20:35:52 - [MESSAGE][PASSED] - All options with index in [7] are selected on object 'Object Repository/PharmacyRequest/Page_KDMC-Pharmacy/select_--Select--Schedule 1Inj'

2018-06-09 20:35:52 - [TEST_STEP][PASSED] - selectOptionByIndex: All options with index in [6] are selected on object 'Object Repository/PharmacyRequest/Page_KDMC-Pharmacy/select_--Select--Albendazole'

2018-06-09 20:35:52 - [MESSAGE][PASSED] - All options with index in [6] are selected on object 'Object Repository/PharmacyRequest/Page_KDMC-Pharmacy/select_--Select--Albendazole'

2018-06-09 20:35:52 - [TEST_STEP][PASSED] - setText: Text '10' is set on object 'Object Repository/PharmacyRequest/Page_KDMC-Pharmacy/input_txttreat'

2018-06-09 20:35:52 - [MESSAGE][PASSED] - Text '10' is set on object 'Object Repository/PharmacyRequest/Page_KDMC-Pharmacy/input_txttreat'

2018-06-09 20:35:52 - [TEST_STEP][PASSED] - click: Object: 'Object Repository/PharmacyRequest/Page_KDMC-Pharmacy/button_Add' is clicked on

2018-06-09 20:35:52 - [MESSAGE][PASSED] - Object: 'Object Repository/PharmacyRequest/Page_KDMC-Pharmacy/button_Add' is clicked on

2018-06-09 20:35:52 - [TEST_STEP][PASSED] - selectOptionByIndex: All options with index in [7] are selected on object 'Object Repository/PharmacyRequest/Page_KDMC-Pharmacy/select_--Select--Schedule 1Inj'

2018-06-09 20:35:52 - [MESSAGE][PASSED] - All options with index in [7] are selected on object 'Object Repository/PharmacyRequest/Page_KDMC-Pharmacy/select_--Select--Schedule 1Inj'

2018-06-09 20:35:52 - [TEST_STEP][PASSED] - selectOptionByIndex: All options with index in [7] are selected on object 'Object Repository/PharmacyRequest/Page_KDMC-Pharmacy/select_--Select--Albendazole'

2018-06-09 20:35:52 - [MESSAGE][PASSED] - All options with index in [7] are selected on object 'Object Repository/PharmacyRequest/Page_KDMC-Pharmacy/select_--Select--Albendazole'

2018-06-09 20:35:52 - [TEST_STEP][PASSED] - setText: Text '10' is set on object 'Object Repository/PharmacyRequest/Page_KDMC-Pharmacy/input_txttreat'

2018-06-09 20:35:52 - [MESSAGE][PASSED] - Text '10' is set on object 'Object Repository/PharmacyRequest/Page_KDMC-Pharmacy/input_txttreat'

2018-06-09 20:35:52 - [TEST_STEP][PASSED] - click: Object: 'Object Repository/PharmacyRequest/Page_KDMC-Pharmacy/button_Add' is clicked on

2018-06-09 20:35:52 - [MESSAGE][PASSED] - Object: 'Object Repository/PharmacyRequest/Page_KDMC-Pharmacy/button_Add' is clicked on

2018-06-09 20:35:52 - [TEST_STEP][PASSED] - selectOptionByIndex: All options with index in [7] are selected on object 'Object Repository/PharmacyRequest/Page_KDMC-Pharmacy/select_--Select--Schedule 1Inj'

2018-06-09 20:35:53 - [MESSAGE][PASSED] - All options with index in [7] are selected on object 'Object Repository/PharmacyRequest/Page_KDMC-Pharmacy/select_--Select--Schedule 1Inj'

2018-06-09 20:35:53 - [TEST_STEP][PASSED] - selectOptionByIndex: All options with index in [8] are selected on object 'Object Repository/PharmacyRequest/Page_KDMC-Pharmacy/select_--Select--Albendazole'

2018-06-09 20:35:53 - [MESSAGE][PASSED] - All options with index in [8] are selected on object 'Object Repository/PharmacyRequest/Page_KDMC-Pharmacy/select_--Select--Albendazole'

2018-06-09 20:35:53 - [TEST_STEP][PASSED] - setText: Text '10' is set on object 'Object Repository/PharmacyRequest/Page_KDMC-Pharmacy/input_txttreat'

2018-06-09 20:35:53 - [MESSAGE][PASSED] - Text '10' is set on object 'Object Repository/PharmacyRequest/Page_KDMC-Pharmacy/input_txttreat'

2018-06-09 20:35:53 - [TEST_STEP][PASSED] - click: Object: 'Object Repository/PharmacyRequest/Page_KDMC-Pharmacy/button_Add' is clicked on

2018-06-09 20:35:53 - [MESSAGE][PASSED] - Object: 'Object Repository/PharmacyRequest/Page_KDMC-Pharmacy/button_Add' is clicked on

2018-06-09 20:35:53 - [TEST_STEP][PASSED] - selectOptionByIndex: All options with index in [7] are selected on object 'Object Repository/PharmacyRequest/Page_KDMC-Pharmacy/select_--Select--Schedule 1Inj'

2018-06-09 20:35:53 - [MESSAGE][PASSED] - All options with index in [7] are selected on object 'Object Repository/PharmacyRequest/Page_KDMC-Pharmacy/select_--Select--Schedule 1Inj'

2018-06-09 20:35:53 - [TEST_STEP][PASSED] - selectOptionByIndex: All options with index in [9] are selected on object 'Object Repository/PharmacyRequest/Page_KDMC-Pharmacy/select_--Select--Albendazole'

2018-06-09 20:35:53 - [MESSAGE][PASSED] - All options with index in [9] are selected on object 'Object Repository/PharmacyRequest/Page_KDMC-Pharmacy/select_--Select--Albendazole'

2018-06-09 20:35:53 - [TEST_STEP][PASSED] - setText: Text '10' is set on object 'Object Repository/PharmacyRequest/Page_KDMC-Pharmacy/input_txttreat'

2018-06-09 20:35:53 - [MESSAGE][PASSED] - Text '10' is set on object 'Object Repository/PharmacyRequest/Page_KDMC-Pharmacy/input_txttreat'

2018-06-09 20:35:53 - [TEST_STEP][PASSED] - click: Object: 'Object Repository/PharmacyRequest/Page_KDMC-Pharmacy/button_Add' is clicked on

2018-06-09 20:35:53 - [MESSAGE][PASSED] - Object: 'Object Repository/PharmacyRequest/Page_KDMC-Pharmacy/button_Add' is clicked on

2018-06-09 20:35:53 - [TEST_STEP][PASSED] - selectOptionByIndex: All options with index in [7] are selected on object 'Object Repository/PharmacyRequest/Page_KDMC-Pharmacy/select_--Select--Schedule 1Inj'

2018-06-09 20:35:54 - [MESSAGE][PASSED] - All options with index in [7] are selected on object 'Object Repository/PharmacyRequest/Page_KDMC-Pharmacy/select_--Select--Schedule 1Inj'

2018-06-09 20:35:54 - [TEST_STEP][PASSED] - selectOptionByIndex: All options with index in [10] are selected on object 'Object Repository/PharmacyRequest/Page_KDMC-Pharmacy/select_--Select--Albendazole'

2018-06-09 20:35:54 - [MESSAGE][PASSED] - All options with index in [10] are selected on object 'Object Repository/PharmacyRequest/Page_KDMC-Pharmacy/select_--Select--Albendazole'

2018-06-09 20:35:54 - [TEST_STEP][PASSED] - setText: Text '10' is set on object 'Object Repository/PharmacyRequest/Page_KDMC-Pharmacy/input_txttreat'

2018-06-09 20:35:54 - [MESSAGE][PASSED] - Text '10' is set on object 'Object Repository/PharmacyRequest/Page_KDMC-Pharmacy/input_txttreat'

2018-06-09 20:35:54 - [TEST_STEP][PASSED] - click: Object: 'Object Repository/PharmacyRequest/Page_KDMC-Pharmacy/button_Add' is clicked on

2018-06-09 20:35:54 - [MESSAGE][PASSED] - Object: 'Object Repository/PharmacyRequest/Page_KDMC-Pharmacy/button_Add' is clicked on

2018-06-09 20:35:54 - [TEST_STEP][PASSED] - selectOptionByIndex: All options with index in [7] are selected on object 'Object Repository/PharmacyRequest/Page_KDMC-Pharmacy/select_--Select--Schedule 1Inj'

2018-06-09 20:35:54 - [MESSAGE][PASSED] - All options with index in [7] are selected on object 'Object Repository/PharmacyRequest/Page_KDMC-Pharmacy/select_--Select--Schedule 1Inj'

2018-06-09 20:35:54 - [TEST_STEP][PASSED] - selectOptionByIndex: All options with index in [11] are selected on object 'Object Repository/PharmacyRequest/Page_KDMC-Pharmacy/select_--Select--Albendazole'

2018-06-09 20:35:54 - [MESSAGE][PASSED] - All options with index in [11] are selected on object 'Object Repository/PharmacyRequest/Page_KDMC-Pharmacy/select_--Select--Albendazole'

2018-06-09 20:35:54 - [TEST_STEP][PASSED] - setText: Text '10' is set on object 'Object Repository/PharmacyRequest/Page_KDMC-Pharmacy/input_txttreat'

2018-06-09 20:35:54 - [MESSAGE][PASSED] - Text '10' is set on object 'Object Repository/PharmacyRequest/Page_KDMC-Pharmacy/input_txttreat'

2018-06-09 20:35:54 - [TEST_STEP][PASSED] - click: Object: 'Object Repository/PharmacyRequest/Page_KDMC-Pharmacy/button_Add' is clicked on

2018-06-09 20:35:54 - [MESSAGE][PASSED] - Object: 'Object Repository/PharmacyRequest/Page_KDMC-Pharmacy/button_Add' is clicked on

2018-06-09 20:35:54 - [TEST_STEP][PASSED] - selectOptionByIndex: All options with index in [7] are selected on object 'Object Repository/PharmacyRequest/Page_KDMC-Pharmacy/select_--Select--Schedule 1Inj'

2018-06-09 20:35:55 - [MESSAGE][PASSED] - All options with index in [7] are selected on object 'Object Repository/PharmacyRequest/Page_KDMC-Pharmacy/select_--Select--Schedule 1Inj'

2018-06-09 20:35:55 - [TEST_STEP][PASSED] - selectOptionByIndex: All options with index in [12] are selected on object 'Object Repository/PharmacyRequest/Page_KDMC-Pharmacy/select_--Select--Albendazole'

2018-06-09 20:35:55 - [MESSAGE][PASSED] - All options with index in [12] are selected on object 'Object Repository/PharmacyRequest/Page_KDMC-Pharmacy/select_--Select--Albendazole'

2018-06-09 20:35:55 - [TEST_STEP][PASSED] - setText: Text '10' is set on object 'Object Repository/PharmacyRequest/Page_KDMC-Pharmacy/input_txttreat'

2018-06-09 20:35:55 - [MESSAGE][PASSED] - Text '10' is set on object 'Object Repository/PharmacyRequest/Page_KDMC-Pharmacy/input_txttreat'

2018-06-09 20:35:55 - [TEST_STEP][PASSED] - click: Object: 'Object Repository/PharmacyRequest/Page_KDMC-Pharmacy/button_Add' is clicked on

2018-06-09 20:35:55 - [MESSAGE][PASSED] - Object: 'Object Repository/PharmacyRequest/Page_KDMC-Pharmacy/button_Add' is clicked on

2018-06-09 20:35:55 - [TEST_STEP][PASSED] - selectOptionByIndex: All options with index in [7] are selected on object 'Object Repository/PharmacyRequest/Page_KDMC-Pharmacy/select_--Select--Schedule 1Inj'

2018-06-09 20:35:55 - [MESSAGE][PASSED] - All options with index in [7] are selected on object 'Object Repository/PharmacyRequest/Page_KDMC-Pharmacy/select_--Select--Schedule 1Inj'

2018-06-09 20:35:55 - [TEST_STEP][PASSED] - selectOptionByIndex: All options with index in [13] are selected on object 'Object Repository/PharmacyRequest/Page_KDMC-Pharmacy/select_--Select--Albendazole'

2018-06-09 20:35:55 - [MESSAGE][PASSED] - All options with index in [13] are selected on object 'Object Repository/PharmacyRequest/Page_KDMC-Pharmacy/select_--Select--Albendazole'

2018-06-09 20:35:55 - [TEST_STEP][PASSED] - setText: Text '10' is set on object 'Object Repository/PharmacyRequest/Page_KDMC-Pharmacy/input_txttreat'

2018-06-09 20:35:55 - [MESSAGE][PASSED] - Text '10' is set on object 'Object Repository/PharmacyRequest/Page_KDMC-Pharmacy/input_txttreat'

2018-06-09 20:35:55 - [TEST_STEP][PASSED] - click: Object: 'Object Repository/PharmacyRequest/Page_KDMC-Pharmacy/button_Add' is clicked on

2018-06-09 20:35:55 - [MESSAGE][PASSED] - Object: 'Object Repository/PharmacyRequest/Page_KDMC-Pharmacy/button_Add' is clicked on

2018-06-09 20:35:55 - [TEST_STEP][PASSED] - selectOptionByIndex: All options with index in [7] are selected on object 'Object Repository/PharmacyRequest/Page_KDMC-Pharmacy/select_--Select--Schedule 1Inj'

2018-06-09 20:35:55 - [MESSAGE][PASSED] - All options with index in [7] are selected on object 'Object Repository/PharmacyRequest/Page_KDMC-Pharmacy/select_--Select--Schedule 1Inj'

2018-06-09 20:35:55 - [TEST_STEP][PASSED] - selectOptionByIndex: All options with index in [14] are selected on object 'Object Repository/PharmacyRequest/Page_KDMC-Pharmacy/select_--Select--Albendazole'

2018-06-09 20:35:56 - [MESSAGE][PASSED] - All options with index in [14] are selected on object 'Object Repository/PharmacyRequest/Page_KDMC-Pharmacy/select_--Select--Albendazole'

2018-06-09 20:35:56 - [TEST_STEP][PASSED] - setText: Text '10' is set on object 'Object Repository/PharmacyRequest/Page_KDMC-Pharmacy/input_txttreat'

2018-06-09 20:35:56 - [MESSAGE][PASSED] - Text '10' is set on object 'Object Repository/PharmacyRequest/Page_KDMC-Pharmacy/input_txttreat'

2018-06-09 20:35:56 - [TEST_STEP][PASSED] - click: Object: 'Object Repository/PharmacyRequest/Page_KDMC-Pharmacy/button_Add' is clicked on

2018-06-09 20:35:56 - [MESSAGE][PASSED] - Object: 'Object Repository/PharmacyRequest/Page_KDMC-Pharmacy/button_Add' is clicked on

2018-06-09 20:35:56 - [TEST_STEP][PASSED] - selectOptionByIndex: All options with index in [7] are selected on object 'Object Repository/PharmacyRequest/Page_KDMC-Pharmacy/select_--Select--Schedule 1Inj'

2018-06-09 20:35:56 - [MESSAGE][PASSED] - All options with index in [7] are selected on object 'Object Repository/PharmacyRequest/Page_KDMC-Pharmacy/select_--Select--Schedule 1Inj'

2018-06-09 20:35:56 - [TEST_STEP][PASSED] - selectOptionByIndex: All options with index in [15] are selected on object 'Object Repository/PharmacyRequest/Page_KDMC-Pharmacy/select_--Select--Albendazole'

2018-06-09 20:35:56 - [MESSAGE][PASSED] - All options with index in [15] are selected on object 'Object Repository/PharmacyRequest/Page_KDMC-Pharmacy/select_--Select--Albendazole'

2018-06-09 20:35:56 - [TEST_STEP][PASSED] - setText: Text '10' is set on object 'Object Repository/PharmacyRequest/Page_KDMC-Pharmacy/input_txttreat'

2018-06-09 20:35:56 - [MESSAGE][PASSED] - Text '10' is set on object 'Object Repository/PharmacyRequest/Page_KDMC-Pharmacy/input_txttreat'

2018-06-09 20:35:56 - [TEST_STEP][PASSED] - click: Object: 'Object Repository/PharmacyRequest/Page_KDMC-Pharmacy/button_Add' is clicked on

2018-06-09 20:35:56 - [MESSAGE][PASSED] - Object: 'Object Repository/PharmacyRequest/Page_KDMC-Pharmacy/button_Add' is clicked on

2018-06-09 20:35:56 - [TEST_STEP][PASSED] - selectOptionByIndex: All options with index in [7] are selected on object 'Object Repository/PharmacyRequest/Page_KDMC-Pharmacy/select_--Select--Schedule 1Inj'

2018-06-09 20:35:56 - [MESSAGE][PASSED] - All options with index in [7] are selected on object 'Object Repository/PharmacyRequest/Page_KDMC-Pharmacy/select_--Select--Schedule 1Inj'

2018-06-09 20:35:56 - [TEST_STEP][PASSED] - selectOptionByIndex: All options with index in [16] are selected on object 'Object Repository/PharmacyRequest/Page_KDMC-Pharmacy/select_--Select--Albendazole'

2018-06-09 20:35:57 - [MESSAGE][PASSED] - All options with index in [16] are selected on object 'Object Repository/PharmacyRequest/Page_KDMC-Pharmacy/select_--Select--Albendazole'

2018-06-09 20:35:57 - [TEST_STEP][PASSED] - setText: Text '10' is set on object 'Object Repository/PharmacyRequest/Page_KDMC-Pharmacy/input_txttreat'

2018-06-09 20:35:57 - [MESSAGE][PASSED] - Text '10' is set on object 'Object Repository/PharmacyRequest/Page_KDMC-Pharmacy/input_txttreat'

2018-06-09 20:35:57 - [TEST_STEP][PASSED] - click: Object: 'Object Repository/PharmacyRequest/Page_KDMC-Pharmacy/button_Add' is clicked on

2018-06-09 20:35:57 - [MESSAGE][PASSED] - Object: 'Object Repository/PharmacyRequest/Page_KDMC-Pharmacy/button_Add' is clicked on

2018-06-09 20:35:57 - [TEST_STEP][PASSED] - selectOptionByIndex: All options with index in [7] are selected on object 'Object Repository/PharmacyRequest/Page_KDMC-Pharmacy/select_--Select--Schedule 1Inj'

2018-06-09 20:35:57 - [MESSAGE][PASSED] - All options with index in [7] are selected on object 'Object Repository/PharmacyRequest/Page_KDMC-Pharmacy/select_--Select--Schedule 1Inj'

2018-06-09 20:35:57 - [TEST_STEP][PASSED] - selectOptionByIndex: All options with index in [17] are selected on object 'Object Repository/PharmacyRequest/Page_KDMC-Pharmacy/select_--Select--Albendazole'

2018-06-09 20:35:57 - [MESSAGE][PASSED] - All options with index in [17] are selected on object 'Object Repository/PharmacyRequest/Page_KDMC-Pharmacy/select_--Select--Albendazole'

2018-06-09 20:35:57 - [TEST_STEP][PASSED] - setText: Text '10' is set on object 'Object Repository/PharmacyRequest/Page_KDMC-Pharmacy/input_txttreat'

2018-06-09 20:35:57 - [MESSAGE][PASSED] - Text '10' is set on object 'Object Repository/PharmacyRequest/Page_KDMC-Pharmacy/input_txttreat'

2018-06-09 20:35:57 - [TEST_STEP][PASSED] - click: Object: 'Object Repository/PharmacyRequest/Page_KDMC-Pharmacy/button_Add' is clicked on

2018-06-09 20:35:57 - [MESSAGE][PASSED] - Object: 'Object Repository/PharmacyRequest/Page_KDMC-Pharmacy/button_Add' is clicked on

2018-06-09 20:35:57 - [TEST_STEP][PASSED] - selectOptionByIndex: All options with index in [7] are selected on object 'Object Repository/PharmacyRequest/Page_KDMC-Pharmacy/select_--Select--Schedule 1Inj'

2018-06-09 20:35:58 - [MESSAGE][PASSED] - All options with index in [7] are selected on object 'Object Repository/PharmacyRequest/Page_KDMC-Pharmacy/select_--Select--Schedule 1Inj'

2018-06-09 20:35:58 - [TEST_STEP][PASSED] - selectOptionByIndex: All options with index in [18] are selected on object 'Object Repository/PharmacyRequest/Page_KDMC-Pharmacy/select_--Select--Albendazole'

2018-06-09 20:35:58 - [MESSAGE][PASSED] - All options with index in [18] are selected on object 'Object Repository/PharmacyRequest/Page_KDMC-Pharmacy/select_--Select--Albendazole'

2018-06-09 20:35:58 - [TEST_STEP][PASSED] - setText: Text '10' is set on object 'Object Repository/PharmacyRequest/Page_KDMC-Pharmacy/input_txttreat'

2018-06-09 20:35:58 - [MESSAGE][PASSED] - Text '10' is set on object 'Object Repository/PharmacyRequest/Page_KDMC-Pharmacy/input_txttreat'

2018-06-09 20:35:58 - [TEST_STEP][PASSED] - click: Object: 'Object Repository/PharmacyRequest/Page_KDMC-Pharmacy/button_Add' is clicked on

2018-06-09 20:35:58 - [MESSAGE][PASSED] - Object: 'Object Repository/PharmacyRequest/Page_KDMC-Pharmacy/button_Add' is clicked on

2018-06-09 20:35:58 - [TEST_STEP][PASSED] - selectOptionByIndex: All options with index in [7] are selected on object 'Object Repository/PharmacyRequest/Page_KDMC-Pharmacy/select_--Select--Schedule 1Inj'

2018-06-09 20:35:58 - [MESSAGE][PASSED] - All options with index in [7] are selected on object 'Object Repository/PharmacyRequest/Page_KDMC-Pharmacy/select_--Select--Schedule 1Inj'

2018-06-09 20:35:58 - [TEST_STEP][PASSED] - selectOptionByIndex: All options with index in [19] are selected on object 'Object Repository/PharmacyRequest/Page_KDMC-Pharmacy/select_--Select--Albendazole'

2018-06-09 20:35:58 - [MESSAGE][PASSED] - All options with index in [19] are selected on object 'Object Repository/PharmacyRequest/Page_KDMC-Pharmacy/select_--Select--Albendazole'

2018-06-09 20:35:58 - [TEST_STEP][PASSED] - setText: Text '10' is set on object 'Object Repository/PharmacyRequest/Page_KDMC-Pharmacy/input_txttreat'

2018-06-09 20:35:58 - [MESSAGE][PASSED] - Text '10' is set on object 'Object Repository/PharmacyRequest/Page_KDMC-Pharmacy/input_txttreat'

2018-06-09 20:35:58 - [TEST_STEP][PASSED] - click: Object: 'Object Repository/PharmacyRequest/Page_KDMC-Pharmacy/button_Add' is clicked on

2018-06-09 20:35:58 - [MESSAGE][PASSED] - Object: 'Object Repository/PharmacyRequest/Page_KDMC-Pharmacy/button_Add' is clicked on

2018-06-09 20:35:58 - [TEST_STEP][PASSED] - selectOptionByIndex: All options with index in [7] are selected on object 'Object Repository/PharmacyRequest/Page_KDMC-Pharmacy/select_--Select--Schedule 1Inj'

2018-06-09 20:35:59 - [MESSAGE][PASSED] - All options with index in [7] are selected on object 'Object Repository/PharmacyRequest/Page_KDMC-Pharmacy/select_--Select--Schedule 1Inj'

2018-06-09 20:35:59 - [TEST_STEP][PASSED] - selectOptionByIndex: All options with index in [20] are selected on object 'Object Repository/PharmacyRequest/Page_KDMC-Pharmacy/select_--Select--Albendazole'

2018-06-09 20:35:59 - [MESSAGE][PASSED] - All options with index in [20] are selected on object 'Object Repository/PharmacyRequest/Page_KDMC-Pharmacy/select_--Select--Albendazole'

2018-06-09 20:35:59 - [TEST_STEP][PASSED] - setText: Text '10' is set on object 'Object Repository/PharmacyRequest/Page_KDMC-Pharmacy/input_txttreat'

2018-06-09 20:35:59 - [MESSAGE][PASSED] - Text '10' is set on object 'Object Repository/PharmacyRequest/Page_KDMC-Pharmacy/input_txttreat'

2018-06-09 20:35:59 - [TEST_STEP][PASSED] - click: Object: 'Object Repository/PharmacyRequest/Page_KDMC-Pharmacy/button_Add' is clicked on

2018-06-09 20:35:59 - [MESSAGE][PASSED] - Object: 'Object Repository/PharmacyRequest/Page_KDMC-Pharmacy/button_Add' is clicked on

2018-06-09 20:35:59 - [TEST_STEP][PASSED] - selectOptionByIndex: All options with index in [7] are selected on object 'Object Repository/PharmacyRequest/Page_KDMC-Pharmacy/select_--Select--Schedule 1Inj'

2018-06-09 20:35:59 - [MESSAGE][PASSED] - All options with index in [7] are selected on object 'Object Repository/PharmacyRequest/Page_KDMC-Pharmacy/select_--Select--Schedule 1Inj'

2018-06-09 20:35:59 - [TEST_STEP][PASSED] - selectOptionByIndex: All options with index in [21] are selected on object 'Object Repository/PharmacyRequest/Page_KDMC-Pharmacy/select_--Select--Albendazole'

2018-06-09 20:35:59 - [MESSAGE][PASSED] - All options with index in [21] are selected on object 'Object Repository/PharmacyRequest/Page_KDMC-Pharmacy/select_--Select--Albendazole'

2018-06-09 20:35:59 - [TEST_STEP][PASSED] - setText: Text '10' is set on object 'Object Repository/PharmacyRequest/Page_KDMC-Pharmacy/input_txttreat'

2018-06-09 20:36:00 - [MESSAGE][PASSED] - Text '10' is set on object 'Object Repository/PharmacyRequest/Page_KDMC-Pharmacy/input_txttreat'

2018-06-09 20:36:00 - [TEST_STEP][PASSED] - click: Object: 'Object Repository/PharmacyRequest/Page_KDMC-Pharmacy/button_Add' is clicked on

2018-06-09 20:36:00 - [MESSAGE][PASSED] - Object: 'Object Repository/PharmacyRequest/Page_KDMC-Pharmacy/button_Add' is clicked on

2018-06-09 20:36:00 - [TEST_STEP][PASSED] - selectOptionByIndex: All options with index in [7] are selected on object 'Object Repository/PharmacyRequest/Page_KDMC-Pharmacy/select_--Select--Schedule 1Inj'

2018-06-09 20:36:00 - [MESSAGE][PASSED] - All options with index in [7] are selected on object 'Object Repository/PharmacyRequest/Page_KDMC-Pharmacy/select_--Select--Schedule 1Inj'

2018-06-09 20:36:00 - [TEST_STEP][PASSED] - selectOptionByIndex: All options with index in [22] are selected on object 'Object Repository/PharmacyRequest/Page_KDMC-Pharmacy/select_--Select--Albendazole'

2018-06-09 20:36:00 - [MESSAGE][PASSED] - All options with index in [22] are selected on object 'Object Repository/PharmacyRequest/Page_KDMC-Pharmacy/select_--Select--Albendazole'

2018-06-09 20:36:00 - [TEST_STEP][PASSED] - setText: Text '10' is set on object 'Object Repository/PharmacyRequest/Page_KDMC-Pharmacy/input_txttreat'

2018-06-09 20:36:00 - [MESSAGE][PASSED] - Text '10' is set on object 'Object Repository/PharmacyRequest/Page_KDMC-Pharmacy/input_txttreat'

2018-06-09 20:36:00 - [TEST_STEP][PASSED] - click: Object: 'Object Repository/PharmacyRequest/Page_KDMC-Pharmacy/button_Add' is clicked on

2018-06-09 20:36:00 - [MESSAGE][PASSED] - Object: 'Object Repository/PharmacyRequest/Page_KDMC-Pharmacy/button_Add' is clicked on

2018-06-09 20:36:00 - [TEST_STEP][PASSED] - selectOptionByIndex: All options with index in [7] are selected on object 'Object Repository/PharmacyRequest/Page_KDMC-Pharmacy/select_--Select--Schedule 1Inj'

2018-06-09 20:36:00 - [MESSAGE][PASSED] - All options with index in [7] are selected on object 'Object Repository/PharmacyRequest/Page_KDMC-Pharmacy/select_--Select--Schedule 1Inj'

2018-06-09 20:36:00 - [TEST_STEP][PASSED] - selectOptionByIndex: All options with index in [23] are selected on object 'Object Repository/PharmacyRequest/Page_KDMC-Pharmacy/select_--Select--Albendazole'

2018-06-09 20:36:01 - [MESSAGE][PASSED] - All options with index in [23] are selected on object 'Object Repository/PharmacyRequest/Page_KDMC-Pharmacy/select_--Select--Albendazole'

2018-06-09 20:36:01 - [TEST_STEP][PASSED] - setText: Text '10' is set on object 'Object Repository/PharmacyRequest/Page_KDMC-Pharmacy/input_txttreat'

2018-06-09 20:36:01 - [MESSAGE][PASSED] - Text '10' is set on object 'Object Repository/PharmacyRequest/Page_KDMC-Pharmacy/input_txttreat'

2018-06-09 20:36:01 - [TEST_STEP][PASSED] - click: Object: 'Object Repository/PharmacyRequest/Page_KDMC-Pharmacy/button_Add' is clicked on

2018-06-09 20:36:01 - [MESSAGE][PASSED] - Object: 'Object Repository/PharmacyRequest/Page_KDMC-Pharmacy/button_Add' is clicked on

2018-06-09 20:36:01 - [TEST_STEP][PASSED] - Statement - RN1 = com.kms.katalon.core.webui.keyword.WebUiBuiltInKeywords.getAttribute(com.kms.katalon.core.testobject.ObjectRepository.findTestObject(PharmacyRequest/Page_KDMC-Pharmacy/input_txtno), "value"): Attribute 'value' of object 'Object Repository/PharmacyRequest/Page_KDMC-Pharmacy/input_txtno' is: 'PRNO/09062018/222'

2018-06-09 20:36:01 - [MESSAGE][PASSED] - Attribute 'value' of object 'Object Repository/PharmacyRequest/Page_KDMC-Pharmacy/input_txtno' is: 'PRNO/09062018/222'

2018-06-09 20:36:01 - [TEST_STEP][PASSED] - Statement - out.println(RN1): null

2018-06-09 20:36:01 - [TEST_STEP][PASSED] - Statement - RID = RN1.split("/")[2]: null

2018-06-09 20:36:01 - [TEST_STEP][PASSED] - scrollToElement: Scroll to object 'Object Repository/PharmacyRequest/Page_KDMC-Pharmacy/input_btnsave' successfully

2018-06-09 20:36:01 - [MESSAGE][PASSED] - Scroll to object 'Object Repository/PharmacyRequest/Page_KDMC-Pharmacy/input_btnsave' successfully

2018-06-09 20:36:01 - [TEST_STEP][PASSED] - click: Object: 'Object Repository/PharmacyRequest/Page_KDMC-Pharmacy/input_btnsave' is clicked on

2018-06-09 20:36:01 - [MESSAGE][PASSED] - Object: 'Object Repository/PharmacyRequest/Page_KDMC-Pharmacy/input_btnsave' is clicked on

2018-06-09 20:36:01 - [TEST_STEP][PASSED] - delay: Delayed 3 second(s)

2018-06-09 20:36:04 - [MESSAGE][PASSED] - Delayed 3 second(s)

2018-06-09 20:36:04 - [TEST_STEP][PASSED] - click: Object: 'Object Repository/PharmacyRequest/Page_KDMC-Pharmacy/button_OK' is clicked on

2018-06-09 20:36:05 - [MESSAGE][PASSED] - Object: 'Object Repository/PharmacyRequest/Page_KDMC-Pharmacy/button_OK' is clicked on

2018-06-09 20:36:05 - [TEST_STEP][PASSED] - delay: Delayed 3 second(s)

2018-06-09 20:36:08 - [MESSAGE][PASSED] - Delayed 3 second(s)

2018-06-09 20:36:08 - [TEST_STEP][PASSED] - click: Object: 'Object Repository/PharmacyRequest/Page_KDMC-Pharmacy/a_Back to Pharmacy' is clicked on

2018-06-09 20:36:09 - [MESSAGE][PASSED] - Object: 'Object Repository/PharmacyRequest/Page_KDMC-Pharmacy/a_Back to Pharmacy' is clicked on

2018-06-09 20:36:09 - [TEST_STEP][PASSED] - delay: Delayed 3 second(s)

2018-06-09 20:36:12 - [MESSAGE][PASSED] - Delayed 3 second(s)

2018-06-09 20:36:12 - [TEST_STEP][PASSED] - click: Object: 'Object Repository/PharmacyRequest/Page_KDMC - Pharmacy/a_dropdown-toggle' is clicked on

2018-06-09 20:36:12 - [MESSAGE][PASSED] - Object: 'Object Repository/PharmacyRequest/Page_KDMC - Pharmacy/a_dropdown-toggle' is clicked on

2018-06-09 20:36:12 - [TEST_STEP][PASSED] - click: Object: 'Object Repository/PharmacyRequest/Page_KDMC - Pharmacy/a_Sign out' is clicked on

2018-06-09 20:36:12 - [MESSAGE][PASSED] - Object: 'Object Repository/PharmacyRequest/Page_KDMC - Pharmacy/a_Sign out' is clicked on

2018-06-09 20:36:12 - [TEST_STEP][PASSED] - delay: Delayed 3 second(s)

2018-06-09 20:36:15 - [MESSAGE][PASSED] - Delayed 3 second(s)

2018-06-09 20:36:15 - [TEST_STEP][PASSED] - click: Object: 'Object Repository/PharmacyRequest/Page_KDMC/a_CMO' is clicked on

2018-06-09 20:36:16 - [MESSAGE][PASSED] - Object: 'Object Repository/PharmacyRequest/Page_KDMC/a_CMO' is clicked on

2018-06-09 20:36:16 - [TEST_STEP][PASSED] - setText: Text 'guru' is set on object 'Object Repository/PharmacyRequest/Page_CMO login/input_txtusername'

2018-06-09 20:36:16 - [MESSAGE][PASSED] - Text 'guru' is set on object 'Object Repository/PharmacyRequest/Page_CMO login/input_txtusername'

2018-06-09 20:36:16 - [TEST_STEP][PASSED] - setText: Text '123' is set on object 'Object Repository/PharmacyRequest/Page_CMO login/input_txtpassword'

2018-06-09 20:36:16 - [MESSAGE][PASSED] - Text '123' is set on object 'Object Repository/PharmacyRequest/Page_CMO login/input_txtpassword'

2018-06-09 20:36:16 - [TEST_STEP][PASSED] - delay: Delayed 3 second(s)

2018-06-09 20:36:19 - [MESSAGE][PASSED] - Delayed 3 second(s)

2018-06-09 20:36:19 - [TEST_STEP][PASSED] - click: Object: 'Object Repository/PharmacyRequest/Page_CMO login/button_Sign in' is clicked on

2018-06-09 20:36:20 - [MESSAGE][PASSED] - Object: 'Object Repository/PharmacyRequest/Page_CMO login/button_Sign in' is clicked on

2018-06-09 20:36:20 - [TEST_STEP][PASSED] - click: Object: 'Object Repository/PharmacyRequest/Page_KDMC - CMO/a_Department Wise Request' is clicked on

2018-06-09 20:36:20 - [MESSAGE][PASSED] - Object: 'Object Repository/PharmacyRequest/Page_KDMC - CMO/a_Department Wise Request' is clicked on

2018-06-09 20:36:20 - [TEST_STEP][PASSED] - selectOptionByIndex: All options with index in [2] are selected on object 'Object Repository/PharmacyRequest/Page_KDMC - CMO/select_--ALL--'

2018-06-09 20:36:20 - [MESSAGE][PASSED] - All options with index in [2] are selected on object 'Object Repository/PharmacyRequest/Page_KDMC - CMO/select_--ALL--'

2018-06-09 20:36:20 - [TEST_STEP][PASSED] - selectOptionByIndex: All options with index in [1] are selected on object 'Object Repository/PharmacyRequest/Page_KDMC - CMO/select_--ALL--                _1'

2018-06-09 20:36:21 - [MESSAGE][PASSED] - All options with index in [1] are selected on object 'Object Repository/PharmacyRequest/Page_KDMC - CMO/select_--ALL--                _1'

2018-06-09 20:36:21 - [TEST_STEP][PASSED] - click: Object: 'Object Repository/PharmacyRequest/Page_KDMC - CMO/input_btnsearch' is clicked on

2018-06-09 20:36:21 - [MESSAGE][PASSED] - Object: 'Object Repository/PharmacyRequest/Page_KDMC - CMO/input_btnsearch' is clicked on

2018-06-09 20:36:21 - [TEST_STEP][PASSED] - Statement - ID = com.kms.katalon.core.webui.keyword.WebUiBuiltInKeywords.modifyObjectProperty(com.kms.katalon.core.testobject.ObjectRepository.findTestObject(PharmacyRequest/Page_KDMC - CMO/input_2), "xpath", "equals", "//*[@id=" + RID + "]", true): Modify property of object successfully

2018-06-09 20:36:21 - [MESSAGE][PASSED] - Modify property of object successfully

2018-06-09 20:36:21 - [TEST_STEP][PASSED] - click: Object: 'Object Repository/PharmacyRequest/Page_KDMC - CMO/input_2' is clicked on

2018-06-09 20:36:22 - [MESSAGE][PASSED] - Object: 'Object Repository/PharmacyRequest/Page_KDMC - CMO/input_2' is clicked on

2018-06-09 20:36:22 - [TEST_STEP][PASSED] - delay: Delayed 3 second(s)

2018-06-09 20:36:25 - [MESSAGE][PASSED] - Delayed 3 second(s)

2018-06-09 20:36:25 - [TEST_STEP][PASSED] - selectOptionByIndex: All options with index in [1] are selected on object 'Object Repository/PharmacyRequest/Page_KDMC - CMO/select_--Select--'

2018-06-09 20:36:25 - [MESSAGE][PASSED] - All options with index in [1] are selected on object 'Object Repository/PharmacyRequest/Page_KDMC - CMO/select_--Select--'

2018-06-09 20:36:25 - [TEST_STEP][PASSED] - click: Object: 'Object Repository/PharmacyRequest/Page_KDMC - CMO/input_btnupdate' is clicked on

2018-06-09 20:36:25 - [MESSAGE][PASSED] - Object: 'Object Repository/PharmacyRequest/Page_KDMC - CMO/input_btnupdate' is clicked on

2018-06-09 20:36:25 - [TEST_STEP][PASSED] - delay: Delayed 3 second(s)

2018-06-09 20:36:28 - [MESSAGE][PASSED] - Delayed 3 second(s)

2018-06-09 20:36:28 - [TEST_STEP][PASSED] - click: Object: 'Object Repository/PharmacyRequest/Page_KDMC - CMO/button_OK' is clicked on

2018-06-09 20:36:28 - [MESSAGE][PASSED] - Object: 'Object Repository/PharmacyRequest/Page_KDMC - CMO/button_OK' is clicked on

2018-06-09 20:36:28 - [TEST_STEP][PASSED] - delay: Delayed 3 second(s)

2018-06-09 20:36:31 - [MESSAGE][PASSED] - Delayed 3 second(s)

2018-06-09 20:36:31 - [TEST_STEP][PASSED] - click: Object: 'Object Repository/PharmacyRequest/Page_KDMC - CMO/a_dropdown-toggle' is clicked on

2018-06-09 20:36:32 - [MESSAGE][PASSED] - Object: 'Object Repository/PharmacyRequest/Page_KDMC - CMO/a_dropdown-toggle' is clicked on

2018-06-09 20:36:32 - [TEST_STEP][PASSED] - click: Object: 'Object Repository/PharmacyRequest/Page_KDMC - CMO/a_Sign out' is clicked on

2018-06-09 20:36:32 - [MESSAGE][PASSED] - Object: 'Object Repository/PharmacyRequest/Page_KDMC - CMO/a_Sign out' is clicked on

2018-06-09 20:36:32 - [TEST_STEP][PASSED] - delay: Delayed 3 second(s)

2018-06-09 20:36:35 - [MESSAGE][PASSED] - Delayed 3 second(s)

2018-06-09 20:36:35 - [TEST_STEP][PASSED] - click: Object: 'Object Repository/PharmacyRequest/Page_KDMC/a_Divisional Store' is clicked on

2018-06-09 20:36:35 - [MESSAGE][PASSED] - Object: 'Object Repository/PharmacyRequest/Page_KDMC/a_Divisional Store' is clicked on

2018-06-09 20:36:35 - [TEST_STEP][PASSED] - setText: Text 'ragu' is set on object 'Object Repository/PharmacyRequest/Page_Divisonal Store Login/input_txtusername'

2018-06-09 20:36:36 - [MESSAGE][PASSED] - Text 'ragu' is set on object 'Object Repository/PharmacyRequest/Page_Divisonal Store Login/input_txtusername'

2018-06-09 20:36:36 - [TEST_STEP][PASSED] - setText: Text '123' is set on object 'Object Repository/PharmacyRequest/Page_Divisonal Store Login/input_txtpassword'

2018-06-09 20:36:36 - [MESSAGE][PASSED] - Text '123' is set on object 'Object Repository/PharmacyRequest/Page_Divisonal Store Login/input_txtpassword'

2018-06-09 20:36:36 - [TEST_STEP][PASSED] - delay: Delayed 3 second(s)

2018-06-09 20:36:39 - [MESSAGE][PASSED] - Delayed 3 second(s)

2018-06-09 20:36:39 - [TEST_STEP][PASSED] - click: Object: 'Object Repository/PharmacyRequest/Page_Divisonal Store Login/button_Sign in' is clicked on

2018-06-09 20:36:39 - [MESSAGE][PASSED] - Object: 'Object Repository/PharmacyRequest/Page_Divisonal Store Login/button_Sign in' is clicked on

2018-06-09 20:36:39 - [TEST_STEP][PASSED] - delay: Delayed 3 second(s)

2018-06-09 20:36:42 - [MESSAGE][PASSED] - Delayed 3 second(s)

2018-06-09 20:36:42 - [TEST_STEP][PASSED] - click: Object: 'Object Repository/PharmacyRequest/Page_Store/a_Pharmacy Request' is clicked on

2018-06-09 20:36:42 - [MESSAGE][PASSED] - Object: 'Object Repository/PharmacyRequest/Page_Store/a_Pharmacy Request' is clicked on

2018-06-09 20:36:42 - [TEST_STEP][PASSED] - click: Object: 'Object Repository/PharmacyRequest/Page_Store/a_Request Item Pharmacy' is clicked on

2018-06-09 20:36:43 - [MESSAGE][PASSED] - Object: 'Object Repository/PharmacyRequest/Page_Store/a_Request Item Pharmacy' is clicked on

2018-06-09 20:36:43 - [TEST_STEP][PASSED] - delay: Delayed 2 second(s)

2018-06-09 20:36:45 - [MESSAGE][PASSED] - Delayed 2 second(s)

2018-06-09 20:36:45 - [TEST_STEP][PASSED] - setText: Text 'PRNO/09062018/222' is set on object 'Object Repository/PharmacyRequest/Page_Store/input'

2018-06-09 20:36:45 - [MESSAGE][PASSED] - Text 'PRNO/09062018/222' is set on object 'Object Repository/PharmacyRequest/Page_Store/input'

2018-06-09 20:36:45 - [TEST_STEP][PASSED] - delay: Delayed 2 second(s)

2018-06-09 20:36:47 - [MESSAGE][PASSED] - Delayed 2 second(s)

2018-06-09 20:36:47 - [TEST_STEP][PASSED] - Statement - ChooseRequest = com.kms.katalon.core.webui.keyword.WebUiBuiltInKeywords.modifyObjectProperty(com.kms.katalon.core.testobject.ObjectRepository.findTestObject(PharmacyRequest/Page_Store/input_2), "xpath", "equals", "//*[@id=" + RID + "]", true): Modify property of object successfully

2018-06-09 20:36:47 - [MESSAGE][PASSED] - Modify property of object successfully

2018-06-09 20:36:47 - [TEST_STEP][PASSED] - click: Object: 'Object Repository/PharmacyRequest/Page_Store/input_2' is clicked on

2018-06-09 20:36:48 - [MESSAGE][PASSED] - Object: 'Object Repository/PharmacyRequest/Page_Store/input_2' is clicked on

2018-06-09 20:36:48 - [TEST_STEP][PASSED] - delay: Delayed 2 second(s)

2018-06-09 20:36:50 - [MESSAGE][PASSED] - Delayed 2 second(s)

2018-06-09 20:36:50 - [TEST_STEP][PASSED] - Statement - selectedoptions = com.kms.katalon.core.webui.keyword.WebUiBuiltInKeywords.getNumberOfTotalOption(com.kms.katalon.core.testobject.ObjectRepository.findTestObject(PharmacyRequest/Page_Store/select_--Select--Amlodepin -5)): 24 options of object 'Object Repository/PharmacyRequest/Page_Store/select_--Select--Amlodepin -5' counted

2018-06-09 20:36:50 - [MESSAGE][PASSED] - 24 options of object 'Object Repository/PharmacyRequest/Page_Store/select_--Select--Amlodepin -5' counted

2018-06-09 20:36:50 - [TEST_STEP][PASSED] - Statement - For ([a = 1, a <= selectedoptions - 1, (a++)]): null

2018-06-09 20:36:50 - [TEST_STEP][PASSED] - selectOptionByIndex: All options with index in [1] are selected on object 'Object Repository/PharmacyRequest/Page_Store/select_--Select--Amlodepin -5'

2018-06-09 20:36:50 - [MESSAGE][PASSED] - All options with index in [1] are selected on object 'Object Repository/PharmacyRequest/Page_Store/select_--Select--Amlodepin -5'

2018-06-09 20:36:50 - [TEST_STEP][PASSED] - delay: Delayed 1 second(s)

2018-06-09 20:36:51 - [MESSAGE][PASSED] - Delayed 1 second(s)

2018-06-09 20:36:51 - [TEST_STEP][PASSED] - Statement - RequestedQty = com.kms.katalon.core.webui.keyword.WebUiBuiltInKeywords.getAttribute(com.kms.katalon.core.testobject.ObjectRepository.findTestObject(PharmacyRequest/Page_Store/input_txttotal), "value"): Attribute 'value' of object 'Object Repository/PharmacyRequest/Page_Store/input_txttotal' is: '10'

2018-06-09 20:36:51 - [MESSAGE][PASSED] - Attribute 'value' of object 'Object Repository/PharmacyRequest/Page_Store/input_txttotal' is: '10'

2018-06-09 20:36:51 - [TEST_STEP][PASSED] - Statement - out.println("Requested QTY : " + RequestedQty): null

2018-06-09 20:36:51 - [TEST_STEP][PASSED] - Statement - BatchNumber = com.kms.katalon.core.webui.keyword.WebUiBuiltInKeywords.getNumberOfTotalOption(com.kms.katalon.core.testobject.ObjectRepository.findTestObject(PharmacyRequest/Page_Store/select_--Select--BA50)): 3 options of object 'Object Repository/PharmacyRequest/Page_Store/select_--Select--BA50' counted

2018-06-09 20:36:52 - [MESSAGE][PASSED] - 3 options of object 'Object Repository/PharmacyRequest/Page_Store/select_--Select--BA50' counted

2018-06-09 20:36:52 - [TEST_STEP][PASSED] - Statement - For ([g = 1, g <= BatchNumber - 1, (g++)]): null

2018-06-09 20:36:52 - [TEST_STEP][PASSED] - selectOptionByIndex: All options with index in [1] are selected on object 'Object Repository/PharmacyRequest/Page_Store/select_--Select--BA50'

2018-06-09 20:36:52 - [MESSAGE][PASSED] - All options with index in [1] are selected on object 'Object Repository/PharmacyRequest/Page_Store/select_--Select--BA50'

2018-06-09 20:36:52 - [TEST_STEP][PASSED] - delay: Delayed 1 second(s)

2018-06-09 20:36:53 - [MESSAGE][PASSED] - Delayed 1 second(s)

2018-06-09 20:36:53 - [TEST_STEP][PASSED] - Statement - StockQty = com.kms.katalon.core.webui.keyword.WebUiBuiltInKeywords.getAttribute(com.kms.katalon.core.testobject.ObjectRepository.findTestObject(PharmacyRequest/Page_Store/input_txtprice), "value"): Attribute 'value' of object 'Object Repository/PharmacyRequest/Page_Store/input_txtprice' is: '810'

2018-06-09 20:36:53 - [MESSAGE][PASSED] - Attribute 'value' of object 'Object Repository/PharmacyRequest/Page_Store/input_txtprice' is: '810'

2018-06-09 20:36:53 - [TEST_STEP][PASSED] - Statement - out.println("Stock QTY : " + StockQty): null

2018-06-09 20:36:53 - [TEST_STEP][PASSED] - delay: Delayed 1 second(s)

2018-06-09 20:36:54 - [MESSAGE][PASSED] - Delayed 1 second(s)

2018-06-09 20:36:54 - [TEST_STEP][PASSED] - Statement - If (java.lang.Integer.valueOf(StockQty) >= java.lang.Integer.valueOf(RequestedQty)): null

2018-06-09 20:36:54 - [TEST_STEP][PASSED] - delay: Delayed 1 second(s)

2018-06-09 20:36:55 - [MESSAGE][PASSED] - Delayed 1 second(s)

2018-06-09 20:36:55 - [TEST_STEP][PASSED] - setText: Text '10' is set on object 'Object Repository/PharmacyRequest/Page_Store/input_txtqty'

2018-06-09 20:36:55 - [MESSAGE][PASSED] - Text '10' is set on object 'Object Repository/PharmacyRequest/Page_Store/input_txtqty'

2018-06-09 20:36:55 - [TEST_STEP][PASSED] - click: Object: 'Object Repository/PharmacyRequest/Page_Store/button_Add' is clicked on

2018-06-09 20:36:55 - [MESSAGE][PASSED] - Object: 'Object Repository/PharmacyRequest/Page_Store/button_Add' is clicked on

2018-06-09 20:36:55 - [TEST_STEP][PASSED] - Statement - Break: null

2018-06-09 20:36:55 - [TEST_STEP][PASSED] - selectOptionByIndex: All options with index in [2] are selected on object 'Object Repository/PharmacyRequest/Page_Store/select_--Select--Amlodepin -5'

2018-06-09 20:36:55 - [MESSAGE][PASSED] - All options with index in [2] are selected on object 'Object Repository/PharmacyRequest/Page_Store/select_--Select--Amlodepin -5'

2018-06-09 20:36:55 - [TEST_STEP][PASSED] - delay: Delayed 1 second(s)

2018-06-09 20:36:56 - [MESSAGE][PASSED] - Delayed 1 second(s)

2018-06-09 20:36:56 - [TEST_STEP][PASSED] - Statement - RequestedQty = com.kms.katalon.core.webui.keyword.WebUiBuiltInKeywords.getAttribute(com.kms.katalon.core.testobject.ObjectRepository.findTestObject(PharmacyRequest/Page_Store/input_txttotal), "value"): Attribute 'value' of object 'Object Repository/PharmacyRequest/Page_Store/input_txttotal' is: '10'

2018-06-09 20:36:56 - [MESSAGE][PASSED] - Attribute 'value' of object 'Object Repository/PharmacyRequest/Page_Store/input_txttotal' is: '10'

2018-06-09 20:36:56 - [TEST_STEP][PASSED] - Statement - out.println("Requested QTY : " + RequestedQty): null

2018-06-09 20:36:56 - [TEST_STEP][PASSED] - Statement - BatchNumber = com.kms.katalon.core.webui.keyword.WebUiBuiltInKeywords.getNumberOfTotalOption(com.kms.katalon.core.testobject.ObjectRepository.findTestObject(PharmacyRequest/Page_Store/select_--Select--BA50)): 5 options of object 'Object Repository/PharmacyRequest/Page_Store/select_--Select--BA50' counted

2018-06-09 20:36:56 - [MESSAGE][PASSED] - 5 options of object 'Object Repository/PharmacyRequest/Page_Store/select_--Select--BA50' counted

2018-06-09 20:36:56 - [TEST_STEP][PASSED] - Statement - For ([g = 1, g <= BatchNumber - 1, (g++)]): null

2018-06-09 20:36:56 - [TEST_STEP][PASSED] - selectOptionByIndex: All options with index in [1] are selected on object 'Object Repository/PharmacyRequest/Page_Store/select_--Select--BA50'

2018-06-09 20:36:56 - [MESSAGE][PASSED] - All options with index in [1] are selected on object 'Object Repository/PharmacyRequest/Page_Store/select_--Select--BA50'

2018-06-09 20:36:56 - [TEST_STEP][PASSED] - delay: Delayed 1 second(s)

2018-06-09 20:36:57 - [MESSAGE][PASSED] - Delayed 1 second(s)

2018-06-09 20:36:57 - [TEST_STEP][PASSED] - Statement - StockQty = com.kms.katalon.core.webui.keyword.WebUiBuiltInKeywords.getAttribute(com.kms.katalon.core.testobject.ObjectRepository.findTestObject(PharmacyRequest/Page_Store/input_txtprice), "value"): Attribute 'value' of object 'Object Repository/PharmacyRequest/Page_Store/input_txtprice' is: '400'

2018-06-09 20:36:57 - [MESSAGE][PASSED] - Attribute 'value' of object 'Object Repository/PharmacyRequest/Page_Store/input_txtprice' is: '400'

2018-06-09 20:36:57 - [TEST_STEP][PASSED] - Statement - out.println("Stock QTY : " + StockQty): null

2018-06-09 20:36:57 - [TEST_STEP][PASSED] - delay: Delayed 1 second(s)

2018-06-09 20:36:58 - [MESSAGE][PASSED] - Delayed 1 second(s)

2018-06-09 20:36:58 - [TEST_STEP][PASSED] - Statement - If (java.lang.Integer.valueOf(StockQty) >= java.lang.Integer.valueOf(RequestedQty)): null

2018-06-09 20:36:58 - [TEST_STEP][PASSED] - delay: Delayed 1 second(s)

2018-06-09 20:36:59 - [MESSAGE][PASSED] - Delayed 1 second(s)

2018-06-09 20:36:59 - [TEST_STEP][PASSED] - setText: Text '10' is set on object 'Object Repository/PharmacyRequest/Page_Store/input_txtqty'

2018-06-09 20:36:59 - [MESSAGE][PASSED] - Text '10' is set on object 'Object Repository/PharmacyRequest/Page_Store/input_txtqty'

2018-06-09 20:36:59 - [TEST_STEP][PASSED] - click: Object: 'Object Repository/PharmacyRequest/Page_Store/button_Add' is clicked on

2018-06-09 20:36:59 - [MESSAGE][PASSED] - Object: 'Object Repository/PharmacyRequest/Page_Store/button_Add' is clicked on

2018-06-09 20:36:59 - [TEST_STEP][PASSED] - Statement - Break: null

2018-06-09 20:36:59 - [TEST_STEP][PASSED] - selectOptionByIndex: All options with index in [3] are selected on object 'Object Repository/PharmacyRequest/Page_Store/select_--Select--Amlodepin -5'

2018-06-09 20:37:00 - [MESSAGE][PASSED] - All options with index in [3] are selected on object 'Object Repository/PharmacyRequest/Page_Store/select_--Select--Amlodepin -5'

2018-06-09 20:37:00 - [TEST_STEP][PASSED] - delay: Delayed 1 second(s)

2018-06-09 20:37:01 - [MESSAGE][PASSED] - Delayed 1 second(s)

2018-06-09 20:37:01 - [TEST_STEP][PASSED] - Statement - RequestedQty = com.kms.katalon.core.webui.keyword.WebUiBuiltInKeywords.getAttribute(com.kms.katalon.core.testobject.ObjectRepository.findTestObject(PharmacyRequest/Page_Store/input_txttotal), "value"): Attribute 'value' of object 'Object Repository/PharmacyRequest/Page_Store/input_txttotal' is: '10'

2018-06-09 20:37:01 - [MESSAGE][PASSED] - Attribute 'value' of object 'Object Repository/PharmacyRequest/Page_Store/input_txttotal' is: '10'

2018-06-09 20:37:01 - [TEST_STEP][PASSED] - Statement - out.println("Requested QTY : " + RequestedQty): null

2018-06-09 20:37:01 - [TEST_STEP][PASSED] - Statement - BatchNumber = com.kms.katalon.core.webui.keyword.WebUiBuiltInKeywords.getNumberOfTotalOption(com.kms.katalon.core.testobject.ObjectRepository.findTestObject(PharmacyRequest/Page_Store/select_--Select--BA50)): 3 options of object 'Object Repository/PharmacyRequest/Page_Store/select_--Select--BA50' counted

2018-06-09 20:37:01 - [MESSAGE][PASSED] - 3 options of object 'Object Repository/PharmacyRequest/Page_Store/select_--Select--BA50' counted

2018-06-09 20:37:01 - [TEST_STEP][PASSED] - Statement - For ([g = 1, g <= BatchNumber - 1, (g++)]): null

2018-06-09 20:37:01 - [TEST_STEP][PASSED] - selectOptionByIndex: All options with index in [1] are selected on object 'Object Repository/PharmacyRequest/Page_Store/select_--Select--BA50'

2018-06-09 20:37:01 - [MESSAGE][PASSED] - All options with index in [1] are selected on object 'Object Repository/PharmacyRequest/Page_Store/select_--Select--BA50'

2018-06-09 20:37:01 - [TEST_STEP][PASSED] - delay: Delayed 1 second(s)

2018-06-09 20:37:02 - [MESSAGE][PASSED] - Delayed 1 second(s)

2018-06-09 20:37:02 - [TEST_STEP][PASSED] - Statement - StockQty = com.kms.katalon.core.webui.keyword.WebUiBuiltInKeywords.getAttribute(com.kms.katalon.core.testobject.ObjectRepository.findTestObject(PharmacyRequest/Page_Store/input_txtprice), "value"): Attribute 'value' of object 'Object Repository/PharmacyRequest/Page_Store/input_txtprice' is: '810'

2018-06-09 20:37:02 - [MESSAGE][PASSED] - Attribute 'value' of object 'Object Repository/PharmacyRequest/Page_Store/input_txtprice' is: '810'

2018-06-09 20:37:02 - [TEST_STEP][PASSED] - Statement - out.println("Stock QTY : " + StockQty): null

2018-06-09 20:37:02 - [TEST_STEP][PASSED] - delay: Delayed 1 second(s)

2018-06-09 20:37:03 - [MESSAGE][PASSED] - Delayed 1 second(s)

2018-06-09 20:37:03 - [TEST_STEP][PASSED] - Statement - If (java.lang.Integer.valueOf(StockQty) >= java.lang.Integer.valueOf(RequestedQty)): null

2018-06-09 20:37:03 - [TEST_STEP][PASSED] - delay: Delayed 1 second(s)

2018-06-09 20:37:04 - [MESSAGE][PASSED] - Delayed 1 second(s)

2018-06-09 20:37:04 - [TEST_STEP][PASSED] - setText: Text '10' is set on object 'Object Repository/PharmacyRequest/Page_Store/input_txtqty'

2018-06-09 20:37:04 - [MESSAGE][PASSED] - Text '10' is set on object 'Object Repository/PharmacyRequest/Page_Store/input_txtqty'

2018-06-09 20:37:04 - [TEST_STEP][PASSED] - click: Object: 'Object Repository/PharmacyRequest/Page_Store/button_Add' is clicked on

2018-06-09 20:37:04 - [MESSAGE][PASSED] - Object: 'Object Repository/PharmacyRequest/Page_Store/button_Add' is clicked on

2018-06-09 20:37:04 - [TEST_STEP][PASSED] - Statement - Break: null

2018-06-09 20:37:04 - [TEST_STEP][PASSED] - selectOptionByIndex: All options with index in [4] are selected on object 'Object Repository/PharmacyRequest/Page_Store/select_--Select--Amlodepin -5'

2018-06-09 20:37:04 - [MESSAGE][PASSED] - All options with index in [4] are selected on object 'Object Repository/PharmacyRequest/Page_Store/select_--Select--Amlodepin -5'

2018-06-09 20:37:04 - [TEST_STEP][PASSED] - delay: Delayed 1 second(s)

2018-06-09 20:37:05 - [MESSAGE][PASSED] - Delayed 1 second(s)

2018-06-09 20:37:05 - [TEST_STEP][PASSED] - Statement - RequestedQty = com.kms.katalon.core.webui.keyword.WebUiBuiltInKeywords.getAttribute(com.kms.katalon.core.testobject.ObjectRepository.findTestObject(PharmacyRequest/Page_Store/input_txttotal), "value"): Attribute 'value' of object 'Object Repository/PharmacyRequest/Page_Store/input_txttotal' is: '10'

2018-06-09 20:37:05 - [MESSAGE][PASSED] - Attribute 'value' of object 'Object Repository/PharmacyRequest/Page_Store/input_txttotal' is: '10'

2018-06-09 20:37:05 - [TEST_STEP][PASSED] - Statement - out.println("Requested QTY : " + RequestedQty): null

2018-06-09 20:37:05 - [TEST_STEP][PASSED] - Statement - BatchNumber = com.kms.katalon.core.webui.keyword.WebUiBuiltInKeywords.getNumberOfTotalOption(com.kms.katalon.core.testobject.ObjectRepository.findTestObject(PharmacyRequest/Page_Store/select_--Select--BA50)): 3 options of object 'Object Repository/PharmacyRequest/Page_Store/select_--Select--BA50' counted

2018-06-09 20:37:05 - [MESSAGE][PASSED] - 3 options of object 'Object Repository/PharmacyRequest/Page_Store/select_--Select--BA50' counted

2018-06-09 20:37:05 - [TEST_STEP][PASSED] - Statement - For ([g = 1, g <= BatchNumber - 1, (g++)]): null

2018-06-09 20:37:05 - [TEST_STEP][PASSED] - selectOptionByIndex: All options with index in [1] are selected on object 'Object Repository/PharmacyRequest/Page_Store/select_--Select--BA50'

2018-06-09 20:37:05 - [MESSAGE][PASSED] - All options with index in [1] are selected on object 'Object Repository/PharmacyRequest/Page_Store/select_--Select--BA50'

2018-06-09 20:37:05 - [TEST_STEP][PASSED] - delay: Delayed 1 second(s)

2018-06-09 20:37:06 - [MESSAGE][PASSED] - Delayed 1 second(s)

2018-06-09 20:37:06 - [TEST_STEP][PASSED] - Statement - StockQty = com.kms.katalon.core.webui.keyword.WebUiBuiltInKeywords.getAttribute(com.kms.katalon.core.testobject.ObjectRepository.findTestObject(PharmacyRequest/Page_Store/input_txtprice), "value"): Attribute 'value' of object 'Object Repository/PharmacyRequest/Page_Store/input_txtprice' is: '810'

2018-06-09 20:37:06 - [MESSAGE][PASSED] - Attribute 'value' of object 'Object Repository/PharmacyRequest/Page_Store/input_txtprice' is: '810'

2018-06-09 20:37:06 - [TEST_STEP][PASSED] - Statement - out.println("Stock QTY : " + StockQty): null

2018-06-09 20:37:06 - [TEST_STEP][PASSED] - delay: Delayed 1 second(s)

2018-06-09 20:37:07 - [MESSAGE][PASSED] - Delayed 1 second(s)

2018-06-09 20:37:07 - [TEST_STEP][PASSED] - Statement - If (java.lang.Integer.valueOf(StockQty) >= java.lang.Integer.valueOf(RequestedQty)): null

2018-06-09 20:37:07 - [TEST_STEP][PASSED] - delay: Delayed 1 second(s)

2018-06-09 20:37:08 - [MESSAGE][PASSED] - Delayed 1 second(s)

2018-06-09 20:37:08 - [TEST_STEP][PASSED] - setText: Text '10' is set on object 'Object Repository/PharmacyRequest/Page_Store/input_txtqty'

2018-06-09 20:37:08 - [MESSAGE][PASSED] - Text '10' is set on object 'Object Repository/PharmacyRequest/Page_Store/input_txtqty'

2018-06-09 20:37:08 - [TEST_STEP][PASSED] - click: Object: 'Object Repository/PharmacyRequest/Page_Store/button_Add' is clicked on

2018-06-09 20:37:08 - [MESSAGE][PASSED] - Object: 'Object Repository/PharmacyRequest/Page_Store/button_Add' is clicked on

2018-06-09 20:37:08 - [TEST_STEP][PASSED] - Statement - Break: null

2018-06-09 20:37:08 - [TEST_STEP][PASSED] - selectOptionByIndex: All options with index in [5] are selected on object 'Object Repository/PharmacyRequest/Page_Store/select_--Select--Amlodepin -5'

2018-06-09 20:37:09 - [MESSAGE][PASSED] - All options with index in [5] are selected on object 'Object Repository/PharmacyRequest/Page_Store/select_--Select--Amlodepin -5'

2018-06-09 20:37:09 - [TEST_STEP][PASSED] - delay: Delayed 1 second(s)

2018-06-09 20:37:10 - [MESSAGE][PASSED] - Delayed 1 second(s)

2018-06-09 20:37:10 - [TEST_STEP][PASSED] - Statement - RequestedQty = com.kms.katalon.core.webui.keyword.WebUiBuiltInKeywords.getAttribute(com.kms.katalon.core.testobject.ObjectRepository.findTestObject(PharmacyRequest/Page_Store/input_txttotal), "value"): Attribute 'value' of object 'Object Repository/PharmacyRequest/Page_Store/input_txttotal' is: '10'

2018-06-09 20:37:10 - [MESSAGE][PASSED] - Attribute 'value' of object 'Object Repository/PharmacyRequest/Page_Store/input_txttotal' is: '10'

2018-06-09 20:37:10 - [TEST_STEP][PASSED] - Statement - out.println("Requested QTY : " + RequestedQty): null

2018-06-09 20:37:10 - [TEST_STEP][PASSED] - Statement - BatchNumber = com.kms.katalon.core.webui.keyword.WebUiBuiltInKeywords.getNumberOfTotalOption(com.kms.katalon.core.testobject.ObjectRepository.findTestObject(PharmacyRequest/Page_Store/select_--Select--BA50)): 4 options of object 'Object Repository/PharmacyRequest/Page_Store/select_--Select--BA50' counted

2018-06-09 20:37:10 - [MESSAGE][PASSED] - 4 options of object 'Object Repository/PharmacyRequest/Page_Store/select_--Select--BA50' counted

2018-06-09 20:37:10 - [TEST_STEP][PASSED] - Statement - For ([g = 1, g <= BatchNumber - 1, (g++)]): null

2018-06-09 20:37:10 - [TEST_STEP][PASSED] - selectOptionByIndex: All options with index in [1] are selected on object 'Object Repository/PharmacyRequest/Page_Store/select_--Select--BA50'

2018-06-09 20:37:10 - [MESSAGE][PASSED] - All options with index in [1] are selected on object 'Object Repository/PharmacyRequest/Page_Store/select_--Select--BA50'

2018-06-09 20:37:10 - [TEST_STEP][PASSED] - delay: Delayed 1 second(s)

2018-06-09 20:37:11 - [MESSAGE][PASSED] - Delayed 1 second(s)

2018-06-09 20:37:11 - [TEST_STEP][PASSED] - Statement - StockQty = com.kms.katalon.core.webui.keyword.WebUiBuiltInKeywords.getAttribute(com.kms.katalon.core.testobject.ObjectRepository.findTestObject(PharmacyRequest/Page_Store/input_txtprice), "value"): Attribute 'value' of object 'Object Repository/PharmacyRequest/Page_Store/input_txtprice' is: '460'

2018-06-09 20:37:11 - [MESSAGE][PASSED] - Attribute 'value' of object 'Object Repository/PharmacyRequest/Page_Store/input_txtprice' is: '460'

2018-06-09 20:37:11 - [TEST_STEP][PASSED] - Statement - out.println("Stock QTY : " + StockQty): null

2018-06-09 20:37:11 - [TEST_STEP][PASSED] - delay: Delayed 1 second(s)

2018-06-09 20:37:12 - [MESSAGE][PASSED] - Delayed 1 second(s)

2018-06-09 20:37:12 - [TEST_STEP][PASSED] - Statement - If (java.lang.Integer.valueOf(StockQty) >= java.lang.Integer.valueOf(RequestedQty)): null

2018-06-09 20:37:12 - [TEST_STEP][PASSED] - delay: Delayed 1 second(s)

2018-06-09 20:37:13 - [MESSAGE][PASSED] - Delayed 1 second(s)

2018-06-09 20:37:13 - [TEST_STEP][PASSED] - setText: Text '10' is set on object 'Object Repository/PharmacyRequest/Page_Store/input_txtqty'

2018-06-09 20:37:13 - [MESSAGE][PASSED] - Text '10' is set on object 'Object Repository/PharmacyRequest/Page_Store/input_txtqty'

2018-06-09 20:37:13 - [TEST_STEP][PASSED] - click: Object: 'Object Repository/PharmacyRequest/Page_Store/button_Add' is clicked on

2018-06-09 20:37:13 - [MESSAGE][PASSED] - Object: 'Object Repository/PharmacyRequest/Page_Store/button_Add' is clicked on

2018-06-09 20:37:13 - [TEST_STEP][PASSED] - Statement - Break: null

2018-06-09 20:37:13 - [TEST_STEP][PASSED] - selectOptionByIndex: All options with index in [6] are selected on object 'Object Repository/PharmacyRequest/Page_Store/select_--Select--Amlodepin -5'

2018-06-09 20:37:13 - [MESSAGE][PASSED] - All options with index in [6] are selected on object 'Object Repository/PharmacyRequest/Page_Store/select_--Select--Amlodepin -5'

2018-06-09 20:37:13 - [TEST_STEP][PASSED] - delay: Delayed 1 second(s)

2018-06-09 20:37:14 - [MESSAGE][PASSED] - Delayed 1 second(s)

2018-06-09 20:37:14 - [TEST_STEP][PASSED] - Statement - RequestedQty = com.kms.katalon.core.webui.keyword.WebUiBuiltInKeywords.getAttribute(com.kms.katalon.core.testobject.ObjectRepository.findTestObject(PharmacyRequest/Page_Store/input_txttotal), "value"): Attribute 'value' of object 'Object Repository/PharmacyRequest/Page_Store/input_txttotal' is: '10'

2018-06-09 20:37:14 - [MESSAGE][PASSED] - Attribute 'value' of object 'Object Repository/PharmacyRequest/Page_Store/input_txttotal' is: '10'

2018-06-09 20:37:14 - [TEST_STEP][PASSED] - Statement - out.println("Requested QTY : " + RequestedQty): null

2018-06-09 20:37:14 - [TEST_STEP][PASSED] - Statement - BatchNumber = com.kms.katalon.core.webui.keyword.WebUiBuiltInKeywords.getNumberOfTotalOption(com.kms.katalon.core.testobject.ObjectRepository.findTestObject(PharmacyRequest/Page_Store/select_--Select--BA50)): 3 options of object 'Object Repository/PharmacyRequest/Page_Store/select_--Select--BA50' counted

2018-06-09 20:37:14 - [MESSAGE][PASSED] - 3 options of object 'Object Repository/PharmacyRequest/Page_Store/select_--Select--BA50' counted

2018-06-09 20:37:14 - [TEST_STEP][PASSED] - Statement - For ([g = 1, g <= BatchNumber - 1, (g++)]): null

2018-06-09 20:37:14 - [TEST_STEP][PASSED] - selectOptionByIndex: All options with index in [1] are selected on object 'Object Repository/PharmacyRequest/Page_Store/select_--Select--BA50'

2018-06-09 20:37:14 - [MESSAGE][PASSED] - All options with index in [1] are selected on object 'Object Repository/PharmacyRequest/Page_Store/select_--Select--BA50'

2018-06-09 20:37:14 - [TEST_STEP][PASSED] - delay: Delayed 1 second(s)

2018-06-09 20:37:15 - [MESSAGE][PASSED] - Delayed 1 second(s)

2018-06-09 20:37:15 - [TEST_STEP][PASSED] - Statement - StockQty = com.kms.katalon.core.webui.keyword.WebUiBuiltInKeywords.getAttribute(com.kms.katalon.core.testobject.ObjectRepository.findTestObject(PharmacyRequest/Page_Store/input_txtprice), "value"): Attribute 'value' of object 'Object Repository/PharmacyRequest/Page_Store/input_txtprice' is: '810'

2018-06-09 20:37:15 - [MESSAGE][PASSED] - Attribute 'value' of object 'Object Repository/PharmacyRequest/Page_Store/input_txtprice' is: '810'

2018-06-09 20:37:15 - [TEST_STEP][PASSED] - Statement - out.println("Stock QTY : " + StockQty): null

2018-06-09 20:37:15 - [TEST_STEP][PASSED] - delay: Delayed 1 second(s)

2018-06-09 20:37:16 - [MESSAGE][PASSED] - Delayed 1 second(s)

2018-06-09 20:37:16 - [TEST_STEP][PASSED] - Statement - If (java.lang.Integer.valueOf(StockQty) >= java.lang.Integer.valueOf(RequestedQty)): null

2018-06-09 20:37:16 - [TEST_STEP][PASSED] - delay: Delayed 1 second(s)

2018-06-09 20:37:17 - [MESSAGE][PASSED] - Delayed 1 second(s)

2018-06-09 20:37:17 - [TEST_STEP][PASSED] - setText: Text '10' is set on object 'Object Repository/PharmacyRequest/Page_Store/input_txtqty'

2018-06-09 20:37:18 - [MESSAGE][PASSED] - Text '10' is set on object 'Object Repository/PharmacyRequest/Page_Store/input_txtqty'

2018-06-09 20:37:18 - [TEST_STEP][PASSED] - click: Object: 'Object Repository/PharmacyRequest/Page_Store/button_Add' is clicked on

2018-06-09 20:37:18 - [MESSAGE][PASSED] - Object: 'Object Repository/PharmacyRequest/Page_Store/button_Add' is clicked on

2018-06-09 20:37:18 - [TEST_STEP][PASSED] - Statement - Break: null

2018-06-09 20:37:18 - [TEST_STEP][PASSED] - selectOptionByIndex: All options with index in [7] are selected on object 'Object Repository/PharmacyRequest/Page_Store/select_--Select--Amlodepin -5'

2018-06-09 20:37:18 - [MESSAGE][PASSED] - All options with index in [7] are selected on object 'Object Repository/PharmacyRequest/Page_Store/select_--Select--Amlodepin -5'

2018-06-09 20:37:18 - [TEST_STEP][PASSED] - delay: Delayed 1 second(s)

2018-06-09 20:37:19 - [MESSAGE][PASSED] - Delayed 1 second(s)

2018-06-09 20:37:19 - [TEST_STEP][PASSED] - Statement - RequestedQty = com.kms.katalon.core.webui.keyword.WebUiBuiltInKeywords.getAttribute(com.kms.katalon.core.testobject.ObjectRepository.findTestObject(PharmacyRequest/Page_Store/input_txttotal), "value"): Attribute 'value' of object 'Object Repository/PharmacyRequest/Page_Store/input_txttotal' is: '10'

2018-06-09 20:37:19 - [MESSAGE][PASSED] - Attribute 'value' of object 'Object Repository/PharmacyRequest/Page_Store/input_txttotal' is: '10'

2018-06-09 20:37:19 - [TEST_STEP][PASSED] - Statement - out.println("Requested QTY : " + RequestedQty): null

2018-06-09 20:37:19 - [TEST_STEP][PASSED] - Statement - BatchNumber = com.kms.katalon.core.webui.keyword.WebUiBuiltInKeywords.getNumberOfTotalOption(com.kms.katalon.core.testobject.ObjectRepository.findTestObject(PharmacyRequest/Page_Store/select_--Select--BA50)): 4 options of object 'Object Repository/PharmacyRequest/Page_Store/select_--Select--BA50' counted

2018-06-09 20:37:19 - [MESSAGE][PASSED] - 4 options of object 'Object Repository/PharmacyRequest/Page_Store/select_--Select--BA50' counted

2018-06-09 20:37:19 - [TEST_STEP][PASSED] - Statement - For ([g = 1, g <= BatchNumber - 1, (g++)]): null

2018-06-09 20:37:19 - [TEST_STEP][PASSED] - selectOptionByIndex: All options with index in [1] are selected on object 'Object Repository/PharmacyRequest/Page_Store/select_--Select--BA50'

2018-06-09 20:37:19 - [MESSAGE][PASSED] - All options with index in [1] are selected on object 'Object Repository/PharmacyRequest/Page_Store/select_--Select--BA50'

2018-06-09 20:37:19 - [TEST_STEP][PASSED] - delay: Delayed 1 second(s)

2018-06-09 20:37:20 - [MESSAGE][PASSED] - Delayed 1 second(s)

2018-06-09 20:37:20 - [TEST_STEP][PASSED] - Statement - StockQty = com.kms.katalon.core.webui.keyword.WebUiBuiltInKeywords.getAttribute(com.kms.katalon.core.testobject.ObjectRepository.findTestObject(PharmacyRequest/Page_Store/input_txtprice), "value"): Attribute 'value' of object 'Object Repository/PharmacyRequest/Page_Store/input_txtprice' is: '460'

2018-06-09 20:37:20 - [MESSAGE][PASSED] - Attribute 'value' of object 'Object Repository/PharmacyRequest/Page_Store/input_txtprice' is: '460'

2018-06-09 20:37:20 - [TEST_STEP][PASSED] - Statement - out.println("Stock QTY : " + StockQty): null

2018-06-09 20:37:20 - [TEST_STEP][PASSED] - delay: Delayed 1 second(s)

2018-06-09 20:37:21 - [MESSAGE][PASSED] - Delayed 1 second(s)

2018-06-09 20:37:21 - [TEST_STEP][PASSED] - Statement - If (java.lang.Integer.valueOf(StockQty) >= java.lang.Integer.valueOf(RequestedQty)): null

2018-06-09 20:37:21 - [TEST_STEP][PASSED] - delay: Delayed 1 second(s)

2018-06-09 20:37:22 - [MESSAGE][PASSED] - Delayed 1 second(s)

2018-06-09 20:37:22 - [TEST_STEP][PASSED] - setText: Text '10' is set on object 'Object Repository/PharmacyRequest/Page_Store/input_txtqty'

2018-06-09 20:37:22 - [MESSAGE][PASSED] - Text '10' is set on object 'Object Repository/PharmacyRequest/Page_Store/input_txtqty'

2018-06-09 20:37:22 - [TEST_STEP][PASSED] - click: Object: 'Object Repository/PharmacyRequest/Page_Store/button_Add' is clicked on

2018-06-09 20:37:22 - [MESSAGE][PASSED] - Object: 'Object Repository/PharmacyRequest/Page_Store/button_Add' is clicked on

2018-06-09 20:37:22 - [TEST_STEP][PASSED] - Statement - Break: null

2018-06-09 20:37:22 - [TEST_STEP][PASSED] - selectOptionByIndex: All options with index in [8] are selected on object 'Object Repository/PharmacyRequest/Page_Store/select_--Select--Amlodepin -5'

2018-06-09 20:37:22 - [MESSAGE][PASSED] - All options with index in [8] are selected on object 'Object Repository/PharmacyRequest/Page_Store/select_--Select--Amlodepin -5'

2018-06-09 20:37:22 - [TEST_STEP][PASSED] - delay: Delayed 1 second(s)

2018-06-09 20:37:23 - [MESSAGE][PASSED] - Delayed 1 second(s)

2018-06-09 20:37:23 - [TEST_STEP][PASSED] - Statement - RequestedQty = com.kms.katalon.core.webui.keyword.WebUiBuiltInKeywords.getAttribute(com.kms.katalon.core.testobject.ObjectRepository.findTestObject(PharmacyRequest/Page_Store/input_txttotal), "value"): Attribute 'value' of object 'Object Repository/PharmacyRequest/Page_Store/input_txttotal' is: '10'

2018-06-09 20:37:23 - [MESSAGE][PASSED] - Attribute 'value' of object 'Object Repository/PharmacyRequest/Page_Store/input_txttotal' is: '10'

2018-06-09 20:37:23 - [TEST_STEP][PASSED] - Statement - out.println("Requested QTY : " + RequestedQty): null

2018-06-09 20:37:23 - [TEST_STEP][PASSED] - Statement - BatchNumber = com.kms.katalon.core.webui.keyword.WebUiBuiltInKeywords.getNumberOfTotalOption(com.kms.katalon.core.testobject.ObjectRepository.findTestObject(PharmacyRequest/Page_Store/select_--Select--BA50)): 3 options of object 'Object Repository/PharmacyRequest/Page_Store/select_--Select--BA50' counted

2018-06-09 20:37:23 - [MESSAGE][PASSED] - 3 options of object 'Object Repository/PharmacyRequest/Page_Store/select_--Select--BA50' counted

2018-06-09 20:37:23 - [TEST_STEP][PASSED] - Statement - For ([g = 1, g <= BatchNumber - 1, (g++)]): null

2018-06-09 20:37:23 - [TEST_STEP][PASSED] - selectOptionByIndex: All options with index in [1] are selected on object 'Object Repository/PharmacyRequest/Page_Store/select_--Select--BA50'

2018-06-09 20:37:24 - [MESSAGE][PASSED] - All options with index in [1] are selected on object 'Object Repository/PharmacyRequest/Page_Store/select_--Select--BA50'

2018-06-09 20:37:24 - [TEST_STEP][PASSED] - delay: Delayed 1 second(s)

2018-06-09 20:37:25 - [MESSAGE][PASSED] - Delayed 1 second(s)

2018-06-09 20:37:25 - [TEST_STEP][PASSED] - Statement - StockQty = com.kms.katalon.core.webui.keyword.WebUiBuiltInKeywords.getAttribute(com.kms.katalon.core.testobject.ObjectRepository.findTestObject(PharmacyRequest/Page_Store/input_txtprice), "value"): Attribute 'value' of object 'Object Repository/PharmacyRequest/Page_Store/input_txtprice' is: '810'

2018-06-09 20:37:25 - [MESSAGE][PASSED] - Attribute 'value' of object 'Object Repository/PharmacyRequest/Page_Store/input_txtprice' is: '810'

2018-06-09 20:37:25 - [TEST_STEP][PASSED] - Statement - out.println("Stock QTY : " + StockQty): null

2018-06-09 20:37:25 - [TEST_STEP][PASSED] - delay: Delayed 1 second(s)

2018-06-09 20:37:26 - [MESSAGE][PASSED] - Delayed 1 second(s)

2018-06-09 20:37:26 - [TEST_STEP][PASSED] - Statement - If (java.lang.Integer.valueOf(StockQty) >= java.lang.Integer.valueOf(RequestedQty)): null

2018-06-09 20:37:26 - [TEST_STEP][PASSED] - delay: Delayed 1 second(s)

2018-06-09 20:37:27 - [MESSAGE][PASSED] - Delayed 1 second(s)

2018-06-09 20:37:27 - [TEST_STEP][PASSED] - setText: Text '10' is set on object 'Object Repository/PharmacyRequest/Page_Store/input_txtqty'

2018-06-09 20:37:27 - [MESSAGE][PASSED] - Text '10' is set on object 'Object Repository/PharmacyRequest/Page_Store/input_txtqty'

2018-06-09 20:37:27 - [TEST_STEP][PASSED] - click: Object: 'Object Repository/PharmacyRequest/Page_Store/button_Add' is clicked on

2018-06-09 20:37:27 - [MESSAGE][PASSED] - Object: 'Object Repository/PharmacyRequest/Page_Store/button_Add' is clicked on

2018-06-09 20:37:27 - [TEST_STEP][PASSED] - Statement - Break: null

2018-06-09 20:37:27 - [TEST_STEP][PASSED] - selectOptionByIndex: All options with index in [9] are selected on object 'Object Repository/PharmacyRequest/Page_Store/select_--Select--Amlodepin -5'

2018-06-09 20:37:27 - [MESSAGE][PASSED] - All options with index in [9] are selected on object 'Object Repository/PharmacyRequest/Page_Store/select_--Select--Amlodepin -5'

2018-06-09 20:37:27 - [TEST_STEP][PASSED] - delay: Delayed 1 second(s)

2018-06-09 20:37:28 - [MESSAGE][PASSED] - Delayed 1 second(s)

2018-06-09 20:37:28 - [TEST_STEP][PASSED] - Statement - RequestedQty = com.kms.katalon.core.webui.keyword.WebUiBuiltInKeywords.getAttribute(com.kms.katalon.core.testobject.ObjectRepository.findTestObject(PharmacyRequest/Page_Store/input_txttotal), "value"): Attribute 'value' of object 'Object Repository/PharmacyRequest/Page_Store/input_txttotal' is: '10'

2018-06-09 20:37:28 - [MESSAGE][PASSED] - Attribute 'value' of object 'Object Repository/PharmacyRequest/Page_Store/input_txttotal' is: '10'

2018-06-09 20:37:28 - [TEST_STEP][PASSED] - Statement - out.println("Requested QTY : " + RequestedQty): null

2018-06-09 20:37:28 - [TEST_STEP][PASSED] - Statement - BatchNumber = com.kms.katalon.core.webui.keyword.WebUiBuiltInKeywords.getNumberOfTotalOption(com.kms.katalon.core.testobject.ObjectRepository.findTestObject(PharmacyRequest/Page_Store/select_--Select--BA50)): 3 options of object 'Object Repository/PharmacyRequest/Page_Store/select_--Select--BA50' counted

2018-06-09 20:37:28 - [MESSAGE][PASSED] - 3 options of object 'Object Repository/PharmacyRequest/Page_Store/select_--Select--BA50' counted

2018-06-09 20:37:28 - [TEST_STEP][PASSED] - Statement - For ([g = 1, g <= BatchNumber - 1, (g++)]): null

2018-06-09 20:37:28 - [TEST_STEP][PASSED] - selectOptionByIndex: All options with index in [1] are selected on object 'Object Repository/PharmacyRequest/Page_Store/select_--Select--BA50'

2018-06-09 20:37:28 - [MESSAGE][PASSED] - All options with index in [1] are selected on object 'Object Repository/PharmacyRequest/Page_Store/select_--Select--BA50'

2018-06-09 20:37:28 - [TEST_STEP][PASSED] - delay: Delayed 1 second(s)

2018-06-09 20:37:29 - [MESSAGE][PASSED] - Delayed 1 second(s)

2018-06-09 20:37:29 - [TEST_STEP][PASSED] - Statement - StockQty = com.kms.katalon.core.webui.keyword.WebUiBuiltInKeywords.getAttribute(com.kms.katalon.core.testobject.ObjectRepository.findTestObject(PharmacyRequest/Page_Store/input_txtprice), "value"): Attribute 'value' of object 'Object Repository/PharmacyRequest/Page_Store/input_txtprice' is: '810'

2018-06-09 20:37:29 - [MESSAGE][PASSED] - Attribute 'value' of object 'Object Repository/PharmacyRequest/Page_Store/input_txtprice' is: '810'

2018-06-09 20:37:29 - [TEST_STEP][PASSED] - Statement - out.println("Stock QTY : " + StockQty): null

2018-06-09 20:37:29 - [TEST_STEP][PASSED] - delay: Delayed 1 second(s)

2018-06-09 20:37:30 - [MESSAGE][PASSED] - Delayed 1 second(s)

2018-06-09 20:37:30 - [TEST_STEP][PASSED] - Statement - If (java.lang.Integer.valueOf(StockQty) >= java.lang.Integer.valueOf(RequestedQty)): null

2018-06-09 20:37:30 - [TEST_STEP][PASSED] - delay: Delayed 1 second(s)

2018-06-09 20:37:31 - [MESSAGE][PASSED] - Delayed 1 second(s)

2018-06-09 20:37:31 - [TEST_STEP][PASSED] - setText: Text '10' is set on object 'Object Repository/PharmacyRequest/Page_Store/input_txtqty'

2018-06-09 20:37:31 - [MESSAGE][PASSED] - Text '10' is set on object 'Object Repository/PharmacyRequest/Page_Store/input_txtqty'

2018-06-09 20:37:31 - [TEST_STEP][PASSED] - click: Object: 'Object Repository/PharmacyRequest/Page_Store/button_Add' is clicked on

2018-06-09 20:37:31 - [MESSAGE][PASSED] - Object: 'Object Repository/PharmacyRequest/Page_Store/button_Add' is clicked on

2018-06-09 20:37:31 - [TEST_STEP][PASSED] - Statement - Break: null

2018-06-09 20:37:31 - [TEST_STEP][PASSED] - selectOptionByIndex: All options with index in [10] are selected on object 'Object Repository/PharmacyRequest/Page_Store/select_--Select--Amlodepin -5'

2018-06-09 20:37:31 - [MESSAGE][PASSED] - All options with index in [10] are selected on object 'Object Repository/PharmacyRequest/Page_Store/select_--Select--Amlodepin -5'

2018-06-09 20:37:31 - [TEST_STEP][PASSED] - delay: Delayed 1 second(s)

2018-06-09 20:37:32 - [MESSAGE][PASSED] - Delayed 1 second(s)

2018-06-09 20:37:32 - [TEST_STEP][PASSED] - Statement - RequestedQty = com.kms.katalon.core.webui.keyword.WebUiBuiltInKeywords.getAttribute(com.kms.katalon.core.testobject.ObjectRepository.findTestObject(PharmacyRequest/Page_Store/input_txttotal), "value"): Attribute 'value' of object 'Object Repository/PharmacyRequest/Page_Store/input_txttotal' is: '10'

2018-06-09 20:37:33 - [MESSAGE][PASSED] - Attribute 'value' of object 'Object Repository/PharmacyRequest/Page_Store/input_txttotal' is: '10'

2018-06-09 20:37:33 - [TEST_STEP][PASSED] - Statement - out.println("Requested QTY : " + RequestedQty): null

2018-06-09 20:37:33 - [TEST_STEP][PASSED] - Statement - BatchNumber = com.kms.katalon.core.webui.keyword.WebUiBuiltInKeywords.getNumberOfTotalOption(com.kms.katalon.core.testobject.ObjectRepository.findTestObject(PharmacyRequest/Page_Store/select_--Select--BA50)): 5 options of object 'Object Repository/PharmacyRequest/Page_Store/select_--Select--BA50' counted

2018-06-09 20:37:33 - [MESSAGE][PASSED] - 5 options of object 'Object Repository/PharmacyRequest/Page_Store/select_--Select--BA50' counted

2018-06-09 20:37:33 - [TEST_STEP][PASSED] - Statement - For ([g = 1, g <= BatchNumber - 1, (g++)]): null

2018-06-09 20:37:33 - [TEST_STEP][PASSED] - selectOptionByIndex: All options with index in [1] are selected on object 'Object Repository/PharmacyRequest/Page_Store/select_--Select--BA50'

2018-06-09 20:37:33 - [MESSAGE][PASSED] - All options with index in [1] are selected on object 'Object Repository/PharmacyRequest/Page_Store/select_--Select--BA50'

2018-06-09 20:37:33 - [TEST_STEP][PASSED] - delay: Delayed 1 second(s)

2018-06-09 20:37:34 - [MESSAGE][PASSED] - Delayed 1 second(s)

2018-06-09 20:37:34 - [TEST_STEP][PASSED] - Statement - StockQty = com.kms.katalon.core.webui.keyword.WebUiBuiltInKeywords.getAttribute(com.kms.katalon.core.testobject.ObjectRepository.findTestObject(PharmacyRequest/Page_Store/input_txtprice), "value"): Attribute 'value' of object 'Object Repository/PharmacyRequest/Page_Store/input_txtprice' is: '100'

2018-06-09 20:37:34 - [MESSAGE][PASSED] - Attribute 'value' of object 'Object Repository/PharmacyRequest/Page_Store/input_txtprice' is: '100'

2018-06-09 20:37:34 - [TEST_STEP][PASSED] - Statement - out.println("Stock QTY : " + StockQty): null

2018-06-09 20:37:34 - [TEST_STEP][PASSED] - delay: Delayed 1 second(s)

2018-06-09 20:37:35 - [MESSAGE][PASSED] - Delayed 1 second(s)

2018-06-09 20:37:35 - [TEST_STEP][PASSED] - Statement - If (java.lang.Integer.valueOf(StockQty) >= java.lang.Integer.valueOf(RequestedQty)): null

2018-06-09 20:37:35 - [TEST_STEP][PASSED] - delay: Delayed 1 second(s)

2018-06-09 20:37:36 - [MESSAGE][PASSED] - Delayed 1 second(s)

2018-06-09 20:37:36 - [TEST_STEP][PASSED] - setText: Text '10' is set on object 'Object Repository/PharmacyRequest/Page_Store/input_txtqty'

2018-06-09 20:37:36 - [MESSAGE][PASSED] - Text '10' is set on object 'Object Repository/PharmacyRequest/Page_Store/input_txtqty'

2018-06-09 20:37:36 - [TEST_STEP][PASSED] - click: Object: 'Object Repository/PharmacyRequest/Page_Store/button_Add' is clicked on

2018-06-09 20:37:36 - [MESSAGE][PASSED] - Object: 'Object Repository/PharmacyRequest/Page_Store/button_Add' is clicked on

2018-06-09 20:37:36 - [TEST_STEP][PASSED] - Statement - Break: null

2018-06-09 20:37:36 - [TEST_STEP][PASSED] - selectOptionByIndex: All options with index in [11] are selected on object 'Object Repository/PharmacyRequest/Page_Store/select_--Select--Amlodepin -5'

2018-06-09 20:37:36 - [MESSAGE][PASSED] - All options with index in [11] are selected on object 'Object Repository/PharmacyRequest/Page_Store/select_--Select--Amlodepin -5'

2018-06-09 20:37:36 - [TEST_STEP][PASSED] - delay: Delayed 1 second(s)

2018-06-09 20:37:37 - [MESSAGE][PASSED] - Delayed 1 second(s)

2018-06-09 20:37:37 - [TEST_STEP][PASSED] - Statement - RequestedQty = com.kms.katalon.core.webui.keyword.WebUiBuiltInKeywords.getAttribute(com.kms.katalon.core.testobject.ObjectRepository.findTestObject(PharmacyRequest/Page_Store/input_txttotal), "value"): Attribute 'value' of object 'Object Repository/PharmacyRequest/Page_Store/input_txttotal' is: '10'

2018-06-09 20:37:37 - [MESSAGE][PASSED] - Attribute 'value' of object 'Object Repository/PharmacyRequest/Page_Store/input_txttotal' is: '10'

2018-06-09 20:37:37 - [TEST_STEP][PASSED] - Statement - out.println("Requested QTY : " + RequestedQty): null

2018-06-09 20:37:37 - [TEST_STEP][PASSED] - Statement - BatchNumber = com.kms.katalon.core.webui.keyword.WebUiBuiltInKeywords.getNumberOfTotalOption(com.kms.katalon.core.testobject.ObjectRepository.findTestObject(PharmacyRequest/Page_Store/select_--Select--BA50)): 3 options of object 'Object Repository/PharmacyRequest/Page_Store/select_--Select--BA50' counted

2018-06-09 20:37:37 - [MESSAGE][PASSED] - 3 options of object 'Object Repository/PharmacyRequest/Page_Store/select_--Select--BA50' counted

2018-06-09 20:37:37 - [TEST_STEP][PASSED] - Statement - For ([g = 1, g <= BatchNumber - 1, (g++)]): null

2018-06-09 20:37:37 - [TEST_STEP][PASSED] - selectOptionByIndex: All options with index in [1] are selected on object 'Object Repository/PharmacyRequest/Page_Store/select_--Select--BA50'

2018-06-09 20:37:37 - [MESSAGE][PASSED] - All options with index in [1] are selected on object 'Object Repository/PharmacyRequest/Page_Store/select_--Select--BA50'

2018-06-09 20:37:37 - [TEST_STEP][PASSED] - delay: Delayed 1 second(s)

2018-06-09 20:37:38 - [MESSAGE][PASSED] - Delayed 1 second(s)

2018-06-09 20:37:38 - [TEST_STEP][PASSED] - Statement - StockQty = com.kms.katalon.core.webui.keyword.WebUiBuiltInKeywords.getAttribute(com.kms.katalon.core.testobject.ObjectRepository.findTestObject(PharmacyRequest/Page_Store/input_txtprice), "value"): Attribute 'value' of object 'Object Repository/PharmacyRequest/Page_Store/input_txtprice' is: '810'

2018-06-09 20:37:38 - [MESSAGE][PASSED] - Attribute 'value' of object 'Object Repository/PharmacyRequest/Page_Store/input_txtprice' is: '810'

2018-06-09 20:37:38 - [TEST_STEP][PASSED] - Statement - out.println("Stock QTY : " + StockQty): null

2018-06-09 20:37:38 - [TEST_STEP][PASSED] - delay: Delayed 1 second(s)

2018-06-09 20:37:39 - [MESSAGE][PASSED] - Delayed 1 second(s)

2018-06-09 20:37:39 - [TEST_STEP][PASSED] - Statement - If (java.lang.Integer.valueOf(StockQty) >= java.lang.Integer.valueOf(RequestedQty)): null

2018-06-09 20:37:39 - [TEST_STEP][PASSED] - delay: Delayed 1 second(s)

2018-06-09 20:37:40 - [MESSAGE][PASSED] - Delayed 1 second(s)

2018-06-09 20:37:40 - [TEST_STEP][PASSED] - setText: Text '10' is set on object 'Object Repository/PharmacyRequest/Page_Store/input_txtqty'

2018-06-09 20:37:40 - [MESSAGE][PASSED] - Text '10' is set on object 'Object Repository/PharmacyRequest/Page_Store/input_txtqty'

2018-06-09 20:37:40 - [TEST_STEP][PASSED] - click: Object: 'Object Repository/PharmacyRequest/Page_Store/button_Add' is clicked on

2018-06-09 20:37:40 - [MESSAGE][PASSED] - Object: 'Object Repository/PharmacyRequest/Page_Store/button_Add' is clicked on

2018-06-09 20:37:40 - [TEST_STEP][PASSED] - Statement - Break: null

2018-06-09 20:37:40 - [TEST_STEP][PASSED] - selectOptionByIndex: All options with index in [12] are selected on object 'Object Repository/PharmacyRequest/Page_Store/select_--Select--Amlodepin -5'

2018-06-09 20:37:41 - [MESSAGE][PASSED] - All options with index in [12] are selected on object 'Object Repository/PharmacyRequest/Page_Store/select_--Select--Amlodepin -5'

2018-06-09 20:37:41 - [TEST_STEP][PASSED] - delay: Delayed 1 second(s)

2018-06-09 20:37:42 - [MESSAGE][PASSED] - Delayed 1 second(s)

2018-06-09 20:37:42 - [TEST_STEP][PASSED] - Statement - RequestedQty = com.kms.katalon.core.webui.keyword.WebUiBuiltInKeywords.getAttribute(com.kms.katalon.core.testobject.ObjectRepository.findTestObject(PharmacyRequest/Page_Store/input_txttotal), "value"): Attribute 'value' of object 'Object Repository/PharmacyRequest/Page_Store/input_txttotal' is: '10'

2018-06-09 20:37:42 - [MESSAGE][PASSED] - Attribute 'value' of object 'Object Repository/PharmacyRequest/Page_Store/input_txttotal' is: '10'

2018-06-09 20:37:42 - [TEST_STEP][PASSED] - Statement - out.println("Requested QTY : " + RequestedQty): null

2018-06-09 20:37:42 - [TEST_STEP][PASSED] - Statement - BatchNumber = com.kms.katalon.core.webui.keyword.WebUiBuiltInKeywords.getNumberOfTotalOption(com.kms.katalon.core.testobject.ObjectRepository.findTestObject(PharmacyRequest/Page_Store/select_--Select--BA50)): 3 options of object 'Object Repository/PharmacyRequest/Page_Store/select_--Select--BA50' counted

2018-06-09 20:37:42 - [MESSAGE][PASSED] - 3 options of object 'Object Repository/PharmacyRequest/Page_Store/select_--Select--BA50' counted

2018-06-09 20:37:42 - [TEST_STEP][PASSED] - Statement - For ([g = 1, g <= BatchNumber - 1, (g++)]): null

2018-06-09 20:37:42 - [TEST_STEP][PASSED] - selectOptionByIndex: All options with index in [1] are selected on object 'Object Repository/PharmacyRequest/Page_Store/select_--Select--BA50'

2018-06-09 20:37:42 - [MESSAGE][PASSED] - All options with index in [1] are selected on object 'Object Repository/PharmacyRequest/Page_Store/select_--Select--BA50'

2018-06-09 20:37:42 - [TEST_STEP][PASSED] - delay: Delayed 1 second(s)

2018-06-09 20:37:43 - [MESSAGE][PASSED] - Delayed 1 second(s)

2018-06-09 20:37:43 - [TEST_STEP][PASSED] - Statement - StockQty = com.kms.katalon.core.webui.keyword.WebUiBuiltInKeywords.getAttribute(com.kms.katalon.core.testobject.ObjectRepository.findTestObject(PharmacyRequest/Page_Store/input_txtprice), "value"): Attribute 'value' of object 'Object Repository/PharmacyRequest/Page_Store/input_txtprice' is: '100'

2018-06-09 20:37:43 - [MESSAGE][PASSED] - Attribute 'value' of object 'Object Repository/PharmacyRequest/Page_Store/input_txtprice' is: '100'

2018-06-09 20:37:43 - [TEST_STEP][PASSED] - Statement - out.println("Stock QTY : " + StockQty): null

2018-06-09 20:37:43 - [TEST_STEP][PASSED] - delay: Delayed 1 second(s)

2018-06-09 20:37:44 - [MESSAGE][PASSED] - Delayed 1 second(s)

2018-06-09 20:37:44 - [TEST_STEP][PASSED] - Statement - If (java.lang.Integer.valueOf(StockQty) >= java.lang.Integer.valueOf(RequestedQty)): null

2018-06-09 20:37:44 - [TEST_STEP][PASSED] - delay: Delayed 1 second(s)

2018-06-09 20:37:45 - [MESSAGE][PASSED] - Delayed 1 second(s)

2018-06-09 20:37:45 - [TEST_STEP][PASSED] - setText: Text '10' is set on object 'Object Repository/PharmacyRequest/Page_Store/input_txtqty'

2018-06-09 20:37:45 - [MESSAGE][PASSED] - Text '10' is set on object 'Object Repository/PharmacyRequest/Page_Store/input_txtqty'

2018-06-09 20:37:45 - [TEST_STEP][PASSED] - click: Object: 'Object Repository/PharmacyRequest/Page_Store/button_Add' is clicked on

2018-06-09 20:37:45 - [MESSAGE][PASSED] - Object: 'Object Repository/PharmacyRequest/Page_Store/button_Add' is clicked on

2018-06-09 20:37:45 - [TEST_STEP][PASSED] - Statement - Break: null

2018-06-09 20:37:45 - [TEST_STEP][PASSED] - selectOptionByIndex: All options with index in [13] are selected on object 'Object Repository/PharmacyRequest/Page_Store/select_--Select--Amlodepin -5'

2018-06-09 20:37:45 - [MESSAGE][PASSED] - All options with index in [13] are selected on object 'Object Repository/PharmacyRequest/Page_Store/select_--Select--Amlodepin -5'

2018-06-09 20:37:45 - [TEST_STEP][PASSED] - delay: Delayed 1 second(s)

2018-06-09 20:37:46 - [MESSAGE][PASSED] - Delayed 1 second(s)

2018-06-09 20:37:46 - [TEST_STEP][PASSED] - Statement - RequestedQty = com.kms.katalon.core.webui.keyword.WebUiBuiltInKeywords.getAttribute(com.kms.katalon.core.testobject.ObjectRepository.findTestObject(PharmacyRequest/Page_Store/input_txttotal), "value"): Attribute 'value' of object 'Object Repository/PharmacyRequest/Page_Store/input_txttotal' is: '10'

2018-06-09 20:37:46 - [MESSAGE][PASSED] - Attribute 'value' of object 'Object Repository/PharmacyRequest/Page_Store/input_txttotal' is: '10'

2018-06-09 20:37:46 - [TEST_STEP][PASSED] - Statement - out.println("Requested QTY : " + RequestedQty): null

2018-06-09 20:37:46 - [TEST_STEP][PASSED] - Statement - BatchNumber = com.kms.katalon.core.webui.keyword.WebUiBuiltInKeywords.getNumberOfTotalOption(com.kms.katalon.core.testobject.ObjectRepository.findTestObject(PharmacyRequest/Page_Store/select_--Select--BA50)): 3 options of object 'Object Repository/PharmacyRequest/Page_Store/select_--Select--BA50' counted

2018-06-09 20:37:46 - [MESSAGE][PASSED] - 3 options of object 'Object Repository/PharmacyRequest/Page_Store/select_--Select--BA50' counted

2018-06-09 20:37:46 - [TEST_STEP][PASSED] - Statement - For ([g = 1, g <= BatchNumber - 1, (g++)]): null

2018-06-09 20:37:46 - [TEST_STEP][PASSED] - selectOptionByIndex: All options with index in [1] are selected on object 'Object Repository/PharmacyRequest/Page_Store/select_--Select--BA50'

2018-06-09 20:37:47 - [MESSAGE][PASSED] - All options with index in [1] are selected on object 'Object Repository/PharmacyRequest/Page_Store/select_--Select--BA50'

2018-06-09 20:37:47 - [TEST_STEP][PASSED] - delay: Delayed 1 second(s)

2018-06-09 20:37:48 - [MESSAGE][PASSED] - Delayed 1 second(s)

2018-06-09 20:37:48 - [TEST_STEP][PASSED] - Statement - StockQty = com.kms.katalon.core.webui.keyword.WebUiBuiltInKeywords.getAttribute(com.kms.katalon.core.testobject.ObjectRepository.findTestObject(PharmacyRequest/Page_Store/input_txtprice), "value"): Attribute 'value' of object 'Object Repository/PharmacyRequest/Page_Store/input_txtprice' is: '810'

2018-06-09 20:37:48 - [MESSAGE][PASSED] - Attribute 'value' of object 'Object Repository/PharmacyRequest/Page_Store/input_txtprice' is: '810'

2018-06-09 20:37:48 - [TEST_STEP][PASSED] - Statement - out.println("Stock QTY : " + StockQty): null

2018-06-09 20:37:48 - [TEST_STEP][PASSED] - delay: Delayed 1 second(s)

2018-06-09 20:37:49 - [MESSAGE][PASSED] - Delayed 1 second(s)

2018-06-09 20:37:49 - [TEST_STEP][PASSED] - Statement - If (java.lang.Integer.valueOf(StockQty) >= java.lang.Integer.valueOf(RequestedQty)): null

2018-06-09 20:37:49 - [TEST_STEP][PASSED] - delay: Delayed 1 second(s)

2018-06-09 20:37:50 - [MESSAGE][PASSED] - Delayed 1 second(s)

2018-06-09 20:37:50 - [TEST_STEP][PASSED] - setText: Text '10' is set on object 'Object Repository/PharmacyRequest/Page_Store/input_txtqty'

2018-06-09 20:37:50 - [MESSAGE][PASSED] - Text '10' is set on object 'Object Repository/PharmacyRequest/Page_Store/input_txtqty'

2018-06-09 20:37:50 - [TEST_STEP][PASSED] - click: Object: 'Object Repository/PharmacyRequest/Page_Store/button_Add' is clicked on

2018-06-09 20:37:50 - [MESSAGE][PASSED] - Object: 'Object Repository/PharmacyRequest/Page_Store/button_Add' is clicked on

2018-06-09 20:37:50 - [TEST_STEP][PASSED] - Statement - Break: null

2018-06-09 20:37:50 - [TEST_STEP][PASSED] - selectOptionByIndex: All options with index in [14] are selected on object 'Object Repository/PharmacyRequest/Page_Store/select_--Select--Amlodepin -5'

2018-06-09 20:37:50 - [MESSAGE][PASSED] - All options with index in [14] are selected on object 'Object Repository/PharmacyRequest/Page_Store/select_--Select--Amlodepin -5'

2018-06-09 20:37:50 - [TEST_STEP][PASSED] - delay: Delayed 1 second(s)

2018-06-09 20:37:51 - [MESSAGE][PASSED] - Delayed 1 second(s)

2018-06-09 20:37:51 - [TEST_STEP][PASSED] - Statement - RequestedQty = com.kms.katalon.core.webui.keyword.WebUiBuiltInKeywords.getAttribute(com.kms.katalon.core.testobject.ObjectRepository.findTestObject(PharmacyRequest/Page_Store/input_txttotal), "value"): Attribute 'value' of object 'Object Repository/PharmacyRequest/Page_Store/input_txttotal' is: '10'

2018-06-09 20:37:51 - [MESSAGE][PASSED] - Attribute 'value' of object 'Object Repository/PharmacyRequest/Page_Store/input_txttotal' is: '10'

2018-06-09 20:37:51 - [TEST_STEP][PASSED] - Statement - out.println("Requested QTY : " + RequestedQty): null

2018-06-09 20:37:51 - [TEST_STEP][PASSED] - Statement - BatchNumber = com.kms.katalon.core.webui.keyword.WebUiBuiltInKeywords.getNumberOfTotalOption(com.kms.katalon.core.testobject.ObjectRepository.findTestObject(PharmacyRequest/Page_Store/select_--Select--BA50)): 3 options of object 'Object Repository/PharmacyRequest/Page_Store/select_--Select--BA50' counted

2018-06-09 20:37:51 - [MESSAGE][PASSED] - 3 options of object 'Object Repository/PharmacyRequest/Page_Store/select_--Select--BA50' counted

2018-06-09 20:37:51 - [TEST_STEP][PASSED] - Statement - For ([g = 1, g <= BatchNumber - 1, (g++)]): null

2018-06-09 20:37:51 - [TEST_STEP][PASSED] - selectOptionByIndex: All options with index in [1] are selected on object 'Object Repository/PharmacyRequest/Page_Store/select_--Select--BA50'

2018-06-09 20:37:51 - [MESSAGE][PASSED] - All options with index in [1] are selected on object 'Object Repository/PharmacyRequest/Page_Store/select_--Select--BA50'

2018-06-09 20:37:51 - [TEST_STEP][PASSED] - delay: Delayed 1 second(s)

2018-06-09 20:37:52 - [MESSAGE][PASSED] - Delayed 1 second(s)

2018-06-09 20:37:52 - [TEST_STEP][PASSED] - Statement - StockQty = com.kms.katalon.core.webui.keyword.WebUiBuiltInKeywords.getAttribute(com.kms.katalon.core.testobject.ObjectRepository.findTestObject(PharmacyRequest/Page_Store/input_txtprice), "value"): Attribute 'value' of object 'Object Repository/PharmacyRequest/Page_Store/input_txtprice' is: '400'

2018-06-09 20:37:52 - [MESSAGE][PASSED] - Attribute 'value' of object 'Object Repository/PharmacyRequest/Page_Store/input_txtprice' is: '400'

2018-06-09 20:37:52 - [TEST_STEP][PASSED] - Statement - out.println("Stock QTY : " + StockQty): null

2018-06-09 20:37:52 - [TEST_STEP][PASSED] - delay: Delayed 1 second(s)

2018-06-09 20:37:53 - [MESSAGE][PASSED] - Delayed 1 second(s)

2018-06-09 20:37:53 - [TEST_STEP][PASSED] - Statement - If (java.lang.Integer.valueOf(StockQty) >= java.lang.Integer.valueOf(RequestedQty)): null

2018-06-09 20:37:53 - [TEST_STEP][PASSED] - delay: Delayed 1 second(s)

2018-06-09 20:37:54 - [MESSAGE][PASSED] - Delayed 1 second(s)

2018-06-09 20:37:54 - [TEST_STEP][PASSED] - setText: Text '10' is set on object 'Object Repository/PharmacyRequest/Page_Store/input_txtqty'

2018-06-09 20:37:54 - [MESSAGE][PASSED] - Text '10' is set on object 'Object Repository/PharmacyRequest/Page_Store/input_txtqty'

2018-06-09 20:37:54 - [TEST_STEP][PASSED] - click: Object: 'Object Repository/PharmacyRequest/Page_Store/button_Add' is clicked on

2018-06-09 20:37:54 - [MESSAGE][PASSED] - Object: 'Object Repository/PharmacyRequest/Page_Store/button_Add' is clicked on

2018-06-09 20:37:54 - [TEST_STEP][PASSED] - Statement - Break: null

2018-06-09 20:37:54 - [TEST_STEP][PASSED] - selectOptionByIndex: All options with index in [15] are selected on object 'Object Repository/PharmacyRequest/Page_Store/select_--Select--Amlodepin -5'

2018-06-09 20:37:55 - [MESSAGE][PASSED] - All options with index in [15] are selected on object 'Object Repository/PharmacyRequest/Page_Store/select_--Select--Amlodepin -5'

2018-06-09 20:37:55 - [TEST_STEP][PASSED] - delay: Delayed 1 second(s)

2018-06-09 20:37:56 - [MESSAGE][PASSED] - Delayed 1 second(s)

2018-06-09 20:37:56 - [TEST_STEP][PASSED] - Statement - RequestedQty = com.kms.katalon.core.webui.keyword.WebUiBuiltInKeywords.getAttribute(com.kms.katalon.core.testobject.ObjectRepository.findTestObject(PharmacyRequest/Page_Store/input_txttotal), "value"): Attribute 'value' of object 'Object Repository/PharmacyRequest/Page_Store/input_txttotal' is: '10'

2018-06-09 20:37:56 - [MESSAGE][PASSED] - Attribute 'value' of object 'Object Repository/PharmacyRequest/Page_Store/input_txttotal' is: '10'

2018-06-09 20:37:56 - [TEST_STEP][PASSED] - Statement - out.println("Requested QTY : " + RequestedQty): null

2018-06-09 20:37:56 - [TEST_STEP][PASSED] - Statement - BatchNumber = com.kms.katalon.core.webui.keyword.WebUiBuiltInKeywords.getNumberOfTotalOption(com.kms.katalon.core.testobject.ObjectRepository.findTestObject(PharmacyRequest/Page_Store/select_--Select--BA50)): 2 options of object 'Object Repository/PharmacyRequest/Page_Store/select_--Select--BA50' counted

2018-06-09 20:37:56 - [MESSAGE][PASSED] - 2 options of object 'Object Repository/PharmacyRequest/Page_Store/select_--Select--BA50' counted

2018-06-09 20:37:56 - [TEST_STEP][PASSED] - Statement - For ([g = 1, g <= BatchNumber - 1, (g++)]): null

2018-06-09 20:37:56 - [TEST_STEP][PASSED] - selectOptionByIndex: All options with index in [1] are selected on object 'Object Repository/PharmacyRequest/Page_Store/select_--Select--BA50'

2018-06-09 20:37:56 - [MESSAGE][PASSED] - All options with index in [1] are selected on object 'Object Repository/PharmacyRequest/Page_Store/select_--Select--BA50'

2018-06-09 20:37:56 - [TEST_STEP][PASSED] - delay: Delayed 1 second(s)

2018-06-09 20:37:57 - [MESSAGE][PASSED] - Delayed 1 second(s)

2018-06-09 20:37:57 - [TEST_STEP][PASSED] - Statement - StockQty = com.kms.katalon.core.webui.keyword.WebUiBuiltInKeywords.getAttribute(com.kms.katalon.core.testobject.ObjectRepository.findTestObject(PharmacyRequest/Page_Store/input_txtprice), "value"): Attribute 'value' of object 'Object Repository/PharmacyRequest/Page_Store/input_txtprice' is: '890'

2018-06-09 20:37:57 - [MESSAGE][PASSED] - Attribute 'value' of object 'Object Repository/PharmacyRequest/Page_Store/input_txtprice' is: '890'

2018-06-09 20:37:57 - [TEST_STEP][PASSED] - Statement - out.println("Stock QTY : " + StockQty): null

2018-06-09 20:37:57 - [TEST_STEP][PASSED] - delay: Delayed 1 second(s)

2018-06-09 20:37:58 - [MESSAGE][PASSED] - Delayed 1 second(s)

2018-06-09 20:37:58 - [TEST_STEP][PASSED] - Statement - If (java.lang.Integer.valueOf(StockQty) >= java.lang.Integer.valueOf(RequestedQty)): null

2018-06-09 20:37:58 - [TEST_STEP][PASSED] - delay: Delayed 1 second(s)

2018-06-09 20:37:59 - [MESSAGE][PASSED] - Delayed 1 second(s)

2018-06-09 20:37:59 - [TEST_STEP][PASSED] - setText: Text '10' is set on object 'Object Repository/PharmacyRequest/Page_Store/input_txtqty'

2018-06-09 20:37:59 - [MESSAGE][PASSED] - Text '10' is set on object 'Object Repository/PharmacyRequest/Page_Store/input_txtqty'

2018-06-09 20:37:59 - [TEST_STEP][PASSED] - click: Object: 'Object Repository/PharmacyRequest/Page_Store/button_Add' is clicked on

2018-06-09 20:37:59 - [MESSAGE][PASSED] - Object: 'Object Repository/PharmacyRequest/Page_Store/button_Add' is clicked on

2018-06-09 20:37:59 - [TEST_STEP][PASSED] - Statement - Break: null

2018-06-09 20:37:59 - [TEST_STEP][PASSED] - selectOptionByIndex: All options with index in [16] are selected on object 'Object Repository/PharmacyRequest/Page_Store/select_--Select--Amlodepin -5'

2018-06-09 20:37:59 - [MESSAGE][PASSED] - All options with index in [16] are selected on object 'Object Repository/PharmacyRequest/Page_Store/select_--Select--Amlodepin -5'

2018-06-09 20:37:59 - [TEST_STEP][PASSED] - delay: Delayed 1 second(s)

2018-06-09 20:38:00 - [MESSAGE][PASSED] - Delayed 1 second(s)

2018-06-09 20:38:00 - [TEST_STEP][PASSED] - Statement - RequestedQty = com.kms.katalon.core.webui.keyword.WebUiBuiltInKeywords.getAttribute(com.kms.katalon.core.testobject.ObjectRepository.findTestObject(PharmacyRequest/Page_Store/input_txttotal), "value"): Attribute 'value' of object 'Object Repository/PharmacyRequest/Page_Store/input_txttotal' is: '10'

2018-06-09 20:38:00 - [MESSAGE][PASSED] - Attribute 'value' of object 'Object Repository/PharmacyRequest/Page_Store/input_txttotal' is: '10'

2018-06-09 20:38:00 - [TEST_STEP][PASSED] - Statement - out.println("Requested QTY : " + RequestedQty): null

2018-06-09 20:38:00 - [TEST_STEP][PASSED] - Statement - BatchNumber = com.kms.katalon.core.webui.keyword.WebUiBuiltInKeywords.getNumberOfTotalOption(com.kms.katalon.core.testobject.ObjectRepository.findTestObject(PharmacyRequest/Page_Store/select_--Select--BA50)): 4 options of object 'Object Repository/PharmacyRequest/Page_Store/select_--Select--BA50' counted

2018-06-09 20:38:00 - [MESSAGE][PASSED] - 4 options of object 'Object Repository/PharmacyRequest/Page_Store/select_--Select--BA50' counted

2018-06-09 20:38:00 - [TEST_STEP][PASSED] - Statement - For ([g = 1, g <= BatchNumber - 1, (g++)]): null

2018-06-09 20:38:00 - [TEST_STEP][PASSED] - selectOptionByIndex: All options with index in [1] are selected on object 'Object Repository/PharmacyRequest/Page_Store/select_--Select--BA50'

2018-06-09 20:38:00 - [MESSAGE][PASSED] - All options with index in [1] are selected on object 'Object Repository/PharmacyRequest/Page_Store/select_--Select--BA50'

2018-06-09 20:38:00 - [TEST_STEP][PASSED] - delay: Delayed 1 second(s)

2018-06-09 20:38:01 - [MESSAGE][PASSED] - Delayed 1 second(s)

2018-06-09 20:38:01 - [TEST_STEP][PASSED] - Statement - StockQty = com.kms.katalon.core.webui.keyword.WebUiBuiltInKeywords.getAttribute(com.kms.katalon.core.testobject.ObjectRepository.findTestObject(PharmacyRequest/Page_Store/input_txtprice), "value"): Attribute 'value' of object 'Object Repository/PharmacyRequest/Page_Store/input_txtprice' is: '460'

2018-06-09 20:38:01 - [MESSAGE][PASSED] - Attribute 'value' of object 'Object Repository/PharmacyRequest/Page_Store/input_txtprice' is: '460'

2018-06-09 20:38:01 - [TEST_STEP][PASSED] - Statement - out.println("Stock QTY : " + StockQty): null

2018-06-09 20:38:01 - [TEST_STEP][PASSED] - delay: Delayed 1 second(s)

2018-06-09 20:38:02 - [MESSAGE][PASSED] - Delayed 1 second(s)

2018-06-09 20:38:02 - [TEST_STEP][PASSED] - Statement - If (java.lang.Integer.valueOf(StockQty) >= java.lang.Integer.valueOf(RequestedQty)): null

2018-06-09 20:38:02 - [TEST_STEP][PASSED] - delay: Delayed 1 second(s)

2018-06-09 20:38:03 - [MESSAGE][PASSED] - Delayed 1 second(s)

2018-06-09 20:38:03 - [TEST_STEP][PASSED] - setText: Text '10' is set on object 'Object Repository/PharmacyRequest/Page_Store/input_txtqty'

2018-06-09 20:38:04 - [MESSAGE][PASSED] - Text '10' is set on object 'Object Repository/PharmacyRequest/Page_Store/input_txtqty'

2018-06-09 20:38:04 - [TEST_STEP][PASSED] - click: Object: 'Object Repository/PharmacyRequest/Page_Store/button_Add' is clicked on

2018-06-09 20:38:04 - [MESSAGE][PASSED] - Object: 'Object Repository/PharmacyRequest/Page_Store/button_Add' is clicked on

2018-06-09 20:38:04 - [TEST_STEP][PASSED] - Statement - Break: null

2018-06-09 20:38:04 - [TEST_STEP][PASSED] - selectOptionByIndex: All options with index in [17] are selected on object 'Object Repository/PharmacyRequest/Page_Store/select_--Select--Amlodepin -5'

2018-06-09 20:38:04 - [MESSAGE][PASSED] - All options with index in [17] are selected on object 'Object Repository/PharmacyRequest/Page_Store/select_--Select--Amlodepin -5'

2018-06-09 20:38:04 - [TEST_STEP][PASSED] - delay: Delayed 1 second(s)

2018-06-09 20:38:05 - [MESSAGE][PASSED] - Delayed 1 second(s)

2018-06-09 20:38:05 - [TEST_STEP][PASSED] - Statement - RequestedQty = com.kms.katalon.core.webui.keyword.WebUiBuiltInKeywords.getAttribute(com.kms.katalon.core.testobject.ObjectRepository.findTestObject(PharmacyRequest/Page_Store/input_txttotal), "value"): Attribute 'value' of object 'Object Repository/PharmacyRequest/Page_Store/input_txttotal' is: '10'

2018-06-09 20:38:05 - [MESSAGE][PASSED] - Attribute 'value' of object 'Object Repository/PharmacyRequest/Page_Store/input_txttotal' is: '10'

2018-06-09 20:38:05 - [TEST_STEP][PASSED] - Statement - out.println("Requested QTY : " + RequestedQty): null

2018-06-09 20:38:05 - [TEST_STEP][PASSED] - Statement - BatchNumber = com.kms.katalon.core.webui.keyword.WebUiBuiltInKeywords.getNumberOfTotalOption(com.kms.katalon.core.testobject.ObjectRepository.findTestObject(PharmacyRequest/Page_Store/select_--Select--BA50)): 3 options of object 'Object Repository/PharmacyRequest/Page_Store/select_--Select--BA50' counted

2018-06-09 20:38:05 - [MESSAGE][PASSED] - 3 options of object 'Object Repository/PharmacyRequest/Page_Store/select_--Select--BA50' counted

2018-06-09 20:38:05 - [TEST_STEP][PASSED] - Statement - For ([g = 1, g <= BatchNumber - 1, (g++)]): null

2018-06-09 20:38:05 - [TEST_STEP][PASSED] - selectOptionByIndex: All options with index in [1] are selected on object 'Object Repository/PharmacyRequest/Page_Store/select_--Select--BA50'

2018-06-09 20:38:05 - [MESSAGE][PASSED] - All options with index in [1] are selected on object 'Object Repository/PharmacyRequest/Page_Store/select_--Select--BA50'

2018-06-09 20:38:05 - [TEST_STEP][PASSED] - delay: Delayed 1 second(s)

2018-06-09 20:38:06 - [MESSAGE][PASSED] - Delayed 1 second(s)

2018-06-09 20:38:06 - [TEST_STEP][PASSED] - Statement - StockQty = com.kms.katalon.core.webui.keyword.WebUiBuiltInKeywords.getAttribute(com.kms.katalon.core.testobject.ObjectRepository.findTestObject(PharmacyRequest/Page_Store/input_txtprice), "value"): Attribute 'value' of object 'Object Repository/PharmacyRequest/Page_Store/input_txtprice' is: '810'

2018-06-09 20:38:06 - [MESSAGE][PASSED] - Attribute 'value' of object 'Object Repository/PharmacyRequest/Page_Store/input_txtprice' is: '810'

2018-06-09 20:38:06 - [TEST_STEP][PASSED] - Statement - out.println("Stock QTY : " + StockQty): null

2018-06-09 20:38:06 - [TEST_STEP][PASSED] - delay: Delayed 1 second(s)

2018-06-09 20:38:07 - [MESSAGE][PASSED] - Delayed 1 second(s)

2018-06-09 20:38:07 - [TEST_STEP][PASSED] - Statement - If (java.lang.Integer.valueOf(StockQty) >= java.lang.Integer.valueOf(RequestedQty)): null

2018-06-09 20:38:07 - [TEST_STEP][PASSED] - delay: Delayed 1 second(s)

2018-06-09 20:38:08 - [MESSAGE][PASSED] - Delayed 1 second(s)

2018-06-09 20:38:08 - [TEST_STEP][PASSED] - setText: Text '10' is set on object 'Object Repository/PharmacyRequest/Page_Store/input_txtqty'

2018-06-09 20:38:08 - [MESSAGE][PASSED] - Text '10' is set on object 'Object Repository/PharmacyRequest/Page_Store/input_txtqty'

2018-06-09 20:38:08 - [TEST_STEP][PASSED] - click: Object: 'Object Repository/PharmacyRequest/Page_Store/button_Add' is clicked on

2018-06-09 20:38:08 - [MESSAGE][PASSED] - Object: 'Object Repository/PharmacyRequest/Page_Store/button_Add' is clicked on

2018-06-09 20:38:08 - [TEST_STEP][PASSED] - Statement - Break: null

2018-06-09 20:38:08 - [TEST_STEP][PASSED] - selectOptionByIndex: All options with index in [18] are selected on object 'Object Repository/PharmacyRequest/Page_Store/select_--Select--Amlodepin -5'

2018-06-09 20:38:09 - [MESSAGE][PASSED] - All options with index in [18] are selected on object 'Object Repository/PharmacyRequest/Page_Store/select_--Select--Amlodepin -5'

2018-06-09 20:38:09 - [TEST_STEP][PASSED] - delay: Delayed 1 second(s)

2018-06-09 20:38:10 - [MESSAGE][PASSED] - Delayed 1 second(s)

2018-06-09 20:38:10 - [TEST_STEP][PASSED] - Statement - RequestedQty = com.kms.katalon.core.webui.keyword.WebUiBuiltInKeywords.getAttribute(com.kms.katalon.core.testobject.ObjectRepository.findTestObject(PharmacyRequest/Page_Store/input_txttotal), "value"): Attribute 'value' of object 'Object Repository/PharmacyRequest/Page_Store/input_txttotal' is: '10'

2018-06-09 20:38:10 - [MESSAGE][PASSED] - Attribute 'value' of object 'Object Repository/PharmacyRequest/Page_Store/input_txttotal' is: '10'

2018-06-09 20:38:10 - [TEST_STEP][PASSED] - Statement - out.println("Requested QTY : " + RequestedQty): null

2018-06-09 20:38:10 - [TEST_STEP][PASSED] - Statement - BatchNumber = com.kms.katalon.core.webui.keyword.WebUiBuiltInKeywords.getNumberOfTotalOption(com.kms.katalon.core.testobject.ObjectRepository.findTestObject(PharmacyRequest/Page_Store/select_--Select--BA50)): 4 options of object 'Object Repository/PharmacyRequest/Page_Store/select_--Select--BA50' counted

2018-06-09 20:38:10 - [MESSAGE][PASSED] - 4 options of object 'Object Repository/PharmacyRequest/Page_Store/select_--Select--BA50' counted

2018-06-09 20:38:10 - [TEST_STEP][PASSED] - Statement - For ([g = 1, g <= BatchNumber - 1, (g++)]): null

2018-06-09 20:38:10 - [TEST_STEP][PASSED] - selectOptionByIndex: All options with index in [1] are selected on object 'Object Repository/PharmacyRequest/Page_Store/select_--Select--BA50'

2018-06-09 20:38:10 - [MESSAGE][PASSED] - All options with index in [1] are selected on object 'Object Repository/PharmacyRequest/Page_Store/select_--Select--BA50'

2018-06-09 20:38:10 - [TEST_STEP][PASSED] - delay: Delayed 1 second(s)

2018-06-09 20:38:11 - [MESSAGE][PASSED] - Delayed 1 second(s)

2018-06-09 20:38:11 - [TEST_STEP][PASSED] - Statement - StockQty = com.kms.katalon.core.webui.keyword.WebUiBuiltInKeywords.getAttribute(com.kms.katalon.core.testobject.ObjectRepository.findTestObject(PharmacyRequest/Page_Store/input_txtprice), "value"): Attribute 'value' of object 'Object Repository/PharmacyRequest/Page_Store/input_txtprice' is: '400'

2018-06-09 20:38:11 - [MESSAGE][PASSED] - Attribute 'value' of object 'Object Repository/PharmacyRequest/Page_Store/input_txtprice' is: '400'

2018-06-09 20:38:11 - [TEST_STEP][PASSED] - Statement - out.println("Stock QTY : " + StockQty): null

2018-06-09 20:38:11 - [TEST_STEP][PASSED] - delay: Delayed 1 second(s)

2018-06-09 20:38:12 - [MESSAGE][PASSED] - Delayed 1 second(s)

2018-06-09 20:38:12 - [TEST_STEP][PASSED] - Statement - If (java.lang.Integer.valueOf(StockQty) >= java.lang.Integer.valueOf(RequestedQty)): null

2018-06-09 20:38:12 - [TEST_STEP][PASSED] - delay: Delayed 1 second(s)

2018-06-09 20:38:13 - [MESSAGE][PASSED] - Delayed 1 second(s)

2018-06-09 20:38:13 - [TEST_STEP][PASSED] - setText: Text '10' is set on object 'Object Repository/PharmacyRequest/Page_Store/input_txtqty'

2018-06-09 20:38:13 - [MESSAGE][PASSED] - Text '10' is set on object 'Object Repository/PharmacyRequest/Page_Store/input_txtqty'

2018-06-09 20:38:13 - [TEST_STEP][PASSED] - click: Object: 'Object Repository/PharmacyRequest/Page_Store/button_Add' is clicked on

2018-06-09 20:38:13 - [MESSAGE][PASSED] - Object: 'Object Repository/PharmacyRequest/Page_Store/button_Add' is clicked on

2018-06-09 20:38:13 - [TEST_STEP][PASSED] - Statement - Break: null

2018-06-09 20:38:13 - [TEST_STEP][PASSED] - selectOptionByIndex: All options with index in [19] are selected on object 'Object Repository/PharmacyRequest/Page_Store/select_--Select--Amlodepin -5'

2018-06-09 20:38:13 - [MESSAGE][PASSED] - All options with index in [19] are selected on object 'Object Repository/PharmacyRequest/Page_Store/select_--Select--Amlodepin -5'

2018-06-09 20:38:13 - [TEST_STEP][PASSED] - delay: Delayed 1 second(s)

2018-06-09 20:38:14 - [MESSAGE][PASSED] - Delayed 1 second(s)

2018-06-09 20:38:14 - [TEST_STEP][PASSED] - Statement - RequestedQty = com.kms.katalon.core.webui.keyword.WebUiBuiltInKeywords.getAttribute(com.kms.katalon.core.testobject.ObjectRepository.findTestObject(PharmacyRequest/Page_Store/input_txttotal), "value"): Attribute 'value' of object 'Object Repository/PharmacyRequest/Page_Store/input_txttotal' is: '10'

2018-06-09 20:38:14 - [MESSAGE][PASSED] - Attribute 'value' of object 'Object Repository/PharmacyRequest/Page_Store/input_txttotal' is: '10'

2018-06-09 20:38:14 - [TEST_STEP][PASSED] - Statement - out.println("Requested QTY : " + RequestedQty): null

2018-06-09 20:38:14 - [TEST_STEP][PASSED] - Statement - BatchNumber = com.kms.katalon.core.webui.keyword.WebUiBuiltInKeywords.getNumberOfTotalOption(com.kms.katalon.core.testobject.ObjectRepository.findTestObject(PharmacyRequest/Page_Store/select_--Select--BA50)): 3 options of object 'Object Repository/PharmacyRequest/Page_Store/select_--Select--BA50' counted

2018-06-09 20:38:14 - [MESSAGE][PASSED] - 3 options of object 'Object Repository/PharmacyRequest/Page_Store/select_--Select--BA50' counted

2018-06-09 20:38:14 - [TEST_STEP][PASSED] - Statement - For ([g = 1, g <= BatchNumber - 1, (g++)]): null

2018-06-09 20:38:14 - [TEST_STEP][PASSED] - selectOptionByIndex: All options with index in [1] are selected on object 'Object Repository/PharmacyRequest/Page_Store/select_--Select--BA50'

2018-06-09 20:38:14 - [MESSAGE][PASSED] - All options with index in [1] are selected on object 'Object Repository/PharmacyRequest/Page_Store/select_--Select--BA50'

2018-06-09 20:38:14 - [TEST_STEP][PASSED] - delay: Delayed 1 second(s)

2018-06-09 20:38:15 - [MESSAGE][PASSED] - Delayed 1 second(s)

2018-06-09 20:38:15 - [TEST_STEP][PASSED] - Statement - StockQty = com.kms.katalon.core.webui.keyword.WebUiBuiltInKeywords.getAttribute(com.kms.katalon.core.testobject.ObjectRepository.findTestObject(PharmacyRequest/Page_Store/input_txtprice), "value"): Attribute 'value' of object 'Object Repository/PharmacyRequest/Page_Store/input_txtprice' is: '810'

2018-06-09 20:38:15 - [MESSAGE][PASSED] - Attribute 'value' of object 'Object Repository/PharmacyRequest/Page_Store/input_txtprice' is: '810'

2018-06-09 20:38:15 - [TEST_STEP][PASSED] - Statement - out.println("Stock QTY : " + StockQty): null

2018-06-09 20:38:15 - [TEST_STEP][PASSED] - delay: Delayed 1 second(s)

2018-06-09 20:38:16 - [MESSAGE][PASSED] - Delayed 1 second(s)

2018-06-09 20:38:16 - [TEST_STEP][PASSED] - Statement - If (java.lang.Integer.valueOf(StockQty) >= java.lang.Integer.valueOf(RequestedQty)): null

2018-06-09 20:38:16 - [TEST_STEP][PASSED] - delay: Delayed 1 second(s)

2018-06-09 20:38:17 - [MESSAGE][PASSED] - Delayed 1 second(s)

2018-06-09 20:38:17 - [TEST_STEP][PASSED] - setText: Text '10' is set on object 'Object Repository/PharmacyRequest/Page_Store/input_txtqty'

2018-06-09 20:38:18 - [MESSAGE][PASSED] - Text '10' is set on object 'Object Repository/PharmacyRequest/Page_Store/input_txtqty'

2018-06-09 20:38:18 - [TEST_STEP][PASSED] - click: Object: 'Object Repository/PharmacyRequest/Page_Store/button_Add' is clicked on

2018-06-09 20:38:18 - [MESSAGE][PASSED] - Object: 'Object Repository/PharmacyRequest/Page_Store/button_Add' is clicked on

2018-06-09 20:38:18 - [TEST_STEP][PASSED] - Statement - Break: null

2018-06-09 20:38:18 - [TEST_STEP][PASSED] - selectOptionByIndex: All options with index in [20] are selected on object 'Object Repository/PharmacyRequest/Page_Store/select_--Select--Amlodepin -5'

2018-06-09 20:38:18 - [MESSAGE][PASSED] - All options with index in [20] are selected on object 'Object Repository/PharmacyRequest/Page_Store/select_--Select--Amlodepin -5'

2018-06-09 20:38:18 - [TEST_STEP][PASSED] - delay: Delayed 1 second(s)

2018-06-09 20:38:19 - [MESSAGE][PASSED] - Delayed 1 second(s)

2018-06-09 20:38:19 - [TEST_STEP][PASSED] - Statement - RequestedQty = com.kms.katalon.core.webui.keyword.WebUiBuiltInKeywords.getAttribute(com.kms.katalon.core.testobject.ObjectRepository.findTestObject(PharmacyRequest/Page_Store/input_txttotal), "value"): Attribute 'value' of object 'Object Repository/PharmacyRequest/Page_Store/input_txttotal' is: '10'

2018-06-09 20:38:19 - [MESSAGE][PASSED] - Attribute 'value' of object 'Object Repository/PharmacyRequest/Page_Store/input_txttotal' is: '10'

2018-06-09 20:38:19 - [TEST_STEP][PASSED] - Statement - out.println("Requested QTY : " + RequestedQty): null

2018-06-09 20:38:19 - [TEST_STEP][PASSED] - Statement - BatchNumber = com.kms.katalon.core.webui.keyword.WebUiBuiltInKeywords.getNumberOfTotalOption(com.kms.katalon.core.testobject.ObjectRepository.findTestObject(PharmacyRequest/Page_Store/select_--Select--BA50)): 3 options of object 'Object Repository/PharmacyRequest/Page_Store/select_--Select--BA50' counted

2018-06-09 20:38:19 - [MESSAGE][PASSED] - 3 options of object 'Object Repository/PharmacyRequest/Page_Store/select_--Select--BA50' counted

2018-06-09 20:38:19 - [TEST_STEP][PASSED] - Statement - For ([g = 1, g <= BatchNumber - 1, (g++)]): null

2018-06-09 20:38:19 - [TEST_STEP][PASSED] - selectOptionByIndex: All options with index in [1] are selected on object 'Object Repository/PharmacyRequest/Page_Store/select_--Select--BA50'

2018-06-09 20:38:19 - [MESSAGE][PASSED] - All options with index in [1] are selected on object 'Object Repository/PharmacyRequest/Page_Store/select_--Select--BA50'

2018-06-09 20:38:19 - [TEST_STEP][PASSED] - delay: Delayed 1 second(s)

2018-06-09 20:38:20 - [MESSAGE][PASSED] - Delayed 1 second(s)

2018-06-09 20:38:20 - [TEST_STEP][PASSED] - Statement - StockQty = com.kms.katalon.core.webui.keyword.WebUiBuiltInKeywords.getAttribute(com.kms.katalon.core.testobject.ObjectRepository.findTestObject(PharmacyRequest/Page_Store/input_txtprice), "value"): Attribute 'value' of object 'Object Repository/PharmacyRequest/Page_Store/input_txtprice' is: '810'

2018-06-09 20:38:20 - [MESSAGE][PASSED] - Attribute 'value' of object 'Object Repository/PharmacyRequest/Page_Store/input_txtprice' is: '810'

2018-06-09 20:38:20 - [TEST_STEP][PASSED] - Statement - out.println("Stock QTY : " + StockQty): null

2018-06-09 20:38:20 - [TEST_STEP][PASSED] - delay: Delayed 1 second(s)

2018-06-09 20:38:21 - [MESSAGE][PASSED] - Delayed 1 second(s)

2018-06-09 20:38:21 - [TEST_STEP][PASSED] - Statement - If (java.lang.Integer.valueOf(StockQty) >= java.lang.Integer.valueOf(RequestedQty)): null

2018-06-09 20:38:21 - [TEST_STEP][PASSED] - delay: Delayed 1 second(s)

2018-06-09 20:38:22 - [MESSAGE][PASSED] - Delayed 1 second(s)

2018-06-09 20:38:22 - [TEST_STEP][PASSED] - setText: Text '10' is set on object 'Object Repository/PharmacyRequest/Page_Store/input_txtqty'

2018-06-09 20:38:22 - [MESSAGE][PASSED] - Text '10' is set on object 'Object Repository/PharmacyRequest/Page_Store/input_txtqty'

2018-06-09 20:38:22 - [TEST_STEP][PASSED] - click: Object: 'Object Repository/PharmacyRequest/Page_Store/button_Add' is clicked on

2018-06-09 20:38:22 - [MESSAGE][PASSED] - Object: 'Object Repository/PharmacyRequest/Page_Store/button_Add' is clicked on

2018-06-09 20:38:22 - [TEST_STEP][PASSED] - Statement - Break: null

2018-06-09 20:38:22 - [TEST_STEP][PASSED] - selectOptionByIndex: All options with index in [21] are selected on object 'Object Repository/PharmacyRequest/Page_Store/select_--Select--Amlodepin -5'

2018-06-09 20:38:23 - [MESSAGE][PASSED] - All options with index in [21] are selected on object 'Object Repository/PharmacyRequest/Page_Store/select_--Select--Amlodepin -5'

2018-06-09 20:38:23 - [TEST_STEP][PASSED] - delay: Delayed 1 second(s)

2018-06-09 20:38:24 - [MESSAGE][PASSED] - Delayed 1 second(s)

2018-06-09 20:38:24 - [TEST_STEP][PASSED] - Statement - RequestedQty = com.kms.katalon.core.webui.keyword.WebUiBuiltInKeywords.getAttribute(com.kms.katalon.core.testobject.ObjectRepository.findTestObject(PharmacyRequest/Page_Store/input_txttotal), "value"): Attribute 'value' of object 'Object Repository/PharmacyRequest/Page_Store/input_txttotal' is: '10'

2018-06-09 20:38:24 - [MESSAGE][PASSED] - Attribute 'value' of object 'Object Repository/PharmacyRequest/Page_Store/input_txttotal' is: '10'

2018-06-09 20:38:24 - [TEST_STEP][PASSED] - Statement - out.println("Requested QTY : " + RequestedQty): null

2018-06-09 20:38:24 - [TEST_STEP][PASSED] - Statement - BatchNumber = com.kms.katalon.core.webui.keyword.WebUiBuiltInKeywords.getNumberOfTotalOption(com.kms.katalon.core.testobject.ObjectRepository.findTestObject(PharmacyRequest/Page_Store/select_--Select--BA50)): 3 options of object 'Object Repository/PharmacyRequest/Page_Store/select_--Select--BA50' counted

2018-06-09 20:38:24 - [MESSAGE][PASSED] - 3 options of object 'Object Repository/PharmacyRequest/Page_Store/select_--Select--BA50' counted

2018-06-09 20:38:24 - [TEST_STEP][PASSED] - Statement - For ([g = 1, g <= BatchNumber - 1, (g++)]): null

2018-06-09 20:38:24 - [TEST_STEP][PASSED] - selectOptionByIndex: All options with index in [1] are selected on object 'Object Repository/PharmacyRequest/Page_Store/select_--Select--BA50'

2018-06-09 20:38:24 - [MESSAGE][PASSED] - All options with index in [1] are selected on object 'Object Repository/PharmacyRequest/Page_Store/select_--Select--BA50'

2018-06-09 20:38:24 - [TEST_STEP][PASSED] - delay: Delayed 1 second(s)

2018-06-09 20:38:25 - [MESSAGE][PASSED] - Delayed 1 second(s)

2018-06-09 20:38:25 - [TEST_STEP][PASSED] - Statement - StockQty = com.kms.katalon.core.webui.keyword.WebUiBuiltInKeywords.getAttribute(com.kms.katalon.core.testobject.ObjectRepository.findTestObject(PharmacyRequest/Page_Store/input_txtprice), "value"): Attribute 'value' of object 'Object Repository/PharmacyRequest/Page_Store/input_txtprice' is: '810'

2018-06-09 20:38:25 - [MESSAGE][PASSED] - Attribute 'value' of object 'Object Repository/PharmacyRequest/Page_Store/input_txtprice' is: '810'

2018-06-09 20:38:25 - [TEST_STEP][PASSED] - Statement - out.println("Stock QTY : " + StockQty): null

2018-06-09 20:38:25 - [TEST_STEP][PASSED] - delay: Delayed 1 second(s)

2018-06-09 20:38:26 - [MESSAGE][PASSED] - Delayed 1 second(s)

2018-06-09 20:38:26 - [TEST_STEP][PASSED] - Statement - If (java.lang.Integer.valueOf(StockQty) >= java.lang.Integer.valueOf(RequestedQty)): null

2018-06-09 20:38:26 - [TEST_STEP][PASSED] - delay: Delayed 1 second(s)

2018-06-09 20:38:27 - [MESSAGE][PASSED] - Delayed 1 second(s)

2018-06-09 20:38:27 - [TEST_STEP][PASSED] - setText: Text '10' is set on object 'Object Repository/PharmacyRequest/Page_Store/input_txtqty'

2018-06-09 20:38:27 - [MESSAGE][PASSED] - Text '10' is set on object 'Object Repository/PharmacyRequest/Page_Store/input_txtqty'

2018-06-09 20:38:27 - [TEST_STEP][PASSED] - click: Object: 'Object Repository/PharmacyRequest/Page_Store/button_Add' is clicked on

2018-06-09 20:38:27 - [MESSAGE][PASSED] - Object: 'Object Repository/PharmacyRequest/Page_Store/button_Add' is clicked on

2018-06-09 20:38:27 - [TEST_STEP][PASSED] - Statement - Break: null

2018-06-09 20:38:27 - [TEST_STEP][PASSED] - selectOptionByIndex: All options with index in [22] are selected on object 'Object Repository/PharmacyRequest/Page_Store/select_--Select--Amlodepin -5'

2018-06-09 20:38:27 - [MESSAGE][PASSED] - All options with index in [22] are selected on object 'Object Repository/PharmacyRequest/Page_Store/select_--Select--Amlodepin -5'

2018-06-09 20:38:27 - [TEST_STEP][PASSED] - delay: Delayed 1 second(s)

2018-06-09 20:38:28 - [MESSAGE][PASSED] - Delayed 1 second(s)

2018-06-09 20:38:28 - [TEST_STEP][PASSED] - Statement - RequestedQty = com.kms.katalon.core.webui.keyword.WebUiBuiltInKeywords.getAttribute(com.kms.katalon.core.testobject.ObjectRepository.findTestObject(PharmacyRequest/Page_Store/input_txttotal), "value"): Attribute 'value' of object 'Object Repository/PharmacyRequest/Page_Store/input_txttotal' is: '10'

2018-06-09 20:38:28 - [MESSAGE][PASSED] - Attribute 'value' of object 'Object Repository/PharmacyRequest/Page_Store/input_txttotal' is: '10'

2018-06-09 20:38:28 - [TEST_STEP][PASSED] - Statement - out.println("Requested QTY : " + RequestedQty): null

2018-06-09 20:38:28 - [TEST_STEP][PASSED] - Statement - BatchNumber = com.kms.katalon.core.webui.keyword.WebUiBuiltInKeywords.getNumberOfTotalOption(com.kms.katalon.core.testobject.ObjectRepository.findTestObject(PharmacyRequest/Page_Store/select_--Select--BA50)): 4 options of object 'Object Repository/PharmacyRequest/Page_Store/select_--Select--BA50' counted

2018-06-09 20:38:28 - [MESSAGE][PASSED] - 4 options of object 'Object Repository/PharmacyRequest/Page_Store/select_--Select--BA50' counted

2018-06-09 20:38:28 - [TEST_STEP][PASSED] - Statement - For ([g = 1, g <= BatchNumber - 1, (g++)]): null

2018-06-09 20:38:28 - [TEST_STEP][PASSED] - selectOptionByIndex: All options with index in [1] are selected on object 'Object Repository/PharmacyRequest/Page_Store/select_--Select--BA50'

2018-06-09 20:38:28 - [MESSAGE][PASSED] - All options with index in [1] are selected on object 'Object Repository/PharmacyRequest/Page_Store/select_--Select--BA50'

2018-06-09 20:38:28 - [TEST_STEP][PASSED] - delay: Delayed 1 second(s)

2018-06-09 20:38:29 - [MESSAGE][PASSED] - Delayed 1 second(s)

2018-06-09 20:38:29 - [TEST_STEP][PASSED] - Statement - StockQty = com.kms.katalon.core.webui.keyword.WebUiBuiltInKeywords.getAttribute(com.kms.katalon.core.testobject.ObjectRepository.findTestObject(PharmacyRequest/Page_Store/input_txtprice), "value"): Attribute 'value' of object 'Object Repository/PharmacyRequest/Page_Store/input_txtprice' is: '400'

2018-06-09 20:38:30 - [MESSAGE][PASSED] - Attribute 'value' of object 'Object Repository/PharmacyRequest/Page_Store/input_txtprice' is: '400'

2018-06-09 20:38:30 - [TEST_STEP][PASSED] - Statement - out.println("Stock QTY : " + StockQty): null

2018-06-09 20:38:30 - [TEST_STEP][PASSED] - delay: Delayed 1 second(s)

2018-06-09 20:38:31 - [MESSAGE][PASSED] - Delayed 1 second(s)

2018-06-09 20:38:31 - [TEST_STEP][PASSED] - Statement - If (java.lang.Integer.valueOf(StockQty) >= java.lang.Integer.valueOf(RequestedQty)): null

2018-06-09 20:38:31 - [TEST_STEP][PASSED] - delay: Delayed 1 second(s)

2018-06-09 20:38:32 - [MESSAGE][PASSED] - Delayed 1 second(s)

2018-06-09 20:38:32 - [TEST_STEP][PASSED] - setText: Text '10' is set on object 'Object Repository/PharmacyRequest/Page_Store/input_txtqty'

2018-06-09 20:38:32 - [MESSAGE][PASSED] - Text '10' is set on object 'Object Repository/PharmacyRequest/Page_Store/input_txtqty'

2018-06-09 20:38:32 - [TEST_STEP][PASSED] - click: Object: 'Object Repository/PharmacyRequest/Page_Store/button_Add' is clicked on

2018-06-09 20:38:32 - [MESSAGE][PASSED] - Object: 'Object Repository/PharmacyRequest/Page_Store/button_Add' is clicked on

2018-06-09 20:38:32 - [TEST_STEP][PASSED] - Statement - Break: null

2018-06-09 20:38:32 - [TEST_STEP][PASSED] - selectOptionByIndex: All options with index in [23] are selected on object 'Object Repository/PharmacyRequest/Page_Store/select_--Select--Amlodepin -5'

2018-06-09 20:38:32 - [MESSAGE][PASSED] - All options with index in [23] are selected on object 'Object Repository/PharmacyRequest/Page_Store/select_--Select--Amlodepin -5'

2018-06-09 20:38:32 - [TEST_STEP][PASSED] - delay: Delayed 1 second(s)

2018-06-09 20:38:33 - [MESSAGE][PASSED] - Delayed 1 second(s)

2018-06-09 20:38:33 - [TEST_STEP][PASSED] - Statement - RequestedQty = com.kms.katalon.core.webui.keyword.WebUiBuiltInKeywords.getAttribute(com.kms.katalon.core.testobject.ObjectRepository.findTestObject(PharmacyRequest/Page_Store/input_txttotal), "value"): Attribute 'value' of object 'Object Repository/PharmacyRequest/Page_Store/input_txttotal' is: '10'

2018-06-09 20:38:33 - [MESSAGE][PASSED] - Attribute 'value' of object 'Object Repository/PharmacyRequest/Page_Store/input_txttotal' is: '10'

2018-06-09 20:38:33 - [TEST_STEP][PASSED] - Statement - out.println("Requested QTY : " + RequestedQty): null

2018-06-09 20:38:33 - [TEST_STEP][PASSED] - Statement - BatchNumber = com.kms.katalon.core.webui.keyword.WebUiBuiltInKeywords.getNumberOfTotalOption(com.kms.katalon.core.testobject.ObjectRepository.findTestObject(PharmacyRequest/Page_Store/select_--Select--BA50)): 3 options of object 'Object Repository/PharmacyRequest/Page_Store/select_--Select--BA50' counted

2018-06-09 20:38:33 - [MESSAGE][PASSED] - 3 options of object 'Object Repository/PharmacyRequest/Page_Store/select_--Select--BA50' counted

2018-06-09 20:38:33 - [TEST_STEP][PASSED] - Statement - For ([g = 1, g <= BatchNumber - 1, (g++)]): null

2018-06-09 20:38:33 - [TEST_STEP][PASSED] - selectOptionByIndex: All options with index in [1] are selected on object 'Object Repository/PharmacyRequest/Page_Store/select_--Select--BA50'

2018-06-09 20:38:33 - [MESSAGE][PASSED] - All options with index in [1] are selected on object 'Object Repository/PharmacyRequest/Page_Store/select_--Select--BA50'

2018-06-09 20:38:33 - [TEST_STEP][PASSED] - delay: Delayed 1 second(s)

2018-06-09 20:38:34 - [MESSAGE][PASSED] - Delayed 1 second(s)

2018-06-09 20:38:34 - [TEST_STEP][PASSED] - Statement - StockQty = com.kms.katalon.core.webui.keyword.WebUiBuiltInKeywords.getAttribute(com.kms.katalon.core.testobject.ObjectRepository.findTestObject(PharmacyRequest/Page_Store/input_txtprice), "value"): Attribute 'value' of object 'Object Repository/PharmacyRequest/Page_Store/input_txtprice' is: '810'

2018-06-09 20:38:34 - [MESSAGE][PASSED] - Attribute 'value' of object 'Object Repository/PharmacyRequest/Page_Store/input_txtprice' is: '810'

2018-06-09 20:38:34 - [TEST_STEP][PASSED] - Statement - out.println("Stock QTY : " + StockQty): null

2018-06-09 20:38:34 - [TEST_STEP][PASSED] - delay: Delayed 1 second(s)

2018-06-09 20:38:35 - [MESSAGE][PASSED] - Delayed 1 second(s)

2018-06-09 20:38:35 - [TEST_STEP][PASSED] - Statement - If (java.lang.Integer.valueOf(StockQty) >= java.lang.Integer.valueOf(RequestedQty)): null

2018-06-09 20:38:35 - [TEST_STEP][PASSED] - delay: Delayed 1 second(s)

2018-06-09 20:38:36 - [MESSAGE][PASSED] - Delayed 1 second(s)

2018-06-09 20:38:36 - [TEST_STEP][PASSED] - setText: Text '10' is set on object 'Object Repository/PharmacyRequest/Page_Store/input_txtqty'

2018-06-09 20:38:36 - [MESSAGE][PASSED] - Text '10' is set on object 'Object Repository/PharmacyRequest/Page_Store/input_txtqty'

2018-06-09 20:38:36 - [TEST_STEP][PASSED] - click: Object: 'Object Repository/PharmacyRequest/Page_Store/button_Add' is clicked on

2018-06-09 20:38:36 - [MESSAGE][PASSED] - Object: 'Object Repository/PharmacyRequest/Page_Store/button_Add' is clicked on

2018-06-09 20:38:36 - [TEST_STEP][PASSED] - Statement - Break: null

2018-06-09 20:38:36 - [TEST_STEP][PASSED] - scrollToElement: Scroll to object 'Object Repository/PharmacyRequest/Page_Store/input_btnSubmit' successfully

2018-06-09 20:38:36 - [MESSAGE][PASSED] - Scroll to object 'Object Repository/PharmacyRequest/Page_Store/input_btnSubmit' successfully

2018-06-09 20:38:36 - [TEST_STEP][PASSED] - click: Object: 'Object Repository/PharmacyRequest/Page_Store/input_btnSubmit' is clicked on

2018-06-09 20:38:37 - [MESSAGE][PASSED] - Object: 'Object Repository/PharmacyRequest/Page_Store/input_btnSubmit' is clicked on

2018-06-09 20:38:37 - [TEST_STEP][PASSED] - delay: Delayed 3 second(s)

2018-06-09 20:38:40 - [MESSAGE][PASSED] - Delayed 3 second(s)

2018-06-09 20:38:40 - [TEST_STEP][PASSED] - click: Object: 'Object Repository/PharmacyRequest/Page_Store/button_OK' is clicked on

2018-06-09 20:38:40 - [MESSAGE][PASSED] - Object: 'Object Repository/PharmacyRequest/Page_Store/button_OK' is clicked on

2018-06-09 20:38:40 - [TEST_STEP][PASSED] - delay: Delayed 3 second(s)

2018-06-09 20:38:43 - [MESSAGE][PASSED] - Delayed 3 second(s)

2018-06-09 20:38:43 - [TEST_STEP][PASSED] - click: Object: 'Object Repository/PharmacyRequest/Page_Store/a_dropdown-toggle' is clicked on

2018-06-09 20:38:43 - [MESSAGE][PASSED] - Object: 'Object Repository/PharmacyRequest/Page_Store/a_dropdown-toggle' is clicked on

2018-06-09 20:38:43 - [TEST_STEP][PASSED] - click: Object: 'Object Repository/PharmacyRequest/Page_Store/a_Sign out' is clicked on

2018-06-09 20:38:44 - [MESSAGE][PASSED] - Object: 'Object Repository/PharmacyRequest/Page_Store/a_Sign out' is clicked on

2018-06-09 20:38:44 - [TEST_STEP][PASSED] - closeBrowser: Browser is closed

2018-06-09 20:38:44 - [MESSAGE][PASSED] - Browser is closed

2018-06-09 20:38:44 - [TEST_STEP][PASSED] - Statement - out.println("Schedule 7 Pharmacy Request Are Working Successfully"): null]]></system-out>
         <system-err><![CDATA[]]></system-err>
      </testcase>
      <testcase name="Test Cases/PHARMACY TEST CASES/TC_PHAR_008 Verify Schedule 8 Pharmacy Request Are Working Successfully Or Not" classname="Test Cases/PHARMACY TEST CASES/TC_PHAR_008 Verify Schedule 8 Pharmacy Request Are Working Successfully Or Not" status="PASSED">
         <system-out><![CDATA[2018-06-09 20:38:44 - [TEST_CASE][PASSED] - Test Cases/PHARMACY TEST CASES/TC_PHAR_008 Verify Schedule 8 Pharmacy Request Are Working Successfully Or Not: Test Cases/PHARMACY TEST CASES/TC_PHAR_008 Verify Schedule 8 Pharmacy Request Are Working Successfully Or Not

2018-06-09 20:38:45 - [TEST_STEP][PASSED] - openBrowser: Browser is opened with url: ''

2018-06-09 20:38:47 - [MESSAGE][PASSED] - Browser is opened with url: ''

2018-06-09 20:38:47 - [TEST_STEP][PASSED] - Statement - out.println("Verify Schedule 8 Pharmacy Request Are Working Successfully Or Not"): null

2018-06-09 20:38:47 - [TEST_STEP][PASSED] - navigateToUrl: Navigate to 'http://192.168.137.1/multihospital_new/' successfully

2018-06-09 20:38:48 - [MESSAGE][PASSED] - Navigate to 'http://192.168.137.1/multihospital_new/' successfully

2018-06-09 20:38:48 - [TEST_STEP][PASSED] - maximizeWindow: Current window maximized

2018-06-09 20:38:50 - [MESSAGE][PASSED] - Current window maximized

2018-06-09 20:38:50 - [TEST_STEP][PASSED] - click: Object: 'Object Repository/PharmacyRequest/Page_KDMC/a_Pharmacy' is clicked on

2018-06-09 20:38:50 - [MESSAGE][PASSED] - Object: 'Object Repository/PharmacyRequest/Page_KDMC/a_Pharmacy' is clicked on

2018-06-09 20:38:50 - [TEST_STEP][PASSED] - setText: Text 'raja' is set on object 'Object Repository/PharmacyRequest/Page_Pharmacy login/input_txtusername'

2018-06-09 20:38:50 - [MESSAGE][PASSED] - Text 'raja' is set on object 'Object Repository/PharmacyRequest/Page_Pharmacy login/input_txtusername'

2018-06-09 20:38:50 - [TEST_STEP][PASSED] - setText: Text '123' is set on object 'Object Repository/PharmacyRequest/Page_Pharmacy login/input_txtpassword'

2018-06-09 20:38:50 - [MESSAGE][PASSED] - Text '123' is set on object 'Object Repository/PharmacyRequest/Page_Pharmacy login/input_txtpassword'

2018-06-09 20:38:50 - [TEST_STEP][PASSED] - delay: Delayed 3 second(s)

2018-06-09 20:38:53 - [MESSAGE][PASSED] - Delayed 3 second(s)

2018-06-09 20:38:53 - [TEST_STEP][PASSED] - click: Object: 'Object Repository/PharmacyRequest/Page_Pharmacy login/button_Sign in' is clicked on

2018-06-09 20:38:54 - [MESSAGE][PASSED] - Object: 'Object Repository/PharmacyRequest/Page_Pharmacy login/button_Sign in' is clicked on

2018-06-09 20:38:54 - [TEST_STEP][PASSED] - delay: Delayed 3 second(s)

2018-06-09 20:38:57 - [MESSAGE][PASSED] - Delayed 3 second(s)

2018-06-09 20:38:57 - [TEST_STEP][PASSED] - click: Object: 'Object Repository/PharmacyRequest/Page_KDMC - Pharmacy/a_Inventory' is clicked on

2018-06-09 20:38:59 - [MESSAGE][PASSED] - Object: 'Object Repository/PharmacyRequest/Page_KDMC - Pharmacy/a_Inventory' is clicked on

2018-06-09 20:38:59 - [TEST_STEP][PASSED] - delay: Delayed 3 second(s)

2018-06-09 20:39:02 - [MESSAGE][PASSED] - Delayed 3 second(s)

2018-06-09 20:39:02 - [TEST_STEP][PASSED] - click: Object: 'Object Repository/PharmacyRequest/Page_KDMC-Pharmacy/a_Store Request' is clicked on

2018-06-09 20:39:02 - [MESSAGE][PASSED] - Object: 'Object Repository/PharmacyRequest/Page_KDMC-Pharmacy/a_Store Request' is clicked on

2018-06-09 20:39:02 - [TEST_STEP][PASSED] - delay: Delayed 1 second(s)

2018-06-09 20:39:03 - [MESSAGE][PASSED] - Delayed 1 second(s)

2018-06-09 20:39:03 - [TEST_STEP][PASSED] - click: Object: 'Object Repository/PharmacyRequest/Page_KDMC-Pharmacy/a_Medicine Request' is clicked on

2018-06-09 20:39:04 - [MESSAGE][PASSED] - Object: 'Object Repository/PharmacyRequest/Page_KDMC-Pharmacy/a_Medicine Request' is clicked on

2018-06-09 20:39:04 - [TEST_STEP][PASSED] - selectOptionByIndex: All options with index in [8] are selected on object 'Object Repository/PharmacyRequest/Page_KDMC-Pharmacy/select_--Select--Schedule 1Inj'

2018-06-09 20:39:04 - [MESSAGE][PASSED] - All options with index in [8] are selected on object 'Object Repository/PharmacyRequest/Page_KDMC-Pharmacy/select_--Select--Schedule 1Inj'

2018-06-09 20:39:04 - [TEST_STEP][PASSED] - Statement - MedicineLength = com.kms.katalon.core.webui.keyword.WebUiBuiltInKeywords.getNumberOfTotalOption(com.kms.katalon.core.testobject.ObjectRepository.findTestObject(PharmacyRequest/Page_KDMC-Pharmacy/select_--Select--Albendazole)): 18 options of object 'Object Repository/PharmacyRequest/Page_KDMC-Pharmacy/select_--Select--Albendazole' counted

2018-06-09 20:39:04 - [MESSAGE][PASSED] - 18 options of object 'Object Repository/PharmacyRequest/Page_KDMC-Pharmacy/select_--Select--Albendazole' counted

2018-06-09 20:39:04 - [TEST_STEP][PASSED] - Statement - For ([l = 1, l <= MedicineLength - 1, (l++)]): Object: 'Object Repository/PharmacyRequest/Page_KDMC-Pharmacy/button_Add' is clicked on

2018-06-09 20:39:04 - [TEST_STEP][PASSED] - selectOptionByIndex: All options with index in [8] are selected on object 'Object Repository/PharmacyRequest/Page_KDMC-Pharmacy/select_--Select--Schedule 1Inj'

2018-06-09 20:39:04 - [MESSAGE][PASSED] - All options with index in [8] are selected on object 'Object Repository/PharmacyRequest/Page_KDMC-Pharmacy/select_--Select--Schedule 1Inj'

2018-06-09 20:39:04 - [TEST_STEP][PASSED] - selectOptionByIndex: All options with index in [1] are selected on object 'Object Repository/PharmacyRequest/Page_KDMC-Pharmacy/select_--Select--Albendazole'

2018-06-09 20:39:04 - [MESSAGE][PASSED] - All options with index in [1] are selected on object 'Object Repository/PharmacyRequest/Page_KDMC-Pharmacy/select_--Select--Albendazole'

2018-06-09 20:39:04 - [TEST_STEP][PASSED] - setText: Text '10' is set on object 'Object Repository/PharmacyRequest/Page_KDMC-Pharmacy/input_txttreat'

2018-06-09 20:39:05 - [MESSAGE][PASSED] - Text '10' is set on object 'Object Repository/PharmacyRequest/Page_KDMC-Pharmacy/input_txttreat'

2018-06-09 20:39:05 - [TEST_STEP][PASSED] - click: Object: 'Object Repository/PharmacyRequest/Page_KDMC-Pharmacy/button_Add' is clicked on

2018-06-09 20:39:05 - [MESSAGE][PASSED] - Object: 'Object Repository/PharmacyRequest/Page_KDMC-Pharmacy/button_Add' is clicked on

2018-06-09 20:39:05 - [TEST_STEP][PASSED] - selectOptionByIndex: All options with index in [8] are selected on object 'Object Repository/PharmacyRequest/Page_KDMC-Pharmacy/select_--Select--Schedule 1Inj'

2018-06-09 20:39:05 - [MESSAGE][PASSED] - All options with index in [8] are selected on object 'Object Repository/PharmacyRequest/Page_KDMC-Pharmacy/select_--Select--Schedule 1Inj'

2018-06-09 20:39:05 - [TEST_STEP][PASSED] - selectOptionByIndex: All options with index in [2] are selected on object 'Object Repository/PharmacyRequest/Page_KDMC-Pharmacy/select_--Select--Albendazole'

2018-06-09 20:39:05 - [MESSAGE][PASSED] - All options with index in [2] are selected on object 'Object Repository/PharmacyRequest/Page_KDMC-Pharmacy/select_--Select--Albendazole'

2018-06-09 20:39:05 - [TEST_STEP][PASSED] - setText: Text '10' is set on object 'Object Repository/PharmacyRequest/Page_KDMC-Pharmacy/input_txttreat'

2018-06-09 20:39:05 - [MESSAGE][PASSED] - Text '10' is set on object 'Object Repository/PharmacyRequest/Page_KDMC-Pharmacy/input_txttreat'

2018-06-09 20:39:05 - [TEST_STEP][PASSED] - click: Object: 'Object Repository/PharmacyRequest/Page_KDMC-Pharmacy/button_Add' is clicked on

2018-06-09 20:39:05 - [MESSAGE][PASSED] - Object: 'Object Repository/PharmacyRequest/Page_KDMC-Pharmacy/button_Add' is clicked on

2018-06-09 20:39:05 - [TEST_STEP][PASSED] - selectOptionByIndex: All options with index in [8] are selected on object 'Object Repository/PharmacyRequest/Page_KDMC-Pharmacy/select_--Select--Schedule 1Inj'

2018-06-09 20:39:05 - [MESSAGE][PASSED] - All options with index in [8] are selected on object 'Object Repository/PharmacyRequest/Page_KDMC-Pharmacy/select_--Select--Schedule 1Inj'

2018-06-09 20:39:05 - [TEST_STEP][PASSED] - selectOptionByIndex: All options with index in [3] are selected on object 'Object Repository/PharmacyRequest/Page_KDMC-Pharmacy/select_--Select--Albendazole'

2018-06-09 20:39:05 - [MESSAGE][PASSED] - All options with index in [3] are selected on object 'Object Repository/PharmacyRequest/Page_KDMC-Pharmacy/select_--Select--Albendazole'

2018-06-09 20:39:05 - [TEST_STEP][PASSED] - setText: Text '10' is set on object 'Object Repository/PharmacyRequest/Page_KDMC-Pharmacy/input_txttreat'

2018-06-09 20:39:06 - [MESSAGE][PASSED] - Text '10' is set on object 'Object Repository/PharmacyRequest/Page_KDMC-Pharmacy/input_txttreat'

2018-06-09 20:39:06 - [TEST_STEP][PASSED] - click: Object: 'Object Repository/PharmacyRequest/Page_KDMC-Pharmacy/button_Add' is clicked on

2018-06-09 20:39:06 - [MESSAGE][PASSED] - Object: 'Object Repository/PharmacyRequest/Page_KDMC-Pharmacy/button_Add' is clicked on

2018-06-09 20:39:06 - [TEST_STEP][PASSED] - selectOptionByIndex: All options with index in [8] are selected on object 'Object Repository/PharmacyRequest/Page_KDMC-Pharmacy/select_--Select--Schedule 1Inj'

2018-06-09 20:39:06 - [MESSAGE][PASSED] - All options with index in [8] are selected on object 'Object Repository/PharmacyRequest/Page_KDMC-Pharmacy/select_--Select--Schedule 1Inj'

2018-06-09 20:39:06 - [TEST_STEP][PASSED] - selectOptionByIndex: All options with index in [4] are selected on object 'Object Repository/PharmacyRequest/Page_KDMC-Pharmacy/select_--Select--Albendazole'

2018-06-09 20:39:06 - [MESSAGE][PASSED] - All options with index in [4] are selected on object 'Object Repository/PharmacyRequest/Page_KDMC-Pharmacy/select_--Select--Albendazole'

2018-06-09 20:39:06 - [TEST_STEP][PASSED] - setText: Text '10' is set on object 'Object Repository/PharmacyRequest/Page_KDMC-Pharmacy/input_txttreat'

2018-06-09 20:39:06 - [MESSAGE][PASSED] - Text '10' is set on object 'Object Repository/PharmacyRequest/Page_KDMC-Pharmacy/input_txttreat'

2018-06-09 20:39:06 - [TEST_STEP][PASSED] - click: Object: 'Object Repository/PharmacyRequest/Page_KDMC-Pharmacy/button_Add' is clicked on

2018-06-09 20:39:06 - [MESSAGE][PASSED] - Object: 'Object Repository/PharmacyRequest/Page_KDMC-Pharmacy/button_Add' is clicked on

2018-06-09 20:39:06 - [TEST_STEP][PASSED] - selectOptionByIndex: All options with index in [8] are selected on object 'Object Repository/PharmacyRequest/Page_KDMC-Pharmacy/select_--Select--Schedule 1Inj'

2018-06-09 20:39:06 - [MESSAGE][PASSED] - All options with index in [8] are selected on object 'Object Repository/PharmacyRequest/Page_KDMC-Pharmacy/select_--Select--Schedule 1Inj'

2018-06-09 20:39:06 - [TEST_STEP][PASSED] - selectOptionByIndex: All options with index in [5] are selected on object 'Object Repository/PharmacyRequest/Page_KDMC-Pharmacy/select_--Select--Albendazole'

2018-06-09 20:39:06 - [MESSAGE][PASSED] - All options with index in [5] are selected on object 'Object Repository/PharmacyRequest/Page_KDMC-Pharmacy/select_--Select--Albendazole'

2018-06-09 20:39:06 - [TEST_STEP][PASSED] - setText: Text '10' is set on object 'Object Repository/PharmacyRequest/Page_KDMC-Pharmacy/input_txttreat'

2018-06-09 20:39:06 - [MESSAGE][PASSED] - Text '10' is set on object 'Object Repository/PharmacyRequest/Page_KDMC-Pharmacy/input_txttreat'

2018-06-09 20:39:06 - [TEST_STEP][PASSED] - click: Object: 'Object Repository/PharmacyRequest/Page_KDMC-Pharmacy/button_Add' is clicked on

2018-06-09 20:39:06 - [MESSAGE][PASSED] - Object: 'Object Repository/PharmacyRequest/Page_KDMC-Pharmacy/button_Add' is clicked on

2018-06-09 20:39:06 - [TEST_STEP][PASSED] - selectOptionByIndex: All options with index in [8] are selected on object 'Object Repository/PharmacyRequest/Page_KDMC-Pharmacy/select_--Select--Schedule 1Inj'

2018-06-09 20:39:07 - [MESSAGE][PASSED] - All options with index in [8] are selected on object 'Object Repository/PharmacyRequest/Page_KDMC-Pharmacy/select_--Select--Schedule 1Inj'

2018-06-09 20:39:07 - [TEST_STEP][PASSED] - selectOptionByIndex: All options with index in [6] are selected on object 'Object Repository/PharmacyRequest/Page_KDMC-Pharmacy/select_--Select--Albendazole'

2018-06-09 20:39:07 - [MESSAGE][PASSED] - All options with index in [6] are selected on object 'Object Repository/PharmacyRequest/Page_KDMC-Pharmacy/select_--Select--Albendazole'

2018-06-09 20:39:07 - [TEST_STEP][PASSED] - setText: Text '10' is set on object 'Object Repository/PharmacyRequest/Page_KDMC-Pharmacy/input_txttreat'

2018-06-09 20:39:07 - [MESSAGE][PASSED] - Text '10' is set on object 'Object Repository/PharmacyRequest/Page_KDMC-Pharmacy/input_txttreat'

2018-06-09 20:39:07 - [TEST_STEP][PASSED] - click: Object: 'Object Repository/PharmacyRequest/Page_KDMC-Pharmacy/button_Add' is clicked on

2018-06-09 20:39:07 - [MESSAGE][PASSED] - Object: 'Object Repository/PharmacyRequest/Page_KDMC-Pharmacy/button_Add' is clicked on

2018-06-09 20:39:07 - [TEST_STEP][PASSED] - selectOptionByIndex: All options with index in [8] are selected on object 'Object Repository/PharmacyRequest/Page_KDMC-Pharmacy/select_--Select--Schedule 1Inj'

2018-06-09 20:39:07 - [MESSAGE][PASSED] - All options with index in [8] are selected on object 'Object Repository/PharmacyRequest/Page_KDMC-Pharmacy/select_--Select--Schedule 1Inj'

2018-06-09 20:39:07 - [TEST_STEP][PASSED] - selectOptionByIndex: All options with index in [7] are selected on object 'Object Repository/PharmacyRequest/Page_KDMC-Pharmacy/select_--Select--Albendazole'

2018-06-09 20:39:07 - [MESSAGE][PASSED] - All options with index in [7] are selected on object 'Object Repository/PharmacyRequest/Page_KDMC-Pharmacy/select_--Select--Albendazole'

2018-06-09 20:39:07 - [TEST_STEP][PASSED] - setText: Text '10' is set on object 'Object Repository/PharmacyRequest/Page_KDMC-Pharmacy/input_txttreat'

2018-06-09 20:39:07 - [MESSAGE][PASSED] - Text '10' is set on object 'Object Repository/PharmacyRequest/Page_KDMC-Pharmacy/input_txttreat'

2018-06-09 20:39:07 - [TEST_STEP][PASSED] - click: Object: 'Object Repository/PharmacyRequest/Page_KDMC-Pharmacy/button_Add' is clicked on

2018-06-09 20:39:07 - [MESSAGE][PASSED] - Object: 'Object Repository/PharmacyRequest/Page_KDMC-Pharmacy/button_Add' is clicked on

2018-06-09 20:39:07 - [TEST_STEP][PASSED] - selectOptionByIndex: All options with index in [8] are selected on object 'Object Repository/PharmacyRequest/Page_KDMC-Pharmacy/select_--Select--Schedule 1Inj'

2018-06-09 20:39:08 - [MESSAGE][PASSED] - All options with index in [8] are selected on object 'Object Repository/PharmacyRequest/Page_KDMC-Pharmacy/select_--Select--Schedule 1Inj'

2018-06-09 20:39:08 - [TEST_STEP][PASSED] - selectOptionByIndex: All options with index in [8] are selected on object 'Object Repository/PharmacyRequest/Page_KDMC-Pharmacy/select_--Select--Albendazole'

2018-06-09 20:39:08 - [MESSAGE][PASSED] - All options with index in [8] are selected on object 'Object Repository/PharmacyRequest/Page_KDMC-Pharmacy/select_--Select--Albendazole'

2018-06-09 20:39:08 - [TEST_STEP][PASSED] - setText: Text '10' is set on object 'Object Repository/PharmacyRequest/Page_KDMC-Pharmacy/input_txttreat'

2018-06-09 20:39:08 - [MESSAGE][PASSED] - Text '10' is set on object 'Object Repository/PharmacyRequest/Page_KDMC-Pharmacy/input_txttreat'

2018-06-09 20:39:08 - [TEST_STEP][PASSED] - click: Object: 'Object Repository/PharmacyRequest/Page_KDMC-Pharmacy/button_Add' is clicked on

2018-06-09 20:39:08 - [MESSAGE][PASSED] - Object: 'Object Repository/PharmacyRequest/Page_KDMC-Pharmacy/button_Add' is clicked on

2018-06-09 20:39:08 - [TEST_STEP][PASSED] - selectOptionByIndex: All options with index in [8] are selected on object 'Object Repository/PharmacyRequest/Page_KDMC-Pharmacy/select_--Select--Schedule 1Inj'

2018-06-09 20:39:08 - [MESSAGE][PASSED] - All options with index in [8] are selected on object 'Object Repository/PharmacyRequest/Page_KDMC-Pharmacy/select_--Select--Schedule 1Inj'

2018-06-09 20:39:08 - [TEST_STEP][PASSED] - selectOptionByIndex: All options with index in [9] are selected on object 'Object Repository/PharmacyRequest/Page_KDMC-Pharmacy/select_--Select--Albendazole'

2018-06-09 20:39:08 - [MESSAGE][PASSED] - All options with index in [9] are selected on object 'Object Repository/PharmacyRequest/Page_KDMC-Pharmacy/select_--Select--Albendazole'

2018-06-09 20:39:08 - [TEST_STEP][PASSED] - setText: Text '10' is set on object 'Object Repository/PharmacyRequest/Page_KDMC-Pharmacy/input_txttreat'

2018-06-09 20:39:08 - [MESSAGE][PASSED] - Text '10' is set on object 'Object Repository/PharmacyRequest/Page_KDMC-Pharmacy/input_txttreat'

2018-06-09 20:39:08 - [TEST_STEP][PASSED] - click: Object: 'Object Repository/PharmacyRequest/Page_KDMC-Pharmacy/button_Add' is clicked on

2018-06-09 20:39:08 - [MESSAGE][PASSED] - Object: 'Object Repository/PharmacyRequest/Page_KDMC-Pharmacy/button_Add' is clicked on

2018-06-09 20:39:08 - [TEST_STEP][PASSED] - selectOptionByIndex: All options with index in [8] are selected on object 'Object Repository/PharmacyRequest/Page_KDMC-Pharmacy/select_--Select--Schedule 1Inj'

2018-06-09 20:39:08 - [MESSAGE][PASSED] - All options with index in [8] are selected on object 'Object Repository/PharmacyRequest/Page_KDMC-Pharmacy/select_--Select--Schedule 1Inj'

2018-06-09 20:39:08 - [TEST_STEP][PASSED] - selectOptionByIndex: All options with index in [10] are selected on object 'Object Repository/PharmacyRequest/Page_KDMC-Pharmacy/select_--Select--Albendazole'

2018-06-09 20:39:09 - [MESSAGE][PASSED] - All options with index in [10] are selected on object 'Object Repository/PharmacyRequest/Page_KDMC-Pharmacy/select_--Select--Albendazole'

2018-06-09 20:39:09 - [TEST_STEP][PASSED] - setText: Text '10' is set on object 'Object Repository/PharmacyRequest/Page_KDMC-Pharmacy/input_txttreat'

2018-06-09 20:39:09 - [MESSAGE][PASSED] - Text '10' is set on object 'Object Repository/PharmacyRequest/Page_KDMC-Pharmacy/input_txttreat'

2018-06-09 20:39:09 - [TEST_STEP][PASSED] - click: Object: 'Object Repository/PharmacyRequest/Page_KDMC-Pharmacy/button_Add' is clicked on

2018-06-09 20:39:09 - [MESSAGE][PASSED] - Object: 'Object Repository/PharmacyRequest/Page_KDMC-Pharmacy/button_Add' is clicked on

2018-06-09 20:39:09 - [TEST_STEP][PASSED] - selectOptionByIndex: All options with index in [8] are selected on object 'Object Repository/PharmacyRequest/Page_KDMC-Pharmacy/select_--Select--Schedule 1Inj'

2018-06-09 20:39:09 - [MESSAGE][PASSED] - All options with index in [8] are selected on object 'Object Repository/PharmacyRequest/Page_KDMC-Pharmacy/select_--Select--Schedule 1Inj'

2018-06-09 20:39:09 - [TEST_STEP][PASSED] - selectOptionByIndex: All options with index in [11] are selected on object 'Object Repository/PharmacyRequest/Page_KDMC-Pharmacy/select_--Select--Albendazole'

2018-06-09 20:39:09 - [MESSAGE][PASSED] - All options with index in [11] are selected on object 'Object Repository/PharmacyRequest/Page_KDMC-Pharmacy/select_--Select--Albendazole'

2018-06-09 20:39:09 - [TEST_STEP][PASSED] - setText: Text '10' is set on object 'Object Repository/PharmacyRequest/Page_KDMC-Pharmacy/input_txttreat'

2018-06-09 20:39:09 - [MESSAGE][PASSED] - Text '10' is set on object 'Object Repository/PharmacyRequest/Page_KDMC-Pharmacy/input_txttreat'

2018-06-09 20:39:09 - [TEST_STEP][PASSED] - click: Object: 'Object Repository/PharmacyRequest/Page_KDMC-Pharmacy/button_Add' is clicked on

2018-06-09 20:39:09 - [MESSAGE][PASSED] - Object: 'Object Repository/PharmacyRequest/Page_KDMC-Pharmacy/button_Add' is clicked on

2018-06-09 20:39:09 - [TEST_STEP][PASSED] - selectOptionByIndex: All options with index in [8] are selected on object 'Object Repository/PharmacyRequest/Page_KDMC-Pharmacy/select_--Select--Schedule 1Inj'

2018-06-09 20:39:09 - [MESSAGE][PASSED] - All options with index in [8] are selected on object 'Object Repository/PharmacyRequest/Page_KDMC-Pharmacy/select_--Select--Schedule 1Inj'

2018-06-09 20:39:09 - [TEST_STEP][PASSED] - selectOptionByIndex: All options with index in [12] are selected on object 'Object Repository/PharmacyRequest/Page_KDMC-Pharmacy/select_--Select--Albendazole'

2018-06-09 20:39:10 - [MESSAGE][PASSED] - All options with index in [12] are selected on object 'Object Repository/PharmacyRequest/Page_KDMC-Pharmacy/select_--Select--Albendazole'

2018-06-09 20:39:10 - [TEST_STEP][PASSED] - setText: Text '10' is set on object 'Object Repository/PharmacyRequest/Page_KDMC-Pharmacy/input_txttreat'

2018-06-09 20:39:10 - [MESSAGE][PASSED] - Text '10' is set on object 'Object Repository/PharmacyRequest/Page_KDMC-Pharmacy/input_txttreat'

2018-06-09 20:39:10 - [TEST_STEP][PASSED] - click: Object: 'Object Repository/PharmacyRequest/Page_KDMC-Pharmacy/button_Add' is clicked on

2018-06-09 20:39:10 - [MESSAGE][PASSED] - Object: 'Object Repository/PharmacyRequest/Page_KDMC-Pharmacy/button_Add' is clicked on

2018-06-09 20:39:10 - [TEST_STEP][PASSED] - selectOptionByIndex: All options with index in [8] are selected on object 'Object Repository/PharmacyRequest/Page_KDMC-Pharmacy/select_--Select--Schedule 1Inj'

2018-06-09 20:39:10 - [MESSAGE][PASSED] - All options with index in [8] are selected on object 'Object Repository/PharmacyRequest/Page_KDMC-Pharmacy/select_--Select--Schedule 1Inj'

2018-06-09 20:39:10 - [TEST_STEP][PASSED] - selectOptionByIndex: All options with index in [13] are selected on object 'Object Repository/PharmacyRequest/Page_KDMC-Pharmacy/select_--Select--Albendazole'

2018-06-09 20:39:10 - [MESSAGE][PASSED] - All options with index in [13] are selected on object 'Object Repository/PharmacyRequest/Page_KDMC-Pharmacy/select_--Select--Albendazole'

2018-06-09 20:39:10 - [TEST_STEP][PASSED] - setText: Text '10' is set on object 'Object Repository/PharmacyRequest/Page_KDMC-Pharmacy/input_txttreat'

2018-06-09 20:39:10 - [MESSAGE][PASSED] - Text '10' is set on object 'Object Repository/PharmacyRequest/Page_KDMC-Pharmacy/input_txttreat'

2018-06-09 20:39:10 - [TEST_STEP][PASSED] - click: Object: 'Object Repository/PharmacyRequest/Page_KDMC-Pharmacy/button_Add' is clicked on

2018-06-09 20:39:10 - [MESSAGE][PASSED] - Object: 'Object Repository/PharmacyRequest/Page_KDMC-Pharmacy/button_Add' is clicked on

2018-06-09 20:39:10 - [TEST_STEP][PASSED] - selectOptionByIndex: All options with index in [8] are selected on object 'Object Repository/PharmacyRequest/Page_KDMC-Pharmacy/select_--Select--Schedule 1Inj'

2018-06-09 20:39:10 - [MESSAGE][PASSED] - All options with index in [8] are selected on object 'Object Repository/PharmacyRequest/Page_KDMC-Pharmacy/select_--Select--Schedule 1Inj'

2018-06-09 20:39:10 - [TEST_STEP][PASSED] - selectOptionByIndex: All options with index in [14] are selected on object 'Object Repository/PharmacyRequest/Page_KDMC-Pharmacy/select_--Select--Albendazole'

2018-06-09 20:39:11 - [MESSAGE][PASSED] - All options with index in [14] are selected on object 'Object Repository/PharmacyRequest/Page_KDMC-Pharmacy/select_--Select--Albendazole'

2018-06-09 20:39:11 - [TEST_STEP][PASSED] - setText: Text '10' is set on object 'Object Repository/PharmacyRequest/Page_KDMC-Pharmacy/input_txttreat'

2018-06-09 20:39:11 - [MESSAGE][PASSED] - Text '10' is set on object 'Object Repository/PharmacyRequest/Page_KDMC-Pharmacy/input_txttreat'

2018-06-09 20:39:11 - [TEST_STEP][PASSED] - click: Object: 'Object Repository/PharmacyRequest/Page_KDMC-Pharmacy/button_Add' is clicked on

2018-06-09 20:39:11 - [MESSAGE][PASSED] - Object: 'Object Repository/PharmacyRequest/Page_KDMC-Pharmacy/button_Add' is clicked on

2018-06-09 20:39:11 - [TEST_STEP][PASSED] - selectOptionByIndex: All options with index in [8] are selected on object 'Object Repository/PharmacyRequest/Page_KDMC-Pharmacy/select_--Select--Schedule 1Inj'

2018-06-09 20:39:11 - [MESSAGE][PASSED] - All options with index in [8] are selected on object 'Object Repository/PharmacyRequest/Page_KDMC-Pharmacy/select_--Select--Schedule 1Inj'

2018-06-09 20:39:11 - [TEST_STEP][PASSED] - selectOptionByIndex: All options with index in [15] are selected on object 'Object Repository/PharmacyRequest/Page_KDMC-Pharmacy/select_--Select--Albendazole'

2018-06-09 20:39:11 - [MESSAGE][PASSED] - All options with index in [15] are selected on object 'Object Repository/PharmacyRequest/Page_KDMC-Pharmacy/select_--Select--Albendazole'

2018-06-09 20:39:11 - [TEST_STEP][PASSED] - setText: Text '10' is set on object 'Object Repository/PharmacyRequest/Page_KDMC-Pharmacy/input_txttreat'

2018-06-09 20:39:11 - [MESSAGE][PASSED] - Text '10' is set on object 'Object Repository/PharmacyRequest/Page_KDMC-Pharmacy/input_txttreat'

2018-06-09 20:39:11 - [TEST_STEP][PASSED] - click: Object: 'Object Repository/PharmacyRequest/Page_KDMC-Pharmacy/button_Add' is clicked on

2018-06-09 20:39:11 - [MESSAGE][PASSED] - Object: 'Object Repository/PharmacyRequest/Page_KDMC-Pharmacy/button_Add' is clicked on

2018-06-09 20:39:11 - [TEST_STEP][PASSED] - selectOptionByIndex: All options with index in [8] are selected on object 'Object Repository/PharmacyRequest/Page_KDMC-Pharmacy/select_--Select--Schedule 1Inj'

2018-06-09 20:39:11 - [MESSAGE][PASSED] - All options with index in [8] are selected on object 'Object Repository/PharmacyRequest/Page_KDMC-Pharmacy/select_--Select--Schedule 1Inj'

2018-06-09 20:39:11 - [TEST_STEP][PASSED] - selectOptionByIndex: All options with index in [16] are selected on object 'Object Repository/PharmacyRequest/Page_KDMC-Pharmacy/select_--Select--Albendazole'

2018-06-09 20:39:12 - [MESSAGE][PASSED] - All options with index in [16] are selected on object 'Object Repository/PharmacyRequest/Page_KDMC-Pharmacy/select_--Select--Albendazole'

2018-06-09 20:39:12 - [TEST_STEP][PASSED] - setText: Text '10' is set on object 'Object Repository/PharmacyRequest/Page_KDMC-Pharmacy/input_txttreat'

2018-06-09 20:39:12 - [MESSAGE][PASSED] - Text '10' is set on object 'Object Repository/PharmacyRequest/Page_KDMC-Pharmacy/input_txttreat'

2018-06-09 20:39:12 - [TEST_STEP][PASSED] - click: Object: 'Object Repository/PharmacyRequest/Page_KDMC-Pharmacy/button_Add' is clicked on

2018-06-09 20:39:12 - [MESSAGE][PASSED] - Object: 'Object Repository/PharmacyRequest/Page_KDMC-Pharmacy/button_Add' is clicked on

2018-06-09 20:39:12 - [TEST_STEP][PASSED] - selectOptionByIndex: All options with index in [8] are selected on object 'Object Repository/PharmacyRequest/Page_KDMC-Pharmacy/select_--Select--Schedule 1Inj'

2018-06-09 20:39:12 - [MESSAGE][PASSED] - All options with index in [8] are selected on object 'Object Repository/PharmacyRequest/Page_KDMC-Pharmacy/select_--Select--Schedule 1Inj'

2018-06-09 20:39:12 - [TEST_STEP][PASSED] - selectOptionByIndex: All options with index in [17] are selected on object 'Object Repository/PharmacyRequest/Page_KDMC-Pharmacy/select_--Select--Albendazole'

2018-06-09 20:39:12 - [MESSAGE][PASSED] - All options with index in [17] are selected on object 'Object Repository/PharmacyRequest/Page_KDMC-Pharmacy/select_--Select--Albendazole'

2018-06-09 20:39:12 - [TEST_STEP][PASSED] - setText: Text '10' is set on object 'Object Repository/PharmacyRequest/Page_KDMC-Pharmacy/input_txttreat'

2018-06-09 20:39:12 - [MESSAGE][PASSED] - Text '10' is set on object 'Object Repository/PharmacyRequest/Page_KDMC-Pharmacy/input_txttreat'

2018-06-09 20:39:12 - [TEST_STEP][PASSED] - click: Object: 'Object Repository/PharmacyRequest/Page_KDMC-Pharmacy/button_Add' is clicked on

2018-06-09 20:39:12 - [MESSAGE][PASSED] - Object: 'Object Repository/PharmacyRequest/Page_KDMC-Pharmacy/button_Add' is clicked on

2018-06-09 20:39:12 - [TEST_STEP][PASSED] - Statement - RN1 = com.kms.katalon.core.webui.keyword.WebUiBuiltInKeywords.getAttribute(com.kms.katalon.core.testobject.ObjectRepository.findTestObject(PharmacyRequest/Page_KDMC-Pharmacy/input_txtno), "value"): Attribute 'value' of object 'Object Repository/PharmacyRequest/Page_KDMC-Pharmacy/input_txtno' is: 'PRNO/09062018/223'

2018-06-09 20:39:12 - [MESSAGE][PASSED] - Attribute 'value' of object 'Object Repository/PharmacyRequest/Page_KDMC-Pharmacy/input_txtno' is: 'PRNO/09062018/223'

2018-06-09 20:39:12 - [TEST_STEP][PASSED] - Statement - out.println(RN1): null

2018-06-09 20:39:12 - [TEST_STEP][PASSED] - Statement - RID = RN1.split("/")[2]: null

2018-06-09 20:39:12 - [TEST_STEP][PASSED] - scrollToElement: Scroll to object 'Object Repository/PharmacyRequest/Page_KDMC-Pharmacy/input_btnsave' successfully

2018-06-09 20:39:12 - [MESSAGE][PASSED] - Scroll to object 'Object Repository/PharmacyRequest/Page_KDMC-Pharmacy/input_btnsave' successfully

2018-06-09 20:39:12 - [TEST_STEP][PASSED] - click: Object: 'Object Repository/PharmacyRequest/Page_KDMC-Pharmacy/input_btnsave' is clicked on

2018-06-09 20:39:13 - [MESSAGE][PASSED] - Object: 'Object Repository/PharmacyRequest/Page_KDMC-Pharmacy/input_btnsave' is clicked on

2018-06-09 20:39:13 - [TEST_STEP][PASSED] - delay: Delayed 3 second(s)

2018-06-09 20:39:16 - [MESSAGE][PASSED] - Delayed 3 second(s)

2018-06-09 20:39:16 - [TEST_STEP][PASSED] - click: Object: 'Object Repository/PharmacyRequest/Page_KDMC-Pharmacy/button_OK' is clicked on

2018-06-09 20:39:16 - [MESSAGE][PASSED] - Object: 'Object Repository/PharmacyRequest/Page_KDMC-Pharmacy/button_OK' is clicked on

2018-06-09 20:39:16 - [TEST_STEP][PASSED] - delay: Delayed 3 second(s)

2018-06-09 20:39:19 - [MESSAGE][PASSED] - Delayed 3 second(s)

2018-06-09 20:39:19 - [TEST_STEP][PASSED] - click: Object: 'Object Repository/PharmacyRequest/Page_KDMC-Pharmacy/a_Back to Pharmacy' is clicked on

2018-06-09 20:39:20 - [MESSAGE][PASSED] - Object: 'Object Repository/PharmacyRequest/Page_KDMC-Pharmacy/a_Back to Pharmacy' is clicked on

2018-06-09 20:39:20 - [TEST_STEP][PASSED] - delay: Delayed 3 second(s)

2018-06-09 20:39:23 - [MESSAGE][PASSED] - Delayed 3 second(s)

2018-06-09 20:39:23 - [TEST_STEP][PASSED] - click: Object: 'Object Repository/PharmacyRequest/Page_KDMC - Pharmacy/a_dropdown-toggle' is clicked on

2018-06-09 20:39:24 - [MESSAGE][PASSED] - Object: 'Object Repository/PharmacyRequest/Page_KDMC - Pharmacy/a_dropdown-toggle' is clicked on

2018-06-09 20:39:24 - [TEST_STEP][PASSED] - click: Object: 'Object Repository/PharmacyRequest/Page_KDMC - Pharmacy/a_Sign out' is clicked on

2018-06-09 20:39:24 - [MESSAGE][PASSED] - Object: 'Object Repository/PharmacyRequest/Page_KDMC - Pharmacy/a_Sign out' is clicked on

2018-06-09 20:39:24 - [TEST_STEP][PASSED] - delay: Delayed 3 second(s)

2018-06-09 20:39:27 - [MESSAGE][PASSED] - Delayed 3 second(s)

2018-06-09 20:39:27 - [TEST_STEP][PASSED] - click: Object: 'Object Repository/PharmacyRequest/Page_KDMC/a_CMO' is clicked on

2018-06-09 20:39:28 - [MESSAGE][PASSED] - Object: 'Object Repository/PharmacyRequest/Page_KDMC/a_CMO' is clicked on

2018-06-09 20:39:28 - [TEST_STEP][PASSED] - setText: Text 'guru' is set on object 'Object Repository/PharmacyRequest/Page_CMO login/input_txtusername'

2018-06-09 20:39:28 - [MESSAGE][PASSED] - Text 'guru' is set on object 'Object Repository/PharmacyRequest/Page_CMO login/input_txtusername'

2018-06-09 20:39:28 - [TEST_STEP][PASSED] - setText: Text '123' is set on object 'Object Repository/PharmacyRequest/Page_CMO login/input_txtpassword'

2018-06-09 20:39:28 - [MESSAGE][PASSED] - Text '123' is set on object 'Object Repository/PharmacyRequest/Page_CMO login/input_txtpassword'

2018-06-09 20:39:28 - [TEST_STEP][PASSED] - delay: Delayed 3 second(s)

2018-06-09 20:39:31 - [MESSAGE][PASSED] - Delayed 3 second(s)

2018-06-09 20:39:31 - [TEST_STEP][PASSED] - click: Object: 'Object Repository/PharmacyRequest/Page_CMO login/button_Sign in' is clicked on

2018-06-09 20:39:31 - [MESSAGE][PASSED] - Object: 'Object Repository/PharmacyRequest/Page_CMO login/button_Sign in' is clicked on

2018-06-09 20:39:31 - [TEST_STEP][PASSED] - click: Object: 'Object Repository/PharmacyRequest/Page_KDMC - CMO/a_Department Wise Request' is clicked on

2018-06-09 20:39:32 - [MESSAGE][PASSED] - Object: 'Object Repository/PharmacyRequest/Page_KDMC - CMO/a_Department Wise Request' is clicked on

2018-06-09 20:39:32 - [TEST_STEP][PASSED] - selectOptionByIndex: All options with index in [2] are selected on object 'Object Repository/PharmacyRequest/Page_KDMC - CMO/select_--ALL--'

2018-06-09 20:39:32 - [MESSAGE][PASSED] - All options with index in [2] are selected on object 'Object Repository/PharmacyRequest/Page_KDMC - CMO/select_--ALL--'

2018-06-09 20:39:32 - [TEST_STEP][PASSED] - selectOptionByIndex: All options with index in [1] are selected on object 'Object Repository/PharmacyRequest/Page_KDMC - CMO/select_--ALL--                _1'

2018-06-09 20:39:33 - [MESSAGE][PASSED] - All options with index in [1] are selected on object 'Object Repository/PharmacyRequest/Page_KDMC - CMO/select_--ALL--                _1'

2018-06-09 20:39:33 - [TEST_STEP][PASSED] - click: Object: 'Object Repository/PharmacyRequest/Page_KDMC - CMO/input_btnsearch' is clicked on

2018-06-09 20:39:33 - [MESSAGE][PASSED] - Object: 'Object Repository/PharmacyRequest/Page_KDMC - CMO/input_btnsearch' is clicked on

2018-06-09 20:39:33 - [TEST_STEP][PASSED] - Statement - ID = com.kms.katalon.core.webui.keyword.WebUiBuiltInKeywords.modifyObjectProperty(com.kms.katalon.core.testobject.ObjectRepository.findTestObject(PharmacyRequest/Page_KDMC - CMO/input_2), "xpath", "equals", "//*[@id=" + RID + "]", true): Modify property of object successfully

2018-06-09 20:39:33 - [MESSAGE][PASSED] - Modify property of object successfully

2018-06-09 20:39:33 - [TEST_STEP][PASSED] - click: Object: 'Object Repository/PharmacyRequest/Page_KDMC - CMO/input_2' is clicked on

2018-06-09 20:39:34 - [MESSAGE][PASSED] - Object: 'Object Repository/PharmacyRequest/Page_KDMC - CMO/input_2' is clicked on

2018-06-09 20:39:34 - [TEST_STEP][PASSED] - delay: Delayed 3 second(s)

2018-06-09 20:39:37 - [MESSAGE][PASSED] - Delayed 3 second(s)

2018-06-09 20:39:37 - [TEST_STEP][PASSED] - selectOptionByIndex: All options with index in [1] are selected on object 'Object Repository/PharmacyRequest/Page_KDMC - CMO/select_--Select--'

2018-06-09 20:39:37 - [MESSAGE][PASSED] - All options with index in [1] are selected on object 'Object Repository/PharmacyRequest/Page_KDMC - CMO/select_--Select--'

2018-06-09 20:39:37 - [TEST_STEP][PASSED] - click: Object: 'Object Repository/PharmacyRequest/Page_KDMC - CMO/input_btnupdate' is clicked on

2018-06-09 20:39:37 - [MESSAGE][PASSED] - Object: 'Object Repository/PharmacyRequest/Page_KDMC - CMO/input_btnupdate' is clicked on

2018-06-09 20:39:37 - [TEST_STEP][PASSED] - delay: Delayed 3 second(s)

2018-06-09 20:39:40 - [MESSAGE][PASSED] - Delayed 3 second(s)

2018-06-09 20:39:40 - [TEST_STEP][PASSED] - click: Object: 'Object Repository/PharmacyRequest/Page_KDMC - CMO/button_OK' is clicked on

2018-06-09 20:39:40 - [MESSAGE][PASSED] - Object: 'Object Repository/PharmacyRequest/Page_KDMC - CMO/button_OK' is clicked on

2018-06-09 20:39:40 - [TEST_STEP][PASSED] - delay: Delayed 3 second(s)

2018-06-09 20:39:43 - [MESSAGE][PASSED] - Delayed 3 second(s)

2018-06-09 20:39:43 - [TEST_STEP][PASSED] - click: Object: 'Object Repository/PharmacyRequest/Page_KDMC - CMO/a_dropdown-toggle' is clicked on

2018-06-09 20:39:43 - [MESSAGE][PASSED] - Object: 'Object Repository/PharmacyRequest/Page_KDMC - CMO/a_dropdown-toggle' is clicked on

2018-06-09 20:39:43 - [TEST_STEP][PASSED] - click: Object: 'Object Repository/PharmacyRequest/Page_KDMC - CMO/a_Sign out' is clicked on

2018-06-09 20:39:44 - [MESSAGE][PASSED] - Object: 'Object Repository/PharmacyRequest/Page_KDMC - CMO/a_Sign out' is clicked on

2018-06-09 20:39:44 - [TEST_STEP][PASSED] - delay: Delayed 3 second(s)

2018-06-09 20:39:47 - [MESSAGE][PASSED] - Delayed 3 second(s)

2018-06-09 20:39:47 - [TEST_STEP][PASSED] - click: Object: 'Object Repository/PharmacyRequest/Page_KDMC/a_Divisional Store' is clicked on

2018-06-09 20:39:47 - [MESSAGE][PASSED] - Object: 'Object Repository/PharmacyRequest/Page_KDMC/a_Divisional Store' is clicked on

2018-06-09 20:39:47 - [TEST_STEP][PASSED] - setText: Text 'ragu' is set on object 'Object Repository/PharmacyRequest/Page_Divisonal Store Login/input_txtusername'

2018-06-09 20:39:47 - [MESSAGE][PASSED] - Text 'ragu' is set on object 'Object Repository/PharmacyRequest/Page_Divisonal Store Login/input_txtusername'

2018-06-09 20:39:47 - [TEST_STEP][PASSED] - setText: Text '123' is set on object 'Object Repository/PharmacyRequest/Page_Divisonal Store Login/input_txtpassword'

2018-06-09 20:39:47 - [MESSAGE][PASSED] - Text '123' is set on object 'Object Repository/PharmacyRequest/Page_Divisonal Store Login/input_txtpassword'

2018-06-09 20:39:47 - [TEST_STEP][PASSED] - delay: Delayed 3 second(s)

2018-06-09 20:39:50 - [MESSAGE][PASSED] - Delayed 3 second(s)

2018-06-09 20:39:50 - [TEST_STEP][PASSED] - click: Object: 'Object Repository/PharmacyRequest/Page_Divisonal Store Login/button_Sign in' is clicked on

2018-06-09 20:39:51 - [MESSAGE][PASSED] - Object: 'Object Repository/PharmacyRequest/Page_Divisonal Store Login/button_Sign in' is clicked on

2018-06-09 20:39:51 - [TEST_STEP][PASSED] - delay: Delayed 3 second(s)

2018-06-09 20:39:54 - [MESSAGE][PASSED] - Delayed 3 second(s)

2018-06-09 20:39:54 - [TEST_STEP][PASSED] - click: Object: 'Object Repository/PharmacyRequest/Page_Store/a_Pharmacy Request' is clicked on

2018-06-09 20:39:54 - [MESSAGE][PASSED] - Object: 'Object Repository/PharmacyRequest/Page_Store/a_Pharmacy Request' is clicked on

2018-06-09 20:39:54 - [TEST_STEP][PASSED] - click: Object: 'Object Repository/PharmacyRequest/Page_Store/a_Request Item Pharmacy' is clicked on

2018-06-09 20:39:55 - [MESSAGE][PASSED] - Object: 'Object Repository/PharmacyRequest/Page_Store/a_Request Item Pharmacy' is clicked on

2018-06-09 20:39:55 - [TEST_STEP][PASSED] - delay: Delayed 2 second(s)

2018-06-09 20:39:57 - [MESSAGE][PASSED] - Delayed 2 second(s)

2018-06-09 20:39:57 - [TEST_STEP][PASSED] - setText: Text 'PRNO/09062018/223' is set on object 'Object Repository/PharmacyRequest/Page_Store/input'

2018-06-09 20:39:57 - [MESSAGE][PASSED] - Text 'PRNO/09062018/223' is set on object 'Object Repository/PharmacyRequest/Page_Store/input'

2018-06-09 20:39:57 - [TEST_STEP][PASSED] - delay: Delayed 2 second(s)

2018-06-09 20:39:59 - [MESSAGE][PASSED] - Delayed 2 second(s)

2018-06-09 20:39:59 - [TEST_STEP][PASSED] - Statement - ChooseRequest = com.kms.katalon.core.webui.keyword.WebUiBuiltInKeywords.modifyObjectProperty(com.kms.katalon.core.testobject.ObjectRepository.findTestObject(PharmacyRequest/Page_Store/input_2), "xpath", "equals", "//*[@id=" + RID + "]", true): Modify property of object successfully

2018-06-09 20:39:59 - [MESSAGE][PASSED] - Modify property of object successfully

2018-06-09 20:39:59 - [TEST_STEP][PASSED] - click: Object: 'Object Repository/PharmacyRequest/Page_Store/input_2' is clicked on

2018-06-09 20:40:00 - [MESSAGE][PASSED] - Object: 'Object Repository/PharmacyRequest/Page_Store/input_2' is clicked on

2018-06-09 20:40:00 - [TEST_STEP][PASSED] - delay: Delayed 2 second(s)

2018-06-09 20:40:02 - [MESSAGE][PASSED] - Delayed 2 second(s)

2018-06-09 20:40:02 - [TEST_STEP][PASSED] - Statement - selectedoptions = com.kms.katalon.core.webui.keyword.WebUiBuiltInKeywords.getNumberOfTotalOption(com.kms.katalon.core.testobject.ObjectRepository.findTestObject(PharmacyRequest/Page_Store/select_--Select--Amlodepin -5)): 18 options of object 'Object Repository/PharmacyRequest/Page_Store/select_--Select--Amlodepin -5' counted

2018-06-09 20:40:02 - [MESSAGE][PASSED] - 18 options of object 'Object Repository/PharmacyRequest/Page_Store/select_--Select--Amlodepin -5' counted

2018-06-09 20:40:02 - [TEST_STEP][PASSED] - Statement - For ([a = 1, a <= selectedoptions - 1, (a++)]): null

2018-06-09 20:40:02 - [TEST_STEP][PASSED] - selectOptionByIndex: All options with index in [1] are selected on object 'Object Repository/PharmacyRequest/Page_Store/select_--Select--Amlodepin -5'

2018-06-09 20:40:02 - [MESSAGE][PASSED] - All options with index in [1] are selected on object 'Object Repository/PharmacyRequest/Page_Store/select_--Select--Amlodepin -5'

2018-06-09 20:40:02 - [TEST_STEP][PASSED] - delay: Delayed 1 second(s)

2018-06-09 20:40:03 - [MESSAGE][PASSED] - Delayed 1 second(s)

2018-06-09 20:40:03 - [TEST_STEP][PASSED] - Statement - RequestedQty = com.kms.katalon.core.webui.keyword.WebUiBuiltInKeywords.getAttribute(com.kms.katalon.core.testobject.ObjectRepository.findTestObject(PharmacyRequest/Page_Store/input_txttotal), "value"): Attribute 'value' of object 'Object Repository/PharmacyRequest/Page_Store/input_txttotal' is: '10'

2018-06-09 20:40:03 - [MESSAGE][PASSED] - Attribute 'value' of object 'Object Repository/PharmacyRequest/Page_Store/input_txttotal' is: '10'

2018-06-09 20:40:03 - [TEST_STEP][PASSED] - Statement - out.println("Requested QTY : " + RequestedQty): null

2018-06-09 20:40:03 - [TEST_STEP][PASSED] - Statement - BatchNumber = com.kms.katalon.core.webui.keyword.WebUiBuiltInKeywords.getNumberOfTotalOption(com.kms.katalon.core.testobject.ObjectRepository.findTestObject(PharmacyRequest/Page_Store/select_--Select--BA50)): 2 options of object 'Object Repository/PharmacyRequest/Page_Store/select_--Select--BA50' counted

2018-06-09 20:40:03 - [MESSAGE][PASSED] - 2 options of object 'Object Repository/PharmacyRequest/Page_Store/select_--Select--BA50' counted

2018-06-09 20:40:03 - [TEST_STEP][PASSED] - Statement - For ([g = 1, g <= BatchNumber - 1, (g++)]): null

2018-06-09 20:40:03 - [TEST_STEP][PASSED] - selectOptionByIndex: All options with index in [1] are selected on object 'Object Repository/PharmacyRequest/Page_Store/select_--Select--BA50'

2018-06-09 20:40:03 - [MESSAGE][PASSED] - All options with index in [1] are selected on object 'Object Repository/PharmacyRequest/Page_Store/select_--Select--BA50'

2018-06-09 20:40:03 - [TEST_STEP][PASSED] - delay: Delayed 1 second(s)

2018-06-09 20:40:04 - [MESSAGE][PASSED] - Delayed 1 second(s)

2018-06-09 20:40:04 - [TEST_STEP][PASSED] - Statement - StockQty = com.kms.katalon.core.webui.keyword.WebUiBuiltInKeywords.getAttribute(com.kms.katalon.core.testobject.ObjectRepository.findTestObject(PharmacyRequest/Page_Store/input_txtprice), "value"): Attribute 'value' of object 'Object Repository/PharmacyRequest/Page_Store/input_txtprice' is: '1800'

2018-06-09 20:40:04 - [MESSAGE][PASSED] - Attribute 'value' of object 'Object Repository/PharmacyRequest/Page_Store/input_txtprice' is: '1800'

2018-06-09 20:40:04 - [TEST_STEP][PASSED] - Statement - out.println("Stock QTY : " + StockQty): null

2018-06-09 20:40:04 - [TEST_STEP][PASSED] - delay: Delayed 1 second(s)

2018-06-09 20:40:05 - [MESSAGE][PASSED] - Delayed 1 second(s)

2018-06-09 20:40:05 - [TEST_STEP][PASSED] - Statement - If (java.lang.Integer.valueOf(StockQty) >= java.lang.Integer.valueOf(RequestedQty)): null

2018-06-09 20:40:05 - [TEST_STEP][PASSED] - setText: Text '10' is set on object 'Object Repository/PharmacyRequest/Page_Store/input_txtqty'

2018-06-09 20:40:06 - [MESSAGE][PASSED] - Text '10' is set on object 'Object Repository/PharmacyRequest/Page_Store/input_txtqty'

2018-06-09 20:40:06 - [TEST_STEP][PASSED] - click: Object: 'Object Repository/PharmacyRequest/Page_Store/button_Add' is clicked on

2018-06-09 20:40:06 - [MESSAGE][PASSED] - Object: 'Object Repository/PharmacyRequest/Page_Store/button_Add' is clicked on

2018-06-09 20:40:06 - [TEST_STEP][PASSED] - Statement - Break: null

2018-06-09 20:40:06 - [TEST_STEP][PASSED] - selectOptionByIndex: All options with index in [2] are selected on object 'Object Repository/PharmacyRequest/Page_Store/select_--Select--Amlodepin -5'

2018-06-09 20:40:06 - [MESSAGE][PASSED] - All options with index in [2] are selected on object 'Object Repository/PharmacyRequest/Page_Store/select_--Select--Amlodepin -5'

2018-06-09 20:40:06 - [TEST_STEP][PASSED] - delay: Delayed 1 second(s)

2018-06-09 20:40:07 - [MESSAGE][PASSED] - Delayed 1 second(s)

2018-06-09 20:40:07 - [TEST_STEP][PASSED] - Statement - RequestedQty = com.kms.katalon.core.webui.keyword.WebUiBuiltInKeywords.getAttribute(com.kms.katalon.core.testobject.ObjectRepository.findTestObject(PharmacyRequest/Page_Store/input_txttotal), "value"): Attribute 'value' of object 'Object Repository/PharmacyRequest/Page_Store/input_txttotal' is: '10'

2018-06-09 20:40:07 - [MESSAGE][PASSED] - Attribute 'value' of object 'Object Repository/PharmacyRequest/Page_Store/input_txttotal' is: '10'

2018-06-09 20:40:07 - [TEST_STEP][PASSED] - Statement - out.println("Requested QTY : " + RequestedQty): null

2018-06-09 20:40:07 - [TEST_STEP][PASSED] - Statement - BatchNumber = com.kms.katalon.core.webui.keyword.WebUiBuiltInKeywords.getNumberOfTotalOption(com.kms.katalon.core.testobject.ObjectRepository.findTestObject(PharmacyRequest/Page_Store/select_--Select--BA50)): 3 options of object 'Object Repository/PharmacyRequest/Page_Store/select_--Select--BA50' counted

2018-06-09 20:40:07 - [MESSAGE][PASSED] - 3 options of object 'Object Repository/PharmacyRequest/Page_Store/select_--Select--BA50' counted

2018-06-09 20:40:07 - [TEST_STEP][PASSED] - Statement - For ([g = 1, g <= BatchNumber - 1, (g++)]): null

2018-06-09 20:40:07 - [TEST_STEP][PASSED] - selectOptionByIndex: All options with index in [1] are selected on object 'Object Repository/PharmacyRequest/Page_Store/select_--Select--BA50'

2018-06-09 20:40:07 - [MESSAGE][PASSED] - All options with index in [1] are selected on object 'Object Repository/PharmacyRequest/Page_Store/select_--Select--BA50'

2018-06-09 20:40:07 - [TEST_STEP][PASSED] - delay: Delayed 1 second(s)

2018-06-09 20:40:08 - [MESSAGE][PASSED] - Delayed 1 second(s)

2018-06-09 20:40:08 - [TEST_STEP][PASSED] - Statement - StockQty = com.kms.katalon.core.webui.keyword.WebUiBuiltInKeywords.getAttribute(com.kms.katalon.core.testobject.ObjectRepository.findTestObject(PharmacyRequest/Page_Store/input_txtprice), "value"): Attribute 'value' of object 'Object Repository/PharmacyRequest/Page_Store/input_txtprice' is: '652'

2018-06-09 20:40:08 - [MESSAGE][PASSED] - Attribute 'value' of object 'Object Repository/PharmacyRequest/Page_Store/input_txtprice' is: '652'

2018-06-09 20:40:08 - [TEST_STEP][PASSED] - Statement - out.println("Stock QTY : " + StockQty): null

2018-06-09 20:40:08 - [TEST_STEP][PASSED] - delay: Delayed 1 second(s)

2018-06-09 20:40:09 - [MESSAGE][PASSED] - Delayed 1 second(s)

2018-06-09 20:40:09 - [TEST_STEP][PASSED] - Statement - If (java.lang.Integer.valueOf(StockQty) >= java.lang.Integer.valueOf(RequestedQty)): null

2018-06-09 20:40:09 - [TEST_STEP][PASSED] - setText: Text '10' is set on object 'Object Repository/PharmacyRequest/Page_Store/input_txtqty'

2018-06-09 20:40:09 - [MESSAGE][PASSED] - Text '10' is set on object 'Object Repository/PharmacyRequest/Page_Store/input_txtqty'

2018-06-09 20:40:09 - [TEST_STEP][PASSED] - click: Object: 'Object Repository/PharmacyRequest/Page_Store/button_Add' is clicked on

2018-06-09 20:40:09 - [MESSAGE][PASSED] - Object: 'Object Repository/PharmacyRequest/Page_Store/button_Add' is clicked on

2018-06-09 20:40:09 - [TEST_STEP][PASSED] - Statement - Break: null

2018-06-09 20:40:09 - [TEST_STEP][PASSED] - selectOptionByIndex: All options with index in [3] are selected on object 'Object Repository/PharmacyRequest/Page_Store/select_--Select--Amlodepin -5'

2018-06-09 20:40:09 - [MESSAGE][PASSED] - All options with index in [3] are selected on object 'Object Repository/PharmacyRequest/Page_Store/select_--Select--Amlodepin -5'

2018-06-09 20:40:09 - [TEST_STEP][PASSED] - delay: Delayed 1 second(s)

2018-06-09 20:40:10 - [MESSAGE][PASSED] - Delayed 1 second(s)

2018-06-09 20:40:10 - [TEST_STEP][PASSED] - Statement - RequestedQty = com.kms.katalon.core.webui.keyword.WebUiBuiltInKeywords.getAttribute(com.kms.katalon.core.testobject.ObjectRepository.findTestObject(PharmacyRequest/Page_Store/input_txttotal), "value"): Attribute 'value' of object 'Object Repository/PharmacyRequest/Page_Store/input_txttotal' is: '10'

2018-06-09 20:40:10 - [MESSAGE][PASSED] - Attribute 'value' of object 'Object Repository/PharmacyRequest/Page_Store/input_txttotal' is: '10'

2018-06-09 20:40:10 - [TEST_STEP][PASSED] - Statement - out.println("Requested QTY : " + RequestedQty): null

2018-06-09 20:40:10 - [TEST_STEP][PASSED] - Statement - BatchNumber = com.kms.katalon.core.webui.keyword.WebUiBuiltInKeywords.getNumberOfTotalOption(com.kms.katalon.core.testobject.ObjectRepository.findTestObject(PharmacyRequest/Page_Store/select_--Select--BA50)): 3 options of object 'Object Repository/PharmacyRequest/Page_Store/select_--Select--BA50' counted

2018-06-09 20:40:10 - [MESSAGE][PASSED] - 3 options of object 'Object Repository/PharmacyRequest/Page_Store/select_--Select--BA50' counted

2018-06-09 20:40:10 - [TEST_STEP][PASSED] - Statement - For ([g = 1, g <= BatchNumber - 1, (g++)]): null

2018-06-09 20:40:10 - [TEST_STEP][PASSED] - selectOptionByIndex: All options with index in [1] are selected on object 'Object Repository/PharmacyRequest/Page_Store/select_--Select--BA50'

2018-06-09 20:40:11 - [MESSAGE][PASSED] - All options with index in [1] are selected on object 'Object Repository/PharmacyRequest/Page_Store/select_--Select--BA50'

2018-06-09 20:40:11 - [TEST_STEP][PASSED] - delay: Delayed 1 second(s)

2018-06-09 20:40:12 - [MESSAGE][PASSED] - Delayed 1 second(s)

2018-06-09 20:40:12 - [TEST_STEP][PASSED] - Statement - StockQty = com.kms.katalon.core.webui.keyword.WebUiBuiltInKeywords.getAttribute(com.kms.katalon.core.testobject.ObjectRepository.findTestObject(PharmacyRequest/Page_Store/input_txtprice), "value"): Attribute 'value' of object 'Object Repository/PharmacyRequest/Page_Store/input_txtprice' is: '1700'

2018-06-09 20:40:12 - [MESSAGE][PASSED] - Attribute 'value' of object 'Object Repository/PharmacyRequest/Page_Store/input_txtprice' is: '1700'

2018-06-09 20:40:12 - [TEST_STEP][PASSED] - Statement - out.println("Stock QTY : " + StockQty): null

2018-06-09 20:40:12 - [TEST_STEP][PASSED] - delay: Delayed 1 second(s)

2018-06-09 20:40:13 - [MESSAGE][PASSED] - Delayed 1 second(s)

2018-06-09 20:40:13 - [TEST_STEP][PASSED] - Statement - If (java.lang.Integer.valueOf(StockQty) >= java.lang.Integer.valueOf(RequestedQty)): null

2018-06-09 20:40:13 - [TEST_STEP][PASSED] - setText: Text '10' is set on object 'Object Repository/PharmacyRequest/Page_Store/input_txtqty'

2018-06-09 20:40:13 - [MESSAGE][PASSED] - Text '10' is set on object 'Object Repository/PharmacyRequest/Page_Store/input_txtqty'

2018-06-09 20:40:13 - [TEST_STEP][PASSED] - click: Object: 'Object Repository/PharmacyRequest/Page_Store/button_Add' is clicked on

2018-06-09 20:40:13 - [MESSAGE][PASSED] - Object: 'Object Repository/PharmacyRequest/Page_Store/button_Add' is clicked on

2018-06-09 20:40:13 - [TEST_STEP][PASSED] - Statement - Break: null

2018-06-09 20:40:13 - [TEST_STEP][PASSED] - selectOptionByIndex: All options with index in [4] are selected on object 'Object Repository/PharmacyRequest/Page_Store/select_--Select--Amlodepin -5'

2018-06-09 20:40:13 - [MESSAGE][PASSED] - All options with index in [4] are selected on object 'Object Repository/PharmacyRequest/Page_Store/select_--Select--Amlodepin -5'

2018-06-09 20:40:13 - [TEST_STEP][PASSED] - delay: Delayed 1 second(s)

2018-06-09 20:40:14 - [MESSAGE][PASSED] - Delayed 1 second(s)

2018-06-09 20:40:14 - [TEST_STEP][PASSED] - Statement - RequestedQty = com.kms.katalon.core.webui.keyword.WebUiBuiltInKeywords.getAttribute(com.kms.katalon.core.testobject.ObjectRepository.findTestObject(PharmacyRequest/Page_Store/input_txttotal), "value"): Attribute 'value' of object 'Object Repository/PharmacyRequest/Page_Store/input_txttotal' is: '10'

2018-06-09 20:40:14 - [MESSAGE][PASSED] - Attribute 'value' of object 'Object Repository/PharmacyRequest/Page_Store/input_txttotal' is: '10'

2018-06-09 20:40:14 - [TEST_STEP][PASSED] - Statement - out.println("Requested QTY : " + RequestedQty): null

2018-06-09 20:40:14 - [TEST_STEP][PASSED] - Statement - BatchNumber = com.kms.katalon.core.webui.keyword.WebUiBuiltInKeywords.getNumberOfTotalOption(com.kms.katalon.core.testobject.ObjectRepository.findTestObject(PharmacyRequest/Page_Store/select_--Select--BA50)): 3 options of object 'Object Repository/PharmacyRequest/Page_Store/select_--Select--BA50' counted

2018-06-09 20:40:14 - [MESSAGE][PASSED] - 3 options of object 'Object Repository/PharmacyRequest/Page_Store/select_--Select--BA50' counted

2018-06-09 20:40:14 - [TEST_STEP][PASSED] - Statement - For ([g = 1, g <= BatchNumber - 1, (g++)]): null

2018-06-09 20:40:14 - [TEST_STEP][PASSED] - selectOptionByIndex: All options with index in [1] are selected on object 'Object Repository/PharmacyRequest/Page_Store/select_--Select--BA50'

2018-06-09 20:40:14 - [MESSAGE][PASSED] - All options with index in [1] are selected on object 'Object Repository/PharmacyRequest/Page_Store/select_--Select--BA50'

2018-06-09 20:40:14 - [TEST_STEP][PASSED] - delay: Delayed 1 second(s)

2018-06-09 20:40:15 - [MESSAGE][PASSED] - Delayed 1 second(s)

2018-06-09 20:40:15 - [TEST_STEP][PASSED] - Statement - StockQty = com.kms.katalon.core.webui.keyword.WebUiBuiltInKeywords.getAttribute(com.kms.katalon.core.testobject.ObjectRepository.findTestObject(PharmacyRequest/Page_Store/input_txtprice), "value"): Attribute 'value' of object 'Object Repository/PharmacyRequest/Page_Store/input_txtprice' is: '800'

2018-06-09 20:40:15 - [MESSAGE][PASSED] - Attribute 'value' of object 'Object Repository/PharmacyRequest/Page_Store/input_txtprice' is: '800'

2018-06-09 20:40:15 - [TEST_STEP][PASSED] - Statement - out.println("Stock QTY : " + StockQty): null

2018-06-09 20:40:15 - [TEST_STEP][PASSED] - delay: Delayed 1 second(s)

2018-06-09 20:40:16 - [MESSAGE][PASSED] - Delayed 1 second(s)

2018-06-09 20:40:16 - [TEST_STEP][PASSED] - Statement - If (java.lang.Integer.valueOf(StockQty) >= java.lang.Integer.valueOf(RequestedQty)): null

2018-06-09 20:40:16 - [TEST_STEP][PASSED] - setText: Text '10' is set on object 'Object Repository/PharmacyRequest/Page_Store/input_txtqty'

2018-06-09 20:40:16 - [MESSAGE][PASSED] - Text '10' is set on object 'Object Repository/PharmacyRequest/Page_Store/input_txtqty'

2018-06-09 20:40:16 - [TEST_STEP][PASSED] - click: Object: 'Object Repository/PharmacyRequest/Page_Store/button_Add' is clicked on

2018-06-09 20:40:16 - [MESSAGE][PASSED] - Object: 'Object Repository/PharmacyRequest/Page_Store/button_Add' is clicked on

2018-06-09 20:40:16 - [TEST_STEP][PASSED] - Statement - Break: null

2018-06-09 20:40:16 - [TEST_STEP][PASSED] - selectOptionByIndex: All options with index in [5] are selected on object 'Object Repository/PharmacyRequest/Page_Store/select_--Select--Amlodepin -5'

2018-06-09 20:40:16 - [MESSAGE][PASSED] - All options with index in [5] are selected on object 'Object Repository/PharmacyRequest/Page_Store/select_--Select--Amlodepin -5'

2018-06-09 20:40:16 - [TEST_STEP][PASSED] - delay: Delayed 1 second(s)

2018-06-09 20:40:17 - [MESSAGE][PASSED] - Delayed 1 second(s)

2018-06-09 20:40:17 - [TEST_STEP][PASSED] - Statement - RequestedQty = com.kms.katalon.core.webui.keyword.WebUiBuiltInKeywords.getAttribute(com.kms.katalon.core.testobject.ObjectRepository.findTestObject(PharmacyRequest/Page_Store/input_txttotal), "value"): Attribute 'value' of object 'Object Repository/PharmacyRequest/Page_Store/input_txttotal' is: '10'

2018-06-09 20:40:17 - [MESSAGE][PASSED] - Attribute 'value' of object 'Object Repository/PharmacyRequest/Page_Store/input_txttotal' is: '10'

2018-06-09 20:40:17 - [TEST_STEP][PASSED] - Statement - out.println("Requested QTY : " + RequestedQty): null

2018-06-09 20:40:17 - [TEST_STEP][PASSED] - Statement - BatchNumber = com.kms.katalon.core.webui.keyword.WebUiBuiltInKeywords.getNumberOfTotalOption(com.kms.katalon.core.testobject.ObjectRepository.findTestObject(PharmacyRequest/Page_Store/select_--Select--BA50)): 3 options of object 'Object Repository/PharmacyRequest/Page_Store/select_--Select--BA50' counted

2018-06-09 20:40:17 - [MESSAGE][PASSED] - 3 options of object 'Object Repository/PharmacyRequest/Page_Store/select_--Select--BA50' counted

2018-06-09 20:40:17 - [TEST_STEP][PASSED] - Statement - For ([g = 1, g <= BatchNumber - 1, (g++)]): null

2018-06-09 20:40:17 - [TEST_STEP][PASSED] - selectOptionByIndex: All options with index in [1] are selected on object 'Object Repository/PharmacyRequest/Page_Store/select_--Select--BA50'

2018-06-09 20:40:18 - [MESSAGE][PASSED] - All options with index in [1] are selected on object 'Object Repository/PharmacyRequest/Page_Store/select_--Select--BA50'

2018-06-09 20:40:18 - [TEST_STEP][PASSED] - delay: Delayed 1 second(s)

2018-06-09 20:40:19 - [MESSAGE][PASSED] - Delayed 1 second(s)

2018-06-09 20:40:19 - [TEST_STEP][PASSED] - Statement - StockQty = com.kms.katalon.core.webui.keyword.WebUiBuiltInKeywords.getAttribute(com.kms.katalon.core.testobject.ObjectRepository.findTestObject(PharmacyRequest/Page_Store/input_txtprice), "value"): Attribute 'value' of object 'Object Repository/PharmacyRequest/Page_Store/input_txtprice' is: '790'

2018-06-09 20:40:19 - [MESSAGE][PASSED] - Attribute 'value' of object 'Object Repository/PharmacyRequest/Page_Store/input_txtprice' is: '790'

2018-06-09 20:40:19 - [TEST_STEP][PASSED] - Statement - out.println("Stock QTY : " + StockQty): null

2018-06-09 20:40:19 - [TEST_STEP][PASSED] - delay: Delayed 1 second(s)

2018-06-09 20:40:20 - [MESSAGE][PASSED] - Delayed 1 second(s)

2018-06-09 20:40:20 - [TEST_STEP][PASSED] - Statement - If (java.lang.Integer.valueOf(StockQty) >= java.lang.Integer.valueOf(RequestedQty)): null

2018-06-09 20:40:20 - [TEST_STEP][PASSED] - setText: Text '10' is set on object 'Object Repository/PharmacyRequest/Page_Store/input_txtqty'

2018-06-09 20:40:20 - [MESSAGE][PASSED] - Text '10' is set on object 'Object Repository/PharmacyRequest/Page_Store/input_txtqty'

2018-06-09 20:40:20 - [TEST_STEP][PASSED] - click: Object: 'Object Repository/PharmacyRequest/Page_Store/button_Add' is clicked on

2018-06-09 20:40:20 - [MESSAGE][PASSED] - Object: 'Object Repository/PharmacyRequest/Page_Store/button_Add' is clicked on

2018-06-09 20:40:20 - [TEST_STEP][PASSED] - Statement - Break: null

2018-06-09 20:40:20 - [TEST_STEP][PASSED] - selectOptionByIndex: All options with index in [6] are selected on object 'Object Repository/PharmacyRequest/Page_Store/select_--Select--Amlodepin -5'

2018-06-09 20:40:20 - [MESSAGE][PASSED] - All options with index in [6] are selected on object 'Object Repository/PharmacyRequest/Page_Store/select_--Select--Amlodepin -5'

2018-06-09 20:40:20 - [TEST_STEP][PASSED] - delay: Delayed 1 second(s)

2018-06-09 20:40:21 - [MESSAGE][PASSED] - Delayed 1 second(s)

2018-06-09 20:40:21 - [TEST_STEP][PASSED] - Statement - RequestedQty = com.kms.katalon.core.webui.keyword.WebUiBuiltInKeywords.getAttribute(com.kms.katalon.core.testobject.ObjectRepository.findTestObject(PharmacyRequest/Page_Store/input_txttotal), "value"): Attribute 'value' of object 'Object Repository/PharmacyRequest/Page_Store/input_txttotal' is: '10'

2018-06-09 20:40:21 - [MESSAGE][PASSED] - Attribute 'value' of object 'Object Repository/PharmacyRequest/Page_Store/input_txttotal' is: '10'

2018-06-09 20:40:21 - [TEST_STEP][PASSED] - Statement - out.println("Requested QTY : " + RequestedQty): null

2018-06-09 20:40:21 - [TEST_STEP][PASSED] - Statement - BatchNumber = com.kms.katalon.core.webui.keyword.WebUiBuiltInKeywords.getNumberOfTotalOption(com.kms.katalon.core.testobject.ObjectRepository.findTestObject(PharmacyRequest/Page_Store/select_--Select--BA50)): 3 options of object 'Object Repository/PharmacyRequest/Page_Store/select_--Select--BA50' counted

2018-06-09 20:40:21 - [MESSAGE][PASSED] - 3 options of object 'Object Repository/PharmacyRequest/Page_Store/select_--Select--BA50' counted

2018-06-09 20:40:21 - [TEST_STEP][PASSED] - Statement - For ([g = 1, g <= BatchNumber - 1, (g++)]): null

2018-06-09 20:40:21 - [TEST_STEP][PASSED] - selectOptionByIndex: All options with index in [1] are selected on object 'Object Repository/PharmacyRequest/Page_Store/select_--Select--BA50'

2018-06-09 20:40:21 - [MESSAGE][PASSED] - All options with index in [1] are selected on object 'Object Repository/PharmacyRequest/Page_Store/select_--Select--BA50'

2018-06-09 20:40:21 - [TEST_STEP][PASSED] - delay: Delayed 1 second(s)

2018-06-09 20:40:22 - [MESSAGE][PASSED] - Delayed 1 second(s)

2018-06-09 20:40:22 - [TEST_STEP][PASSED] - Statement - StockQty = com.kms.katalon.core.webui.keyword.WebUiBuiltInKeywords.getAttribute(com.kms.katalon.core.testobject.ObjectRepository.findTestObject(PharmacyRequest/Page_Store/input_txtprice), "value"): Attribute 'value' of object 'Object Repository/PharmacyRequest/Page_Store/input_txtprice' is: '790'

2018-06-09 20:40:22 - [MESSAGE][PASSED] - Attribute 'value' of object 'Object Repository/PharmacyRequest/Page_Store/input_txtprice' is: '790'

2018-06-09 20:40:22 - [TEST_STEP][PASSED] - Statement - out.println("Stock QTY : " + StockQty): null

2018-06-09 20:40:22 - [TEST_STEP][PASSED] - delay: Delayed 1 second(s)

2018-06-09 20:40:23 - [MESSAGE][PASSED] - Delayed 1 second(s)

2018-06-09 20:40:23 - [TEST_STEP][PASSED] - Statement - If (java.lang.Integer.valueOf(StockQty) >= java.lang.Integer.valueOf(RequestedQty)): null

2018-06-09 20:40:23 - [TEST_STEP][PASSED] - setText: Text '10' is set on object 'Object Repository/PharmacyRequest/Page_Store/input_txtqty'

2018-06-09 20:40:23 - [MESSAGE][PASSED] - Text '10' is set on object 'Object Repository/PharmacyRequest/Page_Store/input_txtqty'

2018-06-09 20:40:23 - [TEST_STEP][PASSED] - click: Object: 'Object Repository/PharmacyRequest/Page_Store/button_Add' is clicked on

2018-06-09 20:40:23 - [MESSAGE][PASSED] - Object: 'Object Repository/PharmacyRequest/Page_Store/button_Add' is clicked on

2018-06-09 20:40:23 - [TEST_STEP][PASSED] - Statement - Break: null

2018-06-09 20:40:23 - [TEST_STEP][PASSED] - selectOptionByIndex: All options with index in [7] are selected on object 'Object Repository/PharmacyRequest/Page_Store/select_--Select--Amlodepin -5'

2018-06-09 20:40:24 - [MESSAGE][PASSED] - All options with index in [7] are selected on object 'Object Repository/PharmacyRequest/Page_Store/select_--Select--Amlodepin -5'

2018-06-09 20:40:24 - [TEST_STEP][PASSED] - delay: Delayed 1 second(s)

2018-06-09 20:40:25 - [MESSAGE][PASSED] - Delayed 1 second(s)

2018-06-09 20:40:25 - [TEST_STEP][PASSED] - Statement - RequestedQty = com.kms.katalon.core.webui.keyword.WebUiBuiltInKeywords.getAttribute(com.kms.katalon.core.testobject.ObjectRepository.findTestObject(PharmacyRequest/Page_Store/input_txttotal), "value"): Attribute 'value' of object 'Object Repository/PharmacyRequest/Page_Store/input_txttotal' is: '10'

2018-06-09 20:40:25 - [MESSAGE][PASSED] - Attribute 'value' of object 'Object Repository/PharmacyRequest/Page_Store/input_txttotal' is: '10'

2018-06-09 20:40:25 - [TEST_STEP][PASSED] - Statement - out.println("Requested QTY : " + RequestedQty): null

2018-06-09 20:40:25 - [TEST_STEP][PASSED] - Statement - BatchNumber = com.kms.katalon.core.webui.keyword.WebUiBuiltInKeywords.getNumberOfTotalOption(com.kms.katalon.core.testobject.ObjectRepository.findTestObject(PharmacyRequest/Page_Store/select_--Select--BA50)): 2 options of object 'Object Repository/PharmacyRequest/Page_Store/select_--Select--BA50' counted

2018-06-09 20:40:25 - [MESSAGE][PASSED] - 2 options of object 'Object Repository/PharmacyRequest/Page_Store/select_--Select--BA50' counted

2018-06-09 20:40:25 - [TEST_STEP][PASSED] - Statement - For ([g = 1, g <= BatchNumber - 1, (g++)]): null

2018-06-09 20:40:25 - [TEST_STEP][PASSED] - selectOptionByIndex: All options with index in [1] are selected on object 'Object Repository/PharmacyRequest/Page_Store/select_--Select--BA50'

2018-06-09 20:40:25 - [MESSAGE][PASSED] - All options with index in [1] are selected on object 'Object Repository/PharmacyRequest/Page_Store/select_--Select--BA50'

2018-06-09 20:40:25 - [TEST_STEP][PASSED] - delay: Delayed 1 second(s)

2018-06-09 20:40:26 - [MESSAGE][PASSED] - Delayed 1 second(s)

2018-06-09 20:40:26 - [TEST_STEP][PASSED] - Statement - StockQty = com.kms.katalon.core.webui.keyword.WebUiBuiltInKeywords.getAttribute(com.kms.katalon.core.testobject.ObjectRepository.findTestObject(PharmacyRequest/Page_Store/input_txtprice), "value"): Attribute 'value' of object 'Object Repository/PharmacyRequest/Page_Store/input_txtprice' is: '1800'

2018-06-09 20:40:26 - [MESSAGE][PASSED] - Attribute 'value' of object 'Object Repository/PharmacyRequest/Page_Store/input_txtprice' is: '1800'

2018-06-09 20:40:26 - [TEST_STEP][PASSED] - Statement - out.println("Stock QTY : " + StockQty): null

2018-06-09 20:40:26 - [TEST_STEP][PASSED] - delay: Delayed 1 second(s)

2018-06-09 20:40:27 - [MESSAGE][PASSED] - Delayed 1 second(s)

2018-06-09 20:40:27 - [TEST_STEP][PASSED] - Statement - If (java.lang.Integer.valueOf(StockQty) >= java.lang.Integer.valueOf(RequestedQty)): null

2018-06-09 20:40:27 - [TEST_STEP][PASSED] - setText: Text '10' is set on object 'Object Repository/PharmacyRequest/Page_Store/input_txtqty'

2018-06-09 20:40:27 - [MESSAGE][PASSED] - Text '10' is set on object 'Object Repository/PharmacyRequest/Page_Store/input_txtqty'

2018-06-09 20:40:27 - [TEST_STEP][PASSED] - click: Object: 'Object Repository/PharmacyRequest/Page_Store/button_Add' is clicked on

2018-06-09 20:40:27 - [MESSAGE][PASSED] - Object: 'Object Repository/PharmacyRequest/Page_Store/button_Add' is clicked on

2018-06-09 20:40:27 - [TEST_STEP][PASSED] - Statement - Break: null

2018-06-09 20:40:27 - [TEST_STEP][PASSED] - selectOptionByIndex: All options with index in [8] are selected on object 'Object Repository/PharmacyRequest/Page_Store/select_--Select--Amlodepin -5'

2018-06-09 20:40:27 - [MESSAGE][PASSED] - All options with index in [8] are selected on object 'Object Repository/PharmacyRequest/Page_Store/select_--Select--Amlodepin -5'

2018-06-09 20:40:27 - [TEST_STEP][PASSED] - delay: Delayed 1 second(s)

2018-06-09 20:40:28 - [MESSAGE][PASSED] - Delayed 1 second(s)

2018-06-09 20:40:28 - [TEST_STEP][PASSED] - Statement - RequestedQty = com.kms.katalon.core.webui.keyword.WebUiBuiltInKeywords.getAttribute(com.kms.katalon.core.testobject.ObjectRepository.findTestObject(PharmacyRequest/Page_Store/input_txttotal), "value"): Attribute 'value' of object 'Object Repository/PharmacyRequest/Page_Store/input_txttotal' is: '10'

2018-06-09 20:40:28 - [MESSAGE][PASSED] - Attribute 'value' of object 'Object Repository/PharmacyRequest/Page_Store/input_txttotal' is: '10'

2018-06-09 20:40:28 - [TEST_STEP][PASSED] - Statement - out.println("Requested QTY : " + RequestedQty): null

2018-06-09 20:40:28 - [TEST_STEP][PASSED] - Statement - BatchNumber = com.kms.katalon.core.webui.keyword.WebUiBuiltInKeywords.getNumberOfTotalOption(com.kms.katalon.core.testobject.ObjectRepository.findTestObject(PharmacyRequest/Page_Store/select_--Select--BA50)): 3 options of object 'Object Repository/PharmacyRequest/Page_Store/select_--Select--BA50' counted

2018-06-09 20:40:28 - [MESSAGE][PASSED] - 3 options of object 'Object Repository/PharmacyRequest/Page_Store/select_--Select--BA50' counted

2018-06-09 20:40:28 - [TEST_STEP][PASSED] - Statement - For ([g = 1, g <= BatchNumber - 1, (g++)]): null

2018-06-09 20:40:28 - [TEST_STEP][PASSED] - selectOptionByIndex: All options with index in [1] are selected on object 'Object Repository/PharmacyRequest/Page_Store/select_--Select--BA50'

2018-06-09 20:40:28 - [MESSAGE][PASSED] - All options with index in [1] are selected on object 'Object Repository/PharmacyRequest/Page_Store/select_--Select--BA50'

2018-06-09 20:40:28 - [TEST_STEP][PASSED] - delay: Delayed 1 second(s)

2018-06-09 20:40:29 - [MESSAGE][PASSED] - Delayed 1 second(s)

2018-06-09 20:40:29 - [TEST_STEP][PASSED] - Statement - StockQty = com.kms.katalon.core.webui.keyword.WebUiBuiltInKeywords.getAttribute(com.kms.katalon.core.testobject.ObjectRepository.findTestObject(PharmacyRequest/Page_Store/input_txtprice), "value"): Attribute 'value' of object 'Object Repository/PharmacyRequest/Page_Store/input_txtprice' is: '1700'

2018-06-09 20:40:29 - [MESSAGE][PASSED] - Attribute 'value' of object 'Object Repository/PharmacyRequest/Page_Store/input_txtprice' is: '1700'

2018-06-09 20:40:29 - [TEST_STEP][PASSED] - Statement - out.println("Stock QTY : " + StockQty): null

2018-06-09 20:40:29 - [TEST_STEP][PASSED] - delay: Delayed 1 second(s)

2018-06-09 20:40:30 - [MESSAGE][PASSED] - Delayed 1 second(s)

2018-06-09 20:40:30 - [TEST_STEP][PASSED] - Statement - If (java.lang.Integer.valueOf(StockQty) >= java.lang.Integer.valueOf(RequestedQty)): null

2018-06-09 20:40:30 - [TEST_STEP][PASSED] - setText: Text '10' is set on object 'Object Repository/PharmacyRequest/Page_Store/input_txtqty'

2018-06-09 20:40:30 - [MESSAGE][PASSED] - Text '10' is set on object 'Object Repository/PharmacyRequest/Page_Store/input_txtqty'

2018-06-09 20:40:30 - [TEST_STEP][PASSED] - click: Object: 'Object Repository/PharmacyRequest/Page_Store/button_Add' is clicked on

2018-06-09 20:40:30 - [MESSAGE][PASSED] - Object: 'Object Repository/PharmacyRequest/Page_Store/button_Add' is clicked on

2018-06-09 20:40:30 - [TEST_STEP][PASSED] - Statement - Break: null

2018-06-09 20:40:30 - [TEST_STEP][PASSED] - selectOptionByIndex: All options with index in [9] are selected on object 'Object Repository/PharmacyRequest/Page_Store/select_--Select--Amlodepin -5'

2018-06-09 20:40:31 - [MESSAGE][PASSED] - All options with index in [9] are selected on object 'Object Repository/PharmacyRequest/Page_Store/select_--Select--Amlodepin -5'

2018-06-09 20:40:31 - [TEST_STEP][PASSED] - delay: Delayed 1 second(s)

2018-06-09 20:40:32 - [MESSAGE][PASSED] - Delayed 1 second(s)

2018-06-09 20:40:32 - [TEST_STEP][PASSED] - Statement - RequestedQty = com.kms.katalon.core.webui.keyword.WebUiBuiltInKeywords.getAttribute(com.kms.katalon.core.testobject.ObjectRepository.findTestObject(PharmacyRequest/Page_Store/input_txttotal), "value"): Attribute 'value' of object 'Object Repository/PharmacyRequest/Page_Store/input_txttotal' is: '10'

2018-06-09 20:40:32 - [MESSAGE][PASSED] - Attribute 'value' of object 'Object Repository/PharmacyRequest/Page_Store/input_txttotal' is: '10'

2018-06-09 20:40:32 - [TEST_STEP][PASSED] - Statement - out.println("Requested QTY : " + RequestedQty): null

2018-06-09 20:40:32 - [TEST_STEP][PASSED] - Statement - BatchNumber = com.kms.katalon.core.webui.keyword.WebUiBuiltInKeywords.getNumberOfTotalOption(com.kms.katalon.core.testobject.ObjectRepository.findTestObject(PharmacyRequest/Page_Store/select_--Select--BA50)): 3 options of object 'Object Repository/PharmacyRequest/Page_Store/select_--Select--BA50' counted

2018-06-09 20:40:32 - [MESSAGE][PASSED] - 3 options of object 'Object Repository/PharmacyRequest/Page_Store/select_--Select--BA50' counted

2018-06-09 20:40:32 - [TEST_STEP][PASSED] - Statement - For ([g = 1, g <= BatchNumber - 1, (g++)]): null

2018-06-09 20:40:32 - [TEST_STEP][PASSED] - selectOptionByIndex: All options with index in [1] are selected on object 'Object Repository/PharmacyRequest/Page_Store/select_--Select--BA50'

2018-06-09 20:40:32 - [MESSAGE][PASSED] - All options with index in [1] are selected on object 'Object Repository/PharmacyRequest/Page_Store/select_--Select--BA50'

2018-06-09 20:40:32 - [TEST_STEP][PASSED] - delay: Delayed 1 second(s)

2018-06-09 20:40:33 - [MESSAGE][PASSED] - Delayed 1 second(s)

2018-06-09 20:40:33 - [TEST_STEP][PASSED] - Statement - StockQty = com.kms.katalon.core.webui.keyword.WebUiBuiltInKeywords.getAttribute(com.kms.katalon.core.testobject.ObjectRepository.findTestObject(PharmacyRequest/Page_Store/input_txtprice), "value"): Attribute 'value' of object 'Object Repository/PharmacyRequest/Page_Store/input_txtprice' is: '790'

2018-06-09 20:40:33 - [MESSAGE][PASSED] - Attribute 'value' of object 'Object Repository/PharmacyRequest/Page_Store/input_txtprice' is: '790'

2018-06-09 20:40:33 - [TEST_STEP][PASSED] - Statement - out.println("Stock QTY : " + StockQty): null

2018-06-09 20:40:33 - [TEST_STEP][PASSED] - delay: Delayed 1 second(s)

2018-06-09 20:40:34 - [MESSAGE][PASSED] - Delayed 1 second(s)

2018-06-09 20:40:34 - [TEST_STEP][PASSED] - Statement - If (java.lang.Integer.valueOf(StockQty) >= java.lang.Integer.valueOf(RequestedQty)): null

2018-06-09 20:40:34 - [TEST_STEP][PASSED] - setText: Text '10' is set on object 'Object Repository/PharmacyRequest/Page_Store/input_txtqty'

2018-06-09 20:40:34 - [MESSAGE][PASSED] - Text '10' is set on object 'Object Repository/PharmacyRequest/Page_Store/input_txtqty'

2018-06-09 20:40:34 - [TEST_STEP][PASSED] - click: Object: 'Object Repository/PharmacyRequest/Page_Store/button_Add' is clicked on

2018-06-09 20:40:34 - [MESSAGE][PASSED] - Object: 'Object Repository/PharmacyRequest/Page_Store/button_Add' is clicked on

2018-06-09 20:40:34 - [TEST_STEP][PASSED] - Statement - Break: null

2018-06-09 20:40:34 - [TEST_STEP][PASSED] - selectOptionByIndex: All options with index in [10] are selected on object 'Object Repository/PharmacyRequest/Page_Store/select_--Select--Amlodepin -5'

2018-06-09 20:40:34 - [MESSAGE][PASSED] - All options with index in [10] are selected on object 'Object Repository/PharmacyRequest/Page_Store/select_--Select--Amlodepin -5'

2018-06-09 20:40:34 - [TEST_STEP][PASSED] - delay: Delayed 1 second(s)

2018-06-09 20:40:35 - [MESSAGE][PASSED] - Delayed 1 second(s)

2018-06-09 20:40:35 - [TEST_STEP][PASSED] - Statement - RequestedQty = com.kms.katalon.core.webui.keyword.WebUiBuiltInKeywords.getAttribute(com.kms.katalon.core.testobject.ObjectRepository.findTestObject(PharmacyRequest/Page_Store/input_txttotal), "value"): Attribute 'value' of object 'Object Repository/PharmacyRequest/Page_Store/input_txttotal' is: '10'

2018-06-09 20:40:35 - [MESSAGE][PASSED] - Attribute 'value' of object 'Object Repository/PharmacyRequest/Page_Store/input_txttotal' is: '10'

2018-06-09 20:40:35 - [TEST_STEP][PASSED] - Statement - out.println("Requested QTY : " + RequestedQty): null

2018-06-09 20:40:35 - [TEST_STEP][PASSED] - Statement - BatchNumber = com.kms.katalon.core.webui.keyword.WebUiBuiltInKeywords.getNumberOfTotalOption(com.kms.katalon.core.testobject.ObjectRepository.findTestObject(PharmacyRequest/Page_Store/select_--Select--BA50)): 3 options of object 'Object Repository/PharmacyRequest/Page_Store/select_--Select--BA50' counted

2018-06-09 20:40:35 - [MESSAGE][PASSED] - 3 options of object 'Object Repository/PharmacyRequest/Page_Store/select_--Select--BA50' counted

2018-06-09 20:40:35 - [TEST_STEP][PASSED] - Statement - For ([g = 1, g <= BatchNumber - 1, (g++)]): null

2018-06-09 20:40:35 - [TEST_STEP][PASSED] - selectOptionByIndex: All options with index in [1] are selected on object 'Object Repository/PharmacyRequest/Page_Store/select_--Select--BA50'

2018-06-09 20:40:35 - [MESSAGE][PASSED] - All options with index in [1] are selected on object 'Object Repository/PharmacyRequest/Page_Store/select_--Select--BA50'

2018-06-09 20:40:35 - [TEST_STEP][PASSED] - delay: Delayed 1 second(s)

2018-06-09 20:40:36 - [MESSAGE][PASSED] - Delayed 1 second(s)

2018-06-09 20:40:36 - [TEST_STEP][PASSED] - Statement - StockQty = com.kms.katalon.core.webui.keyword.WebUiBuiltInKeywords.getAttribute(com.kms.katalon.core.testobject.ObjectRepository.findTestObject(PharmacyRequest/Page_Store/input_txtprice), "value"): Attribute 'value' of object 'Object Repository/PharmacyRequest/Page_Store/input_txtprice' is: '365'

2018-06-09 20:40:36 - [MESSAGE][PASSED] - Attribute 'value' of object 'Object Repository/PharmacyRequest/Page_Store/input_txtprice' is: '365'

2018-06-09 20:40:36 - [TEST_STEP][PASSED] - Statement - out.println("Stock QTY : " + StockQty): null

2018-06-09 20:40:36 - [TEST_STEP][PASSED] - delay: Delayed 1 second(s)

2018-06-09 20:40:37 - [MESSAGE][PASSED] - Delayed 1 second(s)

2018-06-09 20:40:37 - [TEST_STEP][PASSED] - Statement - If (java.lang.Integer.valueOf(StockQty) >= java.lang.Integer.valueOf(RequestedQty)): null

2018-06-09 20:40:37 - [TEST_STEP][PASSED] - setText: Text '10' is set on object 'Object Repository/PharmacyRequest/Page_Store/input_txtqty'

2018-06-09 20:40:38 - [MESSAGE][PASSED] - Text '10' is set on object 'Object Repository/PharmacyRequest/Page_Store/input_txtqty'

2018-06-09 20:40:38 - [TEST_STEP][PASSED] - click: Object: 'Object Repository/PharmacyRequest/Page_Store/button_Add' is clicked on

2018-06-09 20:40:38 - [MESSAGE][PASSED] - Object: 'Object Repository/PharmacyRequest/Page_Store/button_Add' is clicked on

2018-06-09 20:40:38 - [TEST_STEP][PASSED] - Statement - Break: null

2018-06-09 20:40:38 - [TEST_STEP][PASSED] - selectOptionByIndex: All options with index in [11] are selected on object 'Object Repository/PharmacyRequest/Page_Store/select_--Select--Amlodepin -5'

2018-06-09 20:40:38 - [MESSAGE][PASSED] - All options with index in [11] are selected on object 'Object Repository/PharmacyRequest/Page_Store/select_--Select--Amlodepin -5'

2018-06-09 20:40:38 - [TEST_STEP][PASSED] - delay: Delayed 1 second(s)

2018-06-09 20:40:39 - [MESSAGE][PASSED] - Delayed 1 second(s)

2018-06-09 20:40:39 - [TEST_STEP][PASSED] - Statement - RequestedQty = com.kms.katalon.core.webui.keyword.WebUiBuiltInKeywords.getAttribute(com.kms.katalon.core.testobject.ObjectRepository.findTestObject(PharmacyRequest/Page_Store/input_txttotal), "value"): Attribute 'value' of object 'Object Repository/PharmacyRequest/Page_Store/input_txttotal' is: '10'

2018-06-09 20:40:39 - [MESSAGE][PASSED] - Attribute 'value' of object 'Object Repository/PharmacyRequest/Page_Store/input_txttotal' is: '10'

2018-06-09 20:40:39 - [TEST_STEP][PASSED] - Statement - out.println("Requested QTY : " + RequestedQty): null

2018-06-09 20:40:39 - [TEST_STEP][PASSED] - Statement - BatchNumber = com.kms.katalon.core.webui.keyword.WebUiBuiltInKeywords.getNumberOfTotalOption(com.kms.katalon.core.testobject.ObjectRepository.findTestObject(PharmacyRequest/Page_Store/select_--Select--BA50)): 4 options of object 'Object Repository/PharmacyRequest/Page_Store/select_--Select--BA50' counted

2018-06-09 20:40:39 - [MESSAGE][PASSED] - 4 options of object 'Object Repository/PharmacyRequest/Page_Store/select_--Select--BA50' counted

2018-06-09 20:40:39 - [TEST_STEP][PASSED] - Statement - For ([g = 1, g <= BatchNumber - 1, (g++)]): null

2018-06-09 20:40:39 - [TEST_STEP][PASSED] - selectOptionByIndex: All options with index in [1] are selected on object 'Object Repository/PharmacyRequest/Page_Store/select_--Select--BA50'

2018-06-09 20:40:39 - [MESSAGE][PASSED] - All options with index in [1] are selected on object 'Object Repository/PharmacyRequest/Page_Store/select_--Select--BA50'

2018-06-09 20:40:39 - [TEST_STEP][PASSED] - delay: Delayed 1 second(s)

2018-06-09 20:40:40 - [MESSAGE][PASSED] - Delayed 1 second(s)

2018-06-09 20:40:40 - [TEST_STEP][PASSED] - Statement - StockQty = com.kms.katalon.core.webui.keyword.WebUiBuiltInKeywords.getAttribute(com.kms.katalon.core.testobject.ObjectRepository.findTestObject(PharmacyRequest/Page_Store/input_txtprice), "value"): Attribute 'value' of object 'Object Repository/PharmacyRequest/Page_Store/input_txtprice' is: '790'

2018-06-09 20:40:40 - [MESSAGE][PASSED] - Attribute 'value' of object 'Object Repository/PharmacyRequest/Page_Store/input_txtprice' is: '790'

2018-06-09 20:40:40 - [TEST_STEP][PASSED] - Statement - out.println("Stock QTY : " + StockQty): null

2018-06-09 20:40:40 - [TEST_STEP][PASSED] - delay: Delayed 1 second(s)

2018-06-09 20:40:41 - [MESSAGE][PASSED] - Delayed 1 second(s)

2018-06-09 20:40:41 - [TEST_STEP][PASSED] - Statement - If (java.lang.Integer.valueOf(StockQty) >= java.lang.Integer.valueOf(RequestedQty)): null

2018-06-09 20:40:41 - [TEST_STEP][PASSED] - setText: Text '10' is set on object 'Object Repository/PharmacyRequest/Page_Store/input_txtqty'

2018-06-09 20:40:41 - [MESSAGE][PASSED] - Text '10' is set on object 'Object Repository/PharmacyRequest/Page_Store/input_txtqty'

2018-06-09 20:40:41 - [TEST_STEP][PASSED] - click: Object: 'Object Repository/PharmacyRequest/Page_Store/button_Add' is clicked on

2018-06-09 20:40:41 - [MESSAGE][PASSED] - Object: 'Object Repository/PharmacyRequest/Page_Store/button_Add' is clicked on

2018-06-09 20:40:41 - [TEST_STEP][PASSED] - Statement - Break: null

2018-06-09 20:40:41 - [TEST_STEP][PASSED] - selectOptionByIndex: All options with index in [12] are selected on object 'Object Repository/PharmacyRequest/Page_Store/select_--Select--Amlodepin -5'

2018-06-09 20:40:41 - [MESSAGE][PASSED] - All options with index in [12] are selected on object 'Object Repository/PharmacyRequest/Page_Store/select_--Select--Amlodepin -5'

2018-06-09 20:40:41 - [TEST_STEP][PASSED] - delay: Delayed 1 second(s)

2018-06-09 20:40:42 - [MESSAGE][PASSED] - Delayed 1 second(s)

2018-06-09 20:40:42 - [TEST_STEP][PASSED] - Statement - RequestedQty = com.kms.katalon.core.webui.keyword.WebUiBuiltInKeywords.getAttribute(com.kms.katalon.core.testobject.ObjectRepository.findTestObject(PharmacyRequest/Page_Store/input_txttotal), "value"): Attribute 'value' of object 'Object Repository/PharmacyRequest/Page_Store/input_txttotal' is: '10'

2018-06-09 20:40:42 - [MESSAGE][PASSED] - Attribute 'value' of object 'Object Repository/PharmacyRequest/Page_Store/input_txttotal' is: '10'

2018-06-09 20:40:42 - [TEST_STEP][PASSED] - Statement - out.println("Requested QTY : " + RequestedQty): null

2018-06-09 20:40:42 - [TEST_STEP][PASSED] - Statement - BatchNumber = com.kms.katalon.core.webui.keyword.WebUiBuiltInKeywords.getNumberOfTotalOption(com.kms.katalon.core.testobject.ObjectRepository.findTestObject(PharmacyRequest/Page_Store/select_--Select--BA50)): 2 options of object 'Object Repository/PharmacyRequest/Page_Store/select_--Select--BA50' counted

2018-06-09 20:40:42 - [MESSAGE][PASSED] - 2 options of object 'Object Repository/PharmacyRequest/Page_Store/select_--Select--BA50' counted

2018-06-09 20:40:42 - [TEST_STEP][PASSED] - Statement - For ([g = 1, g <= BatchNumber - 1, (g++)]): null

2018-06-09 20:40:42 - [TEST_STEP][PASSED] - selectOptionByIndex: All options with index in [1] are selected on object 'Object Repository/PharmacyRequest/Page_Store/select_--Select--BA50'

2018-06-09 20:40:43 - [MESSAGE][PASSED] - All options with index in [1] are selected on object 'Object Repository/PharmacyRequest/Page_Store/select_--Select--BA50'

2018-06-09 20:40:43 - [TEST_STEP][PASSED] - delay: Delayed 1 second(s)

2018-06-09 20:40:44 - [MESSAGE][PASSED] - Delayed 1 second(s)

2018-06-09 20:40:44 - [TEST_STEP][PASSED] - Statement - StockQty = com.kms.katalon.core.webui.keyword.WebUiBuiltInKeywords.getAttribute(com.kms.katalon.core.testobject.ObjectRepository.findTestObject(PharmacyRequest/Page_Store/input_txtprice), "value"): Attribute 'value' of object 'Object Repository/PharmacyRequest/Page_Store/input_txtprice' is: '1800'

2018-06-09 20:40:44 - [MESSAGE][PASSED] - Attribute 'value' of object 'Object Repository/PharmacyRequest/Page_Store/input_txtprice' is: '1800'

2018-06-09 20:40:44 - [TEST_STEP][PASSED] - Statement - out.println("Stock QTY : " + StockQty): null

2018-06-09 20:40:44 - [TEST_STEP][PASSED] - delay: Delayed 1 second(s)

2018-06-09 20:40:45 - [MESSAGE][PASSED] - Delayed 1 second(s)

2018-06-09 20:40:45 - [TEST_STEP][PASSED] - Statement - If (java.lang.Integer.valueOf(StockQty) >= java.lang.Integer.valueOf(RequestedQty)): null

2018-06-09 20:40:45 - [TEST_STEP][PASSED] - setText: Text '10' is set on object 'Object Repository/PharmacyRequest/Page_Store/input_txtqty'

2018-06-09 20:40:45 - [MESSAGE][PASSED] - Text '10' is set on object 'Object Repository/PharmacyRequest/Page_Store/input_txtqty'

2018-06-09 20:40:45 - [TEST_STEP][PASSED] - click: Object: 'Object Repository/PharmacyRequest/Page_Store/button_Add' is clicked on

2018-06-09 20:40:45 - [MESSAGE][PASSED] - Object: 'Object Repository/PharmacyRequest/Page_Store/button_Add' is clicked on

2018-06-09 20:40:45 - [TEST_STEP][PASSED] - Statement - Break: null

2018-06-09 20:40:45 - [TEST_STEP][PASSED] - selectOptionByIndex: All options with index in [13] are selected on object 'Object Repository/PharmacyRequest/Page_Store/select_--Select--Amlodepin -5'

2018-06-09 20:40:45 - [MESSAGE][PASSED] - All options with index in [13] are selected on object 'Object Repository/PharmacyRequest/Page_Store/select_--Select--Amlodepin -5'

2018-06-09 20:40:45 - [TEST_STEP][PASSED] - delay: Delayed 1 second(s)

2018-06-09 20:40:46 - [MESSAGE][PASSED] - Delayed 1 second(s)

2018-06-09 20:40:46 - [TEST_STEP][PASSED] - Statement - RequestedQty = com.kms.katalon.core.webui.keyword.WebUiBuiltInKeywords.getAttribute(com.kms.katalon.core.testobject.ObjectRepository.findTestObject(PharmacyRequest/Page_Store/input_txttotal), "value"): Attribute 'value' of object 'Object Repository/PharmacyRequest/Page_Store/input_txttotal' is: '10'

2018-06-09 20:40:46 - [MESSAGE][PASSED] - Attribute 'value' of object 'Object Repository/PharmacyRequest/Page_Store/input_txttotal' is: '10'

2018-06-09 20:40:46 - [TEST_STEP][PASSED] - Statement - out.println("Requested QTY : " + RequestedQty): null

2018-06-09 20:40:46 - [TEST_STEP][PASSED] - Statement - BatchNumber = com.kms.katalon.core.webui.keyword.WebUiBuiltInKeywords.getNumberOfTotalOption(com.kms.katalon.core.testobject.ObjectRepository.findTestObject(PharmacyRequest/Page_Store/select_--Select--BA50)): 3 options of object 'Object Repository/PharmacyRequest/Page_Store/select_--Select--BA50' counted

2018-06-09 20:40:46 - [MESSAGE][PASSED] - 3 options of object 'Object Repository/PharmacyRequest/Page_Store/select_--Select--BA50' counted

2018-06-09 20:40:46 - [TEST_STEP][PASSED] - Statement - For ([g = 1, g <= BatchNumber - 1, (g++)]): null

2018-06-09 20:40:46 - [TEST_STEP][PASSED] - selectOptionByIndex: All options with index in [1] are selected on object 'Object Repository/PharmacyRequest/Page_Store/select_--Select--BA50'

2018-06-09 20:40:46 - [MESSAGE][PASSED] - All options with index in [1] are selected on object 'Object Repository/PharmacyRequest/Page_Store/select_--Select--BA50'

2018-06-09 20:40:46 - [TEST_STEP][PASSED] - delay: Delayed 1 second(s)

2018-06-09 20:40:47 - [MESSAGE][PASSED] - Delayed 1 second(s)

2018-06-09 20:40:47 - [TEST_STEP][PASSED] - Statement - StockQty = com.kms.katalon.core.webui.keyword.WebUiBuiltInKeywords.getAttribute(com.kms.katalon.core.testobject.ObjectRepository.findTestObject(PharmacyRequest/Page_Store/input_txtprice), "value"): Attribute 'value' of object 'Object Repository/PharmacyRequest/Page_Store/input_txtprice' is: '790'

2018-06-09 20:40:47 - [MESSAGE][PASSED] - Attribute 'value' of object 'Object Repository/PharmacyRequest/Page_Store/input_txtprice' is: '790'

2018-06-09 20:40:47 - [TEST_STEP][PASSED] - Statement - out.println("Stock QTY : " + StockQty): null

2018-06-09 20:40:47 - [TEST_STEP][PASSED] - delay: Delayed 1 second(s)

2018-06-09 20:40:48 - [MESSAGE][PASSED] - Delayed 1 second(s)

2018-06-09 20:40:48 - [TEST_STEP][PASSED] - Statement - If (java.lang.Integer.valueOf(StockQty) >= java.lang.Integer.valueOf(RequestedQty)): null

2018-06-09 20:40:48 - [TEST_STEP][PASSED] - setText: Text '10' is set on object 'Object Repository/PharmacyRequest/Page_Store/input_txtqty'

2018-06-09 20:40:48 - [MESSAGE][PASSED] - Text '10' is set on object 'Object Repository/PharmacyRequest/Page_Store/input_txtqty'

2018-06-09 20:40:48 - [TEST_STEP][PASSED] - click: Object: 'Object Repository/PharmacyRequest/Page_Store/button_Add' is clicked on

2018-06-09 20:40:48 - [MESSAGE][PASSED] - Object: 'Object Repository/PharmacyRequest/Page_Store/button_Add' is clicked on

2018-06-09 20:40:48 - [TEST_STEP][PASSED] - Statement - Break: null

2018-06-09 20:40:48 - [TEST_STEP][PASSED] - selectOptionByIndex: All options with index in [14] are selected on object 'Object Repository/PharmacyRequest/Page_Store/select_--Select--Amlodepin -5'

2018-06-09 20:40:49 - [MESSAGE][PASSED] - All options with index in [14] are selected on object 'Object Repository/PharmacyRequest/Page_Store/select_--Select--Amlodepin -5'

2018-06-09 20:40:49 - [TEST_STEP][PASSED] - delay: Delayed 1 second(s)

2018-06-09 20:40:50 - [MESSAGE][PASSED] - Delayed 1 second(s)

2018-06-09 20:40:50 - [TEST_STEP][PASSED] - Statement - RequestedQty = com.kms.katalon.core.webui.keyword.WebUiBuiltInKeywords.getAttribute(com.kms.katalon.core.testobject.ObjectRepository.findTestObject(PharmacyRequest/Page_Store/input_txttotal), "value"): Attribute 'value' of object 'Object Repository/PharmacyRequest/Page_Store/input_txttotal' is: '10'

2018-06-09 20:40:50 - [MESSAGE][PASSED] - Attribute 'value' of object 'Object Repository/PharmacyRequest/Page_Store/input_txttotal' is: '10'

2018-06-09 20:40:50 - [TEST_STEP][PASSED] - Statement - out.println("Requested QTY : " + RequestedQty): null

2018-06-09 20:40:50 - [TEST_STEP][PASSED] - Statement - BatchNumber = com.kms.katalon.core.webui.keyword.WebUiBuiltInKeywords.getNumberOfTotalOption(com.kms.katalon.core.testobject.ObjectRepository.findTestObject(PharmacyRequest/Page_Store/select_--Select--BA50)): 3 options of object 'Object Repository/PharmacyRequest/Page_Store/select_--Select--BA50' counted

2018-06-09 20:40:50 - [MESSAGE][PASSED] - 3 options of object 'Object Repository/PharmacyRequest/Page_Store/select_--Select--BA50' counted

2018-06-09 20:40:50 - [TEST_STEP][PASSED] - Statement - For ([g = 1, g <= BatchNumber - 1, (g++)]): null

2018-06-09 20:40:50 - [TEST_STEP][PASSED] - selectOptionByIndex: All options with index in [1] are selected on object 'Object Repository/PharmacyRequest/Page_Store/select_--Select--BA50'

2018-06-09 20:40:50 - [MESSAGE][PASSED] - All options with index in [1] are selected on object 'Object Repository/PharmacyRequest/Page_Store/select_--Select--BA50'

2018-06-09 20:40:50 - [TEST_STEP][PASSED] - delay: Delayed 1 second(s)

2018-06-09 20:40:51 - [MESSAGE][PASSED] - Delayed 1 second(s)

2018-06-09 20:40:51 - [TEST_STEP][PASSED] - Statement - StockQty = com.kms.katalon.core.webui.keyword.WebUiBuiltInKeywords.getAttribute(com.kms.katalon.core.testobject.ObjectRepository.findTestObject(PharmacyRequest/Page_Store/input_txtprice), "value"): Attribute 'value' of object 'Object Repository/PharmacyRequest/Page_Store/input_txtprice' is: '3800'

2018-06-09 20:40:51 - [MESSAGE][PASSED] - Attribute 'value' of object 'Object Repository/PharmacyRequest/Page_Store/input_txtprice' is: '3800'

2018-06-09 20:40:51 - [TEST_STEP][PASSED] - Statement - out.println("Stock QTY : " + StockQty): null

2018-06-09 20:40:51 - [TEST_STEP][PASSED] - delay: Delayed 1 second(s)

2018-06-09 20:40:52 - [MESSAGE][PASSED] - Delayed 1 second(s)

2018-06-09 20:40:52 - [TEST_STEP][PASSED] - Statement - If (java.lang.Integer.valueOf(StockQty) >= java.lang.Integer.valueOf(RequestedQty)): null

2018-06-09 20:40:52 - [TEST_STEP][PASSED] - setText: Text '10' is set on object 'Object Repository/PharmacyRequest/Page_Store/input_txtqty'

2018-06-09 20:40:52 - [MESSAGE][PASSED] - Text '10' is set on object 'Object Repository/PharmacyRequest/Page_Store/input_txtqty'

2018-06-09 20:40:52 - [TEST_STEP][PASSED] - click: Object: 'Object Repository/PharmacyRequest/Page_Store/button_Add' is clicked on

2018-06-09 20:40:52 - [MESSAGE][PASSED] - Object: 'Object Repository/PharmacyRequest/Page_Store/button_Add' is clicked on

2018-06-09 20:40:52 - [TEST_STEP][PASSED] - Statement - Break: null

2018-06-09 20:40:52 - [TEST_STEP][PASSED] - selectOptionByIndex: All options with index in [15] are selected on object 'Object Repository/PharmacyRequest/Page_Store/select_--Select--Amlodepin -5'

2018-06-09 20:40:52 - [MESSAGE][PASSED] - All options with index in [15] are selected on object 'Object Repository/PharmacyRequest/Page_Store/select_--Select--Amlodepin -5'

2018-06-09 20:40:52 - [TEST_STEP][PASSED] - delay: Delayed 1 second(s)

2018-06-09 20:40:53 - [MESSAGE][PASSED] - Delayed 1 second(s)

2018-06-09 20:40:53 - [TEST_STEP][PASSED] - Statement - RequestedQty = com.kms.katalon.core.webui.keyword.WebUiBuiltInKeywords.getAttribute(com.kms.katalon.core.testobject.ObjectRepository.findTestObject(PharmacyRequest/Page_Store/input_txttotal), "value"): Attribute 'value' of object 'Object Repository/PharmacyRequest/Page_Store/input_txttotal' is: '10'

2018-06-09 20:40:53 - [MESSAGE][PASSED] - Attribute 'value' of object 'Object Repository/PharmacyRequest/Page_Store/input_txttotal' is: '10'

2018-06-09 20:40:53 - [TEST_STEP][PASSED] - Statement - out.println("Requested QTY : " + RequestedQty): null

2018-06-09 20:40:53 - [TEST_STEP][PASSED] - Statement - BatchNumber = com.kms.katalon.core.webui.keyword.WebUiBuiltInKeywords.getNumberOfTotalOption(com.kms.katalon.core.testobject.ObjectRepository.findTestObject(PharmacyRequest/Page_Store/select_--Select--BA50)): 3 options of object 'Object Repository/PharmacyRequest/Page_Store/select_--Select--BA50' counted

2018-06-09 20:40:53 - [MESSAGE][PASSED] - 3 options of object 'Object Repository/PharmacyRequest/Page_Store/select_--Select--BA50' counted

2018-06-09 20:40:53 - [TEST_STEP][PASSED] - Statement - For ([g = 1, g <= BatchNumber - 1, (g++)]): null

2018-06-09 20:40:53 - [TEST_STEP][PASSED] - selectOptionByIndex: All options with index in [1] are selected on object 'Object Repository/PharmacyRequest/Page_Store/select_--Select--BA50'

2018-06-09 20:40:53 - [MESSAGE][PASSED] - All options with index in [1] are selected on object 'Object Repository/PharmacyRequest/Page_Store/select_--Select--BA50'

2018-06-09 20:40:53 - [TEST_STEP][PASSED] - delay: Delayed 1 second(s)

2018-06-09 20:40:54 - [MESSAGE][PASSED] - Delayed 1 second(s)

2018-06-09 20:40:54 - [TEST_STEP][PASSED] - Statement - StockQty = com.kms.katalon.core.webui.keyword.WebUiBuiltInKeywords.getAttribute(com.kms.katalon.core.testobject.ObjectRepository.findTestObject(PharmacyRequest/Page_Store/input_txtprice), "value"): Attribute 'value' of object 'Object Repository/PharmacyRequest/Page_Store/input_txtprice' is: '3810'

2018-06-09 20:40:55 - [MESSAGE][PASSED] - Attribute 'value' of object 'Object Repository/PharmacyRequest/Page_Store/input_txtprice' is: '3810'

2018-06-09 20:40:55 - [TEST_STEP][PASSED] - Statement - out.println("Stock QTY : " + StockQty): null

2018-06-09 20:40:55 - [TEST_STEP][PASSED] - delay: Delayed 1 second(s)

2018-06-09 20:40:56 - [MESSAGE][PASSED] - Delayed 1 second(s)

2018-06-09 20:40:56 - [TEST_STEP][PASSED] - Statement - If (java.lang.Integer.valueOf(StockQty) >= java.lang.Integer.valueOf(RequestedQty)): null

2018-06-09 20:40:56 - [TEST_STEP][PASSED] - setText: Text '10' is set on object 'Object Repository/PharmacyRequest/Page_Store/input_txtqty'

2018-06-09 20:40:56 - [MESSAGE][PASSED] - Text '10' is set on object 'Object Repository/PharmacyRequest/Page_Store/input_txtqty'

2018-06-09 20:40:56 - [TEST_STEP][PASSED] - click: Object: 'Object Repository/PharmacyRequest/Page_Store/button_Add' is clicked on

2018-06-09 20:40:56 - [MESSAGE][PASSED] - Object: 'Object Repository/PharmacyRequest/Page_Store/button_Add' is clicked on

2018-06-09 20:40:56 - [TEST_STEP][PASSED] - Statement - Break: null

2018-06-09 20:40:56 - [TEST_STEP][PASSED] - selectOptionByIndex: All options with index in [16] are selected on object 'Object Repository/PharmacyRequest/Page_Store/select_--Select--Amlodepin -5'

2018-06-09 20:40:56 - [MESSAGE][PASSED] - All options with index in [16] are selected on object 'Object Repository/PharmacyRequest/Page_Store/select_--Select--Amlodepin -5'

2018-06-09 20:40:56 - [TEST_STEP][PASSED] - delay: Delayed 1 second(s)

2018-06-09 20:40:57 - [MESSAGE][PASSED] - Delayed 1 second(s)

2018-06-09 20:40:57 - [TEST_STEP][PASSED] - Statement - RequestedQty = com.kms.katalon.core.webui.keyword.WebUiBuiltInKeywords.getAttribute(com.kms.katalon.core.testobject.ObjectRepository.findTestObject(PharmacyRequest/Page_Store/input_txttotal), "value"): Attribute 'value' of object 'Object Repository/PharmacyRequest/Page_Store/input_txttotal' is: '10'

2018-06-09 20:40:57 - [MESSAGE][PASSED] - Attribute 'value' of object 'Object Repository/PharmacyRequest/Page_Store/input_txttotal' is: '10'

2018-06-09 20:40:57 - [TEST_STEP][PASSED] - Statement - out.println("Requested QTY : " + RequestedQty): null

2018-06-09 20:40:57 - [TEST_STEP][PASSED] - Statement - BatchNumber = com.kms.katalon.core.webui.keyword.WebUiBuiltInKeywords.getNumberOfTotalOption(com.kms.katalon.core.testobject.ObjectRepository.findTestObject(PharmacyRequest/Page_Store/select_--Select--BA50)): 3 options of object 'Object Repository/PharmacyRequest/Page_Store/select_--Select--BA50' counted

2018-06-09 20:40:57 - [MESSAGE][PASSED] - 3 options of object 'Object Repository/PharmacyRequest/Page_Store/select_--Select--BA50' counted

2018-06-09 20:40:57 - [TEST_STEP][PASSED] - Statement - For ([g = 1, g <= BatchNumber - 1, (g++)]): null

2018-06-09 20:40:57 - [TEST_STEP][PASSED] - selectOptionByIndex: All options with index in [1] are selected on object 'Object Repository/PharmacyRequest/Page_Store/select_--Select--BA50'

2018-06-09 20:40:57 - [MESSAGE][PASSED] - All options with index in [1] are selected on object 'Object Repository/PharmacyRequest/Page_Store/select_--Select--BA50'

2018-06-09 20:40:57 - [TEST_STEP][PASSED] - delay: Delayed 1 second(s)

2018-06-09 20:40:58 - [MESSAGE][PASSED] - Delayed 1 second(s)

2018-06-09 20:40:58 - [TEST_STEP][PASSED] - Statement - StockQty = com.kms.katalon.core.webui.keyword.WebUiBuiltInKeywords.getAttribute(com.kms.katalon.core.testobject.ObjectRepository.findTestObject(PharmacyRequest/Page_Store/input_txtprice), "value"): Attribute 'value' of object 'Object Repository/PharmacyRequest/Page_Store/input_txtprice' is: '800'

2018-06-09 20:40:58 - [MESSAGE][PASSED] - Attribute 'value' of object 'Object Repository/PharmacyRequest/Page_Store/input_txtprice' is: '800'

2018-06-09 20:40:58 - [TEST_STEP][PASSED] - Statement - out.println("Stock QTY : " + StockQty): null

2018-06-09 20:40:58 - [TEST_STEP][PASSED] - delay: Delayed 1 second(s)

2018-06-09 20:40:59 - [MESSAGE][PASSED] - Delayed 1 second(s)

2018-06-09 20:40:59 - [TEST_STEP][PASSED] - Statement - If (java.lang.Integer.valueOf(StockQty) >= java.lang.Integer.valueOf(RequestedQty)): null

2018-06-09 20:40:59 - [TEST_STEP][PASSED] - setText: Text '10' is set on object 'Object Repository/PharmacyRequest/Page_Store/input_txtqty'

2018-06-09 20:40:59 - [MESSAGE][PASSED] - Text '10' is set on object 'Object Repository/PharmacyRequest/Page_Store/input_txtqty'

2018-06-09 20:40:59 - [TEST_STEP][PASSED] - click: Object: 'Object Repository/PharmacyRequest/Page_Store/button_Add' is clicked on

2018-06-09 20:40:59 - [MESSAGE][PASSED] - Object: 'Object Repository/PharmacyRequest/Page_Store/button_Add' is clicked on

2018-06-09 20:40:59 - [TEST_STEP][PASSED] - Statement - Break: null

2018-06-09 20:40:59 - [TEST_STEP][PASSED] - selectOptionByIndex: All options with index in [17] are selected on object 'Object Repository/PharmacyRequest/Page_Store/select_--Select--Amlodepin -5'

2018-06-09 20:41:00 - [MESSAGE][PASSED] - All options with index in [17] are selected on object 'Object Repository/PharmacyRequest/Page_Store/select_--Select--Amlodepin -5'

2018-06-09 20:41:00 - [TEST_STEP][PASSED] - delay: Delayed 1 second(s)

2018-06-09 20:41:01 - [MESSAGE][PASSED] - Delayed 1 second(s)

2018-06-09 20:41:01 - [TEST_STEP][PASSED] - Statement - RequestedQty = com.kms.katalon.core.webui.keyword.WebUiBuiltInKeywords.getAttribute(com.kms.katalon.core.testobject.ObjectRepository.findTestObject(PharmacyRequest/Page_Store/input_txttotal), "value"): Attribute 'value' of object 'Object Repository/PharmacyRequest/Page_Store/input_txttotal' is: '10'

2018-06-09 20:41:01 - [MESSAGE][PASSED] - Attribute 'value' of object 'Object Repository/PharmacyRequest/Page_Store/input_txttotal' is: '10'

2018-06-09 20:41:01 - [TEST_STEP][PASSED] - Statement - out.println("Requested QTY : " + RequestedQty): null

2018-06-09 20:41:01 - [TEST_STEP][PASSED] - Statement - BatchNumber = com.kms.katalon.core.webui.keyword.WebUiBuiltInKeywords.getNumberOfTotalOption(com.kms.katalon.core.testobject.ObjectRepository.findTestObject(PharmacyRequest/Page_Store/select_--Select--BA50)): 2 options of object 'Object Repository/PharmacyRequest/Page_Store/select_--Select--BA50' counted

2018-06-09 20:41:01 - [MESSAGE][PASSED] - 2 options of object 'Object Repository/PharmacyRequest/Page_Store/select_--Select--BA50' counted

2018-06-09 20:41:01 - [TEST_STEP][PASSED] - Statement - For ([g = 1, g <= BatchNumber - 1, (g++)]): null

2018-06-09 20:41:01 - [TEST_STEP][PASSED] - selectOptionByIndex: All options with index in [1] are selected on object 'Object Repository/PharmacyRequest/Page_Store/select_--Select--BA50'

2018-06-09 20:41:01 - [MESSAGE][PASSED] - All options with index in [1] are selected on object 'Object Repository/PharmacyRequest/Page_Store/select_--Select--BA50'

2018-06-09 20:41:01 - [TEST_STEP][PASSED] - delay: Delayed 1 second(s)

2018-06-09 20:41:02 - [MESSAGE][PASSED] - Delayed 1 second(s)

2018-06-09 20:41:02 - [TEST_STEP][PASSED] - Statement - StockQty = com.kms.katalon.core.webui.keyword.WebUiBuiltInKeywords.getAttribute(com.kms.katalon.core.testobject.ObjectRepository.findTestObject(PharmacyRequest/Page_Store/input_txtprice), "value"): Attribute 'value' of object 'Object Repository/PharmacyRequest/Page_Store/input_txtprice' is: '1840'

2018-06-09 20:41:02 - [MESSAGE][PASSED] - Attribute 'value' of object 'Object Repository/PharmacyRequest/Page_Store/input_txtprice' is: '1840'

2018-06-09 20:41:02 - [TEST_STEP][PASSED] - Statement - out.println("Stock QTY : " + StockQty): null

2018-06-09 20:41:02 - [TEST_STEP][PASSED] - delay: Delayed 1 second(s)

2018-06-09 20:41:03 - [MESSAGE][PASSED] - Delayed 1 second(s)

2018-06-09 20:41:03 - [TEST_STEP][PASSED] - Statement - If (java.lang.Integer.valueOf(StockQty) >= java.lang.Integer.valueOf(RequestedQty)): null

2018-06-09 20:41:03 - [TEST_STEP][PASSED] - setText: Text '10' is set on object 'Object Repository/PharmacyRequest/Page_Store/input_txtqty'

2018-06-09 20:41:03 - [MESSAGE][PASSED] - Text '10' is set on object 'Object Repository/PharmacyRequest/Page_Store/input_txtqty'

2018-06-09 20:41:03 - [TEST_STEP][PASSED] - click: Object: 'Object Repository/PharmacyRequest/Page_Store/button_Add' is clicked on

2018-06-09 20:41:03 - [MESSAGE][PASSED] - Object: 'Object Repository/PharmacyRequest/Page_Store/button_Add' is clicked on

2018-06-09 20:41:03 - [TEST_STEP][PASSED] - Statement - Break: null

2018-06-09 20:41:03 - [TEST_STEP][PASSED] - scrollToElement: Scroll to object 'Object Repository/PharmacyRequest/Page_Store/input_btnSubmit' successfully

2018-06-09 20:41:03 - [MESSAGE][PASSED] - Scroll to object 'Object Repository/PharmacyRequest/Page_Store/input_btnSubmit' successfully

2018-06-09 20:41:03 - [TEST_STEP][PASSED] - click: Object: 'Object Repository/PharmacyRequest/Page_Store/input_btnSubmit' is clicked on

2018-06-09 20:41:03 - [MESSAGE][PASSED] - Object: 'Object Repository/PharmacyRequest/Page_Store/input_btnSubmit' is clicked on

2018-06-09 20:41:03 - [TEST_STEP][PASSED] - delay: Delayed 3 second(s)

2018-06-09 20:41:06 - [MESSAGE][PASSED] - Delayed 3 second(s)

2018-06-09 20:41:06 - [TEST_STEP][PASSED] - click: Object: 'Object Repository/PharmacyRequest/Page_Store/button_OK' is clicked on

2018-06-09 20:41:07 - [MESSAGE][PASSED] - Object: 'Object Repository/PharmacyRequest/Page_Store/button_OK' is clicked on

2018-06-09 20:41:07 - [TEST_STEP][PASSED] - delay: Delayed 3 second(s)

2018-06-09 20:41:10 - [MESSAGE][PASSED] - Delayed 3 second(s)

2018-06-09 20:41:10 - [TEST_STEP][PASSED] - click: Object: 'Object Repository/PharmacyRequest/Page_Store/a_dropdown-toggle' is clicked on

2018-06-09 20:41:10 - [MESSAGE][PASSED] - Object: 'Object Repository/PharmacyRequest/Page_Store/a_dropdown-toggle' is clicked on

2018-06-09 20:41:10 - [TEST_STEP][PASSED] - click: Object: 'Object Repository/PharmacyRequest/Page_Store/a_Sign out' is clicked on

2018-06-09 20:41:10 - [MESSAGE][PASSED] - Object: 'Object Repository/PharmacyRequest/Page_Store/a_Sign out' is clicked on

2018-06-09 20:41:10 - [TEST_STEP][PASSED] - closeBrowser: Browser is closed

2018-06-09 20:41:11 - [MESSAGE][PASSED] - Browser is closed

2018-06-09 20:41:11 - [TEST_STEP][PASSED] - Statement - out.println("Schedule 8 Pharmacy Request Are Working Successfully"): null]]></system-out>
         <system-err><![CDATA[]]></system-err>
      </testcase>
      <testcase name="Test Cases/PHARMACY TEST CASES/TC_PHAR_009 Verify Schedule 9 Pharmacy Request Are Working Successfully Or Not" classname="Test Cases/PHARMACY TEST CASES/TC_PHAR_009 Verify Schedule 9 Pharmacy Request Are Working Successfully Or Not" status="PASSED">
         <system-out><![CDATA[2018-06-09 20:41:11 - [TEST_CASE][PASSED] - Test Cases/PHARMACY TEST CASES/TC_PHAR_009 Verify Schedule 9 Pharmacy Request Are Working Successfully Or Not: Test Cases/PHARMACY TEST CASES/TC_PHAR_009 Verify Schedule 9 Pharmacy Request Are Working Successfully Or Not

2018-06-09 20:41:11 - [TEST_STEP][PASSED] - openBrowser: Browser is opened with url: ''

2018-06-09 20:41:13 - [MESSAGE][PASSED] - Browser is opened with url: ''

2018-06-09 20:41:13 - [TEST_STEP][PASSED] - Statement - out.println("Verify Schedule 9 Pharmacy Request Are Working Successfully Or Not"): null

2018-06-09 20:41:13 - [TEST_STEP][PASSED] - navigateToUrl: Navigate to 'http://192.168.137.1/multihospital_new/' successfully

2018-06-09 20:41:15 - [MESSAGE][PASSED] - Navigate to 'http://192.168.137.1/multihospital_new/' successfully

2018-06-09 20:41:15 - [TEST_STEP][PASSED] - maximizeWindow: Current window maximized

2018-06-09 20:41:16 - [MESSAGE][PASSED] - Current window maximized

2018-06-09 20:41:16 - [TEST_STEP][PASSED] - click: Object: 'Object Repository/PharmacyRequest/Page_KDMC/a_Pharmacy' is clicked on

2018-06-09 20:41:17 - [MESSAGE][PASSED] - Object: 'Object Repository/PharmacyRequest/Page_KDMC/a_Pharmacy' is clicked on

2018-06-09 20:41:17 - [TEST_STEP][PASSED] - setText: Text 'raja' is set on object 'Object Repository/PharmacyRequest/Page_Pharmacy login/input_txtusername'

2018-06-09 20:41:17 - [MESSAGE][PASSED] - Text 'raja' is set on object 'Object Repository/PharmacyRequest/Page_Pharmacy login/input_txtusername'

2018-06-09 20:41:17 - [TEST_STEP][PASSED] - setText: Text '123' is set on object 'Object Repository/PharmacyRequest/Page_Pharmacy login/input_txtpassword'

2018-06-09 20:41:17 - [MESSAGE][PASSED] - Text '123' is set on object 'Object Repository/PharmacyRequest/Page_Pharmacy login/input_txtpassword'

2018-06-09 20:41:17 - [TEST_STEP][PASSED] - delay: Delayed 3 second(s)

2018-06-09 20:41:20 - [MESSAGE][PASSED] - Delayed 3 second(s)

2018-06-09 20:41:20 - [TEST_STEP][PASSED] - click: Object: 'Object Repository/PharmacyRequest/Page_Pharmacy login/button_Sign in' is clicked on

2018-06-09 20:41:21 - [MESSAGE][PASSED] - Object: 'Object Repository/PharmacyRequest/Page_Pharmacy login/button_Sign in' is clicked on

2018-06-09 20:41:21 - [TEST_STEP][PASSED] - delay: Delayed 3 second(s)

2018-06-09 20:41:24 - [MESSAGE][PASSED] - Delayed 3 second(s)

2018-06-09 20:41:24 - [TEST_STEP][PASSED] - click: Object: 'Object Repository/PharmacyRequest/Page_KDMC - Pharmacy/a_Inventory' is clicked on

2018-06-09 20:41:25 - [MESSAGE][PASSED] - Object: 'Object Repository/PharmacyRequest/Page_KDMC - Pharmacy/a_Inventory' is clicked on

2018-06-09 20:41:25 - [TEST_STEP][PASSED] - delay: Delayed 2 second(s)

2018-06-09 20:41:27 - [MESSAGE][PASSED] - Delayed 2 second(s)

2018-06-09 20:41:27 - [TEST_STEP][PASSED] - click: Object: 'Object Repository/PharmacyRequest/Page_KDMC-Pharmacy/a_Store Request' is clicked on

2018-06-09 20:41:27 - [MESSAGE][PASSED] - Object: 'Object Repository/PharmacyRequest/Page_KDMC-Pharmacy/a_Store Request' is clicked on

2018-06-09 20:41:27 - [TEST_STEP][PASSED] - delay: Delayed 1 second(s)

2018-06-09 20:41:28 - [MESSAGE][PASSED] - Delayed 1 second(s)

2018-06-09 20:41:28 - [TEST_STEP][PASSED] - click: Object: 'Object Repository/PharmacyRequest/Page_KDMC-Pharmacy/a_Medicine Request' is clicked on

2018-06-09 20:41:29 - [MESSAGE][PASSED] - Object: 'Object Repository/PharmacyRequest/Page_KDMC-Pharmacy/a_Medicine Request' is clicked on

2018-06-09 20:41:29 - [TEST_STEP][PASSED] - selectOptionByIndex: All options with index in [9] are selected on object 'Object Repository/PharmacyRequest/Page_KDMC-Pharmacy/select_--Select--Schedule 1Inj'

2018-06-09 20:41:30 - [MESSAGE][PASSED] - All options with index in [9] are selected on object 'Object Repository/PharmacyRequest/Page_KDMC-Pharmacy/select_--Select--Schedule 1Inj'

2018-06-09 20:41:30 - [TEST_STEP][PASSED] - Statement - MedicineLength = com.kms.katalon.core.webui.keyword.WebUiBuiltInKeywords.getNumberOfTotalOption(com.kms.katalon.core.testobject.ObjectRepository.findTestObject(PharmacyRequest/Page_KDMC-Pharmacy/select_--Select--Albendazole)): 36 options of object 'Object Repository/PharmacyRequest/Page_KDMC-Pharmacy/select_--Select--Albendazole' counted

2018-06-09 20:41:30 - [MESSAGE][PASSED] - 36 options of object 'Object Repository/PharmacyRequest/Page_KDMC-Pharmacy/select_--Select--Albendazole' counted

2018-06-09 20:41:30 - [TEST_STEP][PASSED] - Statement - For ([l = 1, l <= MedicineLength - 1, (l++)]): Object: 'Object Repository/PharmacyRequest/Page_KDMC-Pharmacy/button_Add' is clicked on

2018-06-09 20:41:30 - [TEST_STEP][PASSED] - selectOptionByIndex: All options with index in [9] are selected on object 'Object Repository/PharmacyRequest/Page_KDMC-Pharmacy/select_--Select--Schedule 1Inj'

2018-06-09 20:41:30 - [MESSAGE][PASSED] - All options with index in [9] are selected on object 'Object Repository/PharmacyRequest/Page_KDMC-Pharmacy/select_--Select--Schedule 1Inj'

2018-06-09 20:41:30 - [TEST_STEP][PASSED] - selectOptionByIndex: All options with index in [1] are selected on object 'Object Repository/PharmacyRequest/Page_KDMC-Pharmacy/select_--Select--Albendazole'

2018-06-09 20:41:30 - [MESSAGE][PASSED] - All options with index in [1] are selected on object 'Object Repository/PharmacyRequest/Page_KDMC-Pharmacy/select_--Select--Albendazole'

2018-06-09 20:41:30 - [TEST_STEP][PASSED] - setText: Text '10' is set on object 'Object Repository/PharmacyRequest/Page_KDMC-Pharmacy/input_txttreat'

2018-06-09 20:41:30 - [MESSAGE][PASSED] - Text '10' is set on object 'Object Repository/PharmacyRequest/Page_KDMC-Pharmacy/input_txttreat'

2018-06-09 20:41:30 - [TEST_STEP][PASSED] - click: Object: 'Object Repository/PharmacyRequest/Page_KDMC-Pharmacy/button_Add' is clicked on

2018-06-09 20:41:30 - [MESSAGE][PASSED] - Object: 'Object Repository/PharmacyRequest/Page_KDMC-Pharmacy/button_Add' is clicked on

2018-06-09 20:41:30 - [TEST_STEP][PASSED] - selectOptionByIndex: All options with index in [9] are selected on object 'Object Repository/PharmacyRequest/Page_KDMC-Pharmacy/select_--Select--Schedule 1Inj'

2018-06-09 20:41:30 - [MESSAGE][PASSED] - All options with index in [9] are selected on object 'Object Repository/PharmacyRequest/Page_KDMC-Pharmacy/select_--Select--Schedule 1Inj'

2018-06-09 20:41:30 - [TEST_STEP][PASSED] - selectOptionByIndex: All options with index in [2] are selected on object 'Object Repository/PharmacyRequest/Page_KDMC-Pharmacy/select_--Select--Albendazole'

2018-06-09 20:41:30 - [MESSAGE][PASSED] - All options with index in [2] are selected on object 'Object Repository/PharmacyRequest/Page_KDMC-Pharmacy/select_--Select--Albendazole'

2018-06-09 20:41:30 - [TEST_STEP][PASSED] - setText: Text '10' is set on object 'Object Repository/PharmacyRequest/Page_KDMC-Pharmacy/input_txttreat'

2018-06-09 20:41:31 - [MESSAGE][PASSED] - Text '10' is set on object 'Object Repository/PharmacyRequest/Page_KDMC-Pharmacy/input_txttreat'

2018-06-09 20:41:31 - [TEST_STEP][PASSED] - click: Object: 'Object Repository/PharmacyRequest/Page_KDMC-Pharmacy/button_Add' is clicked on

2018-06-09 20:41:31 - [MESSAGE][PASSED] - Object: 'Object Repository/PharmacyRequest/Page_KDMC-Pharmacy/button_Add' is clicked on

2018-06-09 20:41:31 - [TEST_STEP][PASSED] - selectOptionByIndex: All options with index in [9] are selected on object 'Object Repository/PharmacyRequest/Page_KDMC-Pharmacy/select_--Select--Schedule 1Inj'

2018-06-09 20:41:31 - [MESSAGE][PASSED] - All options with index in [9] are selected on object 'Object Repository/PharmacyRequest/Page_KDMC-Pharmacy/select_--Select--Schedule 1Inj'

2018-06-09 20:41:31 - [TEST_STEP][PASSED] - selectOptionByIndex: All options with index in [3] are selected on object 'Object Repository/PharmacyRequest/Page_KDMC-Pharmacy/select_--Select--Albendazole'

2018-06-09 20:41:31 - [MESSAGE][PASSED] - All options with index in [3] are selected on object 'Object Repository/PharmacyRequest/Page_KDMC-Pharmacy/select_--Select--Albendazole'

2018-06-09 20:41:31 - [TEST_STEP][PASSED] - setText: Text '10' is set on object 'Object Repository/PharmacyRequest/Page_KDMC-Pharmacy/input_txttreat'

2018-06-09 20:41:31 - [MESSAGE][PASSED] - Text '10' is set on object 'Object Repository/PharmacyRequest/Page_KDMC-Pharmacy/input_txttreat'

2018-06-09 20:41:31 - [TEST_STEP][PASSED] - click: Object: 'Object Repository/PharmacyRequest/Page_KDMC-Pharmacy/button_Add' is clicked on

2018-06-09 20:41:31 - [MESSAGE][PASSED] - Object: 'Object Repository/PharmacyRequest/Page_KDMC-Pharmacy/button_Add' is clicked on

2018-06-09 20:41:31 - [TEST_STEP][PASSED] - selectOptionByIndex: All options with index in [9] are selected on object 'Object Repository/PharmacyRequest/Page_KDMC-Pharmacy/select_--Select--Schedule 1Inj'

2018-06-09 20:41:31 - [MESSAGE][PASSED] - All options with index in [9] are selected on object 'Object Repository/PharmacyRequest/Page_KDMC-Pharmacy/select_--Select--Schedule 1Inj'

2018-06-09 20:41:31 - [TEST_STEP][PASSED] - selectOptionByIndex: All options with index in [4] are selected on object 'Object Repository/PharmacyRequest/Page_KDMC-Pharmacy/select_--Select--Albendazole'

2018-06-09 20:41:31 - [MESSAGE][PASSED] - All options with index in [4] are selected on object 'Object Repository/PharmacyRequest/Page_KDMC-Pharmacy/select_--Select--Albendazole'

2018-06-09 20:41:31 - [TEST_STEP][PASSED] - setText: Text '10' is set on object 'Object Repository/PharmacyRequest/Page_KDMC-Pharmacy/input_txttreat'

2018-06-09 20:41:31 - [MESSAGE][PASSED] - Text '10' is set on object 'Object Repository/PharmacyRequest/Page_KDMC-Pharmacy/input_txttreat'

2018-06-09 20:41:31 - [TEST_STEP][PASSED] - click: Object: 'Object Repository/PharmacyRequest/Page_KDMC-Pharmacy/button_Add' is clicked on

2018-06-09 20:41:32 - [MESSAGE][PASSED] - Object: 'Object Repository/PharmacyRequest/Page_KDMC-Pharmacy/button_Add' is clicked on

2018-06-09 20:41:32 - [TEST_STEP][PASSED] - selectOptionByIndex: All options with index in [9] are selected on object 'Object Repository/PharmacyRequest/Page_KDMC-Pharmacy/select_--Select--Schedule 1Inj'

2018-06-09 20:41:32 - [MESSAGE][PASSED] - All options with index in [9] are selected on object 'Object Repository/PharmacyRequest/Page_KDMC-Pharmacy/select_--Select--Schedule 1Inj'

2018-06-09 20:41:32 - [TEST_STEP][PASSED] - selectOptionByIndex: All options with index in [5] are selected on object 'Object Repository/PharmacyRequest/Page_KDMC-Pharmacy/select_--Select--Albendazole'

2018-06-09 20:41:32 - [MESSAGE][PASSED] - All options with index in [5] are selected on object 'Object Repository/PharmacyRequest/Page_KDMC-Pharmacy/select_--Select--Albendazole'

2018-06-09 20:41:32 - [TEST_STEP][PASSED] - setText: Text '10' is set on object 'Object Repository/PharmacyRequest/Page_KDMC-Pharmacy/input_txttreat'

2018-06-09 20:41:32 - [MESSAGE][PASSED] - Text '10' is set on object 'Object Repository/PharmacyRequest/Page_KDMC-Pharmacy/input_txttreat'

2018-06-09 20:41:32 - [TEST_STEP][PASSED] - click: Object: 'Object Repository/PharmacyRequest/Page_KDMC-Pharmacy/button_Add' is clicked on

2018-06-09 20:41:32 - [MESSAGE][PASSED] - Object: 'Object Repository/PharmacyRequest/Page_KDMC-Pharmacy/button_Add' is clicked on

2018-06-09 20:41:32 - [TEST_STEP][PASSED] - selectOptionByIndex: All options with index in [9] are selected on object 'Object Repository/PharmacyRequest/Page_KDMC-Pharmacy/select_--Select--Schedule 1Inj'

2018-06-09 20:41:32 - [MESSAGE][PASSED] - All options with index in [9] are selected on object 'Object Repository/PharmacyRequest/Page_KDMC-Pharmacy/select_--Select--Schedule 1Inj'

2018-06-09 20:41:32 - [TEST_STEP][PASSED] - selectOptionByIndex: All options with index in [6] are selected on object 'Object Repository/PharmacyRequest/Page_KDMC-Pharmacy/select_--Select--Albendazole'

2018-06-09 20:41:32 - [MESSAGE][PASSED] - All options with index in [6] are selected on object 'Object Repository/PharmacyRequest/Page_KDMC-Pharmacy/select_--Select--Albendazole'

2018-06-09 20:41:32 - [TEST_STEP][PASSED] - setText: Text '10' is set on object 'Object Repository/PharmacyRequest/Page_KDMC-Pharmacy/input_txttreat'

2018-06-09 20:41:32 - [MESSAGE][PASSED] - Text '10' is set on object 'Object Repository/PharmacyRequest/Page_KDMC-Pharmacy/input_txttreat'

2018-06-09 20:41:32 - [TEST_STEP][PASSED] - click: Object: 'Object Repository/PharmacyRequest/Page_KDMC-Pharmacy/button_Add' is clicked on

2018-06-09 20:41:32 - [MESSAGE][PASSED] - Object: 'Object Repository/PharmacyRequest/Page_KDMC-Pharmacy/button_Add' is clicked on

2018-06-09 20:41:32 - [TEST_STEP][PASSED] - selectOptionByIndex: All options with index in [9] are selected on object 'Object Repository/PharmacyRequest/Page_KDMC-Pharmacy/select_--Select--Schedule 1Inj'

2018-06-09 20:41:33 - [MESSAGE][PASSED] - All options with index in [9] are selected on object 'Object Repository/PharmacyRequest/Page_KDMC-Pharmacy/select_--Select--Schedule 1Inj'

2018-06-09 20:41:33 - [TEST_STEP][PASSED] - selectOptionByIndex: All options with index in [7] are selected on object 'Object Repository/PharmacyRequest/Page_KDMC-Pharmacy/select_--Select--Albendazole'

2018-06-09 20:41:33 - [MESSAGE][PASSED] - All options with index in [7] are selected on object 'Object Repository/PharmacyRequest/Page_KDMC-Pharmacy/select_--Select--Albendazole'

2018-06-09 20:41:33 - [TEST_STEP][PASSED] - setText: Text '10' is set on object 'Object Repository/PharmacyRequest/Page_KDMC-Pharmacy/input_txttreat'

2018-06-09 20:41:33 - [MESSAGE][PASSED] - Text '10' is set on object 'Object Repository/PharmacyRequest/Page_KDMC-Pharmacy/input_txttreat'

2018-06-09 20:41:33 - [TEST_STEP][PASSED] - click: Object: 'Object Repository/PharmacyRequest/Page_KDMC-Pharmacy/button_Add' is clicked on

2018-06-09 20:41:33 - [MESSAGE][PASSED] - Object: 'Object Repository/PharmacyRequest/Page_KDMC-Pharmacy/button_Add' is clicked on

2018-06-09 20:41:33 - [TEST_STEP][PASSED] - selectOptionByIndex: All options with index in [9] are selected on object 'Object Repository/PharmacyRequest/Page_KDMC-Pharmacy/select_--Select--Schedule 1Inj'

2018-06-09 20:41:33 - [MESSAGE][PASSED] - All options with index in [9] are selected on object 'Object Repository/PharmacyRequest/Page_KDMC-Pharmacy/select_--Select--Schedule 1Inj'

2018-06-09 20:41:33 - [TEST_STEP][PASSED] - selectOptionByIndex: All options with index in [8] are selected on object 'Object Repository/PharmacyRequest/Page_KDMC-Pharmacy/select_--Select--Albendazole'

2018-06-09 20:41:33 - [MESSAGE][PASSED] - All options with index in [8] are selected on object 'Object Repository/PharmacyRequest/Page_KDMC-Pharmacy/select_--Select--Albendazole'

2018-06-09 20:41:33 - [TEST_STEP][PASSED] - setText: Text '10' is set on object 'Object Repository/PharmacyRequest/Page_KDMC-Pharmacy/input_txttreat'

2018-06-09 20:41:33 - [MESSAGE][PASSED] - Text '10' is set on object 'Object Repository/PharmacyRequest/Page_KDMC-Pharmacy/input_txttreat'

2018-06-09 20:41:33 - [TEST_STEP][PASSED] - click: Object: 'Object Repository/PharmacyRequest/Page_KDMC-Pharmacy/button_Add' is clicked on

2018-06-09 20:41:33 - [MESSAGE][PASSED] - Object: 'Object Repository/PharmacyRequest/Page_KDMC-Pharmacy/button_Add' is clicked on

2018-06-09 20:41:33 - [TEST_STEP][PASSED] - selectOptionByIndex: All options with index in [9] are selected on object 'Object Repository/PharmacyRequest/Page_KDMC-Pharmacy/select_--Select--Schedule 1Inj'

2018-06-09 20:41:34 - [MESSAGE][PASSED] - All options with index in [9] are selected on object 'Object Repository/PharmacyRequest/Page_KDMC-Pharmacy/select_--Select--Schedule 1Inj'

2018-06-09 20:41:34 - [TEST_STEP][PASSED] - selectOptionByIndex: All options with index in [9] are selected on object 'Object Repository/PharmacyRequest/Page_KDMC-Pharmacy/select_--Select--Albendazole'

2018-06-09 20:41:34 - [MESSAGE][PASSED] - All options with index in [9] are selected on object 'Object Repository/PharmacyRequest/Page_KDMC-Pharmacy/select_--Select--Albendazole'

2018-06-09 20:41:34 - [TEST_STEP][PASSED] - setText: Text '10' is set on object 'Object Repository/PharmacyRequest/Page_KDMC-Pharmacy/input_txttreat'

2018-06-09 20:41:34 - [MESSAGE][PASSED] - Text '10' is set on object 'Object Repository/PharmacyRequest/Page_KDMC-Pharmacy/input_txttreat'

2018-06-09 20:41:34 - [TEST_STEP][PASSED] - click: Object: 'Object Repository/PharmacyRequest/Page_KDMC-Pharmacy/button_Add' is clicked on

2018-06-09 20:41:34 - [MESSAGE][PASSED] - Object: 'Object Repository/PharmacyRequest/Page_KDMC-Pharmacy/button_Add' is clicked on

2018-06-09 20:41:34 - [TEST_STEP][PASSED] - selectOptionByIndex: All options with index in [9] are selected on object 'Object Repository/PharmacyRequest/Page_KDMC-Pharmacy/select_--Select--Schedule 1Inj'

2018-06-09 20:41:34 - [MESSAGE][PASSED] - All options with index in [9] are selected on object 'Object Repository/PharmacyRequest/Page_KDMC-Pharmacy/select_--Select--Schedule 1Inj'

2018-06-09 20:41:34 - [TEST_STEP][PASSED] - selectOptionByIndex: All options with index in [10] are selected on object 'Object Repository/PharmacyRequest/Page_KDMC-Pharmacy/select_--Select--Albendazole'

2018-06-09 20:41:34 - [MESSAGE][PASSED] - All options with index in [10] are selected on object 'Object Repository/PharmacyRequest/Page_KDMC-Pharmacy/select_--Select--Albendazole'

2018-06-09 20:41:34 - [TEST_STEP][PASSED] - setText: Text '10' is set on object 'Object Repository/PharmacyRequest/Page_KDMC-Pharmacy/input_txttreat'

2018-06-09 20:41:34 - [MESSAGE][PASSED] - Text '10' is set on object 'Object Repository/PharmacyRequest/Page_KDMC-Pharmacy/input_txttreat'

2018-06-09 20:41:34 - [TEST_STEP][PASSED] - click: Object: 'Object Repository/PharmacyRequest/Page_KDMC-Pharmacy/button_Add' is clicked on

2018-06-09 20:41:34 - [MESSAGE][PASSED] - Object: 'Object Repository/PharmacyRequest/Page_KDMC-Pharmacy/button_Add' is clicked on

2018-06-09 20:41:34 - [TEST_STEP][PASSED] - selectOptionByIndex: All options with index in [9] are selected on object 'Object Repository/PharmacyRequest/Page_KDMC-Pharmacy/select_--Select--Schedule 1Inj'

2018-06-09 20:41:34 - [MESSAGE][PASSED] - All options with index in [9] are selected on object 'Object Repository/PharmacyRequest/Page_KDMC-Pharmacy/select_--Select--Schedule 1Inj'

2018-06-09 20:41:34 - [TEST_STEP][PASSED] - selectOptionByIndex: All options with index in [11] are selected on object 'Object Repository/PharmacyRequest/Page_KDMC-Pharmacy/select_--Select--Albendazole'

2018-06-09 20:41:35 - [MESSAGE][PASSED] - All options with index in [11] are selected on object 'Object Repository/PharmacyRequest/Page_KDMC-Pharmacy/select_--Select--Albendazole'

2018-06-09 20:41:35 - [TEST_STEP][PASSED] - setText: Text '10' is set on object 'Object Repository/PharmacyRequest/Page_KDMC-Pharmacy/input_txttreat'

2018-06-09 20:41:35 - [MESSAGE][PASSED] - Text '10' is set on object 'Object Repository/PharmacyRequest/Page_KDMC-Pharmacy/input_txttreat'

2018-06-09 20:41:35 - [TEST_STEP][PASSED] - click: Object: 'Object Repository/PharmacyRequest/Page_KDMC-Pharmacy/button_Add' is clicked on

2018-06-09 20:41:35 - [MESSAGE][PASSED] - Object: 'Object Repository/PharmacyRequest/Page_KDMC-Pharmacy/button_Add' is clicked on

2018-06-09 20:41:35 - [TEST_STEP][PASSED] - selectOptionByIndex: All options with index in [9] are selected on object 'Object Repository/PharmacyRequest/Page_KDMC-Pharmacy/select_--Select--Schedule 1Inj'

2018-06-09 20:41:35 - [MESSAGE][PASSED] - All options with index in [9] are selected on object 'Object Repository/PharmacyRequest/Page_KDMC-Pharmacy/select_--Select--Schedule 1Inj'

2018-06-09 20:41:35 - [TEST_STEP][PASSED] - selectOptionByIndex: All options with index in [12] are selected on object 'Object Repository/PharmacyRequest/Page_KDMC-Pharmacy/select_--Select--Albendazole'

2018-06-09 20:41:35 - [MESSAGE][PASSED] - All options with index in [12] are selected on object 'Object Repository/PharmacyRequest/Page_KDMC-Pharmacy/select_--Select--Albendazole'

2018-06-09 20:41:35 - [TEST_STEP][PASSED] - setText: Text '10' is set on object 'Object Repository/PharmacyRequest/Page_KDMC-Pharmacy/input_txttreat'

2018-06-09 20:41:35 - [MESSAGE][PASSED] - Text '10' is set on object 'Object Repository/PharmacyRequest/Page_KDMC-Pharmacy/input_txttreat'

2018-06-09 20:41:35 - [TEST_STEP][PASSED] - click: Object: 'Object Repository/PharmacyRequest/Page_KDMC-Pharmacy/button_Add' is clicked on

2018-06-09 20:41:35 - [MESSAGE][PASSED] - Object: 'Object Repository/PharmacyRequest/Page_KDMC-Pharmacy/button_Add' is clicked on

2018-06-09 20:41:35 - [TEST_STEP][PASSED] - selectOptionByIndex: All options with index in [9] are selected on object 'Object Repository/PharmacyRequest/Page_KDMC-Pharmacy/select_--Select--Schedule 1Inj'

2018-06-09 20:41:35 - [MESSAGE][PASSED] - All options with index in [9] are selected on object 'Object Repository/PharmacyRequest/Page_KDMC-Pharmacy/select_--Select--Schedule 1Inj'

2018-06-09 20:41:35 - [TEST_STEP][PASSED] - selectOptionByIndex: All options with index in [13] are selected on object 'Object Repository/PharmacyRequest/Page_KDMC-Pharmacy/select_--Select--Albendazole'

2018-06-09 20:41:36 - [MESSAGE][PASSED] - All options with index in [13] are selected on object 'Object Repository/PharmacyRequest/Page_KDMC-Pharmacy/select_--Select--Albendazole'

2018-06-09 20:41:36 - [TEST_STEP][PASSED] - setText: Text '10' is set on object 'Object Repository/PharmacyRequest/Page_KDMC-Pharmacy/input_txttreat'

2018-06-09 20:41:36 - [MESSAGE][PASSED] - Text '10' is set on object 'Object Repository/PharmacyRequest/Page_KDMC-Pharmacy/input_txttreat'

2018-06-09 20:41:36 - [TEST_STEP][PASSED] - click: Object: 'Object Repository/PharmacyRequest/Page_KDMC-Pharmacy/button_Add' is clicked on

2018-06-09 20:41:36 - [MESSAGE][PASSED] - Object: 'Object Repository/PharmacyRequest/Page_KDMC-Pharmacy/button_Add' is clicked on

2018-06-09 20:41:36 - [TEST_STEP][PASSED] - selectOptionByIndex: All options with index in [9] are selected on object 'Object Repository/PharmacyRequest/Page_KDMC-Pharmacy/select_--Select--Schedule 1Inj'

2018-06-09 20:41:36 - [MESSAGE][PASSED] - All options with index in [9] are selected on object 'Object Repository/PharmacyRequest/Page_KDMC-Pharmacy/select_--Select--Schedule 1Inj'

2018-06-09 20:41:36 - [TEST_STEP][PASSED] - selectOptionByIndex: All options with index in [14] are selected on object 'Object Repository/PharmacyRequest/Page_KDMC-Pharmacy/select_--Select--Albendazole'

2018-06-09 20:41:36 - [MESSAGE][PASSED] - All options with index in [14] are selected on object 'Object Repository/PharmacyRequest/Page_KDMC-Pharmacy/select_--Select--Albendazole'

2018-06-09 20:41:36 - [TEST_STEP][PASSED] - setText: Text '10' is set on object 'Object Repository/PharmacyRequest/Page_KDMC-Pharmacy/input_txttreat'

2018-06-09 20:41:36 - [MESSAGE][PASSED] - Text '10' is set on object 'Object Repository/PharmacyRequest/Page_KDMC-Pharmacy/input_txttreat'

2018-06-09 20:41:36 - [TEST_STEP][PASSED] - click: Object: 'Object Repository/PharmacyRequest/Page_KDMC-Pharmacy/button_Add' is clicked on

2018-06-09 20:41:36 - [MESSAGE][PASSED] - Object: 'Object Repository/PharmacyRequest/Page_KDMC-Pharmacy/button_Add' is clicked on

2018-06-09 20:41:36 - [TEST_STEP][PASSED] - selectOptionByIndex: All options with index in [9] are selected on object 'Object Repository/PharmacyRequest/Page_KDMC-Pharmacy/select_--Select--Schedule 1Inj'

2018-06-09 20:41:36 - [MESSAGE][PASSED] - All options with index in [9] are selected on object 'Object Repository/PharmacyRequest/Page_KDMC-Pharmacy/select_--Select--Schedule 1Inj'

2018-06-09 20:41:36 - [TEST_STEP][PASSED] - selectOptionByIndex: All options with index in [15] are selected on object 'Object Repository/PharmacyRequest/Page_KDMC-Pharmacy/select_--Select--Albendazole'

2018-06-09 20:41:37 - [MESSAGE][PASSED] - All options with index in [15] are selected on object 'Object Repository/PharmacyRequest/Page_KDMC-Pharmacy/select_--Select--Albendazole'

2018-06-09 20:41:37 - [TEST_STEP][PASSED] - setText: Text '10' is set on object 'Object Repository/PharmacyRequest/Page_KDMC-Pharmacy/input_txttreat'

2018-06-09 20:41:37 - [MESSAGE][PASSED] - Text '10' is set on object 'Object Repository/PharmacyRequest/Page_KDMC-Pharmacy/input_txttreat'

2018-06-09 20:41:37 - [TEST_STEP][PASSED] - click: Object: 'Object Repository/PharmacyRequest/Page_KDMC-Pharmacy/button_Add' is clicked on

2018-06-09 20:41:37 - [MESSAGE][PASSED] - Object: 'Object Repository/PharmacyRequest/Page_KDMC-Pharmacy/button_Add' is clicked on

2018-06-09 20:41:37 - [TEST_STEP][PASSED] - selectOptionByIndex: All options with index in [9] are selected on object 'Object Repository/PharmacyRequest/Page_KDMC-Pharmacy/select_--Select--Schedule 1Inj'

2018-06-09 20:41:37 - [MESSAGE][PASSED] - All options with index in [9] are selected on object 'Object Repository/PharmacyRequest/Page_KDMC-Pharmacy/select_--Select--Schedule 1Inj'

2018-06-09 20:41:37 - [TEST_STEP][PASSED] - selectOptionByIndex: All options with index in [16] are selected on object 'Object Repository/PharmacyRequest/Page_KDMC-Pharmacy/select_--Select--Albendazole'

2018-06-09 20:41:37 - [MESSAGE][PASSED] - All options with index in [16] are selected on object 'Object Repository/PharmacyRequest/Page_KDMC-Pharmacy/select_--Select--Albendazole'

2018-06-09 20:41:37 - [TEST_STEP][PASSED] - setText: Text '10' is set on object 'Object Repository/PharmacyRequest/Page_KDMC-Pharmacy/input_txttreat'

2018-06-09 20:41:37 - [MESSAGE][PASSED] - Text '10' is set on object 'Object Repository/PharmacyRequest/Page_KDMC-Pharmacy/input_txttreat'

2018-06-09 20:41:37 - [TEST_STEP][PASSED] - click: Object: 'Object Repository/PharmacyRequest/Page_KDMC-Pharmacy/button_Add' is clicked on

2018-06-09 20:41:37 - [MESSAGE][PASSED] - Object: 'Object Repository/PharmacyRequest/Page_KDMC-Pharmacy/button_Add' is clicked on

2018-06-09 20:41:37 - [TEST_STEP][PASSED] - selectOptionByIndex: All options with index in [9] are selected on object 'Object Repository/PharmacyRequest/Page_KDMC-Pharmacy/select_--Select--Schedule 1Inj'

2018-06-09 20:41:38 - [MESSAGE][PASSED] - All options with index in [9] are selected on object 'Object Repository/PharmacyRequest/Page_KDMC-Pharmacy/select_--Select--Schedule 1Inj'

2018-06-09 20:41:38 - [TEST_STEP][PASSED] - selectOptionByIndex: All options with index in [17] are selected on object 'Object Repository/PharmacyRequest/Page_KDMC-Pharmacy/select_--Select--Albendazole'

2018-06-09 20:41:38 - [MESSAGE][PASSED] - All options with index in [17] are selected on object 'Object Repository/PharmacyRequest/Page_KDMC-Pharmacy/select_--Select--Albendazole'

2018-06-09 20:41:38 - [TEST_STEP][PASSED] - setText: Text '10' is set on object 'Object Repository/PharmacyRequest/Page_KDMC-Pharmacy/input_txttreat'

2018-06-09 20:41:38 - [MESSAGE][PASSED] - Text '10' is set on object 'Object Repository/PharmacyRequest/Page_KDMC-Pharmacy/input_txttreat'

2018-06-09 20:41:38 - [TEST_STEP][PASSED] - click: Object: 'Object Repository/PharmacyRequest/Page_KDMC-Pharmacy/button_Add' is clicked on

2018-06-09 20:41:38 - [MESSAGE][PASSED] - Object: 'Object Repository/PharmacyRequest/Page_KDMC-Pharmacy/button_Add' is clicked on

2018-06-09 20:41:38 - [TEST_STEP][PASSED] - selectOptionByIndex: All options with index in [9] are selected on object 'Object Repository/PharmacyRequest/Page_KDMC-Pharmacy/select_--Select--Schedule 1Inj'

2018-06-09 20:41:38 - [MESSAGE][PASSED] - All options with index in [9] are selected on object 'Object Repository/PharmacyRequest/Page_KDMC-Pharmacy/select_--Select--Schedule 1Inj'

2018-06-09 20:41:38 - [TEST_STEP][PASSED] - selectOptionByIndex: All options with index in [18] are selected on object 'Object Repository/PharmacyRequest/Page_KDMC-Pharmacy/select_--Select--Albendazole'

2018-06-09 20:41:39 - [MESSAGE][PASSED] - All options with index in [18] are selected on object 'Object Repository/PharmacyRequest/Page_KDMC-Pharmacy/select_--Select--Albendazole'

2018-06-09 20:41:39 - [TEST_STEP][PASSED] - setText: Text '10' is set on object 'Object Repository/PharmacyRequest/Page_KDMC-Pharmacy/input_txttreat'

2018-06-09 20:41:39 - [MESSAGE][PASSED] - Text '10' is set on object 'Object Repository/PharmacyRequest/Page_KDMC-Pharmacy/input_txttreat'

2018-06-09 20:41:39 - [TEST_STEP][PASSED] - click: Object: 'Object Repository/PharmacyRequest/Page_KDMC-Pharmacy/button_Add' is clicked on

2018-06-09 20:41:39 - [MESSAGE][PASSED] - Object: 'Object Repository/PharmacyRequest/Page_KDMC-Pharmacy/button_Add' is clicked on

2018-06-09 20:41:39 - [TEST_STEP][PASSED] - selectOptionByIndex: All options with index in [9] are selected on object 'Object Repository/PharmacyRequest/Page_KDMC-Pharmacy/select_--Select--Schedule 1Inj'

2018-06-09 20:41:39 - [MESSAGE][PASSED] - All options with index in [9] are selected on object 'Object Repository/PharmacyRequest/Page_KDMC-Pharmacy/select_--Select--Schedule 1Inj'

2018-06-09 20:41:39 - [TEST_STEP][PASSED] - selectOptionByIndex: All options with index in [19] are selected on object 'Object Repository/PharmacyRequest/Page_KDMC-Pharmacy/select_--Select--Albendazole'

2018-06-09 20:41:39 - [MESSAGE][PASSED] - All options with index in [19] are selected on object 'Object Repository/PharmacyRequest/Page_KDMC-Pharmacy/select_--Select--Albendazole'

2018-06-09 20:41:39 - [TEST_STEP][PASSED] - setText: Text '10' is set on object 'Object Repository/PharmacyRequest/Page_KDMC-Pharmacy/input_txttreat'

2018-06-09 20:41:39 - [MESSAGE][PASSED] - Text '10' is set on object 'Object Repository/PharmacyRequest/Page_KDMC-Pharmacy/input_txttreat'

2018-06-09 20:41:39 - [TEST_STEP][PASSED] - click: Object: 'Object Repository/PharmacyRequest/Page_KDMC-Pharmacy/button_Add' is clicked on

2018-06-09 20:41:39 - [MESSAGE][PASSED] - Object: 'Object Repository/PharmacyRequest/Page_KDMC-Pharmacy/button_Add' is clicked on

2018-06-09 20:41:39 - [TEST_STEP][PASSED] - selectOptionByIndex: All options with index in [9] are selected on object 'Object Repository/PharmacyRequest/Page_KDMC-Pharmacy/select_--Select--Schedule 1Inj'

2018-06-09 20:41:39 - [MESSAGE][PASSED] - All options with index in [9] are selected on object 'Object Repository/PharmacyRequest/Page_KDMC-Pharmacy/select_--Select--Schedule 1Inj'

2018-06-09 20:41:39 - [TEST_STEP][PASSED] - selectOptionByIndex: All options with index in [20] are selected on object 'Object Repository/PharmacyRequest/Page_KDMC-Pharmacy/select_--Select--Albendazole'

2018-06-09 20:41:40 - [MESSAGE][PASSED] - All options with index in [20] are selected on object 'Object Repository/PharmacyRequest/Page_KDMC-Pharmacy/select_--Select--Albendazole'

2018-06-09 20:41:40 - [TEST_STEP][PASSED] - setText: Text '10' is set on object 'Object Repository/PharmacyRequest/Page_KDMC-Pharmacy/input_txttreat'

2018-06-09 20:41:40 - [MESSAGE][PASSED] - Text '10' is set on object 'Object Repository/PharmacyRequest/Page_KDMC-Pharmacy/input_txttreat'

2018-06-09 20:41:40 - [TEST_STEP][PASSED] - click: Object: 'Object Repository/PharmacyRequest/Page_KDMC-Pharmacy/button_Add' is clicked on

2018-06-09 20:41:40 - [MESSAGE][PASSED] - Object: 'Object Repository/PharmacyRequest/Page_KDMC-Pharmacy/button_Add' is clicked on

2018-06-09 20:41:40 - [TEST_STEP][PASSED] - selectOptionByIndex: All options with index in [9] are selected on object 'Object Repository/PharmacyRequest/Page_KDMC-Pharmacy/select_--Select--Schedule 1Inj'

2018-06-09 20:41:40 - [MESSAGE][PASSED] - All options with index in [9] are selected on object 'Object Repository/PharmacyRequest/Page_KDMC-Pharmacy/select_--Select--Schedule 1Inj'

2018-06-09 20:41:40 - [TEST_STEP][PASSED] - selectOptionByIndex: All options with index in [21] are selected on object 'Object Repository/PharmacyRequest/Page_KDMC-Pharmacy/select_--Select--Albendazole'

2018-06-09 20:41:40 - [MESSAGE][PASSED] - All options with index in [21] are selected on object 'Object Repository/PharmacyRequest/Page_KDMC-Pharmacy/select_--Select--Albendazole'

2018-06-09 20:41:40 - [TEST_STEP][PASSED] - setText: Text '10' is set on object 'Object Repository/PharmacyRequest/Page_KDMC-Pharmacy/input_txttreat'

2018-06-09 20:41:40 - [MESSAGE][PASSED] - Text '10' is set on object 'Object Repository/PharmacyRequest/Page_KDMC-Pharmacy/input_txttreat'

2018-06-09 20:41:40 - [TEST_STEP][PASSED] - click: Object: 'Object Repository/PharmacyRequest/Page_KDMC-Pharmacy/button_Add' is clicked on

2018-06-09 20:41:40 - [MESSAGE][PASSED] - Object: 'Object Repository/PharmacyRequest/Page_KDMC-Pharmacy/button_Add' is clicked on

2018-06-09 20:41:40 - [TEST_STEP][PASSED] - selectOptionByIndex: All options with index in [9] are selected on object 'Object Repository/PharmacyRequest/Page_KDMC-Pharmacy/select_--Select--Schedule 1Inj'

2018-06-09 20:41:41 - [MESSAGE][PASSED] - All options with index in [9] are selected on object 'Object Repository/PharmacyRequest/Page_KDMC-Pharmacy/select_--Select--Schedule 1Inj'

2018-06-09 20:41:41 - [TEST_STEP][PASSED] - selectOptionByIndex: All options with index in [22] are selected on object 'Object Repository/PharmacyRequest/Page_KDMC-Pharmacy/select_--Select--Albendazole'

2018-06-09 20:41:41 - [MESSAGE][PASSED] - All options with index in [22] are selected on object 'Object Repository/PharmacyRequest/Page_KDMC-Pharmacy/select_--Select--Albendazole'

2018-06-09 20:41:41 - [TEST_STEP][PASSED] - setText: Text '10' is set on object 'Object Repository/PharmacyRequest/Page_KDMC-Pharmacy/input_txttreat'

2018-06-09 20:41:41 - [MESSAGE][PASSED] - Text '10' is set on object 'Object Repository/PharmacyRequest/Page_KDMC-Pharmacy/input_txttreat'

2018-06-09 20:41:41 - [TEST_STEP][PASSED] - click: Object: 'Object Repository/PharmacyRequest/Page_KDMC-Pharmacy/button_Add' is clicked on

2018-06-09 20:41:41 - [MESSAGE][PASSED] - Object: 'Object Repository/PharmacyRequest/Page_KDMC-Pharmacy/button_Add' is clicked on

2018-06-09 20:41:41 - [TEST_STEP][PASSED] - selectOptionByIndex: All options with index in [9] are selected on object 'Object Repository/PharmacyRequest/Page_KDMC-Pharmacy/select_--Select--Schedule 1Inj'

2018-06-09 20:41:41 - [MESSAGE][PASSED] - All options with index in [9] are selected on object 'Object Repository/PharmacyRequest/Page_KDMC-Pharmacy/select_--Select--Schedule 1Inj'

2018-06-09 20:41:41 - [TEST_STEP][PASSED] - selectOptionByIndex: All options with index in [23] are selected on object 'Object Repository/PharmacyRequest/Page_KDMC-Pharmacy/select_--Select--Albendazole'

2018-06-09 20:41:41 - [MESSAGE][PASSED] - All options with index in [23] are selected on object 'Object Repository/PharmacyRequest/Page_KDMC-Pharmacy/select_--Select--Albendazole'

2018-06-09 20:41:41 - [TEST_STEP][PASSED] - setText: Text '10' is set on object 'Object Repository/PharmacyRequest/Page_KDMC-Pharmacy/input_txttreat'

2018-06-09 20:41:42 - [MESSAGE][PASSED] - Text '10' is set on object 'Object Repository/PharmacyRequest/Page_KDMC-Pharmacy/input_txttreat'

2018-06-09 20:41:42 - [TEST_STEP][PASSED] - click: Object: 'Object Repository/PharmacyRequest/Page_KDMC-Pharmacy/button_Add' is clicked on

2018-06-09 20:41:42 - [MESSAGE][PASSED] - Object: 'Object Repository/PharmacyRequest/Page_KDMC-Pharmacy/button_Add' is clicked on

2018-06-09 20:41:42 - [TEST_STEP][PASSED] - selectOptionByIndex: All options with index in [9] are selected on object 'Object Repository/PharmacyRequest/Page_KDMC-Pharmacy/select_--Select--Schedule 1Inj'

2018-06-09 20:41:42 - [MESSAGE][PASSED] - All options with index in [9] are selected on object 'Object Repository/PharmacyRequest/Page_KDMC-Pharmacy/select_--Select--Schedule 1Inj'

2018-06-09 20:41:42 - [TEST_STEP][PASSED] - selectOptionByIndex: All options with index in [24] are selected on object 'Object Repository/PharmacyRequest/Page_KDMC-Pharmacy/select_--Select--Albendazole'

2018-06-09 20:41:42 - [MESSAGE][PASSED] - All options with index in [24] are selected on object 'Object Repository/PharmacyRequest/Page_KDMC-Pharmacy/select_--Select--Albendazole'

2018-06-09 20:41:42 - [TEST_STEP][PASSED] - setText: Text '10' is set on object 'Object Repository/PharmacyRequest/Page_KDMC-Pharmacy/input_txttreat'

2018-06-09 20:41:42 - [MESSAGE][PASSED] - Text '10' is set on object 'Object Repository/PharmacyRequest/Page_KDMC-Pharmacy/input_txttreat'

2018-06-09 20:41:42 - [TEST_STEP][PASSED] - click: Object: 'Object Repository/PharmacyRequest/Page_KDMC-Pharmacy/button_Add' is clicked on

2018-06-09 20:41:42 - [MESSAGE][PASSED] - Object: 'Object Repository/PharmacyRequest/Page_KDMC-Pharmacy/button_Add' is clicked on

2018-06-09 20:41:42 - [TEST_STEP][PASSED] - selectOptionByIndex: All options with index in [9] are selected on object 'Object Repository/PharmacyRequest/Page_KDMC-Pharmacy/select_--Select--Schedule 1Inj'

2018-06-09 20:41:42 - [MESSAGE][PASSED] - All options with index in [9] are selected on object 'Object Repository/PharmacyRequest/Page_KDMC-Pharmacy/select_--Select--Schedule 1Inj'

2018-06-09 20:41:42 - [TEST_STEP][PASSED] - selectOptionByIndex: All options with index in [25] are selected on object 'Object Repository/PharmacyRequest/Page_KDMC-Pharmacy/select_--Select--Albendazole'

2018-06-09 20:41:43 - [MESSAGE][PASSED] - All options with index in [25] are selected on object 'Object Repository/PharmacyRequest/Page_KDMC-Pharmacy/select_--Select--Albendazole'

2018-06-09 20:41:43 - [TEST_STEP][PASSED] - setText: Text '10' is set on object 'Object Repository/PharmacyRequest/Page_KDMC-Pharmacy/input_txttreat'

2018-06-09 20:41:43 - [MESSAGE][PASSED] - Text '10' is set on object 'Object Repository/PharmacyRequest/Page_KDMC-Pharmacy/input_txttreat'

2018-06-09 20:41:43 - [TEST_STEP][PASSED] - click: Object: 'Object Repository/PharmacyRequest/Page_KDMC-Pharmacy/button_Add' is clicked on

2018-06-09 20:41:43 - [MESSAGE][PASSED] - Object: 'Object Repository/PharmacyRequest/Page_KDMC-Pharmacy/button_Add' is clicked on

2018-06-09 20:41:43 - [TEST_STEP][PASSED] - selectOptionByIndex: All options with index in [9] are selected on object 'Object Repository/PharmacyRequest/Page_KDMC-Pharmacy/select_--Select--Schedule 1Inj'

2018-06-09 20:41:43 - [MESSAGE][PASSED] - All options with index in [9] are selected on object 'Object Repository/PharmacyRequest/Page_KDMC-Pharmacy/select_--Select--Schedule 1Inj'

2018-06-09 20:41:43 - [TEST_STEP][PASSED] - selectOptionByIndex: All options with index in [26] are selected on object 'Object Repository/PharmacyRequest/Page_KDMC-Pharmacy/select_--Select--Albendazole'

2018-06-09 20:41:43 - [MESSAGE][PASSED] - All options with index in [26] are selected on object 'Object Repository/PharmacyRequest/Page_KDMC-Pharmacy/select_--Select--Albendazole'

2018-06-09 20:41:43 - [TEST_STEP][PASSED] - setText: Text '10' is set on object 'Object Repository/PharmacyRequest/Page_KDMC-Pharmacy/input_txttreat'

2018-06-09 20:41:43 - [MESSAGE][PASSED] - Text '10' is set on object 'Object Repository/PharmacyRequest/Page_KDMC-Pharmacy/input_txttreat'

2018-06-09 20:41:43 - [TEST_STEP][PASSED] - click: Object: 'Object Repository/PharmacyRequest/Page_KDMC-Pharmacy/button_Add' is clicked on

2018-06-09 20:41:43 - [MESSAGE][PASSED] - Object: 'Object Repository/PharmacyRequest/Page_KDMC-Pharmacy/button_Add' is clicked on

2018-06-09 20:41:43 - [TEST_STEP][PASSED] - selectOptionByIndex: All options with index in [9] are selected on object 'Object Repository/PharmacyRequest/Page_KDMC-Pharmacy/select_--Select--Schedule 1Inj'

2018-06-09 20:41:44 - [MESSAGE][PASSED] - All options with index in [9] are selected on object 'Object Repository/PharmacyRequest/Page_KDMC-Pharmacy/select_--Select--Schedule 1Inj'

2018-06-09 20:41:44 - [TEST_STEP][PASSED] - selectOptionByIndex: All options with index in [27] are selected on object 'Object Repository/PharmacyRequest/Page_KDMC-Pharmacy/select_--Select--Albendazole'

2018-06-09 20:41:44 - [MESSAGE][PASSED] - All options with index in [27] are selected on object 'Object Repository/PharmacyRequest/Page_KDMC-Pharmacy/select_--Select--Albendazole'

2018-06-09 20:41:44 - [TEST_STEP][PASSED] - setText: Text '10' is set on object 'Object Repository/PharmacyRequest/Page_KDMC-Pharmacy/input_txttreat'

2018-06-09 20:41:44 - [MESSAGE][PASSED] - Text '10' is set on object 'Object Repository/PharmacyRequest/Page_KDMC-Pharmacy/input_txttreat'

2018-06-09 20:41:44 - [TEST_STEP][PASSED] - click: Object: 'Object Repository/PharmacyRequest/Page_KDMC-Pharmacy/button_Add' is clicked on

2018-06-09 20:41:44 - [MESSAGE][PASSED] - Object: 'Object Repository/PharmacyRequest/Page_KDMC-Pharmacy/button_Add' is clicked on

2018-06-09 20:41:44 - [TEST_STEP][PASSED] - selectOptionByIndex: All options with index in [9] are selected on object 'Object Repository/PharmacyRequest/Page_KDMC-Pharmacy/select_--Select--Schedule 1Inj'

2018-06-09 20:41:44 - [MESSAGE][PASSED] - All options with index in [9] are selected on object 'Object Repository/PharmacyRequest/Page_KDMC-Pharmacy/select_--Select--Schedule 1Inj'

2018-06-09 20:41:44 - [TEST_STEP][PASSED] - selectOptionByIndex: All options with index in [28] are selected on object 'Object Repository/PharmacyRequest/Page_KDMC-Pharmacy/select_--Select--Albendazole'

2018-06-09 20:41:45 - [MESSAGE][PASSED] - All options with index in [28] are selected on object 'Object Repository/PharmacyRequest/Page_KDMC-Pharmacy/select_--Select--Albendazole'

2018-06-09 20:41:45 - [TEST_STEP][PASSED] - setText: Text '10' is set on object 'Object Repository/PharmacyRequest/Page_KDMC-Pharmacy/input_txttreat'

2018-06-09 20:41:45 - [MESSAGE][PASSED] - Text '10' is set on object 'Object Repository/PharmacyRequest/Page_KDMC-Pharmacy/input_txttreat'

2018-06-09 20:41:45 - [TEST_STEP][PASSED] - click: Object: 'Object Repository/PharmacyRequest/Page_KDMC-Pharmacy/button_Add' is clicked on

2018-06-09 20:41:45 - [MESSAGE][PASSED] - Object: 'Object Repository/PharmacyRequest/Page_KDMC-Pharmacy/button_Add' is clicked on

2018-06-09 20:41:45 - [TEST_STEP][PASSED] - selectOptionByIndex: All options with index in [9] are selected on object 'Object Repository/PharmacyRequest/Page_KDMC-Pharmacy/select_--Select--Schedule 1Inj'

2018-06-09 20:41:45 - [MESSAGE][PASSED] - All options with index in [9] are selected on object 'Object Repository/PharmacyRequest/Page_KDMC-Pharmacy/select_--Select--Schedule 1Inj'

2018-06-09 20:41:45 - [TEST_STEP][PASSED] - selectOptionByIndex: All options with index in [29] are selected on object 'Object Repository/PharmacyRequest/Page_KDMC-Pharmacy/select_--Select--Albendazole'

2018-06-09 20:41:45 - [MESSAGE][PASSED] - All options with index in [29] are selected on object 'Object Repository/PharmacyRequest/Page_KDMC-Pharmacy/select_--Select--Albendazole'

2018-06-09 20:41:45 - [TEST_STEP][PASSED] - setText: Text '10' is set on object 'Object Repository/PharmacyRequest/Page_KDMC-Pharmacy/input_txttreat'

2018-06-09 20:41:45 - [MESSAGE][PASSED] - Text '10' is set on object 'Object Repository/PharmacyRequest/Page_KDMC-Pharmacy/input_txttreat'

2018-06-09 20:41:45 - [TEST_STEP][PASSED] - click: Object: 'Object Repository/PharmacyRequest/Page_KDMC-Pharmacy/button_Add' is clicked on

2018-06-09 20:41:45 - [MESSAGE][PASSED] - Object: 'Object Repository/PharmacyRequest/Page_KDMC-Pharmacy/button_Add' is clicked on

2018-06-09 20:41:45 - [TEST_STEP][PASSED] - selectOptionByIndex: All options with index in [9] are selected on object 'Object Repository/PharmacyRequest/Page_KDMC-Pharmacy/select_--Select--Schedule 1Inj'

2018-06-09 20:41:46 - [MESSAGE][PASSED] - All options with index in [9] are selected on object 'Object Repository/PharmacyRequest/Page_KDMC-Pharmacy/select_--Select--Schedule 1Inj'

2018-06-09 20:41:46 - [TEST_STEP][PASSED] - selectOptionByIndex: All options with index in [30] are selected on object 'Object Repository/PharmacyRequest/Page_KDMC-Pharmacy/select_--Select--Albendazole'

2018-06-09 20:41:46 - [MESSAGE][PASSED] - All options with index in [30] are selected on object 'Object Repository/PharmacyRequest/Page_KDMC-Pharmacy/select_--Select--Albendazole'

2018-06-09 20:41:46 - [TEST_STEP][PASSED] - setText: Text '10' is set on object 'Object Repository/PharmacyRequest/Page_KDMC-Pharmacy/input_txttreat'

2018-06-09 20:41:46 - [MESSAGE][PASSED] - Text '10' is set on object 'Object Repository/PharmacyRequest/Page_KDMC-Pharmacy/input_txttreat'

2018-06-09 20:41:46 - [TEST_STEP][PASSED] - click: Object: 'Object Repository/PharmacyRequest/Page_KDMC-Pharmacy/button_Add' is clicked on

2018-06-09 20:41:46 - [MESSAGE][PASSED] - Object: 'Object Repository/PharmacyRequest/Page_KDMC-Pharmacy/button_Add' is clicked on

2018-06-09 20:41:46 - [TEST_STEP][PASSED] - selectOptionByIndex: All options with index in [9] are selected on object 'Object Repository/PharmacyRequest/Page_KDMC-Pharmacy/select_--Select--Schedule 1Inj'

2018-06-09 20:41:46 - [MESSAGE][PASSED] - All options with index in [9] are selected on object 'Object Repository/PharmacyRequest/Page_KDMC-Pharmacy/select_--Select--Schedule 1Inj'

2018-06-09 20:41:46 - [TEST_STEP][PASSED] - selectOptionByIndex: All options with index in [31] are selected on object 'Object Repository/PharmacyRequest/Page_KDMC-Pharmacy/select_--Select--Albendazole'

2018-06-09 20:41:47 - [MESSAGE][PASSED] - All options with index in [31] are selected on object 'Object Repository/PharmacyRequest/Page_KDMC-Pharmacy/select_--Select--Albendazole'

2018-06-09 20:41:47 - [TEST_STEP][PASSED] - setText: Text '10' is set on object 'Object Repository/PharmacyRequest/Page_KDMC-Pharmacy/input_txttreat'

2018-06-09 20:41:47 - [MESSAGE][PASSED] - Text '10' is set on object 'Object Repository/PharmacyRequest/Page_KDMC-Pharmacy/input_txttreat'

2018-06-09 20:41:47 - [TEST_STEP][PASSED] - click: Object: 'Object Repository/PharmacyRequest/Page_KDMC-Pharmacy/button_Add' is clicked on

2018-06-09 20:41:47 - [MESSAGE][PASSED] - Object: 'Object Repository/PharmacyRequest/Page_KDMC-Pharmacy/button_Add' is clicked on

2018-06-09 20:41:47 - [TEST_STEP][PASSED] - selectOptionByIndex: All options with index in [9] are selected on object 'Object Repository/PharmacyRequest/Page_KDMC-Pharmacy/select_--Select--Schedule 1Inj'

2018-06-09 20:41:47 - [MESSAGE][PASSED] - All options with index in [9] are selected on object 'Object Repository/PharmacyRequest/Page_KDMC-Pharmacy/select_--Select--Schedule 1Inj'

2018-06-09 20:41:47 - [TEST_STEP][PASSED] - selectOptionByIndex: All options with index in [32] are selected on object 'Object Repository/PharmacyRequest/Page_KDMC-Pharmacy/select_--Select--Albendazole'

2018-06-09 20:41:47 - [MESSAGE][PASSED] - All options with index in [32] are selected on object 'Object Repository/PharmacyRequest/Page_KDMC-Pharmacy/select_--Select--Albendazole'

2018-06-09 20:41:47 - [TEST_STEP][PASSED] - setText: Text '10' is set on object 'Object Repository/PharmacyRequest/Page_KDMC-Pharmacy/input_txttreat'

2018-06-09 20:41:47 - [MESSAGE][PASSED] - Text '10' is set on object 'Object Repository/PharmacyRequest/Page_KDMC-Pharmacy/input_txttreat'

2018-06-09 20:41:47 - [TEST_STEP][PASSED] - click: Object: 'Object Repository/PharmacyRequest/Page_KDMC-Pharmacy/button_Add' is clicked on

2018-06-09 20:41:47 - [MESSAGE][PASSED] - Object: 'Object Repository/PharmacyRequest/Page_KDMC-Pharmacy/button_Add' is clicked on

2018-06-09 20:41:47 - [TEST_STEP][PASSED] - selectOptionByIndex: All options with index in [9] are selected on object 'Object Repository/PharmacyRequest/Page_KDMC-Pharmacy/select_--Select--Schedule 1Inj'

2018-06-09 20:41:47 - [MESSAGE][PASSED] - All options with index in [9] are selected on object 'Object Repository/PharmacyRequest/Page_KDMC-Pharmacy/select_--Select--Schedule 1Inj'

2018-06-09 20:41:47 - [TEST_STEP][PASSED] - selectOptionByIndex: All options with index in [33] are selected on object 'Object Repository/PharmacyRequest/Page_KDMC-Pharmacy/select_--Select--Albendazole'

2018-06-09 20:41:48 - [MESSAGE][PASSED] - All options with index in [33] are selected on object 'Object Repository/PharmacyRequest/Page_KDMC-Pharmacy/select_--Select--Albendazole'

2018-06-09 20:41:48 - [TEST_STEP][PASSED] - setText: Text '10' is set on object 'Object Repository/PharmacyRequest/Page_KDMC-Pharmacy/input_txttreat'

2018-06-09 20:41:48 - [MESSAGE][PASSED] - Text '10' is set on object 'Object Repository/PharmacyRequest/Page_KDMC-Pharmacy/input_txttreat'

2018-06-09 20:41:48 - [TEST_STEP][PASSED] - click: Object: 'Object Repository/PharmacyRequest/Page_KDMC-Pharmacy/button_Add' is clicked on

2018-06-09 20:41:48 - [MESSAGE][PASSED] - Object: 'Object Repository/PharmacyRequest/Page_KDMC-Pharmacy/button_Add' is clicked on

2018-06-09 20:41:48 - [TEST_STEP][PASSED] - selectOptionByIndex: All options with index in [9] are selected on object 'Object Repository/PharmacyRequest/Page_KDMC-Pharmacy/select_--Select--Schedule 1Inj'

2018-06-09 20:41:48 - [MESSAGE][PASSED] - All options with index in [9] are selected on object 'Object Repository/PharmacyRequest/Page_KDMC-Pharmacy/select_--Select--Schedule 1Inj'

2018-06-09 20:41:48 - [TEST_STEP][PASSED] - selectOptionByIndex: All options with index in [34] are selected on object 'Object Repository/PharmacyRequest/Page_KDMC-Pharmacy/select_--Select--Albendazole'

2018-06-09 20:41:49 - [MESSAGE][PASSED] - All options with index in [34] are selected on object 'Object Repository/PharmacyRequest/Page_KDMC-Pharmacy/select_--Select--Albendazole'

2018-06-09 20:41:49 - [TEST_STEP][PASSED] - setText: Text '10' is set on object 'Object Repository/PharmacyRequest/Page_KDMC-Pharmacy/input_txttreat'

2018-06-09 20:41:49 - [MESSAGE][PASSED] - Text '10' is set on object 'Object Repository/PharmacyRequest/Page_KDMC-Pharmacy/input_txttreat'

2018-06-09 20:41:49 - [TEST_STEP][PASSED] - click: Object: 'Object Repository/PharmacyRequest/Page_KDMC-Pharmacy/button_Add' is clicked on

2018-06-09 20:41:49 - [MESSAGE][PASSED] - Object: 'Object Repository/PharmacyRequest/Page_KDMC-Pharmacy/button_Add' is clicked on

2018-06-09 20:41:49 - [TEST_STEP][PASSED] - selectOptionByIndex: All options with index in [9] are selected on object 'Object Repository/PharmacyRequest/Page_KDMC-Pharmacy/select_--Select--Schedule 1Inj'

2018-06-09 20:41:49 - [MESSAGE][PASSED] - All options with index in [9] are selected on object 'Object Repository/PharmacyRequest/Page_KDMC-Pharmacy/select_--Select--Schedule 1Inj'

2018-06-09 20:41:49 - [TEST_STEP][PASSED] - selectOptionByIndex: All options with index in [35] are selected on object 'Object Repository/PharmacyRequest/Page_KDMC-Pharmacy/select_--Select--Albendazole'

2018-06-09 20:41:49 - [MESSAGE][PASSED] - All options with index in [35] are selected on object 'Object Repository/PharmacyRequest/Page_KDMC-Pharmacy/select_--Select--Albendazole'

2018-06-09 20:41:49 - [TEST_STEP][PASSED] - setText: Text '10' is set on object 'Object Repository/PharmacyRequest/Page_KDMC-Pharmacy/input_txttreat'

2018-06-09 20:41:49 - [MESSAGE][PASSED] - Text '10' is set on object 'Object Repository/PharmacyRequest/Page_KDMC-Pharmacy/input_txttreat'

2018-06-09 20:41:49 - [TEST_STEP][PASSED] - click: Object: 'Object Repository/PharmacyRequest/Page_KDMC-Pharmacy/button_Add' is clicked on

2018-06-09 20:41:49 - [MESSAGE][PASSED] - Object: 'Object Repository/PharmacyRequest/Page_KDMC-Pharmacy/button_Add' is clicked on

2018-06-09 20:41:49 - [TEST_STEP][PASSED] - Statement - RN1 = com.kms.katalon.core.webui.keyword.WebUiBuiltInKeywords.getAttribute(com.kms.katalon.core.testobject.ObjectRepository.findTestObject(PharmacyRequest/Page_KDMC-Pharmacy/input_txtno), "value"): Attribute 'value' of object 'Object Repository/PharmacyRequest/Page_KDMC-Pharmacy/input_txtno' is: 'PRNO/09062018/224'

2018-06-09 20:41:49 - [MESSAGE][PASSED] - Attribute 'value' of object 'Object Repository/PharmacyRequest/Page_KDMC-Pharmacy/input_txtno' is: 'PRNO/09062018/224'

2018-06-09 20:41:49 - [TEST_STEP][PASSED] - Statement - out.println(RN1): null

2018-06-09 20:41:49 - [TEST_STEP][PASSED] - Statement - RID = RN1.split("/")[2]: null

2018-06-09 20:41:49 - [TEST_STEP][PASSED] - scrollToElement: Scroll to object 'Object Repository/PharmacyRequest/Page_KDMC-Pharmacy/input_btnsave' successfully

2018-06-09 20:41:49 - [MESSAGE][PASSED] - Scroll to object 'Object Repository/PharmacyRequest/Page_KDMC-Pharmacy/input_btnsave' successfully

2018-06-09 20:41:49 - [TEST_STEP][PASSED] - click: Object: 'Object Repository/PharmacyRequest/Page_KDMC-Pharmacy/input_btnsave' is clicked on

2018-06-09 20:41:50 - [MESSAGE][PASSED] - Object: 'Object Repository/PharmacyRequest/Page_KDMC-Pharmacy/input_btnsave' is clicked on

2018-06-09 20:41:50 - [TEST_STEP][PASSED] - delay: Delayed 3 second(s)

2018-06-09 20:41:53 - [MESSAGE][PASSED] - Delayed 3 second(s)

2018-06-09 20:41:53 - [TEST_STEP][PASSED] - click: Object: 'Object Repository/PharmacyRequest/Page_KDMC-Pharmacy/button_OK' is clicked on

2018-06-09 20:41:53 - [MESSAGE][PASSED] - Object: 'Object Repository/PharmacyRequest/Page_KDMC-Pharmacy/button_OK' is clicked on

2018-06-09 20:41:53 - [TEST_STEP][PASSED] - delay: Delayed 3 second(s)

2018-06-09 20:41:56 - [MESSAGE][PASSED] - Delayed 3 second(s)

2018-06-09 20:41:56 - [TEST_STEP][PASSED] - click: Object: 'Object Repository/PharmacyRequest/Page_KDMC-Pharmacy/a_Back to Pharmacy' is clicked on

2018-06-09 20:41:57 - [MESSAGE][PASSED] - Object: 'Object Repository/PharmacyRequest/Page_KDMC-Pharmacy/a_Back to Pharmacy' is clicked on

2018-06-09 20:41:57 - [TEST_STEP][PASSED] - delay: Delayed 3 second(s)

2018-06-09 20:42:00 - [MESSAGE][PASSED] - Delayed 3 second(s)

2018-06-09 20:42:00 - [TEST_STEP][PASSED] - click: Object: 'Object Repository/PharmacyRequest/Page_KDMC - Pharmacy/a_dropdown-toggle' is clicked on

2018-06-09 20:42:00 - [MESSAGE][PASSED] - Object: 'Object Repository/PharmacyRequest/Page_KDMC - Pharmacy/a_dropdown-toggle' is clicked on

2018-06-09 20:42:00 - [TEST_STEP][PASSED] - click: Object: 'Object Repository/PharmacyRequest/Page_KDMC - Pharmacy/a_Sign out' is clicked on

2018-06-09 20:42:01 - [MESSAGE][PASSED] - Object: 'Object Repository/PharmacyRequest/Page_KDMC - Pharmacy/a_Sign out' is clicked on

2018-06-09 20:42:01 - [TEST_STEP][PASSED] - delay: Delayed 3 second(s)

2018-06-09 20:42:04 - [MESSAGE][PASSED] - Delayed 3 second(s)

2018-06-09 20:42:04 - [TEST_STEP][PASSED] - click: Object: 'Object Repository/PharmacyRequest/Page_KDMC/a_CMO' is clicked on

2018-06-09 20:42:04 - [MESSAGE][PASSED] - Object: 'Object Repository/PharmacyRequest/Page_KDMC/a_CMO' is clicked on

2018-06-09 20:42:04 - [TEST_STEP][PASSED] - setText: Text 'guru' is set on object 'Object Repository/PharmacyRequest/Page_CMO login/input_txtusername'

2018-06-09 20:42:04 - [MESSAGE][PASSED] - Text 'guru' is set on object 'Object Repository/PharmacyRequest/Page_CMO login/input_txtusername'

2018-06-09 20:42:04 - [TEST_STEP][PASSED] - setText: Text '123' is set on object 'Object Repository/PharmacyRequest/Page_CMO login/input_txtpassword'

2018-06-09 20:42:05 - [MESSAGE][PASSED] - Text '123' is set on object 'Object Repository/PharmacyRequest/Page_CMO login/input_txtpassword'

2018-06-09 20:42:05 - [TEST_STEP][PASSED] - delay: Delayed 3 second(s)

2018-06-09 20:42:08 - [MESSAGE][PASSED] - Delayed 3 second(s)

2018-06-09 20:42:08 - [TEST_STEP][PASSED] - click: Object: 'Object Repository/PharmacyRequest/Page_CMO login/button_Sign in' is clicked on

2018-06-09 20:42:08 - [MESSAGE][PASSED] - Object: 'Object Repository/PharmacyRequest/Page_CMO login/button_Sign in' is clicked on

2018-06-09 20:42:08 - [TEST_STEP][PASSED] - click: Object: 'Object Repository/PharmacyRequest/Page_KDMC - CMO/a_Department Wise Request' is clicked on

2018-06-09 20:42:09 - [MESSAGE][PASSED] - Object: 'Object Repository/PharmacyRequest/Page_KDMC - CMO/a_Department Wise Request' is clicked on

2018-06-09 20:42:09 - [TEST_STEP][PASSED] - selectOptionByIndex: All options with index in [2] are selected on object 'Object Repository/PharmacyRequest/Page_KDMC - CMO/select_--ALL--'

2018-06-09 20:42:09 - [MESSAGE][PASSED] - All options with index in [2] are selected on object 'Object Repository/PharmacyRequest/Page_KDMC - CMO/select_--ALL--'

2018-06-09 20:42:09 - [TEST_STEP][PASSED] - selectOptionByIndex: All options with index in [1] are selected on object 'Object Repository/PharmacyRequest/Page_KDMC - CMO/select_--ALL--                _1'

2018-06-09 20:42:10 - [MESSAGE][PASSED] - All options with index in [1] are selected on object 'Object Repository/PharmacyRequest/Page_KDMC - CMO/select_--ALL--                _1'

2018-06-09 20:42:10 - [TEST_STEP][PASSED] - click: Object: 'Object Repository/PharmacyRequest/Page_KDMC - CMO/input_btnsearch' is clicked on

2018-06-09 20:42:10 - [MESSAGE][PASSED] - Object: 'Object Repository/PharmacyRequest/Page_KDMC - CMO/input_btnsearch' is clicked on

2018-06-09 20:42:10 - [TEST_STEP][PASSED] - Statement - ID = com.kms.katalon.core.webui.keyword.WebUiBuiltInKeywords.modifyObjectProperty(com.kms.katalon.core.testobject.ObjectRepository.findTestObject(PharmacyRequest/Page_KDMC - CMO/input_2), "xpath", "equals", "//*[@id=" + RID + "]", true): Modify property of object successfully

2018-06-09 20:42:10 - [MESSAGE][PASSED] - Modify property of object successfully

2018-06-09 20:42:10 - [TEST_STEP][PASSED] - click: Object: 'Object Repository/PharmacyRequest/Page_KDMC - CMO/input_2' is clicked on

2018-06-09 20:42:10 - [MESSAGE][PASSED] - Object: 'Object Repository/PharmacyRequest/Page_KDMC - CMO/input_2' is clicked on

2018-06-09 20:42:10 - [TEST_STEP][PASSED] - delay: Delayed 3 second(s)

2018-06-09 20:42:13 - [MESSAGE][PASSED] - Delayed 3 second(s)

2018-06-09 20:42:13 - [TEST_STEP][PASSED] - selectOptionByIndex: All options with index in [1] are selected on object 'Object Repository/PharmacyRequest/Page_KDMC - CMO/select_--Select--'

2018-06-09 20:42:14 - [MESSAGE][PASSED] - All options with index in [1] are selected on object 'Object Repository/PharmacyRequest/Page_KDMC - CMO/select_--Select--'

2018-06-09 20:42:14 - [TEST_STEP][PASSED] - click: Object: 'Object Repository/PharmacyRequest/Page_KDMC - CMO/input_btnupdate' is clicked on

2018-06-09 20:42:14 - [MESSAGE][PASSED] - Object: 'Object Repository/PharmacyRequest/Page_KDMC - CMO/input_btnupdate' is clicked on

2018-06-09 20:42:14 - [TEST_STEP][PASSED] - delay: Delayed 3 second(s)

2018-06-09 20:42:17 - [MESSAGE][PASSED] - Delayed 3 second(s)

2018-06-09 20:42:17 - [TEST_STEP][PASSED] - click: Object: 'Object Repository/PharmacyRequest/Page_KDMC - CMO/button_OK' is clicked on

2018-06-09 20:42:17 - [MESSAGE][PASSED] - Object: 'Object Repository/PharmacyRequest/Page_KDMC - CMO/button_OK' is clicked on

2018-06-09 20:42:17 - [TEST_STEP][PASSED] - delay: Delayed 3 second(s)

2018-06-09 20:42:20 - [MESSAGE][PASSED] - Delayed 3 second(s)

2018-06-09 20:42:20 - [TEST_STEP][PASSED] - click: Object: 'Object Repository/PharmacyRequest/Page_KDMC - CMO/a_dropdown-toggle' is clicked on

2018-06-09 20:42:20 - [MESSAGE][PASSED] - Object: 'Object Repository/PharmacyRequest/Page_KDMC - CMO/a_dropdown-toggle' is clicked on

2018-06-09 20:42:20 - [TEST_STEP][PASSED] - click: Object: 'Object Repository/PharmacyRequest/Page_KDMC - CMO/a_Sign out' is clicked on

2018-06-09 20:42:21 - [MESSAGE][PASSED] - Object: 'Object Repository/PharmacyRequest/Page_KDMC - CMO/a_Sign out' is clicked on

2018-06-09 20:42:21 - [TEST_STEP][PASSED] - delay: Delayed 3 second(s)

2018-06-09 20:42:24 - [MESSAGE][PASSED] - Delayed 3 second(s)

2018-06-09 20:42:24 - [TEST_STEP][PASSED] - click: Object: 'Object Repository/PharmacyRequest/Page_KDMC/a_Divisional Store' is clicked on

2018-06-09 20:42:24 - [MESSAGE][PASSED] - Object: 'Object Repository/PharmacyRequest/Page_KDMC/a_Divisional Store' is clicked on

2018-06-09 20:42:24 - [TEST_STEP][PASSED] - setText: Text 'ragu' is set on object 'Object Repository/PharmacyRequest/Page_Divisonal Store Login/input_txtusername'

2018-06-09 20:42:24 - [MESSAGE][PASSED] - Text 'ragu' is set on object 'Object Repository/PharmacyRequest/Page_Divisonal Store Login/input_txtusername'

2018-06-09 20:42:24 - [TEST_STEP][PASSED] - setText: Text '123' is set on object 'Object Repository/PharmacyRequest/Page_Divisonal Store Login/input_txtpassword'

2018-06-09 20:42:24 - [MESSAGE][PASSED] - Text '123' is set on object 'Object Repository/PharmacyRequest/Page_Divisonal Store Login/input_txtpassword'

2018-06-09 20:42:24 - [TEST_STEP][PASSED] - delay: Delayed 3 second(s)

2018-06-09 20:42:27 - [MESSAGE][PASSED] - Delayed 3 second(s)

2018-06-09 20:42:27 - [TEST_STEP][PASSED] - click: Object: 'Object Repository/PharmacyRequest/Page_Divisonal Store Login/button_Sign in' is clicked on

2018-06-09 20:42:28 - [MESSAGE][PASSED] - Object: 'Object Repository/PharmacyRequest/Page_Divisonal Store Login/button_Sign in' is clicked on

2018-06-09 20:42:28 - [TEST_STEP][PASSED] - delay: Delayed 3 second(s)

2018-06-09 20:42:31 - [MESSAGE][PASSED] - Delayed 3 second(s)

2018-06-09 20:42:31 - [TEST_STEP][PASSED] - click: Object: 'Object Repository/PharmacyRequest/Page_Store/a_Pharmacy Request' is clicked on

2018-06-09 20:42:31 - [MESSAGE][PASSED] - Object: 'Object Repository/PharmacyRequest/Page_Store/a_Pharmacy Request' is clicked on

2018-06-09 20:42:31 - [TEST_STEP][PASSED] - click: Object: 'Object Repository/PharmacyRequest/Page_Store/a_Request Item Pharmacy' is clicked on

2018-06-09 20:42:32 - [MESSAGE][PASSED] - Object: 'Object Repository/PharmacyRequest/Page_Store/a_Request Item Pharmacy' is clicked on

2018-06-09 20:42:32 - [TEST_STEP][PASSED] - delay: Delayed 2 second(s)

2018-06-09 20:42:34 - [MESSAGE][PASSED] - Delayed 2 second(s)

2018-06-09 20:42:34 - [TEST_STEP][PASSED] - setText: Text 'PRNO/09062018/224' is set on object 'Object Repository/PharmacyRequest/Page_Store/input'

2018-06-09 20:42:34 - [MESSAGE][PASSED] - Text 'PRNO/09062018/224' is set on object 'Object Repository/PharmacyRequest/Page_Store/input'

2018-06-09 20:42:34 - [TEST_STEP][PASSED] - delay: Delayed 2 second(s)

2018-06-09 20:42:36 - [MESSAGE][PASSED] - Delayed 2 second(s)

2018-06-09 20:42:36 - [TEST_STEP][PASSED] - Statement - ChooseRequest = com.kms.katalon.core.webui.keyword.WebUiBuiltInKeywords.modifyObjectProperty(com.kms.katalon.core.testobject.ObjectRepository.findTestObject(PharmacyRequest/Page_Store/input_2), "xpath", "equals", "//*[@id=" + RID + "]", true): Modify property of object successfully

2018-06-09 20:42:36 - [MESSAGE][PASSED] - Modify property of object successfully

2018-06-09 20:42:36 - [TEST_STEP][PASSED] - click: Object: 'Object Repository/PharmacyRequest/Page_Store/input_2' is clicked on

2018-06-09 20:42:37 - [MESSAGE][PASSED] - Object: 'Object Repository/PharmacyRequest/Page_Store/input_2' is clicked on

2018-06-09 20:42:37 - [TEST_STEP][PASSED] - delay: Delayed 2 second(s)

2018-06-09 20:42:39 - [MESSAGE][PASSED] - Delayed 2 second(s)

2018-06-09 20:42:39 - [TEST_STEP][PASSED] - Statement - selectedoptions = com.kms.katalon.core.webui.keyword.WebUiBuiltInKeywords.getNumberOfTotalOption(com.kms.katalon.core.testobject.ObjectRepository.findTestObject(PharmacyRequest/Page_Store/select_--Select--Amlodepin -5)): 36 options of object 'Object Repository/PharmacyRequest/Page_Store/select_--Select--Amlodepin -5' counted

2018-06-09 20:42:39 - [MESSAGE][PASSED] - 36 options of object 'Object Repository/PharmacyRequest/Page_Store/select_--Select--Amlodepin -5' counted

2018-06-09 20:42:39 - [TEST_STEP][PASSED] - Statement - For ([a = 1, a <= selectedoptions - 1, (a++)]): null

2018-06-09 20:42:39 - [TEST_STEP][PASSED] - selectOptionByIndex: All options with index in [1] are selected on object 'Object Repository/PharmacyRequest/Page_Store/select_--Select--Amlodepin -5'

2018-06-09 20:42:39 - [MESSAGE][PASSED] - All options with index in [1] are selected on object 'Object Repository/PharmacyRequest/Page_Store/select_--Select--Amlodepin -5'

2018-06-09 20:42:39 - [TEST_STEP][PASSED] - delay: Delayed 1 second(s)

2018-06-09 20:42:40 - [MESSAGE][PASSED] - Delayed 1 second(s)

2018-06-09 20:42:40 - [TEST_STEP][PASSED] - Statement - RequestedQty = com.kms.katalon.core.webui.keyword.WebUiBuiltInKeywords.getAttribute(com.kms.katalon.core.testobject.ObjectRepository.findTestObject(PharmacyRequest/Page_Store/input_txttotal), "value"): Attribute 'value' of object 'Object Repository/PharmacyRequest/Page_Store/input_txttotal' is: '10'

2018-06-09 20:42:40 - [MESSAGE][PASSED] - Attribute 'value' of object 'Object Repository/PharmacyRequest/Page_Store/input_txttotal' is: '10'

2018-06-09 20:42:40 - [TEST_STEP][PASSED] - Statement - out.println("Requested QTY : " + RequestedQty): null

2018-06-09 20:42:40 - [TEST_STEP][PASSED] - Statement - BatchNumber = com.kms.katalon.core.webui.keyword.WebUiBuiltInKeywords.getNumberOfTotalOption(com.kms.katalon.core.testobject.ObjectRepository.findTestObject(PharmacyRequest/Page_Store/select_--Select--BA50)): 3 options of object 'Object Repository/PharmacyRequest/Page_Store/select_--Select--BA50' counted

2018-06-09 20:42:40 - [MESSAGE][PASSED] - 3 options of object 'Object Repository/PharmacyRequest/Page_Store/select_--Select--BA50' counted

2018-06-09 20:42:40 - [TEST_STEP][PASSED] - Statement - For ([g = 1, g <= BatchNumber - 1, (g++)]): null

2018-06-09 20:42:40 - [TEST_STEP][PASSED] - selectOptionByIndex: All options with index in [1] are selected on object 'Object Repository/PharmacyRequest/Page_Store/select_--Select--BA50'

2018-06-09 20:42:40 - [MESSAGE][PASSED] - All options with index in [1] are selected on object 'Object Repository/PharmacyRequest/Page_Store/select_--Select--BA50'

2018-06-09 20:42:40 - [TEST_STEP][PASSED] - delay: Delayed 1 second(s)

2018-06-09 20:42:41 - [MESSAGE][PASSED] - Delayed 1 second(s)

2018-06-09 20:42:41 - [TEST_STEP][PASSED] - Statement - StockQty = com.kms.katalon.core.webui.keyword.WebUiBuiltInKeywords.getAttribute(com.kms.katalon.core.testobject.ObjectRepository.findTestObject(PharmacyRequest/Page_Store/input_txtprice), "value"): Attribute 'value' of object 'Object Repository/PharmacyRequest/Page_Store/input_txtprice' is: '875'

2018-06-09 20:42:41 - [MESSAGE][PASSED] - Attribute 'value' of object 'Object Repository/PharmacyRequest/Page_Store/input_txtprice' is: '875'

2018-06-09 20:42:41 - [TEST_STEP][PASSED] - Statement - out.println("Stock QTY : " + StockQty): null

2018-06-09 20:42:41 - [TEST_STEP][PASSED] - delay: Delayed 1 second(s)

2018-06-09 20:42:42 - [MESSAGE][PASSED] - Delayed 1 second(s)

2018-06-09 20:42:42 - [TEST_STEP][PASSED] - Statement - If (java.lang.Integer.valueOf(StockQty) >= java.lang.Integer.valueOf(RequestedQty)): null

2018-06-09 20:42:42 - [TEST_STEP][PASSED] - setText: Text '10' is set on object 'Object Repository/PharmacyRequest/Page_Store/input_txtqty'

2018-06-09 20:42:43 - [MESSAGE][PASSED] - Text '10' is set on object 'Object Repository/PharmacyRequest/Page_Store/input_txtqty'

2018-06-09 20:42:43 - [TEST_STEP][PASSED] - click: Object: 'Object Repository/PharmacyRequest/Page_Store/button_Add' is clicked on

2018-06-09 20:42:43 - [MESSAGE][PASSED] - Object: 'Object Repository/PharmacyRequest/Page_Store/button_Add' is clicked on

2018-06-09 20:42:43 - [TEST_STEP][PASSED] - Statement - Break: null

2018-06-09 20:42:43 - [TEST_STEP][PASSED] - selectOptionByIndex: All options with index in [2] are selected on object 'Object Repository/PharmacyRequest/Page_Store/select_--Select--Amlodepin -5'

2018-06-09 20:42:43 - [MESSAGE][PASSED] - All options with index in [2] are selected on object 'Object Repository/PharmacyRequest/Page_Store/select_--Select--Amlodepin -5'

2018-06-09 20:42:43 - [TEST_STEP][PASSED] - delay: Delayed 1 second(s)

2018-06-09 20:42:44 - [MESSAGE][PASSED] - Delayed 1 second(s)

2018-06-09 20:42:44 - [TEST_STEP][PASSED] - Statement - RequestedQty = com.kms.katalon.core.webui.keyword.WebUiBuiltInKeywords.getAttribute(com.kms.katalon.core.testobject.ObjectRepository.findTestObject(PharmacyRequest/Page_Store/input_txttotal), "value"): Attribute 'value' of object 'Object Repository/PharmacyRequest/Page_Store/input_txttotal' is: '10'

2018-06-09 20:42:44 - [MESSAGE][PASSED] - Attribute 'value' of object 'Object Repository/PharmacyRequest/Page_Store/input_txttotal' is: '10'

2018-06-09 20:42:44 - [TEST_STEP][PASSED] - Statement - out.println("Requested QTY : " + RequestedQty): null

2018-06-09 20:42:44 - [TEST_STEP][PASSED] - Statement - BatchNumber = com.kms.katalon.core.webui.keyword.WebUiBuiltInKeywords.getNumberOfTotalOption(com.kms.katalon.core.testobject.ObjectRepository.findTestObject(PharmacyRequest/Page_Store/select_--Select--BA50)): 3 options of object 'Object Repository/PharmacyRequest/Page_Store/select_--Select--BA50' counted

2018-06-09 20:42:44 - [MESSAGE][PASSED] - 3 options of object 'Object Repository/PharmacyRequest/Page_Store/select_--Select--BA50' counted

2018-06-09 20:42:44 - [TEST_STEP][PASSED] - Statement - For ([g = 1, g <= BatchNumber - 1, (g++)]): null

2018-06-09 20:42:44 - [TEST_STEP][PASSED] - selectOptionByIndex: All options with index in [1] are selected on object 'Object Repository/PharmacyRequest/Page_Store/select_--Select--BA50'

2018-06-09 20:42:44 - [MESSAGE][PASSED] - All options with index in [1] are selected on object 'Object Repository/PharmacyRequest/Page_Store/select_--Select--BA50'

2018-06-09 20:42:44 - [TEST_STEP][PASSED] - delay: Delayed 1 second(s)

2018-06-09 20:42:45 - [MESSAGE][PASSED] - Delayed 1 second(s)

2018-06-09 20:42:45 - [TEST_STEP][PASSED] - Statement - StockQty = com.kms.katalon.core.webui.keyword.WebUiBuiltInKeywords.getAttribute(com.kms.katalon.core.testobject.ObjectRepository.findTestObject(PharmacyRequest/Page_Store/input_txtprice), "value"): Attribute 'value' of object 'Object Repository/PharmacyRequest/Page_Store/input_txtprice' is: '880'

2018-06-09 20:42:45 - [MESSAGE][PASSED] - Attribute 'value' of object 'Object Repository/PharmacyRequest/Page_Store/input_txtprice' is: '880'

2018-06-09 20:42:45 - [TEST_STEP][PASSED] - Statement - out.println("Stock QTY : " + StockQty): null

2018-06-09 20:42:45 - [TEST_STEP][PASSED] - delay: Delayed 1 second(s)

2018-06-09 20:42:46 - [MESSAGE][PASSED] - Delayed 1 second(s)

2018-06-09 20:42:46 - [TEST_STEP][PASSED] - Statement - If (java.lang.Integer.valueOf(StockQty) >= java.lang.Integer.valueOf(RequestedQty)): null

2018-06-09 20:42:46 - [TEST_STEP][PASSED] - setText: Text '10' is set on object 'Object Repository/PharmacyRequest/Page_Store/input_txtqty'

2018-06-09 20:42:46 - [MESSAGE][PASSED] - Text '10' is set on object 'Object Repository/PharmacyRequest/Page_Store/input_txtqty'

2018-06-09 20:42:46 - [TEST_STEP][PASSED] - click: Object: 'Object Repository/PharmacyRequest/Page_Store/button_Add' is clicked on

2018-06-09 20:42:46 - [MESSAGE][PASSED] - Object: 'Object Repository/PharmacyRequest/Page_Store/button_Add' is clicked on

2018-06-09 20:42:46 - [TEST_STEP][PASSED] - Statement - Break: null

2018-06-09 20:42:46 - [TEST_STEP][PASSED] - selectOptionByIndex: All options with index in [3] are selected on object 'Object Repository/PharmacyRequest/Page_Store/select_--Select--Amlodepin -5'

2018-06-09 20:42:46 - [MESSAGE][PASSED] - All options with index in [3] are selected on object 'Object Repository/PharmacyRequest/Page_Store/select_--Select--Amlodepin -5'

2018-06-09 20:42:46 - [TEST_STEP][PASSED] - delay: Delayed 1 second(s)

2018-06-09 20:42:47 - [MESSAGE][PASSED] - Delayed 1 second(s)

2018-06-09 20:42:47 - [TEST_STEP][PASSED] - Statement - RequestedQty = com.kms.katalon.core.webui.keyword.WebUiBuiltInKeywords.getAttribute(com.kms.katalon.core.testobject.ObjectRepository.findTestObject(PharmacyRequest/Page_Store/input_txttotal), "value"): Attribute 'value' of object 'Object Repository/PharmacyRequest/Page_Store/input_txttotal' is: '10'

2018-06-09 20:42:47 - [MESSAGE][PASSED] - Attribute 'value' of object 'Object Repository/PharmacyRequest/Page_Store/input_txttotal' is: '10'

2018-06-09 20:42:47 - [TEST_STEP][PASSED] - Statement - out.println("Requested QTY : " + RequestedQty): null

2018-06-09 20:42:47 - [TEST_STEP][PASSED] - Statement - BatchNumber = com.kms.katalon.core.webui.keyword.WebUiBuiltInKeywords.getNumberOfTotalOption(com.kms.katalon.core.testobject.ObjectRepository.findTestObject(PharmacyRequest/Page_Store/select_--Select--BA50)): 2 options of object 'Object Repository/PharmacyRequest/Page_Store/select_--Select--BA50' counted

2018-06-09 20:42:47 - [MESSAGE][PASSED] - 2 options of object 'Object Repository/PharmacyRequest/Page_Store/select_--Select--BA50' counted

2018-06-09 20:42:47 - [TEST_STEP][PASSED] - Statement - For ([g = 1, g <= BatchNumber - 1, (g++)]): null

2018-06-09 20:42:47 - [TEST_STEP][PASSED] - selectOptionByIndex: All options with index in [1] are selected on object 'Object Repository/PharmacyRequest/Page_Store/select_--Select--BA50'

2018-06-09 20:42:47 - [MESSAGE][PASSED] - All options with index in [1] are selected on object 'Object Repository/PharmacyRequest/Page_Store/select_--Select--BA50'

2018-06-09 20:42:47 - [TEST_STEP][PASSED] - delay: Delayed 1 second(s)

2018-06-09 20:42:48 - [MESSAGE][PASSED] - Delayed 1 second(s)

2018-06-09 20:42:48 - [TEST_STEP][PASSED] - Statement - StockQty = com.kms.katalon.core.webui.keyword.WebUiBuiltInKeywords.getAttribute(com.kms.katalon.core.testobject.ObjectRepository.findTestObject(PharmacyRequest/Page_Store/input_txtprice), "value"): Attribute 'value' of object 'Object Repository/PharmacyRequest/Page_Store/input_txtprice' is: '2080'

2018-06-09 20:42:48 - [MESSAGE][PASSED] - Attribute 'value' of object 'Object Repository/PharmacyRequest/Page_Store/input_txtprice' is: '2080'

2018-06-09 20:42:48 - [TEST_STEP][PASSED] - Statement - out.println("Stock QTY : " + StockQty): null

2018-06-09 20:42:48 - [TEST_STEP][PASSED] - delay: Delayed 1 second(s)

2018-06-09 20:42:49 - [MESSAGE][PASSED] - Delayed 1 second(s)

2018-06-09 20:42:49 - [TEST_STEP][PASSED] - Statement - If (java.lang.Integer.valueOf(StockQty) >= java.lang.Integer.valueOf(RequestedQty)): null

2018-06-09 20:42:49 - [TEST_STEP][PASSED] - setText: Text '10' is set on object 'Object Repository/PharmacyRequest/Page_Store/input_txtqty'

2018-06-09 20:42:50 - [MESSAGE][PASSED] - Text '10' is set on object 'Object Repository/PharmacyRequest/Page_Store/input_txtqty'

2018-06-09 20:42:50 - [TEST_STEP][PASSED] - click: Object: 'Object Repository/PharmacyRequest/Page_Store/button_Add' is clicked on

2018-06-09 20:42:50 - [MESSAGE][PASSED] - Object: 'Object Repository/PharmacyRequest/Page_Store/button_Add' is clicked on

2018-06-09 20:42:50 - [TEST_STEP][PASSED] - Statement - Break: null

2018-06-09 20:42:50 - [TEST_STEP][PASSED] - selectOptionByIndex: All options with index in [4] are selected on object 'Object Repository/PharmacyRequest/Page_Store/select_--Select--Amlodepin -5'

2018-06-09 20:42:50 - [MESSAGE][PASSED] - All options with index in [4] are selected on object 'Object Repository/PharmacyRequest/Page_Store/select_--Select--Amlodepin -5'

2018-06-09 20:42:50 - [TEST_STEP][PASSED] - delay: Delayed 1 second(s)

2018-06-09 20:42:51 - [MESSAGE][PASSED] - Delayed 1 second(s)

2018-06-09 20:42:51 - [TEST_STEP][PASSED] - Statement - RequestedQty = com.kms.katalon.core.webui.keyword.WebUiBuiltInKeywords.getAttribute(com.kms.katalon.core.testobject.ObjectRepository.findTestObject(PharmacyRequest/Page_Store/input_txttotal), "value"): Attribute 'value' of object 'Object Repository/PharmacyRequest/Page_Store/input_txttotal' is: '10'

2018-06-09 20:42:51 - [MESSAGE][PASSED] - Attribute 'value' of object 'Object Repository/PharmacyRequest/Page_Store/input_txttotal' is: '10'

2018-06-09 20:42:51 - [TEST_STEP][PASSED] - Statement - out.println("Requested QTY : " + RequestedQty): null

2018-06-09 20:42:51 - [TEST_STEP][PASSED] - Statement - BatchNumber = com.kms.katalon.core.webui.keyword.WebUiBuiltInKeywords.getNumberOfTotalOption(com.kms.katalon.core.testobject.ObjectRepository.findTestObject(PharmacyRequest/Page_Store/select_--Select--BA50)): 3 options of object 'Object Repository/PharmacyRequest/Page_Store/select_--Select--BA50' counted

2018-06-09 20:42:51 - [MESSAGE][PASSED] - 3 options of object 'Object Repository/PharmacyRequest/Page_Store/select_--Select--BA50' counted

2018-06-09 20:42:51 - [TEST_STEP][PASSED] - Statement - For ([g = 1, g <= BatchNumber - 1, (g++)]): null

2018-06-09 20:42:51 - [TEST_STEP][PASSED] - selectOptionByIndex: All options with index in [1] are selected on object 'Object Repository/PharmacyRequest/Page_Store/select_--Select--BA50'

2018-06-09 20:42:51 - [MESSAGE][PASSED] - All options with index in [1] are selected on object 'Object Repository/PharmacyRequest/Page_Store/select_--Select--BA50'

2018-06-09 20:42:51 - [TEST_STEP][PASSED] - delay: Delayed 1 second(s)

2018-06-09 20:42:52 - [MESSAGE][PASSED] - Delayed 1 second(s)

2018-06-09 20:42:52 - [TEST_STEP][PASSED] - Statement - StockQty = com.kms.katalon.core.webui.keyword.WebUiBuiltInKeywords.getAttribute(com.kms.katalon.core.testobject.ObjectRepository.findTestObject(PharmacyRequest/Page_Store/input_txtprice), "value"): Attribute 'value' of object 'Object Repository/PharmacyRequest/Page_Store/input_txtprice' is: '100'

2018-06-09 20:42:52 - [MESSAGE][PASSED] - Attribute 'value' of object 'Object Repository/PharmacyRequest/Page_Store/input_txtprice' is: '100'

2018-06-09 20:42:52 - [TEST_STEP][PASSED] - Statement - out.println("Stock QTY : " + StockQty): null

2018-06-09 20:42:52 - [TEST_STEP][PASSED] - delay: Delayed 1 second(s)

2018-06-09 20:42:53 - [MESSAGE][PASSED] - Delayed 1 second(s)

2018-06-09 20:42:53 - [TEST_STEP][PASSED] - Statement - If (java.lang.Integer.valueOf(StockQty) >= java.lang.Integer.valueOf(RequestedQty)): null

2018-06-09 20:42:53 - [TEST_STEP][PASSED] - setText: Text '10' is set on object 'Object Repository/PharmacyRequest/Page_Store/input_txtqty'

2018-06-09 20:42:53 - [MESSAGE][PASSED] - Text '10' is set on object 'Object Repository/PharmacyRequest/Page_Store/input_txtqty'

2018-06-09 20:42:53 - [TEST_STEP][PASSED] - click: Object: 'Object Repository/PharmacyRequest/Page_Store/button_Add' is clicked on

2018-06-09 20:42:53 - [MESSAGE][PASSED] - Object: 'Object Repository/PharmacyRequest/Page_Store/button_Add' is clicked on

2018-06-09 20:42:53 - [TEST_STEP][PASSED] - Statement - Break: null

2018-06-09 20:42:53 - [TEST_STEP][PASSED] - selectOptionByIndex: All options with index in [5] are selected on object 'Object Repository/PharmacyRequest/Page_Store/select_--Select--Amlodepin -5'

2018-06-09 20:42:53 - [MESSAGE][PASSED] - All options with index in [5] are selected on object 'Object Repository/PharmacyRequest/Page_Store/select_--Select--Amlodepin -5'

2018-06-09 20:42:53 - [TEST_STEP][PASSED] - delay: Delayed 1 second(s)

2018-06-09 20:42:54 - [MESSAGE][PASSED] - Delayed 1 second(s)

2018-06-09 20:42:54 - [TEST_STEP][PASSED] - Statement - RequestedQty = com.kms.katalon.core.webui.keyword.WebUiBuiltInKeywords.getAttribute(com.kms.katalon.core.testobject.ObjectRepository.findTestObject(PharmacyRequest/Page_Store/input_txttotal), "value"): Attribute 'value' of object 'Object Repository/PharmacyRequest/Page_Store/input_txttotal' is: '10'

2018-06-09 20:42:54 - [MESSAGE][PASSED] - Attribute 'value' of object 'Object Repository/PharmacyRequest/Page_Store/input_txttotal' is: '10'

2018-06-09 20:42:54 - [TEST_STEP][PASSED] - Statement - out.println("Requested QTY : " + RequestedQty): null

2018-06-09 20:42:54 - [TEST_STEP][PASSED] - Statement - BatchNumber = com.kms.katalon.core.webui.keyword.WebUiBuiltInKeywords.getNumberOfTotalOption(com.kms.katalon.core.testobject.ObjectRepository.findTestObject(PharmacyRequest/Page_Store/select_--Select--BA50)): 2 options of object 'Object Repository/PharmacyRequest/Page_Store/select_--Select--BA50' counted

2018-06-09 20:42:54 - [MESSAGE][PASSED] - 2 options of object 'Object Repository/PharmacyRequest/Page_Store/select_--Select--BA50' counted

2018-06-09 20:42:54 - [TEST_STEP][PASSED] - Statement - For ([g = 1, g <= BatchNumber - 1, (g++)]): null

2018-06-09 20:42:54 - [TEST_STEP][PASSED] - selectOptionByIndex: All options with index in [1] are selected on object 'Object Repository/PharmacyRequest/Page_Store/select_--Select--BA50'

2018-06-09 20:42:55 - [MESSAGE][PASSED] - All options with index in [1] are selected on object 'Object Repository/PharmacyRequest/Page_Store/select_--Select--BA50'

2018-06-09 20:42:55 - [TEST_STEP][PASSED] - delay: Delayed 1 second(s)

2018-06-09 20:42:56 - [MESSAGE][PASSED] - Delayed 1 second(s)

2018-06-09 20:42:56 - [TEST_STEP][PASSED] - Statement - StockQty = com.kms.katalon.core.webui.keyword.WebUiBuiltInKeywords.getAttribute(com.kms.katalon.core.testobject.ObjectRepository.findTestObject(PharmacyRequest/Page_Store/input_txtprice), "value"): Attribute 'value' of object 'Object Repository/PharmacyRequest/Page_Store/input_txtprice' is: '880'

2018-06-09 20:42:56 - [MESSAGE][PASSED] - Attribute 'value' of object 'Object Repository/PharmacyRequest/Page_Store/input_txtprice' is: '880'

2018-06-09 20:42:56 - [TEST_STEP][PASSED] - Statement - out.println("Stock QTY : " + StockQty): null

2018-06-09 20:42:56 - [TEST_STEP][PASSED] - delay: Delayed 1 second(s)

2018-06-09 20:42:57 - [MESSAGE][PASSED] - Delayed 1 second(s)

2018-06-09 20:42:57 - [TEST_STEP][PASSED] - Statement - If (java.lang.Integer.valueOf(StockQty) >= java.lang.Integer.valueOf(RequestedQty)): null

2018-06-09 20:42:57 - [TEST_STEP][PASSED] - setText: Text '10' is set on object 'Object Repository/PharmacyRequest/Page_Store/input_txtqty'

2018-06-09 20:42:57 - [MESSAGE][PASSED] - Text '10' is set on object 'Object Repository/PharmacyRequest/Page_Store/input_txtqty'

2018-06-09 20:42:57 - [TEST_STEP][PASSED] - click: Object: 'Object Repository/PharmacyRequest/Page_Store/button_Add' is clicked on

2018-06-09 20:42:57 - [MESSAGE][PASSED] - Object: 'Object Repository/PharmacyRequest/Page_Store/button_Add' is clicked on

2018-06-09 20:42:57 - [TEST_STEP][PASSED] - Statement - Break: null

2018-06-09 20:42:57 - [TEST_STEP][PASSED] - selectOptionByIndex: All options with index in [6] are selected on object 'Object Repository/PharmacyRequest/Page_Store/select_--Select--Amlodepin -5'

2018-06-09 20:42:57 - [MESSAGE][PASSED] - All options with index in [6] are selected on object 'Object Repository/PharmacyRequest/Page_Store/select_--Select--Amlodepin -5'

2018-06-09 20:42:57 - [TEST_STEP][PASSED] - delay: Delayed 1 second(s)

2018-06-09 20:42:58 - [MESSAGE][PASSED] - Delayed 1 second(s)

2018-06-09 20:42:58 - [TEST_STEP][PASSED] - Statement - RequestedQty = com.kms.katalon.core.webui.keyword.WebUiBuiltInKeywords.getAttribute(com.kms.katalon.core.testobject.ObjectRepository.findTestObject(PharmacyRequest/Page_Store/input_txttotal), "value"): Attribute 'value' of object 'Object Repository/PharmacyRequest/Page_Store/input_txttotal' is: '10'

2018-06-09 20:42:58 - [MESSAGE][PASSED] - Attribute 'value' of object 'Object Repository/PharmacyRequest/Page_Store/input_txttotal' is: '10'

2018-06-09 20:42:58 - [TEST_STEP][PASSED] - Statement - out.println("Requested QTY : " + RequestedQty): null

2018-06-09 20:42:58 - [TEST_STEP][PASSED] - Statement - BatchNumber = com.kms.katalon.core.webui.keyword.WebUiBuiltInKeywords.getNumberOfTotalOption(com.kms.katalon.core.testobject.ObjectRepository.findTestObject(PharmacyRequest/Page_Store/select_--Select--BA50)): 2 options of object 'Object Repository/PharmacyRequest/Page_Store/select_--Select--BA50' counted

2018-06-09 20:42:58 - [MESSAGE][PASSED] - 2 options of object 'Object Repository/PharmacyRequest/Page_Store/select_--Select--BA50' counted

2018-06-09 20:42:58 - [TEST_STEP][PASSED] - Statement - For ([g = 1, g <= BatchNumber - 1, (g++)]): null

2018-06-09 20:42:58 - [TEST_STEP][PASSED] - selectOptionByIndex: All options with index in [1] are selected on object 'Object Repository/PharmacyRequest/Page_Store/select_--Select--BA50'

2018-06-09 20:42:58 - [MESSAGE][PASSED] - All options with index in [1] are selected on object 'Object Repository/PharmacyRequest/Page_Store/select_--Select--BA50'

2018-06-09 20:42:58 - [TEST_STEP][PASSED] - delay: Delayed 1 second(s)

2018-06-09 20:42:59 - [MESSAGE][PASSED] - Delayed 1 second(s)

2018-06-09 20:42:59 - [TEST_STEP][PASSED] - Statement - StockQty = com.kms.katalon.core.webui.keyword.WebUiBuiltInKeywords.getAttribute(com.kms.katalon.core.testobject.ObjectRepository.findTestObject(PharmacyRequest/Page_Store/input_txtprice), "value"): Attribute 'value' of object 'Object Repository/PharmacyRequest/Page_Store/input_txtprice' is: '880'

2018-06-09 20:42:59 - [MESSAGE][PASSED] - Attribute 'value' of object 'Object Repository/PharmacyRequest/Page_Store/input_txtprice' is: '880'

2018-06-09 20:42:59 - [TEST_STEP][PASSED] - Statement - out.println("Stock QTY : " + StockQty): null

2018-06-09 20:42:59 - [TEST_STEP][PASSED] - delay: Delayed 1 second(s)

2018-06-09 20:43:00 - [MESSAGE][PASSED] - Delayed 1 second(s)

2018-06-09 20:43:00 - [TEST_STEP][PASSED] - Statement - If (java.lang.Integer.valueOf(StockQty) >= java.lang.Integer.valueOf(RequestedQty)): null

2018-06-09 20:43:00 - [TEST_STEP][PASSED] - setText: Text '10' is set on object 'Object Repository/PharmacyRequest/Page_Store/input_txtqty'

2018-06-09 20:43:00 - [MESSAGE][PASSED] - Text '10' is set on object 'Object Repository/PharmacyRequest/Page_Store/input_txtqty'

2018-06-09 20:43:00 - [TEST_STEP][PASSED] - click: Object: 'Object Repository/PharmacyRequest/Page_Store/button_Add' is clicked on

2018-06-09 20:43:00 - [MESSAGE][PASSED] - Object: 'Object Repository/PharmacyRequest/Page_Store/button_Add' is clicked on

2018-06-09 20:43:00 - [TEST_STEP][PASSED] - Statement - Break: null

2018-06-09 20:43:00 - [TEST_STEP][PASSED] - selectOptionByIndex: All options with index in [7] are selected on object 'Object Repository/PharmacyRequest/Page_Store/select_--Select--Amlodepin -5'

2018-06-09 20:43:00 - [MESSAGE][PASSED] - All options with index in [7] are selected on object 'Object Repository/PharmacyRequest/Page_Store/select_--Select--Amlodepin -5'

2018-06-09 20:43:00 - [TEST_STEP][PASSED] - delay: Delayed 1 second(s)

2018-06-09 20:43:01 - [MESSAGE][PASSED] - Delayed 1 second(s)

2018-06-09 20:43:01 - [TEST_STEP][PASSED] - Statement - RequestedQty = com.kms.katalon.core.webui.keyword.WebUiBuiltInKeywords.getAttribute(com.kms.katalon.core.testobject.ObjectRepository.findTestObject(PharmacyRequest/Page_Store/input_txttotal), "value"): Attribute 'value' of object 'Object Repository/PharmacyRequest/Page_Store/input_txttotal' is: '10'

2018-06-09 20:43:01 - [MESSAGE][PASSED] - Attribute 'value' of object 'Object Repository/PharmacyRequest/Page_Store/input_txttotal' is: '10'

2018-06-09 20:43:01 - [TEST_STEP][PASSED] - Statement - out.println("Requested QTY : " + RequestedQty): null

2018-06-09 20:43:01 - [TEST_STEP][PASSED] - Statement - BatchNumber = com.kms.katalon.core.webui.keyword.WebUiBuiltInKeywords.getNumberOfTotalOption(com.kms.katalon.core.testobject.ObjectRepository.findTestObject(PharmacyRequest/Page_Store/select_--Select--BA50)): 2 options of object 'Object Repository/PharmacyRequest/Page_Store/select_--Select--BA50' counted

2018-06-09 20:43:02 - [MESSAGE][PASSED] - 2 options of object 'Object Repository/PharmacyRequest/Page_Store/select_--Select--BA50' counted

2018-06-09 20:43:02 - [TEST_STEP][PASSED] - Statement - For ([g = 1, g <= BatchNumber - 1, (g++)]): null

2018-06-09 20:43:02 - [TEST_STEP][PASSED] - selectOptionByIndex: All options with index in [1] are selected on object 'Object Repository/PharmacyRequest/Page_Store/select_--Select--BA50'

2018-06-09 20:43:02 - [MESSAGE][PASSED] - All options with index in [1] are selected on object 'Object Repository/PharmacyRequest/Page_Store/select_--Select--BA50'

2018-06-09 20:43:02 - [TEST_STEP][PASSED] - delay: Delayed 1 second(s)

2018-06-09 20:43:03 - [MESSAGE][PASSED] - Delayed 1 second(s)

2018-06-09 20:43:03 - [TEST_STEP][PASSED] - Statement - StockQty = com.kms.katalon.core.webui.keyword.WebUiBuiltInKeywords.getAttribute(com.kms.katalon.core.testobject.ObjectRepository.findTestObject(PharmacyRequest/Page_Store/input_txtprice), "value"): Attribute 'value' of object 'Object Repository/PharmacyRequest/Page_Store/input_txtprice' is: '875'

2018-06-09 20:43:03 - [MESSAGE][PASSED] - Attribute 'value' of object 'Object Repository/PharmacyRequest/Page_Store/input_txtprice' is: '875'

2018-06-09 20:43:03 - [TEST_STEP][PASSED] - Statement - out.println("Stock QTY : " + StockQty): null

2018-06-09 20:43:03 - [TEST_STEP][PASSED] - delay: Delayed 1 second(s)

2018-06-09 20:43:04 - [MESSAGE][PASSED] - Delayed 1 second(s)

2018-06-09 20:43:04 - [TEST_STEP][PASSED] - Statement - If (java.lang.Integer.valueOf(StockQty) >= java.lang.Integer.valueOf(RequestedQty)): null

2018-06-09 20:43:04 - [TEST_STEP][PASSED] - setText: Text '10' is set on object 'Object Repository/PharmacyRequest/Page_Store/input_txtqty'

2018-06-09 20:43:04 - [MESSAGE][PASSED] - Text '10' is set on object 'Object Repository/PharmacyRequest/Page_Store/input_txtqty'

2018-06-09 20:43:04 - [TEST_STEP][PASSED] - click: Object: 'Object Repository/PharmacyRequest/Page_Store/button_Add' is clicked on

2018-06-09 20:43:04 - [MESSAGE][PASSED] - Object: 'Object Repository/PharmacyRequest/Page_Store/button_Add' is clicked on

2018-06-09 20:43:04 - [TEST_STEP][PASSED] - Statement - Break: null

2018-06-09 20:43:04 - [TEST_STEP][PASSED] - selectOptionByIndex: All options with index in [8] are selected on object 'Object Repository/PharmacyRequest/Page_Store/select_--Select--Amlodepin -5'

2018-06-09 20:43:04 - [MESSAGE][PASSED] - All options with index in [8] are selected on object 'Object Repository/PharmacyRequest/Page_Store/select_--Select--Amlodepin -5'

2018-06-09 20:43:04 - [TEST_STEP][PASSED] - delay: Delayed 1 second(s)

2018-06-09 20:43:05 - [MESSAGE][PASSED] - Delayed 1 second(s)

2018-06-09 20:43:05 - [TEST_STEP][PASSED] - Statement - RequestedQty = com.kms.katalon.core.webui.keyword.WebUiBuiltInKeywords.getAttribute(com.kms.katalon.core.testobject.ObjectRepository.findTestObject(PharmacyRequest/Page_Store/input_txttotal), "value"): Attribute 'value' of object 'Object Repository/PharmacyRequest/Page_Store/input_txttotal' is: '10'

2018-06-09 20:43:05 - [MESSAGE][PASSED] - Attribute 'value' of object 'Object Repository/PharmacyRequest/Page_Store/input_txttotal' is: '10'

2018-06-09 20:43:05 - [TEST_STEP][PASSED] - Statement - out.println("Requested QTY : " + RequestedQty): null

2018-06-09 20:43:05 - [TEST_STEP][PASSED] - Statement - BatchNumber = com.kms.katalon.core.webui.keyword.WebUiBuiltInKeywords.getNumberOfTotalOption(com.kms.katalon.core.testobject.ObjectRepository.findTestObject(PharmacyRequest/Page_Store/select_--Select--BA50)): 3 options of object 'Object Repository/PharmacyRequest/Page_Store/select_--Select--BA50' counted

2018-06-09 20:43:05 - [MESSAGE][PASSED] - 3 options of object 'Object Repository/PharmacyRequest/Page_Store/select_--Select--BA50' counted

2018-06-09 20:43:05 - [TEST_STEP][PASSED] - Statement - For ([g = 1, g <= BatchNumber - 1, (g++)]): null

2018-06-09 20:43:05 - [TEST_STEP][PASSED] - selectOptionByIndex: All options with index in [1] are selected on object 'Object Repository/PharmacyRequest/Page_Store/select_--Select--BA50'

2018-06-09 20:43:05 - [MESSAGE][PASSED] - All options with index in [1] are selected on object 'Object Repository/PharmacyRequest/Page_Store/select_--Select--BA50'

2018-06-09 20:43:05 - [TEST_STEP][PASSED] - delay: Delayed 1 second(s)

2018-06-09 20:43:06 - [MESSAGE][PASSED] - Delayed 1 second(s)

2018-06-09 20:43:06 - [TEST_STEP][PASSED] - Statement - StockQty = com.kms.katalon.core.webui.keyword.WebUiBuiltInKeywords.getAttribute(com.kms.katalon.core.testobject.ObjectRepository.findTestObject(PharmacyRequest/Page_Store/input_txtprice), "value"): Attribute 'value' of object 'Object Repository/PharmacyRequest/Page_Store/input_txtprice' is: '380'

2018-06-09 20:43:06 - [MESSAGE][PASSED] - Attribute 'value' of object 'Object Repository/PharmacyRequest/Page_Store/input_txtprice' is: '380'

2018-06-09 20:43:06 - [TEST_STEP][PASSED] - Statement - out.println("Stock QTY : " + StockQty): null

2018-06-09 20:43:06 - [TEST_STEP][PASSED] - delay: Delayed 1 second(s)

2018-06-09 20:43:07 - [MESSAGE][PASSED] - Delayed 1 second(s)

2018-06-09 20:43:07 - [TEST_STEP][PASSED] - Statement - If (java.lang.Integer.valueOf(StockQty) >= java.lang.Integer.valueOf(RequestedQty)): null

2018-06-09 20:43:07 - [TEST_STEP][PASSED] - setText: Text '10' is set on object 'Object Repository/PharmacyRequest/Page_Store/input_txtqty'

2018-06-09 20:43:07 - [MESSAGE][PASSED] - Text '10' is set on object 'Object Repository/PharmacyRequest/Page_Store/input_txtqty'

2018-06-09 20:43:07 - [TEST_STEP][PASSED] - click: Object: 'Object Repository/PharmacyRequest/Page_Store/button_Add' is clicked on

2018-06-09 20:43:07 - [MESSAGE][PASSED] - Object: 'Object Repository/PharmacyRequest/Page_Store/button_Add' is clicked on

2018-06-09 20:43:07 - [TEST_STEP][PASSED] - Statement - Break: null

2018-06-09 20:43:07 - [TEST_STEP][PASSED] - selectOptionByIndex: All options with index in [9] are selected on object 'Object Repository/PharmacyRequest/Page_Store/select_--Select--Amlodepin -5'

2018-06-09 20:43:08 - [MESSAGE][PASSED] - All options with index in [9] are selected on object 'Object Repository/PharmacyRequest/Page_Store/select_--Select--Amlodepin -5'

2018-06-09 20:43:08 - [TEST_STEP][PASSED] - delay: Delayed 1 second(s)

2018-06-09 20:43:09 - [MESSAGE][PASSED] - Delayed 1 second(s)

2018-06-09 20:43:09 - [TEST_STEP][PASSED] - Statement - RequestedQty = com.kms.katalon.core.webui.keyword.WebUiBuiltInKeywords.getAttribute(com.kms.katalon.core.testobject.ObjectRepository.findTestObject(PharmacyRequest/Page_Store/input_txttotal), "value"): Attribute 'value' of object 'Object Repository/PharmacyRequest/Page_Store/input_txttotal' is: '10'

2018-06-09 20:43:09 - [MESSAGE][PASSED] - Attribute 'value' of object 'Object Repository/PharmacyRequest/Page_Store/input_txttotal' is: '10'

2018-06-09 20:43:09 - [TEST_STEP][PASSED] - Statement - out.println("Requested QTY : " + RequestedQty): null

2018-06-09 20:43:09 - [TEST_STEP][PASSED] - Statement - BatchNumber = com.kms.katalon.core.webui.keyword.WebUiBuiltInKeywords.getNumberOfTotalOption(com.kms.katalon.core.testobject.ObjectRepository.findTestObject(PharmacyRequest/Page_Store/select_--Select--BA50)): 2 options of object 'Object Repository/PharmacyRequest/Page_Store/select_--Select--BA50' counted

2018-06-09 20:43:09 - [MESSAGE][PASSED] - 2 options of object 'Object Repository/PharmacyRequest/Page_Store/select_--Select--BA50' counted

2018-06-09 20:43:09 - [TEST_STEP][PASSED] - Statement - For ([g = 1, g <= BatchNumber - 1, (g++)]): null

2018-06-09 20:43:09 - [TEST_STEP][PASSED] - selectOptionByIndex: All options with index in [1] are selected on object 'Object Repository/PharmacyRequest/Page_Store/select_--Select--BA50'

2018-06-09 20:43:09 - [MESSAGE][PASSED] - All options with index in [1] are selected on object 'Object Repository/PharmacyRequest/Page_Store/select_--Select--BA50'

2018-06-09 20:43:09 - [TEST_STEP][PASSED] - delay: Delayed 1 second(s)

2018-06-09 20:43:10 - [MESSAGE][PASSED] - Delayed 1 second(s)

2018-06-09 20:43:10 - [TEST_STEP][PASSED] - Statement - StockQty = com.kms.katalon.core.webui.keyword.WebUiBuiltInKeywords.getAttribute(com.kms.katalon.core.testobject.ObjectRepository.findTestObject(PharmacyRequest/Page_Store/input_txtprice), "value"): Attribute 'value' of object 'Object Repository/PharmacyRequest/Page_Store/input_txtprice' is: '890'

2018-06-09 20:43:10 - [MESSAGE][PASSED] - Attribute 'value' of object 'Object Repository/PharmacyRequest/Page_Store/input_txtprice' is: '890'

2018-06-09 20:43:10 - [TEST_STEP][PASSED] - Statement - out.println("Stock QTY : " + StockQty): null

2018-06-09 20:43:10 - [TEST_STEP][PASSED] - delay: Delayed 1 second(s)

2018-06-09 20:43:11 - [MESSAGE][PASSED] - Delayed 1 second(s)

2018-06-09 20:43:11 - [TEST_STEP][PASSED] - Statement - If (java.lang.Integer.valueOf(StockQty) >= java.lang.Integer.valueOf(RequestedQty)): null

2018-06-09 20:43:11 - [TEST_STEP][PASSED] - setText: Text '10' is set on object 'Object Repository/PharmacyRequest/Page_Store/input_txtqty'

2018-06-09 20:43:11 - [MESSAGE][PASSED] - Text '10' is set on object 'Object Repository/PharmacyRequest/Page_Store/input_txtqty'

2018-06-09 20:43:11 - [TEST_STEP][PASSED] - click: Object: 'Object Repository/PharmacyRequest/Page_Store/button_Add' is clicked on

2018-06-09 20:43:11 - [MESSAGE][PASSED] - Object: 'Object Repository/PharmacyRequest/Page_Store/button_Add' is clicked on

2018-06-09 20:43:11 - [TEST_STEP][PASSED] - Statement - Break: null

2018-06-09 20:43:11 - [TEST_STEP][PASSED] - selectOptionByIndex: All options with index in [10] are selected on object 'Object Repository/PharmacyRequest/Page_Store/select_--Select--Amlodepin -5'

2018-06-09 20:43:11 - [MESSAGE][PASSED] - All options with index in [10] are selected on object 'Object Repository/PharmacyRequest/Page_Store/select_--Select--Amlodepin -5'

2018-06-09 20:43:11 - [TEST_STEP][PASSED] - delay: Delayed 1 second(s)

2018-06-09 20:43:12 - [MESSAGE][PASSED] - Delayed 1 second(s)

2018-06-09 20:43:12 - [TEST_STEP][PASSED] - Statement - RequestedQty = com.kms.katalon.core.webui.keyword.WebUiBuiltInKeywords.getAttribute(com.kms.katalon.core.testobject.ObjectRepository.findTestObject(PharmacyRequest/Page_Store/input_txttotal), "value"): Attribute 'value' of object 'Object Repository/PharmacyRequest/Page_Store/input_txttotal' is: '10'

2018-06-09 20:43:12 - [MESSAGE][PASSED] - Attribute 'value' of object 'Object Repository/PharmacyRequest/Page_Store/input_txttotal' is: '10'

2018-06-09 20:43:12 - [TEST_STEP][PASSED] - Statement - out.println("Requested QTY : " + RequestedQty): null

2018-06-09 20:43:12 - [TEST_STEP][PASSED] - Statement - BatchNumber = com.kms.katalon.core.webui.keyword.WebUiBuiltInKeywords.getNumberOfTotalOption(com.kms.katalon.core.testobject.ObjectRepository.findTestObject(PharmacyRequest/Page_Store/select_--Select--BA50)): 2 options of object 'Object Repository/PharmacyRequest/Page_Store/select_--Select--BA50' counted

2018-06-09 20:43:12 - [MESSAGE][PASSED] - 2 options of object 'Object Repository/PharmacyRequest/Page_Store/select_--Select--BA50' counted

2018-06-09 20:43:12 - [TEST_STEP][PASSED] - Statement - For ([g = 1, g <= BatchNumber - 1, (g++)]): null

2018-06-09 20:43:12 - [TEST_STEP][PASSED] - selectOptionByIndex: All options with index in [1] are selected on object 'Object Repository/PharmacyRequest/Page_Store/select_--Select--BA50'

2018-06-09 20:43:12 - [MESSAGE][PASSED] - All options with index in [1] are selected on object 'Object Repository/PharmacyRequest/Page_Store/select_--Select--BA50'

2018-06-09 20:43:12 - [TEST_STEP][PASSED] - delay: Delayed 1 second(s)

2018-06-09 20:43:13 - [MESSAGE][PASSED] - Delayed 1 second(s)

2018-06-09 20:43:13 - [TEST_STEP][PASSED] - Statement - StockQty = com.kms.katalon.core.webui.keyword.WebUiBuiltInKeywords.getAttribute(com.kms.katalon.core.testobject.ObjectRepository.findTestObject(PharmacyRequest/Page_Store/input_txtprice), "value"): Attribute 'value' of object 'Object Repository/PharmacyRequest/Page_Store/input_txtprice' is: '880'

2018-06-09 20:43:13 - [MESSAGE][PASSED] - Attribute 'value' of object 'Object Repository/PharmacyRequest/Page_Store/input_txtprice' is: '880'

2018-06-09 20:43:13 - [TEST_STEP][PASSED] - Statement - out.println("Stock QTY : " + StockQty): null

2018-06-09 20:43:13 - [TEST_STEP][PASSED] - delay: Delayed 1 second(s)

2018-06-09 20:43:14 - [MESSAGE][PASSED] - Delayed 1 second(s)

2018-06-09 20:43:14 - [TEST_STEP][PASSED] - Statement - If (java.lang.Integer.valueOf(StockQty) >= java.lang.Integer.valueOf(RequestedQty)): null

2018-06-09 20:43:14 - [TEST_STEP][PASSED] - setText: Text '10' is set on object 'Object Repository/PharmacyRequest/Page_Store/input_txtqty'

2018-06-09 20:43:14 - [MESSAGE][PASSED] - Text '10' is set on object 'Object Repository/PharmacyRequest/Page_Store/input_txtqty'

2018-06-09 20:43:14 - [TEST_STEP][PASSED] - click: Object: 'Object Repository/PharmacyRequest/Page_Store/button_Add' is clicked on

2018-06-09 20:43:15 - [MESSAGE][PASSED] - Object: 'Object Repository/PharmacyRequest/Page_Store/button_Add' is clicked on

2018-06-09 20:43:15 - [TEST_STEP][PASSED] - Statement - Break: null

2018-06-09 20:43:15 - [TEST_STEP][PASSED] - selectOptionByIndex: All options with index in [11] are selected on object 'Object Repository/PharmacyRequest/Page_Store/select_--Select--Amlodepin -5'

2018-06-09 20:43:15 - [MESSAGE][PASSED] - All options with index in [11] are selected on object 'Object Repository/PharmacyRequest/Page_Store/select_--Select--Amlodepin -5'

2018-06-09 20:43:15 - [TEST_STEP][PASSED] - delay: Delayed 1 second(s)

2018-06-09 20:43:16 - [MESSAGE][PASSED] - Delayed 1 second(s)

2018-06-09 20:43:16 - [TEST_STEP][PASSED] - Statement - RequestedQty = com.kms.katalon.core.webui.keyword.WebUiBuiltInKeywords.getAttribute(com.kms.katalon.core.testobject.ObjectRepository.findTestObject(PharmacyRequest/Page_Store/input_txttotal), "value"): Attribute 'value' of object 'Object Repository/PharmacyRequest/Page_Store/input_txttotal' is: '10'

2018-06-09 20:43:16 - [MESSAGE][PASSED] - Attribute 'value' of object 'Object Repository/PharmacyRequest/Page_Store/input_txttotal' is: '10'

2018-06-09 20:43:16 - [TEST_STEP][PASSED] - Statement - out.println("Requested QTY : " + RequestedQty): null

2018-06-09 20:43:16 - [TEST_STEP][PASSED] - Statement - BatchNumber = com.kms.katalon.core.webui.keyword.WebUiBuiltInKeywords.getNumberOfTotalOption(com.kms.katalon.core.testobject.ObjectRepository.findTestObject(PharmacyRequest/Page_Store/select_--Select--BA50)): 3 options of object 'Object Repository/PharmacyRequest/Page_Store/select_--Select--BA50' counted

2018-06-09 20:43:16 - [MESSAGE][PASSED] - 3 options of object 'Object Repository/PharmacyRequest/Page_Store/select_--Select--BA50' counted

2018-06-09 20:43:16 - [TEST_STEP][PASSED] - Statement - For ([g = 1, g <= BatchNumber - 1, (g++)]): null

2018-06-09 20:43:16 - [TEST_STEP][PASSED] - selectOptionByIndex: All options with index in [1] are selected on object 'Object Repository/PharmacyRequest/Page_Store/select_--Select--BA50'

2018-06-09 20:43:16 - [MESSAGE][PASSED] - All options with index in [1] are selected on object 'Object Repository/PharmacyRequest/Page_Store/select_--Select--BA50'

2018-06-09 20:43:16 - [TEST_STEP][PASSED] - delay: Delayed 1 second(s)

2018-06-09 20:43:17 - [MESSAGE][PASSED] - Delayed 1 second(s)

2018-06-09 20:43:17 - [TEST_STEP][PASSED] - Statement - StockQty = com.kms.katalon.core.webui.keyword.WebUiBuiltInKeywords.getAttribute(com.kms.katalon.core.testobject.ObjectRepository.findTestObject(PharmacyRequest/Page_Store/input_txtprice), "value"): Attribute 'value' of object 'Object Repository/PharmacyRequest/Page_Store/input_txtprice' is: '480'

2018-06-09 20:43:17 - [MESSAGE][PASSED] - Attribute 'value' of object 'Object Repository/PharmacyRequest/Page_Store/input_txtprice' is: '480'

2018-06-09 20:43:17 - [TEST_STEP][PASSED] - Statement - out.println("Stock QTY : " + StockQty): null

2018-06-09 20:43:17 - [TEST_STEP][PASSED] - delay: Delayed 1 second(s)

2018-06-09 20:43:18 - [MESSAGE][PASSED] - Delayed 1 second(s)

2018-06-09 20:43:18 - [TEST_STEP][PASSED] - Statement - If (java.lang.Integer.valueOf(StockQty) >= java.lang.Integer.valueOf(RequestedQty)): null

2018-06-09 20:43:18 - [TEST_STEP][PASSED] - setText: Text '10' is set on object 'Object Repository/PharmacyRequest/Page_Store/input_txtqty'

2018-06-09 20:43:18 - [MESSAGE][PASSED] - Text '10' is set on object 'Object Repository/PharmacyRequest/Page_Store/input_txtqty'

2018-06-09 20:43:18 - [TEST_STEP][PASSED] - click: Object: 'Object Repository/PharmacyRequest/Page_Store/button_Add' is clicked on

2018-06-09 20:43:18 - [MESSAGE][PASSED] - Object: 'Object Repository/PharmacyRequest/Page_Store/button_Add' is clicked on

2018-06-09 20:43:18 - [TEST_STEP][PASSED] - Statement - Break: null

2018-06-09 20:43:18 - [TEST_STEP][PASSED] - selectOptionByIndex: All options with index in [12] are selected on object 'Object Repository/PharmacyRequest/Page_Store/select_--Select--Amlodepin -5'

2018-06-09 20:43:18 - [MESSAGE][PASSED] - All options with index in [12] are selected on object 'Object Repository/PharmacyRequest/Page_Store/select_--Select--Amlodepin -5'

2018-06-09 20:43:18 - [TEST_STEP][PASSED] - delay: Delayed 1 second(s)

2018-06-09 20:43:19 - [MESSAGE][PASSED] - Delayed 1 second(s)

2018-06-09 20:43:19 - [TEST_STEP][PASSED] - Statement - RequestedQty = com.kms.katalon.core.webui.keyword.WebUiBuiltInKeywords.getAttribute(com.kms.katalon.core.testobject.ObjectRepository.findTestObject(PharmacyRequest/Page_Store/input_txttotal), "value"): Attribute 'value' of object 'Object Repository/PharmacyRequest/Page_Store/input_txttotal' is: '10'

2018-06-09 20:43:19 - [MESSAGE][PASSED] - Attribute 'value' of object 'Object Repository/PharmacyRequest/Page_Store/input_txttotal' is: '10'

2018-06-09 20:43:19 - [TEST_STEP][PASSED] - Statement - out.println("Requested QTY : " + RequestedQty): null

2018-06-09 20:43:19 - [TEST_STEP][PASSED] - Statement - BatchNumber = com.kms.katalon.core.webui.keyword.WebUiBuiltInKeywords.getNumberOfTotalOption(com.kms.katalon.core.testobject.ObjectRepository.findTestObject(PharmacyRequest/Page_Store/select_--Select--BA50)): 3 options of object 'Object Repository/PharmacyRequest/Page_Store/select_--Select--BA50' counted

2018-06-09 20:43:19 - [MESSAGE][PASSED] - 3 options of object 'Object Repository/PharmacyRequest/Page_Store/select_--Select--BA50' counted

2018-06-09 20:43:19 - [TEST_STEP][PASSED] - Statement - For ([g = 1, g <= BatchNumber - 1, (g++)]): null

2018-06-09 20:43:19 - [TEST_STEP][PASSED] - selectOptionByIndex: All options with index in [1] are selected on object 'Object Repository/PharmacyRequest/Page_Store/select_--Select--BA50'

2018-06-09 20:43:20 - [MESSAGE][PASSED] - All options with index in [1] are selected on object 'Object Repository/PharmacyRequest/Page_Store/select_--Select--BA50'

2018-06-09 20:43:20 - [TEST_STEP][PASSED] - delay: Delayed 1 second(s)

2018-06-09 20:43:21 - [MESSAGE][PASSED] - Delayed 1 second(s)

2018-06-09 20:43:21 - [TEST_STEP][PASSED] - Statement - StockQty = com.kms.katalon.core.webui.keyword.WebUiBuiltInKeywords.getAttribute(com.kms.katalon.core.testobject.ObjectRepository.findTestObject(PharmacyRequest/Page_Store/input_txtprice), "value"): Attribute 'value' of object 'Object Repository/PharmacyRequest/Page_Store/input_txtprice' is: '480'

2018-06-09 20:43:21 - [MESSAGE][PASSED] - Attribute 'value' of object 'Object Repository/PharmacyRequest/Page_Store/input_txtprice' is: '480'

2018-06-09 20:43:21 - [TEST_STEP][PASSED] - Statement - out.println("Stock QTY : " + StockQty): null

2018-06-09 20:43:21 - [TEST_STEP][PASSED] - delay: Delayed 1 second(s)

2018-06-09 20:43:22 - [MESSAGE][PASSED] - Delayed 1 second(s)

2018-06-09 20:43:22 - [TEST_STEP][PASSED] - Statement - If (java.lang.Integer.valueOf(StockQty) >= java.lang.Integer.valueOf(RequestedQty)): null

2018-06-09 20:43:22 - [TEST_STEP][PASSED] - setText: Text '10' is set on object 'Object Repository/PharmacyRequest/Page_Store/input_txtqty'

2018-06-09 20:43:22 - [MESSAGE][PASSED] - Text '10' is set on object 'Object Repository/PharmacyRequest/Page_Store/input_txtqty'

2018-06-09 20:43:22 - [TEST_STEP][PASSED] - click: Object: 'Object Repository/PharmacyRequest/Page_Store/button_Add' is clicked on

2018-06-09 20:43:22 - [MESSAGE][PASSED] - Object: 'Object Repository/PharmacyRequest/Page_Store/button_Add' is clicked on

2018-06-09 20:43:22 - [TEST_STEP][PASSED] - Statement - Break: null

2018-06-09 20:43:22 - [TEST_STEP][PASSED] - selectOptionByIndex: All options with index in [13] are selected on object 'Object Repository/PharmacyRequest/Page_Store/select_--Select--Amlodepin -5'

2018-06-09 20:43:22 - [MESSAGE][PASSED] - All options with index in [13] are selected on object 'Object Repository/PharmacyRequest/Page_Store/select_--Select--Amlodepin -5'

2018-06-09 20:43:22 - [TEST_STEP][PASSED] - delay: Delayed 1 second(s)

2018-06-09 20:43:23 - [MESSAGE][PASSED] - Delayed 1 second(s)

2018-06-09 20:43:23 - [TEST_STEP][PASSED] - Statement - RequestedQty = com.kms.katalon.core.webui.keyword.WebUiBuiltInKeywords.getAttribute(com.kms.katalon.core.testobject.ObjectRepository.findTestObject(PharmacyRequest/Page_Store/input_txttotal), "value"): Attribute 'value' of object 'Object Repository/PharmacyRequest/Page_Store/input_txttotal' is: '10'

2018-06-09 20:43:23 - [MESSAGE][PASSED] - Attribute 'value' of object 'Object Repository/PharmacyRequest/Page_Store/input_txttotal' is: '10'

2018-06-09 20:43:23 - [TEST_STEP][PASSED] - Statement - out.println("Requested QTY : " + RequestedQty): null

2018-06-09 20:43:23 - [TEST_STEP][PASSED] - Statement - BatchNumber = com.kms.katalon.core.webui.keyword.WebUiBuiltInKeywords.getNumberOfTotalOption(com.kms.katalon.core.testobject.ObjectRepository.findTestObject(PharmacyRequest/Page_Store/select_--Select--BA50)): 4 options of object 'Object Repository/PharmacyRequest/Page_Store/select_--Select--BA50' counted

2018-06-09 20:43:23 - [MESSAGE][PASSED] - 4 options of object 'Object Repository/PharmacyRequest/Page_Store/select_--Select--BA50' counted

2018-06-09 20:43:23 - [TEST_STEP][PASSED] - Statement - For ([g = 1, g <= BatchNumber - 1, (g++)]): null

2018-06-09 20:43:23 - [TEST_STEP][PASSED] - selectOptionByIndex: All options with index in [1] are selected on object 'Object Repository/PharmacyRequest/Page_Store/select_--Select--BA50'

2018-06-09 20:43:23 - [MESSAGE][PASSED] - All options with index in [1] are selected on object 'Object Repository/PharmacyRequest/Page_Store/select_--Select--BA50'

2018-06-09 20:43:23 - [TEST_STEP][PASSED] - delay: Delayed 1 second(s)

2018-06-09 20:43:24 - [MESSAGE][PASSED] - Delayed 1 second(s)

2018-06-09 20:43:24 - [TEST_STEP][PASSED] - Statement - StockQty = com.kms.katalon.core.webui.keyword.WebUiBuiltInKeywords.getAttribute(com.kms.katalon.core.testobject.ObjectRepository.findTestObject(PharmacyRequest/Page_Store/input_txtprice), "value"): Attribute 'value' of object 'Object Repository/PharmacyRequest/Page_Store/input_txtprice' is: '480'

2018-06-09 20:43:24 - [MESSAGE][PASSED] - Attribute 'value' of object 'Object Repository/PharmacyRequest/Page_Store/input_txtprice' is: '480'

2018-06-09 20:43:24 - [TEST_STEP][PASSED] - Statement - out.println("Stock QTY : " + StockQty): null

2018-06-09 20:43:24 - [TEST_STEP][PASSED] - delay: Delayed 1 second(s)

2018-06-09 20:43:25 - [MESSAGE][PASSED] - Delayed 1 second(s)

2018-06-09 20:43:25 - [TEST_STEP][PASSED] - Statement - If (java.lang.Integer.valueOf(StockQty) >= java.lang.Integer.valueOf(RequestedQty)): null

2018-06-09 20:43:25 - [TEST_STEP][PASSED] - setText: Text '10' is set on object 'Object Repository/PharmacyRequest/Page_Store/input_txtqty'

2018-06-09 20:43:25 - [MESSAGE][PASSED] - Text '10' is set on object 'Object Repository/PharmacyRequest/Page_Store/input_txtqty'

2018-06-09 20:43:25 - [TEST_STEP][PASSED] - click: Object: 'Object Repository/PharmacyRequest/Page_Store/button_Add' is clicked on

2018-06-09 20:43:25 - [MESSAGE][PASSED] - Object: 'Object Repository/PharmacyRequest/Page_Store/button_Add' is clicked on

2018-06-09 20:43:25 - [TEST_STEP][PASSED] - Statement - Break: null

2018-06-09 20:43:25 - [TEST_STEP][PASSED] - selectOptionByIndex: All options with index in [14] are selected on object 'Object Repository/PharmacyRequest/Page_Store/select_--Select--Amlodepin -5'

2018-06-09 20:43:26 - [MESSAGE][PASSED] - All options with index in [14] are selected on object 'Object Repository/PharmacyRequest/Page_Store/select_--Select--Amlodepin -5'

2018-06-09 20:43:26 - [TEST_STEP][PASSED] - delay: Delayed 1 second(s)

2018-06-09 20:43:27 - [MESSAGE][PASSED] - Delayed 1 second(s)

2018-06-09 20:43:27 - [TEST_STEP][PASSED] - Statement - RequestedQty = com.kms.katalon.core.webui.keyword.WebUiBuiltInKeywords.getAttribute(com.kms.katalon.core.testobject.ObjectRepository.findTestObject(PharmacyRequest/Page_Store/input_txttotal), "value"): Attribute 'value' of object 'Object Repository/PharmacyRequest/Page_Store/input_txttotal' is: '10'

2018-06-09 20:43:27 - [MESSAGE][PASSED] - Attribute 'value' of object 'Object Repository/PharmacyRequest/Page_Store/input_txttotal' is: '10'

2018-06-09 20:43:27 - [TEST_STEP][PASSED] - Statement - out.println("Requested QTY : " + RequestedQty): null

2018-06-09 20:43:27 - [TEST_STEP][PASSED] - Statement - BatchNumber = com.kms.katalon.core.webui.keyword.WebUiBuiltInKeywords.getNumberOfTotalOption(com.kms.katalon.core.testobject.ObjectRepository.findTestObject(PharmacyRequest/Page_Store/select_--Select--BA50)): 2 options of object 'Object Repository/PharmacyRequest/Page_Store/select_--Select--BA50' counted

2018-06-09 20:43:27 - [MESSAGE][PASSED] - 2 options of object 'Object Repository/PharmacyRequest/Page_Store/select_--Select--BA50' counted

2018-06-09 20:43:27 - [TEST_STEP][PASSED] - Statement - For ([g = 1, g <= BatchNumber - 1, (g++)]): null

2018-06-09 20:43:27 - [TEST_STEP][PASSED] - selectOptionByIndex: All options with index in [1] are selected on object 'Object Repository/PharmacyRequest/Page_Store/select_--Select--BA50'

2018-06-09 20:43:27 - [MESSAGE][PASSED] - All options with index in [1] are selected on object 'Object Repository/PharmacyRequest/Page_Store/select_--Select--BA50'

2018-06-09 20:43:27 - [TEST_STEP][PASSED] - delay: Delayed 1 second(s)

2018-06-09 20:43:28 - [MESSAGE][PASSED] - Delayed 1 second(s)

2018-06-09 20:43:28 - [TEST_STEP][PASSED] - Statement - StockQty = com.kms.katalon.core.webui.keyword.WebUiBuiltInKeywords.getAttribute(com.kms.katalon.core.testobject.ObjectRepository.findTestObject(PharmacyRequest/Page_Store/input_txtprice), "value"): Attribute 'value' of object 'Object Repository/PharmacyRequest/Page_Store/input_txtprice' is: '880'

2018-06-09 20:43:28 - [MESSAGE][PASSED] - Attribute 'value' of object 'Object Repository/PharmacyRequest/Page_Store/input_txtprice' is: '880'

2018-06-09 20:43:28 - [TEST_STEP][PASSED] - Statement - out.println("Stock QTY : " + StockQty): null

2018-06-09 20:43:28 - [TEST_STEP][PASSED] - delay: Delayed 1 second(s)

2018-06-09 20:43:29 - [MESSAGE][PASSED] - Delayed 1 second(s)

2018-06-09 20:43:29 - [TEST_STEP][PASSED] - Statement - If (java.lang.Integer.valueOf(StockQty) >= java.lang.Integer.valueOf(RequestedQty)): null

2018-06-09 20:43:29 - [TEST_STEP][PASSED] - setText: Text '10' is set on object 'Object Repository/PharmacyRequest/Page_Store/input_txtqty'

2018-06-09 20:43:29 - [MESSAGE][PASSED] - Text '10' is set on object 'Object Repository/PharmacyRequest/Page_Store/input_txtqty'

2018-06-09 20:43:29 - [TEST_STEP][PASSED] - click: Object: 'Object Repository/PharmacyRequest/Page_Store/button_Add' is clicked on

2018-06-09 20:43:29 - [MESSAGE][PASSED] - Object: 'Object Repository/PharmacyRequest/Page_Store/button_Add' is clicked on

2018-06-09 20:43:29 - [TEST_STEP][PASSED] - Statement - Break: null

2018-06-09 20:43:29 - [TEST_STEP][PASSED] - selectOptionByIndex: All options with index in [15] are selected on object 'Object Repository/PharmacyRequest/Page_Store/select_--Select--Amlodepin -5'

2018-06-09 20:43:29 - [MESSAGE][PASSED] - All options with index in [15] are selected on object 'Object Repository/PharmacyRequest/Page_Store/select_--Select--Amlodepin -5'

2018-06-09 20:43:29 - [TEST_STEP][PASSED] - delay: Delayed 1 second(s)

2018-06-09 20:43:30 - [MESSAGE][PASSED] - Delayed 1 second(s)

2018-06-09 20:43:30 - [TEST_STEP][PASSED] - Statement - RequestedQty = com.kms.katalon.core.webui.keyword.WebUiBuiltInKeywords.getAttribute(com.kms.katalon.core.testobject.ObjectRepository.findTestObject(PharmacyRequest/Page_Store/input_txttotal), "value"): Attribute 'value' of object 'Object Repository/PharmacyRequest/Page_Store/input_txttotal' is: '10'

2018-06-09 20:43:30 - [MESSAGE][PASSED] - Attribute 'value' of object 'Object Repository/PharmacyRequest/Page_Store/input_txttotal' is: '10'

2018-06-09 20:43:30 - [TEST_STEP][PASSED] - Statement - out.println("Requested QTY : " + RequestedQty): null

2018-06-09 20:43:30 - [TEST_STEP][PASSED] - Statement - BatchNumber = com.kms.katalon.core.webui.keyword.WebUiBuiltInKeywords.getNumberOfTotalOption(com.kms.katalon.core.testobject.ObjectRepository.findTestObject(PharmacyRequest/Page_Store/select_--Select--BA50)): 2 options of object 'Object Repository/PharmacyRequest/Page_Store/select_--Select--BA50' counted

2018-06-09 20:43:30 - [MESSAGE][PASSED] - 2 options of object 'Object Repository/PharmacyRequest/Page_Store/select_--Select--BA50' counted

2018-06-09 20:43:30 - [TEST_STEP][PASSED] - Statement - For ([g = 1, g <= BatchNumber - 1, (g++)]): null

2018-06-09 20:43:30 - [TEST_STEP][PASSED] - selectOptionByIndex: All options with index in [1] are selected on object 'Object Repository/PharmacyRequest/Page_Store/select_--Select--BA50'

2018-06-09 20:43:30 - [MESSAGE][PASSED] - All options with index in [1] are selected on object 'Object Repository/PharmacyRequest/Page_Store/select_--Select--BA50'

2018-06-09 20:43:30 - [TEST_STEP][PASSED] - delay: Delayed 1 second(s)

2018-06-09 20:43:31 - [MESSAGE][PASSED] - Delayed 1 second(s)

2018-06-09 20:43:31 - [TEST_STEP][PASSED] - Statement - StockQty = com.kms.katalon.core.webui.keyword.WebUiBuiltInKeywords.getAttribute(com.kms.katalon.core.testobject.ObjectRepository.findTestObject(PharmacyRequest/Page_Store/input_txtprice), "value"): Attribute 'value' of object 'Object Repository/PharmacyRequest/Page_Store/input_txtprice' is: '880'

2018-06-09 20:43:32 - [MESSAGE][PASSED] - Attribute 'value' of object 'Object Repository/PharmacyRequest/Page_Store/input_txtprice' is: '880'

2018-06-09 20:43:32 - [TEST_STEP][PASSED] - Statement - out.println("Stock QTY : " + StockQty): null

2018-06-09 20:43:32 - [TEST_STEP][PASSED] - delay: Delayed 1 second(s)

2018-06-09 20:43:33 - [MESSAGE][PASSED] - Delayed 1 second(s)

2018-06-09 20:43:33 - [TEST_STEP][PASSED] - Statement - If (java.lang.Integer.valueOf(StockQty) >= java.lang.Integer.valueOf(RequestedQty)): null

2018-06-09 20:43:33 - [TEST_STEP][PASSED] - setText: Text '10' is set on object 'Object Repository/PharmacyRequest/Page_Store/input_txtqty'

2018-06-09 20:43:33 - [MESSAGE][PASSED] - Text '10' is set on object 'Object Repository/PharmacyRequest/Page_Store/input_txtqty'

2018-06-09 20:43:33 - [TEST_STEP][PASSED] - click: Object: 'Object Repository/PharmacyRequest/Page_Store/button_Add' is clicked on

2018-06-09 20:43:33 - [MESSAGE][PASSED] - Object: 'Object Repository/PharmacyRequest/Page_Store/button_Add' is clicked on

2018-06-09 20:43:33 - [TEST_STEP][PASSED] - Statement - Break: null

2018-06-09 20:43:33 - [TEST_STEP][PASSED] - selectOptionByIndex: All options with index in [16] are selected on object 'Object Repository/PharmacyRequest/Page_Store/select_--Select--Amlodepin -5'

2018-06-09 20:43:33 - [MESSAGE][PASSED] - All options with index in [16] are selected on object 'Object Repository/PharmacyRequest/Page_Store/select_--Select--Amlodepin -5'

2018-06-09 20:43:33 - [TEST_STEP][PASSED] - delay: Delayed 1 second(s)

2018-06-09 20:43:34 - [MESSAGE][PASSED] - Delayed 1 second(s)

2018-06-09 20:43:34 - [TEST_STEP][PASSED] - Statement - RequestedQty = com.kms.katalon.core.webui.keyword.WebUiBuiltInKeywords.getAttribute(com.kms.katalon.core.testobject.ObjectRepository.findTestObject(PharmacyRequest/Page_Store/input_txttotal), "value"): Attribute 'value' of object 'Object Repository/PharmacyRequest/Page_Store/input_txttotal' is: '10'

2018-06-09 20:43:34 - [MESSAGE][PASSED] - Attribute 'value' of object 'Object Repository/PharmacyRequest/Page_Store/input_txttotal' is: '10'

2018-06-09 20:43:34 - [TEST_STEP][PASSED] - Statement - out.println("Requested QTY : " + RequestedQty): null

2018-06-09 20:43:34 - [TEST_STEP][PASSED] - Statement - BatchNumber = com.kms.katalon.core.webui.keyword.WebUiBuiltInKeywords.getNumberOfTotalOption(com.kms.katalon.core.testobject.ObjectRepository.findTestObject(PharmacyRequest/Page_Store/select_--Select--BA50)): 3 options of object 'Object Repository/PharmacyRequest/Page_Store/select_--Select--BA50' counted

2018-06-09 20:43:34 - [MESSAGE][PASSED] - 3 options of object 'Object Repository/PharmacyRequest/Page_Store/select_--Select--BA50' counted

2018-06-09 20:43:34 - [TEST_STEP][PASSED] - Statement - For ([g = 1, g <= BatchNumber - 1, (g++)]): null

2018-06-09 20:43:34 - [TEST_STEP][PASSED] - selectOptionByIndex: All options with index in [1] are selected on object 'Object Repository/PharmacyRequest/Page_Store/select_--Select--BA50'

2018-06-09 20:43:34 - [MESSAGE][PASSED] - All options with index in [1] are selected on object 'Object Repository/PharmacyRequest/Page_Store/select_--Select--BA50'

2018-06-09 20:43:34 - [TEST_STEP][PASSED] - delay: Delayed 1 second(s)

2018-06-09 20:43:35 - [MESSAGE][PASSED] - Delayed 1 second(s)

2018-06-09 20:43:35 - [TEST_STEP][PASSED] - Statement - StockQty = com.kms.katalon.core.webui.keyword.WebUiBuiltInKeywords.getAttribute(com.kms.katalon.core.testobject.ObjectRepository.findTestObject(PharmacyRequest/Page_Store/input_txtprice), "value"): Attribute 'value' of object 'Object Repository/PharmacyRequest/Page_Store/input_txtprice' is: '380'

2018-06-09 20:43:35 - [MESSAGE][PASSED] - Attribute 'value' of object 'Object Repository/PharmacyRequest/Page_Store/input_txtprice' is: '380'

2018-06-09 20:43:35 - [TEST_STEP][PASSED] - Statement - out.println("Stock QTY : " + StockQty): null

2018-06-09 20:43:35 - [TEST_STEP][PASSED] - delay: Delayed 1 second(s)

2018-06-09 20:43:36 - [MESSAGE][PASSED] - Delayed 1 second(s)

2018-06-09 20:43:36 - [TEST_STEP][PASSED] - Statement - If (java.lang.Integer.valueOf(StockQty) >= java.lang.Integer.valueOf(RequestedQty)): null

2018-06-09 20:43:36 - [TEST_STEP][PASSED] - setText: Text '10' is set on object 'Object Repository/PharmacyRequest/Page_Store/input_txtqty'

2018-06-09 20:43:36 - [MESSAGE][PASSED] - Text '10' is set on object 'Object Repository/PharmacyRequest/Page_Store/input_txtqty'

2018-06-09 20:43:36 - [TEST_STEP][PASSED] - click: Object: 'Object Repository/PharmacyRequest/Page_Store/button_Add' is clicked on

2018-06-09 20:43:36 - [MESSAGE][PASSED] - Object: 'Object Repository/PharmacyRequest/Page_Store/button_Add' is clicked on

2018-06-09 20:43:36 - [TEST_STEP][PASSED] - Statement - Break: null

2018-06-09 20:43:36 - [TEST_STEP][PASSED] - selectOptionByIndex: All options with index in [17] are selected on object 'Object Repository/PharmacyRequest/Page_Store/select_--Select--Amlodepin -5'

2018-06-09 20:43:37 - [MESSAGE][PASSED] - All options with index in [17] are selected on object 'Object Repository/PharmacyRequest/Page_Store/select_--Select--Amlodepin -5'

2018-06-09 20:43:37 - [TEST_STEP][PASSED] - delay: Delayed 1 second(s)

2018-06-09 20:43:38 - [MESSAGE][PASSED] - Delayed 1 second(s)

2018-06-09 20:43:38 - [TEST_STEP][PASSED] - Statement - RequestedQty = com.kms.katalon.core.webui.keyword.WebUiBuiltInKeywords.getAttribute(com.kms.katalon.core.testobject.ObjectRepository.findTestObject(PharmacyRequest/Page_Store/input_txttotal), "value"): Attribute 'value' of object 'Object Repository/PharmacyRequest/Page_Store/input_txttotal' is: '10'

2018-06-09 20:43:38 - [MESSAGE][PASSED] - Attribute 'value' of object 'Object Repository/PharmacyRequest/Page_Store/input_txttotal' is: '10'

2018-06-09 20:43:38 - [TEST_STEP][PASSED] - Statement - out.println("Requested QTY : " + RequestedQty): null

2018-06-09 20:43:38 - [TEST_STEP][PASSED] - Statement - BatchNumber = com.kms.katalon.core.webui.keyword.WebUiBuiltInKeywords.getNumberOfTotalOption(com.kms.katalon.core.testobject.ObjectRepository.findTestObject(PharmacyRequest/Page_Store/select_--Select--BA50)): 2 options of object 'Object Repository/PharmacyRequest/Page_Store/select_--Select--BA50' counted

2018-06-09 20:43:38 - [MESSAGE][PASSED] - 2 options of object 'Object Repository/PharmacyRequest/Page_Store/select_--Select--BA50' counted

2018-06-09 20:43:38 - [TEST_STEP][PASSED] - Statement - For ([g = 1, g <= BatchNumber - 1, (g++)]): null

2018-06-09 20:43:38 - [TEST_STEP][PASSED] - selectOptionByIndex: All options with index in [1] are selected on object 'Object Repository/PharmacyRequest/Page_Store/select_--Select--BA50'

2018-06-09 20:43:38 - [MESSAGE][PASSED] - All options with index in [1] are selected on object 'Object Repository/PharmacyRequest/Page_Store/select_--Select--BA50'

2018-06-09 20:43:38 - [TEST_STEP][PASSED] - delay: Delayed 1 second(s)

2018-06-09 20:43:39 - [MESSAGE][PASSED] - Delayed 1 second(s)

2018-06-09 20:43:39 - [TEST_STEP][PASSED] - Statement - StockQty = com.kms.katalon.core.webui.keyword.WebUiBuiltInKeywords.getAttribute(com.kms.katalon.core.testobject.ObjectRepository.findTestObject(PharmacyRequest/Page_Store/input_txtprice), "value"): Attribute 'value' of object 'Object Repository/PharmacyRequest/Page_Store/input_txtprice' is: '880'

2018-06-09 20:43:39 - [MESSAGE][PASSED] - Attribute 'value' of object 'Object Repository/PharmacyRequest/Page_Store/input_txtprice' is: '880'

2018-06-09 20:43:39 - [TEST_STEP][PASSED] - Statement - out.println("Stock QTY : " + StockQty): null

2018-06-09 20:43:39 - [TEST_STEP][PASSED] - delay: Delayed 1 second(s)

2018-06-09 20:43:40 - [MESSAGE][PASSED] - Delayed 1 second(s)

2018-06-09 20:43:40 - [TEST_STEP][PASSED] - Statement - If (java.lang.Integer.valueOf(StockQty) >= java.lang.Integer.valueOf(RequestedQty)): null

2018-06-09 20:43:40 - [TEST_STEP][PASSED] - setText: Text '10' is set on object 'Object Repository/PharmacyRequest/Page_Store/input_txtqty'

2018-06-09 20:43:40 - [MESSAGE][PASSED] - Text '10' is set on object 'Object Repository/PharmacyRequest/Page_Store/input_txtqty'

2018-06-09 20:43:40 - [TEST_STEP][PASSED] - click: Object: 'Object Repository/PharmacyRequest/Page_Store/button_Add' is clicked on

2018-06-09 20:43:40 - [MESSAGE][PASSED] - Object: 'Object Repository/PharmacyRequest/Page_Store/button_Add' is clicked on

2018-06-09 20:43:40 - [TEST_STEP][PASSED] - Statement - Break: null

2018-06-09 20:43:40 - [TEST_STEP][PASSED] - selectOptionByIndex: All options with index in [18] are selected on object 'Object Repository/PharmacyRequest/Page_Store/select_--Select--Amlodepin -5'

2018-06-09 20:43:40 - [MESSAGE][PASSED] - All options with index in [18] are selected on object 'Object Repository/PharmacyRequest/Page_Store/select_--Select--Amlodepin -5'

2018-06-09 20:43:40 - [TEST_STEP][PASSED] - delay: Delayed 1 second(s)

2018-06-09 20:43:41 - [MESSAGE][PASSED] - Delayed 1 second(s)

2018-06-09 20:43:41 - [TEST_STEP][PASSED] - Statement - RequestedQty = com.kms.katalon.core.webui.keyword.WebUiBuiltInKeywords.getAttribute(com.kms.katalon.core.testobject.ObjectRepository.findTestObject(PharmacyRequest/Page_Store/input_txttotal), "value"): Attribute 'value' of object 'Object Repository/PharmacyRequest/Page_Store/input_txttotal' is: '10'

2018-06-09 20:43:41 - [MESSAGE][PASSED] - Attribute 'value' of object 'Object Repository/PharmacyRequest/Page_Store/input_txttotal' is: '10'

2018-06-09 20:43:41 - [TEST_STEP][PASSED] - Statement - out.println("Requested QTY : " + RequestedQty): null

2018-06-09 20:43:41 - [TEST_STEP][PASSED] - Statement - BatchNumber = com.kms.katalon.core.webui.keyword.WebUiBuiltInKeywords.getNumberOfTotalOption(com.kms.katalon.core.testobject.ObjectRepository.findTestObject(PharmacyRequest/Page_Store/select_--Select--BA50)): 2 options of object 'Object Repository/PharmacyRequest/Page_Store/select_--Select--BA50' counted

2018-06-09 20:43:41 - [MESSAGE][PASSED] - 2 options of object 'Object Repository/PharmacyRequest/Page_Store/select_--Select--BA50' counted

2018-06-09 20:43:41 - [TEST_STEP][PASSED] - Statement - For ([g = 1, g <= BatchNumber - 1, (g++)]): null

2018-06-09 20:43:41 - [TEST_STEP][PASSED] - selectOptionByIndex: All options with index in [1] are selected on object 'Object Repository/PharmacyRequest/Page_Store/select_--Select--BA50'

2018-06-09 20:43:41 - [MESSAGE][PASSED] - All options with index in [1] are selected on object 'Object Repository/PharmacyRequest/Page_Store/select_--Select--BA50'

2018-06-09 20:43:41 - [TEST_STEP][PASSED] - delay: Delayed 1 second(s)

2018-06-09 20:43:42 - [MESSAGE][PASSED] - Delayed 1 second(s)

2018-06-09 20:43:42 - [TEST_STEP][PASSED] - Statement - StockQty = com.kms.katalon.core.webui.keyword.WebUiBuiltInKeywords.getAttribute(com.kms.katalon.core.testobject.ObjectRepository.findTestObject(PharmacyRequest/Page_Store/input_txtprice), "value"): Attribute 'value' of object 'Object Repository/PharmacyRequest/Page_Store/input_txtprice' is: '880'

2018-06-09 20:43:42 - [MESSAGE][PASSED] - Attribute 'value' of object 'Object Repository/PharmacyRequest/Page_Store/input_txtprice' is: '880'

2018-06-09 20:43:42 - [TEST_STEP][PASSED] - Statement - out.println("Stock QTY : " + StockQty): null

2018-06-09 20:43:42 - [TEST_STEP][PASSED] - delay: Delayed 1 second(s)

2018-06-09 20:43:43 - [MESSAGE][PASSED] - Delayed 1 second(s)

2018-06-09 20:43:43 - [TEST_STEP][PASSED] - Statement - If (java.lang.Integer.valueOf(StockQty) >= java.lang.Integer.valueOf(RequestedQty)): null

2018-06-09 20:43:43 - [TEST_STEP][PASSED] - setText: Text '10' is set on object 'Object Repository/PharmacyRequest/Page_Store/input_txtqty'

2018-06-09 20:43:43 - [MESSAGE][PASSED] - Text '10' is set on object 'Object Repository/PharmacyRequest/Page_Store/input_txtqty'

2018-06-09 20:43:43 - [TEST_STEP][PASSED] - click: Object: 'Object Repository/PharmacyRequest/Page_Store/button_Add' is clicked on

2018-06-09 20:43:44 - [MESSAGE][PASSED] - Object: 'Object Repository/PharmacyRequest/Page_Store/button_Add' is clicked on

2018-06-09 20:43:44 - [TEST_STEP][PASSED] - Statement - Break: null

2018-06-09 20:43:44 - [TEST_STEP][PASSED] - selectOptionByIndex: All options with index in [19] are selected on object 'Object Repository/PharmacyRequest/Page_Store/select_--Select--Amlodepin -5'

2018-06-09 20:43:44 - [MESSAGE][PASSED] - All options with index in [19] are selected on object 'Object Repository/PharmacyRequest/Page_Store/select_--Select--Amlodepin -5'

2018-06-09 20:43:44 - [TEST_STEP][PASSED] - delay: Delayed 1 second(s)

2018-06-09 20:43:45 - [MESSAGE][PASSED] - Delayed 1 second(s)

2018-06-09 20:43:45 - [TEST_STEP][PASSED] - Statement - RequestedQty = com.kms.katalon.core.webui.keyword.WebUiBuiltInKeywords.getAttribute(com.kms.katalon.core.testobject.ObjectRepository.findTestObject(PharmacyRequest/Page_Store/input_txttotal), "value"): Attribute 'value' of object 'Object Repository/PharmacyRequest/Page_Store/input_txttotal' is: '10'

2018-06-09 20:43:45 - [MESSAGE][PASSED] - Attribute 'value' of object 'Object Repository/PharmacyRequest/Page_Store/input_txttotal' is: '10'

2018-06-09 20:43:45 - [TEST_STEP][PASSED] - Statement - out.println("Requested QTY : " + RequestedQty): null

2018-06-09 20:43:45 - [TEST_STEP][PASSED] - Statement - BatchNumber = com.kms.katalon.core.webui.keyword.WebUiBuiltInKeywords.getNumberOfTotalOption(com.kms.katalon.core.testobject.ObjectRepository.findTestObject(PharmacyRequest/Page_Store/select_--Select--BA50)): 3 options of object 'Object Repository/PharmacyRequest/Page_Store/select_--Select--BA50' counted

2018-06-09 20:43:45 - [MESSAGE][PASSED] - 3 options of object 'Object Repository/PharmacyRequest/Page_Store/select_--Select--BA50' counted

2018-06-09 20:43:45 - [TEST_STEP][PASSED] - Statement - For ([g = 1, g <= BatchNumber - 1, (g++)]): null

2018-06-09 20:43:45 - [TEST_STEP][PASSED] - selectOptionByIndex: All options with index in [1] are selected on object 'Object Repository/PharmacyRequest/Page_Store/select_--Select--BA50'

2018-06-09 20:43:45 - [MESSAGE][PASSED] - All options with index in [1] are selected on object 'Object Repository/PharmacyRequest/Page_Store/select_--Select--BA50'

2018-06-09 20:43:45 - [TEST_STEP][PASSED] - delay: Delayed 1 second(s)

2018-06-09 20:43:46 - [MESSAGE][PASSED] - Delayed 1 second(s)

2018-06-09 20:43:46 - [TEST_STEP][PASSED] - Statement - StockQty = com.kms.katalon.core.webui.keyword.WebUiBuiltInKeywords.getAttribute(com.kms.katalon.core.testobject.ObjectRepository.findTestObject(PharmacyRequest/Page_Store/input_txtprice), "value"): Attribute 'value' of object 'Object Repository/PharmacyRequest/Page_Store/input_txtprice' is: '100'

2018-06-09 20:43:46 - [MESSAGE][PASSED] - Attribute 'value' of object 'Object Repository/PharmacyRequest/Page_Store/input_txtprice' is: '100'

2018-06-09 20:43:46 - [TEST_STEP][PASSED] - Statement - out.println("Stock QTY : " + StockQty): null

2018-06-09 20:43:46 - [TEST_STEP][PASSED] - delay: Delayed 1 second(s)

2018-06-09 20:43:47 - [MESSAGE][PASSED] - Delayed 1 second(s)

2018-06-09 20:43:47 - [TEST_STEP][PASSED] - Statement - If (java.lang.Integer.valueOf(StockQty) >= java.lang.Integer.valueOf(RequestedQty)): null

2018-06-09 20:43:47 - [TEST_STEP][PASSED] - setText: Text '10' is set on object 'Object Repository/PharmacyRequest/Page_Store/input_txtqty'

2018-06-09 20:43:47 - [MESSAGE][PASSED] - Text '10' is set on object 'Object Repository/PharmacyRequest/Page_Store/input_txtqty'

2018-06-09 20:43:47 - [TEST_STEP][PASSED] - click: Object: 'Object Repository/PharmacyRequest/Page_Store/button_Add' is clicked on

2018-06-09 20:43:47 - [MESSAGE][PASSED] - Object: 'Object Repository/PharmacyRequest/Page_Store/button_Add' is clicked on

2018-06-09 20:43:47 - [TEST_STEP][PASSED] - Statement - Break: null

2018-06-09 20:43:47 - [TEST_STEP][PASSED] - selectOptionByIndex: All options with index in [20] are selected on object 'Object Repository/PharmacyRequest/Page_Store/select_--Select--Amlodepin -5'

2018-06-09 20:43:47 - [MESSAGE][PASSED] - All options with index in [20] are selected on object 'Object Repository/PharmacyRequest/Page_Store/select_--Select--Amlodepin -5'

2018-06-09 20:43:47 - [TEST_STEP][PASSED] - delay: Delayed 1 second(s)

2018-06-09 20:43:48 - [MESSAGE][PASSED] - Delayed 1 second(s)

2018-06-09 20:43:48 - [TEST_STEP][PASSED] - Statement - RequestedQty = com.kms.katalon.core.webui.keyword.WebUiBuiltInKeywords.getAttribute(com.kms.katalon.core.testobject.ObjectRepository.findTestObject(PharmacyRequest/Page_Store/input_txttotal), "value"): Attribute 'value' of object 'Object Repository/PharmacyRequest/Page_Store/input_txttotal' is: '10'

2018-06-09 20:43:49 - [MESSAGE][PASSED] - Attribute 'value' of object 'Object Repository/PharmacyRequest/Page_Store/input_txttotal' is: '10'

2018-06-09 20:43:49 - [TEST_STEP][PASSED] - Statement - out.println("Requested QTY : " + RequestedQty): null

2018-06-09 20:43:49 - [TEST_STEP][PASSED] - Statement - BatchNumber = com.kms.katalon.core.webui.keyword.WebUiBuiltInKeywords.getNumberOfTotalOption(com.kms.katalon.core.testobject.ObjectRepository.findTestObject(PharmacyRequest/Page_Store/select_--Select--BA50)): 2 options of object 'Object Repository/PharmacyRequest/Page_Store/select_--Select--BA50' counted

2018-06-09 20:43:49 - [MESSAGE][PASSED] - 2 options of object 'Object Repository/PharmacyRequest/Page_Store/select_--Select--BA50' counted

2018-06-09 20:43:49 - [TEST_STEP][PASSED] - Statement - For ([g = 1, g <= BatchNumber - 1, (g++)]): null

2018-06-09 20:43:49 - [TEST_STEP][PASSED] - selectOptionByIndex: All options with index in [1] are selected on object 'Object Repository/PharmacyRequest/Page_Store/select_--Select--BA50'

2018-06-09 20:43:49 - [MESSAGE][PASSED] - All options with index in [1] are selected on object 'Object Repository/PharmacyRequest/Page_Store/select_--Select--BA50'

2018-06-09 20:43:49 - [TEST_STEP][PASSED] - delay: Delayed 1 second(s)

2018-06-09 20:43:50 - [MESSAGE][PASSED] - Delayed 1 second(s)

2018-06-09 20:43:50 - [TEST_STEP][PASSED] - Statement - StockQty = com.kms.katalon.core.webui.keyword.WebUiBuiltInKeywords.getAttribute(com.kms.katalon.core.testobject.ObjectRepository.findTestObject(PharmacyRequest/Page_Store/input_txtprice), "value"): Attribute 'value' of object 'Object Repository/PharmacyRequest/Page_Store/input_txtprice' is: '880'

2018-06-09 20:43:50 - [MESSAGE][PASSED] - Attribute 'value' of object 'Object Repository/PharmacyRequest/Page_Store/input_txtprice' is: '880'

2018-06-09 20:43:50 - [TEST_STEP][PASSED] - Statement - out.println("Stock QTY : " + StockQty): null

2018-06-09 20:43:50 - [TEST_STEP][PASSED] - delay: Delayed 1 second(s)

2018-06-09 20:43:51 - [MESSAGE][PASSED] - Delayed 1 second(s)

2018-06-09 20:43:51 - [TEST_STEP][PASSED] - Statement - If (java.lang.Integer.valueOf(StockQty) >= java.lang.Integer.valueOf(RequestedQty)): null

2018-06-09 20:43:51 - [TEST_STEP][PASSED] - setText: Text '10' is set on object 'Object Repository/PharmacyRequest/Page_Store/input_txtqty'

2018-06-09 20:43:51 - [MESSAGE][PASSED] - Text '10' is set on object 'Object Repository/PharmacyRequest/Page_Store/input_txtqty'

2018-06-09 20:43:51 - [TEST_STEP][PASSED] - click: Object: 'Object Repository/PharmacyRequest/Page_Store/button_Add' is clicked on

2018-06-09 20:43:51 - [MESSAGE][PASSED] - Object: 'Object Repository/PharmacyRequest/Page_Store/button_Add' is clicked on

2018-06-09 20:43:51 - [TEST_STEP][PASSED] - Statement - Break: null

2018-06-09 20:43:51 - [TEST_STEP][PASSED] - selectOptionByIndex: All options with index in [21] are selected on object 'Object Repository/PharmacyRequest/Page_Store/select_--Select--Amlodepin -5'

2018-06-09 20:43:51 - [MESSAGE][PASSED] - All options with index in [21] are selected on object 'Object Repository/PharmacyRequest/Page_Store/select_--Select--Amlodepin -5'

2018-06-09 20:43:51 - [TEST_STEP][PASSED] - delay: Delayed 1 second(s)

2018-06-09 20:43:52 - [MESSAGE][PASSED] - Delayed 1 second(s)

2018-06-09 20:43:52 - [TEST_STEP][PASSED] - Statement - RequestedQty = com.kms.katalon.core.webui.keyword.WebUiBuiltInKeywords.getAttribute(com.kms.katalon.core.testobject.ObjectRepository.findTestObject(PharmacyRequest/Page_Store/input_txttotal), "value"): Attribute 'value' of object 'Object Repository/PharmacyRequest/Page_Store/input_txttotal' is: '10'

2018-06-09 20:43:52 - [MESSAGE][PASSED] - Attribute 'value' of object 'Object Repository/PharmacyRequest/Page_Store/input_txttotal' is: '10'

2018-06-09 20:43:52 - [TEST_STEP][PASSED] - Statement - out.println("Requested QTY : " + RequestedQty): null

2018-06-09 20:43:52 - [TEST_STEP][PASSED] - Statement - BatchNumber = com.kms.katalon.core.webui.keyword.WebUiBuiltInKeywords.getNumberOfTotalOption(com.kms.katalon.core.testobject.ObjectRepository.findTestObject(PharmacyRequest/Page_Store/select_--Select--BA50)): 2 options of object 'Object Repository/PharmacyRequest/Page_Store/select_--Select--BA50' counted

2018-06-09 20:43:52 - [MESSAGE][PASSED] - 2 options of object 'Object Repository/PharmacyRequest/Page_Store/select_--Select--BA50' counted

2018-06-09 20:43:52 - [TEST_STEP][PASSED] - Statement - For ([g = 1, g <= BatchNumber - 1, (g++)]): null

2018-06-09 20:43:52 - [TEST_STEP][PASSED] - selectOptionByIndex: All options with index in [1] are selected on object 'Object Repository/PharmacyRequest/Page_Store/select_--Select--BA50'

2018-06-09 20:43:52 - [MESSAGE][PASSED] - All options with index in [1] are selected on object 'Object Repository/PharmacyRequest/Page_Store/select_--Select--BA50'

2018-06-09 20:43:52 - [TEST_STEP][PASSED] - delay: Delayed 1 second(s)

2018-06-09 20:43:53 - [MESSAGE][PASSED] - Delayed 1 second(s)

2018-06-09 20:43:53 - [TEST_STEP][PASSED] - Statement - StockQty = com.kms.katalon.core.webui.keyword.WebUiBuiltInKeywords.getAttribute(com.kms.katalon.core.testobject.ObjectRepository.findTestObject(PharmacyRequest/Page_Store/input_txtprice), "value"): Attribute 'value' of object 'Object Repository/PharmacyRequest/Page_Store/input_txtprice' is: '890'

2018-06-09 20:43:53 - [MESSAGE][PASSED] - Attribute 'value' of object 'Object Repository/PharmacyRequest/Page_Store/input_txtprice' is: '890'

2018-06-09 20:43:53 - [TEST_STEP][PASSED] - Statement - out.println("Stock QTY : " + StockQty): null

2018-06-09 20:43:53 - [TEST_STEP][PASSED] - delay: Delayed 1 second(s)

2018-06-09 20:43:54 - [MESSAGE][PASSED] - Delayed 1 second(s)

2018-06-09 20:43:54 - [TEST_STEP][PASSED] - Statement - If (java.lang.Integer.valueOf(StockQty) >= java.lang.Integer.valueOf(RequestedQty)): null

2018-06-09 20:43:54 - [TEST_STEP][PASSED] - setText: Text '10' is set on object 'Object Repository/PharmacyRequest/Page_Store/input_txtqty'

2018-06-09 20:43:54 - [MESSAGE][PASSED] - Text '10' is set on object 'Object Repository/PharmacyRequest/Page_Store/input_txtqty'

2018-06-09 20:43:54 - [TEST_STEP][PASSED] - click: Object: 'Object Repository/PharmacyRequest/Page_Store/button_Add' is clicked on

2018-06-09 20:43:55 - [MESSAGE][PASSED] - Object: 'Object Repository/PharmacyRequest/Page_Store/button_Add' is clicked on

2018-06-09 20:43:55 - [TEST_STEP][PASSED] - Statement - Break: null

2018-06-09 20:43:55 - [TEST_STEP][PASSED] - selectOptionByIndex: All options with index in [22] are selected on object 'Object Repository/PharmacyRequest/Page_Store/select_--Select--Amlodepin -5'

2018-06-09 20:43:55 - [MESSAGE][PASSED] - All options with index in [22] are selected on object 'Object Repository/PharmacyRequest/Page_Store/select_--Select--Amlodepin -5'

2018-06-09 20:43:55 - [TEST_STEP][PASSED] - delay: Delayed 1 second(s)

2018-06-09 20:43:56 - [MESSAGE][PASSED] - Delayed 1 second(s)

2018-06-09 20:43:56 - [TEST_STEP][PASSED] - Statement - RequestedQty = com.kms.katalon.core.webui.keyword.WebUiBuiltInKeywords.getAttribute(com.kms.katalon.core.testobject.ObjectRepository.findTestObject(PharmacyRequest/Page_Store/input_txttotal), "value"): Attribute 'value' of object 'Object Repository/PharmacyRequest/Page_Store/input_txttotal' is: '10'

2018-06-09 20:43:56 - [MESSAGE][PASSED] - Attribute 'value' of object 'Object Repository/PharmacyRequest/Page_Store/input_txttotal' is: '10'

2018-06-09 20:43:56 - [TEST_STEP][PASSED] - Statement - out.println("Requested QTY : " + RequestedQty): null

2018-06-09 20:43:56 - [TEST_STEP][PASSED] - Statement - BatchNumber = com.kms.katalon.core.webui.keyword.WebUiBuiltInKeywords.getNumberOfTotalOption(com.kms.katalon.core.testobject.ObjectRepository.findTestObject(PharmacyRequest/Page_Store/select_--Select--BA50)): 2 options of object 'Object Repository/PharmacyRequest/Page_Store/select_--Select--BA50' counted

2018-06-09 20:43:56 - [MESSAGE][PASSED] - 2 options of object 'Object Repository/PharmacyRequest/Page_Store/select_--Select--BA50' counted

2018-06-09 20:43:56 - [TEST_STEP][PASSED] - Statement - For ([g = 1, g <= BatchNumber - 1, (g++)]): null

2018-06-09 20:43:56 - [TEST_STEP][PASSED] - selectOptionByIndex: All options with index in [1] are selected on object 'Object Repository/PharmacyRequest/Page_Store/select_--Select--BA50'

2018-06-09 20:43:56 - [MESSAGE][PASSED] - All options with index in [1] are selected on object 'Object Repository/PharmacyRequest/Page_Store/select_--Select--BA50'

2018-06-09 20:43:56 - [TEST_STEP][PASSED] - delay: Delayed 1 second(s)

2018-06-09 20:43:57 - [MESSAGE][PASSED] - Delayed 1 second(s)

2018-06-09 20:43:57 - [TEST_STEP][PASSED] - Statement - StockQty = com.kms.katalon.core.webui.keyword.WebUiBuiltInKeywords.getAttribute(com.kms.katalon.core.testobject.ObjectRepository.findTestObject(PharmacyRequest/Page_Store/input_txtprice), "value"): Attribute 'value' of object 'Object Repository/PharmacyRequest/Page_Store/input_txtprice' is: '870'

2018-06-09 20:43:57 - [MESSAGE][PASSED] - Attribute 'value' of object 'Object Repository/PharmacyRequest/Page_Store/input_txtprice' is: '870'

2018-06-09 20:43:57 - [TEST_STEP][PASSED] - Statement - out.println("Stock QTY : " + StockQty): null

2018-06-09 20:43:57 - [TEST_STEP][PASSED] - delay: Delayed 1 second(s)

2018-06-09 20:43:58 - [MESSAGE][PASSED] - Delayed 1 second(s)

2018-06-09 20:43:58 - [TEST_STEP][PASSED] - Statement - If (java.lang.Integer.valueOf(StockQty) >= java.lang.Integer.valueOf(RequestedQty)): null

2018-06-09 20:43:58 - [TEST_STEP][PASSED] - setText: Text '10' is set on object 'Object Repository/PharmacyRequest/Page_Store/input_txtqty'

2018-06-09 20:43:58 - [MESSAGE][PASSED] - Text '10' is set on object 'Object Repository/PharmacyRequest/Page_Store/input_txtqty'

2018-06-09 20:43:58 - [TEST_STEP][PASSED] - click: Object: 'Object Repository/PharmacyRequest/Page_Store/button_Add' is clicked on

2018-06-09 20:43:58 - [MESSAGE][PASSED] - Object: 'Object Repository/PharmacyRequest/Page_Store/button_Add' is clicked on

2018-06-09 20:43:58 - [TEST_STEP][PASSED] - Statement - Break: null

2018-06-09 20:43:58 - [TEST_STEP][PASSED] - selectOptionByIndex: All options with index in [23] are selected on object 'Object Repository/PharmacyRequest/Page_Store/select_--Select--Amlodepin -5'

2018-06-09 20:43:58 - [MESSAGE][PASSED] - All options with index in [23] are selected on object 'Object Repository/PharmacyRequest/Page_Store/select_--Select--Amlodepin -5'

2018-06-09 20:43:58 - [TEST_STEP][PASSED] - delay: Delayed 1 second(s)

2018-06-09 20:43:59 - [MESSAGE][PASSED] - Delayed 1 second(s)

2018-06-09 20:43:59 - [TEST_STEP][PASSED] - Statement - RequestedQty = com.kms.katalon.core.webui.keyword.WebUiBuiltInKeywords.getAttribute(com.kms.katalon.core.testobject.ObjectRepository.findTestObject(PharmacyRequest/Page_Store/input_txttotal), "value"): Attribute 'value' of object 'Object Repository/PharmacyRequest/Page_Store/input_txttotal' is: '10'

2018-06-09 20:44:00 - [MESSAGE][PASSED] - Attribute 'value' of object 'Object Repository/PharmacyRequest/Page_Store/input_txttotal' is: '10'

2018-06-09 20:44:00 - [TEST_STEP][PASSED] - Statement - out.println("Requested QTY : " + RequestedQty): null

2018-06-09 20:44:00 - [TEST_STEP][PASSED] - Statement - BatchNumber = com.kms.katalon.core.webui.keyword.WebUiBuiltInKeywords.getNumberOfTotalOption(com.kms.katalon.core.testobject.ObjectRepository.findTestObject(PharmacyRequest/Page_Store/select_--Select--BA50)): 2 options of object 'Object Repository/PharmacyRequest/Page_Store/select_--Select--BA50' counted

2018-06-09 20:44:00 - [MESSAGE][PASSED] - 2 options of object 'Object Repository/PharmacyRequest/Page_Store/select_--Select--BA50' counted

2018-06-09 20:44:00 - [TEST_STEP][PASSED] - Statement - For ([g = 1, g <= BatchNumber - 1, (g++)]): null

2018-06-09 20:44:00 - [TEST_STEP][PASSED] - selectOptionByIndex: All options with index in [1] are selected on object 'Object Repository/PharmacyRequest/Page_Store/select_--Select--BA50'

2018-06-09 20:44:00 - [MESSAGE][PASSED] - All options with index in [1] are selected on object 'Object Repository/PharmacyRequest/Page_Store/select_--Select--BA50'

2018-06-09 20:44:00 - [TEST_STEP][PASSED] - delay: Delayed 1 second(s)

2018-06-09 20:44:01 - [MESSAGE][PASSED] - Delayed 1 second(s)

2018-06-09 20:44:01 - [TEST_STEP][PASSED] - Statement - StockQty = com.kms.katalon.core.webui.keyword.WebUiBuiltInKeywords.getAttribute(com.kms.katalon.core.testobject.ObjectRepository.findTestObject(PharmacyRequest/Page_Store/input_txtprice), "value"): Attribute 'value' of object 'Object Repository/PharmacyRequest/Page_Store/input_txtprice' is: '890'

2018-06-09 20:44:01 - [MESSAGE][PASSED] - Attribute 'value' of object 'Object Repository/PharmacyRequest/Page_Store/input_txtprice' is: '890'

2018-06-09 20:44:01 - [TEST_STEP][PASSED] - Statement - out.println("Stock QTY : " + StockQty): null

2018-06-09 20:44:01 - [TEST_STEP][PASSED] - delay: Delayed 1 second(s)

2018-06-09 20:44:02 - [MESSAGE][PASSED] - Delayed 1 second(s)

2018-06-09 20:44:02 - [TEST_STEP][PASSED] - Statement - If (java.lang.Integer.valueOf(StockQty) >= java.lang.Integer.valueOf(RequestedQty)): null

2018-06-09 20:44:02 - [TEST_STEP][PASSED] - setText: Text '10' is set on object 'Object Repository/PharmacyRequest/Page_Store/input_txtqty'

2018-06-09 20:44:02 - [MESSAGE][PASSED] - Text '10' is set on object 'Object Repository/PharmacyRequest/Page_Store/input_txtqty'

2018-06-09 20:44:02 - [TEST_STEP][PASSED] - click: Object: 'Object Repository/PharmacyRequest/Page_Store/button_Add' is clicked on

2018-06-09 20:44:02 - [MESSAGE][PASSED] - Object: 'Object Repository/PharmacyRequest/Page_Store/button_Add' is clicked on

2018-06-09 20:44:02 - [TEST_STEP][PASSED] - Statement - Break: null

2018-06-09 20:44:02 - [TEST_STEP][PASSED] - selectOptionByIndex: All options with index in [24] are selected on object 'Object Repository/PharmacyRequest/Page_Store/select_--Select--Amlodepin -5'

2018-06-09 20:44:02 - [MESSAGE][PASSED] - All options with index in [24] are selected on object 'Object Repository/PharmacyRequest/Page_Store/select_--Select--Amlodepin -5'

2018-06-09 20:44:02 - [TEST_STEP][PASSED] - delay: Delayed 1 second(s)

2018-06-09 20:44:03 - [MESSAGE][PASSED] - Delayed 1 second(s)

2018-06-09 20:44:03 - [TEST_STEP][PASSED] - Statement - RequestedQty = com.kms.katalon.core.webui.keyword.WebUiBuiltInKeywords.getAttribute(com.kms.katalon.core.testobject.ObjectRepository.findTestObject(PharmacyRequest/Page_Store/input_txttotal), "value"): Attribute 'value' of object 'Object Repository/PharmacyRequest/Page_Store/input_txttotal' is: '10'

2018-06-09 20:44:03 - [MESSAGE][PASSED] - Attribute 'value' of object 'Object Repository/PharmacyRequest/Page_Store/input_txttotal' is: '10'

2018-06-09 20:44:03 - [TEST_STEP][PASSED] - Statement - out.println("Requested QTY : " + RequestedQty): null

2018-06-09 20:44:03 - [TEST_STEP][PASSED] - Statement - BatchNumber = com.kms.katalon.core.webui.keyword.WebUiBuiltInKeywords.getNumberOfTotalOption(com.kms.katalon.core.testobject.ObjectRepository.findTestObject(PharmacyRequest/Page_Store/select_--Select--BA50)): 3 options of object 'Object Repository/PharmacyRequest/Page_Store/select_--Select--BA50' counted

2018-06-09 20:44:03 - [MESSAGE][PASSED] - 3 options of object 'Object Repository/PharmacyRequest/Page_Store/select_--Select--BA50' counted

2018-06-09 20:44:03 - [TEST_STEP][PASSED] - Statement - For ([g = 1, g <= BatchNumber - 1, (g++)]): null

2018-06-09 20:44:03 - [TEST_STEP][PASSED] - selectOptionByIndex: All options with index in [1] are selected on object 'Object Repository/PharmacyRequest/Page_Store/select_--Select--BA50'

2018-06-09 20:44:03 - [MESSAGE][PASSED] - All options with index in [1] are selected on object 'Object Repository/PharmacyRequest/Page_Store/select_--Select--BA50'

2018-06-09 20:44:03 - [TEST_STEP][PASSED] - delay: Delayed 1 second(s)

2018-06-09 20:44:04 - [MESSAGE][PASSED] - Delayed 1 second(s)

2018-06-09 20:44:04 - [TEST_STEP][PASSED] - Statement - StockQty = com.kms.katalon.core.webui.keyword.WebUiBuiltInKeywords.getAttribute(com.kms.katalon.core.testobject.ObjectRepository.findTestObject(PharmacyRequest/Page_Store/input_txtprice), "value"): Attribute 'value' of object 'Object Repository/PharmacyRequest/Page_Store/input_txtprice' is: '380'

2018-06-09 20:44:04 - [MESSAGE][PASSED] - Attribute 'value' of object 'Object Repository/PharmacyRequest/Page_Store/input_txtprice' is: '380'

2018-06-09 20:44:04 - [TEST_STEP][PASSED] - Statement - out.println("Stock QTY : " + StockQty): null

2018-06-09 20:44:04 - [TEST_STEP][PASSED] - delay: Delayed 1 second(s)

2018-06-09 20:44:05 - [MESSAGE][PASSED] - Delayed 1 second(s)

2018-06-09 20:44:05 - [TEST_STEP][PASSED] - Statement - If (java.lang.Integer.valueOf(StockQty) >= java.lang.Integer.valueOf(RequestedQty)): null

2018-06-09 20:44:05 - [TEST_STEP][PASSED] - setText: Text '10' is set on object 'Object Repository/PharmacyRequest/Page_Store/input_txtqty'

2018-06-09 20:44:06 - [MESSAGE][PASSED] - Text '10' is set on object 'Object Repository/PharmacyRequest/Page_Store/input_txtqty'

2018-06-09 20:44:06 - [TEST_STEP][PASSED] - click: Object: 'Object Repository/PharmacyRequest/Page_Store/button_Add' is clicked on

2018-06-09 20:44:06 - [MESSAGE][PASSED] - Object: 'Object Repository/PharmacyRequest/Page_Store/button_Add' is clicked on

2018-06-09 20:44:06 - [TEST_STEP][PASSED] - Statement - Break: null

2018-06-09 20:44:06 - [TEST_STEP][PASSED] - selectOptionByIndex: All options with index in [25] are selected on object 'Object Repository/PharmacyRequest/Page_Store/select_--Select--Amlodepin -5'

2018-06-09 20:44:06 - [MESSAGE][PASSED] - All options with index in [25] are selected on object 'Object Repository/PharmacyRequest/Page_Store/select_--Select--Amlodepin -5'

2018-06-09 20:44:06 - [TEST_STEP][PASSED] - delay: Delayed 1 second(s)

2018-06-09 20:44:07 - [MESSAGE][PASSED] - Delayed 1 second(s)

2018-06-09 20:44:07 - [TEST_STEP][PASSED] - Statement - RequestedQty = com.kms.katalon.core.webui.keyword.WebUiBuiltInKeywords.getAttribute(com.kms.katalon.core.testobject.ObjectRepository.findTestObject(PharmacyRequest/Page_Store/input_txttotal), "value"): Attribute 'value' of object 'Object Repository/PharmacyRequest/Page_Store/input_txttotal' is: '10'

2018-06-09 20:44:07 - [MESSAGE][PASSED] - Attribute 'value' of object 'Object Repository/PharmacyRequest/Page_Store/input_txttotal' is: '10'

2018-06-09 20:44:07 - [TEST_STEP][PASSED] - Statement - out.println("Requested QTY : " + RequestedQty): null

2018-06-09 20:44:07 - [TEST_STEP][PASSED] - Statement - BatchNumber = com.kms.katalon.core.webui.keyword.WebUiBuiltInKeywords.getNumberOfTotalOption(com.kms.katalon.core.testobject.ObjectRepository.findTestObject(PharmacyRequest/Page_Store/select_--Select--BA50)): 3 options of object 'Object Repository/PharmacyRequest/Page_Store/select_--Select--BA50' counted

2018-06-09 20:44:07 - [MESSAGE][PASSED] - 3 options of object 'Object Repository/PharmacyRequest/Page_Store/select_--Select--BA50' counted

2018-06-09 20:44:07 - [TEST_STEP][PASSED] - Statement - For ([g = 1, g <= BatchNumber - 1, (g++)]): null

2018-06-09 20:44:07 - [TEST_STEP][PASSED] - selectOptionByIndex: All options with index in [1] are selected on object 'Object Repository/PharmacyRequest/Page_Store/select_--Select--BA50'

2018-06-09 20:44:07 - [MESSAGE][PASSED] - All options with index in [1] are selected on object 'Object Repository/PharmacyRequest/Page_Store/select_--Select--BA50'

2018-06-09 20:44:07 - [TEST_STEP][PASSED] - delay: Delayed 1 second(s)

2018-06-09 20:44:08 - [MESSAGE][PASSED] - Delayed 1 second(s)

2018-06-09 20:44:08 - [TEST_STEP][PASSED] - Statement - StockQty = com.kms.katalon.core.webui.keyword.WebUiBuiltInKeywords.getAttribute(com.kms.katalon.core.testobject.ObjectRepository.findTestObject(PharmacyRequest/Page_Store/input_txtprice), "value"): Attribute 'value' of object 'Object Repository/PharmacyRequest/Page_Store/input_txtprice' is: '390'

2018-06-09 20:44:08 - [MESSAGE][PASSED] - Attribute 'value' of object 'Object Repository/PharmacyRequest/Page_Store/input_txtprice' is: '390'

2018-06-09 20:44:08 - [TEST_STEP][PASSED] - Statement - out.println("Stock QTY : " + StockQty): null

2018-06-09 20:44:08 - [TEST_STEP][PASSED] - delay: Delayed 1 second(s)

2018-06-09 20:44:09 - [MESSAGE][PASSED] - Delayed 1 second(s)

2018-06-09 20:44:09 - [TEST_STEP][PASSED] - Statement - If (java.lang.Integer.valueOf(StockQty) >= java.lang.Integer.valueOf(RequestedQty)): null

2018-06-09 20:44:09 - [TEST_STEP][PASSED] - setText: Text '10' is set on object 'Object Repository/PharmacyRequest/Page_Store/input_txtqty'

2018-06-09 20:44:09 - [MESSAGE][PASSED] - Text '10' is set on object 'Object Repository/PharmacyRequest/Page_Store/input_txtqty'

2018-06-09 20:44:09 - [TEST_STEP][PASSED] - click: Object: 'Object Repository/PharmacyRequest/Page_Store/button_Add' is clicked on

2018-06-09 20:44:09 - [MESSAGE][PASSED] - Object: 'Object Repository/PharmacyRequest/Page_Store/button_Add' is clicked on

2018-06-09 20:44:09 - [TEST_STEP][PASSED] - Statement - Break: null

2018-06-09 20:44:09 - [TEST_STEP][PASSED] - selectOptionByIndex: All options with index in [26] are selected on object 'Object Repository/PharmacyRequest/Page_Store/select_--Select--Amlodepin -5'

2018-06-09 20:44:10 - [MESSAGE][PASSED] - All options with index in [26] are selected on object 'Object Repository/PharmacyRequest/Page_Store/select_--Select--Amlodepin -5'

2018-06-09 20:44:10 - [TEST_STEP][PASSED] - delay: Delayed 1 second(s)

2018-06-09 20:44:11 - [MESSAGE][PASSED] - Delayed 1 second(s)

2018-06-09 20:44:11 - [TEST_STEP][PASSED] - Statement - RequestedQty = com.kms.katalon.core.webui.keyword.WebUiBuiltInKeywords.getAttribute(com.kms.katalon.core.testobject.ObjectRepository.findTestObject(PharmacyRequest/Page_Store/input_txttotal), "value"): Attribute 'value' of object 'Object Repository/PharmacyRequest/Page_Store/input_txttotal' is: '10'

2018-06-09 20:44:11 - [MESSAGE][PASSED] - Attribute 'value' of object 'Object Repository/PharmacyRequest/Page_Store/input_txttotal' is: '10'

2018-06-09 20:44:11 - [TEST_STEP][PASSED] - Statement - out.println("Requested QTY : " + RequestedQty): null

2018-06-09 20:44:11 - [TEST_STEP][PASSED] - Statement - BatchNumber = com.kms.katalon.core.webui.keyword.WebUiBuiltInKeywords.getNumberOfTotalOption(com.kms.katalon.core.testobject.ObjectRepository.findTestObject(PharmacyRequest/Page_Store/select_--Select--BA50)): 2 options of object 'Object Repository/PharmacyRequest/Page_Store/select_--Select--BA50' counted

2018-06-09 20:44:11 - [MESSAGE][PASSED] - 2 options of object 'Object Repository/PharmacyRequest/Page_Store/select_--Select--BA50' counted

2018-06-09 20:44:11 - [TEST_STEP][PASSED] - Statement - For ([g = 1, g <= BatchNumber - 1, (g++)]): null

2018-06-09 20:44:11 - [TEST_STEP][PASSED] - selectOptionByIndex: All options with index in [1] are selected on object 'Object Repository/PharmacyRequest/Page_Store/select_--Select--BA50'

2018-06-09 20:44:11 - [MESSAGE][PASSED] - All options with index in [1] are selected on object 'Object Repository/PharmacyRequest/Page_Store/select_--Select--BA50'

2018-06-09 20:44:11 - [TEST_STEP][PASSED] - delay: Delayed 1 second(s)

2018-06-09 20:44:12 - [MESSAGE][PASSED] - Delayed 1 second(s)

2018-06-09 20:44:12 - [TEST_STEP][PASSED] - Statement - StockQty = com.kms.katalon.core.webui.keyword.WebUiBuiltInKeywords.getAttribute(com.kms.katalon.core.testobject.ObjectRepository.findTestObject(PharmacyRequest/Page_Store/input_txtprice), "value"): Attribute 'value' of object 'Object Repository/PharmacyRequest/Page_Store/input_txtprice' is: '890'

2018-06-09 20:44:12 - [MESSAGE][PASSED] - Attribute 'value' of object 'Object Repository/PharmacyRequest/Page_Store/input_txtprice' is: '890'

2018-06-09 20:44:12 - [TEST_STEP][PASSED] - Statement - out.println("Stock QTY : " + StockQty): null

2018-06-09 20:44:12 - [TEST_STEP][PASSED] - delay: Delayed 1 second(s)

2018-06-09 20:44:13 - [MESSAGE][PASSED] - Delayed 1 second(s)

2018-06-09 20:44:13 - [TEST_STEP][PASSED] - Statement - If (java.lang.Integer.valueOf(StockQty) >= java.lang.Integer.valueOf(RequestedQty)): null

2018-06-09 20:44:13 - [TEST_STEP][PASSED] - setText: Text '10' is set on object 'Object Repository/PharmacyRequest/Page_Store/input_txtqty'

2018-06-09 20:44:13 - [MESSAGE][PASSED] - Text '10' is set on object 'Object Repository/PharmacyRequest/Page_Store/input_txtqty'

2018-06-09 20:44:13 - [TEST_STEP][PASSED] - click: Object: 'Object Repository/PharmacyRequest/Page_Store/button_Add' is clicked on

2018-06-09 20:44:13 - [MESSAGE][PASSED] - Object: 'Object Repository/PharmacyRequest/Page_Store/button_Add' is clicked on

2018-06-09 20:44:13 - [TEST_STEP][PASSED] - Statement - Break: null

2018-06-09 20:44:13 - [TEST_STEP][PASSED] - selectOptionByIndex: All options with index in [27] are selected on object 'Object Repository/PharmacyRequest/Page_Store/select_--Select--Amlodepin -5'

2018-06-09 20:44:14 - [MESSAGE][PASSED] - All options with index in [27] are selected on object 'Object Repository/PharmacyRequest/Page_Store/select_--Select--Amlodepin -5'

2018-06-09 20:44:14 - [TEST_STEP][PASSED] - delay: Delayed 1 second(s)

2018-06-09 20:44:15 - [MESSAGE][PASSED] - Delayed 1 second(s)

2018-06-09 20:44:15 - [TEST_STEP][PASSED] - Statement - RequestedQty = com.kms.katalon.core.webui.keyword.WebUiBuiltInKeywords.getAttribute(com.kms.katalon.core.testobject.ObjectRepository.findTestObject(PharmacyRequest/Page_Store/input_txttotal), "value"): Attribute 'value' of object 'Object Repository/PharmacyRequest/Page_Store/input_txttotal' is: '10'

2018-06-09 20:44:15 - [MESSAGE][PASSED] - Attribute 'value' of object 'Object Repository/PharmacyRequest/Page_Store/input_txttotal' is: '10'

2018-06-09 20:44:15 - [TEST_STEP][PASSED] - Statement - out.println("Requested QTY : " + RequestedQty): null

2018-06-09 20:44:15 - [TEST_STEP][PASSED] - Statement - BatchNumber = com.kms.katalon.core.webui.keyword.WebUiBuiltInKeywords.getNumberOfTotalOption(com.kms.katalon.core.testobject.ObjectRepository.findTestObject(PharmacyRequest/Page_Store/select_--Select--BA50)): 2 options of object 'Object Repository/PharmacyRequest/Page_Store/select_--Select--BA50' counted

2018-06-09 20:44:15 - [MESSAGE][PASSED] - 2 options of object 'Object Repository/PharmacyRequest/Page_Store/select_--Select--BA50' counted

2018-06-09 20:44:15 - [TEST_STEP][PASSED] - Statement - For ([g = 1, g <= BatchNumber - 1, (g++)]): null

2018-06-09 20:44:15 - [TEST_STEP][PASSED] - selectOptionByIndex: All options with index in [1] are selected on object 'Object Repository/PharmacyRequest/Page_Store/select_--Select--BA50'

2018-06-09 20:44:15 - [MESSAGE][PASSED] - All options with index in [1] are selected on object 'Object Repository/PharmacyRequest/Page_Store/select_--Select--BA50'

2018-06-09 20:44:15 - [TEST_STEP][PASSED] - delay: Delayed 1 second(s)

2018-06-09 20:44:16 - [MESSAGE][PASSED] - Delayed 1 second(s)

2018-06-09 20:44:16 - [TEST_STEP][PASSED] - Statement - StockQty = com.kms.katalon.core.webui.keyword.WebUiBuiltInKeywords.getAttribute(com.kms.katalon.core.testobject.ObjectRepository.findTestObject(PharmacyRequest/Page_Store/input_txtprice), "value"): Attribute 'value' of object 'Object Repository/PharmacyRequest/Page_Store/input_txtprice' is: '890'

2018-06-09 20:44:16 - [MESSAGE][PASSED] - Attribute 'value' of object 'Object Repository/PharmacyRequest/Page_Store/input_txtprice' is: '890'

2018-06-09 20:44:16 - [TEST_STEP][PASSED] - Statement - out.println("Stock QTY : " + StockQty): null

2018-06-09 20:44:16 - [TEST_STEP][PASSED] - delay: Delayed 1 second(s)

2018-06-09 20:44:17 - [MESSAGE][PASSED] - Delayed 1 second(s)

2018-06-09 20:44:17 - [TEST_STEP][PASSED] - Statement - If (java.lang.Integer.valueOf(StockQty) >= java.lang.Integer.valueOf(RequestedQty)): null

2018-06-09 20:44:17 - [TEST_STEP][PASSED] - setText: Text '10' is set on object 'Object Repository/PharmacyRequest/Page_Store/input_txtqty'

2018-06-09 20:44:17 - [MESSAGE][PASSED] - Text '10' is set on object 'Object Repository/PharmacyRequest/Page_Store/input_txtqty'

2018-06-09 20:44:17 - [TEST_STEP][PASSED] - click: Object: 'Object Repository/PharmacyRequest/Page_Store/button_Add' is clicked on

2018-06-09 20:44:17 - [MESSAGE][PASSED] - Object: 'Object Repository/PharmacyRequest/Page_Store/button_Add' is clicked on

2018-06-09 20:44:17 - [TEST_STEP][PASSED] - Statement - Break: null

2018-06-09 20:44:17 - [TEST_STEP][PASSED] - selectOptionByIndex: All options with index in [28] are selected on object 'Object Repository/PharmacyRequest/Page_Store/select_--Select--Amlodepin -5'

2018-06-09 20:44:17 - [MESSAGE][PASSED] - All options with index in [28] are selected on object 'Object Repository/PharmacyRequest/Page_Store/select_--Select--Amlodepin -5'

2018-06-09 20:44:17 - [TEST_STEP][PASSED] - delay: Delayed 1 second(s)

2018-06-09 20:44:18 - [MESSAGE][PASSED] - Delayed 1 second(s)

2018-06-09 20:44:18 - [TEST_STEP][PASSED] - Statement - RequestedQty = com.kms.katalon.core.webui.keyword.WebUiBuiltInKeywords.getAttribute(com.kms.katalon.core.testobject.ObjectRepository.findTestObject(PharmacyRequest/Page_Store/input_txttotal), "value"): Attribute 'value' of object 'Object Repository/PharmacyRequest/Page_Store/input_txttotal' is: '10'

2018-06-09 20:44:18 - [MESSAGE][PASSED] - Attribute 'value' of object 'Object Repository/PharmacyRequest/Page_Store/input_txttotal' is: '10'

2018-06-09 20:44:18 - [TEST_STEP][PASSED] - Statement - out.println("Requested QTY : " + RequestedQty): null

2018-06-09 20:44:18 - [TEST_STEP][PASSED] - Statement - BatchNumber = com.kms.katalon.core.webui.keyword.WebUiBuiltInKeywords.getNumberOfTotalOption(com.kms.katalon.core.testobject.ObjectRepository.findTestObject(PharmacyRequest/Page_Store/select_--Select--BA50)): 2 options of object 'Object Repository/PharmacyRequest/Page_Store/select_--Select--BA50' counted

2018-06-09 20:44:18 - [MESSAGE][PASSED] - 2 options of object 'Object Repository/PharmacyRequest/Page_Store/select_--Select--BA50' counted

2018-06-09 20:44:18 - [TEST_STEP][PASSED] - Statement - For ([g = 1, g <= BatchNumber - 1, (g++)]): null

2018-06-09 20:44:18 - [TEST_STEP][PASSED] - selectOptionByIndex: All options with index in [1] are selected on object 'Object Repository/PharmacyRequest/Page_Store/select_--Select--BA50'

2018-06-09 20:44:18 - [MESSAGE][PASSED] - All options with index in [1] are selected on object 'Object Repository/PharmacyRequest/Page_Store/select_--Select--BA50'

2018-06-09 20:44:18 - [TEST_STEP][PASSED] - delay: Delayed 1 second(s)

2018-06-09 20:44:19 - [MESSAGE][PASSED] - Delayed 1 second(s)

2018-06-09 20:44:19 - [TEST_STEP][PASSED] - Statement - StockQty = com.kms.katalon.core.webui.keyword.WebUiBuiltInKeywords.getAttribute(com.kms.katalon.core.testobject.ObjectRepository.findTestObject(PharmacyRequest/Page_Store/input_txtprice), "value"): Attribute 'value' of object 'Object Repository/PharmacyRequest/Page_Store/input_txtprice' is: '890'

2018-06-09 20:44:19 - [MESSAGE][PASSED] - Attribute 'value' of object 'Object Repository/PharmacyRequest/Page_Store/input_txtprice' is: '890'

2018-06-09 20:44:19 - [TEST_STEP][PASSED] - Statement - out.println("Stock QTY : " + StockQty): null

2018-06-09 20:44:19 - [TEST_STEP][PASSED] - delay: Delayed 1 second(s)

2018-06-09 20:44:20 - [MESSAGE][PASSED] - Delayed 1 second(s)

2018-06-09 20:44:20 - [TEST_STEP][PASSED] - Statement - If (java.lang.Integer.valueOf(StockQty) >= java.lang.Integer.valueOf(RequestedQty)): null

2018-06-09 20:44:20 - [TEST_STEP][PASSED] - setText: Text '10' is set on object 'Object Repository/PharmacyRequest/Page_Store/input_txtqty'

2018-06-09 20:44:21 - [MESSAGE][PASSED] - Text '10' is set on object 'Object Repository/PharmacyRequest/Page_Store/input_txtqty'

2018-06-09 20:44:21 - [TEST_STEP][PASSED] - click: Object: 'Object Repository/PharmacyRequest/Page_Store/button_Add' is clicked on

2018-06-09 20:44:21 - [MESSAGE][PASSED] - Object: 'Object Repository/PharmacyRequest/Page_Store/button_Add' is clicked on

2018-06-09 20:44:21 - [TEST_STEP][PASSED] - Statement - Break: null

2018-06-09 20:44:21 - [TEST_STEP][PASSED] - selectOptionByIndex: All options with index in [29] are selected on object 'Object Repository/PharmacyRequest/Page_Store/select_--Select--Amlodepin -5'

2018-06-09 20:44:21 - [MESSAGE][PASSED] - All options with index in [29] are selected on object 'Object Repository/PharmacyRequest/Page_Store/select_--Select--Amlodepin -5'

2018-06-09 20:44:21 - [TEST_STEP][PASSED] - delay: Delayed 1 second(s)

2018-06-09 20:44:22 - [MESSAGE][PASSED] - Delayed 1 second(s)

2018-06-09 20:44:22 - [TEST_STEP][PASSED] - Statement - RequestedQty = com.kms.katalon.core.webui.keyword.WebUiBuiltInKeywords.getAttribute(com.kms.katalon.core.testobject.ObjectRepository.findTestObject(PharmacyRequest/Page_Store/input_txttotal), "value"): Attribute 'value' of object 'Object Repository/PharmacyRequest/Page_Store/input_txttotal' is: '10'

2018-06-09 20:44:22 - [MESSAGE][PASSED] - Attribute 'value' of object 'Object Repository/PharmacyRequest/Page_Store/input_txttotal' is: '10'

2018-06-09 20:44:22 - [TEST_STEP][PASSED] - Statement - out.println("Requested QTY : " + RequestedQty): null

2018-06-09 20:44:22 - [TEST_STEP][PASSED] - Statement - BatchNumber = com.kms.katalon.core.webui.keyword.WebUiBuiltInKeywords.getNumberOfTotalOption(com.kms.katalon.core.testobject.ObjectRepository.findTestObject(PharmacyRequest/Page_Store/select_--Select--BA50)): 2 options of object 'Object Repository/PharmacyRequest/Page_Store/select_--Select--BA50' counted

2018-06-09 20:44:22 - [MESSAGE][PASSED] - 2 options of object 'Object Repository/PharmacyRequest/Page_Store/select_--Select--BA50' counted

2018-06-09 20:44:22 - [TEST_STEP][PASSED] - Statement - For ([g = 1, g <= BatchNumber - 1, (g++)]): null

2018-06-09 20:44:22 - [TEST_STEP][PASSED] - selectOptionByIndex: All options with index in [1] are selected on object 'Object Repository/PharmacyRequest/Page_Store/select_--Select--BA50'

2018-06-09 20:44:22 - [MESSAGE][PASSED] - All options with index in [1] are selected on object 'Object Repository/PharmacyRequest/Page_Store/select_--Select--BA50'

2018-06-09 20:44:22 - [TEST_STEP][PASSED] - delay: Delayed 1 second(s)

2018-06-09 20:44:23 - [MESSAGE][PASSED] - Delayed 1 second(s)

2018-06-09 20:44:23 - [TEST_STEP][PASSED] - Statement - StockQty = com.kms.katalon.core.webui.keyword.WebUiBuiltInKeywords.getAttribute(com.kms.katalon.core.testobject.ObjectRepository.findTestObject(PharmacyRequest/Page_Store/input_txtprice), "value"): Attribute 'value' of object 'Object Repository/PharmacyRequest/Page_Store/input_txtprice' is: '890'

2018-06-09 20:44:23 - [MESSAGE][PASSED] - Attribute 'value' of object 'Object Repository/PharmacyRequest/Page_Store/input_txtprice' is: '890'

2018-06-09 20:44:23 - [TEST_STEP][PASSED] - Statement - out.println("Stock QTY : " + StockQty): null

2018-06-09 20:44:23 - [TEST_STEP][PASSED] - delay: Delayed 1 second(s)

2018-06-09 20:44:24 - [MESSAGE][PASSED] - Delayed 1 second(s)

2018-06-09 20:44:24 - [TEST_STEP][PASSED] - Statement - If (java.lang.Integer.valueOf(StockQty) >= java.lang.Integer.valueOf(RequestedQty)): null

2018-06-09 20:44:24 - [TEST_STEP][PASSED] - setText: Text '10' is set on object 'Object Repository/PharmacyRequest/Page_Store/input_txtqty'

2018-06-09 20:44:24 - [MESSAGE][PASSED] - Text '10' is set on object 'Object Repository/PharmacyRequest/Page_Store/input_txtqty'

2018-06-09 20:44:24 - [TEST_STEP][PASSED] - click: Object: 'Object Repository/PharmacyRequest/Page_Store/button_Add' is clicked on

2018-06-09 20:44:24 - [MESSAGE][PASSED] - Object: 'Object Repository/PharmacyRequest/Page_Store/button_Add' is clicked on

2018-06-09 20:44:24 - [TEST_STEP][PASSED] - Statement - Break: null

2018-06-09 20:44:24 - [TEST_STEP][PASSED] - selectOptionByIndex: All options with index in [30] are selected on object 'Object Repository/PharmacyRequest/Page_Store/select_--Select--Amlodepin -5'

2018-06-09 20:44:25 - [MESSAGE][PASSED] - All options with index in [30] are selected on object 'Object Repository/PharmacyRequest/Page_Store/select_--Select--Amlodepin -5'

2018-06-09 20:44:25 - [TEST_STEP][PASSED] - delay: Delayed 1 second(s)

2018-06-09 20:44:26 - [MESSAGE][PASSED] - Delayed 1 second(s)

2018-06-09 20:44:26 - [TEST_STEP][PASSED] - Statement - RequestedQty = com.kms.katalon.core.webui.keyword.WebUiBuiltInKeywords.getAttribute(com.kms.katalon.core.testobject.ObjectRepository.findTestObject(PharmacyRequest/Page_Store/input_txttotal), "value"): Attribute 'value' of object 'Object Repository/PharmacyRequest/Page_Store/input_txttotal' is: '10'

2018-06-09 20:44:26 - [MESSAGE][PASSED] - Attribute 'value' of object 'Object Repository/PharmacyRequest/Page_Store/input_txttotal' is: '10'

2018-06-09 20:44:26 - [TEST_STEP][PASSED] - Statement - out.println("Requested QTY : " + RequestedQty): null

2018-06-09 20:44:26 - [TEST_STEP][PASSED] - Statement - BatchNumber = com.kms.katalon.core.webui.keyword.WebUiBuiltInKeywords.getNumberOfTotalOption(com.kms.katalon.core.testobject.ObjectRepository.findTestObject(PharmacyRequest/Page_Store/select_--Select--BA50)): 2 options of object 'Object Repository/PharmacyRequest/Page_Store/select_--Select--BA50' counted

2018-06-09 20:44:26 - [MESSAGE][PASSED] - 2 options of object 'Object Repository/PharmacyRequest/Page_Store/select_--Select--BA50' counted

2018-06-09 20:44:26 - [TEST_STEP][PASSED] - Statement - For ([g = 1, g <= BatchNumber - 1, (g++)]): null

2018-06-09 20:44:26 - [TEST_STEP][PASSED] - selectOptionByIndex: All options with index in [1] are selected on object 'Object Repository/PharmacyRequest/Page_Store/select_--Select--BA50'

2018-06-09 20:44:26 - [MESSAGE][PASSED] - All options with index in [1] are selected on object 'Object Repository/PharmacyRequest/Page_Store/select_--Select--BA50'

2018-06-09 20:44:26 - [TEST_STEP][PASSED] - delay: Delayed 1 second(s)

2018-06-09 20:44:27 - [MESSAGE][PASSED] - Delayed 1 second(s)

2018-06-09 20:44:27 - [TEST_STEP][PASSED] - Statement - StockQty = com.kms.katalon.core.webui.keyword.WebUiBuiltInKeywords.getAttribute(com.kms.katalon.core.testobject.ObjectRepository.findTestObject(PharmacyRequest/Page_Store/input_txtprice), "value"): Attribute 'value' of object 'Object Repository/PharmacyRequest/Page_Store/input_txtprice' is: '890'

2018-06-09 20:44:27 - [MESSAGE][PASSED] - Attribute 'value' of object 'Object Repository/PharmacyRequest/Page_Store/input_txtprice' is: '890'

2018-06-09 20:44:27 - [TEST_STEP][PASSED] - Statement - out.println("Stock QTY : " + StockQty): null

2018-06-09 20:44:27 - [TEST_STEP][PASSED] - delay: Delayed 1 second(s)

2018-06-09 20:44:28 - [MESSAGE][PASSED] - Delayed 1 second(s)

2018-06-09 20:44:28 - [TEST_STEP][PASSED] - Statement - If (java.lang.Integer.valueOf(StockQty) >= java.lang.Integer.valueOf(RequestedQty)): null

2018-06-09 20:44:28 - [TEST_STEP][PASSED] - setText: Text '10' is set on object 'Object Repository/PharmacyRequest/Page_Store/input_txtqty'

2018-06-09 20:44:28 - [MESSAGE][PASSED] - Text '10' is set on object 'Object Repository/PharmacyRequest/Page_Store/input_txtqty'

2018-06-09 20:44:28 - [TEST_STEP][PASSED] - click: Object: 'Object Repository/PharmacyRequest/Page_Store/button_Add' is clicked on

2018-06-09 20:44:28 - [MESSAGE][PASSED] - Object: 'Object Repository/PharmacyRequest/Page_Store/button_Add' is clicked on

2018-06-09 20:44:28 - [TEST_STEP][PASSED] - Statement - Break: null

2018-06-09 20:44:28 - [TEST_STEP][PASSED] - selectOptionByIndex: All options with index in [31] are selected on object 'Object Repository/PharmacyRequest/Page_Store/select_--Select--Amlodepin -5'

2018-06-09 20:44:29 - [MESSAGE][PASSED] - All options with index in [31] are selected on object 'Object Repository/PharmacyRequest/Page_Store/select_--Select--Amlodepin -5'

2018-06-09 20:44:29 - [TEST_STEP][PASSED] - delay: Delayed 1 second(s)

2018-06-09 20:44:30 - [MESSAGE][PASSED] - Delayed 1 second(s)

2018-06-09 20:44:30 - [TEST_STEP][PASSED] - Statement - RequestedQty = com.kms.katalon.core.webui.keyword.WebUiBuiltInKeywords.getAttribute(com.kms.katalon.core.testobject.ObjectRepository.findTestObject(PharmacyRequest/Page_Store/input_txttotal), "value"): Attribute 'value' of object 'Object Repository/PharmacyRequest/Page_Store/input_txttotal' is: '10'

2018-06-09 20:44:30 - [MESSAGE][PASSED] - Attribute 'value' of object 'Object Repository/PharmacyRequest/Page_Store/input_txttotal' is: '10'

2018-06-09 20:44:30 - [TEST_STEP][PASSED] - Statement - out.println("Requested QTY : " + RequestedQty): null

2018-06-09 20:44:30 - [TEST_STEP][PASSED] - Statement - BatchNumber = com.kms.katalon.core.webui.keyword.WebUiBuiltInKeywords.getNumberOfTotalOption(com.kms.katalon.core.testobject.ObjectRepository.findTestObject(PharmacyRequest/Page_Store/select_--Select--BA50)): 2 options of object 'Object Repository/PharmacyRequest/Page_Store/select_--Select--BA50' counted

2018-06-09 20:44:30 - [MESSAGE][PASSED] - 2 options of object 'Object Repository/PharmacyRequest/Page_Store/select_--Select--BA50' counted

2018-06-09 20:44:30 - [TEST_STEP][PASSED] - Statement - For ([g = 1, g <= BatchNumber - 1, (g++)]): null

2018-06-09 20:44:30 - [TEST_STEP][PASSED] - selectOptionByIndex: All options with index in [1] are selected on object 'Object Repository/PharmacyRequest/Page_Store/select_--Select--BA50'

2018-06-09 20:44:30 - [MESSAGE][PASSED] - All options with index in [1] are selected on object 'Object Repository/PharmacyRequest/Page_Store/select_--Select--BA50'

2018-06-09 20:44:30 - [TEST_STEP][PASSED] - delay: Delayed 1 second(s)

2018-06-09 20:44:31 - [MESSAGE][PASSED] - Delayed 1 second(s)

2018-06-09 20:44:31 - [TEST_STEP][PASSED] - Statement - StockQty = com.kms.katalon.core.webui.keyword.WebUiBuiltInKeywords.getAttribute(com.kms.katalon.core.testobject.ObjectRepository.findTestObject(PharmacyRequest/Page_Store/input_txtprice), "value"): Attribute 'value' of object 'Object Repository/PharmacyRequest/Page_Store/input_txtprice' is: '890'

2018-06-09 20:44:31 - [MESSAGE][PASSED] - Attribute 'value' of object 'Object Repository/PharmacyRequest/Page_Store/input_txtprice' is: '890'

2018-06-09 20:44:31 - [TEST_STEP][PASSED] - Statement - out.println("Stock QTY : " + StockQty): null

2018-06-09 20:44:31 - [TEST_STEP][PASSED] - delay: Delayed 1 second(s)

2018-06-09 20:44:32 - [MESSAGE][PASSED] - Delayed 1 second(s)

2018-06-09 20:44:32 - [TEST_STEP][PASSED] - Statement - If (java.lang.Integer.valueOf(StockQty) >= java.lang.Integer.valueOf(RequestedQty)): null

2018-06-09 20:44:32 - [TEST_STEP][PASSED] - setText: Text '10' is set on object 'Object Repository/PharmacyRequest/Page_Store/input_txtqty'

2018-06-09 20:44:32 - [MESSAGE][PASSED] - Text '10' is set on object 'Object Repository/PharmacyRequest/Page_Store/input_txtqty'

2018-06-09 20:44:32 - [TEST_STEP][PASSED] - click: Object: 'Object Repository/PharmacyRequest/Page_Store/button_Add' is clicked on

2018-06-09 20:44:32 - [MESSAGE][PASSED] - Object: 'Object Repository/PharmacyRequest/Page_Store/button_Add' is clicked on

2018-06-09 20:44:32 - [TEST_STEP][PASSED] - Statement - Break: null

2018-06-09 20:44:32 - [TEST_STEP][PASSED] - selectOptionByIndex: All options with index in [32] are selected on object 'Object Repository/PharmacyRequest/Page_Store/select_--Select--Amlodepin -5'

2018-06-09 20:44:32 - [MESSAGE][PASSED] - All options with index in [32] are selected on object 'Object Repository/PharmacyRequest/Page_Store/select_--Select--Amlodepin -5'

2018-06-09 20:44:32 - [TEST_STEP][PASSED] - delay: Delayed 1 second(s)

2018-06-09 20:44:33 - [MESSAGE][PASSED] - Delayed 1 second(s)

2018-06-09 20:44:33 - [TEST_STEP][PASSED] - Statement - RequestedQty = com.kms.katalon.core.webui.keyword.WebUiBuiltInKeywords.getAttribute(com.kms.katalon.core.testobject.ObjectRepository.findTestObject(PharmacyRequest/Page_Store/input_txttotal), "value"): Attribute 'value' of object 'Object Repository/PharmacyRequest/Page_Store/input_txttotal' is: '10'

2018-06-09 20:44:33 - [MESSAGE][PASSED] - Attribute 'value' of object 'Object Repository/PharmacyRequest/Page_Store/input_txttotal' is: '10'

2018-06-09 20:44:33 - [TEST_STEP][PASSED] - Statement - out.println("Requested QTY : " + RequestedQty): null

2018-06-09 20:44:33 - [TEST_STEP][PASSED] - Statement - BatchNumber = com.kms.katalon.core.webui.keyword.WebUiBuiltInKeywords.getNumberOfTotalOption(com.kms.katalon.core.testobject.ObjectRepository.findTestObject(PharmacyRequest/Page_Store/select_--Select--BA50)): 3 options of object 'Object Repository/PharmacyRequest/Page_Store/select_--Select--BA50' counted

2018-06-09 20:44:33 - [MESSAGE][PASSED] - 3 options of object 'Object Repository/PharmacyRequest/Page_Store/select_--Select--BA50' counted

2018-06-09 20:44:33 - [TEST_STEP][PASSED] - Statement - For ([g = 1, g <= BatchNumber - 1, (g++)]): null

2018-06-09 20:44:33 - [TEST_STEP][PASSED] - selectOptionByIndex: All options with index in [1] are selected on object 'Object Repository/PharmacyRequest/Page_Store/select_--Select--BA50'

2018-06-09 20:44:34 - [MESSAGE][PASSED] - All options with index in [1] are selected on object 'Object Repository/PharmacyRequest/Page_Store/select_--Select--BA50'

2018-06-09 20:44:34 - [TEST_STEP][PASSED] - delay: Delayed 1 second(s)

2018-06-09 20:44:35 - [MESSAGE][PASSED] - Delayed 1 second(s)

2018-06-09 20:44:35 - [TEST_STEP][PASSED] - Statement - StockQty = com.kms.katalon.core.webui.keyword.WebUiBuiltInKeywords.getAttribute(com.kms.katalon.core.testobject.ObjectRepository.findTestObject(PharmacyRequest/Page_Store/input_txtprice), "value"): Attribute 'value' of object 'Object Repository/PharmacyRequest/Page_Store/input_txtprice' is: '490'

2018-06-09 20:44:35 - [MESSAGE][PASSED] - Attribute 'value' of object 'Object Repository/PharmacyRequest/Page_Store/input_txtprice' is: '490'

2018-06-09 20:44:35 - [TEST_STEP][PASSED] - Statement - out.println("Stock QTY : " + StockQty): null

2018-06-09 20:44:35 - [TEST_STEP][PASSED] - delay: Delayed 1 second(s)

2018-06-09 20:44:36 - [MESSAGE][PASSED] - Delayed 1 second(s)

2018-06-09 20:44:36 - [TEST_STEP][PASSED] - Statement - If (java.lang.Integer.valueOf(StockQty) >= java.lang.Integer.valueOf(RequestedQty)): null

2018-06-09 20:44:36 - [TEST_STEP][PASSED] - setText: Text '10' is set on object 'Object Repository/PharmacyRequest/Page_Store/input_txtqty'

2018-06-09 20:44:36 - [MESSAGE][PASSED] - Text '10' is set on object 'Object Repository/PharmacyRequest/Page_Store/input_txtqty'

2018-06-09 20:44:36 - [TEST_STEP][PASSED] - click: Object: 'Object Repository/PharmacyRequest/Page_Store/button_Add' is clicked on

2018-06-09 20:44:36 - [MESSAGE][PASSED] - Object: 'Object Repository/PharmacyRequest/Page_Store/button_Add' is clicked on

2018-06-09 20:44:36 - [TEST_STEP][PASSED] - Statement - Break: null

2018-06-09 20:44:36 - [TEST_STEP][PASSED] - selectOptionByIndex: All options with index in [33] are selected on object 'Object Repository/PharmacyRequest/Page_Store/select_--Select--Amlodepin -5'

2018-06-09 20:44:36 - [MESSAGE][PASSED] - All options with index in [33] are selected on object 'Object Repository/PharmacyRequest/Page_Store/select_--Select--Amlodepin -5'

2018-06-09 20:44:36 - [TEST_STEP][PASSED] - delay: Delayed 1 second(s)

2018-06-09 20:44:37 - [MESSAGE][PASSED] - Delayed 1 second(s)

2018-06-09 20:44:37 - [TEST_STEP][PASSED] - Statement - RequestedQty = com.kms.katalon.core.webui.keyword.WebUiBuiltInKeywords.getAttribute(com.kms.katalon.core.testobject.ObjectRepository.findTestObject(PharmacyRequest/Page_Store/input_txttotal), "value"): Attribute 'value' of object 'Object Repository/PharmacyRequest/Page_Store/input_txttotal' is: '10'

2018-06-09 20:44:37 - [MESSAGE][PASSED] - Attribute 'value' of object 'Object Repository/PharmacyRequest/Page_Store/input_txttotal' is: '10'

2018-06-09 20:44:37 - [TEST_STEP][PASSED] - Statement - out.println("Requested QTY : " + RequestedQty): null

2018-06-09 20:44:37 - [TEST_STEP][PASSED] - Statement - BatchNumber = com.kms.katalon.core.webui.keyword.WebUiBuiltInKeywords.getNumberOfTotalOption(com.kms.katalon.core.testobject.ObjectRepository.findTestObject(PharmacyRequest/Page_Store/select_--Select--BA50)): 2 options of object 'Object Repository/PharmacyRequest/Page_Store/select_--Select--BA50' counted

2018-06-09 20:44:37 - [MESSAGE][PASSED] - 2 options of object 'Object Repository/PharmacyRequest/Page_Store/select_--Select--BA50' counted

2018-06-09 20:44:37 - [TEST_STEP][PASSED] - Statement - For ([g = 1, g <= BatchNumber - 1, (g++)]): null

2018-06-09 20:44:37 - [TEST_STEP][PASSED] - selectOptionByIndex: All options with index in [1] are selected on object 'Object Repository/PharmacyRequest/Page_Store/select_--Select--BA50'

2018-06-09 20:44:37 - [MESSAGE][PASSED] - All options with index in [1] are selected on object 'Object Repository/PharmacyRequest/Page_Store/select_--Select--BA50'

2018-06-09 20:44:37 - [TEST_STEP][PASSED] - delay: Delayed 1 second(s)

2018-06-09 20:44:38 - [MESSAGE][PASSED] - Delayed 1 second(s)

2018-06-09 20:44:38 - [TEST_STEP][PASSED] - Statement - StockQty = com.kms.katalon.core.webui.keyword.WebUiBuiltInKeywords.getAttribute(com.kms.katalon.core.testobject.ObjectRepository.findTestObject(PharmacyRequest/Page_Store/input_txtprice), "value"): Attribute 'value' of object 'Object Repository/PharmacyRequest/Page_Store/input_txtprice' is: '790'

2018-06-09 20:44:38 - [MESSAGE][PASSED] - Attribute 'value' of object 'Object Repository/PharmacyRequest/Page_Store/input_txtprice' is: '790'

2018-06-09 20:44:38 - [TEST_STEP][PASSED] - Statement - out.println("Stock QTY : " + StockQty): null

2018-06-09 20:44:38 - [TEST_STEP][PASSED] - delay: Delayed 1 second(s)

2018-06-09 20:44:39 - [MESSAGE][PASSED] - Delayed 1 second(s)

2018-06-09 20:44:39 - [TEST_STEP][PASSED] - Statement - If (java.lang.Integer.valueOf(StockQty) >= java.lang.Integer.valueOf(RequestedQty)): null

2018-06-09 20:44:39 - [TEST_STEP][PASSED] - setText: Text '10' is set on object 'Object Repository/PharmacyRequest/Page_Store/input_txtqty'

2018-06-09 20:44:39 - [MESSAGE][PASSED] - Text '10' is set on object 'Object Repository/PharmacyRequest/Page_Store/input_txtqty'

2018-06-09 20:44:39 - [TEST_STEP][PASSED] - click: Object: 'Object Repository/PharmacyRequest/Page_Store/button_Add' is clicked on

2018-06-09 20:44:40 - [MESSAGE][PASSED] - Object: 'Object Repository/PharmacyRequest/Page_Store/button_Add' is clicked on

2018-06-09 20:44:40 - [TEST_STEP][PASSED] - Statement - Break: null

2018-06-09 20:44:40 - [TEST_STEP][PASSED] - selectOptionByIndex: All options with index in [34] are selected on object 'Object Repository/PharmacyRequest/Page_Store/select_--Select--Amlodepin -5'

2018-06-09 20:44:40 - [MESSAGE][PASSED] - All options with index in [34] are selected on object 'Object Repository/PharmacyRequest/Page_Store/select_--Select--Amlodepin -5'

2018-06-09 20:44:40 - [TEST_STEP][PASSED] - delay: Delayed 1 second(s)

2018-06-09 20:44:41 - [MESSAGE][PASSED] - Delayed 1 second(s)

2018-06-09 20:44:41 - [TEST_STEP][PASSED] - Statement - RequestedQty = com.kms.katalon.core.webui.keyword.WebUiBuiltInKeywords.getAttribute(com.kms.katalon.core.testobject.ObjectRepository.findTestObject(PharmacyRequest/Page_Store/input_txttotal), "value"): Attribute 'value' of object 'Object Repository/PharmacyRequest/Page_Store/input_txttotal' is: '10'

2018-06-09 20:44:41 - [MESSAGE][PASSED] - Attribute 'value' of object 'Object Repository/PharmacyRequest/Page_Store/input_txttotal' is: '10'

2018-06-09 20:44:41 - [TEST_STEP][PASSED] - Statement - out.println("Requested QTY : " + RequestedQty): null

2018-06-09 20:44:41 - [TEST_STEP][PASSED] - Statement - BatchNumber = com.kms.katalon.core.webui.keyword.WebUiBuiltInKeywords.getNumberOfTotalOption(com.kms.katalon.core.testobject.ObjectRepository.findTestObject(PharmacyRequest/Page_Store/select_--Select--BA50)): 3 options of object 'Object Repository/PharmacyRequest/Page_Store/select_--Select--BA50' counted

2018-06-09 20:44:41 - [MESSAGE][PASSED] - 3 options of object 'Object Repository/PharmacyRequest/Page_Store/select_--Select--BA50' counted

2018-06-09 20:44:41 - [TEST_STEP][PASSED] - Statement - For ([g = 1, g <= BatchNumber - 1, (g++)]): null

2018-06-09 20:44:41 - [TEST_STEP][PASSED] - selectOptionByIndex: All options with index in [1] are selected on object 'Object Repository/PharmacyRequest/Page_Store/select_--Select--BA50'

2018-06-09 20:44:41 - [MESSAGE][PASSED] - All options with index in [1] are selected on object 'Object Repository/PharmacyRequest/Page_Store/select_--Select--BA50'

2018-06-09 20:44:41 - [TEST_STEP][PASSED] - delay: Delayed 1 second(s)

2018-06-09 20:44:42 - [MESSAGE][PASSED] - Delayed 1 second(s)

2018-06-09 20:44:42 - [TEST_STEP][PASSED] - Statement - StockQty = com.kms.katalon.core.webui.keyword.WebUiBuiltInKeywords.getAttribute(com.kms.katalon.core.testobject.ObjectRepository.findTestObject(PharmacyRequest/Page_Store/input_txtprice), "value"): Attribute 'value' of object 'Object Repository/PharmacyRequest/Page_Store/input_txtprice' is: '100'

2018-06-09 20:44:42 - [MESSAGE][PASSED] - Attribute 'value' of object 'Object Repository/PharmacyRequest/Page_Store/input_txtprice' is: '100'

2018-06-09 20:44:42 - [TEST_STEP][PASSED] - Statement - out.println("Stock QTY : " + StockQty): null

2018-06-09 20:44:42 - [TEST_STEP][PASSED] - delay: Delayed 1 second(s)

2018-06-09 20:44:43 - [MESSAGE][PASSED] - Delayed 1 second(s)

2018-06-09 20:44:43 - [TEST_STEP][PASSED] - Statement - If (java.lang.Integer.valueOf(StockQty) >= java.lang.Integer.valueOf(RequestedQty)): null

2018-06-09 20:44:43 - [TEST_STEP][PASSED] - setText: Text '10' is set on object 'Object Repository/PharmacyRequest/Page_Store/input_txtqty'

2018-06-09 20:44:43 - [MESSAGE][PASSED] - Text '10' is set on object 'Object Repository/PharmacyRequest/Page_Store/input_txtqty'

2018-06-09 20:44:43 - [TEST_STEP][PASSED] - click: Object: 'Object Repository/PharmacyRequest/Page_Store/button_Add' is clicked on

2018-06-09 20:44:43 - [MESSAGE][PASSED] - Object: 'Object Repository/PharmacyRequest/Page_Store/button_Add' is clicked on

2018-06-09 20:44:43 - [TEST_STEP][PASSED] - Statement - Break: null

2018-06-09 20:44:43 - [TEST_STEP][PASSED] - selectOptionByIndex: All options with index in [35] are selected on object 'Object Repository/PharmacyRequest/Page_Store/select_--Select--Amlodepin -5'

2018-06-09 20:44:44 - [MESSAGE][PASSED] - All options with index in [35] are selected on object 'Object Repository/PharmacyRequest/Page_Store/select_--Select--Amlodepin -5'

2018-06-09 20:44:44 - [TEST_STEP][PASSED] - delay: Delayed 1 second(s)

2018-06-09 20:44:45 - [MESSAGE][PASSED] - Delayed 1 second(s)

2018-06-09 20:44:45 - [TEST_STEP][PASSED] - Statement - RequestedQty = com.kms.katalon.core.webui.keyword.WebUiBuiltInKeywords.getAttribute(com.kms.katalon.core.testobject.ObjectRepository.findTestObject(PharmacyRequest/Page_Store/input_txttotal), "value"): Attribute 'value' of object 'Object Repository/PharmacyRequest/Page_Store/input_txttotal' is: '10'

2018-06-09 20:44:45 - [MESSAGE][PASSED] - Attribute 'value' of object 'Object Repository/PharmacyRequest/Page_Store/input_txttotal' is: '10'

2018-06-09 20:44:45 - [TEST_STEP][PASSED] - Statement - out.println("Requested QTY : " + RequestedQty): null

2018-06-09 20:44:45 - [TEST_STEP][PASSED] - Statement - BatchNumber = com.kms.katalon.core.webui.keyword.WebUiBuiltInKeywords.getNumberOfTotalOption(com.kms.katalon.core.testobject.ObjectRepository.findTestObject(PharmacyRequest/Page_Store/select_--Select--BA50)): 2 options of object 'Object Repository/PharmacyRequest/Page_Store/select_--Select--BA50' counted

2018-06-09 20:44:45 - [MESSAGE][PASSED] - 2 options of object 'Object Repository/PharmacyRequest/Page_Store/select_--Select--BA50' counted

2018-06-09 20:44:45 - [TEST_STEP][PASSED] - Statement - For ([g = 1, g <= BatchNumber - 1, (g++)]): null

2018-06-09 20:44:45 - [TEST_STEP][PASSED] - selectOptionByIndex: All options with index in [1] are selected on object 'Object Repository/PharmacyRequest/Page_Store/select_--Select--BA50'

2018-06-09 20:44:45 - [MESSAGE][PASSED] - All options with index in [1] are selected on object 'Object Repository/PharmacyRequest/Page_Store/select_--Select--BA50'

2018-06-09 20:44:45 - [TEST_STEP][PASSED] - delay: Delayed 1 second(s)

2018-06-09 20:44:46 - [MESSAGE][PASSED] - Delayed 1 second(s)

2018-06-09 20:44:46 - [TEST_STEP][PASSED] - Statement - StockQty = com.kms.katalon.core.webui.keyword.WebUiBuiltInKeywords.getAttribute(com.kms.katalon.core.testobject.ObjectRepository.findTestObject(PharmacyRequest/Page_Store/input_txtprice), "value"): Attribute 'value' of object 'Object Repository/PharmacyRequest/Page_Store/input_txtprice' is: '790'

2018-06-09 20:44:46 - [MESSAGE][PASSED] - Attribute 'value' of object 'Object Repository/PharmacyRequest/Page_Store/input_txtprice' is: '790'

2018-06-09 20:44:46 - [TEST_STEP][PASSED] - Statement - out.println("Stock QTY : " + StockQty): null

2018-06-09 20:44:46 - [TEST_STEP][PASSED] - delay: Delayed 1 second(s)

2018-06-09 20:44:47 - [MESSAGE][PASSED] - Delayed 1 second(s)

2018-06-09 20:44:47 - [TEST_STEP][PASSED] - Statement - If (java.lang.Integer.valueOf(StockQty) >= java.lang.Integer.valueOf(RequestedQty)): null

2018-06-09 20:44:47 - [TEST_STEP][PASSED] - setText: Text '10' is set on object 'Object Repository/PharmacyRequest/Page_Store/input_txtqty'

2018-06-09 20:44:47 - [MESSAGE][PASSED] - Text '10' is set on object 'Object Repository/PharmacyRequest/Page_Store/input_txtqty'

2018-06-09 20:44:47 - [TEST_STEP][PASSED] - click: Object: 'Object Repository/PharmacyRequest/Page_Store/button_Add' is clicked on

2018-06-09 20:44:47 - [MESSAGE][PASSED] - Object: 'Object Repository/PharmacyRequest/Page_Store/button_Add' is clicked on

2018-06-09 20:44:47 - [TEST_STEP][PASSED] - Statement - Break: null

2018-06-09 20:44:47 - [TEST_STEP][PASSED] - scrollToElement: Scroll to object 'Object Repository/PharmacyRequest/Page_Store/input_btnSubmit' successfully

2018-06-09 20:44:47 - [MESSAGE][PASSED] - Scroll to object 'Object Repository/PharmacyRequest/Page_Store/input_btnSubmit' successfully

2018-06-09 20:44:47 - [TEST_STEP][PASSED] - click: Object: 'Object Repository/PharmacyRequest/Page_Store/input_btnSubmit' is clicked on

2018-06-09 20:44:47 - [MESSAGE][PASSED] - Object: 'Object Repository/PharmacyRequest/Page_Store/input_btnSubmit' is clicked on

2018-06-09 20:44:47 - [TEST_STEP][PASSED] - delay: Delayed 3 second(s)

2018-06-09 20:44:50 - [MESSAGE][PASSED] - Delayed 3 second(s)

2018-06-09 20:44:50 - [TEST_STEP][PASSED] - click: Object: 'Object Repository/PharmacyRequest/Page_Store/button_OK' is clicked on

2018-06-09 20:44:52 - [MESSAGE][PASSED] - Object: 'Object Repository/PharmacyRequest/Page_Store/button_OK' is clicked on

2018-06-09 20:44:52 - [TEST_STEP][PASSED] - delay: Delayed 3 second(s)

2018-06-09 20:44:55 - [MESSAGE][PASSED] - Delayed 3 second(s)

2018-06-09 20:44:55 - [TEST_STEP][PASSED] - click: Object: 'Object Repository/PharmacyRequest/Page_Store/a_dropdown-toggle' is clicked on

2018-06-09 20:44:55 - [MESSAGE][PASSED] - Object: 'Object Repository/PharmacyRequest/Page_Store/a_dropdown-toggle' is clicked on

2018-06-09 20:44:55 - [TEST_STEP][PASSED] - click: Object: 'Object Repository/PharmacyRequest/Page_Store/a_Sign out' is clicked on

2018-06-09 20:44:55 - [MESSAGE][PASSED] - Object: 'Object Repository/PharmacyRequest/Page_Store/a_Sign out' is clicked on

2018-06-09 20:44:55 - [TEST_STEP][PASSED] - closeBrowser: Browser is closed

2018-06-09 20:44:56 - [MESSAGE][PASSED] - Browser is closed

2018-06-09 20:44:56 - [TEST_STEP][PASSED] - Statement - out.println("Schedule 9 Pharmacy Request Are Working Successfully"): null]]></system-out>
         <system-err><![CDATA[]]></system-err>
      </testcase>
      <testcase name="Test Cases/PHARMACY TEST CASES/TC_PHAR_010 Verify Schedule 10 Pharmacy Request Are Working Successfully Or Not" classname="Test Cases/PHARMACY TEST CASES/TC_PHAR_010 Verify Schedule 10 Pharmacy Request Are Working Successfully Or Not" status="PASSED">
         <system-out><![CDATA[2018-06-09 20:44:56 - [TEST_CASE][PASSED] - Test Cases/PHARMACY TEST CASES/TC_PHAR_010 Verify Schedule 10 Pharmacy Request Are Working Successfully Or Not: Test Cases/PHARMACY TEST CASES/TC_PHAR_010 Verify Schedule 10 Pharmacy Request Are Working Successfully Or Not

2018-06-09 20:44:56 - [TEST_STEP][PASSED] - openBrowser: Browser is opened with url: ''

2018-06-09 20:44:58 - [MESSAGE][PASSED] - Browser is opened with url: ''

2018-06-09 20:44:58 - [TEST_STEP][PASSED] - Statement - out.println("Verify Schedule 10 Pharmacy Request Are Working Successfully Or Not"): null

2018-06-09 20:44:58 - [TEST_STEP][PASSED] - navigateToUrl: Navigate to 'http://192.168.137.1/multihospital_new/' successfully

2018-06-09 20:45:00 - [MESSAGE][PASSED] - Navigate to 'http://192.168.137.1/multihospital_new/' successfully

2018-06-09 20:45:00 - [TEST_STEP][PASSED] - maximizeWindow: Current window maximized

2018-06-09 20:45:01 - [MESSAGE][PASSED] - Current window maximized

2018-06-09 20:45:01 - [TEST_STEP][PASSED] - click: Object: 'Object Repository/PharmacyRequest/Page_KDMC/a_Pharmacy' is clicked on

2018-06-09 20:45:01 - [MESSAGE][PASSED] - Object: 'Object Repository/PharmacyRequest/Page_KDMC/a_Pharmacy' is clicked on

2018-06-09 20:45:01 - [TEST_STEP][PASSED] - setText: Text 'raja' is set on object 'Object Repository/PharmacyRequest/Page_Pharmacy login/input_txtusername'

2018-06-09 20:45:01 - [MESSAGE][PASSED] - Text 'raja' is set on object 'Object Repository/PharmacyRequest/Page_Pharmacy login/input_txtusername'

2018-06-09 20:45:01 - [TEST_STEP][PASSED] - setText: Text '123' is set on object 'Object Repository/PharmacyRequest/Page_Pharmacy login/input_txtpassword'

2018-06-09 20:45:01 - [MESSAGE][PASSED] - Text '123' is set on object 'Object Repository/PharmacyRequest/Page_Pharmacy login/input_txtpassword'

2018-06-09 20:45:01 - [TEST_STEP][PASSED] - delay: Delayed 3 second(s)

2018-06-09 20:45:04 - [MESSAGE][PASSED] - Delayed 3 second(s)

2018-06-09 20:45:04 - [TEST_STEP][PASSED] - click: Object: 'Object Repository/PharmacyRequest/Page_Pharmacy login/button_Sign in' is clicked on

2018-06-09 20:45:05 - [MESSAGE][PASSED] - Object: 'Object Repository/PharmacyRequest/Page_Pharmacy login/button_Sign in' is clicked on

2018-06-09 20:45:05 - [TEST_STEP][PASSED] - delay: Delayed 3 second(s)

2018-06-09 20:45:08 - [MESSAGE][PASSED] - Delayed 3 second(s)

2018-06-09 20:45:08 - [TEST_STEP][PASSED] - click: Object: 'Object Repository/PharmacyRequest/Page_KDMC - Pharmacy/a_Inventory' is clicked on

2018-06-09 20:45:10 - [MESSAGE][PASSED] - Object: 'Object Repository/PharmacyRequest/Page_KDMC - Pharmacy/a_Inventory' is clicked on

2018-06-09 20:45:10 - [TEST_STEP][PASSED] - delay: Delayed 3 second(s)

2018-06-09 20:45:13 - [MESSAGE][PASSED] - Delayed 3 second(s)

2018-06-09 20:45:13 - [TEST_STEP][PASSED] - click: Object: 'Object Repository/PharmacyRequest/Page_KDMC-Pharmacy/a_Store Request' is clicked on

2018-06-09 20:45:13 - [MESSAGE][PASSED] - Object: 'Object Repository/PharmacyRequest/Page_KDMC-Pharmacy/a_Store Request' is clicked on

2018-06-09 20:45:13 - [TEST_STEP][PASSED] - click: Object: 'Object Repository/PharmacyRequest/Page_KDMC-Pharmacy/a_Medicine Request' is clicked on

2018-06-09 20:45:14 - [MESSAGE][PASSED] - Object: 'Object Repository/PharmacyRequest/Page_KDMC-Pharmacy/a_Medicine Request' is clicked on

2018-06-09 20:45:14 - [TEST_STEP][PASSED] - selectOptionByIndex: All options with index in [10] are selected on object 'Object Repository/PharmacyRequest/Page_KDMC-Pharmacy/select_--Select--Schedule 1Inj'

2018-06-09 20:45:14 - [MESSAGE][PASSED] - All options with index in [10] are selected on object 'Object Repository/PharmacyRequest/Page_KDMC-Pharmacy/select_--Select--Schedule 1Inj'

2018-06-09 20:45:14 - [TEST_STEP][PASSED] - Statement - MedicineLength = com.kms.katalon.core.webui.keyword.WebUiBuiltInKeywords.getNumberOfTotalOption(com.kms.katalon.core.testobject.ObjectRepository.findTestObject(PharmacyRequest/Page_KDMC-Pharmacy/select_--Select--Albendazole)): 19 options of object 'Object Repository/PharmacyRequest/Page_KDMC-Pharmacy/select_--Select--Albendazole' counted

2018-06-09 20:45:14 - [MESSAGE][PASSED] - 19 options of object 'Object Repository/PharmacyRequest/Page_KDMC-Pharmacy/select_--Select--Albendazole' counted

2018-06-09 20:45:14 - [TEST_STEP][PASSED] - Statement - For ([l = 1, l <= MedicineLength - 1, (l++)]): Object: 'Object Repository/PharmacyRequest/Page_KDMC-Pharmacy/button_Add' is clicked on

2018-06-09 20:45:14 - [TEST_STEP][PASSED] - selectOptionByIndex: All options with index in [10] are selected on object 'Object Repository/PharmacyRequest/Page_KDMC-Pharmacy/select_--Select--Schedule 1Inj'

2018-06-09 20:45:14 - [MESSAGE][PASSED] - All options with index in [10] are selected on object 'Object Repository/PharmacyRequest/Page_KDMC-Pharmacy/select_--Select--Schedule 1Inj'

2018-06-09 20:45:14 - [TEST_STEP][PASSED] - selectOptionByIndex: All options with index in [1] are selected on object 'Object Repository/PharmacyRequest/Page_KDMC-Pharmacy/select_--Select--Albendazole'

2018-06-09 20:45:14 - [MESSAGE][PASSED] - All options with index in [1] are selected on object 'Object Repository/PharmacyRequest/Page_KDMC-Pharmacy/select_--Select--Albendazole'

2018-06-09 20:45:14 - [TEST_STEP][PASSED] - setText: Text '10' is set on object 'Object Repository/PharmacyRequest/Page_KDMC-Pharmacy/input_txttreat'

2018-06-09 20:45:14 - [MESSAGE][PASSED] - Text '10' is set on object 'Object Repository/PharmacyRequest/Page_KDMC-Pharmacy/input_txttreat'

2018-06-09 20:45:14 - [TEST_STEP][PASSED] - click: Object: 'Object Repository/PharmacyRequest/Page_KDMC-Pharmacy/button_Add' is clicked on

2018-06-09 20:45:15 - [MESSAGE][PASSED] - Object: 'Object Repository/PharmacyRequest/Page_KDMC-Pharmacy/button_Add' is clicked on

2018-06-09 20:45:15 - [TEST_STEP][PASSED] - selectOptionByIndex: All options with index in [10] are selected on object 'Object Repository/PharmacyRequest/Page_KDMC-Pharmacy/select_--Select--Schedule 1Inj'

2018-06-09 20:45:15 - [MESSAGE][PASSED] - All options with index in [10] are selected on object 'Object Repository/PharmacyRequest/Page_KDMC-Pharmacy/select_--Select--Schedule 1Inj'

2018-06-09 20:45:15 - [TEST_STEP][PASSED] - selectOptionByIndex: All options with index in [2] are selected on object 'Object Repository/PharmacyRequest/Page_KDMC-Pharmacy/select_--Select--Albendazole'

2018-06-09 20:45:15 - [MESSAGE][PASSED] - All options with index in [2] are selected on object 'Object Repository/PharmacyRequest/Page_KDMC-Pharmacy/select_--Select--Albendazole'

2018-06-09 20:45:15 - [TEST_STEP][PASSED] - setText: Text '10' is set on object 'Object Repository/PharmacyRequest/Page_KDMC-Pharmacy/input_txttreat'

2018-06-09 20:45:15 - [MESSAGE][PASSED] - Text '10' is set on object 'Object Repository/PharmacyRequest/Page_KDMC-Pharmacy/input_txttreat'

2018-06-09 20:45:15 - [TEST_STEP][PASSED] - click: Object: 'Object Repository/PharmacyRequest/Page_KDMC-Pharmacy/button_Add' is clicked on

2018-06-09 20:45:15 - [MESSAGE][PASSED] - Object: 'Object Repository/PharmacyRequest/Page_KDMC-Pharmacy/button_Add' is clicked on

2018-06-09 20:45:15 - [TEST_STEP][PASSED] - selectOptionByIndex: All options with index in [10] are selected on object 'Object Repository/PharmacyRequest/Page_KDMC-Pharmacy/select_--Select--Schedule 1Inj'

2018-06-09 20:45:15 - [MESSAGE][PASSED] - All options with index in [10] are selected on object 'Object Repository/PharmacyRequest/Page_KDMC-Pharmacy/select_--Select--Schedule 1Inj'

2018-06-09 20:45:15 - [TEST_STEP][PASSED] - selectOptionByIndex: All options with index in [3] are selected on object 'Object Repository/PharmacyRequest/Page_KDMC-Pharmacy/select_--Select--Albendazole'

2018-06-09 20:45:15 - [MESSAGE][PASSED] - All options with index in [3] are selected on object 'Object Repository/PharmacyRequest/Page_KDMC-Pharmacy/select_--Select--Albendazole'

2018-06-09 20:45:15 - [TEST_STEP][PASSED] - setText: Text '10' is set on object 'Object Repository/PharmacyRequest/Page_KDMC-Pharmacy/input_txttreat'

2018-06-09 20:45:15 - [MESSAGE][PASSED] - Text '10' is set on object 'Object Repository/PharmacyRequest/Page_KDMC-Pharmacy/input_txttreat'

2018-06-09 20:45:15 - [TEST_STEP][PASSED] - click: Object: 'Object Repository/PharmacyRequest/Page_KDMC-Pharmacy/button_Add' is clicked on

2018-06-09 20:45:15 - [MESSAGE][PASSED] - Object: 'Object Repository/PharmacyRequest/Page_KDMC-Pharmacy/button_Add' is clicked on

2018-06-09 20:45:15 - [TEST_STEP][PASSED] - selectOptionByIndex: All options with index in [10] are selected on object 'Object Repository/PharmacyRequest/Page_KDMC-Pharmacy/select_--Select--Schedule 1Inj'

2018-06-09 20:45:16 - [MESSAGE][PASSED] - All options with index in [10] are selected on object 'Object Repository/PharmacyRequest/Page_KDMC-Pharmacy/select_--Select--Schedule 1Inj'

2018-06-09 20:45:16 - [TEST_STEP][PASSED] - selectOptionByIndex: All options with index in [4] are selected on object 'Object Repository/PharmacyRequest/Page_KDMC-Pharmacy/select_--Select--Albendazole'

2018-06-09 20:45:16 - [MESSAGE][PASSED] - All options with index in [4] are selected on object 'Object Repository/PharmacyRequest/Page_KDMC-Pharmacy/select_--Select--Albendazole'

2018-06-09 20:45:16 - [TEST_STEP][PASSED] - setText: Text '10' is set on object 'Object Repository/PharmacyRequest/Page_KDMC-Pharmacy/input_txttreat'

2018-06-09 20:45:16 - [MESSAGE][PASSED] - Text '10' is set on object 'Object Repository/PharmacyRequest/Page_KDMC-Pharmacy/input_txttreat'

2018-06-09 20:45:16 - [TEST_STEP][PASSED] - click: Object: 'Object Repository/PharmacyRequest/Page_KDMC-Pharmacy/button_Add' is clicked on

2018-06-09 20:45:16 - [MESSAGE][PASSED] - Object: 'Object Repository/PharmacyRequest/Page_KDMC-Pharmacy/button_Add' is clicked on

2018-06-09 20:45:16 - [TEST_STEP][PASSED] - selectOptionByIndex: All options with index in [10] are selected on object 'Object Repository/PharmacyRequest/Page_KDMC-Pharmacy/select_--Select--Schedule 1Inj'

2018-06-09 20:45:16 - [MESSAGE][PASSED] - All options with index in [10] are selected on object 'Object Repository/PharmacyRequest/Page_KDMC-Pharmacy/select_--Select--Schedule 1Inj'

2018-06-09 20:45:16 - [TEST_STEP][PASSED] - selectOptionByIndex: All options with index in [5] are selected on object 'Object Repository/PharmacyRequest/Page_KDMC-Pharmacy/select_--Select--Albendazole'

2018-06-09 20:45:16 - [MESSAGE][PASSED] - All options with index in [5] are selected on object 'Object Repository/PharmacyRequest/Page_KDMC-Pharmacy/select_--Select--Albendazole'

2018-06-09 20:45:16 - [TEST_STEP][PASSED] - setText: Text '10' is set on object 'Object Repository/PharmacyRequest/Page_KDMC-Pharmacy/input_txttreat'

2018-06-09 20:45:16 - [MESSAGE][PASSED] - Text '10' is set on object 'Object Repository/PharmacyRequest/Page_KDMC-Pharmacy/input_txttreat'

2018-06-09 20:45:16 - [TEST_STEP][PASSED] - click: Object: 'Object Repository/PharmacyRequest/Page_KDMC-Pharmacy/button_Add' is clicked on

2018-06-09 20:45:16 - [MESSAGE][PASSED] - Object: 'Object Repository/PharmacyRequest/Page_KDMC-Pharmacy/button_Add' is clicked on

2018-06-09 20:45:16 - [TEST_STEP][PASSED] - selectOptionByIndex: All options with index in [10] are selected on object 'Object Repository/PharmacyRequest/Page_KDMC-Pharmacy/select_--Select--Schedule 1Inj'

2018-06-09 20:45:17 - [MESSAGE][PASSED] - All options with index in [10] are selected on object 'Object Repository/PharmacyRequest/Page_KDMC-Pharmacy/select_--Select--Schedule 1Inj'

2018-06-09 20:45:17 - [TEST_STEP][PASSED] - selectOptionByIndex: All options with index in [6] are selected on object 'Object Repository/PharmacyRequest/Page_KDMC-Pharmacy/select_--Select--Albendazole'

2018-06-09 20:45:17 - [MESSAGE][PASSED] - All options with index in [6] are selected on object 'Object Repository/PharmacyRequest/Page_KDMC-Pharmacy/select_--Select--Albendazole'

2018-06-09 20:45:17 - [TEST_STEP][PASSED] - setText: Text '10' is set on object 'Object Repository/PharmacyRequest/Page_KDMC-Pharmacy/input_txttreat'

2018-06-09 20:45:17 - [MESSAGE][PASSED] - Text '10' is set on object 'Object Repository/PharmacyRequest/Page_KDMC-Pharmacy/input_txttreat'

2018-06-09 20:45:17 - [TEST_STEP][PASSED] - click: Object: 'Object Repository/PharmacyRequest/Page_KDMC-Pharmacy/button_Add' is clicked on

2018-06-09 20:45:17 - [MESSAGE][PASSED] - Object: 'Object Repository/PharmacyRequest/Page_KDMC-Pharmacy/button_Add' is clicked on

2018-06-09 20:45:17 - [TEST_STEP][PASSED] - selectOptionByIndex: All options with index in [10] are selected on object 'Object Repository/PharmacyRequest/Page_KDMC-Pharmacy/select_--Select--Schedule 1Inj'

2018-06-09 20:45:17 - [MESSAGE][PASSED] - All options with index in [10] are selected on object 'Object Repository/PharmacyRequest/Page_KDMC-Pharmacy/select_--Select--Schedule 1Inj'

2018-06-09 20:45:17 - [TEST_STEP][PASSED] - selectOptionByIndex: All options with index in [7] are selected on object 'Object Repository/PharmacyRequest/Page_KDMC-Pharmacy/select_--Select--Albendazole'

2018-06-09 20:45:17 - [MESSAGE][PASSED] - All options with index in [7] are selected on object 'Object Repository/PharmacyRequest/Page_KDMC-Pharmacy/select_--Select--Albendazole'

2018-06-09 20:45:17 - [TEST_STEP][PASSED] - setText: Text '10' is set on object 'Object Repository/PharmacyRequest/Page_KDMC-Pharmacy/input_txttreat'

2018-06-09 20:45:17 - [MESSAGE][PASSED] - Text '10' is set on object 'Object Repository/PharmacyRequest/Page_KDMC-Pharmacy/input_txttreat'

2018-06-09 20:45:17 - [TEST_STEP][PASSED] - click: Object: 'Object Repository/PharmacyRequest/Page_KDMC-Pharmacy/button_Add' is clicked on

2018-06-09 20:45:17 - [MESSAGE][PASSED] - Object: 'Object Repository/PharmacyRequest/Page_KDMC-Pharmacy/button_Add' is clicked on

2018-06-09 20:45:17 - [TEST_STEP][PASSED] - selectOptionByIndex: All options with index in [10] are selected on object 'Object Repository/PharmacyRequest/Page_KDMC-Pharmacy/select_--Select--Schedule 1Inj'

2018-06-09 20:45:18 - [MESSAGE][PASSED] - All options with index in [10] are selected on object 'Object Repository/PharmacyRequest/Page_KDMC-Pharmacy/select_--Select--Schedule 1Inj'

2018-06-09 20:45:18 - [TEST_STEP][PASSED] - selectOptionByIndex: All options with index in [8] are selected on object 'Object Repository/PharmacyRequest/Page_KDMC-Pharmacy/select_--Select--Albendazole'

2018-06-09 20:45:18 - [MESSAGE][PASSED] - All options with index in [8] are selected on object 'Object Repository/PharmacyRequest/Page_KDMC-Pharmacy/select_--Select--Albendazole'

2018-06-09 20:45:18 - [TEST_STEP][PASSED] - setText: Text '10' is set on object 'Object Repository/PharmacyRequest/Page_KDMC-Pharmacy/input_txttreat'

2018-06-09 20:45:18 - [MESSAGE][PASSED] - Text '10' is set on object 'Object Repository/PharmacyRequest/Page_KDMC-Pharmacy/input_txttreat'

2018-06-09 20:45:18 - [TEST_STEP][PASSED] - click: Object: 'Object Repository/PharmacyRequest/Page_KDMC-Pharmacy/button_Add' is clicked on

2018-06-09 20:45:18 - [MESSAGE][PASSED] - Object: 'Object Repository/PharmacyRequest/Page_KDMC-Pharmacy/button_Add' is clicked on

2018-06-09 20:45:18 - [TEST_STEP][PASSED] - selectOptionByIndex: All options with index in [10] are selected on object 'Object Repository/PharmacyRequest/Page_KDMC-Pharmacy/select_--Select--Schedule 1Inj'

2018-06-09 20:45:18 - [MESSAGE][PASSED] - All options with index in [10] are selected on object 'Object Repository/PharmacyRequest/Page_KDMC-Pharmacy/select_--Select--Schedule 1Inj'

2018-06-09 20:45:18 - [TEST_STEP][PASSED] - selectOptionByIndex: All options with index in [9] are selected on object 'Object Repository/PharmacyRequest/Page_KDMC-Pharmacy/select_--Select--Albendazole'

2018-06-09 20:45:18 - [MESSAGE][PASSED] - All options with index in [9] are selected on object 'Object Repository/PharmacyRequest/Page_KDMC-Pharmacy/select_--Select--Albendazole'

2018-06-09 20:45:18 - [TEST_STEP][PASSED] - setText: Text '10' is set on object 'Object Repository/PharmacyRequest/Page_KDMC-Pharmacy/input_txttreat'

2018-06-09 20:45:18 - [MESSAGE][PASSED] - Text '10' is set on object 'Object Repository/PharmacyRequest/Page_KDMC-Pharmacy/input_txttreat'

2018-06-09 20:45:18 - [TEST_STEP][PASSED] - click: Object: 'Object Repository/PharmacyRequest/Page_KDMC-Pharmacy/button_Add' is clicked on

2018-06-09 20:45:18 - [MESSAGE][PASSED] - Object: 'Object Repository/PharmacyRequest/Page_KDMC-Pharmacy/button_Add' is clicked on

2018-06-09 20:45:18 - [TEST_STEP][PASSED] - selectOptionByIndex: All options with index in [10] are selected on object 'Object Repository/PharmacyRequest/Page_KDMC-Pharmacy/select_--Select--Schedule 1Inj'

2018-06-09 20:45:18 - [MESSAGE][PASSED] - All options with index in [10] are selected on object 'Object Repository/PharmacyRequest/Page_KDMC-Pharmacy/select_--Select--Schedule 1Inj'

2018-06-09 20:45:18 - [TEST_STEP][PASSED] - selectOptionByIndex: All options with index in [10] are selected on object 'Object Repository/PharmacyRequest/Page_KDMC-Pharmacy/select_--Select--Albendazole'

2018-06-09 20:45:19 - [MESSAGE][PASSED] - All options with index in [10] are selected on object 'Object Repository/PharmacyRequest/Page_KDMC-Pharmacy/select_--Select--Albendazole'

2018-06-09 20:45:19 - [TEST_STEP][PASSED] - setText: Text '10' is set on object 'Object Repository/PharmacyRequest/Page_KDMC-Pharmacy/input_txttreat'

2018-06-09 20:45:19 - [MESSAGE][PASSED] - Text '10' is set on object 'Object Repository/PharmacyRequest/Page_KDMC-Pharmacy/input_txttreat'

2018-06-09 20:45:19 - [TEST_STEP][PASSED] - click: Object: 'Object Repository/PharmacyRequest/Page_KDMC-Pharmacy/button_Add' is clicked on

2018-06-09 20:45:19 - [MESSAGE][PASSED] - Object: 'Object Repository/PharmacyRequest/Page_KDMC-Pharmacy/button_Add' is clicked on

2018-06-09 20:45:19 - [TEST_STEP][PASSED] - selectOptionByIndex: All options with index in [10] are selected on object 'Object Repository/PharmacyRequest/Page_KDMC-Pharmacy/select_--Select--Schedule 1Inj'

2018-06-09 20:45:19 - [MESSAGE][PASSED] - All options with index in [10] are selected on object 'Object Repository/PharmacyRequest/Page_KDMC-Pharmacy/select_--Select--Schedule 1Inj'

2018-06-09 20:45:19 - [TEST_STEP][PASSED] - selectOptionByIndex: All options with index in [11] are selected on object 'Object Repository/PharmacyRequest/Page_KDMC-Pharmacy/select_--Select--Albendazole'

2018-06-09 20:45:19 - [MESSAGE][PASSED] - All options with index in [11] are selected on object 'Object Repository/PharmacyRequest/Page_KDMC-Pharmacy/select_--Select--Albendazole'

2018-06-09 20:45:19 - [TEST_STEP][PASSED] - setText: Text '10' is set on object 'Object Repository/PharmacyRequest/Page_KDMC-Pharmacy/input_txttreat'

2018-06-09 20:45:19 - [MESSAGE][PASSED] - Text '10' is set on object 'Object Repository/PharmacyRequest/Page_KDMC-Pharmacy/input_txttreat'

2018-06-09 20:45:19 - [TEST_STEP][PASSED] - click: Object: 'Object Repository/PharmacyRequest/Page_KDMC-Pharmacy/button_Add' is clicked on

2018-06-09 20:45:19 - [MESSAGE][PASSED] - Object: 'Object Repository/PharmacyRequest/Page_KDMC-Pharmacy/button_Add' is clicked on

2018-06-09 20:45:19 - [TEST_STEP][PASSED] - selectOptionByIndex: All options with index in [10] are selected on object 'Object Repository/PharmacyRequest/Page_KDMC-Pharmacy/select_--Select--Schedule 1Inj'

2018-06-09 20:45:19 - [MESSAGE][PASSED] - All options with index in [10] are selected on object 'Object Repository/PharmacyRequest/Page_KDMC-Pharmacy/select_--Select--Schedule 1Inj'

2018-06-09 20:45:19 - [TEST_STEP][PASSED] - selectOptionByIndex: All options with index in [12] are selected on object 'Object Repository/PharmacyRequest/Page_KDMC-Pharmacy/select_--Select--Albendazole'

2018-06-09 20:45:20 - [MESSAGE][PASSED] - All options with index in [12] are selected on object 'Object Repository/PharmacyRequest/Page_KDMC-Pharmacy/select_--Select--Albendazole'

2018-06-09 20:45:20 - [TEST_STEP][PASSED] - setText: Text '10' is set on object 'Object Repository/PharmacyRequest/Page_KDMC-Pharmacy/input_txttreat'

2018-06-09 20:45:20 - [MESSAGE][PASSED] - Text '10' is set on object 'Object Repository/PharmacyRequest/Page_KDMC-Pharmacy/input_txttreat'

2018-06-09 20:45:20 - [TEST_STEP][PASSED] - click: Object: 'Object Repository/PharmacyRequest/Page_KDMC-Pharmacy/button_Add' is clicked on

2018-06-09 20:45:20 - [MESSAGE][PASSED] - Object: 'Object Repository/PharmacyRequest/Page_KDMC-Pharmacy/button_Add' is clicked on

2018-06-09 20:45:20 - [TEST_STEP][PASSED] - selectOptionByIndex: All options with index in [10] are selected on object 'Object Repository/PharmacyRequest/Page_KDMC-Pharmacy/select_--Select--Schedule 1Inj'

2018-06-09 20:45:20 - [MESSAGE][PASSED] - All options with index in [10] are selected on object 'Object Repository/PharmacyRequest/Page_KDMC-Pharmacy/select_--Select--Schedule 1Inj'

2018-06-09 20:45:20 - [TEST_STEP][PASSED] - selectOptionByIndex: All options with index in [13] are selected on object 'Object Repository/PharmacyRequest/Page_KDMC-Pharmacy/select_--Select--Albendazole'

2018-06-09 20:45:20 - [MESSAGE][PASSED] - All options with index in [13] are selected on object 'Object Repository/PharmacyRequest/Page_KDMC-Pharmacy/select_--Select--Albendazole'

2018-06-09 20:45:20 - [TEST_STEP][PASSED] - setText: Text '10' is set on object 'Object Repository/PharmacyRequest/Page_KDMC-Pharmacy/input_txttreat'

2018-06-09 20:45:20 - [MESSAGE][PASSED] - Text '10' is set on object 'Object Repository/PharmacyRequest/Page_KDMC-Pharmacy/input_txttreat'

2018-06-09 20:45:20 - [TEST_STEP][PASSED] - click: Object: 'Object Repository/PharmacyRequest/Page_KDMC-Pharmacy/button_Add' is clicked on

2018-06-09 20:45:20 - [MESSAGE][PASSED] - Object: 'Object Repository/PharmacyRequest/Page_KDMC-Pharmacy/button_Add' is clicked on

2018-06-09 20:45:20 - [TEST_STEP][PASSED] - selectOptionByIndex: All options with index in [10] are selected on object 'Object Repository/PharmacyRequest/Page_KDMC-Pharmacy/select_--Select--Schedule 1Inj'

2018-06-09 20:45:21 - [MESSAGE][PASSED] - All options with index in [10] are selected on object 'Object Repository/PharmacyRequest/Page_KDMC-Pharmacy/select_--Select--Schedule 1Inj'

2018-06-09 20:45:21 - [TEST_STEP][PASSED] - selectOptionByIndex: All options with index in [14] are selected on object 'Object Repository/PharmacyRequest/Page_KDMC-Pharmacy/select_--Select--Albendazole'

2018-06-09 20:45:21 - [MESSAGE][PASSED] - All options with index in [14] are selected on object 'Object Repository/PharmacyRequest/Page_KDMC-Pharmacy/select_--Select--Albendazole'

2018-06-09 20:45:21 - [TEST_STEP][PASSED] - setText: Text '10' is set on object 'Object Repository/PharmacyRequest/Page_KDMC-Pharmacy/input_txttreat'

2018-06-09 20:45:21 - [MESSAGE][PASSED] - Text '10' is set on object 'Object Repository/PharmacyRequest/Page_KDMC-Pharmacy/input_txttreat'

2018-06-09 20:45:21 - [TEST_STEP][PASSED] - click: Object: 'Object Repository/PharmacyRequest/Page_KDMC-Pharmacy/button_Add' is clicked on

2018-06-09 20:45:21 - [MESSAGE][PASSED] - Object: 'Object Repository/PharmacyRequest/Page_KDMC-Pharmacy/button_Add' is clicked on

2018-06-09 20:45:21 - [TEST_STEP][PASSED] - selectOptionByIndex: All options with index in [10] are selected on object 'Object Repository/PharmacyRequest/Page_KDMC-Pharmacy/select_--Select--Schedule 1Inj'

2018-06-09 20:45:21 - [MESSAGE][PASSED] - All options with index in [10] are selected on object 'Object Repository/PharmacyRequest/Page_KDMC-Pharmacy/select_--Select--Schedule 1Inj'

2018-06-09 20:45:21 - [TEST_STEP][PASSED] - selectOptionByIndex: All options with index in [15] are selected on object 'Object Repository/PharmacyRequest/Page_KDMC-Pharmacy/select_--Select--Albendazole'

2018-06-09 20:45:21 - [MESSAGE][PASSED] - All options with index in [15] are selected on object 'Object Repository/PharmacyRequest/Page_KDMC-Pharmacy/select_--Select--Albendazole'

2018-06-09 20:45:21 - [TEST_STEP][PASSED] - setText: Text '10' is set on object 'Object Repository/PharmacyRequest/Page_KDMC-Pharmacy/input_txttreat'

2018-06-09 20:45:21 - [MESSAGE][PASSED] - Text '10' is set on object 'Object Repository/PharmacyRequest/Page_KDMC-Pharmacy/input_txttreat'

2018-06-09 20:45:21 - [TEST_STEP][PASSED] - click: Object: 'Object Repository/PharmacyRequest/Page_KDMC-Pharmacy/button_Add' is clicked on

2018-06-09 20:45:21 - [MESSAGE][PASSED] - Object: 'Object Repository/PharmacyRequest/Page_KDMC-Pharmacy/button_Add' is clicked on

2018-06-09 20:45:21 - [TEST_STEP][PASSED] - selectOptionByIndex: All options with index in [10] are selected on object 'Object Repository/PharmacyRequest/Page_KDMC-Pharmacy/select_--Select--Schedule 1Inj'

2018-06-09 20:45:22 - [MESSAGE][PASSED] - All options with index in [10] are selected on object 'Object Repository/PharmacyRequest/Page_KDMC-Pharmacy/select_--Select--Schedule 1Inj'

2018-06-09 20:45:22 - [TEST_STEP][PASSED] - selectOptionByIndex: All options with index in [16] are selected on object 'Object Repository/PharmacyRequest/Page_KDMC-Pharmacy/select_--Select--Albendazole'

2018-06-09 20:45:22 - [MESSAGE][PASSED] - All options with index in [16] are selected on object 'Object Repository/PharmacyRequest/Page_KDMC-Pharmacy/select_--Select--Albendazole'

2018-06-09 20:45:22 - [TEST_STEP][PASSED] - setText: Text '10' is set on object 'Object Repository/PharmacyRequest/Page_KDMC-Pharmacy/input_txttreat'

2018-06-09 20:45:22 - [MESSAGE][PASSED] - Text '10' is set on object 'Object Repository/PharmacyRequest/Page_KDMC-Pharmacy/input_txttreat'

2018-06-09 20:45:22 - [TEST_STEP][PASSED] - click: Object: 'Object Repository/PharmacyRequest/Page_KDMC-Pharmacy/button_Add' is clicked on

2018-06-09 20:45:22 - [MESSAGE][PASSED] - Object: 'Object Repository/PharmacyRequest/Page_KDMC-Pharmacy/button_Add' is clicked on

2018-06-09 20:45:22 - [TEST_STEP][PASSED] - selectOptionByIndex: All options with index in [10] are selected on object 'Object Repository/PharmacyRequest/Page_KDMC-Pharmacy/select_--Select--Schedule 1Inj'

2018-06-09 20:45:22 - [MESSAGE][PASSED] - All options with index in [10] are selected on object 'Object Repository/PharmacyRequest/Page_KDMC-Pharmacy/select_--Select--Schedule 1Inj'

2018-06-09 20:45:22 - [TEST_STEP][PASSED] - selectOptionByIndex: All options with index in [17] are selected on object 'Object Repository/PharmacyRequest/Page_KDMC-Pharmacy/select_--Select--Albendazole'

2018-06-09 20:45:22 - [MESSAGE][PASSED] - All options with index in [17] are selected on object 'Object Repository/PharmacyRequest/Page_KDMC-Pharmacy/select_--Select--Albendazole'

2018-06-09 20:45:22 - [TEST_STEP][PASSED] - setText: Text '10' is set on object 'Object Repository/PharmacyRequest/Page_KDMC-Pharmacy/input_txttreat'

2018-06-09 20:45:22 - [MESSAGE][PASSED] - Text '10' is set on object 'Object Repository/PharmacyRequest/Page_KDMC-Pharmacy/input_txttreat'

2018-06-09 20:45:22 - [TEST_STEP][PASSED] - click: Object: 'Object Repository/PharmacyRequest/Page_KDMC-Pharmacy/button_Add' is clicked on

2018-06-09 20:45:22 - [MESSAGE][PASSED] - Object: 'Object Repository/PharmacyRequest/Page_KDMC-Pharmacy/button_Add' is clicked on

2018-06-09 20:45:22 - [TEST_STEP][PASSED] - selectOptionByIndex: All options with index in [10] are selected on object 'Object Repository/PharmacyRequest/Page_KDMC-Pharmacy/select_--Select--Schedule 1Inj'

2018-06-09 20:45:23 - [MESSAGE][PASSED] - All options with index in [10] are selected on object 'Object Repository/PharmacyRequest/Page_KDMC-Pharmacy/select_--Select--Schedule 1Inj'

2018-06-09 20:45:23 - [TEST_STEP][PASSED] - selectOptionByIndex: All options with index in [18] are selected on object 'Object Repository/PharmacyRequest/Page_KDMC-Pharmacy/select_--Select--Albendazole'

2018-06-09 20:45:23 - [MESSAGE][PASSED] - All options with index in [18] are selected on object 'Object Repository/PharmacyRequest/Page_KDMC-Pharmacy/select_--Select--Albendazole'

2018-06-09 20:45:23 - [TEST_STEP][PASSED] - setText: Text '10' is set on object 'Object Repository/PharmacyRequest/Page_KDMC-Pharmacy/input_txttreat'

2018-06-09 20:45:23 - [MESSAGE][PASSED] - Text '10' is set on object 'Object Repository/PharmacyRequest/Page_KDMC-Pharmacy/input_txttreat'

2018-06-09 20:45:23 - [TEST_STEP][PASSED] - click: Object: 'Object Repository/PharmacyRequest/Page_KDMC-Pharmacy/button_Add' is clicked on

2018-06-09 20:45:23 - [MESSAGE][PASSED] - Object: 'Object Repository/PharmacyRequest/Page_KDMC-Pharmacy/button_Add' is clicked on

2018-06-09 20:45:23 - [TEST_STEP][PASSED] - Statement - RN1 = com.kms.katalon.core.webui.keyword.WebUiBuiltInKeywords.getAttribute(com.kms.katalon.core.testobject.ObjectRepository.findTestObject(PharmacyRequest/Page_KDMC-Pharmacy/input_txtno), "value"): Attribute 'value' of object 'Object Repository/PharmacyRequest/Page_KDMC-Pharmacy/input_txtno' is: 'PRNO/09062018/225'

2018-06-09 20:45:23 - [MESSAGE][PASSED] - Attribute 'value' of object 'Object Repository/PharmacyRequest/Page_KDMC-Pharmacy/input_txtno' is: 'PRNO/09062018/225'

2018-06-09 20:45:23 - [TEST_STEP][PASSED] - Statement - out.println(RN1): null

2018-06-09 20:45:23 - [TEST_STEP][PASSED] - Statement - RID = RN1.split("/")[2]: null

2018-06-09 20:45:23 - [TEST_STEP][PASSED] - scrollToElement: Scroll to object 'Object Repository/PharmacyRequest/Page_KDMC-Pharmacy/input_btnsave' successfully

2018-06-09 20:45:23 - [MESSAGE][PASSED] - Scroll to object 'Object Repository/PharmacyRequest/Page_KDMC-Pharmacy/input_btnsave' successfully

2018-06-09 20:45:23 - [TEST_STEP][PASSED] - click: Object: 'Object Repository/PharmacyRequest/Page_KDMC-Pharmacy/input_btnsave' is clicked on

2018-06-09 20:45:23 - [MESSAGE][PASSED] - Object: 'Object Repository/PharmacyRequest/Page_KDMC-Pharmacy/input_btnsave' is clicked on

2018-06-09 20:45:23 - [TEST_STEP][PASSED] - delay: Delayed 3 second(s)

2018-06-09 20:45:26 - [MESSAGE][PASSED] - Delayed 3 second(s)

2018-06-09 20:45:26 - [TEST_STEP][PASSED] - click: Object: 'Object Repository/PharmacyRequest/Page_KDMC-Pharmacy/button_OK' is clicked on

2018-06-09 20:45:27 - [MESSAGE][PASSED] - Object: 'Object Repository/PharmacyRequest/Page_KDMC-Pharmacy/button_OK' is clicked on

2018-06-09 20:45:27 - [TEST_STEP][PASSED] - delay: Delayed 3 second(s)

2018-06-09 20:45:30 - [MESSAGE][PASSED] - Delayed 3 second(s)

2018-06-09 20:45:30 - [TEST_STEP][PASSED] - click: Object: 'Object Repository/PharmacyRequest/Page_KDMC-Pharmacy/a_Back to Pharmacy' is clicked on

2018-06-09 20:45:31 - [MESSAGE][PASSED] - Object: 'Object Repository/PharmacyRequest/Page_KDMC-Pharmacy/a_Back to Pharmacy' is clicked on

2018-06-09 20:45:31 - [TEST_STEP][PASSED] - delay: Delayed 3 second(s)

2018-06-09 20:45:34 - [MESSAGE][PASSED] - Delayed 3 second(s)

2018-06-09 20:45:34 - [TEST_STEP][PASSED] - click: Object: 'Object Repository/PharmacyRequest/Page_KDMC - Pharmacy/a_dropdown-toggle' is clicked on

2018-06-09 20:45:34 - [MESSAGE][PASSED] - Object: 'Object Repository/PharmacyRequest/Page_KDMC - Pharmacy/a_dropdown-toggle' is clicked on

2018-06-09 20:45:34 - [TEST_STEP][PASSED] - click: Object: 'Object Repository/PharmacyRequest/Page_KDMC - Pharmacy/a_Sign out' is clicked on

2018-06-09 20:45:34 - [MESSAGE][PASSED] - Object: 'Object Repository/PharmacyRequest/Page_KDMC - Pharmacy/a_Sign out' is clicked on

2018-06-09 20:45:34 - [TEST_STEP][PASSED] - delay: Delayed 3 second(s)

2018-06-09 20:45:37 - [MESSAGE][PASSED] - Delayed 3 second(s)

2018-06-09 20:45:37 - [TEST_STEP][PASSED] - click: Object: 'Object Repository/PharmacyRequest/Page_KDMC/a_CMO' is clicked on

2018-06-09 20:45:38 - [MESSAGE][PASSED] - Object: 'Object Repository/PharmacyRequest/Page_KDMC/a_CMO' is clicked on

2018-06-09 20:45:38 - [TEST_STEP][PASSED] - setText: Text 'guru' is set on object 'Object Repository/PharmacyRequest/Page_CMO login/input_txtusername'

2018-06-09 20:45:38 - [MESSAGE][PASSED] - Text 'guru' is set on object 'Object Repository/PharmacyRequest/Page_CMO login/input_txtusername'

2018-06-09 20:45:38 - [TEST_STEP][PASSED] - setText: Text '123' is set on object 'Object Repository/PharmacyRequest/Page_CMO login/input_txtpassword'

2018-06-09 20:45:38 - [MESSAGE][PASSED] - Text '123' is set on object 'Object Repository/PharmacyRequest/Page_CMO login/input_txtpassword'

2018-06-09 20:45:38 - [TEST_STEP][PASSED] - delay: Delayed 3 second(s)

2018-06-09 20:45:41 - [MESSAGE][PASSED] - Delayed 3 second(s)

2018-06-09 20:45:41 - [TEST_STEP][PASSED] - click: Object: 'Object Repository/PharmacyRequest/Page_CMO login/button_Sign in' is clicked on

2018-06-09 20:45:42 - [MESSAGE][PASSED] - Object: 'Object Repository/PharmacyRequest/Page_CMO login/button_Sign in' is clicked on

2018-06-09 20:45:42 - [TEST_STEP][PASSED] - click: Object: 'Object Repository/PharmacyRequest/Page_KDMC - CMO/a_Department Wise Request' is clicked on

2018-06-09 20:45:42 - [MESSAGE][PASSED] - Object: 'Object Repository/PharmacyRequest/Page_KDMC - CMO/a_Department Wise Request' is clicked on

2018-06-09 20:45:42 - [TEST_STEP][PASSED] - selectOptionByIndex: All options with index in [2] are selected on object 'Object Repository/PharmacyRequest/Page_KDMC - CMO/select_--ALL--'

2018-06-09 20:45:43 - [MESSAGE][PASSED] - All options with index in [2] are selected on object 'Object Repository/PharmacyRequest/Page_KDMC - CMO/select_--ALL--'

2018-06-09 20:45:43 - [TEST_STEP][PASSED] - selectOptionByIndex: All options with index in [1] are selected on object 'Object Repository/PharmacyRequest/Page_KDMC - CMO/select_--ALL--                _1'

2018-06-09 20:45:43 - [MESSAGE][PASSED] - All options with index in [1] are selected on object 'Object Repository/PharmacyRequest/Page_KDMC - CMO/select_--ALL--                _1'

2018-06-09 20:45:43 - [TEST_STEP][PASSED] - click: Object: 'Object Repository/PharmacyRequest/Page_KDMC - CMO/input_btnsearch' is clicked on

2018-06-09 20:45:43 - [MESSAGE][PASSED] - Object: 'Object Repository/PharmacyRequest/Page_KDMC - CMO/input_btnsearch' is clicked on

2018-06-09 20:45:43 - [TEST_STEP][PASSED] - Statement - ID = com.kms.katalon.core.webui.keyword.WebUiBuiltInKeywords.modifyObjectProperty(com.kms.katalon.core.testobject.ObjectRepository.findTestObject(PharmacyRequest/Page_KDMC - CMO/input_2), "xpath", "equals", "//*[@id=" + RID + "]", true): Modify property of object successfully

2018-06-09 20:45:43 - [MESSAGE][PASSED] - Modify property of object successfully

2018-06-09 20:45:43 - [TEST_STEP][PASSED] - click: Object: 'Object Repository/PharmacyRequest/Page_KDMC - CMO/input_2' is clicked on

2018-06-09 20:45:44 - [MESSAGE][PASSED] - Object: 'Object Repository/PharmacyRequest/Page_KDMC - CMO/input_2' is clicked on

2018-06-09 20:45:44 - [TEST_STEP][PASSED] - delay: Delayed 3 second(s)

2018-06-09 20:45:47 - [MESSAGE][PASSED] - Delayed 3 second(s)

2018-06-09 20:45:47 - [TEST_STEP][PASSED] - selectOptionByIndex: All options with index in [1] are selected on object 'Object Repository/PharmacyRequest/Page_KDMC - CMO/select_--Select--'

2018-06-09 20:45:47 - [MESSAGE][PASSED] - All options with index in [1] are selected on object 'Object Repository/PharmacyRequest/Page_KDMC - CMO/select_--Select--'

2018-06-09 20:45:47 - [TEST_STEP][PASSED] - click: Object: 'Object Repository/PharmacyRequest/Page_KDMC - CMO/input_btnupdate' is clicked on

2018-06-09 20:45:47 - [MESSAGE][PASSED] - Object: 'Object Repository/PharmacyRequest/Page_KDMC - CMO/input_btnupdate' is clicked on

2018-06-09 20:45:47 - [TEST_STEP][PASSED] - delay: Delayed 3 second(s)

2018-06-09 20:45:50 - [MESSAGE][PASSED] - Delayed 3 second(s)

2018-06-09 20:45:50 - [TEST_STEP][PASSED] - click: Object: 'Object Repository/PharmacyRequest/Page_KDMC - CMO/button_OK' is clicked on

2018-06-09 20:45:51 - [MESSAGE][PASSED] - Object: 'Object Repository/PharmacyRequest/Page_KDMC - CMO/button_OK' is clicked on

2018-06-09 20:45:51 - [TEST_STEP][PASSED] - delay: Delayed 3 second(s)

2018-06-09 20:45:54 - [MESSAGE][PASSED] - Delayed 3 second(s)

2018-06-09 20:45:54 - [TEST_STEP][PASSED] - click: Object: 'Object Repository/PharmacyRequest/Page_KDMC - CMO/a_dropdown-toggle' is clicked on

2018-06-09 20:45:54 - [MESSAGE][PASSED] - Object: 'Object Repository/PharmacyRequest/Page_KDMC - CMO/a_dropdown-toggle' is clicked on

2018-06-09 20:45:54 - [TEST_STEP][PASSED] - click: Object: 'Object Repository/PharmacyRequest/Page_KDMC - CMO/a_Sign out' is clicked on

2018-06-09 20:45:54 - [MESSAGE][PASSED] - Object: 'Object Repository/PharmacyRequest/Page_KDMC - CMO/a_Sign out' is clicked on

2018-06-09 20:45:54 - [TEST_STEP][PASSED] - delay: Delayed 3 second(s)

2018-06-09 20:45:57 - [MESSAGE][PASSED] - Delayed 3 second(s)

2018-06-09 20:45:57 - [TEST_STEP][PASSED] - click: Object: 'Object Repository/PharmacyRequest/Page_KDMC/a_Divisional Store' is clicked on

2018-06-09 20:45:58 - [MESSAGE][PASSED] - Object: 'Object Repository/PharmacyRequest/Page_KDMC/a_Divisional Store' is clicked on

2018-06-09 20:45:58 - [TEST_STEP][PASSED] - setText: Text 'ragu' is set on object 'Object Repository/PharmacyRequest/Page_Divisonal Store Login/input_txtusername'

2018-06-09 20:45:58 - [MESSAGE][PASSED] - Text 'ragu' is set on object 'Object Repository/PharmacyRequest/Page_Divisonal Store Login/input_txtusername'

2018-06-09 20:45:58 - [TEST_STEP][PASSED] - setText: Text '123' is set on object 'Object Repository/PharmacyRequest/Page_Divisonal Store Login/input_txtpassword'

2018-06-09 20:45:58 - [MESSAGE][PASSED] - Text '123' is set on object 'Object Repository/PharmacyRequest/Page_Divisonal Store Login/input_txtpassword'

2018-06-09 20:45:58 - [TEST_STEP][PASSED] - delay: Delayed 3 second(s)

2018-06-09 20:46:01 - [MESSAGE][PASSED] - Delayed 3 second(s)

2018-06-09 20:46:01 - [TEST_STEP][PASSED] - click: Object: 'Object Repository/PharmacyRequest/Page_Divisonal Store Login/button_Sign in' is clicked on

2018-06-09 20:46:02 - [MESSAGE][PASSED] - Object: 'Object Repository/PharmacyRequest/Page_Divisonal Store Login/button_Sign in' is clicked on

2018-06-09 20:46:02 - [TEST_STEP][PASSED] - delay: Delayed 3 second(s)

2018-06-09 20:46:05 - [MESSAGE][PASSED] - Delayed 3 second(s)

2018-06-09 20:46:05 - [TEST_STEP][PASSED] - click: Object: 'Object Repository/PharmacyRequest/Page_Store/a_Pharmacy Request' is clicked on

2018-06-09 20:46:05 - [MESSAGE][PASSED] - Object: 'Object Repository/PharmacyRequest/Page_Store/a_Pharmacy Request' is clicked on

2018-06-09 20:46:05 - [TEST_STEP][PASSED] - click: Object: 'Object Repository/PharmacyRequest/Page_Store/a_Request Item Pharmacy' is clicked on

2018-06-09 20:46:06 - [MESSAGE][PASSED] - Object: 'Object Repository/PharmacyRequest/Page_Store/a_Request Item Pharmacy' is clicked on

2018-06-09 20:46:06 - [TEST_STEP][PASSED] - delay: Delayed 2 second(s)

2018-06-09 20:46:08 - [MESSAGE][PASSED] - Delayed 2 second(s)

2018-06-09 20:46:08 - [TEST_STEP][PASSED] - setText: Text 'PRNO/09062018/225' is set on object 'Object Repository/PharmacyRequest/Page_Store/input'

2018-06-09 20:46:08 - [MESSAGE][PASSED] - Text 'PRNO/09062018/225' is set on object 'Object Repository/PharmacyRequest/Page_Store/input'

2018-06-09 20:46:08 - [TEST_STEP][PASSED] - delay: Delayed 2 second(s)

2018-06-09 20:46:10 - [MESSAGE][PASSED] - Delayed 2 second(s)

2018-06-09 20:46:10 - [TEST_STEP][PASSED] - Statement - ChooseRequest = com.kms.katalon.core.webui.keyword.WebUiBuiltInKeywords.modifyObjectProperty(com.kms.katalon.core.testobject.ObjectRepository.findTestObject(PharmacyRequest/Page_Store/input_2), "xpath", "equals", "//*[@id=" + RID + "]", true): Modify property of object successfully

2018-06-09 20:46:10 - [MESSAGE][PASSED] - Modify property of object successfully

2018-06-09 20:46:10 - [TEST_STEP][PASSED] - click: Object: 'Object Repository/PharmacyRequest/Page_Store/input_2' is clicked on

2018-06-09 20:46:10 - [MESSAGE][PASSED] - Object: 'Object Repository/PharmacyRequest/Page_Store/input_2' is clicked on

2018-06-09 20:46:10 - [TEST_STEP][PASSED] - delay: Delayed 2 second(s)

2018-06-09 20:46:12 - [MESSAGE][PASSED] - Delayed 2 second(s)

2018-06-09 20:46:12 - [TEST_STEP][PASSED] - Statement - selectedoptions = com.kms.katalon.core.webui.keyword.WebUiBuiltInKeywords.getNumberOfTotalOption(com.kms.katalon.core.testobject.ObjectRepository.findTestObject(PharmacyRequest/Page_Store/select_--Select--Amlodepin -5)): 19 options of object 'Object Repository/PharmacyRequest/Page_Store/select_--Select--Amlodepin -5' counted

2018-06-09 20:46:13 - [MESSAGE][PASSED] - 19 options of object 'Object Repository/PharmacyRequest/Page_Store/select_--Select--Amlodepin -5' counted

2018-06-09 20:46:13 - [TEST_STEP][PASSED] - Statement - For ([a = 1, a <= selectedoptions - 1, (a++)]): null

2018-06-09 20:46:13 - [TEST_STEP][PASSED] - selectOptionByIndex: All options with index in [1] are selected on object 'Object Repository/PharmacyRequest/Page_Store/select_--Select--Amlodepin -5'

2018-06-09 20:46:13 - [MESSAGE][PASSED] - All options with index in [1] are selected on object 'Object Repository/PharmacyRequest/Page_Store/select_--Select--Amlodepin -5'

2018-06-09 20:46:13 - [TEST_STEP][PASSED] - delay: Delayed 1 second(s)

2018-06-09 20:46:14 - [MESSAGE][PASSED] - Delayed 1 second(s)

2018-06-09 20:46:14 - [TEST_STEP][PASSED] - Statement - RequestedQty = com.kms.katalon.core.webui.keyword.WebUiBuiltInKeywords.getAttribute(com.kms.katalon.core.testobject.ObjectRepository.findTestObject(PharmacyRequest/Page_Store/input_txttotal), "value"): Attribute 'value' of object 'Object Repository/PharmacyRequest/Page_Store/input_txttotal' is: '10'

2018-06-09 20:46:14 - [MESSAGE][PASSED] - Attribute 'value' of object 'Object Repository/PharmacyRequest/Page_Store/input_txttotal' is: '10'

2018-06-09 20:46:14 - [TEST_STEP][PASSED] - Statement - out.println("Requested QTY : " + RequestedQty): null

2018-06-09 20:46:14 - [TEST_STEP][PASSED] - Statement - BatchNumber = com.kms.katalon.core.webui.keyword.WebUiBuiltInKeywords.getNumberOfTotalOption(com.kms.katalon.core.testobject.ObjectRepository.findTestObject(PharmacyRequest/Page_Store/select_--Select--BA50)): 3 options of object 'Object Repository/PharmacyRequest/Page_Store/select_--Select--BA50' counted

2018-06-09 20:46:14 - [MESSAGE][PASSED] - 3 options of object 'Object Repository/PharmacyRequest/Page_Store/select_--Select--BA50' counted

2018-06-09 20:46:14 - [TEST_STEP][PASSED] - Statement - For ([g = 1, g <= BatchNumber - 1, (g++)]): null

2018-06-09 20:46:14 - [TEST_STEP][PASSED] - selectOptionByIndex: All options with index in [1] are selected on object 'Object Repository/PharmacyRequest/Page_Store/select_--Select--BA50'

2018-06-09 20:46:14 - [MESSAGE][PASSED] - All options with index in [1] are selected on object 'Object Repository/PharmacyRequest/Page_Store/select_--Select--BA50'

2018-06-09 20:46:14 - [TEST_STEP][PASSED] - delay: Delayed 1 second(s)

2018-06-09 20:46:15 - [MESSAGE][PASSED] - Delayed 1 second(s)

2018-06-09 20:46:15 - [TEST_STEP][PASSED] - Statement - StockQty = com.kms.katalon.core.webui.keyword.WebUiBuiltInKeywords.getAttribute(com.kms.katalon.core.testobject.ObjectRepository.findTestObject(PharmacyRequest/Page_Store/input_txtprice), "value"): Attribute 'value' of object 'Object Repository/PharmacyRequest/Page_Store/input_txtprice' is: '490'

2018-06-09 20:46:15 - [MESSAGE][PASSED] - Attribute 'value' of object 'Object Repository/PharmacyRequest/Page_Store/input_txtprice' is: '490'

2018-06-09 20:46:15 - [TEST_STEP][PASSED] - Statement - out.println("Stock QTY : " + StockQty): null

2018-06-09 20:46:15 - [TEST_STEP][PASSED] - delay: Delayed 1 second(s)

2018-06-09 20:46:16 - [MESSAGE][PASSED] - Delayed 1 second(s)

2018-06-09 20:46:16 - [TEST_STEP][PASSED] - Statement - If (java.lang.Integer.valueOf(StockQty) >= java.lang.Integer.valueOf(RequestedQty)): null

2018-06-09 20:46:16 - [TEST_STEP][PASSED] - setText: Text '10' is set on object 'Object Repository/PharmacyRequest/Page_Store/input_txtqty'

2018-06-09 20:46:16 - [MESSAGE][PASSED] - Text '10' is set on object 'Object Repository/PharmacyRequest/Page_Store/input_txtqty'

2018-06-09 20:46:16 - [TEST_STEP][PASSED] - click: Object: 'Object Repository/PharmacyRequest/Page_Store/button_Add' is clicked on

2018-06-09 20:46:16 - [MESSAGE][PASSED] - Object: 'Object Repository/PharmacyRequest/Page_Store/button_Add' is clicked on

2018-06-09 20:46:16 - [TEST_STEP][PASSED] - Statement - Break: null

2018-06-09 20:46:16 - [TEST_STEP][PASSED] - selectOptionByIndex: All options with index in [2] are selected on object 'Object Repository/PharmacyRequest/Page_Store/select_--Select--Amlodepin -5'

2018-06-09 20:46:16 - [MESSAGE][PASSED] - All options with index in [2] are selected on object 'Object Repository/PharmacyRequest/Page_Store/select_--Select--Amlodepin -5'

2018-06-09 20:46:16 - [TEST_STEP][PASSED] - delay: Delayed 1 second(s)

2018-06-09 20:46:17 - [MESSAGE][PASSED] - Delayed 1 second(s)

2018-06-09 20:46:17 - [TEST_STEP][PASSED] - Statement - RequestedQty = com.kms.katalon.core.webui.keyword.WebUiBuiltInKeywords.getAttribute(com.kms.katalon.core.testobject.ObjectRepository.findTestObject(PharmacyRequest/Page_Store/input_txttotal), "value"): Attribute 'value' of object 'Object Repository/PharmacyRequest/Page_Store/input_txttotal' is: '10'

2018-06-09 20:46:17 - [MESSAGE][PASSED] - Attribute 'value' of object 'Object Repository/PharmacyRequest/Page_Store/input_txttotal' is: '10'

2018-06-09 20:46:17 - [TEST_STEP][PASSED] - Statement - out.println("Requested QTY : " + RequestedQty): null

2018-06-09 20:46:17 - [TEST_STEP][PASSED] - Statement - BatchNumber = com.kms.katalon.core.webui.keyword.WebUiBuiltInKeywords.getNumberOfTotalOption(com.kms.katalon.core.testobject.ObjectRepository.findTestObject(PharmacyRequest/Page_Store/select_--Select--BA50)): 4 options of object 'Object Repository/PharmacyRequest/Page_Store/select_--Select--BA50' counted

2018-06-09 20:46:17 - [MESSAGE][PASSED] - 4 options of object 'Object Repository/PharmacyRequest/Page_Store/select_--Select--BA50' counted

2018-06-09 20:46:17 - [TEST_STEP][PASSED] - Statement - For ([g = 1, g <= BatchNumber - 1, (g++)]): null

2018-06-09 20:46:17 - [TEST_STEP][PASSED] - selectOptionByIndex: All options with index in [1] are selected on object 'Object Repository/PharmacyRequest/Page_Store/select_--Select--BA50'

2018-06-09 20:46:17 - [MESSAGE][PASSED] - All options with index in [1] are selected on object 'Object Repository/PharmacyRequest/Page_Store/select_--Select--BA50'

2018-06-09 20:46:17 - [TEST_STEP][PASSED] - delay: Delayed 1 second(s)

2018-06-09 20:46:18 - [MESSAGE][PASSED] - Delayed 1 second(s)

2018-06-09 20:46:18 - [TEST_STEP][PASSED] - Statement - StockQty = com.kms.katalon.core.webui.keyword.WebUiBuiltInKeywords.getAttribute(com.kms.katalon.core.testobject.ObjectRepository.findTestObject(PharmacyRequest/Page_Store/input_txtprice), "value"): Attribute 'value' of object 'Object Repository/PharmacyRequest/Page_Store/input_txtprice' is: '390'

2018-06-09 20:46:18 - [MESSAGE][PASSED] - Attribute 'value' of object 'Object Repository/PharmacyRequest/Page_Store/input_txtprice' is: '390'

2018-06-09 20:46:18 - [TEST_STEP][PASSED] - Statement - out.println("Stock QTY : " + StockQty): null

2018-06-09 20:46:18 - [TEST_STEP][PASSED] - delay: Delayed 1 second(s)

2018-06-09 20:46:19 - [MESSAGE][PASSED] - Delayed 1 second(s)

2018-06-09 20:46:19 - [TEST_STEP][PASSED] - Statement - If (java.lang.Integer.valueOf(StockQty) >= java.lang.Integer.valueOf(RequestedQty)): null

2018-06-09 20:46:19 - [TEST_STEP][PASSED] - setText: Text '10' is set on object 'Object Repository/PharmacyRequest/Page_Store/input_txtqty'

2018-06-09 20:46:20 - [MESSAGE][PASSED] - Text '10' is set on object 'Object Repository/PharmacyRequest/Page_Store/input_txtqty'

2018-06-09 20:46:20 - [TEST_STEP][PASSED] - click: Object: 'Object Repository/PharmacyRequest/Page_Store/button_Add' is clicked on

2018-06-09 20:46:20 - [MESSAGE][PASSED] - Object: 'Object Repository/PharmacyRequest/Page_Store/button_Add' is clicked on

2018-06-09 20:46:20 - [TEST_STEP][PASSED] - Statement - Break: null

2018-06-09 20:46:20 - [TEST_STEP][PASSED] - selectOptionByIndex: All options with index in [3] are selected on object 'Object Repository/PharmacyRequest/Page_Store/select_--Select--Amlodepin -5'

2018-06-09 20:46:20 - [MESSAGE][PASSED] - All options with index in [3] are selected on object 'Object Repository/PharmacyRequest/Page_Store/select_--Select--Amlodepin -5'

2018-06-09 20:46:20 - [TEST_STEP][PASSED] - delay: Delayed 1 second(s)

2018-06-09 20:46:21 - [MESSAGE][PASSED] - Delayed 1 second(s)

2018-06-09 20:46:21 - [TEST_STEP][PASSED] - Statement - RequestedQty = com.kms.katalon.core.webui.keyword.WebUiBuiltInKeywords.getAttribute(com.kms.katalon.core.testobject.ObjectRepository.findTestObject(PharmacyRequest/Page_Store/input_txttotal), "value"): Attribute 'value' of object 'Object Repository/PharmacyRequest/Page_Store/input_txttotal' is: '10'

2018-06-09 20:46:21 - [MESSAGE][PASSED] - Attribute 'value' of object 'Object Repository/PharmacyRequest/Page_Store/input_txttotal' is: '10'

2018-06-09 20:46:21 - [TEST_STEP][PASSED] - Statement - out.println("Requested QTY : " + RequestedQty): null

2018-06-09 20:46:21 - [TEST_STEP][PASSED] - Statement - BatchNumber = com.kms.katalon.core.webui.keyword.WebUiBuiltInKeywords.getNumberOfTotalOption(com.kms.katalon.core.testobject.ObjectRepository.findTestObject(PharmacyRequest/Page_Store/select_--Select--BA50)): 5 options of object 'Object Repository/PharmacyRequest/Page_Store/select_--Select--BA50' counted

2018-06-09 20:46:21 - [MESSAGE][PASSED] - 5 options of object 'Object Repository/PharmacyRequest/Page_Store/select_--Select--BA50' counted

2018-06-09 20:46:21 - [TEST_STEP][PASSED] - Statement - For ([g = 1, g <= BatchNumber - 1, (g++)]): null

2018-06-09 20:46:21 - [TEST_STEP][PASSED] - selectOptionByIndex: All options with index in [1] are selected on object 'Object Repository/PharmacyRequest/Page_Store/select_--Select--BA50'

2018-06-09 20:46:21 - [MESSAGE][PASSED] - All options with index in [1] are selected on object 'Object Repository/PharmacyRequest/Page_Store/select_--Select--BA50'

2018-06-09 20:46:21 - [TEST_STEP][PASSED] - delay: Delayed 1 second(s)

2018-06-09 20:46:22 - [MESSAGE][PASSED] - Delayed 1 second(s)

2018-06-09 20:46:22 - [TEST_STEP][PASSED] - Statement - StockQty = com.kms.katalon.core.webui.keyword.WebUiBuiltInKeywords.getAttribute(com.kms.katalon.core.testobject.ObjectRepository.findTestObject(PharmacyRequest/Page_Store/input_txtprice), "value"): Attribute 'value' of object 'Object Repository/PharmacyRequest/Page_Store/input_txtprice' is: '300'

2018-06-09 20:46:22 - [MESSAGE][PASSED] - Attribute 'value' of object 'Object Repository/PharmacyRequest/Page_Store/input_txtprice' is: '300'

2018-06-09 20:46:22 - [TEST_STEP][PASSED] - Statement - out.println("Stock QTY : " + StockQty): null

2018-06-09 20:46:22 - [TEST_STEP][PASSED] - delay: Delayed 1 second(s)

2018-06-09 20:46:23 - [MESSAGE][PASSED] - Delayed 1 second(s)

2018-06-09 20:46:23 - [TEST_STEP][PASSED] - Statement - If (java.lang.Integer.valueOf(StockQty) >= java.lang.Integer.valueOf(RequestedQty)): null

2018-06-09 20:46:23 - [TEST_STEP][PASSED] - setText: Text '10' is set on object 'Object Repository/PharmacyRequest/Page_Store/input_txtqty'

2018-06-09 20:46:23 - [MESSAGE][PASSED] - Text '10' is set on object 'Object Repository/PharmacyRequest/Page_Store/input_txtqty'

2018-06-09 20:46:23 - [TEST_STEP][PASSED] - click: Object: 'Object Repository/PharmacyRequest/Page_Store/button_Add' is clicked on

2018-06-09 20:46:23 - [MESSAGE][PASSED] - Object: 'Object Repository/PharmacyRequest/Page_Store/button_Add' is clicked on

2018-06-09 20:46:23 - [TEST_STEP][PASSED] - Statement - Break: null

2018-06-09 20:46:23 - [TEST_STEP][PASSED] - selectOptionByIndex: All options with index in [4] are selected on object 'Object Repository/PharmacyRequest/Page_Store/select_--Select--Amlodepin -5'

2018-06-09 20:46:23 - [MESSAGE][PASSED] - All options with index in [4] are selected on object 'Object Repository/PharmacyRequest/Page_Store/select_--Select--Amlodepin -5'

2018-06-09 20:46:23 - [TEST_STEP][PASSED] - delay: Delayed 1 second(s)

2018-06-09 20:46:24 - [MESSAGE][PASSED] - Delayed 1 second(s)

2018-06-09 20:46:24 - [TEST_STEP][PASSED] - Statement - RequestedQty = com.kms.katalon.core.webui.keyword.WebUiBuiltInKeywords.getAttribute(com.kms.katalon.core.testobject.ObjectRepository.findTestObject(PharmacyRequest/Page_Store/input_txttotal), "value"): Attribute 'value' of object 'Object Repository/PharmacyRequest/Page_Store/input_txttotal' is: '10'

2018-06-09 20:46:24 - [MESSAGE][PASSED] - Attribute 'value' of object 'Object Repository/PharmacyRequest/Page_Store/input_txttotal' is: '10'

2018-06-09 20:46:24 - [TEST_STEP][PASSED] - Statement - out.println("Requested QTY : " + RequestedQty): null

2018-06-09 20:46:24 - [TEST_STEP][PASSED] - Statement - BatchNumber = com.kms.katalon.core.webui.keyword.WebUiBuiltInKeywords.getNumberOfTotalOption(com.kms.katalon.core.testobject.ObjectRepository.findTestObject(PharmacyRequest/Page_Store/select_--Select--BA50)): 3 options of object 'Object Repository/PharmacyRequest/Page_Store/select_--Select--BA50' counted

2018-06-09 20:46:24 - [MESSAGE][PASSED] - 3 options of object 'Object Repository/PharmacyRequest/Page_Store/select_--Select--BA50' counted

2018-06-09 20:46:24 - [TEST_STEP][PASSED] - Statement - For ([g = 1, g <= BatchNumber - 1, (g++)]): null

2018-06-09 20:46:24 - [TEST_STEP][PASSED] - selectOptionByIndex: All options with index in [1] are selected on object 'Object Repository/PharmacyRequest/Page_Store/select_--Select--BA50'

2018-06-09 20:46:25 - [MESSAGE][PASSED] - All options with index in [1] are selected on object 'Object Repository/PharmacyRequest/Page_Store/select_--Select--BA50'

2018-06-09 20:46:25 - [TEST_STEP][PASSED] - delay: Delayed 1 second(s)

2018-06-09 20:46:26 - [MESSAGE][PASSED] - Delayed 1 second(s)

2018-06-09 20:46:26 - [TEST_STEP][PASSED] - Statement - StockQty = com.kms.katalon.core.webui.keyword.WebUiBuiltInKeywords.getAttribute(com.kms.katalon.core.testobject.ObjectRepository.findTestObject(PharmacyRequest/Page_Store/input_txtprice), "value"): Attribute 'value' of object 'Object Repository/PharmacyRequest/Page_Store/input_txtprice' is: '490'

2018-06-09 20:46:26 - [MESSAGE][PASSED] - Attribute 'value' of object 'Object Repository/PharmacyRequest/Page_Store/input_txtprice' is: '490'

2018-06-09 20:46:26 - [TEST_STEP][PASSED] - Statement - out.println("Stock QTY : " + StockQty): null

2018-06-09 20:46:26 - [TEST_STEP][PASSED] - delay: Delayed 1 second(s)

2018-06-09 20:46:27 - [MESSAGE][PASSED] - Delayed 1 second(s)

2018-06-09 20:46:27 - [TEST_STEP][PASSED] - Statement - If (java.lang.Integer.valueOf(StockQty) >= java.lang.Integer.valueOf(RequestedQty)): null

2018-06-09 20:46:27 - [TEST_STEP][PASSED] - setText: Text '10' is set on object 'Object Repository/PharmacyRequest/Page_Store/input_txtqty'

2018-06-09 20:46:27 - [MESSAGE][PASSED] - Text '10' is set on object 'Object Repository/PharmacyRequest/Page_Store/input_txtqty'

2018-06-09 20:46:27 - [TEST_STEP][PASSED] - click: Object: 'Object Repository/PharmacyRequest/Page_Store/button_Add' is clicked on

2018-06-09 20:46:27 - [MESSAGE][PASSED] - Object: 'Object Repository/PharmacyRequest/Page_Store/button_Add' is clicked on

2018-06-09 20:46:27 - [TEST_STEP][PASSED] - Statement - Break: null

2018-06-09 20:46:27 - [TEST_STEP][PASSED] - selectOptionByIndex: All options with index in [5] are selected on object 'Object Repository/PharmacyRequest/Page_Store/select_--Select--Amlodepin -5'

2018-06-09 20:46:27 - [MESSAGE][PASSED] - All options with index in [5] are selected on object 'Object Repository/PharmacyRequest/Page_Store/select_--Select--Amlodepin -5'

2018-06-09 20:46:27 - [TEST_STEP][PASSED] - delay: Delayed 1 second(s)

2018-06-09 20:46:28 - [MESSAGE][PASSED] - Delayed 1 second(s)

2018-06-09 20:46:28 - [TEST_STEP][PASSED] - Statement - RequestedQty = com.kms.katalon.core.webui.keyword.WebUiBuiltInKeywords.getAttribute(com.kms.katalon.core.testobject.ObjectRepository.findTestObject(PharmacyRequest/Page_Store/input_txttotal), "value"): Attribute 'value' of object 'Object Repository/PharmacyRequest/Page_Store/input_txttotal' is: '10'

2018-06-09 20:46:28 - [MESSAGE][PASSED] - Attribute 'value' of object 'Object Repository/PharmacyRequest/Page_Store/input_txttotal' is: '10'

2018-06-09 20:46:28 - [TEST_STEP][PASSED] - Statement - out.println("Requested QTY : " + RequestedQty): null

2018-06-09 20:46:28 - [TEST_STEP][PASSED] - Statement - BatchNumber = com.kms.katalon.core.webui.keyword.WebUiBuiltInKeywords.getNumberOfTotalOption(com.kms.katalon.core.testobject.ObjectRepository.findTestObject(PharmacyRequest/Page_Store/select_--Select--BA50)): 4 options of object 'Object Repository/PharmacyRequest/Page_Store/select_--Select--BA50' counted

2018-06-09 20:46:28 - [MESSAGE][PASSED] - 4 options of object 'Object Repository/PharmacyRequest/Page_Store/select_--Select--BA50' counted

2018-06-09 20:46:28 - [TEST_STEP][PASSED] - Statement - For ([g = 1, g <= BatchNumber - 1, (g++)]): null

2018-06-09 20:46:28 - [TEST_STEP][PASSED] - selectOptionByIndex: All options with index in [1] are selected on object 'Object Repository/PharmacyRequest/Page_Store/select_--Select--BA50'

2018-06-09 20:46:28 - [MESSAGE][PASSED] - All options with index in [1] are selected on object 'Object Repository/PharmacyRequest/Page_Store/select_--Select--BA50'

2018-06-09 20:46:28 - [TEST_STEP][PASSED] - delay: Delayed 1 second(s)

2018-06-09 20:46:29 - [MESSAGE][PASSED] - Delayed 1 second(s)

2018-06-09 20:46:29 - [TEST_STEP][PASSED] - Statement - StockQty = com.kms.katalon.core.webui.keyword.WebUiBuiltInKeywords.getAttribute(com.kms.katalon.core.testobject.ObjectRepository.findTestObject(PharmacyRequest/Page_Store/input_txtprice), "value"): Attribute 'value' of object 'Object Repository/PharmacyRequest/Page_Store/input_txtprice' is: '300'

2018-06-09 20:46:29 - [MESSAGE][PASSED] - Attribute 'value' of object 'Object Repository/PharmacyRequest/Page_Store/input_txtprice' is: '300'

2018-06-09 20:46:29 - [TEST_STEP][PASSED] - Statement - out.println("Stock QTY : " + StockQty): null

2018-06-09 20:46:29 - [TEST_STEP][PASSED] - delay: Delayed 1 second(s)

2018-06-09 20:46:30 - [MESSAGE][PASSED] - Delayed 1 second(s)

2018-06-09 20:46:30 - [TEST_STEP][PASSED] - Statement - If (java.lang.Integer.valueOf(StockQty) >= java.lang.Integer.valueOf(RequestedQty)): null

2018-06-09 20:46:30 - [TEST_STEP][PASSED] - setText: Text '10' is set on object 'Object Repository/PharmacyRequest/Page_Store/input_txtqty'

2018-06-09 20:46:30 - [MESSAGE][PASSED] - Text '10' is set on object 'Object Repository/PharmacyRequest/Page_Store/input_txtqty'

2018-06-09 20:46:30 - [TEST_STEP][PASSED] - click: Object: 'Object Repository/PharmacyRequest/Page_Store/button_Add' is clicked on

2018-06-09 20:46:30 - [MESSAGE][PASSED] - Object: 'Object Repository/PharmacyRequest/Page_Store/button_Add' is clicked on

2018-06-09 20:46:30 - [TEST_STEP][PASSED] - Statement - Break: null

2018-06-09 20:46:30 - [TEST_STEP][PASSED] - selectOptionByIndex: All options with index in [6] are selected on object 'Object Repository/PharmacyRequest/Page_Store/select_--Select--Amlodepin -5'

2018-06-09 20:46:30 - [MESSAGE][PASSED] - All options with index in [6] are selected on object 'Object Repository/PharmacyRequest/Page_Store/select_--Select--Amlodepin -5'

2018-06-09 20:46:30 - [TEST_STEP][PASSED] - delay: Delayed 1 second(s)

2018-06-09 20:46:31 - [MESSAGE][PASSED] - Delayed 1 second(s)

2018-06-09 20:46:31 - [TEST_STEP][PASSED] - Statement - RequestedQty = com.kms.katalon.core.webui.keyword.WebUiBuiltInKeywords.getAttribute(com.kms.katalon.core.testobject.ObjectRepository.findTestObject(PharmacyRequest/Page_Store/input_txttotal), "value"): Attribute 'value' of object 'Object Repository/PharmacyRequest/Page_Store/input_txttotal' is: '10'

2018-06-09 20:46:31 - [MESSAGE][PASSED] - Attribute 'value' of object 'Object Repository/PharmacyRequest/Page_Store/input_txttotal' is: '10'

2018-06-09 20:46:31 - [TEST_STEP][PASSED] - Statement - out.println("Requested QTY : " + RequestedQty): null

2018-06-09 20:46:31 - [TEST_STEP][PASSED] - Statement - BatchNumber = com.kms.katalon.core.webui.keyword.WebUiBuiltInKeywords.getNumberOfTotalOption(com.kms.katalon.core.testobject.ObjectRepository.findTestObject(PharmacyRequest/Page_Store/select_--Select--BA50)): 3 options of object 'Object Repository/PharmacyRequest/Page_Store/select_--Select--BA50' counted

2018-06-09 20:46:32 - [MESSAGE][PASSED] - 3 options of object 'Object Repository/PharmacyRequest/Page_Store/select_--Select--BA50' counted

2018-06-09 20:46:32 - [TEST_STEP][PASSED] - Statement - For ([g = 1, g <= BatchNumber - 1, (g++)]): null

2018-06-09 20:46:32 - [TEST_STEP][PASSED] - selectOptionByIndex: All options with index in [1] are selected on object 'Object Repository/PharmacyRequest/Page_Store/select_--Select--BA50'

2018-06-09 20:46:32 - [MESSAGE][PASSED] - All options with index in [1] are selected on object 'Object Repository/PharmacyRequest/Page_Store/select_--Select--BA50'

2018-06-09 20:46:32 - [TEST_STEP][PASSED] - delay: Delayed 1 second(s)

2018-06-09 20:46:33 - [MESSAGE][PASSED] - Delayed 1 second(s)

2018-06-09 20:46:33 - [TEST_STEP][PASSED] - Statement - StockQty = com.kms.katalon.core.webui.keyword.WebUiBuiltInKeywords.getAttribute(com.kms.katalon.core.testobject.ObjectRepository.findTestObject(PharmacyRequest/Page_Store/input_txtprice), "value"): Attribute 'value' of object 'Object Repository/PharmacyRequest/Page_Store/input_txtprice' is: '1265'

2018-06-09 20:46:33 - [MESSAGE][PASSED] - Attribute 'value' of object 'Object Repository/PharmacyRequest/Page_Store/input_txtprice' is: '1265'

2018-06-09 20:46:33 - [TEST_STEP][PASSED] - Statement - out.println("Stock QTY : " + StockQty): null

2018-06-09 20:46:33 - [TEST_STEP][PASSED] - delay: Delayed 1 second(s)

2018-06-09 20:46:34 - [MESSAGE][PASSED] - Delayed 1 second(s)

2018-06-09 20:46:34 - [TEST_STEP][PASSED] - Statement - If (java.lang.Integer.valueOf(StockQty) >= java.lang.Integer.valueOf(RequestedQty)): null

2018-06-09 20:46:34 - [TEST_STEP][PASSED] - setText: Text '10' is set on object 'Object Repository/PharmacyRequest/Page_Store/input_txtqty'

2018-06-09 20:46:34 - [MESSAGE][PASSED] - Text '10' is set on object 'Object Repository/PharmacyRequest/Page_Store/input_txtqty'

2018-06-09 20:46:34 - [TEST_STEP][PASSED] - click: Object: 'Object Repository/PharmacyRequest/Page_Store/button_Add' is clicked on

2018-06-09 20:46:34 - [MESSAGE][PASSED] - Object: 'Object Repository/PharmacyRequest/Page_Store/button_Add' is clicked on

2018-06-09 20:46:34 - [TEST_STEP][PASSED] - Statement - Break: null

2018-06-09 20:46:34 - [TEST_STEP][PASSED] - selectOptionByIndex: All options with index in [7] are selected on object 'Object Repository/PharmacyRequest/Page_Store/select_--Select--Amlodepin -5'

2018-06-09 20:46:34 - [MESSAGE][PASSED] - All options with index in [7] are selected on object 'Object Repository/PharmacyRequest/Page_Store/select_--Select--Amlodepin -5'

2018-06-09 20:46:34 - [TEST_STEP][PASSED] - delay: Delayed 1 second(s)

2018-06-09 20:46:35 - [MESSAGE][PASSED] - Delayed 1 second(s)

2018-06-09 20:46:35 - [TEST_STEP][PASSED] - Statement - RequestedQty = com.kms.katalon.core.webui.keyword.WebUiBuiltInKeywords.getAttribute(com.kms.katalon.core.testobject.ObjectRepository.findTestObject(PharmacyRequest/Page_Store/input_txttotal), "value"): Attribute 'value' of object 'Object Repository/PharmacyRequest/Page_Store/input_txttotal' is: '10'

2018-06-09 20:46:35 - [MESSAGE][PASSED] - Attribute 'value' of object 'Object Repository/PharmacyRequest/Page_Store/input_txttotal' is: '10'

2018-06-09 20:46:35 - [TEST_STEP][PASSED] - Statement - out.println("Requested QTY : " + RequestedQty): null

2018-06-09 20:46:35 - [TEST_STEP][PASSED] - Statement - BatchNumber = com.kms.katalon.core.webui.keyword.WebUiBuiltInKeywords.getNumberOfTotalOption(com.kms.katalon.core.testobject.ObjectRepository.findTestObject(PharmacyRequest/Page_Store/select_--Select--BA50)): 3 options of object 'Object Repository/PharmacyRequest/Page_Store/select_--Select--BA50' counted

2018-06-09 20:46:35 - [MESSAGE][PASSED] - 3 options of object 'Object Repository/PharmacyRequest/Page_Store/select_--Select--BA50' counted

2018-06-09 20:46:35 - [TEST_STEP][PASSED] - Statement - For ([g = 1, g <= BatchNumber - 1, (g++)]): null

2018-06-09 20:46:35 - [TEST_STEP][PASSED] - selectOptionByIndex: All options with index in [1] are selected on object 'Object Repository/PharmacyRequest/Page_Store/select_--Select--BA50'

2018-06-09 20:46:35 - [MESSAGE][PASSED] - All options with index in [1] are selected on object 'Object Repository/PharmacyRequest/Page_Store/select_--Select--BA50'

2018-06-09 20:46:35 - [TEST_STEP][PASSED] - delay: Delayed 1 second(s)

2018-06-09 20:46:36 - [MESSAGE][PASSED] - Delayed 1 second(s)

2018-06-09 20:46:36 - [TEST_STEP][PASSED] - Statement - StockQty = com.kms.katalon.core.webui.keyword.WebUiBuiltInKeywords.getAttribute(com.kms.katalon.core.testobject.ObjectRepository.findTestObject(PharmacyRequest/Page_Store/input_txtprice), "value"): Attribute 'value' of object 'Object Repository/PharmacyRequest/Page_Store/input_txtprice' is: '396'

2018-06-09 20:46:36 - [MESSAGE][PASSED] - Attribute 'value' of object 'Object Repository/PharmacyRequest/Page_Store/input_txtprice' is: '396'

2018-06-09 20:46:36 - [TEST_STEP][PASSED] - Statement - out.println("Stock QTY : " + StockQty): null

2018-06-09 20:46:36 - [TEST_STEP][PASSED] - delay: Delayed 1 second(s)

2018-06-09 20:46:37 - [MESSAGE][PASSED] - Delayed 1 second(s)

2018-06-09 20:46:37 - [TEST_STEP][PASSED] - Statement - If (java.lang.Integer.valueOf(StockQty) >= java.lang.Integer.valueOf(RequestedQty)): null

2018-06-09 20:46:37 - [TEST_STEP][PASSED] - setText: Text '10' is set on object 'Object Repository/PharmacyRequest/Page_Store/input_txtqty'

2018-06-09 20:46:37 - [MESSAGE][PASSED] - Text '10' is set on object 'Object Repository/PharmacyRequest/Page_Store/input_txtqty'

2018-06-09 20:46:37 - [TEST_STEP][PASSED] - click: Object: 'Object Repository/PharmacyRequest/Page_Store/button_Add' is clicked on

2018-06-09 20:46:37 - [MESSAGE][PASSED] - Object: 'Object Repository/PharmacyRequest/Page_Store/button_Add' is clicked on

2018-06-09 20:46:37 - [TEST_STEP][PASSED] - Statement - Break: null

2018-06-09 20:46:37 - [TEST_STEP][PASSED] - selectOptionByIndex: All options with index in [8] are selected on object 'Object Repository/PharmacyRequest/Page_Store/select_--Select--Amlodepin -5'

2018-06-09 20:46:38 - [MESSAGE][PASSED] - All options with index in [8] are selected on object 'Object Repository/PharmacyRequest/Page_Store/select_--Select--Amlodepin -5'

2018-06-09 20:46:38 - [TEST_STEP][PASSED] - delay: Delayed 1 second(s)

2018-06-09 20:46:39 - [MESSAGE][PASSED] - Delayed 1 second(s)

2018-06-09 20:46:39 - [TEST_STEP][PASSED] - Statement - RequestedQty = com.kms.katalon.core.webui.keyword.WebUiBuiltInKeywords.getAttribute(com.kms.katalon.core.testobject.ObjectRepository.findTestObject(PharmacyRequest/Page_Store/input_txttotal), "value"): Attribute 'value' of object 'Object Repository/PharmacyRequest/Page_Store/input_txttotal' is: '10'

2018-06-09 20:46:39 - [MESSAGE][PASSED] - Attribute 'value' of object 'Object Repository/PharmacyRequest/Page_Store/input_txttotal' is: '10'

2018-06-09 20:46:39 - [TEST_STEP][PASSED] - Statement - out.println("Requested QTY : " + RequestedQty): null

2018-06-09 20:46:39 - [TEST_STEP][PASSED] - Statement - BatchNumber = com.kms.katalon.core.webui.keyword.WebUiBuiltInKeywords.getNumberOfTotalOption(com.kms.katalon.core.testobject.ObjectRepository.findTestObject(PharmacyRequest/Page_Store/select_--Select--BA50)): 3 options of object 'Object Repository/PharmacyRequest/Page_Store/select_--Select--BA50' counted

2018-06-09 20:46:39 - [MESSAGE][PASSED] - 3 options of object 'Object Repository/PharmacyRequest/Page_Store/select_--Select--BA50' counted

2018-06-09 20:46:39 - [TEST_STEP][PASSED] - Statement - For ([g = 1, g <= BatchNumber - 1, (g++)]): null

2018-06-09 20:46:39 - [TEST_STEP][PASSED] - selectOptionByIndex: All options with index in [1] are selected on object 'Object Repository/PharmacyRequest/Page_Store/select_--Select--BA50'

2018-06-09 20:46:39 - [MESSAGE][PASSED] - All options with index in [1] are selected on object 'Object Repository/PharmacyRequest/Page_Store/select_--Select--BA50'

2018-06-09 20:46:39 - [TEST_STEP][PASSED] - delay: Delayed 1 second(s)

2018-06-09 20:46:40 - [MESSAGE][PASSED] - Delayed 1 second(s)

2018-06-09 20:46:40 - [TEST_STEP][PASSED] - Statement - StockQty = com.kms.katalon.core.webui.keyword.WebUiBuiltInKeywords.getAttribute(com.kms.katalon.core.testobject.ObjectRepository.findTestObject(PharmacyRequest/Page_Store/input_txtprice), "value"): Attribute 'value' of object 'Object Repository/PharmacyRequest/Page_Store/input_txtprice' is: '510'

2018-06-09 20:46:40 - [MESSAGE][PASSED] - Attribute 'value' of object 'Object Repository/PharmacyRequest/Page_Store/input_txtprice' is: '510'

2018-06-09 20:46:40 - [TEST_STEP][PASSED] - Statement - out.println("Stock QTY : " + StockQty): null

2018-06-09 20:46:40 - [TEST_STEP][PASSED] - delay: Delayed 1 second(s)

2018-06-09 20:46:41 - [MESSAGE][PASSED] - Delayed 1 second(s)

2018-06-09 20:46:41 - [TEST_STEP][PASSED] - Statement - If (java.lang.Integer.valueOf(StockQty) >= java.lang.Integer.valueOf(RequestedQty)): null

2018-06-09 20:46:41 - [TEST_STEP][PASSED] - setText: Text '10' is set on object 'Object Repository/PharmacyRequest/Page_Store/input_txtqty'

2018-06-09 20:46:41 - [MESSAGE][PASSED] - Text '10' is set on object 'Object Repository/PharmacyRequest/Page_Store/input_txtqty'

2018-06-09 20:46:41 - [TEST_STEP][PASSED] - click: Object: 'Object Repository/PharmacyRequest/Page_Store/button_Add' is clicked on

2018-06-09 20:46:41 - [MESSAGE][PASSED] - Object: 'Object Repository/PharmacyRequest/Page_Store/button_Add' is clicked on

2018-06-09 20:46:41 - [TEST_STEP][PASSED] - Statement - Break: null

2018-06-09 20:46:41 - [TEST_STEP][PASSED] - selectOptionByIndex: All options with index in [9] are selected on object 'Object Repository/PharmacyRequest/Page_Store/select_--Select--Amlodepin -5'

2018-06-09 20:46:41 - [MESSAGE][PASSED] - All options with index in [9] are selected on object 'Object Repository/PharmacyRequest/Page_Store/select_--Select--Amlodepin -5'

2018-06-09 20:46:41 - [TEST_STEP][PASSED] - delay: Delayed 1 second(s)

2018-06-09 20:46:42 - [MESSAGE][PASSED] - Delayed 1 second(s)

2018-06-09 20:46:42 - [TEST_STEP][PASSED] - Statement - RequestedQty = com.kms.katalon.core.webui.keyword.WebUiBuiltInKeywords.getAttribute(com.kms.katalon.core.testobject.ObjectRepository.findTestObject(PharmacyRequest/Page_Store/input_txttotal), "value"): Attribute 'value' of object 'Object Repository/PharmacyRequest/Page_Store/input_txttotal' is: '10'

2018-06-09 20:46:42 - [MESSAGE][PASSED] - Attribute 'value' of object 'Object Repository/PharmacyRequest/Page_Store/input_txttotal' is: '10'

2018-06-09 20:46:42 - [TEST_STEP][PASSED] - Statement - out.println("Requested QTY : " + RequestedQty): null

2018-06-09 20:46:42 - [TEST_STEP][PASSED] - Statement - BatchNumber = com.kms.katalon.core.webui.keyword.WebUiBuiltInKeywords.getNumberOfTotalOption(com.kms.katalon.core.testobject.ObjectRepository.findTestObject(PharmacyRequest/Page_Store/select_--Select--BA50)): 4 options of object 'Object Repository/PharmacyRequest/Page_Store/select_--Select--BA50' counted

2018-06-09 20:46:42 - [MESSAGE][PASSED] - 4 options of object 'Object Repository/PharmacyRequest/Page_Store/select_--Select--BA50' counted

2018-06-09 20:46:42 - [TEST_STEP][PASSED] - Statement - For ([g = 1, g <= BatchNumber - 1, (g++)]): null

2018-06-09 20:46:42 - [TEST_STEP][PASSED] - selectOptionByIndex: All options with index in [1] are selected on object 'Object Repository/PharmacyRequest/Page_Store/select_--Select--BA50'

2018-06-09 20:46:42 - [MESSAGE][PASSED] - All options with index in [1] are selected on object 'Object Repository/PharmacyRequest/Page_Store/select_--Select--BA50'

2018-06-09 20:46:42 - [TEST_STEP][PASSED] - delay: Delayed 1 second(s)

2018-06-09 20:46:43 - [MESSAGE][PASSED] - Delayed 1 second(s)

2018-06-09 20:46:43 - [TEST_STEP][PASSED] - Statement - StockQty = com.kms.katalon.core.webui.keyword.WebUiBuiltInKeywords.getAttribute(com.kms.katalon.core.testobject.ObjectRepository.findTestObject(PharmacyRequest/Page_Store/input_txtprice), "value"): Attribute 'value' of object 'Object Repository/PharmacyRequest/Page_Store/input_txtprice' is: '316'

2018-06-09 20:46:43 - [MESSAGE][PASSED] - Attribute 'value' of object 'Object Repository/PharmacyRequest/Page_Store/input_txtprice' is: '316'

2018-06-09 20:46:43 - [TEST_STEP][PASSED] - Statement - out.println("Stock QTY : " + StockQty): null

2018-06-09 20:46:43 - [TEST_STEP][PASSED] - delay: Delayed 1 second(s)

2018-06-09 20:46:44 - [MESSAGE][PASSED] - Delayed 1 second(s)

2018-06-09 20:46:44 - [TEST_STEP][PASSED] - Statement - If (java.lang.Integer.valueOf(StockQty) >= java.lang.Integer.valueOf(RequestedQty)): null

2018-06-09 20:46:44 - [TEST_STEP][PASSED] - setText: Text '10' is set on object 'Object Repository/PharmacyRequest/Page_Store/input_txtqty'

2018-06-09 20:46:44 - [MESSAGE][PASSED] - Text '10' is set on object 'Object Repository/PharmacyRequest/Page_Store/input_txtqty'

2018-06-09 20:46:44 - [TEST_STEP][PASSED] - click: Object: 'Object Repository/PharmacyRequest/Page_Store/button_Add' is clicked on

2018-06-09 20:46:45 - [MESSAGE][PASSED] - Object: 'Object Repository/PharmacyRequest/Page_Store/button_Add' is clicked on

2018-06-09 20:46:45 - [TEST_STEP][PASSED] - Statement - Break: null

2018-06-09 20:46:45 - [TEST_STEP][PASSED] - selectOptionByIndex: All options with index in [10] are selected on object 'Object Repository/PharmacyRequest/Page_Store/select_--Select--Amlodepin -5'

2018-06-09 20:46:45 - [MESSAGE][PASSED] - All options with index in [10] are selected on object 'Object Repository/PharmacyRequest/Page_Store/select_--Select--Amlodepin -5'

2018-06-09 20:46:45 - [TEST_STEP][PASSED] - delay: Delayed 1 second(s)

2018-06-09 20:46:46 - [MESSAGE][PASSED] - Delayed 1 second(s)

2018-06-09 20:46:46 - [TEST_STEP][PASSED] - Statement - RequestedQty = com.kms.katalon.core.webui.keyword.WebUiBuiltInKeywords.getAttribute(com.kms.katalon.core.testobject.ObjectRepository.findTestObject(PharmacyRequest/Page_Store/input_txttotal), "value"): Attribute 'value' of object 'Object Repository/PharmacyRequest/Page_Store/input_txttotal' is: '10'

2018-06-09 20:46:46 - [MESSAGE][PASSED] - Attribute 'value' of object 'Object Repository/PharmacyRequest/Page_Store/input_txttotal' is: '10'

2018-06-09 20:46:46 - [TEST_STEP][PASSED] - Statement - out.println("Requested QTY : " + RequestedQty): null

2018-06-09 20:46:46 - [TEST_STEP][PASSED] - Statement - BatchNumber = com.kms.katalon.core.webui.keyword.WebUiBuiltInKeywords.getNumberOfTotalOption(com.kms.katalon.core.testobject.ObjectRepository.findTestObject(PharmacyRequest/Page_Store/select_--Select--BA50)): 4 options of object 'Object Repository/PharmacyRequest/Page_Store/select_--Select--BA50' counted

2018-06-09 20:46:46 - [MESSAGE][PASSED] - 4 options of object 'Object Repository/PharmacyRequest/Page_Store/select_--Select--BA50' counted

2018-06-09 20:46:46 - [TEST_STEP][PASSED] - Statement - For ([g = 1, g <= BatchNumber - 1, (g++)]): null

2018-06-09 20:46:46 - [TEST_STEP][PASSED] - selectOptionByIndex: All options with index in [1] are selected on object 'Object Repository/PharmacyRequest/Page_Store/select_--Select--BA50'

2018-06-09 20:46:46 - [MESSAGE][PASSED] - All options with index in [1] are selected on object 'Object Repository/PharmacyRequest/Page_Store/select_--Select--BA50'

2018-06-09 20:46:46 - [TEST_STEP][PASSED] - delay: Delayed 1 second(s)

2018-06-09 20:46:47 - [MESSAGE][PASSED] - Delayed 1 second(s)

2018-06-09 20:46:47 - [TEST_STEP][PASSED] - Statement - StockQty = com.kms.katalon.core.webui.keyword.WebUiBuiltInKeywords.getAttribute(com.kms.katalon.core.testobject.ObjectRepository.findTestObject(PharmacyRequest/Page_Store/input_txtprice), "value"): Attribute 'value' of object 'Object Repository/PharmacyRequest/Page_Store/input_txtprice' is: '210'

2018-06-09 20:46:47 - [MESSAGE][PASSED] - Attribute 'value' of object 'Object Repository/PharmacyRequest/Page_Store/input_txtprice' is: '210'

2018-06-09 20:46:47 - [TEST_STEP][PASSED] - Statement - out.println("Stock QTY : " + StockQty): null

2018-06-09 20:46:47 - [TEST_STEP][PASSED] - delay: Delayed 1 second(s)

2018-06-09 20:46:48 - [MESSAGE][PASSED] - Delayed 1 second(s)

2018-06-09 20:46:48 - [TEST_STEP][PASSED] - Statement - If (java.lang.Integer.valueOf(StockQty) >= java.lang.Integer.valueOf(RequestedQty)): null

2018-06-09 20:46:48 - [TEST_STEP][PASSED] - setText: Text '10' is set on object 'Object Repository/PharmacyRequest/Page_Store/input_txtqty'

2018-06-09 20:46:48 - [MESSAGE][PASSED] - Text '10' is set on object 'Object Repository/PharmacyRequest/Page_Store/input_txtqty'

2018-06-09 20:46:48 - [TEST_STEP][PASSED] - click: Object: 'Object Repository/PharmacyRequest/Page_Store/button_Add' is clicked on

2018-06-09 20:46:48 - [MESSAGE][PASSED] - Object: 'Object Repository/PharmacyRequest/Page_Store/button_Add' is clicked on

2018-06-09 20:46:48 - [TEST_STEP][PASSED] - Statement - Break: null

2018-06-09 20:46:48 - [TEST_STEP][PASSED] - selectOptionByIndex: All options with index in [11] are selected on object 'Object Repository/PharmacyRequest/Page_Store/select_--Select--Amlodepin -5'

2018-06-09 20:46:48 - [MESSAGE][PASSED] - All options with index in [11] are selected on object 'Object Repository/PharmacyRequest/Page_Store/select_--Select--Amlodepin -5'

2018-06-09 20:46:48 - [TEST_STEP][PASSED] - delay: Delayed 1 second(s)

2018-06-09 20:46:49 - [MESSAGE][PASSED] - Delayed 1 second(s)

2018-06-09 20:46:49 - [TEST_STEP][PASSED] - Statement - RequestedQty = com.kms.katalon.core.webui.keyword.WebUiBuiltInKeywords.getAttribute(com.kms.katalon.core.testobject.ObjectRepository.findTestObject(PharmacyRequest/Page_Store/input_txttotal), "value"): Attribute 'value' of object 'Object Repository/PharmacyRequest/Page_Store/input_txttotal' is: '10'

2018-06-09 20:46:49 - [MESSAGE][PASSED] - Attribute 'value' of object 'Object Repository/PharmacyRequest/Page_Store/input_txttotal' is: '10'

2018-06-09 20:46:49 - [TEST_STEP][PASSED] - Statement - out.println("Requested QTY : " + RequestedQty): null

2018-06-09 20:46:49 - [TEST_STEP][PASSED] - Statement - BatchNumber = com.kms.katalon.core.webui.keyword.WebUiBuiltInKeywords.getNumberOfTotalOption(com.kms.katalon.core.testobject.ObjectRepository.findTestObject(PharmacyRequest/Page_Store/select_--Select--BA50)): 4 options of object 'Object Repository/PharmacyRequest/Page_Store/select_--Select--BA50' counted

2018-06-09 20:46:49 - [MESSAGE][PASSED] - 4 options of object 'Object Repository/PharmacyRequest/Page_Store/select_--Select--BA50' counted

2018-06-09 20:46:49 - [TEST_STEP][PASSED] - Statement - For ([g = 1, g <= BatchNumber - 1, (g++)]): null

2018-06-09 20:46:49 - [TEST_STEP][PASSED] - selectOptionByIndex: All options with index in [1] are selected on object 'Object Repository/PharmacyRequest/Page_Store/select_--Select--BA50'

2018-06-09 20:46:50 - [MESSAGE][PASSED] - All options with index in [1] are selected on object 'Object Repository/PharmacyRequest/Page_Store/select_--Select--BA50'

2018-06-09 20:46:50 - [TEST_STEP][PASSED] - delay: Delayed 1 second(s)

2018-06-09 20:46:51 - [MESSAGE][PASSED] - Delayed 1 second(s)

2018-06-09 20:46:51 - [TEST_STEP][PASSED] - Statement - StockQty = com.kms.katalon.core.webui.keyword.WebUiBuiltInKeywords.getAttribute(com.kms.katalon.core.testobject.ObjectRepository.findTestObject(PharmacyRequest/Page_Store/input_txtprice), "value"): Attribute 'value' of object 'Object Repository/PharmacyRequest/Page_Store/input_txtprice' is: '304'

2018-06-09 20:46:51 - [MESSAGE][PASSED] - Attribute 'value' of object 'Object Repository/PharmacyRequest/Page_Store/input_txtprice' is: '304'

2018-06-09 20:46:51 - [TEST_STEP][PASSED] - Statement - out.println("Stock QTY : " + StockQty): null

2018-06-09 20:46:51 - [TEST_STEP][PASSED] - delay: Delayed 1 second(s)

2018-06-09 20:46:52 - [MESSAGE][PASSED] - Delayed 1 second(s)

2018-06-09 20:46:52 - [TEST_STEP][PASSED] - Statement - If (java.lang.Integer.valueOf(StockQty) >= java.lang.Integer.valueOf(RequestedQty)): null

2018-06-09 20:46:52 - [TEST_STEP][PASSED] - setText: Text '10' is set on object 'Object Repository/PharmacyRequest/Page_Store/input_txtqty'

2018-06-09 20:46:52 - [MESSAGE][PASSED] - Text '10' is set on object 'Object Repository/PharmacyRequest/Page_Store/input_txtqty'

2018-06-09 20:46:52 - [TEST_STEP][PASSED] - click: Object: 'Object Repository/PharmacyRequest/Page_Store/button_Add' is clicked on

2018-06-09 20:46:52 - [MESSAGE][PASSED] - Object: 'Object Repository/PharmacyRequest/Page_Store/button_Add' is clicked on

2018-06-09 20:46:52 - [TEST_STEP][PASSED] - Statement - Break: null

2018-06-09 20:46:52 - [TEST_STEP][PASSED] - selectOptionByIndex: All options with index in [12] are selected on object 'Object Repository/PharmacyRequest/Page_Store/select_--Select--Amlodepin -5'

2018-06-09 20:46:52 - [MESSAGE][PASSED] - All options with index in [12] are selected on object 'Object Repository/PharmacyRequest/Page_Store/select_--Select--Amlodepin -5'

2018-06-09 20:46:52 - [TEST_STEP][PASSED] - delay: Delayed 1 second(s)

2018-06-09 20:46:53 - [MESSAGE][PASSED] - Delayed 1 second(s)

2018-06-09 20:46:53 - [TEST_STEP][PASSED] - Statement - RequestedQty = com.kms.katalon.core.webui.keyword.WebUiBuiltInKeywords.getAttribute(com.kms.katalon.core.testobject.ObjectRepository.findTestObject(PharmacyRequest/Page_Store/input_txttotal), "value"): Attribute 'value' of object 'Object Repository/PharmacyRequest/Page_Store/input_txttotal' is: '10'

2018-06-09 20:46:53 - [MESSAGE][PASSED] - Attribute 'value' of object 'Object Repository/PharmacyRequest/Page_Store/input_txttotal' is: '10'

2018-06-09 20:46:53 - [TEST_STEP][PASSED] - Statement - out.println("Requested QTY : " + RequestedQty): null

2018-06-09 20:46:53 - [TEST_STEP][PASSED] - Statement - BatchNumber = com.kms.katalon.core.webui.keyword.WebUiBuiltInKeywords.getNumberOfTotalOption(com.kms.katalon.core.testobject.ObjectRepository.findTestObject(PharmacyRequest/Page_Store/select_--Select--BA50)): 5 options of object 'Object Repository/PharmacyRequest/Page_Store/select_--Select--BA50' counted

2018-06-09 20:46:53 - [MESSAGE][PASSED] - 5 options of object 'Object Repository/PharmacyRequest/Page_Store/select_--Select--BA50' counted

2018-06-09 20:46:53 - [TEST_STEP][PASSED] - Statement - For ([g = 1, g <= BatchNumber - 1, (g++)]): null

2018-06-09 20:46:53 - [TEST_STEP][PASSED] - selectOptionByIndex: All options with index in [1] are selected on object 'Object Repository/PharmacyRequest/Page_Store/select_--Select--BA50'

2018-06-09 20:46:53 - [MESSAGE][PASSED] - All options with index in [1] are selected on object 'Object Repository/PharmacyRequest/Page_Store/select_--Select--BA50'

2018-06-09 20:46:53 - [TEST_STEP][PASSED] - delay: Delayed 1 second(s)

2018-06-09 20:46:54 - [MESSAGE][PASSED] - Delayed 1 second(s)

2018-06-09 20:46:54 - [TEST_STEP][PASSED] - Statement - StockQty = com.kms.katalon.core.webui.keyword.WebUiBuiltInKeywords.getAttribute(com.kms.katalon.core.testobject.ObjectRepository.findTestObject(PharmacyRequest/Page_Store/input_txtprice), "value"): Attribute 'value' of object 'Object Repository/PharmacyRequest/Page_Store/input_txtprice' is: '300'

2018-06-09 20:46:54 - [MESSAGE][PASSED] - Attribute 'value' of object 'Object Repository/PharmacyRequest/Page_Store/input_txtprice' is: '300'

2018-06-09 20:46:54 - [TEST_STEP][PASSED] - Statement - out.println("Stock QTY : " + StockQty): null

2018-06-09 20:46:54 - [TEST_STEP][PASSED] - delay: Delayed 1 second(s)

2018-06-09 20:46:55 - [MESSAGE][PASSED] - Delayed 1 second(s)

2018-06-09 20:46:55 - [TEST_STEP][PASSED] - Statement - If (java.lang.Integer.valueOf(StockQty) >= java.lang.Integer.valueOf(RequestedQty)): null

2018-06-09 20:46:55 - [TEST_STEP][PASSED] - setText: Text '10' is set on object 'Object Repository/PharmacyRequest/Page_Store/input_txtqty'

2018-06-09 20:46:55 - [MESSAGE][PASSED] - Text '10' is set on object 'Object Repository/PharmacyRequest/Page_Store/input_txtqty'

2018-06-09 20:46:55 - [TEST_STEP][PASSED] - click: Object: 'Object Repository/PharmacyRequest/Page_Store/button_Add' is clicked on

2018-06-09 20:46:55 - [MESSAGE][PASSED] - Object: 'Object Repository/PharmacyRequest/Page_Store/button_Add' is clicked on

2018-06-09 20:46:55 - [TEST_STEP][PASSED] - Statement - Break: null

2018-06-09 20:46:55 - [TEST_STEP][PASSED] - selectOptionByIndex: All options with index in [13] are selected on object 'Object Repository/PharmacyRequest/Page_Store/select_--Select--Amlodepin -5'

2018-06-09 20:46:56 - [MESSAGE][PASSED] - All options with index in [13] are selected on object 'Object Repository/PharmacyRequest/Page_Store/select_--Select--Amlodepin -5'

2018-06-09 20:46:56 - [TEST_STEP][PASSED] - delay: Delayed 1 second(s)

2018-06-09 20:46:57 - [MESSAGE][PASSED] - Delayed 1 second(s)

2018-06-09 20:46:57 - [TEST_STEP][PASSED] - Statement - RequestedQty = com.kms.katalon.core.webui.keyword.WebUiBuiltInKeywords.getAttribute(com.kms.katalon.core.testobject.ObjectRepository.findTestObject(PharmacyRequest/Page_Store/input_txttotal), "value"): Attribute 'value' of object 'Object Repository/PharmacyRequest/Page_Store/input_txttotal' is: '10'

2018-06-09 20:46:57 - [MESSAGE][PASSED] - Attribute 'value' of object 'Object Repository/PharmacyRequest/Page_Store/input_txttotal' is: '10'

2018-06-09 20:46:57 - [TEST_STEP][PASSED] - Statement - out.println("Requested QTY : " + RequestedQty): null

2018-06-09 20:46:57 - [TEST_STEP][PASSED] - Statement - BatchNumber = com.kms.katalon.core.webui.keyword.WebUiBuiltInKeywords.getNumberOfTotalOption(com.kms.katalon.core.testobject.ObjectRepository.findTestObject(PharmacyRequest/Page_Store/select_--Select--BA50)): 3 options of object 'Object Repository/PharmacyRequest/Page_Store/select_--Select--BA50' counted

2018-06-09 20:46:57 - [MESSAGE][PASSED] - 3 options of object 'Object Repository/PharmacyRequest/Page_Store/select_--Select--BA50' counted

2018-06-09 20:46:57 - [TEST_STEP][PASSED] - Statement - For ([g = 1, g <= BatchNumber - 1, (g++)]): null

2018-06-09 20:46:57 - [TEST_STEP][PASSED] - selectOptionByIndex: All options with index in [1] are selected on object 'Object Repository/PharmacyRequest/Page_Store/select_--Select--BA50'

2018-06-09 20:46:57 - [MESSAGE][PASSED] - All options with index in [1] are selected on object 'Object Repository/PharmacyRequest/Page_Store/select_--Select--BA50'

2018-06-09 20:46:57 - [TEST_STEP][PASSED] - delay: Delayed 1 second(s)

2018-06-09 20:46:58 - [MESSAGE][PASSED] - Delayed 1 second(s)

2018-06-09 20:46:58 - [TEST_STEP][PASSED] - Statement - StockQty = com.kms.katalon.core.webui.keyword.WebUiBuiltInKeywords.getAttribute(com.kms.katalon.core.testobject.ObjectRepository.findTestObject(PharmacyRequest/Page_Store/input_txtprice), "value"): Attribute 'value' of object 'Object Repository/PharmacyRequest/Page_Store/input_txtprice' is: '1360'

2018-06-09 20:46:58 - [MESSAGE][PASSED] - Attribute 'value' of object 'Object Repository/PharmacyRequest/Page_Store/input_txtprice' is: '1360'

2018-06-09 20:46:58 - [TEST_STEP][PASSED] - Statement - out.println("Stock QTY : " + StockQty): null

2018-06-09 20:46:58 - [TEST_STEP][PASSED] - delay: Delayed 1 second(s)

2018-06-09 20:46:59 - [MESSAGE][PASSED] - Delayed 1 second(s)

2018-06-09 20:46:59 - [TEST_STEP][PASSED] - Statement - If (java.lang.Integer.valueOf(StockQty) >= java.lang.Integer.valueOf(RequestedQty)): null

2018-06-09 20:46:59 - [TEST_STEP][PASSED] - setText: Text '10' is set on object 'Object Repository/PharmacyRequest/Page_Store/input_txtqty'

2018-06-09 20:46:59 - [MESSAGE][PASSED] - Text '10' is set on object 'Object Repository/PharmacyRequest/Page_Store/input_txtqty'

2018-06-09 20:46:59 - [TEST_STEP][PASSED] - click: Object: 'Object Repository/PharmacyRequest/Page_Store/button_Add' is clicked on

2018-06-09 20:46:59 - [MESSAGE][PASSED] - Object: 'Object Repository/PharmacyRequest/Page_Store/button_Add' is clicked on

2018-06-09 20:46:59 - [TEST_STEP][PASSED] - Statement - Break: null

2018-06-09 20:46:59 - [TEST_STEP][PASSED] - selectOptionByIndex: All options with index in [14] are selected on object 'Object Repository/PharmacyRequest/Page_Store/select_--Select--Amlodepin -5'

2018-06-09 20:46:59 - [MESSAGE][PASSED] - All options with index in [14] are selected on object 'Object Repository/PharmacyRequest/Page_Store/select_--Select--Amlodepin -5'

2018-06-09 20:46:59 - [TEST_STEP][PASSED] - delay: Delayed 1 second(s)

2018-06-09 20:47:00 - [MESSAGE][PASSED] - Delayed 1 second(s)

2018-06-09 20:47:00 - [TEST_STEP][PASSED] - Statement - RequestedQty = com.kms.katalon.core.webui.keyword.WebUiBuiltInKeywords.getAttribute(com.kms.katalon.core.testobject.ObjectRepository.findTestObject(PharmacyRequest/Page_Store/input_txttotal), "value"): Attribute 'value' of object 'Object Repository/PharmacyRequest/Page_Store/input_txttotal' is: '10'

2018-06-09 20:47:00 - [MESSAGE][PASSED] - Attribute 'value' of object 'Object Repository/PharmacyRequest/Page_Store/input_txttotal' is: '10'

2018-06-09 20:47:00 - [TEST_STEP][PASSED] - Statement - out.println("Requested QTY : " + RequestedQty): null

2018-06-09 20:47:00 - [TEST_STEP][PASSED] - Statement - BatchNumber = com.kms.katalon.core.webui.keyword.WebUiBuiltInKeywords.getNumberOfTotalOption(com.kms.katalon.core.testobject.ObjectRepository.findTestObject(PharmacyRequest/Page_Store/select_--Select--BA50)): 5 options of object 'Object Repository/PharmacyRequest/Page_Store/select_--Select--BA50' counted

2018-06-09 20:47:00 - [MESSAGE][PASSED] - 5 options of object 'Object Repository/PharmacyRequest/Page_Store/select_--Select--BA50' counted

2018-06-09 20:47:00 - [TEST_STEP][PASSED] - Statement - For ([g = 1, g <= BatchNumber - 1, (g++)]): null

2018-06-09 20:47:00 - [TEST_STEP][PASSED] - selectOptionByIndex: All options with index in [1] are selected on object 'Object Repository/PharmacyRequest/Page_Store/select_--Select--BA50'

2018-06-09 20:47:00 - [MESSAGE][PASSED] - All options with index in [1] are selected on object 'Object Repository/PharmacyRequest/Page_Store/select_--Select--BA50'

2018-06-09 20:47:00 - [TEST_STEP][PASSED] - delay: Delayed 1 second(s)

2018-06-09 20:47:01 - [MESSAGE][PASSED] - Delayed 1 second(s)

2018-06-09 20:47:01 - [TEST_STEP][PASSED] - Statement - StockQty = com.kms.katalon.core.webui.keyword.WebUiBuiltInKeywords.getAttribute(com.kms.katalon.core.testobject.ObjectRepository.findTestObject(PharmacyRequest/Page_Store/input_txtprice), "value"): Attribute 'value' of object 'Object Repository/PharmacyRequest/Page_Store/input_txtprice' is: '300'

2018-06-09 20:47:01 - [MESSAGE][PASSED] - Attribute 'value' of object 'Object Repository/PharmacyRequest/Page_Store/input_txtprice' is: '300'

2018-06-09 20:47:01 - [TEST_STEP][PASSED] - Statement - out.println("Stock QTY : " + StockQty): null

2018-06-09 20:47:01 - [TEST_STEP][PASSED] - delay: Delayed 1 second(s)

2018-06-09 20:47:02 - [MESSAGE][PASSED] - Delayed 1 second(s)

2018-06-09 20:47:02 - [TEST_STEP][PASSED] - Statement - If (java.lang.Integer.valueOf(StockQty) >= java.lang.Integer.valueOf(RequestedQty)): null

2018-06-09 20:47:02 - [TEST_STEP][PASSED] - setText: Text '10' is set on object 'Object Repository/PharmacyRequest/Page_Store/input_txtqty'

2018-06-09 20:47:02 - [MESSAGE][PASSED] - Text '10' is set on object 'Object Repository/PharmacyRequest/Page_Store/input_txtqty'

2018-06-09 20:47:02 - [TEST_STEP][PASSED] - click: Object: 'Object Repository/PharmacyRequest/Page_Store/button_Add' is clicked on

2018-06-09 20:47:03 - [MESSAGE][PASSED] - Object: 'Object Repository/PharmacyRequest/Page_Store/button_Add' is clicked on

2018-06-09 20:47:03 - [TEST_STEP][PASSED] - Statement - Break: null

2018-06-09 20:47:03 - [TEST_STEP][PASSED] - selectOptionByIndex: All options with index in [15] are selected on object 'Object Repository/PharmacyRequest/Page_Store/select_--Select--Amlodepin -5'

2018-06-09 20:47:03 - [MESSAGE][PASSED] - All options with index in [15] are selected on object 'Object Repository/PharmacyRequest/Page_Store/select_--Select--Amlodepin -5'

2018-06-09 20:47:03 - [TEST_STEP][PASSED] - delay: Delayed 1 second(s)

2018-06-09 20:47:04 - [MESSAGE][PASSED] - Delayed 1 second(s)

2018-06-09 20:47:04 - [TEST_STEP][PASSED] - Statement - RequestedQty = com.kms.katalon.core.webui.keyword.WebUiBuiltInKeywords.getAttribute(com.kms.katalon.core.testobject.ObjectRepository.findTestObject(PharmacyRequest/Page_Store/input_txttotal), "value"): Attribute 'value' of object 'Object Repository/PharmacyRequest/Page_Store/input_txttotal' is: '10'

2018-06-09 20:47:04 - [MESSAGE][PASSED] - Attribute 'value' of object 'Object Repository/PharmacyRequest/Page_Store/input_txttotal' is: '10'

2018-06-09 20:47:04 - [TEST_STEP][PASSED] - Statement - out.println("Requested QTY : " + RequestedQty): null

2018-06-09 20:47:04 - [TEST_STEP][PASSED] - Statement - BatchNumber = com.kms.katalon.core.webui.keyword.WebUiBuiltInKeywords.getNumberOfTotalOption(com.kms.katalon.core.testobject.ObjectRepository.findTestObject(PharmacyRequest/Page_Store/select_--Select--BA50)): 5 options of object 'Object Repository/PharmacyRequest/Page_Store/select_--Select--BA50' counted

2018-06-09 20:47:04 - [MESSAGE][PASSED] - 5 options of object 'Object Repository/PharmacyRequest/Page_Store/select_--Select--BA50' counted

2018-06-09 20:47:04 - [TEST_STEP][PASSED] - Statement - For ([g = 1, g <= BatchNumber - 1, (g++)]): null

2018-06-09 20:47:04 - [TEST_STEP][PASSED] - selectOptionByIndex: All options with index in [1] are selected on object 'Object Repository/PharmacyRequest/Page_Store/select_--Select--BA50'

2018-06-09 20:47:04 - [MESSAGE][PASSED] - All options with index in [1] are selected on object 'Object Repository/PharmacyRequest/Page_Store/select_--Select--BA50'

2018-06-09 20:47:04 - [TEST_STEP][PASSED] - delay: Delayed 1 second(s)

2018-06-09 20:47:05 - [MESSAGE][PASSED] - Delayed 1 second(s)

2018-06-09 20:47:05 - [TEST_STEP][PASSED] - Statement - StockQty = com.kms.katalon.core.webui.keyword.WebUiBuiltInKeywords.getAttribute(com.kms.katalon.core.testobject.ObjectRepository.findTestObject(PharmacyRequest/Page_Store/input_txtprice), "value"): Attribute 'value' of object 'Object Repository/PharmacyRequest/Page_Store/input_txtprice' is: '300'

2018-06-09 20:47:05 - [MESSAGE][PASSED] - Attribute 'value' of object 'Object Repository/PharmacyRequest/Page_Store/input_txtprice' is: '300'

2018-06-09 20:47:05 - [TEST_STEP][PASSED] - Statement - out.println("Stock QTY : " + StockQty): null

2018-06-09 20:47:05 - [TEST_STEP][PASSED] - delay: Delayed 1 second(s)

2018-06-09 20:47:06 - [MESSAGE][PASSED] - Delayed 1 second(s)

2018-06-09 20:47:06 - [TEST_STEP][PASSED] - Statement - If (java.lang.Integer.valueOf(StockQty) >= java.lang.Integer.valueOf(RequestedQty)): null

2018-06-09 20:47:06 - [TEST_STEP][PASSED] - setText: Text '10' is set on object 'Object Repository/PharmacyRequest/Page_Store/input_txtqty'

2018-06-09 20:47:06 - [MESSAGE][PASSED] - Text '10' is set on object 'Object Repository/PharmacyRequest/Page_Store/input_txtqty'

2018-06-09 20:47:06 - [TEST_STEP][PASSED] - click: Object: 'Object Repository/PharmacyRequest/Page_Store/button_Add' is clicked on

2018-06-09 20:47:06 - [MESSAGE][PASSED] - Object: 'Object Repository/PharmacyRequest/Page_Store/button_Add' is clicked on

2018-06-09 20:47:06 - [TEST_STEP][PASSED] - Statement - Break: null

2018-06-09 20:47:06 - [TEST_STEP][PASSED] - selectOptionByIndex: All options with index in [16] are selected on object 'Object Repository/PharmacyRequest/Page_Store/select_--Select--Amlodepin -5'

2018-06-09 20:47:07 - [MESSAGE][PASSED] - All options with index in [16] are selected on object 'Object Repository/PharmacyRequest/Page_Store/select_--Select--Amlodepin -5'

2018-06-09 20:47:07 - [TEST_STEP][PASSED] - delay: Delayed 1 second(s)

2018-06-09 20:47:08 - [MESSAGE][PASSED] - Delayed 1 second(s)

2018-06-09 20:47:08 - [TEST_STEP][PASSED] - Statement - RequestedQty = com.kms.katalon.core.webui.keyword.WebUiBuiltInKeywords.getAttribute(com.kms.katalon.core.testobject.ObjectRepository.findTestObject(PharmacyRequest/Page_Store/input_txttotal), "value"): Attribute 'value' of object 'Object Repository/PharmacyRequest/Page_Store/input_txttotal' is: '10'

2018-06-09 20:47:08 - [MESSAGE][PASSED] - Attribute 'value' of object 'Object Repository/PharmacyRequest/Page_Store/input_txttotal' is: '10'

2018-06-09 20:47:08 - [TEST_STEP][PASSED] - Statement - out.println("Requested QTY : " + RequestedQty): null

2018-06-09 20:47:08 - [TEST_STEP][PASSED] - Statement - BatchNumber = com.kms.katalon.core.webui.keyword.WebUiBuiltInKeywords.getNumberOfTotalOption(com.kms.katalon.core.testobject.ObjectRepository.findTestObject(PharmacyRequest/Page_Store/select_--Select--BA50)): 3 options of object 'Object Repository/PharmacyRequest/Page_Store/select_--Select--BA50' counted

2018-06-09 20:47:08 - [MESSAGE][PASSED] - 3 options of object 'Object Repository/PharmacyRequest/Page_Store/select_--Select--BA50' counted

2018-06-09 20:47:08 - [TEST_STEP][PASSED] - Statement - For ([g = 1, g <= BatchNumber - 1, (g++)]): null

2018-06-09 20:47:08 - [TEST_STEP][PASSED] - selectOptionByIndex: All options with index in [1] are selected on object 'Object Repository/PharmacyRequest/Page_Store/select_--Select--BA50'

2018-06-09 20:47:08 - [MESSAGE][PASSED] - All options with index in [1] are selected on object 'Object Repository/PharmacyRequest/Page_Store/select_--Select--BA50'

2018-06-09 20:47:08 - [TEST_STEP][PASSED] - delay: Delayed 1 second(s)

2018-06-09 20:47:09 - [MESSAGE][PASSED] - Delayed 1 second(s)

2018-06-09 20:47:09 - [TEST_STEP][PASSED] - Statement - StockQty = com.kms.katalon.core.webui.keyword.WebUiBuiltInKeywords.getAttribute(com.kms.katalon.core.testobject.ObjectRepository.findTestObject(PharmacyRequest/Page_Store/input_txtprice), "value"): Attribute 'value' of object 'Object Repository/PharmacyRequest/Page_Store/input_txtprice' is: '500'

2018-06-09 20:47:09 - [MESSAGE][PASSED] - Attribute 'value' of object 'Object Repository/PharmacyRequest/Page_Store/input_txtprice' is: '500'

2018-06-09 20:47:09 - [TEST_STEP][PASSED] - Statement - out.println("Stock QTY : " + StockQty): null

2018-06-09 20:47:09 - [TEST_STEP][PASSED] - delay: Delayed 1 second(s)

2018-06-09 20:47:10 - [MESSAGE][PASSED] - Delayed 1 second(s)

2018-06-09 20:47:10 - [TEST_STEP][PASSED] - Statement - If (java.lang.Integer.valueOf(StockQty) >= java.lang.Integer.valueOf(RequestedQty)): null

2018-06-09 20:47:10 - [TEST_STEP][PASSED] - setText: Text '10' is set on object 'Object Repository/PharmacyRequest/Page_Store/input_txtqty'

2018-06-09 20:47:10 - [MESSAGE][PASSED] - Text '10' is set on object 'Object Repository/PharmacyRequest/Page_Store/input_txtqty'

2018-06-09 20:47:10 - [TEST_STEP][PASSED] - click: Object: 'Object Repository/PharmacyRequest/Page_Store/button_Add' is clicked on

2018-06-09 20:47:10 - [MESSAGE][PASSED] - Object: 'Object Repository/PharmacyRequest/Page_Store/button_Add' is clicked on

2018-06-09 20:47:10 - [TEST_STEP][PASSED] - Statement - Break: null

2018-06-09 20:47:10 - [TEST_STEP][PASSED] - selectOptionByIndex: All options with index in [17] are selected on object 'Object Repository/PharmacyRequest/Page_Store/select_--Select--Amlodepin -5'

2018-06-09 20:47:10 - [MESSAGE][PASSED] - All options with index in [17] are selected on object 'Object Repository/PharmacyRequest/Page_Store/select_--Select--Amlodepin -5'

2018-06-09 20:47:10 - [TEST_STEP][PASSED] - delay: Delayed 1 second(s)

2018-06-09 20:47:11 - [MESSAGE][PASSED] - Delayed 1 second(s)

2018-06-09 20:47:11 - [TEST_STEP][PASSED] - Statement - RequestedQty = com.kms.katalon.core.webui.keyword.WebUiBuiltInKeywords.getAttribute(com.kms.katalon.core.testobject.ObjectRepository.findTestObject(PharmacyRequest/Page_Store/input_txttotal), "value"): Attribute 'value' of object 'Object Repository/PharmacyRequest/Page_Store/input_txttotal' is: '10'

2018-06-09 20:47:11 - [MESSAGE][PASSED] - Attribute 'value' of object 'Object Repository/PharmacyRequest/Page_Store/input_txttotal' is: '10'

2018-06-09 20:47:11 - [TEST_STEP][PASSED] - Statement - out.println("Requested QTY : " + RequestedQty): null

2018-06-09 20:47:11 - [TEST_STEP][PASSED] - Statement - BatchNumber = com.kms.katalon.core.webui.keyword.WebUiBuiltInKeywords.getNumberOfTotalOption(com.kms.katalon.core.testobject.ObjectRepository.findTestObject(PharmacyRequest/Page_Store/select_--Select--BA50)): 3 options of object 'Object Repository/PharmacyRequest/Page_Store/select_--Select--BA50' counted

2018-06-09 20:47:11 - [MESSAGE][PASSED] - 3 options of object 'Object Repository/PharmacyRequest/Page_Store/select_--Select--BA50' counted

2018-06-09 20:47:11 - [TEST_STEP][PASSED] - Statement - For ([g = 1, g <= BatchNumber - 1, (g++)]): null

2018-06-09 20:47:11 - [TEST_STEP][PASSED] - selectOptionByIndex: All options with index in [1] are selected on object 'Object Repository/PharmacyRequest/Page_Store/select_--Select--BA50'

2018-06-09 20:47:11 - [MESSAGE][PASSED] - All options with index in [1] are selected on object 'Object Repository/PharmacyRequest/Page_Store/select_--Select--BA50'

2018-06-09 20:47:11 - [TEST_STEP][PASSED] - delay: Delayed 1 second(s)

2018-06-09 20:47:12 - [MESSAGE][PASSED] - Delayed 1 second(s)

2018-06-09 20:47:12 - [TEST_STEP][PASSED] - Statement - StockQty = com.kms.katalon.core.webui.keyword.WebUiBuiltInKeywords.getAttribute(com.kms.katalon.core.testobject.ObjectRepository.findTestObject(PharmacyRequest/Page_Store/input_txtprice), "value"): Attribute 'value' of object 'Object Repository/PharmacyRequest/Page_Store/input_txtprice' is: '1360'

2018-06-09 20:47:12 - [MESSAGE][PASSED] - Attribute 'value' of object 'Object Repository/PharmacyRequest/Page_Store/input_txtprice' is: '1360'

2018-06-09 20:47:12 - [TEST_STEP][PASSED] - Statement - out.println("Stock QTY : " + StockQty): null

2018-06-09 20:47:12 - [TEST_STEP][PASSED] - delay: Delayed 1 second(s)

2018-06-09 20:47:13 - [MESSAGE][PASSED] - Delayed 1 second(s)

2018-06-09 20:47:13 - [TEST_STEP][PASSED] - Statement - If (java.lang.Integer.valueOf(StockQty) >= java.lang.Integer.valueOf(RequestedQty)): null

2018-06-09 20:47:13 - [TEST_STEP][PASSED] - setText: Text '10' is set on object 'Object Repository/PharmacyRequest/Page_Store/input_txtqty'

2018-06-09 20:47:13 - [MESSAGE][PASSED] - Text '10' is set on object 'Object Repository/PharmacyRequest/Page_Store/input_txtqty'

2018-06-09 20:47:13 - [TEST_STEP][PASSED] - click: Object: 'Object Repository/PharmacyRequest/Page_Store/button_Add' is clicked on

2018-06-09 20:47:14 - [MESSAGE][PASSED] - Object: 'Object Repository/PharmacyRequest/Page_Store/button_Add' is clicked on

2018-06-09 20:47:14 - [TEST_STEP][PASSED] - Statement - Break: null

2018-06-09 20:47:14 - [TEST_STEP][PASSED] - selectOptionByIndex: All options with index in [18] are selected on object 'Object Repository/PharmacyRequest/Page_Store/select_--Select--Amlodepin -5'

2018-06-09 20:47:14 - [MESSAGE][PASSED] - All options with index in [18] are selected on object 'Object Repository/PharmacyRequest/Page_Store/select_--Select--Amlodepin -5'

2018-06-09 20:47:14 - [TEST_STEP][PASSED] - delay: Delayed 1 second(s)

2018-06-09 20:47:15 - [MESSAGE][PASSED] - Delayed 1 second(s)

2018-06-09 20:47:15 - [TEST_STEP][PASSED] - Statement - RequestedQty = com.kms.katalon.core.webui.keyword.WebUiBuiltInKeywords.getAttribute(com.kms.katalon.core.testobject.ObjectRepository.findTestObject(PharmacyRequest/Page_Store/input_txttotal), "value"): Attribute 'value' of object 'Object Repository/PharmacyRequest/Page_Store/input_txttotal' is: '10'

2018-06-09 20:47:15 - [MESSAGE][PASSED] - Attribute 'value' of object 'Object Repository/PharmacyRequest/Page_Store/input_txttotal' is: '10'

2018-06-09 20:47:15 - [TEST_STEP][PASSED] - Statement - out.println("Requested QTY : " + RequestedQty): null

2018-06-09 20:47:15 - [TEST_STEP][PASSED] - Statement - BatchNumber = com.kms.katalon.core.webui.keyword.WebUiBuiltInKeywords.getNumberOfTotalOption(com.kms.katalon.core.testobject.ObjectRepository.findTestObject(PharmacyRequest/Page_Store/select_--Select--BA50)): 4 options of object 'Object Repository/PharmacyRequest/Page_Store/select_--Select--BA50' counted

2018-06-09 20:47:15 - [MESSAGE][PASSED] - 4 options of object 'Object Repository/PharmacyRequest/Page_Store/select_--Select--BA50' counted

2018-06-09 20:47:15 - [TEST_STEP][PASSED] - Statement - For ([g = 1, g <= BatchNumber - 1, (g++)]): null

2018-06-09 20:47:15 - [TEST_STEP][PASSED] - selectOptionByIndex: All options with index in [1] are selected on object 'Object Repository/PharmacyRequest/Page_Store/select_--Select--BA50'

2018-06-09 20:47:15 - [MESSAGE][PASSED] - All options with index in [1] are selected on object 'Object Repository/PharmacyRequest/Page_Store/select_--Select--BA50'

2018-06-09 20:47:15 - [TEST_STEP][PASSED] - delay: Delayed 1 second(s)

2018-06-09 20:47:16 - [MESSAGE][PASSED] - Delayed 1 second(s)

2018-06-09 20:47:16 - [TEST_STEP][PASSED] - Statement - StockQty = com.kms.katalon.core.webui.keyword.WebUiBuiltInKeywords.getAttribute(com.kms.katalon.core.testobject.ObjectRepository.findTestObject(PharmacyRequest/Page_Store/input_txtprice), "value"): Attribute 'value' of object 'Object Repository/PharmacyRequest/Page_Store/input_txtprice' is: '400'

2018-06-09 20:47:16 - [MESSAGE][PASSED] - Attribute 'value' of object 'Object Repository/PharmacyRequest/Page_Store/input_txtprice' is: '400'

2018-06-09 20:47:16 - [TEST_STEP][PASSED] - Statement - out.println("Stock QTY : " + StockQty): null

2018-06-09 20:47:16 - [TEST_STEP][PASSED] - delay: Delayed 1 second(s)

2018-06-09 20:47:17 - [MESSAGE][PASSED] - Delayed 1 second(s)

2018-06-09 20:47:17 - [TEST_STEP][PASSED] - Statement - If (java.lang.Integer.valueOf(StockQty) >= java.lang.Integer.valueOf(RequestedQty)): null

2018-06-09 20:47:17 - [TEST_STEP][PASSED] - setText: Text '10' is set on object 'Object Repository/PharmacyRequest/Page_Store/input_txtqty'

2018-06-09 20:47:17 - [MESSAGE][PASSED] - Text '10' is set on object 'Object Repository/PharmacyRequest/Page_Store/input_txtqty'

2018-06-09 20:47:17 - [TEST_STEP][PASSED] - click: Object: 'Object Repository/PharmacyRequest/Page_Store/button_Add' is clicked on

2018-06-09 20:47:17 - [MESSAGE][PASSED] - Object: 'Object Repository/PharmacyRequest/Page_Store/button_Add' is clicked on

2018-06-09 20:47:17 - [TEST_STEP][PASSED] - Statement - Break: null

2018-06-09 20:47:17 - [TEST_STEP][PASSED] - scrollToElement: Scroll to object 'Object Repository/PharmacyRequest/Page_Store/input_btnSubmit' successfully

2018-06-09 20:47:17 - [MESSAGE][PASSED] - Scroll to object 'Object Repository/PharmacyRequest/Page_Store/input_btnSubmit' successfully

2018-06-09 20:47:17 - [TEST_STEP][PASSED] - click: Object: 'Object Repository/PharmacyRequest/Page_Store/input_btnSubmit' is clicked on

2018-06-09 20:47:17 - [MESSAGE][PASSED] - Object: 'Object Repository/PharmacyRequest/Page_Store/input_btnSubmit' is clicked on

2018-06-09 20:47:17 - [TEST_STEP][PASSED] - delay: Delayed 3 second(s)

2018-06-09 20:47:20 - [MESSAGE][PASSED] - Delayed 3 second(s)

2018-06-09 20:47:20 - [TEST_STEP][PASSED] - click: Object: 'Object Repository/PharmacyRequest/Page_Store/button_OK' is clicked on

2018-06-09 20:47:21 - [MESSAGE][PASSED] - Object: 'Object Repository/PharmacyRequest/Page_Store/button_OK' is clicked on

2018-06-09 20:47:21 - [TEST_STEP][PASSED] - delay: Delayed 3 second(s)

2018-06-09 20:47:24 - [MESSAGE][PASSED] - Delayed 3 second(s)

2018-06-09 20:47:24 - [TEST_STEP][PASSED] - click: Object: 'Object Repository/PharmacyRequest/Page_Store/a_dropdown-toggle' is clicked on

2018-06-09 20:47:24 - [MESSAGE][PASSED] - Object: 'Object Repository/PharmacyRequest/Page_Store/a_dropdown-toggle' is clicked on

2018-06-09 20:47:24 - [TEST_STEP][PASSED] - click: Object: 'Object Repository/PharmacyRequest/Page_Store/a_Sign out' is clicked on

2018-06-09 20:47:25 - [MESSAGE][PASSED] - Object: 'Object Repository/PharmacyRequest/Page_Store/a_Sign out' is clicked on

2018-06-09 20:47:25 - [TEST_STEP][PASSED] - closeBrowser: Browser is closed

2018-06-09 20:47:25 - [MESSAGE][PASSED] - Browser is closed

2018-06-09 20:47:25 - [TEST_STEP][PASSED] - Statement - out.println("Schedule 10 Pharmacy Request Are Working Successfully"): null]]></system-out>
         <system-err><![CDATA[]]></system-err>
      </testcase>
      <testcase name="Test Cases/PHARMACY TEST CASES/TC_PHAR_011 Verify Schedule 11 Pharmacy Request Are Working Successfully Or Not" classname="Test Cases/PHARMACY TEST CASES/TC_PHAR_011 Verify Schedule 11 Pharmacy Request Are Working Successfully Or Not" status="FAILED">
         <failure type="FAILED" message="Unable to set text '10' of object 'Object Repository/PharmacyRequest/Page_KDMC-Pharmacy/input_txttreat' (Root cause: org.openqa.selenium.WebDriverException: unknown error: cannot focus element
  (Session info: chrome=66.0.3359.181)
  (Driver info: chromedriver=2.35.528161 (5b82f2d2aae0ca24b877009200ced9065a772e73),platform=Windows NT 10.0.17134 x86_64) (WARNING: The server did not provide any stacktrace information)
Command duration or timeout: 0 milliseconds
Build info: version: '3.7.1', revision: '8a0099a', time: '2017-11-06T21:07:36.161Z'
System info: host: 'DESKTOP-BLFTK83', ip: '169.254.189.85', os.name: 'Windows 10', os.arch: 'amd64', os.version: '10.0', java.version: '1.8.0_102'
Driver info: com.kms.katalon.selenium.driver.CChromeDriver
Capabilities {acceptInsecureCerts: false, acceptSslCerts: false, applicationCacheEnabled: false, browserConnectionEnabled: false, browserName: chrome, chrome: {chromedriverVersion: 2.35.528161 (5b82f2d2aae0ca..., userDataDir: C:\Users\QUALIT~1\AppData\L...}, cssSelectorsEnabled: true, databaseEnabled: false, handlesAlerts: true, hasTouchScreen: false, javascriptEnabled: true, locationContextEnabled: true, mobileEmulationEnabled: false, nativeEvents: true, networkConnectionEnabled: false, pageLoadStrategy: normal, platform: XP, platformName: XP, rotatable: false, setWindowRect: true, takesHeapSnapshot: true, takesScreenshot: true, unexpectedAlertBehaviour: , unhandledPromptBehavior: , version: 66.0.3359.181, webStorageEnabled: true}
Session ID: 2b3f0cf57f12398ca1e106f73593fe0e)"/>
         <system-out><![CDATA[2018-06-09 20:47:25 - [TEST_CASE][FAILED] - Test Cases/PHARMACY TEST CASES/TC_PHAR_011 Verify Schedule 11 Pharmacy Request Are Working Successfully Or Not: Test Cases/PHARMACY TEST CASES/TC_PHAR_011 Verify Schedule 11 Pharmacy Request Are Working Successfully Or Not FAILED because (of) Unable to set text '10' of object 'Object Repository/PharmacyRequest/Page_KDMC-Pharmacy/input_txttreat' (Root cause: org.openqa.selenium.WebDriverException: unknown error: cannot focus element
  (Session info: chrome=66.0.3359.181)
  (Driver info: chromedriver=2.35.528161 (5b82f2d2aae0ca24b877009200ced9065a772e73),platform=Windows NT 10.0.17134 x86_64) (WARNING: The server did not provide any stacktrace information)
Command duration or timeout: 0 milliseconds
Build info: version: '3.7.1', revision: '8a0099a', time: '2017-11-06T21:07:36.161Z'
System info: host: 'DESKTOP-BLFTK83', ip: '169.254.189.85', os.name: 'Windows 10', os.arch: 'amd64', os.version: '10.0', java.version: '1.8.0_102'
Driver info: com.kms.katalon.selenium.driver.CChromeDriver
Capabilities {acceptInsecureCerts: false, acceptSslCerts: false, applicationCacheEnabled: false, browserConnectionEnabled: false, browserName: chrome, chrome: {chromedriverVersion: 2.35.528161 (5b82f2d2aae0ca..., userDataDir: C:\Users\QUALIT~1\AppData\L...}, cssSelectorsEnabled: true, databaseEnabled: false, handlesAlerts: true, hasTouchScreen: false, javascriptEnabled: true, locationContextEnabled: true, mobileEmulationEnabled: false, nativeEvents: true, networkConnectionEnabled: false, pageLoadStrategy: normal, platform: XP, platformName: XP, rotatable: false, setWindowRect: true, takesHeapSnapshot: true, takesScreenshot: true, unexpectedAlertBehaviour: , unhandledPromptBehavior: , version: 66.0.3359.181, webStorageEnabled: true}
Session ID: 2b3f0cf57f12398ca1e106f73593fe0e)

2018-06-09 20:47:26 - [TEST_STEP][PASSED] - openBrowser: Browser is opened with url: ''

2018-06-09 20:47:28 - [MESSAGE][PASSED] - Browser is opened with url: ''

2018-06-09 20:47:28 - [TEST_STEP][PASSED] - Statement - out.println("Verify Schedule 11 Pharmacy Request Are Working Successfully Or Not"): null

2018-06-09 20:47:28 - [TEST_STEP][PASSED] - navigateToUrl: Navigate to 'http://192.168.137.1/multihospital_new/' successfully

2018-06-09 20:47:29 - [MESSAGE][PASSED] - Navigate to 'http://192.168.137.1/multihospital_new/' successfully

2018-06-09 20:47:29 - [TEST_STEP][PASSED] - maximizeWindow: Current window maximized

2018-06-09 20:47:30 - [MESSAGE][PASSED] - Current window maximized

2018-06-09 20:47:30 - [TEST_STEP][PASSED] - click: Object: 'Object Repository/PharmacyRequest/Page_KDMC/a_Pharmacy' is clicked on

2018-06-09 20:47:31 - [MESSAGE][PASSED] - Object: 'Object Repository/PharmacyRequest/Page_KDMC/a_Pharmacy' is clicked on

2018-06-09 20:47:31 - [TEST_STEP][PASSED] - setText: Text 'raja' is set on object 'Object Repository/PharmacyRequest/Page_Pharmacy login/input_txtusername'

2018-06-09 20:47:31 - [MESSAGE][PASSED] - Text 'raja' is set on object 'Object Repository/PharmacyRequest/Page_Pharmacy login/input_txtusername'

2018-06-09 20:47:31 - [TEST_STEP][PASSED] - setText: Text '123' is set on object 'Object Repository/PharmacyRequest/Page_Pharmacy login/input_txtpassword'

2018-06-09 20:47:31 - [MESSAGE][PASSED] - Text '123' is set on object 'Object Repository/PharmacyRequest/Page_Pharmacy login/input_txtpassword'

2018-06-09 20:47:31 - [TEST_STEP][PASSED] - delay: Delayed 3 second(s)

2018-06-09 20:47:34 - [MESSAGE][PASSED] - Delayed 3 second(s)

2018-06-09 20:47:34 - [TEST_STEP][PASSED] - click: Object: 'Object Repository/PharmacyRequest/Page_Pharmacy login/button_Sign in' is clicked on

2018-06-09 20:47:35 - [MESSAGE][PASSED] - Object: 'Object Repository/PharmacyRequest/Page_Pharmacy login/button_Sign in' is clicked on

2018-06-09 20:47:35 - [TEST_STEP][PASSED] - delay: Delayed 3 second(s)

2018-06-09 20:47:38 - [MESSAGE][PASSED] - Delayed 3 second(s)

2018-06-09 20:47:38 - [TEST_STEP][PASSED] - click: Object: 'Object Repository/PharmacyRequest/Page_KDMC - Pharmacy/a_Inventory' is clicked on

2018-06-09 20:47:39 - [MESSAGE][PASSED] - Object: 'Object Repository/PharmacyRequest/Page_KDMC - Pharmacy/a_Inventory' is clicked on

2018-06-09 20:47:39 - [TEST_STEP][PASSED] - waitForPageLoad: Wait for page load successfully

2018-06-09 20:47:39 - [MESSAGE][PASSED] - Wait for page load successfully

2018-06-09 20:47:39 - [TEST_STEP][PASSED] - click: Object: 'Object Repository/PharmacyRequest/Page_KDMC-Pharmacy/a_Store Request' is clicked on

2018-06-09 20:47:40 - [MESSAGE][PASSED] - Object: 'Object Repository/PharmacyRequest/Page_KDMC-Pharmacy/a_Store Request' is clicked on

2018-06-09 20:47:40 - [TEST_STEP][PASSED] - click: Object: 'Object Repository/PharmacyRequest/Page_KDMC-Pharmacy/a_Medicine Request' is clicked on

2018-06-09 20:47:40 - [MESSAGE][PASSED] - Object: 'Object Repository/PharmacyRequest/Page_KDMC-Pharmacy/a_Medicine Request' is clicked on

2018-06-09 20:47:40 - [TEST_STEP][PASSED] - selectOptionByIndex: All options with index in [11] are selected on object 'Object Repository/PharmacyRequest/Page_KDMC-Pharmacy/select_--Select--Schedule 1Inj'

2018-06-09 20:47:41 - [MESSAGE][PASSED] - All options with index in [11] are selected on object 'Object Repository/PharmacyRequest/Page_KDMC-Pharmacy/select_--Select--Schedule 1Inj'

2018-06-09 20:47:41 - [TEST_STEP][PASSED] - Statement - MedicineLength = com.kms.katalon.core.webui.keyword.WebUiBuiltInKeywords.getNumberOfTotalOption(com.kms.katalon.core.testobject.ObjectRepository.findTestObject(PharmacyRequest/Page_KDMC-Pharmacy/select_--Select--Albendazole)): 81 options of object 'Object Repository/PharmacyRequest/Page_KDMC-Pharmacy/select_--Select--Albendazole' counted

2018-06-09 20:47:41 - [MESSAGE][PASSED] - 81 options of object 'Object Repository/PharmacyRequest/Page_KDMC-Pharmacy/select_--Select--Albendazole' counted

2018-06-09 20:47:41 - [TEST_STEP][FAILED] - Statement - For ([l = 1, l <= MedicineLength - 1, (l++)]): Unable to set text '10' of object 'Object Repository/PharmacyRequest/Page_KDMC-Pharmacy/input_txttreat' (Root cause: org.openqa.selenium.WebDriverException: unknown error: cannot focus element
  (Session info: chrome=66.0.3359.181)
  (Driver info: chromedriver=2.35.528161 (5b82f2d2aae0ca24b877009200ced9065a772e73),platform=Windows NT 10.0.17134 x86_64) (WARNING: The server did not provide any stacktrace information)
Command duration or timeout: 0 milliseconds
Build info: version: '3.7.1', revision: '8a0099a', time: '2017-11-06T21:07:36.161Z'
System info: host: 'DESKTOP-BLFTK83', ip: '169.254.189.85', os.name: 'Windows 10', os.arch: 'amd64', os.version: '10.0', java.version: '1.8.0_102'
Driver info: com.kms.katalon.selenium.driver.CChromeDriver
Capabilities {acceptInsecureCerts: false, acceptSslCerts: false, applicationCacheEnabled: false, browserConnectionEnabled: false, browserName: chrome, chrome: {chromedriverVersion: 2.35.528161 (5b82f2d2aae0ca..., userDataDir: C:\Users\QUALIT~1\AppData\L...}, cssSelectorsEnabled: true, databaseEnabled: false, handlesAlerts: true, hasTouchScreen: false, javascriptEnabled: true, locationContextEnabled: true, mobileEmulationEnabled: false, nativeEvents: true, networkConnectionEnabled: false, pageLoadStrategy: normal, platform: XP, platformName: XP, rotatable: false, setWindowRect: true, takesHeapSnapshot: true, takesScreenshot: true, unexpectedAlertBehaviour: , unhandledPromptBehavior: , version: 66.0.3359.181, webStorageEnabled: true}
Session ID: 2b3f0cf57f12398ca1e106f73593fe0e)

2018-06-09 20:47:41 - [TEST_STEP][PASSED] - selectOptionByIndex: All options with index in [11] are selected on object 'Object Repository/PharmacyRequest/Page_KDMC-Pharmacy/select_--Select--Schedule 1Inj'

2018-06-09 20:47:41 - [MESSAGE][PASSED] - All options with index in [11] are selected on object 'Object Repository/PharmacyRequest/Page_KDMC-Pharmacy/select_--Select--Schedule 1Inj'

2018-06-09 20:47:41 - [TEST_STEP][PASSED] - delay: Delayed 1 second(s)

2018-06-09 20:47:42 - [MESSAGE][PASSED] - Delayed 1 second(s)

2018-06-09 20:47:42 - [TEST_STEP][PASSED] - selectOptionByIndex: All options with index in [1] are selected on object 'Object Repository/PharmacyRequest/Page_KDMC-Pharmacy/select_--Select--Albendazole'

2018-06-09 20:47:42 - [MESSAGE][PASSED] - All options with index in [1] are selected on object 'Object Repository/PharmacyRequest/Page_KDMC-Pharmacy/select_--Select--Albendazole'

2018-06-09 20:47:42 - [TEST_STEP][PASSED] - delay: Delayed 1 second(s)

2018-06-09 20:47:43 - [MESSAGE][PASSED] - Delayed 1 second(s)

2018-06-09 20:47:43 - [TEST_STEP][PASSED] - setText: Text '10' is set on object 'Object Repository/PharmacyRequest/Page_KDMC-Pharmacy/input_txttreat'

2018-06-09 20:47:43 - [MESSAGE][PASSED] - Text '10' is set on object 'Object Repository/PharmacyRequest/Page_KDMC-Pharmacy/input_txttreat'

2018-06-09 20:47:43 - [TEST_STEP][PASSED] - click: Object: 'Object Repository/PharmacyRequest/Page_KDMC-Pharmacy/button_Add' is clicked on

2018-06-09 20:47:43 - [MESSAGE][PASSED] - Object: 'Object Repository/PharmacyRequest/Page_KDMC-Pharmacy/button_Add' is clicked on

2018-06-09 20:47:43 - [TEST_STEP][PASSED] - selectOptionByIndex: All options with index in [11] are selected on object 'Object Repository/PharmacyRequest/Page_KDMC-Pharmacy/select_--Select--Schedule 1Inj'

2018-06-09 20:47:44 - [MESSAGE][PASSED] - All options with index in [11] are selected on object 'Object Repository/PharmacyRequest/Page_KDMC-Pharmacy/select_--Select--Schedule 1Inj'

2018-06-09 20:47:44 - [TEST_STEP][PASSED] - delay: Delayed 1 second(s)

2018-06-09 20:47:45 - [MESSAGE][PASSED] - Delayed 1 second(s)

2018-06-09 20:47:45 - [TEST_STEP][PASSED] - selectOptionByIndex: All options with index in [2] are selected on object 'Object Repository/PharmacyRequest/Page_KDMC-Pharmacy/select_--Select--Albendazole'

2018-06-09 20:47:45 - [MESSAGE][PASSED] - All options with index in [2] are selected on object 'Object Repository/PharmacyRequest/Page_KDMC-Pharmacy/select_--Select--Albendazole'

2018-06-09 20:47:45 - [TEST_STEP][PASSED] - delay: Delayed 1 second(s)

2018-06-09 20:47:46 - [MESSAGE][PASSED] - Delayed 1 second(s)

2018-06-09 20:47:46 - [TEST_STEP][PASSED] - setText: Text '10' is set on object 'Object Repository/PharmacyRequest/Page_KDMC-Pharmacy/input_txttreat'

2018-06-09 20:47:46 - [MESSAGE][PASSED] - Text '10' is set on object 'Object Repository/PharmacyRequest/Page_KDMC-Pharmacy/input_txttreat'

2018-06-09 20:47:46 - [TEST_STEP][PASSED] - click: Object: 'Object Repository/PharmacyRequest/Page_KDMC-Pharmacy/button_Add' is clicked on

2018-06-09 20:47:46 - [MESSAGE][PASSED] - Object: 'Object Repository/PharmacyRequest/Page_KDMC-Pharmacy/button_Add' is clicked on

2018-06-09 20:47:46 - [TEST_STEP][PASSED] - selectOptionByIndex: All options with index in [11] are selected on object 'Object Repository/PharmacyRequest/Page_KDMC-Pharmacy/select_--Select--Schedule 1Inj'

2018-06-09 20:47:46 - [MESSAGE][PASSED] - All options with index in [11] are selected on object 'Object Repository/PharmacyRequest/Page_KDMC-Pharmacy/select_--Select--Schedule 1Inj'

2018-06-09 20:47:46 - [TEST_STEP][PASSED] - delay: Delayed 1 second(s)

2018-06-09 20:47:47 - [MESSAGE][PASSED] - Delayed 1 second(s)

2018-06-09 20:47:47 - [TEST_STEP][PASSED] - selectOptionByIndex: All options with index in [3] are selected on object 'Object Repository/PharmacyRequest/Page_KDMC-Pharmacy/select_--Select--Albendazole'

2018-06-09 20:47:47 - [MESSAGE][PASSED] - All options with index in [3] are selected on object 'Object Repository/PharmacyRequest/Page_KDMC-Pharmacy/select_--Select--Albendazole'

2018-06-09 20:47:47 - [TEST_STEP][PASSED] - delay: Delayed 1 second(s)

2018-06-09 20:47:48 - [MESSAGE][PASSED] - Delayed 1 second(s)

2018-06-09 20:47:48 - [TEST_STEP][PASSED] - setText: Text '10' is set on object 'Object Repository/PharmacyRequest/Page_KDMC-Pharmacy/input_txttreat'

2018-06-09 20:47:48 - [MESSAGE][PASSED] - Text '10' is set on object 'Object Repository/PharmacyRequest/Page_KDMC-Pharmacy/input_txttreat'

2018-06-09 20:47:48 - [TEST_STEP][PASSED] - click: Object: 'Object Repository/PharmacyRequest/Page_KDMC-Pharmacy/button_Add' is clicked on

2018-06-09 20:47:48 - [MESSAGE][PASSED] - Object: 'Object Repository/PharmacyRequest/Page_KDMC-Pharmacy/button_Add' is clicked on

2018-06-09 20:47:48 - [TEST_STEP][PASSED] - selectOptionByIndex: All options with index in [11] are selected on object 'Object Repository/PharmacyRequest/Page_KDMC-Pharmacy/select_--Select--Schedule 1Inj'

2018-06-09 20:47:49 - [MESSAGE][PASSED] - All options with index in [11] are selected on object 'Object Repository/PharmacyRequest/Page_KDMC-Pharmacy/select_--Select--Schedule 1Inj'

2018-06-09 20:47:49 - [TEST_STEP][PASSED] - delay: Delayed 1 second(s)

2018-06-09 20:47:50 - [MESSAGE][PASSED] - Delayed 1 second(s)

2018-06-09 20:47:50 - [TEST_STEP][PASSED] - selectOptionByIndex: All options with index in [4] are selected on object 'Object Repository/PharmacyRequest/Page_KDMC-Pharmacy/select_--Select--Albendazole'

2018-06-09 20:47:50 - [MESSAGE][PASSED] - All options with index in [4] are selected on object 'Object Repository/PharmacyRequest/Page_KDMC-Pharmacy/select_--Select--Albendazole'

2018-06-09 20:47:50 - [TEST_STEP][PASSED] - delay: Delayed 1 second(s)

2018-06-09 20:47:51 - [MESSAGE][PASSED] - Delayed 1 second(s)

2018-06-09 20:47:51 - [TEST_STEP][PASSED] - setText: Text '10' is set on object 'Object Repository/PharmacyRequest/Page_KDMC-Pharmacy/input_txttreat'

2018-06-09 20:47:51 - [MESSAGE][PASSED] - Text '10' is set on object 'Object Repository/PharmacyRequest/Page_KDMC-Pharmacy/input_txttreat'

2018-06-09 20:47:51 - [TEST_STEP][PASSED] - click: Object: 'Object Repository/PharmacyRequest/Page_KDMC-Pharmacy/button_Add' is clicked on

2018-06-09 20:47:51 - [MESSAGE][PASSED] - Object: 'Object Repository/PharmacyRequest/Page_KDMC-Pharmacy/button_Add' is clicked on

2018-06-09 20:47:51 - [TEST_STEP][PASSED] - selectOptionByIndex: All options with index in [11] are selected on object 'Object Repository/PharmacyRequest/Page_KDMC-Pharmacy/select_--Select--Schedule 1Inj'

2018-06-09 20:47:51 - [MESSAGE][PASSED] - All options with index in [11] are selected on object 'Object Repository/PharmacyRequest/Page_KDMC-Pharmacy/select_--Select--Schedule 1Inj'

2018-06-09 20:47:51 - [TEST_STEP][PASSED] - delay: Delayed 1 second(s)

2018-06-09 20:47:52 - [MESSAGE][PASSED] - Delayed 1 second(s)

2018-06-09 20:47:52 - [TEST_STEP][PASSED] - selectOptionByIndex: All options with index in [5] are selected on object 'Object Repository/PharmacyRequest/Page_KDMC-Pharmacy/select_--Select--Albendazole'

2018-06-09 20:47:52 - [MESSAGE][PASSED] - All options with index in [5] are selected on object 'Object Repository/PharmacyRequest/Page_KDMC-Pharmacy/select_--Select--Albendazole'

2018-06-09 20:47:52 - [TEST_STEP][PASSED] - delay: Delayed 1 second(s)

2018-06-09 20:47:53 - [MESSAGE][PASSED] - Delayed 1 second(s)

2018-06-09 20:47:53 - [TEST_STEP][PASSED] - setText: Text '10' is set on object 'Object Repository/PharmacyRequest/Page_KDMC-Pharmacy/input_txttreat'

2018-06-09 20:47:53 - [MESSAGE][PASSED] - Text '10' is set on object 'Object Repository/PharmacyRequest/Page_KDMC-Pharmacy/input_txttreat'

2018-06-09 20:47:53 - [TEST_STEP][PASSED] - click: Object: 'Object Repository/PharmacyRequest/Page_KDMC-Pharmacy/button_Add' is clicked on

2018-06-09 20:47:53 - [MESSAGE][PASSED] - Object: 'Object Repository/PharmacyRequest/Page_KDMC-Pharmacy/button_Add' is clicked on

2018-06-09 20:47:53 - [TEST_STEP][PASSED] - selectOptionByIndex: All options with index in [11] are selected on object 'Object Repository/PharmacyRequest/Page_KDMC-Pharmacy/select_--Select--Schedule 1Inj'

2018-06-09 20:47:54 - [MESSAGE][PASSED] - All options with index in [11] are selected on object 'Object Repository/PharmacyRequest/Page_KDMC-Pharmacy/select_--Select--Schedule 1Inj'

2018-06-09 20:47:54 - [TEST_STEP][PASSED] - delay: Delayed 1 second(s)

2018-06-09 20:47:55 - [MESSAGE][PASSED] - Delayed 1 second(s)

2018-06-09 20:47:55 - [TEST_STEP][PASSED] - selectOptionByIndex: All options with index in [6] are selected on object 'Object Repository/PharmacyRequest/Page_KDMC-Pharmacy/select_--Select--Albendazole'

2018-06-09 20:47:55 - [MESSAGE][PASSED] - All options with index in [6] are selected on object 'Object Repository/PharmacyRequest/Page_KDMC-Pharmacy/select_--Select--Albendazole'

2018-06-09 20:47:55 - [TEST_STEP][PASSED] - delay: Delayed 1 second(s)

2018-06-09 20:47:56 - [MESSAGE][PASSED] - Delayed 1 second(s)

2018-06-09 20:47:56 - [TEST_STEP][PASSED] - setText: Text '10' is set on object 'Object Repository/PharmacyRequest/Page_KDMC-Pharmacy/input_txttreat'

2018-06-09 20:47:56 - [MESSAGE][PASSED] - Text '10' is set on object 'Object Repository/PharmacyRequest/Page_KDMC-Pharmacy/input_txttreat'

2018-06-09 20:47:56 - [TEST_STEP][PASSED] - click: Object: 'Object Repository/PharmacyRequest/Page_KDMC-Pharmacy/button_Add' is clicked on

2018-06-09 20:47:56 - [MESSAGE][PASSED] - Object: 'Object Repository/PharmacyRequest/Page_KDMC-Pharmacy/button_Add' is clicked on

2018-06-09 20:47:56 - [TEST_STEP][PASSED] - selectOptionByIndex: All options with index in [11] are selected on object 'Object Repository/PharmacyRequest/Page_KDMC-Pharmacy/select_--Select--Schedule 1Inj'

2018-06-09 20:47:56 - [MESSAGE][PASSED] - All options with index in [11] are selected on object 'Object Repository/PharmacyRequest/Page_KDMC-Pharmacy/select_--Select--Schedule 1Inj'

2018-06-09 20:47:56 - [TEST_STEP][PASSED] - delay: Delayed 1 second(s)

2018-06-09 20:47:57 - [MESSAGE][PASSED] - Delayed 1 second(s)

2018-06-09 20:47:57 - [TEST_STEP][PASSED] - selectOptionByIndex: All options with index in [7] are selected on object 'Object Repository/PharmacyRequest/Page_KDMC-Pharmacy/select_--Select--Albendazole'

2018-06-09 20:47:57 - [MESSAGE][PASSED] - All options with index in [7] are selected on object 'Object Repository/PharmacyRequest/Page_KDMC-Pharmacy/select_--Select--Albendazole'

2018-06-09 20:47:57 - [TEST_STEP][PASSED] - delay: Delayed 1 second(s)

2018-06-09 20:47:58 - [MESSAGE][PASSED] - Delayed 1 second(s)

2018-06-09 20:47:58 - [TEST_STEP][PASSED] - setText: Text '10' is set on object 'Object Repository/PharmacyRequest/Page_KDMC-Pharmacy/input_txttreat'

2018-06-09 20:47:58 - [MESSAGE][PASSED] - Text '10' is set on object 'Object Repository/PharmacyRequest/Page_KDMC-Pharmacy/input_txttreat'

2018-06-09 20:47:58 - [TEST_STEP][PASSED] - click: Object: 'Object Repository/PharmacyRequest/Page_KDMC-Pharmacy/button_Add' is clicked on

2018-06-09 20:47:58 - [MESSAGE][PASSED] - Object: 'Object Repository/PharmacyRequest/Page_KDMC-Pharmacy/button_Add' is clicked on

2018-06-09 20:47:58 - [TEST_STEP][PASSED] - selectOptionByIndex: All options with index in [11] are selected on object 'Object Repository/PharmacyRequest/Page_KDMC-Pharmacy/select_--Select--Schedule 1Inj'

2018-06-09 20:47:59 - [MESSAGE][PASSED] - All options with index in [11] are selected on object 'Object Repository/PharmacyRequest/Page_KDMC-Pharmacy/select_--Select--Schedule 1Inj'

2018-06-09 20:47:59 - [TEST_STEP][PASSED] - delay: Delayed 1 second(s)

2018-06-09 20:48:00 - [MESSAGE][PASSED] - Delayed 1 second(s)

2018-06-09 20:48:00 - [TEST_STEP][PASSED] - selectOptionByIndex: All options with index in [8] are selected on object 'Object Repository/PharmacyRequest/Page_KDMC-Pharmacy/select_--Select--Albendazole'

2018-06-09 20:48:00 - [MESSAGE][PASSED] - All options with index in [8] are selected on object 'Object Repository/PharmacyRequest/Page_KDMC-Pharmacy/select_--Select--Albendazole'

2018-06-09 20:48:00 - [TEST_STEP][PASSED] - delay: Delayed 1 second(s)

2018-06-09 20:48:01 - [MESSAGE][PASSED] - Delayed 1 second(s)

2018-06-09 20:48:01 - [TEST_STEP][PASSED] - setText: Text '10' is set on object 'Object Repository/PharmacyRequest/Page_KDMC-Pharmacy/input_txttreat'

2018-06-09 20:48:01 - [MESSAGE][PASSED] - Text '10' is set on object 'Object Repository/PharmacyRequest/Page_KDMC-Pharmacy/input_txttreat'

2018-06-09 20:48:01 - [TEST_STEP][PASSED] - click: Object: 'Object Repository/PharmacyRequest/Page_KDMC-Pharmacy/button_Add' is clicked on

2018-06-09 20:48:01 - [MESSAGE][PASSED] - Object: 'Object Repository/PharmacyRequest/Page_KDMC-Pharmacy/button_Add' is clicked on

2018-06-09 20:48:01 - [TEST_STEP][PASSED] - selectOptionByIndex: All options with index in [11] are selected on object 'Object Repository/PharmacyRequest/Page_KDMC-Pharmacy/select_--Select--Schedule 1Inj'

2018-06-09 20:48:01 - [MESSAGE][PASSED] - All options with index in [11] are selected on object 'Object Repository/PharmacyRequest/Page_KDMC-Pharmacy/select_--Select--Schedule 1Inj'

2018-06-09 20:48:01 - [TEST_STEP][PASSED] - delay: Delayed 1 second(s)

2018-06-09 20:48:02 - [MESSAGE][PASSED] - Delayed 1 second(s)

2018-06-09 20:48:02 - [TEST_STEP][PASSED] - selectOptionByIndex: All options with index in [9] are selected on object 'Object Repository/PharmacyRequest/Page_KDMC-Pharmacy/select_--Select--Albendazole'

2018-06-09 20:48:02 - [MESSAGE][PASSED] - All options with index in [9] are selected on object 'Object Repository/PharmacyRequest/Page_KDMC-Pharmacy/select_--Select--Albendazole'

2018-06-09 20:48:02 - [TEST_STEP][PASSED] - delay: Delayed 1 second(s)

2018-06-09 20:48:03 - [MESSAGE][PASSED] - Delayed 1 second(s)

2018-06-09 20:48:03 - [TEST_STEP][PASSED] - setText: Text '10' is set on object 'Object Repository/PharmacyRequest/Page_KDMC-Pharmacy/input_txttreat'

2018-06-09 20:48:03 - [MESSAGE][PASSED] - Text '10' is set on object 'Object Repository/PharmacyRequest/Page_KDMC-Pharmacy/input_txttreat'

2018-06-09 20:48:03 - [TEST_STEP][PASSED] - click: Object: 'Object Repository/PharmacyRequest/Page_KDMC-Pharmacy/button_Add' is clicked on

2018-06-09 20:48:04 - [MESSAGE][PASSED] - Object: 'Object Repository/PharmacyRequest/Page_KDMC-Pharmacy/button_Add' is clicked on

2018-06-09 20:48:04 - [TEST_STEP][PASSED] - selectOptionByIndex: All options with index in [11] are selected on object 'Object Repository/PharmacyRequest/Page_KDMC-Pharmacy/select_--Select--Schedule 1Inj'

2018-06-09 20:48:04 - [MESSAGE][PASSED] - All options with index in [11] are selected on object 'Object Repository/PharmacyRequest/Page_KDMC-Pharmacy/select_--Select--Schedule 1Inj'

2018-06-09 20:48:04 - [TEST_STEP][PASSED] - delay: Delayed 1 second(s)

2018-06-09 20:48:05 - [MESSAGE][PASSED] - Delayed 1 second(s)

2018-06-09 20:48:05 - [TEST_STEP][PASSED] - selectOptionByIndex: All options with index in [10] are selected on object 'Object Repository/PharmacyRequest/Page_KDMC-Pharmacy/select_--Select--Albendazole'

2018-06-09 20:48:05 - [MESSAGE][PASSED] - All options with index in [10] are selected on object 'Object Repository/PharmacyRequest/Page_KDMC-Pharmacy/select_--Select--Albendazole'

2018-06-09 20:48:05 - [TEST_STEP][PASSED] - delay: Delayed 1 second(s)

2018-06-09 20:48:06 - [MESSAGE][PASSED] - Delayed 1 second(s)

2018-06-09 20:48:06 - [TEST_STEP][PASSED] - setText: Text '10' is set on object 'Object Repository/PharmacyRequest/Page_KDMC-Pharmacy/input_txttreat'

2018-06-09 20:48:06 - [MESSAGE][PASSED] - Text '10' is set on object 'Object Repository/PharmacyRequest/Page_KDMC-Pharmacy/input_txttreat'

2018-06-09 20:48:06 - [TEST_STEP][PASSED] - click: Object: 'Object Repository/PharmacyRequest/Page_KDMC-Pharmacy/button_Add' is clicked on

2018-06-09 20:48:06 - [MESSAGE][PASSED] - Object: 'Object Repository/PharmacyRequest/Page_KDMC-Pharmacy/button_Add' is clicked on

2018-06-09 20:48:06 - [TEST_STEP][PASSED] - selectOptionByIndex: All options with index in [11] are selected on object 'Object Repository/PharmacyRequest/Page_KDMC-Pharmacy/select_--Select--Schedule 1Inj'

2018-06-09 20:48:06 - [MESSAGE][PASSED] - All options with index in [11] are selected on object 'Object Repository/PharmacyRequest/Page_KDMC-Pharmacy/select_--Select--Schedule 1Inj'

2018-06-09 20:48:06 - [TEST_STEP][PASSED] - delay: Delayed 1 second(s)

2018-06-09 20:48:07 - [MESSAGE][PASSED] - Delayed 1 second(s)

2018-06-09 20:48:07 - [TEST_STEP][PASSED] - selectOptionByIndex: All options with index in [11] are selected on object 'Object Repository/PharmacyRequest/Page_KDMC-Pharmacy/select_--Select--Albendazole'

2018-06-09 20:48:07 - [MESSAGE][PASSED] - All options with index in [11] are selected on object 'Object Repository/PharmacyRequest/Page_KDMC-Pharmacy/select_--Select--Albendazole'

2018-06-09 20:48:07 - [TEST_STEP][PASSED] - delay: Delayed 1 second(s)

2018-06-09 20:48:08 - [MESSAGE][PASSED] - Delayed 1 second(s)

2018-06-09 20:48:08 - [TEST_STEP][PASSED] - setText: Text '10' is set on object 'Object Repository/PharmacyRequest/Page_KDMC-Pharmacy/input_txttreat'

2018-06-09 20:48:09 - [MESSAGE][PASSED] - Text '10' is set on object 'Object Repository/PharmacyRequest/Page_KDMC-Pharmacy/input_txttreat'

2018-06-09 20:48:09 - [TEST_STEP][PASSED] - click: Object: 'Object Repository/PharmacyRequest/Page_KDMC-Pharmacy/button_Add' is clicked on

2018-06-09 20:48:09 - [MESSAGE][PASSED] - Object: 'Object Repository/PharmacyRequest/Page_KDMC-Pharmacy/button_Add' is clicked on

2018-06-09 20:48:09 - [TEST_STEP][PASSED] - selectOptionByIndex: All options with index in [11] are selected on object 'Object Repository/PharmacyRequest/Page_KDMC-Pharmacy/select_--Select--Schedule 1Inj'

2018-06-09 20:48:09 - [MESSAGE][PASSED] - All options with index in [11] are selected on object 'Object Repository/PharmacyRequest/Page_KDMC-Pharmacy/select_--Select--Schedule 1Inj'

2018-06-09 20:48:09 - [TEST_STEP][PASSED] - delay: Delayed 1 second(s)

2018-06-09 20:48:10 - [MESSAGE][PASSED] - Delayed 1 second(s)

2018-06-09 20:48:10 - [TEST_STEP][PASSED] - selectOptionByIndex: All options with index in [12] are selected on object 'Object Repository/PharmacyRequest/Page_KDMC-Pharmacy/select_--Select--Albendazole'

2018-06-09 20:48:10 - [MESSAGE][PASSED] - All options with index in [12] are selected on object 'Object Repository/PharmacyRequest/Page_KDMC-Pharmacy/select_--Select--Albendazole'

2018-06-09 20:48:10 - [TEST_STEP][PASSED] - delay: Delayed 1 second(s)

2018-06-09 20:48:11 - [MESSAGE][PASSED] - Delayed 1 second(s)

2018-06-09 20:48:11 - [TEST_STEP][PASSED] - setText: Text '10' is set on object 'Object Repository/PharmacyRequest/Page_KDMC-Pharmacy/input_txttreat'

2018-06-09 20:48:11 - [MESSAGE][PASSED] - Text '10' is set on object 'Object Repository/PharmacyRequest/Page_KDMC-Pharmacy/input_txttreat'

2018-06-09 20:48:11 - [TEST_STEP][PASSED] - click: Object: 'Object Repository/PharmacyRequest/Page_KDMC-Pharmacy/button_Add' is clicked on

2018-06-09 20:48:11 - [MESSAGE][PASSED] - Object: 'Object Repository/PharmacyRequest/Page_KDMC-Pharmacy/button_Add' is clicked on

2018-06-09 20:48:11 - [TEST_STEP][PASSED] - selectOptionByIndex: All options with index in [11] are selected on object 'Object Repository/PharmacyRequest/Page_KDMC-Pharmacy/select_--Select--Schedule 1Inj'

2018-06-09 20:48:11 - [MESSAGE][PASSED] - All options with index in [11] are selected on object 'Object Repository/PharmacyRequest/Page_KDMC-Pharmacy/select_--Select--Schedule 1Inj'

2018-06-09 20:48:11 - [TEST_STEP][PASSED] - delay: Delayed 1 second(s)

2018-06-09 20:48:12 - [MESSAGE][PASSED] - Delayed 1 second(s)

2018-06-09 20:48:12 - [TEST_STEP][PASSED] - selectOptionByIndex: All options with index in [13] are selected on object 'Object Repository/PharmacyRequest/Page_KDMC-Pharmacy/select_--Select--Albendazole'

2018-06-09 20:48:13 - [MESSAGE][PASSED] - All options with index in [13] are selected on object 'Object Repository/PharmacyRequest/Page_KDMC-Pharmacy/select_--Select--Albendazole'

2018-06-09 20:48:13 - [TEST_STEP][PASSED] - delay: Delayed 1 second(s)

2018-06-09 20:48:14 - [MESSAGE][PASSED] - Delayed 1 second(s)

2018-06-09 20:48:14 - [TEST_STEP][PASSED] - setText: Text '10' is set on object 'Object Repository/PharmacyRequest/Page_KDMC-Pharmacy/input_txttreat'

2018-06-09 20:48:14 - [MESSAGE][PASSED] - Text '10' is set on object 'Object Repository/PharmacyRequest/Page_KDMC-Pharmacy/input_txttreat'

2018-06-09 20:48:14 - [TEST_STEP][PASSED] - click: Object: 'Object Repository/PharmacyRequest/Page_KDMC-Pharmacy/button_Add' is clicked on

2018-06-09 20:48:14 - [MESSAGE][PASSED] - Object: 'Object Repository/PharmacyRequest/Page_KDMC-Pharmacy/button_Add' is clicked on

2018-06-09 20:48:14 - [TEST_STEP][PASSED] - selectOptionByIndex: All options with index in [11] are selected on object 'Object Repository/PharmacyRequest/Page_KDMC-Pharmacy/select_--Select--Schedule 1Inj'

2018-06-09 20:48:14 - [MESSAGE][PASSED] - All options with index in [11] are selected on object 'Object Repository/PharmacyRequest/Page_KDMC-Pharmacy/select_--Select--Schedule 1Inj'

2018-06-09 20:48:14 - [TEST_STEP][PASSED] - delay: Delayed 1 second(s)

2018-06-09 20:48:15 - [MESSAGE][PASSED] - Delayed 1 second(s)

2018-06-09 20:48:15 - [TEST_STEP][PASSED] - selectOptionByIndex: All options with index in [14] are selected on object 'Object Repository/PharmacyRequest/Page_KDMC-Pharmacy/select_--Select--Albendazole'

2018-06-09 20:48:15 - [MESSAGE][PASSED] - All options with index in [14] are selected on object 'Object Repository/PharmacyRequest/Page_KDMC-Pharmacy/select_--Select--Albendazole'

2018-06-09 20:48:15 - [TEST_STEP][PASSED] - delay: Delayed 1 second(s)

2018-06-09 20:48:16 - [MESSAGE][PASSED] - Delayed 1 second(s)

2018-06-09 20:48:16 - [TEST_STEP][PASSED] - setText: Text '10' is set on object 'Object Repository/PharmacyRequest/Page_KDMC-Pharmacy/input_txttreat'

2018-06-09 20:48:16 - [MESSAGE][PASSED] - Text '10' is set on object 'Object Repository/PharmacyRequest/Page_KDMC-Pharmacy/input_txttreat'

2018-06-09 20:48:16 - [TEST_STEP][PASSED] - click: Object: 'Object Repository/PharmacyRequest/Page_KDMC-Pharmacy/button_Add' is clicked on

2018-06-09 20:48:16 - [MESSAGE][PASSED] - Object: 'Object Repository/PharmacyRequest/Page_KDMC-Pharmacy/button_Add' is clicked on

2018-06-09 20:48:16 - [TEST_STEP][PASSED] - selectOptionByIndex: All options with index in [11] are selected on object 'Object Repository/PharmacyRequest/Page_KDMC-Pharmacy/select_--Select--Schedule 1Inj'

2018-06-09 20:48:16 - [MESSAGE][PASSED] - All options with index in [11] are selected on object 'Object Repository/PharmacyRequest/Page_KDMC-Pharmacy/select_--Select--Schedule 1Inj'

2018-06-09 20:48:16 - [TEST_STEP][PASSED] - delay: Delayed 1 second(s)

2018-06-09 20:48:17 - [MESSAGE][PASSED] - Delayed 1 second(s)

2018-06-09 20:48:17 - [TEST_STEP][PASSED] - selectOptionByIndex: All options with index in [15] are selected on object 'Object Repository/PharmacyRequest/Page_KDMC-Pharmacy/select_--Select--Albendazole'

2018-06-09 20:48:18 - [MESSAGE][PASSED] - All options with index in [15] are selected on object 'Object Repository/PharmacyRequest/Page_KDMC-Pharmacy/select_--Select--Albendazole'

2018-06-09 20:48:18 - [TEST_STEP][PASSED] - delay: Delayed 1 second(s)

2018-06-09 20:48:19 - [MESSAGE][PASSED] - Delayed 1 second(s)

2018-06-09 20:48:19 - [TEST_STEP][PASSED] - setText: Text '10' is set on object 'Object Repository/PharmacyRequest/Page_KDMC-Pharmacy/input_txttreat'

2018-06-09 20:48:19 - [MESSAGE][PASSED] - Text '10' is set on object 'Object Repository/PharmacyRequest/Page_KDMC-Pharmacy/input_txttreat'

2018-06-09 20:48:19 - [TEST_STEP][PASSED] - click: Object: 'Object Repository/PharmacyRequest/Page_KDMC-Pharmacy/button_Add' is clicked on

2018-06-09 20:48:19 - [MESSAGE][PASSED] - Object: 'Object Repository/PharmacyRequest/Page_KDMC-Pharmacy/button_Add' is clicked on

2018-06-09 20:48:19 - [TEST_STEP][PASSED] - selectOptionByIndex: All options with index in [11] are selected on object 'Object Repository/PharmacyRequest/Page_KDMC-Pharmacy/select_--Select--Schedule 1Inj'

2018-06-09 20:48:19 - [MESSAGE][PASSED] - All options with index in [11] are selected on object 'Object Repository/PharmacyRequest/Page_KDMC-Pharmacy/select_--Select--Schedule 1Inj'

2018-06-09 20:48:19 - [TEST_STEP][PASSED] - delay: Delayed 1 second(s)

2018-06-09 20:48:20 - [MESSAGE][PASSED] - Delayed 1 second(s)

2018-06-09 20:48:20 - [TEST_STEP][PASSED] - selectOptionByIndex: All options with index in [16] are selected on object 'Object Repository/PharmacyRequest/Page_KDMC-Pharmacy/select_--Select--Albendazole'

2018-06-09 20:48:20 - [MESSAGE][PASSED] - All options with index in [16] are selected on object 'Object Repository/PharmacyRequest/Page_KDMC-Pharmacy/select_--Select--Albendazole'

2018-06-09 20:48:20 - [TEST_STEP][PASSED] - delay: Delayed 1 second(s)

2018-06-09 20:48:21 - [MESSAGE][PASSED] - Delayed 1 second(s)

2018-06-09 20:48:21 - [TEST_STEP][PASSED] - setText: Text '10' is set on object 'Object Repository/PharmacyRequest/Page_KDMC-Pharmacy/input_txttreat'

2018-06-09 20:48:21 - [MESSAGE][PASSED] - Text '10' is set on object 'Object Repository/PharmacyRequest/Page_KDMC-Pharmacy/input_txttreat'

2018-06-09 20:48:21 - [TEST_STEP][PASSED] - click: Object: 'Object Repository/PharmacyRequest/Page_KDMC-Pharmacy/button_Add' is clicked on

2018-06-09 20:48:21 - [MESSAGE][PASSED] - Object: 'Object Repository/PharmacyRequest/Page_KDMC-Pharmacy/button_Add' is clicked on

2018-06-09 20:48:21 - [TEST_STEP][PASSED] - selectOptionByIndex: All options with index in [11] are selected on object 'Object Repository/PharmacyRequest/Page_KDMC-Pharmacy/select_--Select--Schedule 1Inj'

2018-06-09 20:48:22 - [MESSAGE][PASSED] - All options with index in [11] are selected on object 'Object Repository/PharmacyRequest/Page_KDMC-Pharmacy/select_--Select--Schedule 1Inj'

2018-06-09 20:48:22 - [TEST_STEP][PASSED] - delay: Delayed 1 second(s)

2018-06-09 20:48:23 - [MESSAGE][PASSED] - Delayed 1 second(s)

2018-06-09 20:48:23 - [TEST_STEP][PASSED] - selectOptionByIndex: All options with index in [17] are selected on object 'Object Repository/PharmacyRequest/Page_KDMC-Pharmacy/select_--Select--Albendazole'

2018-06-09 20:48:23 - [MESSAGE][PASSED] - All options with index in [17] are selected on object 'Object Repository/PharmacyRequest/Page_KDMC-Pharmacy/select_--Select--Albendazole'

2018-06-09 20:48:23 - [TEST_STEP][PASSED] - delay: Delayed 1 second(s)

2018-06-09 20:48:24 - [MESSAGE][PASSED] - Delayed 1 second(s)

2018-06-09 20:48:24 - [TEST_STEP][PASSED] - setText: Text '10' is set on object 'Object Repository/PharmacyRequest/Page_KDMC-Pharmacy/input_txttreat'

2018-06-09 20:48:24 - [MESSAGE][PASSED] - Text '10' is set on object 'Object Repository/PharmacyRequest/Page_KDMC-Pharmacy/input_txttreat'

2018-06-09 20:48:24 - [TEST_STEP][PASSED] - click: Object: 'Object Repository/PharmacyRequest/Page_KDMC-Pharmacy/button_Add' is clicked on

2018-06-09 20:48:24 - [MESSAGE][PASSED] - Object: 'Object Repository/PharmacyRequest/Page_KDMC-Pharmacy/button_Add' is clicked on

2018-06-09 20:48:24 - [TEST_STEP][PASSED] - selectOptionByIndex: All options with index in [11] are selected on object 'Object Repository/PharmacyRequest/Page_KDMC-Pharmacy/select_--Select--Schedule 1Inj'

2018-06-09 20:48:24 - [MESSAGE][PASSED] - All options with index in [11] are selected on object 'Object Repository/PharmacyRequest/Page_KDMC-Pharmacy/select_--Select--Schedule 1Inj'

2018-06-09 20:48:24 - [TEST_STEP][PASSED] - delay: Delayed 1 second(s)

2018-06-09 20:48:25 - [MESSAGE][PASSED] - Delayed 1 second(s)

2018-06-09 20:48:25 - [TEST_STEP][PASSED] - selectOptionByIndex: All options with index in [18] are selected on object 'Object Repository/PharmacyRequest/Page_KDMC-Pharmacy/select_--Select--Albendazole'

2018-06-09 20:48:25 - [MESSAGE][PASSED] - All options with index in [18] are selected on object 'Object Repository/PharmacyRequest/Page_KDMC-Pharmacy/select_--Select--Albendazole'

2018-06-09 20:48:25 - [TEST_STEP][PASSED] - delay: Delayed 1 second(s)

2018-06-09 20:48:26 - [MESSAGE][PASSED] - Delayed 1 second(s)

2018-06-09 20:48:26 - [TEST_STEP][PASSED] - setText: Text '10' is set on object 'Object Repository/PharmacyRequest/Page_KDMC-Pharmacy/input_txttreat'

2018-06-09 20:48:27 - [MESSAGE][PASSED] - Text '10' is set on object 'Object Repository/PharmacyRequest/Page_KDMC-Pharmacy/input_txttreat'

2018-06-09 20:48:27 - [TEST_STEP][PASSED] - click: Object: 'Object Repository/PharmacyRequest/Page_KDMC-Pharmacy/button_Add' is clicked on

2018-06-09 20:48:27 - [MESSAGE][PASSED] - Object: 'Object Repository/PharmacyRequest/Page_KDMC-Pharmacy/button_Add' is clicked on

2018-06-09 20:48:27 - [TEST_STEP][PASSED] - selectOptionByIndex: All options with index in [11] are selected on object 'Object Repository/PharmacyRequest/Page_KDMC-Pharmacy/select_--Select--Schedule 1Inj'

2018-06-09 20:48:27 - [MESSAGE][PASSED] - All options with index in [11] are selected on object 'Object Repository/PharmacyRequest/Page_KDMC-Pharmacy/select_--Select--Schedule 1Inj'

2018-06-09 20:48:27 - [TEST_STEP][PASSED] - delay: Delayed 1 second(s)

2018-06-09 20:48:28 - [MESSAGE][PASSED] - Delayed 1 second(s)

2018-06-09 20:48:28 - [TEST_STEP][PASSED] - selectOptionByIndex: All options with index in [19] are selected on object 'Object Repository/PharmacyRequest/Page_KDMC-Pharmacy/select_--Select--Albendazole'

2018-06-09 20:48:28 - [MESSAGE][PASSED] - All options with index in [19] are selected on object 'Object Repository/PharmacyRequest/Page_KDMC-Pharmacy/select_--Select--Albendazole'

2018-06-09 20:48:28 - [TEST_STEP][PASSED] - delay: Delayed 1 second(s)

2018-06-09 20:48:29 - [MESSAGE][PASSED] - Delayed 1 second(s)

2018-06-09 20:48:29 - [TEST_STEP][PASSED] - setText: Text '10' is set on object 'Object Repository/PharmacyRequest/Page_KDMC-Pharmacy/input_txttreat'

2018-06-09 20:48:29 - [MESSAGE][PASSED] - Text '10' is set on object 'Object Repository/PharmacyRequest/Page_KDMC-Pharmacy/input_txttreat'

2018-06-09 20:48:29 - [TEST_STEP][PASSED] - click: Object: 'Object Repository/PharmacyRequest/Page_KDMC-Pharmacy/button_Add' is clicked on

2018-06-09 20:48:29 - [MESSAGE][PASSED] - Object: 'Object Repository/PharmacyRequest/Page_KDMC-Pharmacy/button_Add' is clicked on

2018-06-09 20:48:29 - [TEST_STEP][PASSED] - selectOptionByIndex: All options with index in [11] are selected on object 'Object Repository/PharmacyRequest/Page_KDMC-Pharmacy/select_--Select--Schedule 1Inj'

2018-06-09 20:48:29 - [MESSAGE][PASSED] - All options with index in [11] are selected on object 'Object Repository/PharmacyRequest/Page_KDMC-Pharmacy/select_--Select--Schedule 1Inj'

2018-06-09 20:48:29 - [TEST_STEP][PASSED] - delay: Delayed 1 second(s)

2018-06-09 20:48:30 - [MESSAGE][PASSED] - Delayed 1 second(s)

2018-06-09 20:48:30 - [TEST_STEP][PASSED] - selectOptionByIndex: All options with index in [20] are selected on object 'Object Repository/PharmacyRequest/Page_KDMC-Pharmacy/select_--Select--Albendazole'

2018-06-09 20:48:31 - [MESSAGE][PASSED] - All options with index in [20] are selected on object 'Object Repository/PharmacyRequest/Page_KDMC-Pharmacy/select_--Select--Albendazole'

2018-06-09 20:48:31 - [TEST_STEP][PASSED] - delay: Delayed 1 second(s)

2018-06-09 20:48:32 - [MESSAGE][PASSED] - Delayed 1 second(s)

2018-06-09 20:48:32 - [TEST_STEP][PASSED] - setText: Text '10' is set on object 'Object Repository/PharmacyRequest/Page_KDMC-Pharmacy/input_txttreat'

2018-06-09 20:48:32 - [MESSAGE][PASSED] - Text '10' is set on object 'Object Repository/PharmacyRequest/Page_KDMC-Pharmacy/input_txttreat'

2018-06-09 20:48:32 - [TEST_STEP][PASSED] - click: Object: 'Object Repository/PharmacyRequest/Page_KDMC-Pharmacy/button_Add' is clicked on

2018-06-09 20:48:32 - [MESSAGE][PASSED] - Object: 'Object Repository/PharmacyRequest/Page_KDMC-Pharmacy/button_Add' is clicked on

2018-06-09 20:48:32 - [TEST_STEP][PASSED] - selectOptionByIndex: All options with index in [11] are selected on object 'Object Repository/PharmacyRequest/Page_KDMC-Pharmacy/select_--Select--Schedule 1Inj'

2018-06-09 20:48:32 - [MESSAGE][PASSED] - All options with index in [11] are selected on object 'Object Repository/PharmacyRequest/Page_KDMC-Pharmacy/select_--Select--Schedule 1Inj'

2018-06-09 20:48:32 - [TEST_STEP][PASSED] - delay: Delayed 1 second(s)

2018-06-09 20:48:33 - [MESSAGE][PASSED] - Delayed 1 second(s)

2018-06-09 20:48:33 - [TEST_STEP][PASSED] - selectOptionByIndex: All options with index in [21] are selected on object 'Object Repository/PharmacyRequest/Page_KDMC-Pharmacy/select_--Select--Albendazole'

2018-06-09 20:48:33 - [MESSAGE][PASSED] - All options with index in [21] are selected on object 'Object Repository/PharmacyRequest/Page_KDMC-Pharmacy/select_--Select--Albendazole'

2018-06-09 20:48:33 - [TEST_STEP][PASSED] - delay: Delayed 1 second(s)

2018-06-09 20:48:34 - [MESSAGE][PASSED] - Delayed 1 second(s)

2018-06-09 20:48:34 - [TEST_STEP][PASSED] - setText: Text '10' is set on object 'Object Repository/PharmacyRequest/Page_KDMC-Pharmacy/input_txttreat'

2018-06-09 20:48:34 - [MESSAGE][PASSED] - Text '10' is set on object 'Object Repository/PharmacyRequest/Page_KDMC-Pharmacy/input_txttreat'

2018-06-09 20:48:34 - [TEST_STEP][PASSED] - click: Object: 'Object Repository/PharmacyRequest/Page_KDMC-Pharmacy/button_Add' is clicked on

2018-06-09 20:48:34 - [MESSAGE][PASSED] - Object: 'Object Repository/PharmacyRequest/Page_KDMC-Pharmacy/button_Add' is clicked on

2018-06-09 20:48:34 - [TEST_STEP][PASSED] - selectOptionByIndex: All options with index in [11] are selected on object 'Object Repository/PharmacyRequest/Page_KDMC-Pharmacy/select_--Select--Schedule 1Inj'

2018-06-09 20:48:35 - [MESSAGE][PASSED] - All options with index in [11] are selected on object 'Object Repository/PharmacyRequest/Page_KDMC-Pharmacy/select_--Select--Schedule 1Inj'

2018-06-09 20:48:35 - [TEST_STEP][PASSED] - delay: Delayed 1 second(s)

2018-06-09 20:48:36 - [MESSAGE][PASSED] - Delayed 1 second(s)

2018-06-09 20:48:36 - [TEST_STEP][PASSED] - selectOptionByIndex: All options with index in [22] are selected on object 'Object Repository/PharmacyRequest/Page_KDMC-Pharmacy/select_--Select--Albendazole'

2018-06-09 20:48:36 - [MESSAGE][PASSED] - All options with index in [22] are selected on object 'Object Repository/PharmacyRequest/Page_KDMC-Pharmacy/select_--Select--Albendazole'

2018-06-09 20:48:36 - [TEST_STEP][PASSED] - delay: Delayed 1 second(s)

2018-06-09 20:48:37 - [MESSAGE][PASSED] - Delayed 1 second(s)

2018-06-09 20:48:37 - [TEST_STEP][PASSED] - setText: Text '10' is set on object 'Object Repository/PharmacyRequest/Page_KDMC-Pharmacy/input_txttreat'

2018-06-09 20:48:37 - [MESSAGE][PASSED] - Text '10' is set on object 'Object Repository/PharmacyRequest/Page_KDMC-Pharmacy/input_txttreat'

2018-06-09 20:48:37 - [TEST_STEP][PASSED] - click: Object: 'Object Repository/PharmacyRequest/Page_KDMC-Pharmacy/button_Add' is clicked on

2018-06-09 20:48:37 - [MESSAGE][PASSED] - Object: 'Object Repository/PharmacyRequest/Page_KDMC-Pharmacy/button_Add' is clicked on

2018-06-09 20:48:37 - [TEST_STEP][PASSED] - selectOptionByIndex: All options with index in [11] are selected on object 'Object Repository/PharmacyRequest/Page_KDMC-Pharmacy/select_--Select--Schedule 1Inj'

2018-06-09 20:48:37 - [MESSAGE][PASSED] - All options with index in [11] are selected on object 'Object Repository/PharmacyRequest/Page_KDMC-Pharmacy/select_--Select--Schedule 1Inj'

2018-06-09 20:48:37 - [TEST_STEP][PASSED] - delay: Delayed 1 second(s)

2018-06-09 20:48:38 - [MESSAGE][PASSED] - Delayed 1 second(s)

2018-06-09 20:48:38 - [TEST_STEP][PASSED] - selectOptionByIndex: All options with index in [23] are selected on object 'Object Repository/PharmacyRequest/Page_KDMC-Pharmacy/select_--Select--Albendazole'

2018-06-09 20:48:39 - [MESSAGE][PASSED] - All options with index in [23] are selected on object 'Object Repository/PharmacyRequest/Page_KDMC-Pharmacy/select_--Select--Albendazole'

2018-06-09 20:48:39 - [TEST_STEP][PASSED] - delay: Delayed 1 second(s)

2018-06-09 20:48:40 - [MESSAGE][PASSED] - Delayed 1 second(s)

2018-06-09 20:48:40 - [TEST_STEP][PASSED] - setText: Text '10' is set on object 'Object Repository/PharmacyRequest/Page_KDMC-Pharmacy/input_txttreat'

2018-06-09 20:48:40 - [MESSAGE][PASSED] - Text '10' is set on object 'Object Repository/PharmacyRequest/Page_KDMC-Pharmacy/input_txttreat'

2018-06-09 20:48:40 - [TEST_STEP][PASSED] - click: Object: 'Object Repository/PharmacyRequest/Page_KDMC-Pharmacy/button_Add' is clicked on

2018-06-09 20:48:40 - [MESSAGE][PASSED] - Object: 'Object Repository/PharmacyRequest/Page_KDMC-Pharmacy/button_Add' is clicked on

2018-06-09 20:48:40 - [TEST_STEP][PASSED] - selectOptionByIndex: All options with index in [11] are selected on object 'Object Repository/PharmacyRequest/Page_KDMC-Pharmacy/select_--Select--Schedule 1Inj'

2018-06-09 20:48:40 - [MESSAGE][PASSED] - All options with index in [11] are selected on object 'Object Repository/PharmacyRequest/Page_KDMC-Pharmacy/select_--Select--Schedule 1Inj'

2018-06-09 20:48:40 - [TEST_STEP][PASSED] - delay: Delayed 1 second(s)

2018-06-09 20:48:41 - [MESSAGE][PASSED] - Delayed 1 second(s)

2018-06-09 20:48:41 - [TEST_STEP][PASSED] - selectOptionByIndex: All options with index in [24] are selected on object 'Object Repository/PharmacyRequest/Page_KDMC-Pharmacy/select_--Select--Albendazole'

2018-06-09 20:48:41 - [MESSAGE][PASSED] - All options with index in [24] are selected on object 'Object Repository/PharmacyRequest/Page_KDMC-Pharmacy/select_--Select--Albendazole'

2018-06-09 20:48:41 - [TEST_STEP][PASSED] - delay: Delayed 1 second(s)

2018-06-09 20:48:42 - [MESSAGE][PASSED] - Delayed 1 second(s)

2018-06-09 20:48:42 - [TEST_STEP][PASSED] - setText: Text '10' is set on object 'Object Repository/PharmacyRequest/Page_KDMC-Pharmacy/input_txttreat'

2018-06-09 20:48:42 - [MESSAGE][PASSED] - Text '10' is set on object 'Object Repository/PharmacyRequest/Page_KDMC-Pharmacy/input_txttreat'

2018-06-09 20:48:42 - [TEST_STEP][PASSED] - click: Object: 'Object Repository/PharmacyRequest/Page_KDMC-Pharmacy/button_Add' is clicked on

2018-06-09 20:48:42 - [MESSAGE][PASSED] - Object: 'Object Repository/PharmacyRequest/Page_KDMC-Pharmacy/button_Add' is clicked on

2018-06-09 20:48:42 - [TEST_STEP][PASSED] - selectOptionByIndex: All options with index in [11] are selected on object 'Object Repository/PharmacyRequest/Page_KDMC-Pharmacy/select_--Select--Schedule 1Inj'

2018-06-09 20:48:43 - [MESSAGE][PASSED] - All options with index in [11] are selected on object 'Object Repository/PharmacyRequest/Page_KDMC-Pharmacy/select_--Select--Schedule 1Inj'

2018-06-09 20:48:43 - [TEST_STEP][PASSED] - delay: Delayed 1 second(s)

2018-06-09 20:48:44 - [MESSAGE][PASSED] - Delayed 1 second(s)

2018-06-09 20:48:44 - [TEST_STEP][PASSED] - selectOptionByIndex: All options with index in [25] are selected on object 'Object Repository/PharmacyRequest/Page_KDMC-Pharmacy/select_--Select--Albendazole'

2018-06-09 20:48:44 - [MESSAGE][PASSED] - All options with index in [25] are selected on object 'Object Repository/PharmacyRequest/Page_KDMC-Pharmacy/select_--Select--Albendazole'

2018-06-09 20:48:44 - [TEST_STEP][PASSED] - delay: Delayed 1 second(s)

2018-06-09 20:48:45 - [MESSAGE][PASSED] - Delayed 1 second(s)

2018-06-09 20:48:45 - [TEST_STEP][PASSED] - setText: Text '10' is set on object 'Object Repository/PharmacyRequest/Page_KDMC-Pharmacy/input_txttreat'

2018-06-09 20:48:45 - [MESSAGE][PASSED] - Text '10' is set on object 'Object Repository/PharmacyRequest/Page_KDMC-Pharmacy/input_txttreat'

2018-06-09 20:48:45 - [TEST_STEP][PASSED] - click: Object: 'Object Repository/PharmacyRequest/Page_KDMC-Pharmacy/button_Add' is clicked on

2018-06-09 20:48:45 - [MESSAGE][PASSED] - Object: 'Object Repository/PharmacyRequest/Page_KDMC-Pharmacy/button_Add' is clicked on

2018-06-09 20:48:45 - [TEST_STEP][PASSED] - selectOptionByIndex: All options with index in [11] are selected on object 'Object Repository/PharmacyRequest/Page_KDMC-Pharmacy/select_--Select--Schedule 1Inj'

2018-06-09 20:48:45 - [MESSAGE][PASSED] - All options with index in [11] are selected on object 'Object Repository/PharmacyRequest/Page_KDMC-Pharmacy/select_--Select--Schedule 1Inj'

2018-06-09 20:48:45 - [TEST_STEP][PASSED] - delay: Delayed 1 second(s)

2018-06-09 20:48:46 - [MESSAGE][PASSED] - Delayed 1 second(s)

2018-06-09 20:48:46 - [TEST_STEP][PASSED] - selectOptionByIndex: All options with index in [26] are selected on object 'Object Repository/PharmacyRequest/Page_KDMC-Pharmacy/select_--Select--Albendazole'

2018-06-09 20:48:47 - [MESSAGE][PASSED] - All options with index in [26] are selected on object 'Object Repository/PharmacyRequest/Page_KDMC-Pharmacy/select_--Select--Albendazole'

2018-06-09 20:48:47 - [TEST_STEP][PASSED] - delay: Delayed 1 second(s)

2018-06-09 20:48:48 - [MESSAGE][PASSED] - Delayed 1 second(s)

2018-06-09 20:48:48 - [TEST_STEP][PASSED] - setText: Text '10' is set on object 'Object Repository/PharmacyRequest/Page_KDMC-Pharmacy/input_txttreat'

2018-06-09 20:48:48 - [MESSAGE][PASSED] - Text '10' is set on object 'Object Repository/PharmacyRequest/Page_KDMC-Pharmacy/input_txttreat'

2018-06-09 20:48:48 - [TEST_STEP][PASSED] - click: Object: 'Object Repository/PharmacyRequest/Page_KDMC-Pharmacy/button_Add' is clicked on

2018-06-09 20:48:48 - [MESSAGE][PASSED] - Object: 'Object Repository/PharmacyRequest/Page_KDMC-Pharmacy/button_Add' is clicked on

2018-06-09 20:48:48 - [TEST_STEP][PASSED] - selectOptionByIndex: All options with index in [11] are selected on object 'Object Repository/PharmacyRequest/Page_KDMC-Pharmacy/select_--Select--Schedule 1Inj'

2018-06-09 20:48:48 - [MESSAGE][PASSED] - All options with index in [11] are selected on object 'Object Repository/PharmacyRequest/Page_KDMC-Pharmacy/select_--Select--Schedule 1Inj'

2018-06-09 20:48:48 - [TEST_STEP][PASSED] - delay: Delayed 1 second(s)

2018-06-09 20:48:49 - [MESSAGE][PASSED] - Delayed 1 second(s)

2018-06-09 20:48:49 - [TEST_STEP][PASSED] - selectOptionByIndex: All options with index in [27] are selected on object 'Object Repository/PharmacyRequest/Page_KDMC-Pharmacy/select_--Select--Albendazole'

2018-06-09 20:48:49 - [MESSAGE][PASSED] - All options with index in [27] are selected on object 'Object Repository/PharmacyRequest/Page_KDMC-Pharmacy/select_--Select--Albendazole'

2018-06-09 20:48:49 - [TEST_STEP][PASSED] - delay: Delayed 1 second(s)

2018-06-09 20:48:50 - [MESSAGE][PASSED] - Delayed 1 second(s)

2018-06-09 20:48:50 - [TEST_STEP][PASSED] - setText: Text '10' is set on object 'Object Repository/PharmacyRequest/Page_KDMC-Pharmacy/input_txttreat'

2018-06-09 20:48:50 - [MESSAGE][PASSED] - Text '10' is set on object 'Object Repository/PharmacyRequest/Page_KDMC-Pharmacy/input_txttreat'

2018-06-09 20:48:50 - [TEST_STEP][PASSED] - click: Object: 'Object Repository/PharmacyRequest/Page_KDMC-Pharmacy/button_Add' is clicked on

2018-06-09 20:48:50 - [MESSAGE][PASSED] - Object: 'Object Repository/PharmacyRequest/Page_KDMC-Pharmacy/button_Add' is clicked on

2018-06-09 20:48:50 - [TEST_STEP][PASSED] - selectOptionByIndex: All options with index in [11] are selected on object 'Object Repository/PharmacyRequest/Page_KDMC-Pharmacy/select_--Select--Schedule 1Inj'

2018-06-09 20:48:51 - [MESSAGE][PASSED] - All options with index in [11] are selected on object 'Object Repository/PharmacyRequest/Page_KDMC-Pharmacy/select_--Select--Schedule 1Inj'

2018-06-09 20:48:51 - [TEST_STEP][PASSED] - delay: Delayed 1 second(s)

2018-06-09 20:48:52 - [MESSAGE][PASSED] - Delayed 1 second(s)

2018-06-09 20:48:52 - [TEST_STEP][PASSED] - selectOptionByIndex: All options with index in [28] are selected on object 'Object Repository/PharmacyRequest/Page_KDMC-Pharmacy/select_--Select--Albendazole'

2018-06-09 20:48:52 - [MESSAGE][PASSED] - All options with index in [28] are selected on object 'Object Repository/PharmacyRequest/Page_KDMC-Pharmacy/select_--Select--Albendazole'

2018-06-09 20:48:52 - [TEST_STEP][PASSED] - delay: Delayed 1 second(s)

2018-06-09 20:48:53 - [MESSAGE][PASSED] - Delayed 1 second(s)

2018-06-09 20:48:53 - [TEST_STEP][PASSED] - setText: Text '10' is set on object 'Object Repository/PharmacyRequest/Page_KDMC-Pharmacy/input_txttreat'

2018-06-09 20:48:53 - [MESSAGE][PASSED] - Text '10' is set on object 'Object Repository/PharmacyRequest/Page_KDMC-Pharmacy/input_txttreat'

2018-06-09 20:48:53 - [TEST_STEP][PASSED] - click: Object: 'Object Repository/PharmacyRequest/Page_KDMC-Pharmacy/button_Add' is clicked on

2018-06-09 20:48:53 - [MESSAGE][PASSED] - Object: 'Object Repository/PharmacyRequest/Page_KDMC-Pharmacy/button_Add' is clicked on

2018-06-09 20:48:53 - [TEST_STEP][PASSED] - selectOptionByIndex: All options with index in [11] are selected on object 'Object Repository/PharmacyRequest/Page_KDMC-Pharmacy/select_--Select--Schedule 1Inj'

2018-06-09 20:48:53 - [MESSAGE][PASSED] - All options with index in [11] are selected on object 'Object Repository/PharmacyRequest/Page_KDMC-Pharmacy/select_--Select--Schedule 1Inj'

2018-06-09 20:48:53 - [TEST_STEP][PASSED] - delay: Delayed 1 second(s)

2018-06-09 20:48:54 - [MESSAGE][PASSED] - Delayed 1 second(s)

2018-06-09 20:48:54 - [TEST_STEP][PASSED] - selectOptionByIndex: All options with index in [29] are selected on object 'Object Repository/PharmacyRequest/Page_KDMC-Pharmacy/select_--Select--Albendazole'

2018-06-09 20:48:55 - [MESSAGE][PASSED] - All options with index in [29] are selected on object 'Object Repository/PharmacyRequest/Page_KDMC-Pharmacy/select_--Select--Albendazole'

2018-06-09 20:48:55 - [TEST_STEP][PASSED] - delay: Delayed 1 second(s)

2018-06-09 20:48:56 - [MESSAGE][PASSED] - Delayed 1 second(s)

2018-06-09 20:48:56 - [TEST_STEP][PASSED] - setText: Text '10' is set on object 'Object Repository/PharmacyRequest/Page_KDMC-Pharmacy/input_txttreat'

2018-06-09 20:48:56 - [MESSAGE][PASSED] - Text '10' is set on object 'Object Repository/PharmacyRequest/Page_KDMC-Pharmacy/input_txttreat'

2018-06-09 20:48:56 - [TEST_STEP][PASSED] - click: Object: 'Object Repository/PharmacyRequest/Page_KDMC-Pharmacy/button_Add' is clicked on

2018-06-09 20:48:56 - [MESSAGE][PASSED] - Object: 'Object Repository/PharmacyRequest/Page_KDMC-Pharmacy/button_Add' is clicked on

2018-06-09 20:48:56 - [TEST_STEP][PASSED] - selectOptionByIndex: All options with index in [11] are selected on object 'Object Repository/PharmacyRequest/Page_KDMC-Pharmacy/select_--Select--Schedule 1Inj'

2018-06-09 20:48:56 - [MESSAGE][PASSED] - All options with index in [11] are selected on object 'Object Repository/PharmacyRequest/Page_KDMC-Pharmacy/select_--Select--Schedule 1Inj'

2018-06-09 20:48:56 - [TEST_STEP][PASSED] - delay: Delayed 1 second(s)

2018-06-09 20:48:57 - [MESSAGE][PASSED] - Delayed 1 second(s)

2018-06-09 20:48:57 - [TEST_STEP][PASSED] - selectOptionByIndex: All options with index in [30] are selected on object 'Object Repository/PharmacyRequest/Page_KDMC-Pharmacy/select_--Select--Albendazole'

2018-06-09 20:48:57 - [MESSAGE][PASSED] - All options with index in [30] are selected on object 'Object Repository/PharmacyRequest/Page_KDMC-Pharmacy/select_--Select--Albendazole'

2018-06-09 20:48:57 - [TEST_STEP][PASSED] - delay: Delayed 1 second(s)

2018-06-09 20:48:58 - [MESSAGE][PASSED] - Delayed 1 second(s)

2018-06-09 20:48:58 - [TEST_STEP][PASSED] - setText: Text '10' is set on object 'Object Repository/PharmacyRequest/Page_KDMC-Pharmacy/input_txttreat'

2018-06-09 20:48:58 - [MESSAGE][PASSED] - Text '10' is set on object 'Object Repository/PharmacyRequest/Page_KDMC-Pharmacy/input_txttreat'

2018-06-09 20:48:58 - [TEST_STEP][PASSED] - click: Object: 'Object Repository/PharmacyRequest/Page_KDMC-Pharmacy/button_Add' is clicked on

2018-06-09 20:48:58 - [MESSAGE][PASSED] - Object: 'Object Repository/PharmacyRequest/Page_KDMC-Pharmacy/button_Add' is clicked on

2018-06-09 20:48:58 - [TEST_STEP][PASSED] - selectOptionByIndex: All options with index in [11] are selected on object 'Object Repository/PharmacyRequest/Page_KDMC-Pharmacy/select_--Select--Schedule 1Inj'

2018-06-09 20:48:59 - [MESSAGE][PASSED] - All options with index in [11] are selected on object 'Object Repository/PharmacyRequest/Page_KDMC-Pharmacy/select_--Select--Schedule 1Inj'

2018-06-09 20:48:59 - [TEST_STEP][PASSED] - delay: Delayed 1 second(s)

2018-06-09 20:49:00 - [MESSAGE][PASSED] - Delayed 1 second(s)

2018-06-09 20:49:00 - [TEST_STEP][PASSED] - selectOptionByIndex: All options with index in [31] are selected on object 'Object Repository/PharmacyRequest/Page_KDMC-Pharmacy/select_--Select--Albendazole'

2018-06-09 20:49:00 - [MESSAGE][PASSED] - All options with index in [31] are selected on object 'Object Repository/PharmacyRequest/Page_KDMC-Pharmacy/select_--Select--Albendazole'

2018-06-09 20:49:00 - [TEST_STEP][PASSED] - delay: Delayed 1 second(s)

2018-06-09 20:49:01 - [MESSAGE][PASSED] - Delayed 1 second(s)

2018-06-09 20:49:01 - [TEST_STEP][PASSED] - setText: Text '10' is set on object 'Object Repository/PharmacyRequest/Page_KDMC-Pharmacy/input_txttreat'

2018-06-09 20:49:01 - [MESSAGE][PASSED] - Text '10' is set on object 'Object Repository/PharmacyRequest/Page_KDMC-Pharmacy/input_txttreat'

2018-06-09 20:49:01 - [TEST_STEP][PASSED] - click: Object: 'Object Repository/PharmacyRequest/Page_KDMC-Pharmacy/button_Add' is clicked on

2018-06-09 20:49:01 - [MESSAGE][PASSED] - Object: 'Object Repository/PharmacyRequest/Page_KDMC-Pharmacy/button_Add' is clicked on

2018-06-09 20:49:01 - [TEST_STEP][PASSED] - selectOptionByIndex: All options with index in [11] are selected on object 'Object Repository/PharmacyRequest/Page_KDMC-Pharmacy/select_--Select--Schedule 1Inj'

2018-06-09 20:49:01 - [MESSAGE][PASSED] - All options with index in [11] are selected on object 'Object Repository/PharmacyRequest/Page_KDMC-Pharmacy/select_--Select--Schedule 1Inj'

2018-06-09 20:49:01 - [TEST_STEP][PASSED] - delay: Delayed 1 second(s)

2018-06-09 20:49:02 - [MESSAGE][PASSED] - Delayed 1 second(s)

2018-06-09 20:49:02 - [TEST_STEP][PASSED] - selectOptionByIndex: All options with index in [32] are selected on object 'Object Repository/PharmacyRequest/Page_KDMC-Pharmacy/select_--Select--Albendazole'

2018-06-09 20:49:03 - [MESSAGE][PASSED] - All options with index in [32] are selected on object 'Object Repository/PharmacyRequest/Page_KDMC-Pharmacy/select_--Select--Albendazole'

2018-06-09 20:49:03 - [TEST_STEP][PASSED] - delay: Delayed 1 second(s)

2018-06-09 20:49:04 - [MESSAGE][PASSED] - Delayed 1 second(s)

2018-06-09 20:49:04 - [TEST_STEP][PASSED] - setText: Text '10' is set on object 'Object Repository/PharmacyRequest/Page_KDMC-Pharmacy/input_txttreat'

2018-06-09 20:49:04 - [MESSAGE][PASSED] - Text '10' is set on object 'Object Repository/PharmacyRequest/Page_KDMC-Pharmacy/input_txttreat'

2018-06-09 20:49:04 - [TEST_STEP][PASSED] - click: Object: 'Object Repository/PharmacyRequest/Page_KDMC-Pharmacy/button_Add' is clicked on

2018-06-09 20:49:04 - [MESSAGE][PASSED] - Object: 'Object Repository/PharmacyRequest/Page_KDMC-Pharmacy/button_Add' is clicked on

2018-06-09 20:49:04 - [TEST_STEP][PASSED] - selectOptionByIndex: All options with index in [11] are selected on object 'Object Repository/PharmacyRequest/Page_KDMC-Pharmacy/select_--Select--Schedule 1Inj'

2018-06-09 20:49:04 - [MESSAGE][PASSED] - All options with index in [11] are selected on object 'Object Repository/PharmacyRequest/Page_KDMC-Pharmacy/select_--Select--Schedule 1Inj'

2018-06-09 20:49:04 - [TEST_STEP][PASSED] - delay: Delayed 1 second(s)

2018-06-09 20:49:05 - [MESSAGE][PASSED] - Delayed 1 second(s)

2018-06-09 20:49:05 - [TEST_STEP][PASSED] - selectOptionByIndex: All options with index in [33] are selected on object 'Object Repository/PharmacyRequest/Page_KDMC-Pharmacy/select_--Select--Albendazole'

2018-06-09 20:49:05 - [MESSAGE][PASSED] - All options with index in [33] are selected on object 'Object Repository/PharmacyRequest/Page_KDMC-Pharmacy/select_--Select--Albendazole'

2018-06-09 20:49:05 - [TEST_STEP][PASSED] - delay: Delayed 1 second(s)

2018-06-09 20:49:06 - [MESSAGE][PASSED] - Delayed 1 second(s)

2018-06-09 20:49:06 - [TEST_STEP][PASSED] - setText: Text '10' is set on object 'Object Repository/PharmacyRequest/Page_KDMC-Pharmacy/input_txttreat'

2018-06-09 20:49:07 - [MESSAGE][PASSED] - Text '10' is set on object 'Object Repository/PharmacyRequest/Page_KDMC-Pharmacy/input_txttreat'

2018-06-09 20:49:07 - [TEST_STEP][PASSED] - click: Object: 'Object Repository/PharmacyRequest/Page_KDMC-Pharmacy/button_Add' is clicked on

2018-06-09 20:49:07 - [MESSAGE][PASSED] - Object: 'Object Repository/PharmacyRequest/Page_KDMC-Pharmacy/button_Add' is clicked on

2018-06-09 20:49:07 - [TEST_STEP][PASSED] - selectOptionByIndex: All options with index in [11] are selected on object 'Object Repository/PharmacyRequest/Page_KDMC-Pharmacy/select_--Select--Schedule 1Inj'

2018-06-09 20:49:07 - [MESSAGE][PASSED] - All options with index in [11] are selected on object 'Object Repository/PharmacyRequest/Page_KDMC-Pharmacy/select_--Select--Schedule 1Inj'

2018-06-09 20:49:07 - [TEST_STEP][PASSED] - delay: Delayed 1 second(s)

2018-06-09 20:49:08 - [MESSAGE][PASSED] - Delayed 1 second(s)

2018-06-09 20:49:08 - [TEST_STEP][PASSED] - selectOptionByIndex: All options with index in [34] are selected on object 'Object Repository/PharmacyRequest/Page_KDMC-Pharmacy/select_--Select--Albendazole'

2018-06-09 20:49:08 - [MESSAGE][PASSED] - All options with index in [34] are selected on object 'Object Repository/PharmacyRequest/Page_KDMC-Pharmacy/select_--Select--Albendazole'

2018-06-09 20:49:08 - [TEST_STEP][PASSED] - delay: Delayed 1 second(s)

2018-06-09 20:49:09 - [MESSAGE][PASSED] - Delayed 1 second(s)

2018-06-09 20:49:09 - [TEST_STEP][PASSED] - setText: Text '10' is set on object 'Object Repository/PharmacyRequest/Page_KDMC-Pharmacy/input_txttreat'

2018-06-09 20:49:09 - [MESSAGE][PASSED] - Text '10' is set on object 'Object Repository/PharmacyRequest/Page_KDMC-Pharmacy/input_txttreat'

2018-06-09 20:49:09 - [TEST_STEP][PASSED] - click: Object: 'Object Repository/PharmacyRequest/Page_KDMC-Pharmacy/button_Add' is clicked on

2018-06-09 20:49:09 - [MESSAGE][PASSED] - Object: 'Object Repository/PharmacyRequest/Page_KDMC-Pharmacy/button_Add' is clicked on

2018-06-09 20:49:09 - [TEST_STEP][PASSED] - selectOptionByIndex: All options with index in [11] are selected on object 'Object Repository/PharmacyRequest/Page_KDMC-Pharmacy/select_--Select--Schedule 1Inj'

2018-06-09 20:49:10 - [MESSAGE][PASSED] - All options with index in [11] are selected on object 'Object Repository/PharmacyRequest/Page_KDMC-Pharmacy/select_--Select--Schedule 1Inj'

2018-06-09 20:49:10 - [TEST_STEP][PASSED] - delay: Delayed 1 second(s)

2018-06-09 20:49:11 - [MESSAGE][PASSED] - Delayed 1 second(s)

2018-06-09 20:49:11 - [TEST_STEP][PASSED] - selectOptionByIndex: All options with index in [35] are selected on object 'Object Repository/PharmacyRequest/Page_KDMC-Pharmacy/select_--Select--Albendazole'

2018-06-09 20:49:11 - [MESSAGE][PASSED] - All options with index in [35] are selected on object 'Object Repository/PharmacyRequest/Page_KDMC-Pharmacy/select_--Select--Albendazole'

2018-06-09 20:49:11 - [TEST_STEP][PASSED] - delay: Delayed 1 second(s)

2018-06-09 20:49:12 - [MESSAGE][PASSED] - Delayed 1 second(s)

2018-06-09 20:49:12 - [TEST_STEP][PASSED] - setText: Text '10' is set on object 'Object Repository/PharmacyRequest/Page_KDMC-Pharmacy/input_txttreat'

2018-06-09 20:49:12 - [MESSAGE][PASSED] - Text '10' is set on object 'Object Repository/PharmacyRequest/Page_KDMC-Pharmacy/input_txttreat'

2018-06-09 20:49:12 - [TEST_STEP][PASSED] - click: Object: 'Object Repository/PharmacyRequest/Page_KDMC-Pharmacy/button_Add' is clicked on

2018-06-09 20:49:12 - [MESSAGE][PASSED] - Object: 'Object Repository/PharmacyRequest/Page_KDMC-Pharmacy/button_Add' is clicked on

2018-06-09 20:49:12 - [TEST_STEP][PASSED] - selectOptionByIndex: All options with index in [11] are selected on object 'Object Repository/PharmacyRequest/Page_KDMC-Pharmacy/select_--Select--Schedule 1Inj'

2018-06-09 20:49:12 - [MESSAGE][PASSED] - All options with index in [11] are selected on object 'Object Repository/PharmacyRequest/Page_KDMC-Pharmacy/select_--Select--Schedule 1Inj'

2018-06-09 20:49:12 - [TEST_STEP][PASSED] - delay: Delayed 1 second(s)

2018-06-09 20:49:13 - [MESSAGE][PASSED] - Delayed 1 second(s)

2018-06-09 20:49:13 - [TEST_STEP][PASSED] - selectOptionByIndex: All options with index in [36] are selected on object 'Object Repository/PharmacyRequest/Page_KDMC-Pharmacy/select_--Select--Albendazole'

2018-06-09 20:49:14 - [MESSAGE][PASSED] - All options with index in [36] are selected on object 'Object Repository/PharmacyRequest/Page_KDMC-Pharmacy/select_--Select--Albendazole'

2018-06-09 20:49:14 - [TEST_STEP][PASSED] - delay: Delayed 1 second(s)

2018-06-09 20:49:15 - [MESSAGE][PASSED] - Delayed 1 second(s)

2018-06-09 20:49:15 - [TEST_STEP][PASSED] - setText: Text '10' is set on object 'Object Repository/PharmacyRequest/Page_KDMC-Pharmacy/input_txttreat'

2018-06-09 20:49:15 - [MESSAGE][PASSED] - Text '10' is set on object 'Object Repository/PharmacyRequest/Page_KDMC-Pharmacy/input_txttreat'

2018-06-09 20:49:15 - [TEST_STEP][PASSED] - click: Object: 'Object Repository/PharmacyRequest/Page_KDMC-Pharmacy/button_Add' is clicked on

2018-06-09 20:49:15 - [MESSAGE][PASSED] - Object: 'Object Repository/PharmacyRequest/Page_KDMC-Pharmacy/button_Add' is clicked on

2018-06-09 20:49:15 - [TEST_STEP][PASSED] - selectOptionByIndex: All options with index in [11] are selected on object 'Object Repository/PharmacyRequest/Page_KDMC-Pharmacy/select_--Select--Schedule 1Inj'

2018-06-09 20:49:15 - [MESSAGE][PASSED] - All options with index in [11] are selected on object 'Object Repository/PharmacyRequest/Page_KDMC-Pharmacy/select_--Select--Schedule 1Inj'

2018-06-09 20:49:15 - [TEST_STEP][PASSED] - delay: Delayed 1 second(s)

2018-06-09 20:49:16 - [MESSAGE][PASSED] - Delayed 1 second(s)

2018-06-09 20:49:16 - [TEST_STEP][PASSED] - selectOptionByIndex: All options with index in [37] are selected on object 'Object Repository/PharmacyRequest/Page_KDMC-Pharmacy/select_--Select--Albendazole'

2018-06-09 20:49:17 - [MESSAGE][PASSED] - All options with index in [37] are selected on object 'Object Repository/PharmacyRequest/Page_KDMC-Pharmacy/select_--Select--Albendazole'

2018-06-09 20:49:17 - [TEST_STEP][PASSED] - delay: Delayed 1 second(s)

2018-06-09 20:49:18 - [MESSAGE][PASSED] - Delayed 1 second(s)

2018-06-09 20:49:18 - [TEST_STEP][PASSED] - setText: Text '10' is set on object 'Object Repository/PharmacyRequest/Page_KDMC-Pharmacy/input_txttreat'

2018-06-09 20:49:18 - [MESSAGE][PASSED] - Text '10' is set on object 'Object Repository/PharmacyRequest/Page_KDMC-Pharmacy/input_txttreat'

2018-06-09 20:49:18 - [TEST_STEP][PASSED] - click: Object: 'Object Repository/PharmacyRequest/Page_KDMC-Pharmacy/button_Add' is clicked on

2018-06-09 20:49:18 - [MESSAGE][PASSED] - Object: 'Object Repository/PharmacyRequest/Page_KDMC-Pharmacy/button_Add' is clicked on

2018-06-09 20:49:18 - [TEST_STEP][PASSED] - selectOptionByIndex: All options with index in [11] are selected on object 'Object Repository/PharmacyRequest/Page_KDMC-Pharmacy/select_--Select--Schedule 1Inj'

2018-06-09 20:49:18 - [MESSAGE][PASSED] - All options with index in [11] are selected on object 'Object Repository/PharmacyRequest/Page_KDMC-Pharmacy/select_--Select--Schedule 1Inj'

2018-06-09 20:49:18 - [TEST_STEP][PASSED] - delay: Delayed 1 second(s)

2018-06-09 20:49:19 - [MESSAGE][PASSED] - Delayed 1 second(s)

2018-06-09 20:49:19 - [TEST_STEP][PASSED] - selectOptionByIndex: All options with index in [38] are selected on object 'Object Repository/PharmacyRequest/Page_KDMC-Pharmacy/select_--Select--Albendazole'

2018-06-09 20:49:19 - [MESSAGE][PASSED] - All options with index in [38] are selected on object 'Object Repository/PharmacyRequest/Page_KDMC-Pharmacy/select_--Select--Albendazole'

2018-06-09 20:49:19 - [TEST_STEP][PASSED] - delay: Delayed 1 second(s)

2018-06-09 20:49:20 - [MESSAGE][PASSED] - Delayed 1 second(s)

2018-06-09 20:49:20 - [TEST_STEP][PASSED] - setText: Text '10' is set on object 'Object Repository/PharmacyRequest/Page_KDMC-Pharmacy/input_txttreat'

2018-06-09 20:49:20 - [MESSAGE][PASSED] - Text '10' is set on object 'Object Repository/PharmacyRequest/Page_KDMC-Pharmacy/input_txttreat'

2018-06-09 20:49:20 - [TEST_STEP][PASSED] - click: Object: 'Object Repository/PharmacyRequest/Page_KDMC-Pharmacy/button_Add' is clicked on

2018-06-09 20:49:20 - [MESSAGE][PASSED] - Object: 'Object Repository/PharmacyRequest/Page_KDMC-Pharmacy/button_Add' is clicked on

2018-06-09 20:49:20 - [TEST_STEP][PASSED] - selectOptionByIndex: All options with index in [11] are selected on object 'Object Repository/PharmacyRequest/Page_KDMC-Pharmacy/select_--Select--Schedule 1Inj'

2018-06-09 20:49:21 - [MESSAGE][PASSED] - All options with index in [11] are selected on object 'Object Repository/PharmacyRequest/Page_KDMC-Pharmacy/select_--Select--Schedule 1Inj'

2018-06-09 20:49:21 - [TEST_STEP][PASSED] - delay: Delayed 1 second(s)

2018-06-09 20:49:22 - [MESSAGE][PASSED] - Delayed 1 second(s)

2018-06-09 20:49:22 - [TEST_STEP][PASSED] - selectOptionByIndex: All options with index in [39] are selected on object 'Object Repository/PharmacyRequest/Page_KDMC-Pharmacy/select_--Select--Albendazole'

2018-06-09 20:49:22 - [MESSAGE][PASSED] - All options with index in [39] are selected on object 'Object Repository/PharmacyRequest/Page_KDMC-Pharmacy/select_--Select--Albendazole'

2018-06-09 20:49:22 - [TEST_STEP][PASSED] - delay: Delayed 1 second(s)

2018-06-09 20:49:23 - [MESSAGE][PASSED] - Delayed 1 second(s)

2018-06-09 20:49:23 - [TEST_STEP][PASSED] - setText: Text '10' is set on object 'Object Repository/PharmacyRequest/Page_KDMC-Pharmacy/input_txttreat'

2018-06-09 20:49:23 - [MESSAGE][PASSED] - Text '10' is set on object 'Object Repository/PharmacyRequest/Page_KDMC-Pharmacy/input_txttreat'

2018-06-09 20:49:23 - [TEST_STEP][PASSED] - click: Object: 'Object Repository/PharmacyRequest/Page_KDMC-Pharmacy/button_Add' is clicked on

2018-06-09 20:49:23 - [MESSAGE][PASSED] - Object: 'Object Repository/PharmacyRequest/Page_KDMC-Pharmacy/button_Add' is clicked on

2018-06-09 20:49:23 - [TEST_STEP][PASSED] - selectOptionByIndex: All options with index in [11] are selected on object 'Object Repository/PharmacyRequest/Page_KDMC-Pharmacy/select_--Select--Schedule 1Inj'

2018-06-09 20:49:23 - [MESSAGE][PASSED] - All options with index in [11] are selected on object 'Object Repository/PharmacyRequest/Page_KDMC-Pharmacy/select_--Select--Schedule 1Inj'

2018-06-09 20:49:23 - [TEST_STEP][PASSED] - delay: Delayed 1 second(s)

2018-06-09 20:49:24 - [MESSAGE][PASSED] - Delayed 1 second(s)

2018-06-09 20:49:24 - [TEST_STEP][PASSED] - selectOptionByIndex: All options with index in [40] are selected on object 'Object Repository/PharmacyRequest/Page_KDMC-Pharmacy/select_--Select--Albendazole'

2018-06-09 20:49:25 - [MESSAGE][PASSED] - All options with index in [40] are selected on object 'Object Repository/PharmacyRequest/Page_KDMC-Pharmacy/select_--Select--Albendazole'

2018-06-09 20:49:25 - [TEST_STEP][PASSED] - delay: Delayed 1 second(s)

2018-06-09 20:49:26 - [MESSAGE][PASSED] - Delayed 1 second(s)

2018-06-09 20:49:26 - [TEST_STEP][PASSED] - setText: Text '10' is set on object 'Object Repository/PharmacyRequest/Page_KDMC-Pharmacy/input_txttreat'

2018-06-09 20:49:26 - [MESSAGE][PASSED] - Text '10' is set on object 'Object Repository/PharmacyRequest/Page_KDMC-Pharmacy/input_txttreat'

2018-06-09 20:49:26 - [TEST_STEP][PASSED] - click: Object: 'Object Repository/PharmacyRequest/Page_KDMC-Pharmacy/button_Add' is clicked on

2018-06-09 20:49:26 - [MESSAGE][PASSED] - Object: 'Object Repository/PharmacyRequest/Page_KDMC-Pharmacy/button_Add' is clicked on

2018-06-09 20:49:26 - [TEST_STEP][PASSED] - selectOptionByIndex: All options with index in [11] are selected on object 'Object Repository/PharmacyRequest/Page_KDMC-Pharmacy/select_--Select--Schedule 1Inj'

2018-06-09 20:49:26 - [MESSAGE][PASSED] - All options with index in [11] are selected on object 'Object Repository/PharmacyRequest/Page_KDMC-Pharmacy/select_--Select--Schedule 1Inj'

2018-06-09 20:49:26 - [TEST_STEP][PASSED] - delay: Delayed 1 second(s)

2018-06-09 20:49:27 - [MESSAGE][PASSED] - Delayed 1 second(s)

2018-06-09 20:49:27 - [TEST_STEP][PASSED] - selectOptionByIndex: All options with index in [41] are selected on object 'Object Repository/PharmacyRequest/Page_KDMC-Pharmacy/select_--Select--Albendazole'

2018-06-09 20:49:28 - [MESSAGE][PASSED] - All options with index in [41] are selected on object 'Object Repository/PharmacyRequest/Page_KDMC-Pharmacy/select_--Select--Albendazole'

2018-06-09 20:49:28 - [TEST_STEP][PASSED] - delay: Delayed 1 second(s)

2018-06-09 20:49:29 - [MESSAGE][PASSED] - Delayed 1 second(s)

2018-06-09 20:49:29 - [TEST_STEP][PASSED] - setText: Text '10' is set on object 'Object Repository/PharmacyRequest/Page_KDMC-Pharmacy/input_txttreat'

2018-06-09 20:49:29 - [MESSAGE][PASSED] - Text '10' is set on object 'Object Repository/PharmacyRequest/Page_KDMC-Pharmacy/input_txttreat'

2018-06-09 20:49:29 - [TEST_STEP][PASSED] - click: Object: 'Object Repository/PharmacyRequest/Page_KDMC-Pharmacy/button_Add' is clicked on

2018-06-09 20:49:29 - [MESSAGE][PASSED] - Object: 'Object Repository/PharmacyRequest/Page_KDMC-Pharmacy/button_Add' is clicked on

2018-06-09 20:49:29 - [TEST_STEP][PASSED] - selectOptionByIndex: All options with index in [11] are selected on object 'Object Repository/PharmacyRequest/Page_KDMC-Pharmacy/select_--Select--Schedule 1Inj'

2018-06-09 20:49:29 - [MESSAGE][PASSED] - All options with index in [11] are selected on object 'Object Repository/PharmacyRequest/Page_KDMC-Pharmacy/select_--Select--Schedule 1Inj'

2018-06-09 20:49:29 - [TEST_STEP][PASSED] - delay: Delayed 1 second(s)

2018-06-09 20:49:30 - [MESSAGE][PASSED] - Delayed 1 second(s)

2018-06-09 20:49:30 - [TEST_STEP][PASSED] - selectOptionByIndex: All options with index in [42] are selected on object 'Object Repository/PharmacyRequest/Page_KDMC-Pharmacy/select_--Select--Albendazole'

2018-06-09 20:49:30 - [MESSAGE][PASSED] - All options with index in [42] are selected on object 'Object Repository/PharmacyRequest/Page_KDMC-Pharmacy/select_--Select--Albendazole'

2018-06-09 20:49:30 - [TEST_STEP][PASSED] - delay: Delayed 1 second(s)

2018-06-09 20:49:31 - [MESSAGE][PASSED] - Delayed 1 second(s)

2018-06-09 20:49:31 - [TEST_STEP][PASSED] - setText: Text '10' is set on object 'Object Repository/PharmacyRequest/Page_KDMC-Pharmacy/input_txttreat'

2018-06-09 20:49:32 - [MESSAGE][PASSED] - Text '10' is set on object 'Object Repository/PharmacyRequest/Page_KDMC-Pharmacy/input_txttreat'

2018-06-09 20:49:32 - [TEST_STEP][PASSED] - click: Object: 'Object Repository/PharmacyRequest/Page_KDMC-Pharmacy/button_Add' is clicked on

2018-06-09 20:49:32 - [MESSAGE][PASSED] - Object: 'Object Repository/PharmacyRequest/Page_KDMC-Pharmacy/button_Add' is clicked on

2018-06-09 20:49:32 - [TEST_STEP][PASSED] - selectOptionByIndex: All options with index in [11] are selected on object 'Object Repository/PharmacyRequest/Page_KDMC-Pharmacy/select_--Select--Schedule 1Inj'

2018-06-09 20:49:32 - [MESSAGE][PASSED] - All options with index in [11] are selected on object 'Object Repository/PharmacyRequest/Page_KDMC-Pharmacy/select_--Select--Schedule 1Inj'

2018-06-09 20:49:32 - [TEST_STEP][PASSED] - delay: Delayed 1 second(s)

2018-06-09 20:49:33 - [MESSAGE][PASSED] - Delayed 1 second(s)

2018-06-09 20:49:33 - [TEST_STEP][PASSED] - selectOptionByIndex: All options with index in [43] are selected on object 'Object Repository/PharmacyRequest/Page_KDMC-Pharmacy/select_--Select--Albendazole'

2018-06-09 20:49:33 - [MESSAGE][PASSED] - All options with index in [43] are selected on object 'Object Repository/PharmacyRequest/Page_KDMC-Pharmacy/select_--Select--Albendazole'

2018-06-09 20:49:33 - [TEST_STEP][PASSED] - delay: Delayed 1 second(s)

2018-06-09 20:49:34 - [MESSAGE][PASSED] - Delayed 1 second(s)

2018-06-09 20:49:34 - [TEST_STEP][PASSED] - setText: Text '10' is set on object 'Object Repository/PharmacyRequest/Page_KDMC-Pharmacy/input_txttreat'

2018-06-09 20:49:34 - [MESSAGE][PASSED] - Text '10' is set on object 'Object Repository/PharmacyRequest/Page_KDMC-Pharmacy/input_txttreat'

2018-06-09 20:49:34 - [TEST_STEP][PASSED] - click: Object: 'Object Repository/PharmacyRequest/Page_KDMC-Pharmacy/button_Add' is clicked on

2018-06-09 20:49:34 - [MESSAGE][PASSED] - Object: 'Object Repository/PharmacyRequest/Page_KDMC-Pharmacy/button_Add' is clicked on

2018-06-09 20:49:34 - [TEST_STEP][PASSED] - selectOptionByIndex: All options with index in [11] are selected on object 'Object Repository/PharmacyRequest/Page_KDMC-Pharmacy/select_--Select--Schedule 1Inj'

2018-06-09 20:49:35 - [MESSAGE][PASSED] - All options with index in [11] are selected on object 'Object Repository/PharmacyRequest/Page_KDMC-Pharmacy/select_--Select--Schedule 1Inj'

2018-06-09 20:49:35 - [TEST_STEP][PASSED] - delay: Delayed 1 second(s)

2018-06-09 20:49:36 - [MESSAGE][PASSED] - Delayed 1 second(s)

2018-06-09 20:49:36 - [TEST_STEP][PASSED] - selectOptionByIndex: All options with index in [44] are selected on object 'Object Repository/PharmacyRequest/Page_KDMC-Pharmacy/select_--Select--Albendazole'

2018-06-09 20:49:36 - [MESSAGE][PASSED] - All options with index in [44] are selected on object 'Object Repository/PharmacyRequest/Page_KDMC-Pharmacy/select_--Select--Albendazole'

2018-06-09 20:49:36 - [TEST_STEP][PASSED] - delay: Delayed 1 second(s)

2018-06-09 20:49:37 - [MESSAGE][PASSED] - Delayed 1 second(s)

2018-06-09 20:49:37 - [TEST_STEP][PASSED] - setText: Text '10' is set on object 'Object Repository/PharmacyRequest/Page_KDMC-Pharmacy/input_txttreat'

2018-06-09 20:49:37 - [MESSAGE][PASSED] - Text '10' is set on object 'Object Repository/PharmacyRequest/Page_KDMC-Pharmacy/input_txttreat'

2018-06-09 20:49:37 - [TEST_STEP][PASSED] - click: Object: 'Object Repository/PharmacyRequest/Page_KDMC-Pharmacy/button_Add' is clicked on

2018-06-09 20:49:37 - [MESSAGE][PASSED] - Object: 'Object Repository/PharmacyRequest/Page_KDMC-Pharmacy/button_Add' is clicked on

2018-06-09 20:49:37 - [TEST_STEP][PASSED] - selectOptionByIndex: All options with index in [11] are selected on object 'Object Repository/PharmacyRequest/Page_KDMC-Pharmacy/select_--Select--Schedule 1Inj'

2018-06-09 20:49:37 - [MESSAGE][PASSED] - All options with index in [11] are selected on object 'Object Repository/PharmacyRequest/Page_KDMC-Pharmacy/select_--Select--Schedule 1Inj'

2018-06-09 20:49:37 - [TEST_STEP][PASSED] - delay: Delayed 1 second(s)

2018-06-09 20:49:38 - [MESSAGE][PASSED] - Delayed 1 second(s)

2018-06-09 20:49:38 - [TEST_STEP][PASSED] - selectOptionByIndex: All options with index in [45] are selected on object 'Object Repository/PharmacyRequest/Page_KDMC-Pharmacy/select_--Select--Albendazole'

2018-06-09 20:49:39 - [MESSAGE][PASSED] - All options with index in [45] are selected on object 'Object Repository/PharmacyRequest/Page_KDMC-Pharmacy/select_--Select--Albendazole'

2018-06-09 20:49:39 - [TEST_STEP][PASSED] - delay: Delayed 1 second(s)

2018-06-09 20:49:40 - [MESSAGE][PASSED] - Delayed 1 second(s)

2018-06-09 20:49:40 - [TEST_STEP][PASSED] - setText: Text '10' is set on object 'Object Repository/PharmacyRequest/Page_KDMC-Pharmacy/input_txttreat'

2018-06-09 20:49:40 - [MESSAGE][PASSED] - Text '10' is set on object 'Object Repository/PharmacyRequest/Page_KDMC-Pharmacy/input_txttreat'

2018-06-09 20:49:40 - [TEST_STEP][PASSED] - click: Object: 'Object Repository/PharmacyRequest/Page_KDMC-Pharmacy/button_Add' is clicked on

2018-06-09 20:49:40 - [MESSAGE][PASSED] - Object: 'Object Repository/PharmacyRequest/Page_KDMC-Pharmacy/button_Add' is clicked on

2018-06-09 20:49:40 - [TEST_STEP][PASSED] - selectOptionByIndex: All options with index in [11] are selected on object 'Object Repository/PharmacyRequest/Page_KDMC-Pharmacy/select_--Select--Schedule 1Inj'

2018-06-09 20:49:40 - [MESSAGE][PASSED] - All options with index in [11] are selected on object 'Object Repository/PharmacyRequest/Page_KDMC-Pharmacy/select_--Select--Schedule 1Inj'

2018-06-09 20:49:40 - [TEST_STEP][PASSED] - delay: Delayed 1 second(s)

2018-06-09 20:49:41 - [MESSAGE][PASSED] - Delayed 1 second(s)

2018-06-09 20:49:41 - [TEST_STEP][PASSED] - selectOptionByIndex: All options with index in [46] are selected on object 'Object Repository/PharmacyRequest/Page_KDMC-Pharmacy/select_--Select--Albendazole'

2018-06-09 20:49:42 - [MESSAGE][PASSED] - All options with index in [46] are selected on object 'Object Repository/PharmacyRequest/Page_KDMC-Pharmacy/select_--Select--Albendazole'

2018-06-09 20:49:42 - [TEST_STEP][PASSED] - delay: Delayed 1 second(s)

2018-06-09 20:49:43 - [MESSAGE][PASSED] - Delayed 1 second(s)

2018-06-09 20:49:43 - [TEST_STEP][PASSED] - setText: Text '10' is set on object 'Object Repository/PharmacyRequest/Page_KDMC-Pharmacy/input_txttreat'

2018-06-09 20:49:43 - [MESSAGE][PASSED] - Text '10' is set on object 'Object Repository/PharmacyRequest/Page_KDMC-Pharmacy/input_txttreat'

2018-06-09 20:49:43 - [TEST_STEP][PASSED] - click: Object: 'Object Repository/PharmacyRequest/Page_KDMC-Pharmacy/button_Add' is clicked on

2018-06-09 20:49:43 - [MESSAGE][PASSED] - Object: 'Object Repository/PharmacyRequest/Page_KDMC-Pharmacy/button_Add' is clicked on

2018-06-09 20:49:43 - [TEST_STEP][PASSED] - selectOptionByIndex: All options with index in [11] are selected on object 'Object Repository/PharmacyRequest/Page_KDMC-Pharmacy/select_--Select--Schedule 1Inj'

2018-06-09 20:49:43 - [MESSAGE][PASSED] - All options with index in [11] are selected on object 'Object Repository/PharmacyRequest/Page_KDMC-Pharmacy/select_--Select--Schedule 1Inj'

2018-06-09 20:49:43 - [TEST_STEP][PASSED] - delay: Delayed 1 second(s)

2018-06-09 20:49:44 - [MESSAGE][PASSED] - Delayed 1 second(s)

2018-06-09 20:49:44 - [TEST_STEP][PASSED] - selectOptionByIndex: All options with index in [47] are selected on object 'Object Repository/PharmacyRequest/Page_KDMC-Pharmacy/select_--Select--Albendazole'

2018-06-09 20:49:45 - [MESSAGE][PASSED] - All options with index in [47] are selected on object 'Object Repository/PharmacyRequest/Page_KDMC-Pharmacy/select_--Select--Albendazole'

2018-06-09 20:49:45 - [TEST_STEP][PASSED] - delay: Delayed 1 second(s)

2018-06-09 20:49:46 - [MESSAGE][PASSED] - Delayed 1 second(s)

2018-06-09 20:49:46 - [TEST_STEP][PASSED] - setText: Text '10' is set on object 'Object Repository/PharmacyRequest/Page_KDMC-Pharmacy/input_txttreat'

2018-06-09 20:49:46 - [MESSAGE][PASSED] - Text '10' is set on object 'Object Repository/PharmacyRequest/Page_KDMC-Pharmacy/input_txttreat'

2018-06-09 20:49:46 - [TEST_STEP][PASSED] - click: Object: 'Object Repository/PharmacyRequest/Page_KDMC-Pharmacy/button_Add' is clicked on

2018-06-09 20:49:46 - [MESSAGE][PASSED] - Object: 'Object Repository/PharmacyRequest/Page_KDMC-Pharmacy/button_Add' is clicked on

2018-06-09 20:49:46 - [TEST_STEP][PASSED] - selectOptionByIndex: All options with index in [11] are selected on object 'Object Repository/PharmacyRequest/Page_KDMC-Pharmacy/select_--Select--Schedule 1Inj'

2018-06-09 20:49:46 - [MESSAGE][PASSED] - All options with index in [11] are selected on object 'Object Repository/PharmacyRequest/Page_KDMC-Pharmacy/select_--Select--Schedule 1Inj'

2018-06-09 20:49:46 - [TEST_STEP][PASSED] - delay: Delayed 1 second(s)

2018-06-09 20:49:47 - [MESSAGE][PASSED] - Delayed 1 second(s)

2018-06-09 20:49:47 - [TEST_STEP][PASSED] - selectOptionByIndex: All options with index in [48] are selected on object 'Object Repository/PharmacyRequest/Page_KDMC-Pharmacy/select_--Select--Albendazole'

2018-06-09 20:49:47 - [MESSAGE][PASSED] - All options with index in [48] are selected on object 'Object Repository/PharmacyRequest/Page_KDMC-Pharmacy/select_--Select--Albendazole'

2018-06-09 20:49:47 - [TEST_STEP][PASSED] - delay: Delayed 1 second(s)

2018-06-09 20:49:48 - [MESSAGE][PASSED] - Delayed 1 second(s)

2018-06-09 20:49:48 - [TEST_STEP][PASSED] - setText: Text '10' is set on object 'Object Repository/PharmacyRequest/Page_KDMC-Pharmacy/input_txttreat'

2018-06-09 20:49:49 - [MESSAGE][PASSED] - Text '10' is set on object 'Object Repository/PharmacyRequest/Page_KDMC-Pharmacy/input_txttreat'

2018-06-09 20:49:49 - [TEST_STEP][PASSED] - click: Object: 'Object Repository/PharmacyRequest/Page_KDMC-Pharmacy/button_Add' is clicked on

2018-06-09 20:49:49 - [MESSAGE][PASSED] - Object: 'Object Repository/PharmacyRequest/Page_KDMC-Pharmacy/button_Add' is clicked on

2018-06-09 20:49:49 - [TEST_STEP][PASSED] - selectOptionByIndex: All options with index in [11] are selected on object 'Object Repository/PharmacyRequest/Page_KDMC-Pharmacy/select_--Select--Schedule 1Inj'

2018-06-09 20:49:49 - [MESSAGE][PASSED] - All options with index in [11] are selected on object 'Object Repository/PharmacyRequest/Page_KDMC-Pharmacy/select_--Select--Schedule 1Inj'

2018-06-09 20:49:49 - [TEST_STEP][PASSED] - delay: Delayed 1 second(s)

2018-06-09 20:49:50 - [MESSAGE][PASSED] - Delayed 1 second(s)

2018-06-09 20:49:50 - [TEST_STEP][PASSED] - selectOptionByIndex: All options with index in [49] are selected on object 'Object Repository/PharmacyRequest/Page_KDMC-Pharmacy/select_--Select--Albendazole'

2018-06-09 20:49:50 - [MESSAGE][PASSED] - All options with index in [49] are selected on object 'Object Repository/PharmacyRequest/Page_KDMC-Pharmacy/select_--Select--Albendazole'

2018-06-09 20:49:50 - [TEST_STEP][PASSED] - delay: Delayed 1 second(s)

2018-06-09 20:49:51 - [MESSAGE][PASSED] - Delayed 1 second(s)

2018-06-09 20:49:51 - [TEST_STEP][FAILED] - setText: Unable to set text '10' of object 'Object Repository/PharmacyRequest/Page_KDMC-Pharmacy/input_txttreat' (Root cause: org.openqa.selenium.WebDriverException: unknown error: cannot focus element
  (Session info: chrome=66.0.3359.181)
  (Driver info: chromedriver=2.35.528161 (5b82f2d2aae0ca24b877009200ced9065a772e73),platform=Windows NT 10.0.17134 x86_64) (WARNING: The server did not provide any stacktrace information)
Command duration or timeout: 0 milliseconds
Build info: version: '3.7.1', revision: '8a0099a', time: '2017-11-06T21:07:36.161Z'
System info: host: 'DESKTOP-BLFTK83', ip: '169.254.189.85', os.name: 'Windows 10', os.arch: 'amd64', os.version: '10.0', java.version: '1.8.0_102'
Driver info: com.kms.katalon.selenium.driver.CChromeDriver
Capabilities {acceptInsecureCerts: false, acceptSslCerts: false, applicationCacheEnabled: false, browserConnectionEnabled: false, browserName: chrome, chrome: {chromedriverVersion: 2.35.528161 (5b82f2d2aae0ca..., userDataDir: C:\Users\QUALIT~1\AppData\L...}, cssSelectorsEnabled: true, databaseEnabled: false, handlesAlerts: true, hasTouchScreen: false, javascriptEnabled: true, locationContextEnabled: true, mobileEmulationEnabled: false, nativeEvents: true, networkConnectionEnabled: false, pageLoadStrategy: normal, platform: XP, platformName: XP, rotatable: false, setWindowRect: true, takesHeapSnapshot: true, takesScreenshot: true, unexpectedAlertBehaviour: , unhandledPromptBehavior: , version: 66.0.3359.181, webStorageEnabled: true}
Session ID: 2b3f0cf57f12398ca1e106f73593fe0e)

2018-06-09 20:49:52 - [MESSAGE][FAILED] - Unable to set text '10' of object 'Object Repository/PharmacyRequest/Page_KDMC-Pharmacy/input_txttreat' (Root cause: org.openqa.selenium.WebDriverException: unknown error: cannot focus element
  (Session info: chrome=66.0.3359.181)
  (Driver info: chromedriver=2.35.528161 (5b82f2d2aae0ca24b877009200ced9065a772e73),platform=Windows NT 10.0.17134 x86_64) (WARNING: The server did not provide any stacktrace information)
Command duration or timeout: 0 milliseconds
Build info: version: '3.7.1', revision: '8a0099a', time: '2017-11-06T21:07:36.161Z'
System info: host: 'DESKTOP-BLFTK83', ip: '169.254.189.85', os.name: 'Windows 10', os.arch: 'amd64', os.version: '10.0', java.version: '1.8.0_102'
Driver info: com.kms.katalon.selenium.driver.CChromeDriver
Capabilities {acceptInsecureCerts: false, acceptSslCerts: false, applicationCacheEnabled: false, browserConnectionEnabled: false, browserName: chrome, chrome: {chromedriverVersion: 2.35.528161 (5b82f2d2aae0ca..., userDataDir: C:\Users\QUALIT~1\AppData\L...}, cssSelectorsEnabled: true, databaseEnabled: false, handlesAlerts: true, hasTouchScreen: false, javascriptEnabled: true, locationContextEnabled: true, mobileEmulationEnabled: false, nativeEvents: true, networkConnectionEnabled: false, pageLoadStrategy: normal, platform: XP, platformName: XP, rotatable: false, setWindowRect: true, takesHeapSnapshot: true, takesScreenshot: true, unexpectedAlertBehaviour: , unhandledPromptBehavior: , version: 66.0.3359.181, webStorageEnabled: true}
Session ID: 2b3f0cf57f12398ca1e106f73593fe0e)
[[ATTACHMENT|C:\\Users\\Quality Analyst\\Katalon Studio\\ds\\Reports\\Pharmacy_Suite\\20180609_181606\\1528557591870.png]]]]></system-out>
         <system-err><![CDATA[2018-06-09 20:47:25 - [TEST_CASE][FAILED] - Test Cases/PHARMACY TEST CASES/TC_PHAR_011 Verify Schedule 11 Pharmacy Request Are Working Successfully Or Not: Test Cases/PHARMACY TEST CASES/TC_PHAR_011 Verify Schedule 11 Pharmacy Request Are Working Successfully Or Not FAILED because (of) Unable to set text '10' of object 'Object Repository/PharmacyRequest/Page_KDMC-Pharmacy/input_txttreat' (Root cause: org.openqa.selenium.WebDriverException: unknown error: cannot focus element
  (Session info: chrome=66.0.3359.181)
  (Driver info: chromedriver=2.35.528161 (5b82f2d2aae0ca24b877009200ced9065a772e73),platform=Windows NT 10.0.17134 x86_64) (WARNING: The server did not provide any stacktrace information)
Command duration or timeout: 0 milliseconds
Build info: version: '3.7.1', revision: '8a0099a', time: '2017-11-06T21:07:36.161Z'
System info: host: 'DESKTOP-BLFTK83', ip: '169.254.189.85', os.name: 'Windows 10', os.arch: 'amd64', os.version: '10.0', java.version: '1.8.0_102'
Driver info: com.kms.katalon.selenium.driver.CChromeDriver
Capabilities {acceptInsecureCerts: false, acceptSslCerts: false, applicationCacheEnabled: false, browserConnectionEnabled: false, browserName: chrome, chrome: {chromedriverVersion: 2.35.528161 (5b82f2d2aae0ca..., userDataDir: C:\Users\QUALIT~1\AppData\L...}, cssSelectorsEnabled: true, databaseEnabled: false, handlesAlerts: true, hasTouchScreen: false, javascriptEnabled: true, locationContextEnabled: true, mobileEmulationEnabled: false, nativeEvents: true, networkConnectionEnabled: false, pageLoadStrategy: normal, platform: XP, platformName: XP, rotatable: false, setWindowRect: true, takesHeapSnapshot: true, takesScreenshot: true, unexpectedAlertBehaviour: , unhandledPromptBehavior: , version: 66.0.3359.181, webStorageEnabled: true}
Session ID: 2b3f0cf57f12398ca1e106f73593fe0e)]]></system-err>
      </testcase>
      <testcase name="Test Cases/PHARMACY TEST CASES/TC_PHAR_012 Verify Schedule 12 Pharmacy Request Are Working Successfully Or Not" classname="Test Cases/PHARMACY TEST CASES/TC_PHAR_012 Verify Schedule 12 Pharmacy Request Are Working Successfully Or Not" status="PASSED">
         <system-out><![CDATA[2018-06-09 20:49:52 - [TEST_CASE][PASSED] - Test Cases/PHARMACY TEST CASES/TC_PHAR_012 Verify Schedule 12 Pharmacy Request Are Working Successfully Or Not: Test Cases/PHARMACY TEST CASES/TC_PHAR_012 Verify Schedule 12 Pharmacy Request Are Working Successfully Or Not

2018-06-09 20:49:52 - [TEST_STEP][PASSED] - openBrowser: Browser is opened with url: ''

2018-06-09 20:49:52 - [MESSAGE][WARNING] - A browser is already opened. Closing browser and opening a new one

2018-06-09 20:49:55 - [MESSAGE][PASSED] - Browser is opened with url: ''

2018-06-09 20:49:55 - [TEST_STEP][PASSED] - Statement - out.println("Verify Schedule 12 Pharmacy Request Are Working Successfully Or Not"): null

2018-06-09 20:49:55 - [TEST_STEP][PASSED] - navigateToUrl: Navigate to 'http://192.168.137.1/multihospital_new/' successfully

2018-06-09 20:49:56 - [MESSAGE][PASSED] - Navigate to 'http://192.168.137.1/multihospital_new/' successfully

2018-06-09 20:49:56 - [TEST_STEP][PASSED] - maximizeWindow: Current window maximized

2018-06-09 20:49:57 - [MESSAGE][PASSED] - Current window maximized

2018-06-09 20:49:57 - [TEST_STEP][PASSED] - click: Object: 'Object Repository/PharmacyRequest/Page_KDMC/a_Pharmacy' is clicked on

2018-06-09 20:49:58 - [MESSAGE][PASSED] - Object: 'Object Repository/PharmacyRequest/Page_KDMC/a_Pharmacy' is clicked on

2018-06-09 20:49:58 - [TEST_STEP][PASSED] - setText: Text 'raja' is set on object 'Object Repository/PharmacyRequest/Page_Pharmacy login/input_txtusername'

2018-06-09 20:49:58 - [MESSAGE][PASSED] - Text 'raja' is set on object 'Object Repository/PharmacyRequest/Page_Pharmacy login/input_txtusername'

2018-06-09 20:49:58 - [TEST_STEP][PASSED] - setText: Text '123' is set on object 'Object Repository/PharmacyRequest/Page_Pharmacy login/input_txtpassword'

2018-06-09 20:49:58 - [MESSAGE][PASSED] - Text '123' is set on object 'Object Repository/PharmacyRequest/Page_Pharmacy login/input_txtpassword'

2018-06-09 20:49:58 - [TEST_STEP][PASSED] - delay: Delayed 3 second(s)

2018-06-09 20:50:01 - [MESSAGE][PASSED] - Delayed 3 second(s)

2018-06-09 20:50:01 - [TEST_STEP][PASSED] - click: Object: 'Object Repository/PharmacyRequest/Page_Pharmacy login/button_Sign in' is clicked on

2018-06-09 20:50:02 - [MESSAGE][PASSED] - Object: 'Object Repository/PharmacyRequest/Page_Pharmacy login/button_Sign in' is clicked on

2018-06-09 20:50:02 - [TEST_STEP][PASSED] - delay: Delayed 3 second(s)

2018-06-09 20:50:05 - [MESSAGE][PASSED] - Delayed 3 second(s)

2018-06-09 20:50:05 - [TEST_STEP][PASSED] - click: Object: 'Object Repository/PharmacyRequest/Page_KDMC - Pharmacy/a_Inventory' is clicked on

2018-06-09 20:50:07 - [MESSAGE][PASSED] - Object: 'Object Repository/PharmacyRequest/Page_KDMC - Pharmacy/a_Inventory' is clicked on

2018-06-09 20:50:07 - [TEST_STEP][PASSED] - delay: Delayed 3 second(s)

2018-06-09 20:50:10 - [MESSAGE][PASSED] - Delayed 3 second(s)

2018-06-09 20:50:10 - [TEST_STEP][PASSED] - click: Object: 'Object Repository/PharmacyRequest/Page_KDMC-Pharmacy/a_Store Request' is clicked on

2018-06-09 20:50:10 - [MESSAGE][PASSED] - Object: 'Object Repository/PharmacyRequest/Page_KDMC-Pharmacy/a_Store Request' is clicked on

2018-06-09 20:50:10 - [TEST_STEP][PASSED] - click: Object: 'Object Repository/PharmacyRequest/Page_KDMC-Pharmacy/a_Medicine Request' is clicked on

2018-06-09 20:50:11 - [MESSAGE][PASSED] - Object: 'Object Repository/PharmacyRequest/Page_KDMC-Pharmacy/a_Medicine Request' is clicked on

2018-06-09 20:50:11 - [TEST_STEP][PASSED] - selectOptionByIndex: All options with index in [12] are selected on object 'Object Repository/PharmacyRequest/Page_KDMC-Pharmacy/select_--Select--Schedule 1Inj'

2018-06-09 20:50:11 - [MESSAGE][PASSED] - All options with index in [12] are selected on object 'Object Repository/PharmacyRequest/Page_KDMC-Pharmacy/select_--Select--Schedule 1Inj'

2018-06-09 20:50:11 - [TEST_STEP][PASSED] - Statement - MedicineLength = com.kms.katalon.core.webui.keyword.WebUiBuiltInKeywords.getNumberOfTotalOption(com.kms.katalon.core.testobject.ObjectRepository.findTestObject(PharmacyRequest/Page_KDMC-Pharmacy/select_--Select--Albendazole)): 19 options of object 'Object Repository/PharmacyRequest/Page_KDMC-Pharmacy/select_--Select--Albendazole' counted

2018-06-09 20:50:11 - [MESSAGE][PASSED] - 19 options of object 'Object Repository/PharmacyRequest/Page_KDMC-Pharmacy/select_--Select--Albendazole' counted

2018-06-09 20:50:11 - [TEST_STEP][PASSED] - Statement - For ([l = 1, l <= MedicineLength - 1, (l++)]): Object: 'Object Repository/PharmacyRequest/Page_KDMC-Pharmacy/button_Add' is clicked on

2018-06-09 20:50:11 - [TEST_STEP][PASSED] - selectOptionByIndex: All options with index in [12] are selected on object 'Object Repository/PharmacyRequest/Page_KDMC-Pharmacy/select_--Select--Schedule 1Inj'

2018-06-09 20:50:11 - [MESSAGE][PASSED] - All options with index in [12] are selected on object 'Object Repository/PharmacyRequest/Page_KDMC-Pharmacy/select_--Select--Schedule 1Inj'

2018-06-09 20:50:11 - [TEST_STEP][PASSED] - selectOptionByIndex: All options with index in [1] are selected on object 'Object Repository/PharmacyRequest/Page_KDMC-Pharmacy/select_--Select--Albendazole'

2018-06-09 20:50:12 - [MESSAGE][PASSED] - All options with index in [1] are selected on object 'Object Repository/PharmacyRequest/Page_KDMC-Pharmacy/select_--Select--Albendazole'

2018-06-09 20:50:12 - [TEST_STEP][PASSED] - setText: Text '10' is set on object 'Object Repository/PharmacyRequest/Page_KDMC-Pharmacy/input_txttreat'

2018-06-09 20:50:12 - [MESSAGE][PASSED] - Text '10' is set on object 'Object Repository/PharmacyRequest/Page_KDMC-Pharmacy/input_txttreat'

2018-06-09 20:50:12 - [TEST_STEP][PASSED] - click: Object: 'Object Repository/PharmacyRequest/Page_KDMC-Pharmacy/button_Add' is clicked on

2018-06-09 20:50:12 - [MESSAGE][PASSED] - Object: 'Object Repository/PharmacyRequest/Page_KDMC-Pharmacy/button_Add' is clicked on

2018-06-09 20:50:12 - [TEST_STEP][PASSED] - selectOptionByIndex: All options with index in [12] are selected on object 'Object Repository/PharmacyRequest/Page_KDMC-Pharmacy/select_--Select--Schedule 1Inj'

2018-06-09 20:50:12 - [MESSAGE][PASSED] - All options with index in [12] are selected on object 'Object Repository/PharmacyRequest/Page_KDMC-Pharmacy/select_--Select--Schedule 1Inj'

2018-06-09 20:50:12 - [TEST_STEP][PASSED] - selectOptionByIndex: All options with index in [2] are selected on object 'Object Repository/PharmacyRequest/Page_KDMC-Pharmacy/select_--Select--Albendazole'

2018-06-09 20:50:12 - [MESSAGE][PASSED] - All options with index in [2] are selected on object 'Object Repository/PharmacyRequest/Page_KDMC-Pharmacy/select_--Select--Albendazole'

2018-06-09 20:50:12 - [TEST_STEP][PASSED] - setText: Text '10' is set on object 'Object Repository/PharmacyRequest/Page_KDMC-Pharmacy/input_txttreat'

2018-06-09 20:50:12 - [MESSAGE][PASSED] - Text '10' is set on object 'Object Repository/PharmacyRequest/Page_KDMC-Pharmacy/input_txttreat'

2018-06-09 20:50:12 - [TEST_STEP][PASSED] - click: Object: 'Object Repository/PharmacyRequest/Page_KDMC-Pharmacy/button_Add' is clicked on

2018-06-09 20:50:12 - [MESSAGE][PASSED] - Object: 'Object Repository/PharmacyRequest/Page_KDMC-Pharmacy/button_Add' is clicked on

2018-06-09 20:50:12 - [TEST_STEP][PASSED] - selectOptionByIndex: All options with index in [12] are selected on object 'Object Repository/PharmacyRequest/Page_KDMC-Pharmacy/select_--Select--Schedule 1Inj'

2018-06-09 20:50:12 - [MESSAGE][PASSED] - All options with index in [12] are selected on object 'Object Repository/PharmacyRequest/Page_KDMC-Pharmacy/select_--Select--Schedule 1Inj'

2018-06-09 20:50:12 - [TEST_STEP][PASSED] - selectOptionByIndex: All options with index in [3] are selected on object 'Object Repository/PharmacyRequest/Page_KDMC-Pharmacy/select_--Select--Albendazole'

2018-06-09 20:50:13 - [MESSAGE][PASSED] - All options with index in [3] are selected on object 'Object Repository/PharmacyRequest/Page_KDMC-Pharmacy/select_--Select--Albendazole'

2018-06-09 20:50:13 - [TEST_STEP][PASSED] - setText: Text '10' is set on object 'Object Repository/PharmacyRequest/Page_KDMC-Pharmacy/input_txttreat'

2018-06-09 20:50:13 - [MESSAGE][PASSED] - Text '10' is set on object 'Object Repository/PharmacyRequest/Page_KDMC-Pharmacy/input_txttreat'

2018-06-09 20:50:13 - [TEST_STEP][PASSED] - click: Object: 'Object Repository/PharmacyRequest/Page_KDMC-Pharmacy/button_Add' is clicked on

2018-06-09 20:50:13 - [MESSAGE][PASSED] - Object: 'Object Repository/PharmacyRequest/Page_KDMC-Pharmacy/button_Add' is clicked on

2018-06-09 20:50:13 - [TEST_STEP][PASSED] - selectOptionByIndex: All options with index in [12] are selected on object 'Object Repository/PharmacyRequest/Page_KDMC-Pharmacy/select_--Select--Schedule 1Inj'

2018-06-09 20:50:13 - [MESSAGE][PASSED] - All options with index in [12] are selected on object 'Object Repository/PharmacyRequest/Page_KDMC-Pharmacy/select_--Select--Schedule 1Inj'

2018-06-09 20:50:13 - [TEST_STEP][PASSED] - selectOptionByIndex: All options with index in [4] are selected on object 'Object Repository/PharmacyRequest/Page_KDMC-Pharmacy/select_--Select--Albendazole'

2018-06-09 20:50:13 - [MESSAGE][PASSED] - All options with index in [4] are selected on object 'Object Repository/PharmacyRequest/Page_KDMC-Pharmacy/select_--Select--Albendazole'

2018-06-09 20:50:13 - [TEST_STEP][PASSED] - setText: Text '10' is set on object 'Object Repository/PharmacyRequest/Page_KDMC-Pharmacy/input_txttreat'

2018-06-09 20:50:13 - [MESSAGE][PASSED] - Text '10' is set on object 'Object Repository/PharmacyRequest/Page_KDMC-Pharmacy/input_txttreat'

2018-06-09 20:50:13 - [TEST_STEP][PASSED] - click: Object: 'Object Repository/PharmacyRequest/Page_KDMC-Pharmacy/button_Add' is clicked on

2018-06-09 20:50:13 - [MESSAGE][PASSED] - Object: 'Object Repository/PharmacyRequest/Page_KDMC-Pharmacy/button_Add' is clicked on

2018-06-09 20:50:13 - [TEST_STEP][PASSED] - selectOptionByIndex: All options with index in [12] are selected on object 'Object Repository/PharmacyRequest/Page_KDMC-Pharmacy/select_--Select--Schedule 1Inj'

2018-06-09 20:50:13 - [MESSAGE][PASSED] - All options with index in [12] are selected on object 'Object Repository/PharmacyRequest/Page_KDMC-Pharmacy/select_--Select--Schedule 1Inj'

2018-06-09 20:50:13 - [TEST_STEP][PASSED] - selectOptionByIndex: All options with index in [5] are selected on object 'Object Repository/PharmacyRequest/Page_KDMC-Pharmacy/select_--Select--Albendazole'

2018-06-09 20:50:14 - [MESSAGE][PASSED] - All options with index in [5] are selected on object 'Object Repository/PharmacyRequest/Page_KDMC-Pharmacy/select_--Select--Albendazole'

2018-06-09 20:50:14 - [TEST_STEP][PASSED] - setText: Text '10' is set on object 'Object Repository/PharmacyRequest/Page_KDMC-Pharmacy/input_txttreat'

2018-06-09 20:50:14 - [MESSAGE][PASSED] - Text '10' is set on object 'Object Repository/PharmacyRequest/Page_KDMC-Pharmacy/input_txttreat'

2018-06-09 20:50:14 - [TEST_STEP][PASSED] - click: Object: 'Object Repository/PharmacyRequest/Page_KDMC-Pharmacy/button_Add' is clicked on

2018-06-09 20:50:14 - [MESSAGE][PASSED] - Object: 'Object Repository/PharmacyRequest/Page_KDMC-Pharmacy/button_Add' is clicked on

2018-06-09 20:50:14 - [TEST_STEP][PASSED] - selectOptionByIndex: All options with index in [12] are selected on object 'Object Repository/PharmacyRequest/Page_KDMC-Pharmacy/select_--Select--Schedule 1Inj'

2018-06-09 20:50:14 - [MESSAGE][PASSED] - All options with index in [12] are selected on object 'Object Repository/PharmacyRequest/Page_KDMC-Pharmacy/select_--Select--Schedule 1Inj'

2018-06-09 20:50:14 - [TEST_STEP][PASSED] - selectOptionByIndex: All options with index in [6] are selected on object 'Object Repository/PharmacyRequest/Page_KDMC-Pharmacy/select_--Select--Albendazole'

2018-06-09 20:50:14 - [MESSAGE][PASSED] - All options with index in [6] are selected on object 'Object Repository/PharmacyRequest/Page_KDMC-Pharmacy/select_--Select--Albendazole'

2018-06-09 20:50:14 - [TEST_STEP][PASSED] - setText: Text '10' is set on object 'Object Repository/PharmacyRequest/Page_KDMC-Pharmacy/input_txttreat'

2018-06-09 20:50:14 - [MESSAGE][PASSED] - Text '10' is set on object 'Object Repository/PharmacyRequest/Page_KDMC-Pharmacy/input_txttreat'

2018-06-09 20:50:14 - [TEST_STEP][PASSED] - click: Object: 'Object Repository/PharmacyRequest/Page_KDMC-Pharmacy/button_Add' is clicked on

2018-06-09 20:50:14 - [MESSAGE][PASSED] - Object: 'Object Repository/PharmacyRequest/Page_KDMC-Pharmacy/button_Add' is clicked on

2018-06-09 20:50:14 - [TEST_STEP][PASSED] - selectOptionByIndex: All options with index in [12] are selected on object 'Object Repository/PharmacyRequest/Page_KDMC-Pharmacy/select_--Select--Schedule 1Inj'

2018-06-09 20:50:14 - [MESSAGE][PASSED] - All options with index in [12] are selected on object 'Object Repository/PharmacyRequest/Page_KDMC-Pharmacy/select_--Select--Schedule 1Inj'

2018-06-09 20:50:14 - [TEST_STEP][PASSED] - selectOptionByIndex: All options with index in [7] are selected on object 'Object Repository/PharmacyRequest/Page_KDMC-Pharmacy/select_--Select--Albendazole'

2018-06-09 20:50:15 - [MESSAGE][PASSED] - All options with index in [7] are selected on object 'Object Repository/PharmacyRequest/Page_KDMC-Pharmacy/select_--Select--Albendazole'

2018-06-09 20:50:15 - [TEST_STEP][PASSED] - setText: Text '10' is set on object 'Object Repository/PharmacyRequest/Page_KDMC-Pharmacy/input_txttreat'

2018-06-09 20:50:15 - [MESSAGE][PASSED] - Text '10' is set on object 'Object Repository/PharmacyRequest/Page_KDMC-Pharmacy/input_txttreat'

2018-06-09 20:50:15 - [TEST_STEP][PASSED] - click: Object: 'Object Repository/PharmacyRequest/Page_KDMC-Pharmacy/button_Add' is clicked on

2018-06-09 20:50:15 - [MESSAGE][PASSED] - Object: 'Object Repository/PharmacyRequest/Page_KDMC-Pharmacy/button_Add' is clicked on

2018-06-09 20:50:15 - [TEST_STEP][PASSED] - selectOptionByIndex: All options with index in [12] are selected on object 'Object Repository/PharmacyRequest/Page_KDMC-Pharmacy/select_--Select--Schedule 1Inj'

2018-06-09 20:50:15 - [MESSAGE][PASSED] - All options with index in [12] are selected on object 'Object Repository/PharmacyRequest/Page_KDMC-Pharmacy/select_--Select--Schedule 1Inj'

2018-06-09 20:50:15 - [TEST_STEP][PASSED] - selectOptionByIndex: All options with index in [8] are selected on object 'Object Repository/PharmacyRequest/Page_KDMC-Pharmacy/select_--Select--Albendazole'

2018-06-09 20:50:15 - [MESSAGE][PASSED] - All options with index in [8] are selected on object 'Object Repository/PharmacyRequest/Page_KDMC-Pharmacy/select_--Select--Albendazole'

2018-06-09 20:50:15 - [TEST_STEP][PASSED] - setText: Text '10' is set on object 'Object Repository/PharmacyRequest/Page_KDMC-Pharmacy/input_txttreat'

2018-06-09 20:50:15 - [MESSAGE][PASSED] - Text '10' is set on object 'Object Repository/PharmacyRequest/Page_KDMC-Pharmacy/input_txttreat'

2018-06-09 20:50:15 - [TEST_STEP][PASSED] - click: Object: 'Object Repository/PharmacyRequest/Page_KDMC-Pharmacy/button_Add' is clicked on

2018-06-09 20:50:15 - [MESSAGE][PASSED] - Object: 'Object Repository/PharmacyRequest/Page_KDMC-Pharmacy/button_Add' is clicked on

2018-06-09 20:50:15 - [TEST_STEP][PASSED] - selectOptionByIndex: All options with index in [12] are selected on object 'Object Repository/PharmacyRequest/Page_KDMC-Pharmacy/select_--Select--Schedule 1Inj'

2018-06-09 20:50:15 - [MESSAGE][PASSED] - All options with index in [12] are selected on object 'Object Repository/PharmacyRequest/Page_KDMC-Pharmacy/select_--Select--Schedule 1Inj'

2018-06-09 20:50:15 - [TEST_STEP][PASSED] - selectOptionByIndex: All options with index in [9] are selected on object 'Object Repository/PharmacyRequest/Page_KDMC-Pharmacy/select_--Select--Albendazole'

2018-06-09 20:50:16 - [MESSAGE][PASSED] - All options with index in [9] are selected on object 'Object Repository/PharmacyRequest/Page_KDMC-Pharmacy/select_--Select--Albendazole'

2018-06-09 20:50:16 - [TEST_STEP][PASSED] - setText: Text '10' is set on object 'Object Repository/PharmacyRequest/Page_KDMC-Pharmacy/input_txttreat'

2018-06-09 20:50:16 - [MESSAGE][PASSED] - Text '10' is set on object 'Object Repository/PharmacyRequest/Page_KDMC-Pharmacy/input_txttreat'

2018-06-09 20:50:16 - [TEST_STEP][PASSED] - click: Object: 'Object Repository/PharmacyRequest/Page_KDMC-Pharmacy/button_Add' is clicked on

2018-06-09 20:50:16 - [MESSAGE][PASSED] - Object: 'Object Repository/PharmacyRequest/Page_KDMC-Pharmacy/button_Add' is clicked on

2018-06-09 20:50:16 - [TEST_STEP][PASSED] - selectOptionByIndex: All options with index in [12] are selected on object 'Object Repository/PharmacyRequest/Page_KDMC-Pharmacy/select_--Select--Schedule 1Inj'

2018-06-09 20:50:16 - [MESSAGE][PASSED] - All options with index in [12] are selected on object 'Object Repository/PharmacyRequest/Page_KDMC-Pharmacy/select_--Select--Schedule 1Inj'

2018-06-09 20:50:16 - [TEST_STEP][PASSED] - selectOptionByIndex: All options with index in [10] are selected on object 'Object Repository/PharmacyRequest/Page_KDMC-Pharmacy/select_--Select--Albendazole'

2018-06-09 20:50:16 - [MESSAGE][PASSED] - All options with index in [10] are selected on object 'Object Repository/PharmacyRequest/Page_KDMC-Pharmacy/select_--Select--Albendazole'

2018-06-09 20:50:16 - [TEST_STEP][PASSED] - setText: Text '10' is set on object 'Object Repository/PharmacyRequest/Page_KDMC-Pharmacy/input_txttreat'

2018-06-09 20:50:16 - [MESSAGE][PASSED] - Text '10' is set on object 'Object Repository/PharmacyRequest/Page_KDMC-Pharmacy/input_txttreat'

2018-06-09 20:50:16 - [TEST_STEP][PASSED] - click: Object: 'Object Repository/PharmacyRequest/Page_KDMC-Pharmacy/button_Add' is clicked on

2018-06-09 20:50:16 - [MESSAGE][PASSED] - Object: 'Object Repository/PharmacyRequest/Page_KDMC-Pharmacy/button_Add' is clicked on

2018-06-09 20:50:16 - [TEST_STEP][PASSED] - selectOptionByIndex: All options with index in [12] are selected on object 'Object Repository/PharmacyRequest/Page_KDMC-Pharmacy/select_--Select--Schedule 1Inj'

2018-06-09 20:50:16 - [MESSAGE][PASSED] - All options with index in [12] are selected on object 'Object Repository/PharmacyRequest/Page_KDMC-Pharmacy/select_--Select--Schedule 1Inj'

2018-06-09 20:50:16 - [TEST_STEP][PASSED] - selectOptionByIndex: All options with index in [11] are selected on object 'Object Repository/PharmacyRequest/Page_KDMC-Pharmacy/select_--Select--Albendazole'

2018-06-09 20:50:17 - [MESSAGE][PASSED] - All options with index in [11] are selected on object 'Object Repository/PharmacyRequest/Page_KDMC-Pharmacy/select_--Select--Albendazole'

2018-06-09 20:50:17 - [TEST_STEP][PASSED] - setText: Text '10' is set on object 'Object Repository/PharmacyRequest/Page_KDMC-Pharmacy/input_txttreat'

2018-06-09 20:50:17 - [MESSAGE][PASSED] - Text '10' is set on object 'Object Repository/PharmacyRequest/Page_KDMC-Pharmacy/input_txttreat'

2018-06-09 20:50:17 - [TEST_STEP][PASSED] - click: Object: 'Object Repository/PharmacyRequest/Page_KDMC-Pharmacy/button_Add' is clicked on

2018-06-09 20:50:17 - [MESSAGE][PASSED] - Object: 'Object Repository/PharmacyRequest/Page_KDMC-Pharmacy/button_Add' is clicked on

2018-06-09 20:50:17 - [TEST_STEP][PASSED] - selectOptionByIndex: All options with index in [12] are selected on object 'Object Repository/PharmacyRequest/Page_KDMC-Pharmacy/select_--Select--Schedule 1Inj'

2018-06-09 20:50:17 - [MESSAGE][PASSED] - All options with index in [12] are selected on object 'Object Repository/PharmacyRequest/Page_KDMC-Pharmacy/select_--Select--Schedule 1Inj'

2018-06-09 20:50:17 - [TEST_STEP][PASSED] - selectOptionByIndex: All options with index in [12] are selected on object 'Object Repository/PharmacyRequest/Page_KDMC-Pharmacy/select_--Select--Albendazole'

2018-06-09 20:50:17 - [MESSAGE][PASSED] - All options with index in [12] are selected on object 'Object Repository/PharmacyRequest/Page_KDMC-Pharmacy/select_--Select--Albendazole'

2018-06-09 20:50:17 - [TEST_STEP][PASSED] - setText: Text '10' is set on object 'Object Repository/PharmacyRequest/Page_KDMC-Pharmacy/input_txttreat'

2018-06-09 20:50:17 - [MESSAGE][PASSED] - Text '10' is set on object 'Object Repository/PharmacyRequest/Page_KDMC-Pharmacy/input_txttreat'

2018-06-09 20:50:17 - [TEST_STEP][PASSED] - click: Object: 'Object Repository/PharmacyRequest/Page_KDMC-Pharmacy/button_Add' is clicked on

2018-06-09 20:50:17 - [MESSAGE][PASSED] - Object: 'Object Repository/PharmacyRequest/Page_KDMC-Pharmacy/button_Add' is clicked on

2018-06-09 20:50:17 - [TEST_STEP][PASSED] - selectOptionByIndex: All options with index in [12] are selected on object 'Object Repository/PharmacyRequest/Page_KDMC-Pharmacy/select_--Select--Schedule 1Inj'

2018-06-09 20:50:17 - [MESSAGE][PASSED] - All options with index in [12] are selected on object 'Object Repository/PharmacyRequest/Page_KDMC-Pharmacy/select_--Select--Schedule 1Inj'

2018-06-09 20:50:17 - [TEST_STEP][PASSED] - selectOptionByIndex: All options with index in [13] are selected on object 'Object Repository/PharmacyRequest/Page_KDMC-Pharmacy/select_--Select--Albendazole'

2018-06-09 20:50:18 - [MESSAGE][PASSED] - All options with index in [13] are selected on object 'Object Repository/PharmacyRequest/Page_KDMC-Pharmacy/select_--Select--Albendazole'

2018-06-09 20:50:18 - [TEST_STEP][PASSED] - setText: Text '10' is set on object 'Object Repository/PharmacyRequest/Page_KDMC-Pharmacy/input_txttreat'

2018-06-09 20:50:18 - [MESSAGE][PASSED] - Text '10' is set on object 'Object Repository/PharmacyRequest/Page_KDMC-Pharmacy/input_txttreat'

2018-06-09 20:50:18 - [TEST_STEP][PASSED] - click: Object: 'Object Repository/PharmacyRequest/Page_KDMC-Pharmacy/button_Add' is clicked on

2018-06-09 20:50:18 - [MESSAGE][PASSED] - Object: 'Object Repository/PharmacyRequest/Page_KDMC-Pharmacy/button_Add' is clicked on

2018-06-09 20:50:18 - [TEST_STEP][PASSED] - selectOptionByIndex: All options with index in [12] are selected on object 'Object Repository/PharmacyRequest/Page_KDMC-Pharmacy/select_--Select--Schedule 1Inj'

2018-06-09 20:50:18 - [MESSAGE][PASSED] - All options with index in [12] are selected on object 'Object Repository/PharmacyRequest/Page_KDMC-Pharmacy/select_--Select--Schedule 1Inj'

2018-06-09 20:50:18 - [TEST_STEP][PASSED] - selectOptionByIndex: All options with index in [14] are selected on object 'Object Repository/PharmacyRequest/Page_KDMC-Pharmacy/select_--Select--Albendazole'

2018-06-09 20:50:18 - [MESSAGE][PASSED] - All options with index in [14] are selected on object 'Object Repository/PharmacyRequest/Page_KDMC-Pharmacy/select_--Select--Albendazole'

2018-06-09 20:50:18 - [TEST_STEP][PASSED] - setText: Text '10' is set on object 'Object Repository/PharmacyRequest/Page_KDMC-Pharmacy/input_txttreat'

2018-06-09 20:50:18 - [MESSAGE][PASSED] - Text '10' is set on object 'Object Repository/PharmacyRequest/Page_KDMC-Pharmacy/input_txttreat'

2018-06-09 20:50:18 - [TEST_STEP][PASSED] - click: Object: 'Object Repository/PharmacyRequest/Page_KDMC-Pharmacy/button_Add' is clicked on

2018-06-09 20:50:18 - [MESSAGE][PASSED] - Object: 'Object Repository/PharmacyRequest/Page_KDMC-Pharmacy/button_Add' is clicked on

2018-06-09 20:50:18 - [TEST_STEP][PASSED] - selectOptionByIndex: All options with index in [12] are selected on object 'Object Repository/PharmacyRequest/Page_KDMC-Pharmacy/select_--Select--Schedule 1Inj'

2018-06-09 20:50:18 - [MESSAGE][PASSED] - All options with index in [12] are selected on object 'Object Repository/PharmacyRequest/Page_KDMC-Pharmacy/select_--Select--Schedule 1Inj'

2018-06-09 20:50:18 - [TEST_STEP][PASSED] - selectOptionByIndex: All options with index in [15] are selected on object 'Object Repository/PharmacyRequest/Page_KDMC-Pharmacy/select_--Select--Albendazole'

2018-06-09 20:50:19 - [MESSAGE][PASSED] - All options with index in [15] are selected on object 'Object Repository/PharmacyRequest/Page_KDMC-Pharmacy/select_--Select--Albendazole'

2018-06-09 20:50:19 - [TEST_STEP][PASSED] - setText: Text '10' is set on object 'Object Repository/PharmacyRequest/Page_KDMC-Pharmacy/input_txttreat'

2018-06-09 20:50:19 - [MESSAGE][PASSED] - Text '10' is set on object 'Object Repository/PharmacyRequest/Page_KDMC-Pharmacy/input_txttreat'

2018-06-09 20:50:19 - [TEST_STEP][PASSED] - click: Object: 'Object Repository/PharmacyRequest/Page_KDMC-Pharmacy/button_Add' is clicked on

2018-06-09 20:50:19 - [MESSAGE][PASSED] - Object: 'Object Repository/PharmacyRequest/Page_KDMC-Pharmacy/button_Add' is clicked on

2018-06-09 20:50:19 - [TEST_STEP][PASSED] - selectOptionByIndex: All options with index in [12] are selected on object 'Object Repository/PharmacyRequest/Page_KDMC-Pharmacy/select_--Select--Schedule 1Inj'

2018-06-09 20:50:19 - [MESSAGE][PASSED] - All options with index in [12] are selected on object 'Object Repository/PharmacyRequest/Page_KDMC-Pharmacy/select_--Select--Schedule 1Inj'

2018-06-09 20:50:19 - [TEST_STEP][PASSED] - selectOptionByIndex: All options with index in [16] are selected on object 'Object Repository/PharmacyRequest/Page_KDMC-Pharmacy/select_--Select--Albendazole'

2018-06-09 20:50:19 - [MESSAGE][PASSED] - All options with index in [16] are selected on object 'Object Repository/PharmacyRequest/Page_KDMC-Pharmacy/select_--Select--Albendazole'

2018-06-09 20:50:19 - [TEST_STEP][PASSED] - setText: Text '10' is set on object 'Object Repository/PharmacyRequest/Page_KDMC-Pharmacy/input_txttreat'

2018-06-09 20:50:19 - [MESSAGE][PASSED] - Text '10' is set on object 'Object Repository/PharmacyRequest/Page_KDMC-Pharmacy/input_txttreat'

2018-06-09 20:50:19 - [TEST_STEP][PASSED] - click: Object: 'Object Repository/PharmacyRequest/Page_KDMC-Pharmacy/button_Add' is clicked on

2018-06-09 20:50:19 - [MESSAGE][PASSED] - Object: 'Object Repository/PharmacyRequest/Page_KDMC-Pharmacy/button_Add' is clicked on

2018-06-09 20:50:19 - [TEST_STEP][PASSED] - selectOptionByIndex: All options with index in [12] are selected on object 'Object Repository/PharmacyRequest/Page_KDMC-Pharmacy/select_--Select--Schedule 1Inj'

2018-06-09 20:50:20 - [MESSAGE][PASSED] - All options with index in [12] are selected on object 'Object Repository/PharmacyRequest/Page_KDMC-Pharmacy/select_--Select--Schedule 1Inj'

2018-06-09 20:50:20 - [TEST_STEP][PASSED] - selectOptionByIndex: All options with index in [17] are selected on object 'Object Repository/PharmacyRequest/Page_KDMC-Pharmacy/select_--Select--Albendazole'

2018-06-09 20:50:20 - [MESSAGE][PASSED] - All options with index in [17] are selected on object 'Object Repository/PharmacyRequest/Page_KDMC-Pharmacy/select_--Select--Albendazole'

2018-06-09 20:50:20 - [TEST_STEP][PASSED] - setText: Text '10' is set on object 'Object Repository/PharmacyRequest/Page_KDMC-Pharmacy/input_txttreat'

2018-06-09 20:50:20 - [MESSAGE][PASSED] - Text '10' is set on object 'Object Repository/PharmacyRequest/Page_KDMC-Pharmacy/input_txttreat'

2018-06-09 20:50:20 - [TEST_STEP][PASSED] - click: Object: 'Object Repository/PharmacyRequest/Page_KDMC-Pharmacy/button_Add' is clicked on

2018-06-09 20:50:20 - [MESSAGE][PASSED] - Object: 'Object Repository/PharmacyRequest/Page_KDMC-Pharmacy/button_Add' is clicked on

2018-06-09 20:50:20 - [TEST_STEP][PASSED] - selectOptionByIndex: All options with index in [12] are selected on object 'Object Repository/PharmacyRequest/Page_KDMC-Pharmacy/select_--Select--Schedule 1Inj'

2018-06-09 20:50:20 - [MESSAGE][PASSED] - All options with index in [12] are selected on object 'Object Repository/PharmacyRequest/Page_KDMC-Pharmacy/select_--Select--Schedule 1Inj'

2018-06-09 20:50:20 - [TEST_STEP][PASSED] - selectOptionByIndex: All options with index in [18] are selected on object 'Object Repository/PharmacyRequest/Page_KDMC-Pharmacy/select_--Select--Albendazole'

2018-06-09 20:50:20 - [MESSAGE][PASSED] - All options with index in [18] are selected on object 'Object Repository/PharmacyRequest/Page_KDMC-Pharmacy/select_--Select--Albendazole'

2018-06-09 20:50:20 - [TEST_STEP][PASSED] - setText: Text '10' is set on object 'Object Repository/PharmacyRequest/Page_KDMC-Pharmacy/input_txttreat'

2018-06-09 20:50:21 - [MESSAGE][PASSED] - Text '10' is set on object 'Object Repository/PharmacyRequest/Page_KDMC-Pharmacy/input_txttreat'

2018-06-09 20:50:21 - [TEST_STEP][PASSED] - click: Object: 'Object Repository/PharmacyRequest/Page_KDMC-Pharmacy/button_Add' is clicked on

2018-06-09 20:50:21 - [MESSAGE][PASSED] - Object: 'Object Repository/PharmacyRequest/Page_KDMC-Pharmacy/button_Add' is clicked on

2018-06-09 20:50:21 - [TEST_STEP][PASSED] - Statement - RN1 = com.kms.katalon.core.webui.keyword.WebUiBuiltInKeywords.getAttribute(com.kms.katalon.core.testobject.ObjectRepository.findTestObject(PharmacyRequest/Page_KDMC-Pharmacy/input_txtno), "value"): Attribute 'value' of object 'Object Repository/PharmacyRequest/Page_KDMC-Pharmacy/input_txtno' is: 'PRNO/09062018/226'

2018-06-09 20:50:21 - [MESSAGE][PASSED] - Attribute 'value' of object 'Object Repository/PharmacyRequest/Page_KDMC-Pharmacy/input_txtno' is: 'PRNO/09062018/226'

2018-06-09 20:50:21 - [TEST_STEP][PASSED] - Statement - out.println(RN1): null

2018-06-09 20:50:21 - [TEST_STEP][PASSED] - Statement - RID = RN1.split("/")[2]: null

2018-06-09 20:50:21 - [TEST_STEP][PASSED] - scrollToElement: Scroll to object 'Object Repository/PharmacyRequest/Page_KDMC-Pharmacy/input_btnsave' successfully

2018-06-09 20:50:21 - [MESSAGE][PASSED] - Scroll to object 'Object Repository/PharmacyRequest/Page_KDMC-Pharmacy/input_btnsave' successfully

2018-06-09 20:50:21 - [TEST_STEP][PASSED] - click: Object: 'Object Repository/PharmacyRequest/Page_KDMC-Pharmacy/input_btnsave' is clicked on

2018-06-09 20:50:21 - [MESSAGE][PASSED] - Object: 'Object Repository/PharmacyRequest/Page_KDMC-Pharmacy/input_btnsave' is clicked on

2018-06-09 20:50:21 - [TEST_STEP][PASSED] - delay: Delayed 3 second(s)

2018-06-09 20:50:24 - [MESSAGE][PASSED] - Delayed 3 second(s)

2018-06-09 20:50:24 - [TEST_STEP][PASSED] - click: Object: 'Object Repository/PharmacyRequest/Page_KDMC-Pharmacy/button_OK' is clicked on

2018-06-09 20:50:25 - [MESSAGE][PASSED] - Object: 'Object Repository/PharmacyRequest/Page_KDMC-Pharmacy/button_OK' is clicked on

2018-06-09 20:50:25 - [TEST_STEP][PASSED] - delay: Delayed 3 second(s)

2018-06-09 20:50:28 - [MESSAGE][PASSED] - Delayed 3 second(s)

2018-06-09 20:50:28 - [TEST_STEP][PASSED] - click: Object: 'Object Repository/PharmacyRequest/Page_KDMC-Pharmacy/a_Back to Pharmacy' is clicked on

2018-06-09 20:50:28 - [MESSAGE][PASSED] - Object: 'Object Repository/PharmacyRequest/Page_KDMC-Pharmacy/a_Back to Pharmacy' is clicked on

2018-06-09 20:50:28 - [TEST_STEP][PASSED] - delay: Delayed 3 second(s)

2018-06-09 20:50:31 - [MESSAGE][PASSED] - Delayed 3 second(s)

2018-06-09 20:50:31 - [TEST_STEP][PASSED] - click: Object: 'Object Repository/PharmacyRequest/Page_KDMC - Pharmacy/a_dropdown-toggle' is clicked on

2018-06-09 20:50:31 - [MESSAGE][PASSED] - Object: 'Object Repository/PharmacyRequest/Page_KDMC - Pharmacy/a_dropdown-toggle' is clicked on

2018-06-09 20:50:31 - [TEST_STEP][PASSED] - click: Object: 'Object Repository/PharmacyRequest/Page_KDMC - Pharmacy/a_Sign out' is clicked on

2018-06-09 20:50:32 - [MESSAGE][PASSED] - Object: 'Object Repository/PharmacyRequest/Page_KDMC - Pharmacy/a_Sign out' is clicked on

2018-06-09 20:50:32 - [TEST_STEP][PASSED] - delay: Delayed 3 second(s)

2018-06-09 20:50:35 - [MESSAGE][PASSED] - Delayed 3 second(s)

2018-06-09 20:50:35 - [TEST_STEP][PASSED] - click: Object: 'Object Repository/PharmacyRequest/Page_KDMC/a_CMO' is clicked on

2018-06-09 20:50:35 - [MESSAGE][PASSED] - Object: 'Object Repository/PharmacyRequest/Page_KDMC/a_CMO' is clicked on

2018-06-09 20:50:35 - [TEST_STEP][PASSED] - setText: Text 'guru' is set on object 'Object Repository/PharmacyRequest/Page_CMO login/input_txtusername'

2018-06-09 20:50:35 - [MESSAGE][PASSED] - Text 'guru' is set on object 'Object Repository/PharmacyRequest/Page_CMO login/input_txtusername'

2018-06-09 20:50:35 - [TEST_STEP][PASSED] - setText: Text '123' is set on object 'Object Repository/PharmacyRequest/Page_CMO login/input_txtpassword'

2018-06-09 20:50:36 - [MESSAGE][PASSED] - Text '123' is set on object 'Object Repository/PharmacyRequest/Page_CMO login/input_txtpassword'

2018-06-09 20:50:36 - [TEST_STEP][PASSED] - delay: Delayed 3 second(s)

2018-06-09 20:50:39 - [MESSAGE][PASSED] - Delayed 3 second(s)

2018-06-09 20:50:39 - [TEST_STEP][PASSED] - click: Object: 'Object Repository/PharmacyRequest/Page_CMO login/button_Sign in' is clicked on

2018-06-09 20:50:39 - [MESSAGE][PASSED] - Object: 'Object Repository/PharmacyRequest/Page_CMO login/button_Sign in' is clicked on

2018-06-09 20:50:39 - [TEST_STEP][PASSED] - click: Object: 'Object Repository/PharmacyRequest/Page_KDMC - CMO/a_Department Wise Request' is clicked on

2018-06-09 20:50:40 - [MESSAGE][PASSED] - Object: 'Object Repository/PharmacyRequest/Page_KDMC - CMO/a_Department Wise Request' is clicked on

2018-06-09 20:50:40 - [TEST_STEP][PASSED] - selectOptionByIndex: All options with index in [2] are selected on object 'Object Repository/PharmacyRequest/Page_KDMC - CMO/select_--ALL--'

2018-06-09 20:50:40 - [MESSAGE][PASSED] - All options with index in [2] are selected on object 'Object Repository/PharmacyRequest/Page_KDMC - CMO/select_--ALL--'

2018-06-09 20:50:40 - [TEST_STEP][PASSED] - selectOptionByIndex: All options with index in [1] are selected on object 'Object Repository/PharmacyRequest/Page_KDMC - CMO/select_--ALL--                _1'

2018-06-09 20:50:41 - [MESSAGE][PASSED] - All options with index in [1] are selected on object 'Object Repository/PharmacyRequest/Page_KDMC - CMO/select_--ALL--                _1'

2018-06-09 20:50:41 - [TEST_STEP][PASSED] - click: Object: 'Object Repository/PharmacyRequest/Page_KDMC - CMO/input_btnsearch' is clicked on

2018-06-09 20:50:41 - [MESSAGE][PASSED] - Object: 'Object Repository/PharmacyRequest/Page_KDMC - CMO/input_btnsearch' is clicked on

2018-06-09 20:50:41 - [TEST_STEP][PASSED] - Statement - ID = com.kms.katalon.core.webui.keyword.WebUiBuiltInKeywords.modifyObjectProperty(com.kms.katalon.core.testobject.ObjectRepository.findTestObject(PharmacyRequest/Page_KDMC - CMO/input_2), "xpath", "equals", "//*[@id=" + RID + "]", true): Modify property of object successfully

2018-06-09 20:50:41 - [MESSAGE][PASSED] - Modify property of object successfully

2018-06-09 20:50:41 - [TEST_STEP][PASSED] - click: Object: 'Object Repository/PharmacyRequest/Page_KDMC - CMO/input_2' is clicked on

2018-06-09 20:50:41 - [MESSAGE][PASSED] - Object: 'Object Repository/PharmacyRequest/Page_KDMC - CMO/input_2' is clicked on

2018-06-09 20:50:41 - [TEST_STEP][PASSED] - delay: Delayed 3 second(s)

2018-06-09 20:50:44 - [MESSAGE][PASSED] - Delayed 3 second(s)

2018-06-09 20:50:44 - [TEST_STEP][PASSED] - selectOptionByIndex: All options with index in [1] are selected on object 'Object Repository/PharmacyRequest/Page_KDMC - CMO/select_--Select--'

2018-06-09 20:50:44 - [MESSAGE][PASSED] - All options with index in [1] are selected on object 'Object Repository/PharmacyRequest/Page_KDMC - CMO/select_--Select--'

2018-06-09 20:50:44 - [TEST_STEP][PASSED] - click: Object: 'Object Repository/PharmacyRequest/Page_KDMC - CMO/input_btnupdate' is clicked on

2018-06-09 20:50:45 - [MESSAGE][PASSED] - Object: 'Object Repository/PharmacyRequest/Page_KDMC - CMO/input_btnupdate' is clicked on

2018-06-09 20:50:45 - [TEST_STEP][PASSED] - delay: Delayed 3 second(s)

2018-06-09 20:50:48 - [MESSAGE][PASSED] - Delayed 3 second(s)

2018-06-09 20:50:48 - [TEST_STEP][PASSED] - click: Object: 'Object Repository/PharmacyRequest/Page_KDMC - CMO/button_OK' is clicked on

2018-06-09 20:50:48 - [MESSAGE][PASSED] - Object: 'Object Repository/PharmacyRequest/Page_KDMC - CMO/button_OK' is clicked on

2018-06-09 20:50:48 - [TEST_STEP][PASSED] - delay: Delayed 3 second(s)

2018-06-09 20:50:51 - [MESSAGE][PASSED] - Delayed 3 second(s)

2018-06-09 20:50:51 - [TEST_STEP][PASSED] - click: Object: 'Object Repository/PharmacyRequest/Page_KDMC - CMO/a_dropdown-toggle' is clicked on

2018-06-09 20:50:51 - [MESSAGE][PASSED] - Object: 'Object Repository/PharmacyRequest/Page_KDMC - CMO/a_dropdown-toggle' is clicked on

2018-06-09 20:50:51 - [TEST_STEP][PASSED] - click: Object: 'Object Repository/PharmacyRequest/Page_KDMC - CMO/a_Sign out' is clicked on

2018-06-09 20:50:52 - [MESSAGE][PASSED] - Object: 'Object Repository/PharmacyRequest/Page_KDMC - CMO/a_Sign out' is clicked on

2018-06-09 20:50:52 - [TEST_STEP][PASSED] - delay: Delayed 3 second(s)

2018-06-09 20:50:55 - [MESSAGE][PASSED] - Delayed 3 second(s)

2018-06-09 20:50:55 - [TEST_STEP][PASSED] - click: Object: 'Object Repository/PharmacyRequest/Page_KDMC/a_Divisional Store' is clicked on

2018-06-09 20:50:55 - [MESSAGE][PASSED] - Object: 'Object Repository/PharmacyRequest/Page_KDMC/a_Divisional Store' is clicked on

2018-06-09 20:50:55 - [TEST_STEP][PASSED] - setText: Text 'ragu' is set on object 'Object Repository/PharmacyRequest/Page_Divisonal Store Login/input_txtusername'

2018-06-09 20:50:55 - [MESSAGE][PASSED] - Text 'ragu' is set on object 'Object Repository/PharmacyRequest/Page_Divisonal Store Login/input_txtusername'

2018-06-09 20:50:55 - [TEST_STEP][PASSED] - setText: Text '123' is set on object 'Object Repository/PharmacyRequest/Page_Divisonal Store Login/input_txtpassword'

2018-06-09 20:50:55 - [MESSAGE][PASSED] - Text '123' is set on object 'Object Repository/PharmacyRequest/Page_Divisonal Store Login/input_txtpassword'

2018-06-09 20:50:55 - [TEST_STEP][PASSED] - delay: Delayed 3 second(s)

2018-06-09 20:50:58 - [MESSAGE][PASSED] - Delayed 3 second(s)

2018-06-09 20:50:58 - [TEST_STEP][PASSED] - click: Object: 'Object Repository/PharmacyRequest/Page_Divisonal Store Login/button_Sign in' is clicked on

2018-06-09 20:50:59 - [MESSAGE][PASSED] - Object: 'Object Repository/PharmacyRequest/Page_Divisonal Store Login/button_Sign in' is clicked on

2018-06-09 20:50:59 - [TEST_STEP][PASSED] - delay: Delayed 3 second(s)

2018-06-09 20:51:02 - [MESSAGE][PASSED] - Delayed 3 second(s)

2018-06-09 20:51:02 - [TEST_STEP][PASSED] - click: Object: 'Object Repository/PharmacyRequest/Page_Store/a_Pharmacy Request' is clicked on

2018-06-09 20:51:02 - [MESSAGE][PASSED] - Object: 'Object Repository/PharmacyRequest/Page_Store/a_Pharmacy Request' is clicked on

2018-06-09 20:51:02 - [TEST_STEP][PASSED] - click: Object: 'Object Repository/PharmacyRequest/Page_Store/a_Request Item Pharmacy' is clicked on

2018-06-09 20:51:03 - [MESSAGE][PASSED] - Object: 'Object Repository/PharmacyRequest/Page_Store/a_Request Item Pharmacy' is clicked on

2018-06-09 20:51:03 - [TEST_STEP][PASSED] - delay: Delayed 2 second(s)

2018-06-09 20:51:05 - [MESSAGE][PASSED] - Delayed 2 second(s)

2018-06-09 20:51:05 - [TEST_STEP][PASSED] - setText: Text 'PRNO/09062018/226' is set on object 'Object Repository/PharmacyRequest/Page_Store/input'

2018-06-09 20:51:05 - [MESSAGE][PASSED] - Text 'PRNO/09062018/226' is set on object 'Object Repository/PharmacyRequest/Page_Store/input'

2018-06-09 20:51:05 - [TEST_STEP][PASSED] - delay: Delayed 2 second(s)

2018-06-09 20:51:07 - [MESSAGE][PASSED] - Delayed 2 second(s)

2018-06-09 20:51:07 - [TEST_STEP][PASSED] - Statement - ChooseRequest = com.kms.katalon.core.webui.keyword.WebUiBuiltInKeywords.modifyObjectProperty(com.kms.katalon.core.testobject.ObjectRepository.findTestObject(PharmacyRequest/Page_Store/input_2), "xpath", "equals", "//*[@id=" + RID + "]", true): Modify property of object successfully

2018-06-09 20:51:07 - [MESSAGE][PASSED] - Modify property of object successfully

2018-06-09 20:51:07 - [TEST_STEP][PASSED] - click: Object: 'Object Repository/PharmacyRequest/Page_Store/input_2' is clicked on

2018-06-09 20:51:08 - [MESSAGE][PASSED] - Object: 'Object Repository/PharmacyRequest/Page_Store/input_2' is clicked on

2018-06-09 20:51:08 - [TEST_STEP][PASSED] - delay: Delayed 2 second(s)

2018-06-09 20:51:10 - [MESSAGE][PASSED] - Delayed 2 second(s)

2018-06-09 20:51:10 - [TEST_STEP][PASSED] - Statement - selectedoptions = com.kms.katalon.core.webui.keyword.WebUiBuiltInKeywords.getNumberOfTotalOption(com.kms.katalon.core.testobject.ObjectRepository.findTestObject(PharmacyRequest/Page_Store/select_--Select--Amlodepin -5)): 19 options of object 'Object Repository/PharmacyRequest/Page_Store/select_--Select--Amlodepin -5' counted

2018-06-09 20:51:10 - [MESSAGE][PASSED] - 19 options of object 'Object Repository/PharmacyRequest/Page_Store/select_--Select--Amlodepin -5' counted

2018-06-09 20:51:10 - [TEST_STEP][PASSED] - Statement - For ([a = 1, a <= selectedoptions - 1, (a++)]): null

2018-06-09 20:51:10 - [TEST_STEP][PASSED] - selectOptionByIndex: All options with index in [1] are selected on object 'Object Repository/PharmacyRequest/Page_Store/select_--Select--Amlodepin -5'

2018-06-09 20:51:10 - [MESSAGE][PASSED] - All options with index in [1] are selected on object 'Object Repository/PharmacyRequest/Page_Store/select_--Select--Amlodepin -5'

2018-06-09 20:51:10 - [TEST_STEP][PASSED] - delay: Delayed 1 second(s)

2018-06-09 20:51:11 - [MESSAGE][PASSED] - Delayed 1 second(s)

2018-06-09 20:51:11 - [TEST_STEP][PASSED] - Statement - RequestedQty = com.kms.katalon.core.webui.keyword.WebUiBuiltInKeywords.getAttribute(com.kms.katalon.core.testobject.ObjectRepository.findTestObject(PharmacyRequest/Page_Store/input_txttotal), "value"): Attribute 'value' of object 'Object Repository/PharmacyRequest/Page_Store/input_txttotal' is: '10'

2018-06-09 20:51:11 - [MESSAGE][PASSED] - Attribute 'value' of object 'Object Repository/PharmacyRequest/Page_Store/input_txttotal' is: '10'

2018-06-09 20:51:11 - [TEST_STEP][PASSED] - Statement - out.println("Requested QTY : " + RequestedQty): null

2018-06-09 20:51:11 - [TEST_STEP][PASSED] - Statement - BatchNumber = com.kms.katalon.core.webui.keyword.WebUiBuiltInKeywords.getNumberOfTotalOption(com.kms.katalon.core.testobject.ObjectRepository.findTestObject(PharmacyRequest/Page_Store/select_--Select--BA50)): 3 options of object 'Object Repository/PharmacyRequest/Page_Store/select_--Select--BA50' counted

2018-06-09 20:51:11 - [MESSAGE][PASSED] - 3 options of object 'Object Repository/PharmacyRequest/Page_Store/select_--Select--BA50' counted

2018-06-09 20:51:11 - [TEST_STEP][PASSED] - Statement - For ([g = 1, g <= BatchNumber - 1, (g++)]): null

2018-06-09 20:51:11 - [TEST_STEP][PASSED] - selectOptionByIndex: All options with index in [1] are selected on object 'Object Repository/PharmacyRequest/Page_Store/select_--Select--BA50'

2018-06-09 20:51:11 - [MESSAGE][PASSED] - All options with index in [1] are selected on object 'Object Repository/PharmacyRequest/Page_Store/select_--Select--BA50'

2018-06-09 20:51:11 - [TEST_STEP][PASSED] - delay: Delayed 1 second(s)

2018-06-09 20:51:12 - [MESSAGE][PASSED] - Delayed 1 second(s)

2018-06-09 20:51:12 - [TEST_STEP][PASSED] - Statement - StockQty = com.kms.katalon.core.webui.keyword.WebUiBuiltInKeywords.getAttribute(com.kms.katalon.core.testobject.ObjectRepository.findTestObject(PharmacyRequest/Page_Store/input_txtprice), "value"): Attribute 'value' of object 'Object Repository/PharmacyRequest/Page_Store/input_txtprice' is: '440'

2018-06-09 20:51:12 - [MESSAGE][PASSED] - Attribute 'value' of object 'Object Repository/PharmacyRequest/Page_Store/input_txtprice' is: '440'

2018-06-09 20:51:12 - [TEST_STEP][PASSED] - Statement - out.println("Stock QTY : " + StockQty): null

2018-06-09 20:51:12 - [TEST_STEP][PASSED] - delay: Delayed 1 second(s)

2018-06-09 20:51:13 - [MESSAGE][PASSED] - Delayed 1 second(s)

2018-06-09 20:51:13 - [TEST_STEP][PASSED] - Statement - If (java.lang.Integer.valueOf(StockQty) >= java.lang.Integer.valueOf(RequestedQty)): null

2018-06-09 20:51:13 - [TEST_STEP][PASSED] - setText: Text '10' is set on object 'Object Repository/PharmacyRequest/Page_Store/input_txtqty'

2018-06-09 20:51:13 - [MESSAGE][PASSED] - Text '10' is set on object 'Object Repository/PharmacyRequest/Page_Store/input_txtqty'

2018-06-09 20:51:13 - [TEST_STEP][PASSED] - click: Object: 'Object Repository/PharmacyRequest/Page_Store/button_Add' is clicked on

2018-06-09 20:51:14 - [MESSAGE][PASSED] - Object: 'Object Repository/PharmacyRequest/Page_Store/button_Add' is clicked on

2018-06-09 20:51:14 - [TEST_STEP][PASSED] - Statement - Break: null

2018-06-09 20:51:14 - [TEST_STEP][PASSED] - selectOptionByIndex: All options with index in [2] are selected on object 'Object Repository/PharmacyRequest/Page_Store/select_--Select--Amlodepin -5'

2018-06-09 20:51:14 - [MESSAGE][PASSED] - All options with index in [2] are selected on object 'Object Repository/PharmacyRequest/Page_Store/select_--Select--Amlodepin -5'

2018-06-09 20:51:14 - [TEST_STEP][PASSED] - delay: Delayed 1 second(s)

2018-06-09 20:51:15 - [MESSAGE][PASSED] - Delayed 1 second(s)

2018-06-09 20:51:15 - [TEST_STEP][PASSED] - Statement - RequestedQty = com.kms.katalon.core.webui.keyword.WebUiBuiltInKeywords.getAttribute(com.kms.katalon.core.testobject.ObjectRepository.findTestObject(PharmacyRequest/Page_Store/input_txttotal), "value"): Attribute 'value' of object 'Object Repository/PharmacyRequest/Page_Store/input_txttotal' is: '10'

2018-06-09 20:51:15 - [MESSAGE][PASSED] - Attribute 'value' of object 'Object Repository/PharmacyRequest/Page_Store/input_txttotal' is: '10'

2018-06-09 20:51:15 - [TEST_STEP][PASSED] - Statement - out.println("Requested QTY : " + RequestedQty): null

2018-06-09 20:51:15 - [TEST_STEP][PASSED] - Statement - BatchNumber = com.kms.katalon.core.webui.keyword.WebUiBuiltInKeywords.getNumberOfTotalOption(com.kms.katalon.core.testobject.ObjectRepository.findTestObject(PharmacyRequest/Page_Store/select_--Select--BA50)): 2 options of object 'Object Repository/PharmacyRequest/Page_Store/select_--Select--BA50' counted

2018-06-09 20:51:15 - [MESSAGE][PASSED] - 2 options of object 'Object Repository/PharmacyRequest/Page_Store/select_--Select--BA50' counted

2018-06-09 20:51:15 - [TEST_STEP][PASSED] - Statement - For ([g = 1, g <= BatchNumber - 1, (g++)]): null

2018-06-09 20:51:15 - [TEST_STEP][PASSED] - selectOptionByIndex: All options with index in [1] are selected on object 'Object Repository/PharmacyRequest/Page_Store/select_--Select--BA50'

2018-06-09 20:51:15 - [MESSAGE][PASSED] - All options with index in [1] are selected on object 'Object Repository/PharmacyRequest/Page_Store/select_--Select--BA50'

2018-06-09 20:51:15 - [TEST_STEP][PASSED] - delay: Delayed 1 second(s)

2018-06-09 20:51:16 - [MESSAGE][PASSED] - Delayed 1 second(s)

2018-06-09 20:51:16 - [TEST_STEP][PASSED] - Statement - StockQty = com.kms.katalon.core.webui.keyword.WebUiBuiltInKeywords.getAttribute(com.kms.katalon.core.testobject.ObjectRepository.findTestObject(PharmacyRequest/Page_Store/input_txtprice), "value"): Attribute 'value' of object 'Object Repository/PharmacyRequest/Page_Store/input_txtprice' is: '963'

2018-06-09 20:51:16 - [MESSAGE][PASSED] - Attribute 'value' of object 'Object Repository/PharmacyRequest/Page_Store/input_txtprice' is: '963'

2018-06-09 20:51:16 - [TEST_STEP][PASSED] - Statement - out.println("Stock QTY : " + StockQty): null

2018-06-09 20:51:16 - [TEST_STEP][PASSED] - delay: Delayed 1 second(s)

2018-06-09 20:51:17 - [MESSAGE][PASSED] - Delayed 1 second(s)

2018-06-09 20:51:17 - [TEST_STEP][PASSED] - Statement - If (java.lang.Integer.valueOf(StockQty) >= java.lang.Integer.valueOf(RequestedQty)): null

2018-06-09 20:51:17 - [TEST_STEP][PASSED] - setText: Text '10' is set on object 'Object Repository/PharmacyRequest/Page_Store/input_txtqty'

2018-06-09 20:51:17 - [MESSAGE][PASSED] - Text '10' is set on object 'Object Repository/PharmacyRequest/Page_Store/input_txtqty'

2018-06-09 20:51:17 - [TEST_STEP][PASSED] - click: Object: 'Object Repository/PharmacyRequest/Page_Store/button_Add' is clicked on

2018-06-09 20:51:17 - [MESSAGE][PASSED] - Object: 'Object Repository/PharmacyRequest/Page_Store/button_Add' is clicked on

2018-06-09 20:51:17 - [TEST_STEP][PASSED] - Statement - Break: null

2018-06-09 20:51:17 - [TEST_STEP][PASSED] - selectOptionByIndex: All options with index in [3] are selected on object 'Object Repository/PharmacyRequest/Page_Store/select_--Select--Amlodepin -5'

2018-06-09 20:51:17 - [MESSAGE][PASSED] - All options with index in [3] are selected on object 'Object Repository/PharmacyRequest/Page_Store/select_--Select--Amlodepin -5'

2018-06-09 20:51:17 - [TEST_STEP][PASSED] - delay: Delayed 1 second(s)

2018-06-09 20:51:18 - [MESSAGE][PASSED] - Delayed 1 second(s)

2018-06-09 20:51:18 - [TEST_STEP][PASSED] - Statement - RequestedQty = com.kms.katalon.core.webui.keyword.WebUiBuiltInKeywords.getAttribute(com.kms.katalon.core.testobject.ObjectRepository.findTestObject(PharmacyRequest/Page_Store/input_txttotal), "value"): Attribute 'value' of object 'Object Repository/PharmacyRequest/Page_Store/input_txttotal' is: '10'

2018-06-09 20:51:18 - [MESSAGE][PASSED] - Attribute 'value' of object 'Object Repository/PharmacyRequest/Page_Store/input_txttotal' is: '10'

2018-06-09 20:51:18 - [TEST_STEP][PASSED] - Statement - out.println("Requested QTY : " + RequestedQty): null

2018-06-09 20:51:18 - [TEST_STEP][PASSED] - Statement - BatchNumber = com.kms.katalon.core.webui.keyword.WebUiBuiltInKeywords.getNumberOfTotalOption(com.kms.katalon.core.testobject.ObjectRepository.findTestObject(PharmacyRequest/Page_Store/select_--Select--BA50)): 3 options of object 'Object Repository/PharmacyRequest/Page_Store/select_--Select--BA50' counted

2018-06-09 20:51:18 - [MESSAGE][PASSED] - 3 options of object 'Object Repository/PharmacyRequest/Page_Store/select_--Select--BA50' counted

2018-06-09 20:51:18 - [TEST_STEP][PASSED] - Statement - For ([g = 1, g <= BatchNumber - 1, (g++)]): null

2018-06-09 20:51:18 - [TEST_STEP][PASSED] - selectOptionByIndex: All options with index in [1] are selected on object 'Object Repository/PharmacyRequest/Page_Store/select_--Select--BA50'

2018-06-09 20:51:18 - [MESSAGE][PASSED] - All options with index in [1] are selected on object 'Object Repository/PharmacyRequest/Page_Store/select_--Select--BA50'

2018-06-09 20:51:18 - [TEST_STEP][PASSED] - delay: Delayed 1 second(s)

2018-06-09 20:51:19 - [MESSAGE][PASSED] - Delayed 1 second(s)

2018-06-09 20:51:19 - [TEST_STEP][PASSED] - Statement - StockQty = com.kms.katalon.core.webui.keyword.WebUiBuiltInKeywords.getAttribute(com.kms.katalon.core.testobject.ObjectRepository.findTestObject(PharmacyRequest/Page_Store/input_txtprice), "value"): Attribute 'value' of object 'Object Repository/PharmacyRequest/Page_Store/input_txtprice' is: '440'

2018-06-09 20:51:19 - [MESSAGE][PASSED] - Attribute 'value' of object 'Object Repository/PharmacyRequest/Page_Store/input_txtprice' is: '440'

2018-06-09 20:51:19 - [TEST_STEP][PASSED] - Statement - out.println("Stock QTY : " + StockQty): null

2018-06-09 20:51:19 - [TEST_STEP][PASSED] - delay: Delayed 1 second(s)

2018-06-09 20:51:20 - [MESSAGE][PASSED] - Delayed 1 second(s)

2018-06-09 20:51:20 - [TEST_STEP][PASSED] - Statement - If (java.lang.Integer.valueOf(StockQty) >= java.lang.Integer.valueOf(RequestedQty)): null

2018-06-09 20:51:20 - [TEST_STEP][PASSED] - setText: Text '10' is set on object 'Object Repository/PharmacyRequest/Page_Store/input_txtqty'

2018-06-09 20:51:21 - [MESSAGE][PASSED] - Text '10' is set on object 'Object Repository/PharmacyRequest/Page_Store/input_txtqty'

2018-06-09 20:51:21 - [TEST_STEP][PASSED] - click: Object: 'Object Repository/PharmacyRequest/Page_Store/button_Add' is clicked on

2018-06-09 20:51:21 - [MESSAGE][PASSED] - Object: 'Object Repository/PharmacyRequest/Page_Store/button_Add' is clicked on

2018-06-09 20:51:21 - [TEST_STEP][PASSED] - Statement - Break: null

2018-06-09 20:51:21 - [TEST_STEP][PASSED] - selectOptionByIndex: All options with index in [4] are selected on object 'Object Repository/PharmacyRequest/Page_Store/select_--Select--Amlodepin -5'

2018-06-09 20:51:21 - [MESSAGE][PASSED] - All options with index in [4] are selected on object 'Object Repository/PharmacyRequest/Page_Store/select_--Select--Amlodepin -5'

2018-06-09 20:51:21 - [TEST_STEP][PASSED] - delay: Delayed 1 second(s)

2018-06-09 20:51:22 - [MESSAGE][PASSED] - Delayed 1 second(s)

2018-06-09 20:51:22 - [TEST_STEP][PASSED] - Statement - RequestedQty = com.kms.katalon.core.webui.keyword.WebUiBuiltInKeywords.getAttribute(com.kms.katalon.core.testobject.ObjectRepository.findTestObject(PharmacyRequest/Page_Store/input_txttotal), "value"): Attribute 'value' of object 'Object Repository/PharmacyRequest/Page_Store/input_txttotal' is: '10'

2018-06-09 20:51:22 - [MESSAGE][PASSED] - Attribute 'value' of object 'Object Repository/PharmacyRequest/Page_Store/input_txttotal' is: '10'

2018-06-09 20:51:22 - [TEST_STEP][PASSED] - Statement - out.println("Requested QTY : " + RequestedQty): null

2018-06-09 20:51:22 - [TEST_STEP][PASSED] - Statement - BatchNumber = com.kms.katalon.core.webui.keyword.WebUiBuiltInKeywords.getNumberOfTotalOption(com.kms.katalon.core.testobject.ObjectRepository.findTestObject(PharmacyRequest/Page_Store/select_--Select--BA50)): 3 options of object 'Object Repository/PharmacyRequest/Page_Store/select_--Select--BA50' counted

2018-06-09 20:51:22 - [MESSAGE][PASSED] - 3 options of object 'Object Repository/PharmacyRequest/Page_Store/select_--Select--BA50' counted

2018-06-09 20:51:22 - [TEST_STEP][PASSED] - Statement - For ([g = 1, g <= BatchNumber - 1, (g++)]): null

2018-06-09 20:51:22 - [TEST_STEP][PASSED] - selectOptionByIndex: All options with index in [1] are selected on object 'Object Repository/PharmacyRequest/Page_Store/select_--Select--BA50'

2018-06-09 20:51:22 - [MESSAGE][PASSED] - All options with index in [1] are selected on object 'Object Repository/PharmacyRequest/Page_Store/select_--Select--BA50'

2018-06-09 20:51:22 - [TEST_STEP][PASSED] - delay: Delayed 1 second(s)

2018-06-09 20:51:23 - [MESSAGE][PASSED] - Delayed 1 second(s)

2018-06-09 20:51:23 - [TEST_STEP][PASSED] - Statement - StockQty = com.kms.katalon.core.webui.keyword.WebUiBuiltInKeywords.getAttribute(com.kms.katalon.core.testobject.ObjectRepository.findTestObject(PharmacyRequest/Page_Store/input_txtprice), "value"): Attribute 'value' of object 'Object Repository/PharmacyRequest/Page_Store/input_txtprice' is: '440'

2018-06-09 20:51:23 - [MESSAGE][PASSED] - Attribute 'value' of object 'Object Repository/PharmacyRequest/Page_Store/input_txtprice' is: '440'

2018-06-09 20:51:23 - [TEST_STEP][PASSED] - Statement - out.println("Stock QTY : " + StockQty): null

2018-06-09 20:51:23 - [TEST_STEP][PASSED] - delay: Delayed 1 second(s)

2018-06-09 20:51:24 - [MESSAGE][PASSED] - Delayed 1 second(s)

2018-06-09 20:51:24 - [TEST_STEP][PASSED] - Statement - If (java.lang.Integer.valueOf(StockQty) >= java.lang.Integer.valueOf(RequestedQty)): null

2018-06-09 20:51:24 - [TEST_STEP][PASSED] - setText: Text '10' is set on object 'Object Repository/PharmacyRequest/Page_Store/input_txtqty'

2018-06-09 20:51:24 - [MESSAGE][PASSED] - Text '10' is set on object 'Object Repository/PharmacyRequest/Page_Store/input_txtqty'

2018-06-09 20:51:24 - [TEST_STEP][PASSED] - click: Object: 'Object Repository/PharmacyRequest/Page_Store/button_Add' is clicked on

2018-06-09 20:51:24 - [MESSAGE][PASSED] - Object: 'Object Repository/PharmacyRequest/Page_Store/button_Add' is clicked on

2018-06-09 20:51:24 - [TEST_STEP][PASSED] - Statement - Break: null

2018-06-09 20:51:24 - [TEST_STEP][PASSED] - selectOptionByIndex: All options with index in [5] are selected on object 'Object Repository/PharmacyRequest/Page_Store/select_--Select--Amlodepin -5'

2018-06-09 20:51:24 - [MESSAGE][PASSED] - All options with index in [5] are selected on object 'Object Repository/PharmacyRequest/Page_Store/select_--Select--Amlodepin -5'

2018-06-09 20:51:24 - [TEST_STEP][PASSED] - delay: Delayed 1 second(s)

2018-06-09 20:51:25 - [MESSAGE][PASSED] - Delayed 1 second(s)

2018-06-09 20:51:25 - [TEST_STEP][PASSED] - Statement - RequestedQty = com.kms.katalon.core.webui.keyword.WebUiBuiltInKeywords.getAttribute(com.kms.katalon.core.testobject.ObjectRepository.findTestObject(PharmacyRequest/Page_Store/input_txttotal), "value"): Attribute 'value' of object 'Object Repository/PharmacyRequest/Page_Store/input_txttotal' is: '10'

2018-06-09 20:51:25 - [MESSAGE][PASSED] - Attribute 'value' of object 'Object Repository/PharmacyRequest/Page_Store/input_txttotal' is: '10'

2018-06-09 20:51:25 - [TEST_STEP][PASSED] - Statement - out.println("Requested QTY : " + RequestedQty): null

2018-06-09 20:51:25 - [TEST_STEP][PASSED] - Statement - BatchNumber = com.kms.katalon.core.webui.keyword.WebUiBuiltInKeywords.getNumberOfTotalOption(com.kms.katalon.core.testobject.ObjectRepository.findTestObject(PharmacyRequest/Page_Store/select_--Select--BA50)): 4 options of object 'Object Repository/PharmacyRequest/Page_Store/select_--Select--BA50' counted

2018-06-09 20:51:25 - [MESSAGE][PASSED] - 4 options of object 'Object Repository/PharmacyRequest/Page_Store/select_--Select--BA50' counted

2018-06-09 20:51:25 - [TEST_STEP][PASSED] - Statement - For ([g = 1, g <= BatchNumber - 1, (g++)]): null

2018-06-09 20:51:25 - [TEST_STEP][PASSED] - selectOptionByIndex: All options with index in [1] are selected on object 'Object Repository/PharmacyRequest/Page_Store/select_--Select--BA50'

2018-06-09 20:51:25 - [MESSAGE][PASSED] - All options with index in [1] are selected on object 'Object Repository/PharmacyRequest/Page_Store/select_--Select--BA50'

2018-06-09 20:51:25 - [TEST_STEP][PASSED] - delay: Delayed 1 second(s)

2018-06-09 20:51:26 - [MESSAGE][PASSED] - Delayed 1 second(s)

2018-06-09 20:51:26 - [TEST_STEP][PASSED] - Statement - StockQty = com.kms.katalon.core.webui.keyword.WebUiBuiltInKeywords.getAttribute(com.kms.katalon.core.testobject.ObjectRepository.findTestObject(PharmacyRequest/Page_Store/input_txtprice), "value"): Attribute 'value' of object 'Object Repository/PharmacyRequest/Page_Store/input_txtprice' is: '205'

2018-06-09 20:51:26 - [MESSAGE][PASSED] - Attribute 'value' of object 'Object Repository/PharmacyRequest/Page_Store/input_txtprice' is: '205'

2018-06-09 20:51:26 - [TEST_STEP][PASSED] - Statement - out.println("Stock QTY : " + StockQty): null

2018-06-09 20:51:26 - [TEST_STEP][PASSED] - delay: Delayed 1 second(s)

2018-06-09 20:51:27 - [MESSAGE][PASSED] - Delayed 1 second(s)

2018-06-09 20:51:27 - [TEST_STEP][PASSED] - Statement - If (java.lang.Integer.valueOf(StockQty) >= java.lang.Integer.valueOf(RequestedQty)): null

2018-06-09 20:51:27 - [TEST_STEP][PASSED] - setText: Text '10' is set on object 'Object Repository/PharmacyRequest/Page_Store/input_txtqty'

2018-06-09 20:51:28 - [MESSAGE][PASSED] - Text '10' is set on object 'Object Repository/PharmacyRequest/Page_Store/input_txtqty'

2018-06-09 20:51:28 - [TEST_STEP][PASSED] - click: Object: 'Object Repository/PharmacyRequest/Page_Store/button_Add' is clicked on

2018-06-09 20:51:28 - [MESSAGE][PASSED] - Object: 'Object Repository/PharmacyRequest/Page_Store/button_Add' is clicked on

2018-06-09 20:51:28 - [TEST_STEP][PASSED] - Statement - Break: null

2018-06-09 20:51:28 - [TEST_STEP][PASSED] - selectOptionByIndex: All options with index in [6] are selected on object 'Object Repository/PharmacyRequest/Page_Store/select_--Select--Amlodepin -5'

2018-06-09 20:51:28 - [MESSAGE][PASSED] - All options with index in [6] are selected on object 'Object Repository/PharmacyRequest/Page_Store/select_--Select--Amlodepin -5'

2018-06-09 20:51:28 - [TEST_STEP][PASSED] - delay: Delayed 1 second(s)

2018-06-09 20:51:29 - [MESSAGE][PASSED] - Delayed 1 second(s)

2018-06-09 20:51:29 - [TEST_STEP][PASSED] - Statement - RequestedQty = com.kms.katalon.core.webui.keyword.WebUiBuiltInKeywords.getAttribute(com.kms.katalon.core.testobject.ObjectRepository.findTestObject(PharmacyRequest/Page_Store/input_txttotal), "value"): Attribute 'value' of object 'Object Repository/PharmacyRequest/Page_Store/input_txttotal' is: '10'

2018-06-09 20:51:29 - [MESSAGE][PASSED] - Attribute 'value' of object 'Object Repository/PharmacyRequest/Page_Store/input_txttotal' is: '10'

2018-06-09 20:51:29 - [TEST_STEP][PASSED] - Statement - out.println("Requested QTY : " + RequestedQty): null

2018-06-09 20:51:29 - [TEST_STEP][PASSED] - Statement - BatchNumber = com.kms.katalon.core.webui.keyword.WebUiBuiltInKeywords.getNumberOfTotalOption(com.kms.katalon.core.testobject.ObjectRepository.findTestObject(PharmacyRequest/Page_Store/select_--Select--BA50)): 3 options of object 'Object Repository/PharmacyRequest/Page_Store/select_--Select--BA50' counted

2018-06-09 20:51:29 - [MESSAGE][PASSED] - 3 options of object 'Object Repository/PharmacyRequest/Page_Store/select_--Select--BA50' counted

2018-06-09 20:51:29 - [TEST_STEP][PASSED] - Statement - For ([g = 1, g <= BatchNumber - 1, (g++)]): null

2018-06-09 20:51:29 - [TEST_STEP][PASSED] - selectOptionByIndex: All options with index in [1] are selected on object 'Object Repository/PharmacyRequest/Page_Store/select_--Select--BA50'

2018-06-09 20:51:29 - [MESSAGE][PASSED] - All options with index in [1] are selected on object 'Object Repository/PharmacyRequest/Page_Store/select_--Select--BA50'

2018-06-09 20:51:29 - [TEST_STEP][PASSED] - delay: Delayed 1 second(s)

2018-06-09 20:51:30 - [MESSAGE][PASSED] - Delayed 1 second(s)

2018-06-09 20:51:30 - [TEST_STEP][PASSED] - Statement - StockQty = com.kms.katalon.core.webui.keyword.WebUiBuiltInKeywords.getAttribute(com.kms.katalon.core.testobject.ObjectRepository.findTestObject(PharmacyRequest/Page_Store/input_txtprice), "value"): Attribute 'value' of object 'Object Repository/PharmacyRequest/Page_Store/input_txtprice' is: '450'

2018-06-09 20:51:30 - [MESSAGE][PASSED] - Attribute 'value' of object 'Object Repository/PharmacyRequest/Page_Store/input_txtprice' is: '450'

2018-06-09 20:51:30 - [TEST_STEP][PASSED] - Statement - out.println("Stock QTY : " + StockQty): null

2018-06-09 20:51:30 - [TEST_STEP][PASSED] - delay: Delayed 1 second(s)

2018-06-09 20:51:31 - [MESSAGE][PASSED] - Delayed 1 second(s)

2018-06-09 20:51:31 - [TEST_STEP][PASSED] - Statement - If (java.lang.Integer.valueOf(StockQty) >= java.lang.Integer.valueOf(RequestedQty)): null

2018-06-09 20:51:31 - [TEST_STEP][PASSED] - setText: Text '10' is set on object 'Object Repository/PharmacyRequest/Page_Store/input_txtqty'

2018-06-09 20:51:31 - [MESSAGE][PASSED] - Text '10' is set on object 'Object Repository/PharmacyRequest/Page_Store/input_txtqty'

2018-06-09 20:51:31 - [TEST_STEP][PASSED] - click: Object: 'Object Repository/PharmacyRequest/Page_Store/button_Add' is clicked on

2018-06-09 20:51:31 - [MESSAGE][PASSED] - Object: 'Object Repository/PharmacyRequest/Page_Store/button_Add' is clicked on

2018-06-09 20:51:31 - [TEST_STEP][PASSED] - Statement - Break: null

2018-06-09 20:51:31 - [TEST_STEP][PASSED] - selectOptionByIndex: All options with index in [7] are selected on object 'Object Repository/PharmacyRequest/Page_Store/select_--Select--Amlodepin -5'

2018-06-09 20:51:31 - [MESSAGE][PASSED] - All options with index in [7] are selected on object 'Object Repository/PharmacyRequest/Page_Store/select_--Select--Amlodepin -5'

2018-06-09 20:51:31 - [TEST_STEP][PASSED] - delay: Delayed 1 second(s)

2018-06-09 20:51:32 - [MESSAGE][PASSED] - Delayed 1 second(s)

2018-06-09 20:51:32 - [TEST_STEP][PASSED] - Statement - RequestedQty = com.kms.katalon.core.webui.keyword.WebUiBuiltInKeywords.getAttribute(com.kms.katalon.core.testobject.ObjectRepository.findTestObject(PharmacyRequest/Page_Store/input_txttotal), "value"): Attribute 'value' of object 'Object Repository/PharmacyRequest/Page_Store/input_txttotal' is: '10'

2018-06-09 20:51:32 - [MESSAGE][PASSED] - Attribute 'value' of object 'Object Repository/PharmacyRequest/Page_Store/input_txttotal' is: '10'

2018-06-09 20:51:32 - [TEST_STEP][PASSED] - Statement - out.println("Requested QTY : " + RequestedQty): null

2018-06-09 20:51:32 - [TEST_STEP][PASSED] - Statement - BatchNumber = com.kms.katalon.core.webui.keyword.WebUiBuiltInKeywords.getNumberOfTotalOption(com.kms.katalon.core.testobject.ObjectRepository.findTestObject(PharmacyRequest/Page_Store/select_--Select--BA50)): 4 options of object 'Object Repository/PharmacyRequest/Page_Store/select_--Select--BA50' counted

2018-06-09 20:51:32 - [MESSAGE][PASSED] - 4 options of object 'Object Repository/PharmacyRequest/Page_Store/select_--Select--BA50' counted

2018-06-09 20:51:32 - [TEST_STEP][PASSED] - Statement - For ([g = 1, g <= BatchNumber - 1, (g++)]): null

2018-06-09 20:51:32 - [TEST_STEP][PASSED] - selectOptionByIndex: All options with index in [1] are selected on object 'Object Repository/PharmacyRequest/Page_Store/select_--Select--BA50'

2018-06-09 20:51:33 - [MESSAGE][PASSED] - All options with index in [1] are selected on object 'Object Repository/PharmacyRequest/Page_Store/select_--Select--BA50'

2018-06-09 20:51:33 - [TEST_STEP][PASSED] - delay: Delayed 1 second(s)

2018-06-09 20:51:34 - [MESSAGE][PASSED] - Delayed 1 second(s)

2018-06-09 20:51:34 - [TEST_STEP][PASSED] - Statement - StockQty = com.kms.katalon.core.webui.keyword.WebUiBuiltInKeywords.getAttribute(com.kms.katalon.core.testobject.ObjectRepository.findTestObject(PharmacyRequest/Page_Store/input_txtprice), "value"): Attribute 'value' of object 'Object Repository/PharmacyRequest/Page_Store/input_txtprice' is: '270'

2018-06-09 20:51:34 - [MESSAGE][PASSED] - Attribute 'value' of object 'Object Repository/PharmacyRequest/Page_Store/input_txtprice' is: '270'

2018-06-09 20:51:34 - [TEST_STEP][PASSED] - Statement - out.println("Stock QTY : " + StockQty): null

2018-06-09 20:51:34 - [TEST_STEP][PASSED] - delay: Delayed 1 second(s)

2018-06-09 20:51:35 - [MESSAGE][PASSED] - Delayed 1 second(s)

2018-06-09 20:51:35 - [TEST_STEP][PASSED] - Statement - If (java.lang.Integer.valueOf(StockQty) >= java.lang.Integer.valueOf(RequestedQty)): null

2018-06-09 20:51:35 - [TEST_STEP][PASSED] - setText: Text '10' is set on object 'Object Repository/PharmacyRequest/Page_Store/input_txtqty'

2018-06-09 20:51:35 - [MESSAGE][PASSED] - Text '10' is set on object 'Object Repository/PharmacyRequest/Page_Store/input_txtqty'

2018-06-09 20:51:35 - [TEST_STEP][PASSED] - click: Object: 'Object Repository/PharmacyRequest/Page_Store/button_Add' is clicked on

2018-06-09 20:51:35 - [MESSAGE][PASSED] - Object: 'Object Repository/PharmacyRequest/Page_Store/button_Add' is clicked on

2018-06-09 20:51:35 - [TEST_STEP][PASSED] - Statement - Break: null

2018-06-09 20:51:35 - [TEST_STEP][PASSED] - selectOptionByIndex: All options with index in [8] are selected on object 'Object Repository/PharmacyRequest/Page_Store/select_--Select--Amlodepin -5'

2018-06-09 20:51:35 - [MESSAGE][PASSED] - All options with index in [8] are selected on object 'Object Repository/PharmacyRequest/Page_Store/select_--Select--Amlodepin -5'

2018-06-09 20:51:35 - [TEST_STEP][PASSED] - delay: Delayed 1 second(s)

2018-06-09 20:51:36 - [MESSAGE][PASSED] - Delayed 1 second(s)

2018-06-09 20:51:36 - [TEST_STEP][PASSED] - Statement - RequestedQty = com.kms.katalon.core.webui.keyword.WebUiBuiltInKeywords.getAttribute(com.kms.katalon.core.testobject.ObjectRepository.findTestObject(PharmacyRequest/Page_Store/input_txttotal), "value"): Attribute 'value' of object 'Object Repository/PharmacyRequest/Page_Store/input_txttotal' is: '10'

2018-06-09 20:51:36 - [MESSAGE][PASSED] - Attribute 'value' of object 'Object Repository/PharmacyRequest/Page_Store/input_txttotal' is: '10'

2018-06-09 20:51:36 - [TEST_STEP][PASSED] - Statement - out.println("Requested QTY : " + RequestedQty): null

2018-06-09 20:51:36 - [TEST_STEP][PASSED] - Statement - BatchNumber = com.kms.katalon.core.webui.keyword.WebUiBuiltInKeywords.getNumberOfTotalOption(com.kms.katalon.core.testobject.ObjectRepository.findTestObject(PharmacyRequest/Page_Store/select_--Select--BA50)): 2 options of object 'Object Repository/PharmacyRequest/Page_Store/select_--Select--BA50' counted

2018-06-09 20:51:36 - [MESSAGE][PASSED] - 2 options of object 'Object Repository/PharmacyRequest/Page_Store/select_--Select--BA50' counted

2018-06-09 20:51:36 - [TEST_STEP][PASSED] - Statement - For ([g = 1, g <= BatchNumber - 1, (g++)]): null

2018-06-09 20:51:36 - [TEST_STEP][PASSED] - selectOptionByIndex: All options with index in [1] are selected on object 'Object Repository/PharmacyRequest/Page_Store/select_--Select--BA50'

2018-06-09 20:51:36 - [MESSAGE][PASSED] - All options with index in [1] are selected on object 'Object Repository/PharmacyRequest/Page_Store/select_--Select--BA50'

2018-06-09 20:51:36 - [TEST_STEP][PASSED] - delay: Delayed 1 second(s)

2018-06-09 20:51:37 - [MESSAGE][PASSED] - Delayed 1 second(s)

2018-06-09 20:51:37 - [TEST_STEP][PASSED] - Statement - StockQty = com.kms.katalon.core.webui.keyword.WebUiBuiltInKeywords.getAttribute(com.kms.katalon.core.testobject.ObjectRepository.findTestObject(PharmacyRequest/Page_Store/input_txtprice), "value"): Attribute 'value' of object 'Object Repository/PharmacyRequest/Page_Store/input_txtprice' is: '1405'

2018-06-09 20:51:37 - [MESSAGE][PASSED] - Attribute 'value' of object 'Object Repository/PharmacyRequest/Page_Store/input_txtprice' is: '1405'

2018-06-09 20:51:37 - [TEST_STEP][PASSED] - Statement - out.println("Stock QTY : " + StockQty): null

2018-06-09 20:51:37 - [TEST_STEP][PASSED] - delay: Delayed 1 second(s)

2018-06-09 20:51:38 - [MESSAGE][PASSED] - Delayed 1 second(s)

2018-06-09 20:51:38 - [TEST_STEP][PASSED] - Statement - If (java.lang.Integer.valueOf(StockQty) >= java.lang.Integer.valueOf(RequestedQty)): null

2018-06-09 20:51:38 - [TEST_STEP][PASSED] - setText: Text '10' is set on object 'Object Repository/PharmacyRequest/Page_Store/input_txtqty'

2018-06-09 20:51:38 - [MESSAGE][PASSED] - Text '10' is set on object 'Object Repository/PharmacyRequest/Page_Store/input_txtqty'

2018-06-09 20:51:38 - [TEST_STEP][PASSED] - click: Object: 'Object Repository/PharmacyRequest/Page_Store/button_Add' is clicked on

2018-06-09 20:51:38 - [MESSAGE][PASSED] - Object: 'Object Repository/PharmacyRequest/Page_Store/button_Add' is clicked on

2018-06-09 20:51:38 - [TEST_STEP][PASSED] - Statement - Break: null

2018-06-09 20:51:38 - [TEST_STEP][PASSED] - selectOptionByIndex: All options with index in [9] are selected on object 'Object Repository/PharmacyRequest/Page_Store/select_--Select--Amlodepin -5'

2018-06-09 20:51:38 - [MESSAGE][PASSED] - All options with index in [9] are selected on object 'Object Repository/PharmacyRequest/Page_Store/select_--Select--Amlodepin -5'

2018-06-09 20:51:38 - [TEST_STEP][PASSED] - delay: Delayed 1 second(s)

2018-06-09 20:51:39 - [MESSAGE][PASSED] - Delayed 1 second(s)

2018-06-09 20:51:39 - [TEST_STEP][PASSED] - Statement - RequestedQty = com.kms.katalon.core.webui.keyword.WebUiBuiltInKeywords.getAttribute(com.kms.katalon.core.testobject.ObjectRepository.findTestObject(PharmacyRequest/Page_Store/input_txttotal), "value"): Attribute 'value' of object 'Object Repository/PharmacyRequest/Page_Store/input_txttotal' is: '10'

2018-06-09 20:51:39 - [MESSAGE][PASSED] - Attribute 'value' of object 'Object Repository/PharmacyRequest/Page_Store/input_txttotal' is: '10'

2018-06-09 20:51:39 - [TEST_STEP][PASSED] - Statement - out.println("Requested QTY : " + RequestedQty): null

2018-06-09 20:51:39 - [TEST_STEP][PASSED] - Statement - BatchNumber = com.kms.katalon.core.webui.keyword.WebUiBuiltInKeywords.getNumberOfTotalOption(com.kms.katalon.core.testobject.ObjectRepository.findTestObject(PharmacyRequest/Page_Store/select_--Select--BA50)): 4 options of object 'Object Repository/PharmacyRequest/Page_Store/select_--Select--BA50' counted

2018-06-09 20:51:40 - [MESSAGE][PASSED] - 4 options of object 'Object Repository/PharmacyRequest/Page_Store/select_--Select--BA50' counted

2018-06-09 20:51:40 - [TEST_STEP][PASSED] - Statement - For ([g = 1, g <= BatchNumber - 1, (g++)]): null

2018-06-09 20:51:40 - [TEST_STEP][PASSED] - selectOptionByIndex: All options with index in [1] are selected on object 'Object Repository/PharmacyRequest/Page_Store/select_--Select--BA50'

2018-06-09 20:51:40 - [MESSAGE][PASSED] - All options with index in [1] are selected on object 'Object Repository/PharmacyRequest/Page_Store/select_--Select--BA50'

2018-06-09 20:51:40 - [TEST_STEP][PASSED] - delay: Delayed 1 second(s)

2018-06-09 20:51:41 - [MESSAGE][PASSED] - Delayed 1 second(s)

2018-06-09 20:51:41 - [TEST_STEP][PASSED] - Statement - StockQty = com.kms.katalon.core.webui.keyword.WebUiBuiltInKeywords.getAttribute(com.kms.katalon.core.testobject.ObjectRepository.findTestObject(PharmacyRequest/Page_Store/input_txtprice), "value"): Attribute 'value' of object 'Object Repository/PharmacyRequest/Page_Store/input_txtprice' is: '270'

2018-06-09 20:51:41 - [MESSAGE][PASSED] - Attribute 'value' of object 'Object Repository/PharmacyRequest/Page_Store/input_txtprice' is: '270'

2018-06-09 20:51:41 - [TEST_STEP][PASSED] - Statement - out.println("Stock QTY : " + StockQty): null

2018-06-09 20:51:41 - [TEST_STEP][PASSED] - delay: Delayed 1 second(s)

2018-06-09 20:51:42 - [MESSAGE][PASSED] - Delayed 1 second(s)

2018-06-09 20:51:42 - [TEST_STEP][PASSED] - Statement - If (java.lang.Integer.valueOf(StockQty) >= java.lang.Integer.valueOf(RequestedQty)): null

2018-06-09 20:51:42 - [TEST_STEP][PASSED] - setText: Text '10' is set on object 'Object Repository/PharmacyRequest/Page_Store/input_txtqty'

2018-06-09 20:51:42 - [MESSAGE][PASSED] - Text '10' is set on object 'Object Repository/PharmacyRequest/Page_Store/input_txtqty'

2018-06-09 20:51:42 - [TEST_STEP][PASSED] - click: Object: 'Object Repository/PharmacyRequest/Page_Store/button_Add' is clicked on

2018-06-09 20:51:42 - [MESSAGE][PASSED] - Object: 'Object Repository/PharmacyRequest/Page_Store/button_Add' is clicked on

2018-06-09 20:51:42 - [TEST_STEP][PASSED] - Statement - Break: null

2018-06-09 20:51:42 - [TEST_STEP][PASSED] - selectOptionByIndex: All options with index in [10] are selected on object 'Object Repository/PharmacyRequest/Page_Store/select_--Select--Amlodepin -5'

2018-06-09 20:51:42 - [MESSAGE][PASSED] - All options with index in [10] are selected on object 'Object Repository/PharmacyRequest/Page_Store/select_--Select--Amlodepin -5'

2018-06-09 20:51:42 - [TEST_STEP][PASSED] - delay: Delayed 1 second(s)

2018-06-09 20:51:43 - [MESSAGE][PASSED] - Delayed 1 second(s)

2018-06-09 20:51:43 - [TEST_STEP][PASSED] - Statement - RequestedQty = com.kms.katalon.core.webui.keyword.WebUiBuiltInKeywords.getAttribute(com.kms.katalon.core.testobject.ObjectRepository.findTestObject(PharmacyRequest/Page_Store/input_txttotal), "value"): Attribute 'value' of object 'Object Repository/PharmacyRequest/Page_Store/input_txttotal' is: '10'

2018-06-09 20:51:43 - [MESSAGE][PASSED] - Attribute 'value' of object 'Object Repository/PharmacyRequest/Page_Store/input_txttotal' is: '10'

2018-06-09 20:51:43 - [TEST_STEP][PASSED] - Statement - out.println("Requested QTY : " + RequestedQty): null

2018-06-09 20:51:43 - [TEST_STEP][PASSED] - Statement - BatchNumber = com.kms.katalon.core.webui.keyword.WebUiBuiltInKeywords.getNumberOfTotalOption(com.kms.katalon.core.testobject.ObjectRepository.findTestObject(PharmacyRequest/Page_Store/select_--Select--BA50)): 2 options of object 'Object Repository/PharmacyRequest/Page_Store/select_--Select--BA50' counted

2018-06-09 20:51:43 - [MESSAGE][PASSED] - 2 options of object 'Object Repository/PharmacyRequest/Page_Store/select_--Select--BA50' counted

2018-06-09 20:51:43 - [TEST_STEP][PASSED] - Statement - For ([g = 1, g <= BatchNumber - 1, (g++)]): null

2018-06-09 20:51:43 - [TEST_STEP][PASSED] - selectOptionByIndex: All options with index in [1] are selected on object 'Object Repository/PharmacyRequest/Page_Store/select_--Select--BA50'

2018-06-09 20:51:43 - [MESSAGE][PASSED] - All options with index in [1] are selected on object 'Object Repository/PharmacyRequest/Page_Store/select_--Select--BA50'

2018-06-09 20:51:43 - [TEST_STEP][PASSED] - delay: Delayed 1 second(s)

2018-06-09 20:51:44 - [MESSAGE][PASSED] - Delayed 1 second(s)

2018-06-09 20:51:44 - [TEST_STEP][PASSED] - Statement - StockQty = com.kms.katalon.core.webui.keyword.WebUiBuiltInKeywords.getAttribute(com.kms.katalon.core.testobject.ObjectRepository.findTestObject(PharmacyRequest/Page_Store/input_txtprice), "value"): Attribute 'value' of object 'Object Repository/PharmacyRequest/Page_Store/input_txtprice' is: '975'

2018-06-09 20:51:44 - [MESSAGE][PASSED] - Attribute 'value' of object 'Object Repository/PharmacyRequest/Page_Store/input_txtprice' is: '975'

2018-06-09 20:51:44 - [TEST_STEP][PASSED] - Statement - out.println("Stock QTY : " + StockQty): null

2018-06-09 20:51:44 - [TEST_STEP][PASSED] - delay: Delayed 1 second(s)

2018-06-09 20:51:45 - [MESSAGE][PASSED] - Delayed 1 second(s)

2018-06-09 20:51:45 - [TEST_STEP][PASSED] - Statement - If (java.lang.Integer.valueOf(StockQty) >= java.lang.Integer.valueOf(RequestedQty)): null

2018-06-09 20:51:45 - [TEST_STEP][PASSED] - setText: Text '10' is set on object 'Object Repository/PharmacyRequest/Page_Store/input_txtqty'

2018-06-09 20:51:45 - [MESSAGE][PASSED] - Text '10' is set on object 'Object Repository/PharmacyRequest/Page_Store/input_txtqty'

2018-06-09 20:51:45 - [TEST_STEP][PASSED] - click: Object: 'Object Repository/PharmacyRequest/Page_Store/button_Add' is clicked on

2018-06-09 20:51:45 - [MESSAGE][PASSED] - Object: 'Object Repository/PharmacyRequest/Page_Store/button_Add' is clicked on

2018-06-09 20:51:45 - [TEST_STEP][PASSED] - Statement - Break: null

2018-06-09 20:51:45 - [TEST_STEP][PASSED] - selectOptionByIndex: All options with index in [11] are selected on object 'Object Repository/PharmacyRequest/Page_Store/select_--Select--Amlodepin -5'

2018-06-09 20:51:46 - [MESSAGE][PASSED] - All options with index in [11] are selected on object 'Object Repository/PharmacyRequest/Page_Store/select_--Select--Amlodepin -5'

2018-06-09 20:51:46 - [TEST_STEP][PASSED] - delay: Delayed 1 second(s)

2018-06-09 20:51:47 - [MESSAGE][PASSED] - Delayed 1 second(s)

2018-06-09 20:51:47 - [TEST_STEP][PASSED] - Statement - RequestedQty = com.kms.katalon.core.webui.keyword.WebUiBuiltInKeywords.getAttribute(com.kms.katalon.core.testobject.ObjectRepository.findTestObject(PharmacyRequest/Page_Store/input_txttotal), "value"): Attribute 'value' of object 'Object Repository/PharmacyRequest/Page_Store/input_txttotal' is: '10'

2018-06-09 20:51:47 - [MESSAGE][PASSED] - Attribute 'value' of object 'Object Repository/PharmacyRequest/Page_Store/input_txttotal' is: '10'

2018-06-09 20:51:47 - [TEST_STEP][PASSED] - Statement - out.println("Requested QTY : " + RequestedQty): null

2018-06-09 20:51:47 - [TEST_STEP][PASSED] - Statement - BatchNumber = com.kms.katalon.core.webui.keyword.WebUiBuiltInKeywords.getNumberOfTotalOption(com.kms.katalon.core.testobject.ObjectRepository.findTestObject(PharmacyRequest/Page_Store/select_--Select--BA50)): 3 options of object 'Object Repository/PharmacyRequest/Page_Store/select_--Select--BA50' counted

2018-06-09 20:51:47 - [MESSAGE][PASSED] - 3 options of object 'Object Repository/PharmacyRequest/Page_Store/select_--Select--BA50' counted

2018-06-09 20:51:47 - [TEST_STEP][PASSED] - Statement - For ([g = 1, g <= BatchNumber - 1, (g++)]): null

2018-06-09 20:51:47 - [TEST_STEP][PASSED] - selectOptionByIndex: All options with index in [1] are selected on object 'Object Repository/PharmacyRequest/Page_Store/select_--Select--BA50'

2018-06-09 20:51:47 - [MESSAGE][PASSED] - All options with index in [1] are selected on object 'Object Repository/PharmacyRequest/Page_Store/select_--Select--BA50'

2018-06-09 20:51:47 - [TEST_STEP][PASSED] - delay: Delayed 1 second(s)

2018-06-09 20:51:48 - [MESSAGE][PASSED] - Delayed 1 second(s)

2018-06-09 20:51:48 - [TEST_STEP][PASSED] - Statement - StockQty = com.kms.katalon.core.webui.keyword.WebUiBuiltInKeywords.getAttribute(com.kms.katalon.core.testobject.ObjectRepository.findTestObject(PharmacyRequest/Page_Store/input_txtprice), "value"): Attribute 'value' of object 'Object Repository/PharmacyRequest/Page_Store/input_txtprice' is: '450'

2018-06-09 20:51:48 - [MESSAGE][PASSED] - Attribute 'value' of object 'Object Repository/PharmacyRequest/Page_Store/input_txtprice' is: '450'

2018-06-09 20:51:48 - [TEST_STEP][PASSED] - Statement - out.println("Stock QTY : " + StockQty): null

2018-06-09 20:51:48 - [TEST_STEP][PASSED] - delay: Delayed 1 second(s)

2018-06-09 20:51:49 - [MESSAGE][PASSED] - Delayed 1 second(s)

2018-06-09 20:51:49 - [TEST_STEP][PASSED] - Statement - If (java.lang.Integer.valueOf(StockQty) >= java.lang.Integer.valueOf(RequestedQty)): null

2018-06-09 20:51:49 - [TEST_STEP][PASSED] - setText: Text '10' is set on object 'Object Repository/PharmacyRequest/Page_Store/input_txtqty'

2018-06-09 20:51:49 - [MESSAGE][PASSED] - Text '10' is set on object 'Object Repository/PharmacyRequest/Page_Store/input_txtqty'

2018-06-09 20:51:49 - [TEST_STEP][PASSED] - click: Object: 'Object Repository/PharmacyRequest/Page_Store/button_Add' is clicked on

2018-06-09 20:51:49 - [MESSAGE][PASSED] - Object: 'Object Repository/PharmacyRequest/Page_Store/button_Add' is clicked on

2018-06-09 20:51:49 - [TEST_STEP][PASSED] - Statement - Break: null

2018-06-09 20:51:49 - [TEST_STEP][PASSED] - selectOptionByIndex: All options with index in [12] are selected on object 'Object Repository/PharmacyRequest/Page_Store/select_--Select--Amlodepin -5'

2018-06-09 20:51:49 - [MESSAGE][PASSED] - All options with index in [12] are selected on object 'Object Repository/PharmacyRequest/Page_Store/select_--Select--Amlodepin -5'

2018-06-09 20:51:49 - [TEST_STEP][PASSED] - delay: Delayed 1 second(s)

2018-06-09 20:51:50 - [MESSAGE][PASSED] - Delayed 1 second(s)

2018-06-09 20:51:50 - [TEST_STEP][PASSED] - Statement - RequestedQty = com.kms.katalon.core.webui.keyword.WebUiBuiltInKeywords.getAttribute(com.kms.katalon.core.testobject.ObjectRepository.findTestObject(PharmacyRequest/Page_Store/input_txttotal), "value"): Attribute 'value' of object 'Object Repository/PharmacyRequest/Page_Store/input_txttotal' is: '10'

2018-06-09 20:51:50 - [MESSAGE][PASSED] - Attribute 'value' of object 'Object Repository/PharmacyRequest/Page_Store/input_txttotal' is: '10'

2018-06-09 20:51:50 - [TEST_STEP][PASSED] - Statement - out.println("Requested QTY : " + RequestedQty): null

2018-06-09 20:51:50 - [TEST_STEP][PASSED] - Statement - BatchNumber = com.kms.katalon.core.webui.keyword.WebUiBuiltInKeywords.getNumberOfTotalOption(com.kms.katalon.core.testobject.ObjectRepository.findTestObject(PharmacyRequest/Page_Store/select_--Select--BA50)): 3 options of object 'Object Repository/PharmacyRequest/Page_Store/select_--Select--BA50' counted

2018-06-09 20:51:50 - [MESSAGE][PASSED] - 3 options of object 'Object Repository/PharmacyRequest/Page_Store/select_--Select--BA50' counted

2018-06-09 20:51:50 - [TEST_STEP][PASSED] - Statement - For ([g = 1, g <= BatchNumber - 1, (g++)]): null

2018-06-09 20:51:50 - [TEST_STEP][PASSED] - selectOptionByIndex: All options with index in [1] are selected on object 'Object Repository/PharmacyRequest/Page_Store/select_--Select--BA50'

2018-06-09 20:51:50 - [MESSAGE][PASSED] - All options with index in [1] are selected on object 'Object Repository/PharmacyRequest/Page_Store/select_--Select--BA50'

2018-06-09 20:51:50 - [TEST_STEP][PASSED] - delay: Delayed 1 second(s)

2018-06-09 20:51:51 - [MESSAGE][PASSED] - Delayed 1 second(s)

2018-06-09 20:51:51 - [TEST_STEP][PASSED] - Statement - StockQty = com.kms.katalon.core.webui.keyword.WebUiBuiltInKeywords.getAttribute(com.kms.katalon.core.testobject.ObjectRepository.findTestObject(PharmacyRequest/Page_Store/input_txtprice), "value"): Attribute 'value' of object 'Object Repository/PharmacyRequest/Page_Store/input_txtprice' is: '450'

2018-06-09 20:51:51 - [MESSAGE][PASSED] - Attribute 'value' of object 'Object Repository/PharmacyRequest/Page_Store/input_txtprice' is: '450'

2018-06-09 20:51:51 - [TEST_STEP][PASSED] - Statement - out.println("Stock QTY : " + StockQty): null

2018-06-09 20:51:51 - [TEST_STEP][PASSED] - delay: Delayed 1 second(s)

2018-06-09 20:51:52 - [MESSAGE][PASSED] - Delayed 1 second(s)

2018-06-09 20:51:52 - [TEST_STEP][PASSED] - Statement - If (java.lang.Integer.valueOf(StockQty) >= java.lang.Integer.valueOf(RequestedQty)): null

2018-06-09 20:51:52 - [TEST_STEP][PASSED] - setText: Text '10' is set on object 'Object Repository/PharmacyRequest/Page_Store/input_txtqty'

2018-06-09 20:51:53 - [MESSAGE][PASSED] - Text '10' is set on object 'Object Repository/PharmacyRequest/Page_Store/input_txtqty'

2018-06-09 20:51:53 - [TEST_STEP][PASSED] - click: Object: 'Object Repository/PharmacyRequest/Page_Store/button_Add' is clicked on

2018-06-09 20:51:53 - [MESSAGE][PASSED] - Object: 'Object Repository/PharmacyRequest/Page_Store/button_Add' is clicked on

2018-06-09 20:51:53 - [TEST_STEP][PASSED] - Statement - Break: null

2018-06-09 20:51:53 - [TEST_STEP][PASSED] - selectOptionByIndex: All options with index in [13] are selected on object 'Object Repository/PharmacyRequest/Page_Store/select_--Select--Amlodepin -5'

2018-06-09 20:51:53 - [MESSAGE][PASSED] - All options with index in [13] are selected on object 'Object Repository/PharmacyRequest/Page_Store/select_--Select--Amlodepin -5'

2018-06-09 20:51:53 - [TEST_STEP][PASSED] - delay: Delayed 1 second(s)

2018-06-09 20:51:54 - [MESSAGE][PASSED] - Delayed 1 second(s)

2018-06-09 20:51:54 - [TEST_STEP][PASSED] - Statement - RequestedQty = com.kms.katalon.core.webui.keyword.WebUiBuiltInKeywords.getAttribute(com.kms.katalon.core.testobject.ObjectRepository.findTestObject(PharmacyRequest/Page_Store/input_txttotal), "value"): Attribute 'value' of object 'Object Repository/PharmacyRequest/Page_Store/input_txttotal' is: '10'

2018-06-09 20:51:54 - [MESSAGE][PASSED] - Attribute 'value' of object 'Object Repository/PharmacyRequest/Page_Store/input_txttotal' is: '10'

2018-06-09 20:51:54 - [TEST_STEP][PASSED] - Statement - out.println("Requested QTY : " + RequestedQty): null

2018-06-09 20:51:54 - [TEST_STEP][PASSED] - Statement - BatchNumber = com.kms.katalon.core.webui.keyword.WebUiBuiltInKeywords.getNumberOfTotalOption(com.kms.katalon.core.testobject.ObjectRepository.findTestObject(PharmacyRequest/Page_Store/select_--Select--BA50)): 4 options of object 'Object Repository/PharmacyRequest/Page_Store/select_--Select--BA50' counted

2018-06-09 20:51:54 - [MESSAGE][PASSED] - 4 options of object 'Object Repository/PharmacyRequest/Page_Store/select_--Select--BA50' counted

2018-06-09 20:51:54 - [TEST_STEP][PASSED] - Statement - For ([g = 1, g <= BatchNumber - 1, (g++)]): null

2018-06-09 20:51:54 - [TEST_STEP][PASSED] - selectOptionByIndex: All options with index in [1] are selected on object 'Object Repository/PharmacyRequest/Page_Store/select_--Select--BA50'

2018-06-09 20:51:54 - [MESSAGE][PASSED] - All options with index in [1] are selected on object 'Object Repository/PharmacyRequest/Page_Store/select_--Select--BA50'

2018-06-09 20:51:54 - [TEST_STEP][PASSED] - delay: Delayed 1 second(s)

2018-06-09 20:51:55 - [MESSAGE][PASSED] - Delayed 1 second(s)

2018-06-09 20:51:55 - [TEST_STEP][PASSED] - Statement - StockQty = com.kms.katalon.core.webui.keyword.WebUiBuiltInKeywords.getAttribute(com.kms.katalon.core.testobject.ObjectRepository.findTestObject(PharmacyRequest/Page_Store/input_txtprice), "value"): Attribute 'value' of object 'Object Repository/PharmacyRequest/Page_Store/input_txtprice' is: '205'

2018-06-09 20:51:55 - [MESSAGE][PASSED] - Attribute 'value' of object 'Object Repository/PharmacyRequest/Page_Store/input_txtprice' is: '205'

2018-06-09 20:51:55 - [TEST_STEP][PASSED] - Statement - out.println("Stock QTY : " + StockQty): null

2018-06-09 20:51:55 - [TEST_STEP][PASSED] - delay: Delayed 1 second(s)

2018-06-09 20:51:56 - [MESSAGE][PASSED] - Delayed 1 second(s)

2018-06-09 20:51:56 - [TEST_STEP][PASSED] - Statement - If (java.lang.Integer.valueOf(StockQty) >= java.lang.Integer.valueOf(RequestedQty)): null

2018-06-09 20:51:56 - [TEST_STEP][PASSED] - setText: Text '10' is set on object 'Object Repository/PharmacyRequest/Page_Store/input_txtqty'

2018-06-09 20:51:56 - [MESSAGE][PASSED] - Text '10' is set on object 'Object Repository/PharmacyRequest/Page_Store/input_txtqty'

2018-06-09 20:51:56 - [TEST_STEP][PASSED] - click: Object: 'Object Repository/PharmacyRequest/Page_Store/button_Add' is clicked on

2018-06-09 20:51:56 - [MESSAGE][PASSED] - Object: 'Object Repository/PharmacyRequest/Page_Store/button_Add' is clicked on

2018-06-09 20:51:56 - [TEST_STEP][PASSED] - Statement - Break: null

2018-06-09 20:51:56 - [TEST_STEP][PASSED] - selectOptionByIndex: All options with index in [14] are selected on object 'Object Repository/PharmacyRequest/Page_Store/select_--Select--Amlodepin -5'

2018-06-09 20:51:56 - [MESSAGE][PASSED] - All options with index in [14] are selected on object 'Object Repository/PharmacyRequest/Page_Store/select_--Select--Amlodepin -5'

2018-06-09 20:51:56 - [TEST_STEP][PASSED] - delay: Delayed 1 second(s)

2018-06-09 20:51:57 - [MESSAGE][PASSED] - Delayed 1 second(s)

2018-06-09 20:51:57 - [TEST_STEP][PASSED] - Statement - RequestedQty = com.kms.katalon.core.webui.keyword.WebUiBuiltInKeywords.getAttribute(com.kms.katalon.core.testobject.ObjectRepository.findTestObject(PharmacyRequest/Page_Store/input_txttotal), "value"): Attribute 'value' of object 'Object Repository/PharmacyRequest/Page_Store/input_txttotal' is: '10'

2018-06-09 20:51:58 - [MESSAGE][PASSED] - Attribute 'value' of object 'Object Repository/PharmacyRequest/Page_Store/input_txttotal' is: '10'

2018-06-09 20:51:58 - [TEST_STEP][PASSED] - Statement - out.println("Requested QTY : " + RequestedQty): null

2018-06-09 20:51:58 - [TEST_STEP][PASSED] - Statement - BatchNumber = com.kms.katalon.core.webui.keyword.WebUiBuiltInKeywords.getNumberOfTotalOption(com.kms.katalon.core.testobject.ObjectRepository.findTestObject(PharmacyRequest/Page_Store/select_--Select--BA50)): 3 options of object 'Object Repository/PharmacyRequest/Page_Store/select_--Select--BA50' counted

2018-06-09 20:51:58 - [MESSAGE][PASSED] - 3 options of object 'Object Repository/PharmacyRequest/Page_Store/select_--Select--BA50' counted

2018-06-09 20:51:58 - [TEST_STEP][PASSED] - Statement - For ([g = 1, g <= BatchNumber - 1, (g++)]): null

2018-06-09 20:51:58 - [TEST_STEP][PASSED] - selectOptionByIndex: All options with index in [1] are selected on object 'Object Repository/PharmacyRequest/Page_Store/select_--Select--BA50'

2018-06-09 20:51:58 - [MESSAGE][PASSED] - All options with index in [1] are selected on object 'Object Repository/PharmacyRequest/Page_Store/select_--Select--BA50'

2018-06-09 20:51:58 - [TEST_STEP][PASSED] - delay: Delayed 1 second(s)

2018-06-09 20:51:59 - [MESSAGE][PASSED] - Delayed 1 second(s)

2018-06-09 20:51:59 - [TEST_STEP][PASSED] - Statement - StockQty = com.kms.katalon.core.webui.keyword.WebUiBuiltInKeywords.getAttribute(com.kms.katalon.core.testobject.ObjectRepository.findTestObject(PharmacyRequest/Page_Store/input_txtprice), "value"): Attribute 'value' of object 'Object Repository/PharmacyRequest/Page_Store/input_txtprice' is: '450'

2018-06-09 20:51:59 - [MESSAGE][PASSED] - Attribute 'value' of object 'Object Repository/PharmacyRequest/Page_Store/input_txtprice' is: '450'

2018-06-09 20:51:59 - [TEST_STEP][PASSED] - Statement - out.println("Stock QTY : " + StockQty): null

2018-06-09 20:51:59 - [TEST_STEP][PASSED] - delay: Delayed 1 second(s)

2018-06-09 20:52:00 - [MESSAGE][PASSED] - Delayed 1 second(s)

2018-06-09 20:52:00 - [TEST_STEP][PASSED] - Statement - If (java.lang.Integer.valueOf(StockQty) >= java.lang.Integer.valueOf(RequestedQty)): null

2018-06-09 20:52:00 - [TEST_STEP][PASSED] - setText: Text '10' is set on object 'Object Repository/PharmacyRequest/Page_Store/input_txtqty'

2018-06-09 20:52:00 - [MESSAGE][PASSED] - Text '10' is set on object 'Object Repository/PharmacyRequest/Page_Store/input_txtqty'

2018-06-09 20:52:00 - [TEST_STEP][PASSED] - click: Object: 'Object Repository/PharmacyRequest/Page_Store/button_Add' is clicked on

2018-06-09 20:52:00 - [MESSAGE][PASSED] - Object: 'Object Repository/PharmacyRequest/Page_Store/button_Add' is clicked on

2018-06-09 20:52:00 - [TEST_STEP][PASSED] - Statement - Break: null

2018-06-09 20:52:00 - [TEST_STEP][PASSED] - selectOptionByIndex: All options with index in [15] are selected on object 'Object Repository/PharmacyRequest/Page_Store/select_--Select--Amlodepin -5'

2018-06-09 20:52:00 - [MESSAGE][PASSED] - All options with index in [15] are selected on object 'Object Repository/PharmacyRequest/Page_Store/select_--Select--Amlodepin -5'

2018-06-09 20:52:00 - [TEST_STEP][PASSED] - delay: Delayed 1 second(s)

2018-06-09 20:52:01 - [MESSAGE][PASSED] - Delayed 1 second(s)

2018-06-09 20:52:01 - [TEST_STEP][PASSED] - Statement - RequestedQty = com.kms.katalon.core.webui.keyword.WebUiBuiltInKeywords.getAttribute(com.kms.katalon.core.testobject.ObjectRepository.findTestObject(PharmacyRequest/Page_Store/input_txttotal), "value"): Attribute 'value' of object 'Object Repository/PharmacyRequest/Page_Store/input_txttotal' is: '10'

2018-06-09 20:52:01 - [MESSAGE][PASSED] - Attribute 'value' of object 'Object Repository/PharmacyRequest/Page_Store/input_txttotal' is: '10'

2018-06-09 20:52:01 - [TEST_STEP][PASSED] - Statement - out.println("Requested QTY : " + RequestedQty): null

2018-06-09 20:52:01 - [TEST_STEP][PASSED] - Statement - BatchNumber = com.kms.katalon.core.webui.keyword.WebUiBuiltInKeywords.getNumberOfTotalOption(com.kms.katalon.core.testobject.ObjectRepository.findTestObject(PharmacyRequest/Page_Store/select_--Select--BA50)): 2 options of object 'Object Repository/PharmacyRequest/Page_Store/select_--Select--BA50' counted

2018-06-09 20:52:01 - [MESSAGE][PASSED] - 2 options of object 'Object Repository/PharmacyRequest/Page_Store/select_--Select--BA50' counted

2018-06-09 20:52:01 - [TEST_STEP][PASSED] - Statement - For ([g = 1, g <= BatchNumber - 1, (g++)]): null

2018-06-09 20:52:01 - [TEST_STEP][PASSED] - selectOptionByIndex: All options with index in [1] are selected on object 'Object Repository/PharmacyRequest/Page_Store/select_--Select--BA50'

2018-06-09 20:52:01 - [MESSAGE][PASSED] - All options with index in [1] are selected on object 'Object Repository/PharmacyRequest/Page_Store/select_--Select--BA50'

2018-06-09 20:52:01 - [TEST_STEP][PASSED] - delay: Delayed 1 second(s)

2018-06-09 20:52:02 - [MESSAGE][PASSED] - Delayed 1 second(s)

2018-06-09 20:52:02 - [TEST_STEP][PASSED] - Statement - StockQty = com.kms.katalon.core.webui.keyword.WebUiBuiltInKeywords.getAttribute(com.kms.katalon.core.testobject.ObjectRepository.findTestObject(PharmacyRequest/Page_Store/input_txtprice), "value"): Attribute 'value' of object 'Object Repository/PharmacyRequest/Page_Store/input_txtprice' is: '2405'

2018-06-09 20:52:02 - [MESSAGE][PASSED] - Attribute 'value' of object 'Object Repository/PharmacyRequest/Page_Store/input_txtprice' is: '2405'

2018-06-09 20:52:02 - [TEST_STEP][PASSED] - Statement - out.println("Stock QTY : " + StockQty): null

2018-06-09 20:52:02 - [TEST_STEP][PASSED] - delay: Delayed 1 second(s)

2018-06-09 20:52:03 - [MESSAGE][PASSED] - Delayed 1 second(s)

2018-06-09 20:52:03 - [TEST_STEP][PASSED] - Statement - If (java.lang.Integer.valueOf(StockQty) >= java.lang.Integer.valueOf(RequestedQty)): null

2018-06-09 20:52:03 - [TEST_STEP][PASSED] - setText: Text '10' is set on object 'Object Repository/PharmacyRequest/Page_Store/input_txtqty'

2018-06-09 20:52:03 - [MESSAGE][PASSED] - Text '10' is set on object 'Object Repository/PharmacyRequest/Page_Store/input_txtqty'

2018-06-09 20:52:03 - [TEST_STEP][PASSED] - click: Object: 'Object Repository/PharmacyRequest/Page_Store/button_Add' is clicked on

2018-06-09 20:52:04 - [MESSAGE][PASSED] - Object: 'Object Repository/PharmacyRequest/Page_Store/button_Add' is clicked on

2018-06-09 20:52:04 - [TEST_STEP][PASSED] - Statement - Break: null

2018-06-09 20:52:04 - [TEST_STEP][PASSED] - selectOptionByIndex: All options with index in [16] are selected on object 'Object Repository/PharmacyRequest/Page_Store/select_--Select--Amlodepin -5'

2018-06-09 20:52:04 - [MESSAGE][PASSED] - All options with index in [16] are selected on object 'Object Repository/PharmacyRequest/Page_Store/select_--Select--Amlodepin -5'

2018-06-09 20:52:04 - [TEST_STEP][PASSED] - delay: Delayed 1 second(s)

2018-06-09 20:52:05 - [MESSAGE][PASSED] - Delayed 1 second(s)

2018-06-09 20:52:05 - [TEST_STEP][PASSED] - Statement - RequestedQty = com.kms.katalon.core.webui.keyword.WebUiBuiltInKeywords.getAttribute(com.kms.katalon.core.testobject.ObjectRepository.findTestObject(PharmacyRequest/Page_Store/input_txttotal), "value"): Attribute 'value' of object 'Object Repository/PharmacyRequest/Page_Store/input_txttotal' is: '10'

2018-06-09 20:52:05 - [MESSAGE][PASSED] - Attribute 'value' of object 'Object Repository/PharmacyRequest/Page_Store/input_txttotal' is: '10'

2018-06-09 20:52:05 - [TEST_STEP][PASSED] - Statement - out.println("Requested QTY : " + RequestedQty): null

2018-06-09 20:52:05 - [TEST_STEP][PASSED] - Statement - BatchNumber = com.kms.katalon.core.webui.keyword.WebUiBuiltInKeywords.getNumberOfTotalOption(com.kms.katalon.core.testobject.ObjectRepository.findTestObject(PharmacyRequest/Page_Store/select_--Select--BA50)): 3 options of object 'Object Repository/PharmacyRequest/Page_Store/select_--Select--BA50' counted

2018-06-09 20:52:05 - [MESSAGE][PASSED] - 3 options of object 'Object Repository/PharmacyRequest/Page_Store/select_--Select--BA50' counted

2018-06-09 20:52:05 - [TEST_STEP][PASSED] - Statement - For ([g = 1, g <= BatchNumber - 1, (g++)]): null

2018-06-09 20:52:05 - [TEST_STEP][PASSED] - selectOptionByIndex: All options with index in [1] are selected on object 'Object Repository/PharmacyRequest/Page_Store/select_--Select--BA50'

2018-06-09 20:52:05 - [MESSAGE][PASSED] - All options with index in [1] are selected on object 'Object Repository/PharmacyRequest/Page_Store/select_--Select--BA50'

2018-06-09 20:52:05 - [TEST_STEP][PASSED] - delay: Delayed 1 second(s)

2018-06-09 20:52:06 - [MESSAGE][PASSED] - Delayed 1 second(s)

2018-06-09 20:52:06 - [TEST_STEP][PASSED] - Statement - StockQty = com.kms.katalon.core.webui.keyword.WebUiBuiltInKeywords.getAttribute(com.kms.katalon.core.testobject.ObjectRepository.findTestObject(PharmacyRequest/Page_Store/input_txtprice), "value"): Attribute 'value' of object 'Object Repository/PharmacyRequest/Page_Store/input_txtprice' is: '450'

2018-06-09 20:52:06 - [MESSAGE][PASSED] - Attribute 'value' of object 'Object Repository/PharmacyRequest/Page_Store/input_txtprice' is: '450'

2018-06-09 20:52:06 - [TEST_STEP][PASSED] - Statement - out.println("Stock QTY : " + StockQty): null

2018-06-09 20:52:06 - [TEST_STEP][PASSED] - delay: Delayed 1 second(s)

2018-06-09 20:52:07 - [MESSAGE][PASSED] - Delayed 1 second(s)

2018-06-09 20:52:07 - [TEST_STEP][PASSED] - Statement - If (java.lang.Integer.valueOf(StockQty) >= java.lang.Integer.valueOf(RequestedQty)): null

2018-06-09 20:52:07 - [TEST_STEP][PASSED] - setText: Text '10' is set on object 'Object Repository/PharmacyRequest/Page_Store/input_txtqty'

2018-06-09 20:52:07 - [MESSAGE][PASSED] - Text '10' is set on object 'Object Repository/PharmacyRequest/Page_Store/input_txtqty'

2018-06-09 20:52:07 - [TEST_STEP][PASSED] - click: Object: 'Object Repository/PharmacyRequest/Page_Store/button_Add' is clicked on

2018-06-09 20:52:07 - [MESSAGE][PASSED] - Object: 'Object Repository/PharmacyRequest/Page_Store/button_Add' is clicked on

2018-06-09 20:52:07 - [TEST_STEP][PASSED] - Statement - Break: null

2018-06-09 20:52:07 - [TEST_STEP][PASSED] - selectOptionByIndex: All options with index in [17] are selected on object 'Object Repository/PharmacyRequest/Page_Store/select_--Select--Amlodepin -5'

2018-06-09 20:52:08 - [MESSAGE][PASSED] - All options with index in [17] are selected on object 'Object Repository/PharmacyRequest/Page_Store/select_--Select--Amlodepin -5'

2018-06-09 20:52:08 - [TEST_STEP][PASSED] - delay: Delayed 1 second(s)

2018-06-09 20:52:09 - [MESSAGE][PASSED] - Delayed 1 second(s)

2018-06-09 20:52:09 - [TEST_STEP][PASSED] - Statement - RequestedQty = com.kms.katalon.core.webui.keyword.WebUiBuiltInKeywords.getAttribute(com.kms.katalon.core.testobject.ObjectRepository.findTestObject(PharmacyRequest/Page_Store/input_txttotal), "value"): Attribute 'value' of object 'Object Repository/PharmacyRequest/Page_Store/input_txttotal' is: '10'

2018-06-09 20:52:09 - [MESSAGE][PASSED] - Attribute 'value' of object 'Object Repository/PharmacyRequest/Page_Store/input_txttotal' is: '10'

2018-06-09 20:52:09 - [TEST_STEP][PASSED] - Statement - out.println("Requested QTY : " + RequestedQty): null

2018-06-09 20:52:09 - [TEST_STEP][PASSED] - Statement - BatchNumber = com.kms.katalon.core.webui.keyword.WebUiBuiltInKeywords.getNumberOfTotalOption(com.kms.katalon.core.testobject.ObjectRepository.findTestObject(PharmacyRequest/Page_Store/select_--Select--BA50)): 3 options of object 'Object Repository/PharmacyRequest/Page_Store/select_--Select--BA50' counted

2018-06-09 20:52:09 - [MESSAGE][PASSED] - 3 options of object 'Object Repository/PharmacyRequest/Page_Store/select_--Select--BA50' counted

2018-06-09 20:52:09 - [TEST_STEP][PASSED] - Statement - For ([g = 1, g <= BatchNumber - 1, (g++)]): null

2018-06-09 20:52:09 - [TEST_STEP][PASSED] - selectOptionByIndex: All options with index in [1] are selected on object 'Object Repository/PharmacyRequest/Page_Store/select_--Select--BA50'

2018-06-09 20:52:09 - [MESSAGE][PASSED] - All options with index in [1] are selected on object 'Object Repository/PharmacyRequest/Page_Store/select_--Select--BA50'

2018-06-09 20:52:09 - [TEST_STEP][PASSED] - delay: Delayed 1 second(s)

2018-06-09 20:52:10 - [MESSAGE][PASSED] - Delayed 1 second(s)

2018-06-09 20:52:10 - [TEST_STEP][PASSED] - Statement - StockQty = com.kms.katalon.core.webui.keyword.WebUiBuiltInKeywords.getAttribute(com.kms.katalon.core.testobject.ObjectRepository.findTestObject(PharmacyRequest/Page_Store/input_txtprice), "value"): Attribute 'value' of object 'Object Repository/PharmacyRequest/Page_Store/input_txtprice' is: '270'

2018-06-09 20:52:10 - [MESSAGE][PASSED] - Attribute 'value' of object 'Object Repository/PharmacyRequest/Page_Store/input_txtprice' is: '270'

2018-06-09 20:52:10 - [TEST_STEP][PASSED] - Statement - out.println("Stock QTY : " + StockQty): null

2018-06-09 20:52:10 - [TEST_STEP][PASSED] - delay: Delayed 1 second(s)

2018-06-09 20:52:11 - [MESSAGE][PASSED] - Delayed 1 second(s)

2018-06-09 20:52:11 - [TEST_STEP][PASSED] - Statement - If (java.lang.Integer.valueOf(StockQty) >= java.lang.Integer.valueOf(RequestedQty)): null

2018-06-09 20:52:11 - [TEST_STEP][PASSED] - setText: Text '10' is set on object 'Object Repository/PharmacyRequest/Page_Store/input_txtqty'

2018-06-09 20:52:11 - [MESSAGE][PASSED] - Text '10' is set on object 'Object Repository/PharmacyRequest/Page_Store/input_txtqty'

2018-06-09 20:52:11 - [TEST_STEP][PASSED] - click: Object: 'Object Repository/PharmacyRequest/Page_Store/button_Add' is clicked on

2018-06-09 20:52:11 - [MESSAGE][PASSED] - Object: 'Object Repository/PharmacyRequest/Page_Store/button_Add' is clicked on

2018-06-09 20:52:11 - [TEST_STEP][PASSED] - Statement - Break: null

2018-06-09 20:52:11 - [TEST_STEP][PASSED] - selectOptionByIndex: All options with index in [18] are selected on object 'Object Repository/PharmacyRequest/Page_Store/select_--Select--Amlodepin -5'

2018-06-09 20:52:11 - [MESSAGE][PASSED] - All options with index in [18] are selected on object 'Object Repository/PharmacyRequest/Page_Store/select_--Select--Amlodepin -5'

2018-06-09 20:52:11 - [TEST_STEP][PASSED] - delay: Delayed 1 second(s)

2018-06-09 20:52:12 - [MESSAGE][PASSED] - Delayed 1 second(s)

2018-06-09 20:52:12 - [TEST_STEP][PASSED] - Statement - RequestedQty = com.kms.katalon.core.webui.keyword.WebUiBuiltInKeywords.getAttribute(com.kms.katalon.core.testobject.ObjectRepository.findTestObject(PharmacyRequest/Page_Store/input_txttotal), "value"): Attribute 'value' of object 'Object Repository/PharmacyRequest/Page_Store/input_txttotal' is: '10'

2018-06-09 20:52:12 - [MESSAGE][PASSED] - Attribute 'value' of object 'Object Repository/PharmacyRequest/Page_Store/input_txttotal' is: '10'

2018-06-09 20:52:12 - [TEST_STEP][PASSED] - Statement - out.println("Requested QTY : " + RequestedQty): null

2018-06-09 20:52:12 - [TEST_STEP][PASSED] - Statement - BatchNumber = com.kms.katalon.core.webui.keyword.WebUiBuiltInKeywords.getNumberOfTotalOption(com.kms.katalon.core.testobject.ObjectRepository.findTestObject(PharmacyRequest/Page_Store/select_--Select--BA50)): 3 options of object 'Object Repository/PharmacyRequest/Page_Store/select_--Select--BA50' counted

2018-06-09 20:52:12 - [MESSAGE][PASSED] - 3 options of object 'Object Repository/PharmacyRequest/Page_Store/select_--Select--BA50' counted

2018-06-09 20:52:12 - [TEST_STEP][PASSED] - Statement - For ([g = 1, g <= BatchNumber - 1, (g++)]): null

2018-06-09 20:52:12 - [TEST_STEP][PASSED] - selectOptionByIndex: All options with index in [1] are selected on object 'Object Repository/PharmacyRequest/Page_Store/select_--Select--BA50'

2018-06-09 20:52:12 - [MESSAGE][PASSED] - All options with index in [1] are selected on object 'Object Repository/PharmacyRequest/Page_Store/select_--Select--BA50'

2018-06-09 20:52:12 - [TEST_STEP][PASSED] - delay: Delayed 1 second(s)

2018-06-09 20:52:13 - [MESSAGE][PASSED] - Delayed 1 second(s)

2018-06-09 20:52:13 - [TEST_STEP][PASSED] - Statement - StockQty = com.kms.katalon.core.webui.keyword.WebUiBuiltInKeywords.getAttribute(com.kms.katalon.core.testobject.ObjectRepository.findTestObject(PharmacyRequest/Page_Store/input_txtprice), "value"): Attribute 'value' of object 'Object Repository/PharmacyRequest/Page_Store/input_txtprice' is: '450'

2018-06-09 20:52:13 - [MESSAGE][PASSED] - Attribute 'value' of object 'Object Repository/PharmacyRequest/Page_Store/input_txtprice' is: '450'

2018-06-09 20:52:13 - [TEST_STEP][PASSED] - Statement - out.println("Stock QTY : " + StockQty): null

2018-06-09 20:52:13 - [TEST_STEP][PASSED] - delay: Delayed 1 second(s)

2018-06-09 20:52:14 - [MESSAGE][PASSED] - Delayed 1 second(s)

2018-06-09 20:52:14 - [TEST_STEP][PASSED] - Statement - If (java.lang.Integer.valueOf(StockQty) >= java.lang.Integer.valueOf(RequestedQty)): null

2018-06-09 20:52:14 - [TEST_STEP][PASSED] - setText: Text '10' is set on object 'Object Repository/PharmacyRequest/Page_Store/input_txtqty'

2018-06-09 20:52:14 - [MESSAGE][PASSED] - Text '10' is set on object 'Object Repository/PharmacyRequest/Page_Store/input_txtqty'

2018-06-09 20:52:14 - [TEST_STEP][PASSED] - click: Object: 'Object Repository/PharmacyRequest/Page_Store/button_Add' is clicked on

2018-06-09 20:52:15 - [MESSAGE][PASSED] - Object: 'Object Repository/PharmacyRequest/Page_Store/button_Add' is clicked on

2018-06-09 20:52:15 - [TEST_STEP][PASSED] - Statement - Break: null

2018-06-09 20:52:15 - [TEST_STEP][PASSED] - scrollToElement: Scroll to object 'Object Repository/PharmacyRequest/Page_Store/input_btnSubmit' successfully

2018-06-09 20:52:15 - [MESSAGE][PASSED] - Scroll to object 'Object Repository/PharmacyRequest/Page_Store/input_btnSubmit' successfully

2018-06-09 20:52:15 - [TEST_STEP][PASSED] - click: Object: 'Object Repository/PharmacyRequest/Page_Store/input_btnSubmit' is clicked on

2018-06-09 20:52:15 - [MESSAGE][PASSED] - Object: 'Object Repository/PharmacyRequest/Page_Store/input_btnSubmit' is clicked on

2018-06-09 20:52:15 - [TEST_STEP][PASSED] - delay: Delayed 3 second(s)

2018-06-09 20:52:18 - [MESSAGE][PASSED] - Delayed 3 second(s)

2018-06-09 20:52:18 - [TEST_STEP][PASSED] - click: Object: 'Object Repository/PharmacyRequest/Page_Store/button_OK' is clicked on

2018-06-09 20:52:18 - [MESSAGE][PASSED] - Object: 'Object Repository/PharmacyRequest/Page_Store/button_OK' is clicked on

2018-06-09 20:52:18 - [TEST_STEP][PASSED] - delay: Delayed 3 second(s)

2018-06-09 20:52:21 - [MESSAGE][PASSED] - Delayed 3 second(s)

2018-06-09 20:52:21 - [TEST_STEP][PASSED] - click: Object: 'Object Repository/PharmacyRequest/Page_Store/a_dropdown-toggle' is clicked on

2018-06-09 20:52:22 - [MESSAGE][PASSED] - Object: 'Object Repository/PharmacyRequest/Page_Store/a_dropdown-toggle' is clicked on

2018-06-09 20:52:22 - [TEST_STEP][PASSED] - click: Object: 'Object Repository/PharmacyRequest/Page_Store/a_Sign out' is clicked on

2018-06-09 20:52:22 - [MESSAGE][PASSED] - Object: 'Object Repository/PharmacyRequest/Page_Store/a_Sign out' is clicked on

2018-06-09 20:52:22 - [TEST_STEP][PASSED] - closeBrowser: Browser is closed

2018-06-09 20:52:23 - [MESSAGE][PASSED] - Browser is closed

2018-06-09 20:52:23 - [TEST_STEP][PASSED] - Statement - out.println("Schedule 12 Pharmacy Request Are Working Successfully"): null]]></system-out>
         <system-err><![CDATA[]]></system-err>
      </testcase>
      <system-out><![CDATA[2018-06-09 20:15:42 - [TEST_SUITE][FAILED] - Pharmacy_Suite: Test Cases/PHARMACY TEST CASES/TC_PHAR_011 Verify Schedule 11 Pharmacy Request Are Working Successfully Or Not FAILED because (of) Unable to set text '10' of object 'Object Repository/PharmacyRequest/Page_KDMC-Pharmacy/input_txttreat' (Root cause: org.openqa.selenium.WebDriverException: unknown error: cannot focus element
  (Session info: chrome=66.0.3359.181)
  (Driver info: chromedriver=2.35.528161 (5b82f2d2aae0ca24b877009200ced9065a772e73),platform=Windows NT 10.0.17134 x86_64) (WARNING: The server did not provide any stacktrace information)
Command duration or timeout: 0 milliseconds
Build info: version: '3.7.1', revision: '8a0099a', time: '2017-11-06T21:07:36.161Z'
System info: host: 'DESKTOP-BLFTK83', ip: '169.254.189.85', os.name: 'Windows 10', os.arch: 'amd64', os.version: '10.0', java.version: '1.8.0_102'
Driver info: com.kms.katalon.selenium.driver.CChromeDriver
Capabilities {acceptInsecureCerts: false, acceptSslCerts: false, applicationCacheEnabled: false, browserConnectionEnabled: false, browserName: chrome, chrome: {chromedriverVersion: 2.35.528161 (5b82f2d2aae0ca..., userDataDir: C:\Users\QUALIT~1\AppData\L...}, cssSelectorsEnabled: true, databaseEnabled: false, handlesAlerts: true, hasTouchScreen: false, javascriptEnabled: true, locationContextEnabled: true, mobileEmulationEnabled: false, nativeEvents: true, networkConnectionEnabled: false, pageLoadStrategy: normal, platform: XP, platformName: XP, rotatable: false, setWindowRect: true, takesHeapSnapshot: true, takesScreenshot: true, unexpectedAlertBehaviour: , unhandledPromptBehavior: , version: 66.0.3359.181, webStorageEnabled: true}
Session ID: 2b3f0cf57f12398ca1e106f73593fe0e)]]></system-out>
      <system-err><![CDATA[2018-06-09 20:15:42 - [TEST_SUITE][FAILED] - Pharmacy_Suite: Test Cases/PHARMACY TEST CASES/TC_PHAR_011 Verify Schedule 11 Pharmacy Request Are Working Successfully Or Not FAILED because (of) Unable to set text '10' of object 'Object Repository/PharmacyRequest/Page_KDMC-Pharmacy/input_txttreat' (Root cause: org.openqa.selenium.WebDriverException: unknown error: cannot focus element
  (Session info: chrome=66.0.3359.181)
  (Driver info: chromedriver=2.35.528161 (5b82f2d2aae0ca24b877009200ced9065a772e73),platform=Windows NT 10.0.17134 x86_64) (WARNING: The server did not provide any stacktrace information)
Command duration or timeout: 0 milliseconds
Build info: version: '3.7.1', revision: '8a0099a', time: '2017-11-06T21:07:36.161Z'
System info: host: 'DESKTOP-BLFTK83', ip: '169.254.189.85', os.name: 'Windows 10', os.arch: 'amd64', os.version: '10.0', java.version: '1.8.0_102'
Driver info: com.kms.katalon.selenium.driver.CChromeDriver
Capabilities {acceptInsecureCerts: false, acceptSslCerts: false, applicationCacheEnabled: false, browserConnectionEnabled: false, browserName: chrome, chrome: {chromedriverVersion: 2.35.528161 (5b82f2d2aae0ca..., userDataDir: C:\Users\QUALIT~1\AppData\L...}, cssSelectorsEnabled: true, databaseEnabled: false, handlesAlerts: true, hasTouchScreen: false, javascriptEnabled: true, locationContextEnabled: true, mobileEmulationEnabled: false, nativeEvents: true, networkConnectionEnabled: false, pageLoadStrategy: normal, platform: XP, platformName: XP, rotatable: false, setWindowRect: true, takesHeapSnapshot: true, takesScreenshot: true, unexpectedAlertBehaviour: , unhandledPromptBehavior: , version: 66.0.3359.181, webStorageEnabled: true}
Session ID: 2b3f0cf57f12398ca1e106f73593fe0e)]]></system-err>
   </testsuite>
</testsuites>
