<?xml version="1.0" encoding="UTF-8"?>
<testsuites name="Inpatient_Suite" time="641" tests="2" failures="1" errors="0">
   <testsuite name="Inpatient_Suite" tests="2" failures="1" errors="0" time="641" timestamp="2018-05-22 12:49:09" hostname="Quality Analyst - DESKTOP-BLFTK83" id="Test Suites/Inpatient_Suite">
      <properties>
         <property name="deviceName" value=""/>
         <property name="devicePlatform" value=""/>
         <property name="logFolder" value="C:\\Users\\Quality Analyst\\Katalon Studio\\ds\\Reports\\Inpatient_Suite\\20180522_124858"/>
         <property name="logFiles" value="C:\\Users\\Quality Analyst\\Katalon Studio\\ds\\Reports\\Inpatient_Suite\\20180522_124858\\execution0.log"/>
         <property name="attachments" value="C:\\Users\\Quality Analyst\\Katalon Studio\\ds\\Reports\\Inpatient_Suite\\20180522_124858\\1526973814596.png"/>
         <property name="hostName" value="Quality Analyst - DESKTOP-BLFTK83"/>
         <property name="os" value="Windows 10 64bit"/>
         <property name="katalonVersion" value="5.4.1.1"/>
         <property name="browser" value="Chrome 66.0.3359.181"/>
         <property name="hostAddress" value="169.254.189.85"/>
         <property name="sessionId" value="afcb753547148fa54eef7957783dbc85"/>
         <property name="seleniumVersion" value="3.7.1"/>
         <property name="proxyInformation" value="ProxyInformation{proxyOption=NO_PROXY, proxyServerType=HTTP, password=, proxyServerAddress=, proxyServerPort=0}"/>
         <property name="platform" value="Windows 10"/>
      </properties>
      <testcase name="Test Cases/INPATIENT TEST CASES/TC_INR_001 Verify Schedule 5 Inpatient Request Are Working Successfully Or Not" classname="Test Cases/INPATIENT TEST CASES/TC_INR_001 Verify Schedule 5 Inpatient Request Are Working Successfully Or Not" status="FAILED">
         <failure type="FAILED" message="Unable to click on object 'Object Repository/Inpatient Request/Page_Store/a_dropdown-toggle' (Root cause: com.kms.katalon.core.webui.exception.WebElementNotFoundException: Web element with id: 'Object Repository/Inpatient Request/Page_Store/a_dropdown-toggle' located by 'By.xpath: /html[1]/body[@class=&quot;skin-blue  pace-done&quot;]/header[@class=&quot;header&quot;]/div[@class=&quot;row&quot;]/nav[@class=&quot;navbar navbar-static-top&quot;]/div[@class=&quot;navbar-right&quot;]/ul[@class=&quot;nav navbar-nav&quot;]/li[@class=&quot;dropdown user user-menu&quot;]/a[@class=&quot;dropdown-toggle&quot;][count(. | //*[@class = 'dropdown-toggle' and @data-toggle = 'dropdown']) = count(//*[@class = 'dropdown-toggle' and @data-toggle = 'dropdown'])]' not found)"/>
         <system-out><![CDATA[2018-05-22 12:49:09 - [TEST_CASE][FAILED] - Test Cases/INPATIENT TEST CASES/TC_INR_001 Verify Schedule 5 Inpatient Request Are Working Successfully Or Not: Test Cases/INPATIENT TEST CASES/TC_INR_001 Verify Schedule 5 Inpatient Request Are Working Successfully Or Not FAILED because (of) Unable to click on object 'Object Repository/Inpatient Request/Page_Store/a_dropdown-toggle' (Root cause: com.kms.katalon.core.webui.exception.WebElementNotFoundException: Web element with id: 'Object Repository/Inpatient Request/Page_Store/a_dropdown-toggle' located by 'By.xpath: /html[1]/body[@class="skin-blue  pace-done"]/header[@class="header"]/div[@class="row"]/nav[@class="navbar navbar-static-top"]/div[@class="navbar-right"]/ul[@class="nav navbar-nav"]/li[@class="dropdown user user-menu"]/a[@class="dropdown-toggle"][count(. | //*[@class = 'dropdown-toggle' and @data-toggle = 'dropdown']) = count(//*[@class = 'dropdown-toggle' and @data-toggle = 'dropdown'])]' not found)

2018-05-22 12:49:10 - [TEST_STEP][PASSED] - openBrowser: Browser is opened with url: ''

2018-05-22 12:49:12 - [MESSAGE][PASSED] - Browser is opened with url: ''

2018-05-22 12:49:12 - [TEST_STEP][PASSED] - Statement - out.println("Verify Schedule 5 Inpatient Request Are Working Successfully Or Not"): null

2018-05-22 12:49:12 - [TEST_STEP][PASSED] - navigateToUrl: Navigate to 'http://192.168.137.1/multihospital_new/' successfully

2018-05-22 12:49:15 - [MESSAGE][PASSED] - Navigate to 'http://192.168.137.1/multihospital_new/' successfully

2018-05-22 12:49:15 - [TEST_STEP][PASSED] - maximizeWindow: Current window maximized

2018-05-22 12:49:16 - [MESSAGE][PASSED] - Current window maximized

2018-05-22 12:49:16 - [TEST_STEP][PASSED] - delay: Delayed 2 second(s)

2018-05-22 12:49:18 - [MESSAGE][PASSED] - Delayed 2 second(s)

2018-05-22 12:49:18 - [TEST_STEP][PASSED] - click: Object: 'Object Repository/Inpatient Request/Page_KDMC/a_In Patient' is clicked on

2018-05-22 12:49:19 - [MESSAGE][PASSED] - Object: 'Object Repository/Inpatient Request/Page_KDMC/a_In Patient' is clicked on

2018-05-22 12:49:19 - [TEST_STEP][PASSED] - setText: Text 'brintha' is set on object 'Object Repository/Inpatient Request/Page_INPATIENT LOGIN/input_txtusername'

2018-05-22 12:49:19 - [MESSAGE][PASSED] - Text 'brintha' is set on object 'Object Repository/Inpatient Request/Page_INPATIENT LOGIN/input_txtusername'

2018-05-22 12:49:19 - [TEST_STEP][PASSED] - setText: Text '123' is set on object 'Object Repository/Inpatient Request/Page_INPATIENT LOGIN/input_txtpassword'

2018-05-22 12:49:19 - [MESSAGE][PASSED] - Text '123' is set on object 'Object Repository/Inpatient Request/Page_INPATIENT LOGIN/input_txtpassword'

2018-05-22 12:49:19 - [TEST_STEP][PASSED] - delay: Delayed 3 second(s)

2018-05-22 12:49:22 - [MESSAGE][PASSED] - Delayed 3 second(s)

2018-05-22 12:49:22 - [TEST_STEP][PASSED] - click: Object: 'Object Repository/Inpatient Request/Page_INPATIENT LOGIN/button_Sign in' is clicked on

2018-05-22 12:49:23 - [MESSAGE][PASSED] - Object: 'Object Repository/Inpatient Request/Page_INPATIENT LOGIN/button_Sign in' is clicked on

2018-05-22 12:49:23 - [TEST_STEP][PASSED] - delay: Delayed 3 second(s)

2018-05-22 12:49:26 - [MESSAGE][PASSED] - Delayed 3 second(s)

2018-05-22 12:49:26 - [TEST_STEP][PASSED] - scrollToPosition: Browser is scrolled to position x = 300, y = 300

2018-05-22 12:49:26 - [MESSAGE][PASSED] - Browser is scrolled to position x = 300, y = 300

2018-05-22 12:49:26 - [TEST_STEP][PASSED] - delay: Delayed 2 second(s)

2018-05-22 12:49:28 - [MESSAGE][PASSED] - Delayed 2 second(s)

2018-05-22 12:49:28 - [TEST_STEP][PASSED] - navigateToUrl: Navigate to 'http://192.168.137.1/Multihospital_New/StoresRequest.aspx' successfully

2018-05-22 12:49:29 - [MESSAGE][PASSED] - Navigate to 'http://192.168.137.1/Multihospital_New/StoresRequest.aspx' successfully

2018-05-22 12:49:29 - [TEST_STEP][PASSED] - delay: Delayed 3 second(s)

2018-05-22 12:49:32 - [MESSAGE][PASSED] - Delayed 3 second(s)

2018-05-22 12:49:32 - [TEST_STEP][PASSED] - refresh: Refresh successfully

2018-05-22 12:49:33 - [MESSAGE][PASSED] - Refresh successfully

2018-05-22 12:49:33 - [TEST_STEP][PASSED] - delay: Delayed 3 second(s)

2018-05-22 12:49:36 - [MESSAGE][PASSED] - Delayed 3 second(s)

2018-05-22 12:49:36 - [TEST_STEP][PASSED] - selectOptionByIndex: All options with index in [1] are selected on object 'Object Repository/Inpatient Request/Page_KDMC/select_--Select--ChildrensGene'

2018-05-22 12:49:36 - [MESSAGE][PASSED] - All options with index in [1] are selected on object 'Object Repository/Inpatient Request/Page_KDMC/select_--Select--ChildrensGene'

2018-05-22 12:49:36 - [TEST_STEP][PASSED] - Statement - Inpatient_RequestNumber = com.kms.katalon.core.webui.keyword.WebUiBuiltInKeywords.getAttribute(com.kms.katalon.core.testobject.ObjectRepository.findTestObject(Inpatient Request/Page_KDMC/input_txtno), "value"): Attribute 'value' of object 'Object Repository/Inpatient Request/Page_KDMC/input_txtno' is: 'RNO/22052018/156'

2018-05-22 12:49:36 - [MESSAGE][PASSED] - Attribute 'value' of object 'Object Repository/Inpatient Request/Page_KDMC/input_txtno' is: 'RNO/22052018/156'

2018-05-22 12:49:36 - [TEST_STEP][PASSED] - Statement - RequestNo = Inpatient_RequestNumber.split("/")[2]: null

2018-05-22 12:49:36 - [TEST_STEP][PASSED] - Statement - out.println("RqID : " + RequestNo): null

2018-05-22 12:49:36 - [TEST_STEP][PASSED] - selectOptionByIndex: All options with index in [1] are selected on object 'Object Repository/Inpatient Request/Page_KDMC/select_--Select--Schedule 5Dru'

2018-05-22 12:49:36 - [MESSAGE][PASSED] - All options with index in [1] are selected on object 'Object Repository/Inpatient Request/Page_KDMC/select_--Select--Schedule 5Dru'

2018-05-22 12:49:36 - [TEST_STEP][PASSED] - Statement - selectedoptions = com.kms.katalon.core.webui.keyword.WebUiBuiltInKeywords.getNumberOfTotalOption(com.kms.katalon.core.testobject.ObjectRepository.findTestObject(Inpatient Request/Page_KDMC/select_--Select--Alcohol Rub i)): 17 options of object 'Object Repository/Inpatient Request/Page_KDMC/select_--Select--Alcohol Rub i' counted

2018-05-22 12:49:36 - [MESSAGE][PASSED] - 17 options of object 'Object Repository/Inpatient Request/Page_KDMC/select_--Select--Alcohol Rub i' counted

2018-05-22 12:49:36 - [TEST_STEP][PASSED] - Statement - For ([i = 1, i < selectedoptions, (i++)]): Object: 'Object Repository/Inpatient Request/Page_KDMC/button_Add' is clicked on

2018-05-22 12:49:36 - [TEST_STEP][PASSED] - selectOptionByIndex: All options with index in [1] are selected on object 'Object Repository/Inpatient Request/Page_KDMC/select_--Select--Schedule 5Dru'

2018-05-22 12:49:36 - [MESSAGE][PASSED] - All options with index in [1] are selected on object 'Object Repository/Inpatient Request/Page_KDMC/select_--Select--Schedule 5Dru'

2018-05-22 12:49:36 - [TEST_STEP][PASSED] - selectOptionByIndex: All options with index in [1] are selected on object 'Object Repository/Inpatient Request/Page_KDMC/select_--Select--Alcohol Rub i'

2018-05-22 12:49:37 - [MESSAGE][PASSED] - All options with index in [1] are selected on object 'Object Repository/Inpatient Request/Page_KDMC/select_--Select--Alcohol Rub i'

2018-05-22 12:49:37 - [TEST_STEP][PASSED] - setText: Text '5' is set on object 'Object Repository/Inpatient Request/Page_KDMC/input_txttreat'

2018-05-22 12:49:37 - [MESSAGE][PASSED] - Text '5' is set on object 'Object Repository/Inpatient Request/Page_KDMC/input_txttreat'

2018-05-22 12:49:37 - [TEST_STEP][PASSED] - click: Object: 'Object Repository/Inpatient Request/Page_KDMC/button_Add' is clicked on

2018-05-22 12:49:37 - [MESSAGE][PASSED] - Object: 'Object Repository/Inpatient Request/Page_KDMC/button_Add' is clicked on

2018-05-22 12:49:37 - [TEST_STEP][PASSED] - selectOptionByIndex: All options with index in [1] are selected on object 'Object Repository/Inpatient Request/Page_KDMC/select_--Select--Schedule 5Dru'

2018-05-22 12:49:37 - [MESSAGE][PASSED] - All options with index in [1] are selected on object 'Object Repository/Inpatient Request/Page_KDMC/select_--Select--Schedule 5Dru'

2018-05-22 12:49:37 - [TEST_STEP][PASSED] - selectOptionByIndex: All options with index in [2] are selected on object 'Object Repository/Inpatient Request/Page_KDMC/select_--Select--Alcohol Rub i'

2018-05-22 12:49:37 - [MESSAGE][PASSED] - All options with index in [2] are selected on object 'Object Repository/Inpatient Request/Page_KDMC/select_--Select--Alcohol Rub i'

2018-05-22 12:49:37 - [TEST_STEP][PASSED] - setText: Text '5' is set on object 'Object Repository/Inpatient Request/Page_KDMC/input_txttreat'

2018-05-22 12:49:37 - [MESSAGE][PASSED] - Text '5' is set on object 'Object Repository/Inpatient Request/Page_KDMC/input_txttreat'

2018-05-22 12:49:37 - [TEST_STEP][PASSED] - click: Object: 'Object Repository/Inpatient Request/Page_KDMC/button_Add' is clicked on

2018-05-22 12:49:37 - [MESSAGE][PASSED] - Object: 'Object Repository/Inpatient Request/Page_KDMC/button_Add' is clicked on

2018-05-22 12:49:37 - [TEST_STEP][PASSED] - selectOptionByIndex: All options with index in [1] are selected on object 'Object Repository/Inpatient Request/Page_KDMC/select_--Select--Schedule 5Dru'

2018-05-22 12:49:37 - [MESSAGE][PASSED] - All options with index in [1] are selected on object 'Object Repository/Inpatient Request/Page_KDMC/select_--Select--Schedule 5Dru'

2018-05-22 12:49:37 - [TEST_STEP][PASSED] - selectOptionByIndex: All options with index in [3] are selected on object 'Object Repository/Inpatient Request/Page_KDMC/select_--Select--Alcohol Rub i'

2018-05-22 12:49:38 - [MESSAGE][PASSED] - All options with index in [3] are selected on object 'Object Repository/Inpatient Request/Page_KDMC/select_--Select--Alcohol Rub i'

2018-05-22 12:49:38 - [TEST_STEP][PASSED] - setText: Text '5' is set on object 'Object Repository/Inpatient Request/Page_KDMC/input_txttreat'

2018-05-22 12:49:38 - [MESSAGE][PASSED] - Text '5' is set on object 'Object Repository/Inpatient Request/Page_KDMC/input_txttreat'

2018-05-22 12:49:38 - [TEST_STEP][PASSED] - click: Object: 'Object Repository/Inpatient Request/Page_KDMC/button_Add' is clicked on

2018-05-22 12:49:38 - [MESSAGE][PASSED] - Object: 'Object Repository/Inpatient Request/Page_KDMC/button_Add' is clicked on

2018-05-22 12:49:38 - [TEST_STEP][PASSED] - selectOptionByIndex: All options with index in [1] are selected on object 'Object Repository/Inpatient Request/Page_KDMC/select_--Select--Schedule 5Dru'

2018-05-22 12:49:38 - [MESSAGE][PASSED] - All options with index in [1] are selected on object 'Object Repository/Inpatient Request/Page_KDMC/select_--Select--Schedule 5Dru'

2018-05-22 12:49:38 - [TEST_STEP][PASSED] - selectOptionByIndex: All options with index in [4] are selected on object 'Object Repository/Inpatient Request/Page_KDMC/select_--Select--Alcohol Rub i'

2018-05-22 12:49:38 - [MESSAGE][PASSED] - All options with index in [4] are selected on object 'Object Repository/Inpatient Request/Page_KDMC/select_--Select--Alcohol Rub i'

2018-05-22 12:49:38 - [TEST_STEP][PASSED] - setText: Text '5' is set on object 'Object Repository/Inpatient Request/Page_KDMC/input_txttreat'

2018-05-22 12:49:38 - [MESSAGE][PASSED] - Text '5' is set on object 'Object Repository/Inpatient Request/Page_KDMC/input_txttreat'

2018-05-22 12:49:38 - [TEST_STEP][PASSED] - click: Object: 'Object Repository/Inpatient Request/Page_KDMC/button_Add' is clicked on

2018-05-22 12:49:38 - [MESSAGE][PASSED] - Object: 'Object Repository/Inpatient Request/Page_KDMC/button_Add' is clicked on

2018-05-22 12:49:38 - [TEST_STEP][PASSED] - selectOptionByIndex: All options with index in [1] are selected on object 'Object Repository/Inpatient Request/Page_KDMC/select_--Select--Schedule 5Dru'

2018-05-22 12:49:38 - [MESSAGE][PASSED] - All options with index in [1] are selected on object 'Object Repository/Inpatient Request/Page_KDMC/select_--Select--Schedule 5Dru'

2018-05-22 12:49:38 - [TEST_STEP][PASSED] - selectOptionByIndex: All options with index in [5] are selected on object 'Object Repository/Inpatient Request/Page_KDMC/select_--Select--Alcohol Rub i'

2018-05-22 12:49:38 - [MESSAGE][PASSED] - All options with index in [5] are selected on object 'Object Repository/Inpatient Request/Page_KDMC/select_--Select--Alcohol Rub i'

2018-05-22 12:49:38 - [TEST_STEP][PASSED] - setText: Text '5' is set on object 'Object Repository/Inpatient Request/Page_KDMC/input_txttreat'

2018-05-22 12:49:38 - [MESSAGE][PASSED] - Text '5' is set on object 'Object Repository/Inpatient Request/Page_KDMC/input_txttreat'

2018-05-22 12:49:39 - [TEST_STEP][PASSED] - click: Object: 'Object Repository/Inpatient Request/Page_KDMC/button_Add' is clicked on

2018-05-22 12:49:39 - [MESSAGE][PASSED] - Object: 'Object Repository/Inpatient Request/Page_KDMC/button_Add' is clicked on

2018-05-22 12:49:39 - [TEST_STEP][PASSED] - selectOptionByIndex: All options with index in [1] are selected on object 'Object Repository/Inpatient Request/Page_KDMC/select_--Select--Schedule 5Dru'

2018-05-22 12:49:39 - [MESSAGE][PASSED] - All options with index in [1] are selected on object 'Object Repository/Inpatient Request/Page_KDMC/select_--Select--Schedule 5Dru'

2018-05-22 12:49:39 - [TEST_STEP][PASSED] - selectOptionByIndex: All options with index in [6] are selected on object 'Object Repository/Inpatient Request/Page_KDMC/select_--Select--Alcohol Rub i'

2018-05-22 12:49:39 - [MESSAGE][PASSED] - All options with index in [6] are selected on object 'Object Repository/Inpatient Request/Page_KDMC/select_--Select--Alcohol Rub i'

2018-05-22 12:49:39 - [TEST_STEP][PASSED] - setText: Text '5' is set on object 'Object Repository/Inpatient Request/Page_KDMC/input_txttreat'

2018-05-22 12:49:39 - [MESSAGE][PASSED] - Text '5' is set on object 'Object Repository/Inpatient Request/Page_KDMC/input_txttreat'

2018-05-22 12:49:39 - [TEST_STEP][PASSED] - click: Object: 'Object Repository/Inpatient Request/Page_KDMC/button_Add' is clicked on

2018-05-22 12:49:39 - [MESSAGE][PASSED] - Object: 'Object Repository/Inpatient Request/Page_KDMC/button_Add' is clicked on

2018-05-22 12:49:39 - [TEST_STEP][PASSED] - selectOptionByIndex: All options with index in [1] are selected on object 'Object Repository/Inpatient Request/Page_KDMC/select_--Select--Schedule 5Dru'

2018-05-22 12:49:39 - [MESSAGE][PASSED] - All options with index in [1] are selected on object 'Object Repository/Inpatient Request/Page_KDMC/select_--Select--Schedule 5Dru'

2018-05-22 12:49:39 - [TEST_STEP][PASSED] - selectOptionByIndex: All options with index in [7] are selected on object 'Object Repository/Inpatient Request/Page_KDMC/select_--Select--Alcohol Rub i'

2018-05-22 12:49:39 - [MESSAGE][PASSED] - All options with index in [7] are selected on object 'Object Repository/Inpatient Request/Page_KDMC/select_--Select--Alcohol Rub i'

2018-05-22 12:49:39 - [TEST_STEP][PASSED] - setText: Text '5' is set on object 'Object Repository/Inpatient Request/Page_KDMC/input_txttreat'

2018-05-22 12:49:39 - [MESSAGE][PASSED] - Text '5' is set on object 'Object Repository/Inpatient Request/Page_KDMC/input_txttreat'

2018-05-22 12:49:39 - [TEST_STEP][PASSED] - click: Object: 'Object Repository/Inpatient Request/Page_KDMC/button_Add' is clicked on

2018-05-22 12:49:40 - [MESSAGE][PASSED] - Object: 'Object Repository/Inpatient Request/Page_KDMC/button_Add' is clicked on

2018-05-22 12:49:40 - [TEST_STEP][PASSED] - selectOptionByIndex: All options with index in [1] are selected on object 'Object Repository/Inpatient Request/Page_KDMC/select_--Select--Schedule 5Dru'

2018-05-22 12:49:40 - [MESSAGE][PASSED] - All options with index in [1] are selected on object 'Object Repository/Inpatient Request/Page_KDMC/select_--Select--Schedule 5Dru'

2018-05-22 12:49:40 - [TEST_STEP][PASSED] - selectOptionByIndex: All options with index in [8] are selected on object 'Object Repository/Inpatient Request/Page_KDMC/select_--Select--Alcohol Rub i'

2018-05-22 12:49:40 - [MESSAGE][PASSED] - All options with index in [8] are selected on object 'Object Repository/Inpatient Request/Page_KDMC/select_--Select--Alcohol Rub i'

2018-05-22 12:49:40 - [TEST_STEP][PASSED] - setText: Text '5' is set on object 'Object Repository/Inpatient Request/Page_KDMC/input_txttreat'

2018-05-22 12:49:40 - [MESSAGE][PASSED] - Text '5' is set on object 'Object Repository/Inpatient Request/Page_KDMC/input_txttreat'

2018-05-22 12:49:40 - [TEST_STEP][PASSED] - click: Object: 'Object Repository/Inpatient Request/Page_KDMC/button_Add' is clicked on

2018-05-22 12:49:40 - [MESSAGE][PASSED] - Object: 'Object Repository/Inpatient Request/Page_KDMC/button_Add' is clicked on

2018-05-22 12:49:40 - [TEST_STEP][PASSED] - selectOptionByIndex: All options with index in [1] are selected on object 'Object Repository/Inpatient Request/Page_KDMC/select_--Select--Schedule 5Dru'

2018-05-22 12:49:40 - [MESSAGE][PASSED] - All options with index in [1] are selected on object 'Object Repository/Inpatient Request/Page_KDMC/select_--Select--Schedule 5Dru'

2018-05-22 12:49:40 - [TEST_STEP][PASSED] - selectOptionByIndex: All options with index in [9] are selected on object 'Object Repository/Inpatient Request/Page_KDMC/select_--Select--Alcohol Rub i'

2018-05-22 12:49:40 - [MESSAGE][PASSED] - All options with index in [9] are selected on object 'Object Repository/Inpatient Request/Page_KDMC/select_--Select--Alcohol Rub i'

2018-05-22 12:49:40 - [TEST_STEP][PASSED] - setText: Text '5' is set on object 'Object Repository/Inpatient Request/Page_KDMC/input_txttreat'

2018-05-22 12:49:40 - [MESSAGE][PASSED] - Text '5' is set on object 'Object Repository/Inpatient Request/Page_KDMC/input_txttreat'

2018-05-22 12:49:40 - [TEST_STEP][PASSED] - click: Object: 'Object Repository/Inpatient Request/Page_KDMC/button_Add' is clicked on

2018-05-22 12:49:41 - [MESSAGE][PASSED] - Object: 'Object Repository/Inpatient Request/Page_KDMC/button_Add' is clicked on

2018-05-22 12:49:41 - [TEST_STEP][PASSED] - selectOptionByIndex: All options with index in [1] are selected on object 'Object Repository/Inpatient Request/Page_KDMC/select_--Select--Schedule 5Dru'

2018-05-22 12:49:41 - [MESSAGE][PASSED] - All options with index in [1] are selected on object 'Object Repository/Inpatient Request/Page_KDMC/select_--Select--Schedule 5Dru'

2018-05-22 12:49:41 - [TEST_STEP][PASSED] - selectOptionByIndex: All options with index in [10] are selected on object 'Object Repository/Inpatient Request/Page_KDMC/select_--Select--Alcohol Rub i'

2018-05-22 12:49:41 - [MESSAGE][PASSED] - All options with index in [10] are selected on object 'Object Repository/Inpatient Request/Page_KDMC/select_--Select--Alcohol Rub i'

2018-05-22 12:49:41 - [TEST_STEP][PASSED] - setText: Text '5' is set on object 'Object Repository/Inpatient Request/Page_KDMC/input_txttreat'

2018-05-22 12:49:41 - [MESSAGE][PASSED] - Text '5' is set on object 'Object Repository/Inpatient Request/Page_KDMC/input_txttreat'

2018-05-22 12:49:41 - [TEST_STEP][PASSED] - click: Object: 'Object Repository/Inpatient Request/Page_KDMC/button_Add' is clicked on

2018-05-22 12:49:41 - [MESSAGE][PASSED] - Object: 'Object Repository/Inpatient Request/Page_KDMC/button_Add' is clicked on

2018-05-22 12:49:41 - [TEST_STEP][PASSED] - selectOptionByIndex: All options with index in [1] are selected on object 'Object Repository/Inpatient Request/Page_KDMC/select_--Select--Schedule 5Dru'

2018-05-22 12:49:41 - [MESSAGE][PASSED] - All options with index in [1] are selected on object 'Object Repository/Inpatient Request/Page_KDMC/select_--Select--Schedule 5Dru'

2018-05-22 12:49:41 - [TEST_STEP][PASSED] - selectOptionByIndex: All options with index in [11] are selected on object 'Object Repository/Inpatient Request/Page_KDMC/select_--Select--Alcohol Rub i'

2018-05-22 12:49:41 - [MESSAGE][PASSED] - All options with index in [11] are selected on object 'Object Repository/Inpatient Request/Page_KDMC/select_--Select--Alcohol Rub i'

2018-05-22 12:49:41 - [TEST_STEP][PASSED] - setText: Text '5' is set on object 'Object Repository/Inpatient Request/Page_KDMC/input_txttreat'

2018-05-22 12:49:41 - [MESSAGE][PASSED] - Text '5' is set on object 'Object Repository/Inpatient Request/Page_KDMC/input_txttreat'

2018-05-22 12:49:41 - [TEST_STEP][PASSED] - click: Object: 'Object Repository/Inpatient Request/Page_KDMC/button_Add' is clicked on

2018-05-22 12:49:42 - [MESSAGE][PASSED] - Object: 'Object Repository/Inpatient Request/Page_KDMC/button_Add' is clicked on

2018-05-22 12:49:42 - [TEST_STEP][PASSED] - selectOptionByIndex: All options with index in [1] are selected on object 'Object Repository/Inpatient Request/Page_KDMC/select_--Select--Schedule 5Dru'

2018-05-22 12:49:42 - [MESSAGE][PASSED] - All options with index in [1] are selected on object 'Object Repository/Inpatient Request/Page_KDMC/select_--Select--Schedule 5Dru'

2018-05-22 12:49:42 - [TEST_STEP][PASSED] - selectOptionByIndex: All options with index in [12] are selected on object 'Object Repository/Inpatient Request/Page_KDMC/select_--Select--Alcohol Rub i'

2018-05-22 12:49:42 - [MESSAGE][PASSED] - All options with index in [12] are selected on object 'Object Repository/Inpatient Request/Page_KDMC/select_--Select--Alcohol Rub i'

2018-05-22 12:49:42 - [TEST_STEP][PASSED] - setText: Text '5' is set on object 'Object Repository/Inpatient Request/Page_KDMC/input_txttreat'

2018-05-22 12:49:42 - [MESSAGE][PASSED] - Text '5' is set on object 'Object Repository/Inpatient Request/Page_KDMC/input_txttreat'

2018-05-22 12:49:42 - [TEST_STEP][PASSED] - click: Object: 'Object Repository/Inpatient Request/Page_KDMC/button_Add' is clicked on

2018-05-22 12:49:42 - [MESSAGE][PASSED] - Object: 'Object Repository/Inpatient Request/Page_KDMC/button_Add' is clicked on

2018-05-22 12:49:42 - [TEST_STEP][PASSED] - selectOptionByIndex: All options with index in [1] are selected on object 'Object Repository/Inpatient Request/Page_KDMC/select_--Select--Schedule 5Dru'

2018-05-22 12:49:42 - [MESSAGE][PASSED] - All options with index in [1] are selected on object 'Object Repository/Inpatient Request/Page_KDMC/select_--Select--Schedule 5Dru'

2018-05-22 12:49:42 - [TEST_STEP][PASSED] - selectOptionByIndex: All options with index in [13] are selected on object 'Object Repository/Inpatient Request/Page_KDMC/select_--Select--Alcohol Rub i'

2018-05-22 12:49:42 - [MESSAGE][PASSED] - All options with index in [13] are selected on object 'Object Repository/Inpatient Request/Page_KDMC/select_--Select--Alcohol Rub i'

2018-05-22 12:49:42 - [TEST_STEP][PASSED] - setText: Text '5' is set on object 'Object Repository/Inpatient Request/Page_KDMC/input_txttreat'

2018-05-22 12:49:43 - [MESSAGE][PASSED] - Text '5' is set on object 'Object Repository/Inpatient Request/Page_KDMC/input_txttreat'

2018-05-22 12:49:43 - [TEST_STEP][PASSED] - click: Object: 'Object Repository/Inpatient Request/Page_KDMC/button_Add' is clicked on

2018-05-22 12:49:43 - [MESSAGE][PASSED] - Object: 'Object Repository/Inpatient Request/Page_KDMC/button_Add' is clicked on

2018-05-22 12:49:43 - [TEST_STEP][PASSED] - selectOptionByIndex: All options with index in [1] are selected on object 'Object Repository/Inpatient Request/Page_KDMC/select_--Select--Schedule 5Dru'

2018-05-22 12:49:43 - [MESSAGE][PASSED] - All options with index in [1] are selected on object 'Object Repository/Inpatient Request/Page_KDMC/select_--Select--Schedule 5Dru'

2018-05-22 12:49:43 - [TEST_STEP][PASSED] - selectOptionByIndex: All options with index in [14] are selected on object 'Object Repository/Inpatient Request/Page_KDMC/select_--Select--Alcohol Rub i'

2018-05-22 12:49:43 - [MESSAGE][PASSED] - All options with index in [14] are selected on object 'Object Repository/Inpatient Request/Page_KDMC/select_--Select--Alcohol Rub i'

2018-05-22 12:49:43 - [TEST_STEP][PASSED] - setText: Text '5' is set on object 'Object Repository/Inpatient Request/Page_KDMC/input_txttreat'

2018-05-22 12:49:43 - [MESSAGE][PASSED] - Text '5' is set on object 'Object Repository/Inpatient Request/Page_KDMC/input_txttreat'

2018-05-22 12:49:43 - [TEST_STEP][PASSED] - click: Object: 'Object Repository/Inpatient Request/Page_KDMC/button_Add' is clicked on

2018-05-22 12:49:43 - [MESSAGE][PASSED] - Object: 'Object Repository/Inpatient Request/Page_KDMC/button_Add' is clicked on

2018-05-22 12:49:43 - [TEST_STEP][PASSED] - selectOptionByIndex: All options with index in [1] are selected on object 'Object Repository/Inpatient Request/Page_KDMC/select_--Select--Schedule 5Dru'

2018-05-22 12:49:43 - [MESSAGE][PASSED] - All options with index in [1] are selected on object 'Object Repository/Inpatient Request/Page_KDMC/select_--Select--Schedule 5Dru'

2018-05-22 12:49:43 - [TEST_STEP][PASSED] - selectOptionByIndex: All options with index in [15] are selected on object 'Object Repository/Inpatient Request/Page_KDMC/select_--Select--Alcohol Rub i'

2018-05-22 12:49:44 - [MESSAGE][PASSED] - All options with index in [15] are selected on object 'Object Repository/Inpatient Request/Page_KDMC/select_--Select--Alcohol Rub i'

2018-05-22 12:49:44 - [TEST_STEP][PASSED] - setText: Text '5' is set on object 'Object Repository/Inpatient Request/Page_KDMC/input_txttreat'

2018-05-22 12:49:44 - [MESSAGE][PASSED] - Text '5' is set on object 'Object Repository/Inpatient Request/Page_KDMC/input_txttreat'

2018-05-22 12:49:44 - [TEST_STEP][PASSED] - click: Object: 'Object Repository/Inpatient Request/Page_KDMC/button_Add' is clicked on

2018-05-22 12:49:44 - [MESSAGE][PASSED] - Object: 'Object Repository/Inpatient Request/Page_KDMC/button_Add' is clicked on

2018-05-22 12:49:44 - [TEST_STEP][PASSED] - selectOptionByIndex: All options with index in [1] are selected on object 'Object Repository/Inpatient Request/Page_KDMC/select_--Select--Schedule 5Dru'

2018-05-22 12:49:44 - [MESSAGE][PASSED] - All options with index in [1] are selected on object 'Object Repository/Inpatient Request/Page_KDMC/select_--Select--Schedule 5Dru'

2018-05-22 12:49:44 - [TEST_STEP][PASSED] - selectOptionByIndex: All options with index in [16] are selected on object 'Object Repository/Inpatient Request/Page_KDMC/select_--Select--Alcohol Rub i'

2018-05-22 12:49:44 - [MESSAGE][PASSED] - All options with index in [16] are selected on object 'Object Repository/Inpatient Request/Page_KDMC/select_--Select--Alcohol Rub i'

2018-05-22 12:49:44 - [TEST_STEP][PASSED] - setText: Text '5' is set on object 'Object Repository/Inpatient Request/Page_KDMC/input_txttreat'

2018-05-22 12:49:44 - [MESSAGE][PASSED] - Text '5' is set on object 'Object Repository/Inpatient Request/Page_KDMC/input_txttreat'

2018-05-22 12:49:44 - [TEST_STEP][PASSED] - click: Object: 'Object Repository/Inpatient Request/Page_KDMC/button_Add' is clicked on

2018-05-22 12:49:44 - [MESSAGE][PASSED] - Object: 'Object Repository/Inpatient Request/Page_KDMC/button_Add' is clicked on

2018-05-22 12:49:44 - [TEST_STEP][PASSED] - scrollToElement: Scroll to object 'Object Repository/Inpatient Request/Page_KDMC/input_btnsave' successfully

2018-05-22 12:49:44 - [MESSAGE][PASSED] - Scroll to object 'Object Repository/Inpatient Request/Page_KDMC/input_btnsave' successfully

2018-05-22 12:49:44 - [TEST_STEP][PASSED] - click: Object: 'Object Repository/Inpatient Request/Page_KDMC/input_btnsave' is clicked on

2018-05-22 12:49:44 - [MESSAGE][PASSED] - Object: 'Object Repository/Inpatient Request/Page_KDMC/input_btnsave' is clicked on

2018-05-22 12:49:44 - [TEST_STEP][PASSED] - delay: Delayed 3 second(s)

2018-05-22 12:49:47 - [MESSAGE][PASSED] - Delayed 3 second(s)

2018-05-22 12:49:47 - [TEST_STEP][PASSED] - click: Object: 'Object Repository/Inpatient Request/Page_KDMC/button_OK' is clicked on

2018-05-22 12:49:48 - [MESSAGE][PASSED] - Object: 'Object Repository/Inpatient Request/Page_KDMC/button_OK' is clicked on

2018-05-22 12:49:48 - [TEST_STEP][PASSED] - delay: Delayed 3 second(s)

2018-05-22 12:49:51 - [MESSAGE][PASSED] - Delayed 3 second(s)

2018-05-22 12:49:51 - [TEST_STEP][PASSED] - click: Object: 'Object Repository/Inpatient Request/Page_KDMC/a_dropdown-toggle' is clicked on

2018-05-22 12:49:51 - [MESSAGE][PASSED] - Object: 'Object Repository/Inpatient Request/Page_KDMC/a_dropdown-toggle' is clicked on

2018-05-22 12:49:51 - [TEST_STEP][PASSED] - click: Object: 'Object Repository/Inpatient Request/Page_KDMC/a_Sign out' is clicked on

2018-05-22 12:49:52 - [MESSAGE][PASSED] - Object: 'Object Repository/Inpatient Request/Page_KDMC/a_Sign out' is clicked on

2018-05-22 12:49:52 - [TEST_STEP][PASSED] - delay: Delayed 3 second(s)

2018-05-22 12:49:55 - [MESSAGE][PASSED] - Delayed 3 second(s)

2018-05-22 12:49:55 - [TEST_STEP][PASSED] - click: Object: 'Object Repository/Inpatient Request/Page_KDMC/a_CMO' is clicked on

2018-05-22 12:49:56 - [MESSAGE][PASSED] - Object: 'Object Repository/Inpatient Request/Page_KDMC/a_CMO' is clicked on

2018-05-22 12:49:56 - [TEST_STEP][PASSED] - setText: Text 'guru' is set on object 'Object Repository/Inpatient Request/Page_CMO login/input_txtusername'

2018-05-22 12:49:56 - [MESSAGE][PASSED] - Text 'guru' is set on object 'Object Repository/Inpatient Request/Page_CMO login/input_txtusername'

2018-05-22 12:49:56 - [TEST_STEP][PASSED] - setText: Text '123' is set on object 'Object Repository/Inpatient Request/Page_CMO login/input_txtpassword'

2018-05-22 12:49:56 - [MESSAGE][PASSED] - Text '123' is set on object 'Object Repository/Inpatient Request/Page_CMO login/input_txtpassword'

2018-05-22 12:49:56 - [TEST_STEP][PASSED] - delay: Delayed 3 second(s)

2018-05-22 12:49:59 - [MESSAGE][PASSED] - Delayed 3 second(s)

2018-05-22 12:49:59 - [TEST_STEP][PASSED] - click: Object: 'Object Repository/Inpatient Request/Page_CMO login/button_Sign in' is clicked on

2018-05-22 12:49:59 - [MESSAGE][PASSED] - Object: 'Object Repository/Inpatient Request/Page_CMO login/button_Sign in' is clicked on

2018-05-22 12:49:59 - [TEST_STEP][PASSED] - delay: Delayed 3 second(s)

2018-05-22 12:50:02 - [MESSAGE][PASSED] - Delayed 3 second(s)

2018-05-22 12:50:02 - [TEST_STEP][PASSED] - click: Object: 'Object Repository/Inpatient Request/Page_KDMC - CMO/a_Department Wise Request' is clicked on

2018-05-22 12:50:03 - [MESSAGE][PASSED] - Object: 'Object Repository/Inpatient Request/Page_KDMC - CMO/a_Department Wise Request' is clicked on

2018-05-22 12:50:03 - [TEST_STEP][PASSED] - delay: Delayed 2 second(s)

2018-05-22 12:50:05 - [MESSAGE][PASSED] - Delayed 2 second(s)

2018-05-22 12:50:05 - [TEST_STEP][PASSED] - selectOptionByIndex: All options with index in [1] are selected on object 'Object Repository/Inpatient Request/Page_KDMC - CMO/select_--ALL--'

2018-05-22 12:50:05 - [MESSAGE][PASSED] - All options with index in [1] are selected on object 'Object Repository/Inpatient Request/Page_KDMC - CMO/select_--ALL--'

2018-05-22 12:50:05 - [TEST_STEP][PASSED] - selectOptionByIndex: All options with index in [1] are selected on object 'Object Repository/Inpatient Request/Page_KDMC - CMO/select_--ALL--                _1'

2018-05-22 12:50:06 - [MESSAGE][PASSED] - All options with index in [1] are selected on object 'Object Repository/Inpatient Request/Page_KDMC - CMO/select_--ALL--                _1'

2018-05-22 12:50:06 - [TEST_STEP][PASSED] - click: Object: 'Object Repository/Inpatient Request/Page_KDMC - CMO/input_btnsearch' is clicked on

2018-05-22 12:50:06 - [MESSAGE][PASSED] - Object: 'Object Repository/Inpatient Request/Page_KDMC - CMO/input_btnsearch' is clicked on

2018-05-22 12:50:06 - [TEST_STEP][PASSED] - delay: Delayed 2 second(s)

2018-05-22 12:50:08 - [MESSAGE][PASSED] - Delayed 2 second(s)

2018-05-22 12:50:08 - [TEST_STEP][PASSED] - Statement - ID = com.kms.katalon.core.webui.keyword.WebUiBuiltInKeywords.modifyObjectProperty(com.kms.katalon.core.testobject.ObjectRepository.findTestObject(Inpatient Request/Page_KDMC - CMO/input_1), "xpath", "equals", "//*[@id=" + RequestNo + "]", true): Modify property of object successfully

2018-05-22 12:50:08 - [MESSAGE][PASSED] - Modify property of object successfully

2018-05-22 12:50:08 - [TEST_STEP][PASSED] - click: Object: 'Object Repository/Inpatient Request/Page_KDMC - CMO/input_1' is clicked on

2018-05-22 12:50:08 - [MESSAGE][PASSED] - Object: 'Object Repository/Inpatient Request/Page_KDMC - CMO/input_1' is clicked on

2018-05-22 12:50:08 - [TEST_STEP][PASSED] - delay: Delayed 2 second(s)

2018-05-22 12:50:10 - [MESSAGE][PASSED] - Delayed 2 second(s)

2018-05-22 12:50:10 - [TEST_STEP][PASSED] - selectOptionByIndex: All options with index in [1] are selected on object 'Object Repository/Inpatient Request/Page_KDMC - CMO/select_--Select--'

2018-05-22 12:50:10 - [MESSAGE][PASSED] - All options with index in [1] are selected on object 'Object Repository/Inpatient Request/Page_KDMC - CMO/select_--Select--'

2018-05-22 12:50:10 - [TEST_STEP][PASSED] - delay: Delayed 2 second(s)

2018-05-22 12:50:12 - [MESSAGE][PASSED] - Delayed 2 second(s)

2018-05-22 12:50:12 - [TEST_STEP][PASSED] - click: Object: 'Object Repository/Inpatient Request/Page_KDMC - CMO/input_btnupdate' is clicked on

2018-05-22 12:50:12 - [MESSAGE][PASSED] - Object: 'Object Repository/Inpatient Request/Page_KDMC - CMO/input_btnupdate' is clicked on

2018-05-22 12:50:12 - [TEST_STEP][PASSED] - delay: Delayed 2 second(s)

2018-05-22 12:50:14 - [MESSAGE][PASSED] - Delayed 2 second(s)

2018-05-22 12:50:14 - [TEST_STEP][PASSED] - click: Object: 'Object Repository/Inpatient Request/Page_KDMC - CMO/button_OK' is clicked on

2018-05-22 12:50:15 - [MESSAGE][PASSED] - Object: 'Object Repository/Inpatient Request/Page_KDMC - CMO/button_OK' is clicked on

2018-05-22 12:50:15 - [TEST_STEP][PASSED] - delay: Delayed 3 second(s)

2018-05-22 12:50:18 - [MESSAGE][PASSED] - Delayed 3 second(s)

2018-05-22 12:50:18 - [TEST_STEP][PASSED] - click: Object: 'Object Repository/Inpatient Request/Page_KDMC - CMO/a_dropdown-toggle' is clicked on

2018-05-22 12:50:18 - [MESSAGE][PASSED] - Object: 'Object Repository/Inpatient Request/Page_KDMC - CMO/a_dropdown-toggle' is clicked on

2018-05-22 12:50:18 - [TEST_STEP][PASSED] - click: Object: 'Object Repository/Inpatient Request/Page_KDMC - CMO/a_Sign out' is clicked on

2018-05-22 12:50:19 - [MESSAGE][PASSED] - Object: 'Object Repository/Inpatient Request/Page_KDMC - CMO/a_Sign out' is clicked on

2018-05-22 12:50:19 - [TEST_STEP][PASSED] - delay: Delayed 3 second(s)

2018-05-22 12:50:22 - [MESSAGE][PASSED] - Delayed 3 second(s)

2018-05-22 12:50:22 - [TEST_STEP][PASSED] - click: Object: 'Object Repository/Inpatient Request/Page_KDMC/a_Divisional Store' is clicked on

2018-05-22 12:50:23 - [MESSAGE][PASSED] - Object: 'Object Repository/Inpatient Request/Page_KDMC/a_Divisional Store' is clicked on

2018-05-22 12:50:23 - [TEST_STEP][PASSED] - setText: Text 'ragu' is set on object 'Object Repository/Inpatient Request/Page_Divisonal Store Login/input_txtusername'

2018-05-22 12:50:23 - [MESSAGE][PASSED] - Text 'ragu' is set on object 'Object Repository/Inpatient Request/Page_Divisonal Store Login/input_txtusername'

2018-05-22 12:50:23 - [TEST_STEP][PASSED] - setText: Text '123' is set on object 'Object Repository/Inpatient Request/Page_Divisonal Store Login/input_txtpassword'

2018-05-22 12:50:23 - [MESSAGE][PASSED] - Text '123' is set on object 'Object Repository/Inpatient Request/Page_Divisonal Store Login/input_txtpassword'

2018-05-22 12:50:23 - [TEST_STEP][PASSED] - delay: Delayed 3 second(s)

2018-05-22 12:50:26 - [MESSAGE][PASSED] - Delayed 3 second(s)

2018-05-22 12:50:26 - [TEST_STEP][PASSED] - click: Object: 'Object Repository/Inpatient Request/Page_Divisonal Store Login/button_Sign in' is clicked on

2018-05-22 12:50:28 - [MESSAGE][PASSED] - Object: 'Object Repository/Inpatient Request/Page_Divisonal Store Login/button_Sign in' is clicked on

2018-05-22 12:50:28 - [TEST_STEP][PASSED] - delay: Delayed 3 second(s)

2018-05-22 12:50:31 - [MESSAGE][PASSED] - Delayed 3 second(s)

2018-05-22 12:50:31 - [TEST_STEP][PASSED] - click: Object: 'Object Repository/Inpatient Request/Page_Store/a_Inpatient Request' is clicked on

2018-05-22 12:50:31 - [MESSAGE][PASSED] - Object: 'Object Repository/Inpatient Request/Page_Store/a_Inpatient Request' is clicked on

2018-05-22 12:50:31 - [TEST_STEP][PASSED] - click: Object: 'Object Repository/Inpatient Request/Page_Store/a_Request Item Inpatient' is clicked on

2018-05-22 12:50:32 - [MESSAGE][PASSED] - Object: 'Object Repository/Inpatient Request/Page_Store/a_Request Item Inpatient' is clicked on

2018-05-22 12:50:32 - [TEST_STEP][PASSED] - setText: Text 'RNO/22052018/156' is set on object 'Object Repository/Inpatient Request/Page_Store/input'

2018-05-22 12:50:32 - [MESSAGE][PASSED] - Text 'RNO/22052018/156' is set on object 'Object Repository/Inpatient Request/Page_Store/input'

2018-05-22 12:50:32 - [TEST_STEP][PASSED] - Statement - InpID = com.kms.katalon.core.webui.keyword.WebUiBuiltInKeywords.modifyObjectProperty(com.kms.katalon.core.testobject.ObjectRepository.findTestObject(Inpatient Request/Page_Store/input_1), "xpath", "equals", "//*[@id=" + RequestNo + "]", true): Modify property of object successfully

2018-05-22 12:50:32 - [MESSAGE][PASSED] - Modify property of object successfully

2018-05-22 12:50:32 - [TEST_STEP][PASSED] - click: Object: 'Object Repository/Inpatient Request/Page_Store/input_1' is clicked on

2018-05-22 12:50:33 - [MESSAGE][PASSED] - Object: 'Object Repository/Inpatient Request/Page_Store/input_1' is clicked on

2018-05-22 12:50:33 - [TEST_STEP][PASSED] - Statement - medicine = com.kms.katalon.core.webui.keyword.WebUiBuiltInKeywords.getNumberOfTotalOption(com.kms.katalon.core.testobject.ObjectRepository.findTestObject(Inpatient Request/Page_Store/select_--Select--Alcohol Rub i)): 17 options of object 'Object Repository/Inpatient Request/Page_Store/select_--Select--Alcohol Rub i' counted

2018-05-22 12:50:33 - [MESSAGE][PASSED] - 17 options of object 'Object Repository/Inpatient Request/Page_Store/select_--Select--Alcohol Rub i' counted

2018-05-22 12:50:33 - [TEST_STEP][PASSED] - Statement - For ([j = 1, j <= medicine - 1, (j++)]): null

2018-05-22 12:50:33 - [TEST_STEP][PASSED] - selectOptionByIndex: All options with index in [1] are selected on object 'Object Repository/Inpatient Request/Page_Store/select_--Select--Alcohol Rub i'

2018-05-22 12:50:33 - [MESSAGE][PASSED] - All options with index in [1] are selected on object 'Object Repository/Inpatient Request/Page_Store/select_--Select--Alcohol Rub i'

2018-05-22 12:50:33 - [TEST_STEP][PASSED] - delay: Delayed 2 second(s)

2018-05-22 12:50:35 - [MESSAGE][PASSED] - Delayed 2 second(s)

2018-05-22 12:50:35 - [TEST_STEP][PASSED] - Statement - RequestedQty = com.kms.katalon.core.webui.keyword.WebUiBuiltInKeywords.getAttribute(com.kms.katalon.core.testobject.ObjectRepository.findTestObject(Inpatient Request/Page_Store/input_txttotal), "value"): Attribute 'value' of object 'Object Repository/Inpatient Request/Page_Store/input_txttotal' is: '5'

2018-05-22 12:50:35 - [MESSAGE][PASSED] - Attribute 'value' of object 'Object Repository/Inpatient Request/Page_Store/input_txttotal' is: '5'

2018-05-22 12:50:35 - [TEST_STEP][PASSED] - Statement - out.println("RequestedQty IS : " + RequestedQty): null

2018-05-22 12:50:35 - [TEST_STEP][PASSED] - Statement - BatchNo = com.kms.katalon.core.webui.keyword.WebUiBuiltInKeywords.getNumberOfTotalOption(com.kms.katalon.core.testobject.ObjectRepository.findTestObject(Inpatient Request/Page_Store/select_--Select--BA2910)): 3 options of object 'Object Repository/Inpatient Request/Page_Store/select_--Select--BA2910' counted

2018-05-22 12:50:35 - [MESSAGE][PASSED] - 3 options of object 'Object Repository/Inpatient Request/Page_Store/select_--Select--BA2910' counted

2018-05-22 12:50:35 - [TEST_STEP][PASSED] - Statement - For ([k = 1, k <= BatchNo - 1, (k++)]): null

2018-05-22 12:50:35 - [TEST_STEP][PASSED] - selectOptionByIndex: All options with index in [1] are selected on object 'Object Repository/Inpatient Request/Page_Store/select_--Select--BA2910'

2018-05-22 12:50:35 - [MESSAGE][PASSED] - All options with index in [1] are selected on object 'Object Repository/Inpatient Request/Page_Store/select_--Select--BA2910'

2018-05-22 12:50:35 - [TEST_STEP][PASSED] - delay: Delayed 2 second(s)

2018-05-22 12:50:37 - [MESSAGE][PASSED] - Delayed 2 second(s)

2018-05-22 12:50:37 - [TEST_STEP][PASSED] - Statement - StockQty = com.kms.katalon.core.webui.keyword.WebUiBuiltInKeywords.getAttribute(com.kms.katalon.core.testobject.ObjectRepository.findTestObject(Inpatient Request/Page_Store/input_txtprice), "value"): Attribute 'value' of object 'Object Repository/Inpatient Request/Page_Store/input_txtprice' is: '1945'

2018-05-22 12:50:37 - [MESSAGE][PASSED] - Attribute 'value' of object 'Object Repository/Inpatient Request/Page_Store/input_txtprice' is: '1945'

2018-05-22 12:50:37 - [TEST_STEP][PASSED] - Statement - out.println("StockQty IS : " + StockQty): null

2018-05-22 12:50:37 - [TEST_STEP][PASSED] - Statement - If (java.lang.Integer.valueOf(StockQty) > java.lang.Integer.valueOf(RequestedQty)): null

2018-05-22 12:50:37 - [TEST_STEP][PASSED] - delay: Delayed 1 second(s)

2018-05-22 12:50:38 - [MESSAGE][PASSED] - Delayed 1 second(s)

2018-05-22 12:50:38 - [TEST_STEP][PASSED] - setText: Text '5' is set on object 'Object Repository/Inpatient Request/Page_Store/input_txtqty'

2018-05-22 12:50:39 - [MESSAGE][PASSED] - Text '5' is set on object 'Object Repository/Inpatient Request/Page_Store/input_txtqty'

2018-05-22 12:50:39 - [TEST_STEP][PASSED] - click: Object: 'Object Repository/Inpatient Request/Page_Store/button_Add' is clicked on

2018-05-22 12:50:39 - [MESSAGE][PASSED] - Object: 'Object Repository/Inpatient Request/Page_Store/button_Add' is clicked on

2018-05-22 12:50:39 - [TEST_STEP][PASSED] - Statement - Break: null

2018-05-22 12:50:39 - [TEST_STEP][PASSED] - selectOptionByIndex: All options with index in [2] are selected on object 'Object Repository/Inpatient Request/Page_Store/select_--Select--Alcohol Rub i'

2018-05-22 12:50:39 - [MESSAGE][PASSED] - All options with index in [2] are selected on object 'Object Repository/Inpatient Request/Page_Store/select_--Select--Alcohol Rub i'

2018-05-22 12:50:39 - [TEST_STEP][PASSED] - delay: Delayed 2 second(s)

2018-05-22 12:50:41 - [MESSAGE][PASSED] - Delayed 2 second(s)

2018-05-22 12:50:41 - [TEST_STEP][PASSED] - Statement - RequestedQty = com.kms.katalon.core.webui.keyword.WebUiBuiltInKeywords.getAttribute(com.kms.katalon.core.testobject.ObjectRepository.findTestObject(Inpatient Request/Page_Store/input_txttotal), "value"): Attribute 'value' of object 'Object Repository/Inpatient Request/Page_Store/input_txttotal' is: '5'

2018-05-22 12:50:41 - [MESSAGE][PASSED] - Attribute 'value' of object 'Object Repository/Inpatient Request/Page_Store/input_txttotal' is: '5'

2018-05-22 12:50:41 - [TEST_STEP][PASSED] - Statement - out.println("RequestedQty IS : " + RequestedQty): null

2018-05-22 12:50:41 - [TEST_STEP][PASSED] - Statement - BatchNo = com.kms.katalon.core.webui.keyword.WebUiBuiltInKeywords.getNumberOfTotalOption(com.kms.katalon.core.testobject.ObjectRepository.findTestObject(Inpatient Request/Page_Store/select_--Select--BA2910)): 3 options of object 'Object Repository/Inpatient Request/Page_Store/select_--Select--BA2910' counted

2018-05-22 12:50:41 - [MESSAGE][PASSED] - 3 options of object 'Object Repository/Inpatient Request/Page_Store/select_--Select--BA2910' counted

2018-05-22 12:50:41 - [TEST_STEP][PASSED] - Statement - For ([k = 1, k <= BatchNo - 1, (k++)]): null

2018-05-22 12:50:41 - [TEST_STEP][PASSED] - selectOptionByIndex: All options with index in [1] are selected on object 'Object Repository/Inpatient Request/Page_Store/select_--Select--BA2910'

2018-05-22 12:50:41 - [MESSAGE][PASSED] - All options with index in [1] are selected on object 'Object Repository/Inpatient Request/Page_Store/select_--Select--BA2910'

2018-05-22 12:50:41 - [TEST_STEP][PASSED] - delay: Delayed 2 second(s)

2018-05-22 12:50:43 - [MESSAGE][PASSED] - Delayed 2 second(s)

2018-05-22 12:50:43 - [TEST_STEP][PASSED] - Statement - StockQty = com.kms.katalon.core.webui.keyword.WebUiBuiltInKeywords.getAttribute(com.kms.katalon.core.testobject.ObjectRepository.findTestObject(Inpatient Request/Page_Store/input_txtprice), "value"): Attribute 'value' of object 'Object Repository/Inpatient Request/Page_Store/input_txtprice' is: '1601'

2018-05-22 12:50:43 - [MESSAGE][PASSED] - Attribute 'value' of object 'Object Repository/Inpatient Request/Page_Store/input_txtprice' is: '1601'

2018-05-22 12:50:43 - [TEST_STEP][PASSED] - Statement - out.println("StockQty IS : " + StockQty): null

2018-05-22 12:50:43 - [TEST_STEP][PASSED] - Statement - If (java.lang.Integer.valueOf(StockQty) > java.lang.Integer.valueOf(RequestedQty)): null

2018-05-22 12:50:43 - [TEST_STEP][PASSED] - delay: Delayed 1 second(s)

2018-05-22 12:50:44 - [MESSAGE][PASSED] - Delayed 1 second(s)

2018-05-22 12:50:44 - [TEST_STEP][PASSED] - setText: Text '5' is set on object 'Object Repository/Inpatient Request/Page_Store/input_txtqty'

2018-05-22 12:50:44 - [MESSAGE][PASSED] - Text '5' is set on object 'Object Repository/Inpatient Request/Page_Store/input_txtqty'

2018-05-22 12:50:44 - [TEST_STEP][PASSED] - click: Object: 'Object Repository/Inpatient Request/Page_Store/button_Add' is clicked on

2018-05-22 12:50:44 - [MESSAGE][PASSED] - Object: 'Object Repository/Inpatient Request/Page_Store/button_Add' is clicked on

2018-05-22 12:50:44 - [TEST_STEP][PASSED] - Statement - Break: null

2018-05-22 12:50:44 - [TEST_STEP][PASSED] - selectOptionByIndex: All options with index in [3] are selected on object 'Object Repository/Inpatient Request/Page_Store/select_--Select--Alcohol Rub i'

2018-05-22 12:50:44 - [MESSAGE][PASSED] - All options with index in [3] are selected on object 'Object Repository/Inpatient Request/Page_Store/select_--Select--Alcohol Rub i'

2018-05-22 12:50:44 - [TEST_STEP][PASSED] - delay: Delayed 2 second(s)

2018-05-22 12:50:46 - [MESSAGE][PASSED] - Delayed 2 second(s)

2018-05-22 12:50:46 - [TEST_STEP][PASSED] - Statement - RequestedQty = com.kms.katalon.core.webui.keyword.WebUiBuiltInKeywords.getAttribute(com.kms.katalon.core.testobject.ObjectRepository.findTestObject(Inpatient Request/Page_Store/input_txttotal), "value"): Attribute 'value' of object 'Object Repository/Inpatient Request/Page_Store/input_txttotal' is: '5'

2018-05-22 12:50:46 - [MESSAGE][PASSED] - Attribute 'value' of object 'Object Repository/Inpatient Request/Page_Store/input_txttotal' is: '5'

2018-05-22 12:50:46 - [TEST_STEP][PASSED] - Statement - out.println("RequestedQty IS : " + RequestedQty): null

2018-05-22 12:50:46 - [TEST_STEP][PASSED] - Statement - BatchNo = com.kms.katalon.core.webui.keyword.WebUiBuiltInKeywords.getNumberOfTotalOption(com.kms.katalon.core.testobject.ObjectRepository.findTestObject(Inpatient Request/Page_Store/select_--Select--BA2910)): 3 options of object 'Object Repository/Inpatient Request/Page_Store/select_--Select--BA2910' counted

2018-05-22 12:50:47 - [MESSAGE][PASSED] - 3 options of object 'Object Repository/Inpatient Request/Page_Store/select_--Select--BA2910' counted

2018-05-22 12:50:47 - [TEST_STEP][PASSED] - Statement - For ([k = 1, k <= BatchNo - 1, (k++)]): null

2018-05-22 12:50:47 - [TEST_STEP][PASSED] - selectOptionByIndex: All options with index in [1] are selected on object 'Object Repository/Inpatient Request/Page_Store/select_--Select--BA2910'

2018-05-22 12:50:47 - [MESSAGE][PASSED] - All options with index in [1] are selected on object 'Object Repository/Inpatient Request/Page_Store/select_--Select--BA2910'

2018-05-22 12:50:47 - [TEST_STEP][PASSED] - delay: Delayed 2 second(s)

2018-05-22 12:50:49 - [MESSAGE][PASSED] - Delayed 2 second(s)

2018-05-22 12:50:49 - [TEST_STEP][PASSED] - Statement - StockQty = com.kms.katalon.core.webui.keyword.WebUiBuiltInKeywords.getAttribute(com.kms.katalon.core.testobject.ObjectRepository.findTestObject(Inpatient Request/Page_Store/input_txtprice), "value"): Attribute 'value' of object 'Object Repository/Inpatient Request/Page_Store/input_txtprice' is: '1850'

2018-05-22 12:50:49 - [MESSAGE][PASSED] - Attribute 'value' of object 'Object Repository/Inpatient Request/Page_Store/input_txtprice' is: '1850'

2018-05-22 12:50:49 - [TEST_STEP][PASSED] - Statement - out.println("StockQty IS : " + StockQty): null

2018-05-22 12:50:49 - [TEST_STEP][PASSED] - Statement - If (java.lang.Integer.valueOf(StockQty) > java.lang.Integer.valueOf(RequestedQty)): null

2018-05-22 12:50:49 - [TEST_STEP][PASSED] - delay: Delayed 1 second(s)

2018-05-22 12:50:50 - [MESSAGE][PASSED] - Delayed 1 second(s)

2018-05-22 12:50:50 - [TEST_STEP][PASSED] - setText: Text '5' is set on object 'Object Repository/Inpatient Request/Page_Store/input_txtqty'

2018-05-22 12:50:50 - [MESSAGE][PASSED] - Text '5' is set on object 'Object Repository/Inpatient Request/Page_Store/input_txtqty'

2018-05-22 12:50:50 - [TEST_STEP][PASSED] - click: Object: 'Object Repository/Inpatient Request/Page_Store/button_Add' is clicked on

2018-05-22 12:50:50 - [MESSAGE][PASSED] - Object: 'Object Repository/Inpatient Request/Page_Store/button_Add' is clicked on

2018-05-22 12:50:50 - [TEST_STEP][PASSED] - Statement - Break: null

2018-05-22 12:50:50 - [TEST_STEP][PASSED] - selectOptionByIndex: All options with index in [4] are selected on object 'Object Repository/Inpatient Request/Page_Store/select_--Select--Alcohol Rub i'

2018-05-22 12:50:50 - [MESSAGE][PASSED] - All options with index in [4] are selected on object 'Object Repository/Inpatient Request/Page_Store/select_--Select--Alcohol Rub i'

2018-05-22 12:50:50 - [TEST_STEP][PASSED] - delay: Delayed 2 second(s)

2018-05-22 12:50:52 - [MESSAGE][PASSED] - Delayed 2 second(s)

2018-05-22 12:50:52 - [TEST_STEP][PASSED] - Statement - RequestedQty = com.kms.katalon.core.webui.keyword.WebUiBuiltInKeywords.getAttribute(com.kms.katalon.core.testobject.ObjectRepository.findTestObject(Inpatient Request/Page_Store/input_txttotal), "value"): Attribute 'value' of object 'Object Repository/Inpatient Request/Page_Store/input_txttotal' is: '5'

2018-05-22 12:50:52 - [MESSAGE][PASSED] - Attribute 'value' of object 'Object Repository/Inpatient Request/Page_Store/input_txttotal' is: '5'

2018-05-22 12:50:52 - [TEST_STEP][PASSED] - Statement - out.println("RequestedQty IS : " + RequestedQty): null

2018-05-22 12:50:52 - [TEST_STEP][PASSED] - Statement - BatchNo = com.kms.katalon.core.webui.keyword.WebUiBuiltInKeywords.getNumberOfTotalOption(com.kms.katalon.core.testobject.ObjectRepository.findTestObject(Inpatient Request/Page_Store/select_--Select--BA2910)): 3 options of object 'Object Repository/Inpatient Request/Page_Store/select_--Select--BA2910' counted

2018-05-22 12:50:52 - [MESSAGE][PASSED] - 3 options of object 'Object Repository/Inpatient Request/Page_Store/select_--Select--BA2910' counted

2018-05-22 12:50:52 - [TEST_STEP][PASSED] - Statement - For ([k = 1, k <= BatchNo - 1, (k++)]): null

2018-05-22 12:50:52 - [TEST_STEP][PASSED] - selectOptionByIndex: All options with index in [1] are selected on object 'Object Repository/Inpatient Request/Page_Store/select_--Select--BA2910'

2018-05-22 12:50:52 - [MESSAGE][PASSED] - All options with index in [1] are selected on object 'Object Repository/Inpatient Request/Page_Store/select_--Select--BA2910'

2018-05-22 12:50:52 - [TEST_STEP][PASSED] - delay: Delayed 2 second(s)

2018-05-22 12:50:54 - [MESSAGE][PASSED] - Delayed 2 second(s)

2018-05-22 12:50:54 - [TEST_STEP][PASSED] - Statement - StockQty = com.kms.katalon.core.webui.keyword.WebUiBuiltInKeywords.getAttribute(com.kms.katalon.core.testobject.ObjectRepository.findTestObject(Inpatient Request/Page_Store/input_txtprice), "value"): Attribute 'value' of object 'Object Repository/Inpatient Request/Page_Store/input_txtprice' is: '1850'

2018-05-22 12:50:54 - [MESSAGE][PASSED] - Attribute 'value' of object 'Object Repository/Inpatient Request/Page_Store/input_txtprice' is: '1850'

2018-05-22 12:50:54 - [TEST_STEP][PASSED] - Statement - out.println("StockQty IS : " + StockQty): null

2018-05-22 12:50:54 - [TEST_STEP][PASSED] - Statement - If (java.lang.Integer.valueOf(StockQty) > java.lang.Integer.valueOf(RequestedQty)): null

2018-05-22 12:50:54 - [TEST_STEP][PASSED] - delay: Delayed 1 second(s)

2018-05-22 12:50:55 - [MESSAGE][PASSED] - Delayed 1 second(s)

2018-05-22 12:50:55 - [TEST_STEP][PASSED] - setText: Text '5' is set on object 'Object Repository/Inpatient Request/Page_Store/input_txtqty'

2018-05-22 12:50:56 - [MESSAGE][PASSED] - Text '5' is set on object 'Object Repository/Inpatient Request/Page_Store/input_txtqty'

2018-05-22 12:50:56 - [TEST_STEP][PASSED] - click: Object: 'Object Repository/Inpatient Request/Page_Store/button_Add' is clicked on

2018-05-22 12:50:56 - [MESSAGE][PASSED] - Object: 'Object Repository/Inpatient Request/Page_Store/button_Add' is clicked on

2018-05-22 12:50:56 - [TEST_STEP][PASSED] - Statement - Break: null

2018-05-22 12:50:56 - [TEST_STEP][PASSED] - selectOptionByIndex: All options with index in [5] are selected on object 'Object Repository/Inpatient Request/Page_Store/select_--Select--Alcohol Rub i'

2018-05-22 12:50:56 - [MESSAGE][PASSED] - All options with index in [5] are selected on object 'Object Repository/Inpatient Request/Page_Store/select_--Select--Alcohol Rub i'

2018-05-22 12:50:56 - [TEST_STEP][PASSED] - delay: Delayed 2 second(s)

2018-05-22 12:50:58 - [MESSAGE][PASSED] - Delayed 2 second(s)

2018-05-22 12:50:58 - [TEST_STEP][PASSED] - Statement - RequestedQty = com.kms.katalon.core.webui.keyword.WebUiBuiltInKeywords.getAttribute(com.kms.katalon.core.testobject.ObjectRepository.findTestObject(Inpatient Request/Page_Store/input_txttotal), "value"): Attribute 'value' of object 'Object Repository/Inpatient Request/Page_Store/input_txttotal' is: '5'

2018-05-22 12:50:58 - [MESSAGE][PASSED] - Attribute 'value' of object 'Object Repository/Inpatient Request/Page_Store/input_txttotal' is: '5'

2018-05-22 12:50:58 - [TEST_STEP][PASSED] - Statement - out.println("RequestedQty IS : " + RequestedQty): null

2018-05-22 12:50:58 - [TEST_STEP][PASSED] - Statement - BatchNo = com.kms.katalon.core.webui.keyword.WebUiBuiltInKeywords.getNumberOfTotalOption(com.kms.katalon.core.testobject.ObjectRepository.findTestObject(Inpatient Request/Page_Store/select_--Select--BA2910)): 3 options of object 'Object Repository/Inpatient Request/Page_Store/select_--Select--BA2910' counted

2018-05-22 12:50:58 - [MESSAGE][PASSED] - 3 options of object 'Object Repository/Inpatient Request/Page_Store/select_--Select--BA2910' counted

2018-05-22 12:50:58 - [TEST_STEP][PASSED] - Statement - For ([k = 1, k <= BatchNo - 1, (k++)]): null

2018-05-22 12:50:58 - [TEST_STEP][PASSED] - selectOptionByIndex: All options with index in [1] are selected on object 'Object Repository/Inpatient Request/Page_Store/select_--Select--BA2910'

2018-05-22 12:50:58 - [MESSAGE][PASSED] - All options with index in [1] are selected on object 'Object Repository/Inpatient Request/Page_Store/select_--Select--BA2910'

2018-05-22 12:50:58 - [TEST_STEP][PASSED] - delay: Delayed 2 second(s)

2018-05-22 12:51:00 - [MESSAGE][PASSED] - Delayed 2 second(s)

2018-05-22 12:51:00 - [TEST_STEP][PASSED] - Statement - StockQty = com.kms.katalon.core.webui.keyword.WebUiBuiltInKeywords.getAttribute(com.kms.katalon.core.testobject.ObjectRepository.findTestObject(Inpatient Request/Page_Store/input_txtprice), "value"): Attribute 'value' of object 'Object Repository/Inpatient Request/Page_Store/input_txtprice' is: '1860'

2018-05-22 12:51:00 - [MESSAGE][PASSED] - Attribute 'value' of object 'Object Repository/Inpatient Request/Page_Store/input_txtprice' is: '1860'

2018-05-22 12:51:00 - [TEST_STEP][PASSED] - Statement - out.println("StockQty IS : " + StockQty): null

2018-05-22 12:51:00 - [TEST_STEP][PASSED] - Statement - If (java.lang.Integer.valueOf(StockQty) > java.lang.Integer.valueOf(RequestedQty)): null

2018-05-22 12:51:00 - [TEST_STEP][PASSED] - delay: Delayed 1 second(s)

2018-05-22 12:51:01 - [MESSAGE][PASSED] - Delayed 1 second(s)

2018-05-22 12:51:01 - [TEST_STEP][PASSED] - setText: Text '5' is set on object 'Object Repository/Inpatient Request/Page_Store/input_txtqty'

2018-05-22 12:51:01 - [MESSAGE][PASSED] - Text '5' is set on object 'Object Repository/Inpatient Request/Page_Store/input_txtqty'

2018-05-22 12:51:01 - [TEST_STEP][PASSED] - click: Object: 'Object Repository/Inpatient Request/Page_Store/button_Add' is clicked on

2018-05-22 12:51:01 - [MESSAGE][PASSED] - Object: 'Object Repository/Inpatient Request/Page_Store/button_Add' is clicked on

2018-05-22 12:51:01 - [TEST_STEP][PASSED] - Statement - Break: null

2018-05-22 12:51:01 - [TEST_STEP][PASSED] - selectOptionByIndex: All options with index in [6] are selected on object 'Object Repository/Inpatient Request/Page_Store/select_--Select--Alcohol Rub i'

2018-05-22 12:51:01 - [MESSAGE][PASSED] - All options with index in [6] are selected on object 'Object Repository/Inpatient Request/Page_Store/select_--Select--Alcohol Rub i'

2018-05-22 12:51:01 - [TEST_STEP][PASSED] - delay: Delayed 2 second(s)

2018-05-22 12:51:03 - [MESSAGE][PASSED] - Delayed 2 second(s)

2018-05-22 12:51:03 - [TEST_STEP][PASSED] - Statement - RequestedQty = com.kms.katalon.core.webui.keyword.WebUiBuiltInKeywords.getAttribute(com.kms.katalon.core.testobject.ObjectRepository.findTestObject(Inpatient Request/Page_Store/input_txttotal), "value"): Attribute 'value' of object 'Object Repository/Inpatient Request/Page_Store/input_txttotal' is: '5'

2018-05-22 12:51:03 - [MESSAGE][PASSED] - Attribute 'value' of object 'Object Repository/Inpatient Request/Page_Store/input_txttotal' is: '5'

2018-05-22 12:51:03 - [TEST_STEP][PASSED] - Statement - out.println("RequestedQty IS : " + RequestedQty): null

2018-05-22 12:51:03 - [TEST_STEP][PASSED] - Statement - BatchNo = com.kms.katalon.core.webui.keyword.WebUiBuiltInKeywords.getNumberOfTotalOption(com.kms.katalon.core.testobject.ObjectRepository.findTestObject(Inpatient Request/Page_Store/select_--Select--BA2910)): 3 options of object 'Object Repository/Inpatient Request/Page_Store/select_--Select--BA2910' counted

2018-05-22 12:51:03 - [MESSAGE][PASSED] - 3 options of object 'Object Repository/Inpatient Request/Page_Store/select_--Select--BA2910' counted

2018-05-22 12:51:03 - [TEST_STEP][PASSED] - Statement - For ([k = 1, k <= BatchNo - 1, (k++)]): null

2018-05-22 12:51:03 - [TEST_STEP][PASSED] - selectOptionByIndex: All options with index in [1] are selected on object 'Object Repository/Inpatient Request/Page_Store/select_--Select--BA2910'

2018-05-22 12:51:04 - [MESSAGE][PASSED] - All options with index in [1] are selected on object 'Object Repository/Inpatient Request/Page_Store/select_--Select--BA2910'

2018-05-22 12:51:04 - [TEST_STEP][PASSED] - delay: Delayed 2 second(s)

2018-05-22 12:51:06 - [MESSAGE][PASSED] - Delayed 2 second(s)

2018-05-22 12:51:06 - [TEST_STEP][PASSED] - Statement - StockQty = com.kms.katalon.core.webui.keyword.WebUiBuiltInKeywords.getAttribute(com.kms.katalon.core.testobject.ObjectRepository.findTestObject(Inpatient Request/Page_Store/input_txtprice), "value"): Attribute 'value' of object 'Object Repository/Inpatient Request/Page_Store/input_txtprice' is: '1720'

2018-05-22 12:51:06 - [MESSAGE][PASSED] - Attribute 'value' of object 'Object Repository/Inpatient Request/Page_Store/input_txtprice' is: '1720'

2018-05-22 12:51:06 - [TEST_STEP][PASSED] - Statement - out.println("StockQty IS : " + StockQty): null

2018-05-22 12:51:06 - [TEST_STEP][PASSED] - Statement - If (java.lang.Integer.valueOf(StockQty) > java.lang.Integer.valueOf(RequestedQty)): null

2018-05-22 12:51:06 - [TEST_STEP][PASSED] - delay: Delayed 1 second(s)

2018-05-22 12:51:07 - [MESSAGE][PASSED] - Delayed 1 second(s)

2018-05-22 12:51:07 - [TEST_STEP][PASSED] - setText: Text '5' is set on object 'Object Repository/Inpatient Request/Page_Store/input_txtqty'

2018-05-22 12:51:07 - [MESSAGE][PASSED] - Text '5' is set on object 'Object Repository/Inpatient Request/Page_Store/input_txtqty'

2018-05-22 12:51:07 - [TEST_STEP][PASSED] - click: Object: 'Object Repository/Inpatient Request/Page_Store/button_Add' is clicked on

2018-05-22 12:51:07 - [MESSAGE][PASSED] - Object: 'Object Repository/Inpatient Request/Page_Store/button_Add' is clicked on

2018-05-22 12:51:07 - [TEST_STEP][PASSED] - Statement - Break: null

2018-05-22 12:51:07 - [TEST_STEP][PASSED] - selectOptionByIndex: All options with index in [7] are selected on object 'Object Repository/Inpatient Request/Page_Store/select_--Select--Alcohol Rub i'

2018-05-22 12:51:07 - [MESSAGE][PASSED] - All options with index in [7] are selected on object 'Object Repository/Inpatient Request/Page_Store/select_--Select--Alcohol Rub i'

2018-05-22 12:51:07 - [TEST_STEP][PASSED] - delay: Delayed 2 second(s)

2018-05-22 12:51:09 - [MESSAGE][PASSED] - Delayed 2 second(s)

2018-05-22 12:51:09 - [TEST_STEP][PASSED] - Statement - RequestedQty = com.kms.katalon.core.webui.keyword.WebUiBuiltInKeywords.getAttribute(com.kms.katalon.core.testobject.ObjectRepository.findTestObject(Inpatient Request/Page_Store/input_txttotal), "value"): Attribute 'value' of object 'Object Repository/Inpatient Request/Page_Store/input_txttotal' is: '5'

2018-05-22 12:51:09 - [MESSAGE][PASSED] - Attribute 'value' of object 'Object Repository/Inpatient Request/Page_Store/input_txttotal' is: '5'

2018-05-22 12:51:09 - [TEST_STEP][PASSED] - Statement - out.println("RequestedQty IS : " + RequestedQty): null

2018-05-22 12:51:09 - [TEST_STEP][PASSED] - Statement - BatchNo = com.kms.katalon.core.webui.keyword.WebUiBuiltInKeywords.getNumberOfTotalOption(com.kms.katalon.core.testobject.ObjectRepository.findTestObject(Inpatient Request/Page_Store/select_--Select--BA2910)): 5 options of object 'Object Repository/Inpatient Request/Page_Store/select_--Select--BA2910' counted

2018-05-22 12:51:09 - [MESSAGE][PASSED] - 5 options of object 'Object Repository/Inpatient Request/Page_Store/select_--Select--BA2910' counted

2018-05-22 12:51:09 - [TEST_STEP][PASSED] - Statement - For ([k = 1, k <= BatchNo - 1, (k++)]): null

2018-05-22 12:51:09 - [TEST_STEP][PASSED] - selectOptionByIndex: All options with index in [1] are selected on object 'Object Repository/Inpatient Request/Page_Store/select_--Select--BA2910'

2018-05-22 12:51:09 - [MESSAGE][PASSED] - All options with index in [1] are selected on object 'Object Repository/Inpatient Request/Page_Store/select_--Select--BA2910'

2018-05-22 12:51:09 - [TEST_STEP][PASSED] - delay: Delayed 2 second(s)

2018-05-22 12:51:11 - [MESSAGE][PASSED] - Delayed 2 second(s)

2018-05-22 12:51:11 - [TEST_STEP][PASSED] - Statement - StockQty = com.kms.katalon.core.webui.keyword.WebUiBuiltInKeywords.getAttribute(com.kms.katalon.core.testobject.ObjectRepository.findTestObject(Inpatient Request/Page_Store/input_txtprice), "value"): Attribute 'value' of object 'Object Repository/Inpatient Request/Page_Store/input_txtprice' is: '4'

2018-05-22 12:51:11 - [MESSAGE][PASSED] - Attribute 'value' of object 'Object Repository/Inpatient Request/Page_Store/input_txtprice' is: '4'

2018-05-22 12:51:11 - [TEST_STEP][PASSED] - Statement - out.println("StockQty IS : " + StockQty): null

2018-05-22 12:51:11 - [TEST_STEP][PASSED] - Statement - If (java.lang.Integer.valueOf(StockQty) > java.lang.Integer.valueOf(RequestedQty)): null

2018-05-22 12:51:11 - [TEST_STEP][PASSED] - Statement - Else: null

2018-05-22 12:51:11 - [TEST_STEP][PASSED] - Statement - out.println("Stock Is Less Than Requested Qty"): null

2018-05-22 12:51:11 - [TEST_STEP][PASSED] - selectOptionByIndex: All options with index in [2] are selected on object 'Object Repository/Inpatient Request/Page_Store/select_--Select--BA2910'

2018-05-22 12:51:11 - [MESSAGE][PASSED] - All options with index in [2] are selected on object 'Object Repository/Inpatient Request/Page_Store/select_--Select--BA2910'

2018-05-22 12:51:11 - [TEST_STEP][PASSED] - delay: Delayed 2 second(s)

2018-05-22 12:51:13 - [MESSAGE][PASSED] - Delayed 2 second(s)

2018-05-22 12:51:13 - [TEST_STEP][PASSED] - Statement - StockQty = com.kms.katalon.core.webui.keyword.WebUiBuiltInKeywords.getAttribute(com.kms.katalon.core.testobject.ObjectRepository.findTestObject(Inpatient Request/Page_Store/input_txtprice), "value"): Attribute 'value' of object 'Object Repository/Inpatient Request/Page_Store/input_txtprice' is: '1605'

2018-05-22 12:51:13 - [MESSAGE][PASSED] - Attribute 'value' of object 'Object Repository/Inpatient Request/Page_Store/input_txtprice' is: '1605'

2018-05-22 12:51:13 - [TEST_STEP][PASSED] - Statement - out.println("StockQty IS : " + StockQty): null

2018-05-22 12:51:13 - [TEST_STEP][PASSED] - Statement - If (java.lang.Integer.valueOf(StockQty) > java.lang.Integer.valueOf(RequestedQty)): null

2018-05-22 12:51:13 - [TEST_STEP][PASSED] - delay: Delayed 1 second(s)

2018-05-22 12:51:14 - [MESSAGE][PASSED] - Delayed 1 second(s)

2018-05-22 12:51:14 - [TEST_STEP][PASSED] - setText: Text '5' is set on object 'Object Repository/Inpatient Request/Page_Store/input_txtqty'

2018-05-22 12:51:15 - [MESSAGE][PASSED] - Text '5' is set on object 'Object Repository/Inpatient Request/Page_Store/input_txtqty'

2018-05-22 12:51:15 - [TEST_STEP][PASSED] - click: Object: 'Object Repository/Inpatient Request/Page_Store/button_Add' is clicked on

2018-05-22 12:51:15 - [MESSAGE][PASSED] - Object: 'Object Repository/Inpatient Request/Page_Store/button_Add' is clicked on

2018-05-22 12:51:15 - [TEST_STEP][PASSED] - Statement - Break: null

2018-05-22 12:51:15 - [TEST_STEP][PASSED] - selectOptionByIndex: All options with index in [8] are selected on object 'Object Repository/Inpatient Request/Page_Store/select_--Select--Alcohol Rub i'

2018-05-22 12:51:15 - [MESSAGE][PASSED] - All options with index in [8] are selected on object 'Object Repository/Inpatient Request/Page_Store/select_--Select--Alcohol Rub i'

2018-05-22 12:51:15 - [TEST_STEP][PASSED] - delay: Delayed 2 second(s)

2018-05-22 12:51:17 - [MESSAGE][PASSED] - Delayed 2 second(s)

2018-05-22 12:51:17 - [TEST_STEP][PASSED] - Statement - RequestedQty = com.kms.katalon.core.webui.keyword.WebUiBuiltInKeywords.getAttribute(com.kms.katalon.core.testobject.ObjectRepository.findTestObject(Inpatient Request/Page_Store/input_txttotal), "value"): Attribute 'value' of object 'Object Repository/Inpatient Request/Page_Store/input_txttotal' is: '5'

2018-05-22 12:51:17 - [MESSAGE][PASSED] - Attribute 'value' of object 'Object Repository/Inpatient Request/Page_Store/input_txttotal' is: '5'

2018-05-22 12:51:17 - [TEST_STEP][PASSED] - Statement - out.println("RequestedQty IS : " + RequestedQty): null

2018-05-22 12:51:17 - [TEST_STEP][PASSED] - Statement - BatchNo = com.kms.katalon.core.webui.keyword.WebUiBuiltInKeywords.getNumberOfTotalOption(com.kms.katalon.core.testobject.ObjectRepository.findTestObject(Inpatient Request/Page_Store/select_--Select--BA2910)): 3 options of object 'Object Repository/Inpatient Request/Page_Store/select_--Select--BA2910' counted

2018-05-22 12:51:17 - [MESSAGE][PASSED] - 3 options of object 'Object Repository/Inpatient Request/Page_Store/select_--Select--BA2910' counted

2018-05-22 12:51:17 - [TEST_STEP][PASSED] - Statement - For ([k = 1, k <= BatchNo - 1, (k++)]): null

2018-05-22 12:51:17 - [TEST_STEP][PASSED] - selectOptionByIndex: All options with index in [1] are selected on object 'Object Repository/Inpatient Request/Page_Store/select_--Select--BA2910'

2018-05-22 12:51:17 - [MESSAGE][PASSED] - All options with index in [1] are selected on object 'Object Repository/Inpatient Request/Page_Store/select_--Select--BA2910'

2018-05-22 12:51:17 - [TEST_STEP][PASSED] - delay: Delayed 2 second(s)

2018-05-22 12:51:19 - [MESSAGE][PASSED] - Delayed 2 second(s)

2018-05-22 12:51:19 - [TEST_STEP][PASSED] - Statement - StockQty = com.kms.katalon.core.webui.keyword.WebUiBuiltInKeywords.getAttribute(com.kms.katalon.core.testobject.ObjectRepository.findTestObject(Inpatient Request/Page_Store/input_txtprice), "value"): Attribute 'value' of object 'Object Repository/Inpatient Request/Page_Store/input_txtprice' is: '1703'

2018-05-22 12:51:19 - [MESSAGE][PASSED] - Attribute 'value' of object 'Object Repository/Inpatient Request/Page_Store/input_txtprice' is: '1703'

2018-05-22 12:51:19 - [TEST_STEP][PASSED] - Statement - out.println("StockQty IS : " + StockQty): null

2018-05-22 12:51:19 - [TEST_STEP][PASSED] - Statement - If (java.lang.Integer.valueOf(StockQty) > java.lang.Integer.valueOf(RequestedQty)): null

2018-05-22 12:51:19 - [TEST_STEP][PASSED] - delay: Delayed 1 second(s)

2018-05-22 12:51:20 - [MESSAGE][PASSED] - Delayed 1 second(s)

2018-05-22 12:51:20 - [TEST_STEP][PASSED] - setText: Text '5' is set on object 'Object Repository/Inpatient Request/Page_Store/input_txtqty'

2018-05-22 12:51:20 - [MESSAGE][PASSED] - Text '5' is set on object 'Object Repository/Inpatient Request/Page_Store/input_txtqty'

2018-05-22 12:51:20 - [TEST_STEP][PASSED] - click: Object: 'Object Repository/Inpatient Request/Page_Store/button_Add' is clicked on

2018-05-22 12:51:20 - [MESSAGE][PASSED] - Object: 'Object Repository/Inpatient Request/Page_Store/button_Add' is clicked on

2018-05-22 12:51:20 - [TEST_STEP][PASSED] - Statement - Break: null

2018-05-22 12:51:20 - [TEST_STEP][PASSED] - selectOptionByIndex: All options with index in [9] are selected on object 'Object Repository/Inpatient Request/Page_Store/select_--Select--Alcohol Rub i'

2018-05-22 12:51:20 - [MESSAGE][PASSED] - All options with index in [9] are selected on object 'Object Repository/Inpatient Request/Page_Store/select_--Select--Alcohol Rub i'

2018-05-22 12:51:20 - [TEST_STEP][PASSED] - delay: Delayed 2 second(s)

2018-05-22 12:51:22 - [MESSAGE][PASSED] - Delayed 2 second(s)

2018-05-22 12:51:22 - [TEST_STEP][PASSED] - Statement - RequestedQty = com.kms.katalon.core.webui.keyword.WebUiBuiltInKeywords.getAttribute(com.kms.katalon.core.testobject.ObjectRepository.findTestObject(Inpatient Request/Page_Store/input_txttotal), "value"): Attribute 'value' of object 'Object Repository/Inpatient Request/Page_Store/input_txttotal' is: '5'

2018-05-22 12:51:22 - [MESSAGE][PASSED] - Attribute 'value' of object 'Object Repository/Inpatient Request/Page_Store/input_txttotal' is: '5'

2018-05-22 12:51:22 - [TEST_STEP][PASSED] - Statement - out.println("RequestedQty IS : " + RequestedQty): null

2018-05-22 12:51:22 - [TEST_STEP][PASSED] - Statement - BatchNo = com.kms.katalon.core.webui.keyword.WebUiBuiltInKeywords.getNumberOfTotalOption(com.kms.katalon.core.testobject.ObjectRepository.findTestObject(Inpatient Request/Page_Store/select_--Select--BA2910)): 3 options of object 'Object Repository/Inpatient Request/Page_Store/select_--Select--BA2910' counted

2018-05-22 12:51:23 - [MESSAGE][PASSED] - 3 options of object 'Object Repository/Inpatient Request/Page_Store/select_--Select--BA2910' counted

2018-05-22 12:51:23 - [TEST_STEP][PASSED] - Statement - For ([k = 1, k <= BatchNo - 1, (k++)]): null

2018-05-22 12:51:23 - [TEST_STEP][PASSED] - selectOptionByIndex: All options with index in [1] are selected on object 'Object Repository/Inpatient Request/Page_Store/select_--Select--BA2910'

2018-05-22 12:51:23 - [MESSAGE][PASSED] - All options with index in [1] are selected on object 'Object Repository/Inpatient Request/Page_Store/select_--Select--BA2910'

2018-05-22 12:51:23 - [TEST_STEP][PASSED] - delay: Delayed 2 second(s)

2018-05-22 12:51:25 - [MESSAGE][PASSED] - Delayed 2 second(s)

2018-05-22 12:51:25 - [TEST_STEP][PASSED] - Statement - StockQty = com.kms.katalon.core.webui.keyword.WebUiBuiltInKeywords.getAttribute(com.kms.katalon.core.testobject.ObjectRepository.findTestObject(Inpatient Request/Page_Store/input_txtprice), "value"): Attribute 'value' of object 'Object Repository/Inpatient Request/Page_Store/input_txtprice' is: '1479'

2018-05-22 12:51:25 - [MESSAGE][PASSED] - Attribute 'value' of object 'Object Repository/Inpatient Request/Page_Store/input_txtprice' is: '1479'

2018-05-22 12:51:25 - [TEST_STEP][PASSED] - Statement - out.println("StockQty IS : " + StockQty): null

2018-05-22 12:51:25 - [TEST_STEP][PASSED] - Statement - If (java.lang.Integer.valueOf(StockQty) > java.lang.Integer.valueOf(RequestedQty)): null

2018-05-22 12:51:25 - [TEST_STEP][PASSED] - delay: Delayed 1 second(s)

2018-05-22 12:51:26 - [MESSAGE][PASSED] - Delayed 1 second(s)

2018-05-22 12:51:26 - [TEST_STEP][PASSED] - setText: Text '5' is set on object 'Object Repository/Inpatient Request/Page_Store/input_txtqty'

2018-05-22 12:51:26 - [MESSAGE][PASSED] - Text '5' is set on object 'Object Repository/Inpatient Request/Page_Store/input_txtqty'

2018-05-22 12:51:26 - [TEST_STEP][PASSED] - click: Object: 'Object Repository/Inpatient Request/Page_Store/button_Add' is clicked on

2018-05-22 12:51:31 - [MESSAGE][PASSED] - Object: 'Object Repository/Inpatient Request/Page_Store/button_Add' is clicked on

2018-05-22 12:51:31 - [TEST_STEP][PASSED] - Statement - Break: null

2018-05-22 12:51:31 - [TEST_STEP][PASSED] - selectOptionByIndex: All options with index in [10] are selected on object 'Object Repository/Inpatient Request/Page_Store/select_--Select--Alcohol Rub i'

2018-05-22 12:51:31 - [MESSAGE][PASSED] - All options with index in [10] are selected on object 'Object Repository/Inpatient Request/Page_Store/select_--Select--Alcohol Rub i'

2018-05-22 12:51:31 - [TEST_STEP][PASSED] - delay: Delayed 2 second(s)

2018-05-22 12:51:33 - [MESSAGE][PASSED] - Delayed 2 second(s)

2018-05-22 12:51:33 - [TEST_STEP][PASSED] - Statement - RequestedQty = com.kms.katalon.core.webui.keyword.WebUiBuiltInKeywords.getAttribute(com.kms.katalon.core.testobject.ObjectRepository.findTestObject(Inpatient Request/Page_Store/input_txttotal), "value"): Attribute 'value' of object 'Object Repository/Inpatient Request/Page_Store/input_txttotal' is: '5'

2018-05-22 12:51:33 - [MESSAGE][PASSED] - Attribute 'value' of object 'Object Repository/Inpatient Request/Page_Store/input_txttotal' is: '5'

2018-05-22 12:51:33 - [TEST_STEP][PASSED] - Statement - out.println("RequestedQty IS : " + RequestedQty): null

2018-05-22 12:51:33 - [TEST_STEP][PASSED] - Statement - BatchNo = com.kms.katalon.core.webui.keyword.WebUiBuiltInKeywords.getNumberOfTotalOption(com.kms.katalon.core.testobject.ObjectRepository.findTestObject(Inpatient Request/Page_Store/select_--Select--BA2910)): 3 options of object 'Object Repository/Inpatient Request/Page_Store/select_--Select--BA2910' counted

2018-05-22 12:51:33 - [MESSAGE][PASSED] - 3 options of object 'Object Repository/Inpatient Request/Page_Store/select_--Select--BA2910' counted

2018-05-22 12:51:33 - [TEST_STEP][PASSED] - Statement - For ([k = 1, k <= BatchNo - 1, (k++)]): null

2018-05-22 12:51:33 - [TEST_STEP][PASSED] - selectOptionByIndex: All options with index in [1] are selected on object 'Object Repository/Inpatient Request/Page_Store/select_--Select--BA2910'

2018-05-22 12:51:33 - [MESSAGE][PASSED] - All options with index in [1] are selected on object 'Object Repository/Inpatient Request/Page_Store/select_--Select--BA2910'

2018-05-22 12:51:33 - [TEST_STEP][PASSED] - delay: Delayed 2 second(s)

2018-05-22 12:51:35 - [MESSAGE][PASSED] - Delayed 2 second(s)

2018-05-22 12:51:35 - [TEST_STEP][PASSED] - Statement - StockQty = com.kms.katalon.core.webui.keyword.WebUiBuiltInKeywords.getAttribute(com.kms.katalon.core.testobject.ObjectRepository.findTestObject(Inpatient Request/Page_Store/input_txtprice), "value"): Attribute 'value' of object 'Object Repository/Inpatient Request/Page_Store/input_txtprice' is: '1850'

2018-05-22 12:51:35 - [MESSAGE][PASSED] - Attribute 'value' of object 'Object Repository/Inpatient Request/Page_Store/input_txtprice' is: '1850'

2018-05-22 12:51:35 - [TEST_STEP][PASSED] - Statement - out.println("StockQty IS : " + StockQty): null

2018-05-22 12:51:35 - [TEST_STEP][PASSED] - Statement - If (java.lang.Integer.valueOf(StockQty) > java.lang.Integer.valueOf(RequestedQty)): null

2018-05-22 12:51:35 - [TEST_STEP][PASSED] - delay: Delayed 1 second(s)

2018-05-22 12:51:36 - [MESSAGE][PASSED] - Delayed 1 second(s)

2018-05-22 12:51:36 - [TEST_STEP][PASSED] - setText: Text '5' is set on object 'Object Repository/Inpatient Request/Page_Store/input_txtqty'

2018-05-22 12:51:37 - [MESSAGE][PASSED] - Text '5' is set on object 'Object Repository/Inpatient Request/Page_Store/input_txtqty'

2018-05-22 12:51:37 - [TEST_STEP][PASSED] - click: Object: 'Object Repository/Inpatient Request/Page_Store/button_Add' is clicked on

2018-05-22 12:51:42 - [MESSAGE][PASSED] - Object: 'Object Repository/Inpatient Request/Page_Store/button_Add' is clicked on

2018-05-22 12:51:42 - [TEST_STEP][PASSED] - Statement - Break: null

2018-05-22 12:51:42 - [TEST_STEP][PASSED] - selectOptionByIndex: All options with index in [11] are selected on object 'Object Repository/Inpatient Request/Page_Store/select_--Select--Alcohol Rub i'

2018-05-22 12:51:42 - [MESSAGE][PASSED] - All options with index in [11] are selected on object 'Object Repository/Inpatient Request/Page_Store/select_--Select--Alcohol Rub i'

2018-05-22 12:51:42 - [TEST_STEP][PASSED] - delay: Delayed 2 second(s)

2018-05-22 12:51:44 - [MESSAGE][PASSED] - Delayed 2 second(s)

2018-05-22 12:51:44 - [TEST_STEP][PASSED] - Statement - RequestedQty = com.kms.katalon.core.webui.keyword.WebUiBuiltInKeywords.getAttribute(com.kms.katalon.core.testobject.ObjectRepository.findTestObject(Inpatient Request/Page_Store/input_txttotal), "value"): Attribute 'value' of object 'Object Repository/Inpatient Request/Page_Store/input_txttotal' is: '5'

2018-05-22 12:51:44 - [MESSAGE][PASSED] - Attribute 'value' of object 'Object Repository/Inpatient Request/Page_Store/input_txttotal' is: '5'

2018-05-22 12:51:44 - [TEST_STEP][PASSED] - Statement - out.println("RequestedQty IS : " + RequestedQty): null

2018-05-22 12:51:44 - [TEST_STEP][PASSED] - Statement - BatchNo = com.kms.katalon.core.webui.keyword.WebUiBuiltInKeywords.getNumberOfTotalOption(com.kms.katalon.core.testobject.ObjectRepository.findTestObject(Inpatient Request/Page_Store/select_--Select--BA2910)): 3 options of object 'Object Repository/Inpatient Request/Page_Store/select_--Select--BA2910' counted

2018-05-22 12:51:44 - [MESSAGE][PASSED] - 3 options of object 'Object Repository/Inpatient Request/Page_Store/select_--Select--BA2910' counted

2018-05-22 12:51:44 - [TEST_STEP][PASSED] - Statement - For ([k = 1, k <= BatchNo - 1, (k++)]): null

2018-05-22 12:51:44 - [TEST_STEP][PASSED] - selectOptionByIndex: All options with index in [1] are selected on object 'Object Repository/Inpatient Request/Page_Store/select_--Select--BA2910'

2018-05-22 12:51:44 - [MESSAGE][PASSED] - All options with index in [1] are selected on object 'Object Repository/Inpatient Request/Page_Store/select_--Select--BA2910'

2018-05-22 12:51:44 - [TEST_STEP][PASSED] - delay: Delayed 2 second(s)

2018-05-22 12:51:46 - [MESSAGE][PASSED] - Delayed 2 second(s)

2018-05-22 12:51:46 - [TEST_STEP][PASSED] - Statement - StockQty = com.kms.katalon.core.webui.keyword.WebUiBuiltInKeywords.getAttribute(com.kms.katalon.core.testobject.ObjectRepository.findTestObject(Inpatient Request/Page_Store/input_txtprice), "value"): Attribute 'value' of object 'Object Repository/Inpatient Request/Page_Store/input_txtprice' is: '1744'

2018-05-22 12:51:46 - [MESSAGE][PASSED] - Attribute 'value' of object 'Object Repository/Inpatient Request/Page_Store/input_txtprice' is: '1744'

2018-05-22 12:51:46 - [TEST_STEP][PASSED] - Statement - out.println("StockQty IS : " + StockQty): null

2018-05-22 12:51:46 - [TEST_STEP][PASSED] - Statement - If (java.lang.Integer.valueOf(StockQty) > java.lang.Integer.valueOf(RequestedQty)): null

2018-05-22 12:51:46 - [TEST_STEP][PASSED] - delay: Delayed 1 second(s)

2018-05-22 12:51:47 - [MESSAGE][PASSED] - Delayed 1 second(s)

2018-05-22 12:51:47 - [TEST_STEP][PASSED] - setText: Text '5' is set on object 'Object Repository/Inpatient Request/Page_Store/input_txtqty'

2018-05-22 12:51:47 - [MESSAGE][PASSED] - Text '5' is set on object 'Object Repository/Inpatient Request/Page_Store/input_txtqty'

2018-05-22 12:51:47 - [TEST_STEP][PASSED] - click: Object: 'Object Repository/Inpatient Request/Page_Store/button_Add' is clicked on

2018-05-22 12:51:52 - [MESSAGE][PASSED] - Object: 'Object Repository/Inpatient Request/Page_Store/button_Add' is clicked on

2018-05-22 12:51:52 - [TEST_STEP][PASSED] - Statement - Break: null

2018-05-22 12:51:52 - [TEST_STEP][PASSED] - selectOptionByIndex: All options with index in [12] are selected on object 'Object Repository/Inpatient Request/Page_Store/select_--Select--Alcohol Rub i'

2018-05-22 12:51:53 - [MESSAGE][PASSED] - All options with index in [12] are selected on object 'Object Repository/Inpatient Request/Page_Store/select_--Select--Alcohol Rub i'

2018-05-22 12:51:53 - [TEST_STEP][PASSED] - delay: Delayed 2 second(s)

2018-05-22 12:51:55 - [MESSAGE][PASSED] - Delayed 2 second(s)

2018-05-22 12:51:55 - [TEST_STEP][PASSED] - Statement - RequestedQty = com.kms.katalon.core.webui.keyword.WebUiBuiltInKeywords.getAttribute(com.kms.katalon.core.testobject.ObjectRepository.findTestObject(Inpatient Request/Page_Store/input_txttotal), "value"): Attribute 'value' of object 'Object Repository/Inpatient Request/Page_Store/input_txttotal' is: '5'

2018-05-22 12:51:55 - [MESSAGE][PASSED] - Attribute 'value' of object 'Object Repository/Inpatient Request/Page_Store/input_txttotal' is: '5'

2018-05-22 12:51:55 - [TEST_STEP][PASSED] - Statement - out.println("RequestedQty IS : " + RequestedQty): null

2018-05-22 12:51:55 - [TEST_STEP][PASSED] - Statement - BatchNo = com.kms.katalon.core.webui.keyword.WebUiBuiltInKeywords.getNumberOfTotalOption(com.kms.katalon.core.testobject.ObjectRepository.findTestObject(Inpatient Request/Page_Store/select_--Select--BA2910)): 3 options of object 'Object Repository/Inpatient Request/Page_Store/select_--Select--BA2910' counted

2018-05-22 12:51:55 - [MESSAGE][PASSED] - 3 options of object 'Object Repository/Inpatient Request/Page_Store/select_--Select--BA2910' counted

2018-05-22 12:51:55 - [TEST_STEP][PASSED] - Statement - For ([k = 1, k <= BatchNo - 1, (k++)]): null

2018-05-22 12:51:55 - [TEST_STEP][PASSED] - selectOptionByIndex: All options with index in [1] are selected on object 'Object Repository/Inpatient Request/Page_Store/select_--Select--BA2910'

2018-05-22 12:51:55 - [MESSAGE][PASSED] - All options with index in [1] are selected on object 'Object Repository/Inpatient Request/Page_Store/select_--Select--BA2910'

2018-05-22 12:51:55 - [TEST_STEP][PASSED] - delay: Delayed 2 second(s)

2018-05-22 12:51:57 - [MESSAGE][PASSED] - Delayed 2 second(s)

2018-05-22 12:51:57 - [TEST_STEP][PASSED] - Statement - StockQty = com.kms.katalon.core.webui.keyword.WebUiBuiltInKeywords.getAttribute(com.kms.katalon.core.testobject.ObjectRepository.findTestObject(Inpatient Request/Page_Store/input_txtprice), "value"): Attribute 'value' of object 'Object Repository/Inpatient Request/Page_Store/input_txtprice' is: '1825'

2018-05-22 12:51:57 - [MESSAGE][PASSED] - Attribute 'value' of object 'Object Repository/Inpatient Request/Page_Store/input_txtprice' is: '1825'

2018-05-22 12:51:57 - [TEST_STEP][PASSED] - Statement - out.println("StockQty IS : " + StockQty): null

2018-05-22 12:51:57 - [TEST_STEP][PASSED] - Statement - If (java.lang.Integer.valueOf(StockQty) > java.lang.Integer.valueOf(RequestedQty)): null

2018-05-22 12:51:57 - [TEST_STEP][PASSED] - delay: Delayed 1 second(s)

2018-05-22 12:51:58 - [MESSAGE][PASSED] - Delayed 1 second(s)

2018-05-22 12:51:58 - [TEST_STEP][PASSED] - setText: Text '5' is set on object 'Object Repository/Inpatient Request/Page_Store/input_txtqty'

2018-05-22 12:51:58 - [MESSAGE][PASSED] - Text '5' is set on object 'Object Repository/Inpatient Request/Page_Store/input_txtqty'

2018-05-22 12:51:58 - [TEST_STEP][PASSED] - click: Object: 'Object Repository/Inpatient Request/Page_Store/button_Add' is clicked on

2018-05-22 12:52:03 - [MESSAGE][PASSED] - Object: 'Object Repository/Inpatient Request/Page_Store/button_Add' is clicked on

2018-05-22 12:52:03 - [TEST_STEP][PASSED] - Statement - Break: null

2018-05-22 12:52:03 - [TEST_STEP][PASSED] - selectOptionByIndex: All options with index in [13] are selected on object 'Object Repository/Inpatient Request/Page_Store/select_--Select--Alcohol Rub i'

2018-05-22 12:52:03 - [MESSAGE][PASSED] - All options with index in [13] are selected on object 'Object Repository/Inpatient Request/Page_Store/select_--Select--Alcohol Rub i'

2018-05-22 12:52:03 - [TEST_STEP][PASSED] - delay: Delayed 2 second(s)

2018-05-22 12:52:05 - [MESSAGE][PASSED] - Delayed 2 second(s)

2018-05-22 12:52:05 - [TEST_STEP][PASSED] - Statement - RequestedQty = com.kms.katalon.core.webui.keyword.WebUiBuiltInKeywords.getAttribute(com.kms.katalon.core.testobject.ObjectRepository.findTestObject(Inpatient Request/Page_Store/input_txttotal), "value"): Attribute 'value' of object 'Object Repository/Inpatient Request/Page_Store/input_txttotal' is: '5'

2018-05-22 12:52:05 - [MESSAGE][PASSED] - Attribute 'value' of object 'Object Repository/Inpatient Request/Page_Store/input_txttotal' is: '5'

2018-05-22 12:52:05 - [TEST_STEP][PASSED] - Statement - out.println("RequestedQty IS : " + RequestedQty): null

2018-05-22 12:52:05 - [TEST_STEP][PASSED] - Statement - BatchNo = com.kms.katalon.core.webui.keyword.WebUiBuiltInKeywords.getNumberOfTotalOption(com.kms.katalon.core.testobject.ObjectRepository.findTestObject(Inpatient Request/Page_Store/select_--Select--BA2910)): 3 options of object 'Object Repository/Inpatient Request/Page_Store/select_--Select--BA2910' counted

2018-05-22 12:52:05 - [MESSAGE][PASSED] - 3 options of object 'Object Repository/Inpatient Request/Page_Store/select_--Select--BA2910' counted

2018-05-22 12:52:05 - [TEST_STEP][PASSED] - Statement - For ([k = 1, k <= BatchNo - 1, (k++)]): null

2018-05-22 12:52:05 - [TEST_STEP][PASSED] - selectOptionByIndex: All options with index in [1] are selected on object 'Object Repository/Inpatient Request/Page_Store/select_--Select--BA2910'

2018-05-22 12:52:06 - [MESSAGE][PASSED] - All options with index in [1] are selected on object 'Object Repository/Inpatient Request/Page_Store/select_--Select--BA2910'

2018-05-22 12:52:06 - [TEST_STEP][PASSED] - delay: Delayed 2 second(s)

2018-05-22 12:52:08 - [MESSAGE][PASSED] - Delayed 2 second(s)

2018-05-22 12:52:08 - [TEST_STEP][PASSED] - Statement - StockQty = com.kms.katalon.core.webui.keyword.WebUiBuiltInKeywords.getAttribute(com.kms.katalon.core.testobject.ObjectRepository.findTestObject(Inpatient Request/Page_Store/input_txtprice), "value"): Attribute 'value' of object 'Object Repository/Inpatient Request/Page_Store/input_txtprice' is: '95'

2018-05-22 12:52:08 - [MESSAGE][PASSED] - Attribute 'value' of object 'Object Repository/Inpatient Request/Page_Store/input_txtprice' is: '95'

2018-05-22 12:52:08 - [TEST_STEP][PASSED] - Statement - out.println("StockQty IS : " + StockQty): null

2018-05-22 12:52:08 - [TEST_STEP][PASSED] - Statement - If (java.lang.Integer.valueOf(StockQty) > java.lang.Integer.valueOf(RequestedQty)): null

2018-05-22 12:52:08 - [TEST_STEP][PASSED] - delay: Delayed 1 second(s)

2018-05-22 12:52:09 - [MESSAGE][PASSED] - Delayed 1 second(s)

2018-05-22 12:52:09 - [TEST_STEP][PASSED] - setText: Text '5' is set on object 'Object Repository/Inpatient Request/Page_Store/input_txtqty'

2018-05-22 12:52:09 - [MESSAGE][PASSED] - Text '5' is set on object 'Object Repository/Inpatient Request/Page_Store/input_txtqty'

2018-05-22 12:52:09 - [TEST_STEP][PASSED] - click: Object: 'Object Repository/Inpatient Request/Page_Store/button_Add' is clicked on

2018-05-22 12:52:14 - [MESSAGE][PASSED] - Object: 'Object Repository/Inpatient Request/Page_Store/button_Add' is clicked on

2018-05-22 12:52:14 - [TEST_STEP][PASSED] - Statement - Break: null

2018-05-22 12:52:14 - [TEST_STEP][PASSED] - selectOptionByIndex: All options with index in [14] are selected on object 'Object Repository/Inpatient Request/Page_Store/select_--Select--Alcohol Rub i'

2018-05-22 12:52:14 - [MESSAGE][PASSED] - All options with index in [14] are selected on object 'Object Repository/Inpatient Request/Page_Store/select_--Select--Alcohol Rub i'

2018-05-22 12:52:14 - [TEST_STEP][PASSED] - delay: Delayed 2 second(s)

2018-05-22 12:52:16 - [MESSAGE][PASSED] - Delayed 2 second(s)

2018-05-22 12:52:16 - [TEST_STEP][PASSED] - Statement - RequestedQty = com.kms.katalon.core.webui.keyword.WebUiBuiltInKeywords.getAttribute(com.kms.katalon.core.testobject.ObjectRepository.findTestObject(Inpatient Request/Page_Store/input_txttotal), "value"): Attribute 'value' of object 'Object Repository/Inpatient Request/Page_Store/input_txttotal' is: '5'

2018-05-22 12:52:16 - [MESSAGE][PASSED] - Attribute 'value' of object 'Object Repository/Inpatient Request/Page_Store/input_txttotal' is: '5'

2018-05-22 12:52:16 - [TEST_STEP][PASSED] - Statement - out.println("RequestedQty IS : " + RequestedQty): null

2018-05-22 12:52:16 - [TEST_STEP][PASSED] - Statement - BatchNo = com.kms.katalon.core.webui.keyword.WebUiBuiltInKeywords.getNumberOfTotalOption(com.kms.katalon.core.testobject.ObjectRepository.findTestObject(Inpatient Request/Page_Store/select_--Select--BA2910)): 3 options of object 'Object Repository/Inpatient Request/Page_Store/select_--Select--BA2910' counted

2018-05-22 12:52:16 - [MESSAGE][PASSED] - 3 options of object 'Object Repository/Inpatient Request/Page_Store/select_--Select--BA2910' counted

2018-05-22 12:52:16 - [TEST_STEP][PASSED] - Statement - For ([k = 1, k <= BatchNo - 1, (k++)]): null

2018-05-22 12:52:16 - [TEST_STEP][PASSED] - selectOptionByIndex: All options with index in [1] are selected on object 'Object Repository/Inpatient Request/Page_Store/select_--Select--BA2910'

2018-05-22 12:52:16 - [MESSAGE][PASSED] - All options with index in [1] are selected on object 'Object Repository/Inpatient Request/Page_Store/select_--Select--BA2910'

2018-05-22 12:52:16 - [TEST_STEP][PASSED] - delay: Delayed 2 second(s)

2018-05-22 12:52:18 - [MESSAGE][PASSED] - Delayed 2 second(s)

2018-05-22 12:52:18 - [TEST_STEP][PASSED] - Statement - StockQty = com.kms.katalon.core.webui.keyword.WebUiBuiltInKeywords.getAttribute(com.kms.katalon.core.testobject.ObjectRepository.findTestObject(Inpatient Request/Page_Store/input_txtprice), "value"): Attribute 'value' of object 'Object Repository/Inpatient Request/Page_Store/input_txtprice' is: '1860'

2018-05-22 12:52:18 - [MESSAGE][PASSED] - Attribute 'value' of object 'Object Repository/Inpatient Request/Page_Store/input_txtprice' is: '1860'

2018-05-22 12:52:18 - [TEST_STEP][PASSED] - Statement - out.println("StockQty IS : " + StockQty): null

2018-05-22 12:52:18 - [TEST_STEP][PASSED] - Statement - If (java.lang.Integer.valueOf(StockQty) > java.lang.Integer.valueOf(RequestedQty)): null

2018-05-22 12:52:18 - [TEST_STEP][PASSED] - delay: Delayed 1 second(s)

2018-05-22 12:52:19 - [MESSAGE][PASSED] - Delayed 1 second(s)

2018-05-22 12:52:19 - [TEST_STEP][PASSED] - setText: Text '5' is set on object 'Object Repository/Inpatient Request/Page_Store/input_txtqty'

2018-05-22 12:52:19 - [MESSAGE][PASSED] - Text '5' is set on object 'Object Repository/Inpatient Request/Page_Store/input_txtqty'

2018-05-22 12:52:19 - [TEST_STEP][PASSED] - click: Object: 'Object Repository/Inpatient Request/Page_Store/button_Add' is clicked on

2018-05-22 12:52:25 - [MESSAGE][PASSED] - Object: 'Object Repository/Inpatient Request/Page_Store/button_Add' is clicked on

2018-05-22 12:52:25 - [TEST_STEP][PASSED] - Statement - Break: null

2018-05-22 12:52:25 - [TEST_STEP][PASSED] - selectOptionByIndex: All options with index in [15] are selected on object 'Object Repository/Inpatient Request/Page_Store/select_--Select--Alcohol Rub i'

2018-05-22 12:52:25 - [MESSAGE][PASSED] - All options with index in [15] are selected on object 'Object Repository/Inpatient Request/Page_Store/select_--Select--Alcohol Rub i'

2018-05-22 12:52:25 - [TEST_STEP][PASSED] - delay: Delayed 2 second(s)

2018-05-22 12:52:27 - [MESSAGE][PASSED] - Delayed 2 second(s)

2018-05-22 12:52:27 - [TEST_STEP][PASSED] - Statement - RequestedQty = com.kms.katalon.core.webui.keyword.WebUiBuiltInKeywords.getAttribute(com.kms.katalon.core.testobject.ObjectRepository.findTestObject(Inpatient Request/Page_Store/input_txttotal), "value"): Attribute 'value' of object 'Object Repository/Inpatient Request/Page_Store/input_txttotal' is: '5'

2018-05-22 12:52:27 - [MESSAGE][PASSED] - Attribute 'value' of object 'Object Repository/Inpatient Request/Page_Store/input_txttotal' is: '5'

2018-05-22 12:52:27 - [TEST_STEP][PASSED] - Statement - out.println("RequestedQty IS : " + RequestedQty): null

2018-05-22 12:52:27 - [TEST_STEP][PASSED] - Statement - BatchNo = com.kms.katalon.core.webui.keyword.WebUiBuiltInKeywords.getNumberOfTotalOption(com.kms.katalon.core.testobject.ObjectRepository.findTestObject(Inpatient Request/Page_Store/select_--Select--BA2910)): 2 options of object 'Object Repository/Inpatient Request/Page_Store/select_--Select--BA2910' counted

2018-05-22 12:52:27 - [MESSAGE][PASSED] - 2 options of object 'Object Repository/Inpatient Request/Page_Store/select_--Select--BA2910' counted

2018-05-22 12:52:27 - [TEST_STEP][PASSED] - Statement - For ([k = 1, k <= BatchNo - 1, (k++)]): null

2018-05-22 12:52:27 - [TEST_STEP][PASSED] - selectOptionByIndex: All options with index in [1] are selected on object 'Object Repository/Inpatient Request/Page_Store/select_--Select--BA2910'

2018-05-22 12:52:27 - [MESSAGE][PASSED] - All options with index in [1] are selected on object 'Object Repository/Inpatient Request/Page_Store/select_--Select--BA2910'

2018-05-22 12:52:27 - [TEST_STEP][PASSED] - delay: Delayed 2 second(s)

2018-05-22 12:52:29 - [MESSAGE][PASSED] - Delayed 2 second(s)

2018-05-22 12:52:29 - [TEST_STEP][PASSED] - Statement - StockQty = com.kms.katalon.core.webui.keyword.WebUiBuiltInKeywords.getAttribute(com.kms.katalon.core.testobject.ObjectRepository.findTestObject(Inpatient Request/Page_Store/input_txtprice), "value"): Attribute 'value' of object 'Object Repository/Inpatient Request/Page_Store/input_txtprice' is: '9935'

2018-05-22 12:52:29 - [MESSAGE][PASSED] - Attribute 'value' of object 'Object Repository/Inpatient Request/Page_Store/input_txtprice' is: '9935'

2018-05-22 12:52:29 - [TEST_STEP][PASSED] - Statement - out.println("StockQty IS : " + StockQty): null

2018-05-22 12:52:29 - [TEST_STEP][PASSED] - Statement - If (java.lang.Integer.valueOf(StockQty) > java.lang.Integer.valueOf(RequestedQty)): null

2018-05-22 12:52:29 - [TEST_STEP][PASSED] - delay: Delayed 1 second(s)

2018-05-22 12:52:30 - [MESSAGE][PASSED] - Delayed 1 second(s)

2018-05-22 12:52:30 - [TEST_STEP][PASSED] - setText: Text '5' is set on object 'Object Repository/Inpatient Request/Page_Store/input_txtqty'

2018-05-22 12:52:30 - [MESSAGE][PASSED] - Text '5' is set on object 'Object Repository/Inpatient Request/Page_Store/input_txtqty'

2018-05-22 12:52:30 - [TEST_STEP][PASSED] - click: Object: 'Object Repository/Inpatient Request/Page_Store/button_Add' is clicked on

2018-05-22 12:52:35 - [MESSAGE][PASSED] - Object: 'Object Repository/Inpatient Request/Page_Store/button_Add' is clicked on

2018-05-22 12:52:35 - [TEST_STEP][PASSED] - Statement - Break: null

2018-05-22 12:52:35 - [TEST_STEP][PASSED] - selectOptionByIndex: All options with index in [16] are selected on object 'Object Repository/Inpatient Request/Page_Store/select_--Select--Alcohol Rub i'

2018-05-22 12:52:36 - [MESSAGE][PASSED] - All options with index in [16] are selected on object 'Object Repository/Inpatient Request/Page_Store/select_--Select--Alcohol Rub i'

2018-05-22 12:52:36 - [TEST_STEP][PASSED] - delay: Delayed 2 second(s)

2018-05-22 12:52:38 - [MESSAGE][PASSED] - Delayed 2 second(s)

2018-05-22 12:52:38 - [TEST_STEP][PASSED] - Statement - RequestedQty = com.kms.katalon.core.webui.keyword.WebUiBuiltInKeywords.getAttribute(com.kms.katalon.core.testobject.ObjectRepository.findTestObject(Inpatient Request/Page_Store/input_txttotal), "value"): Attribute 'value' of object 'Object Repository/Inpatient Request/Page_Store/input_txttotal' is: '5'

2018-05-22 12:52:38 - [MESSAGE][PASSED] - Attribute 'value' of object 'Object Repository/Inpatient Request/Page_Store/input_txttotal' is: '5'

2018-05-22 12:52:38 - [TEST_STEP][PASSED] - Statement - out.println("RequestedQty IS : " + RequestedQty): null

2018-05-22 12:52:38 - [TEST_STEP][PASSED] - Statement - BatchNo = com.kms.katalon.core.webui.keyword.WebUiBuiltInKeywords.getNumberOfTotalOption(com.kms.katalon.core.testobject.ObjectRepository.findTestObject(Inpatient Request/Page_Store/select_--Select--BA2910)): 2 options of object 'Object Repository/Inpatient Request/Page_Store/select_--Select--BA2910' counted

2018-05-22 12:52:38 - [MESSAGE][PASSED] - 2 options of object 'Object Repository/Inpatient Request/Page_Store/select_--Select--BA2910' counted

2018-05-22 12:52:38 - [TEST_STEP][PASSED] - Statement - For ([k = 1, k <= BatchNo - 1, (k++)]): null

2018-05-22 12:52:38 - [TEST_STEP][PASSED] - selectOptionByIndex: All options with index in [1] are selected on object 'Object Repository/Inpatient Request/Page_Store/select_--Select--BA2910'

2018-05-22 12:52:38 - [MESSAGE][PASSED] - All options with index in [1] are selected on object 'Object Repository/Inpatient Request/Page_Store/select_--Select--BA2910'

2018-05-22 12:52:38 - [TEST_STEP][PASSED] - delay: Delayed 2 second(s)

2018-05-22 12:52:40 - [MESSAGE][PASSED] - Delayed 2 second(s)

2018-05-22 12:52:40 - [TEST_STEP][PASSED] - Statement - StockQty = com.kms.katalon.core.webui.keyword.WebUiBuiltInKeywords.getAttribute(com.kms.katalon.core.testobject.ObjectRepository.findTestObject(Inpatient Request/Page_Store/input_txtprice), "value"): Attribute 'value' of object 'Object Repository/Inpatient Request/Page_Store/input_txtprice' is: '9935'

2018-05-22 12:52:40 - [MESSAGE][PASSED] - Attribute 'value' of object 'Object Repository/Inpatient Request/Page_Store/input_txtprice' is: '9935'

2018-05-22 12:52:40 - [TEST_STEP][PASSED] - Statement - out.println("StockQty IS : " + StockQty): null

2018-05-22 12:52:40 - [TEST_STEP][PASSED] - Statement - If (java.lang.Integer.valueOf(StockQty) > java.lang.Integer.valueOf(RequestedQty)): null

2018-05-22 12:52:40 - [TEST_STEP][PASSED] - delay: Delayed 1 second(s)

2018-05-22 12:52:41 - [MESSAGE][PASSED] - Delayed 1 second(s)

2018-05-22 12:52:41 - [TEST_STEP][PASSED] - setText: Text '5' is set on object 'Object Repository/Inpatient Request/Page_Store/input_txtqty'

2018-05-22 12:52:41 - [MESSAGE][PASSED] - Text '5' is set on object 'Object Repository/Inpatient Request/Page_Store/input_txtqty'

2018-05-22 12:52:41 - [TEST_STEP][PASSED] - click: Object: 'Object Repository/Inpatient Request/Page_Store/button_Add' is clicked on

2018-05-22 12:52:46 - [MESSAGE][PASSED] - Object: 'Object Repository/Inpatient Request/Page_Store/button_Add' is clicked on

2018-05-22 12:52:46 - [TEST_STEP][PASSED] - Statement - Break: null

2018-05-22 12:52:46 - [TEST_STEP][PASSED] - scrollToElement: Scroll to object 'Object Repository/Inpatient Request/Page_Store/input_btnSubmit' successfully

2018-05-22 12:52:46 - [MESSAGE][PASSED] - Scroll to object 'Object Repository/Inpatient Request/Page_Store/input_btnSubmit' successfully

2018-05-22 12:52:46 - [TEST_STEP][PASSED] - click: Object: 'Object Repository/Inpatient Request/Page_Store/input_btnSubmit' is clicked on

2018-05-22 12:52:51 - [MESSAGE][PASSED] - Object: 'Object Repository/Inpatient Request/Page_Store/input_btnSubmit' is clicked on

2018-05-22 12:52:51 - [TEST_STEP][PASSED] - delay: Delayed 3 second(s)

2018-05-22 12:52:54 - [MESSAGE][PASSED] - Delayed 3 second(s)

2018-05-22 12:52:54 - [TEST_STEP][PASSED] - click: Object: 'Object Repository/Inpatient Request/Page_Store/button_OK' is clicked on

2018-05-22 12:53:00 - [MESSAGE][PASSED] - Object: 'Object Repository/Inpatient Request/Page_Store/button_OK' is clicked on

2018-05-22 12:53:00 - [TEST_STEP][PASSED] - delay: Delayed 3 second(s)

2018-05-22 12:53:03 - [MESSAGE][PASSED] - Delayed 3 second(s)

2018-05-22 12:53:03 - [TEST_STEP][FAILED] - click: Unable to click on object 'Object Repository/Inpatient Request/Page_Store/a_dropdown-toggle' (Root cause: com.kms.katalon.core.webui.exception.WebElementNotFoundException: Web element with id: 'Object Repository/Inpatient Request/Page_Store/a_dropdown-toggle' located by 'By.xpath: /html[1]/body[@class="skin-blue  pace-done"]/header[@class="header"]/div[@class="row"]/nav[@class="navbar navbar-static-top"]/div[@class="navbar-right"]/ul[@class="nav navbar-nav"]/li[@class="dropdown user user-menu"]/a[@class="dropdown-toggle"][count(. | //*[@class = 'dropdown-toggle' and @data-toggle = 'dropdown']) = count(//*[@class = 'dropdown-toggle' and @data-toggle = 'dropdown'])]' not found)

2018-05-22 12:53:35 - [MESSAGE][FAILED] - Unable to click on object 'Object Repository/Inpatient Request/Page_Store/a_dropdown-toggle' (Root cause: com.kms.katalon.core.webui.exception.WebElementNotFoundException: Web element with id: 'Object Repository/Inpatient Request/Page_Store/a_dropdown-toggle' located by 'By.xpath: /html[1]/body[@class="skin-blue  pace-done"]/header[@class="header"]/div[@class="row"]/nav[@class="navbar navbar-static-top"]/div[@class="navbar-right"]/ul[@class="nav navbar-nav"]/li[@class="dropdown user user-menu"]/a[@class="dropdown-toggle"][count(. | //*[@class = 'dropdown-toggle' and @data-toggle = 'dropdown']) = count(//*[@class = 'dropdown-toggle' and @data-toggle = 'dropdown'])]' not found)
[[ATTACHMENT|C:\\Users\\Quality Analyst\\Katalon Studio\\ds\\Reports\\Inpatient_Suite\\20180522_124858\\1526973814596.png]]]]></system-out>
         <system-err><![CDATA[2018-05-22 12:49:09 - [TEST_CASE][FAILED] - Test Cases/INPATIENT TEST CASES/TC_INR_001 Verify Schedule 5 Inpatient Request Are Working Successfully Or Not: Test Cases/INPATIENT TEST CASES/TC_INR_001 Verify Schedule 5 Inpatient Request Are Working Successfully Or Not FAILED because (of) Unable to click on object 'Object Repository/Inpatient Request/Page_Store/a_dropdown-toggle' (Root cause: com.kms.katalon.core.webui.exception.WebElementNotFoundException: Web element with id: 'Object Repository/Inpatient Request/Page_Store/a_dropdown-toggle' located by 'By.xpath: /html[1]/body[@class="skin-blue  pace-done"]/header[@class="header"]/div[@class="row"]/nav[@class="navbar navbar-static-top"]/div[@class="navbar-right"]/ul[@class="nav navbar-nav"]/li[@class="dropdown user user-menu"]/a[@class="dropdown-toggle"][count(. | //*[@class = 'dropdown-toggle' and @data-toggle = 'dropdown']) = count(//*[@class = 'dropdown-toggle' and @data-toggle = 'dropdown'])]' not found)]]></system-err>
      </testcase>
      <testcase name="Test Cases/INPATIENT TEST CASES/TC_INR_002 Verify Schedule 8 Inpatient Request Are Working Successfully Or Not" classname="Test Cases/INPATIENT TEST CASES/TC_INR_002 Verify Schedule 8 Inpatient Request Are Working Successfully Or Not" status="PASSED">
         <system-out><![CDATA[2018-05-22 12:53:35 - [TEST_CASE][PASSED] - Test Cases/INPATIENT TEST CASES/TC_INR_002 Verify Schedule 8 Inpatient Request Are Working Successfully Or Not: Test Cases/INPATIENT TEST CASES/TC_INR_002 Verify Schedule 8 Inpatient Request Are Working Successfully Or Not

2018-05-22 12:53:35 - [TEST_STEP][PASSED] - openBrowser: Browser is opened with url: ''

2018-05-22 12:53:35 - [MESSAGE][WARNING] - A browser is already opened. Closing browser and opening a new one

2018-05-22 12:53:38 - [MESSAGE][PASSED] - Browser is opened with url: ''

2018-05-22 12:53:38 - [TEST_STEP][PASSED] - Statement - out.println("Verify Schedule 8 Inpatient Request Are Working Successfully Or Not"): null

2018-05-22 12:53:38 - [TEST_STEP][PASSED] - navigateToUrl: Navigate to 'http://192.168.137.1/multihospital_new/' successfully

2018-05-22 12:53:40 - [MESSAGE][PASSED] - Navigate to 'http://192.168.137.1/multihospital_new/' successfully

2018-05-22 12:53:40 - [TEST_STEP][PASSED] - maximizeWindow: Current window maximized

2018-05-22 12:53:41 - [MESSAGE][PASSED] - Current window maximized

2018-05-22 12:53:41 - [TEST_STEP][PASSED] - click: Object: 'Object Repository/Inpatient Request/Page_KDMC/a_In Patient' is clicked on

2018-05-22 12:53:42 - [MESSAGE][PASSED] - Object: 'Object Repository/Inpatient Request/Page_KDMC/a_In Patient' is clicked on

2018-05-22 12:53:42 - [TEST_STEP][PASSED] - setText: Text 'brintha' is set on object 'Object Repository/Inpatient Request/Page_INPATIENT LOGIN/input_txtusername'

2018-05-22 12:53:42 - [MESSAGE][PASSED] - Text 'brintha' is set on object 'Object Repository/Inpatient Request/Page_INPATIENT LOGIN/input_txtusername'

2018-05-22 12:53:42 - [TEST_STEP][PASSED] - setText: Text '123' is set on object 'Object Repository/Inpatient Request/Page_INPATIENT LOGIN/input_txtpassword'

2018-05-22 12:53:42 - [MESSAGE][PASSED] - Text '123' is set on object 'Object Repository/Inpatient Request/Page_INPATIENT LOGIN/input_txtpassword'

2018-05-22 12:53:42 - [TEST_STEP][PASSED] - delay: Delayed 3 second(s)

2018-05-22 12:53:45 - [MESSAGE][PASSED] - Delayed 3 second(s)

2018-05-22 12:53:45 - [TEST_STEP][PASSED] - click: Object: 'Object Repository/Inpatient Request/Page_INPATIENT LOGIN/button_Sign in' is clicked on

2018-05-22 12:53:47 - [MESSAGE][PASSED] - Object: 'Object Repository/Inpatient Request/Page_INPATIENT LOGIN/button_Sign in' is clicked on

2018-05-22 12:53:47 - [TEST_STEP][PASSED] - delay: Delayed 3 second(s)

2018-05-22 12:53:50 - [MESSAGE][PASSED] - Delayed 3 second(s)

2018-05-22 12:53:50 - [TEST_STEP][PASSED] - scrollToPosition: Browser is scrolled to position x = 300, y = 300

2018-05-22 12:53:50 - [MESSAGE][PASSED] - Browser is scrolled to position x = 300, y = 300

2018-05-22 12:53:50 - [TEST_STEP][PASSED] - delay: Delayed 2 second(s)

2018-05-22 12:53:52 - [MESSAGE][PASSED] - Delayed 2 second(s)

2018-05-22 12:53:52 - [TEST_STEP][PASSED] - navigateToUrl: Navigate to 'http://192.168.137.1/Multihospital_New/StoresRequest.aspx' successfully

2018-05-22 12:53:53 - [MESSAGE][PASSED] - Navigate to 'http://192.168.137.1/Multihospital_New/StoresRequest.aspx' successfully

2018-05-22 12:53:53 - [TEST_STEP][PASSED] - delay: Delayed 3 second(s)

2018-05-22 12:53:56 - [MESSAGE][PASSED] - Delayed 3 second(s)

2018-05-22 12:53:56 - [TEST_STEP][PASSED] - refresh: Refresh successfully

2018-05-22 12:53:57 - [MESSAGE][PASSED] - Refresh successfully

2018-05-22 12:53:57 - [TEST_STEP][PASSED] - delay: Delayed 3 second(s)

2018-05-22 12:54:00 - [MESSAGE][PASSED] - Delayed 3 second(s)

2018-05-22 12:54:00 - [TEST_STEP][PASSED] - selectOptionByIndex: All options with index in [2] are selected on object 'Object Repository/Inpatient Request/Page_KDMC/select_--Select--ChildrensGene'

2018-05-22 12:54:00 - [MESSAGE][PASSED] - All options with index in [2] are selected on object 'Object Repository/Inpatient Request/Page_KDMC/select_--Select--ChildrensGene'

2018-05-22 12:54:00 - [TEST_STEP][PASSED] - Statement - Inpatient_RequestNumber = com.kms.katalon.core.webui.keyword.WebUiBuiltInKeywords.getAttribute(com.kms.katalon.core.testobject.ObjectRepository.findTestObject(Inpatient Request/Page_KDMC/input_txtno), "value"): Attribute 'value' of object 'Object Repository/Inpatient Request/Page_KDMC/input_txtno' is: 'RNO/22052018/157'

2018-05-22 12:54:00 - [MESSAGE][PASSED] - Attribute 'value' of object 'Object Repository/Inpatient Request/Page_KDMC/input_txtno' is: 'RNO/22052018/157'

2018-05-22 12:54:00 - [TEST_STEP][PASSED] - Statement - RequestNo = Inpatient_RequestNumber.split("/")[2]: null

2018-05-22 12:54:00 - [TEST_STEP][PASSED] - Statement - out.println("RqID : " + RequestNo): null

2018-05-22 12:54:00 - [TEST_STEP][PASSED] - selectOptionByIndex: All options with index in [2] are selected on object 'Object Repository/Inpatient Request/Page_KDMC/select_--Select--Schedule 5Dru'

2018-05-22 12:54:00 - [MESSAGE][PASSED] - All options with index in [2] are selected on object 'Object Repository/Inpatient Request/Page_KDMC/select_--Select--Schedule 5Dru'

2018-05-22 12:54:00 - [TEST_STEP][PASSED] - Statement - selectedoptions = com.kms.katalon.core.webui.keyword.WebUiBuiltInKeywords.getNumberOfTotalOption(com.kms.katalon.core.testobject.ObjectRepository.findTestObject(Inpatient Request/Page_KDMC/select_--Select--Alcohol Rub i)): 18 options of object 'Object Repository/Inpatient Request/Page_KDMC/select_--Select--Alcohol Rub i' counted

2018-05-22 12:54:00 - [MESSAGE][PASSED] - 18 options of object 'Object Repository/Inpatient Request/Page_KDMC/select_--Select--Alcohol Rub i' counted

2018-05-22 12:54:00 - [TEST_STEP][PASSED] - Statement - For ([i = 1, i < selectedoptions, (i++)]): Object: 'Object Repository/Inpatient Request/Page_KDMC/button_Add' is clicked on

2018-05-22 12:54:00 - [TEST_STEP][PASSED] - selectOptionByIndex: All options with index in [2] are selected on object 'Object Repository/Inpatient Request/Page_KDMC/select_--Select--Schedule 5Dru'

2018-05-22 12:54:00 - [MESSAGE][PASSED] - All options with index in [2] are selected on object 'Object Repository/Inpatient Request/Page_KDMC/select_--Select--Schedule 5Dru'

2018-05-22 12:54:00 - [TEST_STEP][PASSED] - selectOptionByIndex: All options with index in [1] are selected on object 'Object Repository/Inpatient Request/Page_KDMC/select_--Select--Alcohol Rub i'

2018-05-22 12:54:00 - [MESSAGE][PASSED] - All options with index in [1] are selected on object 'Object Repository/Inpatient Request/Page_KDMC/select_--Select--Alcohol Rub i'

2018-05-22 12:54:00 - [TEST_STEP][PASSED] - setText: Text '5' is set on object 'Object Repository/Inpatient Request/Page_KDMC/input_txttreat'

2018-05-22 12:54:00 - [MESSAGE][PASSED] - Text '5' is set on object 'Object Repository/Inpatient Request/Page_KDMC/input_txttreat'

2018-05-22 12:54:00 - [TEST_STEP][PASSED] - click: Object: 'Object Repository/Inpatient Request/Page_KDMC/button_Add' is clicked on

2018-05-22 12:54:01 - [MESSAGE][PASSED] - Object: 'Object Repository/Inpatient Request/Page_KDMC/button_Add' is clicked on

2018-05-22 12:54:01 - [TEST_STEP][PASSED] - selectOptionByIndex: All options with index in [2] are selected on object 'Object Repository/Inpatient Request/Page_KDMC/select_--Select--Schedule 5Dru'

2018-05-22 12:54:01 - [MESSAGE][PASSED] - All options with index in [2] are selected on object 'Object Repository/Inpatient Request/Page_KDMC/select_--Select--Schedule 5Dru'

2018-05-22 12:54:01 - [TEST_STEP][PASSED] - selectOptionByIndex: All options with index in [2] are selected on object 'Object Repository/Inpatient Request/Page_KDMC/select_--Select--Alcohol Rub i'

2018-05-22 12:54:01 - [MESSAGE][PASSED] - All options with index in [2] are selected on object 'Object Repository/Inpatient Request/Page_KDMC/select_--Select--Alcohol Rub i'

2018-05-22 12:54:01 - [TEST_STEP][PASSED] - setText: Text '5' is set on object 'Object Repository/Inpatient Request/Page_KDMC/input_txttreat'

2018-05-22 12:54:01 - [MESSAGE][PASSED] - Text '5' is set on object 'Object Repository/Inpatient Request/Page_KDMC/input_txttreat'

2018-05-22 12:54:01 - [TEST_STEP][PASSED] - click: Object: 'Object Repository/Inpatient Request/Page_KDMC/button_Add' is clicked on

2018-05-22 12:54:01 - [MESSAGE][PASSED] - Object: 'Object Repository/Inpatient Request/Page_KDMC/button_Add' is clicked on

2018-05-22 12:54:01 - [TEST_STEP][PASSED] - selectOptionByIndex: All options with index in [2] are selected on object 'Object Repository/Inpatient Request/Page_KDMC/select_--Select--Schedule 5Dru'

2018-05-22 12:54:01 - [MESSAGE][PASSED] - All options with index in [2] are selected on object 'Object Repository/Inpatient Request/Page_KDMC/select_--Select--Schedule 5Dru'

2018-05-22 12:54:01 - [TEST_STEP][PASSED] - selectOptionByIndex: All options with index in [3] are selected on object 'Object Repository/Inpatient Request/Page_KDMC/select_--Select--Alcohol Rub i'

2018-05-22 12:54:01 - [MESSAGE][PASSED] - All options with index in [3] are selected on object 'Object Repository/Inpatient Request/Page_KDMC/select_--Select--Alcohol Rub i'

2018-05-22 12:54:01 - [TEST_STEP][PASSED] - setText: Text '5' is set on object 'Object Repository/Inpatient Request/Page_KDMC/input_txttreat'

2018-05-22 12:54:01 - [MESSAGE][PASSED] - Text '5' is set on object 'Object Repository/Inpatient Request/Page_KDMC/input_txttreat'

2018-05-22 12:54:01 - [TEST_STEP][PASSED] - click: Object: 'Object Repository/Inpatient Request/Page_KDMC/button_Add' is clicked on

2018-05-22 12:54:01 - [MESSAGE][PASSED] - Object: 'Object Repository/Inpatient Request/Page_KDMC/button_Add' is clicked on

2018-05-22 12:54:01 - [TEST_STEP][PASSED] - selectOptionByIndex: All options with index in [2] are selected on object 'Object Repository/Inpatient Request/Page_KDMC/select_--Select--Schedule 5Dru'

2018-05-22 12:54:02 - [MESSAGE][PASSED] - All options with index in [2] are selected on object 'Object Repository/Inpatient Request/Page_KDMC/select_--Select--Schedule 5Dru'

2018-05-22 12:54:02 - [TEST_STEP][PASSED] - selectOptionByIndex: All options with index in [4] are selected on object 'Object Repository/Inpatient Request/Page_KDMC/select_--Select--Alcohol Rub i'

2018-05-22 12:54:02 - [MESSAGE][PASSED] - All options with index in [4] are selected on object 'Object Repository/Inpatient Request/Page_KDMC/select_--Select--Alcohol Rub i'

2018-05-22 12:54:02 - [TEST_STEP][PASSED] - setText: Text '5' is set on object 'Object Repository/Inpatient Request/Page_KDMC/input_txttreat'

2018-05-22 12:54:02 - [MESSAGE][PASSED] - Text '5' is set on object 'Object Repository/Inpatient Request/Page_KDMC/input_txttreat'

2018-05-22 12:54:02 - [TEST_STEP][PASSED] - click: Object: 'Object Repository/Inpatient Request/Page_KDMC/button_Add' is clicked on

2018-05-22 12:54:02 - [MESSAGE][PASSED] - Object: 'Object Repository/Inpatient Request/Page_KDMC/button_Add' is clicked on

2018-05-22 12:54:02 - [TEST_STEP][PASSED] - selectOptionByIndex: All options with index in [2] are selected on object 'Object Repository/Inpatient Request/Page_KDMC/select_--Select--Schedule 5Dru'

2018-05-22 12:54:02 - [MESSAGE][PASSED] - All options with index in [2] are selected on object 'Object Repository/Inpatient Request/Page_KDMC/select_--Select--Schedule 5Dru'

2018-05-22 12:54:02 - [TEST_STEP][PASSED] - selectOptionByIndex: All options with index in [5] are selected on object 'Object Repository/Inpatient Request/Page_KDMC/select_--Select--Alcohol Rub i'

2018-05-22 12:54:02 - [MESSAGE][PASSED] - All options with index in [5] are selected on object 'Object Repository/Inpatient Request/Page_KDMC/select_--Select--Alcohol Rub i'

2018-05-22 12:54:02 - [TEST_STEP][PASSED] - setText: Text '5' is set on object 'Object Repository/Inpatient Request/Page_KDMC/input_txttreat'

2018-05-22 12:54:02 - [MESSAGE][PASSED] - Text '5' is set on object 'Object Repository/Inpatient Request/Page_KDMC/input_txttreat'

2018-05-22 12:54:02 - [TEST_STEP][PASSED] - click: Object: 'Object Repository/Inpatient Request/Page_KDMC/button_Add' is clicked on

2018-05-22 12:54:02 - [MESSAGE][PASSED] - Object: 'Object Repository/Inpatient Request/Page_KDMC/button_Add' is clicked on

2018-05-22 12:54:02 - [TEST_STEP][PASSED] - selectOptionByIndex: All options with index in [2] are selected on object 'Object Repository/Inpatient Request/Page_KDMC/select_--Select--Schedule 5Dru'

2018-05-22 12:54:02 - [MESSAGE][PASSED] - All options with index in [2] are selected on object 'Object Repository/Inpatient Request/Page_KDMC/select_--Select--Schedule 5Dru'

2018-05-22 12:54:02 - [TEST_STEP][PASSED] - selectOptionByIndex: All options with index in [6] are selected on object 'Object Repository/Inpatient Request/Page_KDMC/select_--Select--Alcohol Rub i'

2018-05-22 12:54:03 - [MESSAGE][PASSED] - All options with index in [6] are selected on object 'Object Repository/Inpatient Request/Page_KDMC/select_--Select--Alcohol Rub i'

2018-05-22 12:54:03 - [TEST_STEP][PASSED] - setText: Text '5' is set on object 'Object Repository/Inpatient Request/Page_KDMC/input_txttreat'

2018-05-22 12:54:03 - [MESSAGE][PASSED] - Text '5' is set on object 'Object Repository/Inpatient Request/Page_KDMC/input_txttreat'

2018-05-22 12:54:03 - [TEST_STEP][PASSED] - click: Object: 'Object Repository/Inpatient Request/Page_KDMC/button_Add' is clicked on

2018-05-22 12:54:03 - [MESSAGE][PASSED] - Object: 'Object Repository/Inpatient Request/Page_KDMC/button_Add' is clicked on

2018-05-22 12:54:03 - [TEST_STEP][PASSED] - selectOptionByIndex: All options with index in [2] are selected on object 'Object Repository/Inpatient Request/Page_KDMC/select_--Select--Schedule 5Dru'

2018-05-22 12:54:03 - [MESSAGE][PASSED] - All options with index in [2] are selected on object 'Object Repository/Inpatient Request/Page_KDMC/select_--Select--Schedule 5Dru'

2018-05-22 12:54:03 - [TEST_STEP][PASSED] - selectOptionByIndex: All options with index in [7] are selected on object 'Object Repository/Inpatient Request/Page_KDMC/select_--Select--Alcohol Rub i'

2018-05-22 12:54:03 - [MESSAGE][PASSED] - All options with index in [7] are selected on object 'Object Repository/Inpatient Request/Page_KDMC/select_--Select--Alcohol Rub i'

2018-05-22 12:54:03 - [TEST_STEP][PASSED] - setText: Text '5' is set on object 'Object Repository/Inpatient Request/Page_KDMC/input_txttreat'

2018-05-22 12:54:03 - [MESSAGE][PASSED] - Text '5' is set on object 'Object Repository/Inpatient Request/Page_KDMC/input_txttreat'

2018-05-22 12:54:03 - [TEST_STEP][PASSED] - click: Object: 'Object Repository/Inpatient Request/Page_KDMC/button_Add' is clicked on

2018-05-22 12:54:03 - [MESSAGE][PASSED] - Object: 'Object Repository/Inpatient Request/Page_KDMC/button_Add' is clicked on

2018-05-22 12:54:03 - [TEST_STEP][PASSED] - selectOptionByIndex: All options with index in [2] are selected on object 'Object Repository/Inpatient Request/Page_KDMC/select_--Select--Schedule 5Dru'

2018-05-22 12:54:03 - [MESSAGE][PASSED] - All options with index in [2] are selected on object 'Object Repository/Inpatient Request/Page_KDMC/select_--Select--Schedule 5Dru'

2018-05-22 12:54:03 - [TEST_STEP][PASSED] - selectOptionByIndex: All options with index in [8] are selected on object 'Object Repository/Inpatient Request/Page_KDMC/select_--Select--Alcohol Rub i'

2018-05-22 12:54:04 - [MESSAGE][PASSED] - All options with index in [8] are selected on object 'Object Repository/Inpatient Request/Page_KDMC/select_--Select--Alcohol Rub i'

2018-05-22 12:54:04 - [TEST_STEP][PASSED] - setText: Text '5' is set on object 'Object Repository/Inpatient Request/Page_KDMC/input_txttreat'

2018-05-22 12:54:04 - [MESSAGE][PASSED] - Text '5' is set on object 'Object Repository/Inpatient Request/Page_KDMC/input_txttreat'

2018-05-22 12:54:04 - [TEST_STEP][PASSED] - click: Object: 'Object Repository/Inpatient Request/Page_KDMC/button_Add' is clicked on

2018-05-22 12:54:04 - [MESSAGE][PASSED] - Object: 'Object Repository/Inpatient Request/Page_KDMC/button_Add' is clicked on

2018-05-22 12:54:04 - [TEST_STEP][PASSED] - selectOptionByIndex: All options with index in [2] are selected on object 'Object Repository/Inpatient Request/Page_KDMC/select_--Select--Schedule 5Dru'

2018-05-22 12:54:04 - [MESSAGE][PASSED] - All options with index in [2] are selected on object 'Object Repository/Inpatient Request/Page_KDMC/select_--Select--Schedule 5Dru'

2018-05-22 12:54:04 - [TEST_STEP][PASSED] - selectOptionByIndex: All options with index in [9] are selected on object 'Object Repository/Inpatient Request/Page_KDMC/select_--Select--Alcohol Rub i'

2018-05-22 12:54:04 - [MESSAGE][PASSED] - All options with index in [9] are selected on object 'Object Repository/Inpatient Request/Page_KDMC/select_--Select--Alcohol Rub i'

2018-05-22 12:54:04 - [TEST_STEP][PASSED] - setText: Text '5' is set on object 'Object Repository/Inpatient Request/Page_KDMC/input_txttreat'

2018-05-22 12:54:04 - [MESSAGE][PASSED] - Text '5' is set on object 'Object Repository/Inpatient Request/Page_KDMC/input_txttreat'

2018-05-22 12:54:04 - [TEST_STEP][PASSED] - click: Object: 'Object Repository/Inpatient Request/Page_KDMC/button_Add' is clicked on

2018-05-22 12:54:04 - [MESSAGE][PASSED] - Object: 'Object Repository/Inpatient Request/Page_KDMC/button_Add' is clicked on

2018-05-22 12:54:04 - [TEST_STEP][PASSED] - selectOptionByIndex: All options with index in [2] are selected on object 'Object Repository/Inpatient Request/Page_KDMC/select_--Select--Schedule 5Dru'

2018-05-22 12:54:04 - [MESSAGE][PASSED] - All options with index in [2] are selected on object 'Object Repository/Inpatient Request/Page_KDMC/select_--Select--Schedule 5Dru'

2018-05-22 12:54:04 - [TEST_STEP][PASSED] - selectOptionByIndex: All options with index in [10] are selected on object 'Object Repository/Inpatient Request/Page_KDMC/select_--Select--Alcohol Rub i'

2018-05-22 12:54:05 - [MESSAGE][PASSED] - All options with index in [10] are selected on object 'Object Repository/Inpatient Request/Page_KDMC/select_--Select--Alcohol Rub i'

2018-05-22 12:54:05 - [TEST_STEP][PASSED] - setText: Text '5' is set on object 'Object Repository/Inpatient Request/Page_KDMC/input_txttreat'

2018-05-22 12:54:05 - [MESSAGE][PASSED] - Text '5' is set on object 'Object Repository/Inpatient Request/Page_KDMC/input_txttreat'

2018-05-22 12:54:05 - [TEST_STEP][PASSED] - click: Object: 'Object Repository/Inpatient Request/Page_KDMC/button_Add' is clicked on

2018-05-22 12:54:05 - [MESSAGE][PASSED] - Object: 'Object Repository/Inpatient Request/Page_KDMC/button_Add' is clicked on

2018-05-22 12:54:05 - [TEST_STEP][PASSED] - selectOptionByIndex: All options with index in [2] are selected on object 'Object Repository/Inpatient Request/Page_KDMC/select_--Select--Schedule 5Dru'

2018-05-22 12:54:05 - [MESSAGE][PASSED] - All options with index in [2] are selected on object 'Object Repository/Inpatient Request/Page_KDMC/select_--Select--Schedule 5Dru'

2018-05-22 12:54:05 - [TEST_STEP][PASSED] - selectOptionByIndex: All options with index in [11] are selected on object 'Object Repository/Inpatient Request/Page_KDMC/select_--Select--Alcohol Rub i'

2018-05-22 12:54:05 - [MESSAGE][PASSED] - All options with index in [11] are selected on object 'Object Repository/Inpatient Request/Page_KDMC/select_--Select--Alcohol Rub i'

2018-05-22 12:54:05 - [TEST_STEP][PASSED] - setText: Text '5' is set on object 'Object Repository/Inpatient Request/Page_KDMC/input_txttreat'

2018-05-22 12:54:05 - [MESSAGE][PASSED] - Text '5' is set on object 'Object Repository/Inpatient Request/Page_KDMC/input_txttreat'

2018-05-22 12:54:05 - [TEST_STEP][PASSED] - click: Object: 'Object Repository/Inpatient Request/Page_KDMC/button_Add' is clicked on

2018-05-22 12:54:05 - [MESSAGE][PASSED] - Object: 'Object Repository/Inpatient Request/Page_KDMC/button_Add' is clicked on

2018-05-22 12:54:05 - [TEST_STEP][PASSED] - selectOptionByIndex: All options with index in [2] are selected on object 'Object Repository/Inpatient Request/Page_KDMC/select_--Select--Schedule 5Dru'

2018-05-22 12:54:05 - [MESSAGE][PASSED] - All options with index in [2] are selected on object 'Object Repository/Inpatient Request/Page_KDMC/select_--Select--Schedule 5Dru'

2018-05-22 12:54:05 - [TEST_STEP][PASSED] - selectOptionByIndex: All options with index in [12] are selected on object 'Object Repository/Inpatient Request/Page_KDMC/select_--Select--Alcohol Rub i'

2018-05-22 12:54:06 - [MESSAGE][PASSED] - All options with index in [12] are selected on object 'Object Repository/Inpatient Request/Page_KDMC/select_--Select--Alcohol Rub i'

2018-05-22 12:54:06 - [TEST_STEP][PASSED] - setText: Text '5' is set on object 'Object Repository/Inpatient Request/Page_KDMC/input_txttreat'

2018-05-22 12:54:06 - [MESSAGE][PASSED] - Text '5' is set on object 'Object Repository/Inpatient Request/Page_KDMC/input_txttreat'

2018-05-22 12:54:06 - [TEST_STEP][PASSED] - click: Object: 'Object Repository/Inpatient Request/Page_KDMC/button_Add' is clicked on

2018-05-22 12:54:06 - [MESSAGE][PASSED] - Object: 'Object Repository/Inpatient Request/Page_KDMC/button_Add' is clicked on

2018-05-22 12:54:06 - [TEST_STEP][PASSED] - selectOptionByIndex: All options with index in [2] are selected on object 'Object Repository/Inpatient Request/Page_KDMC/select_--Select--Schedule 5Dru'

2018-05-22 12:54:06 - [MESSAGE][PASSED] - All options with index in [2] are selected on object 'Object Repository/Inpatient Request/Page_KDMC/select_--Select--Schedule 5Dru'

2018-05-22 12:54:06 - [TEST_STEP][PASSED] - selectOptionByIndex: All options with index in [13] are selected on object 'Object Repository/Inpatient Request/Page_KDMC/select_--Select--Alcohol Rub i'

2018-05-22 12:54:06 - [MESSAGE][PASSED] - All options with index in [13] are selected on object 'Object Repository/Inpatient Request/Page_KDMC/select_--Select--Alcohol Rub i'

2018-05-22 12:54:06 - [TEST_STEP][PASSED] - setText: Text '5' is set on object 'Object Repository/Inpatient Request/Page_KDMC/input_txttreat'

2018-05-22 12:54:06 - [MESSAGE][PASSED] - Text '5' is set on object 'Object Repository/Inpatient Request/Page_KDMC/input_txttreat'

2018-05-22 12:54:06 - [TEST_STEP][PASSED] - click: Object: 'Object Repository/Inpatient Request/Page_KDMC/button_Add' is clicked on

2018-05-22 12:54:06 - [MESSAGE][PASSED] - Object: 'Object Repository/Inpatient Request/Page_KDMC/button_Add' is clicked on

2018-05-22 12:54:06 - [TEST_STEP][PASSED] - selectOptionByIndex: All options with index in [2] are selected on object 'Object Repository/Inpatient Request/Page_KDMC/select_--Select--Schedule 5Dru'

2018-05-22 12:54:07 - [MESSAGE][PASSED] - All options with index in [2] are selected on object 'Object Repository/Inpatient Request/Page_KDMC/select_--Select--Schedule 5Dru'

2018-05-22 12:54:07 - [TEST_STEP][PASSED] - selectOptionByIndex: All options with index in [14] are selected on object 'Object Repository/Inpatient Request/Page_KDMC/select_--Select--Alcohol Rub i'

2018-05-22 12:54:07 - [MESSAGE][PASSED] - All options with index in [14] are selected on object 'Object Repository/Inpatient Request/Page_KDMC/select_--Select--Alcohol Rub i'

2018-05-22 12:54:07 - [TEST_STEP][PASSED] - setText: Text '5' is set on object 'Object Repository/Inpatient Request/Page_KDMC/input_txttreat'

2018-05-22 12:54:07 - [MESSAGE][PASSED] - Text '5' is set on object 'Object Repository/Inpatient Request/Page_KDMC/input_txttreat'

2018-05-22 12:54:07 - [TEST_STEP][PASSED] - click: Object: 'Object Repository/Inpatient Request/Page_KDMC/button_Add' is clicked on

2018-05-22 12:54:07 - [MESSAGE][PASSED] - Object: 'Object Repository/Inpatient Request/Page_KDMC/button_Add' is clicked on

2018-05-22 12:54:07 - [TEST_STEP][PASSED] - selectOptionByIndex: All options with index in [2] are selected on object 'Object Repository/Inpatient Request/Page_KDMC/select_--Select--Schedule 5Dru'

2018-05-22 12:54:07 - [MESSAGE][PASSED] - All options with index in [2] are selected on object 'Object Repository/Inpatient Request/Page_KDMC/select_--Select--Schedule 5Dru'

2018-05-22 12:54:07 - [TEST_STEP][PASSED] - selectOptionByIndex: All options with index in [15] are selected on object 'Object Repository/Inpatient Request/Page_KDMC/select_--Select--Alcohol Rub i'

2018-05-22 12:54:07 - [MESSAGE][PASSED] - All options with index in [15] are selected on object 'Object Repository/Inpatient Request/Page_KDMC/select_--Select--Alcohol Rub i'

2018-05-22 12:54:07 - [TEST_STEP][PASSED] - setText: Text '5' is set on object 'Object Repository/Inpatient Request/Page_KDMC/input_txttreat'

2018-05-22 12:54:07 - [MESSAGE][PASSED] - Text '5' is set on object 'Object Repository/Inpatient Request/Page_KDMC/input_txttreat'

2018-05-22 12:54:07 - [TEST_STEP][PASSED] - click: Object: 'Object Repository/Inpatient Request/Page_KDMC/button_Add' is clicked on

2018-05-22 12:54:07 - [MESSAGE][PASSED] - Object: 'Object Repository/Inpatient Request/Page_KDMC/button_Add' is clicked on

2018-05-22 12:54:07 - [TEST_STEP][PASSED] - selectOptionByIndex: All options with index in [2] are selected on object 'Object Repository/Inpatient Request/Page_KDMC/select_--Select--Schedule 5Dru'

2018-05-22 12:54:08 - [MESSAGE][PASSED] - All options with index in [2] are selected on object 'Object Repository/Inpatient Request/Page_KDMC/select_--Select--Schedule 5Dru'

2018-05-22 12:54:08 - [TEST_STEP][PASSED] - selectOptionByIndex: All options with index in [16] are selected on object 'Object Repository/Inpatient Request/Page_KDMC/select_--Select--Alcohol Rub i'

2018-05-22 12:54:08 - [MESSAGE][PASSED] - All options with index in [16] are selected on object 'Object Repository/Inpatient Request/Page_KDMC/select_--Select--Alcohol Rub i'

2018-05-22 12:54:08 - [TEST_STEP][PASSED] - setText: Text '5' is set on object 'Object Repository/Inpatient Request/Page_KDMC/input_txttreat'

2018-05-22 12:54:08 - [MESSAGE][PASSED] - Text '5' is set on object 'Object Repository/Inpatient Request/Page_KDMC/input_txttreat'

2018-05-22 12:54:08 - [TEST_STEP][PASSED] - click: Object: 'Object Repository/Inpatient Request/Page_KDMC/button_Add' is clicked on

2018-05-22 12:54:08 - [MESSAGE][PASSED] - Object: 'Object Repository/Inpatient Request/Page_KDMC/button_Add' is clicked on

2018-05-22 12:54:08 - [TEST_STEP][PASSED] - selectOptionByIndex: All options with index in [2] are selected on object 'Object Repository/Inpatient Request/Page_KDMC/select_--Select--Schedule 5Dru'

2018-05-22 12:54:08 - [MESSAGE][PASSED] - All options with index in [2] are selected on object 'Object Repository/Inpatient Request/Page_KDMC/select_--Select--Schedule 5Dru'

2018-05-22 12:54:08 - [TEST_STEP][PASSED] - selectOptionByIndex: All options with index in [17] are selected on object 'Object Repository/Inpatient Request/Page_KDMC/select_--Select--Alcohol Rub i'

2018-05-22 12:54:09 - [MESSAGE][PASSED] - All options with index in [17] are selected on object 'Object Repository/Inpatient Request/Page_KDMC/select_--Select--Alcohol Rub i'

2018-05-22 12:54:09 - [TEST_STEP][PASSED] - setText: Text '5' is set on object 'Object Repository/Inpatient Request/Page_KDMC/input_txttreat'

2018-05-22 12:54:09 - [MESSAGE][PASSED] - Text '5' is set on object 'Object Repository/Inpatient Request/Page_KDMC/input_txttreat'

2018-05-22 12:54:09 - [TEST_STEP][PASSED] - click: Object: 'Object Repository/Inpatient Request/Page_KDMC/button_Add' is clicked on

2018-05-22 12:54:09 - [MESSAGE][PASSED] - Object: 'Object Repository/Inpatient Request/Page_KDMC/button_Add' is clicked on

2018-05-22 12:54:09 - [TEST_STEP][PASSED] - scrollToElement: Scroll to object 'Object Repository/Inpatient Request/Page_KDMC/input_btnsave' successfully

2018-05-22 12:54:09 - [MESSAGE][PASSED] - Scroll to object 'Object Repository/Inpatient Request/Page_KDMC/input_btnsave' successfully

2018-05-22 12:54:09 - [TEST_STEP][PASSED] - click: Object: 'Object Repository/Inpatient Request/Page_KDMC/input_btnsave' is clicked on

2018-05-22 12:54:09 - [MESSAGE][PASSED] - Object: 'Object Repository/Inpatient Request/Page_KDMC/input_btnsave' is clicked on

2018-05-22 12:54:09 - [TEST_STEP][PASSED] - delay: Delayed 3 second(s)

2018-05-22 12:54:12 - [MESSAGE][PASSED] - Delayed 3 second(s)

2018-05-22 12:54:12 - [TEST_STEP][PASSED] - click: Object: 'Object Repository/Inpatient Request/Page_KDMC/button_OK' is clicked on

2018-05-22 12:54:12 - [MESSAGE][PASSED] - Object: 'Object Repository/Inpatient Request/Page_KDMC/button_OK' is clicked on

2018-05-22 12:54:12 - [TEST_STEP][PASSED] - delay: Delayed 3 second(s)

2018-05-22 12:54:15 - [MESSAGE][PASSED] - Delayed 3 second(s)

2018-05-22 12:54:15 - [TEST_STEP][PASSED] - click: Object: 'Object Repository/Inpatient Request/Page_KDMC/a_dropdown-toggle' is clicked on

2018-05-22 12:54:15 - [MESSAGE][PASSED] - Object: 'Object Repository/Inpatient Request/Page_KDMC/a_dropdown-toggle' is clicked on

2018-05-22 12:54:15 - [TEST_STEP][PASSED] - click: Object: 'Object Repository/Inpatient Request/Page_KDMC/a_Sign out' is clicked on

2018-05-22 12:54:16 - [MESSAGE][PASSED] - Object: 'Object Repository/Inpatient Request/Page_KDMC/a_Sign out' is clicked on

2018-05-22 12:54:16 - [TEST_STEP][PASSED] - delay: Delayed 3 second(s)

2018-05-22 12:54:19 - [MESSAGE][PASSED] - Delayed 3 second(s)

2018-05-22 12:54:19 - [TEST_STEP][PASSED] - click: Object: 'Object Repository/Inpatient Request/Page_KDMC/a_CMO' is clicked on

2018-05-22 12:54:20 - [MESSAGE][PASSED] - Object: 'Object Repository/Inpatient Request/Page_KDMC/a_CMO' is clicked on

2018-05-22 12:54:20 - [TEST_STEP][PASSED] - setText: Text 'guru' is set on object 'Object Repository/Inpatient Request/Page_CMO login/input_txtusername'

2018-05-22 12:54:20 - [MESSAGE][PASSED] - Text 'guru' is set on object 'Object Repository/Inpatient Request/Page_CMO login/input_txtusername'

2018-05-22 12:54:20 - [TEST_STEP][PASSED] - setText: Text '123' is set on object 'Object Repository/Inpatient Request/Page_CMO login/input_txtpassword'

2018-05-22 12:54:20 - [MESSAGE][PASSED] - Text '123' is set on object 'Object Repository/Inpatient Request/Page_CMO login/input_txtpassword'

2018-05-22 12:54:20 - [TEST_STEP][PASSED] - delay: Delayed 3 second(s)

2018-05-22 12:54:23 - [MESSAGE][PASSED] - Delayed 3 second(s)

2018-05-22 12:54:23 - [TEST_STEP][PASSED] - click: Object: 'Object Repository/Inpatient Request/Page_CMO login/button_Sign in' is clicked on

2018-05-22 12:54:24 - [MESSAGE][PASSED] - Object: 'Object Repository/Inpatient Request/Page_CMO login/button_Sign in' is clicked on

2018-05-22 12:54:24 - [TEST_STEP][PASSED] - delay: Delayed 3 second(s)

2018-05-22 12:54:27 - [MESSAGE][PASSED] - Delayed 3 second(s)

2018-05-22 12:54:27 - [TEST_STEP][PASSED] - click: Object: 'Object Repository/Inpatient Request/Page_KDMC - CMO/a_Department Wise Request' is clicked on

2018-05-22 12:54:27 - [MESSAGE][PASSED] - Object: 'Object Repository/Inpatient Request/Page_KDMC - CMO/a_Department Wise Request' is clicked on

2018-05-22 12:54:27 - [TEST_STEP][PASSED] - delay: Delayed 2 second(s)

2018-05-22 12:54:29 - [MESSAGE][PASSED] - Delayed 2 second(s)

2018-05-22 12:54:29 - [TEST_STEP][PASSED] - selectOptionByIndex: All options with index in [1] are selected on object 'Object Repository/Inpatient Request/Page_KDMC - CMO/select_--ALL--'

2018-05-22 12:54:29 - [MESSAGE][PASSED] - All options with index in [1] are selected on object 'Object Repository/Inpatient Request/Page_KDMC - CMO/select_--ALL--'

2018-05-22 12:54:29 - [TEST_STEP][PASSED] - selectOptionByIndex: All options with index in [1] are selected on object 'Object Repository/Inpatient Request/Page_KDMC - CMO/select_--ALL--                _1'

2018-05-22 12:54:29 - [MESSAGE][PASSED] - All options with index in [1] are selected on object 'Object Repository/Inpatient Request/Page_KDMC - CMO/select_--ALL--                _1'

2018-05-22 12:54:29 - [TEST_STEP][PASSED] - click: Object: 'Object Repository/Inpatient Request/Page_KDMC - CMO/input_btnsearch' is clicked on

2018-05-22 12:54:29 - [MESSAGE][PASSED] - Object: 'Object Repository/Inpatient Request/Page_KDMC - CMO/input_btnsearch' is clicked on

2018-05-22 12:54:29 - [TEST_STEP][PASSED] - delay: Delayed 2 second(s)

2018-05-22 12:54:31 - [MESSAGE][PASSED] - Delayed 2 second(s)

2018-05-22 12:54:31 - [TEST_STEP][PASSED] - Statement - ID = com.kms.katalon.core.webui.keyword.WebUiBuiltInKeywords.modifyObjectProperty(com.kms.katalon.core.testobject.ObjectRepository.findTestObject(Inpatient Request/Page_KDMC - CMO/input_1), "xpath", "equals", "//*[@id=" + RequestNo + "]", true): Modify property of object successfully

2018-05-22 12:54:31 - [MESSAGE][PASSED] - Modify property of object successfully

2018-05-22 12:54:31 - [TEST_STEP][PASSED] - click: Object: 'Object Repository/Inpatient Request/Page_KDMC - CMO/input_1' is clicked on

2018-05-22 12:54:31 - [MESSAGE][PASSED] - Object: 'Object Repository/Inpatient Request/Page_KDMC - CMO/input_1' is clicked on

2018-05-22 12:54:31 - [TEST_STEP][PASSED] - delay: Delayed 2 second(s)

2018-05-22 12:54:33 - [MESSAGE][PASSED] - Delayed 2 second(s)

2018-05-22 12:54:33 - [TEST_STEP][PASSED] - selectOptionByIndex: All options with index in [1] are selected on object 'Object Repository/Inpatient Request/Page_KDMC - CMO/select_--Select--'

2018-05-22 12:54:34 - [MESSAGE][PASSED] - All options with index in [1] are selected on object 'Object Repository/Inpatient Request/Page_KDMC - CMO/select_--Select--'

2018-05-22 12:54:34 - [TEST_STEP][PASSED] - delay: Delayed 2 second(s)

2018-05-22 12:54:36 - [MESSAGE][PASSED] - Delayed 2 second(s)

2018-05-22 12:54:36 - [TEST_STEP][PASSED] - click: Object: 'Object Repository/Inpatient Request/Page_KDMC - CMO/input_btnupdate' is clicked on

2018-05-22 12:54:36 - [MESSAGE][PASSED] - Object: 'Object Repository/Inpatient Request/Page_KDMC - CMO/input_btnupdate' is clicked on

2018-05-22 12:54:36 - [TEST_STEP][PASSED] - delay: Delayed 2 second(s)

2018-05-22 12:54:38 - [MESSAGE][PASSED] - Delayed 2 second(s)

2018-05-22 12:54:38 - [TEST_STEP][PASSED] - click: Object: 'Object Repository/Inpatient Request/Page_KDMC - CMO/button_OK' is clicked on

2018-05-22 12:54:38 - [MESSAGE][PASSED] - Object: 'Object Repository/Inpatient Request/Page_KDMC - CMO/button_OK' is clicked on

2018-05-22 12:54:38 - [TEST_STEP][PASSED] - delay: Delayed 3 second(s)

2018-05-22 12:54:41 - [MESSAGE][PASSED] - Delayed 3 second(s)

2018-05-22 12:54:41 - [TEST_STEP][PASSED] - click: Object: 'Object Repository/Inpatient Request/Page_KDMC - CMO/a_dropdown-toggle' is clicked on

2018-05-22 12:54:41 - [MESSAGE][PASSED] - Object: 'Object Repository/Inpatient Request/Page_KDMC - CMO/a_dropdown-toggle' is clicked on

2018-05-22 12:54:41 - [TEST_STEP][PASSED] - click: Object: 'Object Repository/Inpatient Request/Page_KDMC - CMO/a_Sign out' is clicked on

2018-05-22 12:54:42 - [MESSAGE][PASSED] - Object: 'Object Repository/Inpatient Request/Page_KDMC - CMO/a_Sign out' is clicked on

2018-05-22 12:54:42 - [TEST_STEP][PASSED] - delay: Delayed 3 second(s)

2018-05-22 12:54:45 - [MESSAGE][PASSED] - Delayed 3 second(s)

2018-05-22 12:54:45 - [TEST_STEP][PASSED] - click: Object: 'Object Repository/Inpatient Request/Page_KDMC/a_Divisional Store' is clicked on

2018-05-22 12:54:46 - [MESSAGE][PASSED] - Object: 'Object Repository/Inpatient Request/Page_KDMC/a_Divisional Store' is clicked on

2018-05-22 12:54:46 - [TEST_STEP][PASSED] - setText: Text 'ragu' is set on object 'Object Repository/Inpatient Request/Page_Divisonal Store Login/input_txtusername'

2018-05-22 12:54:46 - [MESSAGE][PASSED] - Text 'ragu' is set on object 'Object Repository/Inpatient Request/Page_Divisonal Store Login/input_txtusername'

2018-05-22 12:54:46 - [TEST_STEP][PASSED] - setText: Text '123' is set on object 'Object Repository/Inpatient Request/Page_Divisonal Store Login/input_txtpassword'

2018-05-22 12:54:46 - [MESSAGE][PASSED] - Text '123' is set on object 'Object Repository/Inpatient Request/Page_Divisonal Store Login/input_txtpassword'

2018-05-22 12:54:46 - [TEST_STEP][PASSED] - delay: Delayed 3 second(s)

2018-05-22 12:54:49 - [MESSAGE][PASSED] - Delayed 3 second(s)

2018-05-22 12:54:49 - [TEST_STEP][PASSED] - click: Object: 'Object Repository/Inpatient Request/Page_Divisonal Store Login/button_Sign in' is clicked on

2018-05-22 12:54:51 - [MESSAGE][PASSED] - Object: 'Object Repository/Inpatient Request/Page_Divisonal Store Login/button_Sign in' is clicked on

2018-05-22 12:54:51 - [TEST_STEP][PASSED] - delay: Delayed 3 second(s)

2018-05-22 12:54:54 - [MESSAGE][PASSED] - Delayed 3 second(s)

2018-05-22 12:54:54 - [TEST_STEP][PASSED] - click: Object: 'Object Repository/Inpatient Request/Page_Store/a_Inpatient Request' is clicked on

2018-05-22 12:54:54 - [MESSAGE][PASSED] - Object: 'Object Repository/Inpatient Request/Page_Store/a_Inpatient Request' is clicked on

2018-05-22 12:54:54 - [TEST_STEP][PASSED] - click: Object: 'Object Repository/Inpatient Request/Page_Store/a_Request Item Inpatient' is clicked on

2018-05-22 12:54:55 - [MESSAGE][PASSED] - Object: 'Object Repository/Inpatient Request/Page_Store/a_Request Item Inpatient' is clicked on

2018-05-22 12:54:55 - [TEST_STEP][PASSED] - setText: Text 'RNO/22052018/157' is set on object 'Object Repository/Inpatient Request/Page_Store/input'

2018-05-22 12:54:55 - [MESSAGE][PASSED] - Text 'RNO/22052018/157' is set on object 'Object Repository/Inpatient Request/Page_Store/input'

2018-05-22 12:54:55 - [TEST_STEP][PASSED] - Statement - InpID = com.kms.katalon.core.webui.keyword.WebUiBuiltInKeywords.modifyObjectProperty(com.kms.katalon.core.testobject.ObjectRepository.findTestObject(Inpatient Request/Page_Store/input_1), "xpath", "equals", "//*[@id=" + RequestNo + "]", true): Modify property of object successfully

2018-05-22 12:54:55 - [MESSAGE][PASSED] - Modify property of object successfully

2018-05-22 12:54:55 - [TEST_STEP][PASSED] - click: Object: 'Object Repository/Inpatient Request/Page_Store/input_1' is clicked on

2018-05-22 12:54:56 - [MESSAGE][PASSED] - Object: 'Object Repository/Inpatient Request/Page_Store/input_1' is clicked on

2018-05-22 12:54:56 - [TEST_STEP][PASSED] - Statement - medicine = com.kms.katalon.core.webui.keyword.WebUiBuiltInKeywords.getNumberOfTotalOption(com.kms.katalon.core.testobject.ObjectRepository.findTestObject(Inpatient Request/Page_Store/select_--Select--Alcohol Rub i)): 18 options of object 'Object Repository/Inpatient Request/Page_Store/select_--Select--Alcohol Rub i' counted

2018-05-22 12:54:56 - [MESSAGE][PASSED] - 18 options of object 'Object Repository/Inpatient Request/Page_Store/select_--Select--Alcohol Rub i' counted

2018-05-22 12:54:56 - [TEST_STEP][PASSED] - Statement - For ([j = 1, j <= medicine - 1, (j++)]): null

2018-05-22 12:54:56 - [TEST_STEP][PASSED] - selectOptionByIndex: All options with index in [1] are selected on object 'Object Repository/Inpatient Request/Page_Store/select_--Select--Alcohol Rub i'

2018-05-22 12:54:56 - [MESSAGE][PASSED] - All options with index in [1] are selected on object 'Object Repository/Inpatient Request/Page_Store/select_--Select--Alcohol Rub i'

2018-05-22 12:54:56 - [TEST_STEP][PASSED] - delay: Delayed 2 second(s)

2018-05-22 12:54:58 - [MESSAGE][PASSED] - Delayed 2 second(s)

2018-05-22 12:54:58 - [TEST_STEP][PASSED] - Statement - RequestedQty = com.kms.katalon.core.webui.keyword.WebUiBuiltInKeywords.getAttribute(com.kms.katalon.core.testobject.ObjectRepository.findTestObject(Inpatient Request/Page_Store/input_txttotal), "value"): Attribute 'value' of object 'Object Repository/Inpatient Request/Page_Store/input_txttotal' is: '5'

2018-05-22 12:54:58 - [MESSAGE][PASSED] - Attribute 'value' of object 'Object Repository/Inpatient Request/Page_Store/input_txttotal' is: '5'

2018-05-22 12:54:58 - [TEST_STEP][PASSED] - Statement - out.println("RequestedQty IS : " + RequestedQty): null

2018-05-22 12:54:58 - [TEST_STEP][PASSED] - Statement - BatchNo = com.kms.katalon.core.webui.keyword.WebUiBuiltInKeywords.getNumberOfTotalOption(com.kms.katalon.core.testobject.ObjectRepository.findTestObject(Inpatient Request/Page_Store/select_--Select--BA2910)): 2 options of object 'Object Repository/Inpatient Request/Page_Store/select_--Select--BA2910' counted

2018-05-22 12:54:58 - [MESSAGE][PASSED] - 2 options of object 'Object Repository/Inpatient Request/Page_Store/select_--Select--BA2910' counted

2018-05-22 12:54:58 - [TEST_STEP][PASSED] - Statement - For ([k = 1, k <= BatchNo - 1, (k++)]): null

2018-05-22 12:54:58 - [TEST_STEP][PASSED] - selectOptionByIndex: All options with index in [1] are selected on object 'Object Repository/Inpatient Request/Page_Store/select_--Select--BA2910'

2018-05-22 12:54:58 - [MESSAGE][PASSED] - All options with index in [1] are selected on object 'Object Repository/Inpatient Request/Page_Store/select_--Select--BA2910'

2018-05-22 12:54:58 - [TEST_STEP][PASSED] - delay: Delayed 2 second(s)

2018-05-22 12:55:00 - [MESSAGE][PASSED] - Delayed 2 second(s)

2018-05-22 12:55:00 - [TEST_STEP][PASSED] - Statement - StockQty = com.kms.katalon.core.webui.keyword.WebUiBuiltInKeywords.getAttribute(com.kms.katalon.core.testobject.ObjectRepository.findTestObject(Inpatient Request/Page_Store/input_txtprice), "value"): Attribute 'value' of object 'Object Repository/Inpatient Request/Page_Store/input_txtprice' is: '1345'

2018-05-22 12:55:00 - [MESSAGE][PASSED] - Attribute 'value' of object 'Object Repository/Inpatient Request/Page_Store/input_txtprice' is: '1345'

2018-05-22 12:55:00 - [TEST_STEP][PASSED] - Statement - out.println("StockQty IS : " + StockQty): null

2018-05-22 12:55:00 - [TEST_STEP][PASSED] - Statement - If (java.lang.Integer.valueOf(StockQty) > java.lang.Integer.valueOf(RequestedQty)): null

2018-05-22 12:55:00 - [TEST_STEP][PASSED] - delay: Delayed 1 second(s)

2018-05-22 12:55:01 - [MESSAGE][PASSED] - Delayed 1 second(s)

2018-05-22 12:55:01 - [TEST_STEP][PASSED] - setText: Text '5' is set on object 'Object Repository/Inpatient Request/Page_Store/input_txtqty'

2018-05-22 12:55:01 - [MESSAGE][PASSED] - Text '5' is set on object 'Object Repository/Inpatient Request/Page_Store/input_txtqty'

2018-05-22 12:55:01 - [TEST_STEP][PASSED] - click: Object: 'Object Repository/Inpatient Request/Page_Store/button_Add' is clicked on

2018-05-22 12:55:01 - [MESSAGE][PASSED] - Object: 'Object Repository/Inpatient Request/Page_Store/button_Add' is clicked on

2018-05-22 12:55:01 - [TEST_STEP][PASSED] - Statement - Break: null

2018-05-22 12:55:01 - [TEST_STEP][PASSED] - selectOptionByIndex: All options with index in [2] are selected on object 'Object Repository/Inpatient Request/Page_Store/select_--Select--Alcohol Rub i'

2018-05-22 12:55:01 - [MESSAGE][PASSED] - All options with index in [2] are selected on object 'Object Repository/Inpatient Request/Page_Store/select_--Select--Alcohol Rub i'

2018-05-22 12:55:01 - [TEST_STEP][PASSED] - delay: Delayed 2 second(s)

2018-05-22 12:55:03 - [MESSAGE][PASSED] - Delayed 2 second(s)

2018-05-22 12:55:03 - [TEST_STEP][PASSED] - Statement - RequestedQty = com.kms.katalon.core.webui.keyword.WebUiBuiltInKeywords.getAttribute(com.kms.katalon.core.testobject.ObjectRepository.findTestObject(Inpatient Request/Page_Store/input_txttotal), "value"): Attribute 'value' of object 'Object Repository/Inpatient Request/Page_Store/input_txttotal' is: '5'

2018-05-22 12:55:04 - [MESSAGE][PASSED] - Attribute 'value' of object 'Object Repository/Inpatient Request/Page_Store/input_txttotal' is: '5'

2018-05-22 12:55:04 - [TEST_STEP][PASSED] - Statement - out.println("RequestedQty IS : " + RequestedQty): null

2018-05-22 12:55:04 - [TEST_STEP][PASSED] - Statement - BatchNo = com.kms.katalon.core.webui.keyword.WebUiBuiltInKeywords.getNumberOfTotalOption(com.kms.katalon.core.testobject.ObjectRepository.findTestObject(Inpatient Request/Page_Store/select_--Select--BA2910)): 3 options of object 'Object Repository/Inpatient Request/Page_Store/select_--Select--BA2910' counted

2018-05-22 12:55:04 - [MESSAGE][PASSED] - 3 options of object 'Object Repository/Inpatient Request/Page_Store/select_--Select--BA2910' counted

2018-05-22 12:55:04 - [TEST_STEP][PASSED] - Statement - For ([k = 1, k <= BatchNo - 1, (k++)]): null

2018-05-22 12:55:04 - [TEST_STEP][PASSED] - selectOptionByIndex: All options with index in [1] are selected on object 'Object Repository/Inpatient Request/Page_Store/select_--Select--BA2910'

2018-05-22 12:55:04 - [MESSAGE][PASSED] - All options with index in [1] are selected on object 'Object Repository/Inpatient Request/Page_Store/select_--Select--BA2910'

2018-05-22 12:55:04 - [TEST_STEP][PASSED] - delay: Delayed 2 second(s)

2018-05-22 12:55:06 - [MESSAGE][PASSED] - Delayed 2 second(s)

2018-05-22 12:55:06 - [TEST_STEP][PASSED] - Statement - StockQty = com.kms.katalon.core.webui.keyword.WebUiBuiltInKeywords.getAttribute(com.kms.katalon.core.testobject.ObjectRepository.findTestObject(Inpatient Request/Page_Store/input_txtprice), "value"): Attribute 'value' of object 'Object Repository/Inpatient Request/Page_Store/input_txtprice' is: '296'

2018-05-22 12:55:06 - [MESSAGE][PASSED] - Attribute 'value' of object 'Object Repository/Inpatient Request/Page_Store/input_txtprice' is: '296'

2018-05-22 12:55:06 - [TEST_STEP][PASSED] - Statement - out.println("StockQty IS : " + StockQty): null

2018-05-22 12:55:06 - [TEST_STEP][PASSED] - Statement - If (java.lang.Integer.valueOf(StockQty) > java.lang.Integer.valueOf(RequestedQty)): null

2018-05-22 12:55:06 - [TEST_STEP][PASSED] - delay: Delayed 1 second(s)

2018-05-22 12:55:07 - [MESSAGE][PASSED] - Delayed 1 second(s)

2018-05-22 12:55:07 - [TEST_STEP][PASSED] - setText: Text '5' is set on object 'Object Repository/Inpatient Request/Page_Store/input_txtqty'

2018-05-22 12:55:07 - [MESSAGE][PASSED] - Text '5' is set on object 'Object Repository/Inpatient Request/Page_Store/input_txtqty'

2018-05-22 12:55:07 - [TEST_STEP][PASSED] - click: Object: 'Object Repository/Inpatient Request/Page_Store/button_Add' is clicked on

2018-05-22 12:55:07 - [MESSAGE][PASSED] - Object: 'Object Repository/Inpatient Request/Page_Store/button_Add' is clicked on

2018-05-22 12:55:07 - [TEST_STEP][PASSED] - Statement - Break: null

2018-05-22 12:55:07 - [TEST_STEP][PASSED] - selectOptionByIndex: All options with index in [3] are selected on object 'Object Repository/Inpatient Request/Page_Store/select_--Select--Alcohol Rub i'

2018-05-22 12:55:07 - [MESSAGE][PASSED] - All options with index in [3] are selected on object 'Object Repository/Inpatient Request/Page_Store/select_--Select--Alcohol Rub i'

2018-05-22 12:55:07 - [TEST_STEP][PASSED] - delay: Delayed 2 second(s)

2018-05-22 12:55:09 - [MESSAGE][PASSED] - Delayed 2 second(s)

2018-05-22 12:55:09 - [TEST_STEP][PASSED] - Statement - RequestedQty = com.kms.katalon.core.webui.keyword.WebUiBuiltInKeywords.getAttribute(com.kms.katalon.core.testobject.ObjectRepository.findTestObject(Inpatient Request/Page_Store/input_txttotal), "value"): Attribute 'value' of object 'Object Repository/Inpatient Request/Page_Store/input_txttotal' is: '5'

2018-05-22 12:55:09 - [MESSAGE][PASSED] - Attribute 'value' of object 'Object Repository/Inpatient Request/Page_Store/input_txttotal' is: '5'

2018-05-22 12:55:09 - [TEST_STEP][PASSED] - Statement - out.println("RequestedQty IS : " + RequestedQty): null

2018-05-22 12:55:09 - [TEST_STEP][PASSED] - Statement - BatchNo = com.kms.katalon.core.webui.keyword.WebUiBuiltInKeywords.getNumberOfTotalOption(com.kms.katalon.core.testobject.ObjectRepository.findTestObject(Inpatient Request/Page_Store/select_--Select--BA2910)): 3 options of object 'Object Repository/Inpatient Request/Page_Store/select_--Select--BA2910' counted

2018-05-22 12:55:09 - [MESSAGE][PASSED] - 3 options of object 'Object Repository/Inpatient Request/Page_Store/select_--Select--BA2910' counted

2018-05-22 12:55:09 - [TEST_STEP][PASSED] - Statement - For ([k = 1, k <= BatchNo - 1, (k++)]): null

2018-05-22 12:55:09 - [TEST_STEP][PASSED] - selectOptionByIndex: All options with index in [1] are selected on object 'Object Repository/Inpatient Request/Page_Store/select_--Select--BA2910'

2018-05-22 12:55:09 - [MESSAGE][PASSED] - All options with index in [1] are selected on object 'Object Repository/Inpatient Request/Page_Store/select_--Select--BA2910'

2018-05-22 12:55:09 - [TEST_STEP][PASSED] - delay: Delayed 2 second(s)

2018-05-22 12:55:11 - [MESSAGE][PASSED] - Delayed 2 second(s)

2018-05-22 12:55:11 - [TEST_STEP][PASSED] - Statement - StockQty = com.kms.katalon.core.webui.keyword.WebUiBuiltInKeywords.getAttribute(com.kms.katalon.core.testobject.ObjectRepository.findTestObject(Inpatient Request/Page_Store/input_txtprice), "value"): Attribute 'value' of object 'Object Repository/Inpatient Request/Page_Store/input_txtprice' is: '1245'

2018-05-22 12:55:11 - [MESSAGE][PASSED] - Attribute 'value' of object 'Object Repository/Inpatient Request/Page_Store/input_txtprice' is: '1245'

2018-05-22 12:55:11 - [TEST_STEP][PASSED] - Statement - out.println("StockQty IS : " + StockQty): null

2018-05-22 12:55:11 - [TEST_STEP][PASSED] - Statement - If (java.lang.Integer.valueOf(StockQty) > java.lang.Integer.valueOf(RequestedQty)): null

2018-05-22 12:55:11 - [TEST_STEP][PASSED] - delay: Delayed 1 second(s)

2018-05-22 12:55:12 - [MESSAGE][PASSED] - Delayed 1 second(s)

2018-05-22 12:55:12 - [TEST_STEP][PASSED] - setText: Text '5' is set on object 'Object Repository/Inpatient Request/Page_Store/input_txtqty'

2018-05-22 12:55:12 - [MESSAGE][PASSED] - Text '5' is set on object 'Object Repository/Inpatient Request/Page_Store/input_txtqty'

2018-05-22 12:55:12 - [TEST_STEP][PASSED] - click: Object: 'Object Repository/Inpatient Request/Page_Store/button_Add' is clicked on

2018-05-22 12:55:13 - [MESSAGE][PASSED] - Object: 'Object Repository/Inpatient Request/Page_Store/button_Add' is clicked on

2018-05-22 12:55:13 - [TEST_STEP][PASSED] - Statement - Break: null

2018-05-22 12:55:13 - [TEST_STEP][PASSED] - selectOptionByIndex: All options with index in [4] are selected on object 'Object Repository/Inpatient Request/Page_Store/select_--Select--Alcohol Rub i'

2018-05-22 12:55:13 - [MESSAGE][PASSED] - All options with index in [4] are selected on object 'Object Repository/Inpatient Request/Page_Store/select_--Select--Alcohol Rub i'

2018-05-22 12:55:13 - [TEST_STEP][PASSED] - delay: Delayed 2 second(s)

2018-05-22 12:55:15 - [MESSAGE][PASSED] - Delayed 2 second(s)

2018-05-22 12:55:15 - [TEST_STEP][PASSED] - Statement - RequestedQty = com.kms.katalon.core.webui.keyword.WebUiBuiltInKeywords.getAttribute(com.kms.katalon.core.testobject.ObjectRepository.findTestObject(Inpatient Request/Page_Store/input_txttotal), "value"): Attribute 'value' of object 'Object Repository/Inpatient Request/Page_Store/input_txttotal' is: '5'

2018-05-22 12:55:15 - [MESSAGE][PASSED] - Attribute 'value' of object 'Object Repository/Inpatient Request/Page_Store/input_txttotal' is: '5'

2018-05-22 12:55:15 - [TEST_STEP][PASSED] - Statement - out.println("RequestedQty IS : " + RequestedQty): null

2018-05-22 12:55:15 - [TEST_STEP][PASSED] - Statement - BatchNo = com.kms.katalon.core.webui.keyword.WebUiBuiltInKeywords.getNumberOfTotalOption(com.kms.katalon.core.testobject.ObjectRepository.findTestObject(Inpatient Request/Page_Store/select_--Select--BA2910)): 3 options of object 'Object Repository/Inpatient Request/Page_Store/select_--Select--BA2910' counted

2018-05-22 12:55:15 - [MESSAGE][PASSED] - 3 options of object 'Object Repository/Inpatient Request/Page_Store/select_--Select--BA2910' counted

2018-05-22 12:55:15 - [TEST_STEP][PASSED] - Statement - For ([k = 1, k <= BatchNo - 1, (k++)]): null

2018-05-22 12:55:15 - [TEST_STEP][PASSED] - selectOptionByIndex: All options with index in [1] are selected on object 'Object Repository/Inpatient Request/Page_Store/select_--Select--BA2910'

2018-05-22 12:55:15 - [MESSAGE][PASSED] - All options with index in [1] are selected on object 'Object Repository/Inpatient Request/Page_Store/select_--Select--BA2910'

2018-05-22 12:55:15 - [TEST_STEP][PASSED] - delay: Delayed 2 second(s)

2018-05-22 12:55:17 - [MESSAGE][PASSED] - Delayed 2 second(s)

2018-05-22 12:55:17 - [TEST_STEP][PASSED] - Statement - StockQty = com.kms.katalon.core.webui.keyword.WebUiBuiltInKeywords.getAttribute(com.kms.katalon.core.testobject.ObjectRepository.findTestObject(Inpatient Request/Page_Store/input_txtprice), "value"): Attribute 'value' of object 'Object Repository/Inpatient Request/Page_Store/input_txtprice' is: '335'

2018-05-22 12:55:17 - [MESSAGE][PASSED] - Attribute 'value' of object 'Object Repository/Inpatient Request/Page_Store/input_txtprice' is: '335'

2018-05-22 12:55:17 - [TEST_STEP][PASSED] - Statement - out.println("StockQty IS : " + StockQty): null

2018-05-22 12:55:17 - [TEST_STEP][PASSED] - Statement - If (java.lang.Integer.valueOf(StockQty) > java.lang.Integer.valueOf(RequestedQty)): null

2018-05-22 12:55:17 - [TEST_STEP][PASSED] - delay: Delayed 1 second(s)

2018-05-22 12:55:18 - [MESSAGE][PASSED] - Delayed 1 second(s)

2018-05-22 12:55:18 - [TEST_STEP][PASSED] - setText: Text '5' is set on object 'Object Repository/Inpatient Request/Page_Store/input_txtqty'

2018-05-22 12:55:18 - [MESSAGE][PASSED] - Text '5' is set on object 'Object Repository/Inpatient Request/Page_Store/input_txtqty'

2018-05-22 12:55:18 - [TEST_STEP][PASSED] - click: Object: 'Object Repository/Inpatient Request/Page_Store/button_Add' is clicked on

2018-05-22 12:55:18 - [MESSAGE][PASSED] - Object: 'Object Repository/Inpatient Request/Page_Store/button_Add' is clicked on

2018-05-22 12:55:18 - [TEST_STEP][PASSED] - Statement - Break: null

2018-05-22 12:55:18 - [TEST_STEP][PASSED] - selectOptionByIndex: All options with index in [5] are selected on object 'Object Repository/Inpatient Request/Page_Store/select_--Select--Alcohol Rub i'

2018-05-22 12:55:18 - [MESSAGE][PASSED] - All options with index in [5] are selected on object 'Object Repository/Inpatient Request/Page_Store/select_--Select--Alcohol Rub i'

2018-05-22 12:55:18 - [TEST_STEP][PASSED] - delay: Delayed 2 second(s)

2018-05-22 12:55:20 - [MESSAGE][PASSED] - Delayed 2 second(s)

2018-05-22 12:55:20 - [TEST_STEP][PASSED] - Statement - RequestedQty = com.kms.katalon.core.webui.keyword.WebUiBuiltInKeywords.getAttribute(com.kms.katalon.core.testobject.ObjectRepository.findTestObject(Inpatient Request/Page_Store/input_txttotal), "value"): Attribute 'value' of object 'Object Repository/Inpatient Request/Page_Store/input_txttotal' is: '5'

2018-05-22 12:55:20 - [MESSAGE][PASSED] - Attribute 'value' of object 'Object Repository/Inpatient Request/Page_Store/input_txttotal' is: '5'

2018-05-22 12:55:20 - [TEST_STEP][PASSED] - Statement - out.println("RequestedQty IS : " + RequestedQty): null

2018-05-22 12:55:20 - [TEST_STEP][PASSED] - Statement - BatchNo = com.kms.katalon.core.webui.keyword.WebUiBuiltInKeywords.getNumberOfTotalOption(com.kms.katalon.core.testobject.ObjectRepository.findTestObject(Inpatient Request/Page_Store/select_--Select--BA2910)): 3 options of object 'Object Repository/Inpatient Request/Page_Store/select_--Select--BA2910' counted

2018-05-22 12:55:20 - [MESSAGE][PASSED] - 3 options of object 'Object Repository/Inpatient Request/Page_Store/select_--Select--BA2910' counted

2018-05-22 12:55:20 - [TEST_STEP][PASSED] - Statement - For ([k = 1, k <= BatchNo - 1, (k++)]): null

2018-05-22 12:55:20 - [TEST_STEP][PASSED] - selectOptionByIndex: All options with index in [1] are selected on object 'Object Repository/Inpatient Request/Page_Store/select_--Select--BA2910'

2018-05-22 12:55:21 - [MESSAGE][PASSED] - All options with index in [1] are selected on object 'Object Repository/Inpatient Request/Page_Store/select_--Select--BA2910'

2018-05-22 12:55:21 - [TEST_STEP][PASSED] - delay: Delayed 2 second(s)

2018-05-22 12:55:23 - [MESSAGE][PASSED] - Delayed 2 second(s)

2018-05-22 12:55:23 - [TEST_STEP][PASSED] - Statement - StockQty = com.kms.katalon.core.webui.keyword.WebUiBuiltInKeywords.getAttribute(com.kms.katalon.core.testobject.ObjectRepository.findTestObject(Inpatient Request/Page_Store/input_txtprice), "value"): Attribute 'value' of object 'Object Repository/Inpatient Request/Page_Store/input_txtprice' is: '335'

2018-05-22 12:55:23 - [MESSAGE][PASSED] - Attribute 'value' of object 'Object Repository/Inpatient Request/Page_Store/input_txtprice' is: '335'

2018-05-22 12:55:23 - [TEST_STEP][PASSED] - Statement - out.println("StockQty IS : " + StockQty): null

2018-05-22 12:55:23 - [TEST_STEP][PASSED] - Statement - If (java.lang.Integer.valueOf(StockQty) > java.lang.Integer.valueOf(RequestedQty)): null

2018-05-22 12:55:23 - [TEST_STEP][PASSED] - delay: Delayed 1 second(s)

2018-05-22 12:55:24 - [MESSAGE][PASSED] - Delayed 1 second(s)

2018-05-22 12:55:24 - [TEST_STEP][PASSED] - setText: Text '5' is set on object 'Object Repository/Inpatient Request/Page_Store/input_txtqty'

2018-05-22 12:55:24 - [MESSAGE][PASSED] - Text '5' is set on object 'Object Repository/Inpatient Request/Page_Store/input_txtqty'

2018-05-22 12:55:24 - [TEST_STEP][PASSED] - click: Object: 'Object Repository/Inpatient Request/Page_Store/button_Add' is clicked on

2018-05-22 12:55:24 - [MESSAGE][PASSED] - Object: 'Object Repository/Inpatient Request/Page_Store/button_Add' is clicked on

2018-05-22 12:55:24 - [TEST_STEP][PASSED] - Statement - Break: null

2018-05-22 12:55:24 - [TEST_STEP][PASSED] - selectOptionByIndex: All options with index in [6] are selected on object 'Object Repository/Inpatient Request/Page_Store/select_--Select--Alcohol Rub i'

2018-05-22 12:55:24 - [MESSAGE][PASSED] - All options with index in [6] are selected on object 'Object Repository/Inpatient Request/Page_Store/select_--Select--Alcohol Rub i'

2018-05-22 12:55:24 - [TEST_STEP][PASSED] - delay: Delayed 2 second(s)

2018-05-22 12:55:26 - [MESSAGE][PASSED] - Delayed 2 second(s)

2018-05-22 12:55:26 - [TEST_STEP][PASSED] - Statement - RequestedQty = com.kms.katalon.core.webui.keyword.WebUiBuiltInKeywords.getAttribute(com.kms.katalon.core.testobject.ObjectRepository.findTestObject(Inpatient Request/Page_Store/input_txttotal), "value"): Attribute 'value' of object 'Object Repository/Inpatient Request/Page_Store/input_txttotal' is: '5'

2018-05-22 12:55:26 - [MESSAGE][PASSED] - Attribute 'value' of object 'Object Repository/Inpatient Request/Page_Store/input_txttotal' is: '5'

2018-05-22 12:55:26 - [TEST_STEP][PASSED] - Statement - out.println("RequestedQty IS : " + RequestedQty): null

2018-05-22 12:55:26 - [TEST_STEP][PASSED] - Statement - BatchNo = com.kms.katalon.core.webui.keyword.WebUiBuiltInKeywords.getNumberOfTotalOption(com.kms.katalon.core.testobject.ObjectRepository.findTestObject(Inpatient Request/Page_Store/select_--Select--BA2910)): 3 options of object 'Object Repository/Inpatient Request/Page_Store/select_--Select--BA2910' counted

2018-05-22 12:55:26 - [MESSAGE][PASSED] - 3 options of object 'Object Repository/Inpatient Request/Page_Store/select_--Select--BA2910' counted

2018-05-22 12:55:26 - [TEST_STEP][PASSED] - Statement - For ([k = 1, k <= BatchNo - 1, (k++)]): null

2018-05-22 12:55:26 - [TEST_STEP][PASSED] - selectOptionByIndex: All options with index in [1] are selected on object 'Object Repository/Inpatient Request/Page_Store/select_--Select--BA2910'

2018-05-22 12:55:26 - [MESSAGE][PASSED] - All options with index in [1] are selected on object 'Object Repository/Inpatient Request/Page_Store/select_--Select--BA2910'

2018-05-22 12:55:26 - [TEST_STEP][PASSED] - delay: Delayed 2 second(s)

2018-05-22 12:55:28 - [MESSAGE][PASSED] - Delayed 2 second(s)

2018-05-22 12:55:28 - [TEST_STEP][PASSED] - Statement - StockQty = com.kms.katalon.core.webui.keyword.WebUiBuiltInKeywords.getAttribute(com.kms.katalon.core.testobject.ObjectRepository.findTestObject(Inpatient Request/Page_Store/input_txtprice), "value"): Attribute 'value' of object 'Object Repository/Inpatient Request/Page_Store/input_txtprice' is: '335'

2018-05-22 12:55:28 - [MESSAGE][PASSED] - Attribute 'value' of object 'Object Repository/Inpatient Request/Page_Store/input_txtprice' is: '335'

2018-05-22 12:55:28 - [TEST_STEP][PASSED] - Statement - out.println("StockQty IS : " + StockQty): null

2018-05-22 12:55:28 - [TEST_STEP][PASSED] - Statement - If (java.lang.Integer.valueOf(StockQty) > java.lang.Integer.valueOf(RequestedQty)): null

2018-05-22 12:55:28 - [TEST_STEP][PASSED] - delay: Delayed 1 second(s)

2018-05-22 12:55:29 - [MESSAGE][PASSED] - Delayed 1 second(s)

2018-05-22 12:55:29 - [TEST_STEP][PASSED] - setText: Text '5' is set on object 'Object Repository/Inpatient Request/Page_Store/input_txtqty'

2018-05-22 12:55:29 - [MESSAGE][PASSED] - Text '5' is set on object 'Object Repository/Inpatient Request/Page_Store/input_txtqty'

2018-05-22 12:55:29 - [TEST_STEP][PASSED] - click: Object: 'Object Repository/Inpatient Request/Page_Store/button_Add' is clicked on

2018-05-22 12:55:29 - [MESSAGE][PASSED] - Object: 'Object Repository/Inpatient Request/Page_Store/button_Add' is clicked on

2018-05-22 12:55:29 - [TEST_STEP][PASSED] - Statement - Break: null

2018-05-22 12:55:29 - [TEST_STEP][PASSED] - selectOptionByIndex: All options with index in [7] are selected on object 'Object Repository/Inpatient Request/Page_Store/select_--Select--Alcohol Rub i'

2018-05-22 12:55:30 - [MESSAGE][PASSED] - All options with index in [7] are selected on object 'Object Repository/Inpatient Request/Page_Store/select_--Select--Alcohol Rub i'

2018-05-22 12:55:30 - [TEST_STEP][PASSED] - delay: Delayed 2 second(s)

2018-05-22 12:55:32 - [MESSAGE][PASSED] - Delayed 2 second(s)

2018-05-22 12:55:32 - [TEST_STEP][PASSED] - Statement - RequestedQty = com.kms.katalon.core.webui.keyword.WebUiBuiltInKeywords.getAttribute(com.kms.katalon.core.testobject.ObjectRepository.findTestObject(Inpatient Request/Page_Store/input_txttotal), "value"): Attribute 'value' of object 'Object Repository/Inpatient Request/Page_Store/input_txttotal' is: '5'

2018-05-22 12:55:32 - [MESSAGE][PASSED] - Attribute 'value' of object 'Object Repository/Inpatient Request/Page_Store/input_txttotal' is: '5'

2018-05-22 12:55:32 - [TEST_STEP][PASSED] - Statement - out.println("RequestedQty IS : " + RequestedQty): null

2018-05-22 12:55:32 - [TEST_STEP][PASSED] - Statement - BatchNo = com.kms.katalon.core.webui.keyword.WebUiBuiltInKeywords.getNumberOfTotalOption(com.kms.katalon.core.testobject.ObjectRepository.findTestObject(Inpatient Request/Page_Store/select_--Select--BA2910)): 2 options of object 'Object Repository/Inpatient Request/Page_Store/select_--Select--BA2910' counted

2018-05-22 12:55:32 - [MESSAGE][PASSED] - 2 options of object 'Object Repository/Inpatient Request/Page_Store/select_--Select--BA2910' counted

2018-05-22 12:55:32 - [TEST_STEP][PASSED] - Statement - For ([k = 1, k <= BatchNo - 1, (k++)]): null

2018-05-22 12:55:32 - [TEST_STEP][PASSED] - selectOptionByIndex: All options with index in [1] are selected on object 'Object Repository/Inpatient Request/Page_Store/select_--Select--BA2910'

2018-05-22 12:55:32 - [MESSAGE][PASSED] - All options with index in [1] are selected on object 'Object Repository/Inpatient Request/Page_Store/select_--Select--BA2910'

2018-05-22 12:55:32 - [TEST_STEP][PASSED] - delay: Delayed 2 second(s)

2018-05-22 12:55:34 - [MESSAGE][PASSED] - Delayed 2 second(s)

2018-05-22 12:55:34 - [TEST_STEP][PASSED] - Statement - StockQty = com.kms.katalon.core.webui.keyword.WebUiBuiltInKeywords.getAttribute(com.kms.katalon.core.testobject.ObjectRepository.findTestObject(Inpatient Request/Page_Store/input_txtprice), "value"): Attribute 'value' of object 'Object Repository/Inpatient Request/Page_Store/input_txtprice' is: '1345'

2018-05-22 12:55:34 - [MESSAGE][PASSED] - Attribute 'value' of object 'Object Repository/Inpatient Request/Page_Store/input_txtprice' is: '1345'

2018-05-22 12:55:34 - [TEST_STEP][PASSED] - Statement - out.println("StockQty IS : " + StockQty): null

2018-05-22 12:55:34 - [TEST_STEP][PASSED] - Statement - If (java.lang.Integer.valueOf(StockQty) > java.lang.Integer.valueOf(RequestedQty)): null

2018-05-22 12:55:34 - [TEST_STEP][PASSED] - delay: Delayed 1 second(s)

2018-05-22 12:55:35 - [MESSAGE][PASSED] - Delayed 1 second(s)

2018-05-22 12:55:35 - [TEST_STEP][PASSED] - setText: Text '5' is set on object 'Object Repository/Inpatient Request/Page_Store/input_txtqty'

2018-05-22 12:55:35 - [MESSAGE][PASSED] - Text '5' is set on object 'Object Repository/Inpatient Request/Page_Store/input_txtqty'

2018-05-22 12:55:35 - [TEST_STEP][PASSED] - click: Object: 'Object Repository/Inpatient Request/Page_Store/button_Add' is clicked on

2018-05-22 12:55:35 - [MESSAGE][PASSED] - Object: 'Object Repository/Inpatient Request/Page_Store/button_Add' is clicked on

2018-05-22 12:55:35 - [TEST_STEP][PASSED] - Statement - Break: null

2018-05-22 12:55:35 - [TEST_STEP][PASSED] - selectOptionByIndex: All options with index in [8] are selected on object 'Object Repository/Inpatient Request/Page_Store/select_--Select--Alcohol Rub i'

2018-05-22 12:55:35 - [MESSAGE][PASSED] - All options with index in [8] are selected on object 'Object Repository/Inpatient Request/Page_Store/select_--Select--Alcohol Rub i'

2018-05-22 12:55:35 - [TEST_STEP][PASSED] - delay: Delayed 2 second(s)

2018-05-22 12:55:37 - [MESSAGE][PASSED] - Delayed 2 second(s)

2018-05-22 12:55:37 - [TEST_STEP][PASSED] - Statement - RequestedQty = com.kms.katalon.core.webui.keyword.WebUiBuiltInKeywords.getAttribute(com.kms.katalon.core.testobject.ObjectRepository.findTestObject(Inpatient Request/Page_Store/input_txttotal), "value"): Attribute 'value' of object 'Object Repository/Inpatient Request/Page_Store/input_txttotal' is: '5'

2018-05-22 12:55:37 - [MESSAGE][PASSED] - Attribute 'value' of object 'Object Repository/Inpatient Request/Page_Store/input_txttotal' is: '5'

2018-05-22 12:55:37 - [TEST_STEP][PASSED] - Statement - out.println("RequestedQty IS : " + RequestedQty): null

2018-05-22 12:55:37 - [TEST_STEP][PASSED] - Statement - BatchNo = com.kms.katalon.core.webui.keyword.WebUiBuiltInKeywords.getNumberOfTotalOption(com.kms.katalon.core.testobject.ObjectRepository.findTestObject(Inpatient Request/Page_Store/select_--Select--BA2910)): 3 options of object 'Object Repository/Inpatient Request/Page_Store/select_--Select--BA2910' counted

2018-05-22 12:55:37 - [MESSAGE][PASSED] - 3 options of object 'Object Repository/Inpatient Request/Page_Store/select_--Select--BA2910' counted

2018-05-22 12:55:37 - [TEST_STEP][PASSED] - Statement - For ([k = 1, k <= BatchNo - 1, (k++)]): null

2018-05-22 12:55:37 - [TEST_STEP][PASSED] - selectOptionByIndex: All options with index in [1] are selected on object 'Object Repository/Inpatient Request/Page_Store/select_--Select--BA2910'

2018-05-22 12:55:37 - [MESSAGE][PASSED] - All options with index in [1] are selected on object 'Object Repository/Inpatient Request/Page_Store/select_--Select--BA2910'

2018-05-22 12:55:37 - [TEST_STEP][PASSED] - delay: Delayed 2 second(s)

2018-05-22 12:55:39 - [MESSAGE][PASSED] - Delayed 2 second(s)

2018-05-22 12:55:40 - [TEST_STEP][PASSED] - Statement - StockQty = com.kms.katalon.core.webui.keyword.WebUiBuiltInKeywords.getAttribute(com.kms.katalon.core.testobject.ObjectRepository.findTestObject(Inpatient Request/Page_Store/input_txtprice), "value"): Attribute 'value' of object 'Object Repository/Inpatient Request/Page_Store/input_txtprice' is: '1245'

2018-05-22 12:55:40 - [MESSAGE][PASSED] - Attribute 'value' of object 'Object Repository/Inpatient Request/Page_Store/input_txtprice' is: '1245'

2018-05-22 12:55:40 - [TEST_STEP][PASSED] - Statement - out.println("StockQty IS : " + StockQty): null

2018-05-22 12:55:40 - [TEST_STEP][PASSED] - Statement - If (java.lang.Integer.valueOf(StockQty) > java.lang.Integer.valueOf(RequestedQty)): null

2018-05-22 12:55:40 - [TEST_STEP][PASSED] - delay: Delayed 1 second(s)

2018-05-22 12:55:41 - [MESSAGE][PASSED] - Delayed 1 second(s)

2018-05-22 12:55:41 - [TEST_STEP][PASSED] - setText: Text '5' is set on object 'Object Repository/Inpatient Request/Page_Store/input_txtqty'

2018-05-22 12:55:41 - [MESSAGE][PASSED] - Text '5' is set on object 'Object Repository/Inpatient Request/Page_Store/input_txtqty'

2018-05-22 12:55:41 - [TEST_STEP][PASSED] - click: Object: 'Object Repository/Inpatient Request/Page_Store/button_Add' is clicked on

2018-05-22 12:55:41 - [MESSAGE][PASSED] - Object: 'Object Repository/Inpatient Request/Page_Store/button_Add' is clicked on

2018-05-22 12:55:41 - [TEST_STEP][PASSED] - Statement - Break: null

2018-05-22 12:55:41 - [TEST_STEP][PASSED] - selectOptionByIndex: All options with index in [9] are selected on object 'Object Repository/Inpatient Request/Page_Store/select_--Select--Alcohol Rub i'

2018-05-22 12:55:41 - [MESSAGE][PASSED] - All options with index in [9] are selected on object 'Object Repository/Inpatient Request/Page_Store/select_--Select--Alcohol Rub i'

2018-05-22 12:55:41 - [TEST_STEP][PASSED] - delay: Delayed 2 second(s)

2018-05-22 12:55:43 - [MESSAGE][PASSED] - Delayed 2 second(s)

2018-05-22 12:55:43 - [TEST_STEP][PASSED] - Statement - RequestedQty = com.kms.katalon.core.webui.keyword.WebUiBuiltInKeywords.getAttribute(com.kms.katalon.core.testobject.ObjectRepository.findTestObject(Inpatient Request/Page_Store/input_txttotal), "value"): Attribute 'value' of object 'Object Repository/Inpatient Request/Page_Store/input_txttotal' is: '5'

2018-05-22 12:55:43 - [MESSAGE][PASSED] - Attribute 'value' of object 'Object Repository/Inpatient Request/Page_Store/input_txttotal' is: '5'

2018-05-22 12:55:43 - [TEST_STEP][PASSED] - Statement - out.println("RequestedQty IS : " + RequestedQty): null

2018-05-22 12:55:43 - [TEST_STEP][PASSED] - Statement - BatchNo = com.kms.katalon.core.webui.keyword.WebUiBuiltInKeywords.getNumberOfTotalOption(com.kms.katalon.core.testobject.ObjectRepository.findTestObject(Inpatient Request/Page_Store/select_--Select--BA2910)): 3 options of object 'Object Repository/Inpatient Request/Page_Store/select_--Select--BA2910' counted

2018-05-22 12:55:43 - [MESSAGE][PASSED] - 3 options of object 'Object Repository/Inpatient Request/Page_Store/select_--Select--BA2910' counted

2018-05-22 12:55:43 - [TEST_STEP][PASSED] - Statement - For ([k = 1, k <= BatchNo - 1, (k++)]): null

2018-05-22 12:55:43 - [TEST_STEP][PASSED] - selectOptionByIndex: All options with index in [1] are selected on object 'Object Repository/Inpatient Request/Page_Store/select_--Select--BA2910'

2018-05-22 12:55:43 - [MESSAGE][PASSED] - All options with index in [1] are selected on object 'Object Repository/Inpatient Request/Page_Store/select_--Select--BA2910'

2018-05-22 12:55:43 - [TEST_STEP][PASSED] - delay: Delayed 2 second(s)

2018-05-22 12:55:45 - [MESSAGE][PASSED] - Delayed 2 second(s)

2018-05-22 12:55:45 - [TEST_STEP][PASSED] - Statement - StockQty = com.kms.katalon.core.webui.keyword.WebUiBuiltInKeywords.getAttribute(com.kms.katalon.core.testobject.ObjectRepository.findTestObject(Inpatient Request/Page_Store/input_txtprice), "value"): Attribute 'value' of object 'Object Repository/Inpatient Request/Page_Store/input_txtprice' is: '335'

2018-05-22 12:55:45 - [MESSAGE][PASSED] - Attribute 'value' of object 'Object Repository/Inpatient Request/Page_Store/input_txtprice' is: '335'

2018-05-22 12:55:45 - [TEST_STEP][PASSED] - Statement - out.println("StockQty IS : " + StockQty): null

2018-05-22 12:55:45 - [TEST_STEP][PASSED] - Statement - If (java.lang.Integer.valueOf(StockQty) > java.lang.Integer.valueOf(RequestedQty)): null

2018-05-22 12:55:45 - [TEST_STEP][PASSED] - delay: Delayed 1 second(s)

2018-05-22 12:55:46 - [MESSAGE][PASSED] - Delayed 1 second(s)

2018-05-22 12:55:46 - [TEST_STEP][PASSED] - setText: Text '5' is set on object 'Object Repository/Inpatient Request/Page_Store/input_txtqty'

2018-05-22 12:55:46 - [MESSAGE][PASSED] - Text '5' is set on object 'Object Repository/Inpatient Request/Page_Store/input_txtqty'

2018-05-22 12:55:46 - [TEST_STEP][PASSED] - click: Object: 'Object Repository/Inpatient Request/Page_Store/button_Add' is clicked on

2018-05-22 12:55:46 - [MESSAGE][PASSED] - Object: 'Object Repository/Inpatient Request/Page_Store/button_Add' is clicked on

2018-05-22 12:55:46 - [TEST_STEP][PASSED] - Statement - Break: null

2018-05-22 12:55:46 - [TEST_STEP][PASSED] - selectOptionByIndex: All options with index in [10] are selected on object 'Object Repository/Inpatient Request/Page_Store/select_--Select--Alcohol Rub i'

2018-05-22 12:55:47 - [MESSAGE][PASSED] - All options with index in [10] are selected on object 'Object Repository/Inpatient Request/Page_Store/select_--Select--Alcohol Rub i'

2018-05-22 12:55:47 - [TEST_STEP][PASSED] - delay: Delayed 2 second(s)

2018-05-22 12:55:49 - [MESSAGE][PASSED] - Delayed 2 second(s)

2018-05-22 12:55:49 - [TEST_STEP][PASSED] - Statement - RequestedQty = com.kms.katalon.core.webui.keyword.WebUiBuiltInKeywords.getAttribute(com.kms.katalon.core.testobject.ObjectRepository.findTestObject(Inpatient Request/Page_Store/input_txttotal), "value"): Attribute 'value' of object 'Object Repository/Inpatient Request/Page_Store/input_txttotal' is: '5'

2018-05-22 12:55:49 - [MESSAGE][PASSED] - Attribute 'value' of object 'Object Repository/Inpatient Request/Page_Store/input_txttotal' is: '5'

2018-05-22 12:55:49 - [TEST_STEP][PASSED] - Statement - out.println("RequestedQty IS : " + RequestedQty): null

2018-05-22 12:55:49 - [TEST_STEP][PASSED] - Statement - BatchNo = com.kms.katalon.core.webui.keyword.WebUiBuiltInKeywords.getNumberOfTotalOption(com.kms.katalon.core.testobject.ObjectRepository.findTestObject(Inpatient Request/Page_Store/select_--Select--BA2910)): 2 options of object 'Object Repository/Inpatient Request/Page_Store/select_--Select--BA2910' counted

2018-05-22 12:55:49 - [MESSAGE][PASSED] - 2 options of object 'Object Repository/Inpatient Request/Page_Store/select_--Select--BA2910' counted

2018-05-22 12:55:49 - [TEST_STEP][PASSED] - Statement - For ([k = 1, k <= BatchNo - 1, (k++)]): null

2018-05-22 12:55:49 - [TEST_STEP][PASSED] - selectOptionByIndex: All options with index in [1] are selected on object 'Object Repository/Inpatient Request/Page_Store/select_--Select--BA2910'

2018-05-22 12:55:49 - [MESSAGE][PASSED] - All options with index in [1] are selected on object 'Object Repository/Inpatient Request/Page_Store/select_--Select--BA2910'

2018-05-22 12:55:49 - [TEST_STEP][PASSED] - delay: Delayed 2 second(s)

2018-05-22 12:55:51 - [MESSAGE][PASSED] - Delayed 2 second(s)

2018-05-22 12:55:51 - [TEST_STEP][PASSED] - Statement - StockQty = com.kms.katalon.core.webui.keyword.WebUiBuiltInKeywords.getAttribute(com.kms.katalon.core.testobject.ObjectRepository.findTestObject(Inpatient Request/Page_Store/input_txtprice), "value"): Attribute 'value' of object 'Object Repository/Inpatient Request/Page_Store/input_txtprice' is: '1345'

2018-05-22 12:55:51 - [MESSAGE][PASSED] - Attribute 'value' of object 'Object Repository/Inpatient Request/Page_Store/input_txtprice' is: '1345'

2018-05-22 12:55:51 - [TEST_STEP][PASSED] - Statement - out.println("StockQty IS : " + StockQty): null

2018-05-22 12:55:51 - [TEST_STEP][PASSED] - Statement - If (java.lang.Integer.valueOf(StockQty) > java.lang.Integer.valueOf(RequestedQty)): null

2018-05-22 12:55:51 - [TEST_STEP][PASSED] - delay: Delayed 1 second(s)

2018-05-22 12:55:52 - [MESSAGE][PASSED] - Delayed 1 second(s)

2018-05-22 12:55:52 - [TEST_STEP][PASSED] - setText: Text '5' is set on object 'Object Repository/Inpatient Request/Page_Store/input_txtqty'

2018-05-22 12:55:52 - [MESSAGE][PASSED] - Text '5' is set on object 'Object Repository/Inpatient Request/Page_Store/input_txtqty'

2018-05-22 12:55:52 - [TEST_STEP][PASSED] - click: Object: 'Object Repository/Inpatient Request/Page_Store/button_Add' is clicked on

2018-05-22 12:55:52 - [MESSAGE][PASSED] - Object: 'Object Repository/Inpatient Request/Page_Store/button_Add' is clicked on

2018-05-22 12:55:52 - [TEST_STEP][PASSED] - Statement - Break: null

2018-05-22 12:55:52 - [TEST_STEP][PASSED] - selectOptionByIndex: All options with index in [11] are selected on object 'Object Repository/Inpatient Request/Page_Store/select_--Select--Alcohol Rub i'

2018-05-22 12:55:52 - [MESSAGE][PASSED] - All options with index in [11] are selected on object 'Object Repository/Inpatient Request/Page_Store/select_--Select--Alcohol Rub i'

2018-05-22 12:55:52 - [TEST_STEP][PASSED] - delay: Delayed 2 second(s)

2018-05-22 12:55:54 - [MESSAGE][PASSED] - Delayed 2 second(s)

2018-05-22 12:55:54 - [TEST_STEP][PASSED] - Statement - RequestedQty = com.kms.katalon.core.webui.keyword.WebUiBuiltInKeywords.getAttribute(com.kms.katalon.core.testobject.ObjectRepository.findTestObject(Inpatient Request/Page_Store/input_txttotal), "value"): Attribute 'value' of object 'Object Repository/Inpatient Request/Page_Store/input_txttotal' is: '5'

2018-05-22 12:55:54 - [MESSAGE][PASSED] - Attribute 'value' of object 'Object Repository/Inpatient Request/Page_Store/input_txttotal' is: '5'

2018-05-22 12:55:54 - [TEST_STEP][PASSED] - Statement - out.println("RequestedQty IS : " + RequestedQty): null

2018-05-22 12:55:54 - [TEST_STEP][PASSED] - Statement - BatchNo = com.kms.katalon.core.webui.keyword.WebUiBuiltInKeywords.getNumberOfTotalOption(com.kms.katalon.core.testobject.ObjectRepository.findTestObject(Inpatient Request/Page_Store/select_--Select--BA2910)): 4 options of object 'Object Repository/Inpatient Request/Page_Store/select_--Select--BA2910' counted

2018-05-22 12:55:54 - [MESSAGE][PASSED] - 4 options of object 'Object Repository/Inpatient Request/Page_Store/select_--Select--BA2910' counted

2018-05-22 12:55:54 - [TEST_STEP][PASSED] - Statement - For ([k = 1, k <= BatchNo - 1, (k++)]): null

2018-05-22 12:55:54 - [TEST_STEP][PASSED] - selectOptionByIndex: All options with index in [1] are selected on object 'Object Repository/Inpatient Request/Page_Store/select_--Select--BA2910'

2018-05-22 12:55:55 - [MESSAGE][PASSED] - All options with index in [1] are selected on object 'Object Repository/Inpatient Request/Page_Store/select_--Select--BA2910'

2018-05-22 12:55:55 - [TEST_STEP][PASSED] - delay: Delayed 2 second(s)

2018-05-22 12:55:57 - [MESSAGE][PASSED] - Delayed 2 second(s)

2018-05-22 12:55:57 - [TEST_STEP][PASSED] - Statement - StockQty = com.kms.katalon.core.webui.keyword.WebUiBuiltInKeywords.getAttribute(com.kms.katalon.core.testobject.ObjectRepository.findTestObject(Inpatient Request/Page_Store/input_txtprice), "value"): Attribute 'value' of object 'Object Repository/Inpatient Request/Page_Store/input_txtprice' is: '335'

2018-05-22 12:55:57 - [MESSAGE][PASSED] - Attribute 'value' of object 'Object Repository/Inpatient Request/Page_Store/input_txtprice' is: '335'

2018-05-22 12:55:57 - [TEST_STEP][PASSED] - Statement - out.println("StockQty IS : " + StockQty): null

2018-05-22 12:55:57 - [TEST_STEP][PASSED] - Statement - If (java.lang.Integer.valueOf(StockQty) > java.lang.Integer.valueOf(RequestedQty)): null

2018-05-22 12:55:57 - [TEST_STEP][PASSED] - delay: Delayed 1 second(s)

2018-05-22 12:55:58 - [MESSAGE][PASSED] - Delayed 1 second(s)

2018-05-22 12:55:58 - [TEST_STEP][PASSED] - setText: Text '5' is set on object 'Object Repository/Inpatient Request/Page_Store/input_txtqty'

2018-05-22 12:55:58 - [MESSAGE][PASSED] - Text '5' is set on object 'Object Repository/Inpatient Request/Page_Store/input_txtqty'

2018-05-22 12:55:58 - [TEST_STEP][PASSED] - click: Object: 'Object Repository/Inpatient Request/Page_Store/button_Add' is clicked on

2018-05-22 12:55:58 - [MESSAGE][PASSED] - Object: 'Object Repository/Inpatient Request/Page_Store/button_Add' is clicked on

2018-05-22 12:55:58 - [TEST_STEP][PASSED] - Statement - Break: null

2018-05-22 12:55:58 - [TEST_STEP][PASSED] - selectOptionByIndex: All options with index in [12] are selected on object 'Object Repository/Inpatient Request/Page_Store/select_--Select--Alcohol Rub i'

2018-05-22 12:55:58 - [MESSAGE][PASSED] - All options with index in [12] are selected on object 'Object Repository/Inpatient Request/Page_Store/select_--Select--Alcohol Rub i'

2018-05-22 12:55:58 - [TEST_STEP][PASSED] - delay: Delayed 2 second(s)

2018-05-22 12:56:00 - [MESSAGE][PASSED] - Delayed 2 second(s)

2018-05-22 12:56:00 - [TEST_STEP][PASSED] - Statement - RequestedQty = com.kms.katalon.core.webui.keyword.WebUiBuiltInKeywords.getAttribute(com.kms.katalon.core.testobject.ObjectRepository.findTestObject(Inpatient Request/Page_Store/input_txttotal), "value"): Attribute 'value' of object 'Object Repository/Inpatient Request/Page_Store/input_txttotal' is: '5'

2018-05-22 12:56:00 - [MESSAGE][PASSED] - Attribute 'value' of object 'Object Repository/Inpatient Request/Page_Store/input_txttotal' is: '5'

2018-05-22 12:56:00 - [TEST_STEP][PASSED] - Statement - out.println("RequestedQty IS : " + RequestedQty): null

2018-05-22 12:56:00 - [TEST_STEP][PASSED] - Statement - BatchNo = com.kms.katalon.core.webui.keyword.WebUiBuiltInKeywords.getNumberOfTotalOption(com.kms.katalon.core.testobject.ObjectRepository.findTestObject(Inpatient Request/Page_Store/select_--Select--BA2910)): 2 options of object 'Object Repository/Inpatient Request/Page_Store/select_--Select--BA2910' counted

2018-05-22 12:56:00 - [MESSAGE][PASSED] - 2 options of object 'Object Repository/Inpatient Request/Page_Store/select_--Select--BA2910' counted

2018-05-22 12:56:00 - [TEST_STEP][PASSED] - Statement - For ([k = 1, k <= BatchNo - 1, (k++)]): null

2018-05-22 12:56:00 - [TEST_STEP][PASSED] - selectOptionByIndex: All options with index in [1] are selected on object 'Object Repository/Inpatient Request/Page_Store/select_--Select--BA2910'

2018-05-22 12:56:00 - [MESSAGE][PASSED] - All options with index in [1] are selected on object 'Object Repository/Inpatient Request/Page_Store/select_--Select--BA2910'

2018-05-22 12:56:00 - [TEST_STEP][PASSED] - delay: Delayed 2 second(s)

2018-05-22 12:56:02 - [MESSAGE][PASSED] - Delayed 2 second(s)

2018-05-22 12:56:02 - [TEST_STEP][PASSED] - Statement - StockQty = com.kms.katalon.core.webui.keyword.WebUiBuiltInKeywords.getAttribute(com.kms.katalon.core.testobject.ObjectRepository.findTestObject(Inpatient Request/Page_Store/input_txtprice), "value"): Attribute 'value' of object 'Object Repository/Inpatient Request/Page_Store/input_txtprice' is: '1345'

2018-05-22 12:56:02 - [MESSAGE][PASSED] - Attribute 'value' of object 'Object Repository/Inpatient Request/Page_Store/input_txtprice' is: '1345'

2018-05-22 12:56:02 - [TEST_STEP][PASSED] - Statement - out.println("StockQty IS : " + StockQty): null

2018-05-22 12:56:02 - [TEST_STEP][PASSED] - Statement - If (java.lang.Integer.valueOf(StockQty) > java.lang.Integer.valueOf(RequestedQty)): null

2018-05-22 12:56:02 - [TEST_STEP][PASSED] - delay: Delayed 1 second(s)

2018-05-22 12:56:03 - [MESSAGE][PASSED] - Delayed 1 second(s)

2018-05-22 12:56:03 - [TEST_STEP][PASSED] - setText: Text '5' is set on object 'Object Repository/Inpatient Request/Page_Store/input_txtqty'

2018-05-22 12:56:03 - [MESSAGE][PASSED] - Text '5' is set on object 'Object Repository/Inpatient Request/Page_Store/input_txtqty'

2018-05-22 12:56:03 - [TEST_STEP][PASSED] - click: Object: 'Object Repository/Inpatient Request/Page_Store/button_Add' is clicked on

2018-05-22 12:56:04 - [MESSAGE][PASSED] - Object: 'Object Repository/Inpatient Request/Page_Store/button_Add' is clicked on

2018-05-22 12:56:04 - [TEST_STEP][PASSED] - Statement - Break: null

2018-05-22 12:56:04 - [TEST_STEP][PASSED] - selectOptionByIndex: All options with index in [13] are selected on object 'Object Repository/Inpatient Request/Page_Store/select_--Select--Alcohol Rub i'

2018-05-22 12:56:04 - [MESSAGE][PASSED] - All options with index in [13] are selected on object 'Object Repository/Inpatient Request/Page_Store/select_--Select--Alcohol Rub i'

2018-05-22 12:56:04 - [TEST_STEP][PASSED] - delay: Delayed 2 second(s)

2018-05-22 12:56:06 - [MESSAGE][PASSED] - Delayed 2 second(s)

2018-05-22 12:56:06 - [TEST_STEP][PASSED] - Statement - RequestedQty = com.kms.katalon.core.webui.keyword.WebUiBuiltInKeywords.getAttribute(com.kms.katalon.core.testobject.ObjectRepository.findTestObject(Inpatient Request/Page_Store/input_txttotal), "value"): Attribute 'value' of object 'Object Repository/Inpatient Request/Page_Store/input_txttotal' is: '5'

2018-05-22 12:56:06 - [MESSAGE][PASSED] - Attribute 'value' of object 'Object Repository/Inpatient Request/Page_Store/input_txttotal' is: '5'

2018-05-22 12:56:06 - [TEST_STEP][PASSED] - Statement - out.println("RequestedQty IS : " + RequestedQty): null

2018-05-22 12:56:06 - [TEST_STEP][PASSED] - Statement - BatchNo = com.kms.katalon.core.webui.keyword.WebUiBuiltInKeywords.getNumberOfTotalOption(com.kms.katalon.core.testobject.ObjectRepository.findTestObject(Inpatient Request/Page_Store/select_--Select--BA2910)): 3 options of object 'Object Repository/Inpatient Request/Page_Store/select_--Select--BA2910' counted

2018-05-22 12:56:06 - [MESSAGE][PASSED] - 3 options of object 'Object Repository/Inpatient Request/Page_Store/select_--Select--BA2910' counted

2018-05-22 12:56:06 - [TEST_STEP][PASSED] - Statement - For ([k = 1, k <= BatchNo - 1, (k++)]): null

2018-05-22 12:56:06 - [TEST_STEP][PASSED] - selectOptionByIndex: All options with index in [1] are selected on object 'Object Repository/Inpatient Request/Page_Store/select_--Select--BA2910'

2018-05-22 12:56:06 - [MESSAGE][PASSED] - All options with index in [1] are selected on object 'Object Repository/Inpatient Request/Page_Store/select_--Select--BA2910'

2018-05-22 12:56:06 - [TEST_STEP][PASSED] - delay: Delayed 2 second(s)

2018-05-22 12:56:08 - [MESSAGE][PASSED] - Delayed 2 second(s)

2018-05-22 12:56:08 - [TEST_STEP][PASSED] - Statement - StockQty = com.kms.katalon.core.webui.keyword.WebUiBuiltInKeywords.getAttribute(com.kms.katalon.core.testobject.ObjectRepository.findTestObject(Inpatient Request/Page_Store/input_txtprice), "value"): Attribute 'value' of object 'Object Repository/Inpatient Request/Page_Store/input_txtprice' is: '335'

2018-05-22 12:56:08 - [MESSAGE][PASSED] - Attribute 'value' of object 'Object Repository/Inpatient Request/Page_Store/input_txtprice' is: '335'

2018-05-22 12:56:08 - [TEST_STEP][PASSED] - Statement - out.println("StockQty IS : " + StockQty): null

2018-05-22 12:56:08 - [TEST_STEP][PASSED] - Statement - If (java.lang.Integer.valueOf(StockQty) > java.lang.Integer.valueOf(RequestedQty)): null

2018-05-22 12:56:08 - [TEST_STEP][PASSED] - delay: Delayed 1 second(s)

2018-05-22 12:56:09 - [MESSAGE][PASSED] - Delayed 1 second(s)

2018-05-22 12:56:09 - [TEST_STEP][PASSED] - setText: Text '5' is set on object 'Object Repository/Inpatient Request/Page_Store/input_txtqty'

2018-05-22 12:56:09 - [MESSAGE][PASSED] - Text '5' is set on object 'Object Repository/Inpatient Request/Page_Store/input_txtqty'

2018-05-22 12:56:09 - [TEST_STEP][PASSED] - click: Object: 'Object Repository/Inpatient Request/Page_Store/button_Add' is clicked on

2018-05-22 12:56:09 - [MESSAGE][PASSED] - Object: 'Object Repository/Inpatient Request/Page_Store/button_Add' is clicked on

2018-05-22 12:56:09 - [TEST_STEP][PASSED] - Statement - Break: null

2018-05-22 12:56:09 - [TEST_STEP][PASSED] - selectOptionByIndex: All options with index in [14] are selected on object 'Object Repository/Inpatient Request/Page_Store/select_--Select--Alcohol Rub i'

2018-05-22 12:56:10 - [MESSAGE][PASSED] - All options with index in [14] are selected on object 'Object Repository/Inpatient Request/Page_Store/select_--Select--Alcohol Rub i'

2018-05-22 12:56:10 - [TEST_STEP][PASSED] - delay: Delayed 2 second(s)

2018-05-22 12:56:12 - [MESSAGE][PASSED] - Delayed 2 second(s)

2018-05-22 12:56:12 - [TEST_STEP][PASSED] - Statement - RequestedQty = com.kms.katalon.core.webui.keyword.WebUiBuiltInKeywords.getAttribute(com.kms.katalon.core.testobject.ObjectRepository.findTestObject(Inpatient Request/Page_Store/input_txttotal), "value"): Attribute 'value' of object 'Object Repository/Inpatient Request/Page_Store/input_txttotal' is: '10'

2018-05-22 12:56:12 - [MESSAGE][PASSED] - Attribute 'value' of object 'Object Repository/Inpatient Request/Page_Store/input_txttotal' is: '10'

2018-05-22 12:56:12 - [TEST_STEP][PASSED] - Statement - out.println("RequestedQty IS : " + RequestedQty): null

2018-05-22 12:56:12 - [TEST_STEP][PASSED] - Statement - BatchNo = com.kms.katalon.core.webui.keyword.WebUiBuiltInKeywords.getNumberOfTotalOption(com.kms.katalon.core.testobject.ObjectRepository.findTestObject(Inpatient Request/Page_Store/select_--Select--BA2910)): 3 options of object 'Object Repository/Inpatient Request/Page_Store/select_--Select--BA2910' counted

2018-05-22 12:56:12 - [MESSAGE][PASSED] - 3 options of object 'Object Repository/Inpatient Request/Page_Store/select_--Select--BA2910' counted

2018-05-22 12:56:12 - [TEST_STEP][PASSED] - Statement - For ([k = 1, k <= BatchNo - 1, (k++)]): null

2018-05-22 12:56:12 - [TEST_STEP][PASSED] - selectOptionByIndex: All options with index in [1] are selected on object 'Object Repository/Inpatient Request/Page_Store/select_--Select--BA2910'

2018-05-22 12:56:12 - [MESSAGE][PASSED] - All options with index in [1] are selected on object 'Object Repository/Inpatient Request/Page_Store/select_--Select--BA2910'

2018-05-22 12:56:12 - [TEST_STEP][PASSED] - delay: Delayed 2 second(s)

2018-05-22 12:56:14 - [MESSAGE][PASSED] - Delayed 2 second(s)

2018-05-22 12:56:14 - [TEST_STEP][PASSED] - Statement - StockQty = com.kms.katalon.core.webui.keyword.WebUiBuiltInKeywords.getAttribute(com.kms.katalon.core.testobject.ObjectRepository.findTestObject(Inpatient Request/Page_Store/input_txtprice), "value"): Attribute 'value' of object 'Object Repository/Inpatient Request/Page_Store/input_txtprice' is: '2645'

2018-05-22 12:56:14 - [MESSAGE][PASSED] - Attribute 'value' of object 'Object Repository/Inpatient Request/Page_Store/input_txtprice' is: '2645'

2018-05-22 12:56:14 - [TEST_STEP][PASSED] - Statement - out.println("StockQty IS : " + StockQty): null

2018-05-22 12:56:14 - [TEST_STEP][PASSED] - Statement - If (java.lang.Integer.valueOf(StockQty) > java.lang.Integer.valueOf(RequestedQty)): null

2018-05-22 12:56:14 - [TEST_STEP][PASSED] - delay: Delayed 1 second(s)

2018-05-22 12:56:15 - [MESSAGE][PASSED] - Delayed 1 second(s)

2018-05-22 12:56:15 - [TEST_STEP][PASSED] - setText: Text '5' is set on object 'Object Repository/Inpatient Request/Page_Store/input_txtqty'

2018-05-22 12:56:15 - [MESSAGE][PASSED] - Text '5' is set on object 'Object Repository/Inpatient Request/Page_Store/input_txtqty'

2018-05-22 12:56:15 - [TEST_STEP][PASSED] - click: Object: 'Object Repository/Inpatient Request/Page_Store/button_Add' is clicked on

2018-05-22 12:56:15 - [MESSAGE][PASSED] - Object: 'Object Repository/Inpatient Request/Page_Store/button_Add' is clicked on

2018-05-22 12:56:15 - [TEST_STEP][PASSED] - Statement - Break: null

2018-05-22 12:56:15 - [TEST_STEP][PASSED] - selectOptionByIndex: All options with index in [15] are selected on object 'Object Repository/Inpatient Request/Page_Store/select_--Select--Alcohol Rub i'

2018-05-22 12:56:15 - [MESSAGE][PASSED] - All options with index in [15] are selected on object 'Object Repository/Inpatient Request/Page_Store/select_--Select--Alcohol Rub i'

2018-05-22 12:56:15 - [TEST_STEP][PASSED] - delay: Delayed 2 second(s)

2018-05-22 12:56:17 - [MESSAGE][PASSED] - Delayed 2 second(s)

2018-05-22 12:56:17 - [TEST_STEP][PASSED] - Statement - RequestedQty = com.kms.katalon.core.webui.keyword.WebUiBuiltInKeywords.getAttribute(com.kms.katalon.core.testobject.ObjectRepository.findTestObject(Inpatient Request/Page_Store/input_txttotal), "value"): Attribute 'value' of object 'Object Repository/Inpatient Request/Page_Store/input_txttotal' is: '10'

2018-05-22 12:56:17 - [MESSAGE][PASSED] - Attribute 'value' of object 'Object Repository/Inpatient Request/Page_Store/input_txttotal' is: '10'

2018-05-22 12:56:17 - [TEST_STEP][PASSED] - Statement - out.println("RequestedQty IS : " + RequestedQty): null

2018-05-22 12:56:17 - [TEST_STEP][PASSED] - Statement - BatchNo = com.kms.katalon.core.webui.keyword.WebUiBuiltInKeywords.getNumberOfTotalOption(com.kms.katalon.core.testobject.ObjectRepository.findTestObject(Inpatient Request/Page_Store/select_--Select--BA2910)): 3 options of object 'Object Repository/Inpatient Request/Page_Store/select_--Select--BA2910' counted

2018-05-22 12:56:17 - [MESSAGE][PASSED] - 3 options of object 'Object Repository/Inpatient Request/Page_Store/select_--Select--BA2910' counted

2018-05-22 12:56:17 - [TEST_STEP][PASSED] - Statement - For ([k = 1, k <= BatchNo - 1, (k++)]): null

2018-05-22 12:56:17 - [TEST_STEP][PASSED] - selectOptionByIndex: All options with index in [1] are selected on object 'Object Repository/Inpatient Request/Page_Store/select_--Select--BA2910'

2018-05-22 12:56:18 - [MESSAGE][PASSED] - All options with index in [1] are selected on object 'Object Repository/Inpatient Request/Page_Store/select_--Select--BA2910'

2018-05-22 12:56:18 - [TEST_STEP][PASSED] - delay: Delayed 2 second(s)

2018-05-22 12:56:20 - [MESSAGE][PASSED] - Delayed 2 second(s)

2018-05-22 12:56:20 - [TEST_STEP][PASSED] - Statement - StockQty = com.kms.katalon.core.webui.keyword.WebUiBuiltInKeywords.getAttribute(com.kms.katalon.core.testobject.ObjectRepository.findTestObject(Inpatient Request/Page_Store/input_txtprice), "value"): Attribute 'value' of object 'Object Repository/Inpatient Request/Page_Store/input_txtprice' is: '2655'

2018-05-22 12:56:20 - [MESSAGE][PASSED] - Attribute 'value' of object 'Object Repository/Inpatient Request/Page_Store/input_txtprice' is: '2655'

2018-05-22 12:56:20 - [TEST_STEP][PASSED] - Statement - out.println("StockQty IS : " + StockQty): null

2018-05-22 12:56:20 - [TEST_STEP][PASSED] - Statement - If (java.lang.Integer.valueOf(StockQty) > java.lang.Integer.valueOf(RequestedQty)): null

2018-05-22 12:56:20 - [TEST_STEP][PASSED] - delay: Delayed 1 second(s)

2018-05-22 12:56:21 - [MESSAGE][PASSED] - Delayed 1 second(s)

2018-05-22 12:56:21 - [TEST_STEP][PASSED] - setText: Text '5' is set on object 'Object Repository/Inpatient Request/Page_Store/input_txtqty'

2018-05-22 12:56:21 - [MESSAGE][PASSED] - Text '5' is set on object 'Object Repository/Inpatient Request/Page_Store/input_txtqty'

2018-05-22 12:56:21 - [TEST_STEP][PASSED] - click: Object: 'Object Repository/Inpatient Request/Page_Store/button_Add' is clicked on

2018-05-22 12:56:21 - [MESSAGE][PASSED] - Object: 'Object Repository/Inpatient Request/Page_Store/button_Add' is clicked on

2018-05-22 12:56:21 - [TEST_STEP][PASSED] - Statement - Break: null

2018-05-22 12:56:21 - [TEST_STEP][PASSED] - selectOptionByIndex: All options with index in [16] are selected on object 'Object Repository/Inpatient Request/Page_Store/select_--Select--Alcohol Rub i'

2018-05-22 12:56:21 - [MESSAGE][PASSED] - All options with index in [16] are selected on object 'Object Repository/Inpatient Request/Page_Store/select_--Select--Alcohol Rub i'

2018-05-22 12:56:21 - [TEST_STEP][PASSED] - delay: Delayed 2 second(s)

2018-05-22 12:56:23 - [MESSAGE][PASSED] - Delayed 2 second(s)

2018-05-22 12:56:23 - [TEST_STEP][PASSED] - Statement - RequestedQty = com.kms.katalon.core.webui.keyword.WebUiBuiltInKeywords.getAttribute(com.kms.katalon.core.testobject.ObjectRepository.findTestObject(Inpatient Request/Page_Store/input_txttotal), "value"): Attribute 'value' of object 'Object Repository/Inpatient Request/Page_Store/input_txttotal' is: '5'

2018-05-22 12:56:23 - [MESSAGE][PASSED] - Attribute 'value' of object 'Object Repository/Inpatient Request/Page_Store/input_txttotal' is: '5'

2018-05-22 12:56:23 - [TEST_STEP][PASSED] - Statement - out.println("RequestedQty IS : " + RequestedQty): null

2018-05-22 12:56:23 - [TEST_STEP][PASSED] - Statement - BatchNo = com.kms.katalon.core.webui.keyword.WebUiBuiltInKeywords.getNumberOfTotalOption(com.kms.katalon.core.testobject.ObjectRepository.findTestObject(Inpatient Request/Page_Store/select_--Select--BA2910)): 3 options of object 'Object Repository/Inpatient Request/Page_Store/select_--Select--BA2910' counted

2018-05-22 12:56:23 - [MESSAGE][PASSED] - 3 options of object 'Object Repository/Inpatient Request/Page_Store/select_--Select--BA2910' counted

2018-05-22 12:56:23 - [TEST_STEP][PASSED] - Statement - For ([k = 1, k <= BatchNo - 1, (k++)]): null

2018-05-22 12:56:23 - [TEST_STEP][PASSED] - selectOptionByIndex: All options with index in [1] are selected on object 'Object Repository/Inpatient Request/Page_Store/select_--Select--BA2910'

2018-05-22 12:56:23 - [MESSAGE][PASSED] - All options with index in [1] are selected on object 'Object Repository/Inpatient Request/Page_Store/select_--Select--BA2910'

2018-05-22 12:56:23 - [TEST_STEP][PASSED] - delay: Delayed 2 second(s)

2018-05-22 12:56:25 - [MESSAGE][PASSED] - Delayed 2 second(s)

2018-05-22 12:56:25 - [TEST_STEP][PASSED] - Statement - StockQty = com.kms.katalon.core.webui.keyword.WebUiBuiltInKeywords.getAttribute(com.kms.katalon.core.testobject.ObjectRepository.findTestObject(Inpatient Request/Page_Store/input_txtprice), "value"): Attribute 'value' of object 'Object Repository/Inpatient Request/Page_Store/input_txtprice' is: '345'

2018-05-22 12:56:25 - [MESSAGE][PASSED] - Attribute 'value' of object 'Object Repository/Inpatient Request/Page_Store/input_txtprice' is: '345'

2018-05-22 12:56:25 - [TEST_STEP][PASSED] - Statement - out.println("StockQty IS : " + StockQty): null

2018-05-22 12:56:25 - [TEST_STEP][PASSED] - Statement - If (java.lang.Integer.valueOf(StockQty) > java.lang.Integer.valueOf(RequestedQty)): null

2018-05-22 12:56:25 - [TEST_STEP][PASSED] - delay: Delayed 1 second(s)

2018-05-22 12:56:26 - [MESSAGE][PASSED] - Delayed 1 second(s)

2018-05-22 12:56:26 - [TEST_STEP][PASSED] - setText: Text '5' is set on object 'Object Repository/Inpatient Request/Page_Store/input_txtqty'

2018-05-22 12:56:26 - [MESSAGE][PASSED] - Text '5' is set on object 'Object Repository/Inpatient Request/Page_Store/input_txtqty'

2018-05-22 12:56:26 - [TEST_STEP][PASSED] - click: Object: 'Object Repository/Inpatient Request/Page_Store/button_Add' is clicked on

2018-05-22 12:56:26 - [MESSAGE][PASSED] - Object: 'Object Repository/Inpatient Request/Page_Store/button_Add' is clicked on

2018-05-22 12:56:26 - [TEST_STEP][PASSED] - Statement - Break: null

2018-05-22 12:56:26 - [TEST_STEP][PASSED] - selectOptionByIndex: All options with index in [17] are selected on object 'Object Repository/Inpatient Request/Page_Store/select_--Select--Alcohol Rub i'

2018-05-22 12:56:27 - [MESSAGE][PASSED] - All options with index in [17] are selected on object 'Object Repository/Inpatient Request/Page_Store/select_--Select--Alcohol Rub i'

2018-05-22 12:56:27 - [TEST_STEP][PASSED] - delay: Delayed 2 second(s)

2018-05-22 12:56:29 - [MESSAGE][PASSED] - Delayed 2 second(s)

2018-05-22 12:56:29 - [TEST_STEP][PASSED] - Statement - RequestedQty = com.kms.katalon.core.webui.keyword.WebUiBuiltInKeywords.getAttribute(com.kms.katalon.core.testobject.ObjectRepository.findTestObject(Inpatient Request/Page_Store/input_txttotal), "value"): Attribute 'value' of object 'Object Repository/Inpatient Request/Page_Store/input_txttotal' is: '5'

2018-05-22 12:56:29 - [MESSAGE][PASSED] - Attribute 'value' of object 'Object Repository/Inpatient Request/Page_Store/input_txttotal' is: '5'

2018-05-22 12:56:29 - [TEST_STEP][PASSED] - Statement - out.println("RequestedQty IS : " + RequestedQty): null

2018-05-22 12:56:29 - [TEST_STEP][PASSED] - Statement - BatchNo = com.kms.katalon.core.webui.keyword.WebUiBuiltInKeywords.getNumberOfTotalOption(com.kms.katalon.core.testobject.ObjectRepository.findTestObject(Inpatient Request/Page_Store/select_--Select--BA2910)): 2 options of object 'Object Repository/Inpatient Request/Page_Store/select_--Select--BA2910' counted

2018-05-22 12:56:29 - [MESSAGE][PASSED] - 2 options of object 'Object Repository/Inpatient Request/Page_Store/select_--Select--BA2910' counted

2018-05-22 12:56:29 - [TEST_STEP][PASSED] - Statement - For ([k = 1, k <= BatchNo - 1, (k++)]): null

2018-05-22 12:56:29 - [TEST_STEP][PASSED] - selectOptionByIndex: All options with index in [1] are selected on object 'Object Repository/Inpatient Request/Page_Store/select_--Select--BA2910'

2018-05-22 12:56:29 - [MESSAGE][PASSED] - All options with index in [1] are selected on object 'Object Repository/Inpatient Request/Page_Store/select_--Select--BA2910'

2018-05-22 12:56:29 - [TEST_STEP][PASSED] - delay: Delayed 2 second(s)

2018-05-22 12:56:31 - [MESSAGE][PASSED] - Delayed 2 second(s)

2018-05-22 12:56:31 - [TEST_STEP][PASSED] - Statement - StockQty = com.kms.katalon.core.webui.keyword.WebUiBuiltInKeywords.getAttribute(com.kms.katalon.core.testobject.ObjectRepository.findTestObject(Inpatient Request/Page_Store/input_txtprice), "value"): Attribute 'value' of object 'Object Repository/Inpatient Request/Page_Store/input_txtprice' is: '1375'

2018-05-22 12:56:31 - [MESSAGE][PASSED] - Attribute 'value' of object 'Object Repository/Inpatient Request/Page_Store/input_txtprice' is: '1375'

2018-05-22 12:56:31 - [TEST_STEP][PASSED] - Statement - out.println("StockQty IS : " + StockQty): null

2018-05-22 12:56:31 - [TEST_STEP][PASSED] - Statement - If (java.lang.Integer.valueOf(StockQty) > java.lang.Integer.valueOf(RequestedQty)): null

2018-05-22 12:56:31 - [TEST_STEP][PASSED] - delay: Delayed 1 second(s)

2018-05-22 12:56:32 - [MESSAGE][PASSED] - Delayed 1 second(s)

2018-05-22 12:56:32 - [TEST_STEP][PASSED] - setText: Text '5' is set on object 'Object Repository/Inpatient Request/Page_Store/input_txtqty'

2018-05-22 12:56:32 - [MESSAGE][PASSED] - Text '5' is set on object 'Object Repository/Inpatient Request/Page_Store/input_txtqty'

2018-05-22 12:56:32 - [TEST_STEP][PASSED] - click: Object: 'Object Repository/Inpatient Request/Page_Store/button_Add' is clicked on

2018-05-22 12:56:32 - [MESSAGE][PASSED] - Object: 'Object Repository/Inpatient Request/Page_Store/button_Add' is clicked on

2018-05-22 12:56:32 - [TEST_STEP][PASSED] - Statement - Break: null

2018-05-22 12:56:32 - [TEST_STEP][PASSED] - scrollToElement: Scroll to object 'Object Repository/Inpatient Request/Page_Store/input_btnSubmit' successfully

2018-05-22 12:56:32 - [MESSAGE][PASSED] - Scroll to object 'Object Repository/Inpatient Request/Page_Store/input_btnSubmit' successfully

2018-05-22 12:56:32 - [TEST_STEP][PASSED] - click: Object: 'Object Repository/Inpatient Request/Page_Store/input_btnSubmit' is clicked on

2018-05-22 12:56:32 - [MESSAGE][PASSED] - Object: 'Object Repository/Inpatient Request/Page_Store/input_btnSubmit' is clicked on

2018-05-22 12:56:32 - [TEST_STEP][PASSED] - delay: Delayed 3 second(s)

2018-05-22 12:56:35 - [MESSAGE][PASSED] - Delayed 3 second(s)

2018-05-22 12:56:35 - [TEST_STEP][PASSED] - click: Object: 'Object Repository/Inpatient Request/Page_Store/button_OK' is clicked on

2018-05-22 12:56:36 - [MESSAGE][PASSED] - Object: 'Object Repository/Inpatient Request/Page_Store/button_OK' is clicked on

2018-05-22 12:56:36 - [TEST_STEP][PASSED] - delay: Delayed 3 second(s)

2018-05-22 12:56:39 - [MESSAGE][PASSED] - Delayed 3 second(s)

2018-05-22 12:56:39 - [TEST_STEP][PASSED] - click: Object: 'Object Repository/Inpatient Request/Page_Store/a_dropdown-toggle' is clicked on

2018-05-22 12:56:39 - [MESSAGE][PASSED] - Object: 'Object Repository/Inpatient Request/Page_Store/a_dropdown-toggle' is clicked on

2018-05-22 12:56:39 - [TEST_STEP][PASSED] - click: Object: 'Object Repository/Inpatient Request/Page_Store/a_Sign out' is clicked on

2018-05-22 12:56:40 - [MESSAGE][PASSED] - Object: 'Object Repository/Inpatient Request/Page_Store/a_Sign out' is clicked on

2018-05-22 12:56:40 - [TEST_STEP][PASSED] - closeBrowser: Browser is closed

2018-05-22 12:56:40 - [MESSAGE][PASSED] - Browser is closed

2018-05-22 12:56:40 - [TEST_STEP][PASSED] - Statement - out.println("Schedule 8 Inpatient Request Are Working Successfully"): null]]></system-out>
         <system-err><![CDATA[]]></system-err>
      </testcase>
      <testcase name="Test Cases/INPATIENT TEST CASES/TC_INR_003 Verify Schedule 12 Inpatient Request Are Working Successfully Or Not" classname="Test Cases/INPATIENT TEST CASES/TC_INR_003 Verify Schedule 12 Inpatient Request Are Working Successfully Or Not" status="PASSED">
         <system-out><![CDATA[2018-05-22 12:56:40 - [TEST_CASE][PASSED] - Test Cases/INPATIENT TEST CASES/TC_INR_003 Verify Schedule 12 Inpatient Request Are Working Successfully Or Not: Test Cases/INPATIENT TEST CASES/TC_INR_003 Verify Schedule 12 Inpatient Request Are Working Successfully Or Not

2018-05-22 12:56:41 - [TEST_STEP][PASSED] - openBrowser: Browser is opened with url: ''

2018-05-22 12:56:43 - [MESSAGE][PASSED] - Browser is opened with url: ''

2018-05-22 12:56:43 - [TEST_STEP][PASSED] - Statement - out.println("Verify Schedule 12 Inpatient Request Are Working Successfully Or Not"): null

2018-05-22 12:56:43 - [TEST_STEP][PASSED] - navigateToUrl: Navigate to 'http://192.168.137.1/multihospital_new/' successfully

2018-05-22 12:56:45 - [MESSAGE][PASSED] - Navigate to 'http://192.168.137.1/multihospital_new/' successfully

2018-05-22 12:56:45 - [TEST_STEP][PASSED] - maximizeWindow: Current window maximized

2018-05-22 12:56:46 - [MESSAGE][PASSED] - Current window maximized

2018-05-22 12:56:46 - [TEST_STEP][PASSED] - click: Object: 'Object Repository/Inpatient Request/Page_KDMC/a_In Patient' is clicked on

2018-05-22 12:56:47 - [MESSAGE][PASSED] - Object: 'Object Repository/Inpatient Request/Page_KDMC/a_In Patient' is clicked on

2018-05-22 12:56:47 - [TEST_STEP][PASSED] - setText: Text 'brintha' is set on object 'Object Repository/Inpatient Request/Page_INPATIENT LOGIN/input_txtusername'

2018-05-22 12:56:47 - [MESSAGE][PASSED] - Text 'brintha' is set on object 'Object Repository/Inpatient Request/Page_INPATIENT LOGIN/input_txtusername'

2018-05-22 12:56:47 - [TEST_STEP][PASSED] - setText: Text '123' is set on object 'Object Repository/Inpatient Request/Page_INPATIENT LOGIN/input_txtpassword'

2018-05-22 12:56:47 - [MESSAGE][PASSED] - Text '123' is set on object 'Object Repository/Inpatient Request/Page_INPATIENT LOGIN/input_txtpassword'

2018-05-22 12:56:47 - [TEST_STEP][PASSED] - delay: Delayed 3 second(s)

2018-05-22 12:56:50 - [MESSAGE][PASSED] - Delayed 3 second(s)

2018-05-22 12:56:50 - [TEST_STEP][PASSED] - click: Object: 'Object Repository/Inpatient Request/Page_INPATIENT LOGIN/button_Sign in' is clicked on

2018-05-22 12:56:52 - [MESSAGE][PASSED] - Object: 'Object Repository/Inpatient Request/Page_INPATIENT LOGIN/button_Sign in' is clicked on

2018-05-22 12:56:52 - [TEST_STEP][PASSED] - delay: Delayed 3 second(s)

2018-05-22 12:56:55 - [MESSAGE][PASSED] - Delayed 3 second(s)

2018-05-22 12:56:55 - [TEST_STEP][PASSED] - scrollToPosition: Browser is scrolled to position x = 300, y = 300

2018-05-22 12:56:55 - [MESSAGE][PASSED] - Browser is scrolled to position x = 300, y = 300

2018-05-22 12:56:55 - [TEST_STEP][PASSED] - delay: Delayed 2 second(s)

2018-05-22 12:56:57 - [MESSAGE][PASSED] - Delayed 2 second(s)

2018-05-22 12:56:57 - [TEST_STEP][PASSED] - navigateToUrl: Navigate to 'http://192.168.137.1/Multihospital_New/StoresRequest.aspx' successfully

2018-05-22 12:56:58 - [MESSAGE][PASSED] - Navigate to 'http://192.168.137.1/Multihospital_New/StoresRequest.aspx' successfully

2018-05-22 12:56:58 - [TEST_STEP][PASSED] - delay: Delayed 3 second(s)

2018-05-22 12:57:01 - [MESSAGE][PASSED] - Delayed 3 second(s)

2018-05-22 12:57:01 - [TEST_STEP][PASSED] - refresh: Refresh successfully

2018-05-22 12:57:02 - [MESSAGE][PASSED] - Refresh successfully

2018-05-22 12:57:02 - [TEST_STEP][PASSED] - delay: Delayed 3 second(s)

2018-05-22 12:57:05 - [MESSAGE][PASSED] - Delayed 3 second(s)

2018-05-22 12:57:05 - [TEST_STEP][PASSED] - selectOptionByIndex: All options with index in [3] are selected on object 'Object Repository/Inpatient Request/Page_KDMC/select_--Select--ChildrensGene'

2018-05-22 12:57:05 - [MESSAGE][PASSED] - All options with index in [3] are selected on object 'Object Repository/Inpatient Request/Page_KDMC/select_--Select--ChildrensGene'

2018-05-22 12:57:05 - [TEST_STEP][PASSED] - Statement - Inpatient_RequestNumber = com.kms.katalon.core.webui.keyword.WebUiBuiltInKeywords.getAttribute(com.kms.katalon.core.testobject.ObjectRepository.findTestObject(Inpatient Request/Page_KDMC/input_txtno), "value"): Attribute 'value' of object 'Object Repository/Inpatient Request/Page_KDMC/input_txtno' is: 'RNO/22052018/158'

2018-05-22 12:57:05 - [MESSAGE][PASSED] - Attribute 'value' of object 'Object Repository/Inpatient Request/Page_KDMC/input_txtno' is: 'RNO/22052018/158'

2018-05-22 12:57:05 - [TEST_STEP][PASSED] - Statement - RequestNo = Inpatient_RequestNumber.split("/")[2]: null

2018-05-22 12:57:05 - [TEST_STEP][PASSED] - Statement - out.println("RqID : " + RequestNo): null

2018-05-22 12:57:05 - [TEST_STEP][PASSED] - selectOptionByIndex: All options with index in [3] are selected on object 'Object Repository/Inpatient Request/Page_KDMC/select_--Select--Schedule 5Dru'

2018-05-22 12:57:05 - [MESSAGE][PASSED] - All options with index in [3] are selected on object 'Object Repository/Inpatient Request/Page_KDMC/select_--Select--Schedule 5Dru'

2018-05-22 12:57:05 - [TEST_STEP][PASSED] - Statement - selectedoptions = com.kms.katalon.core.webui.keyword.WebUiBuiltInKeywords.getNumberOfTotalOption(com.kms.katalon.core.testobject.ObjectRepository.findTestObject(Inpatient Request/Page_KDMC/select_--Select--Alcohol Rub i)): 19 options of object 'Object Repository/Inpatient Request/Page_KDMC/select_--Select--Alcohol Rub i' counted

2018-05-22 12:57:05 - [MESSAGE][PASSED] - 19 options of object 'Object Repository/Inpatient Request/Page_KDMC/select_--Select--Alcohol Rub i' counted

2018-05-22 12:57:05 - [TEST_STEP][PASSED] - Statement - For ([i = 1, i < selectedoptions, (i++)]): Object: 'Object Repository/Inpatient Request/Page_KDMC/button_Add' is clicked on

2018-05-22 12:57:05 - [TEST_STEP][PASSED] - selectOptionByIndex: All options with index in [3] are selected on object 'Object Repository/Inpatient Request/Page_KDMC/select_--Select--Schedule 5Dru'

2018-05-22 12:57:05 - [MESSAGE][PASSED] - All options with index in [3] are selected on object 'Object Repository/Inpatient Request/Page_KDMC/select_--Select--Schedule 5Dru'

2018-05-22 12:57:05 - [TEST_STEP][PASSED] - selectOptionByIndex: All options with index in [1] are selected on object 'Object Repository/Inpatient Request/Page_KDMC/select_--Select--Alcohol Rub i'

2018-05-22 12:57:05 - [MESSAGE][PASSED] - All options with index in [1] are selected on object 'Object Repository/Inpatient Request/Page_KDMC/select_--Select--Alcohol Rub i'

2018-05-22 12:57:05 - [TEST_STEP][PASSED] - setText: Text '5' is set on object 'Object Repository/Inpatient Request/Page_KDMC/input_txttreat'

2018-05-22 12:57:05 - [MESSAGE][PASSED] - Text '5' is set on object 'Object Repository/Inpatient Request/Page_KDMC/input_txttreat'

2018-05-22 12:57:05 - [TEST_STEP][PASSED] - click: Object: 'Object Repository/Inpatient Request/Page_KDMC/button_Add' is clicked on

2018-05-22 12:57:05 - [MESSAGE][PASSED] - Object: 'Object Repository/Inpatient Request/Page_KDMC/button_Add' is clicked on

2018-05-22 12:57:05 - [TEST_STEP][PASSED] - selectOptionByIndex: All options with index in [3] are selected on object 'Object Repository/Inpatient Request/Page_KDMC/select_--Select--Schedule 5Dru'

2018-05-22 12:57:06 - [MESSAGE][PASSED] - All options with index in [3] are selected on object 'Object Repository/Inpatient Request/Page_KDMC/select_--Select--Schedule 5Dru'

2018-05-22 12:57:06 - [TEST_STEP][PASSED] - selectOptionByIndex: All options with index in [2] are selected on object 'Object Repository/Inpatient Request/Page_KDMC/select_--Select--Alcohol Rub i'

2018-05-22 12:57:06 - [MESSAGE][PASSED] - All options with index in [2] are selected on object 'Object Repository/Inpatient Request/Page_KDMC/select_--Select--Alcohol Rub i'

2018-05-22 12:57:06 - [TEST_STEP][PASSED] - setText: Text '5' is set on object 'Object Repository/Inpatient Request/Page_KDMC/input_txttreat'

2018-05-22 12:57:06 - [MESSAGE][PASSED] - Text '5' is set on object 'Object Repository/Inpatient Request/Page_KDMC/input_txttreat'

2018-05-22 12:57:06 - [TEST_STEP][PASSED] - click: Object: 'Object Repository/Inpatient Request/Page_KDMC/button_Add' is clicked on

2018-05-22 12:57:06 - [MESSAGE][PASSED] - Object: 'Object Repository/Inpatient Request/Page_KDMC/button_Add' is clicked on

2018-05-22 12:57:06 - [TEST_STEP][PASSED] - selectOptionByIndex: All options with index in [3] are selected on object 'Object Repository/Inpatient Request/Page_KDMC/select_--Select--Schedule 5Dru'

2018-05-22 12:57:06 - [MESSAGE][PASSED] - All options with index in [3] are selected on object 'Object Repository/Inpatient Request/Page_KDMC/select_--Select--Schedule 5Dru'

2018-05-22 12:57:06 - [TEST_STEP][PASSED] - selectOptionByIndex: All options with index in [3] are selected on object 'Object Repository/Inpatient Request/Page_KDMC/select_--Select--Alcohol Rub i'

2018-05-22 12:57:06 - [MESSAGE][PASSED] - All options with index in [3] are selected on object 'Object Repository/Inpatient Request/Page_KDMC/select_--Select--Alcohol Rub i'

2018-05-22 12:57:06 - [TEST_STEP][PASSED] - setText: Text '5' is set on object 'Object Repository/Inpatient Request/Page_KDMC/input_txttreat'

2018-05-22 12:57:06 - [MESSAGE][PASSED] - Text '5' is set on object 'Object Repository/Inpatient Request/Page_KDMC/input_txttreat'

2018-05-22 12:57:06 - [TEST_STEP][PASSED] - click: Object: 'Object Repository/Inpatient Request/Page_KDMC/button_Add' is clicked on

2018-05-22 12:57:06 - [MESSAGE][PASSED] - Object: 'Object Repository/Inpatient Request/Page_KDMC/button_Add' is clicked on

2018-05-22 12:57:06 - [TEST_STEP][PASSED] - selectOptionByIndex: All options with index in [3] are selected on object 'Object Repository/Inpatient Request/Page_KDMC/select_--Select--Schedule 5Dru'

2018-05-22 12:57:06 - [MESSAGE][PASSED] - All options with index in [3] are selected on object 'Object Repository/Inpatient Request/Page_KDMC/select_--Select--Schedule 5Dru'

2018-05-22 12:57:06 - [TEST_STEP][PASSED] - selectOptionByIndex: All options with index in [4] are selected on object 'Object Repository/Inpatient Request/Page_KDMC/select_--Select--Alcohol Rub i'

2018-05-22 12:57:07 - [MESSAGE][PASSED] - All options with index in [4] are selected on object 'Object Repository/Inpatient Request/Page_KDMC/select_--Select--Alcohol Rub i'

2018-05-22 12:57:07 - [TEST_STEP][PASSED] - setText: Text '5' is set on object 'Object Repository/Inpatient Request/Page_KDMC/input_txttreat'

2018-05-22 12:57:07 - [MESSAGE][PASSED] - Text '5' is set on object 'Object Repository/Inpatient Request/Page_KDMC/input_txttreat'

2018-05-22 12:57:07 - [TEST_STEP][PASSED] - click: Object: 'Object Repository/Inpatient Request/Page_KDMC/button_Add' is clicked on

2018-05-22 12:57:07 - [MESSAGE][PASSED] - Object: 'Object Repository/Inpatient Request/Page_KDMC/button_Add' is clicked on

2018-05-22 12:57:07 - [TEST_STEP][PASSED] - selectOptionByIndex: All options with index in [3] are selected on object 'Object Repository/Inpatient Request/Page_KDMC/select_--Select--Schedule 5Dru'

2018-05-22 12:57:07 - [MESSAGE][PASSED] - All options with index in [3] are selected on object 'Object Repository/Inpatient Request/Page_KDMC/select_--Select--Schedule 5Dru'

2018-05-22 12:57:07 - [TEST_STEP][PASSED] - selectOptionByIndex: All options with index in [5] are selected on object 'Object Repository/Inpatient Request/Page_KDMC/select_--Select--Alcohol Rub i'

2018-05-22 12:57:07 - [MESSAGE][PASSED] - All options with index in [5] are selected on object 'Object Repository/Inpatient Request/Page_KDMC/select_--Select--Alcohol Rub i'

2018-05-22 12:57:07 - [TEST_STEP][PASSED] - setText: Text '5' is set on object 'Object Repository/Inpatient Request/Page_KDMC/input_txttreat'

2018-05-22 12:57:07 - [MESSAGE][PASSED] - Text '5' is set on object 'Object Repository/Inpatient Request/Page_KDMC/input_txttreat'

2018-05-22 12:57:07 - [TEST_STEP][PASSED] - click: Object: 'Object Repository/Inpatient Request/Page_KDMC/button_Add' is clicked on

2018-05-22 12:57:07 - [MESSAGE][PASSED] - Object: 'Object Repository/Inpatient Request/Page_KDMC/button_Add' is clicked on

2018-05-22 12:57:07 - [TEST_STEP][PASSED] - selectOptionByIndex: All options with index in [3] are selected on object 'Object Repository/Inpatient Request/Page_KDMC/select_--Select--Schedule 5Dru'

2018-05-22 12:57:07 - [MESSAGE][PASSED] - All options with index in [3] are selected on object 'Object Repository/Inpatient Request/Page_KDMC/select_--Select--Schedule 5Dru'

2018-05-22 12:57:07 - [TEST_STEP][PASSED] - selectOptionByIndex: All options with index in [6] are selected on object 'Object Repository/Inpatient Request/Page_KDMC/select_--Select--Alcohol Rub i'

2018-05-22 12:57:08 - [MESSAGE][PASSED] - All options with index in [6] are selected on object 'Object Repository/Inpatient Request/Page_KDMC/select_--Select--Alcohol Rub i'

2018-05-22 12:57:08 - [TEST_STEP][PASSED] - setText: Text '5' is set on object 'Object Repository/Inpatient Request/Page_KDMC/input_txttreat'

2018-05-22 12:57:08 - [MESSAGE][PASSED] - Text '5' is set on object 'Object Repository/Inpatient Request/Page_KDMC/input_txttreat'

2018-05-22 12:57:08 - [TEST_STEP][PASSED] - click: Object: 'Object Repository/Inpatient Request/Page_KDMC/button_Add' is clicked on

2018-05-22 12:57:08 - [MESSAGE][PASSED] - Object: 'Object Repository/Inpatient Request/Page_KDMC/button_Add' is clicked on

2018-05-22 12:57:08 - [TEST_STEP][PASSED] - selectOptionByIndex: All options with index in [3] are selected on object 'Object Repository/Inpatient Request/Page_KDMC/select_--Select--Schedule 5Dru'

2018-05-22 12:57:08 - [MESSAGE][PASSED] - All options with index in [3] are selected on object 'Object Repository/Inpatient Request/Page_KDMC/select_--Select--Schedule 5Dru'

2018-05-22 12:57:08 - [TEST_STEP][PASSED] - selectOptionByIndex: All options with index in [7] are selected on object 'Object Repository/Inpatient Request/Page_KDMC/select_--Select--Alcohol Rub i'

2018-05-22 12:57:08 - [MESSAGE][PASSED] - All options with index in [7] are selected on object 'Object Repository/Inpatient Request/Page_KDMC/select_--Select--Alcohol Rub i'

2018-05-22 12:57:08 - [TEST_STEP][PASSED] - setText: Text '5' is set on object 'Object Repository/Inpatient Request/Page_KDMC/input_txttreat'

2018-05-22 12:57:08 - [MESSAGE][PASSED] - Text '5' is set on object 'Object Repository/Inpatient Request/Page_KDMC/input_txttreat'

2018-05-22 12:57:08 - [TEST_STEP][PASSED] - click: Object: 'Object Repository/Inpatient Request/Page_KDMC/button_Add' is clicked on

2018-05-22 12:57:08 - [MESSAGE][PASSED] - Object: 'Object Repository/Inpatient Request/Page_KDMC/button_Add' is clicked on

2018-05-22 12:57:08 - [TEST_STEP][PASSED] - selectOptionByIndex: All options with index in [3] are selected on object 'Object Repository/Inpatient Request/Page_KDMC/select_--Select--Schedule 5Dru'

2018-05-22 12:57:08 - [MESSAGE][PASSED] - All options with index in [3] are selected on object 'Object Repository/Inpatient Request/Page_KDMC/select_--Select--Schedule 5Dru'

2018-05-22 12:57:08 - [TEST_STEP][PASSED] - selectOptionByIndex: All options with index in [8] are selected on object 'Object Repository/Inpatient Request/Page_KDMC/select_--Select--Alcohol Rub i'

2018-05-22 12:57:08 - [MESSAGE][PASSED] - All options with index in [8] are selected on object 'Object Repository/Inpatient Request/Page_KDMC/select_--Select--Alcohol Rub i'

2018-05-22 12:57:08 - [TEST_STEP][PASSED] - setText: Text '5' is set on object 'Object Repository/Inpatient Request/Page_KDMC/input_txttreat'

2018-05-22 12:57:09 - [MESSAGE][PASSED] - Text '5' is set on object 'Object Repository/Inpatient Request/Page_KDMC/input_txttreat'

2018-05-22 12:57:09 - [TEST_STEP][PASSED] - click: Object: 'Object Repository/Inpatient Request/Page_KDMC/button_Add' is clicked on

2018-05-22 12:57:09 - [MESSAGE][PASSED] - Object: 'Object Repository/Inpatient Request/Page_KDMC/button_Add' is clicked on

2018-05-22 12:57:09 - [TEST_STEP][PASSED] - selectOptionByIndex: All options with index in [3] are selected on object 'Object Repository/Inpatient Request/Page_KDMC/select_--Select--Schedule 5Dru'

2018-05-22 12:57:09 - [MESSAGE][PASSED] - All options with index in [3] are selected on object 'Object Repository/Inpatient Request/Page_KDMC/select_--Select--Schedule 5Dru'

2018-05-22 12:57:09 - [TEST_STEP][PASSED] - selectOptionByIndex: All options with index in [9] are selected on object 'Object Repository/Inpatient Request/Page_KDMC/select_--Select--Alcohol Rub i'

2018-05-22 12:57:09 - [MESSAGE][PASSED] - All options with index in [9] are selected on object 'Object Repository/Inpatient Request/Page_KDMC/select_--Select--Alcohol Rub i'

2018-05-22 12:57:09 - [TEST_STEP][PASSED] - setText: Text '5' is set on object 'Object Repository/Inpatient Request/Page_KDMC/input_txttreat'

2018-05-22 12:57:09 - [MESSAGE][PASSED] - Text '5' is set on object 'Object Repository/Inpatient Request/Page_KDMC/input_txttreat'

2018-05-22 12:57:09 - [TEST_STEP][PASSED] - click: Object: 'Object Repository/Inpatient Request/Page_KDMC/button_Add' is clicked on

2018-05-22 12:57:09 - [MESSAGE][PASSED] - Object: 'Object Repository/Inpatient Request/Page_KDMC/button_Add' is clicked on

2018-05-22 12:57:09 - [TEST_STEP][PASSED] - selectOptionByIndex: All options with index in [3] are selected on object 'Object Repository/Inpatient Request/Page_KDMC/select_--Select--Schedule 5Dru'

2018-05-22 12:57:09 - [MESSAGE][PASSED] - All options with index in [3] are selected on object 'Object Repository/Inpatient Request/Page_KDMC/select_--Select--Schedule 5Dru'

2018-05-22 12:57:09 - [TEST_STEP][PASSED] - selectOptionByIndex: All options with index in [10] are selected on object 'Object Repository/Inpatient Request/Page_KDMC/select_--Select--Alcohol Rub i'

2018-05-22 12:57:09 - [MESSAGE][PASSED] - All options with index in [10] are selected on object 'Object Repository/Inpatient Request/Page_KDMC/select_--Select--Alcohol Rub i'

2018-05-22 12:57:09 - [TEST_STEP][PASSED] - setText: Text '5' is set on object 'Object Repository/Inpatient Request/Page_KDMC/input_txttreat'

2018-05-22 12:57:10 - [MESSAGE][PASSED] - Text '5' is set on object 'Object Repository/Inpatient Request/Page_KDMC/input_txttreat'

2018-05-22 12:57:10 - [TEST_STEP][PASSED] - click: Object: 'Object Repository/Inpatient Request/Page_KDMC/button_Add' is clicked on

2018-05-22 12:57:10 - [MESSAGE][PASSED] - Object: 'Object Repository/Inpatient Request/Page_KDMC/button_Add' is clicked on

2018-05-22 12:57:10 - [TEST_STEP][PASSED] - selectOptionByIndex: All options with index in [3] are selected on object 'Object Repository/Inpatient Request/Page_KDMC/select_--Select--Schedule 5Dru'

2018-05-22 12:57:10 - [MESSAGE][PASSED] - All options with index in [3] are selected on object 'Object Repository/Inpatient Request/Page_KDMC/select_--Select--Schedule 5Dru'

2018-05-22 12:57:10 - [TEST_STEP][PASSED] - selectOptionByIndex: All options with index in [11] are selected on object 'Object Repository/Inpatient Request/Page_KDMC/select_--Select--Alcohol Rub i'

2018-05-22 12:57:10 - [MESSAGE][PASSED] - All options with index in [11] are selected on object 'Object Repository/Inpatient Request/Page_KDMC/select_--Select--Alcohol Rub i'

2018-05-22 12:57:10 - [TEST_STEP][PASSED] - setText: Text '5' is set on object 'Object Repository/Inpatient Request/Page_KDMC/input_txttreat'

2018-05-22 12:57:10 - [MESSAGE][PASSED] - Text '5' is set on object 'Object Repository/Inpatient Request/Page_KDMC/input_txttreat'

2018-05-22 12:57:10 - [TEST_STEP][PASSED] - click: Object: 'Object Repository/Inpatient Request/Page_KDMC/button_Add' is clicked on

2018-05-22 12:57:10 - [MESSAGE][PASSED] - Object: 'Object Repository/Inpatient Request/Page_KDMC/button_Add' is clicked on

2018-05-22 12:57:10 - [TEST_STEP][PASSED] - selectOptionByIndex: All options with index in [3] are selected on object 'Object Repository/Inpatient Request/Page_KDMC/select_--Select--Schedule 5Dru'

2018-05-22 12:57:10 - [MESSAGE][PASSED] - All options with index in [3] are selected on object 'Object Repository/Inpatient Request/Page_KDMC/select_--Select--Schedule 5Dru'

2018-05-22 12:57:10 - [TEST_STEP][PASSED] - selectOptionByIndex: All options with index in [12] are selected on object 'Object Repository/Inpatient Request/Page_KDMC/select_--Select--Alcohol Rub i'

2018-05-22 12:57:11 - [MESSAGE][PASSED] - All options with index in [12] are selected on object 'Object Repository/Inpatient Request/Page_KDMC/select_--Select--Alcohol Rub i'

2018-05-22 12:57:11 - [TEST_STEP][PASSED] - setText: Text '5' is set on object 'Object Repository/Inpatient Request/Page_KDMC/input_txttreat'

2018-05-22 12:57:11 - [MESSAGE][PASSED] - Text '5' is set on object 'Object Repository/Inpatient Request/Page_KDMC/input_txttreat'

2018-05-22 12:57:11 - [TEST_STEP][PASSED] - click: Object: 'Object Repository/Inpatient Request/Page_KDMC/button_Add' is clicked on

2018-05-22 12:57:11 - [MESSAGE][PASSED] - Object: 'Object Repository/Inpatient Request/Page_KDMC/button_Add' is clicked on

2018-05-22 12:57:11 - [TEST_STEP][PASSED] - selectOptionByIndex: All options with index in [3] are selected on object 'Object Repository/Inpatient Request/Page_KDMC/select_--Select--Schedule 5Dru'

2018-05-22 12:57:11 - [MESSAGE][PASSED] - All options with index in [3] are selected on object 'Object Repository/Inpatient Request/Page_KDMC/select_--Select--Schedule 5Dru'

2018-05-22 12:57:11 - [TEST_STEP][PASSED] - selectOptionByIndex: All options with index in [13] are selected on object 'Object Repository/Inpatient Request/Page_KDMC/select_--Select--Alcohol Rub i'

2018-05-22 12:57:11 - [MESSAGE][PASSED] - All options with index in [13] are selected on object 'Object Repository/Inpatient Request/Page_KDMC/select_--Select--Alcohol Rub i'

2018-05-22 12:57:11 - [TEST_STEP][PASSED] - setText: Text '5' is set on object 'Object Repository/Inpatient Request/Page_KDMC/input_txttreat'

2018-05-22 12:57:11 - [MESSAGE][PASSED] - Text '5' is set on object 'Object Repository/Inpatient Request/Page_KDMC/input_txttreat'

2018-05-22 12:57:11 - [TEST_STEP][PASSED] - click: Object: 'Object Repository/Inpatient Request/Page_KDMC/button_Add' is clicked on

2018-05-22 12:57:11 - [MESSAGE][PASSED] - Object: 'Object Repository/Inpatient Request/Page_KDMC/button_Add' is clicked on

2018-05-22 12:57:11 - [TEST_STEP][PASSED] - selectOptionByIndex: All options with index in [3] are selected on object 'Object Repository/Inpatient Request/Page_KDMC/select_--Select--Schedule 5Dru'

2018-05-22 12:57:11 - [MESSAGE][PASSED] - All options with index in [3] are selected on object 'Object Repository/Inpatient Request/Page_KDMC/select_--Select--Schedule 5Dru'

2018-05-22 12:57:11 - [TEST_STEP][PASSED] - selectOptionByIndex: All options with index in [14] are selected on object 'Object Repository/Inpatient Request/Page_KDMC/select_--Select--Alcohol Rub i'

2018-05-22 12:57:12 - [MESSAGE][PASSED] - All options with index in [14] are selected on object 'Object Repository/Inpatient Request/Page_KDMC/select_--Select--Alcohol Rub i'

2018-05-22 12:57:12 - [TEST_STEP][PASSED] - setText: Text '5' is set on object 'Object Repository/Inpatient Request/Page_KDMC/input_txttreat'

2018-05-22 12:57:12 - [MESSAGE][PASSED] - Text '5' is set on object 'Object Repository/Inpatient Request/Page_KDMC/input_txttreat'

2018-05-22 12:57:12 - [TEST_STEP][PASSED] - click: Object: 'Object Repository/Inpatient Request/Page_KDMC/button_Add' is clicked on

2018-05-22 12:57:12 - [MESSAGE][PASSED] - Object: 'Object Repository/Inpatient Request/Page_KDMC/button_Add' is clicked on

2018-05-22 12:57:12 - [TEST_STEP][PASSED] - selectOptionByIndex: All options with index in [3] are selected on object 'Object Repository/Inpatient Request/Page_KDMC/select_--Select--Schedule 5Dru'

2018-05-22 12:57:12 - [MESSAGE][PASSED] - All options with index in [3] are selected on object 'Object Repository/Inpatient Request/Page_KDMC/select_--Select--Schedule 5Dru'

2018-05-22 12:57:12 - [TEST_STEP][PASSED] - selectOptionByIndex: All options with index in [15] are selected on object 'Object Repository/Inpatient Request/Page_KDMC/select_--Select--Alcohol Rub i'

2018-05-22 12:57:12 - [MESSAGE][PASSED] - All options with index in [15] are selected on object 'Object Repository/Inpatient Request/Page_KDMC/select_--Select--Alcohol Rub i'

2018-05-22 12:57:12 - [TEST_STEP][PASSED] - setText: Text '5' is set on object 'Object Repository/Inpatient Request/Page_KDMC/input_txttreat'

2018-05-22 12:57:12 - [MESSAGE][PASSED] - Text '5' is set on object 'Object Repository/Inpatient Request/Page_KDMC/input_txttreat'

2018-05-22 12:57:12 - [TEST_STEP][PASSED] - click: Object: 'Object Repository/Inpatient Request/Page_KDMC/button_Add' is clicked on

2018-05-22 12:57:12 - [MESSAGE][PASSED] - Object: 'Object Repository/Inpatient Request/Page_KDMC/button_Add' is clicked on

2018-05-22 12:57:12 - [TEST_STEP][PASSED] - selectOptionByIndex: All options with index in [3] are selected on object 'Object Repository/Inpatient Request/Page_KDMC/select_--Select--Schedule 5Dru'

2018-05-22 12:57:12 - [MESSAGE][PASSED] - All options with index in [3] are selected on object 'Object Repository/Inpatient Request/Page_KDMC/select_--Select--Schedule 5Dru'

2018-05-22 12:57:12 - [TEST_STEP][PASSED] - selectOptionByIndex: All options with index in [16] are selected on object 'Object Repository/Inpatient Request/Page_KDMC/select_--Select--Alcohol Rub i'

2018-05-22 12:57:13 - [MESSAGE][PASSED] - All options with index in [16] are selected on object 'Object Repository/Inpatient Request/Page_KDMC/select_--Select--Alcohol Rub i'

2018-05-22 12:57:13 - [TEST_STEP][PASSED] - setText: Text '5' is set on object 'Object Repository/Inpatient Request/Page_KDMC/input_txttreat'

2018-05-22 12:57:13 - [MESSAGE][PASSED] - Text '5' is set on object 'Object Repository/Inpatient Request/Page_KDMC/input_txttreat'

2018-05-22 12:57:13 - [TEST_STEP][PASSED] - click: Object: 'Object Repository/Inpatient Request/Page_KDMC/button_Add' is clicked on

2018-05-22 12:57:13 - [MESSAGE][PASSED] - Object: 'Object Repository/Inpatient Request/Page_KDMC/button_Add' is clicked on

2018-05-22 12:57:13 - [TEST_STEP][PASSED] - selectOptionByIndex: All options with index in [3] are selected on object 'Object Repository/Inpatient Request/Page_KDMC/select_--Select--Schedule 5Dru'

2018-05-22 12:57:13 - [MESSAGE][PASSED] - All options with index in [3] are selected on object 'Object Repository/Inpatient Request/Page_KDMC/select_--Select--Schedule 5Dru'

2018-05-22 12:57:13 - [TEST_STEP][PASSED] - selectOptionByIndex: All options with index in [17] are selected on object 'Object Repository/Inpatient Request/Page_KDMC/select_--Select--Alcohol Rub i'

2018-05-22 12:57:13 - [MESSAGE][PASSED] - All options with index in [17] are selected on object 'Object Repository/Inpatient Request/Page_KDMC/select_--Select--Alcohol Rub i'

2018-05-22 12:57:13 - [TEST_STEP][PASSED] - setText: Text '5' is set on object 'Object Repository/Inpatient Request/Page_KDMC/input_txttreat'

2018-05-22 12:57:13 - [MESSAGE][PASSED] - Text '5' is set on object 'Object Repository/Inpatient Request/Page_KDMC/input_txttreat'

2018-05-22 12:57:13 - [TEST_STEP][PASSED] - click: Object: 'Object Repository/Inpatient Request/Page_KDMC/button_Add' is clicked on

2018-05-22 12:57:13 - [MESSAGE][PASSED] - Object: 'Object Repository/Inpatient Request/Page_KDMC/button_Add' is clicked on

2018-05-22 12:57:13 - [TEST_STEP][PASSED] - selectOptionByIndex: All options with index in [3] are selected on object 'Object Repository/Inpatient Request/Page_KDMC/select_--Select--Schedule 5Dru'

2018-05-22 12:57:14 - [MESSAGE][PASSED] - All options with index in [3] are selected on object 'Object Repository/Inpatient Request/Page_KDMC/select_--Select--Schedule 5Dru'

2018-05-22 12:57:14 - [TEST_STEP][PASSED] - selectOptionByIndex: All options with index in [18] are selected on object 'Object Repository/Inpatient Request/Page_KDMC/select_--Select--Alcohol Rub i'

2018-05-22 12:57:14 - [MESSAGE][PASSED] - All options with index in [18] are selected on object 'Object Repository/Inpatient Request/Page_KDMC/select_--Select--Alcohol Rub i'

2018-05-22 12:57:14 - [TEST_STEP][PASSED] - setText: Text '5' is set on object 'Object Repository/Inpatient Request/Page_KDMC/input_txttreat'

2018-05-22 12:57:14 - [MESSAGE][PASSED] - Text '5' is set on object 'Object Repository/Inpatient Request/Page_KDMC/input_txttreat'

2018-05-22 12:57:14 - [TEST_STEP][PASSED] - click: Object: 'Object Repository/Inpatient Request/Page_KDMC/button_Add' is clicked on

2018-05-22 12:57:14 - [MESSAGE][PASSED] - Object: 'Object Repository/Inpatient Request/Page_KDMC/button_Add' is clicked on

2018-05-22 12:57:14 - [TEST_STEP][PASSED] - scrollToElement: Scroll to object 'Object Repository/Inpatient Request/Page_KDMC/input_btnsave' successfully

2018-05-22 12:57:14 - [MESSAGE][PASSED] - Scroll to object 'Object Repository/Inpatient Request/Page_KDMC/input_btnsave' successfully

2018-05-22 12:57:14 - [TEST_STEP][PASSED] - click: Object: 'Object Repository/Inpatient Request/Page_KDMC/input_btnsave' is clicked on

2018-05-22 12:57:14 - [MESSAGE][PASSED] - Object: 'Object Repository/Inpatient Request/Page_KDMC/input_btnsave' is clicked on

2018-05-22 12:57:14 - [TEST_STEP][PASSED] - delay: Delayed 3 second(s)

2018-05-22 12:57:17 - [MESSAGE][PASSED] - Delayed 3 second(s)

2018-05-22 12:57:17 - [TEST_STEP][PASSED] - click: Object: 'Object Repository/Inpatient Request/Page_KDMC/button_OK' is clicked on

2018-05-22 12:57:18 - [MESSAGE][PASSED] - Object: 'Object Repository/Inpatient Request/Page_KDMC/button_OK' is clicked on

2018-05-22 12:57:18 - [TEST_STEP][PASSED] - delay: Delayed 3 second(s)

2018-05-22 12:57:21 - [MESSAGE][PASSED] - Delayed 3 second(s)

2018-05-22 12:57:21 - [TEST_STEP][PASSED] - click: Object: 'Object Repository/Inpatient Request/Page_KDMC/a_dropdown-toggle' is clicked on

2018-05-22 12:57:21 - [MESSAGE][PASSED] - Object: 'Object Repository/Inpatient Request/Page_KDMC/a_dropdown-toggle' is clicked on

2018-05-22 12:57:21 - [TEST_STEP][PASSED] - click: Object: 'Object Repository/Inpatient Request/Page_KDMC/a_Sign out' is clicked on

2018-05-22 12:57:21 - [MESSAGE][PASSED] - Object: 'Object Repository/Inpatient Request/Page_KDMC/a_Sign out' is clicked on

2018-05-22 12:57:21 - [TEST_STEP][PASSED] - delay: Delayed 3 second(s)

2018-05-22 12:57:24 - [MESSAGE][PASSED] - Delayed 3 second(s)

2018-05-22 12:57:24 - [TEST_STEP][PASSED] - click: Object: 'Object Repository/Inpatient Request/Page_KDMC/a_CMO' is clicked on

2018-05-22 12:57:25 - [MESSAGE][PASSED] - Object: 'Object Repository/Inpatient Request/Page_KDMC/a_CMO' is clicked on

2018-05-22 12:57:25 - [TEST_STEP][PASSED] - setText: Text 'guru' is set on object 'Object Repository/Inpatient Request/Page_CMO login/input_txtusername'

2018-05-22 12:57:25 - [MESSAGE][PASSED] - Text 'guru' is set on object 'Object Repository/Inpatient Request/Page_CMO login/input_txtusername'

2018-05-22 12:57:25 - [TEST_STEP][PASSED] - setText: Text '123' is set on object 'Object Repository/Inpatient Request/Page_CMO login/input_txtpassword'

2018-05-22 12:57:25 - [MESSAGE][PASSED] - Text '123' is set on object 'Object Repository/Inpatient Request/Page_CMO login/input_txtpassword'

2018-05-22 12:57:25 - [TEST_STEP][PASSED] - delay: Delayed 3 second(s)

2018-05-22 12:57:28 - [MESSAGE][PASSED] - Delayed 3 second(s)

2018-05-22 12:57:28 - [TEST_STEP][PASSED] - click: Object: 'Object Repository/Inpatient Request/Page_CMO login/button_Sign in' is clicked on

2018-05-22 12:57:28 - [MESSAGE][PASSED] - Object: 'Object Repository/Inpatient Request/Page_CMO login/button_Sign in' is clicked on

2018-05-22 12:57:28 - [TEST_STEP][PASSED] - delay: Delayed 3 second(s)

2018-05-22 12:57:31 - [MESSAGE][PASSED] - Delayed 3 second(s)

2018-05-22 12:57:31 - [TEST_STEP][PASSED] - click: Object: 'Object Repository/Inpatient Request/Page_KDMC - CMO/a_Department Wise Request' is clicked on

2018-05-22 12:57:32 - [MESSAGE][PASSED] - Object: 'Object Repository/Inpatient Request/Page_KDMC - CMO/a_Department Wise Request' is clicked on

2018-05-22 12:57:32 - [TEST_STEP][PASSED] - delay: Delayed 2 second(s)

2018-05-22 12:57:34 - [MESSAGE][PASSED] - Delayed 2 second(s)

2018-05-22 12:57:34 - [TEST_STEP][PASSED] - selectOptionByIndex: All options with index in [1] are selected on object 'Object Repository/Inpatient Request/Page_KDMC - CMO/select_--ALL--'

2018-05-22 12:57:34 - [MESSAGE][PASSED] - All options with index in [1] are selected on object 'Object Repository/Inpatient Request/Page_KDMC - CMO/select_--ALL--'

2018-05-22 12:57:34 - [TEST_STEP][PASSED] - selectOptionByIndex: All options with index in [1] are selected on object 'Object Repository/Inpatient Request/Page_KDMC - CMO/select_--ALL--                _1'

2018-05-22 12:57:34 - [MESSAGE][PASSED] - All options with index in [1] are selected on object 'Object Repository/Inpatient Request/Page_KDMC - CMO/select_--ALL--                _1'

2018-05-22 12:57:34 - [TEST_STEP][PASSED] - click: Object: 'Object Repository/Inpatient Request/Page_KDMC - CMO/input_btnsearch' is clicked on

2018-05-22 12:57:34 - [MESSAGE][PASSED] - Object: 'Object Repository/Inpatient Request/Page_KDMC - CMO/input_btnsearch' is clicked on

2018-05-22 12:57:34 - [TEST_STEP][PASSED] - delay: Delayed 2 second(s)

2018-05-22 12:57:36 - [MESSAGE][PASSED] - Delayed 2 second(s)

2018-05-22 12:57:36 - [TEST_STEP][PASSED] - Statement - ID = com.kms.katalon.core.webui.keyword.WebUiBuiltInKeywords.modifyObjectProperty(com.kms.katalon.core.testobject.ObjectRepository.findTestObject(Inpatient Request/Page_KDMC - CMO/input_1), "xpath", "equals", "//*[@id=" + RequestNo + "]", true): Modify property of object successfully

2018-05-22 12:57:36 - [MESSAGE][PASSED] - Modify property of object successfully

2018-05-22 12:57:36 - [TEST_STEP][PASSED] - click: Object: 'Object Repository/Inpatient Request/Page_KDMC - CMO/input_1' is clicked on

2018-05-22 12:57:36 - [MESSAGE][PASSED] - Object: 'Object Repository/Inpatient Request/Page_KDMC - CMO/input_1' is clicked on

2018-05-22 12:57:36 - [TEST_STEP][PASSED] - delay: Delayed 2 second(s)

2018-05-22 12:57:38 - [MESSAGE][PASSED] - Delayed 2 second(s)

2018-05-22 12:57:38 - [TEST_STEP][PASSED] - selectOptionByIndex: All options with index in [1] are selected on object 'Object Repository/Inpatient Request/Page_KDMC - CMO/select_--Select--'

2018-05-22 12:57:39 - [MESSAGE][PASSED] - All options with index in [1] are selected on object 'Object Repository/Inpatient Request/Page_KDMC - CMO/select_--Select--'

2018-05-22 12:57:39 - [TEST_STEP][PASSED] - delay: Delayed 2 second(s)

2018-05-22 12:57:41 - [MESSAGE][PASSED] - Delayed 2 second(s)

2018-05-22 12:57:41 - [TEST_STEP][PASSED] - click: Object: 'Object Repository/Inpatient Request/Page_KDMC - CMO/input_btnupdate' is clicked on

2018-05-22 12:57:41 - [MESSAGE][PASSED] - Object: 'Object Repository/Inpatient Request/Page_KDMC - CMO/input_btnupdate' is clicked on

2018-05-22 12:57:41 - [TEST_STEP][PASSED] - delay: Delayed 2 second(s)

2018-05-22 12:57:43 - [MESSAGE][PASSED] - Delayed 2 second(s)

2018-05-22 12:57:43 - [TEST_STEP][PASSED] - click: Object: 'Object Repository/Inpatient Request/Page_KDMC - CMO/button_OK' is clicked on

2018-05-22 12:57:43 - [MESSAGE][PASSED] - Object: 'Object Repository/Inpatient Request/Page_KDMC - CMO/button_OK' is clicked on

2018-05-22 12:57:43 - [TEST_STEP][PASSED] - delay: Delayed 3 second(s)

2018-05-22 12:57:46 - [MESSAGE][PASSED] - Delayed 3 second(s)

2018-05-22 12:57:46 - [TEST_STEP][PASSED] - click: Object: 'Object Repository/Inpatient Request/Page_KDMC - CMO/a_dropdown-toggle' is clicked on

2018-05-22 12:57:46 - [MESSAGE][PASSED] - Object: 'Object Repository/Inpatient Request/Page_KDMC - CMO/a_dropdown-toggle' is clicked on

2018-05-22 12:57:46 - [TEST_STEP][PASSED] - click: Object: 'Object Repository/Inpatient Request/Page_KDMC - CMO/a_Sign out' is clicked on

2018-05-22 12:57:47 - [MESSAGE][PASSED] - Object: 'Object Repository/Inpatient Request/Page_KDMC - CMO/a_Sign out' is clicked on

2018-05-22 12:57:47 - [TEST_STEP][PASSED] - delay: Delayed 3 second(s)

2018-05-22 12:57:50 - [MESSAGE][PASSED] - Delayed 3 second(s)

2018-05-22 12:57:50 - [TEST_STEP][PASSED] - click: Object: 'Object Repository/Inpatient Request/Page_KDMC/a_Divisional Store' is clicked on

2018-05-22 12:57:50 - [MESSAGE][PASSED] - Object: 'Object Repository/Inpatient Request/Page_KDMC/a_Divisional Store' is clicked on

2018-05-22 12:57:50 - [TEST_STEP][PASSED] - setText: Text 'ragu' is set on object 'Object Repository/Inpatient Request/Page_Divisonal Store Login/input_txtusername'

2018-05-22 12:57:51 - [MESSAGE][PASSED] - Text 'ragu' is set on object 'Object Repository/Inpatient Request/Page_Divisonal Store Login/input_txtusername'

2018-05-22 12:57:51 - [TEST_STEP][PASSED] - setText: Text '123' is set on object 'Object Repository/Inpatient Request/Page_Divisonal Store Login/input_txtpassword'

2018-05-22 12:57:51 - [MESSAGE][PASSED] - Text '123' is set on object 'Object Repository/Inpatient Request/Page_Divisonal Store Login/input_txtpassword'

2018-05-22 12:57:51 - [TEST_STEP][PASSED] - delay: Delayed 3 second(s)

2018-05-22 12:57:54 - [MESSAGE][PASSED] - Delayed 3 second(s)

2018-05-22 12:57:54 - [TEST_STEP][PASSED] - click: Object: 'Object Repository/Inpatient Request/Page_Divisonal Store Login/button_Sign in' is clicked on

2018-05-22 12:57:55 - [MESSAGE][PASSED] - Object: 'Object Repository/Inpatient Request/Page_Divisonal Store Login/button_Sign in' is clicked on

2018-05-22 12:57:55 - [TEST_STEP][PASSED] - delay: Delayed 3 second(s)

2018-05-22 12:57:58 - [MESSAGE][PASSED] - Delayed 3 second(s)

2018-05-22 12:57:58 - [TEST_STEP][PASSED] - click: Object: 'Object Repository/Inpatient Request/Page_Store/a_Inpatient Request' is clicked on

2018-05-22 12:57:58 - [MESSAGE][PASSED] - Object: 'Object Repository/Inpatient Request/Page_Store/a_Inpatient Request' is clicked on

2018-05-22 12:57:58 - [TEST_STEP][PASSED] - click: Object: 'Object Repository/Inpatient Request/Page_Store/a_Request Item Inpatient' is clicked on

2018-05-22 12:57:59 - [MESSAGE][PASSED] - Object: 'Object Repository/Inpatient Request/Page_Store/a_Request Item Inpatient' is clicked on

2018-05-22 12:57:59 - [TEST_STEP][PASSED] - setText: Text 'RNO/22052018/158' is set on object 'Object Repository/Inpatient Request/Page_Store/input'

2018-05-22 12:58:00 - [MESSAGE][PASSED] - Text 'RNO/22052018/158' is set on object 'Object Repository/Inpatient Request/Page_Store/input'

2018-05-22 12:58:00 - [TEST_STEP][PASSED] - Statement - InpID = com.kms.katalon.core.webui.keyword.WebUiBuiltInKeywords.modifyObjectProperty(com.kms.katalon.core.testobject.ObjectRepository.findTestObject(Inpatient Request/Page_Store/input_1), "xpath", "equals", "//*[@id=" + RequestNo + "]", true): Modify property of object successfully

2018-05-22 12:58:00 - [MESSAGE][PASSED] - Modify property of object successfully

2018-05-22 12:58:00 - [TEST_STEP][PASSED] - click: Object: 'Object Repository/Inpatient Request/Page_Store/input_1' is clicked on

2018-05-22 12:58:00 - [MESSAGE][PASSED] - Object: 'Object Repository/Inpatient Request/Page_Store/input_1' is clicked on

2018-05-22 12:58:00 - [TEST_STEP][PASSED] - Statement - medicine = com.kms.katalon.core.webui.keyword.WebUiBuiltInKeywords.getNumberOfTotalOption(com.kms.katalon.core.testobject.ObjectRepository.findTestObject(Inpatient Request/Page_Store/select_--Select--Alcohol Rub i)): 19 options of object 'Object Repository/Inpatient Request/Page_Store/select_--Select--Alcohol Rub i' counted

2018-05-22 12:58:00 - [MESSAGE][PASSED] - 19 options of object 'Object Repository/Inpatient Request/Page_Store/select_--Select--Alcohol Rub i' counted

2018-05-22 12:58:00 - [TEST_STEP][PASSED] - Statement - For ([j = 1, j <= medicine - 1, (j++)]): null

2018-05-22 12:58:00 - [TEST_STEP][PASSED] - selectOptionByIndex: All options with index in [1] are selected on object 'Object Repository/Inpatient Request/Page_Store/select_--Select--Alcohol Rub i'

2018-05-22 12:58:00 - [MESSAGE][PASSED] - All options with index in [1] are selected on object 'Object Repository/Inpatient Request/Page_Store/select_--Select--Alcohol Rub i'

2018-05-22 12:58:00 - [TEST_STEP][PASSED] - delay: Delayed 2 second(s)

2018-05-22 12:58:02 - [MESSAGE][PASSED] - Delayed 2 second(s)

2018-05-22 12:58:02 - [TEST_STEP][PASSED] - Statement - RequestedQty = com.kms.katalon.core.webui.keyword.WebUiBuiltInKeywords.getAttribute(com.kms.katalon.core.testobject.ObjectRepository.findTestObject(Inpatient Request/Page_Store/input_txttotal), "value"): Attribute 'value' of object 'Object Repository/Inpatient Request/Page_Store/input_txttotal' is: '5'

2018-05-22 12:58:02 - [MESSAGE][PASSED] - Attribute 'value' of object 'Object Repository/Inpatient Request/Page_Store/input_txttotal' is: '5'

2018-05-22 12:58:02 - [TEST_STEP][PASSED] - Statement - out.println("RequestedQty IS : " + RequestedQty): null

2018-05-22 12:58:02 - [TEST_STEP][PASSED] - Statement - BatchNo = com.kms.katalon.core.webui.keyword.WebUiBuiltInKeywords.getNumberOfTotalOption(com.kms.katalon.core.testobject.ObjectRepository.findTestObject(Inpatient Request/Page_Store/select_--Select--BA2910)): 3 options of object 'Object Repository/Inpatient Request/Page_Store/select_--Select--BA2910' counted

2018-05-22 12:58:02 - [MESSAGE][PASSED] - 3 options of object 'Object Repository/Inpatient Request/Page_Store/select_--Select--BA2910' counted

2018-05-22 12:58:02 - [TEST_STEP][PASSED] - Statement - For ([k = 1, k <= BatchNo - 1, (k++)]): null

2018-05-22 12:58:02 - [TEST_STEP][PASSED] - selectOptionByIndex: All options with index in [1] are selected on object 'Object Repository/Inpatient Request/Page_Store/select_--Select--BA2910'

2018-05-22 12:58:03 - [MESSAGE][PASSED] - All options with index in [1] are selected on object 'Object Repository/Inpatient Request/Page_Store/select_--Select--BA2910'

2018-05-22 12:58:03 - [TEST_STEP][PASSED] - delay: Delayed 2 second(s)

2018-05-22 12:58:05 - [MESSAGE][PASSED] - Delayed 2 second(s)

2018-05-22 12:58:05 - [TEST_STEP][PASSED] - Statement - StockQty = com.kms.katalon.core.webui.keyword.WebUiBuiltInKeywords.getAttribute(com.kms.katalon.core.testobject.ObjectRepository.findTestObject(Inpatient Request/Page_Store/input_txtprice), "value"): Attribute 'value' of object 'Object Repository/Inpatient Request/Page_Store/input_txtprice' is: '155'

2018-05-22 12:58:05 - [MESSAGE][PASSED] - Attribute 'value' of object 'Object Repository/Inpatient Request/Page_Store/input_txtprice' is: '155'

2018-05-22 12:58:05 - [TEST_STEP][PASSED] - Statement - out.println("StockQty IS : " + StockQty): null

2018-05-22 12:58:05 - [TEST_STEP][PASSED] - Statement - If (java.lang.Integer.valueOf(StockQty) > java.lang.Integer.valueOf(RequestedQty)): null

2018-05-22 12:58:05 - [TEST_STEP][PASSED] - delay: Delayed 1 second(s)

2018-05-22 12:58:06 - [MESSAGE][PASSED] - Delayed 1 second(s)

2018-05-22 12:58:06 - [TEST_STEP][PASSED] - setText: Text '5' is set on object 'Object Repository/Inpatient Request/Page_Store/input_txtqty'

2018-05-22 12:58:06 - [MESSAGE][PASSED] - Text '5' is set on object 'Object Repository/Inpatient Request/Page_Store/input_txtqty'

2018-05-22 12:58:06 - [TEST_STEP][PASSED] - click: Object: 'Object Repository/Inpatient Request/Page_Store/button_Add' is clicked on

2018-05-22 12:58:06 - [MESSAGE][PASSED] - Object: 'Object Repository/Inpatient Request/Page_Store/button_Add' is clicked on

2018-05-22 12:58:06 - [TEST_STEP][PASSED] - Statement - Break: null

2018-05-22 12:58:06 - [TEST_STEP][PASSED] - selectOptionByIndex: All options with index in [2] are selected on object 'Object Repository/Inpatient Request/Page_Store/select_--Select--Alcohol Rub i'

2018-05-22 12:58:06 - [MESSAGE][PASSED] - All options with index in [2] are selected on object 'Object Repository/Inpatient Request/Page_Store/select_--Select--Alcohol Rub i'

2018-05-22 12:58:06 - [TEST_STEP][PASSED] - delay: Delayed 2 second(s)

2018-05-22 12:58:08 - [MESSAGE][PASSED] - Delayed 2 second(s)

2018-05-22 12:58:08 - [TEST_STEP][PASSED] - Statement - RequestedQty = com.kms.katalon.core.webui.keyword.WebUiBuiltInKeywords.getAttribute(com.kms.katalon.core.testobject.ObjectRepository.findTestObject(Inpatient Request/Page_Store/input_txttotal), "value"): Attribute 'value' of object 'Object Repository/Inpatient Request/Page_Store/input_txttotal' is: '5'

2018-05-22 12:58:08 - [MESSAGE][PASSED] - Attribute 'value' of object 'Object Repository/Inpatient Request/Page_Store/input_txttotal' is: '5'

2018-05-22 12:58:08 - [TEST_STEP][PASSED] - Statement - out.println("RequestedQty IS : " + RequestedQty): null

2018-05-22 12:58:08 - [TEST_STEP][PASSED] - Statement - BatchNo = com.kms.katalon.core.webui.keyword.WebUiBuiltInKeywords.getNumberOfTotalOption(com.kms.katalon.core.testobject.ObjectRepository.findTestObject(Inpatient Request/Page_Store/select_--Select--BA2910)): 2 options of object 'Object Repository/Inpatient Request/Page_Store/select_--Select--BA2910' counted

2018-05-22 12:58:08 - [MESSAGE][PASSED] - 2 options of object 'Object Repository/Inpatient Request/Page_Store/select_--Select--BA2910' counted

2018-05-22 12:58:08 - [TEST_STEP][PASSED] - Statement - For ([k = 1, k <= BatchNo - 1, (k++)]): null

2018-05-22 12:58:08 - [TEST_STEP][PASSED] - selectOptionByIndex: All options with index in [1] are selected on object 'Object Repository/Inpatient Request/Page_Store/select_--Select--BA2910'

2018-05-22 12:58:08 - [MESSAGE][PASSED] - All options with index in [1] are selected on object 'Object Repository/Inpatient Request/Page_Store/select_--Select--BA2910'

2018-05-22 12:58:08 - [TEST_STEP][PASSED] - delay: Delayed 2 second(s)

2018-05-22 12:58:10 - [MESSAGE][PASSED] - Delayed 2 second(s)

2018-05-22 12:58:10 - [TEST_STEP][PASSED] - Statement - StockQty = com.kms.katalon.core.webui.keyword.WebUiBuiltInKeywords.getAttribute(com.kms.katalon.core.testobject.ObjectRepository.findTestObject(Inpatient Request/Page_Store/input_txtprice), "value"): Attribute 'value' of object 'Object Repository/Inpatient Request/Page_Store/input_txtprice' is: '960'

2018-05-22 12:58:10 - [MESSAGE][PASSED] - Attribute 'value' of object 'Object Repository/Inpatient Request/Page_Store/input_txtprice' is: '960'

2018-05-22 12:58:10 - [TEST_STEP][PASSED] - Statement - out.println("StockQty IS : " + StockQty): null

2018-05-22 12:58:10 - [TEST_STEP][PASSED] - Statement - If (java.lang.Integer.valueOf(StockQty) > java.lang.Integer.valueOf(RequestedQty)): null

2018-05-22 12:58:10 - [TEST_STEP][PASSED] - delay: Delayed 1 second(s)

2018-05-22 12:58:11 - [MESSAGE][PASSED] - Delayed 1 second(s)

2018-05-22 12:58:11 - [TEST_STEP][PASSED] - setText: Text '5' is set on object 'Object Repository/Inpatient Request/Page_Store/input_txtqty'

2018-05-22 12:58:11 - [MESSAGE][PASSED] - Text '5' is set on object 'Object Repository/Inpatient Request/Page_Store/input_txtqty'

2018-05-22 12:58:11 - [TEST_STEP][PASSED] - click: Object: 'Object Repository/Inpatient Request/Page_Store/button_Add' is clicked on

2018-05-22 12:58:11 - [MESSAGE][PASSED] - Object: 'Object Repository/Inpatient Request/Page_Store/button_Add' is clicked on

2018-05-22 12:58:11 - [TEST_STEP][PASSED] - Statement - Break: null

2018-05-22 12:58:11 - [TEST_STEP][PASSED] - selectOptionByIndex: All options with index in [3] are selected on object 'Object Repository/Inpatient Request/Page_Store/select_--Select--Alcohol Rub i'

2018-05-22 12:58:12 - [MESSAGE][PASSED] - All options with index in [3] are selected on object 'Object Repository/Inpatient Request/Page_Store/select_--Select--Alcohol Rub i'

2018-05-22 12:58:12 - [TEST_STEP][PASSED] - delay: Delayed 2 second(s)

2018-05-22 12:58:14 - [MESSAGE][PASSED] - Delayed 2 second(s)

2018-05-22 12:58:14 - [TEST_STEP][PASSED] - Statement - RequestedQty = com.kms.katalon.core.webui.keyword.WebUiBuiltInKeywords.getAttribute(com.kms.katalon.core.testobject.ObjectRepository.findTestObject(Inpatient Request/Page_Store/input_txttotal), "value"): Attribute 'value' of object 'Object Repository/Inpatient Request/Page_Store/input_txttotal' is: '5'

2018-05-22 12:58:14 - [MESSAGE][PASSED] - Attribute 'value' of object 'Object Repository/Inpatient Request/Page_Store/input_txttotal' is: '5'

2018-05-22 12:58:14 - [TEST_STEP][PASSED] - Statement - out.println("RequestedQty IS : " + RequestedQty): null

2018-05-22 12:58:14 - [TEST_STEP][PASSED] - Statement - BatchNo = com.kms.katalon.core.webui.keyword.WebUiBuiltInKeywords.getNumberOfTotalOption(com.kms.katalon.core.testobject.ObjectRepository.findTestObject(Inpatient Request/Page_Store/select_--Select--BA2910)): 3 options of object 'Object Repository/Inpatient Request/Page_Store/select_--Select--BA2910' counted

2018-05-22 12:58:14 - [MESSAGE][PASSED] - 3 options of object 'Object Repository/Inpatient Request/Page_Store/select_--Select--BA2910' counted

2018-05-22 12:58:14 - [TEST_STEP][PASSED] - Statement - For ([k = 1, k <= BatchNo - 1, (k++)]): null

2018-05-22 12:58:14 - [TEST_STEP][PASSED] - selectOptionByIndex: All options with index in [1] are selected on object 'Object Repository/Inpatient Request/Page_Store/select_--Select--BA2910'

2018-05-22 12:58:14 - [MESSAGE][PASSED] - All options with index in [1] are selected on object 'Object Repository/Inpatient Request/Page_Store/select_--Select--BA2910'

2018-05-22 12:58:14 - [TEST_STEP][PASSED] - delay: Delayed 2 second(s)

2018-05-22 12:58:16 - [MESSAGE][PASSED] - Delayed 2 second(s)

2018-05-22 12:58:16 - [TEST_STEP][PASSED] - Statement - StockQty = com.kms.katalon.core.webui.keyword.WebUiBuiltInKeywords.getAttribute(com.kms.katalon.core.testobject.ObjectRepository.findTestObject(Inpatient Request/Page_Store/input_txtprice), "value"): Attribute 'value' of object 'Object Repository/Inpatient Request/Page_Store/input_txtprice' is: '155'

2018-05-22 12:58:16 - [MESSAGE][PASSED] - Attribute 'value' of object 'Object Repository/Inpatient Request/Page_Store/input_txtprice' is: '155'

2018-05-22 12:58:16 - [TEST_STEP][PASSED] - Statement - out.println("StockQty IS : " + StockQty): null

2018-05-22 12:58:16 - [TEST_STEP][PASSED] - Statement - If (java.lang.Integer.valueOf(StockQty) > java.lang.Integer.valueOf(RequestedQty)): null

2018-05-22 12:58:16 - [TEST_STEP][PASSED] - delay: Delayed 1 second(s)

2018-05-22 12:58:17 - [MESSAGE][PASSED] - Delayed 1 second(s)

2018-05-22 12:58:17 - [TEST_STEP][PASSED] - setText: Text '5' is set on object 'Object Repository/Inpatient Request/Page_Store/input_txtqty'

2018-05-22 12:58:17 - [MESSAGE][PASSED] - Text '5' is set on object 'Object Repository/Inpatient Request/Page_Store/input_txtqty'

2018-05-22 12:58:17 - [TEST_STEP][PASSED] - click: Object: 'Object Repository/Inpatient Request/Page_Store/button_Add' is clicked on

2018-05-22 12:58:17 - [MESSAGE][PASSED] - Object: 'Object Repository/Inpatient Request/Page_Store/button_Add' is clicked on

2018-05-22 12:58:17 - [TEST_STEP][PASSED] - Statement - Break: null

2018-05-22 12:58:17 - [TEST_STEP][PASSED] - selectOptionByIndex: All options with index in [4] are selected on object 'Object Repository/Inpatient Request/Page_Store/select_--Select--Alcohol Rub i'

2018-05-22 12:58:17 - [MESSAGE][PASSED] - All options with index in [4] are selected on object 'Object Repository/Inpatient Request/Page_Store/select_--Select--Alcohol Rub i'

2018-05-22 12:58:17 - [TEST_STEP][PASSED] - delay: Delayed 2 second(s)

2018-05-22 12:58:19 - [MESSAGE][PASSED] - Delayed 2 second(s)

2018-05-22 12:58:19 - [TEST_STEP][PASSED] - Statement - RequestedQty = com.kms.katalon.core.webui.keyword.WebUiBuiltInKeywords.getAttribute(com.kms.katalon.core.testobject.ObjectRepository.findTestObject(Inpatient Request/Page_Store/input_txttotal), "value"): Attribute 'value' of object 'Object Repository/Inpatient Request/Page_Store/input_txttotal' is: '5'

2018-05-22 12:58:19 - [MESSAGE][PASSED] - Attribute 'value' of object 'Object Repository/Inpatient Request/Page_Store/input_txttotal' is: '5'

2018-05-22 12:58:19 - [TEST_STEP][PASSED] - Statement - out.println("RequestedQty IS : " + RequestedQty): null

2018-05-22 12:58:19 - [TEST_STEP][PASSED] - Statement - BatchNo = com.kms.katalon.core.webui.keyword.WebUiBuiltInKeywords.getNumberOfTotalOption(com.kms.katalon.core.testobject.ObjectRepository.findTestObject(Inpatient Request/Page_Store/select_--Select--BA2910)): 3 options of object 'Object Repository/Inpatient Request/Page_Store/select_--Select--BA2910' counted

2018-05-22 12:58:19 - [MESSAGE][PASSED] - 3 options of object 'Object Repository/Inpatient Request/Page_Store/select_--Select--BA2910' counted

2018-05-22 12:58:19 - [TEST_STEP][PASSED] - Statement - For ([k = 1, k <= BatchNo - 1, (k++)]): null

2018-05-22 12:58:19 - [TEST_STEP][PASSED] - selectOptionByIndex: All options with index in [1] are selected on object 'Object Repository/Inpatient Request/Page_Store/select_--Select--BA2910'

2018-05-22 12:58:19 - [MESSAGE][PASSED] - All options with index in [1] are selected on object 'Object Repository/Inpatient Request/Page_Store/select_--Select--BA2910'

2018-05-22 12:58:19 - [TEST_STEP][PASSED] - delay: Delayed 2 second(s)

2018-05-22 12:58:21 - [MESSAGE][PASSED] - Delayed 2 second(s)

2018-05-22 12:58:21 - [TEST_STEP][PASSED] - Statement - StockQty = com.kms.katalon.core.webui.keyword.WebUiBuiltInKeywords.getAttribute(com.kms.katalon.core.testobject.ObjectRepository.findTestObject(Inpatient Request/Page_Store/input_txtprice), "value"): Attribute 'value' of object 'Object Repository/Inpatient Request/Page_Store/input_txtprice' is: '155'

2018-05-22 12:58:21 - [MESSAGE][PASSED] - Attribute 'value' of object 'Object Repository/Inpatient Request/Page_Store/input_txtprice' is: '155'

2018-05-22 12:58:21 - [TEST_STEP][PASSED] - Statement - out.println("StockQty IS : " + StockQty): null

2018-05-22 12:58:21 - [TEST_STEP][PASSED] - Statement - If (java.lang.Integer.valueOf(StockQty) > java.lang.Integer.valueOf(RequestedQty)): null

2018-05-22 12:58:21 - [TEST_STEP][PASSED] - delay: Delayed 1 second(s)

2018-05-22 12:58:22 - [MESSAGE][PASSED] - Delayed 1 second(s)

2018-05-22 12:58:22 - [TEST_STEP][PASSED] - setText: Text '5' is set on object 'Object Repository/Inpatient Request/Page_Store/input_txtqty'

2018-05-22 12:58:23 - [MESSAGE][PASSED] - Text '5' is set on object 'Object Repository/Inpatient Request/Page_Store/input_txtqty'

2018-05-22 12:58:23 - [TEST_STEP][PASSED] - click: Object: 'Object Repository/Inpatient Request/Page_Store/button_Add' is clicked on

2018-05-22 12:58:23 - [MESSAGE][PASSED] - Object: 'Object Repository/Inpatient Request/Page_Store/button_Add' is clicked on

2018-05-22 12:58:23 - [TEST_STEP][PASSED] - Statement - Break: null

2018-05-22 12:58:23 - [TEST_STEP][PASSED] - selectOptionByIndex: All options with index in [5] are selected on object 'Object Repository/Inpatient Request/Page_Store/select_--Select--Alcohol Rub i'

2018-05-22 12:58:23 - [MESSAGE][PASSED] - All options with index in [5] are selected on object 'Object Repository/Inpatient Request/Page_Store/select_--Select--Alcohol Rub i'

2018-05-22 12:58:23 - [TEST_STEP][PASSED] - delay: Delayed 2 second(s)

2018-05-22 12:58:25 - [MESSAGE][PASSED] - Delayed 2 second(s)

2018-05-22 12:58:25 - [TEST_STEP][PASSED] - Statement - RequestedQty = com.kms.katalon.core.webui.keyword.WebUiBuiltInKeywords.getAttribute(com.kms.katalon.core.testobject.ObjectRepository.findTestObject(Inpatient Request/Page_Store/input_txttotal), "value"): Attribute 'value' of object 'Object Repository/Inpatient Request/Page_Store/input_txttotal' is: '5'

2018-05-22 12:58:25 - [MESSAGE][PASSED] - Attribute 'value' of object 'Object Repository/Inpatient Request/Page_Store/input_txttotal' is: '5'

2018-05-22 12:58:25 - [TEST_STEP][PASSED] - Statement - out.println("RequestedQty IS : " + RequestedQty): null

2018-05-22 12:58:25 - [TEST_STEP][PASSED] - Statement - BatchNo = com.kms.katalon.core.webui.keyword.WebUiBuiltInKeywords.getNumberOfTotalOption(com.kms.katalon.core.testobject.ObjectRepository.findTestObject(Inpatient Request/Page_Store/select_--Select--BA2910)): 3 options of object 'Object Repository/Inpatient Request/Page_Store/select_--Select--BA2910' counted

2018-05-22 12:58:25 - [MESSAGE][PASSED] - 3 options of object 'Object Repository/Inpatient Request/Page_Store/select_--Select--BA2910' counted

2018-05-22 12:58:25 - [TEST_STEP][PASSED] - Statement - For ([k = 1, k <= BatchNo - 1, (k++)]): null

2018-05-22 12:58:25 - [TEST_STEP][PASSED] - selectOptionByIndex: All options with index in [1] are selected on object 'Object Repository/Inpatient Request/Page_Store/select_--Select--BA2910'

2018-05-22 12:58:25 - [MESSAGE][PASSED] - All options with index in [1] are selected on object 'Object Repository/Inpatient Request/Page_Store/select_--Select--BA2910'

2018-05-22 12:58:25 - [TEST_STEP][PASSED] - delay: Delayed 2 second(s)

2018-05-22 12:58:27 - [MESSAGE][PASSED] - Delayed 2 second(s)

2018-05-22 12:58:27 - [TEST_STEP][PASSED] - Statement - StockQty = com.kms.katalon.core.webui.keyword.WebUiBuiltInKeywords.getAttribute(com.kms.katalon.core.testobject.ObjectRepository.findTestObject(Inpatient Request/Page_Store/input_txtprice), "value"): Attribute 'value' of object 'Object Repository/Inpatient Request/Page_Store/input_txtprice' is: '165'

2018-05-22 12:58:27 - [MESSAGE][PASSED] - Attribute 'value' of object 'Object Repository/Inpatient Request/Page_Store/input_txtprice' is: '165'

2018-05-22 12:58:27 - [TEST_STEP][PASSED] - Statement - out.println("StockQty IS : " + StockQty): null

2018-05-22 12:58:27 - [TEST_STEP][PASSED] - Statement - If (java.lang.Integer.valueOf(StockQty) > java.lang.Integer.valueOf(RequestedQty)): null

2018-05-22 12:58:27 - [TEST_STEP][PASSED] - delay: Delayed 1 second(s)

2018-05-22 12:58:28 - [MESSAGE][PASSED] - Delayed 1 second(s)

2018-05-22 12:58:28 - [TEST_STEP][PASSED] - setText: Text '5' is set on object 'Object Repository/Inpatient Request/Page_Store/input_txtqty'

2018-05-22 12:58:28 - [MESSAGE][PASSED] - Text '5' is set on object 'Object Repository/Inpatient Request/Page_Store/input_txtqty'

2018-05-22 12:58:28 - [TEST_STEP][PASSED] - click: Object: 'Object Repository/Inpatient Request/Page_Store/button_Add' is clicked on

2018-05-22 12:58:28 - [MESSAGE][PASSED] - Object: 'Object Repository/Inpatient Request/Page_Store/button_Add' is clicked on

2018-05-22 12:58:28 - [TEST_STEP][PASSED] - Statement - Break: null

2018-05-22 12:58:28 - [TEST_STEP][PASSED] - selectOptionByIndex: All options with index in [6] are selected on object 'Object Repository/Inpatient Request/Page_Store/select_--Select--Alcohol Rub i'

2018-05-22 12:58:28 - [MESSAGE][PASSED] - All options with index in [6] are selected on object 'Object Repository/Inpatient Request/Page_Store/select_--Select--Alcohol Rub i'

2018-05-22 12:58:28 - [TEST_STEP][PASSED] - delay: Delayed 2 second(s)

2018-05-22 12:58:30 - [MESSAGE][PASSED] - Delayed 2 second(s)

2018-05-22 12:58:30 - [TEST_STEP][PASSED] - Statement - RequestedQty = com.kms.katalon.core.webui.keyword.WebUiBuiltInKeywords.getAttribute(com.kms.katalon.core.testobject.ObjectRepository.findTestObject(Inpatient Request/Page_Store/input_txttotal), "value"): Attribute 'value' of object 'Object Repository/Inpatient Request/Page_Store/input_txttotal' is: '5'

2018-05-22 12:58:30 - [MESSAGE][PASSED] - Attribute 'value' of object 'Object Repository/Inpatient Request/Page_Store/input_txttotal' is: '5'

2018-05-22 12:58:30 - [TEST_STEP][PASSED] - Statement - out.println("RequestedQty IS : " + RequestedQty): null

2018-05-22 12:58:30 - [TEST_STEP][PASSED] - Statement - BatchNo = com.kms.katalon.core.webui.keyword.WebUiBuiltInKeywords.getNumberOfTotalOption(com.kms.katalon.core.testobject.ObjectRepository.findTestObject(Inpatient Request/Page_Store/select_--Select--BA2910)): 3 options of object 'Object Repository/Inpatient Request/Page_Store/select_--Select--BA2910' counted

2018-05-22 12:58:30 - [MESSAGE][PASSED] - 3 options of object 'Object Repository/Inpatient Request/Page_Store/select_--Select--BA2910' counted

2018-05-22 12:58:30 - [TEST_STEP][PASSED] - Statement - For ([k = 1, k <= BatchNo - 1, (k++)]): null

2018-05-22 12:58:30 - [TEST_STEP][PASSED] - selectOptionByIndex: All options with index in [1] are selected on object 'Object Repository/Inpatient Request/Page_Store/select_--Select--BA2910'

2018-05-22 12:58:31 - [MESSAGE][PASSED] - All options with index in [1] are selected on object 'Object Repository/Inpatient Request/Page_Store/select_--Select--BA2910'

2018-05-22 12:58:31 - [TEST_STEP][PASSED] - delay: Delayed 2 second(s)

2018-05-22 12:58:33 - [MESSAGE][PASSED] - Delayed 2 second(s)

2018-05-22 12:58:33 - [TEST_STEP][PASSED] - Statement - StockQty = com.kms.katalon.core.webui.keyword.WebUiBuiltInKeywords.getAttribute(com.kms.katalon.core.testobject.ObjectRepository.findTestObject(Inpatient Request/Page_Store/input_txtprice), "value"): Attribute 'value' of object 'Object Repository/Inpatient Request/Page_Store/input_txtprice' is: '165'

2018-05-22 12:58:33 - [MESSAGE][PASSED] - Attribute 'value' of object 'Object Repository/Inpatient Request/Page_Store/input_txtprice' is: '165'

2018-05-22 12:58:33 - [TEST_STEP][PASSED] - Statement - out.println("StockQty IS : " + StockQty): null

2018-05-22 12:58:33 - [TEST_STEP][PASSED] - Statement - If (java.lang.Integer.valueOf(StockQty) > java.lang.Integer.valueOf(RequestedQty)): null

2018-05-22 12:58:33 - [TEST_STEP][PASSED] - delay: Delayed 1 second(s)

2018-05-22 12:58:34 - [MESSAGE][PASSED] - Delayed 1 second(s)

2018-05-22 12:58:34 - [TEST_STEP][PASSED] - setText: Text '5' is set on object 'Object Repository/Inpatient Request/Page_Store/input_txtqty'

2018-05-22 12:58:34 - [MESSAGE][PASSED] - Text '5' is set on object 'Object Repository/Inpatient Request/Page_Store/input_txtqty'

2018-05-22 12:58:34 - [TEST_STEP][PASSED] - click: Object: 'Object Repository/Inpatient Request/Page_Store/button_Add' is clicked on

2018-05-22 12:58:34 - [MESSAGE][PASSED] - Object: 'Object Repository/Inpatient Request/Page_Store/button_Add' is clicked on

2018-05-22 12:58:34 - [TEST_STEP][PASSED] - Statement - Break: null

2018-05-22 12:58:34 - [TEST_STEP][PASSED] - selectOptionByIndex: All options with index in [7] are selected on object 'Object Repository/Inpatient Request/Page_Store/select_--Select--Alcohol Rub i'

2018-05-22 12:58:34 - [MESSAGE][PASSED] - All options with index in [7] are selected on object 'Object Repository/Inpatient Request/Page_Store/select_--Select--Alcohol Rub i'

2018-05-22 12:58:34 - [TEST_STEP][PASSED] - delay: Delayed 2 second(s)

2018-05-22 12:58:36 - [MESSAGE][PASSED] - Delayed 2 second(s)

2018-05-22 12:58:36 - [TEST_STEP][PASSED] - Statement - RequestedQty = com.kms.katalon.core.webui.keyword.WebUiBuiltInKeywords.getAttribute(com.kms.katalon.core.testobject.ObjectRepository.findTestObject(Inpatient Request/Page_Store/input_txttotal), "value"): Attribute 'value' of object 'Object Repository/Inpatient Request/Page_Store/input_txttotal' is: '5'

2018-05-22 12:58:36 - [MESSAGE][PASSED] - Attribute 'value' of object 'Object Repository/Inpatient Request/Page_Store/input_txttotal' is: '5'

2018-05-22 12:58:36 - [TEST_STEP][PASSED] - Statement - out.println("RequestedQty IS : " + RequestedQty): null

2018-05-22 12:58:36 - [TEST_STEP][PASSED] - Statement - BatchNo = com.kms.katalon.core.webui.keyword.WebUiBuiltInKeywords.getNumberOfTotalOption(com.kms.katalon.core.testobject.ObjectRepository.findTestObject(Inpatient Request/Page_Store/select_--Select--BA2910)): 3 options of object 'Object Repository/Inpatient Request/Page_Store/select_--Select--BA2910' counted

2018-05-22 12:58:36 - [MESSAGE][PASSED] - 3 options of object 'Object Repository/Inpatient Request/Page_Store/select_--Select--BA2910' counted

2018-05-22 12:58:36 - [TEST_STEP][PASSED] - Statement - For ([k = 1, k <= BatchNo - 1, (k++)]): null

2018-05-22 12:58:36 - [TEST_STEP][PASSED] - selectOptionByIndex: All options with index in [1] are selected on object 'Object Repository/Inpatient Request/Page_Store/select_--Select--BA2910'

2018-05-22 12:58:36 - [MESSAGE][PASSED] - All options with index in [1] are selected on object 'Object Repository/Inpatient Request/Page_Store/select_--Select--BA2910'

2018-05-22 12:58:36 - [TEST_STEP][PASSED] - delay: Delayed 2 second(s)

2018-05-22 12:58:38 - [MESSAGE][PASSED] - Delayed 2 second(s)

2018-05-22 12:58:38 - [TEST_STEP][PASSED] - Statement - StockQty = com.kms.katalon.core.webui.keyword.WebUiBuiltInKeywords.getAttribute(com.kms.katalon.core.testobject.ObjectRepository.findTestObject(Inpatient Request/Page_Store/input_txtprice), "value"): Attribute 'value' of object 'Object Repository/Inpatient Request/Page_Store/input_txtprice' is: '165'

2018-05-22 12:58:38 - [MESSAGE][PASSED] - Attribute 'value' of object 'Object Repository/Inpatient Request/Page_Store/input_txtprice' is: '165'

2018-05-22 12:58:38 - [TEST_STEP][PASSED] - Statement - out.println("StockQty IS : " + StockQty): null

2018-05-22 12:58:38 - [TEST_STEP][PASSED] - Statement - If (java.lang.Integer.valueOf(StockQty) > java.lang.Integer.valueOf(RequestedQty)): null

2018-05-22 12:58:38 - [TEST_STEP][PASSED] - delay: Delayed 1 second(s)

2018-05-22 12:58:39 - [MESSAGE][PASSED] - Delayed 1 second(s)

2018-05-22 12:58:39 - [TEST_STEP][PASSED] - setText: Text '5' is set on object 'Object Repository/Inpatient Request/Page_Store/input_txtqty'

2018-05-22 12:58:39 - [MESSAGE][PASSED] - Text '5' is set on object 'Object Repository/Inpatient Request/Page_Store/input_txtqty'

2018-05-22 12:58:39 - [TEST_STEP][PASSED] - click: Object: 'Object Repository/Inpatient Request/Page_Store/button_Add' is clicked on

2018-05-22 12:58:39 - [MESSAGE][PASSED] - Object: 'Object Repository/Inpatient Request/Page_Store/button_Add' is clicked on

2018-05-22 12:58:39 - [TEST_STEP][PASSED] - Statement - Break: null

2018-05-22 12:58:39 - [TEST_STEP][PASSED] - selectOptionByIndex: All options with index in [8] are selected on object 'Object Repository/Inpatient Request/Page_Store/select_--Select--Alcohol Rub i'

2018-05-22 12:58:40 - [MESSAGE][PASSED] - All options with index in [8] are selected on object 'Object Repository/Inpatient Request/Page_Store/select_--Select--Alcohol Rub i'

2018-05-22 12:58:40 - [TEST_STEP][PASSED] - delay: Delayed 2 second(s)

2018-05-22 12:58:42 - [MESSAGE][PASSED] - Delayed 2 second(s)

2018-05-22 12:58:42 - [TEST_STEP][PASSED] - Statement - RequestedQty = com.kms.katalon.core.webui.keyword.WebUiBuiltInKeywords.getAttribute(com.kms.katalon.core.testobject.ObjectRepository.findTestObject(Inpatient Request/Page_Store/input_txttotal), "value"): Attribute 'value' of object 'Object Repository/Inpatient Request/Page_Store/input_txttotal' is: '5'

2018-05-22 12:58:42 - [MESSAGE][PASSED] - Attribute 'value' of object 'Object Repository/Inpatient Request/Page_Store/input_txttotal' is: '5'

2018-05-22 12:58:42 - [TEST_STEP][PASSED] - Statement - out.println("RequestedQty IS : " + RequestedQty): null

2018-05-22 12:58:42 - [TEST_STEP][PASSED] - Statement - BatchNo = com.kms.katalon.core.webui.keyword.WebUiBuiltInKeywords.getNumberOfTotalOption(com.kms.katalon.core.testobject.ObjectRepository.findTestObject(Inpatient Request/Page_Store/select_--Select--BA2910)): 2 options of object 'Object Repository/Inpatient Request/Page_Store/select_--Select--BA2910' counted

2018-05-22 12:58:42 - [MESSAGE][PASSED] - 2 options of object 'Object Repository/Inpatient Request/Page_Store/select_--Select--BA2910' counted

2018-05-22 12:58:42 - [TEST_STEP][PASSED] - Statement - For ([k = 1, k <= BatchNo - 1, (k++)]): null

2018-05-22 12:58:42 - [TEST_STEP][PASSED] - selectOptionByIndex: All options with index in [1] are selected on object 'Object Repository/Inpatient Request/Page_Store/select_--Select--BA2910'

2018-05-22 12:58:42 - [MESSAGE][PASSED] - All options with index in [1] are selected on object 'Object Repository/Inpatient Request/Page_Store/select_--Select--BA2910'

2018-05-22 12:58:42 - [TEST_STEP][PASSED] - delay: Delayed 2 second(s)

2018-05-22 12:58:44 - [MESSAGE][PASSED] - Delayed 2 second(s)

2018-05-22 12:58:44 - [TEST_STEP][PASSED] - Statement - StockQty = com.kms.katalon.core.webui.keyword.WebUiBuiltInKeywords.getAttribute(com.kms.katalon.core.testobject.ObjectRepository.findTestObject(Inpatient Request/Page_Store/input_txtprice), "value"): Attribute 'value' of object 'Object Repository/Inpatient Request/Page_Store/input_txtprice' is: '1120'

2018-05-22 12:58:44 - [MESSAGE][PASSED] - Attribute 'value' of object 'Object Repository/Inpatient Request/Page_Store/input_txtprice' is: '1120'

2018-05-22 12:58:44 - [TEST_STEP][PASSED] - Statement - out.println("StockQty IS : " + StockQty): null

2018-05-22 12:58:44 - [TEST_STEP][PASSED] - Statement - If (java.lang.Integer.valueOf(StockQty) > java.lang.Integer.valueOf(RequestedQty)): null

2018-05-22 12:58:44 - [TEST_STEP][PASSED] - delay: Delayed 1 second(s)

2018-05-22 12:58:45 - [MESSAGE][PASSED] - Delayed 1 second(s)

2018-05-22 12:58:45 - [TEST_STEP][PASSED] - setText: Text '5' is set on object 'Object Repository/Inpatient Request/Page_Store/input_txtqty'

2018-05-22 12:58:45 - [MESSAGE][PASSED] - Text '5' is set on object 'Object Repository/Inpatient Request/Page_Store/input_txtqty'

2018-05-22 12:58:45 - [TEST_STEP][PASSED] - click: Object: 'Object Repository/Inpatient Request/Page_Store/button_Add' is clicked on

2018-05-22 12:58:45 - [MESSAGE][PASSED] - Object: 'Object Repository/Inpatient Request/Page_Store/button_Add' is clicked on

2018-05-22 12:58:45 - [TEST_STEP][PASSED] - Statement - Break: null

2018-05-22 12:58:45 - [TEST_STEP][PASSED] - selectOptionByIndex: All options with index in [9] are selected on object 'Object Repository/Inpatient Request/Page_Store/select_--Select--Alcohol Rub i'

2018-05-22 12:58:45 - [MESSAGE][PASSED] - All options with index in [9] are selected on object 'Object Repository/Inpatient Request/Page_Store/select_--Select--Alcohol Rub i'

2018-05-22 12:58:45 - [TEST_STEP][PASSED] - delay: Delayed 2 second(s)

2018-05-22 12:58:47 - [MESSAGE][PASSED] - Delayed 2 second(s)

2018-05-22 12:58:47 - [TEST_STEP][PASSED] - Statement - RequestedQty = com.kms.katalon.core.webui.keyword.WebUiBuiltInKeywords.getAttribute(com.kms.katalon.core.testobject.ObjectRepository.findTestObject(Inpatient Request/Page_Store/input_txttotal), "value"): Attribute 'value' of object 'Object Repository/Inpatient Request/Page_Store/input_txttotal' is: '5'

2018-05-22 12:58:47 - [MESSAGE][PASSED] - Attribute 'value' of object 'Object Repository/Inpatient Request/Page_Store/input_txttotal' is: '5'

2018-05-22 12:58:47 - [TEST_STEP][PASSED] - Statement - out.println("RequestedQty IS : " + RequestedQty): null

2018-05-22 12:58:47 - [TEST_STEP][PASSED] - Statement - BatchNo = com.kms.katalon.core.webui.keyword.WebUiBuiltInKeywords.getNumberOfTotalOption(com.kms.katalon.core.testobject.ObjectRepository.findTestObject(Inpatient Request/Page_Store/select_--Select--BA2910)): 3 options of object 'Object Repository/Inpatient Request/Page_Store/select_--Select--BA2910' counted

2018-05-22 12:58:47 - [MESSAGE][PASSED] - 3 options of object 'Object Repository/Inpatient Request/Page_Store/select_--Select--BA2910' counted

2018-05-22 12:58:47 - [TEST_STEP][PASSED] - Statement - For ([k = 1, k <= BatchNo - 1, (k++)]): null

2018-05-22 12:58:47 - [TEST_STEP][PASSED] - selectOptionByIndex: All options with index in [1] are selected on object 'Object Repository/Inpatient Request/Page_Store/select_--Select--BA2910'

2018-05-22 12:58:47 - [MESSAGE][PASSED] - All options with index in [1] are selected on object 'Object Repository/Inpatient Request/Page_Store/select_--Select--BA2910'

2018-05-22 12:58:47 - [TEST_STEP][PASSED] - delay: Delayed 2 second(s)

2018-05-22 12:58:49 - [MESSAGE][PASSED] - Delayed 2 second(s)

2018-05-22 12:58:49 - [TEST_STEP][PASSED] - Statement - StockQty = com.kms.katalon.core.webui.keyword.WebUiBuiltInKeywords.getAttribute(com.kms.katalon.core.testobject.ObjectRepository.findTestObject(Inpatient Request/Page_Store/input_txtprice), "value"): Attribute 'value' of object 'Object Repository/Inpatient Request/Page_Store/input_txtprice' is: '165'

2018-05-22 12:58:49 - [MESSAGE][PASSED] - Attribute 'value' of object 'Object Repository/Inpatient Request/Page_Store/input_txtprice' is: '165'

2018-05-22 12:58:49 - [TEST_STEP][PASSED] - Statement - out.println("StockQty IS : " + StockQty): null

2018-05-22 12:58:49 - [TEST_STEP][PASSED] - Statement - If (java.lang.Integer.valueOf(StockQty) > java.lang.Integer.valueOf(RequestedQty)): null

2018-05-22 12:58:49 - [TEST_STEP][PASSED] - delay: Delayed 1 second(s)

2018-05-22 12:58:50 - [MESSAGE][PASSED] - Delayed 1 second(s)

2018-05-22 12:58:50 - [TEST_STEP][PASSED] - setText: Text '5' is set on object 'Object Repository/Inpatient Request/Page_Store/input_txtqty'

2018-05-22 12:58:51 - [MESSAGE][PASSED] - Text '5' is set on object 'Object Repository/Inpatient Request/Page_Store/input_txtqty'

2018-05-22 12:58:51 - [TEST_STEP][PASSED] - click: Object: 'Object Repository/Inpatient Request/Page_Store/button_Add' is clicked on

2018-05-22 12:58:51 - [MESSAGE][PASSED] - Object: 'Object Repository/Inpatient Request/Page_Store/button_Add' is clicked on

2018-05-22 12:58:51 - [TEST_STEP][PASSED] - Statement - Break: null

2018-05-22 12:58:51 - [TEST_STEP][PASSED] - selectOptionByIndex: All options with index in [10] are selected on object 'Object Repository/Inpatient Request/Page_Store/select_--Select--Alcohol Rub i'

2018-05-22 12:58:51 - [MESSAGE][PASSED] - All options with index in [10] are selected on object 'Object Repository/Inpatient Request/Page_Store/select_--Select--Alcohol Rub i'

2018-05-22 12:58:51 - [TEST_STEP][PASSED] - delay: Delayed 2 second(s)

2018-05-22 12:58:53 - [MESSAGE][PASSED] - Delayed 2 second(s)

2018-05-22 12:58:53 - [TEST_STEP][PASSED] - Statement - RequestedQty = com.kms.katalon.core.webui.keyword.WebUiBuiltInKeywords.getAttribute(com.kms.katalon.core.testobject.ObjectRepository.findTestObject(Inpatient Request/Page_Store/input_txttotal), "value"): Attribute 'value' of object 'Object Repository/Inpatient Request/Page_Store/input_txttotal' is: '5'

2018-05-22 12:58:53 - [MESSAGE][PASSED] - Attribute 'value' of object 'Object Repository/Inpatient Request/Page_Store/input_txttotal' is: '5'

2018-05-22 12:58:53 - [TEST_STEP][PASSED] - Statement - out.println("RequestedQty IS : " + RequestedQty): null

2018-05-22 12:58:53 - [TEST_STEP][PASSED] - Statement - BatchNo = com.kms.katalon.core.webui.keyword.WebUiBuiltInKeywords.getNumberOfTotalOption(com.kms.katalon.core.testobject.ObjectRepository.findTestObject(Inpatient Request/Page_Store/select_--Select--BA2910)): 2 options of object 'Object Repository/Inpatient Request/Page_Store/select_--Select--BA2910' counted

2018-05-22 12:58:53 - [MESSAGE][PASSED] - 2 options of object 'Object Repository/Inpatient Request/Page_Store/select_--Select--BA2910' counted

2018-05-22 12:58:53 - [TEST_STEP][PASSED] - Statement - For ([k = 1, k <= BatchNo - 1, (k++)]): null

2018-05-22 12:58:53 - [TEST_STEP][PASSED] - selectOptionByIndex: All options with index in [1] are selected on object 'Object Repository/Inpatient Request/Page_Store/select_--Select--BA2910'

2018-05-22 12:58:53 - [MESSAGE][PASSED] - All options with index in [1] are selected on object 'Object Repository/Inpatient Request/Page_Store/select_--Select--BA2910'

2018-05-22 12:58:53 - [TEST_STEP][PASSED] - delay: Delayed 2 second(s)

2018-05-22 12:58:55 - [MESSAGE][PASSED] - Delayed 2 second(s)

2018-05-22 12:58:55 - [TEST_STEP][PASSED] - Statement - StockQty = com.kms.katalon.core.webui.keyword.WebUiBuiltInKeywords.getAttribute(com.kms.katalon.core.testobject.ObjectRepository.findTestObject(Inpatient Request/Page_Store/input_txtprice), "value"): Attribute 'value' of object 'Object Repository/Inpatient Request/Page_Store/input_txtprice' is: '965'

2018-05-22 12:58:55 - [MESSAGE][PASSED] - Attribute 'value' of object 'Object Repository/Inpatient Request/Page_Store/input_txtprice' is: '965'

2018-05-22 12:58:55 - [TEST_STEP][PASSED] - Statement - out.println("StockQty IS : " + StockQty): null

2018-05-22 12:58:55 - [TEST_STEP][PASSED] - Statement - If (java.lang.Integer.valueOf(StockQty) > java.lang.Integer.valueOf(RequestedQty)): null

2018-05-22 12:58:55 - [TEST_STEP][PASSED] - delay: Delayed 1 second(s)

2018-05-22 12:58:56 - [MESSAGE][PASSED] - Delayed 1 second(s)

2018-05-22 12:58:56 - [TEST_STEP][PASSED] - setText: Text '5' is set on object 'Object Repository/Inpatient Request/Page_Store/input_txtqty'

2018-05-22 12:58:56 - [MESSAGE][PASSED] - Text '5' is set on object 'Object Repository/Inpatient Request/Page_Store/input_txtqty'

2018-05-22 12:58:56 - [TEST_STEP][PASSED] - click: Object: 'Object Repository/Inpatient Request/Page_Store/button_Add' is clicked on

2018-05-22 12:58:56 - [MESSAGE][PASSED] - Object: 'Object Repository/Inpatient Request/Page_Store/button_Add' is clicked on

2018-05-22 12:58:56 - [TEST_STEP][PASSED] - Statement - Break: null

2018-05-22 12:58:56 - [TEST_STEP][PASSED] - selectOptionByIndex: All options with index in [11] are selected on object 'Object Repository/Inpatient Request/Page_Store/select_--Select--Alcohol Rub i'

2018-05-22 12:58:57 - [MESSAGE][PASSED] - All options with index in [11] are selected on object 'Object Repository/Inpatient Request/Page_Store/select_--Select--Alcohol Rub i'

2018-05-22 12:58:57 - [TEST_STEP][PASSED] - delay: Delayed 2 second(s)

2018-05-22 12:58:59 - [MESSAGE][PASSED] - Delayed 2 second(s)

2018-05-22 12:58:59 - [TEST_STEP][PASSED] - Statement - RequestedQty = com.kms.katalon.core.webui.keyword.WebUiBuiltInKeywords.getAttribute(com.kms.katalon.core.testobject.ObjectRepository.findTestObject(Inpatient Request/Page_Store/input_txttotal), "value"): Attribute 'value' of object 'Object Repository/Inpatient Request/Page_Store/input_txttotal' is: '5'

2018-05-22 12:58:59 - [MESSAGE][PASSED] - Attribute 'value' of object 'Object Repository/Inpatient Request/Page_Store/input_txttotal' is: '5'

2018-05-22 12:58:59 - [TEST_STEP][PASSED] - Statement - out.println("RequestedQty IS : " + RequestedQty): null

2018-05-22 12:58:59 - [TEST_STEP][PASSED] - Statement - BatchNo = com.kms.katalon.core.webui.keyword.WebUiBuiltInKeywords.getNumberOfTotalOption(com.kms.katalon.core.testobject.ObjectRepository.findTestObject(Inpatient Request/Page_Store/select_--Select--BA2910)): 3 options of object 'Object Repository/Inpatient Request/Page_Store/select_--Select--BA2910' counted

2018-05-22 12:58:59 - [MESSAGE][PASSED] - 3 options of object 'Object Repository/Inpatient Request/Page_Store/select_--Select--BA2910' counted

2018-05-22 12:58:59 - [TEST_STEP][PASSED] - Statement - For ([k = 1, k <= BatchNo - 1, (k++)]): null

2018-05-22 12:58:59 - [TEST_STEP][PASSED] - selectOptionByIndex: All options with index in [1] are selected on object 'Object Repository/Inpatient Request/Page_Store/select_--Select--BA2910'

2018-05-22 12:58:59 - [MESSAGE][PASSED] - All options with index in [1] are selected on object 'Object Repository/Inpatient Request/Page_Store/select_--Select--BA2910'

2018-05-22 12:58:59 - [TEST_STEP][PASSED] - delay: Delayed 2 second(s)

2018-05-22 12:59:01 - [MESSAGE][PASSED] - Delayed 2 second(s)

2018-05-22 12:59:01 - [TEST_STEP][PASSED] - Statement - StockQty = com.kms.katalon.core.webui.keyword.WebUiBuiltInKeywords.getAttribute(com.kms.katalon.core.testobject.ObjectRepository.findTestObject(Inpatient Request/Page_Store/input_txtprice), "value"): Attribute 'value' of object 'Object Repository/Inpatient Request/Page_Store/input_txtprice' is: '165'

2018-05-22 12:59:01 - [MESSAGE][PASSED] - Attribute 'value' of object 'Object Repository/Inpatient Request/Page_Store/input_txtprice' is: '165'

2018-05-22 12:59:01 - [TEST_STEP][PASSED] - Statement - out.println("StockQty IS : " + StockQty): null

2018-05-22 12:59:01 - [TEST_STEP][PASSED] - Statement - If (java.lang.Integer.valueOf(StockQty) > java.lang.Integer.valueOf(RequestedQty)): null

2018-05-22 12:59:01 - [TEST_STEP][PASSED] - delay: Delayed 1 second(s)

2018-05-22 12:59:02 - [MESSAGE][PASSED] - Delayed 1 second(s)

2018-05-22 12:59:02 - [TEST_STEP][PASSED] - setText: Text '5' is set on object 'Object Repository/Inpatient Request/Page_Store/input_txtqty'

2018-05-22 12:59:02 - [MESSAGE][PASSED] - Text '5' is set on object 'Object Repository/Inpatient Request/Page_Store/input_txtqty'

2018-05-22 12:59:02 - [TEST_STEP][PASSED] - click: Object: 'Object Repository/Inpatient Request/Page_Store/button_Add' is clicked on

2018-05-22 12:59:02 - [MESSAGE][PASSED] - Object: 'Object Repository/Inpatient Request/Page_Store/button_Add' is clicked on

2018-05-22 12:59:02 - [TEST_STEP][PASSED] - Statement - Break: null

2018-05-22 12:59:02 - [TEST_STEP][PASSED] - selectOptionByIndex: All options with index in [12] are selected on object 'Object Repository/Inpatient Request/Page_Store/select_--Select--Alcohol Rub i'

2018-05-22 12:59:02 - [MESSAGE][PASSED] - All options with index in [12] are selected on object 'Object Repository/Inpatient Request/Page_Store/select_--Select--Alcohol Rub i'

2018-05-22 12:59:02 - [TEST_STEP][PASSED] - delay: Delayed 2 second(s)

2018-05-22 12:59:04 - [MESSAGE][PASSED] - Delayed 2 second(s)

2018-05-22 12:59:04 - [TEST_STEP][PASSED] - Statement - RequestedQty = com.kms.katalon.core.webui.keyword.WebUiBuiltInKeywords.getAttribute(com.kms.katalon.core.testobject.ObjectRepository.findTestObject(Inpatient Request/Page_Store/input_txttotal), "value"): Attribute 'value' of object 'Object Repository/Inpatient Request/Page_Store/input_txttotal' is: '5'

2018-05-22 12:59:04 - [MESSAGE][PASSED] - Attribute 'value' of object 'Object Repository/Inpatient Request/Page_Store/input_txttotal' is: '5'

2018-05-22 12:59:04 - [TEST_STEP][PASSED] - Statement - out.println("RequestedQty IS : " + RequestedQty): null

2018-05-22 12:59:04 - [TEST_STEP][PASSED] - Statement - BatchNo = com.kms.katalon.core.webui.keyword.WebUiBuiltInKeywords.getNumberOfTotalOption(com.kms.katalon.core.testobject.ObjectRepository.findTestObject(Inpatient Request/Page_Store/select_--Select--BA2910)): 3 options of object 'Object Repository/Inpatient Request/Page_Store/select_--Select--BA2910' counted

2018-05-22 12:59:04 - [MESSAGE][PASSED] - 3 options of object 'Object Repository/Inpatient Request/Page_Store/select_--Select--BA2910' counted

2018-05-22 12:59:04 - [TEST_STEP][PASSED] - Statement - For ([k = 1, k <= BatchNo - 1, (k++)]): null

2018-05-22 12:59:04 - [TEST_STEP][PASSED] - selectOptionByIndex: All options with index in [1] are selected on object 'Object Repository/Inpatient Request/Page_Store/select_--Select--BA2910'

2018-05-22 12:59:04 - [MESSAGE][PASSED] - All options with index in [1] are selected on object 'Object Repository/Inpatient Request/Page_Store/select_--Select--BA2910'

2018-05-22 12:59:04 - [TEST_STEP][PASSED] - delay: Delayed 2 second(s)

2018-05-22 12:59:06 - [MESSAGE][PASSED] - Delayed 2 second(s)

2018-05-22 12:59:06 - [TEST_STEP][PASSED] - Statement - StockQty = com.kms.katalon.core.webui.keyword.WebUiBuiltInKeywords.getAttribute(com.kms.katalon.core.testobject.ObjectRepository.findTestObject(Inpatient Request/Page_Store/input_txtprice), "value"): Attribute 'value' of object 'Object Repository/Inpatient Request/Page_Store/input_txtprice' is: '165'

2018-05-22 12:59:06 - [MESSAGE][PASSED] - Attribute 'value' of object 'Object Repository/Inpatient Request/Page_Store/input_txtprice' is: '165'

2018-05-22 12:59:06 - [TEST_STEP][PASSED] - Statement - out.println("StockQty IS : " + StockQty): null

2018-05-22 12:59:06 - [TEST_STEP][PASSED] - Statement - If (java.lang.Integer.valueOf(StockQty) > java.lang.Integer.valueOf(RequestedQty)): null

2018-05-22 12:59:06 - [TEST_STEP][PASSED] - delay: Delayed 1 second(s)

2018-05-22 12:59:07 - [MESSAGE][PASSED] - Delayed 1 second(s)

2018-05-22 12:59:07 - [TEST_STEP][PASSED] - setText: Text '5' is set on object 'Object Repository/Inpatient Request/Page_Store/input_txtqty'

2018-05-22 12:59:08 - [MESSAGE][PASSED] - Text '5' is set on object 'Object Repository/Inpatient Request/Page_Store/input_txtqty'

2018-05-22 12:59:08 - [TEST_STEP][PASSED] - click: Object: 'Object Repository/Inpatient Request/Page_Store/button_Add' is clicked on

2018-05-22 12:59:08 - [MESSAGE][PASSED] - Object: 'Object Repository/Inpatient Request/Page_Store/button_Add' is clicked on

2018-05-22 12:59:08 - [TEST_STEP][PASSED] - Statement - Break: null

2018-05-22 12:59:08 - [TEST_STEP][PASSED] - selectOptionByIndex: All options with index in [13] are selected on object 'Object Repository/Inpatient Request/Page_Store/select_--Select--Alcohol Rub i'

2018-05-22 12:59:08 - [MESSAGE][PASSED] - All options with index in [13] are selected on object 'Object Repository/Inpatient Request/Page_Store/select_--Select--Alcohol Rub i'

2018-05-22 12:59:08 - [TEST_STEP][PASSED] - delay: Delayed 2 second(s)

2018-05-22 12:59:10 - [MESSAGE][PASSED] - Delayed 2 second(s)

2018-05-22 12:59:10 - [TEST_STEP][PASSED] - Statement - RequestedQty = com.kms.katalon.core.webui.keyword.WebUiBuiltInKeywords.getAttribute(com.kms.katalon.core.testobject.ObjectRepository.findTestObject(Inpatient Request/Page_Store/input_txttotal), "value"): Attribute 'value' of object 'Object Repository/Inpatient Request/Page_Store/input_txttotal' is: '5'

2018-05-22 12:59:10 - [MESSAGE][PASSED] - Attribute 'value' of object 'Object Repository/Inpatient Request/Page_Store/input_txttotal' is: '5'

2018-05-22 12:59:10 - [TEST_STEP][PASSED] - Statement - out.println("RequestedQty IS : " + RequestedQty): null

2018-05-22 12:59:10 - [TEST_STEP][PASSED] - Statement - BatchNo = com.kms.katalon.core.webui.keyword.WebUiBuiltInKeywords.getNumberOfTotalOption(com.kms.katalon.core.testobject.ObjectRepository.findTestObject(Inpatient Request/Page_Store/select_--Select--BA2910)): 3 options of object 'Object Repository/Inpatient Request/Page_Store/select_--Select--BA2910' counted

2018-05-22 12:59:10 - [MESSAGE][PASSED] - 3 options of object 'Object Repository/Inpatient Request/Page_Store/select_--Select--BA2910' counted

2018-05-22 12:59:10 - [TEST_STEP][PASSED] - Statement - For ([k = 1, k <= BatchNo - 1, (k++)]): null

2018-05-22 12:59:10 - [TEST_STEP][PASSED] - selectOptionByIndex: All options with index in [1] are selected on object 'Object Repository/Inpatient Request/Page_Store/select_--Select--BA2910'

2018-05-22 12:59:10 - [MESSAGE][PASSED] - All options with index in [1] are selected on object 'Object Repository/Inpatient Request/Page_Store/select_--Select--BA2910'

2018-05-22 12:59:10 - [TEST_STEP][PASSED] - delay: Delayed 2 second(s)

2018-05-22 12:59:12 - [MESSAGE][PASSED] - Delayed 2 second(s)

2018-05-22 12:59:12 - [TEST_STEP][PASSED] - Statement - StockQty = com.kms.katalon.core.webui.keyword.WebUiBuiltInKeywords.getAttribute(com.kms.katalon.core.testobject.ObjectRepository.findTestObject(Inpatient Request/Page_Store/input_txtprice), "value"): Attribute 'value' of object 'Object Repository/Inpatient Request/Page_Store/input_txtprice' is: '165'

2018-05-22 12:59:12 - [MESSAGE][PASSED] - Attribute 'value' of object 'Object Repository/Inpatient Request/Page_Store/input_txtprice' is: '165'

2018-05-22 12:59:12 - [TEST_STEP][PASSED] - Statement - out.println("StockQty IS : " + StockQty): null

2018-05-22 12:59:12 - [TEST_STEP][PASSED] - Statement - If (java.lang.Integer.valueOf(StockQty) > java.lang.Integer.valueOf(RequestedQty)): null

2018-05-22 12:59:12 - [TEST_STEP][PASSED] - delay: Delayed 1 second(s)

2018-05-22 12:59:13 - [MESSAGE][PASSED] - Delayed 1 second(s)

2018-05-22 12:59:13 - [TEST_STEP][PASSED] - setText: Text '5' is set on object 'Object Repository/Inpatient Request/Page_Store/input_txtqty'

2018-05-22 12:59:13 - [MESSAGE][PASSED] - Text '5' is set on object 'Object Repository/Inpatient Request/Page_Store/input_txtqty'

2018-05-22 12:59:13 - [TEST_STEP][PASSED] - click: Object: 'Object Repository/Inpatient Request/Page_Store/button_Add' is clicked on

2018-05-22 12:59:13 - [MESSAGE][PASSED] - Object: 'Object Repository/Inpatient Request/Page_Store/button_Add' is clicked on

2018-05-22 12:59:13 - [TEST_STEP][PASSED] - Statement - Break: null

2018-05-22 12:59:13 - [TEST_STEP][PASSED] - selectOptionByIndex: All options with index in [14] are selected on object 'Object Repository/Inpatient Request/Page_Store/select_--Select--Alcohol Rub i'

2018-05-22 12:59:14 - [MESSAGE][PASSED] - All options with index in [14] are selected on object 'Object Repository/Inpatient Request/Page_Store/select_--Select--Alcohol Rub i'

2018-05-22 12:59:14 - [TEST_STEP][PASSED] - delay: Delayed 2 second(s)

2018-05-22 12:59:16 - [MESSAGE][PASSED] - Delayed 2 second(s)

2018-05-22 12:59:16 - [TEST_STEP][PASSED] - Statement - RequestedQty = com.kms.katalon.core.webui.keyword.WebUiBuiltInKeywords.getAttribute(com.kms.katalon.core.testobject.ObjectRepository.findTestObject(Inpatient Request/Page_Store/input_txttotal), "value"): Attribute 'value' of object 'Object Repository/Inpatient Request/Page_Store/input_txttotal' is: '5'

2018-05-22 12:59:16 - [MESSAGE][PASSED] - Attribute 'value' of object 'Object Repository/Inpatient Request/Page_Store/input_txttotal' is: '5'

2018-05-22 12:59:16 - [TEST_STEP][PASSED] - Statement - out.println("RequestedQty IS : " + RequestedQty): null

2018-05-22 12:59:16 - [TEST_STEP][PASSED] - Statement - BatchNo = com.kms.katalon.core.webui.keyword.WebUiBuiltInKeywords.getNumberOfTotalOption(com.kms.katalon.core.testobject.ObjectRepository.findTestObject(Inpatient Request/Page_Store/select_--Select--BA2910)): 3 options of object 'Object Repository/Inpatient Request/Page_Store/select_--Select--BA2910' counted

2018-05-22 12:59:16 - [MESSAGE][PASSED] - 3 options of object 'Object Repository/Inpatient Request/Page_Store/select_--Select--BA2910' counted

2018-05-22 12:59:16 - [TEST_STEP][PASSED] - Statement - For ([k = 1, k <= BatchNo - 1, (k++)]): null

2018-05-22 12:59:16 - [TEST_STEP][PASSED] - selectOptionByIndex: All options with index in [1] are selected on object 'Object Repository/Inpatient Request/Page_Store/select_--Select--BA2910'

2018-05-22 12:59:16 - [MESSAGE][PASSED] - All options with index in [1] are selected on object 'Object Repository/Inpatient Request/Page_Store/select_--Select--BA2910'

2018-05-22 12:59:16 - [TEST_STEP][PASSED] - delay: Delayed 2 second(s)

2018-05-22 12:59:18 - [MESSAGE][PASSED] - Delayed 2 second(s)

2018-05-22 12:59:18 - [TEST_STEP][PASSED] - Statement - StockQty = com.kms.katalon.core.webui.keyword.WebUiBuiltInKeywords.getAttribute(com.kms.katalon.core.testobject.ObjectRepository.findTestObject(Inpatient Request/Page_Store/input_txtprice), "value"): Attribute 'value' of object 'Object Repository/Inpatient Request/Page_Store/input_txtprice' is: '165'

2018-05-22 12:59:18 - [MESSAGE][PASSED] - Attribute 'value' of object 'Object Repository/Inpatient Request/Page_Store/input_txtprice' is: '165'

2018-05-22 12:59:18 - [TEST_STEP][PASSED] - Statement - out.println("StockQty IS : " + StockQty): null

2018-05-22 12:59:18 - [TEST_STEP][PASSED] - Statement - If (java.lang.Integer.valueOf(StockQty) > java.lang.Integer.valueOf(RequestedQty)): null

2018-05-22 12:59:18 - [TEST_STEP][PASSED] - delay: Delayed 1 second(s)

2018-05-22 12:59:19 - [MESSAGE][PASSED] - Delayed 1 second(s)

2018-05-22 12:59:19 - [TEST_STEP][PASSED] - setText: Text '5' is set on object 'Object Repository/Inpatient Request/Page_Store/input_txtqty'

2018-05-22 12:59:19 - [MESSAGE][PASSED] - Text '5' is set on object 'Object Repository/Inpatient Request/Page_Store/input_txtqty'

2018-05-22 12:59:19 - [TEST_STEP][PASSED] - click: Object: 'Object Repository/Inpatient Request/Page_Store/button_Add' is clicked on

2018-05-22 12:59:19 - [MESSAGE][PASSED] - Object: 'Object Repository/Inpatient Request/Page_Store/button_Add' is clicked on

2018-05-22 12:59:19 - [TEST_STEP][PASSED] - Statement - Break: null

2018-05-22 12:59:19 - [TEST_STEP][PASSED] - selectOptionByIndex: All options with index in [15] are selected on object 'Object Repository/Inpatient Request/Page_Store/select_--Select--Alcohol Rub i'

2018-05-22 12:59:19 - [MESSAGE][PASSED] - All options with index in [15] are selected on object 'Object Repository/Inpatient Request/Page_Store/select_--Select--Alcohol Rub i'

2018-05-22 12:59:19 - [TEST_STEP][PASSED] - delay: Delayed 2 second(s)

2018-05-22 12:59:21 - [MESSAGE][PASSED] - Delayed 2 second(s)

2018-05-22 12:59:21 - [TEST_STEP][PASSED] - Statement - RequestedQty = com.kms.katalon.core.webui.keyword.WebUiBuiltInKeywords.getAttribute(com.kms.katalon.core.testobject.ObjectRepository.findTestObject(Inpatient Request/Page_Store/input_txttotal), "value"): Attribute 'value' of object 'Object Repository/Inpatient Request/Page_Store/input_txttotal' is: '5'

2018-05-22 12:59:21 - [MESSAGE][PASSED] - Attribute 'value' of object 'Object Repository/Inpatient Request/Page_Store/input_txttotal' is: '5'

2018-05-22 12:59:21 - [TEST_STEP][PASSED] - Statement - out.println("RequestedQty IS : " + RequestedQty): null

2018-05-22 12:59:21 - [TEST_STEP][PASSED] - Statement - BatchNo = com.kms.katalon.core.webui.keyword.WebUiBuiltInKeywords.getNumberOfTotalOption(com.kms.katalon.core.testobject.ObjectRepository.findTestObject(Inpatient Request/Page_Store/select_--Select--BA2910)): 2 options of object 'Object Repository/Inpatient Request/Page_Store/select_--Select--BA2910' counted

2018-05-22 12:59:21 - [MESSAGE][PASSED] - 2 options of object 'Object Repository/Inpatient Request/Page_Store/select_--Select--BA2910' counted

2018-05-22 12:59:21 - [TEST_STEP][PASSED] - Statement - For ([k = 1, k <= BatchNo - 1, (k++)]): null

2018-05-22 12:59:21 - [TEST_STEP][PASSED] - selectOptionByIndex: All options with index in [1] are selected on object 'Object Repository/Inpatient Request/Page_Store/select_--Select--BA2910'

2018-05-22 12:59:22 - [MESSAGE][PASSED] - All options with index in [1] are selected on object 'Object Repository/Inpatient Request/Page_Store/select_--Select--BA2910'

2018-05-22 12:59:22 - [TEST_STEP][PASSED] - delay: Delayed 2 second(s)

2018-05-22 12:59:24 - [MESSAGE][PASSED] - Delayed 2 second(s)

2018-05-22 12:59:24 - [TEST_STEP][PASSED] - Statement - StockQty = com.kms.katalon.core.webui.keyword.WebUiBuiltInKeywords.getAttribute(com.kms.katalon.core.testobject.ObjectRepository.findTestObject(Inpatient Request/Page_Store/input_txtprice), "value"): Attribute 'value' of object 'Object Repository/Inpatient Request/Page_Store/input_txtprice' is: '2120'

2018-05-22 12:59:24 - [MESSAGE][PASSED] - Attribute 'value' of object 'Object Repository/Inpatient Request/Page_Store/input_txtprice' is: '2120'

2018-05-22 12:59:24 - [TEST_STEP][PASSED] - Statement - out.println("StockQty IS : " + StockQty): null

2018-05-22 12:59:24 - [TEST_STEP][PASSED] - Statement - If (java.lang.Integer.valueOf(StockQty) > java.lang.Integer.valueOf(RequestedQty)): null

2018-05-22 12:59:24 - [TEST_STEP][PASSED] - delay: Delayed 1 second(s)

2018-05-22 12:59:25 - [MESSAGE][PASSED] - Delayed 1 second(s)

2018-05-22 12:59:25 - [TEST_STEP][PASSED] - setText: Text '5' is set on object 'Object Repository/Inpatient Request/Page_Store/input_txtqty'

2018-05-22 12:59:25 - [MESSAGE][PASSED] - Text '5' is set on object 'Object Repository/Inpatient Request/Page_Store/input_txtqty'

2018-05-22 12:59:25 - [TEST_STEP][PASSED] - click: Object: 'Object Repository/Inpatient Request/Page_Store/button_Add' is clicked on

2018-05-22 12:59:25 - [MESSAGE][PASSED] - Object: 'Object Repository/Inpatient Request/Page_Store/button_Add' is clicked on

2018-05-22 12:59:25 - [TEST_STEP][PASSED] - Statement - Break: null

2018-05-22 12:59:25 - [TEST_STEP][PASSED] - selectOptionByIndex: All options with index in [16] are selected on object 'Object Repository/Inpatient Request/Page_Store/select_--Select--Alcohol Rub i'

2018-05-22 12:59:25 - [MESSAGE][PASSED] - All options with index in [16] are selected on object 'Object Repository/Inpatient Request/Page_Store/select_--Select--Alcohol Rub i'

2018-05-22 12:59:25 - [TEST_STEP][PASSED] - delay: Delayed 2 second(s)

2018-05-22 12:59:27 - [MESSAGE][PASSED] - Delayed 2 second(s)

2018-05-22 12:59:27 - [TEST_STEP][PASSED] - Statement - RequestedQty = com.kms.katalon.core.webui.keyword.WebUiBuiltInKeywords.getAttribute(com.kms.katalon.core.testobject.ObjectRepository.findTestObject(Inpatient Request/Page_Store/input_txttotal), "value"): Attribute 'value' of object 'Object Repository/Inpatient Request/Page_Store/input_txttotal' is: '5'

2018-05-22 12:59:27 - [MESSAGE][PASSED] - Attribute 'value' of object 'Object Repository/Inpatient Request/Page_Store/input_txttotal' is: '5'

2018-05-22 12:59:27 - [TEST_STEP][PASSED] - Statement - out.println("RequestedQty IS : " + RequestedQty): null

2018-05-22 12:59:27 - [TEST_STEP][PASSED] - Statement - BatchNo = com.kms.katalon.core.webui.keyword.WebUiBuiltInKeywords.getNumberOfTotalOption(com.kms.katalon.core.testobject.ObjectRepository.findTestObject(Inpatient Request/Page_Store/select_--Select--BA2910)): 3 options of object 'Object Repository/Inpatient Request/Page_Store/select_--Select--BA2910' counted

2018-05-22 12:59:27 - [MESSAGE][PASSED] - 3 options of object 'Object Repository/Inpatient Request/Page_Store/select_--Select--BA2910' counted

2018-05-22 12:59:27 - [TEST_STEP][PASSED] - Statement - For ([k = 1, k <= BatchNo - 1, (k++)]): null

2018-05-22 12:59:27 - [TEST_STEP][PASSED] - selectOptionByIndex: All options with index in [1] are selected on object 'Object Repository/Inpatient Request/Page_Store/select_--Select--BA2910'

2018-05-22 12:59:27 - [MESSAGE][PASSED] - All options with index in [1] are selected on object 'Object Repository/Inpatient Request/Page_Store/select_--Select--BA2910'

2018-05-22 12:59:27 - [TEST_STEP][PASSED] - delay: Delayed 2 second(s)

2018-05-22 12:59:29 - [MESSAGE][PASSED] - Delayed 2 second(s)

2018-05-22 12:59:29 - [TEST_STEP][PASSED] - Statement - StockQty = com.kms.katalon.core.webui.keyword.WebUiBuiltInKeywords.getAttribute(com.kms.katalon.core.testobject.ObjectRepository.findTestObject(Inpatient Request/Page_Store/input_txtprice), "value"): Attribute 'value' of object 'Object Repository/Inpatient Request/Page_Store/input_txtprice' is: '165'

2018-05-22 12:59:29 - [MESSAGE][PASSED] - Attribute 'value' of object 'Object Repository/Inpatient Request/Page_Store/input_txtprice' is: '165'

2018-05-22 12:59:29 - [TEST_STEP][PASSED] - Statement - out.println("StockQty IS : " + StockQty): null

2018-05-22 12:59:29 - [TEST_STEP][PASSED] - Statement - If (java.lang.Integer.valueOf(StockQty) > java.lang.Integer.valueOf(RequestedQty)): null

2018-05-22 12:59:29 - [TEST_STEP][PASSED] - delay: Delayed 1 second(s)

2018-05-22 12:59:30 - [MESSAGE][PASSED] - Delayed 1 second(s)

2018-05-22 12:59:30 - [TEST_STEP][PASSED] - setText: Text '5' is set on object 'Object Repository/Inpatient Request/Page_Store/input_txtqty'

2018-05-22 12:59:31 - [MESSAGE][PASSED] - Text '5' is set on object 'Object Repository/Inpatient Request/Page_Store/input_txtqty'

2018-05-22 12:59:31 - [TEST_STEP][PASSED] - click: Object: 'Object Repository/Inpatient Request/Page_Store/button_Add' is clicked on

2018-05-22 12:59:31 - [MESSAGE][PASSED] - Object: 'Object Repository/Inpatient Request/Page_Store/button_Add' is clicked on

2018-05-22 12:59:31 - [TEST_STEP][PASSED] - Statement - Break: null

2018-05-22 12:59:31 - [TEST_STEP][PASSED] - selectOptionByIndex: All options with index in [17] are selected on object 'Object Repository/Inpatient Request/Page_Store/select_--Select--Alcohol Rub i'

2018-05-22 12:59:31 - [MESSAGE][PASSED] - All options with index in [17] are selected on object 'Object Repository/Inpatient Request/Page_Store/select_--Select--Alcohol Rub i'

2018-05-22 12:59:31 - [TEST_STEP][PASSED] - delay: Delayed 2 second(s)

2018-05-22 12:59:33 - [MESSAGE][PASSED] - Delayed 2 second(s)

2018-05-22 12:59:33 - [TEST_STEP][PASSED] - Statement - RequestedQty = com.kms.katalon.core.webui.keyword.WebUiBuiltInKeywords.getAttribute(com.kms.katalon.core.testobject.ObjectRepository.findTestObject(Inpatient Request/Page_Store/input_txttotal), "value"): Attribute 'value' of object 'Object Repository/Inpatient Request/Page_Store/input_txttotal' is: '5'

2018-05-22 12:59:33 - [MESSAGE][PASSED] - Attribute 'value' of object 'Object Repository/Inpatient Request/Page_Store/input_txttotal' is: '5'

2018-05-22 12:59:33 - [TEST_STEP][PASSED] - Statement - out.println("RequestedQty IS : " + RequestedQty): null

2018-05-22 12:59:33 - [TEST_STEP][PASSED] - Statement - BatchNo = com.kms.katalon.core.webui.keyword.WebUiBuiltInKeywords.getNumberOfTotalOption(com.kms.katalon.core.testobject.ObjectRepository.findTestObject(Inpatient Request/Page_Store/select_--Select--BA2910)): 2 options of object 'Object Repository/Inpatient Request/Page_Store/select_--Select--BA2910' counted

2018-05-22 12:59:33 - [MESSAGE][PASSED] - 2 options of object 'Object Repository/Inpatient Request/Page_Store/select_--Select--BA2910' counted

2018-05-22 12:59:33 - [TEST_STEP][PASSED] - Statement - For ([k = 1, k <= BatchNo - 1, (k++)]): null

2018-05-22 12:59:33 - [TEST_STEP][PASSED] - selectOptionByIndex: All options with index in [1] are selected on object 'Object Repository/Inpatient Request/Page_Store/select_--Select--BA2910'

2018-05-22 12:59:33 - [MESSAGE][PASSED] - All options with index in [1] are selected on object 'Object Repository/Inpatient Request/Page_Store/select_--Select--BA2910'

2018-05-22 12:59:33 - [TEST_STEP][PASSED] - delay: Delayed 2 second(s)

2018-05-22 12:59:35 - [MESSAGE][PASSED] - Delayed 2 second(s)

2018-05-22 12:59:35 - [TEST_STEP][PASSED] - Statement - StockQty = com.kms.katalon.core.webui.keyword.WebUiBuiltInKeywords.getAttribute(com.kms.katalon.core.testobject.ObjectRepository.findTestObject(Inpatient Request/Page_Store/input_txtprice), "value"): Attribute 'value' of object 'Object Repository/Inpatient Request/Page_Store/input_txtprice' is: '1120'

2018-05-22 12:59:35 - [MESSAGE][PASSED] - Attribute 'value' of object 'Object Repository/Inpatient Request/Page_Store/input_txtprice' is: '1120'

2018-05-22 12:59:35 - [TEST_STEP][PASSED] - Statement - out.println("StockQty IS : " + StockQty): null

2018-05-22 12:59:35 - [TEST_STEP][PASSED] - Statement - If (java.lang.Integer.valueOf(StockQty) > java.lang.Integer.valueOf(RequestedQty)): null

2018-05-22 12:59:35 - [TEST_STEP][PASSED] - delay: Delayed 1 second(s)

2018-05-22 12:59:36 - [MESSAGE][PASSED] - Delayed 1 second(s)

2018-05-22 12:59:36 - [TEST_STEP][PASSED] - setText: Text '5' is set on object 'Object Repository/Inpatient Request/Page_Store/input_txtqty'

2018-05-22 12:59:36 - [MESSAGE][PASSED] - Text '5' is set on object 'Object Repository/Inpatient Request/Page_Store/input_txtqty'

2018-05-22 12:59:36 - [TEST_STEP][PASSED] - click: Object: 'Object Repository/Inpatient Request/Page_Store/button_Add' is clicked on

2018-05-22 12:59:36 - [MESSAGE][PASSED] - Object: 'Object Repository/Inpatient Request/Page_Store/button_Add' is clicked on

2018-05-22 12:59:36 - [TEST_STEP][PASSED] - Statement - Break: null

2018-05-22 12:59:36 - [TEST_STEP][PASSED] - selectOptionByIndex: All options with index in [18] are selected on object 'Object Repository/Inpatient Request/Page_Store/select_--Select--Alcohol Rub i'

2018-05-22 12:59:37 - [MESSAGE][PASSED] - All options with index in [18] are selected on object 'Object Repository/Inpatient Request/Page_Store/select_--Select--Alcohol Rub i'

2018-05-22 12:59:37 - [TEST_STEP][PASSED] - delay: Delayed 2 second(s)

2018-05-22 12:59:39 - [MESSAGE][PASSED] - Delayed 2 second(s)

2018-05-22 12:59:39 - [TEST_STEP][PASSED] - Statement - RequestedQty = com.kms.katalon.core.webui.keyword.WebUiBuiltInKeywords.getAttribute(com.kms.katalon.core.testobject.ObjectRepository.findTestObject(Inpatient Request/Page_Store/input_txttotal), "value"): Attribute 'value' of object 'Object Repository/Inpatient Request/Page_Store/input_txttotal' is: '5'

2018-05-22 12:59:39 - [MESSAGE][PASSED] - Attribute 'value' of object 'Object Repository/Inpatient Request/Page_Store/input_txttotal' is: '5'

2018-05-22 12:59:39 - [TEST_STEP][PASSED] - Statement - out.println("RequestedQty IS : " + RequestedQty): null

2018-05-22 12:59:39 - [TEST_STEP][PASSED] - Statement - BatchNo = com.kms.katalon.core.webui.keyword.WebUiBuiltInKeywords.getNumberOfTotalOption(com.kms.katalon.core.testobject.ObjectRepository.findTestObject(Inpatient Request/Page_Store/select_--Select--BA2910)): 3 options of object 'Object Repository/Inpatient Request/Page_Store/select_--Select--BA2910' counted

2018-05-22 12:59:39 - [MESSAGE][PASSED] - 3 options of object 'Object Repository/Inpatient Request/Page_Store/select_--Select--BA2910' counted

2018-05-22 12:59:39 - [TEST_STEP][PASSED] - Statement - For ([k = 1, k <= BatchNo - 1, (k++)]): null

2018-05-22 12:59:39 - [TEST_STEP][PASSED] - selectOptionByIndex: All options with index in [1] are selected on object 'Object Repository/Inpatient Request/Page_Store/select_--Select--BA2910'

2018-05-22 12:59:39 - [MESSAGE][PASSED] - All options with index in [1] are selected on object 'Object Repository/Inpatient Request/Page_Store/select_--Select--BA2910'

2018-05-22 12:59:39 - [TEST_STEP][PASSED] - delay: Delayed 2 second(s)

2018-05-22 12:59:41 - [MESSAGE][PASSED] - Delayed 2 second(s)

2018-05-22 12:59:41 - [TEST_STEP][PASSED] - Statement - StockQty = com.kms.katalon.core.webui.keyword.WebUiBuiltInKeywords.getAttribute(com.kms.katalon.core.testobject.ObjectRepository.findTestObject(Inpatient Request/Page_Store/input_txtprice), "value"): Attribute 'value' of object 'Object Repository/Inpatient Request/Page_Store/input_txtprice' is: '165'

2018-05-22 12:59:41 - [MESSAGE][PASSED] - Attribute 'value' of object 'Object Repository/Inpatient Request/Page_Store/input_txtprice' is: '165'

2018-05-22 12:59:41 - [TEST_STEP][PASSED] - Statement - out.println("StockQty IS : " + StockQty): null

2018-05-22 12:59:41 - [TEST_STEP][PASSED] - Statement - If (java.lang.Integer.valueOf(StockQty) > java.lang.Integer.valueOf(RequestedQty)): null

2018-05-22 12:59:41 - [TEST_STEP][PASSED] - delay: Delayed 1 second(s)

2018-05-22 12:59:42 - [MESSAGE][PASSED] - Delayed 1 second(s)

2018-05-22 12:59:42 - [TEST_STEP][PASSED] - setText: Text '5' is set on object 'Object Repository/Inpatient Request/Page_Store/input_txtqty'

2018-05-22 12:59:42 - [MESSAGE][PASSED] - Text '5' is set on object 'Object Repository/Inpatient Request/Page_Store/input_txtqty'

2018-05-22 12:59:42 - [TEST_STEP][PASSED] - click: Object: 'Object Repository/Inpatient Request/Page_Store/button_Add' is clicked on

2018-05-22 12:59:42 - [MESSAGE][PASSED] - Object: 'Object Repository/Inpatient Request/Page_Store/button_Add' is clicked on

2018-05-22 12:59:42 - [TEST_STEP][PASSED] - Statement - Break: null

2018-05-22 12:59:42 - [TEST_STEP][PASSED] - scrollToElement: Scroll to object 'Object Repository/Inpatient Request/Page_Store/input_btnSubmit' successfully

2018-05-22 12:59:42 - [MESSAGE][PASSED] - Scroll to object 'Object Repository/Inpatient Request/Page_Store/input_btnSubmit' successfully

2018-05-22 12:59:42 - [TEST_STEP][PASSED] - click: Object: 'Object Repository/Inpatient Request/Page_Store/input_btnSubmit' is clicked on

2018-05-22 12:59:42 - [MESSAGE][PASSED] - Object: 'Object Repository/Inpatient Request/Page_Store/input_btnSubmit' is clicked on

2018-05-22 12:59:42 - [TEST_STEP][PASSED] - delay: Delayed 3 second(s)

2018-05-22 12:59:45 - [MESSAGE][PASSED] - Delayed 3 second(s)

2018-05-22 12:59:45 - [TEST_STEP][PASSED] - click: Object: 'Object Repository/Inpatient Request/Page_Store/button_OK' is clicked on

2018-05-22 12:59:46 - [MESSAGE][PASSED] - Object: 'Object Repository/Inpatient Request/Page_Store/button_OK' is clicked on

2018-05-22 12:59:46 - [TEST_STEP][PASSED] - delay: Delayed 3 second(s)

2018-05-22 12:59:49 - [MESSAGE][PASSED] - Delayed 3 second(s)

2018-05-22 12:59:49 - [TEST_STEP][PASSED] - click: Object: 'Object Repository/Inpatient Request/Page_Store/a_dropdown-toggle' is clicked on

2018-05-22 12:59:49 - [MESSAGE][PASSED] - Object: 'Object Repository/Inpatient Request/Page_Store/a_dropdown-toggle' is clicked on

2018-05-22 12:59:49 - [TEST_STEP][PASSED] - click: Object: 'Object Repository/Inpatient Request/Page_Store/a_Sign out' is clicked on

2018-05-22 12:59:49 - [MESSAGE][PASSED] - Object: 'Object Repository/Inpatient Request/Page_Store/a_Sign out' is clicked on

2018-05-22 12:59:49 - [TEST_STEP][PASSED] - closeBrowser: Browser is closed

2018-05-22 12:59:50 - [MESSAGE][PASSED] - Browser is closed

2018-05-22 12:59:50 - [TEST_STEP][PASSED] - Statement - out.println("Schedule 12 Inpatient Request Are Working Successfully"): null]]></system-out>
         <system-err><![CDATA[]]></system-err>
      </testcase>
      <system-out><![CDATA[2018-05-22 12:49:09 - [TEST_SUITE][FAILED] - Inpatient_Suite: Test Cases/INPATIENT TEST CASES/TC_INR_001 Verify Schedule 5 Inpatient Request Are Working Successfully Or Not FAILED because (of) Unable to click on object 'Object Repository/Inpatient Request/Page_Store/a_dropdown-toggle' (Root cause: com.kms.katalon.core.webui.exception.WebElementNotFoundException: Web element with id: 'Object Repository/Inpatient Request/Page_Store/a_dropdown-toggle' located by 'By.xpath: /html[1]/body[@class="skin-blue  pace-done"]/header[@class="header"]/div[@class="row"]/nav[@class="navbar navbar-static-top"]/div[@class="navbar-right"]/ul[@class="nav navbar-nav"]/li[@class="dropdown user user-menu"]/a[@class="dropdown-toggle"][count(. | //*[@class = 'dropdown-toggle' and @data-toggle = 'dropdown']) = count(//*[@class = 'dropdown-toggle' and @data-toggle = 'dropdown'])]' not found)]]></system-out>
      <system-err><![CDATA[2018-05-22 12:49:09 - [TEST_SUITE][FAILED] - Inpatient_Suite: Test Cases/INPATIENT TEST CASES/TC_INR_001 Verify Schedule 5 Inpatient Request Are Working Successfully Or Not FAILED because (of) Unable to click on object 'Object Repository/Inpatient Request/Page_Store/a_dropdown-toggle' (Root cause: com.kms.katalon.core.webui.exception.WebElementNotFoundException: Web element with id: 'Object Repository/Inpatient Request/Page_Store/a_dropdown-toggle' located by 'By.xpath: /html[1]/body[@class="skin-blue  pace-done"]/header[@class="header"]/div[@class="row"]/nav[@class="navbar navbar-static-top"]/div[@class="navbar-right"]/ul[@class="nav navbar-nav"]/li[@class="dropdown user user-menu"]/a[@class="dropdown-toggle"][count(. | //*[@class = 'dropdown-toggle' and @data-toggle = 'dropdown']) = count(//*[@class = 'dropdown-toggle' and @data-toggle = 'dropdown'])]' not found)]]></system-err>
   </testsuite>
</testsuites>
