<?xml version="1.0" encoding="UTF-8"?>
<testsuites name="HealthPost_Store_Suite" time="2890" tests="9" failures="2" errors="1">
   <testsuite name="HealthPost_Store_Suite" tests="9" failures="2" errors="1" time="2890" timestamp="2018-05-28 10:23:29" hostname="Quality Analyst - DESKTOP-BLFTK83" id="Test Suites/HealthPost_Store_Suite">
      <properties>
         <property name="deviceName" value=""/>
         <property name="devicePlatform" value=""/>
         <property name="logFolder" value="C:\\Users\\Quality Analyst\\Katalon Studio\\ds\\Reports\\HealthPost_Store_Suite\\20180524_192606"/>
         <property name="logFiles" value="C:\\Users\\Quality Analyst\\Katalon Studio\\ds\\Reports\\HealthPost_Store_Suite\\20180524_192606\\execution0.log, C:\\Users\\Quality Analyst\\Katalon Studio\\ds\\Reports\\HealthPost_Store_Suite\\20180524_192606\\execution1.log, C:\\Users\\Quality Analyst\\Katalon Studio\\ds\\Reports\\HealthPost_Store_Suite\\20180524_192606\\execution2.log"/>
         <property name="attachments" value="C:\\Users\\Quality Analyst\\Katalon Studio\\ds\\Reports\\HealthPost_Store_Suite\\20180524_192606\\1527484812631.png"/>
         <property name="hostName" value="Quality Analyst - DESKTOP-BLFTK83"/>
         <property name="os" value="Windows 10 64bit"/>
         <property name="katalonVersion" value="5.4.1.1"/>
         <property name="browser" value="Chrome 66.0.3359.181"/>
         <property name="hostAddress" value="169.254.189.85"/>
         <property name="sessionId" value="85c266abc4a0f5bc81dad9ced27aa1eb"/>
         <property name="seleniumVersion" value="3.7.1"/>
         <property name="proxyInformation" value="ProxyInformation{proxyOption=NO_PROXY, proxyServerType=HTTP, password=, proxyServerAddress=, proxyServerPort=0}"/>
         <property name="platform" value="Windows 10"/>
      </properties>
      <testcase name="Test Cases/HEALTHPOST TEST CASES/TC_HP_001 Verify Schedule 1 Healthpost Request Are Working Successfully Or Not" classname="Test Cases/HEALTHPOST TEST CASES/TC_HP_001 Verify Schedule 1 Healthpost Request Are Working Successfully Or Not" status="PASSED">
         <system-out><![CDATA[2018-05-28 10:23:30 - [TEST_CASE][PASSED] - Test Cases/HEALTHPOST TEST CASES/TC_HP_001 Verify Schedule 1 Healthpost Request Are Working Successfully Or Not: Test Cases/HEALTHPOST TEST CASES/TC_HP_001 Verify Schedule 1 Healthpost Request Are Working Successfully Or Not

2018-05-28 10:23:30 - [TEST_STEP][PASSED] - openBrowser: Browser is opened with url: ''

2018-05-28 10:23:33 - [MESSAGE][PASSED] - Browser is opened with url: ''

2018-05-28 10:23:33 - [TEST_STEP][PASSED] - navigateToUrl: Navigate to 'http://192.168.137.1/multihospital_new/HDSplashscreen.aspx' successfully

2018-05-28 10:23:35 - [MESSAGE][PASSED] - Navigate to 'http://192.168.137.1/multihospital_new/HDSplashscreen.aspx' successfully

2018-05-28 10:23:35 - [TEST_STEP][PASSED] - maximizeWindow: Current window maximized

2018-05-28 10:23:36 - [MESSAGE][PASSED] - Current window maximized

2018-05-28 10:23:36 - [TEST_STEP][PASSED] - click: Object: 'Object Repository/HealthpostToStore/Page_KDMC/a_Healthpost Store' is clicked on

2018-05-28 10:23:38 - [MESSAGE][PASSED] - Object: 'Object Repository/HealthpostToStore/Page_KDMC/a_Healthpost Store' is clicked on

2018-05-28 10:23:38 - [TEST_STEP][PASSED] - setText: Text 'raguram' is set on object 'Object Repository/HealthpostToStore/Page_HealthPost Store Login/input_txtusername'

2018-05-28 10:23:38 - [MESSAGE][PASSED] - Text 'raguram' is set on object 'Object Repository/HealthpostToStore/Page_HealthPost Store Login/input_txtusername'

2018-05-28 10:23:38 - [TEST_STEP][PASSED] - setText: Text '123' is set on object 'Object Repository/HealthpostToStore/Page_HealthPost Store Login/input_txtpassword'

2018-05-28 10:23:39 - [MESSAGE][PASSED] - Text '123' is set on object 'Object Repository/HealthpostToStore/Page_HealthPost Store Login/input_txtpassword'

2018-05-28 10:23:39 - [TEST_STEP][PASSED] - delay: Delayed 3 second(s)

2018-05-28 10:23:42 - [MESSAGE][PASSED] - Delayed 3 second(s)

2018-05-28 10:23:42 - [TEST_STEP][PASSED] - sendKeys: Keys 'ENTER + ' sent to object: 'Object Repository/HealthpostToStore/Page_HealthPost Store Login/input_txtpassword'

2018-05-28 10:23:43 - [MESSAGE][PASSED] - Keys 'ENTER + ' sent to object: 'Object Repository/HealthpostToStore/Page_HealthPost Store Login/input_txtpassword'

2018-05-28 10:23:43 - [TEST_STEP][PASSED] - delay: Delayed 3 second(s)

2018-05-28 10:23:46 - [MESSAGE][PASSED] - Delayed 3 second(s)

2018-05-28 10:23:46 - [TEST_STEP][PASSED] - click: Object: 'Object Repository/HealthpostToStore/Page_HealthPost Store/a_Request to Store' is clicked on

2018-05-28 10:23:46 - [MESSAGE][PASSED] - Object: 'Object Repository/HealthpostToStore/Page_HealthPost Store/a_Request to Store' is clicked on

2018-05-28 10:23:46 - [TEST_STEP][PASSED] - delay: Delayed 1 second(s)

2018-05-28 10:23:47 - [MESSAGE][PASSED] - Delayed 1 second(s)

2018-05-28 10:23:47 - [TEST_STEP][PASSED] - click: Object: 'Object Repository/HealthpostToStore/Page_HealthPost Store/a_Medicine Request' is clicked on

2018-05-28 10:23:47 - [MESSAGE][PASSED] - Object: 'Object Repository/HealthpostToStore/Page_HealthPost Store/a_Medicine Request' is clicked on

2018-05-28 10:23:47 - [TEST_STEP][PASSED] - delay: Delayed 1 second(s)

2018-05-28 10:23:48 - [MESSAGE][PASSED] - Delayed 1 second(s)

2018-05-28 10:23:48 - [TEST_STEP][PASSED] - selectOptionByIndex: All options with index in [1] are selected on object 'Object Repository/HealthpostToStore/Page_HealthPost Store/select_--Select--Schedule 1Inj'

2018-05-28 10:23:49 - [MESSAGE][PASSED] - All options with index in [1] are selected on object 'Object Repository/HealthpostToStore/Page_HealthPost Store/select_--Select--Schedule 1Inj'

2018-05-28 10:23:49 - [TEST_STEP][PASSED] - Statement - medicineslength = com.kms.katalon.core.webui.keyword.WebUiBuiltInKeywords.getNumberOfTotalOption(com.kms.katalon.core.testobject.ObjectRepository.findTestObject(HealthpostToStore/Page_HealthPost Store/select_--Select--Adernaline 0.)): 63 options of object 'Object Repository/HealthpostToStore/Page_HealthPost Store/select_--Select--Adernaline 0.' counted

2018-05-28 10:23:49 - [MESSAGE][PASSED] - 63 options of object 'Object Repository/HealthpostToStore/Page_HealthPost Store/select_--Select--Adernaline 0.' counted

2018-05-28 10:23:49 - [TEST_STEP][PASSED] - Statement - For ([e = 1, e <= medicineslength - 1, (e++)]): Object: 'Object Repository/HealthpostToStore/Page_HealthPost Store/button_Add' is clicked on

2018-05-28 10:23:49 - [TEST_STEP][PASSED] - selectOptionByIndex: All options with index in [1] are selected on object 'Object Repository/HealthpostToStore/Page_HealthPost Store/select_--Select--Schedule 1Inj'

2018-05-28 10:23:49 - [MESSAGE][PASSED] - All options with index in [1] are selected on object 'Object Repository/HealthpostToStore/Page_HealthPost Store/select_--Select--Schedule 1Inj'

2018-05-28 10:23:49 - [TEST_STEP][PASSED] - delay: Delayed 1 second(s)

2018-05-28 10:23:50 - [MESSAGE][PASSED] - Delayed 1 second(s)

2018-05-28 10:23:50 - [TEST_STEP][PASSED] - selectOptionByIndex: All options with index in [1] are selected on object 'Object Repository/HealthpostToStore/Page_HealthPost Store/select_--Select--Adernaline 0.'

2018-05-28 10:23:50 - [MESSAGE][PASSED] - All options with index in [1] are selected on object 'Object Repository/HealthpostToStore/Page_HealthPost Store/select_--Select--Adernaline 0.'

2018-05-28 10:23:50 - [TEST_STEP][PASSED] - setText: Text '10' is set on object 'Object Repository/HealthpostToStore/Page_HealthPost Store/input_txttreat'

2018-05-28 10:23:50 - [MESSAGE][PASSED] - Text '10' is set on object 'Object Repository/HealthpostToStore/Page_HealthPost Store/input_txttreat'

2018-05-28 10:23:50 - [TEST_STEP][PASSED] - click: Object: 'Object Repository/HealthpostToStore/Page_HealthPost Store/button_Add' is clicked on

2018-05-28 10:23:50 - [MESSAGE][PASSED] - Object: 'Object Repository/HealthpostToStore/Page_HealthPost Store/button_Add' is clicked on

2018-05-28 10:23:50 - [TEST_STEP][PASSED] - selectOptionByIndex: All options with index in [1] are selected on object 'Object Repository/HealthpostToStore/Page_HealthPost Store/select_--Select--Schedule 1Inj'

2018-05-28 10:23:50 - [MESSAGE][PASSED] - All options with index in [1] are selected on object 'Object Repository/HealthpostToStore/Page_HealthPost Store/select_--Select--Schedule 1Inj'

2018-05-28 10:23:50 - [TEST_STEP][PASSED] - delay: Delayed 1 second(s)

2018-05-28 10:23:51 - [MESSAGE][PASSED] - Delayed 1 second(s)

2018-05-28 10:23:51 - [TEST_STEP][PASSED] - selectOptionByIndex: All options with index in [2] are selected on object 'Object Repository/HealthpostToStore/Page_HealthPost Store/select_--Select--Adernaline 0.'

2018-05-28 10:23:52 - [MESSAGE][PASSED] - All options with index in [2] are selected on object 'Object Repository/HealthpostToStore/Page_HealthPost Store/select_--Select--Adernaline 0.'

2018-05-28 10:23:52 - [TEST_STEP][PASSED] - setText: Text '10' is set on object 'Object Repository/HealthpostToStore/Page_HealthPost Store/input_txttreat'

2018-05-28 10:23:52 - [MESSAGE][PASSED] - Text '10' is set on object 'Object Repository/HealthpostToStore/Page_HealthPost Store/input_txttreat'

2018-05-28 10:23:52 - [TEST_STEP][PASSED] - click: Object: 'Object Repository/HealthpostToStore/Page_HealthPost Store/button_Add' is clicked on

2018-05-28 10:23:52 - [MESSAGE][PASSED] - Object: 'Object Repository/HealthpostToStore/Page_HealthPost Store/button_Add' is clicked on

2018-05-28 10:23:52 - [TEST_STEP][PASSED] - selectOptionByIndex: All options with index in [1] are selected on object 'Object Repository/HealthpostToStore/Page_HealthPost Store/select_--Select--Schedule 1Inj'

2018-05-28 10:23:52 - [MESSAGE][PASSED] - All options with index in [1] are selected on object 'Object Repository/HealthpostToStore/Page_HealthPost Store/select_--Select--Schedule 1Inj'

2018-05-28 10:23:52 - [TEST_STEP][PASSED] - delay: Delayed 1 second(s)

2018-05-28 10:23:53 - [MESSAGE][PASSED] - Delayed 1 second(s)

2018-05-28 10:23:53 - [TEST_STEP][PASSED] - selectOptionByIndex: All options with index in [3] are selected on object 'Object Repository/HealthpostToStore/Page_HealthPost Store/select_--Select--Adernaline 0.'

2018-05-28 10:23:53 - [MESSAGE][PASSED] - All options with index in [3] are selected on object 'Object Repository/HealthpostToStore/Page_HealthPost Store/select_--Select--Adernaline 0.'

2018-05-28 10:23:53 - [TEST_STEP][PASSED] - setText: Text '10' is set on object 'Object Repository/HealthpostToStore/Page_HealthPost Store/input_txttreat'

2018-05-28 10:23:53 - [MESSAGE][PASSED] - Text '10' is set on object 'Object Repository/HealthpostToStore/Page_HealthPost Store/input_txttreat'

2018-05-28 10:23:53 - [TEST_STEP][PASSED] - click: Object: 'Object Repository/HealthpostToStore/Page_HealthPost Store/button_Add' is clicked on

2018-05-28 10:23:53 - [MESSAGE][PASSED] - Object: 'Object Repository/HealthpostToStore/Page_HealthPost Store/button_Add' is clicked on

2018-05-28 10:23:53 - [TEST_STEP][PASSED] - selectOptionByIndex: All options with index in [1] are selected on object 'Object Repository/HealthpostToStore/Page_HealthPost Store/select_--Select--Schedule 1Inj'

2018-05-28 10:23:53 - [MESSAGE][PASSED] - All options with index in [1] are selected on object 'Object Repository/HealthpostToStore/Page_HealthPost Store/select_--Select--Schedule 1Inj'

2018-05-28 10:23:53 - [TEST_STEP][PASSED] - delay: Delayed 1 second(s)

2018-05-28 10:23:54 - [MESSAGE][PASSED] - Delayed 1 second(s)

2018-05-28 10:23:54 - [TEST_STEP][PASSED] - selectOptionByIndex: All options with index in [4] are selected on object 'Object Repository/HealthpostToStore/Page_HealthPost Store/select_--Select--Adernaline 0.'

2018-05-28 10:23:55 - [MESSAGE][PASSED] - All options with index in [4] are selected on object 'Object Repository/HealthpostToStore/Page_HealthPost Store/select_--Select--Adernaline 0.'

2018-05-28 10:23:55 - [TEST_STEP][PASSED] - setText: Text '10' is set on object 'Object Repository/HealthpostToStore/Page_HealthPost Store/input_txttreat'

2018-05-28 10:23:55 - [MESSAGE][PASSED] - Text '10' is set on object 'Object Repository/HealthpostToStore/Page_HealthPost Store/input_txttreat'

2018-05-28 10:23:55 - [TEST_STEP][PASSED] - click: Object: 'Object Repository/HealthpostToStore/Page_HealthPost Store/button_Add' is clicked on

2018-05-28 10:23:55 - [MESSAGE][PASSED] - Object: 'Object Repository/HealthpostToStore/Page_HealthPost Store/button_Add' is clicked on

2018-05-28 10:23:55 - [TEST_STEP][PASSED] - selectOptionByIndex: All options with index in [1] are selected on object 'Object Repository/HealthpostToStore/Page_HealthPost Store/select_--Select--Schedule 1Inj'

2018-05-28 10:23:55 - [MESSAGE][PASSED] - All options with index in [1] are selected on object 'Object Repository/HealthpostToStore/Page_HealthPost Store/select_--Select--Schedule 1Inj'

2018-05-28 10:23:55 - [TEST_STEP][PASSED] - delay: Delayed 1 second(s)

2018-05-28 10:23:56 - [MESSAGE][PASSED] - Delayed 1 second(s)

2018-05-28 10:23:56 - [TEST_STEP][PASSED] - selectOptionByIndex: All options with index in [5] are selected on object 'Object Repository/HealthpostToStore/Page_HealthPost Store/select_--Select--Adernaline 0.'

2018-05-28 10:23:56 - [MESSAGE][PASSED] - All options with index in [5] are selected on object 'Object Repository/HealthpostToStore/Page_HealthPost Store/select_--Select--Adernaline 0.'

2018-05-28 10:23:56 - [TEST_STEP][PASSED] - setText: Text '10' is set on object 'Object Repository/HealthpostToStore/Page_HealthPost Store/input_txttreat'

2018-05-28 10:23:56 - [MESSAGE][PASSED] - Text '10' is set on object 'Object Repository/HealthpostToStore/Page_HealthPost Store/input_txttreat'

2018-05-28 10:23:56 - [TEST_STEP][PASSED] - click: Object: 'Object Repository/HealthpostToStore/Page_HealthPost Store/button_Add' is clicked on

2018-05-28 10:23:56 - [MESSAGE][PASSED] - Object: 'Object Repository/HealthpostToStore/Page_HealthPost Store/button_Add' is clicked on

2018-05-28 10:23:56 - [TEST_STEP][PASSED] - selectOptionByIndex: All options with index in [1] are selected on object 'Object Repository/HealthpostToStore/Page_HealthPost Store/select_--Select--Schedule 1Inj'

2018-05-28 10:23:56 - [MESSAGE][PASSED] - All options with index in [1] are selected on object 'Object Repository/HealthpostToStore/Page_HealthPost Store/select_--Select--Schedule 1Inj'

2018-05-28 10:23:56 - [TEST_STEP][PASSED] - delay: Delayed 1 second(s)

2018-05-28 10:23:57 - [MESSAGE][PASSED] - Delayed 1 second(s)

2018-05-28 10:23:57 - [TEST_STEP][PASSED] - selectOptionByIndex: All options with index in [6] are selected on object 'Object Repository/HealthpostToStore/Page_HealthPost Store/select_--Select--Adernaline 0.'

2018-05-28 10:23:58 - [MESSAGE][PASSED] - All options with index in [6] are selected on object 'Object Repository/HealthpostToStore/Page_HealthPost Store/select_--Select--Adernaline 0.'

2018-05-28 10:23:58 - [TEST_STEP][PASSED] - setText: Text '10' is set on object 'Object Repository/HealthpostToStore/Page_HealthPost Store/input_txttreat'

2018-05-28 10:23:58 - [MESSAGE][PASSED] - Text '10' is set on object 'Object Repository/HealthpostToStore/Page_HealthPost Store/input_txttreat'

2018-05-28 10:23:58 - [TEST_STEP][PASSED] - click: Object: 'Object Repository/HealthpostToStore/Page_HealthPost Store/button_Add' is clicked on

2018-05-28 10:23:58 - [MESSAGE][PASSED] - Object: 'Object Repository/HealthpostToStore/Page_HealthPost Store/button_Add' is clicked on

2018-05-28 10:23:58 - [TEST_STEP][PASSED] - selectOptionByIndex: All options with index in [1] are selected on object 'Object Repository/HealthpostToStore/Page_HealthPost Store/select_--Select--Schedule 1Inj'

2018-05-28 10:23:58 - [MESSAGE][PASSED] - All options with index in [1] are selected on object 'Object Repository/HealthpostToStore/Page_HealthPost Store/select_--Select--Schedule 1Inj'

2018-05-28 10:23:58 - [TEST_STEP][PASSED] - delay: Delayed 1 second(s)

2018-05-28 10:23:59 - [MESSAGE][PASSED] - Delayed 1 second(s)

2018-05-28 10:23:59 - [TEST_STEP][PASSED] - selectOptionByIndex: All options with index in [7] are selected on object 'Object Repository/HealthpostToStore/Page_HealthPost Store/select_--Select--Adernaline 0.'

2018-05-28 10:23:59 - [MESSAGE][PASSED] - All options with index in [7] are selected on object 'Object Repository/HealthpostToStore/Page_HealthPost Store/select_--Select--Adernaline 0.'

2018-05-28 10:23:59 - [TEST_STEP][PASSED] - setText: Text '10' is set on object 'Object Repository/HealthpostToStore/Page_HealthPost Store/input_txttreat'

2018-05-28 10:23:59 - [MESSAGE][PASSED] - Text '10' is set on object 'Object Repository/HealthpostToStore/Page_HealthPost Store/input_txttreat'

2018-05-28 10:23:59 - [TEST_STEP][PASSED] - click: Object: 'Object Repository/HealthpostToStore/Page_HealthPost Store/button_Add' is clicked on

2018-05-28 10:23:59 - [MESSAGE][PASSED] - Object: 'Object Repository/HealthpostToStore/Page_HealthPost Store/button_Add' is clicked on

2018-05-28 10:23:59 - [TEST_STEP][PASSED] - selectOptionByIndex: All options with index in [1] are selected on object 'Object Repository/HealthpostToStore/Page_HealthPost Store/select_--Select--Schedule 1Inj'

2018-05-28 10:23:59 - [MESSAGE][PASSED] - All options with index in [1] are selected on object 'Object Repository/HealthpostToStore/Page_HealthPost Store/select_--Select--Schedule 1Inj'

2018-05-28 10:23:59 - [TEST_STEP][PASSED] - delay: Delayed 1 second(s)

2018-05-28 10:24:00 - [MESSAGE][PASSED] - Delayed 1 second(s)

2018-05-28 10:24:00 - [TEST_STEP][PASSED] - selectOptionByIndex: All options with index in [8] are selected on object 'Object Repository/HealthpostToStore/Page_HealthPost Store/select_--Select--Adernaline 0.'

2018-05-28 10:24:01 - [MESSAGE][PASSED] - All options with index in [8] are selected on object 'Object Repository/HealthpostToStore/Page_HealthPost Store/select_--Select--Adernaline 0.'

2018-05-28 10:24:01 - [TEST_STEP][PASSED] - setText: Text '10' is set on object 'Object Repository/HealthpostToStore/Page_HealthPost Store/input_txttreat'

2018-05-28 10:24:01 - [MESSAGE][PASSED] - Text '10' is set on object 'Object Repository/HealthpostToStore/Page_HealthPost Store/input_txttreat'

2018-05-28 10:24:01 - [TEST_STEP][PASSED] - click: Object: 'Object Repository/HealthpostToStore/Page_HealthPost Store/button_Add' is clicked on

2018-05-28 10:24:01 - [MESSAGE][PASSED] - Object: 'Object Repository/HealthpostToStore/Page_HealthPost Store/button_Add' is clicked on

2018-05-28 10:24:01 - [TEST_STEP][PASSED] - selectOptionByIndex: All options with index in [1] are selected on object 'Object Repository/HealthpostToStore/Page_HealthPost Store/select_--Select--Schedule 1Inj'

2018-05-28 10:24:01 - [MESSAGE][PASSED] - All options with index in [1] are selected on object 'Object Repository/HealthpostToStore/Page_HealthPost Store/select_--Select--Schedule 1Inj'

2018-05-28 10:24:01 - [TEST_STEP][PASSED] - delay: Delayed 1 second(s)

2018-05-28 10:24:02 - [MESSAGE][PASSED] - Delayed 1 second(s)

2018-05-28 10:24:02 - [TEST_STEP][PASSED] - selectOptionByIndex: All options with index in [9] are selected on object 'Object Repository/HealthpostToStore/Page_HealthPost Store/select_--Select--Adernaline 0.'

2018-05-28 10:24:02 - [MESSAGE][PASSED] - All options with index in [9] are selected on object 'Object Repository/HealthpostToStore/Page_HealthPost Store/select_--Select--Adernaline 0.'

2018-05-28 10:24:02 - [TEST_STEP][PASSED] - setText: Text '10' is set on object 'Object Repository/HealthpostToStore/Page_HealthPost Store/input_txttreat'

2018-05-28 10:24:02 - [MESSAGE][PASSED] - Text '10' is set on object 'Object Repository/HealthpostToStore/Page_HealthPost Store/input_txttreat'

2018-05-28 10:24:02 - [TEST_STEP][PASSED] - click: Object: 'Object Repository/HealthpostToStore/Page_HealthPost Store/button_Add' is clicked on

2018-05-28 10:24:02 - [MESSAGE][PASSED] - Object: 'Object Repository/HealthpostToStore/Page_HealthPost Store/button_Add' is clicked on

2018-05-28 10:24:02 - [TEST_STEP][PASSED] - selectOptionByIndex: All options with index in [1] are selected on object 'Object Repository/HealthpostToStore/Page_HealthPost Store/select_--Select--Schedule 1Inj'

2018-05-28 10:24:03 - [MESSAGE][PASSED] - All options with index in [1] are selected on object 'Object Repository/HealthpostToStore/Page_HealthPost Store/select_--Select--Schedule 1Inj'

2018-05-28 10:24:03 - [TEST_STEP][PASSED] - delay: Delayed 1 second(s)

2018-05-28 10:24:04 - [MESSAGE][PASSED] - Delayed 1 second(s)

2018-05-28 10:24:04 - [TEST_STEP][PASSED] - selectOptionByIndex: All options with index in [10] are selected on object 'Object Repository/HealthpostToStore/Page_HealthPost Store/select_--Select--Adernaline 0.'

2018-05-28 10:24:04 - [MESSAGE][PASSED] - All options with index in [10] are selected on object 'Object Repository/HealthpostToStore/Page_HealthPost Store/select_--Select--Adernaline 0.'

2018-05-28 10:24:04 - [TEST_STEP][PASSED] - setText: Text '10' is set on object 'Object Repository/HealthpostToStore/Page_HealthPost Store/input_txttreat'

2018-05-28 10:24:04 - [MESSAGE][PASSED] - Text '10' is set on object 'Object Repository/HealthpostToStore/Page_HealthPost Store/input_txttreat'

2018-05-28 10:24:04 - [TEST_STEP][PASSED] - click: Object: 'Object Repository/HealthpostToStore/Page_HealthPost Store/button_Add' is clicked on

2018-05-28 10:24:04 - [MESSAGE][PASSED] - Object: 'Object Repository/HealthpostToStore/Page_HealthPost Store/button_Add' is clicked on

2018-05-28 10:24:04 - [TEST_STEP][PASSED] - selectOptionByIndex: All options with index in [1] are selected on object 'Object Repository/HealthpostToStore/Page_HealthPost Store/select_--Select--Schedule 1Inj'

2018-05-28 10:24:04 - [MESSAGE][PASSED] - All options with index in [1] are selected on object 'Object Repository/HealthpostToStore/Page_HealthPost Store/select_--Select--Schedule 1Inj'

2018-05-28 10:24:04 - [TEST_STEP][PASSED] - delay: Delayed 1 second(s)

2018-05-28 10:24:05 - [MESSAGE][PASSED] - Delayed 1 second(s)

2018-05-28 10:24:05 - [TEST_STEP][PASSED] - selectOptionByIndex: All options with index in [11] are selected on object 'Object Repository/HealthpostToStore/Page_HealthPost Store/select_--Select--Adernaline 0.'

2018-05-28 10:24:06 - [MESSAGE][PASSED] - All options with index in [11] are selected on object 'Object Repository/HealthpostToStore/Page_HealthPost Store/select_--Select--Adernaline 0.'

2018-05-28 10:24:06 - [TEST_STEP][PASSED] - setText: Text '10' is set on object 'Object Repository/HealthpostToStore/Page_HealthPost Store/input_txttreat'

2018-05-28 10:24:06 - [MESSAGE][PASSED] - Text '10' is set on object 'Object Repository/HealthpostToStore/Page_HealthPost Store/input_txttreat'

2018-05-28 10:24:06 - [TEST_STEP][PASSED] - click: Object: 'Object Repository/HealthpostToStore/Page_HealthPost Store/button_Add' is clicked on

2018-05-28 10:24:06 - [MESSAGE][PASSED] - Object: 'Object Repository/HealthpostToStore/Page_HealthPost Store/button_Add' is clicked on

2018-05-28 10:24:06 - [TEST_STEP][PASSED] - selectOptionByIndex: All options with index in [1] are selected on object 'Object Repository/HealthpostToStore/Page_HealthPost Store/select_--Select--Schedule 1Inj'

2018-05-28 10:24:06 - [MESSAGE][PASSED] - All options with index in [1] are selected on object 'Object Repository/HealthpostToStore/Page_HealthPost Store/select_--Select--Schedule 1Inj'

2018-05-28 10:24:06 - [TEST_STEP][PASSED] - delay: Delayed 1 second(s)

2018-05-28 10:24:07 - [MESSAGE][PASSED] - Delayed 1 second(s)

2018-05-28 10:24:07 - [TEST_STEP][PASSED] - selectOptionByIndex: All options with index in [12] are selected on object 'Object Repository/HealthpostToStore/Page_HealthPost Store/select_--Select--Adernaline 0.'

2018-05-28 10:24:07 - [MESSAGE][PASSED] - All options with index in [12] are selected on object 'Object Repository/HealthpostToStore/Page_HealthPost Store/select_--Select--Adernaline 0.'

2018-05-28 10:24:07 - [TEST_STEP][PASSED] - setText: Text '10' is set on object 'Object Repository/HealthpostToStore/Page_HealthPost Store/input_txttreat'

2018-05-28 10:24:07 - [MESSAGE][PASSED] - Text '10' is set on object 'Object Repository/HealthpostToStore/Page_HealthPost Store/input_txttreat'

2018-05-28 10:24:07 - [TEST_STEP][PASSED] - click: Object: 'Object Repository/HealthpostToStore/Page_HealthPost Store/button_Add' is clicked on

2018-05-28 10:24:07 - [MESSAGE][PASSED] - Object: 'Object Repository/HealthpostToStore/Page_HealthPost Store/button_Add' is clicked on

2018-05-28 10:24:07 - [TEST_STEP][PASSED] - selectOptionByIndex: All options with index in [1] are selected on object 'Object Repository/HealthpostToStore/Page_HealthPost Store/select_--Select--Schedule 1Inj'

2018-05-28 10:24:07 - [MESSAGE][PASSED] - All options with index in [1] are selected on object 'Object Repository/HealthpostToStore/Page_HealthPost Store/select_--Select--Schedule 1Inj'

2018-05-28 10:24:07 - [TEST_STEP][PASSED] - delay: Delayed 1 second(s)

2018-05-28 10:24:08 - [MESSAGE][PASSED] - Delayed 1 second(s)

2018-05-28 10:24:08 - [TEST_STEP][PASSED] - selectOptionByIndex: All options with index in [13] are selected on object 'Object Repository/HealthpostToStore/Page_HealthPost Store/select_--Select--Adernaline 0.'

2018-05-28 10:24:09 - [MESSAGE][PASSED] - All options with index in [13] are selected on object 'Object Repository/HealthpostToStore/Page_HealthPost Store/select_--Select--Adernaline 0.'

2018-05-28 10:24:09 - [TEST_STEP][PASSED] - setText: Text '10' is set on object 'Object Repository/HealthpostToStore/Page_HealthPost Store/input_txttreat'

2018-05-28 10:24:09 - [MESSAGE][PASSED] - Text '10' is set on object 'Object Repository/HealthpostToStore/Page_HealthPost Store/input_txttreat'

2018-05-28 10:24:09 - [TEST_STEP][PASSED] - click: Object: 'Object Repository/HealthpostToStore/Page_HealthPost Store/button_Add' is clicked on

2018-05-28 10:24:09 - [MESSAGE][PASSED] - Object: 'Object Repository/HealthpostToStore/Page_HealthPost Store/button_Add' is clicked on

2018-05-28 10:24:09 - [TEST_STEP][PASSED] - selectOptionByIndex: All options with index in [1] are selected on object 'Object Repository/HealthpostToStore/Page_HealthPost Store/select_--Select--Schedule 1Inj'

2018-05-28 10:24:09 - [MESSAGE][PASSED] - All options with index in [1] are selected on object 'Object Repository/HealthpostToStore/Page_HealthPost Store/select_--Select--Schedule 1Inj'

2018-05-28 10:24:09 - [TEST_STEP][PASSED] - delay: Delayed 1 second(s)

2018-05-28 10:24:10 - [MESSAGE][PASSED] - Delayed 1 second(s)

2018-05-28 10:24:10 - [TEST_STEP][PASSED] - selectOptionByIndex: All options with index in [14] are selected on object 'Object Repository/HealthpostToStore/Page_HealthPost Store/select_--Select--Adernaline 0.'

2018-05-28 10:24:10 - [MESSAGE][PASSED] - All options with index in [14] are selected on object 'Object Repository/HealthpostToStore/Page_HealthPost Store/select_--Select--Adernaline 0.'

2018-05-28 10:24:10 - [TEST_STEP][PASSED] - setText: Text '10' is set on object 'Object Repository/HealthpostToStore/Page_HealthPost Store/input_txttreat'

2018-05-28 10:24:10 - [MESSAGE][PASSED] - Text '10' is set on object 'Object Repository/HealthpostToStore/Page_HealthPost Store/input_txttreat'

2018-05-28 10:24:10 - [TEST_STEP][PASSED] - click: Object: 'Object Repository/HealthpostToStore/Page_HealthPost Store/button_Add' is clicked on

2018-05-28 10:24:10 - [MESSAGE][PASSED] - Object: 'Object Repository/HealthpostToStore/Page_HealthPost Store/button_Add' is clicked on

2018-05-28 10:24:10 - [TEST_STEP][PASSED] - selectOptionByIndex: All options with index in [1] are selected on object 'Object Repository/HealthpostToStore/Page_HealthPost Store/select_--Select--Schedule 1Inj'

2018-05-28 10:24:11 - [MESSAGE][PASSED] - All options with index in [1] are selected on object 'Object Repository/HealthpostToStore/Page_HealthPost Store/select_--Select--Schedule 1Inj'

2018-05-28 10:24:11 - [TEST_STEP][PASSED] - delay: Delayed 1 second(s)

2018-05-28 10:24:12 - [MESSAGE][PASSED] - Delayed 1 second(s)

2018-05-28 10:24:12 - [TEST_STEP][PASSED] - selectOptionByIndex: All options with index in [15] are selected on object 'Object Repository/HealthpostToStore/Page_HealthPost Store/select_--Select--Adernaline 0.'

2018-05-28 10:24:12 - [MESSAGE][PASSED] - All options with index in [15] are selected on object 'Object Repository/HealthpostToStore/Page_HealthPost Store/select_--Select--Adernaline 0.'

2018-05-28 10:24:12 - [TEST_STEP][PASSED] - setText: Text '10' is set on object 'Object Repository/HealthpostToStore/Page_HealthPost Store/input_txttreat'

2018-05-28 10:24:12 - [MESSAGE][PASSED] - Text '10' is set on object 'Object Repository/HealthpostToStore/Page_HealthPost Store/input_txttreat'

2018-05-28 10:24:12 - [TEST_STEP][PASSED] - click: Object: 'Object Repository/HealthpostToStore/Page_HealthPost Store/button_Add' is clicked on

2018-05-28 10:24:12 - [MESSAGE][PASSED] - Object: 'Object Repository/HealthpostToStore/Page_HealthPost Store/button_Add' is clicked on

2018-05-28 10:24:12 - [TEST_STEP][PASSED] - selectOptionByIndex: All options with index in [1] are selected on object 'Object Repository/HealthpostToStore/Page_HealthPost Store/select_--Select--Schedule 1Inj'

2018-05-28 10:24:12 - [MESSAGE][PASSED] - All options with index in [1] are selected on object 'Object Repository/HealthpostToStore/Page_HealthPost Store/select_--Select--Schedule 1Inj'

2018-05-28 10:24:12 - [TEST_STEP][PASSED] - delay: Delayed 1 second(s)

2018-05-28 10:24:13 - [MESSAGE][PASSED] - Delayed 1 second(s)

2018-05-28 10:24:13 - [TEST_STEP][PASSED] - selectOptionByIndex: All options with index in [16] are selected on object 'Object Repository/HealthpostToStore/Page_HealthPost Store/select_--Select--Adernaline 0.'

2018-05-28 10:24:14 - [MESSAGE][PASSED] - All options with index in [16] are selected on object 'Object Repository/HealthpostToStore/Page_HealthPost Store/select_--Select--Adernaline 0.'

2018-05-28 10:24:14 - [TEST_STEP][PASSED] - setText: Text '10' is set on object 'Object Repository/HealthpostToStore/Page_HealthPost Store/input_txttreat'

2018-05-28 10:24:14 - [MESSAGE][PASSED] - Text '10' is set on object 'Object Repository/HealthpostToStore/Page_HealthPost Store/input_txttreat'

2018-05-28 10:24:14 - [TEST_STEP][PASSED] - click: Object: 'Object Repository/HealthpostToStore/Page_HealthPost Store/button_Add' is clicked on

2018-05-28 10:24:14 - [MESSAGE][PASSED] - Object: 'Object Repository/HealthpostToStore/Page_HealthPost Store/button_Add' is clicked on

2018-05-28 10:24:14 - [TEST_STEP][PASSED] - selectOptionByIndex: All options with index in [1] are selected on object 'Object Repository/HealthpostToStore/Page_HealthPost Store/select_--Select--Schedule 1Inj'

2018-05-28 10:24:14 - [MESSAGE][PASSED] - All options with index in [1] are selected on object 'Object Repository/HealthpostToStore/Page_HealthPost Store/select_--Select--Schedule 1Inj'

2018-05-28 10:24:14 - [TEST_STEP][PASSED] - delay: Delayed 1 second(s)

2018-05-28 10:24:15 - [MESSAGE][PASSED] - Delayed 1 second(s)

2018-05-28 10:24:15 - [TEST_STEP][PASSED] - selectOptionByIndex: All options with index in [17] are selected on object 'Object Repository/HealthpostToStore/Page_HealthPost Store/select_--Select--Adernaline 0.'

2018-05-28 10:24:15 - [MESSAGE][PASSED] - All options with index in [17] are selected on object 'Object Repository/HealthpostToStore/Page_HealthPost Store/select_--Select--Adernaline 0.'

2018-05-28 10:24:15 - [TEST_STEP][PASSED] - setText: Text '10' is set on object 'Object Repository/HealthpostToStore/Page_HealthPost Store/input_txttreat'

2018-05-28 10:24:15 - [MESSAGE][PASSED] - Text '10' is set on object 'Object Repository/HealthpostToStore/Page_HealthPost Store/input_txttreat'

2018-05-28 10:24:15 - [TEST_STEP][PASSED] - click: Object: 'Object Repository/HealthpostToStore/Page_HealthPost Store/button_Add' is clicked on

2018-05-28 10:24:15 - [MESSAGE][PASSED] - Object: 'Object Repository/HealthpostToStore/Page_HealthPost Store/button_Add' is clicked on

2018-05-28 10:24:15 - [TEST_STEP][PASSED] - selectOptionByIndex: All options with index in [1] are selected on object 'Object Repository/HealthpostToStore/Page_HealthPost Store/select_--Select--Schedule 1Inj'

2018-05-28 10:24:15 - [MESSAGE][PASSED] - All options with index in [1] are selected on object 'Object Repository/HealthpostToStore/Page_HealthPost Store/select_--Select--Schedule 1Inj'

2018-05-28 10:24:15 - [TEST_STEP][PASSED] - delay: Delayed 1 second(s)

2018-05-28 10:24:16 - [MESSAGE][PASSED] - Delayed 1 second(s)

2018-05-28 10:24:16 - [TEST_STEP][PASSED] - selectOptionByIndex: All options with index in [18] are selected on object 'Object Repository/HealthpostToStore/Page_HealthPost Store/select_--Select--Adernaline 0.'

2018-05-28 10:24:17 - [MESSAGE][PASSED] - All options with index in [18] are selected on object 'Object Repository/HealthpostToStore/Page_HealthPost Store/select_--Select--Adernaline 0.'

2018-05-28 10:24:17 - [TEST_STEP][PASSED] - setText: Text '10' is set on object 'Object Repository/HealthpostToStore/Page_HealthPost Store/input_txttreat'

2018-05-28 10:24:17 - [MESSAGE][PASSED] - Text '10' is set on object 'Object Repository/HealthpostToStore/Page_HealthPost Store/input_txttreat'

2018-05-28 10:24:17 - [TEST_STEP][PASSED] - click: Object: 'Object Repository/HealthpostToStore/Page_HealthPost Store/button_Add' is clicked on

2018-05-28 10:24:17 - [MESSAGE][PASSED] - Object: 'Object Repository/HealthpostToStore/Page_HealthPost Store/button_Add' is clicked on

2018-05-28 10:24:17 - [TEST_STEP][PASSED] - selectOptionByIndex: All options with index in [1] are selected on object 'Object Repository/HealthpostToStore/Page_HealthPost Store/select_--Select--Schedule 1Inj'

2018-05-28 10:24:17 - [MESSAGE][PASSED] - All options with index in [1] are selected on object 'Object Repository/HealthpostToStore/Page_HealthPost Store/select_--Select--Schedule 1Inj'

2018-05-28 10:24:17 - [TEST_STEP][PASSED] - delay: Delayed 1 second(s)

2018-05-28 10:24:18 - [MESSAGE][PASSED] - Delayed 1 second(s)

2018-05-28 10:24:18 - [TEST_STEP][PASSED] - selectOptionByIndex: All options with index in [19] are selected on object 'Object Repository/HealthpostToStore/Page_HealthPost Store/select_--Select--Adernaline 0.'

2018-05-28 10:24:18 - [MESSAGE][PASSED] - All options with index in [19] are selected on object 'Object Repository/HealthpostToStore/Page_HealthPost Store/select_--Select--Adernaline 0.'

2018-05-28 10:24:18 - [TEST_STEP][PASSED] - setText: Text '10' is set on object 'Object Repository/HealthpostToStore/Page_HealthPost Store/input_txttreat'

2018-05-28 10:24:19 - [MESSAGE][PASSED] - Text '10' is set on object 'Object Repository/HealthpostToStore/Page_HealthPost Store/input_txttreat'

2018-05-28 10:24:19 - [TEST_STEP][PASSED] - click: Object: 'Object Repository/HealthpostToStore/Page_HealthPost Store/button_Add' is clicked on

2018-05-28 10:24:19 - [MESSAGE][PASSED] - Object: 'Object Repository/HealthpostToStore/Page_HealthPost Store/button_Add' is clicked on

2018-05-28 10:24:19 - [TEST_STEP][PASSED] - selectOptionByIndex: All options with index in [1] are selected on object 'Object Repository/HealthpostToStore/Page_HealthPost Store/select_--Select--Schedule 1Inj'

2018-05-28 10:24:19 - [MESSAGE][PASSED] - All options with index in [1] are selected on object 'Object Repository/HealthpostToStore/Page_HealthPost Store/select_--Select--Schedule 1Inj'

2018-05-28 10:24:19 - [TEST_STEP][PASSED] - delay: Delayed 1 second(s)

2018-05-28 10:24:20 - [MESSAGE][PASSED] - Delayed 1 second(s)

2018-05-28 10:24:20 - [TEST_STEP][PASSED] - selectOptionByIndex: All options with index in [20] are selected on object 'Object Repository/HealthpostToStore/Page_HealthPost Store/select_--Select--Adernaline 0.'

2018-05-28 10:24:20 - [MESSAGE][PASSED] - All options with index in [20] are selected on object 'Object Repository/HealthpostToStore/Page_HealthPost Store/select_--Select--Adernaline 0.'

2018-05-28 10:24:20 - [TEST_STEP][PASSED] - setText: Text '10' is set on object 'Object Repository/HealthpostToStore/Page_HealthPost Store/input_txttreat'

2018-05-28 10:24:20 - [MESSAGE][PASSED] - Text '10' is set on object 'Object Repository/HealthpostToStore/Page_HealthPost Store/input_txttreat'

2018-05-28 10:24:20 - [TEST_STEP][PASSED] - click: Object: 'Object Repository/HealthpostToStore/Page_HealthPost Store/button_Add' is clicked on

2018-05-28 10:24:20 - [MESSAGE][PASSED] - Object: 'Object Repository/HealthpostToStore/Page_HealthPost Store/button_Add' is clicked on

2018-05-28 10:24:20 - [TEST_STEP][PASSED] - selectOptionByIndex: All options with index in [1] are selected on object 'Object Repository/HealthpostToStore/Page_HealthPost Store/select_--Select--Schedule 1Inj'

2018-05-28 10:24:20 - [MESSAGE][PASSED] - All options with index in [1] are selected on object 'Object Repository/HealthpostToStore/Page_HealthPost Store/select_--Select--Schedule 1Inj'

2018-05-28 10:24:20 - [TEST_STEP][PASSED] - delay: Delayed 1 second(s)

2018-05-28 10:24:21 - [MESSAGE][PASSED] - Delayed 1 second(s)

2018-05-28 10:24:21 - [TEST_STEP][PASSED] - selectOptionByIndex: All options with index in [21] are selected on object 'Object Repository/HealthpostToStore/Page_HealthPost Store/select_--Select--Adernaline 0.'

2018-05-28 10:24:22 - [MESSAGE][PASSED] - All options with index in [21] are selected on object 'Object Repository/HealthpostToStore/Page_HealthPost Store/select_--Select--Adernaline 0.'

2018-05-28 10:24:22 - [TEST_STEP][PASSED] - setText: Text '10' is set on object 'Object Repository/HealthpostToStore/Page_HealthPost Store/input_txttreat'

2018-05-28 10:24:22 - [MESSAGE][PASSED] - Text '10' is set on object 'Object Repository/HealthpostToStore/Page_HealthPost Store/input_txttreat'

2018-05-28 10:24:22 - [TEST_STEP][PASSED] - click: Object: 'Object Repository/HealthpostToStore/Page_HealthPost Store/button_Add' is clicked on

2018-05-28 10:24:22 - [MESSAGE][PASSED] - Object: 'Object Repository/HealthpostToStore/Page_HealthPost Store/button_Add' is clicked on

2018-05-28 10:24:22 - [TEST_STEP][PASSED] - selectOptionByIndex: All options with index in [1] are selected on object 'Object Repository/HealthpostToStore/Page_HealthPost Store/select_--Select--Schedule 1Inj'

2018-05-28 10:24:22 - [MESSAGE][PASSED] - All options with index in [1] are selected on object 'Object Repository/HealthpostToStore/Page_HealthPost Store/select_--Select--Schedule 1Inj'

2018-05-28 10:24:22 - [TEST_STEP][PASSED] - delay: Delayed 1 second(s)

2018-05-28 10:24:23 - [MESSAGE][PASSED] - Delayed 1 second(s)

2018-05-28 10:24:23 - [TEST_STEP][PASSED] - selectOptionByIndex: All options with index in [22] are selected on object 'Object Repository/HealthpostToStore/Page_HealthPost Store/select_--Select--Adernaline 0.'

2018-05-28 10:24:23 - [MESSAGE][PASSED] - All options with index in [22] are selected on object 'Object Repository/HealthpostToStore/Page_HealthPost Store/select_--Select--Adernaline 0.'

2018-05-28 10:24:23 - [TEST_STEP][PASSED] - setText: Text '10' is set on object 'Object Repository/HealthpostToStore/Page_HealthPost Store/input_txttreat'

2018-05-28 10:24:24 - [MESSAGE][PASSED] - Text '10' is set on object 'Object Repository/HealthpostToStore/Page_HealthPost Store/input_txttreat'

2018-05-28 10:24:24 - [TEST_STEP][PASSED] - click: Object: 'Object Repository/HealthpostToStore/Page_HealthPost Store/button_Add' is clicked on

2018-05-28 10:24:24 - [MESSAGE][PASSED] - Object: 'Object Repository/HealthpostToStore/Page_HealthPost Store/button_Add' is clicked on

2018-05-28 10:24:24 - [TEST_STEP][PASSED] - selectOptionByIndex: All options with index in [1] are selected on object 'Object Repository/HealthpostToStore/Page_HealthPost Store/select_--Select--Schedule 1Inj'

2018-05-28 10:24:24 - [MESSAGE][PASSED] - All options with index in [1] are selected on object 'Object Repository/HealthpostToStore/Page_HealthPost Store/select_--Select--Schedule 1Inj'

2018-05-28 10:24:24 - [TEST_STEP][PASSED] - delay: Delayed 1 second(s)

2018-05-28 10:24:25 - [MESSAGE][PASSED] - Delayed 1 second(s)

2018-05-28 10:24:25 - [TEST_STEP][PASSED] - selectOptionByIndex: All options with index in [23] are selected on object 'Object Repository/HealthpostToStore/Page_HealthPost Store/select_--Select--Adernaline 0.'

2018-05-28 10:24:25 - [MESSAGE][PASSED] - All options with index in [23] are selected on object 'Object Repository/HealthpostToStore/Page_HealthPost Store/select_--Select--Adernaline 0.'

2018-05-28 10:24:25 - [TEST_STEP][PASSED] - setText: Text '10' is set on object 'Object Repository/HealthpostToStore/Page_HealthPost Store/input_txttreat'

2018-05-28 10:24:25 - [MESSAGE][PASSED] - Text '10' is set on object 'Object Repository/HealthpostToStore/Page_HealthPost Store/input_txttreat'

2018-05-28 10:24:25 - [TEST_STEP][PASSED] - click: Object: 'Object Repository/HealthpostToStore/Page_HealthPost Store/button_Add' is clicked on

2018-05-28 10:24:25 - [MESSAGE][PASSED] - Object: 'Object Repository/HealthpostToStore/Page_HealthPost Store/button_Add' is clicked on

2018-05-28 10:24:25 - [TEST_STEP][PASSED] - selectOptionByIndex: All options with index in [1] are selected on object 'Object Repository/HealthpostToStore/Page_HealthPost Store/select_--Select--Schedule 1Inj'

2018-05-28 10:24:26 - [MESSAGE][PASSED] - All options with index in [1] are selected on object 'Object Repository/HealthpostToStore/Page_HealthPost Store/select_--Select--Schedule 1Inj'

2018-05-28 10:24:26 - [TEST_STEP][PASSED] - delay: Delayed 1 second(s)

2018-05-28 10:24:27 - [MESSAGE][PASSED] - Delayed 1 second(s)

2018-05-28 10:24:27 - [TEST_STEP][PASSED] - selectOptionByIndex: All options with index in [24] are selected on object 'Object Repository/HealthpostToStore/Page_HealthPost Store/select_--Select--Adernaline 0.'

2018-05-28 10:24:27 - [MESSAGE][PASSED] - All options with index in [24] are selected on object 'Object Repository/HealthpostToStore/Page_HealthPost Store/select_--Select--Adernaline 0.'

2018-05-28 10:24:27 - [TEST_STEP][PASSED] - setText: Text '10' is set on object 'Object Repository/HealthpostToStore/Page_HealthPost Store/input_txttreat'

2018-05-28 10:24:27 - [MESSAGE][PASSED] - Text '10' is set on object 'Object Repository/HealthpostToStore/Page_HealthPost Store/input_txttreat'

2018-05-28 10:24:27 - [TEST_STEP][PASSED] - click: Object: 'Object Repository/HealthpostToStore/Page_HealthPost Store/button_Add' is clicked on

2018-05-28 10:24:27 - [MESSAGE][PASSED] - Object: 'Object Repository/HealthpostToStore/Page_HealthPost Store/button_Add' is clicked on

2018-05-28 10:24:27 - [TEST_STEP][PASSED] - selectOptionByIndex: All options with index in [1] are selected on object 'Object Repository/HealthpostToStore/Page_HealthPost Store/select_--Select--Schedule 1Inj'

2018-05-28 10:24:27 - [MESSAGE][PASSED] - All options with index in [1] are selected on object 'Object Repository/HealthpostToStore/Page_HealthPost Store/select_--Select--Schedule 1Inj'

2018-05-28 10:24:27 - [TEST_STEP][PASSED] - delay: Delayed 1 second(s)

2018-05-28 10:24:28 - [MESSAGE][PASSED] - Delayed 1 second(s)

2018-05-28 10:24:28 - [TEST_STEP][PASSED] - selectOptionByIndex: All options with index in [25] are selected on object 'Object Repository/HealthpostToStore/Page_HealthPost Store/select_--Select--Adernaline 0.'

2018-05-28 10:24:29 - [MESSAGE][PASSED] - All options with index in [25] are selected on object 'Object Repository/HealthpostToStore/Page_HealthPost Store/select_--Select--Adernaline 0.'

2018-05-28 10:24:29 - [TEST_STEP][PASSED] - setText: Text '10' is set on object 'Object Repository/HealthpostToStore/Page_HealthPost Store/input_txttreat'

2018-05-28 10:24:29 - [MESSAGE][PASSED] - Text '10' is set on object 'Object Repository/HealthpostToStore/Page_HealthPost Store/input_txttreat'

2018-05-28 10:24:29 - [TEST_STEP][PASSED] - click: Object: 'Object Repository/HealthpostToStore/Page_HealthPost Store/button_Add' is clicked on

2018-05-28 10:24:29 - [MESSAGE][PASSED] - Object: 'Object Repository/HealthpostToStore/Page_HealthPost Store/button_Add' is clicked on

2018-05-28 10:24:29 - [TEST_STEP][PASSED] - selectOptionByIndex: All options with index in [1] are selected on object 'Object Repository/HealthpostToStore/Page_HealthPost Store/select_--Select--Schedule 1Inj'

2018-05-28 10:24:29 - [MESSAGE][PASSED] - All options with index in [1] are selected on object 'Object Repository/HealthpostToStore/Page_HealthPost Store/select_--Select--Schedule 1Inj'

2018-05-28 10:24:29 - [TEST_STEP][PASSED] - delay: Delayed 1 second(s)

2018-05-28 10:24:30 - [MESSAGE][PASSED] - Delayed 1 second(s)

2018-05-28 10:24:30 - [TEST_STEP][PASSED] - selectOptionByIndex: All options with index in [26] are selected on object 'Object Repository/HealthpostToStore/Page_HealthPost Store/select_--Select--Adernaline 0.'

2018-05-28 10:24:31 - [MESSAGE][PASSED] - All options with index in [26] are selected on object 'Object Repository/HealthpostToStore/Page_HealthPost Store/select_--Select--Adernaline 0.'

2018-05-28 10:24:31 - [TEST_STEP][PASSED] - setText: Text '10' is set on object 'Object Repository/HealthpostToStore/Page_HealthPost Store/input_txttreat'

2018-05-28 10:24:31 - [MESSAGE][PASSED] - Text '10' is set on object 'Object Repository/HealthpostToStore/Page_HealthPost Store/input_txttreat'

2018-05-28 10:24:31 - [TEST_STEP][PASSED] - click: Object: 'Object Repository/HealthpostToStore/Page_HealthPost Store/button_Add' is clicked on

2018-05-28 10:24:31 - [MESSAGE][PASSED] - Object: 'Object Repository/HealthpostToStore/Page_HealthPost Store/button_Add' is clicked on

2018-05-28 10:24:31 - [TEST_STEP][PASSED] - selectOptionByIndex: All options with index in [1] are selected on object 'Object Repository/HealthpostToStore/Page_HealthPost Store/select_--Select--Schedule 1Inj'

2018-05-28 10:24:31 - [MESSAGE][PASSED] - All options with index in [1] are selected on object 'Object Repository/HealthpostToStore/Page_HealthPost Store/select_--Select--Schedule 1Inj'

2018-05-28 10:24:31 - [TEST_STEP][PASSED] - delay: Delayed 1 second(s)

2018-05-28 10:24:32 - [MESSAGE][PASSED] - Delayed 1 second(s)

2018-05-28 10:24:32 - [TEST_STEP][PASSED] - selectOptionByIndex: All options with index in [27] are selected on object 'Object Repository/HealthpostToStore/Page_HealthPost Store/select_--Select--Adernaline 0.'

2018-05-28 10:24:32 - [MESSAGE][PASSED] - All options with index in [27] are selected on object 'Object Repository/HealthpostToStore/Page_HealthPost Store/select_--Select--Adernaline 0.'

2018-05-28 10:24:32 - [TEST_STEP][PASSED] - setText: Text '10' is set on object 'Object Repository/HealthpostToStore/Page_HealthPost Store/input_txttreat'

2018-05-28 10:24:32 - [MESSAGE][PASSED] - Text '10' is set on object 'Object Repository/HealthpostToStore/Page_HealthPost Store/input_txttreat'

2018-05-28 10:24:32 - [TEST_STEP][PASSED] - click: Object: 'Object Repository/HealthpostToStore/Page_HealthPost Store/button_Add' is clicked on

2018-05-28 10:24:32 - [MESSAGE][PASSED] - Object: 'Object Repository/HealthpostToStore/Page_HealthPost Store/button_Add' is clicked on

2018-05-28 10:24:32 - [TEST_STEP][PASSED] - selectOptionByIndex: All options with index in [1] are selected on object 'Object Repository/HealthpostToStore/Page_HealthPost Store/select_--Select--Schedule 1Inj'

2018-05-28 10:24:33 - [MESSAGE][PASSED] - All options with index in [1] are selected on object 'Object Repository/HealthpostToStore/Page_HealthPost Store/select_--Select--Schedule 1Inj'

2018-05-28 10:24:33 - [TEST_STEP][PASSED] - delay: Delayed 1 second(s)

2018-05-28 10:24:34 - [MESSAGE][PASSED] - Delayed 1 second(s)

2018-05-28 10:24:34 - [TEST_STEP][PASSED] - selectOptionByIndex: All options with index in [28] are selected on object 'Object Repository/HealthpostToStore/Page_HealthPost Store/select_--Select--Adernaline 0.'

2018-05-28 10:24:34 - [MESSAGE][PASSED] - All options with index in [28] are selected on object 'Object Repository/HealthpostToStore/Page_HealthPost Store/select_--Select--Adernaline 0.'

2018-05-28 10:24:34 - [TEST_STEP][PASSED] - setText: Text '10' is set on object 'Object Repository/HealthpostToStore/Page_HealthPost Store/input_txttreat'

2018-05-28 10:24:34 - [MESSAGE][PASSED] - Text '10' is set on object 'Object Repository/HealthpostToStore/Page_HealthPost Store/input_txttreat'

2018-05-28 10:24:34 - [TEST_STEP][PASSED] - click: Object: 'Object Repository/HealthpostToStore/Page_HealthPost Store/button_Add' is clicked on

2018-05-28 10:24:34 - [MESSAGE][PASSED] - Object: 'Object Repository/HealthpostToStore/Page_HealthPost Store/button_Add' is clicked on

2018-05-28 10:24:34 - [TEST_STEP][PASSED] - selectOptionByIndex: All options with index in [1] are selected on object 'Object Repository/HealthpostToStore/Page_HealthPost Store/select_--Select--Schedule 1Inj'

2018-05-28 10:24:34 - [MESSAGE][PASSED] - All options with index in [1] are selected on object 'Object Repository/HealthpostToStore/Page_HealthPost Store/select_--Select--Schedule 1Inj'

2018-05-28 10:24:34 - [TEST_STEP][PASSED] - delay: Delayed 1 second(s)

2018-05-28 10:24:35 - [MESSAGE][PASSED] - Delayed 1 second(s)

2018-05-28 10:24:35 - [TEST_STEP][PASSED] - selectOptionByIndex: All options with index in [29] are selected on object 'Object Repository/HealthpostToStore/Page_HealthPost Store/select_--Select--Adernaline 0.'

2018-05-28 10:24:36 - [MESSAGE][PASSED] - All options with index in [29] are selected on object 'Object Repository/HealthpostToStore/Page_HealthPost Store/select_--Select--Adernaline 0.'

2018-05-28 10:24:36 - [TEST_STEP][PASSED] - setText: Text '10' is set on object 'Object Repository/HealthpostToStore/Page_HealthPost Store/input_txttreat'

2018-05-28 10:24:36 - [MESSAGE][PASSED] - Text '10' is set on object 'Object Repository/HealthpostToStore/Page_HealthPost Store/input_txttreat'

2018-05-28 10:24:36 - [TEST_STEP][PASSED] - click: Object: 'Object Repository/HealthpostToStore/Page_HealthPost Store/button_Add' is clicked on

2018-05-28 10:24:36 - [MESSAGE][PASSED] - Object: 'Object Repository/HealthpostToStore/Page_HealthPost Store/button_Add' is clicked on

2018-05-28 10:24:36 - [TEST_STEP][PASSED] - selectOptionByIndex: All options with index in [1] are selected on object 'Object Repository/HealthpostToStore/Page_HealthPost Store/select_--Select--Schedule 1Inj'

2018-05-28 10:24:36 - [MESSAGE][PASSED] - All options with index in [1] are selected on object 'Object Repository/HealthpostToStore/Page_HealthPost Store/select_--Select--Schedule 1Inj'

2018-05-28 10:24:36 - [TEST_STEP][PASSED] - delay: Delayed 1 second(s)

2018-05-28 10:24:37 - [MESSAGE][PASSED] - Delayed 1 second(s)

2018-05-28 10:24:37 - [TEST_STEP][PASSED] - selectOptionByIndex: All options with index in [30] are selected on object 'Object Repository/HealthpostToStore/Page_HealthPost Store/select_--Select--Adernaline 0.'

2018-05-28 10:24:38 - [MESSAGE][PASSED] - All options with index in [30] are selected on object 'Object Repository/HealthpostToStore/Page_HealthPost Store/select_--Select--Adernaline 0.'

2018-05-28 10:24:38 - [TEST_STEP][PASSED] - setText: Text '10' is set on object 'Object Repository/HealthpostToStore/Page_HealthPost Store/input_txttreat'

2018-05-28 10:24:38 - [MESSAGE][PASSED] - Text '10' is set on object 'Object Repository/HealthpostToStore/Page_HealthPost Store/input_txttreat'

2018-05-28 10:24:38 - [TEST_STEP][PASSED] - click: Object: 'Object Repository/HealthpostToStore/Page_HealthPost Store/button_Add' is clicked on

2018-05-28 10:24:38 - [MESSAGE][PASSED] - Object: 'Object Repository/HealthpostToStore/Page_HealthPost Store/button_Add' is clicked on

2018-05-28 10:24:38 - [TEST_STEP][PASSED] - selectOptionByIndex: All options with index in [1] are selected on object 'Object Repository/HealthpostToStore/Page_HealthPost Store/select_--Select--Schedule 1Inj'

2018-05-28 10:24:38 - [MESSAGE][PASSED] - All options with index in [1] are selected on object 'Object Repository/HealthpostToStore/Page_HealthPost Store/select_--Select--Schedule 1Inj'

2018-05-28 10:24:38 - [TEST_STEP][PASSED] - delay: Delayed 1 second(s)

2018-05-28 10:24:39 - [MESSAGE][PASSED] - Delayed 1 second(s)

2018-05-28 10:24:39 - [TEST_STEP][PASSED] - selectOptionByIndex: All options with index in [31] are selected on object 'Object Repository/HealthpostToStore/Page_HealthPost Store/select_--Select--Adernaline 0.'

2018-05-28 10:24:40 - [MESSAGE][PASSED] - All options with index in [31] are selected on object 'Object Repository/HealthpostToStore/Page_HealthPost Store/select_--Select--Adernaline 0.'

2018-05-28 10:24:40 - [TEST_STEP][PASSED] - setText: Text '10' is set on object 'Object Repository/HealthpostToStore/Page_HealthPost Store/input_txttreat'

2018-05-28 10:24:40 - [MESSAGE][PASSED] - Text '10' is set on object 'Object Repository/HealthpostToStore/Page_HealthPost Store/input_txttreat'

2018-05-28 10:24:40 - [TEST_STEP][PASSED] - click: Object: 'Object Repository/HealthpostToStore/Page_HealthPost Store/button_Add' is clicked on

2018-05-28 10:24:40 - [MESSAGE][PASSED] - Object: 'Object Repository/HealthpostToStore/Page_HealthPost Store/button_Add' is clicked on

2018-05-28 10:24:40 - [TEST_STEP][PASSED] - selectOptionByIndex: All options with index in [1] are selected on object 'Object Repository/HealthpostToStore/Page_HealthPost Store/select_--Select--Schedule 1Inj'

2018-05-28 10:24:40 - [MESSAGE][PASSED] - All options with index in [1] are selected on object 'Object Repository/HealthpostToStore/Page_HealthPost Store/select_--Select--Schedule 1Inj'

2018-05-28 10:24:40 - [TEST_STEP][PASSED] - delay: Delayed 1 second(s)

2018-05-28 10:24:41 - [MESSAGE][PASSED] - Delayed 1 second(s)

2018-05-28 10:24:41 - [TEST_STEP][PASSED] - selectOptionByIndex: All options with index in [32] are selected on object 'Object Repository/HealthpostToStore/Page_HealthPost Store/select_--Select--Adernaline 0.'

2018-05-28 10:24:42 - [MESSAGE][PASSED] - All options with index in [32] are selected on object 'Object Repository/HealthpostToStore/Page_HealthPost Store/select_--Select--Adernaline 0.'

2018-05-28 10:24:42 - [TEST_STEP][PASSED] - setText: Text '10' is set on object 'Object Repository/HealthpostToStore/Page_HealthPost Store/input_txttreat'

2018-05-28 10:24:42 - [MESSAGE][PASSED] - Text '10' is set on object 'Object Repository/HealthpostToStore/Page_HealthPost Store/input_txttreat'

2018-05-28 10:24:42 - [TEST_STEP][PASSED] - click: Object: 'Object Repository/HealthpostToStore/Page_HealthPost Store/button_Add' is clicked on

2018-05-28 10:24:42 - [MESSAGE][PASSED] - Object: 'Object Repository/HealthpostToStore/Page_HealthPost Store/button_Add' is clicked on

2018-05-28 10:24:42 - [TEST_STEP][PASSED] - selectOptionByIndex: All options with index in [1] are selected on object 'Object Repository/HealthpostToStore/Page_HealthPost Store/select_--Select--Schedule 1Inj'

2018-05-28 10:24:42 - [MESSAGE][PASSED] - All options with index in [1] are selected on object 'Object Repository/HealthpostToStore/Page_HealthPost Store/select_--Select--Schedule 1Inj'

2018-05-28 10:24:42 - [TEST_STEP][PASSED] - delay: Delayed 1 second(s)

2018-05-28 10:24:43 - [MESSAGE][PASSED] - Delayed 1 second(s)

2018-05-28 10:24:43 - [TEST_STEP][PASSED] - selectOptionByIndex: All options with index in [33] are selected on object 'Object Repository/HealthpostToStore/Page_HealthPost Store/select_--Select--Adernaline 0.'

2018-05-28 10:24:43 - [MESSAGE][PASSED] - All options with index in [33] are selected on object 'Object Repository/HealthpostToStore/Page_HealthPost Store/select_--Select--Adernaline 0.'

2018-05-28 10:24:43 - [TEST_STEP][PASSED] - setText: Text '10' is set on object 'Object Repository/HealthpostToStore/Page_HealthPost Store/input_txttreat'

2018-05-28 10:24:44 - [MESSAGE][PASSED] - Text '10' is set on object 'Object Repository/HealthpostToStore/Page_HealthPost Store/input_txttreat'

2018-05-28 10:24:44 - [TEST_STEP][PASSED] - click: Object: 'Object Repository/HealthpostToStore/Page_HealthPost Store/button_Add' is clicked on

2018-05-28 10:24:44 - [MESSAGE][PASSED] - Object: 'Object Repository/HealthpostToStore/Page_HealthPost Store/button_Add' is clicked on

2018-05-28 10:24:44 - [TEST_STEP][PASSED] - selectOptionByIndex: All options with index in [1] are selected on object 'Object Repository/HealthpostToStore/Page_HealthPost Store/select_--Select--Schedule 1Inj'

2018-05-28 10:24:44 - [MESSAGE][PASSED] - All options with index in [1] are selected on object 'Object Repository/HealthpostToStore/Page_HealthPost Store/select_--Select--Schedule 1Inj'

2018-05-28 10:24:44 - [TEST_STEP][PASSED] - delay: Delayed 1 second(s)

2018-05-28 10:24:45 - [MESSAGE][PASSED] - Delayed 1 second(s)

2018-05-28 10:24:45 - [TEST_STEP][PASSED] - selectOptionByIndex: All options with index in [34] are selected on object 'Object Repository/HealthpostToStore/Page_HealthPost Store/select_--Select--Adernaline 0.'

2018-05-28 10:24:45 - [MESSAGE][PASSED] - All options with index in [34] are selected on object 'Object Repository/HealthpostToStore/Page_HealthPost Store/select_--Select--Adernaline 0.'

2018-05-28 10:24:45 - [TEST_STEP][PASSED] - setText: Text '10' is set on object 'Object Repository/HealthpostToStore/Page_HealthPost Store/input_txttreat'

2018-05-28 10:24:45 - [MESSAGE][PASSED] - Text '10' is set on object 'Object Repository/HealthpostToStore/Page_HealthPost Store/input_txttreat'

2018-05-28 10:24:45 - [TEST_STEP][PASSED] - click: Object: 'Object Repository/HealthpostToStore/Page_HealthPost Store/button_Add' is clicked on

2018-05-28 10:24:46 - [MESSAGE][PASSED] - Object: 'Object Repository/HealthpostToStore/Page_HealthPost Store/button_Add' is clicked on

2018-05-28 10:24:46 - [TEST_STEP][PASSED] - selectOptionByIndex: All options with index in [1] are selected on object 'Object Repository/HealthpostToStore/Page_HealthPost Store/select_--Select--Schedule 1Inj'

2018-05-28 10:24:46 - [MESSAGE][PASSED] - All options with index in [1] are selected on object 'Object Repository/HealthpostToStore/Page_HealthPost Store/select_--Select--Schedule 1Inj'

2018-05-28 10:24:46 - [TEST_STEP][PASSED] - delay: Delayed 1 second(s)

2018-05-28 10:24:47 - [MESSAGE][PASSED] - Delayed 1 second(s)

2018-05-28 10:24:47 - [TEST_STEP][PASSED] - selectOptionByIndex: All options with index in [35] are selected on object 'Object Repository/HealthpostToStore/Page_HealthPost Store/select_--Select--Adernaline 0.'

2018-05-28 10:24:47 - [MESSAGE][PASSED] - All options with index in [35] are selected on object 'Object Repository/HealthpostToStore/Page_HealthPost Store/select_--Select--Adernaline 0.'

2018-05-28 10:24:47 - [TEST_STEP][PASSED] - setText: Text '10' is set on object 'Object Repository/HealthpostToStore/Page_HealthPost Store/input_txttreat'

2018-05-28 10:24:47 - [MESSAGE][PASSED] - Text '10' is set on object 'Object Repository/HealthpostToStore/Page_HealthPost Store/input_txttreat'

2018-05-28 10:24:47 - [TEST_STEP][PASSED] - click: Object: 'Object Repository/HealthpostToStore/Page_HealthPost Store/button_Add' is clicked on

2018-05-28 10:24:47 - [MESSAGE][PASSED] - Object: 'Object Repository/HealthpostToStore/Page_HealthPost Store/button_Add' is clicked on

2018-05-28 10:24:47 - [TEST_STEP][PASSED] - selectOptionByIndex: All options with index in [1] are selected on object 'Object Repository/HealthpostToStore/Page_HealthPost Store/select_--Select--Schedule 1Inj'

2018-05-28 10:24:47 - [MESSAGE][PASSED] - All options with index in [1] are selected on object 'Object Repository/HealthpostToStore/Page_HealthPost Store/select_--Select--Schedule 1Inj'

2018-05-28 10:24:47 - [TEST_STEP][PASSED] - delay: Delayed 1 second(s)

2018-05-28 10:24:48 - [MESSAGE][PASSED] - Delayed 1 second(s)

2018-05-28 10:24:48 - [TEST_STEP][PASSED] - selectOptionByIndex: All options with index in [36] are selected on object 'Object Repository/HealthpostToStore/Page_HealthPost Store/select_--Select--Adernaline 0.'

2018-05-28 10:24:49 - [MESSAGE][PASSED] - All options with index in [36] are selected on object 'Object Repository/HealthpostToStore/Page_HealthPost Store/select_--Select--Adernaline 0.'

2018-05-28 10:24:49 - [TEST_STEP][PASSED] - setText: Text '10' is set on object 'Object Repository/HealthpostToStore/Page_HealthPost Store/input_txttreat'

2018-05-28 10:24:49 - [MESSAGE][PASSED] - Text '10' is set on object 'Object Repository/HealthpostToStore/Page_HealthPost Store/input_txttreat'

2018-05-28 10:24:49 - [TEST_STEP][PASSED] - click: Object: 'Object Repository/HealthpostToStore/Page_HealthPost Store/button_Add' is clicked on

2018-05-28 10:24:49 - [MESSAGE][PASSED] - Object: 'Object Repository/HealthpostToStore/Page_HealthPost Store/button_Add' is clicked on

2018-05-28 10:24:49 - [TEST_STEP][PASSED] - selectOptionByIndex: All options with index in [1] are selected on object 'Object Repository/HealthpostToStore/Page_HealthPost Store/select_--Select--Schedule 1Inj'

2018-05-28 10:24:49 - [MESSAGE][PASSED] - All options with index in [1] are selected on object 'Object Repository/HealthpostToStore/Page_HealthPost Store/select_--Select--Schedule 1Inj'

2018-05-28 10:24:49 - [TEST_STEP][PASSED] - delay: Delayed 1 second(s)

2018-05-28 10:24:50 - [MESSAGE][PASSED] - Delayed 1 second(s)

2018-05-28 10:24:50 - [TEST_STEP][PASSED] - selectOptionByIndex: All options with index in [37] are selected on object 'Object Repository/HealthpostToStore/Page_HealthPost Store/select_--Select--Adernaline 0.'

2018-05-28 10:24:51 - [MESSAGE][PASSED] - All options with index in [37] are selected on object 'Object Repository/HealthpostToStore/Page_HealthPost Store/select_--Select--Adernaline 0.'

2018-05-28 10:24:51 - [TEST_STEP][PASSED] - setText: Text '10' is set on object 'Object Repository/HealthpostToStore/Page_HealthPost Store/input_txttreat'

2018-05-28 10:24:51 - [MESSAGE][PASSED] - Text '10' is set on object 'Object Repository/HealthpostToStore/Page_HealthPost Store/input_txttreat'

2018-05-28 10:24:51 - [TEST_STEP][PASSED] - click: Object: 'Object Repository/HealthpostToStore/Page_HealthPost Store/button_Add' is clicked on

2018-05-28 10:24:51 - [MESSAGE][PASSED] - Object: 'Object Repository/HealthpostToStore/Page_HealthPost Store/button_Add' is clicked on

2018-05-28 10:24:51 - [TEST_STEP][PASSED] - selectOptionByIndex: All options with index in [1] are selected on object 'Object Repository/HealthpostToStore/Page_HealthPost Store/select_--Select--Schedule 1Inj'

2018-05-28 10:24:51 - [MESSAGE][PASSED] - All options with index in [1] are selected on object 'Object Repository/HealthpostToStore/Page_HealthPost Store/select_--Select--Schedule 1Inj'

2018-05-28 10:24:51 - [TEST_STEP][PASSED] - delay: Delayed 1 second(s)

2018-05-28 10:24:52 - [MESSAGE][PASSED] - Delayed 1 second(s)

2018-05-28 10:24:52 - [TEST_STEP][PASSED] - selectOptionByIndex: All options with index in [38] are selected on object 'Object Repository/HealthpostToStore/Page_HealthPost Store/select_--Select--Adernaline 0.'

2018-05-28 10:24:53 - [MESSAGE][PASSED] - All options with index in [38] are selected on object 'Object Repository/HealthpostToStore/Page_HealthPost Store/select_--Select--Adernaline 0.'

2018-05-28 10:24:53 - [TEST_STEP][PASSED] - setText: Text '10' is set on object 'Object Repository/HealthpostToStore/Page_HealthPost Store/input_txttreat'

2018-05-28 10:24:53 - [MESSAGE][PASSED] - Text '10' is set on object 'Object Repository/HealthpostToStore/Page_HealthPost Store/input_txttreat'

2018-05-28 10:24:53 - [TEST_STEP][PASSED] - click: Object: 'Object Repository/HealthpostToStore/Page_HealthPost Store/button_Add' is clicked on

2018-05-28 10:24:53 - [MESSAGE][PASSED] - Object: 'Object Repository/HealthpostToStore/Page_HealthPost Store/button_Add' is clicked on

2018-05-28 10:24:53 - [TEST_STEP][PASSED] - selectOptionByIndex: All options with index in [1] are selected on object 'Object Repository/HealthpostToStore/Page_HealthPost Store/select_--Select--Schedule 1Inj'

2018-05-28 10:24:53 - [MESSAGE][PASSED] - All options with index in [1] are selected on object 'Object Repository/HealthpostToStore/Page_HealthPost Store/select_--Select--Schedule 1Inj'

2018-05-28 10:24:53 - [TEST_STEP][PASSED] - delay: Delayed 1 second(s)

2018-05-28 10:24:54 - [MESSAGE][PASSED] - Delayed 1 second(s)

2018-05-28 10:24:54 - [TEST_STEP][PASSED] - selectOptionByIndex: All options with index in [39] are selected on object 'Object Repository/HealthpostToStore/Page_HealthPost Store/select_--Select--Adernaline 0.'

2018-05-28 10:24:54 - [MESSAGE][PASSED] - All options with index in [39] are selected on object 'Object Repository/HealthpostToStore/Page_HealthPost Store/select_--Select--Adernaline 0.'

2018-05-28 10:24:54 - [TEST_STEP][PASSED] - setText: Text '10' is set on object 'Object Repository/HealthpostToStore/Page_HealthPost Store/input_txttreat'

2018-05-28 10:24:54 - [MESSAGE][PASSED] - Text '10' is set on object 'Object Repository/HealthpostToStore/Page_HealthPost Store/input_txttreat'

2018-05-28 10:24:54 - [TEST_STEP][PASSED] - click: Object: 'Object Repository/HealthpostToStore/Page_HealthPost Store/button_Add' is clicked on

2018-05-28 10:24:55 - [MESSAGE][PASSED] - Object: 'Object Repository/HealthpostToStore/Page_HealthPost Store/button_Add' is clicked on

2018-05-28 10:24:55 - [TEST_STEP][PASSED] - selectOptionByIndex: All options with index in [1] are selected on object 'Object Repository/HealthpostToStore/Page_HealthPost Store/select_--Select--Schedule 1Inj'

2018-05-28 10:24:55 - [MESSAGE][PASSED] - All options with index in [1] are selected on object 'Object Repository/HealthpostToStore/Page_HealthPost Store/select_--Select--Schedule 1Inj'

2018-05-28 10:24:55 - [TEST_STEP][PASSED] - delay: Delayed 1 second(s)

2018-05-28 10:24:56 - [MESSAGE][PASSED] - Delayed 1 second(s)

2018-05-28 10:24:56 - [TEST_STEP][PASSED] - selectOptionByIndex: All options with index in [40] are selected on object 'Object Repository/HealthpostToStore/Page_HealthPost Store/select_--Select--Adernaline 0.'

2018-05-28 10:24:56 - [MESSAGE][PASSED] - All options with index in [40] are selected on object 'Object Repository/HealthpostToStore/Page_HealthPost Store/select_--Select--Adernaline 0.'

2018-05-28 10:24:56 - [TEST_STEP][PASSED] - setText: Text '10' is set on object 'Object Repository/HealthpostToStore/Page_HealthPost Store/input_txttreat'

2018-05-28 10:24:56 - [MESSAGE][PASSED] - Text '10' is set on object 'Object Repository/HealthpostToStore/Page_HealthPost Store/input_txttreat'

2018-05-28 10:24:56 - [TEST_STEP][PASSED] - click: Object: 'Object Repository/HealthpostToStore/Page_HealthPost Store/button_Add' is clicked on

2018-05-28 10:24:56 - [MESSAGE][PASSED] - Object: 'Object Repository/HealthpostToStore/Page_HealthPost Store/button_Add' is clicked on

2018-05-28 10:24:56 - [TEST_STEP][PASSED] - selectOptionByIndex: All options with index in [1] are selected on object 'Object Repository/HealthpostToStore/Page_HealthPost Store/select_--Select--Schedule 1Inj'

2018-05-28 10:24:57 - [MESSAGE][PASSED] - All options with index in [1] are selected on object 'Object Repository/HealthpostToStore/Page_HealthPost Store/select_--Select--Schedule 1Inj'

2018-05-28 10:24:57 - [TEST_STEP][PASSED] - delay: Delayed 1 second(s)

2018-05-28 10:24:58 - [MESSAGE][PASSED] - Delayed 1 second(s)

2018-05-28 10:24:58 - [TEST_STEP][PASSED] - selectOptionByIndex: All options with index in [41] are selected on object 'Object Repository/HealthpostToStore/Page_HealthPost Store/select_--Select--Adernaline 0.'

2018-05-28 10:24:58 - [MESSAGE][PASSED] - All options with index in [41] are selected on object 'Object Repository/HealthpostToStore/Page_HealthPost Store/select_--Select--Adernaline 0.'

2018-05-28 10:24:58 - [TEST_STEP][PASSED] - setText: Text '10' is set on object 'Object Repository/HealthpostToStore/Page_HealthPost Store/input_txttreat'

2018-05-28 10:24:58 - [MESSAGE][PASSED] - Text '10' is set on object 'Object Repository/HealthpostToStore/Page_HealthPost Store/input_txttreat'

2018-05-28 10:24:58 - [TEST_STEP][PASSED] - click: Object: 'Object Repository/HealthpostToStore/Page_HealthPost Store/button_Add' is clicked on

2018-05-28 10:24:58 - [MESSAGE][PASSED] - Object: 'Object Repository/HealthpostToStore/Page_HealthPost Store/button_Add' is clicked on

2018-05-28 10:24:58 - [TEST_STEP][PASSED] - selectOptionByIndex: All options with index in [1] are selected on object 'Object Repository/HealthpostToStore/Page_HealthPost Store/select_--Select--Schedule 1Inj'

2018-05-28 10:24:58 - [MESSAGE][PASSED] - All options with index in [1] are selected on object 'Object Repository/HealthpostToStore/Page_HealthPost Store/select_--Select--Schedule 1Inj'

2018-05-28 10:24:58 - [TEST_STEP][PASSED] - delay: Delayed 1 second(s)

2018-05-28 10:24:59 - [MESSAGE][PASSED] - Delayed 1 second(s)

2018-05-28 10:24:59 - [TEST_STEP][PASSED] - selectOptionByIndex: All options with index in [42] are selected on object 'Object Repository/HealthpostToStore/Page_HealthPost Store/select_--Select--Adernaline 0.'

2018-05-28 10:25:00 - [MESSAGE][PASSED] - All options with index in [42] are selected on object 'Object Repository/HealthpostToStore/Page_HealthPost Store/select_--Select--Adernaline 0.'

2018-05-28 10:25:00 - [TEST_STEP][PASSED] - setText: Text '10' is set on object 'Object Repository/HealthpostToStore/Page_HealthPost Store/input_txttreat'

2018-05-28 10:25:00 - [MESSAGE][PASSED] - Text '10' is set on object 'Object Repository/HealthpostToStore/Page_HealthPost Store/input_txttreat'

2018-05-28 10:25:00 - [TEST_STEP][PASSED] - click: Object: 'Object Repository/HealthpostToStore/Page_HealthPost Store/button_Add' is clicked on

2018-05-28 10:25:00 - [MESSAGE][PASSED] - Object: 'Object Repository/HealthpostToStore/Page_HealthPost Store/button_Add' is clicked on

2018-05-28 10:25:00 - [TEST_STEP][PASSED] - selectOptionByIndex: All options with index in [1] are selected on object 'Object Repository/HealthpostToStore/Page_HealthPost Store/select_--Select--Schedule 1Inj'

2018-05-28 10:25:00 - [MESSAGE][PASSED] - All options with index in [1] are selected on object 'Object Repository/HealthpostToStore/Page_HealthPost Store/select_--Select--Schedule 1Inj'

2018-05-28 10:25:00 - [TEST_STEP][PASSED] - delay: Delayed 1 second(s)

2018-05-28 10:25:01 - [MESSAGE][PASSED] - Delayed 1 second(s)

2018-05-28 10:25:01 - [TEST_STEP][PASSED] - selectOptionByIndex: All options with index in [43] are selected on object 'Object Repository/HealthpostToStore/Page_HealthPost Store/select_--Select--Adernaline 0.'

2018-05-28 10:25:02 - [MESSAGE][PASSED] - All options with index in [43] are selected on object 'Object Repository/HealthpostToStore/Page_HealthPost Store/select_--Select--Adernaline 0.'

2018-05-28 10:25:02 - [TEST_STEP][PASSED] - setText: Text '10' is set on object 'Object Repository/HealthpostToStore/Page_HealthPost Store/input_txttreat'

2018-05-28 10:25:02 - [MESSAGE][PASSED] - Text '10' is set on object 'Object Repository/HealthpostToStore/Page_HealthPost Store/input_txttreat'

2018-05-28 10:25:02 - [TEST_STEP][PASSED] - click: Object: 'Object Repository/HealthpostToStore/Page_HealthPost Store/button_Add' is clicked on

2018-05-28 10:25:02 - [MESSAGE][PASSED] - Object: 'Object Repository/HealthpostToStore/Page_HealthPost Store/button_Add' is clicked on

2018-05-28 10:25:02 - [TEST_STEP][PASSED] - selectOptionByIndex: All options with index in [1] are selected on object 'Object Repository/HealthpostToStore/Page_HealthPost Store/select_--Select--Schedule 1Inj'

2018-05-28 10:25:02 - [MESSAGE][PASSED] - All options with index in [1] are selected on object 'Object Repository/HealthpostToStore/Page_HealthPost Store/select_--Select--Schedule 1Inj'

2018-05-28 10:25:02 - [TEST_STEP][PASSED] - delay: Delayed 1 second(s)

2018-05-28 10:25:03 - [MESSAGE][PASSED] - Delayed 1 second(s)

2018-05-28 10:25:03 - [TEST_STEP][PASSED] - selectOptionByIndex: All options with index in [44] are selected on object 'Object Repository/HealthpostToStore/Page_HealthPost Store/select_--Select--Adernaline 0.'

2018-05-28 10:25:04 - [MESSAGE][PASSED] - All options with index in [44] are selected on object 'Object Repository/HealthpostToStore/Page_HealthPost Store/select_--Select--Adernaline 0.'

2018-05-28 10:25:04 - [TEST_STEP][PASSED] - setText: Text '10' is set on object 'Object Repository/HealthpostToStore/Page_HealthPost Store/input_txttreat'

2018-05-28 10:25:04 - [MESSAGE][PASSED] - Text '10' is set on object 'Object Repository/HealthpostToStore/Page_HealthPost Store/input_txttreat'

2018-05-28 10:25:04 - [TEST_STEP][PASSED] - click: Object: 'Object Repository/HealthpostToStore/Page_HealthPost Store/button_Add' is clicked on

2018-05-28 10:25:04 - [MESSAGE][PASSED] - Object: 'Object Repository/HealthpostToStore/Page_HealthPost Store/button_Add' is clicked on

2018-05-28 10:25:04 - [TEST_STEP][PASSED] - selectOptionByIndex: All options with index in [1] are selected on object 'Object Repository/HealthpostToStore/Page_HealthPost Store/select_--Select--Schedule 1Inj'

2018-05-28 10:25:04 - [MESSAGE][PASSED] - All options with index in [1] are selected on object 'Object Repository/HealthpostToStore/Page_HealthPost Store/select_--Select--Schedule 1Inj'

2018-05-28 10:25:04 - [TEST_STEP][PASSED] - delay: Delayed 1 second(s)

2018-05-28 10:25:05 - [MESSAGE][PASSED] - Delayed 1 second(s)

2018-05-28 10:25:05 - [TEST_STEP][PASSED] - selectOptionByIndex: All options with index in [45] are selected on object 'Object Repository/HealthpostToStore/Page_HealthPost Store/select_--Select--Adernaline 0.'

2018-05-28 10:25:06 - [MESSAGE][PASSED] - All options with index in [45] are selected on object 'Object Repository/HealthpostToStore/Page_HealthPost Store/select_--Select--Adernaline 0.'

2018-05-28 10:25:06 - [TEST_STEP][PASSED] - setText: Text '10' is set on object 'Object Repository/HealthpostToStore/Page_HealthPost Store/input_txttreat'

2018-05-28 10:25:06 - [MESSAGE][PASSED] - Text '10' is set on object 'Object Repository/HealthpostToStore/Page_HealthPost Store/input_txttreat'

2018-05-28 10:25:06 - [TEST_STEP][PASSED] - click: Object: 'Object Repository/HealthpostToStore/Page_HealthPost Store/button_Add' is clicked on

2018-05-28 10:25:06 - [MESSAGE][PASSED] - Object: 'Object Repository/HealthpostToStore/Page_HealthPost Store/button_Add' is clicked on

2018-05-28 10:25:06 - [TEST_STEP][PASSED] - selectOptionByIndex: All options with index in [1] are selected on object 'Object Repository/HealthpostToStore/Page_HealthPost Store/select_--Select--Schedule 1Inj'

2018-05-28 10:25:06 - [MESSAGE][PASSED] - All options with index in [1] are selected on object 'Object Repository/HealthpostToStore/Page_HealthPost Store/select_--Select--Schedule 1Inj'

2018-05-28 10:25:06 - [TEST_STEP][PASSED] - delay: Delayed 1 second(s)

2018-05-28 10:25:07 - [MESSAGE][PASSED] - Delayed 1 second(s)

2018-05-28 10:25:07 - [TEST_STEP][PASSED] - selectOptionByIndex: All options with index in [46] are selected on object 'Object Repository/HealthpostToStore/Page_HealthPost Store/select_--Select--Adernaline 0.'

2018-05-28 10:25:08 - [MESSAGE][PASSED] - All options with index in [46] are selected on object 'Object Repository/HealthpostToStore/Page_HealthPost Store/select_--Select--Adernaline 0.'

2018-05-28 10:25:08 - [TEST_STEP][PASSED] - setText: Text '10' is set on object 'Object Repository/HealthpostToStore/Page_HealthPost Store/input_txttreat'

2018-05-28 10:25:08 - [MESSAGE][PASSED] - Text '10' is set on object 'Object Repository/HealthpostToStore/Page_HealthPost Store/input_txttreat'

2018-05-28 10:25:08 - [TEST_STEP][PASSED] - click: Object: 'Object Repository/HealthpostToStore/Page_HealthPost Store/button_Add' is clicked on

2018-05-28 10:25:08 - [MESSAGE][PASSED] - Object: 'Object Repository/HealthpostToStore/Page_HealthPost Store/button_Add' is clicked on

2018-05-28 10:25:08 - [TEST_STEP][PASSED] - selectOptionByIndex: All options with index in [1] are selected on object 'Object Repository/HealthpostToStore/Page_HealthPost Store/select_--Select--Schedule 1Inj'

2018-05-28 10:25:08 - [MESSAGE][PASSED] - All options with index in [1] are selected on object 'Object Repository/HealthpostToStore/Page_HealthPost Store/select_--Select--Schedule 1Inj'

2018-05-28 10:25:08 - [TEST_STEP][PASSED] - delay: Delayed 1 second(s)

2018-05-28 10:25:09 - [MESSAGE][PASSED] - Delayed 1 second(s)

2018-05-28 10:25:09 - [TEST_STEP][PASSED] - selectOptionByIndex: All options with index in [47] are selected on object 'Object Repository/HealthpostToStore/Page_HealthPost Store/select_--Select--Adernaline 0.'

2018-05-28 10:25:10 - [MESSAGE][PASSED] - All options with index in [47] are selected on object 'Object Repository/HealthpostToStore/Page_HealthPost Store/select_--Select--Adernaline 0.'

2018-05-28 10:25:10 - [TEST_STEP][PASSED] - setText: Text '10' is set on object 'Object Repository/HealthpostToStore/Page_HealthPost Store/input_txttreat'

2018-05-28 10:25:10 - [MESSAGE][PASSED] - Text '10' is set on object 'Object Repository/HealthpostToStore/Page_HealthPost Store/input_txttreat'

2018-05-28 10:25:10 - [TEST_STEP][PASSED] - click: Object: 'Object Repository/HealthpostToStore/Page_HealthPost Store/button_Add' is clicked on

2018-05-28 10:25:10 - [MESSAGE][PASSED] - Object: 'Object Repository/HealthpostToStore/Page_HealthPost Store/button_Add' is clicked on

2018-05-28 10:25:10 - [TEST_STEP][PASSED] - selectOptionByIndex: All options with index in [1] are selected on object 'Object Repository/HealthpostToStore/Page_HealthPost Store/select_--Select--Schedule 1Inj'

2018-05-28 10:25:10 - [MESSAGE][PASSED] - All options with index in [1] are selected on object 'Object Repository/HealthpostToStore/Page_HealthPost Store/select_--Select--Schedule 1Inj'

2018-05-28 10:25:10 - [TEST_STEP][PASSED] - delay: Delayed 1 second(s)

2018-05-28 10:25:11 - [MESSAGE][PASSED] - Delayed 1 second(s)

2018-05-28 10:25:11 - [TEST_STEP][PASSED] - selectOptionByIndex: All options with index in [48] are selected on object 'Object Repository/HealthpostToStore/Page_HealthPost Store/select_--Select--Adernaline 0.'

2018-05-28 10:25:12 - [MESSAGE][PASSED] - All options with index in [48] are selected on object 'Object Repository/HealthpostToStore/Page_HealthPost Store/select_--Select--Adernaline 0.'

2018-05-28 10:25:12 - [TEST_STEP][PASSED] - setText: Text '10' is set on object 'Object Repository/HealthpostToStore/Page_HealthPost Store/input_txttreat'

2018-05-28 10:25:12 - [MESSAGE][PASSED] - Text '10' is set on object 'Object Repository/HealthpostToStore/Page_HealthPost Store/input_txttreat'

2018-05-28 10:25:12 - [TEST_STEP][PASSED] - click: Object: 'Object Repository/HealthpostToStore/Page_HealthPost Store/button_Add' is clicked on

2018-05-28 10:25:12 - [MESSAGE][PASSED] - Object: 'Object Repository/HealthpostToStore/Page_HealthPost Store/button_Add' is clicked on

2018-05-28 10:25:12 - [TEST_STEP][PASSED] - selectOptionByIndex: All options with index in [1] are selected on object 'Object Repository/HealthpostToStore/Page_HealthPost Store/select_--Select--Schedule 1Inj'

2018-05-28 10:25:12 - [MESSAGE][PASSED] - All options with index in [1] are selected on object 'Object Repository/HealthpostToStore/Page_HealthPost Store/select_--Select--Schedule 1Inj'

2018-05-28 10:25:12 - [TEST_STEP][PASSED] - delay: Delayed 1 second(s)

2018-05-28 10:25:13 - [MESSAGE][PASSED] - Delayed 1 second(s)

2018-05-28 10:25:13 - [TEST_STEP][PASSED] - selectOptionByIndex: All options with index in [49] are selected on object 'Object Repository/HealthpostToStore/Page_HealthPost Store/select_--Select--Adernaline 0.'

2018-05-28 10:25:14 - [MESSAGE][PASSED] - All options with index in [49] are selected on object 'Object Repository/HealthpostToStore/Page_HealthPost Store/select_--Select--Adernaline 0.'

2018-05-28 10:25:14 - [TEST_STEP][PASSED] - setText: Text '10' is set on object 'Object Repository/HealthpostToStore/Page_HealthPost Store/input_txttreat'

2018-05-28 10:25:14 - [MESSAGE][PASSED] - Text '10' is set on object 'Object Repository/HealthpostToStore/Page_HealthPost Store/input_txttreat'

2018-05-28 10:25:14 - [TEST_STEP][PASSED] - click: Object: 'Object Repository/HealthpostToStore/Page_HealthPost Store/button_Add' is clicked on

2018-05-28 10:25:14 - [MESSAGE][PASSED] - Object: 'Object Repository/HealthpostToStore/Page_HealthPost Store/button_Add' is clicked on

2018-05-28 10:25:14 - [TEST_STEP][PASSED] - selectOptionByIndex: All options with index in [1] are selected on object 'Object Repository/HealthpostToStore/Page_HealthPost Store/select_--Select--Schedule 1Inj'

2018-05-28 10:25:14 - [MESSAGE][PASSED] - All options with index in [1] are selected on object 'Object Repository/HealthpostToStore/Page_HealthPost Store/select_--Select--Schedule 1Inj'

2018-05-28 10:25:14 - [TEST_STEP][PASSED] - delay: Delayed 1 second(s)

2018-05-28 10:25:15 - [MESSAGE][PASSED] - Delayed 1 second(s)

2018-05-28 10:25:15 - [TEST_STEP][PASSED] - selectOptionByIndex: All options with index in [50] are selected on object 'Object Repository/HealthpostToStore/Page_HealthPost Store/select_--Select--Adernaline 0.'

2018-05-28 10:25:16 - [MESSAGE][PASSED] - All options with index in [50] are selected on object 'Object Repository/HealthpostToStore/Page_HealthPost Store/select_--Select--Adernaline 0.'

2018-05-28 10:25:16 - [TEST_STEP][PASSED] - setText: Text '10' is set on object 'Object Repository/HealthpostToStore/Page_HealthPost Store/input_txttreat'

2018-05-28 10:25:16 - [MESSAGE][PASSED] - Text '10' is set on object 'Object Repository/HealthpostToStore/Page_HealthPost Store/input_txttreat'

2018-05-28 10:25:16 - [TEST_STEP][PASSED] - click: Object: 'Object Repository/HealthpostToStore/Page_HealthPost Store/button_Add' is clicked on

2018-05-28 10:25:16 - [MESSAGE][PASSED] - Object: 'Object Repository/HealthpostToStore/Page_HealthPost Store/button_Add' is clicked on

2018-05-28 10:25:16 - [TEST_STEP][PASSED] - selectOptionByIndex: All options with index in [1] are selected on object 'Object Repository/HealthpostToStore/Page_HealthPost Store/select_--Select--Schedule 1Inj'

2018-05-28 10:25:16 - [MESSAGE][PASSED] - All options with index in [1] are selected on object 'Object Repository/HealthpostToStore/Page_HealthPost Store/select_--Select--Schedule 1Inj'

2018-05-28 10:25:16 - [TEST_STEP][PASSED] - delay: Delayed 1 second(s)

2018-05-28 10:25:17 - [MESSAGE][PASSED] - Delayed 1 second(s)

2018-05-28 10:25:17 - [TEST_STEP][PASSED] - selectOptionByIndex: All options with index in [51] are selected on object 'Object Repository/HealthpostToStore/Page_HealthPost Store/select_--Select--Adernaline 0.'

2018-05-28 10:25:18 - [MESSAGE][PASSED] - All options with index in [51] are selected on object 'Object Repository/HealthpostToStore/Page_HealthPost Store/select_--Select--Adernaline 0.'

2018-05-28 10:25:18 - [TEST_STEP][PASSED] - setText: Text '10' is set on object 'Object Repository/HealthpostToStore/Page_HealthPost Store/input_txttreat'

2018-05-28 10:25:18 - [MESSAGE][PASSED] - Text '10' is set on object 'Object Repository/HealthpostToStore/Page_HealthPost Store/input_txttreat'

2018-05-28 10:25:18 - [TEST_STEP][PASSED] - click: Object: 'Object Repository/HealthpostToStore/Page_HealthPost Store/button_Add' is clicked on

2018-05-28 10:25:18 - [MESSAGE][PASSED] - Object: 'Object Repository/HealthpostToStore/Page_HealthPost Store/button_Add' is clicked on

2018-05-28 10:25:18 - [TEST_STEP][PASSED] - selectOptionByIndex: All options with index in [1] are selected on object 'Object Repository/HealthpostToStore/Page_HealthPost Store/select_--Select--Schedule 1Inj'

2018-05-28 10:25:19 - [MESSAGE][PASSED] - All options with index in [1] are selected on object 'Object Repository/HealthpostToStore/Page_HealthPost Store/select_--Select--Schedule 1Inj'

2018-05-28 10:25:19 - [TEST_STEP][PASSED] - delay: Delayed 1 second(s)

2018-05-28 10:25:20 - [MESSAGE][PASSED] - Delayed 1 second(s)

2018-05-28 10:25:20 - [TEST_STEP][PASSED] - selectOptionByIndex: All options with index in [52] are selected on object 'Object Repository/HealthpostToStore/Page_HealthPost Store/select_--Select--Adernaline 0.'

2018-05-28 10:25:20 - [MESSAGE][PASSED] - All options with index in [52] are selected on object 'Object Repository/HealthpostToStore/Page_HealthPost Store/select_--Select--Adernaline 0.'

2018-05-28 10:25:20 - [TEST_STEP][PASSED] - setText: Text '10' is set on object 'Object Repository/HealthpostToStore/Page_HealthPost Store/input_txttreat'

2018-05-28 10:25:20 - [MESSAGE][PASSED] - Text '10' is set on object 'Object Repository/HealthpostToStore/Page_HealthPost Store/input_txttreat'

2018-05-28 10:25:20 - [TEST_STEP][PASSED] - click: Object: 'Object Repository/HealthpostToStore/Page_HealthPost Store/button_Add' is clicked on

2018-05-28 10:25:20 - [MESSAGE][PASSED] - Object: 'Object Repository/HealthpostToStore/Page_HealthPost Store/button_Add' is clicked on

2018-05-28 10:25:20 - [TEST_STEP][PASSED] - selectOptionByIndex: All options with index in [1] are selected on object 'Object Repository/HealthpostToStore/Page_HealthPost Store/select_--Select--Schedule 1Inj'

2018-05-28 10:25:20 - [MESSAGE][PASSED] - All options with index in [1] are selected on object 'Object Repository/HealthpostToStore/Page_HealthPost Store/select_--Select--Schedule 1Inj'

2018-05-28 10:25:20 - [TEST_STEP][PASSED] - delay: Delayed 1 second(s)

2018-05-28 10:25:21 - [MESSAGE][PASSED] - Delayed 1 second(s)

2018-05-28 10:25:21 - [TEST_STEP][PASSED] - selectOptionByIndex: All options with index in [53] are selected on object 'Object Repository/HealthpostToStore/Page_HealthPost Store/select_--Select--Adernaline 0.'

2018-05-28 10:25:22 - [MESSAGE][PASSED] - All options with index in [53] are selected on object 'Object Repository/HealthpostToStore/Page_HealthPost Store/select_--Select--Adernaline 0.'

2018-05-28 10:25:22 - [TEST_STEP][PASSED] - setText: Text '10' is set on object 'Object Repository/HealthpostToStore/Page_HealthPost Store/input_txttreat'

2018-05-28 10:25:22 - [MESSAGE][PASSED] - Text '10' is set on object 'Object Repository/HealthpostToStore/Page_HealthPost Store/input_txttreat'

2018-05-28 10:25:22 - [TEST_STEP][PASSED] - click: Object: 'Object Repository/HealthpostToStore/Page_HealthPost Store/button_Add' is clicked on

2018-05-28 10:25:22 - [MESSAGE][PASSED] - Object: 'Object Repository/HealthpostToStore/Page_HealthPost Store/button_Add' is clicked on

2018-05-28 10:25:22 - [TEST_STEP][PASSED] - selectOptionByIndex: All options with index in [1] are selected on object 'Object Repository/HealthpostToStore/Page_HealthPost Store/select_--Select--Schedule 1Inj'

2018-05-28 10:25:22 - [MESSAGE][PASSED] - All options with index in [1] are selected on object 'Object Repository/HealthpostToStore/Page_HealthPost Store/select_--Select--Schedule 1Inj'

2018-05-28 10:25:22 - [TEST_STEP][PASSED] - delay: Delayed 1 second(s)

2018-05-28 10:25:23 - [MESSAGE][PASSED] - Delayed 1 second(s)

2018-05-28 10:25:23 - [TEST_STEP][PASSED] - selectOptionByIndex: All options with index in [54] are selected on object 'Object Repository/HealthpostToStore/Page_HealthPost Store/select_--Select--Adernaline 0.'

2018-05-28 10:25:24 - [MESSAGE][PASSED] - All options with index in [54] are selected on object 'Object Repository/HealthpostToStore/Page_HealthPost Store/select_--Select--Adernaline 0.'

2018-05-28 10:25:24 - [TEST_STEP][PASSED] - setText: Text '10' is set on object 'Object Repository/HealthpostToStore/Page_HealthPost Store/input_txttreat'

2018-05-28 10:25:24 - [MESSAGE][PASSED] - Text '10' is set on object 'Object Repository/HealthpostToStore/Page_HealthPost Store/input_txttreat'

2018-05-28 10:25:24 - [TEST_STEP][PASSED] - click: Object: 'Object Repository/HealthpostToStore/Page_HealthPost Store/button_Add' is clicked on

2018-05-28 10:25:24 - [MESSAGE][PASSED] - Object: 'Object Repository/HealthpostToStore/Page_HealthPost Store/button_Add' is clicked on

2018-05-28 10:25:24 - [TEST_STEP][PASSED] - selectOptionByIndex: All options with index in [1] are selected on object 'Object Repository/HealthpostToStore/Page_HealthPost Store/select_--Select--Schedule 1Inj'

2018-05-28 10:25:24 - [MESSAGE][PASSED] - All options with index in [1] are selected on object 'Object Repository/HealthpostToStore/Page_HealthPost Store/select_--Select--Schedule 1Inj'

2018-05-28 10:25:24 - [TEST_STEP][PASSED] - delay: Delayed 1 second(s)

2018-05-28 10:25:25 - [MESSAGE][PASSED] - Delayed 1 second(s)

2018-05-28 10:25:25 - [TEST_STEP][PASSED] - selectOptionByIndex: All options with index in [55] are selected on object 'Object Repository/HealthpostToStore/Page_HealthPost Store/select_--Select--Adernaline 0.'

2018-05-28 10:25:26 - [MESSAGE][PASSED] - All options with index in [55] are selected on object 'Object Repository/HealthpostToStore/Page_HealthPost Store/select_--Select--Adernaline 0.'

2018-05-28 10:25:26 - [TEST_STEP][PASSED] - setText: Text '10' is set on object 'Object Repository/HealthpostToStore/Page_HealthPost Store/input_txttreat'

2018-05-28 10:25:26 - [MESSAGE][PASSED] - Text '10' is set on object 'Object Repository/HealthpostToStore/Page_HealthPost Store/input_txttreat'

2018-05-28 10:25:26 - [TEST_STEP][PASSED] - click: Object: 'Object Repository/HealthpostToStore/Page_HealthPost Store/button_Add' is clicked on

2018-05-28 10:25:26 - [MESSAGE][PASSED] - Object: 'Object Repository/HealthpostToStore/Page_HealthPost Store/button_Add' is clicked on

2018-05-28 10:25:26 - [TEST_STEP][PASSED] - selectOptionByIndex: All options with index in [1] are selected on object 'Object Repository/HealthpostToStore/Page_HealthPost Store/select_--Select--Schedule 1Inj'

2018-05-28 10:25:26 - [MESSAGE][PASSED] - All options with index in [1] are selected on object 'Object Repository/HealthpostToStore/Page_HealthPost Store/select_--Select--Schedule 1Inj'

2018-05-28 10:25:26 - [TEST_STEP][PASSED] - delay: Delayed 1 second(s)

2018-05-28 10:25:27 - [MESSAGE][PASSED] - Delayed 1 second(s)

2018-05-28 10:25:27 - [TEST_STEP][PASSED] - selectOptionByIndex: All options with index in [56] are selected on object 'Object Repository/HealthpostToStore/Page_HealthPost Store/select_--Select--Adernaline 0.'

2018-05-28 10:25:28 - [MESSAGE][PASSED] - All options with index in [56] are selected on object 'Object Repository/HealthpostToStore/Page_HealthPost Store/select_--Select--Adernaline 0.'

2018-05-28 10:25:28 - [TEST_STEP][PASSED] - setText: Text '10' is set on object 'Object Repository/HealthpostToStore/Page_HealthPost Store/input_txttreat'

2018-05-28 10:25:28 - [MESSAGE][PASSED] - Text '10' is set on object 'Object Repository/HealthpostToStore/Page_HealthPost Store/input_txttreat'

2018-05-28 10:25:28 - [TEST_STEP][PASSED] - click: Object: 'Object Repository/HealthpostToStore/Page_HealthPost Store/button_Add' is clicked on

2018-05-28 10:25:28 - [MESSAGE][PASSED] - Object: 'Object Repository/HealthpostToStore/Page_HealthPost Store/button_Add' is clicked on

2018-05-28 10:25:28 - [TEST_STEP][PASSED] - selectOptionByIndex: All options with index in [1] are selected on object 'Object Repository/HealthpostToStore/Page_HealthPost Store/select_--Select--Schedule 1Inj'

2018-05-28 10:25:28 - [MESSAGE][PASSED] - All options with index in [1] are selected on object 'Object Repository/HealthpostToStore/Page_HealthPost Store/select_--Select--Schedule 1Inj'

2018-05-28 10:25:28 - [TEST_STEP][PASSED] - delay: Delayed 1 second(s)

2018-05-28 10:25:29 - [MESSAGE][PASSED] - Delayed 1 second(s)

2018-05-28 10:25:29 - [TEST_STEP][PASSED] - selectOptionByIndex: All options with index in [57] are selected on object 'Object Repository/HealthpostToStore/Page_HealthPost Store/select_--Select--Adernaline 0.'

2018-05-28 10:25:30 - [MESSAGE][PASSED] - All options with index in [57] are selected on object 'Object Repository/HealthpostToStore/Page_HealthPost Store/select_--Select--Adernaline 0.'

2018-05-28 10:25:30 - [TEST_STEP][PASSED] - setText: Text '10' is set on object 'Object Repository/HealthpostToStore/Page_HealthPost Store/input_txttreat'

2018-05-28 10:25:30 - [MESSAGE][PASSED] - Text '10' is set on object 'Object Repository/HealthpostToStore/Page_HealthPost Store/input_txttreat'

2018-05-28 10:25:30 - [TEST_STEP][PASSED] - click: Object: 'Object Repository/HealthpostToStore/Page_HealthPost Store/button_Add' is clicked on

2018-05-28 10:25:30 - [MESSAGE][PASSED] - Object: 'Object Repository/HealthpostToStore/Page_HealthPost Store/button_Add' is clicked on

2018-05-28 10:25:30 - [TEST_STEP][PASSED] - selectOptionByIndex: All options with index in [1] are selected on object 'Object Repository/HealthpostToStore/Page_HealthPost Store/select_--Select--Schedule 1Inj'

2018-05-28 10:25:31 - [MESSAGE][PASSED] - All options with index in [1] are selected on object 'Object Repository/HealthpostToStore/Page_HealthPost Store/select_--Select--Schedule 1Inj'

2018-05-28 10:25:31 - [TEST_STEP][PASSED] - delay: Delayed 1 second(s)

2018-05-28 10:25:32 - [MESSAGE][PASSED] - Delayed 1 second(s)

2018-05-28 10:25:32 - [TEST_STEP][PASSED] - selectOptionByIndex: All options with index in [58] are selected on object 'Object Repository/HealthpostToStore/Page_HealthPost Store/select_--Select--Adernaline 0.'

2018-05-28 10:25:32 - [MESSAGE][PASSED] - All options with index in [58] are selected on object 'Object Repository/HealthpostToStore/Page_HealthPost Store/select_--Select--Adernaline 0.'

2018-05-28 10:25:32 - [TEST_STEP][PASSED] - setText: Text '10' is set on object 'Object Repository/HealthpostToStore/Page_HealthPost Store/input_txttreat'

2018-05-28 10:25:32 - [MESSAGE][PASSED] - Text '10' is set on object 'Object Repository/HealthpostToStore/Page_HealthPost Store/input_txttreat'

2018-05-28 10:25:32 - [TEST_STEP][PASSED] - click: Object: 'Object Repository/HealthpostToStore/Page_HealthPost Store/button_Add' is clicked on

2018-05-28 10:25:33 - [MESSAGE][PASSED] - Object: 'Object Repository/HealthpostToStore/Page_HealthPost Store/button_Add' is clicked on

2018-05-28 10:25:33 - [TEST_STEP][PASSED] - selectOptionByIndex: All options with index in [1] are selected on object 'Object Repository/HealthpostToStore/Page_HealthPost Store/select_--Select--Schedule 1Inj'

2018-05-28 10:25:33 - [MESSAGE][PASSED] - All options with index in [1] are selected on object 'Object Repository/HealthpostToStore/Page_HealthPost Store/select_--Select--Schedule 1Inj'

2018-05-28 10:25:33 - [TEST_STEP][PASSED] - delay: Delayed 1 second(s)

2018-05-28 10:25:34 - [MESSAGE][PASSED] - Delayed 1 second(s)

2018-05-28 10:25:34 - [TEST_STEP][PASSED] - selectOptionByIndex: All options with index in [59] are selected on object 'Object Repository/HealthpostToStore/Page_HealthPost Store/select_--Select--Adernaline 0.'

2018-05-28 10:25:34 - [MESSAGE][PASSED] - All options with index in [59] are selected on object 'Object Repository/HealthpostToStore/Page_HealthPost Store/select_--Select--Adernaline 0.'

2018-05-28 10:25:34 - [TEST_STEP][PASSED] - setText: Text '10' is set on object 'Object Repository/HealthpostToStore/Page_HealthPost Store/input_txttreat'

2018-05-28 10:25:35 - [MESSAGE][PASSED] - Text '10' is set on object 'Object Repository/HealthpostToStore/Page_HealthPost Store/input_txttreat'

2018-05-28 10:25:35 - [TEST_STEP][PASSED] - click: Object: 'Object Repository/HealthpostToStore/Page_HealthPost Store/button_Add' is clicked on

2018-05-28 10:25:35 - [MESSAGE][PASSED] - Object: 'Object Repository/HealthpostToStore/Page_HealthPost Store/button_Add' is clicked on

2018-05-28 10:25:35 - [TEST_STEP][PASSED] - selectOptionByIndex: All options with index in [1] are selected on object 'Object Repository/HealthpostToStore/Page_HealthPost Store/select_--Select--Schedule 1Inj'

2018-05-28 10:25:35 - [MESSAGE][PASSED] - All options with index in [1] are selected on object 'Object Repository/HealthpostToStore/Page_HealthPost Store/select_--Select--Schedule 1Inj'

2018-05-28 10:25:35 - [TEST_STEP][PASSED] - delay: Delayed 1 second(s)

2018-05-28 10:25:36 - [MESSAGE][PASSED] - Delayed 1 second(s)

2018-05-28 10:25:36 - [TEST_STEP][PASSED] - selectOptionByIndex: All options with index in [60] are selected on object 'Object Repository/HealthpostToStore/Page_HealthPost Store/select_--Select--Adernaline 0.'

2018-05-28 10:25:37 - [MESSAGE][PASSED] - All options with index in [60] are selected on object 'Object Repository/HealthpostToStore/Page_HealthPost Store/select_--Select--Adernaline 0.'

2018-05-28 10:25:37 - [TEST_STEP][PASSED] - setText: Text '10' is set on object 'Object Repository/HealthpostToStore/Page_HealthPost Store/input_txttreat'

2018-05-28 10:25:37 - [MESSAGE][PASSED] - Text '10' is set on object 'Object Repository/HealthpostToStore/Page_HealthPost Store/input_txttreat'

2018-05-28 10:25:37 - [TEST_STEP][PASSED] - click: Object: 'Object Repository/HealthpostToStore/Page_HealthPost Store/button_Add' is clicked on

2018-05-28 10:25:37 - [MESSAGE][PASSED] - Object: 'Object Repository/HealthpostToStore/Page_HealthPost Store/button_Add' is clicked on

2018-05-28 10:25:37 - [TEST_STEP][PASSED] - selectOptionByIndex: All options with index in [1] are selected on object 'Object Repository/HealthpostToStore/Page_HealthPost Store/select_--Select--Schedule 1Inj'

2018-05-28 10:25:37 - [MESSAGE][PASSED] - All options with index in [1] are selected on object 'Object Repository/HealthpostToStore/Page_HealthPost Store/select_--Select--Schedule 1Inj'

2018-05-28 10:25:37 - [TEST_STEP][PASSED] - delay: Delayed 1 second(s)

2018-05-28 10:25:38 - [MESSAGE][PASSED] - Delayed 1 second(s)

2018-05-28 10:25:38 - [TEST_STEP][PASSED] - selectOptionByIndex: All options with index in [61] are selected on object 'Object Repository/HealthpostToStore/Page_HealthPost Store/select_--Select--Adernaline 0.'

2018-05-28 10:25:39 - [MESSAGE][PASSED] - All options with index in [61] are selected on object 'Object Repository/HealthpostToStore/Page_HealthPost Store/select_--Select--Adernaline 0.'

2018-05-28 10:25:39 - [TEST_STEP][PASSED] - setText: Text '10' is set on object 'Object Repository/HealthpostToStore/Page_HealthPost Store/input_txttreat'

2018-05-28 10:25:39 - [MESSAGE][PASSED] - Text '10' is set on object 'Object Repository/HealthpostToStore/Page_HealthPost Store/input_txttreat'

2018-05-28 10:25:39 - [TEST_STEP][PASSED] - click: Object: 'Object Repository/HealthpostToStore/Page_HealthPost Store/button_Add' is clicked on

2018-05-28 10:25:39 - [MESSAGE][PASSED] - Object: 'Object Repository/HealthpostToStore/Page_HealthPost Store/button_Add' is clicked on

2018-05-28 10:25:39 - [TEST_STEP][PASSED] - selectOptionByIndex: All options with index in [1] are selected on object 'Object Repository/HealthpostToStore/Page_HealthPost Store/select_--Select--Schedule 1Inj'

2018-05-28 10:25:39 - [MESSAGE][PASSED] - All options with index in [1] are selected on object 'Object Repository/HealthpostToStore/Page_HealthPost Store/select_--Select--Schedule 1Inj'

2018-05-28 10:25:39 - [TEST_STEP][PASSED] - delay: Delayed 1 second(s)

2018-05-28 10:25:40 - [MESSAGE][PASSED] - Delayed 1 second(s)

2018-05-28 10:25:40 - [TEST_STEP][PASSED] - selectOptionByIndex: All options with index in [62] are selected on object 'Object Repository/HealthpostToStore/Page_HealthPost Store/select_--Select--Adernaline 0.'

2018-05-28 10:25:41 - [MESSAGE][PASSED] - All options with index in [62] are selected on object 'Object Repository/HealthpostToStore/Page_HealthPost Store/select_--Select--Adernaline 0.'

2018-05-28 10:25:41 - [TEST_STEP][PASSED] - setText: Text '10' is set on object 'Object Repository/HealthpostToStore/Page_HealthPost Store/input_txttreat'

2018-05-28 10:25:41 - [MESSAGE][PASSED] - Text '10' is set on object 'Object Repository/HealthpostToStore/Page_HealthPost Store/input_txttreat'

2018-05-28 10:25:41 - [TEST_STEP][PASSED] - click: Object: 'Object Repository/HealthpostToStore/Page_HealthPost Store/button_Add' is clicked on

2018-05-28 10:25:41 - [MESSAGE][PASSED] - Object: 'Object Repository/HealthpostToStore/Page_HealthPost Store/button_Add' is clicked on

2018-05-28 10:25:41 - [TEST_STEP][PASSED] - scrollToElement: Scroll to object 'Object Repository/HealthpostToStore/Page_HealthPost Store/input_btnsave' successfully

2018-05-28 10:25:41 - [MESSAGE][PASSED] - Scroll to object 'Object Repository/HealthpostToStore/Page_HealthPost Store/input_btnsave' successfully

2018-05-28 10:25:41 - [TEST_STEP][PASSED] - click: Object: 'Object Repository/HealthpostToStore/Page_HealthPost Store/input_btnsave' is clicked on

2018-05-28 10:25:41 - [MESSAGE][PASSED] - Object: 'Object Repository/HealthpostToStore/Page_HealthPost Store/input_btnsave' is clicked on

2018-05-28 10:25:41 - [TEST_STEP][PASSED] - delay: Delayed 3 second(s)

2018-05-28 10:25:44 - [MESSAGE][PASSED] - Delayed 3 second(s)

2018-05-28 10:25:44 - [TEST_STEP][PASSED] - Statement - RN1 = com.kms.katalon.core.webui.keyword.WebUiBuiltInKeywords.getText(com.kms.katalon.core.testobject.ObjectRepository.findTestObject(HealthpostToStore/Page_HealthPost Store/font_HPRNO180520187)): Text of object 'Object Repository/HealthpostToStore/Page_HealthPost Store/font_HPRNO180520187' is: 'HPRNO/28052018/110'

2018-05-28 10:25:44 - [MESSAGE][PASSED] - Text of object 'Object Repository/HealthpostToStore/Page_HealthPost Store/font_HPRNO180520187' is: 'HPRNO/28052018/110'

2018-05-28 10:25:44 - [TEST_STEP][PASSED] - Statement - out.println(RN1): null

2018-05-28 10:25:44 - [TEST_STEP][PASSED] - Statement - RID = RN1.split("/")[2]: null

2018-05-28 10:25:44 - [TEST_STEP][PASSED] - click: Object: 'Object Repository/HealthpostToStore/Page_HealthPost Store/button_OK' is clicked on

2018-05-28 10:25:45 - [MESSAGE][PASSED] - Object: 'Object Repository/HealthpostToStore/Page_HealthPost Store/button_OK' is clicked on

2018-05-28 10:25:45 - [TEST_STEP][PASSED] - delay: Delayed 3 second(s)

2018-05-28 10:25:48 - [MESSAGE][PASSED] - Delayed 3 second(s)

2018-05-28 10:25:48 - [TEST_STEP][PASSED] - click: Object: 'Object Repository/HealthpostToStore/Page_HealthPost Store/a_dropdown-toggle' is clicked on

2018-05-28 10:25:48 - [MESSAGE][PASSED] - Object: 'Object Repository/HealthpostToStore/Page_HealthPost Store/a_dropdown-toggle' is clicked on

2018-05-28 10:25:48 - [TEST_STEP][PASSED] - click: Object: 'Object Repository/HealthpostToStore/Page_HealthPost Store/a_Sign out' is clicked on

2018-05-28 10:25:48 - [MESSAGE][PASSED] - Object: 'Object Repository/HealthpostToStore/Page_HealthPost Store/a_Sign out' is clicked on

2018-05-28 10:25:48 - [TEST_STEP][PASSED] - delay: Delayed 3 second(s)

2018-05-28 10:25:51 - [MESSAGE][PASSED] - Delayed 3 second(s)

2018-05-28 10:25:51 - [TEST_STEP][PASSED] - navigateToUrl: Navigate to 'http://192.168.137.1/multihospital_new/' successfully

2018-05-28 10:25:52 - [MESSAGE][PASSED] - Navigate to 'http://192.168.137.1/multihospital_new/' successfully

2018-05-28 10:25:52 - [TEST_STEP][PASSED] - click: Object: 'Object Repository/HealthpostToStore/Page_KDMC/a_CMO' is clicked on

2018-05-28 10:25:53 - [MESSAGE][PASSED] - Object: 'Object Repository/HealthpostToStore/Page_KDMC/a_CMO' is clicked on

2018-05-28 10:25:53 - [TEST_STEP][PASSED] - setText: Text 'guru' is set on object 'Object Repository/HealthpostToStore/Page_CMO login/input_txtusername'

2018-05-28 10:25:53 - [MESSAGE][PASSED] - Text 'guru' is set on object 'Object Repository/HealthpostToStore/Page_CMO login/input_txtusername'

2018-05-28 10:25:53 - [TEST_STEP][PASSED] - setText: Text '123' is set on object 'Object Repository/HealthpostToStore/Page_CMO login/input_txtpassword'

2018-05-28 10:25:53 - [MESSAGE][PASSED] - Text '123' is set on object 'Object Repository/HealthpostToStore/Page_CMO login/input_txtpassword'

2018-05-28 10:25:53 - [TEST_STEP][PASSED] - delay: Delayed 3 second(s)

2018-05-28 10:25:56 - [MESSAGE][PASSED] - Delayed 3 second(s)

2018-05-28 10:25:56 - [TEST_STEP][PASSED] - click: Object: 'Object Repository/HealthpostToStore/Page_CMO login/button_Sign in' is clicked on

2018-05-28 10:25:57 - [MESSAGE][PASSED] - Object: 'Object Repository/HealthpostToStore/Page_CMO login/button_Sign in' is clicked on

2018-05-28 10:25:57 - [TEST_STEP][PASSED] - click: Object: 'Object Repository/HealthpostToStore/Page_KDMC - CMO/a_Department Wise Request' is clicked on

2018-05-28 10:25:59 - [MESSAGE][PASSED] - Object: 'Object Repository/HealthpostToStore/Page_KDMC - CMO/a_Department Wise Request' is clicked on

2018-05-28 10:25:59 - [TEST_STEP][PASSED] - delay: Delayed 2 second(s)

2018-05-28 10:26:01 - [MESSAGE][PASSED] - Delayed 2 second(s)

2018-05-28 10:26:01 - [TEST_STEP][PASSED] - selectOptionByIndex: All options with index in [5] are selected on object 'Object Repository/HealthpostToStore/Page_KDMC - CMO/select_--ALL--'

2018-05-28 10:26:01 - [MESSAGE][PASSED] - All options with index in [5] are selected on object 'Object Repository/HealthpostToStore/Page_KDMC - CMO/select_--ALL--'

2018-05-28 10:26:01 - [TEST_STEP][PASSED] - click: Object: 'Object Repository/HealthpostToStore/Page_KDMC - CMO/input_btnsearch' is clicked on

2018-05-28 10:26:01 - [MESSAGE][PASSED] - Object: 'Object Repository/HealthpostToStore/Page_KDMC - CMO/input_btnsearch' is clicked on

2018-05-28 10:26:01 - [TEST_STEP][PASSED] - selectOptionByIndex: All options with index in [1] are selected on object 'Object Repository/HealthpostToStore/Page_KDMC - CMO/select_--ALL--                _1'

2018-05-28 10:26:01 - [MESSAGE][PASSED] - All options with index in [1] are selected on object 'Object Repository/HealthpostToStore/Page_KDMC - CMO/select_--ALL--                _1'

2018-05-28 10:26:01 - [TEST_STEP][PASSED] - click: Object: 'Object Repository/HealthpostToStore/Page_KDMC - CMO/input_btnsearch' is clicked on

2018-05-28 10:26:01 - [MESSAGE][PASSED] - Object: 'Object Repository/HealthpostToStore/Page_KDMC - CMO/input_btnsearch' is clicked on

2018-05-28 10:26:01 - [TEST_STEP][PASSED] - Statement - ID = com.kms.katalon.core.webui.keyword.WebUiBuiltInKeywords.modifyObjectProperty(com.kms.katalon.core.testobject.ObjectRepository.findTestObject(lab/Page_KDMC - CMO/input_1), "xpath", "equals", "//*[@id=" + RID + "]", true): Modify property of object successfully

2018-05-28 10:26:01 - [MESSAGE][PASSED] - Modify property of object successfully

2018-05-28 10:26:01 - [TEST_STEP][PASSED] - click: Object: 'Object Repository/lab/Page_KDMC - CMO/input_1' is clicked on

2018-05-28 10:26:02 - [MESSAGE][PASSED] - Object: 'Object Repository/lab/Page_KDMC - CMO/input_1' is clicked on

2018-05-28 10:26:02 - [TEST_STEP][PASSED] - delay: Delayed 2 second(s)

2018-05-28 10:26:04 - [MESSAGE][PASSED] - Delayed 2 second(s)

2018-05-28 10:26:04 - [TEST_STEP][PASSED] - selectOptionByIndex: All options with index in [1] are selected on object 'Object Repository/HealthpostToStore/Page_KDMC - CMO/select_--Select--'

2018-05-28 10:26:04 - [MESSAGE][PASSED] - All options with index in [1] are selected on object 'Object Repository/HealthpostToStore/Page_KDMC - CMO/select_--Select--'

2018-05-28 10:26:04 - [TEST_STEP][PASSED] - click: Object: 'Object Repository/HealthpostToStore/Page_KDMC - CMO/input_btnupdate' is clicked on

2018-05-28 10:26:04 - [MESSAGE][PASSED] - Object: 'Object Repository/HealthpostToStore/Page_KDMC - CMO/input_btnupdate' is clicked on

2018-05-28 10:26:04 - [TEST_STEP][PASSED] - delay: Delayed 2 second(s)

2018-05-28 10:26:06 - [MESSAGE][PASSED] - Delayed 2 second(s)

2018-05-28 10:26:06 - [TEST_STEP][PASSED] - click: Object: 'Object Repository/HealthpostToStore/Page_KDMC - CMO/button_OK' is clicked on

2018-05-28 10:26:07 - [MESSAGE][PASSED] - Object: 'Object Repository/HealthpostToStore/Page_KDMC - CMO/button_OK' is clicked on

2018-05-28 10:26:07 - [TEST_STEP][PASSED] - delay: Delayed 2 second(s)

2018-05-28 10:26:09 - [MESSAGE][PASSED] - Delayed 2 second(s)

2018-05-28 10:26:09 - [TEST_STEP][PASSED] - click: Object: 'Object Repository/HealthpostToStore/Page_KDMC - CMO/a_dropdown-toggle' is clicked on

2018-05-28 10:26:09 - [MESSAGE][PASSED] - Object: 'Object Repository/HealthpostToStore/Page_KDMC - CMO/a_dropdown-toggle' is clicked on

2018-05-28 10:26:09 - [TEST_STEP][PASSED] - click: Object: 'Object Repository/HealthpostToStore/Page_KDMC - CMO/a_Sign out' is clicked on

2018-05-28 10:26:09 - [MESSAGE][PASSED] - Object: 'Object Repository/HealthpostToStore/Page_KDMC - CMO/a_Sign out' is clicked on

2018-05-28 10:26:09 - [TEST_STEP][PASSED] - delay: Delayed 3 second(s)

2018-05-28 10:26:12 - [MESSAGE][PASSED] - Delayed 3 second(s)

2018-05-28 10:26:12 - [TEST_STEP][PASSED] - click: Object: 'Object Repository/HealthpostToStore/Page_KDMC/a_Divisional Store' is clicked on

2018-05-28 10:26:13 - [MESSAGE][PASSED] - Object: 'Object Repository/HealthpostToStore/Page_KDMC/a_Divisional Store' is clicked on

2018-05-28 10:26:13 - [TEST_STEP][PASSED] - setText: Text 'ragu' is set on object 'Object Repository/HealthpostToStore/Page_Divisonal Store Login/input_txtusername'

2018-05-28 10:26:13 - [MESSAGE][PASSED] - Text 'ragu' is set on object 'Object Repository/HealthpostToStore/Page_Divisonal Store Login/input_txtusername'

2018-05-28 10:26:13 - [TEST_STEP][PASSED] - setText: Text '123' is set on object 'Object Repository/HealthpostToStore/Page_Divisonal Store Login/input_txtpassword'

2018-05-28 10:26:14 - [MESSAGE][PASSED] - Text '123' is set on object 'Object Repository/HealthpostToStore/Page_Divisonal Store Login/input_txtpassword'

2018-05-28 10:26:14 - [TEST_STEP][PASSED] - delay: Delayed 3 second(s)

2018-05-28 10:26:17 - [MESSAGE][PASSED] - Delayed 3 second(s)

2018-05-28 10:26:17 - [TEST_STEP][PASSED] - click: Object: 'Object Repository/HealthpostToStore/Page_Divisonal Store Login/button_Sign in' is clicked on

2018-05-28 10:26:18 - [MESSAGE][PASSED] - Object: 'Object Repository/HealthpostToStore/Page_Divisonal Store Login/button_Sign in' is clicked on

2018-05-28 10:26:18 - [TEST_STEP][PASSED] - delay: Delayed 3 second(s)

2018-05-28 10:26:21 - [MESSAGE][PASSED] - Delayed 3 second(s)

2018-05-28 10:26:21 - [TEST_STEP][PASSED] - click: Object: 'Object Repository/HealthpostToStore/Page_Store/a_Health Post Request' is clicked on

2018-05-28 10:26:22 - [MESSAGE][PASSED] - Object: 'Object Repository/HealthpostToStore/Page_Store/a_Health Post Request' is clicked on

2018-05-28 10:26:22 - [TEST_STEP][PASSED] - click: Object: 'Object Repository/HealthpostToStore/Page_Store/a_Request Item HealthPost' is clicked on

2018-05-28 10:26:23 - [MESSAGE][PASSED] - Object: 'Object Repository/HealthpostToStore/Page_Store/a_Request Item HealthPost' is clicked on

2018-05-28 10:26:23 - [TEST_STEP][PASSED] - Statement - ChooseRequest = com.kms.katalon.core.webui.keyword.WebUiBuiltInKeywords.modifyObjectProperty(com.kms.katalon.core.testobject.ObjectRepository.findTestObject(lab/Page_Store/input_1), "xpath", "equals", "//*[@id=" + RID + "]", true): Modify property of object successfully

2018-05-28 10:26:23 - [MESSAGE][PASSED] - Modify property of object successfully

2018-05-28 10:26:23 - [TEST_STEP][PASSED] - click: Object: 'Object Repository/lab/Page_Store/input_1' is clicked on

2018-05-28 10:26:23 - [MESSAGE][PASSED] - Object: 'Object Repository/lab/Page_Store/input_1' is clicked on

2018-05-28 10:26:23 - [TEST_STEP][PASSED] - Statement - selectedoptions = com.kms.katalon.core.webui.keyword.WebUiBuiltInKeywords.getNumberOfTotalOption(com.kms.katalon.core.testobject.ObjectRepository.findTestObject(HealthpostToStore/Page_Store/select_--Select--Adernaline 0.)): 63 options of object 'Object Repository/HealthpostToStore/Page_Store/select_--Select--Adernaline 0.' counted

2018-05-28 10:26:24 - [MESSAGE][PASSED] - 63 options of object 'Object Repository/HealthpostToStore/Page_Store/select_--Select--Adernaline 0.' counted

2018-05-28 10:26:24 - [TEST_STEP][PASSED] - Statement - For ([a = 1, a <= selectedoptions - 1, (a++)]): null

2018-05-28 10:26:24 - [TEST_STEP][PASSED] - selectOptionByIndex: All options with index in [1] are selected on object 'Object Repository/HealthpostToStore/Page_Store/select_--Select--Adernaline 0.'

2018-05-28 10:26:24 - [MESSAGE][PASSED] - All options with index in [1] are selected on object 'Object Repository/HealthpostToStore/Page_Store/select_--Select--Adernaline 0.'

2018-05-28 10:26:24 - [TEST_STEP][PASSED] - delay: Delayed 2 second(s)

2018-05-28 10:26:26 - [MESSAGE][PASSED] - Delayed 2 second(s)

2018-05-28 10:26:26 - [TEST_STEP][PASSED] - Statement - RequestedQty = com.kms.katalon.core.webui.keyword.WebUiBuiltInKeywords.getAttribute(com.kms.katalon.core.testobject.ObjectRepository.findTestObject(HealthpostToStore/Page_Store/input_txttotal), "value"): Attribute 'value' of object 'Object Repository/HealthpostToStore/Page_Store/input_txttotal' is: '10'

2018-05-28 10:26:26 - [MESSAGE][PASSED] - Attribute 'value' of object 'Object Repository/HealthpostToStore/Page_Store/input_txttotal' is: '10'

2018-05-28 10:26:26 - [TEST_STEP][PASSED] - Statement - out.println("Requested QTY : " + RequestedQty): null

2018-05-28 10:26:26 - [TEST_STEP][PASSED] - Statement - BatchNumber = com.kms.katalon.core.webui.keyword.WebUiBuiltInKeywords.getNumberOfTotalOption(com.kms.katalon.core.testobject.ObjectRepository.findTestObject(HealthpostToStore/Page_Store/select_--Select--BA1170BA2376B)): 4 options of object 'Object Repository/HealthpostToStore/Page_Store/select_--Select--BA1170BA2376B' counted

2018-05-28 10:26:26 - [MESSAGE][PASSED] - 4 options of object 'Object Repository/HealthpostToStore/Page_Store/select_--Select--BA1170BA2376B' counted

2018-05-28 10:26:26 - [TEST_STEP][PASSED] - Statement - For ([g = 1, g <= BatchNumber - 1, (g++)]): null

2018-05-28 10:26:26 - [TEST_STEP][PASSED] - selectOptionByIndex: All options with index in [1] are selected on object 'Object Repository/HealthpostToStore/Page_Store/select_--Select--BA1170BA2376B'

2018-05-28 10:26:26 - [MESSAGE][PASSED] - All options with index in [1] are selected on object 'Object Repository/HealthpostToStore/Page_Store/select_--Select--BA1170BA2376B'

2018-05-28 10:26:26 - [TEST_STEP][PASSED] - Statement - Try: null

2018-05-28 10:26:26 - [TEST_STEP][PASSED] - Statement - StockQty = com.kms.katalon.core.webui.keyword.WebUiBuiltInKeywords.getAttribute(com.kms.katalon.core.testobject.ObjectRepository.findTestObject(HealthpostToStore/Page_Store/input_txtprice), "value"): Attribute 'value' of object 'Object Repository/HealthpostToStore/Page_Store/input_txtprice' is: '1230'

2018-05-28 10:26:26 - [MESSAGE][PASSED] - Attribute 'value' of object 'Object Repository/HealthpostToStore/Page_Store/input_txtprice' is: '1230'

2018-05-28 10:26:26 - [TEST_STEP][PASSED] - Statement - out.println("Stock QTY : " + StockQty): null

2018-05-28 10:26:26 - [TEST_STEP][PASSED] - delay: Delayed 2 second(s)

2018-05-28 10:26:28 - [MESSAGE][PASSED] - Delayed 2 second(s)

2018-05-28 10:26:28 - [TEST_STEP][PASSED] - Statement - If (java.lang.String.valueOf(StockQty) >= java.lang.String.valueOf(RequestedQty)): null

2018-05-28 10:26:28 - [TEST_STEP][PASSED] - setText: Text '10' is set on object 'Object Repository/HealthpostToStore/Page_Store/input_txtqty'

2018-05-28 10:26:28 - [MESSAGE][PASSED] - Text '10' is set on object 'Object Repository/HealthpostToStore/Page_Store/input_txtqty'

2018-05-28 10:26:28 - [TEST_STEP][PASSED] - click: Object: 'Object Repository/HealthpostToStore/Page_Store/button_Add' is clicked on

2018-05-28 10:26:28 - [MESSAGE][PASSED] - Object: 'Object Repository/HealthpostToStore/Page_Store/button_Add' is clicked on

2018-05-28 10:26:28 - [TEST_STEP][PASSED] - Statement - Break: null

2018-05-28 10:26:28 - [TEST_STEP][PASSED] - selectOptionByIndex: All options with index in [2] are selected on object 'Object Repository/HealthpostToStore/Page_Store/select_--Select--Adernaline 0.'

2018-05-28 10:26:28 - [MESSAGE][PASSED] - All options with index in [2] are selected on object 'Object Repository/HealthpostToStore/Page_Store/select_--Select--Adernaline 0.'

2018-05-28 10:26:28 - [TEST_STEP][PASSED] - delay: Delayed 2 second(s)

2018-05-28 10:26:30 - [MESSAGE][PASSED] - Delayed 2 second(s)

2018-05-28 10:26:30 - [TEST_STEP][PASSED] - Statement - RequestedQty = com.kms.katalon.core.webui.keyword.WebUiBuiltInKeywords.getAttribute(com.kms.katalon.core.testobject.ObjectRepository.findTestObject(HealthpostToStore/Page_Store/input_txttotal), "value"): Attribute 'value' of object 'Object Repository/HealthpostToStore/Page_Store/input_txttotal' is: '10'

2018-05-28 10:26:30 - [MESSAGE][PASSED] - Attribute 'value' of object 'Object Repository/HealthpostToStore/Page_Store/input_txttotal' is: '10'

2018-05-28 10:26:30 - [TEST_STEP][PASSED] - Statement - out.println("Requested QTY : " + RequestedQty): null

2018-05-28 10:26:30 - [TEST_STEP][PASSED] - Statement - BatchNumber = com.kms.katalon.core.webui.keyword.WebUiBuiltInKeywords.getNumberOfTotalOption(com.kms.katalon.core.testobject.ObjectRepository.findTestObject(HealthpostToStore/Page_Store/select_--Select--BA1170BA2376B)): 3 options of object 'Object Repository/HealthpostToStore/Page_Store/select_--Select--BA1170BA2376B' counted

2018-05-28 10:26:31 - [MESSAGE][PASSED] - 3 options of object 'Object Repository/HealthpostToStore/Page_Store/select_--Select--BA1170BA2376B' counted

2018-05-28 10:26:31 - [TEST_STEP][PASSED] - Statement - For ([g = 1, g <= BatchNumber - 1, (g++)]): null

2018-05-28 10:26:31 - [TEST_STEP][PASSED] - selectOptionByIndex: All options with index in [1] are selected on object 'Object Repository/HealthpostToStore/Page_Store/select_--Select--BA1170BA2376B'

2018-05-28 10:26:31 - [MESSAGE][PASSED] - All options with index in [1] are selected on object 'Object Repository/HealthpostToStore/Page_Store/select_--Select--BA1170BA2376B'

2018-05-28 10:26:31 - [TEST_STEP][PASSED] - Statement - Try: null

2018-05-28 10:26:31 - [TEST_STEP][PASSED] - Statement - StockQty = com.kms.katalon.core.webui.keyword.WebUiBuiltInKeywords.getAttribute(com.kms.katalon.core.testobject.ObjectRepository.findTestObject(HealthpostToStore/Page_Store/input_txtprice), "value"): Attribute 'value' of object 'Object Repository/HealthpostToStore/Page_Store/input_txtprice' is: '1225'

2018-05-28 10:26:31 - [MESSAGE][PASSED] - Attribute 'value' of object 'Object Repository/HealthpostToStore/Page_Store/input_txtprice' is: '1225'

2018-05-28 10:26:31 - [TEST_STEP][PASSED] - Statement - out.println("Stock QTY : " + StockQty): null

2018-05-28 10:26:31 - [TEST_STEP][PASSED] - delay: Delayed 2 second(s)

2018-05-28 10:26:33 - [MESSAGE][PASSED] - Delayed 2 second(s)

2018-05-28 10:26:33 - [TEST_STEP][PASSED] - Statement - If (java.lang.String.valueOf(StockQty) >= java.lang.String.valueOf(RequestedQty)): null

2018-05-28 10:26:33 - [TEST_STEP][PASSED] - setText: Text '10' is set on object 'Object Repository/HealthpostToStore/Page_Store/input_txtqty'

2018-05-28 10:26:33 - [MESSAGE][PASSED] - Text '10' is set on object 'Object Repository/HealthpostToStore/Page_Store/input_txtqty'

2018-05-28 10:26:33 - [TEST_STEP][PASSED] - click: Object: 'Object Repository/HealthpostToStore/Page_Store/button_Add' is clicked on

2018-05-28 10:26:33 - [MESSAGE][PASSED] - Object: 'Object Repository/HealthpostToStore/Page_Store/button_Add' is clicked on

2018-05-28 10:26:33 - [TEST_STEP][PASSED] - Statement - Break: null

2018-05-28 10:26:33 - [TEST_STEP][PASSED] - selectOptionByIndex: All options with index in [3] are selected on object 'Object Repository/HealthpostToStore/Page_Store/select_--Select--Adernaline 0.'

2018-05-28 10:26:33 - [MESSAGE][PASSED] - All options with index in [3] are selected on object 'Object Repository/HealthpostToStore/Page_Store/select_--Select--Adernaline 0.'

2018-05-28 10:26:33 - [TEST_STEP][PASSED] - delay: Delayed 2 second(s)

2018-05-28 10:26:35 - [MESSAGE][PASSED] - Delayed 2 second(s)

2018-05-28 10:26:35 - [TEST_STEP][PASSED] - Statement - RequestedQty = com.kms.katalon.core.webui.keyword.WebUiBuiltInKeywords.getAttribute(com.kms.katalon.core.testobject.ObjectRepository.findTestObject(HealthpostToStore/Page_Store/input_txttotal), "value"): Attribute 'value' of object 'Object Repository/HealthpostToStore/Page_Store/input_txttotal' is: '10'

2018-05-28 10:26:35 - [MESSAGE][PASSED] - Attribute 'value' of object 'Object Repository/HealthpostToStore/Page_Store/input_txttotal' is: '10'

2018-05-28 10:26:35 - [TEST_STEP][PASSED] - Statement - out.println("Requested QTY : " + RequestedQty): null

2018-05-28 10:26:35 - [TEST_STEP][PASSED] - Statement - BatchNumber = com.kms.katalon.core.webui.keyword.WebUiBuiltInKeywords.getNumberOfTotalOption(com.kms.katalon.core.testobject.ObjectRepository.findTestObject(HealthpostToStore/Page_Store/select_--Select--BA1170BA2376B)): 3 options of object 'Object Repository/HealthpostToStore/Page_Store/select_--Select--BA1170BA2376B' counted

2018-05-28 10:26:35 - [MESSAGE][PASSED] - 3 options of object 'Object Repository/HealthpostToStore/Page_Store/select_--Select--BA1170BA2376B' counted

2018-05-28 10:26:35 - [TEST_STEP][PASSED] - Statement - For ([g = 1, g <= BatchNumber - 1, (g++)]): null

2018-05-28 10:26:35 - [TEST_STEP][PASSED] - selectOptionByIndex: All options with index in [1] are selected on object 'Object Repository/HealthpostToStore/Page_Store/select_--Select--BA1170BA2376B'

2018-05-28 10:26:35 - [MESSAGE][PASSED] - All options with index in [1] are selected on object 'Object Repository/HealthpostToStore/Page_Store/select_--Select--BA1170BA2376B'

2018-05-28 10:26:35 - [TEST_STEP][PASSED] - Statement - Try: null

2018-05-28 10:26:35 - [TEST_STEP][PASSED] - Statement - StockQty = com.kms.katalon.core.webui.keyword.WebUiBuiltInKeywords.getAttribute(com.kms.katalon.core.testobject.ObjectRepository.findTestObject(HealthpostToStore/Page_Store/input_txtprice), "value"): Attribute 'value' of object 'Object Repository/HealthpostToStore/Page_Store/input_txtprice' is: '326'

2018-05-28 10:26:35 - [MESSAGE][PASSED] - Attribute 'value' of object 'Object Repository/HealthpostToStore/Page_Store/input_txtprice' is: '326'

2018-05-28 10:26:35 - [TEST_STEP][PASSED] - Statement - out.println("Stock QTY : " + StockQty): null

2018-05-28 10:26:35 - [TEST_STEP][PASSED] - delay: Delayed 2 second(s)

2018-05-28 10:26:37 - [MESSAGE][PASSED] - Delayed 2 second(s)

2018-05-28 10:26:37 - [TEST_STEP][PASSED] - Statement - If (java.lang.String.valueOf(StockQty) >= java.lang.String.valueOf(RequestedQty)): null

2018-05-28 10:26:37 - [TEST_STEP][PASSED] - setText: Text '10' is set on object 'Object Repository/HealthpostToStore/Page_Store/input_txtqty'

2018-05-28 10:26:37 - [MESSAGE][PASSED] - Text '10' is set on object 'Object Repository/HealthpostToStore/Page_Store/input_txtqty'

2018-05-28 10:26:37 - [TEST_STEP][PASSED] - click: Object: 'Object Repository/HealthpostToStore/Page_Store/button_Add' is clicked on

2018-05-28 10:26:37 - [MESSAGE][PASSED] - Object: 'Object Repository/HealthpostToStore/Page_Store/button_Add' is clicked on

2018-05-28 10:26:37 - [TEST_STEP][PASSED] - Statement - Break: null

2018-05-28 10:26:37 - [TEST_STEP][PASSED] - selectOptionByIndex: All options with index in [4] are selected on object 'Object Repository/HealthpostToStore/Page_Store/select_--Select--Adernaline 0.'

2018-05-28 10:26:38 - [MESSAGE][PASSED] - All options with index in [4] are selected on object 'Object Repository/HealthpostToStore/Page_Store/select_--Select--Adernaline 0.'

2018-05-28 10:26:38 - [TEST_STEP][PASSED] - delay: Delayed 2 second(s)

2018-05-28 10:26:40 - [MESSAGE][PASSED] - Delayed 2 second(s)

2018-05-28 10:26:40 - [TEST_STEP][PASSED] - Statement - RequestedQty = com.kms.katalon.core.webui.keyword.WebUiBuiltInKeywords.getAttribute(com.kms.katalon.core.testobject.ObjectRepository.findTestObject(HealthpostToStore/Page_Store/input_txttotal), "value"): Attribute 'value' of object 'Object Repository/HealthpostToStore/Page_Store/input_txttotal' is: '10'

2018-05-28 10:26:40 - [MESSAGE][PASSED] - Attribute 'value' of object 'Object Repository/HealthpostToStore/Page_Store/input_txttotal' is: '10'

2018-05-28 10:26:40 - [TEST_STEP][PASSED] - Statement - out.println("Requested QTY : " + RequestedQty): null

2018-05-28 10:26:40 - [TEST_STEP][PASSED] - Statement - BatchNumber = com.kms.katalon.core.webui.keyword.WebUiBuiltInKeywords.getNumberOfTotalOption(com.kms.katalon.core.testobject.ObjectRepository.findTestObject(HealthpostToStore/Page_Store/select_--Select--BA1170BA2376B)): 5 options of object 'Object Repository/HealthpostToStore/Page_Store/select_--Select--BA1170BA2376B' counted

2018-05-28 10:26:40 - [MESSAGE][PASSED] - 5 options of object 'Object Repository/HealthpostToStore/Page_Store/select_--Select--BA1170BA2376B' counted

2018-05-28 10:26:40 - [TEST_STEP][PASSED] - Statement - For ([g = 1, g <= BatchNumber - 1, (g++)]): null

2018-05-28 10:26:40 - [TEST_STEP][PASSED] - selectOptionByIndex: All options with index in [1] are selected on object 'Object Repository/HealthpostToStore/Page_Store/select_--Select--BA1170BA2376B'

2018-05-28 10:26:40 - [MESSAGE][PASSED] - All options with index in [1] are selected on object 'Object Repository/HealthpostToStore/Page_Store/select_--Select--BA1170BA2376B'

2018-05-28 10:26:40 - [TEST_STEP][PASSED] - Statement - Try: null

2018-05-28 10:26:40 - [TEST_STEP][PASSED] - Statement - StockQty = com.kms.katalon.core.webui.keyword.WebUiBuiltInKeywords.getAttribute(com.kms.katalon.core.testobject.ObjectRepository.findTestObject(HealthpostToStore/Page_Store/input_txtprice), "value"): Attribute 'value' of object 'Object Repository/HealthpostToStore/Page_Store/input_txtprice' is: '346'

2018-05-28 10:26:40 - [MESSAGE][PASSED] - Attribute 'value' of object 'Object Repository/HealthpostToStore/Page_Store/input_txtprice' is: '346'

2018-05-28 10:26:40 - [TEST_STEP][PASSED] - Statement - out.println("Stock QTY : " + StockQty): null

2018-05-28 10:26:40 - [TEST_STEP][PASSED] - delay: Delayed 2 second(s)

2018-05-28 10:26:42 - [MESSAGE][PASSED] - Delayed 2 second(s)

2018-05-28 10:26:42 - [TEST_STEP][PASSED] - Statement - If (java.lang.String.valueOf(StockQty) >= java.lang.String.valueOf(RequestedQty)): null

2018-05-28 10:26:42 - [TEST_STEP][PASSED] - setText: Text '10' is set on object 'Object Repository/HealthpostToStore/Page_Store/input_txtqty'

2018-05-28 10:26:42 - [MESSAGE][PASSED] - Text '10' is set on object 'Object Repository/HealthpostToStore/Page_Store/input_txtqty'

2018-05-28 10:26:42 - [TEST_STEP][PASSED] - click: Object: 'Object Repository/HealthpostToStore/Page_Store/button_Add' is clicked on

2018-05-28 10:26:42 - [MESSAGE][PASSED] - Object: 'Object Repository/HealthpostToStore/Page_Store/button_Add' is clicked on

2018-05-28 10:26:42 - [TEST_STEP][PASSED] - Statement - Break: null

2018-05-28 10:26:42 - [TEST_STEP][PASSED] - selectOptionByIndex: All options with index in [5] are selected on object 'Object Repository/HealthpostToStore/Page_Store/select_--Select--Adernaline 0.'

2018-05-28 10:26:42 - [MESSAGE][PASSED] - All options with index in [5] are selected on object 'Object Repository/HealthpostToStore/Page_Store/select_--Select--Adernaline 0.'

2018-05-28 10:26:42 - [TEST_STEP][PASSED] - delay: Delayed 2 second(s)

2018-05-28 10:26:44 - [MESSAGE][PASSED] - Delayed 2 second(s)

2018-05-28 10:26:44 - [TEST_STEP][PASSED] - Statement - RequestedQty = com.kms.katalon.core.webui.keyword.WebUiBuiltInKeywords.getAttribute(com.kms.katalon.core.testobject.ObjectRepository.findTestObject(HealthpostToStore/Page_Store/input_txttotal), "value"): Attribute 'value' of object 'Object Repository/HealthpostToStore/Page_Store/input_txttotal' is: '10'

2018-05-28 10:26:44 - [MESSAGE][PASSED] - Attribute 'value' of object 'Object Repository/HealthpostToStore/Page_Store/input_txttotal' is: '10'

2018-05-28 10:26:44 - [TEST_STEP][PASSED] - Statement - out.println("Requested QTY : " + RequestedQty): null

2018-05-28 10:26:44 - [TEST_STEP][PASSED] - Statement - BatchNumber = com.kms.katalon.core.webui.keyword.WebUiBuiltInKeywords.getNumberOfTotalOption(com.kms.katalon.core.testobject.ObjectRepository.findTestObject(HealthpostToStore/Page_Store/select_--Select--BA1170BA2376B)): 4 options of object 'Object Repository/HealthpostToStore/Page_Store/select_--Select--BA1170BA2376B' counted

2018-05-28 10:26:44 - [MESSAGE][PASSED] - 4 options of object 'Object Repository/HealthpostToStore/Page_Store/select_--Select--BA1170BA2376B' counted

2018-05-28 10:26:44 - [TEST_STEP][PASSED] - Statement - For ([g = 1, g <= BatchNumber - 1, (g++)]): null

2018-05-28 10:26:44 - [TEST_STEP][PASSED] - selectOptionByIndex: All options with index in [1] are selected on object 'Object Repository/HealthpostToStore/Page_Store/select_--Select--BA1170BA2376B'

2018-05-28 10:26:45 - [MESSAGE][PASSED] - All options with index in [1] are selected on object 'Object Repository/HealthpostToStore/Page_Store/select_--Select--BA1170BA2376B'

2018-05-28 10:26:45 - [TEST_STEP][PASSED] - Statement - Try: null

2018-05-28 10:26:45 - [TEST_STEP][PASSED] - Statement - StockQty = com.kms.katalon.core.webui.keyword.WebUiBuiltInKeywords.getAttribute(com.kms.katalon.core.testobject.ObjectRepository.findTestObject(HealthpostToStore/Page_Store/input_txtprice), "value"): Attribute 'value' of object 'Object Repository/HealthpostToStore/Page_Store/input_txtprice' is: '350'

2018-05-28 10:26:45 - [MESSAGE][PASSED] - Attribute 'value' of object 'Object Repository/HealthpostToStore/Page_Store/input_txtprice' is: '350'

2018-05-28 10:26:45 - [TEST_STEP][PASSED] - Statement - out.println("Stock QTY : " + StockQty): null

2018-05-28 10:26:45 - [TEST_STEP][PASSED] - delay: Delayed 2 second(s)

2018-05-28 10:26:47 - [MESSAGE][PASSED] - Delayed 2 second(s)

2018-05-28 10:26:47 - [TEST_STEP][PASSED] - Statement - If (java.lang.String.valueOf(StockQty) >= java.lang.String.valueOf(RequestedQty)): null

2018-05-28 10:26:47 - [TEST_STEP][PASSED] - setText: Text '10' is set on object 'Object Repository/HealthpostToStore/Page_Store/input_txtqty'

2018-05-28 10:26:47 - [MESSAGE][PASSED] - Text '10' is set on object 'Object Repository/HealthpostToStore/Page_Store/input_txtqty'

2018-05-28 10:26:47 - [TEST_STEP][PASSED] - click: Object: 'Object Repository/HealthpostToStore/Page_Store/button_Add' is clicked on

2018-05-28 10:26:47 - [MESSAGE][PASSED] - Object: 'Object Repository/HealthpostToStore/Page_Store/button_Add' is clicked on

2018-05-28 10:26:47 - [TEST_STEP][PASSED] - Statement - Break: null

2018-05-28 10:26:47 - [TEST_STEP][PASSED] - selectOptionByIndex: All options with index in [6] are selected on object 'Object Repository/HealthpostToStore/Page_Store/select_--Select--Adernaline 0.'

2018-05-28 10:26:47 - [MESSAGE][PASSED] - All options with index in [6] are selected on object 'Object Repository/HealthpostToStore/Page_Store/select_--Select--Adernaline 0.'

2018-05-28 10:26:47 - [TEST_STEP][PASSED] - delay: Delayed 2 second(s)

2018-05-28 10:26:49 - [MESSAGE][PASSED] - Delayed 2 second(s)

2018-05-28 10:26:49 - [TEST_STEP][PASSED] - Statement - RequestedQty = com.kms.katalon.core.webui.keyword.WebUiBuiltInKeywords.getAttribute(com.kms.katalon.core.testobject.ObjectRepository.findTestObject(HealthpostToStore/Page_Store/input_txttotal), "value"): Attribute 'value' of object 'Object Repository/HealthpostToStore/Page_Store/input_txttotal' is: '10'

2018-05-28 10:26:49 - [MESSAGE][PASSED] - Attribute 'value' of object 'Object Repository/HealthpostToStore/Page_Store/input_txttotal' is: '10'

2018-05-28 10:26:49 - [TEST_STEP][PASSED] - Statement - out.println("Requested QTY : " + RequestedQty): null

2018-05-28 10:26:49 - [TEST_STEP][PASSED] - Statement - BatchNumber = com.kms.katalon.core.webui.keyword.WebUiBuiltInKeywords.getNumberOfTotalOption(com.kms.katalon.core.testobject.ObjectRepository.findTestObject(HealthpostToStore/Page_Store/select_--Select--BA1170BA2376B)): 4 options of object 'Object Repository/HealthpostToStore/Page_Store/select_--Select--BA1170BA2376B' counted

2018-05-28 10:26:49 - [MESSAGE][PASSED] - 4 options of object 'Object Repository/HealthpostToStore/Page_Store/select_--Select--BA1170BA2376B' counted

2018-05-28 10:26:49 - [TEST_STEP][PASSED] - Statement - For ([g = 1, g <= BatchNumber - 1, (g++)]): null

2018-05-28 10:26:49 - [TEST_STEP][PASSED] - selectOptionByIndex: All options with index in [1] are selected on object 'Object Repository/HealthpostToStore/Page_Store/select_--Select--BA1170BA2376B'

2018-05-28 10:26:49 - [MESSAGE][PASSED] - All options with index in [1] are selected on object 'Object Repository/HealthpostToStore/Page_Store/select_--Select--BA1170BA2376B'

2018-05-28 10:26:49 - [TEST_STEP][PASSED] - Statement - Try: null

2018-05-28 10:26:49 - [TEST_STEP][PASSED] - Statement - StockQty = com.kms.katalon.core.webui.keyword.WebUiBuiltInKeywords.getAttribute(com.kms.katalon.core.testobject.ObjectRepository.findTestObject(HealthpostToStore/Page_Store/input_txtprice), "value"): Attribute 'value' of object 'Object Repository/HealthpostToStore/Page_Store/input_txtprice' is: '350'

2018-05-28 10:26:49 - [MESSAGE][PASSED] - Attribute 'value' of object 'Object Repository/HealthpostToStore/Page_Store/input_txtprice' is: '350'

2018-05-28 10:26:49 - [TEST_STEP][PASSED] - Statement - out.println("Stock QTY : " + StockQty): null

2018-05-28 10:26:49 - [TEST_STEP][PASSED] - delay: Delayed 2 second(s)

2018-05-28 10:26:51 - [MESSAGE][PASSED] - Delayed 2 second(s)

2018-05-28 10:26:51 - [TEST_STEP][PASSED] - Statement - If (java.lang.String.valueOf(StockQty) >= java.lang.String.valueOf(RequestedQty)): null

2018-05-28 10:26:51 - [TEST_STEP][PASSED] - setText: Text '10' is set on object 'Object Repository/HealthpostToStore/Page_Store/input_txtqty'

2018-05-28 10:26:51 - [MESSAGE][PASSED] - Text '10' is set on object 'Object Repository/HealthpostToStore/Page_Store/input_txtqty'

2018-05-28 10:26:51 - [TEST_STEP][PASSED] - click: Object: 'Object Repository/HealthpostToStore/Page_Store/button_Add' is clicked on

2018-05-28 10:26:51 - [MESSAGE][PASSED] - Object: 'Object Repository/HealthpostToStore/Page_Store/button_Add' is clicked on

2018-05-28 10:26:51 - [TEST_STEP][PASSED] - Statement - Break: null

2018-05-28 10:26:51 - [TEST_STEP][PASSED] - selectOptionByIndex: All options with index in [7] are selected on object 'Object Repository/HealthpostToStore/Page_Store/select_--Select--Adernaline 0.'

2018-05-28 10:26:52 - [MESSAGE][PASSED] - All options with index in [7] are selected on object 'Object Repository/HealthpostToStore/Page_Store/select_--Select--Adernaline 0.'

2018-05-28 10:26:52 - [TEST_STEP][PASSED] - delay: Delayed 2 second(s)

2018-05-28 10:26:54 - [MESSAGE][PASSED] - Delayed 2 second(s)

2018-05-28 10:26:54 - [TEST_STEP][PASSED] - Statement - RequestedQty = com.kms.katalon.core.webui.keyword.WebUiBuiltInKeywords.getAttribute(com.kms.katalon.core.testobject.ObjectRepository.findTestObject(HealthpostToStore/Page_Store/input_txttotal), "value"): Attribute 'value' of object 'Object Repository/HealthpostToStore/Page_Store/input_txttotal' is: '10'

2018-05-28 10:26:54 - [MESSAGE][PASSED] - Attribute 'value' of object 'Object Repository/HealthpostToStore/Page_Store/input_txttotal' is: '10'

2018-05-28 10:26:54 - [TEST_STEP][PASSED] - Statement - out.println("Requested QTY : " + RequestedQty): null

2018-05-28 10:26:54 - [TEST_STEP][PASSED] - Statement - BatchNumber = com.kms.katalon.core.webui.keyword.WebUiBuiltInKeywords.getNumberOfTotalOption(com.kms.katalon.core.testobject.ObjectRepository.findTestObject(HealthpostToStore/Page_Store/select_--Select--BA1170BA2376B)): 4 options of object 'Object Repository/HealthpostToStore/Page_Store/select_--Select--BA1170BA2376B' counted

2018-05-28 10:26:54 - [MESSAGE][PASSED] - 4 options of object 'Object Repository/HealthpostToStore/Page_Store/select_--Select--BA1170BA2376B' counted

2018-05-28 10:26:54 - [TEST_STEP][PASSED] - Statement - For ([g = 1, g <= BatchNumber - 1, (g++)]): null

2018-05-28 10:26:54 - [TEST_STEP][PASSED] - selectOptionByIndex: All options with index in [1] are selected on object 'Object Repository/HealthpostToStore/Page_Store/select_--Select--BA1170BA2376B'

2018-05-28 10:26:54 - [MESSAGE][PASSED] - All options with index in [1] are selected on object 'Object Repository/HealthpostToStore/Page_Store/select_--Select--BA1170BA2376B'

2018-05-28 10:26:54 - [TEST_STEP][PASSED] - Statement - Try: null

2018-05-28 10:26:54 - [TEST_STEP][PASSED] - Statement - StockQty = com.kms.katalon.core.webui.keyword.WebUiBuiltInKeywords.getAttribute(com.kms.katalon.core.testobject.ObjectRepository.findTestObject(HealthpostToStore/Page_Store/input_txtprice), "value"): Attribute 'value' of object 'Object Repository/HealthpostToStore/Page_Store/input_txtprice' is: '350'

2018-05-28 10:26:54 - [MESSAGE][PASSED] - Attribute 'value' of object 'Object Repository/HealthpostToStore/Page_Store/input_txtprice' is: '350'

2018-05-28 10:26:54 - [TEST_STEP][PASSED] - Statement - out.println("Stock QTY : " + StockQty): null

2018-05-28 10:26:54 - [TEST_STEP][PASSED] - delay: Delayed 2 second(s)

2018-05-28 10:26:56 - [MESSAGE][PASSED] - Delayed 2 second(s)

2018-05-28 10:26:56 - [TEST_STEP][PASSED] - Statement - If (java.lang.String.valueOf(StockQty) >= java.lang.String.valueOf(RequestedQty)): null

2018-05-28 10:26:56 - [TEST_STEP][PASSED] - setText: Text '10' is set on object 'Object Repository/HealthpostToStore/Page_Store/input_txtqty'

2018-05-28 10:26:56 - [MESSAGE][PASSED] - Text '10' is set on object 'Object Repository/HealthpostToStore/Page_Store/input_txtqty'

2018-05-28 10:26:56 - [TEST_STEP][PASSED] - click: Object: 'Object Repository/HealthpostToStore/Page_Store/button_Add' is clicked on

2018-05-28 10:26:56 - [MESSAGE][PASSED] - Object: 'Object Repository/HealthpostToStore/Page_Store/button_Add' is clicked on

2018-05-28 10:26:56 - [TEST_STEP][PASSED] - Statement - Break: null

2018-05-28 10:26:56 - [TEST_STEP][PASSED] - selectOptionByIndex: All options with index in [8] are selected on object 'Object Repository/HealthpostToStore/Page_Store/select_--Select--Adernaline 0.'

2018-05-28 10:26:56 - [MESSAGE][PASSED] - All options with index in [8] are selected on object 'Object Repository/HealthpostToStore/Page_Store/select_--Select--Adernaline 0.'

2018-05-28 10:26:56 - [TEST_STEP][PASSED] - delay: Delayed 2 second(s)

2018-05-28 10:26:58 - [MESSAGE][PASSED] - Delayed 2 second(s)

2018-05-28 10:26:58 - [TEST_STEP][PASSED] - Statement - RequestedQty = com.kms.katalon.core.webui.keyword.WebUiBuiltInKeywords.getAttribute(com.kms.katalon.core.testobject.ObjectRepository.findTestObject(HealthpostToStore/Page_Store/input_txttotal), "value"): Attribute 'value' of object 'Object Repository/HealthpostToStore/Page_Store/input_txttotal' is: '10'

2018-05-28 10:26:58 - [MESSAGE][PASSED] - Attribute 'value' of object 'Object Repository/HealthpostToStore/Page_Store/input_txttotal' is: '10'

2018-05-28 10:26:58 - [TEST_STEP][PASSED] - Statement - out.println("Requested QTY : " + RequestedQty): null

2018-05-28 10:26:58 - [TEST_STEP][PASSED] - Statement - BatchNumber = com.kms.katalon.core.webui.keyword.WebUiBuiltInKeywords.getNumberOfTotalOption(com.kms.katalon.core.testobject.ObjectRepository.findTestObject(HealthpostToStore/Page_Store/select_--Select--BA1170BA2376B)): 5 options of object 'Object Repository/HealthpostToStore/Page_Store/select_--Select--BA1170BA2376B' counted

2018-05-28 10:26:58 - [MESSAGE][PASSED] - 5 options of object 'Object Repository/HealthpostToStore/Page_Store/select_--Select--BA1170BA2376B' counted

2018-05-28 10:26:58 - [TEST_STEP][PASSED] - Statement - For ([g = 1, g <= BatchNumber - 1, (g++)]): null

2018-05-28 10:26:58 - [TEST_STEP][PASSED] - selectOptionByIndex: All options with index in [1] are selected on object 'Object Repository/HealthpostToStore/Page_Store/select_--Select--BA1170BA2376B'

2018-05-28 10:26:59 - [MESSAGE][PASSED] - All options with index in [1] are selected on object 'Object Repository/HealthpostToStore/Page_Store/select_--Select--BA1170BA2376B'

2018-05-28 10:26:59 - [TEST_STEP][PASSED] - Statement - Try: null

2018-05-28 10:26:59 - [TEST_STEP][PASSED] - Statement - StockQty = com.kms.katalon.core.webui.keyword.WebUiBuiltInKeywords.getAttribute(com.kms.katalon.core.testobject.ObjectRepository.findTestObject(HealthpostToStore/Page_Store/input_txtprice), "value"): Attribute 'value' of object 'Object Repository/HealthpostToStore/Page_Store/input_txtprice' is: '350'

2018-05-28 10:26:59 - [MESSAGE][PASSED] - Attribute 'value' of object 'Object Repository/HealthpostToStore/Page_Store/input_txtprice' is: '350'

2018-05-28 10:26:59 - [TEST_STEP][PASSED] - Statement - out.println("Stock QTY : " + StockQty): null

2018-05-28 10:26:59 - [TEST_STEP][PASSED] - delay: Delayed 2 second(s)

2018-05-28 10:27:01 - [MESSAGE][PASSED] - Delayed 2 second(s)

2018-05-28 10:27:01 - [TEST_STEP][PASSED] - Statement - If (java.lang.String.valueOf(StockQty) >= java.lang.String.valueOf(RequestedQty)): null

2018-05-28 10:27:01 - [TEST_STEP][PASSED] - setText: Text '10' is set on object 'Object Repository/HealthpostToStore/Page_Store/input_txtqty'

2018-05-28 10:27:01 - [MESSAGE][PASSED] - Text '10' is set on object 'Object Repository/HealthpostToStore/Page_Store/input_txtqty'

2018-05-28 10:27:01 - [TEST_STEP][PASSED] - click: Object: 'Object Repository/HealthpostToStore/Page_Store/button_Add' is clicked on

2018-05-28 10:27:01 - [MESSAGE][PASSED] - Object: 'Object Repository/HealthpostToStore/Page_Store/button_Add' is clicked on

2018-05-28 10:27:01 - [TEST_STEP][PASSED] - Statement - Break: null

2018-05-28 10:27:01 - [TEST_STEP][PASSED] - selectOptionByIndex: All options with index in [9] are selected on object 'Object Repository/HealthpostToStore/Page_Store/select_--Select--Adernaline 0.'

2018-05-28 10:27:01 - [MESSAGE][PASSED] - All options with index in [9] are selected on object 'Object Repository/HealthpostToStore/Page_Store/select_--Select--Adernaline 0.'

2018-05-28 10:27:01 - [TEST_STEP][PASSED] - delay: Delayed 2 second(s)

2018-05-28 10:27:03 - [MESSAGE][PASSED] - Delayed 2 second(s)

2018-05-28 10:27:03 - [TEST_STEP][PASSED] - Statement - RequestedQty = com.kms.katalon.core.webui.keyword.WebUiBuiltInKeywords.getAttribute(com.kms.katalon.core.testobject.ObjectRepository.findTestObject(HealthpostToStore/Page_Store/input_txttotal), "value"): Attribute 'value' of object 'Object Repository/HealthpostToStore/Page_Store/input_txttotal' is: '10'

2018-05-28 10:27:03 - [MESSAGE][PASSED] - Attribute 'value' of object 'Object Repository/HealthpostToStore/Page_Store/input_txttotal' is: '10'

2018-05-28 10:27:03 - [TEST_STEP][PASSED] - Statement - out.println("Requested QTY : " + RequestedQty): null

2018-05-28 10:27:03 - [TEST_STEP][PASSED] - Statement - BatchNumber = com.kms.katalon.core.webui.keyword.WebUiBuiltInKeywords.getNumberOfTotalOption(com.kms.katalon.core.testobject.ObjectRepository.findTestObject(HealthpostToStore/Page_Store/select_--Select--BA1170BA2376B)): 4 options of object 'Object Repository/HealthpostToStore/Page_Store/select_--Select--BA1170BA2376B' counted

2018-05-28 10:27:03 - [MESSAGE][PASSED] - 4 options of object 'Object Repository/HealthpostToStore/Page_Store/select_--Select--BA1170BA2376B' counted

2018-05-28 10:27:03 - [TEST_STEP][PASSED] - Statement - For ([g = 1, g <= BatchNumber - 1, (g++)]): null

2018-05-28 10:27:03 - [TEST_STEP][PASSED] - selectOptionByIndex: All options with index in [1] are selected on object 'Object Repository/HealthpostToStore/Page_Store/select_--Select--BA1170BA2376B'

2018-05-28 10:27:03 - [MESSAGE][PASSED] - All options with index in [1] are selected on object 'Object Repository/HealthpostToStore/Page_Store/select_--Select--BA1170BA2376B'

2018-05-28 10:27:03 - [TEST_STEP][PASSED] - Statement - Try: null

2018-05-28 10:27:03 - [TEST_STEP][PASSED] - Statement - StockQty = com.kms.katalon.core.webui.keyword.WebUiBuiltInKeywords.getAttribute(com.kms.katalon.core.testobject.ObjectRepository.findTestObject(HealthpostToStore/Page_Store/input_txtprice), "value"): Attribute 'value' of object 'Object Repository/HealthpostToStore/Page_Store/input_txtprice' is: '350'

2018-05-28 10:27:03 - [MESSAGE][PASSED] - Attribute 'value' of object 'Object Repository/HealthpostToStore/Page_Store/input_txtprice' is: '350'

2018-05-28 10:27:03 - [TEST_STEP][PASSED] - Statement - out.println("Stock QTY : " + StockQty): null

2018-05-28 10:27:03 - [TEST_STEP][PASSED] - delay: Delayed 2 second(s)

2018-05-28 10:27:05 - [MESSAGE][PASSED] - Delayed 2 second(s)

2018-05-28 10:27:05 - [TEST_STEP][PASSED] - Statement - If (java.lang.String.valueOf(StockQty) >= java.lang.String.valueOf(RequestedQty)): null

2018-05-28 10:27:05 - [TEST_STEP][PASSED] - setText: Text '10' is set on object 'Object Repository/HealthpostToStore/Page_Store/input_txtqty'

2018-05-28 10:27:05 - [MESSAGE][PASSED] - Text '10' is set on object 'Object Repository/HealthpostToStore/Page_Store/input_txtqty'

2018-05-28 10:27:05 - [TEST_STEP][PASSED] - click: Object: 'Object Repository/HealthpostToStore/Page_Store/button_Add' is clicked on

2018-05-28 10:27:05 - [MESSAGE][PASSED] - Object: 'Object Repository/HealthpostToStore/Page_Store/button_Add' is clicked on

2018-05-28 10:27:05 - [TEST_STEP][PASSED] - Statement - Break: null

2018-05-28 10:27:05 - [TEST_STEP][PASSED] - selectOptionByIndex: All options with index in [10] are selected on object 'Object Repository/HealthpostToStore/Page_Store/select_--Select--Adernaline 0.'

2018-05-28 10:27:06 - [MESSAGE][PASSED] - All options with index in [10] are selected on object 'Object Repository/HealthpostToStore/Page_Store/select_--Select--Adernaline 0.'

2018-05-28 10:27:06 - [TEST_STEP][PASSED] - delay: Delayed 2 second(s)

2018-05-28 10:27:08 - [MESSAGE][PASSED] - Delayed 2 second(s)

2018-05-28 10:27:08 - [TEST_STEP][PASSED] - Statement - RequestedQty = com.kms.katalon.core.webui.keyword.WebUiBuiltInKeywords.getAttribute(com.kms.katalon.core.testobject.ObjectRepository.findTestObject(HealthpostToStore/Page_Store/input_txttotal), "value"): Attribute 'value' of object 'Object Repository/HealthpostToStore/Page_Store/input_txttotal' is: '10'

2018-05-28 10:27:08 - [MESSAGE][PASSED] - Attribute 'value' of object 'Object Repository/HealthpostToStore/Page_Store/input_txttotal' is: '10'

2018-05-28 10:27:08 - [TEST_STEP][PASSED] - Statement - out.println("Requested QTY : " + RequestedQty): null

2018-05-28 10:27:08 - [TEST_STEP][PASSED] - Statement - BatchNumber = com.kms.katalon.core.webui.keyword.WebUiBuiltInKeywords.getNumberOfTotalOption(com.kms.katalon.core.testobject.ObjectRepository.findTestObject(HealthpostToStore/Page_Store/select_--Select--BA1170BA2376B)): 4 options of object 'Object Repository/HealthpostToStore/Page_Store/select_--Select--BA1170BA2376B' counted

2018-05-28 10:27:08 - [MESSAGE][PASSED] - 4 options of object 'Object Repository/HealthpostToStore/Page_Store/select_--Select--BA1170BA2376B' counted

2018-05-28 10:27:08 - [TEST_STEP][PASSED] - Statement - For ([g = 1, g <= BatchNumber - 1, (g++)]): null

2018-05-28 10:27:08 - [TEST_STEP][PASSED] - selectOptionByIndex: All options with index in [1] are selected on object 'Object Repository/HealthpostToStore/Page_Store/select_--Select--BA1170BA2376B'

2018-05-28 10:27:08 - [MESSAGE][PASSED] - All options with index in [1] are selected on object 'Object Repository/HealthpostToStore/Page_Store/select_--Select--BA1170BA2376B'

2018-05-28 10:27:08 - [TEST_STEP][PASSED] - Statement - Try: null

2018-05-28 10:27:08 - [TEST_STEP][PASSED] - Statement - StockQty = com.kms.katalon.core.webui.keyword.WebUiBuiltInKeywords.getAttribute(com.kms.katalon.core.testobject.ObjectRepository.findTestObject(HealthpostToStore/Page_Store/input_txtprice), "value"): Attribute 'value' of object 'Object Repository/HealthpostToStore/Page_Store/input_txtprice' is: '350'

2018-05-28 10:27:08 - [MESSAGE][PASSED] - Attribute 'value' of object 'Object Repository/HealthpostToStore/Page_Store/input_txtprice' is: '350'

2018-05-28 10:27:08 - [TEST_STEP][PASSED] - Statement - out.println("Stock QTY : " + StockQty): null

2018-05-28 10:27:08 - [TEST_STEP][PASSED] - delay: Delayed 2 second(s)

2018-05-28 10:27:10 - [MESSAGE][PASSED] - Delayed 2 second(s)

2018-05-28 10:27:10 - [TEST_STEP][PASSED] - Statement - If (java.lang.String.valueOf(StockQty) >= java.lang.String.valueOf(RequestedQty)): null

2018-05-28 10:27:10 - [TEST_STEP][PASSED] - setText: Text '10' is set on object 'Object Repository/HealthpostToStore/Page_Store/input_txtqty'

2018-05-28 10:27:10 - [MESSAGE][PASSED] - Text '10' is set on object 'Object Repository/HealthpostToStore/Page_Store/input_txtqty'

2018-05-28 10:27:10 - [TEST_STEP][PASSED] - click: Object: 'Object Repository/HealthpostToStore/Page_Store/button_Add' is clicked on

2018-05-28 10:27:10 - [MESSAGE][PASSED] - Object: 'Object Repository/HealthpostToStore/Page_Store/button_Add' is clicked on

2018-05-28 10:27:10 - [TEST_STEP][PASSED] - Statement - Break: null

2018-05-28 10:27:10 - [TEST_STEP][PASSED] - selectOptionByIndex: All options with index in [11] are selected on object 'Object Repository/HealthpostToStore/Page_Store/select_--Select--Adernaline 0.'

2018-05-28 10:27:10 - [MESSAGE][PASSED] - All options with index in [11] are selected on object 'Object Repository/HealthpostToStore/Page_Store/select_--Select--Adernaline 0.'

2018-05-28 10:27:10 - [TEST_STEP][PASSED] - delay: Delayed 2 second(s)

2018-05-28 10:27:12 - [MESSAGE][PASSED] - Delayed 2 second(s)

2018-05-28 10:27:12 - [TEST_STEP][PASSED] - Statement - RequestedQty = com.kms.katalon.core.webui.keyword.WebUiBuiltInKeywords.getAttribute(com.kms.katalon.core.testobject.ObjectRepository.findTestObject(HealthpostToStore/Page_Store/input_txttotal), "value"): Attribute 'value' of object 'Object Repository/HealthpostToStore/Page_Store/input_txttotal' is: '10'

2018-05-28 10:27:12 - [MESSAGE][PASSED] - Attribute 'value' of object 'Object Repository/HealthpostToStore/Page_Store/input_txttotal' is: '10'

2018-05-28 10:27:12 - [TEST_STEP][PASSED] - Statement - out.println("Requested QTY : " + RequestedQty): null

2018-05-28 10:27:12 - [TEST_STEP][PASSED] - Statement - BatchNumber = com.kms.katalon.core.webui.keyword.WebUiBuiltInKeywords.getNumberOfTotalOption(com.kms.katalon.core.testobject.ObjectRepository.findTestObject(HealthpostToStore/Page_Store/select_--Select--BA1170BA2376B)): 4 options of object 'Object Repository/HealthpostToStore/Page_Store/select_--Select--BA1170BA2376B' counted

2018-05-28 10:27:12 - [MESSAGE][PASSED] - 4 options of object 'Object Repository/HealthpostToStore/Page_Store/select_--Select--BA1170BA2376B' counted

2018-05-28 10:27:12 - [TEST_STEP][PASSED] - Statement - For ([g = 1, g <= BatchNumber - 1, (g++)]): null

2018-05-28 10:27:12 - [TEST_STEP][PASSED] - selectOptionByIndex: All options with index in [1] are selected on object 'Object Repository/HealthpostToStore/Page_Store/select_--Select--BA1170BA2376B'

2018-05-28 10:27:13 - [MESSAGE][PASSED] - All options with index in [1] are selected on object 'Object Repository/HealthpostToStore/Page_Store/select_--Select--BA1170BA2376B'

2018-05-28 10:27:13 - [TEST_STEP][PASSED] - Statement - Try: null

2018-05-28 10:27:13 - [TEST_STEP][PASSED] - Statement - StockQty = com.kms.katalon.core.webui.keyword.WebUiBuiltInKeywords.getAttribute(com.kms.katalon.core.testobject.ObjectRepository.findTestObject(HealthpostToStore/Page_Store/input_txtprice), "value"): Attribute 'value' of object 'Object Repository/HealthpostToStore/Page_Store/input_txtprice' is: '1290'

2018-05-28 10:27:13 - [MESSAGE][PASSED] - Attribute 'value' of object 'Object Repository/HealthpostToStore/Page_Store/input_txtprice' is: '1290'

2018-05-28 10:27:13 - [TEST_STEP][PASSED] - Statement - out.println("Stock QTY : " + StockQty): null

2018-05-28 10:27:13 - [TEST_STEP][PASSED] - delay: Delayed 2 second(s)

2018-05-28 10:27:15 - [MESSAGE][PASSED] - Delayed 2 second(s)

2018-05-28 10:27:15 - [TEST_STEP][PASSED] - Statement - If (java.lang.String.valueOf(StockQty) >= java.lang.String.valueOf(RequestedQty)): null

2018-05-28 10:27:15 - [TEST_STEP][PASSED] - setText: Text '10' is set on object 'Object Repository/HealthpostToStore/Page_Store/input_txtqty'

2018-05-28 10:27:15 - [MESSAGE][PASSED] - Text '10' is set on object 'Object Repository/HealthpostToStore/Page_Store/input_txtqty'

2018-05-28 10:27:15 - [TEST_STEP][PASSED] - click: Object: 'Object Repository/HealthpostToStore/Page_Store/button_Add' is clicked on

2018-05-28 10:27:15 - [MESSAGE][PASSED] - Object: 'Object Repository/HealthpostToStore/Page_Store/button_Add' is clicked on

2018-05-28 10:27:15 - [TEST_STEP][PASSED] - Statement - Break: null

2018-05-28 10:27:15 - [TEST_STEP][PASSED] - selectOptionByIndex: All options with index in [12] are selected on object 'Object Repository/HealthpostToStore/Page_Store/select_--Select--Adernaline 0.'

2018-05-28 10:27:15 - [MESSAGE][PASSED] - All options with index in [12] are selected on object 'Object Repository/HealthpostToStore/Page_Store/select_--Select--Adernaline 0.'

2018-05-28 10:27:15 - [TEST_STEP][PASSED] - delay: Delayed 2 second(s)

2018-05-28 10:27:17 - [MESSAGE][PASSED] - Delayed 2 second(s)

2018-05-28 10:27:17 - [TEST_STEP][PASSED] - Statement - RequestedQty = com.kms.katalon.core.webui.keyword.WebUiBuiltInKeywords.getAttribute(com.kms.katalon.core.testobject.ObjectRepository.findTestObject(HealthpostToStore/Page_Store/input_txttotal), "value"): Attribute 'value' of object 'Object Repository/HealthpostToStore/Page_Store/input_txttotal' is: '10'

2018-05-28 10:27:17 - [MESSAGE][PASSED] - Attribute 'value' of object 'Object Repository/HealthpostToStore/Page_Store/input_txttotal' is: '10'

2018-05-28 10:27:17 - [TEST_STEP][PASSED] - Statement - out.println("Requested QTY : " + RequestedQty): null

2018-05-28 10:27:17 - [TEST_STEP][PASSED] - Statement - BatchNumber = com.kms.katalon.core.webui.keyword.WebUiBuiltInKeywords.getNumberOfTotalOption(com.kms.katalon.core.testobject.ObjectRepository.findTestObject(HealthpostToStore/Page_Store/select_--Select--BA1170BA2376B)): 3 options of object 'Object Repository/HealthpostToStore/Page_Store/select_--Select--BA1170BA2376B' counted

2018-05-28 10:27:17 - [MESSAGE][PASSED] - 3 options of object 'Object Repository/HealthpostToStore/Page_Store/select_--Select--BA1170BA2376B' counted

2018-05-28 10:27:17 - [TEST_STEP][PASSED] - Statement - For ([g = 1, g <= BatchNumber - 1, (g++)]): null

2018-05-28 10:27:17 - [TEST_STEP][PASSED] - selectOptionByIndex: All options with index in [1] are selected on object 'Object Repository/HealthpostToStore/Page_Store/select_--Select--BA1170BA2376B'

2018-05-28 10:27:17 - [MESSAGE][PASSED] - All options with index in [1] are selected on object 'Object Repository/HealthpostToStore/Page_Store/select_--Select--BA1170BA2376B'

2018-05-28 10:27:17 - [TEST_STEP][PASSED] - Statement - Try: null

2018-05-28 10:27:17 - [TEST_STEP][PASSED] - Statement - StockQty = com.kms.katalon.core.webui.keyword.WebUiBuiltInKeywords.getAttribute(com.kms.katalon.core.testobject.ObjectRepository.findTestObject(HealthpostToStore/Page_Store/input_txtprice), "value"): Attribute 'value' of object 'Object Repository/HealthpostToStore/Page_Store/input_txtprice' is: '1390'

2018-05-28 10:27:17 - [MESSAGE][PASSED] - Attribute 'value' of object 'Object Repository/HealthpostToStore/Page_Store/input_txtprice' is: '1390'

2018-05-28 10:27:17 - [TEST_STEP][PASSED] - Statement - out.println("Stock QTY : " + StockQty): null

2018-05-28 10:27:17 - [TEST_STEP][PASSED] - delay: Delayed 2 second(s)

2018-05-28 10:27:19 - [MESSAGE][PASSED] - Delayed 2 second(s)

2018-05-28 10:27:19 - [TEST_STEP][PASSED] - Statement - If (java.lang.String.valueOf(StockQty) >= java.lang.String.valueOf(RequestedQty)): null

2018-05-28 10:27:19 - [TEST_STEP][PASSED] - setText: Text '10' is set on object 'Object Repository/HealthpostToStore/Page_Store/input_txtqty'

2018-05-28 10:27:19 - [MESSAGE][PASSED] - Text '10' is set on object 'Object Repository/HealthpostToStore/Page_Store/input_txtqty'

2018-05-28 10:27:19 - [TEST_STEP][PASSED] - click: Object: 'Object Repository/HealthpostToStore/Page_Store/button_Add' is clicked on

2018-05-28 10:27:19 - [MESSAGE][PASSED] - Object: 'Object Repository/HealthpostToStore/Page_Store/button_Add' is clicked on

2018-05-28 10:27:19 - [TEST_STEP][PASSED] - Statement - Break: null

2018-05-28 10:27:19 - [TEST_STEP][PASSED] - selectOptionByIndex: All options with index in [13] are selected on object 'Object Repository/HealthpostToStore/Page_Store/select_--Select--Adernaline 0.'

2018-05-28 10:27:20 - [MESSAGE][PASSED] - All options with index in [13] are selected on object 'Object Repository/HealthpostToStore/Page_Store/select_--Select--Adernaline 0.'

2018-05-28 10:27:20 - [TEST_STEP][PASSED] - delay: Delayed 2 second(s)

2018-05-28 10:27:22 - [MESSAGE][PASSED] - Delayed 2 second(s)

2018-05-28 10:27:22 - [TEST_STEP][PASSED] - Statement - RequestedQty = com.kms.katalon.core.webui.keyword.WebUiBuiltInKeywords.getAttribute(com.kms.katalon.core.testobject.ObjectRepository.findTestObject(HealthpostToStore/Page_Store/input_txttotal), "value"): Attribute 'value' of object 'Object Repository/HealthpostToStore/Page_Store/input_txttotal' is: '10'

2018-05-28 10:27:22 - [MESSAGE][PASSED] - Attribute 'value' of object 'Object Repository/HealthpostToStore/Page_Store/input_txttotal' is: '10'

2018-05-28 10:27:22 - [TEST_STEP][PASSED] - Statement - out.println("Requested QTY : " + RequestedQty): null

2018-05-28 10:27:22 - [TEST_STEP][PASSED] - Statement - BatchNumber = com.kms.katalon.core.webui.keyword.WebUiBuiltInKeywords.getNumberOfTotalOption(com.kms.katalon.core.testobject.ObjectRepository.findTestObject(HealthpostToStore/Page_Store/select_--Select--BA1170BA2376B)): 4 options of object 'Object Repository/HealthpostToStore/Page_Store/select_--Select--BA1170BA2376B' counted

2018-05-28 10:27:22 - [MESSAGE][PASSED] - 4 options of object 'Object Repository/HealthpostToStore/Page_Store/select_--Select--BA1170BA2376B' counted

2018-05-28 10:27:22 - [TEST_STEP][PASSED] - Statement - For ([g = 1, g <= BatchNumber - 1, (g++)]): null

2018-05-28 10:27:22 - [TEST_STEP][PASSED] - selectOptionByIndex: All options with index in [1] are selected on object 'Object Repository/HealthpostToStore/Page_Store/select_--Select--BA1170BA2376B'

2018-05-28 10:27:22 - [MESSAGE][PASSED] - All options with index in [1] are selected on object 'Object Repository/HealthpostToStore/Page_Store/select_--Select--BA1170BA2376B'

2018-05-28 10:27:22 - [TEST_STEP][PASSED] - Statement - Try: null

2018-05-28 10:27:22 - [TEST_STEP][PASSED] - Statement - StockQty = com.kms.katalon.core.webui.keyword.WebUiBuiltInKeywords.getAttribute(com.kms.katalon.core.testobject.ObjectRepository.findTestObject(HealthpostToStore/Page_Store/input_txtprice), "value"): Attribute 'value' of object 'Object Repository/HealthpostToStore/Page_Store/input_txtprice' is: '350'

2018-05-28 10:27:22 - [MESSAGE][PASSED] - Attribute 'value' of object 'Object Repository/HealthpostToStore/Page_Store/input_txtprice' is: '350'

2018-05-28 10:27:22 - [TEST_STEP][PASSED] - Statement - out.println("Stock QTY : " + StockQty): null

2018-05-28 10:27:22 - [TEST_STEP][PASSED] - delay: Delayed 2 second(s)

2018-05-28 10:27:24 - [MESSAGE][PASSED] - Delayed 2 second(s)

2018-05-28 10:27:24 - [TEST_STEP][PASSED] - Statement - If (java.lang.String.valueOf(StockQty) >= java.lang.String.valueOf(RequestedQty)): null

2018-05-28 10:27:24 - [TEST_STEP][PASSED] - setText: Text '10' is set on object 'Object Repository/HealthpostToStore/Page_Store/input_txtqty'

2018-05-28 10:27:24 - [MESSAGE][PASSED] - Text '10' is set on object 'Object Repository/HealthpostToStore/Page_Store/input_txtqty'

2018-05-28 10:27:24 - [TEST_STEP][PASSED] - click: Object: 'Object Repository/HealthpostToStore/Page_Store/button_Add' is clicked on

2018-05-28 10:27:24 - [MESSAGE][PASSED] - Object: 'Object Repository/HealthpostToStore/Page_Store/button_Add' is clicked on

2018-05-28 10:27:24 - [TEST_STEP][PASSED] - Statement - Break: null

2018-05-28 10:27:24 - [TEST_STEP][PASSED] - selectOptionByIndex: All options with index in [14] are selected on object 'Object Repository/HealthpostToStore/Page_Store/select_--Select--Adernaline 0.'

2018-05-28 10:27:24 - [MESSAGE][PASSED] - All options with index in [14] are selected on object 'Object Repository/HealthpostToStore/Page_Store/select_--Select--Adernaline 0.'

2018-05-28 10:27:24 - [TEST_STEP][PASSED] - delay: Delayed 2 second(s)

2018-05-28 10:27:26 - [MESSAGE][PASSED] - Delayed 2 second(s)

2018-05-28 10:27:26 - [TEST_STEP][PASSED] - Statement - RequestedQty = com.kms.katalon.core.webui.keyword.WebUiBuiltInKeywords.getAttribute(com.kms.katalon.core.testobject.ObjectRepository.findTestObject(HealthpostToStore/Page_Store/input_txttotal), "value"): Attribute 'value' of object 'Object Repository/HealthpostToStore/Page_Store/input_txttotal' is: '10'

2018-05-28 10:27:26 - [MESSAGE][PASSED] - Attribute 'value' of object 'Object Repository/HealthpostToStore/Page_Store/input_txttotal' is: '10'

2018-05-28 10:27:26 - [TEST_STEP][PASSED] - Statement - out.println("Requested QTY : " + RequestedQty): null

2018-05-28 10:27:26 - [TEST_STEP][PASSED] - Statement - BatchNumber = com.kms.katalon.core.webui.keyword.WebUiBuiltInKeywords.getNumberOfTotalOption(com.kms.katalon.core.testobject.ObjectRepository.findTestObject(HealthpostToStore/Page_Store/select_--Select--BA1170BA2376B)): 5 options of object 'Object Repository/HealthpostToStore/Page_Store/select_--Select--BA1170BA2376B' counted

2018-05-28 10:27:26 - [MESSAGE][PASSED] - 5 options of object 'Object Repository/HealthpostToStore/Page_Store/select_--Select--BA1170BA2376B' counted

2018-05-28 10:27:26 - [TEST_STEP][PASSED] - Statement - For ([g = 1, g <= BatchNumber - 1, (g++)]): null

2018-05-28 10:27:26 - [TEST_STEP][PASSED] - selectOptionByIndex: All options with index in [1] are selected on object 'Object Repository/HealthpostToStore/Page_Store/select_--Select--BA1170BA2376B'

2018-05-28 10:27:27 - [MESSAGE][PASSED] - All options with index in [1] are selected on object 'Object Repository/HealthpostToStore/Page_Store/select_--Select--BA1170BA2376B'

2018-05-28 10:27:27 - [TEST_STEP][PASSED] - Statement - Try: null

2018-05-28 10:27:27 - [TEST_STEP][PASSED] - Statement - StockQty = com.kms.katalon.core.webui.keyword.WebUiBuiltInKeywords.getAttribute(com.kms.katalon.core.testobject.ObjectRepository.findTestObject(HealthpostToStore/Page_Store/input_txtprice), "value"): Attribute 'value' of object 'Object Repository/HealthpostToStore/Page_Store/input_txtprice' is: '350'

2018-05-28 10:27:27 - [MESSAGE][PASSED] - Attribute 'value' of object 'Object Repository/HealthpostToStore/Page_Store/input_txtprice' is: '350'

2018-05-28 10:27:27 - [TEST_STEP][PASSED] - Statement - out.println("Stock QTY : " + StockQty): null

2018-05-28 10:27:27 - [TEST_STEP][PASSED] - delay: Delayed 2 second(s)

2018-05-28 10:27:29 - [MESSAGE][PASSED] - Delayed 2 second(s)

2018-05-28 10:27:29 - [TEST_STEP][PASSED] - Statement - If (java.lang.String.valueOf(StockQty) >= java.lang.String.valueOf(RequestedQty)): null

2018-05-28 10:27:29 - [TEST_STEP][PASSED] - setText: Text '10' is set on object 'Object Repository/HealthpostToStore/Page_Store/input_txtqty'

2018-05-28 10:27:29 - [MESSAGE][PASSED] - Text '10' is set on object 'Object Repository/HealthpostToStore/Page_Store/input_txtqty'

2018-05-28 10:27:29 - [TEST_STEP][PASSED] - click: Object: 'Object Repository/HealthpostToStore/Page_Store/button_Add' is clicked on

2018-05-28 10:27:29 - [MESSAGE][PASSED] - Object: 'Object Repository/HealthpostToStore/Page_Store/button_Add' is clicked on

2018-05-28 10:27:29 - [TEST_STEP][PASSED] - Statement - Break: null

2018-05-28 10:27:29 - [TEST_STEP][PASSED] - selectOptionByIndex: All options with index in [15] are selected on object 'Object Repository/HealthpostToStore/Page_Store/select_--Select--Adernaline 0.'

2018-05-28 10:27:29 - [MESSAGE][PASSED] - All options with index in [15] are selected on object 'Object Repository/HealthpostToStore/Page_Store/select_--Select--Adernaline 0.'

2018-05-28 10:27:29 - [TEST_STEP][PASSED] - delay: Delayed 2 second(s)

2018-05-28 10:27:31 - [MESSAGE][PASSED] - Delayed 2 second(s)

2018-05-28 10:27:31 - [TEST_STEP][PASSED] - Statement - RequestedQty = com.kms.katalon.core.webui.keyword.WebUiBuiltInKeywords.getAttribute(com.kms.katalon.core.testobject.ObjectRepository.findTestObject(HealthpostToStore/Page_Store/input_txttotal), "value"): Attribute 'value' of object 'Object Repository/HealthpostToStore/Page_Store/input_txttotal' is: '10'

2018-05-28 10:27:31 - [MESSAGE][PASSED] - Attribute 'value' of object 'Object Repository/HealthpostToStore/Page_Store/input_txttotal' is: '10'

2018-05-28 10:27:31 - [TEST_STEP][PASSED] - Statement - out.println("Requested QTY : " + RequestedQty): null

2018-05-28 10:27:31 - [TEST_STEP][PASSED] - Statement - BatchNumber = com.kms.katalon.core.webui.keyword.WebUiBuiltInKeywords.getNumberOfTotalOption(com.kms.katalon.core.testobject.ObjectRepository.findTestObject(HealthpostToStore/Page_Store/select_--Select--BA1170BA2376B)): 4 options of object 'Object Repository/HealthpostToStore/Page_Store/select_--Select--BA1170BA2376B' counted

2018-05-28 10:27:31 - [MESSAGE][PASSED] - 4 options of object 'Object Repository/HealthpostToStore/Page_Store/select_--Select--BA1170BA2376B' counted

2018-05-28 10:27:31 - [TEST_STEP][PASSED] - Statement - For ([g = 1, g <= BatchNumber - 1, (g++)]): null

2018-05-28 10:27:31 - [TEST_STEP][PASSED] - selectOptionByIndex: All options with index in [1] are selected on object 'Object Repository/HealthpostToStore/Page_Store/select_--Select--BA1170BA2376B'

2018-05-28 10:27:31 - [MESSAGE][PASSED] - All options with index in [1] are selected on object 'Object Repository/HealthpostToStore/Page_Store/select_--Select--BA1170BA2376B'

2018-05-28 10:27:31 - [TEST_STEP][PASSED] - Statement - Try: null

2018-05-28 10:27:31 - [TEST_STEP][PASSED] - Statement - StockQty = com.kms.katalon.core.webui.keyword.WebUiBuiltInKeywords.getAttribute(com.kms.katalon.core.testobject.ObjectRepository.findTestObject(HealthpostToStore/Page_Store/input_txtprice), "value"): Attribute 'value' of object 'Object Repository/HealthpostToStore/Page_Store/input_txtprice' is: '350'

2018-05-28 10:27:31 - [MESSAGE][PASSED] - Attribute 'value' of object 'Object Repository/HealthpostToStore/Page_Store/input_txtprice' is: '350'

2018-05-28 10:27:31 - [TEST_STEP][PASSED] - Statement - out.println("Stock QTY : " + StockQty): null

2018-05-28 10:27:31 - [TEST_STEP][PASSED] - delay: Delayed 2 second(s)

2018-05-28 10:27:33 - [MESSAGE][PASSED] - Delayed 2 second(s)

2018-05-28 10:27:33 - [TEST_STEP][PASSED] - Statement - If (java.lang.String.valueOf(StockQty) >= java.lang.String.valueOf(RequestedQty)): null

2018-05-28 10:27:33 - [TEST_STEP][PASSED] - setText: Text '10' is set on object 'Object Repository/HealthpostToStore/Page_Store/input_txtqty'

2018-05-28 10:27:33 - [MESSAGE][PASSED] - Text '10' is set on object 'Object Repository/HealthpostToStore/Page_Store/input_txtqty'

2018-05-28 10:27:33 - [TEST_STEP][PASSED] - click: Object: 'Object Repository/HealthpostToStore/Page_Store/button_Add' is clicked on

2018-05-28 10:27:33 - [MESSAGE][PASSED] - Object: 'Object Repository/HealthpostToStore/Page_Store/button_Add' is clicked on

2018-05-28 10:27:33 - [TEST_STEP][PASSED] - Statement - Break: null

2018-05-28 10:27:33 - [TEST_STEP][PASSED] - selectOptionByIndex: All options with index in [16] are selected on object 'Object Repository/HealthpostToStore/Page_Store/select_--Select--Adernaline 0.'

2018-05-28 10:27:34 - [MESSAGE][PASSED] - All options with index in [16] are selected on object 'Object Repository/HealthpostToStore/Page_Store/select_--Select--Adernaline 0.'

2018-05-28 10:27:34 - [TEST_STEP][PASSED] - delay: Delayed 2 second(s)

2018-05-28 10:27:36 - [MESSAGE][PASSED] - Delayed 2 second(s)

2018-05-28 10:27:36 - [TEST_STEP][PASSED] - Statement - RequestedQty = com.kms.katalon.core.webui.keyword.WebUiBuiltInKeywords.getAttribute(com.kms.katalon.core.testobject.ObjectRepository.findTestObject(HealthpostToStore/Page_Store/input_txttotal), "value"): Attribute 'value' of object 'Object Repository/HealthpostToStore/Page_Store/input_txttotal' is: '10'

2018-05-28 10:27:36 - [MESSAGE][PASSED] - Attribute 'value' of object 'Object Repository/HealthpostToStore/Page_Store/input_txttotal' is: '10'

2018-05-28 10:27:36 - [TEST_STEP][PASSED] - Statement - out.println("Requested QTY : " + RequestedQty): null

2018-05-28 10:27:36 - [TEST_STEP][PASSED] - Statement - BatchNumber = com.kms.katalon.core.webui.keyword.WebUiBuiltInKeywords.getNumberOfTotalOption(com.kms.katalon.core.testobject.ObjectRepository.findTestObject(HealthpostToStore/Page_Store/select_--Select--BA1170BA2376B)): 3 options of object 'Object Repository/HealthpostToStore/Page_Store/select_--Select--BA1170BA2376B' counted

2018-05-28 10:27:36 - [MESSAGE][PASSED] - 3 options of object 'Object Repository/HealthpostToStore/Page_Store/select_--Select--BA1170BA2376B' counted

2018-05-28 10:27:36 - [TEST_STEP][PASSED] - Statement - For ([g = 1, g <= BatchNumber - 1, (g++)]): null

2018-05-28 10:27:36 - [TEST_STEP][PASSED] - selectOptionByIndex: All options with index in [1] are selected on object 'Object Repository/HealthpostToStore/Page_Store/select_--Select--BA1170BA2376B'

2018-05-28 10:27:36 - [MESSAGE][PASSED] - All options with index in [1] are selected on object 'Object Repository/HealthpostToStore/Page_Store/select_--Select--BA1170BA2376B'

2018-05-28 10:27:36 - [TEST_STEP][PASSED] - Statement - Try: null

2018-05-28 10:27:36 - [TEST_STEP][PASSED] - Statement - StockQty = com.kms.katalon.core.webui.keyword.WebUiBuiltInKeywords.getAttribute(com.kms.katalon.core.testobject.ObjectRepository.findTestObject(HealthpostToStore/Page_Store/input_txtprice), "value"): Attribute 'value' of object 'Object Repository/HealthpostToStore/Page_Store/input_txtprice' is: '1400'

2018-05-28 10:27:36 - [MESSAGE][PASSED] - Attribute 'value' of object 'Object Repository/HealthpostToStore/Page_Store/input_txtprice' is: '1400'

2018-05-28 10:27:36 - [TEST_STEP][PASSED] - Statement - out.println("Stock QTY : " + StockQty): null

2018-05-28 10:27:36 - [TEST_STEP][PASSED] - delay: Delayed 2 second(s)

2018-05-28 10:27:38 - [MESSAGE][PASSED] - Delayed 2 second(s)

2018-05-28 10:27:38 - [TEST_STEP][PASSED] - Statement - If (java.lang.String.valueOf(StockQty) >= java.lang.String.valueOf(RequestedQty)): null

2018-05-28 10:27:38 - [TEST_STEP][PASSED] - setText: Text '10' is set on object 'Object Repository/HealthpostToStore/Page_Store/input_txtqty'

2018-05-28 10:27:38 - [MESSAGE][PASSED] - Text '10' is set on object 'Object Repository/HealthpostToStore/Page_Store/input_txtqty'

2018-05-28 10:27:38 - [TEST_STEP][PASSED] - click: Object: 'Object Repository/HealthpostToStore/Page_Store/button_Add' is clicked on

2018-05-28 10:27:38 - [MESSAGE][PASSED] - Object: 'Object Repository/HealthpostToStore/Page_Store/button_Add' is clicked on

2018-05-28 10:27:38 - [TEST_STEP][PASSED] - Statement - Break: null

2018-05-28 10:27:38 - [TEST_STEP][PASSED] - selectOptionByIndex: All options with index in [17] are selected on object 'Object Repository/HealthpostToStore/Page_Store/select_--Select--Adernaline 0.'

2018-05-28 10:27:38 - [MESSAGE][PASSED] - All options with index in [17] are selected on object 'Object Repository/HealthpostToStore/Page_Store/select_--Select--Adernaline 0.'

2018-05-28 10:27:38 - [TEST_STEP][PASSED] - delay: Delayed 2 second(s)

2018-05-28 10:27:40 - [MESSAGE][PASSED] - Delayed 2 second(s)

2018-05-28 10:27:40 - [TEST_STEP][PASSED] - Statement - RequestedQty = com.kms.katalon.core.webui.keyword.WebUiBuiltInKeywords.getAttribute(com.kms.katalon.core.testobject.ObjectRepository.findTestObject(HealthpostToStore/Page_Store/input_txttotal), "value"): Attribute 'value' of object 'Object Repository/HealthpostToStore/Page_Store/input_txttotal' is: '10'

2018-05-28 10:27:41 - [MESSAGE][PASSED] - Attribute 'value' of object 'Object Repository/HealthpostToStore/Page_Store/input_txttotal' is: '10'

2018-05-28 10:27:41 - [TEST_STEP][PASSED] - Statement - out.println("Requested QTY : " + RequestedQty): null

2018-05-28 10:27:41 - [TEST_STEP][PASSED] - Statement - BatchNumber = com.kms.katalon.core.webui.keyword.WebUiBuiltInKeywords.getNumberOfTotalOption(com.kms.katalon.core.testobject.ObjectRepository.findTestObject(HealthpostToStore/Page_Store/select_--Select--BA1170BA2376B)): 4 options of object 'Object Repository/HealthpostToStore/Page_Store/select_--Select--BA1170BA2376B' counted

2018-05-28 10:27:41 - [MESSAGE][PASSED] - 4 options of object 'Object Repository/HealthpostToStore/Page_Store/select_--Select--BA1170BA2376B' counted

2018-05-28 10:27:41 - [TEST_STEP][PASSED] - Statement - For ([g = 1, g <= BatchNumber - 1, (g++)]): null

2018-05-28 10:27:41 - [TEST_STEP][PASSED] - selectOptionByIndex: All options with index in [1] are selected on object 'Object Repository/HealthpostToStore/Page_Store/select_--Select--BA1170BA2376B'

2018-05-28 10:27:41 - [MESSAGE][PASSED] - All options with index in [1] are selected on object 'Object Repository/HealthpostToStore/Page_Store/select_--Select--BA1170BA2376B'

2018-05-28 10:27:41 - [TEST_STEP][PASSED] - Statement - Try: null

2018-05-28 10:27:41 - [TEST_STEP][PASSED] - Statement - StockQty = com.kms.katalon.core.webui.keyword.WebUiBuiltInKeywords.getAttribute(com.kms.katalon.core.testobject.ObjectRepository.findTestObject(HealthpostToStore/Page_Store/input_txtprice), "value"): Attribute 'value' of object 'Object Repository/HealthpostToStore/Page_Store/input_txtprice' is: '350'

2018-05-28 10:27:41 - [MESSAGE][PASSED] - Attribute 'value' of object 'Object Repository/HealthpostToStore/Page_Store/input_txtprice' is: '350'

2018-05-28 10:27:41 - [TEST_STEP][PASSED] - Statement - out.println("Stock QTY : " + StockQty): null

2018-05-28 10:27:41 - [TEST_STEP][PASSED] - delay: Delayed 2 second(s)

2018-05-28 10:27:43 - [MESSAGE][PASSED] - Delayed 2 second(s)

2018-05-28 10:27:43 - [TEST_STEP][PASSED] - Statement - If (java.lang.String.valueOf(StockQty) >= java.lang.String.valueOf(RequestedQty)): null

2018-05-28 10:27:43 - [TEST_STEP][PASSED] - setText: Text '10' is set on object 'Object Repository/HealthpostToStore/Page_Store/input_txtqty'

2018-05-28 10:27:43 - [MESSAGE][PASSED] - Text '10' is set on object 'Object Repository/HealthpostToStore/Page_Store/input_txtqty'

2018-05-28 10:27:43 - [TEST_STEP][PASSED] - click: Object: 'Object Repository/HealthpostToStore/Page_Store/button_Add' is clicked on

2018-05-28 10:27:43 - [MESSAGE][PASSED] - Object: 'Object Repository/HealthpostToStore/Page_Store/button_Add' is clicked on

2018-05-28 10:27:43 - [TEST_STEP][PASSED] - Statement - Break: null

2018-05-28 10:27:43 - [TEST_STEP][PASSED] - selectOptionByIndex: All options with index in [18] are selected on object 'Object Repository/HealthpostToStore/Page_Store/select_--Select--Adernaline 0.'

2018-05-28 10:27:43 - [MESSAGE][PASSED] - All options with index in [18] are selected on object 'Object Repository/HealthpostToStore/Page_Store/select_--Select--Adernaline 0.'

2018-05-28 10:27:43 - [TEST_STEP][PASSED] - delay: Delayed 2 second(s)

2018-05-28 10:27:45 - [MESSAGE][PASSED] - Delayed 2 second(s)

2018-05-28 10:27:45 - [TEST_STEP][PASSED] - Statement - RequestedQty = com.kms.katalon.core.webui.keyword.WebUiBuiltInKeywords.getAttribute(com.kms.katalon.core.testobject.ObjectRepository.findTestObject(HealthpostToStore/Page_Store/input_txttotal), "value"): Attribute 'value' of object 'Object Repository/HealthpostToStore/Page_Store/input_txttotal' is: '10'

2018-05-28 10:27:45 - [MESSAGE][PASSED] - Attribute 'value' of object 'Object Repository/HealthpostToStore/Page_Store/input_txttotal' is: '10'

2018-05-28 10:27:45 - [TEST_STEP][PASSED] - Statement - out.println("Requested QTY : " + RequestedQty): null

2018-05-28 10:27:45 - [TEST_STEP][PASSED] - Statement - BatchNumber = com.kms.katalon.core.webui.keyword.WebUiBuiltInKeywords.getNumberOfTotalOption(com.kms.katalon.core.testobject.ObjectRepository.findTestObject(HealthpostToStore/Page_Store/select_--Select--BA1170BA2376B)): 3 options of object 'Object Repository/HealthpostToStore/Page_Store/select_--Select--BA1170BA2376B' counted

2018-05-28 10:27:45 - [MESSAGE][PASSED] - 3 options of object 'Object Repository/HealthpostToStore/Page_Store/select_--Select--BA1170BA2376B' counted

2018-05-28 10:27:45 - [TEST_STEP][PASSED] - Statement - For ([g = 1, g <= BatchNumber - 1, (g++)]): null

2018-05-28 10:27:45 - [TEST_STEP][PASSED] - selectOptionByIndex: All options with index in [1] are selected on object 'Object Repository/HealthpostToStore/Page_Store/select_--Select--BA1170BA2376B'

2018-05-28 10:27:45 - [MESSAGE][PASSED] - All options with index in [1] are selected on object 'Object Repository/HealthpostToStore/Page_Store/select_--Select--BA1170BA2376B'

2018-05-28 10:27:45 - [TEST_STEP][PASSED] - Statement - Try: null

2018-05-28 10:27:45 - [TEST_STEP][PASSED] - Statement - StockQty = com.kms.katalon.core.webui.keyword.WebUiBuiltInKeywords.getAttribute(com.kms.katalon.core.testobject.ObjectRepository.findTestObject(HealthpostToStore/Page_Store/input_txtprice), "value"): Attribute 'value' of object 'Object Repository/HealthpostToStore/Page_Store/input_txtprice' is: '1390'

2018-05-28 10:27:45 - [MESSAGE][PASSED] - Attribute 'value' of object 'Object Repository/HealthpostToStore/Page_Store/input_txtprice' is: '1390'

2018-05-28 10:27:45 - [TEST_STEP][PASSED] - Statement - out.println("Stock QTY : " + StockQty): null

2018-05-28 10:27:45 - [TEST_STEP][PASSED] - delay: Delayed 2 second(s)

2018-05-28 10:27:47 - [MESSAGE][PASSED] - Delayed 2 second(s)

2018-05-28 10:27:47 - [TEST_STEP][PASSED] - Statement - If (java.lang.String.valueOf(StockQty) >= java.lang.String.valueOf(RequestedQty)): null

2018-05-28 10:27:47 - [TEST_STEP][PASSED] - setText: Text '10' is set on object 'Object Repository/HealthpostToStore/Page_Store/input_txtqty'

2018-05-28 10:27:48 - [MESSAGE][PASSED] - Text '10' is set on object 'Object Repository/HealthpostToStore/Page_Store/input_txtqty'

2018-05-28 10:27:48 - [TEST_STEP][PASSED] - click: Object: 'Object Repository/HealthpostToStore/Page_Store/button_Add' is clicked on

2018-05-28 10:27:48 - [MESSAGE][PASSED] - Object: 'Object Repository/HealthpostToStore/Page_Store/button_Add' is clicked on

2018-05-28 10:27:48 - [TEST_STEP][PASSED] - Statement - Break: null

2018-05-28 10:27:48 - [TEST_STEP][PASSED] - selectOptionByIndex: All options with index in [19] are selected on object 'Object Repository/HealthpostToStore/Page_Store/select_--Select--Adernaline 0.'

2018-05-28 10:27:48 - [MESSAGE][PASSED] - All options with index in [19] are selected on object 'Object Repository/HealthpostToStore/Page_Store/select_--Select--Adernaline 0.'

2018-05-28 10:27:48 - [TEST_STEP][PASSED] - delay: Delayed 2 second(s)

2018-05-28 10:27:50 - [MESSAGE][PASSED] - Delayed 2 second(s)

2018-05-28 10:27:50 - [TEST_STEP][PASSED] - Statement - RequestedQty = com.kms.katalon.core.webui.keyword.WebUiBuiltInKeywords.getAttribute(com.kms.katalon.core.testobject.ObjectRepository.findTestObject(HealthpostToStore/Page_Store/input_txttotal), "value"): Attribute 'value' of object 'Object Repository/HealthpostToStore/Page_Store/input_txttotal' is: '10'

2018-05-28 10:27:50 - [MESSAGE][PASSED] - Attribute 'value' of object 'Object Repository/HealthpostToStore/Page_Store/input_txttotal' is: '10'

2018-05-28 10:27:50 - [TEST_STEP][PASSED] - Statement - out.println("Requested QTY : " + RequestedQty): null

2018-05-28 10:27:50 - [TEST_STEP][PASSED] - Statement - BatchNumber = com.kms.katalon.core.webui.keyword.WebUiBuiltInKeywords.getNumberOfTotalOption(com.kms.katalon.core.testobject.ObjectRepository.findTestObject(HealthpostToStore/Page_Store/select_--Select--BA1170BA2376B)): 4 options of object 'Object Repository/HealthpostToStore/Page_Store/select_--Select--BA1170BA2376B' counted

2018-05-28 10:27:50 - [MESSAGE][PASSED] - 4 options of object 'Object Repository/HealthpostToStore/Page_Store/select_--Select--BA1170BA2376B' counted

2018-05-28 10:27:50 - [TEST_STEP][PASSED] - Statement - For ([g = 1, g <= BatchNumber - 1, (g++)]): null

2018-05-28 10:27:50 - [TEST_STEP][PASSED] - selectOptionByIndex: All options with index in [1] are selected on object 'Object Repository/HealthpostToStore/Page_Store/select_--Select--BA1170BA2376B'

2018-05-28 10:27:50 - [MESSAGE][PASSED] - All options with index in [1] are selected on object 'Object Repository/HealthpostToStore/Page_Store/select_--Select--BA1170BA2376B'

2018-05-28 10:27:50 - [TEST_STEP][PASSED] - Statement - Try: null

2018-05-28 10:27:50 - [TEST_STEP][PASSED] - Statement - StockQty = com.kms.katalon.core.webui.keyword.WebUiBuiltInKeywords.getAttribute(com.kms.katalon.core.testobject.ObjectRepository.findTestObject(HealthpostToStore/Page_Store/input_txtprice), "value"): Attribute 'value' of object 'Object Repository/HealthpostToStore/Page_Store/input_txtprice' is: '2290'

2018-05-28 10:27:50 - [MESSAGE][PASSED] - Attribute 'value' of object 'Object Repository/HealthpostToStore/Page_Store/input_txtprice' is: '2290'

2018-05-28 10:27:50 - [TEST_STEP][PASSED] - Statement - out.println("Stock QTY : " + StockQty): null

2018-05-28 10:27:50 - [TEST_STEP][PASSED] - delay: Delayed 2 second(s)

2018-05-28 10:27:52 - [MESSAGE][PASSED] - Delayed 2 second(s)

2018-05-28 10:27:52 - [TEST_STEP][PASSED] - Statement - If (java.lang.String.valueOf(StockQty) >= java.lang.String.valueOf(RequestedQty)): null

2018-05-28 10:27:52 - [TEST_STEP][PASSED] - setText: Text '10' is set on object 'Object Repository/HealthpostToStore/Page_Store/input_txtqty'

2018-05-28 10:27:52 - [MESSAGE][PASSED] - Text '10' is set on object 'Object Repository/HealthpostToStore/Page_Store/input_txtqty'

2018-05-28 10:27:52 - [TEST_STEP][PASSED] - click: Object: 'Object Repository/HealthpostToStore/Page_Store/button_Add' is clicked on

2018-05-28 10:27:52 - [MESSAGE][PASSED] - Object: 'Object Repository/HealthpostToStore/Page_Store/button_Add' is clicked on

2018-05-28 10:27:52 - [TEST_STEP][PASSED] - Statement - Break: null

2018-05-28 10:27:52 - [TEST_STEP][PASSED] - selectOptionByIndex: All options with index in [20] are selected on object 'Object Repository/HealthpostToStore/Page_Store/select_--Select--Adernaline 0.'

2018-05-28 10:27:53 - [MESSAGE][PASSED] - All options with index in [20] are selected on object 'Object Repository/HealthpostToStore/Page_Store/select_--Select--Adernaline 0.'

2018-05-28 10:27:53 - [TEST_STEP][PASSED] - delay: Delayed 2 second(s)

2018-05-28 10:27:55 - [MESSAGE][PASSED] - Delayed 2 second(s)

2018-05-28 10:27:55 - [TEST_STEP][PASSED] - Statement - RequestedQty = com.kms.katalon.core.webui.keyword.WebUiBuiltInKeywords.getAttribute(com.kms.katalon.core.testobject.ObjectRepository.findTestObject(HealthpostToStore/Page_Store/input_txttotal), "value"): Attribute 'value' of object 'Object Repository/HealthpostToStore/Page_Store/input_txttotal' is: '10'

2018-05-28 10:27:55 - [MESSAGE][PASSED] - Attribute 'value' of object 'Object Repository/HealthpostToStore/Page_Store/input_txttotal' is: '10'

2018-05-28 10:27:55 - [TEST_STEP][PASSED] - Statement - out.println("Requested QTY : " + RequestedQty): null

2018-05-28 10:27:55 - [TEST_STEP][PASSED] - Statement - BatchNumber = com.kms.katalon.core.webui.keyword.WebUiBuiltInKeywords.getNumberOfTotalOption(com.kms.katalon.core.testobject.ObjectRepository.findTestObject(HealthpostToStore/Page_Store/select_--Select--BA1170BA2376B)): 4 options of object 'Object Repository/HealthpostToStore/Page_Store/select_--Select--BA1170BA2376B' counted

2018-05-28 10:27:55 - [MESSAGE][PASSED] - 4 options of object 'Object Repository/HealthpostToStore/Page_Store/select_--Select--BA1170BA2376B' counted

2018-05-28 10:27:55 - [TEST_STEP][PASSED] - Statement - For ([g = 1, g <= BatchNumber - 1, (g++)]): null

2018-05-28 10:27:55 - [TEST_STEP][PASSED] - selectOptionByIndex: All options with index in [1] are selected on object 'Object Repository/HealthpostToStore/Page_Store/select_--Select--BA1170BA2376B'

2018-05-28 10:27:55 - [MESSAGE][PASSED] - All options with index in [1] are selected on object 'Object Repository/HealthpostToStore/Page_Store/select_--Select--BA1170BA2376B'

2018-05-28 10:27:55 - [TEST_STEP][PASSED] - Statement - Try: null

2018-05-28 10:27:55 - [TEST_STEP][PASSED] - Statement - StockQty = com.kms.katalon.core.webui.keyword.WebUiBuiltInKeywords.getAttribute(com.kms.katalon.core.testobject.ObjectRepository.findTestObject(HealthpostToStore/Page_Store/input_txtprice), "value"): Attribute 'value' of object 'Object Repository/HealthpostToStore/Page_Store/input_txtprice' is: '350'

2018-05-28 10:27:55 - [MESSAGE][PASSED] - Attribute 'value' of object 'Object Repository/HealthpostToStore/Page_Store/input_txtprice' is: '350'

2018-05-28 10:27:55 - [TEST_STEP][PASSED] - Statement - out.println("Stock QTY : " + StockQty): null

2018-05-28 10:27:55 - [TEST_STEP][PASSED] - delay: Delayed 2 second(s)

2018-05-28 10:27:57 - [MESSAGE][PASSED] - Delayed 2 second(s)

2018-05-28 10:27:57 - [TEST_STEP][PASSED] - Statement - If (java.lang.String.valueOf(StockQty) >= java.lang.String.valueOf(RequestedQty)): null

2018-05-28 10:27:57 - [TEST_STEP][PASSED] - setText: Text '10' is set on object 'Object Repository/HealthpostToStore/Page_Store/input_txtqty'

2018-05-28 10:27:57 - [MESSAGE][PASSED] - Text '10' is set on object 'Object Repository/HealthpostToStore/Page_Store/input_txtqty'

2018-05-28 10:27:57 - [TEST_STEP][PASSED] - click: Object: 'Object Repository/HealthpostToStore/Page_Store/button_Add' is clicked on

2018-05-28 10:27:57 - [MESSAGE][PASSED] - Object: 'Object Repository/HealthpostToStore/Page_Store/button_Add' is clicked on

2018-05-28 10:27:57 - [TEST_STEP][PASSED] - Statement - Break: null

2018-05-28 10:27:57 - [TEST_STEP][PASSED] - selectOptionByIndex: All options with index in [21] are selected on object 'Object Repository/HealthpostToStore/Page_Store/select_--Select--Adernaline 0.'

2018-05-28 10:27:57 - [MESSAGE][PASSED] - All options with index in [21] are selected on object 'Object Repository/HealthpostToStore/Page_Store/select_--Select--Adernaline 0.'

2018-05-28 10:27:57 - [TEST_STEP][PASSED] - delay: Delayed 2 second(s)

2018-05-28 10:27:59 - [MESSAGE][PASSED] - Delayed 2 second(s)

2018-05-28 10:27:59 - [TEST_STEP][PASSED] - Statement - RequestedQty = com.kms.katalon.core.webui.keyword.WebUiBuiltInKeywords.getAttribute(com.kms.katalon.core.testobject.ObjectRepository.findTestObject(HealthpostToStore/Page_Store/input_txttotal), "value"): Attribute 'value' of object 'Object Repository/HealthpostToStore/Page_Store/input_txttotal' is: '10'

2018-05-28 10:27:59 - [MESSAGE][PASSED] - Attribute 'value' of object 'Object Repository/HealthpostToStore/Page_Store/input_txttotal' is: '10'

2018-05-28 10:27:59 - [TEST_STEP][PASSED] - Statement - out.println("Requested QTY : " + RequestedQty): null

2018-05-28 10:27:59 - [TEST_STEP][PASSED] - Statement - BatchNumber = com.kms.katalon.core.webui.keyword.WebUiBuiltInKeywords.getNumberOfTotalOption(com.kms.katalon.core.testobject.ObjectRepository.findTestObject(HealthpostToStore/Page_Store/select_--Select--BA1170BA2376B)): 4 options of object 'Object Repository/HealthpostToStore/Page_Store/select_--Select--BA1170BA2376B' counted

2018-05-28 10:28:00 - [MESSAGE][PASSED] - 4 options of object 'Object Repository/HealthpostToStore/Page_Store/select_--Select--BA1170BA2376B' counted

2018-05-28 10:28:00 - [TEST_STEP][PASSED] - Statement - For ([g = 1, g <= BatchNumber - 1, (g++)]): null

2018-05-28 10:28:00 - [TEST_STEP][PASSED] - selectOptionByIndex: All options with index in [1] are selected on object 'Object Repository/HealthpostToStore/Page_Store/select_--Select--BA1170BA2376B'

2018-05-28 10:28:00 - [MESSAGE][PASSED] - All options with index in [1] are selected on object 'Object Repository/HealthpostToStore/Page_Store/select_--Select--BA1170BA2376B'

2018-05-28 10:28:00 - [TEST_STEP][PASSED] - Statement - Try: null

2018-05-28 10:28:00 - [TEST_STEP][PASSED] - Statement - StockQty = com.kms.katalon.core.webui.keyword.WebUiBuiltInKeywords.getAttribute(com.kms.katalon.core.testobject.ObjectRepository.findTestObject(HealthpostToStore/Page_Store/input_txtprice), "value"): Attribute 'value' of object 'Object Repository/HealthpostToStore/Page_Store/input_txtprice' is: '350'

2018-05-28 10:28:00 - [MESSAGE][PASSED] - Attribute 'value' of object 'Object Repository/HealthpostToStore/Page_Store/input_txtprice' is: '350'

2018-05-28 10:28:00 - [TEST_STEP][PASSED] - Statement - out.println("Stock QTY : " + StockQty): null

2018-05-28 10:28:00 - [TEST_STEP][PASSED] - delay: Delayed 2 second(s)

2018-05-28 10:28:02 - [MESSAGE][PASSED] - Delayed 2 second(s)

2018-05-28 10:28:02 - [TEST_STEP][PASSED] - Statement - If (java.lang.String.valueOf(StockQty) >= java.lang.String.valueOf(RequestedQty)): null

2018-05-28 10:28:02 - [TEST_STEP][PASSED] - setText: Text '10' is set on object 'Object Repository/HealthpostToStore/Page_Store/input_txtqty'

2018-05-28 10:28:02 - [MESSAGE][PASSED] - Text '10' is set on object 'Object Repository/HealthpostToStore/Page_Store/input_txtqty'

2018-05-28 10:28:02 - [TEST_STEP][PASSED] - click: Object: 'Object Repository/HealthpostToStore/Page_Store/button_Add' is clicked on

2018-05-28 10:28:02 - [MESSAGE][PASSED] - Object: 'Object Repository/HealthpostToStore/Page_Store/button_Add' is clicked on

2018-05-28 10:28:02 - [TEST_STEP][PASSED] - Statement - Break: null

2018-05-28 10:28:02 - [TEST_STEP][PASSED] - selectOptionByIndex: All options with index in [22] are selected on object 'Object Repository/HealthpostToStore/Page_Store/select_--Select--Adernaline 0.'

2018-05-28 10:28:02 - [MESSAGE][PASSED] - All options with index in [22] are selected on object 'Object Repository/HealthpostToStore/Page_Store/select_--Select--Adernaline 0.'

2018-05-28 10:28:02 - [TEST_STEP][PASSED] - delay: Delayed 2 second(s)

2018-05-28 10:28:04 - [MESSAGE][PASSED] - Delayed 2 second(s)

2018-05-28 10:28:04 - [TEST_STEP][PASSED] - Statement - RequestedQty = com.kms.katalon.core.webui.keyword.WebUiBuiltInKeywords.getAttribute(com.kms.katalon.core.testobject.ObjectRepository.findTestObject(HealthpostToStore/Page_Store/input_txttotal), "value"): Attribute 'value' of object 'Object Repository/HealthpostToStore/Page_Store/input_txttotal' is: '10'

2018-05-28 10:28:04 - [MESSAGE][PASSED] - Attribute 'value' of object 'Object Repository/HealthpostToStore/Page_Store/input_txttotal' is: '10'

2018-05-28 10:28:04 - [TEST_STEP][PASSED] - Statement - out.println("Requested QTY : " + RequestedQty): null

2018-05-28 10:28:04 - [TEST_STEP][PASSED] - Statement - BatchNumber = com.kms.katalon.core.webui.keyword.WebUiBuiltInKeywords.getNumberOfTotalOption(com.kms.katalon.core.testobject.ObjectRepository.findTestObject(HealthpostToStore/Page_Store/select_--Select--BA1170BA2376B)): 3 options of object 'Object Repository/HealthpostToStore/Page_Store/select_--Select--BA1170BA2376B' counted

2018-05-28 10:28:04 - [MESSAGE][PASSED] - 3 options of object 'Object Repository/HealthpostToStore/Page_Store/select_--Select--BA1170BA2376B' counted

2018-05-28 10:28:04 - [TEST_STEP][PASSED] - Statement - For ([g = 1, g <= BatchNumber - 1, (g++)]): null

2018-05-28 10:28:04 - [TEST_STEP][PASSED] - selectOptionByIndex: All options with index in [1] are selected on object 'Object Repository/HealthpostToStore/Page_Store/select_--Select--BA1170BA2376B'

2018-05-28 10:28:04 - [MESSAGE][PASSED] - All options with index in [1] are selected on object 'Object Repository/HealthpostToStore/Page_Store/select_--Select--BA1170BA2376B'

2018-05-28 10:28:04 - [TEST_STEP][PASSED] - Statement - Try: null

2018-05-28 10:28:04 - [TEST_STEP][PASSED] - Statement - StockQty = com.kms.katalon.core.webui.keyword.WebUiBuiltInKeywords.getAttribute(com.kms.katalon.core.testobject.ObjectRepository.findTestObject(HealthpostToStore/Page_Store/input_txtprice), "value"): Attribute 'value' of object 'Object Repository/HealthpostToStore/Page_Store/input_txtprice' is: '1390'

2018-05-28 10:28:04 - [MESSAGE][PASSED] - Attribute 'value' of object 'Object Repository/HealthpostToStore/Page_Store/input_txtprice' is: '1390'

2018-05-28 10:28:04 - [TEST_STEP][PASSED] - Statement - out.println("Stock QTY : " + StockQty): null

2018-05-28 10:28:04 - [TEST_STEP][PASSED] - delay: Delayed 2 second(s)

2018-05-28 10:28:06 - [MESSAGE][PASSED] - Delayed 2 second(s)

2018-05-28 10:28:06 - [TEST_STEP][PASSED] - Statement - If (java.lang.String.valueOf(StockQty) >= java.lang.String.valueOf(RequestedQty)): null

2018-05-28 10:28:06 - [TEST_STEP][PASSED] - setText: Text '10' is set on object 'Object Repository/HealthpostToStore/Page_Store/input_txtqty'

2018-05-28 10:28:07 - [MESSAGE][PASSED] - Text '10' is set on object 'Object Repository/HealthpostToStore/Page_Store/input_txtqty'

2018-05-28 10:28:07 - [TEST_STEP][PASSED] - click: Object: 'Object Repository/HealthpostToStore/Page_Store/button_Add' is clicked on

2018-05-28 10:28:07 - [MESSAGE][PASSED] - Object: 'Object Repository/HealthpostToStore/Page_Store/button_Add' is clicked on

2018-05-28 10:28:07 - [TEST_STEP][PASSED] - Statement - Break: null

2018-05-28 10:28:07 - [TEST_STEP][PASSED] - selectOptionByIndex: All options with index in [23] are selected on object 'Object Repository/HealthpostToStore/Page_Store/select_--Select--Adernaline 0.'

2018-05-28 10:28:07 - [MESSAGE][PASSED] - All options with index in [23] are selected on object 'Object Repository/HealthpostToStore/Page_Store/select_--Select--Adernaline 0.'

2018-05-28 10:28:07 - [TEST_STEP][PASSED] - delay: Delayed 2 second(s)

2018-05-28 10:28:09 - [MESSAGE][PASSED] - Delayed 2 second(s)

2018-05-28 10:28:09 - [TEST_STEP][PASSED] - Statement - RequestedQty = com.kms.katalon.core.webui.keyword.WebUiBuiltInKeywords.getAttribute(com.kms.katalon.core.testobject.ObjectRepository.findTestObject(HealthpostToStore/Page_Store/input_txttotal), "value"): Attribute 'value' of object 'Object Repository/HealthpostToStore/Page_Store/input_txttotal' is: '10'

2018-05-28 10:28:09 - [MESSAGE][PASSED] - Attribute 'value' of object 'Object Repository/HealthpostToStore/Page_Store/input_txttotal' is: '10'

2018-05-28 10:28:09 - [TEST_STEP][PASSED] - Statement - out.println("Requested QTY : " + RequestedQty): null

2018-05-28 10:28:09 - [TEST_STEP][PASSED] - Statement - BatchNumber = com.kms.katalon.core.webui.keyword.WebUiBuiltInKeywords.getNumberOfTotalOption(com.kms.katalon.core.testobject.ObjectRepository.findTestObject(HealthpostToStore/Page_Store/select_--Select--BA1170BA2376B)): 3 options of object 'Object Repository/HealthpostToStore/Page_Store/select_--Select--BA1170BA2376B' counted

2018-05-28 10:28:09 - [MESSAGE][PASSED] - 3 options of object 'Object Repository/HealthpostToStore/Page_Store/select_--Select--BA1170BA2376B' counted

2018-05-28 10:28:09 - [TEST_STEP][PASSED] - Statement - For ([g = 1, g <= BatchNumber - 1, (g++)]): null

2018-05-28 10:28:09 - [TEST_STEP][PASSED] - selectOptionByIndex: All options with index in [1] are selected on object 'Object Repository/HealthpostToStore/Page_Store/select_--Select--BA1170BA2376B'

2018-05-28 10:28:09 - [MESSAGE][PASSED] - All options with index in [1] are selected on object 'Object Repository/HealthpostToStore/Page_Store/select_--Select--BA1170BA2376B'

2018-05-28 10:28:09 - [TEST_STEP][PASSED] - Statement - Try: null

2018-05-28 10:28:09 - [TEST_STEP][PASSED] - Statement - StockQty = com.kms.katalon.core.webui.keyword.WebUiBuiltInKeywords.getAttribute(com.kms.katalon.core.testobject.ObjectRepository.findTestObject(HealthpostToStore/Page_Store/input_txtprice), "value"): Attribute 'value' of object 'Object Repository/HealthpostToStore/Page_Store/input_txtprice' is: '2290'

2018-05-28 10:28:09 - [MESSAGE][PASSED] - Attribute 'value' of object 'Object Repository/HealthpostToStore/Page_Store/input_txtprice' is: '2290'

2018-05-28 10:28:09 - [TEST_STEP][PASSED] - Statement - out.println("Stock QTY : " + StockQty): null

2018-05-28 10:28:09 - [TEST_STEP][PASSED] - delay: Delayed 2 second(s)

2018-05-28 10:28:11 - [MESSAGE][PASSED] - Delayed 2 second(s)

2018-05-28 10:28:11 - [TEST_STEP][PASSED] - Statement - If (java.lang.String.valueOf(StockQty) >= java.lang.String.valueOf(RequestedQty)): null

2018-05-28 10:28:11 - [TEST_STEP][PASSED] - setText: Text '10' is set on object 'Object Repository/HealthpostToStore/Page_Store/input_txtqty'

2018-05-28 10:28:11 - [MESSAGE][PASSED] - Text '10' is set on object 'Object Repository/HealthpostToStore/Page_Store/input_txtqty'

2018-05-28 10:28:11 - [TEST_STEP][PASSED] - click: Object: 'Object Repository/HealthpostToStore/Page_Store/button_Add' is clicked on

2018-05-28 10:28:11 - [MESSAGE][PASSED] - Object: 'Object Repository/HealthpostToStore/Page_Store/button_Add' is clicked on

2018-05-28 10:28:11 - [TEST_STEP][PASSED] - Statement - Break: null

2018-05-28 10:28:11 - [TEST_STEP][PASSED] - selectOptionByIndex: All options with index in [24] are selected on object 'Object Repository/HealthpostToStore/Page_Store/select_--Select--Adernaline 0.'

2018-05-28 10:28:12 - [MESSAGE][PASSED] - All options with index in [24] are selected on object 'Object Repository/HealthpostToStore/Page_Store/select_--Select--Adernaline 0.'

2018-05-28 10:28:12 - [TEST_STEP][PASSED] - delay: Delayed 2 second(s)

2018-05-28 10:28:14 - [MESSAGE][PASSED] - Delayed 2 second(s)

2018-05-28 10:28:14 - [TEST_STEP][PASSED] - Statement - RequestedQty = com.kms.katalon.core.webui.keyword.WebUiBuiltInKeywords.getAttribute(com.kms.katalon.core.testobject.ObjectRepository.findTestObject(HealthpostToStore/Page_Store/input_txttotal), "value"): Attribute 'value' of object 'Object Repository/HealthpostToStore/Page_Store/input_txttotal' is: '10'

2018-05-28 10:28:14 - [MESSAGE][PASSED] - Attribute 'value' of object 'Object Repository/HealthpostToStore/Page_Store/input_txttotal' is: '10'

2018-05-28 10:28:14 - [TEST_STEP][PASSED] - Statement - out.println("Requested QTY : " + RequestedQty): null

2018-05-28 10:28:14 - [TEST_STEP][PASSED] - Statement - BatchNumber = com.kms.katalon.core.webui.keyword.WebUiBuiltInKeywords.getNumberOfTotalOption(com.kms.katalon.core.testobject.ObjectRepository.findTestObject(HealthpostToStore/Page_Store/select_--Select--BA1170BA2376B)): 3 options of object 'Object Repository/HealthpostToStore/Page_Store/select_--Select--BA1170BA2376B' counted

2018-05-28 10:28:14 - [MESSAGE][PASSED] - 3 options of object 'Object Repository/HealthpostToStore/Page_Store/select_--Select--BA1170BA2376B' counted

2018-05-28 10:28:14 - [TEST_STEP][PASSED] - Statement - For ([g = 1, g <= BatchNumber - 1, (g++)]): null

2018-05-28 10:28:14 - [TEST_STEP][PASSED] - selectOptionByIndex: All options with index in [1] are selected on object 'Object Repository/HealthpostToStore/Page_Store/select_--Select--BA1170BA2376B'

2018-05-28 10:28:14 - [MESSAGE][PASSED] - All options with index in [1] are selected on object 'Object Repository/HealthpostToStore/Page_Store/select_--Select--BA1170BA2376B'

2018-05-28 10:28:14 - [TEST_STEP][PASSED] - Statement - Try: null

2018-05-28 10:28:14 - [TEST_STEP][PASSED] - Statement - StockQty = com.kms.katalon.core.webui.keyword.WebUiBuiltInKeywords.getAttribute(com.kms.katalon.core.testobject.ObjectRepository.findTestObject(HealthpostToStore/Page_Store/input_txtprice), "value"): Attribute 'value' of object 'Object Repository/HealthpostToStore/Page_Store/input_txtprice' is: '1390'

2018-05-28 10:28:14 - [MESSAGE][PASSED] - Attribute 'value' of object 'Object Repository/HealthpostToStore/Page_Store/input_txtprice' is: '1390'

2018-05-28 10:28:14 - [TEST_STEP][PASSED] - Statement - out.println("Stock QTY : " + StockQty): null

2018-05-28 10:28:14 - [TEST_STEP][PASSED] - delay: Delayed 2 second(s)

2018-05-28 10:28:16 - [MESSAGE][PASSED] - Delayed 2 second(s)

2018-05-28 10:28:16 - [TEST_STEP][PASSED] - Statement - If (java.lang.String.valueOf(StockQty) >= java.lang.String.valueOf(RequestedQty)): null

2018-05-28 10:28:16 - [TEST_STEP][PASSED] - setText: Text '10' is set on object 'Object Repository/HealthpostToStore/Page_Store/input_txtqty'

2018-05-28 10:28:16 - [MESSAGE][PASSED] - Text '10' is set on object 'Object Repository/HealthpostToStore/Page_Store/input_txtqty'

2018-05-28 10:28:16 - [TEST_STEP][PASSED] - click: Object: 'Object Repository/HealthpostToStore/Page_Store/button_Add' is clicked on

2018-05-28 10:28:16 - [MESSAGE][PASSED] - Object: 'Object Repository/HealthpostToStore/Page_Store/button_Add' is clicked on

2018-05-28 10:28:16 - [TEST_STEP][PASSED] - Statement - Break: null

2018-05-28 10:28:16 - [TEST_STEP][PASSED] - selectOptionByIndex: All options with index in [25] are selected on object 'Object Repository/HealthpostToStore/Page_Store/select_--Select--Adernaline 0.'

2018-05-28 10:28:17 - [MESSAGE][PASSED] - All options with index in [25] are selected on object 'Object Repository/HealthpostToStore/Page_Store/select_--Select--Adernaline 0.'

2018-05-28 10:28:17 - [TEST_STEP][PASSED] - delay: Delayed 2 second(s)

2018-05-28 10:28:19 - [MESSAGE][PASSED] - Delayed 2 second(s)

2018-05-28 10:28:19 - [TEST_STEP][PASSED] - Statement - RequestedQty = com.kms.katalon.core.webui.keyword.WebUiBuiltInKeywords.getAttribute(com.kms.katalon.core.testobject.ObjectRepository.findTestObject(HealthpostToStore/Page_Store/input_txttotal), "value"): Attribute 'value' of object 'Object Repository/HealthpostToStore/Page_Store/input_txttotal' is: '10'

2018-05-28 10:28:19 - [MESSAGE][PASSED] - Attribute 'value' of object 'Object Repository/HealthpostToStore/Page_Store/input_txttotal' is: '10'

2018-05-28 10:28:19 - [TEST_STEP][PASSED] - Statement - out.println("Requested QTY : " + RequestedQty): null

2018-05-28 10:28:19 - [TEST_STEP][PASSED] - Statement - BatchNumber = com.kms.katalon.core.webui.keyword.WebUiBuiltInKeywords.getNumberOfTotalOption(com.kms.katalon.core.testobject.ObjectRepository.findTestObject(HealthpostToStore/Page_Store/select_--Select--BA1170BA2376B)): 4 options of object 'Object Repository/HealthpostToStore/Page_Store/select_--Select--BA1170BA2376B' counted

2018-05-28 10:28:19 - [MESSAGE][PASSED] - 4 options of object 'Object Repository/HealthpostToStore/Page_Store/select_--Select--BA1170BA2376B' counted

2018-05-28 10:28:19 - [TEST_STEP][PASSED] - Statement - For ([g = 1, g <= BatchNumber - 1, (g++)]): null

2018-05-28 10:28:19 - [TEST_STEP][PASSED] - selectOptionByIndex: All options with index in [1] are selected on object 'Object Repository/HealthpostToStore/Page_Store/select_--Select--BA1170BA2376B'

2018-05-28 10:28:19 - [MESSAGE][PASSED] - All options with index in [1] are selected on object 'Object Repository/HealthpostToStore/Page_Store/select_--Select--BA1170BA2376B'

2018-05-28 10:28:19 - [TEST_STEP][PASSED] - Statement - Try: null

2018-05-28 10:28:19 - [TEST_STEP][PASSED] - Statement - StockQty = com.kms.katalon.core.webui.keyword.WebUiBuiltInKeywords.getAttribute(com.kms.katalon.core.testobject.ObjectRepository.findTestObject(HealthpostToStore/Page_Store/input_txtprice), "value"): Attribute 'value' of object 'Object Repository/HealthpostToStore/Page_Store/input_txtprice' is: '350'

2018-05-28 10:28:19 - [MESSAGE][PASSED] - Attribute 'value' of object 'Object Repository/HealthpostToStore/Page_Store/input_txtprice' is: '350'

2018-05-28 10:28:19 - [TEST_STEP][PASSED] - Statement - out.println("Stock QTY : " + StockQty): null

2018-05-28 10:28:19 - [TEST_STEP][PASSED] - delay: Delayed 2 second(s)

2018-05-28 10:28:21 - [MESSAGE][PASSED] - Delayed 2 second(s)

2018-05-28 10:28:21 - [TEST_STEP][PASSED] - Statement - If (java.lang.String.valueOf(StockQty) >= java.lang.String.valueOf(RequestedQty)): null

2018-05-28 10:28:21 - [TEST_STEP][PASSED] - setText: Text '10' is set on object 'Object Repository/HealthpostToStore/Page_Store/input_txtqty'

2018-05-28 10:28:21 - [MESSAGE][PASSED] - Text '10' is set on object 'Object Repository/HealthpostToStore/Page_Store/input_txtqty'

2018-05-28 10:28:21 - [TEST_STEP][PASSED] - click: Object: 'Object Repository/HealthpostToStore/Page_Store/button_Add' is clicked on

2018-05-28 10:28:21 - [MESSAGE][PASSED] - Object: 'Object Repository/HealthpostToStore/Page_Store/button_Add' is clicked on

2018-05-28 10:28:21 - [TEST_STEP][PASSED] - Statement - Break: null

2018-05-28 10:28:21 - [TEST_STEP][PASSED] - selectOptionByIndex: All options with index in [26] are selected on object 'Object Repository/HealthpostToStore/Page_Store/select_--Select--Adernaline 0.'

2018-05-28 10:28:21 - [MESSAGE][PASSED] - All options with index in [26] are selected on object 'Object Repository/HealthpostToStore/Page_Store/select_--Select--Adernaline 0.'

2018-05-28 10:28:21 - [TEST_STEP][PASSED] - delay: Delayed 2 second(s)

2018-05-28 10:28:23 - [MESSAGE][PASSED] - Delayed 2 second(s)

2018-05-28 10:28:23 - [TEST_STEP][PASSED] - Statement - RequestedQty = com.kms.katalon.core.webui.keyword.WebUiBuiltInKeywords.getAttribute(com.kms.katalon.core.testobject.ObjectRepository.findTestObject(HealthpostToStore/Page_Store/input_txttotal), "value"): Attribute 'value' of object 'Object Repository/HealthpostToStore/Page_Store/input_txttotal' is: '10'

2018-05-28 10:28:23 - [MESSAGE][PASSED] - Attribute 'value' of object 'Object Repository/HealthpostToStore/Page_Store/input_txttotal' is: '10'

2018-05-28 10:28:23 - [TEST_STEP][PASSED] - Statement - out.println("Requested QTY : " + RequestedQty): null

2018-05-28 10:28:23 - [TEST_STEP][PASSED] - Statement - BatchNumber = com.kms.katalon.core.webui.keyword.WebUiBuiltInKeywords.getNumberOfTotalOption(com.kms.katalon.core.testobject.ObjectRepository.findTestObject(HealthpostToStore/Page_Store/select_--Select--BA1170BA2376B)): 3 options of object 'Object Repository/HealthpostToStore/Page_Store/select_--Select--BA1170BA2376B' counted

2018-05-28 10:28:24 - [MESSAGE][PASSED] - 3 options of object 'Object Repository/HealthpostToStore/Page_Store/select_--Select--BA1170BA2376B' counted

2018-05-28 10:28:24 - [TEST_STEP][PASSED] - Statement - For ([g = 1, g <= BatchNumber - 1, (g++)]): null

2018-05-28 10:28:24 - [TEST_STEP][PASSED] - selectOptionByIndex: All options with index in [1] are selected on object 'Object Repository/HealthpostToStore/Page_Store/select_--Select--BA1170BA2376B'

2018-05-28 10:28:24 - [MESSAGE][PASSED] - All options with index in [1] are selected on object 'Object Repository/HealthpostToStore/Page_Store/select_--Select--BA1170BA2376B'

2018-05-28 10:28:24 - [TEST_STEP][PASSED] - Statement - Try: null

2018-05-28 10:28:24 - [TEST_STEP][PASSED] - Statement - StockQty = com.kms.katalon.core.webui.keyword.WebUiBuiltInKeywords.getAttribute(com.kms.katalon.core.testobject.ObjectRepository.findTestObject(HealthpostToStore/Page_Store/input_txtprice), "value"): Attribute 'value' of object 'Object Repository/HealthpostToStore/Page_Store/input_txtprice' is: '1390'

2018-05-28 10:28:24 - [MESSAGE][PASSED] - Attribute 'value' of object 'Object Repository/HealthpostToStore/Page_Store/input_txtprice' is: '1390'

2018-05-28 10:28:24 - [TEST_STEP][PASSED] - Statement - out.println("Stock QTY : " + StockQty): null

2018-05-28 10:28:24 - [TEST_STEP][PASSED] - delay: Delayed 2 second(s)

2018-05-28 10:28:26 - [MESSAGE][PASSED] - Delayed 2 second(s)

2018-05-28 10:28:26 - [TEST_STEP][PASSED] - Statement - If (java.lang.String.valueOf(StockQty) >= java.lang.String.valueOf(RequestedQty)): null

2018-05-28 10:28:26 - [TEST_STEP][PASSED] - setText: Text '10' is set on object 'Object Repository/HealthpostToStore/Page_Store/input_txtqty'

2018-05-28 10:28:26 - [MESSAGE][PASSED] - Text '10' is set on object 'Object Repository/HealthpostToStore/Page_Store/input_txtqty'

2018-05-28 10:28:26 - [TEST_STEP][PASSED] - click: Object: 'Object Repository/HealthpostToStore/Page_Store/button_Add' is clicked on

2018-05-28 10:28:26 - [MESSAGE][PASSED] - Object: 'Object Repository/HealthpostToStore/Page_Store/button_Add' is clicked on

2018-05-28 10:28:26 - [TEST_STEP][PASSED] - Statement - Break: null

2018-05-28 10:28:26 - [TEST_STEP][PASSED] - selectOptionByIndex: All options with index in [27] are selected on object 'Object Repository/HealthpostToStore/Page_Store/select_--Select--Adernaline 0.'

2018-05-28 10:28:26 - [MESSAGE][PASSED] - All options with index in [27] are selected on object 'Object Repository/HealthpostToStore/Page_Store/select_--Select--Adernaline 0.'

2018-05-28 10:28:26 - [TEST_STEP][PASSED] - delay: Delayed 2 second(s)

2018-05-28 10:28:28 - [MESSAGE][PASSED] - Delayed 2 second(s)

2018-05-28 10:28:28 - [TEST_STEP][PASSED] - Statement - RequestedQty = com.kms.katalon.core.webui.keyword.WebUiBuiltInKeywords.getAttribute(com.kms.katalon.core.testobject.ObjectRepository.findTestObject(HealthpostToStore/Page_Store/input_txttotal), "value"): Attribute 'value' of object 'Object Repository/HealthpostToStore/Page_Store/input_txttotal' is: '10'

2018-05-28 10:28:28 - [MESSAGE][PASSED] - Attribute 'value' of object 'Object Repository/HealthpostToStore/Page_Store/input_txttotal' is: '10'

2018-05-28 10:28:28 - [TEST_STEP][PASSED] - Statement - out.println("Requested QTY : " + RequestedQty): null

2018-05-28 10:28:28 - [TEST_STEP][PASSED] - Statement - BatchNumber = com.kms.katalon.core.webui.keyword.WebUiBuiltInKeywords.getNumberOfTotalOption(com.kms.katalon.core.testobject.ObjectRepository.findTestObject(HealthpostToStore/Page_Store/select_--Select--BA1170BA2376B)): 3 options of object 'Object Repository/HealthpostToStore/Page_Store/select_--Select--BA1170BA2376B' counted

2018-05-28 10:28:28 - [MESSAGE][PASSED] - 3 options of object 'Object Repository/HealthpostToStore/Page_Store/select_--Select--BA1170BA2376B' counted

2018-05-28 10:28:28 - [TEST_STEP][PASSED] - Statement - For ([g = 1, g <= BatchNumber - 1, (g++)]): null

2018-05-28 10:28:28 - [TEST_STEP][PASSED] - selectOptionByIndex: All options with index in [1] are selected on object 'Object Repository/HealthpostToStore/Page_Store/select_--Select--BA1170BA2376B'

2018-05-28 10:28:29 - [MESSAGE][PASSED] - All options with index in [1] are selected on object 'Object Repository/HealthpostToStore/Page_Store/select_--Select--BA1170BA2376B'

2018-05-28 10:28:29 - [TEST_STEP][PASSED] - Statement - Try: null

2018-05-28 10:28:29 - [TEST_STEP][PASSED] - Statement - StockQty = com.kms.katalon.core.webui.keyword.WebUiBuiltInKeywords.getAttribute(com.kms.katalon.core.testobject.ObjectRepository.findTestObject(HealthpostToStore/Page_Store/input_txtprice), "value"): Attribute 'value' of object 'Object Repository/HealthpostToStore/Page_Store/input_txtprice' is: '1390'

2018-05-28 10:28:29 - [MESSAGE][PASSED] - Attribute 'value' of object 'Object Repository/HealthpostToStore/Page_Store/input_txtprice' is: '1390'

2018-05-28 10:28:29 - [TEST_STEP][PASSED] - Statement - out.println("Stock QTY : " + StockQty): null

2018-05-28 10:28:29 - [TEST_STEP][PASSED] - delay: Delayed 2 second(s)

2018-05-28 10:28:31 - [MESSAGE][PASSED] - Delayed 2 second(s)

2018-05-28 10:28:31 - [TEST_STEP][PASSED] - Statement - If (java.lang.String.valueOf(StockQty) >= java.lang.String.valueOf(RequestedQty)): null

2018-05-28 10:28:31 - [TEST_STEP][PASSED] - setText: Text '10' is set on object 'Object Repository/HealthpostToStore/Page_Store/input_txtqty'

2018-05-28 10:28:31 - [MESSAGE][PASSED] - Text '10' is set on object 'Object Repository/HealthpostToStore/Page_Store/input_txtqty'

2018-05-28 10:28:31 - [TEST_STEP][PASSED] - click: Object: 'Object Repository/HealthpostToStore/Page_Store/button_Add' is clicked on

2018-05-28 10:28:31 - [MESSAGE][PASSED] - Object: 'Object Repository/HealthpostToStore/Page_Store/button_Add' is clicked on

2018-05-28 10:28:31 - [TEST_STEP][PASSED] - Statement - Break: null

2018-05-28 10:28:31 - [TEST_STEP][PASSED] - selectOptionByIndex: All options with index in [28] are selected on object 'Object Repository/HealthpostToStore/Page_Store/select_--Select--Adernaline 0.'

2018-05-28 10:28:31 - [MESSAGE][PASSED] - All options with index in [28] are selected on object 'Object Repository/HealthpostToStore/Page_Store/select_--Select--Adernaline 0.'

2018-05-28 10:28:31 - [TEST_STEP][PASSED] - delay: Delayed 2 second(s)

2018-05-28 10:28:33 - [MESSAGE][PASSED] - Delayed 2 second(s)

2018-05-28 10:28:33 - [TEST_STEP][PASSED] - Statement - RequestedQty = com.kms.katalon.core.webui.keyword.WebUiBuiltInKeywords.getAttribute(com.kms.katalon.core.testobject.ObjectRepository.findTestObject(HealthpostToStore/Page_Store/input_txttotal), "value"): Attribute 'value' of object 'Object Repository/HealthpostToStore/Page_Store/input_txttotal' is: '10'

2018-05-28 10:28:33 - [MESSAGE][PASSED] - Attribute 'value' of object 'Object Repository/HealthpostToStore/Page_Store/input_txttotal' is: '10'

2018-05-28 10:28:33 - [TEST_STEP][PASSED] - Statement - out.println("Requested QTY : " + RequestedQty): null

2018-05-28 10:28:33 - [TEST_STEP][PASSED] - Statement - BatchNumber = com.kms.katalon.core.webui.keyword.WebUiBuiltInKeywords.getNumberOfTotalOption(com.kms.katalon.core.testobject.ObjectRepository.findTestObject(HealthpostToStore/Page_Store/select_--Select--BA1170BA2376B)): 4 options of object 'Object Repository/HealthpostToStore/Page_Store/select_--Select--BA1170BA2376B' counted

2018-05-28 10:28:33 - [MESSAGE][PASSED] - 4 options of object 'Object Repository/HealthpostToStore/Page_Store/select_--Select--BA1170BA2376B' counted

2018-05-28 10:28:33 - [TEST_STEP][PASSED] - Statement - For ([g = 1, g <= BatchNumber - 1, (g++)]): null

2018-05-28 10:28:33 - [TEST_STEP][PASSED] - selectOptionByIndex: All options with index in [1] are selected on object 'Object Repository/HealthpostToStore/Page_Store/select_--Select--BA1170BA2376B'

2018-05-28 10:28:33 - [MESSAGE][PASSED] - All options with index in [1] are selected on object 'Object Repository/HealthpostToStore/Page_Store/select_--Select--BA1170BA2376B'

2018-05-28 10:28:33 - [TEST_STEP][PASSED] - Statement - Try: null

2018-05-28 10:28:33 - [TEST_STEP][PASSED] - Statement - StockQty = com.kms.katalon.core.webui.keyword.WebUiBuiltInKeywords.getAttribute(com.kms.katalon.core.testobject.ObjectRepository.findTestObject(HealthpostToStore/Page_Store/input_txtprice), "value"): Attribute 'value' of object 'Object Repository/HealthpostToStore/Page_Store/input_txtprice' is: '350'

2018-05-28 10:28:33 - [MESSAGE][PASSED] - Attribute 'value' of object 'Object Repository/HealthpostToStore/Page_Store/input_txtprice' is: '350'

2018-05-28 10:28:33 - [TEST_STEP][PASSED] - Statement - out.println("Stock QTY : " + StockQty): null

2018-05-28 10:28:33 - [TEST_STEP][PASSED] - delay: Delayed 2 second(s)

2018-05-28 10:28:35 - [MESSAGE][PASSED] - Delayed 2 second(s)

2018-05-28 10:28:35 - [TEST_STEP][PASSED] - Statement - If (java.lang.String.valueOf(StockQty) >= java.lang.String.valueOf(RequestedQty)): null

2018-05-28 10:28:35 - [TEST_STEP][PASSED] - setText: Text '10' is set on object 'Object Repository/HealthpostToStore/Page_Store/input_txtqty'

2018-05-28 10:28:35 - [MESSAGE][PASSED] - Text '10' is set on object 'Object Repository/HealthpostToStore/Page_Store/input_txtqty'

2018-05-28 10:28:35 - [TEST_STEP][PASSED] - click: Object: 'Object Repository/HealthpostToStore/Page_Store/button_Add' is clicked on

2018-05-28 10:28:36 - [MESSAGE][PASSED] - Object: 'Object Repository/HealthpostToStore/Page_Store/button_Add' is clicked on

2018-05-28 10:28:36 - [TEST_STEP][PASSED] - Statement - Break: null

2018-05-28 10:28:36 - [TEST_STEP][PASSED] - selectOptionByIndex: All options with index in [29] are selected on object 'Object Repository/HealthpostToStore/Page_Store/select_--Select--Adernaline 0.'

2018-05-28 10:28:36 - [MESSAGE][PASSED] - All options with index in [29] are selected on object 'Object Repository/HealthpostToStore/Page_Store/select_--Select--Adernaline 0.'

2018-05-28 10:28:36 - [TEST_STEP][PASSED] - delay: Delayed 2 second(s)

2018-05-28 10:28:38 - [MESSAGE][PASSED] - Delayed 2 second(s)

2018-05-28 10:28:38 - [TEST_STEP][PASSED] - Statement - RequestedQty = com.kms.katalon.core.webui.keyword.WebUiBuiltInKeywords.getAttribute(com.kms.katalon.core.testobject.ObjectRepository.findTestObject(HealthpostToStore/Page_Store/input_txttotal), "value"): Attribute 'value' of object 'Object Repository/HealthpostToStore/Page_Store/input_txttotal' is: '10'

2018-05-28 10:28:38 - [MESSAGE][PASSED] - Attribute 'value' of object 'Object Repository/HealthpostToStore/Page_Store/input_txttotal' is: '10'

2018-05-28 10:28:38 - [TEST_STEP][PASSED] - Statement - out.println("Requested QTY : " + RequestedQty): null

2018-05-28 10:28:38 - [TEST_STEP][PASSED] - Statement - BatchNumber = com.kms.katalon.core.webui.keyword.WebUiBuiltInKeywords.getNumberOfTotalOption(com.kms.katalon.core.testobject.ObjectRepository.findTestObject(HealthpostToStore/Page_Store/select_--Select--BA1170BA2376B)): 3 options of object 'Object Repository/HealthpostToStore/Page_Store/select_--Select--BA1170BA2376B' counted

2018-05-28 10:28:38 - [MESSAGE][PASSED] - 3 options of object 'Object Repository/HealthpostToStore/Page_Store/select_--Select--BA1170BA2376B' counted

2018-05-28 10:28:38 - [TEST_STEP][PASSED] - Statement - For ([g = 1, g <= BatchNumber - 1, (g++)]): null

2018-05-28 10:28:38 - [TEST_STEP][PASSED] - selectOptionByIndex: All options with index in [1] are selected on object 'Object Repository/HealthpostToStore/Page_Store/select_--Select--BA1170BA2376B'

2018-05-28 10:28:38 - [MESSAGE][PASSED] - All options with index in [1] are selected on object 'Object Repository/HealthpostToStore/Page_Store/select_--Select--BA1170BA2376B'

2018-05-28 10:28:38 - [TEST_STEP][PASSED] - Statement - Try: null

2018-05-28 10:28:38 - [TEST_STEP][PASSED] - Statement - StockQty = com.kms.katalon.core.webui.keyword.WebUiBuiltInKeywords.getAttribute(com.kms.katalon.core.testobject.ObjectRepository.findTestObject(HealthpostToStore/Page_Store/input_txtprice), "value"): Attribute 'value' of object 'Object Repository/HealthpostToStore/Page_Store/input_txtprice' is: '1390'

2018-05-28 10:28:38 - [MESSAGE][PASSED] - Attribute 'value' of object 'Object Repository/HealthpostToStore/Page_Store/input_txtprice' is: '1390'

2018-05-28 10:28:38 - [TEST_STEP][PASSED] - Statement - out.println("Stock QTY : " + StockQty): null

2018-05-28 10:28:38 - [TEST_STEP][PASSED] - delay: Delayed 2 second(s)

2018-05-28 10:28:40 - [MESSAGE][PASSED] - Delayed 2 second(s)

2018-05-28 10:28:40 - [TEST_STEP][PASSED] - Statement - If (java.lang.String.valueOf(StockQty) >= java.lang.String.valueOf(RequestedQty)): null

2018-05-28 10:28:40 - [TEST_STEP][PASSED] - setText: Text '10' is set on object 'Object Repository/HealthpostToStore/Page_Store/input_txtqty'

2018-05-28 10:28:40 - [MESSAGE][PASSED] - Text '10' is set on object 'Object Repository/HealthpostToStore/Page_Store/input_txtqty'

2018-05-28 10:28:40 - [TEST_STEP][PASSED] - click: Object: 'Object Repository/HealthpostToStore/Page_Store/button_Add' is clicked on

2018-05-28 10:28:40 - [MESSAGE][PASSED] - Object: 'Object Repository/HealthpostToStore/Page_Store/button_Add' is clicked on

2018-05-28 10:28:40 - [TEST_STEP][PASSED] - Statement - Break: null

2018-05-28 10:28:40 - [TEST_STEP][PASSED] - selectOptionByIndex: All options with index in [30] are selected on object 'Object Repository/HealthpostToStore/Page_Store/select_--Select--Adernaline 0.'

2018-05-28 10:28:41 - [MESSAGE][PASSED] - All options with index in [30] are selected on object 'Object Repository/HealthpostToStore/Page_Store/select_--Select--Adernaline 0.'

2018-05-28 10:28:41 - [TEST_STEP][PASSED] - delay: Delayed 2 second(s)

2018-05-28 10:28:43 - [MESSAGE][PASSED] - Delayed 2 second(s)

2018-05-28 10:28:43 - [TEST_STEP][PASSED] - Statement - RequestedQty = com.kms.katalon.core.webui.keyword.WebUiBuiltInKeywords.getAttribute(com.kms.katalon.core.testobject.ObjectRepository.findTestObject(HealthpostToStore/Page_Store/input_txttotal), "value"): Attribute 'value' of object 'Object Repository/HealthpostToStore/Page_Store/input_txttotal' is: '10'

2018-05-28 10:28:43 - [MESSAGE][PASSED] - Attribute 'value' of object 'Object Repository/HealthpostToStore/Page_Store/input_txttotal' is: '10'

2018-05-28 10:28:43 - [TEST_STEP][PASSED] - Statement - out.println("Requested QTY : " + RequestedQty): null

2018-05-28 10:28:43 - [TEST_STEP][PASSED] - Statement - BatchNumber = com.kms.katalon.core.webui.keyword.WebUiBuiltInKeywords.getNumberOfTotalOption(com.kms.katalon.core.testobject.ObjectRepository.findTestObject(HealthpostToStore/Page_Store/select_--Select--BA1170BA2376B)): 3 options of object 'Object Repository/HealthpostToStore/Page_Store/select_--Select--BA1170BA2376B' counted

2018-05-28 10:28:43 - [MESSAGE][PASSED] - 3 options of object 'Object Repository/HealthpostToStore/Page_Store/select_--Select--BA1170BA2376B' counted

2018-05-28 10:28:43 - [TEST_STEP][PASSED] - Statement - For ([g = 1, g <= BatchNumber - 1, (g++)]): null

2018-05-28 10:28:43 - [TEST_STEP][PASSED] - selectOptionByIndex: All options with index in [1] are selected on object 'Object Repository/HealthpostToStore/Page_Store/select_--Select--BA1170BA2376B'

2018-05-28 10:28:43 - [MESSAGE][PASSED] - All options with index in [1] are selected on object 'Object Repository/HealthpostToStore/Page_Store/select_--Select--BA1170BA2376B'

2018-05-28 10:28:43 - [TEST_STEP][PASSED] - Statement - Try: null

2018-05-28 10:28:43 - [TEST_STEP][PASSED] - Statement - StockQty = com.kms.katalon.core.webui.keyword.WebUiBuiltInKeywords.getAttribute(com.kms.katalon.core.testobject.ObjectRepository.findTestObject(HealthpostToStore/Page_Store/input_txtprice), "value"): Attribute 'value' of object 'Object Repository/HealthpostToStore/Page_Store/input_txtprice' is: '1390'

2018-05-28 10:28:43 - [MESSAGE][PASSED] - Attribute 'value' of object 'Object Repository/HealthpostToStore/Page_Store/input_txtprice' is: '1390'

2018-05-28 10:28:43 - [TEST_STEP][PASSED] - Statement - out.println("Stock QTY : " + StockQty): null

2018-05-28 10:28:43 - [TEST_STEP][PASSED] - delay: Delayed 2 second(s)

2018-05-28 10:28:45 - [MESSAGE][PASSED] - Delayed 2 second(s)

2018-05-28 10:28:45 - [TEST_STEP][PASSED] - Statement - If (java.lang.String.valueOf(StockQty) >= java.lang.String.valueOf(RequestedQty)): null

2018-05-28 10:28:45 - [TEST_STEP][PASSED] - setText: Text '10' is set on object 'Object Repository/HealthpostToStore/Page_Store/input_txtqty'

2018-05-28 10:28:45 - [MESSAGE][PASSED] - Text '10' is set on object 'Object Repository/HealthpostToStore/Page_Store/input_txtqty'

2018-05-28 10:28:45 - [TEST_STEP][PASSED] - click: Object: 'Object Repository/HealthpostToStore/Page_Store/button_Add' is clicked on

2018-05-28 10:28:45 - [MESSAGE][PASSED] - Object: 'Object Repository/HealthpostToStore/Page_Store/button_Add' is clicked on

2018-05-28 10:28:45 - [TEST_STEP][PASSED] - Statement - Break: null

2018-05-28 10:28:45 - [TEST_STEP][PASSED] - selectOptionByIndex: All options with index in [31] are selected on object 'Object Repository/HealthpostToStore/Page_Store/select_--Select--Adernaline 0.'

2018-05-28 10:28:46 - [MESSAGE][PASSED] - All options with index in [31] are selected on object 'Object Repository/HealthpostToStore/Page_Store/select_--Select--Adernaline 0.'

2018-05-28 10:28:46 - [TEST_STEP][PASSED] - delay: Delayed 2 second(s)

2018-05-28 10:28:48 - [MESSAGE][PASSED] - Delayed 2 second(s)

2018-05-28 10:28:48 - [TEST_STEP][PASSED] - Statement - RequestedQty = com.kms.katalon.core.webui.keyword.WebUiBuiltInKeywords.getAttribute(com.kms.katalon.core.testobject.ObjectRepository.findTestObject(HealthpostToStore/Page_Store/input_txttotal), "value"): Attribute 'value' of object 'Object Repository/HealthpostToStore/Page_Store/input_txttotal' is: '10'

2018-05-28 10:28:48 - [MESSAGE][PASSED] - Attribute 'value' of object 'Object Repository/HealthpostToStore/Page_Store/input_txttotal' is: '10'

2018-05-28 10:28:48 - [TEST_STEP][PASSED] - Statement - out.println("Requested QTY : " + RequestedQty): null

2018-05-28 10:28:48 - [TEST_STEP][PASSED] - Statement - BatchNumber = com.kms.katalon.core.webui.keyword.WebUiBuiltInKeywords.getNumberOfTotalOption(com.kms.katalon.core.testobject.ObjectRepository.findTestObject(HealthpostToStore/Page_Store/select_--Select--BA1170BA2376B)): 4 options of object 'Object Repository/HealthpostToStore/Page_Store/select_--Select--BA1170BA2376B' counted

2018-05-28 10:28:48 - [MESSAGE][PASSED] - 4 options of object 'Object Repository/HealthpostToStore/Page_Store/select_--Select--BA1170BA2376B' counted

2018-05-28 10:28:48 - [TEST_STEP][PASSED] - Statement - For ([g = 1, g <= BatchNumber - 1, (g++)]): null

2018-05-28 10:28:48 - [TEST_STEP][PASSED] - selectOptionByIndex: All options with index in [1] are selected on object 'Object Repository/HealthpostToStore/Page_Store/select_--Select--BA1170BA2376B'

2018-05-28 10:28:48 - [MESSAGE][PASSED] - All options with index in [1] are selected on object 'Object Repository/HealthpostToStore/Page_Store/select_--Select--BA1170BA2376B'

2018-05-28 10:28:48 - [TEST_STEP][PASSED] - Statement - Try: null

2018-05-28 10:28:48 - [TEST_STEP][PASSED] - Statement - StockQty = com.kms.katalon.core.webui.keyword.WebUiBuiltInKeywords.getAttribute(com.kms.katalon.core.testobject.ObjectRepository.findTestObject(HealthpostToStore/Page_Store/input_txtprice), "value"): Attribute 'value' of object 'Object Repository/HealthpostToStore/Page_Store/input_txtprice' is: '350'

2018-05-28 10:28:48 - [MESSAGE][PASSED] - Attribute 'value' of object 'Object Repository/HealthpostToStore/Page_Store/input_txtprice' is: '350'

2018-05-28 10:28:48 - [TEST_STEP][PASSED] - Statement - out.println("Stock QTY : " + StockQty): null

2018-05-28 10:28:48 - [TEST_STEP][PASSED] - delay: Delayed 2 second(s)

2018-05-28 10:28:50 - [MESSAGE][PASSED] - Delayed 2 second(s)

2018-05-28 10:28:50 - [TEST_STEP][PASSED] - Statement - If (java.lang.String.valueOf(StockQty) >= java.lang.String.valueOf(RequestedQty)): null

2018-05-28 10:28:50 - [TEST_STEP][PASSED] - setText: Text '10' is set on object 'Object Repository/HealthpostToStore/Page_Store/input_txtqty'

2018-05-28 10:28:50 - [MESSAGE][PASSED] - Text '10' is set on object 'Object Repository/HealthpostToStore/Page_Store/input_txtqty'

2018-05-28 10:28:50 - [TEST_STEP][PASSED] - click: Object: 'Object Repository/HealthpostToStore/Page_Store/button_Add' is clicked on

2018-05-28 10:28:50 - [MESSAGE][PASSED] - Object: 'Object Repository/HealthpostToStore/Page_Store/button_Add' is clicked on

2018-05-28 10:28:50 - [TEST_STEP][PASSED] - Statement - Break: null

2018-05-28 10:28:50 - [TEST_STEP][PASSED] - selectOptionByIndex: All options with index in [32] are selected on object 'Object Repository/HealthpostToStore/Page_Store/select_--Select--Adernaline 0.'

2018-05-28 10:28:51 - [MESSAGE][PASSED] - All options with index in [32] are selected on object 'Object Repository/HealthpostToStore/Page_Store/select_--Select--Adernaline 0.'

2018-05-28 10:28:51 - [TEST_STEP][PASSED] - delay: Delayed 2 second(s)

2018-05-28 10:28:53 - [MESSAGE][PASSED] - Delayed 2 second(s)

2018-05-28 10:28:53 - [TEST_STEP][PASSED] - Statement - RequestedQty = com.kms.katalon.core.webui.keyword.WebUiBuiltInKeywords.getAttribute(com.kms.katalon.core.testobject.ObjectRepository.findTestObject(HealthpostToStore/Page_Store/input_txttotal), "value"): Attribute 'value' of object 'Object Repository/HealthpostToStore/Page_Store/input_txttotal' is: '10'

2018-05-28 10:28:53 - [MESSAGE][PASSED] - Attribute 'value' of object 'Object Repository/HealthpostToStore/Page_Store/input_txttotal' is: '10'

2018-05-28 10:28:53 - [TEST_STEP][PASSED] - Statement - out.println("Requested QTY : " + RequestedQty): null

2018-05-28 10:28:53 - [TEST_STEP][PASSED] - Statement - BatchNumber = com.kms.katalon.core.webui.keyword.WebUiBuiltInKeywords.getNumberOfTotalOption(com.kms.katalon.core.testobject.ObjectRepository.findTestObject(HealthpostToStore/Page_Store/select_--Select--BA1170BA2376B)): 4 options of object 'Object Repository/HealthpostToStore/Page_Store/select_--Select--BA1170BA2376B' counted

2018-05-28 10:28:53 - [MESSAGE][PASSED] - 4 options of object 'Object Repository/HealthpostToStore/Page_Store/select_--Select--BA1170BA2376B' counted

2018-05-28 10:28:53 - [TEST_STEP][PASSED] - Statement - For ([g = 1, g <= BatchNumber - 1, (g++)]): null

2018-05-28 10:28:53 - [TEST_STEP][PASSED] - selectOptionByIndex: All options with index in [1] are selected on object 'Object Repository/HealthpostToStore/Page_Store/select_--Select--BA1170BA2376B'

2018-05-28 10:28:53 - [MESSAGE][PASSED] - All options with index in [1] are selected on object 'Object Repository/HealthpostToStore/Page_Store/select_--Select--BA1170BA2376B'

2018-05-28 10:28:53 - [TEST_STEP][PASSED] - Statement - Try: null

2018-05-28 10:28:53 - [TEST_STEP][PASSED] - Statement - StockQty = com.kms.katalon.core.webui.keyword.WebUiBuiltInKeywords.getAttribute(com.kms.katalon.core.testobject.ObjectRepository.findTestObject(HealthpostToStore/Page_Store/input_txtprice), "value"): Attribute 'value' of object 'Object Repository/HealthpostToStore/Page_Store/input_txtprice' is: '1290'

2018-05-28 10:28:53 - [MESSAGE][PASSED] - Attribute 'value' of object 'Object Repository/HealthpostToStore/Page_Store/input_txtprice' is: '1290'

2018-05-28 10:28:53 - [TEST_STEP][PASSED] - Statement - out.println("Stock QTY : " + StockQty): null

2018-05-28 10:28:53 - [TEST_STEP][PASSED] - delay: Delayed 2 second(s)

2018-05-28 10:28:55 - [MESSAGE][PASSED] - Delayed 2 second(s)

2018-05-28 10:28:55 - [TEST_STEP][PASSED] - Statement - If (java.lang.String.valueOf(StockQty) >= java.lang.String.valueOf(RequestedQty)): null

2018-05-28 10:28:55 - [TEST_STEP][PASSED] - setText: Text '10' is set on object 'Object Repository/HealthpostToStore/Page_Store/input_txtqty'

2018-05-28 10:28:55 - [MESSAGE][PASSED] - Text '10' is set on object 'Object Repository/HealthpostToStore/Page_Store/input_txtqty'

2018-05-28 10:28:55 - [TEST_STEP][PASSED] - click: Object: 'Object Repository/HealthpostToStore/Page_Store/button_Add' is clicked on

2018-05-28 10:28:55 - [MESSAGE][PASSED] - Object: 'Object Repository/HealthpostToStore/Page_Store/button_Add' is clicked on

2018-05-28 10:28:55 - [TEST_STEP][PASSED] - Statement - Break: null

2018-05-28 10:28:55 - [TEST_STEP][PASSED] - selectOptionByIndex: All options with index in [33] are selected on object 'Object Repository/HealthpostToStore/Page_Store/select_--Select--Adernaline 0.'

2018-05-28 10:28:55 - [MESSAGE][PASSED] - All options with index in [33] are selected on object 'Object Repository/HealthpostToStore/Page_Store/select_--Select--Adernaline 0.'

2018-05-28 10:28:55 - [TEST_STEP][PASSED] - delay: Delayed 2 second(s)

2018-05-28 10:28:57 - [MESSAGE][PASSED] - Delayed 2 second(s)

2018-05-28 10:28:57 - [TEST_STEP][PASSED] - Statement - RequestedQty = com.kms.katalon.core.webui.keyword.WebUiBuiltInKeywords.getAttribute(com.kms.katalon.core.testobject.ObjectRepository.findTestObject(HealthpostToStore/Page_Store/input_txttotal), "value"): Attribute 'value' of object 'Object Repository/HealthpostToStore/Page_Store/input_txttotal' is: '10'

2018-05-28 10:28:57 - [MESSAGE][PASSED] - Attribute 'value' of object 'Object Repository/HealthpostToStore/Page_Store/input_txttotal' is: '10'

2018-05-28 10:28:57 - [TEST_STEP][PASSED] - Statement - out.println("Requested QTY : " + RequestedQty): null

2018-05-28 10:28:57 - [TEST_STEP][PASSED] - Statement - BatchNumber = com.kms.katalon.core.webui.keyword.WebUiBuiltInKeywords.getNumberOfTotalOption(com.kms.katalon.core.testobject.ObjectRepository.findTestObject(HealthpostToStore/Page_Store/select_--Select--BA1170BA2376B)): 3 options of object 'Object Repository/HealthpostToStore/Page_Store/select_--Select--BA1170BA2376B' counted

2018-05-28 10:28:58 - [MESSAGE][PASSED] - 3 options of object 'Object Repository/HealthpostToStore/Page_Store/select_--Select--BA1170BA2376B' counted

2018-05-28 10:28:58 - [TEST_STEP][PASSED] - Statement - For ([g = 1, g <= BatchNumber - 1, (g++)]): null

2018-05-28 10:28:58 - [TEST_STEP][PASSED] - selectOptionByIndex: All options with index in [1] are selected on object 'Object Repository/HealthpostToStore/Page_Store/select_--Select--BA1170BA2376B'

2018-05-28 10:28:58 - [MESSAGE][PASSED] - All options with index in [1] are selected on object 'Object Repository/HealthpostToStore/Page_Store/select_--Select--BA1170BA2376B'

2018-05-28 10:28:58 - [TEST_STEP][PASSED] - Statement - Try: null

2018-05-28 10:28:58 - [TEST_STEP][PASSED] - Statement - StockQty = com.kms.katalon.core.webui.keyword.WebUiBuiltInKeywords.getAttribute(com.kms.katalon.core.testobject.ObjectRepository.findTestObject(HealthpostToStore/Page_Store/input_txtprice), "value"): Attribute 'value' of object 'Object Repository/HealthpostToStore/Page_Store/input_txtprice' is: '1410'

2018-05-28 10:28:58 - [MESSAGE][PASSED] - Attribute 'value' of object 'Object Repository/HealthpostToStore/Page_Store/input_txtprice' is: '1410'

2018-05-28 10:28:58 - [TEST_STEP][PASSED] - Statement - out.println("Stock QTY : " + StockQty): null

2018-05-28 10:28:58 - [TEST_STEP][PASSED] - delay: Delayed 2 second(s)

2018-05-28 10:29:00 - [MESSAGE][PASSED] - Delayed 2 second(s)

2018-05-28 10:29:00 - [TEST_STEP][PASSED] - Statement - If (java.lang.String.valueOf(StockQty) >= java.lang.String.valueOf(RequestedQty)): null

2018-05-28 10:29:00 - [TEST_STEP][PASSED] - setText: Text '10' is set on object 'Object Repository/HealthpostToStore/Page_Store/input_txtqty'

2018-05-28 10:29:00 - [MESSAGE][PASSED] - Text '10' is set on object 'Object Repository/HealthpostToStore/Page_Store/input_txtqty'

2018-05-28 10:29:00 - [TEST_STEP][PASSED] - click: Object: 'Object Repository/HealthpostToStore/Page_Store/button_Add' is clicked on

2018-05-28 10:29:00 - [MESSAGE][PASSED] - Object: 'Object Repository/HealthpostToStore/Page_Store/button_Add' is clicked on

2018-05-28 10:29:00 - [TEST_STEP][PASSED] - Statement - Break: null

2018-05-28 10:29:00 - [TEST_STEP][PASSED] - selectOptionByIndex: All options with index in [34] are selected on object 'Object Repository/HealthpostToStore/Page_Store/select_--Select--Adernaline 0.'

2018-05-28 10:29:00 - [MESSAGE][PASSED] - All options with index in [34] are selected on object 'Object Repository/HealthpostToStore/Page_Store/select_--Select--Adernaline 0.'

2018-05-28 10:29:00 - [TEST_STEP][PASSED] - delay: Delayed 2 second(s)

2018-05-28 10:29:02 - [MESSAGE][PASSED] - Delayed 2 second(s)

2018-05-28 10:29:02 - [TEST_STEP][PASSED] - Statement - RequestedQty = com.kms.katalon.core.webui.keyword.WebUiBuiltInKeywords.getAttribute(com.kms.katalon.core.testobject.ObjectRepository.findTestObject(HealthpostToStore/Page_Store/input_txttotal), "value"): Attribute 'value' of object 'Object Repository/HealthpostToStore/Page_Store/input_txttotal' is: '10'

2018-05-28 10:29:02 - [MESSAGE][PASSED] - Attribute 'value' of object 'Object Repository/HealthpostToStore/Page_Store/input_txttotal' is: '10'

2018-05-28 10:29:02 - [TEST_STEP][PASSED] - Statement - out.println("Requested QTY : " + RequestedQty): null

2018-05-28 10:29:02 - [TEST_STEP][PASSED] - Statement - BatchNumber = com.kms.katalon.core.webui.keyword.WebUiBuiltInKeywords.getNumberOfTotalOption(com.kms.katalon.core.testobject.ObjectRepository.findTestObject(HealthpostToStore/Page_Store/select_--Select--BA1170BA2376B)): 3 options of object 'Object Repository/HealthpostToStore/Page_Store/select_--Select--BA1170BA2376B' counted

2018-05-28 10:29:02 - [MESSAGE][PASSED] - 3 options of object 'Object Repository/HealthpostToStore/Page_Store/select_--Select--BA1170BA2376B' counted

2018-05-28 10:29:02 - [TEST_STEP][PASSED] - Statement - For ([g = 1, g <= BatchNumber - 1, (g++)]): null

2018-05-28 10:29:02 - [TEST_STEP][PASSED] - selectOptionByIndex: All options with index in [1] are selected on object 'Object Repository/HealthpostToStore/Page_Store/select_--Select--BA1170BA2376B'

2018-05-28 10:29:03 - [MESSAGE][PASSED] - All options with index in [1] are selected on object 'Object Repository/HealthpostToStore/Page_Store/select_--Select--BA1170BA2376B'

2018-05-28 10:29:03 - [TEST_STEP][PASSED] - Statement - Try: null

2018-05-28 10:29:03 - [TEST_STEP][PASSED] - Statement - StockQty = com.kms.katalon.core.webui.keyword.WebUiBuiltInKeywords.getAttribute(com.kms.katalon.core.testobject.ObjectRepository.findTestObject(HealthpostToStore/Page_Store/input_txtprice), "value"): Attribute 'value' of object 'Object Repository/HealthpostToStore/Page_Store/input_txtprice' is: '1290'

2018-05-28 10:29:03 - [MESSAGE][PASSED] - Attribute 'value' of object 'Object Repository/HealthpostToStore/Page_Store/input_txtprice' is: '1290'

2018-05-28 10:29:03 - [TEST_STEP][PASSED] - Statement - out.println("Stock QTY : " + StockQty): null

2018-05-28 10:29:03 - [TEST_STEP][PASSED] - delay: Delayed 2 second(s)

2018-05-28 10:29:05 - [MESSAGE][PASSED] - Delayed 2 second(s)

2018-05-28 10:29:05 - [TEST_STEP][PASSED] - Statement - If (java.lang.String.valueOf(StockQty) >= java.lang.String.valueOf(RequestedQty)): null

2018-05-28 10:29:05 - [TEST_STEP][PASSED] - setText: Text '10' is set on object 'Object Repository/HealthpostToStore/Page_Store/input_txtqty'

2018-05-28 10:29:05 - [MESSAGE][PASSED] - Text '10' is set on object 'Object Repository/HealthpostToStore/Page_Store/input_txtqty'

2018-05-28 10:29:05 - [TEST_STEP][PASSED] - click: Object: 'Object Repository/HealthpostToStore/Page_Store/button_Add' is clicked on

2018-05-28 10:29:05 - [MESSAGE][PASSED] - Object: 'Object Repository/HealthpostToStore/Page_Store/button_Add' is clicked on

2018-05-28 10:29:05 - [TEST_STEP][PASSED] - Statement - Break: null

2018-05-28 10:29:05 - [TEST_STEP][PASSED] - selectOptionByIndex: All options with index in [35] are selected on object 'Object Repository/HealthpostToStore/Page_Store/select_--Select--Adernaline 0.'

2018-05-28 10:29:05 - [MESSAGE][PASSED] - All options with index in [35] are selected on object 'Object Repository/HealthpostToStore/Page_Store/select_--Select--Adernaline 0.'

2018-05-28 10:29:05 - [TEST_STEP][PASSED] - delay: Delayed 2 second(s)

2018-05-28 10:29:07 - [MESSAGE][PASSED] - Delayed 2 second(s)

2018-05-28 10:29:07 - [TEST_STEP][PASSED] - Statement - RequestedQty = com.kms.katalon.core.webui.keyword.WebUiBuiltInKeywords.getAttribute(com.kms.katalon.core.testobject.ObjectRepository.findTestObject(HealthpostToStore/Page_Store/input_txttotal), "value"): Attribute 'value' of object 'Object Repository/HealthpostToStore/Page_Store/input_txttotal' is: '10'

2018-05-28 10:29:07 - [MESSAGE][PASSED] - Attribute 'value' of object 'Object Repository/HealthpostToStore/Page_Store/input_txttotal' is: '10'

2018-05-28 10:29:07 - [TEST_STEP][PASSED] - Statement - out.println("Requested QTY : " + RequestedQty): null

2018-05-28 10:29:07 - [TEST_STEP][PASSED] - Statement - BatchNumber = com.kms.katalon.core.webui.keyword.WebUiBuiltInKeywords.getNumberOfTotalOption(com.kms.katalon.core.testobject.ObjectRepository.findTestObject(HealthpostToStore/Page_Store/select_--Select--BA1170BA2376B)): 3 options of object 'Object Repository/HealthpostToStore/Page_Store/select_--Select--BA1170BA2376B' counted

2018-05-28 10:29:07 - [MESSAGE][PASSED] - 3 options of object 'Object Repository/HealthpostToStore/Page_Store/select_--Select--BA1170BA2376B' counted

2018-05-28 10:29:07 - [TEST_STEP][PASSED] - Statement - For ([g = 1, g <= BatchNumber - 1, (g++)]): null

2018-05-28 10:29:07 - [TEST_STEP][PASSED] - selectOptionByIndex: All options with index in [1] are selected on object 'Object Repository/HealthpostToStore/Page_Store/select_--Select--BA1170BA2376B'

2018-05-28 10:29:08 - [MESSAGE][PASSED] - All options with index in [1] are selected on object 'Object Repository/HealthpostToStore/Page_Store/select_--Select--BA1170BA2376B'

2018-05-28 10:29:08 - [TEST_STEP][PASSED] - Statement - Try: null

2018-05-28 10:29:08 - [TEST_STEP][PASSED] - Statement - StockQty = com.kms.katalon.core.webui.keyword.WebUiBuiltInKeywords.getAttribute(com.kms.katalon.core.testobject.ObjectRepository.findTestObject(HealthpostToStore/Page_Store/input_txtprice), "value"): Attribute 'value' of object 'Object Repository/HealthpostToStore/Page_Store/input_txtprice' is: '2290'

2018-05-28 10:29:08 - [MESSAGE][PASSED] - Attribute 'value' of object 'Object Repository/HealthpostToStore/Page_Store/input_txtprice' is: '2290'

2018-05-28 10:29:08 - [TEST_STEP][PASSED] - Statement - out.println("Stock QTY : " + StockQty): null

2018-05-28 10:29:08 - [TEST_STEP][PASSED] - delay: Delayed 2 second(s)

2018-05-28 10:29:10 - [MESSAGE][PASSED] - Delayed 2 second(s)

2018-05-28 10:29:10 - [TEST_STEP][PASSED] - Statement - If (java.lang.String.valueOf(StockQty) >= java.lang.String.valueOf(RequestedQty)): null

2018-05-28 10:29:10 - [TEST_STEP][PASSED] - setText: Text '10' is set on object 'Object Repository/HealthpostToStore/Page_Store/input_txtqty'

2018-05-28 10:29:10 - [MESSAGE][PASSED] - Text '10' is set on object 'Object Repository/HealthpostToStore/Page_Store/input_txtqty'

2018-05-28 10:29:10 - [TEST_STEP][PASSED] - click: Object: 'Object Repository/HealthpostToStore/Page_Store/button_Add' is clicked on

2018-05-28 10:29:10 - [MESSAGE][PASSED] - Object: 'Object Repository/HealthpostToStore/Page_Store/button_Add' is clicked on

2018-05-28 10:29:10 - [TEST_STEP][PASSED] - Statement - Break: null

2018-05-28 10:29:10 - [TEST_STEP][PASSED] - selectOptionByIndex: All options with index in [36] are selected on object 'Object Repository/HealthpostToStore/Page_Store/select_--Select--Adernaline 0.'

2018-05-28 10:29:10 - [MESSAGE][PASSED] - All options with index in [36] are selected on object 'Object Repository/HealthpostToStore/Page_Store/select_--Select--Adernaline 0.'

2018-05-28 10:29:10 - [TEST_STEP][PASSED] - delay: Delayed 2 second(s)

2018-05-28 10:29:12 - [MESSAGE][PASSED] - Delayed 2 second(s)

2018-05-28 10:29:12 - [TEST_STEP][PASSED] - Statement - RequestedQty = com.kms.katalon.core.webui.keyword.WebUiBuiltInKeywords.getAttribute(com.kms.katalon.core.testobject.ObjectRepository.findTestObject(HealthpostToStore/Page_Store/input_txttotal), "value"): Attribute 'value' of object 'Object Repository/HealthpostToStore/Page_Store/input_txttotal' is: '10'

2018-05-28 10:29:12 - [MESSAGE][PASSED] - Attribute 'value' of object 'Object Repository/HealthpostToStore/Page_Store/input_txttotal' is: '10'

2018-05-28 10:29:12 - [TEST_STEP][PASSED] - Statement - out.println("Requested QTY : " + RequestedQty): null

2018-05-28 10:29:12 - [TEST_STEP][PASSED] - Statement - BatchNumber = com.kms.katalon.core.webui.keyword.WebUiBuiltInKeywords.getNumberOfTotalOption(com.kms.katalon.core.testobject.ObjectRepository.findTestObject(HealthpostToStore/Page_Store/select_--Select--BA1170BA2376B)): 5 options of object 'Object Repository/HealthpostToStore/Page_Store/select_--Select--BA1170BA2376B' counted

2018-05-28 10:29:12 - [MESSAGE][PASSED] - 5 options of object 'Object Repository/HealthpostToStore/Page_Store/select_--Select--BA1170BA2376B' counted

2018-05-28 10:29:12 - [TEST_STEP][PASSED] - Statement - For ([g = 1, g <= BatchNumber - 1, (g++)]): null

2018-05-28 10:29:12 - [TEST_STEP][PASSED] - selectOptionByIndex: All options with index in [1] are selected on object 'Object Repository/HealthpostToStore/Page_Store/select_--Select--BA1170BA2376B'

2018-05-28 10:29:12 - [MESSAGE][PASSED] - All options with index in [1] are selected on object 'Object Repository/HealthpostToStore/Page_Store/select_--Select--BA1170BA2376B'

2018-05-28 10:29:12 - [TEST_STEP][PASSED] - Statement - Try: null

2018-05-28 10:29:12 - [TEST_STEP][PASSED] - Statement - StockQty = com.kms.katalon.core.webui.keyword.WebUiBuiltInKeywords.getAttribute(com.kms.katalon.core.testobject.ObjectRepository.findTestObject(HealthpostToStore/Page_Store/input_txtprice), "value"): Attribute 'value' of object 'Object Repository/HealthpostToStore/Page_Store/input_txtprice' is: '350'

2018-05-28 10:29:13 - [MESSAGE][PASSED] - Attribute 'value' of object 'Object Repository/HealthpostToStore/Page_Store/input_txtprice' is: '350'

2018-05-28 10:29:13 - [TEST_STEP][PASSED] - Statement - out.println("Stock QTY : " + StockQty): null

2018-05-28 10:29:13 - [TEST_STEP][PASSED] - delay: Delayed 2 second(s)

2018-05-28 10:29:15 - [MESSAGE][PASSED] - Delayed 2 second(s)

2018-05-28 10:29:15 - [TEST_STEP][PASSED] - Statement - If (java.lang.String.valueOf(StockQty) >= java.lang.String.valueOf(RequestedQty)): null

2018-05-28 10:29:15 - [TEST_STEP][PASSED] - setText: Text '10' is set on object 'Object Repository/HealthpostToStore/Page_Store/input_txtqty'

2018-05-28 10:29:15 - [MESSAGE][PASSED] - Text '10' is set on object 'Object Repository/HealthpostToStore/Page_Store/input_txtqty'

2018-05-28 10:29:15 - [TEST_STEP][PASSED] - click: Object: 'Object Repository/HealthpostToStore/Page_Store/button_Add' is clicked on

2018-05-28 10:29:15 - [MESSAGE][PASSED] - Object: 'Object Repository/HealthpostToStore/Page_Store/button_Add' is clicked on

2018-05-28 10:29:15 - [TEST_STEP][PASSED] - Statement - Break: null

2018-05-28 10:29:15 - [TEST_STEP][PASSED] - selectOptionByIndex: All options with index in [37] are selected on object 'Object Repository/HealthpostToStore/Page_Store/select_--Select--Adernaline 0.'

2018-05-28 10:29:15 - [MESSAGE][PASSED] - All options with index in [37] are selected on object 'Object Repository/HealthpostToStore/Page_Store/select_--Select--Adernaline 0.'

2018-05-28 10:29:15 - [TEST_STEP][PASSED] - delay: Delayed 2 second(s)

2018-05-28 10:29:17 - [MESSAGE][PASSED] - Delayed 2 second(s)

2018-05-28 10:29:17 - [TEST_STEP][PASSED] - Statement - RequestedQty = com.kms.katalon.core.webui.keyword.WebUiBuiltInKeywords.getAttribute(com.kms.katalon.core.testobject.ObjectRepository.findTestObject(HealthpostToStore/Page_Store/input_txttotal), "value"): Attribute 'value' of object 'Object Repository/HealthpostToStore/Page_Store/input_txttotal' is: '10'

2018-05-28 10:29:17 - [MESSAGE][PASSED] - Attribute 'value' of object 'Object Repository/HealthpostToStore/Page_Store/input_txttotal' is: '10'

2018-05-28 10:29:17 - [TEST_STEP][PASSED] - Statement - out.println("Requested QTY : " + RequestedQty): null

2018-05-28 10:29:17 - [TEST_STEP][PASSED] - Statement - BatchNumber = com.kms.katalon.core.webui.keyword.WebUiBuiltInKeywords.getNumberOfTotalOption(com.kms.katalon.core.testobject.ObjectRepository.findTestObject(HealthpostToStore/Page_Store/select_--Select--BA1170BA2376B)): 4 options of object 'Object Repository/HealthpostToStore/Page_Store/select_--Select--BA1170BA2376B' counted

2018-05-28 10:29:17 - [MESSAGE][PASSED] - 4 options of object 'Object Repository/HealthpostToStore/Page_Store/select_--Select--BA1170BA2376B' counted

2018-05-28 10:29:17 - [TEST_STEP][PASSED] - Statement - For ([g = 1, g <= BatchNumber - 1, (g++)]): null

2018-05-28 10:29:17 - [TEST_STEP][PASSED] - selectOptionByIndex: All options with index in [1] are selected on object 'Object Repository/HealthpostToStore/Page_Store/select_--Select--BA1170BA2376B'

2018-05-28 10:29:17 - [MESSAGE][PASSED] - All options with index in [1] are selected on object 'Object Repository/HealthpostToStore/Page_Store/select_--Select--BA1170BA2376B'

2018-05-28 10:29:17 - [TEST_STEP][PASSED] - Statement - Try: null

2018-05-28 10:29:17 - [TEST_STEP][PASSED] - Statement - StockQty = com.kms.katalon.core.webui.keyword.WebUiBuiltInKeywords.getAttribute(com.kms.katalon.core.testobject.ObjectRepository.findTestObject(HealthpostToStore/Page_Store/input_txtprice), "value"): Attribute 'value' of object 'Object Repository/HealthpostToStore/Page_Store/input_txtprice' is: '1290'

2018-05-28 10:29:17 - [MESSAGE][PASSED] - Attribute 'value' of object 'Object Repository/HealthpostToStore/Page_Store/input_txtprice' is: '1290'

2018-05-28 10:29:17 - [TEST_STEP][PASSED] - Statement - out.println("Stock QTY : " + StockQty): null

2018-05-28 10:29:17 - [TEST_STEP][PASSED] - delay: Delayed 2 second(s)

2018-05-28 10:29:19 - [MESSAGE][PASSED] - Delayed 2 second(s)

2018-05-28 10:29:19 - [TEST_STEP][PASSED] - Statement - If (java.lang.String.valueOf(StockQty) >= java.lang.String.valueOf(RequestedQty)): null

2018-05-28 10:29:19 - [TEST_STEP][PASSED] - setText: Text '10' is set on object 'Object Repository/HealthpostToStore/Page_Store/input_txtqty'

2018-05-28 10:29:19 - [MESSAGE][PASSED] - Text '10' is set on object 'Object Repository/HealthpostToStore/Page_Store/input_txtqty'

2018-05-28 10:29:19 - [TEST_STEP][PASSED] - click: Object: 'Object Repository/HealthpostToStore/Page_Store/button_Add' is clicked on

2018-05-28 10:29:20 - [MESSAGE][PASSED] - Object: 'Object Repository/HealthpostToStore/Page_Store/button_Add' is clicked on

2018-05-28 10:29:20 - [TEST_STEP][PASSED] - Statement - Break: null

2018-05-28 10:29:20 - [TEST_STEP][PASSED] - selectOptionByIndex: All options with index in [38] are selected on object 'Object Repository/HealthpostToStore/Page_Store/select_--Select--Adernaline 0.'

2018-05-28 10:29:20 - [MESSAGE][PASSED] - All options with index in [38] are selected on object 'Object Repository/HealthpostToStore/Page_Store/select_--Select--Adernaline 0.'

2018-05-28 10:29:20 - [TEST_STEP][PASSED] - delay: Delayed 2 second(s)

2018-05-28 10:29:22 - [MESSAGE][PASSED] - Delayed 2 second(s)

2018-05-28 10:29:22 - [TEST_STEP][PASSED] - Statement - RequestedQty = com.kms.katalon.core.webui.keyword.WebUiBuiltInKeywords.getAttribute(com.kms.katalon.core.testobject.ObjectRepository.findTestObject(HealthpostToStore/Page_Store/input_txttotal), "value"): Attribute 'value' of object 'Object Repository/HealthpostToStore/Page_Store/input_txttotal' is: '10'

2018-05-28 10:29:22 - [MESSAGE][PASSED] - Attribute 'value' of object 'Object Repository/HealthpostToStore/Page_Store/input_txttotal' is: '10'

2018-05-28 10:29:22 - [TEST_STEP][PASSED] - Statement - out.println("Requested QTY : " + RequestedQty): null

2018-05-28 10:29:22 - [TEST_STEP][PASSED] - Statement - BatchNumber = com.kms.katalon.core.webui.keyword.WebUiBuiltInKeywords.getNumberOfTotalOption(com.kms.katalon.core.testobject.ObjectRepository.findTestObject(HealthpostToStore/Page_Store/select_--Select--BA1170BA2376B)): 4 options of object 'Object Repository/HealthpostToStore/Page_Store/select_--Select--BA1170BA2376B' counted

2018-05-28 10:29:22 - [MESSAGE][PASSED] - 4 options of object 'Object Repository/HealthpostToStore/Page_Store/select_--Select--BA1170BA2376B' counted

2018-05-28 10:29:22 - [TEST_STEP][PASSED] - Statement - For ([g = 1, g <= BatchNumber - 1, (g++)]): null

2018-05-28 10:29:22 - [TEST_STEP][PASSED] - selectOptionByIndex: All options with index in [1] are selected on object 'Object Repository/HealthpostToStore/Page_Store/select_--Select--BA1170BA2376B'

2018-05-28 10:29:22 - [MESSAGE][PASSED] - All options with index in [1] are selected on object 'Object Repository/HealthpostToStore/Page_Store/select_--Select--BA1170BA2376B'

2018-05-28 10:29:22 - [TEST_STEP][PASSED] - Statement - Try: null

2018-05-28 10:29:22 - [TEST_STEP][PASSED] - Statement - StockQty = com.kms.katalon.core.webui.keyword.WebUiBuiltInKeywords.getAttribute(com.kms.katalon.core.testobject.ObjectRepository.findTestObject(HealthpostToStore/Page_Store/input_txtprice), "value"): Attribute 'value' of object 'Object Repository/HealthpostToStore/Page_Store/input_txtprice' is: '350'

2018-05-28 10:29:22 - [MESSAGE][PASSED] - Attribute 'value' of object 'Object Repository/HealthpostToStore/Page_Store/input_txtprice' is: '350'

2018-05-28 10:29:22 - [TEST_STEP][PASSED] - Statement - out.println("Stock QTY : " + StockQty): null

2018-05-28 10:29:22 - [TEST_STEP][PASSED] - delay: Delayed 2 second(s)

2018-05-28 10:29:24 - [MESSAGE][PASSED] - Delayed 2 second(s)

2018-05-28 10:29:24 - [TEST_STEP][PASSED] - Statement - If (java.lang.String.valueOf(StockQty) >= java.lang.String.valueOf(RequestedQty)): null

2018-05-28 10:29:24 - [TEST_STEP][PASSED] - setText: Text '10' is set on object 'Object Repository/HealthpostToStore/Page_Store/input_txtqty'

2018-05-28 10:29:24 - [MESSAGE][PASSED] - Text '10' is set on object 'Object Repository/HealthpostToStore/Page_Store/input_txtqty'

2018-05-28 10:29:24 - [TEST_STEP][PASSED] - click: Object: 'Object Repository/HealthpostToStore/Page_Store/button_Add' is clicked on

2018-05-28 10:29:24 - [MESSAGE][PASSED] - Object: 'Object Repository/HealthpostToStore/Page_Store/button_Add' is clicked on

2018-05-28 10:29:24 - [TEST_STEP][PASSED] - Statement - Break: null

2018-05-28 10:29:24 - [TEST_STEP][PASSED] - selectOptionByIndex: All options with index in [39] are selected on object 'Object Repository/HealthpostToStore/Page_Store/select_--Select--Adernaline 0.'

2018-05-28 10:29:25 - [MESSAGE][PASSED] - All options with index in [39] are selected on object 'Object Repository/HealthpostToStore/Page_Store/select_--Select--Adernaline 0.'

2018-05-28 10:29:25 - [TEST_STEP][PASSED] - delay: Delayed 2 second(s)

2018-05-28 10:29:27 - [MESSAGE][PASSED] - Delayed 2 second(s)

2018-05-28 10:29:27 - [TEST_STEP][PASSED] - Statement - RequestedQty = com.kms.katalon.core.webui.keyword.WebUiBuiltInKeywords.getAttribute(com.kms.katalon.core.testobject.ObjectRepository.findTestObject(HealthpostToStore/Page_Store/input_txttotal), "value"): Attribute 'value' of object 'Object Repository/HealthpostToStore/Page_Store/input_txttotal' is: '10'

2018-05-28 10:29:27 - [MESSAGE][PASSED] - Attribute 'value' of object 'Object Repository/HealthpostToStore/Page_Store/input_txttotal' is: '10'

2018-05-28 10:29:27 - [TEST_STEP][PASSED] - Statement - out.println("Requested QTY : " + RequestedQty): null

2018-05-28 10:29:27 - [TEST_STEP][PASSED] - Statement - BatchNumber = com.kms.katalon.core.webui.keyword.WebUiBuiltInKeywords.getNumberOfTotalOption(com.kms.katalon.core.testobject.ObjectRepository.findTestObject(HealthpostToStore/Page_Store/select_--Select--BA1170BA2376B)): 3 options of object 'Object Repository/HealthpostToStore/Page_Store/select_--Select--BA1170BA2376B' counted

2018-05-28 10:29:27 - [MESSAGE][PASSED] - 3 options of object 'Object Repository/HealthpostToStore/Page_Store/select_--Select--BA1170BA2376B' counted

2018-05-28 10:29:27 - [TEST_STEP][PASSED] - Statement - For ([g = 1, g <= BatchNumber - 1, (g++)]): null

2018-05-28 10:29:27 - [TEST_STEP][PASSED] - selectOptionByIndex: All options with index in [1] are selected on object 'Object Repository/HealthpostToStore/Page_Store/select_--Select--BA1170BA2376B'

2018-05-28 10:29:27 - [MESSAGE][PASSED] - All options with index in [1] are selected on object 'Object Repository/HealthpostToStore/Page_Store/select_--Select--BA1170BA2376B'

2018-05-28 10:29:27 - [TEST_STEP][PASSED] - Statement - Try: null

2018-05-28 10:29:27 - [TEST_STEP][PASSED] - Statement - StockQty = com.kms.katalon.core.webui.keyword.WebUiBuiltInKeywords.getAttribute(com.kms.katalon.core.testobject.ObjectRepository.findTestObject(HealthpostToStore/Page_Store/input_txtprice), "value"): Attribute 'value' of object 'Object Repository/HealthpostToStore/Page_Store/input_txtprice' is: '1390'

2018-05-28 10:29:27 - [MESSAGE][PASSED] - Attribute 'value' of object 'Object Repository/HealthpostToStore/Page_Store/input_txtprice' is: '1390'

2018-05-28 10:29:27 - [TEST_STEP][PASSED] - Statement - out.println("Stock QTY : " + StockQty): null

2018-05-28 10:29:27 - [TEST_STEP][PASSED] - delay: Delayed 2 second(s)

2018-05-28 10:29:29 - [MESSAGE][PASSED] - Delayed 2 second(s)

2018-05-28 10:29:29 - [TEST_STEP][PASSED] - Statement - If (java.lang.String.valueOf(StockQty) >= java.lang.String.valueOf(RequestedQty)): null

2018-05-28 10:29:29 - [TEST_STEP][PASSED] - setText: Text '10' is set on object 'Object Repository/HealthpostToStore/Page_Store/input_txtqty'

2018-05-28 10:29:29 - [MESSAGE][PASSED] - Text '10' is set on object 'Object Repository/HealthpostToStore/Page_Store/input_txtqty'

2018-05-28 10:29:29 - [TEST_STEP][PASSED] - click: Object: 'Object Repository/HealthpostToStore/Page_Store/button_Add' is clicked on

2018-05-28 10:29:29 - [MESSAGE][PASSED] - Object: 'Object Repository/HealthpostToStore/Page_Store/button_Add' is clicked on

2018-05-28 10:29:29 - [TEST_STEP][PASSED] - Statement - Break: null

2018-05-28 10:29:29 - [TEST_STEP][PASSED] - selectOptionByIndex: All options with index in [40] are selected on object 'Object Repository/HealthpostToStore/Page_Store/select_--Select--Adernaline 0.'

2018-05-28 10:29:30 - [MESSAGE][PASSED] - All options with index in [40] are selected on object 'Object Repository/HealthpostToStore/Page_Store/select_--Select--Adernaline 0.'

2018-05-28 10:29:30 - [TEST_STEP][PASSED] - delay: Delayed 2 second(s)

2018-05-28 10:29:32 - [MESSAGE][PASSED] - Delayed 2 second(s)

2018-05-28 10:29:32 - [TEST_STEP][PASSED] - Statement - RequestedQty = com.kms.katalon.core.webui.keyword.WebUiBuiltInKeywords.getAttribute(com.kms.katalon.core.testobject.ObjectRepository.findTestObject(HealthpostToStore/Page_Store/input_txttotal), "value"): Attribute 'value' of object 'Object Repository/HealthpostToStore/Page_Store/input_txttotal' is: '10'

2018-05-28 10:29:32 - [MESSAGE][PASSED] - Attribute 'value' of object 'Object Repository/HealthpostToStore/Page_Store/input_txttotal' is: '10'

2018-05-28 10:29:32 - [TEST_STEP][PASSED] - Statement - out.println("Requested QTY : " + RequestedQty): null

2018-05-28 10:29:32 - [TEST_STEP][PASSED] - Statement - BatchNumber = com.kms.katalon.core.webui.keyword.WebUiBuiltInKeywords.getNumberOfTotalOption(com.kms.katalon.core.testobject.ObjectRepository.findTestObject(HealthpostToStore/Page_Store/select_--Select--BA1170BA2376B)): 4 options of object 'Object Repository/HealthpostToStore/Page_Store/select_--Select--BA1170BA2376B' counted

2018-05-28 10:29:32 - [MESSAGE][PASSED] - 4 options of object 'Object Repository/HealthpostToStore/Page_Store/select_--Select--BA1170BA2376B' counted

2018-05-28 10:29:32 - [TEST_STEP][PASSED] - Statement - For ([g = 1, g <= BatchNumber - 1, (g++)]): null

2018-05-28 10:29:32 - [TEST_STEP][PASSED] - selectOptionByIndex: All options with index in [1] are selected on object 'Object Repository/HealthpostToStore/Page_Store/select_--Select--BA1170BA2376B'

2018-05-28 10:29:32 - [MESSAGE][PASSED] - All options with index in [1] are selected on object 'Object Repository/HealthpostToStore/Page_Store/select_--Select--BA1170BA2376B'

2018-05-28 10:29:32 - [TEST_STEP][PASSED] - Statement - Try: null

2018-05-28 10:29:32 - [TEST_STEP][PASSED] - Statement - StockQty = com.kms.katalon.core.webui.keyword.WebUiBuiltInKeywords.getAttribute(com.kms.katalon.core.testobject.ObjectRepository.findTestObject(HealthpostToStore/Page_Store/input_txtprice), "value"): Attribute 'value' of object 'Object Repository/HealthpostToStore/Page_Store/input_txtprice' is: '1290'

2018-05-28 10:29:32 - [MESSAGE][PASSED] - Attribute 'value' of object 'Object Repository/HealthpostToStore/Page_Store/input_txtprice' is: '1290'

2018-05-28 10:29:32 - [TEST_STEP][PASSED] - Statement - out.println("Stock QTY : " + StockQty): null

2018-05-28 10:29:32 - [TEST_STEP][PASSED] - delay: Delayed 2 second(s)

2018-05-28 10:29:34 - [MESSAGE][PASSED] - Delayed 2 second(s)

2018-05-28 10:29:34 - [TEST_STEP][PASSED] - Statement - If (java.lang.String.valueOf(StockQty) >= java.lang.String.valueOf(RequestedQty)): null

2018-05-28 10:29:34 - [TEST_STEP][PASSED] - setText: Text '10' is set on object 'Object Repository/HealthpostToStore/Page_Store/input_txtqty'

2018-05-28 10:29:34 - [MESSAGE][PASSED] - Text '10' is set on object 'Object Repository/HealthpostToStore/Page_Store/input_txtqty'

2018-05-28 10:29:34 - [TEST_STEP][PASSED] - click: Object: 'Object Repository/HealthpostToStore/Page_Store/button_Add' is clicked on

2018-05-28 10:29:34 - [MESSAGE][PASSED] - Object: 'Object Repository/HealthpostToStore/Page_Store/button_Add' is clicked on

2018-05-28 10:29:34 - [TEST_STEP][PASSED] - Statement - Break: null

2018-05-28 10:29:34 - [TEST_STEP][PASSED] - selectOptionByIndex: All options with index in [41] are selected on object 'Object Repository/HealthpostToStore/Page_Store/select_--Select--Adernaline 0.'

2018-05-28 10:29:35 - [MESSAGE][PASSED] - All options with index in [41] are selected on object 'Object Repository/HealthpostToStore/Page_Store/select_--Select--Adernaline 0.'

2018-05-28 10:29:35 - [TEST_STEP][PASSED] - delay: Delayed 2 second(s)

2018-05-28 10:29:37 - [MESSAGE][PASSED] - Delayed 2 second(s)

2018-05-28 10:29:37 - [TEST_STEP][PASSED] - Statement - RequestedQty = com.kms.katalon.core.webui.keyword.WebUiBuiltInKeywords.getAttribute(com.kms.katalon.core.testobject.ObjectRepository.findTestObject(HealthpostToStore/Page_Store/input_txttotal), "value"): Attribute 'value' of object 'Object Repository/HealthpostToStore/Page_Store/input_txttotal' is: '10'

2018-05-28 10:29:37 - [MESSAGE][PASSED] - Attribute 'value' of object 'Object Repository/HealthpostToStore/Page_Store/input_txttotal' is: '10'

2018-05-28 10:29:37 - [TEST_STEP][PASSED] - Statement - out.println("Requested QTY : " + RequestedQty): null

2018-05-28 10:29:37 - [TEST_STEP][PASSED] - Statement - BatchNumber = com.kms.katalon.core.webui.keyword.WebUiBuiltInKeywords.getNumberOfTotalOption(com.kms.katalon.core.testobject.ObjectRepository.findTestObject(HealthpostToStore/Page_Store/select_--Select--BA1170BA2376B)): 3 options of object 'Object Repository/HealthpostToStore/Page_Store/select_--Select--BA1170BA2376B' counted

2018-05-28 10:29:37 - [MESSAGE][PASSED] - 3 options of object 'Object Repository/HealthpostToStore/Page_Store/select_--Select--BA1170BA2376B' counted

2018-05-28 10:29:37 - [TEST_STEP][PASSED] - Statement - For ([g = 1, g <= BatchNumber - 1, (g++)]): null

2018-05-28 10:29:37 - [TEST_STEP][PASSED] - selectOptionByIndex: All options with index in [1] are selected on object 'Object Repository/HealthpostToStore/Page_Store/select_--Select--BA1170BA2376B'

2018-05-28 10:29:37 - [MESSAGE][PASSED] - All options with index in [1] are selected on object 'Object Repository/HealthpostToStore/Page_Store/select_--Select--BA1170BA2376B'

2018-05-28 10:29:37 - [TEST_STEP][PASSED] - Statement - Try: null

2018-05-28 10:29:37 - [TEST_STEP][PASSED] - Statement - StockQty = com.kms.katalon.core.webui.keyword.WebUiBuiltInKeywords.getAttribute(com.kms.katalon.core.testobject.ObjectRepository.findTestObject(HealthpostToStore/Page_Store/input_txtprice), "value"): Attribute 'value' of object 'Object Repository/HealthpostToStore/Page_Store/input_txtprice' is: '2290'

2018-05-28 10:29:37 - [MESSAGE][PASSED] - Attribute 'value' of object 'Object Repository/HealthpostToStore/Page_Store/input_txtprice' is: '2290'

2018-05-28 10:29:37 - [TEST_STEP][PASSED] - Statement - out.println("Stock QTY : " + StockQty): null

2018-05-28 10:29:37 - [TEST_STEP][PASSED] - delay: Delayed 2 second(s)

2018-05-28 10:29:39 - [MESSAGE][PASSED] - Delayed 2 second(s)

2018-05-28 10:29:39 - [TEST_STEP][PASSED] - Statement - If (java.lang.String.valueOf(StockQty) >= java.lang.String.valueOf(RequestedQty)): null

2018-05-28 10:29:39 - [TEST_STEP][PASSED] - setText: Text '10' is set on object 'Object Repository/HealthpostToStore/Page_Store/input_txtqty'

2018-05-28 10:29:39 - [MESSAGE][PASSED] - Text '10' is set on object 'Object Repository/HealthpostToStore/Page_Store/input_txtqty'

2018-05-28 10:29:39 - [TEST_STEP][PASSED] - click: Object: 'Object Repository/HealthpostToStore/Page_Store/button_Add' is clicked on

2018-05-28 10:29:39 - [MESSAGE][PASSED] - Object: 'Object Repository/HealthpostToStore/Page_Store/button_Add' is clicked on

2018-05-28 10:29:39 - [TEST_STEP][PASSED] - Statement - Break: null

2018-05-28 10:29:39 - [TEST_STEP][PASSED] - selectOptionByIndex: All options with index in [42] are selected on object 'Object Repository/HealthpostToStore/Page_Store/select_--Select--Adernaline 0.'

2018-05-28 10:29:40 - [MESSAGE][PASSED] - All options with index in [42] are selected on object 'Object Repository/HealthpostToStore/Page_Store/select_--Select--Adernaline 0.'

2018-05-28 10:29:40 - [TEST_STEP][PASSED] - delay: Delayed 2 second(s)

2018-05-28 10:29:42 - [MESSAGE][PASSED] - Delayed 2 second(s)

2018-05-28 10:29:42 - [TEST_STEP][PASSED] - Statement - RequestedQty = com.kms.katalon.core.webui.keyword.WebUiBuiltInKeywords.getAttribute(com.kms.katalon.core.testobject.ObjectRepository.findTestObject(HealthpostToStore/Page_Store/input_txttotal), "value"): Attribute 'value' of object 'Object Repository/HealthpostToStore/Page_Store/input_txttotal' is: '10'

2018-05-28 10:29:42 - [MESSAGE][PASSED] - Attribute 'value' of object 'Object Repository/HealthpostToStore/Page_Store/input_txttotal' is: '10'

2018-05-28 10:29:42 - [TEST_STEP][PASSED] - Statement - out.println("Requested QTY : " + RequestedQty): null

2018-05-28 10:29:42 - [TEST_STEP][PASSED] - Statement - BatchNumber = com.kms.katalon.core.webui.keyword.WebUiBuiltInKeywords.getNumberOfTotalOption(com.kms.katalon.core.testobject.ObjectRepository.findTestObject(HealthpostToStore/Page_Store/select_--Select--BA1170BA2376B)): 3 options of object 'Object Repository/HealthpostToStore/Page_Store/select_--Select--BA1170BA2376B' counted

2018-05-28 10:29:42 - [MESSAGE][PASSED] - 3 options of object 'Object Repository/HealthpostToStore/Page_Store/select_--Select--BA1170BA2376B' counted

2018-05-28 10:29:42 - [TEST_STEP][PASSED] - Statement - For ([g = 1, g <= BatchNumber - 1, (g++)]): null

2018-05-28 10:29:42 - [TEST_STEP][PASSED] - selectOptionByIndex: All options with index in [1] are selected on object 'Object Repository/HealthpostToStore/Page_Store/select_--Select--BA1170BA2376B'

2018-05-28 10:29:42 - [MESSAGE][PASSED] - All options with index in [1] are selected on object 'Object Repository/HealthpostToStore/Page_Store/select_--Select--BA1170BA2376B'

2018-05-28 10:29:42 - [TEST_STEP][PASSED] - Statement - Try: null

2018-05-28 10:29:42 - [TEST_STEP][PASSED] - Statement - StockQty = com.kms.katalon.core.webui.keyword.WebUiBuiltInKeywords.getAttribute(com.kms.katalon.core.testobject.ObjectRepository.findTestObject(HealthpostToStore/Page_Store/input_txtprice), "value"): Attribute 'value' of object 'Object Repository/HealthpostToStore/Page_Store/input_txtprice' is: '2290'

2018-05-28 10:29:42 - [MESSAGE][PASSED] - Attribute 'value' of object 'Object Repository/HealthpostToStore/Page_Store/input_txtprice' is: '2290'

2018-05-28 10:29:42 - [TEST_STEP][PASSED] - Statement - out.println("Stock QTY : " + StockQty): null

2018-05-28 10:29:42 - [TEST_STEP][PASSED] - delay: Delayed 2 second(s)

2018-05-28 10:29:44 - [MESSAGE][PASSED] - Delayed 2 second(s)

2018-05-28 10:29:44 - [TEST_STEP][PASSED] - Statement - If (java.lang.String.valueOf(StockQty) >= java.lang.String.valueOf(RequestedQty)): null

2018-05-28 10:29:44 - [TEST_STEP][PASSED] - setText: Text '10' is set on object 'Object Repository/HealthpostToStore/Page_Store/input_txtqty'

2018-05-28 10:29:44 - [MESSAGE][PASSED] - Text '10' is set on object 'Object Repository/HealthpostToStore/Page_Store/input_txtqty'

2018-05-28 10:29:44 - [TEST_STEP][PASSED] - click: Object: 'Object Repository/HealthpostToStore/Page_Store/button_Add' is clicked on

2018-05-28 10:29:44 - [MESSAGE][PASSED] - Object: 'Object Repository/HealthpostToStore/Page_Store/button_Add' is clicked on

2018-05-28 10:29:44 - [TEST_STEP][PASSED] - Statement - Break: null

2018-05-28 10:29:44 - [TEST_STEP][PASSED] - selectOptionByIndex: All options with index in [43] are selected on object 'Object Repository/HealthpostToStore/Page_Store/select_--Select--Adernaline 0.'

2018-05-28 10:29:45 - [MESSAGE][PASSED] - All options with index in [43] are selected on object 'Object Repository/HealthpostToStore/Page_Store/select_--Select--Adernaline 0.'

2018-05-28 10:29:45 - [TEST_STEP][PASSED] - delay: Delayed 2 second(s)

2018-05-28 10:29:47 - [MESSAGE][PASSED] - Delayed 2 second(s)

2018-05-28 10:29:47 - [TEST_STEP][PASSED] - Statement - RequestedQty = com.kms.katalon.core.webui.keyword.WebUiBuiltInKeywords.getAttribute(com.kms.katalon.core.testobject.ObjectRepository.findTestObject(HealthpostToStore/Page_Store/input_txttotal), "value"): Attribute 'value' of object 'Object Repository/HealthpostToStore/Page_Store/input_txttotal' is: '10'

2018-05-28 10:29:47 - [MESSAGE][PASSED] - Attribute 'value' of object 'Object Repository/HealthpostToStore/Page_Store/input_txttotal' is: '10'

2018-05-28 10:29:47 - [TEST_STEP][PASSED] - Statement - out.println("Requested QTY : " + RequestedQty): null

2018-05-28 10:29:47 - [TEST_STEP][PASSED] - Statement - BatchNumber = com.kms.katalon.core.webui.keyword.WebUiBuiltInKeywords.getNumberOfTotalOption(com.kms.katalon.core.testobject.ObjectRepository.findTestObject(HealthpostToStore/Page_Store/select_--Select--BA1170BA2376B)): 5 options of object 'Object Repository/HealthpostToStore/Page_Store/select_--Select--BA1170BA2376B' counted

2018-05-28 10:29:47 - [MESSAGE][PASSED] - 5 options of object 'Object Repository/HealthpostToStore/Page_Store/select_--Select--BA1170BA2376B' counted

2018-05-28 10:29:47 - [TEST_STEP][PASSED] - Statement - For ([g = 1, g <= BatchNumber - 1, (g++)]): null

2018-05-28 10:29:47 - [TEST_STEP][PASSED] - selectOptionByIndex: All options with index in [1] are selected on object 'Object Repository/HealthpostToStore/Page_Store/select_--Select--BA1170BA2376B'

2018-05-28 10:29:47 - [MESSAGE][PASSED] - All options with index in [1] are selected on object 'Object Repository/HealthpostToStore/Page_Store/select_--Select--BA1170BA2376B'

2018-05-28 10:29:47 - [TEST_STEP][PASSED] - Statement - Try: null

2018-05-28 10:29:47 - [TEST_STEP][PASSED] - Statement - StockQty = com.kms.katalon.core.webui.keyword.WebUiBuiltInKeywords.getAttribute(com.kms.katalon.core.testobject.ObjectRepository.findTestObject(HealthpostToStore/Page_Store/input_txtprice), "value"): Attribute 'value' of object 'Object Repository/HealthpostToStore/Page_Store/input_txtprice' is: '350'

2018-05-28 10:29:47 - [MESSAGE][PASSED] - Attribute 'value' of object 'Object Repository/HealthpostToStore/Page_Store/input_txtprice' is: '350'

2018-05-28 10:29:47 - [TEST_STEP][PASSED] - Statement - out.println("Stock QTY : " + StockQty): null

2018-05-28 10:29:47 - [TEST_STEP][PASSED] - delay: Delayed 2 second(s)

2018-05-28 10:29:49 - [MESSAGE][PASSED] - Delayed 2 second(s)

2018-05-28 10:29:49 - [TEST_STEP][PASSED] - Statement - If (java.lang.String.valueOf(StockQty) >= java.lang.String.valueOf(RequestedQty)): null

2018-05-28 10:29:49 - [TEST_STEP][PASSED] - setText: Text '10' is set on object 'Object Repository/HealthpostToStore/Page_Store/input_txtqty'

2018-05-28 10:29:49 - [MESSAGE][PASSED] - Text '10' is set on object 'Object Repository/HealthpostToStore/Page_Store/input_txtqty'

2018-05-28 10:29:49 - [TEST_STEP][PASSED] - click: Object: 'Object Repository/HealthpostToStore/Page_Store/button_Add' is clicked on

2018-05-28 10:29:49 - [MESSAGE][PASSED] - Object: 'Object Repository/HealthpostToStore/Page_Store/button_Add' is clicked on

2018-05-28 10:29:49 - [TEST_STEP][PASSED] - Statement - Break: null

2018-05-28 10:29:49 - [TEST_STEP][PASSED] - selectOptionByIndex: All options with index in [44] are selected on object 'Object Repository/HealthpostToStore/Page_Store/select_--Select--Adernaline 0.'

2018-05-28 10:29:50 - [MESSAGE][PASSED] - All options with index in [44] are selected on object 'Object Repository/HealthpostToStore/Page_Store/select_--Select--Adernaline 0.'

2018-05-28 10:29:50 - [TEST_STEP][PASSED] - delay: Delayed 2 second(s)

2018-05-28 10:29:52 - [MESSAGE][PASSED] - Delayed 2 second(s)

2018-05-28 10:29:52 - [TEST_STEP][PASSED] - Statement - RequestedQty = com.kms.katalon.core.webui.keyword.WebUiBuiltInKeywords.getAttribute(com.kms.katalon.core.testobject.ObjectRepository.findTestObject(HealthpostToStore/Page_Store/input_txttotal), "value"): Attribute 'value' of object 'Object Repository/HealthpostToStore/Page_Store/input_txttotal' is: '10'

2018-05-28 10:29:52 - [MESSAGE][PASSED] - Attribute 'value' of object 'Object Repository/HealthpostToStore/Page_Store/input_txttotal' is: '10'

2018-05-28 10:29:52 - [TEST_STEP][PASSED] - Statement - out.println("Requested QTY : " + RequestedQty): null

2018-05-28 10:29:52 - [TEST_STEP][PASSED] - Statement - BatchNumber = com.kms.katalon.core.webui.keyword.WebUiBuiltInKeywords.getNumberOfTotalOption(com.kms.katalon.core.testobject.ObjectRepository.findTestObject(HealthpostToStore/Page_Store/select_--Select--BA1170BA2376B)): 4 options of object 'Object Repository/HealthpostToStore/Page_Store/select_--Select--BA1170BA2376B' counted

2018-05-28 10:29:52 - [MESSAGE][PASSED] - 4 options of object 'Object Repository/HealthpostToStore/Page_Store/select_--Select--BA1170BA2376B' counted

2018-05-28 10:29:52 - [TEST_STEP][PASSED] - Statement - For ([g = 1, g <= BatchNumber - 1, (g++)]): null

2018-05-28 10:29:52 - [TEST_STEP][PASSED] - selectOptionByIndex: All options with index in [1] are selected on object 'Object Repository/HealthpostToStore/Page_Store/select_--Select--BA1170BA2376B'

2018-05-28 10:29:52 - [MESSAGE][PASSED] - All options with index in [1] are selected on object 'Object Repository/HealthpostToStore/Page_Store/select_--Select--BA1170BA2376B'

2018-05-28 10:29:52 - [TEST_STEP][PASSED] - Statement - Try: null

2018-05-28 10:29:52 - [TEST_STEP][PASSED] - Statement - StockQty = com.kms.katalon.core.webui.keyword.WebUiBuiltInKeywords.getAttribute(com.kms.katalon.core.testobject.ObjectRepository.findTestObject(HealthpostToStore/Page_Store/input_txtprice), "value"): Attribute 'value' of object 'Object Repository/HealthpostToStore/Page_Store/input_txtprice' is: '350'

2018-05-28 10:29:52 - [MESSAGE][PASSED] - Attribute 'value' of object 'Object Repository/HealthpostToStore/Page_Store/input_txtprice' is: '350'

2018-05-28 10:29:52 - [TEST_STEP][PASSED] - Statement - out.println("Stock QTY : " + StockQty): null

2018-05-28 10:29:52 - [TEST_STEP][PASSED] - delay: Delayed 2 second(s)

2018-05-28 10:29:54 - [MESSAGE][PASSED] - Delayed 2 second(s)

2018-05-28 10:29:54 - [TEST_STEP][PASSED] - Statement - If (java.lang.String.valueOf(StockQty) >= java.lang.String.valueOf(RequestedQty)): null

2018-05-28 10:29:54 - [TEST_STEP][PASSED] - setText: Text '10' is set on object 'Object Repository/HealthpostToStore/Page_Store/input_txtqty'

2018-05-28 10:29:54 - [MESSAGE][PASSED] - Text '10' is set on object 'Object Repository/HealthpostToStore/Page_Store/input_txtqty'

2018-05-28 10:29:54 - [TEST_STEP][PASSED] - click: Object: 'Object Repository/HealthpostToStore/Page_Store/button_Add' is clicked on

2018-05-28 10:29:54 - [MESSAGE][PASSED] - Object: 'Object Repository/HealthpostToStore/Page_Store/button_Add' is clicked on

2018-05-28 10:29:54 - [TEST_STEP][PASSED] - Statement - Break: null

2018-05-28 10:29:54 - [TEST_STEP][PASSED] - selectOptionByIndex: All options with index in [45] are selected on object 'Object Repository/HealthpostToStore/Page_Store/select_--Select--Adernaline 0.'

2018-05-28 10:29:55 - [MESSAGE][PASSED] - All options with index in [45] are selected on object 'Object Repository/HealthpostToStore/Page_Store/select_--Select--Adernaline 0.'

2018-05-28 10:29:55 - [TEST_STEP][PASSED] - delay: Delayed 2 second(s)

2018-05-28 10:29:57 - [MESSAGE][PASSED] - Delayed 2 second(s)

2018-05-28 10:29:57 - [TEST_STEP][PASSED] - Statement - RequestedQty = com.kms.katalon.core.webui.keyword.WebUiBuiltInKeywords.getAttribute(com.kms.katalon.core.testobject.ObjectRepository.findTestObject(HealthpostToStore/Page_Store/input_txttotal), "value"): Attribute 'value' of object 'Object Repository/HealthpostToStore/Page_Store/input_txttotal' is: '10'

2018-05-28 10:29:57 - [MESSAGE][PASSED] - Attribute 'value' of object 'Object Repository/HealthpostToStore/Page_Store/input_txttotal' is: '10'

2018-05-28 10:29:57 - [TEST_STEP][PASSED] - Statement - out.println("Requested QTY : " + RequestedQty): null

2018-05-28 10:29:57 - [TEST_STEP][PASSED] - Statement - BatchNumber = com.kms.katalon.core.webui.keyword.WebUiBuiltInKeywords.getNumberOfTotalOption(com.kms.katalon.core.testobject.ObjectRepository.findTestObject(HealthpostToStore/Page_Store/select_--Select--BA1170BA2376B)): 5 options of object 'Object Repository/HealthpostToStore/Page_Store/select_--Select--BA1170BA2376B' counted

2018-05-28 10:29:57 - [MESSAGE][PASSED] - 5 options of object 'Object Repository/HealthpostToStore/Page_Store/select_--Select--BA1170BA2376B' counted

2018-05-28 10:29:57 - [TEST_STEP][PASSED] - Statement - For ([g = 1, g <= BatchNumber - 1, (g++)]): null

2018-05-28 10:29:57 - [TEST_STEP][PASSED] - selectOptionByIndex: All options with index in [1] are selected on object 'Object Repository/HealthpostToStore/Page_Store/select_--Select--BA1170BA2376B'

2018-05-28 10:29:57 - [MESSAGE][PASSED] - All options with index in [1] are selected on object 'Object Repository/HealthpostToStore/Page_Store/select_--Select--BA1170BA2376B'

2018-05-28 10:29:57 - [TEST_STEP][PASSED] - Statement - Try: null

2018-05-28 10:29:57 - [TEST_STEP][PASSED] - Statement - StockQty = com.kms.katalon.core.webui.keyword.WebUiBuiltInKeywords.getAttribute(com.kms.katalon.core.testobject.ObjectRepository.findTestObject(HealthpostToStore/Page_Store/input_txtprice), "value"): Attribute 'value' of object 'Object Repository/HealthpostToStore/Page_Store/input_txtprice' is: '350'

2018-05-28 10:29:57 - [MESSAGE][PASSED] - Attribute 'value' of object 'Object Repository/HealthpostToStore/Page_Store/input_txtprice' is: '350'

2018-05-28 10:29:57 - [TEST_STEP][PASSED] - Statement - out.println("Stock QTY : " + StockQty): null

2018-05-28 10:29:57 - [TEST_STEP][PASSED] - delay: Delayed 2 second(s)

2018-05-28 10:29:59 - [MESSAGE][PASSED] - Delayed 2 second(s)

2018-05-28 10:29:59 - [TEST_STEP][PASSED] - Statement - If (java.lang.String.valueOf(StockQty) >= java.lang.String.valueOf(RequestedQty)): null

2018-05-28 10:29:59 - [TEST_STEP][PASSED] - setText: Text '10' is set on object 'Object Repository/HealthpostToStore/Page_Store/input_txtqty'

2018-05-28 10:29:59 - [MESSAGE][PASSED] - Text '10' is set on object 'Object Repository/HealthpostToStore/Page_Store/input_txtqty'

2018-05-28 10:29:59 - [TEST_STEP][PASSED] - click: Object: 'Object Repository/HealthpostToStore/Page_Store/button_Add' is clicked on

2018-05-28 10:29:59 - [MESSAGE][PASSED] - Object: 'Object Repository/HealthpostToStore/Page_Store/button_Add' is clicked on

2018-05-28 10:29:59 - [TEST_STEP][PASSED] - Statement - Break: null

2018-05-28 10:29:59 - [TEST_STEP][PASSED] - selectOptionByIndex: All options with index in [46] are selected on object 'Object Repository/HealthpostToStore/Page_Store/select_--Select--Adernaline 0.'

2018-05-28 10:30:00 - [MESSAGE][PASSED] - All options with index in [46] are selected on object 'Object Repository/HealthpostToStore/Page_Store/select_--Select--Adernaline 0.'

2018-05-28 10:30:00 - [TEST_STEP][PASSED] - delay: Delayed 2 second(s)

2018-05-28 10:30:02 - [MESSAGE][PASSED] - Delayed 2 second(s)

2018-05-28 10:30:02 - [TEST_STEP][PASSED] - Statement - RequestedQty = com.kms.katalon.core.webui.keyword.WebUiBuiltInKeywords.getAttribute(com.kms.katalon.core.testobject.ObjectRepository.findTestObject(HealthpostToStore/Page_Store/input_txttotal), "value"): Attribute 'value' of object 'Object Repository/HealthpostToStore/Page_Store/input_txttotal' is: '10'

2018-05-28 10:30:02 - [MESSAGE][PASSED] - Attribute 'value' of object 'Object Repository/HealthpostToStore/Page_Store/input_txttotal' is: '10'

2018-05-28 10:30:02 - [TEST_STEP][PASSED] - Statement - out.println("Requested QTY : " + RequestedQty): null

2018-05-28 10:30:02 - [TEST_STEP][PASSED] - Statement - BatchNumber = com.kms.katalon.core.webui.keyword.WebUiBuiltInKeywords.getNumberOfTotalOption(com.kms.katalon.core.testobject.ObjectRepository.findTestObject(HealthpostToStore/Page_Store/select_--Select--BA1170BA2376B)): 3 options of object 'Object Repository/HealthpostToStore/Page_Store/select_--Select--BA1170BA2376B' counted

2018-05-28 10:30:02 - [MESSAGE][PASSED] - 3 options of object 'Object Repository/HealthpostToStore/Page_Store/select_--Select--BA1170BA2376B' counted

2018-05-28 10:30:02 - [TEST_STEP][PASSED] - Statement - For ([g = 1, g <= BatchNumber - 1, (g++)]): null

2018-05-28 10:30:02 - [TEST_STEP][PASSED] - selectOptionByIndex: All options with index in [1] are selected on object 'Object Repository/HealthpostToStore/Page_Store/select_--Select--BA1170BA2376B'

2018-05-28 10:30:02 - [MESSAGE][PASSED] - All options with index in [1] are selected on object 'Object Repository/HealthpostToStore/Page_Store/select_--Select--BA1170BA2376B'

2018-05-28 10:30:02 - [TEST_STEP][PASSED] - Statement - Try: null

2018-05-28 10:30:02 - [TEST_STEP][PASSED] - Statement - StockQty = com.kms.katalon.core.webui.keyword.WebUiBuiltInKeywords.getAttribute(com.kms.katalon.core.testobject.ObjectRepository.findTestObject(HealthpostToStore/Page_Store/input_txtprice), "value"): Attribute 'value' of object 'Object Repository/HealthpostToStore/Page_Store/input_txtprice' is: '2290'

2018-05-28 10:30:02 - [MESSAGE][PASSED] - Attribute 'value' of object 'Object Repository/HealthpostToStore/Page_Store/input_txtprice' is: '2290'

2018-05-28 10:30:02 - [TEST_STEP][PASSED] - Statement - out.println("Stock QTY : " + StockQty): null

2018-05-28 10:30:02 - [TEST_STEP][PASSED] - delay: Delayed 2 second(s)

2018-05-28 10:30:04 - [MESSAGE][PASSED] - Delayed 2 second(s)

2018-05-28 10:30:04 - [TEST_STEP][PASSED] - Statement - If (java.lang.String.valueOf(StockQty) >= java.lang.String.valueOf(RequestedQty)): null

2018-05-28 10:30:04 - [TEST_STEP][PASSED] - setText: Text '10' is set on object 'Object Repository/HealthpostToStore/Page_Store/input_txtqty'

2018-05-28 10:30:04 - [MESSAGE][PASSED] - Text '10' is set on object 'Object Repository/HealthpostToStore/Page_Store/input_txtqty'

2018-05-28 10:30:04 - [TEST_STEP][PASSED] - click: Object: 'Object Repository/HealthpostToStore/Page_Store/button_Add' is clicked on

2018-05-28 10:30:04 - [MESSAGE][PASSED] - Object: 'Object Repository/HealthpostToStore/Page_Store/button_Add' is clicked on

2018-05-28 10:30:04 - [TEST_STEP][PASSED] - Statement - Break: null

2018-05-28 10:30:04 - [TEST_STEP][PASSED] - selectOptionByIndex: All options with index in [47] are selected on object 'Object Repository/HealthpostToStore/Page_Store/select_--Select--Adernaline 0.'

2018-05-28 10:30:05 - [MESSAGE][PASSED] - All options with index in [47] are selected on object 'Object Repository/HealthpostToStore/Page_Store/select_--Select--Adernaline 0.'

2018-05-28 10:30:05 - [TEST_STEP][PASSED] - delay: Delayed 2 second(s)

2018-05-28 10:30:07 - [MESSAGE][PASSED] - Delayed 2 second(s)

2018-05-28 10:30:07 - [TEST_STEP][PASSED] - Statement - RequestedQty = com.kms.katalon.core.webui.keyword.WebUiBuiltInKeywords.getAttribute(com.kms.katalon.core.testobject.ObjectRepository.findTestObject(HealthpostToStore/Page_Store/input_txttotal), "value"): Attribute 'value' of object 'Object Repository/HealthpostToStore/Page_Store/input_txttotal' is: '10'

2018-05-28 10:30:07 - [MESSAGE][PASSED] - Attribute 'value' of object 'Object Repository/HealthpostToStore/Page_Store/input_txttotal' is: '10'

2018-05-28 10:30:07 - [TEST_STEP][PASSED] - Statement - out.println("Requested QTY : " + RequestedQty): null

2018-05-28 10:30:07 - [TEST_STEP][PASSED] - Statement - BatchNumber = com.kms.katalon.core.webui.keyword.WebUiBuiltInKeywords.getNumberOfTotalOption(com.kms.katalon.core.testobject.ObjectRepository.findTestObject(HealthpostToStore/Page_Store/select_--Select--BA1170BA2376B)): 4 options of object 'Object Repository/HealthpostToStore/Page_Store/select_--Select--BA1170BA2376B' counted

2018-05-28 10:30:07 - [MESSAGE][PASSED] - 4 options of object 'Object Repository/HealthpostToStore/Page_Store/select_--Select--BA1170BA2376B' counted

2018-05-28 10:30:07 - [TEST_STEP][PASSED] - Statement - For ([g = 1, g <= BatchNumber - 1, (g++)]): null

2018-05-28 10:30:07 - [TEST_STEP][PASSED] - selectOptionByIndex: All options with index in [1] are selected on object 'Object Repository/HealthpostToStore/Page_Store/select_--Select--BA1170BA2376B'

2018-05-28 10:30:07 - [MESSAGE][PASSED] - All options with index in [1] are selected on object 'Object Repository/HealthpostToStore/Page_Store/select_--Select--BA1170BA2376B'

2018-05-28 10:30:07 - [TEST_STEP][PASSED] - Statement - Try: null

2018-05-28 10:30:07 - [TEST_STEP][PASSED] - Statement - StockQty = com.kms.katalon.core.webui.keyword.WebUiBuiltInKeywords.getAttribute(com.kms.katalon.core.testobject.ObjectRepository.findTestObject(HealthpostToStore/Page_Store/input_txtprice), "value"): Attribute 'value' of object 'Object Repository/HealthpostToStore/Page_Store/input_txtprice' is: '350'

2018-05-28 10:30:07 - [MESSAGE][PASSED] - Attribute 'value' of object 'Object Repository/HealthpostToStore/Page_Store/input_txtprice' is: '350'

2018-05-28 10:30:07 - [TEST_STEP][PASSED] - Statement - out.println("Stock QTY : " + StockQty): null

2018-05-28 10:30:07 - [TEST_STEP][PASSED] - delay: Delayed 2 second(s)

2018-05-28 10:30:09 - [MESSAGE][PASSED] - Delayed 2 second(s)

2018-05-28 10:30:09 - [TEST_STEP][PASSED] - Statement - If (java.lang.String.valueOf(StockQty) >= java.lang.String.valueOf(RequestedQty)): null

2018-05-28 10:30:09 - [TEST_STEP][PASSED] - setText: Text '10' is set on object 'Object Repository/HealthpostToStore/Page_Store/input_txtqty'

2018-05-28 10:30:09 - [MESSAGE][PASSED] - Text '10' is set on object 'Object Repository/HealthpostToStore/Page_Store/input_txtqty'

2018-05-28 10:30:09 - [TEST_STEP][PASSED] - click: Object: 'Object Repository/HealthpostToStore/Page_Store/button_Add' is clicked on

2018-05-28 10:30:09 - [MESSAGE][PASSED] - Object: 'Object Repository/HealthpostToStore/Page_Store/button_Add' is clicked on

2018-05-28 10:30:09 - [TEST_STEP][PASSED] - Statement - Break: null

2018-05-28 10:30:09 - [TEST_STEP][PASSED] - selectOptionByIndex: All options with index in [48] are selected on object 'Object Repository/HealthpostToStore/Page_Store/select_--Select--Adernaline 0.'

2018-05-28 10:30:10 - [MESSAGE][PASSED] - All options with index in [48] are selected on object 'Object Repository/HealthpostToStore/Page_Store/select_--Select--Adernaline 0.'

2018-05-28 10:30:10 - [TEST_STEP][PASSED] - delay: Delayed 2 second(s)

2018-05-28 10:30:12 - [MESSAGE][PASSED] - Delayed 2 second(s)

2018-05-28 10:30:12 - [TEST_STEP][PASSED] - Statement - RequestedQty = com.kms.katalon.core.webui.keyword.WebUiBuiltInKeywords.getAttribute(com.kms.katalon.core.testobject.ObjectRepository.findTestObject(HealthpostToStore/Page_Store/input_txttotal), "value"): Attribute 'value' of object 'Object Repository/HealthpostToStore/Page_Store/input_txttotal' is: '10'

2018-05-28 10:30:12 - [MESSAGE][PASSED] - Attribute 'value' of object 'Object Repository/HealthpostToStore/Page_Store/input_txttotal' is: '10'

2018-05-28 10:30:12 - [TEST_STEP][PASSED] - Statement - out.println("Requested QTY : " + RequestedQty): null

2018-05-28 10:30:12 - [TEST_STEP][PASSED] - Statement - BatchNumber = com.kms.katalon.core.webui.keyword.WebUiBuiltInKeywords.getNumberOfTotalOption(com.kms.katalon.core.testobject.ObjectRepository.findTestObject(HealthpostToStore/Page_Store/select_--Select--BA1170BA2376B)): 3 options of object 'Object Repository/HealthpostToStore/Page_Store/select_--Select--BA1170BA2376B' counted

2018-05-28 10:30:12 - [MESSAGE][PASSED] - 3 options of object 'Object Repository/HealthpostToStore/Page_Store/select_--Select--BA1170BA2376B' counted

2018-05-28 10:30:12 - [TEST_STEP][PASSED] - Statement - For ([g = 1, g <= BatchNumber - 1, (g++)]): null

2018-05-28 10:30:12 - [TEST_STEP][PASSED] - selectOptionByIndex: All options with index in [1] are selected on object 'Object Repository/HealthpostToStore/Page_Store/select_--Select--BA1170BA2376B'

2018-05-28 10:30:12 - [MESSAGE][PASSED] - All options with index in [1] are selected on object 'Object Repository/HealthpostToStore/Page_Store/select_--Select--BA1170BA2376B'

2018-05-28 10:30:12 - [TEST_STEP][PASSED] - Statement - Try: null

2018-05-28 10:30:12 - [TEST_STEP][PASSED] - Statement - StockQty = com.kms.katalon.core.webui.keyword.WebUiBuiltInKeywords.getAttribute(com.kms.katalon.core.testobject.ObjectRepository.findTestObject(HealthpostToStore/Page_Store/input_txtprice), "value"): Attribute 'value' of object 'Object Repository/HealthpostToStore/Page_Store/input_txtprice' is: '1390'

2018-05-28 10:30:12 - [MESSAGE][PASSED] - Attribute 'value' of object 'Object Repository/HealthpostToStore/Page_Store/input_txtprice' is: '1390'

2018-05-28 10:30:12 - [TEST_STEP][PASSED] - Statement - out.println("Stock QTY : " + StockQty): null

2018-05-28 10:30:12 - [TEST_STEP][PASSED] - delay: Delayed 2 second(s)

2018-05-28 10:30:14 - [MESSAGE][PASSED] - Delayed 2 second(s)

2018-05-28 10:30:14 - [TEST_STEP][PASSED] - Statement - If (java.lang.String.valueOf(StockQty) >= java.lang.String.valueOf(RequestedQty)): null

2018-05-28 10:30:14 - [TEST_STEP][PASSED] - setText: Text '10' is set on object 'Object Repository/HealthpostToStore/Page_Store/input_txtqty'

2018-05-28 10:30:14 - [MESSAGE][PASSED] - Text '10' is set on object 'Object Repository/HealthpostToStore/Page_Store/input_txtqty'

2018-05-28 10:30:14 - [TEST_STEP][PASSED] - click: Object: 'Object Repository/HealthpostToStore/Page_Store/button_Add' is clicked on

2018-05-28 10:30:14 - [MESSAGE][PASSED] - Object: 'Object Repository/HealthpostToStore/Page_Store/button_Add' is clicked on

2018-05-28 10:30:14 - [TEST_STEP][PASSED] - Statement - Break: null

2018-05-28 10:30:14 - [TEST_STEP][PASSED] - selectOptionByIndex: All options with index in [49] are selected on object 'Object Repository/HealthpostToStore/Page_Store/select_--Select--Adernaline 0.'

2018-05-28 10:30:15 - [MESSAGE][PASSED] - All options with index in [49] are selected on object 'Object Repository/HealthpostToStore/Page_Store/select_--Select--Adernaline 0.'

2018-05-28 10:30:15 - [TEST_STEP][PASSED] - delay: Delayed 2 second(s)

2018-05-28 10:30:17 - [MESSAGE][PASSED] - Delayed 2 second(s)

2018-05-28 10:30:17 - [TEST_STEP][PASSED] - Statement - RequestedQty = com.kms.katalon.core.webui.keyword.WebUiBuiltInKeywords.getAttribute(com.kms.katalon.core.testobject.ObjectRepository.findTestObject(HealthpostToStore/Page_Store/input_txttotal), "value"): Attribute 'value' of object 'Object Repository/HealthpostToStore/Page_Store/input_txttotal' is: '10'

2018-05-28 10:30:17 - [MESSAGE][PASSED] - Attribute 'value' of object 'Object Repository/HealthpostToStore/Page_Store/input_txttotal' is: '10'

2018-05-28 10:30:17 - [TEST_STEP][PASSED] - Statement - out.println("Requested QTY : " + RequestedQty): null

2018-05-28 10:30:17 - [TEST_STEP][PASSED] - Statement - BatchNumber = com.kms.katalon.core.webui.keyword.WebUiBuiltInKeywords.getNumberOfTotalOption(com.kms.katalon.core.testobject.ObjectRepository.findTestObject(HealthpostToStore/Page_Store/select_--Select--BA1170BA2376B)): 2 options of object 'Object Repository/HealthpostToStore/Page_Store/select_--Select--BA1170BA2376B' counted

2018-05-28 10:30:17 - [MESSAGE][PASSED] - 2 options of object 'Object Repository/HealthpostToStore/Page_Store/select_--Select--BA1170BA2376B' counted

2018-05-28 10:30:17 - [TEST_STEP][PASSED] - Statement - For ([g = 1, g <= BatchNumber - 1, (g++)]): null

2018-05-28 10:30:17 - [TEST_STEP][PASSED] - selectOptionByIndex: All options with index in [1] are selected on object 'Object Repository/HealthpostToStore/Page_Store/select_--Select--BA1170BA2376B'

2018-05-28 10:30:17 - [MESSAGE][PASSED] - All options with index in [1] are selected on object 'Object Repository/HealthpostToStore/Page_Store/select_--Select--BA1170BA2376B'

2018-05-28 10:30:17 - [TEST_STEP][PASSED] - Statement - Try: null

2018-05-28 10:30:17 - [TEST_STEP][PASSED] - Statement - StockQty = com.kms.katalon.core.webui.keyword.WebUiBuiltInKeywords.getAttribute(com.kms.katalon.core.testobject.ObjectRepository.findTestObject(HealthpostToStore/Page_Store/input_txtprice), "value"): Attribute 'value' of object 'Object Repository/HealthpostToStore/Page_Store/input_txtprice' is: '2390'

2018-05-28 10:30:17 - [MESSAGE][PASSED] - Attribute 'value' of object 'Object Repository/HealthpostToStore/Page_Store/input_txtprice' is: '2390'

2018-05-28 10:30:17 - [TEST_STEP][PASSED] - Statement - out.println("Stock QTY : " + StockQty): null

2018-05-28 10:30:17 - [TEST_STEP][PASSED] - delay: Delayed 2 second(s)

2018-05-28 10:30:19 - [MESSAGE][PASSED] - Delayed 2 second(s)

2018-05-28 10:30:19 - [TEST_STEP][PASSED] - Statement - If (java.lang.String.valueOf(StockQty) >= java.lang.String.valueOf(RequestedQty)): null

2018-05-28 10:30:19 - [TEST_STEP][PASSED] - setText: Text '10' is set on object 'Object Repository/HealthpostToStore/Page_Store/input_txtqty'

2018-05-28 10:30:19 - [MESSAGE][PASSED] - Text '10' is set on object 'Object Repository/HealthpostToStore/Page_Store/input_txtqty'

2018-05-28 10:30:19 - [TEST_STEP][PASSED] - click: Object: 'Object Repository/HealthpostToStore/Page_Store/button_Add' is clicked on

2018-05-28 10:30:19 - [MESSAGE][PASSED] - Object: 'Object Repository/HealthpostToStore/Page_Store/button_Add' is clicked on

2018-05-28 10:30:19 - [TEST_STEP][PASSED] - Statement - Break: null

2018-05-28 10:30:19 - [TEST_STEP][PASSED] - selectOptionByIndex: All options with index in [50] are selected on object 'Object Repository/HealthpostToStore/Page_Store/select_--Select--Adernaline 0.'

2018-05-28 10:30:20 - [MESSAGE][PASSED] - All options with index in [50] are selected on object 'Object Repository/HealthpostToStore/Page_Store/select_--Select--Adernaline 0.'

2018-05-28 10:30:20 - [TEST_STEP][PASSED] - delay: Delayed 2 second(s)

2018-05-28 10:30:22 - [MESSAGE][PASSED] - Delayed 2 second(s)

2018-05-28 10:30:22 - [TEST_STEP][PASSED] - Statement - RequestedQty = com.kms.katalon.core.webui.keyword.WebUiBuiltInKeywords.getAttribute(com.kms.katalon.core.testobject.ObjectRepository.findTestObject(HealthpostToStore/Page_Store/input_txttotal), "value"): Attribute 'value' of object 'Object Repository/HealthpostToStore/Page_Store/input_txttotal' is: '10'

2018-05-28 10:30:22 - [MESSAGE][PASSED] - Attribute 'value' of object 'Object Repository/HealthpostToStore/Page_Store/input_txttotal' is: '10'

2018-05-28 10:30:22 - [TEST_STEP][PASSED] - Statement - out.println("Requested QTY : " + RequestedQty): null

2018-05-28 10:30:22 - [TEST_STEP][PASSED] - Statement - BatchNumber = com.kms.katalon.core.webui.keyword.WebUiBuiltInKeywords.getNumberOfTotalOption(com.kms.katalon.core.testobject.ObjectRepository.findTestObject(HealthpostToStore/Page_Store/select_--Select--BA1170BA2376B)): 4 options of object 'Object Repository/HealthpostToStore/Page_Store/select_--Select--BA1170BA2376B' counted

2018-05-28 10:30:22 - [MESSAGE][PASSED] - 4 options of object 'Object Repository/HealthpostToStore/Page_Store/select_--Select--BA1170BA2376B' counted

2018-05-28 10:30:22 - [TEST_STEP][PASSED] - Statement - For ([g = 1, g <= BatchNumber - 1, (g++)]): null

2018-05-28 10:30:22 - [TEST_STEP][PASSED] - selectOptionByIndex: All options with index in [1] are selected on object 'Object Repository/HealthpostToStore/Page_Store/select_--Select--BA1170BA2376B'

2018-05-28 10:30:22 - [MESSAGE][PASSED] - All options with index in [1] are selected on object 'Object Repository/HealthpostToStore/Page_Store/select_--Select--BA1170BA2376B'

2018-05-28 10:30:22 - [TEST_STEP][PASSED] - Statement - Try: null

2018-05-28 10:30:22 - [TEST_STEP][PASSED] - Statement - StockQty = com.kms.katalon.core.webui.keyword.WebUiBuiltInKeywords.getAttribute(com.kms.katalon.core.testobject.ObjectRepository.findTestObject(HealthpostToStore/Page_Store/input_txtprice), "value"): Attribute 'value' of object 'Object Repository/HealthpostToStore/Page_Store/input_txtprice' is: '350'

2018-05-28 10:30:22 - [MESSAGE][PASSED] - Attribute 'value' of object 'Object Repository/HealthpostToStore/Page_Store/input_txtprice' is: '350'

2018-05-28 10:30:22 - [TEST_STEP][PASSED] - Statement - out.println("Stock QTY : " + StockQty): null

2018-05-28 10:30:22 - [TEST_STEP][PASSED] - delay: Delayed 2 second(s)

2018-05-28 10:30:24 - [MESSAGE][PASSED] - Delayed 2 second(s)

2018-05-28 10:30:24 - [TEST_STEP][PASSED] - Statement - If (java.lang.String.valueOf(StockQty) >= java.lang.String.valueOf(RequestedQty)): null

2018-05-28 10:30:24 - [TEST_STEP][PASSED] - setText: Text '10' is set on object 'Object Repository/HealthpostToStore/Page_Store/input_txtqty'

2018-05-28 10:30:24 - [MESSAGE][PASSED] - Text '10' is set on object 'Object Repository/HealthpostToStore/Page_Store/input_txtqty'

2018-05-28 10:30:24 - [TEST_STEP][PASSED] - click: Object: 'Object Repository/HealthpostToStore/Page_Store/button_Add' is clicked on

2018-05-28 10:30:24 - [MESSAGE][PASSED] - Object: 'Object Repository/HealthpostToStore/Page_Store/button_Add' is clicked on

2018-05-28 10:30:24 - [TEST_STEP][PASSED] - Statement - Break: null

2018-05-28 10:30:24 - [TEST_STEP][PASSED] - selectOptionByIndex: All options with index in [51] are selected on object 'Object Repository/HealthpostToStore/Page_Store/select_--Select--Adernaline 0.'

2018-05-28 10:30:25 - [MESSAGE][PASSED] - All options with index in [51] are selected on object 'Object Repository/HealthpostToStore/Page_Store/select_--Select--Adernaline 0.'

2018-05-28 10:30:25 - [TEST_STEP][PASSED] - delay: Delayed 2 second(s)

2018-05-28 10:30:27 - [MESSAGE][PASSED] - Delayed 2 second(s)

2018-05-28 10:30:27 - [TEST_STEP][PASSED] - Statement - RequestedQty = com.kms.katalon.core.webui.keyword.WebUiBuiltInKeywords.getAttribute(com.kms.katalon.core.testobject.ObjectRepository.findTestObject(HealthpostToStore/Page_Store/input_txttotal), "value"): Attribute 'value' of object 'Object Repository/HealthpostToStore/Page_Store/input_txttotal' is: '10'

2018-05-28 10:30:27 - [MESSAGE][PASSED] - Attribute 'value' of object 'Object Repository/HealthpostToStore/Page_Store/input_txttotal' is: '10'

2018-05-28 10:30:27 - [TEST_STEP][PASSED] - Statement - out.println("Requested QTY : " + RequestedQty): null

2018-05-28 10:30:27 - [TEST_STEP][PASSED] - Statement - BatchNumber = com.kms.katalon.core.webui.keyword.WebUiBuiltInKeywords.getNumberOfTotalOption(com.kms.katalon.core.testobject.ObjectRepository.findTestObject(HealthpostToStore/Page_Store/select_--Select--BA1170BA2376B)): 3 options of object 'Object Repository/HealthpostToStore/Page_Store/select_--Select--BA1170BA2376B' counted

2018-05-28 10:30:27 - [MESSAGE][PASSED] - 3 options of object 'Object Repository/HealthpostToStore/Page_Store/select_--Select--BA1170BA2376B' counted

2018-05-28 10:30:27 - [TEST_STEP][PASSED] - Statement - For ([g = 1, g <= BatchNumber - 1, (g++)]): null

2018-05-28 10:30:27 - [TEST_STEP][PASSED] - selectOptionByIndex: All options with index in [1] are selected on object 'Object Repository/HealthpostToStore/Page_Store/select_--Select--BA1170BA2376B'

2018-05-28 10:30:27 - [MESSAGE][PASSED] - All options with index in [1] are selected on object 'Object Repository/HealthpostToStore/Page_Store/select_--Select--BA1170BA2376B'

2018-05-28 10:30:27 - [TEST_STEP][PASSED] - Statement - Try: null

2018-05-28 10:30:27 - [TEST_STEP][PASSED] - Statement - StockQty = com.kms.katalon.core.webui.keyword.WebUiBuiltInKeywords.getAttribute(com.kms.katalon.core.testobject.ObjectRepository.findTestObject(HealthpostToStore/Page_Store/input_txtprice), "value"): Attribute 'value' of object 'Object Repository/HealthpostToStore/Page_Store/input_txtprice' is: '1290'

2018-05-28 10:30:27 - [MESSAGE][PASSED] - Attribute 'value' of object 'Object Repository/HealthpostToStore/Page_Store/input_txtprice' is: '1290'

2018-05-28 10:30:27 - [TEST_STEP][PASSED] - Statement - out.println("Stock QTY : " + StockQty): null

2018-05-28 10:30:27 - [TEST_STEP][PASSED] - delay: Delayed 2 second(s)

2018-05-28 10:30:29 - [MESSAGE][PASSED] - Delayed 2 second(s)

2018-05-28 10:30:29 - [TEST_STEP][PASSED] - Statement - If (java.lang.String.valueOf(StockQty) >= java.lang.String.valueOf(RequestedQty)): null

2018-05-28 10:30:29 - [TEST_STEP][PASSED] - setText: Text '10' is set on object 'Object Repository/HealthpostToStore/Page_Store/input_txtqty'

2018-05-28 10:30:29 - [MESSAGE][PASSED] - Text '10' is set on object 'Object Repository/HealthpostToStore/Page_Store/input_txtqty'

2018-05-28 10:30:29 - [TEST_STEP][PASSED] - click: Object: 'Object Repository/HealthpostToStore/Page_Store/button_Add' is clicked on

2018-05-28 10:30:29 - [MESSAGE][PASSED] - Object: 'Object Repository/HealthpostToStore/Page_Store/button_Add' is clicked on

2018-05-28 10:30:29 - [TEST_STEP][PASSED] - Statement - Break: null

2018-05-28 10:30:29 - [TEST_STEP][PASSED] - selectOptionByIndex: All options with index in [52] are selected on object 'Object Repository/HealthpostToStore/Page_Store/select_--Select--Adernaline 0.'

2018-05-28 10:30:30 - [MESSAGE][PASSED] - All options with index in [52] are selected on object 'Object Repository/HealthpostToStore/Page_Store/select_--Select--Adernaline 0.'

2018-05-28 10:30:30 - [TEST_STEP][PASSED] - delay: Delayed 2 second(s)

2018-05-28 10:30:32 - [MESSAGE][PASSED] - Delayed 2 second(s)

2018-05-28 10:30:32 - [TEST_STEP][PASSED] - Statement - RequestedQty = com.kms.katalon.core.webui.keyword.WebUiBuiltInKeywords.getAttribute(com.kms.katalon.core.testobject.ObjectRepository.findTestObject(HealthpostToStore/Page_Store/input_txttotal), "value"): Attribute 'value' of object 'Object Repository/HealthpostToStore/Page_Store/input_txttotal' is: '10'

2018-05-28 10:30:32 - [MESSAGE][PASSED] - Attribute 'value' of object 'Object Repository/HealthpostToStore/Page_Store/input_txttotal' is: '10'

2018-05-28 10:30:32 - [TEST_STEP][PASSED] - Statement - out.println("Requested QTY : " + RequestedQty): null

2018-05-28 10:30:32 - [TEST_STEP][PASSED] - Statement - BatchNumber = com.kms.katalon.core.webui.keyword.WebUiBuiltInKeywords.getNumberOfTotalOption(com.kms.katalon.core.testobject.ObjectRepository.findTestObject(HealthpostToStore/Page_Store/select_--Select--BA1170BA2376B)): 2 options of object 'Object Repository/HealthpostToStore/Page_Store/select_--Select--BA1170BA2376B' counted

2018-05-28 10:30:32 - [MESSAGE][PASSED] - 2 options of object 'Object Repository/HealthpostToStore/Page_Store/select_--Select--BA1170BA2376B' counted

2018-05-28 10:30:32 - [TEST_STEP][PASSED] - Statement - For ([g = 1, g <= BatchNumber - 1, (g++)]): null

2018-05-28 10:30:32 - [TEST_STEP][PASSED] - selectOptionByIndex: All options with index in [1] are selected on object 'Object Repository/HealthpostToStore/Page_Store/select_--Select--BA1170BA2376B'

2018-05-28 10:30:32 - [MESSAGE][PASSED] - All options with index in [1] are selected on object 'Object Repository/HealthpostToStore/Page_Store/select_--Select--BA1170BA2376B'

2018-05-28 10:30:32 - [TEST_STEP][PASSED] - Statement - Try: null

2018-05-28 10:30:32 - [TEST_STEP][PASSED] - Statement - StockQty = com.kms.katalon.core.webui.keyword.WebUiBuiltInKeywords.getAttribute(com.kms.katalon.core.testobject.ObjectRepository.findTestObject(HealthpostToStore/Page_Store/input_txtprice), "value"): Attribute 'value' of object 'Object Repository/HealthpostToStore/Page_Store/input_txtprice' is: '2390'

2018-05-28 10:30:32 - [MESSAGE][PASSED] - Attribute 'value' of object 'Object Repository/HealthpostToStore/Page_Store/input_txtprice' is: '2390'

2018-05-28 10:30:32 - [TEST_STEP][PASSED] - Statement - out.println("Stock QTY : " + StockQty): null

2018-05-28 10:30:32 - [TEST_STEP][PASSED] - delay: Delayed 2 second(s)

2018-05-28 10:30:34 - [MESSAGE][PASSED] - Delayed 2 second(s)

2018-05-28 10:30:34 - [TEST_STEP][PASSED] - Statement - If (java.lang.String.valueOf(StockQty) >= java.lang.String.valueOf(RequestedQty)): null

2018-05-28 10:30:34 - [TEST_STEP][PASSED] - setText: Text '10' is set on object 'Object Repository/HealthpostToStore/Page_Store/input_txtqty'

2018-05-28 10:30:34 - [MESSAGE][PASSED] - Text '10' is set on object 'Object Repository/HealthpostToStore/Page_Store/input_txtqty'

2018-05-28 10:30:34 - [TEST_STEP][PASSED] - click: Object: 'Object Repository/HealthpostToStore/Page_Store/button_Add' is clicked on

2018-05-28 10:30:34 - [MESSAGE][PASSED] - Object: 'Object Repository/HealthpostToStore/Page_Store/button_Add' is clicked on

2018-05-28 10:30:34 - [TEST_STEP][PASSED] - Statement - Break: null

2018-05-28 10:30:34 - [TEST_STEP][PASSED] - selectOptionByIndex: All options with index in [53] are selected on object 'Object Repository/HealthpostToStore/Page_Store/select_--Select--Adernaline 0.'

2018-05-28 10:30:35 - [MESSAGE][PASSED] - All options with index in [53] are selected on object 'Object Repository/HealthpostToStore/Page_Store/select_--Select--Adernaline 0.'

2018-05-28 10:30:35 - [TEST_STEP][PASSED] - delay: Delayed 2 second(s)

2018-05-28 10:30:37 - [MESSAGE][PASSED] - Delayed 2 second(s)

2018-05-28 10:30:37 - [TEST_STEP][PASSED] - Statement - RequestedQty = com.kms.katalon.core.webui.keyword.WebUiBuiltInKeywords.getAttribute(com.kms.katalon.core.testobject.ObjectRepository.findTestObject(HealthpostToStore/Page_Store/input_txttotal), "value"): Attribute 'value' of object 'Object Repository/HealthpostToStore/Page_Store/input_txttotal' is: '10'

2018-05-28 10:30:37 - [MESSAGE][PASSED] - Attribute 'value' of object 'Object Repository/HealthpostToStore/Page_Store/input_txttotal' is: '10'

2018-05-28 10:30:37 - [TEST_STEP][PASSED] - Statement - out.println("Requested QTY : " + RequestedQty): null

2018-05-28 10:30:37 - [TEST_STEP][PASSED] - Statement - BatchNumber = com.kms.katalon.core.webui.keyword.WebUiBuiltInKeywords.getNumberOfTotalOption(com.kms.katalon.core.testobject.ObjectRepository.findTestObject(HealthpostToStore/Page_Store/select_--Select--BA1170BA2376B)): 3 options of object 'Object Repository/HealthpostToStore/Page_Store/select_--Select--BA1170BA2376B' counted

2018-05-28 10:30:37 - [MESSAGE][PASSED] - 3 options of object 'Object Repository/HealthpostToStore/Page_Store/select_--Select--BA1170BA2376B' counted

2018-05-28 10:30:37 - [TEST_STEP][PASSED] - Statement - For ([g = 1, g <= BatchNumber - 1, (g++)]): null

2018-05-28 10:30:37 - [TEST_STEP][PASSED] - selectOptionByIndex: All options with index in [1] are selected on object 'Object Repository/HealthpostToStore/Page_Store/select_--Select--BA1170BA2376B'

2018-05-28 10:30:37 - [MESSAGE][PASSED] - All options with index in [1] are selected on object 'Object Repository/HealthpostToStore/Page_Store/select_--Select--BA1170BA2376B'

2018-05-28 10:30:37 - [TEST_STEP][PASSED] - Statement - Try: null

2018-05-28 10:30:37 - [TEST_STEP][PASSED] - Statement - StockQty = com.kms.katalon.core.webui.keyword.WebUiBuiltInKeywords.getAttribute(com.kms.katalon.core.testobject.ObjectRepository.findTestObject(HealthpostToStore/Page_Store/input_txtprice), "value"): Attribute 'value' of object 'Object Repository/HealthpostToStore/Page_Store/input_txtprice' is: '1290'

2018-05-28 10:30:37 - [MESSAGE][PASSED] - Attribute 'value' of object 'Object Repository/HealthpostToStore/Page_Store/input_txtprice' is: '1290'

2018-05-28 10:30:37 - [TEST_STEP][PASSED] - Statement - out.println("Stock QTY : " + StockQty): null

2018-05-28 10:30:37 - [TEST_STEP][PASSED] - delay: Delayed 2 second(s)

2018-05-28 10:30:39 - [MESSAGE][PASSED] - Delayed 2 second(s)

2018-05-28 10:30:39 - [TEST_STEP][PASSED] - Statement - If (java.lang.String.valueOf(StockQty) >= java.lang.String.valueOf(RequestedQty)): null

2018-05-28 10:30:39 - [TEST_STEP][PASSED] - setText: Text '10' is set on object 'Object Repository/HealthpostToStore/Page_Store/input_txtqty'

2018-05-28 10:30:39 - [MESSAGE][PASSED] - Text '10' is set on object 'Object Repository/HealthpostToStore/Page_Store/input_txtqty'

2018-05-28 10:30:39 - [TEST_STEP][PASSED] - click: Object: 'Object Repository/HealthpostToStore/Page_Store/button_Add' is clicked on

2018-05-28 10:30:40 - [MESSAGE][PASSED] - Object: 'Object Repository/HealthpostToStore/Page_Store/button_Add' is clicked on

2018-05-28 10:30:40 - [TEST_STEP][PASSED] - Statement - Break: null

2018-05-28 10:30:40 - [TEST_STEP][PASSED] - selectOptionByIndex: All options with index in [54] are selected on object 'Object Repository/HealthpostToStore/Page_Store/select_--Select--Adernaline 0.'

2018-05-28 10:30:40 - [MESSAGE][PASSED] - All options with index in [54] are selected on object 'Object Repository/HealthpostToStore/Page_Store/select_--Select--Adernaline 0.'

2018-05-28 10:30:40 - [TEST_STEP][PASSED] - delay: Delayed 2 second(s)

2018-05-28 10:30:42 - [MESSAGE][PASSED] - Delayed 2 second(s)

2018-05-28 10:30:42 - [TEST_STEP][PASSED] - Statement - RequestedQty = com.kms.katalon.core.webui.keyword.WebUiBuiltInKeywords.getAttribute(com.kms.katalon.core.testobject.ObjectRepository.findTestObject(HealthpostToStore/Page_Store/input_txttotal), "value"): Attribute 'value' of object 'Object Repository/HealthpostToStore/Page_Store/input_txttotal' is: '10'

2018-05-28 10:30:42 - [MESSAGE][PASSED] - Attribute 'value' of object 'Object Repository/HealthpostToStore/Page_Store/input_txttotal' is: '10'

2018-05-28 10:30:42 - [TEST_STEP][PASSED] - Statement - out.println("Requested QTY : " + RequestedQty): null

2018-05-28 10:30:42 - [TEST_STEP][PASSED] - Statement - BatchNumber = com.kms.katalon.core.webui.keyword.WebUiBuiltInKeywords.getNumberOfTotalOption(com.kms.katalon.core.testobject.ObjectRepository.findTestObject(HealthpostToStore/Page_Store/select_--Select--BA1170BA2376B)): 3 options of object 'Object Repository/HealthpostToStore/Page_Store/select_--Select--BA1170BA2376B' counted

2018-05-28 10:30:42 - [MESSAGE][PASSED] - 3 options of object 'Object Repository/HealthpostToStore/Page_Store/select_--Select--BA1170BA2376B' counted

2018-05-28 10:30:42 - [TEST_STEP][PASSED] - Statement - For ([g = 1, g <= BatchNumber - 1, (g++)]): null

2018-05-28 10:30:42 - [TEST_STEP][PASSED] - selectOptionByIndex: All options with index in [1] are selected on object 'Object Repository/HealthpostToStore/Page_Store/select_--Select--BA1170BA2376B'

2018-05-28 10:30:42 - [MESSAGE][PASSED] - All options with index in [1] are selected on object 'Object Repository/HealthpostToStore/Page_Store/select_--Select--BA1170BA2376B'

2018-05-28 10:30:42 - [TEST_STEP][PASSED] - Statement - Try: null

2018-05-28 10:30:42 - [TEST_STEP][PASSED] - Statement - StockQty = com.kms.katalon.core.webui.keyword.WebUiBuiltInKeywords.getAttribute(com.kms.katalon.core.testobject.ObjectRepository.findTestObject(HealthpostToStore/Page_Store/input_txtprice), "value"): Attribute 'value' of object 'Object Repository/HealthpostToStore/Page_Store/input_txtprice' is: '360'

2018-05-28 10:30:42 - [MESSAGE][PASSED] - Attribute 'value' of object 'Object Repository/HealthpostToStore/Page_Store/input_txtprice' is: '360'

2018-05-28 10:30:42 - [TEST_STEP][PASSED] - Statement - out.println("Stock QTY : " + StockQty): null

2018-05-28 10:30:42 - [TEST_STEP][PASSED] - delay: Delayed 2 second(s)

2018-05-28 10:30:44 - [MESSAGE][PASSED] - Delayed 2 second(s)

2018-05-28 10:30:44 - [TEST_STEP][PASSED] - Statement - If (java.lang.String.valueOf(StockQty) >= java.lang.String.valueOf(RequestedQty)): null

2018-05-28 10:30:44 - [TEST_STEP][PASSED] - setText: Text '10' is set on object 'Object Repository/HealthpostToStore/Page_Store/input_txtqty'

2018-05-28 10:30:45 - [MESSAGE][PASSED] - Text '10' is set on object 'Object Repository/HealthpostToStore/Page_Store/input_txtqty'

2018-05-28 10:30:45 - [TEST_STEP][PASSED] - click: Object: 'Object Repository/HealthpostToStore/Page_Store/button_Add' is clicked on

2018-05-28 10:30:45 - [MESSAGE][PASSED] - Object: 'Object Repository/HealthpostToStore/Page_Store/button_Add' is clicked on

2018-05-28 10:30:45 - [TEST_STEP][PASSED] - Statement - Break: null

2018-05-28 10:30:45 - [TEST_STEP][PASSED] - selectOptionByIndex: All options with index in [55] are selected on object 'Object Repository/HealthpostToStore/Page_Store/select_--Select--Adernaline 0.'

2018-05-28 10:30:45 - [MESSAGE][PASSED] - All options with index in [55] are selected on object 'Object Repository/HealthpostToStore/Page_Store/select_--Select--Adernaline 0.'

2018-05-28 10:30:45 - [TEST_STEP][PASSED] - delay: Delayed 2 second(s)

2018-05-28 10:30:47 - [MESSAGE][PASSED] - Delayed 2 second(s)

2018-05-28 10:30:47 - [TEST_STEP][PASSED] - Statement - RequestedQty = com.kms.katalon.core.webui.keyword.WebUiBuiltInKeywords.getAttribute(com.kms.katalon.core.testobject.ObjectRepository.findTestObject(HealthpostToStore/Page_Store/input_txttotal), "value"): Attribute 'value' of object 'Object Repository/HealthpostToStore/Page_Store/input_txttotal' is: '10'

2018-05-28 10:30:47 - [MESSAGE][PASSED] - Attribute 'value' of object 'Object Repository/HealthpostToStore/Page_Store/input_txttotal' is: '10'

2018-05-28 10:30:47 - [TEST_STEP][PASSED] - Statement - out.println("Requested QTY : " + RequestedQty): null

2018-05-28 10:30:47 - [TEST_STEP][PASSED] - Statement - BatchNumber = com.kms.katalon.core.webui.keyword.WebUiBuiltInKeywords.getNumberOfTotalOption(com.kms.katalon.core.testobject.ObjectRepository.findTestObject(HealthpostToStore/Page_Store/select_--Select--BA1170BA2376B)): 3 options of object 'Object Repository/HealthpostToStore/Page_Store/select_--Select--BA1170BA2376B' counted

2018-05-28 10:30:47 - [MESSAGE][PASSED] - 3 options of object 'Object Repository/HealthpostToStore/Page_Store/select_--Select--BA1170BA2376B' counted

2018-05-28 10:30:47 - [TEST_STEP][PASSED] - Statement - For ([g = 1, g <= BatchNumber - 1, (g++)]): null

2018-05-28 10:30:47 - [TEST_STEP][PASSED] - selectOptionByIndex: All options with index in [1] are selected on object 'Object Repository/HealthpostToStore/Page_Store/select_--Select--BA1170BA2376B'

2018-05-28 10:30:47 - [MESSAGE][PASSED] - All options with index in [1] are selected on object 'Object Repository/HealthpostToStore/Page_Store/select_--Select--BA1170BA2376B'

2018-05-28 10:30:47 - [TEST_STEP][PASSED] - Statement - Try: null

2018-05-28 10:30:47 - [TEST_STEP][PASSED] - Statement - StockQty = com.kms.katalon.core.webui.keyword.WebUiBuiltInKeywords.getAttribute(com.kms.katalon.core.testobject.ObjectRepository.findTestObject(HealthpostToStore/Page_Store/input_txtprice), "value"): Attribute 'value' of object 'Object Repository/HealthpostToStore/Page_Store/input_txtprice' is: '1290'

2018-05-28 10:30:47 - [MESSAGE][PASSED] - Attribute 'value' of object 'Object Repository/HealthpostToStore/Page_Store/input_txtprice' is: '1290'

2018-05-28 10:30:47 - [TEST_STEP][PASSED] - Statement - out.println("Stock QTY : " + StockQty): null

2018-05-28 10:30:47 - [TEST_STEP][PASSED] - delay: Delayed 2 second(s)

2018-05-28 10:30:49 - [MESSAGE][PASSED] - Delayed 2 second(s)

2018-05-28 10:30:49 - [TEST_STEP][PASSED] - Statement - If (java.lang.String.valueOf(StockQty) >= java.lang.String.valueOf(RequestedQty)): null

2018-05-28 10:30:49 - [TEST_STEP][PASSED] - setText: Text '10' is set on object 'Object Repository/HealthpostToStore/Page_Store/input_txtqty'

2018-05-28 10:30:50 - [MESSAGE][PASSED] - Text '10' is set on object 'Object Repository/HealthpostToStore/Page_Store/input_txtqty'

2018-05-28 10:30:50 - [TEST_STEP][PASSED] - click: Object: 'Object Repository/HealthpostToStore/Page_Store/button_Add' is clicked on

2018-05-28 10:30:50 - [MESSAGE][PASSED] - Object: 'Object Repository/HealthpostToStore/Page_Store/button_Add' is clicked on

2018-05-28 10:30:50 - [TEST_STEP][PASSED] - Statement - Break: null

2018-05-28 10:30:50 - [TEST_STEP][PASSED] - selectOptionByIndex: All options with index in [56] are selected on object 'Object Repository/HealthpostToStore/Page_Store/select_--Select--Adernaline 0.'

2018-05-28 10:30:50 - [MESSAGE][PASSED] - All options with index in [56] are selected on object 'Object Repository/HealthpostToStore/Page_Store/select_--Select--Adernaline 0.'

2018-05-28 10:30:50 - [TEST_STEP][PASSED] - delay: Delayed 2 second(s)

2018-05-28 10:30:52 - [MESSAGE][PASSED] - Delayed 2 second(s)

2018-05-28 10:30:52 - [TEST_STEP][PASSED] - Statement - RequestedQty = com.kms.katalon.core.webui.keyword.WebUiBuiltInKeywords.getAttribute(com.kms.katalon.core.testobject.ObjectRepository.findTestObject(HealthpostToStore/Page_Store/input_txttotal), "value"): Attribute 'value' of object 'Object Repository/HealthpostToStore/Page_Store/input_txttotal' is: '10'

2018-05-28 10:30:52 - [MESSAGE][PASSED] - Attribute 'value' of object 'Object Repository/HealthpostToStore/Page_Store/input_txttotal' is: '10'

2018-05-28 10:30:52 - [TEST_STEP][PASSED] - Statement - out.println("Requested QTY : " + RequestedQty): null

2018-05-28 10:30:52 - [TEST_STEP][PASSED] - Statement - BatchNumber = com.kms.katalon.core.webui.keyword.WebUiBuiltInKeywords.getNumberOfTotalOption(com.kms.katalon.core.testobject.ObjectRepository.findTestObject(HealthpostToStore/Page_Store/select_--Select--BA1170BA2376B)): 4 options of object 'Object Repository/HealthpostToStore/Page_Store/select_--Select--BA1170BA2376B' counted

2018-05-28 10:30:52 - [MESSAGE][PASSED] - 4 options of object 'Object Repository/HealthpostToStore/Page_Store/select_--Select--BA1170BA2376B' counted

2018-05-28 10:30:52 - [TEST_STEP][PASSED] - Statement - For ([g = 1, g <= BatchNumber - 1, (g++)]): null

2018-05-28 10:30:52 - [TEST_STEP][PASSED] - selectOptionByIndex: All options with index in [1] are selected on object 'Object Repository/HealthpostToStore/Page_Store/select_--Select--BA1170BA2376B'

2018-05-28 10:30:53 - [MESSAGE][PASSED] - All options with index in [1] are selected on object 'Object Repository/HealthpostToStore/Page_Store/select_--Select--BA1170BA2376B'

2018-05-28 10:30:53 - [TEST_STEP][PASSED] - Statement - Try: null

2018-05-28 10:30:53 - [TEST_STEP][PASSED] - Statement - StockQty = com.kms.katalon.core.webui.keyword.WebUiBuiltInKeywords.getAttribute(com.kms.katalon.core.testobject.ObjectRepository.findTestObject(HealthpostToStore/Page_Store/input_txtprice), "value"): Attribute 'value' of object 'Object Repository/HealthpostToStore/Page_Store/input_txtprice' is: '350'

2018-05-28 10:30:53 - [MESSAGE][PASSED] - Attribute 'value' of object 'Object Repository/HealthpostToStore/Page_Store/input_txtprice' is: '350'

2018-05-28 10:30:53 - [TEST_STEP][PASSED] - Statement - out.println("Stock QTY : " + StockQty): null

2018-05-28 10:30:53 - [TEST_STEP][PASSED] - delay: Delayed 2 second(s)

2018-05-28 10:30:55 - [MESSAGE][PASSED] - Delayed 2 second(s)

2018-05-28 10:30:55 - [TEST_STEP][PASSED] - Statement - If (java.lang.String.valueOf(StockQty) >= java.lang.String.valueOf(RequestedQty)): null

2018-05-28 10:30:55 - [TEST_STEP][PASSED] - setText: Text '10' is set on object 'Object Repository/HealthpostToStore/Page_Store/input_txtqty'

2018-05-28 10:30:55 - [MESSAGE][PASSED] - Text '10' is set on object 'Object Repository/HealthpostToStore/Page_Store/input_txtqty'

2018-05-28 10:30:55 - [TEST_STEP][PASSED] - click: Object: 'Object Repository/HealthpostToStore/Page_Store/button_Add' is clicked on

2018-05-28 10:30:55 - [MESSAGE][PASSED] - Object: 'Object Repository/HealthpostToStore/Page_Store/button_Add' is clicked on

2018-05-28 10:30:55 - [TEST_STEP][PASSED] - Statement - Break: null

2018-05-28 10:30:55 - [TEST_STEP][PASSED] - selectOptionByIndex: All options with index in [57] are selected on object 'Object Repository/HealthpostToStore/Page_Store/select_--Select--Adernaline 0.'

2018-05-28 10:30:56 - [MESSAGE][PASSED] - All options with index in [57] are selected on object 'Object Repository/HealthpostToStore/Page_Store/select_--Select--Adernaline 0.'

2018-05-28 10:30:56 - [TEST_STEP][PASSED] - delay: Delayed 2 second(s)

2018-05-28 10:30:58 - [MESSAGE][PASSED] - Delayed 2 second(s)

2018-05-28 10:30:58 - [TEST_STEP][PASSED] - Statement - RequestedQty = com.kms.katalon.core.webui.keyword.WebUiBuiltInKeywords.getAttribute(com.kms.katalon.core.testobject.ObjectRepository.findTestObject(HealthpostToStore/Page_Store/input_txttotal), "value"): Attribute 'value' of object 'Object Repository/HealthpostToStore/Page_Store/input_txttotal' is: '10'

2018-05-28 10:30:58 - [MESSAGE][PASSED] - Attribute 'value' of object 'Object Repository/HealthpostToStore/Page_Store/input_txttotal' is: '10'

2018-05-28 10:30:58 - [TEST_STEP][PASSED] - Statement - out.println("Requested QTY : " + RequestedQty): null

2018-05-28 10:30:58 - [TEST_STEP][PASSED] - Statement - BatchNumber = com.kms.katalon.core.webui.keyword.WebUiBuiltInKeywords.getNumberOfTotalOption(com.kms.katalon.core.testobject.ObjectRepository.findTestObject(HealthpostToStore/Page_Store/select_--Select--BA1170BA2376B)): 3 options of object 'Object Repository/HealthpostToStore/Page_Store/select_--Select--BA1170BA2376B' counted

2018-05-28 10:30:58 - [MESSAGE][PASSED] - 3 options of object 'Object Repository/HealthpostToStore/Page_Store/select_--Select--BA1170BA2376B' counted

2018-05-28 10:30:58 - [TEST_STEP][PASSED] - Statement - For ([g = 1, g <= BatchNumber - 1, (g++)]): null

2018-05-28 10:30:58 - [TEST_STEP][PASSED] - selectOptionByIndex: All options with index in [1] are selected on object 'Object Repository/HealthpostToStore/Page_Store/select_--Select--BA1170BA2376B'

2018-05-28 10:30:58 - [MESSAGE][PASSED] - All options with index in [1] are selected on object 'Object Repository/HealthpostToStore/Page_Store/select_--Select--BA1170BA2376B'

2018-05-28 10:30:58 - [TEST_STEP][PASSED] - Statement - Try: null

2018-05-28 10:30:58 - [TEST_STEP][PASSED] - Statement - StockQty = com.kms.katalon.core.webui.keyword.WebUiBuiltInKeywords.getAttribute(com.kms.katalon.core.testobject.ObjectRepository.findTestObject(HealthpostToStore/Page_Store/input_txtprice), "value"): Attribute 'value' of object 'Object Repository/HealthpostToStore/Page_Store/input_txtprice' is: '1290'

2018-05-28 10:30:58 - [MESSAGE][PASSED] - Attribute 'value' of object 'Object Repository/HealthpostToStore/Page_Store/input_txtprice' is: '1290'

2018-05-28 10:30:58 - [TEST_STEP][PASSED] - Statement - out.println("Stock QTY : " + StockQty): null

2018-05-28 10:30:58 - [TEST_STEP][PASSED] - delay: Delayed 2 second(s)

2018-05-28 10:31:00 - [MESSAGE][PASSED] - Delayed 2 second(s)

2018-05-28 10:31:00 - [TEST_STEP][PASSED] - Statement - If (java.lang.String.valueOf(StockQty) >= java.lang.String.valueOf(RequestedQty)): null

2018-05-28 10:31:00 - [TEST_STEP][PASSED] - setText: Text '10' is set on object 'Object Repository/HealthpostToStore/Page_Store/input_txtqty'

2018-05-28 10:31:00 - [MESSAGE][PASSED] - Text '10' is set on object 'Object Repository/HealthpostToStore/Page_Store/input_txtqty'

2018-05-28 10:31:00 - [TEST_STEP][PASSED] - click: Object: 'Object Repository/HealthpostToStore/Page_Store/button_Add' is clicked on

2018-05-28 10:31:00 - [MESSAGE][PASSED] - Object: 'Object Repository/HealthpostToStore/Page_Store/button_Add' is clicked on

2018-05-28 10:31:00 - [TEST_STEP][PASSED] - Statement - Break: null

2018-05-28 10:31:00 - [TEST_STEP][PASSED] - selectOptionByIndex: All options with index in [58] are selected on object 'Object Repository/HealthpostToStore/Page_Store/select_--Select--Adernaline 0.'

2018-05-28 10:31:01 - [MESSAGE][PASSED] - All options with index in [58] are selected on object 'Object Repository/HealthpostToStore/Page_Store/select_--Select--Adernaline 0.'

2018-05-28 10:31:01 - [TEST_STEP][PASSED] - delay: Delayed 2 second(s)

2018-05-28 10:31:03 - [MESSAGE][PASSED] - Delayed 2 second(s)

2018-05-28 10:31:03 - [TEST_STEP][PASSED] - Statement - RequestedQty = com.kms.katalon.core.webui.keyword.WebUiBuiltInKeywords.getAttribute(com.kms.katalon.core.testobject.ObjectRepository.findTestObject(HealthpostToStore/Page_Store/input_txttotal), "value"): Attribute 'value' of object 'Object Repository/HealthpostToStore/Page_Store/input_txttotal' is: '10'

2018-05-28 10:31:03 - [MESSAGE][PASSED] - Attribute 'value' of object 'Object Repository/HealthpostToStore/Page_Store/input_txttotal' is: '10'

2018-05-28 10:31:03 - [TEST_STEP][PASSED] - Statement - out.println("Requested QTY : " + RequestedQty): null

2018-05-28 10:31:03 - [TEST_STEP][PASSED] - Statement - BatchNumber = com.kms.katalon.core.webui.keyword.WebUiBuiltInKeywords.getNumberOfTotalOption(com.kms.katalon.core.testobject.ObjectRepository.findTestObject(HealthpostToStore/Page_Store/select_--Select--BA1170BA2376B)): 4 options of object 'Object Repository/HealthpostToStore/Page_Store/select_--Select--BA1170BA2376B' counted

2018-05-28 10:31:03 - [MESSAGE][PASSED] - 4 options of object 'Object Repository/HealthpostToStore/Page_Store/select_--Select--BA1170BA2376B' counted

2018-05-28 10:31:03 - [TEST_STEP][PASSED] - Statement - For ([g = 1, g <= BatchNumber - 1, (g++)]): null

2018-05-28 10:31:03 - [TEST_STEP][PASSED] - selectOptionByIndex: All options with index in [1] are selected on object 'Object Repository/HealthpostToStore/Page_Store/select_--Select--BA1170BA2376B'

2018-05-28 10:31:03 - [MESSAGE][PASSED] - All options with index in [1] are selected on object 'Object Repository/HealthpostToStore/Page_Store/select_--Select--BA1170BA2376B'

2018-05-28 10:31:03 - [TEST_STEP][PASSED] - Statement - Try: null

2018-05-28 10:31:03 - [TEST_STEP][PASSED] - Statement - StockQty = com.kms.katalon.core.webui.keyword.WebUiBuiltInKeywords.getAttribute(com.kms.katalon.core.testobject.ObjectRepository.findTestObject(HealthpostToStore/Page_Store/input_txtprice), "value"): Attribute 'value' of object 'Object Repository/HealthpostToStore/Page_Store/input_txtprice' is: '350'

2018-05-28 10:31:03 - [MESSAGE][PASSED] - Attribute 'value' of object 'Object Repository/HealthpostToStore/Page_Store/input_txtprice' is: '350'

2018-05-28 10:31:03 - [TEST_STEP][PASSED] - Statement - out.println("Stock QTY : " + StockQty): null

2018-05-28 10:31:03 - [TEST_STEP][PASSED] - delay: Delayed 2 second(s)

2018-05-28 10:31:05 - [MESSAGE][PASSED] - Delayed 2 second(s)

2018-05-28 10:31:05 - [TEST_STEP][PASSED] - Statement - If (java.lang.String.valueOf(StockQty) >= java.lang.String.valueOf(RequestedQty)): null

2018-05-28 10:31:05 - [TEST_STEP][PASSED] - setText: Text '10' is set on object 'Object Repository/HealthpostToStore/Page_Store/input_txtqty'

2018-05-28 10:31:05 - [MESSAGE][PASSED] - Text '10' is set on object 'Object Repository/HealthpostToStore/Page_Store/input_txtqty'

2018-05-28 10:31:05 - [TEST_STEP][PASSED] - click: Object: 'Object Repository/HealthpostToStore/Page_Store/button_Add' is clicked on

2018-05-28 10:31:05 - [MESSAGE][PASSED] - Object: 'Object Repository/HealthpostToStore/Page_Store/button_Add' is clicked on

2018-05-28 10:31:05 - [TEST_STEP][PASSED] - Statement - Break: null

2018-05-28 10:31:05 - [TEST_STEP][PASSED] - selectOptionByIndex: All options with index in [59] are selected on object 'Object Repository/HealthpostToStore/Page_Store/select_--Select--Adernaline 0.'

2018-05-28 10:31:06 - [MESSAGE][PASSED] - All options with index in [59] are selected on object 'Object Repository/HealthpostToStore/Page_Store/select_--Select--Adernaline 0.'

2018-05-28 10:31:06 - [TEST_STEP][PASSED] - delay: Delayed 2 second(s)

2018-05-28 10:31:08 - [MESSAGE][PASSED] - Delayed 2 second(s)

2018-05-28 10:31:08 - [TEST_STEP][PASSED] - Statement - RequestedQty = com.kms.katalon.core.webui.keyword.WebUiBuiltInKeywords.getAttribute(com.kms.katalon.core.testobject.ObjectRepository.findTestObject(HealthpostToStore/Page_Store/input_txttotal), "value"): Attribute 'value' of object 'Object Repository/HealthpostToStore/Page_Store/input_txttotal' is: '10'

2018-05-28 10:31:08 - [MESSAGE][PASSED] - Attribute 'value' of object 'Object Repository/HealthpostToStore/Page_Store/input_txttotal' is: '10'

2018-05-28 10:31:08 - [TEST_STEP][PASSED] - Statement - out.println("Requested QTY : " + RequestedQty): null

2018-05-28 10:31:08 - [TEST_STEP][PASSED] - Statement - BatchNumber = com.kms.katalon.core.webui.keyword.WebUiBuiltInKeywords.getNumberOfTotalOption(com.kms.katalon.core.testobject.ObjectRepository.findTestObject(HealthpostToStore/Page_Store/select_--Select--BA1170BA2376B)): 3 options of object 'Object Repository/HealthpostToStore/Page_Store/select_--Select--BA1170BA2376B' counted

2018-05-28 10:31:08 - [MESSAGE][PASSED] - 3 options of object 'Object Repository/HealthpostToStore/Page_Store/select_--Select--BA1170BA2376B' counted

2018-05-28 10:31:08 - [TEST_STEP][PASSED] - Statement - For ([g = 1, g <= BatchNumber - 1, (g++)]): null

2018-05-28 10:31:08 - [TEST_STEP][PASSED] - selectOptionByIndex: All options with index in [1] are selected on object 'Object Repository/HealthpostToStore/Page_Store/select_--Select--BA1170BA2376B'

2018-05-28 10:31:08 - [MESSAGE][PASSED] - All options with index in [1] are selected on object 'Object Repository/HealthpostToStore/Page_Store/select_--Select--BA1170BA2376B'

2018-05-28 10:31:08 - [TEST_STEP][PASSED] - Statement - Try: null

2018-05-28 10:31:08 - [TEST_STEP][PASSED] - Statement - StockQty = com.kms.katalon.core.webui.keyword.WebUiBuiltInKeywords.getAttribute(com.kms.katalon.core.testobject.ObjectRepository.findTestObject(HealthpostToStore/Page_Store/input_txtprice), "value"): Attribute 'value' of object 'Object Repository/HealthpostToStore/Page_Store/input_txtprice' is: '350'

2018-05-28 10:31:08 - [MESSAGE][PASSED] - Attribute 'value' of object 'Object Repository/HealthpostToStore/Page_Store/input_txtprice' is: '350'

2018-05-28 10:31:08 - [TEST_STEP][PASSED] - Statement - out.println("Stock QTY : " + StockQty): null

2018-05-28 10:31:08 - [TEST_STEP][PASSED] - delay: Delayed 2 second(s)

2018-05-28 10:31:10 - [MESSAGE][PASSED] - Delayed 2 second(s)

2018-05-28 10:31:10 - [TEST_STEP][PASSED] - Statement - If (java.lang.String.valueOf(StockQty) >= java.lang.String.valueOf(RequestedQty)): null

2018-05-28 10:31:10 - [TEST_STEP][PASSED] - setText: Text '10' is set on object 'Object Repository/HealthpostToStore/Page_Store/input_txtqty'

2018-05-28 10:31:10 - [MESSAGE][PASSED] - Text '10' is set on object 'Object Repository/HealthpostToStore/Page_Store/input_txtqty'

2018-05-28 10:31:10 - [TEST_STEP][PASSED] - click: Object: 'Object Repository/HealthpostToStore/Page_Store/button_Add' is clicked on

2018-05-28 10:31:10 - [MESSAGE][PASSED] - Object: 'Object Repository/HealthpostToStore/Page_Store/button_Add' is clicked on

2018-05-28 10:31:10 - [TEST_STEP][PASSED] - Statement - Break: null

2018-05-28 10:31:10 - [TEST_STEP][PASSED] - selectOptionByIndex: All options with index in [60] are selected on object 'Object Repository/HealthpostToStore/Page_Store/select_--Select--Adernaline 0.'

2018-05-28 10:31:11 - [MESSAGE][PASSED] - All options with index in [60] are selected on object 'Object Repository/HealthpostToStore/Page_Store/select_--Select--Adernaline 0.'

2018-05-28 10:31:11 - [TEST_STEP][PASSED] - delay: Delayed 2 second(s)

2018-05-28 10:31:13 - [MESSAGE][PASSED] - Delayed 2 second(s)

2018-05-28 10:31:13 - [TEST_STEP][PASSED] - Statement - RequestedQty = com.kms.katalon.core.webui.keyword.WebUiBuiltInKeywords.getAttribute(com.kms.katalon.core.testobject.ObjectRepository.findTestObject(HealthpostToStore/Page_Store/input_txttotal), "value"): Attribute 'value' of object 'Object Repository/HealthpostToStore/Page_Store/input_txttotal' is: '10'

2018-05-28 10:31:13 - [MESSAGE][PASSED] - Attribute 'value' of object 'Object Repository/HealthpostToStore/Page_Store/input_txttotal' is: '10'

2018-05-28 10:31:13 - [TEST_STEP][PASSED] - Statement - out.println("Requested QTY : " + RequestedQty): null

2018-05-28 10:31:13 - [TEST_STEP][PASSED] - Statement - BatchNumber = com.kms.katalon.core.webui.keyword.WebUiBuiltInKeywords.getNumberOfTotalOption(com.kms.katalon.core.testobject.ObjectRepository.findTestObject(HealthpostToStore/Page_Store/select_--Select--BA1170BA2376B)): 2 options of object 'Object Repository/HealthpostToStore/Page_Store/select_--Select--BA1170BA2376B' counted

2018-05-28 10:31:13 - [MESSAGE][PASSED] - 2 options of object 'Object Repository/HealthpostToStore/Page_Store/select_--Select--BA1170BA2376B' counted

2018-05-28 10:31:13 - [TEST_STEP][PASSED] - Statement - For ([g = 1, g <= BatchNumber - 1, (g++)]): null

2018-05-28 10:31:13 - [TEST_STEP][PASSED] - selectOptionByIndex: All options with index in [1] are selected on object 'Object Repository/HealthpostToStore/Page_Store/select_--Select--BA1170BA2376B'

2018-05-28 10:31:13 - [MESSAGE][PASSED] - All options with index in [1] are selected on object 'Object Repository/HealthpostToStore/Page_Store/select_--Select--BA1170BA2376B'

2018-05-28 10:31:13 - [TEST_STEP][PASSED] - Statement - Try: null

2018-05-28 10:31:13 - [TEST_STEP][PASSED] - Statement - StockQty = com.kms.katalon.core.webui.keyword.WebUiBuiltInKeywords.getAttribute(com.kms.katalon.core.testobject.ObjectRepository.findTestObject(HealthpostToStore/Page_Store/input_txtprice), "value"): Attribute 'value' of object 'Object Repository/HealthpostToStore/Page_Store/input_txtprice' is: '2390'

2018-05-28 10:31:13 - [MESSAGE][PASSED] - Attribute 'value' of object 'Object Repository/HealthpostToStore/Page_Store/input_txtprice' is: '2390'

2018-05-28 10:31:13 - [TEST_STEP][PASSED] - Statement - out.println("Stock QTY : " + StockQty): null

2018-05-28 10:31:13 - [TEST_STEP][PASSED] - delay: Delayed 2 second(s)

2018-05-28 10:31:15 - [MESSAGE][PASSED] - Delayed 2 second(s)

2018-05-28 10:31:15 - [TEST_STEP][PASSED] - Statement - If (java.lang.String.valueOf(StockQty) >= java.lang.String.valueOf(RequestedQty)): null

2018-05-28 10:31:15 - [TEST_STEP][PASSED] - setText: Text '10' is set on object 'Object Repository/HealthpostToStore/Page_Store/input_txtqty'

2018-05-28 10:31:15 - [MESSAGE][PASSED] - Text '10' is set on object 'Object Repository/HealthpostToStore/Page_Store/input_txtqty'

2018-05-28 10:31:15 - [TEST_STEP][PASSED] - click: Object: 'Object Repository/HealthpostToStore/Page_Store/button_Add' is clicked on

2018-05-28 10:31:15 - [MESSAGE][PASSED] - Object: 'Object Repository/HealthpostToStore/Page_Store/button_Add' is clicked on

2018-05-28 10:31:15 - [TEST_STEP][PASSED] - Statement - Break: null

2018-05-28 10:31:15 - [TEST_STEP][PASSED] - selectOptionByIndex: All options with index in [61] are selected on object 'Object Repository/HealthpostToStore/Page_Store/select_--Select--Adernaline 0.'

2018-05-28 10:31:16 - [MESSAGE][PASSED] - All options with index in [61] are selected on object 'Object Repository/HealthpostToStore/Page_Store/select_--Select--Adernaline 0.'

2018-05-28 10:31:16 - [TEST_STEP][PASSED] - delay: Delayed 2 second(s)

2018-05-28 10:31:18 - [MESSAGE][PASSED] - Delayed 2 second(s)

2018-05-28 10:31:18 - [TEST_STEP][PASSED] - Statement - RequestedQty = com.kms.katalon.core.webui.keyword.WebUiBuiltInKeywords.getAttribute(com.kms.katalon.core.testobject.ObjectRepository.findTestObject(HealthpostToStore/Page_Store/input_txttotal), "value"): Attribute 'value' of object 'Object Repository/HealthpostToStore/Page_Store/input_txttotal' is: '10'

2018-05-28 10:31:18 - [MESSAGE][PASSED] - Attribute 'value' of object 'Object Repository/HealthpostToStore/Page_Store/input_txttotal' is: '10'

2018-05-28 10:31:18 - [TEST_STEP][PASSED] - Statement - out.println("Requested QTY : " + RequestedQty): null

2018-05-28 10:31:18 - [TEST_STEP][PASSED] - Statement - BatchNumber = com.kms.katalon.core.webui.keyword.WebUiBuiltInKeywords.getNumberOfTotalOption(com.kms.katalon.core.testobject.ObjectRepository.findTestObject(HealthpostToStore/Page_Store/select_--Select--BA1170BA2376B)): 4 options of object 'Object Repository/HealthpostToStore/Page_Store/select_--Select--BA1170BA2376B' counted

2018-05-28 10:31:18 - [MESSAGE][PASSED] - 4 options of object 'Object Repository/HealthpostToStore/Page_Store/select_--Select--BA1170BA2376B' counted

2018-05-28 10:31:18 - [TEST_STEP][PASSED] - Statement - For ([g = 1, g <= BatchNumber - 1, (g++)]): null

2018-05-28 10:31:18 - [TEST_STEP][PASSED] - selectOptionByIndex: All options with index in [1] are selected on object 'Object Repository/HealthpostToStore/Page_Store/select_--Select--BA1170BA2376B'

2018-05-28 10:31:19 - [MESSAGE][PASSED] - All options with index in [1] are selected on object 'Object Repository/HealthpostToStore/Page_Store/select_--Select--BA1170BA2376B'

2018-05-28 10:31:19 - [TEST_STEP][PASSED] - Statement - Try: null

2018-05-28 10:31:19 - [TEST_STEP][PASSED] - Statement - StockQty = com.kms.katalon.core.webui.keyword.WebUiBuiltInKeywords.getAttribute(com.kms.katalon.core.testobject.ObjectRepository.findTestObject(HealthpostToStore/Page_Store/input_txtprice), "value"): Attribute 'value' of object 'Object Repository/HealthpostToStore/Page_Store/input_txtprice' is: '350'

2018-05-28 10:31:19 - [MESSAGE][PASSED] - Attribute 'value' of object 'Object Repository/HealthpostToStore/Page_Store/input_txtprice' is: '350'

2018-05-28 10:31:19 - [TEST_STEP][PASSED] - Statement - out.println("Stock QTY : " + StockQty): null

2018-05-28 10:31:19 - [TEST_STEP][PASSED] - delay: Delayed 2 second(s)

2018-05-28 10:31:21 - [MESSAGE][PASSED] - Delayed 2 second(s)

2018-05-28 10:31:21 - [TEST_STEP][PASSED] - Statement - If (java.lang.String.valueOf(StockQty) >= java.lang.String.valueOf(RequestedQty)): null

2018-05-28 10:31:21 - [TEST_STEP][PASSED] - setText: Text '10' is set on object 'Object Repository/HealthpostToStore/Page_Store/input_txtqty'

2018-05-28 10:31:21 - [MESSAGE][PASSED] - Text '10' is set on object 'Object Repository/HealthpostToStore/Page_Store/input_txtqty'

2018-05-28 10:31:21 - [TEST_STEP][PASSED] - click: Object: 'Object Repository/HealthpostToStore/Page_Store/button_Add' is clicked on

2018-05-28 10:31:21 - [MESSAGE][PASSED] - Object: 'Object Repository/HealthpostToStore/Page_Store/button_Add' is clicked on

2018-05-28 10:31:21 - [TEST_STEP][PASSED] - Statement - Break: null

2018-05-28 10:31:21 - [TEST_STEP][PASSED] - selectOptionByIndex: All options with index in [62] are selected on object 'Object Repository/HealthpostToStore/Page_Store/select_--Select--Adernaline 0.'

2018-05-28 10:31:21 - [MESSAGE][PASSED] - All options with index in [62] are selected on object 'Object Repository/HealthpostToStore/Page_Store/select_--Select--Adernaline 0.'

2018-05-28 10:31:21 - [TEST_STEP][PASSED] - delay: Delayed 2 second(s)

2018-05-28 10:31:23 - [MESSAGE][PASSED] - Delayed 2 second(s)

2018-05-28 10:31:23 - [TEST_STEP][PASSED] - Statement - RequestedQty = com.kms.katalon.core.webui.keyword.WebUiBuiltInKeywords.getAttribute(com.kms.katalon.core.testobject.ObjectRepository.findTestObject(HealthpostToStore/Page_Store/input_txttotal), "value"): Attribute 'value' of object 'Object Repository/HealthpostToStore/Page_Store/input_txttotal' is: '10'

2018-05-28 10:31:23 - [MESSAGE][PASSED] - Attribute 'value' of object 'Object Repository/HealthpostToStore/Page_Store/input_txttotal' is: '10'

2018-05-28 10:31:23 - [TEST_STEP][PASSED] - Statement - out.println("Requested QTY : " + RequestedQty): null

2018-05-28 10:31:23 - [TEST_STEP][PASSED] - Statement - BatchNumber = com.kms.katalon.core.webui.keyword.WebUiBuiltInKeywords.getNumberOfTotalOption(com.kms.katalon.core.testobject.ObjectRepository.findTestObject(HealthpostToStore/Page_Store/select_--Select--BA1170BA2376B)): 3 options of object 'Object Repository/HealthpostToStore/Page_Store/select_--Select--BA1170BA2376B' counted

2018-05-28 10:31:24 - [MESSAGE][PASSED] - 3 options of object 'Object Repository/HealthpostToStore/Page_Store/select_--Select--BA1170BA2376B' counted

2018-05-28 10:31:24 - [TEST_STEP][PASSED] - Statement - For ([g = 1, g <= BatchNumber - 1, (g++)]): null

2018-05-28 10:31:24 - [TEST_STEP][PASSED] - selectOptionByIndex: All options with index in [1] are selected on object 'Object Repository/HealthpostToStore/Page_Store/select_--Select--BA1170BA2376B'

2018-05-28 10:31:24 - [MESSAGE][PASSED] - All options with index in [1] are selected on object 'Object Repository/HealthpostToStore/Page_Store/select_--Select--BA1170BA2376B'

2018-05-28 10:31:24 - [TEST_STEP][PASSED] - Statement - Try: null

2018-05-28 10:31:24 - [TEST_STEP][PASSED] - Statement - StockQty = com.kms.katalon.core.webui.keyword.WebUiBuiltInKeywords.getAttribute(com.kms.katalon.core.testobject.ObjectRepository.findTestObject(HealthpostToStore/Page_Store/input_txtprice), "value"): Attribute 'value' of object 'Object Repository/HealthpostToStore/Page_Store/input_txtprice' is: '350'

2018-05-28 10:31:24 - [MESSAGE][PASSED] - Attribute 'value' of object 'Object Repository/HealthpostToStore/Page_Store/input_txtprice' is: '350'

2018-05-28 10:31:24 - [TEST_STEP][PASSED] - Statement - out.println("Stock QTY : " + StockQty): null

2018-05-28 10:31:24 - [TEST_STEP][PASSED] - delay: Delayed 2 second(s)

2018-05-28 10:31:26 - [MESSAGE][PASSED] - Delayed 2 second(s)

2018-05-28 10:31:26 - [TEST_STEP][PASSED] - Statement - If (java.lang.String.valueOf(StockQty) >= java.lang.String.valueOf(RequestedQty)): null

2018-05-28 10:31:26 - [TEST_STEP][PASSED] - setText: Text '10' is set on object 'Object Repository/HealthpostToStore/Page_Store/input_txtqty'

2018-05-28 10:31:26 - [MESSAGE][PASSED] - Text '10' is set on object 'Object Repository/HealthpostToStore/Page_Store/input_txtqty'

2018-05-28 10:31:26 - [TEST_STEP][PASSED] - click: Object: 'Object Repository/HealthpostToStore/Page_Store/button_Add' is clicked on

2018-05-28 10:31:26 - [MESSAGE][PASSED] - Object: 'Object Repository/HealthpostToStore/Page_Store/button_Add' is clicked on

2018-05-28 10:31:26 - [TEST_STEP][PASSED] - Statement - Break: null

2018-05-28 10:31:26 - [TEST_STEP][PASSED] - scrollToElement: Scroll to object 'Object Repository/HealthpostToStore/Page_Store/input_btnSubmit' successfully

2018-05-28 10:31:26 - [MESSAGE][PASSED] - Scroll to object 'Object Repository/HealthpostToStore/Page_Store/input_btnSubmit' successfully

2018-05-28 10:31:26 - [TEST_STEP][PASSED] - click: Object: 'Object Repository/HealthpostToStore/Page_Store/input_btnSubmit' is clicked on

2018-05-28 10:31:26 - [MESSAGE][PASSED] - Object: 'Object Repository/HealthpostToStore/Page_Store/input_btnSubmit' is clicked on

2018-05-28 10:31:26 - [TEST_STEP][PASSED] - delay: Delayed 3 second(s)

2018-05-28 10:31:29 - [MESSAGE][PASSED] - Delayed 3 second(s)

2018-05-28 10:31:29 - [TEST_STEP][PASSED] - click: Object: 'Object Repository/HealthpostToStore/Page_Store/button_OK' is clicked on

2018-05-28 10:31:32 - [MESSAGE][PASSED] - Object: 'Object Repository/HealthpostToStore/Page_Store/button_OK' is clicked on

2018-05-28 10:31:32 - [TEST_STEP][PASSED] - delay: Delayed 3 second(s)

2018-05-28 10:31:35 - [MESSAGE][PASSED] - Delayed 3 second(s)

2018-05-28 10:31:35 - [TEST_STEP][PASSED] - click: Object: 'Object Repository/HealthpostToStore/Page_Store/a_dropdown-toggle' is clicked on

2018-05-28 10:31:35 - [MESSAGE][PASSED] - Object: 'Object Repository/HealthpostToStore/Page_Store/a_dropdown-toggle' is clicked on

2018-05-28 10:31:35 - [TEST_STEP][PASSED] - click: Object: 'Object Repository/HealthpostToStore/Page_Store/a_Sign out' is clicked on

2018-05-28 10:31:35 - [MESSAGE][PASSED] - Object: 'Object Repository/HealthpostToStore/Page_Store/a_Sign out' is clicked on

2018-05-28 10:31:35 - [TEST_STEP][PASSED] - closeBrowser: Browser is closed

2018-05-28 10:31:36 - [MESSAGE][PASSED] - Browser is closed]]></system-out>
         <system-err><![CDATA[]]></system-err>
      </testcase>
      <testcase name="Test Cases/HEALTHPOST TEST CASES/TC_HP_002 Verify Schedule 2 Healthpost Request Are Working Successfully Or Not" classname="Test Cases/HEALTHPOST TEST CASES/TC_HP_002 Verify Schedule 2 Healthpost Request Are Working Successfully Or Not" status="PASSED">
         <system-out><![CDATA[2018-05-28 10:31:36 - [TEST_CASE][PASSED] - Test Cases/HEALTHPOST TEST CASES/TC_HP_002 Verify Schedule 2 Healthpost Request Are Working Successfully Or Not: Test Cases/HEALTHPOST TEST CASES/TC_HP_002 Verify Schedule 2 Healthpost Request Are Working Successfully Or Not

2018-05-28 10:31:36 - [TEST_STEP][PASSED] - openBrowser: Browser is opened with url: ''

2018-05-28 10:31:39 - [MESSAGE][PASSED] - Browser is opened with url: ''

2018-05-28 10:31:39 - [TEST_STEP][PASSED] - navigateToUrl: Navigate to 'http://192.168.137.1/multihospital_new/HDSplashscreen.aspx' successfully

2018-05-28 10:31:40 - [MESSAGE][PASSED] - Navigate to 'http://192.168.137.1/multihospital_new/HDSplashscreen.aspx' successfully

2018-05-28 10:31:40 - [TEST_STEP][PASSED] - maximizeWindow: Current window maximized

2018-05-28 10:31:41 - [MESSAGE][PASSED] - Current window maximized

2018-05-28 10:31:41 - [TEST_STEP][PASSED] - click: Object: 'Object Repository/HealthpostToStore/Page_KDMC/a_Healthpost Store' is clicked on

2018-05-28 10:31:42 - [MESSAGE][PASSED] - Object: 'Object Repository/HealthpostToStore/Page_KDMC/a_Healthpost Store' is clicked on

2018-05-28 10:31:42 - [TEST_STEP][PASSED] - setText: Text 'raguram' is set on object 'Object Repository/HealthpostToStore/Page_HealthPost Store Login/input_txtusername'

2018-05-28 10:31:42 - [MESSAGE][PASSED] - Text 'raguram' is set on object 'Object Repository/HealthpostToStore/Page_HealthPost Store Login/input_txtusername'

2018-05-28 10:31:42 - [TEST_STEP][PASSED] - setText: Text '123' is set on object 'Object Repository/HealthpostToStore/Page_HealthPost Store Login/input_txtpassword'

2018-05-28 10:31:42 - [MESSAGE][PASSED] - Text '123' is set on object 'Object Repository/HealthpostToStore/Page_HealthPost Store Login/input_txtpassword'

2018-05-28 10:31:42 - [TEST_STEP][PASSED] - delay: Delayed 3 second(s)

2018-05-28 10:31:45 - [MESSAGE][PASSED] - Delayed 3 second(s)

2018-05-28 10:31:45 - [TEST_STEP][PASSED] - sendKeys: Keys 'ENTER + ' sent to object: 'Object Repository/HealthpostToStore/Page_HealthPost Store Login/input_txtpassword'

2018-05-28 10:31:46 - [MESSAGE][PASSED] - Keys 'ENTER + ' sent to object: 'Object Repository/HealthpostToStore/Page_HealthPost Store Login/input_txtpassword'

2018-05-28 10:31:46 - [TEST_STEP][PASSED] - delay: Delayed 3 second(s)

2018-05-28 10:31:49 - [MESSAGE][PASSED] - Delayed 3 second(s)

2018-05-28 10:31:49 - [TEST_STEP][PASSED] - click: Object: 'Object Repository/HealthpostToStore/Page_HealthPost Store/a_Request to Store' is clicked on

2018-05-28 10:31:50 - [MESSAGE][PASSED] - Object: 'Object Repository/HealthpostToStore/Page_HealthPost Store/a_Request to Store' is clicked on

2018-05-28 10:31:50 - [TEST_STEP][PASSED] - click: Object: 'Object Repository/HealthpostToStore/Page_HealthPost Store/a_Medicine Request' is clicked on

2018-05-28 10:31:50 - [MESSAGE][PASSED] - Object: 'Object Repository/HealthpostToStore/Page_HealthPost Store/a_Medicine Request' is clicked on

2018-05-28 10:31:50 - [TEST_STEP][PASSED] - selectOptionByIndex: All options with index in [2] are selected on object 'Object Repository/HealthpostToStore/Page_HealthPost Store/select_--Select--Schedule 1Inj'

2018-05-28 10:31:50 - [MESSAGE][PASSED] - All options with index in [2] are selected on object 'Object Repository/HealthpostToStore/Page_HealthPost Store/select_--Select--Schedule 1Inj'

2018-05-28 10:31:50 - [TEST_STEP][PASSED] - Statement - medicineslength = com.kms.katalon.core.webui.keyword.WebUiBuiltInKeywords.getNumberOfTotalOption(com.kms.katalon.core.testobject.ObjectRepository.findTestObject(HealthpostToStore/Page_HealthPost Store/select_--Select--Adernaline 0.)): 73 options of object 'Object Repository/HealthpostToStore/Page_HealthPost Store/select_--Select--Adernaline 0.' counted

2018-05-28 10:31:50 - [MESSAGE][PASSED] - 73 options of object 'Object Repository/HealthpostToStore/Page_HealthPost Store/select_--Select--Adernaline 0.' counted

2018-05-28 10:31:50 - [TEST_STEP][PASSED] - Statement - For ([e = 1, e <= medicineslength - 1, (e++)]): Object: 'Object Repository/HealthpostToStore/Page_HealthPost Store/button_Add' is clicked on

2018-05-28 10:31:50 - [TEST_STEP][PASSED] - selectOptionByIndex: All options with index in [2] are selected on object 'Object Repository/HealthpostToStore/Page_HealthPost Store/select_--Select--Schedule 1Inj'

2018-05-28 10:31:50 - [MESSAGE][PASSED] - All options with index in [2] are selected on object 'Object Repository/HealthpostToStore/Page_HealthPost Store/select_--Select--Schedule 1Inj'

2018-05-28 10:31:50 - [TEST_STEP][PASSED] - selectOptionByIndex: All options with index in [1] are selected on object 'Object Repository/HealthpostToStore/Page_HealthPost Store/select_--Select--Adernaline 0.'

2018-05-28 10:31:51 - [MESSAGE][PASSED] - All options with index in [1] are selected on object 'Object Repository/HealthpostToStore/Page_HealthPost Store/select_--Select--Adernaline 0.'

2018-05-28 10:31:51 - [TEST_STEP][PASSED] - setText: Text '10' is set on object 'Object Repository/HealthpostToStore/Page_HealthPost Store/input_txttreat'

2018-05-28 10:31:51 - [MESSAGE][PASSED] - Text '10' is set on object 'Object Repository/HealthpostToStore/Page_HealthPost Store/input_txttreat'

2018-05-28 10:31:51 - [TEST_STEP][PASSED] - click: Object: 'Object Repository/HealthpostToStore/Page_HealthPost Store/button_Add' is clicked on

2018-05-28 10:31:51 - [MESSAGE][PASSED] - Object: 'Object Repository/HealthpostToStore/Page_HealthPost Store/button_Add' is clicked on

2018-05-28 10:31:51 - [TEST_STEP][PASSED] - selectOptionByIndex: All options with index in [2] are selected on object 'Object Repository/HealthpostToStore/Page_HealthPost Store/select_--Select--Schedule 1Inj'

2018-05-28 10:31:51 - [MESSAGE][PASSED] - All options with index in [2] are selected on object 'Object Repository/HealthpostToStore/Page_HealthPost Store/select_--Select--Schedule 1Inj'

2018-05-28 10:31:51 - [TEST_STEP][PASSED] - selectOptionByIndex: All options with index in [2] are selected on object 'Object Repository/HealthpostToStore/Page_HealthPost Store/select_--Select--Adernaline 0.'

2018-05-28 10:31:51 - [MESSAGE][PASSED] - All options with index in [2] are selected on object 'Object Repository/HealthpostToStore/Page_HealthPost Store/select_--Select--Adernaline 0.'

2018-05-28 10:31:51 - [TEST_STEP][PASSED] - setText: Text '10' is set on object 'Object Repository/HealthpostToStore/Page_HealthPost Store/input_txttreat'

2018-05-28 10:31:51 - [MESSAGE][PASSED] - Text '10' is set on object 'Object Repository/HealthpostToStore/Page_HealthPost Store/input_txttreat'

2018-05-28 10:31:51 - [TEST_STEP][PASSED] - click: Object: 'Object Repository/HealthpostToStore/Page_HealthPost Store/button_Add' is clicked on

2018-05-28 10:31:51 - [MESSAGE][PASSED] - Object: 'Object Repository/HealthpostToStore/Page_HealthPost Store/button_Add' is clicked on

2018-05-28 10:31:51 - [TEST_STEP][PASSED] - selectOptionByIndex: All options with index in [2] are selected on object 'Object Repository/HealthpostToStore/Page_HealthPost Store/select_--Select--Schedule 1Inj'

2018-05-28 10:31:52 - [MESSAGE][PASSED] - All options with index in [2] are selected on object 'Object Repository/HealthpostToStore/Page_HealthPost Store/select_--Select--Schedule 1Inj'

2018-05-28 10:31:52 - [TEST_STEP][PASSED] - selectOptionByIndex: All options with index in [3] are selected on object 'Object Repository/HealthpostToStore/Page_HealthPost Store/select_--Select--Adernaline 0.'

2018-05-28 10:31:52 - [MESSAGE][PASSED] - All options with index in [3] are selected on object 'Object Repository/HealthpostToStore/Page_HealthPost Store/select_--Select--Adernaline 0.'

2018-05-28 10:31:52 - [TEST_STEP][PASSED] - setText: Text '10' is set on object 'Object Repository/HealthpostToStore/Page_HealthPost Store/input_txttreat'

2018-05-28 10:31:52 - [MESSAGE][PASSED] - Text '10' is set on object 'Object Repository/HealthpostToStore/Page_HealthPost Store/input_txttreat'

2018-05-28 10:31:52 - [TEST_STEP][PASSED] - click: Object: 'Object Repository/HealthpostToStore/Page_HealthPost Store/button_Add' is clicked on

2018-05-28 10:31:52 - [MESSAGE][PASSED] - Object: 'Object Repository/HealthpostToStore/Page_HealthPost Store/button_Add' is clicked on

2018-05-28 10:31:52 - [TEST_STEP][PASSED] - selectOptionByIndex: All options with index in [2] are selected on object 'Object Repository/HealthpostToStore/Page_HealthPost Store/select_--Select--Schedule 1Inj'

2018-05-28 10:31:52 - [MESSAGE][PASSED] - All options with index in [2] are selected on object 'Object Repository/HealthpostToStore/Page_HealthPost Store/select_--Select--Schedule 1Inj'

2018-05-28 10:31:52 - [TEST_STEP][PASSED] - selectOptionByIndex: All options with index in [4] are selected on object 'Object Repository/HealthpostToStore/Page_HealthPost Store/select_--Select--Adernaline 0.'

2018-05-28 10:31:52 - [MESSAGE][PASSED] - All options with index in [4] are selected on object 'Object Repository/HealthpostToStore/Page_HealthPost Store/select_--Select--Adernaline 0.'

2018-05-28 10:31:52 - [TEST_STEP][PASSED] - setText: Text '10' is set on object 'Object Repository/HealthpostToStore/Page_HealthPost Store/input_txttreat'

2018-05-28 10:31:52 - [MESSAGE][PASSED] - Text '10' is set on object 'Object Repository/HealthpostToStore/Page_HealthPost Store/input_txttreat'

2018-05-28 10:31:52 - [TEST_STEP][PASSED] - click: Object: 'Object Repository/HealthpostToStore/Page_HealthPost Store/button_Add' is clicked on

2018-05-28 10:31:52 - [MESSAGE][PASSED] - Object: 'Object Repository/HealthpostToStore/Page_HealthPost Store/button_Add' is clicked on

2018-05-28 10:31:52 - [TEST_STEP][PASSED] - selectOptionByIndex: All options with index in [2] are selected on object 'Object Repository/HealthpostToStore/Page_HealthPost Store/select_--Select--Schedule 1Inj'

2018-05-28 10:31:53 - [MESSAGE][PASSED] - All options with index in [2] are selected on object 'Object Repository/HealthpostToStore/Page_HealthPost Store/select_--Select--Schedule 1Inj'

2018-05-28 10:31:53 - [TEST_STEP][PASSED] - selectOptionByIndex: All options with index in [5] are selected on object 'Object Repository/HealthpostToStore/Page_HealthPost Store/select_--Select--Adernaline 0.'

2018-05-28 10:31:53 - [MESSAGE][PASSED] - All options with index in [5] are selected on object 'Object Repository/HealthpostToStore/Page_HealthPost Store/select_--Select--Adernaline 0.'

2018-05-28 10:31:53 - [TEST_STEP][PASSED] - setText: Text '10' is set on object 'Object Repository/HealthpostToStore/Page_HealthPost Store/input_txttreat'

2018-05-28 10:31:53 - [MESSAGE][PASSED] - Text '10' is set on object 'Object Repository/HealthpostToStore/Page_HealthPost Store/input_txttreat'

2018-05-28 10:31:53 - [TEST_STEP][PASSED] - click: Object: 'Object Repository/HealthpostToStore/Page_HealthPost Store/button_Add' is clicked on

2018-05-28 10:31:53 - [MESSAGE][PASSED] - Object: 'Object Repository/HealthpostToStore/Page_HealthPost Store/button_Add' is clicked on

2018-05-28 10:31:53 - [TEST_STEP][PASSED] - selectOptionByIndex: All options with index in [2] are selected on object 'Object Repository/HealthpostToStore/Page_HealthPost Store/select_--Select--Schedule 1Inj'

2018-05-28 10:31:53 - [MESSAGE][PASSED] - All options with index in [2] are selected on object 'Object Repository/HealthpostToStore/Page_HealthPost Store/select_--Select--Schedule 1Inj'

2018-05-28 10:31:53 - [TEST_STEP][PASSED] - selectOptionByIndex: All options with index in [6] are selected on object 'Object Repository/HealthpostToStore/Page_HealthPost Store/select_--Select--Adernaline 0.'

2018-05-28 10:31:53 - [MESSAGE][PASSED] - All options with index in [6] are selected on object 'Object Repository/HealthpostToStore/Page_HealthPost Store/select_--Select--Adernaline 0.'

2018-05-28 10:31:53 - [TEST_STEP][PASSED] - setText: Text '10' is set on object 'Object Repository/HealthpostToStore/Page_HealthPost Store/input_txttreat'

2018-05-28 10:31:53 - [MESSAGE][PASSED] - Text '10' is set on object 'Object Repository/HealthpostToStore/Page_HealthPost Store/input_txttreat'

2018-05-28 10:31:53 - [TEST_STEP][PASSED] - click: Object: 'Object Repository/HealthpostToStore/Page_HealthPost Store/button_Add' is clicked on

2018-05-28 10:31:53 - [MESSAGE][PASSED] - Object: 'Object Repository/HealthpostToStore/Page_HealthPost Store/button_Add' is clicked on

2018-05-28 10:31:53 - [TEST_STEP][PASSED] - selectOptionByIndex: All options with index in [2] are selected on object 'Object Repository/HealthpostToStore/Page_HealthPost Store/select_--Select--Schedule 1Inj'

2018-05-28 10:31:53 - [MESSAGE][PASSED] - All options with index in [2] are selected on object 'Object Repository/HealthpostToStore/Page_HealthPost Store/select_--Select--Schedule 1Inj'

2018-05-28 10:31:53 - [TEST_STEP][PASSED] - selectOptionByIndex: All options with index in [7] are selected on object 'Object Repository/HealthpostToStore/Page_HealthPost Store/select_--Select--Adernaline 0.'

2018-05-28 10:31:54 - [MESSAGE][PASSED] - All options with index in [7] are selected on object 'Object Repository/HealthpostToStore/Page_HealthPost Store/select_--Select--Adernaline 0.'

2018-05-28 10:31:54 - [TEST_STEP][PASSED] - setText: Text '10' is set on object 'Object Repository/HealthpostToStore/Page_HealthPost Store/input_txttreat'

2018-05-28 10:31:54 - [MESSAGE][PASSED] - Text '10' is set on object 'Object Repository/HealthpostToStore/Page_HealthPost Store/input_txttreat'

2018-05-28 10:31:54 - [TEST_STEP][PASSED] - click: Object: 'Object Repository/HealthpostToStore/Page_HealthPost Store/button_Add' is clicked on

2018-05-28 10:31:54 - [MESSAGE][PASSED] - Object: 'Object Repository/HealthpostToStore/Page_HealthPost Store/button_Add' is clicked on

2018-05-28 10:31:54 - [TEST_STEP][PASSED] - selectOptionByIndex: All options with index in [2] are selected on object 'Object Repository/HealthpostToStore/Page_HealthPost Store/select_--Select--Schedule 1Inj'

2018-05-28 10:31:54 - [MESSAGE][PASSED] - All options with index in [2] are selected on object 'Object Repository/HealthpostToStore/Page_HealthPost Store/select_--Select--Schedule 1Inj'

2018-05-28 10:31:54 - [TEST_STEP][PASSED] - selectOptionByIndex: All options with index in [8] are selected on object 'Object Repository/HealthpostToStore/Page_HealthPost Store/select_--Select--Adernaline 0.'

2018-05-28 10:31:54 - [MESSAGE][PASSED] - All options with index in [8] are selected on object 'Object Repository/HealthpostToStore/Page_HealthPost Store/select_--Select--Adernaline 0.'

2018-05-28 10:31:54 - [TEST_STEP][PASSED] - setText: Text '10' is set on object 'Object Repository/HealthpostToStore/Page_HealthPost Store/input_txttreat'

2018-05-28 10:31:54 - [MESSAGE][PASSED] - Text '10' is set on object 'Object Repository/HealthpostToStore/Page_HealthPost Store/input_txttreat'

2018-05-28 10:31:54 - [TEST_STEP][PASSED] - click: Object: 'Object Repository/HealthpostToStore/Page_HealthPost Store/button_Add' is clicked on

2018-05-28 10:31:54 - [MESSAGE][PASSED] - Object: 'Object Repository/HealthpostToStore/Page_HealthPost Store/button_Add' is clicked on

2018-05-28 10:31:54 - [TEST_STEP][PASSED] - selectOptionByIndex: All options with index in [2] are selected on object 'Object Repository/HealthpostToStore/Page_HealthPost Store/select_--Select--Schedule 1Inj'

2018-05-28 10:31:54 - [MESSAGE][PASSED] - All options with index in [2] are selected on object 'Object Repository/HealthpostToStore/Page_HealthPost Store/select_--Select--Schedule 1Inj'

2018-05-28 10:31:54 - [TEST_STEP][PASSED] - selectOptionByIndex: All options with index in [9] are selected on object 'Object Repository/HealthpostToStore/Page_HealthPost Store/select_--Select--Adernaline 0.'

2018-05-28 10:31:55 - [MESSAGE][PASSED] - All options with index in [9] are selected on object 'Object Repository/HealthpostToStore/Page_HealthPost Store/select_--Select--Adernaline 0.'

2018-05-28 10:31:55 - [TEST_STEP][PASSED] - setText: Text '10' is set on object 'Object Repository/HealthpostToStore/Page_HealthPost Store/input_txttreat'

2018-05-28 10:31:55 - [MESSAGE][PASSED] - Text '10' is set on object 'Object Repository/HealthpostToStore/Page_HealthPost Store/input_txttreat'

2018-05-28 10:31:55 - [TEST_STEP][PASSED] - click: Object: 'Object Repository/HealthpostToStore/Page_HealthPost Store/button_Add' is clicked on

2018-05-28 10:31:55 - [MESSAGE][PASSED] - Object: 'Object Repository/HealthpostToStore/Page_HealthPost Store/button_Add' is clicked on

2018-05-28 10:31:55 - [TEST_STEP][PASSED] - selectOptionByIndex: All options with index in [2] are selected on object 'Object Repository/HealthpostToStore/Page_HealthPost Store/select_--Select--Schedule 1Inj'

2018-05-28 10:31:55 - [MESSAGE][PASSED] - All options with index in [2] are selected on object 'Object Repository/HealthpostToStore/Page_HealthPost Store/select_--Select--Schedule 1Inj'

2018-05-28 10:31:55 - [TEST_STEP][PASSED] - selectOptionByIndex: All options with index in [10] are selected on object 'Object Repository/HealthpostToStore/Page_HealthPost Store/select_--Select--Adernaline 0.'

2018-05-28 10:31:55 - [MESSAGE][PASSED] - All options with index in [10] are selected on object 'Object Repository/HealthpostToStore/Page_HealthPost Store/select_--Select--Adernaline 0.'

2018-05-28 10:31:55 - [TEST_STEP][PASSED] - setText: Text '10' is set on object 'Object Repository/HealthpostToStore/Page_HealthPost Store/input_txttreat'

2018-05-28 10:31:55 - [MESSAGE][PASSED] - Text '10' is set on object 'Object Repository/HealthpostToStore/Page_HealthPost Store/input_txttreat'

2018-05-28 10:31:55 - [TEST_STEP][PASSED] - click: Object: 'Object Repository/HealthpostToStore/Page_HealthPost Store/button_Add' is clicked on

2018-05-28 10:31:55 - [MESSAGE][PASSED] - Object: 'Object Repository/HealthpostToStore/Page_HealthPost Store/button_Add' is clicked on

2018-05-28 10:31:55 - [TEST_STEP][PASSED] - selectOptionByIndex: All options with index in [2] are selected on object 'Object Repository/HealthpostToStore/Page_HealthPost Store/select_--Select--Schedule 1Inj'

2018-05-28 10:31:55 - [MESSAGE][PASSED] - All options with index in [2] are selected on object 'Object Repository/HealthpostToStore/Page_HealthPost Store/select_--Select--Schedule 1Inj'

2018-05-28 10:31:55 - [TEST_STEP][PASSED] - selectOptionByIndex: All options with index in [11] are selected on object 'Object Repository/HealthpostToStore/Page_HealthPost Store/select_--Select--Adernaline 0.'

2018-05-28 10:31:56 - [MESSAGE][PASSED] - All options with index in [11] are selected on object 'Object Repository/HealthpostToStore/Page_HealthPost Store/select_--Select--Adernaline 0.'

2018-05-28 10:31:56 - [TEST_STEP][PASSED] - setText: Text '10' is set on object 'Object Repository/HealthpostToStore/Page_HealthPost Store/input_txttreat'

2018-05-28 10:31:56 - [MESSAGE][PASSED] - Text '10' is set on object 'Object Repository/HealthpostToStore/Page_HealthPost Store/input_txttreat'

2018-05-28 10:31:56 - [TEST_STEP][PASSED] - click: Object: 'Object Repository/HealthpostToStore/Page_HealthPost Store/button_Add' is clicked on

2018-05-28 10:31:56 - [MESSAGE][PASSED] - Object: 'Object Repository/HealthpostToStore/Page_HealthPost Store/button_Add' is clicked on

2018-05-28 10:31:56 - [TEST_STEP][PASSED] - selectOptionByIndex: All options with index in [2] are selected on object 'Object Repository/HealthpostToStore/Page_HealthPost Store/select_--Select--Schedule 1Inj'

2018-05-28 10:31:56 - [MESSAGE][PASSED] - All options with index in [2] are selected on object 'Object Repository/HealthpostToStore/Page_HealthPost Store/select_--Select--Schedule 1Inj'

2018-05-28 10:31:56 - [TEST_STEP][PASSED] - selectOptionByIndex: All options with index in [12] are selected on object 'Object Repository/HealthpostToStore/Page_HealthPost Store/select_--Select--Adernaline 0.'

2018-05-28 10:31:56 - [MESSAGE][PASSED] - All options with index in [12] are selected on object 'Object Repository/HealthpostToStore/Page_HealthPost Store/select_--Select--Adernaline 0.'

2018-05-28 10:31:56 - [TEST_STEP][PASSED] - setText: Text '10' is set on object 'Object Repository/HealthpostToStore/Page_HealthPost Store/input_txttreat'

2018-05-28 10:31:56 - [MESSAGE][PASSED] - Text '10' is set on object 'Object Repository/HealthpostToStore/Page_HealthPost Store/input_txttreat'

2018-05-28 10:31:56 - [TEST_STEP][PASSED] - click: Object: 'Object Repository/HealthpostToStore/Page_HealthPost Store/button_Add' is clicked on

2018-05-28 10:31:56 - [MESSAGE][PASSED] - Object: 'Object Repository/HealthpostToStore/Page_HealthPost Store/button_Add' is clicked on

2018-05-28 10:31:56 - [TEST_STEP][PASSED] - selectOptionByIndex: All options with index in [2] are selected on object 'Object Repository/HealthpostToStore/Page_HealthPost Store/select_--Select--Schedule 1Inj'

2018-05-28 10:31:56 - [MESSAGE][PASSED] - All options with index in [2] are selected on object 'Object Repository/HealthpostToStore/Page_HealthPost Store/select_--Select--Schedule 1Inj'

2018-05-28 10:31:56 - [TEST_STEP][PASSED] - selectOptionByIndex: All options with index in [13] are selected on object 'Object Repository/HealthpostToStore/Page_HealthPost Store/select_--Select--Adernaline 0.'

2018-05-28 10:31:57 - [MESSAGE][PASSED] - All options with index in [13] are selected on object 'Object Repository/HealthpostToStore/Page_HealthPost Store/select_--Select--Adernaline 0.'

2018-05-28 10:31:57 - [TEST_STEP][PASSED] - setText: Text '10' is set on object 'Object Repository/HealthpostToStore/Page_HealthPost Store/input_txttreat'

2018-05-28 10:31:57 - [MESSAGE][PASSED] - Text '10' is set on object 'Object Repository/HealthpostToStore/Page_HealthPost Store/input_txttreat'

2018-05-28 10:31:57 - [TEST_STEP][PASSED] - click: Object: 'Object Repository/HealthpostToStore/Page_HealthPost Store/button_Add' is clicked on

2018-05-28 10:31:57 - [MESSAGE][PASSED] - Object: 'Object Repository/HealthpostToStore/Page_HealthPost Store/button_Add' is clicked on

2018-05-28 10:31:57 - [TEST_STEP][PASSED] - selectOptionByIndex: All options with index in [2] are selected on object 'Object Repository/HealthpostToStore/Page_HealthPost Store/select_--Select--Schedule 1Inj'

2018-05-28 10:31:57 - [MESSAGE][PASSED] - All options with index in [2] are selected on object 'Object Repository/HealthpostToStore/Page_HealthPost Store/select_--Select--Schedule 1Inj'

2018-05-28 10:31:57 - [TEST_STEP][PASSED] - selectOptionByIndex: All options with index in [14] are selected on object 'Object Repository/HealthpostToStore/Page_HealthPost Store/select_--Select--Adernaline 0.'

2018-05-28 10:31:57 - [MESSAGE][PASSED] - All options with index in [14] are selected on object 'Object Repository/HealthpostToStore/Page_HealthPost Store/select_--Select--Adernaline 0.'

2018-05-28 10:31:57 - [TEST_STEP][PASSED] - setText: Text '10' is set on object 'Object Repository/HealthpostToStore/Page_HealthPost Store/input_txttreat'

2018-05-28 10:31:57 - [MESSAGE][PASSED] - Text '10' is set on object 'Object Repository/HealthpostToStore/Page_HealthPost Store/input_txttreat'

2018-05-28 10:31:57 - [TEST_STEP][PASSED] - click: Object: 'Object Repository/HealthpostToStore/Page_HealthPost Store/button_Add' is clicked on

2018-05-28 10:31:57 - [MESSAGE][PASSED] - Object: 'Object Repository/HealthpostToStore/Page_HealthPost Store/button_Add' is clicked on

2018-05-28 10:31:57 - [TEST_STEP][PASSED] - selectOptionByIndex: All options with index in [2] are selected on object 'Object Repository/HealthpostToStore/Page_HealthPost Store/select_--Select--Schedule 1Inj'

2018-05-28 10:31:57 - [MESSAGE][PASSED] - All options with index in [2] are selected on object 'Object Repository/HealthpostToStore/Page_HealthPost Store/select_--Select--Schedule 1Inj'

2018-05-28 10:31:57 - [TEST_STEP][PASSED] - selectOptionByIndex: All options with index in [15] are selected on object 'Object Repository/HealthpostToStore/Page_HealthPost Store/select_--Select--Adernaline 0.'

2018-05-28 10:31:58 - [MESSAGE][PASSED] - All options with index in [15] are selected on object 'Object Repository/HealthpostToStore/Page_HealthPost Store/select_--Select--Adernaline 0.'

2018-05-28 10:31:58 - [TEST_STEP][PASSED] - setText: Text '10' is set on object 'Object Repository/HealthpostToStore/Page_HealthPost Store/input_txttreat'

2018-05-28 10:31:58 - [MESSAGE][PASSED] - Text '10' is set on object 'Object Repository/HealthpostToStore/Page_HealthPost Store/input_txttreat'

2018-05-28 10:31:58 - [TEST_STEP][PASSED] - click: Object: 'Object Repository/HealthpostToStore/Page_HealthPost Store/button_Add' is clicked on

2018-05-28 10:31:58 - [MESSAGE][PASSED] - Object: 'Object Repository/HealthpostToStore/Page_HealthPost Store/button_Add' is clicked on

2018-05-28 10:31:58 - [TEST_STEP][PASSED] - selectOptionByIndex: All options with index in [2] are selected on object 'Object Repository/HealthpostToStore/Page_HealthPost Store/select_--Select--Schedule 1Inj'

2018-05-28 10:31:58 - [MESSAGE][PASSED] - All options with index in [2] are selected on object 'Object Repository/HealthpostToStore/Page_HealthPost Store/select_--Select--Schedule 1Inj'

2018-05-28 10:31:58 - [TEST_STEP][PASSED] - selectOptionByIndex: All options with index in [16] are selected on object 'Object Repository/HealthpostToStore/Page_HealthPost Store/select_--Select--Adernaline 0.'

2018-05-28 10:31:58 - [MESSAGE][PASSED] - All options with index in [16] are selected on object 'Object Repository/HealthpostToStore/Page_HealthPost Store/select_--Select--Adernaline 0.'

2018-05-28 10:31:58 - [TEST_STEP][PASSED] - setText: Text '10' is set on object 'Object Repository/HealthpostToStore/Page_HealthPost Store/input_txttreat'

2018-05-28 10:31:58 - [MESSAGE][PASSED] - Text '10' is set on object 'Object Repository/HealthpostToStore/Page_HealthPost Store/input_txttreat'

2018-05-28 10:31:58 - [TEST_STEP][PASSED] - click: Object: 'Object Repository/HealthpostToStore/Page_HealthPost Store/button_Add' is clicked on

2018-05-28 10:31:59 - [MESSAGE][PASSED] - Object: 'Object Repository/HealthpostToStore/Page_HealthPost Store/button_Add' is clicked on

2018-05-28 10:31:59 - [TEST_STEP][PASSED] - selectOptionByIndex: All options with index in [2] are selected on object 'Object Repository/HealthpostToStore/Page_HealthPost Store/select_--Select--Schedule 1Inj'

2018-05-28 10:31:59 - [MESSAGE][PASSED] - All options with index in [2] are selected on object 'Object Repository/HealthpostToStore/Page_HealthPost Store/select_--Select--Schedule 1Inj'

2018-05-28 10:31:59 - [TEST_STEP][PASSED] - selectOptionByIndex: All options with index in [17] are selected on object 'Object Repository/HealthpostToStore/Page_HealthPost Store/select_--Select--Adernaline 0.'

2018-05-28 10:31:59 - [MESSAGE][PASSED] - All options with index in [17] are selected on object 'Object Repository/HealthpostToStore/Page_HealthPost Store/select_--Select--Adernaline 0.'

2018-05-28 10:31:59 - [TEST_STEP][PASSED] - setText: Text '10' is set on object 'Object Repository/HealthpostToStore/Page_HealthPost Store/input_txttreat'

2018-05-28 10:31:59 - [MESSAGE][PASSED] - Text '10' is set on object 'Object Repository/HealthpostToStore/Page_HealthPost Store/input_txttreat'

2018-05-28 10:31:59 - [TEST_STEP][PASSED] - click: Object: 'Object Repository/HealthpostToStore/Page_HealthPost Store/button_Add' is clicked on

2018-05-28 10:31:59 - [MESSAGE][PASSED] - Object: 'Object Repository/HealthpostToStore/Page_HealthPost Store/button_Add' is clicked on

2018-05-28 10:31:59 - [TEST_STEP][PASSED] - selectOptionByIndex: All options with index in [2] are selected on object 'Object Repository/HealthpostToStore/Page_HealthPost Store/select_--Select--Schedule 1Inj'

2018-05-28 10:31:59 - [MESSAGE][PASSED] - All options with index in [2] are selected on object 'Object Repository/HealthpostToStore/Page_HealthPost Store/select_--Select--Schedule 1Inj'

2018-05-28 10:31:59 - [TEST_STEP][PASSED] - selectOptionByIndex: All options with index in [18] are selected on object 'Object Repository/HealthpostToStore/Page_HealthPost Store/select_--Select--Adernaline 0.'

2018-05-28 10:32:00 - [MESSAGE][PASSED] - All options with index in [18] are selected on object 'Object Repository/HealthpostToStore/Page_HealthPost Store/select_--Select--Adernaline 0.'

2018-05-28 10:32:00 - [TEST_STEP][PASSED] - setText: Text '10' is set on object 'Object Repository/HealthpostToStore/Page_HealthPost Store/input_txttreat'

2018-05-28 10:32:00 - [MESSAGE][PASSED] - Text '10' is set on object 'Object Repository/HealthpostToStore/Page_HealthPost Store/input_txttreat'

2018-05-28 10:32:00 - [TEST_STEP][PASSED] - click: Object: 'Object Repository/HealthpostToStore/Page_HealthPost Store/button_Add' is clicked on

2018-05-28 10:32:00 - [MESSAGE][PASSED] - Object: 'Object Repository/HealthpostToStore/Page_HealthPost Store/button_Add' is clicked on

2018-05-28 10:32:00 - [TEST_STEP][PASSED] - selectOptionByIndex: All options with index in [2] are selected on object 'Object Repository/HealthpostToStore/Page_HealthPost Store/select_--Select--Schedule 1Inj'

2018-05-28 10:32:00 - [MESSAGE][PASSED] - All options with index in [2] are selected on object 'Object Repository/HealthpostToStore/Page_HealthPost Store/select_--Select--Schedule 1Inj'

2018-05-28 10:32:00 - [TEST_STEP][PASSED] - selectOptionByIndex: All options with index in [19] are selected on object 'Object Repository/HealthpostToStore/Page_HealthPost Store/select_--Select--Adernaline 0.'

2018-05-28 10:32:00 - [MESSAGE][PASSED] - All options with index in [19] are selected on object 'Object Repository/HealthpostToStore/Page_HealthPost Store/select_--Select--Adernaline 0.'

2018-05-28 10:32:00 - [TEST_STEP][PASSED] - setText: Text '10' is set on object 'Object Repository/HealthpostToStore/Page_HealthPost Store/input_txttreat'

2018-05-28 10:32:00 - [MESSAGE][PASSED] - Text '10' is set on object 'Object Repository/HealthpostToStore/Page_HealthPost Store/input_txttreat'

2018-05-28 10:32:00 - [TEST_STEP][PASSED] - click: Object: 'Object Repository/HealthpostToStore/Page_HealthPost Store/button_Add' is clicked on

2018-05-28 10:32:00 - [MESSAGE][PASSED] - Object: 'Object Repository/HealthpostToStore/Page_HealthPost Store/button_Add' is clicked on

2018-05-28 10:32:00 - [TEST_STEP][PASSED] - selectOptionByIndex: All options with index in [2] are selected on object 'Object Repository/HealthpostToStore/Page_HealthPost Store/select_--Select--Schedule 1Inj'

2018-05-28 10:32:00 - [MESSAGE][PASSED] - All options with index in [2] are selected on object 'Object Repository/HealthpostToStore/Page_HealthPost Store/select_--Select--Schedule 1Inj'

2018-05-28 10:32:00 - [TEST_STEP][PASSED] - selectOptionByIndex: All options with index in [20] are selected on object 'Object Repository/HealthpostToStore/Page_HealthPost Store/select_--Select--Adernaline 0.'

2018-05-28 10:32:01 - [MESSAGE][PASSED] - All options with index in [20] are selected on object 'Object Repository/HealthpostToStore/Page_HealthPost Store/select_--Select--Adernaline 0.'

2018-05-28 10:32:01 - [TEST_STEP][PASSED] - setText: Text '10' is set on object 'Object Repository/HealthpostToStore/Page_HealthPost Store/input_txttreat'

2018-05-28 10:32:01 - [MESSAGE][PASSED] - Text '10' is set on object 'Object Repository/HealthpostToStore/Page_HealthPost Store/input_txttreat'

2018-05-28 10:32:01 - [TEST_STEP][PASSED] - click: Object: 'Object Repository/HealthpostToStore/Page_HealthPost Store/button_Add' is clicked on

2018-05-28 10:32:01 - [MESSAGE][PASSED] - Object: 'Object Repository/HealthpostToStore/Page_HealthPost Store/button_Add' is clicked on

2018-05-28 10:32:01 - [TEST_STEP][PASSED] - selectOptionByIndex: All options with index in [2] are selected on object 'Object Repository/HealthpostToStore/Page_HealthPost Store/select_--Select--Schedule 1Inj'

2018-05-28 10:32:01 - [MESSAGE][PASSED] - All options with index in [2] are selected on object 'Object Repository/HealthpostToStore/Page_HealthPost Store/select_--Select--Schedule 1Inj'

2018-05-28 10:32:01 - [TEST_STEP][PASSED] - selectOptionByIndex: All options with index in [21] are selected on object 'Object Repository/HealthpostToStore/Page_HealthPost Store/select_--Select--Adernaline 0.'

2018-05-28 10:32:01 - [MESSAGE][PASSED] - All options with index in [21] are selected on object 'Object Repository/HealthpostToStore/Page_HealthPost Store/select_--Select--Adernaline 0.'

2018-05-28 10:32:01 - [TEST_STEP][PASSED] - setText: Text '10' is set on object 'Object Repository/HealthpostToStore/Page_HealthPost Store/input_txttreat'

2018-05-28 10:32:02 - [MESSAGE][PASSED] - Text '10' is set on object 'Object Repository/HealthpostToStore/Page_HealthPost Store/input_txttreat'

2018-05-28 10:32:02 - [TEST_STEP][PASSED] - click: Object: 'Object Repository/HealthpostToStore/Page_HealthPost Store/button_Add' is clicked on

2018-05-28 10:32:02 - [MESSAGE][PASSED] - Object: 'Object Repository/HealthpostToStore/Page_HealthPost Store/button_Add' is clicked on

2018-05-28 10:32:02 - [TEST_STEP][PASSED] - selectOptionByIndex: All options with index in [2] are selected on object 'Object Repository/HealthpostToStore/Page_HealthPost Store/select_--Select--Schedule 1Inj'

2018-05-28 10:32:02 - [MESSAGE][PASSED] - All options with index in [2] are selected on object 'Object Repository/HealthpostToStore/Page_HealthPost Store/select_--Select--Schedule 1Inj'

2018-05-28 10:32:02 - [TEST_STEP][PASSED] - selectOptionByIndex: All options with index in [22] are selected on object 'Object Repository/HealthpostToStore/Page_HealthPost Store/select_--Select--Adernaline 0.'

2018-05-28 10:32:02 - [MESSAGE][PASSED] - All options with index in [22] are selected on object 'Object Repository/HealthpostToStore/Page_HealthPost Store/select_--Select--Adernaline 0.'

2018-05-28 10:32:02 - [TEST_STEP][PASSED] - setText: Text '10' is set on object 'Object Repository/HealthpostToStore/Page_HealthPost Store/input_txttreat'

2018-05-28 10:32:02 - [MESSAGE][PASSED] - Text '10' is set on object 'Object Repository/HealthpostToStore/Page_HealthPost Store/input_txttreat'

2018-05-28 10:32:02 - [TEST_STEP][PASSED] - click: Object: 'Object Repository/HealthpostToStore/Page_HealthPost Store/button_Add' is clicked on

2018-05-28 10:32:02 - [MESSAGE][PASSED] - Object: 'Object Repository/HealthpostToStore/Page_HealthPost Store/button_Add' is clicked on

2018-05-28 10:32:02 - [TEST_STEP][PASSED] - selectOptionByIndex: All options with index in [2] are selected on object 'Object Repository/HealthpostToStore/Page_HealthPost Store/select_--Select--Schedule 1Inj'

2018-05-28 10:32:02 - [MESSAGE][PASSED] - All options with index in [2] are selected on object 'Object Repository/HealthpostToStore/Page_HealthPost Store/select_--Select--Schedule 1Inj'

2018-05-28 10:32:02 - [TEST_STEP][PASSED] - selectOptionByIndex: All options with index in [23] are selected on object 'Object Repository/HealthpostToStore/Page_HealthPost Store/select_--Select--Adernaline 0.'

2018-05-28 10:32:03 - [MESSAGE][PASSED] - All options with index in [23] are selected on object 'Object Repository/HealthpostToStore/Page_HealthPost Store/select_--Select--Adernaline 0.'

2018-05-28 10:32:03 - [TEST_STEP][PASSED] - setText: Text '10' is set on object 'Object Repository/HealthpostToStore/Page_HealthPost Store/input_txttreat'

2018-05-28 10:32:03 - [MESSAGE][PASSED] - Text '10' is set on object 'Object Repository/HealthpostToStore/Page_HealthPost Store/input_txttreat'

2018-05-28 10:32:03 - [TEST_STEP][PASSED] - click: Object: 'Object Repository/HealthpostToStore/Page_HealthPost Store/button_Add' is clicked on

2018-05-28 10:32:03 - [MESSAGE][PASSED] - Object: 'Object Repository/HealthpostToStore/Page_HealthPost Store/button_Add' is clicked on

2018-05-28 10:32:03 - [TEST_STEP][PASSED] - selectOptionByIndex: All options with index in [2] are selected on object 'Object Repository/HealthpostToStore/Page_HealthPost Store/select_--Select--Schedule 1Inj'

2018-05-28 10:32:03 - [MESSAGE][PASSED] - All options with index in [2] are selected on object 'Object Repository/HealthpostToStore/Page_HealthPost Store/select_--Select--Schedule 1Inj'

2018-05-28 10:32:03 - [TEST_STEP][PASSED] - selectOptionByIndex: All options with index in [24] are selected on object 'Object Repository/HealthpostToStore/Page_HealthPost Store/select_--Select--Adernaline 0.'

2018-05-28 10:32:03 - [MESSAGE][PASSED] - All options with index in [24] are selected on object 'Object Repository/HealthpostToStore/Page_HealthPost Store/select_--Select--Adernaline 0.'

2018-05-28 10:32:03 - [TEST_STEP][PASSED] - setText: Text '10' is set on object 'Object Repository/HealthpostToStore/Page_HealthPost Store/input_txttreat'

2018-05-28 10:32:03 - [MESSAGE][PASSED] - Text '10' is set on object 'Object Repository/HealthpostToStore/Page_HealthPost Store/input_txttreat'

2018-05-28 10:32:03 - [TEST_STEP][PASSED] - click: Object: 'Object Repository/HealthpostToStore/Page_HealthPost Store/button_Add' is clicked on

2018-05-28 10:32:03 - [MESSAGE][PASSED] - Object: 'Object Repository/HealthpostToStore/Page_HealthPost Store/button_Add' is clicked on

2018-05-28 10:32:03 - [TEST_STEP][PASSED] - selectOptionByIndex: All options with index in [2] are selected on object 'Object Repository/HealthpostToStore/Page_HealthPost Store/select_--Select--Schedule 1Inj'

2018-05-28 10:32:04 - [MESSAGE][PASSED] - All options with index in [2] are selected on object 'Object Repository/HealthpostToStore/Page_HealthPost Store/select_--Select--Schedule 1Inj'

2018-05-28 10:32:04 - [TEST_STEP][PASSED] - selectOptionByIndex: All options with index in [25] are selected on object 'Object Repository/HealthpostToStore/Page_HealthPost Store/select_--Select--Adernaline 0.'

2018-05-28 10:32:04 - [MESSAGE][PASSED] - All options with index in [25] are selected on object 'Object Repository/HealthpostToStore/Page_HealthPost Store/select_--Select--Adernaline 0.'

2018-05-28 10:32:04 - [TEST_STEP][PASSED] - setText: Text '10' is set on object 'Object Repository/HealthpostToStore/Page_HealthPost Store/input_txttreat'

2018-05-28 10:32:04 - [MESSAGE][PASSED] - Text '10' is set on object 'Object Repository/HealthpostToStore/Page_HealthPost Store/input_txttreat'

2018-05-28 10:32:04 - [TEST_STEP][PASSED] - click: Object: 'Object Repository/HealthpostToStore/Page_HealthPost Store/button_Add' is clicked on

2018-05-28 10:32:04 - [MESSAGE][PASSED] - Object: 'Object Repository/HealthpostToStore/Page_HealthPost Store/button_Add' is clicked on

2018-05-28 10:32:04 - [TEST_STEP][PASSED] - selectOptionByIndex: All options with index in [2] are selected on object 'Object Repository/HealthpostToStore/Page_HealthPost Store/select_--Select--Schedule 1Inj'

2018-05-28 10:32:04 - [MESSAGE][PASSED] - All options with index in [2] are selected on object 'Object Repository/HealthpostToStore/Page_HealthPost Store/select_--Select--Schedule 1Inj'

2018-05-28 10:32:04 - [TEST_STEP][PASSED] - selectOptionByIndex: All options with index in [26] are selected on object 'Object Repository/HealthpostToStore/Page_HealthPost Store/select_--Select--Adernaline 0.'

2018-05-28 10:32:05 - [MESSAGE][PASSED] - All options with index in [26] are selected on object 'Object Repository/HealthpostToStore/Page_HealthPost Store/select_--Select--Adernaline 0.'

2018-05-28 10:32:05 - [TEST_STEP][PASSED] - setText: Text '10' is set on object 'Object Repository/HealthpostToStore/Page_HealthPost Store/input_txttreat'

2018-05-28 10:32:05 - [MESSAGE][PASSED] - Text '10' is set on object 'Object Repository/HealthpostToStore/Page_HealthPost Store/input_txttreat'

2018-05-28 10:32:05 - [TEST_STEP][PASSED] - click: Object: 'Object Repository/HealthpostToStore/Page_HealthPost Store/button_Add' is clicked on

2018-05-28 10:32:05 - [MESSAGE][PASSED] - Object: 'Object Repository/HealthpostToStore/Page_HealthPost Store/button_Add' is clicked on

2018-05-28 10:32:05 - [TEST_STEP][PASSED] - selectOptionByIndex: All options with index in [2] are selected on object 'Object Repository/HealthpostToStore/Page_HealthPost Store/select_--Select--Schedule 1Inj'

2018-05-28 10:32:05 - [MESSAGE][PASSED] - All options with index in [2] are selected on object 'Object Repository/HealthpostToStore/Page_HealthPost Store/select_--Select--Schedule 1Inj'

2018-05-28 10:32:05 - [TEST_STEP][PASSED] - selectOptionByIndex: All options with index in [27] are selected on object 'Object Repository/HealthpostToStore/Page_HealthPost Store/select_--Select--Adernaline 0.'

2018-05-28 10:32:05 - [MESSAGE][PASSED] - All options with index in [27] are selected on object 'Object Repository/HealthpostToStore/Page_HealthPost Store/select_--Select--Adernaline 0.'

2018-05-28 10:32:05 - [TEST_STEP][PASSED] - setText: Text '10' is set on object 'Object Repository/HealthpostToStore/Page_HealthPost Store/input_txttreat'

2018-05-28 10:32:05 - [MESSAGE][PASSED] - Text '10' is set on object 'Object Repository/HealthpostToStore/Page_HealthPost Store/input_txttreat'

2018-05-28 10:32:05 - [TEST_STEP][PASSED] - click: Object: 'Object Repository/HealthpostToStore/Page_HealthPost Store/button_Add' is clicked on

2018-05-28 10:32:05 - [MESSAGE][PASSED] - Object: 'Object Repository/HealthpostToStore/Page_HealthPost Store/button_Add' is clicked on

2018-05-28 10:32:05 - [TEST_STEP][PASSED] - selectOptionByIndex: All options with index in [2] are selected on object 'Object Repository/HealthpostToStore/Page_HealthPost Store/select_--Select--Schedule 1Inj'

2018-05-28 10:32:06 - [MESSAGE][PASSED] - All options with index in [2] are selected on object 'Object Repository/HealthpostToStore/Page_HealthPost Store/select_--Select--Schedule 1Inj'

2018-05-28 10:32:06 - [TEST_STEP][PASSED] - selectOptionByIndex: All options with index in [28] are selected on object 'Object Repository/HealthpostToStore/Page_HealthPost Store/select_--Select--Adernaline 0.'

2018-05-28 10:32:06 - [MESSAGE][PASSED] - All options with index in [28] are selected on object 'Object Repository/HealthpostToStore/Page_HealthPost Store/select_--Select--Adernaline 0.'

2018-05-28 10:32:06 - [TEST_STEP][PASSED] - setText: Text '10' is set on object 'Object Repository/HealthpostToStore/Page_HealthPost Store/input_txttreat'

2018-05-28 10:32:06 - [MESSAGE][PASSED] - Text '10' is set on object 'Object Repository/HealthpostToStore/Page_HealthPost Store/input_txttreat'

2018-05-28 10:32:06 - [TEST_STEP][PASSED] - click: Object: 'Object Repository/HealthpostToStore/Page_HealthPost Store/button_Add' is clicked on

2018-05-28 10:32:06 - [MESSAGE][PASSED] - Object: 'Object Repository/HealthpostToStore/Page_HealthPost Store/button_Add' is clicked on

2018-05-28 10:32:06 - [TEST_STEP][PASSED] - selectOptionByIndex: All options with index in [2] are selected on object 'Object Repository/HealthpostToStore/Page_HealthPost Store/select_--Select--Schedule 1Inj'

2018-05-28 10:32:06 - [MESSAGE][PASSED] - All options with index in [2] are selected on object 'Object Repository/HealthpostToStore/Page_HealthPost Store/select_--Select--Schedule 1Inj'

2018-05-28 10:32:06 - [TEST_STEP][PASSED] - selectOptionByIndex: All options with index in [29] are selected on object 'Object Repository/HealthpostToStore/Page_HealthPost Store/select_--Select--Adernaline 0.'

2018-05-28 10:32:07 - [MESSAGE][PASSED] - All options with index in [29] are selected on object 'Object Repository/HealthpostToStore/Page_HealthPost Store/select_--Select--Adernaline 0.'

2018-05-28 10:32:07 - [TEST_STEP][PASSED] - setText: Text '10' is set on object 'Object Repository/HealthpostToStore/Page_HealthPost Store/input_txttreat'

2018-05-28 10:32:07 - [MESSAGE][PASSED] - Text '10' is set on object 'Object Repository/HealthpostToStore/Page_HealthPost Store/input_txttreat'

2018-05-28 10:32:07 - [TEST_STEP][PASSED] - click: Object: 'Object Repository/HealthpostToStore/Page_HealthPost Store/button_Add' is clicked on

2018-05-28 10:32:07 - [MESSAGE][PASSED] - Object: 'Object Repository/HealthpostToStore/Page_HealthPost Store/button_Add' is clicked on

2018-05-28 10:32:07 - [TEST_STEP][PASSED] - selectOptionByIndex: All options with index in [2] are selected on object 'Object Repository/HealthpostToStore/Page_HealthPost Store/select_--Select--Schedule 1Inj'

2018-05-28 10:32:07 - [MESSAGE][PASSED] - All options with index in [2] are selected on object 'Object Repository/HealthpostToStore/Page_HealthPost Store/select_--Select--Schedule 1Inj'

2018-05-28 10:32:07 - [TEST_STEP][PASSED] - selectOptionByIndex: All options with index in [30] are selected on object 'Object Repository/HealthpostToStore/Page_HealthPost Store/select_--Select--Adernaline 0.'

2018-05-28 10:32:07 - [MESSAGE][PASSED] - All options with index in [30] are selected on object 'Object Repository/HealthpostToStore/Page_HealthPost Store/select_--Select--Adernaline 0.'

2018-05-28 10:32:07 - [TEST_STEP][PASSED] - setText: Text '10' is set on object 'Object Repository/HealthpostToStore/Page_HealthPost Store/input_txttreat'

2018-05-28 10:32:07 - [MESSAGE][PASSED] - Text '10' is set on object 'Object Repository/HealthpostToStore/Page_HealthPost Store/input_txttreat'

2018-05-28 10:32:07 - [TEST_STEP][PASSED] - click: Object: 'Object Repository/HealthpostToStore/Page_HealthPost Store/button_Add' is clicked on

2018-05-28 10:32:07 - [MESSAGE][PASSED] - Object: 'Object Repository/HealthpostToStore/Page_HealthPost Store/button_Add' is clicked on

2018-05-28 10:32:07 - [TEST_STEP][PASSED] - selectOptionByIndex: All options with index in [2] are selected on object 'Object Repository/HealthpostToStore/Page_HealthPost Store/select_--Select--Schedule 1Inj'

2018-05-28 10:32:08 - [MESSAGE][PASSED] - All options with index in [2] are selected on object 'Object Repository/HealthpostToStore/Page_HealthPost Store/select_--Select--Schedule 1Inj'

2018-05-28 10:32:08 - [TEST_STEP][PASSED] - selectOptionByIndex: All options with index in [31] are selected on object 'Object Repository/HealthpostToStore/Page_HealthPost Store/select_--Select--Adernaline 0.'

2018-05-28 10:32:08 - [MESSAGE][PASSED] - All options with index in [31] are selected on object 'Object Repository/HealthpostToStore/Page_HealthPost Store/select_--Select--Adernaline 0.'

2018-05-28 10:32:08 - [TEST_STEP][PASSED] - setText: Text '10' is set on object 'Object Repository/HealthpostToStore/Page_HealthPost Store/input_txttreat'

2018-05-28 10:32:08 - [MESSAGE][PASSED] - Text '10' is set on object 'Object Repository/HealthpostToStore/Page_HealthPost Store/input_txttreat'

2018-05-28 10:32:08 - [TEST_STEP][PASSED] - click: Object: 'Object Repository/HealthpostToStore/Page_HealthPost Store/button_Add' is clicked on

2018-05-28 10:32:08 - [MESSAGE][PASSED] - Object: 'Object Repository/HealthpostToStore/Page_HealthPost Store/button_Add' is clicked on

2018-05-28 10:32:08 - [TEST_STEP][PASSED] - selectOptionByIndex: All options with index in [2] are selected on object 'Object Repository/HealthpostToStore/Page_HealthPost Store/select_--Select--Schedule 1Inj'

2018-05-28 10:32:08 - [MESSAGE][PASSED] - All options with index in [2] are selected on object 'Object Repository/HealthpostToStore/Page_HealthPost Store/select_--Select--Schedule 1Inj'

2018-05-28 10:32:08 - [TEST_STEP][PASSED] - selectOptionByIndex: All options with index in [32] are selected on object 'Object Repository/HealthpostToStore/Page_HealthPost Store/select_--Select--Adernaline 0.'

2018-05-28 10:32:09 - [MESSAGE][PASSED] - All options with index in [32] are selected on object 'Object Repository/HealthpostToStore/Page_HealthPost Store/select_--Select--Adernaline 0.'

2018-05-28 10:32:09 - [TEST_STEP][PASSED] - setText: Text '10' is set on object 'Object Repository/HealthpostToStore/Page_HealthPost Store/input_txttreat'

2018-05-28 10:32:09 - [MESSAGE][PASSED] - Text '10' is set on object 'Object Repository/HealthpostToStore/Page_HealthPost Store/input_txttreat'

2018-05-28 10:32:09 - [TEST_STEP][PASSED] - click: Object: 'Object Repository/HealthpostToStore/Page_HealthPost Store/button_Add' is clicked on

2018-05-28 10:32:09 - [MESSAGE][PASSED] - Object: 'Object Repository/HealthpostToStore/Page_HealthPost Store/button_Add' is clicked on

2018-05-28 10:32:09 - [TEST_STEP][PASSED] - selectOptionByIndex: All options with index in [2] are selected on object 'Object Repository/HealthpostToStore/Page_HealthPost Store/select_--Select--Schedule 1Inj'

2018-05-28 10:32:09 - [MESSAGE][PASSED] - All options with index in [2] are selected on object 'Object Repository/HealthpostToStore/Page_HealthPost Store/select_--Select--Schedule 1Inj'

2018-05-28 10:32:09 - [TEST_STEP][PASSED] - selectOptionByIndex: All options with index in [33] are selected on object 'Object Repository/HealthpostToStore/Page_HealthPost Store/select_--Select--Adernaline 0.'

2018-05-28 10:32:09 - [MESSAGE][PASSED] - All options with index in [33] are selected on object 'Object Repository/HealthpostToStore/Page_HealthPost Store/select_--Select--Adernaline 0.'

2018-05-28 10:32:09 - [TEST_STEP][PASSED] - setText: Text '10' is set on object 'Object Repository/HealthpostToStore/Page_HealthPost Store/input_txttreat'

2018-05-28 10:32:10 - [MESSAGE][PASSED] - Text '10' is set on object 'Object Repository/HealthpostToStore/Page_HealthPost Store/input_txttreat'

2018-05-28 10:32:10 - [TEST_STEP][PASSED] - click: Object: 'Object Repository/HealthpostToStore/Page_HealthPost Store/button_Add' is clicked on

2018-05-28 10:32:10 - [MESSAGE][PASSED] - Object: 'Object Repository/HealthpostToStore/Page_HealthPost Store/button_Add' is clicked on

2018-05-28 10:32:10 - [TEST_STEP][PASSED] - selectOptionByIndex: All options with index in [2] are selected on object 'Object Repository/HealthpostToStore/Page_HealthPost Store/select_--Select--Schedule 1Inj'

2018-05-28 10:32:10 - [MESSAGE][PASSED] - All options with index in [2] are selected on object 'Object Repository/HealthpostToStore/Page_HealthPost Store/select_--Select--Schedule 1Inj'

2018-05-28 10:32:10 - [TEST_STEP][PASSED] - selectOptionByIndex: All options with index in [34] are selected on object 'Object Repository/HealthpostToStore/Page_HealthPost Store/select_--Select--Adernaline 0.'

2018-05-28 10:32:10 - [MESSAGE][PASSED] - All options with index in [34] are selected on object 'Object Repository/HealthpostToStore/Page_HealthPost Store/select_--Select--Adernaline 0.'

2018-05-28 10:32:10 - [TEST_STEP][PASSED] - setText: Text '10' is set on object 'Object Repository/HealthpostToStore/Page_HealthPost Store/input_txttreat'

2018-05-28 10:32:10 - [MESSAGE][PASSED] - Text '10' is set on object 'Object Repository/HealthpostToStore/Page_HealthPost Store/input_txttreat'

2018-05-28 10:32:10 - [TEST_STEP][PASSED] - click: Object: 'Object Repository/HealthpostToStore/Page_HealthPost Store/button_Add' is clicked on

2018-05-28 10:32:10 - [MESSAGE][PASSED] - Object: 'Object Repository/HealthpostToStore/Page_HealthPost Store/button_Add' is clicked on

2018-05-28 10:32:10 - [TEST_STEP][PASSED] - selectOptionByIndex: All options with index in [2] are selected on object 'Object Repository/HealthpostToStore/Page_HealthPost Store/select_--Select--Schedule 1Inj'

2018-05-28 10:32:11 - [MESSAGE][PASSED] - All options with index in [2] are selected on object 'Object Repository/HealthpostToStore/Page_HealthPost Store/select_--Select--Schedule 1Inj'

2018-05-28 10:32:11 - [TEST_STEP][PASSED] - selectOptionByIndex: All options with index in [35] are selected on object 'Object Repository/HealthpostToStore/Page_HealthPost Store/select_--Select--Adernaline 0.'

2018-05-28 10:32:11 - [MESSAGE][PASSED] - All options with index in [35] are selected on object 'Object Repository/HealthpostToStore/Page_HealthPost Store/select_--Select--Adernaline 0.'

2018-05-28 10:32:11 - [TEST_STEP][PASSED] - setText: Text '10' is set on object 'Object Repository/HealthpostToStore/Page_HealthPost Store/input_txttreat'

2018-05-28 10:32:11 - [MESSAGE][PASSED] - Text '10' is set on object 'Object Repository/HealthpostToStore/Page_HealthPost Store/input_txttreat'

2018-05-28 10:32:11 - [TEST_STEP][PASSED] - click: Object: 'Object Repository/HealthpostToStore/Page_HealthPost Store/button_Add' is clicked on

2018-05-28 10:32:11 - [MESSAGE][PASSED] - Object: 'Object Repository/HealthpostToStore/Page_HealthPost Store/button_Add' is clicked on

2018-05-28 10:32:11 - [TEST_STEP][PASSED] - selectOptionByIndex: All options with index in [2] are selected on object 'Object Repository/HealthpostToStore/Page_HealthPost Store/select_--Select--Schedule 1Inj'

2018-05-28 10:32:11 - [MESSAGE][PASSED] - All options with index in [2] are selected on object 'Object Repository/HealthpostToStore/Page_HealthPost Store/select_--Select--Schedule 1Inj'

2018-05-28 10:32:11 - [TEST_STEP][PASSED] - selectOptionByIndex: All options with index in [36] are selected on object 'Object Repository/HealthpostToStore/Page_HealthPost Store/select_--Select--Adernaline 0.'

2018-05-28 10:32:12 - [MESSAGE][PASSED] - All options with index in [36] are selected on object 'Object Repository/HealthpostToStore/Page_HealthPost Store/select_--Select--Adernaline 0.'

2018-05-28 10:32:12 - [TEST_STEP][PASSED] - setText: Text '10' is set on object 'Object Repository/HealthpostToStore/Page_HealthPost Store/input_txttreat'

2018-05-28 10:32:12 - [MESSAGE][PASSED] - Text '10' is set on object 'Object Repository/HealthpostToStore/Page_HealthPost Store/input_txttreat'

2018-05-28 10:32:12 - [TEST_STEP][PASSED] - click: Object: 'Object Repository/HealthpostToStore/Page_HealthPost Store/button_Add' is clicked on

2018-05-28 10:32:12 - [MESSAGE][PASSED] - Object: 'Object Repository/HealthpostToStore/Page_HealthPost Store/button_Add' is clicked on

2018-05-28 10:32:12 - [TEST_STEP][PASSED] - selectOptionByIndex: All options with index in [2] are selected on object 'Object Repository/HealthpostToStore/Page_HealthPost Store/select_--Select--Schedule 1Inj'

2018-05-28 10:32:12 - [MESSAGE][PASSED] - All options with index in [2] are selected on object 'Object Repository/HealthpostToStore/Page_HealthPost Store/select_--Select--Schedule 1Inj'

2018-05-28 10:32:12 - [TEST_STEP][PASSED] - selectOptionByIndex: All options with index in [37] are selected on object 'Object Repository/HealthpostToStore/Page_HealthPost Store/select_--Select--Adernaline 0.'

2018-05-28 10:32:12 - [MESSAGE][PASSED] - All options with index in [37] are selected on object 'Object Repository/HealthpostToStore/Page_HealthPost Store/select_--Select--Adernaline 0.'

2018-05-28 10:32:12 - [TEST_STEP][PASSED] - setText: Text '10' is set on object 'Object Repository/HealthpostToStore/Page_HealthPost Store/input_txttreat'

2018-05-28 10:32:13 - [MESSAGE][PASSED] - Text '10' is set on object 'Object Repository/HealthpostToStore/Page_HealthPost Store/input_txttreat'

2018-05-28 10:32:13 - [TEST_STEP][PASSED] - click: Object: 'Object Repository/HealthpostToStore/Page_HealthPost Store/button_Add' is clicked on

2018-05-28 10:32:13 - [MESSAGE][PASSED] - Object: 'Object Repository/HealthpostToStore/Page_HealthPost Store/button_Add' is clicked on

2018-05-28 10:32:13 - [TEST_STEP][PASSED] - selectOptionByIndex: All options with index in [2] are selected on object 'Object Repository/HealthpostToStore/Page_HealthPost Store/select_--Select--Schedule 1Inj'

2018-05-28 10:32:13 - [MESSAGE][PASSED] - All options with index in [2] are selected on object 'Object Repository/HealthpostToStore/Page_HealthPost Store/select_--Select--Schedule 1Inj'

2018-05-28 10:32:13 - [TEST_STEP][PASSED] - selectOptionByIndex: All options with index in [38] are selected on object 'Object Repository/HealthpostToStore/Page_HealthPost Store/select_--Select--Adernaline 0.'

2018-05-28 10:32:13 - [MESSAGE][PASSED] - All options with index in [38] are selected on object 'Object Repository/HealthpostToStore/Page_HealthPost Store/select_--Select--Adernaline 0.'

2018-05-28 10:32:13 - [TEST_STEP][PASSED] - setText: Text '10' is set on object 'Object Repository/HealthpostToStore/Page_HealthPost Store/input_txttreat'

2018-05-28 10:32:13 - [MESSAGE][PASSED] - Text '10' is set on object 'Object Repository/HealthpostToStore/Page_HealthPost Store/input_txttreat'

2018-05-28 10:32:13 - [TEST_STEP][PASSED] - click: Object: 'Object Repository/HealthpostToStore/Page_HealthPost Store/button_Add' is clicked on

2018-05-28 10:32:13 - [MESSAGE][PASSED] - Object: 'Object Repository/HealthpostToStore/Page_HealthPost Store/button_Add' is clicked on

2018-05-28 10:32:13 - [TEST_STEP][PASSED] - selectOptionByIndex: All options with index in [2] are selected on object 'Object Repository/HealthpostToStore/Page_HealthPost Store/select_--Select--Schedule 1Inj'

2018-05-28 10:32:14 - [MESSAGE][PASSED] - All options with index in [2] are selected on object 'Object Repository/HealthpostToStore/Page_HealthPost Store/select_--Select--Schedule 1Inj'

2018-05-28 10:32:14 - [TEST_STEP][PASSED] - selectOptionByIndex: All options with index in [39] are selected on object 'Object Repository/HealthpostToStore/Page_HealthPost Store/select_--Select--Adernaline 0.'

2018-05-28 10:32:14 - [MESSAGE][PASSED] - All options with index in [39] are selected on object 'Object Repository/HealthpostToStore/Page_HealthPost Store/select_--Select--Adernaline 0.'

2018-05-28 10:32:14 - [TEST_STEP][PASSED] - setText: Text '10' is set on object 'Object Repository/HealthpostToStore/Page_HealthPost Store/input_txttreat'

2018-05-28 10:32:14 - [MESSAGE][PASSED] - Text '10' is set on object 'Object Repository/HealthpostToStore/Page_HealthPost Store/input_txttreat'

2018-05-28 10:32:14 - [TEST_STEP][PASSED] - click: Object: 'Object Repository/HealthpostToStore/Page_HealthPost Store/button_Add' is clicked on

2018-05-28 10:32:14 - [MESSAGE][PASSED] - Object: 'Object Repository/HealthpostToStore/Page_HealthPost Store/button_Add' is clicked on

2018-05-28 10:32:14 - [TEST_STEP][PASSED] - selectOptionByIndex: All options with index in [2] are selected on object 'Object Repository/HealthpostToStore/Page_HealthPost Store/select_--Select--Schedule 1Inj'

2018-05-28 10:32:14 - [MESSAGE][PASSED] - All options with index in [2] are selected on object 'Object Repository/HealthpostToStore/Page_HealthPost Store/select_--Select--Schedule 1Inj'

2018-05-28 10:32:14 - [TEST_STEP][PASSED] - selectOptionByIndex: All options with index in [40] are selected on object 'Object Repository/HealthpostToStore/Page_HealthPost Store/select_--Select--Adernaline 0.'

2018-05-28 10:32:15 - [MESSAGE][PASSED] - All options with index in [40] are selected on object 'Object Repository/HealthpostToStore/Page_HealthPost Store/select_--Select--Adernaline 0.'

2018-05-28 10:32:15 - [TEST_STEP][PASSED] - setText: Text '10' is set on object 'Object Repository/HealthpostToStore/Page_HealthPost Store/input_txttreat'

2018-05-28 10:32:15 - [MESSAGE][PASSED] - Text '10' is set on object 'Object Repository/HealthpostToStore/Page_HealthPost Store/input_txttreat'

2018-05-28 10:32:15 - [TEST_STEP][PASSED] - click: Object: 'Object Repository/HealthpostToStore/Page_HealthPost Store/button_Add' is clicked on

2018-05-28 10:32:15 - [MESSAGE][PASSED] - Object: 'Object Repository/HealthpostToStore/Page_HealthPost Store/button_Add' is clicked on

2018-05-28 10:32:15 - [TEST_STEP][PASSED] - selectOptionByIndex: All options with index in [2] are selected on object 'Object Repository/HealthpostToStore/Page_HealthPost Store/select_--Select--Schedule 1Inj'

2018-05-28 10:32:15 - [MESSAGE][PASSED] - All options with index in [2] are selected on object 'Object Repository/HealthpostToStore/Page_HealthPost Store/select_--Select--Schedule 1Inj'

2018-05-28 10:32:15 - [TEST_STEP][PASSED] - selectOptionByIndex: All options with index in [41] are selected on object 'Object Repository/HealthpostToStore/Page_HealthPost Store/select_--Select--Adernaline 0.'

2018-05-28 10:32:16 - [MESSAGE][PASSED] - All options with index in [41] are selected on object 'Object Repository/HealthpostToStore/Page_HealthPost Store/select_--Select--Adernaline 0.'

2018-05-28 10:32:16 - [TEST_STEP][PASSED] - setText: Text '10' is set on object 'Object Repository/HealthpostToStore/Page_HealthPost Store/input_txttreat'

2018-05-28 10:32:16 - [MESSAGE][PASSED] - Text '10' is set on object 'Object Repository/HealthpostToStore/Page_HealthPost Store/input_txttreat'

2018-05-28 10:32:16 - [TEST_STEP][PASSED] - click: Object: 'Object Repository/HealthpostToStore/Page_HealthPost Store/button_Add' is clicked on

2018-05-28 10:32:16 - [MESSAGE][PASSED] - Object: 'Object Repository/HealthpostToStore/Page_HealthPost Store/button_Add' is clicked on

2018-05-28 10:32:16 - [TEST_STEP][PASSED] - selectOptionByIndex: All options with index in [2] are selected on object 'Object Repository/HealthpostToStore/Page_HealthPost Store/select_--Select--Schedule 1Inj'

2018-05-28 10:32:16 - [MESSAGE][PASSED] - All options with index in [2] are selected on object 'Object Repository/HealthpostToStore/Page_HealthPost Store/select_--Select--Schedule 1Inj'

2018-05-28 10:32:16 - [TEST_STEP][PASSED] - selectOptionByIndex: All options with index in [42] are selected on object 'Object Repository/HealthpostToStore/Page_HealthPost Store/select_--Select--Adernaline 0.'

2018-05-28 10:32:17 - [MESSAGE][PASSED] - All options with index in [42] are selected on object 'Object Repository/HealthpostToStore/Page_HealthPost Store/select_--Select--Adernaline 0.'

2018-05-28 10:32:17 - [TEST_STEP][PASSED] - setText: Text '10' is set on object 'Object Repository/HealthpostToStore/Page_HealthPost Store/input_txttreat'

2018-05-28 10:32:17 - [MESSAGE][PASSED] - Text '10' is set on object 'Object Repository/HealthpostToStore/Page_HealthPost Store/input_txttreat'

2018-05-28 10:32:17 - [TEST_STEP][PASSED] - click: Object: 'Object Repository/HealthpostToStore/Page_HealthPost Store/button_Add' is clicked on

2018-05-28 10:32:17 - [MESSAGE][PASSED] - Object: 'Object Repository/HealthpostToStore/Page_HealthPost Store/button_Add' is clicked on

2018-05-28 10:32:17 - [TEST_STEP][PASSED] - selectOptionByIndex: All options with index in [2] are selected on object 'Object Repository/HealthpostToStore/Page_HealthPost Store/select_--Select--Schedule 1Inj'

2018-05-28 10:32:17 - [MESSAGE][PASSED] - All options with index in [2] are selected on object 'Object Repository/HealthpostToStore/Page_HealthPost Store/select_--Select--Schedule 1Inj'

2018-05-28 10:32:17 - [TEST_STEP][PASSED] - selectOptionByIndex: All options with index in [43] are selected on object 'Object Repository/HealthpostToStore/Page_HealthPost Store/select_--Select--Adernaline 0.'

2018-05-28 10:32:17 - [MESSAGE][PASSED] - All options with index in [43] are selected on object 'Object Repository/HealthpostToStore/Page_HealthPost Store/select_--Select--Adernaline 0.'

2018-05-28 10:32:17 - [TEST_STEP][PASSED] - setText: Text '10' is set on object 'Object Repository/HealthpostToStore/Page_HealthPost Store/input_txttreat'

2018-05-28 10:32:17 - [MESSAGE][PASSED] - Text '10' is set on object 'Object Repository/HealthpostToStore/Page_HealthPost Store/input_txttreat'

2018-05-28 10:32:17 - [TEST_STEP][PASSED] - click: Object: 'Object Repository/HealthpostToStore/Page_HealthPost Store/button_Add' is clicked on

2018-05-28 10:32:17 - [MESSAGE][PASSED] - Object: 'Object Repository/HealthpostToStore/Page_HealthPost Store/button_Add' is clicked on

2018-05-28 10:32:17 - [TEST_STEP][PASSED] - selectOptionByIndex: All options with index in [2] are selected on object 'Object Repository/HealthpostToStore/Page_HealthPost Store/select_--Select--Schedule 1Inj'

2018-05-28 10:32:18 - [MESSAGE][PASSED] - All options with index in [2] are selected on object 'Object Repository/HealthpostToStore/Page_HealthPost Store/select_--Select--Schedule 1Inj'

2018-05-28 10:32:18 - [TEST_STEP][PASSED] - selectOptionByIndex: All options with index in [44] are selected on object 'Object Repository/HealthpostToStore/Page_HealthPost Store/select_--Select--Adernaline 0.'

2018-05-28 10:32:18 - [MESSAGE][PASSED] - All options with index in [44] are selected on object 'Object Repository/HealthpostToStore/Page_HealthPost Store/select_--Select--Adernaline 0.'

2018-05-28 10:32:18 - [TEST_STEP][PASSED] - setText: Text '10' is set on object 'Object Repository/HealthpostToStore/Page_HealthPost Store/input_txttreat'

2018-05-28 10:32:18 - [MESSAGE][PASSED] - Text '10' is set on object 'Object Repository/HealthpostToStore/Page_HealthPost Store/input_txttreat'

2018-05-28 10:32:18 - [TEST_STEP][PASSED] - click: Object: 'Object Repository/HealthpostToStore/Page_HealthPost Store/button_Add' is clicked on

2018-05-28 10:32:18 - [MESSAGE][PASSED] - Object: 'Object Repository/HealthpostToStore/Page_HealthPost Store/button_Add' is clicked on

2018-05-28 10:32:18 - [TEST_STEP][PASSED] - selectOptionByIndex: All options with index in [2] are selected on object 'Object Repository/HealthpostToStore/Page_HealthPost Store/select_--Select--Schedule 1Inj'

2018-05-28 10:32:18 - [MESSAGE][PASSED] - All options with index in [2] are selected on object 'Object Repository/HealthpostToStore/Page_HealthPost Store/select_--Select--Schedule 1Inj'

2018-05-28 10:32:18 - [TEST_STEP][PASSED] - selectOptionByIndex: All options with index in [45] are selected on object 'Object Repository/HealthpostToStore/Page_HealthPost Store/select_--Select--Adernaline 0.'

2018-05-28 10:32:19 - [MESSAGE][PASSED] - All options with index in [45] are selected on object 'Object Repository/HealthpostToStore/Page_HealthPost Store/select_--Select--Adernaline 0.'

2018-05-28 10:32:19 - [TEST_STEP][PASSED] - setText: Text '10' is set on object 'Object Repository/HealthpostToStore/Page_HealthPost Store/input_txttreat'

2018-05-28 10:32:19 - [MESSAGE][PASSED] - Text '10' is set on object 'Object Repository/HealthpostToStore/Page_HealthPost Store/input_txttreat'

2018-05-28 10:32:19 - [TEST_STEP][PASSED] - click: Object: 'Object Repository/HealthpostToStore/Page_HealthPost Store/button_Add' is clicked on

2018-05-28 10:32:19 - [MESSAGE][PASSED] - Object: 'Object Repository/HealthpostToStore/Page_HealthPost Store/button_Add' is clicked on

2018-05-28 10:32:19 - [TEST_STEP][PASSED] - selectOptionByIndex: All options with index in [2] are selected on object 'Object Repository/HealthpostToStore/Page_HealthPost Store/select_--Select--Schedule 1Inj'

2018-05-28 10:32:19 - [MESSAGE][PASSED] - All options with index in [2] are selected on object 'Object Repository/HealthpostToStore/Page_HealthPost Store/select_--Select--Schedule 1Inj'

2018-05-28 10:32:19 - [TEST_STEP][PASSED] - selectOptionByIndex: All options with index in [46] are selected on object 'Object Repository/HealthpostToStore/Page_HealthPost Store/select_--Select--Adernaline 0.'

2018-05-28 10:32:20 - [MESSAGE][PASSED] - All options with index in [46] are selected on object 'Object Repository/HealthpostToStore/Page_HealthPost Store/select_--Select--Adernaline 0.'

2018-05-28 10:32:20 - [TEST_STEP][PASSED] - setText: Text '10' is set on object 'Object Repository/HealthpostToStore/Page_HealthPost Store/input_txttreat'

2018-05-28 10:32:20 - [MESSAGE][PASSED] - Text '10' is set on object 'Object Repository/HealthpostToStore/Page_HealthPost Store/input_txttreat'

2018-05-28 10:32:20 - [TEST_STEP][PASSED] - click: Object: 'Object Repository/HealthpostToStore/Page_HealthPost Store/button_Add' is clicked on

2018-05-28 10:32:20 - [MESSAGE][PASSED] - Object: 'Object Repository/HealthpostToStore/Page_HealthPost Store/button_Add' is clicked on

2018-05-28 10:32:20 - [TEST_STEP][PASSED] - selectOptionByIndex: All options with index in [2] are selected on object 'Object Repository/HealthpostToStore/Page_HealthPost Store/select_--Select--Schedule 1Inj'

2018-05-28 10:32:20 - [MESSAGE][PASSED] - All options with index in [2] are selected on object 'Object Repository/HealthpostToStore/Page_HealthPost Store/select_--Select--Schedule 1Inj'

2018-05-28 10:32:20 - [TEST_STEP][PASSED] - selectOptionByIndex: All options with index in [47] are selected on object 'Object Repository/HealthpostToStore/Page_HealthPost Store/select_--Select--Adernaline 0.'

2018-05-28 10:32:21 - [MESSAGE][PASSED] - All options with index in [47] are selected on object 'Object Repository/HealthpostToStore/Page_HealthPost Store/select_--Select--Adernaline 0.'

2018-05-28 10:32:21 - [TEST_STEP][PASSED] - setText: Text '10' is set on object 'Object Repository/HealthpostToStore/Page_HealthPost Store/input_txttreat'

2018-05-28 10:32:21 - [MESSAGE][PASSED] - Text '10' is set on object 'Object Repository/HealthpostToStore/Page_HealthPost Store/input_txttreat'

2018-05-28 10:32:21 - [TEST_STEP][PASSED] - click: Object: 'Object Repository/HealthpostToStore/Page_HealthPost Store/button_Add' is clicked on

2018-05-28 10:32:21 - [MESSAGE][PASSED] - Object: 'Object Repository/HealthpostToStore/Page_HealthPost Store/button_Add' is clicked on

2018-05-28 10:32:21 - [TEST_STEP][PASSED] - selectOptionByIndex: All options with index in [2] are selected on object 'Object Repository/HealthpostToStore/Page_HealthPost Store/select_--Select--Schedule 1Inj'

2018-05-28 10:32:21 - [MESSAGE][PASSED] - All options with index in [2] are selected on object 'Object Repository/HealthpostToStore/Page_HealthPost Store/select_--Select--Schedule 1Inj'

2018-05-28 10:32:21 - [TEST_STEP][PASSED] - selectOptionByIndex: All options with index in [48] are selected on object 'Object Repository/HealthpostToStore/Page_HealthPost Store/select_--Select--Adernaline 0.'

2018-05-28 10:32:22 - [MESSAGE][PASSED] - All options with index in [48] are selected on object 'Object Repository/HealthpostToStore/Page_HealthPost Store/select_--Select--Adernaline 0.'

2018-05-28 10:32:22 - [TEST_STEP][PASSED] - setText: Text '10' is set on object 'Object Repository/HealthpostToStore/Page_HealthPost Store/input_txttreat'

2018-05-28 10:32:22 - [MESSAGE][PASSED] - Text '10' is set on object 'Object Repository/HealthpostToStore/Page_HealthPost Store/input_txttreat'

2018-05-28 10:32:22 - [TEST_STEP][PASSED] - click: Object: 'Object Repository/HealthpostToStore/Page_HealthPost Store/button_Add' is clicked on

2018-05-28 10:32:22 - [MESSAGE][PASSED] - Object: 'Object Repository/HealthpostToStore/Page_HealthPost Store/button_Add' is clicked on

2018-05-28 10:32:22 - [TEST_STEP][PASSED] - selectOptionByIndex: All options with index in [2] are selected on object 'Object Repository/HealthpostToStore/Page_HealthPost Store/select_--Select--Schedule 1Inj'

2018-05-28 10:32:22 - [MESSAGE][PASSED] - All options with index in [2] are selected on object 'Object Repository/HealthpostToStore/Page_HealthPost Store/select_--Select--Schedule 1Inj'

2018-05-28 10:32:22 - [TEST_STEP][PASSED] - selectOptionByIndex: All options with index in [49] are selected on object 'Object Repository/HealthpostToStore/Page_HealthPost Store/select_--Select--Adernaline 0.'

2018-05-28 10:32:23 - [MESSAGE][PASSED] - All options with index in [49] are selected on object 'Object Repository/HealthpostToStore/Page_HealthPost Store/select_--Select--Adernaline 0.'

2018-05-28 10:32:23 - [TEST_STEP][PASSED] - setText: Text '10' is set on object 'Object Repository/HealthpostToStore/Page_HealthPost Store/input_txttreat'

2018-05-28 10:32:23 - [MESSAGE][PASSED] - Text '10' is set on object 'Object Repository/HealthpostToStore/Page_HealthPost Store/input_txttreat'

2018-05-28 10:32:23 - [TEST_STEP][PASSED] - click: Object: 'Object Repository/HealthpostToStore/Page_HealthPost Store/button_Add' is clicked on

2018-05-28 10:32:23 - [MESSAGE][PASSED] - Object: 'Object Repository/HealthpostToStore/Page_HealthPost Store/button_Add' is clicked on

2018-05-28 10:32:23 - [TEST_STEP][PASSED] - selectOptionByIndex: All options with index in [2] are selected on object 'Object Repository/HealthpostToStore/Page_HealthPost Store/select_--Select--Schedule 1Inj'

2018-05-28 10:32:23 - [MESSAGE][PASSED] - All options with index in [2] are selected on object 'Object Repository/HealthpostToStore/Page_HealthPost Store/select_--Select--Schedule 1Inj'

2018-05-28 10:32:23 - [TEST_STEP][PASSED] - selectOptionByIndex: All options with index in [50] are selected on object 'Object Repository/HealthpostToStore/Page_HealthPost Store/select_--Select--Adernaline 0.'

2018-05-28 10:32:24 - [MESSAGE][PASSED] - All options with index in [50] are selected on object 'Object Repository/HealthpostToStore/Page_HealthPost Store/select_--Select--Adernaline 0.'

2018-05-28 10:32:24 - [TEST_STEP][PASSED] - setText: Text '10' is set on object 'Object Repository/HealthpostToStore/Page_HealthPost Store/input_txttreat'

2018-05-28 10:32:24 - [MESSAGE][PASSED] - Text '10' is set on object 'Object Repository/HealthpostToStore/Page_HealthPost Store/input_txttreat'

2018-05-28 10:32:24 - [TEST_STEP][PASSED] - click: Object: 'Object Repository/HealthpostToStore/Page_HealthPost Store/button_Add' is clicked on

2018-05-28 10:32:24 - [MESSAGE][PASSED] - Object: 'Object Repository/HealthpostToStore/Page_HealthPost Store/button_Add' is clicked on

2018-05-28 10:32:24 - [TEST_STEP][PASSED] - selectOptionByIndex: All options with index in [2] are selected on object 'Object Repository/HealthpostToStore/Page_HealthPost Store/select_--Select--Schedule 1Inj'

2018-05-28 10:32:24 - [MESSAGE][PASSED] - All options with index in [2] are selected on object 'Object Repository/HealthpostToStore/Page_HealthPost Store/select_--Select--Schedule 1Inj'

2018-05-28 10:32:24 - [TEST_STEP][PASSED] - selectOptionByIndex: All options with index in [51] are selected on object 'Object Repository/HealthpostToStore/Page_HealthPost Store/select_--Select--Adernaline 0.'

2018-05-28 10:32:25 - [MESSAGE][PASSED] - All options with index in [51] are selected on object 'Object Repository/HealthpostToStore/Page_HealthPost Store/select_--Select--Adernaline 0.'

2018-05-28 10:32:25 - [TEST_STEP][PASSED] - setText: Text '10' is set on object 'Object Repository/HealthpostToStore/Page_HealthPost Store/input_txttreat'

2018-05-28 10:32:25 - [MESSAGE][PASSED] - Text '10' is set on object 'Object Repository/HealthpostToStore/Page_HealthPost Store/input_txttreat'

2018-05-28 10:32:25 - [TEST_STEP][PASSED] - click: Object: 'Object Repository/HealthpostToStore/Page_HealthPost Store/button_Add' is clicked on

2018-05-28 10:32:25 - [MESSAGE][PASSED] - Object: 'Object Repository/HealthpostToStore/Page_HealthPost Store/button_Add' is clicked on

2018-05-28 10:32:25 - [TEST_STEP][PASSED] - selectOptionByIndex: All options with index in [2] are selected on object 'Object Repository/HealthpostToStore/Page_HealthPost Store/select_--Select--Schedule 1Inj'

2018-05-28 10:32:25 - [MESSAGE][PASSED] - All options with index in [2] are selected on object 'Object Repository/HealthpostToStore/Page_HealthPost Store/select_--Select--Schedule 1Inj'

2018-05-28 10:32:25 - [TEST_STEP][PASSED] - selectOptionByIndex: All options with index in [52] are selected on object 'Object Repository/HealthpostToStore/Page_HealthPost Store/select_--Select--Adernaline 0.'

2018-05-28 10:32:26 - [MESSAGE][PASSED] - All options with index in [52] are selected on object 'Object Repository/HealthpostToStore/Page_HealthPost Store/select_--Select--Adernaline 0.'

2018-05-28 10:32:26 - [TEST_STEP][PASSED] - setText: Text '10' is set on object 'Object Repository/HealthpostToStore/Page_HealthPost Store/input_txttreat'

2018-05-28 10:32:26 - [MESSAGE][PASSED] - Text '10' is set on object 'Object Repository/HealthpostToStore/Page_HealthPost Store/input_txttreat'

2018-05-28 10:32:26 - [TEST_STEP][PASSED] - click: Object: 'Object Repository/HealthpostToStore/Page_HealthPost Store/button_Add' is clicked on

2018-05-28 10:32:26 - [MESSAGE][PASSED] - Object: 'Object Repository/HealthpostToStore/Page_HealthPost Store/button_Add' is clicked on

2018-05-28 10:32:26 - [TEST_STEP][PASSED] - selectOptionByIndex: All options with index in [2] are selected on object 'Object Repository/HealthpostToStore/Page_HealthPost Store/select_--Select--Schedule 1Inj'

2018-05-28 10:32:26 - [MESSAGE][PASSED] - All options with index in [2] are selected on object 'Object Repository/HealthpostToStore/Page_HealthPost Store/select_--Select--Schedule 1Inj'

2018-05-28 10:32:26 - [TEST_STEP][PASSED] - selectOptionByIndex: All options with index in [53] are selected on object 'Object Repository/HealthpostToStore/Page_HealthPost Store/select_--Select--Adernaline 0.'

2018-05-28 10:32:26 - [MESSAGE][PASSED] - All options with index in [53] are selected on object 'Object Repository/HealthpostToStore/Page_HealthPost Store/select_--Select--Adernaline 0.'

2018-05-28 10:32:26 - [TEST_STEP][PASSED] - setText: Text '10' is set on object 'Object Repository/HealthpostToStore/Page_HealthPost Store/input_txttreat'

2018-05-28 10:32:26 - [MESSAGE][PASSED] - Text '10' is set on object 'Object Repository/HealthpostToStore/Page_HealthPost Store/input_txttreat'

2018-05-28 10:32:26 - [TEST_STEP][PASSED] - click: Object: 'Object Repository/HealthpostToStore/Page_HealthPost Store/button_Add' is clicked on

2018-05-28 10:32:27 - [MESSAGE][PASSED] - Object: 'Object Repository/HealthpostToStore/Page_HealthPost Store/button_Add' is clicked on

2018-05-28 10:32:27 - [TEST_STEP][PASSED] - selectOptionByIndex: All options with index in [2] are selected on object 'Object Repository/HealthpostToStore/Page_HealthPost Store/select_--Select--Schedule 1Inj'

2018-05-28 10:32:27 - [MESSAGE][PASSED] - All options with index in [2] are selected on object 'Object Repository/HealthpostToStore/Page_HealthPost Store/select_--Select--Schedule 1Inj'

2018-05-28 10:32:27 - [TEST_STEP][PASSED] - selectOptionByIndex: All options with index in [54] are selected on object 'Object Repository/HealthpostToStore/Page_HealthPost Store/select_--Select--Adernaline 0.'

2018-05-28 10:32:27 - [MESSAGE][PASSED] - All options with index in [54] are selected on object 'Object Repository/HealthpostToStore/Page_HealthPost Store/select_--Select--Adernaline 0.'

2018-05-28 10:32:27 - [TEST_STEP][PASSED] - setText: Text '10' is set on object 'Object Repository/HealthpostToStore/Page_HealthPost Store/input_txttreat'

2018-05-28 10:32:27 - [MESSAGE][PASSED] - Text '10' is set on object 'Object Repository/HealthpostToStore/Page_HealthPost Store/input_txttreat'

2018-05-28 10:32:27 - [TEST_STEP][PASSED] - click: Object: 'Object Repository/HealthpostToStore/Page_HealthPost Store/button_Add' is clicked on

2018-05-28 10:32:28 - [MESSAGE][PASSED] - Object: 'Object Repository/HealthpostToStore/Page_HealthPost Store/button_Add' is clicked on

2018-05-28 10:32:28 - [TEST_STEP][PASSED] - selectOptionByIndex: All options with index in [2] are selected on object 'Object Repository/HealthpostToStore/Page_HealthPost Store/select_--Select--Schedule 1Inj'

2018-05-28 10:32:28 - [MESSAGE][PASSED] - All options with index in [2] are selected on object 'Object Repository/HealthpostToStore/Page_HealthPost Store/select_--Select--Schedule 1Inj'

2018-05-28 10:32:28 - [TEST_STEP][PASSED] - selectOptionByIndex: All options with index in [55] are selected on object 'Object Repository/HealthpostToStore/Page_HealthPost Store/select_--Select--Adernaline 0.'

2018-05-28 10:32:28 - [MESSAGE][PASSED] - All options with index in [55] are selected on object 'Object Repository/HealthpostToStore/Page_HealthPost Store/select_--Select--Adernaline 0.'

2018-05-28 10:32:28 - [TEST_STEP][PASSED] - setText: Text '10' is set on object 'Object Repository/HealthpostToStore/Page_HealthPost Store/input_txttreat'

2018-05-28 10:32:28 - [MESSAGE][PASSED] - Text '10' is set on object 'Object Repository/HealthpostToStore/Page_HealthPost Store/input_txttreat'

2018-05-28 10:32:28 - [TEST_STEP][PASSED] - click: Object: 'Object Repository/HealthpostToStore/Page_HealthPost Store/button_Add' is clicked on

2018-05-28 10:32:29 - [MESSAGE][PASSED] - Object: 'Object Repository/HealthpostToStore/Page_HealthPost Store/button_Add' is clicked on

2018-05-28 10:32:29 - [TEST_STEP][PASSED] - selectOptionByIndex: All options with index in [2] are selected on object 'Object Repository/HealthpostToStore/Page_HealthPost Store/select_--Select--Schedule 1Inj'

2018-05-28 10:32:29 - [MESSAGE][PASSED] - All options with index in [2] are selected on object 'Object Repository/HealthpostToStore/Page_HealthPost Store/select_--Select--Schedule 1Inj'

2018-05-28 10:32:29 - [TEST_STEP][PASSED] - selectOptionByIndex: All options with index in [56] are selected on object 'Object Repository/HealthpostToStore/Page_HealthPost Store/select_--Select--Adernaline 0.'

2018-05-28 10:32:29 - [MESSAGE][PASSED] - All options with index in [56] are selected on object 'Object Repository/HealthpostToStore/Page_HealthPost Store/select_--Select--Adernaline 0.'

2018-05-28 10:32:29 - [TEST_STEP][PASSED] - setText: Text '10' is set on object 'Object Repository/HealthpostToStore/Page_HealthPost Store/input_txttreat'

2018-05-28 10:32:29 - [MESSAGE][PASSED] - Text '10' is set on object 'Object Repository/HealthpostToStore/Page_HealthPost Store/input_txttreat'

2018-05-28 10:32:29 - [TEST_STEP][PASSED] - click: Object: 'Object Repository/HealthpostToStore/Page_HealthPost Store/button_Add' is clicked on

2018-05-28 10:32:29 - [MESSAGE][PASSED] - Object: 'Object Repository/HealthpostToStore/Page_HealthPost Store/button_Add' is clicked on

2018-05-28 10:32:29 - [TEST_STEP][PASSED] - selectOptionByIndex: All options with index in [2] are selected on object 'Object Repository/HealthpostToStore/Page_HealthPost Store/select_--Select--Schedule 1Inj'

2018-05-28 10:32:30 - [MESSAGE][PASSED] - All options with index in [2] are selected on object 'Object Repository/HealthpostToStore/Page_HealthPost Store/select_--Select--Schedule 1Inj'

2018-05-28 10:32:30 - [TEST_STEP][PASSED] - selectOptionByIndex: All options with index in [57] are selected on object 'Object Repository/HealthpostToStore/Page_HealthPost Store/select_--Select--Adernaline 0.'

2018-05-28 10:32:30 - [MESSAGE][PASSED] - All options with index in [57] are selected on object 'Object Repository/HealthpostToStore/Page_HealthPost Store/select_--Select--Adernaline 0.'

2018-05-28 10:32:30 - [TEST_STEP][PASSED] - setText: Text '10' is set on object 'Object Repository/HealthpostToStore/Page_HealthPost Store/input_txttreat'

2018-05-28 10:32:30 - [MESSAGE][PASSED] - Text '10' is set on object 'Object Repository/HealthpostToStore/Page_HealthPost Store/input_txttreat'

2018-05-28 10:32:30 - [TEST_STEP][PASSED] - click: Object: 'Object Repository/HealthpostToStore/Page_HealthPost Store/button_Add' is clicked on

2018-05-28 10:32:30 - [MESSAGE][PASSED] - Object: 'Object Repository/HealthpostToStore/Page_HealthPost Store/button_Add' is clicked on

2018-05-28 10:32:30 - [TEST_STEP][PASSED] - selectOptionByIndex: All options with index in [2] are selected on object 'Object Repository/HealthpostToStore/Page_HealthPost Store/select_--Select--Schedule 1Inj'

2018-05-28 10:32:31 - [MESSAGE][PASSED] - All options with index in [2] are selected on object 'Object Repository/HealthpostToStore/Page_HealthPost Store/select_--Select--Schedule 1Inj'

2018-05-28 10:32:31 - [TEST_STEP][PASSED] - selectOptionByIndex: All options with index in [58] are selected on object 'Object Repository/HealthpostToStore/Page_HealthPost Store/select_--Select--Adernaline 0.'

2018-05-28 10:32:31 - [MESSAGE][PASSED] - All options with index in [58] are selected on object 'Object Repository/HealthpostToStore/Page_HealthPost Store/select_--Select--Adernaline 0.'

2018-05-28 10:32:31 - [TEST_STEP][PASSED] - setText: Text '10' is set on object 'Object Repository/HealthpostToStore/Page_HealthPost Store/input_txttreat'

2018-05-28 10:32:31 - [MESSAGE][PASSED] - Text '10' is set on object 'Object Repository/HealthpostToStore/Page_HealthPost Store/input_txttreat'

2018-05-28 10:32:31 - [TEST_STEP][PASSED] - click: Object: 'Object Repository/HealthpostToStore/Page_HealthPost Store/button_Add' is clicked on

2018-05-28 10:32:31 - [MESSAGE][PASSED] - Object: 'Object Repository/HealthpostToStore/Page_HealthPost Store/button_Add' is clicked on

2018-05-28 10:32:31 - [TEST_STEP][PASSED] - selectOptionByIndex: All options with index in [2] are selected on object 'Object Repository/HealthpostToStore/Page_HealthPost Store/select_--Select--Schedule 1Inj'

2018-05-28 10:32:31 - [MESSAGE][PASSED] - All options with index in [2] are selected on object 'Object Repository/HealthpostToStore/Page_HealthPost Store/select_--Select--Schedule 1Inj'

2018-05-28 10:32:31 - [TEST_STEP][PASSED] - selectOptionByIndex: All options with index in [59] are selected on object 'Object Repository/HealthpostToStore/Page_HealthPost Store/select_--Select--Adernaline 0.'

2018-05-28 10:32:32 - [MESSAGE][PASSED] - All options with index in [59] are selected on object 'Object Repository/HealthpostToStore/Page_HealthPost Store/select_--Select--Adernaline 0.'

2018-05-28 10:32:32 - [TEST_STEP][PASSED] - setText: Text '10' is set on object 'Object Repository/HealthpostToStore/Page_HealthPost Store/input_txttreat'

2018-05-28 10:32:32 - [MESSAGE][PASSED] - Text '10' is set on object 'Object Repository/HealthpostToStore/Page_HealthPost Store/input_txttreat'

2018-05-28 10:32:32 - [TEST_STEP][PASSED] - click: Object: 'Object Repository/HealthpostToStore/Page_HealthPost Store/button_Add' is clicked on

2018-05-28 10:32:32 - [MESSAGE][PASSED] - Object: 'Object Repository/HealthpostToStore/Page_HealthPost Store/button_Add' is clicked on

2018-05-28 10:32:32 - [TEST_STEP][PASSED] - selectOptionByIndex: All options with index in [2] are selected on object 'Object Repository/HealthpostToStore/Page_HealthPost Store/select_--Select--Schedule 1Inj'

2018-05-28 10:32:32 - [MESSAGE][PASSED] - All options with index in [2] are selected on object 'Object Repository/HealthpostToStore/Page_HealthPost Store/select_--Select--Schedule 1Inj'

2018-05-28 10:32:32 - [TEST_STEP][PASSED] - selectOptionByIndex: All options with index in [60] are selected on object 'Object Repository/HealthpostToStore/Page_HealthPost Store/select_--Select--Adernaline 0.'

2018-05-28 10:32:33 - [MESSAGE][PASSED] - All options with index in [60] are selected on object 'Object Repository/HealthpostToStore/Page_HealthPost Store/select_--Select--Adernaline 0.'

2018-05-28 10:32:33 - [TEST_STEP][PASSED] - setText: Text '10' is set on object 'Object Repository/HealthpostToStore/Page_HealthPost Store/input_txttreat'

2018-05-28 10:32:33 - [MESSAGE][PASSED] - Text '10' is set on object 'Object Repository/HealthpostToStore/Page_HealthPost Store/input_txttreat'

2018-05-28 10:32:33 - [TEST_STEP][PASSED] - click: Object: 'Object Repository/HealthpostToStore/Page_HealthPost Store/button_Add' is clicked on

2018-05-28 10:32:33 - [MESSAGE][PASSED] - Object: 'Object Repository/HealthpostToStore/Page_HealthPost Store/button_Add' is clicked on

2018-05-28 10:32:33 - [TEST_STEP][PASSED] - selectOptionByIndex: All options with index in [2] are selected on object 'Object Repository/HealthpostToStore/Page_HealthPost Store/select_--Select--Schedule 1Inj'

2018-05-28 10:32:33 - [MESSAGE][PASSED] - All options with index in [2] are selected on object 'Object Repository/HealthpostToStore/Page_HealthPost Store/select_--Select--Schedule 1Inj'

2018-05-28 10:32:33 - [TEST_STEP][PASSED] - selectOptionByIndex: All options with index in [61] are selected on object 'Object Repository/HealthpostToStore/Page_HealthPost Store/select_--Select--Adernaline 0.'

2018-05-28 10:32:34 - [MESSAGE][PASSED] - All options with index in [61] are selected on object 'Object Repository/HealthpostToStore/Page_HealthPost Store/select_--Select--Adernaline 0.'

2018-05-28 10:32:34 - [TEST_STEP][PASSED] - setText: Text '10' is set on object 'Object Repository/HealthpostToStore/Page_HealthPost Store/input_txttreat'

2018-05-28 10:32:34 - [MESSAGE][PASSED] - Text '10' is set on object 'Object Repository/HealthpostToStore/Page_HealthPost Store/input_txttreat'

2018-05-28 10:32:34 - [TEST_STEP][PASSED] - click: Object: 'Object Repository/HealthpostToStore/Page_HealthPost Store/button_Add' is clicked on

2018-05-28 10:32:34 - [MESSAGE][PASSED] - Object: 'Object Repository/HealthpostToStore/Page_HealthPost Store/button_Add' is clicked on

2018-05-28 10:32:34 - [TEST_STEP][PASSED] - selectOptionByIndex: All options with index in [2] are selected on object 'Object Repository/HealthpostToStore/Page_HealthPost Store/select_--Select--Schedule 1Inj'

2018-05-28 10:32:34 - [MESSAGE][PASSED] - All options with index in [2] are selected on object 'Object Repository/HealthpostToStore/Page_HealthPost Store/select_--Select--Schedule 1Inj'

2018-05-28 10:32:34 - [TEST_STEP][PASSED] - selectOptionByIndex: All options with index in [62] are selected on object 'Object Repository/HealthpostToStore/Page_HealthPost Store/select_--Select--Adernaline 0.'

2018-05-28 10:32:35 - [MESSAGE][PASSED] - All options with index in [62] are selected on object 'Object Repository/HealthpostToStore/Page_HealthPost Store/select_--Select--Adernaline 0.'

2018-05-28 10:32:35 - [TEST_STEP][PASSED] - setText: Text '10' is set on object 'Object Repository/HealthpostToStore/Page_HealthPost Store/input_txttreat'

2018-05-28 10:32:35 - [MESSAGE][PASSED] - Text '10' is set on object 'Object Repository/HealthpostToStore/Page_HealthPost Store/input_txttreat'

2018-05-28 10:32:35 - [TEST_STEP][PASSED] - click: Object: 'Object Repository/HealthpostToStore/Page_HealthPost Store/button_Add' is clicked on

2018-05-28 10:32:35 - [MESSAGE][PASSED] - Object: 'Object Repository/HealthpostToStore/Page_HealthPost Store/button_Add' is clicked on

2018-05-28 10:32:35 - [TEST_STEP][PASSED] - selectOptionByIndex: All options with index in [2] are selected on object 'Object Repository/HealthpostToStore/Page_HealthPost Store/select_--Select--Schedule 1Inj'

2018-05-28 10:32:35 - [MESSAGE][PASSED] - All options with index in [2] are selected on object 'Object Repository/HealthpostToStore/Page_HealthPost Store/select_--Select--Schedule 1Inj'

2018-05-28 10:32:35 - [TEST_STEP][PASSED] - selectOptionByIndex: All options with index in [63] are selected on object 'Object Repository/HealthpostToStore/Page_HealthPost Store/select_--Select--Adernaline 0.'

2018-05-28 10:32:36 - [MESSAGE][PASSED] - All options with index in [63] are selected on object 'Object Repository/HealthpostToStore/Page_HealthPost Store/select_--Select--Adernaline 0.'

2018-05-28 10:32:36 - [TEST_STEP][PASSED] - setText: Text '10' is set on object 'Object Repository/HealthpostToStore/Page_HealthPost Store/input_txttreat'

2018-05-28 10:32:36 - [MESSAGE][PASSED] - Text '10' is set on object 'Object Repository/HealthpostToStore/Page_HealthPost Store/input_txttreat'

2018-05-28 10:32:36 - [TEST_STEP][PASSED] - click: Object: 'Object Repository/HealthpostToStore/Page_HealthPost Store/button_Add' is clicked on

2018-05-28 10:32:36 - [MESSAGE][PASSED] - Object: 'Object Repository/HealthpostToStore/Page_HealthPost Store/button_Add' is clicked on

2018-05-28 10:32:36 - [TEST_STEP][PASSED] - selectOptionByIndex: All options with index in [2] are selected on object 'Object Repository/HealthpostToStore/Page_HealthPost Store/select_--Select--Schedule 1Inj'

2018-05-28 10:32:36 - [MESSAGE][PASSED] - All options with index in [2] are selected on object 'Object Repository/HealthpostToStore/Page_HealthPost Store/select_--Select--Schedule 1Inj'

2018-05-28 10:32:36 - [TEST_STEP][PASSED] - selectOptionByIndex: All options with index in [64] are selected on object 'Object Repository/HealthpostToStore/Page_HealthPost Store/select_--Select--Adernaline 0.'

2018-05-28 10:32:37 - [MESSAGE][PASSED] - All options with index in [64] are selected on object 'Object Repository/HealthpostToStore/Page_HealthPost Store/select_--Select--Adernaline 0.'

2018-05-28 10:32:37 - [TEST_STEP][PASSED] - setText: Text '10' is set on object 'Object Repository/HealthpostToStore/Page_HealthPost Store/input_txttreat'

2018-05-28 10:32:37 - [MESSAGE][PASSED] - Text '10' is set on object 'Object Repository/HealthpostToStore/Page_HealthPost Store/input_txttreat'

2018-05-28 10:32:37 - [TEST_STEP][PASSED] - click: Object: 'Object Repository/HealthpostToStore/Page_HealthPost Store/button_Add' is clicked on

2018-05-28 10:32:37 - [MESSAGE][PASSED] - Object: 'Object Repository/HealthpostToStore/Page_HealthPost Store/button_Add' is clicked on

2018-05-28 10:32:37 - [TEST_STEP][PASSED] - selectOptionByIndex: All options with index in [2] are selected on object 'Object Repository/HealthpostToStore/Page_HealthPost Store/select_--Select--Schedule 1Inj'

2018-05-28 10:32:37 - [MESSAGE][PASSED] - All options with index in [2] are selected on object 'Object Repository/HealthpostToStore/Page_HealthPost Store/select_--Select--Schedule 1Inj'

2018-05-28 10:32:37 - [TEST_STEP][PASSED] - selectOptionByIndex: All options with index in [65] are selected on object 'Object Repository/HealthpostToStore/Page_HealthPost Store/select_--Select--Adernaline 0.'

2018-05-28 10:32:38 - [MESSAGE][PASSED] - All options with index in [65] are selected on object 'Object Repository/HealthpostToStore/Page_HealthPost Store/select_--Select--Adernaline 0.'

2018-05-28 10:32:38 - [TEST_STEP][PASSED] - setText: Text '10' is set on object 'Object Repository/HealthpostToStore/Page_HealthPost Store/input_txttreat'

2018-05-28 10:32:38 - [MESSAGE][PASSED] - Text '10' is set on object 'Object Repository/HealthpostToStore/Page_HealthPost Store/input_txttreat'

2018-05-28 10:32:38 - [TEST_STEP][PASSED] - click: Object: 'Object Repository/HealthpostToStore/Page_HealthPost Store/button_Add' is clicked on

2018-05-28 10:32:38 - [MESSAGE][PASSED] - Object: 'Object Repository/HealthpostToStore/Page_HealthPost Store/button_Add' is clicked on

2018-05-28 10:32:38 - [TEST_STEP][PASSED] - selectOptionByIndex: All options with index in [2] are selected on object 'Object Repository/HealthpostToStore/Page_HealthPost Store/select_--Select--Schedule 1Inj'

2018-05-28 10:32:39 - [MESSAGE][PASSED] - All options with index in [2] are selected on object 'Object Repository/HealthpostToStore/Page_HealthPost Store/select_--Select--Schedule 1Inj'

2018-05-28 10:32:39 - [TEST_STEP][PASSED] - selectOptionByIndex: All options with index in [66] are selected on object 'Object Repository/HealthpostToStore/Page_HealthPost Store/select_--Select--Adernaline 0.'

2018-05-28 10:32:39 - [MESSAGE][PASSED] - All options with index in [66] are selected on object 'Object Repository/HealthpostToStore/Page_HealthPost Store/select_--Select--Adernaline 0.'

2018-05-28 10:32:39 - [TEST_STEP][PASSED] - setText: Text '10' is set on object 'Object Repository/HealthpostToStore/Page_HealthPost Store/input_txttreat'

2018-05-28 10:32:39 - [MESSAGE][PASSED] - Text '10' is set on object 'Object Repository/HealthpostToStore/Page_HealthPost Store/input_txttreat'

2018-05-28 10:32:39 - [TEST_STEP][PASSED] - click: Object: 'Object Repository/HealthpostToStore/Page_HealthPost Store/button_Add' is clicked on

2018-05-28 10:32:39 - [MESSAGE][PASSED] - Object: 'Object Repository/HealthpostToStore/Page_HealthPost Store/button_Add' is clicked on

2018-05-28 10:32:39 - [TEST_STEP][PASSED] - selectOptionByIndex: All options with index in [2] are selected on object 'Object Repository/HealthpostToStore/Page_HealthPost Store/select_--Select--Schedule 1Inj'

2018-05-28 10:32:40 - [MESSAGE][PASSED] - All options with index in [2] are selected on object 'Object Repository/HealthpostToStore/Page_HealthPost Store/select_--Select--Schedule 1Inj'

2018-05-28 10:32:40 - [TEST_STEP][PASSED] - selectOptionByIndex: All options with index in [67] are selected on object 'Object Repository/HealthpostToStore/Page_HealthPost Store/select_--Select--Adernaline 0.'

2018-05-28 10:32:40 - [MESSAGE][PASSED] - All options with index in [67] are selected on object 'Object Repository/HealthpostToStore/Page_HealthPost Store/select_--Select--Adernaline 0.'

2018-05-28 10:32:40 - [TEST_STEP][PASSED] - setText: Text '10' is set on object 'Object Repository/HealthpostToStore/Page_HealthPost Store/input_txttreat'

2018-05-28 10:32:40 - [MESSAGE][PASSED] - Text '10' is set on object 'Object Repository/HealthpostToStore/Page_HealthPost Store/input_txttreat'

2018-05-28 10:32:40 - [TEST_STEP][PASSED] - click: Object: 'Object Repository/HealthpostToStore/Page_HealthPost Store/button_Add' is clicked on

2018-05-28 10:32:40 - [MESSAGE][PASSED] - Object: 'Object Repository/HealthpostToStore/Page_HealthPost Store/button_Add' is clicked on

2018-05-28 10:32:40 - [TEST_STEP][PASSED] - selectOptionByIndex: All options with index in [2] are selected on object 'Object Repository/HealthpostToStore/Page_HealthPost Store/select_--Select--Schedule 1Inj'

2018-05-28 10:32:41 - [MESSAGE][PASSED] - All options with index in [2] are selected on object 'Object Repository/HealthpostToStore/Page_HealthPost Store/select_--Select--Schedule 1Inj'

2018-05-28 10:32:41 - [TEST_STEP][PASSED] - selectOptionByIndex: All options with index in [68] are selected on object 'Object Repository/HealthpostToStore/Page_HealthPost Store/select_--Select--Adernaline 0.'

2018-05-28 10:32:41 - [MESSAGE][PASSED] - All options with index in [68] are selected on object 'Object Repository/HealthpostToStore/Page_HealthPost Store/select_--Select--Adernaline 0.'

2018-05-28 10:32:41 - [TEST_STEP][PASSED] - setText: Text '10' is set on object 'Object Repository/HealthpostToStore/Page_HealthPost Store/input_txttreat'

2018-05-28 10:32:41 - [MESSAGE][PASSED] - Text '10' is set on object 'Object Repository/HealthpostToStore/Page_HealthPost Store/input_txttreat'

2018-05-28 10:32:41 - [TEST_STEP][PASSED] - click: Object: 'Object Repository/HealthpostToStore/Page_HealthPost Store/button_Add' is clicked on

2018-05-28 10:32:41 - [MESSAGE][PASSED] - Object: 'Object Repository/HealthpostToStore/Page_HealthPost Store/button_Add' is clicked on

2018-05-28 10:32:41 - [TEST_STEP][PASSED] - selectOptionByIndex: All options with index in [2] are selected on object 'Object Repository/HealthpostToStore/Page_HealthPost Store/select_--Select--Schedule 1Inj'

2018-05-28 10:32:42 - [MESSAGE][PASSED] - All options with index in [2] are selected on object 'Object Repository/HealthpostToStore/Page_HealthPost Store/select_--Select--Schedule 1Inj'

2018-05-28 10:32:42 - [TEST_STEP][PASSED] - selectOptionByIndex: All options with index in [69] are selected on object 'Object Repository/HealthpostToStore/Page_HealthPost Store/select_--Select--Adernaline 0.'

2018-05-28 10:32:42 - [MESSAGE][PASSED] - All options with index in [69] are selected on object 'Object Repository/HealthpostToStore/Page_HealthPost Store/select_--Select--Adernaline 0.'

2018-05-28 10:32:42 - [TEST_STEP][PASSED] - setText: Text '10' is set on object 'Object Repository/HealthpostToStore/Page_HealthPost Store/input_txttreat'

2018-05-28 10:32:42 - [MESSAGE][PASSED] - Text '10' is set on object 'Object Repository/HealthpostToStore/Page_HealthPost Store/input_txttreat'

2018-05-28 10:32:42 - [TEST_STEP][PASSED] - click: Object: 'Object Repository/HealthpostToStore/Page_HealthPost Store/button_Add' is clicked on

2018-05-28 10:32:43 - [MESSAGE][PASSED] - Object: 'Object Repository/HealthpostToStore/Page_HealthPost Store/button_Add' is clicked on

2018-05-28 10:32:43 - [TEST_STEP][PASSED] - selectOptionByIndex: All options with index in [2] are selected on object 'Object Repository/HealthpostToStore/Page_HealthPost Store/select_--Select--Schedule 1Inj'

2018-05-28 10:32:43 - [MESSAGE][PASSED] - All options with index in [2] are selected on object 'Object Repository/HealthpostToStore/Page_HealthPost Store/select_--Select--Schedule 1Inj'

2018-05-28 10:32:43 - [TEST_STEP][PASSED] - selectOptionByIndex: All options with index in [70] are selected on object 'Object Repository/HealthpostToStore/Page_HealthPost Store/select_--Select--Adernaline 0.'

2018-05-28 10:32:43 - [MESSAGE][PASSED] - All options with index in [70] are selected on object 'Object Repository/HealthpostToStore/Page_HealthPost Store/select_--Select--Adernaline 0.'

2018-05-28 10:32:43 - [TEST_STEP][PASSED] - setText: Text '10' is set on object 'Object Repository/HealthpostToStore/Page_HealthPost Store/input_txttreat'

2018-05-28 10:32:44 - [MESSAGE][PASSED] - Text '10' is set on object 'Object Repository/HealthpostToStore/Page_HealthPost Store/input_txttreat'

2018-05-28 10:32:44 - [TEST_STEP][PASSED] - click: Object: 'Object Repository/HealthpostToStore/Page_HealthPost Store/button_Add' is clicked on

2018-05-28 10:32:44 - [MESSAGE][PASSED] - Object: 'Object Repository/HealthpostToStore/Page_HealthPost Store/button_Add' is clicked on

2018-05-28 10:32:44 - [TEST_STEP][PASSED] - selectOptionByIndex: All options with index in [2] are selected on object 'Object Repository/HealthpostToStore/Page_HealthPost Store/select_--Select--Schedule 1Inj'

2018-05-28 10:32:44 - [MESSAGE][PASSED] - All options with index in [2] are selected on object 'Object Repository/HealthpostToStore/Page_HealthPost Store/select_--Select--Schedule 1Inj'

2018-05-28 10:32:44 - [TEST_STEP][PASSED] - selectOptionByIndex: All options with index in [71] are selected on object 'Object Repository/HealthpostToStore/Page_HealthPost Store/select_--Select--Adernaline 0.'

2018-05-28 10:32:45 - [MESSAGE][PASSED] - All options with index in [71] are selected on object 'Object Repository/HealthpostToStore/Page_HealthPost Store/select_--Select--Adernaline 0.'

2018-05-28 10:32:45 - [TEST_STEP][PASSED] - setText: Text '10' is set on object 'Object Repository/HealthpostToStore/Page_HealthPost Store/input_txttreat'

2018-05-28 10:32:45 - [MESSAGE][PASSED] - Text '10' is set on object 'Object Repository/HealthpostToStore/Page_HealthPost Store/input_txttreat'

2018-05-28 10:32:45 - [TEST_STEP][PASSED] - click: Object: 'Object Repository/HealthpostToStore/Page_HealthPost Store/button_Add' is clicked on

2018-05-28 10:32:45 - [MESSAGE][PASSED] - Object: 'Object Repository/HealthpostToStore/Page_HealthPost Store/button_Add' is clicked on

2018-05-28 10:32:45 - [TEST_STEP][PASSED] - selectOptionByIndex: All options with index in [2] are selected on object 'Object Repository/HealthpostToStore/Page_HealthPost Store/select_--Select--Schedule 1Inj'

2018-05-28 10:32:45 - [MESSAGE][PASSED] - All options with index in [2] are selected on object 'Object Repository/HealthpostToStore/Page_HealthPost Store/select_--Select--Schedule 1Inj'

2018-05-28 10:32:45 - [TEST_STEP][PASSED] - selectOptionByIndex: All options with index in [72] are selected on object 'Object Repository/HealthpostToStore/Page_HealthPost Store/select_--Select--Adernaline 0.'

2018-05-28 10:32:46 - [MESSAGE][PASSED] - All options with index in [72] are selected on object 'Object Repository/HealthpostToStore/Page_HealthPost Store/select_--Select--Adernaline 0.'

2018-05-28 10:32:46 - [TEST_STEP][PASSED] - setText: Text '10' is set on object 'Object Repository/HealthpostToStore/Page_HealthPost Store/input_txttreat'

2018-05-28 10:32:46 - [MESSAGE][PASSED] - Text '10' is set on object 'Object Repository/HealthpostToStore/Page_HealthPost Store/input_txttreat'

2018-05-28 10:32:46 - [TEST_STEP][PASSED] - click: Object: 'Object Repository/HealthpostToStore/Page_HealthPost Store/button_Add' is clicked on

2018-05-28 10:32:46 - [MESSAGE][PASSED] - Object: 'Object Repository/HealthpostToStore/Page_HealthPost Store/button_Add' is clicked on

2018-05-28 10:32:46 - [TEST_STEP][PASSED] - scrollToElement: Scroll to object 'Object Repository/HealthpostToStore/Page_HealthPost Store/input_btnsave' successfully

2018-05-28 10:32:46 - [MESSAGE][PASSED] - Scroll to object 'Object Repository/HealthpostToStore/Page_HealthPost Store/input_btnsave' successfully

2018-05-28 10:32:46 - [TEST_STEP][PASSED] - click: Object: 'Object Repository/HealthpostToStore/Page_HealthPost Store/input_btnsave' is clicked on

2018-05-28 10:32:46 - [MESSAGE][PASSED] - Object: 'Object Repository/HealthpostToStore/Page_HealthPost Store/input_btnsave' is clicked on

2018-05-28 10:32:46 - [TEST_STEP][PASSED] - delay: Delayed 3 second(s)

2018-05-28 10:32:49 - [MESSAGE][PASSED] - Delayed 3 second(s)

2018-05-28 10:32:49 - [TEST_STEP][PASSED] - Statement - RN1 = com.kms.katalon.core.webui.keyword.WebUiBuiltInKeywords.getText(com.kms.katalon.core.testobject.ObjectRepository.findTestObject(HealthpostToStore/Page_HealthPost Store/font_HPRNO180520187)): Text of object 'Object Repository/HealthpostToStore/Page_HealthPost Store/font_HPRNO180520187' is: 'HPRNO/28052018/111'

2018-05-28 10:32:49 - [MESSAGE][PASSED] - Text of object 'Object Repository/HealthpostToStore/Page_HealthPost Store/font_HPRNO180520187' is: 'HPRNO/28052018/111'

2018-05-28 10:32:49 - [TEST_STEP][PASSED] - Statement - out.println(RN1): null

2018-05-28 10:32:49 - [TEST_STEP][PASSED] - Statement - RID = RN1.split("/")[2]: null

2018-05-28 10:32:49 - [TEST_STEP][PASSED] - click: Object: 'Object Repository/HealthpostToStore/Page_HealthPost Store/button_OK' is clicked on

2018-05-28 10:32:50 - [MESSAGE][PASSED] - Object: 'Object Repository/HealthpostToStore/Page_HealthPost Store/button_OK' is clicked on

2018-05-28 10:32:50 - [TEST_STEP][PASSED] - delay: Delayed 3 second(s)

2018-05-28 10:32:53 - [MESSAGE][PASSED] - Delayed 3 second(s)

2018-05-28 10:32:53 - [TEST_STEP][PASSED] - click: Object: 'Object Repository/HealthpostToStore/Page_HealthPost Store/a_dropdown-toggle' is clicked on

2018-05-28 10:32:53 - [MESSAGE][PASSED] - Object: 'Object Repository/HealthpostToStore/Page_HealthPost Store/a_dropdown-toggle' is clicked on

2018-05-28 10:32:53 - [TEST_STEP][PASSED] - click: Object: 'Object Repository/HealthpostToStore/Page_HealthPost Store/a_Sign out' is clicked on

2018-05-28 10:32:54 - [MESSAGE][PASSED] - Object: 'Object Repository/HealthpostToStore/Page_HealthPost Store/a_Sign out' is clicked on

2018-05-28 10:32:54 - [TEST_STEP][PASSED] - delay: Delayed 3 second(s)

2018-05-28 10:32:57 - [MESSAGE][PASSED] - Delayed 3 second(s)

2018-05-28 10:32:57 - [TEST_STEP][PASSED] - navigateToUrl: Navigate to 'http://192.168.137.1/multihospital_new/' successfully

2018-05-28 10:32:57 - [MESSAGE][PASSED] - Navigate to 'http://192.168.137.1/multihospital_new/' successfully

2018-05-28 10:32:57 - [TEST_STEP][PASSED] - click: Object: 'Object Repository/HealthpostToStore/Page_KDMC/a_CMO' is clicked on

2018-05-28 10:32:58 - [MESSAGE][PASSED] - Object: 'Object Repository/HealthpostToStore/Page_KDMC/a_CMO' is clicked on

2018-05-28 10:32:58 - [TEST_STEP][PASSED] - setText: Text 'guru' is set on object 'Object Repository/HealthpostToStore/Page_CMO login/input_txtusername'

2018-05-28 10:32:58 - [MESSAGE][PASSED] - Text 'guru' is set on object 'Object Repository/HealthpostToStore/Page_CMO login/input_txtusername'

2018-05-28 10:32:58 - [TEST_STEP][PASSED] - setText: Text '123' is set on object 'Object Repository/HealthpostToStore/Page_CMO login/input_txtpassword'

2018-05-28 10:32:58 - [MESSAGE][PASSED] - Text '123' is set on object 'Object Repository/HealthpostToStore/Page_CMO login/input_txtpassword'

2018-05-28 10:32:58 - [TEST_STEP][PASSED] - delay: Delayed 3 second(s)

2018-05-28 10:33:01 - [MESSAGE][PASSED] - Delayed 3 second(s)

2018-05-28 10:33:01 - [TEST_STEP][PASSED] - click: Object: 'Object Repository/HealthpostToStore/Page_CMO login/button_Sign in' is clicked on

2018-05-28 10:33:02 - [MESSAGE][PASSED] - Object: 'Object Repository/HealthpostToStore/Page_CMO login/button_Sign in' is clicked on

2018-05-28 10:33:02 - [TEST_STEP][PASSED] - click: Object: 'Object Repository/HealthpostToStore/Page_KDMC - CMO/a_Department Wise Request' is clicked on

2018-05-28 10:33:04 - [MESSAGE][PASSED] - Object: 'Object Repository/HealthpostToStore/Page_KDMC - CMO/a_Department Wise Request' is clicked on

2018-05-28 10:33:04 - [TEST_STEP][PASSED] - delay: Delayed 2 second(s)

2018-05-28 10:33:06 - [MESSAGE][PASSED] - Delayed 2 second(s)

2018-05-28 10:33:06 - [TEST_STEP][PASSED] - selectOptionByIndex: All options with index in [5] are selected on object 'Object Repository/HealthpostToStore/Page_KDMC - CMO/select_--ALL--'

2018-05-28 10:33:06 - [MESSAGE][PASSED] - All options with index in [5] are selected on object 'Object Repository/HealthpostToStore/Page_KDMC - CMO/select_--ALL--'

2018-05-28 10:33:06 - [TEST_STEP][PASSED] - click: Object: 'Object Repository/HealthpostToStore/Page_KDMC - CMO/input_btnsearch' is clicked on

2018-05-28 10:33:06 - [MESSAGE][PASSED] - Object: 'Object Repository/HealthpostToStore/Page_KDMC - CMO/input_btnsearch' is clicked on

2018-05-28 10:33:06 - [TEST_STEP][PASSED] - selectOptionByIndex: All options with index in [1] are selected on object 'Object Repository/HealthpostToStore/Page_KDMC - CMO/select_--ALL--                _1'

2018-05-28 10:33:07 - [MESSAGE][PASSED] - All options with index in [1] are selected on object 'Object Repository/HealthpostToStore/Page_KDMC - CMO/select_--ALL--                _1'

2018-05-28 10:33:07 - [TEST_STEP][PASSED] - click: Object: 'Object Repository/HealthpostToStore/Page_KDMC - CMO/input_btnsearch' is clicked on

2018-05-28 10:33:07 - [MESSAGE][PASSED] - Object: 'Object Repository/HealthpostToStore/Page_KDMC - CMO/input_btnsearch' is clicked on

2018-05-28 10:33:07 - [TEST_STEP][PASSED] - Statement - ID = com.kms.katalon.core.webui.keyword.WebUiBuiltInKeywords.modifyObjectProperty(com.kms.katalon.core.testobject.ObjectRepository.findTestObject(lab/Page_KDMC - CMO/input_1), "xpath", "equals", "//*[@id=" + RID + "]", true): Modify property of object successfully

2018-05-28 10:33:07 - [MESSAGE][PASSED] - Modify property of object successfully

2018-05-28 10:33:07 - [TEST_STEP][PASSED] - click: Object: 'Object Repository/lab/Page_KDMC - CMO/input_1' is clicked on

2018-05-28 10:33:07 - [MESSAGE][PASSED] - Object: 'Object Repository/lab/Page_KDMC - CMO/input_1' is clicked on

2018-05-28 10:33:07 - [TEST_STEP][PASSED] - delay: Delayed 2 second(s)

2018-05-28 10:33:09 - [MESSAGE][PASSED] - Delayed 2 second(s)

2018-05-28 10:33:09 - [TEST_STEP][PASSED] - selectOptionByIndex: All options with index in [1] are selected on object 'Object Repository/HealthpostToStore/Page_KDMC - CMO/select_--Select--'

2018-05-28 10:33:09 - [MESSAGE][PASSED] - All options with index in [1] are selected on object 'Object Repository/HealthpostToStore/Page_KDMC - CMO/select_--Select--'

2018-05-28 10:33:09 - [TEST_STEP][PASSED] - click: Object: 'Object Repository/HealthpostToStore/Page_KDMC - CMO/input_btnupdate' is clicked on

2018-05-28 10:33:10 - [MESSAGE][PASSED] - Object: 'Object Repository/HealthpostToStore/Page_KDMC - CMO/input_btnupdate' is clicked on

2018-05-28 10:33:10 - [TEST_STEP][PASSED] - delay: Delayed 2 second(s)

2018-05-28 10:33:12 - [MESSAGE][PASSED] - Delayed 2 second(s)

2018-05-28 10:33:12 - [TEST_STEP][PASSED] - click: Object: 'Object Repository/HealthpostToStore/Page_KDMC - CMO/button_OK' is clicked on

2018-05-28 10:33:12 - [MESSAGE][PASSED] - Object: 'Object Repository/HealthpostToStore/Page_KDMC - CMO/button_OK' is clicked on

2018-05-28 10:33:12 - [TEST_STEP][PASSED] - delay: Delayed 2 second(s)

2018-05-28 10:33:14 - [MESSAGE][PASSED] - Delayed 2 second(s)

2018-05-28 10:33:14 - [TEST_STEP][PASSED] - click: Object: 'Object Repository/HealthpostToStore/Page_KDMC - CMO/a_dropdown-toggle' is clicked on

2018-05-28 10:33:14 - [MESSAGE][PASSED] - Object: 'Object Repository/HealthpostToStore/Page_KDMC - CMO/a_dropdown-toggle' is clicked on

2018-05-28 10:33:14 - [TEST_STEP][PASSED] - click: Object: 'Object Repository/HealthpostToStore/Page_KDMC - CMO/a_Sign out' is clicked on

2018-05-28 10:33:15 - [MESSAGE][PASSED] - Object: 'Object Repository/HealthpostToStore/Page_KDMC - CMO/a_Sign out' is clicked on

2018-05-28 10:33:15 - [TEST_STEP][PASSED] - delay: Delayed 3 second(s)

2018-05-28 10:33:18 - [MESSAGE][PASSED] - Delayed 3 second(s)

2018-05-28 10:33:18 - [TEST_STEP][PASSED] - click: Object: 'Object Repository/HealthpostToStore/Page_KDMC/a_Divisional Store' is clicked on

2018-05-28 10:33:18 - [MESSAGE][PASSED] - Object: 'Object Repository/HealthpostToStore/Page_KDMC/a_Divisional Store' is clicked on

2018-05-28 10:33:18 - [TEST_STEP][PASSED] - setText: Text 'ragu' is set on object 'Object Repository/HealthpostToStore/Page_Divisonal Store Login/input_txtusername'

2018-05-28 10:33:19 - [MESSAGE][PASSED] - Text 'ragu' is set on object 'Object Repository/HealthpostToStore/Page_Divisonal Store Login/input_txtusername'

2018-05-28 10:33:19 - [TEST_STEP][PASSED] - setText: Text '123' is set on object 'Object Repository/HealthpostToStore/Page_Divisonal Store Login/input_txtpassword'

2018-05-28 10:33:19 - [MESSAGE][PASSED] - Text '123' is set on object 'Object Repository/HealthpostToStore/Page_Divisonal Store Login/input_txtpassword'

2018-05-28 10:33:19 - [TEST_STEP][PASSED] - delay: Delayed 3 second(s)

2018-05-28 10:33:22 - [MESSAGE][PASSED] - Delayed 3 second(s)

2018-05-28 10:33:22 - [TEST_STEP][PASSED] - click: Object: 'Object Repository/HealthpostToStore/Page_Divisonal Store Login/button_Sign in' is clicked on

2018-05-28 10:33:24 - [MESSAGE][PASSED] - Object: 'Object Repository/HealthpostToStore/Page_Divisonal Store Login/button_Sign in' is clicked on

2018-05-28 10:33:24 - [TEST_STEP][PASSED] - delay: Delayed 3 second(s)

2018-05-28 10:33:27 - [MESSAGE][PASSED] - Delayed 3 second(s)

2018-05-28 10:33:27 - [TEST_STEP][PASSED] - click: Object: 'Object Repository/HealthpostToStore/Page_Store/a_Health Post Request' is clicked on

2018-05-28 10:33:27 - [MESSAGE][PASSED] - Object: 'Object Repository/HealthpostToStore/Page_Store/a_Health Post Request' is clicked on

2018-05-28 10:33:27 - [TEST_STEP][PASSED] - click: Object: 'Object Repository/HealthpostToStore/Page_Store/a_Request Item HealthPost' is clicked on

2018-05-28 10:33:27 - [MESSAGE][PASSED] - Object: 'Object Repository/HealthpostToStore/Page_Store/a_Request Item HealthPost' is clicked on

2018-05-28 10:33:27 - [TEST_STEP][PASSED] - Statement - ChooseRequest = com.kms.katalon.core.webui.keyword.WebUiBuiltInKeywords.modifyObjectProperty(com.kms.katalon.core.testobject.ObjectRepository.findTestObject(lab/Page_Store/input_1), "xpath", "equals", "//*[@id=" + RID + "]", true): Modify property of object successfully

2018-05-28 10:33:27 - [MESSAGE][PASSED] - Modify property of object successfully

2018-05-28 10:33:27 - [TEST_STEP][PASSED] - click: Object: 'Object Repository/lab/Page_Store/input_1' is clicked on

2018-05-28 10:33:28 - [MESSAGE][PASSED] - Object: 'Object Repository/lab/Page_Store/input_1' is clicked on

2018-05-28 10:33:28 - [TEST_STEP][PASSED] - Statement - selectedoptions = com.kms.katalon.core.webui.keyword.WebUiBuiltInKeywords.getNumberOfTotalOption(com.kms.katalon.core.testobject.ObjectRepository.findTestObject(HealthpostToStore/Page_Store/select_--Select--Adernaline 0.)): 73 options of object 'Object Repository/HealthpostToStore/Page_Store/select_--Select--Adernaline 0.' counted

2018-05-28 10:33:28 - [MESSAGE][PASSED] - 73 options of object 'Object Repository/HealthpostToStore/Page_Store/select_--Select--Adernaline 0.' counted

2018-05-28 10:33:28 - [TEST_STEP][PASSED] - Statement - For ([a = 1, a <= selectedoptions - 1, (a++)]): null

2018-05-28 10:33:28 - [TEST_STEP][PASSED] - selectOptionByIndex: All options with index in [1] are selected on object 'Object Repository/HealthpostToStore/Page_Store/select_--Select--Adernaline 0.'

2018-05-28 10:33:28 - [MESSAGE][PASSED] - All options with index in [1] are selected on object 'Object Repository/HealthpostToStore/Page_Store/select_--Select--Adernaline 0.'

2018-05-28 10:33:28 - [TEST_STEP][PASSED] - delay: Delayed 2 second(s)

2018-05-28 10:33:30 - [MESSAGE][PASSED] - Delayed 2 second(s)

2018-05-28 10:33:30 - [TEST_STEP][PASSED] - Statement - RequestedQty = com.kms.katalon.core.webui.keyword.WebUiBuiltInKeywords.getAttribute(com.kms.katalon.core.testobject.ObjectRepository.findTestObject(HealthpostToStore/Page_Store/input_txttotal), "value"): Attribute 'value' of object 'Object Repository/HealthpostToStore/Page_Store/input_txttotal' is: '10'

2018-05-28 10:33:30 - [MESSAGE][PASSED] - Attribute 'value' of object 'Object Repository/HealthpostToStore/Page_Store/input_txttotal' is: '10'

2018-05-28 10:33:30 - [TEST_STEP][PASSED] - Statement - out.println("Requested QTY : " + RequestedQty): null

2018-05-28 10:33:30 - [TEST_STEP][PASSED] - Statement - BatchNumber = com.kms.katalon.core.webui.keyword.WebUiBuiltInKeywords.getNumberOfTotalOption(com.kms.katalon.core.testobject.ObjectRepository.findTestObject(HealthpostToStore/Page_Store/select_--Select--BA1170BA2376B)): 2 options of object 'Object Repository/HealthpostToStore/Page_Store/select_--Select--BA1170BA2376B' counted

2018-05-28 10:33:30 - [MESSAGE][PASSED] - 2 options of object 'Object Repository/HealthpostToStore/Page_Store/select_--Select--BA1170BA2376B' counted

2018-05-28 10:33:30 - [TEST_STEP][PASSED] - Statement - For ([g = 1, g <= BatchNumber - 1, (g++)]): null

2018-05-28 10:33:30 - [TEST_STEP][PASSED] - selectOptionByIndex: All options with index in [1] are selected on object 'Object Repository/HealthpostToStore/Page_Store/select_--Select--BA1170BA2376B'

2018-05-28 10:33:31 - [MESSAGE][PASSED] - All options with index in [1] are selected on object 'Object Repository/HealthpostToStore/Page_Store/select_--Select--BA1170BA2376B'

2018-05-28 10:33:31 - [TEST_STEP][PASSED] - Statement - Try: null

2018-05-28 10:33:31 - [TEST_STEP][PASSED] - Statement - StockQty = com.kms.katalon.core.webui.keyword.WebUiBuiltInKeywords.getAttribute(com.kms.katalon.core.testobject.ObjectRepository.findTestObject(HealthpostToStore/Page_Store/input_txtprice), "value"): Attribute 'value' of object 'Object Repository/HealthpostToStore/Page_Store/input_txtprice' is: '1490'

2018-05-28 10:33:31 - [MESSAGE][PASSED] - Attribute 'value' of object 'Object Repository/HealthpostToStore/Page_Store/input_txtprice' is: '1490'

2018-05-28 10:33:31 - [TEST_STEP][PASSED] - Statement - out.println("Stock QTY : " + StockQty): null

2018-05-28 10:33:31 - [TEST_STEP][PASSED] - delay: Delayed 2 second(s)

2018-05-28 10:33:33 - [MESSAGE][PASSED] - Delayed 2 second(s)

2018-05-28 10:33:33 - [TEST_STEP][PASSED] - Statement - If (java.lang.String.valueOf(StockQty) >= java.lang.String.valueOf(RequestedQty)): null

2018-05-28 10:33:33 - [TEST_STEP][PASSED] - setText: Text '10' is set on object 'Object Repository/HealthpostToStore/Page_Store/input_txtqty'

2018-05-28 10:33:33 - [MESSAGE][PASSED] - Text '10' is set on object 'Object Repository/HealthpostToStore/Page_Store/input_txtqty'

2018-05-28 10:33:33 - [TEST_STEP][PASSED] - click: Object: 'Object Repository/HealthpostToStore/Page_Store/button_Add' is clicked on

2018-05-28 10:33:33 - [MESSAGE][PASSED] - Object: 'Object Repository/HealthpostToStore/Page_Store/button_Add' is clicked on

2018-05-28 10:33:33 - [TEST_STEP][PASSED] - Statement - Break: null

2018-05-28 10:33:33 - [TEST_STEP][PASSED] - selectOptionByIndex: All options with index in [2] are selected on object 'Object Repository/HealthpostToStore/Page_Store/select_--Select--Adernaline 0.'

2018-05-28 10:33:33 - [MESSAGE][PASSED] - All options with index in [2] are selected on object 'Object Repository/HealthpostToStore/Page_Store/select_--Select--Adernaline 0.'

2018-05-28 10:33:33 - [TEST_STEP][PASSED] - delay: Delayed 2 second(s)

2018-05-28 10:33:35 - [MESSAGE][PASSED] - Delayed 2 second(s)

2018-05-28 10:33:35 - [TEST_STEP][PASSED] - Statement - RequestedQty = com.kms.katalon.core.webui.keyword.WebUiBuiltInKeywords.getAttribute(com.kms.katalon.core.testobject.ObjectRepository.findTestObject(HealthpostToStore/Page_Store/input_txttotal), "value"): Attribute 'value' of object 'Object Repository/HealthpostToStore/Page_Store/input_txttotal' is: '10'

2018-05-28 10:33:35 - [MESSAGE][PASSED] - Attribute 'value' of object 'Object Repository/HealthpostToStore/Page_Store/input_txttotal' is: '10'

2018-05-28 10:33:35 - [TEST_STEP][PASSED] - Statement - out.println("Requested QTY : " + RequestedQty): null

2018-05-28 10:33:35 - [TEST_STEP][PASSED] - Statement - BatchNumber = com.kms.katalon.core.webui.keyword.WebUiBuiltInKeywords.getNumberOfTotalOption(com.kms.katalon.core.testobject.ObjectRepository.findTestObject(HealthpostToStore/Page_Store/select_--Select--BA1170BA2376B)): 4 options of object 'Object Repository/HealthpostToStore/Page_Store/select_--Select--BA1170BA2376B' counted

2018-05-28 10:33:35 - [MESSAGE][PASSED] - 4 options of object 'Object Repository/HealthpostToStore/Page_Store/select_--Select--BA1170BA2376B' counted

2018-05-28 10:33:35 - [TEST_STEP][PASSED] - Statement - For ([g = 1, g <= BatchNumber - 1, (g++)]): null

2018-05-28 10:33:35 - [TEST_STEP][PASSED] - selectOptionByIndex: All options with index in [1] are selected on object 'Object Repository/HealthpostToStore/Page_Store/select_--Select--BA1170BA2376B'

2018-05-28 10:33:35 - [MESSAGE][PASSED] - All options with index in [1] are selected on object 'Object Repository/HealthpostToStore/Page_Store/select_--Select--BA1170BA2376B'

2018-05-28 10:33:35 - [TEST_STEP][PASSED] - Statement - Try: null

2018-05-28 10:33:35 - [TEST_STEP][PASSED] - Statement - StockQty = com.kms.katalon.core.webui.keyword.WebUiBuiltInKeywords.getAttribute(com.kms.katalon.core.testobject.ObjectRepository.findTestObject(HealthpostToStore/Page_Store/input_txtprice), "value"): Attribute 'value' of object 'Object Repository/HealthpostToStore/Page_Store/input_txtprice' is: '80'

2018-05-28 10:33:35 - [MESSAGE][PASSED] - Attribute 'value' of object 'Object Repository/HealthpostToStore/Page_Store/input_txtprice' is: '80'

2018-05-28 10:33:35 - [TEST_STEP][PASSED] - Statement - out.println("Stock QTY : " + StockQty): null

2018-05-28 10:33:35 - [TEST_STEP][PASSED] - delay: Delayed 2 second(s)

2018-05-28 10:33:37 - [MESSAGE][PASSED] - Delayed 2 second(s)

2018-05-28 10:33:37 - [TEST_STEP][PASSED] - Statement - If (java.lang.String.valueOf(StockQty) >= java.lang.String.valueOf(RequestedQty)): null

2018-05-28 10:33:37 - [TEST_STEP][PASSED] - setText: Text '10' is set on object 'Object Repository/HealthpostToStore/Page_Store/input_txtqty'

2018-05-28 10:33:37 - [MESSAGE][PASSED] - Text '10' is set on object 'Object Repository/HealthpostToStore/Page_Store/input_txtqty'

2018-05-28 10:33:37 - [TEST_STEP][PASSED] - click: Object: 'Object Repository/HealthpostToStore/Page_Store/button_Add' is clicked on

2018-05-28 10:33:37 - [MESSAGE][PASSED] - Object: 'Object Repository/HealthpostToStore/Page_Store/button_Add' is clicked on

2018-05-28 10:33:37 - [TEST_STEP][PASSED] - Statement - Break: null

2018-05-28 10:33:37 - [TEST_STEP][PASSED] - selectOptionByIndex: All options with index in [3] are selected on object 'Object Repository/HealthpostToStore/Page_Store/select_--Select--Adernaline 0.'

2018-05-28 10:33:38 - [MESSAGE][PASSED] - All options with index in [3] are selected on object 'Object Repository/HealthpostToStore/Page_Store/select_--Select--Adernaline 0.'

2018-05-28 10:33:38 - [TEST_STEP][PASSED] - delay: Delayed 2 second(s)

2018-05-28 10:33:40 - [MESSAGE][PASSED] - Delayed 2 second(s)

2018-05-28 10:33:40 - [TEST_STEP][PASSED] - Statement - RequestedQty = com.kms.katalon.core.webui.keyword.WebUiBuiltInKeywords.getAttribute(com.kms.katalon.core.testobject.ObjectRepository.findTestObject(HealthpostToStore/Page_Store/input_txttotal), "value"): Attribute 'value' of object 'Object Repository/HealthpostToStore/Page_Store/input_txttotal' is: '10'

2018-05-28 10:33:40 - [MESSAGE][PASSED] - Attribute 'value' of object 'Object Repository/HealthpostToStore/Page_Store/input_txttotal' is: '10'

2018-05-28 10:33:40 - [TEST_STEP][PASSED] - Statement - out.println("Requested QTY : " + RequestedQty): null

2018-05-28 10:33:40 - [TEST_STEP][PASSED] - Statement - BatchNumber = com.kms.katalon.core.webui.keyword.WebUiBuiltInKeywords.getNumberOfTotalOption(com.kms.katalon.core.testobject.ObjectRepository.findTestObject(HealthpostToStore/Page_Store/select_--Select--BA1170BA2376B)): 4 options of object 'Object Repository/HealthpostToStore/Page_Store/select_--Select--BA1170BA2376B' counted

2018-05-28 10:33:40 - [MESSAGE][PASSED] - 4 options of object 'Object Repository/HealthpostToStore/Page_Store/select_--Select--BA1170BA2376B' counted

2018-05-28 10:33:40 - [TEST_STEP][PASSED] - Statement - For ([g = 1, g <= BatchNumber - 1, (g++)]): null

2018-05-28 10:33:40 - [TEST_STEP][PASSED] - selectOptionByIndex: All options with index in [1] are selected on object 'Object Repository/HealthpostToStore/Page_Store/select_--Select--BA1170BA2376B'

2018-05-28 10:33:40 - [MESSAGE][PASSED] - All options with index in [1] are selected on object 'Object Repository/HealthpostToStore/Page_Store/select_--Select--BA1170BA2376B'

2018-05-28 10:33:40 - [TEST_STEP][PASSED] - Statement - Try: null

2018-05-28 10:33:40 - [TEST_STEP][PASSED] - Statement - StockQty = com.kms.katalon.core.webui.keyword.WebUiBuiltInKeywords.getAttribute(com.kms.katalon.core.testobject.ObjectRepository.findTestObject(HealthpostToStore/Page_Store/input_txtprice), "value"): Attribute 'value' of object 'Object Repository/HealthpostToStore/Page_Store/input_txtprice' is: '1330'

2018-05-28 10:33:40 - [MESSAGE][PASSED] - Attribute 'value' of object 'Object Repository/HealthpostToStore/Page_Store/input_txtprice' is: '1330'

2018-05-28 10:33:40 - [TEST_STEP][PASSED] - Statement - out.println("Stock QTY : " + StockQty): null

2018-05-28 10:33:40 - [TEST_STEP][PASSED] - delay: Delayed 2 second(s)

2018-05-28 10:33:42 - [MESSAGE][PASSED] - Delayed 2 second(s)

2018-05-28 10:33:42 - [TEST_STEP][PASSED] - Statement - If (java.lang.String.valueOf(StockQty) >= java.lang.String.valueOf(RequestedQty)): null

2018-05-28 10:33:42 - [TEST_STEP][PASSED] - setText: Text '10' is set on object 'Object Repository/HealthpostToStore/Page_Store/input_txtqty'

2018-05-28 10:33:42 - [MESSAGE][PASSED] - Text '10' is set on object 'Object Repository/HealthpostToStore/Page_Store/input_txtqty'

2018-05-28 10:33:42 - [TEST_STEP][PASSED] - click: Object: 'Object Repository/HealthpostToStore/Page_Store/button_Add' is clicked on

2018-05-28 10:33:42 - [MESSAGE][PASSED] - Object: 'Object Repository/HealthpostToStore/Page_Store/button_Add' is clicked on

2018-05-28 10:33:42 - [TEST_STEP][PASSED] - Statement - Break: null

2018-05-28 10:33:42 - [TEST_STEP][PASSED] - selectOptionByIndex: All options with index in [4] are selected on object 'Object Repository/HealthpostToStore/Page_Store/select_--Select--Adernaline 0.'

2018-05-28 10:33:42 - [MESSAGE][PASSED] - All options with index in [4] are selected on object 'Object Repository/HealthpostToStore/Page_Store/select_--Select--Adernaline 0.'

2018-05-28 10:33:42 - [TEST_STEP][PASSED] - delay: Delayed 2 second(s)

2018-05-28 10:33:44 - [MESSAGE][PASSED] - Delayed 2 second(s)

2018-05-28 10:33:44 - [TEST_STEP][PASSED] - Statement - RequestedQty = com.kms.katalon.core.webui.keyword.WebUiBuiltInKeywords.getAttribute(com.kms.katalon.core.testobject.ObjectRepository.findTestObject(HealthpostToStore/Page_Store/input_txttotal), "value"): Attribute 'value' of object 'Object Repository/HealthpostToStore/Page_Store/input_txttotal' is: '10'

2018-05-28 10:33:44 - [MESSAGE][PASSED] - Attribute 'value' of object 'Object Repository/HealthpostToStore/Page_Store/input_txttotal' is: '10'

2018-05-28 10:33:44 - [TEST_STEP][PASSED] - Statement - out.println("Requested QTY : " + RequestedQty): null

2018-05-28 10:33:44 - [TEST_STEP][PASSED] - Statement - BatchNumber = com.kms.katalon.core.webui.keyword.WebUiBuiltInKeywords.getNumberOfTotalOption(com.kms.katalon.core.testobject.ObjectRepository.findTestObject(HealthpostToStore/Page_Store/select_--Select--BA1170BA2376B)): 4 options of object 'Object Repository/HealthpostToStore/Page_Store/select_--Select--BA1170BA2376B' counted

2018-05-28 10:33:44 - [MESSAGE][PASSED] - 4 options of object 'Object Repository/HealthpostToStore/Page_Store/select_--Select--BA1170BA2376B' counted

2018-05-28 10:33:44 - [TEST_STEP][PASSED] - Statement - For ([g = 1, g <= BatchNumber - 1, (g++)]): null

2018-05-28 10:33:44 - [TEST_STEP][PASSED] - selectOptionByIndex: All options with index in [1] are selected on object 'Object Repository/HealthpostToStore/Page_Store/select_--Select--BA1170BA2376B'

2018-05-28 10:33:45 - [MESSAGE][PASSED] - All options with index in [1] are selected on object 'Object Repository/HealthpostToStore/Page_Store/select_--Select--BA1170BA2376B'

2018-05-28 10:33:45 - [TEST_STEP][PASSED] - Statement - Try: null

2018-05-28 10:33:45 - [TEST_STEP][PASSED] - Statement - StockQty = com.kms.katalon.core.webui.keyword.WebUiBuiltInKeywords.getAttribute(com.kms.katalon.core.testobject.ObjectRepository.findTestObject(HealthpostToStore/Page_Store/input_txtprice), "value"): Attribute 'value' of object 'Object Repository/HealthpostToStore/Page_Store/input_txtprice' is: '80'

2018-05-28 10:33:45 - [MESSAGE][PASSED] - Attribute 'value' of object 'Object Repository/HealthpostToStore/Page_Store/input_txtprice' is: '80'

2018-05-28 10:33:45 - [TEST_STEP][PASSED] - Statement - out.println("Stock QTY : " + StockQty): null

2018-05-28 10:33:45 - [TEST_STEP][PASSED] - delay: Delayed 2 second(s)

2018-05-28 10:33:47 - [MESSAGE][PASSED] - Delayed 2 second(s)

2018-05-28 10:33:47 - [TEST_STEP][PASSED] - Statement - If (java.lang.String.valueOf(StockQty) >= java.lang.String.valueOf(RequestedQty)): null

2018-05-28 10:33:47 - [TEST_STEP][PASSED] - setText: Text '10' is set on object 'Object Repository/HealthpostToStore/Page_Store/input_txtqty'

2018-05-28 10:33:47 - [MESSAGE][PASSED] - Text '10' is set on object 'Object Repository/HealthpostToStore/Page_Store/input_txtqty'

2018-05-28 10:33:47 - [TEST_STEP][PASSED] - click: Object: 'Object Repository/HealthpostToStore/Page_Store/button_Add' is clicked on

2018-05-28 10:33:47 - [MESSAGE][PASSED] - Object: 'Object Repository/HealthpostToStore/Page_Store/button_Add' is clicked on

2018-05-28 10:33:47 - [TEST_STEP][PASSED] - Statement - Break: null

2018-05-28 10:33:47 - [TEST_STEP][PASSED] - selectOptionByIndex: All options with index in [5] are selected on object 'Object Repository/HealthpostToStore/Page_Store/select_--Select--Adernaline 0.'

2018-05-28 10:33:47 - [MESSAGE][PASSED] - All options with index in [5] are selected on object 'Object Repository/HealthpostToStore/Page_Store/select_--Select--Adernaline 0.'

2018-05-28 10:33:47 - [TEST_STEP][PASSED] - delay: Delayed 2 second(s)

2018-05-28 10:33:49 - [MESSAGE][PASSED] - Delayed 2 second(s)

2018-05-28 10:33:49 - [TEST_STEP][PASSED] - Statement - RequestedQty = com.kms.katalon.core.webui.keyword.WebUiBuiltInKeywords.getAttribute(com.kms.katalon.core.testobject.ObjectRepository.findTestObject(HealthpostToStore/Page_Store/input_txttotal), "value"): Attribute 'value' of object 'Object Repository/HealthpostToStore/Page_Store/input_txttotal' is: '10'

2018-05-28 10:33:49 - [MESSAGE][PASSED] - Attribute 'value' of object 'Object Repository/HealthpostToStore/Page_Store/input_txttotal' is: '10'

2018-05-28 10:33:49 - [TEST_STEP][PASSED] - Statement - out.println("Requested QTY : " + RequestedQty): null

2018-05-28 10:33:49 - [TEST_STEP][PASSED] - Statement - BatchNumber = com.kms.katalon.core.webui.keyword.WebUiBuiltInKeywords.getNumberOfTotalOption(com.kms.katalon.core.testobject.ObjectRepository.findTestObject(HealthpostToStore/Page_Store/select_--Select--BA1170BA2376B)): 3 options of object 'Object Repository/HealthpostToStore/Page_Store/select_--Select--BA1170BA2376B' counted

2018-05-28 10:33:49 - [MESSAGE][PASSED] - 3 options of object 'Object Repository/HealthpostToStore/Page_Store/select_--Select--BA1170BA2376B' counted

2018-05-28 10:33:49 - [TEST_STEP][PASSED] - Statement - For ([g = 1, g <= BatchNumber - 1, (g++)]): null

2018-05-28 10:33:49 - [TEST_STEP][PASSED] - selectOptionByIndex: All options with index in [1] are selected on object 'Object Repository/HealthpostToStore/Page_Store/select_--Select--BA1170BA2376B'

2018-05-28 10:33:49 - [MESSAGE][PASSED] - All options with index in [1] are selected on object 'Object Repository/HealthpostToStore/Page_Store/select_--Select--BA1170BA2376B'

2018-05-28 10:33:49 - [TEST_STEP][PASSED] - Statement - Try: null

2018-05-28 10:33:49 - [TEST_STEP][PASSED] - Statement - StockQty = com.kms.katalon.core.webui.keyword.WebUiBuiltInKeywords.getAttribute(com.kms.katalon.core.testobject.ObjectRepository.findTestObject(HealthpostToStore/Page_Store/input_txtprice), "value"): Attribute 'value' of object 'Object Repository/HealthpostToStore/Page_Store/input_txtprice' is: '380'

2018-05-28 10:33:49 - [MESSAGE][PASSED] - Attribute 'value' of object 'Object Repository/HealthpostToStore/Page_Store/input_txtprice' is: '380'

2018-05-28 10:33:49 - [TEST_STEP][PASSED] - Statement - out.println("Stock QTY : " + StockQty): null

2018-05-28 10:33:49 - [TEST_STEP][PASSED] - delay: Delayed 2 second(s)

2018-05-28 10:33:51 - [MESSAGE][PASSED] - Delayed 2 second(s)

2018-05-28 10:33:51 - [TEST_STEP][PASSED] - Statement - If (java.lang.String.valueOf(StockQty) >= java.lang.String.valueOf(RequestedQty)): null

2018-05-28 10:33:51 - [TEST_STEP][PASSED] - setText: Text '10' is set on object 'Object Repository/HealthpostToStore/Page_Store/input_txtqty'

2018-05-28 10:33:51 - [MESSAGE][PASSED] - Text '10' is set on object 'Object Repository/HealthpostToStore/Page_Store/input_txtqty'

2018-05-28 10:33:51 - [TEST_STEP][PASSED] - click: Object: 'Object Repository/HealthpostToStore/Page_Store/button_Add' is clicked on

2018-05-28 10:33:51 - [MESSAGE][PASSED] - Object: 'Object Repository/HealthpostToStore/Page_Store/button_Add' is clicked on

2018-05-28 10:33:51 - [TEST_STEP][PASSED] - Statement - Break: null

2018-05-28 10:33:51 - [TEST_STEP][PASSED] - selectOptionByIndex: All options with index in [6] are selected on object 'Object Repository/HealthpostToStore/Page_Store/select_--Select--Adernaline 0.'

2018-05-28 10:33:52 - [MESSAGE][PASSED] - All options with index in [6] are selected on object 'Object Repository/HealthpostToStore/Page_Store/select_--Select--Adernaline 0.'

2018-05-28 10:33:52 - [TEST_STEP][PASSED] - delay: Delayed 2 second(s)

2018-05-28 10:33:54 - [MESSAGE][PASSED] - Delayed 2 second(s)

2018-05-28 10:33:54 - [TEST_STEP][PASSED] - Statement - RequestedQty = com.kms.katalon.core.webui.keyword.WebUiBuiltInKeywords.getAttribute(com.kms.katalon.core.testobject.ObjectRepository.findTestObject(HealthpostToStore/Page_Store/input_txttotal), "value"): Attribute 'value' of object 'Object Repository/HealthpostToStore/Page_Store/input_txttotal' is: '10'

2018-05-28 10:33:54 - [MESSAGE][PASSED] - Attribute 'value' of object 'Object Repository/HealthpostToStore/Page_Store/input_txttotal' is: '10'

2018-05-28 10:33:54 - [TEST_STEP][PASSED] - Statement - out.println("Requested QTY : " + RequestedQty): null

2018-05-28 10:33:54 - [TEST_STEP][PASSED] - Statement - BatchNumber = com.kms.katalon.core.webui.keyword.WebUiBuiltInKeywords.getNumberOfTotalOption(com.kms.katalon.core.testobject.ObjectRepository.findTestObject(HealthpostToStore/Page_Store/select_--Select--BA1170BA2376B)): 3 options of object 'Object Repository/HealthpostToStore/Page_Store/select_--Select--BA1170BA2376B' counted

2018-05-28 10:33:54 - [MESSAGE][PASSED] - 3 options of object 'Object Repository/HealthpostToStore/Page_Store/select_--Select--BA1170BA2376B' counted

2018-05-28 10:33:54 - [TEST_STEP][PASSED] - Statement - For ([g = 1, g <= BatchNumber - 1, (g++)]): null

2018-05-28 10:33:54 - [TEST_STEP][PASSED] - selectOptionByIndex: All options with index in [1] are selected on object 'Object Repository/HealthpostToStore/Page_Store/select_--Select--BA1170BA2376B'

2018-05-28 10:33:54 - [MESSAGE][PASSED] - All options with index in [1] are selected on object 'Object Repository/HealthpostToStore/Page_Store/select_--Select--BA1170BA2376B'

2018-05-28 10:33:54 - [TEST_STEP][PASSED] - Statement - Try: null

2018-05-28 10:33:54 - [TEST_STEP][PASSED] - Statement - StockQty = com.kms.katalon.core.webui.keyword.WebUiBuiltInKeywords.getAttribute(com.kms.katalon.core.testobject.ObjectRepository.findTestObject(HealthpostToStore/Page_Store/input_txtprice), "value"): Attribute 'value' of object 'Object Repository/HealthpostToStore/Page_Store/input_txtprice' is: '380'

2018-05-28 10:33:54 - [MESSAGE][PASSED] - Attribute 'value' of object 'Object Repository/HealthpostToStore/Page_Store/input_txtprice' is: '380'

2018-05-28 10:33:54 - [TEST_STEP][PASSED] - Statement - out.println("Stock QTY : " + StockQty): null

2018-05-28 10:33:54 - [TEST_STEP][PASSED] - delay: Delayed 2 second(s)

2018-05-28 10:33:56 - [MESSAGE][PASSED] - Delayed 2 second(s)

2018-05-28 10:33:56 - [TEST_STEP][PASSED] - Statement - If (java.lang.String.valueOf(StockQty) >= java.lang.String.valueOf(RequestedQty)): null

2018-05-28 10:33:56 - [TEST_STEP][PASSED] - setText: Text '10' is set on object 'Object Repository/HealthpostToStore/Page_Store/input_txtqty'

2018-05-28 10:33:56 - [MESSAGE][PASSED] - Text '10' is set on object 'Object Repository/HealthpostToStore/Page_Store/input_txtqty'

2018-05-28 10:33:56 - [TEST_STEP][PASSED] - click: Object: 'Object Repository/HealthpostToStore/Page_Store/button_Add' is clicked on

2018-05-28 10:33:56 - [MESSAGE][PASSED] - Object: 'Object Repository/HealthpostToStore/Page_Store/button_Add' is clicked on

2018-05-28 10:33:56 - [TEST_STEP][PASSED] - Statement - Break: null

2018-05-28 10:33:56 - [TEST_STEP][PASSED] - selectOptionByIndex: All options with index in [7] are selected on object 'Object Repository/HealthpostToStore/Page_Store/select_--Select--Adernaline 0.'

2018-05-28 10:33:56 - [MESSAGE][PASSED] - All options with index in [7] are selected on object 'Object Repository/HealthpostToStore/Page_Store/select_--Select--Adernaline 0.'

2018-05-28 10:33:56 - [TEST_STEP][PASSED] - delay: Delayed 2 second(s)

2018-05-28 10:33:58 - [MESSAGE][PASSED] - Delayed 2 second(s)

2018-05-28 10:33:58 - [TEST_STEP][PASSED] - Statement - RequestedQty = com.kms.katalon.core.webui.keyword.WebUiBuiltInKeywords.getAttribute(com.kms.katalon.core.testobject.ObjectRepository.findTestObject(HealthpostToStore/Page_Store/input_txttotal), "value"): Attribute 'value' of object 'Object Repository/HealthpostToStore/Page_Store/input_txttotal' is: '10'

2018-05-28 10:33:58 - [MESSAGE][PASSED] - Attribute 'value' of object 'Object Repository/HealthpostToStore/Page_Store/input_txttotal' is: '10'

2018-05-28 10:33:58 - [TEST_STEP][PASSED] - Statement - out.println("Requested QTY : " + RequestedQty): null

2018-05-28 10:33:58 - [TEST_STEP][PASSED] - Statement - BatchNumber = com.kms.katalon.core.webui.keyword.WebUiBuiltInKeywords.getNumberOfTotalOption(com.kms.katalon.core.testobject.ObjectRepository.findTestObject(HealthpostToStore/Page_Store/select_--Select--BA1170BA2376B)): 4 options of object 'Object Repository/HealthpostToStore/Page_Store/select_--Select--BA1170BA2376B' counted

2018-05-28 10:33:58 - [MESSAGE][PASSED] - 4 options of object 'Object Repository/HealthpostToStore/Page_Store/select_--Select--BA1170BA2376B' counted

2018-05-28 10:33:58 - [TEST_STEP][PASSED] - Statement - For ([g = 1, g <= BatchNumber - 1, (g++)]): null

2018-05-28 10:33:58 - [TEST_STEP][PASSED] - selectOptionByIndex: All options with index in [1] are selected on object 'Object Repository/HealthpostToStore/Page_Store/select_--Select--BA1170BA2376B'

2018-05-28 10:33:58 - [MESSAGE][PASSED] - All options with index in [1] are selected on object 'Object Repository/HealthpostToStore/Page_Store/select_--Select--BA1170BA2376B'

2018-05-28 10:33:58 - [TEST_STEP][PASSED] - Statement - Try: null

2018-05-28 10:33:58 - [TEST_STEP][PASSED] - Statement - StockQty = com.kms.katalon.core.webui.keyword.WebUiBuiltInKeywords.getAttribute(com.kms.katalon.core.testobject.ObjectRepository.findTestObject(HealthpostToStore/Page_Store/input_txtprice), "value"): Attribute 'value' of object 'Object Repository/HealthpostToStore/Page_Store/input_txtprice' is: '80'

2018-05-28 10:33:58 - [MESSAGE][PASSED] - Attribute 'value' of object 'Object Repository/HealthpostToStore/Page_Store/input_txtprice' is: '80'

2018-05-28 10:33:58 - [TEST_STEP][PASSED] - Statement - out.println("Stock QTY : " + StockQty): null

2018-05-28 10:33:58 - [TEST_STEP][PASSED] - delay: Delayed 2 second(s)

2018-05-28 10:34:00 - [MESSAGE][PASSED] - Delayed 2 second(s)

2018-05-28 10:34:00 - [TEST_STEP][PASSED] - Statement - If (java.lang.String.valueOf(StockQty) >= java.lang.String.valueOf(RequestedQty)): null

2018-05-28 10:34:00 - [TEST_STEP][PASSED] - setText: Text '10' is set on object 'Object Repository/HealthpostToStore/Page_Store/input_txtqty'

2018-05-28 10:34:00 - [MESSAGE][PASSED] - Text '10' is set on object 'Object Repository/HealthpostToStore/Page_Store/input_txtqty'

2018-05-28 10:34:00 - [TEST_STEP][PASSED] - click: Object: 'Object Repository/HealthpostToStore/Page_Store/button_Add' is clicked on

2018-05-28 10:34:01 - [MESSAGE][PASSED] - Object: 'Object Repository/HealthpostToStore/Page_Store/button_Add' is clicked on

2018-05-28 10:34:01 - [TEST_STEP][PASSED] - Statement - Break: null

2018-05-28 10:34:01 - [TEST_STEP][PASSED] - selectOptionByIndex: All options with index in [8] are selected on object 'Object Repository/HealthpostToStore/Page_Store/select_--Select--Adernaline 0.'

2018-05-28 10:34:01 - [MESSAGE][PASSED] - All options with index in [8] are selected on object 'Object Repository/HealthpostToStore/Page_Store/select_--Select--Adernaline 0.'

2018-05-28 10:34:01 - [TEST_STEP][PASSED] - delay: Delayed 2 second(s)

2018-05-28 10:34:03 - [MESSAGE][PASSED] - Delayed 2 second(s)

2018-05-28 10:34:03 - [TEST_STEP][PASSED] - Statement - RequestedQty = com.kms.katalon.core.webui.keyword.WebUiBuiltInKeywords.getAttribute(com.kms.katalon.core.testobject.ObjectRepository.findTestObject(HealthpostToStore/Page_Store/input_txttotal), "value"): Attribute 'value' of object 'Object Repository/HealthpostToStore/Page_Store/input_txttotal' is: '10'

2018-05-28 10:34:03 - [MESSAGE][PASSED] - Attribute 'value' of object 'Object Repository/HealthpostToStore/Page_Store/input_txttotal' is: '10'

2018-05-28 10:34:03 - [TEST_STEP][PASSED] - Statement - out.println("Requested QTY : " + RequestedQty): null

2018-05-28 10:34:03 - [TEST_STEP][PASSED] - Statement - BatchNumber = com.kms.katalon.core.webui.keyword.WebUiBuiltInKeywords.getNumberOfTotalOption(com.kms.katalon.core.testobject.ObjectRepository.findTestObject(HealthpostToStore/Page_Store/select_--Select--BA1170BA2376B)): 4 options of object 'Object Repository/HealthpostToStore/Page_Store/select_--Select--BA1170BA2376B' counted

2018-05-28 10:34:03 - [MESSAGE][PASSED] - 4 options of object 'Object Repository/HealthpostToStore/Page_Store/select_--Select--BA1170BA2376B' counted

2018-05-28 10:34:03 - [TEST_STEP][PASSED] - Statement - For ([g = 1, g <= BatchNumber - 1, (g++)]): null

2018-05-28 10:34:03 - [TEST_STEP][PASSED] - selectOptionByIndex: All options with index in [1] are selected on object 'Object Repository/HealthpostToStore/Page_Store/select_--Select--BA1170BA2376B'

2018-05-28 10:34:03 - [MESSAGE][PASSED] - All options with index in [1] are selected on object 'Object Repository/HealthpostToStore/Page_Store/select_--Select--BA1170BA2376B'

2018-05-28 10:34:03 - [TEST_STEP][PASSED] - Statement - Try: null

2018-05-28 10:34:03 - [TEST_STEP][PASSED] - Statement - StockQty = com.kms.katalon.core.webui.keyword.WebUiBuiltInKeywords.getAttribute(com.kms.katalon.core.testobject.ObjectRepository.findTestObject(HealthpostToStore/Page_Store/input_txtprice), "value"): Attribute 'value' of object 'Object Repository/HealthpostToStore/Page_Store/input_txtprice' is: '80'

2018-05-28 10:34:03 - [MESSAGE][PASSED] - Attribute 'value' of object 'Object Repository/HealthpostToStore/Page_Store/input_txtprice' is: '80'

2018-05-28 10:34:03 - [TEST_STEP][PASSED] - Statement - out.println("Stock QTY : " + StockQty): null

2018-05-28 10:34:03 - [TEST_STEP][PASSED] - delay: Delayed 2 second(s)

2018-05-28 10:34:05 - [MESSAGE][PASSED] - Delayed 2 second(s)

2018-05-28 10:34:05 - [TEST_STEP][PASSED] - Statement - If (java.lang.String.valueOf(StockQty) >= java.lang.String.valueOf(RequestedQty)): null

2018-05-28 10:34:05 - [TEST_STEP][PASSED] - setText: Text '10' is set on object 'Object Repository/HealthpostToStore/Page_Store/input_txtqty'

2018-05-28 10:34:05 - [MESSAGE][PASSED] - Text '10' is set on object 'Object Repository/HealthpostToStore/Page_Store/input_txtqty'

2018-05-28 10:34:05 - [TEST_STEP][PASSED] - click: Object: 'Object Repository/HealthpostToStore/Page_Store/button_Add' is clicked on

2018-05-28 10:34:05 - [MESSAGE][PASSED] - Object: 'Object Repository/HealthpostToStore/Page_Store/button_Add' is clicked on

2018-05-28 10:34:05 - [TEST_STEP][PASSED] - Statement - Break: null

2018-05-28 10:34:05 - [TEST_STEP][PASSED] - selectOptionByIndex: All options with index in [9] are selected on object 'Object Repository/HealthpostToStore/Page_Store/select_--Select--Adernaline 0.'

2018-05-28 10:34:05 - [MESSAGE][PASSED] - All options with index in [9] are selected on object 'Object Repository/HealthpostToStore/Page_Store/select_--Select--Adernaline 0.'

2018-05-28 10:34:05 - [TEST_STEP][PASSED] - delay: Delayed 2 second(s)

2018-05-28 10:34:07 - [MESSAGE][PASSED] - Delayed 2 second(s)

2018-05-28 10:34:07 - [TEST_STEP][PASSED] - Statement - RequestedQty = com.kms.katalon.core.webui.keyword.WebUiBuiltInKeywords.getAttribute(com.kms.katalon.core.testobject.ObjectRepository.findTestObject(HealthpostToStore/Page_Store/input_txttotal), "value"): Attribute 'value' of object 'Object Repository/HealthpostToStore/Page_Store/input_txttotal' is: '10'

2018-05-28 10:34:07 - [MESSAGE][PASSED] - Attribute 'value' of object 'Object Repository/HealthpostToStore/Page_Store/input_txttotal' is: '10'

2018-05-28 10:34:07 - [TEST_STEP][PASSED] - Statement - out.println("Requested QTY : " + RequestedQty): null

2018-05-28 10:34:07 - [TEST_STEP][PASSED] - Statement - BatchNumber = com.kms.katalon.core.webui.keyword.WebUiBuiltInKeywords.getNumberOfTotalOption(com.kms.katalon.core.testobject.ObjectRepository.findTestObject(HealthpostToStore/Page_Store/select_--Select--BA1170BA2376B)): 3 options of object 'Object Repository/HealthpostToStore/Page_Store/select_--Select--BA1170BA2376B' counted

2018-05-28 10:34:08 - [MESSAGE][PASSED] - 3 options of object 'Object Repository/HealthpostToStore/Page_Store/select_--Select--BA1170BA2376B' counted

2018-05-28 10:34:08 - [TEST_STEP][PASSED] - Statement - For ([g = 1, g <= BatchNumber - 1, (g++)]): null

2018-05-28 10:34:08 - [TEST_STEP][PASSED] - selectOptionByIndex: All options with index in [1] are selected on object 'Object Repository/HealthpostToStore/Page_Store/select_--Select--BA1170BA2376B'

2018-05-28 10:34:08 - [MESSAGE][PASSED] - All options with index in [1] are selected on object 'Object Repository/HealthpostToStore/Page_Store/select_--Select--BA1170BA2376B'

2018-05-28 10:34:08 - [TEST_STEP][PASSED] - Statement - Try: null

2018-05-28 10:34:08 - [TEST_STEP][PASSED] - Statement - StockQty = com.kms.katalon.core.webui.keyword.WebUiBuiltInKeywords.getAttribute(com.kms.katalon.core.testobject.ObjectRepository.findTestObject(HealthpostToStore/Page_Store/input_txtprice), "value"): Attribute 'value' of object 'Object Repository/HealthpostToStore/Page_Store/input_txtprice' is: '380'

2018-05-28 10:34:08 - [MESSAGE][PASSED] - Attribute 'value' of object 'Object Repository/HealthpostToStore/Page_Store/input_txtprice' is: '380'

2018-05-28 10:34:08 - [TEST_STEP][PASSED] - Statement - out.println("Stock QTY : " + StockQty): null

2018-05-28 10:34:08 - [TEST_STEP][PASSED] - delay: Delayed 2 second(s)

2018-05-28 10:34:10 - [MESSAGE][PASSED] - Delayed 2 second(s)

2018-05-28 10:34:10 - [TEST_STEP][PASSED] - Statement - If (java.lang.String.valueOf(StockQty) >= java.lang.String.valueOf(RequestedQty)): null

2018-05-28 10:34:10 - [TEST_STEP][PASSED] - setText: Text '10' is set on object 'Object Repository/HealthpostToStore/Page_Store/input_txtqty'

2018-05-28 10:34:10 - [MESSAGE][PASSED] - Text '10' is set on object 'Object Repository/HealthpostToStore/Page_Store/input_txtqty'

2018-05-28 10:34:10 - [TEST_STEP][PASSED] - click: Object: 'Object Repository/HealthpostToStore/Page_Store/button_Add' is clicked on

2018-05-28 10:34:10 - [MESSAGE][PASSED] - Object: 'Object Repository/HealthpostToStore/Page_Store/button_Add' is clicked on

2018-05-28 10:34:10 - [TEST_STEP][PASSED] - Statement - Break: null

2018-05-28 10:34:10 - [TEST_STEP][PASSED] - selectOptionByIndex: All options with index in [10] are selected on object 'Object Repository/HealthpostToStore/Page_Store/select_--Select--Adernaline 0.'

2018-05-28 10:34:10 - [MESSAGE][PASSED] - All options with index in [10] are selected on object 'Object Repository/HealthpostToStore/Page_Store/select_--Select--Adernaline 0.'

2018-05-28 10:34:10 - [TEST_STEP][PASSED] - delay: Delayed 2 second(s)

2018-05-28 10:34:12 - [MESSAGE][PASSED] - Delayed 2 second(s)

2018-05-28 10:34:12 - [TEST_STEP][PASSED] - Statement - RequestedQty = com.kms.katalon.core.webui.keyword.WebUiBuiltInKeywords.getAttribute(com.kms.katalon.core.testobject.ObjectRepository.findTestObject(HealthpostToStore/Page_Store/input_txttotal), "value"): Attribute 'value' of object 'Object Repository/HealthpostToStore/Page_Store/input_txttotal' is: '10'

2018-05-28 10:34:12 - [MESSAGE][PASSED] - Attribute 'value' of object 'Object Repository/HealthpostToStore/Page_Store/input_txttotal' is: '10'

2018-05-28 10:34:12 - [TEST_STEP][PASSED] - Statement - out.println("Requested QTY : " + RequestedQty): null

2018-05-28 10:34:12 - [TEST_STEP][PASSED] - Statement - BatchNumber = com.kms.katalon.core.webui.keyword.WebUiBuiltInKeywords.getNumberOfTotalOption(com.kms.katalon.core.testobject.ObjectRepository.findTestObject(HealthpostToStore/Page_Store/select_--Select--BA1170BA2376B)): 4 options of object 'Object Repository/HealthpostToStore/Page_Store/select_--Select--BA1170BA2376B' counted

2018-05-28 10:34:12 - [MESSAGE][PASSED] - 4 options of object 'Object Repository/HealthpostToStore/Page_Store/select_--Select--BA1170BA2376B' counted

2018-05-28 10:34:12 - [TEST_STEP][PASSED] - Statement - For ([g = 1, g <= BatchNumber - 1, (g++)]): null

2018-05-28 10:34:12 - [TEST_STEP][PASSED] - selectOptionByIndex: All options with index in [1] are selected on object 'Object Repository/HealthpostToStore/Page_Store/select_--Select--BA1170BA2376B'

2018-05-28 10:34:12 - [MESSAGE][PASSED] - All options with index in [1] are selected on object 'Object Repository/HealthpostToStore/Page_Store/select_--Select--BA1170BA2376B'

2018-05-28 10:34:12 - [TEST_STEP][PASSED] - Statement - Try: null

2018-05-28 10:34:12 - [TEST_STEP][PASSED] - Statement - StockQty = com.kms.katalon.core.webui.keyword.WebUiBuiltInKeywords.getAttribute(com.kms.katalon.core.testobject.ObjectRepository.findTestObject(HealthpostToStore/Page_Store/input_txtprice), "value"): Attribute 'value' of object 'Object Repository/HealthpostToStore/Page_Store/input_txtprice' is: '380'

2018-05-28 10:34:12 - [MESSAGE][PASSED] - Attribute 'value' of object 'Object Repository/HealthpostToStore/Page_Store/input_txtprice' is: '380'

2018-05-28 10:34:12 - [TEST_STEP][PASSED] - Statement - out.println("Stock QTY : " + StockQty): null

2018-05-28 10:34:12 - [TEST_STEP][PASSED] - delay: Delayed 2 second(s)

2018-05-28 10:34:14 - [MESSAGE][PASSED] - Delayed 2 second(s)

2018-05-28 10:34:14 - [TEST_STEP][PASSED] - Statement - If (java.lang.String.valueOf(StockQty) >= java.lang.String.valueOf(RequestedQty)): null

2018-05-28 10:34:14 - [TEST_STEP][PASSED] - setText: Text '10' is set on object 'Object Repository/HealthpostToStore/Page_Store/input_txtqty'

2018-05-28 10:34:15 - [MESSAGE][PASSED] - Text '10' is set on object 'Object Repository/HealthpostToStore/Page_Store/input_txtqty'

2018-05-28 10:34:15 - [TEST_STEP][PASSED] - click: Object: 'Object Repository/HealthpostToStore/Page_Store/button_Add' is clicked on

2018-05-28 10:34:15 - [MESSAGE][PASSED] - Object: 'Object Repository/HealthpostToStore/Page_Store/button_Add' is clicked on

2018-05-28 10:34:15 - [TEST_STEP][PASSED] - Statement - Break: null

2018-05-28 10:34:15 - [TEST_STEP][PASSED] - selectOptionByIndex: All options with index in [11] are selected on object 'Object Repository/HealthpostToStore/Page_Store/select_--Select--Adernaline 0.'

2018-05-28 10:34:15 - [MESSAGE][PASSED] - All options with index in [11] are selected on object 'Object Repository/HealthpostToStore/Page_Store/select_--Select--Adernaline 0.'

2018-05-28 10:34:15 - [TEST_STEP][PASSED] - delay: Delayed 2 second(s)

2018-05-28 10:34:17 - [MESSAGE][PASSED] - Delayed 2 second(s)

2018-05-28 10:34:17 - [TEST_STEP][PASSED] - Statement - RequestedQty = com.kms.katalon.core.webui.keyword.WebUiBuiltInKeywords.getAttribute(com.kms.katalon.core.testobject.ObjectRepository.findTestObject(HealthpostToStore/Page_Store/input_txttotal), "value"): Attribute 'value' of object 'Object Repository/HealthpostToStore/Page_Store/input_txttotal' is: '10'

2018-05-28 10:34:17 - [MESSAGE][PASSED] - Attribute 'value' of object 'Object Repository/HealthpostToStore/Page_Store/input_txttotal' is: '10'

2018-05-28 10:34:17 - [TEST_STEP][PASSED] - Statement - out.println("Requested QTY : " + RequestedQty): null

2018-05-28 10:34:17 - [TEST_STEP][PASSED] - Statement - BatchNumber = com.kms.katalon.core.webui.keyword.WebUiBuiltInKeywords.getNumberOfTotalOption(com.kms.katalon.core.testobject.ObjectRepository.findTestObject(HealthpostToStore/Page_Store/select_--Select--BA1170BA2376B)): 2 options of object 'Object Repository/HealthpostToStore/Page_Store/select_--Select--BA1170BA2376B' counted

2018-05-28 10:34:17 - [MESSAGE][PASSED] - 2 options of object 'Object Repository/HealthpostToStore/Page_Store/select_--Select--BA1170BA2376B' counted

2018-05-28 10:34:17 - [TEST_STEP][PASSED] - Statement - For ([g = 1, g <= BatchNumber - 1, (g++)]): null

2018-05-28 10:34:17 - [TEST_STEP][PASSED] - selectOptionByIndex: All options with index in [1] are selected on object 'Object Repository/HealthpostToStore/Page_Store/select_--Select--BA1170BA2376B'

2018-05-28 10:34:17 - [MESSAGE][PASSED] - All options with index in [1] are selected on object 'Object Repository/HealthpostToStore/Page_Store/select_--Select--BA1170BA2376B'

2018-05-28 10:34:17 - [TEST_STEP][PASSED] - Statement - Try: null

2018-05-28 10:34:17 - [TEST_STEP][PASSED] - Statement - StockQty = com.kms.katalon.core.webui.keyword.WebUiBuiltInKeywords.getAttribute(com.kms.katalon.core.testobject.ObjectRepository.findTestObject(HealthpostToStore/Page_Store/input_txtprice), "value"): Attribute 'value' of object 'Object Repository/HealthpostToStore/Page_Store/input_txtprice' is: '1540'

2018-05-28 10:34:17 - [MESSAGE][PASSED] - Attribute 'value' of object 'Object Repository/HealthpostToStore/Page_Store/input_txtprice' is: '1540'

2018-05-28 10:34:17 - [TEST_STEP][PASSED] - Statement - out.println("Stock QTY : " + StockQty): null

2018-05-28 10:34:17 - [TEST_STEP][PASSED] - delay: Delayed 2 second(s)

2018-05-28 10:34:19 - [MESSAGE][PASSED] - Delayed 2 second(s)

2018-05-28 10:34:19 - [TEST_STEP][PASSED] - Statement - If (java.lang.String.valueOf(StockQty) >= java.lang.String.valueOf(RequestedQty)): null

2018-05-28 10:34:19 - [TEST_STEP][PASSED] - setText: Text '10' is set on object 'Object Repository/HealthpostToStore/Page_Store/input_txtqty'

2018-05-28 10:34:19 - [MESSAGE][PASSED] - Text '10' is set on object 'Object Repository/HealthpostToStore/Page_Store/input_txtqty'

2018-05-28 10:34:19 - [TEST_STEP][PASSED] - click: Object: 'Object Repository/HealthpostToStore/Page_Store/button_Add' is clicked on

2018-05-28 10:34:19 - [MESSAGE][PASSED] - Object: 'Object Repository/HealthpostToStore/Page_Store/button_Add' is clicked on

2018-05-28 10:34:19 - [TEST_STEP][PASSED] - Statement - Break: null

2018-05-28 10:34:19 - [TEST_STEP][PASSED] - selectOptionByIndex: All options with index in [12] are selected on object 'Object Repository/HealthpostToStore/Page_Store/select_--Select--Adernaline 0.'

2018-05-28 10:34:19 - [MESSAGE][PASSED] - All options with index in [12] are selected on object 'Object Repository/HealthpostToStore/Page_Store/select_--Select--Adernaline 0.'

2018-05-28 10:34:19 - [TEST_STEP][PASSED] - delay: Delayed 2 second(s)

2018-05-28 10:34:21 - [MESSAGE][PASSED] - Delayed 2 second(s)

2018-05-28 10:34:21 - [TEST_STEP][PASSED] - Statement - RequestedQty = com.kms.katalon.core.webui.keyword.WebUiBuiltInKeywords.getAttribute(com.kms.katalon.core.testobject.ObjectRepository.findTestObject(HealthpostToStore/Page_Store/input_txttotal), "value"): Attribute 'value' of object 'Object Repository/HealthpostToStore/Page_Store/input_txttotal' is: '10'

2018-05-28 10:34:22 - [MESSAGE][PASSED] - Attribute 'value' of object 'Object Repository/HealthpostToStore/Page_Store/input_txttotal' is: '10'

2018-05-28 10:34:22 - [TEST_STEP][PASSED] - Statement - out.println("Requested QTY : " + RequestedQty): null

2018-05-28 10:34:22 - [TEST_STEP][PASSED] - Statement - BatchNumber = com.kms.katalon.core.webui.keyword.WebUiBuiltInKeywords.getNumberOfTotalOption(com.kms.katalon.core.testobject.ObjectRepository.findTestObject(HealthpostToStore/Page_Store/select_--Select--BA1170BA2376B)): 3 options of object 'Object Repository/HealthpostToStore/Page_Store/select_--Select--BA1170BA2376B' counted

2018-05-28 10:34:22 - [MESSAGE][PASSED] - 3 options of object 'Object Repository/HealthpostToStore/Page_Store/select_--Select--BA1170BA2376B' counted

2018-05-28 10:34:22 - [TEST_STEP][PASSED] - Statement - For ([g = 1, g <= BatchNumber - 1, (g++)]): null

2018-05-28 10:34:22 - [TEST_STEP][PASSED] - selectOptionByIndex: All options with index in [1] are selected on object 'Object Repository/HealthpostToStore/Page_Store/select_--Select--BA1170BA2376B'

2018-05-28 10:34:22 - [MESSAGE][PASSED] - All options with index in [1] are selected on object 'Object Repository/HealthpostToStore/Page_Store/select_--Select--BA1170BA2376B'

2018-05-28 10:34:22 - [TEST_STEP][PASSED] - Statement - Try: null

2018-05-28 10:34:22 - [TEST_STEP][PASSED] - Statement - StockQty = com.kms.katalon.core.webui.keyword.WebUiBuiltInKeywords.getAttribute(com.kms.katalon.core.testobject.ObjectRepository.findTestObject(HealthpostToStore/Page_Store/input_txtprice), "value"): Attribute 'value' of object 'Object Repository/HealthpostToStore/Page_Store/input_txtprice' is: '1340'

2018-05-28 10:34:22 - [MESSAGE][PASSED] - Attribute 'value' of object 'Object Repository/HealthpostToStore/Page_Store/input_txtprice' is: '1340'

2018-05-28 10:34:22 - [TEST_STEP][PASSED] - Statement - out.println("Stock QTY : " + StockQty): null

2018-05-28 10:34:22 - [TEST_STEP][PASSED] - delay: Delayed 2 second(s)

2018-05-28 10:34:24 - [MESSAGE][PASSED] - Delayed 2 second(s)

2018-05-28 10:34:24 - [TEST_STEP][PASSED] - Statement - If (java.lang.String.valueOf(StockQty) >= java.lang.String.valueOf(RequestedQty)): null

2018-05-28 10:34:24 - [TEST_STEP][PASSED] - setText: Text '10' is set on object 'Object Repository/HealthpostToStore/Page_Store/input_txtqty'

2018-05-28 10:34:24 - [MESSAGE][PASSED] - Text '10' is set on object 'Object Repository/HealthpostToStore/Page_Store/input_txtqty'

2018-05-28 10:34:24 - [TEST_STEP][PASSED] - click: Object: 'Object Repository/HealthpostToStore/Page_Store/button_Add' is clicked on

2018-05-28 10:34:24 - [MESSAGE][PASSED] - Object: 'Object Repository/HealthpostToStore/Page_Store/button_Add' is clicked on

2018-05-28 10:34:24 - [TEST_STEP][PASSED] - Statement - Break: null

2018-05-28 10:34:24 - [TEST_STEP][PASSED] - selectOptionByIndex: All options with index in [13] are selected on object 'Object Repository/HealthpostToStore/Page_Store/select_--Select--Adernaline 0.'

2018-05-28 10:34:24 - [MESSAGE][PASSED] - All options with index in [13] are selected on object 'Object Repository/HealthpostToStore/Page_Store/select_--Select--Adernaline 0.'

2018-05-28 10:34:24 - [TEST_STEP][PASSED] - delay: Delayed 2 second(s)

2018-05-28 10:34:26 - [MESSAGE][PASSED] - Delayed 2 second(s)

2018-05-28 10:34:26 - [TEST_STEP][PASSED] - Statement - RequestedQty = com.kms.katalon.core.webui.keyword.WebUiBuiltInKeywords.getAttribute(com.kms.katalon.core.testobject.ObjectRepository.findTestObject(HealthpostToStore/Page_Store/input_txttotal), "value"): Attribute 'value' of object 'Object Repository/HealthpostToStore/Page_Store/input_txttotal' is: '10'

2018-05-28 10:34:26 - [MESSAGE][PASSED] - Attribute 'value' of object 'Object Repository/HealthpostToStore/Page_Store/input_txttotal' is: '10'

2018-05-28 10:34:26 - [TEST_STEP][PASSED] - Statement - out.println("Requested QTY : " + RequestedQty): null

2018-05-28 10:34:26 - [TEST_STEP][PASSED] - Statement - BatchNumber = com.kms.katalon.core.webui.keyword.WebUiBuiltInKeywords.getNumberOfTotalOption(com.kms.katalon.core.testobject.ObjectRepository.findTestObject(HealthpostToStore/Page_Store/select_--Select--BA1170BA2376B)): 3 options of object 'Object Repository/HealthpostToStore/Page_Store/select_--Select--BA1170BA2376B' counted

2018-05-28 10:34:26 - [MESSAGE][PASSED] - 3 options of object 'Object Repository/HealthpostToStore/Page_Store/select_--Select--BA1170BA2376B' counted

2018-05-28 10:34:26 - [TEST_STEP][PASSED] - Statement - For ([g = 1, g <= BatchNumber - 1, (g++)]): null

2018-05-28 10:34:26 - [TEST_STEP][PASSED] - selectOptionByIndex: All options with index in [1] are selected on object 'Object Repository/HealthpostToStore/Page_Store/select_--Select--BA1170BA2376B'

2018-05-28 10:34:26 - [MESSAGE][PASSED] - All options with index in [1] are selected on object 'Object Repository/HealthpostToStore/Page_Store/select_--Select--BA1170BA2376B'

2018-05-28 10:34:26 - [TEST_STEP][PASSED] - Statement - Try: null

2018-05-28 10:34:26 - [TEST_STEP][PASSED] - Statement - StockQty = com.kms.katalon.core.webui.keyword.WebUiBuiltInKeywords.getAttribute(com.kms.katalon.core.testobject.ObjectRepository.findTestObject(HealthpostToStore/Page_Store/input_txtprice), "value"): Attribute 'value' of object 'Object Repository/HealthpostToStore/Page_Store/input_txtprice' is: '380'

2018-05-28 10:34:26 - [MESSAGE][PASSED] - Attribute 'value' of object 'Object Repository/HealthpostToStore/Page_Store/input_txtprice' is: '380'

2018-05-28 10:34:26 - [TEST_STEP][PASSED] - Statement - out.println("Stock QTY : " + StockQty): null

2018-05-28 10:34:26 - [TEST_STEP][PASSED] - delay: Delayed 2 second(s)

2018-05-28 10:34:28 - [MESSAGE][PASSED] - Delayed 2 second(s)

2018-05-28 10:34:28 - [TEST_STEP][PASSED] - Statement - If (java.lang.String.valueOf(StockQty) >= java.lang.String.valueOf(RequestedQty)): null

2018-05-28 10:34:28 - [TEST_STEP][PASSED] - setText: Text '10' is set on object 'Object Repository/HealthpostToStore/Page_Store/input_txtqty'

2018-05-28 10:34:28 - [MESSAGE][PASSED] - Text '10' is set on object 'Object Repository/HealthpostToStore/Page_Store/input_txtqty'

2018-05-28 10:34:28 - [TEST_STEP][PASSED] - click: Object: 'Object Repository/HealthpostToStore/Page_Store/button_Add' is clicked on

2018-05-28 10:34:29 - [MESSAGE][PASSED] - Object: 'Object Repository/HealthpostToStore/Page_Store/button_Add' is clicked on

2018-05-28 10:34:29 - [TEST_STEP][PASSED] - Statement - Break: null

2018-05-28 10:34:29 - [TEST_STEP][PASSED] - selectOptionByIndex: All options with index in [14] are selected on object 'Object Repository/HealthpostToStore/Page_Store/select_--Select--Adernaline 0.'

2018-05-28 10:34:29 - [MESSAGE][PASSED] - All options with index in [14] are selected on object 'Object Repository/HealthpostToStore/Page_Store/select_--Select--Adernaline 0.'

2018-05-28 10:34:29 - [TEST_STEP][PASSED] - delay: Delayed 2 second(s)

2018-05-28 10:34:31 - [MESSAGE][PASSED] - Delayed 2 second(s)

2018-05-28 10:34:31 - [TEST_STEP][PASSED] - Statement - RequestedQty = com.kms.katalon.core.webui.keyword.WebUiBuiltInKeywords.getAttribute(com.kms.katalon.core.testobject.ObjectRepository.findTestObject(HealthpostToStore/Page_Store/input_txttotal), "value"): Attribute 'value' of object 'Object Repository/HealthpostToStore/Page_Store/input_txttotal' is: '10'

2018-05-28 10:34:31 - [MESSAGE][PASSED] - Attribute 'value' of object 'Object Repository/HealthpostToStore/Page_Store/input_txttotal' is: '10'

2018-05-28 10:34:31 - [TEST_STEP][PASSED] - Statement - out.println("Requested QTY : " + RequestedQty): null

2018-05-28 10:34:31 - [TEST_STEP][PASSED] - Statement - BatchNumber = com.kms.katalon.core.webui.keyword.WebUiBuiltInKeywords.getNumberOfTotalOption(com.kms.katalon.core.testobject.ObjectRepository.findTestObject(HealthpostToStore/Page_Store/select_--Select--BA1170BA2376B)): 3 options of object 'Object Repository/HealthpostToStore/Page_Store/select_--Select--BA1170BA2376B' counted

2018-05-28 10:34:31 - [MESSAGE][PASSED] - 3 options of object 'Object Repository/HealthpostToStore/Page_Store/select_--Select--BA1170BA2376B' counted

2018-05-28 10:34:31 - [TEST_STEP][PASSED] - Statement - For ([g = 1, g <= BatchNumber - 1, (g++)]): null

2018-05-28 10:34:31 - [TEST_STEP][PASSED] - selectOptionByIndex: All options with index in [1] are selected on object 'Object Repository/HealthpostToStore/Page_Store/select_--Select--BA1170BA2376B'

2018-05-28 10:34:31 - [MESSAGE][PASSED] - All options with index in [1] are selected on object 'Object Repository/HealthpostToStore/Page_Store/select_--Select--BA1170BA2376B'

2018-05-28 10:34:31 - [TEST_STEP][PASSED] - Statement - Try: null

2018-05-28 10:34:31 - [TEST_STEP][PASSED] - Statement - StockQty = com.kms.katalon.core.webui.keyword.WebUiBuiltInKeywords.getAttribute(com.kms.katalon.core.testobject.ObjectRepository.findTestObject(HealthpostToStore/Page_Store/input_txtprice), "value"): Attribute 'value' of object 'Object Repository/HealthpostToStore/Page_Store/input_txtprice' is: '80'

2018-05-28 10:34:31 - [MESSAGE][PASSED] - Attribute 'value' of object 'Object Repository/HealthpostToStore/Page_Store/input_txtprice' is: '80'

2018-05-28 10:34:31 - [TEST_STEP][PASSED] - Statement - out.println("Stock QTY : " + StockQty): null

2018-05-28 10:34:31 - [TEST_STEP][PASSED] - delay: Delayed 2 second(s)

2018-05-28 10:34:33 - [MESSAGE][PASSED] - Delayed 2 second(s)

2018-05-28 10:34:33 - [TEST_STEP][PASSED] - Statement - If (java.lang.String.valueOf(StockQty) >= java.lang.String.valueOf(RequestedQty)): null

2018-05-28 10:34:33 - [TEST_STEP][PASSED] - setText: Text '10' is set on object 'Object Repository/HealthpostToStore/Page_Store/input_txtqty'

2018-05-28 10:34:33 - [MESSAGE][PASSED] - Text '10' is set on object 'Object Repository/HealthpostToStore/Page_Store/input_txtqty'

2018-05-28 10:34:33 - [TEST_STEP][PASSED] - click: Object: 'Object Repository/HealthpostToStore/Page_Store/button_Add' is clicked on

2018-05-28 10:34:33 - [MESSAGE][PASSED] - Object: 'Object Repository/HealthpostToStore/Page_Store/button_Add' is clicked on

2018-05-28 10:34:33 - [TEST_STEP][PASSED] - Statement - Break: null

2018-05-28 10:34:33 - [TEST_STEP][PASSED] - selectOptionByIndex: All options with index in [15] are selected on object 'Object Repository/HealthpostToStore/Page_Store/select_--Select--Adernaline 0.'

2018-05-28 10:34:33 - [MESSAGE][PASSED] - All options with index in [15] are selected on object 'Object Repository/HealthpostToStore/Page_Store/select_--Select--Adernaline 0.'

2018-05-28 10:34:33 - [TEST_STEP][PASSED] - delay: Delayed 2 second(s)

2018-05-28 10:34:35 - [MESSAGE][PASSED] - Delayed 2 second(s)

2018-05-28 10:34:35 - [TEST_STEP][PASSED] - Statement - RequestedQty = com.kms.katalon.core.webui.keyword.WebUiBuiltInKeywords.getAttribute(com.kms.katalon.core.testobject.ObjectRepository.findTestObject(HealthpostToStore/Page_Store/input_txttotal), "value"): Attribute 'value' of object 'Object Repository/HealthpostToStore/Page_Store/input_txttotal' is: '10'

2018-05-28 10:34:35 - [MESSAGE][PASSED] - Attribute 'value' of object 'Object Repository/HealthpostToStore/Page_Store/input_txttotal' is: '10'

2018-05-28 10:34:35 - [TEST_STEP][PASSED] - Statement - out.println("Requested QTY : " + RequestedQty): null

2018-05-28 10:34:35 - [TEST_STEP][PASSED] - Statement - BatchNumber = com.kms.katalon.core.webui.keyword.WebUiBuiltInKeywords.getNumberOfTotalOption(com.kms.katalon.core.testobject.ObjectRepository.findTestObject(HealthpostToStore/Page_Store/select_--Select--BA1170BA2376B)): 2 options of object 'Object Repository/HealthpostToStore/Page_Store/select_--Select--BA1170BA2376B' counted

2018-05-28 10:34:35 - [MESSAGE][PASSED] - 2 options of object 'Object Repository/HealthpostToStore/Page_Store/select_--Select--BA1170BA2376B' counted

2018-05-28 10:34:35 - [TEST_STEP][PASSED] - Statement - For ([g = 1, g <= BatchNumber - 1, (g++)]): null

2018-05-28 10:34:35 - [TEST_STEP][PASSED] - selectOptionByIndex: All options with index in [1] are selected on object 'Object Repository/HealthpostToStore/Page_Store/select_--Select--BA1170BA2376B'

2018-05-28 10:34:36 - [MESSAGE][PASSED] - All options with index in [1] are selected on object 'Object Repository/HealthpostToStore/Page_Store/select_--Select--BA1170BA2376B'

2018-05-28 10:34:36 - [TEST_STEP][PASSED] - Statement - Try: null

2018-05-28 10:34:36 - [TEST_STEP][PASSED] - Statement - StockQty = com.kms.katalon.core.webui.keyword.WebUiBuiltInKeywords.getAttribute(com.kms.katalon.core.testobject.ObjectRepository.findTestObject(HealthpostToStore/Page_Store/input_txtprice), "value"): Attribute 'value' of object 'Object Repository/HealthpostToStore/Page_Store/input_txtprice' is: '1520'

2018-05-28 10:34:36 - [MESSAGE][PASSED] - Attribute 'value' of object 'Object Repository/HealthpostToStore/Page_Store/input_txtprice' is: '1520'

2018-05-28 10:34:36 - [TEST_STEP][PASSED] - Statement - out.println("Stock QTY : " + StockQty): null

2018-05-28 10:34:36 - [TEST_STEP][PASSED] - delay: Delayed 2 second(s)

2018-05-28 10:34:38 - [MESSAGE][PASSED] - Delayed 2 second(s)

2018-05-28 10:34:38 - [TEST_STEP][PASSED] - Statement - If (java.lang.String.valueOf(StockQty) >= java.lang.String.valueOf(RequestedQty)): null

2018-05-28 10:34:38 - [TEST_STEP][PASSED] - setText: Text '10' is set on object 'Object Repository/HealthpostToStore/Page_Store/input_txtqty'

2018-05-28 10:34:38 - [MESSAGE][PASSED] - Text '10' is set on object 'Object Repository/HealthpostToStore/Page_Store/input_txtqty'

2018-05-28 10:34:38 - [TEST_STEP][PASSED] - click: Object: 'Object Repository/HealthpostToStore/Page_Store/button_Add' is clicked on

2018-05-28 10:34:38 - [MESSAGE][PASSED] - Object: 'Object Repository/HealthpostToStore/Page_Store/button_Add' is clicked on

2018-05-28 10:34:38 - [TEST_STEP][PASSED] - Statement - Break: null

2018-05-28 10:34:38 - [TEST_STEP][PASSED] - selectOptionByIndex: All options with index in [16] are selected on object 'Object Repository/HealthpostToStore/Page_Store/select_--Select--Adernaline 0.'

2018-05-28 10:34:38 - [MESSAGE][PASSED] - All options with index in [16] are selected on object 'Object Repository/HealthpostToStore/Page_Store/select_--Select--Adernaline 0.'

2018-05-28 10:34:38 - [TEST_STEP][PASSED] - delay: Delayed 2 second(s)

2018-05-28 10:34:40 - [MESSAGE][PASSED] - Delayed 2 second(s)

2018-05-28 10:34:40 - [TEST_STEP][PASSED] - Statement - RequestedQty = com.kms.katalon.core.webui.keyword.WebUiBuiltInKeywords.getAttribute(com.kms.katalon.core.testobject.ObjectRepository.findTestObject(HealthpostToStore/Page_Store/input_txttotal), "value"): Attribute 'value' of object 'Object Repository/HealthpostToStore/Page_Store/input_txttotal' is: '10'

2018-05-28 10:34:40 - [MESSAGE][PASSED] - Attribute 'value' of object 'Object Repository/HealthpostToStore/Page_Store/input_txttotal' is: '10'

2018-05-28 10:34:40 - [TEST_STEP][PASSED] - Statement - out.println("Requested QTY : " + RequestedQty): null

2018-05-28 10:34:40 - [TEST_STEP][PASSED] - Statement - BatchNumber = com.kms.katalon.core.webui.keyword.WebUiBuiltInKeywords.getNumberOfTotalOption(com.kms.katalon.core.testobject.ObjectRepository.findTestObject(HealthpostToStore/Page_Store/select_--Select--BA1170BA2376B)): 2 options of object 'Object Repository/HealthpostToStore/Page_Store/select_--Select--BA1170BA2376B' counted

2018-05-28 10:34:40 - [MESSAGE][PASSED] - 2 options of object 'Object Repository/HealthpostToStore/Page_Store/select_--Select--BA1170BA2376B' counted

2018-05-28 10:34:40 - [TEST_STEP][PASSED] - Statement - For ([g = 1, g <= BatchNumber - 1, (g++)]): null

2018-05-28 10:34:40 - [TEST_STEP][PASSED] - selectOptionByIndex: All options with index in [1] are selected on object 'Object Repository/HealthpostToStore/Page_Store/select_--Select--BA1170BA2376B'

2018-05-28 10:34:40 - [MESSAGE][PASSED] - All options with index in [1] are selected on object 'Object Repository/HealthpostToStore/Page_Store/select_--Select--BA1170BA2376B'

2018-05-28 10:34:40 - [TEST_STEP][PASSED] - Statement - Try: null

2018-05-28 10:34:40 - [TEST_STEP][PASSED] - Statement - StockQty = com.kms.katalon.core.webui.keyword.WebUiBuiltInKeywords.getAttribute(com.kms.katalon.core.testobject.ObjectRepository.findTestObject(HealthpostToStore/Page_Store/input_txtprice), "value"): Attribute 'value' of object 'Object Repository/HealthpostToStore/Page_Store/input_txtprice' is: '1540'

2018-05-28 10:34:40 - [MESSAGE][PASSED] - Attribute 'value' of object 'Object Repository/HealthpostToStore/Page_Store/input_txtprice' is: '1540'

2018-05-28 10:34:40 - [TEST_STEP][PASSED] - Statement - out.println("Stock QTY : " + StockQty): null

2018-05-28 10:34:40 - [TEST_STEP][PASSED] - delay: Delayed 2 second(s)

2018-05-28 10:34:42 - [MESSAGE][PASSED] - Delayed 2 second(s)

2018-05-28 10:34:42 - [TEST_STEP][PASSED] - Statement - If (java.lang.String.valueOf(StockQty) >= java.lang.String.valueOf(RequestedQty)): null

2018-05-28 10:34:42 - [TEST_STEP][PASSED] - setText: Text '10' is set on object 'Object Repository/HealthpostToStore/Page_Store/input_txtqty'

2018-05-28 10:34:42 - [MESSAGE][PASSED] - Text '10' is set on object 'Object Repository/HealthpostToStore/Page_Store/input_txtqty'

2018-05-28 10:34:42 - [TEST_STEP][PASSED] - click: Object: 'Object Repository/HealthpostToStore/Page_Store/button_Add' is clicked on

2018-05-28 10:34:42 - [MESSAGE][PASSED] - Object: 'Object Repository/HealthpostToStore/Page_Store/button_Add' is clicked on

2018-05-28 10:34:42 - [TEST_STEP][PASSED] - Statement - Break: null

2018-05-28 10:34:42 - [TEST_STEP][PASSED] - selectOptionByIndex: All options with index in [17] are selected on object 'Object Repository/HealthpostToStore/Page_Store/select_--Select--Adernaline 0.'

2018-05-28 10:34:43 - [MESSAGE][PASSED] - All options with index in [17] are selected on object 'Object Repository/HealthpostToStore/Page_Store/select_--Select--Adernaline 0.'

2018-05-28 10:34:43 - [TEST_STEP][PASSED] - delay: Delayed 2 second(s)

2018-05-28 10:34:45 - [MESSAGE][PASSED] - Delayed 2 second(s)

2018-05-28 10:34:45 - [TEST_STEP][PASSED] - Statement - RequestedQty = com.kms.katalon.core.webui.keyword.WebUiBuiltInKeywords.getAttribute(com.kms.katalon.core.testobject.ObjectRepository.findTestObject(HealthpostToStore/Page_Store/input_txttotal), "value"): Attribute 'value' of object 'Object Repository/HealthpostToStore/Page_Store/input_txttotal' is: '10'

2018-05-28 10:34:45 - [MESSAGE][PASSED] - Attribute 'value' of object 'Object Repository/HealthpostToStore/Page_Store/input_txttotal' is: '10'

2018-05-28 10:34:45 - [TEST_STEP][PASSED] - Statement - out.println("Requested QTY : " + RequestedQty): null

2018-05-28 10:34:45 - [TEST_STEP][PASSED] - Statement - BatchNumber = com.kms.katalon.core.webui.keyword.WebUiBuiltInKeywords.getNumberOfTotalOption(com.kms.katalon.core.testobject.ObjectRepository.findTestObject(HealthpostToStore/Page_Store/select_--Select--BA1170BA2376B)): 3 options of object 'Object Repository/HealthpostToStore/Page_Store/select_--Select--BA1170BA2376B' counted

2018-05-28 10:34:45 - [MESSAGE][PASSED] - 3 options of object 'Object Repository/HealthpostToStore/Page_Store/select_--Select--BA1170BA2376B' counted

2018-05-28 10:34:45 - [TEST_STEP][PASSED] - Statement - For ([g = 1, g <= BatchNumber - 1, (g++)]): null

2018-05-28 10:34:45 - [TEST_STEP][PASSED] - selectOptionByIndex: All options with index in [1] are selected on object 'Object Repository/HealthpostToStore/Page_Store/select_--Select--BA1170BA2376B'

2018-05-28 10:34:45 - [MESSAGE][PASSED] - All options with index in [1] are selected on object 'Object Repository/HealthpostToStore/Page_Store/select_--Select--BA1170BA2376B'

2018-05-28 10:34:45 - [TEST_STEP][PASSED] - Statement - Try: null

2018-05-28 10:34:45 - [TEST_STEP][PASSED] - Statement - StockQty = com.kms.katalon.core.webui.keyword.WebUiBuiltInKeywords.getAttribute(com.kms.katalon.core.testobject.ObjectRepository.findTestObject(HealthpostToStore/Page_Store/input_txtprice), "value"): Attribute 'value' of object 'Object Repository/HealthpostToStore/Page_Store/input_txtprice' is: '1340'

2018-05-28 10:34:45 - [MESSAGE][PASSED] - Attribute 'value' of object 'Object Repository/HealthpostToStore/Page_Store/input_txtprice' is: '1340'

2018-05-28 10:34:45 - [TEST_STEP][PASSED] - Statement - out.println("Stock QTY : " + StockQty): null

2018-05-28 10:34:45 - [TEST_STEP][PASSED] - delay: Delayed 2 second(s)

2018-05-28 10:34:47 - [MESSAGE][PASSED] - Delayed 2 second(s)

2018-05-28 10:34:47 - [TEST_STEP][PASSED] - Statement - If (java.lang.String.valueOf(StockQty) >= java.lang.String.valueOf(RequestedQty)): null

2018-05-28 10:34:47 - [TEST_STEP][PASSED] - setText: Text '10' is set on object 'Object Repository/HealthpostToStore/Page_Store/input_txtqty'

2018-05-28 10:34:47 - [MESSAGE][PASSED] - Text '10' is set on object 'Object Repository/HealthpostToStore/Page_Store/input_txtqty'

2018-05-28 10:34:47 - [TEST_STEP][PASSED] - click: Object: 'Object Repository/HealthpostToStore/Page_Store/button_Add' is clicked on

2018-05-28 10:34:47 - [MESSAGE][PASSED] - Object: 'Object Repository/HealthpostToStore/Page_Store/button_Add' is clicked on

2018-05-28 10:34:47 - [TEST_STEP][PASSED] - Statement - Break: null

2018-05-28 10:34:47 - [TEST_STEP][PASSED] - selectOptionByIndex: All options with index in [18] are selected on object 'Object Repository/HealthpostToStore/Page_Store/select_--Select--Adernaline 0.'

2018-05-28 10:34:47 - [MESSAGE][PASSED] - All options with index in [18] are selected on object 'Object Repository/HealthpostToStore/Page_Store/select_--Select--Adernaline 0.'

2018-05-28 10:34:47 - [TEST_STEP][PASSED] - delay: Delayed 2 second(s)

2018-05-28 10:34:49 - [MESSAGE][PASSED] - Delayed 2 second(s)

2018-05-28 10:34:49 - [TEST_STEP][PASSED] - Statement - RequestedQty = com.kms.katalon.core.webui.keyword.WebUiBuiltInKeywords.getAttribute(com.kms.katalon.core.testobject.ObjectRepository.findTestObject(HealthpostToStore/Page_Store/input_txttotal), "value"): Attribute 'value' of object 'Object Repository/HealthpostToStore/Page_Store/input_txttotal' is: '10'

2018-05-28 10:34:49 - [MESSAGE][PASSED] - Attribute 'value' of object 'Object Repository/HealthpostToStore/Page_Store/input_txttotal' is: '10'

2018-05-28 10:34:49 - [TEST_STEP][PASSED] - Statement - out.println("Requested QTY : " + RequestedQty): null

2018-05-28 10:34:49 - [TEST_STEP][PASSED] - Statement - BatchNumber = com.kms.katalon.core.webui.keyword.WebUiBuiltInKeywords.getNumberOfTotalOption(com.kms.katalon.core.testobject.ObjectRepository.findTestObject(HealthpostToStore/Page_Store/select_--Select--BA1170BA2376B)): 3 options of object 'Object Repository/HealthpostToStore/Page_Store/select_--Select--BA1170BA2376B' counted

2018-05-28 10:34:50 - [MESSAGE][PASSED] - 3 options of object 'Object Repository/HealthpostToStore/Page_Store/select_--Select--BA1170BA2376B' counted

2018-05-28 10:34:50 - [TEST_STEP][PASSED] - Statement - For ([g = 1, g <= BatchNumber - 1, (g++)]): null

2018-05-28 10:34:50 - [TEST_STEP][PASSED] - selectOptionByIndex: All options with index in [1] are selected on object 'Object Repository/HealthpostToStore/Page_Store/select_--Select--BA1170BA2376B'

2018-05-28 10:34:50 - [MESSAGE][PASSED] - All options with index in [1] are selected on object 'Object Repository/HealthpostToStore/Page_Store/select_--Select--BA1170BA2376B'

2018-05-28 10:34:50 - [TEST_STEP][PASSED] - Statement - Try: null

2018-05-28 10:34:50 - [TEST_STEP][PASSED] - Statement - StockQty = com.kms.katalon.core.webui.keyword.WebUiBuiltInKeywords.getAttribute(com.kms.katalon.core.testobject.ObjectRepository.findTestObject(HealthpostToStore/Page_Store/input_txtprice), "value"): Attribute 'value' of object 'Object Repository/HealthpostToStore/Page_Store/input_txtprice' is: '1324'

2018-05-28 10:34:50 - [MESSAGE][PASSED] - Attribute 'value' of object 'Object Repository/HealthpostToStore/Page_Store/input_txtprice' is: '1324'

2018-05-28 10:34:50 - [TEST_STEP][PASSED] - Statement - out.println("Stock QTY : " + StockQty): null

2018-05-28 10:34:50 - [TEST_STEP][PASSED] - delay: Delayed 2 second(s)

2018-05-28 10:34:52 - [MESSAGE][PASSED] - Delayed 2 second(s)

2018-05-28 10:34:52 - [TEST_STEP][PASSED] - Statement - If (java.lang.String.valueOf(StockQty) >= java.lang.String.valueOf(RequestedQty)): null

2018-05-28 10:34:52 - [TEST_STEP][PASSED] - setText: Text '10' is set on object 'Object Repository/HealthpostToStore/Page_Store/input_txtqty'

2018-05-28 10:34:52 - [MESSAGE][PASSED] - Text '10' is set on object 'Object Repository/HealthpostToStore/Page_Store/input_txtqty'

2018-05-28 10:34:52 - [TEST_STEP][PASSED] - click: Object: 'Object Repository/HealthpostToStore/Page_Store/button_Add' is clicked on

2018-05-28 10:34:52 - [MESSAGE][PASSED] - Object: 'Object Repository/HealthpostToStore/Page_Store/button_Add' is clicked on

2018-05-28 10:34:52 - [TEST_STEP][PASSED] - Statement - Break: null

2018-05-28 10:34:52 - [TEST_STEP][PASSED] - selectOptionByIndex: All options with index in [19] are selected on object 'Object Repository/HealthpostToStore/Page_Store/select_--Select--Adernaline 0.'

2018-05-28 10:34:52 - [MESSAGE][PASSED] - All options with index in [19] are selected on object 'Object Repository/HealthpostToStore/Page_Store/select_--Select--Adernaline 0.'

2018-05-28 10:34:52 - [TEST_STEP][PASSED] - delay: Delayed 2 second(s)

2018-05-28 10:34:54 - [MESSAGE][PASSED] - Delayed 2 second(s)

2018-05-28 10:34:54 - [TEST_STEP][PASSED] - Statement - RequestedQty = com.kms.katalon.core.webui.keyword.WebUiBuiltInKeywords.getAttribute(com.kms.katalon.core.testobject.ObjectRepository.findTestObject(HealthpostToStore/Page_Store/input_txttotal), "value"): Attribute 'value' of object 'Object Repository/HealthpostToStore/Page_Store/input_txttotal' is: '10'

2018-05-28 10:34:54 - [MESSAGE][PASSED] - Attribute 'value' of object 'Object Repository/HealthpostToStore/Page_Store/input_txttotal' is: '10'

2018-05-28 10:34:54 - [TEST_STEP][PASSED] - Statement - out.println("Requested QTY : " + RequestedQty): null

2018-05-28 10:34:54 - [TEST_STEP][PASSED] - Statement - BatchNumber = com.kms.katalon.core.webui.keyword.WebUiBuiltInKeywords.getNumberOfTotalOption(com.kms.katalon.core.testobject.ObjectRepository.findTestObject(HealthpostToStore/Page_Store/select_--Select--BA1170BA2376B)): 3 options of object 'Object Repository/HealthpostToStore/Page_Store/select_--Select--BA1170BA2376B' counted

2018-05-28 10:34:54 - [MESSAGE][PASSED] - 3 options of object 'Object Repository/HealthpostToStore/Page_Store/select_--Select--BA1170BA2376B' counted

2018-05-28 10:34:54 - [TEST_STEP][PASSED] - Statement - For ([g = 1, g <= BatchNumber - 1, (g++)]): null

2018-05-28 10:34:54 - [TEST_STEP][PASSED] - selectOptionByIndex: All options with index in [1] are selected on object 'Object Repository/HealthpostToStore/Page_Store/select_--Select--BA1170BA2376B'

2018-05-28 10:34:54 - [MESSAGE][PASSED] - All options with index in [1] are selected on object 'Object Repository/HealthpostToStore/Page_Store/select_--Select--BA1170BA2376B'

2018-05-28 10:34:54 - [TEST_STEP][PASSED] - Statement - Try: null

2018-05-28 10:34:54 - [TEST_STEP][PASSED] - Statement - StockQty = com.kms.katalon.core.webui.keyword.WebUiBuiltInKeywords.getAttribute(com.kms.katalon.core.testobject.ObjectRepository.findTestObject(HealthpostToStore/Page_Store/input_txtprice), "value"): Attribute 'value' of object 'Object Repository/HealthpostToStore/Page_Store/input_txtprice' is: '380'

2018-05-28 10:34:54 - [MESSAGE][PASSED] - Attribute 'value' of object 'Object Repository/HealthpostToStore/Page_Store/input_txtprice' is: '380'

2018-05-28 10:34:54 - [TEST_STEP][PASSED] - Statement - out.println("Stock QTY : " + StockQty): null

2018-05-28 10:34:54 - [TEST_STEP][PASSED] - delay: Delayed 2 second(s)

2018-05-28 10:34:56 - [MESSAGE][PASSED] - Delayed 2 second(s)

2018-05-28 10:34:56 - [TEST_STEP][PASSED] - Statement - If (java.lang.String.valueOf(StockQty) >= java.lang.String.valueOf(RequestedQty)): null

2018-05-28 10:34:56 - [TEST_STEP][PASSED] - setText: Text '10' is set on object 'Object Repository/HealthpostToStore/Page_Store/input_txtqty'

2018-05-28 10:34:57 - [MESSAGE][PASSED] - Text '10' is set on object 'Object Repository/HealthpostToStore/Page_Store/input_txtqty'

2018-05-28 10:34:57 - [TEST_STEP][PASSED] - click: Object: 'Object Repository/HealthpostToStore/Page_Store/button_Add' is clicked on

2018-05-28 10:34:57 - [MESSAGE][PASSED] - Object: 'Object Repository/HealthpostToStore/Page_Store/button_Add' is clicked on

2018-05-28 10:34:57 - [TEST_STEP][PASSED] - Statement - Break: null

2018-05-28 10:34:57 - [TEST_STEP][PASSED] - selectOptionByIndex: All options with index in [20] are selected on object 'Object Repository/HealthpostToStore/Page_Store/select_--Select--Adernaline 0.'

2018-05-28 10:34:57 - [MESSAGE][PASSED] - All options with index in [20] are selected on object 'Object Repository/HealthpostToStore/Page_Store/select_--Select--Adernaline 0.'

2018-05-28 10:34:57 - [TEST_STEP][PASSED] - delay: Delayed 2 second(s)

2018-05-28 10:34:59 - [MESSAGE][PASSED] - Delayed 2 second(s)

2018-05-28 10:34:59 - [TEST_STEP][PASSED] - Statement - RequestedQty = com.kms.katalon.core.webui.keyword.WebUiBuiltInKeywords.getAttribute(com.kms.katalon.core.testobject.ObjectRepository.findTestObject(HealthpostToStore/Page_Store/input_txttotal), "value"): Attribute 'value' of object 'Object Repository/HealthpostToStore/Page_Store/input_txttotal' is: '10'

2018-05-28 10:34:59 - [MESSAGE][PASSED] - Attribute 'value' of object 'Object Repository/HealthpostToStore/Page_Store/input_txttotal' is: '10'

2018-05-28 10:34:59 - [TEST_STEP][PASSED] - Statement - out.println("Requested QTY : " + RequestedQty): null

2018-05-28 10:34:59 - [TEST_STEP][PASSED] - Statement - BatchNumber = com.kms.katalon.core.webui.keyword.WebUiBuiltInKeywords.getNumberOfTotalOption(com.kms.katalon.core.testobject.ObjectRepository.findTestObject(HealthpostToStore/Page_Store/select_--Select--BA1170BA2376B)): 3 options of object 'Object Repository/HealthpostToStore/Page_Store/select_--Select--BA1170BA2376B' counted

2018-05-28 10:34:59 - [MESSAGE][PASSED] - 3 options of object 'Object Repository/HealthpostToStore/Page_Store/select_--Select--BA1170BA2376B' counted

2018-05-28 10:34:59 - [TEST_STEP][PASSED] - Statement - For ([g = 1, g <= BatchNumber - 1, (g++)]): null

2018-05-28 10:34:59 - [TEST_STEP][PASSED] - selectOptionByIndex: All options with index in [1] are selected on object 'Object Repository/HealthpostToStore/Page_Store/select_--Select--BA1170BA2376B'

2018-05-28 10:34:59 - [MESSAGE][PASSED] - All options with index in [1] are selected on object 'Object Repository/HealthpostToStore/Page_Store/select_--Select--BA1170BA2376B'

2018-05-28 10:34:59 - [TEST_STEP][PASSED] - Statement - Try: null

2018-05-28 10:34:59 - [TEST_STEP][PASSED] - Statement - StockQty = com.kms.katalon.core.webui.keyword.WebUiBuiltInKeywords.getAttribute(com.kms.katalon.core.testobject.ObjectRepository.findTestObject(HealthpostToStore/Page_Store/input_txtprice), "value"): Attribute 'value' of object 'Object Repository/HealthpostToStore/Page_Store/input_txtprice' is: '1340'

2018-05-28 10:34:59 - [MESSAGE][PASSED] - Attribute 'value' of object 'Object Repository/HealthpostToStore/Page_Store/input_txtprice' is: '1340'

2018-05-28 10:34:59 - [TEST_STEP][PASSED] - Statement - out.println("Stock QTY : " + StockQty): null

2018-05-28 10:34:59 - [TEST_STEP][PASSED] - delay: Delayed 2 second(s)

2018-05-28 10:35:01 - [MESSAGE][PASSED] - Delayed 2 second(s)

2018-05-28 10:35:01 - [TEST_STEP][PASSED] - Statement - If (java.lang.String.valueOf(StockQty) >= java.lang.String.valueOf(RequestedQty)): null

2018-05-28 10:35:01 - [TEST_STEP][PASSED] - setText: Text '10' is set on object 'Object Repository/HealthpostToStore/Page_Store/input_txtqty'

2018-05-28 10:35:01 - [MESSAGE][PASSED] - Text '10' is set on object 'Object Repository/HealthpostToStore/Page_Store/input_txtqty'

2018-05-28 10:35:01 - [TEST_STEP][PASSED] - click: Object: 'Object Repository/HealthpostToStore/Page_Store/button_Add' is clicked on

2018-05-28 10:35:01 - [MESSAGE][PASSED] - Object: 'Object Repository/HealthpostToStore/Page_Store/button_Add' is clicked on

2018-05-28 10:35:01 - [TEST_STEP][PASSED] - Statement - Break: null

2018-05-28 10:35:01 - [TEST_STEP][PASSED] - selectOptionByIndex: All options with index in [21] are selected on object 'Object Repository/HealthpostToStore/Page_Store/select_--Select--Adernaline 0.'

2018-05-28 10:35:02 - [MESSAGE][PASSED] - All options with index in [21] are selected on object 'Object Repository/HealthpostToStore/Page_Store/select_--Select--Adernaline 0.'

2018-05-28 10:35:02 - [TEST_STEP][PASSED] - delay: Delayed 2 second(s)

2018-05-28 10:35:04 - [MESSAGE][PASSED] - Delayed 2 second(s)

2018-05-28 10:35:04 - [TEST_STEP][PASSED] - Statement - RequestedQty = com.kms.katalon.core.webui.keyword.WebUiBuiltInKeywords.getAttribute(com.kms.katalon.core.testobject.ObjectRepository.findTestObject(HealthpostToStore/Page_Store/input_txttotal), "value"): Attribute 'value' of object 'Object Repository/HealthpostToStore/Page_Store/input_txttotal' is: '10'

2018-05-28 10:35:04 - [MESSAGE][PASSED] - Attribute 'value' of object 'Object Repository/HealthpostToStore/Page_Store/input_txttotal' is: '10'

2018-05-28 10:35:04 - [TEST_STEP][PASSED] - Statement - out.println("Requested QTY : " + RequestedQty): null

2018-05-28 10:35:04 - [TEST_STEP][PASSED] - Statement - BatchNumber = com.kms.katalon.core.webui.keyword.WebUiBuiltInKeywords.getNumberOfTotalOption(com.kms.katalon.core.testobject.ObjectRepository.findTestObject(HealthpostToStore/Page_Store/select_--Select--BA1170BA2376B)): 2 options of object 'Object Repository/HealthpostToStore/Page_Store/select_--Select--BA1170BA2376B' counted

2018-05-28 10:35:04 - [MESSAGE][PASSED] - 2 options of object 'Object Repository/HealthpostToStore/Page_Store/select_--Select--BA1170BA2376B' counted

2018-05-28 10:35:04 - [TEST_STEP][PASSED] - Statement - For ([g = 1, g <= BatchNumber - 1, (g++)]): null

2018-05-28 10:35:04 - [TEST_STEP][PASSED] - selectOptionByIndex: All options with index in [1] are selected on object 'Object Repository/HealthpostToStore/Page_Store/select_--Select--BA1170BA2376B'

2018-05-28 10:35:04 - [MESSAGE][PASSED] - All options with index in [1] are selected on object 'Object Repository/HealthpostToStore/Page_Store/select_--Select--BA1170BA2376B'

2018-05-28 10:35:04 - [TEST_STEP][PASSED] - Statement - Try: null

2018-05-28 10:35:04 - [TEST_STEP][PASSED] - Statement - StockQty = com.kms.katalon.core.webui.keyword.WebUiBuiltInKeywords.getAttribute(com.kms.katalon.core.testobject.ObjectRepository.findTestObject(HealthpostToStore/Page_Store/input_txtprice), "value"): Attribute 'value' of object 'Object Repository/HealthpostToStore/Page_Store/input_txtprice' is: '1540'

2018-05-28 10:35:04 - [MESSAGE][PASSED] - Attribute 'value' of object 'Object Repository/HealthpostToStore/Page_Store/input_txtprice' is: '1540'

2018-05-28 10:35:04 - [TEST_STEP][PASSED] - Statement - out.println("Stock QTY : " + StockQty): null

2018-05-28 10:35:04 - [TEST_STEP][PASSED] - delay: Delayed 2 second(s)

2018-05-28 10:35:06 - [MESSAGE][PASSED] - Delayed 2 second(s)

2018-05-28 10:35:06 - [TEST_STEP][PASSED] - Statement - If (java.lang.String.valueOf(StockQty) >= java.lang.String.valueOf(RequestedQty)): null

2018-05-28 10:35:06 - [TEST_STEP][PASSED] - setText: Text '10' is set on object 'Object Repository/HealthpostToStore/Page_Store/input_txtqty'

2018-05-28 10:35:06 - [MESSAGE][PASSED] - Text '10' is set on object 'Object Repository/HealthpostToStore/Page_Store/input_txtqty'

2018-05-28 10:35:06 - [TEST_STEP][PASSED] - click: Object: 'Object Repository/HealthpostToStore/Page_Store/button_Add' is clicked on

2018-05-28 10:35:06 - [MESSAGE][PASSED] - Object: 'Object Repository/HealthpostToStore/Page_Store/button_Add' is clicked on

2018-05-28 10:35:06 - [TEST_STEP][PASSED] - Statement - Break: null

2018-05-28 10:35:06 - [TEST_STEP][PASSED] - selectOptionByIndex: All options with index in [22] are selected on object 'Object Repository/HealthpostToStore/Page_Store/select_--Select--Adernaline 0.'

2018-05-28 10:35:07 - [MESSAGE][PASSED] - All options with index in [22] are selected on object 'Object Repository/HealthpostToStore/Page_Store/select_--Select--Adernaline 0.'

2018-05-28 10:35:07 - [TEST_STEP][PASSED] - delay: Delayed 2 second(s)

2018-05-28 10:35:09 - [MESSAGE][PASSED] - Delayed 2 second(s)

2018-05-28 10:35:09 - [TEST_STEP][PASSED] - Statement - RequestedQty = com.kms.katalon.core.webui.keyword.WebUiBuiltInKeywords.getAttribute(com.kms.katalon.core.testobject.ObjectRepository.findTestObject(HealthpostToStore/Page_Store/input_txttotal), "value"): Attribute 'value' of object 'Object Repository/HealthpostToStore/Page_Store/input_txttotal' is: '10'

2018-05-28 10:35:09 - [MESSAGE][PASSED] - Attribute 'value' of object 'Object Repository/HealthpostToStore/Page_Store/input_txttotal' is: '10'

2018-05-28 10:35:09 - [TEST_STEP][PASSED] - Statement - out.println("Requested QTY : " + RequestedQty): null

2018-05-28 10:35:09 - [TEST_STEP][PASSED] - Statement - BatchNumber = com.kms.katalon.core.webui.keyword.WebUiBuiltInKeywords.getNumberOfTotalOption(com.kms.katalon.core.testobject.ObjectRepository.findTestObject(HealthpostToStore/Page_Store/select_--Select--BA1170BA2376B)): 4 options of object 'Object Repository/HealthpostToStore/Page_Store/select_--Select--BA1170BA2376B' counted

2018-05-28 10:35:09 - [MESSAGE][PASSED] - 4 options of object 'Object Repository/HealthpostToStore/Page_Store/select_--Select--BA1170BA2376B' counted

2018-05-28 10:35:09 - [TEST_STEP][PASSED] - Statement - For ([g = 1, g <= BatchNumber - 1, (g++)]): null

2018-05-28 10:35:09 - [TEST_STEP][PASSED] - selectOptionByIndex: All options with index in [1] are selected on object 'Object Repository/HealthpostToStore/Page_Store/select_--Select--BA1170BA2376B'

2018-05-28 10:35:09 - [MESSAGE][PASSED] - All options with index in [1] are selected on object 'Object Repository/HealthpostToStore/Page_Store/select_--Select--BA1170BA2376B'

2018-05-28 10:35:09 - [TEST_STEP][PASSED] - Statement - Try: null

2018-05-28 10:35:09 - [TEST_STEP][PASSED] - Statement - StockQty = com.kms.katalon.core.webui.keyword.WebUiBuiltInKeywords.getAttribute(com.kms.katalon.core.testobject.ObjectRepository.findTestObject(HealthpostToStore/Page_Store/input_txtprice), "value"): Attribute 'value' of object 'Object Repository/HealthpostToStore/Page_Store/input_txtprice' is: '80'

2018-05-28 10:35:09 - [MESSAGE][PASSED] - Attribute 'value' of object 'Object Repository/HealthpostToStore/Page_Store/input_txtprice' is: '80'

2018-05-28 10:35:09 - [TEST_STEP][PASSED] - Statement - out.println("Stock QTY : " + StockQty): null

2018-05-28 10:35:09 - [TEST_STEP][PASSED] - delay: Delayed 2 second(s)

2018-05-28 10:35:11 - [MESSAGE][PASSED] - Delayed 2 second(s)

2018-05-28 10:35:11 - [TEST_STEP][PASSED] - Statement - If (java.lang.String.valueOf(StockQty) >= java.lang.String.valueOf(RequestedQty)): null

2018-05-28 10:35:11 - [TEST_STEP][PASSED] - setText: Text '10' is set on object 'Object Repository/HealthpostToStore/Page_Store/input_txtqty'

2018-05-28 10:35:11 - [MESSAGE][PASSED] - Text '10' is set on object 'Object Repository/HealthpostToStore/Page_Store/input_txtqty'

2018-05-28 10:35:11 - [TEST_STEP][PASSED] - click: Object: 'Object Repository/HealthpostToStore/Page_Store/button_Add' is clicked on

2018-05-28 10:35:11 - [MESSAGE][PASSED] - Object: 'Object Repository/HealthpostToStore/Page_Store/button_Add' is clicked on

2018-05-28 10:35:11 - [TEST_STEP][PASSED] - Statement - Break: null

2018-05-28 10:35:11 - [TEST_STEP][PASSED] - selectOptionByIndex: All options with index in [23] are selected on object 'Object Repository/HealthpostToStore/Page_Store/select_--Select--Adernaline 0.'

2018-05-28 10:35:11 - [MESSAGE][PASSED] - All options with index in [23] are selected on object 'Object Repository/HealthpostToStore/Page_Store/select_--Select--Adernaline 0.'

2018-05-28 10:35:11 - [TEST_STEP][PASSED] - delay: Delayed 2 second(s)

2018-05-28 10:35:13 - [MESSAGE][PASSED] - Delayed 2 second(s)

2018-05-28 10:35:13 - [TEST_STEP][PASSED] - Statement - RequestedQty = com.kms.katalon.core.webui.keyword.WebUiBuiltInKeywords.getAttribute(com.kms.katalon.core.testobject.ObjectRepository.findTestObject(HealthpostToStore/Page_Store/input_txttotal), "value"): Attribute 'value' of object 'Object Repository/HealthpostToStore/Page_Store/input_txttotal' is: '10'

2018-05-28 10:35:13 - [MESSAGE][PASSED] - Attribute 'value' of object 'Object Repository/HealthpostToStore/Page_Store/input_txttotal' is: '10'

2018-05-28 10:35:13 - [TEST_STEP][PASSED] - Statement - out.println("Requested QTY : " + RequestedQty): null

2018-05-28 10:35:13 - [TEST_STEP][PASSED] - Statement - BatchNumber = com.kms.katalon.core.webui.keyword.WebUiBuiltInKeywords.getNumberOfTotalOption(com.kms.katalon.core.testobject.ObjectRepository.findTestObject(HealthpostToStore/Page_Store/select_--Select--BA1170BA2376B)): 3 options of object 'Object Repository/HealthpostToStore/Page_Store/select_--Select--BA1170BA2376B' counted

2018-05-28 10:35:13 - [MESSAGE][PASSED] - 3 options of object 'Object Repository/HealthpostToStore/Page_Store/select_--Select--BA1170BA2376B' counted

2018-05-28 10:35:13 - [TEST_STEP][PASSED] - Statement - For ([g = 1, g <= BatchNumber - 1, (g++)]): null

2018-05-28 10:35:13 - [TEST_STEP][PASSED] - selectOptionByIndex: All options with index in [1] are selected on object 'Object Repository/HealthpostToStore/Page_Store/select_--Select--BA1170BA2376B'

2018-05-28 10:35:14 - [MESSAGE][PASSED] - All options with index in [1] are selected on object 'Object Repository/HealthpostToStore/Page_Store/select_--Select--BA1170BA2376B'

2018-05-28 10:35:14 - [TEST_STEP][PASSED] - Statement - Try: null

2018-05-28 10:35:14 - [TEST_STEP][PASSED] - Statement - StockQty = com.kms.katalon.core.webui.keyword.WebUiBuiltInKeywords.getAttribute(com.kms.katalon.core.testobject.ObjectRepository.findTestObject(HealthpostToStore/Page_Store/input_txtprice), "value"): Attribute 'value' of object 'Object Repository/HealthpostToStore/Page_Store/input_txtprice' is: '1340'

2018-05-28 10:35:14 - [MESSAGE][PASSED] - Attribute 'value' of object 'Object Repository/HealthpostToStore/Page_Store/input_txtprice' is: '1340'

2018-05-28 10:35:14 - [TEST_STEP][PASSED] - Statement - out.println("Stock QTY : " + StockQty): null

2018-05-28 10:35:14 - [TEST_STEP][PASSED] - delay: Delayed 2 second(s)

2018-05-28 10:35:16 - [MESSAGE][PASSED] - Delayed 2 second(s)

2018-05-28 10:35:16 - [TEST_STEP][PASSED] - Statement - If (java.lang.String.valueOf(StockQty) >= java.lang.String.valueOf(RequestedQty)): null

2018-05-28 10:35:16 - [TEST_STEP][PASSED] - setText: Text '10' is set on object 'Object Repository/HealthpostToStore/Page_Store/input_txtqty'

2018-05-28 10:35:16 - [MESSAGE][PASSED] - Text '10' is set on object 'Object Repository/HealthpostToStore/Page_Store/input_txtqty'

2018-05-28 10:35:16 - [TEST_STEP][PASSED] - click: Object: 'Object Repository/HealthpostToStore/Page_Store/button_Add' is clicked on

2018-05-28 10:35:16 - [MESSAGE][PASSED] - Object: 'Object Repository/HealthpostToStore/Page_Store/button_Add' is clicked on

2018-05-28 10:35:16 - [TEST_STEP][PASSED] - Statement - Break: null

2018-05-28 10:35:16 - [TEST_STEP][PASSED] - selectOptionByIndex: All options with index in [24] are selected on object 'Object Repository/HealthpostToStore/Page_Store/select_--Select--Adernaline 0.'

2018-05-28 10:35:16 - [MESSAGE][PASSED] - All options with index in [24] are selected on object 'Object Repository/HealthpostToStore/Page_Store/select_--Select--Adernaline 0.'

2018-05-28 10:35:16 - [TEST_STEP][PASSED] - delay: Delayed 2 second(s)

2018-05-28 10:35:18 - [MESSAGE][PASSED] - Delayed 2 second(s)

2018-05-28 10:35:18 - [TEST_STEP][PASSED] - Statement - RequestedQty = com.kms.katalon.core.webui.keyword.WebUiBuiltInKeywords.getAttribute(com.kms.katalon.core.testobject.ObjectRepository.findTestObject(HealthpostToStore/Page_Store/input_txttotal), "value"): Attribute 'value' of object 'Object Repository/HealthpostToStore/Page_Store/input_txttotal' is: '10'

2018-05-28 10:35:18 - [MESSAGE][PASSED] - Attribute 'value' of object 'Object Repository/HealthpostToStore/Page_Store/input_txttotal' is: '10'

2018-05-28 10:35:18 - [TEST_STEP][PASSED] - Statement - out.println("Requested QTY : " + RequestedQty): null

2018-05-28 10:35:18 - [TEST_STEP][PASSED] - Statement - BatchNumber = com.kms.katalon.core.webui.keyword.WebUiBuiltInKeywords.getNumberOfTotalOption(com.kms.katalon.core.testobject.ObjectRepository.findTestObject(HealthpostToStore/Page_Store/select_--Select--BA1170BA2376B)): 4 options of object 'Object Repository/HealthpostToStore/Page_Store/select_--Select--BA1170BA2376B' counted

2018-05-28 10:35:18 - [MESSAGE][PASSED] - 4 options of object 'Object Repository/HealthpostToStore/Page_Store/select_--Select--BA1170BA2376B' counted

2018-05-28 10:35:18 - [TEST_STEP][PASSED] - Statement - For ([g = 1, g <= BatchNumber - 1, (g++)]): null

2018-05-28 10:35:18 - [TEST_STEP][PASSED] - selectOptionByIndex: All options with index in [1] are selected on object 'Object Repository/HealthpostToStore/Page_Store/select_--Select--BA1170BA2376B'

2018-05-28 10:35:18 - [MESSAGE][PASSED] - All options with index in [1] are selected on object 'Object Repository/HealthpostToStore/Page_Store/select_--Select--BA1170BA2376B'

2018-05-28 10:35:18 - [TEST_STEP][PASSED] - Statement - Try: null

2018-05-28 10:35:18 - [TEST_STEP][PASSED] - Statement - StockQty = com.kms.katalon.core.webui.keyword.WebUiBuiltInKeywords.getAttribute(com.kms.katalon.core.testobject.ObjectRepository.findTestObject(HealthpostToStore/Page_Store/input_txtprice), "value"): Attribute 'value' of object 'Object Repository/HealthpostToStore/Page_Store/input_txtprice' is: '80'

2018-05-28 10:35:18 - [MESSAGE][PASSED] - Attribute 'value' of object 'Object Repository/HealthpostToStore/Page_Store/input_txtprice' is: '80'

2018-05-28 10:35:18 - [TEST_STEP][PASSED] - Statement - out.println("Stock QTY : " + StockQty): null

2018-05-28 10:35:18 - [TEST_STEP][PASSED] - delay: Delayed 2 second(s)

2018-05-28 10:35:20 - [MESSAGE][PASSED] - Delayed 2 second(s)

2018-05-28 10:35:20 - [TEST_STEP][PASSED] - Statement - If (java.lang.String.valueOf(StockQty) >= java.lang.String.valueOf(RequestedQty)): null

2018-05-28 10:35:20 - [TEST_STEP][PASSED] - setText: Text '10' is set on object 'Object Repository/HealthpostToStore/Page_Store/input_txtqty'

2018-05-28 10:35:20 - [MESSAGE][PASSED] - Text '10' is set on object 'Object Repository/HealthpostToStore/Page_Store/input_txtqty'

2018-05-28 10:35:20 - [TEST_STEP][PASSED] - click: Object: 'Object Repository/HealthpostToStore/Page_Store/button_Add' is clicked on

2018-05-28 10:35:20 - [MESSAGE][PASSED] - Object: 'Object Repository/HealthpostToStore/Page_Store/button_Add' is clicked on

2018-05-28 10:35:20 - [TEST_STEP][PASSED] - Statement - Break: null

2018-05-28 10:35:20 - [TEST_STEP][PASSED] - selectOptionByIndex: All options with index in [25] are selected on object 'Object Repository/HealthpostToStore/Page_Store/select_--Select--Adernaline 0.'

2018-05-28 10:35:21 - [MESSAGE][PASSED] - All options with index in [25] are selected on object 'Object Repository/HealthpostToStore/Page_Store/select_--Select--Adernaline 0.'

2018-05-28 10:35:21 - [TEST_STEP][PASSED] - delay: Delayed 2 second(s)

2018-05-28 10:35:23 - [MESSAGE][PASSED] - Delayed 2 second(s)

2018-05-28 10:35:23 - [TEST_STEP][PASSED] - Statement - RequestedQty = com.kms.katalon.core.webui.keyword.WebUiBuiltInKeywords.getAttribute(com.kms.katalon.core.testobject.ObjectRepository.findTestObject(HealthpostToStore/Page_Store/input_txttotal), "value"): Attribute 'value' of object 'Object Repository/HealthpostToStore/Page_Store/input_txttotal' is: '10'

2018-05-28 10:35:23 - [MESSAGE][PASSED] - Attribute 'value' of object 'Object Repository/HealthpostToStore/Page_Store/input_txttotal' is: '10'

2018-05-28 10:35:23 - [TEST_STEP][PASSED] - Statement - out.println("Requested QTY : " + RequestedQty): null

2018-05-28 10:35:23 - [TEST_STEP][PASSED] - Statement - BatchNumber = com.kms.katalon.core.webui.keyword.WebUiBuiltInKeywords.getNumberOfTotalOption(com.kms.katalon.core.testobject.ObjectRepository.findTestObject(HealthpostToStore/Page_Store/select_--Select--BA1170BA2376B)): 3 options of object 'Object Repository/HealthpostToStore/Page_Store/select_--Select--BA1170BA2376B' counted

2018-05-28 10:35:23 - [MESSAGE][PASSED] - 3 options of object 'Object Repository/HealthpostToStore/Page_Store/select_--Select--BA1170BA2376B' counted

2018-05-28 10:35:23 - [TEST_STEP][PASSED] - Statement - For ([g = 1, g <= BatchNumber - 1, (g++)]): null

2018-05-28 10:35:23 - [TEST_STEP][PASSED] - selectOptionByIndex: All options with index in [1] are selected on object 'Object Repository/HealthpostToStore/Page_Store/select_--Select--BA1170BA2376B'

2018-05-28 10:35:23 - [MESSAGE][PASSED] - All options with index in [1] are selected on object 'Object Repository/HealthpostToStore/Page_Store/select_--Select--BA1170BA2376B'

2018-05-28 10:35:23 - [TEST_STEP][PASSED] - Statement - Try: null

2018-05-28 10:35:23 - [TEST_STEP][PASSED] - Statement - StockQty = com.kms.katalon.core.webui.keyword.WebUiBuiltInKeywords.getAttribute(com.kms.katalon.core.testobject.ObjectRepository.findTestObject(HealthpostToStore/Page_Store/input_txtprice), "value"): Attribute 'value' of object 'Object Repository/HealthpostToStore/Page_Store/input_txtprice' is: '1340'

2018-05-28 10:35:23 - [MESSAGE][PASSED] - Attribute 'value' of object 'Object Repository/HealthpostToStore/Page_Store/input_txtprice' is: '1340'

2018-05-28 10:35:23 - [TEST_STEP][PASSED] - Statement - out.println("Stock QTY : " + StockQty): null

2018-05-28 10:35:23 - [TEST_STEP][PASSED] - delay: Delayed 2 second(s)

2018-05-28 10:35:25 - [MESSAGE][PASSED] - Delayed 2 second(s)

2018-05-28 10:35:25 - [TEST_STEP][PASSED] - Statement - If (java.lang.String.valueOf(StockQty) >= java.lang.String.valueOf(RequestedQty)): null

2018-05-28 10:35:25 - [TEST_STEP][PASSED] - setText: Text '10' is set on object 'Object Repository/HealthpostToStore/Page_Store/input_txtqty'

2018-05-28 10:35:25 - [MESSAGE][PASSED] - Text '10' is set on object 'Object Repository/HealthpostToStore/Page_Store/input_txtqty'

2018-05-28 10:35:25 - [TEST_STEP][PASSED] - click: Object: 'Object Repository/HealthpostToStore/Page_Store/button_Add' is clicked on

2018-05-28 10:35:25 - [MESSAGE][PASSED] - Object: 'Object Repository/HealthpostToStore/Page_Store/button_Add' is clicked on

2018-05-28 10:35:25 - [TEST_STEP][PASSED] - Statement - Break: null

2018-05-28 10:35:25 - [TEST_STEP][PASSED] - selectOptionByIndex: All options with index in [26] are selected on object 'Object Repository/HealthpostToStore/Page_Store/select_--Select--Adernaline 0.'

2018-05-28 10:35:26 - [MESSAGE][PASSED] - All options with index in [26] are selected on object 'Object Repository/HealthpostToStore/Page_Store/select_--Select--Adernaline 0.'

2018-05-28 10:35:26 - [TEST_STEP][PASSED] - delay: Delayed 2 second(s)

2018-05-28 10:35:28 - [MESSAGE][PASSED] - Delayed 2 second(s)

2018-05-28 10:35:28 - [TEST_STEP][PASSED] - Statement - RequestedQty = com.kms.katalon.core.webui.keyword.WebUiBuiltInKeywords.getAttribute(com.kms.katalon.core.testobject.ObjectRepository.findTestObject(HealthpostToStore/Page_Store/input_txttotal), "value"): Attribute 'value' of object 'Object Repository/HealthpostToStore/Page_Store/input_txttotal' is: '10'

2018-05-28 10:35:28 - [MESSAGE][PASSED] - Attribute 'value' of object 'Object Repository/HealthpostToStore/Page_Store/input_txttotal' is: '10'

2018-05-28 10:35:28 - [TEST_STEP][PASSED] - Statement - out.println("Requested QTY : " + RequestedQty): null

2018-05-28 10:35:28 - [TEST_STEP][PASSED] - Statement - BatchNumber = com.kms.katalon.core.webui.keyword.WebUiBuiltInKeywords.getNumberOfTotalOption(com.kms.katalon.core.testobject.ObjectRepository.findTestObject(HealthpostToStore/Page_Store/select_--Select--BA1170BA2376B)): 3 options of object 'Object Repository/HealthpostToStore/Page_Store/select_--Select--BA1170BA2376B' counted

2018-05-28 10:35:28 - [MESSAGE][PASSED] - 3 options of object 'Object Repository/HealthpostToStore/Page_Store/select_--Select--BA1170BA2376B' counted

2018-05-28 10:35:28 - [TEST_STEP][PASSED] - Statement - For ([g = 1, g <= BatchNumber - 1, (g++)]): null

2018-05-28 10:35:28 - [TEST_STEP][PASSED] - selectOptionByIndex: All options with index in [1] are selected on object 'Object Repository/HealthpostToStore/Page_Store/select_--Select--BA1170BA2376B'

2018-05-28 10:35:28 - [MESSAGE][PASSED] - All options with index in [1] are selected on object 'Object Repository/HealthpostToStore/Page_Store/select_--Select--BA1170BA2376B'

2018-05-28 10:35:28 - [TEST_STEP][PASSED] - Statement - Try: null

2018-05-28 10:35:28 - [TEST_STEP][PASSED] - Statement - StockQty = com.kms.katalon.core.webui.keyword.WebUiBuiltInKeywords.getAttribute(com.kms.katalon.core.testobject.ObjectRepository.findTestObject(HealthpostToStore/Page_Store/input_txtprice), "value"): Attribute 'value' of object 'Object Repository/HealthpostToStore/Page_Store/input_txtprice' is: '1340'

2018-05-28 10:35:28 - [MESSAGE][PASSED] - Attribute 'value' of object 'Object Repository/HealthpostToStore/Page_Store/input_txtprice' is: '1340'

2018-05-28 10:35:28 - [TEST_STEP][PASSED] - Statement - out.println("Stock QTY : " + StockQty): null

2018-05-28 10:35:28 - [TEST_STEP][PASSED] - delay: Delayed 2 second(s)

2018-05-28 10:35:30 - [MESSAGE][PASSED] - Delayed 2 second(s)

2018-05-28 10:35:30 - [TEST_STEP][PASSED] - Statement - If (java.lang.String.valueOf(StockQty) >= java.lang.String.valueOf(RequestedQty)): null

2018-05-28 10:35:30 - [TEST_STEP][PASSED] - setText: Text '10' is set on object 'Object Repository/HealthpostToStore/Page_Store/input_txtqty'

2018-05-28 10:35:30 - [MESSAGE][PASSED] - Text '10' is set on object 'Object Repository/HealthpostToStore/Page_Store/input_txtqty'

2018-05-28 10:35:30 - [TEST_STEP][PASSED] - click: Object: 'Object Repository/HealthpostToStore/Page_Store/button_Add' is clicked on

2018-05-28 10:35:30 - [MESSAGE][PASSED] - Object: 'Object Repository/HealthpostToStore/Page_Store/button_Add' is clicked on

2018-05-28 10:35:30 - [TEST_STEP][PASSED] - Statement - Break: null

2018-05-28 10:35:30 - [TEST_STEP][PASSED] - selectOptionByIndex: All options with index in [27] are selected on object 'Object Repository/HealthpostToStore/Page_Store/select_--Select--Adernaline 0.'

2018-05-28 10:35:30 - [MESSAGE][PASSED] - All options with index in [27] are selected on object 'Object Repository/HealthpostToStore/Page_Store/select_--Select--Adernaline 0.'

2018-05-28 10:35:30 - [TEST_STEP][PASSED] - delay: Delayed 2 second(s)

2018-05-28 10:35:32 - [MESSAGE][PASSED] - Delayed 2 second(s)

2018-05-28 10:35:32 - [TEST_STEP][PASSED] - Statement - RequestedQty = com.kms.katalon.core.webui.keyword.WebUiBuiltInKeywords.getAttribute(com.kms.katalon.core.testobject.ObjectRepository.findTestObject(HealthpostToStore/Page_Store/input_txttotal), "value"): Attribute 'value' of object 'Object Repository/HealthpostToStore/Page_Store/input_txttotal' is: '10'

2018-05-28 10:35:32 - [MESSAGE][PASSED] - Attribute 'value' of object 'Object Repository/HealthpostToStore/Page_Store/input_txttotal' is: '10'

2018-05-28 10:35:32 - [TEST_STEP][PASSED] - Statement - out.println("Requested QTY : " + RequestedQty): null

2018-05-28 10:35:32 - [TEST_STEP][PASSED] - Statement - BatchNumber = com.kms.katalon.core.webui.keyword.WebUiBuiltInKeywords.getNumberOfTotalOption(com.kms.katalon.core.testobject.ObjectRepository.findTestObject(HealthpostToStore/Page_Store/select_--Select--BA1170BA2376B)): 3 options of object 'Object Repository/HealthpostToStore/Page_Store/select_--Select--BA1170BA2376B' counted

2018-05-28 10:35:33 - [MESSAGE][PASSED] - 3 options of object 'Object Repository/HealthpostToStore/Page_Store/select_--Select--BA1170BA2376B' counted

2018-05-28 10:35:33 - [TEST_STEP][PASSED] - Statement - For ([g = 1, g <= BatchNumber - 1, (g++)]): null

2018-05-28 10:35:33 - [TEST_STEP][PASSED] - selectOptionByIndex: All options with index in [1] are selected on object 'Object Repository/HealthpostToStore/Page_Store/select_--Select--BA1170BA2376B'

2018-05-28 10:35:33 - [MESSAGE][PASSED] - All options with index in [1] are selected on object 'Object Repository/HealthpostToStore/Page_Store/select_--Select--BA1170BA2376B'

2018-05-28 10:35:33 - [TEST_STEP][PASSED] - Statement - Try: null

2018-05-28 10:35:33 - [TEST_STEP][PASSED] - Statement - StockQty = com.kms.katalon.core.webui.keyword.WebUiBuiltInKeywords.getAttribute(com.kms.katalon.core.testobject.ObjectRepository.findTestObject(HealthpostToStore/Page_Store/input_txtprice), "value"): Attribute 'value' of object 'Object Repository/HealthpostToStore/Page_Store/input_txtprice' is: '80'

2018-05-28 10:35:33 - [MESSAGE][PASSED] - Attribute 'value' of object 'Object Repository/HealthpostToStore/Page_Store/input_txtprice' is: '80'

2018-05-28 10:35:33 - [TEST_STEP][PASSED] - Statement - out.println("Stock QTY : " + StockQty): null

2018-05-28 10:35:33 - [TEST_STEP][PASSED] - delay: Delayed 2 second(s)

2018-05-28 10:35:35 - [MESSAGE][PASSED] - Delayed 2 second(s)

2018-05-28 10:35:35 - [TEST_STEP][PASSED] - Statement - If (java.lang.String.valueOf(StockQty) >= java.lang.String.valueOf(RequestedQty)): null

2018-05-28 10:35:35 - [TEST_STEP][PASSED] - setText: Text '10' is set on object 'Object Repository/HealthpostToStore/Page_Store/input_txtqty'

2018-05-28 10:35:35 - [MESSAGE][PASSED] - Text '10' is set on object 'Object Repository/HealthpostToStore/Page_Store/input_txtqty'

2018-05-28 10:35:35 - [TEST_STEP][PASSED] - click: Object: 'Object Repository/HealthpostToStore/Page_Store/button_Add' is clicked on

2018-05-28 10:35:35 - [MESSAGE][PASSED] - Object: 'Object Repository/HealthpostToStore/Page_Store/button_Add' is clicked on

2018-05-28 10:35:35 - [TEST_STEP][PASSED] - Statement - Break: null

2018-05-28 10:35:35 - [TEST_STEP][PASSED] - selectOptionByIndex: All options with index in [28] are selected on object 'Object Repository/HealthpostToStore/Page_Store/select_--Select--Adernaline 0.'

2018-05-28 10:35:35 - [MESSAGE][PASSED] - All options with index in [28] are selected on object 'Object Repository/HealthpostToStore/Page_Store/select_--Select--Adernaline 0.'

2018-05-28 10:35:35 - [TEST_STEP][PASSED] - delay: Delayed 2 second(s)

2018-05-28 10:35:37 - [MESSAGE][PASSED] - Delayed 2 second(s)

2018-05-28 10:35:37 - [TEST_STEP][PASSED] - Statement - RequestedQty = com.kms.katalon.core.webui.keyword.WebUiBuiltInKeywords.getAttribute(com.kms.katalon.core.testobject.ObjectRepository.findTestObject(HealthpostToStore/Page_Store/input_txttotal), "value"): Attribute 'value' of object 'Object Repository/HealthpostToStore/Page_Store/input_txttotal' is: '10'

2018-05-28 10:35:37 - [MESSAGE][PASSED] - Attribute 'value' of object 'Object Repository/HealthpostToStore/Page_Store/input_txttotal' is: '10'

2018-05-28 10:35:37 - [TEST_STEP][PASSED] - Statement - out.println("Requested QTY : " + RequestedQty): null

2018-05-28 10:35:37 - [TEST_STEP][PASSED] - Statement - BatchNumber = com.kms.katalon.core.webui.keyword.WebUiBuiltInKeywords.getNumberOfTotalOption(com.kms.katalon.core.testobject.ObjectRepository.findTestObject(HealthpostToStore/Page_Store/select_--Select--BA1170BA2376B)): 4 options of object 'Object Repository/HealthpostToStore/Page_Store/select_--Select--BA1170BA2376B' counted

2018-05-28 10:35:37 - [MESSAGE][PASSED] - 4 options of object 'Object Repository/HealthpostToStore/Page_Store/select_--Select--BA1170BA2376B' counted

2018-05-28 10:35:37 - [TEST_STEP][PASSED] - Statement - For ([g = 1, g <= BatchNumber - 1, (g++)]): null

2018-05-28 10:35:37 - [TEST_STEP][PASSED] - selectOptionByIndex: All options with index in [1] are selected on object 'Object Repository/HealthpostToStore/Page_Store/select_--Select--BA1170BA2376B'

2018-05-28 10:35:37 - [MESSAGE][PASSED] - All options with index in [1] are selected on object 'Object Repository/HealthpostToStore/Page_Store/select_--Select--BA1170BA2376B'

2018-05-28 10:35:37 - [TEST_STEP][PASSED] - Statement - Try: null

2018-05-28 10:35:37 - [TEST_STEP][PASSED] - Statement - StockQty = com.kms.katalon.core.webui.keyword.WebUiBuiltInKeywords.getAttribute(com.kms.katalon.core.testobject.ObjectRepository.findTestObject(HealthpostToStore/Page_Store/input_txtprice), "value"): Attribute 'value' of object 'Object Repository/HealthpostToStore/Page_Store/input_txtprice' is: '380'

2018-05-28 10:35:38 - [MESSAGE][PASSED] - Attribute 'value' of object 'Object Repository/HealthpostToStore/Page_Store/input_txtprice' is: '380'

2018-05-28 10:35:38 - [TEST_STEP][PASSED] - Statement - out.println("Stock QTY : " + StockQty): null

2018-05-28 10:35:38 - [TEST_STEP][PASSED] - delay: Delayed 2 second(s)

2018-05-28 10:35:40 - [MESSAGE][PASSED] - Delayed 2 second(s)

2018-05-28 10:35:40 - [TEST_STEP][PASSED] - Statement - If (java.lang.String.valueOf(StockQty) >= java.lang.String.valueOf(RequestedQty)): null

2018-05-28 10:35:40 - [TEST_STEP][PASSED] - setText: Text '10' is set on object 'Object Repository/HealthpostToStore/Page_Store/input_txtqty'

2018-05-28 10:35:40 - [MESSAGE][PASSED] - Text '10' is set on object 'Object Repository/HealthpostToStore/Page_Store/input_txtqty'

2018-05-28 10:35:40 - [TEST_STEP][PASSED] - click: Object: 'Object Repository/HealthpostToStore/Page_Store/button_Add' is clicked on

2018-05-28 10:35:40 - [MESSAGE][PASSED] - Object: 'Object Repository/HealthpostToStore/Page_Store/button_Add' is clicked on

2018-05-28 10:35:40 - [TEST_STEP][PASSED] - Statement - Break: null

2018-05-28 10:35:40 - [TEST_STEP][PASSED] - selectOptionByIndex: All options with index in [29] are selected on object 'Object Repository/HealthpostToStore/Page_Store/select_--Select--Adernaline 0.'

2018-05-28 10:35:40 - [MESSAGE][PASSED] - All options with index in [29] are selected on object 'Object Repository/HealthpostToStore/Page_Store/select_--Select--Adernaline 0.'

2018-05-28 10:35:40 - [TEST_STEP][PASSED] - delay: Delayed 2 second(s)

2018-05-28 10:35:42 - [MESSAGE][PASSED] - Delayed 2 second(s)

2018-05-28 10:35:42 - [TEST_STEP][PASSED] - Statement - RequestedQty = com.kms.katalon.core.webui.keyword.WebUiBuiltInKeywords.getAttribute(com.kms.katalon.core.testobject.ObjectRepository.findTestObject(HealthpostToStore/Page_Store/input_txttotal), "value"): Attribute 'value' of object 'Object Repository/HealthpostToStore/Page_Store/input_txttotal' is: '10'

2018-05-28 10:35:42 - [MESSAGE][PASSED] - Attribute 'value' of object 'Object Repository/HealthpostToStore/Page_Store/input_txttotal' is: '10'

2018-05-28 10:35:42 - [TEST_STEP][PASSED] - Statement - out.println("Requested QTY : " + RequestedQty): null

2018-05-28 10:35:42 - [TEST_STEP][PASSED] - Statement - BatchNumber = com.kms.katalon.core.webui.keyword.WebUiBuiltInKeywords.getNumberOfTotalOption(com.kms.katalon.core.testobject.ObjectRepository.findTestObject(HealthpostToStore/Page_Store/select_--Select--BA1170BA2376B)): 3 options of object 'Object Repository/HealthpostToStore/Page_Store/select_--Select--BA1170BA2376B' counted

2018-05-28 10:35:42 - [MESSAGE][PASSED] - 3 options of object 'Object Repository/HealthpostToStore/Page_Store/select_--Select--BA1170BA2376B' counted

2018-05-28 10:35:42 - [TEST_STEP][PASSED] - Statement - For ([g = 1, g <= BatchNumber - 1, (g++)]): null

2018-05-28 10:35:42 - [TEST_STEP][PASSED] - selectOptionByIndex: All options with index in [1] are selected on object 'Object Repository/HealthpostToStore/Page_Store/select_--Select--BA1170BA2376B'

2018-05-28 10:35:42 - [MESSAGE][PASSED] - All options with index in [1] are selected on object 'Object Repository/HealthpostToStore/Page_Store/select_--Select--BA1170BA2376B'

2018-05-28 10:35:42 - [TEST_STEP][PASSED] - Statement - Try: null

2018-05-28 10:35:42 - [TEST_STEP][PASSED] - Statement - StockQty = com.kms.katalon.core.webui.keyword.WebUiBuiltInKeywords.getAttribute(com.kms.katalon.core.testobject.ObjectRepository.findTestObject(HealthpostToStore/Page_Store/input_txtprice), "value"): Attribute 'value' of object 'Object Repository/HealthpostToStore/Page_Store/input_txtprice' is: '80'

2018-05-28 10:35:42 - [MESSAGE][PASSED] - Attribute 'value' of object 'Object Repository/HealthpostToStore/Page_Store/input_txtprice' is: '80'

2018-05-28 10:35:42 - [TEST_STEP][PASSED] - Statement - out.println("Stock QTY : " + StockQty): null

2018-05-28 10:35:42 - [TEST_STEP][PASSED] - delay: Delayed 2 second(s)

2018-05-28 10:35:44 - [MESSAGE][PASSED] - Delayed 2 second(s)

2018-05-28 10:35:44 - [TEST_STEP][PASSED] - Statement - If (java.lang.String.valueOf(StockQty) >= java.lang.String.valueOf(RequestedQty)): null

2018-05-28 10:35:44 - [TEST_STEP][PASSED] - setText: Text '10' is set on object 'Object Repository/HealthpostToStore/Page_Store/input_txtqty'

2018-05-28 10:35:44 - [MESSAGE][PASSED] - Text '10' is set on object 'Object Repository/HealthpostToStore/Page_Store/input_txtqty'

2018-05-28 10:35:44 - [TEST_STEP][PASSED] - click: Object: 'Object Repository/HealthpostToStore/Page_Store/button_Add' is clicked on

2018-05-28 10:35:44 - [MESSAGE][PASSED] - Object: 'Object Repository/HealthpostToStore/Page_Store/button_Add' is clicked on

2018-05-28 10:35:44 - [TEST_STEP][PASSED] - Statement - Break: null

2018-05-28 10:35:44 - [TEST_STEP][PASSED] - selectOptionByIndex: All options with index in [30] are selected on object 'Object Repository/HealthpostToStore/Page_Store/select_--Select--Adernaline 0.'

2018-05-28 10:35:45 - [MESSAGE][PASSED] - All options with index in [30] are selected on object 'Object Repository/HealthpostToStore/Page_Store/select_--Select--Adernaline 0.'

2018-05-28 10:35:45 - [TEST_STEP][PASSED] - delay: Delayed 2 second(s)

2018-05-28 10:35:47 - [MESSAGE][PASSED] - Delayed 2 second(s)

2018-05-28 10:35:47 - [TEST_STEP][PASSED] - Statement - RequestedQty = com.kms.katalon.core.webui.keyword.WebUiBuiltInKeywords.getAttribute(com.kms.katalon.core.testobject.ObjectRepository.findTestObject(HealthpostToStore/Page_Store/input_txttotal), "value"): Attribute 'value' of object 'Object Repository/HealthpostToStore/Page_Store/input_txttotal' is: '10'

2018-05-28 10:35:47 - [MESSAGE][PASSED] - Attribute 'value' of object 'Object Repository/HealthpostToStore/Page_Store/input_txttotal' is: '10'

2018-05-28 10:35:47 - [TEST_STEP][PASSED] - Statement - out.println("Requested QTY : " + RequestedQty): null

2018-05-28 10:35:47 - [TEST_STEP][PASSED] - Statement - BatchNumber = com.kms.katalon.core.webui.keyword.WebUiBuiltInKeywords.getNumberOfTotalOption(com.kms.katalon.core.testobject.ObjectRepository.findTestObject(HealthpostToStore/Page_Store/select_--Select--BA1170BA2376B)): 2 options of object 'Object Repository/HealthpostToStore/Page_Store/select_--Select--BA1170BA2376B' counted

2018-05-28 10:35:47 - [MESSAGE][PASSED] - 2 options of object 'Object Repository/HealthpostToStore/Page_Store/select_--Select--BA1170BA2376B' counted

2018-05-28 10:35:47 - [TEST_STEP][PASSED] - Statement - For ([g = 1, g <= BatchNumber - 1, (g++)]): null

2018-05-28 10:35:47 - [TEST_STEP][PASSED] - selectOptionByIndex: All options with index in [1] are selected on object 'Object Repository/HealthpostToStore/Page_Store/select_--Select--BA1170BA2376B'

2018-05-28 10:35:47 - [MESSAGE][PASSED] - All options with index in [1] are selected on object 'Object Repository/HealthpostToStore/Page_Store/select_--Select--BA1170BA2376B'

2018-05-28 10:35:47 - [TEST_STEP][PASSED] - Statement - Try: null

2018-05-28 10:35:47 - [TEST_STEP][PASSED] - Statement - StockQty = com.kms.katalon.core.webui.keyword.WebUiBuiltInKeywords.getAttribute(com.kms.katalon.core.testobject.ObjectRepository.findTestObject(HealthpostToStore/Page_Store/input_txtprice), "value"): Attribute 'value' of object 'Object Repository/HealthpostToStore/Page_Store/input_txtprice' is: '1540'

2018-05-28 10:35:47 - [MESSAGE][PASSED] - Attribute 'value' of object 'Object Repository/HealthpostToStore/Page_Store/input_txtprice' is: '1540'

2018-05-28 10:35:47 - [TEST_STEP][PASSED] - Statement - out.println("Stock QTY : " + StockQty): null

2018-05-28 10:35:47 - [TEST_STEP][PASSED] - delay: Delayed 2 second(s)

2018-05-28 10:35:49 - [MESSAGE][PASSED] - Delayed 2 second(s)

2018-05-28 10:35:49 - [TEST_STEP][PASSED] - Statement - If (java.lang.String.valueOf(StockQty) >= java.lang.String.valueOf(RequestedQty)): null

2018-05-28 10:35:49 - [TEST_STEP][PASSED] - setText: Text '10' is set on object 'Object Repository/HealthpostToStore/Page_Store/input_txtqty'

2018-05-28 10:35:49 - [MESSAGE][PASSED] - Text '10' is set on object 'Object Repository/HealthpostToStore/Page_Store/input_txtqty'

2018-05-28 10:35:49 - [TEST_STEP][PASSED] - click: Object: 'Object Repository/HealthpostToStore/Page_Store/button_Add' is clicked on

2018-05-28 10:35:49 - [MESSAGE][PASSED] - Object: 'Object Repository/HealthpostToStore/Page_Store/button_Add' is clicked on

2018-05-28 10:35:49 - [TEST_STEP][PASSED] - Statement - Break: null

2018-05-28 10:35:49 - [TEST_STEP][PASSED] - selectOptionByIndex: All options with index in [31] are selected on object 'Object Repository/HealthpostToStore/Page_Store/select_--Select--Adernaline 0.'

2018-05-28 10:35:50 - [MESSAGE][PASSED] - All options with index in [31] are selected on object 'Object Repository/HealthpostToStore/Page_Store/select_--Select--Adernaline 0.'

2018-05-28 10:35:50 - [TEST_STEP][PASSED] - delay: Delayed 2 second(s)

2018-05-28 10:35:52 - [MESSAGE][PASSED] - Delayed 2 second(s)

2018-05-28 10:35:52 - [TEST_STEP][PASSED] - Statement - RequestedQty = com.kms.katalon.core.webui.keyword.WebUiBuiltInKeywords.getAttribute(com.kms.katalon.core.testobject.ObjectRepository.findTestObject(HealthpostToStore/Page_Store/input_txttotal), "value"): Attribute 'value' of object 'Object Repository/HealthpostToStore/Page_Store/input_txttotal' is: '10'

2018-05-28 10:35:52 - [MESSAGE][PASSED] - Attribute 'value' of object 'Object Repository/HealthpostToStore/Page_Store/input_txttotal' is: '10'

2018-05-28 10:35:52 - [TEST_STEP][PASSED] - Statement - out.println("Requested QTY : " + RequestedQty): null

2018-05-28 10:35:52 - [TEST_STEP][PASSED] - Statement - BatchNumber = com.kms.katalon.core.webui.keyword.WebUiBuiltInKeywords.getNumberOfTotalOption(com.kms.katalon.core.testobject.ObjectRepository.findTestObject(HealthpostToStore/Page_Store/select_--Select--BA1170BA2376B)): 3 options of object 'Object Repository/HealthpostToStore/Page_Store/select_--Select--BA1170BA2376B' counted

2018-05-28 10:35:52 - [MESSAGE][PASSED] - 3 options of object 'Object Repository/HealthpostToStore/Page_Store/select_--Select--BA1170BA2376B' counted

2018-05-28 10:35:52 - [TEST_STEP][PASSED] - Statement - For ([g = 1, g <= BatchNumber - 1, (g++)]): null

2018-05-28 10:35:52 - [TEST_STEP][PASSED] - selectOptionByIndex: All options with index in [1] are selected on object 'Object Repository/HealthpostToStore/Page_Store/select_--Select--BA1170BA2376B'

2018-05-28 10:35:52 - [MESSAGE][PASSED] - All options with index in [1] are selected on object 'Object Repository/HealthpostToStore/Page_Store/select_--Select--BA1170BA2376B'

2018-05-28 10:35:52 - [TEST_STEP][PASSED] - Statement - Try: null

2018-05-28 10:35:52 - [TEST_STEP][PASSED] - Statement - StockQty = com.kms.katalon.core.webui.keyword.WebUiBuiltInKeywords.getAttribute(com.kms.katalon.core.testobject.ObjectRepository.findTestObject(HealthpostToStore/Page_Store/input_txtprice), "value"): Attribute 'value' of object 'Object Repository/HealthpostToStore/Page_Store/input_txtprice' is: '1340'

2018-05-28 10:35:52 - [MESSAGE][PASSED] - Attribute 'value' of object 'Object Repository/HealthpostToStore/Page_Store/input_txtprice' is: '1340'

2018-05-28 10:35:52 - [TEST_STEP][PASSED] - Statement - out.println("Stock QTY : " + StockQty): null

2018-05-28 10:35:52 - [TEST_STEP][PASSED] - delay: Delayed 2 second(s)

2018-05-28 10:35:54 - [MESSAGE][PASSED] - Delayed 2 second(s)

2018-05-28 10:35:54 - [TEST_STEP][PASSED] - Statement - If (java.lang.String.valueOf(StockQty) >= java.lang.String.valueOf(RequestedQty)): null

2018-05-28 10:35:54 - [TEST_STEP][PASSED] - setText: Text '10' is set on object 'Object Repository/HealthpostToStore/Page_Store/input_txtqty'

2018-05-28 10:35:54 - [MESSAGE][PASSED] - Text '10' is set on object 'Object Repository/HealthpostToStore/Page_Store/input_txtqty'

2018-05-28 10:35:54 - [TEST_STEP][PASSED] - click: Object: 'Object Repository/HealthpostToStore/Page_Store/button_Add' is clicked on

2018-05-28 10:35:54 - [MESSAGE][PASSED] - Object: 'Object Repository/HealthpostToStore/Page_Store/button_Add' is clicked on

2018-05-28 10:35:54 - [TEST_STEP][PASSED] - Statement - Break: null

2018-05-28 10:35:54 - [TEST_STEP][PASSED] - selectOptionByIndex: All options with index in [32] are selected on object 'Object Repository/HealthpostToStore/Page_Store/select_--Select--Adernaline 0.'

2018-05-28 10:35:55 - [MESSAGE][PASSED] - All options with index in [32] are selected on object 'Object Repository/HealthpostToStore/Page_Store/select_--Select--Adernaline 0.'

2018-05-28 10:35:55 - [TEST_STEP][PASSED] - delay: Delayed 2 second(s)

2018-05-28 10:35:57 - [MESSAGE][PASSED] - Delayed 2 second(s)

2018-05-28 10:35:57 - [TEST_STEP][PASSED] - Statement - RequestedQty = com.kms.katalon.core.webui.keyword.WebUiBuiltInKeywords.getAttribute(com.kms.katalon.core.testobject.ObjectRepository.findTestObject(HealthpostToStore/Page_Store/input_txttotal), "value"): Attribute 'value' of object 'Object Repository/HealthpostToStore/Page_Store/input_txttotal' is: '10'

2018-05-28 10:35:57 - [MESSAGE][PASSED] - Attribute 'value' of object 'Object Repository/HealthpostToStore/Page_Store/input_txttotal' is: '10'

2018-05-28 10:35:57 - [TEST_STEP][PASSED] - Statement - out.println("Requested QTY : " + RequestedQty): null

2018-05-28 10:35:57 - [TEST_STEP][PASSED] - Statement - BatchNumber = com.kms.katalon.core.webui.keyword.WebUiBuiltInKeywords.getNumberOfTotalOption(com.kms.katalon.core.testobject.ObjectRepository.findTestObject(HealthpostToStore/Page_Store/select_--Select--BA1170BA2376B)): 3 options of object 'Object Repository/HealthpostToStore/Page_Store/select_--Select--BA1170BA2376B' counted

2018-05-28 10:35:57 - [MESSAGE][PASSED] - 3 options of object 'Object Repository/HealthpostToStore/Page_Store/select_--Select--BA1170BA2376B' counted

2018-05-28 10:35:57 - [TEST_STEP][PASSED] - Statement - For ([g = 1, g <= BatchNumber - 1, (g++)]): null

2018-05-28 10:35:57 - [TEST_STEP][PASSED] - selectOptionByIndex: All options with index in [1] are selected on object 'Object Repository/HealthpostToStore/Page_Store/select_--Select--BA1170BA2376B'

2018-05-28 10:35:57 - [MESSAGE][PASSED] - All options with index in [1] are selected on object 'Object Repository/HealthpostToStore/Page_Store/select_--Select--BA1170BA2376B'

2018-05-28 10:35:57 - [TEST_STEP][PASSED] - Statement - Try: null

2018-05-28 10:35:57 - [TEST_STEP][PASSED] - Statement - StockQty = com.kms.katalon.core.webui.keyword.WebUiBuiltInKeywords.getAttribute(com.kms.katalon.core.testobject.ObjectRepository.findTestObject(HealthpostToStore/Page_Store/input_txtprice), "value"): Attribute 'value' of object 'Object Repository/HealthpostToStore/Page_Store/input_txtprice' is: '1340'

2018-05-28 10:35:57 - [MESSAGE][PASSED] - Attribute 'value' of object 'Object Repository/HealthpostToStore/Page_Store/input_txtprice' is: '1340'

2018-05-28 10:35:57 - [TEST_STEP][PASSED] - Statement - out.println("Stock QTY : " + StockQty): null

2018-05-28 10:35:57 - [TEST_STEP][PASSED] - delay: Delayed 2 second(s)

2018-05-28 10:35:59 - [MESSAGE][PASSED] - Delayed 2 second(s)

2018-05-28 10:35:59 - [TEST_STEP][PASSED] - Statement - If (java.lang.String.valueOf(StockQty) >= java.lang.String.valueOf(RequestedQty)): null

2018-05-28 10:35:59 - [TEST_STEP][PASSED] - setText: Text '10' is set on object 'Object Repository/HealthpostToStore/Page_Store/input_txtqty'

2018-05-28 10:35:59 - [MESSAGE][PASSED] - Text '10' is set on object 'Object Repository/HealthpostToStore/Page_Store/input_txtqty'

2018-05-28 10:35:59 - [TEST_STEP][PASSED] - click: Object: 'Object Repository/HealthpostToStore/Page_Store/button_Add' is clicked on

2018-05-28 10:35:59 - [MESSAGE][PASSED] - Object: 'Object Repository/HealthpostToStore/Page_Store/button_Add' is clicked on

2018-05-28 10:35:59 - [TEST_STEP][PASSED] - Statement - Break: null

2018-05-28 10:35:59 - [TEST_STEP][PASSED] - selectOptionByIndex: All options with index in [33] are selected on object 'Object Repository/HealthpostToStore/Page_Store/select_--Select--Adernaline 0.'

2018-05-28 10:35:59 - [MESSAGE][PASSED] - All options with index in [33] are selected on object 'Object Repository/HealthpostToStore/Page_Store/select_--Select--Adernaline 0.'

2018-05-28 10:35:59 - [TEST_STEP][PASSED] - delay: Delayed 2 second(s)

2018-05-28 10:36:01 - [MESSAGE][PASSED] - Delayed 2 second(s)

2018-05-28 10:36:01 - [TEST_STEP][PASSED] - Statement - RequestedQty = com.kms.katalon.core.webui.keyword.WebUiBuiltInKeywords.getAttribute(com.kms.katalon.core.testobject.ObjectRepository.findTestObject(HealthpostToStore/Page_Store/input_txttotal), "value"): Attribute 'value' of object 'Object Repository/HealthpostToStore/Page_Store/input_txttotal' is: '10'

2018-05-28 10:36:01 - [MESSAGE][PASSED] - Attribute 'value' of object 'Object Repository/HealthpostToStore/Page_Store/input_txttotal' is: '10'

2018-05-28 10:36:01 - [TEST_STEP][PASSED] - Statement - out.println("Requested QTY : " + RequestedQty): null

2018-05-28 10:36:01 - [TEST_STEP][PASSED] - Statement - BatchNumber = com.kms.katalon.core.webui.keyword.WebUiBuiltInKeywords.getNumberOfTotalOption(com.kms.katalon.core.testobject.ObjectRepository.findTestObject(HealthpostToStore/Page_Store/select_--Select--BA1170BA2376B)): 3 options of object 'Object Repository/HealthpostToStore/Page_Store/select_--Select--BA1170BA2376B' counted

2018-05-28 10:36:01 - [MESSAGE][PASSED] - 3 options of object 'Object Repository/HealthpostToStore/Page_Store/select_--Select--BA1170BA2376B' counted

2018-05-28 10:36:01 - [TEST_STEP][PASSED] - Statement - For ([g = 1, g <= BatchNumber - 1, (g++)]): null

2018-05-28 10:36:01 - [TEST_STEP][PASSED] - selectOptionByIndex: All options with index in [1] are selected on object 'Object Repository/HealthpostToStore/Page_Store/select_--Select--BA1170BA2376B'

2018-05-28 10:36:02 - [MESSAGE][PASSED] - All options with index in [1] are selected on object 'Object Repository/HealthpostToStore/Page_Store/select_--Select--BA1170BA2376B'

2018-05-28 10:36:02 - [TEST_STEP][PASSED] - Statement - Try: null

2018-05-28 10:36:02 - [TEST_STEP][PASSED] - Statement - StockQty = com.kms.katalon.core.webui.keyword.WebUiBuiltInKeywords.getAttribute(com.kms.katalon.core.testobject.ObjectRepository.findTestObject(HealthpostToStore/Page_Store/input_txtprice), "value"): Attribute 'value' of object 'Object Repository/HealthpostToStore/Page_Store/input_txtprice' is: '380'

2018-05-28 10:36:02 - [MESSAGE][PASSED] - Attribute 'value' of object 'Object Repository/HealthpostToStore/Page_Store/input_txtprice' is: '380'

2018-05-28 10:36:02 - [TEST_STEP][PASSED] - Statement - out.println("Stock QTY : " + StockQty): null

2018-05-28 10:36:02 - [TEST_STEP][PASSED] - delay: Delayed 2 second(s)

2018-05-28 10:36:04 - [MESSAGE][PASSED] - Delayed 2 second(s)

2018-05-28 10:36:04 - [TEST_STEP][PASSED] - Statement - If (java.lang.String.valueOf(StockQty) >= java.lang.String.valueOf(RequestedQty)): null

2018-05-28 10:36:04 - [TEST_STEP][PASSED] - setText: Text '10' is set on object 'Object Repository/HealthpostToStore/Page_Store/input_txtqty'

2018-05-28 10:36:04 - [MESSAGE][PASSED] - Text '10' is set on object 'Object Repository/HealthpostToStore/Page_Store/input_txtqty'

2018-05-28 10:36:04 - [TEST_STEP][PASSED] - click: Object: 'Object Repository/HealthpostToStore/Page_Store/button_Add' is clicked on

2018-05-28 10:36:04 - [MESSAGE][PASSED] - Object: 'Object Repository/HealthpostToStore/Page_Store/button_Add' is clicked on

2018-05-28 10:36:04 - [TEST_STEP][PASSED] - Statement - Break: null

2018-05-28 10:36:04 - [TEST_STEP][PASSED] - selectOptionByIndex: All options with index in [34] are selected on object 'Object Repository/HealthpostToStore/Page_Store/select_--Select--Adernaline 0.'

2018-05-28 10:36:04 - [MESSAGE][PASSED] - All options with index in [34] are selected on object 'Object Repository/HealthpostToStore/Page_Store/select_--Select--Adernaline 0.'

2018-05-28 10:36:04 - [TEST_STEP][PASSED] - delay: Delayed 2 second(s)

2018-05-28 10:36:06 - [MESSAGE][PASSED] - Delayed 2 second(s)

2018-05-28 10:36:06 - [TEST_STEP][PASSED] - Statement - RequestedQty = com.kms.katalon.core.webui.keyword.WebUiBuiltInKeywords.getAttribute(com.kms.katalon.core.testobject.ObjectRepository.findTestObject(HealthpostToStore/Page_Store/input_txttotal), "value"): Attribute 'value' of object 'Object Repository/HealthpostToStore/Page_Store/input_txttotal' is: '10'

2018-05-28 10:36:06 - [MESSAGE][PASSED] - Attribute 'value' of object 'Object Repository/HealthpostToStore/Page_Store/input_txttotal' is: '10'

2018-05-28 10:36:06 - [TEST_STEP][PASSED] - Statement - out.println("Requested QTY : " + RequestedQty): null

2018-05-28 10:36:06 - [TEST_STEP][PASSED] - Statement - BatchNumber = com.kms.katalon.core.webui.keyword.WebUiBuiltInKeywords.getNumberOfTotalOption(com.kms.katalon.core.testobject.ObjectRepository.findTestObject(HealthpostToStore/Page_Store/select_--Select--BA1170BA2376B)): 2 options of object 'Object Repository/HealthpostToStore/Page_Store/select_--Select--BA1170BA2376B' counted

2018-05-28 10:36:06 - [MESSAGE][PASSED] - 2 options of object 'Object Repository/HealthpostToStore/Page_Store/select_--Select--BA1170BA2376B' counted

2018-05-28 10:36:06 - [TEST_STEP][PASSED] - Statement - For ([g = 1, g <= BatchNumber - 1, (g++)]): null

2018-05-28 10:36:06 - [TEST_STEP][PASSED] - selectOptionByIndex: All options with index in [1] are selected on object 'Object Repository/HealthpostToStore/Page_Store/select_--Select--BA1170BA2376B'

2018-05-28 10:36:07 - [MESSAGE][PASSED] - All options with index in [1] are selected on object 'Object Repository/HealthpostToStore/Page_Store/select_--Select--BA1170BA2376B'

2018-05-28 10:36:07 - [TEST_STEP][PASSED] - Statement - Try: null

2018-05-28 10:36:07 - [TEST_STEP][PASSED] - Statement - StockQty = com.kms.katalon.core.webui.keyword.WebUiBuiltInKeywords.getAttribute(com.kms.katalon.core.testobject.ObjectRepository.findTestObject(HealthpostToStore/Page_Store/input_txtprice), "value"): Attribute 'value' of object 'Object Repository/HealthpostToStore/Page_Store/input_txtprice' is: '1540'

2018-05-28 10:36:07 - [MESSAGE][PASSED] - Attribute 'value' of object 'Object Repository/HealthpostToStore/Page_Store/input_txtprice' is: '1540'

2018-05-28 10:36:07 - [TEST_STEP][PASSED] - Statement - out.println("Stock QTY : " + StockQty): null

2018-05-28 10:36:07 - [TEST_STEP][PASSED] - delay: Delayed 2 second(s)

2018-05-28 10:36:09 - [MESSAGE][PASSED] - Delayed 2 second(s)

2018-05-28 10:36:09 - [TEST_STEP][PASSED] - Statement - If (java.lang.String.valueOf(StockQty) >= java.lang.String.valueOf(RequestedQty)): null

2018-05-28 10:36:09 - [TEST_STEP][PASSED] - setText: Text '10' is set on object 'Object Repository/HealthpostToStore/Page_Store/input_txtqty'

2018-05-28 10:36:09 - [MESSAGE][PASSED] - Text '10' is set on object 'Object Repository/HealthpostToStore/Page_Store/input_txtqty'

2018-05-28 10:36:09 - [TEST_STEP][PASSED] - click: Object: 'Object Repository/HealthpostToStore/Page_Store/button_Add' is clicked on

2018-05-28 10:36:09 - [MESSAGE][PASSED] - Object: 'Object Repository/HealthpostToStore/Page_Store/button_Add' is clicked on

2018-05-28 10:36:09 - [TEST_STEP][PASSED] - Statement - Break: null

2018-05-28 10:36:09 - [TEST_STEP][PASSED] - selectOptionByIndex: All options with index in [35] are selected on object 'Object Repository/HealthpostToStore/Page_Store/select_--Select--Adernaline 0.'

2018-05-28 10:36:09 - [MESSAGE][PASSED] - All options with index in [35] are selected on object 'Object Repository/HealthpostToStore/Page_Store/select_--Select--Adernaline 0.'

2018-05-28 10:36:09 - [TEST_STEP][PASSED] - delay: Delayed 2 second(s)

2018-05-28 10:36:11 - [MESSAGE][PASSED] - Delayed 2 second(s)

2018-05-28 10:36:11 - [TEST_STEP][PASSED] - Statement - RequestedQty = com.kms.katalon.core.webui.keyword.WebUiBuiltInKeywords.getAttribute(com.kms.katalon.core.testobject.ObjectRepository.findTestObject(HealthpostToStore/Page_Store/input_txttotal), "value"): Attribute 'value' of object 'Object Repository/HealthpostToStore/Page_Store/input_txttotal' is: '10'

2018-05-28 10:36:11 - [MESSAGE][PASSED] - Attribute 'value' of object 'Object Repository/HealthpostToStore/Page_Store/input_txttotal' is: '10'

2018-05-28 10:36:11 - [TEST_STEP][PASSED] - Statement - out.println("Requested QTY : " + RequestedQty): null

2018-05-28 10:36:11 - [TEST_STEP][PASSED] - Statement - BatchNumber = com.kms.katalon.core.webui.keyword.WebUiBuiltInKeywords.getNumberOfTotalOption(com.kms.katalon.core.testobject.ObjectRepository.findTestObject(HealthpostToStore/Page_Store/select_--Select--BA1170BA2376B)): 3 options of object 'Object Repository/HealthpostToStore/Page_Store/select_--Select--BA1170BA2376B' counted

2018-05-28 10:36:11 - [MESSAGE][PASSED] - 3 options of object 'Object Repository/HealthpostToStore/Page_Store/select_--Select--BA1170BA2376B' counted

2018-05-28 10:36:11 - [TEST_STEP][PASSED] - Statement - For ([g = 1, g <= BatchNumber - 1, (g++)]): null

2018-05-28 10:36:11 - [TEST_STEP][PASSED] - selectOptionByIndex: All options with index in [1] are selected on object 'Object Repository/HealthpostToStore/Page_Store/select_--Select--BA1170BA2376B'

2018-05-28 10:36:11 - [MESSAGE][PASSED] - All options with index in [1] are selected on object 'Object Repository/HealthpostToStore/Page_Store/select_--Select--BA1170BA2376B'

2018-05-28 10:36:11 - [TEST_STEP][PASSED] - Statement - Try: null

2018-05-28 10:36:11 - [TEST_STEP][PASSED] - Statement - StockQty = com.kms.katalon.core.webui.keyword.WebUiBuiltInKeywords.getAttribute(com.kms.katalon.core.testobject.ObjectRepository.findTestObject(HealthpostToStore/Page_Store/input_txtprice), "value"): Attribute 'value' of object 'Object Repository/HealthpostToStore/Page_Store/input_txtprice' is: '1340'

2018-05-28 10:36:11 - [MESSAGE][PASSED] - Attribute 'value' of object 'Object Repository/HealthpostToStore/Page_Store/input_txtprice' is: '1340'

2018-05-28 10:36:11 - [TEST_STEP][PASSED] - Statement - out.println("Stock QTY : " + StockQty): null

2018-05-28 10:36:11 - [TEST_STEP][PASSED] - delay: Delayed 2 second(s)

2018-05-28 10:36:13 - [MESSAGE][PASSED] - Delayed 2 second(s)

2018-05-28 10:36:13 - [TEST_STEP][PASSED] - Statement - If (java.lang.String.valueOf(StockQty) >= java.lang.String.valueOf(RequestedQty)): null

2018-05-28 10:36:13 - [TEST_STEP][PASSED] - setText: Text '10' is set on object 'Object Repository/HealthpostToStore/Page_Store/input_txtqty'

2018-05-28 10:36:14 - [MESSAGE][PASSED] - Text '10' is set on object 'Object Repository/HealthpostToStore/Page_Store/input_txtqty'

2018-05-28 10:36:14 - [TEST_STEP][PASSED] - click: Object: 'Object Repository/HealthpostToStore/Page_Store/button_Add' is clicked on

2018-05-28 10:36:14 - [MESSAGE][PASSED] - Object: 'Object Repository/HealthpostToStore/Page_Store/button_Add' is clicked on

2018-05-28 10:36:14 - [TEST_STEP][PASSED] - Statement - Break: null

2018-05-28 10:36:14 - [TEST_STEP][PASSED] - selectOptionByIndex: All options with index in [36] are selected on object 'Object Repository/HealthpostToStore/Page_Store/select_--Select--Adernaline 0.'

2018-05-28 10:36:14 - [MESSAGE][PASSED] - All options with index in [36] are selected on object 'Object Repository/HealthpostToStore/Page_Store/select_--Select--Adernaline 0.'

2018-05-28 10:36:14 - [TEST_STEP][PASSED] - delay: Delayed 2 second(s)

2018-05-28 10:36:16 - [MESSAGE][PASSED] - Delayed 2 second(s)

2018-05-28 10:36:16 - [TEST_STEP][PASSED] - Statement - RequestedQty = com.kms.katalon.core.webui.keyword.WebUiBuiltInKeywords.getAttribute(com.kms.katalon.core.testobject.ObjectRepository.findTestObject(HealthpostToStore/Page_Store/input_txttotal), "value"): Attribute 'value' of object 'Object Repository/HealthpostToStore/Page_Store/input_txttotal' is: '10'

2018-05-28 10:36:16 - [MESSAGE][PASSED] - Attribute 'value' of object 'Object Repository/HealthpostToStore/Page_Store/input_txttotal' is: '10'

2018-05-28 10:36:16 - [TEST_STEP][PASSED] - Statement - out.println("Requested QTY : " + RequestedQty): null

2018-05-28 10:36:16 - [TEST_STEP][PASSED] - Statement - BatchNumber = com.kms.katalon.core.webui.keyword.WebUiBuiltInKeywords.getNumberOfTotalOption(com.kms.katalon.core.testobject.ObjectRepository.findTestObject(HealthpostToStore/Page_Store/select_--Select--BA1170BA2376B)): 3 options of object 'Object Repository/HealthpostToStore/Page_Store/select_--Select--BA1170BA2376B' counted

2018-05-28 10:36:16 - [MESSAGE][PASSED] - 3 options of object 'Object Repository/HealthpostToStore/Page_Store/select_--Select--BA1170BA2376B' counted

2018-05-28 10:36:16 - [TEST_STEP][PASSED] - Statement - For ([g = 1, g <= BatchNumber - 1, (g++)]): null

2018-05-28 10:36:16 - [TEST_STEP][PASSED] - selectOptionByIndex: All options with index in [1] are selected on object 'Object Repository/HealthpostToStore/Page_Store/select_--Select--BA1170BA2376B'

2018-05-28 10:36:16 - [MESSAGE][PASSED] - All options with index in [1] are selected on object 'Object Repository/HealthpostToStore/Page_Store/select_--Select--BA1170BA2376B'

2018-05-28 10:36:16 - [TEST_STEP][PASSED] - Statement - Try: null

2018-05-28 10:36:16 - [TEST_STEP][PASSED] - Statement - StockQty = com.kms.katalon.core.webui.keyword.WebUiBuiltInKeywords.getAttribute(com.kms.katalon.core.testobject.ObjectRepository.findTestObject(HealthpostToStore/Page_Store/input_txtprice), "value"): Attribute 'value' of object 'Object Repository/HealthpostToStore/Page_Store/input_txtprice' is: '1340'

2018-05-28 10:36:16 - [MESSAGE][PASSED] - Attribute 'value' of object 'Object Repository/HealthpostToStore/Page_Store/input_txtprice' is: '1340'

2018-05-28 10:36:16 - [TEST_STEP][PASSED] - Statement - out.println("Stock QTY : " + StockQty): null

2018-05-28 10:36:16 - [TEST_STEP][PASSED] - delay: Delayed 2 second(s)

2018-05-28 10:36:18 - [MESSAGE][PASSED] - Delayed 2 second(s)

2018-05-28 10:36:18 - [TEST_STEP][PASSED] - Statement - If (java.lang.String.valueOf(StockQty) >= java.lang.String.valueOf(RequestedQty)): null

2018-05-28 10:36:18 - [TEST_STEP][PASSED] - setText: Text '10' is set on object 'Object Repository/HealthpostToStore/Page_Store/input_txtqty'

2018-05-28 10:36:18 - [MESSAGE][PASSED] - Text '10' is set on object 'Object Repository/HealthpostToStore/Page_Store/input_txtqty'

2018-05-28 10:36:18 - [TEST_STEP][PASSED] - click: Object: 'Object Repository/HealthpostToStore/Page_Store/button_Add' is clicked on

2018-05-28 10:36:19 - [MESSAGE][PASSED] - Object: 'Object Repository/HealthpostToStore/Page_Store/button_Add' is clicked on

2018-05-28 10:36:19 - [TEST_STEP][PASSED] - Statement - Break: null

2018-05-28 10:36:19 - [TEST_STEP][PASSED] - selectOptionByIndex: All options with index in [37] are selected on object 'Object Repository/HealthpostToStore/Page_Store/select_--Select--Adernaline 0.'

2018-05-28 10:36:19 - [MESSAGE][PASSED] - All options with index in [37] are selected on object 'Object Repository/HealthpostToStore/Page_Store/select_--Select--Adernaline 0.'

2018-05-28 10:36:19 - [TEST_STEP][PASSED] - delay: Delayed 2 second(s)

2018-05-28 10:36:21 - [MESSAGE][PASSED] - Delayed 2 second(s)

2018-05-28 10:36:21 - [TEST_STEP][PASSED] - Statement - RequestedQty = com.kms.katalon.core.webui.keyword.WebUiBuiltInKeywords.getAttribute(com.kms.katalon.core.testobject.ObjectRepository.findTestObject(HealthpostToStore/Page_Store/input_txttotal), "value"): Attribute 'value' of object 'Object Repository/HealthpostToStore/Page_Store/input_txttotal' is: '10'

2018-05-28 10:36:21 - [MESSAGE][PASSED] - Attribute 'value' of object 'Object Repository/HealthpostToStore/Page_Store/input_txttotal' is: '10'

2018-05-28 10:36:21 - [TEST_STEP][PASSED] - Statement - out.println("Requested QTY : " + RequestedQty): null

2018-05-28 10:36:21 - [TEST_STEP][PASSED] - Statement - BatchNumber = com.kms.katalon.core.webui.keyword.WebUiBuiltInKeywords.getNumberOfTotalOption(com.kms.katalon.core.testobject.ObjectRepository.findTestObject(HealthpostToStore/Page_Store/select_--Select--BA1170BA2376B)): 3 options of object 'Object Repository/HealthpostToStore/Page_Store/select_--Select--BA1170BA2376B' counted

2018-05-28 10:36:21 - [MESSAGE][PASSED] - 3 options of object 'Object Repository/HealthpostToStore/Page_Store/select_--Select--BA1170BA2376B' counted

2018-05-28 10:36:21 - [TEST_STEP][PASSED] - Statement - For ([g = 1, g <= BatchNumber - 1, (g++)]): null

2018-05-28 10:36:21 - [TEST_STEP][PASSED] - selectOptionByIndex: All options with index in [1] are selected on object 'Object Repository/HealthpostToStore/Page_Store/select_--Select--BA1170BA2376B'

2018-05-28 10:36:21 - [MESSAGE][PASSED] - All options with index in [1] are selected on object 'Object Repository/HealthpostToStore/Page_Store/select_--Select--BA1170BA2376B'

2018-05-28 10:36:21 - [TEST_STEP][PASSED] - Statement - Try: null

2018-05-28 10:36:21 - [TEST_STEP][PASSED] - Statement - StockQty = com.kms.katalon.core.webui.keyword.WebUiBuiltInKeywords.getAttribute(com.kms.katalon.core.testobject.ObjectRepository.findTestObject(HealthpostToStore/Page_Store/input_txtprice), "value"): Attribute 'value' of object 'Object Repository/HealthpostToStore/Page_Store/input_txtprice' is: '1340'

2018-05-28 10:36:21 - [MESSAGE][PASSED] - Attribute 'value' of object 'Object Repository/HealthpostToStore/Page_Store/input_txtprice' is: '1340'

2018-05-28 10:36:21 - [TEST_STEP][PASSED] - Statement - out.println("Stock QTY : " + StockQty): null

2018-05-28 10:36:21 - [TEST_STEP][PASSED] - delay: Delayed 2 second(s)

2018-05-28 10:36:23 - [MESSAGE][PASSED] - Delayed 2 second(s)

2018-05-28 10:36:23 - [TEST_STEP][PASSED] - Statement - If (java.lang.String.valueOf(StockQty) >= java.lang.String.valueOf(RequestedQty)): null

2018-05-28 10:36:23 - [TEST_STEP][PASSED] - setText: Text '10' is set on object 'Object Repository/HealthpostToStore/Page_Store/input_txtqty'

2018-05-28 10:36:23 - [MESSAGE][PASSED] - Text '10' is set on object 'Object Repository/HealthpostToStore/Page_Store/input_txtqty'

2018-05-28 10:36:23 - [TEST_STEP][PASSED] - click: Object: 'Object Repository/HealthpostToStore/Page_Store/button_Add' is clicked on

2018-05-28 10:36:23 - [MESSAGE][PASSED] - Object: 'Object Repository/HealthpostToStore/Page_Store/button_Add' is clicked on

2018-05-28 10:36:23 - [TEST_STEP][PASSED] - Statement - Break: null

2018-05-28 10:36:23 - [TEST_STEP][PASSED] - selectOptionByIndex: All options with index in [38] are selected on object 'Object Repository/HealthpostToStore/Page_Store/select_--Select--Adernaline 0.'

2018-05-28 10:36:24 - [MESSAGE][PASSED] - All options with index in [38] are selected on object 'Object Repository/HealthpostToStore/Page_Store/select_--Select--Adernaline 0.'

2018-05-28 10:36:24 - [TEST_STEP][PASSED] - delay: Delayed 2 second(s)

2018-05-28 10:36:26 - [MESSAGE][PASSED] - Delayed 2 second(s)

2018-05-28 10:36:26 - [TEST_STEP][PASSED] - Statement - RequestedQty = com.kms.katalon.core.webui.keyword.WebUiBuiltInKeywords.getAttribute(com.kms.katalon.core.testobject.ObjectRepository.findTestObject(HealthpostToStore/Page_Store/input_txttotal), "value"): Attribute 'value' of object 'Object Repository/HealthpostToStore/Page_Store/input_txttotal' is: '10'

2018-05-28 10:36:26 - [MESSAGE][PASSED] - Attribute 'value' of object 'Object Repository/HealthpostToStore/Page_Store/input_txttotal' is: '10'

2018-05-28 10:36:26 - [TEST_STEP][PASSED] - Statement - out.println("Requested QTY : " + RequestedQty): null

2018-05-28 10:36:26 - [TEST_STEP][PASSED] - Statement - BatchNumber = com.kms.katalon.core.webui.keyword.WebUiBuiltInKeywords.getNumberOfTotalOption(com.kms.katalon.core.testobject.ObjectRepository.findTestObject(HealthpostToStore/Page_Store/select_--Select--BA1170BA2376B)): 4 options of object 'Object Repository/HealthpostToStore/Page_Store/select_--Select--BA1170BA2376B' counted

2018-05-28 10:36:26 - [MESSAGE][PASSED] - 4 options of object 'Object Repository/HealthpostToStore/Page_Store/select_--Select--BA1170BA2376B' counted

2018-05-28 10:36:26 - [TEST_STEP][PASSED] - Statement - For ([g = 1, g <= BatchNumber - 1, (g++)]): null

2018-05-28 10:36:26 - [TEST_STEP][PASSED] - selectOptionByIndex: All options with index in [1] are selected on object 'Object Repository/HealthpostToStore/Page_Store/select_--Select--BA1170BA2376B'

2018-05-28 10:36:26 - [MESSAGE][PASSED] - All options with index in [1] are selected on object 'Object Repository/HealthpostToStore/Page_Store/select_--Select--BA1170BA2376B'

2018-05-28 10:36:26 - [TEST_STEP][PASSED] - Statement - Try: null

2018-05-28 10:36:26 - [TEST_STEP][PASSED] - Statement - StockQty = com.kms.katalon.core.webui.keyword.WebUiBuiltInKeywords.getAttribute(com.kms.katalon.core.testobject.ObjectRepository.findTestObject(HealthpostToStore/Page_Store/input_txtprice), "value"): Attribute 'value' of object 'Object Repository/HealthpostToStore/Page_Store/input_txtprice' is: '380'

2018-05-28 10:36:26 - [MESSAGE][PASSED] - Attribute 'value' of object 'Object Repository/HealthpostToStore/Page_Store/input_txtprice' is: '380'

2018-05-28 10:36:26 - [TEST_STEP][PASSED] - Statement - out.println("Stock QTY : " + StockQty): null

2018-05-28 10:36:26 - [TEST_STEP][PASSED] - delay: Delayed 2 second(s)

2018-05-28 10:36:28 - [MESSAGE][PASSED] - Delayed 2 second(s)

2018-05-28 10:36:28 - [TEST_STEP][PASSED] - Statement - If (java.lang.String.valueOf(StockQty) >= java.lang.String.valueOf(RequestedQty)): null

2018-05-28 10:36:28 - [TEST_STEP][PASSED] - setText: Text '10' is set on object 'Object Repository/HealthpostToStore/Page_Store/input_txtqty'

2018-05-28 10:36:28 - [MESSAGE][PASSED] - Text '10' is set on object 'Object Repository/HealthpostToStore/Page_Store/input_txtqty'

2018-05-28 10:36:28 - [TEST_STEP][PASSED] - click: Object: 'Object Repository/HealthpostToStore/Page_Store/button_Add' is clicked on

2018-05-28 10:36:28 - [MESSAGE][PASSED] - Object: 'Object Repository/HealthpostToStore/Page_Store/button_Add' is clicked on

2018-05-28 10:36:28 - [TEST_STEP][PASSED] - Statement - Break: null

2018-05-28 10:36:28 - [TEST_STEP][PASSED] - selectOptionByIndex: All options with index in [39] are selected on object 'Object Repository/HealthpostToStore/Page_Store/select_--Select--Adernaline 0.'

2018-05-28 10:36:29 - [MESSAGE][PASSED] - All options with index in [39] are selected on object 'Object Repository/HealthpostToStore/Page_Store/select_--Select--Adernaline 0.'

2018-05-28 10:36:29 - [TEST_STEP][PASSED] - delay: Delayed 2 second(s)

2018-05-28 10:36:31 - [MESSAGE][PASSED] - Delayed 2 second(s)

2018-05-28 10:36:31 - [TEST_STEP][PASSED] - Statement - RequestedQty = com.kms.katalon.core.webui.keyword.WebUiBuiltInKeywords.getAttribute(com.kms.katalon.core.testobject.ObjectRepository.findTestObject(HealthpostToStore/Page_Store/input_txttotal), "value"): Attribute 'value' of object 'Object Repository/HealthpostToStore/Page_Store/input_txttotal' is: '10'

2018-05-28 10:36:31 - [MESSAGE][PASSED] - Attribute 'value' of object 'Object Repository/HealthpostToStore/Page_Store/input_txttotal' is: '10'

2018-05-28 10:36:31 - [TEST_STEP][PASSED] - Statement - out.println("Requested QTY : " + RequestedQty): null

2018-05-28 10:36:31 - [TEST_STEP][PASSED] - Statement - BatchNumber = com.kms.katalon.core.webui.keyword.WebUiBuiltInKeywords.getNumberOfTotalOption(com.kms.katalon.core.testobject.ObjectRepository.findTestObject(HealthpostToStore/Page_Store/select_--Select--BA1170BA2376B)): 3 options of object 'Object Repository/HealthpostToStore/Page_Store/select_--Select--BA1170BA2376B' counted

2018-05-28 10:36:31 - [MESSAGE][PASSED] - 3 options of object 'Object Repository/HealthpostToStore/Page_Store/select_--Select--BA1170BA2376B' counted

2018-05-28 10:36:31 - [TEST_STEP][PASSED] - Statement - For ([g = 1, g <= BatchNumber - 1, (g++)]): null

2018-05-28 10:36:31 - [TEST_STEP][PASSED] - selectOptionByIndex: All options with index in [1] are selected on object 'Object Repository/HealthpostToStore/Page_Store/select_--Select--BA1170BA2376B'

2018-05-28 10:36:31 - [MESSAGE][PASSED] - All options with index in [1] are selected on object 'Object Repository/HealthpostToStore/Page_Store/select_--Select--BA1170BA2376B'

2018-05-28 10:36:31 - [TEST_STEP][PASSED] - Statement - Try: null

2018-05-28 10:36:31 - [TEST_STEP][PASSED] - Statement - StockQty = com.kms.katalon.core.webui.keyword.WebUiBuiltInKeywords.getAttribute(com.kms.katalon.core.testobject.ObjectRepository.findTestObject(HealthpostToStore/Page_Store/input_txtprice), "value"): Attribute 'value' of object 'Object Repository/HealthpostToStore/Page_Store/input_txtprice' is: '380'

2018-05-28 10:36:31 - [MESSAGE][PASSED] - Attribute 'value' of object 'Object Repository/HealthpostToStore/Page_Store/input_txtprice' is: '380'

2018-05-28 10:36:31 - [TEST_STEP][PASSED] - Statement - out.println("Stock QTY : " + StockQty): null

2018-05-28 10:36:31 - [TEST_STEP][PASSED] - delay: Delayed 2 second(s)

2018-05-28 10:36:33 - [MESSAGE][PASSED] - Delayed 2 second(s)

2018-05-28 10:36:33 - [TEST_STEP][PASSED] - Statement - If (java.lang.String.valueOf(StockQty) >= java.lang.String.valueOf(RequestedQty)): null

2018-05-28 10:36:33 - [TEST_STEP][PASSED] - setText: Text '10' is set on object 'Object Repository/HealthpostToStore/Page_Store/input_txtqty'

2018-05-28 10:36:33 - [MESSAGE][PASSED] - Text '10' is set on object 'Object Repository/HealthpostToStore/Page_Store/input_txtqty'

2018-05-28 10:36:33 - [TEST_STEP][PASSED] - click: Object: 'Object Repository/HealthpostToStore/Page_Store/button_Add' is clicked on

2018-05-28 10:36:33 - [MESSAGE][PASSED] - Object: 'Object Repository/HealthpostToStore/Page_Store/button_Add' is clicked on

2018-05-28 10:36:33 - [TEST_STEP][PASSED] - Statement - Break: null

2018-05-28 10:36:33 - [TEST_STEP][PASSED] - selectOptionByIndex: All options with index in [40] are selected on object 'Object Repository/HealthpostToStore/Page_Store/select_--Select--Adernaline 0.'

2018-05-28 10:36:34 - [MESSAGE][PASSED] - All options with index in [40] are selected on object 'Object Repository/HealthpostToStore/Page_Store/select_--Select--Adernaline 0.'

2018-05-28 10:36:34 - [TEST_STEP][PASSED] - delay: Delayed 2 second(s)

2018-05-28 10:36:36 - [MESSAGE][PASSED] - Delayed 2 second(s)

2018-05-28 10:36:36 - [TEST_STEP][PASSED] - Statement - RequestedQty = com.kms.katalon.core.webui.keyword.WebUiBuiltInKeywords.getAttribute(com.kms.katalon.core.testobject.ObjectRepository.findTestObject(HealthpostToStore/Page_Store/input_txttotal), "value"): Attribute 'value' of object 'Object Repository/HealthpostToStore/Page_Store/input_txttotal' is: '10'

2018-05-28 10:36:36 - [MESSAGE][PASSED] - Attribute 'value' of object 'Object Repository/HealthpostToStore/Page_Store/input_txttotal' is: '10'

2018-05-28 10:36:36 - [TEST_STEP][PASSED] - Statement - out.println("Requested QTY : " + RequestedQty): null

2018-05-28 10:36:36 - [TEST_STEP][PASSED] - Statement - BatchNumber = com.kms.katalon.core.webui.keyword.WebUiBuiltInKeywords.getNumberOfTotalOption(com.kms.katalon.core.testobject.ObjectRepository.findTestObject(HealthpostToStore/Page_Store/select_--Select--BA1170BA2376B)): 4 options of object 'Object Repository/HealthpostToStore/Page_Store/select_--Select--BA1170BA2376B' counted

2018-05-28 10:36:36 - [MESSAGE][PASSED] - 4 options of object 'Object Repository/HealthpostToStore/Page_Store/select_--Select--BA1170BA2376B' counted

2018-05-28 10:36:36 - [TEST_STEP][PASSED] - Statement - For ([g = 1, g <= BatchNumber - 1, (g++)]): null

2018-05-28 10:36:36 - [TEST_STEP][PASSED] - selectOptionByIndex: All options with index in [1] are selected on object 'Object Repository/HealthpostToStore/Page_Store/select_--Select--BA1170BA2376B'

2018-05-28 10:36:36 - [MESSAGE][PASSED] - All options with index in [1] are selected on object 'Object Repository/HealthpostToStore/Page_Store/select_--Select--BA1170BA2376B'

2018-05-28 10:36:36 - [TEST_STEP][PASSED] - Statement - Try: null

2018-05-28 10:36:36 - [TEST_STEP][PASSED] - Statement - StockQty = com.kms.katalon.core.webui.keyword.WebUiBuiltInKeywords.getAttribute(com.kms.katalon.core.testobject.ObjectRepository.findTestObject(HealthpostToStore/Page_Store/input_txtprice), "value"): Attribute 'value' of object 'Object Repository/HealthpostToStore/Page_Store/input_txtprice' is: '380'

2018-05-28 10:36:36 - [MESSAGE][PASSED] - Attribute 'value' of object 'Object Repository/HealthpostToStore/Page_Store/input_txtprice' is: '380'

2018-05-28 10:36:36 - [TEST_STEP][PASSED] - Statement - out.println("Stock QTY : " + StockQty): null

2018-05-28 10:36:36 - [TEST_STEP][PASSED] - delay: Delayed 2 second(s)

2018-05-28 10:36:38 - [MESSAGE][PASSED] - Delayed 2 second(s)

2018-05-28 10:36:38 - [TEST_STEP][PASSED] - Statement - If (java.lang.String.valueOf(StockQty) >= java.lang.String.valueOf(RequestedQty)): null

2018-05-28 10:36:38 - [TEST_STEP][PASSED] - setText: Text '10' is set on object 'Object Repository/HealthpostToStore/Page_Store/input_txtqty'

2018-05-28 10:36:38 - [MESSAGE][PASSED] - Text '10' is set on object 'Object Repository/HealthpostToStore/Page_Store/input_txtqty'

2018-05-28 10:36:38 - [TEST_STEP][PASSED] - click: Object: 'Object Repository/HealthpostToStore/Page_Store/button_Add' is clicked on

2018-05-28 10:36:38 - [MESSAGE][PASSED] - Object: 'Object Repository/HealthpostToStore/Page_Store/button_Add' is clicked on

2018-05-28 10:36:38 - [TEST_STEP][PASSED] - Statement - Break: null

2018-05-28 10:36:38 - [TEST_STEP][PASSED] - selectOptionByIndex: All options with index in [41] are selected on object 'Object Repository/HealthpostToStore/Page_Store/select_--Select--Adernaline 0.'

2018-05-28 10:36:39 - [MESSAGE][PASSED] - All options with index in [41] are selected on object 'Object Repository/HealthpostToStore/Page_Store/select_--Select--Adernaline 0.'

2018-05-28 10:36:39 - [TEST_STEP][PASSED] - delay: Delayed 2 second(s)

2018-05-28 10:36:41 - [MESSAGE][PASSED] - Delayed 2 second(s)

2018-05-28 10:36:41 - [TEST_STEP][PASSED] - Statement - RequestedQty = com.kms.katalon.core.webui.keyword.WebUiBuiltInKeywords.getAttribute(com.kms.katalon.core.testobject.ObjectRepository.findTestObject(HealthpostToStore/Page_Store/input_txttotal), "value"): Attribute 'value' of object 'Object Repository/HealthpostToStore/Page_Store/input_txttotal' is: '10'

2018-05-28 10:36:41 - [MESSAGE][PASSED] - Attribute 'value' of object 'Object Repository/HealthpostToStore/Page_Store/input_txttotal' is: '10'

2018-05-28 10:36:41 - [TEST_STEP][PASSED] - Statement - out.println("Requested QTY : " + RequestedQty): null

2018-05-28 10:36:41 - [TEST_STEP][PASSED] - Statement - BatchNumber = com.kms.katalon.core.webui.keyword.WebUiBuiltInKeywords.getNumberOfTotalOption(com.kms.katalon.core.testobject.ObjectRepository.findTestObject(HealthpostToStore/Page_Store/select_--Select--BA1170BA2376B)): 4 options of object 'Object Repository/HealthpostToStore/Page_Store/select_--Select--BA1170BA2376B' counted

2018-05-28 10:36:41 - [MESSAGE][PASSED] - 4 options of object 'Object Repository/HealthpostToStore/Page_Store/select_--Select--BA1170BA2376B' counted

2018-05-28 10:36:41 - [TEST_STEP][PASSED] - Statement - For ([g = 1, g <= BatchNumber - 1, (g++)]): null

2018-05-28 10:36:41 - [TEST_STEP][PASSED] - selectOptionByIndex: All options with index in [1] are selected on object 'Object Repository/HealthpostToStore/Page_Store/select_--Select--BA1170BA2376B'

2018-05-28 10:36:41 - [MESSAGE][PASSED] - All options with index in [1] are selected on object 'Object Repository/HealthpostToStore/Page_Store/select_--Select--BA1170BA2376B'

2018-05-28 10:36:41 - [TEST_STEP][PASSED] - Statement - Try: null

2018-05-28 10:36:41 - [TEST_STEP][PASSED] - Statement - StockQty = com.kms.katalon.core.webui.keyword.WebUiBuiltInKeywords.getAttribute(com.kms.katalon.core.testobject.ObjectRepository.findTestObject(HealthpostToStore/Page_Store/input_txtprice), "value"): Attribute 'value' of object 'Object Repository/HealthpostToStore/Page_Store/input_txtprice' is: '380'

2018-05-28 10:36:41 - [MESSAGE][PASSED] - Attribute 'value' of object 'Object Repository/HealthpostToStore/Page_Store/input_txtprice' is: '380'

2018-05-28 10:36:41 - [TEST_STEP][PASSED] - Statement - out.println("Stock QTY : " + StockQty): null

2018-05-28 10:36:41 - [TEST_STEP][PASSED] - delay: Delayed 2 second(s)

2018-05-28 10:36:43 - [MESSAGE][PASSED] - Delayed 2 second(s)

2018-05-28 10:36:43 - [TEST_STEP][PASSED] - Statement - If (java.lang.String.valueOf(StockQty) >= java.lang.String.valueOf(RequestedQty)): null

2018-05-28 10:36:43 - [TEST_STEP][PASSED] - setText: Text '10' is set on object 'Object Repository/HealthpostToStore/Page_Store/input_txtqty'

2018-05-28 10:36:43 - [MESSAGE][PASSED] - Text '10' is set on object 'Object Repository/HealthpostToStore/Page_Store/input_txtqty'

2018-05-28 10:36:43 - [TEST_STEP][PASSED] - click: Object: 'Object Repository/HealthpostToStore/Page_Store/button_Add' is clicked on

2018-05-28 10:36:43 - [MESSAGE][PASSED] - Object: 'Object Repository/HealthpostToStore/Page_Store/button_Add' is clicked on

2018-05-28 10:36:43 - [TEST_STEP][PASSED] - Statement - Break: null

2018-05-28 10:36:43 - [TEST_STEP][PASSED] - selectOptionByIndex: All options with index in [42] are selected on object 'Object Repository/HealthpostToStore/Page_Store/select_--Select--Adernaline 0.'

2018-05-28 10:36:44 - [MESSAGE][PASSED] - All options with index in [42] are selected on object 'Object Repository/HealthpostToStore/Page_Store/select_--Select--Adernaline 0.'

2018-05-28 10:36:44 - [TEST_STEP][PASSED] - delay: Delayed 2 second(s)

2018-05-28 10:36:46 - [MESSAGE][PASSED] - Delayed 2 second(s)

2018-05-28 10:36:46 - [TEST_STEP][PASSED] - Statement - RequestedQty = com.kms.katalon.core.webui.keyword.WebUiBuiltInKeywords.getAttribute(com.kms.katalon.core.testobject.ObjectRepository.findTestObject(HealthpostToStore/Page_Store/input_txttotal), "value"): Attribute 'value' of object 'Object Repository/HealthpostToStore/Page_Store/input_txttotal' is: '10'

2018-05-28 10:36:46 - [MESSAGE][PASSED] - Attribute 'value' of object 'Object Repository/HealthpostToStore/Page_Store/input_txttotal' is: '10'

2018-05-28 10:36:46 - [TEST_STEP][PASSED] - Statement - out.println("Requested QTY : " + RequestedQty): null

2018-05-28 10:36:46 - [TEST_STEP][PASSED] - Statement - BatchNumber = com.kms.katalon.core.webui.keyword.WebUiBuiltInKeywords.getNumberOfTotalOption(com.kms.katalon.core.testobject.ObjectRepository.findTestObject(HealthpostToStore/Page_Store/select_--Select--BA1170BA2376B)): 3 options of object 'Object Repository/HealthpostToStore/Page_Store/select_--Select--BA1170BA2376B' counted

2018-05-28 10:36:46 - [MESSAGE][PASSED] - 3 options of object 'Object Repository/HealthpostToStore/Page_Store/select_--Select--BA1170BA2376B' counted

2018-05-28 10:36:46 - [TEST_STEP][PASSED] - Statement - For ([g = 1, g <= BatchNumber - 1, (g++)]): null

2018-05-28 10:36:46 - [TEST_STEP][PASSED] - selectOptionByIndex: All options with index in [1] are selected on object 'Object Repository/HealthpostToStore/Page_Store/select_--Select--BA1170BA2376B'

2018-05-28 10:36:46 - [MESSAGE][PASSED] - All options with index in [1] are selected on object 'Object Repository/HealthpostToStore/Page_Store/select_--Select--BA1170BA2376B'

2018-05-28 10:36:46 - [TEST_STEP][PASSED] - Statement - Try: null

2018-05-28 10:36:46 - [TEST_STEP][PASSED] - Statement - StockQty = com.kms.katalon.core.webui.keyword.WebUiBuiltInKeywords.getAttribute(com.kms.katalon.core.testobject.ObjectRepository.findTestObject(HealthpostToStore/Page_Store/input_txtprice), "value"): Attribute 'value' of object 'Object Repository/HealthpostToStore/Page_Store/input_txtprice' is: '80'

2018-05-28 10:36:46 - [MESSAGE][PASSED] - Attribute 'value' of object 'Object Repository/HealthpostToStore/Page_Store/input_txtprice' is: '80'

2018-05-28 10:36:46 - [TEST_STEP][PASSED] - Statement - out.println("Stock QTY : " + StockQty): null

2018-05-28 10:36:46 - [TEST_STEP][PASSED] - delay: Delayed 2 second(s)

2018-05-28 10:36:48 - [MESSAGE][PASSED] - Delayed 2 second(s)

2018-05-28 10:36:48 - [TEST_STEP][PASSED] - Statement - If (java.lang.String.valueOf(StockQty) >= java.lang.String.valueOf(RequestedQty)): null

2018-05-28 10:36:48 - [TEST_STEP][PASSED] - setText: Text '10' is set on object 'Object Repository/HealthpostToStore/Page_Store/input_txtqty'

2018-05-28 10:36:48 - [MESSAGE][PASSED] - Text '10' is set on object 'Object Repository/HealthpostToStore/Page_Store/input_txtqty'

2018-05-28 10:36:48 - [TEST_STEP][PASSED] - click: Object: 'Object Repository/HealthpostToStore/Page_Store/button_Add' is clicked on

2018-05-28 10:36:48 - [MESSAGE][PASSED] - Object: 'Object Repository/HealthpostToStore/Page_Store/button_Add' is clicked on

2018-05-28 10:36:48 - [TEST_STEP][PASSED] - Statement - Break: null

2018-05-28 10:36:48 - [TEST_STEP][PASSED] - selectOptionByIndex: All options with index in [43] are selected on object 'Object Repository/HealthpostToStore/Page_Store/select_--Select--Adernaline 0.'

2018-05-28 10:36:49 - [MESSAGE][PASSED] - All options with index in [43] are selected on object 'Object Repository/HealthpostToStore/Page_Store/select_--Select--Adernaline 0.'

2018-05-28 10:36:49 - [TEST_STEP][PASSED] - delay: Delayed 2 second(s)

2018-05-28 10:36:51 - [MESSAGE][PASSED] - Delayed 2 second(s)

2018-05-28 10:36:51 - [TEST_STEP][PASSED] - Statement - RequestedQty = com.kms.katalon.core.webui.keyword.WebUiBuiltInKeywords.getAttribute(com.kms.katalon.core.testobject.ObjectRepository.findTestObject(HealthpostToStore/Page_Store/input_txttotal), "value"): Attribute 'value' of object 'Object Repository/HealthpostToStore/Page_Store/input_txttotal' is: '10'

2018-05-28 10:36:51 - [MESSAGE][PASSED] - Attribute 'value' of object 'Object Repository/HealthpostToStore/Page_Store/input_txttotal' is: '10'

2018-05-28 10:36:51 - [TEST_STEP][PASSED] - Statement - out.println("Requested QTY : " + RequestedQty): null

2018-05-28 10:36:51 - [TEST_STEP][PASSED] - Statement - BatchNumber = com.kms.katalon.core.webui.keyword.WebUiBuiltInKeywords.getNumberOfTotalOption(com.kms.katalon.core.testobject.ObjectRepository.findTestObject(HealthpostToStore/Page_Store/select_--Select--BA1170BA2376B)): 3 options of object 'Object Repository/HealthpostToStore/Page_Store/select_--Select--BA1170BA2376B' counted

2018-05-28 10:36:51 - [MESSAGE][PASSED] - 3 options of object 'Object Repository/HealthpostToStore/Page_Store/select_--Select--BA1170BA2376B' counted

2018-05-28 10:36:51 - [TEST_STEP][PASSED] - Statement - For ([g = 1, g <= BatchNumber - 1, (g++)]): null

2018-05-28 10:36:51 - [TEST_STEP][PASSED] - selectOptionByIndex: All options with index in [1] are selected on object 'Object Repository/HealthpostToStore/Page_Store/select_--Select--BA1170BA2376B'

2018-05-28 10:36:51 - [MESSAGE][PASSED] - All options with index in [1] are selected on object 'Object Repository/HealthpostToStore/Page_Store/select_--Select--BA1170BA2376B'

2018-05-28 10:36:51 - [TEST_STEP][PASSED] - Statement - Try: null

2018-05-28 10:36:51 - [TEST_STEP][PASSED] - Statement - StockQty = com.kms.katalon.core.webui.keyword.WebUiBuiltInKeywords.getAttribute(com.kms.katalon.core.testobject.ObjectRepository.findTestObject(HealthpostToStore/Page_Store/input_txtprice), "value"): Attribute 'value' of object 'Object Repository/HealthpostToStore/Page_Store/input_txtprice' is: '1340'

2018-05-28 10:36:51 - [MESSAGE][PASSED] - Attribute 'value' of object 'Object Repository/HealthpostToStore/Page_Store/input_txtprice' is: '1340'

2018-05-28 10:36:51 - [TEST_STEP][PASSED] - Statement - out.println("Stock QTY : " + StockQty): null

2018-05-28 10:36:51 - [TEST_STEP][PASSED] - delay: Delayed 2 second(s)

2018-05-28 10:36:53 - [MESSAGE][PASSED] - Delayed 2 second(s)

2018-05-28 10:36:53 - [TEST_STEP][PASSED] - Statement - If (java.lang.String.valueOf(StockQty) >= java.lang.String.valueOf(RequestedQty)): null

2018-05-28 10:36:53 - [TEST_STEP][PASSED] - setText: Text '10' is set on object 'Object Repository/HealthpostToStore/Page_Store/input_txtqty'

2018-05-28 10:36:53 - [MESSAGE][PASSED] - Text '10' is set on object 'Object Repository/HealthpostToStore/Page_Store/input_txtqty'

2018-05-28 10:36:53 - [TEST_STEP][PASSED] - click: Object: 'Object Repository/HealthpostToStore/Page_Store/button_Add' is clicked on

2018-05-28 10:36:53 - [MESSAGE][PASSED] - Object: 'Object Repository/HealthpostToStore/Page_Store/button_Add' is clicked on

2018-05-28 10:36:53 - [TEST_STEP][PASSED] - Statement - Break: null

2018-05-28 10:36:53 - [TEST_STEP][PASSED] - selectOptionByIndex: All options with index in [44] are selected on object 'Object Repository/HealthpostToStore/Page_Store/select_--Select--Adernaline 0.'

2018-05-28 10:36:54 - [MESSAGE][PASSED] - All options with index in [44] are selected on object 'Object Repository/HealthpostToStore/Page_Store/select_--Select--Adernaline 0.'

2018-05-28 10:36:54 - [TEST_STEP][PASSED] - delay: Delayed 2 second(s)

2018-05-28 10:36:56 - [MESSAGE][PASSED] - Delayed 2 second(s)

2018-05-28 10:36:56 - [TEST_STEP][PASSED] - Statement - RequestedQty = com.kms.katalon.core.webui.keyword.WebUiBuiltInKeywords.getAttribute(com.kms.katalon.core.testobject.ObjectRepository.findTestObject(HealthpostToStore/Page_Store/input_txttotal), "value"): Attribute 'value' of object 'Object Repository/HealthpostToStore/Page_Store/input_txttotal' is: '10'

2018-05-28 10:36:56 - [MESSAGE][PASSED] - Attribute 'value' of object 'Object Repository/HealthpostToStore/Page_Store/input_txttotal' is: '10'

2018-05-28 10:36:56 - [TEST_STEP][PASSED] - Statement - out.println("Requested QTY : " + RequestedQty): null

2018-05-28 10:36:56 - [TEST_STEP][PASSED] - Statement - BatchNumber = com.kms.katalon.core.webui.keyword.WebUiBuiltInKeywords.getNumberOfTotalOption(com.kms.katalon.core.testobject.ObjectRepository.findTestObject(HealthpostToStore/Page_Store/select_--Select--BA1170BA2376B)): 3 options of object 'Object Repository/HealthpostToStore/Page_Store/select_--Select--BA1170BA2376B' counted

2018-05-28 10:36:56 - [MESSAGE][PASSED] - 3 options of object 'Object Repository/HealthpostToStore/Page_Store/select_--Select--BA1170BA2376B' counted

2018-05-28 10:36:56 - [TEST_STEP][PASSED] - Statement - For ([g = 1, g <= BatchNumber - 1, (g++)]): null

2018-05-28 10:36:56 - [TEST_STEP][PASSED] - selectOptionByIndex: All options with index in [1] are selected on object 'Object Repository/HealthpostToStore/Page_Store/select_--Select--BA1170BA2376B'

2018-05-28 10:36:56 - [MESSAGE][PASSED] - All options with index in [1] are selected on object 'Object Repository/HealthpostToStore/Page_Store/select_--Select--BA1170BA2376B'

2018-05-28 10:36:56 - [TEST_STEP][PASSED] - Statement - Try: null

2018-05-28 10:36:56 - [TEST_STEP][PASSED] - Statement - StockQty = com.kms.katalon.core.webui.keyword.WebUiBuiltInKeywords.getAttribute(com.kms.katalon.core.testobject.ObjectRepository.findTestObject(HealthpostToStore/Page_Store/input_txtprice), "value"): Attribute 'value' of object 'Object Repository/HealthpostToStore/Page_Store/input_txtprice' is: '380'

2018-05-28 10:36:56 - [MESSAGE][PASSED] - Attribute 'value' of object 'Object Repository/HealthpostToStore/Page_Store/input_txtprice' is: '380'

2018-05-28 10:36:56 - [TEST_STEP][PASSED] - Statement - out.println("Stock QTY : " + StockQty): null

2018-05-28 10:36:56 - [TEST_STEP][PASSED] - delay: Delayed 2 second(s)

2018-05-28 10:36:58 - [MESSAGE][PASSED] - Delayed 2 second(s)

2018-05-28 10:36:58 - [TEST_STEP][PASSED] - Statement - If (java.lang.String.valueOf(StockQty) >= java.lang.String.valueOf(RequestedQty)): null

2018-05-28 10:36:58 - [TEST_STEP][PASSED] - setText: Text '10' is set on object 'Object Repository/HealthpostToStore/Page_Store/input_txtqty'

2018-05-28 10:36:58 - [MESSAGE][PASSED] - Text '10' is set on object 'Object Repository/HealthpostToStore/Page_Store/input_txtqty'

2018-05-28 10:36:58 - [TEST_STEP][PASSED] - click: Object: 'Object Repository/HealthpostToStore/Page_Store/button_Add' is clicked on

2018-05-28 10:36:58 - [MESSAGE][PASSED] - Object: 'Object Repository/HealthpostToStore/Page_Store/button_Add' is clicked on

2018-05-28 10:36:58 - [TEST_STEP][PASSED] - Statement - Break: null

2018-05-28 10:36:58 - [TEST_STEP][PASSED] - selectOptionByIndex: All options with index in [45] are selected on object 'Object Repository/HealthpostToStore/Page_Store/select_--Select--Adernaline 0.'

2018-05-28 10:36:59 - [MESSAGE][PASSED] - All options with index in [45] are selected on object 'Object Repository/HealthpostToStore/Page_Store/select_--Select--Adernaline 0.'

2018-05-28 10:36:59 - [TEST_STEP][PASSED] - delay: Delayed 2 second(s)

2018-05-28 10:37:01 - [MESSAGE][PASSED] - Delayed 2 second(s)

2018-05-28 10:37:01 - [TEST_STEP][PASSED] - Statement - RequestedQty = com.kms.katalon.core.webui.keyword.WebUiBuiltInKeywords.getAttribute(com.kms.katalon.core.testobject.ObjectRepository.findTestObject(HealthpostToStore/Page_Store/input_txttotal), "value"): Attribute 'value' of object 'Object Repository/HealthpostToStore/Page_Store/input_txttotal' is: '10'

2018-05-28 10:37:01 - [MESSAGE][PASSED] - Attribute 'value' of object 'Object Repository/HealthpostToStore/Page_Store/input_txttotal' is: '10'

2018-05-28 10:37:01 - [TEST_STEP][PASSED] - Statement - out.println("Requested QTY : " + RequestedQty): null

2018-05-28 10:37:01 - [TEST_STEP][PASSED] - Statement - BatchNumber = com.kms.katalon.core.webui.keyword.WebUiBuiltInKeywords.getNumberOfTotalOption(com.kms.katalon.core.testobject.ObjectRepository.findTestObject(HealthpostToStore/Page_Store/select_--Select--BA1170BA2376B)): 5 options of object 'Object Repository/HealthpostToStore/Page_Store/select_--Select--BA1170BA2376B' counted

2018-05-28 10:37:01 - [MESSAGE][PASSED] - 5 options of object 'Object Repository/HealthpostToStore/Page_Store/select_--Select--BA1170BA2376B' counted

2018-05-28 10:37:01 - [TEST_STEP][PASSED] - Statement - For ([g = 1, g <= BatchNumber - 1, (g++)]): null

2018-05-28 10:37:01 - [TEST_STEP][PASSED] - selectOptionByIndex: All options with index in [1] are selected on object 'Object Repository/HealthpostToStore/Page_Store/select_--Select--BA1170BA2376B'

2018-05-28 10:37:01 - [MESSAGE][PASSED] - All options with index in [1] are selected on object 'Object Repository/HealthpostToStore/Page_Store/select_--Select--BA1170BA2376B'

2018-05-28 10:37:01 - [TEST_STEP][PASSED] - Statement - Try: null

2018-05-28 10:37:01 - [TEST_STEP][PASSED] - Statement - StockQty = com.kms.katalon.core.webui.keyword.WebUiBuiltInKeywords.getAttribute(com.kms.katalon.core.testobject.ObjectRepository.findTestObject(HealthpostToStore/Page_Store/input_txtprice), "value"): Attribute 'value' of object 'Object Repository/HealthpostToStore/Page_Store/input_txtprice' is: '80'

2018-05-28 10:37:01 - [MESSAGE][PASSED] - Attribute 'value' of object 'Object Repository/HealthpostToStore/Page_Store/input_txtprice' is: '80'

2018-05-28 10:37:01 - [TEST_STEP][PASSED] - Statement - out.println("Stock QTY : " + StockQty): null

2018-05-28 10:37:01 - [TEST_STEP][PASSED] - delay: Delayed 2 second(s)

2018-05-28 10:37:03 - [MESSAGE][PASSED] - Delayed 2 second(s)

2018-05-28 10:37:03 - [TEST_STEP][PASSED] - Statement - If (java.lang.String.valueOf(StockQty) >= java.lang.String.valueOf(RequestedQty)): null

2018-05-28 10:37:03 - [TEST_STEP][PASSED] - setText: Text '10' is set on object 'Object Repository/HealthpostToStore/Page_Store/input_txtqty'

2018-05-28 10:37:03 - [MESSAGE][PASSED] - Text '10' is set on object 'Object Repository/HealthpostToStore/Page_Store/input_txtqty'

2018-05-28 10:37:03 - [TEST_STEP][PASSED] - click: Object: 'Object Repository/HealthpostToStore/Page_Store/button_Add' is clicked on

2018-05-28 10:37:03 - [MESSAGE][PASSED] - Object: 'Object Repository/HealthpostToStore/Page_Store/button_Add' is clicked on

2018-05-28 10:37:03 - [TEST_STEP][PASSED] - Statement - Break: null

2018-05-28 10:37:03 - [TEST_STEP][PASSED] - selectOptionByIndex: All options with index in [46] are selected on object 'Object Repository/HealthpostToStore/Page_Store/select_--Select--Adernaline 0.'

2018-05-28 10:37:04 - [MESSAGE][PASSED] - All options with index in [46] are selected on object 'Object Repository/HealthpostToStore/Page_Store/select_--Select--Adernaline 0.'

2018-05-28 10:37:04 - [TEST_STEP][PASSED] - delay: Delayed 2 second(s)

2018-05-28 10:37:06 - [MESSAGE][PASSED] - Delayed 2 second(s)

2018-05-28 10:37:06 - [TEST_STEP][PASSED] - Statement - RequestedQty = com.kms.katalon.core.webui.keyword.WebUiBuiltInKeywords.getAttribute(com.kms.katalon.core.testobject.ObjectRepository.findTestObject(HealthpostToStore/Page_Store/input_txttotal), "value"): Attribute 'value' of object 'Object Repository/HealthpostToStore/Page_Store/input_txttotal' is: '10'

2018-05-28 10:37:06 - [MESSAGE][PASSED] - Attribute 'value' of object 'Object Repository/HealthpostToStore/Page_Store/input_txttotal' is: '10'

2018-05-28 10:37:06 - [TEST_STEP][PASSED] - Statement - out.println("Requested QTY : " + RequestedQty): null

2018-05-28 10:37:06 - [TEST_STEP][PASSED] - Statement - BatchNumber = com.kms.katalon.core.webui.keyword.WebUiBuiltInKeywords.getNumberOfTotalOption(com.kms.katalon.core.testobject.ObjectRepository.findTestObject(HealthpostToStore/Page_Store/select_--Select--BA1170BA2376B)): 2 options of object 'Object Repository/HealthpostToStore/Page_Store/select_--Select--BA1170BA2376B' counted

2018-05-28 10:37:06 - [MESSAGE][PASSED] - 2 options of object 'Object Repository/HealthpostToStore/Page_Store/select_--Select--BA1170BA2376B' counted

2018-05-28 10:37:06 - [TEST_STEP][PASSED] - Statement - For ([g = 1, g <= BatchNumber - 1, (g++)]): null

2018-05-28 10:37:06 - [TEST_STEP][PASSED] - selectOptionByIndex: All options with index in [1] are selected on object 'Object Repository/HealthpostToStore/Page_Store/select_--Select--BA1170BA2376B'

2018-05-28 10:37:06 - [MESSAGE][PASSED] - All options with index in [1] are selected on object 'Object Repository/HealthpostToStore/Page_Store/select_--Select--BA1170BA2376B'

2018-05-28 10:37:06 - [TEST_STEP][PASSED] - Statement - Try: null

2018-05-28 10:37:06 - [TEST_STEP][PASSED] - Statement - StockQty = com.kms.katalon.core.webui.keyword.WebUiBuiltInKeywords.getAttribute(com.kms.katalon.core.testobject.ObjectRepository.findTestObject(HealthpostToStore/Page_Store/input_txtprice), "value"): Attribute 'value' of object 'Object Repository/HealthpostToStore/Page_Store/input_txtprice' is: '1540'

2018-05-28 10:37:06 - [MESSAGE][PASSED] - Attribute 'value' of object 'Object Repository/HealthpostToStore/Page_Store/input_txtprice' is: '1540'

2018-05-28 10:37:06 - [TEST_STEP][PASSED] - Statement - out.println("Stock QTY : " + StockQty): null

2018-05-28 10:37:06 - [TEST_STEP][PASSED] - delay: Delayed 2 second(s)

2018-05-28 10:37:08 - [MESSAGE][PASSED] - Delayed 2 second(s)

2018-05-28 10:37:08 - [TEST_STEP][PASSED] - Statement - If (java.lang.String.valueOf(StockQty) >= java.lang.String.valueOf(RequestedQty)): null

2018-05-28 10:37:08 - [TEST_STEP][PASSED] - setText: Text '10' is set on object 'Object Repository/HealthpostToStore/Page_Store/input_txtqty'

2018-05-28 10:37:08 - [MESSAGE][PASSED] - Text '10' is set on object 'Object Repository/HealthpostToStore/Page_Store/input_txtqty'

2018-05-28 10:37:08 - [TEST_STEP][PASSED] - click: Object: 'Object Repository/HealthpostToStore/Page_Store/button_Add' is clicked on

2018-05-28 10:37:08 - [MESSAGE][PASSED] - Object: 'Object Repository/HealthpostToStore/Page_Store/button_Add' is clicked on

2018-05-28 10:37:08 - [TEST_STEP][PASSED] - Statement - Break: null

2018-05-28 10:37:08 - [TEST_STEP][PASSED] - selectOptionByIndex: All options with index in [47] are selected on object 'Object Repository/HealthpostToStore/Page_Store/select_--Select--Adernaline 0.'

2018-05-28 10:37:09 - [MESSAGE][PASSED] - All options with index in [47] are selected on object 'Object Repository/HealthpostToStore/Page_Store/select_--Select--Adernaline 0.'

2018-05-28 10:37:09 - [TEST_STEP][PASSED] - delay: Delayed 2 second(s)

2018-05-28 10:37:11 - [MESSAGE][PASSED] - Delayed 2 second(s)

2018-05-28 10:37:11 - [TEST_STEP][PASSED] - Statement - RequestedQty = com.kms.katalon.core.webui.keyword.WebUiBuiltInKeywords.getAttribute(com.kms.katalon.core.testobject.ObjectRepository.findTestObject(HealthpostToStore/Page_Store/input_txttotal), "value"): Attribute 'value' of object 'Object Repository/HealthpostToStore/Page_Store/input_txttotal' is: '10'

2018-05-28 10:37:11 - [MESSAGE][PASSED] - Attribute 'value' of object 'Object Repository/HealthpostToStore/Page_Store/input_txttotal' is: '10'

2018-05-28 10:37:11 - [TEST_STEP][PASSED] - Statement - out.println("Requested QTY : " + RequestedQty): null

2018-05-28 10:37:11 - [TEST_STEP][PASSED] - Statement - BatchNumber = com.kms.katalon.core.webui.keyword.WebUiBuiltInKeywords.getNumberOfTotalOption(com.kms.katalon.core.testobject.ObjectRepository.findTestObject(HealthpostToStore/Page_Store/select_--Select--BA1170BA2376B)): 3 options of object 'Object Repository/HealthpostToStore/Page_Store/select_--Select--BA1170BA2376B' counted

2018-05-28 10:37:11 - [MESSAGE][PASSED] - 3 options of object 'Object Repository/HealthpostToStore/Page_Store/select_--Select--BA1170BA2376B' counted

2018-05-28 10:37:11 - [TEST_STEP][PASSED] - Statement - For ([g = 1, g <= BatchNumber - 1, (g++)]): null

2018-05-28 10:37:11 - [TEST_STEP][PASSED] - selectOptionByIndex: All options with index in [1] are selected on object 'Object Repository/HealthpostToStore/Page_Store/select_--Select--BA1170BA2376B'

2018-05-28 10:37:11 - [MESSAGE][PASSED] - All options with index in [1] are selected on object 'Object Repository/HealthpostToStore/Page_Store/select_--Select--BA1170BA2376B'

2018-05-28 10:37:11 - [TEST_STEP][PASSED] - Statement - Try: null

2018-05-28 10:37:11 - [TEST_STEP][PASSED] - Statement - StockQty = com.kms.katalon.core.webui.keyword.WebUiBuiltInKeywords.getAttribute(com.kms.katalon.core.testobject.ObjectRepository.findTestObject(HealthpostToStore/Page_Store/input_txtprice), "value"): Attribute 'value' of object 'Object Repository/HealthpostToStore/Page_Store/input_txtprice' is: '80'

2018-05-28 10:37:11 - [MESSAGE][PASSED] - Attribute 'value' of object 'Object Repository/HealthpostToStore/Page_Store/input_txtprice' is: '80'

2018-05-28 10:37:11 - [TEST_STEP][PASSED] - Statement - out.println("Stock QTY : " + StockQty): null

2018-05-28 10:37:11 - [TEST_STEP][PASSED] - delay: Delayed 2 second(s)

2018-05-28 10:37:13 - [MESSAGE][PASSED] - Delayed 2 second(s)

2018-05-28 10:37:13 - [TEST_STEP][PASSED] - Statement - If (java.lang.String.valueOf(StockQty) >= java.lang.String.valueOf(RequestedQty)): null

2018-05-28 10:37:13 - [TEST_STEP][PASSED] - setText: Text '10' is set on object 'Object Repository/HealthpostToStore/Page_Store/input_txtqty'

2018-05-28 10:37:13 - [MESSAGE][PASSED] - Text '10' is set on object 'Object Repository/HealthpostToStore/Page_Store/input_txtqty'

2018-05-28 10:37:13 - [TEST_STEP][PASSED] - click: Object: 'Object Repository/HealthpostToStore/Page_Store/button_Add' is clicked on

2018-05-28 10:37:13 - [MESSAGE][PASSED] - Object: 'Object Repository/HealthpostToStore/Page_Store/button_Add' is clicked on

2018-05-28 10:37:13 - [TEST_STEP][PASSED] - Statement - Break: null

2018-05-28 10:37:13 - [TEST_STEP][PASSED] - selectOptionByIndex: All options with index in [48] are selected on object 'Object Repository/HealthpostToStore/Page_Store/select_--Select--Adernaline 0.'

2018-05-28 10:37:14 - [MESSAGE][PASSED] - All options with index in [48] are selected on object 'Object Repository/HealthpostToStore/Page_Store/select_--Select--Adernaline 0.'

2018-05-28 10:37:14 - [TEST_STEP][PASSED] - delay: Delayed 2 second(s)

2018-05-28 10:37:16 - [MESSAGE][PASSED] - Delayed 2 second(s)

2018-05-28 10:37:16 - [TEST_STEP][PASSED] - Statement - RequestedQty = com.kms.katalon.core.webui.keyword.WebUiBuiltInKeywords.getAttribute(com.kms.katalon.core.testobject.ObjectRepository.findTestObject(HealthpostToStore/Page_Store/input_txttotal), "value"): Attribute 'value' of object 'Object Repository/HealthpostToStore/Page_Store/input_txttotal' is: '10'

2018-05-28 10:37:16 - [MESSAGE][PASSED] - Attribute 'value' of object 'Object Repository/HealthpostToStore/Page_Store/input_txttotal' is: '10'

2018-05-28 10:37:16 - [TEST_STEP][PASSED] - Statement - out.println("Requested QTY : " + RequestedQty): null

2018-05-28 10:37:16 - [TEST_STEP][PASSED] - Statement - BatchNumber = com.kms.katalon.core.webui.keyword.WebUiBuiltInKeywords.getNumberOfTotalOption(com.kms.katalon.core.testobject.ObjectRepository.findTestObject(HealthpostToStore/Page_Store/select_--Select--BA1170BA2376B)): 4 options of object 'Object Repository/HealthpostToStore/Page_Store/select_--Select--BA1170BA2376B' counted

2018-05-28 10:37:16 - [MESSAGE][PASSED] - 4 options of object 'Object Repository/HealthpostToStore/Page_Store/select_--Select--BA1170BA2376B' counted

2018-05-28 10:37:16 - [TEST_STEP][PASSED] - Statement - For ([g = 1, g <= BatchNumber - 1, (g++)]): null

2018-05-28 10:37:16 - [TEST_STEP][PASSED] - selectOptionByIndex: All options with index in [1] are selected on object 'Object Repository/HealthpostToStore/Page_Store/select_--Select--BA1170BA2376B'

2018-05-28 10:37:16 - [MESSAGE][PASSED] - All options with index in [1] are selected on object 'Object Repository/HealthpostToStore/Page_Store/select_--Select--BA1170BA2376B'

2018-05-28 10:37:16 - [TEST_STEP][PASSED] - Statement - Try: null

2018-05-28 10:37:16 - [TEST_STEP][PASSED] - Statement - StockQty = com.kms.katalon.core.webui.keyword.WebUiBuiltInKeywords.getAttribute(com.kms.katalon.core.testobject.ObjectRepository.findTestObject(HealthpostToStore/Page_Store/input_txtprice), "value"): Attribute 'value' of object 'Object Repository/HealthpostToStore/Page_Store/input_txtprice' is: '380'

2018-05-28 10:37:16 - [MESSAGE][PASSED] - Attribute 'value' of object 'Object Repository/HealthpostToStore/Page_Store/input_txtprice' is: '380'

2018-05-28 10:37:16 - [TEST_STEP][PASSED] - Statement - out.println("Stock QTY : " + StockQty): null

2018-05-28 10:37:16 - [TEST_STEP][PASSED] - delay: Delayed 2 second(s)

2018-05-28 10:37:18 - [MESSAGE][PASSED] - Delayed 2 second(s)

2018-05-28 10:37:18 - [TEST_STEP][PASSED] - Statement - If (java.lang.String.valueOf(StockQty) >= java.lang.String.valueOf(RequestedQty)): null

2018-05-28 10:37:18 - [TEST_STEP][PASSED] - setText: Text '10' is set on object 'Object Repository/HealthpostToStore/Page_Store/input_txtqty'

2018-05-28 10:37:18 - [MESSAGE][PASSED] - Text '10' is set on object 'Object Repository/HealthpostToStore/Page_Store/input_txtqty'

2018-05-28 10:37:18 - [TEST_STEP][PASSED] - click: Object: 'Object Repository/HealthpostToStore/Page_Store/button_Add' is clicked on

2018-05-28 10:37:18 - [MESSAGE][PASSED] - Object: 'Object Repository/HealthpostToStore/Page_Store/button_Add' is clicked on

2018-05-28 10:37:18 - [TEST_STEP][PASSED] - Statement - Break: null

2018-05-28 10:37:18 - [TEST_STEP][PASSED] - selectOptionByIndex: All options with index in [49] are selected on object 'Object Repository/HealthpostToStore/Page_Store/select_--Select--Adernaline 0.'

2018-05-28 10:37:18 - [MESSAGE][PASSED] - All options with index in [49] are selected on object 'Object Repository/HealthpostToStore/Page_Store/select_--Select--Adernaline 0.'

2018-05-28 10:37:18 - [TEST_STEP][PASSED] - delay: Delayed 2 second(s)

2018-05-28 10:37:20 - [MESSAGE][PASSED] - Delayed 2 second(s)

2018-05-28 10:37:20 - [TEST_STEP][PASSED] - Statement - RequestedQty = com.kms.katalon.core.webui.keyword.WebUiBuiltInKeywords.getAttribute(com.kms.katalon.core.testobject.ObjectRepository.findTestObject(HealthpostToStore/Page_Store/input_txttotal), "value"): Attribute 'value' of object 'Object Repository/HealthpostToStore/Page_Store/input_txttotal' is: '10'

2018-05-28 10:37:21 - [MESSAGE][PASSED] - Attribute 'value' of object 'Object Repository/HealthpostToStore/Page_Store/input_txttotal' is: '10'

2018-05-28 10:37:21 - [TEST_STEP][PASSED] - Statement - out.println("Requested QTY : " + RequestedQty): null

2018-05-28 10:37:21 - [TEST_STEP][PASSED] - Statement - BatchNumber = com.kms.katalon.core.webui.keyword.WebUiBuiltInKeywords.getNumberOfTotalOption(com.kms.katalon.core.testobject.ObjectRepository.findTestObject(HealthpostToStore/Page_Store/select_--Select--BA1170BA2376B)): 2 options of object 'Object Repository/HealthpostToStore/Page_Store/select_--Select--BA1170BA2376B' counted

2018-05-28 10:37:21 - [MESSAGE][PASSED] - 2 options of object 'Object Repository/HealthpostToStore/Page_Store/select_--Select--BA1170BA2376B' counted

2018-05-28 10:37:21 - [TEST_STEP][PASSED] - Statement - For ([g = 1, g <= BatchNumber - 1, (g++)]): null

2018-05-28 10:37:21 - [TEST_STEP][PASSED] - selectOptionByIndex: All options with index in [1] are selected on object 'Object Repository/HealthpostToStore/Page_Store/select_--Select--BA1170BA2376B'

2018-05-28 10:37:21 - [MESSAGE][PASSED] - All options with index in [1] are selected on object 'Object Repository/HealthpostToStore/Page_Store/select_--Select--BA1170BA2376B'

2018-05-28 10:37:21 - [TEST_STEP][PASSED] - Statement - Try: null

2018-05-28 10:37:21 - [TEST_STEP][PASSED] - Statement - StockQty = com.kms.katalon.core.webui.keyword.WebUiBuiltInKeywords.getAttribute(com.kms.katalon.core.testobject.ObjectRepository.findTestObject(HealthpostToStore/Page_Store/input_txtprice), "value"): Attribute 'value' of object 'Object Repository/HealthpostToStore/Page_Store/input_txtprice' is: '1540'

2018-05-28 10:37:21 - [MESSAGE][PASSED] - Attribute 'value' of object 'Object Repository/HealthpostToStore/Page_Store/input_txtprice' is: '1540'

2018-05-28 10:37:21 - [TEST_STEP][PASSED] - Statement - out.println("Stock QTY : " + StockQty): null

2018-05-28 10:37:21 - [TEST_STEP][PASSED] - delay: Delayed 2 second(s)

2018-05-28 10:37:23 - [MESSAGE][PASSED] - Delayed 2 second(s)

2018-05-28 10:37:23 - [TEST_STEP][PASSED] - Statement - If (java.lang.String.valueOf(StockQty) >= java.lang.String.valueOf(RequestedQty)): null

2018-05-28 10:37:23 - [TEST_STEP][PASSED] - setText: Text '10' is set on object 'Object Repository/HealthpostToStore/Page_Store/input_txtqty'

2018-05-28 10:37:23 - [MESSAGE][PASSED] - Text '10' is set on object 'Object Repository/HealthpostToStore/Page_Store/input_txtqty'

2018-05-28 10:37:23 - [TEST_STEP][PASSED] - click: Object: 'Object Repository/HealthpostToStore/Page_Store/button_Add' is clicked on

2018-05-28 10:37:23 - [MESSAGE][PASSED] - Object: 'Object Repository/HealthpostToStore/Page_Store/button_Add' is clicked on

2018-05-28 10:37:23 - [TEST_STEP][PASSED] - Statement - Break: null

2018-05-28 10:37:23 - [TEST_STEP][PASSED] - selectOptionByIndex: All options with index in [50] are selected on object 'Object Repository/HealthpostToStore/Page_Store/select_--Select--Adernaline 0.'

2018-05-28 10:37:23 - [MESSAGE][PASSED] - All options with index in [50] are selected on object 'Object Repository/HealthpostToStore/Page_Store/select_--Select--Adernaline 0.'

2018-05-28 10:37:23 - [TEST_STEP][PASSED] - delay: Delayed 2 second(s)

2018-05-28 10:37:25 - [MESSAGE][PASSED] - Delayed 2 second(s)

2018-05-28 10:37:25 - [TEST_STEP][PASSED] - Statement - RequestedQty = com.kms.katalon.core.webui.keyword.WebUiBuiltInKeywords.getAttribute(com.kms.katalon.core.testobject.ObjectRepository.findTestObject(HealthpostToStore/Page_Store/input_txttotal), "value"): Attribute 'value' of object 'Object Repository/HealthpostToStore/Page_Store/input_txttotal' is: '10'

2018-05-28 10:37:25 - [MESSAGE][PASSED] - Attribute 'value' of object 'Object Repository/HealthpostToStore/Page_Store/input_txttotal' is: '10'

2018-05-28 10:37:25 - [TEST_STEP][PASSED] - Statement - out.println("Requested QTY : " + RequestedQty): null

2018-05-28 10:37:25 - [TEST_STEP][PASSED] - Statement - BatchNumber = com.kms.katalon.core.webui.keyword.WebUiBuiltInKeywords.getNumberOfTotalOption(com.kms.katalon.core.testobject.ObjectRepository.findTestObject(HealthpostToStore/Page_Store/select_--Select--BA1170BA2376B)): 3 options of object 'Object Repository/HealthpostToStore/Page_Store/select_--Select--BA1170BA2376B' counted

2018-05-28 10:37:26 - [MESSAGE][PASSED] - 3 options of object 'Object Repository/HealthpostToStore/Page_Store/select_--Select--BA1170BA2376B' counted

2018-05-28 10:37:26 - [TEST_STEP][PASSED] - Statement - For ([g = 1, g <= BatchNumber - 1, (g++)]): null

2018-05-28 10:37:26 - [TEST_STEP][PASSED] - selectOptionByIndex: All options with index in [1] are selected on object 'Object Repository/HealthpostToStore/Page_Store/select_--Select--BA1170BA2376B'

2018-05-28 10:37:26 - [MESSAGE][PASSED] - All options with index in [1] are selected on object 'Object Repository/HealthpostToStore/Page_Store/select_--Select--BA1170BA2376B'

2018-05-28 10:37:26 - [TEST_STEP][PASSED] - Statement - Try: null

2018-05-28 10:37:26 - [TEST_STEP][PASSED] - Statement - StockQty = com.kms.katalon.core.webui.keyword.WebUiBuiltInKeywords.getAttribute(com.kms.katalon.core.testobject.ObjectRepository.findTestObject(HealthpostToStore/Page_Store/input_txtprice), "value"): Attribute 'value' of object 'Object Repository/HealthpostToStore/Page_Store/input_txtprice' is: '380'

2018-05-28 10:37:26 - [MESSAGE][PASSED] - Attribute 'value' of object 'Object Repository/HealthpostToStore/Page_Store/input_txtprice' is: '380'

2018-05-28 10:37:26 - [TEST_STEP][PASSED] - Statement - out.println("Stock QTY : " + StockQty): null

2018-05-28 10:37:26 - [TEST_STEP][PASSED] - delay: Delayed 2 second(s)

2018-05-28 10:37:28 - [MESSAGE][PASSED] - Delayed 2 second(s)

2018-05-28 10:37:28 - [TEST_STEP][PASSED] - Statement - If (java.lang.String.valueOf(StockQty) >= java.lang.String.valueOf(RequestedQty)): null

2018-05-28 10:37:28 - [TEST_STEP][PASSED] - setText: Text '10' is set on object 'Object Repository/HealthpostToStore/Page_Store/input_txtqty'

2018-05-28 10:37:28 - [MESSAGE][PASSED] - Text '10' is set on object 'Object Repository/HealthpostToStore/Page_Store/input_txtqty'

2018-05-28 10:37:28 - [TEST_STEP][PASSED] - click: Object: 'Object Repository/HealthpostToStore/Page_Store/button_Add' is clicked on

2018-05-28 10:37:28 - [MESSAGE][PASSED] - Object: 'Object Repository/HealthpostToStore/Page_Store/button_Add' is clicked on

2018-05-28 10:37:28 - [TEST_STEP][PASSED] - Statement - Break: null

2018-05-28 10:37:28 - [TEST_STEP][PASSED] - selectOptionByIndex: All options with index in [51] are selected on object 'Object Repository/HealthpostToStore/Page_Store/select_--Select--Adernaline 0.'

2018-05-28 10:37:28 - [MESSAGE][PASSED] - All options with index in [51] are selected on object 'Object Repository/HealthpostToStore/Page_Store/select_--Select--Adernaline 0.'

2018-05-28 10:37:28 - [TEST_STEP][PASSED] - delay: Delayed 2 second(s)

2018-05-28 10:37:30 - [MESSAGE][PASSED] - Delayed 2 second(s)

2018-05-28 10:37:30 - [TEST_STEP][PASSED] - Statement - RequestedQty = com.kms.katalon.core.webui.keyword.WebUiBuiltInKeywords.getAttribute(com.kms.katalon.core.testobject.ObjectRepository.findTestObject(HealthpostToStore/Page_Store/input_txttotal), "value"): Attribute 'value' of object 'Object Repository/HealthpostToStore/Page_Store/input_txttotal' is: '10'

2018-05-28 10:37:30 - [MESSAGE][PASSED] - Attribute 'value' of object 'Object Repository/HealthpostToStore/Page_Store/input_txttotal' is: '10'

2018-05-28 10:37:30 - [TEST_STEP][PASSED] - Statement - out.println("Requested QTY : " + RequestedQty): null

2018-05-28 10:37:30 - [TEST_STEP][PASSED] - Statement - BatchNumber = com.kms.katalon.core.webui.keyword.WebUiBuiltInKeywords.getNumberOfTotalOption(com.kms.katalon.core.testobject.ObjectRepository.findTestObject(HealthpostToStore/Page_Store/select_--Select--BA1170BA2376B)): 3 options of object 'Object Repository/HealthpostToStore/Page_Store/select_--Select--BA1170BA2376B' counted

2018-05-28 10:37:31 - [MESSAGE][PASSED] - 3 options of object 'Object Repository/HealthpostToStore/Page_Store/select_--Select--BA1170BA2376B' counted

2018-05-28 10:37:31 - [TEST_STEP][PASSED] - Statement - For ([g = 1, g <= BatchNumber - 1, (g++)]): null

2018-05-28 10:37:31 - [TEST_STEP][PASSED] - selectOptionByIndex: All options with index in [1] are selected on object 'Object Repository/HealthpostToStore/Page_Store/select_--Select--BA1170BA2376B'

2018-05-28 10:37:31 - [MESSAGE][PASSED] - All options with index in [1] are selected on object 'Object Repository/HealthpostToStore/Page_Store/select_--Select--BA1170BA2376B'

2018-05-28 10:37:31 - [TEST_STEP][PASSED] - Statement - Try: null

2018-05-28 10:37:31 - [TEST_STEP][PASSED] - Statement - StockQty = com.kms.katalon.core.webui.keyword.WebUiBuiltInKeywords.getAttribute(com.kms.katalon.core.testobject.ObjectRepository.findTestObject(HealthpostToStore/Page_Store/input_txtprice), "value"): Attribute 'value' of object 'Object Repository/HealthpostToStore/Page_Store/input_txtprice' is: ''

2018-05-28 10:37:31 - [MESSAGE][PASSED] - Attribute 'value' of object 'Object Repository/HealthpostToStore/Page_Store/input_txtprice' is: ''

2018-05-28 10:37:31 - [TEST_STEP][PASSED] - Statement - out.println("Stock QTY : " + StockQty): null

2018-05-28 10:37:31 - [TEST_STEP][PASSED] - delay: Delayed 2 second(s)

2018-05-28 10:37:33 - [MESSAGE][PASSED] - Delayed 2 second(s)

2018-05-28 10:37:33 - [TEST_STEP][PASSED] - Statement - If (java.lang.String.valueOf(StockQty) >= java.lang.String.valueOf(RequestedQty)): null

2018-05-28 10:37:33 - [TEST_STEP][PASSED] - Statement - Else: null

2018-05-28 10:37:33 - [TEST_STEP][PASSED] - Statement - out.println("Stock Is Less Than Requested Qty"): null

2018-05-28 10:37:33 - [TEST_STEP][PASSED] - selectOptionByIndex: All options with index in [2] are selected on object 'Object Repository/HealthpostToStore/Page_Store/select_--Select--BA1170BA2376B'

2018-05-28 10:37:33 - [MESSAGE][PASSED] - All options with index in [2] are selected on object 'Object Repository/HealthpostToStore/Page_Store/select_--Select--BA1170BA2376B'

2018-05-28 10:37:33 - [TEST_STEP][PASSED] - Statement - Try: null

2018-05-28 10:37:33 - [TEST_STEP][PASSED] - Statement - StockQty = com.kms.katalon.core.webui.keyword.WebUiBuiltInKeywords.getAttribute(com.kms.katalon.core.testobject.ObjectRepository.findTestObject(HealthpostToStore/Page_Store/input_txtprice), "value"): Attribute 'value' of object 'Object Repository/HealthpostToStore/Page_Store/input_txtprice' is: '1160'

2018-05-28 10:37:33 - [MESSAGE][PASSED] - Attribute 'value' of object 'Object Repository/HealthpostToStore/Page_Store/input_txtprice' is: '1160'

2018-05-28 10:37:33 - [TEST_STEP][PASSED] - Statement - out.println("Stock QTY : " + StockQty): null

2018-05-28 10:37:33 - [TEST_STEP][PASSED] - delay: Delayed 2 second(s)

2018-05-28 10:37:35 - [MESSAGE][PASSED] - Delayed 2 second(s)

2018-05-28 10:37:35 - [TEST_STEP][PASSED] - Statement - If (java.lang.String.valueOf(StockQty) >= java.lang.String.valueOf(RequestedQty)): null

2018-05-28 10:37:35 - [TEST_STEP][PASSED] - setText: Text '10' is set on object 'Object Repository/HealthpostToStore/Page_Store/input_txtqty'

2018-05-28 10:37:35 - [MESSAGE][PASSED] - Text '10' is set on object 'Object Repository/HealthpostToStore/Page_Store/input_txtqty'

2018-05-28 10:37:35 - [TEST_STEP][PASSED] - click: Object: 'Object Repository/HealthpostToStore/Page_Store/button_Add' is clicked on

2018-05-28 10:37:35 - [MESSAGE][PASSED] - Object: 'Object Repository/HealthpostToStore/Page_Store/button_Add' is clicked on

2018-05-28 10:37:35 - [TEST_STEP][PASSED] - Statement - Break: null

2018-05-28 10:37:35 - [TEST_STEP][PASSED] - selectOptionByIndex: All options with index in [52] are selected on object 'Object Repository/HealthpostToStore/Page_Store/select_--Select--Adernaline 0.'

2018-05-28 10:37:36 - [MESSAGE][PASSED] - All options with index in [52] are selected on object 'Object Repository/HealthpostToStore/Page_Store/select_--Select--Adernaline 0.'

2018-05-28 10:37:36 - [TEST_STEP][PASSED] - delay: Delayed 2 second(s)

2018-05-28 10:37:38 - [MESSAGE][PASSED] - Delayed 2 second(s)

2018-05-28 10:37:38 - [TEST_STEP][PASSED] - Statement - RequestedQty = com.kms.katalon.core.webui.keyword.WebUiBuiltInKeywords.getAttribute(com.kms.katalon.core.testobject.ObjectRepository.findTestObject(HealthpostToStore/Page_Store/input_txttotal), "value"): Attribute 'value' of object 'Object Repository/HealthpostToStore/Page_Store/input_txttotal' is: '10'

2018-05-28 10:37:38 - [MESSAGE][PASSED] - Attribute 'value' of object 'Object Repository/HealthpostToStore/Page_Store/input_txttotal' is: '10'

2018-05-28 10:37:38 - [TEST_STEP][PASSED] - Statement - out.println("Requested QTY : " + RequestedQty): null

2018-05-28 10:37:38 - [TEST_STEP][PASSED] - Statement - BatchNumber = com.kms.katalon.core.webui.keyword.WebUiBuiltInKeywords.getNumberOfTotalOption(com.kms.katalon.core.testobject.ObjectRepository.findTestObject(HealthpostToStore/Page_Store/select_--Select--BA1170BA2376B)): 3 options of object 'Object Repository/HealthpostToStore/Page_Store/select_--Select--BA1170BA2376B' counted

2018-05-28 10:37:38 - [MESSAGE][PASSED] - 3 options of object 'Object Repository/HealthpostToStore/Page_Store/select_--Select--BA1170BA2376B' counted

2018-05-28 10:37:38 - [TEST_STEP][PASSED] - Statement - For ([g = 1, g <= BatchNumber - 1, (g++)]): null

2018-05-28 10:37:38 - [TEST_STEP][PASSED] - selectOptionByIndex: All options with index in [1] are selected on object 'Object Repository/HealthpostToStore/Page_Store/select_--Select--BA1170BA2376B'

2018-05-28 10:37:38 - [MESSAGE][PASSED] - All options with index in [1] are selected on object 'Object Repository/HealthpostToStore/Page_Store/select_--Select--BA1170BA2376B'

2018-05-28 10:37:38 - [TEST_STEP][PASSED] - Statement - Try: null

2018-05-28 10:37:38 - [TEST_STEP][PASSED] - Statement - StockQty = com.kms.katalon.core.webui.keyword.WebUiBuiltInKeywords.getAttribute(com.kms.katalon.core.testobject.ObjectRepository.findTestObject(HealthpostToStore/Page_Store/input_txtprice), "value"): Attribute 'value' of object 'Object Repository/HealthpostToStore/Page_Store/input_txtprice' is: '380'

2018-05-28 10:37:38 - [MESSAGE][PASSED] - Attribute 'value' of object 'Object Repository/HealthpostToStore/Page_Store/input_txtprice' is: '380'

2018-05-28 10:37:38 - [TEST_STEP][PASSED] - Statement - out.println("Stock QTY : " + StockQty): null

2018-05-28 10:37:38 - [TEST_STEP][PASSED] - delay: Delayed 2 second(s)

2018-05-28 10:37:40 - [MESSAGE][PASSED] - Delayed 2 second(s)

2018-05-28 10:37:40 - [TEST_STEP][PASSED] - Statement - If (java.lang.String.valueOf(StockQty) >= java.lang.String.valueOf(RequestedQty)): null

2018-05-28 10:37:40 - [TEST_STEP][PASSED] - setText: Text '10' is set on object 'Object Repository/HealthpostToStore/Page_Store/input_txtqty'

2018-05-28 10:37:40 - [MESSAGE][PASSED] - Text '10' is set on object 'Object Repository/HealthpostToStore/Page_Store/input_txtqty'

2018-05-28 10:37:40 - [TEST_STEP][PASSED] - click: Object: 'Object Repository/HealthpostToStore/Page_Store/button_Add' is clicked on

2018-05-28 10:37:40 - [MESSAGE][PASSED] - Object: 'Object Repository/HealthpostToStore/Page_Store/button_Add' is clicked on

2018-05-28 10:37:40 - [TEST_STEP][PASSED] - Statement - Break: null

2018-05-28 10:37:40 - [TEST_STEP][PASSED] - selectOptionByIndex: All options with index in [53] are selected on object 'Object Repository/HealthpostToStore/Page_Store/select_--Select--Adernaline 0.'

2018-05-28 10:37:41 - [MESSAGE][PASSED] - All options with index in [53] are selected on object 'Object Repository/HealthpostToStore/Page_Store/select_--Select--Adernaline 0.'

2018-05-28 10:37:41 - [TEST_STEP][PASSED] - delay: Delayed 2 second(s)

2018-05-28 10:37:43 - [MESSAGE][PASSED] - Delayed 2 second(s)

2018-05-28 10:37:43 - [TEST_STEP][PASSED] - Statement - RequestedQty = com.kms.katalon.core.webui.keyword.WebUiBuiltInKeywords.getAttribute(com.kms.katalon.core.testobject.ObjectRepository.findTestObject(HealthpostToStore/Page_Store/input_txttotal), "value"): Attribute 'value' of object 'Object Repository/HealthpostToStore/Page_Store/input_txttotal' is: '10'

2018-05-28 10:37:43 - [MESSAGE][PASSED] - Attribute 'value' of object 'Object Repository/HealthpostToStore/Page_Store/input_txttotal' is: '10'

2018-05-28 10:37:43 - [TEST_STEP][PASSED] - Statement - out.println("Requested QTY : " + RequestedQty): null

2018-05-28 10:37:43 - [TEST_STEP][PASSED] - Statement - BatchNumber = com.kms.katalon.core.webui.keyword.WebUiBuiltInKeywords.getNumberOfTotalOption(com.kms.katalon.core.testobject.ObjectRepository.findTestObject(HealthpostToStore/Page_Store/select_--Select--BA1170BA2376B)): 2 options of object 'Object Repository/HealthpostToStore/Page_Store/select_--Select--BA1170BA2376B' counted

2018-05-28 10:37:43 - [MESSAGE][PASSED] - 2 options of object 'Object Repository/HealthpostToStore/Page_Store/select_--Select--BA1170BA2376B' counted

2018-05-28 10:37:43 - [TEST_STEP][PASSED] - Statement - For ([g = 1, g <= BatchNumber - 1, (g++)]): null

2018-05-28 10:37:43 - [TEST_STEP][PASSED] - selectOptionByIndex: All options with index in [1] are selected on object 'Object Repository/HealthpostToStore/Page_Store/select_--Select--BA1170BA2376B'

2018-05-28 10:37:43 - [MESSAGE][PASSED] - All options with index in [1] are selected on object 'Object Repository/HealthpostToStore/Page_Store/select_--Select--BA1170BA2376B'

2018-05-28 10:37:43 - [TEST_STEP][PASSED] - Statement - Try: null

2018-05-28 10:37:43 - [TEST_STEP][PASSED] - Statement - StockQty = com.kms.katalon.core.webui.keyword.WebUiBuiltInKeywords.getAttribute(com.kms.katalon.core.testobject.ObjectRepository.findTestObject(HealthpostToStore/Page_Store/input_txtprice), "value"): Attribute 'value' of object 'Object Repository/HealthpostToStore/Page_Store/input_txtprice' is: '1540'

2018-05-28 10:37:43 - [MESSAGE][PASSED] - Attribute 'value' of object 'Object Repository/HealthpostToStore/Page_Store/input_txtprice' is: '1540'

2018-05-28 10:37:43 - [TEST_STEP][PASSED] - Statement - out.println("Stock QTY : " + StockQty): null

2018-05-28 10:37:43 - [TEST_STEP][PASSED] - delay: Delayed 2 second(s)

2018-05-28 10:37:45 - [MESSAGE][PASSED] - Delayed 2 second(s)

2018-05-28 10:37:45 - [TEST_STEP][PASSED] - Statement - If (java.lang.String.valueOf(StockQty) >= java.lang.String.valueOf(RequestedQty)): null

2018-05-28 10:37:45 - [TEST_STEP][PASSED] - setText: Text '10' is set on object 'Object Repository/HealthpostToStore/Page_Store/input_txtqty'

2018-05-28 10:37:45 - [MESSAGE][PASSED] - Text '10' is set on object 'Object Repository/HealthpostToStore/Page_Store/input_txtqty'

2018-05-28 10:37:45 - [TEST_STEP][PASSED] - click: Object: 'Object Repository/HealthpostToStore/Page_Store/button_Add' is clicked on

2018-05-28 10:37:45 - [MESSAGE][PASSED] - Object: 'Object Repository/HealthpostToStore/Page_Store/button_Add' is clicked on

2018-05-28 10:37:45 - [TEST_STEP][PASSED] - Statement - Break: null

2018-05-28 10:37:45 - [TEST_STEP][PASSED] - selectOptionByIndex: All options with index in [54] are selected on object 'Object Repository/HealthpostToStore/Page_Store/select_--Select--Adernaline 0.'

2018-05-28 10:37:46 - [MESSAGE][PASSED] - All options with index in [54] are selected on object 'Object Repository/HealthpostToStore/Page_Store/select_--Select--Adernaline 0.'

2018-05-28 10:37:46 - [TEST_STEP][PASSED] - delay: Delayed 2 second(s)

2018-05-28 10:37:48 - [MESSAGE][PASSED] - Delayed 2 second(s)

2018-05-28 10:37:48 - [TEST_STEP][PASSED] - Statement - RequestedQty = com.kms.katalon.core.webui.keyword.WebUiBuiltInKeywords.getAttribute(com.kms.katalon.core.testobject.ObjectRepository.findTestObject(HealthpostToStore/Page_Store/input_txttotal), "value"): Attribute 'value' of object 'Object Repository/HealthpostToStore/Page_Store/input_txttotal' is: '10'

2018-05-28 10:37:48 - [MESSAGE][PASSED] - Attribute 'value' of object 'Object Repository/HealthpostToStore/Page_Store/input_txttotal' is: '10'

2018-05-28 10:37:48 - [TEST_STEP][PASSED] - Statement - out.println("Requested QTY : " + RequestedQty): null

2018-05-28 10:37:48 - [TEST_STEP][PASSED] - Statement - BatchNumber = com.kms.katalon.core.webui.keyword.WebUiBuiltInKeywords.getNumberOfTotalOption(com.kms.katalon.core.testobject.ObjectRepository.findTestObject(HealthpostToStore/Page_Store/select_--Select--BA1170BA2376B)): 2 options of object 'Object Repository/HealthpostToStore/Page_Store/select_--Select--BA1170BA2376B' counted

2018-05-28 10:37:48 - [MESSAGE][PASSED] - 2 options of object 'Object Repository/HealthpostToStore/Page_Store/select_--Select--BA1170BA2376B' counted

2018-05-28 10:37:48 - [TEST_STEP][PASSED] - Statement - For ([g = 1, g <= BatchNumber - 1, (g++)]): null

2018-05-28 10:37:48 - [TEST_STEP][PASSED] - selectOptionByIndex: All options with index in [1] are selected on object 'Object Repository/HealthpostToStore/Page_Store/select_--Select--BA1170BA2376B'

2018-05-28 10:37:48 - [MESSAGE][PASSED] - All options with index in [1] are selected on object 'Object Repository/HealthpostToStore/Page_Store/select_--Select--BA1170BA2376B'

2018-05-28 10:37:48 - [TEST_STEP][PASSED] - Statement - Try: null

2018-05-28 10:37:48 - [TEST_STEP][PASSED] - Statement - StockQty = com.kms.katalon.core.webui.keyword.WebUiBuiltInKeywords.getAttribute(com.kms.katalon.core.testobject.ObjectRepository.findTestObject(HealthpostToStore/Page_Store/input_txtprice), "value"): Attribute 'value' of object 'Object Repository/HealthpostToStore/Page_Store/input_txtprice' is: '1540'

2018-05-28 10:37:48 - [MESSAGE][PASSED] - Attribute 'value' of object 'Object Repository/HealthpostToStore/Page_Store/input_txtprice' is: '1540'

2018-05-28 10:37:48 - [TEST_STEP][PASSED] - Statement - out.println("Stock QTY : " + StockQty): null

2018-05-28 10:37:48 - [TEST_STEP][PASSED] - delay: Delayed 2 second(s)

2018-05-28 10:37:50 - [MESSAGE][PASSED] - Delayed 2 second(s)

2018-05-28 10:37:50 - [TEST_STEP][PASSED] - Statement - If (java.lang.String.valueOf(StockQty) >= java.lang.String.valueOf(RequestedQty)): null

2018-05-28 10:37:50 - [TEST_STEP][PASSED] - setText: Text '10' is set on object 'Object Repository/HealthpostToStore/Page_Store/input_txtqty'

2018-05-28 10:37:50 - [MESSAGE][PASSED] - Text '10' is set on object 'Object Repository/HealthpostToStore/Page_Store/input_txtqty'

2018-05-28 10:37:50 - [TEST_STEP][PASSED] - click: Object: 'Object Repository/HealthpostToStore/Page_Store/button_Add' is clicked on

2018-05-28 10:37:50 - [MESSAGE][PASSED] - Object: 'Object Repository/HealthpostToStore/Page_Store/button_Add' is clicked on

2018-05-28 10:37:50 - [TEST_STEP][PASSED] - Statement - Break: null

2018-05-28 10:37:50 - [TEST_STEP][PASSED] - selectOptionByIndex: All options with index in [55] are selected on object 'Object Repository/HealthpostToStore/Page_Store/select_--Select--Adernaline 0.'

2018-05-28 10:37:51 - [MESSAGE][PASSED] - All options with index in [55] are selected on object 'Object Repository/HealthpostToStore/Page_Store/select_--Select--Adernaline 0.'

2018-05-28 10:37:51 - [TEST_STEP][PASSED] - delay: Delayed 2 second(s)

2018-05-28 10:37:53 - [MESSAGE][PASSED] - Delayed 2 second(s)

2018-05-28 10:37:53 - [TEST_STEP][PASSED] - Statement - RequestedQty = com.kms.katalon.core.webui.keyword.WebUiBuiltInKeywords.getAttribute(com.kms.katalon.core.testobject.ObjectRepository.findTestObject(HealthpostToStore/Page_Store/input_txttotal), "value"): Attribute 'value' of object 'Object Repository/HealthpostToStore/Page_Store/input_txttotal' is: '10'

2018-05-28 10:37:53 - [MESSAGE][PASSED] - Attribute 'value' of object 'Object Repository/HealthpostToStore/Page_Store/input_txttotal' is: '10'

2018-05-28 10:37:53 - [TEST_STEP][PASSED] - Statement - out.println("Requested QTY : " + RequestedQty): null

2018-05-28 10:37:53 - [TEST_STEP][PASSED] - Statement - BatchNumber = com.kms.katalon.core.webui.keyword.WebUiBuiltInKeywords.getNumberOfTotalOption(com.kms.katalon.core.testobject.ObjectRepository.findTestObject(HealthpostToStore/Page_Store/select_--Select--BA1170BA2376B)): 3 options of object 'Object Repository/HealthpostToStore/Page_Store/select_--Select--BA1170BA2376B' counted

2018-05-28 10:37:53 - [MESSAGE][PASSED] - 3 options of object 'Object Repository/HealthpostToStore/Page_Store/select_--Select--BA1170BA2376B' counted

2018-05-28 10:37:53 - [TEST_STEP][PASSED] - Statement - For ([g = 1, g <= BatchNumber - 1, (g++)]): null

2018-05-28 10:37:53 - [TEST_STEP][PASSED] - selectOptionByIndex: All options with index in [1] are selected on object 'Object Repository/HealthpostToStore/Page_Store/select_--Select--BA1170BA2376B'

2018-05-28 10:37:53 - [MESSAGE][PASSED] - All options with index in [1] are selected on object 'Object Repository/HealthpostToStore/Page_Store/select_--Select--BA1170BA2376B'

2018-05-28 10:37:53 - [TEST_STEP][PASSED] - Statement - Try: null

2018-05-28 10:37:53 - [TEST_STEP][PASSED] - Statement - StockQty = com.kms.katalon.core.webui.keyword.WebUiBuiltInKeywords.getAttribute(com.kms.katalon.core.testobject.ObjectRepository.findTestObject(HealthpostToStore/Page_Store/input_txtprice), "value"): Attribute 'value' of object 'Object Repository/HealthpostToStore/Page_Store/input_txtprice' is: '1340'

2018-05-28 10:37:53 - [MESSAGE][PASSED] - Attribute 'value' of object 'Object Repository/HealthpostToStore/Page_Store/input_txtprice' is: '1340'

2018-05-28 10:37:53 - [TEST_STEP][PASSED] - Statement - out.println("Stock QTY : " + StockQty): null

2018-05-28 10:37:53 - [TEST_STEP][PASSED] - delay: Delayed 2 second(s)

2018-05-28 10:37:55 - [MESSAGE][PASSED] - Delayed 2 second(s)

2018-05-28 10:37:55 - [TEST_STEP][PASSED] - Statement - If (java.lang.String.valueOf(StockQty) >= java.lang.String.valueOf(RequestedQty)): null

2018-05-28 10:37:55 - [TEST_STEP][PASSED] - setText: Text '10' is set on object 'Object Repository/HealthpostToStore/Page_Store/input_txtqty'

2018-05-28 10:37:55 - [MESSAGE][PASSED] - Text '10' is set on object 'Object Repository/HealthpostToStore/Page_Store/input_txtqty'

2018-05-28 10:37:55 - [TEST_STEP][PASSED] - click: Object: 'Object Repository/HealthpostToStore/Page_Store/button_Add' is clicked on

2018-05-28 10:37:55 - [MESSAGE][PASSED] - Object: 'Object Repository/HealthpostToStore/Page_Store/button_Add' is clicked on

2018-05-28 10:37:55 - [TEST_STEP][PASSED] - Statement - Break: null

2018-05-28 10:37:55 - [TEST_STEP][PASSED] - selectOptionByIndex: All options with index in [56] are selected on object 'Object Repository/HealthpostToStore/Page_Store/select_--Select--Adernaline 0.'

2018-05-28 10:37:56 - [MESSAGE][PASSED] - All options with index in [56] are selected on object 'Object Repository/HealthpostToStore/Page_Store/select_--Select--Adernaline 0.'

2018-05-28 10:37:56 - [TEST_STEP][PASSED] - delay: Delayed 2 second(s)

2018-05-28 10:37:58 - [MESSAGE][PASSED] - Delayed 2 second(s)

2018-05-28 10:37:58 - [TEST_STEP][PASSED] - Statement - RequestedQty = com.kms.katalon.core.webui.keyword.WebUiBuiltInKeywords.getAttribute(com.kms.katalon.core.testobject.ObjectRepository.findTestObject(HealthpostToStore/Page_Store/input_txttotal), "value"): Attribute 'value' of object 'Object Repository/HealthpostToStore/Page_Store/input_txttotal' is: '10'

2018-05-28 10:37:58 - [MESSAGE][PASSED] - Attribute 'value' of object 'Object Repository/HealthpostToStore/Page_Store/input_txttotal' is: '10'

2018-05-28 10:37:58 - [TEST_STEP][PASSED] - Statement - out.println("Requested QTY : " + RequestedQty): null

2018-05-28 10:37:58 - [TEST_STEP][PASSED] - Statement - BatchNumber = com.kms.katalon.core.webui.keyword.WebUiBuiltInKeywords.getNumberOfTotalOption(com.kms.katalon.core.testobject.ObjectRepository.findTestObject(HealthpostToStore/Page_Store/select_--Select--BA1170BA2376B)): 3 options of object 'Object Repository/HealthpostToStore/Page_Store/select_--Select--BA1170BA2376B' counted

2018-05-28 10:37:58 - [MESSAGE][PASSED] - 3 options of object 'Object Repository/HealthpostToStore/Page_Store/select_--Select--BA1170BA2376B' counted

2018-05-28 10:37:58 - [TEST_STEP][PASSED] - Statement - For ([g = 1, g <= BatchNumber - 1, (g++)]): null

2018-05-28 10:37:58 - [TEST_STEP][PASSED] - selectOptionByIndex: All options with index in [1] are selected on object 'Object Repository/HealthpostToStore/Page_Store/select_--Select--BA1170BA2376B'

2018-05-28 10:37:58 - [MESSAGE][PASSED] - All options with index in [1] are selected on object 'Object Repository/HealthpostToStore/Page_Store/select_--Select--BA1170BA2376B'

2018-05-28 10:37:58 - [TEST_STEP][PASSED] - Statement - Try: null

2018-05-28 10:37:58 - [TEST_STEP][PASSED] - Statement - StockQty = com.kms.katalon.core.webui.keyword.WebUiBuiltInKeywords.getAttribute(com.kms.katalon.core.testobject.ObjectRepository.findTestObject(HealthpostToStore/Page_Store/input_txtprice), "value"): Attribute 'value' of object 'Object Repository/HealthpostToStore/Page_Store/input_txtprice' is: '380'

2018-05-28 10:37:58 - [MESSAGE][PASSED] - Attribute 'value' of object 'Object Repository/HealthpostToStore/Page_Store/input_txtprice' is: '380'

2018-05-28 10:37:58 - [TEST_STEP][PASSED] - Statement - out.println("Stock QTY : " + StockQty): null

2018-05-28 10:37:58 - [TEST_STEP][PASSED] - delay: Delayed 2 second(s)

2018-05-28 10:38:00 - [MESSAGE][PASSED] - Delayed 2 second(s)

2018-05-28 10:38:00 - [TEST_STEP][PASSED] - Statement - If (java.lang.String.valueOf(StockQty) >= java.lang.String.valueOf(RequestedQty)): null

2018-05-28 10:38:00 - [TEST_STEP][PASSED] - setText: Text '10' is set on object 'Object Repository/HealthpostToStore/Page_Store/input_txtqty'

2018-05-28 10:38:00 - [MESSAGE][PASSED] - Text '10' is set on object 'Object Repository/HealthpostToStore/Page_Store/input_txtqty'

2018-05-28 10:38:00 - [TEST_STEP][PASSED] - click: Object: 'Object Repository/HealthpostToStore/Page_Store/button_Add' is clicked on

2018-05-28 10:38:00 - [MESSAGE][PASSED] - Object: 'Object Repository/HealthpostToStore/Page_Store/button_Add' is clicked on

2018-05-28 10:38:00 - [TEST_STEP][PASSED] - Statement - Break: null

2018-05-28 10:38:00 - [TEST_STEP][PASSED] - selectOptionByIndex: All options with index in [57] are selected on object 'Object Repository/HealthpostToStore/Page_Store/select_--Select--Adernaline 0.'

2018-05-28 10:38:01 - [MESSAGE][PASSED] - All options with index in [57] are selected on object 'Object Repository/HealthpostToStore/Page_Store/select_--Select--Adernaline 0.'

2018-05-28 10:38:01 - [TEST_STEP][PASSED] - delay: Delayed 2 second(s)

2018-05-28 10:38:03 - [MESSAGE][PASSED] - Delayed 2 second(s)

2018-05-28 10:38:03 - [TEST_STEP][PASSED] - Statement - RequestedQty = com.kms.katalon.core.webui.keyword.WebUiBuiltInKeywords.getAttribute(com.kms.katalon.core.testobject.ObjectRepository.findTestObject(HealthpostToStore/Page_Store/input_txttotal), "value"): Attribute 'value' of object 'Object Repository/HealthpostToStore/Page_Store/input_txttotal' is: '10'

2018-05-28 10:38:03 - [MESSAGE][PASSED] - Attribute 'value' of object 'Object Repository/HealthpostToStore/Page_Store/input_txttotal' is: '10'

2018-05-28 10:38:03 - [TEST_STEP][PASSED] - Statement - out.println("Requested QTY : " + RequestedQty): null

2018-05-28 10:38:03 - [TEST_STEP][PASSED] - Statement - BatchNumber = com.kms.katalon.core.webui.keyword.WebUiBuiltInKeywords.getNumberOfTotalOption(com.kms.katalon.core.testobject.ObjectRepository.findTestObject(HealthpostToStore/Page_Store/select_--Select--BA1170BA2376B)): 3 options of object 'Object Repository/HealthpostToStore/Page_Store/select_--Select--BA1170BA2376B' counted

2018-05-28 10:38:03 - [MESSAGE][PASSED] - 3 options of object 'Object Repository/HealthpostToStore/Page_Store/select_--Select--BA1170BA2376B' counted

2018-05-28 10:38:03 - [TEST_STEP][PASSED] - Statement - For ([g = 1, g <= BatchNumber - 1, (g++)]): null

2018-05-28 10:38:03 - [TEST_STEP][PASSED] - selectOptionByIndex: All options with index in [1] are selected on object 'Object Repository/HealthpostToStore/Page_Store/select_--Select--BA1170BA2376B'

2018-05-28 10:38:03 - [MESSAGE][PASSED] - All options with index in [1] are selected on object 'Object Repository/HealthpostToStore/Page_Store/select_--Select--BA1170BA2376B'

2018-05-28 10:38:03 - [TEST_STEP][PASSED] - Statement - Try: null

2018-05-28 10:38:03 - [TEST_STEP][PASSED] - Statement - StockQty = com.kms.katalon.core.webui.keyword.WebUiBuiltInKeywords.getAttribute(com.kms.katalon.core.testobject.ObjectRepository.findTestObject(HealthpostToStore/Page_Store/input_txtprice), "value"): Attribute 'value' of object 'Object Repository/HealthpostToStore/Page_Store/input_txtprice' is: '1340'

2018-05-28 10:38:03 - [MESSAGE][PASSED] - Attribute 'value' of object 'Object Repository/HealthpostToStore/Page_Store/input_txtprice' is: '1340'

2018-05-28 10:38:03 - [TEST_STEP][PASSED] - Statement - out.println("Stock QTY : " + StockQty): null

2018-05-28 10:38:03 - [TEST_STEP][PASSED] - delay: Delayed 2 second(s)

2018-05-28 10:38:05 - [MESSAGE][PASSED] - Delayed 2 second(s)

2018-05-28 10:38:05 - [TEST_STEP][PASSED] - Statement - If (java.lang.String.valueOf(StockQty) >= java.lang.String.valueOf(RequestedQty)): null

2018-05-28 10:38:05 - [TEST_STEP][PASSED] - setText: Text '10' is set on object 'Object Repository/HealthpostToStore/Page_Store/input_txtqty'

2018-05-28 10:38:06 - [MESSAGE][PASSED] - Text '10' is set on object 'Object Repository/HealthpostToStore/Page_Store/input_txtqty'

2018-05-28 10:38:06 - [TEST_STEP][PASSED] - click: Object: 'Object Repository/HealthpostToStore/Page_Store/button_Add' is clicked on

2018-05-28 10:38:06 - [MESSAGE][PASSED] - Object: 'Object Repository/HealthpostToStore/Page_Store/button_Add' is clicked on

2018-05-28 10:38:06 - [TEST_STEP][PASSED] - Statement - Break: null

2018-05-28 10:38:06 - [TEST_STEP][PASSED] - selectOptionByIndex: All options with index in [58] are selected on object 'Object Repository/HealthpostToStore/Page_Store/select_--Select--Adernaline 0.'

2018-05-28 10:38:06 - [MESSAGE][PASSED] - All options with index in [58] are selected on object 'Object Repository/HealthpostToStore/Page_Store/select_--Select--Adernaline 0.'

2018-05-28 10:38:06 - [TEST_STEP][PASSED] - delay: Delayed 2 second(s)

2018-05-28 10:38:08 - [MESSAGE][PASSED] - Delayed 2 second(s)

2018-05-28 10:38:08 - [TEST_STEP][PASSED] - Statement - RequestedQty = com.kms.katalon.core.webui.keyword.WebUiBuiltInKeywords.getAttribute(com.kms.katalon.core.testobject.ObjectRepository.findTestObject(HealthpostToStore/Page_Store/input_txttotal), "value"): Attribute 'value' of object 'Object Repository/HealthpostToStore/Page_Store/input_txttotal' is: '10'

2018-05-28 10:38:08 - [MESSAGE][PASSED] - Attribute 'value' of object 'Object Repository/HealthpostToStore/Page_Store/input_txttotal' is: '10'

2018-05-28 10:38:08 - [TEST_STEP][PASSED] - Statement - out.println("Requested QTY : " + RequestedQty): null

2018-05-28 10:38:08 - [TEST_STEP][PASSED] - Statement - BatchNumber = com.kms.katalon.core.webui.keyword.WebUiBuiltInKeywords.getNumberOfTotalOption(com.kms.katalon.core.testobject.ObjectRepository.findTestObject(HealthpostToStore/Page_Store/select_--Select--BA1170BA2376B)): 3 options of object 'Object Repository/HealthpostToStore/Page_Store/select_--Select--BA1170BA2376B' counted

2018-05-28 10:38:08 - [MESSAGE][PASSED] - 3 options of object 'Object Repository/HealthpostToStore/Page_Store/select_--Select--BA1170BA2376B' counted

2018-05-28 10:38:08 - [TEST_STEP][PASSED] - Statement - For ([g = 1, g <= BatchNumber - 1, (g++)]): null

2018-05-28 10:38:08 - [TEST_STEP][PASSED] - selectOptionByIndex: All options with index in [1] are selected on object 'Object Repository/HealthpostToStore/Page_Store/select_--Select--BA1170BA2376B'

2018-05-28 10:38:09 - [MESSAGE][PASSED] - All options with index in [1] are selected on object 'Object Repository/HealthpostToStore/Page_Store/select_--Select--BA1170BA2376B'

2018-05-28 10:38:09 - [TEST_STEP][PASSED] - Statement - Try: null

2018-05-28 10:38:09 - [TEST_STEP][PASSED] - Statement - StockQty = com.kms.katalon.core.webui.keyword.WebUiBuiltInKeywords.getAttribute(com.kms.katalon.core.testobject.ObjectRepository.findTestObject(HealthpostToStore/Page_Store/input_txtprice), "value"): Attribute 'value' of object 'Object Repository/HealthpostToStore/Page_Store/input_txtprice' is: '1340'

2018-05-28 10:38:09 - [MESSAGE][PASSED] - Attribute 'value' of object 'Object Repository/HealthpostToStore/Page_Store/input_txtprice' is: '1340'

2018-05-28 10:38:09 - [TEST_STEP][PASSED] - Statement - out.println("Stock QTY : " + StockQty): null

2018-05-28 10:38:09 - [TEST_STEP][PASSED] - delay: Delayed 2 second(s)

2018-05-28 10:38:11 - [MESSAGE][PASSED] - Delayed 2 second(s)

2018-05-28 10:38:11 - [TEST_STEP][PASSED] - Statement - If (java.lang.String.valueOf(StockQty) >= java.lang.String.valueOf(RequestedQty)): null

2018-05-28 10:38:11 - [TEST_STEP][PASSED] - setText: Text '10' is set on object 'Object Repository/HealthpostToStore/Page_Store/input_txtqty'

2018-05-28 10:38:11 - [MESSAGE][PASSED] - Text '10' is set on object 'Object Repository/HealthpostToStore/Page_Store/input_txtqty'

2018-05-28 10:38:11 - [TEST_STEP][PASSED] - click: Object: 'Object Repository/HealthpostToStore/Page_Store/button_Add' is clicked on

2018-05-28 10:38:11 - [MESSAGE][PASSED] - Object: 'Object Repository/HealthpostToStore/Page_Store/button_Add' is clicked on

2018-05-28 10:38:11 - [TEST_STEP][PASSED] - Statement - Break: null

2018-05-28 10:38:11 - [TEST_STEP][PASSED] - selectOptionByIndex: All options with index in [59] are selected on object 'Object Repository/HealthpostToStore/Page_Store/select_--Select--Adernaline 0.'

2018-05-28 10:38:11 - [MESSAGE][PASSED] - All options with index in [59] are selected on object 'Object Repository/HealthpostToStore/Page_Store/select_--Select--Adernaline 0.'

2018-05-28 10:38:11 - [TEST_STEP][PASSED] - delay: Delayed 2 second(s)

2018-05-28 10:38:13 - [MESSAGE][PASSED] - Delayed 2 second(s)

2018-05-28 10:38:13 - [TEST_STEP][PASSED] - Statement - RequestedQty = com.kms.katalon.core.webui.keyword.WebUiBuiltInKeywords.getAttribute(com.kms.katalon.core.testobject.ObjectRepository.findTestObject(HealthpostToStore/Page_Store/input_txttotal), "value"): Attribute 'value' of object 'Object Repository/HealthpostToStore/Page_Store/input_txttotal' is: '10'

2018-05-28 10:38:13 - [MESSAGE][PASSED] - Attribute 'value' of object 'Object Repository/HealthpostToStore/Page_Store/input_txttotal' is: '10'

2018-05-28 10:38:13 - [TEST_STEP][PASSED] - Statement - out.println("Requested QTY : " + RequestedQty): null

2018-05-28 10:38:13 - [TEST_STEP][PASSED] - Statement - BatchNumber = com.kms.katalon.core.webui.keyword.WebUiBuiltInKeywords.getNumberOfTotalOption(com.kms.katalon.core.testobject.ObjectRepository.findTestObject(HealthpostToStore/Page_Store/select_--Select--BA1170BA2376B)): 3 options of object 'Object Repository/HealthpostToStore/Page_Store/select_--Select--BA1170BA2376B' counted

2018-05-28 10:38:13 - [MESSAGE][PASSED] - 3 options of object 'Object Repository/HealthpostToStore/Page_Store/select_--Select--BA1170BA2376B' counted

2018-05-28 10:38:13 - [TEST_STEP][PASSED] - Statement - For ([g = 1, g <= BatchNumber - 1, (g++)]): null

2018-05-28 10:38:13 - [TEST_STEP][PASSED] - selectOptionByIndex: All options with index in [1] are selected on object 'Object Repository/HealthpostToStore/Page_Store/select_--Select--BA1170BA2376B'

2018-05-28 10:38:14 - [MESSAGE][PASSED] - All options with index in [1] are selected on object 'Object Repository/HealthpostToStore/Page_Store/select_--Select--BA1170BA2376B'

2018-05-28 10:38:14 - [TEST_STEP][PASSED] - Statement - Try: null

2018-05-28 10:38:14 - [TEST_STEP][PASSED] - Statement - StockQty = com.kms.katalon.core.webui.keyword.WebUiBuiltInKeywords.getAttribute(com.kms.katalon.core.testobject.ObjectRepository.findTestObject(HealthpostToStore/Page_Store/input_txtprice), "value"): Attribute 'value' of object 'Object Repository/HealthpostToStore/Page_Store/input_txtprice' is: '1340'

2018-05-28 10:38:14 - [MESSAGE][PASSED] - Attribute 'value' of object 'Object Repository/HealthpostToStore/Page_Store/input_txtprice' is: '1340'

2018-05-28 10:38:14 - [TEST_STEP][PASSED] - Statement - out.println("Stock QTY : " + StockQty): null

2018-05-28 10:38:14 - [TEST_STEP][PASSED] - delay: Delayed 2 second(s)

2018-05-28 10:38:16 - [MESSAGE][PASSED] - Delayed 2 second(s)

2018-05-28 10:38:16 - [TEST_STEP][PASSED] - Statement - If (java.lang.String.valueOf(StockQty) >= java.lang.String.valueOf(RequestedQty)): null

2018-05-28 10:38:16 - [TEST_STEP][PASSED] - setText: Text '10' is set on object 'Object Repository/HealthpostToStore/Page_Store/input_txtqty'

2018-05-28 10:38:16 - [MESSAGE][PASSED] - Text '10' is set on object 'Object Repository/HealthpostToStore/Page_Store/input_txtqty'

2018-05-28 10:38:16 - [TEST_STEP][PASSED] - click: Object: 'Object Repository/HealthpostToStore/Page_Store/button_Add' is clicked on

2018-05-28 10:38:16 - [MESSAGE][PASSED] - Object: 'Object Repository/HealthpostToStore/Page_Store/button_Add' is clicked on

2018-05-28 10:38:16 - [TEST_STEP][PASSED] - Statement - Break: null

2018-05-28 10:38:16 - [TEST_STEP][PASSED] - selectOptionByIndex: All options with index in [60] are selected on object 'Object Repository/HealthpostToStore/Page_Store/select_--Select--Adernaline 0.'

2018-05-28 10:38:16 - [MESSAGE][PASSED] - All options with index in [60] are selected on object 'Object Repository/HealthpostToStore/Page_Store/select_--Select--Adernaline 0.'

2018-05-28 10:38:16 - [TEST_STEP][PASSED] - delay: Delayed 2 second(s)

2018-05-28 10:38:18 - [MESSAGE][PASSED] - Delayed 2 second(s)

2018-05-28 10:38:18 - [TEST_STEP][PASSED] - Statement - RequestedQty = com.kms.katalon.core.webui.keyword.WebUiBuiltInKeywords.getAttribute(com.kms.katalon.core.testobject.ObjectRepository.findTestObject(HealthpostToStore/Page_Store/input_txttotal), "value"): Attribute 'value' of object 'Object Repository/HealthpostToStore/Page_Store/input_txttotal' is: '10'

2018-05-28 10:38:19 - [MESSAGE][PASSED] - Attribute 'value' of object 'Object Repository/HealthpostToStore/Page_Store/input_txttotal' is: '10'

2018-05-28 10:38:19 - [TEST_STEP][PASSED] - Statement - out.println("Requested QTY : " + RequestedQty): null

2018-05-28 10:38:19 - [TEST_STEP][PASSED] - Statement - BatchNumber = com.kms.katalon.core.webui.keyword.WebUiBuiltInKeywords.getNumberOfTotalOption(com.kms.katalon.core.testobject.ObjectRepository.findTestObject(HealthpostToStore/Page_Store/select_--Select--BA1170BA2376B)): 3 options of object 'Object Repository/HealthpostToStore/Page_Store/select_--Select--BA1170BA2376B' counted

2018-05-28 10:38:19 - [MESSAGE][PASSED] - 3 options of object 'Object Repository/HealthpostToStore/Page_Store/select_--Select--BA1170BA2376B' counted

2018-05-28 10:38:19 - [TEST_STEP][PASSED] - Statement - For ([g = 1, g <= BatchNumber - 1, (g++)]): null

2018-05-28 10:38:19 - [TEST_STEP][PASSED] - selectOptionByIndex: All options with index in [1] are selected on object 'Object Repository/HealthpostToStore/Page_Store/select_--Select--BA1170BA2376B'

2018-05-28 10:38:19 - [MESSAGE][PASSED] - All options with index in [1] are selected on object 'Object Repository/HealthpostToStore/Page_Store/select_--Select--BA1170BA2376B'

2018-05-28 10:38:19 - [TEST_STEP][PASSED] - Statement - Try: null

2018-05-28 10:38:19 - [TEST_STEP][PASSED] - Statement - StockQty = com.kms.katalon.core.webui.keyword.WebUiBuiltInKeywords.getAttribute(com.kms.katalon.core.testobject.ObjectRepository.findTestObject(HealthpostToStore/Page_Store/input_txtprice), "value"): Attribute 'value' of object 'Object Repository/HealthpostToStore/Page_Store/input_txtprice' is: '380'

2018-05-28 10:38:19 - [MESSAGE][PASSED] - Attribute 'value' of object 'Object Repository/HealthpostToStore/Page_Store/input_txtprice' is: '380'

2018-05-28 10:38:19 - [TEST_STEP][PASSED] - Statement - out.println("Stock QTY : " + StockQty): null

2018-05-28 10:38:19 - [TEST_STEP][PASSED] - delay: Delayed 2 second(s)

2018-05-28 10:38:21 - [MESSAGE][PASSED] - Delayed 2 second(s)

2018-05-28 10:38:21 - [TEST_STEP][PASSED] - Statement - If (java.lang.String.valueOf(StockQty) >= java.lang.String.valueOf(RequestedQty)): null

2018-05-28 10:38:21 - [TEST_STEP][PASSED] - setText: Text '10' is set on object 'Object Repository/HealthpostToStore/Page_Store/input_txtqty'

2018-05-28 10:38:21 - [MESSAGE][PASSED] - Text '10' is set on object 'Object Repository/HealthpostToStore/Page_Store/input_txtqty'

2018-05-28 10:38:21 - [TEST_STEP][PASSED] - click: Object: 'Object Repository/HealthpostToStore/Page_Store/button_Add' is clicked on

2018-05-28 10:38:21 - [MESSAGE][PASSED] - Object: 'Object Repository/HealthpostToStore/Page_Store/button_Add' is clicked on

2018-05-28 10:38:21 - [TEST_STEP][PASSED] - Statement - Break: null

2018-05-28 10:38:21 - [TEST_STEP][PASSED] - selectOptionByIndex: All options with index in [61] are selected on object 'Object Repository/HealthpostToStore/Page_Store/select_--Select--Adernaline 0.'

2018-05-28 10:38:21 - [MESSAGE][PASSED] - All options with index in [61] are selected on object 'Object Repository/HealthpostToStore/Page_Store/select_--Select--Adernaline 0.'

2018-05-28 10:38:21 - [TEST_STEP][PASSED] - delay: Delayed 2 second(s)

2018-05-28 10:38:23 - [MESSAGE][PASSED] - Delayed 2 second(s)

2018-05-28 10:38:23 - [TEST_STEP][PASSED] - Statement - RequestedQty = com.kms.katalon.core.webui.keyword.WebUiBuiltInKeywords.getAttribute(com.kms.katalon.core.testobject.ObjectRepository.findTestObject(HealthpostToStore/Page_Store/input_txttotal), "value"): Attribute 'value' of object 'Object Repository/HealthpostToStore/Page_Store/input_txttotal' is: '10'

2018-05-28 10:38:24 - [MESSAGE][PASSED] - Attribute 'value' of object 'Object Repository/HealthpostToStore/Page_Store/input_txttotal' is: '10'

2018-05-28 10:38:24 - [TEST_STEP][PASSED] - Statement - out.println("Requested QTY : " + RequestedQty): null

2018-05-28 10:38:24 - [TEST_STEP][PASSED] - Statement - BatchNumber = com.kms.katalon.core.webui.keyword.WebUiBuiltInKeywords.getNumberOfTotalOption(com.kms.katalon.core.testobject.ObjectRepository.findTestObject(HealthpostToStore/Page_Store/select_--Select--BA1170BA2376B)): 3 options of object 'Object Repository/HealthpostToStore/Page_Store/select_--Select--BA1170BA2376B' counted

2018-05-28 10:38:24 - [MESSAGE][PASSED] - 3 options of object 'Object Repository/HealthpostToStore/Page_Store/select_--Select--BA1170BA2376B' counted

2018-05-28 10:38:24 - [TEST_STEP][PASSED] - Statement - For ([g = 1, g <= BatchNumber - 1, (g++)]): null

2018-05-28 10:38:24 - [TEST_STEP][PASSED] - selectOptionByIndex: All options with index in [1] are selected on object 'Object Repository/HealthpostToStore/Page_Store/select_--Select--BA1170BA2376B'

2018-05-28 10:38:24 - [MESSAGE][PASSED] - All options with index in [1] are selected on object 'Object Repository/HealthpostToStore/Page_Store/select_--Select--BA1170BA2376B'

2018-05-28 10:38:24 - [TEST_STEP][PASSED] - Statement - Try: null

2018-05-28 10:38:24 - [TEST_STEP][PASSED] - Statement - StockQty = com.kms.katalon.core.webui.keyword.WebUiBuiltInKeywords.getAttribute(com.kms.katalon.core.testobject.ObjectRepository.findTestObject(HealthpostToStore/Page_Store/input_txtprice), "value"): Attribute 'value' of object 'Object Repository/HealthpostToStore/Page_Store/input_txtprice' is: '1340'

2018-05-28 10:38:24 - [MESSAGE][PASSED] - Attribute 'value' of object 'Object Repository/HealthpostToStore/Page_Store/input_txtprice' is: '1340'

2018-05-28 10:38:24 - [TEST_STEP][PASSED] - Statement - out.println("Stock QTY : " + StockQty): null

2018-05-28 10:38:24 - [TEST_STEP][PASSED] - delay: Delayed 2 second(s)

2018-05-28 10:38:26 - [MESSAGE][PASSED] - Delayed 2 second(s)

2018-05-28 10:38:26 - [TEST_STEP][PASSED] - Statement - If (java.lang.String.valueOf(StockQty) >= java.lang.String.valueOf(RequestedQty)): null

2018-05-28 10:38:26 - [TEST_STEP][PASSED] - setText: Text '10' is set on object 'Object Repository/HealthpostToStore/Page_Store/input_txtqty'

2018-05-28 10:38:26 - [MESSAGE][PASSED] - Text '10' is set on object 'Object Repository/HealthpostToStore/Page_Store/input_txtqty'

2018-05-28 10:38:26 - [TEST_STEP][PASSED] - click: Object: 'Object Repository/HealthpostToStore/Page_Store/button_Add' is clicked on

2018-05-28 10:38:26 - [MESSAGE][PASSED] - Object: 'Object Repository/HealthpostToStore/Page_Store/button_Add' is clicked on

2018-05-28 10:38:26 - [TEST_STEP][PASSED] - Statement - Break: null

2018-05-28 10:38:26 - [TEST_STEP][PASSED] - selectOptionByIndex: All options with index in [62] are selected on object 'Object Repository/HealthpostToStore/Page_Store/select_--Select--Adernaline 0.'

2018-05-28 10:38:27 - [MESSAGE][PASSED] - All options with index in [62] are selected on object 'Object Repository/HealthpostToStore/Page_Store/select_--Select--Adernaline 0.'

2018-05-28 10:38:27 - [TEST_STEP][PASSED] - delay: Delayed 2 second(s)

2018-05-28 10:38:29 - [MESSAGE][PASSED] - Delayed 2 second(s)

2018-05-28 10:38:29 - [TEST_STEP][PASSED] - Statement - RequestedQty = com.kms.katalon.core.webui.keyword.WebUiBuiltInKeywords.getAttribute(com.kms.katalon.core.testobject.ObjectRepository.findTestObject(HealthpostToStore/Page_Store/input_txttotal), "value"): Attribute 'value' of object 'Object Repository/HealthpostToStore/Page_Store/input_txttotal' is: '10'

2018-05-28 10:38:29 - [MESSAGE][PASSED] - Attribute 'value' of object 'Object Repository/HealthpostToStore/Page_Store/input_txttotal' is: '10'

2018-05-28 10:38:29 - [TEST_STEP][PASSED] - Statement - out.println("Requested QTY : " + RequestedQty): null

2018-05-28 10:38:29 - [TEST_STEP][PASSED] - Statement - BatchNumber = com.kms.katalon.core.webui.keyword.WebUiBuiltInKeywords.getNumberOfTotalOption(com.kms.katalon.core.testobject.ObjectRepository.findTestObject(HealthpostToStore/Page_Store/select_--Select--BA1170BA2376B)): 4 options of object 'Object Repository/HealthpostToStore/Page_Store/select_--Select--BA1170BA2376B' counted

2018-05-28 10:38:29 - [MESSAGE][PASSED] - 4 options of object 'Object Repository/HealthpostToStore/Page_Store/select_--Select--BA1170BA2376B' counted

2018-05-28 10:38:29 - [TEST_STEP][PASSED] - Statement - For ([g = 1, g <= BatchNumber - 1, (g++)]): null

2018-05-28 10:38:29 - [TEST_STEP][PASSED] - selectOptionByIndex: All options with index in [1] are selected on object 'Object Repository/HealthpostToStore/Page_Store/select_--Select--BA1170BA2376B'

2018-05-28 10:38:29 - [MESSAGE][PASSED] - All options with index in [1] are selected on object 'Object Repository/HealthpostToStore/Page_Store/select_--Select--BA1170BA2376B'

2018-05-28 10:38:29 - [TEST_STEP][PASSED] - Statement - Try: null

2018-05-28 10:38:29 - [TEST_STEP][PASSED] - Statement - StockQty = com.kms.katalon.core.webui.keyword.WebUiBuiltInKeywords.getAttribute(com.kms.katalon.core.testobject.ObjectRepository.findTestObject(HealthpostToStore/Page_Store/input_txtprice), "value"): Attribute 'value' of object 'Object Repository/HealthpostToStore/Page_Store/input_txtprice' is: '380'

2018-05-28 10:38:29 - [MESSAGE][PASSED] - Attribute 'value' of object 'Object Repository/HealthpostToStore/Page_Store/input_txtprice' is: '380'

2018-05-28 10:38:29 - [TEST_STEP][PASSED] - Statement - out.println("Stock QTY : " + StockQty): null

2018-05-28 10:38:29 - [TEST_STEP][PASSED] - delay: Delayed 2 second(s)

2018-05-28 10:38:31 - [MESSAGE][PASSED] - Delayed 2 second(s)

2018-05-28 10:38:31 - [TEST_STEP][PASSED] - Statement - If (java.lang.String.valueOf(StockQty) >= java.lang.String.valueOf(RequestedQty)): null

2018-05-28 10:38:31 - [TEST_STEP][PASSED] - setText: Text '10' is set on object 'Object Repository/HealthpostToStore/Page_Store/input_txtqty'

2018-05-28 10:38:31 - [MESSAGE][PASSED] - Text '10' is set on object 'Object Repository/HealthpostToStore/Page_Store/input_txtqty'

2018-05-28 10:38:31 - [TEST_STEP][PASSED] - click: Object: 'Object Repository/HealthpostToStore/Page_Store/button_Add' is clicked on

2018-05-28 10:38:31 - [MESSAGE][PASSED] - Object: 'Object Repository/HealthpostToStore/Page_Store/button_Add' is clicked on

2018-05-28 10:38:31 - [TEST_STEP][PASSED] - Statement - Break: null

2018-05-28 10:38:31 - [TEST_STEP][PASSED] - selectOptionByIndex: All options with index in [63] are selected on object 'Object Repository/HealthpostToStore/Page_Store/select_--Select--Adernaline 0.'

2018-05-28 10:38:32 - [MESSAGE][PASSED] - All options with index in [63] are selected on object 'Object Repository/HealthpostToStore/Page_Store/select_--Select--Adernaline 0.'

2018-05-28 10:38:32 - [TEST_STEP][PASSED] - delay: Delayed 2 second(s)

2018-05-28 10:38:34 - [MESSAGE][PASSED] - Delayed 2 second(s)

2018-05-28 10:38:34 - [TEST_STEP][PASSED] - Statement - RequestedQty = com.kms.katalon.core.webui.keyword.WebUiBuiltInKeywords.getAttribute(com.kms.katalon.core.testobject.ObjectRepository.findTestObject(HealthpostToStore/Page_Store/input_txttotal), "value"): Attribute 'value' of object 'Object Repository/HealthpostToStore/Page_Store/input_txttotal' is: '10'

2018-05-28 10:38:34 - [MESSAGE][PASSED] - Attribute 'value' of object 'Object Repository/HealthpostToStore/Page_Store/input_txttotal' is: '10'

2018-05-28 10:38:34 - [TEST_STEP][PASSED] - Statement - out.println("Requested QTY : " + RequestedQty): null

2018-05-28 10:38:34 - [TEST_STEP][PASSED] - Statement - BatchNumber = com.kms.katalon.core.webui.keyword.WebUiBuiltInKeywords.getNumberOfTotalOption(com.kms.katalon.core.testobject.ObjectRepository.findTestObject(HealthpostToStore/Page_Store/select_--Select--BA1170BA2376B)): 3 options of object 'Object Repository/HealthpostToStore/Page_Store/select_--Select--BA1170BA2376B' counted

2018-05-28 10:38:34 - [MESSAGE][PASSED] - 3 options of object 'Object Repository/HealthpostToStore/Page_Store/select_--Select--BA1170BA2376B' counted

2018-05-28 10:38:34 - [TEST_STEP][PASSED] - Statement - For ([g = 1, g <= BatchNumber - 1, (g++)]): null

2018-05-28 10:38:34 - [TEST_STEP][PASSED] - selectOptionByIndex: All options with index in [1] are selected on object 'Object Repository/HealthpostToStore/Page_Store/select_--Select--BA1170BA2376B'

2018-05-28 10:38:34 - [MESSAGE][PASSED] - All options with index in [1] are selected on object 'Object Repository/HealthpostToStore/Page_Store/select_--Select--BA1170BA2376B'

2018-05-28 10:38:34 - [TEST_STEP][PASSED] - Statement - Try: null

2018-05-28 10:38:34 - [TEST_STEP][PASSED] - Statement - StockQty = com.kms.katalon.core.webui.keyword.WebUiBuiltInKeywords.getAttribute(com.kms.katalon.core.testobject.ObjectRepository.findTestObject(HealthpostToStore/Page_Store/input_txtprice), "value"): Attribute 'value' of object 'Object Repository/HealthpostToStore/Page_Store/input_txtprice' is: '380'

2018-05-28 10:38:34 - [MESSAGE][PASSED] - Attribute 'value' of object 'Object Repository/HealthpostToStore/Page_Store/input_txtprice' is: '380'

2018-05-28 10:38:34 - [TEST_STEP][PASSED] - Statement - out.println("Stock QTY : " + StockQty): null

2018-05-28 10:38:34 - [TEST_STEP][PASSED] - delay: Delayed 2 second(s)

2018-05-28 10:38:36 - [MESSAGE][PASSED] - Delayed 2 second(s)

2018-05-28 10:38:36 - [TEST_STEP][PASSED] - Statement - If (java.lang.String.valueOf(StockQty) >= java.lang.String.valueOf(RequestedQty)): null

2018-05-28 10:38:36 - [TEST_STEP][PASSED] - setText: Text '10' is set on object 'Object Repository/HealthpostToStore/Page_Store/input_txtqty'

2018-05-28 10:38:36 - [MESSAGE][PASSED] - Text '10' is set on object 'Object Repository/HealthpostToStore/Page_Store/input_txtqty'

2018-05-28 10:38:36 - [TEST_STEP][PASSED] - click: Object: 'Object Repository/HealthpostToStore/Page_Store/button_Add' is clicked on

2018-05-28 10:38:36 - [MESSAGE][PASSED] - Object: 'Object Repository/HealthpostToStore/Page_Store/button_Add' is clicked on

2018-05-28 10:38:36 - [TEST_STEP][PASSED] - Statement - Break: null

2018-05-28 10:38:36 - [TEST_STEP][PASSED] - selectOptionByIndex: All options with index in [64] are selected on object 'Object Repository/HealthpostToStore/Page_Store/select_--Select--Adernaline 0.'

2018-05-28 10:38:37 - [MESSAGE][PASSED] - All options with index in [64] are selected on object 'Object Repository/HealthpostToStore/Page_Store/select_--Select--Adernaline 0.'

2018-05-28 10:38:37 - [TEST_STEP][PASSED] - delay: Delayed 2 second(s)

2018-05-28 10:38:39 - [MESSAGE][PASSED] - Delayed 2 second(s)

2018-05-28 10:38:39 - [TEST_STEP][PASSED] - Statement - RequestedQty = com.kms.katalon.core.webui.keyword.WebUiBuiltInKeywords.getAttribute(com.kms.katalon.core.testobject.ObjectRepository.findTestObject(HealthpostToStore/Page_Store/input_txttotal), "value"): Attribute 'value' of object 'Object Repository/HealthpostToStore/Page_Store/input_txttotal' is: '10'

2018-05-28 10:38:39 - [MESSAGE][PASSED] - Attribute 'value' of object 'Object Repository/HealthpostToStore/Page_Store/input_txttotal' is: '10'

2018-05-28 10:38:39 - [TEST_STEP][PASSED] - Statement - out.println("Requested QTY : " + RequestedQty): null

2018-05-28 10:38:39 - [TEST_STEP][PASSED] - Statement - BatchNumber = com.kms.katalon.core.webui.keyword.WebUiBuiltInKeywords.getNumberOfTotalOption(com.kms.katalon.core.testobject.ObjectRepository.findTestObject(HealthpostToStore/Page_Store/select_--Select--BA1170BA2376B)): 3 options of object 'Object Repository/HealthpostToStore/Page_Store/select_--Select--BA1170BA2376B' counted

2018-05-28 10:38:39 - [MESSAGE][PASSED] - 3 options of object 'Object Repository/HealthpostToStore/Page_Store/select_--Select--BA1170BA2376B' counted

2018-05-28 10:38:39 - [TEST_STEP][PASSED] - Statement - For ([g = 1, g <= BatchNumber - 1, (g++)]): null

2018-05-28 10:38:39 - [TEST_STEP][PASSED] - selectOptionByIndex: All options with index in [1] are selected on object 'Object Repository/HealthpostToStore/Page_Store/select_--Select--BA1170BA2376B'

2018-05-28 10:38:39 - [MESSAGE][PASSED] - All options with index in [1] are selected on object 'Object Repository/HealthpostToStore/Page_Store/select_--Select--BA1170BA2376B'

2018-05-28 10:38:39 - [TEST_STEP][PASSED] - Statement - Try: null

2018-05-28 10:38:39 - [TEST_STEP][PASSED] - Statement - StockQty = com.kms.katalon.core.webui.keyword.WebUiBuiltInKeywords.getAttribute(com.kms.katalon.core.testobject.ObjectRepository.findTestObject(HealthpostToStore/Page_Store/input_txtprice), "value"): Attribute 'value' of object 'Object Repository/HealthpostToStore/Page_Store/input_txtprice' is: '380'

2018-05-28 10:38:39 - [MESSAGE][PASSED] - Attribute 'value' of object 'Object Repository/HealthpostToStore/Page_Store/input_txtprice' is: '380'

2018-05-28 10:38:39 - [TEST_STEP][PASSED] - Statement - out.println("Stock QTY : " + StockQty): null

2018-05-28 10:38:39 - [TEST_STEP][PASSED] - delay: Delayed 2 second(s)

2018-05-28 10:38:41 - [MESSAGE][PASSED] - Delayed 2 second(s)

2018-05-28 10:38:41 - [TEST_STEP][PASSED] - Statement - If (java.lang.String.valueOf(StockQty) >= java.lang.String.valueOf(RequestedQty)): null

2018-05-28 10:38:41 - [TEST_STEP][PASSED] - setText: Text '10' is set on object 'Object Repository/HealthpostToStore/Page_Store/input_txtqty'

2018-05-28 10:38:41 - [MESSAGE][PASSED] - Text '10' is set on object 'Object Repository/HealthpostToStore/Page_Store/input_txtqty'

2018-05-28 10:38:41 - [TEST_STEP][PASSED] - click: Object: 'Object Repository/HealthpostToStore/Page_Store/button_Add' is clicked on

2018-05-28 10:38:41 - [MESSAGE][PASSED] - Object: 'Object Repository/HealthpostToStore/Page_Store/button_Add' is clicked on

2018-05-28 10:38:41 - [TEST_STEP][PASSED] - Statement - Break: null

2018-05-28 10:38:41 - [TEST_STEP][PASSED] - selectOptionByIndex: All options with index in [65] are selected on object 'Object Repository/HealthpostToStore/Page_Store/select_--Select--Adernaline 0.'

2018-05-28 10:38:42 - [MESSAGE][PASSED] - All options with index in [65] are selected on object 'Object Repository/HealthpostToStore/Page_Store/select_--Select--Adernaline 0.'

2018-05-28 10:38:42 - [TEST_STEP][PASSED] - delay: Delayed 2 second(s)

2018-05-28 10:38:44 - [MESSAGE][PASSED] - Delayed 2 second(s)

2018-05-28 10:38:44 - [TEST_STEP][PASSED] - Statement - RequestedQty = com.kms.katalon.core.webui.keyword.WebUiBuiltInKeywords.getAttribute(com.kms.katalon.core.testobject.ObjectRepository.findTestObject(HealthpostToStore/Page_Store/input_txttotal), "value"): Attribute 'value' of object 'Object Repository/HealthpostToStore/Page_Store/input_txttotal' is: '10'

2018-05-28 10:38:44 - [MESSAGE][PASSED] - Attribute 'value' of object 'Object Repository/HealthpostToStore/Page_Store/input_txttotal' is: '10'

2018-05-28 10:38:44 - [TEST_STEP][PASSED] - Statement - out.println("Requested QTY : " + RequestedQty): null

2018-05-28 10:38:44 - [TEST_STEP][PASSED] - Statement - BatchNumber = com.kms.katalon.core.webui.keyword.WebUiBuiltInKeywords.getNumberOfTotalOption(com.kms.katalon.core.testobject.ObjectRepository.findTestObject(HealthpostToStore/Page_Store/select_--Select--BA1170BA2376B)): 5 options of object 'Object Repository/HealthpostToStore/Page_Store/select_--Select--BA1170BA2376B' counted

2018-05-28 10:38:44 - [MESSAGE][PASSED] - 5 options of object 'Object Repository/HealthpostToStore/Page_Store/select_--Select--BA1170BA2376B' counted

2018-05-28 10:38:44 - [TEST_STEP][PASSED] - Statement - For ([g = 1, g <= BatchNumber - 1, (g++)]): null

2018-05-28 10:38:44 - [TEST_STEP][PASSED] - selectOptionByIndex: All options with index in [1] are selected on object 'Object Repository/HealthpostToStore/Page_Store/select_--Select--BA1170BA2376B'

2018-05-28 10:38:44 - [MESSAGE][PASSED] - All options with index in [1] are selected on object 'Object Repository/HealthpostToStore/Page_Store/select_--Select--BA1170BA2376B'

2018-05-28 10:38:44 - [TEST_STEP][PASSED] - Statement - Try: null

2018-05-28 10:38:44 - [TEST_STEP][PASSED] - Statement - StockQty = com.kms.katalon.core.webui.keyword.WebUiBuiltInKeywords.getAttribute(com.kms.katalon.core.testobject.ObjectRepository.findTestObject(HealthpostToStore/Page_Store/input_txtprice), "value"): Attribute 'value' of object 'Object Repository/HealthpostToStore/Page_Store/input_txtprice' is: '80'

2018-05-28 10:38:44 - [MESSAGE][PASSED] - Attribute 'value' of object 'Object Repository/HealthpostToStore/Page_Store/input_txtprice' is: '80'

2018-05-28 10:38:44 - [TEST_STEP][PASSED] - Statement - out.println("Stock QTY : " + StockQty): null

2018-05-28 10:38:44 - [TEST_STEP][PASSED] - delay: Delayed 2 second(s)

2018-05-28 10:38:46 - [MESSAGE][PASSED] - Delayed 2 second(s)

2018-05-28 10:38:46 - [TEST_STEP][PASSED] - Statement - If (java.lang.String.valueOf(StockQty) >= java.lang.String.valueOf(RequestedQty)): null

2018-05-28 10:38:46 - [TEST_STEP][PASSED] - setText: Text '10' is set on object 'Object Repository/HealthpostToStore/Page_Store/input_txtqty'

2018-05-28 10:38:46 - [MESSAGE][PASSED] - Text '10' is set on object 'Object Repository/HealthpostToStore/Page_Store/input_txtqty'

2018-05-28 10:38:46 - [TEST_STEP][PASSED] - click: Object: 'Object Repository/HealthpostToStore/Page_Store/button_Add' is clicked on

2018-05-28 10:38:46 - [MESSAGE][PASSED] - Object: 'Object Repository/HealthpostToStore/Page_Store/button_Add' is clicked on

2018-05-28 10:38:46 - [TEST_STEP][PASSED] - Statement - Break: null

2018-05-28 10:38:46 - [TEST_STEP][PASSED] - selectOptionByIndex: All options with index in [66] are selected on object 'Object Repository/HealthpostToStore/Page_Store/select_--Select--Adernaline 0.'

2018-05-28 10:38:47 - [MESSAGE][PASSED] - All options with index in [66] are selected on object 'Object Repository/HealthpostToStore/Page_Store/select_--Select--Adernaline 0.'

2018-05-28 10:38:47 - [TEST_STEP][PASSED] - delay: Delayed 2 second(s)

2018-05-28 10:38:49 - [MESSAGE][PASSED] - Delayed 2 second(s)

2018-05-28 10:38:49 - [TEST_STEP][PASSED] - Statement - RequestedQty = com.kms.katalon.core.webui.keyword.WebUiBuiltInKeywords.getAttribute(com.kms.katalon.core.testobject.ObjectRepository.findTestObject(HealthpostToStore/Page_Store/input_txttotal), "value"): Attribute 'value' of object 'Object Repository/HealthpostToStore/Page_Store/input_txttotal' is: '10'

2018-05-28 10:38:49 - [MESSAGE][PASSED] - Attribute 'value' of object 'Object Repository/HealthpostToStore/Page_Store/input_txttotal' is: '10'

2018-05-28 10:38:49 - [TEST_STEP][PASSED] - Statement - out.println("Requested QTY : " + RequestedQty): null

2018-05-28 10:38:49 - [TEST_STEP][PASSED] - Statement - BatchNumber = com.kms.katalon.core.webui.keyword.WebUiBuiltInKeywords.getNumberOfTotalOption(com.kms.katalon.core.testobject.ObjectRepository.findTestObject(HealthpostToStore/Page_Store/select_--Select--BA1170BA2376B)): 2 options of object 'Object Repository/HealthpostToStore/Page_Store/select_--Select--BA1170BA2376B' counted

2018-05-28 10:38:49 - [MESSAGE][PASSED] - 2 options of object 'Object Repository/HealthpostToStore/Page_Store/select_--Select--BA1170BA2376B' counted

2018-05-28 10:38:49 - [TEST_STEP][PASSED] - Statement - For ([g = 1, g <= BatchNumber - 1, (g++)]): null

2018-05-28 10:38:49 - [TEST_STEP][PASSED] - selectOptionByIndex: All options with index in [1] are selected on object 'Object Repository/HealthpostToStore/Page_Store/select_--Select--BA1170BA2376B'

2018-05-28 10:38:49 - [MESSAGE][PASSED] - All options with index in [1] are selected on object 'Object Repository/HealthpostToStore/Page_Store/select_--Select--BA1170BA2376B'

2018-05-28 10:38:49 - [TEST_STEP][PASSED] - Statement - Try: null

2018-05-28 10:38:49 - [TEST_STEP][PASSED] - Statement - StockQty = com.kms.katalon.core.webui.keyword.WebUiBuiltInKeywords.getAttribute(com.kms.katalon.core.testobject.ObjectRepository.findTestObject(HealthpostToStore/Page_Store/input_txtprice), "value"): Attribute 'value' of object 'Object Repository/HealthpostToStore/Page_Store/input_txtprice' is: ''

2018-05-28 10:38:49 - [MESSAGE][PASSED] - Attribute 'value' of object 'Object Repository/HealthpostToStore/Page_Store/input_txtprice' is: ''

2018-05-28 10:38:49 - [TEST_STEP][PASSED] - Statement - out.println("Stock QTY : " + StockQty): null

2018-05-28 10:38:49 - [TEST_STEP][PASSED] - delay: Delayed 2 second(s)

2018-05-28 10:38:51 - [MESSAGE][PASSED] - Delayed 2 second(s)

2018-05-28 10:38:51 - [TEST_STEP][PASSED] - Statement - If (java.lang.String.valueOf(StockQty) >= java.lang.String.valueOf(RequestedQty)): null

2018-05-28 10:38:51 - [TEST_STEP][PASSED] - Statement - Else: null

2018-05-28 10:38:51 - [TEST_STEP][PASSED] - Statement - out.println("Stock Is Less Than Requested Qty"): null

2018-05-28 10:38:51 - [TEST_STEP][PASSED] - selectOptionByIndex: All options with index in [67] are selected on object 'Object Repository/HealthpostToStore/Page_Store/select_--Select--Adernaline 0.'

2018-05-28 10:38:52 - [MESSAGE][PASSED] - All options with index in [67] are selected on object 'Object Repository/HealthpostToStore/Page_Store/select_--Select--Adernaline 0.'

2018-05-28 10:38:52 - [TEST_STEP][PASSED] - delay: Delayed 2 second(s)

2018-05-28 10:38:54 - [MESSAGE][PASSED] - Delayed 2 second(s)

2018-05-28 10:38:54 - [TEST_STEP][PASSED] - Statement - RequestedQty = com.kms.katalon.core.webui.keyword.WebUiBuiltInKeywords.getAttribute(com.kms.katalon.core.testobject.ObjectRepository.findTestObject(HealthpostToStore/Page_Store/input_txttotal), "value"): Attribute 'value' of object 'Object Repository/HealthpostToStore/Page_Store/input_txttotal' is: '10'

2018-05-28 10:38:54 - [MESSAGE][PASSED] - Attribute 'value' of object 'Object Repository/HealthpostToStore/Page_Store/input_txttotal' is: '10'

2018-05-28 10:38:54 - [TEST_STEP][PASSED] - Statement - out.println("Requested QTY : " + RequestedQty): null

2018-05-28 10:38:54 - [TEST_STEP][PASSED] - Statement - BatchNumber = com.kms.katalon.core.webui.keyword.WebUiBuiltInKeywords.getNumberOfTotalOption(com.kms.katalon.core.testobject.ObjectRepository.findTestObject(HealthpostToStore/Page_Store/select_--Select--BA1170BA2376B)): 3 options of object 'Object Repository/HealthpostToStore/Page_Store/select_--Select--BA1170BA2376B' counted

2018-05-28 10:38:54 - [MESSAGE][PASSED] - 3 options of object 'Object Repository/HealthpostToStore/Page_Store/select_--Select--BA1170BA2376B' counted

2018-05-28 10:38:54 - [TEST_STEP][PASSED] - Statement - For ([g = 1, g <= BatchNumber - 1, (g++)]): null

2018-05-28 10:38:54 - [TEST_STEP][PASSED] - selectOptionByIndex: All options with index in [1] are selected on object 'Object Repository/HealthpostToStore/Page_Store/select_--Select--BA1170BA2376B'

2018-05-28 10:38:54 - [MESSAGE][PASSED] - All options with index in [1] are selected on object 'Object Repository/HealthpostToStore/Page_Store/select_--Select--BA1170BA2376B'

2018-05-28 10:38:54 - [TEST_STEP][PASSED] - Statement - Try: null

2018-05-28 10:38:54 - [TEST_STEP][PASSED] - Statement - StockQty = com.kms.katalon.core.webui.keyword.WebUiBuiltInKeywords.getAttribute(com.kms.katalon.core.testobject.ObjectRepository.findTestObject(HealthpostToStore/Page_Store/input_txtprice), "value"): Attribute 'value' of object 'Object Repository/HealthpostToStore/Page_Store/input_txtprice' is: '380'

2018-05-28 10:38:54 - [MESSAGE][PASSED] - Attribute 'value' of object 'Object Repository/HealthpostToStore/Page_Store/input_txtprice' is: '380'

2018-05-28 10:38:54 - [TEST_STEP][PASSED] - Statement - out.println("Stock QTY : " + StockQty): null

2018-05-28 10:38:54 - [TEST_STEP][PASSED] - delay: Delayed 2 second(s)

2018-05-28 10:38:56 - [MESSAGE][PASSED] - Delayed 2 second(s)

2018-05-28 10:38:56 - [TEST_STEP][PASSED] - Statement - If (java.lang.String.valueOf(StockQty) >= java.lang.String.valueOf(RequestedQty)): null

2018-05-28 10:38:56 - [TEST_STEP][PASSED] - setText: Text '10' is set on object 'Object Repository/HealthpostToStore/Page_Store/input_txtqty'

2018-05-28 10:38:57 - [MESSAGE][PASSED] - Text '10' is set on object 'Object Repository/HealthpostToStore/Page_Store/input_txtqty'

2018-05-28 10:38:57 - [TEST_STEP][PASSED] - click: Object: 'Object Repository/HealthpostToStore/Page_Store/button_Add' is clicked on

2018-05-28 10:38:57 - [MESSAGE][PASSED] - Object: 'Object Repository/HealthpostToStore/Page_Store/button_Add' is clicked on

2018-05-28 10:38:57 - [TEST_STEP][PASSED] - Statement - Break: null

2018-05-28 10:38:57 - [TEST_STEP][PASSED] - selectOptionByIndex: All options with index in [68] are selected on object 'Object Repository/HealthpostToStore/Page_Store/select_--Select--Adernaline 0.'

2018-05-28 10:38:57 - [MESSAGE][PASSED] - All options with index in [68] are selected on object 'Object Repository/HealthpostToStore/Page_Store/select_--Select--Adernaline 0.'

2018-05-28 10:38:57 - [TEST_STEP][PASSED] - delay: Delayed 2 second(s)

2018-05-28 10:38:59 - [MESSAGE][PASSED] - Delayed 2 second(s)

2018-05-28 10:38:59 - [TEST_STEP][PASSED] - Statement - RequestedQty = com.kms.katalon.core.webui.keyword.WebUiBuiltInKeywords.getAttribute(com.kms.katalon.core.testobject.ObjectRepository.findTestObject(HealthpostToStore/Page_Store/input_txttotal), "value"): Attribute 'value' of object 'Object Repository/HealthpostToStore/Page_Store/input_txttotal' is: '10'

2018-05-28 10:38:59 - [MESSAGE][PASSED] - Attribute 'value' of object 'Object Repository/HealthpostToStore/Page_Store/input_txttotal' is: '10'

2018-05-28 10:38:59 - [TEST_STEP][PASSED] - Statement - out.println("Requested QTY : " + RequestedQty): null

2018-05-28 10:38:59 - [TEST_STEP][PASSED] - Statement - BatchNumber = com.kms.katalon.core.webui.keyword.WebUiBuiltInKeywords.getNumberOfTotalOption(com.kms.katalon.core.testobject.ObjectRepository.findTestObject(HealthpostToStore/Page_Store/select_--Select--BA1170BA2376B)): 5 options of object 'Object Repository/HealthpostToStore/Page_Store/select_--Select--BA1170BA2376B' counted

2018-05-28 10:39:00 - [MESSAGE][PASSED] - 5 options of object 'Object Repository/HealthpostToStore/Page_Store/select_--Select--BA1170BA2376B' counted

2018-05-28 10:39:00 - [TEST_STEP][PASSED] - Statement - For ([g = 1, g <= BatchNumber - 1, (g++)]): null

2018-05-28 10:39:00 - [TEST_STEP][PASSED] - selectOptionByIndex: All options with index in [1] are selected on object 'Object Repository/HealthpostToStore/Page_Store/select_--Select--BA1170BA2376B'

2018-05-28 10:39:00 - [MESSAGE][PASSED] - All options with index in [1] are selected on object 'Object Repository/HealthpostToStore/Page_Store/select_--Select--BA1170BA2376B'

2018-05-28 10:39:00 - [TEST_STEP][PASSED] - Statement - Try: null

2018-05-28 10:39:00 - [TEST_STEP][PASSED] - Statement - StockQty = com.kms.katalon.core.webui.keyword.WebUiBuiltInKeywords.getAttribute(com.kms.katalon.core.testobject.ObjectRepository.findTestObject(HealthpostToStore/Page_Store/input_txtprice), "value"): Attribute 'value' of object 'Object Repository/HealthpostToStore/Page_Store/input_txtprice' is: '80'

2018-05-28 10:39:00 - [MESSAGE][PASSED] - Attribute 'value' of object 'Object Repository/HealthpostToStore/Page_Store/input_txtprice' is: '80'

2018-05-28 10:39:00 - [TEST_STEP][PASSED] - Statement - out.println("Stock QTY : " + StockQty): null

2018-05-28 10:39:00 - [TEST_STEP][PASSED] - delay: Delayed 2 second(s)

2018-05-28 10:39:02 - [MESSAGE][PASSED] - Delayed 2 second(s)

2018-05-28 10:39:02 - [TEST_STEP][PASSED] - Statement - If (java.lang.String.valueOf(StockQty) >= java.lang.String.valueOf(RequestedQty)): null

2018-05-28 10:39:02 - [TEST_STEP][PASSED] - setText: Text '10' is set on object 'Object Repository/HealthpostToStore/Page_Store/input_txtqty'

2018-05-28 10:39:02 - [MESSAGE][PASSED] - Text '10' is set on object 'Object Repository/HealthpostToStore/Page_Store/input_txtqty'

2018-05-28 10:39:02 - [TEST_STEP][PASSED] - click: Object: 'Object Repository/HealthpostToStore/Page_Store/button_Add' is clicked on

2018-05-28 10:39:02 - [MESSAGE][PASSED] - Object: 'Object Repository/HealthpostToStore/Page_Store/button_Add' is clicked on

2018-05-28 10:39:02 - [TEST_STEP][PASSED] - Statement - Break: null

2018-05-28 10:39:02 - [TEST_STEP][PASSED] - selectOptionByIndex: All options with index in [69] are selected on object 'Object Repository/HealthpostToStore/Page_Store/select_--Select--Adernaline 0.'

2018-05-28 10:39:03 - [MESSAGE][PASSED] - All options with index in [69] are selected on object 'Object Repository/HealthpostToStore/Page_Store/select_--Select--Adernaline 0.'

2018-05-28 10:39:03 - [TEST_STEP][PASSED] - delay: Delayed 2 second(s)

2018-05-28 10:39:05 - [MESSAGE][PASSED] - Delayed 2 second(s)

2018-05-28 10:39:05 - [TEST_STEP][PASSED] - Statement - RequestedQty = com.kms.katalon.core.webui.keyword.WebUiBuiltInKeywords.getAttribute(com.kms.katalon.core.testobject.ObjectRepository.findTestObject(HealthpostToStore/Page_Store/input_txttotal), "value"): Attribute 'value' of object 'Object Repository/HealthpostToStore/Page_Store/input_txttotal' is: '10'

2018-05-28 10:39:05 - [MESSAGE][PASSED] - Attribute 'value' of object 'Object Repository/HealthpostToStore/Page_Store/input_txttotal' is: '10'

2018-05-28 10:39:05 - [TEST_STEP][PASSED] - Statement - out.println("Requested QTY : " + RequestedQty): null

2018-05-28 10:39:05 - [TEST_STEP][PASSED] - Statement - BatchNumber = com.kms.katalon.core.webui.keyword.WebUiBuiltInKeywords.getNumberOfTotalOption(com.kms.katalon.core.testobject.ObjectRepository.findTestObject(HealthpostToStore/Page_Store/select_--Select--BA1170BA2376B)): 4 options of object 'Object Repository/HealthpostToStore/Page_Store/select_--Select--BA1170BA2376B' counted

2018-05-28 10:39:05 - [MESSAGE][PASSED] - 4 options of object 'Object Repository/HealthpostToStore/Page_Store/select_--Select--BA1170BA2376B' counted

2018-05-28 10:39:05 - [TEST_STEP][PASSED] - Statement - For ([g = 1, g <= BatchNumber - 1, (g++)]): null

2018-05-28 10:39:05 - [TEST_STEP][PASSED] - selectOptionByIndex: All options with index in [1] are selected on object 'Object Repository/HealthpostToStore/Page_Store/select_--Select--BA1170BA2376B'

2018-05-28 10:39:05 - [MESSAGE][PASSED] - All options with index in [1] are selected on object 'Object Repository/HealthpostToStore/Page_Store/select_--Select--BA1170BA2376B'

2018-05-28 10:39:05 - [TEST_STEP][PASSED] - Statement - Try: null

2018-05-28 10:39:05 - [TEST_STEP][PASSED] - Statement - StockQty = com.kms.katalon.core.webui.keyword.WebUiBuiltInKeywords.getAttribute(com.kms.katalon.core.testobject.ObjectRepository.findTestObject(HealthpostToStore/Page_Store/input_txtprice), "value"): Attribute 'value' of object 'Object Repository/HealthpostToStore/Page_Store/input_txtprice' is: '380'

2018-05-28 10:39:05 - [MESSAGE][PASSED] - Attribute 'value' of object 'Object Repository/HealthpostToStore/Page_Store/input_txtprice' is: '380'

2018-05-28 10:39:05 - [TEST_STEP][PASSED] - Statement - out.println("Stock QTY : " + StockQty): null

2018-05-28 10:39:05 - [TEST_STEP][PASSED] - delay: Delayed 2 second(s)

2018-05-28 10:39:07 - [MESSAGE][PASSED] - Delayed 2 second(s)

2018-05-28 10:39:07 - [TEST_STEP][PASSED] - Statement - If (java.lang.String.valueOf(StockQty) >= java.lang.String.valueOf(RequestedQty)): null

2018-05-28 10:39:07 - [TEST_STEP][PASSED] - setText: Text '10' is set on object 'Object Repository/HealthpostToStore/Page_Store/input_txtqty'

2018-05-28 10:39:07 - [MESSAGE][PASSED] - Text '10' is set on object 'Object Repository/HealthpostToStore/Page_Store/input_txtqty'

2018-05-28 10:39:07 - [TEST_STEP][PASSED] - click: Object: 'Object Repository/HealthpostToStore/Page_Store/button_Add' is clicked on

2018-05-28 10:39:07 - [MESSAGE][PASSED] - Object: 'Object Repository/HealthpostToStore/Page_Store/button_Add' is clicked on

2018-05-28 10:39:07 - [TEST_STEP][PASSED] - Statement - Break: null

2018-05-28 10:39:07 - [TEST_STEP][PASSED] - selectOptionByIndex: All options with index in [70] are selected on object 'Object Repository/HealthpostToStore/Page_Store/select_--Select--Adernaline 0.'

2018-05-28 10:39:08 - [MESSAGE][PASSED] - All options with index in [70] are selected on object 'Object Repository/HealthpostToStore/Page_Store/select_--Select--Adernaline 0.'

2018-05-28 10:39:08 - [TEST_STEP][PASSED] - delay: Delayed 2 second(s)

2018-05-28 10:39:10 - [MESSAGE][PASSED] - Delayed 2 second(s)

2018-05-28 10:39:10 - [TEST_STEP][PASSED] - Statement - RequestedQty = com.kms.katalon.core.webui.keyword.WebUiBuiltInKeywords.getAttribute(com.kms.katalon.core.testobject.ObjectRepository.findTestObject(HealthpostToStore/Page_Store/input_txttotal), "value"): Attribute 'value' of object 'Object Repository/HealthpostToStore/Page_Store/input_txttotal' is: '10'

2018-05-28 10:39:10 - [MESSAGE][PASSED] - Attribute 'value' of object 'Object Repository/HealthpostToStore/Page_Store/input_txttotal' is: '10'

2018-05-28 10:39:10 - [TEST_STEP][PASSED] - Statement - out.println("Requested QTY : " + RequestedQty): null

2018-05-28 10:39:10 - [TEST_STEP][PASSED] - Statement - BatchNumber = com.kms.katalon.core.webui.keyword.WebUiBuiltInKeywords.getNumberOfTotalOption(com.kms.katalon.core.testobject.ObjectRepository.findTestObject(HealthpostToStore/Page_Store/select_--Select--BA1170BA2376B)): 3 options of object 'Object Repository/HealthpostToStore/Page_Store/select_--Select--BA1170BA2376B' counted

2018-05-28 10:39:10 - [MESSAGE][PASSED] - 3 options of object 'Object Repository/HealthpostToStore/Page_Store/select_--Select--BA1170BA2376B' counted

2018-05-28 10:39:10 - [TEST_STEP][PASSED] - Statement - For ([g = 1, g <= BatchNumber - 1, (g++)]): null

2018-05-28 10:39:10 - [TEST_STEP][PASSED] - selectOptionByIndex: All options with index in [1] are selected on object 'Object Repository/HealthpostToStore/Page_Store/select_--Select--BA1170BA2376B'

2018-05-28 10:39:10 - [MESSAGE][PASSED] - All options with index in [1] are selected on object 'Object Repository/HealthpostToStore/Page_Store/select_--Select--BA1170BA2376B'

2018-05-28 10:39:10 - [TEST_STEP][PASSED] - Statement - Try: null

2018-05-28 10:39:10 - [TEST_STEP][PASSED] - Statement - StockQty = com.kms.katalon.core.webui.keyword.WebUiBuiltInKeywords.getAttribute(com.kms.katalon.core.testobject.ObjectRepository.findTestObject(HealthpostToStore/Page_Store/input_txtprice), "value"): Attribute 'value' of object 'Object Repository/HealthpostToStore/Page_Store/input_txtprice' is: '1340'

2018-05-28 10:39:10 - [MESSAGE][PASSED] - Attribute 'value' of object 'Object Repository/HealthpostToStore/Page_Store/input_txtprice' is: '1340'

2018-05-28 10:39:10 - [TEST_STEP][PASSED] - Statement - out.println("Stock QTY : " + StockQty): null

2018-05-28 10:39:10 - [TEST_STEP][PASSED] - delay: Delayed 2 second(s)

2018-05-28 10:39:12 - [MESSAGE][PASSED] - Delayed 2 second(s)

2018-05-28 10:39:12 - [TEST_STEP][PASSED] - Statement - If (java.lang.String.valueOf(StockQty) >= java.lang.String.valueOf(RequestedQty)): null

2018-05-28 10:39:12 - [TEST_STEP][PASSED] - setText: Text '10' is set on object 'Object Repository/HealthpostToStore/Page_Store/input_txtqty'

2018-05-28 10:39:12 - [MESSAGE][PASSED] - Text '10' is set on object 'Object Repository/HealthpostToStore/Page_Store/input_txtqty'

2018-05-28 10:39:12 - [TEST_STEP][PASSED] - click: Object: 'Object Repository/HealthpostToStore/Page_Store/button_Add' is clicked on

2018-05-28 10:39:12 - [MESSAGE][PASSED] - Object: 'Object Repository/HealthpostToStore/Page_Store/button_Add' is clicked on

2018-05-28 10:39:12 - [TEST_STEP][PASSED] - Statement - Break: null

2018-05-28 10:39:12 - [TEST_STEP][PASSED] - selectOptionByIndex: All options with index in [71] are selected on object 'Object Repository/HealthpostToStore/Page_Store/select_--Select--Adernaline 0.'

2018-05-28 10:39:13 - [MESSAGE][PASSED] - All options with index in [71] are selected on object 'Object Repository/HealthpostToStore/Page_Store/select_--Select--Adernaline 0.'

2018-05-28 10:39:13 - [TEST_STEP][PASSED] - delay: Delayed 2 second(s)

2018-05-28 10:39:15 - [MESSAGE][PASSED] - Delayed 2 second(s)

2018-05-28 10:39:15 - [TEST_STEP][PASSED] - Statement - RequestedQty = com.kms.katalon.core.webui.keyword.WebUiBuiltInKeywords.getAttribute(com.kms.katalon.core.testobject.ObjectRepository.findTestObject(HealthpostToStore/Page_Store/input_txttotal), "value"): Attribute 'value' of object 'Object Repository/HealthpostToStore/Page_Store/input_txttotal' is: '10'

2018-05-28 10:39:15 - [MESSAGE][PASSED] - Attribute 'value' of object 'Object Repository/HealthpostToStore/Page_Store/input_txttotal' is: '10'

2018-05-28 10:39:15 - [TEST_STEP][PASSED] - Statement - out.println("Requested QTY : " + RequestedQty): null

2018-05-28 10:39:15 - [TEST_STEP][PASSED] - Statement - BatchNumber = com.kms.katalon.core.webui.keyword.WebUiBuiltInKeywords.getNumberOfTotalOption(com.kms.katalon.core.testobject.ObjectRepository.findTestObject(HealthpostToStore/Page_Store/select_--Select--BA1170BA2376B)): 3 options of object 'Object Repository/HealthpostToStore/Page_Store/select_--Select--BA1170BA2376B' counted

2018-05-28 10:39:15 - [MESSAGE][PASSED] - 3 options of object 'Object Repository/HealthpostToStore/Page_Store/select_--Select--BA1170BA2376B' counted

2018-05-28 10:39:15 - [TEST_STEP][PASSED] - Statement - For ([g = 1, g <= BatchNumber - 1, (g++)]): null

2018-05-28 10:39:15 - [TEST_STEP][PASSED] - selectOptionByIndex: All options with index in [1] are selected on object 'Object Repository/HealthpostToStore/Page_Store/select_--Select--BA1170BA2376B'

2018-05-28 10:39:15 - [MESSAGE][PASSED] - All options with index in [1] are selected on object 'Object Repository/HealthpostToStore/Page_Store/select_--Select--BA1170BA2376B'

2018-05-28 10:39:15 - [TEST_STEP][PASSED] - Statement - Try: null

2018-05-28 10:39:15 - [TEST_STEP][PASSED] - Statement - StockQty = com.kms.katalon.core.webui.keyword.WebUiBuiltInKeywords.getAttribute(com.kms.katalon.core.testobject.ObjectRepository.findTestObject(HealthpostToStore/Page_Store/input_txtprice), "value"): Attribute 'value' of object 'Object Repository/HealthpostToStore/Page_Store/input_txtprice' is: '1340'

2018-05-28 10:39:15 - [MESSAGE][PASSED] - Attribute 'value' of object 'Object Repository/HealthpostToStore/Page_Store/input_txtprice' is: '1340'

2018-05-28 10:39:15 - [TEST_STEP][PASSED] - Statement - out.println("Stock QTY : " + StockQty): null

2018-05-28 10:39:15 - [TEST_STEP][PASSED] - delay: Delayed 2 second(s)

2018-05-28 10:39:17 - [MESSAGE][PASSED] - Delayed 2 second(s)

2018-05-28 10:39:17 - [TEST_STEP][PASSED] - Statement - If (java.lang.String.valueOf(StockQty) >= java.lang.String.valueOf(RequestedQty)): null

2018-05-28 10:39:17 - [TEST_STEP][PASSED] - setText: Text '10' is set on object 'Object Repository/HealthpostToStore/Page_Store/input_txtqty'

2018-05-28 10:39:17 - [MESSAGE][PASSED] - Text '10' is set on object 'Object Repository/HealthpostToStore/Page_Store/input_txtqty'

2018-05-28 10:39:17 - [TEST_STEP][PASSED] - click: Object: 'Object Repository/HealthpostToStore/Page_Store/button_Add' is clicked on

2018-05-28 10:39:17 - [MESSAGE][PASSED] - Object: 'Object Repository/HealthpostToStore/Page_Store/button_Add' is clicked on

2018-05-28 10:39:17 - [TEST_STEP][PASSED] - Statement - Break: null

2018-05-28 10:39:17 - [TEST_STEP][PASSED] - selectOptionByIndex: All options with index in [72] are selected on object 'Object Repository/HealthpostToStore/Page_Store/select_--Select--Adernaline 0.'

2018-05-28 10:39:18 - [MESSAGE][PASSED] - All options with index in [72] are selected on object 'Object Repository/HealthpostToStore/Page_Store/select_--Select--Adernaline 0.'

2018-05-28 10:39:18 - [TEST_STEP][PASSED] - delay: Delayed 2 second(s)

2018-05-28 10:39:20 - [MESSAGE][PASSED] - Delayed 2 second(s)

2018-05-28 10:39:20 - [TEST_STEP][PASSED] - Statement - RequestedQty = com.kms.katalon.core.webui.keyword.WebUiBuiltInKeywords.getAttribute(com.kms.katalon.core.testobject.ObjectRepository.findTestObject(HealthpostToStore/Page_Store/input_txttotal), "value"): Attribute 'value' of object 'Object Repository/HealthpostToStore/Page_Store/input_txttotal' is: '10'

2018-05-28 10:39:20 - [MESSAGE][PASSED] - Attribute 'value' of object 'Object Repository/HealthpostToStore/Page_Store/input_txttotal' is: '10'

2018-05-28 10:39:20 - [TEST_STEP][PASSED] - Statement - out.println("Requested QTY : " + RequestedQty): null

2018-05-28 10:39:20 - [TEST_STEP][PASSED] - Statement - BatchNumber = com.kms.katalon.core.webui.keyword.WebUiBuiltInKeywords.getNumberOfTotalOption(com.kms.katalon.core.testobject.ObjectRepository.findTestObject(HealthpostToStore/Page_Store/select_--Select--BA1170BA2376B)): 4 options of object 'Object Repository/HealthpostToStore/Page_Store/select_--Select--BA1170BA2376B' counted

2018-05-28 10:39:20 - [MESSAGE][PASSED] - 4 options of object 'Object Repository/HealthpostToStore/Page_Store/select_--Select--BA1170BA2376B' counted

2018-05-28 10:39:20 - [TEST_STEP][PASSED] - Statement - For ([g = 1, g <= BatchNumber - 1, (g++)]): null

2018-05-28 10:39:20 - [TEST_STEP][PASSED] - selectOptionByIndex: All options with index in [1] are selected on object 'Object Repository/HealthpostToStore/Page_Store/select_--Select--BA1170BA2376B'

2018-05-28 10:39:20 - [MESSAGE][PASSED] - All options with index in [1] are selected on object 'Object Repository/HealthpostToStore/Page_Store/select_--Select--BA1170BA2376B'

2018-05-28 10:39:20 - [TEST_STEP][PASSED] - Statement - Try: null

2018-05-28 10:39:20 - [TEST_STEP][PASSED] - Statement - StockQty = com.kms.katalon.core.webui.keyword.WebUiBuiltInKeywords.getAttribute(com.kms.katalon.core.testobject.ObjectRepository.findTestObject(HealthpostToStore/Page_Store/input_txtprice), "value"): Attribute 'value' of object 'Object Repository/HealthpostToStore/Page_Store/input_txtprice' is: '380'

2018-05-28 10:39:20 - [MESSAGE][PASSED] - Attribute 'value' of object 'Object Repository/HealthpostToStore/Page_Store/input_txtprice' is: '380'

2018-05-28 10:39:20 - [TEST_STEP][PASSED] - Statement - out.println("Stock QTY : " + StockQty): null

2018-05-28 10:39:20 - [TEST_STEP][PASSED] - delay: Delayed 2 second(s)

2018-05-28 10:39:22 - [MESSAGE][PASSED] - Delayed 2 second(s)

2018-05-28 10:39:22 - [TEST_STEP][PASSED] - Statement - If (java.lang.String.valueOf(StockQty) >= java.lang.String.valueOf(RequestedQty)): null

2018-05-28 10:39:22 - [TEST_STEP][PASSED] - setText: Text '10' is set on object 'Object Repository/HealthpostToStore/Page_Store/input_txtqty'

2018-05-28 10:39:22 - [MESSAGE][PASSED] - Text '10' is set on object 'Object Repository/HealthpostToStore/Page_Store/input_txtqty'

2018-05-28 10:39:22 - [TEST_STEP][PASSED] - click: Object: 'Object Repository/HealthpostToStore/Page_Store/button_Add' is clicked on

2018-05-28 10:39:23 - [MESSAGE][PASSED] - Object: 'Object Repository/HealthpostToStore/Page_Store/button_Add' is clicked on

2018-05-28 10:39:23 - [TEST_STEP][PASSED] - Statement - Break: null

2018-05-28 10:39:23 - [TEST_STEP][PASSED] - scrollToElement: Scroll to object 'Object Repository/HealthpostToStore/Page_Store/input_btnSubmit' successfully

2018-05-28 10:39:23 - [MESSAGE][PASSED] - Scroll to object 'Object Repository/HealthpostToStore/Page_Store/input_btnSubmit' successfully

2018-05-28 10:39:23 - [TEST_STEP][PASSED] - click: Object: 'Object Repository/HealthpostToStore/Page_Store/input_btnSubmit' is clicked on

2018-05-28 10:39:23 - [MESSAGE][PASSED] - Object: 'Object Repository/HealthpostToStore/Page_Store/input_btnSubmit' is clicked on

2018-05-28 10:39:23 - [TEST_STEP][PASSED] - delay: Delayed 3 second(s)

2018-05-28 10:39:26 - [MESSAGE][PASSED] - Delayed 3 second(s)

2018-05-28 10:39:26 - [TEST_STEP][PASSED] - click: Object: 'Object Repository/HealthpostToStore/Page_Store/button_OK' is clicked on

2018-05-28 10:39:30 - [MESSAGE][PASSED] - Object: 'Object Repository/HealthpostToStore/Page_Store/button_OK' is clicked on

2018-05-28 10:39:30 - [TEST_STEP][PASSED] - delay: Delayed 3 second(s)

2018-05-28 10:39:33 - [MESSAGE][PASSED] - Delayed 3 second(s)

2018-05-28 10:39:33 - [TEST_STEP][PASSED] - click: Object: 'Object Repository/HealthpostToStore/Page_Store/a_dropdown-toggle' is clicked on

2018-05-28 10:39:33 - [MESSAGE][PASSED] - Object: 'Object Repository/HealthpostToStore/Page_Store/a_dropdown-toggle' is clicked on

2018-05-28 10:39:33 - [TEST_STEP][PASSED] - click: Object: 'Object Repository/HealthpostToStore/Page_Store/a_Sign out' is clicked on

2018-05-28 10:39:33 - [MESSAGE][PASSED] - Object: 'Object Repository/HealthpostToStore/Page_Store/a_Sign out' is clicked on

2018-05-28 10:39:33 - [TEST_STEP][PASSED] - closeBrowser: Browser is closed

2018-05-28 10:39:34 - [MESSAGE][PASSED] - Browser is closed]]></system-out>
         <system-err><![CDATA[]]></system-err>
      </testcase>
      <testcase name="Test Cases/HEALTHPOST TEST CASES/TC_HP_003 Verify Schedule 3 Healthpost Request Are Working Successfully Or Not" classname="Test Cases/HEALTHPOST TEST CASES/TC_HP_003 Verify Schedule 3 Healthpost Request Are Working Successfully Or Not" status="FAILED">
         <failure type="FAILED" message="Unable to set text '10' of object 'Object Repository/HealthpostToStore/Page_HealthPost Store/input_txttreat' (Root cause: org.openqa.selenium.UnhandledAlertException: unexpected alert open: {Alert text : function Error() { [native code] }}
  (Session info: chrome=66.0.3359.181)
  (Driver info: chromedriver=2.35.528161 (5b82f2d2aae0ca24b877009200ced9065a772e73),platform=Windows NT 10.0.17134 x86_64) (WARNING: The server did not provide any stacktrace information)
Command duration or timeout: 0 milliseconds: null
Build info: version: '3.7.1', revision: '8a0099a', time: '2017-11-06T21:07:36.161Z'
System info: host: 'DESKTOP-BLFTK83', ip: '169.254.189.85', os.name: 'Windows 10', os.arch: 'amd64', os.version: '10.0', java.version: '1.8.0_102'
Driver info: com.kms.katalon.selenium.driver.CChromeDriver
Capabilities {acceptInsecureCerts: false, acceptSslCerts: false, applicationCacheEnabled: false, browserConnectionEnabled: false, browserName: chrome, chrome: {chromedriverVersion: 2.35.528161 (5b82f2d2aae0ca..., userDataDir: C:\Users\QUALIT~1\AppData\L...}, cssSelectorsEnabled: true, databaseEnabled: false, handlesAlerts: true, hasTouchScreen: false, javascriptEnabled: true, locationContextEnabled: true, mobileEmulationEnabled: false, nativeEvents: true, networkConnectionEnabled: false, pageLoadStrategy: normal, platform: XP, platformName: XP, rotatable: false, setWindowRect: true, takesHeapSnapshot: true, takesScreenshot: true, unexpectedAlertBehaviour: , unhandledPromptBehavior: , version: 66.0.3359.181, webStorageEnabled: true}
Session ID: 3ca546586c1e12a464489e2fa690b14d
*** Element info: {Using=xpath, value=id(&quot;txttreat&quot;)[count(. | //input[@id = 'txttreat' and @type = 'text']) = count(//input[@id = 'txttreat' and @type = 'text'])]})"/>
         <system-out><![CDATA[2018-05-28 10:39:34 - [TEST_CASE][FAILED] - Test Cases/HEALTHPOST TEST CASES/TC_HP_003 Verify Schedule 3 Healthpost Request Are Working Successfully Or Not: Test Cases/HEALTHPOST TEST CASES/TC_HP_003 Verify Schedule 3 Healthpost Request Are Working Successfully Or Not FAILED because (of) Unable to set text '10' of object 'Object Repository/HealthpostToStore/Page_HealthPost Store/input_txttreat' (Root cause: org.openqa.selenium.UnhandledAlertException: unexpected alert open: {Alert text : function Error() { [native code] }}
  (Session info: chrome=66.0.3359.181)
  (Driver info: chromedriver=2.35.528161 (5b82f2d2aae0ca24b877009200ced9065a772e73),platform=Windows NT 10.0.17134 x86_64) (WARNING: The server did not provide any stacktrace information)
Command duration or timeout: 0 milliseconds: null
Build info: version: '3.7.1', revision: '8a0099a', time: '2017-11-06T21:07:36.161Z'
System info: host: 'DESKTOP-BLFTK83', ip: '169.254.189.85', os.name: 'Windows 10', os.arch: 'amd64', os.version: '10.0', java.version: '1.8.0_102'
Driver info: com.kms.katalon.selenium.driver.CChromeDriver
Capabilities {acceptInsecureCerts: false, acceptSslCerts: false, applicationCacheEnabled: false, browserConnectionEnabled: false, browserName: chrome, chrome: {chromedriverVersion: 2.35.528161 (5b82f2d2aae0ca..., userDataDir: C:\Users\QUALIT~1\AppData\L...}, cssSelectorsEnabled: true, databaseEnabled: false, handlesAlerts: true, hasTouchScreen: false, javascriptEnabled: true, locationContextEnabled: true, mobileEmulationEnabled: false, nativeEvents: true, networkConnectionEnabled: false, pageLoadStrategy: normal, platform: XP, platformName: XP, rotatable: false, setWindowRect: true, takesHeapSnapshot: true, takesScreenshot: true, unexpectedAlertBehaviour: , unhandledPromptBehavior: , version: 66.0.3359.181, webStorageEnabled: true}
Session ID: 3ca546586c1e12a464489e2fa690b14d
*** Element info: {Using=xpath, value=id("txttreat")[count(. | //input[@id = 'txttreat' and @type = 'text']) = count(//input[@id = 'txttreat' and @type = 'text'])]})

2018-05-28 10:39:34 - [TEST_STEP][PASSED] - openBrowser: Browser is opened with url: ''

2018-05-28 10:39:36 - [MESSAGE][PASSED] - Browser is opened with url: ''

2018-05-28 10:39:36 - [TEST_STEP][PASSED] - navigateToUrl: Navigate to 'http://192.168.137.1/multihospital_new/HDSplashscreen.aspx' successfully

2018-05-28 10:39:38 - [MESSAGE][PASSED] - Navigate to 'http://192.168.137.1/multihospital_new/HDSplashscreen.aspx' successfully

2018-05-28 10:39:38 - [TEST_STEP][PASSED] - maximizeWindow: Current window maximized

2018-05-28 10:39:39 - [MESSAGE][PASSED] - Current window maximized

2018-05-28 10:39:39 - [TEST_STEP][PASSED] - click: Object: 'Object Repository/HealthpostToStore/Page_KDMC/a_Healthpost Store' is clicked on

2018-05-28 10:39:40 - [MESSAGE][PASSED] - Object: 'Object Repository/HealthpostToStore/Page_KDMC/a_Healthpost Store' is clicked on

2018-05-28 10:39:40 - [TEST_STEP][PASSED] - setText: Text 'raguram' is set on object 'Object Repository/HealthpostToStore/Page_HealthPost Store Login/input_txtusername'

2018-05-28 10:39:40 - [MESSAGE][PASSED] - Text 'raguram' is set on object 'Object Repository/HealthpostToStore/Page_HealthPost Store Login/input_txtusername'

2018-05-28 10:39:40 - [TEST_STEP][PASSED] - setText: Text '123' is set on object 'Object Repository/HealthpostToStore/Page_HealthPost Store Login/input_txtpassword'

2018-05-28 10:39:40 - [MESSAGE][PASSED] - Text '123' is set on object 'Object Repository/HealthpostToStore/Page_HealthPost Store Login/input_txtpassword'

2018-05-28 10:39:40 - [TEST_STEP][PASSED] - delay: Delayed 3 second(s)

2018-05-28 10:39:43 - [MESSAGE][PASSED] - Delayed 3 second(s)

2018-05-28 10:39:43 - [TEST_STEP][PASSED] - sendKeys: Keys 'ENTER + ' sent to object: 'Object Repository/HealthpostToStore/Page_HealthPost Store Login/input_txtpassword'

2018-05-28 10:39:44 - [MESSAGE][PASSED] - Keys 'ENTER + ' sent to object: 'Object Repository/HealthpostToStore/Page_HealthPost Store Login/input_txtpassword'

2018-05-28 10:39:44 - [TEST_STEP][PASSED] - delay: Delayed 3 second(s)

2018-05-28 10:39:47 - [MESSAGE][PASSED] - Delayed 3 second(s)

2018-05-28 10:39:47 - [TEST_STEP][PASSED] - click: Object: 'Object Repository/HealthpostToStore/Page_HealthPost Store/a_Request to Store' is clicked on

2018-05-28 10:39:47 - [MESSAGE][PASSED] - Object: 'Object Repository/HealthpostToStore/Page_HealthPost Store/a_Request to Store' is clicked on

2018-05-28 10:39:47 - [TEST_STEP][PASSED] - delay: Delayed 1 second(s)

2018-05-28 10:39:48 - [MESSAGE][PASSED] - Delayed 1 second(s)

2018-05-28 10:39:48 - [TEST_STEP][PASSED] - click: Object: 'Object Repository/HealthpostToStore/Page_HealthPost Store/a_Medicine Request' is clicked on

2018-05-28 10:39:49 - [MESSAGE][PASSED] - Object: 'Object Repository/HealthpostToStore/Page_HealthPost Store/a_Medicine Request' is clicked on

2018-05-28 10:39:49 - [TEST_STEP][PASSED] - delay: Delayed 1 second(s)

2018-05-28 10:39:50 - [MESSAGE][PASSED] - Delayed 1 second(s)

2018-05-28 10:39:50 - [TEST_STEP][PASSED] - selectOptionByIndex: All options with index in [3] are selected on object 'Object Repository/HealthpostToStore/Page_HealthPost Store/select_--Select--Schedule 1Inj'

2018-05-28 10:39:50 - [MESSAGE][PASSED] - All options with index in [3] are selected on object 'Object Repository/HealthpostToStore/Page_HealthPost Store/select_--Select--Schedule 1Inj'

2018-05-28 10:39:50 - [TEST_STEP][PASSED] - Statement - medicineslength = com.kms.katalon.core.webui.keyword.WebUiBuiltInKeywords.getNumberOfTotalOption(com.kms.katalon.core.testobject.ObjectRepository.findTestObject(HealthpostToStore/Page_HealthPost Store/select_--Select--Adernaline 0.)): 37 options of object 'Object Repository/HealthpostToStore/Page_HealthPost Store/select_--Select--Adernaline 0.' counted

2018-05-28 10:39:50 - [MESSAGE][PASSED] - 37 options of object 'Object Repository/HealthpostToStore/Page_HealthPost Store/select_--Select--Adernaline 0.' counted

2018-05-28 10:39:50 - [TEST_STEP][FAILED] - Statement - For ([e = 1, e <= medicineslength - 1, (e++)]): Unable to set text '10' of object 'Object Repository/HealthpostToStore/Page_HealthPost Store/input_txttreat' (Root cause: org.openqa.selenium.UnhandledAlertException: unexpected alert open: {Alert text : function Error() { [native code] }}
  (Session info: chrome=66.0.3359.181)
  (Driver info: chromedriver=2.35.528161 (5b82f2d2aae0ca24b877009200ced9065a772e73),platform=Windows NT 10.0.17134 x86_64) (WARNING: The server did not provide any stacktrace information)
Command duration or timeout: 0 milliseconds: null
Build info: version: '3.7.1', revision: '8a0099a', time: '2017-11-06T21:07:36.161Z'
System info: host: 'DESKTOP-BLFTK83', ip: '169.254.189.85', os.name: 'Windows 10', os.arch: 'amd64', os.version: '10.0', java.version: '1.8.0_102'
Driver info: com.kms.katalon.selenium.driver.CChromeDriver
Capabilities {acceptInsecureCerts: false, acceptSslCerts: false, applicationCacheEnabled: false, browserConnectionEnabled: false, browserName: chrome, chrome: {chromedriverVersion: 2.35.528161 (5b82f2d2aae0ca..., userDataDir: C:\Users\QUALIT~1\AppData\L...}, cssSelectorsEnabled: true, databaseEnabled: false, handlesAlerts: true, hasTouchScreen: false, javascriptEnabled: true, locationContextEnabled: true, mobileEmulationEnabled: false, nativeEvents: true, networkConnectionEnabled: false, pageLoadStrategy: normal, platform: XP, platformName: XP, rotatable: false, setWindowRect: true, takesHeapSnapshot: true, takesScreenshot: true, unexpectedAlertBehaviour: , unhandledPromptBehavior: , version: 66.0.3359.181, webStorageEnabled: true}
Session ID: 3ca546586c1e12a464489e2fa690b14d
*** Element info: {Using=xpath, value=id("txttreat")[count(. | //input[@id = 'txttreat' and @type = 'text']) = count(//input[@id = 'txttreat' and @type = 'text'])]})

2018-05-28 10:39:50 - [TEST_STEP][PASSED] - selectOptionByIndex: All options with index in [3] are selected on object 'Object Repository/HealthpostToStore/Page_HealthPost Store/select_--Select--Schedule 1Inj'

2018-05-28 10:39:50 - [MESSAGE][PASSED] - All options with index in [3] are selected on object 'Object Repository/HealthpostToStore/Page_HealthPost Store/select_--Select--Schedule 1Inj'

2018-05-28 10:39:50 - [TEST_STEP][PASSED] - delay: Delayed 1 second(s)

2018-05-28 10:39:51 - [MESSAGE][PASSED] - Delayed 1 second(s)

2018-05-28 10:39:51 - [TEST_STEP][PASSED] - selectOptionByIndex: All options with index in [1] are selected on object 'Object Repository/HealthpostToStore/Page_HealthPost Store/select_--Select--Adernaline 0.'

2018-05-28 10:39:51 - [MESSAGE][PASSED] - All options with index in [1] are selected on object 'Object Repository/HealthpostToStore/Page_HealthPost Store/select_--Select--Adernaline 0.'

2018-05-28 10:39:51 - [TEST_STEP][PASSED] - setText: Text '10' is set on object 'Object Repository/HealthpostToStore/Page_HealthPost Store/input_txttreat'

2018-05-28 10:39:51 - [MESSAGE][PASSED] - Text '10' is set on object 'Object Repository/HealthpostToStore/Page_HealthPost Store/input_txttreat'

2018-05-28 10:39:51 - [TEST_STEP][PASSED] - click: Object: 'Object Repository/HealthpostToStore/Page_HealthPost Store/button_Add' is clicked on

2018-05-28 10:39:51 - [MESSAGE][PASSED] - Object: 'Object Repository/HealthpostToStore/Page_HealthPost Store/button_Add' is clicked on

2018-05-28 10:39:51 - [TEST_STEP][PASSED] - selectOptionByIndex: All options with index in [3] are selected on object 'Object Repository/HealthpostToStore/Page_HealthPost Store/select_--Select--Schedule 1Inj'

2018-05-28 10:39:51 - [MESSAGE][PASSED] - All options with index in [3] are selected on object 'Object Repository/HealthpostToStore/Page_HealthPost Store/select_--Select--Schedule 1Inj'

2018-05-28 10:39:51 - [TEST_STEP][PASSED] - delay: Delayed 1 second(s)

2018-05-28 10:39:52 - [MESSAGE][PASSED] - Delayed 1 second(s)

2018-05-28 10:39:52 - [TEST_STEP][PASSED] - selectOptionByIndex: All options with index in [2] are selected on object 'Object Repository/HealthpostToStore/Page_HealthPost Store/select_--Select--Adernaline 0.'

2018-05-28 10:39:53 - [MESSAGE][PASSED] - All options with index in [2] are selected on object 'Object Repository/HealthpostToStore/Page_HealthPost Store/select_--Select--Adernaline 0.'

2018-05-28 10:39:53 - [TEST_STEP][PASSED] - setText: Text '10' is set on object 'Object Repository/HealthpostToStore/Page_HealthPost Store/input_txttreat'

2018-05-28 10:39:53 - [MESSAGE][PASSED] - Text '10' is set on object 'Object Repository/HealthpostToStore/Page_HealthPost Store/input_txttreat'

2018-05-28 10:39:53 - [TEST_STEP][PASSED] - click: Object: 'Object Repository/HealthpostToStore/Page_HealthPost Store/button_Add' is clicked on

2018-05-28 10:39:53 - [MESSAGE][PASSED] - Object: 'Object Repository/HealthpostToStore/Page_HealthPost Store/button_Add' is clicked on

2018-05-28 10:39:53 - [TEST_STEP][PASSED] - selectOptionByIndex: All options with index in [3] are selected on object 'Object Repository/HealthpostToStore/Page_HealthPost Store/select_--Select--Schedule 1Inj'

2018-05-28 10:39:53 - [MESSAGE][PASSED] - All options with index in [3] are selected on object 'Object Repository/HealthpostToStore/Page_HealthPost Store/select_--Select--Schedule 1Inj'

2018-05-28 10:39:53 - [TEST_STEP][PASSED] - delay: Delayed 1 second(s)

2018-05-28 10:39:54 - [MESSAGE][PASSED] - Delayed 1 second(s)

2018-05-28 10:39:54 - [TEST_STEP][PASSED] - selectOptionByIndex: All options with index in [3] are selected on object 'Object Repository/HealthpostToStore/Page_HealthPost Store/select_--Select--Adernaline 0.'

2018-05-28 10:39:54 - [MESSAGE][PASSED] - All options with index in [3] are selected on object 'Object Repository/HealthpostToStore/Page_HealthPost Store/select_--Select--Adernaline 0.'

2018-05-28 10:39:54 - [TEST_STEP][PASSED] - setText: Text '10' is set on object 'Object Repository/HealthpostToStore/Page_HealthPost Store/input_txttreat'

2018-05-28 10:39:54 - [MESSAGE][PASSED] - Text '10' is set on object 'Object Repository/HealthpostToStore/Page_HealthPost Store/input_txttreat'

2018-05-28 10:39:54 - [TEST_STEP][PASSED] - click: Object: 'Object Repository/HealthpostToStore/Page_HealthPost Store/button_Add' is clicked on

2018-05-28 10:39:54 - [MESSAGE][PASSED] - Object: 'Object Repository/HealthpostToStore/Page_HealthPost Store/button_Add' is clicked on

2018-05-28 10:39:54 - [TEST_STEP][PASSED] - selectOptionByIndex: All options with index in [3] are selected on object 'Object Repository/HealthpostToStore/Page_HealthPost Store/select_--Select--Schedule 1Inj'

2018-05-28 10:39:54 - [MESSAGE][PASSED] - All options with index in [3] are selected on object 'Object Repository/HealthpostToStore/Page_HealthPost Store/select_--Select--Schedule 1Inj'

2018-05-28 10:39:54 - [TEST_STEP][PASSED] - delay: Delayed 1 second(s)

2018-05-28 10:39:55 - [MESSAGE][PASSED] - Delayed 1 second(s)

2018-05-28 10:39:55 - [TEST_STEP][PASSED] - selectOptionByIndex: All options with index in [4] are selected on object 'Object Repository/HealthpostToStore/Page_HealthPost Store/select_--Select--Adernaline 0.'

2018-05-28 10:39:56 - [MESSAGE][PASSED] - All options with index in [4] are selected on object 'Object Repository/HealthpostToStore/Page_HealthPost Store/select_--Select--Adernaline 0.'

2018-05-28 10:39:56 - [TEST_STEP][PASSED] - setText: Text '10' is set on object 'Object Repository/HealthpostToStore/Page_HealthPost Store/input_txttreat'

2018-05-28 10:39:56 - [MESSAGE][PASSED] - Text '10' is set on object 'Object Repository/HealthpostToStore/Page_HealthPost Store/input_txttreat'

2018-05-28 10:39:56 - [TEST_STEP][PASSED] - click: Object: 'Object Repository/HealthpostToStore/Page_HealthPost Store/button_Add' is clicked on

2018-05-28 10:39:56 - [MESSAGE][PASSED] - Object: 'Object Repository/HealthpostToStore/Page_HealthPost Store/button_Add' is clicked on

2018-05-28 10:39:56 - [TEST_STEP][PASSED] - selectOptionByIndex: All options with index in [3] are selected on object 'Object Repository/HealthpostToStore/Page_HealthPost Store/select_--Select--Schedule 1Inj'

2018-05-28 10:39:56 - [MESSAGE][PASSED] - All options with index in [3] are selected on object 'Object Repository/HealthpostToStore/Page_HealthPost Store/select_--Select--Schedule 1Inj'

2018-05-28 10:39:56 - [TEST_STEP][PASSED] - delay: Delayed 1 second(s)

2018-05-28 10:39:57 - [MESSAGE][PASSED] - Delayed 1 second(s)

2018-05-28 10:39:57 - [TEST_STEP][PASSED] - selectOptionByIndex: All options with index in [5] are selected on object 'Object Repository/HealthpostToStore/Page_HealthPost Store/select_--Select--Adernaline 0.'

2018-05-28 10:39:57 - [MESSAGE][PASSED] - All options with index in [5] are selected on object 'Object Repository/HealthpostToStore/Page_HealthPost Store/select_--Select--Adernaline 0.'

2018-05-28 10:39:57 - [TEST_STEP][PASSED] - setText: Text '10' is set on object 'Object Repository/HealthpostToStore/Page_HealthPost Store/input_txttreat'

2018-05-28 10:39:57 - [MESSAGE][PASSED] - Text '10' is set on object 'Object Repository/HealthpostToStore/Page_HealthPost Store/input_txttreat'

2018-05-28 10:39:57 - [TEST_STEP][PASSED] - click: Object: 'Object Repository/HealthpostToStore/Page_HealthPost Store/button_Add' is clicked on

2018-05-28 10:39:57 - [MESSAGE][PASSED] - Object: 'Object Repository/HealthpostToStore/Page_HealthPost Store/button_Add' is clicked on

2018-05-28 10:39:57 - [TEST_STEP][PASSED] - selectOptionByIndex: All options with index in [3] are selected on object 'Object Repository/HealthpostToStore/Page_HealthPost Store/select_--Select--Schedule 1Inj'

2018-05-28 10:39:57 - [MESSAGE][PASSED] - All options with index in [3] are selected on object 'Object Repository/HealthpostToStore/Page_HealthPost Store/select_--Select--Schedule 1Inj'

2018-05-28 10:39:57 - [TEST_STEP][PASSED] - delay: Delayed 1 second(s)

2018-05-28 10:39:58 - [MESSAGE][PASSED] - Delayed 1 second(s)

2018-05-28 10:39:58 - [TEST_STEP][PASSED] - selectOptionByIndex: All options with index in [6] are selected on object 'Object Repository/HealthpostToStore/Page_HealthPost Store/select_--Select--Adernaline 0.'

2018-05-28 10:39:59 - [MESSAGE][PASSED] - All options with index in [6] are selected on object 'Object Repository/HealthpostToStore/Page_HealthPost Store/select_--Select--Adernaline 0.'

2018-05-28 10:39:59 - [TEST_STEP][PASSED] - setText: Text '10' is set on object 'Object Repository/HealthpostToStore/Page_HealthPost Store/input_txttreat'

2018-05-28 10:39:59 - [MESSAGE][PASSED] - Text '10' is set on object 'Object Repository/HealthpostToStore/Page_HealthPost Store/input_txttreat'

2018-05-28 10:39:59 - [TEST_STEP][PASSED] - click: Object: 'Object Repository/HealthpostToStore/Page_HealthPost Store/button_Add' is clicked on

2018-05-28 10:39:59 - [MESSAGE][PASSED] - Object: 'Object Repository/HealthpostToStore/Page_HealthPost Store/button_Add' is clicked on

2018-05-28 10:39:59 - [TEST_STEP][PASSED] - selectOptionByIndex: All options with index in [3] are selected on object 'Object Repository/HealthpostToStore/Page_HealthPost Store/select_--Select--Schedule 1Inj'

2018-05-28 10:39:59 - [MESSAGE][PASSED] - All options with index in [3] are selected on object 'Object Repository/HealthpostToStore/Page_HealthPost Store/select_--Select--Schedule 1Inj'

2018-05-28 10:39:59 - [TEST_STEP][PASSED] - delay: Delayed 1 second(s)

2018-05-28 10:40:00 - [MESSAGE][PASSED] - Delayed 1 second(s)

2018-05-28 10:40:00 - [TEST_STEP][PASSED] - selectOptionByIndex: All options with index in [7] are selected on object 'Object Repository/HealthpostToStore/Page_HealthPost Store/select_--Select--Adernaline 0.'

2018-05-28 10:40:00 - [MESSAGE][PASSED] - All options with index in [7] are selected on object 'Object Repository/HealthpostToStore/Page_HealthPost Store/select_--Select--Adernaline 0.'

2018-05-28 10:40:00 - [TEST_STEP][PASSED] - setText: Text '10' is set on object 'Object Repository/HealthpostToStore/Page_HealthPost Store/input_txttreat'

2018-05-28 10:40:00 - [MESSAGE][PASSED] - Text '10' is set on object 'Object Repository/HealthpostToStore/Page_HealthPost Store/input_txttreat'

2018-05-28 10:40:00 - [TEST_STEP][PASSED] - click: Object: 'Object Repository/HealthpostToStore/Page_HealthPost Store/button_Add' is clicked on

2018-05-28 10:40:00 - [MESSAGE][PASSED] - Object: 'Object Repository/HealthpostToStore/Page_HealthPost Store/button_Add' is clicked on

2018-05-28 10:40:00 - [TEST_STEP][PASSED] - selectOptionByIndex: All options with index in [3] are selected on object 'Object Repository/HealthpostToStore/Page_HealthPost Store/select_--Select--Schedule 1Inj'

2018-05-28 10:40:01 - [MESSAGE][PASSED] - All options with index in [3] are selected on object 'Object Repository/HealthpostToStore/Page_HealthPost Store/select_--Select--Schedule 1Inj'

2018-05-28 10:40:01 - [TEST_STEP][PASSED] - delay: Delayed 1 second(s)

2018-05-28 10:40:02 - [MESSAGE][PASSED] - Delayed 1 second(s)

2018-05-28 10:40:02 - [TEST_STEP][PASSED] - selectOptionByIndex: All options with index in [8] are selected on object 'Object Repository/HealthpostToStore/Page_HealthPost Store/select_--Select--Adernaline 0.'

2018-05-28 10:40:02 - [MESSAGE][PASSED] - All options with index in [8] are selected on object 'Object Repository/HealthpostToStore/Page_HealthPost Store/select_--Select--Adernaline 0.'

2018-05-28 10:40:02 - [TEST_STEP][PASSED] - setText: Text '10' is set on object 'Object Repository/HealthpostToStore/Page_HealthPost Store/input_txttreat'

2018-05-28 10:40:02 - [MESSAGE][PASSED] - Text '10' is set on object 'Object Repository/HealthpostToStore/Page_HealthPost Store/input_txttreat'

2018-05-28 10:40:02 - [TEST_STEP][PASSED] - click: Object: 'Object Repository/HealthpostToStore/Page_HealthPost Store/button_Add' is clicked on

2018-05-28 10:40:02 - [MESSAGE][PASSED] - Object: 'Object Repository/HealthpostToStore/Page_HealthPost Store/button_Add' is clicked on

2018-05-28 10:40:02 - [TEST_STEP][PASSED] - selectOptionByIndex: All options with index in [3] are selected on object 'Object Repository/HealthpostToStore/Page_HealthPost Store/select_--Select--Schedule 1Inj'

2018-05-28 10:40:02 - [MESSAGE][PASSED] - All options with index in [3] are selected on object 'Object Repository/HealthpostToStore/Page_HealthPost Store/select_--Select--Schedule 1Inj'

2018-05-28 10:40:02 - [TEST_STEP][PASSED] - delay: Delayed 1 second(s)

2018-05-28 10:40:03 - [MESSAGE][PASSED] - Delayed 1 second(s)

2018-05-28 10:40:03 - [TEST_STEP][PASSED] - selectOptionByIndex: All options with index in [9] are selected on object 'Object Repository/HealthpostToStore/Page_HealthPost Store/select_--Select--Adernaline 0.'

2018-05-28 10:40:03 - [MESSAGE][PASSED] - All options with index in [9] are selected on object 'Object Repository/HealthpostToStore/Page_HealthPost Store/select_--Select--Adernaline 0.'

2018-05-28 10:40:03 - [TEST_STEP][PASSED] - setText: Text '10' is set on object 'Object Repository/HealthpostToStore/Page_HealthPost Store/input_txttreat'

2018-05-28 10:40:03 - [MESSAGE][PASSED] - Text '10' is set on object 'Object Repository/HealthpostToStore/Page_HealthPost Store/input_txttreat'

2018-05-28 10:40:03 - [TEST_STEP][PASSED] - click: Object: 'Object Repository/HealthpostToStore/Page_HealthPost Store/button_Add' is clicked on

2018-05-28 10:40:04 - [MESSAGE][PASSED] - Object: 'Object Repository/HealthpostToStore/Page_HealthPost Store/button_Add' is clicked on

2018-05-28 10:40:04 - [TEST_STEP][PASSED] - selectOptionByIndex: All options with index in [3] are selected on object 'Object Repository/HealthpostToStore/Page_HealthPost Store/select_--Select--Schedule 1Inj'

2018-05-28 10:40:04 - [MESSAGE][PASSED] - All options with index in [3] are selected on object 'Object Repository/HealthpostToStore/Page_HealthPost Store/select_--Select--Schedule 1Inj'

2018-05-28 10:40:04 - [TEST_STEP][PASSED] - delay: Delayed 1 second(s)

2018-05-28 10:40:05 - [MESSAGE][PASSED] - Delayed 1 second(s)

2018-05-28 10:40:05 - [TEST_STEP][PASSED] - selectOptionByIndex: All options with index in [10] are selected on object 'Object Repository/HealthpostToStore/Page_HealthPost Store/select_--Select--Adernaline 0.'

2018-05-28 10:40:05 - [MESSAGE][PASSED] - All options with index in [10] are selected on object 'Object Repository/HealthpostToStore/Page_HealthPost Store/select_--Select--Adernaline 0.'

2018-05-28 10:40:05 - [TEST_STEP][PASSED] - setText: Text '10' is set on object 'Object Repository/HealthpostToStore/Page_HealthPost Store/input_txttreat'

2018-05-28 10:40:05 - [MESSAGE][PASSED] - Text '10' is set on object 'Object Repository/HealthpostToStore/Page_HealthPost Store/input_txttreat'

2018-05-28 10:40:05 - [TEST_STEP][PASSED] - click: Object: 'Object Repository/HealthpostToStore/Page_HealthPost Store/button_Add' is clicked on

2018-05-28 10:40:05 - [MESSAGE][PASSED] - Object: 'Object Repository/HealthpostToStore/Page_HealthPost Store/button_Add' is clicked on

2018-05-28 10:40:05 - [TEST_STEP][PASSED] - selectOptionByIndex: All options with index in [3] are selected on object 'Object Repository/HealthpostToStore/Page_HealthPost Store/select_--Select--Schedule 1Inj'

2018-05-28 10:40:05 - [MESSAGE][PASSED] - All options with index in [3] are selected on object 'Object Repository/HealthpostToStore/Page_HealthPost Store/select_--Select--Schedule 1Inj'

2018-05-28 10:40:05 - [TEST_STEP][PASSED] - delay: Delayed 1 second(s)

2018-05-28 10:40:06 - [MESSAGE][PASSED] - Delayed 1 second(s)

2018-05-28 10:40:06 - [TEST_STEP][PASSED] - selectOptionByIndex: All options with index in [11] are selected on object 'Object Repository/HealthpostToStore/Page_HealthPost Store/select_--Select--Adernaline 0.'

2018-05-28 10:40:06 - [MESSAGE][PASSED] - All options with index in [11] are selected on object 'Object Repository/HealthpostToStore/Page_HealthPost Store/select_--Select--Adernaline 0.'

2018-05-28 10:40:06 - [TEST_STEP][PASSED] - setText: Text '10' is set on object 'Object Repository/HealthpostToStore/Page_HealthPost Store/input_txttreat'

2018-05-28 10:40:07 - [MESSAGE][PASSED] - Text '10' is set on object 'Object Repository/HealthpostToStore/Page_HealthPost Store/input_txttreat'

2018-05-28 10:40:07 - [TEST_STEP][PASSED] - click: Object: 'Object Repository/HealthpostToStore/Page_HealthPost Store/button_Add' is clicked on

2018-05-28 10:40:07 - [MESSAGE][PASSED] - Object: 'Object Repository/HealthpostToStore/Page_HealthPost Store/button_Add' is clicked on

2018-05-28 10:40:07 - [TEST_STEP][PASSED] - selectOptionByIndex: All options with index in [3] are selected on object 'Object Repository/HealthpostToStore/Page_HealthPost Store/select_--Select--Schedule 1Inj'

2018-05-28 10:40:07 - [MESSAGE][PASSED] - All options with index in [3] are selected on object 'Object Repository/HealthpostToStore/Page_HealthPost Store/select_--Select--Schedule 1Inj'

2018-05-28 10:40:07 - [TEST_STEP][PASSED] - delay: Delayed 1 second(s)

2018-05-28 10:40:08 - [MESSAGE][PASSED] - Delayed 1 second(s)

2018-05-28 10:40:08 - [TEST_STEP][PASSED] - selectOptionByIndex: All options with index in [12] are selected on object 'Object Repository/HealthpostToStore/Page_HealthPost Store/select_--Select--Adernaline 0.'

2018-05-28 10:40:08 - [MESSAGE][PASSED] - All options with index in [12] are selected on object 'Object Repository/HealthpostToStore/Page_HealthPost Store/select_--Select--Adernaline 0.'

2018-05-28 10:40:08 - [TEST_STEP][FAILED] - setText: Unable to set text '10' of object 'Object Repository/HealthpostToStore/Page_HealthPost Store/input_txttreat' (Root cause: org.openqa.selenium.UnhandledAlertException: unexpected alert open: {Alert text : function Error() { [native code] }}
  (Session info: chrome=66.0.3359.181)
  (Driver info: chromedriver=2.35.528161 (5b82f2d2aae0ca24b877009200ced9065a772e73),platform=Windows NT 10.0.17134 x86_64) (WARNING: The server did not provide any stacktrace information)
Command duration or timeout: 0 milliseconds: null
Build info: version: '3.7.1', revision: '8a0099a', time: '2017-11-06T21:07:36.161Z'
System info: host: 'DESKTOP-BLFTK83', ip: '169.254.189.85', os.name: 'Windows 10', os.arch: 'amd64', os.version: '10.0', java.version: '1.8.0_102'
Driver info: com.kms.katalon.selenium.driver.CChromeDriver
Capabilities {acceptInsecureCerts: false, acceptSslCerts: false, applicationCacheEnabled: false, browserConnectionEnabled: false, browserName: chrome, chrome: {chromedriverVersion: 2.35.528161 (5b82f2d2aae0ca..., userDataDir: C:\Users\QUALIT~1\AppData\L...}, cssSelectorsEnabled: true, databaseEnabled: false, handlesAlerts: true, hasTouchScreen: false, javascriptEnabled: true, locationContextEnabled: true, mobileEmulationEnabled: false, nativeEvents: true, networkConnectionEnabled: false, pageLoadStrategy: normal, platform: XP, platformName: XP, rotatable: false, setWindowRect: true, takesHeapSnapshot: true, takesScreenshot: true, unexpectedAlertBehaviour: , unhandledPromptBehavior: , version: 66.0.3359.181, webStorageEnabled: true}
Session ID: 3ca546586c1e12a464489e2fa690b14d
*** Element info: {Using=xpath, value=id("txttreat")[count(. | //input[@id = 'txttreat' and @type = 'text']) = count(//input[@id = 'txttreat' and @type = 'text'])]})

2018-05-28 10:40:08 - [MESSAGE][WARNING] - Cannot take screenshot

2018-05-28 10:40:08 - [MESSAGE][FAILED] - Unable to set text '10' of object 'Object Repository/HealthpostToStore/Page_HealthPost Store/input_txttreat' (Root cause: org.openqa.selenium.UnhandledAlertException: unexpected alert open: {Alert text : function Error() { [native code] }}
  (Session info: chrome=66.0.3359.181)
  (Driver info: chromedriver=2.35.528161 (5b82f2d2aae0ca24b877009200ced9065a772e73),platform=Windows NT 10.0.17134 x86_64) (WARNING: The server did not provide any stacktrace information)
Command duration or timeout: 0 milliseconds: null
Build info: version: '3.7.1', revision: '8a0099a', time: '2017-11-06T21:07:36.161Z'
System info: host: 'DESKTOP-BLFTK83', ip: '169.254.189.85', os.name: 'Windows 10', os.arch: 'amd64', os.version: '10.0', java.version: '1.8.0_102'
Driver info: com.kms.katalon.selenium.driver.CChromeDriver
Capabilities {acceptInsecureCerts: false, acceptSslCerts: false, applicationCacheEnabled: false, browserConnectionEnabled: false, browserName: chrome, chrome: {chromedriverVersion: 2.35.528161 (5b82f2d2aae0ca..., userDataDir: C:\Users\QUALIT~1\AppData\L...}, cssSelectorsEnabled: true, databaseEnabled: false, handlesAlerts: true, hasTouchScreen: false, javascriptEnabled: true, locationContextEnabled: true, mobileEmulationEnabled: false, nativeEvents: true, networkConnectionEnabled: false, pageLoadStrategy: normal, platform: XP, platformName: XP, rotatable: false, setWindowRect: true, takesHeapSnapshot: true, takesScreenshot: true, unexpectedAlertBehaviour: , unhandledPromptBehavior: , version: 66.0.3359.181, webStorageEnabled: true}
Session ID: 3ca546586c1e12a464489e2fa690b14d
*** Element info: {Using=xpath, value=id("txttreat")[count(. | //input[@id = 'txttreat' and @type = 'text']) = count(//input[@id = 'txttreat' and @type = 'text'])]})]]></system-out>
         <system-err><![CDATA[2018-05-28 10:39:34 - [TEST_CASE][FAILED] - Test Cases/HEALTHPOST TEST CASES/TC_HP_003 Verify Schedule 3 Healthpost Request Are Working Successfully Or Not: Test Cases/HEALTHPOST TEST CASES/TC_HP_003 Verify Schedule 3 Healthpost Request Are Working Successfully Or Not FAILED because (of) Unable to set text '10' of object 'Object Repository/HealthpostToStore/Page_HealthPost Store/input_txttreat' (Root cause: org.openqa.selenium.UnhandledAlertException: unexpected alert open: {Alert text : function Error() { [native code] }}
  (Session info: chrome=66.0.3359.181)
  (Driver info: chromedriver=2.35.528161 (5b82f2d2aae0ca24b877009200ced9065a772e73),platform=Windows NT 10.0.17134 x86_64) (WARNING: The server did not provide any stacktrace information)
Command duration or timeout: 0 milliseconds: null
Build info: version: '3.7.1', revision: '8a0099a', time: '2017-11-06T21:07:36.161Z'
System info: host: 'DESKTOP-BLFTK83', ip: '169.254.189.85', os.name: 'Windows 10', os.arch: 'amd64', os.version: '10.0', java.version: '1.8.0_102'
Driver info: com.kms.katalon.selenium.driver.CChromeDriver
Capabilities {acceptInsecureCerts: false, acceptSslCerts: false, applicationCacheEnabled: false, browserConnectionEnabled: false, browserName: chrome, chrome: {chromedriverVersion: 2.35.528161 (5b82f2d2aae0ca..., userDataDir: C:\Users\QUALIT~1\AppData\L...}, cssSelectorsEnabled: true, databaseEnabled: false, handlesAlerts: true, hasTouchScreen: false, javascriptEnabled: true, locationContextEnabled: true, mobileEmulationEnabled: false, nativeEvents: true, networkConnectionEnabled: false, pageLoadStrategy: normal, platform: XP, platformName: XP, rotatable: false, setWindowRect: true, takesHeapSnapshot: true, takesScreenshot: true, unexpectedAlertBehaviour: , unhandledPromptBehavior: , version: 66.0.3359.181, webStorageEnabled: true}
Session ID: 3ca546586c1e12a464489e2fa690b14d
*** Element info: {Using=xpath, value=id("txttreat")[count(. | //input[@id = 'txttreat' and @type = 'text']) = count(//input[@id = 'txttreat' and @type = 'text'])]})]]></system-err>
      </testcase>
      <testcase name="Test Cases/HEALTHPOST TEST CASES/TC_HP_004 Verify Schedule 4 Healthpost Request Are Working Successfully Or Not" classname="Test Cases/HEALTHPOST TEST CASES/TC_HP_004 Verify Schedule 4 Healthpost Request Are Working Successfully Or Not" status="PASSED">
         <system-out><![CDATA[2018-05-28 10:40:08 - [TEST_CASE][PASSED] - Test Cases/HEALTHPOST TEST CASES/TC_HP_004 Verify Schedule 4 Healthpost Request Are Working Successfully Or Not: Test Cases/HEALTHPOST TEST CASES/TC_HP_004 Verify Schedule 4 Healthpost Request Are Working Successfully Or Not

2018-05-28 10:40:08 - [TEST_STEP][PASSED] - openBrowser: Browser is opened with url: ''

2018-05-28 10:40:08 - [MESSAGE][WARNING] - A browser is already opened. Closing browser and opening a new one

2018-05-28 10:45:07 - [MESSAGE][PASSED] - Browser is opened with url: ''

2018-05-28 10:45:07 - [TEST_STEP][PASSED] - navigateToUrl: Navigate to 'http://192.168.137.1/multihospital_new/HDSplashscreen.aspx' successfully

2018-05-28 10:45:17 - [MESSAGE][PASSED] - Navigate to 'http://192.168.137.1/multihospital_new/HDSplashscreen.aspx' successfully

2018-05-28 10:45:17 - [TEST_STEP][PASSED] - maximizeWindow: Current window maximized

2018-05-28 10:45:19 - [MESSAGE][PASSED] - Current window maximized

2018-05-28 10:45:19 - [TEST_STEP][PASSED] - click: Object: 'Object Repository/HealthpostToStore/Page_KDMC/a_Healthpost Store' is clicked on

2018-05-28 10:45:21 - [MESSAGE][PASSED] - Object: 'Object Repository/HealthpostToStore/Page_KDMC/a_Healthpost Store' is clicked on

2018-05-28 10:45:21 - [TEST_STEP][PASSED] - setText: Text 'raguram' is set on object 'Object Repository/HealthpostToStore/Page_HealthPost Store Login/input_txtusername'

2018-05-28 10:45:21 - [MESSAGE][PASSED] - Text 'raguram' is set on object 'Object Repository/HealthpostToStore/Page_HealthPost Store Login/input_txtusername'

2018-05-28 10:45:21 - [TEST_STEP][PASSED] - setText: Text '123' is set on object 'Object Repository/HealthpostToStore/Page_HealthPost Store Login/input_txtpassword'

2018-05-28 10:45:21 - [MESSAGE][PASSED] - Text '123' is set on object 'Object Repository/HealthpostToStore/Page_HealthPost Store Login/input_txtpassword'

2018-05-28 10:45:21 - [TEST_STEP][PASSED] - delay: Delayed 3 second(s)

2018-05-28 10:45:24 - [MESSAGE][PASSED] - Delayed 3 second(s)

2018-05-28 10:45:24 - [TEST_STEP][PASSED] - sendKeys: Keys 'ENTER + ' sent to object: 'Object Repository/HealthpostToStore/Page_HealthPost Store Login/input_txtpassword'

2018-05-28 10:45:26 - [MESSAGE][PASSED] - Keys 'ENTER + ' sent to object: 'Object Repository/HealthpostToStore/Page_HealthPost Store Login/input_txtpassword'

2018-05-28 10:45:26 - [TEST_STEP][PASSED] - delay: Delayed 3 second(s)

2018-05-28 10:45:29 - [MESSAGE][PASSED] - Delayed 3 second(s)

2018-05-28 10:45:29 - [TEST_STEP][PASSED] - click: Object: 'Object Repository/HealthpostToStore/Page_HealthPost Store/a_Request to Store' is clicked on

2018-05-28 10:45:29 - [MESSAGE][PASSED] - Object: 'Object Repository/HealthpostToStore/Page_HealthPost Store/a_Request to Store' is clicked on

2018-05-28 10:45:29 - [TEST_STEP][PASSED] - delay: Delayed 1 second(s)

2018-05-28 10:45:30 - [MESSAGE][PASSED] - Delayed 1 second(s)

2018-05-28 10:45:30 - [TEST_STEP][PASSED] - click: Object: 'Object Repository/HealthpostToStore/Page_HealthPost Store/a_Medicine Request' is clicked on

2018-05-28 10:45:31 - [MESSAGE][PASSED] - Object: 'Object Repository/HealthpostToStore/Page_HealthPost Store/a_Medicine Request' is clicked on

2018-05-28 10:45:31 - [TEST_STEP][PASSED] - delay: Delayed 1 second(s)

2018-05-28 10:45:32 - [MESSAGE][PASSED] - Delayed 1 second(s)

2018-05-28 10:45:32 - [TEST_STEP][PASSED] - selectOptionByIndex: All options with index in [4] are selected on object 'Object Repository/HealthpostToStore/Page_HealthPost Store/select_--Select--Schedule 1Inj'

2018-05-28 10:45:32 - [MESSAGE][PASSED] - All options with index in [4] are selected on object 'Object Repository/HealthpostToStore/Page_HealthPost Store/select_--Select--Schedule 1Inj'

2018-05-28 10:45:32 - [TEST_STEP][PASSED] - Statement - medicineslength = com.kms.katalon.core.webui.keyword.WebUiBuiltInKeywords.getNumberOfTotalOption(com.kms.katalon.core.testobject.ObjectRepository.findTestObject(HealthpostToStore/Page_HealthPost Store/select_--Select--Adernaline 0.)): 16 options of object 'Object Repository/HealthpostToStore/Page_HealthPost Store/select_--Select--Adernaline 0.' counted

2018-05-28 10:45:32 - [MESSAGE][PASSED] - 16 options of object 'Object Repository/HealthpostToStore/Page_HealthPost Store/select_--Select--Adernaline 0.' counted

2018-05-28 10:45:32 - [TEST_STEP][PASSED] - Statement - For ([e = 1, e <= medicineslength - 1, (e++)]): Object: 'Object Repository/HealthpostToStore/Page_HealthPost Store/button_Add' is clicked on

2018-05-28 10:45:32 - [TEST_STEP][PASSED] - selectOptionByIndex: All options with index in [4] are selected on object 'Object Repository/HealthpostToStore/Page_HealthPost Store/select_--Select--Schedule 1Inj'

2018-05-28 10:45:32 - [MESSAGE][PASSED] - All options with index in [4] are selected on object 'Object Repository/HealthpostToStore/Page_HealthPost Store/select_--Select--Schedule 1Inj'

2018-05-28 10:45:32 - [TEST_STEP][PASSED] - delay: Delayed 1 second(s)

2018-05-28 10:45:33 - [MESSAGE][PASSED] - Delayed 1 second(s)

2018-05-28 10:45:33 - [TEST_STEP][PASSED] - selectOptionByIndex: All options with index in [1] are selected on object 'Object Repository/HealthpostToStore/Page_HealthPost Store/select_--Select--Adernaline 0.'

2018-05-28 10:45:33 - [MESSAGE][PASSED] - All options with index in [1] are selected on object 'Object Repository/HealthpostToStore/Page_HealthPost Store/select_--Select--Adernaline 0.'

2018-05-28 10:45:33 - [TEST_STEP][PASSED] - setText: Text '10' is set on object 'Object Repository/HealthpostToStore/Page_HealthPost Store/input_txttreat'

2018-05-28 10:45:33 - [MESSAGE][PASSED] - Text '10' is set on object 'Object Repository/HealthpostToStore/Page_HealthPost Store/input_txttreat'

2018-05-28 10:45:33 - [TEST_STEP][PASSED] - click: Object: 'Object Repository/HealthpostToStore/Page_HealthPost Store/button_Add' is clicked on

2018-05-28 10:45:34 - [MESSAGE][PASSED] - Object: 'Object Repository/HealthpostToStore/Page_HealthPost Store/button_Add' is clicked on

2018-05-28 10:45:34 - [TEST_STEP][PASSED] - selectOptionByIndex: All options with index in [4] are selected on object 'Object Repository/HealthpostToStore/Page_HealthPost Store/select_--Select--Schedule 1Inj'

2018-05-28 10:45:34 - [MESSAGE][PASSED] - All options with index in [4] are selected on object 'Object Repository/HealthpostToStore/Page_HealthPost Store/select_--Select--Schedule 1Inj'

2018-05-28 10:45:34 - [TEST_STEP][PASSED] - delay: Delayed 1 second(s)

2018-05-28 10:45:35 - [MESSAGE][PASSED] - Delayed 1 second(s)

2018-05-28 10:45:35 - [TEST_STEP][PASSED] - selectOptionByIndex: All options with index in [2] are selected on object 'Object Repository/HealthpostToStore/Page_HealthPost Store/select_--Select--Adernaline 0.'

2018-05-28 10:45:35 - [MESSAGE][PASSED] - All options with index in [2] are selected on object 'Object Repository/HealthpostToStore/Page_HealthPost Store/select_--Select--Adernaline 0.'

2018-05-28 10:45:35 - [TEST_STEP][PASSED] - setText: Text '10' is set on object 'Object Repository/HealthpostToStore/Page_HealthPost Store/input_txttreat'

2018-05-28 10:45:35 - [MESSAGE][PASSED] - Text '10' is set on object 'Object Repository/HealthpostToStore/Page_HealthPost Store/input_txttreat'

2018-05-28 10:45:35 - [TEST_STEP][PASSED] - click: Object: 'Object Repository/HealthpostToStore/Page_HealthPost Store/button_Add' is clicked on

2018-05-28 10:45:35 - [MESSAGE][PASSED] - Object: 'Object Repository/HealthpostToStore/Page_HealthPost Store/button_Add' is clicked on

2018-05-28 10:45:35 - [TEST_STEP][PASSED] - selectOptionByIndex: All options with index in [4] are selected on object 'Object Repository/HealthpostToStore/Page_HealthPost Store/select_--Select--Schedule 1Inj'

2018-05-28 10:45:35 - [MESSAGE][PASSED] - All options with index in [4] are selected on object 'Object Repository/HealthpostToStore/Page_HealthPost Store/select_--Select--Schedule 1Inj'

2018-05-28 10:45:35 - [TEST_STEP][PASSED] - delay: Delayed 1 second(s)

2018-05-28 10:45:36 - [MESSAGE][PASSED] - Delayed 1 second(s)

2018-05-28 10:45:36 - [TEST_STEP][PASSED] - selectOptionByIndex: All options with index in [3] are selected on object 'Object Repository/HealthpostToStore/Page_HealthPost Store/select_--Select--Adernaline 0.'

2018-05-28 10:45:36 - [MESSAGE][PASSED] - All options with index in [3] are selected on object 'Object Repository/HealthpostToStore/Page_HealthPost Store/select_--Select--Adernaline 0.'

2018-05-28 10:45:36 - [TEST_STEP][PASSED] - setText: Text '10' is set on object 'Object Repository/HealthpostToStore/Page_HealthPost Store/input_txttreat'

2018-05-28 10:45:36 - [MESSAGE][PASSED] - Text '10' is set on object 'Object Repository/HealthpostToStore/Page_HealthPost Store/input_txttreat'

2018-05-28 10:45:36 - [TEST_STEP][PASSED] - click: Object: 'Object Repository/HealthpostToStore/Page_HealthPost Store/button_Add' is clicked on

2018-05-28 10:45:41 - [MESSAGE][PASSED] - Object: 'Object Repository/HealthpostToStore/Page_HealthPost Store/button_Add' is clicked on

2018-05-28 10:45:41 - [TEST_STEP][PASSED] - selectOptionByIndex: All options with index in [4] are selected on object 'Object Repository/HealthpostToStore/Page_HealthPost Store/select_--Select--Schedule 1Inj'

2018-05-28 10:45:41 - [MESSAGE][PASSED] - All options with index in [4] are selected on object 'Object Repository/HealthpostToStore/Page_HealthPost Store/select_--Select--Schedule 1Inj'

2018-05-28 10:45:41 - [TEST_STEP][PASSED] - delay: Delayed 1 second(s)

2018-05-28 10:45:42 - [MESSAGE][PASSED] - Delayed 1 second(s)

2018-05-28 10:45:42 - [TEST_STEP][PASSED] - selectOptionByIndex: All options with index in [4] are selected on object 'Object Repository/HealthpostToStore/Page_HealthPost Store/select_--Select--Adernaline 0.'

2018-05-28 10:45:43 - [MESSAGE][PASSED] - All options with index in [4] are selected on object 'Object Repository/HealthpostToStore/Page_HealthPost Store/select_--Select--Adernaline 0.'

2018-05-28 10:45:43 - [TEST_STEP][PASSED] - setText: Text '10' is set on object 'Object Repository/HealthpostToStore/Page_HealthPost Store/input_txttreat'

2018-05-28 10:45:43 - [MESSAGE][PASSED] - Text '10' is set on object 'Object Repository/HealthpostToStore/Page_HealthPost Store/input_txttreat'

2018-05-28 10:45:43 - [TEST_STEP][PASSED] - click: Object: 'Object Repository/HealthpostToStore/Page_HealthPost Store/button_Add' is clicked on

2018-05-28 10:45:48 - [MESSAGE][PASSED] - Object: 'Object Repository/HealthpostToStore/Page_HealthPost Store/button_Add' is clicked on

2018-05-28 10:45:48 - [TEST_STEP][PASSED] - selectOptionByIndex: All options with index in [4] are selected on object 'Object Repository/HealthpostToStore/Page_HealthPost Store/select_--Select--Schedule 1Inj'

2018-05-28 10:45:48 - [MESSAGE][PASSED] - All options with index in [4] are selected on object 'Object Repository/HealthpostToStore/Page_HealthPost Store/select_--Select--Schedule 1Inj'

2018-05-28 10:45:48 - [TEST_STEP][PASSED] - delay: Delayed 1 second(s)

2018-05-28 10:45:49 - [MESSAGE][PASSED] - Delayed 1 second(s)

2018-05-28 10:45:49 - [TEST_STEP][PASSED] - selectOptionByIndex: All options with index in [5] are selected on object 'Object Repository/HealthpostToStore/Page_HealthPost Store/select_--Select--Adernaline 0.'

2018-05-28 10:45:49 - [MESSAGE][PASSED] - All options with index in [5] are selected on object 'Object Repository/HealthpostToStore/Page_HealthPost Store/select_--Select--Adernaline 0.'

2018-05-28 10:45:49 - [TEST_STEP][PASSED] - setText: Text '10' is set on object 'Object Repository/HealthpostToStore/Page_HealthPost Store/input_txttreat'

2018-05-28 10:45:49 - [MESSAGE][PASSED] - Text '10' is set on object 'Object Repository/HealthpostToStore/Page_HealthPost Store/input_txttreat'

2018-05-28 10:45:49 - [TEST_STEP][PASSED] - click: Object: 'Object Repository/HealthpostToStore/Page_HealthPost Store/button_Add' is clicked on

2018-05-28 10:45:54 - [MESSAGE][PASSED] - Object: 'Object Repository/HealthpostToStore/Page_HealthPost Store/button_Add' is clicked on

2018-05-28 10:45:54 - [TEST_STEP][PASSED] - selectOptionByIndex: All options with index in [4] are selected on object 'Object Repository/HealthpostToStore/Page_HealthPost Store/select_--Select--Schedule 1Inj'

2018-05-28 10:45:54 - [MESSAGE][PASSED] - All options with index in [4] are selected on object 'Object Repository/HealthpostToStore/Page_HealthPost Store/select_--Select--Schedule 1Inj'

2018-05-28 10:45:54 - [TEST_STEP][PASSED] - delay: Delayed 1 second(s)

2018-05-28 10:45:55 - [MESSAGE][PASSED] - Delayed 1 second(s)

2018-05-28 10:45:55 - [TEST_STEP][PASSED] - selectOptionByIndex: All options with index in [6] are selected on object 'Object Repository/HealthpostToStore/Page_HealthPost Store/select_--Select--Adernaline 0.'

2018-05-28 10:45:56 - [MESSAGE][PASSED] - All options with index in [6] are selected on object 'Object Repository/HealthpostToStore/Page_HealthPost Store/select_--Select--Adernaline 0.'

2018-05-28 10:45:56 - [TEST_STEP][PASSED] - setText: Text '10' is set on object 'Object Repository/HealthpostToStore/Page_HealthPost Store/input_txttreat'

2018-05-28 10:45:56 - [MESSAGE][PASSED] - Text '10' is set on object 'Object Repository/HealthpostToStore/Page_HealthPost Store/input_txttreat'

2018-05-28 10:45:56 - [TEST_STEP][PASSED] - click: Object: 'Object Repository/HealthpostToStore/Page_HealthPost Store/button_Add' is clicked on

2018-05-28 10:45:59 - [MESSAGE][PASSED] - Object: 'Object Repository/HealthpostToStore/Page_HealthPost Store/button_Add' is clicked on

2018-05-28 10:45:59 - [TEST_STEP][PASSED] - selectOptionByIndex: All options with index in [4] are selected on object 'Object Repository/HealthpostToStore/Page_HealthPost Store/select_--Select--Schedule 1Inj'

2018-05-28 10:45:59 - [MESSAGE][PASSED] - All options with index in [4] are selected on object 'Object Repository/HealthpostToStore/Page_HealthPost Store/select_--Select--Schedule 1Inj'

2018-05-28 10:45:59 - [TEST_STEP][PASSED] - delay: Delayed 1 second(s)

2018-05-28 10:46:00 - [MESSAGE][PASSED] - Delayed 1 second(s)

2018-05-28 10:46:00 - [TEST_STEP][PASSED] - selectOptionByIndex: All options with index in [7] are selected on object 'Object Repository/HealthpostToStore/Page_HealthPost Store/select_--Select--Adernaline 0.'

2018-05-28 10:46:00 - [MESSAGE][PASSED] - All options with index in [7] are selected on object 'Object Repository/HealthpostToStore/Page_HealthPost Store/select_--Select--Adernaline 0.'

2018-05-28 10:46:00 - [TEST_STEP][PASSED] - setText: Text '10' is set on object 'Object Repository/HealthpostToStore/Page_HealthPost Store/input_txttreat'

2018-05-28 10:46:00 - [MESSAGE][PASSED] - Text '10' is set on object 'Object Repository/HealthpostToStore/Page_HealthPost Store/input_txttreat'

2018-05-28 10:46:00 - [TEST_STEP][PASSED] - click: Object: 'Object Repository/HealthpostToStore/Page_HealthPost Store/button_Add' is clicked on

2018-05-28 10:46:00 - [MESSAGE][PASSED] - Object: 'Object Repository/HealthpostToStore/Page_HealthPost Store/button_Add' is clicked on

2018-05-28 10:46:00 - [TEST_STEP][PASSED] - selectOptionByIndex: All options with index in [4] are selected on object 'Object Repository/HealthpostToStore/Page_HealthPost Store/select_--Select--Schedule 1Inj'

2018-05-28 10:46:00 - [MESSAGE][PASSED] - All options with index in [4] are selected on object 'Object Repository/HealthpostToStore/Page_HealthPost Store/select_--Select--Schedule 1Inj'

2018-05-28 10:46:00 - [TEST_STEP][PASSED] - delay: Delayed 1 second(s)

2018-05-28 10:46:01 - [MESSAGE][PASSED] - Delayed 1 second(s)

2018-05-28 10:46:01 - [TEST_STEP][PASSED] - selectOptionByIndex: All options with index in [8] are selected on object 'Object Repository/HealthpostToStore/Page_HealthPost Store/select_--Select--Adernaline 0.'

2018-05-28 10:46:02 - [MESSAGE][PASSED] - All options with index in [8] are selected on object 'Object Repository/HealthpostToStore/Page_HealthPost Store/select_--Select--Adernaline 0.'

2018-05-28 10:46:02 - [TEST_STEP][PASSED] - setText: Text '10' is set on object 'Object Repository/HealthpostToStore/Page_HealthPost Store/input_txttreat'

2018-05-28 10:46:02 - [MESSAGE][PASSED] - Text '10' is set on object 'Object Repository/HealthpostToStore/Page_HealthPost Store/input_txttreat'

2018-05-28 10:46:02 - [TEST_STEP][PASSED] - click: Object: 'Object Repository/HealthpostToStore/Page_HealthPost Store/button_Add' is clicked on

2018-05-28 10:46:02 - [MESSAGE][PASSED] - Object: 'Object Repository/HealthpostToStore/Page_HealthPost Store/button_Add' is clicked on

2018-05-28 10:46:02 - [TEST_STEP][PASSED] - selectOptionByIndex: All options with index in [4] are selected on object 'Object Repository/HealthpostToStore/Page_HealthPost Store/select_--Select--Schedule 1Inj'

2018-05-28 10:46:02 - [MESSAGE][PASSED] - All options with index in [4] are selected on object 'Object Repository/HealthpostToStore/Page_HealthPost Store/select_--Select--Schedule 1Inj'

2018-05-28 10:46:02 - [TEST_STEP][PASSED] - delay: Delayed 1 second(s)

2018-05-28 10:46:03 - [MESSAGE][PASSED] - Delayed 1 second(s)

2018-05-28 10:46:03 - [TEST_STEP][PASSED] - selectOptionByIndex: All options with index in [9] are selected on object 'Object Repository/HealthpostToStore/Page_HealthPost Store/select_--Select--Adernaline 0.'

2018-05-28 10:46:03 - [MESSAGE][PASSED] - All options with index in [9] are selected on object 'Object Repository/HealthpostToStore/Page_HealthPost Store/select_--Select--Adernaline 0.'

2018-05-28 10:46:03 - [TEST_STEP][PASSED] - setText: Text '10' is set on object 'Object Repository/HealthpostToStore/Page_HealthPost Store/input_txttreat'

2018-05-28 10:46:03 - [MESSAGE][PASSED] - Text '10' is set on object 'Object Repository/HealthpostToStore/Page_HealthPost Store/input_txttreat'

2018-05-28 10:46:03 - [TEST_STEP][PASSED] - click: Object: 'Object Repository/HealthpostToStore/Page_HealthPost Store/button_Add' is clicked on

2018-05-28 10:46:03 - [MESSAGE][PASSED] - Object: 'Object Repository/HealthpostToStore/Page_HealthPost Store/button_Add' is clicked on

2018-05-28 10:46:03 - [TEST_STEP][PASSED] - selectOptionByIndex: All options with index in [4] are selected on object 'Object Repository/HealthpostToStore/Page_HealthPost Store/select_--Select--Schedule 1Inj'

2018-05-28 10:46:03 - [MESSAGE][PASSED] - All options with index in [4] are selected on object 'Object Repository/HealthpostToStore/Page_HealthPost Store/select_--Select--Schedule 1Inj'

2018-05-28 10:46:03 - [TEST_STEP][PASSED] - delay: Delayed 1 second(s)

2018-05-28 10:46:04 - [MESSAGE][PASSED] - Delayed 1 second(s)

2018-05-28 10:46:04 - [TEST_STEP][PASSED] - selectOptionByIndex: All options with index in [10] are selected on object 'Object Repository/HealthpostToStore/Page_HealthPost Store/select_--Select--Adernaline 0.'

2018-05-28 10:46:05 - [MESSAGE][PASSED] - All options with index in [10] are selected on object 'Object Repository/HealthpostToStore/Page_HealthPost Store/select_--Select--Adernaline 0.'

2018-05-28 10:46:05 - [TEST_STEP][PASSED] - setText: Text '10' is set on object 'Object Repository/HealthpostToStore/Page_HealthPost Store/input_txttreat'

2018-05-28 10:46:05 - [MESSAGE][PASSED] - Text '10' is set on object 'Object Repository/HealthpostToStore/Page_HealthPost Store/input_txttreat'

2018-05-28 10:46:05 - [TEST_STEP][PASSED] - click: Object: 'Object Repository/HealthpostToStore/Page_HealthPost Store/button_Add' is clicked on

2018-05-28 10:46:05 - [MESSAGE][PASSED] - Object: 'Object Repository/HealthpostToStore/Page_HealthPost Store/button_Add' is clicked on

2018-05-28 10:46:05 - [TEST_STEP][PASSED] - selectOptionByIndex: All options with index in [4] are selected on object 'Object Repository/HealthpostToStore/Page_HealthPost Store/select_--Select--Schedule 1Inj'

2018-05-28 10:46:05 - [MESSAGE][PASSED] - All options with index in [4] are selected on object 'Object Repository/HealthpostToStore/Page_HealthPost Store/select_--Select--Schedule 1Inj'

2018-05-28 10:46:05 - [TEST_STEP][PASSED] - delay: Delayed 1 second(s)

2018-05-28 10:46:06 - [MESSAGE][PASSED] - Delayed 1 second(s)

2018-05-28 10:46:06 - [TEST_STEP][PASSED] - selectOptionByIndex: All options with index in [11] are selected on object 'Object Repository/HealthpostToStore/Page_HealthPost Store/select_--Select--Adernaline 0.'

2018-05-28 10:46:06 - [MESSAGE][PASSED] - All options with index in [11] are selected on object 'Object Repository/HealthpostToStore/Page_HealthPost Store/select_--Select--Adernaline 0.'

2018-05-28 10:46:06 - [TEST_STEP][PASSED] - setText: Text '10' is set on object 'Object Repository/HealthpostToStore/Page_HealthPost Store/input_txttreat'

2018-05-28 10:46:06 - [MESSAGE][PASSED] - Text '10' is set on object 'Object Repository/HealthpostToStore/Page_HealthPost Store/input_txttreat'

2018-05-28 10:46:06 - [TEST_STEP][PASSED] - click: Object: 'Object Repository/HealthpostToStore/Page_HealthPost Store/button_Add' is clicked on

2018-05-28 10:46:06 - [MESSAGE][PASSED] - Object: 'Object Repository/HealthpostToStore/Page_HealthPost Store/button_Add' is clicked on

2018-05-28 10:46:06 - [TEST_STEP][PASSED] - selectOptionByIndex: All options with index in [4] are selected on object 'Object Repository/HealthpostToStore/Page_HealthPost Store/select_--Select--Schedule 1Inj'

2018-05-28 10:46:06 - [MESSAGE][PASSED] - All options with index in [4] are selected on object 'Object Repository/HealthpostToStore/Page_HealthPost Store/select_--Select--Schedule 1Inj'

2018-05-28 10:46:06 - [TEST_STEP][PASSED] - delay: Delayed 1 second(s)

2018-05-28 10:46:07 - [MESSAGE][PASSED] - Delayed 1 second(s)

2018-05-28 10:46:07 - [TEST_STEP][PASSED] - selectOptionByIndex: All options with index in [12] are selected on object 'Object Repository/HealthpostToStore/Page_HealthPost Store/select_--Select--Adernaline 0.'

2018-05-28 10:46:08 - [MESSAGE][PASSED] - All options with index in [12] are selected on object 'Object Repository/HealthpostToStore/Page_HealthPost Store/select_--Select--Adernaline 0.'

2018-05-28 10:46:08 - [TEST_STEP][PASSED] - setText: Text '10' is set on object 'Object Repository/HealthpostToStore/Page_HealthPost Store/input_txttreat'

2018-05-28 10:46:08 - [MESSAGE][PASSED] - Text '10' is set on object 'Object Repository/HealthpostToStore/Page_HealthPost Store/input_txttreat'

2018-05-28 10:46:08 - [TEST_STEP][PASSED] - click: Object: 'Object Repository/HealthpostToStore/Page_HealthPost Store/button_Add' is clicked on

2018-05-28 10:46:08 - [MESSAGE][PASSED] - Object: 'Object Repository/HealthpostToStore/Page_HealthPost Store/button_Add' is clicked on

2018-05-28 10:46:08 - [TEST_STEP][PASSED] - selectOptionByIndex: All options with index in [4] are selected on object 'Object Repository/HealthpostToStore/Page_HealthPost Store/select_--Select--Schedule 1Inj'

2018-05-28 10:46:08 - [MESSAGE][PASSED] - All options with index in [4] are selected on object 'Object Repository/HealthpostToStore/Page_HealthPost Store/select_--Select--Schedule 1Inj'

2018-05-28 10:46:08 - [TEST_STEP][PASSED] - delay: Delayed 1 second(s)

2018-05-28 10:46:09 - [MESSAGE][PASSED] - Delayed 1 second(s)

2018-05-28 10:46:09 - [TEST_STEP][PASSED] - selectOptionByIndex: All options with index in [13] are selected on object 'Object Repository/HealthpostToStore/Page_HealthPost Store/select_--Select--Adernaline 0.'

2018-05-28 10:46:09 - [MESSAGE][PASSED] - All options with index in [13] are selected on object 'Object Repository/HealthpostToStore/Page_HealthPost Store/select_--Select--Adernaline 0.'

2018-05-28 10:46:09 - [TEST_STEP][PASSED] - setText: Text '10' is set on object 'Object Repository/HealthpostToStore/Page_HealthPost Store/input_txttreat'

2018-05-28 10:46:09 - [MESSAGE][PASSED] - Text '10' is set on object 'Object Repository/HealthpostToStore/Page_HealthPost Store/input_txttreat'

2018-05-28 10:46:09 - [TEST_STEP][PASSED] - click: Object: 'Object Repository/HealthpostToStore/Page_HealthPost Store/button_Add' is clicked on

2018-05-28 10:46:09 - [MESSAGE][PASSED] - Object: 'Object Repository/HealthpostToStore/Page_HealthPost Store/button_Add' is clicked on

2018-05-28 10:46:09 - [TEST_STEP][PASSED] - selectOptionByIndex: All options with index in [4] are selected on object 'Object Repository/HealthpostToStore/Page_HealthPost Store/select_--Select--Schedule 1Inj'

2018-05-28 10:46:09 - [MESSAGE][PASSED] - All options with index in [4] are selected on object 'Object Repository/HealthpostToStore/Page_HealthPost Store/select_--Select--Schedule 1Inj'

2018-05-28 10:46:09 - [TEST_STEP][PASSED] - delay: Delayed 1 second(s)

2018-05-28 10:46:10 - [MESSAGE][PASSED] - Delayed 1 second(s)

2018-05-28 10:46:10 - [TEST_STEP][PASSED] - selectOptionByIndex: All options with index in [14] are selected on object 'Object Repository/HealthpostToStore/Page_HealthPost Store/select_--Select--Adernaline 0.'

2018-05-28 10:46:11 - [MESSAGE][PASSED] - All options with index in [14] are selected on object 'Object Repository/HealthpostToStore/Page_HealthPost Store/select_--Select--Adernaline 0.'

2018-05-28 10:46:11 - [TEST_STEP][PASSED] - setText: Text '10' is set on object 'Object Repository/HealthpostToStore/Page_HealthPost Store/input_txttreat'

2018-05-28 10:46:11 - [MESSAGE][PASSED] - Text '10' is set on object 'Object Repository/HealthpostToStore/Page_HealthPost Store/input_txttreat'

2018-05-28 10:46:11 - [TEST_STEP][PASSED] - click: Object: 'Object Repository/HealthpostToStore/Page_HealthPost Store/button_Add' is clicked on

2018-05-28 10:46:11 - [MESSAGE][PASSED] - Object: 'Object Repository/HealthpostToStore/Page_HealthPost Store/button_Add' is clicked on

2018-05-28 10:46:11 - [TEST_STEP][PASSED] - selectOptionByIndex: All options with index in [4] are selected on object 'Object Repository/HealthpostToStore/Page_HealthPost Store/select_--Select--Schedule 1Inj'

2018-05-28 10:46:11 - [MESSAGE][PASSED] - All options with index in [4] are selected on object 'Object Repository/HealthpostToStore/Page_HealthPost Store/select_--Select--Schedule 1Inj'

2018-05-28 10:46:11 - [TEST_STEP][PASSED] - delay: Delayed 1 second(s)

2018-05-28 10:46:12 - [MESSAGE][PASSED] - Delayed 1 second(s)

2018-05-28 10:46:12 - [TEST_STEP][PASSED] - selectOptionByIndex: All options with index in [15] are selected on object 'Object Repository/HealthpostToStore/Page_HealthPost Store/select_--Select--Adernaline 0.'

2018-05-28 10:46:12 - [MESSAGE][PASSED] - All options with index in [15] are selected on object 'Object Repository/HealthpostToStore/Page_HealthPost Store/select_--Select--Adernaline 0.'

2018-05-28 10:46:12 - [TEST_STEP][PASSED] - setText: Text '10' is set on object 'Object Repository/HealthpostToStore/Page_HealthPost Store/input_txttreat'

2018-05-28 10:46:12 - [MESSAGE][PASSED] - Text '10' is set on object 'Object Repository/HealthpostToStore/Page_HealthPost Store/input_txttreat'

2018-05-28 10:46:12 - [TEST_STEP][PASSED] - click: Object: 'Object Repository/HealthpostToStore/Page_HealthPost Store/button_Add' is clicked on

2018-05-28 10:46:12 - [MESSAGE][PASSED] - Object: 'Object Repository/HealthpostToStore/Page_HealthPost Store/button_Add' is clicked on

2018-05-28 10:46:12 - [TEST_STEP][PASSED] - scrollToElement: Scroll to object 'Object Repository/HealthpostToStore/Page_HealthPost Store/input_btnsave' successfully

2018-05-28 10:46:12 - [MESSAGE][PASSED] - Scroll to object 'Object Repository/HealthpostToStore/Page_HealthPost Store/input_btnsave' successfully

2018-05-28 10:46:12 - [TEST_STEP][PASSED] - click: Object: 'Object Repository/HealthpostToStore/Page_HealthPost Store/input_btnsave' is clicked on

2018-05-28 10:46:12 - [MESSAGE][PASSED] - Object: 'Object Repository/HealthpostToStore/Page_HealthPost Store/input_btnsave' is clicked on

2018-05-28 10:46:12 - [TEST_STEP][PASSED] - delay: Delayed 3 second(s)

2018-05-28 10:46:15 - [MESSAGE][PASSED] - Delayed 3 second(s)

2018-05-28 10:46:15 - [TEST_STEP][PASSED] - Statement - RN1 = com.kms.katalon.core.webui.keyword.WebUiBuiltInKeywords.getText(com.kms.katalon.core.testobject.ObjectRepository.findTestObject(HealthpostToStore/Page_HealthPost Store/font_HPRNO180520187)): Text of object 'Object Repository/HealthpostToStore/Page_HealthPost Store/font_HPRNO180520187' is: 'HPRNO/28052018/112'

2018-05-28 10:46:15 - [MESSAGE][PASSED] - Text of object 'Object Repository/HealthpostToStore/Page_HealthPost Store/font_HPRNO180520187' is: 'HPRNO/28052018/112'

2018-05-28 10:46:15 - [TEST_STEP][PASSED] - Statement - out.println(RN1): null

2018-05-28 10:46:15 - [TEST_STEP][PASSED] - Statement - RID = RN1.split("/")[2]: null

2018-05-28 10:46:15 - [TEST_STEP][PASSED] - click: Object: 'Object Repository/HealthpostToStore/Page_HealthPost Store/button_OK' is clicked on

2018-05-28 10:46:16 - [MESSAGE][PASSED] - Object: 'Object Repository/HealthpostToStore/Page_HealthPost Store/button_OK' is clicked on

2018-05-28 10:46:16 - [TEST_STEP][PASSED] - delay: Delayed 3 second(s)

2018-05-28 10:46:19 - [MESSAGE][PASSED] - Delayed 3 second(s)

2018-05-28 10:46:19 - [TEST_STEP][PASSED] - click: Object: 'Object Repository/HealthpostToStore/Page_HealthPost Store/a_dropdown-toggle' is clicked on

2018-05-28 10:46:19 - [MESSAGE][PASSED] - Object: 'Object Repository/HealthpostToStore/Page_HealthPost Store/a_dropdown-toggle' is clicked on

2018-05-28 10:46:19 - [TEST_STEP][PASSED] - click: Object: 'Object Repository/HealthpostToStore/Page_HealthPost Store/a_Sign out' is clicked on

2018-05-28 10:46:20 - [MESSAGE][PASSED] - Object: 'Object Repository/HealthpostToStore/Page_HealthPost Store/a_Sign out' is clicked on

2018-05-28 10:46:20 - [TEST_STEP][PASSED] - delay: Delayed 3 second(s)

2018-05-28 10:46:23 - [MESSAGE][PASSED] - Delayed 3 second(s)

2018-05-28 10:46:23 - [TEST_STEP][PASSED] - navigateToUrl: Navigate to 'http://192.168.137.1/multihospital_new/' successfully

2018-05-28 10:46:23 - [MESSAGE][PASSED] - Navigate to 'http://192.168.137.1/multihospital_new/' successfully

2018-05-28 10:46:23 - [TEST_STEP][PASSED] - click: Object: 'Object Repository/HealthpostToStore/Page_KDMC/a_CMO' is clicked on

2018-05-28 10:46:24 - [MESSAGE][PASSED] - Object: 'Object Repository/HealthpostToStore/Page_KDMC/a_CMO' is clicked on

2018-05-28 10:46:24 - [TEST_STEP][PASSED] - setText: Text 'guru' is set on object 'Object Repository/HealthpostToStore/Page_CMO login/input_txtusername'

2018-05-28 10:46:24 - [MESSAGE][PASSED] - Text 'guru' is set on object 'Object Repository/HealthpostToStore/Page_CMO login/input_txtusername'

2018-05-28 10:46:24 - [TEST_STEP][PASSED] - setText: Text '123' is set on object 'Object Repository/HealthpostToStore/Page_CMO login/input_txtpassword'

2018-05-28 10:46:24 - [MESSAGE][PASSED] - Text '123' is set on object 'Object Repository/HealthpostToStore/Page_CMO login/input_txtpassword'

2018-05-28 10:46:24 - [TEST_STEP][PASSED] - delay: Delayed 3 second(s)

2018-05-28 10:46:27 - [MESSAGE][PASSED] - Delayed 3 second(s)

2018-05-28 10:46:27 - [TEST_STEP][PASSED] - click: Object: 'Object Repository/HealthpostToStore/Page_CMO login/button_Sign in' is clicked on

2018-05-28 10:46:28 - [MESSAGE][PASSED] - Object: 'Object Repository/HealthpostToStore/Page_CMO login/button_Sign in' is clicked on

2018-05-28 10:46:28 - [TEST_STEP][PASSED] - click: Object: 'Object Repository/HealthpostToStore/Page_KDMC - CMO/a_Department Wise Request' is clicked on

2018-05-28 10:46:30 - [MESSAGE][PASSED] - Object: 'Object Repository/HealthpostToStore/Page_KDMC - CMO/a_Department Wise Request' is clicked on

2018-05-28 10:46:30 - [TEST_STEP][PASSED] - delay: Delayed 2 second(s)

2018-05-28 10:46:32 - [MESSAGE][PASSED] - Delayed 2 second(s)

2018-05-28 10:46:32 - [TEST_STEP][PASSED] - selectOptionByIndex: All options with index in [5] are selected on object 'Object Repository/HealthpostToStore/Page_KDMC - CMO/select_--ALL--'

2018-05-28 10:46:32 - [MESSAGE][PASSED] - All options with index in [5] are selected on object 'Object Repository/HealthpostToStore/Page_KDMC - CMO/select_--ALL--'

2018-05-28 10:46:32 - [TEST_STEP][PASSED] - click: Object: 'Object Repository/HealthpostToStore/Page_KDMC - CMO/input_btnsearch' is clicked on

2018-05-28 10:46:32 - [MESSAGE][PASSED] - Object: 'Object Repository/HealthpostToStore/Page_KDMC - CMO/input_btnsearch' is clicked on

2018-05-28 10:46:32 - [TEST_STEP][PASSED] - selectOptionByIndex: All options with index in [1] are selected on object 'Object Repository/HealthpostToStore/Page_KDMC - CMO/select_--ALL--                _1'

2018-05-28 10:46:32 - [MESSAGE][PASSED] - All options with index in [1] are selected on object 'Object Repository/HealthpostToStore/Page_KDMC - CMO/select_--ALL--                _1'

2018-05-28 10:46:32 - [TEST_STEP][PASSED] - click: Object: 'Object Repository/HealthpostToStore/Page_KDMC - CMO/input_btnsearch' is clicked on

2018-05-28 10:46:32 - [MESSAGE][PASSED] - Object: 'Object Repository/HealthpostToStore/Page_KDMC - CMO/input_btnsearch' is clicked on

2018-05-28 10:46:32 - [TEST_STEP][PASSED] - Statement - ID = com.kms.katalon.core.webui.keyword.WebUiBuiltInKeywords.modifyObjectProperty(com.kms.katalon.core.testobject.ObjectRepository.findTestObject(lab/Page_KDMC - CMO/input_1), "xpath", "equals", "//*[@id=" + RID + "]", true): Modify property of object successfully

2018-05-28 10:46:32 - [MESSAGE][PASSED] - Modify property of object successfully

2018-05-28 10:46:32 - [TEST_STEP][PASSED] - click: Object: 'Object Repository/lab/Page_KDMC - CMO/input_1' is clicked on

2018-05-28 10:46:33 - [MESSAGE][PASSED] - Object: 'Object Repository/lab/Page_KDMC - CMO/input_1' is clicked on

2018-05-28 10:46:33 - [TEST_STEP][PASSED] - delay: Delayed 2 second(s)

2018-05-28 10:46:35 - [MESSAGE][PASSED] - Delayed 2 second(s)

2018-05-28 10:46:35 - [TEST_STEP][PASSED] - selectOptionByIndex: All options with index in [1] are selected on object 'Object Repository/HealthpostToStore/Page_KDMC - CMO/select_--Select--'

2018-05-28 10:46:35 - [MESSAGE][PASSED] - All options with index in [1] are selected on object 'Object Repository/HealthpostToStore/Page_KDMC - CMO/select_--Select--'

2018-05-28 10:46:35 - [TEST_STEP][PASSED] - click: Object: 'Object Repository/HealthpostToStore/Page_KDMC - CMO/input_btnupdate' is clicked on

2018-05-28 10:46:35 - [MESSAGE][PASSED] - Object: 'Object Repository/HealthpostToStore/Page_KDMC - CMO/input_btnupdate' is clicked on

2018-05-28 10:46:35 - [TEST_STEP][PASSED] - delay: Delayed 2 second(s)

2018-05-28 10:46:37 - [MESSAGE][PASSED] - Delayed 2 second(s)

2018-05-28 10:46:37 - [TEST_STEP][PASSED] - click: Object: 'Object Repository/HealthpostToStore/Page_KDMC - CMO/button_OK' is clicked on

2018-05-28 10:46:38 - [MESSAGE][PASSED] - Object: 'Object Repository/HealthpostToStore/Page_KDMC - CMO/button_OK' is clicked on

2018-05-28 10:46:38 - [TEST_STEP][PASSED] - delay: Delayed 2 second(s)

2018-05-28 10:46:40 - [MESSAGE][PASSED] - Delayed 2 second(s)

2018-05-28 10:46:40 - [TEST_STEP][PASSED] - click: Object: 'Object Repository/HealthpostToStore/Page_KDMC - CMO/a_dropdown-toggle' is clicked on

2018-05-28 10:46:40 - [MESSAGE][PASSED] - Object: 'Object Repository/HealthpostToStore/Page_KDMC - CMO/a_dropdown-toggle' is clicked on

2018-05-28 10:46:40 - [TEST_STEP][PASSED] - click: Object: 'Object Repository/HealthpostToStore/Page_KDMC - CMO/a_Sign out' is clicked on

2018-05-28 10:46:40 - [MESSAGE][PASSED] - Object: 'Object Repository/HealthpostToStore/Page_KDMC - CMO/a_Sign out' is clicked on

2018-05-28 10:46:40 - [TEST_STEP][PASSED] - delay: Delayed 3 second(s)

2018-05-28 10:46:43 - [MESSAGE][PASSED] - Delayed 3 second(s)

2018-05-28 10:46:43 - [TEST_STEP][PASSED] - click: Object: 'Object Repository/HealthpostToStore/Page_KDMC/a_Divisional Store' is clicked on

2018-05-28 10:46:44 - [MESSAGE][PASSED] - Object: 'Object Repository/HealthpostToStore/Page_KDMC/a_Divisional Store' is clicked on

2018-05-28 10:46:44 - [TEST_STEP][PASSED] - setText: Text 'ragu' is set on object 'Object Repository/HealthpostToStore/Page_Divisonal Store Login/input_txtusername'

2018-05-28 10:46:44 - [MESSAGE][PASSED] - Text 'ragu' is set on object 'Object Repository/HealthpostToStore/Page_Divisonal Store Login/input_txtusername'

2018-05-28 10:46:44 - [TEST_STEP][PASSED] - setText: Text '123' is set on object 'Object Repository/HealthpostToStore/Page_Divisonal Store Login/input_txtpassword'

2018-05-28 10:46:44 - [MESSAGE][PASSED] - Text '123' is set on object 'Object Repository/HealthpostToStore/Page_Divisonal Store Login/input_txtpassword'

2018-05-28 10:46:44 - [TEST_STEP][PASSED] - delay: Delayed 3 second(s)

2018-05-28 10:46:47 - [MESSAGE][PASSED] - Delayed 3 second(s)

2018-05-28 10:46:47 - [TEST_STEP][PASSED] - click: Object: 'Object Repository/HealthpostToStore/Page_Divisonal Store Login/button_Sign in' is clicked on

2018-05-28 10:46:49 - [MESSAGE][PASSED] - Object: 'Object Repository/HealthpostToStore/Page_Divisonal Store Login/button_Sign in' is clicked on

2018-05-28 10:46:49 - [TEST_STEP][PASSED] - delay: Delayed 3 second(s)

2018-05-28 10:46:52 - [MESSAGE][PASSED] - Delayed 3 second(s)

2018-05-28 10:46:52 - [TEST_STEP][PASSED] - click: Object: 'Object Repository/HealthpostToStore/Page_Store/a_Health Post Request' is clicked on

2018-05-28 10:46:52 - [MESSAGE][PASSED] - Object: 'Object Repository/HealthpostToStore/Page_Store/a_Health Post Request' is clicked on

2018-05-28 10:46:52 - [TEST_STEP][PASSED] - click: Object: 'Object Repository/HealthpostToStore/Page_Store/a_Request Item HealthPost' is clicked on

2018-05-28 10:46:53 - [MESSAGE][PASSED] - Object: 'Object Repository/HealthpostToStore/Page_Store/a_Request Item HealthPost' is clicked on

2018-05-28 10:46:53 - [TEST_STEP][PASSED] - Statement - ChooseRequest = com.kms.katalon.core.webui.keyword.WebUiBuiltInKeywords.modifyObjectProperty(com.kms.katalon.core.testobject.ObjectRepository.findTestObject(lab/Page_Store/input_1), "xpath", "equals", "//*[@id=" + RID + "]", true): Modify property of object successfully

2018-05-28 10:46:53 - [MESSAGE][PASSED] - Modify property of object successfully

2018-05-28 10:46:53 - [TEST_STEP][PASSED] - click: Object: 'Object Repository/lab/Page_Store/input_1' is clicked on

2018-05-28 10:46:54 - [MESSAGE][PASSED] - Object: 'Object Repository/lab/Page_Store/input_1' is clicked on

2018-05-28 10:46:54 - [TEST_STEP][PASSED] - Statement - selectedoptions = com.kms.katalon.core.webui.keyword.WebUiBuiltInKeywords.getNumberOfTotalOption(com.kms.katalon.core.testobject.ObjectRepository.findTestObject(HealthpostToStore/Page_Store/select_--Select--Adernaline 0.)): 16 options of object 'Object Repository/HealthpostToStore/Page_Store/select_--Select--Adernaline 0.' counted

2018-05-28 10:46:54 - [MESSAGE][PASSED] - 16 options of object 'Object Repository/HealthpostToStore/Page_Store/select_--Select--Adernaline 0.' counted

2018-05-28 10:46:54 - [TEST_STEP][PASSED] - Statement - For ([a = 1, a <= selectedoptions - 1, (a++)]): null

2018-05-28 10:46:54 - [TEST_STEP][PASSED] - selectOptionByIndex: All options with index in [1] are selected on object 'Object Repository/HealthpostToStore/Page_Store/select_--Select--Adernaline 0.'

2018-05-28 10:46:54 - [MESSAGE][PASSED] - All options with index in [1] are selected on object 'Object Repository/HealthpostToStore/Page_Store/select_--Select--Adernaline 0.'

2018-05-28 10:46:54 - [TEST_STEP][PASSED] - delay: Delayed 2 second(s)

2018-05-28 10:46:56 - [MESSAGE][PASSED] - Delayed 2 second(s)

2018-05-28 10:46:56 - [TEST_STEP][PASSED] - Statement - RequestedQty = com.kms.katalon.core.webui.keyword.WebUiBuiltInKeywords.getAttribute(com.kms.katalon.core.testobject.ObjectRepository.findTestObject(HealthpostToStore/Page_Store/input_txttotal), "value"): Attribute 'value' of object 'Object Repository/HealthpostToStore/Page_Store/input_txttotal' is: '10'

2018-05-28 10:46:56 - [MESSAGE][PASSED] - Attribute 'value' of object 'Object Repository/HealthpostToStore/Page_Store/input_txttotal' is: '10'

2018-05-28 10:46:56 - [TEST_STEP][PASSED] - Statement - out.println("Requested QTY : " + RequestedQty): null

2018-05-28 10:46:56 - [TEST_STEP][PASSED] - Statement - BatchNumber = com.kms.katalon.core.webui.keyword.WebUiBuiltInKeywords.getNumberOfTotalOption(com.kms.katalon.core.testobject.ObjectRepository.findTestObject(HealthpostToStore/Page_Store/select_--Select--BA1170BA2376B)): 6 options of object 'Object Repository/HealthpostToStore/Page_Store/select_--Select--BA1170BA2376B' counted

2018-05-28 10:46:56 - [MESSAGE][PASSED] - 6 options of object 'Object Repository/HealthpostToStore/Page_Store/select_--Select--BA1170BA2376B' counted

2018-05-28 10:46:56 - [TEST_STEP][PASSED] - Statement - For ([g = 1, g <= BatchNumber - 1, (g++)]): null

2018-05-28 10:46:56 - [TEST_STEP][PASSED] - selectOptionByIndex: All options with index in [1] are selected on object 'Object Repository/HealthpostToStore/Page_Store/select_--Select--BA1170BA2376B'

2018-05-28 10:46:56 - [MESSAGE][PASSED] - All options with index in [1] are selected on object 'Object Repository/HealthpostToStore/Page_Store/select_--Select--BA1170BA2376B'

2018-05-28 10:46:56 - [TEST_STEP][PASSED] - Statement - Try: null

2018-05-28 10:46:56 - [TEST_STEP][PASSED] - Statement - StockQty = com.kms.katalon.core.webui.keyword.WebUiBuiltInKeywords.getAttribute(com.kms.katalon.core.testobject.ObjectRepository.findTestObject(HealthpostToStore/Page_Store/input_txtprice), "value"): Attribute 'value' of object 'Object Repository/HealthpostToStore/Page_Store/input_txtprice' is: '400'

2018-05-28 10:46:56 - [MESSAGE][PASSED] - Attribute 'value' of object 'Object Repository/HealthpostToStore/Page_Store/input_txtprice' is: '400'

2018-05-28 10:46:56 - [TEST_STEP][PASSED] - Statement - out.println("Stock QTY : " + StockQty): null

2018-05-28 10:46:56 - [TEST_STEP][PASSED] - delay: Delayed 2 second(s)

2018-05-28 10:46:58 - [MESSAGE][PASSED] - Delayed 2 second(s)

2018-05-28 10:46:58 - [TEST_STEP][PASSED] - Statement - If (java.lang.String.valueOf(StockQty) >= java.lang.String.valueOf(RequestedQty)): null

2018-05-28 10:46:58 - [TEST_STEP][PASSED] - setText: Text '10' is set on object 'Object Repository/HealthpostToStore/Page_Store/input_txtqty'

2018-05-28 10:46:59 - [MESSAGE][PASSED] - Text '10' is set on object 'Object Repository/HealthpostToStore/Page_Store/input_txtqty'

2018-05-28 10:46:59 - [TEST_STEP][PASSED] - click: Object: 'Object Repository/HealthpostToStore/Page_Store/button_Add' is clicked on

2018-05-28 10:46:59 - [MESSAGE][PASSED] - Object: 'Object Repository/HealthpostToStore/Page_Store/button_Add' is clicked on

2018-05-28 10:46:59 - [TEST_STEP][PASSED] - Statement - Break: null

2018-05-28 10:46:59 - [TEST_STEP][PASSED] - selectOptionByIndex: All options with index in [2] are selected on object 'Object Repository/HealthpostToStore/Page_Store/select_--Select--Adernaline 0.'

2018-05-28 10:46:59 - [MESSAGE][PASSED] - All options with index in [2] are selected on object 'Object Repository/HealthpostToStore/Page_Store/select_--Select--Adernaline 0.'

2018-05-28 10:46:59 - [TEST_STEP][PASSED] - delay: Delayed 2 second(s)

2018-05-28 10:47:01 - [MESSAGE][PASSED] - Delayed 2 second(s)

2018-05-28 10:47:01 - [TEST_STEP][PASSED] - Statement - RequestedQty = com.kms.katalon.core.webui.keyword.WebUiBuiltInKeywords.getAttribute(com.kms.katalon.core.testobject.ObjectRepository.findTestObject(HealthpostToStore/Page_Store/input_txttotal), "value"): Attribute 'value' of object 'Object Repository/HealthpostToStore/Page_Store/input_txttotal' is: '10'

2018-05-28 10:47:01 - [MESSAGE][PASSED] - Attribute 'value' of object 'Object Repository/HealthpostToStore/Page_Store/input_txttotal' is: '10'

2018-05-28 10:47:01 - [TEST_STEP][PASSED] - Statement - out.println("Requested QTY : " + RequestedQty): null

2018-05-28 10:47:01 - [TEST_STEP][PASSED] - Statement - BatchNumber = com.kms.katalon.core.webui.keyword.WebUiBuiltInKeywords.getNumberOfTotalOption(com.kms.katalon.core.testobject.ObjectRepository.findTestObject(HealthpostToStore/Page_Store/select_--Select--BA1170BA2376B)): 4 options of object 'Object Repository/HealthpostToStore/Page_Store/select_--Select--BA1170BA2376B' counted

2018-05-28 10:47:01 - [MESSAGE][PASSED] - 4 options of object 'Object Repository/HealthpostToStore/Page_Store/select_--Select--BA1170BA2376B' counted

2018-05-28 10:47:01 - [TEST_STEP][PASSED] - Statement - For ([g = 1, g <= BatchNumber - 1, (g++)]): null

2018-05-28 10:47:01 - [TEST_STEP][PASSED] - selectOptionByIndex: All options with index in [1] are selected on object 'Object Repository/HealthpostToStore/Page_Store/select_--Select--BA1170BA2376B'

2018-05-28 10:47:01 - [MESSAGE][PASSED] - All options with index in [1] are selected on object 'Object Repository/HealthpostToStore/Page_Store/select_--Select--BA1170BA2376B'

2018-05-28 10:47:01 - [TEST_STEP][PASSED] - Statement - Try: null

2018-05-28 10:47:01 - [TEST_STEP][PASSED] - Statement - StockQty = com.kms.katalon.core.webui.keyword.WebUiBuiltInKeywords.getAttribute(com.kms.katalon.core.testobject.ObjectRepository.findTestObject(HealthpostToStore/Page_Store/input_txtprice), "value"): Attribute 'value' of object 'Object Repository/HealthpostToStore/Page_Store/input_txtprice' is: '430'

2018-05-28 10:47:01 - [MESSAGE][PASSED] - Attribute 'value' of object 'Object Repository/HealthpostToStore/Page_Store/input_txtprice' is: '430'

2018-05-28 10:47:01 - [TEST_STEP][PASSED] - Statement - out.println("Stock QTY : " + StockQty): null

2018-05-28 10:47:01 - [TEST_STEP][PASSED] - delay: Delayed 2 second(s)

2018-05-28 10:47:03 - [MESSAGE][PASSED] - Delayed 2 second(s)

2018-05-28 10:47:03 - [TEST_STEP][PASSED] - Statement - If (java.lang.String.valueOf(StockQty) >= java.lang.String.valueOf(RequestedQty)): null

2018-05-28 10:47:03 - [TEST_STEP][PASSED] - setText: Text '10' is set on object 'Object Repository/HealthpostToStore/Page_Store/input_txtqty'

2018-05-28 10:47:03 - [MESSAGE][PASSED] - Text '10' is set on object 'Object Repository/HealthpostToStore/Page_Store/input_txtqty'

2018-05-28 10:47:03 - [TEST_STEP][PASSED] - click: Object: 'Object Repository/HealthpostToStore/Page_Store/button_Add' is clicked on

2018-05-28 10:47:03 - [MESSAGE][PASSED] - Object: 'Object Repository/HealthpostToStore/Page_Store/button_Add' is clicked on

2018-05-28 10:47:03 - [TEST_STEP][PASSED] - Statement - Break: null

2018-05-28 10:47:03 - [TEST_STEP][PASSED] - selectOptionByIndex: All options with index in [3] are selected on object 'Object Repository/HealthpostToStore/Page_Store/select_--Select--Adernaline 0.'

2018-05-28 10:47:03 - [MESSAGE][PASSED] - All options with index in [3] are selected on object 'Object Repository/HealthpostToStore/Page_Store/select_--Select--Adernaline 0.'

2018-05-28 10:47:03 - [TEST_STEP][PASSED] - delay: Delayed 2 second(s)

2018-05-28 10:47:05 - [MESSAGE][PASSED] - Delayed 2 second(s)

2018-05-28 10:47:05 - [TEST_STEP][PASSED] - Statement - RequestedQty = com.kms.katalon.core.webui.keyword.WebUiBuiltInKeywords.getAttribute(com.kms.katalon.core.testobject.ObjectRepository.findTestObject(HealthpostToStore/Page_Store/input_txttotal), "value"): Attribute 'value' of object 'Object Repository/HealthpostToStore/Page_Store/input_txttotal' is: '10'

2018-05-28 10:47:05 - [MESSAGE][PASSED] - Attribute 'value' of object 'Object Repository/HealthpostToStore/Page_Store/input_txttotal' is: '10'

2018-05-28 10:47:05 - [TEST_STEP][PASSED] - Statement - out.println("Requested QTY : " + RequestedQty): null

2018-05-28 10:47:05 - [TEST_STEP][PASSED] - Statement - BatchNumber = com.kms.katalon.core.webui.keyword.WebUiBuiltInKeywords.getNumberOfTotalOption(com.kms.katalon.core.testobject.ObjectRepository.findTestObject(HealthpostToStore/Page_Store/select_--Select--BA1170BA2376B)): 5 options of object 'Object Repository/HealthpostToStore/Page_Store/select_--Select--BA1170BA2376B' counted

2018-05-28 10:47:05 - [MESSAGE][PASSED] - 5 options of object 'Object Repository/HealthpostToStore/Page_Store/select_--Select--BA1170BA2376B' counted

2018-05-28 10:47:05 - [TEST_STEP][PASSED] - Statement - For ([g = 1, g <= BatchNumber - 1, (g++)]): null

2018-05-28 10:47:05 - [TEST_STEP][PASSED] - selectOptionByIndex: All options with index in [1] are selected on object 'Object Repository/HealthpostToStore/Page_Store/select_--Select--BA1170BA2376B'

2018-05-28 10:47:06 - [MESSAGE][PASSED] - All options with index in [1] are selected on object 'Object Repository/HealthpostToStore/Page_Store/select_--Select--BA1170BA2376B'

2018-05-28 10:47:06 - [TEST_STEP][PASSED] - Statement - Try: null

2018-05-28 10:47:06 - [TEST_STEP][PASSED] - Statement - StockQty = com.kms.katalon.core.webui.keyword.WebUiBuiltInKeywords.getAttribute(com.kms.katalon.core.testobject.ObjectRepository.findTestObject(HealthpostToStore/Page_Store/input_txtprice), "value"): Attribute 'value' of object 'Object Repository/HealthpostToStore/Page_Store/input_txtprice' is: '400'

2018-05-28 10:47:06 - [MESSAGE][PASSED] - Attribute 'value' of object 'Object Repository/HealthpostToStore/Page_Store/input_txtprice' is: '400'

2018-05-28 10:47:06 - [TEST_STEP][PASSED] - Statement - out.println("Stock QTY : " + StockQty): null

2018-05-28 10:47:06 - [TEST_STEP][PASSED] - delay: Delayed 2 second(s)

2018-05-28 10:47:08 - [MESSAGE][PASSED] - Delayed 2 second(s)

2018-05-28 10:47:08 - [TEST_STEP][PASSED] - Statement - If (java.lang.String.valueOf(StockQty) >= java.lang.String.valueOf(RequestedQty)): null

2018-05-28 10:47:08 - [TEST_STEP][PASSED] - setText: Text '10' is set on object 'Object Repository/HealthpostToStore/Page_Store/input_txtqty'

2018-05-28 10:47:08 - [MESSAGE][PASSED] - Text '10' is set on object 'Object Repository/HealthpostToStore/Page_Store/input_txtqty'

2018-05-28 10:47:08 - [TEST_STEP][PASSED] - click: Object: 'Object Repository/HealthpostToStore/Page_Store/button_Add' is clicked on

2018-05-28 10:47:08 - [MESSAGE][PASSED] - Object: 'Object Repository/HealthpostToStore/Page_Store/button_Add' is clicked on

2018-05-28 10:47:08 - [TEST_STEP][PASSED] - Statement - Break: null

2018-05-28 10:47:08 - [TEST_STEP][PASSED] - selectOptionByIndex: All options with index in [4] are selected on object 'Object Repository/HealthpostToStore/Page_Store/select_--Select--Adernaline 0.'

2018-05-28 10:47:08 - [MESSAGE][PASSED] - All options with index in [4] are selected on object 'Object Repository/HealthpostToStore/Page_Store/select_--Select--Adernaline 0.'

2018-05-28 10:47:08 - [TEST_STEP][PASSED] - delay: Delayed 2 second(s)

2018-05-28 10:47:10 - [MESSAGE][PASSED] - Delayed 2 second(s)

2018-05-28 10:47:10 - [TEST_STEP][PASSED] - Statement - RequestedQty = com.kms.katalon.core.webui.keyword.WebUiBuiltInKeywords.getAttribute(com.kms.katalon.core.testobject.ObjectRepository.findTestObject(HealthpostToStore/Page_Store/input_txttotal), "value"): Attribute 'value' of object 'Object Repository/HealthpostToStore/Page_Store/input_txttotal' is: '10'

2018-05-28 10:47:10 - [MESSAGE][PASSED] - Attribute 'value' of object 'Object Repository/HealthpostToStore/Page_Store/input_txttotal' is: '10'

2018-05-28 10:47:10 - [TEST_STEP][PASSED] - Statement - out.println("Requested QTY : " + RequestedQty): null

2018-05-28 10:47:10 - [TEST_STEP][PASSED] - Statement - BatchNumber = com.kms.katalon.core.webui.keyword.WebUiBuiltInKeywords.getNumberOfTotalOption(com.kms.katalon.core.testobject.ObjectRepository.findTestObject(HealthpostToStore/Page_Store/select_--Select--BA1170BA2376B)): 4 options of object 'Object Repository/HealthpostToStore/Page_Store/select_--Select--BA1170BA2376B' counted

2018-05-28 10:47:10 - [MESSAGE][PASSED] - 4 options of object 'Object Repository/HealthpostToStore/Page_Store/select_--Select--BA1170BA2376B' counted

2018-05-28 10:47:10 - [TEST_STEP][PASSED] - Statement - For ([g = 1, g <= BatchNumber - 1, (g++)]): null

2018-05-28 10:47:10 - [TEST_STEP][PASSED] - selectOptionByIndex: All options with index in [1] are selected on object 'Object Repository/HealthpostToStore/Page_Store/select_--Select--BA1170BA2376B'

2018-05-28 10:47:10 - [MESSAGE][PASSED] - All options with index in [1] are selected on object 'Object Repository/HealthpostToStore/Page_Store/select_--Select--BA1170BA2376B'

2018-05-28 10:47:10 - [TEST_STEP][PASSED] - Statement - Try: null

2018-05-28 10:47:10 - [TEST_STEP][PASSED] - Statement - StockQty = com.kms.katalon.core.webui.keyword.WebUiBuiltInKeywords.getAttribute(com.kms.katalon.core.testobject.ObjectRepository.findTestObject(HealthpostToStore/Page_Store/input_txtprice), "value"): Attribute 'value' of object 'Object Repository/HealthpostToStore/Page_Store/input_txtprice' is: '90'

2018-05-28 10:47:10 - [MESSAGE][PASSED] - Attribute 'value' of object 'Object Repository/HealthpostToStore/Page_Store/input_txtprice' is: '90'

2018-05-28 10:47:10 - [TEST_STEP][PASSED] - Statement - out.println("Stock QTY : " + StockQty): null

2018-05-28 10:47:10 - [TEST_STEP][PASSED] - delay: Delayed 2 second(s)

2018-05-28 10:47:12 - [MESSAGE][PASSED] - Delayed 2 second(s)

2018-05-28 10:47:12 - [TEST_STEP][PASSED] - Statement - If (java.lang.String.valueOf(StockQty) >= java.lang.String.valueOf(RequestedQty)): null

2018-05-28 10:47:12 - [TEST_STEP][PASSED] - setText: Text '10' is set on object 'Object Repository/HealthpostToStore/Page_Store/input_txtqty'

2018-05-28 10:47:12 - [MESSAGE][PASSED] - Text '10' is set on object 'Object Repository/HealthpostToStore/Page_Store/input_txtqty'

2018-05-28 10:47:12 - [TEST_STEP][PASSED] - click: Object: 'Object Repository/HealthpostToStore/Page_Store/button_Add' is clicked on

2018-05-28 10:47:12 - [MESSAGE][PASSED] - Object: 'Object Repository/HealthpostToStore/Page_Store/button_Add' is clicked on

2018-05-28 10:47:12 - [TEST_STEP][PASSED] - Statement - Break: null

2018-05-28 10:47:12 - [TEST_STEP][PASSED] - selectOptionByIndex: All options with index in [5] are selected on object 'Object Repository/HealthpostToStore/Page_Store/select_--Select--Adernaline 0.'

2018-05-28 10:47:13 - [MESSAGE][PASSED] - All options with index in [5] are selected on object 'Object Repository/HealthpostToStore/Page_Store/select_--Select--Adernaline 0.'

2018-05-28 10:47:13 - [TEST_STEP][PASSED] - delay: Delayed 2 second(s)

2018-05-28 10:47:15 - [MESSAGE][PASSED] - Delayed 2 second(s)

2018-05-28 10:47:15 - [TEST_STEP][PASSED] - Statement - RequestedQty = com.kms.katalon.core.webui.keyword.WebUiBuiltInKeywords.getAttribute(com.kms.katalon.core.testobject.ObjectRepository.findTestObject(HealthpostToStore/Page_Store/input_txttotal), "value"): Attribute 'value' of object 'Object Repository/HealthpostToStore/Page_Store/input_txttotal' is: '10'

2018-05-28 10:47:15 - [MESSAGE][PASSED] - Attribute 'value' of object 'Object Repository/HealthpostToStore/Page_Store/input_txttotal' is: '10'

2018-05-28 10:47:15 - [TEST_STEP][PASSED] - Statement - out.println("Requested QTY : " + RequestedQty): null

2018-05-28 10:47:15 - [TEST_STEP][PASSED] - Statement - BatchNumber = com.kms.katalon.core.webui.keyword.WebUiBuiltInKeywords.getNumberOfTotalOption(com.kms.katalon.core.testobject.ObjectRepository.findTestObject(HealthpostToStore/Page_Store/select_--Select--BA1170BA2376B)): 3 options of object 'Object Repository/HealthpostToStore/Page_Store/select_--Select--BA1170BA2376B' counted

2018-05-28 10:47:15 - [MESSAGE][PASSED] - 3 options of object 'Object Repository/HealthpostToStore/Page_Store/select_--Select--BA1170BA2376B' counted

2018-05-28 10:47:15 - [TEST_STEP][PASSED] - Statement - For ([g = 1, g <= BatchNumber - 1, (g++)]): null

2018-05-28 10:47:15 - [TEST_STEP][PASSED] - selectOptionByIndex: All options with index in [1] are selected on object 'Object Repository/HealthpostToStore/Page_Store/select_--Select--BA1170BA2376B'

2018-05-28 10:47:15 - [MESSAGE][PASSED] - All options with index in [1] are selected on object 'Object Repository/HealthpostToStore/Page_Store/select_--Select--BA1170BA2376B'

2018-05-28 10:47:15 - [TEST_STEP][PASSED] - Statement - Try: null

2018-05-28 10:47:15 - [TEST_STEP][PASSED] - Statement - StockQty = com.kms.katalon.core.webui.keyword.WebUiBuiltInKeywords.getAttribute(com.kms.katalon.core.testobject.ObjectRepository.findTestObject(HealthpostToStore/Page_Store/input_txtprice), "value"): Attribute 'value' of object 'Object Repository/HealthpostToStore/Page_Store/input_txtprice' is: '2420'

2018-05-28 10:47:15 - [MESSAGE][PASSED] - Attribute 'value' of object 'Object Repository/HealthpostToStore/Page_Store/input_txtprice' is: '2420'

2018-05-28 10:47:15 - [TEST_STEP][PASSED] - Statement - out.println("Stock QTY : " + StockQty): null

2018-05-28 10:47:15 - [TEST_STEP][PASSED] - delay: Delayed 2 second(s)

2018-05-28 10:47:17 - [MESSAGE][PASSED] - Delayed 2 second(s)

2018-05-28 10:47:17 - [TEST_STEP][PASSED] - Statement - If (java.lang.String.valueOf(StockQty) >= java.lang.String.valueOf(RequestedQty)): null

2018-05-28 10:47:17 - [TEST_STEP][PASSED] - setText: Text '10' is set on object 'Object Repository/HealthpostToStore/Page_Store/input_txtqty'

2018-05-28 10:47:17 - [MESSAGE][PASSED] - Text '10' is set on object 'Object Repository/HealthpostToStore/Page_Store/input_txtqty'

2018-05-28 10:47:17 - [TEST_STEP][PASSED] - click: Object: 'Object Repository/HealthpostToStore/Page_Store/button_Add' is clicked on

2018-05-28 10:47:17 - [MESSAGE][PASSED] - Object: 'Object Repository/HealthpostToStore/Page_Store/button_Add' is clicked on

2018-05-28 10:47:17 - [TEST_STEP][PASSED] - Statement - Break: null

2018-05-28 10:47:17 - [TEST_STEP][PASSED] - selectOptionByIndex: All options with index in [6] are selected on object 'Object Repository/HealthpostToStore/Page_Store/select_--Select--Adernaline 0.'

2018-05-28 10:47:17 - [MESSAGE][PASSED] - All options with index in [6] are selected on object 'Object Repository/HealthpostToStore/Page_Store/select_--Select--Adernaline 0.'

2018-05-28 10:47:17 - [TEST_STEP][PASSED] - delay: Delayed 2 second(s)

2018-05-28 10:47:19 - [MESSAGE][PASSED] - Delayed 2 second(s)

2018-05-28 10:47:19 - [TEST_STEP][PASSED] - Statement - RequestedQty = com.kms.katalon.core.webui.keyword.WebUiBuiltInKeywords.getAttribute(com.kms.katalon.core.testobject.ObjectRepository.findTestObject(HealthpostToStore/Page_Store/input_txttotal), "value"): Attribute 'value' of object 'Object Repository/HealthpostToStore/Page_Store/input_txttotal' is: '10'

2018-05-28 10:47:19 - [MESSAGE][PASSED] - Attribute 'value' of object 'Object Repository/HealthpostToStore/Page_Store/input_txttotal' is: '10'

2018-05-28 10:47:19 - [TEST_STEP][PASSED] - Statement - out.println("Requested QTY : " + RequestedQty): null

2018-05-28 10:47:19 - [TEST_STEP][PASSED] - Statement - BatchNumber = com.kms.katalon.core.webui.keyword.WebUiBuiltInKeywords.getNumberOfTotalOption(com.kms.katalon.core.testobject.ObjectRepository.findTestObject(HealthpostToStore/Page_Store/select_--Select--BA1170BA2376B)): 3 options of object 'Object Repository/HealthpostToStore/Page_Store/select_--Select--BA1170BA2376B' counted

2018-05-28 10:47:19 - [MESSAGE][PASSED] - 3 options of object 'Object Repository/HealthpostToStore/Page_Store/select_--Select--BA1170BA2376B' counted

2018-05-28 10:47:19 - [TEST_STEP][PASSED] - Statement - For ([g = 1, g <= BatchNumber - 1, (g++)]): null

2018-05-28 10:47:19 - [TEST_STEP][PASSED] - selectOptionByIndex: All options with index in [1] are selected on object 'Object Repository/HealthpostToStore/Page_Store/select_--Select--BA1170BA2376B'

2018-05-28 10:47:20 - [MESSAGE][PASSED] - All options with index in [1] are selected on object 'Object Repository/HealthpostToStore/Page_Store/select_--Select--BA1170BA2376B'

2018-05-28 10:47:20 - [TEST_STEP][PASSED] - Statement - Try: null

2018-05-28 10:47:20 - [TEST_STEP][PASSED] - Statement - StockQty = com.kms.katalon.core.webui.keyword.WebUiBuiltInKeywords.getAttribute(com.kms.katalon.core.testobject.ObjectRepository.findTestObject(HealthpostToStore/Page_Store/input_txtprice), "value"): Attribute 'value' of object 'Object Repository/HealthpostToStore/Page_Store/input_txtprice' is: '1430'

2018-05-28 10:47:20 - [MESSAGE][PASSED] - Attribute 'value' of object 'Object Repository/HealthpostToStore/Page_Store/input_txtprice' is: '1430'

2018-05-28 10:47:20 - [TEST_STEP][PASSED] - Statement - out.println("Stock QTY : " + StockQty): null

2018-05-28 10:47:20 - [TEST_STEP][PASSED] - delay: Delayed 2 second(s)

2018-05-28 10:47:22 - [MESSAGE][PASSED] - Delayed 2 second(s)

2018-05-28 10:47:22 - [TEST_STEP][PASSED] - Statement - If (java.lang.String.valueOf(StockQty) >= java.lang.String.valueOf(RequestedQty)): null

2018-05-28 10:47:22 - [TEST_STEP][PASSED] - setText: Text '10' is set on object 'Object Repository/HealthpostToStore/Page_Store/input_txtqty'

2018-05-28 10:47:22 - [MESSAGE][PASSED] - Text '10' is set on object 'Object Repository/HealthpostToStore/Page_Store/input_txtqty'

2018-05-28 10:47:22 - [TEST_STEP][PASSED] - click: Object: 'Object Repository/HealthpostToStore/Page_Store/button_Add' is clicked on

2018-05-28 10:47:22 - [MESSAGE][PASSED] - Object: 'Object Repository/HealthpostToStore/Page_Store/button_Add' is clicked on

2018-05-28 10:47:22 - [TEST_STEP][PASSED] - Statement - Break: null

2018-05-28 10:47:22 - [TEST_STEP][PASSED] - selectOptionByIndex: All options with index in [7] are selected on object 'Object Repository/HealthpostToStore/Page_Store/select_--Select--Adernaline 0.'

2018-05-28 10:47:22 - [MESSAGE][PASSED] - All options with index in [7] are selected on object 'Object Repository/HealthpostToStore/Page_Store/select_--Select--Adernaline 0.'

2018-05-28 10:47:22 - [TEST_STEP][PASSED] - delay: Delayed 2 second(s)

2018-05-28 10:47:24 - [MESSAGE][PASSED] - Delayed 2 second(s)

2018-05-28 10:47:24 - [TEST_STEP][PASSED] - Statement - RequestedQty = com.kms.katalon.core.webui.keyword.WebUiBuiltInKeywords.getAttribute(com.kms.katalon.core.testobject.ObjectRepository.findTestObject(HealthpostToStore/Page_Store/input_txttotal), "value"): Attribute 'value' of object 'Object Repository/HealthpostToStore/Page_Store/input_txttotal' is: '10'

2018-05-28 10:47:24 - [MESSAGE][PASSED] - Attribute 'value' of object 'Object Repository/HealthpostToStore/Page_Store/input_txttotal' is: '10'

2018-05-28 10:47:24 - [TEST_STEP][PASSED] - Statement - out.println("Requested QTY : " + RequestedQty): null

2018-05-28 10:47:24 - [TEST_STEP][PASSED] - Statement - BatchNumber = com.kms.katalon.core.webui.keyword.WebUiBuiltInKeywords.getNumberOfTotalOption(com.kms.katalon.core.testobject.ObjectRepository.findTestObject(HealthpostToStore/Page_Store/select_--Select--BA1170BA2376B)): 3 options of object 'Object Repository/HealthpostToStore/Page_Store/select_--Select--BA1170BA2376B' counted

2018-05-28 10:47:24 - [MESSAGE][PASSED] - 3 options of object 'Object Repository/HealthpostToStore/Page_Store/select_--Select--BA1170BA2376B' counted

2018-05-28 10:47:24 - [TEST_STEP][PASSED] - Statement - For ([g = 1, g <= BatchNumber - 1, (g++)]): null

2018-05-28 10:47:24 - [TEST_STEP][PASSED] - selectOptionByIndex: All options with index in [1] are selected on object 'Object Repository/HealthpostToStore/Page_Store/select_--Select--BA1170BA2376B'

2018-05-28 10:47:24 - [MESSAGE][PASSED] - All options with index in [1] are selected on object 'Object Repository/HealthpostToStore/Page_Store/select_--Select--BA1170BA2376B'

2018-05-28 10:47:24 - [TEST_STEP][PASSED] - Statement - Try: null

2018-05-28 10:47:24 - [TEST_STEP][PASSED] - Statement - StockQty = com.kms.katalon.core.webui.keyword.WebUiBuiltInKeywords.getAttribute(com.kms.katalon.core.testobject.ObjectRepository.findTestObject(HealthpostToStore/Page_Store/input_txtprice), "value"): Attribute 'value' of object 'Object Repository/HealthpostToStore/Page_Store/input_txtprice' is: '1330'

2018-05-28 10:47:24 - [MESSAGE][PASSED] - Attribute 'value' of object 'Object Repository/HealthpostToStore/Page_Store/input_txtprice' is: '1330'

2018-05-28 10:47:24 - [TEST_STEP][PASSED] - Statement - out.println("Stock QTY : " + StockQty): null

2018-05-28 10:47:24 - [TEST_STEP][PASSED] - delay: Delayed 2 second(s)

2018-05-28 10:47:26 - [MESSAGE][PASSED] - Delayed 2 second(s)

2018-05-28 10:47:26 - [TEST_STEP][PASSED] - Statement - If (java.lang.String.valueOf(StockQty) >= java.lang.String.valueOf(RequestedQty)): null

2018-05-28 10:47:26 - [TEST_STEP][PASSED] - setText: Text '10' is set on object 'Object Repository/HealthpostToStore/Page_Store/input_txtqty'

2018-05-28 10:47:26 - [MESSAGE][PASSED] - Text '10' is set on object 'Object Repository/HealthpostToStore/Page_Store/input_txtqty'

2018-05-28 10:47:26 - [TEST_STEP][PASSED] - click: Object: 'Object Repository/HealthpostToStore/Page_Store/button_Add' is clicked on

2018-05-28 10:47:26 - [MESSAGE][PASSED] - Object: 'Object Repository/HealthpostToStore/Page_Store/button_Add' is clicked on

2018-05-28 10:47:26 - [TEST_STEP][PASSED] - Statement - Break: null

2018-05-28 10:47:26 - [TEST_STEP][PASSED] - selectOptionByIndex: All options with index in [8] are selected on object 'Object Repository/HealthpostToStore/Page_Store/select_--Select--Adernaline 0.'

2018-05-28 10:47:27 - [MESSAGE][PASSED] - All options with index in [8] are selected on object 'Object Repository/HealthpostToStore/Page_Store/select_--Select--Adernaline 0.'

2018-05-28 10:47:27 - [TEST_STEP][PASSED] - delay: Delayed 2 second(s)

2018-05-28 10:47:29 - [MESSAGE][PASSED] - Delayed 2 second(s)

2018-05-28 10:47:29 - [TEST_STEP][PASSED] - Statement - RequestedQty = com.kms.katalon.core.webui.keyword.WebUiBuiltInKeywords.getAttribute(com.kms.katalon.core.testobject.ObjectRepository.findTestObject(HealthpostToStore/Page_Store/input_txttotal), "value"): Attribute 'value' of object 'Object Repository/HealthpostToStore/Page_Store/input_txttotal' is: '10'

2018-05-28 10:47:29 - [MESSAGE][PASSED] - Attribute 'value' of object 'Object Repository/HealthpostToStore/Page_Store/input_txttotal' is: '10'

2018-05-28 10:47:29 - [TEST_STEP][PASSED] - Statement - out.println("Requested QTY : " + RequestedQty): null

2018-05-28 10:47:29 - [TEST_STEP][PASSED] - Statement - BatchNumber = com.kms.katalon.core.webui.keyword.WebUiBuiltInKeywords.getNumberOfTotalOption(com.kms.katalon.core.testobject.ObjectRepository.findTestObject(HealthpostToStore/Page_Store/select_--Select--BA1170BA2376B)): 2 options of object 'Object Repository/HealthpostToStore/Page_Store/select_--Select--BA1170BA2376B' counted

2018-05-28 10:47:29 - [MESSAGE][PASSED] - 2 options of object 'Object Repository/HealthpostToStore/Page_Store/select_--Select--BA1170BA2376B' counted

2018-05-28 10:47:29 - [TEST_STEP][PASSED] - Statement - For ([g = 1, g <= BatchNumber - 1, (g++)]): null

2018-05-28 10:47:29 - [TEST_STEP][PASSED] - selectOptionByIndex: All options with index in [1] are selected on object 'Object Repository/HealthpostToStore/Page_Store/select_--Select--BA1170BA2376B'

2018-05-28 10:47:29 - [MESSAGE][PASSED] - All options with index in [1] are selected on object 'Object Repository/HealthpostToStore/Page_Store/select_--Select--BA1170BA2376B'

2018-05-28 10:47:29 - [TEST_STEP][PASSED] - Statement - Try: null

2018-05-28 10:47:29 - [TEST_STEP][PASSED] - Statement - StockQty = com.kms.katalon.core.webui.keyword.WebUiBuiltInKeywords.getAttribute(com.kms.katalon.core.testobject.ObjectRepository.findTestObject(HealthpostToStore/Page_Store/input_txtprice), "value"): Attribute 'value' of object 'Object Repository/HealthpostToStore/Page_Store/input_txtprice' is: '1430'

2018-05-28 10:47:29 - [MESSAGE][PASSED] - Attribute 'value' of object 'Object Repository/HealthpostToStore/Page_Store/input_txtprice' is: '1430'

2018-05-28 10:47:29 - [TEST_STEP][PASSED] - Statement - out.println("Stock QTY : " + StockQty): null

2018-05-28 10:47:29 - [TEST_STEP][PASSED] - delay: Delayed 2 second(s)

2018-05-28 10:47:31 - [MESSAGE][PASSED] - Delayed 2 second(s)

2018-05-28 10:47:31 - [TEST_STEP][PASSED] - Statement - If (java.lang.String.valueOf(StockQty) >= java.lang.String.valueOf(RequestedQty)): null

2018-05-28 10:47:31 - [TEST_STEP][PASSED] - setText: Text '10' is set on object 'Object Repository/HealthpostToStore/Page_Store/input_txtqty'

2018-05-28 10:47:31 - [MESSAGE][PASSED] - Text '10' is set on object 'Object Repository/HealthpostToStore/Page_Store/input_txtqty'

2018-05-28 10:47:31 - [TEST_STEP][PASSED] - click: Object: 'Object Repository/HealthpostToStore/Page_Store/button_Add' is clicked on

2018-05-28 10:47:31 - [MESSAGE][PASSED] - Object: 'Object Repository/HealthpostToStore/Page_Store/button_Add' is clicked on

2018-05-28 10:47:31 - [TEST_STEP][PASSED] - Statement - Break: null

2018-05-28 10:47:31 - [TEST_STEP][PASSED] - selectOptionByIndex: All options with index in [9] are selected on object 'Object Repository/HealthpostToStore/Page_Store/select_--Select--Adernaline 0.'

2018-05-28 10:47:31 - [MESSAGE][PASSED] - All options with index in [9] are selected on object 'Object Repository/HealthpostToStore/Page_Store/select_--Select--Adernaline 0.'

2018-05-28 10:47:31 - [TEST_STEP][PASSED] - delay: Delayed 2 second(s)

2018-05-28 10:47:33 - [MESSAGE][PASSED] - Delayed 2 second(s)

2018-05-28 10:47:33 - [TEST_STEP][PASSED] - Statement - RequestedQty = com.kms.katalon.core.webui.keyword.WebUiBuiltInKeywords.getAttribute(com.kms.katalon.core.testobject.ObjectRepository.findTestObject(HealthpostToStore/Page_Store/input_txttotal), "value"): Attribute 'value' of object 'Object Repository/HealthpostToStore/Page_Store/input_txttotal' is: '10'

2018-05-28 10:47:33 - [MESSAGE][PASSED] - Attribute 'value' of object 'Object Repository/HealthpostToStore/Page_Store/input_txttotal' is: '10'

2018-05-28 10:47:33 - [TEST_STEP][PASSED] - Statement - out.println("Requested QTY : " + RequestedQty): null

2018-05-28 10:47:33 - [TEST_STEP][PASSED] - Statement - BatchNumber = com.kms.katalon.core.webui.keyword.WebUiBuiltInKeywords.getNumberOfTotalOption(com.kms.katalon.core.testobject.ObjectRepository.findTestObject(HealthpostToStore/Page_Store/select_--Select--BA1170BA2376B)): 4 options of object 'Object Repository/HealthpostToStore/Page_Store/select_--Select--BA1170BA2376B' counted

2018-05-28 10:47:34 - [MESSAGE][PASSED] - 4 options of object 'Object Repository/HealthpostToStore/Page_Store/select_--Select--BA1170BA2376B' counted

2018-05-28 10:47:34 - [TEST_STEP][PASSED] - Statement - For ([g = 1, g <= BatchNumber - 1, (g++)]): null

2018-05-28 10:47:34 - [TEST_STEP][PASSED] - selectOptionByIndex: All options with index in [1] are selected on object 'Object Repository/HealthpostToStore/Page_Store/select_--Select--BA1170BA2376B'

2018-05-28 10:47:34 - [MESSAGE][PASSED] - All options with index in [1] are selected on object 'Object Repository/HealthpostToStore/Page_Store/select_--Select--BA1170BA2376B'

2018-05-28 10:47:34 - [TEST_STEP][PASSED] - Statement - Try: null

2018-05-28 10:47:34 - [TEST_STEP][PASSED] - Statement - StockQty = com.kms.katalon.core.webui.keyword.WebUiBuiltInKeywords.getAttribute(com.kms.katalon.core.testobject.ObjectRepository.findTestObject(HealthpostToStore/Page_Store/input_txtprice), "value"): Attribute 'value' of object 'Object Repository/HealthpostToStore/Page_Store/input_txtprice' is: '1330'

2018-05-28 10:47:34 - [MESSAGE][PASSED] - Attribute 'value' of object 'Object Repository/HealthpostToStore/Page_Store/input_txtprice' is: '1330'

2018-05-28 10:47:34 - [TEST_STEP][PASSED] - Statement - out.println("Stock QTY : " + StockQty): null

2018-05-28 10:47:34 - [TEST_STEP][PASSED] - delay: Delayed 2 second(s)

2018-05-28 10:47:36 - [MESSAGE][PASSED] - Delayed 2 second(s)

2018-05-28 10:47:36 - [TEST_STEP][PASSED] - Statement - If (java.lang.String.valueOf(StockQty) >= java.lang.String.valueOf(RequestedQty)): null

2018-05-28 10:47:36 - [TEST_STEP][PASSED] - setText: Text '10' is set on object 'Object Repository/HealthpostToStore/Page_Store/input_txtqty'

2018-05-28 10:47:36 - [MESSAGE][PASSED] - Text '10' is set on object 'Object Repository/HealthpostToStore/Page_Store/input_txtqty'

2018-05-28 10:47:36 - [TEST_STEP][PASSED] - click: Object: 'Object Repository/HealthpostToStore/Page_Store/button_Add' is clicked on

2018-05-28 10:47:36 - [MESSAGE][PASSED] - Object: 'Object Repository/HealthpostToStore/Page_Store/button_Add' is clicked on

2018-05-28 10:47:36 - [TEST_STEP][PASSED] - Statement - Break: null

2018-05-28 10:47:36 - [TEST_STEP][PASSED] - selectOptionByIndex: All options with index in [10] are selected on object 'Object Repository/HealthpostToStore/Page_Store/select_--Select--Adernaline 0.'

2018-05-28 10:47:36 - [MESSAGE][PASSED] - All options with index in [10] are selected on object 'Object Repository/HealthpostToStore/Page_Store/select_--Select--Adernaline 0.'

2018-05-28 10:47:36 - [TEST_STEP][PASSED] - delay: Delayed 2 second(s)

2018-05-28 10:47:38 - [MESSAGE][PASSED] - Delayed 2 second(s)

2018-05-28 10:47:38 - [TEST_STEP][PASSED] - Statement - RequestedQty = com.kms.katalon.core.webui.keyword.WebUiBuiltInKeywords.getAttribute(com.kms.katalon.core.testobject.ObjectRepository.findTestObject(HealthpostToStore/Page_Store/input_txttotal), "value"): Attribute 'value' of object 'Object Repository/HealthpostToStore/Page_Store/input_txttotal' is: '10'

2018-05-28 10:47:38 - [MESSAGE][PASSED] - Attribute 'value' of object 'Object Repository/HealthpostToStore/Page_Store/input_txttotal' is: '10'

2018-05-28 10:47:38 - [TEST_STEP][PASSED] - Statement - out.println("Requested QTY : " + RequestedQty): null

2018-05-28 10:47:38 - [TEST_STEP][PASSED] - Statement - BatchNumber = com.kms.katalon.core.webui.keyword.WebUiBuiltInKeywords.getNumberOfTotalOption(com.kms.katalon.core.testobject.ObjectRepository.findTestObject(HealthpostToStore/Page_Store/select_--Select--BA1170BA2376B)): 3 options of object 'Object Repository/HealthpostToStore/Page_Store/select_--Select--BA1170BA2376B' counted

2018-05-28 10:47:38 - [MESSAGE][PASSED] - 3 options of object 'Object Repository/HealthpostToStore/Page_Store/select_--Select--BA1170BA2376B' counted

2018-05-28 10:47:38 - [TEST_STEP][PASSED] - Statement - For ([g = 1, g <= BatchNumber - 1, (g++)]): null

2018-05-28 10:47:38 - [TEST_STEP][PASSED] - selectOptionByIndex: All options with index in [1] are selected on object 'Object Repository/HealthpostToStore/Page_Store/select_--Select--BA1170BA2376B'

2018-05-28 10:47:38 - [MESSAGE][PASSED] - All options with index in [1] are selected on object 'Object Repository/HealthpostToStore/Page_Store/select_--Select--BA1170BA2376B'

2018-05-28 10:47:38 - [TEST_STEP][PASSED] - Statement - Try: null

2018-05-28 10:47:38 - [TEST_STEP][PASSED] - Statement - StockQty = com.kms.katalon.core.webui.keyword.WebUiBuiltInKeywords.getAttribute(com.kms.katalon.core.testobject.ObjectRepository.findTestObject(HealthpostToStore/Page_Store/input_txtprice), "value"): Attribute 'value' of object 'Object Repository/HealthpostToStore/Page_Store/input_txtprice' is: '1430'

2018-05-28 10:47:39 - [MESSAGE][PASSED] - Attribute 'value' of object 'Object Repository/HealthpostToStore/Page_Store/input_txtprice' is: '1430'

2018-05-28 10:47:39 - [TEST_STEP][PASSED] - Statement - out.println("Stock QTY : " + StockQty): null

2018-05-28 10:47:39 - [TEST_STEP][PASSED] - delay: Delayed 2 second(s)

2018-05-28 10:47:41 - [MESSAGE][PASSED] - Delayed 2 second(s)

2018-05-28 10:47:41 - [TEST_STEP][PASSED] - Statement - If (java.lang.String.valueOf(StockQty) >= java.lang.String.valueOf(RequestedQty)): null

2018-05-28 10:47:41 - [TEST_STEP][PASSED] - setText: Text '10' is set on object 'Object Repository/HealthpostToStore/Page_Store/input_txtqty'

2018-05-28 10:47:41 - [MESSAGE][PASSED] - Text '10' is set on object 'Object Repository/HealthpostToStore/Page_Store/input_txtqty'

2018-05-28 10:47:41 - [TEST_STEP][PASSED] - click: Object: 'Object Repository/HealthpostToStore/Page_Store/button_Add' is clicked on

2018-05-28 10:47:41 - [MESSAGE][PASSED] - Object: 'Object Repository/HealthpostToStore/Page_Store/button_Add' is clicked on

2018-05-28 10:47:41 - [TEST_STEP][PASSED] - Statement - Break: null

2018-05-28 10:47:41 - [TEST_STEP][PASSED] - selectOptionByIndex: All options with index in [11] are selected on object 'Object Repository/HealthpostToStore/Page_Store/select_--Select--Adernaline 0.'

2018-05-28 10:47:41 - [MESSAGE][PASSED] - All options with index in [11] are selected on object 'Object Repository/HealthpostToStore/Page_Store/select_--Select--Adernaline 0.'

2018-05-28 10:47:41 - [TEST_STEP][PASSED] - delay: Delayed 2 second(s)

2018-05-28 10:47:43 - [MESSAGE][PASSED] - Delayed 2 second(s)

2018-05-28 10:47:43 - [TEST_STEP][PASSED] - Statement - RequestedQty = com.kms.katalon.core.webui.keyword.WebUiBuiltInKeywords.getAttribute(com.kms.katalon.core.testobject.ObjectRepository.findTestObject(HealthpostToStore/Page_Store/input_txttotal), "value"): Attribute 'value' of object 'Object Repository/HealthpostToStore/Page_Store/input_txttotal' is: '10'

2018-05-28 10:47:43 - [MESSAGE][PASSED] - Attribute 'value' of object 'Object Repository/HealthpostToStore/Page_Store/input_txttotal' is: '10'

2018-05-28 10:47:43 - [TEST_STEP][PASSED] - Statement - out.println("Requested QTY : " + RequestedQty): null

2018-05-28 10:47:43 - [TEST_STEP][PASSED] - Statement - BatchNumber = com.kms.katalon.core.webui.keyword.WebUiBuiltInKeywords.getNumberOfTotalOption(com.kms.katalon.core.testobject.ObjectRepository.findTestObject(HealthpostToStore/Page_Store/select_--Select--BA1170BA2376B)): 3 options of object 'Object Repository/HealthpostToStore/Page_Store/select_--Select--BA1170BA2376B' counted

2018-05-28 10:47:43 - [MESSAGE][PASSED] - 3 options of object 'Object Repository/HealthpostToStore/Page_Store/select_--Select--BA1170BA2376B' counted

2018-05-28 10:47:43 - [TEST_STEP][PASSED] - Statement - For ([g = 1, g <= BatchNumber - 1, (g++)]): null

2018-05-28 10:47:43 - [TEST_STEP][PASSED] - selectOptionByIndex: All options with index in [1] are selected on object 'Object Repository/HealthpostToStore/Page_Store/select_--Select--BA1170BA2376B'

2018-05-28 10:47:43 - [MESSAGE][PASSED] - All options with index in [1] are selected on object 'Object Repository/HealthpostToStore/Page_Store/select_--Select--BA1170BA2376B'

2018-05-28 10:47:43 - [TEST_STEP][PASSED] - Statement - Try: null

2018-05-28 10:47:43 - [TEST_STEP][PASSED] - Statement - StockQty = com.kms.katalon.core.webui.keyword.WebUiBuiltInKeywords.getAttribute(com.kms.katalon.core.testobject.ObjectRepository.findTestObject(HealthpostToStore/Page_Store/input_txtprice), "value"): Attribute 'value' of object 'Object Repository/HealthpostToStore/Page_Store/input_txtprice' is: '440'

2018-05-28 10:47:43 - [MESSAGE][PASSED] - Attribute 'value' of object 'Object Repository/HealthpostToStore/Page_Store/input_txtprice' is: '440'

2018-05-28 10:47:43 - [TEST_STEP][PASSED] - Statement - out.println("Stock QTY : " + StockQty): null

2018-05-28 10:47:43 - [TEST_STEP][PASSED] - delay: Delayed 2 second(s)

2018-05-28 10:47:45 - [MESSAGE][PASSED] - Delayed 2 second(s)

2018-05-28 10:47:45 - [TEST_STEP][PASSED] - Statement - If (java.lang.String.valueOf(StockQty) >= java.lang.String.valueOf(RequestedQty)): null

2018-05-28 10:47:45 - [TEST_STEP][PASSED] - setText: Text '10' is set on object 'Object Repository/HealthpostToStore/Page_Store/input_txtqty'

2018-05-28 10:47:45 - [MESSAGE][PASSED] - Text '10' is set on object 'Object Repository/HealthpostToStore/Page_Store/input_txtqty'

2018-05-28 10:47:45 - [TEST_STEP][PASSED] - click: Object: 'Object Repository/HealthpostToStore/Page_Store/button_Add' is clicked on

2018-05-28 10:47:45 - [MESSAGE][PASSED] - Object: 'Object Repository/HealthpostToStore/Page_Store/button_Add' is clicked on

2018-05-28 10:47:45 - [TEST_STEP][PASSED] - Statement - Break: null

2018-05-28 10:47:45 - [TEST_STEP][PASSED] - selectOptionByIndex: All options with index in [12] are selected on object 'Object Repository/HealthpostToStore/Page_Store/select_--Select--Adernaline 0.'

2018-05-28 10:47:46 - [MESSAGE][PASSED] - All options with index in [12] are selected on object 'Object Repository/HealthpostToStore/Page_Store/select_--Select--Adernaline 0.'

2018-05-28 10:47:46 - [TEST_STEP][PASSED] - delay: Delayed 2 second(s)

2018-05-28 10:47:48 - [MESSAGE][PASSED] - Delayed 2 second(s)

2018-05-28 10:47:48 - [TEST_STEP][PASSED] - Statement - RequestedQty = com.kms.katalon.core.webui.keyword.WebUiBuiltInKeywords.getAttribute(com.kms.katalon.core.testobject.ObjectRepository.findTestObject(HealthpostToStore/Page_Store/input_txttotal), "value"): Attribute 'value' of object 'Object Repository/HealthpostToStore/Page_Store/input_txttotal' is: '10'

2018-05-28 10:47:48 - [MESSAGE][PASSED] - Attribute 'value' of object 'Object Repository/HealthpostToStore/Page_Store/input_txttotal' is: '10'

2018-05-28 10:47:48 - [TEST_STEP][PASSED] - Statement - out.println("Requested QTY : " + RequestedQty): null

2018-05-28 10:47:48 - [TEST_STEP][PASSED] - Statement - BatchNumber = com.kms.katalon.core.webui.keyword.WebUiBuiltInKeywords.getNumberOfTotalOption(com.kms.katalon.core.testobject.ObjectRepository.findTestObject(HealthpostToStore/Page_Store/select_--Select--BA1170BA2376B)): 2 options of object 'Object Repository/HealthpostToStore/Page_Store/select_--Select--BA1170BA2376B' counted

2018-05-28 10:47:48 - [MESSAGE][PASSED] - 2 options of object 'Object Repository/HealthpostToStore/Page_Store/select_--Select--BA1170BA2376B' counted

2018-05-28 10:47:48 - [TEST_STEP][PASSED] - Statement - For ([g = 1, g <= BatchNumber - 1, (g++)]): null

2018-05-28 10:47:48 - [TEST_STEP][PASSED] - selectOptionByIndex: All options with index in [1] are selected on object 'Object Repository/HealthpostToStore/Page_Store/select_--Select--BA1170BA2376B'

2018-05-28 10:47:48 - [MESSAGE][PASSED] - All options with index in [1] are selected on object 'Object Repository/HealthpostToStore/Page_Store/select_--Select--BA1170BA2376B'

2018-05-28 10:47:48 - [TEST_STEP][PASSED] - Statement - Try: null

2018-05-28 10:47:48 - [TEST_STEP][PASSED] - Statement - StockQty = com.kms.katalon.core.webui.keyword.WebUiBuiltInKeywords.getAttribute(com.kms.katalon.core.testobject.ObjectRepository.findTestObject(HealthpostToStore/Page_Store/input_txtprice), "value"): Attribute 'value' of object 'Object Repository/HealthpostToStore/Page_Store/input_txtprice' is: '1530'

2018-05-28 10:47:48 - [MESSAGE][PASSED] - Attribute 'value' of object 'Object Repository/HealthpostToStore/Page_Store/input_txtprice' is: '1530'

2018-05-28 10:47:48 - [TEST_STEP][PASSED] - Statement - out.println("Stock QTY : " + StockQty): null

2018-05-28 10:47:48 - [TEST_STEP][PASSED] - delay: Delayed 2 second(s)

2018-05-28 10:47:50 - [MESSAGE][PASSED] - Delayed 2 second(s)

2018-05-28 10:47:50 - [TEST_STEP][PASSED] - Statement - If (java.lang.String.valueOf(StockQty) >= java.lang.String.valueOf(RequestedQty)): null

2018-05-28 10:47:50 - [TEST_STEP][PASSED] - setText: Text '10' is set on object 'Object Repository/HealthpostToStore/Page_Store/input_txtqty'

2018-05-28 10:47:50 - [MESSAGE][PASSED] - Text '10' is set on object 'Object Repository/HealthpostToStore/Page_Store/input_txtqty'

2018-05-28 10:47:50 - [TEST_STEP][PASSED] - click: Object: 'Object Repository/HealthpostToStore/Page_Store/button_Add' is clicked on

2018-05-28 10:47:50 - [MESSAGE][PASSED] - Object: 'Object Repository/HealthpostToStore/Page_Store/button_Add' is clicked on

2018-05-28 10:47:50 - [TEST_STEP][PASSED] - Statement - Break: null

2018-05-28 10:47:50 - [TEST_STEP][PASSED] - selectOptionByIndex: All options with index in [13] are selected on object 'Object Repository/HealthpostToStore/Page_Store/select_--Select--Adernaline 0.'

2018-05-28 10:47:50 - [MESSAGE][PASSED] - All options with index in [13] are selected on object 'Object Repository/HealthpostToStore/Page_Store/select_--Select--Adernaline 0.'

2018-05-28 10:47:50 - [TEST_STEP][PASSED] - delay: Delayed 2 second(s)

2018-05-28 10:47:52 - [MESSAGE][PASSED] - Delayed 2 second(s)

2018-05-28 10:47:52 - [TEST_STEP][PASSED] - Statement - RequestedQty = com.kms.katalon.core.webui.keyword.WebUiBuiltInKeywords.getAttribute(com.kms.katalon.core.testobject.ObjectRepository.findTestObject(HealthpostToStore/Page_Store/input_txttotal), "value"): Attribute 'value' of object 'Object Repository/HealthpostToStore/Page_Store/input_txttotal' is: '10'

2018-05-28 10:47:52 - [MESSAGE][PASSED] - Attribute 'value' of object 'Object Repository/HealthpostToStore/Page_Store/input_txttotal' is: '10'

2018-05-28 10:47:52 - [TEST_STEP][PASSED] - Statement - out.println("Requested QTY : " + RequestedQty): null

2018-05-28 10:47:52 - [TEST_STEP][PASSED] - Statement - BatchNumber = com.kms.katalon.core.webui.keyword.WebUiBuiltInKeywords.getNumberOfTotalOption(com.kms.katalon.core.testobject.ObjectRepository.findTestObject(HealthpostToStore/Page_Store/select_--Select--BA1170BA2376B)): 3 options of object 'Object Repository/HealthpostToStore/Page_Store/select_--Select--BA1170BA2376B' counted

2018-05-28 10:47:52 - [MESSAGE][PASSED] - 3 options of object 'Object Repository/HealthpostToStore/Page_Store/select_--Select--BA1170BA2376B' counted

2018-05-28 10:47:52 - [TEST_STEP][PASSED] - Statement - For ([g = 1, g <= BatchNumber - 1, (g++)]): null

2018-05-28 10:47:52 - [TEST_STEP][PASSED] - selectOptionByIndex: All options with index in [1] are selected on object 'Object Repository/HealthpostToStore/Page_Store/select_--Select--BA1170BA2376B'

2018-05-28 10:47:53 - [MESSAGE][PASSED] - All options with index in [1] are selected on object 'Object Repository/HealthpostToStore/Page_Store/select_--Select--BA1170BA2376B'

2018-05-28 10:47:53 - [TEST_STEP][PASSED] - Statement - Try: null

2018-05-28 10:47:53 - [TEST_STEP][PASSED] - Statement - StockQty = com.kms.katalon.core.webui.keyword.WebUiBuiltInKeywords.getAttribute(com.kms.katalon.core.testobject.ObjectRepository.findTestObject(HealthpostToStore/Page_Store/input_txtprice), "value"): Attribute 'value' of object 'Object Repository/HealthpostToStore/Page_Store/input_txtprice' is: '1330'

2018-05-28 10:47:53 - [MESSAGE][PASSED] - Attribute 'value' of object 'Object Repository/HealthpostToStore/Page_Store/input_txtprice' is: '1330'

2018-05-28 10:47:53 - [TEST_STEP][PASSED] - Statement - out.println("Stock QTY : " + StockQty): null

2018-05-28 10:47:53 - [TEST_STEP][PASSED] - delay: Delayed 2 second(s)

2018-05-28 10:47:55 - [MESSAGE][PASSED] - Delayed 2 second(s)

2018-05-28 10:47:55 - [TEST_STEP][PASSED] - Statement - If (java.lang.String.valueOf(StockQty) >= java.lang.String.valueOf(RequestedQty)): null

2018-05-28 10:47:55 - [TEST_STEP][PASSED] - setText: Text '10' is set on object 'Object Repository/HealthpostToStore/Page_Store/input_txtqty'

2018-05-28 10:47:55 - [MESSAGE][PASSED] - Text '10' is set on object 'Object Repository/HealthpostToStore/Page_Store/input_txtqty'

2018-05-28 10:47:55 - [TEST_STEP][PASSED] - click: Object: 'Object Repository/HealthpostToStore/Page_Store/button_Add' is clicked on

2018-05-28 10:47:55 - [MESSAGE][PASSED] - Object: 'Object Repository/HealthpostToStore/Page_Store/button_Add' is clicked on

2018-05-28 10:47:55 - [TEST_STEP][PASSED] - Statement - Break: null

2018-05-28 10:47:55 - [TEST_STEP][PASSED] - selectOptionByIndex: All options with index in [14] are selected on object 'Object Repository/HealthpostToStore/Page_Store/select_--Select--Adernaline 0.'

2018-05-28 10:47:55 - [MESSAGE][PASSED] - All options with index in [14] are selected on object 'Object Repository/HealthpostToStore/Page_Store/select_--Select--Adernaline 0.'

2018-05-28 10:47:55 - [TEST_STEP][PASSED] - delay: Delayed 2 second(s)

2018-05-28 10:47:57 - [MESSAGE][PASSED] - Delayed 2 second(s)

2018-05-28 10:47:57 - [TEST_STEP][PASSED] - Statement - RequestedQty = com.kms.katalon.core.webui.keyword.WebUiBuiltInKeywords.getAttribute(com.kms.katalon.core.testobject.ObjectRepository.findTestObject(HealthpostToStore/Page_Store/input_txttotal), "value"): Attribute 'value' of object 'Object Repository/HealthpostToStore/Page_Store/input_txttotal' is: '10'

2018-05-28 10:47:57 - [MESSAGE][PASSED] - Attribute 'value' of object 'Object Repository/HealthpostToStore/Page_Store/input_txttotal' is: '10'

2018-05-28 10:47:57 - [TEST_STEP][PASSED] - Statement - out.println("Requested QTY : " + RequestedQty): null

2018-05-28 10:47:57 - [TEST_STEP][PASSED] - Statement - BatchNumber = com.kms.katalon.core.webui.keyword.WebUiBuiltInKeywords.getNumberOfTotalOption(com.kms.katalon.core.testobject.ObjectRepository.findTestObject(HealthpostToStore/Page_Store/select_--Select--BA1170BA2376B)): 4 options of object 'Object Repository/HealthpostToStore/Page_Store/select_--Select--BA1170BA2376B' counted

2018-05-28 10:47:57 - [MESSAGE][PASSED] - 4 options of object 'Object Repository/HealthpostToStore/Page_Store/select_--Select--BA1170BA2376B' counted

2018-05-28 10:47:57 - [TEST_STEP][PASSED] - Statement - For ([g = 1, g <= BatchNumber - 1, (g++)]): null

2018-05-28 10:47:57 - [TEST_STEP][PASSED] - selectOptionByIndex: All options with index in [1] are selected on object 'Object Repository/HealthpostToStore/Page_Store/select_--Select--BA1170BA2376B'

2018-05-28 10:47:57 - [MESSAGE][PASSED] - All options with index in [1] are selected on object 'Object Repository/HealthpostToStore/Page_Store/select_--Select--BA1170BA2376B'

2018-05-28 10:47:57 - [TEST_STEP][PASSED] - Statement - Try: null

2018-05-28 10:47:57 - [TEST_STEP][PASSED] - Statement - StockQty = com.kms.katalon.core.webui.keyword.WebUiBuiltInKeywords.getAttribute(com.kms.katalon.core.testobject.ObjectRepository.findTestObject(HealthpostToStore/Page_Store/input_txtprice), "value"): Attribute 'value' of object 'Object Repository/HealthpostToStore/Page_Store/input_txtprice' is: '90'

2018-05-28 10:47:57 - [MESSAGE][PASSED] - Attribute 'value' of object 'Object Repository/HealthpostToStore/Page_Store/input_txtprice' is: '90'

2018-05-28 10:47:57 - [TEST_STEP][PASSED] - Statement - out.println("Stock QTY : " + StockQty): null

2018-05-28 10:47:57 - [TEST_STEP][PASSED] - delay: Delayed 2 second(s)

2018-05-28 10:47:59 - [MESSAGE][PASSED] - Delayed 2 second(s)

2018-05-28 10:47:59 - [TEST_STEP][PASSED] - Statement - If (java.lang.String.valueOf(StockQty) >= java.lang.String.valueOf(RequestedQty)): null

2018-05-28 10:47:59 - [TEST_STEP][PASSED] - setText: Text '10' is set on object 'Object Repository/HealthpostToStore/Page_Store/input_txtqty'

2018-05-28 10:47:59 - [MESSAGE][PASSED] - Text '10' is set on object 'Object Repository/HealthpostToStore/Page_Store/input_txtqty'

2018-05-28 10:47:59 - [TEST_STEP][PASSED] - click: Object: 'Object Repository/HealthpostToStore/Page_Store/button_Add' is clicked on

2018-05-28 10:47:59 - [MESSAGE][PASSED] - Object: 'Object Repository/HealthpostToStore/Page_Store/button_Add' is clicked on

2018-05-28 10:47:59 - [TEST_STEP][PASSED] - Statement - Break: null

2018-05-28 10:47:59 - [TEST_STEP][PASSED] - selectOptionByIndex: All options with index in [15] are selected on object 'Object Repository/HealthpostToStore/Page_Store/select_--Select--Adernaline 0.'

2018-05-28 10:48:00 - [MESSAGE][PASSED] - All options with index in [15] are selected on object 'Object Repository/HealthpostToStore/Page_Store/select_--Select--Adernaline 0.'

2018-05-28 10:48:00 - [TEST_STEP][PASSED] - delay: Delayed 2 second(s)

2018-05-28 10:48:02 - [MESSAGE][PASSED] - Delayed 2 second(s)

2018-05-28 10:48:02 - [TEST_STEP][PASSED] - Statement - RequestedQty = com.kms.katalon.core.webui.keyword.WebUiBuiltInKeywords.getAttribute(com.kms.katalon.core.testobject.ObjectRepository.findTestObject(HealthpostToStore/Page_Store/input_txttotal), "value"): Attribute 'value' of object 'Object Repository/HealthpostToStore/Page_Store/input_txttotal' is: '10'

2018-05-28 10:48:02 - [MESSAGE][PASSED] - Attribute 'value' of object 'Object Repository/HealthpostToStore/Page_Store/input_txttotal' is: '10'

2018-05-28 10:48:02 - [TEST_STEP][PASSED] - Statement - out.println("Requested QTY : " + RequestedQty): null

2018-05-28 10:48:02 - [TEST_STEP][PASSED] - Statement - BatchNumber = com.kms.katalon.core.webui.keyword.WebUiBuiltInKeywords.getNumberOfTotalOption(com.kms.katalon.core.testobject.ObjectRepository.findTestObject(HealthpostToStore/Page_Store/select_--Select--BA1170BA2376B)): 5 options of object 'Object Repository/HealthpostToStore/Page_Store/select_--Select--BA1170BA2376B' counted

2018-05-28 10:48:02 - [MESSAGE][PASSED] - 5 options of object 'Object Repository/HealthpostToStore/Page_Store/select_--Select--BA1170BA2376B' counted

2018-05-28 10:48:02 - [TEST_STEP][PASSED] - Statement - For ([g = 1, g <= BatchNumber - 1, (g++)]): null

2018-05-28 10:48:02 - [TEST_STEP][PASSED] - selectOptionByIndex: All options with index in [1] are selected on object 'Object Repository/HealthpostToStore/Page_Store/select_--Select--BA1170BA2376B'

2018-05-28 10:48:02 - [MESSAGE][PASSED] - All options with index in [1] are selected on object 'Object Repository/HealthpostToStore/Page_Store/select_--Select--BA1170BA2376B'

2018-05-28 10:48:02 - [TEST_STEP][PASSED] - Statement - Try: null

2018-05-28 10:48:02 - [TEST_STEP][PASSED] - Statement - StockQty = com.kms.katalon.core.webui.keyword.WebUiBuiltInKeywords.getAttribute(com.kms.katalon.core.testobject.ObjectRepository.findTestObject(HealthpostToStore/Page_Store/input_txtprice), "value"): Attribute 'value' of object 'Object Repository/HealthpostToStore/Page_Store/input_txtprice' is: '400'

2018-05-28 10:48:02 - [MESSAGE][PASSED] - Attribute 'value' of object 'Object Repository/HealthpostToStore/Page_Store/input_txtprice' is: '400'

2018-05-28 10:48:02 - [TEST_STEP][PASSED] - Statement - out.println("Stock QTY : " + StockQty): null

2018-05-28 10:48:02 - [TEST_STEP][PASSED] - delay: Delayed 2 second(s)

2018-05-28 10:48:04 - [MESSAGE][PASSED] - Delayed 2 second(s)

2018-05-28 10:48:04 - [TEST_STEP][PASSED] - Statement - If (java.lang.String.valueOf(StockQty) >= java.lang.String.valueOf(RequestedQty)): null

2018-05-28 10:48:04 - [TEST_STEP][PASSED] - setText: Text '10' is set on object 'Object Repository/HealthpostToStore/Page_Store/input_txtqty'

2018-05-28 10:48:04 - [MESSAGE][PASSED] - Text '10' is set on object 'Object Repository/HealthpostToStore/Page_Store/input_txtqty'

2018-05-28 10:48:04 - [TEST_STEP][PASSED] - click: Object: 'Object Repository/HealthpostToStore/Page_Store/button_Add' is clicked on

2018-05-28 10:48:04 - [MESSAGE][PASSED] - Object: 'Object Repository/HealthpostToStore/Page_Store/button_Add' is clicked on

2018-05-28 10:48:04 - [TEST_STEP][PASSED] - Statement - Break: null

2018-05-28 10:48:04 - [TEST_STEP][PASSED] - scrollToElement: Scroll to object 'Object Repository/HealthpostToStore/Page_Store/input_btnSubmit' successfully

2018-05-28 10:48:04 - [MESSAGE][PASSED] - Scroll to object 'Object Repository/HealthpostToStore/Page_Store/input_btnSubmit' successfully

2018-05-28 10:48:04 - [TEST_STEP][PASSED] - click: Object: 'Object Repository/HealthpostToStore/Page_Store/input_btnSubmit' is clicked on

2018-05-28 10:48:04 - [MESSAGE][PASSED] - Object: 'Object Repository/HealthpostToStore/Page_Store/input_btnSubmit' is clicked on

2018-05-28 10:48:04 - [TEST_STEP][PASSED] - delay: Delayed 3 second(s)

2018-05-28 10:48:07 - [MESSAGE][PASSED] - Delayed 3 second(s)

2018-05-28 10:48:07 - [TEST_STEP][PASSED] - click: Object: 'Object Repository/HealthpostToStore/Page_Store/button_OK' is clicked on

2018-05-28 10:48:08 - [MESSAGE][PASSED] - Object: 'Object Repository/HealthpostToStore/Page_Store/button_OK' is clicked on

2018-05-28 10:48:08 - [TEST_STEP][PASSED] - delay: Delayed 3 second(s)

2018-05-28 10:48:11 - [MESSAGE][PASSED] - Delayed 3 second(s)

2018-05-28 10:48:11 - [TEST_STEP][PASSED] - click: Object: 'Object Repository/HealthpostToStore/Page_Store/a_dropdown-toggle' is clicked on

2018-05-28 10:48:11 - [MESSAGE][PASSED] - Object: 'Object Repository/HealthpostToStore/Page_Store/a_dropdown-toggle' is clicked on

2018-05-28 10:48:11 - [TEST_STEP][PASSED] - click: Object: 'Object Repository/HealthpostToStore/Page_Store/a_Sign out' is clicked on

2018-05-28 10:48:12 - [MESSAGE][PASSED] - Object: 'Object Repository/HealthpostToStore/Page_Store/a_Sign out' is clicked on

2018-05-28 10:48:12 - [TEST_STEP][PASSED] - closeBrowser: Browser is closed

2018-05-28 10:48:12 - [MESSAGE][PASSED] - Browser is closed]]></system-out>
         <system-err><![CDATA[]]></system-err>
      </testcase>
      <testcase name="Test Cases/HEALTHPOST TEST CASES/TC_HP_005 Verify Schedule 5 Healthpost Request Are Working Successfully Or Not" classname="Test Cases/HEALTHPOST TEST CASES/TC_HP_005 Verify Schedule 5 Healthpost Request Are Working Successfully Or Not" status="PASSED">
         <system-out><![CDATA[2018-05-28 10:48:12 - [TEST_CASE][PASSED] - Test Cases/HEALTHPOST TEST CASES/TC_HP_005 Verify Schedule 5 Healthpost Request Are Working Successfully Or Not: Test Cases/HEALTHPOST TEST CASES/TC_HP_005 Verify Schedule 5 Healthpost Request Are Working Successfully Or Not

2018-05-28 10:48:13 - [TEST_STEP][PASSED] - openBrowser: Browser is opened with url: ''

2018-05-28 10:48:15 - [MESSAGE][PASSED] - Browser is opened with url: ''

2018-05-28 10:48:15 - [TEST_STEP][PASSED] - navigateToUrl: Navigate to 'http://192.168.137.1/multihospital_new/HDSplashscreen.aspx' successfully

2018-05-28 10:48:16 - [MESSAGE][PASSED] - Navigate to 'http://192.168.137.1/multihospital_new/HDSplashscreen.aspx' successfully

2018-05-28 10:48:16 - [TEST_STEP][PASSED] - maximizeWindow: Current window maximized

2018-05-28 10:48:17 - [MESSAGE][PASSED] - Current window maximized

2018-05-28 10:48:17 - [TEST_STEP][PASSED] - click: Object: 'Object Repository/HealthpostToStore/Page_KDMC/a_Healthpost Store' is clicked on

2018-05-28 10:48:18 - [MESSAGE][PASSED] - Object: 'Object Repository/HealthpostToStore/Page_KDMC/a_Healthpost Store' is clicked on

2018-05-28 10:48:18 - [TEST_STEP][PASSED] - setText: Text 'raguram' is set on object 'Object Repository/HealthpostToStore/Page_HealthPost Store Login/input_txtusername'

2018-05-28 10:48:18 - [MESSAGE][PASSED] - Text 'raguram' is set on object 'Object Repository/HealthpostToStore/Page_HealthPost Store Login/input_txtusername'

2018-05-28 10:48:18 - [TEST_STEP][PASSED] - setText: Text '123' is set on object 'Object Repository/HealthpostToStore/Page_HealthPost Store Login/input_txtpassword'

2018-05-28 10:48:18 - [MESSAGE][PASSED] - Text '123' is set on object 'Object Repository/HealthpostToStore/Page_HealthPost Store Login/input_txtpassword'

2018-05-28 10:48:18 - [TEST_STEP][PASSED] - delay: Delayed 3 second(s)

2018-05-28 10:48:21 - [MESSAGE][PASSED] - Delayed 3 second(s)

2018-05-28 10:48:21 - [TEST_STEP][PASSED] - sendKeys: Keys 'ENTER + ' sent to object: 'Object Repository/HealthpostToStore/Page_HealthPost Store Login/input_txtpassword'

2018-05-28 10:48:22 - [MESSAGE][PASSED] - Keys 'ENTER + ' sent to object: 'Object Repository/HealthpostToStore/Page_HealthPost Store Login/input_txtpassword'

2018-05-28 10:48:22 - [TEST_STEP][PASSED] - delay: Delayed 3 second(s)

2018-05-28 10:48:25 - [MESSAGE][PASSED] - Delayed 3 second(s)

2018-05-28 10:48:25 - [TEST_STEP][PASSED] - click: Object: 'Object Repository/HealthpostToStore/Page_HealthPost Store/a_Request to Store' is clicked on

2018-05-28 10:48:25 - [MESSAGE][PASSED] - Object: 'Object Repository/HealthpostToStore/Page_HealthPost Store/a_Request to Store' is clicked on

2018-05-28 10:48:25 - [TEST_STEP][PASSED] - delay: Delayed 1 second(s)

2018-05-28 10:48:26 - [MESSAGE][PASSED] - Delayed 1 second(s)

2018-05-28 10:48:26 - [TEST_STEP][PASSED] - click: Object: 'Object Repository/HealthpostToStore/Page_HealthPost Store/a_Medicine Request' is clicked on

2018-05-28 10:48:27 - [MESSAGE][PASSED] - Object: 'Object Repository/HealthpostToStore/Page_HealthPost Store/a_Medicine Request' is clicked on

2018-05-28 10:48:27 - [TEST_STEP][PASSED] - delay: Delayed 1 second(s)

2018-05-28 10:48:28 - [MESSAGE][PASSED] - Delayed 1 second(s)

2018-05-28 10:48:28 - [TEST_STEP][PASSED] - selectOptionByIndex: All options with index in [5] are selected on object 'Object Repository/HealthpostToStore/Page_HealthPost Store/select_--Select--Schedule 1Inj'

2018-05-28 10:48:28 - [MESSAGE][PASSED] - All options with index in [5] are selected on object 'Object Repository/HealthpostToStore/Page_HealthPost Store/select_--Select--Schedule 1Inj'

2018-05-28 10:48:28 - [TEST_STEP][PASSED] - Statement - medicineslength = com.kms.katalon.core.webui.keyword.WebUiBuiltInKeywords.getNumberOfTotalOption(com.kms.katalon.core.testobject.ObjectRepository.findTestObject(HealthpostToStore/Page_HealthPost Store/select_--Select--Adernaline 0.)): 17 options of object 'Object Repository/HealthpostToStore/Page_HealthPost Store/select_--Select--Adernaline 0.' counted

2018-05-28 10:48:28 - [MESSAGE][PASSED] - 17 options of object 'Object Repository/HealthpostToStore/Page_HealthPost Store/select_--Select--Adernaline 0.' counted

2018-05-28 10:48:28 - [TEST_STEP][PASSED] - Statement - For ([e = 1, e <= medicineslength - 1, (e++)]): Object: 'Object Repository/HealthpostToStore/Page_HealthPost Store/button_Add' is clicked on

2018-05-28 10:48:28 - [TEST_STEP][PASSED] - selectOptionByIndex: All options with index in [5] are selected on object 'Object Repository/HealthpostToStore/Page_HealthPost Store/select_--Select--Schedule 1Inj'

2018-05-28 10:48:28 - [MESSAGE][PASSED] - All options with index in [5] are selected on object 'Object Repository/HealthpostToStore/Page_HealthPost Store/select_--Select--Schedule 1Inj'

2018-05-28 10:48:28 - [TEST_STEP][PASSED] - delay: Delayed 1 second(s)

2018-05-28 10:48:29 - [MESSAGE][PASSED] - Delayed 1 second(s)

2018-05-28 10:48:29 - [TEST_STEP][PASSED] - selectOptionByIndex: All options with index in [1] are selected on object 'Object Repository/HealthpostToStore/Page_HealthPost Store/select_--Select--Adernaline 0.'

2018-05-28 10:48:29 - [MESSAGE][PASSED] - All options with index in [1] are selected on object 'Object Repository/HealthpostToStore/Page_HealthPost Store/select_--Select--Adernaline 0.'

2018-05-28 10:48:29 - [TEST_STEP][PASSED] - setText: Text '10' is set on object 'Object Repository/HealthpostToStore/Page_HealthPost Store/input_txttreat'

2018-05-28 10:48:29 - [MESSAGE][PASSED] - Text '10' is set on object 'Object Repository/HealthpostToStore/Page_HealthPost Store/input_txttreat'

2018-05-28 10:48:29 - [TEST_STEP][PASSED] - click: Object: 'Object Repository/HealthpostToStore/Page_HealthPost Store/button_Add' is clicked on

2018-05-28 10:48:29 - [MESSAGE][PASSED] - Object: 'Object Repository/HealthpostToStore/Page_HealthPost Store/button_Add' is clicked on

2018-05-28 10:48:29 - [TEST_STEP][PASSED] - selectOptionByIndex: All options with index in [5] are selected on object 'Object Repository/HealthpostToStore/Page_HealthPost Store/select_--Select--Schedule 1Inj'

2018-05-28 10:48:30 - [MESSAGE][PASSED] - All options with index in [5] are selected on object 'Object Repository/HealthpostToStore/Page_HealthPost Store/select_--Select--Schedule 1Inj'

2018-05-28 10:48:30 - [TEST_STEP][PASSED] - delay: Delayed 1 second(s)

2018-05-28 10:48:31 - [MESSAGE][PASSED] - Delayed 1 second(s)

2018-05-28 10:48:31 - [TEST_STEP][PASSED] - selectOptionByIndex: All options with index in [2] are selected on object 'Object Repository/HealthpostToStore/Page_HealthPost Store/select_--Select--Adernaline 0.'

2018-05-28 10:48:31 - [MESSAGE][PASSED] - All options with index in [2] are selected on object 'Object Repository/HealthpostToStore/Page_HealthPost Store/select_--Select--Adernaline 0.'

2018-05-28 10:48:31 - [TEST_STEP][PASSED] - setText: Text '10' is set on object 'Object Repository/HealthpostToStore/Page_HealthPost Store/input_txttreat'

2018-05-28 10:48:31 - [MESSAGE][PASSED] - Text '10' is set on object 'Object Repository/HealthpostToStore/Page_HealthPost Store/input_txttreat'

2018-05-28 10:48:31 - [TEST_STEP][PASSED] - click: Object: 'Object Repository/HealthpostToStore/Page_HealthPost Store/button_Add' is clicked on

2018-05-28 10:48:31 - [MESSAGE][PASSED] - Object: 'Object Repository/HealthpostToStore/Page_HealthPost Store/button_Add' is clicked on

2018-05-28 10:48:31 - [TEST_STEP][PASSED] - selectOptionByIndex: All options with index in [5] are selected on object 'Object Repository/HealthpostToStore/Page_HealthPost Store/select_--Select--Schedule 1Inj'

2018-05-28 10:48:31 - [MESSAGE][PASSED] - All options with index in [5] are selected on object 'Object Repository/HealthpostToStore/Page_HealthPost Store/select_--Select--Schedule 1Inj'

2018-05-28 10:48:31 - [TEST_STEP][PASSED] - delay: Delayed 1 second(s)

2018-05-28 10:48:32 - [MESSAGE][PASSED] - Delayed 1 second(s)

2018-05-28 10:48:32 - [TEST_STEP][PASSED] - selectOptionByIndex: All options with index in [3] are selected on object 'Object Repository/HealthpostToStore/Page_HealthPost Store/select_--Select--Adernaline 0.'

2018-05-28 10:48:32 - [MESSAGE][PASSED] - All options with index in [3] are selected on object 'Object Repository/HealthpostToStore/Page_HealthPost Store/select_--Select--Adernaline 0.'

2018-05-28 10:48:32 - [TEST_STEP][PASSED] - setText: Text '10' is set on object 'Object Repository/HealthpostToStore/Page_HealthPost Store/input_txttreat'

2018-05-28 10:48:32 - [MESSAGE][PASSED] - Text '10' is set on object 'Object Repository/HealthpostToStore/Page_HealthPost Store/input_txttreat'

2018-05-28 10:48:32 - [TEST_STEP][PASSED] - click: Object: 'Object Repository/HealthpostToStore/Page_HealthPost Store/button_Add' is clicked on

2018-05-28 10:48:32 - [MESSAGE][PASSED] - Object: 'Object Repository/HealthpostToStore/Page_HealthPost Store/button_Add' is clicked on

2018-05-28 10:48:32 - [TEST_STEP][PASSED] - selectOptionByIndex: All options with index in [5] are selected on object 'Object Repository/HealthpostToStore/Page_HealthPost Store/select_--Select--Schedule 1Inj'

2018-05-28 10:48:33 - [MESSAGE][PASSED] - All options with index in [5] are selected on object 'Object Repository/HealthpostToStore/Page_HealthPost Store/select_--Select--Schedule 1Inj'

2018-05-28 10:48:33 - [TEST_STEP][PASSED] - delay: Delayed 1 second(s)

2018-05-28 10:48:34 - [MESSAGE][PASSED] - Delayed 1 second(s)

2018-05-28 10:48:34 - [TEST_STEP][PASSED] - selectOptionByIndex: All options with index in [4] are selected on object 'Object Repository/HealthpostToStore/Page_HealthPost Store/select_--Select--Adernaline 0.'

2018-05-28 10:48:34 - [MESSAGE][PASSED] - All options with index in [4] are selected on object 'Object Repository/HealthpostToStore/Page_HealthPost Store/select_--Select--Adernaline 0.'

2018-05-28 10:48:34 - [TEST_STEP][PASSED] - setText: Text '10' is set on object 'Object Repository/HealthpostToStore/Page_HealthPost Store/input_txttreat'

2018-05-28 10:48:34 - [MESSAGE][PASSED] - Text '10' is set on object 'Object Repository/HealthpostToStore/Page_HealthPost Store/input_txttreat'

2018-05-28 10:48:34 - [TEST_STEP][PASSED] - click: Object: 'Object Repository/HealthpostToStore/Page_HealthPost Store/button_Add' is clicked on

2018-05-28 10:48:34 - [MESSAGE][PASSED] - Object: 'Object Repository/HealthpostToStore/Page_HealthPost Store/button_Add' is clicked on

2018-05-28 10:48:34 - [TEST_STEP][PASSED] - selectOptionByIndex: All options with index in [5] are selected on object 'Object Repository/HealthpostToStore/Page_HealthPost Store/select_--Select--Schedule 1Inj'

2018-05-28 10:48:34 - [MESSAGE][PASSED] - All options with index in [5] are selected on object 'Object Repository/HealthpostToStore/Page_HealthPost Store/select_--Select--Schedule 1Inj'

2018-05-28 10:48:34 - [TEST_STEP][PASSED] - delay: Delayed 1 second(s)

2018-05-28 10:48:35 - [MESSAGE][PASSED] - Delayed 1 second(s)

2018-05-28 10:48:35 - [TEST_STEP][PASSED] - selectOptionByIndex: All options with index in [5] are selected on object 'Object Repository/HealthpostToStore/Page_HealthPost Store/select_--Select--Adernaline 0.'

2018-05-28 10:48:35 - [MESSAGE][PASSED] - All options with index in [5] are selected on object 'Object Repository/HealthpostToStore/Page_HealthPost Store/select_--Select--Adernaline 0.'

2018-05-28 10:48:35 - [TEST_STEP][PASSED] - setText: Text '10' is set on object 'Object Repository/HealthpostToStore/Page_HealthPost Store/input_txttreat'

2018-05-28 10:48:35 - [MESSAGE][PASSED] - Text '10' is set on object 'Object Repository/HealthpostToStore/Page_HealthPost Store/input_txttreat'

2018-05-28 10:48:35 - [TEST_STEP][PASSED] - click: Object: 'Object Repository/HealthpostToStore/Page_HealthPost Store/button_Add' is clicked on

2018-05-28 10:48:35 - [MESSAGE][PASSED] - Object: 'Object Repository/HealthpostToStore/Page_HealthPost Store/button_Add' is clicked on

2018-05-28 10:48:35 - [TEST_STEP][PASSED] - selectOptionByIndex: All options with index in [5] are selected on object 'Object Repository/HealthpostToStore/Page_HealthPost Store/select_--Select--Schedule 1Inj'

2018-05-28 10:48:36 - [MESSAGE][PASSED] - All options with index in [5] are selected on object 'Object Repository/HealthpostToStore/Page_HealthPost Store/select_--Select--Schedule 1Inj'

2018-05-28 10:48:36 - [TEST_STEP][PASSED] - delay: Delayed 1 second(s)

2018-05-28 10:48:37 - [MESSAGE][PASSED] - Delayed 1 second(s)

2018-05-28 10:48:37 - [TEST_STEP][PASSED] - selectOptionByIndex: All options with index in [6] are selected on object 'Object Repository/HealthpostToStore/Page_HealthPost Store/select_--Select--Adernaline 0.'

2018-05-28 10:48:37 - [MESSAGE][PASSED] - All options with index in [6] are selected on object 'Object Repository/HealthpostToStore/Page_HealthPost Store/select_--Select--Adernaline 0.'

2018-05-28 10:48:37 - [TEST_STEP][PASSED] - setText: Text '10' is set on object 'Object Repository/HealthpostToStore/Page_HealthPost Store/input_txttreat'

2018-05-28 10:48:37 - [MESSAGE][PASSED] - Text '10' is set on object 'Object Repository/HealthpostToStore/Page_HealthPost Store/input_txttreat'

2018-05-28 10:48:37 - [TEST_STEP][PASSED] - click: Object: 'Object Repository/HealthpostToStore/Page_HealthPost Store/button_Add' is clicked on

2018-05-28 10:48:37 - [MESSAGE][PASSED] - Object: 'Object Repository/HealthpostToStore/Page_HealthPost Store/button_Add' is clicked on

2018-05-28 10:48:37 - [TEST_STEP][PASSED] - selectOptionByIndex: All options with index in [5] are selected on object 'Object Repository/HealthpostToStore/Page_HealthPost Store/select_--Select--Schedule 1Inj'

2018-05-28 10:48:37 - [MESSAGE][PASSED] - All options with index in [5] are selected on object 'Object Repository/HealthpostToStore/Page_HealthPost Store/select_--Select--Schedule 1Inj'

2018-05-28 10:48:37 - [TEST_STEP][PASSED] - delay: Delayed 1 second(s)

2018-05-28 10:48:38 - [MESSAGE][PASSED] - Delayed 1 second(s)

2018-05-28 10:48:38 - [TEST_STEP][PASSED] - selectOptionByIndex: All options with index in [7] are selected on object 'Object Repository/HealthpostToStore/Page_HealthPost Store/select_--Select--Adernaline 0.'

2018-05-28 10:48:38 - [MESSAGE][PASSED] - All options with index in [7] are selected on object 'Object Repository/HealthpostToStore/Page_HealthPost Store/select_--Select--Adernaline 0.'

2018-05-28 10:48:38 - [TEST_STEP][PASSED] - setText: Text '10' is set on object 'Object Repository/HealthpostToStore/Page_HealthPost Store/input_txttreat'

2018-05-28 10:48:38 - [MESSAGE][PASSED] - Text '10' is set on object 'Object Repository/HealthpostToStore/Page_HealthPost Store/input_txttreat'

2018-05-28 10:48:38 - [TEST_STEP][PASSED] - click: Object: 'Object Repository/HealthpostToStore/Page_HealthPost Store/button_Add' is clicked on

2018-05-28 10:48:39 - [MESSAGE][PASSED] - Object: 'Object Repository/HealthpostToStore/Page_HealthPost Store/button_Add' is clicked on

2018-05-28 10:48:39 - [TEST_STEP][PASSED] - selectOptionByIndex: All options with index in [5] are selected on object 'Object Repository/HealthpostToStore/Page_HealthPost Store/select_--Select--Schedule 1Inj'

2018-05-28 10:48:39 - [MESSAGE][PASSED] - All options with index in [5] are selected on object 'Object Repository/HealthpostToStore/Page_HealthPost Store/select_--Select--Schedule 1Inj'

2018-05-28 10:48:39 - [TEST_STEP][PASSED] - delay: Delayed 1 second(s)

2018-05-28 10:48:40 - [MESSAGE][PASSED] - Delayed 1 second(s)

2018-05-28 10:48:40 - [TEST_STEP][PASSED] - selectOptionByIndex: All options with index in [8] are selected on object 'Object Repository/HealthpostToStore/Page_HealthPost Store/select_--Select--Adernaline 0.'

2018-05-28 10:48:40 - [MESSAGE][PASSED] - All options with index in [8] are selected on object 'Object Repository/HealthpostToStore/Page_HealthPost Store/select_--Select--Adernaline 0.'

2018-05-28 10:48:40 - [TEST_STEP][PASSED] - setText: Text '10' is set on object 'Object Repository/HealthpostToStore/Page_HealthPost Store/input_txttreat'

2018-05-28 10:48:40 - [MESSAGE][PASSED] - Text '10' is set on object 'Object Repository/HealthpostToStore/Page_HealthPost Store/input_txttreat'

2018-05-28 10:48:40 - [TEST_STEP][PASSED] - click: Object: 'Object Repository/HealthpostToStore/Page_HealthPost Store/button_Add' is clicked on

2018-05-28 10:48:40 - [MESSAGE][PASSED] - Object: 'Object Repository/HealthpostToStore/Page_HealthPost Store/button_Add' is clicked on

2018-05-28 10:48:40 - [TEST_STEP][PASSED] - selectOptionByIndex: All options with index in [5] are selected on object 'Object Repository/HealthpostToStore/Page_HealthPost Store/select_--Select--Schedule 1Inj'

2018-05-28 10:48:40 - [MESSAGE][PASSED] - All options with index in [5] are selected on object 'Object Repository/HealthpostToStore/Page_HealthPost Store/select_--Select--Schedule 1Inj'

2018-05-28 10:48:40 - [TEST_STEP][PASSED] - delay: Delayed 1 second(s)

2018-05-28 10:48:41 - [MESSAGE][PASSED] - Delayed 1 second(s)

2018-05-28 10:48:41 - [TEST_STEP][PASSED] - selectOptionByIndex: All options with index in [9] are selected on object 'Object Repository/HealthpostToStore/Page_HealthPost Store/select_--Select--Adernaline 0.'

2018-05-28 10:48:42 - [MESSAGE][PASSED] - All options with index in [9] are selected on object 'Object Repository/HealthpostToStore/Page_HealthPost Store/select_--Select--Adernaline 0.'

2018-05-28 10:48:42 - [TEST_STEP][PASSED] - setText: Text '10' is set on object 'Object Repository/HealthpostToStore/Page_HealthPost Store/input_txttreat'

2018-05-28 10:48:42 - [MESSAGE][PASSED] - Text '10' is set on object 'Object Repository/HealthpostToStore/Page_HealthPost Store/input_txttreat'

2018-05-28 10:48:42 - [TEST_STEP][PASSED] - click: Object: 'Object Repository/HealthpostToStore/Page_HealthPost Store/button_Add' is clicked on

2018-05-28 10:48:42 - [MESSAGE][PASSED] - Object: 'Object Repository/HealthpostToStore/Page_HealthPost Store/button_Add' is clicked on

2018-05-28 10:48:42 - [TEST_STEP][PASSED] - selectOptionByIndex: All options with index in [5] are selected on object 'Object Repository/HealthpostToStore/Page_HealthPost Store/select_--Select--Schedule 1Inj'

2018-05-28 10:48:42 - [MESSAGE][PASSED] - All options with index in [5] are selected on object 'Object Repository/HealthpostToStore/Page_HealthPost Store/select_--Select--Schedule 1Inj'

2018-05-28 10:48:42 - [TEST_STEP][PASSED] - delay: Delayed 1 second(s)

2018-05-28 10:48:43 - [MESSAGE][PASSED] - Delayed 1 second(s)

2018-05-28 10:48:43 - [TEST_STEP][PASSED] - selectOptionByIndex: All options with index in [10] are selected on object 'Object Repository/HealthpostToStore/Page_HealthPost Store/select_--Select--Adernaline 0.'

2018-05-28 10:48:43 - [MESSAGE][PASSED] - All options with index in [10] are selected on object 'Object Repository/HealthpostToStore/Page_HealthPost Store/select_--Select--Adernaline 0.'

2018-05-28 10:48:43 - [TEST_STEP][PASSED] - setText: Text '10' is set on object 'Object Repository/HealthpostToStore/Page_HealthPost Store/input_txttreat'

2018-05-28 10:48:43 - [MESSAGE][PASSED] - Text '10' is set on object 'Object Repository/HealthpostToStore/Page_HealthPost Store/input_txttreat'

2018-05-28 10:48:43 - [TEST_STEP][PASSED] - click: Object: 'Object Repository/HealthpostToStore/Page_HealthPost Store/button_Add' is clicked on

2018-05-28 10:48:43 - [MESSAGE][PASSED] - Object: 'Object Repository/HealthpostToStore/Page_HealthPost Store/button_Add' is clicked on

2018-05-28 10:48:43 - [TEST_STEP][PASSED] - selectOptionByIndex: All options with index in [5] are selected on object 'Object Repository/HealthpostToStore/Page_HealthPost Store/select_--Select--Schedule 1Inj'

2018-05-28 10:48:43 - [MESSAGE][PASSED] - All options with index in [5] are selected on object 'Object Repository/HealthpostToStore/Page_HealthPost Store/select_--Select--Schedule 1Inj'

2018-05-28 10:48:43 - [TEST_STEP][PASSED] - delay: Delayed 1 second(s)

2018-05-28 10:48:44 - [MESSAGE][PASSED] - Delayed 1 second(s)

2018-05-28 10:48:44 - [TEST_STEP][PASSED] - selectOptionByIndex: All options with index in [11] are selected on object 'Object Repository/HealthpostToStore/Page_HealthPost Store/select_--Select--Adernaline 0.'

2018-05-28 10:48:45 - [MESSAGE][PASSED] - All options with index in [11] are selected on object 'Object Repository/HealthpostToStore/Page_HealthPost Store/select_--Select--Adernaline 0.'

2018-05-28 10:48:45 - [TEST_STEP][PASSED] - setText: Text '10' is set on object 'Object Repository/HealthpostToStore/Page_HealthPost Store/input_txttreat'

2018-05-28 10:48:45 - [MESSAGE][PASSED] - Text '10' is set on object 'Object Repository/HealthpostToStore/Page_HealthPost Store/input_txttreat'

2018-05-28 10:48:45 - [TEST_STEP][PASSED] - click: Object: 'Object Repository/HealthpostToStore/Page_HealthPost Store/button_Add' is clicked on

2018-05-28 10:48:45 - [MESSAGE][PASSED] - Object: 'Object Repository/HealthpostToStore/Page_HealthPost Store/button_Add' is clicked on

2018-05-28 10:48:45 - [TEST_STEP][PASSED] - selectOptionByIndex: All options with index in [5] are selected on object 'Object Repository/HealthpostToStore/Page_HealthPost Store/select_--Select--Schedule 1Inj'

2018-05-28 10:48:45 - [MESSAGE][PASSED] - All options with index in [5] are selected on object 'Object Repository/HealthpostToStore/Page_HealthPost Store/select_--Select--Schedule 1Inj'

2018-05-28 10:48:45 - [TEST_STEP][PASSED] - delay: Delayed 1 second(s)

2018-05-28 10:48:46 - [MESSAGE][PASSED] - Delayed 1 second(s)

2018-05-28 10:48:46 - [TEST_STEP][PASSED] - selectOptionByIndex: All options with index in [12] are selected on object 'Object Repository/HealthpostToStore/Page_HealthPost Store/select_--Select--Adernaline 0.'

2018-05-28 10:48:46 - [MESSAGE][PASSED] - All options with index in [12] are selected on object 'Object Repository/HealthpostToStore/Page_HealthPost Store/select_--Select--Adernaline 0.'

2018-05-28 10:48:46 - [TEST_STEP][PASSED] - setText: Text '10' is set on object 'Object Repository/HealthpostToStore/Page_HealthPost Store/input_txttreat'

2018-05-28 10:48:46 - [MESSAGE][PASSED] - Text '10' is set on object 'Object Repository/HealthpostToStore/Page_HealthPost Store/input_txttreat'

2018-05-28 10:48:46 - [TEST_STEP][PASSED] - click: Object: 'Object Repository/HealthpostToStore/Page_HealthPost Store/button_Add' is clicked on

2018-05-28 10:48:47 - [MESSAGE][PASSED] - Object: 'Object Repository/HealthpostToStore/Page_HealthPost Store/button_Add' is clicked on

2018-05-28 10:48:47 - [TEST_STEP][PASSED] - selectOptionByIndex: All options with index in [5] are selected on object 'Object Repository/HealthpostToStore/Page_HealthPost Store/select_--Select--Schedule 1Inj'

2018-05-28 10:48:47 - [MESSAGE][PASSED] - All options with index in [5] are selected on object 'Object Repository/HealthpostToStore/Page_HealthPost Store/select_--Select--Schedule 1Inj'

2018-05-28 10:48:47 - [TEST_STEP][PASSED] - delay: Delayed 1 second(s)

2018-05-28 10:48:48 - [MESSAGE][PASSED] - Delayed 1 second(s)

2018-05-28 10:48:48 - [TEST_STEP][PASSED] - selectOptionByIndex: All options with index in [13] are selected on object 'Object Repository/HealthpostToStore/Page_HealthPost Store/select_--Select--Adernaline 0.'

2018-05-28 10:48:48 - [MESSAGE][PASSED] - All options with index in [13] are selected on object 'Object Repository/HealthpostToStore/Page_HealthPost Store/select_--Select--Adernaline 0.'

2018-05-28 10:48:48 - [TEST_STEP][PASSED] - setText: Text '10' is set on object 'Object Repository/HealthpostToStore/Page_HealthPost Store/input_txttreat'

2018-05-28 10:48:48 - [MESSAGE][PASSED] - Text '10' is set on object 'Object Repository/HealthpostToStore/Page_HealthPost Store/input_txttreat'

2018-05-28 10:48:48 - [TEST_STEP][PASSED] - click: Object: 'Object Repository/HealthpostToStore/Page_HealthPost Store/button_Add' is clicked on

2018-05-28 10:48:48 - [MESSAGE][PASSED] - Object: 'Object Repository/HealthpostToStore/Page_HealthPost Store/button_Add' is clicked on

2018-05-28 10:48:48 - [TEST_STEP][PASSED] - selectOptionByIndex: All options with index in [5] are selected on object 'Object Repository/HealthpostToStore/Page_HealthPost Store/select_--Select--Schedule 1Inj'

2018-05-28 10:48:48 - [MESSAGE][PASSED] - All options with index in [5] are selected on object 'Object Repository/HealthpostToStore/Page_HealthPost Store/select_--Select--Schedule 1Inj'

2018-05-28 10:48:48 - [TEST_STEP][PASSED] - delay: Delayed 1 second(s)

2018-05-28 10:48:49 - [MESSAGE][PASSED] - Delayed 1 second(s)

2018-05-28 10:48:49 - [TEST_STEP][PASSED] - selectOptionByIndex: All options with index in [14] are selected on object 'Object Repository/HealthpostToStore/Page_HealthPost Store/select_--Select--Adernaline 0.'

2018-05-28 10:48:50 - [MESSAGE][PASSED] - All options with index in [14] are selected on object 'Object Repository/HealthpostToStore/Page_HealthPost Store/select_--Select--Adernaline 0.'

2018-05-28 10:48:50 - [TEST_STEP][PASSED] - setText: Text '10' is set on object 'Object Repository/HealthpostToStore/Page_HealthPost Store/input_txttreat'

2018-05-28 10:48:50 - [MESSAGE][PASSED] - Text '10' is set on object 'Object Repository/HealthpostToStore/Page_HealthPost Store/input_txttreat'

2018-05-28 10:48:50 - [TEST_STEP][PASSED] - click: Object: 'Object Repository/HealthpostToStore/Page_HealthPost Store/button_Add' is clicked on

2018-05-28 10:48:50 - [MESSAGE][PASSED] - Object: 'Object Repository/HealthpostToStore/Page_HealthPost Store/button_Add' is clicked on

2018-05-28 10:48:50 - [TEST_STEP][PASSED] - selectOptionByIndex: All options with index in [5] are selected on object 'Object Repository/HealthpostToStore/Page_HealthPost Store/select_--Select--Schedule 1Inj'

2018-05-28 10:48:50 - [MESSAGE][PASSED] - All options with index in [5] are selected on object 'Object Repository/HealthpostToStore/Page_HealthPost Store/select_--Select--Schedule 1Inj'

2018-05-28 10:48:50 - [TEST_STEP][PASSED] - delay: Delayed 1 second(s)

2018-05-28 10:48:51 - [MESSAGE][PASSED] - Delayed 1 second(s)

2018-05-28 10:48:51 - [TEST_STEP][PASSED] - selectOptionByIndex: All options with index in [15] are selected on object 'Object Repository/HealthpostToStore/Page_HealthPost Store/select_--Select--Adernaline 0.'

2018-05-28 10:48:51 - [MESSAGE][PASSED] - All options with index in [15] are selected on object 'Object Repository/HealthpostToStore/Page_HealthPost Store/select_--Select--Adernaline 0.'

2018-05-28 10:48:51 - [TEST_STEP][PASSED] - setText: Text '10' is set on object 'Object Repository/HealthpostToStore/Page_HealthPost Store/input_txttreat'

2018-05-28 10:48:51 - [MESSAGE][PASSED] - Text '10' is set on object 'Object Repository/HealthpostToStore/Page_HealthPost Store/input_txttreat'

2018-05-28 10:48:51 - [TEST_STEP][PASSED] - click: Object: 'Object Repository/HealthpostToStore/Page_HealthPost Store/button_Add' is clicked on

2018-05-28 10:48:51 - [MESSAGE][PASSED] - Object: 'Object Repository/HealthpostToStore/Page_HealthPost Store/button_Add' is clicked on

2018-05-28 10:48:51 - [TEST_STEP][PASSED] - selectOptionByIndex: All options with index in [5] are selected on object 'Object Repository/HealthpostToStore/Page_HealthPost Store/select_--Select--Schedule 1Inj'

2018-05-28 10:48:52 - [MESSAGE][PASSED] - All options with index in [5] are selected on object 'Object Repository/HealthpostToStore/Page_HealthPost Store/select_--Select--Schedule 1Inj'

2018-05-28 10:48:52 - [TEST_STEP][PASSED] - delay: Delayed 1 second(s)

2018-05-28 10:48:53 - [MESSAGE][PASSED] - Delayed 1 second(s)

2018-05-28 10:48:53 - [TEST_STEP][PASSED] - selectOptionByIndex: All options with index in [16] are selected on object 'Object Repository/HealthpostToStore/Page_HealthPost Store/select_--Select--Adernaline 0.'

2018-05-28 10:48:53 - [MESSAGE][PASSED] - All options with index in [16] are selected on object 'Object Repository/HealthpostToStore/Page_HealthPost Store/select_--Select--Adernaline 0.'

2018-05-28 10:48:53 - [TEST_STEP][PASSED] - setText: Text '10' is set on object 'Object Repository/HealthpostToStore/Page_HealthPost Store/input_txttreat'

2018-05-28 10:48:53 - [MESSAGE][PASSED] - Text '10' is set on object 'Object Repository/HealthpostToStore/Page_HealthPost Store/input_txttreat'

2018-05-28 10:48:53 - [TEST_STEP][PASSED] - click: Object: 'Object Repository/HealthpostToStore/Page_HealthPost Store/button_Add' is clicked on

2018-05-28 10:48:53 - [MESSAGE][PASSED] - Object: 'Object Repository/HealthpostToStore/Page_HealthPost Store/button_Add' is clicked on

2018-05-28 10:48:53 - [TEST_STEP][PASSED] - scrollToElement: Scroll to object 'Object Repository/HealthpostToStore/Page_HealthPost Store/input_btnsave' successfully

2018-05-28 10:48:53 - [MESSAGE][PASSED] - Scroll to object 'Object Repository/HealthpostToStore/Page_HealthPost Store/input_btnsave' successfully

2018-05-28 10:48:53 - [TEST_STEP][PASSED] - click: Object: 'Object Repository/HealthpostToStore/Page_HealthPost Store/input_btnsave' is clicked on

2018-05-28 10:48:53 - [MESSAGE][PASSED] - Object: 'Object Repository/HealthpostToStore/Page_HealthPost Store/input_btnsave' is clicked on

2018-05-28 10:48:53 - [TEST_STEP][PASSED] - delay: Delayed 3 second(s)

2018-05-28 10:48:56 - [MESSAGE][PASSED] - Delayed 3 second(s)

2018-05-28 10:48:56 - [TEST_STEP][PASSED] - Statement - RN1 = com.kms.katalon.core.webui.keyword.WebUiBuiltInKeywords.getText(com.kms.katalon.core.testobject.ObjectRepository.findTestObject(HealthpostToStore/Page_HealthPost Store/font_HPRNO180520187)): Text of object 'Object Repository/HealthpostToStore/Page_HealthPost Store/font_HPRNO180520187' is: 'HPRNO/28052018/113'

2018-05-28 10:48:56 - [MESSAGE][PASSED] - Text of object 'Object Repository/HealthpostToStore/Page_HealthPost Store/font_HPRNO180520187' is: 'HPRNO/28052018/113'

2018-05-28 10:48:56 - [TEST_STEP][PASSED] - Statement - out.println(RN1): null

2018-05-28 10:48:56 - [TEST_STEP][PASSED] - Statement - RID = RN1.split("/")[2]: null

2018-05-28 10:48:56 - [TEST_STEP][PASSED] - click: Object: 'Object Repository/HealthpostToStore/Page_HealthPost Store/button_OK' is clicked on

2018-05-28 10:48:57 - [MESSAGE][PASSED] - Object: 'Object Repository/HealthpostToStore/Page_HealthPost Store/button_OK' is clicked on

2018-05-28 10:48:57 - [TEST_STEP][PASSED] - delay: Delayed 3 second(s)

2018-05-28 10:49:00 - [MESSAGE][PASSED] - Delayed 3 second(s)

2018-05-28 10:49:00 - [TEST_STEP][PASSED] - click: Object: 'Object Repository/HealthpostToStore/Page_HealthPost Store/a_dropdown-toggle' is clicked on

2018-05-28 10:49:00 - [MESSAGE][PASSED] - Object: 'Object Repository/HealthpostToStore/Page_HealthPost Store/a_dropdown-toggle' is clicked on

2018-05-28 10:49:00 - [TEST_STEP][PASSED] - click: Object: 'Object Repository/HealthpostToStore/Page_HealthPost Store/a_Sign out' is clicked on

2018-05-28 10:49:01 - [MESSAGE][PASSED] - Object: 'Object Repository/HealthpostToStore/Page_HealthPost Store/a_Sign out' is clicked on

2018-05-28 10:49:01 - [TEST_STEP][PASSED] - delay: Delayed 3 second(s)

2018-05-28 10:49:04 - [MESSAGE][PASSED] - Delayed 3 second(s)

2018-05-28 10:49:04 - [TEST_STEP][PASSED] - navigateToUrl: Navigate to 'http://192.168.137.1/multihospital_new/' successfully

2018-05-28 10:49:04 - [MESSAGE][PASSED] - Navigate to 'http://192.168.137.1/multihospital_new/' successfully

2018-05-28 10:49:04 - [TEST_STEP][PASSED] - click: Object: 'Object Repository/HealthpostToStore/Page_KDMC/a_CMO' is clicked on

2018-05-28 10:49:05 - [MESSAGE][PASSED] - Object: 'Object Repository/HealthpostToStore/Page_KDMC/a_CMO' is clicked on

2018-05-28 10:49:05 - [TEST_STEP][PASSED] - setText: Text 'guru' is set on object 'Object Repository/HealthpostToStore/Page_CMO login/input_txtusername'

2018-05-28 10:49:05 - [MESSAGE][PASSED] - Text 'guru' is set on object 'Object Repository/HealthpostToStore/Page_CMO login/input_txtusername'

2018-05-28 10:49:05 - [TEST_STEP][PASSED] - setText: Text '123' is set on object 'Object Repository/HealthpostToStore/Page_CMO login/input_txtpassword'

2018-05-28 10:49:05 - [MESSAGE][PASSED] - Text '123' is set on object 'Object Repository/HealthpostToStore/Page_CMO login/input_txtpassword'

2018-05-28 10:49:05 - [TEST_STEP][PASSED] - delay: Delayed 3 second(s)

2018-05-28 10:49:08 - [MESSAGE][PASSED] - Delayed 3 second(s)

2018-05-28 10:49:08 - [TEST_STEP][PASSED] - click: Object: 'Object Repository/HealthpostToStore/Page_CMO login/button_Sign in' is clicked on

2018-05-28 10:49:09 - [MESSAGE][PASSED] - Object: 'Object Repository/HealthpostToStore/Page_CMO login/button_Sign in' is clicked on

2018-05-28 10:49:09 - [TEST_STEP][PASSED] - click: Object: 'Object Repository/HealthpostToStore/Page_KDMC - CMO/a_Department Wise Request' is clicked on

2018-05-28 10:49:11 - [MESSAGE][PASSED] - Object: 'Object Repository/HealthpostToStore/Page_KDMC - CMO/a_Department Wise Request' is clicked on

2018-05-28 10:49:11 - [TEST_STEP][PASSED] - delay: Delayed 2 second(s)

2018-05-28 10:49:13 - [MESSAGE][PASSED] - Delayed 2 second(s)

2018-05-28 10:49:13 - [TEST_STEP][PASSED] - selectOptionByIndex: All options with index in [5] are selected on object 'Object Repository/HealthpostToStore/Page_KDMC - CMO/select_--ALL--'

2018-05-28 10:49:13 - [MESSAGE][PASSED] - All options with index in [5] are selected on object 'Object Repository/HealthpostToStore/Page_KDMC - CMO/select_--ALL--'

2018-05-28 10:49:13 - [TEST_STEP][PASSED] - click: Object: 'Object Repository/HealthpostToStore/Page_KDMC - CMO/input_btnsearch' is clicked on

2018-05-28 10:49:13 - [MESSAGE][PASSED] - Object: 'Object Repository/HealthpostToStore/Page_KDMC - CMO/input_btnsearch' is clicked on

2018-05-28 10:49:13 - [TEST_STEP][PASSED] - selectOptionByIndex: All options with index in [1] are selected on object 'Object Repository/HealthpostToStore/Page_KDMC - CMO/select_--ALL--                _1'

2018-05-28 10:49:13 - [MESSAGE][PASSED] - All options with index in [1] are selected on object 'Object Repository/HealthpostToStore/Page_KDMC - CMO/select_--ALL--                _1'

2018-05-28 10:49:13 - [TEST_STEP][PASSED] - click: Object: 'Object Repository/HealthpostToStore/Page_KDMC - CMO/input_btnsearch' is clicked on

2018-05-28 10:49:13 - [MESSAGE][PASSED] - Object: 'Object Repository/HealthpostToStore/Page_KDMC - CMO/input_btnsearch' is clicked on

2018-05-28 10:49:13 - [TEST_STEP][PASSED] - Statement - ID = com.kms.katalon.core.webui.keyword.WebUiBuiltInKeywords.modifyObjectProperty(com.kms.katalon.core.testobject.ObjectRepository.findTestObject(lab/Page_KDMC - CMO/input_1), "xpath", "equals", "//*[@id=" + RID + "]", true): Modify property of object successfully

2018-05-28 10:49:13 - [MESSAGE][PASSED] - Modify property of object successfully

2018-05-28 10:49:13 - [TEST_STEP][PASSED] - click: Object: 'Object Repository/lab/Page_KDMC - CMO/input_1' is clicked on

2018-05-28 10:49:14 - [MESSAGE][PASSED] - Object: 'Object Repository/lab/Page_KDMC - CMO/input_1' is clicked on

2018-05-28 10:49:14 - [TEST_STEP][PASSED] - delay: Delayed 2 second(s)

2018-05-28 10:49:16 - [MESSAGE][PASSED] - Delayed 2 second(s)

2018-05-28 10:49:16 - [TEST_STEP][PASSED] - selectOptionByIndex: All options with index in [1] are selected on object 'Object Repository/HealthpostToStore/Page_KDMC - CMO/select_--Select--'

2018-05-28 10:49:16 - [MESSAGE][PASSED] - All options with index in [1] are selected on object 'Object Repository/HealthpostToStore/Page_KDMC - CMO/select_--Select--'

2018-05-28 10:49:16 - [TEST_STEP][PASSED] - click: Object: 'Object Repository/HealthpostToStore/Page_KDMC - CMO/input_btnupdate' is clicked on

2018-05-28 10:49:16 - [MESSAGE][PASSED] - Object: 'Object Repository/HealthpostToStore/Page_KDMC - CMO/input_btnupdate' is clicked on

2018-05-28 10:49:16 - [TEST_STEP][PASSED] - delay: Delayed 2 second(s)

2018-05-28 10:49:18 - [MESSAGE][PASSED] - Delayed 2 second(s)

2018-05-28 10:49:18 - [TEST_STEP][PASSED] - click: Object: 'Object Repository/HealthpostToStore/Page_KDMC - CMO/button_OK' is clicked on

2018-05-28 10:49:19 - [MESSAGE][PASSED] - Object: 'Object Repository/HealthpostToStore/Page_KDMC - CMO/button_OK' is clicked on

2018-05-28 10:49:19 - [TEST_STEP][PASSED] - delay: Delayed 2 second(s)

2018-05-28 10:49:21 - [MESSAGE][PASSED] - Delayed 2 second(s)

2018-05-28 10:49:21 - [TEST_STEP][PASSED] - click: Object: 'Object Repository/HealthpostToStore/Page_KDMC - CMO/a_dropdown-toggle' is clicked on

2018-05-28 10:49:21 - [MESSAGE][PASSED] - Object: 'Object Repository/HealthpostToStore/Page_KDMC - CMO/a_dropdown-toggle' is clicked on

2018-05-28 10:49:21 - [TEST_STEP][PASSED] - click: Object: 'Object Repository/HealthpostToStore/Page_KDMC - CMO/a_Sign out' is clicked on

2018-05-28 10:49:21 - [MESSAGE][PASSED] - Object: 'Object Repository/HealthpostToStore/Page_KDMC - CMO/a_Sign out' is clicked on

2018-05-28 10:49:21 - [TEST_STEP][PASSED] - delay: Delayed 3 second(s)

2018-05-28 10:49:24 - [MESSAGE][PASSED] - Delayed 3 second(s)

2018-05-28 10:49:24 - [TEST_STEP][PASSED] - click: Object: 'Object Repository/HealthpostToStore/Page_KDMC/a_Divisional Store' is clicked on

2018-05-28 10:49:25 - [MESSAGE][PASSED] - Object: 'Object Repository/HealthpostToStore/Page_KDMC/a_Divisional Store' is clicked on

2018-05-28 10:49:25 - [TEST_STEP][PASSED] - setText: Text 'ragu' is set on object 'Object Repository/HealthpostToStore/Page_Divisonal Store Login/input_txtusername'

2018-05-28 10:49:25 - [MESSAGE][PASSED] - Text 'ragu' is set on object 'Object Repository/HealthpostToStore/Page_Divisonal Store Login/input_txtusername'

2018-05-28 10:49:25 - [TEST_STEP][PASSED] - setText: Text '123' is set on object 'Object Repository/HealthpostToStore/Page_Divisonal Store Login/input_txtpassword'

2018-05-28 10:49:25 - [MESSAGE][PASSED] - Text '123' is set on object 'Object Repository/HealthpostToStore/Page_Divisonal Store Login/input_txtpassword'

2018-05-28 10:49:25 - [TEST_STEP][PASSED] - delay: Delayed 3 second(s)

2018-05-28 10:49:28 - [MESSAGE][PASSED] - Delayed 3 second(s)

2018-05-28 10:49:28 - [TEST_STEP][PASSED] - click: Object: 'Object Repository/HealthpostToStore/Page_Divisonal Store Login/button_Sign in' is clicked on

2018-05-28 10:49:30 - [MESSAGE][PASSED] - Object: 'Object Repository/HealthpostToStore/Page_Divisonal Store Login/button_Sign in' is clicked on

2018-05-28 10:49:30 - [TEST_STEP][PASSED] - delay: Delayed 3 second(s)

2018-05-28 10:49:33 - [MESSAGE][PASSED] - Delayed 3 second(s)

2018-05-28 10:49:33 - [TEST_STEP][PASSED] - click: Object: 'Object Repository/HealthpostToStore/Page_Store/a_Health Post Request' is clicked on

2018-05-28 10:49:33 - [MESSAGE][PASSED] - Object: 'Object Repository/HealthpostToStore/Page_Store/a_Health Post Request' is clicked on

2018-05-28 10:49:33 - [TEST_STEP][PASSED] - click: Object: 'Object Repository/HealthpostToStore/Page_Store/a_Request Item HealthPost' is clicked on

2018-05-28 10:49:34 - [MESSAGE][PASSED] - Object: 'Object Repository/HealthpostToStore/Page_Store/a_Request Item HealthPost' is clicked on

2018-05-28 10:49:34 - [TEST_STEP][PASSED] - Statement - ChooseRequest = com.kms.katalon.core.webui.keyword.WebUiBuiltInKeywords.modifyObjectProperty(com.kms.katalon.core.testobject.ObjectRepository.findTestObject(lab/Page_Store/input_1), "xpath", "equals", "//*[@id=" + RID + "]", true): Modify property of object successfully

2018-05-28 10:49:34 - [MESSAGE][PASSED] - Modify property of object successfully

2018-05-28 10:49:34 - [TEST_STEP][PASSED] - click: Object: 'Object Repository/lab/Page_Store/input_1' is clicked on

2018-05-28 10:49:35 - [MESSAGE][PASSED] - Object: 'Object Repository/lab/Page_Store/input_1' is clicked on

2018-05-28 10:49:35 - [TEST_STEP][PASSED] - Statement - selectedoptions = com.kms.katalon.core.webui.keyword.WebUiBuiltInKeywords.getNumberOfTotalOption(com.kms.katalon.core.testobject.ObjectRepository.findTestObject(HealthpostToStore/Page_Store/select_--Select--Adernaline 0.)): 17 options of object 'Object Repository/HealthpostToStore/Page_Store/select_--Select--Adernaline 0.' counted

2018-05-28 10:49:35 - [MESSAGE][PASSED] - 17 options of object 'Object Repository/HealthpostToStore/Page_Store/select_--Select--Adernaline 0.' counted

2018-05-28 10:49:35 - [TEST_STEP][FAILED] - Statement - For ([a = 1, a <= selectedoptions - 1, (a++)]): null

2018-05-28 10:49:35 - [TEST_STEP][PASSED] - selectOptionByIndex: All options with index in [1] are selected on object 'Object Repository/HealthpostToStore/Page_Store/select_--Select--Adernaline 0.'

2018-05-28 10:49:35 - [MESSAGE][PASSED] - All options with index in [1] are selected on object 'Object Repository/HealthpostToStore/Page_Store/select_--Select--Adernaline 0.'

2018-05-28 10:49:35 - [TEST_STEP][PASSED] - delay: Delayed 2 second(s)

2018-05-28 10:49:37 - [MESSAGE][PASSED] - Delayed 2 second(s)

2018-05-28 10:49:37 - [TEST_STEP][PASSED] - Statement - RequestedQty = com.kms.katalon.core.webui.keyword.WebUiBuiltInKeywords.getAttribute(com.kms.katalon.core.testobject.ObjectRepository.findTestObject(HealthpostToStore/Page_Store/input_txttotal), "value"): Attribute 'value' of object 'Object Repository/HealthpostToStore/Page_Store/input_txttotal' is: '10'

2018-05-28 10:49:37 - [MESSAGE][PASSED] - Attribute 'value' of object 'Object Repository/HealthpostToStore/Page_Store/input_txttotal' is: '10'

2018-05-28 10:49:37 - [TEST_STEP][PASSED] - Statement - out.println("Requested QTY : " + RequestedQty): null

2018-05-28 10:49:37 - [TEST_STEP][PASSED] - Statement - BatchNumber = com.kms.katalon.core.webui.keyword.WebUiBuiltInKeywords.getNumberOfTotalOption(com.kms.katalon.core.testobject.ObjectRepository.findTestObject(HealthpostToStore/Page_Store/select_--Select--BA1170BA2376B)): 4 options of object 'Object Repository/HealthpostToStore/Page_Store/select_--Select--BA1170BA2376B' counted

2018-05-28 10:49:37 - [MESSAGE][PASSED] - 4 options of object 'Object Repository/HealthpostToStore/Page_Store/select_--Select--BA1170BA2376B' counted

2018-05-28 10:49:37 - [TEST_STEP][PASSED] - Statement - For ([g = 1, g <= BatchNumber - 1, (g++)]): null

2018-05-28 10:49:37 - [TEST_STEP][PASSED] - selectOptionByIndex: All options with index in [1] are selected on object 'Object Repository/HealthpostToStore/Page_Store/select_--Select--BA1170BA2376B'

2018-05-28 10:49:38 - [MESSAGE][PASSED] - All options with index in [1] are selected on object 'Object Repository/HealthpostToStore/Page_Store/select_--Select--BA1170BA2376B'

2018-05-28 10:49:38 - [TEST_STEP][PASSED] - Statement - Try: null

2018-05-28 10:49:38 - [TEST_STEP][PASSED] - Statement - StockQty = com.kms.katalon.core.webui.keyword.WebUiBuiltInKeywords.getAttribute(com.kms.katalon.core.testobject.ObjectRepository.findTestObject(HealthpostToStore/Page_Store/input_txtprice), "value"): Attribute 'value' of object 'Object Repository/HealthpostToStore/Page_Store/input_txtprice' is: '1850'

2018-05-28 10:49:38 - [MESSAGE][PASSED] - Attribute 'value' of object 'Object Repository/HealthpostToStore/Page_Store/input_txtprice' is: '1850'

2018-05-28 10:49:38 - [TEST_STEP][PASSED] - Statement - out.println("Stock QTY : " + StockQty): null

2018-05-28 10:49:38 - [TEST_STEP][PASSED] - delay: Delayed 2 second(s)

2018-05-28 10:49:40 - [MESSAGE][PASSED] - Delayed 2 second(s)

2018-05-28 10:49:40 - [TEST_STEP][PASSED] - Statement - If (java.lang.String.valueOf(StockQty) >= java.lang.String.valueOf(RequestedQty)): null

2018-05-28 10:49:40 - [TEST_STEP][PASSED] - setText: Text '10' is set on object 'Object Repository/HealthpostToStore/Page_Store/input_txtqty'

2018-05-28 10:49:40 - [MESSAGE][PASSED] - Text '10' is set on object 'Object Repository/HealthpostToStore/Page_Store/input_txtqty'

2018-05-28 10:49:40 - [TEST_STEP][PASSED] - click: Object: 'Object Repository/HealthpostToStore/Page_Store/button_Add' is clicked on

2018-05-28 10:49:40 - [MESSAGE][PASSED] - Object: 'Object Repository/HealthpostToStore/Page_Store/button_Add' is clicked on

2018-05-28 10:49:40 - [TEST_STEP][PASSED] - Statement - Break: null

2018-05-28 10:49:40 - [TEST_STEP][PASSED] - selectOptionByIndex: All options with index in [2] are selected on object 'Object Repository/HealthpostToStore/Page_Store/select_--Select--Adernaline 0.'

2018-05-28 10:49:40 - [MESSAGE][PASSED] - All options with index in [2] are selected on object 'Object Repository/HealthpostToStore/Page_Store/select_--Select--Adernaline 0.'

2018-05-28 10:49:40 - [TEST_STEP][PASSED] - delay: Delayed 2 second(s)

2018-05-28 10:49:42 - [MESSAGE][PASSED] - Delayed 2 second(s)

2018-05-28 10:49:42 - [TEST_STEP][PASSED] - Statement - RequestedQty = com.kms.katalon.core.webui.keyword.WebUiBuiltInKeywords.getAttribute(com.kms.katalon.core.testobject.ObjectRepository.findTestObject(HealthpostToStore/Page_Store/input_txttotal), "value"): Attribute 'value' of object 'Object Repository/HealthpostToStore/Page_Store/input_txttotal' is: '10'

2018-05-28 10:49:42 - [MESSAGE][PASSED] - Attribute 'value' of object 'Object Repository/HealthpostToStore/Page_Store/input_txttotal' is: '10'

2018-05-28 10:49:42 - [TEST_STEP][PASSED] - Statement - out.println("Requested QTY : " + RequestedQty): null

2018-05-28 10:49:42 - [TEST_STEP][PASSED] - Statement - BatchNumber = com.kms.katalon.core.webui.keyword.WebUiBuiltInKeywords.getNumberOfTotalOption(com.kms.katalon.core.testobject.ObjectRepository.findTestObject(HealthpostToStore/Page_Store/select_--Select--BA1170BA2376B)): 4 options of object 'Object Repository/HealthpostToStore/Page_Store/select_--Select--BA1170BA2376B' counted

2018-05-28 10:49:42 - [MESSAGE][PASSED] - 4 options of object 'Object Repository/HealthpostToStore/Page_Store/select_--Select--BA1170BA2376B' counted

2018-05-28 10:49:42 - [TEST_STEP][PASSED] - Statement - For ([g = 1, g <= BatchNumber - 1, (g++)]): null

2018-05-28 10:49:42 - [TEST_STEP][PASSED] - selectOptionByIndex: All options with index in [1] are selected on object 'Object Repository/HealthpostToStore/Page_Store/select_--Select--BA1170BA2376B'

2018-05-28 10:49:42 - [MESSAGE][PASSED] - All options with index in [1] are selected on object 'Object Repository/HealthpostToStore/Page_Store/select_--Select--BA1170BA2376B'

2018-05-28 10:49:42 - [TEST_STEP][PASSED] - Statement - Try: null

2018-05-28 10:49:42 - [TEST_STEP][PASSED] - Statement - StockQty = com.kms.katalon.core.webui.keyword.WebUiBuiltInKeywords.getAttribute(com.kms.katalon.core.testobject.ObjectRepository.findTestObject(HealthpostToStore/Page_Store/input_txtprice), "value"): Attribute 'value' of object 'Object Repository/HealthpostToStore/Page_Store/input_txtprice' is: '81'

2018-05-28 10:49:42 - [MESSAGE][PASSED] - Attribute 'value' of object 'Object Repository/HealthpostToStore/Page_Store/input_txtprice' is: '81'

2018-05-28 10:49:42 - [TEST_STEP][PASSED] - Statement - out.println("Stock QTY : " + StockQty): null

2018-05-28 10:49:42 - [TEST_STEP][PASSED] - delay: Delayed 2 second(s)

2018-05-28 10:49:44 - [MESSAGE][PASSED] - Delayed 2 second(s)

2018-05-28 10:49:44 - [TEST_STEP][PASSED] - Statement - If (java.lang.String.valueOf(StockQty) >= java.lang.String.valueOf(RequestedQty)): null

2018-05-28 10:49:44 - [TEST_STEP][PASSED] - setText: Text '10' is set on object 'Object Repository/HealthpostToStore/Page_Store/input_txtqty'

2018-05-28 10:49:44 - [MESSAGE][PASSED] - Text '10' is set on object 'Object Repository/HealthpostToStore/Page_Store/input_txtqty'

2018-05-28 10:49:44 - [TEST_STEP][PASSED] - click: Object: 'Object Repository/HealthpostToStore/Page_Store/button_Add' is clicked on

2018-05-28 10:49:44 - [MESSAGE][PASSED] - Object: 'Object Repository/HealthpostToStore/Page_Store/button_Add' is clicked on

2018-05-28 10:49:44 - [TEST_STEP][PASSED] - Statement - Break: null

2018-05-28 10:49:44 - [TEST_STEP][PASSED] - selectOptionByIndex: All options with index in [3] are selected on object 'Object Repository/HealthpostToStore/Page_Store/select_--Select--Adernaline 0.'

2018-05-28 10:49:45 - [MESSAGE][PASSED] - All options with index in [3] are selected on object 'Object Repository/HealthpostToStore/Page_Store/select_--Select--Adernaline 0.'

2018-05-28 10:49:45 - [TEST_STEP][PASSED] - delay: Delayed 2 second(s)

2018-05-28 10:49:47 - [MESSAGE][PASSED] - Delayed 2 second(s)

2018-05-28 10:49:47 - [TEST_STEP][PASSED] - Statement - RequestedQty = com.kms.katalon.core.webui.keyword.WebUiBuiltInKeywords.getAttribute(com.kms.katalon.core.testobject.ObjectRepository.findTestObject(HealthpostToStore/Page_Store/input_txttotal), "value"): Attribute 'value' of object 'Object Repository/HealthpostToStore/Page_Store/input_txttotal' is: '10'

2018-05-28 10:49:47 - [MESSAGE][PASSED] - Attribute 'value' of object 'Object Repository/HealthpostToStore/Page_Store/input_txttotal' is: '10'

2018-05-28 10:49:47 - [TEST_STEP][PASSED] - Statement - out.println("Requested QTY : " + RequestedQty): null

2018-05-28 10:49:47 - [TEST_STEP][PASSED] - Statement - BatchNumber = com.kms.katalon.core.webui.keyword.WebUiBuiltInKeywords.getNumberOfTotalOption(com.kms.katalon.core.testobject.ObjectRepository.findTestObject(HealthpostToStore/Page_Store/select_--Select--BA1170BA2376B)): 3 options of object 'Object Repository/HealthpostToStore/Page_Store/select_--Select--BA1170BA2376B' counted

2018-05-28 10:49:47 - [MESSAGE][PASSED] - 3 options of object 'Object Repository/HealthpostToStore/Page_Store/select_--Select--BA1170BA2376B' counted

2018-05-28 10:49:47 - [TEST_STEP][PASSED] - Statement - For ([g = 1, g <= BatchNumber - 1, (g++)]): null

2018-05-28 10:49:47 - [TEST_STEP][PASSED] - selectOptionByIndex: All options with index in [1] are selected on object 'Object Repository/HealthpostToStore/Page_Store/select_--Select--BA1170BA2376B'

2018-05-28 10:49:47 - [MESSAGE][PASSED] - All options with index in [1] are selected on object 'Object Repository/HealthpostToStore/Page_Store/select_--Select--BA1170BA2376B'

2018-05-28 10:49:47 - [TEST_STEP][PASSED] - Statement - Try: null

2018-05-28 10:49:47 - [TEST_STEP][PASSED] - Statement - StockQty = com.kms.katalon.core.webui.keyword.WebUiBuiltInKeywords.getAttribute(com.kms.katalon.core.testobject.ObjectRepository.findTestObject(HealthpostToStore/Page_Store/input_txtprice), "value"): Attribute 'value' of object 'Object Repository/HealthpostToStore/Page_Store/input_txtprice' is: '1755'

2018-05-28 10:49:47 - [MESSAGE][PASSED] - Attribute 'value' of object 'Object Repository/HealthpostToStore/Page_Store/input_txtprice' is: '1755'

2018-05-28 10:49:47 - [TEST_STEP][PASSED] - Statement - out.println("Stock QTY : " + StockQty): null

2018-05-28 10:49:47 - [TEST_STEP][PASSED] - delay: Delayed 2 second(s)

2018-05-28 10:49:49 - [MESSAGE][PASSED] - Delayed 2 second(s)

2018-05-28 10:49:49 - [TEST_STEP][PASSED] - Statement - If (java.lang.String.valueOf(StockQty) >= java.lang.String.valueOf(RequestedQty)): null

2018-05-28 10:49:49 - [TEST_STEP][PASSED] - setText: Text '10' is set on object 'Object Repository/HealthpostToStore/Page_Store/input_txtqty'

2018-05-28 10:49:49 - [MESSAGE][PASSED] - Text '10' is set on object 'Object Repository/HealthpostToStore/Page_Store/input_txtqty'

2018-05-28 10:49:49 - [TEST_STEP][PASSED] - click: Object: 'Object Repository/HealthpostToStore/Page_Store/button_Add' is clicked on

2018-05-28 10:49:49 - [MESSAGE][PASSED] - Object: 'Object Repository/HealthpostToStore/Page_Store/button_Add' is clicked on

2018-05-28 10:49:49 - [TEST_STEP][PASSED] - Statement - Break: null

2018-05-28 10:49:49 - [TEST_STEP][PASSED] - selectOptionByIndex: All options with index in [4] are selected on object 'Object Repository/HealthpostToStore/Page_Store/select_--Select--Adernaline 0.'

2018-05-28 10:49:49 - [MESSAGE][PASSED] - All options with index in [4] are selected on object 'Object Repository/HealthpostToStore/Page_Store/select_--Select--Adernaline 0.'

2018-05-28 10:49:49 - [TEST_STEP][PASSED] - delay: Delayed 2 second(s)

2018-05-28 10:49:51 - [MESSAGE][PASSED] - Delayed 2 second(s)

2018-05-28 10:49:51 - [TEST_STEP][PASSED] - Statement - RequestedQty = com.kms.katalon.core.webui.keyword.WebUiBuiltInKeywords.getAttribute(com.kms.katalon.core.testobject.ObjectRepository.findTestObject(HealthpostToStore/Page_Store/input_txttotal), "value"): Attribute 'value' of object 'Object Repository/HealthpostToStore/Page_Store/input_txttotal' is: '10'

2018-05-28 10:49:51 - [MESSAGE][PASSED] - Attribute 'value' of object 'Object Repository/HealthpostToStore/Page_Store/input_txttotal' is: '10'

2018-05-28 10:49:51 - [TEST_STEP][PASSED] - Statement - out.println("Requested QTY : " + RequestedQty): null

2018-05-28 10:49:51 - [TEST_STEP][PASSED] - Statement - BatchNumber = com.kms.katalon.core.webui.keyword.WebUiBuiltInKeywords.getNumberOfTotalOption(com.kms.katalon.core.testobject.ObjectRepository.findTestObject(HealthpostToStore/Page_Store/select_--Select--BA1170BA2376B)): 3 options of object 'Object Repository/HealthpostToStore/Page_Store/select_--Select--BA1170BA2376B' counted

2018-05-28 10:49:51 - [MESSAGE][PASSED] - 3 options of object 'Object Repository/HealthpostToStore/Page_Store/select_--Select--BA1170BA2376B' counted

2018-05-28 10:49:51 - [TEST_STEP][PASSED] - Statement - For ([g = 1, g <= BatchNumber - 1, (g++)]): null

2018-05-28 10:49:51 - [TEST_STEP][PASSED] - selectOptionByIndex: All options with index in [1] are selected on object 'Object Repository/HealthpostToStore/Page_Store/select_--Select--BA1170BA2376B'

2018-05-28 10:49:52 - [MESSAGE][PASSED] - All options with index in [1] are selected on object 'Object Repository/HealthpostToStore/Page_Store/select_--Select--BA1170BA2376B'

2018-05-28 10:49:52 - [TEST_STEP][PASSED] - Statement - Try: null

2018-05-28 10:49:52 - [TEST_STEP][PASSED] - Statement - StockQty = com.kms.katalon.core.webui.keyword.WebUiBuiltInKeywords.getAttribute(com.kms.katalon.core.testobject.ObjectRepository.findTestObject(HealthpostToStore/Page_Store/input_txtprice), "value"): Attribute 'value' of object 'Object Repository/HealthpostToStore/Page_Store/input_txtprice' is: '1755'

2018-05-28 10:49:52 - [MESSAGE][PASSED] - Attribute 'value' of object 'Object Repository/HealthpostToStore/Page_Store/input_txtprice' is: '1755'

2018-05-28 10:49:52 - [TEST_STEP][PASSED] - Statement - out.println("Stock QTY : " + StockQty): null

2018-05-28 10:49:52 - [TEST_STEP][PASSED] - delay: Delayed 2 second(s)

2018-05-28 10:49:54 - [MESSAGE][PASSED] - Delayed 2 second(s)

2018-05-28 10:49:54 - [TEST_STEP][PASSED] - Statement - If (java.lang.String.valueOf(StockQty) >= java.lang.String.valueOf(RequestedQty)): null

2018-05-28 10:49:54 - [TEST_STEP][PASSED] - setText: Text '10' is set on object 'Object Repository/HealthpostToStore/Page_Store/input_txtqty'

2018-05-28 10:49:54 - [MESSAGE][PASSED] - Text '10' is set on object 'Object Repository/HealthpostToStore/Page_Store/input_txtqty'

2018-05-28 10:49:54 - [TEST_STEP][PASSED] - click: Object: 'Object Repository/HealthpostToStore/Page_Store/button_Add' is clicked on

2018-05-28 10:49:54 - [MESSAGE][PASSED] - Object: 'Object Repository/HealthpostToStore/Page_Store/button_Add' is clicked on

2018-05-28 10:49:54 - [TEST_STEP][PASSED] - Statement - Break: null

2018-05-28 10:49:54 - [TEST_STEP][PASSED] - selectOptionByIndex: All options with index in [5] are selected on object 'Object Repository/HealthpostToStore/Page_Store/select_--Select--Adernaline 0.'

2018-05-28 10:49:54 - [MESSAGE][PASSED] - All options with index in [5] are selected on object 'Object Repository/HealthpostToStore/Page_Store/select_--Select--Adernaline 0.'

2018-05-28 10:49:54 - [TEST_STEP][PASSED] - delay: Delayed 2 second(s)

2018-05-28 10:49:56 - [MESSAGE][PASSED] - Delayed 2 second(s)

2018-05-28 10:49:56 - [TEST_STEP][PASSED] - Statement - RequestedQty = com.kms.katalon.core.webui.keyword.WebUiBuiltInKeywords.getAttribute(com.kms.katalon.core.testobject.ObjectRepository.findTestObject(HealthpostToStore/Page_Store/input_txttotal), "value"): Attribute 'value' of object 'Object Repository/HealthpostToStore/Page_Store/input_txttotal' is: '10'

2018-05-28 10:49:56 - [MESSAGE][PASSED] - Attribute 'value' of object 'Object Repository/HealthpostToStore/Page_Store/input_txttotal' is: '10'

2018-05-28 10:49:56 - [TEST_STEP][PASSED] - Statement - out.println("Requested QTY : " + RequestedQty): null

2018-05-28 10:49:56 - [TEST_STEP][PASSED] - Statement - BatchNumber = com.kms.katalon.core.webui.keyword.WebUiBuiltInKeywords.getNumberOfTotalOption(com.kms.katalon.core.testobject.ObjectRepository.findTestObject(HealthpostToStore/Page_Store/select_--Select--BA1170BA2376B)): 3 options of object 'Object Repository/HealthpostToStore/Page_Store/select_--Select--BA1170BA2376B' counted

2018-05-28 10:49:56 - [MESSAGE][PASSED] - 3 options of object 'Object Repository/HealthpostToStore/Page_Store/select_--Select--BA1170BA2376B' counted

2018-05-28 10:49:56 - [TEST_STEP][PASSED] - Statement - For ([g = 1, g <= BatchNumber - 1, (g++)]): null

2018-05-28 10:49:56 - [TEST_STEP][PASSED] - selectOptionByIndex: All options with index in [1] are selected on object 'Object Repository/HealthpostToStore/Page_Store/select_--Select--BA1170BA2376B'

2018-05-28 10:49:56 - [MESSAGE][PASSED] - All options with index in [1] are selected on object 'Object Repository/HealthpostToStore/Page_Store/select_--Select--BA1170BA2376B'

2018-05-28 10:49:56 - [TEST_STEP][PASSED] - Statement - Try: null

2018-05-28 10:49:56 - [TEST_STEP][PASSED] - Statement - StockQty = com.kms.katalon.core.webui.keyword.WebUiBuiltInKeywords.getAttribute(com.kms.katalon.core.testobject.ObjectRepository.findTestObject(HealthpostToStore/Page_Store/input_txtprice), "value"): Attribute 'value' of object 'Object Repository/HealthpostToStore/Page_Store/input_txtprice' is: '1765'

2018-05-28 10:49:56 - [MESSAGE][PASSED] - Attribute 'value' of object 'Object Repository/HealthpostToStore/Page_Store/input_txtprice' is: '1765'

2018-05-28 10:49:56 - [TEST_STEP][PASSED] - Statement - out.println("Stock QTY : " + StockQty): null

2018-05-28 10:49:56 - [TEST_STEP][PASSED] - delay: Delayed 2 second(s)

2018-05-28 10:49:58 - [MESSAGE][PASSED] - Delayed 2 second(s)

2018-05-28 10:49:58 - [TEST_STEP][PASSED] - Statement - If (java.lang.String.valueOf(StockQty) >= java.lang.String.valueOf(RequestedQty)): null

2018-05-28 10:49:58 - [TEST_STEP][PASSED] - setText: Text '10' is set on object 'Object Repository/HealthpostToStore/Page_Store/input_txtqty'

2018-05-28 10:49:58 - [MESSAGE][PASSED] - Text '10' is set on object 'Object Repository/HealthpostToStore/Page_Store/input_txtqty'

2018-05-28 10:49:58 - [TEST_STEP][PASSED] - click: Object: 'Object Repository/HealthpostToStore/Page_Store/button_Add' is clicked on

2018-05-28 10:49:58 - [MESSAGE][PASSED] - Object: 'Object Repository/HealthpostToStore/Page_Store/button_Add' is clicked on

2018-05-28 10:49:58 - [TEST_STEP][PASSED] - Statement - Break: null

2018-05-28 10:49:58 - [TEST_STEP][PASSED] - selectOptionByIndex: All options with index in [6] are selected on object 'Object Repository/HealthpostToStore/Page_Store/select_--Select--Adernaline 0.'

2018-05-28 10:49:58 - [MESSAGE][PASSED] - All options with index in [6] are selected on object 'Object Repository/HealthpostToStore/Page_Store/select_--Select--Adernaline 0.'

2018-05-28 10:49:58 - [TEST_STEP][PASSED] - delay: Delayed 2 second(s)

2018-05-28 10:50:00 - [MESSAGE][PASSED] - Delayed 2 second(s)

2018-05-28 10:50:00 - [TEST_STEP][PASSED] - Statement - RequestedQty = com.kms.katalon.core.webui.keyword.WebUiBuiltInKeywords.getAttribute(com.kms.katalon.core.testobject.ObjectRepository.findTestObject(HealthpostToStore/Page_Store/input_txttotal), "value"): Attribute 'value' of object 'Object Repository/HealthpostToStore/Page_Store/input_txttotal' is: '10'

2018-05-28 10:50:01 - [MESSAGE][PASSED] - Attribute 'value' of object 'Object Repository/HealthpostToStore/Page_Store/input_txttotal' is: '10'

2018-05-28 10:50:01 - [TEST_STEP][PASSED] - Statement - out.println("Requested QTY : " + RequestedQty): null

2018-05-28 10:50:01 - [TEST_STEP][PASSED] - Statement - BatchNumber = com.kms.katalon.core.webui.keyword.WebUiBuiltInKeywords.getNumberOfTotalOption(com.kms.katalon.core.testobject.ObjectRepository.findTestObject(HealthpostToStore/Page_Store/select_--Select--BA1170BA2376B)): 3 options of object 'Object Repository/HealthpostToStore/Page_Store/select_--Select--BA1170BA2376B' counted

2018-05-28 10:50:01 - [MESSAGE][PASSED] - 3 options of object 'Object Repository/HealthpostToStore/Page_Store/select_--Select--BA1170BA2376B' counted

2018-05-28 10:50:01 - [TEST_STEP][PASSED] - Statement - For ([g = 1, g <= BatchNumber - 1, (g++)]): null

2018-05-28 10:50:01 - [TEST_STEP][PASSED] - selectOptionByIndex: All options with index in [1] are selected on object 'Object Repository/HealthpostToStore/Page_Store/select_--Select--BA1170BA2376B'

2018-05-28 10:50:01 - [MESSAGE][PASSED] - All options with index in [1] are selected on object 'Object Repository/HealthpostToStore/Page_Store/select_--Select--BA1170BA2376B'

2018-05-28 10:50:01 - [TEST_STEP][PASSED] - Statement - Try: null

2018-05-28 10:50:01 - [TEST_STEP][PASSED] - Statement - StockQty = com.kms.katalon.core.webui.keyword.WebUiBuiltInKeywords.getAttribute(com.kms.katalon.core.testobject.ObjectRepository.findTestObject(HealthpostToStore/Page_Store/input_txtprice), "value"): Attribute 'value' of object 'Object Repository/HealthpostToStore/Page_Store/input_txtprice' is: '1540'

2018-05-28 10:50:01 - [MESSAGE][PASSED] - Attribute 'value' of object 'Object Repository/HealthpostToStore/Page_Store/input_txtprice' is: '1540'

2018-05-28 10:50:01 - [TEST_STEP][PASSED] - Statement - out.println("Stock QTY : " + StockQty): null

2018-05-28 10:50:01 - [TEST_STEP][PASSED] - delay: Delayed 2 second(s)

2018-05-28 10:50:03 - [MESSAGE][PASSED] - Delayed 2 second(s)

2018-05-28 10:50:03 - [TEST_STEP][PASSED] - Statement - If (java.lang.String.valueOf(StockQty) >= java.lang.String.valueOf(RequestedQty)): null

2018-05-28 10:50:03 - [TEST_STEP][PASSED] - setText: Text '10' is set on object 'Object Repository/HealthpostToStore/Page_Store/input_txtqty'

2018-05-28 10:50:03 - [MESSAGE][PASSED] - Text '10' is set on object 'Object Repository/HealthpostToStore/Page_Store/input_txtqty'

2018-05-28 10:50:03 - [TEST_STEP][PASSED] - click: Object: 'Object Repository/HealthpostToStore/Page_Store/button_Add' is clicked on

2018-05-28 10:50:03 - [MESSAGE][PASSED] - Object: 'Object Repository/HealthpostToStore/Page_Store/button_Add' is clicked on

2018-05-28 10:50:03 - [TEST_STEP][PASSED] - Statement - Break: null

2018-05-28 10:50:03 - [TEST_STEP][PASSED] - selectOptionByIndex: All options with index in [7] are selected on object 'Object Repository/HealthpostToStore/Page_Store/select_--Select--Adernaline 0.'

2018-05-28 10:50:03 - [MESSAGE][PASSED] - All options with index in [7] are selected on object 'Object Repository/HealthpostToStore/Page_Store/select_--Select--Adernaline 0.'

2018-05-28 10:50:03 - [TEST_STEP][PASSED] - delay: Delayed 2 second(s)

2018-05-28 10:50:05 - [MESSAGE][PASSED] - Delayed 2 second(s)

2018-05-28 10:50:05 - [TEST_STEP][PASSED] - Statement - RequestedQty = com.kms.katalon.core.webui.keyword.WebUiBuiltInKeywords.getAttribute(com.kms.katalon.core.testobject.ObjectRepository.findTestObject(HealthpostToStore/Page_Store/input_txttotal), "value"): Attribute 'value' of object 'Object Repository/HealthpostToStore/Page_Store/input_txttotal' is: '10'

2018-05-28 10:50:05 - [MESSAGE][PASSED] - Attribute 'value' of object 'Object Repository/HealthpostToStore/Page_Store/input_txttotal' is: '10'

2018-05-28 10:50:05 - [TEST_STEP][PASSED] - Statement - out.println("Requested QTY : " + RequestedQty): null

2018-05-28 10:50:05 - [TEST_STEP][PASSED] - Statement - BatchNumber = com.kms.katalon.core.webui.keyword.WebUiBuiltInKeywords.getNumberOfTotalOption(com.kms.katalon.core.testobject.ObjectRepository.findTestObject(HealthpostToStore/Page_Store/select_--Select--BA1170BA2376B)): 5 options of object 'Object Repository/HealthpostToStore/Page_Store/select_--Select--BA1170BA2376B' counted

2018-05-28 10:50:05 - [MESSAGE][PASSED] - 5 options of object 'Object Repository/HealthpostToStore/Page_Store/select_--Select--BA1170BA2376B' counted

2018-05-28 10:50:05 - [TEST_STEP][PASSED] - Statement - For ([g = 1, g <= BatchNumber - 1, (g++)]): null

2018-05-28 10:50:05 - [TEST_STEP][PASSED] - selectOptionByIndex: All options with index in [1] are selected on object 'Object Repository/HealthpostToStore/Page_Store/select_--Select--BA1170BA2376B'

2018-05-28 10:50:05 - [MESSAGE][PASSED] - All options with index in [1] are selected on object 'Object Repository/HealthpostToStore/Page_Store/select_--Select--BA1170BA2376B'

2018-05-28 10:50:05 - [TEST_STEP][PASSED] - Statement - Try: null

2018-05-28 10:50:05 - [TEST_STEP][PASSED] - Statement - StockQty = com.kms.katalon.core.webui.keyword.WebUiBuiltInKeywords.getAttribute(com.kms.katalon.core.testobject.ObjectRepository.findTestObject(HealthpostToStore/Page_Store/input_txtprice), "value"): Attribute 'value' of object 'Object Repository/HealthpostToStore/Page_Store/input_txtprice' is: '4'

2018-05-28 10:50:05 - [MESSAGE][PASSED] - Attribute 'value' of object 'Object Repository/HealthpostToStore/Page_Store/input_txtprice' is: '4'

2018-05-28 10:50:05 - [TEST_STEP][PASSED] - Statement - out.println("Stock QTY : " + StockQty): null

2018-05-28 10:50:05 - [TEST_STEP][PASSED] - delay: Delayed 2 second(s)

2018-05-28 10:50:07 - [MESSAGE][PASSED] - Delayed 2 second(s)

2018-05-28 10:50:07 - [TEST_STEP][PASSED] - Statement - If (java.lang.String.valueOf(StockQty) >= java.lang.String.valueOf(RequestedQty)): null

2018-05-28 10:50:07 - [TEST_STEP][PASSED] - setText: Text '10' is set on object 'Object Repository/HealthpostToStore/Page_Store/input_txtqty'

2018-05-28 10:50:07 - [MESSAGE][PASSED] - Text '10' is set on object 'Object Repository/HealthpostToStore/Page_Store/input_txtqty'

2018-05-28 10:50:07 - [TEST_STEP][PASSED] - click: Object: 'Object Repository/HealthpostToStore/Page_Store/button_Add' is clicked on

2018-05-28 10:50:08 - [MESSAGE][PASSED] - Object: 'Object Repository/HealthpostToStore/Page_Store/button_Add' is clicked on

2018-05-28 10:50:08 - [TEST_STEP][PASSED] - Statement - Break: null

2018-05-28 10:50:08 - [TEST_STEP][PASSED] - selectOptionByIndex: All options with index in [8] are selected on object 'Object Repository/HealthpostToStore/Page_Store/select_--Select--Adernaline 0.'

2018-05-28 10:50:08 - [MESSAGE][PASSED] - All options with index in [8] are selected on object 'Object Repository/HealthpostToStore/Page_Store/select_--Select--Adernaline 0.'

2018-05-28 10:50:08 - [TEST_STEP][PASSED] - delay: Delayed 2 second(s)

2018-05-28 10:50:10 - [MESSAGE][PASSED] - Delayed 2 second(s)

2018-05-28 10:50:10 - [TEST_STEP][PASSED] - Statement - RequestedQty = com.kms.katalon.core.webui.keyword.WebUiBuiltInKeywords.getAttribute(com.kms.katalon.core.testobject.ObjectRepository.findTestObject(HealthpostToStore/Page_Store/input_txttotal), "value"): Attribute 'value' of object 'Object Repository/HealthpostToStore/Page_Store/input_txttotal' is: '10'

2018-05-28 10:50:10 - [MESSAGE][PASSED] - Attribute 'value' of object 'Object Repository/HealthpostToStore/Page_Store/input_txttotal' is: '10'

2018-05-28 10:50:10 - [TEST_STEP][PASSED] - Statement - out.println("Requested QTY : " + RequestedQty): null

2018-05-28 10:50:10 - [TEST_STEP][PASSED] - Statement - BatchNumber = com.kms.katalon.core.webui.keyword.WebUiBuiltInKeywords.getNumberOfTotalOption(com.kms.katalon.core.testobject.ObjectRepository.findTestObject(HealthpostToStore/Page_Store/select_--Select--BA1170BA2376B)): 3 options of object 'Object Repository/HealthpostToStore/Page_Store/select_--Select--BA1170BA2376B' counted

2018-05-28 10:50:10 - [MESSAGE][PASSED] - 3 options of object 'Object Repository/HealthpostToStore/Page_Store/select_--Select--BA1170BA2376B' counted

2018-05-28 10:50:10 - [TEST_STEP][FAILED] - Statement - For ([g = 1, g <= BatchNumber - 1, (g++)]): null

2018-05-28 10:50:10 - [TEST_STEP][PASSED] - selectOptionByIndex: All options with index in [1] are selected on object 'Object Repository/HealthpostToStore/Page_Store/select_--Select--BA1170BA2376B'

2018-05-28 10:50:10 - [MESSAGE][PASSED] - All options with index in [1] are selected on object 'Object Repository/HealthpostToStore/Page_Store/select_--Select--BA1170BA2376B'

2018-05-28 10:50:10 - [TEST_STEP][FAILED] - Statement - Try: Unable to set text '10' of object 'Object Repository/HealthpostToStore/Page_Store/input_txtqty' (Root cause: org.openqa.selenium.WebDriverException: unknown error: cannot focus element
  (Session info: chrome=66.0.3359.181)
  (Driver info: chromedriver=2.35.528161 (5b82f2d2aae0ca24b877009200ced9065a772e73),platform=Windows NT 10.0.17134 x86_64) (WARNING: The server did not provide any stacktrace information)
Command duration or timeout: 0 milliseconds
Build info: version: '3.7.1', revision: '8a0099a', time: '2017-11-06T21:07:36.161Z'
System info: host: 'DESKTOP-BLFTK83', ip: '169.254.189.85', os.name: 'Windows 10', os.arch: 'amd64', os.version: '10.0', java.version: '1.8.0_102'
Driver info: com.kms.katalon.selenium.driver.CChromeDriver
Capabilities {acceptInsecureCerts: false, acceptSslCerts: false, applicationCacheEnabled: false, browserConnectionEnabled: false, browserName: chrome, chrome: {chromedriverVersion: 2.35.528161 (5b82f2d2aae0ca..., userDataDir: C:\Users\QUALIT~1\AppData\L...}, cssSelectorsEnabled: true, databaseEnabled: false, handlesAlerts: true, hasTouchScreen: false, javascriptEnabled: true, locationContextEnabled: true, mobileEmulationEnabled: false, nativeEvents: true, networkConnectionEnabled: false, pageLoadStrategy: normal, platform: XP, platformName: XP, rotatable: false, setWindowRect: true, takesHeapSnapshot: true, takesScreenshot: true, unexpectedAlertBehaviour: , unhandledPromptBehavior: , version: 66.0.3359.181, webStorageEnabled: true}
Session ID: 04398fcef75db79a60a40487a140173c)

2018-05-28 10:50:10 - [TEST_STEP][PASSED] - Statement - StockQty = com.kms.katalon.core.webui.keyword.WebUiBuiltInKeywords.getAttribute(com.kms.katalon.core.testobject.ObjectRepository.findTestObject(HealthpostToStore/Page_Store/input_txtprice), "value"): Attribute 'value' of object 'Object Repository/HealthpostToStore/Page_Store/input_txtprice' is: '1568'

2018-05-28 10:50:10 - [MESSAGE][PASSED] - Attribute 'value' of object 'Object Repository/HealthpostToStore/Page_Store/input_txtprice' is: '1568'

2018-05-28 10:50:10 - [TEST_STEP][PASSED] - Statement - out.println("Stock QTY : " + StockQty): null

2018-05-28 10:50:10 - [TEST_STEP][PASSED] - delay: Delayed 2 second(s)

2018-05-28 10:50:12 - [MESSAGE][PASSED] - Delayed 2 second(s)

2018-05-28 10:50:12 - [TEST_STEP][FAILED] - Statement - If (java.lang.String.valueOf(StockQty) >= java.lang.String.valueOf(RequestedQty)): Unable to set text '10' of object 'Object Repository/HealthpostToStore/Page_Store/input_txtqty' (Root cause: org.openqa.selenium.WebDriverException: unknown error: cannot focus element
  (Session info: chrome=66.0.3359.181)
  (Driver info: chromedriver=2.35.528161 (5b82f2d2aae0ca24b877009200ced9065a772e73),platform=Windows NT 10.0.17134 x86_64) (WARNING: The server did not provide any stacktrace information)
Command duration or timeout: 0 milliseconds
Build info: version: '3.7.1', revision: '8a0099a', time: '2017-11-06T21:07:36.161Z'
System info: host: 'DESKTOP-BLFTK83', ip: '169.254.189.85', os.name: 'Windows 10', os.arch: 'amd64', os.version: '10.0', java.version: '1.8.0_102'
Driver info: com.kms.katalon.selenium.driver.CChromeDriver
Capabilities {acceptInsecureCerts: false, acceptSslCerts: false, applicationCacheEnabled: false, browserConnectionEnabled: false, browserName: chrome, chrome: {chromedriverVersion: 2.35.528161 (5b82f2d2aae0ca..., userDataDir: C:\Users\QUALIT~1\AppData\L...}, cssSelectorsEnabled: true, databaseEnabled: false, handlesAlerts: true, hasTouchScreen: false, javascriptEnabled: true, locationContextEnabled: true, mobileEmulationEnabled: false, nativeEvents: true, networkConnectionEnabled: false, pageLoadStrategy: normal, platform: XP, platformName: XP, rotatable: false, setWindowRect: true, takesHeapSnapshot: true, takesScreenshot: true, unexpectedAlertBehaviour: , unhandledPromptBehavior: , version: 66.0.3359.181, webStorageEnabled: true}
Session ID: 04398fcef75db79a60a40487a140173c)

2018-05-28 10:50:12 - [TEST_STEP][FAILED] - setText: Unable to set text '10' of object 'Object Repository/HealthpostToStore/Page_Store/input_txtqty' (Root cause: org.openqa.selenium.WebDriverException: unknown error: cannot focus element
  (Session info: chrome=66.0.3359.181)
  (Driver info: chromedriver=2.35.528161 (5b82f2d2aae0ca24b877009200ced9065a772e73),platform=Windows NT 10.0.17134 x86_64) (WARNING: The server did not provide any stacktrace information)
Command duration or timeout: 0 milliseconds
Build info: version: '3.7.1', revision: '8a0099a', time: '2017-11-06T21:07:36.161Z'
System info: host: 'DESKTOP-BLFTK83', ip: '169.254.189.85', os.name: 'Windows 10', os.arch: 'amd64', os.version: '10.0', java.version: '1.8.0_102'
Driver info: com.kms.katalon.selenium.driver.CChromeDriver
Capabilities {acceptInsecureCerts: false, acceptSslCerts: false, applicationCacheEnabled: false, browserConnectionEnabled: false, browserName: chrome, chrome: {chromedriverVersion: 2.35.528161 (5b82f2d2aae0ca..., userDataDir: C:\Users\QUALIT~1\AppData\L...}, cssSelectorsEnabled: true, databaseEnabled: false, handlesAlerts: true, hasTouchScreen: false, javascriptEnabled: true, locationContextEnabled: true, mobileEmulationEnabled: false, nativeEvents: true, networkConnectionEnabled: false, pageLoadStrategy: normal, platform: XP, platformName: XP, rotatable: false, setWindowRect: true, takesHeapSnapshot: true, takesScreenshot: true, unexpectedAlertBehaviour: , unhandledPromptBehavior: , version: 66.0.3359.181, webStorageEnabled: true}
Session ID: 04398fcef75db79a60a40487a140173c)

2018-05-28 10:50:12 - [MESSAGE][FAILED] - Unable to set text '10' of object 'Object Repository/HealthpostToStore/Page_Store/input_txtqty' (Root cause: org.openqa.selenium.WebDriverException: unknown error: cannot focus element
  (Session info: chrome=66.0.3359.181)
  (Driver info: chromedriver=2.35.528161 (5b82f2d2aae0ca24b877009200ced9065a772e73),platform=Windows NT 10.0.17134 x86_64) (WARNING: The server did not provide any stacktrace information)
Command duration or timeout: 0 milliseconds
Build info: version: '3.7.1', revision: '8a0099a', time: '2017-11-06T21:07:36.161Z'
System info: host: 'DESKTOP-BLFTK83', ip: '169.254.189.85', os.name: 'Windows 10', os.arch: 'amd64', os.version: '10.0', java.version: '1.8.0_102'
Driver info: com.kms.katalon.selenium.driver.CChromeDriver
Capabilities {acceptInsecureCerts: false, acceptSslCerts: false, applicationCacheEnabled: false, browserConnectionEnabled: false, browserName: chrome, chrome: {chromedriverVersion: 2.35.528161 (5b82f2d2aae0ca..., userDataDir: C:\Users\QUALIT~1\AppData\L...}, cssSelectorsEnabled: true, databaseEnabled: false, handlesAlerts: true, hasTouchScreen: false, javascriptEnabled: true, locationContextEnabled: true, mobileEmulationEnabled: false, nativeEvents: true, networkConnectionEnabled: false, pageLoadStrategy: normal, platform: XP, platformName: XP, rotatable: false, setWindowRect: true, takesHeapSnapshot: true, takesScreenshot: true, unexpectedAlertBehaviour: , unhandledPromptBehavior: , version: 66.0.3359.181, webStorageEnabled: true}
Session ID: 04398fcef75db79a60a40487a140173c)
[[ATTACHMENT|C:\\Users\\Quality Analyst\\Katalon Studio\\ds\\Reports\\HealthPost_Store_Suite\\20180524_192606\\1527484812631.png]]

2018-05-28 10:50:12 - [TEST_STEP][PASSED] - Statement - Catch (Exception e): null

2018-05-28 10:50:12 - [TEST_STEP][PASSED] - click: Object: 'Object Repository/HealthpostToStore/Page_Store/button_OK' is clicked on

2018-05-28 10:50:13 - [MESSAGE][PASSED] - Object: 'Object Repository/HealthpostToStore/Page_Store/button_OK' is clicked on

2018-05-28 10:50:13 - [TEST_STEP][PASSED] - Statement - <not implemented yet for class: org.codehaus.groovy.ast.stmt.ContinueStatement>: null

2018-05-28 10:50:13 - [TEST_STEP][PASSED] - selectOptionByIndex: All options with index in [2] are selected on object 'Object Repository/HealthpostToStore/Page_Store/select_--Select--BA1170BA2376B'

2018-05-28 10:50:13 - [MESSAGE][PASSED] - All options with index in [2] are selected on object 'Object Repository/HealthpostToStore/Page_Store/select_--Select--BA1170BA2376B'

2018-05-28 10:50:13 - [TEST_STEP][PASSED] - Statement - Try: null

2018-05-28 10:50:13 - [TEST_STEP][PASSED] - Statement - StockQty = com.kms.katalon.core.webui.keyword.WebUiBuiltInKeywords.getAttribute(com.kms.katalon.core.testobject.ObjectRepository.findTestObject(HealthpostToStore/Page_Store/input_txtprice), "value"): Attribute 'value' of object 'Object Repository/HealthpostToStore/Page_Store/input_txtprice' is: '327'

2018-05-28 10:50:13 - [MESSAGE][PASSED] - Attribute 'value' of object 'Object Repository/HealthpostToStore/Page_Store/input_txtprice' is: '327'

2018-05-28 10:50:13 - [TEST_STEP][PASSED] - Statement - out.println("Stock QTY : " + StockQty): null

2018-05-28 10:50:13 - [TEST_STEP][PASSED] - delay: Delayed 2 second(s)

2018-05-28 10:50:15 - [MESSAGE][PASSED] - Delayed 2 second(s)

2018-05-28 10:50:15 - [TEST_STEP][PASSED] - Statement - If (java.lang.String.valueOf(StockQty) >= java.lang.String.valueOf(RequestedQty)): null

2018-05-28 10:50:15 - [TEST_STEP][PASSED] - setText: Text '10' is set on object 'Object Repository/HealthpostToStore/Page_Store/input_txtqty'

2018-05-28 10:50:15 - [MESSAGE][PASSED] - Text '10' is set on object 'Object Repository/HealthpostToStore/Page_Store/input_txtqty'

2018-05-28 10:50:15 - [TEST_STEP][PASSED] - click: Object: 'Object Repository/HealthpostToStore/Page_Store/button_Add' is clicked on

2018-05-28 10:50:15 - [MESSAGE][PASSED] - Object: 'Object Repository/HealthpostToStore/Page_Store/button_Add' is clicked on

2018-05-28 10:50:15 - [TEST_STEP][PASSED] - Statement - Break: null

2018-05-28 10:50:15 - [TEST_STEP][PASSED] - selectOptionByIndex: All options with index in [9] are selected on object 'Object Repository/HealthpostToStore/Page_Store/select_--Select--Adernaline 0.'

2018-05-28 10:50:15 - [MESSAGE][PASSED] - All options with index in [9] are selected on object 'Object Repository/HealthpostToStore/Page_Store/select_--Select--Adernaline 0.'

2018-05-28 10:50:15 - [TEST_STEP][PASSED] - delay: Delayed 2 second(s)

2018-05-28 10:50:17 - [MESSAGE][PASSED] - Delayed 2 second(s)

2018-05-28 10:50:17 - [TEST_STEP][PASSED] - Statement - RequestedQty = com.kms.katalon.core.webui.keyword.WebUiBuiltInKeywords.getAttribute(com.kms.katalon.core.testobject.ObjectRepository.findTestObject(HealthpostToStore/Page_Store/input_txttotal), "value"): Attribute 'value' of object 'Object Repository/HealthpostToStore/Page_Store/input_txttotal' is: '10'

2018-05-28 10:50:17 - [MESSAGE][PASSED] - Attribute 'value' of object 'Object Repository/HealthpostToStore/Page_Store/input_txttotal' is: '10'

2018-05-28 10:50:17 - [TEST_STEP][PASSED] - Statement - out.println("Requested QTY : " + RequestedQty): null

2018-05-28 10:50:17 - [TEST_STEP][PASSED] - Statement - BatchNumber = com.kms.katalon.core.webui.keyword.WebUiBuiltInKeywords.getNumberOfTotalOption(com.kms.katalon.core.testobject.ObjectRepository.findTestObject(HealthpostToStore/Page_Store/select_--Select--BA1170BA2376B)): 3 options of object 'Object Repository/HealthpostToStore/Page_Store/select_--Select--BA1170BA2376B' counted

2018-05-28 10:50:17 - [MESSAGE][PASSED] - 3 options of object 'Object Repository/HealthpostToStore/Page_Store/select_--Select--BA1170BA2376B' counted

2018-05-28 10:50:17 - [TEST_STEP][PASSED] - Statement - For ([g = 1, g <= BatchNumber - 1, (g++)]): null

2018-05-28 10:50:17 - [TEST_STEP][PASSED] - selectOptionByIndex: All options with index in [1] are selected on object 'Object Repository/HealthpostToStore/Page_Store/select_--Select--BA1170BA2376B'

2018-05-28 10:50:17 - [MESSAGE][PASSED] - All options with index in [1] are selected on object 'Object Repository/HealthpostToStore/Page_Store/select_--Select--BA1170BA2376B'

2018-05-28 10:50:17 - [TEST_STEP][PASSED] - Statement - Try: null

2018-05-28 10:50:17 - [TEST_STEP][PASSED] - Statement - StockQty = com.kms.katalon.core.webui.keyword.WebUiBuiltInKeywords.getAttribute(com.kms.katalon.core.testobject.ObjectRepository.findTestObject(HealthpostToStore/Page_Store/input_txtprice), "value"): Attribute 'value' of object 'Object Repository/HealthpostToStore/Page_Store/input_txtprice' is: '1257'

2018-05-28 10:50:17 - [MESSAGE][PASSED] - Attribute 'value' of object 'Object Repository/HealthpostToStore/Page_Store/input_txtprice' is: '1257'

2018-05-28 10:50:17 - [TEST_STEP][PASSED] - Statement - out.println("Stock QTY : " + StockQty): null

2018-05-28 10:50:17 - [TEST_STEP][PASSED] - delay: Delayed 2 second(s)

2018-05-28 10:50:19 - [MESSAGE][PASSED] - Delayed 2 second(s)

2018-05-28 10:50:19 - [TEST_STEP][PASSED] - Statement - If (java.lang.String.valueOf(StockQty) >= java.lang.String.valueOf(RequestedQty)): null

2018-05-28 10:50:19 - [TEST_STEP][PASSED] - setText: Text '10' is set on object 'Object Repository/HealthpostToStore/Page_Store/input_txtqty'

2018-05-28 10:50:20 - [MESSAGE][PASSED] - Text '10' is set on object 'Object Repository/HealthpostToStore/Page_Store/input_txtqty'

2018-05-28 10:50:20 - [TEST_STEP][PASSED] - click: Object: 'Object Repository/HealthpostToStore/Page_Store/button_Add' is clicked on

2018-05-28 10:50:20 - [MESSAGE][PASSED] - Object: 'Object Repository/HealthpostToStore/Page_Store/button_Add' is clicked on

2018-05-28 10:50:20 - [TEST_STEP][PASSED] - Statement - Break: null

2018-05-28 10:50:20 - [TEST_STEP][PASSED] - selectOptionByIndex: All options with index in [10] are selected on object 'Object Repository/HealthpostToStore/Page_Store/select_--Select--Adernaline 0.'

2018-05-28 10:50:20 - [MESSAGE][PASSED] - All options with index in [10] are selected on object 'Object Repository/HealthpostToStore/Page_Store/select_--Select--Adernaline 0.'

2018-05-28 10:50:20 - [TEST_STEP][PASSED] - delay: Delayed 2 second(s)

2018-05-28 10:50:22 - [MESSAGE][PASSED] - Delayed 2 second(s)

2018-05-28 10:50:22 - [TEST_STEP][PASSED] - Statement - RequestedQty = com.kms.katalon.core.webui.keyword.WebUiBuiltInKeywords.getAttribute(com.kms.katalon.core.testobject.ObjectRepository.findTestObject(HealthpostToStore/Page_Store/input_txttotal), "value"): Attribute 'value' of object 'Object Repository/HealthpostToStore/Page_Store/input_txttotal' is: '10'

2018-05-28 10:50:22 - [MESSAGE][PASSED] - Attribute 'value' of object 'Object Repository/HealthpostToStore/Page_Store/input_txttotal' is: '10'

2018-05-28 10:50:22 - [TEST_STEP][PASSED] - Statement - out.println("Requested QTY : " + RequestedQty): null

2018-05-28 10:50:22 - [TEST_STEP][PASSED] - Statement - BatchNumber = com.kms.katalon.core.webui.keyword.WebUiBuiltInKeywords.getNumberOfTotalOption(com.kms.katalon.core.testobject.ObjectRepository.findTestObject(HealthpostToStore/Page_Store/select_--Select--BA1170BA2376B)): 3 options of object 'Object Repository/HealthpostToStore/Page_Store/select_--Select--BA1170BA2376B' counted

2018-05-28 10:50:22 - [MESSAGE][PASSED] - 3 options of object 'Object Repository/HealthpostToStore/Page_Store/select_--Select--BA1170BA2376B' counted

2018-05-28 10:50:22 - [TEST_STEP][PASSED] - Statement - For ([g = 1, g <= BatchNumber - 1, (g++)]): null

2018-05-28 10:50:22 - [TEST_STEP][PASSED] - selectOptionByIndex: All options with index in [1] are selected on object 'Object Repository/HealthpostToStore/Page_Store/select_--Select--BA1170BA2376B'

2018-05-28 10:50:22 - [MESSAGE][PASSED] - All options with index in [1] are selected on object 'Object Repository/HealthpostToStore/Page_Store/select_--Select--BA1170BA2376B'

2018-05-28 10:50:22 - [TEST_STEP][PASSED] - Statement - Try: null

2018-05-28 10:50:22 - [TEST_STEP][PASSED] - Statement - StockQty = com.kms.katalon.core.webui.keyword.WebUiBuiltInKeywords.getAttribute(com.kms.katalon.core.testobject.ObjectRepository.findTestObject(HealthpostToStore/Page_Store/input_txtprice), "value"): Attribute 'value' of object 'Object Repository/HealthpostToStore/Page_Store/input_txtprice' is: '1755'

2018-05-28 10:50:22 - [MESSAGE][PASSED] - Attribute 'value' of object 'Object Repository/HealthpostToStore/Page_Store/input_txtprice' is: '1755'

2018-05-28 10:50:22 - [TEST_STEP][PASSED] - Statement - out.println("Stock QTY : " + StockQty): null

2018-05-28 10:50:22 - [TEST_STEP][PASSED] - delay: Delayed 2 second(s)

2018-05-28 10:50:24 - [MESSAGE][PASSED] - Delayed 2 second(s)

2018-05-28 10:50:24 - [TEST_STEP][PASSED] - Statement - If (java.lang.String.valueOf(StockQty) >= java.lang.String.valueOf(RequestedQty)): null

2018-05-28 10:50:24 - [TEST_STEP][PASSED] - setText: Text '10' is set on object 'Object Repository/HealthpostToStore/Page_Store/input_txtqty'

2018-05-28 10:50:24 - [MESSAGE][PASSED] - Text '10' is set on object 'Object Repository/HealthpostToStore/Page_Store/input_txtqty'

2018-05-28 10:50:24 - [TEST_STEP][PASSED] - click: Object: 'Object Repository/HealthpostToStore/Page_Store/button_Add' is clicked on

2018-05-28 10:50:24 - [MESSAGE][PASSED] - Object: 'Object Repository/HealthpostToStore/Page_Store/button_Add' is clicked on

2018-05-28 10:50:24 - [TEST_STEP][PASSED] - Statement - Break: null

2018-05-28 10:50:24 - [TEST_STEP][PASSED] - selectOptionByIndex: All options with index in [11] are selected on object 'Object Repository/HealthpostToStore/Page_Store/select_--Select--Adernaline 0.'

2018-05-28 10:50:25 - [MESSAGE][PASSED] - All options with index in [11] are selected on object 'Object Repository/HealthpostToStore/Page_Store/select_--Select--Adernaline 0.'

2018-05-28 10:50:25 - [TEST_STEP][PASSED] - delay: Delayed 2 second(s)

2018-05-28 10:50:27 - [MESSAGE][PASSED] - Delayed 2 second(s)

2018-05-28 10:50:27 - [TEST_STEP][PASSED] - Statement - RequestedQty = com.kms.katalon.core.webui.keyword.WebUiBuiltInKeywords.getAttribute(com.kms.katalon.core.testobject.ObjectRepository.findTestObject(HealthpostToStore/Page_Store/input_txttotal), "value"): Attribute 'value' of object 'Object Repository/HealthpostToStore/Page_Store/input_txttotal' is: '10'

2018-05-28 10:50:27 - [MESSAGE][PASSED] - Attribute 'value' of object 'Object Repository/HealthpostToStore/Page_Store/input_txttotal' is: '10'

2018-05-28 10:50:27 - [TEST_STEP][PASSED] - Statement - out.println("Requested QTY : " + RequestedQty): null

2018-05-28 10:50:27 - [TEST_STEP][PASSED] - Statement - BatchNumber = com.kms.katalon.core.webui.keyword.WebUiBuiltInKeywords.getNumberOfTotalOption(com.kms.katalon.core.testobject.ObjectRepository.findTestObject(HealthpostToStore/Page_Store/select_--Select--BA1170BA2376B)): 3 options of object 'Object Repository/HealthpostToStore/Page_Store/select_--Select--BA1170BA2376B' counted

2018-05-28 10:50:27 - [MESSAGE][PASSED] - 3 options of object 'Object Repository/HealthpostToStore/Page_Store/select_--Select--BA1170BA2376B' counted

2018-05-28 10:50:27 - [TEST_STEP][PASSED] - Statement - For ([g = 1, g <= BatchNumber - 1, (g++)]): null

2018-05-28 10:50:27 - [TEST_STEP][PASSED] - selectOptionByIndex: All options with index in [1] are selected on object 'Object Repository/HealthpostToStore/Page_Store/select_--Select--BA1170BA2376B'

2018-05-28 10:50:27 - [MESSAGE][PASSED] - All options with index in [1] are selected on object 'Object Repository/HealthpostToStore/Page_Store/select_--Select--BA1170BA2376B'

2018-05-28 10:50:27 - [TEST_STEP][PASSED] - Statement - Try: null

2018-05-28 10:50:27 - [TEST_STEP][PASSED] - Statement - StockQty = com.kms.katalon.core.webui.keyword.WebUiBuiltInKeywords.getAttribute(com.kms.katalon.core.testobject.ObjectRepository.findTestObject(HealthpostToStore/Page_Store/input_txtprice), "value"): Attribute 'value' of object 'Object Repository/HealthpostToStore/Page_Store/input_txtprice' is: '1587'

2018-05-28 10:50:27 - [MESSAGE][PASSED] - Attribute 'value' of object 'Object Repository/HealthpostToStore/Page_Store/input_txtprice' is: '1587'

2018-05-28 10:50:27 - [TEST_STEP][PASSED] - Statement - out.println("Stock QTY : " + StockQty): null

2018-05-28 10:50:27 - [TEST_STEP][PASSED] - delay: Delayed 2 second(s)

2018-05-28 10:50:29 - [MESSAGE][PASSED] - Delayed 2 second(s)

2018-05-28 10:50:29 - [TEST_STEP][PASSED] - Statement - If (java.lang.String.valueOf(StockQty) >= java.lang.String.valueOf(RequestedQty)): null

2018-05-28 10:50:29 - [TEST_STEP][PASSED] - setText: Text '10' is set on object 'Object Repository/HealthpostToStore/Page_Store/input_txtqty'

2018-05-28 10:50:29 - [MESSAGE][PASSED] - Text '10' is set on object 'Object Repository/HealthpostToStore/Page_Store/input_txtqty'

2018-05-28 10:50:29 - [TEST_STEP][PASSED] - click: Object: 'Object Repository/HealthpostToStore/Page_Store/button_Add' is clicked on

2018-05-28 10:50:29 - [MESSAGE][PASSED] - Object: 'Object Repository/HealthpostToStore/Page_Store/button_Add' is clicked on

2018-05-28 10:50:29 - [TEST_STEP][PASSED] - Statement - Break: null

2018-05-28 10:50:29 - [TEST_STEP][PASSED] - selectOptionByIndex: All options with index in [12] are selected on object 'Object Repository/HealthpostToStore/Page_Store/select_--Select--Adernaline 0.'

2018-05-28 10:50:29 - [MESSAGE][PASSED] - All options with index in [12] are selected on object 'Object Repository/HealthpostToStore/Page_Store/select_--Select--Adernaline 0.'

2018-05-28 10:50:29 - [TEST_STEP][PASSED] - delay: Delayed 2 second(s)

2018-05-28 10:50:31 - [MESSAGE][PASSED] - Delayed 2 second(s)

2018-05-28 10:50:31 - [TEST_STEP][PASSED] - Statement - RequestedQty = com.kms.katalon.core.webui.keyword.WebUiBuiltInKeywords.getAttribute(com.kms.katalon.core.testobject.ObjectRepository.findTestObject(HealthpostToStore/Page_Store/input_txttotal), "value"): Attribute 'value' of object 'Object Repository/HealthpostToStore/Page_Store/input_txttotal' is: '10'

2018-05-28 10:50:31 - [MESSAGE][PASSED] - Attribute 'value' of object 'Object Repository/HealthpostToStore/Page_Store/input_txttotal' is: '10'

2018-05-28 10:50:31 - [TEST_STEP][PASSED] - Statement - out.println("Requested QTY : " + RequestedQty): null

2018-05-28 10:50:31 - [TEST_STEP][PASSED] - Statement - BatchNumber = com.kms.katalon.core.webui.keyword.WebUiBuiltInKeywords.getNumberOfTotalOption(com.kms.katalon.core.testobject.ObjectRepository.findTestObject(HealthpostToStore/Page_Store/select_--Select--BA1170BA2376B)): 3 options of object 'Object Repository/HealthpostToStore/Page_Store/select_--Select--BA1170BA2376B' counted

2018-05-28 10:50:31 - [MESSAGE][PASSED] - 3 options of object 'Object Repository/HealthpostToStore/Page_Store/select_--Select--BA1170BA2376B' counted

2018-05-28 10:50:31 - [TEST_STEP][PASSED] - Statement - For ([g = 1, g <= BatchNumber - 1, (g++)]): null

2018-05-28 10:50:31 - [TEST_STEP][PASSED] - selectOptionByIndex: All options with index in [1] are selected on object 'Object Repository/HealthpostToStore/Page_Store/select_--Select--BA1170BA2376B'

2018-05-28 10:50:31 - [MESSAGE][PASSED] - All options with index in [1] are selected on object 'Object Repository/HealthpostToStore/Page_Store/select_--Select--BA1170BA2376B'

2018-05-28 10:50:31 - [TEST_STEP][PASSED] - Statement - Try: null

2018-05-28 10:50:31 - [TEST_STEP][PASSED] - Statement - StockQty = com.kms.katalon.core.webui.keyword.WebUiBuiltInKeywords.getAttribute(com.kms.katalon.core.testobject.ObjectRepository.findTestObject(HealthpostToStore/Page_Store/input_txtprice), "value"): Attribute 'value' of object 'Object Repository/HealthpostToStore/Page_Store/input_txtprice' is: '1730'

2018-05-28 10:50:32 - [MESSAGE][PASSED] - Attribute 'value' of object 'Object Repository/HealthpostToStore/Page_Store/input_txtprice' is: '1730'

2018-05-28 10:50:32 - [TEST_STEP][PASSED] - Statement - out.println("Stock QTY : " + StockQty): null

2018-05-28 10:50:32 - [TEST_STEP][PASSED] - delay: Delayed 2 second(s)

2018-05-28 10:50:34 - [MESSAGE][PASSED] - Delayed 2 second(s)

2018-05-28 10:50:34 - [TEST_STEP][PASSED] - Statement - If (java.lang.String.valueOf(StockQty) >= java.lang.String.valueOf(RequestedQty)): null

2018-05-28 10:50:34 - [TEST_STEP][PASSED] - setText: Text '10' is set on object 'Object Repository/HealthpostToStore/Page_Store/input_txtqty'

2018-05-28 10:50:34 - [MESSAGE][PASSED] - Text '10' is set on object 'Object Repository/HealthpostToStore/Page_Store/input_txtqty'

2018-05-28 10:50:34 - [TEST_STEP][PASSED] - click: Object: 'Object Repository/HealthpostToStore/Page_Store/button_Add' is clicked on

2018-05-28 10:50:34 - [MESSAGE][PASSED] - Object: 'Object Repository/HealthpostToStore/Page_Store/button_Add' is clicked on

2018-05-28 10:50:34 - [TEST_STEP][PASSED] - Statement - Break: null

2018-05-28 10:50:34 - [TEST_STEP][PASSED] - selectOptionByIndex: All options with index in [13] are selected on object 'Object Repository/HealthpostToStore/Page_Store/select_--Select--Adernaline 0.'

2018-05-28 10:50:34 - [MESSAGE][PASSED] - All options with index in [13] are selected on object 'Object Repository/HealthpostToStore/Page_Store/select_--Select--Adernaline 0.'

2018-05-28 10:50:34 - [TEST_STEP][PASSED] - delay: Delayed 2 second(s)

2018-05-28 10:50:36 - [MESSAGE][PASSED] - Delayed 2 second(s)

2018-05-28 10:50:36 - [TEST_STEP][PASSED] - Statement - RequestedQty = com.kms.katalon.core.webui.keyword.WebUiBuiltInKeywords.getAttribute(com.kms.katalon.core.testobject.ObjectRepository.findTestObject(HealthpostToStore/Page_Store/input_txttotal), "value"): Attribute 'value' of object 'Object Repository/HealthpostToStore/Page_Store/input_txttotal' is: '10'

2018-05-28 10:50:36 - [MESSAGE][PASSED] - Attribute 'value' of object 'Object Repository/HealthpostToStore/Page_Store/input_txttotal' is: '10'

2018-05-28 10:50:36 - [TEST_STEP][PASSED] - Statement - out.println("Requested QTY : " + RequestedQty): null

2018-05-28 10:50:36 - [TEST_STEP][PASSED] - Statement - BatchNumber = com.kms.katalon.core.webui.keyword.WebUiBuiltInKeywords.getNumberOfTotalOption(com.kms.katalon.core.testobject.ObjectRepository.findTestObject(HealthpostToStore/Page_Store/select_--Select--BA1170BA2376B)): 3 options of object 'Object Repository/HealthpostToStore/Page_Store/select_--Select--BA1170BA2376B' counted

2018-05-28 10:50:36 - [MESSAGE][PASSED] - 3 options of object 'Object Repository/HealthpostToStore/Page_Store/select_--Select--BA1170BA2376B' counted

2018-05-28 10:50:36 - [TEST_STEP][PASSED] - Statement - For ([g = 1, g <= BatchNumber - 1, (g++)]): null

2018-05-28 10:50:36 - [TEST_STEP][PASSED] - selectOptionByIndex: All options with index in [1] are selected on object 'Object Repository/HealthpostToStore/Page_Store/select_--Select--BA1170BA2376B'

2018-05-28 10:50:36 - [MESSAGE][PASSED] - All options with index in [1] are selected on object 'Object Repository/HealthpostToStore/Page_Store/select_--Select--BA1170BA2376B'

2018-05-28 10:50:36 - [TEST_STEP][PASSED] - Statement - Try: null

2018-05-28 10:50:36 - [TEST_STEP][PASSED] - Statement - StockQty = com.kms.katalon.core.webui.keyword.WebUiBuiltInKeywords.getAttribute(com.kms.katalon.core.testobject.ObjectRepository.findTestObject(HealthpostToStore/Page_Store/input_txtprice), "value"): Attribute 'value' of object 'Object Repository/HealthpostToStore/Page_Store/input_txtprice' is: '300'

2018-05-28 10:50:36 - [MESSAGE][PASSED] - Attribute 'value' of object 'Object Repository/HealthpostToStore/Page_Store/input_txtprice' is: '300'

2018-05-28 10:50:36 - [TEST_STEP][PASSED] - Statement - out.println("Stock QTY : " + StockQty): null

2018-05-28 10:50:36 - [TEST_STEP][PASSED] - delay: Delayed 2 second(s)

2018-05-28 10:50:38 - [MESSAGE][PASSED] - Delayed 2 second(s)

2018-05-28 10:50:38 - [TEST_STEP][PASSED] - Statement - If (java.lang.String.valueOf(StockQty) >= java.lang.String.valueOf(RequestedQty)): null

2018-05-28 10:50:38 - [TEST_STEP][PASSED] - setText: Text '10' is set on object 'Object Repository/HealthpostToStore/Page_Store/input_txtqty'

2018-05-28 10:50:38 - [MESSAGE][PASSED] - Text '10' is set on object 'Object Repository/HealthpostToStore/Page_Store/input_txtqty'

2018-05-28 10:50:38 - [TEST_STEP][PASSED] - click: Object: 'Object Repository/HealthpostToStore/Page_Store/button_Add' is clicked on

2018-05-28 10:50:38 - [MESSAGE][PASSED] - Object: 'Object Repository/HealthpostToStore/Page_Store/button_Add' is clicked on

2018-05-28 10:50:38 - [TEST_STEP][PASSED] - Statement - Break: null

2018-05-28 10:50:38 - [TEST_STEP][PASSED] - selectOptionByIndex: All options with index in [14] are selected on object 'Object Repository/HealthpostToStore/Page_Store/select_--Select--Adernaline 0.'

2018-05-28 10:50:39 - [MESSAGE][PASSED] - All options with index in [14] are selected on object 'Object Repository/HealthpostToStore/Page_Store/select_--Select--Adernaline 0.'

2018-05-28 10:50:39 - [TEST_STEP][PASSED] - delay: Delayed 2 second(s)

2018-05-28 10:50:41 - [MESSAGE][PASSED] - Delayed 2 second(s)

2018-05-28 10:50:41 - [TEST_STEP][PASSED] - Statement - RequestedQty = com.kms.katalon.core.webui.keyword.WebUiBuiltInKeywords.getAttribute(com.kms.katalon.core.testobject.ObjectRepository.findTestObject(HealthpostToStore/Page_Store/input_txttotal), "value"): Attribute 'value' of object 'Object Repository/HealthpostToStore/Page_Store/input_txttotal' is: '10'

2018-05-28 10:50:41 - [MESSAGE][PASSED] - Attribute 'value' of object 'Object Repository/HealthpostToStore/Page_Store/input_txttotal' is: '10'

2018-05-28 10:50:41 - [TEST_STEP][PASSED] - Statement - out.println("Requested QTY : " + RequestedQty): null

2018-05-28 10:50:41 - [TEST_STEP][PASSED] - Statement - BatchNumber = com.kms.katalon.core.webui.keyword.WebUiBuiltInKeywords.getNumberOfTotalOption(com.kms.katalon.core.testobject.ObjectRepository.findTestObject(HealthpostToStore/Page_Store/select_--Select--BA1170BA2376B)): 3 options of object 'Object Repository/HealthpostToStore/Page_Store/select_--Select--BA1170BA2376B' counted

2018-05-28 10:50:41 - [MESSAGE][PASSED] - 3 options of object 'Object Repository/HealthpostToStore/Page_Store/select_--Select--BA1170BA2376B' counted

2018-05-28 10:50:41 - [TEST_STEP][PASSED] - Statement - For ([g = 1, g <= BatchNumber - 1, (g++)]): null

2018-05-28 10:50:41 - [TEST_STEP][PASSED] - selectOptionByIndex: All options with index in [1] are selected on object 'Object Repository/HealthpostToStore/Page_Store/select_--Select--BA1170BA2376B'

2018-05-28 10:50:41 - [MESSAGE][PASSED] - All options with index in [1] are selected on object 'Object Repository/HealthpostToStore/Page_Store/select_--Select--BA1170BA2376B'

2018-05-28 10:50:41 - [TEST_STEP][PASSED] - Statement - Try: null

2018-05-28 10:50:41 - [TEST_STEP][PASSED] - Statement - StockQty = com.kms.katalon.core.webui.keyword.WebUiBuiltInKeywords.getAttribute(com.kms.katalon.core.testobject.ObjectRepository.findTestObject(HealthpostToStore/Page_Store/input_txtprice), "value"): Attribute 'value' of object 'Object Repository/HealthpostToStore/Page_Store/input_txtprice' is: '1765'

2018-05-28 10:50:41 - [MESSAGE][PASSED] - Attribute 'value' of object 'Object Repository/HealthpostToStore/Page_Store/input_txtprice' is: '1765'

2018-05-28 10:50:41 - [TEST_STEP][PASSED] - Statement - out.println("Stock QTY : " + StockQty): null

2018-05-28 10:50:41 - [TEST_STEP][PASSED] - delay: Delayed 2 second(s)

2018-05-28 10:50:43 - [MESSAGE][PASSED] - Delayed 2 second(s)

2018-05-28 10:50:43 - [TEST_STEP][PASSED] - Statement - If (java.lang.String.valueOf(StockQty) >= java.lang.String.valueOf(RequestedQty)): null

2018-05-28 10:50:43 - [TEST_STEP][PASSED] - setText: Text '10' is set on object 'Object Repository/HealthpostToStore/Page_Store/input_txtqty'

2018-05-28 10:50:43 - [MESSAGE][PASSED] - Text '10' is set on object 'Object Repository/HealthpostToStore/Page_Store/input_txtqty'

2018-05-28 10:50:43 - [TEST_STEP][PASSED] - click: Object: 'Object Repository/HealthpostToStore/Page_Store/button_Add' is clicked on

2018-05-28 10:50:43 - [MESSAGE][PASSED] - Object: 'Object Repository/HealthpostToStore/Page_Store/button_Add' is clicked on

2018-05-28 10:50:43 - [TEST_STEP][PASSED] - Statement - Break: null

2018-05-28 10:50:43 - [TEST_STEP][PASSED] - selectOptionByIndex: All options with index in [15] are selected on object 'Object Repository/HealthpostToStore/Page_Store/select_--Select--Adernaline 0.'

2018-05-28 10:50:43 - [MESSAGE][PASSED] - All options with index in [15] are selected on object 'Object Repository/HealthpostToStore/Page_Store/select_--Select--Adernaline 0.'

2018-05-28 10:50:43 - [TEST_STEP][PASSED] - delay: Delayed 2 second(s)

2018-05-28 10:50:45 - [MESSAGE][PASSED] - Delayed 2 second(s)

2018-05-28 10:50:45 - [TEST_STEP][PASSED] - Statement - RequestedQty = com.kms.katalon.core.webui.keyword.WebUiBuiltInKeywords.getAttribute(com.kms.katalon.core.testobject.ObjectRepository.findTestObject(HealthpostToStore/Page_Store/input_txttotal), "value"): Attribute 'value' of object 'Object Repository/HealthpostToStore/Page_Store/input_txttotal' is: '10'

2018-05-28 10:50:45 - [MESSAGE][PASSED] - Attribute 'value' of object 'Object Repository/HealthpostToStore/Page_Store/input_txttotal' is: '10'

2018-05-28 10:50:45 - [TEST_STEP][PASSED] - Statement - out.println("Requested QTY : " + RequestedQty): null

2018-05-28 10:50:45 - [TEST_STEP][PASSED] - Statement - BatchNumber = com.kms.katalon.core.webui.keyword.WebUiBuiltInKeywords.getNumberOfTotalOption(com.kms.katalon.core.testobject.ObjectRepository.findTestObject(HealthpostToStore/Page_Store/select_--Select--BA1170BA2376B)): 3 options of object 'Object Repository/HealthpostToStore/Page_Store/select_--Select--BA1170BA2376B' counted

2018-05-28 10:50:46 - [MESSAGE][PASSED] - 3 options of object 'Object Repository/HealthpostToStore/Page_Store/select_--Select--BA1170BA2376B' counted

2018-05-28 10:50:46 - [TEST_STEP][PASSED] - Statement - For ([g = 1, g <= BatchNumber - 1, (g++)]): null

2018-05-28 10:50:46 - [TEST_STEP][PASSED] - selectOptionByIndex: All options with index in [1] are selected on object 'Object Repository/HealthpostToStore/Page_Store/select_--Select--BA1170BA2376B'

2018-05-28 10:50:46 - [MESSAGE][PASSED] - All options with index in [1] are selected on object 'Object Repository/HealthpostToStore/Page_Store/select_--Select--BA1170BA2376B'

2018-05-28 10:50:46 - [TEST_STEP][PASSED] - Statement - Try: null

2018-05-28 10:50:46 - [TEST_STEP][PASSED] - Statement - StockQty = com.kms.katalon.core.webui.keyword.WebUiBuiltInKeywords.getAttribute(com.kms.katalon.core.testobject.ObjectRepository.findTestObject(HealthpostToStore/Page_Store/input_txtprice), "value"): Attribute 'value' of object 'Object Repository/HealthpostToStore/Page_Store/input_txtprice' is: '1755'

2018-05-28 10:50:46 - [MESSAGE][PASSED] - Attribute 'value' of object 'Object Repository/HealthpostToStore/Page_Store/input_txtprice' is: '1755'

2018-05-28 10:50:46 - [TEST_STEP][PASSED] - Statement - out.println("Stock QTY : " + StockQty): null

2018-05-28 10:50:46 - [TEST_STEP][PASSED] - delay: Delayed 2 second(s)

2018-05-28 10:50:48 - [MESSAGE][PASSED] - Delayed 2 second(s)

2018-05-28 10:50:48 - [TEST_STEP][PASSED] - Statement - If (java.lang.String.valueOf(StockQty) >= java.lang.String.valueOf(RequestedQty)): null

2018-05-28 10:50:48 - [TEST_STEP][PASSED] - setText: Text '10' is set on object 'Object Repository/HealthpostToStore/Page_Store/input_txtqty'

2018-05-28 10:50:48 - [MESSAGE][PASSED] - Text '10' is set on object 'Object Repository/HealthpostToStore/Page_Store/input_txtqty'

2018-05-28 10:50:48 - [TEST_STEP][PASSED] - click: Object: 'Object Repository/HealthpostToStore/Page_Store/button_Add' is clicked on

2018-05-28 10:50:48 - [MESSAGE][PASSED] - Object: 'Object Repository/HealthpostToStore/Page_Store/button_Add' is clicked on

2018-05-28 10:50:48 - [TEST_STEP][PASSED] - Statement - Break: null

2018-05-28 10:50:48 - [TEST_STEP][PASSED] - selectOptionByIndex: All options with index in [16] are selected on object 'Object Repository/HealthpostToStore/Page_Store/select_--Select--Adernaline 0.'

2018-05-28 10:50:48 - [MESSAGE][PASSED] - All options with index in [16] are selected on object 'Object Repository/HealthpostToStore/Page_Store/select_--Select--Adernaline 0.'

2018-05-28 10:50:48 - [TEST_STEP][PASSED] - delay: Delayed 2 second(s)

2018-05-28 10:50:50 - [MESSAGE][PASSED] - Delayed 2 second(s)

2018-05-28 10:50:50 - [TEST_STEP][PASSED] - Statement - RequestedQty = com.kms.katalon.core.webui.keyword.WebUiBuiltInKeywords.getAttribute(com.kms.katalon.core.testobject.ObjectRepository.findTestObject(HealthpostToStore/Page_Store/input_txttotal), "value"): Attribute 'value' of object 'Object Repository/HealthpostToStore/Page_Store/input_txttotal' is: '10'

2018-05-28 10:50:50 - [MESSAGE][PASSED] - Attribute 'value' of object 'Object Repository/HealthpostToStore/Page_Store/input_txttotal' is: '10'

2018-05-28 10:50:50 - [TEST_STEP][PASSED] - Statement - out.println("Requested QTY : " + RequestedQty): null

2018-05-28 10:50:50 - [TEST_STEP][PASSED] - Statement - BatchNumber = com.kms.katalon.core.webui.keyword.WebUiBuiltInKeywords.getNumberOfTotalOption(com.kms.katalon.core.testobject.ObjectRepository.findTestObject(HealthpostToStore/Page_Store/select_--Select--BA1170BA2376B)): 2 options of object 'Object Repository/HealthpostToStore/Page_Store/select_--Select--BA1170BA2376B' counted

2018-05-28 10:50:50 - [MESSAGE][PASSED] - 2 options of object 'Object Repository/HealthpostToStore/Page_Store/select_--Select--BA1170BA2376B' counted

2018-05-28 10:50:50 - [TEST_STEP][PASSED] - Statement - For ([g = 1, g <= BatchNumber - 1, (g++)]): null

2018-05-28 10:50:50 - [TEST_STEP][PASSED] - selectOptionByIndex: All options with index in [1] are selected on object 'Object Repository/HealthpostToStore/Page_Store/select_--Select--BA1170BA2376B'

2018-05-28 10:50:50 - [MESSAGE][PASSED] - All options with index in [1] are selected on object 'Object Repository/HealthpostToStore/Page_Store/select_--Select--BA1170BA2376B'

2018-05-28 10:50:50 - [TEST_STEP][PASSED] - Statement - Try: null

2018-05-28 10:50:50 - [TEST_STEP][PASSED] - Statement - StockQty = com.kms.katalon.core.webui.keyword.WebUiBuiltInKeywords.getAttribute(com.kms.katalon.core.testobject.ObjectRepository.findTestObject(HealthpostToStore/Page_Store/input_txtprice), "value"): Attribute 'value' of object 'Object Repository/HealthpostToStore/Page_Store/input_txtprice' is: '290'

2018-05-28 10:50:50 - [MESSAGE][PASSED] - Attribute 'value' of object 'Object Repository/HealthpostToStore/Page_Store/input_txtprice' is: '290'

2018-05-28 10:50:50 - [TEST_STEP][PASSED] - Statement - out.println("Stock QTY : " + StockQty): null

2018-05-28 10:50:50 - [TEST_STEP][PASSED] - delay: Delayed 2 second(s)

2018-05-28 10:50:52 - [MESSAGE][PASSED] - Delayed 2 second(s)

2018-05-28 10:50:52 - [TEST_STEP][PASSED] - Statement - If (java.lang.String.valueOf(StockQty) >= java.lang.String.valueOf(RequestedQty)): null

2018-05-28 10:50:52 - [TEST_STEP][PASSED] - setText: Text '10' is set on object 'Object Repository/HealthpostToStore/Page_Store/input_txtqty'

2018-05-28 10:50:52 - [MESSAGE][PASSED] - Text '10' is set on object 'Object Repository/HealthpostToStore/Page_Store/input_txtqty'

2018-05-28 10:50:52 - [TEST_STEP][PASSED] - click: Object: 'Object Repository/HealthpostToStore/Page_Store/button_Add' is clicked on

2018-05-28 10:50:53 - [MESSAGE][PASSED] - Object: 'Object Repository/HealthpostToStore/Page_Store/button_Add' is clicked on

2018-05-28 10:50:53 - [TEST_STEP][PASSED] - Statement - Break: null

2018-05-28 10:50:53 - [TEST_STEP][PASSED] - scrollToElement: Scroll to object 'Object Repository/HealthpostToStore/Page_Store/input_btnSubmit' successfully

2018-05-28 10:50:53 - [MESSAGE][PASSED] - Scroll to object 'Object Repository/HealthpostToStore/Page_Store/input_btnSubmit' successfully

2018-05-28 10:50:53 - [TEST_STEP][PASSED] - click: Object: 'Object Repository/HealthpostToStore/Page_Store/input_btnSubmit' is clicked on

2018-05-28 10:50:53 - [MESSAGE][PASSED] - Object: 'Object Repository/HealthpostToStore/Page_Store/input_btnSubmit' is clicked on

2018-05-28 10:50:53 - [TEST_STEP][PASSED] - delay: Delayed 3 second(s)

2018-05-28 10:50:56 - [MESSAGE][PASSED] - Delayed 3 second(s)

2018-05-28 10:50:56 - [TEST_STEP][PASSED] - click: Object: 'Object Repository/HealthpostToStore/Page_Store/button_OK' is clicked on

2018-05-28 10:50:56 - [MESSAGE][PASSED] - Object: 'Object Repository/HealthpostToStore/Page_Store/button_OK' is clicked on

2018-05-28 10:50:56 - [TEST_STEP][PASSED] - delay: Delayed 3 second(s)

2018-05-28 10:50:59 - [MESSAGE][PASSED] - Delayed 3 second(s)

2018-05-28 10:50:59 - [TEST_STEP][PASSED] - click: Object: 'Object Repository/HealthpostToStore/Page_Store/a_dropdown-toggle' is clicked on

2018-05-28 10:51:00 - [MESSAGE][PASSED] - Object: 'Object Repository/HealthpostToStore/Page_Store/a_dropdown-toggle' is clicked on

2018-05-28 10:51:00 - [TEST_STEP][PASSED] - click: Object: 'Object Repository/HealthpostToStore/Page_Store/a_Sign out' is clicked on

2018-05-28 10:51:00 - [MESSAGE][PASSED] - Object: 'Object Repository/HealthpostToStore/Page_Store/a_Sign out' is clicked on

2018-05-28 10:51:00 - [TEST_STEP][PASSED] - closeBrowser: Browser is closed

2018-05-28 10:51:01 - [MESSAGE][PASSED] - Browser is closed]]></system-out>
         <system-err><![CDATA[]]></system-err>
      </testcase>
      <testcase name="Test Cases/HEALTHPOST TEST CASES/TC_HP_006 Verify Schedule 6 Healthpost Request Are Working Successfully Or Not" classname="Test Cases/HEALTHPOST TEST CASES/TC_HP_006 Verify Schedule 6 Healthpost Request Are Working Successfully Or Not" status="PASSED">
         <system-out><![CDATA[2018-05-28 10:51:01 - [TEST_CASE][PASSED] - Test Cases/HEALTHPOST TEST CASES/TC_HP_006 Verify Schedule 6 Healthpost Request Are Working Successfully Or Not: Test Cases/HEALTHPOST TEST CASES/TC_HP_006 Verify Schedule 6 Healthpost Request Are Working Successfully Or Not

2018-05-28 10:51:01 - [TEST_STEP][PASSED] - openBrowser: Browser is opened with url: ''

2018-05-28 10:51:03 - [MESSAGE][PASSED] - Browser is opened with url: ''

2018-05-28 10:51:03 - [TEST_STEP][PASSED] - navigateToUrl: Navigate to 'http://192.168.137.1/multihospital_new/HDSplashscreen.aspx' successfully

2018-05-28 10:51:05 - [MESSAGE][PASSED] - Navigate to 'http://192.168.137.1/multihospital_new/HDSplashscreen.aspx' successfully

2018-05-28 10:51:05 - [TEST_STEP][PASSED] - maximizeWindow: Current window maximized

2018-05-28 10:51:06 - [MESSAGE][PASSED] - Current window maximized

2018-05-28 10:51:06 - [TEST_STEP][PASSED] - click: Object: 'Object Repository/HealthpostToStore/Page_KDMC/a_Healthpost Store' is clicked on

2018-05-28 10:51:07 - [MESSAGE][PASSED] - Object: 'Object Repository/HealthpostToStore/Page_KDMC/a_Healthpost Store' is clicked on

2018-05-28 10:51:07 - [TEST_STEP][PASSED] - setText: Text 'raguram' is set on object 'Object Repository/HealthpostToStore/Page_HealthPost Store Login/input_txtusername'

2018-05-28 10:51:07 - [MESSAGE][PASSED] - Text 'raguram' is set on object 'Object Repository/HealthpostToStore/Page_HealthPost Store Login/input_txtusername'

2018-05-28 10:51:07 - [TEST_STEP][PASSED] - setText: Text '123' is set on object 'Object Repository/HealthpostToStore/Page_HealthPost Store Login/input_txtpassword'

2018-05-28 10:51:07 - [MESSAGE][PASSED] - Text '123' is set on object 'Object Repository/HealthpostToStore/Page_HealthPost Store Login/input_txtpassword'

2018-05-28 10:51:07 - [TEST_STEP][PASSED] - delay: Delayed 3 second(s)

2018-05-28 10:51:10 - [MESSAGE][PASSED] - Delayed 3 second(s)

2018-05-28 10:51:10 - [TEST_STEP][PASSED] - sendKeys: Keys 'ENTER + ' sent to object: 'Object Repository/HealthpostToStore/Page_HealthPost Store Login/input_txtpassword'

2018-05-28 10:51:11 - [MESSAGE][PASSED] - Keys 'ENTER + ' sent to object: 'Object Repository/HealthpostToStore/Page_HealthPost Store Login/input_txtpassword'

2018-05-28 10:51:11 - [TEST_STEP][PASSED] - delay: Delayed 3 second(s)

2018-05-28 10:51:14 - [MESSAGE][PASSED] - Delayed 3 second(s)

2018-05-28 10:51:14 - [TEST_STEP][PASSED] - click: Object: 'Object Repository/HealthpostToStore/Page_HealthPost Store/a_Request to Store' is clicked on

2018-05-28 10:51:14 - [MESSAGE][PASSED] - Object: 'Object Repository/HealthpostToStore/Page_HealthPost Store/a_Request to Store' is clicked on

2018-05-28 10:51:14 - [TEST_STEP][PASSED] - delay: Delayed 1 second(s)

2018-05-28 10:51:15 - [MESSAGE][PASSED] - Delayed 1 second(s)

2018-05-28 10:51:15 - [TEST_STEP][PASSED] - click: Object: 'Object Repository/HealthpostToStore/Page_HealthPost Store/a_Medicine Request' is clicked on

2018-05-28 10:51:15 - [MESSAGE][PASSED] - Object: 'Object Repository/HealthpostToStore/Page_HealthPost Store/a_Medicine Request' is clicked on

2018-05-28 10:51:15 - [TEST_STEP][PASSED] - delay: Delayed 1 second(s)

2018-05-28 10:51:16 - [MESSAGE][PASSED] - Delayed 1 second(s)

2018-05-28 10:51:16 - [TEST_STEP][PASSED] - selectOptionByIndex: All options with index in [6] are selected on object 'Object Repository/HealthpostToStore/Page_HealthPost Store/select_--Select--Schedule 1Inj'

2018-05-28 10:51:17 - [MESSAGE][PASSED] - All options with index in [6] are selected on object 'Object Repository/HealthpostToStore/Page_HealthPost Store/select_--Select--Schedule 1Inj'

2018-05-28 10:51:17 - [TEST_STEP][PASSED] - Statement - medicineslength = com.kms.katalon.core.webui.keyword.WebUiBuiltInKeywords.getNumberOfTotalOption(com.kms.katalon.core.testobject.ObjectRepository.findTestObject(HealthpostToStore/Page_HealthPost Store/select_--Select--Adernaline 0.)): 14 options of object 'Object Repository/HealthpostToStore/Page_HealthPost Store/select_--Select--Adernaline 0.' counted

2018-05-28 10:51:17 - [MESSAGE][PASSED] - 14 options of object 'Object Repository/HealthpostToStore/Page_HealthPost Store/select_--Select--Adernaline 0.' counted

2018-05-28 10:51:17 - [TEST_STEP][PASSED] - Statement - For ([e = 1, e <= medicineslength - 1, (e++)]): Object: 'Object Repository/HealthpostToStore/Page_HealthPost Store/button_Add' is clicked on

2018-05-28 10:51:17 - [TEST_STEP][PASSED] - selectOptionByIndex: All options with index in [6] are selected on object 'Object Repository/HealthpostToStore/Page_HealthPost Store/select_--Select--Schedule 1Inj'

2018-05-28 10:51:17 - [MESSAGE][PASSED] - All options with index in [6] are selected on object 'Object Repository/HealthpostToStore/Page_HealthPost Store/select_--Select--Schedule 1Inj'

2018-05-28 10:51:17 - [TEST_STEP][PASSED] - selectOptionByIndex: All options with index in [1] are selected on object 'Object Repository/HealthpostToStore/Page_HealthPost Store/select_--Select--Adernaline 0.'

2018-05-28 10:51:17 - [MESSAGE][PASSED] - All options with index in [1] are selected on object 'Object Repository/HealthpostToStore/Page_HealthPost Store/select_--Select--Adernaline 0.'

2018-05-28 10:51:17 - [TEST_STEP][PASSED] - setText: Text '10' is set on object 'Object Repository/HealthpostToStore/Page_HealthPost Store/input_txttreat'

2018-05-28 10:51:17 - [MESSAGE][PASSED] - Text '10' is set on object 'Object Repository/HealthpostToStore/Page_HealthPost Store/input_txttreat'

2018-05-28 10:51:17 - [TEST_STEP][PASSED] - click: Object: 'Object Repository/HealthpostToStore/Page_HealthPost Store/button_Add' is clicked on

2018-05-28 10:51:17 - [MESSAGE][PASSED] - Object: 'Object Repository/HealthpostToStore/Page_HealthPost Store/button_Add' is clicked on

2018-05-28 10:51:17 - [TEST_STEP][PASSED] - selectOptionByIndex: All options with index in [6] are selected on object 'Object Repository/HealthpostToStore/Page_HealthPost Store/select_--Select--Schedule 1Inj'

2018-05-28 10:51:17 - [MESSAGE][PASSED] - All options with index in [6] are selected on object 'Object Repository/HealthpostToStore/Page_HealthPost Store/select_--Select--Schedule 1Inj'

2018-05-28 10:51:17 - [TEST_STEP][PASSED] - selectOptionByIndex: All options with index in [2] are selected on object 'Object Repository/HealthpostToStore/Page_HealthPost Store/select_--Select--Adernaline 0.'

2018-05-28 10:51:17 - [MESSAGE][PASSED] - All options with index in [2] are selected on object 'Object Repository/HealthpostToStore/Page_HealthPost Store/select_--Select--Adernaline 0.'

2018-05-28 10:51:17 - [TEST_STEP][PASSED] - setText: Text '10' is set on object 'Object Repository/HealthpostToStore/Page_HealthPost Store/input_txttreat'

2018-05-28 10:51:17 - [MESSAGE][PASSED] - Text '10' is set on object 'Object Repository/HealthpostToStore/Page_HealthPost Store/input_txttreat'

2018-05-28 10:51:17 - [TEST_STEP][PASSED] - click: Object: 'Object Repository/HealthpostToStore/Page_HealthPost Store/button_Add' is clicked on

2018-05-28 10:51:18 - [MESSAGE][PASSED] - Object: 'Object Repository/HealthpostToStore/Page_HealthPost Store/button_Add' is clicked on

2018-05-28 10:51:18 - [TEST_STEP][PASSED] - selectOptionByIndex: All options with index in [6] are selected on object 'Object Repository/HealthpostToStore/Page_HealthPost Store/select_--Select--Schedule 1Inj'

2018-05-28 10:51:18 - [MESSAGE][PASSED] - All options with index in [6] are selected on object 'Object Repository/HealthpostToStore/Page_HealthPost Store/select_--Select--Schedule 1Inj'

2018-05-28 10:51:18 - [TEST_STEP][PASSED] - selectOptionByIndex: All options with index in [3] are selected on object 'Object Repository/HealthpostToStore/Page_HealthPost Store/select_--Select--Adernaline 0.'

2018-05-28 10:51:18 - [MESSAGE][PASSED] - All options with index in [3] are selected on object 'Object Repository/HealthpostToStore/Page_HealthPost Store/select_--Select--Adernaline 0.'

2018-05-28 10:51:18 - [TEST_STEP][PASSED] - setText: Text '10' is set on object 'Object Repository/HealthpostToStore/Page_HealthPost Store/input_txttreat'

2018-05-28 10:51:18 - [MESSAGE][PASSED] - Text '10' is set on object 'Object Repository/HealthpostToStore/Page_HealthPost Store/input_txttreat'

2018-05-28 10:51:18 - [TEST_STEP][PASSED] - click: Object: 'Object Repository/HealthpostToStore/Page_HealthPost Store/button_Add' is clicked on

2018-05-28 10:51:18 - [MESSAGE][PASSED] - Object: 'Object Repository/HealthpostToStore/Page_HealthPost Store/button_Add' is clicked on

2018-05-28 10:51:18 - [TEST_STEP][PASSED] - selectOptionByIndex: All options with index in [6] are selected on object 'Object Repository/HealthpostToStore/Page_HealthPost Store/select_--Select--Schedule 1Inj'

2018-05-28 10:51:18 - [MESSAGE][PASSED] - All options with index in [6] are selected on object 'Object Repository/HealthpostToStore/Page_HealthPost Store/select_--Select--Schedule 1Inj'

2018-05-28 10:51:18 - [TEST_STEP][PASSED] - selectOptionByIndex: All options with index in [4] are selected on object 'Object Repository/HealthpostToStore/Page_HealthPost Store/select_--Select--Adernaline 0.'

2018-05-28 10:51:18 - [MESSAGE][PASSED] - All options with index in [4] are selected on object 'Object Repository/HealthpostToStore/Page_HealthPost Store/select_--Select--Adernaline 0.'

2018-05-28 10:51:18 - [TEST_STEP][PASSED] - setText: Text '10' is set on object 'Object Repository/HealthpostToStore/Page_HealthPost Store/input_txttreat'

2018-05-28 10:51:18 - [MESSAGE][PASSED] - Text '10' is set on object 'Object Repository/HealthpostToStore/Page_HealthPost Store/input_txttreat'

2018-05-28 10:51:18 - [TEST_STEP][PASSED] - click: Object: 'Object Repository/HealthpostToStore/Page_HealthPost Store/button_Add' is clicked on

2018-05-28 10:51:18 - [MESSAGE][PASSED] - Object: 'Object Repository/HealthpostToStore/Page_HealthPost Store/button_Add' is clicked on

2018-05-28 10:51:18 - [TEST_STEP][PASSED] - selectOptionByIndex: All options with index in [6] are selected on object 'Object Repository/HealthpostToStore/Page_HealthPost Store/select_--Select--Schedule 1Inj'

2018-05-28 10:51:19 - [MESSAGE][PASSED] - All options with index in [6] are selected on object 'Object Repository/HealthpostToStore/Page_HealthPost Store/select_--Select--Schedule 1Inj'

2018-05-28 10:51:19 - [TEST_STEP][PASSED] - selectOptionByIndex: All options with index in [5] are selected on object 'Object Repository/HealthpostToStore/Page_HealthPost Store/select_--Select--Adernaline 0.'

2018-05-28 10:51:19 - [MESSAGE][PASSED] - All options with index in [5] are selected on object 'Object Repository/HealthpostToStore/Page_HealthPost Store/select_--Select--Adernaline 0.'

2018-05-28 10:51:19 - [TEST_STEP][PASSED] - setText: Text '10' is set on object 'Object Repository/HealthpostToStore/Page_HealthPost Store/input_txttreat'

2018-05-28 10:51:19 - [MESSAGE][PASSED] - Text '10' is set on object 'Object Repository/HealthpostToStore/Page_HealthPost Store/input_txttreat'

2018-05-28 10:51:19 - [TEST_STEP][PASSED] - click: Object: 'Object Repository/HealthpostToStore/Page_HealthPost Store/button_Add' is clicked on

2018-05-28 10:51:19 - [MESSAGE][PASSED] - Object: 'Object Repository/HealthpostToStore/Page_HealthPost Store/button_Add' is clicked on

2018-05-28 10:51:19 - [TEST_STEP][PASSED] - selectOptionByIndex: All options with index in [6] are selected on object 'Object Repository/HealthpostToStore/Page_HealthPost Store/select_--Select--Schedule 1Inj'

2018-05-28 10:51:19 - [MESSAGE][PASSED] - All options with index in [6] are selected on object 'Object Repository/HealthpostToStore/Page_HealthPost Store/select_--Select--Schedule 1Inj'

2018-05-28 10:51:19 - [TEST_STEP][PASSED] - selectOptionByIndex: All options with index in [6] are selected on object 'Object Repository/HealthpostToStore/Page_HealthPost Store/select_--Select--Adernaline 0.'

2018-05-28 10:51:19 - [MESSAGE][PASSED] - All options with index in [6] are selected on object 'Object Repository/HealthpostToStore/Page_HealthPost Store/select_--Select--Adernaline 0.'

2018-05-28 10:51:19 - [TEST_STEP][PASSED] - setText: Text '10' is set on object 'Object Repository/HealthpostToStore/Page_HealthPost Store/input_txttreat'

2018-05-28 10:51:19 - [MESSAGE][PASSED] - Text '10' is set on object 'Object Repository/HealthpostToStore/Page_HealthPost Store/input_txttreat'

2018-05-28 10:51:19 - [TEST_STEP][PASSED] - click: Object: 'Object Repository/HealthpostToStore/Page_HealthPost Store/button_Add' is clicked on

2018-05-28 10:51:19 - [MESSAGE][PASSED] - Object: 'Object Repository/HealthpostToStore/Page_HealthPost Store/button_Add' is clicked on

2018-05-28 10:51:19 - [TEST_STEP][PASSED] - selectOptionByIndex: All options with index in [6] are selected on object 'Object Repository/HealthpostToStore/Page_HealthPost Store/select_--Select--Schedule 1Inj'

2018-05-28 10:51:20 - [MESSAGE][PASSED] - All options with index in [6] are selected on object 'Object Repository/HealthpostToStore/Page_HealthPost Store/select_--Select--Schedule 1Inj'

2018-05-28 10:51:20 - [TEST_STEP][PASSED] - selectOptionByIndex: All options with index in [7] are selected on object 'Object Repository/HealthpostToStore/Page_HealthPost Store/select_--Select--Adernaline 0.'

2018-05-28 10:51:20 - [MESSAGE][PASSED] - All options with index in [7] are selected on object 'Object Repository/HealthpostToStore/Page_HealthPost Store/select_--Select--Adernaline 0.'

2018-05-28 10:51:20 - [TEST_STEP][PASSED] - setText: Text '10' is set on object 'Object Repository/HealthpostToStore/Page_HealthPost Store/input_txttreat'

2018-05-28 10:51:20 - [MESSAGE][PASSED] - Text '10' is set on object 'Object Repository/HealthpostToStore/Page_HealthPost Store/input_txttreat'

2018-05-28 10:51:20 - [TEST_STEP][PASSED] - click: Object: 'Object Repository/HealthpostToStore/Page_HealthPost Store/button_Add' is clicked on

2018-05-28 10:51:20 - [MESSAGE][PASSED] - Object: 'Object Repository/HealthpostToStore/Page_HealthPost Store/button_Add' is clicked on

2018-05-28 10:51:20 - [TEST_STEP][PASSED] - selectOptionByIndex: All options with index in [6] are selected on object 'Object Repository/HealthpostToStore/Page_HealthPost Store/select_--Select--Schedule 1Inj'

2018-05-28 10:51:20 - [MESSAGE][PASSED] - All options with index in [6] are selected on object 'Object Repository/HealthpostToStore/Page_HealthPost Store/select_--Select--Schedule 1Inj'

2018-05-28 10:51:20 - [TEST_STEP][PASSED] - selectOptionByIndex: All options with index in [8] are selected on object 'Object Repository/HealthpostToStore/Page_HealthPost Store/select_--Select--Adernaline 0.'

2018-05-28 10:51:20 - [MESSAGE][PASSED] - All options with index in [8] are selected on object 'Object Repository/HealthpostToStore/Page_HealthPost Store/select_--Select--Adernaline 0.'

2018-05-28 10:51:20 - [TEST_STEP][PASSED] - setText: Text '10' is set on object 'Object Repository/HealthpostToStore/Page_HealthPost Store/input_txttreat'

2018-05-28 10:51:20 - [MESSAGE][PASSED] - Text '10' is set on object 'Object Repository/HealthpostToStore/Page_HealthPost Store/input_txttreat'

2018-05-28 10:51:20 - [TEST_STEP][PASSED] - click: Object: 'Object Repository/HealthpostToStore/Page_HealthPost Store/button_Add' is clicked on

2018-05-28 10:51:20 - [MESSAGE][PASSED] - Object: 'Object Repository/HealthpostToStore/Page_HealthPost Store/button_Add' is clicked on

2018-05-28 10:51:20 - [TEST_STEP][PASSED] - selectOptionByIndex: All options with index in [6] are selected on object 'Object Repository/HealthpostToStore/Page_HealthPost Store/select_--Select--Schedule 1Inj'

2018-05-28 10:51:21 - [MESSAGE][PASSED] - All options with index in [6] are selected on object 'Object Repository/HealthpostToStore/Page_HealthPost Store/select_--Select--Schedule 1Inj'

2018-05-28 10:51:21 - [TEST_STEP][PASSED] - selectOptionByIndex: All options with index in [9] are selected on object 'Object Repository/HealthpostToStore/Page_HealthPost Store/select_--Select--Adernaline 0.'

2018-05-28 10:51:21 - [MESSAGE][PASSED] - All options with index in [9] are selected on object 'Object Repository/HealthpostToStore/Page_HealthPost Store/select_--Select--Adernaline 0.'

2018-05-28 10:51:21 - [TEST_STEP][PASSED] - setText: Text '10' is set on object 'Object Repository/HealthpostToStore/Page_HealthPost Store/input_txttreat'

2018-05-28 10:51:21 - [MESSAGE][PASSED] - Text '10' is set on object 'Object Repository/HealthpostToStore/Page_HealthPost Store/input_txttreat'

2018-05-28 10:51:21 - [TEST_STEP][PASSED] - click: Object: 'Object Repository/HealthpostToStore/Page_HealthPost Store/button_Add' is clicked on

2018-05-28 10:51:21 - [MESSAGE][PASSED] - Object: 'Object Repository/HealthpostToStore/Page_HealthPost Store/button_Add' is clicked on

2018-05-28 10:51:21 - [TEST_STEP][PASSED] - selectOptionByIndex: All options with index in [6] are selected on object 'Object Repository/HealthpostToStore/Page_HealthPost Store/select_--Select--Schedule 1Inj'

2018-05-28 10:51:21 - [MESSAGE][PASSED] - All options with index in [6] are selected on object 'Object Repository/HealthpostToStore/Page_HealthPost Store/select_--Select--Schedule 1Inj'

2018-05-28 10:51:21 - [TEST_STEP][PASSED] - selectOptionByIndex: All options with index in [10] are selected on object 'Object Repository/HealthpostToStore/Page_HealthPost Store/select_--Select--Adernaline 0.'

2018-05-28 10:51:21 - [MESSAGE][PASSED] - All options with index in [10] are selected on object 'Object Repository/HealthpostToStore/Page_HealthPost Store/select_--Select--Adernaline 0.'

2018-05-28 10:51:21 - [TEST_STEP][PASSED] - setText: Text '10' is set on object 'Object Repository/HealthpostToStore/Page_HealthPost Store/input_txttreat'

2018-05-28 10:51:21 - [MESSAGE][PASSED] - Text '10' is set on object 'Object Repository/HealthpostToStore/Page_HealthPost Store/input_txttreat'

2018-05-28 10:51:21 - [TEST_STEP][PASSED] - click: Object: 'Object Repository/HealthpostToStore/Page_HealthPost Store/button_Add' is clicked on

2018-05-28 10:51:21 - [MESSAGE][PASSED] - Object: 'Object Repository/HealthpostToStore/Page_HealthPost Store/button_Add' is clicked on

2018-05-28 10:51:21 - [TEST_STEP][PASSED] - selectOptionByIndex: All options with index in [6] are selected on object 'Object Repository/HealthpostToStore/Page_HealthPost Store/select_--Select--Schedule 1Inj'

2018-05-28 10:51:22 - [MESSAGE][PASSED] - All options with index in [6] are selected on object 'Object Repository/HealthpostToStore/Page_HealthPost Store/select_--Select--Schedule 1Inj'

2018-05-28 10:51:22 - [TEST_STEP][PASSED] - selectOptionByIndex: All options with index in [11] are selected on object 'Object Repository/HealthpostToStore/Page_HealthPost Store/select_--Select--Adernaline 0.'

2018-05-28 10:51:22 - [MESSAGE][PASSED] - All options with index in [11] are selected on object 'Object Repository/HealthpostToStore/Page_HealthPost Store/select_--Select--Adernaline 0.'

2018-05-28 10:51:22 - [TEST_STEP][PASSED] - setText: Text '10' is set on object 'Object Repository/HealthpostToStore/Page_HealthPost Store/input_txttreat'

2018-05-28 10:51:22 - [MESSAGE][PASSED] - Text '10' is set on object 'Object Repository/HealthpostToStore/Page_HealthPost Store/input_txttreat'

2018-05-28 10:51:22 - [TEST_STEP][PASSED] - click: Object: 'Object Repository/HealthpostToStore/Page_HealthPost Store/button_Add' is clicked on

2018-05-28 10:51:22 - [MESSAGE][PASSED] - Object: 'Object Repository/HealthpostToStore/Page_HealthPost Store/button_Add' is clicked on

2018-05-28 10:51:22 - [TEST_STEP][PASSED] - selectOptionByIndex: All options with index in [6] are selected on object 'Object Repository/HealthpostToStore/Page_HealthPost Store/select_--Select--Schedule 1Inj'

2018-05-28 10:51:22 - [MESSAGE][PASSED] - All options with index in [6] are selected on object 'Object Repository/HealthpostToStore/Page_HealthPost Store/select_--Select--Schedule 1Inj'

2018-05-28 10:51:22 - [TEST_STEP][PASSED] - selectOptionByIndex: All options with index in [12] are selected on object 'Object Repository/HealthpostToStore/Page_HealthPost Store/select_--Select--Adernaline 0.'

2018-05-28 10:51:22 - [MESSAGE][PASSED] - All options with index in [12] are selected on object 'Object Repository/HealthpostToStore/Page_HealthPost Store/select_--Select--Adernaline 0.'

2018-05-28 10:51:22 - [TEST_STEP][PASSED] - setText: Text '10' is set on object 'Object Repository/HealthpostToStore/Page_HealthPost Store/input_txttreat'

2018-05-28 10:51:23 - [MESSAGE][PASSED] - Text '10' is set on object 'Object Repository/HealthpostToStore/Page_HealthPost Store/input_txttreat'

2018-05-28 10:51:23 - [TEST_STEP][PASSED] - click: Object: 'Object Repository/HealthpostToStore/Page_HealthPost Store/button_Add' is clicked on

2018-05-28 10:51:23 - [MESSAGE][PASSED] - Object: 'Object Repository/HealthpostToStore/Page_HealthPost Store/button_Add' is clicked on

2018-05-28 10:51:23 - [TEST_STEP][PASSED] - selectOptionByIndex: All options with index in [6] are selected on object 'Object Repository/HealthpostToStore/Page_HealthPost Store/select_--Select--Schedule 1Inj'

2018-05-28 10:51:23 - [MESSAGE][PASSED] - All options with index in [6] are selected on object 'Object Repository/HealthpostToStore/Page_HealthPost Store/select_--Select--Schedule 1Inj'

2018-05-28 10:51:23 - [TEST_STEP][PASSED] - selectOptionByIndex: All options with index in [13] are selected on object 'Object Repository/HealthpostToStore/Page_HealthPost Store/select_--Select--Adernaline 0.'

2018-05-28 10:51:23 - [MESSAGE][PASSED] - All options with index in [13] are selected on object 'Object Repository/HealthpostToStore/Page_HealthPost Store/select_--Select--Adernaline 0.'

2018-05-28 10:51:23 - [TEST_STEP][PASSED] - setText: Text '10' is set on object 'Object Repository/HealthpostToStore/Page_HealthPost Store/input_txttreat'

2018-05-28 10:51:23 - [MESSAGE][PASSED] - Text '10' is set on object 'Object Repository/HealthpostToStore/Page_HealthPost Store/input_txttreat'

2018-05-28 10:51:23 - [TEST_STEP][PASSED] - click: Object: 'Object Repository/HealthpostToStore/Page_HealthPost Store/button_Add' is clicked on

2018-05-28 10:51:23 - [MESSAGE][PASSED] - Object: 'Object Repository/HealthpostToStore/Page_HealthPost Store/button_Add' is clicked on

2018-05-28 10:51:23 - [TEST_STEP][PASSED] - scrollToElement: Scroll to object 'Object Repository/HealthpostToStore/Page_HealthPost Store/input_btnsave' successfully

2018-05-28 10:51:23 - [MESSAGE][PASSED] - Scroll to object 'Object Repository/HealthpostToStore/Page_HealthPost Store/input_btnsave' successfully

2018-05-28 10:51:23 - [TEST_STEP][PASSED] - click: Object: 'Object Repository/HealthpostToStore/Page_HealthPost Store/input_btnsave' is clicked on

2018-05-28 10:51:23 - [MESSAGE][PASSED] - Object: 'Object Repository/HealthpostToStore/Page_HealthPost Store/input_btnsave' is clicked on

2018-05-28 10:51:23 - [TEST_STEP][PASSED] - delay: Delayed 3 second(s)

2018-05-28 10:51:26 - [MESSAGE][PASSED] - Delayed 3 second(s)

2018-05-28 10:51:26 - [TEST_STEP][PASSED] - Statement - RN1 = com.kms.katalon.core.webui.keyword.WebUiBuiltInKeywords.getText(com.kms.katalon.core.testobject.ObjectRepository.findTestObject(HealthpostToStore/Page_HealthPost Store/font_HPRNO180520187)): Text of object 'Object Repository/HealthpostToStore/Page_HealthPost Store/font_HPRNO180520187' is: 'HPRNO/28052018/114'

2018-05-28 10:51:26 - [MESSAGE][PASSED] - Text of object 'Object Repository/HealthpostToStore/Page_HealthPost Store/font_HPRNO180520187' is: 'HPRNO/28052018/114'

2018-05-28 10:51:26 - [TEST_STEP][PASSED] - Statement - out.println(RN1): null

2018-05-28 10:51:26 - [TEST_STEP][PASSED] - Statement - RID = RN1.split("/")[2]: null

2018-05-28 10:51:26 - [TEST_STEP][PASSED] - click: Object: 'Object Repository/HealthpostToStore/Page_HealthPost Store/button_OK' is clicked on

2018-05-28 10:51:27 - [MESSAGE][PASSED] - Object: 'Object Repository/HealthpostToStore/Page_HealthPost Store/button_OK' is clicked on

2018-05-28 10:51:27 - [TEST_STEP][PASSED] - delay: Delayed 3 second(s)

2018-05-28 10:51:30 - [MESSAGE][PASSED] - Delayed 3 second(s)

2018-05-28 10:51:30 - [TEST_STEP][PASSED] - click: Object: 'Object Repository/HealthpostToStore/Page_HealthPost Store/a_dropdown-toggle' is clicked on

2018-05-28 10:51:30 - [MESSAGE][PASSED] - Object: 'Object Repository/HealthpostToStore/Page_HealthPost Store/a_dropdown-toggle' is clicked on

2018-05-28 10:51:30 - [TEST_STEP][PASSED] - click: Object: 'Object Repository/HealthpostToStore/Page_HealthPost Store/a_Sign out' is clicked on

2018-05-28 10:51:30 - [MESSAGE][PASSED] - Object: 'Object Repository/HealthpostToStore/Page_HealthPost Store/a_Sign out' is clicked on

2018-05-28 10:51:30 - [TEST_STEP][PASSED] - delay: Delayed 3 second(s)

2018-05-28 10:51:33 - [MESSAGE][PASSED] - Delayed 3 second(s)

2018-05-28 10:51:33 - [TEST_STEP][PASSED] - navigateToUrl: Navigate to 'http://192.168.137.1/multihospital_new/' successfully

2018-05-28 10:51:34 - [MESSAGE][PASSED] - Navigate to 'http://192.168.137.1/multihospital_new/' successfully

2018-05-28 10:51:34 - [TEST_STEP][PASSED] - click: Object: 'Object Repository/HealthpostToStore/Page_KDMC/a_CMO' is clicked on

2018-05-28 10:51:34 - [MESSAGE][PASSED] - Object: 'Object Repository/HealthpostToStore/Page_KDMC/a_CMO' is clicked on

2018-05-28 10:51:34 - [TEST_STEP][PASSED] - setText: Text 'guru' is set on object 'Object Repository/HealthpostToStore/Page_CMO login/input_txtusername'

2018-05-28 10:51:35 - [MESSAGE][PASSED] - Text 'guru' is set on object 'Object Repository/HealthpostToStore/Page_CMO login/input_txtusername'

2018-05-28 10:51:35 - [TEST_STEP][PASSED] - setText: Text '123' is set on object 'Object Repository/HealthpostToStore/Page_CMO login/input_txtpassword'

2018-05-28 10:51:35 - [MESSAGE][PASSED] - Text '123' is set on object 'Object Repository/HealthpostToStore/Page_CMO login/input_txtpassword'

2018-05-28 10:51:35 - [TEST_STEP][PASSED] - delay: Delayed 3 second(s)

2018-05-28 10:51:38 - [MESSAGE][PASSED] - Delayed 3 second(s)

2018-05-28 10:51:38 - [TEST_STEP][PASSED] - click: Object: 'Object Repository/HealthpostToStore/Page_CMO login/button_Sign in' is clicked on

2018-05-28 10:51:39 - [MESSAGE][PASSED] - Object: 'Object Repository/HealthpostToStore/Page_CMO login/button_Sign in' is clicked on

2018-05-28 10:51:39 - [TEST_STEP][PASSED] - click: Object: 'Object Repository/HealthpostToStore/Page_KDMC - CMO/a_Department Wise Request' is clicked on

2018-05-28 10:51:41 - [MESSAGE][PASSED] - Object: 'Object Repository/HealthpostToStore/Page_KDMC - CMO/a_Department Wise Request' is clicked on

2018-05-28 10:51:41 - [TEST_STEP][PASSED] - delay: Delayed 2 second(s)

2018-05-28 10:51:43 - [MESSAGE][PASSED] - Delayed 2 second(s)

2018-05-28 10:51:43 - [TEST_STEP][PASSED] - selectOptionByIndex: All options with index in [5] are selected on object 'Object Repository/HealthpostToStore/Page_KDMC - CMO/select_--ALL--'

2018-05-28 10:51:43 - [MESSAGE][PASSED] - All options with index in [5] are selected on object 'Object Repository/HealthpostToStore/Page_KDMC - CMO/select_--ALL--'

2018-05-28 10:51:43 - [TEST_STEP][PASSED] - click: Object: 'Object Repository/HealthpostToStore/Page_KDMC - CMO/input_btnsearch' is clicked on

2018-05-28 10:51:43 - [MESSAGE][PASSED] - Object: 'Object Repository/HealthpostToStore/Page_KDMC - CMO/input_btnsearch' is clicked on

2018-05-28 10:51:43 - [TEST_STEP][PASSED] - selectOptionByIndex: All options with index in [1] are selected on object 'Object Repository/HealthpostToStore/Page_KDMC - CMO/select_--ALL--                _1'

2018-05-28 10:51:43 - [MESSAGE][PASSED] - All options with index in [1] are selected on object 'Object Repository/HealthpostToStore/Page_KDMC - CMO/select_--ALL--                _1'

2018-05-28 10:51:43 - [TEST_STEP][PASSED] - click: Object: 'Object Repository/HealthpostToStore/Page_KDMC - CMO/input_btnsearch' is clicked on

2018-05-28 10:51:43 - [MESSAGE][PASSED] - Object: 'Object Repository/HealthpostToStore/Page_KDMC - CMO/input_btnsearch' is clicked on

2018-05-28 10:51:43 - [TEST_STEP][PASSED] - Statement - ID = com.kms.katalon.core.webui.keyword.WebUiBuiltInKeywords.modifyObjectProperty(com.kms.katalon.core.testobject.ObjectRepository.findTestObject(lab/Page_KDMC - CMO/input_1), "xpath", "equals", "//*[@id=" + RID + "]", true): Modify property of object successfully

2018-05-28 10:51:43 - [MESSAGE][PASSED] - Modify property of object successfully

2018-05-28 10:51:43 - [TEST_STEP][PASSED] - click: Object: 'Object Repository/lab/Page_KDMC - CMO/input_1' is clicked on

2018-05-28 10:51:44 - [MESSAGE][PASSED] - Object: 'Object Repository/lab/Page_KDMC - CMO/input_1' is clicked on

2018-05-28 10:51:44 - [TEST_STEP][PASSED] - delay: Delayed 2 second(s)

2018-05-28 10:51:46 - [MESSAGE][PASSED] - Delayed 2 second(s)

2018-05-28 10:51:46 - [TEST_STEP][PASSED] - selectOptionByIndex: All options with index in [1] are selected on object 'Object Repository/HealthpostToStore/Page_KDMC - CMO/select_--Select--'

2018-05-28 10:51:46 - [MESSAGE][PASSED] - All options with index in [1] are selected on object 'Object Repository/HealthpostToStore/Page_KDMC - CMO/select_--Select--'

2018-05-28 10:51:46 - [TEST_STEP][PASSED] - click: Object: 'Object Repository/HealthpostToStore/Page_KDMC - CMO/input_btnupdate' is clicked on

2018-05-28 10:51:46 - [MESSAGE][PASSED] - Object: 'Object Repository/HealthpostToStore/Page_KDMC - CMO/input_btnupdate' is clicked on

2018-05-28 10:51:46 - [TEST_STEP][PASSED] - delay: Delayed 2 second(s)

2018-05-28 10:51:48 - [MESSAGE][PASSED] - Delayed 2 second(s)

2018-05-28 10:51:48 - [TEST_STEP][PASSED] - click: Object: 'Object Repository/HealthpostToStore/Page_KDMC - CMO/button_OK' is clicked on

2018-05-28 10:51:49 - [MESSAGE][PASSED] - Object: 'Object Repository/HealthpostToStore/Page_KDMC - CMO/button_OK' is clicked on

2018-05-28 10:51:49 - [TEST_STEP][PASSED] - delay: Delayed 2 second(s)

2018-05-28 10:51:51 - [MESSAGE][PASSED] - Delayed 2 second(s)

2018-05-28 10:51:51 - [TEST_STEP][PASSED] - click: Object: 'Object Repository/HealthpostToStore/Page_KDMC - CMO/a_dropdown-toggle' is clicked on

2018-05-28 10:51:51 - [MESSAGE][PASSED] - Object: 'Object Repository/HealthpostToStore/Page_KDMC - CMO/a_dropdown-toggle' is clicked on

2018-05-28 10:51:51 - [TEST_STEP][PASSED] - click: Object: 'Object Repository/HealthpostToStore/Page_KDMC - CMO/a_Sign out' is clicked on

2018-05-28 10:51:51 - [MESSAGE][PASSED] - Object: 'Object Repository/HealthpostToStore/Page_KDMC - CMO/a_Sign out' is clicked on

2018-05-28 10:51:51 - [TEST_STEP][PASSED] - delay: Delayed 3 second(s)

2018-05-28 10:51:54 - [MESSAGE][PASSED] - Delayed 3 second(s)

2018-05-28 10:51:54 - [TEST_STEP][PASSED] - click: Object: 'Object Repository/HealthpostToStore/Page_KDMC/a_Divisional Store' is clicked on

2018-05-28 10:51:55 - [MESSAGE][PASSED] - Object: 'Object Repository/HealthpostToStore/Page_KDMC/a_Divisional Store' is clicked on

2018-05-28 10:51:55 - [TEST_STEP][PASSED] - setText: Text 'ragu' is set on object 'Object Repository/HealthpostToStore/Page_Divisonal Store Login/input_txtusername'

2018-05-28 10:51:55 - [MESSAGE][PASSED] - Text 'ragu' is set on object 'Object Repository/HealthpostToStore/Page_Divisonal Store Login/input_txtusername'

2018-05-28 10:51:55 - [TEST_STEP][PASSED] - setText: Text '123' is set on object 'Object Repository/HealthpostToStore/Page_Divisonal Store Login/input_txtpassword'

2018-05-28 10:51:55 - [MESSAGE][PASSED] - Text '123' is set on object 'Object Repository/HealthpostToStore/Page_Divisonal Store Login/input_txtpassword'

2018-05-28 10:51:55 - [TEST_STEP][PASSED] - delay: Delayed 3 second(s)

2018-05-28 10:51:58 - [MESSAGE][PASSED] - Delayed 3 second(s)

2018-05-28 10:51:58 - [TEST_STEP][PASSED] - click: Object: 'Object Repository/HealthpostToStore/Page_Divisonal Store Login/button_Sign in' is clicked on

2018-05-28 10:52:00 - [MESSAGE][PASSED] - Object: 'Object Repository/HealthpostToStore/Page_Divisonal Store Login/button_Sign in' is clicked on

2018-05-28 10:52:00 - [TEST_STEP][PASSED] - delay: Delayed 3 second(s)

2018-05-28 10:52:03 - [MESSAGE][PASSED] - Delayed 3 second(s)

2018-05-28 10:52:03 - [TEST_STEP][PASSED] - click: Object: 'Object Repository/HealthpostToStore/Page_Store/a_Health Post Request' is clicked on

2018-05-28 10:52:03 - [MESSAGE][PASSED] - Object: 'Object Repository/HealthpostToStore/Page_Store/a_Health Post Request' is clicked on

2018-05-28 10:52:03 - [TEST_STEP][PASSED] - click: Object: 'Object Repository/HealthpostToStore/Page_Store/a_Request Item HealthPost' is clicked on

2018-05-28 10:52:04 - [MESSAGE][PASSED] - Object: 'Object Repository/HealthpostToStore/Page_Store/a_Request Item HealthPost' is clicked on

2018-05-28 10:52:04 - [TEST_STEP][PASSED] - Statement - ChooseRequest = com.kms.katalon.core.webui.keyword.WebUiBuiltInKeywords.modifyObjectProperty(com.kms.katalon.core.testobject.ObjectRepository.findTestObject(lab/Page_Store/input_1), "xpath", "equals", "//*[@id=" + RID + "]", true): Modify property of object successfully

2018-05-28 10:52:04 - [MESSAGE][PASSED] - Modify property of object successfully

2018-05-28 10:52:04 - [TEST_STEP][PASSED] - click: Object: 'Object Repository/lab/Page_Store/input_1' is clicked on

2018-05-28 10:52:05 - [MESSAGE][PASSED] - Object: 'Object Repository/lab/Page_Store/input_1' is clicked on

2018-05-28 10:52:05 - [TEST_STEP][PASSED] - Statement - selectedoptions = com.kms.katalon.core.webui.keyword.WebUiBuiltInKeywords.getNumberOfTotalOption(com.kms.katalon.core.testobject.ObjectRepository.findTestObject(HealthpostToStore/Page_Store/select_--Select--Adernaline 0.)): 14 options of object 'Object Repository/HealthpostToStore/Page_Store/select_--Select--Adernaline 0.' counted

2018-05-28 10:52:05 - [MESSAGE][PASSED] - 14 options of object 'Object Repository/HealthpostToStore/Page_Store/select_--Select--Adernaline 0.' counted

2018-05-28 10:52:05 - [TEST_STEP][PASSED] - Statement - For ([a = 1, a <= selectedoptions - 1, (a++)]): null

2018-05-28 10:52:05 - [TEST_STEP][PASSED] - selectOptionByIndex: All options with index in [1] are selected on object 'Object Repository/HealthpostToStore/Page_Store/select_--Select--Adernaline 0.'

2018-05-28 10:52:05 - [MESSAGE][PASSED] - All options with index in [1] are selected on object 'Object Repository/HealthpostToStore/Page_Store/select_--Select--Adernaline 0.'

2018-05-28 10:52:05 - [TEST_STEP][PASSED] - delay: Delayed 2 second(s)

2018-05-28 10:52:07 - [MESSAGE][PASSED] - Delayed 2 second(s)

2018-05-28 10:52:07 - [TEST_STEP][PASSED] - Statement - RequestedQty = com.kms.katalon.core.webui.keyword.WebUiBuiltInKeywords.getAttribute(com.kms.katalon.core.testobject.ObjectRepository.findTestObject(HealthpostToStore/Page_Store/input_txttotal), "value"): Attribute 'value' of object 'Object Repository/HealthpostToStore/Page_Store/input_txttotal' is: '10'

2018-05-28 10:52:07 - [MESSAGE][PASSED] - Attribute 'value' of object 'Object Repository/HealthpostToStore/Page_Store/input_txttotal' is: '10'

2018-05-28 10:52:07 - [TEST_STEP][PASSED] - Statement - out.println("Requested QTY : " + RequestedQty): null

2018-05-28 10:52:07 - [TEST_STEP][PASSED] - Statement - BatchNumber = com.kms.katalon.core.webui.keyword.WebUiBuiltInKeywords.getNumberOfTotalOption(com.kms.katalon.core.testobject.ObjectRepository.findTestObject(HealthpostToStore/Page_Store/select_--Select--BA1170BA2376B)): 3 options of object 'Object Repository/HealthpostToStore/Page_Store/select_--Select--BA1170BA2376B' counted

2018-05-28 10:52:07 - [MESSAGE][PASSED] - 3 options of object 'Object Repository/HealthpostToStore/Page_Store/select_--Select--BA1170BA2376B' counted

2018-05-28 10:52:07 - [TEST_STEP][PASSED] - Statement - For ([g = 1, g <= BatchNumber - 1, (g++)]): null

2018-05-28 10:52:07 - [TEST_STEP][PASSED] - selectOptionByIndex: All options with index in [1] are selected on object 'Object Repository/HealthpostToStore/Page_Store/select_--Select--BA1170BA2376B'

2018-05-28 10:52:07 - [MESSAGE][PASSED] - All options with index in [1] are selected on object 'Object Repository/HealthpostToStore/Page_Store/select_--Select--BA1170BA2376B'

2018-05-28 10:52:07 - [TEST_STEP][PASSED] - Statement - Try: null

2018-05-28 10:52:07 - [TEST_STEP][PASSED] - Statement - StockQty = com.kms.katalon.core.webui.keyword.WebUiBuiltInKeywords.getAttribute(com.kms.katalon.core.testobject.ObjectRepository.findTestObject(HealthpostToStore/Page_Store/input_txtprice), "value"): Attribute 'value' of object 'Object Repository/HealthpostToStore/Page_Store/input_txtprice' is: '560'

2018-05-28 10:52:07 - [MESSAGE][PASSED] - Attribute 'value' of object 'Object Repository/HealthpostToStore/Page_Store/input_txtprice' is: '560'

2018-05-28 10:52:07 - [TEST_STEP][PASSED] - Statement - out.println("Stock QTY : " + StockQty): null

2018-05-28 10:52:07 - [TEST_STEP][PASSED] - delay: Delayed 2 second(s)

2018-05-28 10:52:09 - [MESSAGE][PASSED] - Delayed 2 second(s)

2018-05-28 10:52:09 - [TEST_STEP][PASSED] - Statement - If (java.lang.String.valueOf(StockQty) >= java.lang.String.valueOf(RequestedQty)): null

2018-05-28 10:52:09 - [TEST_STEP][PASSED] - setText: Text '10' is set on object 'Object Repository/HealthpostToStore/Page_Store/input_txtqty'

2018-05-28 10:52:09 - [MESSAGE][PASSED] - Text '10' is set on object 'Object Repository/HealthpostToStore/Page_Store/input_txtqty'

2018-05-28 10:52:09 - [TEST_STEP][PASSED] - click: Object: 'Object Repository/HealthpostToStore/Page_Store/button_Add' is clicked on

2018-05-28 10:52:09 - [MESSAGE][PASSED] - Object: 'Object Repository/HealthpostToStore/Page_Store/button_Add' is clicked on

2018-05-28 10:52:09 - [TEST_STEP][PASSED] - Statement - Break: null

2018-05-28 10:52:09 - [TEST_STEP][PASSED] - selectOptionByIndex: All options with index in [2] are selected on object 'Object Repository/HealthpostToStore/Page_Store/select_--Select--Adernaline 0.'

2018-05-28 10:52:10 - [MESSAGE][PASSED] - All options with index in [2] are selected on object 'Object Repository/HealthpostToStore/Page_Store/select_--Select--Adernaline 0.'

2018-05-28 10:52:10 - [TEST_STEP][PASSED] - delay: Delayed 2 second(s)

2018-05-28 10:52:12 - [MESSAGE][PASSED] - Delayed 2 second(s)

2018-05-28 10:52:12 - [TEST_STEP][PASSED] - Statement - RequestedQty = com.kms.katalon.core.webui.keyword.WebUiBuiltInKeywords.getAttribute(com.kms.katalon.core.testobject.ObjectRepository.findTestObject(HealthpostToStore/Page_Store/input_txttotal), "value"): Attribute 'value' of object 'Object Repository/HealthpostToStore/Page_Store/input_txttotal' is: '10'

2018-05-28 10:52:12 - [MESSAGE][PASSED] - Attribute 'value' of object 'Object Repository/HealthpostToStore/Page_Store/input_txttotal' is: '10'

2018-05-28 10:52:12 - [TEST_STEP][PASSED] - Statement - out.println("Requested QTY : " + RequestedQty): null

2018-05-28 10:52:12 - [TEST_STEP][PASSED] - Statement - BatchNumber = com.kms.katalon.core.webui.keyword.WebUiBuiltInKeywords.getNumberOfTotalOption(com.kms.katalon.core.testobject.ObjectRepository.findTestObject(HealthpostToStore/Page_Store/select_--Select--BA1170BA2376B)): 4 options of object 'Object Repository/HealthpostToStore/Page_Store/select_--Select--BA1170BA2376B' counted

2018-05-28 10:52:12 - [MESSAGE][PASSED] - 4 options of object 'Object Repository/HealthpostToStore/Page_Store/select_--Select--BA1170BA2376B' counted

2018-05-28 10:52:12 - [TEST_STEP][PASSED] - Statement - For ([g = 1, g <= BatchNumber - 1, (g++)]): null

2018-05-28 10:52:12 - [TEST_STEP][PASSED] - selectOptionByIndex: All options with index in [1] are selected on object 'Object Repository/HealthpostToStore/Page_Store/select_--Select--BA1170BA2376B'

2018-05-28 10:52:12 - [MESSAGE][PASSED] - All options with index in [1] are selected on object 'Object Repository/HealthpostToStore/Page_Store/select_--Select--BA1170BA2376B'

2018-05-28 10:52:12 - [TEST_STEP][PASSED] - Statement - Try: null

2018-05-28 10:52:12 - [TEST_STEP][PASSED] - Statement - StockQty = com.kms.katalon.core.webui.keyword.WebUiBuiltInKeywords.getAttribute(com.kms.katalon.core.testobject.ObjectRepository.findTestObject(HealthpostToStore/Page_Store/input_txtprice), "value"): Attribute 'value' of object 'Object Repository/HealthpostToStore/Page_Store/input_txtprice' is: '90'

2018-05-28 10:52:12 - [MESSAGE][PASSED] - Attribute 'value' of object 'Object Repository/HealthpostToStore/Page_Store/input_txtprice' is: '90'

2018-05-28 10:52:12 - [TEST_STEP][PASSED] - Statement - out.println("Stock QTY : " + StockQty): null

2018-05-28 10:52:12 - [TEST_STEP][PASSED] - delay: Delayed 2 second(s)

2018-05-28 10:52:14 - [MESSAGE][PASSED] - Delayed 2 second(s)

2018-05-28 10:52:14 - [TEST_STEP][PASSED] - Statement - If (java.lang.String.valueOf(StockQty) >= java.lang.String.valueOf(RequestedQty)): null

2018-05-28 10:52:14 - [TEST_STEP][PASSED] - setText: Text '10' is set on object 'Object Repository/HealthpostToStore/Page_Store/input_txtqty'

2018-05-28 10:52:14 - [MESSAGE][PASSED] - Text '10' is set on object 'Object Repository/HealthpostToStore/Page_Store/input_txtqty'

2018-05-28 10:52:14 - [TEST_STEP][PASSED] - click: Object: 'Object Repository/HealthpostToStore/Page_Store/button_Add' is clicked on

2018-05-28 10:52:14 - [MESSAGE][PASSED] - Object: 'Object Repository/HealthpostToStore/Page_Store/button_Add' is clicked on

2018-05-28 10:52:14 - [TEST_STEP][PASSED] - Statement - Break: null

2018-05-28 10:52:14 - [TEST_STEP][PASSED] - selectOptionByIndex: All options with index in [3] are selected on object 'Object Repository/HealthpostToStore/Page_Store/select_--Select--Adernaline 0.'

2018-05-28 10:52:14 - [MESSAGE][PASSED] - All options with index in [3] are selected on object 'Object Repository/HealthpostToStore/Page_Store/select_--Select--Adernaline 0.'

2018-05-28 10:52:14 - [TEST_STEP][PASSED] - delay: Delayed 2 second(s)

2018-05-28 10:52:16 - [MESSAGE][PASSED] - Delayed 2 second(s)

2018-05-28 10:52:16 - [TEST_STEP][PASSED] - Statement - RequestedQty = com.kms.katalon.core.webui.keyword.WebUiBuiltInKeywords.getAttribute(com.kms.katalon.core.testobject.ObjectRepository.findTestObject(HealthpostToStore/Page_Store/input_txttotal), "value"): Attribute 'value' of object 'Object Repository/HealthpostToStore/Page_Store/input_txttotal' is: '10'

2018-05-28 10:52:16 - [MESSAGE][PASSED] - Attribute 'value' of object 'Object Repository/HealthpostToStore/Page_Store/input_txttotal' is: '10'

2018-05-28 10:52:16 - [TEST_STEP][PASSED] - Statement - out.println("Requested QTY : " + RequestedQty): null

2018-05-28 10:52:16 - [TEST_STEP][PASSED] - Statement - BatchNumber = com.kms.katalon.core.webui.keyword.WebUiBuiltInKeywords.getNumberOfTotalOption(com.kms.katalon.core.testobject.ObjectRepository.findTestObject(HealthpostToStore/Page_Store/select_--Select--BA1170BA2376B)): 2 options of object 'Object Repository/HealthpostToStore/Page_Store/select_--Select--BA1170BA2376B' counted

2018-05-28 10:52:16 - [MESSAGE][PASSED] - 2 options of object 'Object Repository/HealthpostToStore/Page_Store/select_--Select--BA1170BA2376B' counted

2018-05-28 10:52:16 - [TEST_STEP][PASSED] - Statement - For ([g = 1, g <= BatchNumber - 1, (g++)]): null

2018-05-28 10:52:16 - [TEST_STEP][PASSED] - selectOptionByIndex: All options with index in [1] are selected on object 'Object Repository/HealthpostToStore/Page_Store/select_--Select--BA1170BA2376B'

2018-05-28 10:52:16 - [MESSAGE][PASSED] - All options with index in [1] are selected on object 'Object Repository/HealthpostToStore/Page_Store/select_--Select--BA1170BA2376B'

2018-05-28 10:52:16 - [TEST_STEP][PASSED] - Statement - Try: null

2018-05-28 10:52:16 - [TEST_STEP][PASSED] - Statement - StockQty = com.kms.katalon.core.webui.keyword.WebUiBuiltInKeywords.getAttribute(com.kms.katalon.core.testobject.ObjectRepository.findTestObject(HealthpostToStore/Page_Store/input_txtprice), "value"): Attribute 'value' of object 'Object Repository/HealthpostToStore/Page_Store/input_txtprice' is: '600'

2018-05-28 10:52:17 - [MESSAGE][PASSED] - Attribute 'value' of object 'Object Repository/HealthpostToStore/Page_Store/input_txtprice' is: '600'

2018-05-28 10:52:17 - [TEST_STEP][PASSED] - Statement - out.println("Stock QTY : " + StockQty): null

2018-05-28 10:52:17 - [TEST_STEP][PASSED] - delay: Delayed 2 second(s)

2018-05-28 10:52:19 - [MESSAGE][PASSED] - Delayed 2 second(s)

2018-05-28 10:52:19 - [TEST_STEP][PASSED] - Statement - If (java.lang.String.valueOf(StockQty) >= java.lang.String.valueOf(RequestedQty)): null

2018-05-28 10:52:19 - [TEST_STEP][PASSED] - setText: Text '10' is set on object 'Object Repository/HealthpostToStore/Page_Store/input_txtqty'

2018-05-28 10:52:19 - [MESSAGE][PASSED] - Text '10' is set on object 'Object Repository/HealthpostToStore/Page_Store/input_txtqty'

2018-05-28 10:52:19 - [TEST_STEP][PASSED] - click: Object: 'Object Repository/HealthpostToStore/Page_Store/button_Add' is clicked on

2018-05-28 10:52:19 - [MESSAGE][PASSED] - Object: 'Object Repository/HealthpostToStore/Page_Store/button_Add' is clicked on

2018-05-28 10:52:19 - [TEST_STEP][PASSED] - Statement - Break: null

2018-05-28 10:52:19 - [TEST_STEP][PASSED] - selectOptionByIndex: All options with index in [4] are selected on object 'Object Repository/HealthpostToStore/Page_Store/select_--Select--Adernaline 0.'

2018-05-28 10:52:19 - [MESSAGE][PASSED] - All options with index in [4] are selected on object 'Object Repository/HealthpostToStore/Page_Store/select_--Select--Adernaline 0.'

2018-05-28 10:52:19 - [TEST_STEP][PASSED] - delay: Delayed 2 second(s)

2018-05-28 10:52:21 - [MESSAGE][PASSED] - Delayed 2 second(s)

2018-05-28 10:52:21 - [TEST_STEP][PASSED] - Statement - RequestedQty = com.kms.katalon.core.webui.keyword.WebUiBuiltInKeywords.getAttribute(com.kms.katalon.core.testobject.ObjectRepository.findTestObject(HealthpostToStore/Page_Store/input_txttotal), "value"): Attribute 'value' of object 'Object Repository/HealthpostToStore/Page_Store/input_txttotal' is: '10'

2018-05-28 10:52:21 - [MESSAGE][PASSED] - Attribute 'value' of object 'Object Repository/HealthpostToStore/Page_Store/input_txttotal' is: '10'

2018-05-28 10:52:21 - [TEST_STEP][PASSED] - Statement - out.println("Requested QTY : " + RequestedQty): null

2018-05-28 10:52:21 - [TEST_STEP][PASSED] - Statement - BatchNumber = com.kms.katalon.core.webui.keyword.WebUiBuiltInKeywords.getNumberOfTotalOption(com.kms.katalon.core.testobject.ObjectRepository.findTestObject(HealthpostToStore/Page_Store/select_--Select--BA1170BA2376B)): 3 options of object 'Object Repository/HealthpostToStore/Page_Store/select_--Select--BA1170BA2376B' counted

2018-05-28 10:52:21 - [MESSAGE][PASSED] - 3 options of object 'Object Repository/HealthpostToStore/Page_Store/select_--Select--BA1170BA2376B' counted

2018-05-28 10:52:21 - [TEST_STEP][PASSED] - Statement - For ([g = 1, g <= BatchNumber - 1, (g++)]): null

2018-05-28 10:52:21 - [TEST_STEP][PASSED] - selectOptionByIndex: All options with index in [1] are selected on object 'Object Repository/HealthpostToStore/Page_Store/select_--Select--BA1170BA2376B'

2018-05-28 10:52:21 - [MESSAGE][PASSED] - All options with index in [1] are selected on object 'Object Repository/HealthpostToStore/Page_Store/select_--Select--BA1170BA2376B'

2018-05-28 10:52:21 - [TEST_STEP][PASSED] - Statement - Try: null

2018-05-28 10:52:21 - [TEST_STEP][PASSED] - Statement - StockQty = com.kms.katalon.core.webui.keyword.WebUiBuiltInKeywords.getAttribute(com.kms.katalon.core.testobject.ObjectRepository.findTestObject(HealthpostToStore/Page_Store/input_txtprice), "value"): Attribute 'value' of object 'Object Repository/HealthpostToStore/Page_Store/input_txtprice' is: '560'

2018-05-28 10:52:21 - [MESSAGE][PASSED] - Attribute 'value' of object 'Object Repository/HealthpostToStore/Page_Store/input_txtprice' is: '560'

2018-05-28 10:52:21 - [TEST_STEP][PASSED] - Statement - out.println("Stock QTY : " + StockQty): null

2018-05-28 10:52:21 - [TEST_STEP][PASSED] - delay: Delayed 2 second(s)

2018-05-28 10:52:23 - [MESSAGE][PASSED] - Delayed 2 second(s)

2018-05-28 10:52:23 - [TEST_STEP][PASSED] - Statement - If (java.lang.String.valueOf(StockQty) >= java.lang.String.valueOf(RequestedQty)): null

2018-05-28 10:52:23 - [TEST_STEP][PASSED] - setText: Text '10' is set on object 'Object Repository/HealthpostToStore/Page_Store/input_txtqty'

2018-05-28 10:52:23 - [MESSAGE][PASSED] - Text '10' is set on object 'Object Repository/HealthpostToStore/Page_Store/input_txtqty'

2018-05-28 10:52:23 - [TEST_STEP][PASSED] - click: Object: 'Object Repository/HealthpostToStore/Page_Store/button_Add' is clicked on

2018-05-28 10:52:23 - [MESSAGE][PASSED] - Object: 'Object Repository/HealthpostToStore/Page_Store/button_Add' is clicked on

2018-05-28 10:52:23 - [TEST_STEP][PASSED] - Statement - Break: null

2018-05-28 10:52:23 - [TEST_STEP][PASSED] - selectOptionByIndex: All options with index in [5] are selected on object 'Object Repository/HealthpostToStore/Page_Store/select_--Select--Adernaline 0.'

2018-05-28 10:52:23 - [MESSAGE][PASSED] - All options with index in [5] are selected on object 'Object Repository/HealthpostToStore/Page_Store/select_--Select--Adernaline 0.'

2018-05-28 10:52:23 - [TEST_STEP][PASSED] - delay: Delayed 2 second(s)

2018-05-28 10:52:25 - [MESSAGE][PASSED] - Delayed 2 second(s)

2018-05-28 10:52:25 - [TEST_STEP][PASSED] - Statement - RequestedQty = com.kms.katalon.core.webui.keyword.WebUiBuiltInKeywords.getAttribute(com.kms.katalon.core.testobject.ObjectRepository.findTestObject(HealthpostToStore/Page_Store/input_txttotal), "value"): Attribute 'value' of object 'Object Repository/HealthpostToStore/Page_Store/input_txttotal' is: '10'

2018-05-28 10:52:25 - [MESSAGE][PASSED] - Attribute 'value' of object 'Object Repository/HealthpostToStore/Page_Store/input_txttotal' is: '10'

2018-05-28 10:52:25 - [TEST_STEP][PASSED] - Statement - out.println("Requested QTY : " + RequestedQty): null

2018-05-28 10:52:25 - [TEST_STEP][PASSED] - Statement - BatchNumber = com.kms.katalon.core.webui.keyword.WebUiBuiltInKeywords.getNumberOfTotalOption(com.kms.katalon.core.testobject.ObjectRepository.findTestObject(HealthpostToStore/Page_Store/select_--Select--BA1170BA2376B)): 2 options of object 'Object Repository/HealthpostToStore/Page_Store/select_--Select--BA1170BA2376B' counted

2018-05-28 10:52:25 - [MESSAGE][PASSED] - 2 options of object 'Object Repository/HealthpostToStore/Page_Store/select_--Select--BA1170BA2376B' counted

2018-05-28 10:52:25 - [TEST_STEP][PASSED] - Statement - For ([g = 1, g <= BatchNumber - 1, (g++)]): null

2018-05-28 10:52:25 - [TEST_STEP][PASSED] - selectOptionByIndex: All options with index in [1] are selected on object 'Object Repository/HealthpostToStore/Page_Store/select_--Select--BA1170BA2376B'

2018-05-28 10:52:26 - [MESSAGE][PASSED] - All options with index in [1] are selected on object 'Object Repository/HealthpostToStore/Page_Store/select_--Select--BA1170BA2376B'

2018-05-28 10:52:26 - [TEST_STEP][PASSED] - Statement - Try: null

2018-05-28 10:52:26 - [TEST_STEP][PASSED] - Statement - StockQty = com.kms.katalon.core.webui.keyword.WebUiBuiltInKeywords.getAttribute(com.kms.katalon.core.testobject.ObjectRepository.findTestObject(HealthpostToStore/Page_Store/input_txtprice), "value"): Attribute 'value' of object 'Object Repository/HealthpostToStore/Page_Store/input_txtprice' is: '-10'

2018-05-28 10:52:26 - [MESSAGE][PASSED] - Attribute 'value' of object 'Object Repository/HealthpostToStore/Page_Store/input_txtprice' is: '-10'

2018-05-28 10:52:26 - [TEST_STEP][PASSED] - Statement - out.println("Stock QTY : " + StockQty): null

2018-05-28 10:52:26 - [TEST_STEP][PASSED] - delay: Delayed 2 second(s)

2018-05-28 10:52:28 - [MESSAGE][PASSED] - Delayed 2 second(s)

2018-05-28 10:52:28 - [TEST_STEP][PASSED] - Statement - If (java.lang.String.valueOf(StockQty) >= java.lang.String.valueOf(RequestedQty)): null

2018-05-28 10:52:28 - [TEST_STEP][PASSED] - Statement - Else: null

2018-05-28 10:52:28 - [TEST_STEP][PASSED] - Statement - out.println("Stock Is Less Than Requested Qty"): null

2018-05-28 10:52:28 - [TEST_STEP][PASSED] - selectOptionByIndex: All options with index in [6] are selected on object 'Object Repository/HealthpostToStore/Page_Store/select_--Select--Adernaline 0.'

2018-05-28 10:52:28 - [MESSAGE][PASSED] - All options with index in [6] are selected on object 'Object Repository/HealthpostToStore/Page_Store/select_--Select--Adernaline 0.'

2018-05-28 10:52:28 - [TEST_STEP][PASSED] - delay: Delayed 2 second(s)

2018-05-28 10:52:30 - [MESSAGE][PASSED] - Delayed 2 second(s)

2018-05-28 10:52:30 - [TEST_STEP][PASSED] - Statement - RequestedQty = com.kms.katalon.core.webui.keyword.WebUiBuiltInKeywords.getAttribute(com.kms.katalon.core.testobject.ObjectRepository.findTestObject(HealthpostToStore/Page_Store/input_txttotal), "value"): Attribute 'value' of object 'Object Repository/HealthpostToStore/Page_Store/input_txttotal' is: '10'

2018-05-28 10:52:30 - [MESSAGE][PASSED] - Attribute 'value' of object 'Object Repository/HealthpostToStore/Page_Store/input_txttotal' is: '10'

2018-05-28 10:52:30 - [TEST_STEP][PASSED] - Statement - out.println("Requested QTY : " + RequestedQty): null

2018-05-28 10:52:30 - [TEST_STEP][PASSED] - Statement - BatchNumber = com.kms.katalon.core.webui.keyword.WebUiBuiltInKeywords.getNumberOfTotalOption(com.kms.katalon.core.testobject.ObjectRepository.findTestObject(HealthpostToStore/Page_Store/select_--Select--BA1170BA2376B)): 2 options of object 'Object Repository/HealthpostToStore/Page_Store/select_--Select--BA1170BA2376B' counted

2018-05-28 10:52:30 - [MESSAGE][PASSED] - 2 options of object 'Object Repository/HealthpostToStore/Page_Store/select_--Select--BA1170BA2376B' counted

2018-05-28 10:52:30 - [TEST_STEP][PASSED] - Statement - For ([g = 1, g <= BatchNumber - 1, (g++)]): null

2018-05-28 10:52:30 - [TEST_STEP][PASSED] - selectOptionByIndex: All options with index in [1] are selected on object 'Object Repository/HealthpostToStore/Page_Store/select_--Select--BA1170BA2376B'

2018-05-28 10:52:30 - [MESSAGE][PASSED] - All options with index in [1] are selected on object 'Object Repository/HealthpostToStore/Page_Store/select_--Select--BA1170BA2376B'

2018-05-28 10:52:30 - [TEST_STEP][PASSED] - Statement - Try: null

2018-05-28 10:52:30 - [TEST_STEP][PASSED] - Statement - StockQty = com.kms.katalon.core.webui.keyword.WebUiBuiltInKeywords.getAttribute(com.kms.katalon.core.testobject.ObjectRepository.findTestObject(HealthpostToStore/Page_Store/input_txtprice), "value"): Attribute 'value' of object 'Object Repository/HealthpostToStore/Page_Store/input_txtprice' is: '10000'

2018-05-28 10:52:30 - [MESSAGE][PASSED] - Attribute 'value' of object 'Object Repository/HealthpostToStore/Page_Store/input_txtprice' is: '10000'

2018-05-28 10:52:30 - [TEST_STEP][PASSED] - Statement - out.println("Stock QTY : " + StockQty): null

2018-05-28 10:52:30 - [TEST_STEP][PASSED] - delay: Delayed 2 second(s)

2018-05-28 10:52:32 - [MESSAGE][PASSED] - Delayed 2 second(s)

2018-05-28 10:52:32 - [TEST_STEP][PASSED] - Statement - If (java.lang.String.valueOf(StockQty) >= java.lang.String.valueOf(RequestedQty)): null

2018-05-28 10:52:32 - [TEST_STEP][PASSED] - setText: Text '10' is set on object 'Object Repository/HealthpostToStore/Page_Store/input_txtqty'

2018-05-28 10:52:32 - [MESSAGE][PASSED] - Text '10' is set on object 'Object Repository/HealthpostToStore/Page_Store/input_txtqty'

2018-05-28 10:52:32 - [TEST_STEP][PASSED] - click: Object: 'Object Repository/HealthpostToStore/Page_Store/button_Add' is clicked on

2018-05-28 10:52:32 - [MESSAGE][PASSED] - Object: 'Object Repository/HealthpostToStore/Page_Store/button_Add' is clicked on

2018-05-28 10:52:32 - [TEST_STEP][PASSED] - Statement - Break: null

2018-05-28 10:52:32 - [TEST_STEP][PASSED] - selectOptionByIndex: All options with index in [7] are selected on object 'Object Repository/HealthpostToStore/Page_Store/select_--Select--Adernaline 0.'

2018-05-28 10:52:33 - [MESSAGE][PASSED] - All options with index in [7] are selected on object 'Object Repository/HealthpostToStore/Page_Store/select_--Select--Adernaline 0.'

2018-05-28 10:52:33 - [TEST_STEP][PASSED] - delay: Delayed 2 second(s)

2018-05-28 10:52:35 - [MESSAGE][PASSED] - Delayed 2 second(s)

2018-05-28 10:52:35 - [TEST_STEP][PASSED] - Statement - RequestedQty = com.kms.katalon.core.webui.keyword.WebUiBuiltInKeywords.getAttribute(com.kms.katalon.core.testobject.ObjectRepository.findTestObject(HealthpostToStore/Page_Store/input_txttotal), "value"): Attribute 'value' of object 'Object Repository/HealthpostToStore/Page_Store/input_txttotal' is: '10'

2018-05-28 10:52:35 - [MESSAGE][PASSED] - Attribute 'value' of object 'Object Repository/HealthpostToStore/Page_Store/input_txttotal' is: '10'

2018-05-28 10:52:35 - [TEST_STEP][PASSED] - Statement - out.println("Requested QTY : " + RequestedQty): null

2018-05-28 10:52:35 - [TEST_STEP][PASSED] - Statement - BatchNumber = com.kms.katalon.core.webui.keyword.WebUiBuiltInKeywords.getNumberOfTotalOption(com.kms.katalon.core.testobject.ObjectRepository.findTestObject(HealthpostToStore/Page_Store/select_--Select--BA1170BA2376B)): 2 options of object 'Object Repository/HealthpostToStore/Page_Store/select_--Select--BA1170BA2376B' counted

2018-05-28 10:52:35 - [MESSAGE][PASSED] - 2 options of object 'Object Repository/HealthpostToStore/Page_Store/select_--Select--BA1170BA2376B' counted

2018-05-28 10:52:35 - [TEST_STEP][PASSED] - Statement - For ([g = 1, g <= BatchNumber - 1, (g++)]): null

2018-05-28 10:52:35 - [TEST_STEP][PASSED] - selectOptionByIndex: All options with index in [1] are selected on object 'Object Repository/HealthpostToStore/Page_Store/select_--Select--BA1170BA2376B'

2018-05-28 10:52:35 - [MESSAGE][PASSED] - All options with index in [1] are selected on object 'Object Repository/HealthpostToStore/Page_Store/select_--Select--BA1170BA2376B'

2018-05-28 10:52:35 - [TEST_STEP][PASSED] - Statement - Try: null

2018-05-28 10:52:35 - [TEST_STEP][PASSED] - Statement - StockQty = com.kms.katalon.core.webui.keyword.WebUiBuiltInKeywords.getAttribute(com.kms.katalon.core.testobject.ObjectRepository.findTestObject(HealthpostToStore/Page_Store/input_txtprice), "value"): Attribute 'value' of object 'Object Repository/HealthpostToStore/Page_Store/input_txtprice' is: '10000'

2018-05-28 10:52:35 - [MESSAGE][PASSED] - Attribute 'value' of object 'Object Repository/HealthpostToStore/Page_Store/input_txtprice' is: '10000'

2018-05-28 10:52:35 - [TEST_STEP][PASSED] - Statement - out.println("Stock QTY : " + StockQty): null

2018-05-28 10:52:35 - [TEST_STEP][PASSED] - delay: Delayed 2 second(s)

2018-05-28 10:52:37 - [MESSAGE][PASSED] - Delayed 2 second(s)

2018-05-28 10:52:37 - [TEST_STEP][PASSED] - Statement - If (java.lang.String.valueOf(StockQty) >= java.lang.String.valueOf(RequestedQty)): null

2018-05-28 10:52:37 - [TEST_STEP][PASSED] - setText: Text '10' is set on object 'Object Repository/HealthpostToStore/Page_Store/input_txtqty'

2018-05-28 10:52:37 - [MESSAGE][PASSED] - Text '10' is set on object 'Object Repository/HealthpostToStore/Page_Store/input_txtqty'

2018-05-28 10:52:37 - [TEST_STEP][PASSED] - click: Object: 'Object Repository/HealthpostToStore/Page_Store/button_Add' is clicked on

2018-05-28 10:52:37 - [MESSAGE][PASSED] - Object: 'Object Repository/HealthpostToStore/Page_Store/button_Add' is clicked on

2018-05-28 10:52:37 - [TEST_STEP][PASSED] - Statement - Break: null

2018-05-28 10:52:37 - [TEST_STEP][PASSED] - selectOptionByIndex: All options with index in [8] are selected on object 'Object Repository/HealthpostToStore/Page_Store/select_--Select--Adernaline 0.'

2018-05-28 10:52:37 - [MESSAGE][PASSED] - All options with index in [8] are selected on object 'Object Repository/HealthpostToStore/Page_Store/select_--Select--Adernaline 0.'

2018-05-28 10:52:37 - [TEST_STEP][PASSED] - delay: Delayed 2 second(s)

2018-05-28 10:52:39 - [MESSAGE][PASSED] - Delayed 2 second(s)

2018-05-28 10:52:39 - [TEST_STEP][PASSED] - Statement - RequestedQty = com.kms.katalon.core.webui.keyword.WebUiBuiltInKeywords.getAttribute(com.kms.katalon.core.testobject.ObjectRepository.findTestObject(HealthpostToStore/Page_Store/input_txttotal), "value"): Attribute 'value' of object 'Object Repository/HealthpostToStore/Page_Store/input_txttotal' is: '10'

2018-05-28 10:52:39 - [MESSAGE][PASSED] - Attribute 'value' of object 'Object Repository/HealthpostToStore/Page_Store/input_txttotal' is: '10'

2018-05-28 10:52:39 - [TEST_STEP][PASSED] - Statement - out.println("Requested QTY : " + RequestedQty): null

2018-05-28 10:52:39 - [TEST_STEP][PASSED] - Statement - BatchNumber = com.kms.katalon.core.webui.keyword.WebUiBuiltInKeywords.getNumberOfTotalOption(com.kms.katalon.core.testobject.ObjectRepository.findTestObject(HealthpostToStore/Page_Store/select_--Select--BA1170BA2376B)): 2 options of object 'Object Repository/HealthpostToStore/Page_Store/select_--Select--BA1170BA2376B' counted

2018-05-28 10:52:39 - [MESSAGE][PASSED] - 2 options of object 'Object Repository/HealthpostToStore/Page_Store/select_--Select--BA1170BA2376B' counted

2018-05-28 10:52:39 - [TEST_STEP][PASSED] - Statement - For ([g = 1, g <= BatchNumber - 1, (g++)]): null

2018-05-28 10:52:39 - [TEST_STEP][PASSED] - selectOptionByIndex: All options with index in [1] are selected on object 'Object Repository/HealthpostToStore/Page_Store/select_--Select--BA1170BA2376B'

2018-05-28 10:52:39 - [MESSAGE][PASSED] - All options with index in [1] are selected on object 'Object Repository/HealthpostToStore/Page_Store/select_--Select--BA1170BA2376B'

2018-05-28 10:52:39 - [TEST_STEP][PASSED] - Statement - Try: null

2018-05-28 10:52:39 - [TEST_STEP][PASSED] - Statement - StockQty = com.kms.katalon.core.webui.keyword.WebUiBuiltInKeywords.getAttribute(com.kms.katalon.core.testobject.ObjectRepository.findTestObject(HealthpostToStore/Page_Store/input_txtprice), "value"): Attribute 'value' of object 'Object Repository/HealthpostToStore/Page_Store/input_txtprice' is: '10000'

2018-05-28 10:52:39 - [MESSAGE][PASSED] - Attribute 'value' of object 'Object Repository/HealthpostToStore/Page_Store/input_txtprice' is: '10000'

2018-05-28 10:52:39 - [TEST_STEP][PASSED] - Statement - out.println("Stock QTY : " + StockQty): null

2018-05-28 10:52:39 - [TEST_STEP][PASSED] - delay: Delayed 2 second(s)

2018-05-28 10:52:41 - [MESSAGE][PASSED] - Delayed 2 second(s)

2018-05-28 10:52:41 - [TEST_STEP][PASSED] - Statement - If (java.lang.String.valueOf(StockQty) >= java.lang.String.valueOf(RequestedQty)): null

2018-05-28 10:52:41 - [TEST_STEP][PASSED] - setText: Text '10' is set on object 'Object Repository/HealthpostToStore/Page_Store/input_txtqty'

2018-05-28 10:52:42 - [MESSAGE][PASSED] - Text '10' is set on object 'Object Repository/HealthpostToStore/Page_Store/input_txtqty'

2018-05-28 10:52:42 - [TEST_STEP][PASSED] - click: Object: 'Object Repository/HealthpostToStore/Page_Store/button_Add' is clicked on

2018-05-28 10:52:42 - [MESSAGE][PASSED] - Object: 'Object Repository/HealthpostToStore/Page_Store/button_Add' is clicked on

2018-05-28 10:52:42 - [TEST_STEP][PASSED] - Statement - Break: null

2018-05-28 10:52:42 - [TEST_STEP][PASSED] - selectOptionByIndex: All options with index in [9] are selected on object 'Object Repository/HealthpostToStore/Page_Store/select_--Select--Adernaline 0.'

2018-05-28 10:52:42 - [MESSAGE][PASSED] - All options with index in [9] are selected on object 'Object Repository/HealthpostToStore/Page_Store/select_--Select--Adernaline 0.'

2018-05-28 10:52:42 - [TEST_STEP][PASSED] - delay: Delayed 2 second(s)

2018-05-28 10:52:44 - [MESSAGE][PASSED] - Delayed 2 second(s)

2018-05-28 10:52:44 - [TEST_STEP][PASSED] - Statement - RequestedQty = com.kms.katalon.core.webui.keyword.WebUiBuiltInKeywords.getAttribute(com.kms.katalon.core.testobject.ObjectRepository.findTestObject(HealthpostToStore/Page_Store/input_txttotal), "value"): Attribute 'value' of object 'Object Repository/HealthpostToStore/Page_Store/input_txttotal' is: '10'

2018-05-28 10:52:44 - [MESSAGE][PASSED] - Attribute 'value' of object 'Object Repository/HealthpostToStore/Page_Store/input_txttotal' is: '10'

2018-05-28 10:52:44 - [TEST_STEP][PASSED] - Statement - out.println("Requested QTY : " + RequestedQty): null

2018-05-28 10:52:44 - [TEST_STEP][PASSED] - Statement - BatchNumber = com.kms.katalon.core.webui.keyword.WebUiBuiltInKeywords.getNumberOfTotalOption(com.kms.katalon.core.testobject.ObjectRepository.findTestObject(HealthpostToStore/Page_Store/select_--Select--BA1170BA2376B)): 2 options of object 'Object Repository/HealthpostToStore/Page_Store/select_--Select--BA1170BA2376B' counted

2018-05-28 10:52:44 - [MESSAGE][PASSED] - 2 options of object 'Object Repository/HealthpostToStore/Page_Store/select_--Select--BA1170BA2376B' counted

2018-05-28 10:52:44 - [TEST_STEP][PASSED] - Statement - For ([g = 1, g <= BatchNumber - 1, (g++)]): null

2018-05-28 10:52:44 - [TEST_STEP][PASSED] - selectOptionByIndex: All options with index in [1] are selected on object 'Object Repository/HealthpostToStore/Page_Store/select_--Select--BA1170BA2376B'

2018-05-28 10:52:44 - [MESSAGE][PASSED] - All options with index in [1] are selected on object 'Object Repository/HealthpostToStore/Page_Store/select_--Select--BA1170BA2376B'

2018-05-28 10:52:44 - [TEST_STEP][PASSED] - Statement - Try: null

2018-05-28 10:52:44 - [TEST_STEP][PASSED] - Statement - StockQty = com.kms.katalon.core.webui.keyword.WebUiBuiltInKeywords.getAttribute(com.kms.katalon.core.testobject.ObjectRepository.findTestObject(HealthpostToStore/Page_Store/input_txtprice), "value"): Attribute 'value' of object 'Object Repository/HealthpostToStore/Page_Store/input_txtprice' is: '9990'

2018-05-28 10:52:44 - [MESSAGE][PASSED] - Attribute 'value' of object 'Object Repository/HealthpostToStore/Page_Store/input_txtprice' is: '9990'

2018-05-28 10:52:44 - [TEST_STEP][PASSED] - Statement - out.println("Stock QTY : " + StockQty): null

2018-05-28 10:52:44 - [TEST_STEP][PASSED] - delay: Delayed 2 second(s)

2018-05-28 10:52:46 - [MESSAGE][PASSED] - Delayed 2 second(s)

2018-05-28 10:52:46 - [TEST_STEP][PASSED] - Statement - If (java.lang.String.valueOf(StockQty) >= java.lang.String.valueOf(RequestedQty)): null

2018-05-28 10:52:46 - [TEST_STEP][PASSED] - setText: Text '10' is set on object 'Object Repository/HealthpostToStore/Page_Store/input_txtqty'

2018-05-28 10:52:46 - [MESSAGE][PASSED] - Text '10' is set on object 'Object Repository/HealthpostToStore/Page_Store/input_txtqty'

2018-05-28 10:52:46 - [TEST_STEP][PASSED] - click: Object: 'Object Repository/HealthpostToStore/Page_Store/button_Add' is clicked on

2018-05-28 10:52:46 - [MESSAGE][PASSED] - Object: 'Object Repository/HealthpostToStore/Page_Store/button_Add' is clicked on

2018-05-28 10:52:46 - [TEST_STEP][PASSED] - Statement - Break: null

2018-05-28 10:52:46 - [TEST_STEP][PASSED] - selectOptionByIndex: All options with index in [10] are selected on object 'Object Repository/HealthpostToStore/Page_Store/select_--Select--Adernaline 0.'

2018-05-28 10:52:46 - [MESSAGE][PASSED] - All options with index in [10] are selected on object 'Object Repository/HealthpostToStore/Page_Store/select_--Select--Adernaline 0.'

2018-05-28 10:52:46 - [TEST_STEP][PASSED] - delay: Delayed 2 second(s)

2018-05-28 10:52:48 - [MESSAGE][PASSED] - Delayed 2 second(s)

2018-05-28 10:52:48 - [TEST_STEP][PASSED] - Statement - RequestedQty = com.kms.katalon.core.webui.keyword.WebUiBuiltInKeywords.getAttribute(com.kms.katalon.core.testobject.ObjectRepository.findTestObject(HealthpostToStore/Page_Store/input_txttotal), "value"): Attribute 'value' of object 'Object Repository/HealthpostToStore/Page_Store/input_txttotal' is: '10'

2018-05-28 10:52:48 - [MESSAGE][PASSED] - Attribute 'value' of object 'Object Repository/HealthpostToStore/Page_Store/input_txttotal' is: '10'

2018-05-28 10:52:48 - [TEST_STEP][PASSED] - Statement - out.println("Requested QTY : " + RequestedQty): null

2018-05-28 10:52:48 - [TEST_STEP][PASSED] - Statement - BatchNumber = com.kms.katalon.core.webui.keyword.WebUiBuiltInKeywords.getNumberOfTotalOption(com.kms.katalon.core.testobject.ObjectRepository.findTestObject(HealthpostToStore/Page_Store/select_--Select--BA1170BA2376B)): 2 options of object 'Object Repository/HealthpostToStore/Page_Store/select_--Select--BA1170BA2376B' counted

2018-05-28 10:52:49 - [MESSAGE][PASSED] - 2 options of object 'Object Repository/HealthpostToStore/Page_Store/select_--Select--BA1170BA2376B' counted

2018-05-28 10:52:49 - [TEST_STEP][PASSED] - Statement - For ([g = 1, g <= BatchNumber - 1, (g++)]): null

2018-05-28 10:52:49 - [TEST_STEP][PASSED] - selectOptionByIndex: All options with index in [1] are selected on object 'Object Repository/HealthpostToStore/Page_Store/select_--Select--BA1170BA2376B'

2018-05-28 10:52:49 - [MESSAGE][PASSED] - All options with index in [1] are selected on object 'Object Repository/HealthpostToStore/Page_Store/select_--Select--BA1170BA2376B'

2018-05-28 10:52:49 - [TEST_STEP][PASSED] - Statement - Try: null

2018-05-28 10:52:49 - [TEST_STEP][PASSED] - Statement - StockQty = com.kms.katalon.core.webui.keyword.WebUiBuiltInKeywords.getAttribute(com.kms.katalon.core.testobject.ObjectRepository.findTestObject(HealthpostToStore/Page_Store/input_txtprice), "value"): Attribute 'value' of object 'Object Repository/HealthpostToStore/Page_Store/input_txtprice' is: '9990'

2018-05-28 10:52:49 - [MESSAGE][PASSED] - Attribute 'value' of object 'Object Repository/HealthpostToStore/Page_Store/input_txtprice' is: '9990'

2018-05-28 10:52:49 - [TEST_STEP][PASSED] - Statement - out.println("Stock QTY : " + StockQty): null

2018-05-28 10:52:49 - [TEST_STEP][PASSED] - delay: Delayed 2 second(s)

2018-05-28 10:52:51 - [MESSAGE][PASSED] - Delayed 2 second(s)

2018-05-28 10:52:51 - [TEST_STEP][PASSED] - Statement - If (java.lang.String.valueOf(StockQty) >= java.lang.String.valueOf(RequestedQty)): null

2018-05-28 10:52:51 - [TEST_STEP][PASSED] - setText: Text '10' is set on object 'Object Repository/HealthpostToStore/Page_Store/input_txtqty'

2018-05-28 10:52:51 - [MESSAGE][PASSED] - Text '10' is set on object 'Object Repository/HealthpostToStore/Page_Store/input_txtqty'

2018-05-28 10:52:51 - [TEST_STEP][PASSED] - click: Object: 'Object Repository/HealthpostToStore/Page_Store/button_Add' is clicked on

2018-05-28 10:52:51 - [MESSAGE][PASSED] - Object: 'Object Repository/HealthpostToStore/Page_Store/button_Add' is clicked on

2018-05-28 10:52:51 - [TEST_STEP][PASSED] - Statement - Break: null

2018-05-28 10:52:51 - [TEST_STEP][PASSED] - selectOptionByIndex: All options with index in [11] are selected on object 'Object Repository/HealthpostToStore/Page_Store/select_--Select--Adernaline 0.'

2018-05-28 10:52:51 - [MESSAGE][PASSED] - All options with index in [11] are selected on object 'Object Repository/HealthpostToStore/Page_Store/select_--Select--Adernaline 0.'

2018-05-28 10:52:51 - [TEST_STEP][PASSED] - delay: Delayed 2 second(s)

2018-05-28 10:52:53 - [MESSAGE][PASSED] - Delayed 2 second(s)

2018-05-28 10:52:53 - [TEST_STEP][PASSED] - Statement - RequestedQty = com.kms.katalon.core.webui.keyword.WebUiBuiltInKeywords.getAttribute(com.kms.katalon.core.testobject.ObjectRepository.findTestObject(HealthpostToStore/Page_Store/input_txttotal), "value"): Attribute 'value' of object 'Object Repository/HealthpostToStore/Page_Store/input_txttotal' is: '10'

2018-05-28 10:52:53 - [MESSAGE][PASSED] - Attribute 'value' of object 'Object Repository/HealthpostToStore/Page_Store/input_txttotal' is: '10'

2018-05-28 10:52:53 - [TEST_STEP][PASSED] - Statement - out.println("Requested QTY : " + RequestedQty): null

2018-05-28 10:52:53 - [TEST_STEP][PASSED] - Statement - BatchNumber = com.kms.katalon.core.webui.keyword.WebUiBuiltInKeywords.getNumberOfTotalOption(com.kms.katalon.core.testobject.ObjectRepository.findTestObject(HealthpostToStore/Page_Store/select_--Select--BA1170BA2376B)): 2 options of object 'Object Repository/HealthpostToStore/Page_Store/select_--Select--BA1170BA2376B' counted

2018-05-28 10:52:53 - [MESSAGE][PASSED] - 2 options of object 'Object Repository/HealthpostToStore/Page_Store/select_--Select--BA1170BA2376B' counted

2018-05-28 10:52:53 - [TEST_STEP][PASSED] - Statement - For ([g = 1, g <= BatchNumber - 1, (g++)]): null

2018-05-28 10:52:53 - [TEST_STEP][PASSED] - selectOptionByIndex: All options with index in [1] are selected on object 'Object Repository/HealthpostToStore/Page_Store/select_--Select--BA1170BA2376B'

2018-05-28 10:52:53 - [MESSAGE][PASSED] - All options with index in [1] are selected on object 'Object Repository/HealthpostToStore/Page_Store/select_--Select--BA1170BA2376B'

2018-05-28 10:52:53 - [TEST_STEP][PASSED] - Statement - Try: null

2018-05-28 10:52:53 - [TEST_STEP][PASSED] - Statement - StockQty = com.kms.katalon.core.webui.keyword.WebUiBuiltInKeywords.getAttribute(com.kms.katalon.core.testobject.ObjectRepository.findTestObject(HealthpostToStore/Page_Store/input_txtprice), "value"): Attribute 'value' of object 'Object Repository/HealthpostToStore/Page_Store/input_txtprice' is: '9990'

2018-05-28 10:52:53 - [MESSAGE][PASSED] - Attribute 'value' of object 'Object Repository/HealthpostToStore/Page_Store/input_txtprice' is: '9990'

2018-05-28 10:52:53 - [TEST_STEP][PASSED] - Statement - out.println("Stock QTY : " + StockQty): null

2018-05-28 10:52:53 - [TEST_STEP][PASSED] - delay: Delayed 2 second(s)

2018-05-28 10:52:55 - [MESSAGE][PASSED] - Delayed 2 second(s)

2018-05-28 10:52:55 - [TEST_STEP][PASSED] - Statement - If (java.lang.String.valueOf(StockQty) >= java.lang.String.valueOf(RequestedQty)): null

2018-05-28 10:52:55 - [TEST_STEP][PASSED] - setText: Text '10' is set on object 'Object Repository/HealthpostToStore/Page_Store/input_txtqty'

2018-05-28 10:52:55 - [MESSAGE][PASSED] - Text '10' is set on object 'Object Repository/HealthpostToStore/Page_Store/input_txtqty'

2018-05-28 10:52:55 - [TEST_STEP][PASSED] - click: Object: 'Object Repository/HealthpostToStore/Page_Store/button_Add' is clicked on

2018-05-28 10:52:55 - [MESSAGE][PASSED] - Object: 'Object Repository/HealthpostToStore/Page_Store/button_Add' is clicked on

2018-05-28 10:52:55 - [TEST_STEP][PASSED] - Statement - Break: null

2018-05-28 10:52:55 - [TEST_STEP][PASSED] - selectOptionByIndex: All options with index in [12] are selected on object 'Object Repository/HealthpostToStore/Page_Store/select_--Select--Adernaline 0.'

2018-05-28 10:52:56 - [MESSAGE][PASSED] - All options with index in [12] are selected on object 'Object Repository/HealthpostToStore/Page_Store/select_--Select--Adernaline 0.'

2018-05-28 10:52:56 - [TEST_STEP][PASSED] - delay: Delayed 2 second(s)

2018-05-28 10:52:58 - [MESSAGE][PASSED] - Delayed 2 second(s)

2018-05-28 10:52:58 - [TEST_STEP][PASSED] - Statement - RequestedQty = com.kms.katalon.core.webui.keyword.WebUiBuiltInKeywords.getAttribute(com.kms.katalon.core.testobject.ObjectRepository.findTestObject(HealthpostToStore/Page_Store/input_txttotal), "value"): Attribute 'value' of object 'Object Repository/HealthpostToStore/Page_Store/input_txttotal' is: '10'

2018-05-28 10:52:58 - [MESSAGE][PASSED] - Attribute 'value' of object 'Object Repository/HealthpostToStore/Page_Store/input_txttotal' is: '10'

2018-05-28 10:52:58 - [TEST_STEP][PASSED] - Statement - out.println("Requested QTY : " + RequestedQty): null

2018-05-28 10:52:58 - [TEST_STEP][PASSED] - Statement - BatchNumber = com.kms.katalon.core.webui.keyword.WebUiBuiltInKeywords.getNumberOfTotalOption(com.kms.katalon.core.testobject.ObjectRepository.findTestObject(HealthpostToStore/Page_Store/select_--Select--BA1170BA2376B)): 2 options of object 'Object Repository/HealthpostToStore/Page_Store/select_--Select--BA1170BA2376B' counted

2018-05-28 10:52:58 - [MESSAGE][PASSED] - 2 options of object 'Object Repository/HealthpostToStore/Page_Store/select_--Select--BA1170BA2376B' counted

2018-05-28 10:52:58 - [TEST_STEP][PASSED] - Statement - For ([g = 1, g <= BatchNumber - 1, (g++)]): null

2018-05-28 10:52:58 - [TEST_STEP][PASSED] - selectOptionByIndex: All options with index in [1] are selected on object 'Object Repository/HealthpostToStore/Page_Store/select_--Select--BA1170BA2376B'

2018-05-28 10:52:58 - [MESSAGE][PASSED] - All options with index in [1] are selected on object 'Object Repository/HealthpostToStore/Page_Store/select_--Select--BA1170BA2376B'

2018-05-28 10:52:58 - [TEST_STEP][PASSED] - Statement - Try: null

2018-05-28 10:52:58 - [TEST_STEP][PASSED] - Statement - StockQty = com.kms.katalon.core.webui.keyword.WebUiBuiltInKeywords.getAttribute(com.kms.katalon.core.testobject.ObjectRepository.findTestObject(HealthpostToStore/Page_Store/input_txtprice), "value"): Attribute 'value' of object 'Object Repository/HealthpostToStore/Page_Store/input_txtprice' is: '9990'

2018-05-28 10:52:58 - [MESSAGE][PASSED] - Attribute 'value' of object 'Object Repository/HealthpostToStore/Page_Store/input_txtprice' is: '9990'

2018-05-28 10:52:58 - [TEST_STEP][PASSED] - Statement - out.println("Stock QTY : " + StockQty): null

2018-05-28 10:52:58 - [TEST_STEP][PASSED] - delay: Delayed 2 second(s)

2018-05-28 10:53:00 - [MESSAGE][PASSED] - Delayed 2 second(s)

2018-05-28 10:53:00 - [TEST_STEP][PASSED] - Statement - If (java.lang.String.valueOf(StockQty) >= java.lang.String.valueOf(RequestedQty)): null

2018-05-28 10:53:00 - [TEST_STEP][PASSED] - setText: Text '10' is set on object 'Object Repository/HealthpostToStore/Page_Store/input_txtqty'

2018-05-28 10:53:00 - [MESSAGE][PASSED] - Text '10' is set on object 'Object Repository/HealthpostToStore/Page_Store/input_txtqty'

2018-05-28 10:53:00 - [TEST_STEP][PASSED] - click: Object: 'Object Repository/HealthpostToStore/Page_Store/button_Add' is clicked on

2018-05-28 10:53:00 - [MESSAGE][PASSED] - Object: 'Object Repository/HealthpostToStore/Page_Store/button_Add' is clicked on

2018-05-28 10:53:00 - [TEST_STEP][PASSED] - Statement - Break: null

2018-05-28 10:53:00 - [TEST_STEP][PASSED] - selectOptionByIndex: All options with index in [13] are selected on object 'Object Repository/HealthpostToStore/Page_Store/select_--Select--Adernaline 0.'

2018-05-28 10:53:00 - [MESSAGE][PASSED] - All options with index in [13] are selected on object 'Object Repository/HealthpostToStore/Page_Store/select_--Select--Adernaline 0.'

2018-05-28 10:53:00 - [TEST_STEP][PASSED] - delay: Delayed 2 second(s)

2018-05-28 10:53:02 - [MESSAGE][PASSED] - Delayed 2 second(s)

2018-05-28 10:53:02 - [TEST_STEP][PASSED] - Statement - RequestedQty = com.kms.katalon.core.webui.keyword.WebUiBuiltInKeywords.getAttribute(com.kms.katalon.core.testobject.ObjectRepository.findTestObject(HealthpostToStore/Page_Store/input_txttotal), "value"): Attribute 'value' of object 'Object Repository/HealthpostToStore/Page_Store/input_txttotal' is: '10'

2018-05-28 10:53:02 - [MESSAGE][PASSED] - Attribute 'value' of object 'Object Repository/HealthpostToStore/Page_Store/input_txttotal' is: '10'

2018-05-28 10:53:02 - [TEST_STEP][PASSED] - Statement - out.println("Requested QTY : " + RequestedQty): null

2018-05-28 10:53:02 - [TEST_STEP][PASSED] - Statement - BatchNumber = com.kms.katalon.core.webui.keyword.WebUiBuiltInKeywords.getNumberOfTotalOption(com.kms.katalon.core.testobject.ObjectRepository.findTestObject(HealthpostToStore/Page_Store/select_--Select--BA1170BA2376B)): 2 options of object 'Object Repository/HealthpostToStore/Page_Store/select_--Select--BA1170BA2376B' counted

2018-05-28 10:53:02 - [MESSAGE][PASSED] - 2 options of object 'Object Repository/HealthpostToStore/Page_Store/select_--Select--BA1170BA2376B' counted

2018-05-28 10:53:02 - [TEST_STEP][PASSED] - Statement - For ([g = 1, g <= BatchNumber - 1, (g++)]): null

2018-05-28 10:53:02 - [TEST_STEP][PASSED] - selectOptionByIndex: All options with index in [1] are selected on object 'Object Repository/HealthpostToStore/Page_Store/select_--Select--BA1170BA2376B'

2018-05-28 10:53:03 - [MESSAGE][PASSED] - All options with index in [1] are selected on object 'Object Repository/HealthpostToStore/Page_Store/select_--Select--BA1170BA2376B'

2018-05-28 10:53:03 - [TEST_STEP][PASSED] - Statement - Try: null

2018-05-28 10:53:03 - [TEST_STEP][PASSED] - Statement - StockQty = com.kms.katalon.core.webui.keyword.WebUiBuiltInKeywords.getAttribute(com.kms.katalon.core.testobject.ObjectRepository.findTestObject(HealthpostToStore/Page_Store/input_txtprice), "value"): Attribute 'value' of object 'Object Repository/HealthpostToStore/Page_Store/input_txtprice' is: '9990'

2018-05-28 10:53:03 - [MESSAGE][PASSED] - Attribute 'value' of object 'Object Repository/HealthpostToStore/Page_Store/input_txtprice' is: '9990'

2018-05-28 10:53:03 - [TEST_STEP][PASSED] - Statement - out.println("Stock QTY : " + StockQty): null

2018-05-28 10:53:03 - [TEST_STEP][PASSED] - delay: Delayed 2 second(s)

2018-05-28 10:53:05 - [MESSAGE][PASSED] - Delayed 2 second(s)

2018-05-28 10:53:05 - [TEST_STEP][PASSED] - Statement - If (java.lang.String.valueOf(StockQty) >= java.lang.String.valueOf(RequestedQty)): null

2018-05-28 10:53:05 - [TEST_STEP][PASSED] - setText: Text '10' is set on object 'Object Repository/HealthpostToStore/Page_Store/input_txtqty'

2018-05-28 10:53:05 - [MESSAGE][PASSED] - Text '10' is set on object 'Object Repository/HealthpostToStore/Page_Store/input_txtqty'

2018-05-28 10:53:05 - [TEST_STEP][PASSED] - click: Object: 'Object Repository/HealthpostToStore/Page_Store/button_Add' is clicked on

2018-05-28 10:53:05 - [MESSAGE][PASSED] - Object: 'Object Repository/HealthpostToStore/Page_Store/button_Add' is clicked on

2018-05-28 10:53:05 - [TEST_STEP][PASSED] - Statement - Break: null

2018-05-28 10:53:05 - [TEST_STEP][PASSED] - scrollToElement: Scroll to object 'Object Repository/HealthpostToStore/Page_Store/input_btnSubmit' successfully

2018-05-28 10:53:05 - [MESSAGE][PASSED] - Scroll to object 'Object Repository/HealthpostToStore/Page_Store/input_btnSubmit' successfully

2018-05-28 10:53:05 - [TEST_STEP][PASSED] - click: Object: 'Object Repository/HealthpostToStore/Page_Store/input_btnSubmit' is clicked on

2018-05-28 10:53:05 - [MESSAGE][PASSED] - Object: 'Object Repository/HealthpostToStore/Page_Store/input_btnSubmit' is clicked on

2018-05-28 10:53:05 - [TEST_STEP][PASSED] - delay: Delayed 3 second(s)

2018-05-28 10:53:08 - [MESSAGE][PASSED] - Delayed 3 second(s)

2018-05-28 10:53:08 - [TEST_STEP][PASSED] - click: Object: 'Object Repository/HealthpostToStore/Page_Store/button_OK' is clicked on

2018-05-28 10:53:09 - [MESSAGE][PASSED] - Object: 'Object Repository/HealthpostToStore/Page_Store/button_OK' is clicked on

2018-05-28 10:53:09 - [TEST_STEP][PASSED] - delay: Delayed 3 second(s)

2018-05-28 10:53:12 - [MESSAGE][PASSED] - Delayed 3 second(s)

2018-05-28 10:53:12 - [TEST_STEP][PASSED] - click: Object: 'Object Repository/HealthpostToStore/Page_Store/a_dropdown-toggle' is clicked on

2018-05-28 10:53:12 - [MESSAGE][PASSED] - Object: 'Object Repository/HealthpostToStore/Page_Store/a_dropdown-toggle' is clicked on

2018-05-28 10:53:12 - [TEST_STEP][PASSED] - click: Object: 'Object Repository/HealthpostToStore/Page_Store/a_Sign out' is clicked on

2018-05-28 10:53:12 - [MESSAGE][PASSED] - Object: 'Object Repository/HealthpostToStore/Page_Store/a_Sign out' is clicked on

2018-05-28 10:53:12 - [TEST_STEP][PASSED] - closeBrowser: Browser is closed

2018-05-28 10:53:13 - [MESSAGE][PASSED] - Browser is closed]]></system-out>
         <system-err><![CDATA[]]></system-err>
      </testcase>
      <testcase name="Test Cases/HEALTHPOST TEST CASES/TC_HP_007 Verify Schedule 7 Healthpost Request Are Working Successfully Or Not" classname="Test Cases/HEALTHPOST TEST CASES/TC_HP_007 Verify Schedule 7 Healthpost Request Are Working Successfully Or Not" status="PASSED">
         <system-out><![CDATA[2018-05-28 10:53:13 - [TEST_CASE][PASSED] - Test Cases/HEALTHPOST TEST CASES/TC_HP_007 Verify Schedule 7 Healthpost Request Are Working Successfully Or Not: Test Cases/HEALTHPOST TEST CASES/TC_HP_007 Verify Schedule 7 Healthpost Request Are Working Successfully Or Not

2018-05-28 10:53:13 - [TEST_STEP][PASSED] - openBrowser: Browser is opened with url: ''

2018-05-28 10:53:15 - [MESSAGE][PASSED] - Browser is opened with url: ''

2018-05-28 10:53:15 - [TEST_STEP][PASSED] - navigateToUrl: Navigate to 'http://192.168.137.1/multihospital_new/HDSplashscreen.aspx' successfully

2018-05-28 10:53:17 - [MESSAGE][PASSED] - Navigate to 'http://192.168.137.1/multihospital_new/HDSplashscreen.aspx' successfully

2018-05-28 10:53:17 - [TEST_STEP][PASSED] - maximizeWindow: Current window maximized

2018-05-28 10:53:18 - [MESSAGE][PASSED] - Current window maximized

2018-05-28 10:53:18 - [TEST_STEP][PASSED] - click: Object: 'Object Repository/HealthpostToStore/Page_KDMC/a_Healthpost Store' is clicked on

2018-05-28 10:53:19 - [MESSAGE][PASSED] - Object: 'Object Repository/HealthpostToStore/Page_KDMC/a_Healthpost Store' is clicked on

2018-05-28 10:53:19 - [TEST_STEP][PASSED] - setText: Text 'raguram' is set on object 'Object Repository/HealthpostToStore/Page_HealthPost Store Login/input_txtusername'

2018-05-28 10:53:19 - [MESSAGE][PASSED] - Text 'raguram' is set on object 'Object Repository/HealthpostToStore/Page_HealthPost Store Login/input_txtusername'

2018-05-28 10:53:19 - [TEST_STEP][PASSED] - setText: Text '123' is set on object 'Object Repository/HealthpostToStore/Page_HealthPost Store Login/input_txtpassword'

2018-05-28 10:53:19 - [MESSAGE][PASSED] - Text '123' is set on object 'Object Repository/HealthpostToStore/Page_HealthPost Store Login/input_txtpassword'

2018-05-28 10:53:19 - [TEST_STEP][PASSED] - delay: Delayed 3 second(s)

2018-05-28 10:53:22 - [MESSAGE][PASSED] - Delayed 3 second(s)

2018-05-28 10:53:22 - [TEST_STEP][PASSED] - sendKeys: Keys 'ENTER + ' sent to object: 'Object Repository/HealthpostToStore/Page_HealthPost Store Login/input_txtpassword'

2018-05-28 10:53:23 - [MESSAGE][PASSED] - Keys 'ENTER + ' sent to object: 'Object Repository/HealthpostToStore/Page_HealthPost Store Login/input_txtpassword'

2018-05-28 10:53:23 - [TEST_STEP][PASSED] - delay: Delayed 3 second(s)

2018-05-28 10:53:26 - [MESSAGE][PASSED] - Delayed 3 second(s)

2018-05-28 10:53:26 - [TEST_STEP][PASSED] - click: Object: 'Object Repository/HealthpostToStore/Page_HealthPost Store/a_Request to Store' is clicked on

2018-05-28 10:53:26 - [MESSAGE][PASSED] - Object: 'Object Repository/HealthpostToStore/Page_HealthPost Store/a_Request to Store' is clicked on

2018-05-28 10:53:26 - [TEST_STEP][PASSED] - delay: Delayed 1 second(s)

2018-05-28 10:53:27 - [MESSAGE][PASSED] - Delayed 1 second(s)

2018-05-28 10:53:27 - [TEST_STEP][PASSED] - click: Object: 'Object Repository/HealthpostToStore/Page_HealthPost Store/a_Medicine Request' is clicked on

2018-05-28 10:53:28 - [MESSAGE][PASSED] - Object: 'Object Repository/HealthpostToStore/Page_HealthPost Store/a_Medicine Request' is clicked on

2018-05-28 10:53:28 - [TEST_STEP][PASSED] - delay: Delayed 1 second(s)

2018-05-28 10:53:29 - [MESSAGE][PASSED] - Delayed 1 second(s)

2018-05-28 10:53:29 - [TEST_STEP][PASSED] - selectOptionByIndex: All options with index in [7] are selected on object 'Object Repository/HealthpostToStore/Page_HealthPost Store/select_--Select--Schedule 1Inj'

2018-05-28 10:53:29 - [MESSAGE][PASSED] - All options with index in [7] are selected on object 'Object Repository/HealthpostToStore/Page_HealthPost Store/select_--Select--Schedule 1Inj'

2018-05-28 10:53:29 - [TEST_STEP][PASSED] - Statement - medicineslength = com.kms.katalon.core.webui.keyword.WebUiBuiltInKeywords.getNumberOfTotalOption(com.kms.katalon.core.testobject.ObjectRepository.findTestObject(HealthpostToStore/Page_HealthPost Store/select_--Select--Adernaline 0.)): 24 options of object 'Object Repository/HealthpostToStore/Page_HealthPost Store/select_--Select--Adernaline 0.' counted

2018-05-28 10:53:29 - [MESSAGE][PASSED] - 24 options of object 'Object Repository/HealthpostToStore/Page_HealthPost Store/select_--Select--Adernaline 0.' counted

2018-05-28 10:53:29 - [TEST_STEP][PASSED] - Statement - For ([e = 1, e <= medicineslength - 1, (e++)]): Object: 'Object Repository/HealthpostToStore/Page_HealthPost Store/button_Add' is clicked on

2018-05-28 10:53:29 - [TEST_STEP][PASSED] - selectOptionByIndex: All options with index in [7] are selected on object 'Object Repository/HealthpostToStore/Page_HealthPost Store/select_--Select--Schedule 1Inj'

2018-05-28 10:53:29 - [MESSAGE][PASSED] - All options with index in [7] are selected on object 'Object Repository/HealthpostToStore/Page_HealthPost Store/select_--Select--Schedule 1Inj'

2018-05-28 10:53:29 - [TEST_STEP][PASSED] - delay: Delayed 1 second(s)

2018-05-28 10:53:30 - [MESSAGE][PASSED] - Delayed 1 second(s)

2018-05-28 10:53:30 - [TEST_STEP][PASSED] - selectOptionByIndex: All options with index in [1] are selected on object 'Object Repository/HealthpostToStore/Page_HealthPost Store/select_--Select--Adernaline 0.'

2018-05-28 10:53:30 - [MESSAGE][PASSED] - All options with index in [1] are selected on object 'Object Repository/HealthpostToStore/Page_HealthPost Store/select_--Select--Adernaline 0.'

2018-05-28 10:53:30 - [TEST_STEP][PASSED] - setText: Text '10' is set on object 'Object Repository/HealthpostToStore/Page_HealthPost Store/input_txttreat'

2018-05-28 10:53:30 - [MESSAGE][PASSED] - Text '10' is set on object 'Object Repository/HealthpostToStore/Page_HealthPost Store/input_txttreat'

2018-05-28 10:53:30 - [TEST_STEP][PASSED] - click: Object: 'Object Repository/HealthpostToStore/Page_HealthPost Store/button_Add' is clicked on

2018-05-28 10:53:30 - [MESSAGE][PASSED] - Object: 'Object Repository/HealthpostToStore/Page_HealthPost Store/button_Add' is clicked on

2018-05-28 10:53:30 - [TEST_STEP][PASSED] - selectOptionByIndex: All options with index in [7] are selected on object 'Object Repository/HealthpostToStore/Page_HealthPost Store/select_--Select--Schedule 1Inj'

2018-05-28 10:53:31 - [MESSAGE][PASSED] - All options with index in [7] are selected on object 'Object Repository/HealthpostToStore/Page_HealthPost Store/select_--Select--Schedule 1Inj'

2018-05-28 10:53:31 - [TEST_STEP][PASSED] - delay: Delayed 1 second(s)

2018-05-28 10:53:32 - [MESSAGE][PASSED] - Delayed 1 second(s)

2018-05-28 10:53:32 - [TEST_STEP][PASSED] - selectOptionByIndex: All options with index in [2] are selected on object 'Object Repository/HealthpostToStore/Page_HealthPost Store/select_--Select--Adernaline 0.'

2018-05-28 10:53:32 - [MESSAGE][PASSED] - All options with index in [2] are selected on object 'Object Repository/HealthpostToStore/Page_HealthPost Store/select_--Select--Adernaline 0.'

2018-05-28 10:53:32 - [TEST_STEP][PASSED] - setText: Text '10' is set on object 'Object Repository/HealthpostToStore/Page_HealthPost Store/input_txttreat'

2018-05-28 10:53:32 - [MESSAGE][PASSED] - Text '10' is set on object 'Object Repository/HealthpostToStore/Page_HealthPost Store/input_txttreat'

2018-05-28 10:53:32 - [TEST_STEP][PASSED] - click: Object: 'Object Repository/HealthpostToStore/Page_HealthPost Store/button_Add' is clicked on

2018-05-28 10:53:32 - [MESSAGE][PASSED] - Object: 'Object Repository/HealthpostToStore/Page_HealthPost Store/button_Add' is clicked on

2018-05-28 10:53:32 - [TEST_STEP][PASSED] - selectOptionByIndex: All options with index in [7] are selected on object 'Object Repository/HealthpostToStore/Page_HealthPost Store/select_--Select--Schedule 1Inj'

2018-05-28 10:53:32 - [MESSAGE][PASSED] - All options with index in [7] are selected on object 'Object Repository/HealthpostToStore/Page_HealthPost Store/select_--Select--Schedule 1Inj'

2018-05-28 10:53:32 - [TEST_STEP][PASSED] - delay: Delayed 1 second(s)

2018-05-28 10:53:33 - [MESSAGE][PASSED] - Delayed 1 second(s)

2018-05-28 10:53:33 - [TEST_STEP][PASSED] - selectOptionByIndex: All options with index in [3] are selected on object 'Object Repository/HealthpostToStore/Page_HealthPost Store/select_--Select--Adernaline 0.'

2018-05-28 10:53:33 - [MESSAGE][PASSED] - All options with index in [3] are selected on object 'Object Repository/HealthpostToStore/Page_HealthPost Store/select_--Select--Adernaline 0.'

2018-05-28 10:53:33 - [TEST_STEP][PASSED] - setText: Text '10' is set on object 'Object Repository/HealthpostToStore/Page_HealthPost Store/input_txttreat'

2018-05-28 10:53:33 - [MESSAGE][PASSED] - Text '10' is set on object 'Object Repository/HealthpostToStore/Page_HealthPost Store/input_txttreat'

2018-05-28 10:53:33 - [TEST_STEP][PASSED] - click: Object: 'Object Repository/HealthpostToStore/Page_HealthPost Store/button_Add' is clicked on

2018-05-28 10:53:33 - [MESSAGE][PASSED] - Object: 'Object Repository/HealthpostToStore/Page_HealthPost Store/button_Add' is clicked on

2018-05-28 10:53:33 - [TEST_STEP][PASSED] - selectOptionByIndex: All options with index in [7] are selected on object 'Object Repository/HealthpostToStore/Page_HealthPost Store/select_--Select--Schedule 1Inj'

2018-05-28 10:53:34 - [MESSAGE][PASSED] - All options with index in [7] are selected on object 'Object Repository/HealthpostToStore/Page_HealthPost Store/select_--Select--Schedule 1Inj'

2018-05-28 10:53:34 - [TEST_STEP][PASSED] - delay: Delayed 1 second(s)

2018-05-28 10:53:35 - [MESSAGE][PASSED] - Delayed 1 second(s)

2018-05-28 10:53:35 - [TEST_STEP][PASSED] - selectOptionByIndex: All options with index in [4] are selected on object 'Object Repository/HealthpostToStore/Page_HealthPost Store/select_--Select--Adernaline 0.'

2018-05-28 10:53:35 - [MESSAGE][PASSED] - All options with index in [4] are selected on object 'Object Repository/HealthpostToStore/Page_HealthPost Store/select_--Select--Adernaline 0.'

2018-05-28 10:53:35 - [TEST_STEP][PASSED] - setText: Text '10' is set on object 'Object Repository/HealthpostToStore/Page_HealthPost Store/input_txttreat'

2018-05-28 10:53:35 - [MESSAGE][PASSED] - Text '10' is set on object 'Object Repository/HealthpostToStore/Page_HealthPost Store/input_txttreat'

2018-05-28 10:53:35 - [TEST_STEP][PASSED] - click: Object: 'Object Repository/HealthpostToStore/Page_HealthPost Store/button_Add' is clicked on

2018-05-28 10:53:35 - [MESSAGE][PASSED] - Object: 'Object Repository/HealthpostToStore/Page_HealthPost Store/button_Add' is clicked on

2018-05-28 10:53:35 - [TEST_STEP][PASSED] - selectOptionByIndex: All options with index in [7] are selected on object 'Object Repository/HealthpostToStore/Page_HealthPost Store/select_--Select--Schedule 1Inj'

2018-05-28 10:53:35 - [MESSAGE][PASSED] - All options with index in [7] are selected on object 'Object Repository/HealthpostToStore/Page_HealthPost Store/select_--Select--Schedule 1Inj'

2018-05-28 10:53:35 - [TEST_STEP][PASSED] - delay: Delayed 1 second(s)

2018-05-28 10:53:36 - [MESSAGE][PASSED] - Delayed 1 second(s)

2018-05-28 10:53:36 - [TEST_STEP][PASSED] - selectOptionByIndex: All options with index in [5] are selected on object 'Object Repository/HealthpostToStore/Page_HealthPost Store/select_--Select--Adernaline 0.'

2018-05-28 10:53:36 - [MESSAGE][PASSED] - All options with index in [5] are selected on object 'Object Repository/HealthpostToStore/Page_HealthPost Store/select_--Select--Adernaline 0.'

2018-05-28 10:53:36 - [TEST_STEP][PASSED] - setText: Text '10' is set on object 'Object Repository/HealthpostToStore/Page_HealthPost Store/input_txttreat'

2018-05-28 10:53:36 - [MESSAGE][PASSED] - Text '10' is set on object 'Object Repository/HealthpostToStore/Page_HealthPost Store/input_txttreat'

2018-05-28 10:53:36 - [TEST_STEP][PASSED] - click: Object: 'Object Repository/HealthpostToStore/Page_HealthPost Store/button_Add' is clicked on

2018-05-28 10:53:37 - [MESSAGE][PASSED] - Object: 'Object Repository/HealthpostToStore/Page_HealthPost Store/button_Add' is clicked on

2018-05-28 10:53:37 - [TEST_STEP][PASSED] - selectOptionByIndex: All options with index in [7] are selected on object 'Object Repository/HealthpostToStore/Page_HealthPost Store/select_--Select--Schedule 1Inj'

2018-05-28 10:53:37 - [MESSAGE][PASSED] - All options with index in [7] are selected on object 'Object Repository/HealthpostToStore/Page_HealthPost Store/select_--Select--Schedule 1Inj'

2018-05-28 10:53:37 - [TEST_STEP][PASSED] - delay: Delayed 1 second(s)

2018-05-28 10:53:38 - [MESSAGE][PASSED] - Delayed 1 second(s)

2018-05-28 10:53:38 - [TEST_STEP][PASSED] - selectOptionByIndex: All options with index in [6] are selected on object 'Object Repository/HealthpostToStore/Page_HealthPost Store/select_--Select--Adernaline 0.'

2018-05-28 10:53:38 - [MESSAGE][PASSED] - All options with index in [6] are selected on object 'Object Repository/HealthpostToStore/Page_HealthPost Store/select_--Select--Adernaline 0.'

2018-05-28 10:53:38 - [TEST_STEP][PASSED] - setText: Text '10' is set on object 'Object Repository/HealthpostToStore/Page_HealthPost Store/input_txttreat'

2018-05-28 10:53:38 - [MESSAGE][PASSED] - Text '10' is set on object 'Object Repository/HealthpostToStore/Page_HealthPost Store/input_txttreat'

2018-05-28 10:53:38 - [TEST_STEP][PASSED] - click: Object: 'Object Repository/HealthpostToStore/Page_HealthPost Store/button_Add' is clicked on

2018-05-28 10:53:38 - [MESSAGE][PASSED] - Object: 'Object Repository/HealthpostToStore/Page_HealthPost Store/button_Add' is clicked on

2018-05-28 10:53:38 - [TEST_STEP][PASSED] - selectOptionByIndex: All options with index in [7] are selected on object 'Object Repository/HealthpostToStore/Page_HealthPost Store/select_--Select--Schedule 1Inj'

2018-05-28 10:53:38 - [MESSAGE][PASSED] - All options with index in [7] are selected on object 'Object Repository/HealthpostToStore/Page_HealthPost Store/select_--Select--Schedule 1Inj'

2018-05-28 10:53:38 - [TEST_STEP][PASSED] - delay: Delayed 1 second(s)

2018-05-28 10:53:39 - [MESSAGE][PASSED] - Delayed 1 second(s)

2018-05-28 10:53:39 - [TEST_STEP][PASSED] - selectOptionByIndex: All options with index in [7] are selected on object 'Object Repository/HealthpostToStore/Page_HealthPost Store/select_--Select--Adernaline 0.'

2018-05-28 10:53:39 - [MESSAGE][PASSED] - All options with index in [7] are selected on object 'Object Repository/HealthpostToStore/Page_HealthPost Store/select_--Select--Adernaline 0.'

2018-05-28 10:53:39 - [TEST_STEP][PASSED] - setText: Text '10' is set on object 'Object Repository/HealthpostToStore/Page_HealthPost Store/input_txttreat'

2018-05-28 10:53:40 - [MESSAGE][PASSED] - Text '10' is set on object 'Object Repository/HealthpostToStore/Page_HealthPost Store/input_txttreat'

2018-05-28 10:53:40 - [TEST_STEP][PASSED] - click: Object: 'Object Repository/HealthpostToStore/Page_HealthPost Store/button_Add' is clicked on

2018-05-28 10:53:40 - [MESSAGE][PASSED] - Object: 'Object Repository/HealthpostToStore/Page_HealthPost Store/button_Add' is clicked on

2018-05-28 10:53:40 - [TEST_STEP][PASSED] - selectOptionByIndex: All options with index in [7] are selected on object 'Object Repository/HealthpostToStore/Page_HealthPost Store/select_--Select--Schedule 1Inj'

2018-05-28 10:53:40 - [MESSAGE][PASSED] - All options with index in [7] are selected on object 'Object Repository/HealthpostToStore/Page_HealthPost Store/select_--Select--Schedule 1Inj'

2018-05-28 10:53:40 - [TEST_STEP][PASSED] - delay: Delayed 1 second(s)

2018-05-28 10:53:41 - [MESSAGE][PASSED] - Delayed 1 second(s)

2018-05-28 10:53:41 - [TEST_STEP][PASSED] - selectOptionByIndex: All options with index in [8] are selected on object 'Object Repository/HealthpostToStore/Page_HealthPost Store/select_--Select--Adernaline 0.'

2018-05-28 10:53:41 - [MESSAGE][PASSED] - All options with index in [8] are selected on object 'Object Repository/HealthpostToStore/Page_HealthPost Store/select_--Select--Adernaline 0.'

2018-05-28 10:53:41 - [TEST_STEP][PASSED] - setText: Text '10' is set on object 'Object Repository/HealthpostToStore/Page_HealthPost Store/input_txttreat'

2018-05-28 10:53:41 - [MESSAGE][PASSED] - Text '10' is set on object 'Object Repository/HealthpostToStore/Page_HealthPost Store/input_txttreat'

2018-05-28 10:53:41 - [TEST_STEP][PASSED] - click: Object: 'Object Repository/HealthpostToStore/Page_HealthPost Store/button_Add' is clicked on

2018-05-28 10:53:41 - [MESSAGE][PASSED] - Object: 'Object Repository/HealthpostToStore/Page_HealthPost Store/button_Add' is clicked on

2018-05-28 10:53:41 - [TEST_STEP][PASSED] - selectOptionByIndex: All options with index in [7] are selected on object 'Object Repository/HealthpostToStore/Page_HealthPost Store/select_--Select--Schedule 1Inj'

2018-05-28 10:53:41 - [MESSAGE][PASSED] - All options with index in [7] are selected on object 'Object Repository/HealthpostToStore/Page_HealthPost Store/select_--Select--Schedule 1Inj'

2018-05-28 10:53:41 - [TEST_STEP][PASSED] - delay: Delayed 1 second(s)

2018-05-28 10:53:42 - [MESSAGE][PASSED] - Delayed 1 second(s)

2018-05-28 10:53:42 - [TEST_STEP][PASSED] - selectOptionByIndex: All options with index in [9] are selected on object 'Object Repository/HealthpostToStore/Page_HealthPost Store/select_--Select--Adernaline 0.'

2018-05-28 10:53:43 - [MESSAGE][PASSED] - All options with index in [9] are selected on object 'Object Repository/HealthpostToStore/Page_HealthPost Store/select_--Select--Adernaline 0.'

2018-05-28 10:53:43 - [TEST_STEP][PASSED] - setText: Text '10' is set on object 'Object Repository/HealthpostToStore/Page_HealthPost Store/input_txttreat'

2018-05-28 10:53:43 - [MESSAGE][PASSED] - Text '10' is set on object 'Object Repository/HealthpostToStore/Page_HealthPost Store/input_txttreat'

2018-05-28 10:53:43 - [TEST_STEP][PASSED] - click: Object: 'Object Repository/HealthpostToStore/Page_HealthPost Store/button_Add' is clicked on

2018-05-28 10:53:43 - [MESSAGE][PASSED] - Object: 'Object Repository/HealthpostToStore/Page_HealthPost Store/button_Add' is clicked on

2018-05-28 10:53:43 - [TEST_STEP][PASSED] - selectOptionByIndex: All options with index in [7] are selected on object 'Object Repository/HealthpostToStore/Page_HealthPost Store/select_--Select--Schedule 1Inj'

2018-05-28 10:53:43 - [MESSAGE][PASSED] - All options with index in [7] are selected on object 'Object Repository/HealthpostToStore/Page_HealthPost Store/select_--Select--Schedule 1Inj'

2018-05-28 10:53:43 - [TEST_STEP][PASSED] - delay: Delayed 1 second(s)

2018-05-28 10:53:44 - [MESSAGE][PASSED] - Delayed 1 second(s)

2018-05-28 10:53:44 - [TEST_STEP][PASSED] - selectOptionByIndex: All options with index in [10] are selected on object 'Object Repository/HealthpostToStore/Page_HealthPost Store/select_--Select--Adernaline 0.'

2018-05-28 10:53:44 - [MESSAGE][PASSED] - All options with index in [10] are selected on object 'Object Repository/HealthpostToStore/Page_HealthPost Store/select_--Select--Adernaline 0.'

2018-05-28 10:53:44 - [TEST_STEP][PASSED] - setText: Text '10' is set on object 'Object Repository/HealthpostToStore/Page_HealthPost Store/input_txttreat'

2018-05-28 10:53:44 - [MESSAGE][PASSED] - Text '10' is set on object 'Object Repository/HealthpostToStore/Page_HealthPost Store/input_txttreat'

2018-05-28 10:53:44 - [TEST_STEP][PASSED] - click: Object: 'Object Repository/HealthpostToStore/Page_HealthPost Store/button_Add' is clicked on

2018-05-28 10:53:44 - [MESSAGE][PASSED] - Object: 'Object Repository/HealthpostToStore/Page_HealthPost Store/button_Add' is clicked on

2018-05-28 10:53:44 - [TEST_STEP][PASSED] - selectOptionByIndex: All options with index in [7] are selected on object 'Object Repository/HealthpostToStore/Page_HealthPost Store/select_--Select--Schedule 1Inj'

2018-05-28 10:53:45 - [MESSAGE][PASSED] - All options with index in [7] are selected on object 'Object Repository/HealthpostToStore/Page_HealthPost Store/select_--Select--Schedule 1Inj'

2018-05-28 10:53:45 - [TEST_STEP][PASSED] - delay: Delayed 1 second(s)

2018-05-28 10:53:46 - [MESSAGE][PASSED] - Delayed 1 second(s)

2018-05-28 10:53:46 - [TEST_STEP][PASSED] - selectOptionByIndex: All options with index in [11] are selected on object 'Object Repository/HealthpostToStore/Page_HealthPost Store/select_--Select--Adernaline 0.'

2018-05-28 10:53:46 - [MESSAGE][PASSED] - All options with index in [11] are selected on object 'Object Repository/HealthpostToStore/Page_HealthPost Store/select_--Select--Adernaline 0.'

2018-05-28 10:53:46 - [TEST_STEP][PASSED] - setText: Text '10' is set on object 'Object Repository/HealthpostToStore/Page_HealthPost Store/input_txttreat'

2018-05-28 10:53:46 - [MESSAGE][PASSED] - Text '10' is set on object 'Object Repository/HealthpostToStore/Page_HealthPost Store/input_txttreat'

2018-05-28 10:53:46 - [TEST_STEP][PASSED] - click: Object: 'Object Repository/HealthpostToStore/Page_HealthPost Store/button_Add' is clicked on

2018-05-28 10:53:46 - [MESSAGE][PASSED] - Object: 'Object Repository/HealthpostToStore/Page_HealthPost Store/button_Add' is clicked on

2018-05-28 10:53:46 - [TEST_STEP][PASSED] - selectOptionByIndex: All options with index in [7] are selected on object 'Object Repository/HealthpostToStore/Page_HealthPost Store/select_--Select--Schedule 1Inj'

2018-05-28 10:53:46 - [MESSAGE][PASSED] - All options with index in [7] are selected on object 'Object Repository/HealthpostToStore/Page_HealthPost Store/select_--Select--Schedule 1Inj'

2018-05-28 10:53:46 - [TEST_STEP][PASSED] - delay: Delayed 1 second(s)

2018-05-28 10:53:47 - [MESSAGE][PASSED] - Delayed 1 second(s)

2018-05-28 10:53:47 - [TEST_STEP][PASSED] - selectOptionByIndex: All options with index in [12] are selected on object 'Object Repository/HealthpostToStore/Page_HealthPost Store/select_--Select--Adernaline 0.'

2018-05-28 10:53:48 - [MESSAGE][PASSED] - All options with index in [12] are selected on object 'Object Repository/HealthpostToStore/Page_HealthPost Store/select_--Select--Adernaline 0.'

2018-05-28 10:53:48 - [TEST_STEP][PASSED] - setText: Text '10' is set on object 'Object Repository/HealthpostToStore/Page_HealthPost Store/input_txttreat'

2018-05-28 10:53:48 - [MESSAGE][PASSED] - Text '10' is set on object 'Object Repository/HealthpostToStore/Page_HealthPost Store/input_txttreat'

2018-05-28 10:53:48 - [TEST_STEP][PASSED] - click: Object: 'Object Repository/HealthpostToStore/Page_HealthPost Store/button_Add' is clicked on

2018-05-28 10:53:48 - [MESSAGE][PASSED] - Object: 'Object Repository/HealthpostToStore/Page_HealthPost Store/button_Add' is clicked on

2018-05-28 10:53:48 - [TEST_STEP][PASSED] - selectOptionByIndex: All options with index in [7] are selected on object 'Object Repository/HealthpostToStore/Page_HealthPost Store/select_--Select--Schedule 1Inj'

2018-05-28 10:53:48 - [MESSAGE][PASSED] - All options with index in [7] are selected on object 'Object Repository/HealthpostToStore/Page_HealthPost Store/select_--Select--Schedule 1Inj'

2018-05-28 10:53:48 - [TEST_STEP][PASSED] - delay: Delayed 1 second(s)

2018-05-28 10:53:49 - [MESSAGE][PASSED] - Delayed 1 second(s)

2018-05-28 10:53:49 - [TEST_STEP][PASSED] - selectOptionByIndex: All options with index in [13] are selected on object 'Object Repository/HealthpostToStore/Page_HealthPost Store/select_--Select--Adernaline 0.'

2018-05-28 10:53:49 - [MESSAGE][PASSED] - All options with index in [13] are selected on object 'Object Repository/HealthpostToStore/Page_HealthPost Store/select_--Select--Adernaline 0.'

2018-05-28 10:53:49 - [TEST_STEP][PASSED] - setText: Text '10' is set on object 'Object Repository/HealthpostToStore/Page_HealthPost Store/input_txttreat'

2018-05-28 10:53:49 - [MESSAGE][PASSED] - Text '10' is set on object 'Object Repository/HealthpostToStore/Page_HealthPost Store/input_txttreat'

2018-05-28 10:53:49 - [TEST_STEP][PASSED] - click: Object: 'Object Repository/HealthpostToStore/Page_HealthPost Store/button_Add' is clicked on

2018-05-28 10:53:49 - [MESSAGE][PASSED] - Object: 'Object Repository/HealthpostToStore/Page_HealthPost Store/button_Add' is clicked on

2018-05-28 10:53:49 - [TEST_STEP][PASSED] - selectOptionByIndex: All options with index in [7] are selected on object 'Object Repository/HealthpostToStore/Page_HealthPost Store/select_--Select--Schedule 1Inj'

2018-05-28 10:53:49 - [MESSAGE][PASSED] - All options with index in [7] are selected on object 'Object Repository/HealthpostToStore/Page_HealthPost Store/select_--Select--Schedule 1Inj'

2018-05-28 10:53:49 - [TEST_STEP][PASSED] - delay: Delayed 1 second(s)

2018-05-28 10:53:50 - [MESSAGE][PASSED] - Delayed 1 second(s)

2018-05-28 10:53:50 - [TEST_STEP][PASSED] - selectOptionByIndex: All options with index in [14] are selected on object 'Object Repository/HealthpostToStore/Page_HealthPost Store/select_--Select--Adernaline 0.'

2018-05-28 10:53:51 - [MESSAGE][PASSED] - All options with index in [14] are selected on object 'Object Repository/HealthpostToStore/Page_HealthPost Store/select_--Select--Adernaline 0.'

2018-05-28 10:53:51 - [TEST_STEP][PASSED] - setText: Text '10' is set on object 'Object Repository/HealthpostToStore/Page_HealthPost Store/input_txttreat'

2018-05-28 10:53:51 - [MESSAGE][PASSED] - Text '10' is set on object 'Object Repository/HealthpostToStore/Page_HealthPost Store/input_txttreat'

2018-05-28 10:53:51 - [TEST_STEP][PASSED] - click: Object: 'Object Repository/HealthpostToStore/Page_HealthPost Store/button_Add' is clicked on

2018-05-28 10:53:51 - [MESSAGE][PASSED] - Object: 'Object Repository/HealthpostToStore/Page_HealthPost Store/button_Add' is clicked on

2018-05-28 10:53:51 - [TEST_STEP][PASSED] - selectOptionByIndex: All options with index in [7] are selected on object 'Object Repository/HealthpostToStore/Page_HealthPost Store/select_--Select--Schedule 1Inj'

2018-05-28 10:53:51 - [MESSAGE][PASSED] - All options with index in [7] are selected on object 'Object Repository/HealthpostToStore/Page_HealthPost Store/select_--Select--Schedule 1Inj'

2018-05-28 10:53:51 - [TEST_STEP][PASSED] - delay: Delayed 1 second(s)

2018-05-28 10:53:52 - [MESSAGE][PASSED] - Delayed 1 second(s)

2018-05-28 10:53:52 - [TEST_STEP][PASSED] - selectOptionByIndex: All options with index in [15] are selected on object 'Object Repository/HealthpostToStore/Page_HealthPost Store/select_--Select--Adernaline 0.'

2018-05-28 10:53:52 - [MESSAGE][PASSED] - All options with index in [15] are selected on object 'Object Repository/HealthpostToStore/Page_HealthPost Store/select_--Select--Adernaline 0.'

2018-05-28 10:53:52 - [TEST_STEP][PASSED] - setText: Text '10' is set on object 'Object Repository/HealthpostToStore/Page_HealthPost Store/input_txttreat'

2018-05-28 10:53:52 - [MESSAGE][PASSED] - Text '10' is set on object 'Object Repository/HealthpostToStore/Page_HealthPost Store/input_txttreat'

2018-05-28 10:53:52 - [TEST_STEP][PASSED] - click: Object: 'Object Repository/HealthpostToStore/Page_HealthPost Store/button_Add' is clicked on

2018-05-28 10:53:53 - [MESSAGE][PASSED] - Object: 'Object Repository/HealthpostToStore/Page_HealthPost Store/button_Add' is clicked on

2018-05-28 10:53:53 - [TEST_STEP][PASSED] - selectOptionByIndex: All options with index in [7] are selected on object 'Object Repository/HealthpostToStore/Page_HealthPost Store/select_--Select--Schedule 1Inj'

2018-05-28 10:53:53 - [MESSAGE][PASSED] - All options with index in [7] are selected on object 'Object Repository/HealthpostToStore/Page_HealthPost Store/select_--Select--Schedule 1Inj'

2018-05-28 10:53:53 - [TEST_STEP][PASSED] - delay: Delayed 1 second(s)

2018-05-28 10:53:54 - [MESSAGE][PASSED] - Delayed 1 second(s)

2018-05-28 10:53:54 - [TEST_STEP][PASSED] - selectOptionByIndex: All options with index in [16] are selected on object 'Object Repository/HealthpostToStore/Page_HealthPost Store/select_--Select--Adernaline 0.'

2018-05-28 10:53:54 - [MESSAGE][PASSED] - All options with index in [16] are selected on object 'Object Repository/HealthpostToStore/Page_HealthPost Store/select_--Select--Adernaline 0.'

2018-05-28 10:53:54 - [TEST_STEP][PASSED] - setText: Text '10' is set on object 'Object Repository/HealthpostToStore/Page_HealthPost Store/input_txttreat'

2018-05-28 10:53:54 - [MESSAGE][PASSED] - Text '10' is set on object 'Object Repository/HealthpostToStore/Page_HealthPost Store/input_txttreat'

2018-05-28 10:53:54 - [TEST_STEP][PASSED] - click: Object: 'Object Repository/HealthpostToStore/Page_HealthPost Store/button_Add' is clicked on

2018-05-28 10:53:54 - [MESSAGE][PASSED] - Object: 'Object Repository/HealthpostToStore/Page_HealthPost Store/button_Add' is clicked on

2018-05-28 10:53:54 - [TEST_STEP][PASSED] - selectOptionByIndex: All options with index in [7] are selected on object 'Object Repository/HealthpostToStore/Page_HealthPost Store/select_--Select--Schedule 1Inj'

2018-05-28 10:53:54 - [MESSAGE][PASSED] - All options with index in [7] are selected on object 'Object Repository/HealthpostToStore/Page_HealthPost Store/select_--Select--Schedule 1Inj'

2018-05-28 10:53:54 - [TEST_STEP][PASSED] - delay: Delayed 1 second(s)

2018-05-28 10:53:55 - [MESSAGE][PASSED] - Delayed 1 second(s)

2018-05-28 10:53:55 - [TEST_STEP][PASSED] - selectOptionByIndex: All options with index in [17] are selected on object 'Object Repository/HealthpostToStore/Page_HealthPost Store/select_--Select--Adernaline 0.'

2018-05-28 10:53:56 - [MESSAGE][PASSED] - All options with index in [17] are selected on object 'Object Repository/HealthpostToStore/Page_HealthPost Store/select_--Select--Adernaline 0.'

2018-05-28 10:53:56 - [TEST_STEP][PASSED] - setText: Text '10' is set on object 'Object Repository/HealthpostToStore/Page_HealthPost Store/input_txttreat'

2018-05-28 10:53:56 - [MESSAGE][PASSED] - Text '10' is set on object 'Object Repository/HealthpostToStore/Page_HealthPost Store/input_txttreat'

2018-05-28 10:53:56 - [TEST_STEP][PASSED] - click: Object: 'Object Repository/HealthpostToStore/Page_HealthPost Store/button_Add' is clicked on

2018-05-28 10:53:56 - [MESSAGE][PASSED] - Object: 'Object Repository/HealthpostToStore/Page_HealthPost Store/button_Add' is clicked on

2018-05-28 10:53:56 - [TEST_STEP][PASSED] - selectOptionByIndex: All options with index in [7] are selected on object 'Object Repository/HealthpostToStore/Page_HealthPost Store/select_--Select--Schedule 1Inj'

2018-05-28 10:53:56 - [MESSAGE][PASSED] - All options with index in [7] are selected on object 'Object Repository/HealthpostToStore/Page_HealthPost Store/select_--Select--Schedule 1Inj'

2018-05-28 10:53:56 - [TEST_STEP][PASSED] - delay: Delayed 1 second(s)

2018-05-28 10:53:57 - [MESSAGE][PASSED] - Delayed 1 second(s)

2018-05-28 10:53:57 - [TEST_STEP][PASSED] - selectOptionByIndex: All options with index in [18] are selected on object 'Object Repository/HealthpostToStore/Page_HealthPost Store/select_--Select--Adernaline 0.'

2018-05-28 10:53:57 - [MESSAGE][PASSED] - All options with index in [18] are selected on object 'Object Repository/HealthpostToStore/Page_HealthPost Store/select_--Select--Adernaline 0.'

2018-05-28 10:53:57 - [TEST_STEP][PASSED] - setText: Text '10' is set on object 'Object Repository/HealthpostToStore/Page_HealthPost Store/input_txttreat'

2018-05-28 10:53:58 - [MESSAGE][PASSED] - Text '10' is set on object 'Object Repository/HealthpostToStore/Page_HealthPost Store/input_txttreat'

2018-05-28 10:53:58 - [TEST_STEP][PASSED] - click: Object: 'Object Repository/HealthpostToStore/Page_HealthPost Store/button_Add' is clicked on

2018-05-28 10:53:58 - [MESSAGE][PASSED] - Object: 'Object Repository/HealthpostToStore/Page_HealthPost Store/button_Add' is clicked on

2018-05-28 10:53:58 - [TEST_STEP][PASSED] - selectOptionByIndex: All options with index in [7] are selected on object 'Object Repository/HealthpostToStore/Page_HealthPost Store/select_--Select--Schedule 1Inj'

2018-05-28 10:53:58 - [MESSAGE][PASSED] - All options with index in [7] are selected on object 'Object Repository/HealthpostToStore/Page_HealthPost Store/select_--Select--Schedule 1Inj'

2018-05-28 10:53:58 - [TEST_STEP][PASSED] - delay: Delayed 1 second(s)

2018-05-28 10:53:59 - [MESSAGE][PASSED] - Delayed 1 second(s)

2018-05-28 10:53:59 - [TEST_STEP][PASSED] - selectOptionByIndex: All options with index in [19] are selected on object 'Object Repository/HealthpostToStore/Page_HealthPost Store/select_--Select--Adernaline 0.'

2018-05-28 10:53:59 - [MESSAGE][PASSED] - All options with index in [19] are selected on object 'Object Repository/HealthpostToStore/Page_HealthPost Store/select_--Select--Adernaline 0.'

2018-05-28 10:53:59 - [TEST_STEP][PASSED] - setText: Text '10' is set on object 'Object Repository/HealthpostToStore/Page_HealthPost Store/input_txttreat'

2018-05-28 10:53:59 - [MESSAGE][PASSED] - Text '10' is set on object 'Object Repository/HealthpostToStore/Page_HealthPost Store/input_txttreat'

2018-05-28 10:53:59 - [TEST_STEP][PASSED] - click: Object: 'Object Repository/HealthpostToStore/Page_HealthPost Store/button_Add' is clicked on

2018-05-28 10:53:59 - [MESSAGE][PASSED] - Object: 'Object Repository/HealthpostToStore/Page_HealthPost Store/button_Add' is clicked on

2018-05-28 10:53:59 - [TEST_STEP][PASSED] - selectOptionByIndex: All options with index in [7] are selected on object 'Object Repository/HealthpostToStore/Page_HealthPost Store/select_--Select--Schedule 1Inj'

2018-05-28 10:54:00 - [MESSAGE][PASSED] - All options with index in [7] are selected on object 'Object Repository/HealthpostToStore/Page_HealthPost Store/select_--Select--Schedule 1Inj'

2018-05-28 10:54:00 - [TEST_STEP][PASSED] - delay: Delayed 1 second(s)

2018-05-28 10:54:01 - [MESSAGE][PASSED] - Delayed 1 second(s)

2018-05-28 10:54:01 - [TEST_STEP][PASSED] - selectOptionByIndex: All options with index in [20] are selected on object 'Object Repository/HealthpostToStore/Page_HealthPost Store/select_--Select--Adernaline 0.'

2018-05-28 10:54:01 - [MESSAGE][PASSED] - All options with index in [20] are selected on object 'Object Repository/HealthpostToStore/Page_HealthPost Store/select_--Select--Adernaline 0.'

2018-05-28 10:54:01 - [TEST_STEP][PASSED] - setText: Text '10' is set on object 'Object Repository/HealthpostToStore/Page_HealthPost Store/input_txttreat'

2018-05-28 10:54:01 - [MESSAGE][PASSED] - Text '10' is set on object 'Object Repository/HealthpostToStore/Page_HealthPost Store/input_txttreat'

2018-05-28 10:54:01 - [TEST_STEP][PASSED] - click: Object: 'Object Repository/HealthpostToStore/Page_HealthPost Store/button_Add' is clicked on

2018-05-28 10:54:01 - [MESSAGE][PASSED] - Object: 'Object Repository/HealthpostToStore/Page_HealthPost Store/button_Add' is clicked on

2018-05-28 10:54:01 - [TEST_STEP][PASSED] - selectOptionByIndex: All options with index in [7] are selected on object 'Object Repository/HealthpostToStore/Page_HealthPost Store/select_--Select--Schedule 1Inj'

2018-05-28 10:54:01 - [MESSAGE][PASSED] - All options with index in [7] are selected on object 'Object Repository/HealthpostToStore/Page_HealthPost Store/select_--Select--Schedule 1Inj'

2018-05-28 10:54:01 - [TEST_STEP][PASSED] - delay: Delayed 1 second(s)

2018-05-28 10:54:02 - [MESSAGE][PASSED] - Delayed 1 second(s)

2018-05-28 10:54:02 - [TEST_STEP][PASSED] - selectOptionByIndex: All options with index in [21] are selected on object 'Object Repository/HealthpostToStore/Page_HealthPost Store/select_--Select--Adernaline 0.'

2018-05-28 10:54:03 - [MESSAGE][PASSED] - All options with index in [21] are selected on object 'Object Repository/HealthpostToStore/Page_HealthPost Store/select_--Select--Adernaline 0.'

2018-05-28 10:54:03 - [TEST_STEP][PASSED] - setText: Text '10' is set on object 'Object Repository/HealthpostToStore/Page_HealthPost Store/input_txttreat'

2018-05-28 10:54:03 - [MESSAGE][PASSED] - Text '10' is set on object 'Object Repository/HealthpostToStore/Page_HealthPost Store/input_txttreat'

2018-05-28 10:54:03 - [TEST_STEP][PASSED] - click: Object: 'Object Repository/HealthpostToStore/Page_HealthPost Store/button_Add' is clicked on

2018-05-28 10:54:03 - [MESSAGE][PASSED] - Object: 'Object Repository/HealthpostToStore/Page_HealthPost Store/button_Add' is clicked on

2018-05-28 10:54:03 - [TEST_STEP][PASSED] - selectOptionByIndex: All options with index in [7] are selected on object 'Object Repository/HealthpostToStore/Page_HealthPost Store/select_--Select--Schedule 1Inj'

2018-05-28 10:54:03 - [MESSAGE][PASSED] - All options with index in [7] are selected on object 'Object Repository/HealthpostToStore/Page_HealthPost Store/select_--Select--Schedule 1Inj'

2018-05-28 10:54:03 - [TEST_STEP][PASSED] - delay: Delayed 1 second(s)

2018-05-28 10:54:04 - [MESSAGE][PASSED] - Delayed 1 second(s)

2018-05-28 10:54:04 - [TEST_STEP][PASSED] - selectOptionByIndex: All options with index in [22] are selected on object 'Object Repository/HealthpostToStore/Page_HealthPost Store/select_--Select--Adernaline 0.'

2018-05-28 10:54:04 - [MESSAGE][PASSED] - All options with index in [22] are selected on object 'Object Repository/HealthpostToStore/Page_HealthPost Store/select_--Select--Adernaline 0.'

2018-05-28 10:54:04 - [TEST_STEP][PASSED] - setText: Text '10' is set on object 'Object Repository/HealthpostToStore/Page_HealthPost Store/input_txttreat'

2018-05-28 10:54:05 - [MESSAGE][PASSED] - Text '10' is set on object 'Object Repository/HealthpostToStore/Page_HealthPost Store/input_txttreat'

2018-05-28 10:54:05 - [TEST_STEP][PASSED] - click: Object: 'Object Repository/HealthpostToStore/Page_HealthPost Store/button_Add' is clicked on

2018-05-28 10:54:05 - [MESSAGE][PASSED] - Object: 'Object Repository/HealthpostToStore/Page_HealthPost Store/button_Add' is clicked on

2018-05-28 10:54:05 - [TEST_STEP][PASSED] - selectOptionByIndex: All options with index in [7] are selected on object 'Object Repository/HealthpostToStore/Page_HealthPost Store/select_--Select--Schedule 1Inj'

2018-05-28 10:54:05 - [MESSAGE][PASSED] - All options with index in [7] are selected on object 'Object Repository/HealthpostToStore/Page_HealthPost Store/select_--Select--Schedule 1Inj'

2018-05-28 10:54:05 - [TEST_STEP][PASSED] - delay: Delayed 1 second(s)

2018-05-28 10:54:06 - [MESSAGE][PASSED] - Delayed 1 second(s)

2018-05-28 10:54:06 - [TEST_STEP][PASSED] - selectOptionByIndex: All options with index in [23] are selected on object 'Object Repository/HealthpostToStore/Page_HealthPost Store/select_--Select--Adernaline 0.'

2018-05-28 10:54:06 - [MESSAGE][PASSED] - All options with index in [23] are selected on object 'Object Repository/HealthpostToStore/Page_HealthPost Store/select_--Select--Adernaline 0.'

2018-05-28 10:54:06 - [TEST_STEP][PASSED] - setText: Text '10' is set on object 'Object Repository/HealthpostToStore/Page_HealthPost Store/input_txttreat'

2018-05-28 10:54:06 - [MESSAGE][PASSED] - Text '10' is set on object 'Object Repository/HealthpostToStore/Page_HealthPost Store/input_txttreat'

2018-05-28 10:54:06 - [TEST_STEP][PASSED] - click: Object: 'Object Repository/HealthpostToStore/Page_HealthPost Store/button_Add' is clicked on

2018-05-28 10:54:06 - [MESSAGE][PASSED] - Object: 'Object Repository/HealthpostToStore/Page_HealthPost Store/button_Add' is clicked on

2018-05-28 10:54:06 - [TEST_STEP][PASSED] - scrollToElement: Scroll to object 'Object Repository/HealthpostToStore/Page_HealthPost Store/input_btnsave' successfully

2018-05-28 10:54:06 - [MESSAGE][PASSED] - Scroll to object 'Object Repository/HealthpostToStore/Page_HealthPost Store/input_btnsave' successfully

2018-05-28 10:54:06 - [TEST_STEP][PASSED] - click: Object: 'Object Repository/HealthpostToStore/Page_HealthPost Store/input_btnsave' is clicked on

2018-05-28 10:54:06 - [MESSAGE][PASSED] - Object: 'Object Repository/HealthpostToStore/Page_HealthPost Store/input_btnsave' is clicked on

2018-05-28 10:54:06 - [TEST_STEP][PASSED] - delay: Delayed 3 second(s)

2018-05-28 10:54:09 - [MESSAGE][PASSED] - Delayed 3 second(s)

2018-05-28 10:54:09 - [TEST_STEP][PASSED] - Statement - RN1 = com.kms.katalon.core.webui.keyword.WebUiBuiltInKeywords.getText(com.kms.katalon.core.testobject.ObjectRepository.findTestObject(HealthpostToStore/Page_HealthPost Store/font_HPRNO180520187)): Text of object 'Object Repository/HealthpostToStore/Page_HealthPost Store/font_HPRNO180520187' is: 'HPRNO/28052018/115'

2018-05-28 10:54:09 - [MESSAGE][PASSED] - Text of object 'Object Repository/HealthpostToStore/Page_HealthPost Store/font_HPRNO180520187' is: 'HPRNO/28052018/115'

2018-05-28 10:54:09 - [TEST_STEP][PASSED] - Statement - out.println(RN1): null

2018-05-28 10:54:09 - [TEST_STEP][PASSED] - Statement - RID = RN1.split("/")[2]: null

2018-05-28 10:54:09 - [TEST_STEP][PASSED] - click: Object: 'Object Repository/HealthpostToStore/Page_HealthPost Store/button_OK' is clicked on

2018-05-28 10:54:10 - [MESSAGE][PASSED] - Object: 'Object Repository/HealthpostToStore/Page_HealthPost Store/button_OK' is clicked on

2018-05-28 10:54:10 - [TEST_STEP][PASSED] - delay: Delayed 3 second(s)

2018-05-28 10:54:13 - [MESSAGE][PASSED] - Delayed 3 second(s)

2018-05-28 10:54:13 - [TEST_STEP][PASSED] - click: Object: 'Object Repository/HealthpostToStore/Page_HealthPost Store/a_dropdown-toggle' is clicked on

2018-05-28 10:54:13 - [MESSAGE][PASSED] - Object: 'Object Repository/HealthpostToStore/Page_HealthPost Store/a_dropdown-toggle' is clicked on

2018-05-28 10:54:13 - [TEST_STEP][PASSED] - click: Object: 'Object Repository/HealthpostToStore/Page_HealthPost Store/a_Sign out' is clicked on

2018-05-28 10:54:14 - [MESSAGE][PASSED] - Object: 'Object Repository/HealthpostToStore/Page_HealthPost Store/a_Sign out' is clicked on

2018-05-28 10:54:14 - [TEST_STEP][PASSED] - delay: Delayed 3 second(s)

2018-05-28 10:54:17 - [MESSAGE][PASSED] - Delayed 3 second(s)

2018-05-28 10:54:17 - [TEST_STEP][PASSED] - navigateToUrl: Navigate to 'http://192.168.137.1/multihospital_new/' successfully

2018-05-28 10:54:17 - [MESSAGE][PASSED] - Navigate to 'http://192.168.137.1/multihospital_new/' successfully

2018-05-28 10:54:17 - [TEST_STEP][PASSED] - click: Object: 'Object Repository/HealthpostToStore/Page_KDMC/a_CMO' is clicked on

2018-05-28 10:54:18 - [MESSAGE][PASSED] - Object: 'Object Repository/HealthpostToStore/Page_KDMC/a_CMO' is clicked on

2018-05-28 10:54:18 - [TEST_STEP][PASSED] - setText: Text 'guru' is set on object 'Object Repository/HealthpostToStore/Page_CMO login/input_txtusername'

2018-05-28 10:54:18 - [MESSAGE][PASSED] - Text 'guru' is set on object 'Object Repository/HealthpostToStore/Page_CMO login/input_txtusername'

2018-05-28 10:54:18 - [TEST_STEP][PASSED] - setText: Text '123' is set on object 'Object Repository/HealthpostToStore/Page_CMO login/input_txtpassword'

2018-05-28 10:54:18 - [MESSAGE][PASSED] - Text '123' is set on object 'Object Repository/HealthpostToStore/Page_CMO login/input_txtpassword'

2018-05-28 10:54:18 - [TEST_STEP][PASSED] - delay: Delayed 3 second(s)

2018-05-28 10:54:21 - [MESSAGE][PASSED] - Delayed 3 second(s)

2018-05-28 10:54:21 - [TEST_STEP][PASSED] - click: Object: 'Object Repository/HealthpostToStore/Page_CMO login/button_Sign in' is clicked on

2018-05-28 10:54:22 - [MESSAGE][PASSED] - Object: 'Object Repository/HealthpostToStore/Page_CMO login/button_Sign in' is clicked on

2018-05-28 10:54:22 - [TEST_STEP][PASSED] - click: Object: 'Object Repository/HealthpostToStore/Page_KDMC - CMO/a_Department Wise Request' is clicked on

2018-05-28 10:54:24 - [MESSAGE][PASSED] - Object: 'Object Repository/HealthpostToStore/Page_KDMC - CMO/a_Department Wise Request' is clicked on

2018-05-28 10:54:24 - [TEST_STEP][PASSED] - delay: Delayed 2 second(s)

2018-05-28 10:54:26 - [MESSAGE][PASSED] - Delayed 2 second(s)

2018-05-28 10:54:26 - [TEST_STEP][PASSED] - selectOptionByIndex: All options with index in [5] are selected on object 'Object Repository/HealthpostToStore/Page_KDMC - CMO/select_--ALL--'

2018-05-28 10:54:26 - [MESSAGE][PASSED] - All options with index in [5] are selected on object 'Object Repository/HealthpostToStore/Page_KDMC - CMO/select_--ALL--'

2018-05-28 10:54:26 - [TEST_STEP][PASSED] - click: Object: 'Object Repository/HealthpostToStore/Page_KDMC - CMO/input_btnsearch' is clicked on

2018-05-28 10:54:26 - [MESSAGE][PASSED] - Object: 'Object Repository/HealthpostToStore/Page_KDMC - CMO/input_btnsearch' is clicked on

2018-05-28 10:54:26 - [TEST_STEP][PASSED] - selectOptionByIndex: All options with index in [1] are selected on object 'Object Repository/HealthpostToStore/Page_KDMC - CMO/select_--ALL--                _1'

2018-05-28 10:54:26 - [MESSAGE][PASSED] - All options with index in [1] are selected on object 'Object Repository/HealthpostToStore/Page_KDMC - CMO/select_--ALL--                _1'

2018-05-28 10:54:26 - [TEST_STEP][PASSED] - click: Object: 'Object Repository/HealthpostToStore/Page_KDMC - CMO/input_btnsearch' is clicked on

2018-05-28 10:54:26 - [MESSAGE][PASSED] - Object: 'Object Repository/HealthpostToStore/Page_KDMC - CMO/input_btnsearch' is clicked on

2018-05-28 10:54:26 - [TEST_STEP][PASSED] - Statement - ID = com.kms.katalon.core.webui.keyword.WebUiBuiltInKeywords.modifyObjectProperty(com.kms.katalon.core.testobject.ObjectRepository.findTestObject(lab/Page_KDMC - CMO/input_1), "xpath", "equals", "//*[@id=" + RID + "]", true): Modify property of object successfully

2018-05-28 10:54:26 - [MESSAGE][PASSED] - Modify property of object successfully

2018-05-28 10:54:26 - [TEST_STEP][PASSED] - click: Object: 'Object Repository/lab/Page_KDMC - CMO/input_1' is clicked on

2018-05-28 10:54:27 - [MESSAGE][PASSED] - Object: 'Object Repository/lab/Page_KDMC - CMO/input_1' is clicked on

2018-05-28 10:54:27 - [TEST_STEP][PASSED] - delay: Delayed 2 second(s)

2018-05-28 10:54:29 - [MESSAGE][PASSED] - Delayed 2 second(s)

2018-05-28 10:54:29 - [TEST_STEP][PASSED] - selectOptionByIndex: All options with index in [1] are selected on object 'Object Repository/HealthpostToStore/Page_KDMC - CMO/select_--Select--'

2018-05-28 10:54:29 - [MESSAGE][PASSED] - All options with index in [1] are selected on object 'Object Repository/HealthpostToStore/Page_KDMC - CMO/select_--Select--'

2018-05-28 10:54:29 - [TEST_STEP][PASSED] - click: Object: 'Object Repository/HealthpostToStore/Page_KDMC - CMO/input_btnupdate' is clicked on

2018-05-28 10:54:29 - [MESSAGE][PASSED] - Object: 'Object Repository/HealthpostToStore/Page_KDMC - CMO/input_btnupdate' is clicked on

2018-05-28 10:54:29 - [TEST_STEP][PASSED] - delay: Delayed 2 second(s)

2018-05-28 10:54:31 - [MESSAGE][PASSED] - Delayed 2 second(s)

2018-05-28 10:54:31 - [TEST_STEP][PASSED] - click: Object: 'Object Repository/HealthpostToStore/Page_KDMC - CMO/button_OK' is clicked on

2018-05-28 10:54:32 - [MESSAGE][PASSED] - Object: 'Object Repository/HealthpostToStore/Page_KDMC - CMO/button_OK' is clicked on

2018-05-28 10:54:32 - [TEST_STEP][PASSED] - delay: Delayed 2 second(s)

2018-05-28 10:54:34 - [MESSAGE][PASSED] - Delayed 2 second(s)

2018-05-28 10:54:34 - [TEST_STEP][PASSED] - click: Object: 'Object Repository/HealthpostToStore/Page_KDMC - CMO/a_dropdown-toggle' is clicked on

2018-05-28 10:54:34 - [MESSAGE][PASSED] - Object: 'Object Repository/HealthpostToStore/Page_KDMC - CMO/a_dropdown-toggle' is clicked on

2018-05-28 10:54:34 - [TEST_STEP][PASSED] - click: Object: 'Object Repository/HealthpostToStore/Page_KDMC - CMO/a_Sign out' is clicked on

2018-05-28 10:54:34 - [MESSAGE][PASSED] - Object: 'Object Repository/HealthpostToStore/Page_KDMC - CMO/a_Sign out' is clicked on

2018-05-28 10:54:34 - [TEST_STEP][PASSED] - delay: Delayed 3 second(s)

2018-05-28 10:54:37 - [MESSAGE][PASSED] - Delayed 3 second(s)

2018-05-28 10:54:37 - [TEST_STEP][PASSED] - click: Object: 'Object Repository/HealthpostToStore/Page_KDMC/a_Divisional Store' is clicked on

2018-05-28 10:54:38 - [MESSAGE][PASSED] - Object: 'Object Repository/HealthpostToStore/Page_KDMC/a_Divisional Store' is clicked on

2018-05-28 10:54:38 - [TEST_STEP][PASSED] - setText: Text 'ragu' is set on object 'Object Repository/HealthpostToStore/Page_Divisonal Store Login/input_txtusername'

2018-05-28 10:54:38 - [MESSAGE][PASSED] - Text 'ragu' is set on object 'Object Repository/HealthpostToStore/Page_Divisonal Store Login/input_txtusername'

2018-05-28 10:54:38 - [TEST_STEP][PASSED] - setText: Text '123' is set on object 'Object Repository/HealthpostToStore/Page_Divisonal Store Login/input_txtpassword'

2018-05-28 10:54:38 - [MESSAGE][PASSED] - Text '123' is set on object 'Object Repository/HealthpostToStore/Page_Divisonal Store Login/input_txtpassword'

2018-05-28 10:54:38 - [TEST_STEP][PASSED] - delay: Delayed 3 second(s)

2018-05-28 10:54:41 - [MESSAGE][PASSED] - Delayed 3 second(s)

2018-05-28 10:54:41 - [TEST_STEP][PASSED] - click: Object: 'Object Repository/HealthpostToStore/Page_Divisonal Store Login/button_Sign in' is clicked on

2018-05-28 10:54:43 - [MESSAGE][PASSED] - Object: 'Object Repository/HealthpostToStore/Page_Divisonal Store Login/button_Sign in' is clicked on

2018-05-28 10:54:43 - [TEST_STEP][PASSED] - delay: Delayed 3 second(s)

2018-05-28 10:54:46 - [MESSAGE][PASSED] - Delayed 3 second(s)

2018-05-28 10:54:46 - [TEST_STEP][PASSED] - click: Object: 'Object Repository/HealthpostToStore/Page_Store/a_Health Post Request' is clicked on

2018-05-28 10:54:46 - [MESSAGE][PASSED] - Object: 'Object Repository/HealthpostToStore/Page_Store/a_Health Post Request' is clicked on

2018-05-28 10:54:46 - [TEST_STEP][PASSED] - click: Object: 'Object Repository/HealthpostToStore/Page_Store/a_Request Item HealthPost' is clicked on

2018-05-28 10:54:46 - [MESSAGE][PASSED] - Object: 'Object Repository/HealthpostToStore/Page_Store/a_Request Item HealthPost' is clicked on

2018-05-28 10:54:46 - [TEST_STEP][PASSED] - Statement - ChooseRequest = com.kms.katalon.core.webui.keyword.WebUiBuiltInKeywords.modifyObjectProperty(com.kms.katalon.core.testobject.ObjectRepository.findTestObject(lab/Page_Store/input_1), "xpath", "equals", "//*[@id=" + RID + "]", true): Modify property of object successfully

2018-05-28 10:54:46 - [MESSAGE][PASSED] - Modify property of object successfully

2018-05-28 10:54:46 - [TEST_STEP][PASSED] - click: Object: 'Object Repository/lab/Page_Store/input_1' is clicked on

2018-05-28 10:54:47 - [MESSAGE][PASSED] - Object: 'Object Repository/lab/Page_Store/input_1' is clicked on

2018-05-28 10:54:47 - [TEST_STEP][PASSED] - Statement - selectedoptions = com.kms.katalon.core.webui.keyword.WebUiBuiltInKeywords.getNumberOfTotalOption(com.kms.katalon.core.testobject.ObjectRepository.findTestObject(HealthpostToStore/Page_Store/select_--Select--Adernaline 0.)): 24 options of object 'Object Repository/HealthpostToStore/Page_Store/select_--Select--Adernaline 0.' counted

2018-05-28 10:54:47 - [MESSAGE][PASSED] - 24 options of object 'Object Repository/HealthpostToStore/Page_Store/select_--Select--Adernaline 0.' counted

2018-05-28 10:54:47 - [TEST_STEP][PASSED] - Statement - For ([a = 1, a <= selectedoptions - 1, (a++)]): null

2018-05-28 10:54:47 - [TEST_STEP][PASSED] - selectOptionByIndex: All options with index in [1] are selected on object 'Object Repository/HealthpostToStore/Page_Store/select_--Select--Adernaline 0.'

2018-05-28 10:54:48 - [MESSAGE][PASSED] - All options with index in [1] are selected on object 'Object Repository/HealthpostToStore/Page_Store/select_--Select--Adernaline 0.'

2018-05-28 10:54:48 - [TEST_STEP][PASSED] - delay: Delayed 2 second(s)

2018-05-28 10:54:50 - [MESSAGE][PASSED] - Delayed 2 second(s)

2018-05-28 10:54:50 - [TEST_STEP][PASSED] - Statement - RequestedQty = com.kms.katalon.core.webui.keyword.WebUiBuiltInKeywords.getAttribute(com.kms.katalon.core.testobject.ObjectRepository.findTestObject(HealthpostToStore/Page_Store/input_txttotal), "value"): Attribute 'value' of object 'Object Repository/HealthpostToStore/Page_Store/input_txttotal' is: '10'

2018-05-28 10:54:50 - [MESSAGE][PASSED] - Attribute 'value' of object 'Object Repository/HealthpostToStore/Page_Store/input_txttotal' is: '10'

2018-05-28 10:54:50 - [TEST_STEP][PASSED] - Statement - out.println("Requested QTY : " + RequestedQty): null

2018-05-28 10:54:50 - [TEST_STEP][PASSED] - Statement - BatchNumber = com.kms.katalon.core.webui.keyword.WebUiBuiltInKeywords.getNumberOfTotalOption(com.kms.katalon.core.testobject.ObjectRepository.findTestObject(HealthpostToStore/Page_Store/select_--Select--BA1170BA2376B)): 3 options of object 'Object Repository/HealthpostToStore/Page_Store/select_--Select--BA1170BA2376B' counted

2018-05-28 10:54:50 - [MESSAGE][PASSED] - 3 options of object 'Object Repository/HealthpostToStore/Page_Store/select_--Select--BA1170BA2376B' counted

2018-05-28 10:54:50 - [TEST_STEP][PASSED] - Statement - For ([g = 1, g <= BatchNumber - 1, (g++)]): null

2018-05-28 10:54:50 - [TEST_STEP][PASSED] - selectOptionByIndex: All options with index in [1] are selected on object 'Object Repository/HealthpostToStore/Page_Store/select_--Select--BA1170BA2376B'

2018-05-28 10:54:50 - [MESSAGE][PASSED] - All options with index in [1] are selected on object 'Object Repository/HealthpostToStore/Page_Store/select_--Select--BA1170BA2376B'

2018-05-28 10:54:50 - [TEST_STEP][PASSED] - Statement - Try: null

2018-05-28 10:54:50 - [TEST_STEP][PASSED] - Statement - StockQty = com.kms.katalon.core.webui.keyword.WebUiBuiltInKeywords.getAttribute(com.kms.katalon.core.testobject.ObjectRepository.findTestObject(HealthpostToStore/Page_Store/input_txtprice), "value"): Attribute 'value' of object 'Object Repository/HealthpostToStore/Page_Store/input_txtprice' is: '450'

2018-05-28 10:54:50 - [MESSAGE][PASSED] - Attribute 'value' of object 'Object Repository/HealthpostToStore/Page_Store/input_txtprice' is: '450'

2018-05-28 10:54:50 - [TEST_STEP][PASSED] - Statement - out.println("Stock QTY : " + StockQty): null

2018-05-28 10:54:50 - [TEST_STEP][PASSED] - delay: Delayed 2 second(s)

2018-05-28 10:54:52 - [MESSAGE][PASSED] - Delayed 2 second(s)

2018-05-28 10:54:52 - [TEST_STEP][PASSED] - Statement - If (java.lang.String.valueOf(StockQty) >= java.lang.String.valueOf(RequestedQty)): null

2018-05-28 10:54:52 - [TEST_STEP][PASSED] - setText: Text '10' is set on object 'Object Repository/HealthpostToStore/Page_Store/input_txtqty'

2018-05-28 10:54:52 - [MESSAGE][PASSED] - Text '10' is set on object 'Object Repository/HealthpostToStore/Page_Store/input_txtqty'

2018-05-28 10:54:52 - [TEST_STEP][PASSED] - click: Object: 'Object Repository/HealthpostToStore/Page_Store/button_Add' is clicked on

2018-05-28 10:54:52 - [MESSAGE][PASSED] - Object: 'Object Repository/HealthpostToStore/Page_Store/button_Add' is clicked on

2018-05-28 10:54:52 - [TEST_STEP][PASSED] - Statement - Break: null

2018-05-28 10:54:52 - [TEST_STEP][PASSED] - selectOptionByIndex: All options with index in [2] are selected on object 'Object Repository/HealthpostToStore/Page_Store/select_--Select--Adernaline 0.'

2018-05-28 10:54:52 - [MESSAGE][PASSED] - All options with index in [2] are selected on object 'Object Repository/HealthpostToStore/Page_Store/select_--Select--Adernaline 0.'

2018-05-28 10:54:52 - [TEST_STEP][PASSED] - delay: Delayed 2 second(s)

2018-05-28 10:54:54 - [MESSAGE][PASSED] - Delayed 2 second(s)

2018-05-28 10:54:54 - [TEST_STEP][PASSED] - Statement - RequestedQty = com.kms.katalon.core.webui.keyword.WebUiBuiltInKeywords.getAttribute(com.kms.katalon.core.testobject.ObjectRepository.findTestObject(HealthpostToStore/Page_Store/input_txttotal), "value"): Attribute 'value' of object 'Object Repository/HealthpostToStore/Page_Store/input_txttotal' is: '10'

2018-05-28 10:54:54 - [MESSAGE][PASSED] - Attribute 'value' of object 'Object Repository/HealthpostToStore/Page_Store/input_txttotal' is: '10'

2018-05-28 10:54:54 - [TEST_STEP][PASSED] - Statement - out.println("Requested QTY : " + RequestedQty): null

2018-05-28 10:54:54 - [TEST_STEP][PASSED] - Statement - BatchNumber = com.kms.katalon.core.webui.keyword.WebUiBuiltInKeywords.getNumberOfTotalOption(com.kms.katalon.core.testobject.ObjectRepository.findTestObject(HealthpostToStore/Page_Store/select_--Select--BA1170BA2376B)): 4 options of object 'Object Repository/HealthpostToStore/Page_Store/select_--Select--BA1170BA2376B' counted

2018-05-28 10:54:54 - [MESSAGE][PASSED] - 4 options of object 'Object Repository/HealthpostToStore/Page_Store/select_--Select--BA1170BA2376B' counted

2018-05-28 10:54:54 - [TEST_STEP][PASSED] - Statement - For ([g = 1, g <= BatchNumber - 1, (g++)]): null

2018-05-28 10:54:54 - [TEST_STEP][PASSED] - selectOptionByIndex: All options with index in [1] are selected on object 'Object Repository/HealthpostToStore/Page_Store/select_--Select--BA1170BA2376B'

2018-05-28 10:54:55 - [MESSAGE][PASSED] - All options with index in [1] are selected on object 'Object Repository/HealthpostToStore/Page_Store/select_--Select--BA1170BA2376B'

2018-05-28 10:54:55 - [TEST_STEP][PASSED] - Statement - Try: null

2018-05-28 10:54:55 - [TEST_STEP][PASSED] - Statement - StockQty = com.kms.katalon.core.webui.keyword.WebUiBuiltInKeywords.getAttribute(com.kms.katalon.core.testobject.ObjectRepository.findTestObject(HealthpostToStore/Page_Store/input_txtprice), "value"): Attribute 'value' of object 'Object Repository/HealthpostToStore/Page_Store/input_txtprice' is: '100'

2018-05-28 10:54:55 - [MESSAGE][PASSED] - Attribute 'value' of object 'Object Repository/HealthpostToStore/Page_Store/input_txtprice' is: '100'

2018-05-28 10:54:55 - [TEST_STEP][PASSED] - Statement - out.println("Stock QTY : " + StockQty): null

2018-05-28 10:54:55 - [TEST_STEP][PASSED] - delay: Delayed 2 second(s)

2018-05-28 10:54:57 - [MESSAGE][PASSED] - Delayed 2 second(s)

2018-05-28 10:54:57 - [TEST_STEP][PASSED] - Statement - If (java.lang.String.valueOf(StockQty) >= java.lang.String.valueOf(RequestedQty)): null

2018-05-28 10:54:57 - [TEST_STEP][PASSED] - setText: Text '10' is set on object 'Object Repository/HealthpostToStore/Page_Store/input_txtqty'

2018-05-28 10:54:57 - [MESSAGE][PASSED] - Text '10' is set on object 'Object Repository/HealthpostToStore/Page_Store/input_txtqty'

2018-05-28 10:54:57 - [TEST_STEP][PASSED] - click: Object: 'Object Repository/HealthpostToStore/Page_Store/button_Add' is clicked on

2018-05-28 10:54:57 - [MESSAGE][PASSED] - Object: 'Object Repository/HealthpostToStore/Page_Store/button_Add' is clicked on

2018-05-28 10:54:57 - [TEST_STEP][PASSED] - Statement - Break: null

2018-05-28 10:54:57 - [TEST_STEP][PASSED] - selectOptionByIndex: All options with index in [3] are selected on object 'Object Repository/HealthpostToStore/Page_Store/select_--Select--Adernaline 0.'

2018-05-28 10:54:57 - [MESSAGE][PASSED] - All options with index in [3] are selected on object 'Object Repository/HealthpostToStore/Page_Store/select_--Select--Adernaline 0.'

2018-05-28 10:54:57 - [TEST_STEP][PASSED] - delay: Delayed 2 second(s)

2018-05-28 10:54:59 - [MESSAGE][PASSED] - Delayed 2 second(s)

2018-05-28 10:54:59 - [TEST_STEP][PASSED] - Statement - RequestedQty = com.kms.katalon.core.webui.keyword.WebUiBuiltInKeywords.getAttribute(com.kms.katalon.core.testobject.ObjectRepository.findTestObject(HealthpostToStore/Page_Store/input_txttotal), "value"): Attribute 'value' of object 'Object Repository/HealthpostToStore/Page_Store/input_txttotal' is: '10'

2018-05-28 10:54:59 - [MESSAGE][PASSED] - Attribute 'value' of object 'Object Repository/HealthpostToStore/Page_Store/input_txttotal' is: '10'

2018-05-28 10:54:59 - [TEST_STEP][PASSED] - Statement - out.println("Requested QTY : " + RequestedQty): null

2018-05-28 10:54:59 - [TEST_STEP][PASSED] - Statement - BatchNumber = com.kms.katalon.core.webui.keyword.WebUiBuiltInKeywords.getNumberOfTotalOption(com.kms.katalon.core.testobject.ObjectRepository.findTestObject(HealthpostToStore/Page_Store/select_--Select--BA1170BA2376B)): 3 options of object 'Object Repository/HealthpostToStore/Page_Store/select_--Select--BA1170BA2376B' counted

2018-05-28 10:54:59 - [MESSAGE][PASSED] - 3 options of object 'Object Repository/HealthpostToStore/Page_Store/select_--Select--BA1170BA2376B' counted

2018-05-28 10:54:59 - [TEST_STEP][PASSED] - Statement - For ([g = 1, g <= BatchNumber - 1, (g++)]): null

2018-05-28 10:54:59 - [TEST_STEP][PASSED] - selectOptionByIndex: All options with index in [1] are selected on object 'Object Repository/HealthpostToStore/Page_Store/select_--Select--BA1170BA2376B'

2018-05-28 10:54:59 - [MESSAGE][PASSED] - All options with index in [1] are selected on object 'Object Repository/HealthpostToStore/Page_Store/select_--Select--BA1170BA2376B'

2018-05-28 10:54:59 - [TEST_STEP][PASSED] - Statement - Try: null

2018-05-28 10:54:59 - [TEST_STEP][PASSED] - Statement - StockQty = com.kms.katalon.core.webui.keyword.WebUiBuiltInKeywords.getAttribute(com.kms.katalon.core.testobject.ObjectRepository.findTestObject(HealthpostToStore/Page_Store/input_txtprice), "value"): Attribute 'value' of object 'Object Repository/HealthpostToStore/Page_Store/input_txtprice' is: '450'

2018-05-28 10:54:59 - [MESSAGE][PASSED] - Attribute 'value' of object 'Object Repository/HealthpostToStore/Page_Store/input_txtprice' is: '450'

2018-05-28 10:54:59 - [TEST_STEP][PASSED] - Statement - out.println("Stock QTY : " + StockQty): null

2018-05-28 10:54:59 - [TEST_STEP][PASSED] - delay: Delayed 2 second(s)

2018-05-28 10:55:01 - [MESSAGE][PASSED] - Delayed 2 second(s)

2018-05-28 10:55:01 - [TEST_STEP][PASSED] - Statement - If (java.lang.String.valueOf(StockQty) >= java.lang.String.valueOf(RequestedQty)): null

2018-05-28 10:55:01 - [TEST_STEP][PASSED] - setText: Text '10' is set on object 'Object Repository/HealthpostToStore/Page_Store/input_txtqty'

2018-05-28 10:55:01 - [MESSAGE][PASSED] - Text '10' is set on object 'Object Repository/HealthpostToStore/Page_Store/input_txtqty'

2018-05-28 10:55:01 - [TEST_STEP][PASSED] - click: Object: 'Object Repository/HealthpostToStore/Page_Store/button_Add' is clicked on

2018-05-28 10:55:01 - [MESSAGE][PASSED] - Object: 'Object Repository/HealthpostToStore/Page_Store/button_Add' is clicked on

2018-05-28 10:55:01 - [TEST_STEP][PASSED] - Statement - Break: null

2018-05-28 10:55:01 - [TEST_STEP][PASSED] - selectOptionByIndex: All options with index in [4] are selected on object 'Object Repository/HealthpostToStore/Page_Store/select_--Select--Adernaline 0.'

2018-05-28 10:55:02 - [MESSAGE][PASSED] - All options with index in [4] are selected on object 'Object Repository/HealthpostToStore/Page_Store/select_--Select--Adernaline 0.'

2018-05-28 10:55:02 - [TEST_STEP][PASSED] - delay: Delayed 2 second(s)

2018-05-28 10:55:04 - [MESSAGE][PASSED] - Delayed 2 second(s)

2018-05-28 10:55:04 - [TEST_STEP][PASSED] - Statement - RequestedQty = com.kms.katalon.core.webui.keyword.WebUiBuiltInKeywords.getAttribute(com.kms.katalon.core.testobject.ObjectRepository.findTestObject(HealthpostToStore/Page_Store/input_txttotal), "value"): Attribute 'value' of object 'Object Repository/HealthpostToStore/Page_Store/input_txttotal' is: '10'

2018-05-28 10:55:04 - [MESSAGE][PASSED] - Attribute 'value' of object 'Object Repository/HealthpostToStore/Page_Store/input_txttotal' is: '10'

2018-05-28 10:55:04 - [TEST_STEP][PASSED] - Statement - out.println("Requested QTY : " + RequestedQty): null

2018-05-28 10:55:04 - [TEST_STEP][PASSED] - Statement - BatchNumber = com.kms.katalon.core.webui.keyword.WebUiBuiltInKeywords.getNumberOfTotalOption(com.kms.katalon.core.testobject.ObjectRepository.findTestObject(HealthpostToStore/Page_Store/select_--Select--BA1170BA2376B)): 3 options of object 'Object Repository/HealthpostToStore/Page_Store/select_--Select--BA1170BA2376B' counted

2018-05-28 10:55:04 - [MESSAGE][PASSED] - 3 options of object 'Object Repository/HealthpostToStore/Page_Store/select_--Select--BA1170BA2376B' counted

2018-05-28 10:55:04 - [TEST_STEP][PASSED] - Statement - For ([g = 1, g <= BatchNumber - 1, (g++)]): null

2018-05-28 10:55:04 - [TEST_STEP][PASSED] - selectOptionByIndex: All options with index in [1] are selected on object 'Object Repository/HealthpostToStore/Page_Store/select_--Select--BA1170BA2376B'

2018-05-28 10:55:04 - [MESSAGE][PASSED] - All options with index in [1] are selected on object 'Object Repository/HealthpostToStore/Page_Store/select_--Select--BA1170BA2376B'

2018-05-28 10:55:04 - [TEST_STEP][PASSED] - Statement - Try: null

2018-05-28 10:55:04 - [TEST_STEP][PASSED] - Statement - StockQty = com.kms.katalon.core.webui.keyword.WebUiBuiltInKeywords.getAttribute(com.kms.katalon.core.testobject.ObjectRepository.findTestObject(HealthpostToStore/Page_Store/input_txtprice), "value"): Attribute 'value' of object 'Object Repository/HealthpostToStore/Page_Store/input_txtprice' is: '450'

2018-05-28 10:55:04 - [MESSAGE][PASSED] - Attribute 'value' of object 'Object Repository/HealthpostToStore/Page_Store/input_txtprice' is: '450'

2018-05-28 10:55:04 - [TEST_STEP][PASSED] - Statement - out.println("Stock QTY : " + StockQty): null

2018-05-28 10:55:04 - [TEST_STEP][PASSED] - delay: Delayed 2 second(s)

2018-05-28 10:55:06 - [MESSAGE][PASSED] - Delayed 2 second(s)

2018-05-28 10:55:06 - [TEST_STEP][PASSED] - Statement - If (java.lang.String.valueOf(StockQty) >= java.lang.String.valueOf(RequestedQty)): null

2018-05-28 10:55:06 - [TEST_STEP][PASSED] - setText: Text '10' is set on object 'Object Repository/HealthpostToStore/Page_Store/input_txtqty'

2018-05-28 10:55:06 - [MESSAGE][PASSED] - Text '10' is set on object 'Object Repository/HealthpostToStore/Page_Store/input_txtqty'

2018-05-28 10:55:06 - [TEST_STEP][PASSED] - click: Object: 'Object Repository/HealthpostToStore/Page_Store/button_Add' is clicked on

2018-05-28 10:55:06 - [MESSAGE][PASSED] - Object: 'Object Repository/HealthpostToStore/Page_Store/button_Add' is clicked on

2018-05-28 10:55:06 - [TEST_STEP][PASSED] - Statement - Break: null

2018-05-28 10:55:06 - [TEST_STEP][PASSED] - selectOptionByIndex: All options with index in [5] are selected on object 'Object Repository/HealthpostToStore/Page_Store/select_--Select--Adernaline 0.'

2018-05-28 10:55:06 - [MESSAGE][PASSED] - All options with index in [5] are selected on object 'Object Repository/HealthpostToStore/Page_Store/select_--Select--Adernaline 0.'

2018-05-28 10:55:06 - [TEST_STEP][PASSED] - delay: Delayed 2 second(s)

2018-05-28 10:55:08 - [MESSAGE][PASSED] - Delayed 2 second(s)

2018-05-28 10:55:08 - [TEST_STEP][PASSED] - Statement - RequestedQty = com.kms.katalon.core.webui.keyword.WebUiBuiltInKeywords.getAttribute(com.kms.katalon.core.testobject.ObjectRepository.findTestObject(HealthpostToStore/Page_Store/input_txttotal), "value"): Attribute 'value' of object 'Object Repository/HealthpostToStore/Page_Store/input_txttotal' is: '10'

2018-05-28 10:55:08 - [MESSAGE][PASSED] - Attribute 'value' of object 'Object Repository/HealthpostToStore/Page_Store/input_txttotal' is: '10'

2018-05-28 10:55:08 - [TEST_STEP][PASSED] - Statement - out.println("Requested QTY : " + RequestedQty): null

2018-05-28 10:55:08 - [TEST_STEP][PASSED] - Statement - BatchNumber = com.kms.katalon.core.webui.keyword.WebUiBuiltInKeywords.getNumberOfTotalOption(com.kms.katalon.core.testobject.ObjectRepository.findTestObject(HealthpostToStore/Page_Store/select_--Select--BA1170BA2376B)): 4 options of object 'Object Repository/HealthpostToStore/Page_Store/select_--Select--BA1170BA2376B' counted

2018-05-28 10:55:08 - [MESSAGE][PASSED] - 4 options of object 'Object Repository/HealthpostToStore/Page_Store/select_--Select--BA1170BA2376B' counted

2018-05-28 10:55:08 - [TEST_STEP][PASSED] - Statement - For ([g = 1, g <= BatchNumber - 1, (g++)]): null

2018-05-28 10:55:08 - [TEST_STEP][PASSED] - selectOptionByIndex: All options with index in [1] are selected on object 'Object Repository/HealthpostToStore/Page_Store/select_--Select--BA1170BA2376B'

2018-05-28 10:55:09 - [MESSAGE][PASSED] - All options with index in [1] are selected on object 'Object Repository/HealthpostToStore/Page_Store/select_--Select--BA1170BA2376B'

2018-05-28 10:55:09 - [TEST_STEP][PASSED] - Statement - Try: null

2018-05-28 10:55:09 - [TEST_STEP][PASSED] - Statement - StockQty = com.kms.katalon.core.webui.keyword.WebUiBuiltInKeywords.getAttribute(com.kms.katalon.core.testobject.ObjectRepository.findTestObject(HealthpostToStore/Page_Store/input_txtprice), "value"): Attribute 'value' of object 'Object Repository/HealthpostToStore/Page_Store/input_txtprice' is: '100'

2018-05-28 10:55:09 - [MESSAGE][PASSED] - Attribute 'value' of object 'Object Repository/HealthpostToStore/Page_Store/input_txtprice' is: '100'

2018-05-28 10:55:09 - [TEST_STEP][PASSED] - Statement - out.println("Stock QTY : " + StockQty): null

2018-05-28 10:55:09 - [TEST_STEP][PASSED] - delay: Delayed 2 second(s)

2018-05-28 10:55:11 - [MESSAGE][PASSED] - Delayed 2 second(s)

2018-05-28 10:55:11 - [TEST_STEP][PASSED] - Statement - If (java.lang.String.valueOf(StockQty) >= java.lang.String.valueOf(RequestedQty)): null

2018-05-28 10:55:11 - [TEST_STEP][PASSED] - setText: Text '10' is set on object 'Object Repository/HealthpostToStore/Page_Store/input_txtqty'

2018-05-28 10:55:11 - [MESSAGE][PASSED] - Text '10' is set on object 'Object Repository/HealthpostToStore/Page_Store/input_txtqty'

2018-05-28 10:55:11 - [TEST_STEP][PASSED] - click: Object: 'Object Repository/HealthpostToStore/Page_Store/button_Add' is clicked on

2018-05-28 10:55:11 - [MESSAGE][PASSED] - Object: 'Object Repository/HealthpostToStore/Page_Store/button_Add' is clicked on

2018-05-28 10:55:11 - [TEST_STEP][PASSED] - Statement - Break: null

2018-05-28 10:55:11 - [TEST_STEP][PASSED] - selectOptionByIndex: All options with index in [6] are selected on object 'Object Repository/HealthpostToStore/Page_Store/select_--Select--Adernaline 0.'

2018-05-28 10:55:11 - [MESSAGE][PASSED] - All options with index in [6] are selected on object 'Object Repository/HealthpostToStore/Page_Store/select_--Select--Adernaline 0.'

2018-05-28 10:55:11 - [TEST_STEP][PASSED] - delay: Delayed 2 second(s)

2018-05-28 10:55:13 - [MESSAGE][PASSED] - Delayed 2 second(s)

2018-05-28 10:55:13 - [TEST_STEP][PASSED] - Statement - RequestedQty = com.kms.katalon.core.webui.keyword.WebUiBuiltInKeywords.getAttribute(com.kms.katalon.core.testobject.ObjectRepository.findTestObject(HealthpostToStore/Page_Store/input_txttotal), "value"): Attribute 'value' of object 'Object Repository/HealthpostToStore/Page_Store/input_txttotal' is: '10'

2018-05-28 10:55:13 - [MESSAGE][PASSED] - Attribute 'value' of object 'Object Repository/HealthpostToStore/Page_Store/input_txttotal' is: '10'

2018-05-28 10:55:13 - [TEST_STEP][PASSED] - Statement - out.println("Requested QTY : " + RequestedQty): null

2018-05-28 10:55:13 - [TEST_STEP][PASSED] - Statement - BatchNumber = com.kms.katalon.core.webui.keyword.WebUiBuiltInKeywords.getNumberOfTotalOption(com.kms.katalon.core.testobject.ObjectRepository.findTestObject(HealthpostToStore/Page_Store/select_--Select--BA1170BA2376B)): 3 options of object 'Object Repository/HealthpostToStore/Page_Store/select_--Select--BA1170BA2376B' counted

2018-05-28 10:55:13 - [MESSAGE][PASSED] - 3 options of object 'Object Repository/HealthpostToStore/Page_Store/select_--Select--BA1170BA2376B' counted

2018-05-28 10:55:13 - [TEST_STEP][PASSED] - Statement - For ([g = 1, g <= BatchNumber - 1, (g++)]): null

2018-05-28 10:55:13 - [TEST_STEP][PASSED] - selectOptionByIndex: All options with index in [1] are selected on object 'Object Repository/HealthpostToStore/Page_Store/select_--Select--BA1170BA2376B'

2018-05-28 10:55:13 - [MESSAGE][PASSED] - All options with index in [1] are selected on object 'Object Repository/HealthpostToStore/Page_Store/select_--Select--BA1170BA2376B'

2018-05-28 10:55:13 - [TEST_STEP][PASSED] - Statement - Try: null

2018-05-28 10:55:13 - [TEST_STEP][PASSED] - Statement - StockQty = com.kms.katalon.core.webui.keyword.WebUiBuiltInKeywords.getAttribute(com.kms.katalon.core.testobject.ObjectRepository.findTestObject(HealthpostToStore/Page_Store/input_txtprice), "value"): Attribute 'value' of object 'Object Repository/HealthpostToStore/Page_Store/input_txtprice' is: '450'

2018-05-28 10:55:13 - [MESSAGE][PASSED] - Attribute 'value' of object 'Object Repository/HealthpostToStore/Page_Store/input_txtprice' is: '450'

2018-05-28 10:55:13 - [TEST_STEP][PASSED] - Statement - out.println("Stock QTY : " + StockQty): null

2018-05-28 10:55:13 - [TEST_STEP][PASSED] - delay: Delayed 2 second(s)

2018-05-28 10:55:15 - [MESSAGE][PASSED] - Delayed 2 second(s)

2018-05-28 10:55:15 - [TEST_STEP][PASSED] - Statement - If (java.lang.String.valueOf(StockQty) >= java.lang.String.valueOf(RequestedQty)): null

2018-05-28 10:55:15 - [TEST_STEP][PASSED] - setText: Text '10' is set on object 'Object Repository/HealthpostToStore/Page_Store/input_txtqty'

2018-05-28 10:55:15 - [MESSAGE][PASSED] - Text '10' is set on object 'Object Repository/HealthpostToStore/Page_Store/input_txtqty'

2018-05-28 10:55:15 - [TEST_STEP][PASSED] - click: Object: 'Object Repository/HealthpostToStore/Page_Store/button_Add' is clicked on

2018-05-28 10:55:15 - [MESSAGE][PASSED] - Object: 'Object Repository/HealthpostToStore/Page_Store/button_Add' is clicked on

2018-05-28 10:55:15 - [TEST_STEP][PASSED] - Statement - Break: null

2018-05-28 10:55:15 - [TEST_STEP][PASSED] - selectOptionByIndex: All options with index in [7] are selected on object 'Object Repository/HealthpostToStore/Page_Store/select_--Select--Adernaline 0.'

2018-05-28 10:55:16 - [MESSAGE][PASSED] - All options with index in [7] are selected on object 'Object Repository/HealthpostToStore/Page_Store/select_--Select--Adernaline 0.'

2018-05-28 10:55:16 - [TEST_STEP][PASSED] - delay: Delayed 2 second(s)

2018-05-28 10:55:18 - [MESSAGE][PASSED] - Delayed 2 second(s)

2018-05-28 10:55:18 - [TEST_STEP][PASSED] - Statement - RequestedQty = com.kms.katalon.core.webui.keyword.WebUiBuiltInKeywords.getAttribute(com.kms.katalon.core.testobject.ObjectRepository.findTestObject(HealthpostToStore/Page_Store/input_txttotal), "value"): Attribute 'value' of object 'Object Repository/HealthpostToStore/Page_Store/input_txttotal' is: '10'

2018-05-28 10:55:18 - [MESSAGE][PASSED] - Attribute 'value' of object 'Object Repository/HealthpostToStore/Page_Store/input_txttotal' is: '10'

2018-05-28 10:55:18 - [TEST_STEP][PASSED] - Statement - out.println("Requested QTY : " + RequestedQty): null

2018-05-28 10:55:18 - [TEST_STEP][PASSED] - Statement - BatchNumber = com.kms.katalon.core.webui.keyword.WebUiBuiltInKeywords.getNumberOfTotalOption(com.kms.katalon.core.testobject.ObjectRepository.findTestObject(HealthpostToStore/Page_Store/select_--Select--BA1170BA2376B)): 4 options of object 'Object Repository/HealthpostToStore/Page_Store/select_--Select--BA1170BA2376B' counted

2018-05-28 10:55:18 - [MESSAGE][PASSED] - 4 options of object 'Object Repository/HealthpostToStore/Page_Store/select_--Select--BA1170BA2376B' counted

2018-05-28 10:55:18 - [TEST_STEP][PASSED] - Statement - For ([g = 1, g <= BatchNumber - 1, (g++)]): null

2018-05-28 10:55:18 - [TEST_STEP][PASSED] - selectOptionByIndex: All options with index in [1] are selected on object 'Object Repository/HealthpostToStore/Page_Store/select_--Select--BA1170BA2376B'

2018-05-28 10:55:18 - [MESSAGE][PASSED] - All options with index in [1] are selected on object 'Object Repository/HealthpostToStore/Page_Store/select_--Select--BA1170BA2376B'

2018-05-28 10:55:18 - [TEST_STEP][PASSED] - Statement - Try: null

2018-05-28 10:55:18 - [TEST_STEP][PASSED] - Statement - StockQty = com.kms.katalon.core.webui.keyword.WebUiBuiltInKeywords.getAttribute(com.kms.katalon.core.testobject.ObjectRepository.findTestObject(HealthpostToStore/Page_Store/input_txtprice), "value"): Attribute 'value' of object 'Object Repository/HealthpostToStore/Page_Store/input_txtprice' is: '100'

2018-05-28 10:55:18 - [MESSAGE][PASSED] - Attribute 'value' of object 'Object Repository/HealthpostToStore/Page_Store/input_txtprice' is: '100'

2018-05-28 10:55:18 - [TEST_STEP][PASSED] - Statement - out.println("Stock QTY : " + StockQty): null

2018-05-28 10:55:18 - [TEST_STEP][PASSED] - delay: Delayed 2 second(s)

2018-05-28 10:55:20 - [MESSAGE][PASSED] - Delayed 2 second(s)

2018-05-28 10:55:20 - [TEST_STEP][PASSED] - Statement - If (java.lang.String.valueOf(StockQty) >= java.lang.String.valueOf(RequestedQty)): null

2018-05-28 10:55:20 - [TEST_STEP][PASSED] - setText: Text '10' is set on object 'Object Repository/HealthpostToStore/Page_Store/input_txtqty'

2018-05-28 10:55:20 - [MESSAGE][PASSED] - Text '10' is set on object 'Object Repository/HealthpostToStore/Page_Store/input_txtqty'

2018-05-28 10:55:20 - [TEST_STEP][PASSED] - click: Object: 'Object Repository/HealthpostToStore/Page_Store/button_Add' is clicked on

2018-05-28 10:55:20 - [MESSAGE][PASSED] - Object: 'Object Repository/HealthpostToStore/Page_Store/button_Add' is clicked on

2018-05-28 10:55:20 - [TEST_STEP][PASSED] - Statement - Break: null

2018-05-28 10:55:20 - [TEST_STEP][PASSED] - selectOptionByIndex: All options with index in [8] are selected on object 'Object Repository/HealthpostToStore/Page_Store/select_--Select--Adernaline 0.'

2018-05-28 10:55:20 - [MESSAGE][PASSED] - All options with index in [8] are selected on object 'Object Repository/HealthpostToStore/Page_Store/select_--Select--Adernaline 0.'

2018-05-28 10:55:20 - [TEST_STEP][PASSED] - delay: Delayed 2 second(s)

2018-05-28 10:55:22 - [MESSAGE][PASSED] - Delayed 2 second(s)

2018-05-28 10:55:22 - [TEST_STEP][PASSED] - Statement - RequestedQty = com.kms.katalon.core.webui.keyword.WebUiBuiltInKeywords.getAttribute(com.kms.katalon.core.testobject.ObjectRepository.findTestObject(HealthpostToStore/Page_Store/input_txttotal), "value"): Attribute 'value' of object 'Object Repository/HealthpostToStore/Page_Store/input_txttotal' is: '10'

2018-05-28 10:55:22 - [MESSAGE][PASSED] - Attribute 'value' of object 'Object Repository/HealthpostToStore/Page_Store/input_txttotal' is: '10'

2018-05-28 10:55:22 - [TEST_STEP][PASSED] - Statement - out.println("Requested QTY : " + RequestedQty): null

2018-05-28 10:55:22 - [TEST_STEP][PASSED] - Statement - BatchNumber = com.kms.katalon.core.webui.keyword.WebUiBuiltInKeywords.getNumberOfTotalOption(com.kms.katalon.core.testobject.ObjectRepository.findTestObject(HealthpostToStore/Page_Store/select_--Select--BA1170BA2376B)): 3 options of object 'Object Repository/HealthpostToStore/Page_Store/select_--Select--BA1170BA2376B' counted

2018-05-28 10:55:22 - [MESSAGE][PASSED] - 3 options of object 'Object Repository/HealthpostToStore/Page_Store/select_--Select--BA1170BA2376B' counted

2018-05-28 10:55:22 - [TEST_STEP][PASSED] - Statement - For ([g = 1, g <= BatchNumber - 1, (g++)]): null

2018-05-28 10:55:22 - [TEST_STEP][PASSED] - selectOptionByIndex: All options with index in [1] are selected on object 'Object Repository/HealthpostToStore/Page_Store/select_--Select--BA1170BA2376B'

2018-05-28 10:55:23 - [MESSAGE][PASSED] - All options with index in [1] are selected on object 'Object Repository/HealthpostToStore/Page_Store/select_--Select--BA1170BA2376B'

2018-05-28 10:55:23 - [TEST_STEP][PASSED] - Statement - Try: null

2018-05-28 10:55:23 - [TEST_STEP][PASSED] - Statement - StockQty = com.kms.katalon.core.webui.keyword.WebUiBuiltInKeywords.getAttribute(com.kms.katalon.core.testobject.ObjectRepository.findTestObject(HealthpostToStore/Page_Store/input_txtprice), "value"): Attribute 'value' of object 'Object Repository/HealthpostToStore/Page_Store/input_txtprice' is: '450'

2018-05-28 10:55:23 - [MESSAGE][PASSED] - Attribute 'value' of object 'Object Repository/HealthpostToStore/Page_Store/input_txtprice' is: '450'

2018-05-28 10:55:23 - [TEST_STEP][PASSED] - Statement - out.println("Stock QTY : " + StockQty): null

2018-05-28 10:55:23 - [TEST_STEP][PASSED] - delay: Delayed 2 second(s)

2018-05-28 10:55:25 - [MESSAGE][PASSED] - Delayed 2 second(s)

2018-05-28 10:55:25 - [TEST_STEP][PASSED] - Statement - If (java.lang.String.valueOf(StockQty) >= java.lang.String.valueOf(RequestedQty)): null

2018-05-28 10:55:25 - [TEST_STEP][PASSED] - setText: Text '10' is set on object 'Object Repository/HealthpostToStore/Page_Store/input_txtqty'

2018-05-28 10:55:25 - [MESSAGE][PASSED] - Text '10' is set on object 'Object Repository/HealthpostToStore/Page_Store/input_txtqty'

2018-05-28 10:55:25 - [TEST_STEP][PASSED] - click: Object: 'Object Repository/HealthpostToStore/Page_Store/button_Add' is clicked on

2018-05-28 10:55:25 - [MESSAGE][PASSED] - Object: 'Object Repository/HealthpostToStore/Page_Store/button_Add' is clicked on

2018-05-28 10:55:25 - [TEST_STEP][PASSED] - Statement - Break: null

2018-05-28 10:55:25 - [TEST_STEP][PASSED] - selectOptionByIndex: All options with index in [9] are selected on object 'Object Repository/HealthpostToStore/Page_Store/select_--Select--Adernaline 0.'

2018-05-28 10:55:25 - [MESSAGE][PASSED] - All options with index in [9] are selected on object 'Object Repository/HealthpostToStore/Page_Store/select_--Select--Adernaline 0.'

2018-05-28 10:55:25 - [TEST_STEP][PASSED] - delay: Delayed 2 second(s)

2018-05-28 10:55:27 - [MESSAGE][PASSED] - Delayed 2 second(s)

2018-05-28 10:55:27 - [TEST_STEP][PASSED] - Statement - RequestedQty = com.kms.katalon.core.webui.keyword.WebUiBuiltInKeywords.getAttribute(com.kms.katalon.core.testobject.ObjectRepository.findTestObject(HealthpostToStore/Page_Store/input_txttotal), "value"): Attribute 'value' of object 'Object Repository/HealthpostToStore/Page_Store/input_txttotal' is: '10'

2018-05-28 10:55:27 - [MESSAGE][PASSED] - Attribute 'value' of object 'Object Repository/HealthpostToStore/Page_Store/input_txttotal' is: '10'

2018-05-28 10:55:27 - [TEST_STEP][PASSED] - Statement - out.println("Requested QTY : " + RequestedQty): null

2018-05-28 10:55:27 - [TEST_STEP][PASSED] - Statement - BatchNumber = com.kms.katalon.core.webui.keyword.WebUiBuiltInKeywords.getNumberOfTotalOption(com.kms.katalon.core.testobject.ObjectRepository.findTestObject(HealthpostToStore/Page_Store/select_--Select--BA1170BA2376B)): 3 options of object 'Object Repository/HealthpostToStore/Page_Store/select_--Select--BA1170BA2376B' counted

2018-05-28 10:55:27 - [MESSAGE][PASSED] - 3 options of object 'Object Repository/HealthpostToStore/Page_Store/select_--Select--BA1170BA2376B' counted

2018-05-28 10:55:27 - [TEST_STEP][PASSED] - Statement - For ([g = 1, g <= BatchNumber - 1, (g++)]): null

2018-05-28 10:55:27 - [TEST_STEP][PASSED] - selectOptionByIndex: All options with index in [1] are selected on object 'Object Repository/HealthpostToStore/Page_Store/select_--Select--BA1170BA2376B'

2018-05-28 10:55:27 - [MESSAGE][PASSED] - All options with index in [1] are selected on object 'Object Repository/HealthpostToStore/Page_Store/select_--Select--BA1170BA2376B'

2018-05-28 10:55:27 - [TEST_STEP][PASSED] - Statement - Try: null

2018-05-28 10:55:27 - [TEST_STEP][PASSED] - Statement - StockQty = com.kms.katalon.core.webui.keyword.WebUiBuiltInKeywords.getAttribute(com.kms.katalon.core.testobject.ObjectRepository.findTestObject(HealthpostToStore/Page_Store/input_txtprice), "value"): Attribute 'value' of object 'Object Repository/HealthpostToStore/Page_Store/input_txtprice' is: '450'

2018-05-28 10:55:27 - [MESSAGE][PASSED] - Attribute 'value' of object 'Object Repository/HealthpostToStore/Page_Store/input_txtprice' is: '450'

2018-05-28 10:55:27 - [TEST_STEP][PASSED] - Statement - out.println("Stock QTY : " + StockQty): null

2018-05-28 10:55:27 - [TEST_STEP][PASSED] - delay: Delayed 2 second(s)

2018-05-28 10:55:29 - [MESSAGE][PASSED] - Delayed 2 second(s)

2018-05-28 10:55:29 - [TEST_STEP][PASSED] - Statement - If (java.lang.String.valueOf(StockQty) >= java.lang.String.valueOf(RequestedQty)): null

2018-05-28 10:55:29 - [TEST_STEP][PASSED] - setText: Text '10' is set on object 'Object Repository/HealthpostToStore/Page_Store/input_txtqty'

2018-05-28 10:55:29 - [MESSAGE][PASSED] - Text '10' is set on object 'Object Repository/HealthpostToStore/Page_Store/input_txtqty'

2018-05-28 10:55:29 - [TEST_STEP][PASSED] - click: Object: 'Object Repository/HealthpostToStore/Page_Store/button_Add' is clicked on

2018-05-28 10:55:29 - [MESSAGE][PASSED] - Object: 'Object Repository/HealthpostToStore/Page_Store/button_Add' is clicked on

2018-05-28 10:55:29 - [TEST_STEP][PASSED] - Statement - Break: null

2018-05-28 10:55:29 - [TEST_STEP][PASSED] - selectOptionByIndex: All options with index in [10] are selected on object 'Object Repository/HealthpostToStore/Page_Store/select_--Select--Adernaline 0.'

2018-05-28 10:55:30 - [MESSAGE][PASSED] - All options with index in [10] are selected on object 'Object Repository/HealthpostToStore/Page_Store/select_--Select--Adernaline 0.'

2018-05-28 10:55:30 - [TEST_STEP][PASSED] - delay: Delayed 2 second(s)

2018-05-28 10:55:32 - [MESSAGE][PASSED] - Delayed 2 second(s)

2018-05-28 10:55:32 - [TEST_STEP][PASSED] - Statement - RequestedQty = com.kms.katalon.core.webui.keyword.WebUiBuiltInKeywords.getAttribute(com.kms.katalon.core.testobject.ObjectRepository.findTestObject(HealthpostToStore/Page_Store/input_txttotal), "value"): Attribute 'value' of object 'Object Repository/HealthpostToStore/Page_Store/input_txttotal' is: '10'

2018-05-28 10:55:32 - [MESSAGE][PASSED] - Attribute 'value' of object 'Object Repository/HealthpostToStore/Page_Store/input_txttotal' is: '10'

2018-05-28 10:55:32 - [TEST_STEP][PASSED] - Statement - out.println("Requested QTY : " + RequestedQty): null

2018-05-28 10:55:32 - [TEST_STEP][PASSED] - Statement - BatchNumber = com.kms.katalon.core.webui.keyword.WebUiBuiltInKeywords.getNumberOfTotalOption(com.kms.katalon.core.testobject.ObjectRepository.findTestObject(HealthpostToStore/Page_Store/select_--Select--BA1170BA2376B)): 3 options of object 'Object Repository/HealthpostToStore/Page_Store/select_--Select--BA1170BA2376B' counted

2018-05-28 10:55:32 - [MESSAGE][PASSED] - 3 options of object 'Object Repository/HealthpostToStore/Page_Store/select_--Select--BA1170BA2376B' counted

2018-05-28 10:55:32 - [TEST_STEP][PASSED] - Statement - For ([g = 1, g <= BatchNumber - 1, (g++)]): null

2018-05-28 10:55:32 - [TEST_STEP][PASSED] - selectOptionByIndex: All options with index in [1] are selected on object 'Object Repository/HealthpostToStore/Page_Store/select_--Select--BA1170BA2376B'

2018-05-28 10:55:32 - [MESSAGE][PASSED] - All options with index in [1] are selected on object 'Object Repository/HealthpostToStore/Page_Store/select_--Select--BA1170BA2376B'

2018-05-28 10:55:32 - [TEST_STEP][PASSED] - Statement - Try: null

2018-05-28 10:55:32 - [TEST_STEP][PASSED] - Statement - StockQty = com.kms.katalon.core.webui.keyword.WebUiBuiltInKeywords.getAttribute(com.kms.katalon.core.testobject.ObjectRepository.findTestObject(HealthpostToStore/Page_Store/input_txtprice), "value"): Attribute 'value' of object 'Object Repository/HealthpostToStore/Page_Store/input_txtprice' is: '450'

2018-05-28 10:55:32 - [MESSAGE][PASSED] - Attribute 'value' of object 'Object Repository/HealthpostToStore/Page_Store/input_txtprice' is: '450'

2018-05-28 10:55:32 - [TEST_STEP][PASSED] - Statement - out.println("Stock QTY : " + StockQty): null

2018-05-28 10:55:32 - [TEST_STEP][PASSED] - delay: Delayed 2 second(s)

2018-05-28 10:55:34 - [MESSAGE][PASSED] - Delayed 2 second(s)

2018-05-28 10:55:34 - [TEST_STEP][PASSED] - Statement - If (java.lang.String.valueOf(StockQty) >= java.lang.String.valueOf(RequestedQty)): null

2018-05-28 10:55:34 - [TEST_STEP][PASSED] - setText: Text '10' is set on object 'Object Repository/HealthpostToStore/Page_Store/input_txtqty'

2018-05-28 10:55:34 - [MESSAGE][PASSED] - Text '10' is set on object 'Object Repository/HealthpostToStore/Page_Store/input_txtqty'

2018-05-28 10:55:34 - [TEST_STEP][PASSED] - click: Object: 'Object Repository/HealthpostToStore/Page_Store/button_Add' is clicked on

2018-05-28 10:55:34 - [MESSAGE][PASSED] - Object: 'Object Repository/HealthpostToStore/Page_Store/button_Add' is clicked on

2018-05-28 10:55:34 - [TEST_STEP][PASSED] - Statement - Break: null

2018-05-28 10:55:34 - [TEST_STEP][PASSED] - selectOptionByIndex: All options with index in [11] are selected on object 'Object Repository/HealthpostToStore/Page_Store/select_--Select--Adernaline 0.'

2018-05-28 10:55:34 - [MESSAGE][PASSED] - All options with index in [11] are selected on object 'Object Repository/HealthpostToStore/Page_Store/select_--Select--Adernaline 0.'

2018-05-28 10:55:34 - [TEST_STEP][PASSED] - delay: Delayed 2 second(s)

2018-05-28 10:55:36 - [MESSAGE][PASSED] - Delayed 2 second(s)

2018-05-28 10:55:36 - [TEST_STEP][PASSED] - Statement - RequestedQty = com.kms.katalon.core.webui.keyword.WebUiBuiltInKeywords.getAttribute(com.kms.katalon.core.testobject.ObjectRepository.findTestObject(HealthpostToStore/Page_Store/input_txttotal), "value"): Attribute 'value' of object 'Object Repository/HealthpostToStore/Page_Store/input_txttotal' is: '10'

2018-05-28 10:55:36 - [MESSAGE][PASSED] - Attribute 'value' of object 'Object Repository/HealthpostToStore/Page_Store/input_txttotal' is: '10'

2018-05-28 10:55:36 - [TEST_STEP][PASSED] - Statement - out.println("Requested QTY : " + RequestedQty): null

2018-05-28 10:55:36 - [TEST_STEP][PASSED] - Statement - BatchNumber = com.kms.katalon.core.webui.keyword.WebUiBuiltInKeywords.getNumberOfTotalOption(com.kms.katalon.core.testobject.ObjectRepository.findTestObject(HealthpostToStore/Page_Store/select_--Select--BA1170BA2376B)): 3 options of object 'Object Repository/HealthpostToStore/Page_Store/select_--Select--BA1170BA2376B' counted

2018-05-28 10:55:36 - [MESSAGE][PASSED] - 3 options of object 'Object Repository/HealthpostToStore/Page_Store/select_--Select--BA1170BA2376B' counted

2018-05-28 10:55:36 - [TEST_STEP][PASSED] - Statement - For ([g = 1, g <= BatchNumber - 1, (g++)]): null

2018-05-28 10:55:36 - [TEST_STEP][PASSED] - selectOptionByIndex: All options with index in [1] are selected on object 'Object Repository/HealthpostToStore/Page_Store/select_--Select--BA1170BA2376B'

2018-05-28 10:55:36 - [MESSAGE][PASSED] - All options with index in [1] are selected on object 'Object Repository/HealthpostToStore/Page_Store/select_--Select--BA1170BA2376B'

2018-05-28 10:55:36 - [TEST_STEP][PASSED] - Statement - Try: null

2018-05-28 10:55:36 - [TEST_STEP][PASSED] - Statement - StockQty = com.kms.katalon.core.webui.keyword.WebUiBuiltInKeywords.getAttribute(com.kms.katalon.core.testobject.ObjectRepository.findTestObject(HealthpostToStore/Page_Store/input_txtprice), "value"): Attribute 'value' of object 'Object Repository/HealthpostToStore/Page_Store/input_txtprice' is: '450'

2018-05-28 10:55:36 - [MESSAGE][PASSED] - Attribute 'value' of object 'Object Repository/HealthpostToStore/Page_Store/input_txtprice' is: '450'

2018-05-28 10:55:36 - [TEST_STEP][PASSED] - Statement - out.println("Stock QTY : " + StockQty): null

2018-05-28 10:55:36 - [TEST_STEP][PASSED] - delay: Delayed 2 second(s)

2018-05-28 10:55:38 - [MESSAGE][PASSED] - Delayed 2 second(s)

2018-05-28 10:55:38 - [TEST_STEP][PASSED] - Statement - If (java.lang.String.valueOf(StockQty) >= java.lang.String.valueOf(RequestedQty)): null

2018-05-28 10:55:38 - [TEST_STEP][PASSED] - setText: Text '10' is set on object 'Object Repository/HealthpostToStore/Page_Store/input_txtqty'

2018-05-28 10:55:39 - [MESSAGE][PASSED] - Text '10' is set on object 'Object Repository/HealthpostToStore/Page_Store/input_txtqty'

2018-05-28 10:55:39 - [TEST_STEP][PASSED] - click: Object: 'Object Repository/HealthpostToStore/Page_Store/button_Add' is clicked on

2018-05-28 10:55:39 - [MESSAGE][PASSED] - Object: 'Object Repository/HealthpostToStore/Page_Store/button_Add' is clicked on

2018-05-28 10:55:39 - [TEST_STEP][PASSED] - Statement - Break: null

2018-05-28 10:55:39 - [TEST_STEP][PASSED] - selectOptionByIndex: All options with index in [12] are selected on object 'Object Repository/HealthpostToStore/Page_Store/select_--Select--Adernaline 0.'

2018-05-28 10:55:39 - [MESSAGE][PASSED] - All options with index in [12] are selected on object 'Object Repository/HealthpostToStore/Page_Store/select_--Select--Adernaline 0.'

2018-05-28 10:55:39 - [TEST_STEP][PASSED] - delay: Delayed 2 second(s)

2018-05-28 10:55:41 - [MESSAGE][PASSED] - Delayed 2 second(s)

2018-05-28 10:55:41 - [TEST_STEP][PASSED] - Statement - RequestedQty = com.kms.katalon.core.webui.keyword.WebUiBuiltInKeywords.getAttribute(com.kms.katalon.core.testobject.ObjectRepository.findTestObject(HealthpostToStore/Page_Store/input_txttotal), "value"): Attribute 'value' of object 'Object Repository/HealthpostToStore/Page_Store/input_txttotal' is: '10'

2018-05-28 10:55:41 - [MESSAGE][PASSED] - Attribute 'value' of object 'Object Repository/HealthpostToStore/Page_Store/input_txttotal' is: '10'

2018-05-28 10:55:41 - [TEST_STEP][PASSED] - Statement - out.println("Requested QTY : " + RequestedQty): null

2018-05-28 10:55:41 - [TEST_STEP][PASSED] - Statement - BatchNumber = com.kms.katalon.core.webui.keyword.WebUiBuiltInKeywords.getNumberOfTotalOption(com.kms.katalon.core.testobject.ObjectRepository.findTestObject(HealthpostToStore/Page_Store/select_--Select--BA1170BA2376B)): 2 options of object 'Object Repository/HealthpostToStore/Page_Store/select_--Select--BA1170BA2376B' counted

2018-05-28 10:55:41 - [MESSAGE][PASSED] - 2 options of object 'Object Repository/HealthpostToStore/Page_Store/select_--Select--BA1170BA2376B' counted

2018-05-28 10:55:41 - [TEST_STEP][PASSED] - Statement - For ([g = 1, g <= BatchNumber - 1, (g++)]): null

2018-05-28 10:55:41 - [TEST_STEP][PASSED] - selectOptionByIndex: All options with index in [1] are selected on object 'Object Repository/HealthpostToStore/Page_Store/select_--Select--BA1170BA2376B'

2018-05-28 10:55:41 - [MESSAGE][PASSED] - All options with index in [1] are selected on object 'Object Repository/HealthpostToStore/Page_Store/select_--Select--BA1170BA2376B'

2018-05-28 10:55:41 - [TEST_STEP][PASSED] - Statement - Try: null

2018-05-28 10:55:41 - [TEST_STEP][PASSED] - Statement - StockQty = com.kms.katalon.core.webui.keyword.WebUiBuiltInKeywords.getAttribute(com.kms.katalon.core.testobject.ObjectRepository.findTestObject(HealthpostToStore/Page_Store/input_txtprice), "value"): Attribute 'value' of object 'Object Repository/HealthpostToStore/Page_Store/input_txtprice' is: '520'

2018-05-28 10:55:41 - [MESSAGE][PASSED] - Attribute 'value' of object 'Object Repository/HealthpostToStore/Page_Store/input_txtprice' is: '520'

2018-05-28 10:55:41 - [TEST_STEP][PASSED] - Statement - out.println("Stock QTY : " + StockQty): null

2018-05-28 10:55:41 - [TEST_STEP][PASSED] - delay: Delayed 2 second(s)

2018-05-28 10:55:43 - [MESSAGE][PASSED] - Delayed 2 second(s)

2018-05-28 10:55:43 - [TEST_STEP][PASSED] - Statement - If (java.lang.String.valueOf(StockQty) >= java.lang.String.valueOf(RequestedQty)): null

2018-05-28 10:55:43 - [TEST_STEP][PASSED] - setText: Text '10' is set on object 'Object Repository/HealthpostToStore/Page_Store/input_txtqty'

2018-05-28 10:55:43 - [MESSAGE][PASSED] - Text '10' is set on object 'Object Repository/HealthpostToStore/Page_Store/input_txtqty'

2018-05-28 10:55:43 - [TEST_STEP][PASSED] - click: Object: 'Object Repository/HealthpostToStore/Page_Store/button_Add' is clicked on

2018-05-28 10:55:43 - [MESSAGE][PASSED] - Object: 'Object Repository/HealthpostToStore/Page_Store/button_Add' is clicked on

2018-05-28 10:55:43 - [TEST_STEP][PASSED] - Statement - Break: null

2018-05-28 10:55:43 - [TEST_STEP][PASSED] - selectOptionByIndex: All options with index in [13] are selected on object 'Object Repository/HealthpostToStore/Page_Store/select_--Select--Adernaline 0.'

2018-05-28 10:55:44 - [MESSAGE][PASSED] - All options with index in [13] are selected on object 'Object Repository/HealthpostToStore/Page_Store/select_--Select--Adernaline 0.'

2018-05-28 10:55:44 - [TEST_STEP][PASSED] - delay: Delayed 2 second(s)

2018-05-28 10:55:46 - [MESSAGE][PASSED] - Delayed 2 second(s)

2018-05-28 10:55:46 - [TEST_STEP][PASSED] - Statement - RequestedQty = com.kms.katalon.core.webui.keyword.WebUiBuiltInKeywords.getAttribute(com.kms.katalon.core.testobject.ObjectRepository.findTestObject(HealthpostToStore/Page_Store/input_txttotal), "value"): Attribute 'value' of object 'Object Repository/HealthpostToStore/Page_Store/input_txttotal' is: '10'

2018-05-28 10:55:46 - [MESSAGE][PASSED] - Attribute 'value' of object 'Object Repository/HealthpostToStore/Page_Store/input_txttotal' is: '10'

2018-05-28 10:55:46 - [TEST_STEP][PASSED] - Statement - out.println("Requested QTY : " + RequestedQty): null

2018-05-28 10:55:46 - [TEST_STEP][PASSED] - Statement - BatchNumber = com.kms.katalon.core.webui.keyword.WebUiBuiltInKeywords.getNumberOfTotalOption(com.kms.katalon.core.testobject.ObjectRepository.findTestObject(HealthpostToStore/Page_Store/select_--Select--BA1170BA2376B)): 3 options of object 'Object Repository/HealthpostToStore/Page_Store/select_--Select--BA1170BA2376B' counted

2018-05-28 10:55:46 - [MESSAGE][PASSED] - 3 options of object 'Object Repository/HealthpostToStore/Page_Store/select_--Select--BA1170BA2376B' counted

2018-05-28 10:55:46 - [TEST_STEP][PASSED] - Statement - For ([g = 1, g <= BatchNumber - 1, (g++)]): null

2018-05-28 10:55:46 - [TEST_STEP][PASSED] - selectOptionByIndex: All options with index in [1] are selected on object 'Object Repository/HealthpostToStore/Page_Store/select_--Select--BA1170BA2376B'

2018-05-28 10:55:46 - [MESSAGE][PASSED] - All options with index in [1] are selected on object 'Object Repository/HealthpostToStore/Page_Store/select_--Select--BA1170BA2376B'

2018-05-28 10:55:46 - [TEST_STEP][PASSED] - Statement - Try: null

2018-05-28 10:55:46 - [TEST_STEP][PASSED] - Statement - StockQty = com.kms.katalon.core.webui.keyword.WebUiBuiltInKeywords.getAttribute(com.kms.katalon.core.testobject.ObjectRepository.findTestObject(HealthpostToStore/Page_Store/input_txtprice), "value"): Attribute 'value' of object 'Object Repository/HealthpostToStore/Page_Store/input_txtprice' is: '450'

2018-05-28 10:55:46 - [MESSAGE][PASSED] - Attribute 'value' of object 'Object Repository/HealthpostToStore/Page_Store/input_txtprice' is: '450'

2018-05-28 10:55:46 - [TEST_STEP][PASSED] - Statement - out.println("Stock QTY : " + StockQty): null

2018-05-28 10:55:46 - [TEST_STEP][PASSED] - delay: Delayed 2 second(s)

2018-05-28 10:55:48 - [MESSAGE][PASSED] - Delayed 2 second(s)

2018-05-28 10:55:48 - [TEST_STEP][PASSED] - Statement - If (java.lang.String.valueOf(StockQty) >= java.lang.String.valueOf(RequestedQty)): null

2018-05-28 10:55:48 - [TEST_STEP][PASSED] - setText: Text '10' is set on object 'Object Repository/HealthpostToStore/Page_Store/input_txtqty'

2018-05-28 10:55:48 - [MESSAGE][PASSED] - Text '10' is set on object 'Object Repository/HealthpostToStore/Page_Store/input_txtqty'

2018-05-28 10:55:48 - [TEST_STEP][PASSED] - click: Object: 'Object Repository/HealthpostToStore/Page_Store/button_Add' is clicked on

2018-05-28 10:55:48 - [MESSAGE][PASSED] - Object: 'Object Repository/HealthpostToStore/Page_Store/button_Add' is clicked on

2018-05-28 10:55:48 - [TEST_STEP][PASSED] - Statement - Break: null

2018-05-28 10:55:48 - [TEST_STEP][PASSED] - selectOptionByIndex: All options with index in [14] are selected on object 'Object Repository/HealthpostToStore/Page_Store/select_--Select--Adernaline 0.'

2018-05-28 10:55:48 - [MESSAGE][PASSED] - All options with index in [14] are selected on object 'Object Repository/HealthpostToStore/Page_Store/select_--Select--Adernaline 0.'

2018-05-28 10:55:48 - [TEST_STEP][PASSED] - delay: Delayed 2 second(s)

2018-05-28 10:55:50 - [MESSAGE][PASSED] - Delayed 2 second(s)

2018-05-28 10:55:50 - [TEST_STEP][PASSED] - Statement - RequestedQty = com.kms.katalon.core.webui.keyword.WebUiBuiltInKeywords.getAttribute(com.kms.katalon.core.testobject.ObjectRepository.findTestObject(HealthpostToStore/Page_Store/input_txttotal), "value"): Attribute 'value' of object 'Object Repository/HealthpostToStore/Page_Store/input_txttotal' is: '10'

2018-05-28 10:55:50 - [MESSAGE][PASSED] - Attribute 'value' of object 'Object Repository/HealthpostToStore/Page_Store/input_txttotal' is: '10'

2018-05-28 10:55:50 - [TEST_STEP][PASSED] - Statement - out.println("Requested QTY : " + RequestedQty): null

2018-05-28 10:55:50 - [TEST_STEP][PASSED] - Statement - BatchNumber = com.kms.katalon.core.webui.keyword.WebUiBuiltInKeywords.getNumberOfTotalOption(com.kms.katalon.core.testobject.ObjectRepository.findTestObject(HealthpostToStore/Page_Store/select_--Select--BA1170BA2376B)): 2 options of object 'Object Repository/HealthpostToStore/Page_Store/select_--Select--BA1170BA2376B' counted

2018-05-28 10:55:50 - [MESSAGE][PASSED] - 2 options of object 'Object Repository/HealthpostToStore/Page_Store/select_--Select--BA1170BA2376B' counted

2018-05-28 10:55:50 - [TEST_STEP][PASSED] - Statement - For ([g = 1, g <= BatchNumber - 1, (g++)]): null

2018-05-28 10:55:50 - [TEST_STEP][PASSED] - selectOptionByIndex: All options with index in [1] are selected on object 'Object Repository/HealthpostToStore/Page_Store/select_--Select--BA1170BA2376B'

2018-05-28 10:55:50 - [MESSAGE][PASSED] - All options with index in [1] are selected on object 'Object Repository/HealthpostToStore/Page_Store/select_--Select--BA1170BA2376B'

2018-05-28 10:55:50 - [TEST_STEP][PASSED] - Statement - Try: null

2018-05-28 10:55:50 - [TEST_STEP][PASSED] - Statement - StockQty = com.kms.katalon.core.webui.keyword.WebUiBuiltInKeywords.getAttribute(com.kms.katalon.core.testobject.ObjectRepository.findTestObject(HealthpostToStore/Page_Store/input_txtprice), "value"): Attribute 'value' of object 'Object Repository/HealthpostToStore/Page_Store/input_txtprice' is: '520'

2018-05-28 10:55:51 - [MESSAGE][PASSED] - Attribute 'value' of object 'Object Repository/HealthpostToStore/Page_Store/input_txtprice' is: '520'

2018-05-28 10:55:51 - [TEST_STEP][PASSED] - Statement - out.println("Stock QTY : " + StockQty): null

2018-05-28 10:55:51 - [TEST_STEP][PASSED] - delay: Delayed 2 second(s)

2018-05-28 10:55:53 - [MESSAGE][PASSED] - Delayed 2 second(s)

2018-05-28 10:55:53 - [TEST_STEP][PASSED] - Statement - If (java.lang.String.valueOf(StockQty) >= java.lang.String.valueOf(RequestedQty)): null

2018-05-28 10:55:53 - [TEST_STEP][PASSED] - setText: Text '10' is set on object 'Object Repository/HealthpostToStore/Page_Store/input_txtqty'

2018-05-28 10:55:53 - [MESSAGE][PASSED] - Text '10' is set on object 'Object Repository/HealthpostToStore/Page_Store/input_txtqty'

2018-05-28 10:55:53 - [TEST_STEP][PASSED] - click: Object: 'Object Repository/HealthpostToStore/Page_Store/button_Add' is clicked on

2018-05-28 10:55:53 - [MESSAGE][PASSED] - Object: 'Object Repository/HealthpostToStore/Page_Store/button_Add' is clicked on

2018-05-28 10:55:53 - [TEST_STEP][PASSED] - Statement - Break: null

2018-05-28 10:55:53 - [TEST_STEP][PASSED] - selectOptionByIndex: All options with index in [15] are selected on object 'Object Repository/HealthpostToStore/Page_Store/select_--Select--Adernaline 0.'

2018-05-28 10:55:53 - [MESSAGE][PASSED] - All options with index in [15] are selected on object 'Object Repository/HealthpostToStore/Page_Store/select_--Select--Adernaline 0.'

2018-05-28 10:55:53 - [TEST_STEP][PASSED] - delay: Delayed 2 second(s)

2018-05-28 10:55:55 - [MESSAGE][PASSED] - Delayed 2 second(s)

2018-05-28 10:55:55 - [TEST_STEP][PASSED] - Statement - RequestedQty = com.kms.katalon.core.webui.keyword.WebUiBuiltInKeywords.getAttribute(com.kms.katalon.core.testobject.ObjectRepository.findTestObject(HealthpostToStore/Page_Store/input_txttotal), "value"): Attribute 'value' of object 'Object Repository/HealthpostToStore/Page_Store/input_txttotal' is: '10'

2018-05-28 10:55:55 - [MESSAGE][PASSED] - Attribute 'value' of object 'Object Repository/HealthpostToStore/Page_Store/input_txttotal' is: '10'

2018-05-28 10:55:55 - [TEST_STEP][PASSED] - Statement - out.println("Requested QTY : " + RequestedQty): null

2018-05-28 10:55:55 - [TEST_STEP][PASSED] - Statement - BatchNumber = com.kms.katalon.core.webui.keyword.WebUiBuiltInKeywords.getNumberOfTotalOption(com.kms.katalon.core.testobject.ObjectRepository.findTestObject(HealthpostToStore/Page_Store/select_--Select--BA1170BA2376B)): 2 options of object 'Object Repository/HealthpostToStore/Page_Store/select_--Select--BA1170BA2376B' counted

2018-05-28 10:55:55 - [MESSAGE][PASSED] - 2 options of object 'Object Repository/HealthpostToStore/Page_Store/select_--Select--BA1170BA2376B' counted

2018-05-28 10:55:55 - [TEST_STEP][PASSED] - Statement - For ([g = 1, g <= BatchNumber - 1, (g++)]): null

2018-05-28 10:55:55 - [TEST_STEP][PASSED] - selectOptionByIndex: All options with index in [1] are selected on object 'Object Repository/HealthpostToStore/Page_Store/select_--Select--BA1170BA2376B'

2018-05-28 10:55:55 - [MESSAGE][PASSED] - All options with index in [1] are selected on object 'Object Repository/HealthpostToStore/Page_Store/select_--Select--BA1170BA2376B'

2018-05-28 10:55:55 - [TEST_STEP][PASSED] - Statement - Try: null

2018-05-28 10:55:55 - [TEST_STEP][PASSED] - Statement - StockQty = com.kms.katalon.core.webui.keyword.WebUiBuiltInKeywords.getAttribute(com.kms.katalon.core.testobject.ObjectRepository.findTestObject(HealthpostToStore/Page_Store/input_txtprice), "value"): Attribute 'value' of object 'Object Repository/HealthpostToStore/Page_Store/input_txtprice' is: '520'

2018-05-28 10:55:55 - [MESSAGE][PASSED] - Attribute 'value' of object 'Object Repository/HealthpostToStore/Page_Store/input_txtprice' is: '520'

2018-05-28 10:55:55 - [TEST_STEP][PASSED] - Statement - out.println("Stock QTY : " + StockQty): null

2018-05-28 10:55:55 - [TEST_STEP][PASSED] - delay: Delayed 2 second(s)

2018-05-28 10:55:57 - [MESSAGE][PASSED] - Delayed 2 second(s)

2018-05-28 10:55:57 - [TEST_STEP][PASSED] - Statement - If (java.lang.String.valueOf(StockQty) >= java.lang.String.valueOf(RequestedQty)): null

2018-05-28 10:55:57 - [TEST_STEP][PASSED] - setText: Text '10' is set on object 'Object Repository/HealthpostToStore/Page_Store/input_txtqty'

2018-05-28 10:55:57 - [MESSAGE][PASSED] - Text '10' is set on object 'Object Repository/HealthpostToStore/Page_Store/input_txtqty'

2018-05-28 10:55:57 - [TEST_STEP][PASSED] - click: Object: 'Object Repository/HealthpostToStore/Page_Store/button_Add' is clicked on

2018-05-28 10:55:57 - [MESSAGE][PASSED] - Object: 'Object Repository/HealthpostToStore/Page_Store/button_Add' is clicked on

2018-05-28 10:55:57 - [TEST_STEP][PASSED] - Statement - Break: null

2018-05-28 10:55:57 - [TEST_STEP][PASSED] - selectOptionByIndex: All options with index in [16] are selected on object 'Object Repository/HealthpostToStore/Page_Store/select_--Select--Adernaline 0.'

2018-05-28 10:55:58 - [MESSAGE][PASSED] - All options with index in [16] are selected on object 'Object Repository/HealthpostToStore/Page_Store/select_--Select--Adernaline 0.'

2018-05-28 10:55:58 - [TEST_STEP][PASSED] - delay: Delayed 2 second(s)

2018-05-28 10:56:00 - [MESSAGE][PASSED] - Delayed 2 second(s)

2018-05-28 10:56:00 - [TEST_STEP][PASSED] - Statement - RequestedQty = com.kms.katalon.core.webui.keyword.WebUiBuiltInKeywords.getAttribute(com.kms.katalon.core.testobject.ObjectRepository.findTestObject(HealthpostToStore/Page_Store/input_txttotal), "value"): Attribute 'value' of object 'Object Repository/HealthpostToStore/Page_Store/input_txttotal' is: '10'

2018-05-28 10:56:00 - [MESSAGE][PASSED] - Attribute 'value' of object 'Object Repository/HealthpostToStore/Page_Store/input_txttotal' is: '10'

2018-05-28 10:56:00 - [TEST_STEP][PASSED] - Statement - out.println("Requested QTY : " + RequestedQty): null

2018-05-28 10:56:00 - [TEST_STEP][PASSED] - Statement - BatchNumber = com.kms.katalon.core.webui.keyword.WebUiBuiltInKeywords.getNumberOfTotalOption(com.kms.katalon.core.testobject.ObjectRepository.findTestObject(HealthpostToStore/Page_Store/select_--Select--BA1170BA2376B)): 4 options of object 'Object Repository/HealthpostToStore/Page_Store/select_--Select--BA1170BA2376B' counted

2018-05-28 10:56:00 - [MESSAGE][PASSED] - 4 options of object 'Object Repository/HealthpostToStore/Page_Store/select_--Select--BA1170BA2376B' counted

2018-05-28 10:56:00 - [TEST_STEP][PASSED] - Statement - For ([g = 1, g <= BatchNumber - 1, (g++)]): null

2018-05-28 10:56:00 - [TEST_STEP][PASSED] - selectOptionByIndex: All options with index in [1] are selected on object 'Object Repository/HealthpostToStore/Page_Store/select_--Select--BA1170BA2376B'

2018-05-28 10:56:00 - [MESSAGE][PASSED] - All options with index in [1] are selected on object 'Object Repository/HealthpostToStore/Page_Store/select_--Select--BA1170BA2376B'

2018-05-28 10:56:00 - [TEST_STEP][PASSED] - Statement - Try: null

2018-05-28 10:56:00 - [TEST_STEP][PASSED] - Statement - StockQty = com.kms.katalon.core.webui.keyword.WebUiBuiltInKeywords.getAttribute(com.kms.katalon.core.testobject.ObjectRepository.findTestObject(HealthpostToStore/Page_Store/input_txtprice), "value"): Attribute 'value' of object 'Object Repository/HealthpostToStore/Page_Store/input_txtprice' is: '100'

2018-05-28 10:56:00 - [MESSAGE][PASSED] - Attribute 'value' of object 'Object Repository/HealthpostToStore/Page_Store/input_txtprice' is: '100'

2018-05-28 10:56:00 - [TEST_STEP][PASSED] - Statement - out.println("Stock QTY : " + StockQty): null

2018-05-28 10:56:00 - [TEST_STEP][PASSED] - delay: Delayed 2 second(s)

2018-05-28 10:56:02 - [MESSAGE][PASSED] - Delayed 2 second(s)

2018-05-28 10:56:02 - [TEST_STEP][PASSED] - Statement - If (java.lang.String.valueOf(StockQty) >= java.lang.String.valueOf(RequestedQty)): null

2018-05-28 10:56:02 - [TEST_STEP][PASSED] - setText: Text '10' is set on object 'Object Repository/HealthpostToStore/Page_Store/input_txtqty'

2018-05-28 10:56:02 - [MESSAGE][PASSED] - Text '10' is set on object 'Object Repository/HealthpostToStore/Page_Store/input_txtqty'

2018-05-28 10:56:02 - [TEST_STEP][PASSED] - click: Object: 'Object Repository/HealthpostToStore/Page_Store/button_Add' is clicked on

2018-05-28 10:56:02 - [MESSAGE][PASSED] - Object: 'Object Repository/HealthpostToStore/Page_Store/button_Add' is clicked on

2018-05-28 10:56:02 - [TEST_STEP][PASSED] - Statement - Break: null

2018-05-28 10:56:02 - [TEST_STEP][PASSED] - selectOptionByIndex: All options with index in [17] are selected on object 'Object Repository/HealthpostToStore/Page_Store/select_--Select--Adernaline 0.'

2018-05-28 10:56:02 - [MESSAGE][PASSED] - All options with index in [17] are selected on object 'Object Repository/HealthpostToStore/Page_Store/select_--Select--Adernaline 0.'

2018-05-28 10:56:02 - [TEST_STEP][PASSED] - delay: Delayed 2 second(s)

2018-05-28 10:56:04 - [MESSAGE][PASSED] - Delayed 2 second(s)

2018-05-28 10:56:04 - [TEST_STEP][PASSED] - Statement - RequestedQty = com.kms.katalon.core.webui.keyword.WebUiBuiltInKeywords.getAttribute(com.kms.katalon.core.testobject.ObjectRepository.findTestObject(HealthpostToStore/Page_Store/input_txttotal), "value"): Attribute 'value' of object 'Object Repository/HealthpostToStore/Page_Store/input_txttotal' is: '10'

2018-05-28 10:56:04 - [MESSAGE][PASSED] - Attribute 'value' of object 'Object Repository/HealthpostToStore/Page_Store/input_txttotal' is: '10'

2018-05-28 10:56:04 - [TEST_STEP][PASSED] - Statement - out.println("Requested QTY : " + RequestedQty): null

2018-05-28 10:56:04 - [TEST_STEP][PASSED] - Statement - BatchNumber = com.kms.katalon.core.webui.keyword.WebUiBuiltInKeywords.getNumberOfTotalOption(com.kms.katalon.core.testobject.ObjectRepository.findTestObject(HealthpostToStore/Page_Store/select_--Select--BA1170BA2376B)): 3 options of object 'Object Repository/HealthpostToStore/Page_Store/select_--Select--BA1170BA2376B' counted

2018-05-28 10:56:05 - [MESSAGE][PASSED] - 3 options of object 'Object Repository/HealthpostToStore/Page_Store/select_--Select--BA1170BA2376B' counted

2018-05-28 10:56:05 - [TEST_STEP][PASSED] - Statement - For ([g = 1, g <= BatchNumber - 1, (g++)]): null

2018-05-28 10:56:05 - [TEST_STEP][PASSED] - selectOptionByIndex: All options with index in [1] are selected on object 'Object Repository/HealthpostToStore/Page_Store/select_--Select--BA1170BA2376B'

2018-05-28 10:56:05 - [MESSAGE][PASSED] - All options with index in [1] are selected on object 'Object Repository/HealthpostToStore/Page_Store/select_--Select--BA1170BA2376B'

2018-05-28 10:56:05 - [TEST_STEP][PASSED] - Statement - Try: null

2018-05-28 10:56:05 - [TEST_STEP][PASSED] - Statement - StockQty = com.kms.katalon.core.webui.keyword.WebUiBuiltInKeywords.getAttribute(com.kms.katalon.core.testobject.ObjectRepository.findTestObject(HealthpostToStore/Page_Store/input_txtprice), "value"): Attribute 'value' of object 'Object Repository/HealthpostToStore/Page_Store/input_txtprice' is: '450'

2018-05-28 10:56:05 - [MESSAGE][PASSED] - Attribute 'value' of object 'Object Repository/HealthpostToStore/Page_Store/input_txtprice' is: '450'

2018-05-28 10:56:05 - [TEST_STEP][PASSED] - Statement - out.println("Stock QTY : " + StockQty): null

2018-05-28 10:56:05 - [TEST_STEP][PASSED] - delay: Delayed 2 second(s)

2018-05-28 10:56:07 - [MESSAGE][PASSED] - Delayed 2 second(s)

2018-05-28 10:56:07 - [TEST_STEP][PASSED] - Statement - If (java.lang.String.valueOf(StockQty) >= java.lang.String.valueOf(RequestedQty)): null

2018-05-28 10:56:07 - [TEST_STEP][PASSED] - setText: Text '10' is set on object 'Object Repository/HealthpostToStore/Page_Store/input_txtqty'

2018-05-28 10:56:07 - [MESSAGE][PASSED] - Text '10' is set on object 'Object Repository/HealthpostToStore/Page_Store/input_txtqty'

2018-05-28 10:56:07 - [TEST_STEP][PASSED] - click: Object: 'Object Repository/HealthpostToStore/Page_Store/button_Add' is clicked on

2018-05-28 10:56:07 - [MESSAGE][PASSED] - Object: 'Object Repository/HealthpostToStore/Page_Store/button_Add' is clicked on

2018-05-28 10:56:07 - [TEST_STEP][PASSED] - Statement - Break: null

2018-05-28 10:56:07 - [TEST_STEP][PASSED] - selectOptionByIndex: All options with index in [18] are selected on object 'Object Repository/HealthpostToStore/Page_Store/select_--Select--Adernaline 0.'

2018-05-28 10:56:07 - [MESSAGE][PASSED] - All options with index in [18] are selected on object 'Object Repository/HealthpostToStore/Page_Store/select_--Select--Adernaline 0.'

2018-05-28 10:56:07 - [TEST_STEP][PASSED] - delay: Delayed 2 second(s)

2018-05-28 10:56:09 - [MESSAGE][PASSED] - Delayed 2 second(s)

2018-05-28 10:56:09 - [TEST_STEP][PASSED] - Statement - RequestedQty = com.kms.katalon.core.webui.keyword.WebUiBuiltInKeywords.getAttribute(com.kms.katalon.core.testobject.ObjectRepository.findTestObject(HealthpostToStore/Page_Store/input_txttotal), "value"): Attribute 'value' of object 'Object Repository/HealthpostToStore/Page_Store/input_txttotal' is: '10'

2018-05-28 10:56:09 - [MESSAGE][PASSED] - Attribute 'value' of object 'Object Repository/HealthpostToStore/Page_Store/input_txttotal' is: '10'

2018-05-28 10:56:09 - [TEST_STEP][PASSED] - Statement - out.println("Requested QTY : " + RequestedQty): null

2018-05-28 10:56:09 - [TEST_STEP][PASSED] - Statement - BatchNumber = com.kms.katalon.core.webui.keyword.WebUiBuiltInKeywords.getNumberOfTotalOption(com.kms.katalon.core.testobject.ObjectRepository.findTestObject(HealthpostToStore/Page_Store/select_--Select--BA1170BA2376B)): 3 options of object 'Object Repository/HealthpostToStore/Page_Store/select_--Select--BA1170BA2376B' counted

2018-05-28 10:56:09 - [MESSAGE][PASSED] - 3 options of object 'Object Repository/HealthpostToStore/Page_Store/select_--Select--BA1170BA2376B' counted

2018-05-28 10:56:09 - [TEST_STEP][PASSED] - Statement - For ([g = 1, g <= BatchNumber - 1, (g++)]): null

2018-05-28 10:56:09 - [TEST_STEP][PASSED] - selectOptionByIndex: All options with index in [1] are selected on object 'Object Repository/HealthpostToStore/Page_Store/select_--Select--BA1170BA2376B'

2018-05-28 10:56:09 - [MESSAGE][PASSED] - All options with index in [1] are selected on object 'Object Repository/HealthpostToStore/Page_Store/select_--Select--BA1170BA2376B'

2018-05-28 10:56:09 - [TEST_STEP][PASSED] - Statement - Try: null

2018-05-28 10:56:09 - [TEST_STEP][PASSED] - Statement - StockQty = com.kms.katalon.core.webui.keyword.WebUiBuiltInKeywords.getAttribute(com.kms.katalon.core.testobject.ObjectRepository.findTestObject(HealthpostToStore/Page_Store/input_txtprice), "value"): Attribute 'value' of object 'Object Repository/HealthpostToStore/Page_Store/input_txtprice' is: '450'

2018-05-28 10:56:09 - [MESSAGE][PASSED] - Attribute 'value' of object 'Object Repository/HealthpostToStore/Page_Store/input_txtprice' is: '450'

2018-05-28 10:56:09 - [TEST_STEP][PASSED] - Statement - out.println("Stock QTY : " + StockQty): null

2018-05-28 10:56:09 - [TEST_STEP][PASSED] - delay: Delayed 2 second(s)

2018-05-28 10:56:11 - [MESSAGE][PASSED] - Delayed 2 second(s)

2018-05-28 10:56:11 - [TEST_STEP][PASSED] - Statement - If (java.lang.String.valueOf(StockQty) >= java.lang.String.valueOf(RequestedQty)): null

2018-05-28 10:56:11 - [TEST_STEP][PASSED] - setText: Text '10' is set on object 'Object Repository/HealthpostToStore/Page_Store/input_txtqty'

2018-05-28 10:56:11 - [MESSAGE][PASSED] - Text '10' is set on object 'Object Repository/HealthpostToStore/Page_Store/input_txtqty'

2018-05-28 10:56:11 - [TEST_STEP][PASSED] - click: Object: 'Object Repository/HealthpostToStore/Page_Store/button_Add' is clicked on

2018-05-28 10:56:12 - [MESSAGE][PASSED] - Object: 'Object Repository/HealthpostToStore/Page_Store/button_Add' is clicked on

2018-05-28 10:56:12 - [TEST_STEP][PASSED] - Statement - Break: null

2018-05-28 10:56:12 - [TEST_STEP][PASSED] - selectOptionByIndex: All options with index in [19] are selected on object 'Object Repository/HealthpostToStore/Page_Store/select_--Select--Adernaline 0.'

2018-05-28 10:56:12 - [MESSAGE][PASSED] - All options with index in [19] are selected on object 'Object Repository/HealthpostToStore/Page_Store/select_--Select--Adernaline 0.'

2018-05-28 10:56:12 - [TEST_STEP][PASSED] - delay: Delayed 2 second(s)

2018-05-28 10:56:14 - [MESSAGE][PASSED] - Delayed 2 second(s)

2018-05-28 10:56:14 - [TEST_STEP][PASSED] - Statement - RequestedQty = com.kms.katalon.core.webui.keyword.WebUiBuiltInKeywords.getAttribute(com.kms.katalon.core.testobject.ObjectRepository.findTestObject(HealthpostToStore/Page_Store/input_txttotal), "value"): Attribute 'value' of object 'Object Repository/HealthpostToStore/Page_Store/input_txttotal' is: '10'

2018-05-28 10:56:14 - [MESSAGE][PASSED] - Attribute 'value' of object 'Object Repository/HealthpostToStore/Page_Store/input_txttotal' is: '10'

2018-05-28 10:56:14 - [TEST_STEP][PASSED] - Statement - out.println("Requested QTY : " + RequestedQty): null

2018-05-28 10:56:14 - [TEST_STEP][PASSED] - Statement - BatchNumber = com.kms.katalon.core.webui.keyword.WebUiBuiltInKeywords.getNumberOfTotalOption(com.kms.katalon.core.testobject.ObjectRepository.findTestObject(HealthpostToStore/Page_Store/select_--Select--BA1170BA2376B)): 3 options of object 'Object Repository/HealthpostToStore/Page_Store/select_--Select--BA1170BA2376B' counted

2018-05-28 10:56:14 - [MESSAGE][PASSED] - 3 options of object 'Object Repository/HealthpostToStore/Page_Store/select_--Select--BA1170BA2376B' counted

2018-05-28 10:56:14 - [TEST_STEP][PASSED] - Statement - For ([g = 1, g <= BatchNumber - 1, (g++)]): null

2018-05-28 10:56:14 - [TEST_STEP][PASSED] - selectOptionByIndex: All options with index in [1] are selected on object 'Object Repository/HealthpostToStore/Page_Store/select_--Select--BA1170BA2376B'

2018-05-28 10:56:14 - [MESSAGE][PASSED] - All options with index in [1] are selected on object 'Object Repository/HealthpostToStore/Page_Store/select_--Select--BA1170BA2376B'

2018-05-28 10:56:14 - [TEST_STEP][PASSED] - Statement - Try: null

2018-05-28 10:56:14 - [TEST_STEP][PASSED] - Statement - StockQty = com.kms.katalon.core.webui.keyword.WebUiBuiltInKeywords.getAttribute(com.kms.katalon.core.testobject.ObjectRepository.findTestObject(HealthpostToStore/Page_Store/input_txtprice), "value"): Attribute 'value' of object 'Object Repository/HealthpostToStore/Page_Store/input_txtprice' is: '450'

2018-05-28 10:56:14 - [MESSAGE][PASSED] - Attribute 'value' of object 'Object Repository/HealthpostToStore/Page_Store/input_txtprice' is: '450'

2018-05-28 10:56:14 - [TEST_STEP][PASSED] - Statement - out.println("Stock QTY : " + StockQty): null

2018-05-28 10:56:14 - [TEST_STEP][PASSED] - delay: Delayed 2 second(s)

2018-05-28 10:56:16 - [MESSAGE][PASSED] - Delayed 2 second(s)

2018-05-28 10:56:16 - [TEST_STEP][PASSED] - Statement - If (java.lang.String.valueOf(StockQty) >= java.lang.String.valueOf(RequestedQty)): null

2018-05-28 10:56:16 - [TEST_STEP][PASSED] - setText: Text '10' is set on object 'Object Repository/HealthpostToStore/Page_Store/input_txtqty'

2018-05-28 10:56:16 - [MESSAGE][PASSED] - Text '10' is set on object 'Object Repository/HealthpostToStore/Page_Store/input_txtqty'

2018-05-28 10:56:16 - [TEST_STEP][PASSED] - click: Object: 'Object Repository/HealthpostToStore/Page_Store/button_Add' is clicked on

2018-05-28 10:56:16 - [MESSAGE][PASSED] - Object: 'Object Repository/HealthpostToStore/Page_Store/button_Add' is clicked on

2018-05-28 10:56:16 - [TEST_STEP][PASSED] - Statement - Break: null

2018-05-28 10:56:16 - [TEST_STEP][PASSED] - selectOptionByIndex: All options with index in [20] are selected on object 'Object Repository/HealthpostToStore/Page_Store/select_--Select--Adernaline 0.'

2018-05-28 10:56:17 - [MESSAGE][PASSED] - All options with index in [20] are selected on object 'Object Repository/HealthpostToStore/Page_Store/select_--Select--Adernaline 0.'

2018-05-28 10:56:17 - [TEST_STEP][PASSED] - delay: Delayed 2 second(s)

2018-05-28 10:56:19 - [MESSAGE][PASSED] - Delayed 2 second(s)

2018-05-28 10:56:19 - [TEST_STEP][PASSED] - Statement - RequestedQty = com.kms.katalon.core.webui.keyword.WebUiBuiltInKeywords.getAttribute(com.kms.katalon.core.testobject.ObjectRepository.findTestObject(HealthpostToStore/Page_Store/input_txttotal), "value"): Attribute 'value' of object 'Object Repository/HealthpostToStore/Page_Store/input_txttotal' is: '10'

2018-05-28 10:56:19 - [MESSAGE][PASSED] - Attribute 'value' of object 'Object Repository/HealthpostToStore/Page_Store/input_txttotal' is: '10'

2018-05-28 10:56:19 - [TEST_STEP][PASSED] - Statement - out.println("Requested QTY : " + RequestedQty): null

2018-05-28 10:56:19 - [TEST_STEP][PASSED] - Statement - BatchNumber = com.kms.katalon.core.webui.keyword.WebUiBuiltInKeywords.getNumberOfTotalOption(com.kms.katalon.core.testobject.ObjectRepository.findTestObject(HealthpostToStore/Page_Store/select_--Select--BA1170BA2376B)): 3 options of object 'Object Repository/HealthpostToStore/Page_Store/select_--Select--BA1170BA2376B' counted

2018-05-28 10:56:19 - [MESSAGE][PASSED] - 3 options of object 'Object Repository/HealthpostToStore/Page_Store/select_--Select--BA1170BA2376B' counted

2018-05-28 10:56:19 - [TEST_STEP][PASSED] - Statement - For ([g = 1, g <= BatchNumber - 1, (g++)]): null

2018-05-28 10:56:19 - [TEST_STEP][PASSED] - selectOptionByIndex: All options with index in [1] are selected on object 'Object Repository/HealthpostToStore/Page_Store/select_--Select--BA1170BA2376B'

2018-05-28 10:56:19 - [MESSAGE][PASSED] - All options with index in [1] are selected on object 'Object Repository/HealthpostToStore/Page_Store/select_--Select--BA1170BA2376B'

2018-05-28 10:56:19 - [TEST_STEP][PASSED] - Statement - Try: null

2018-05-28 10:56:19 - [TEST_STEP][PASSED] - Statement - StockQty = com.kms.katalon.core.webui.keyword.WebUiBuiltInKeywords.getAttribute(com.kms.katalon.core.testobject.ObjectRepository.findTestObject(HealthpostToStore/Page_Store/input_txtprice), "value"): Attribute 'value' of object 'Object Repository/HealthpostToStore/Page_Store/input_txtprice' is: '450'

2018-05-28 10:56:19 - [MESSAGE][PASSED] - Attribute 'value' of object 'Object Repository/HealthpostToStore/Page_Store/input_txtprice' is: '450'

2018-05-28 10:56:19 - [TEST_STEP][PASSED] - Statement - out.println("Stock QTY : " + StockQty): null

2018-05-28 10:56:19 - [TEST_STEP][PASSED] - delay: Delayed 2 second(s)

2018-05-28 10:56:21 - [MESSAGE][PASSED] - Delayed 2 second(s)

2018-05-28 10:56:21 - [TEST_STEP][PASSED] - Statement - If (java.lang.String.valueOf(StockQty) >= java.lang.String.valueOf(RequestedQty)): null

2018-05-28 10:56:21 - [TEST_STEP][PASSED] - setText: Text '10' is set on object 'Object Repository/HealthpostToStore/Page_Store/input_txtqty'

2018-05-28 10:56:21 - [MESSAGE][PASSED] - Text '10' is set on object 'Object Repository/HealthpostToStore/Page_Store/input_txtqty'

2018-05-28 10:56:21 - [TEST_STEP][PASSED] - click: Object: 'Object Repository/HealthpostToStore/Page_Store/button_Add' is clicked on

2018-05-28 10:56:21 - [MESSAGE][PASSED] - Object: 'Object Repository/HealthpostToStore/Page_Store/button_Add' is clicked on

2018-05-28 10:56:21 - [TEST_STEP][PASSED] - Statement - Break: null

2018-05-28 10:56:21 - [TEST_STEP][PASSED] - selectOptionByIndex: All options with index in [21] are selected on object 'Object Repository/HealthpostToStore/Page_Store/select_--Select--Adernaline 0.'

2018-05-28 10:56:21 - [MESSAGE][PASSED] - All options with index in [21] are selected on object 'Object Repository/HealthpostToStore/Page_Store/select_--Select--Adernaline 0.'

2018-05-28 10:56:21 - [TEST_STEP][PASSED] - delay: Delayed 2 second(s)

2018-05-28 10:56:23 - [MESSAGE][PASSED] - Delayed 2 second(s)

2018-05-28 10:56:23 - [TEST_STEP][PASSED] - Statement - RequestedQty = com.kms.katalon.core.webui.keyword.WebUiBuiltInKeywords.getAttribute(com.kms.katalon.core.testobject.ObjectRepository.findTestObject(HealthpostToStore/Page_Store/input_txttotal), "value"): Attribute 'value' of object 'Object Repository/HealthpostToStore/Page_Store/input_txttotal' is: '10'

2018-05-28 10:56:23 - [MESSAGE][PASSED] - Attribute 'value' of object 'Object Repository/HealthpostToStore/Page_Store/input_txttotal' is: '10'

2018-05-28 10:56:23 - [TEST_STEP][PASSED] - Statement - out.println("Requested QTY : " + RequestedQty): null

2018-05-28 10:56:23 - [TEST_STEP][PASSED] - Statement - BatchNumber = com.kms.katalon.core.webui.keyword.WebUiBuiltInKeywords.getNumberOfTotalOption(com.kms.katalon.core.testobject.ObjectRepository.findTestObject(HealthpostToStore/Page_Store/select_--Select--BA1170BA2376B)): 3 options of object 'Object Repository/HealthpostToStore/Page_Store/select_--Select--BA1170BA2376B' counted

2018-05-28 10:56:23 - [MESSAGE][PASSED] - 3 options of object 'Object Repository/HealthpostToStore/Page_Store/select_--Select--BA1170BA2376B' counted

2018-05-28 10:56:23 - [TEST_STEP][PASSED] - Statement - For ([g = 1, g <= BatchNumber - 1, (g++)]): null

2018-05-28 10:56:23 - [TEST_STEP][PASSED] - selectOptionByIndex: All options with index in [1] are selected on object 'Object Repository/HealthpostToStore/Page_Store/select_--Select--BA1170BA2376B'

2018-05-28 10:56:24 - [MESSAGE][PASSED] - All options with index in [1] are selected on object 'Object Repository/HealthpostToStore/Page_Store/select_--Select--BA1170BA2376B'

2018-05-28 10:56:24 - [TEST_STEP][PASSED] - Statement - Try: null

2018-05-28 10:56:24 - [TEST_STEP][PASSED] - Statement - StockQty = com.kms.katalon.core.webui.keyword.WebUiBuiltInKeywords.getAttribute(com.kms.katalon.core.testobject.ObjectRepository.findTestObject(HealthpostToStore/Page_Store/input_txtprice), "value"): Attribute 'value' of object 'Object Repository/HealthpostToStore/Page_Store/input_txtprice' is: '450'

2018-05-28 10:56:24 - [MESSAGE][PASSED] - Attribute 'value' of object 'Object Repository/HealthpostToStore/Page_Store/input_txtprice' is: '450'

2018-05-28 10:56:24 - [TEST_STEP][PASSED] - Statement - out.println("Stock QTY : " + StockQty): null

2018-05-28 10:56:24 - [TEST_STEP][PASSED] - delay: Delayed 2 second(s)

2018-05-28 10:56:26 - [MESSAGE][PASSED] - Delayed 2 second(s)

2018-05-28 10:56:26 - [TEST_STEP][PASSED] - Statement - If (java.lang.String.valueOf(StockQty) >= java.lang.String.valueOf(RequestedQty)): null

2018-05-28 10:56:26 - [TEST_STEP][PASSED] - setText: Text '10' is set on object 'Object Repository/HealthpostToStore/Page_Store/input_txtqty'

2018-05-28 10:56:26 - [MESSAGE][PASSED] - Text '10' is set on object 'Object Repository/HealthpostToStore/Page_Store/input_txtqty'

2018-05-28 10:56:26 - [TEST_STEP][PASSED] - click: Object: 'Object Repository/HealthpostToStore/Page_Store/button_Add' is clicked on

2018-05-28 10:56:26 - [MESSAGE][PASSED] - Object: 'Object Repository/HealthpostToStore/Page_Store/button_Add' is clicked on

2018-05-28 10:56:26 - [TEST_STEP][PASSED] - Statement - Break: null

2018-05-28 10:56:26 - [TEST_STEP][PASSED] - selectOptionByIndex: All options with index in [22] are selected on object 'Object Repository/HealthpostToStore/Page_Store/select_--Select--Adernaline 0.'

2018-05-28 10:56:26 - [MESSAGE][PASSED] - All options with index in [22] are selected on object 'Object Repository/HealthpostToStore/Page_Store/select_--Select--Adernaline 0.'

2018-05-28 10:56:26 - [TEST_STEP][PASSED] - delay: Delayed 2 second(s)

2018-05-28 10:56:28 - [MESSAGE][PASSED] - Delayed 2 second(s)

2018-05-28 10:56:28 - [TEST_STEP][PASSED] - Statement - RequestedQty = com.kms.katalon.core.webui.keyword.WebUiBuiltInKeywords.getAttribute(com.kms.katalon.core.testobject.ObjectRepository.findTestObject(HealthpostToStore/Page_Store/input_txttotal), "value"): Attribute 'value' of object 'Object Repository/HealthpostToStore/Page_Store/input_txttotal' is: '10'

2018-05-28 10:56:28 - [MESSAGE][PASSED] - Attribute 'value' of object 'Object Repository/HealthpostToStore/Page_Store/input_txttotal' is: '10'

2018-05-28 10:56:28 - [TEST_STEP][PASSED] - Statement - out.println("Requested QTY : " + RequestedQty): null

2018-05-28 10:56:28 - [TEST_STEP][PASSED] - Statement - BatchNumber = com.kms.katalon.core.webui.keyword.WebUiBuiltInKeywords.getNumberOfTotalOption(com.kms.katalon.core.testobject.ObjectRepository.findTestObject(HealthpostToStore/Page_Store/select_--Select--BA1170BA2376B)): 3 options of object 'Object Repository/HealthpostToStore/Page_Store/select_--Select--BA1170BA2376B' counted

2018-05-28 10:56:28 - [MESSAGE][PASSED] - 3 options of object 'Object Repository/HealthpostToStore/Page_Store/select_--Select--BA1170BA2376B' counted

2018-05-28 10:56:28 - [TEST_STEP][PASSED] - Statement - For ([g = 1, g <= BatchNumber - 1, (g++)]): null

2018-05-28 10:56:28 - [TEST_STEP][PASSED] - selectOptionByIndex: All options with index in [1] are selected on object 'Object Repository/HealthpostToStore/Page_Store/select_--Select--BA1170BA2376B'

2018-05-28 10:56:28 - [MESSAGE][PASSED] - All options with index in [1] are selected on object 'Object Repository/HealthpostToStore/Page_Store/select_--Select--BA1170BA2376B'

2018-05-28 10:56:28 - [TEST_STEP][PASSED] - Statement - Try: null

2018-05-28 10:56:28 - [TEST_STEP][PASSED] - Statement - StockQty = com.kms.katalon.core.webui.keyword.WebUiBuiltInKeywords.getAttribute(com.kms.katalon.core.testobject.ObjectRepository.findTestObject(HealthpostToStore/Page_Store/input_txtprice), "value"): Attribute 'value' of object 'Object Repository/HealthpostToStore/Page_Store/input_txtprice' is: '450'

2018-05-28 10:56:28 - [MESSAGE][PASSED] - Attribute 'value' of object 'Object Repository/HealthpostToStore/Page_Store/input_txtprice' is: '450'

2018-05-28 10:56:28 - [TEST_STEP][PASSED] - Statement - out.println("Stock QTY : " + StockQty): null

2018-05-28 10:56:28 - [TEST_STEP][PASSED] - delay: Delayed 2 second(s)

2018-05-28 10:56:30 - [MESSAGE][PASSED] - Delayed 2 second(s)

2018-05-28 10:56:30 - [TEST_STEP][PASSED] - Statement - If (java.lang.String.valueOf(StockQty) >= java.lang.String.valueOf(RequestedQty)): null

2018-05-28 10:56:30 - [TEST_STEP][PASSED] - setText: Text '10' is set on object 'Object Repository/HealthpostToStore/Page_Store/input_txtqty'

2018-05-28 10:56:30 - [MESSAGE][PASSED] - Text '10' is set on object 'Object Repository/HealthpostToStore/Page_Store/input_txtqty'

2018-05-28 10:56:30 - [TEST_STEP][PASSED] - click: Object: 'Object Repository/HealthpostToStore/Page_Store/button_Add' is clicked on

2018-05-28 10:56:31 - [MESSAGE][PASSED] - Object: 'Object Repository/HealthpostToStore/Page_Store/button_Add' is clicked on

2018-05-28 10:56:31 - [TEST_STEP][PASSED] - Statement - Break: null

2018-05-28 10:56:31 - [TEST_STEP][PASSED] - selectOptionByIndex: All options with index in [23] are selected on object 'Object Repository/HealthpostToStore/Page_Store/select_--Select--Adernaline 0.'

2018-05-28 10:56:31 - [MESSAGE][PASSED] - All options with index in [23] are selected on object 'Object Repository/HealthpostToStore/Page_Store/select_--Select--Adernaline 0.'

2018-05-28 10:56:31 - [TEST_STEP][PASSED] - delay: Delayed 2 second(s)

2018-05-28 10:56:33 - [MESSAGE][PASSED] - Delayed 2 second(s)

2018-05-28 10:56:33 - [TEST_STEP][PASSED] - Statement - RequestedQty = com.kms.katalon.core.webui.keyword.WebUiBuiltInKeywords.getAttribute(com.kms.katalon.core.testobject.ObjectRepository.findTestObject(HealthpostToStore/Page_Store/input_txttotal), "value"): Attribute 'value' of object 'Object Repository/HealthpostToStore/Page_Store/input_txttotal' is: '10'

2018-05-28 10:56:33 - [MESSAGE][PASSED] - Attribute 'value' of object 'Object Repository/HealthpostToStore/Page_Store/input_txttotal' is: '10'

2018-05-28 10:56:33 - [TEST_STEP][PASSED] - Statement - out.println("Requested QTY : " + RequestedQty): null

2018-05-28 10:56:33 - [TEST_STEP][PASSED] - Statement - BatchNumber = com.kms.katalon.core.webui.keyword.WebUiBuiltInKeywords.getNumberOfTotalOption(com.kms.katalon.core.testobject.ObjectRepository.findTestObject(HealthpostToStore/Page_Store/select_--Select--BA1170BA2376B)): 3 options of object 'Object Repository/HealthpostToStore/Page_Store/select_--Select--BA1170BA2376B' counted

2018-05-28 10:56:33 - [MESSAGE][PASSED] - 3 options of object 'Object Repository/HealthpostToStore/Page_Store/select_--Select--BA1170BA2376B' counted

2018-05-28 10:56:33 - [TEST_STEP][PASSED] - Statement - For ([g = 1, g <= BatchNumber - 1, (g++)]): null

2018-05-28 10:56:33 - [TEST_STEP][PASSED] - selectOptionByIndex: All options with index in [1] are selected on object 'Object Repository/HealthpostToStore/Page_Store/select_--Select--BA1170BA2376B'

2018-05-28 10:56:33 - [MESSAGE][PASSED] - All options with index in [1] are selected on object 'Object Repository/HealthpostToStore/Page_Store/select_--Select--BA1170BA2376B'

2018-05-28 10:56:33 - [TEST_STEP][PASSED] - Statement - Try: null

2018-05-28 10:56:33 - [TEST_STEP][PASSED] - Statement - StockQty = com.kms.katalon.core.webui.keyword.WebUiBuiltInKeywords.getAttribute(com.kms.katalon.core.testobject.ObjectRepository.findTestObject(HealthpostToStore/Page_Store/input_txtprice), "value"): Attribute 'value' of object 'Object Repository/HealthpostToStore/Page_Store/input_txtprice' is: '450'

2018-05-28 10:56:33 - [MESSAGE][PASSED] - Attribute 'value' of object 'Object Repository/HealthpostToStore/Page_Store/input_txtprice' is: '450'

2018-05-28 10:56:33 - [TEST_STEP][PASSED] - Statement - out.println("Stock QTY : " + StockQty): null

2018-05-28 10:56:33 - [TEST_STEP][PASSED] - delay: Delayed 2 second(s)

2018-05-28 10:56:35 - [MESSAGE][PASSED] - Delayed 2 second(s)

2018-05-28 10:56:35 - [TEST_STEP][PASSED] - Statement - If (java.lang.String.valueOf(StockQty) >= java.lang.String.valueOf(RequestedQty)): null

2018-05-28 10:56:35 - [TEST_STEP][PASSED] - setText: Text '10' is set on object 'Object Repository/HealthpostToStore/Page_Store/input_txtqty'

2018-05-28 10:56:35 - [MESSAGE][PASSED] - Text '10' is set on object 'Object Repository/HealthpostToStore/Page_Store/input_txtqty'

2018-05-28 10:56:35 - [TEST_STEP][PASSED] - click: Object: 'Object Repository/HealthpostToStore/Page_Store/button_Add' is clicked on

2018-05-28 10:56:35 - [MESSAGE][PASSED] - Object: 'Object Repository/HealthpostToStore/Page_Store/button_Add' is clicked on

2018-05-28 10:56:35 - [TEST_STEP][PASSED] - Statement - Break: null

2018-05-28 10:56:35 - [TEST_STEP][PASSED] - scrollToElement: Scroll to object 'Object Repository/HealthpostToStore/Page_Store/input_btnSubmit' successfully

2018-05-28 10:56:35 - [MESSAGE][PASSED] - Scroll to object 'Object Repository/HealthpostToStore/Page_Store/input_btnSubmit' successfully

2018-05-28 10:56:35 - [TEST_STEP][PASSED] - click: Object: 'Object Repository/HealthpostToStore/Page_Store/input_btnSubmit' is clicked on

2018-05-28 10:56:35 - [MESSAGE][PASSED] - Object: 'Object Repository/HealthpostToStore/Page_Store/input_btnSubmit' is clicked on

2018-05-28 10:56:35 - [TEST_STEP][PASSED] - delay: Delayed 3 second(s)

2018-05-28 10:56:38 - [MESSAGE][PASSED] - Delayed 3 second(s)

2018-05-28 10:56:38 - [TEST_STEP][PASSED] - click: Object: 'Object Repository/HealthpostToStore/Page_Store/button_OK' is clicked on

2018-05-28 10:56:39 - [MESSAGE][PASSED] - Object: 'Object Repository/HealthpostToStore/Page_Store/button_OK' is clicked on

2018-05-28 10:56:39 - [TEST_STEP][PASSED] - delay: Delayed 3 second(s)

2018-05-28 10:56:42 - [MESSAGE][PASSED] - Delayed 3 second(s)

2018-05-28 10:56:42 - [TEST_STEP][PASSED] - click: Object: 'Object Repository/HealthpostToStore/Page_Store/a_dropdown-toggle' is clicked on

2018-05-28 10:56:42 - [MESSAGE][PASSED] - Object: 'Object Repository/HealthpostToStore/Page_Store/a_dropdown-toggle' is clicked on

2018-05-28 10:56:42 - [TEST_STEP][PASSED] - click: Object: 'Object Repository/HealthpostToStore/Page_Store/a_Sign out' is clicked on

2018-05-28 10:56:43 - [MESSAGE][PASSED] - Object: 'Object Repository/HealthpostToStore/Page_Store/a_Sign out' is clicked on

2018-05-28 10:56:43 - [TEST_STEP][PASSED] - closeBrowser: Browser is closed

2018-05-28 10:56:43 - [MESSAGE][PASSED] - Browser is closed]]></system-out>
         <system-err><![CDATA[]]></system-err>
      </testcase>
      <testcase name="Test Cases/HEALTHPOST TEST CASES/TC_HP_008 Verify Schedule 8 Healthpost Request Are Working Successfully Or Not" classname="Test Cases/HEALTHPOST TEST CASES/TC_HP_008 Verify Schedule 8 Healthpost Request Are Working Successfully Or Not" status="PASSED">
         <system-out><![CDATA[2018-05-28 10:56:43 - [TEST_CASE][PASSED] - Test Cases/HEALTHPOST TEST CASES/TC_HP_008 Verify Schedule 8 Healthpost Request Are Working Successfully Or Not: Test Cases/HEALTHPOST TEST CASES/TC_HP_008 Verify Schedule 8 Healthpost Request Are Working Successfully Or Not

2018-05-28 10:56:44 - [TEST_STEP][PASSED] - openBrowser: Browser is opened with url: ''

2018-05-28 10:56:46 - [MESSAGE][PASSED] - Browser is opened with url: ''

2018-05-28 10:56:46 - [TEST_STEP][PASSED] - navigateToUrl: Navigate to 'http://192.168.137.1/multihospital_new/HDSplashscreen.aspx' successfully

2018-05-28 10:56:48 - [MESSAGE][PASSED] - Navigate to 'http://192.168.137.1/multihospital_new/HDSplashscreen.aspx' successfully

2018-05-28 10:56:48 - [TEST_STEP][PASSED] - maximizeWindow: Current window maximized

2018-05-28 10:56:49 - [MESSAGE][PASSED] - Current window maximized

2018-05-28 10:56:49 - [TEST_STEP][PASSED] - click: Object: 'Object Repository/HealthpostToStore/Page_KDMC/a_Healthpost Store' is clicked on

2018-05-28 10:56:50 - [MESSAGE][PASSED] - Object: 'Object Repository/HealthpostToStore/Page_KDMC/a_Healthpost Store' is clicked on

2018-05-28 10:56:50 - [TEST_STEP][PASSED] - setText: Text 'raguram' is set on object 'Object Repository/HealthpostToStore/Page_HealthPost Store Login/input_txtusername'

2018-05-28 10:56:50 - [MESSAGE][PASSED] - Text 'raguram' is set on object 'Object Repository/HealthpostToStore/Page_HealthPost Store Login/input_txtusername'

2018-05-28 10:56:50 - [TEST_STEP][PASSED] - setText: Text '123' is set on object 'Object Repository/HealthpostToStore/Page_HealthPost Store Login/input_txtpassword'

2018-05-28 10:56:50 - [MESSAGE][PASSED] - Text '123' is set on object 'Object Repository/HealthpostToStore/Page_HealthPost Store Login/input_txtpassword'

2018-05-28 10:56:50 - [TEST_STEP][PASSED] - delay: Delayed 3 second(s)

2018-05-28 10:56:53 - [MESSAGE][PASSED] - Delayed 3 second(s)

2018-05-28 10:56:53 - [TEST_STEP][PASSED] - sendKeys: Keys 'ENTER + ' sent to object: 'Object Repository/HealthpostToStore/Page_HealthPost Store Login/input_txtpassword'

2018-05-28 10:56:53 - [MESSAGE][PASSED] - Keys 'ENTER + ' sent to object: 'Object Repository/HealthpostToStore/Page_HealthPost Store Login/input_txtpassword'

2018-05-28 10:56:53 - [TEST_STEP][PASSED] - delay: Delayed 3 second(s)

2018-05-28 10:56:56 - [MESSAGE][PASSED] - Delayed 3 second(s)

2018-05-28 10:56:56 - [TEST_STEP][PASSED] - click: Object: 'Object Repository/HealthpostToStore/Page_HealthPost Store/a_Request to Store' is clicked on

2018-05-28 10:56:57 - [MESSAGE][PASSED] - Object: 'Object Repository/HealthpostToStore/Page_HealthPost Store/a_Request to Store' is clicked on

2018-05-28 10:56:57 - [TEST_STEP][PASSED] - delay: Delayed 1 second(s)

2018-05-28 10:56:58 - [MESSAGE][PASSED] - Delayed 1 second(s)

2018-05-28 10:56:58 - [TEST_STEP][PASSED] - click: Object: 'Object Repository/HealthpostToStore/Page_HealthPost Store/a_Medicine Request' is clicked on

2018-05-28 10:56:58 - [MESSAGE][PASSED] - Object: 'Object Repository/HealthpostToStore/Page_HealthPost Store/a_Medicine Request' is clicked on

2018-05-28 10:56:58 - [TEST_STEP][PASSED] - delay: Delayed 1 second(s)

2018-05-28 10:56:59 - [MESSAGE][PASSED] - Delayed 1 second(s)

2018-05-28 10:56:59 - [TEST_STEP][PASSED] - selectOptionByIndex: All options with index in [8] are selected on object 'Object Repository/HealthpostToStore/Page_HealthPost Store/select_--Select--Schedule 1Inj'

2018-05-28 10:56:59 - [MESSAGE][PASSED] - All options with index in [8] are selected on object 'Object Repository/HealthpostToStore/Page_HealthPost Store/select_--Select--Schedule 1Inj'

2018-05-28 10:56:59 - [TEST_STEP][PASSED] - Statement - medicineslength = com.kms.katalon.core.webui.keyword.WebUiBuiltInKeywords.getNumberOfTotalOption(com.kms.katalon.core.testobject.ObjectRepository.findTestObject(HealthpostToStore/Page_HealthPost Store/select_--Select--Adernaline 0.)): 18 options of object 'Object Repository/HealthpostToStore/Page_HealthPost Store/select_--Select--Adernaline 0.' counted

2018-05-28 10:56:59 - [MESSAGE][PASSED] - 18 options of object 'Object Repository/HealthpostToStore/Page_HealthPost Store/select_--Select--Adernaline 0.' counted

2018-05-28 10:56:59 - [TEST_STEP][PASSED] - Statement - For ([e = 1, e <= medicineslength - 1, (e++)]): Object: 'Object Repository/HealthpostToStore/Page_HealthPost Store/button_Add' is clicked on

2018-05-28 10:56:59 - [TEST_STEP][PASSED] - selectOptionByIndex: All options with index in [8] are selected on object 'Object Repository/HealthpostToStore/Page_HealthPost Store/select_--Select--Schedule 1Inj'

2018-05-28 10:57:00 - [MESSAGE][PASSED] - All options with index in [8] are selected on object 'Object Repository/HealthpostToStore/Page_HealthPost Store/select_--Select--Schedule 1Inj'

2018-05-28 10:57:00 - [TEST_STEP][PASSED] - delay: Delayed 1 second(s)

2018-05-28 10:57:01 - [MESSAGE][PASSED] - Delayed 1 second(s)

2018-05-28 10:57:01 - [TEST_STEP][PASSED] - selectOptionByIndex: All options with index in [1] are selected on object 'Object Repository/HealthpostToStore/Page_HealthPost Store/select_--Select--Adernaline 0.'

2018-05-28 10:57:01 - [MESSAGE][PASSED] - All options with index in [1] are selected on object 'Object Repository/HealthpostToStore/Page_HealthPost Store/select_--Select--Adernaline 0.'

2018-05-28 10:57:01 - [TEST_STEP][PASSED] - setText: Text '10' is set on object 'Object Repository/HealthpostToStore/Page_HealthPost Store/input_txttreat'

2018-05-28 10:57:01 - [MESSAGE][PASSED] - Text '10' is set on object 'Object Repository/HealthpostToStore/Page_HealthPost Store/input_txttreat'

2018-05-28 10:57:01 - [TEST_STEP][PASSED] - click: Object: 'Object Repository/HealthpostToStore/Page_HealthPost Store/button_Add' is clicked on

2018-05-28 10:57:01 - [MESSAGE][PASSED] - Object: 'Object Repository/HealthpostToStore/Page_HealthPost Store/button_Add' is clicked on

2018-05-28 10:57:01 - [TEST_STEP][PASSED] - selectOptionByIndex: All options with index in [8] are selected on object 'Object Repository/HealthpostToStore/Page_HealthPost Store/select_--Select--Schedule 1Inj'

2018-05-28 10:57:01 - [MESSAGE][PASSED] - All options with index in [8] are selected on object 'Object Repository/HealthpostToStore/Page_HealthPost Store/select_--Select--Schedule 1Inj'

2018-05-28 10:57:01 - [TEST_STEP][PASSED] - delay: Delayed 1 second(s)

2018-05-28 10:57:02 - [MESSAGE][PASSED] - Delayed 1 second(s)

2018-05-28 10:57:02 - [TEST_STEP][PASSED] - selectOptionByIndex: All options with index in [2] are selected on object 'Object Repository/HealthpostToStore/Page_HealthPost Store/select_--Select--Adernaline 0.'

2018-05-28 10:57:02 - [MESSAGE][PASSED] - All options with index in [2] are selected on object 'Object Repository/HealthpostToStore/Page_HealthPost Store/select_--Select--Adernaline 0.'

2018-05-28 10:57:02 - [TEST_STEP][PASSED] - setText: Text '10' is set on object 'Object Repository/HealthpostToStore/Page_HealthPost Store/input_txttreat'

2018-05-28 10:57:02 - [MESSAGE][PASSED] - Text '10' is set on object 'Object Repository/HealthpostToStore/Page_HealthPost Store/input_txttreat'

2018-05-28 10:57:02 - [TEST_STEP][PASSED] - click: Object: 'Object Repository/HealthpostToStore/Page_HealthPost Store/button_Add' is clicked on

2018-05-28 10:57:02 - [MESSAGE][PASSED] - Object: 'Object Repository/HealthpostToStore/Page_HealthPost Store/button_Add' is clicked on

2018-05-28 10:57:02 - [TEST_STEP][PASSED] - selectOptionByIndex: All options with index in [8] are selected on object 'Object Repository/HealthpostToStore/Page_HealthPost Store/select_--Select--Schedule 1Inj'

2018-05-28 10:57:03 - [MESSAGE][PASSED] - All options with index in [8] are selected on object 'Object Repository/HealthpostToStore/Page_HealthPost Store/select_--Select--Schedule 1Inj'

2018-05-28 10:57:03 - [TEST_STEP][PASSED] - delay: Delayed 1 second(s)

2018-05-28 10:57:04 - [MESSAGE][PASSED] - Delayed 1 second(s)

2018-05-28 10:57:04 - [TEST_STEP][PASSED] - selectOptionByIndex: All options with index in [3] are selected on object 'Object Repository/HealthpostToStore/Page_HealthPost Store/select_--Select--Adernaline 0.'

2018-05-28 10:57:04 - [MESSAGE][PASSED] - All options with index in [3] are selected on object 'Object Repository/HealthpostToStore/Page_HealthPost Store/select_--Select--Adernaline 0.'

2018-05-28 10:57:04 - [TEST_STEP][PASSED] - setText: Text '10' is set on object 'Object Repository/HealthpostToStore/Page_HealthPost Store/input_txttreat'

2018-05-28 10:57:04 - [MESSAGE][PASSED] - Text '10' is set on object 'Object Repository/HealthpostToStore/Page_HealthPost Store/input_txttreat'

2018-05-28 10:57:04 - [TEST_STEP][PASSED] - click: Object: 'Object Repository/HealthpostToStore/Page_HealthPost Store/button_Add' is clicked on

2018-05-28 10:57:04 - [MESSAGE][PASSED] - Object: 'Object Repository/HealthpostToStore/Page_HealthPost Store/button_Add' is clicked on

2018-05-28 10:57:04 - [TEST_STEP][PASSED] - selectOptionByIndex: All options with index in [8] are selected on object 'Object Repository/HealthpostToStore/Page_HealthPost Store/select_--Select--Schedule 1Inj'

2018-05-28 10:57:04 - [MESSAGE][PASSED] - All options with index in [8] are selected on object 'Object Repository/HealthpostToStore/Page_HealthPost Store/select_--Select--Schedule 1Inj'

2018-05-28 10:57:04 - [TEST_STEP][PASSED] - delay: Delayed 1 second(s)

2018-05-28 10:57:05 - [MESSAGE][PASSED] - Delayed 1 second(s)

2018-05-28 10:57:05 - [TEST_STEP][PASSED] - selectOptionByIndex: All options with index in [4] are selected on object 'Object Repository/HealthpostToStore/Page_HealthPost Store/select_--Select--Adernaline 0.'

2018-05-28 10:57:05 - [MESSAGE][PASSED] - All options with index in [4] are selected on object 'Object Repository/HealthpostToStore/Page_HealthPost Store/select_--Select--Adernaline 0.'

2018-05-28 10:57:05 - [TEST_STEP][PASSED] - setText: Text '10' is set on object 'Object Repository/HealthpostToStore/Page_HealthPost Store/input_txttreat'

2018-05-28 10:57:05 - [MESSAGE][PASSED] - Text '10' is set on object 'Object Repository/HealthpostToStore/Page_HealthPost Store/input_txttreat'

2018-05-28 10:57:05 - [TEST_STEP][PASSED] - click: Object: 'Object Repository/HealthpostToStore/Page_HealthPost Store/button_Add' is clicked on

2018-05-28 10:57:05 - [MESSAGE][PASSED] - Object: 'Object Repository/HealthpostToStore/Page_HealthPost Store/button_Add' is clicked on

2018-05-28 10:57:05 - [TEST_STEP][PASSED] - selectOptionByIndex: All options with index in [8] are selected on object 'Object Repository/HealthpostToStore/Page_HealthPost Store/select_--Select--Schedule 1Inj'

2018-05-28 10:57:06 - [MESSAGE][PASSED] - All options with index in [8] are selected on object 'Object Repository/HealthpostToStore/Page_HealthPost Store/select_--Select--Schedule 1Inj'

2018-05-28 10:57:06 - [TEST_STEP][PASSED] - delay: Delayed 1 second(s)

2018-05-28 10:57:07 - [MESSAGE][PASSED] - Delayed 1 second(s)

2018-05-28 10:57:07 - [TEST_STEP][PASSED] - selectOptionByIndex: All options with index in [5] are selected on object 'Object Repository/HealthpostToStore/Page_HealthPost Store/select_--Select--Adernaline 0.'

2018-05-28 10:57:07 - [MESSAGE][PASSED] - All options with index in [5] are selected on object 'Object Repository/HealthpostToStore/Page_HealthPost Store/select_--Select--Adernaline 0.'

2018-05-28 10:57:07 - [TEST_STEP][PASSED] - setText: Text '10' is set on object 'Object Repository/HealthpostToStore/Page_HealthPost Store/input_txttreat'

2018-05-28 10:57:07 - [MESSAGE][PASSED] - Text '10' is set on object 'Object Repository/HealthpostToStore/Page_HealthPost Store/input_txttreat'

2018-05-28 10:57:07 - [TEST_STEP][PASSED] - click: Object: 'Object Repository/HealthpostToStore/Page_HealthPost Store/button_Add' is clicked on

2018-05-28 10:57:07 - [MESSAGE][PASSED] - Object: 'Object Repository/HealthpostToStore/Page_HealthPost Store/button_Add' is clicked on

2018-05-28 10:57:07 - [TEST_STEP][PASSED] - selectOptionByIndex: All options with index in [8] are selected on object 'Object Repository/HealthpostToStore/Page_HealthPost Store/select_--Select--Schedule 1Inj'

2018-05-28 10:57:07 - [MESSAGE][PASSED] - All options with index in [8] are selected on object 'Object Repository/HealthpostToStore/Page_HealthPost Store/select_--Select--Schedule 1Inj'

2018-05-28 10:57:07 - [TEST_STEP][PASSED] - delay: Delayed 1 second(s)

2018-05-28 10:57:08 - [MESSAGE][PASSED] - Delayed 1 second(s)

2018-05-28 10:57:08 - [TEST_STEP][PASSED] - selectOptionByIndex: All options with index in [6] are selected on object 'Object Repository/HealthpostToStore/Page_HealthPost Store/select_--Select--Adernaline 0.'

2018-05-28 10:57:08 - [MESSAGE][PASSED] - All options with index in [6] are selected on object 'Object Repository/HealthpostToStore/Page_HealthPost Store/select_--Select--Adernaline 0.'

2018-05-28 10:57:08 - [TEST_STEP][PASSED] - setText: Text '10' is set on object 'Object Repository/HealthpostToStore/Page_HealthPost Store/input_txttreat'

2018-05-28 10:57:09 - [MESSAGE][PASSED] - Text '10' is set on object 'Object Repository/HealthpostToStore/Page_HealthPost Store/input_txttreat'

2018-05-28 10:57:09 - [TEST_STEP][PASSED] - click: Object: 'Object Repository/HealthpostToStore/Page_HealthPost Store/button_Add' is clicked on

2018-05-28 10:57:09 - [MESSAGE][PASSED] - Object: 'Object Repository/HealthpostToStore/Page_HealthPost Store/button_Add' is clicked on

2018-05-28 10:57:09 - [TEST_STEP][PASSED] - selectOptionByIndex: All options with index in [8] are selected on object 'Object Repository/HealthpostToStore/Page_HealthPost Store/select_--Select--Schedule 1Inj'

2018-05-28 10:57:09 - [MESSAGE][PASSED] - All options with index in [8] are selected on object 'Object Repository/HealthpostToStore/Page_HealthPost Store/select_--Select--Schedule 1Inj'

2018-05-28 10:57:09 - [TEST_STEP][PASSED] - delay: Delayed 1 second(s)

2018-05-28 10:57:10 - [MESSAGE][PASSED] - Delayed 1 second(s)

2018-05-28 10:57:10 - [TEST_STEP][PASSED] - selectOptionByIndex: All options with index in [7] are selected on object 'Object Repository/HealthpostToStore/Page_HealthPost Store/select_--Select--Adernaline 0.'

2018-05-28 10:57:10 - [MESSAGE][PASSED] - All options with index in [7] are selected on object 'Object Repository/HealthpostToStore/Page_HealthPost Store/select_--Select--Adernaline 0.'

2018-05-28 10:57:10 - [TEST_STEP][PASSED] - setText: Text '10' is set on object 'Object Repository/HealthpostToStore/Page_HealthPost Store/input_txttreat'

2018-05-28 10:57:10 - [MESSAGE][PASSED] - Text '10' is set on object 'Object Repository/HealthpostToStore/Page_HealthPost Store/input_txttreat'

2018-05-28 10:57:10 - [TEST_STEP][PASSED] - click: Object: 'Object Repository/HealthpostToStore/Page_HealthPost Store/button_Add' is clicked on

2018-05-28 10:57:10 - [MESSAGE][PASSED] - Object: 'Object Repository/HealthpostToStore/Page_HealthPost Store/button_Add' is clicked on

2018-05-28 10:57:10 - [TEST_STEP][PASSED] - selectOptionByIndex: All options with index in [8] are selected on object 'Object Repository/HealthpostToStore/Page_HealthPost Store/select_--Select--Schedule 1Inj'

2018-05-28 10:57:10 - [MESSAGE][PASSED] - All options with index in [8] are selected on object 'Object Repository/HealthpostToStore/Page_HealthPost Store/select_--Select--Schedule 1Inj'

2018-05-28 10:57:10 - [TEST_STEP][PASSED] - delay: Delayed 1 second(s)

2018-05-28 10:57:11 - [MESSAGE][PASSED] - Delayed 1 second(s)

2018-05-28 10:57:11 - [TEST_STEP][PASSED] - selectOptionByIndex: All options with index in [8] are selected on object 'Object Repository/HealthpostToStore/Page_HealthPost Store/select_--Select--Adernaline 0.'

2018-05-28 10:57:12 - [MESSAGE][PASSED] - All options with index in [8] are selected on object 'Object Repository/HealthpostToStore/Page_HealthPost Store/select_--Select--Adernaline 0.'

2018-05-28 10:57:12 - [TEST_STEP][PASSED] - setText: Text '10' is set on object 'Object Repository/HealthpostToStore/Page_HealthPost Store/input_txttreat'

2018-05-28 10:57:12 - [MESSAGE][PASSED] - Text '10' is set on object 'Object Repository/HealthpostToStore/Page_HealthPost Store/input_txttreat'

2018-05-28 10:57:12 - [TEST_STEP][PASSED] - click: Object: 'Object Repository/HealthpostToStore/Page_HealthPost Store/button_Add' is clicked on

2018-05-28 10:57:12 - [MESSAGE][PASSED] - Object: 'Object Repository/HealthpostToStore/Page_HealthPost Store/button_Add' is clicked on

2018-05-28 10:57:12 - [TEST_STEP][PASSED] - selectOptionByIndex: All options with index in [8] are selected on object 'Object Repository/HealthpostToStore/Page_HealthPost Store/select_--Select--Schedule 1Inj'

2018-05-28 10:57:12 - [MESSAGE][PASSED] - All options with index in [8] are selected on object 'Object Repository/HealthpostToStore/Page_HealthPost Store/select_--Select--Schedule 1Inj'

2018-05-28 10:57:12 - [TEST_STEP][PASSED] - delay: Delayed 1 second(s)

2018-05-28 10:57:13 - [MESSAGE][PASSED] - Delayed 1 second(s)

2018-05-28 10:57:13 - [TEST_STEP][PASSED] - selectOptionByIndex: All options with index in [9] are selected on object 'Object Repository/HealthpostToStore/Page_HealthPost Store/select_--Select--Adernaline 0.'

2018-05-28 10:57:13 - [MESSAGE][PASSED] - All options with index in [9] are selected on object 'Object Repository/HealthpostToStore/Page_HealthPost Store/select_--Select--Adernaline 0.'

2018-05-28 10:57:13 - [TEST_STEP][PASSED] - setText: Text '10' is set on object 'Object Repository/HealthpostToStore/Page_HealthPost Store/input_txttreat'

2018-05-28 10:57:13 - [MESSAGE][PASSED] - Text '10' is set on object 'Object Repository/HealthpostToStore/Page_HealthPost Store/input_txttreat'

2018-05-28 10:57:13 - [TEST_STEP][PASSED] - click: Object: 'Object Repository/HealthpostToStore/Page_HealthPost Store/button_Add' is clicked on

2018-05-28 10:57:13 - [MESSAGE][PASSED] - Object: 'Object Repository/HealthpostToStore/Page_HealthPost Store/button_Add' is clicked on

2018-05-28 10:57:13 - [TEST_STEP][PASSED] - selectOptionByIndex: All options with index in [8] are selected on object 'Object Repository/HealthpostToStore/Page_HealthPost Store/select_--Select--Schedule 1Inj'

2018-05-28 10:57:13 - [MESSAGE][PASSED] - All options with index in [8] are selected on object 'Object Repository/HealthpostToStore/Page_HealthPost Store/select_--Select--Schedule 1Inj'

2018-05-28 10:57:13 - [TEST_STEP][PASSED] - delay: Delayed 1 second(s)

2018-05-28 10:57:14 - [MESSAGE][PASSED] - Delayed 1 second(s)

2018-05-28 10:57:14 - [TEST_STEP][PASSED] - selectOptionByIndex: All options with index in [10] are selected on object 'Object Repository/HealthpostToStore/Page_HealthPost Store/select_--Select--Adernaline 0.'

2018-05-28 10:57:15 - [MESSAGE][PASSED] - All options with index in [10] are selected on object 'Object Repository/HealthpostToStore/Page_HealthPost Store/select_--Select--Adernaline 0.'

2018-05-28 10:57:15 - [TEST_STEP][PASSED] - setText: Text '10' is set on object 'Object Repository/HealthpostToStore/Page_HealthPost Store/input_txttreat'

2018-05-28 10:57:15 - [MESSAGE][PASSED] - Text '10' is set on object 'Object Repository/HealthpostToStore/Page_HealthPost Store/input_txttreat'

2018-05-28 10:57:15 - [TEST_STEP][PASSED] - click: Object: 'Object Repository/HealthpostToStore/Page_HealthPost Store/button_Add' is clicked on

2018-05-28 10:57:15 - [MESSAGE][PASSED] - Object: 'Object Repository/HealthpostToStore/Page_HealthPost Store/button_Add' is clicked on

2018-05-28 10:57:15 - [TEST_STEP][PASSED] - selectOptionByIndex: All options with index in [8] are selected on object 'Object Repository/HealthpostToStore/Page_HealthPost Store/select_--Select--Schedule 1Inj'

2018-05-28 10:57:15 - [MESSAGE][PASSED] - All options with index in [8] are selected on object 'Object Repository/HealthpostToStore/Page_HealthPost Store/select_--Select--Schedule 1Inj'

2018-05-28 10:57:15 - [TEST_STEP][PASSED] - delay: Delayed 1 second(s)

2018-05-28 10:57:16 - [MESSAGE][PASSED] - Delayed 1 second(s)

2018-05-28 10:57:16 - [TEST_STEP][PASSED] - selectOptionByIndex: All options with index in [11] are selected on object 'Object Repository/HealthpostToStore/Page_HealthPost Store/select_--Select--Adernaline 0.'

2018-05-28 10:57:16 - [MESSAGE][PASSED] - All options with index in [11] are selected on object 'Object Repository/HealthpostToStore/Page_HealthPost Store/select_--Select--Adernaline 0.'

2018-05-28 10:57:16 - [TEST_STEP][PASSED] - setText: Text '10' is set on object 'Object Repository/HealthpostToStore/Page_HealthPost Store/input_txttreat'

2018-05-28 10:57:16 - [MESSAGE][PASSED] - Text '10' is set on object 'Object Repository/HealthpostToStore/Page_HealthPost Store/input_txttreat'

2018-05-28 10:57:16 - [TEST_STEP][PASSED] - click: Object: 'Object Repository/HealthpostToStore/Page_HealthPost Store/button_Add' is clicked on

2018-05-28 10:57:16 - [MESSAGE][PASSED] - Object: 'Object Repository/HealthpostToStore/Page_HealthPost Store/button_Add' is clicked on

2018-05-28 10:57:16 - [TEST_STEP][PASSED] - selectOptionByIndex: All options with index in [8] are selected on object 'Object Repository/HealthpostToStore/Page_HealthPost Store/select_--Select--Schedule 1Inj'

2018-05-28 10:57:17 - [MESSAGE][PASSED] - All options with index in [8] are selected on object 'Object Repository/HealthpostToStore/Page_HealthPost Store/select_--Select--Schedule 1Inj'

2018-05-28 10:57:17 - [TEST_STEP][PASSED] - delay: Delayed 1 second(s)

2018-05-28 10:57:18 - [MESSAGE][PASSED] - Delayed 1 second(s)

2018-05-28 10:57:18 - [TEST_STEP][PASSED] - selectOptionByIndex: All options with index in [12] are selected on object 'Object Repository/HealthpostToStore/Page_HealthPost Store/select_--Select--Adernaline 0.'

2018-05-28 10:57:18 - [MESSAGE][PASSED] - All options with index in [12] are selected on object 'Object Repository/HealthpostToStore/Page_HealthPost Store/select_--Select--Adernaline 0.'

2018-05-28 10:57:18 - [TEST_STEP][PASSED] - setText: Text '10' is set on object 'Object Repository/HealthpostToStore/Page_HealthPost Store/input_txttreat'

2018-05-28 10:57:18 - [MESSAGE][PASSED] - Text '10' is set on object 'Object Repository/HealthpostToStore/Page_HealthPost Store/input_txttreat'

2018-05-28 10:57:18 - [TEST_STEP][PASSED] - click: Object: 'Object Repository/HealthpostToStore/Page_HealthPost Store/button_Add' is clicked on

2018-05-28 10:57:18 - [MESSAGE][PASSED] - Object: 'Object Repository/HealthpostToStore/Page_HealthPost Store/button_Add' is clicked on

2018-05-28 10:57:18 - [TEST_STEP][PASSED] - selectOptionByIndex: All options with index in [8] are selected on object 'Object Repository/HealthpostToStore/Page_HealthPost Store/select_--Select--Schedule 1Inj'

2018-05-28 10:57:18 - [MESSAGE][PASSED] - All options with index in [8] are selected on object 'Object Repository/HealthpostToStore/Page_HealthPost Store/select_--Select--Schedule 1Inj'

2018-05-28 10:57:18 - [TEST_STEP][PASSED] - delay: Delayed 1 second(s)

2018-05-28 10:57:19 - [MESSAGE][PASSED] - Delayed 1 second(s)

2018-05-28 10:57:19 - [TEST_STEP][PASSED] - selectOptionByIndex: All options with index in [13] are selected on object 'Object Repository/HealthpostToStore/Page_HealthPost Store/select_--Select--Adernaline 0.'

2018-05-28 10:57:19 - [MESSAGE][PASSED] - All options with index in [13] are selected on object 'Object Repository/HealthpostToStore/Page_HealthPost Store/select_--Select--Adernaline 0.'

2018-05-28 10:57:19 - [TEST_STEP][PASSED] - setText: Text '10' is set on object 'Object Repository/HealthpostToStore/Page_HealthPost Store/input_txttreat'

2018-05-28 10:57:20 - [MESSAGE][PASSED] - Text '10' is set on object 'Object Repository/HealthpostToStore/Page_HealthPost Store/input_txttreat'

2018-05-28 10:57:20 - [TEST_STEP][PASSED] - click: Object: 'Object Repository/HealthpostToStore/Page_HealthPost Store/button_Add' is clicked on

2018-05-28 10:57:20 - [MESSAGE][PASSED] - Object: 'Object Repository/HealthpostToStore/Page_HealthPost Store/button_Add' is clicked on

2018-05-28 10:57:20 - [TEST_STEP][PASSED] - selectOptionByIndex: All options with index in [8] are selected on object 'Object Repository/HealthpostToStore/Page_HealthPost Store/select_--Select--Schedule 1Inj'

2018-05-28 10:57:20 - [MESSAGE][PASSED] - All options with index in [8] are selected on object 'Object Repository/HealthpostToStore/Page_HealthPost Store/select_--Select--Schedule 1Inj'

2018-05-28 10:57:20 - [TEST_STEP][PASSED] - delay: Delayed 1 second(s)

2018-05-28 10:57:21 - [MESSAGE][PASSED] - Delayed 1 second(s)

2018-05-28 10:57:21 - [TEST_STEP][PASSED] - selectOptionByIndex: All options with index in [14] are selected on object 'Object Repository/HealthpostToStore/Page_HealthPost Store/select_--Select--Adernaline 0.'

2018-05-28 10:57:21 - [MESSAGE][PASSED] - All options with index in [14] are selected on object 'Object Repository/HealthpostToStore/Page_HealthPost Store/select_--Select--Adernaline 0.'

2018-05-28 10:57:21 - [TEST_STEP][PASSED] - setText: Text '10' is set on object 'Object Repository/HealthpostToStore/Page_HealthPost Store/input_txttreat'

2018-05-28 10:57:21 - [MESSAGE][PASSED] - Text '10' is set on object 'Object Repository/HealthpostToStore/Page_HealthPost Store/input_txttreat'

2018-05-28 10:57:21 - [TEST_STEP][PASSED] - click: Object: 'Object Repository/HealthpostToStore/Page_HealthPost Store/button_Add' is clicked on

2018-05-28 10:57:21 - [MESSAGE][PASSED] - Object: 'Object Repository/HealthpostToStore/Page_HealthPost Store/button_Add' is clicked on

2018-05-28 10:57:21 - [TEST_STEP][PASSED] - selectOptionByIndex: All options with index in [8] are selected on object 'Object Repository/HealthpostToStore/Page_HealthPost Store/select_--Select--Schedule 1Inj'

2018-05-28 10:57:21 - [MESSAGE][PASSED] - All options with index in [8] are selected on object 'Object Repository/HealthpostToStore/Page_HealthPost Store/select_--Select--Schedule 1Inj'

2018-05-28 10:57:21 - [TEST_STEP][PASSED] - delay: Delayed 1 second(s)

2018-05-28 10:57:22 - [MESSAGE][PASSED] - Delayed 1 second(s)

2018-05-28 10:57:22 - [TEST_STEP][PASSED] - selectOptionByIndex: All options with index in [15] are selected on object 'Object Repository/HealthpostToStore/Page_HealthPost Store/select_--Select--Adernaline 0.'

2018-05-28 10:57:23 - [MESSAGE][PASSED] - All options with index in [15] are selected on object 'Object Repository/HealthpostToStore/Page_HealthPost Store/select_--Select--Adernaline 0.'

2018-05-28 10:57:23 - [TEST_STEP][PASSED] - setText: Text '10' is set on object 'Object Repository/HealthpostToStore/Page_HealthPost Store/input_txttreat'

2018-05-28 10:57:23 - [MESSAGE][PASSED] - Text '10' is set on object 'Object Repository/HealthpostToStore/Page_HealthPost Store/input_txttreat'

2018-05-28 10:57:23 - [TEST_STEP][PASSED] - click: Object: 'Object Repository/HealthpostToStore/Page_HealthPost Store/button_Add' is clicked on

2018-05-28 10:57:23 - [MESSAGE][PASSED] - Object: 'Object Repository/HealthpostToStore/Page_HealthPost Store/button_Add' is clicked on

2018-05-28 10:57:23 - [TEST_STEP][PASSED] - selectOptionByIndex: All options with index in [8] are selected on object 'Object Repository/HealthpostToStore/Page_HealthPost Store/select_--Select--Schedule 1Inj'

2018-05-28 10:57:23 - [MESSAGE][PASSED] - All options with index in [8] are selected on object 'Object Repository/HealthpostToStore/Page_HealthPost Store/select_--Select--Schedule 1Inj'

2018-05-28 10:57:23 - [TEST_STEP][PASSED] - delay: Delayed 1 second(s)

2018-05-28 10:57:24 - [MESSAGE][PASSED] - Delayed 1 second(s)

2018-05-28 10:57:24 - [TEST_STEP][PASSED] - selectOptionByIndex: All options with index in [16] are selected on object 'Object Repository/HealthpostToStore/Page_HealthPost Store/select_--Select--Adernaline 0.'

2018-05-28 10:57:24 - [MESSAGE][PASSED] - All options with index in [16] are selected on object 'Object Repository/HealthpostToStore/Page_HealthPost Store/select_--Select--Adernaline 0.'

2018-05-28 10:57:24 - [TEST_STEP][PASSED] - setText: Text '10' is set on object 'Object Repository/HealthpostToStore/Page_HealthPost Store/input_txttreat'

2018-05-28 10:57:24 - [MESSAGE][PASSED] - Text '10' is set on object 'Object Repository/HealthpostToStore/Page_HealthPost Store/input_txttreat'

2018-05-28 10:57:24 - [TEST_STEP][PASSED] - click: Object: 'Object Repository/HealthpostToStore/Page_HealthPost Store/button_Add' is clicked on

2018-05-28 10:57:24 - [MESSAGE][PASSED] - Object: 'Object Repository/HealthpostToStore/Page_HealthPost Store/button_Add' is clicked on

2018-05-28 10:57:24 - [TEST_STEP][PASSED] - selectOptionByIndex: All options with index in [8] are selected on object 'Object Repository/HealthpostToStore/Page_HealthPost Store/select_--Select--Schedule 1Inj'

2018-05-28 10:57:25 - [MESSAGE][PASSED] - All options with index in [8] are selected on object 'Object Repository/HealthpostToStore/Page_HealthPost Store/select_--Select--Schedule 1Inj'

2018-05-28 10:57:25 - [TEST_STEP][PASSED] - delay: Delayed 1 second(s)

2018-05-28 10:57:26 - [MESSAGE][PASSED] - Delayed 1 second(s)

2018-05-28 10:57:26 - [TEST_STEP][PASSED] - selectOptionByIndex: All options with index in [17] are selected on object 'Object Repository/HealthpostToStore/Page_HealthPost Store/select_--Select--Adernaline 0.'

2018-05-28 10:57:26 - [MESSAGE][PASSED] - All options with index in [17] are selected on object 'Object Repository/HealthpostToStore/Page_HealthPost Store/select_--Select--Adernaline 0.'

2018-05-28 10:57:26 - [TEST_STEP][PASSED] - setText: Text '10' is set on object 'Object Repository/HealthpostToStore/Page_HealthPost Store/input_txttreat'

2018-05-28 10:57:26 - [MESSAGE][PASSED] - Text '10' is set on object 'Object Repository/HealthpostToStore/Page_HealthPost Store/input_txttreat'

2018-05-28 10:57:26 - [TEST_STEP][PASSED] - click: Object: 'Object Repository/HealthpostToStore/Page_HealthPost Store/button_Add' is clicked on

2018-05-28 10:57:26 - [MESSAGE][PASSED] - Object: 'Object Repository/HealthpostToStore/Page_HealthPost Store/button_Add' is clicked on

2018-05-28 10:57:26 - [TEST_STEP][PASSED] - scrollToElement: Scroll to object 'Object Repository/HealthpostToStore/Page_HealthPost Store/input_btnsave' successfully

2018-05-28 10:57:26 - [MESSAGE][PASSED] - Scroll to object 'Object Repository/HealthpostToStore/Page_HealthPost Store/input_btnsave' successfully

2018-05-28 10:57:26 - [TEST_STEP][PASSED] - click: Object: 'Object Repository/HealthpostToStore/Page_HealthPost Store/input_btnsave' is clicked on

2018-05-28 10:57:26 - [MESSAGE][PASSED] - Object: 'Object Repository/HealthpostToStore/Page_HealthPost Store/input_btnsave' is clicked on

2018-05-28 10:57:26 - [TEST_STEP][PASSED] - delay: Delayed 3 second(s)

2018-05-28 10:57:29 - [MESSAGE][PASSED] - Delayed 3 second(s)

2018-05-28 10:57:29 - [TEST_STEP][PASSED] - Statement - RN1 = com.kms.katalon.core.webui.keyword.WebUiBuiltInKeywords.getText(com.kms.katalon.core.testobject.ObjectRepository.findTestObject(HealthpostToStore/Page_HealthPost Store/font_HPRNO180520187)): Text of object 'Object Repository/HealthpostToStore/Page_HealthPost Store/font_HPRNO180520187' is: 'HPRNO/28052018/116'

2018-05-28 10:57:29 - [MESSAGE][PASSED] - Text of object 'Object Repository/HealthpostToStore/Page_HealthPost Store/font_HPRNO180520187' is: 'HPRNO/28052018/116'

2018-05-28 10:57:29 - [TEST_STEP][PASSED] - Statement - out.println(RN1): null

2018-05-28 10:57:29 - [TEST_STEP][PASSED] - Statement - RID = RN1.split("/")[2]: null

2018-05-28 10:57:29 - [TEST_STEP][PASSED] - click: Object: 'Object Repository/HealthpostToStore/Page_HealthPost Store/button_OK' is clicked on

2018-05-28 10:57:30 - [MESSAGE][PASSED] - Object: 'Object Repository/HealthpostToStore/Page_HealthPost Store/button_OK' is clicked on

2018-05-28 10:57:30 - [TEST_STEP][PASSED] - delay: Delayed 3 second(s)

2018-05-28 10:57:33 - [MESSAGE][PASSED] - Delayed 3 second(s)

2018-05-28 10:57:33 - [TEST_STEP][PASSED] - click: Object: 'Object Repository/HealthpostToStore/Page_HealthPost Store/a_dropdown-toggle' is clicked on

2018-05-28 10:57:33 - [MESSAGE][PASSED] - Object: 'Object Repository/HealthpostToStore/Page_HealthPost Store/a_dropdown-toggle' is clicked on

2018-05-28 10:57:33 - [TEST_STEP][PASSED] - click: Object: 'Object Repository/HealthpostToStore/Page_HealthPost Store/a_Sign out' is clicked on

2018-05-28 10:57:34 - [MESSAGE][PASSED] - Object: 'Object Repository/HealthpostToStore/Page_HealthPost Store/a_Sign out' is clicked on

2018-05-28 10:57:34 - [TEST_STEP][PASSED] - delay: Delayed 3 second(s)

2018-05-28 10:57:37 - [MESSAGE][PASSED] - Delayed 3 second(s)

2018-05-28 10:57:37 - [TEST_STEP][PASSED] - navigateToUrl: Navigate to 'http://192.168.137.1/multihospital_new/' successfully

2018-05-28 10:57:37 - [MESSAGE][PASSED] - Navigate to 'http://192.168.137.1/multihospital_new/' successfully

2018-05-28 10:57:37 - [TEST_STEP][PASSED] - click: Object: 'Object Repository/HealthpostToStore/Page_KDMC/a_CMO' is clicked on

2018-05-28 10:57:38 - [MESSAGE][PASSED] - Object: 'Object Repository/HealthpostToStore/Page_KDMC/a_CMO' is clicked on

2018-05-28 10:57:38 - [TEST_STEP][PASSED] - setText: Text 'guru' is set on object 'Object Repository/HealthpostToStore/Page_CMO login/input_txtusername'

2018-05-28 10:57:38 - [MESSAGE][PASSED] - Text 'guru' is set on object 'Object Repository/HealthpostToStore/Page_CMO login/input_txtusername'

2018-05-28 10:57:38 - [TEST_STEP][PASSED] - setText: Text '123' is set on object 'Object Repository/HealthpostToStore/Page_CMO login/input_txtpassword'

2018-05-28 10:57:38 - [MESSAGE][PASSED] - Text '123' is set on object 'Object Repository/HealthpostToStore/Page_CMO login/input_txtpassword'

2018-05-28 10:57:38 - [TEST_STEP][PASSED] - delay: Delayed 3 second(s)

2018-05-28 10:57:41 - [MESSAGE][PASSED] - Delayed 3 second(s)

2018-05-28 10:57:41 - [TEST_STEP][PASSED] - click: Object: 'Object Repository/HealthpostToStore/Page_CMO login/button_Sign in' is clicked on

2018-05-28 10:57:42 - [MESSAGE][PASSED] - Object: 'Object Repository/HealthpostToStore/Page_CMO login/button_Sign in' is clicked on

2018-05-28 10:57:42 - [TEST_STEP][PASSED] - click: Object: 'Object Repository/HealthpostToStore/Page_KDMC - CMO/a_Department Wise Request' is clicked on

2018-05-28 10:57:44 - [MESSAGE][PASSED] - Object: 'Object Repository/HealthpostToStore/Page_KDMC - CMO/a_Department Wise Request' is clicked on

2018-05-28 10:57:44 - [TEST_STEP][PASSED] - delay: Delayed 2 second(s)

2018-05-28 10:57:46 - [MESSAGE][PASSED] - Delayed 2 second(s)

2018-05-28 10:57:46 - [TEST_STEP][PASSED] - selectOptionByIndex: All options with index in [5] are selected on object 'Object Repository/HealthpostToStore/Page_KDMC - CMO/select_--ALL--'

2018-05-28 10:57:46 - [MESSAGE][PASSED] - All options with index in [5] are selected on object 'Object Repository/HealthpostToStore/Page_KDMC - CMO/select_--ALL--'

2018-05-28 10:57:46 - [TEST_STEP][PASSED] - click: Object: 'Object Repository/HealthpostToStore/Page_KDMC - CMO/input_btnsearch' is clicked on

2018-05-28 10:57:46 - [MESSAGE][PASSED] - Object: 'Object Repository/HealthpostToStore/Page_KDMC - CMO/input_btnsearch' is clicked on

2018-05-28 10:57:46 - [TEST_STEP][PASSED] - selectOptionByIndex: All options with index in [1] are selected on object 'Object Repository/HealthpostToStore/Page_KDMC - CMO/select_--ALL--                _1'

2018-05-28 10:57:47 - [MESSAGE][PASSED] - All options with index in [1] are selected on object 'Object Repository/HealthpostToStore/Page_KDMC - CMO/select_--ALL--                _1'

2018-05-28 10:57:47 - [TEST_STEP][PASSED] - click: Object: 'Object Repository/HealthpostToStore/Page_KDMC - CMO/input_btnsearch' is clicked on

2018-05-28 10:57:47 - [MESSAGE][PASSED] - Object: 'Object Repository/HealthpostToStore/Page_KDMC - CMO/input_btnsearch' is clicked on

2018-05-28 10:57:47 - [TEST_STEP][PASSED] - Statement - ID = com.kms.katalon.core.webui.keyword.WebUiBuiltInKeywords.modifyObjectProperty(com.kms.katalon.core.testobject.ObjectRepository.findTestObject(lab/Page_KDMC - CMO/input_1), "xpath", "equals", "//*[@id=" + RID + "]", true): Modify property of object successfully

2018-05-28 10:57:47 - [MESSAGE][PASSED] - Modify property of object successfully

2018-05-28 10:57:47 - [TEST_STEP][PASSED] - click: Object: 'Object Repository/lab/Page_KDMC - CMO/input_1' is clicked on

2018-05-28 10:57:47 - [MESSAGE][PASSED] - Object: 'Object Repository/lab/Page_KDMC - CMO/input_1' is clicked on

2018-05-28 10:57:47 - [TEST_STEP][PASSED] - delay: Delayed 2 second(s)

2018-05-28 10:57:49 - [MESSAGE][PASSED] - Delayed 2 second(s)

2018-05-28 10:57:49 - [TEST_STEP][PASSED] - selectOptionByIndex: All options with index in [1] are selected on object 'Object Repository/HealthpostToStore/Page_KDMC - CMO/select_--Select--'

2018-05-28 10:57:49 - [MESSAGE][PASSED] - All options with index in [1] are selected on object 'Object Repository/HealthpostToStore/Page_KDMC - CMO/select_--Select--'

2018-05-28 10:57:49 - [TEST_STEP][PASSED] - click: Object: 'Object Repository/HealthpostToStore/Page_KDMC - CMO/input_btnupdate' is clicked on

2018-05-28 10:57:49 - [MESSAGE][PASSED] - Object: 'Object Repository/HealthpostToStore/Page_KDMC - CMO/input_btnupdate' is clicked on

2018-05-28 10:57:49 - [TEST_STEP][PASSED] - delay: Delayed 2 second(s)

2018-05-28 10:57:51 - [MESSAGE][PASSED] - Delayed 2 second(s)

2018-05-28 10:57:51 - [TEST_STEP][PASSED] - click: Object: 'Object Repository/HealthpostToStore/Page_KDMC - CMO/button_OK' is clicked on

2018-05-28 10:57:52 - [MESSAGE][PASSED] - Object: 'Object Repository/HealthpostToStore/Page_KDMC - CMO/button_OK' is clicked on

2018-05-28 10:57:52 - [TEST_STEP][PASSED] - delay: Delayed 2 second(s)

2018-05-28 10:57:54 - [MESSAGE][PASSED] - Delayed 2 second(s)

2018-05-28 10:57:54 - [TEST_STEP][PASSED] - click: Object: 'Object Repository/HealthpostToStore/Page_KDMC - CMO/a_dropdown-toggle' is clicked on

2018-05-28 10:57:54 - [MESSAGE][PASSED] - Object: 'Object Repository/HealthpostToStore/Page_KDMC - CMO/a_dropdown-toggle' is clicked on

2018-05-28 10:57:54 - [TEST_STEP][PASSED] - click: Object: 'Object Repository/HealthpostToStore/Page_KDMC - CMO/a_Sign out' is clicked on

2018-05-28 10:57:54 - [MESSAGE][PASSED] - Object: 'Object Repository/HealthpostToStore/Page_KDMC - CMO/a_Sign out' is clicked on

2018-05-28 10:57:54 - [TEST_STEP][PASSED] - delay: Delayed 3 second(s)

2018-05-28 10:57:57 - [MESSAGE][PASSED] - Delayed 3 second(s)

2018-05-28 10:57:57 - [TEST_STEP][PASSED] - click: Object: 'Object Repository/HealthpostToStore/Page_KDMC/a_Divisional Store' is clicked on

2018-05-28 10:57:58 - [MESSAGE][PASSED] - Object: 'Object Repository/HealthpostToStore/Page_KDMC/a_Divisional Store' is clicked on

2018-05-28 10:57:58 - [TEST_STEP][PASSED] - setText: Text 'ragu' is set on object 'Object Repository/HealthpostToStore/Page_Divisonal Store Login/input_txtusername'

2018-05-28 10:57:58 - [MESSAGE][PASSED] - Text 'ragu' is set on object 'Object Repository/HealthpostToStore/Page_Divisonal Store Login/input_txtusername'

2018-05-28 10:57:58 - [TEST_STEP][PASSED] - setText: Text '123' is set on object 'Object Repository/HealthpostToStore/Page_Divisonal Store Login/input_txtpassword'

2018-05-28 10:57:58 - [MESSAGE][PASSED] - Text '123' is set on object 'Object Repository/HealthpostToStore/Page_Divisonal Store Login/input_txtpassword'

2018-05-28 10:57:58 - [TEST_STEP][PASSED] - delay: Delayed 3 second(s)

2018-05-28 10:58:01 - [MESSAGE][PASSED] - Delayed 3 second(s)

2018-05-28 10:58:01 - [TEST_STEP][PASSED] - click: Object: 'Object Repository/HealthpostToStore/Page_Divisonal Store Login/button_Sign in' is clicked on

2018-05-28 10:58:03 - [MESSAGE][PASSED] - Object: 'Object Repository/HealthpostToStore/Page_Divisonal Store Login/button_Sign in' is clicked on

2018-05-28 10:58:03 - [TEST_STEP][PASSED] - delay: Delayed 3 second(s)

2018-05-28 10:58:06 - [MESSAGE][PASSED] - Delayed 3 second(s)

2018-05-28 10:58:06 - [TEST_STEP][PASSED] - click: Object: 'Object Repository/HealthpostToStore/Page_Store/a_Health Post Request' is clicked on

2018-05-28 10:58:06 - [MESSAGE][PASSED] - Object: 'Object Repository/HealthpostToStore/Page_Store/a_Health Post Request' is clicked on

2018-05-28 10:58:06 - [TEST_STEP][PASSED] - click: Object: 'Object Repository/HealthpostToStore/Page_Store/a_Request Item HealthPost' is clicked on

2018-05-28 10:58:07 - [MESSAGE][PASSED] - Object: 'Object Repository/HealthpostToStore/Page_Store/a_Request Item HealthPost' is clicked on

2018-05-28 10:58:07 - [TEST_STEP][PASSED] - Statement - ChooseRequest = com.kms.katalon.core.webui.keyword.WebUiBuiltInKeywords.modifyObjectProperty(com.kms.katalon.core.testobject.ObjectRepository.findTestObject(lab/Page_Store/input_1), "xpath", "equals", "//*[@id=" + RID + "]", true): Modify property of object successfully

2018-05-28 10:58:07 - [MESSAGE][PASSED] - Modify property of object successfully

2018-05-28 10:58:07 - [TEST_STEP][PASSED] - click: Object: 'Object Repository/lab/Page_Store/input_1' is clicked on

2018-05-28 10:58:08 - [MESSAGE][PASSED] - Object: 'Object Repository/lab/Page_Store/input_1' is clicked on

2018-05-28 10:58:08 - [TEST_STEP][PASSED] - Statement - selectedoptions = com.kms.katalon.core.webui.keyword.WebUiBuiltInKeywords.getNumberOfTotalOption(com.kms.katalon.core.testobject.ObjectRepository.findTestObject(HealthpostToStore/Page_Store/select_--Select--Adernaline 0.)): 18 options of object 'Object Repository/HealthpostToStore/Page_Store/select_--Select--Adernaline 0.' counted

2018-05-28 10:58:08 - [MESSAGE][PASSED] - 18 options of object 'Object Repository/HealthpostToStore/Page_Store/select_--Select--Adernaline 0.' counted

2018-05-28 10:58:08 - [TEST_STEP][PASSED] - Statement - For ([a = 1, a <= selectedoptions - 1, (a++)]): null

2018-05-28 10:58:08 - [TEST_STEP][PASSED] - selectOptionByIndex: All options with index in [1] are selected on object 'Object Repository/HealthpostToStore/Page_Store/select_--Select--Adernaline 0.'

2018-05-28 10:58:08 - [MESSAGE][PASSED] - All options with index in [1] are selected on object 'Object Repository/HealthpostToStore/Page_Store/select_--Select--Adernaline 0.'

2018-05-28 10:58:08 - [TEST_STEP][PASSED] - delay: Delayed 2 second(s)

2018-05-28 10:58:10 - [MESSAGE][PASSED] - Delayed 2 second(s)

2018-05-28 10:58:10 - [TEST_STEP][PASSED] - Statement - RequestedQty = com.kms.katalon.core.webui.keyword.WebUiBuiltInKeywords.getAttribute(com.kms.katalon.core.testobject.ObjectRepository.findTestObject(HealthpostToStore/Page_Store/input_txttotal), "value"): Attribute 'value' of object 'Object Repository/HealthpostToStore/Page_Store/input_txttotal' is: '10'

2018-05-28 10:58:10 - [MESSAGE][PASSED] - Attribute 'value' of object 'Object Repository/HealthpostToStore/Page_Store/input_txttotal' is: '10'

2018-05-28 10:58:10 - [TEST_STEP][PASSED] - Statement - out.println("Requested QTY : " + RequestedQty): null

2018-05-28 10:58:10 - [TEST_STEP][PASSED] - Statement - BatchNumber = com.kms.katalon.core.webui.keyword.WebUiBuiltInKeywords.getNumberOfTotalOption(com.kms.katalon.core.testobject.ObjectRepository.findTestObject(HealthpostToStore/Page_Store/select_--Select--BA1170BA2376B)): 2 options of object 'Object Repository/HealthpostToStore/Page_Store/select_--Select--BA1170BA2376B' counted

2018-05-28 10:58:10 - [MESSAGE][PASSED] - 2 options of object 'Object Repository/HealthpostToStore/Page_Store/select_--Select--BA1170BA2376B' counted

2018-05-28 10:58:10 - [TEST_STEP][PASSED] - Statement - For ([g = 1, g <= BatchNumber - 1, (g++)]): null

2018-05-28 10:58:10 - [TEST_STEP][PASSED] - selectOptionByIndex: All options with index in [1] are selected on object 'Object Repository/HealthpostToStore/Page_Store/select_--Select--BA1170BA2376B'

2018-05-28 10:58:10 - [MESSAGE][PASSED] - All options with index in [1] are selected on object 'Object Repository/HealthpostToStore/Page_Store/select_--Select--BA1170BA2376B'

2018-05-28 10:58:10 - [TEST_STEP][PASSED] - Statement - Try: null

2018-05-28 10:58:10 - [TEST_STEP][PASSED] - Statement - StockQty = com.kms.katalon.core.webui.keyword.WebUiBuiltInKeywords.getAttribute(com.kms.katalon.core.testobject.ObjectRepository.findTestObject(HealthpostToStore/Page_Store/input_txtprice), "value"): Attribute 'value' of object 'Object Repository/HealthpostToStore/Page_Store/input_txtprice' is: '1465'

2018-05-28 10:58:10 - [MESSAGE][PASSED] - Attribute 'value' of object 'Object Repository/HealthpostToStore/Page_Store/input_txtprice' is: '1465'

2018-05-28 10:58:10 - [TEST_STEP][PASSED] - Statement - out.println("Stock QTY : " + StockQty): null

2018-05-28 10:58:10 - [TEST_STEP][PASSED] - delay: Delayed 2 second(s)

2018-05-28 10:58:12 - [MESSAGE][PASSED] - Delayed 2 second(s)

2018-05-28 10:58:12 - [TEST_STEP][PASSED] - Statement - If (java.lang.String.valueOf(StockQty) >= java.lang.String.valueOf(RequestedQty)): null

2018-05-28 10:58:12 - [TEST_STEP][PASSED] - setText: Text '10' is set on object 'Object Repository/HealthpostToStore/Page_Store/input_txtqty'

2018-05-28 10:58:13 - [MESSAGE][PASSED] - Text '10' is set on object 'Object Repository/HealthpostToStore/Page_Store/input_txtqty'

2018-05-28 10:58:13 - [TEST_STEP][PASSED] - click: Object: 'Object Repository/HealthpostToStore/Page_Store/button_Add' is clicked on

2018-05-28 10:58:13 - [MESSAGE][PASSED] - Object: 'Object Repository/HealthpostToStore/Page_Store/button_Add' is clicked on

2018-05-28 10:58:13 - [TEST_STEP][PASSED] - Statement - Break: null

2018-05-28 10:58:13 - [TEST_STEP][PASSED] - selectOptionByIndex: All options with index in [2] are selected on object 'Object Repository/HealthpostToStore/Page_Store/select_--Select--Adernaline 0.'

2018-05-28 10:58:13 - [MESSAGE][PASSED] - All options with index in [2] are selected on object 'Object Repository/HealthpostToStore/Page_Store/select_--Select--Adernaline 0.'

2018-05-28 10:58:13 - [TEST_STEP][PASSED] - delay: Delayed 2 second(s)

2018-05-28 10:58:15 - [MESSAGE][PASSED] - Delayed 2 second(s)

2018-05-28 10:58:15 - [TEST_STEP][PASSED] - Statement - RequestedQty = com.kms.katalon.core.webui.keyword.WebUiBuiltInKeywords.getAttribute(com.kms.katalon.core.testobject.ObjectRepository.findTestObject(HealthpostToStore/Page_Store/input_txttotal), "value"): Attribute 'value' of object 'Object Repository/HealthpostToStore/Page_Store/input_txttotal' is: '10'

2018-05-28 10:58:15 - [MESSAGE][PASSED] - Attribute 'value' of object 'Object Repository/HealthpostToStore/Page_Store/input_txttotal' is: '10'

2018-05-28 10:58:15 - [TEST_STEP][PASSED] - Statement - out.println("Requested QTY : " + RequestedQty): null

2018-05-28 10:58:15 - [TEST_STEP][PASSED] - Statement - BatchNumber = com.kms.katalon.core.webui.keyword.WebUiBuiltInKeywords.getNumberOfTotalOption(com.kms.katalon.core.testobject.ObjectRepository.findTestObject(HealthpostToStore/Page_Store/select_--Select--BA1170BA2376B)): 3 options of object 'Object Repository/HealthpostToStore/Page_Store/select_--Select--BA1170BA2376B' counted

2018-05-28 10:58:15 - [MESSAGE][PASSED] - 3 options of object 'Object Repository/HealthpostToStore/Page_Store/select_--Select--BA1170BA2376B' counted

2018-05-28 10:58:15 - [TEST_STEP][PASSED] - Statement - For ([g = 1, g <= BatchNumber - 1, (g++)]): null

2018-05-28 10:58:15 - [TEST_STEP][PASSED] - selectOptionByIndex: All options with index in [1] are selected on object 'Object Repository/HealthpostToStore/Page_Store/select_--Select--BA1170BA2376B'

2018-05-28 10:58:15 - [MESSAGE][PASSED] - All options with index in [1] are selected on object 'Object Repository/HealthpostToStore/Page_Store/select_--Select--BA1170BA2376B'

2018-05-28 10:58:15 - [TEST_STEP][PASSED] - Statement - Try: null

2018-05-28 10:58:15 - [TEST_STEP][PASSED] - Statement - StockQty = com.kms.katalon.core.webui.keyword.WebUiBuiltInKeywords.getAttribute(com.kms.katalon.core.testobject.ObjectRepository.findTestObject(HealthpostToStore/Page_Store/input_txtprice), "value"): Attribute 'value' of object 'Object Repository/HealthpostToStore/Page_Store/input_txtprice' is: '368'

2018-05-28 10:58:15 - [MESSAGE][PASSED] - Attribute 'value' of object 'Object Repository/HealthpostToStore/Page_Store/input_txtprice' is: '368'

2018-05-28 10:58:15 - [TEST_STEP][PASSED] - Statement - out.println("Stock QTY : " + StockQty): null

2018-05-28 10:58:15 - [TEST_STEP][PASSED] - delay: Delayed 2 second(s)

2018-05-28 10:58:17 - [MESSAGE][PASSED] - Delayed 2 second(s)

2018-05-28 10:58:17 - [TEST_STEP][PASSED] - Statement - If (java.lang.String.valueOf(StockQty) >= java.lang.String.valueOf(RequestedQty)): null

2018-05-28 10:58:17 - [TEST_STEP][PASSED] - setText: Text '10' is set on object 'Object Repository/HealthpostToStore/Page_Store/input_txtqty'

2018-05-28 10:58:17 - [MESSAGE][PASSED] - Text '10' is set on object 'Object Repository/HealthpostToStore/Page_Store/input_txtqty'

2018-05-28 10:58:17 - [TEST_STEP][PASSED] - click: Object: 'Object Repository/HealthpostToStore/Page_Store/button_Add' is clicked on

2018-05-28 10:58:17 - [MESSAGE][PASSED] - Object: 'Object Repository/HealthpostToStore/Page_Store/button_Add' is clicked on

2018-05-28 10:58:17 - [TEST_STEP][PASSED] - Statement - Break: null

2018-05-28 10:58:17 - [TEST_STEP][PASSED] - selectOptionByIndex: All options with index in [3] are selected on object 'Object Repository/HealthpostToStore/Page_Store/select_--Select--Adernaline 0.'

2018-05-28 10:58:17 - [MESSAGE][PASSED] - All options with index in [3] are selected on object 'Object Repository/HealthpostToStore/Page_Store/select_--Select--Adernaline 0.'

2018-05-28 10:58:17 - [TEST_STEP][PASSED] - delay: Delayed 2 second(s)

2018-05-28 10:58:19 - [MESSAGE][PASSED] - Delayed 2 second(s)

2018-05-28 10:58:19 - [TEST_STEP][PASSED] - Statement - RequestedQty = com.kms.katalon.core.webui.keyword.WebUiBuiltInKeywords.getAttribute(com.kms.katalon.core.testobject.ObjectRepository.findTestObject(HealthpostToStore/Page_Store/input_txttotal), "value"): Attribute 'value' of object 'Object Repository/HealthpostToStore/Page_Store/input_txttotal' is: '10'

2018-05-28 10:58:19 - [MESSAGE][PASSED] - Attribute 'value' of object 'Object Repository/HealthpostToStore/Page_Store/input_txttotal' is: '10'

2018-05-28 10:58:19 - [TEST_STEP][PASSED] - Statement - out.println("Requested QTY : " + RequestedQty): null

2018-05-28 10:58:19 - [TEST_STEP][PASSED] - Statement - BatchNumber = com.kms.katalon.core.webui.keyword.WebUiBuiltInKeywords.getNumberOfTotalOption(com.kms.katalon.core.testobject.ObjectRepository.findTestObject(HealthpostToStore/Page_Store/select_--Select--BA1170BA2376B)): 3 options of object 'Object Repository/HealthpostToStore/Page_Store/select_--Select--BA1170BA2376B' counted

2018-05-28 10:58:19 - [MESSAGE][PASSED] - 3 options of object 'Object Repository/HealthpostToStore/Page_Store/select_--Select--BA1170BA2376B' counted

2018-05-28 10:58:19 - [TEST_STEP][PASSED] - Statement - For ([g = 1, g <= BatchNumber - 1, (g++)]): null

2018-05-28 10:58:19 - [TEST_STEP][PASSED] - selectOptionByIndex: All options with index in [1] are selected on object 'Object Repository/HealthpostToStore/Page_Store/select_--Select--BA1170BA2376B'

2018-05-28 10:58:20 - [MESSAGE][PASSED] - All options with index in [1] are selected on object 'Object Repository/HealthpostToStore/Page_Store/select_--Select--BA1170BA2376B'

2018-05-28 10:58:20 - [TEST_STEP][PASSED] - Statement - Try: null

2018-05-28 10:58:20 - [TEST_STEP][PASSED] - Statement - StockQty = com.kms.katalon.core.webui.keyword.WebUiBuiltInKeywords.getAttribute(com.kms.katalon.core.testobject.ObjectRepository.findTestObject(HealthpostToStore/Page_Store/input_txtprice), "value"): Attribute 'value' of object 'Object Repository/HealthpostToStore/Page_Store/input_txtprice' is: '1365'

2018-05-28 10:58:20 - [MESSAGE][PASSED] - Attribute 'value' of object 'Object Repository/HealthpostToStore/Page_Store/input_txtprice' is: '1365'

2018-05-28 10:58:20 - [TEST_STEP][PASSED] - Statement - out.println("Stock QTY : " + StockQty): null

2018-05-28 10:58:20 - [TEST_STEP][PASSED] - delay: Delayed 2 second(s)

2018-05-28 10:58:22 - [MESSAGE][PASSED] - Delayed 2 second(s)

2018-05-28 10:58:22 - [TEST_STEP][PASSED] - Statement - If (java.lang.String.valueOf(StockQty) >= java.lang.String.valueOf(RequestedQty)): null

2018-05-28 10:58:22 - [TEST_STEP][PASSED] - setText: Text '10' is set on object 'Object Repository/HealthpostToStore/Page_Store/input_txtqty'

2018-05-28 10:58:22 - [MESSAGE][PASSED] - Text '10' is set on object 'Object Repository/HealthpostToStore/Page_Store/input_txtqty'

2018-05-28 10:58:22 - [TEST_STEP][PASSED] - click: Object: 'Object Repository/HealthpostToStore/Page_Store/button_Add' is clicked on

2018-05-28 10:58:22 - [MESSAGE][PASSED] - Object: 'Object Repository/HealthpostToStore/Page_Store/button_Add' is clicked on

2018-05-28 10:58:22 - [TEST_STEP][PASSED] - Statement - Break: null

2018-05-28 10:58:22 - [TEST_STEP][PASSED] - selectOptionByIndex: All options with index in [4] are selected on object 'Object Repository/HealthpostToStore/Page_Store/select_--Select--Adernaline 0.'

2018-05-28 10:58:22 - [MESSAGE][PASSED] - All options with index in [4] are selected on object 'Object Repository/HealthpostToStore/Page_Store/select_--Select--Adernaline 0.'

2018-05-28 10:58:22 - [TEST_STEP][PASSED] - delay: Delayed 2 second(s)

2018-05-28 10:58:24 - [MESSAGE][PASSED] - Delayed 2 second(s)

2018-05-28 10:58:24 - [TEST_STEP][PASSED] - Statement - RequestedQty = com.kms.katalon.core.webui.keyword.WebUiBuiltInKeywords.getAttribute(com.kms.katalon.core.testobject.ObjectRepository.findTestObject(HealthpostToStore/Page_Store/input_txttotal), "value"): Attribute 'value' of object 'Object Repository/HealthpostToStore/Page_Store/input_txttotal' is: '10'

2018-05-28 10:58:24 - [MESSAGE][PASSED] - Attribute 'value' of object 'Object Repository/HealthpostToStore/Page_Store/input_txttotal' is: '10'

2018-05-28 10:58:24 - [TEST_STEP][PASSED] - Statement - out.println("Requested QTY : " + RequestedQty): null

2018-05-28 10:58:24 - [TEST_STEP][PASSED] - Statement - BatchNumber = com.kms.katalon.core.webui.keyword.WebUiBuiltInKeywords.getNumberOfTotalOption(com.kms.katalon.core.testobject.ObjectRepository.findTestObject(HealthpostToStore/Page_Store/select_--Select--BA1170BA2376B)): 3 options of object 'Object Repository/HealthpostToStore/Page_Store/select_--Select--BA1170BA2376B' counted

2018-05-28 10:58:24 - [MESSAGE][PASSED] - 3 options of object 'Object Repository/HealthpostToStore/Page_Store/select_--Select--BA1170BA2376B' counted

2018-05-28 10:58:24 - [TEST_STEP][PASSED] - Statement - For ([g = 1, g <= BatchNumber - 1, (g++)]): null

2018-05-28 10:58:24 - [TEST_STEP][PASSED] - selectOptionByIndex: All options with index in [1] are selected on object 'Object Repository/HealthpostToStore/Page_Store/select_--Select--BA1170BA2376B'

2018-05-28 10:58:24 - [MESSAGE][PASSED] - All options with index in [1] are selected on object 'Object Repository/HealthpostToStore/Page_Store/select_--Select--BA1170BA2376B'

2018-05-28 10:58:24 - [TEST_STEP][PASSED] - Statement - Try: null

2018-05-28 10:58:24 - [TEST_STEP][PASSED] - Statement - StockQty = com.kms.katalon.core.webui.keyword.WebUiBuiltInKeywords.getAttribute(com.kms.katalon.core.testobject.ObjectRepository.findTestObject(HealthpostToStore/Page_Store/input_txtprice), "value"): Attribute 'value' of object 'Object Repository/HealthpostToStore/Page_Store/input_txtprice' is: '455'

2018-05-28 10:58:24 - [MESSAGE][PASSED] - Attribute 'value' of object 'Object Repository/HealthpostToStore/Page_Store/input_txtprice' is: '455'

2018-05-28 10:58:24 - [TEST_STEP][PASSED] - Statement - out.println("Stock QTY : " + StockQty): null

2018-05-28 10:58:24 - [TEST_STEP][PASSED] - delay: Delayed 2 second(s)

2018-05-28 10:58:26 - [MESSAGE][PASSED] - Delayed 2 second(s)

2018-05-28 10:58:26 - [TEST_STEP][PASSED] - Statement - If (java.lang.String.valueOf(StockQty) >= java.lang.String.valueOf(RequestedQty)): null

2018-05-28 10:58:26 - [TEST_STEP][PASSED] - setText: Text '10' is set on object 'Object Repository/HealthpostToStore/Page_Store/input_txtqty'

2018-05-28 10:58:26 - [MESSAGE][PASSED] - Text '10' is set on object 'Object Repository/HealthpostToStore/Page_Store/input_txtqty'

2018-05-28 10:58:26 - [TEST_STEP][PASSED] - click: Object: 'Object Repository/HealthpostToStore/Page_Store/button_Add' is clicked on

2018-05-28 10:58:26 - [MESSAGE][PASSED] - Object: 'Object Repository/HealthpostToStore/Page_Store/button_Add' is clicked on

2018-05-28 10:58:26 - [TEST_STEP][PASSED] - Statement - Break: null

2018-05-28 10:58:26 - [TEST_STEP][PASSED] - selectOptionByIndex: All options with index in [5] are selected on object 'Object Repository/HealthpostToStore/Page_Store/select_--Select--Adernaline 0.'

2018-05-28 10:58:26 - [MESSAGE][PASSED] - All options with index in [5] are selected on object 'Object Repository/HealthpostToStore/Page_Store/select_--Select--Adernaline 0.'

2018-05-28 10:58:26 - [TEST_STEP][PASSED] - delay: Delayed 2 second(s)

2018-05-28 10:58:28 - [MESSAGE][PASSED] - Delayed 2 second(s)

2018-05-28 10:58:28 - [TEST_STEP][PASSED] - Statement - RequestedQty = com.kms.katalon.core.webui.keyword.WebUiBuiltInKeywords.getAttribute(com.kms.katalon.core.testobject.ObjectRepository.findTestObject(HealthpostToStore/Page_Store/input_txttotal), "value"): Attribute 'value' of object 'Object Repository/HealthpostToStore/Page_Store/input_txttotal' is: '10'

2018-05-28 10:58:29 - [MESSAGE][PASSED] - Attribute 'value' of object 'Object Repository/HealthpostToStore/Page_Store/input_txttotal' is: '10'

2018-05-28 10:58:29 - [TEST_STEP][PASSED] - Statement - out.println("Requested QTY : " + RequestedQty): null

2018-05-28 10:58:29 - [TEST_STEP][PASSED] - Statement - BatchNumber = com.kms.katalon.core.webui.keyword.WebUiBuiltInKeywords.getNumberOfTotalOption(com.kms.katalon.core.testobject.ObjectRepository.findTestObject(HealthpostToStore/Page_Store/select_--Select--BA1170BA2376B)): 3 options of object 'Object Repository/HealthpostToStore/Page_Store/select_--Select--BA1170BA2376B' counted

2018-05-28 10:58:29 - [MESSAGE][PASSED] - 3 options of object 'Object Repository/HealthpostToStore/Page_Store/select_--Select--BA1170BA2376B' counted

2018-05-28 10:58:29 - [TEST_STEP][PASSED] - Statement - For ([g = 1, g <= BatchNumber - 1, (g++)]): null

2018-05-28 10:58:29 - [TEST_STEP][PASSED] - selectOptionByIndex: All options with index in [1] are selected on object 'Object Repository/HealthpostToStore/Page_Store/select_--Select--BA1170BA2376B'

2018-05-28 10:58:29 - [MESSAGE][PASSED] - All options with index in [1] are selected on object 'Object Repository/HealthpostToStore/Page_Store/select_--Select--BA1170BA2376B'

2018-05-28 10:58:29 - [TEST_STEP][PASSED] - Statement - Try: null

2018-05-28 10:58:29 - [TEST_STEP][PASSED] - Statement - StockQty = com.kms.katalon.core.webui.keyword.WebUiBuiltInKeywords.getAttribute(com.kms.katalon.core.testobject.ObjectRepository.findTestObject(HealthpostToStore/Page_Store/input_txtprice), "value"): Attribute 'value' of object 'Object Repository/HealthpostToStore/Page_Store/input_txtprice' is: '455'

2018-05-28 10:58:29 - [MESSAGE][PASSED] - Attribute 'value' of object 'Object Repository/HealthpostToStore/Page_Store/input_txtprice' is: '455'

2018-05-28 10:58:29 - [TEST_STEP][PASSED] - Statement - out.println("Stock QTY : " + StockQty): null

2018-05-28 10:58:29 - [TEST_STEP][PASSED] - delay: Delayed 2 second(s)

2018-05-28 10:58:31 - [MESSAGE][PASSED] - Delayed 2 second(s)

2018-05-28 10:58:31 - [TEST_STEP][PASSED] - Statement - If (java.lang.String.valueOf(StockQty) >= java.lang.String.valueOf(RequestedQty)): null

2018-05-28 10:58:31 - [TEST_STEP][PASSED] - setText: Text '10' is set on object 'Object Repository/HealthpostToStore/Page_Store/input_txtqty'

2018-05-28 10:58:31 - [MESSAGE][PASSED] - Text '10' is set on object 'Object Repository/HealthpostToStore/Page_Store/input_txtqty'

2018-05-28 10:58:31 - [TEST_STEP][PASSED] - click: Object: 'Object Repository/HealthpostToStore/Page_Store/button_Add' is clicked on

2018-05-28 10:58:31 - [MESSAGE][PASSED] - Object: 'Object Repository/HealthpostToStore/Page_Store/button_Add' is clicked on

2018-05-28 10:58:31 - [TEST_STEP][PASSED] - Statement - Break: null

2018-05-28 10:58:31 - [TEST_STEP][PASSED] - selectOptionByIndex: All options with index in [6] are selected on object 'Object Repository/HealthpostToStore/Page_Store/select_--Select--Adernaline 0.'

2018-05-28 10:58:31 - [MESSAGE][PASSED] - All options with index in [6] are selected on object 'Object Repository/HealthpostToStore/Page_Store/select_--Select--Adernaline 0.'

2018-05-28 10:58:31 - [TEST_STEP][PASSED] - delay: Delayed 2 second(s)

2018-05-28 10:58:33 - [MESSAGE][PASSED] - Delayed 2 second(s)

2018-05-28 10:58:33 - [TEST_STEP][PASSED] - Statement - RequestedQty = com.kms.katalon.core.webui.keyword.WebUiBuiltInKeywords.getAttribute(com.kms.katalon.core.testobject.ObjectRepository.findTestObject(HealthpostToStore/Page_Store/input_txttotal), "value"): Attribute 'value' of object 'Object Repository/HealthpostToStore/Page_Store/input_txttotal' is: '10'

2018-05-28 10:58:33 - [MESSAGE][PASSED] - Attribute 'value' of object 'Object Repository/HealthpostToStore/Page_Store/input_txttotal' is: '10'

2018-05-28 10:58:33 - [TEST_STEP][PASSED] - Statement - out.println("Requested QTY : " + RequestedQty): null

2018-05-28 10:58:33 - [TEST_STEP][PASSED] - Statement - BatchNumber = com.kms.katalon.core.webui.keyword.WebUiBuiltInKeywords.getNumberOfTotalOption(com.kms.katalon.core.testobject.ObjectRepository.findTestObject(HealthpostToStore/Page_Store/select_--Select--BA1170BA2376B)): 3 options of object 'Object Repository/HealthpostToStore/Page_Store/select_--Select--BA1170BA2376B' counted

2018-05-28 10:58:33 - [MESSAGE][PASSED] - 3 options of object 'Object Repository/HealthpostToStore/Page_Store/select_--Select--BA1170BA2376B' counted

2018-05-28 10:58:33 - [TEST_STEP][PASSED] - Statement - For ([g = 1, g <= BatchNumber - 1, (g++)]): null

2018-05-28 10:58:33 - [TEST_STEP][PASSED] - selectOptionByIndex: All options with index in [1] are selected on object 'Object Repository/HealthpostToStore/Page_Store/select_--Select--BA1170BA2376B'

2018-05-28 10:58:33 - [MESSAGE][PASSED] - All options with index in [1] are selected on object 'Object Repository/HealthpostToStore/Page_Store/select_--Select--BA1170BA2376B'

2018-05-28 10:58:33 - [TEST_STEP][PASSED] - Statement - Try: null

2018-05-28 10:58:33 - [TEST_STEP][PASSED] - Statement - StockQty = com.kms.katalon.core.webui.keyword.WebUiBuiltInKeywords.getAttribute(com.kms.katalon.core.testobject.ObjectRepository.findTestObject(HealthpostToStore/Page_Store/input_txtprice), "value"): Attribute 'value' of object 'Object Repository/HealthpostToStore/Page_Store/input_txtprice' is: '455'

2018-05-28 10:58:33 - [MESSAGE][PASSED] - Attribute 'value' of object 'Object Repository/HealthpostToStore/Page_Store/input_txtprice' is: '455'

2018-05-28 10:58:33 - [TEST_STEP][PASSED] - Statement - out.println("Stock QTY : " + StockQty): null

2018-05-28 10:58:33 - [TEST_STEP][PASSED] - delay: Delayed 2 second(s)

2018-05-28 10:58:35 - [MESSAGE][PASSED] - Delayed 2 second(s)

2018-05-28 10:58:35 - [TEST_STEP][PASSED] - Statement - If (java.lang.String.valueOf(StockQty) >= java.lang.String.valueOf(RequestedQty)): null

2018-05-28 10:58:35 - [TEST_STEP][PASSED] - setText: Text '10' is set on object 'Object Repository/HealthpostToStore/Page_Store/input_txtqty'

2018-05-28 10:58:35 - [MESSAGE][PASSED] - Text '10' is set on object 'Object Repository/HealthpostToStore/Page_Store/input_txtqty'

2018-05-28 10:58:35 - [TEST_STEP][PASSED] - click: Object: 'Object Repository/HealthpostToStore/Page_Store/button_Add' is clicked on

2018-05-28 10:58:36 - [MESSAGE][PASSED] - Object: 'Object Repository/HealthpostToStore/Page_Store/button_Add' is clicked on

2018-05-28 10:58:36 - [TEST_STEP][PASSED] - Statement - Break: null

2018-05-28 10:58:36 - [TEST_STEP][PASSED] - selectOptionByIndex: All options with index in [7] are selected on object 'Object Repository/HealthpostToStore/Page_Store/select_--Select--Adernaline 0.'

2018-05-28 10:58:36 - [MESSAGE][PASSED] - All options with index in [7] are selected on object 'Object Repository/HealthpostToStore/Page_Store/select_--Select--Adernaline 0.'

2018-05-28 10:58:36 - [TEST_STEP][PASSED] - delay: Delayed 2 second(s)

2018-05-28 10:58:38 - [MESSAGE][PASSED] - Delayed 2 second(s)

2018-05-28 10:58:38 - [TEST_STEP][PASSED] - Statement - RequestedQty = com.kms.katalon.core.webui.keyword.WebUiBuiltInKeywords.getAttribute(com.kms.katalon.core.testobject.ObjectRepository.findTestObject(HealthpostToStore/Page_Store/input_txttotal), "value"): Attribute 'value' of object 'Object Repository/HealthpostToStore/Page_Store/input_txttotal' is: '10'

2018-05-28 10:58:38 - [MESSAGE][PASSED] - Attribute 'value' of object 'Object Repository/HealthpostToStore/Page_Store/input_txttotal' is: '10'

2018-05-28 10:58:38 - [TEST_STEP][PASSED] - Statement - out.println("Requested QTY : " + RequestedQty): null

2018-05-28 10:58:38 - [TEST_STEP][PASSED] - Statement - BatchNumber = com.kms.katalon.core.webui.keyword.WebUiBuiltInKeywords.getNumberOfTotalOption(com.kms.katalon.core.testobject.ObjectRepository.findTestObject(HealthpostToStore/Page_Store/select_--Select--BA1170BA2376B)): 2 options of object 'Object Repository/HealthpostToStore/Page_Store/select_--Select--BA1170BA2376B' counted

2018-05-28 10:58:38 - [MESSAGE][PASSED] - 2 options of object 'Object Repository/HealthpostToStore/Page_Store/select_--Select--BA1170BA2376B' counted

2018-05-28 10:58:38 - [TEST_STEP][PASSED] - Statement - For ([g = 1, g <= BatchNumber - 1, (g++)]): null

2018-05-28 10:58:38 - [TEST_STEP][PASSED] - selectOptionByIndex: All options with index in [1] are selected on object 'Object Repository/HealthpostToStore/Page_Store/select_--Select--BA1170BA2376B'

2018-05-28 10:58:38 - [MESSAGE][PASSED] - All options with index in [1] are selected on object 'Object Repository/HealthpostToStore/Page_Store/select_--Select--BA1170BA2376B'

2018-05-28 10:58:38 - [TEST_STEP][PASSED] - Statement - Try: null

2018-05-28 10:58:38 - [TEST_STEP][PASSED] - Statement - StockQty = com.kms.katalon.core.webui.keyword.WebUiBuiltInKeywords.getAttribute(com.kms.katalon.core.testobject.ObjectRepository.findTestObject(HealthpostToStore/Page_Store/input_txtprice), "value"): Attribute 'value' of object 'Object Repository/HealthpostToStore/Page_Store/input_txtprice' is: '1465'

2018-05-28 10:58:38 - [MESSAGE][PASSED] - Attribute 'value' of object 'Object Repository/HealthpostToStore/Page_Store/input_txtprice' is: '1465'

2018-05-28 10:58:38 - [TEST_STEP][PASSED] - Statement - out.println("Stock QTY : " + StockQty): null

2018-05-28 10:58:38 - [TEST_STEP][PASSED] - delay: Delayed 2 second(s)

2018-05-28 10:58:40 - [MESSAGE][PASSED] - Delayed 2 second(s)

2018-05-28 10:58:40 - [TEST_STEP][PASSED] - Statement - If (java.lang.String.valueOf(StockQty) >= java.lang.String.valueOf(RequestedQty)): null

2018-05-28 10:58:40 - [TEST_STEP][PASSED] - setText: Text '10' is set on object 'Object Repository/HealthpostToStore/Page_Store/input_txtqty'

2018-05-28 10:58:40 - [MESSAGE][PASSED] - Text '10' is set on object 'Object Repository/HealthpostToStore/Page_Store/input_txtqty'

2018-05-28 10:58:40 - [TEST_STEP][PASSED] - click: Object: 'Object Repository/HealthpostToStore/Page_Store/button_Add' is clicked on

2018-05-28 10:58:40 - [MESSAGE][PASSED] - Object: 'Object Repository/HealthpostToStore/Page_Store/button_Add' is clicked on

2018-05-28 10:58:40 - [TEST_STEP][PASSED] - Statement - Break: null

2018-05-28 10:58:40 - [TEST_STEP][PASSED] - selectOptionByIndex: All options with index in [8] are selected on object 'Object Repository/HealthpostToStore/Page_Store/select_--Select--Adernaline 0.'

2018-05-28 10:58:40 - [MESSAGE][PASSED] - All options with index in [8] are selected on object 'Object Repository/HealthpostToStore/Page_Store/select_--Select--Adernaline 0.'

2018-05-28 10:58:40 - [TEST_STEP][PASSED] - delay: Delayed 2 second(s)

2018-05-28 10:58:42 - [MESSAGE][PASSED] - Delayed 2 second(s)

2018-05-28 10:58:42 - [TEST_STEP][PASSED] - Statement - RequestedQty = com.kms.katalon.core.webui.keyword.WebUiBuiltInKeywords.getAttribute(com.kms.katalon.core.testobject.ObjectRepository.findTestObject(HealthpostToStore/Page_Store/input_txttotal), "value"): Attribute 'value' of object 'Object Repository/HealthpostToStore/Page_Store/input_txttotal' is: '10'

2018-05-28 10:58:42 - [MESSAGE][PASSED] - Attribute 'value' of object 'Object Repository/HealthpostToStore/Page_Store/input_txttotal' is: '10'

2018-05-28 10:58:42 - [TEST_STEP][PASSED] - Statement - out.println("Requested QTY : " + RequestedQty): null

2018-05-28 10:58:42 - [TEST_STEP][PASSED] - Statement - BatchNumber = com.kms.katalon.core.webui.keyword.WebUiBuiltInKeywords.getNumberOfTotalOption(com.kms.katalon.core.testobject.ObjectRepository.findTestObject(HealthpostToStore/Page_Store/select_--Select--BA1170BA2376B)): 3 options of object 'Object Repository/HealthpostToStore/Page_Store/select_--Select--BA1170BA2376B' counted

2018-05-28 10:58:42 - [MESSAGE][PASSED] - 3 options of object 'Object Repository/HealthpostToStore/Page_Store/select_--Select--BA1170BA2376B' counted

2018-05-28 10:58:42 - [TEST_STEP][PASSED] - Statement - For ([g = 1, g <= BatchNumber - 1, (g++)]): null

2018-05-28 10:58:42 - [TEST_STEP][PASSED] - selectOptionByIndex: All options with index in [1] are selected on object 'Object Repository/HealthpostToStore/Page_Store/select_--Select--BA1170BA2376B'

2018-05-28 10:58:43 - [MESSAGE][PASSED] - All options with index in [1] are selected on object 'Object Repository/HealthpostToStore/Page_Store/select_--Select--BA1170BA2376B'

2018-05-28 10:58:43 - [TEST_STEP][PASSED] - Statement - Try: null

2018-05-28 10:58:43 - [TEST_STEP][PASSED] - Statement - StockQty = com.kms.katalon.core.webui.keyword.WebUiBuiltInKeywords.getAttribute(com.kms.katalon.core.testobject.ObjectRepository.findTestObject(HealthpostToStore/Page_Store/input_txtprice), "value"): Attribute 'value' of object 'Object Repository/HealthpostToStore/Page_Store/input_txtprice' is: '1365'

2018-05-28 10:58:43 - [MESSAGE][PASSED] - Attribute 'value' of object 'Object Repository/HealthpostToStore/Page_Store/input_txtprice' is: '1365'

2018-05-28 10:58:43 - [TEST_STEP][PASSED] - Statement - out.println("Stock QTY : " + StockQty): null

2018-05-28 10:58:43 - [TEST_STEP][PASSED] - delay: Delayed 2 second(s)

2018-05-28 10:58:45 - [MESSAGE][PASSED] - Delayed 2 second(s)

2018-05-28 10:58:45 - [TEST_STEP][PASSED] - Statement - If (java.lang.String.valueOf(StockQty) >= java.lang.String.valueOf(RequestedQty)): null

2018-05-28 10:58:45 - [TEST_STEP][PASSED] - setText: Text '10' is set on object 'Object Repository/HealthpostToStore/Page_Store/input_txtqty'

2018-05-28 10:58:45 - [MESSAGE][PASSED] - Text '10' is set on object 'Object Repository/HealthpostToStore/Page_Store/input_txtqty'

2018-05-28 10:58:45 - [TEST_STEP][PASSED] - click: Object: 'Object Repository/HealthpostToStore/Page_Store/button_Add' is clicked on

2018-05-28 10:58:45 - [MESSAGE][PASSED] - Object: 'Object Repository/HealthpostToStore/Page_Store/button_Add' is clicked on

2018-05-28 10:58:45 - [TEST_STEP][PASSED] - Statement - Break: null

2018-05-28 10:58:45 - [TEST_STEP][PASSED] - selectOptionByIndex: All options with index in [9] are selected on object 'Object Repository/HealthpostToStore/Page_Store/select_--Select--Adernaline 0.'

2018-05-28 10:58:45 - [MESSAGE][PASSED] - All options with index in [9] are selected on object 'Object Repository/HealthpostToStore/Page_Store/select_--Select--Adernaline 0.'

2018-05-28 10:58:45 - [TEST_STEP][PASSED] - delay: Delayed 2 second(s)

2018-05-28 10:58:47 - [MESSAGE][PASSED] - Delayed 2 second(s)

2018-05-28 10:58:47 - [TEST_STEP][PASSED] - Statement - RequestedQty = com.kms.katalon.core.webui.keyword.WebUiBuiltInKeywords.getAttribute(com.kms.katalon.core.testobject.ObjectRepository.findTestObject(HealthpostToStore/Page_Store/input_txttotal), "value"): Attribute 'value' of object 'Object Repository/HealthpostToStore/Page_Store/input_txttotal' is: '10'

2018-05-28 10:58:47 - [MESSAGE][PASSED] - Attribute 'value' of object 'Object Repository/HealthpostToStore/Page_Store/input_txttotal' is: '10'

2018-05-28 10:58:47 - [TEST_STEP][PASSED] - Statement - out.println("Requested QTY : " + RequestedQty): null

2018-05-28 10:58:47 - [TEST_STEP][PASSED] - Statement - BatchNumber = com.kms.katalon.core.webui.keyword.WebUiBuiltInKeywords.getNumberOfTotalOption(com.kms.katalon.core.testobject.ObjectRepository.findTestObject(HealthpostToStore/Page_Store/select_--Select--BA1170BA2376B)): 3 options of object 'Object Repository/HealthpostToStore/Page_Store/select_--Select--BA1170BA2376B' counted

2018-05-28 10:58:47 - [MESSAGE][PASSED] - 3 options of object 'Object Repository/HealthpostToStore/Page_Store/select_--Select--BA1170BA2376B' counted

2018-05-28 10:58:47 - [TEST_STEP][PASSED] - Statement - For ([g = 1, g <= BatchNumber - 1, (g++)]): null

2018-05-28 10:58:47 - [TEST_STEP][PASSED] - selectOptionByIndex: All options with index in [1] are selected on object 'Object Repository/HealthpostToStore/Page_Store/select_--Select--BA1170BA2376B'

2018-05-28 10:58:47 - [MESSAGE][PASSED] - All options with index in [1] are selected on object 'Object Repository/HealthpostToStore/Page_Store/select_--Select--BA1170BA2376B'

2018-05-28 10:58:47 - [TEST_STEP][PASSED] - Statement - Try: null

2018-05-28 10:58:47 - [TEST_STEP][PASSED] - Statement - StockQty = com.kms.katalon.core.webui.keyword.WebUiBuiltInKeywords.getAttribute(com.kms.katalon.core.testobject.ObjectRepository.findTestObject(HealthpostToStore/Page_Store/input_txtprice), "value"): Attribute 'value' of object 'Object Repository/HealthpostToStore/Page_Store/input_txtprice' is: '455'

2018-05-28 10:58:47 - [MESSAGE][PASSED] - Attribute 'value' of object 'Object Repository/HealthpostToStore/Page_Store/input_txtprice' is: '455'

2018-05-28 10:58:47 - [TEST_STEP][PASSED] - Statement - out.println("Stock QTY : " + StockQty): null

2018-05-28 10:58:47 - [TEST_STEP][PASSED] - delay: Delayed 2 second(s)

2018-05-28 10:58:49 - [MESSAGE][PASSED] - Delayed 2 second(s)

2018-05-28 10:58:49 - [TEST_STEP][PASSED] - Statement - If (java.lang.String.valueOf(StockQty) >= java.lang.String.valueOf(RequestedQty)): null

2018-05-28 10:58:49 - [TEST_STEP][PASSED] - setText: Text '10' is set on object 'Object Repository/HealthpostToStore/Page_Store/input_txtqty'

2018-05-28 10:58:49 - [MESSAGE][PASSED] - Text '10' is set on object 'Object Repository/HealthpostToStore/Page_Store/input_txtqty'

2018-05-28 10:58:49 - [TEST_STEP][PASSED] - click: Object: 'Object Repository/HealthpostToStore/Page_Store/button_Add' is clicked on

2018-05-28 10:58:49 - [MESSAGE][PASSED] - Object: 'Object Repository/HealthpostToStore/Page_Store/button_Add' is clicked on

2018-05-28 10:58:49 - [TEST_STEP][PASSED] - Statement - Break: null

2018-05-28 10:58:49 - [TEST_STEP][PASSED] - selectOptionByIndex: All options with index in [10] are selected on object 'Object Repository/HealthpostToStore/Page_Store/select_--Select--Adernaline 0.'

2018-05-28 10:58:50 - [MESSAGE][PASSED] - All options with index in [10] are selected on object 'Object Repository/HealthpostToStore/Page_Store/select_--Select--Adernaline 0.'

2018-05-28 10:58:50 - [TEST_STEP][PASSED] - delay: Delayed 2 second(s)

2018-05-28 10:58:52 - [MESSAGE][PASSED] - Delayed 2 second(s)

2018-05-28 10:58:52 - [TEST_STEP][PASSED] - Statement - RequestedQty = com.kms.katalon.core.webui.keyword.WebUiBuiltInKeywords.getAttribute(com.kms.katalon.core.testobject.ObjectRepository.findTestObject(HealthpostToStore/Page_Store/input_txttotal), "value"): Attribute 'value' of object 'Object Repository/HealthpostToStore/Page_Store/input_txttotal' is: '10'

2018-05-28 10:58:52 - [MESSAGE][PASSED] - Attribute 'value' of object 'Object Repository/HealthpostToStore/Page_Store/input_txttotal' is: '10'

2018-05-28 10:58:52 - [TEST_STEP][PASSED] - Statement - out.println("Requested QTY : " + RequestedQty): null

2018-05-28 10:58:52 - [TEST_STEP][PASSED] - Statement - BatchNumber = com.kms.katalon.core.webui.keyword.WebUiBuiltInKeywords.getNumberOfTotalOption(com.kms.katalon.core.testobject.ObjectRepository.findTestObject(HealthpostToStore/Page_Store/select_--Select--BA1170BA2376B)): 2 options of object 'Object Repository/HealthpostToStore/Page_Store/select_--Select--BA1170BA2376B' counted

2018-05-28 10:58:52 - [MESSAGE][PASSED] - 2 options of object 'Object Repository/HealthpostToStore/Page_Store/select_--Select--BA1170BA2376B' counted

2018-05-28 10:58:52 - [TEST_STEP][PASSED] - Statement - For ([g = 1, g <= BatchNumber - 1, (g++)]): null

2018-05-28 10:58:52 - [TEST_STEP][PASSED] - selectOptionByIndex: All options with index in [1] are selected on object 'Object Repository/HealthpostToStore/Page_Store/select_--Select--BA1170BA2376B'

2018-05-28 10:58:52 - [MESSAGE][PASSED] - All options with index in [1] are selected on object 'Object Repository/HealthpostToStore/Page_Store/select_--Select--BA1170BA2376B'

2018-05-28 10:58:52 - [TEST_STEP][PASSED] - Statement - Try: null

2018-05-28 10:58:52 - [TEST_STEP][PASSED] - Statement - StockQty = com.kms.katalon.core.webui.keyword.WebUiBuiltInKeywords.getAttribute(com.kms.katalon.core.testobject.ObjectRepository.findTestObject(HealthpostToStore/Page_Store/input_txtprice), "value"): Attribute 'value' of object 'Object Repository/HealthpostToStore/Page_Store/input_txtprice' is: '1465'

2018-05-28 10:58:52 - [MESSAGE][PASSED] - Attribute 'value' of object 'Object Repository/HealthpostToStore/Page_Store/input_txtprice' is: '1465'

2018-05-28 10:58:52 - [TEST_STEP][PASSED] - Statement - out.println("Stock QTY : " + StockQty): null

2018-05-28 10:58:52 - [TEST_STEP][PASSED] - delay: Delayed 2 second(s)

2018-05-28 10:58:54 - [MESSAGE][PASSED] - Delayed 2 second(s)

2018-05-28 10:58:54 - [TEST_STEP][PASSED] - Statement - If (java.lang.String.valueOf(StockQty) >= java.lang.String.valueOf(RequestedQty)): null

2018-05-28 10:58:54 - [TEST_STEP][PASSED] - setText: Text '10' is set on object 'Object Repository/HealthpostToStore/Page_Store/input_txtqty'

2018-05-28 10:58:54 - [MESSAGE][PASSED] - Text '10' is set on object 'Object Repository/HealthpostToStore/Page_Store/input_txtqty'

2018-05-28 10:58:54 - [TEST_STEP][PASSED] - click: Object: 'Object Repository/HealthpostToStore/Page_Store/button_Add' is clicked on

2018-05-28 10:58:54 - [MESSAGE][PASSED] - Object: 'Object Repository/HealthpostToStore/Page_Store/button_Add' is clicked on

2018-05-28 10:58:54 - [TEST_STEP][PASSED] - Statement - Break: null

2018-05-28 10:58:54 - [TEST_STEP][PASSED] - selectOptionByIndex: All options with index in [11] are selected on object 'Object Repository/HealthpostToStore/Page_Store/select_--Select--Adernaline 0.'

2018-05-28 10:58:54 - [MESSAGE][PASSED] - All options with index in [11] are selected on object 'Object Repository/HealthpostToStore/Page_Store/select_--Select--Adernaline 0.'

2018-05-28 10:58:54 - [TEST_STEP][PASSED] - delay: Delayed 2 second(s)

2018-05-28 10:58:56 - [MESSAGE][PASSED] - Delayed 2 second(s)

2018-05-28 10:58:56 - [TEST_STEP][PASSED] - Statement - RequestedQty = com.kms.katalon.core.webui.keyword.WebUiBuiltInKeywords.getAttribute(com.kms.katalon.core.testobject.ObjectRepository.findTestObject(HealthpostToStore/Page_Store/input_txttotal), "value"): Attribute 'value' of object 'Object Repository/HealthpostToStore/Page_Store/input_txttotal' is: '10'

2018-05-28 10:58:56 - [MESSAGE][PASSED] - Attribute 'value' of object 'Object Repository/HealthpostToStore/Page_Store/input_txttotal' is: '10'

2018-05-28 10:58:56 - [TEST_STEP][PASSED] - Statement - out.println("Requested QTY : " + RequestedQty): null

2018-05-28 10:58:56 - [TEST_STEP][PASSED] - Statement - BatchNumber = com.kms.katalon.core.webui.keyword.WebUiBuiltInKeywords.getNumberOfTotalOption(com.kms.katalon.core.testobject.ObjectRepository.findTestObject(HealthpostToStore/Page_Store/select_--Select--BA1170BA2376B)): 4 options of object 'Object Repository/HealthpostToStore/Page_Store/select_--Select--BA1170BA2376B' counted

2018-05-28 10:58:56 - [MESSAGE][PASSED] - 4 options of object 'Object Repository/HealthpostToStore/Page_Store/select_--Select--BA1170BA2376B' counted

2018-05-28 10:58:56 - [TEST_STEP][PASSED] - Statement - For ([g = 1, g <= BatchNumber - 1, (g++)]): null

2018-05-28 10:58:56 - [TEST_STEP][PASSED] - selectOptionByIndex: All options with index in [1] are selected on object 'Object Repository/HealthpostToStore/Page_Store/select_--Select--BA1170BA2376B'

2018-05-28 10:58:56 - [MESSAGE][PASSED] - All options with index in [1] are selected on object 'Object Repository/HealthpostToStore/Page_Store/select_--Select--BA1170BA2376B'

2018-05-28 10:58:57 - [TEST_STEP][PASSED] - Statement - Try: null

2018-05-28 10:58:57 - [TEST_STEP][PASSED] - Statement - StockQty = com.kms.katalon.core.webui.keyword.WebUiBuiltInKeywords.getAttribute(com.kms.katalon.core.testobject.ObjectRepository.findTestObject(HealthpostToStore/Page_Store/input_txtprice), "value"): Attribute 'value' of object 'Object Repository/HealthpostToStore/Page_Store/input_txtprice' is: '455'

2018-05-28 10:58:57 - [MESSAGE][PASSED] - Attribute 'value' of object 'Object Repository/HealthpostToStore/Page_Store/input_txtprice' is: '455'

2018-05-28 10:58:57 - [TEST_STEP][PASSED] - Statement - out.println("Stock QTY : " + StockQty): null

2018-05-28 10:58:57 - [TEST_STEP][PASSED] - delay: Delayed 2 second(s)

2018-05-28 10:58:59 - [MESSAGE][PASSED] - Delayed 2 second(s)

2018-05-28 10:58:59 - [TEST_STEP][PASSED] - Statement - If (java.lang.String.valueOf(StockQty) >= java.lang.String.valueOf(RequestedQty)): null

2018-05-28 10:58:59 - [TEST_STEP][PASSED] - setText: Text '10' is set on object 'Object Repository/HealthpostToStore/Page_Store/input_txtqty'

2018-05-28 10:58:59 - [MESSAGE][PASSED] - Text '10' is set on object 'Object Repository/HealthpostToStore/Page_Store/input_txtqty'

2018-05-28 10:58:59 - [TEST_STEP][PASSED] - click: Object: 'Object Repository/HealthpostToStore/Page_Store/button_Add' is clicked on

2018-05-28 10:58:59 - [MESSAGE][PASSED] - Object: 'Object Repository/HealthpostToStore/Page_Store/button_Add' is clicked on

2018-05-28 10:58:59 - [TEST_STEP][PASSED] - Statement - Break: null

2018-05-28 10:58:59 - [TEST_STEP][PASSED] - selectOptionByIndex: All options with index in [12] are selected on object 'Object Repository/HealthpostToStore/Page_Store/select_--Select--Adernaline 0.'

2018-05-28 10:58:59 - [MESSAGE][PASSED] - All options with index in [12] are selected on object 'Object Repository/HealthpostToStore/Page_Store/select_--Select--Adernaline 0.'

2018-05-28 10:58:59 - [TEST_STEP][PASSED] - delay: Delayed 2 second(s)

2018-05-28 10:59:01 - [MESSAGE][PASSED] - Delayed 2 second(s)

2018-05-28 10:59:01 - [TEST_STEP][PASSED] - Statement - RequestedQty = com.kms.katalon.core.webui.keyword.WebUiBuiltInKeywords.getAttribute(com.kms.katalon.core.testobject.ObjectRepository.findTestObject(HealthpostToStore/Page_Store/input_txttotal), "value"): Attribute 'value' of object 'Object Repository/HealthpostToStore/Page_Store/input_txttotal' is: '10'

2018-05-28 10:59:01 - [MESSAGE][PASSED] - Attribute 'value' of object 'Object Repository/HealthpostToStore/Page_Store/input_txttotal' is: '10'

2018-05-28 10:59:01 - [TEST_STEP][PASSED] - Statement - out.println("Requested QTY : " + RequestedQty): null

2018-05-28 10:59:01 - [TEST_STEP][PASSED] - Statement - BatchNumber = com.kms.katalon.core.webui.keyword.WebUiBuiltInKeywords.getNumberOfTotalOption(com.kms.katalon.core.testobject.ObjectRepository.findTestObject(HealthpostToStore/Page_Store/select_--Select--BA1170BA2376B)): 2 options of object 'Object Repository/HealthpostToStore/Page_Store/select_--Select--BA1170BA2376B' counted

2018-05-28 10:59:01 - [MESSAGE][PASSED] - 2 options of object 'Object Repository/HealthpostToStore/Page_Store/select_--Select--BA1170BA2376B' counted

2018-05-28 10:59:01 - [TEST_STEP][PASSED] - Statement - For ([g = 1, g <= BatchNumber - 1, (g++)]): null

2018-05-28 10:59:01 - [TEST_STEP][PASSED] - selectOptionByIndex: All options with index in [1] are selected on object 'Object Repository/HealthpostToStore/Page_Store/select_--Select--BA1170BA2376B'

2018-05-28 10:59:01 - [MESSAGE][PASSED] - All options with index in [1] are selected on object 'Object Repository/HealthpostToStore/Page_Store/select_--Select--BA1170BA2376B'

2018-05-28 10:59:01 - [TEST_STEP][PASSED] - Statement - Try: null

2018-05-28 10:59:01 - [TEST_STEP][PASSED] - Statement - StockQty = com.kms.katalon.core.webui.keyword.WebUiBuiltInKeywords.getAttribute(com.kms.katalon.core.testobject.ObjectRepository.findTestObject(HealthpostToStore/Page_Store/input_txtprice), "value"): Attribute 'value' of object 'Object Repository/HealthpostToStore/Page_Store/input_txtprice' is: '1465'

2018-05-28 10:59:01 - [MESSAGE][PASSED] - Attribute 'value' of object 'Object Repository/HealthpostToStore/Page_Store/input_txtprice' is: '1465'

2018-05-28 10:59:01 - [TEST_STEP][PASSED] - Statement - out.println("Stock QTY : " + StockQty): null

2018-05-28 10:59:01 - [TEST_STEP][PASSED] - delay: Delayed 2 second(s)

2018-05-28 10:59:03 - [MESSAGE][PASSED] - Delayed 2 second(s)

2018-05-28 10:59:03 - [TEST_STEP][PASSED] - Statement - If (java.lang.String.valueOf(StockQty) >= java.lang.String.valueOf(RequestedQty)): null

2018-05-28 10:59:03 - [TEST_STEP][PASSED] - setText: Text '10' is set on object 'Object Repository/HealthpostToStore/Page_Store/input_txtqty'

2018-05-28 10:59:03 - [MESSAGE][PASSED] - Text '10' is set on object 'Object Repository/HealthpostToStore/Page_Store/input_txtqty'

2018-05-28 10:59:03 - [TEST_STEP][PASSED] - click: Object: 'Object Repository/HealthpostToStore/Page_Store/button_Add' is clicked on

2018-05-28 10:59:03 - [MESSAGE][PASSED] - Object: 'Object Repository/HealthpostToStore/Page_Store/button_Add' is clicked on

2018-05-28 10:59:03 - [TEST_STEP][PASSED] - Statement - Break: null

2018-05-28 10:59:03 - [TEST_STEP][PASSED] - selectOptionByIndex: All options with index in [13] are selected on object 'Object Repository/HealthpostToStore/Page_Store/select_--Select--Adernaline 0.'

2018-05-28 10:59:04 - [MESSAGE][PASSED] - All options with index in [13] are selected on object 'Object Repository/HealthpostToStore/Page_Store/select_--Select--Adernaline 0.'

2018-05-28 10:59:04 - [TEST_STEP][PASSED] - delay: Delayed 2 second(s)

2018-05-28 10:59:06 - [MESSAGE][PASSED] - Delayed 2 second(s)

2018-05-28 10:59:06 - [TEST_STEP][PASSED] - Statement - RequestedQty = com.kms.katalon.core.webui.keyword.WebUiBuiltInKeywords.getAttribute(com.kms.katalon.core.testobject.ObjectRepository.findTestObject(HealthpostToStore/Page_Store/input_txttotal), "value"): Attribute 'value' of object 'Object Repository/HealthpostToStore/Page_Store/input_txttotal' is: '10'

2018-05-28 10:59:06 - [MESSAGE][PASSED] - Attribute 'value' of object 'Object Repository/HealthpostToStore/Page_Store/input_txttotal' is: '10'

2018-05-28 10:59:06 - [TEST_STEP][PASSED] - Statement - out.println("Requested QTY : " + RequestedQty): null

2018-05-28 10:59:06 - [TEST_STEP][PASSED] - Statement - BatchNumber = com.kms.katalon.core.webui.keyword.WebUiBuiltInKeywords.getNumberOfTotalOption(com.kms.katalon.core.testobject.ObjectRepository.findTestObject(HealthpostToStore/Page_Store/select_--Select--BA1170BA2376B)): 3 options of object 'Object Repository/HealthpostToStore/Page_Store/select_--Select--BA1170BA2376B' counted

2018-05-28 10:59:06 - [MESSAGE][PASSED] - 3 options of object 'Object Repository/HealthpostToStore/Page_Store/select_--Select--BA1170BA2376B' counted

2018-05-28 10:59:06 - [TEST_STEP][PASSED] - Statement - For ([g = 1, g <= BatchNumber - 1, (g++)]): null

2018-05-28 10:59:06 - [TEST_STEP][PASSED] - selectOptionByIndex: All options with index in [1] are selected on object 'Object Repository/HealthpostToStore/Page_Store/select_--Select--BA1170BA2376B'

2018-05-28 10:59:06 - [MESSAGE][PASSED] - All options with index in [1] are selected on object 'Object Repository/HealthpostToStore/Page_Store/select_--Select--BA1170BA2376B'

2018-05-28 10:59:06 - [TEST_STEP][PASSED] - Statement - Try: null

2018-05-28 10:59:06 - [TEST_STEP][PASSED] - Statement - StockQty = com.kms.katalon.core.webui.keyword.WebUiBuiltInKeywords.getAttribute(com.kms.katalon.core.testobject.ObjectRepository.findTestObject(HealthpostToStore/Page_Store/input_txtprice), "value"): Attribute 'value' of object 'Object Repository/HealthpostToStore/Page_Store/input_txtprice' is: '455'

2018-05-28 10:59:06 - [MESSAGE][PASSED] - Attribute 'value' of object 'Object Repository/HealthpostToStore/Page_Store/input_txtprice' is: '455'

2018-05-28 10:59:06 - [TEST_STEP][PASSED] - Statement - out.println("Stock QTY : " + StockQty): null

2018-05-28 10:59:06 - [TEST_STEP][PASSED] - delay: Delayed 2 second(s)

2018-05-28 10:59:08 - [MESSAGE][PASSED] - Delayed 2 second(s)

2018-05-28 10:59:08 - [TEST_STEP][PASSED] - Statement - If (java.lang.String.valueOf(StockQty) >= java.lang.String.valueOf(RequestedQty)): null

2018-05-28 10:59:08 - [TEST_STEP][PASSED] - setText: Text '10' is set on object 'Object Repository/HealthpostToStore/Page_Store/input_txtqty'

2018-05-28 10:59:08 - [MESSAGE][PASSED] - Text '10' is set on object 'Object Repository/HealthpostToStore/Page_Store/input_txtqty'

2018-05-28 10:59:08 - [TEST_STEP][PASSED] - click: Object: 'Object Repository/HealthpostToStore/Page_Store/button_Add' is clicked on

2018-05-28 10:59:08 - [MESSAGE][PASSED] - Object: 'Object Repository/HealthpostToStore/Page_Store/button_Add' is clicked on

2018-05-28 10:59:08 - [TEST_STEP][PASSED] - Statement - Break: null

2018-05-28 10:59:08 - [TEST_STEP][PASSED] - selectOptionByIndex: All options with index in [14] are selected on object 'Object Repository/HealthpostToStore/Page_Store/select_--Select--Adernaline 0.'

2018-05-28 10:59:08 - [MESSAGE][PASSED] - All options with index in [14] are selected on object 'Object Repository/HealthpostToStore/Page_Store/select_--Select--Adernaline 0.'

2018-05-28 10:59:08 - [TEST_STEP][PASSED] - delay: Delayed 2 second(s)

2018-05-28 10:59:10 - [MESSAGE][PASSED] - Delayed 2 second(s)

2018-05-28 10:59:10 - [TEST_STEP][PASSED] - Statement - RequestedQty = com.kms.katalon.core.webui.keyword.WebUiBuiltInKeywords.getAttribute(com.kms.katalon.core.testobject.ObjectRepository.findTestObject(HealthpostToStore/Page_Store/input_txttotal), "value"): Attribute 'value' of object 'Object Repository/HealthpostToStore/Page_Store/input_txttotal' is: '10'

2018-05-28 10:59:10 - [MESSAGE][PASSED] - Attribute 'value' of object 'Object Repository/HealthpostToStore/Page_Store/input_txttotal' is: '10'

2018-05-28 10:59:10 - [TEST_STEP][PASSED] - Statement - out.println("Requested QTY : " + RequestedQty): null

2018-05-28 10:59:10 - [TEST_STEP][PASSED] - Statement - BatchNumber = com.kms.katalon.core.webui.keyword.WebUiBuiltInKeywords.getNumberOfTotalOption(com.kms.katalon.core.testobject.ObjectRepository.findTestObject(HealthpostToStore/Page_Store/select_--Select--BA1170BA2376B)): 3 options of object 'Object Repository/HealthpostToStore/Page_Store/select_--Select--BA1170BA2376B' counted

2018-05-28 10:59:10 - [MESSAGE][PASSED] - 3 options of object 'Object Repository/HealthpostToStore/Page_Store/select_--Select--BA1170BA2376B' counted

2018-05-28 10:59:10 - [TEST_STEP][PASSED] - Statement - For ([g = 1, g <= BatchNumber - 1, (g++)]): null

2018-05-28 10:59:10 - [TEST_STEP][PASSED] - selectOptionByIndex: All options with index in [1] are selected on object 'Object Repository/HealthpostToStore/Page_Store/select_--Select--BA1170BA2376B'

2018-05-28 10:59:10 - [MESSAGE][PASSED] - All options with index in [1] are selected on object 'Object Repository/HealthpostToStore/Page_Store/select_--Select--BA1170BA2376B'

2018-05-28 10:59:10 - [TEST_STEP][PASSED] - Statement - Try: null

2018-05-28 10:59:10 - [TEST_STEP][PASSED] - Statement - StockQty = com.kms.katalon.core.webui.keyword.WebUiBuiltInKeywords.getAttribute(com.kms.katalon.core.testobject.ObjectRepository.findTestObject(HealthpostToStore/Page_Store/input_txtprice), "value"): Attribute 'value' of object 'Object Repository/HealthpostToStore/Page_Store/input_txtprice' is: '2965'

2018-05-28 10:59:11 - [MESSAGE][PASSED] - Attribute 'value' of object 'Object Repository/HealthpostToStore/Page_Store/input_txtprice' is: '2965'

2018-05-28 10:59:11 - [TEST_STEP][PASSED] - Statement - out.println("Stock QTY : " + StockQty): null

2018-05-28 10:59:11 - [TEST_STEP][PASSED] - delay: Delayed 2 second(s)

2018-05-28 10:59:13 - [MESSAGE][PASSED] - Delayed 2 second(s)

2018-05-28 10:59:13 - [TEST_STEP][PASSED] - Statement - If (java.lang.String.valueOf(StockQty) >= java.lang.String.valueOf(RequestedQty)): null

2018-05-28 10:59:13 - [TEST_STEP][PASSED] - setText: Text '10' is set on object 'Object Repository/HealthpostToStore/Page_Store/input_txtqty'

2018-05-28 10:59:13 - [MESSAGE][PASSED] - Text '10' is set on object 'Object Repository/HealthpostToStore/Page_Store/input_txtqty'

2018-05-28 10:59:13 - [TEST_STEP][PASSED] - click: Object: 'Object Repository/HealthpostToStore/Page_Store/button_Add' is clicked on

2018-05-28 10:59:13 - [MESSAGE][PASSED] - Object: 'Object Repository/HealthpostToStore/Page_Store/button_Add' is clicked on

2018-05-28 10:59:13 - [TEST_STEP][PASSED] - Statement - Break: null

2018-05-28 10:59:13 - [TEST_STEP][PASSED] - selectOptionByIndex: All options with index in [15] are selected on object 'Object Repository/HealthpostToStore/Page_Store/select_--Select--Adernaline 0.'

2018-05-28 10:59:13 - [MESSAGE][PASSED] - All options with index in [15] are selected on object 'Object Repository/HealthpostToStore/Page_Store/select_--Select--Adernaline 0.'

2018-05-28 10:59:13 - [TEST_STEP][PASSED] - delay: Delayed 2 second(s)

2018-05-28 10:59:15 - [MESSAGE][PASSED] - Delayed 2 second(s)

2018-05-28 10:59:15 - [TEST_STEP][PASSED] - Statement - RequestedQty = com.kms.katalon.core.webui.keyword.WebUiBuiltInKeywords.getAttribute(com.kms.katalon.core.testobject.ObjectRepository.findTestObject(HealthpostToStore/Page_Store/input_txttotal), "value"): Attribute 'value' of object 'Object Repository/HealthpostToStore/Page_Store/input_txttotal' is: '10'

2018-05-28 10:59:15 - [MESSAGE][PASSED] - Attribute 'value' of object 'Object Repository/HealthpostToStore/Page_Store/input_txttotal' is: '10'

2018-05-28 10:59:15 - [TEST_STEP][PASSED] - Statement - out.println("Requested QTY : " + RequestedQty): null

2018-05-28 10:59:15 - [TEST_STEP][PASSED] - Statement - BatchNumber = com.kms.katalon.core.webui.keyword.WebUiBuiltInKeywords.getNumberOfTotalOption(com.kms.katalon.core.testobject.ObjectRepository.findTestObject(HealthpostToStore/Page_Store/select_--Select--BA1170BA2376B)): 3 options of object 'Object Repository/HealthpostToStore/Page_Store/select_--Select--BA1170BA2376B' counted

2018-05-28 10:59:15 - [MESSAGE][PASSED] - 3 options of object 'Object Repository/HealthpostToStore/Page_Store/select_--Select--BA1170BA2376B' counted

2018-05-28 10:59:15 - [TEST_STEP][PASSED] - Statement - For ([g = 1, g <= BatchNumber - 1, (g++)]): null

2018-05-28 10:59:15 - [TEST_STEP][PASSED] - selectOptionByIndex: All options with index in [1] are selected on object 'Object Repository/HealthpostToStore/Page_Store/select_--Select--BA1170BA2376B'

2018-05-28 10:59:15 - [MESSAGE][PASSED] - All options with index in [1] are selected on object 'Object Repository/HealthpostToStore/Page_Store/select_--Select--BA1170BA2376B'

2018-05-28 10:59:15 - [TEST_STEP][PASSED] - Statement - Try: null

2018-05-28 10:59:15 - [TEST_STEP][PASSED] - Statement - StockQty = com.kms.katalon.core.webui.keyword.WebUiBuiltInKeywords.getAttribute(com.kms.katalon.core.testobject.ObjectRepository.findTestObject(HealthpostToStore/Page_Store/input_txtprice), "value"): Attribute 'value' of object 'Object Repository/HealthpostToStore/Page_Store/input_txtprice' is: '2975'

2018-05-28 10:59:15 - [MESSAGE][PASSED] - Attribute 'value' of object 'Object Repository/HealthpostToStore/Page_Store/input_txtprice' is: '2975'

2018-05-28 10:59:15 - [TEST_STEP][PASSED] - Statement - out.println("Stock QTY : " + StockQty): null

2018-05-28 10:59:15 - [TEST_STEP][PASSED] - delay: Delayed 2 second(s)

2018-05-28 10:59:17 - [MESSAGE][PASSED] - Delayed 2 second(s)

2018-05-28 10:59:17 - [TEST_STEP][PASSED] - Statement - If (java.lang.String.valueOf(StockQty) >= java.lang.String.valueOf(RequestedQty)): null

2018-05-28 10:59:17 - [TEST_STEP][PASSED] - setText: Text '10' is set on object 'Object Repository/HealthpostToStore/Page_Store/input_txtqty'

2018-05-28 10:59:17 - [MESSAGE][PASSED] - Text '10' is set on object 'Object Repository/HealthpostToStore/Page_Store/input_txtqty'

2018-05-28 10:59:17 - [TEST_STEP][PASSED] - click: Object: 'Object Repository/HealthpostToStore/Page_Store/button_Add' is clicked on

2018-05-28 10:59:17 - [MESSAGE][PASSED] - Object: 'Object Repository/HealthpostToStore/Page_Store/button_Add' is clicked on

2018-05-28 10:59:17 - [TEST_STEP][PASSED] - Statement - Break: null

2018-05-28 10:59:17 - [TEST_STEP][PASSED] - selectOptionByIndex: All options with index in [16] are selected on object 'Object Repository/HealthpostToStore/Page_Store/select_--Select--Adernaline 0.'

2018-05-28 10:59:18 - [MESSAGE][PASSED] - All options with index in [16] are selected on object 'Object Repository/HealthpostToStore/Page_Store/select_--Select--Adernaline 0.'

2018-05-28 10:59:18 - [TEST_STEP][PASSED] - delay: Delayed 2 second(s)

2018-05-28 10:59:20 - [MESSAGE][PASSED] - Delayed 2 second(s)

2018-05-28 10:59:20 - [TEST_STEP][PASSED] - Statement - RequestedQty = com.kms.katalon.core.webui.keyword.WebUiBuiltInKeywords.getAttribute(com.kms.katalon.core.testobject.ObjectRepository.findTestObject(HealthpostToStore/Page_Store/input_txttotal), "value"): Attribute 'value' of object 'Object Repository/HealthpostToStore/Page_Store/input_txttotal' is: '10'

2018-05-28 10:59:20 - [MESSAGE][PASSED] - Attribute 'value' of object 'Object Repository/HealthpostToStore/Page_Store/input_txttotal' is: '10'

2018-05-28 10:59:20 - [TEST_STEP][PASSED] - Statement - out.println("Requested QTY : " + RequestedQty): null

2018-05-28 10:59:20 - [TEST_STEP][PASSED] - Statement - BatchNumber = com.kms.katalon.core.webui.keyword.WebUiBuiltInKeywords.getNumberOfTotalOption(com.kms.katalon.core.testobject.ObjectRepository.findTestObject(HealthpostToStore/Page_Store/select_--Select--BA1170BA2376B)): 3 options of object 'Object Repository/HealthpostToStore/Page_Store/select_--Select--BA1170BA2376B' counted

2018-05-28 10:59:20 - [MESSAGE][PASSED] - 3 options of object 'Object Repository/HealthpostToStore/Page_Store/select_--Select--BA1170BA2376B' counted

2018-05-28 10:59:20 - [TEST_STEP][PASSED] - Statement - For ([g = 1, g <= BatchNumber - 1, (g++)]): null

2018-05-28 10:59:20 - [TEST_STEP][PASSED] - selectOptionByIndex: All options with index in [1] are selected on object 'Object Repository/HealthpostToStore/Page_Store/select_--Select--BA1170BA2376B'

2018-05-28 10:59:20 - [MESSAGE][PASSED] - All options with index in [1] are selected on object 'Object Repository/HealthpostToStore/Page_Store/select_--Select--BA1170BA2376B'

2018-05-28 10:59:20 - [TEST_STEP][PASSED] - Statement - Try: null

2018-05-28 10:59:20 - [TEST_STEP][PASSED] - Statement - StockQty = com.kms.katalon.core.webui.keyword.WebUiBuiltInKeywords.getAttribute(com.kms.katalon.core.testobject.ObjectRepository.findTestObject(HealthpostToStore/Page_Store/input_txtprice), "value"): Attribute 'value' of object 'Object Repository/HealthpostToStore/Page_Store/input_txtprice' is: '465'

2018-05-28 10:59:20 - [MESSAGE][PASSED] - Attribute 'value' of object 'Object Repository/HealthpostToStore/Page_Store/input_txtprice' is: '465'

2018-05-28 10:59:20 - [TEST_STEP][PASSED] - Statement - out.println("Stock QTY : " + StockQty): null

2018-05-28 10:59:20 - [TEST_STEP][PASSED] - delay: Delayed 2 second(s)

2018-05-28 10:59:22 - [MESSAGE][PASSED] - Delayed 2 second(s)

2018-05-28 10:59:22 - [TEST_STEP][PASSED] - Statement - If (java.lang.String.valueOf(StockQty) >= java.lang.String.valueOf(RequestedQty)): null

2018-05-28 10:59:22 - [TEST_STEP][PASSED] - setText: Text '10' is set on object 'Object Repository/HealthpostToStore/Page_Store/input_txtqty'

2018-05-28 10:59:22 - [MESSAGE][PASSED] - Text '10' is set on object 'Object Repository/HealthpostToStore/Page_Store/input_txtqty'

2018-05-28 10:59:22 - [TEST_STEP][PASSED] - click: Object: 'Object Repository/HealthpostToStore/Page_Store/button_Add' is clicked on

2018-05-28 10:59:22 - [MESSAGE][PASSED] - Object: 'Object Repository/HealthpostToStore/Page_Store/button_Add' is clicked on

2018-05-28 10:59:22 - [TEST_STEP][PASSED] - Statement - Break: null

2018-05-28 10:59:22 - [TEST_STEP][PASSED] - selectOptionByIndex: All options with index in [17] are selected on object 'Object Repository/HealthpostToStore/Page_Store/select_--Select--Adernaline 0.'

2018-05-28 10:59:22 - [MESSAGE][PASSED] - All options with index in [17] are selected on object 'Object Repository/HealthpostToStore/Page_Store/select_--Select--Adernaline 0.'

2018-05-28 10:59:22 - [TEST_STEP][PASSED] - delay: Delayed 2 second(s)

2018-05-28 10:59:24 - [MESSAGE][PASSED] - Delayed 2 second(s)

2018-05-28 10:59:24 - [TEST_STEP][PASSED] - Statement - RequestedQty = com.kms.katalon.core.webui.keyword.WebUiBuiltInKeywords.getAttribute(com.kms.katalon.core.testobject.ObjectRepository.findTestObject(HealthpostToStore/Page_Store/input_txttotal), "value"): Attribute 'value' of object 'Object Repository/HealthpostToStore/Page_Store/input_txttotal' is: '10'

2018-05-28 10:59:24 - [MESSAGE][PASSED] - Attribute 'value' of object 'Object Repository/HealthpostToStore/Page_Store/input_txttotal' is: '10'

2018-05-28 10:59:24 - [TEST_STEP][PASSED] - Statement - out.println("Requested QTY : " + RequestedQty): null

2018-05-28 10:59:24 - [TEST_STEP][PASSED] - Statement - BatchNumber = com.kms.katalon.core.webui.keyword.WebUiBuiltInKeywords.getNumberOfTotalOption(com.kms.katalon.core.testobject.ObjectRepository.findTestObject(HealthpostToStore/Page_Store/select_--Select--BA1170BA2376B)): 2 options of object 'Object Repository/HealthpostToStore/Page_Store/select_--Select--BA1170BA2376B' counted

2018-05-28 10:59:24 - [MESSAGE][PASSED] - 2 options of object 'Object Repository/HealthpostToStore/Page_Store/select_--Select--BA1170BA2376B' counted

2018-05-28 10:59:24 - [TEST_STEP][PASSED] - Statement - For ([g = 1, g <= BatchNumber - 1, (g++)]): null

2018-05-28 10:59:24 - [TEST_STEP][PASSED] - selectOptionByIndex: All options with index in [1] are selected on object 'Object Repository/HealthpostToStore/Page_Store/select_--Select--BA1170BA2376B'

2018-05-28 10:59:24 - [MESSAGE][PASSED] - All options with index in [1] are selected on object 'Object Repository/HealthpostToStore/Page_Store/select_--Select--BA1170BA2376B'

2018-05-28 10:59:24 - [TEST_STEP][PASSED] - Statement - Try: null

2018-05-28 10:59:24 - [TEST_STEP][PASSED] - Statement - StockQty = com.kms.katalon.core.webui.keyword.WebUiBuiltInKeywords.getAttribute(com.kms.katalon.core.testobject.ObjectRepository.findTestObject(HealthpostToStore/Page_Store/input_txtprice), "value"): Attribute 'value' of object 'Object Repository/HealthpostToStore/Page_Store/input_txtprice' is: '1495'

2018-05-28 10:59:25 - [MESSAGE][PASSED] - Attribute 'value' of object 'Object Repository/HealthpostToStore/Page_Store/input_txtprice' is: '1495'

2018-05-28 10:59:25 - [TEST_STEP][PASSED] - Statement - out.println("Stock QTY : " + StockQty): null

2018-05-28 10:59:25 - [TEST_STEP][PASSED] - delay: Delayed 2 second(s)

2018-05-28 10:59:27 - [MESSAGE][PASSED] - Delayed 2 second(s)

2018-05-28 10:59:27 - [TEST_STEP][PASSED] - Statement - If (java.lang.String.valueOf(StockQty) >= java.lang.String.valueOf(RequestedQty)): null

2018-05-28 10:59:27 - [TEST_STEP][PASSED] - setText: Text '10' is set on object 'Object Repository/HealthpostToStore/Page_Store/input_txtqty'

2018-05-28 10:59:27 - [MESSAGE][PASSED] - Text '10' is set on object 'Object Repository/HealthpostToStore/Page_Store/input_txtqty'

2018-05-28 10:59:27 - [TEST_STEP][PASSED] - click: Object: 'Object Repository/HealthpostToStore/Page_Store/button_Add' is clicked on

2018-05-28 10:59:27 - [MESSAGE][PASSED] - Object: 'Object Repository/HealthpostToStore/Page_Store/button_Add' is clicked on

2018-05-28 10:59:27 - [TEST_STEP][PASSED] - Statement - Break: null

2018-05-28 10:59:27 - [TEST_STEP][PASSED] - scrollToElement: Scroll to object 'Object Repository/HealthpostToStore/Page_Store/input_btnSubmit' successfully

2018-05-28 10:59:27 - [MESSAGE][PASSED] - Scroll to object 'Object Repository/HealthpostToStore/Page_Store/input_btnSubmit' successfully

2018-05-28 10:59:27 - [TEST_STEP][PASSED] - click: Object: 'Object Repository/HealthpostToStore/Page_Store/input_btnSubmit' is clicked on

2018-05-28 10:59:27 - [MESSAGE][PASSED] - Object: 'Object Repository/HealthpostToStore/Page_Store/input_btnSubmit' is clicked on

2018-05-28 10:59:27 - [TEST_STEP][PASSED] - delay: Delayed 3 second(s)

2018-05-28 10:59:30 - [MESSAGE][PASSED] - Delayed 3 second(s)

2018-05-28 10:59:30 - [TEST_STEP][PASSED] - click: Object: 'Object Repository/HealthpostToStore/Page_Store/button_OK' is clicked on

2018-05-28 10:59:31 - [MESSAGE][PASSED] - Object: 'Object Repository/HealthpostToStore/Page_Store/button_OK' is clicked on

2018-05-28 10:59:31 - [TEST_STEP][PASSED] - delay: Delayed 3 second(s)

2018-05-28 10:59:34 - [MESSAGE][PASSED] - Delayed 3 second(s)

2018-05-28 10:59:34 - [TEST_STEP][PASSED] - click: Object: 'Object Repository/HealthpostToStore/Page_Store/a_dropdown-toggle' is clicked on

2018-05-28 10:59:34 - [MESSAGE][PASSED] - Object: 'Object Repository/HealthpostToStore/Page_Store/a_dropdown-toggle' is clicked on

2018-05-28 10:59:34 - [TEST_STEP][PASSED] - click: Object: 'Object Repository/HealthpostToStore/Page_Store/a_Sign out' is clicked on

2018-05-28 10:59:34 - [MESSAGE][PASSED] - Object: 'Object Repository/HealthpostToStore/Page_Store/a_Sign out' is clicked on

2018-05-28 10:59:34 - [TEST_STEP][PASSED] - closeBrowser: Browser is closed

2018-05-28 10:59:35 - [MESSAGE][PASSED] - Browser is closed]]></system-out>
         <system-err><![CDATA[]]></system-err>
      </testcase>
      <testcase name="Test Cases/HEALTHPOST TEST CASES/TC_HP_009 Verify Schedule 9 Healthpost Request Are Working Successfully Or Not" classname="Test Cases/HEALTHPOST TEST CASES/TC_HP_009 Verify Schedule 9 Healthpost Request Are Working Successfully Or Not" status="FAILED">
         <failure type="FAILED" message="Unable to get attribute 'value' of object 'Object Repository/HealthpostToStore/Page_Store/input_txttotal' (Root cause: org.openqa.selenium.UnhandledAlertException: unexpected alert open: {Alert text : function Error() { [native code] }}
  (Session info: chrome=66.0.3359.181)
  (Driver info: chromedriver=2.35.528161 (5b82f2d2aae0ca24b877009200ced9065a772e73),platform=Windows NT 10.0.17134 x86_64) (WARNING: The server did not provide any stacktrace information)
Command duration or timeout: 0 milliseconds: null
Build info: version: '3.7.1', revision: '8a0099a', time: '2017-11-06T21:07:36.161Z'
System info: host: 'DESKTOP-BLFTK83', ip: '169.254.189.85', os.name: 'Windows 10', os.arch: 'amd64', os.version: '10.0', java.version: '1.8.0_102'
Driver info: com.kms.katalon.selenium.driver.CChromeDriver
Capabilities {acceptInsecureCerts: false, acceptSslCerts: false, applicationCacheEnabled: false, browserConnectionEnabled: false, browserName: chrome, chrome: {chromedriverVersion: 2.35.528161 (5b82f2d2aae0ca..., userDataDir: C:\Users\QUALIT~1\AppData\L...}, cssSelectorsEnabled: true, databaseEnabled: false, handlesAlerts: true, hasTouchScreen: false, javascriptEnabled: true, locationContextEnabled: true, mobileEmulationEnabled: false, nativeEvents: true, networkConnectionEnabled: false, pageLoadStrategy: normal, platform: XP, platformName: XP, rotatable: false, setWindowRect: true, takesHeapSnapshot: true, takesScreenshot: true, unexpectedAlertBehaviour: , unhandledPromptBehavior: , version: 66.0.3359.181, webStorageEnabled: true}
Session ID: e722f5706ebbdd5ab87e5682f1ac07b2
*** Element info: {Using=xpath, value=//input[@type = 'text' and @id = 'txttotal' and @name = 'txttotal' and @placeholder = 'Req.Qty']})"/>
         <system-out><![CDATA[2018-05-28 10:59:35 - [TEST_CASE][FAILED] - Test Cases/HEALTHPOST TEST CASES/TC_HP_009 Verify Schedule 9 Healthpost Request Are Working Successfully Or Not: Test Cases/HEALTHPOST TEST CASES/TC_HP_009 Verify Schedule 9 Healthpost Request Are Working Successfully Or Not FAILED because (of) Unable to get attribute 'value' of object 'Object Repository/HealthpostToStore/Page_Store/input_txttotal' (Root cause: org.openqa.selenium.UnhandledAlertException: unexpected alert open: {Alert text : function Error() { [native code] }}
  (Session info: chrome=66.0.3359.181)
  (Driver info: chromedriver=2.35.528161 (5b82f2d2aae0ca24b877009200ced9065a772e73),platform=Windows NT 10.0.17134 x86_64) (WARNING: The server did not provide any stacktrace information)
Command duration or timeout: 0 milliseconds: null
Build info: version: '3.7.1', revision: '8a0099a', time: '2017-11-06T21:07:36.161Z'
System info: host: 'DESKTOP-BLFTK83', ip: '169.254.189.85', os.name: 'Windows 10', os.arch: 'amd64', os.version: '10.0', java.version: '1.8.0_102'
Driver info: com.kms.katalon.selenium.driver.CChromeDriver
Capabilities {acceptInsecureCerts: false, acceptSslCerts: false, applicationCacheEnabled: false, browserConnectionEnabled: false, browserName: chrome, chrome: {chromedriverVersion: 2.35.528161 (5b82f2d2aae0ca..., userDataDir: C:\Users\QUALIT~1\AppData\L...}, cssSelectorsEnabled: true, databaseEnabled: false, handlesAlerts: true, hasTouchScreen: false, javascriptEnabled: true, locationContextEnabled: true, mobileEmulationEnabled: false, nativeEvents: true, networkConnectionEnabled: false, pageLoadStrategy: normal, platform: XP, platformName: XP, rotatable: false, setWindowRect: true, takesHeapSnapshot: true, takesScreenshot: true, unexpectedAlertBehaviour: , unhandledPromptBehavior: , version: 66.0.3359.181, webStorageEnabled: true}
Session ID: e722f5706ebbdd5ab87e5682f1ac07b2
*** Element info: {Using=xpath, value=//input[@type = 'text' and @id = 'txttotal' and @name = 'txttotal' and @placeholder = 'Req.Qty']})

2018-05-28 10:59:35 - [TEST_STEP][PASSED] - openBrowser: Browser is opened with url: ''

2018-05-28 10:59:37 - [MESSAGE][PASSED] - Browser is opened with url: ''

2018-05-28 10:59:37 - [TEST_STEP][PASSED] - navigateToUrl: Navigate to 'http://192.168.137.1/multihospital_new/HDSplashscreen.aspx' successfully

2018-05-28 10:59:39 - [MESSAGE][PASSED] - Navigate to 'http://192.168.137.1/multihospital_new/HDSplashscreen.aspx' successfully

2018-05-28 10:59:39 - [TEST_STEP][PASSED] - maximizeWindow: Current window maximized

2018-05-28 10:59:40 - [MESSAGE][PASSED] - Current window maximized

2018-05-28 10:59:40 - [TEST_STEP][PASSED] - click: Object: 'Object Repository/HealthpostToStore/Page_KDMC/a_Healthpost Store' is clicked on

2018-05-28 10:59:41 - [MESSAGE][PASSED] - Object: 'Object Repository/HealthpostToStore/Page_KDMC/a_Healthpost Store' is clicked on

2018-05-28 10:59:41 - [TEST_STEP][PASSED] - setText: Text 'raguram' is set on object 'Object Repository/HealthpostToStore/Page_HealthPost Store Login/input_txtusername'

2018-05-28 10:59:41 - [MESSAGE][PASSED] - Text 'raguram' is set on object 'Object Repository/HealthpostToStore/Page_HealthPost Store Login/input_txtusername'

2018-05-28 10:59:41 - [TEST_STEP][PASSED] - setText: Text '123' is set on object 'Object Repository/HealthpostToStore/Page_HealthPost Store Login/input_txtpassword'

2018-05-28 10:59:41 - [MESSAGE][PASSED] - Text '123' is set on object 'Object Repository/HealthpostToStore/Page_HealthPost Store Login/input_txtpassword'

2018-05-28 10:59:41 - [TEST_STEP][PASSED] - delay: Delayed 3 second(s)

2018-05-28 10:59:44 - [MESSAGE][PASSED] - Delayed 3 second(s)

2018-05-28 10:59:44 - [TEST_STEP][PASSED] - sendKeys: Keys 'ENTER + ' sent to object: 'Object Repository/HealthpostToStore/Page_HealthPost Store Login/input_txtpassword'

2018-05-28 10:59:45 - [MESSAGE][PASSED] - Keys 'ENTER + ' sent to object: 'Object Repository/HealthpostToStore/Page_HealthPost Store Login/input_txtpassword'

2018-05-28 10:59:45 - [TEST_STEP][PASSED] - delay: Delayed 3 second(s)

2018-05-28 10:59:48 - [MESSAGE][PASSED] - Delayed 3 second(s)

2018-05-28 10:59:48 - [TEST_STEP][PASSED] - click: Object: 'Object Repository/HealthpostToStore/Page_HealthPost Store/a_Request to Store' is clicked on

2018-05-28 10:59:48 - [MESSAGE][PASSED] - Object: 'Object Repository/HealthpostToStore/Page_HealthPost Store/a_Request to Store' is clicked on

2018-05-28 10:59:48 - [TEST_STEP][PASSED] - delay: Delayed 1 second(s)

2018-05-28 10:59:49 - [MESSAGE][PASSED] - Delayed 1 second(s)

2018-05-28 10:59:49 - [TEST_STEP][PASSED] - click: Object: 'Object Repository/HealthpostToStore/Page_HealthPost Store/a_Medicine Request' is clicked on

2018-05-28 10:59:49 - [MESSAGE][PASSED] - Object: 'Object Repository/HealthpostToStore/Page_HealthPost Store/a_Medicine Request' is clicked on

2018-05-28 10:59:49 - [TEST_STEP][PASSED] - delay: Delayed 1 second(s)

2018-05-28 10:59:50 - [MESSAGE][PASSED] - Delayed 1 second(s)

2018-05-28 10:59:50 - [TEST_STEP][PASSED] - selectOptionByIndex: All options with index in [9] are selected on object 'Object Repository/HealthpostToStore/Page_HealthPost Store/select_--Select--Schedule 1Inj'

2018-05-28 10:59:51 - [MESSAGE][PASSED] - All options with index in [9] are selected on object 'Object Repository/HealthpostToStore/Page_HealthPost Store/select_--Select--Schedule 1Inj'

2018-05-28 10:59:51 - [TEST_STEP][PASSED] - Statement - medicineslength = com.kms.katalon.core.webui.keyword.WebUiBuiltInKeywords.getNumberOfTotalOption(com.kms.katalon.core.testobject.ObjectRepository.findTestObject(HealthpostToStore/Page_HealthPost Store/select_--Select--Adernaline 0.)): 36 options of object 'Object Repository/HealthpostToStore/Page_HealthPost Store/select_--Select--Adernaline 0.' counted

2018-05-28 10:59:51 - [MESSAGE][PASSED] - 36 options of object 'Object Repository/HealthpostToStore/Page_HealthPost Store/select_--Select--Adernaline 0.' counted

2018-05-28 10:59:51 - [TEST_STEP][PASSED] - Statement - For ([e = 1, e <= medicineslength - 1, (e++)]): Object: 'Object Repository/HealthpostToStore/Page_HealthPost Store/button_Add' is clicked on

2018-05-28 10:59:51 - [TEST_STEP][PASSED] - selectOptionByIndex: All options with index in [9] are selected on object 'Object Repository/HealthpostToStore/Page_HealthPost Store/select_--Select--Schedule 1Inj'

2018-05-28 10:59:51 - [MESSAGE][PASSED] - All options with index in [9] are selected on object 'Object Repository/HealthpostToStore/Page_HealthPost Store/select_--Select--Schedule 1Inj'

2018-05-28 10:59:51 - [TEST_STEP][PASSED] - selectOptionByIndex: All options with index in [1] are selected on object 'Object Repository/HealthpostToStore/Page_HealthPost Store/select_--Select--Adernaline 0.'

2018-05-28 10:59:51 - [MESSAGE][PASSED] - All options with index in [1] are selected on object 'Object Repository/HealthpostToStore/Page_HealthPost Store/select_--Select--Adernaline 0.'

2018-05-28 10:59:51 - [TEST_STEP][PASSED] - setText: Text '10' is set on object 'Object Repository/HealthpostToStore/Page_HealthPost Store/input_txttreat'

2018-05-28 10:59:51 - [MESSAGE][PASSED] - Text '10' is set on object 'Object Repository/HealthpostToStore/Page_HealthPost Store/input_txttreat'

2018-05-28 10:59:51 - [TEST_STEP][PASSED] - click: Object: 'Object Repository/HealthpostToStore/Page_HealthPost Store/button_Add' is clicked on

2018-05-28 10:59:51 - [MESSAGE][PASSED] - Object: 'Object Repository/HealthpostToStore/Page_HealthPost Store/button_Add' is clicked on

2018-05-28 10:59:51 - [TEST_STEP][PASSED] - selectOptionByIndex: All options with index in [9] are selected on object 'Object Repository/HealthpostToStore/Page_HealthPost Store/select_--Select--Schedule 1Inj'

2018-05-28 10:59:51 - [MESSAGE][PASSED] - All options with index in [9] are selected on object 'Object Repository/HealthpostToStore/Page_HealthPost Store/select_--Select--Schedule 1Inj'

2018-05-28 10:59:51 - [TEST_STEP][PASSED] - selectOptionByIndex: All options with index in [2] are selected on object 'Object Repository/HealthpostToStore/Page_HealthPost Store/select_--Select--Adernaline 0.'

2018-05-28 10:59:52 - [MESSAGE][PASSED] - All options with index in [2] are selected on object 'Object Repository/HealthpostToStore/Page_HealthPost Store/select_--Select--Adernaline 0.'

2018-05-28 10:59:52 - [TEST_STEP][PASSED] - setText: Text '10' is set on object 'Object Repository/HealthpostToStore/Page_HealthPost Store/input_txttreat'

2018-05-28 10:59:52 - [MESSAGE][PASSED] - Text '10' is set on object 'Object Repository/HealthpostToStore/Page_HealthPost Store/input_txttreat'

2018-05-28 10:59:52 - [TEST_STEP][PASSED] - click: Object: 'Object Repository/HealthpostToStore/Page_HealthPost Store/button_Add' is clicked on

2018-05-28 10:59:52 - [MESSAGE][PASSED] - Object: 'Object Repository/HealthpostToStore/Page_HealthPost Store/button_Add' is clicked on

2018-05-28 10:59:52 - [TEST_STEP][PASSED] - selectOptionByIndex: All options with index in [9] are selected on object 'Object Repository/HealthpostToStore/Page_HealthPost Store/select_--Select--Schedule 1Inj'

2018-05-28 10:59:52 - [MESSAGE][PASSED] - All options with index in [9] are selected on object 'Object Repository/HealthpostToStore/Page_HealthPost Store/select_--Select--Schedule 1Inj'

2018-05-28 10:59:52 - [TEST_STEP][PASSED] - selectOptionByIndex: All options with index in [3] are selected on object 'Object Repository/HealthpostToStore/Page_HealthPost Store/select_--Select--Adernaline 0.'

2018-05-28 10:59:52 - [MESSAGE][PASSED] - All options with index in [3] are selected on object 'Object Repository/HealthpostToStore/Page_HealthPost Store/select_--Select--Adernaline 0.'

2018-05-28 10:59:52 - [TEST_STEP][PASSED] - setText: Text '10' is set on object 'Object Repository/HealthpostToStore/Page_HealthPost Store/input_txttreat'

2018-05-28 10:59:52 - [MESSAGE][PASSED] - Text '10' is set on object 'Object Repository/HealthpostToStore/Page_HealthPost Store/input_txttreat'

2018-05-28 10:59:52 - [TEST_STEP][PASSED] - click: Object: 'Object Repository/HealthpostToStore/Page_HealthPost Store/button_Add' is clicked on

2018-05-28 10:59:52 - [MESSAGE][PASSED] - Object: 'Object Repository/HealthpostToStore/Page_HealthPost Store/button_Add' is clicked on

2018-05-28 10:59:52 - [TEST_STEP][PASSED] - selectOptionByIndex: All options with index in [9] are selected on object 'Object Repository/HealthpostToStore/Page_HealthPost Store/select_--Select--Schedule 1Inj'

2018-05-28 10:59:52 - [MESSAGE][PASSED] - All options with index in [9] are selected on object 'Object Repository/HealthpostToStore/Page_HealthPost Store/select_--Select--Schedule 1Inj'

2018-05-28 10:59:52 - [TEST_STEP][PASSED] - selectOptionByIndex: All options with index in [4] are selected on object 'Object Repository/HealthpostToStore/Page_HealthPost Store/select_--Select--Adernaline 0.'

2018-05-28 10:59:53 - [MESSAGE][PASSED] - All options with index in [4] are selected on object 'Object Repository/HealthpostToStore/Page_HealthPost Store/select_--Select--Adernaline 0.'

2018-05-28 10:59:53 - [TEST_STEP][PASSED] - setText: Text '10' is set on object 'Object Repository/HealthpostToStore/Page_HealthPost Store/input_txttreat'

2018-05-28 10:59:53 - [MESSAGE][PASSED] - Text '10' is set on object 'Object Repository/HealthpostToStore/Page_HealthPost Store/input_txttreat'

2018-05-28 10:59:53 - [TEST_STEP][PASSED] - click: Object: 'Object Repository/HealthpostToStore/Page_HealthPost Store/button_Add' is clicked on

2018-05-28 10:59:53 - [MESSAGE][PASSED] - Object: 'Object Repository/HealthpostToStore/Page_HealthPost Store/button_Add' is clicked on

2018-05-28 10:59:53 - [TEST_STEP][PASSED] - selectOptionByIndex: All options with index in [9] are selected on object 'Object Repository/HealthpostToStore/Page_HealthPost Store/select_--Select--Schedule 1Inj'

2018-05-28 10:59:53 - [MESSAGE][PASSED] - All options with index in [9] are selected on object 'Object Repository/HealthpostToStore/Page_HealthPost Store/select_--Select--Schedule 1Inj'

2018-05-28 10:59:53 - [TEST_STEP][PASSED] - selectOptionByIndex: All options with index in [5] are selected on object 'Object Repository/HealthpostToStore/Page_HealthPost Store/select_--Select--Adernaline 0.'

2018-05-28 10:59:53 - [MESSAGE][PASSED] - All options with index in [5] are selected on object 'Object Repository/HealthpostToStore/Page_HealthPost Store/select_--Select--Adernaline 0.'

2018-05-28 10:59:53 - [TEST_STEP][PASSED] - setText: Text '10' is set on object 'Object Repository/HealthpostToStore/Page_HealthPost Store/input_txttreat'

2018-05-28 10:59:53 - [MESSAGE][PASSED] - Text '10' is set on object 'Object Repository/HealthpostToStore/Page_HealthPost Store/input_txttreat'

2018-05-28 10:59:53 - [TEST_STEP][PASSED] - click: Object: 'Object Repository/HealthpostToStore/Page_HealthPost Store/button_Add' is clicked on

2018-05-28 10:59:53 - [MESSAGE][PASSED] - Object: 'Object Repository/HealthpostToStore/Page_HealthPost Store/button_Add' is clicked on

2018-05-28 10:59:53 - [TEST_STEP][PASSED] - selectOptionByIndex: All options with index in [9] are selected on object 'Object Repository/HealthpostToStore/Page_HealthPost Store/select_--Select--Schedule 1Inj'

2018-05-28 10:59:53 - [MESSAGE][PASSED] - All options with index in [9] are selected on object 'Object Repository/HealthpostToStore/Page_HealthPost Store/select_--Select--Schedule 1Inj'

2018-05-28 10:59:53 - [TEST_STEP][PASSED] - selectOptionByIndex: All options with index in [6] are selected on object 'Object Repository/HealthpostToStore/Page_HealthPost Store/select_--Select--Adernaline 0.'

2018-05-28 10:59:54 - [MESSAGE][PASSED] - All options with index in [6] are selected on object 'Object Repository/HealthpostToStore/Page_HealthPost Store/select_--Select--Adernaline 0.'

2018-05-28 10:59:54 - [TEST_STEP][PASSED] - setText: Text '10' is set on object 'Object Repository/HealthpostToStore/Page_HealthPost Store/input_txttreat'

2018-05-28 10:59:54 - [MESSAGE][PASSED] - Text '10' is set on object 'Object Repository/HealthpostToStore/Page_HealthPost Store/input_txttreat'

2018-05-28 10:59:54 - [TEST_STEP][PASSED] - click: Object: 'Object Repository/HealthpostToStore/Page_HealthPost Store/button_Add' is clicked on

2018-05-28 10:59:54 - [MESSAGE][PASSED] - Object: 'Object Repository/HealthpostToStore/Page_HealthPost Store/button_Add' is clicked on

2018-05-28 10:59:54 - [TEST_STEP][PASSED] - selectOptionByIndex: All options with index in [9] are selected on object 'Object Repository/HealthpostToStore/Page_HealthPost Store/select_--Select--Schedule 1Inj'

2018-05-28 10:59:54 - [MESSAGE][PASSED] - All options with index in [9] are selected on object 'Object Repository/HealthpostToStore/Page_HealthPost Store/select_--Select--Schedule 1Inj'

2018-05-28 10:59:54 - [TEST_STEP][PASSED] - selectOptionByIndex: All options with index in [7] are selected on object 'Object Repository/HealthpostToStore/Page_HealthPost Store/select_--Select--Adernaline 0.'

2018-05-28 10:59:54 - [MESSAGE][PASSED] - All options with index in [7] are selected on object 'Object Repository/HealthpostToStore/Page_HealthPost Store/select_--Select--Adernaline 0.'

2018-05-28 10:59:54 - [TEST_STEP][PASSED] - setText: Text '10' is set on object 'Object Repository/HealthpostToStore/Page_HealthPost Store/input_txttreat'

2018-05-28 10:59:54 - [MESSAGE][PASSED] - Text '10' is set on object 'Object Repository/HealthpostToStore/Page_HealthPost Store/input_txttreat'

2018-05-28 10:59:54 - [TEST_STEP][PASSED] - click: Object: 'Object Repository/HealthpostToStore/Page_HealthPost Store/button_Add' is clicked on

2018-05-28 10:59:54 - [MESSAGE][PASSED] - Object: 'Object Repository/HealthpostToStore/Page_HealthPost Store/button_Add' is clicked on

2018-05-28 10:59:54 - [TEST_STEP][PASSED] - selectOptionByIndex: All options with index in [9] are selected on object 'Object Repository/HealthpostToStore/Page_HealthPost Store/select_--Select--Schedule 1Inj'

2018-05-28 10:59:54 - [MESSAGE][PASSED] - All options with index in [9] are selected on object 'Object Repository/HealthpostToStore/Page_HealthPost Store/select_--Select--Schedule 1Inj'

2018-05-28 10:59:54 - [TEST_STEP][PASSED] - selectOptionByIndex: All options with index in [8] are selected on object 'Object Repository/HealthpostToStore/Page_HealthPost Store/select_--Select--Adernaline 0.'

2018-05-28 10:59:55 - [MESSAGE][PASSED] - All options with index in [8] are selected on object 'Object Repository/HealthpostToStore/Page_HealthPost Store/select_--Select--Adernaline 0.'

2018-05-28 10:59:55 - [TEST_STEP][PASSED] - setText: Text '10' is set on object 'Object Repository/HealthpostToStore/Page_HealthPost Store/input_txttreat'

2018-05-28 10:59:55 - [MESSAGE][PASSED] - Text '10' is set on object 'Object Repository/HealthpostToStore/Page_HealthPost Store/input_txttreat'

2018-05-28 10:59:55 - [TEST_STEP][PASSED] - click: Object: 'Object Repository/HealthpostToStore/Page_HealthPost Store/button_Add' is clicked on

2018-05-28 10:59:55 - [MESSAGE][PASSED] - Object: 'Object Repository/HealthpostToStore/Page_HealthPost Store/button_Add' is clicked on

2018-05-28 10:59:55 - [TEST_STEP][PASSED] - selectOptionByIndex: All options with index in [9] are selected on object 'Object Repository/HealthpostToStore/Page_HealthPost Store/select_--Select--Schedule 1Inj'

2018-05-28 10:59:55 - [MESSAGE][PASSED] - All options with index in [9] are selected on object 'Object Repository/HealthpostToStore/Page_HealthPost Store/select_--Select--Schedule 1Inj'

2018-05-28 10:59:55 - [TEST_STEP][PASSED] - selectOptionByIndex: All options with index in [9] are selected on object 'Object Repository/HealthpostToStore/Page_HealthPost Store/select_--Select--Adernaline 0.'

2018-05-28 10:59:55 - [MESSAGE][PASSED] - All options with index in [9] are selected on object 'Object Repository/HealthpostToStore/Page_HealthPost Store/select_--Select--Adernaline 0.'

2018-05-28 10:59:55 - [TEST_STEP][PASSED] - setText: Text '10' is set on object 'Object Repository/HealthpostToStore/Page_HealthPost Store/input_txttreat'

2018-05-28 10:59:55 - [MESSAGE][PASSED] - Text '10' is set on object 'Object Repository/HealthpostToStore/Page_HealthPost Store/input_txttreat'

2018-05-28 10:59:55 - [TEST_STEP][PASSED] - click: Object: 'Object Repository/HealthpostToStore/Page_HealthPost Store/button_Add' is clicked on

2018-05-28 10:59:55 - [MESSAGE][PASSED] - Object: 'Object Repository/HealthpostToStore/Page_HealthPost Store/button_Add' is clicked on

2018-05-28 10:59:55 - [TEST_STEP][PASSED] - selectOptionByIndex: All options with index in [9] are selected on object 'Object Repository/HealthpostToStore/Page_HealthPost Store/select_--Select--Schedule 1Inj'

2018-05-28 10:59:56 - [MESSAGE][PASSED] - All options with index in [9] are selected on object 'Object Repository/HealthpostToStore/Page_HealthPost Store/select_--Select--Schedule 1Inj'

2018-05-28 10:59:56 - [TEST_STEP][PASSED] - selectOptionByIndex: All options with index in [10] are selected on object 'Object Repository/HealthpostToStore/Page_HealthPost Store/select_--Select--Adernaline 0.'

2018-05-28 10:59:56 - [MESSAGE][PASSED] - All options with index in [10] are selected on object 'Object Repository/HealthpostToStore/Page_HealthPost Store/select_--Select--Adernaline 0.'

2018-05-28 10:59:56 - [TEST_STEP][PASSED] - setText: Text '10' is set on object 'Object Repository/HealthpostToStore/Page_HealthPost Store/input_txttreat'

2018-05-28 10:59:56 - [MESSAGE][PASSED] - Text '10' is set on object 'Object Repository/HealthpostToStore/Page_HealthPost Store/input_txttreat'

2018-05-28 10:59:56 - [TEST_STEP][PASSED] - click: Object: 'Object Repository/HealthpostToStore/Page_HealthPost Store/button_Add' is clicked on

2018-05-28 10:59:56 - [MESSAGE][PASSED] - Object: 'Object Repository/HealthpostToStore/Page_HealthPost Store/button_Add' is clicked on

2018-05-28 10:59:56 - [TEST_STEP][PASSED] - selectOptionByIndex: All options with index in [9] are selected on object 'Object Repository/HealthpostToStore/Page_HealthPost Store/select_--Select--Schedule 1Inj'

2018-05-28 10:59:56 - [MESSAGE][PASSED] - All options with index in [9] are selected on object 'Object Repository/HealthpostToStore/Page_HealthPost Store/select_--Select--Schedule 1Inj'

2018-05-28 10:59:56 - [TEST_STEP][PASSED] - selectOptionByIndex: All options with index in [11] are selected on object 'Object Repository/HealthpostToStore/Page_HealthPost Store/select_--Select--Adernaline 0.'

2018-05-28 10:59:57 - [MESSAGE][PASSED] - All options with index in [11] are selected on object 'Object Repository/HealthpostToStore/Page_HealthPost Store/select_--Select--Adernaline 0.'

2018-05-28 10:59:57 - [TEST_STEP][PASSED] - setText: Text '10' is set on object 'Object Repository/HealthpostToStore/Page_HealthPost Store/input_txttreat'

2018-05-28 10:59:57 - [MESSAGE][PASSED] - Text '10' is set on object 'Object Repository/HealthpostToStore/Page_HealthPost Store/input_txttreat'

2018-05-28 10:59:57 - [TEST_STEP][PASSED] - click: Object: 'Object Repository/HealthpostToStore/Page_HealthPost Store/button_Add' is clicked on

2018-05-28 10:59:57 - [MESSAGE][PASSED] - Object: 'Object Repository/HealthpostToStore/Page_HealthPost Store/button_Add' is clicked on

2018-05-28 10:59:57 - [TEST_STEP][PASSED] - selectOptionByIndex: All options with index in [9] are selected on object 'Object Repository/HealthpostToStore/Page_HealthPost Store/select_--Select--Schedule 1Inj'

2018-05-28 10:59:57 - [MESSAGE][PASSED] - All options with index in [9] are selected on object 'Object Repository/HealthpostToStore/Page_HealthPost Store/select_--Select--Schedule 1Inj'

2018-05-28 10:59:57 - [TEST_STEP][PASSED] - selectOptionByIndex: All options with index in [12] are selected on object 'Object Repository/HealthpostToStore/Page_HealthPost Store/select_--Select--Adernaline 0.'

2018-05-28 10:59:57 - [MESSAGE][PASSED] - All options with index in [12] are selected on object 'Object Repository/HealthpostToStore/Page_HealthPost Store/select_--Select--Adernaline 0.'

2018-05-28 10:59:57 - [TEST_STEP][PASSED] - setText: Text '10' is set on object 'Object Repository/HealthpostToStore/Page_HealthPost Store/input_txttreat'

2018-05-28 10:59:57 - [MESSAGE][PASSED] - Text '10' is set on object 'Object Repository/HealthpostToStore/Page_HealthPost Store/input_txttreat'

2018-05-28 10:59:57 - [TEST_STEP][PASSED] - click: Object: 'Object Repository/HealthpostToStore/Page_HealthPost Store/button_Add' is clicked on

2018-05-28 10:59:57 - [MESSAGE][PASSED] - Object: 'Object Repository/HealthpostToStore/Page_HealthPost Store/button_Add' is clicked on

2018-05-28 10:59:57 - [TEST_STEP][PASSED] - selectOptionByIndex: All options with index in [9] are selected on object 'Object Repository/HealthpostToStore/Page_HealthPost Store/select_--Select--Schedule 1Inj'

2018-05-28 10:59:57 - [MESSAGE][PASSED] - All options with index in [9] are selected on object 'Object Repository/HealthpostToStore/Page_HealthPost Store/select_--Select--Schedule 1Inj'

2018-05-28 10:59:57 - [TEST_STEP][PASSED] - selectOptionByIndex: All options with index in [13] are selected on object 'Object Repository/HealthpostToStore/Page_HealthPost Store/select_--Select--Adernaline 0.'

2018-05-28 10:59:58 - [MESSAGE][PASSED] - All options with index in [13] are selected on object 'Object Repository/HealthpostToStore/Page_HealthPost Store/select_--Select--Adernaline 0.'

2018-05-28 10:59:58 - [TEST_STEP][PASSED] - setText: Text '10' is set on object 'Object Repository/HealthpostToStore/Page_HealthPost Store/input_txttreat'

2018-05-28 10:59:58 - [MESSAGE][PASSED] - Text '10' is set on object 'Object Repository/HealthpostToStore/Page_HealthPost Store/input_txttreat'

2018-05-28 10:59:58 - [TEST_STEP][PASSED] - click: Object: 'Object Repository/HealthpostToStore/Page_HealthPost Store/button_Add' is clicked on

2018-05-28 10:59:58 - [MESSAGE][PASSED] - Object: 'Object Repository/HealthpostToStore/Page_HealthPost Store/button_Add' is clicked on

2018-05-28 10:59:58 - [TEST_STEP][PASSED] - selectOptionByIndex: All options with index in [9] are selected on object 'Object Repository/HealthpostToStore/Page_HealthPost Store/select_--Select--Schedule 1Inj'

2018-05-28 10:59:58 - [MESSAGE][PASSED] - All options with index in [9] are selected on object 'Object Repository/HealthpostToStore/Page_HealthPost Store/select_--Select--Schedule 1Inj'

2018-05-28 10:59:58 - [TEST_STEP][PASSED] - selectOptionByIndex: All options with index in [14] are selected on object 'Object Repository/HealthpostToStore/Page_HealthPost Store/select_--Select--Adernaline 0.'

2018-05-28 10:59:58 - [MESSAGE][PASSED] - All options with index in [14] are selected on object 'Object Repository/HealthpostToStore/Page_HealthPost Store/select_--Select--Adernaline 0.'

2018-05-28 10:59:58 - [TEST_STEP][PASSED] - setText: Text '10' is set on object 'Object Repository/HealthpostToStore/Page_HealthPost Store/input_txttreat'

2018-05-28 10:59:58 - [MESSAGE][PASSED] - Text '10' is set on object 'Object Repository/HealthpostToStore/Page_HealthPost Store/input_txttreat'

2018-05-28 10:59:58 - [TEST_STEP][PASSED] - click: Object: 'Object Repository/HealthpostToStore/Page_HealthPost Store/button_Add' is clicked on

2018-05-28 10:59:58 - [MESSAGE][PASSED] - Object: 'Object Repository/HealthpostToStore/Page_HealthPost Store/button_Add' is clicked on

2018-05-28 10:59:58 - [TEST_STEP][PASSED] - selectOptionByIndex: All options with index in [9] are selected on object 'Object Repository/HealthpostToStore/Page_HealthPost Store/select_--Select--Schedule 1Inj'

2018-05-28 10:59:59 - [MESSAGE][PASSED] - All options with index in [9] are selected on object 'Object Repository/HealthpostToStore/Page_HealthPost Store/select_--Select--Schedule 1Inj'

2018-05-28 10:59:59 - [TEST_STEP][PASSED] - selectOptionByIndex: All options with index in [15] are selected on object 'Object Repository/HealthpostToStore/Page_HealthPost Store/select_--Select--Adernaline 0.'

2018-05-28 10:59:59 - [MESSAGE][PASSED] - All options with index in [15] are selected on object 'Object Repository/HealthpostToStore/Page_HealthPost Store/select_--Select--Adernaline 0.'

2018-05-28 10:59:59 - [TEST_STEP][PASSED] - setText: Text '10' is set on object 'Object Repository/HealthpostToStore/Page_HealthPost Store/input_txttreat'

2018-05-28 10:59:59 - [MESSAGE][PASSED] - Text '10' is set on object 'Object Repository/HealthpostToStore/Page_HealthPost Store/input_txttreat'

2018-05-28 10:59:59 - [TEST_STEP][PASSED] - click: Object: 'Object Repository/HealthpostToStore/Page_HealthPost Store/button_Add' is clicked on

2018-05-28 10:59:59 - [MESSAGE][PASSED] - Object: 'Object Repository/HealthpostToStore/Page_HealthPost Store/button_Add' is clicked on

2018-05-28 10:59:59 - [TEST_STEP][PASSED] - selectOptionByIndex: All options with index in [9] are selected on object 'Object Repository/HealthpostToStore/Page_HealthPost Store/select_--Select--Schedule 1Inj'

2018-05-28 10:59:59 - [MESSAGE][PASSED] - All options with index in [9] are selected on object 'Object Repository/HealthpostToStore/Page_HealthPost Store/select_--Select--Schedule 1Inj'

2018-05-28 10:59:59 - [TEST_STEP][PASSED] - selectOptionByIndex: All options with index in [16] are selected on object 'Object Repository/HealthpostToStore/Page_HealthPost Store/select_--Select--Adernaline 0.'

2018-05-28 11:00:00 - [MESSAGE][PASSED] - All options with index in [16] are selected on object 'Object Repository/HealthpostToStore/Page_HealthPost Store/select_--Select--Adernaline 0.'

2018-05-28 11:00:00 - [TEST_STEP][PASSED] - setText: Text '10' is set on object 'Object Repository/HealthpostToStore/Page_HealthPost Store/input_txttreat'

2018-05-28 11:00:00 - [MESSAGE][PASSED] - Text '10' is set on object 'Object Repository/HealthpostToStore/Page_HealthPost Store/input_txttreat'

2018-05-28 11:00:00 - [TEST_STEP][PASSED] - click: Object: 'Object Repository/HealthpostToStore/Page_HealthPost Store/button_Add' is clicked on

2018-05-28 11:00:00 - [MESSAGE][PASSED] - Object: 'Object Repository/HealthpostToStore/Page_HealthPost Store/button_Add' is clicked on

2018-05-28 11:00:00 - [TEST_STEP][PASSED] - selectOptionByIndex: All options with index in [9] are selected on object 'Object Repository/HealthpostToStore/Page_HealthPost Store/select_--Select--Schedule 1Inj'

2018-05-28 11:00:00 - [MESSAGE][PASSED] - All options with index in [9] are selected on object 'Object Repository/HealthpostToStore/Page_HealthPost Store/select_--Select--Schedule 1Inj'

2018-05-28 11:00:00 - [TEST_STEP][PASSED] - selectOptionByIndex: All options with index in [17] are selected on object 'Object Repository/HealthpostToStore/Page_HealthPost Store/select_--Select--Adernaline 0.'

2018-05-28 11:00:00 - [MESSAGE][PASSED] - All options with index in [17] are selected on object 'Object Repository/HealthpostToStore/Page_HealthPost Store/select_--Select--Adernaline 0.'

2018-05-28 11:00:00 - [TEST_STEP][PASSED] - setText: Text '10' is set on object 'Object Repository/HealthpostToStore/Page_HealthPost Store/input_txttreat'

2018-05-28 11:00:00 - [MESSAGE][PASSED] - Text '10' is set on object 'Object Repository/HealthpostToStore/Page_HealthPost Store/input_txttreat'

2018-05-28 11:00:00 - [TEST_STEP][PASSED] - click: Object: 'Object Repository/HealthpostToStore/Page_HealthPost Store/button_Add' is clicked on

2018-05-28 11:00:00 - [MESSAGE][PASSED] - Object: 'Object Repository/HealthpostToStore/Page_HealthPost Store/button_Add' is clicked on

2018-05-28 11:00:00 - [TEST_STEP][PASSED] - selectOptionByIndex: All options with index in [9] are selected on object 'Object Repository/HealthpostToStore/Page_HealthPost Store/select_--Select--Schedule 1Inj'

2018-05-28 11:00:01 - [MESSAGE][PASSED] - All options with index in [9] are selected on object 'Object Repository/HealthpostToStore/Page_HealthPost Store/select_--Select--Schedule 1Inj'

2018-05-28 11:00:01 - [TEST_STEP][PASSED] - selectOptionByIndex: All options with index in [18] are selected on object 'Object Repository/HealthpostToStore/Page_HealthPost Store/select_--Select--Adernaline 0.'

2018-05-28 11:00:01 - [MESSAGE][PASSED] - All options with index in [18] are selected on object 'Object Repository/HealthpostToStore/Page_HealthPost Store/select_--Select--Adernaline 0.'

2018-05-28 11:00:01 - [TEST_STEP][PASSED] - setText: Text '10' is set on object 'Object Repository/HealthpostToStore/Page_HealthPost Store/input_txttreat'

2018-05-28 11:00:01 - [MESSAGE][PASSED] - Text '10' is set on object 'Object Repository/HealthpostToStore/Page_HealthPost Store/input_txttreat'

2018-05-28 11:00:01 - [TEST_STEP][PASSED] - click: Object: 'Object Repository/HealthpostToStore/Page_HealthPost Store/button_Add' is clicked on

2018-05-28 11:00:01 - [MESSAGE][PASSED] - Object: 'Object Repository/HealthpostToStore/Page_HealthPost Store/button_Add' is clicked on

2018-05-28 11:00:01 - [TEST_STEP][PASSED] - selectOptionByIndex: All options with index in [9] are selected on object 'Object Repository/HealthpostToStore/Page_HealthPost Store/select_--Select--Schedule 1Inj'

2018-05-28 11:00:01 - [MESSAGE][PASSED] - All options with index in [9] are selected on object 'Object Repository/HealthpostToStore/Page_HealthPost Store/select_--Select--Schedule 1Inj'

2018-05-28 11:00:01 - [TEST_STEP][PASSED] - selectOptionByIndex: All options with index in [19] are selected on object 'Object Repository/HealthpostToStore/Page_HealthPost Store/select_--Select--Adernaline 0.'

2018-05-28 11:00:02 - [MESSAGE][PASSED] - All options with index in [19] are selected on object 'Object Repository/HealthpostToStore/Page_HealthPost Store/select_--Select--Adernaline 0.'

2018-05-28 11:00:02 - [TEST_STEP][PASSED] - setText: Text '10' is set on object 'Object Repository/HealthpostToStore/Page_HealthPost Store/input_txttreat'

2018-05-28 11:00:02 - [MESSAGE][PASSED] - Text '10' is set on object 'Object Repository/HealthpostToStore/Page_HealthPost Store/input_txttreat'

2018-05-28 11:00:02 - [TEST_STEP][PASSED] - click: Object: 'Object Repository/HealthpostToStore/Page_HealthPost Store/button_Add' is clicked on

2018-05-28 11:00:02 - [MESSAGE][PASSED] - Object: 'Object Repository/HealthpostToStore/Page_HealthPost Store/button_Add' is clicked on

2018-05-28 11:00:02 - [TEST_STEP][PASSED] - selectOptionByIndex: All options with index in [9] are selected on object 'Object Repository/HealthpostToStore/Page_HealthPost Store/select_--Select--Schedule 1Inj'

2018-05-28 11:00:02 - [MESSAGE][PASSED] - All options with index in [9] are selected on object 'Object Repository/HealthpostToStore/Page_HealthPost Store/select_--Select--Schedule 1Inj'

2018-05-28 11:00:02 - [TEST_STEP][PASSED] - selectOptionByIndex: All options with index in [20] are selected on object 'Object Repository/HealthpostToStore/Page_HealthPost Store/select_--Select--Adernaline 0.'

2018-05-28 11:00:02 - [MESSAGE][PASSED] - All options with index in [20] are selected on object 'Object Repository/HealthpostToStore/Page_HealthPost Store/select_--Select--Adernaline 0.'

2018-05-28 11:00:02 - [TEST_STEP][PASSED] - setText: Text '10' is set on object 'Object Repository/HealthpostToStore/Page_HealthPost Store/input_txttreat'

2018-05-28 11:00:03 - [MESSAGE][PASSED] - Text '10' is set on object 'Object Repository/HealthpostToStore/Page_HealthPost Store/input_txttreat'

2018-05-28 11:00:03 - [TEST_STEP][PASSED] - click: Object: 'Object Repository/HealthpostToStore/Page_HealthPost Store/button_Add' is clicked on

2018-05-28 11:00:03 - [MESSAGE][PASSED] - Object: 'Object Repository/HealthpostToStore/Page_HealthPost Store/button_Add' is clicked on

2018-05-28 11:00:03 - [TEST_STEP][PASSED] - selectOptionByIndex: All options with index in [9] are selected on object 'Object Repository/HealthpostToStore/Page_HealthPost Store/select_--Select--Schedule 1Inj'

2018-05-28 11:00:03 - [MESSAGE][PASSED] - All options with index in [9] are selected on object 'Object Repository/HealthpostToStore/Page_HealthPost Store/select_--Select--Schedule 1Inj'

2018-05-28 11:00:03 - [TEST_STEP][PASSED] - selectOptionByIndex: All options with index in [21] are selected on object 'Object Repository/HealthpostToStore/Page_HealthPost Store/select_--Select--Adernaline 0.'

2018-05-28 11:00:03 - [MESSAGE][PASSED] - All options with index in [21] are selected on object 'Object Repository/HealthpostToStore/Page_HealthPost Store/select_--Select--Adernaline 0.'

2018-05-28 11:00:03 - [TEST_STEP][PASSED] - setText: Text '10' is set on object 'Object Repository/HealthpostToStore/Page_HealthPost Store/input_txttreat'

2018-05-28 11:00:03 - [MESSAGE][PASSED] - Text '10' is set on object 'Object Repository/HealthpostToStore/Page_HealthPost Store/input_txttreat'

2018-05-28 11:00:03 - [TEST_STEP][PASSED] - click: Object: 'Object Repository/HealthpostToStore/Page_HealthPost Store/button_Add' is clicked on

2018-05-28 11:00:03 - [MESSAGE][PASSED] - Object: 'Object Repository/HealthpostToStore/Page_HealthPost Store/button_Add' is clicked on

2018-05-28 11:00:03 - [TEST_STEP][PASSED] - selectOptionByIndex: All options with index in [9] are selected on object 'Object Repository/HealthpostToStore/Page_HealthPost Store/select_--Select--Schedule 1Inj'

2018-05-28 11:00:04 - [MESSAGE][PASSED] - All options with index in [9] are selected on object 'Object Repository/HealthpostToStore/Page_HealthPost Store/select_--Select--Schedule 1Inj'

2018-05-28 11:00:04 - [TEST_STEP][PASSED] - selectOptionByIndex: All options with index in [22] are selected on object 'Object Repository/HealthpostToStore/Page_HealthPost Store/select_--Select--Adernaline 0.'

2018-05-28 11:00:04 - [MESSAGE][PASSED] - All options with index in [22] are selected on object 'Object Repository/HealthpostToStore/Page_HealthPost Store/select_--Select--Adernaline 0.'

2018-05-28 11:00:04 - [TEST_STEP][PASSED] - setText: Text '10' is set on object 'Object Repository/HealthpostToStore/Page_HealthPost Store/input_txttreat'

2018-05-28 11:00:04 - [MESSAGE][PASSED] - Text '10' is set on object 'Object Repository/HealthpostToStore/Page_HealthPost Store/input_txttreat'

2018-05-28 11:00:04 - [TEST_STEP][PASSED] - click: Object: 'Object Repository/HealthpostToStore/Page_HealthPost Store/button_Add' is clicked on

2018-05-28 11:00:04 - [MESSAGE][PASSED] - Object: 'Object Repository/HealthpostToStore/Page_HealthPost Store/button_Add' is clicked on

2018-05-28 11:00:04 - [TEST_STEP][PASSED] - selectOptionByIndex: All options with index in [9] are selected on object 'Object Repository/HealthpostToStore/Page_HealthPost Store/select_--Select--Schedule 1Inj'

2018-05-28 11:00:04 - [MESSAGE][PASSED] - All options with index in [9] are selected on object 'Object Repository/HealthpostToStore/Page_HealthPost Store/select_--Select--Schedule 1Inj'

2018-05-28 11:00:04 - [TEST_STEP][PASSED] - selectOptionByIndex: All options with index in [23] are selected on object 'Object Repository/HealthpostToStore/Page_HealthPost Store/select_--Select--Adernaline 0.'

2018-05-28 11:00:05 - [MESSAGE][PASSED] - All options with index in [23] are selected on object 'Object Repository/HealthpostToStore/Page_HealthPost Store/select_--Select--Adernaline 0.'

2018-05-28 11:00:05 - [TEST_STEP][PASSED] - setText: Text '10' is set on object 'Object Repository/HealthpostToStore/Page_HealthPost Store/input_txttreat'

2018-05-28 11:00:05 - [MESSAGE][PASSED] - Text '10' is set on object 'Object Repository/HealthpostToStore/Page_HealthPost Store/input_txttreat'

2018-05-28 11:00:05 - [TEST_STEP][PASSED] - click: Object: 'Object Repository/HealthpostToStore/Page_HealthPost Store/button_Add' is clicked on

2018-05-28 11:00:05 - [MESSAGE][PASSED] - Object: 'Object Repository/HealthpostToStore/Page_HealthPost Store/button_Add' is clicked on

2018-05-28 11:00:05 - [TEST_STEP][PASSED] - selectOptionByIndex: All options with index in [9] are selected on object 'Object Repository/HealthpostToStore/Page_HealthPost Store/select_--Select--Schedule 1Inj'

2018-05-28 11:00:05 - [MESSAGE][PASSED] - All options with index in [9] are selected on object 'Object Repository/HealthpostToStore/Page_HealthPost Store/select_--Select--Schedule 1Inj'

2018-05-28 11:00:05 - [TEST_STEP][PASSED] - selectOptionByIndex: All options with index in [24] are selected on object 'Object Repository/HealthpostToStore/Page_HealthPost Store/select_--Select--Adernaline 0.'

2018-05-28 11:00:06 - [MESSAGE][PASSED] - All options with index in [24] are selected on object 'Object Repository/HealthpostToStore/Page_HealthPost Store/select_--Select--Adernaline 0.'

2018-05-28 11:00:06 - [TEST_STEP][PASSED] - setText: Text '10' is set on object 'Object Repository/HealthpostToStore/Page_HealthPost Store/input_txttreat'

2018-05-28 11:00:06 - [MESSAGE][PASSED] - Text '10' is set on object 'Object Repository/HealthpostToStore/Page_HealthPost Store/input_txttreat'

2018-05-28 11:00:06 - [TEST_STEP][PASSED] - click: Object: 'Object Repository/HealthpostToStore/Page_HealthPost Store/button_Add' is clicked on

2018-05-28 11:00:06 - [MESSAGE][PASSED] - Object: 'Object Repository/HealthpostToStore/Page_HealthPost Store/button_Add' is clicked on

2018-05-28 11:00:06 - [TEST_STEP][PASSED] - selectOptionByIndex: All options with index in [9] are selected on object 'Object Repository/HealthpostToStore/Page_HealthPost Store/select_--Select--Schedule 1Inj'

2018-05-28 11:00:06 - [MESSAGE][PASSED] - All options with index in [9] are selected on object 'Object Repository/HealthpostToStore/Page_HealthPost Store/select_--Select--Schedule 1Inj'

2018-05-28 11:00:06 - [TEST_STEP][PASSED] - selectOptionByIndex: All options with index in [25] are selected on object 'Object Repository/HealthpostToStore/Page_HealthPost Store/select_--Select--Adernaline 0.'

2018-05-28 11:00:06 - [MESSAGE][PASSED] - All options with index in [25] are selected on object 'Object Repository/HealthpostToStore/Page_HealthPost Store/select_--Select--Adernaline 0.'

2018-05-28 11:00:06 - [TEST_STEP][PASSED] - setText: Text '10' is set on object 'Object Repository/HealthpostToStore/Page_HealthPost Store/input_txttreat'

2018-05-28 11:00:06 - [MESSAGE][PASSED] - Text '10' is set on object 'Object Repository/HealthpostToStore/Page_HealthPost Store/input_txttreat'

2018-05-28 11:00:06 - [TEST_STEP][PASSED] - click: Object: 'Object Repository/HealthpostToStore/Page_HealthPost Store/button_Add' is clicked on

2018-05-28 11:00:07 - [MESSAGE][PASSED] - Object: 'Object Repository/HealthpostToStore/Page_HealthPost Store/button_Add' is clicked on

2018-05-28 11:00:07 - [TEST_STEP][PASSED] - selectOptionByIndex: All options with index in [9] are selected on object 'Object Repository/HealthpostToStore/Page_HealthPost Store/select_--Select--Schedule 1Inj'

2018-05-28 11:00:07 - [MESSAGE][PASSED] - All options with index in [9] are selected on object 'Object Repository/HealthpostToStore/Page_HealthPost Store/select_--Select--Schedule 1Inj'

2018-05-28 11:00:07 - [TEST_STEP][PASSED] - selectOptionByIndex: All options with index in [26] are selected on object 'Object Repository/HealthpostToStore/Page_HealthPost Store/select_--Select--Adernaline 0.'

2018-05-28 11:00:07 - [MESSAGE][PASSED] - All options with index in [26] are selected on object 'Object Repository/HealthpostToStore/Page_HealthPost Store/select_--Select--Adernaline 0.'

2018-05-28 11:00:07 - [TEST_STEP][PASSED] - setText: Text '10' is set on object 'Object Repository/HealthpostToStore/Page_HealthPost Store/input_txttreat'

2018-05-28 11:00:07 - [MESSAGE][PASSED] - Text '10' is set on object 'Object Repository/HealthpostToStore/Page_HealthPost Store/input_txttreat'

2018-05-28 11:00:07 - [TEST_STEP][PASSED] - click: Object: 'Object Repository/HealthpostToStore/Page_HealthPost Store/button_Add' is clicked on

2018-05-28 11:00:07 - [MESSAGE][PASSED] - Object: 'Object Repository/HealthpostToStore/Page_HealthPost Store/button_Add' is clicked on

2018-05-28 11:00:07 - [TEST_STEP][PASSED] - selectOptionByIndex: All options with index in [9] are selected on object 'Object Repository/HealthpostToStore/Page_HealthPost Store/select_--Select--Schedule 1Inj'

2018-05-28 11:00:08 - [MESSAGE][PASSED] - All options with index in [9] are selected on object 'Object Repository/HealthpostToStore/Page_HealthPost Store/select_--Select--Schedule 1Inj'

2018-05-28 11:00:08 - [TEST_STEP][PASSED] - selectOptionByIndex: All options with index in [27] are selected on object 'Object Repository/HealthpostToStore/Page_HealthPost Store/select_--Select--Adernaline 0.'

2018-05-28 11:00:08 - [MESSAGE][PASSED] - All options with index in [27] are selected on object 'Object Repository/HealthpostToStore/Page_HealthPost Store/select_--Select--Adernaline 0.'

2018-05-28 11:00:08 - [TEST_STEP][PASSED] - setText: Text '10' is set on object 'Object Repository/HealthpostToStore/Page_HealthPost Store/input_txttreat'

2018-05-28 11:00:08 - [MESSAGE][PASSED] - Text '10' is set on object 'Object Repository/HealthpostToStore/Page_HealthPost Store/input_txttreat'

2018-05-28 11:00:08 - [TEST_STEP][PASSED] - click: Object: 'Object Repository/HealthpostToStore/Page_HealthPost Store/button_Add' is clicked on

2018-05-28 11:00:08 - [MESSAGE][PASSED] - Object: 'Object Repository/HealthpostToStore/Page_HealthPost Store/button_Add' is clicked on

2018-05-28 11:00:08 - [TEST_STEP][PASSED] - selectOptionByIndex: All options with index in [9] are selected on object 'Object Repository/HealthpostToStore/Page_HealthPost Store/select_--Select--Schedule 1Inj'

2018-05-28 11:00:08 - [MESSAGE][PASSED] - All options with index in [9] are selected on object 'Object Repository/HealthpostToStore/Page_HealthPost Store/select_--Select--Schedule 1Inj'

2018-05-28 11:00:08 - [TEST_STEP][PASSED] - selectOptionByIndex: All options with index in [28] are selected on object 'Object Repository/HealthpostToStore/Page_HealthPost Store/select_--Select--Adernaline 0.'

2018-05-28 11:00:09 - [MESSAGE][PASSED] - All options with index in [28] are selected on object 'Object Repository/HealthpostToStore/Page_HealthPost Store/select_--Select--Adernaline 0.'

2018-05-28 11:00:09 - [TEST_STEP][PASSED] - setText: Text '10' is set on object 'Object Repository/HealthpostToStore/Page_HealthPost Store/input_txttreat'

2018-05-28 11:00:09 - [MESSAGE][PASSED] - Text '10' is set on object 'Object Repository/HealthpostToStore/Page_HealthPost Store/input_txttreat'

2018-05-28 11:00:09 - [TEST_STEP][PASSED] - click: Object: 'Object Repository/HealthpostToStore/Page_HealthPost Store/button_Add' is clicked on

2018-05-28 11:00:09 - [MESSAGE][PASSED] - Object: 'Object Repository/HealthpostToStore/Page_HealthPost Store/button_Add' is clicked on

2018-05-28 11:00:09 - [TEST_STEP][PASSED] - selectOptionByIndex: All options with index in [9] are selected on object 'Object Repository/HealthpostToStore/Page_HealthPost Store/select_--Select--Schedule 1Inj'

2018-05-28 11:00:09 - [MESSAGE][PASSED] - All options with index in [9] are selected on object 'Object Repository/HealthpostToStore/Page_HealthPost Store/select_--Select--Schedule 1Inj'

2018-05-28 11:00:09 - [TEST_STEP][PASSED] - selectOptionByIndex: All options with index in [29] are selected on object 'Object Repository/HealthpostToStore/Page_HealthPost Store/select_--Select--Adernaline 0.'

2018-05-28 11:00:09 - [MESSAGE][PASSED] - All options with index in [29] are selected on object 'Object Repository/HealthpostToStore/Page_HealthPost Store/select_--Select--Adernaline 0.'

2018-05-28 11:00:09 - [TEST_STEP][PASSED] - setText: Text '10' is set on object 'Object Repository/HealthpostToStore/Page_HealthPost Store/input_txttreat'

2018-05-28 11:00:10 - [MESSAGE][PASSED] - Text '10' is set on object 'Object Repository/HealthpostToStore/Page_HealthPost Store/input_txttreat'

2018-05-28 11:00:10 - [TEST_STEP][PASSED] - click: Object: 'Object Repository/HealthpostToStore/Page_HealthPost Store/button_Add' is clicked on

2018-05-28 11:00:10 - [MESSAGE][PASSED] - Object: 'Object Repository/HealthpostToStore/Page_HealthPost Store/button_Add' is clicked on

2018-05-28 11:00:10 - [TEST_STEP][PASSED] - selectOptionByIndex: All options with index in [9] are selected on object 'Object Repository/HealthpostToStore/Page_HealthPost Store/select_--Select--Schedule 1Inj'

2018-05-28 11:00:10 - [MESSAGE][PASSED] - All options with index in [9] are selected on object 'Object Repository/HealthpostToStore/Page_HealthPost Store/select_--Select--Schedule 1Inj'

2018-05-28 11:00:10 - [TEST_STEP][PASSED] - selectOptionByIndex: All options with index in [30] are selected on object 'Object Repository/HealthpostToStore/Page_HealthPost Store/select_--Select--Adernaline 0.'

2018-05-28 11:00:10 - [MESSAGE][PASSED] - All options with index in [30] are selected on object 'Object Repository/HealthpostToStore/Page_HealthPost Store/select_--Select--Adernaline 0.'

2018-05-28 11:00:10 - [TEST_STEP][PASSED] - setText: Text '10' is set on object 'Object Repository/HealthpostToStore/Page_HealthPost Store/input_txttreat'

2018-05-28 11:00:10 - [MESSAGE][PASSED] - Text '10' is set on object 'Object Repository/HealthpostToStore/Page_HealthPost Store/input_txttreat'

2018-05-28 11:00:10 - [TEST_STEP][PASSED] - click: Object: 'Object Repository/HealthpostToStore/Page_HealthPost Store/button_Add' is clicked on

2018-05-28 11:00:10 - [MESSAGE][PASSED] - Object: 'Object Repository/HealthpostToStore/Page_HealthPost Store/button_Add' is clicked on

2018-05-28 11:00:10 - [TEST_STEP][PASSED] - selectOptionByIndex: All options with index in [9] are selected on object 'Object Repository/HealthpostToStore/Page_HealthPost Store/select_--Select--Schedule 1Inj'

2018-05-28 11:00:11 - [MESSAGE][PASSED] - All options with index in [9] are selected on object 'Object Repository/HealthpostToStore/Page_HealthPost Store/select_--Select--Schedule 1Inj'

2018-05-28 11:00:11 - [TEST_STEP][PASSED] - selectOptionByIndex: All options with index in [31] are selected on object 'Object Repository/HealthpostToStore/Page_HealthPost Store/select_--Select--Adernaline 0.'

2018-05-28 11:00:11 - [MESSAGE][PASSED] - All options with index in [31] are selected on object 'Object Repository/HealthpostToStore/Page_HealthPost Store/select_--Select--Adernaline 0.'

2018-05-28 11:00:11 - [TEST_STEP][PASSED] - setText: Text '10' is set on object 'Object Repository/HealthpostToStore/Page_HealthPost Store/input_txttreat'

2018-05-28 11:00:11 - [MESSAGE][PASSED] - Text '10' is set on object 'Object Repository/HealthpostToStore/Page_HealthPost Store/input_txttreat'

2018-05-28 11:00:11 - [TEST_STEP][PASSED] - click: Object: 'Object Repository/HealthpostToStore/Page_HealthPost Store/button_Add' is clicked on

2018-05-28 11:00:11 - [MESSAGE][PASSED] - Object: 'Object Repository/HealthpostToStore/Page_HealthPost Store/button_Add' is clicked on

2018-05-28 11:00:11 - [TEST_STEP][PASSED] - selectOptionByIndex: All options with index in [9] are selected on object 'Object Repository/HealthpostToStore/Page_HealthPost Store/select_--Select--Schedule 1Inj'

2018-05-28 11:00:11 - [MESSAGE][PASSED] - All options with index in [9] are selected on object 'Object Repository/HealthpostToStore/Page_HealthPost Store/select_--Select--Schedule 1Inj'

2018-05-28 11:00:11 - [TEST_STEP][PASSED] - selectOptionByIndex: All options with index in [32] are selected on object 'Object Repository/HealthpostToStore/Page_HealthPost Store/select_--Select--Adernaline 0.'

2018-05-28 11:00:12 - [MESSAGE][PASSED] - All options with index in [32] are selected on object 'Object Repository/HealthpostToStore/Page_HealthPost Store/select_--Select--Adernaline 0.'

2018-05-28 11:00:12 - [TEST_STEP][PASSED] - setText: Text '10' is set on object 'Object Repository/HealthpostToStore/Page_HealthPost Store/input_txttreat'

2018-05-28 11:00:12 - [MESSAGE][PASSED] - Text '10' is set on object 'Object Repository/HealthpostToStore/Page_HealthPost Store/input_txttreat'

2018-05-28 11:00:12 - [TEST_STEP][PASSED] - click: Object: 'Object Repository/HealthpostToStore/Page_HealthPost Store/button_Add' is clicked on

2018-05-28 11:00:12 - [MESSAGE][PASSED] - Object: 'Object Repository/HealthpostToStore/Page_HealthPost Store/button_Add' is clicked on

2018-05-28 11:00:12 - [TEST_STEP][PASSED] - selectOptionByIndex: All options with index in [9] are selected on object 'Object Repository/HealthpostToStore/Page_HealthPost Store/select_--Select--Schedule 1Inj'

2018-05-28 11:00:12 - [MESSAGE][PASSED] - All options with index in [9] are selected on object 'Object Repository/HealthpostToStore/Page_HealthPost Store/select_--Select--Schedule 1Inj'

2018-05-28 11:00:12 - [TEST_STEP][PASSED] - selectOptionByIndex: All options with index in [33] are selected on object 'Object Repository/HealthpostToStore/Page_HealthPost Store/select_--Select--Adernaline 0.'

2018-05-28 11:00:13 - [MESSAGE][PASSED] - All options with index in [33] are selected on object 'Object Repository/HealthpostToStore/Page_HealthPost Store/select_--Select--Adernaline 0.'

2018-05-28 11:00:13 - [TEST_STEP][PASSED] - setText: Text '10' is set on object 'Object Repository/HealthpostToStore/Page_HealthPost Store/input_txttreat'

2018-05-28 11:00:13 - [MESSAGE][PASSED] - Text '10' is set on object 'Object Repository/HealthpostToStore/Page_HealthPost Store/input_txttreat'

2018-05-28 11:00:13 - [TEST_STEP][PASSED] - click: Object: 'Object Repository/HealthpostToStore/Page_HealthPost Store/button_Add' is clicked on

2018-05-28 11:00:13 - [MESSAGE][PASSED] - Object: 'Object Repository/HealthpostToStore/Page_HealthPost Store/button_Add' is clicked on

2018-05-28 11:00:13 - [TEST_STEP][PASSED] - selectOptionByIndex: All options with index in [9] are selected on object 'Object Repository/HealthpostToStore/Page_HealthPost Store/select_--Select--Schedule 1Inj'

2018-05-28 11:00:13 - [MESSAGE][PASSED] - All options with index in [9] are selected on object 'Object Repository/HealthpostToStore/Page_HealthPost Store/select_--Select--Schedule 1Inj'

2018-05-28 11:00:13 - [TEST_STEP][PASSED] - selectOptionByIndex: All options with index in [34] are selected on object 'Object Repository/HealthpostToStore/Page_HealthPost Store/select_--Select--Adernaline 0.'

2018-05-28 11:00:14 - [MESSAGE][PASSED] - All options with index in [34] are selected on object 'Object Repository/HealthpostToStore/Page_HealthPost Store/select_--Select--Adernaline 0.'

2018-05-28 11:00:14 - [TEST_STEP][PASSED] - setText: Text '10' is set on object 'Object Repository/HealthpostToStore/Page_HealthPost Store/input_txttreat'

2018-05-28 11:00:14 - [MESSAGE][PASSED] - Text '10' is set on object 'Object Repository/HealthpostToStore/Page_HealthPost Store/input_txttreat'

2018-05-28 11:00:14 - [TEST_STEP][PASSED] - click: Object: 'Object Repository/HealthpostToStore/Page_HealthPost Store/button_Add' is clicked on

2018-05-28 11:00:14 - [MESSAGE][PASSED] - Object: 'Object Repository/HealthpostToStore/Page_HealthPost Store/button_Add' is clicked on

2018-05-28 11:00:14 - [TEST_STEP][PASSED] - selectOptionByIndex: All options with index in [9] are selected on object 'Object Repository/HealthpostToStore/Page_HealthPost Store/select_--Select--Schedule 1Inj'

2018-05-28 11:00:14 - [MESSAGE][PASSED] - All options with index in [9] are selected on object 'Object Repository/HealthpostToStore/Page_HealthPost Store/select_--Select--Schedule 1Inj'

2018-05-28 11:00:14 - [TEST_STEP][PASSED] - selectOptionByIndex: All options with index in [35] are selected on object 'Object Repository/HealthpostToStore/Page_HealthPost Store/select_--Select--Adernaline 0.'

2018-05-28 11:00:14 - [MESSAGE][PASSED] - All options with index in [35] are selected on object 'Object Repository/HealthpostToStore/Page_HealthPost Store/select_--Select--Adernaline 0.'

2018-05-28 11:00:14 - [TEST_STEP][PASSED] - setText: Text '10' is set on object 'Object Repository/HealthpostToStore/Page_HealthPost Store/input_txttreat'

2018-05-28 11:00:14 - [MESSAGE][PASSED] - Text '10' is set on object 'Object Repository/HealthpostToStore/Page_HealthPost Store/input_txttreat'

2018-05-28 11:00:14 - [TEST_STEP][PASSED] - click: Object: 'Object Repository/HealthpostToStore/Page_HealthPost Store/button_Add' is clicked on

2018-05-28 11:00:15 - [MESSAGE][PASSED] - Object: 'Object Repository/HealthpostToStore/Page_HealthPost Store/button_Add' is clicked on

2018-05-28 11:00:15 - [TEST_STEP][PASSED] - scrollToElement: Scroll to object 'Object Repository/HealthpostToStore/Page_HealthPost Store/input_btnsave' successfully

2018-05-28 11:00:15 - [MESSAGE][PASSED] - Scroll to object 'Object Repository/HealthpostToStore/Page_HealthPost Store/input_btnsave' successfully

2018-05-28 11:00:15 - [TEST_STEP][PASSED] - click: Object: 'Object Repository/HealthpostToStore/Page_HealthPost Store/input_btnsave' is clicked on

2018-05-28 11:00:15 - [MESSAGE][PASSED] - Object: 'Object Repository/HealthpostToStore/Page_HealthPost Store/input_btnsave' is clicked on

2018-05-28 11:00:15 - [TEST_STEP][PASSED] - delay: Delayed 3 second(s)

2018-05-28 11:00:18 - [MESSAGE][PASSED] - Delayed 3 second(s)

2018-05-28 11:00:18 - [TEST_STEP][PASSED] - Statement - RN1 = com.kms.katalon.core.webui.keyword.WebUiBuiltInKeywords.getText(com.kms.katalon.core.testobject.ObjectRepository.findTestObject(HealthpostToStore/Page_HealthPost Store/font_HPRNO180520187)): Text of object 'Object Repository/HealthpostToStore/Page_HealthPost Store/font_HPRNO180520187' is: 'HPRNO/28052018/117'

2018-05-28 11:00:18 - [MESSAGE][PASSED] - Text of object 'Object Repository/HealthpostToStore/Page_HealthPost Store/font_HPRNO180520187' is: 'HPRNO/28052018/117'

2018-05-28 11:00:18 - [TEST_STEP][PASSED] - Statement - out.println(RN1): null

2018-05-28 11:00:18 - [TEST_STEP][PASSED] - Statement - RID = RN1.split("/")[2]: null

2018-05-28 11:00:18 - [TEST_STEP][PASSED] - click: Object: 'Object Repository/HealthpostToStore/Page_HealthPost Store/button_OK' is clicked on

2018-05-28 11:00:18 - [MESSAGE][PASSED] - Object: 'Object Repository/HealthpostToStore/Page_HealthPost Store/button_OK' is clicked on

2018-05-28 11:00:18 - [TEST_STEP][PASSED] - delay: Delayed 3 second(s)

2018-05-28 11:00:21 - [MESSAGE][PASSED] - Delayed 3 second(s)

2018-05-28 11:00:21 - [TEST_STEP][PASSED] - click: Object: 'Object Repository/HealthpostToStore/Page_HealthPost Store/a_dropdown-toggle' is clicked on

2018-05-28 11:00:21 - [MESSAGE][PASSED] - Object: 'Object Repository/HealthpostToStore/Page_HealthPost Store/a_dropdown-toggle' is clicked on

2018-05-28 11:00:21 - [TEST_STEP][PASSED] - click: Object: 'Object Repository/HealthpostToStore/Page_HealthPost Store/a_Sign out' is clicked on

2018-05-28 11:00:22 - [MESSAGE][PASSED] - Object: 'Object Repository/HealthpostToStore/Page_HealthPost Store/a_Sign out' is clicked on

2018-05-28 11:00:22 - [TEST_STEP][PASSED] - delay: Delayed 3 second(s)

2018-05-28 11:00:25 - [MESSAGE][PASSED] - Delayed 3 second(s)

2018-05-28 11:00:25 - [TEST_STEP][PASSED] - navigateToUrl: Navigate to 'http://192.168.137.1/multihospital_new/' successfully

2018-05-28 11:00:25 - [MESSAGE][PASSED] - Navigate to 'http://192.168.137.1/multihospital_new/' successfully

2018-05-28 11:00:25 - [TEST_STEP][PASSED] - click: Object: 'Object Repository/HealthpostToStore/Page_KDMC/a_CMO' is clicked on

2018-05-28 11:00:26 - [MESSAGE][PASSED] - Object: 'Object Repository/HealthpostToStore/Page_KDMC/a_CMO' is clicked on

2018-05-28 11:00:26 - [TEST_STEP][PASSED] - setText: Text 'guru' is set on object 'Object Repository/HealthpostToStore/Page_CMO login/input_txtusername'

2018-05-28 11:00:26 - [MESSAGE][PASSED] - Text 'guru' is set on object 'Object Repository/HealthpostToStore/Page_CMO login/input_txtusername'

2018-05-28 11:00:26 - [TEST_STEP][PASSED] - setText: Text '123' is set on object 'Object Repository/HealthpostToStore/Page_CMO login/input_txtpassword'

2018-05-28 11:00:26 - [MESSAGE][PASSED] - Text '123' is set on object 'Object Repository/HealthpostToStore/Page_CMO login/input_txtpassword'

2018-05-28 11:00:26 - [TEST_STEP][PASSED] - delay: Delayed 3 second(s)

2018-05-28 11:00:29 - [MESSAGE][PASSED] - Delayed 3 second(s)

2018-05-28 11:00:29 - [TEST_STEP][PASSED] - click: Object: 'Object Repository/HealthpostToStore/Page_CMO login/button_Sign in' is clicked on

2018-05-28 11:00:30 - [MESSAGE][PASSED] - Object: 'Object Repository/HealthpostToStore/Page_CMO login/button_Sign in' is clicked on

2018-05-28 11:00:30 - [TEST_STEP][PASSED] - delay: Delayed 2 second(s)

2018-05-28 11:00:32 - [MESSAGE][PASSED] - Delayed 2 second(s)

2018-05-28 11:00:32 - [TEST_STEP][PASSED] - click: Object: 'Object Repository/HealthpostToStore/Page_KDMC - CMO/a_Department Wise Request' is clicked on

2018-05-28 11:00:32 - [MESSAGE][PASSED] - Object: 'Object Repository/HealthpostToStore/Page_KDMC - CMO/a_Department Wise Request' is clicked on

2018-05-28 11:00:32 - [TEST_STEP][PASSED] - selectOptionByIndex: All options with index in [5] are selected on object 'Object Repository/HealthpostToStore/Page_KDMC - CMO/select_--ALL--'

2018-05-28 11:00:33 - [MESSAGE][PASSED] - All options with index in [5] are selected on object 'Object Repository/HealthpostToStore/Page_KDMC - CMO/select_--ALL--'

2018-05-28 11:00:33 - [TEST_STEP][PASSED] - click: Object: 'Object Repository/HealthpostToStore/Page_KDMC - CMO/input_btnsearch' is clicked on

2018-05-28 11:00:33 - [MESSAGE][PASSED] - Object: 'Object Repository/HealthpostToStore/Page_KDMC - CMO/input_btnsearch' is clicked on

2018-05-28 11:00:33 - [TEST_STEP][PASSED] - selectOptionByIndex: All options with index in [1] are selected on object 'Object Repository/HealthpostToStore/Page_KDMC - CMO/select_--ALL--                _1'

2018-05-28 11:00:33 - [MESSAGE][PASSED] - All options with index in [1] are selected on object 'Object Repository/HealthpostToStore/Page_KDMC - CMO/select_--ALL--                _1'

2018-05-28 11:00:33 - [TEST_STEP][PASSED] - click: Object: 'Object Repository/HealthpostToStore/Page_KDMC - CMO/input_btnsearch' is clicked on

2018-05-28 11:00:33 - [MESSAGE][PASSED] - Object: 'Object Repository/HealthpostToStore/Page_KDMC - CMO/input_btnsearch' is clicked on

2018-05-28 11:00:33 - [TEST_STEP][PASSED] - Statement - ID = com.kms.katalon.core.webui.keyword.WebUiBuiltInKeywords.modifyObjectProperty(com.kms.katalon.core.testobject.ObjectRepository.findTestObject(lab/Page_KDMC - CMO/input_1), "xpath", "equals", "//*[@id=" + RID + "]", true): Modify property of object successfully

2018-05-28 11:00:33 - [MESSAGE][PASSED] - Modify property of object successfully

2018-05-28 11:00:33 - [TEST_STEP][PASSED] - click: Object: 'Object Repository/lab/Page_KDMC - CMO/input_1' is clicked on

2018-05-28 11:00:34 - [MESSAGE][PASSED] - Object: 'Object Repository/lab/Page_KDMC - CMO/input_1' is clicked on

2018-05-28 11:00:34 - [TEST_STEP][PASSED] - delay: Delayed 2 second(s)

2018-05-28 11:00:36 - [MESSAGE][PASSED] - Delayed 2 second(s)

2018-05-28 11:00:36 - [TEST_STEP][PASSED] - selectOptionByIndex: All options with index in [1] are selected on object 'Object Repository/HealthpostToStore/Page_KDMC - CMO/select_--Select--'

2018-05-28 11:00:36 - [MESSAGE][PASSED] - All options with index in [1] are selected on object 'Object Repository/HealthpostToStore/Page_KDMC - CMO/select_--Select--'

2018-05-28 11:00:36 - [TEST_STEP][PASSED] - click: Object: 'Object Repository/HealthpostToStore/Page_KDMC - CMO/input_btnupdate' is clicked on

2018-05-28 11:00:36 - [MESSAGE][PASSED] - Object: 'Object Repository/HealthpostToStore/Page_KDMC - CMO/input_btnupdate' is clicked on

2018-05-28 11:00:36 - [TEST_STEP][PASSED] - delay: Delayed 2 second(s)

2018-05-28 11:00:38 - [MESSAGE][PASSED] - Delayed 2 second(s)

2018-05-28 11:00:38 - [TEST_STEP][PASSED] - click: Object: 'Object Repository/HealthpostToStore/Page_KDMC - CMO/button_OK' is clicked on

2018-05-28 11:00:38 - [MESSAGE][PASSED] - Object: 'Object Repository/HealthpostToStore/Page_KDMC - CMO/button_OK' is clicked on

2018-05-28 11:00:38 - [TEST_STEP][PASSED] - delay: Delayed 2 second(s)

2018-05-28 11:00:40 - [MESSAGE][PASSED] - Delayed 2 second(s)

2018-05-28 11:00:40 - [TEST_STEP][PASSED] - click: Object: 'Object Repository/HealthpostToStore/Page_KDMC - CMO/a_dropdown-toggle' is clicked on

2018-05-28 11:00:41 - [MESSAGE][PASSED] - Object: 'Object Repository/HealthpostToStore/Page_KDMC - CMO/a_dropdown-toggle' is clicked on

2018-05-28 11:00:41 - [TEST_STEP][PASSED] - click: Object: 'Object Repository/HealthpostToStore/Page_KDMC - CMO/a_Sign out' is clicked on

2018-05-28 11:00:41 - [MESSAGE][PASSED] - Object: 'Object Repository/HealthpostToStore/Page_KDMC - CMO/a_Sign out' is clicked on

2018-05-28 11:00:41 - [TEST_STEP][PASSED] - delay: Delayed 3 second(s)

2018-05-28 11:00:44 - [MESSAGE][PASSED] - Delayed 3 second(s)

2018-05-28 11:00:44 - [TEST_STEP][PASSED] - click: Object: 'Object Repository/HealthpostToStore/Page_KDMC/a_Divisional Store' is clicked on

2018-05-28 11:00:45 - [MESSAGE][PASSED] - Object: 'Object Repository/HealthpostToStore/Page_KDMC/a_Divisional Store' is clicked on

2018-05-28 11:00:45 - [TEST_STEP][PASSED] - setText: Text 'ragu' is set on object 'Object Repository/HealthpostToStore/Page_Divisonal Store Login/input_txtusername'

2018-05-28 11:00:45 - [MESSAGE][PASSED] - Text 'ragu' is set on object 'Object Repository/HealthpostToStore/Page_Divisonal Store Login/input_txtusername'

2018-05-28 11:00:45 - [TEST_STEP][PASSED] - setText: Text '123' is set on object 'Object Repository/HealthpostToStore/Page_Divisonal Store Login/input_txtpassword'

2018-05-28 11:00:46 - [MESSAGE][PASSED] - Text '123' is set on object 'Object Repository/HealthpostToStore/Page_Divisonal Store Login/input_txtpassword'

2018-05-28 11:00:46 - [TEST_STEP][PASSED] - delay: Delayed 3 second(s)

2018-05-28 11:00:49 - [MESSAGE][PASSED] - Delayed 3 second(s)

2018-05-28 11:00:49 - [TEST_STEP][PASSED] - click: Object: 'Object Repository/HealthpostToStore/Page_Divisonal Store Login/button_Sign in' is clicked on

2018-05-28 11:00:50 - [MESSAGE][PASSED] - Object: 'Object Repository/HealthpostToStore/Page_Divisonal Store Login/button_Sign in' is clicked on

2018-05-28 11:00:50 - [TEST_STEP][PASSED] - delay: Delayed 3 second(s)

2018-05-28 11:00:53 - [MESSAGE][PASSED] - Delayed 3 second(s)

2018-05-28 11:00:53 - [TEST_STEP][PASSED] - click: Object: 'Object Repository/HealthpostToStore/Page_Store/a_Health Post Request' is clicked on

2018-05-28 11:00:53 - [MESSAGE][PASSED] - Object: 'Object Repository/HealthpostToStore/Page_Store/a_Health Post Request' is clicked on

2018-05-28 11:00:53 - [TEST_STEP][PASSED] - click: Object: 'Object Repository/HealthpostToStore/Page_Store/a_Request Item HealthPost' is clicked on

2018-05-28 11:00:54 - [MESSAGE][PASSED] - Object: 'Object Repository/HealthpostToStore/Page_Store/a_Request Item HealthPost' is clicked on

2018-05-28 11:00:54 - [TEST_STEP][PASSED] - Statement - ChooseRequest = com.kms.katalon.core.webui.keyword.WebUiBuiltInKeywords.modifyObjectProperty(com.kms.katalon.core.testobject.ObjectRepository.findTestObject(lab/Page_Store/input_1), "xpath", "equals", "//*[@id=" + RID + "]", true): Modify property of object successfully

2018-05-28 11:00:54 - [MESSAGE][PASSED] - Modify property of object successfully

2018-05-28 11:00:54 - [TEST_STEP][PASSED] - click: Object: 'Object Repository/lab/Page_Store/input_1' is clicked on

2018-05-28 11:00:55 - [MESSAGE][PASSED] - Object: 'Object Repository/lab/Page_Store/input_1' is clicked on

2018-05-28 11:00:55 - [TEST_STEP][PASSED] - Statement - selectedoptions = com.kms.katalon.core.webui.keyword.WebUiBuiltInKeywords.getNumberOfTotalOption(com.kms.katalon.core.testobject.ObjectRepository.findTestObject(HealthpostToStore/Page_Store/select_--Select--Adernaline 0.)): 36 options of object 'Object Repository/HealthpostToStore/Page_Store/select_--Select--Adernaline 0.' counted

2018-05-28 11:00:55 - [MESSAGE][PASSED] - 36 options of object 'Object Repository/HealthpostToStore/Page_Store/select_--Select--Adernaline 0.' counted

2018-05-28 11:00:55 - [TEST_STEP][FAILED] - Statement - For ([a = 1, a <= selectedoptions - 1, (a++)]): Unable to get attribute 'value' of object 'Object Repository/HealthpostToStore/Page_Store/input_txttotal' (Root cause: org.openqa.selenium.UnhandledAlertException: unexpected alert open: {Alert text : function Error() { [native code] }}
  (Session info: chrome=66.0.3359.181)
  (Driver info: chromedriver=2.35.528161 (5b82f2d2aae0ca24b877009200ced9065a772e73),platform=Windows NT 10.0.17134 x86_64) (WARNING: The server did not provide any stacktrace information)
Command duration or timeout: 0 milliseconds: null
Build info: version: '3.7.1', revision: '8a0099a', time: '2017-11-06T21:07:36.161Z'
System info: host: 'DESKTOP-BLFTK83', ip: '169.254.189.85', os.name: 'Windows 10', os.arch: 'amd64', os.version: '10.0', java.version: '1.8.0_102'
Driver info: com.kms.katalon.selenium.driver.CChromeDriver
Capabilities {acceptInsecureCerts: false, acceptSslCerts: false, applicationCacheEnabled: false, browserConnectionEnabled: false, browserName: chrome, chrome: {chromedriverVersion: 2.35.528161 (5b82f2d2aae0ca..., userDataDir: C:\Users\QUALIT~1\AppData\L...}, cssSelectorsEnabled: true, databaseEnabled: false, handlesAlerts: true, hasTouchScreen: false, javascriptEnabled: true, locationContextEnabled: true, mobileEmulationEnabled: false, nativeEvents: true, networkConnectionEnabled: false, pageLoadStrategy: normal, platform: XP, platformName: XP, rotatable: false, setWindowRect: true, takesHeapSnapshot: true, takesScreenshot: true, unexpectedAlertBehaviour: , unhandledPromptBehavior: , version: 66.0.3359.181, webStorageEnabled: true}
Session ID: e722f5706ebbdd5ab87e5682f1ac07b2
*** Element info: {Using=xpath, value=//input[@type = 'text' and @id = 'txttotal' and @name = 'txttotal' and @placeholder = 'Req.Qty']})

2018-05-28 11:00:55 - [TEST_STEP][PASSED] - selectOptionByIndex: All options with index in [1] are selected on object 'Object Repository/HealthpostToStore/Page_Store/select_--Select--Adernaline 0.'

2018-05-28 11:00:55 - [MESSAGE][PASSED] - All options with index in [1] are selected on object 'Object Repository/HealthpostToStore/Page_Store/select_--Select--Adernaline 0.'

2018-05-28 11:00:55 - [TEST_STEP][PASSED] - delay: Delayed 2 second(s)

2018-05-28 11:00:57 - [MESSAGE][PASSED] - Delayed 2 second(s)

2018-05-28 11:00:57 - [TEST_STEP][PASSED] - Statement - RequestedQty = com.kms.katalon.core.webui.keyword.WebUiBuiltInKeywords.getAttribute(com.kms.katalon.core.testobject.ObjectRepository.findTestObject(HealthpostToStore/Page_Store/input_txttotal), "value"): Attribute 'value' of object 'Object Repository/HealthpostToStore/Page_Store/input_txttotal' is: '10'

2018-05-28 11:00:57 - [MESSAGE][PASSED] - Attribute 'value' of object 'Object Repository/HealthpostToStore/Page_Store/input_txttotal' is: '10'

2018-05-28 11:00:57 - [TEST_STEP][PASSED] - Statement - out.println("Requested QTY : " + RequestedQty): null

2018-05-28 11:00:57 - [TEST_STEP][PASSED] - Statement - BatchNumber = com.kms.katalon.core.webui.keyword.WebUiBuiltInKeywords.getNumberOfTotalOption(com.kms.katalon.core.testobject.ObjectRepository.findTestObject(HealthpostToStore/Page_Store/select_--Select--BA1170BA2376B)): 3 options of object 'Object Repository/HealthpostToStore/Page_Store/select_--Select--BA1170BA2376B' counted

2018-05-28 11:00:57 - [MESSAGE][PASSED] - 3 options of object 'Object Repository/HealthpostToStore/Page_Store/select_--Select--BA1170BA2376B' counted

2018-05-28 11:00:57 - [TEST_STEP][PASSED] - Statement - For ([g = 1, g <= BatchNumber - 1, (g++)]): null

2018-05-28 11:00:57 - [TEST_STEP][PASSED] - selectOptionByIndex: All options with index in [1] are selected on object 'Object Repository/HealthpostToStore/Page_Store/select_--Select--BA1170BA2376B'

2018-05-28 11:00:57 - [MESSAGE][PASSED] - All options with index in [1] are selected on object 'Object Repository/HealthpostToStore/Page_Store/select_--Select--BA1170BA2376B'

2018-05-28 11:00:57 - [TEST_STEP][PASSED] - Statement - Try: null

2018-05-28 11:00:57 - [TEST_STEP][PASSED] - Statement - StockQty = com.kms.katalon.core.webui.keyword.WebUiBuiltInKeywords.getAttribute(com.kms.katalon.core.testobject.ObjectRepository.findTestObject(HealthpostToStore/Page_Store/input_txtprice), "value"): Attribute 'value' of object 'Object Repository/HealthpostToStore/Page_Store/input_txtprice' is: '500'

2018-05-28 11:00:57 - [MESSAGE][PASSED] - Attribute 'value' of object 'Object Repository/HealthpostToStore/Page_Store/input_txtprice' is: '500'

2018-05-28 11:00:57 - [TEST_STEP][PASSED] - Statement - out.println("Stock QTY : " + StockQty): null

2018-05-28 11:00:57 - [TEST_STEP][PASSED] - delay: Delayed 2 second(s)

2018-05-28 11:00:59 - [MESSAGE][PASSED] - Delayed 2 second(s)

2018-05-28 11:00:59 - [TEST_STEP][PASSED] - Statement - If (java.lang.String.valueOf(StockQty) >= java.lang.String.valueOf(RequestedQty)): null

2018-05-28 11:00:59 - [TEST_STEP][PASSED] - setText: Text '10' is set on object 'Object Repository/HealthpostToStore/Page_Store/input_txtqty'

2018-05-28 11:00:59 - [MESSAGE][PASSED] - Text '10' is set on object 'Object Repository/HealthpostToStore/Page_Store/input_txtqty'

2018-05-28 11:00:59 - [TEST_STEP][PASSED] - click: Object: 'Object Repository/HealthpostToStore/Page_Store/button_Add' is clicked on

2018-05-28 11:01:00 - [MESSAGE][PASSED] - Object: 'Object Repository/HealthpostToStore/Page_Store/button_Add' is clicked on

2018-05-28 11:01:00 - [TEST_STEP][PASSED] - Statement - Break: null

2018-05-28 11:01:00 - [TEST_STEP][PASSED] - selectOptionByIndex: All options with index in [2] are selected on object 'Object Repository/HealthpostToStore/Page_Store/select_--Select--Adernaline 0.'

2018-05-28 11:01:00 - [MESSAGE][PASSED] - All options with index in [2] are selected on object 'Object Repository/HealthpostToStore/Page_Store/select_--Select--Adernaline 0.'

2018-05-28 11:01:00 - [TEST_STEP][PASSED] - delay: Delayed 2 second(s)

2018-05-28 11:01:02 - [MESSAGE][PASSED] - Delayed 2 second(s)

2018-05-28 11:01:02 - [TEST_STEP][PASSED] - Statement - RequestedQty = com.kms.katalon.core.webui.keyword.WebUiBuiltInKeywords.getAttribute(com.kms.katalon.core.testobject.ObjectRepository.findTestObject(HealthpostToStore/Page_Store/input_txttotal), "value"): Attribute 'value' of object 'Object Repository/HealthpostToStore/Page_Store/input_txttotal' is: '10'

2018-05-28 11:01:02 - [MESSAGE][PASSED] - Attribute 'value' of object 'Object Repository/HealthpostToStore/Page_Store/input_txttotal' is: '10'

2018-05-28 11:01:02 - [TEST_STEP][PASSED] - Statement - out.println("Requested QTY : " + RequestedQty): null

2018-05-28 11:01:02 - [TEST_STEP][PASSED] - Statement - BatchNumber = com.kms.katalon.core.webui.keyword.WebUiBuiltInKeywords.getNumberOfTotalOption(com.kms.katalon.core.testobject.ObjectRepository.findTestObject(HealthpostToStore/Page_Store/select_--Select--BA1170BA2376B)): 3 options of object 'Object Repository/HealthpostToStore/Page_Store/select_--Select--BA1170BA2376B' counted

2018-05-28 11:01:02 - [MESSAGE][PASSED] - 3 options of object 'Object Repository/HealthpostToStore/Page_Store/select_--Select--BA1170BA2376B' counted

2018-05-28 11:01:02 - [TEST_STEP][PASSED] - Statement - For ([g = 1, g <= BatchNumber - 1, (g++)]): null

2018-05-28 11:01:02 - [TEST_STEP][PASSED] - selectOptionByIndex: All options with index in [1] are selected on object 'Object Repository/HealthpostToStore/Page_Store/select_--Select--BA1170BA2376B'

2018-05-28 11:01:02 - [MESSAGE][PASSED] - All options with index in [1] are selected on object 'Object Repository/HealthpostToStore/Page_Store/select_--Select--BA1170BA2376B'

2018-05-28 11:01:02 - [TEST_STEP][PASSED] - Statement - Try: null

2018-05-28 11:01:02 - [TEST_STEP][PASSED] - Statement - StockQty = com.kms.katalon.core.webui.keyword.WebUiBuiltInKeywords.getAttribute(com.kms.katalon.core.testobject.ObjectRepository.findTestObject(HealthpostToStore/Page_Store/input_txtprice), "value"): Attribute 'value' of object 'Object Repository/HealthpostToStore/Page_Store/input_txtprice' is: '500'

2018-05-28 11:01:02 - [MESSAGE][PASSED] - Attribute 'value' of object 'Object Repository/HealthpostToStore/Page_Store/input_txtprice' is: '500'

2018-05-28 11:01:02 - [TEST_STEP][PASSED] - Statement - out.println("Stock QTY : " + StockQty): null

2018-05-28 11:01:02 - [TEST_STEP][PASSED] - delay: Delayed 2 second(s)

2018-05-28 11:01:04 - [MESSAGE][PASSED] - Delayed 2 second(s)

2018-05-28 11:01:04 - [TEST_STEP][PASSED] - Statement - If (java.lang.String.valueOf(StockQty) >= java.lang.String.valueOf(RequestedQty)): null

2018-05-28 11:01:04 - [TEST_STEP][PASSED] - setText: Text '10' is set on object 'Object Repository/HealthpostToStore/Page_Store/input_txtqty'

2018-05-28 11:01:04 - [MESSAGE][PASSED] - Text '10' is set on object 'Object Repository/HealthpostToStore/Page_Store/input_txtqty'

2018-05-28 11:01:04 - [TEST_STEP][PASSED] - click: Object: 'Object Repository/HealthpostToStore/Page_Store/button_Add' is clicked on

2018-05-28 11:01:04 - [MESSAGE][PASSED] - Object: 'Object Repository/HealthpostToStore/Page_Store/button_Add' is clicked on

2018-05-28 11:01:04 - [TEST_STEP][PASSED] - Statement - Break: null

2018-05-28 11:01:04 - [TEST_STEP][PASSED] - selectOptionByIndex: All options with index in [3] are selected on object 'Object Repository/HealthpostToStore/Page_Store/select_--Select--Adernaline 0.'

2018-05-28 11:01:04 - [MESSAGE][PASSED] - All options with index in [3] are selected on object 'Object Repository/HealthpostToStore/Page_Store/select_--Select--Adernaline 0.'

2018-05-28 11:01:04 - [TEST_STEP][PASSED] - delay: Delayed 2 second(s)

2018-05-28 11:01:06 - [MESSAGE][PASSED] - Delayed 2 second(s)

2018-05-28 11:01:06 - [TEST_STEP][PASSED] - Statement - RequestedQty = com.kms.katalon.core.webui.keyword.WebUiBuiltInKeywords.getAttribute(com.kms.katalon.core.testobject.ObjectRepository.findTestObject(HealthpostToStore/Page_Store/input_txttotal), "value"): Attribute 'value' of object 'Object Repository/HealthpostToStore/Page_Store/input_txttotal' is: '10'

2018-05-28 11:01:06 - [MESSAGE][PASSED] - Attribute 'value' of object 'Object Repository/HealthpostToStore/Page_Store/input_txttotal' is: '10'

2018-05-28 11:01:06 - [TEST_STEP][PASSED] - Statement - out.println("Requested QTY : " + RequestedQty): null

2018-05-28 11:01:06 - [TEST_STEP][PASSED] - Statement - BatchNumber = com.kms.katalon.core.webui.keyword.WebUiBuiltInKeywords.getNumberOfTotalOption(com.kms.katalon.core.testobject.ObjectRepository.findTestObject(HealthpostToStore/Page_Store/select_--Select--BA1170BA2376B)): 2 options of object 'Object Repository/HealthpostToStore/Page_Store/select_--Select--BA1170BA2376B' counted

2018-05-28 11:01:06 - [MESSAGE][PASSED] - 2 options of object 'Object Repository/HealthpostToStore/Page_Store/select_--Select--BA1170BA2376B' counted

2018-05-28 11:01:06 - [TEST_STEP][PASSED] - Statement - For ([g = 1, g <= BatchNumber - 1, (g++)]): null

2018-05-28 11:01:06 - [TEST_STEP][PASSED] - selectOptionByIndex: All options with index in [1] are selected on object 'Object Repository/HealthpostToStore/Page_Store/select_--Select--BA1170BA2376B'

2018-05-28 11:01:07 - [MESSAGE][PASSED] - All options with index in [1] are selected on object 'Object Repository/HealthpostToStore/Page_Store/select_--Select--BA1170BA2376B'

2018-05-28 11:01:07 - [TEST_STEP][PASSED] - Statement - Try: null

2018-05-28 11:01:07 - [TEST_STEP][PASSED] - Statement - StockQty = com.kms.katalon.core.webui.keyword.WebUiBuiltInKeywords.getAttribute(com.kms.katalon.core.testobject.ObjectRepository.findTestObject(HealthpostToStore/Page_Store/input_txtprice), "value"): Attribute 'value' of object 'Object Repository/HealthpostToStore/Page_Store/input_txtprice' is: '1700'

2018-05-28 11:01:07 - [MESSAGE][PASSED] - Attribute 'value' of object 'Object Repository/HealthpostToStore/Page_Store/input_txtprice' is: '1700'

2018-05-28 11:01:07 - [TEST_STEP][PASSED] - Statement - out.println("Stock QTY : " + StockQty): null

2018-05-28 11:01:07 - [TEST_STEP][PASSED] - delay: Delayed 2 second(s)

2018-05-28 11:01:09 - [MESSAGE][PASSED] - Delayed 2 second(s)

2018-05-28 11:01:09 - [TEST_STEP][PASSED] - Statement - If (java.lang.String.valueOf(StockQty) >= java.lang.String.valueOf(RequestedQty)): null

2018-05-28 11:01:09 - [TEST_STEP][PASSED] - setText: Text '10' is set on object 'Object Repository/HealthpostToStore/Page_Store/input_txtqty'

2018-05-28 11:01:09 - [MESSAGE][PASSED] - Text '10' is set on object 'Object Repository/HealthpostToStore/Page_Store/input_txtqty'

2018-05-28 11:01:09 - [TEST_STEP][PASSED] - click: Object: 'Object Repository/HealthpostToStore/Page_Store/button_Add' is clicked on

2018-05-28 11:01:09 - [MESSAGE][PASSED] - Object: 'Object Repository/HealthpostToStore/Page_Store/button_Add' is clicked on

2018-05-28 11:01:09 - [TEST_STEP][PASSED] - Statement - Break: null

2018-05-28 11:01:09 - [TEST_STEP][PASSED] - selectOptionByIndex: All options with index in [4] are selected on object 'Object Repository/HealthpostToStore/Page_Store/select_--Select--Adernaline 0.'

2018-05-28 11:01:09 - [MESSAGE][PASSED] - All options with index in [4] are selected on object 'Object Repository/HealthpostToStore/Page_Store/select_--Select--Adernaline 0.'

2018-05-28 11:01:09 - [TEST_STEP][PASSED] - delay: Delayed 2 second(s)

2018-05-28 11:01:11 - [MESSAGE][PASSED] - Delayed 2 second(s)

2018-05-28 11:01:11 - [TEST_STEP][PASSED] - Statement - RequestedQty = com.kms.katalon.core.webui.keyword.WebUiBuiltInKeywords.getAttribute(com.kms.katalon.core.testobject.ObjectRepository.findTestObject(HealthpostToStore/Page_Store/input_txttotal), "value"): Attribute 'value' of object 'Object Repository/HealthpostToStore/Page_Store/input_txttotal' is: '10'

2018-05-28 11:01:11 - [MESSAGE][PASSED] - Attribute 'value' of object 'Object Repository/HealthpostToStore/Page_Store/input_txttotal' is: '10'

2018-05-28 11:01:11 - [TEST_STEP][PASSED] - Statement - out.println("Requested QTY : " + RequestedQty): null

2018-05-28 11:01:11 - [TEST_STEP][PASSED] - Statement - BatchNumber = com.kms.katalon.core.webui.keyword.WebUiBuiltInKeywords.getNumberOfTotalOption(com.kms.katalon.core.testobject.ObjectRepository.findTestObject(HealthpostToStore/Page_Store/select_--Select--BA1170BA2376B)): 2 options of object 'Object Repository/HealthpostToStore/Page_Store/select_--Select--BA1170BA2376B' counted

2018-05-28 11:01:11 - [MESSAGE][PASSED] - 2 options of object 'Object Repository/HealthpostToStore/Page_Store/select_--Select--BA1170BA2376B' counted

2018-05-28 11:01:11 - [TEST_STEP][PASSED] - Statement - For ([g = 1, g <= BatchNumber - 1, (g++)]): null

2018-05-28 11:01:11 - [TEST_STEP][PASSED] - selectOptionByIndex: All options with index in [1] are selected on object 'Object Repository/HealthpostToStore/Page_Store/select_--Select--BA1170BA2376B'

2018-05-28 11:01:11 - [MESSAGE][PASSED] - All options with index in [1] are selected on object 'Object Repository/HealthpostToStore/Page_Store/select_--Select--BA1170BA2376B'

2018-05-28 11:01:11 - [TEST_STEP][PASSED] - Statement - Try: null

2018-05-28 11:01:11 - [TEST_STEP][PASSED] - Statement - StockQty = com.kms.katalon.core.webui.keyword.WebUiBuiltInKeywords.getAttribute(com.kms.katalon.core.testobject.ObjectRepository.findTestObject(HealthpostToStore/Page_Store/input_txtprice), "value"): Attribute 'value' of object 'Object Repository/HealthpostToStore/Page_Store/input_txtprice' is: '1700'

2018-05-28 11:01:11 - [MESSAGE][PASSED] - Attribute 'value' of object 'Object Repository/HealthpostToStore/Page_Store/input_txtprice' is: '1700'

2018-05-28 11:01:11 - [TEST_STEP][PASSED] - Statement - out.println("Stock QTY : " + StockQty): null

2018-05-28 11:01:11 - [TEST_STEP][PASSED] - delay: Delayed 2 second(s)

2018-05-28 11:01:13 - [MESSAGE][PASSED] - Delayed 2 second(s)

2018-05-28 11:01:13 - [TEST_STEP][PASSED] - Statement - If (java.lang.String.valueOf(StockQty) >= java.lang.String.valueOf(RequestedQty)): null

2018-05-28 11:01:13 - [TEST_STEP][PASSED] - setText: Text '10' is set on object 'Object Repository/HealthpostToStore/Page_Store/input_txtqty'

2018-05-28 11:01:13 - [MESSAGE][PASSED] - Text '10' is set on object 'Object Repository/HealthpostToStore/Page_Store/input_txtqty'

2018-05-28 11:01:13 - [TEST_STEP][PASSED] - click: Object: 'Object Repository/HealthpostToStore/Page_Store/button_Add' is clicked on

2018-05-28 11:01:13 - [MESSAGE][PASSED] - Object: 'Object Repository/HealthpostToStore/Page_Store/button_Add' is clicked on

2018-05-28 11:01:13 - [TEST_STEP][PASSED] - Statement - Break: null

2018-05-28 11:01:13 - [TEST_STEP][PASSED] - selectOptionByIndex: All options with index in [5] are selected on object 'Object Repository/HealthpostToStore/Page_Store/select_--Select--Adernaline 0.'

2018-05-28 11:01:14 - [MESSAGE][PASSED] - All options with index in [5] are selected on object 'Object Repository/HealthpostToStore/Page_Store/select_--Select--Adernaline 0.'

2018-05-28 11:01:14 - [TEST_STEP][PASSED] - delay: Delayed 2 second(s)

2018-05-28 11:01:16 - [MESSAGE][PASSED] - Delayed 2 second(s)

2018-05-28 11:01:16 - [TEST_STEP][PASSED] - Statement - RequestedQty = com.kms.katalon.core.webui.keyword.WebUiBuiltInKeywords.getAttribute(com.kms.katalon.core.testobject.ObjectRepository.findTestObject(HealthpostToStore/Page_Store/input_txttotal), "value"): Attribute 'value' of object 'Object Repository/HealthpostToStore/Page_Store/input_txttotal' is: '10'

2018-05-28 11:01:16 - [MESSAGE][PASSED] - Attribute 'value' of object 'Object Repository/HealthpostToStore/Page_Store/input_txttotal' is: '10'

2018-05-28 11:01:16 - [TEST_STEP][PASSED] - Statement - out.println("Requested QTY : " + RequestedQty): null

2018-05-28 11:01:16 - [TEST_STEP][PASSED] - Statement - BatchNumber = com.kms.katalon.core.webui.keyword.WebUiBuiltInKeywords.getNumberOfTotalOption(com.kms.katalon.core.testobject.ObjectRepository.findTestObject(HealthpostToStore/Page_Store/select_--Select--BA1170BA2376B)): 2 options of object 'Object Repository/HealthpostToStore/Page_Store/select_--Select--BA1170BA2376B' counted

2018-05-28 11:01:16 - [MESSAGE][PASSED] - 2 options of object 'Object Repository/HealthpostToStore/Page_Store/select_--Select--BA1170BA2376B' counted

2018-05-28 11:01:16 - [TEST_STEP][PASSED] - Statement - For ([g = 1, g <= BatchNumber - 1, (g++)]): null

2018-05-28 11:01:16 - [TEST_STEP][PASSED] - selectOptionByIndex: All options with index in [1] are selected on object 'Object Repository/HealthpostToStore/Page_Store/select_--Select--BA1170BA2376B'

2018-05-28 11:01:16 - [MESSAGE][PASSED] - All options with index in [1] are selected on object 'Object Repository/HealthpostToStore/Page_Store/select_--Select--BA1170BA2376B'

2018-05-28 11:01:16 - [TEST_STEP][PASSED] - Statement - Try: null

2018-05-28 11:01:16 - [TEST_STEP][PASSED] - Statement - StockQty = com.kms.katalon.core.webui.keyword.WebUiBuiltInKeywords.getAttribute(com.kms.katalon.core.testobject.ObjectRepository.findTestObject(HealthpostToStore/Page_Store/input_txtprice), "value"): Attribute 'value' of object 'Object Repository/HealthpostToStore/Page_Store/input_txtprice' is: '500'

2018-05-28 11:01:16 - [MESSAGE][PASSED] - Attribute 'value' of object 'Object Repository/HealthpostToStore/Page_Store/input_txtprice' is: '500'

2018-05-28 11:01:16 - [TEST_STEP][PASSED] - Statement - out.println("Stock QTY : " + StockQty): null

2018-05-28 11:01:16 - [TEST_STEP][PASSED] - delay: Delayed 2 second(s)

2018-05-28 11:01:18 - [MESSAGE][PASSED] - Delayed 2 second(s)

2018-05-28 11:01:18 - [TEST_STEP][PASSED] - Statement - If (java.lang.String.valueOf(StockQty) >= java.lang.String.valueOf(RequestedQty)): null

2018-05-28 11:01:18 - [TEST_STEP][PASSED] - setText: Text '10' is set on object 'Object Repository/HealthpostToStore/Page_Store/input_txtqty'

2018-05-28 11:01:18 - [MESSAGE][PASSED] - Text '10' is set on object 'Object Repository/HealthpostToStore/Page_Store/input_txtqty'

2018-05-28 11:01:18 - [TEST_STEP][PASSED] - click: Object: 'Object Repository/HealthpostToStore/Page_Store/button_Add' is clicked on

2018-05-28 11:01:18 - [MESSAGE][PASSED] - Object: 'Object Repository/HealthpostToStore/Page_Store/button_Add' is clicked on

2018-05-28 11:01:18 - [TEST_STEP][PASSED] - Statement - Break: null

2018-05-28 11:01:18 - [TEST_STEP][PASSED] - selectOptionByIndex: All options with index in [6] are selected on object 'Object Repository/HealthpostToStore/Page_Store/select_--Select--Adernaline 0.'

2018-05-28 11:01:18 - [MESSAGE][PASSED] - All options with index in [6] are selected on object 'Object Repository/HealthpostToStore/Page_Store/select_--Select--Adernaline 0.'

2018-05-28 11:01:18 - [TEST_STEP][PASSED] - delay: Delayed 2 second(s)

2018-05-28 11:01:20 - [MESSAGE][PASSED] - Delayed 2 second(s)

2018-05-28 11:01:20 - [TEST_STEP][PASSED] - Statement - RequestedQty = com.kms.katalon.core.webui.keyword.WebUiBuiltInKeywords.getAttribute(com.kms.katalon.core.testobject.ObjectRepository.findTestObject(HealthpostToStore/Page_Store/input_txttotal), "value"): Attribute 'value' of object 'Object Repository/HealthpostToStore/Page_Store/input_txttotal' is: '10'

2018-05-28 11:01:20 - [MESSAGE][PASSED] - Attribute 'value' of object 'Object Repository/HealthpostToStore/Page_Store/input_txttotal' is: '10'

2018-05-28 11:01:20 - [TEST_STEP][PASSED] - Statement - out.println("Requested QTY : " + RequestedQty): null

2018-05-28 11:01:20 - [TEST_STEP][PASSED] - Statement - BatchNumber = com.kms.katalon.core.webui.keyword.WebUiBuiltInKeywords.getNumberOfTotalOption(com.kms.katalon.core.testobject.ObjectRepository.findTestObject(HealthpostToStore/Page_Store/select_--Select--BA1170BA2376B)): 2 options of object 'Object Repository/HealthpostToStore/Page_Store/select_--Select--BA1170BA2376B' counted

2018-05-28 11:01:20 - [MESSAGE][PASSED] - 2 options of object 'Object Repository/HealthpostToStore/Page_Store/select_--Select--BA1170BA2376B' counted

2018-05-28 11:01:20 - [TEST_STEP][PASSED] - Statement - For ([g = 1, g <= BatchNumber - 1, (g++)]): null

2018-05-28 11:01:20 - [TEST_STEP][PASSED] - selectOptionByIndex: All options with index in [1] are selected on object 'Object Repository/HealthpostToStore/Page_Store/select_--Select--BA1170BA2376B'

2018-05-28 11:01:20 - [MESSAGE][PASSED] - All options with index in [1] are selected on object 'Object Repository/HealthpostToStore/Page_Store/select_--Select--BA1170BA2376B'

2018-05-28 11:01:20 - [TEST_STEP][PASSED] - Statement - Try: null

2018-05-28 11:01:20 - [TEST_STEP][PASSED] - Statement - StockQty = com.kms.katalon.core.webui.keyword.WebUiBuiltInKeywords.getAttribute(com.kms.katalon.core.testobject.ObjectRepository.findTestObject(HealthpostToStore/Page_Store/input_txtprice), "value"): Attribute 'value' of object 'Object Repository/HealthpostToStore/Page_Store/input_txtprice' is: '500'

2018-05-28 11:01:20 - [MESSAGE][PASSED] - Attribute 'value' of object 'Object Repository/HealthpostToStore/Page_Store/input_txtprice' is: '500'

2018-05-28 11:01:20 - [TEST_STEP][PASSED] - Statement - out.println("Stock QTY : " + StockQty): null

2018-05-28 11:01:20 - [TEST_STEP][PASSED] - delay: Delayed 2 second(s)

2018-05-28 11:01:22 - [MESSAGE][PASSED] - Delayed 2 second(s)

2018-05-28 11:01:22 - [TEST_STEP][PASSED] - Statement - If (java.lang.String.valueOf(StockQty) >= java.lang.String.valueOf(RequestedQty)): null

2018-05-28 11:01:22 - [TEST_STEP][PASSED] - setText: Text '10' is set on object 'Object Repository/HealthpostToStore/Page_Store/input_txtqty'

2018-05-28 11:01:23 - [MESSAGE][PASSED] - Text '10' is set on object 'Object Repository/HealthpostToStore/Page_Store/input_txtqty'

2018-05-28 11:01:23 - [TEST_STEP][PASSED] - click: Object: 'Object Repository/HealthpostToStore/Page_Store/button_Add' is clicked on

2018-05-28 11:01:23 - [MESSAGE][PASSED] - Object: 'Object Repository/HealthpostToStore/Page_Store/button_Add' is clicked on

2018-05-28 11:01:23 - [TEST_STEP][PASSED] - Statement - Break: null

2018-05-28 11:01:23 - [TEST_STEP][PASSED] - selectOptionByIndex: All options with index in [7] are selected on object 'Object Repository/HealthpostToStore/Page_Store/select_--Select--Adernaline 0.'

2018-05-28 11:01:23 - [MESSAGE][PASSED] - All options with index in [7] are selected on object 'Object Repository/HealthpostToStore/Page_Store/select_--Select--Adernaline 0.'

2018-05-28 11:01:23 - [TEST_STEP][PASSED] - delay: Delayed 2 second(s)

2018-05-28 11:01:25 - [MESSAGE][PASSED] - Delayed 2 second(s)

2018-05-28 11:01:25 - [TEST_STEP][PASSED] - Statement - RequestedQty = com.kms.katalon.core.webui.keyword.WebUiBuiltInKeywords.getAttribute(com.kms.katalon.core.testobject.ObjectRepository.findTestObject(HealthpostToStore/Page_Store/input_txttotal), "value"): Attribute 'value' of object 'Object Repository/HealthpostToStore/Page_Store/input_txttotal' is: '10'

2018-05-28 11:01:25 - [MESSAGE][PASSED] - Attribute 'value' of object 'Object Repository/HealthpostToStore/Page_Store/input_txttotal' is: '10'

2018-05-28 11:01:25 - [TEST_STEP][PASSED] - Statement - out.println("Requested QTY : " + RequestedQty): null

2018-05-28 11:01:25 - [TEST_STEP][PASSED] - Statement - BatchNumber = com.kms.katalon.core.webui.keyword.WebUiBuiltInKeywords.getNumberOfTotalOption(com.kms.katalon.core.testobject.ObjectRepository.findTestObject(HealthpostToStore/Page_Store/select_--Select--BA1170BA2376B)): 2 options of object 'Object Repository/HealthpostToStore/Page_Store/select_--Select--BA1170BA2376B' counted

2018-05-28 11:01:25 - [MESSAGE][PASSED] - 2 options of object 'Object Repository/HealthpostToStore/Page_Store/select_--Select--BA1170BA2376B' counted

2018-05-28 11:01:25 - [TEST_STEP][PASSED] - Statement - For ([g = 1, g <= BatchNumber - 1, (g++)]): null

2018-05-28 11:01:25 - [TEST_STEP][PASSED] - selectOptionByIndex: All options with index in [1] are selected on object 'Object Repository/HealthpostToStore/Page_Store/select_--Select--BA1170BA2376B'

2018-05-28 11:01:25 - [MESSAGE][PASSED] - All options with index in [1] are selected on object 'Object Repository/HealthpostToStore/Page_Store/select_--Select--BA1170BA2376B'

2018-05-28 11:01:25 - [TEST_STEP][PASSED] - Statement - Try: null

2018-05-28 11:01:25 - [TEST_STEP][PASSED] - Statement - StockQty = com.kms.katalon.core.webui.keyword.WebUiBuiltInKeywords.getAttribute(com.kms.katalon.core.testobject.ObjectRepository.findTestObject(HealthpostToStore/Page_Store/input_txtprice), "value"): Attribute 'value' of object 'Object Repository/HealthpostToStore/Page_Store/input_txtprice' is: '500'

2018-05-28 11:01:25 - [MESSAGE][PASSED] - Attribute 'value' of object 'Object Repository/HealthpostToStore/Page_Store/input_txtprice' is: '500'

2018-05-28 11:01:25 - [TEST_STEP][PASSED] - Statement - out.println("Stock QTY : " + StockQty): null

2018-05-28 11:01:25 - [TEST_STEP][PASSED] - delay: Delayed 2 second(s)

2018-05-28 11:01:27 - [MESSAGE][PASSED] - Delayed 2 second(s)

2018-05-28 11:01:27 - [TEST_STEP][PASSED] - Statement - If (java.lang.String.valueOf(StockQty) >= java.lang.String.valueOf(RequestedQty)): null

2018-05-28 11:01:27 - [TEST_STEP][PASSED] - setText: Text '10' is set on object 'Object Repository/HealthpostToStore/Page_Store/input_txtqty'

2018-05-28 11:01:27 - [MESSAGE][PASSED] - Text '10' is set on object 'Object Repository/HealthpostToStore/Page_Store/input_txtqty'

2018-05-28 11:01:27 - [TEST_STEP][PASSED] - click: Object: 'Object Repository/HealthpostToStore/Page_Store/button_Add' is clicked on

2018-05-28 11:01:27 - [MESSAGE][PASSED] - Object: 'Object Repository/HealthpostToStore/Page_Store/button_Add' is clicked on

2018-05-28 11:01:27 - [TEST_STEP][PASSED] - Statement - Break: null

2018-05-28 11:01:27 - [TEST_STEP][PASSED] - selectOptionByIndex: All options with index in [8] are selected on object 'Object Repository/HealthpostToStore/Page_Store/select_--Select--Adernaline 0.'

2018-05-28 11:01:27 - [MESSAGE][PASSED] - All options with index in [8] are selected on object 'Object Repository/HealthpostToStore/Page_Store/select_--Select--Adernaline 0.'

2018-05-28 11:01:27 - [TEST_STEP][PASSED] - delay: Delayed 2 second(s)

2018-05-28 11:01:29 - [MESSAGE][PASSED] - Delayed 2 second(s)

2018-05-28 11:01:29 - [TEST_STEP][PASSED] - Statement - RequestedQty = com.kms.katalon.core.webui.keyword.WebUiBuiltInKeywords.getAttribute(com.kms.katalon.core.testobject.ObjectRepository.findTestObject(HealthpostToStore/Page_Store/input_txttotal), "value"): Attribute 'value' of object 'Object Repository/HealthpostToStore/Page_Store/input_txttotal' is: '10'

2018-05-28 11:01:29 - [MESSAGE][PASSED] - Attribute 'value' of object 'Object Repository/HealthpostToStore/Page_Store/input_txttotal' is: '10'

2018-05-28 11:01:29 - [TEST_STEP][PASSED] - Statement - out.println("Requested QTY : " + RequestedQty): null

2018-05-28 11:01:29 - [TEST_STEP][PASSED] - Statement - BatchNumber = com.kms.katalon.core.webui.keyword.WebUiBuiltInKeywords.getNumberOfTotalOption(com.kms.katalon.core.testobject.ObjectRepository.findTestObject(HealthpostToStore/Page_Store/select_--Select--BA1170BA2376B)): 2 options of object 'Object Repository/HealthpostToStore/Page_Store/select_--Select--BA1170BA2376B' counted

2018-05-28 11:01:30 - [MESSAGE][PASSED] - 2 options of object 'Object Repository/HealthpostToStore/Page_Store/select_--Select--BA1170BA2376B' counted

2018-05-28 11:01:30 - [TEST_STEP][PASSED] - Statement - For ([g = 1, g <= BatchNumber - 1, (g++)]): null

2018-05-28 11:01:30 - [TEST_STEP][PASSED] - selectOptionByIndex: All options with index in [1] are selected on object 'Object Repository/HealthpostToStore/Page_Store/select_--Select--BA1170BA2376B'

2018-05-28 11:01:30 - [MESSAGE][PASSED] - All options with index in [1] are selected on object 'Object Repository/HealthpostToStore/Page_Store/select_--Select--BA1170BA2376B'

2018-05-28 11:01:30 - [TEST_STEP][PASSED] - Statement - Try: null

2018-05-28 11:01:30 - [TEST_STEP][PASSED] - Statement - StockQty = com.kms.katalon.core.webui.keyword.WebUiBuiltInKeywords.getAttribute(com.kms.katalon.core.testobject.ObjectRepository.findTestObject(HealthpostToStore/Page_Store/input_txtprice), "value"): Attribute 'value' of object 'Object Repository/HealthpostToStore/Page_Store/input_txtprice' is: '500'

2018-05-28 11:01:30 - [MESSAGE][PASSED] - Attribute 'value' of object 'Object Repository/HealthpostToStore/Page_Store/input_txtprice' is: '500'

2018-05-28 11:01:30 - [TEST_STEP][PASSED] - Statement - out.println("Stock QTY : " + StockQty): null

2018-05-28 11:01:30 - [TEST_STEP][PASSED] - delay: Delayed 2 second(s)

2018-05-28 11:01:32 - [MESSAGE][PASSED] - Delayed 2 second(s)

2018-05-28 11:01:32 - [TEST_STEP][PASSED] - Statement - If (java.lang.String.valueOf(StockQty) >= java.lang.String.valueOf(RequestedQty)): null

2018-05-28 11:01:32 - [TEST_STEP][PASSED] - setText: Text '10' is set on object 'Object Repository/HealthpostToStore/Page_Store/input_txtqty'

2018-05-28 11:01:32 - [MESSAGE][PASSED] - Text '10' is set on object 'Object Repository/HealthpostToStore/Page_Store/input_txtqty'

2018-05-28 11:01:32 - [TEST_STEP][PASSED] - click: Object: 'Object Repository/HealthpostToStore/Page_Store/button_Add' is clicked on

2018-05-28 11:01:32 - [MESSAGE][PASSED] - Object: 'Object Repository/HealthpostToStore/Page_Store/button_Add' is clicked on

2018-05-28 11:01:32 - [TEST_STEP][PASSED] - Statement - Break: null

2018-05-28 11:01:32 - [TEST_STEP][PASSED] - selectOptionByIndex: All options with index in [9] are selected on object 'Object Repository/HealthpostToStore/Page_Store/select_--Select--Adernaline 0.'

2018-05-28 11:01:32 - [MESSAGE][PASSED] - All options with index in [9] are selected on object 'Object Repository/HealthpostToStore/Page_Store/select_--Select--Adernaline 0.'

2018-05-28 11:01:32 - [TEST_STEP][PASSED] - delay: Delayed 2 second(s)

2018-05-28 11:01:34 - [MESSAGE][PASSED] - Delayed 2 second(s)

2018-05-28 11:01:34 - [TEST_STEP][PASSED] - Statement - RequestedQty = com.kms.katalon.core.webui.keyword.WebUiBuiltInKeywords.getAttribute(com.kms.katalon.core.testobject.ObjectRepository.findTestObject(HealthpostToStore/Page_Store/input_txttotal), "value"): Attribute 'value' of object 'Object Repository/HealthpostToStore/Page_Store/input_txttotal' is: '10'

2018-05-28 11:01:34 - [MESSAGE][PASSED] - Attribute 'value' of object 'Object Repository/HealthpostToStore/Page_Store/input_txttotal' is: '10'

2018-05-28 11:01:34 - [TEST_STEP][PASSED] - Statement - out.println("Requested QTY : " + RequestedQty): null

2018-05-28 11:01:34 - [TEST_STEP][PASSED] - Statement - BatchNumber = com.kms.katalon.core.webui.keyword.WebUiBuiltInKeywords.getNumberOfTotalOption(com.kms.katalon.core.testobject.ObjectRepository.findTestObject(HealthpostToStore/Page_Store/select_--Select--BA1170BA2376B)): 2 options of object 'Object Repository/HealthpostToStore/Page_Store/select_--Select--BA1170BA2376B' counted

2018-05-28 11:01:34 - [MESSAGE][PASSED] - 2 options of object 'Object Repository/HealthpostToStore/Page_Store/select_--Select--BA1170BA2376B' counted

2018-05-28 11:01:34 - [TEST_STEP][PASSED] - Statement - For ([g = 1, g <= BatchNumber - 1, (g++)]): null

2018-05-28 11:01:34 - [TEST_STEP][PASSED] - selectOptionByIndex: All options with index in [1] are selected on object 'Object Repository/HealthpostToStore/Page_Store/select_--Select--BA1170BA2376B'

2018-05-28 11:01:34 - [MESSAGE][PASSED] - All options with index in [1] are selected on object 'Object Repository/HealthpostToStore/Page_Store/select_--Select--BA1170BA2376B'

2018-05-28 11:01:34 - [TEST_STEP][PASSED] - Statement - Try: null

2018-05-28 11:01:34 - [TEST_STEP][PASSED] - Statement - StockQty = com.kms.katalon.core.webui.keyword.WebUiBuiltInKeywords.getAttribute(com.kms.katalon.core.testobject.ObjectRepository.findTestObject(HealthpostToStore/Page_Store/input_txtprice), "value"): Attribute 'value' of object 'Object Repository/HealthpostToStore/Page_Store/input_txtprice' is: '500'

2018-05-28 11:01:34 - [MESSAGE][PASSED] - Attribute 'value' of object 'Object Repository/HealthpostToStore/Page_Store/input_txtprice' is: '500'

2018-05-28 11:01:34 - [TEST_STEP][PASSED] - Statement - out.println("Stock QTY : " + StockQty): null

2018-05-28 11:01:34 - [TEST_STEP][PASSED] - delay: Delayed 2 second(s)

2018-05-28 11:01:36 - [MESSAGE][PASSED] - Delayed 2 second(s)

2018-05-28 11:01:36 - [TEST_STEP][PASSED] - Statement - If (java.lang.String.valueOf(StockQty) >= java.lang.String.valueOf(RequestedQty)): null

2018-05-28 11:01:36 - [TEST_STEP][PASSED] - setText: Text '10' is set on object 'Object Repository/HealthpostToStore/Page_Store/input_txtqty'

2018-05-28 11:01:37 - [MESSAGE][PASSED] - Text '10' is set on object 'Object Repository/HealthpostToStore/Page_Store/input_txtqty'

2018-05-28 11:01:37 - [TEST_STEP][PASSED] - click: Object: 'Object Repository/HealthpostToStore/Page_Store/button_Add' is clicked on

2018-05-28 11:01:37 - [MESSAGE][PASSED] - Object: 'Object Repository/HealthpostToStore/Page_Store/button_Add' is clicked on

2018-05-28 11:01:37 - [TEST_STEP][PASSED] - Statement - Break: null

2018-05-28 11:01:37 - [TEST_STEP][PASSED] - selectOptionByIndex: All options with index in [10] are selected on object 'Object Repository/HealthpostToStore/Page_Store/select_--Select--Adernaline 0.'

2018-05-28 11:01:37 - [MESSAGE][PASSED] - All options with index in [10] are selected on object 'Object Repository/HealthpostToStore/Page_Store/select_--Select--Adernaline 0.'

2018-05-28 11:01:37 - [TEST_STEP][PASSED] - delay: Delayed 2 second(s)

2018-05-28 11:01:39 - [MESSAGE][PASSED] - Delayed 2 second(s)

2018-05-28 11:01:39 - [TEST_STEP][PASSED] - Statement - RequestedQty = com.kms.katalon.core.webui.keyword.WebUiBuiltInKeywords.getAttribute(com.kms.katalon.core.testobject.ObjectRepository.findTestObject(HealthpostToStore/Page_Store/input_txttotal), "value"): Attribute 'value' of object 'Object Repository/HealthpostToStore/Page_Store/input_txttotal' is: '10'

2018-05-28 11:01:39 - [MESSAGE][PASSED] - Attribute 'value' of object 'Object Repository/HealthpostToStore/Page_Store/input_txttotal' is: '10'

2018-05-28 11:01:39 - [TEST_STEP][PASSED] - Statement - out.println("Requested QTY : " + RequestedQty): null

2018-05-28 11:01:39 - [TEST_STEP][PASSED] - Statement - BatchNumber = com.kms.katalon.core.webui.keyword.WebUiBuiltInKeywords.getNumberOfTotalOption(com.kms.katalon.core.testobject.ObjectRepository.findTestObject(HealthpostToStore/Page_Store/select_--Select--BA1170BA2376B)): 2 options of object 'Object Repository/HealthpostToStore/Page_Store/select_--Select--BA1170BA2376B' counted

2018-05-28 11:01:39 - [MESSAGE][PASSED] - 2 options of object 'Object Repository/HealthpostToStore/Page_Store/select_--Select--BA1170BA2376B' counted

2018-05-28 11:01:39 - [TEST_STEP][PASSED] - Statement - For ([g = 1, g <= BatchNumber - 1, (g++)]): null

2018-05-28 11:01:39 - [TEST_STEP][PASSED] - selectOptionByIndex: All options with index in [1] are selected on object 'Object Repository/HealthpostToStore/Page_Store/select_--Select--BA1170BA2376B'

2018-05-28 11:01:39 - [MESSAGE][PASSED] - All options with index in [1] are selected on object 'Object Repository/HealthpostToStore/Page_Store/select_--Select--BA1170BA2376B'

2018-05-28 11:01:39 - [TEST_STEP][PASSED] - Statement - Try: null

2018-05-28 11:01:39 - [TEST_STEP][PASSED] - Statement - StockQty = com.kms.katalon.core.webui.keyword.WebUiBuiltInKeywords.getAttribute(com.kms.katalon.core.testobject.ObjectRepository.findTestObject(HealthpostToStore/Page_Store/input_txtprice), "value"): Attribute 'value' of object 'Object Repository/HealthpostToStore/Page_Store/input_txtprice' is: '500'

2018-05-28 11:01:39 - [MESSAGE][PASSED] - Attribute 'value' of object 'Object Repository/HealthpostToStore/Page_Store/input_txtprice' is: '500'

2018-05-28 11:01:39 - [TEST_STEP][PASSED] - Statement - out.println("Stock QTY : " + StockQty): null

2018-05-28 11:01:39 - [TEST_STEP][PASSED] - delay: Delayed 2 second(s)

2018-05-28 11:01:41 - [MESSAGE][PASSED] - Delayed 2 second(s)

2018-05-28 11:01:41 - [TEST_STEP][PASSED] - Statement - If (java.lang.String.valueOf(StockQty) >= java.lang.String.valueOf(RequestedQty)): null

2018-05-28 11:01:41 - [TEST_STEP][PASSED] - setText: Text '10' is set on object 'Object Repository/HealthpostToStore/Page_Store/input_txtqty'

2018-05-28 11:01:41 - [MESSAGE][PASSED] - Text '10' is set on object 'Object Repository/HealthpostToStore/Page_Store/input_txtqty'

2018-05-28 11:01:41 - [TEST_STEP][PASSED] - click: Object: 'Object Repository/HealthpostToStore/Page_Store/button_Add' is clicked on

2018-05-28 11:01:41 - [MESSAGE][PASSED] - Object: 'Object Repository/HealthpostToStore/Page_Store/button_Add' is clicked on

2018-05-28 11:01:41 - [TEST_STEP][PASSED] - Statement - Break: null

2018-05-28 11:01:41 - [TEST_STEP][PASSED] - selectOptionByIndex: All options with index in [11] are selected on object 'Object Repository/HealthpostToStore/Page_Store/select_--Select--Adernaline 0.'

2018-05-28 11:01:42 - [MESSAGE][PASSED] - All options with index in [11] are selected on object 'Object Repository/HealthpostToStore/Page_Store/select_--Select--Adernaline 0.'

2018-05-28 11:01:42 - [TEST_STEP][PASSED] - delay: Delayed 2 second(s)

2018-05-28 11:01:44 - [MESSAGE][PASSED] - Delayed 2 second(s)

2018-05-28 11:01:44 - [TEST_STEP][PASSED] - Statement - RequestedQty = com.kms.katalon.core.webui.keyword.WebUiBuiltInKeywords.getAttribute(com.kms.katalon.core.testobject.ObjectRepository.findTestObject(HealthpostToStore/Page_Store/input_txttotal), "value"): Attribute 'value' of object 'Object Repository/HealthpostToStore/Page_Store/input_txttotal' is: '10'

2018-05-28 11:01:44 - [MESSAGE][PASSED] - Attribute 'value' of object 'Object Repository/HealthpostToStore/Page_Store/input_txttotal' is: '10'

2018-05-28 11:01:44 - [TEST_STEP][PASSED] - Statement - out.println("Requested QTY : " + RequestedQty): null

2018-05-28 11:01:44 - [TEST_STEP][PASSED] - Statement - BatchNumber = com.kms.katalon.core.webui.keyword.WebUiBuiltInKeywords.getNumberOfTotalOption(com.kms.katalon.core.testobject.ObjectRepository.findTestObject(HealthpostToStore/Page_Store/select_--Select--BA1170BA2376B)): 3 options of object 'Object Repository/HealthpostToStore/Page_Store/select_--Select--BA1170BA2376B' counted

2018-05-28 11:01:44 - [MESSAGE][PASSED] - 3 options of object 'Object Repository/HealthpostToStore/Page_Store/select_--Select--BA1170BA2376B' counted

2018-05-28 11:01:44 - [TEST_STEP][PASSED] - Statement - For ([g = 1, g <= BatchNumber - 1, (g++)]): null

2018-05-28 11:01:44 - [TEST_STEP][PASSED] - selectOptionByIndex: All options with index in [1] are selected on object 'Object Repository/HealthpostToStore/Page_Store/select_--Select--BA1170BA2376B'

2018-05-28 11:01:44 - [MESSAGE][PASSED] - All options with index in [1] are selected on object 'Object Repository/HealthpostToStore/Page_Store/select_--Select--BA1170BA2376B'

2018-05-28 11:01:44 - [TEST_STEP][PASSED] - Statement - Try: null

2018-05-28 11:01:44 - [TEST_STEP][PASSED] - Statement - StockQty = com.kms.katalon.core.webui.keyword.WebUiBuiltInKeywords.getAttribute(com.kms.katalon.core.testobject.ObjectRepository.findTestObject(HealthpostToStore/Page_Store/input_txtprice), "value"): Attribute 'value' of object 'Object Repository/HealthpostToStore/Page_Store/input_txtprice' is: '100'

2018-05-28 11:01:44 - [MESSAGE][PASSED] - Attribute 'value' of object 'Object Repository/HealthpostToStore/Page_Store/input_txtprice' is: '100'

2018-05-28 11:01:44 - [TEST_STEP][PASSED] - Statement - out.println("Stock QTY : " + StockQty): null

2018-05-28 11:01:44 - [TEST_STEP][PASSED] - delay: Delayed 2 second(s)

2018-05-28 11:01:46 - [MESSAGE][PASSED] - Delayed 2 second(s)

2018-05-28 11:01:46 - [TEST_STEP][PASSED] - Statement - If (java.lang.String.valueOf(StockQty) >= java.lang.String.valueOf(RequestedQty)): null

2018-05-28 11:01:46 - [TEST_STEP][PASSED] - setText: Text '10' is set on object 'Object Repository/HealthpostToStore/Page_Store/input_txtqty'

2018-05-28 11:01:46 - [MESSAGE][PASSED] - Text '10' is set on object 'Object Repository/HealthpostToStore/Page_Store/input_txtqty'

2018-05-28 11:01:46 - [TEST_STEP][PASSED] - click: Object: 'Object Repository/HealthpostToStore/Page_Store/button_Add' is clicked on

2018-05-28 11:01:46 - [MESSAGE][PASSED] - Object: 'Object Repository/HealthpostToStore/Page_Store/button_Add' is clicked on

2018-05-28 11:01:46 - [TEST_STEP][PASSED] - Statement - Break: null

2018-05-28 11:01:46 - [TEST_STEP][PASSED] - selectOptionByIndex: All options with index in [12] are selected on object 'Object Repository/HealthpostToStore/Page_Store/select_--Select--Adernaline 0.'

2018-05-28 11:01:46 - [MESSAGE][PASSED] - All options with index in [12] are selected on object 'Object Repository/HealthpostToStore/Page_Store/select_--Select--Adernaline 0.'

2018-05-28 11:01:46 - [TEST_STEP][PASSED] - delay: Delayed 2 second(s)

2018-05-28 11:01:48 - [MESSAGE][PASSED] - Delayed 2 second(s)

2018-05-28 11:01:48 - [TEST_STEP][PASSED] - Statement - RequestedQty = com.kms.katalon.core.webui.keyword.WebUiBuiltInKeywords.getAttribute(com.kms.katalon.core.testobject.ObjectRepository.findTestObject(HealthpostToStore/Page_Store/input_txttotal), "value"): Attribute 'value' of object 'Object Repository/HealthpostToStore/Page_Store/input_txttotal' is: '10'

2018-05-28 11:01:48 - [MESSAGE][PASSED] - Attribute 'value' of object 'Object Repository/HealthpostToStore/Page_Store/input_txttotal' is: '10'

2018-05-28 11:01:48 - [TEST_STEP][PASSED] - Statement - out.println("Requested QTY : " + RequestedQty): null

2018-05-28 11:01:48 - [TEST_STEP][PASSED] - Statement - BatchNumber = com.kms.katalon.core.webui.keyword.WebUiBuiltInKeywords.getNumberOfTotalOption(com.kms.katalon.core.testobject.ObjectRepository.findTestObject(HealthpostToStore/Page_Store/select_--Select--BA1170BA2376B)): 3 options of object 'Object Repository/HealthpostToStore/Page_Store/select_--Select--BA1170BA2376B' counted

2018-05-28 11:01:48 - [MESSAGE][PASSED] - 3 options of object 'Object Repository/HealthpostToStore/Page_Store/select_--Select--BA1170BA2376B' counted

2018-05-28 11:01:48 - [TEST_STEP][PASSED] - Statement - For ([g = 1, g <= BatchNumber - 1, (g++)]): null

2018-05-28 11:01:48 - [TEST_STEP][PASSED] - selectOptionByIndex: All options with index in [1] are selected on object 'Object Repository/HealthpostToStore/Page_Store/select_--Select--BA1170BA2376B'

2018-05-28 11:01:49 - [MESSAGE][PASSED] - All options with index in [1] are selected on object 'Object Repository/HealthpostToStore/Page_Store/select_--Select--BA1170BA2376B'

2018-05-28 11:01:49 - [TEST_STEP][PASSED] - Statement - Try: null

2018-05-28 11:01:49 - [TEST_STEP][PASSED] - Statement - StockQty = com.kms.katalon.core.webui.keyword.WebUiBuiltInKeywords.getAttribute(com.kms.katalon.core.testobject.ObjectRepository.findTestObject(HealthpostToStore/Page_Store/input_txtprice), "value"): Attribute 'value' of object 'Object Repository/HealthpostToStore/Page_Store/input_txtprice' is: '100'

2018-05-28 11:01:49 - [MESSAGE][PASSED] - Attribute 'value' of object 'Object Repository/HealthpostToStore/Page_Store/input_txtprice' is: '100'

2018-05-28 11:01:49 - [TEST_STEP][PASSED] - Statement - out.println("Stock QTY : " + StockQty): null

2018-05-28 11:01:49 - [TEST_STEP][PASSED] - delay: Delayed 2 second(s)

2018-05-28 11:01:51 - [MESSAGE][PASSED] - Delayed 2 second(s)

2018-05-28 11:01:51 - [TEST_STEP][PASSED] - Statement - If (java.lang.String.valueOf(StockQty) >= java.lang.String.valueOf(RequestedQty)): null

2018-05-28 11:01:51 - [TEST_STEP][PASSED] - setText: Text '10' is set on object 'Object Repository/HealthpostToStore/Page_Store/input_txtqty'

2018-05-28 11:01:51 - [MESSAGE][PASSED] - Text '10' is set on object 'Object Repository/HealthpostToStore/Page_Store/input_txtqty'

2018-05-28 11:01:51 - [TEST_STEP][PASSED] - click: Object: 'Object Repository/HealthpostToStore/Page_Store/button_Add' is clicked on

2018-05-28 11:01:51 - [MESSAGE][PASSED] - Object: 'Object Repository/HealthpostToStore/Page_Store/button_Add' is clicked on

2018-05-28 11:01:51 - [TEST_STEP][PASSED] - Statement - Break: null

2018-05-28 11:01:51 - [TEST_STEP][PASSED] - selectOptionByIndex: All options with index in [13] are selected on object 'Object Repository/HealthpostToStore/Page_Store/select_--Select--Adernaline 0.'

2018-05-28 11:01:51 - [MESSAGE][PASSED] - All options with index in [13] are selected on object 'Object Repository/HealthpostToStore/Page_Store/select_--Select--Adernaline 0.'

2018-05-28 11:01:51 - [TEST_STEP][PASSED] - delay: Delayed 2 second(s)

2018-05-28 11:01:53 - [MESSAGE][PASSED] - Delayed 2 second(s)

2018-05-28 11:01:53 - [TEST_STEP][PASSED] - Statement - RequestedQty = com.kms.katalon.core.webui.keyword.WebUiBuiltInKeywords.getAttribute(com.kms.katalon.core.testobject.ObjectRepository.findTestObject(HealthpostToStore/Page_Store/input_txttotal), "value"): Attribute 'value' of object 'Object Repository/HealthpostToStore/Page_Store/input_txttotal' is: '10'

2018-05-28 11:01:53 - [MESSAGE][PASSED] - Attribute 'value' of object 'Object Repository/HealthpostToStore/Page_Store/input_txttotal' is: '10'

2018-05-28 11:01:53 - [TEST_STEP][PASSED] - Statement - out.println("Requested QTY : " + RequestedQty): null

2018-05-28 11:01:53 - [TEST_STEP][PASSED] - Statement - BatchNumber = com.kms.katalon.core.webui.keyword.WebUiBuiltInKeywords.getNumberOfTotalOption(com.kms.katalon.core.testobject.ObjectRepository.findTestObject(HealthpostToStore/Page_Store/select_--Select--BA1170BA2376B)): 4 options of object 'Object Repository/HealthpostToStore/Page_Store/select_--Select--BA1170BA2376B' counted

2018-05-28 11:01:53 - [MESSAGE][PASSED] - 4 options of object 'Object Repository/HealthpostToStore/Page_Store/select_--Select--BA1170BA2376B' counted

2018-05-28 11:01:53 - [TEST_STEP][PASSED] - Statement - For ([g = 1, g <= BatchNumber - 1, (g++)]): null

2018-05-28 11:01:53 - [TEST_STEP][PASSED] - selectOptionByIndex: All options with index in [1] are selected on object 'Object Repository/HealthpostToStore/Page_Store/select_--Select--BA1170BA2376B'

2018-05-28 11:01:53 - [MESSAGE][PASSED] - All options with index in [1] are selected on object 'Object Repository/HealthpostToStore/Page_Store/select_--Select--BA1170BA2376B'

2018-05-28 11:01:53 - [TEST_STEP][PASSED] - Statement - Try: null

2018-05-28 11:01:53 - [TEST_STEP][PASSED] - Statement - StockQty = com.kms.katalon.core.webui.keyword.WebUiBuiltInKeywords.getAttribute(com.kms.katalon.core.testobject.ObjectRepository.findTestObject(HealthpostToStore/Page_Store/input_txtprice), "value"): Attribute 'value' of object 'Object Repository/HealthpostToStore/Page_Store/input_txtprice' is: '100'

2018-05-28 11:01:53 - [MESSAGE][PASSED] - Attribute 'value' of object 'Object Repository/HealthpostToStore/Page_Store/input_txtprice' is: '100'

2018-05-28 11:01:53 - [TEST_STEP][PASSED] - Statement - out.println("Stock QTY : " + StockQty): null

2018-05-28 11:01:53 - [TEST_STEP][PASSED] - delay: Delayed 2 second(s)

2018-05-28 11:01:55 - [MESSAGE][PASSED] - Delayed 2 second(s)

2018-05-28 11:01:55 - [TEST_STEP][PASSED] - Statement - If (java.lang.String.valueOf(StockQty) >= java.lang.String.valueOf(RequestedQty)): null

2018-05-28 11:01:55 - [TEST_STEP][PASSED] - setText: Text '10' is set on object 'Object Repository/HealthpostToStore/Page_Store/input_txtqty'

2018-05-28 11:01:55 - [MESSAGE][PASSED] - Text '10' is set on object 'Object Repository/HealthpostToStore/Page_Store/input_txtqty'

2018-05-28 11:01:55 - [TEST_STEP][PASSED] - click: Object: 'Object Repository/HealthpostToStore/Page_Store/button_Add' is clicked on

2018-05-28 11:01:55 - [MESSAGE][PASSED] - Object: 'Object Repository/HealthpostToStore/Page_Store/button_Add' is clicked on

2018-05-28 11:01:55 - [TEST_STEP][PASSED] - Statement - Break: null

2018-05-28 11:01:55 - [TEST_STEP][PASSED] - selectOptionByIndex: All options with index in [14] are selected on object 'Object Repository/HealthpostToStore/Page_Store/select_--Select--Adernaline 0.'

2018-05-28 11:01:56 - [MESSAGE][PASSED] - All options with index in [14] are selected on object 'Object Repository/HealthpostToStore/Page_Store/select_--Select--Adernaline 0.'

2018-05-28 11:01:56 - [TEST_STEP][PASSED] - delay: Delayed 2 second(s)

2018-05-28 11:01:58 - [MESSAGE][PASSED] - Delayed 2 second(s)

2018-05-28 11:01:58 - [TEST_STEP][PASSED] - Statement - RequestedQty = com.kms.katalon.core.webui.keyword.WebUiBuiltInKeywords.getAttribute(com.kms.katalon.core.testobject.ObjectRepository.findTestObject(HealthpostToStore/Page_Store/input_txttotal), "value"): Attribute 'value' of object 'Object Repository/HealthpostToStore/Page_Store/input_txttotal' is: '10'

2018-05-28 11:01:58 - [MESSAGE][PASSED] - Attribute 'value' of object 'Object Repository/HealthpostToStore/Page_Store/input_txttotal' is: '10'

2018-05-28 11:01:58 - [TEST_STEP][PASSED] - Statement - out.println("Requested QTY : " + RequestedQty): null

2018-05-28 11:01:58 - [TEST_STEP][PASSED] - Statement - BatchNumber = com.kms.katalon.core.webui.keyword.WebUiBuiltInKeywords.getNumberOfTotalOption(com.kms.katalon.core.testobject.ObjectRepository.findTestObject(HealthpostToStore/Page_Store/select_--Select--BA1170BA2376B)): 2 options of object 'Object Repository/HealthpostToStore/Page_Store/select_--Select--BA1170BA2376B' counted

2018-05-28 11:01:58 - [MESSAGE][PASSED] - 2 options of object 'Object Repository/HealthpostToStore/Page_Store/select_--Select--BA1170BA2376B' counted

2018-05-28 11:01:58 - [TEST_STEP][PASSED] - Statement - For ([g = 1, g <= BatchNumber - 1, (g++)]): null

2018-05-28 11:01:58 - [TEST_STEP][PASSED] - selectOptionByIndex: All options with index in [1] are selected on object 'Object Repository/HealthpostToStore/Page_Store/select_--Select--BA1170BA2376B'

2018-05-28 11:01:58 - [MESSAGE][PASSED] - All options with index in [1] are selected on object 'Object Repository/HealthpostToStore/Page_Store/select_--Select--BA1170BA2376B'

2018-05-28 11:01:58 - [TEST_STEP][PASSED] - Statement - Try: null

2018-05-28 11:01:58 - [TEST_STEP][PASSED] - Statement - StockQty = com.kms.katalon.core.webui.keyword.WebUiBuiltInKeywords.getAttribute(com.kms.katalon.core.testobject.ObjectRepository.findTestObject(HealthpostToStore/Page_Store/input_txtprice), "value"): Attribute 'value' of object 'Object Repository/HealthpostToStore/Page_Store/input_txtprice' is: '500'

2018-05-28 11:01:58 - [MESSAGE][PASSED] - Attribute 'value' of object 'Object Repository/HealthpostToStore/Page_Store/input_txtprice' is: '500'

2018-05-28 11:01:58 - [TEST_STEP][PASSED] - Statement - out.println("Stock QTY : " + StockQty): null

2018-05-28 11:01:58 - [TEST_STEP][PASSED] - delay: Delayed 2 second(s)

2018-05-28 11:02:00 - [MESSAGE][PASSED] - Delayed 2 second(s)

2018-05-28 11:02:00 - [TEST_STEP][PASSED] - Statement - If (java.lang.String.valueOf(StockQty) >= java.lang.String.valueOf(RequestedQty)): null

2018-05-28 11:02:00 - [TEST_STEP][PASSED] - setText: Text '10' is set on object 'Object Repository/HealthpostToStore/Page_Store/input_txtqty'

2018-05-28 11:02:00 - [MESSAGE][PASSED] - Text '10' is set on object 'Object Repository/HealthpostToStore/Page_Store/input_txtqty'

2018-05-28 11:02:00 - [TEST_STEP][PASSED] - click: Object: 'Object Repository/HealthpostToStore/Page_Store/button_Add' is clicked on

2018-05-28 11:02:00 - [MESSAGE][PASSED] - Object: 'Object Repository/HealthpostToStore/Page_Store/button_Add' is clicked on

2018-05-28 11:02:00 - [TEST_STEP][PASSED] - Statement - Break: null

2018-05-28 11:02:00 - [TEST_STEP][PASSED] - selectOptionByIndex: All options with index in [15] are selected on object 'Object Repository/HealthpostToStore/Page_Store/select_--Select--Adernaline 0.'

2018-05-28 11:02:00 - [MESSAGE][PASSED] - All options with index in [15] are selected on object 'Object Repository/HealthpostToStore/Page_Store/select_--Select--Adernaline 0.'

2018-05-28 11:02:00 - [TEST_STEP][PASSED] - delay: Delayed 2 second(s)

2018-05-28 11:02:02 - [MESSAGE][PASSED] - Delayed 2 second(s)

2018-05-28 11:02:02 - [TEST_STEP][PASSED] - Statement - RequestedQty = com.kms.katalon.core.webui.keyword.WebUiBuiltInKeywords.getAttribute(com.kms.katalon.core.testobject.ObjectRepository.findTestObject(HealthpostToStore/Page_Store/input_txttotal), "value"): Attribute 'value' of object 'Object Repository/HealthpostToStore/Page_Store/input_txttotal' is: '10'

2018-05-28 11:02:03 - [MESSAGE][PASSED] - Attribute 'value' of object 'Object Repository/HealthpostToStore/Page_Store/input_txttotal' is: '10'

2018-05-28 11:02:03 - [TEST_STEP][PASSED] - Statement - out.println("Requested QTY : " + RequestedQty): null

2018-05-28 11:02:03 - [TEST_STEP][PASSED] - Statement - BatchNumber = com.kms.katalon.core.webui.keyword.WebUiBuiltInKeywords.getNumberOfTotalOption(com.kms.katalon.core.testobject.ObjectRepository.findTestObject(HealthpostToStore/Page_Store/select_--Select--BA1170BA2376B)): 2 options of object 'Object Repository/HealthpostToStore/Page_Store/select_--Select--BA1170BA2376B' counted

2018-05-28 11:02:03 - [MESSAGE][PASSED] - 2 options of object 'Object Repository/HealthpostToStore/Page_Store/select_--Select--BA1170BA2376B' counted

2018-05-28 11:02:03 - [TEST_STEP][PASSED] - Statement - For ([g = 1, g <= BatchNumber - 1, (g++)]): null

2018-05-28 11:02:03 - [TEST_STEP][PASSED] - selectOptionByIndex: All options with index in [1] are selected on object 'Object Repository/HealthpostToStore/Page_Store/select_--Select--BA1170BA2376B'

2018-05-28 11:02:03 - [MESSAGE][PASSED] - All options with index in [1] are selected on object 'Object Repository/HealthpostToStore/Page_Store/select_--Select--BA1170BA2376B'

2018-05-28 11:02:03 - [TEST_STEP][PASSED] - Statement - Try: null

2018-05-28 11:02:03 - [TEST_STEP][PASSED] - Statement - StockQty = com.kms.katalon.core.webui.keyword.WebUiBuiltInKeywords.getAttribute(com.kms.katalon.core.testobject.ObjectRepository.findTestObject(HealthpostToStore/Page_Store/input_txtprice), "value"): Attribute 'value' of object 'Object Repository/HealthpostToStore/Page_Store/input_txtprice' is: '500'

2018-05-28 11:02:03 - [MESSAGE][PASSED] - Attribute 'value' of object 'Object Repository/HealthpostToStore/Page_Store/input_txtprice' is: '500'

2018-05-28 11:02:03 - [TEST_STEP][PASSED] - Statement - out.println("Stock QTY : " + StockQty): null

2018-05-28 11:02:03 - [TEST_STEP][PASSED] - delay: Delayed 2 second(s)

2018-05-28 11:02:05 - [MESSAGE][PASSED] - Delayed 2 second(s)

2018-05-28 11:02:05 - [TEST_STEP][PASSED] - Statement - If (java.lang.String.valueOf(StockQty) >= java.lang.String.valueOf(RequestedQty)): null

2018-05-28 11:02:05 - [TEST_STEP][PASSED] - setText: Text '10' is set on object 'Object Repository/HealthpostToStore/Page_Store/input_txtqty'

2018-05-28 11:02:05 - [MESSAGE][PASSED] - Text '10' is set on object 'Object Repository/HealthpostToStore/Page_Store/input_txtqty'

2018-05-28 11:02:05 - [TEST_STEP][PASSED] - click: Object: 'Object Repository/HealthpostToStore/Page_Store/button_Add' is clicked on

2018-05-28 11:02:05 - [MESSAGE][PASSED] - Object: 'Object Repository/HealthpostToStore/Page_Store/button_Add' is clicked on

2018-05-28 11:02:05 - [TEST_STEP][PASSED] - Statement - Break: null

2018-05-28 11:02:05 - [TEST_STEP][PASSED] - selectOptionByIndex: All options with index in [16] are selected on object 'Object Repository/HealthpostToStore/Page_Store/select_--Select--Adernaline 0.'

2018-05-28 11:02:05 - [MESSAGE][PASSED] - All options with index in [16] are selected on object 'Object Repository/HealthpostToStore/Page_Store/select_--Select--Adernaline 0.'

2018-05-28 11:02:05 - [TEST_STEP][PASSED] - delay: Delayed 2 second(s)

2018-05-28 11:02:07 - [MESSAGE][PASSED] - Delayed 2 second(s)

2018-05-28 11:02:07 - [TEST_STEP][PASSED] - Statement - RequestedQty = com.kms.katalon.core.webui.keyword.WebUiBuiltInKeywords.getAttribute(com.kms.katalon.core.testobject.ObjectRepository.findTestObject(HealthpostToStore/Page_Store/input_txttotal), "value"): Attribute 'value' of object 'Object Repository/HealthpostToStore/Page_Store/input_txttotal' is: '10'

2018-05-28 11:02:07 - [MESSAGE][PASSED] - Attribute 'value' of object 'Object Repository/HealthpostToStore/Page_Store/input_txttotal' is: '10'

2018-05-28 11:02:07 - [TEST_STEP][PASSED] - Statement - out.println("Requested QTY : " + RequestedQty): null

2018-05-28 11:02:07 - [TEST_STEP][PASSED] - Statement - BatchNumber = com.kms.katalon.core.webui.keyword.WebUiBuiltInKeywords.getNumberOfTotalOption(com.kms.katalon.core.testobject.ObjectRepository.findTestObject(HealthpostToStore/Page_Store/select_--Select--BA1170BA2376B)): 2 options of object 'Object Repository/HealthpostToStore/Page_Store/select_--Select--BA1170BA2376B' counted

2018-05-28 11:02:07 - [MESSAGE][PASSED] - 2 options of object 'Object Repository/HealthpostToStore/Page_Store/select_--Select--BA1170BA2376B' counted

2018-05-28 11:02:07 - [TEST_STEP][PASSED] - Statement - For ([g = 1, g <= BatchNumber - 1, (g++)]): null

2018-05-28 11:02:07 - [TEST_STEP][PASSED] - selectOptionByIndex: All options with index in [1] are selected on object 'Object Repository/HealthpostToStore/Page_Store/select_--Select--BA1170BA2376B'

2018-05-28 11:02:07 - [MESSAGE][PASSED] - All options with index in [1] are selected on object 'Object Repository/HealthpostToStore/Page_Store/select_--Select--BA1170BA2376B'

2018-05-28 11:02:07 - [TEST_STEP][PASSED] - Statement - Try: null

2018-05-28 11:02:07 - [TEST_STEP][PASSED] - Statement - StockQty = com.kms.katalon.core.webui.keyword.WebUiBuiltInKeywords.getAttribute(com.kms.katalon.core.testobject.ObjectRepository.findTestObject(HealthpostToStore/Page_Store/input_txtprice), "value"): Attribute 'value' of object 'Object Repository/HealthpostToStore/Page_Store/input_txtprice' is: '500'

2018-05-28 11:02:07 - [MESSAGE][PASSED] - Attribute 'value' of object 'Object Repository/HealthpostToStore/Page_Store/input_txtprice' is: '500'

2018-05-28 11:02:07 - [TEST_STEP][PASSED] - Statement - out.println("Stock QTY : " + StockQty): null

2018-05-28 11:02:07 - [TEST_STEP][PASSED] - delay: Delayed 2 second(s)

2018-05-28 11:02:09 - [MESSAGE][PASSED] - Delayed 2 second(s)

2018-05-28 11:02:09 - [TEST_STEP][PASSED] - Statement - If (java.lang.String.valueOf(StockQty) >= java.lang.String.valueOf(RequestedQty)): null

2018-05-28 11:02:09 - [TEST_STEP][PASSED] - setText: Text '10' is set on object 'Object Repository/HealthpostToStore/Page_Store/input_txtqty'

2018-05-28 11:02:10 - [MESSAGE][PASSED] - Text '10' is set on object 'Object Repository/HealthpostToStore/Page_Store/input_txtqty'

2018-05-28 11:02:10 - [TEST_STEP][PASSED] - click: Object: 'Object Repository/HealthpostToStore/Page_Store/button_Add' is clicked on

2018-05-28 11:02:10 - [MESSAGE][PASSED] - Object: 'Object Repository/HealthpostToStore/Page_Store/button_Add' is clicked on

2018-05-28 11:02:10 - [TEST_STEP][PASSED] - Statement - Break: null

2018-05-28 11:02:10 - [TEST_STEP][PASSED] - selectOptionByIndex: All options with index in [17] are selected on object 'Object Repository/HealthpostToStore/Page_Store/select_--Select--Adernaline 0.'

2018-05-28 11:02:10 - [MESSAGE][PASSED] - All options with index in [17] are selected on object 'Object Repository/HealthpostToStore/Page_Store/select_--Select--Adernaline 0.'

2018-05-28 11:02:10 - [TEST_STEP][PASSED] - delay: Delayed 2 second(s)

2018-05-28 11:02:12 - [MESSAGE][PASSED] - Delayed 2 second(s)

2018-05-28 11:02:12 - [TEST_STEP][PASSED] - Statement - RequestedQty = com.kms.katalon.core.webui.keyword.WebUiBuiltInKeywords.getAttribute(com.kms.katalon.core.testobject.ObjectRepository.findTestObject(HealthpostToStore/Page_Store/input_txttotal), "value"): Attribute 'value' of object 'Object Repository/HealthpostToStore/Page_Store/input_txttotal' is: '10'

2018-05-28 11:02:12 - [MESSAGE][PASSED] - Attribute 'value' of object 'Object Repository/HealthpostToStore/Page_Store/input_txttotal' is: '10'

2018-05-28 11:02:12 - [TEST_STEP][PASSED] - Statement - out.println("Requested QTY : " + RequestedQty): null

2018-05-28 11:02:12 - [TEST_STEP][PASSED] - Statement - BatchNumber = com.kms.katalon.core.webui.keyword.WebUiBuiltInKeywords.getNumberOfTotalOption(com.kms.katalon.core.testobject.ObjectRepository.findTestObject(HealthpostToStore/Page_Store/select_--Select--BA1170BA2376B)): 2 options of object 'Object Repository/HealthpostToStore/Page_Store/select_--Select--BA1170BA2376B' counted

2018-05-28 11:02:12 - [MESSAGE][PASSED] - 2 options of object 'Object Repository/HealthpostToStore/Page_Store/select_--Select--BA1170BA2376B' counted

2018-05-28 11:02:12 - [TEST_STEP][PASSED] - Statement - For ([g = 1, g <= BatchNumber - 1, (g++)]): null

2018-05-28 11:02:12 - [TEST_STEP][PASSED] - selectOptionByIndex: All options with index in [1] are selected on object 'Object Repository/HealthpostToStore/Page_Store/select_--Select--BA1170BA2376B'

2018-05-28 11:02:12 - [MESSAGE][PASSED] - All options with index in [1] are selected on object 'Object Repository/HealthpostToStore/Page_Store/select_--Select--BA1170BA2376B'

2018-05-28 11:02:12 - [TEST_STEP][PASSED] - Statement - Try: null

2018-05-28 11:02:12 - [TEST_STEP][PASSED] - Statement - StockQty = com.kms.katalon.core.webui.keyword.WebUiBuiltInKeywords.getAttribute(com.kms.katalon.core.testobject.ObjectRepository.findTestObject(HealthpostToStore/Page_Store/input_txtprice), "value"): Attribute 'value' of object 'Object Repository/HealthpostToStore/Page_Store/input_txtprice' is: '500'

2018-05-28 11:02:12 - [MESSAGE][PASSED] - Attribute 'value' of object 'Object Repository/HealthpostToStore/Page_Store/input_txtprice' is: '500'

2018-05-28 11:02:12 - [TEST_STEP][PASSED] - Statement - out.println("Stock QTY : " + StockQty): null

2018-05-28 11:02:12 - [TEST_STEP][PASSED] - delay: Delayed 2 second(s)

2018-05-28 11:02:14 - [MESSAGE][PASSED] - Delayed 2 second(s)

2018-05-28 11:02:14 - [TEST_STEP][PASSED] - Statement - If (java.lang.String.valueOf(StockQty) >= java.lang.String.valueOf(RequestedQty)): null

2018-05-28 11:02:14 - [TEST_STEP][PASSED] - setText: Text '10' is set on object 'Object Repository/HealthpostToStore/Page_Store/input_txtqty'

2018-05-28 11:02:14 - [MESSAGE][PASSED] - Text '10' is set on object 'Object Repository/HealthpostToStore/Page_Store/input_txtqty'

2018-05-28 11:02:14 - [TEST_STEP][PASSED] - click: Object: 'Object Repository/HealthpostToStore/Page_Store/button_Add' is clicked on

2018-05-28 11:02:14 - [MESSAGE][PASSED] - Object: 'Object Repository/HealthpostToStore/Page_Store/button_Add' is clicked on

2018-05-28 11:02:14 - [TEST_STEP][PASSED] - Statement - Break: null

2018-05-28 11:02:14 - [TEST_STEP][PASSED] - selectOptionByIndex: All options with index in [18] are selected on object 'Object Repository/HealthpostToStore/Page_Store/select_--Select--Adernaline 0.'

2018-05-28 11:02:15 - [MESSAGE][PASSED] - All options with index in [18] are selected on object 'Object Repository/HealthpostToStore/Page_Store/select_--Select--Adernaline 0.'

2018-05-28 11:02:15 - [TEST_STEP][PASSED] - delay: Delayed 2 second(s)

2018-05-28 11:02:17 - [MESSAGE][PASSED] - Delayed 2 second(s)

2018-05-28 11:02:17 - [TEST_STEP][PASSED] - Statement - RequestedQty = com.kms.katalon.core.webui.keyword.WebUiBuiltInKeywords.getAttribute(com.kms.katalon.core.testobject.ObjectRepository.findTestObject(HealthpostToStore/Page_Store/input_txttotal), "value"): Attribute 'value' of object 'Object Repository/HealthpostToStore/Page_Store/input_txttotal' is: '10'

2018-05-28 11:02:17 - [MESSAGE][PASSED] - Attribute 'value' of object 'Object Repository/HealthpostToStore/Page_Store/input_txttotal' is: '10'

2018-05-28 11:02:17 - [TEST_STEP][PASSED] - Statement - out.println("Requested QTY : " + RequestedQty): null

2018-05-28 11:02:17 - [TEST_STEP][PASSED] - Statement - BatchNumber = com.kms.katalon.core.webui.keyword.WebUiBuiltInKeywords.getNumberOfTotalOption(com.kms.katalon.core.testobject.ObjectRepository.findTestObject(HealthpostToStore/Page_Store/select_--Select--BA1170BA2376B)): 2 options of object 'Object Repository/HealthpostToStore/Page_Store/select_--Select--BA1170BA2376B' counted

2018-05-28 11:02:17 - [MESSAGE][PASSED] - 2 options of object 'Object Repository/HealthpostToStore/Page_Store/select_--Select--BA1170BA2376B' counted

2018-05-28 11:02:17 - [TEST_STEP][PASSED] - Statement - For ([g = 1, g <= BatchNumber - 1, (g++)]): null

2018-05-28 11:02:17 - [TEST_STEP][PASSED] - selectOptionByIndex: All options with index in [1] are selected on object 'Object Repository/HealthpostToStore/Page_Store/select_--Select--BA1170BA2376B'

2018-05-28 11:02:17 - [MESSAGE][PASSED] - All options with index in [1] are selected on object 'Object Repository/HealthpostToStore/Page_Store/select_--Select--BA1170BA2376B'

2018-05-28 11:02:17 - [TEST_STEP][PASSED] - Statement - Try: null

2018-05-28 11:02:17 - [TEST_STEP][PASSED] - Statement - StockQty = com.kms.katalon.core.webui.keyword.WebUiBuiltInKeywords.getAttribute(com.kms.katalon.core.testobject.ObjectRepository.findTestObject(HealthpostToStore/Page_Store/input_txtprice), "value"): Attribute 'value' of object 'Object Repository/HealthpostToStore/Page_Store/input_txtprice' is: '500'

2018-05-28 11:02:17 - [MESSAGE][PASSED] - Attribute 'value' of object 'Object Repository/HealthpostToStore/Page_Store/input_txtprice' is: '500'

2018-05-28 11:02:17 - [TEST_STEP][PASSED] - Statement - out.println("Stock QTY : " + StockQty): null

2018-05-28 11:02:17 - [TEST_STEP][PASSED] - delay: Delayed 2 second(s)

2018-05-28 11:02:19 - [MESSAGE][PASSED] - Delayed 2 second(s)

2018-05-28 11:02:19 - [TEST_STEP][PASSED] - Statement - If (java.lang.String.valueOf(StockQty) >= java.lang.String.valueOf(RequestedQty)): null

2018-05-28 11:02:19 - [TEST_STEP][PASSED] - setText: Text '10' is set on object 'Object Repository/HealthpostToStore/Page_Store/input_txtqty'

2018-05-28 11:02:19 - [MESSAGE][PASSED] - Text '10' is set on object 'Object Repository/HealthpostToStore/Page_Store/input_txtqty'

2018-05-28 11:02:19 - [TEST_STEP][PASSED] - click: Object: 'Object Repository/HealthpostToStore/Page_Store/button_Add' is clicked on

2018-05-28 11:02:19 - [MESSAGE][PASSED] - Object: 'Object Repository/HealthpostToStore/Page_Store/button_Add' is clicked on

2018-05-28 11:02:19 - [TEST_STEP][PASSED] - Statement - Break: null

2018-05-28 11:02:19 - [TEST_STEP][PASSED] - selectOptionByIndex: All options with index in [19] are selected on object 'Object Repository/HealthpostToStore/Page_Store/select_--Select--Adernaline 0.'

2018-05-28 11:02:19 - [MESSAGE][PASSED] - All options with index in [19] are selected on object 'Object Repository/HealthpostToStore/Page_Store/select_--Select--Adernaline 0.'

2018-05-28 11:02:19 - [TEST_STEP][PASSED] - delay: Delayed 2 second(s)

2018-05-28 11:02:21 - [MESSAGE][PASSED] - Delayed 2 second(s)

2018-05-28 11:02:21 - [TEST_STEP][PASSED] - Statement - RequestedQty = com.kms.katalon.core.webui.keyword.WebUiBuiltInKeywords.getAttribute(com.kms.katalon.core.testobject.ObjectRepository.findTestObject(HealthpostToStore/Page_Store/input_txttotal), "value"): Attribute 'value' of object 'Object Repository/HealthpostToStore/Page_Store/input_txttotal' is: '10'

2018-05-28 11:02:21 - [MESSAGE][PASSED] - Attribute 'value' of object 'Object Repository/HealthpostToStore/Page_Store/input_txttotal' is: '10'

2018-05-28 11:02:21 - [TEST_STEP][PASSED] - Statement - out.println("Requested QTY : " + RequestedQty): null

2018-05-28 11:02:21 - [TEST_STEP][PASSED] - Statement - BatchNumber = com.kms.katalon.core.webui.keyword.WebUiBuiltInKeywords.getNumberOfTotalOption(com.kms.katalon.core.testobject.ObjectRepository.findTestObject(HealthpostToStore/Page_Store/select_--Select--BA1170BA2376B)): 2 options of object 'Object Repository/HealthpostToStore/Page_Store/select_--Select--BA1170BA2376B' counted

2018-05-28 11:02:21 - [MESSAGE][PASSED] - 2 options of object 'Object Repository/HealthpostToStore/Page_Store/select_--Select--BA1170BA2376B' counted

2018-05-28 11:02:21 - [TEST_STEP][PASSED] - Statement - For ([g = 1, g <= BatchNumber - 1, (g++)]): null

2018-05-28 11:02:21 - [TEST_STEP][PASSED] - selectOptionByIndex: All options with index in [1] are selected on object 'Object Repository/HealthpostToStore/Page_Store/select_--Select--BA1170BA2376B'

2018-05-28 11:02:22 - [MESSAGE][PASSED] - All options with index in [1] are selected on object 'Object Repository/HealthpostToStore/Page_Store/select_--Select--BA1170BA2376B'

2018-05-28 11:02:22 - [TEST_STEP][PASSED] - Statement - Try: null

2018-05-28 11:02:22 - [TEST_STEP][PASSED] - Statement - StockQty = com.kms.katalon.core.webui.keyword.WebUiBuiltInKeywords.getAttribute(com.kms.katalon.core.testobject.ObjectRepository.findTestObject(HealthpostToStore/Page_Store/input_txtprice), "value"): Attribute 'value' of object 'Object Repository/HealthpostToStore/Page_Store/input_txtprice' is: '500'

2018-05-28 11:02:22 - [MESSAGE][PASSED] - Attribute 'value' of object 'Object Repository/HealthpostToStore/Page_Store/input_txtprice' is: '500'

2018-05-28 11:02:22 - [TEST_STEP][PASSED] - Statement - out.println("Stock QTY : " + StockQty): null

2018-05-28 11:02:22 - [TEST_STEP][PASSED] - delay: Delayed 2 second(s)

2018-05-28 11:02:24 - [MESSAGE][PASSED] - Delayed 2 second(s)

2018-05-28 11:02:24 - [TEST_STEP][PASSED] - Statement - If (java.lang.String.valueOf(StockQty) >= java.lang.String.valueOf(RequestedQty)): null

2018-05-28 11:02:24 - [TEST_STEP][PASSED] - setText: Text '10' is set on object 'Object Repository/HealthpostToStore/Page_Store/input_txtqty'

2018-05-28 11:02:24 - [MESSAGE][PASSED] - Text '10' is set on object 'Object Repository/HealthpostToStore/Page_Store/input_txtqty'

2018-05-28 11:02:24 - [TEST_STEP][PASSED] - click: Object: 'Object Repository/HealthpostToStore/Page_Store/button_Add' is clicked on

2018-05-28 11:02:24 - [MESSAGE][PASSED] - Object: 'Object Repository/HealthpostToStore/Page_Store/button_Add' is clicked on

2018-05-28 11:02:24 - [TEST_STEP][PASSED] - Statement - Break: null

2018-05-28 11:02:24 - [TEST_STEP][PASSED] - selectOptionByIndex: All options with index in [20] are selected on object 'Object Repository/HealthpostToStore/Page_Store/select_--Select--Adernaline 0.'

2018-05-28 11:02:24 - [MESSAGE][PASSED] - All options with index in [20] are selected on object 'Object Repository/HealthpostToStore/Page_Store/select_--Select--Adernaline 0.'

2018-05-28 11:02:24 - [TEST_STEP][PASSED] - delay: Delayed 2 second(s)

2018-05-28 11:02:26 - [MESSAGE][PASSED] - Delayed 2 second(s)

2018-05-28 11:02:26 - [TEST_STEP][FAILED] - Statement - RequestedQty = com.kms.katalon.core.webui.keyword.WebUiBuiltInKeywords.getAttribute(com.kms.katalon.core.testobject.ObjectRepository.findTestObject(HealthpostToStore/Page_Store/input_txttotal), "value"): Unable to get attribute 'value' of object 'Object Repository/HealthpostToStore/Page_Store/input_txttotal' (Root cause: org.openqa.selenium.UnhandledAlertException: unexpected alert open: {Alert text : function Error() { [native code] }}
  (Session info: chrome=66.0.3359.181)
  (Driver info: chromedriver=2.35.528161 (5b82f2d2aae0ca24b877009200ced9065a772e73),platform=Windows NT 10.0.17134 x86_64) (WARNING: The server did not provide any stacktrace information)
Command duration or timeout: 0 milliseconds: null
Build info: version: '3.7.1', revision: '8a0099a', time: '2017-11-06T21:07:36.161Z'
System info: host: 'DESKTOP-BLFTK83', ip: '169.254.189.85', os.name: 'Windows 10', os.arch: 'amd64', os.version: '10.0', java.version: '1.8.0_102'
Driver info: com.kms.katalon.selenium.driver.CChromeDriver
Capabilities {acceptInsecureCerts: false, acceptSslCerts: false, applicationCacheEnabled: false, browserConnectionEnabled: false, browserName: chrome, chrome: {chromedriverVersion: 2.35.528161 (5b82f2d2aae0ca..., userDataDir: C:\Users\QUALIT~1\AppData\L...}, cssSelectorsEnabled: true, databaseEnabled: false, handlesAlerts: true, hasTouchScreen: false, javascriptEnabled: true, locationContextEnabled: true, mobileEmulationEnabled: false, nativeEvents: true, networkConnectionEnabled: false, pageLoadStrategy: normal, platform: XP, platformName: XP, rotatable: false, setWindowRect: true, takesHeapSnapshot: true, takesScreenshot: true, unexpectedAlertBehaviour: , unhandledPromptBehavior: , version: 66.0.3359.181, webStorageEnabled: true}
Session ID: e722f5706ebbdd5ab87e5682f1ac07b2
*** Element info: {Using=xpath, value=//input[@type = 'text' and @id = 'txttotal' and @name = 'txttotal' and @placeholder = 'Req.Qty']})

2018-05-28 11:02:26 - [MESSAGE][WARNING] - Cannot take screenshot

2018-05-28 11:02:26 - [MESSAGE][FAILED] - Unable to get attribute 'value' of object 'Object Repository/HealthpostToStore/Page_Store/input_txttotal' (Root cause: org.openqa.selenium.UnhandledAlertException: unexpected alert open: {Alert text : function Error() { [native code] }}
  (Session info: chrome=66.0.3359.181)
  (Driver info: chromedriver=2.35.528161 (5b82f2d2aae0ca24b877009200ced9065a772e73),platform=Windows NT 10.0.17134 x86_64) (WARNING: The server did not provide any stacktrace information)
Command duration or timeout: 0 milliseconds: null
Build info: version: '3.7.1', revision: '8a0099a', time: '2017-11-06T21:07:36.161Z'
System info: host: 'DESKTOP-BLFTK83', ip: '169.254.189.85', os.name: 'Windows 10', os.arch: 'amd64', os.version: '10.0', java.version: '1.8.0_102'
Driver info: com.kms.katalon.selenium.driver.CChromeDriver
Capabilities {acceptInsecureCerts: false, acceptSslCerts: false, applicationCacheEnabled: false, browserConnectionEnabled: false, browserName: chrome, chrome: {chromedriverVersion: 2.35.528161 (5b82f2d2aae0ca..., userDataDir: C:\Users\QUALIT~1\AppData\L...}, cssSelectorsEnabled: true, databaseEnabled: false, handlesAlerts: true, hasTouchScreen: false, javascriptEnabled: true, locationContextEnabled: true, mobileEmulationEnabled: false, nativeEvents: true, networkConnectionEnabled: false, pageLoadStrategy: normal, platform: XP, platformName: XP, rotatable: false, setWindowRect: true, takesHeapSnapshot: true, takesScreenshot: true, unexpectedAlertBehaviour: , unhandledPromptBehavior: , version: 66.0.3359.181, webStorageEnabled: true}
Session ID: e722f5706ebbdd5ab87e5682f1ac07b2
*** Element info: {Using=xpath, value=//input[@type = 'text' and @id = 'txttotal' and @name = 'txttotal' and @placeholder = 'Req.Qty']})]]></system-out>
         <system-err><![CDATA[2018-05-28 10:59:35 - [TEST_CASE][FAILED] - Test Cases/HEALTHPOST TEST CASES/TC_HP_009 Verify Schedule 9 Healthpost Request Are Working Successfully Or Not: Test Cases/HEALTHPOST TEST CASES/TC_HP_009 Verify Schedule 9 Healthpost Request Are Working Successfully Or Not FAILED because (of) Unable to get attribute 'value' of object 'Object Repository/HealthpostToStore/Page_Store/input_txttotal' (Root cause: org.openqa.selenium.UnhandledAlertException: unexpected alert open: {Alert text : function Error() { [native code] }}
  (Session info: chrome=66.0.3359.181)
  (Driver info: chromedriver=2.35.528161 (5b82f2d2aae0ca24b877009200ced9065a772e73),platform=Windows NT 10.0.17134 x86_64) (WARNING: The server did not provide any stacktrace information)
Command duration or timeout: 0 milliseconds: null
Build info: version: '3.7.1', revision: '8a0099a', time: '2017-11-06T21:07:36.161Z'
System info: host: 'DESKTOP-BLFTK83', ip: '169.254.189.85', os.name: 'Windows 10', os.arch: 'amd64', os.version: '10.0', java.version: '1.8.0_102'
Driver info: com.kms.katalon.selenium.driver.CChromeDriver
Capabilities {acceptInsecureCerts: false, acceptSslCerts: false, applicationCacheEnabled: false, browserConnectionEnabled: false, browserName: chrome, chrome: {chromedriverVersion: 2.35.528161 (5b82f2d2aae0ca..., userDataDir: C:\Users\QUALIT~1\AppData\L...}, cssSelectorsEnabled: true, databaseEnabled: false, handlesAlerts: true, hasTouchScreen: false, javascriptEnabled: true, locationContextEnabled: true, mobileEmulationEnabled: false, nativeEvents: true, networkConnectionEnabled: false, pageLoadStrategy: normal, platform: XP, platformName: XP, rotatable: false, setWindowRect: true, takesHeapSnapshot: true, takesScreenshot: true, unexpectedAlertBehaviour: , unhandledPromptBehavior: , version: 66.0.3359.181, webStorageEnabled: true}
Session ID: e722f5706ebbdd5ab87e5682f1ac07b2
*** Element info: {Using=xpath, value=//input[@type = 'text' and @id = 'txttotal' and @name = 'txttotal' and @placeholder = 'Req.Qty']})]]></system-err>
      </testcase>
      <testcase name="Test Cases/HEALTHPOST TEST CASES/TC_HP_010 Verify Schedule 10 Healthpost Request Are Working Successfully Or Not" classname="Test Cases/HEALTHPOST TEST CASES/TC_HP_010 Verify Schedule 10 Healthpost Request Are Working Successfully Or Not" status="PASSED">
         <system-out><![CDATA[2018-05-28 11:02:26 - [TEST_CASE][PASSED] - Test Cases/HEALTHPOST TEST CASES/TC_HP_010 Verify Schedule 10 Healthpost Request Are Working Successfully Or Not: Test Cases/HEALTHPOST TEST CASES/TC_HP_010 Verify Schedule 10 Healthpost Request Are Working Successfully Or Not

2018-05-28 11:02:26 - [TEST_STEP][PASSED] - openBrowser: Browser is opened with url: ''

2018-05-28 11:02:26 - [MESSAGE][WARNING] - A browser is already opened. Closing browser and opening a new one

2018-05-28 11:02:29 - [MESSAGE][PASSED] - Browser is opened with url: ''

2018-05-28 11:02:29 - [TEST_STEP][PASSED] - navigateToUrl: Navigate to 'http://192.168.137.1/multihospital_new/HDSplashscreen.aspx' successfully

2018-05-28 11:02:31 - [MESSAGE][PASSED] - Navigate to 'http://192.168.137.1/multihospital_new/HDSplashscreen.aspx' successfully

2018-05-28 11:02:31 - [TEST_STEP][PASSED] - maximizeWindow: Current window maximized

2018-05-28 11:02:32 - [MESSAGE][PASSED] - Current window maximized

2018-05-28 11:02:32 - [TEST_STEP][PASSED] - click: Object: 'Object Repository/HealthpostToStore/Page_KDMC/a_Healthpost Store' is clicked on

2018-05-28 11:02:33 - [MESSAGE][PASSED] - Object: 'Object Repository/HealthpostToStore/Page_KDMC/a_Healthpost Store' is clicked on

2018-05-28 11:02:33 - [TEST_STEP][PASSED] - setText: Text 'raguram' is set on object 'Object Repository/HealthpostToStore/Page_HealthPost Store Login/input_txtusername'

2018-05-28 11:02:33 - [MESSAGE][PASSED] - Text 'raguram' is set on object 'Object Repository/HealthpostToStore/Page_HealthPost Store Login/input_txtusername'

2018-05-28 11:02:33 - [TEST_STEP][PASSED] - setText: Text '123' is set on object 'Object Repository/HealthpostToStore/Page_HealthPost Store Login/input_txtpassword'

2018-05-28 11:02:33 - [MESSAGE][PASSED] - Text '123' is set on object 'Object Repository/HealthpostToStore/Page_HealthPost Store Login/input_txtpassword'

2018-05-28 11:02:33 - [TEST_STEP][PASSED] - delay: Delayed 3 second(s)

2018-05-28 11:02:36 - [MESSAGE][PASSED] - Delayed 3 second(s)

2018-05-28 11:02:36 - [TEST_STEP][PASSED] - sendKeys: Keys 'ENTER + ' sent to object: 'Object Repository/HealthpostToStore/Page_HealthPost Store Login/input_txtpassword'

2018-05-28 11:02:37 - [MESSAGE][PASSED] - Keys 'ENTER + ' sent to object: 'Object Repository/HealthpostToStore/Page_HealthPost Store Login/input_txtpassword'

2018-05-28 11:02:37 - [TEST_STEP][PASSED] - delay: Delayed 3 second(s)

2018-05-28 11:02:40 - [MESSAGE][PASSED] - Delayed 3 second(s)

2018-05-28 11:02:40 - [TEST_STEP][PASSED] - click: Object: 'Object Repository/HealthpostToStore/Page_HealthPost Store/a_Request to Store' is clicked on

2018-05-28 11:02:40 - [MESSAGE][PASSED] - Object: 'Object Repository/HealthpostToStore/Page_HealthPost Store/a_Request to Store' is clicked on

2018-05-28 11:02:40 - [TEST_STEP][PASSED] - delay: Delayed 1 second(s)

2018-05-28 11:02:41 - [MESSAGE][PASSED] - Delayed 1 second(s)

2018-05-28 11:02:41 - [TEST_STEP][PASSED] - click: Object: 'Object Repository/HealthpostToStore/Page_HealthPost Store/a_Medicine Request' is clicked on

2018-05-28 11:02:42 - [MESSAGE][PASSED] - Object: 'Object Repository/HealthpostToStore/Page_HealthPost Store/a_Medicine Request' is clicked on

2018-05-28 11:02:42 - [TEST_STEP][PASSED] - delay: Delayed 1 second(s)

2018-05-28 11:02:43 - [MESSAGE][PASSED] - Delayed 1 second(s)

2018-05-28 11:02:43 - [TEST_STEP][PASSED] - selectOptionByIndex: All options with index in [10] are selected on object 'Object Repository/HealthpostToStore/Page_HealthPost Store/select_--Select--Schedule 1Inj'

2018-05-28 11:02:43 - [MESSAGE][PASSED] - All options with index in [10] are selected on object 'Object Repository/HealthpostToStore/Page_HealthPost Store/select_--Select--Schedule 1Inj'

2018-05-28 11:02:43 - [TEST_STEP][PASSED] - Statement - medicineslength = com.kms.katalon.core.webui.keyword.WebUiBuiltInKeywords.getNumberOfTotalOption(com.kms.katalon.core.testobject.ObjectRepository.findTestObject(HealthpostToStore/Page_HealthPost Store/select_--Select--Adernaline 0.)): 19 options of object 'Object Repository/HealthpostToStore/Page_HealthPost Store/select_--Select--Adernaline 0.' counted

2018-05-28 11:02:43 - [MESSAGE][PASSED] - 19 options of object 'Object Repository/HealthpostToStore/Page_HealthPost Store/select_--Select--Adernaline 0.' counted

2018-05-28 11:02:43 - [TEST_STEP][PASSED] - Statement - For ([e = 1, e <= medicineslength - 1, (e++)]): Object: 'Object Repository/HealthpostToStore/Page_HealthPost Store/button_Add' is clicked on

2018-05-28 11:02:43 - [TEST_STEP][PASSED] - selectOptionByIndex: All options with index in [10] are selected on object 'Object Repository/HealthpostToStore/Page_HealthPost Store/select_--Select--Schedule 1Inj'

2018-05-28 11:02:43 - [MESSAGE][PASSED] - All options with index in [10] are selected on object 'Object Repository/HealthpostToStore/Page_HealthPost Store/select_--Select--Schedule 1Inj'

2018-05-28 11:02:43 - [TEST_STEP][PASSED] - selectOptionByIndex: All options with index in [1] are selected on object 'Object Repository/HealthpostToStore/Page_HealthPost Store/select_--Select--Adernaline 0.'

2018-05-28 11:02:43 - [MESSAGE][PASSED] - All options with index in [1] are selected on object 'Object Repository/HealthpostToStore/Page_HealthPost Store/select_--Select--Adernaline 0.'

2018-05-28 11:02:43 - [TEST_STEP][PASSED] - setText: Text '10' is set on object 'Object Repository/HealthpostToStore/Page_HealthPost Store/input_txttreat'

2018-05-28 11:02:43 - [MESSAGE][PASSED] - Text '10' is set on object 'Object Repository/HealthpostToStore/Page_HealthPost Store/input_txttreat'

2018-05-28 11:02:43 - [TEST_STEP][PASSED] - click: Object: 'Object Repository/HealthpostToStore/Page_HealthPost Store/button_Add' is clicked on

2018-05-28 11:02:44 - [MESSAGE][PASSED] - Object: 'Object Repository/HealthpostToStore/Page_HealthPost Store/button_Add' is clicked on

2018-05-28 11:02:44 - [TEST_STEP][PASSED] - selectOptionByIndex: All options with index in [10] are selected on object 'Object Repository/HealthpostToStore/Page_HealthPost Store/select_--Select--Schedule 1Inj'

2018-05-28 11:02:44 - [MESSAGE][PASSED] - All options with index in [10] are selected on object 'Object Repository/HealthpostToStore/Page_HealthPost Store/select_--Select--Schedule 1Inj'

2018-05-28 11:02:44 - [TEST_STEP][PASSED] - selectOptionByIndex: All options with index in [2] are selected on object 'Object Repository/HealthpostToStore/Page_HealthPost Store/select_--Select--Adernaline 0.'

2018-05-28 11:02:44 - [MESSAGE][PASSED] - All options with index in [2] are selected on object 'Object Repository/HealthpostToStore/Page_HealthPost Store/select_--Select--Adernaline 0.'

2018-05-28 11:02:44 - [TEST_STEP][PASSED] - setText: Text '10' is set on object 'Object Repository/HealthpostToStore/Page_HealthPost Store/input_txttreat'

2018-05-28 11:02:44 - [MESSAGE][PASSED] - Text '10' is set on object 'Object Repository/HealthpostToStore/Page_HealthPost Store/input_txttreat'

2018-05-28 11:02:44 - [TEST_STEP][PASSED] - click: Object: 'Object Repository/HealthpostToStore/Page_HealthPost Store/button_Add' is clicked on

2018-05-28 11:02:44 - [MESSAGE][PASSED] - Object: 'Object Repository/HealthpostToStore/Page_HealthPost Store/button_Add' is clicked on

2018-05-28 11:02:44 - [TEST_STEP][PASSED] - selectOptionByIndex: All options with index in [10] are selected on object 'Object Repository/HealthpostToStore/Page_HealthPost Store/select_--Select--Schedule 1Inj'

2018-05-28 11:02:44 - [MESSAGE][PASSED] - All options with index in [10] are selected on object 'Object Repository/HealthpostToStore/Page_HealthPost Store/select_--Select--Schedule 1Inj'

2018-05-28 11:02:44 - [TEST_STEP][PASSED] - selectOptionByIndex: All options with index in [3] are selected on object 'Object Repository/HealthpostToStore/Page_HealthPost Store/select_--Select--Adernaline 0.'

2018-05-28 11:02:44 - [MESSAGE][PASSED] - All options with index in [3] are selected on object 'Object Repository/HealthpostToStore/Page_HealthPost Store/select_--Select--Adernaline 0.'

2018-05-28 11:02:44 - [TEST_STEP][PASSED] - setText: Text '10' is set on object 'Object Repository/HealthpostToStore/Page_HealthPost Store/input_txttreat'

2018-05-28 11:02:44 - [MESSAGE][PASSED] - Text '10' is set on object 'Object Repository/HealthpostToStore/Page_HealthPost Store/input_txttreat'

2018-05-28 11:02:44 - [TEST_STEP][PASSED] - click: Object: 'Object Repository/HealthpostToStore/Page_HealthPost Store/button_Add' is clicked on

2018-05-28 11:02:45 - [MESSAGE][PASSED] - Object: 'Object Repository/HealthpostToStore/Page_HealthPost Store/button_Add' is clicked on

2018-05-28 11:02:45 - [TEST_STEP][PASSED] - selectOptionByIndex: All options with index in [10] are selected on object 'Object Repository/HealthpostToStore/Page_HealthPost Store/select_--Select--Schedule 1Inj'

2018-05-28 11:02:45 - [MESSAGE][PASSED] - All options with index in [10] are selected on object 'Object Repository/HealthpostToStore/Page_HealthPost Store/select_--Select--Schedule 1Inj'

2018-05-28 11:02:45 - [TEST_STEP][PASSED] - selectOptionByIndex: All options with index in [4] are selected on object 'Object Repository/HealthpostToStore/Page_HealthPost Store/select_--Select--Adernaline 0.'

2018-05-28 11:02:45 - [MESSAGE][PASSED] - All options with index in [4] are selected on object 'Object Repository/HealthpostToStore/Page_HealthPost Store/select_--Select--Adernaline 0.'

2018-05-28 11:02:45 - [TEST_STEP][PASSED] - setText: Text '10' is set on object 'Object Repository/HealthpostToStore/Page_HealthPost Store/input_txttreat'

2018-05-28 11:02:45 - [MESSAGE][PASSED] - Text '10' is set on object 'Object Repository/HealthpostToStore/Page_HealthPost Store/input_txttreat'

2018-05-28 11:02:45 - [TEST_STEP][PASSED] - click: Object: 'Object Repository/HealthpostToStore/Page_HealthPost Store/button_Add' is clicked on

2018-05-28 11:02:45 - [MESSAGE][PASSED] - Object: 'Object Repository/HealthpostToStore/Page_HealthPost Store/button_Add' is clicked on

2018-05-28 11:02:45 - [TEST_STEP][PASSED] - selectOptionByIndex: All options with index in [10] are selected on object 'Object Repository/HealthpostToStore/Page_HealthPost Store/select_--Select--Schedule 1Inj'

2018-05-28 11:02:45 - [MESSAGE][PASSED] - All options with index in [10] are selected on object 'Object Repository/HealthpostToStore/Page_HealthPost Store/select_--Select--Schedule 1Inj'

2018-05-28 11:02:45 - [TEST_STEP][PASSED] - selectOptionByIndex: All options with index in [5] are selected on object 'Object Repository/HealthpostToStore/Page_HealthPost Store/select_--Select--Adernaline 0.'

2018-05-28 11:02:45 - [MESSAGE][PASSED] - All options with index in [5] are selected on object 'Object Repository/HealthpostToStore/Page_HealthPost Store/select_--Select--Adernaline 0.'

2018-05-28 11:02:45 - [TEST_STEP][PASSED] - setText: Text '10' is set on object 'Object Repository/HealthpostToStore/Page_HealthPost Store/input_txttreat'

2018-05-28 11:02:45 - [MESSAGE][PASSED] - Text '10' is set on object 'Object Repository/HealthpostToStore/Page_HealthPost Store/input_txttreat'

2018-05-28 11:02:45 - [TEST_STEP][PASSED] - click: Object: 'Object Repository/HealthpostToStore/Page_HealthPost Store/button_Add' is clicked on

2018-05-28 11:02:46 - [MESSAGE][PASSED] - Object: 'Object Repository/HealthpostToStore/Page_HealthPost Store/button_Add' is clicked on

2018-05-28 11:02:46 - [TEST_STEP][PASSED] - selectOptionByIndex: All options with index in [10] are selected on object 'Object Repository/HealthpostToStore/Page_HealthPost Store/select_--Select--Schedule 1Inj'

2018-05-28 11:02:46 - [MESSAGE][PASSED] - All options with index in [10] are selected on object 'Object Repository/HealthpostToStore/Page_HealthPost Store/select_--Select--Schedule 1Inj'

2018-05-28 11:02:46 - [TEST_STEP][PASSED] - selectOptionByIndex: All options with index in [6] are selected on object 'Object Repository/HealthpostToStore/Page_HealthPost Store/select_--Select--Adernaline 0.'

2018-05-28 11:02:46 - [MESSAGE][PASSED] - All options with index in [6] are selected on object 'Object Repository/HealthpostToStore/Page_HealthPost Store/select_--Select--Adernaline 0.'

2018-05-28 11:02:46 - [TEST_STEP][PASSED] - setText: Text '10' is set on object 'Object Repository/HealthpostToStore/Page_HealthPost Store/input_txttreat'

2018-05-28 11:02:46 - [MESSAGE][PASSED] - Text '10' is set on object 'Object Repository/HealthpostToStore/Page_HealthPost Store/input_txttreat'

2018-05-28 11:02:46 - [TEST_STEP][PASSED] - click: Object: 'Object Repository/HealthpostToStore/Page_HealthPost Store/button_Add' is clicked on

2018-05-28 11:02:46 - [MESSAGE][PASSED] - Object: 'Object Repository/HealthpostToStore/Page_HealthPost Store/button_Add' is clicked on

2018-05-28 11:02:46 - [TEST_STEP][PASSED] - selectOptionByIndex: All options with index in [10] are selected on object 'Object Repository/HealthpostToStore/Page_HealthPost Store/select_--Select--Schedule 1Inj'

2018-05-28 11:02:46 - [MESSAGE][PASSED] - All options with index in [10] are selected on object 'Object Repository/HealthpostToStore/Page_HealthPost Store/select_--Select--Schedule 1Inj'

2018-05-28 11:02:46 - [TEST_STEP][PASSED] - selectOptionByIndex: All options with index in [7] are selected on object 'Object Repository/HealthpostToStore/Page_HealthPost Store/select_--Select--Adernaline 0.'

2018-05-28 11:02:46 - [MESSAGE][PASSED] - All options with index in [7] are selected on object 'Object Repository/HealthpostToStore/Page_HealthPost Store/select_--Select--Adernaline 0.'

2018-05-28 11:02:46 - [TEST_STEP][PASSED] - setText: Text '10' is set on object 'Object Repository/HealthpostToStore/Page_HealthPost Store/input_txttreat'

2018-05-28 11:02:47 - [MESSAGE][PASSED] - Text '10' is set on object 'Object Repository/HealthpostToStore/Page_HealthPost Store/input_txttreat'

2018-05-28 11:02:47 - [TEST_STEP][PASSED] - click: Object: 'Object Repository/HealthpostToStore/Page_HealthPost Store/button_Add' is clicked on

2018-05-28 11:02:47 - [MESSAGE][PASSED] - Object: 'Object Repository/HealthpostToStore/Page_HealthPost Store/button_Add' is clicked on

2018-05-28 11:02:47 - [TEST_STEP][PASSED] - selectOptionByIndex: All options with index in [10] are selected on object 'Object Repository/HealthpostToStore/Page_HealthPost Store/select_--Select--Schedule 1Inj'

2018-05-28 11:02:47 - [MESSAGE][PASSED] - All options with index in [10] are selected on object 'Object Repository/HealthpostToStore/Page_HealthPost Store/select_--Select--Schedule 1Inj'

2018-05-28 11:02:47 - [TEST_STEP][PASSED] - selectOptionByIndex: All options with index in [8] are selected on object 'Object Repository/HealthpostToStore/Page_HealthPost Store/select_--Select--Adernaline 0.'

2018-05-28 11:02:47 - [MESSAGE][PASSED] - All options with index in [8] are selected on object 'Object Repository/HealthpostToStore/Page_HealthPost Store/select_--Select--Adernaline 0.'

2018-05-28 11:02:47 - [TEST_STEP][PASSED] - setText: Text '10' is set on object 'Object Repository/HealthpostToStore/Page_HealthPost Store/input_txttreat'

2018-05-28 11:02:47 - [MESSAGE][PASSED] - Text '10' is set on object 'Object Repository/HealthpostToStore/Page_HealthPost Store/input_txttreat'

2018-05-28 11:02:47 - [TEST_STEP][PASSED] - click: Object: 'Object Repository/HealthpostToStore/Page_HealthPost Store/button_Add' is clicked on

2018-05-28 11:02:47 - [MESSAGE][PASSED] - Object: 'Object Repository/HealthpostToStore/Page_HealthPost Store/button_Add' is clicked on

2018-05-28 11:02:47 - [TEST_STEP][PASSED] - selectOptionByIndex: All options with index in [10] are selected on object 'Object Repository/HealthpostToStore/Page_HealthPost Store/select_--Select--Schedule 1Inj'

2018-05-28 11:02:47 - [MESSAGE][PASSED] - All options with index in [10] are selected on object 'Object Repository/HealthpostToStore/Page_HealthPost Store/select_--Select--Schedule 1Inj'

2018-05-28 11:02:47 - [TEST_STEP][PASSED] - selectOptionByIndex: All options with index in [9] are selected on object 'Object Repository/HealthpostToStore/Page_HealthPost Store/select_--Select--Adernaline 0.'

2018-05-28 11:02:48 - [MESSAGE][PASSED] - All options with index in [9] are selected on object 'Object Repository/HealthpostToStore/Page_HealthPost Store/select_--Select--Adernaline 0.'

2018-05-28 11:02:48 - [TEST_STEP][PASSED] - setText: Text '10' is set on object 'Object Repository/HealthpostToStore/Page_HealthPost Store/input_txttreat'

2018-05-28 11:02:48 - [MESSAGE][PASSED] - Text '10' is set on object 'Object Repository/HealthpostToStore/Page_HealthPost Store/input_txttreat'

2018-05-28 11:02:48 - [TEST_STEP][PASSED] - click: Object: 'Object Repository/HealthpostToStore/Page_HealthPost Store/button_Add' is clicked on

2018-05-28 11:02:48 - [MESSAGE][PASSED] - Object: 'Object Repository/HealthpostToStore/Page_HealthPost Store/button_Add' is clicked on

2018-05-28 11:02:48 - [TEST_STEP][PASSED] - selectOptionByIndex: All options with index in [10] are selected on object 'Object Repository/HealthpostToStore/Page_HealthPost Store/select_--Select--Schedule 1Inj'

2018-05-28 11:02:48 - [MESSAGE][PASSED] - All options with index in [10] are selected on object 'Object Repository/HealthpostToStore/Page_HealthPost Store/select_--Select--Schedule 1Inj'

2018-05-28 11:02:48 - [TEST_STEP][PASSED] - selectOptionByIndex: All options with index in [10] are selected on object 'Object Repository/HealthpostToStore/Page_HealthPost Store/select_--Select--Adernaline 0.'

2018-05-28 11:02:48 - [MESSAGE][PASSED] - All options with index in [10] are selected on object 'Object Repository/HealthpostToStore/Page_HealthPost Store/select_--Select--Adernaline 0.'

2018-05-28 11:02:48 - [TEST_STEP][PASSED] - setText: Text '10' is set on object 'Object Repository/HealthpostToStore/Page_HealthPost Store/input_txttreat'

2018-05-28 11:02:48 - [MESSAGE][PASSED] - Text '10' is set on object 'Object Repository/HealthpostToStore/Page_HealthPost Store/input_txttreat'

2018-05-28 11:02:48 - [TEST_STEP][PASSED] - click: Object: 'Object Repository/HealthpostToStore/Page_HealthPost Store/button_Add' is clicked on

2018-05-28 11:02:48 - [MESSAGE][PASSED] - Object: 'Object Repository/HealthpostToStore/Page_HealthPost Store/button_Add' is clicked on

2018-05-28 11:02:48 - [TEST_STEP][PASSED] - selectOptionByIndex: All options with index in [10] are selected on object 'Object Repository/HealthpostToStore/Page_HealthPost Store/select_--Select--Schedule 1Inj'

2018-05-28 11:02:48 - [MESSAGE][PASSED] - All options with index in [10] are selected on object 'Object Repository/HealthpostToStore/Page_HealthPost Store/select_--Select--Schedule 1Inj'

2018-05-28 11:02:48 - [TEST_STEP][PASSED] - selectOptionByIndex: All options with index in [11] are selected on object 'Object Repository/HealthpostToStore/Page_HealthPost Store/select_--Select--Adernaline 0.'

2018-05-28 11:02:49 - [MESSAGE][PASSED] - All options with index in [11] are selected on object 'Object Repository/HealthpostToStore/Page_HealthPost Store/select_--Select--Adernaline 0.'

2018-05-28 11:02:49 - [TEST_STEP][PASSED] - setText: Text '10' is set on object 'Object Repository/HealthpostToStore/Page_HealthPost Store/input_txttreat'

2018-05-28 11:02:49 - [MESSAGE][PASSED] - Text '10' is set on object 'Object Repository/HealthpostToStore/Page_HealthPost Store/input_txttreat'

2018-05-28 11:02:49 - [TEST_STEP][PASSED] - click: Object: 'Object Repository/HealthpostToStore/Page_HealthPost Store/button_Add' is clicked on

2018-05-28 11:02:49 - [MESSAGE][PASSED] - Object: 'Object Repository/HealthpostToStore/Page_HealthPost Store/button_Add' is clicked on

2018-05-28 11:02:49 - [TEST_STEP][PASSED] - selectOptionByIndex: All options with index in [10] are selected on object 'Object Repository/HealthpostToStore/Page_HealthPost Store/select_--Select--Schedule 1Inj'

2018-05-28 11:02:49 - [MESSAGE][PASSED] - All options with index in [10] are selected on object 'Object Repository/HealthpostToStore/Page_HealthPost Store/select_--Select--Schedule 1Inj'

2018-05-28 11:02:49 - [TEST_STEP][PASSED] - selectOptionByIndex: All options with index in [12] are selected on object 'Object Repository/HealthpostToStore/Page_HealthPost Store/select_--Select--Adernaline 0.'

2018-05-28 11:02:49 - [MESSAGE][PASSED] - All options with index in [12] are selected on object 'Object Repository/HealthpostToStore/Page_HealthPost Store/select_--Select--Adernaline 0.'

2018-05-28 11:02:49 - [TEST_STEP][PASSED] - setText: Text '10' is set on object 'Object Repository/HealthpostToStore/Page_HealthPost Store/input_txttreat'

2018-05-28 11:02:49 - [MESSAGE][PASSED] - Text '10' is set on object 'Object Repository/HealthpostToStore/Page_HealthPost Store/input_txttreat'

2018-05-28 11:02:49 - [TEST_STEP][PASSED] - click: Object: 'Object Repository/HealthpostToStore/Page_HealthPost Store/button_Add' is clicked on

2018-05-28 11:02:49 - [MESSAGE][PASSED] - Object: 'Object Repository/HealthpostToStore/Page_HealthPost Store/button_Add' is clicked on

2018-05-28 11:02:49 - [TEST_STEP][PASSED] - selectOptionByIndex: All options with index in [10] are selected on object 'Object Repository/HealthpostToStore/Page_HealthPost Store/select_--Select--Schedule 1Inj'

2018-05-28 11:02:50 - [MESSAGE][PASSED] - All options with index in [10] are selected on object 'Object Repository/HealthpostToStore/Page_HealthPost Store/select_--Select--Schedule 1Inj'

2018-05-28 11:02:50 - [TEST_STEP][PASSED] - selectOptionByIndex: All options with index in [13] are selected on object 'Object Repository/HealthpostToStore/Page_HealthPost Store/select_--Select--Adernaline 0.'

2018-05-28 11:02:50 - [MESSAGE][PASSED] - All options with index in [13] are selected on object 'Object Repository/HealthpostToStore/Page_HealthPost Store/select_--Select--Adernaline 0.'

2018-05-28 11:02:50 - [TEST_STEP][PASSED] - setText: Text '10' is set on object 'Object Repository/HealthpostToStore/Page_HealthPost Store/input_txttreat'

2018-05-28 11:02:50 - [MESSAGE][PASSED] - Text '10' is set on object 'Object Repository/HealthpostToStore/Page_HealthPost Store/input_txttreat'

2018-05-28 11:02:50 - [TEST_STEP][PASSED] - click: Object: 'Object Repository/HealthpostToStore/Page_HealthPost Store/button_Add' is clicked on

2018-05-28 11:02:50 - [MESSAGE][PASSED] - Object: 'Object Repository/HealthpostToStore/Page_HealthPost Store/button_Add' is clicked on

2018-05-28 11:02:50 - [TEST_STEP][PASSED] - selectOptionByIndex: All options with index in [10] are selected on object 'Object Repository/HealthpostToStore/Page_HealthPost Store/select_--Select--Schedule 1Inj'

2018-05-28 11:02:50 - [MESSAGE][PASSED] - All options with index in [10] are selected on object 'Object Repository/HealthpostToStore/Page_HealthPost Store/select_--Select--Schedule 1Inj'

2018-05-28 11:02:50 - [TEST_STEP][PASSED] - selectOptionByIndex: All options with index in [14] are selected on object 'Object Repository/HealthpostToStore/Page_HealthPost Store/select_--Select--Adernaline 0.'

2018-05-28 11:02:50 - [MESSAGE][PASSED] - All options with index in [14] are selected on object 'Object Repository/HealthpostToStore/Page_HealthPost Store/select_--Select--Adernaline 0.'

2018-05-28 11:02:50 - [TEST_STEP][PASSED] - setText: Text '10' is set on object 'Object Repository/HealthpostToStore/Page_HealthPost Store/input_txttreat'

2018-05-28 11:02:50 - [MESSAGE][PASSED] - Text '10' is set on object 'Object Repository/HealthpostToStore/Page_HealthPost Store/input_txttreat'

2018-05-28 11:02:50 - [TEST_STEP][PASSED] - click: Object: 'Object Repository/HealthpostToStore/Page_HealthPost Store/button_Add' is clicked on

2018-05-28 11:02:51 - [MESSAGE][PASSED] - Object: 'Object Repository/HealthpostToStore/Page_HealthPost Store/button_Add' is clicked on

2018-05-28 11:02:51 - [TEST_STEP][PASSED] - selectOptionByIndex: All options with index in [10] are selected on object 'Object Repository/HealthpostToStore/Page_HealthPost Store/select_--Select--Schedule 1Inj'

2018-05-28 11:02:51 - [MESSAGE][PASSED] - All options with index in [10] are selected on object 'Object Repository/HealthpostToStore/Page_HealthPost Store/select_--Select--Schedule 1Inj'

2018-05-28 11:02:51 - [TEST_STEP][PASSED] - selectOptionByIndex: All options with index in [15] are selected on object 'Object Repository/HealthpostToStore/Page_HealthPost Store/select_--Select--Adernaline 0.'

2018-05-28 11:02:51 - [MESSAGE][PASSED] - All options with index in [15] are selected on object 'Object Repository/HealthpostToStore/Page_HealthPost Store/select_--Select--Adernaline 0.'

2018-05-28 11:02:51 - [TEST_STEP][PASSED] - setText: Text '10' is set on object 'Object Repository/HealthpostToStore/Page_HealthPost Store/input_txttreat'

2018-05-28 11:02:51 - [MESSAGE][PASSED] - Text '10' is set on object 'Object Repository/HealthpostToStore/Page_HealthPost Store/input_txttreat'

2018-05-28 11:02:51 - [TEST_STEP][PASSED] - click: Object: 'Object Repository/HealthpostToStore/Page_HealthPost Store/button_Add' is clicked on

2018-05-28 11:02:51 - [MESSAGE][PASSED] - Object: 'Object Repository/HealthpostToStore/Page_HealthPost Store/button_Add' is clicked on

2018-05-28 11:02:51 - [TEST_STEP][PASSED] - selectOptionByIndex: All options with index in [10] are selected on object 'Object Repository/HealthpostToStore/Page_HealthPost Store/select_--Select--Schedule 1Inj'

2018-05-28 11:02:51 - [MESSAGE][PASSED] - All options with index in [10] are selected on object 'Object Repository/HealthpostToStore/Page_HealthPost Store/select_--Select--Schedule 1Inj'

2018-05-28 11:02:51 - [TEST_STEP][PASSED] - selectOptionByIndex: All options with index in [16] are selected on object 'Object Repository/HealthpostToStore/Page_HealthPost Store/select_--Select--Adernaline 0.'

2018-05-28 11:02:52 - [MESSAGE][PASSED] - All options with index in [16] are selected on object 'Object Repository/HealthpostToStore/Page_HealthPost Store/select_--Select--Adernaline 0.'

2018-05-28 11:02:52 - [TEST_STEP][PASSED] - setText: Text '10' is set on object 'Object Repository/HealthpostToStore/Page_HealthPost Store/input_txttreat'

2018-05-28 11:02:52 - [MESSAGE][PASSED] - Text '10' is set on object 'Object Repository/HealthpostToStore/Page_HealthPost Store/input_txttreat'

2018-05-28 11:02:52 - [TEST_STEP][PASSED] - click: Object: 'Object Repository/HealthpostToStore/Page_HealthPost Store/button_Add' is clicked on

2018-05-28 11:02:52 - [MESSAGE][PASSED] - Object: 'Object Repository/HealthpostToStore/Page_HealthPost Store/button_Add' is clicked on

2018-05-28 11:02:52 - [TEST_STEP][PASSED] - selectOptionByIndex: All options with index in [10] are selected on object 'Object Repository/HealthpostToStore/Page_HealthPost Store/select_--Select--Schedule 1Inj'

2018-05-28 11:02:52 - [MESSAGE][PASSED] - All options with index in [10] are selected on object 'Object Repository/HealthpostToStore/Page_HealthPost Store/select_--Select--Schedule 1Inj'

2018-05-28 11:02:52 - [TEST_STEP][PASSED] - selectOptionByIndex: All options with index in [17] are selected on object 'Object Repository/HealthpostToStore/Page_HealthPost Store/select_--Select--Adernaline 0.'

2018-05-28 11:02:52 - [MESSAGE][PASSED] - All options with index in [17] are selected on object 'Object Repository/HealthpostToStore/Page_HealthPost Store/select_--Select--Adernaline 0.'

2018-05-28 11:02:52 - [TEST_STEP][PASSED] - setText: Text '10' is set on object 'Object Repository/HealthpostToStore/Page_HealthPost Store/input_txttreat'

2018-05-28 11:02:52 - [MESSAGE][PASSED] - Text '10' is set on object 'Object Repository/HealthpostToStore/Page_HealthPost Store/input_txttreat'

2018-05-28 11:02:52 - [TEST_STEP][PASSED] - click: Object: 'Object Repository/HealthpostToStore/Page_HealthPost Store/button_Add' is clicked on

2018-05-28 11:02:52 - [MESSAGE][PASSED] - Object: 'Object Repository/HealthpostToStore/Page_HealthPost Store/button_Add' is clicked on

2018-05-28 11:02:52 - [TEST_STEP][PASSED] - selectOptionByIndex: All options with index in [10] are selected on object 'Object Repository/HealthpostToStore/Page_HealthPost Store/select_--Select--Schedule 1Inj'

2018-05-28 11:02:53 - [MESSAGE][PASSED] - All options with index in [10] are selected on object 'Object Repository/HealthpostToStore/Page_HealthPost Store/select_--Select--Schedule 1Inj'

2018-05-28 11:02:53 - [TEST_STEP][PASSED] - selectOptionByIndex: All options with index in [18] are selected on object 'Object Repository/HealthpostToStore/Page_HealthPost Store/select_--Select--Adernaline 0.'

2018-05-28 11:02:53 - [MESSAGE][PASSED] - All options with index in [18] are selected on object 'Object Repository/HealthpostToStore/Page_HealthPost Store/select_--Select--Adernaline 0.'

2018-05-28 11:02:53 - [TEST_STEP][PASSED] - setText: Text '10' is set on object 'Object Repository/HealthpostToStore/Page_HealthPost Store/input_txttreat'

2018-05-28 11:02:53 - [MESSAGE][PASSED] - Text '10' is set on object 'Object Repository/HealthpostToStore/Page_HealthPost Store/input_txttreat'

2018-05-28 11:02:53 - [TEST_STEP][PASSED] - click: Object: 'Object Repository/HealthpostToStore/Page_HealthPost Store/button_Add' is clicked on

2018-05-28 11:02:53 - [MESSAGE][PASSED] - Object: 'Object Repository/HealthpostToStore/Page_HealthPost Store/button_Add' is clicked on

2018-05-28 11:02:53 - [TEST_STEP][PASSED] - scrollToElement: Scroll to object 'Object Repository/HealthpostToStore/Page_HealthPost Store/input_btnsave' successfully

2018-05-28 11:02:53 - [MESSAGE][PASSED] - Scroll to object 'Object Repository/HealthpostToStore/Page_HealthPost Store/input_btnsave' successfully

2018-05-28 11:02:53 - [TEST_STEP][PASSED] - click: Object: 'Object Repository/HealthpostToStore/Page_HealthPost Store/input_btnsave' is clicked on

2018-05-28 11:02:53 - [MESSAGE][PASSED] - Object: 'Object Repository/HealthpostToStore/Page_HealthPost Store/input_btnsave' is clicked on

2018-05-28 11:02:53 - [TEST_STEP][PASSED] - delay: Delayed 3 second(s)

2018-05-28 11:02:56 - [MESSAGE][PASSED] - Delayed 3 second(s)

2018-05-28 11:02:56 - [TEST_STEP][PASSED] - Statement - RN1 = com.kms.katalon.core.webui.keyword.WebUiBuiltInKeywords.getText(com.kms.katalon.core.testobject.ObjectRepository.findTestObject(HealthpostToStore/Page_HealthPost Store/font_HPRNO180520187)): Text of object 'Object Repository/HealthpostToStore/Page_HealthPost Store/font_HPRNO180520187' is: 'HPRNO/28052018/118'

2018-05-28 11:02:56 - [MESSAGE][PASSED] - Text of object 'Object Repository/HealthpostToStore/Page_HealthPost Store/font_HPRNO180520187' is: 'HPRNO/28052018/118'

2018-05-28 11:02:56 - [TEST_STEP][PASSED] - Statement - out.println(RN1): null

2018-05-28 11:02:56 - [TEST_STEP][PASSED] - Statement - RID = RN1.split("/")[2]: null

2018-05-28 11:02:56 - [TEST_STEP][PASSED] - click: Object: 'Object Repository/HealthpostToStore/Page_HealthPost Store/button_OK' is clicked on

2018-05-28 11:02:57 - [MESSAGE][PASSED] - Object: 'Object Repository/HealthpostToStore/Page_HealthPost Store/button_OK' is clicked on

2018-05-28 11:02:57 - [TEST_STEP][PASSED] - delay: Delayed 3 second(s)

2018-05-28 11:03:00 - [MESSAGE][PASSED] - Delayed 3 second(s)

2018-05-28 11:03:00 - [TEST_STEP][PASSED] - click: Object: 'Object Repository/HealthpostToStore/Page_HealthPost Store/a_dropdown-toggle' is clicked on

2018-05-28 11:03:00 - [MESSAGE][PASSED] - Object: 'Object Repository/HealthpostToStore/Page_HealthPost Store/a_dropdown-toggle' is clicked on

2018-05-28 11:03:00 - [TEST_STEP][PASSED] - click: Object: 'Object Repository/HealthpostToStore/Page_HealthPost Store/a_Sign out' is clicked on

2018-05-28 11:03:00 - [MESSAGE][PASSED] - Object: 'Object Repository/HealthpostToStore/Page_HealthPost Store/a_Sign out' is clicked on

2018-05-28 11:03:00 - [TEST_STEP][PASSED] - delay: Delayed 3 second(s)

2018-05-28 11:03:03 - [MESSAGE][PASSED] - Delayed 3 second(s)

2018-05-28 11:03:03 - [TEST_STEP][PASSED] - navigateToUrl: Navigate to 'http://192.168.137.1/multihospital_new/' successfully

2018-05-28 11:03:04 - [MESSAGE][PASSED] - Navigate to 'http://192.168.137.1/multihospital_new/' successfully

2018-05-28 11:03:04 - [TEST_STEP][PASSED] - click: Object: 'Object Repository/HealthpostToStore/Page_KDMC/a_CMO' is clicked on

2018-05-28 11:03:04 - [MESSAGE][PASSED] - Object: 'Object Repository/HealthpostToStore/Page_KDMC/a_CMO' is clicked on

2018-05-28 11:03:04 - [TEST_STEP][PASSED] - setText: Text 'guru' is set on object 'Object Repository/HealthpostToStore/Page_CMO login/input_txtusername'

2018-05-28 11:03:04 - [MESSAGE][PASSED] - Text 'guru' is set on object 'Object Repository/HealthpostToStore/Page_CMO login/input_txtusername'

2018-05-28 11:03:04 - [TEST_STEP][PASSED] - setText: Text '123' is set on object 'Object Repository/HealthpostToStore/Page_CMO login/input_txtpassword'

2018-05-28 11:03:04 - [MESSAGE][PASSED] - Text '123' is set on object 'Object Repository/HealthpostToStore/Page_CMO login/input_txtpassword'

2018-05-28 11:03:04 - [TEST_STEP][PASSED] - delay: Delayed 3 second(s)

2018-05-28 11:03:07 - [MESSAGE][PASSED] - Delayed 3 second(s)

2018-05-28 11:03:07 - [TEST_STEP][PASSED] - click: Object: 'Object Repository/HealthpostToStore/Page_CMO login/button_Sign in' is clicked on

2018-05-28 11:03:08 - [MESSAGE][PASSED] - Object: 'Object Repository/HealthpostToStore/Page_CMO login/button_Sign in' is clicked on

2018-05-28 11:03:08 - [TEST_STEP][PASSED] - click: Object: 'Object Repository/HealthpostToStore/Page_KDMC - CMO/a_Department Wise Request' is clicked on

2018-05-28 11:03:10 - [MESSAGE][PASSED] - Object: 'Object Repository/HealthpostToStore/Page_KDMC - CMO/a_Department Wise Request' is clicked on

2018-05-28 11:03:10 - [TEST_STEP][PASSED] - delay: Delayed 2 second(s)

2018-05-28 11:03:12 - [MESSAGE][PASSED] - Delayed 2 second(s)

2018-05-28 11:03:12 - [TEST_STEP][PASSED] - selectOptionByIndex: All options with index in [5] are selected on object 'Object Repository/HealthpostToStore/Page_KDMC - CMO/select_--ALL--'

2018-05-28 11:03:12 - [MESSAGE][PASSED] - All options with index in [5] are selected on object 'Object Repository/HealthpostToStore/Page_KDMC - CMO/select_--ALL--'

2018-05-28 11:03:12 - [TEST_STEP][PASSED] - click: Object: 'Object Repository/HealthpostToStore/Page_KDMC - CMO/input_btnsearch' is clicked on

2018-05-28 11:03:13 - [MESSAGE][PASSED] - Object: 'Object Repository/HealthpostToStore/Page_KDMC - CMO/input_btnsearch' is clicked on

2018-05-28 11:03:13 - [TEST_STEP][PASSED] - selectOptionByIndex: All options with index in [1] are selected on object 'Object Repository/HealthpostToStore/Page_KDMC - CMO/select_--ALL--                _1'

2018-05-28 11:03:13 - [MESSAGE][PASSED] - All options with index in [1] are selected on object 'Object Repository/HealthpostToStore/Page_KDMC - CMO/select_--ALL--                _1'

2018-05-28 11:03:13 - [TEST_STEP][PASSED] - click: Object: 'Object Repository/HealthpostToStore/Page_KDMC - CMO/input_btnsearch' is clicked on

2018-05-28 11:03:13 - [MESSAGE][PASSED] - Object: 'Object Repository/HealthpostToStore/Page_KDMC - CMO/input_btnsearch' is clicked on

2018-05-28 11:03:13 - [TEST_STEP][PASSED] - Statement - ID = com.kms.katalon.core.webui.keyword.WebUiBuiltInKeywords.modifyObjectProperty(com.kms.katalon.core.testobject.ObjectRepository.findTestObject(lab/Page_KDMC - CMO/input_1), "xpath", "equals", "//*[@id=" + RID + "]", true): Modify property of object successfully

2018-05-28 11:03:13 - [MESSAGE][PASSED] - Modify property of object successfully

2018-05-28 11:03:13 - [TEST_STEP][PASSED] - click: Object: 'Object Repository/lab/Page_KDMC - CMO/input_1' is clicked on

2018-05-28 11:03:13 - [MESSAGE][PASSED] - Object: 'Object Repository/lab/Page_KDMC - CMO/input_1' is clicked on

2018-05-28 11:03:13 - [TEST_STEP][PASSED] - delay: Delayed 2 second(s)

2018-05-28 11:03:15 - [MESSAGE][PASSED] - Delayed 2 second(s)

2018-05-28 11:03:15 - [TEST_STEP][PASSED] - selectOptionByIndex: All options with index in [1] are selected on object 'Object Repository/HealthpostToStore/Page_KDMC - CMO/select_--Select--'

2018-05-28 11:03:16 - [MESSAGE][PASSED] - All options with index in [1] are selected on object 'Object Repository/HealthpostToStore/Page_KDMC - CMO/select_--Select--'

2018-05-28 11:03:16 - [TEST_STEP][PASSED] - click: Object: 'Object Repository/HealthpostToStore/Page_KDMC - CMO/input_btnupdate' is clicked on

2018-05-28 11:03:16 - [MESSAGE][PASSED] - Object: 'Object Repository/HealthpostToStore/Page_KDMC - CMO/input_btnupdate' is clicked on

2018-05-28 11:03:16 - [TEST_STEP][PASSED] - delay: Delayed 2 second(s)

2018-05-28 11:03:18 - [MESSAGE][PASSED] - Delayed 2 second(s)

2018-05-28 11:03:18 - [TEST_STEP][PASSED] - click: Object: 'Object Repository/HealthpostToStore/Page_KDMC - CMO/button_OK' is clicked on

2018-05-28 11:03:18 - [MESSAGE][PASSED] - Object: 'Object Repository/HealthpostToStore/Page_KDMC - CMO/button_OK' is clicked on

2018-05-28 11:03:18 - [TEST_STEP][PASSED] - delay: Delayed 2 second(s)

2018-05-28 11:03:20 - [MESSAGE][PASSED] - Delayed 2 second(s)

2018-05-28 11:03:20 - [TEST_STEP][PASSED] - click: Object: 'Object Repository/HealthpostToStore/Page_KDMC - CMO/a_dropdown-toggle' is clicked on

2018-05-28 11:03:20 - [MESSAGE][PASSED] - Object: 'Object Repository/HealthpostToStore/Page_KDMC - CMO/a_dropdown-toggle' is clicked on

2018-05-28 11:03:20 - [TEST_STEP][PASSED] - click: Object: 'Object Repository/HealthpostToStore/Page_KDMC - CMO/a_Sign out' is clicked on

2018-05-28 11:03:21 - [MESSAGE][PASSED] - Object: 'Object Repository/HealthpostToStore/Page_KDMC - CMO/a_Sign out' is clicked on

2018-05-28 11:03:21 - [TEST_STEP][PASSED] - delay: Delayed 3 second(s)

2018-05-28 11:03:24 - [MESSAGE][PASSED] - Delayed 3 second(s)

2018-05-28 11:03:24 - [TEST_STEP][PASSED] - click: Object: 'Object Repository/HealthpostToStore/Page_KDMC/a_Divisional Store' is clicked on

2018-05-28 11:03:25 - [MESSAGE][PASSED] - Object: 'Object Repository/HealthpostToStore/Page_KDMC/a_Divisional Store' is clicked on

2018-05-28 11:03:25 - [TEST_STEP][PASSED] - setText: Text 'ragu' is set on object 'Object Repository/HealthpostToStore/Page_Divisonal Store Login/input_txtusername'

2018-05-28 11:03:25 - [MESSAGE][PASSED] - Text 'ragu' is set on object 'Object Repository/HealthpostToStore/Page_Divisonal Store Login/input_txtusername'

2018-05-28 11:03:25 - [TEST_STEP][PASSED] - setText: Text '123' is set on object 'Object Repository/HealthpostToStore/Page_Divisonal Store Login/input_txtpassword'

2018-05-28 11:03:25 - [MESSAGE][PASSED] - Text '123' is set on object 'Object Repository/HealthpostToStore/Page_Divisonal Store Login/input_txtpassword'

2018-05-28 11:03:25 - [TEST_STEP][PASSED] - delay: Delayed 3 second(s)

2018-05-28 11:03:28 - [MESSAGE][PASSED] - Delayed 3 second(s)

2018-05-28 11:03:28 - [TEST_STEP][PASSED] - click: Object: 'Object Repository/HealthpostToStore/Page_Divisonal Store Login/button_Sign in' is clicked on

2018-05-28 11:03:30 - [MESSAGE][PASSED] - Object: 'Object Repository/HealthpostToStore/Page_Divisonal Store Login/button_Sign in' is clicked on

2018-05-28 11:03:30 - [TEST_STEP][PASSED] - delay: Delayed 3 second(s)

2018-05-28 11:03:33 - [MESSAGE][PASSED] - Delayed 3 second(s)

2018-05-28 11:03:33 - [TEST_STEP][PASSED] - click: Object: 'Object Repository/HealthpostToStore/Page_Store/a_Health Post Request' is clicked on

2018-05-28 11:03:33 - [MESSAGE][PASSED] - Object: 'Object Repository/HealthpostToStore/Page_Store/a_Health Post Request' is clicked on

2018-05-28 11:03:33 - [TEST_STEP][PASSED] - click: Object: 'Object Repository/HealthpostToStore/Page_Store/a_Request Item HealthPost' is clicked on

2018-05-28 11:03:34 - [MESSAGE][PASSED] - Object: 'Object Repository/HealthpostToStore/Page_Store/a_Request Item HealthPost' is clicked on

2018-05-28 11:03:34 - [TEST_STEP][PASSED] - Statement - ChooseRequest = com.kms.katalon.core.webui.keyword.WebUiBuiltInKeywords.modifyObjectProperty(com.kms.katalon.core.testobject.ObjectRepository.findTestObject(lab/Page_Store/input_1), "xpath", "equals", "//*[@id=" + RID + "]", true): Modify property of object successfully

2018-05-28 11:03:34 - [MESSAGE][PASSED] - Modify property of object successfully

2018-05-28 11:03:34 - [TEST_STEP][PASSED] - click: Object: 'Object Repository/lab/Page_Store/input_1' is clicked on

2018-05-28 11:03:35 - [MESSAGE][PASSED] - Object: 'Object Repository/lab/Page_Store/input_1' is clicked on

2018-05-28 11:03:35 - [TEST_STEP][PASSED] - Statement - selectedoptions = com.kms.katalon.core.webui.keyword.WebUiBuiltInKeywords.getNumberOfTotalOption(com.kms.katalon.core.testobject.ObjectRepository.findTestObject(HealthpostToStore/Page_Store/select_--Select--Adernaline 0.)): 19 options of object 'Object Repository/HealthpostToStore/Page_Store/select_--Select--Adernaline 0.' counted

2018-05-28 11:03:35 - [MESSAGE][PASSED] - 19 options of object 'Object Repository/HealthpostToStore/Page_Store/select_--Select--Adernaline 0.' counted

2018-05-28 11:03:35 - [TEST_STEP][PASSED] - Statement - For ([a = 1, a <= selectedoptions - 1, (a++)]): null

2018-05-28 11:03:35 - [TEST_STEP][PASSED] - selectOptionByIndex: All options with index in [1] are selected on object 'Object Repository/HealthpostToStore/Page_Store/select_--Select--Adernaline 0.'

2018-05-28 11:03:35 - [MESSAGE][PASSED] - All options with index in [1] are selected on object 'Object Repository/HealthpostToStore/Page_Store/select_--Select--Adernaline 0.'

2018-05-28 11:03:35 - [TEST_STEP][PASSED] - delay: Delayed 2 second(s)

2018-05-28 11:03:37 - [MESSAGE][PASSED] - Delayed 2 second(s)

2018-05-28 11:03:37 - [TEST_STEP][PASSED] - Statement - RequestedQty = com.kms.katalon.core.webui.keyword.WebUiBuiltInKeywords.getAttribute(com.kms.katalon.core.testobject.ObjectRepository.findTestObject(HealthpostToStore/Page_Store/input_txttotal), "value"): Attribute 'value' of object 'Object Repository/HealthpostToStore/Page_Store/input_txttotal' is: '10'

2018-05-28 11:03:37 - [MESSAGE][PASSED] - Attribute 'value' of object 'Object Repository/HealthpostToStore/Page_Store/input_txttotal' is: '10'

2018-05-28 11:03:37 - [TEST_STEP][PASSED] - Statement - out.println("Requested QTY : " + RequestedQty): null

2018-05-28 11:03:37 - [TEST_STEP][PASSED] - Statement - BatchNumber = com.kms.katalon.core.webui.keyword.WebUiBuiltInKeywords.getNumberOfTotalOption(com.kms.katalon.core.testobject.ObjectRepository.findTestObject(HealthpostToStore/Page_Store/select_--Select--BA1170BA2376B)): 4 options of object 'Object Repository/HealthpostToStore/Page_Store/select_--Select--BA1170BA2376B' counted

2018-05-28 11:03:37 - [MESSAGE][PASSED] - 4 options of object 'Object Repository/HealthpostToStore/Page_Store/select_--Select--BA1170BA2376B' counted

2018-05-28 11:03:37 - [TEST_STEP][PASSED] - Statement - For ([g = 1, g <= BatchNumber - 1, (g++)]): null

2018-05-28 11:03:37 - [TEST_STEP][PASSED] - selectOptionByIndex: All options with index in [1] are selected on object 'Object Repository/HealthpostToStore/Page_Store/select_--Select--BA1170BA2376B'

2018-05-28 11:03:37 - [MESSAGE][PASSED] - All options with index in [1] are selected on object 'Object Repository/HealthpostToStore/Page_Store/select_--Select--BA1170BA2376B'

2018-05-28 11:03:37 - [TEST_STEP][PASSED] - Statement - Try: null

2018-05-28 11:03:37 - [TEST_STEP][PASSED] - Statement - StockQty = com.kms.katalon.core.webui.keyword.WebUiBuiltInKeywords.getAttribute(com.kms.katalon.core.testobject.ObjectRepository.findTestObject(HealthpostToStore/Page_Store/input_txtprice), "value"): Attribute 'value' of object 'Object Repository/HealthpostToStore/Page_Store/input_txtprice' is: '210'

2018-05-28 11:03:37 - [MESSAGE][PASSED] - Attribute 'value' of object 'Object Repository/HealthpostToStore/Page_Store/input_txtprice' is: '210'

2018-05-28 11:03:37 - [TEST_STEP][PASSED] - Statement - out.println("Stock QTY : " + StockQty): null

2018-05-28 11:03:37 - [TEST_STEP][PASSED] - delay: Delayed 2 second(s)

2018-05-28 11:03:39 - [MESSAGE][PASSED] - Delayed 2 second(s)

2018-05-28 11:03:39 - [TEST_STEP][PASSED] - Statement - If (java.lang.String.valueOf(StockQty) >= java.lang.String.valueOf(RequestedQty)): null

2018-05-28 11:03:39 - [TEST_STEP][PASSED] - setText: Text '10' is set on object 'Object Repository/HealthpostToStore/Page_Store/input_txtqty'

2018-05-28 11:03:39 - [MESSAGE][PASSED] - Text '10' is set on object 'Object Repository/HealthpostToStore/Page_Store/input_txtqty'

2018-05-28 11:03:39 - [TEST_STEP][PASSED] - click: Object: 'Object Repository/HealthpostToStore/Page_Store/button_Add' is clicked on

2018-05-28 11:03:39 - [MESSAGE][PASSED] - Object: 'Object Repository/HealthpostToStore/Page_Store/button_Add' is clicked on

2018-05-28 11:03:39 - [TEST_STEP][PASSED] - Statement - Break: null

2018-05-28 11:03:39 - [TEST_STEP][PASSED] - selectOptionByIndex: All options with index in [2] are selected on object 'Object Repository/HealthpostToStore/Page_Store/select_--Select--Adernaline 0.'

2018-05-28 11:03:40 - [MESSAGE][PASSED] - All options with index in [2] are selected on object 'Object Repository/HealthpostToStore/Page_Store/select_--Select--Adernaline 0.'

2018-05-28 11:03:40 - [TEST_STEP][PASSED] - delay: Delayed 2 second(s)

2018-05-28 11:03:42 - [MESSAGE][PASSED] - Delayed 2 second(s)

2018-05-28 11:03:42 - [TEST_STEP][PASSED] - Statement - RequestedQty = com.kms.katalon.core.webui.keyword.WebUiBuiltInKeywords.getAttribute(com.kms.katalon.core.testobject.ObjectRepository.findTestObject(HealthpostToStore/Page_Store/input_txttotal), "value"): Attribute 'value' of object 'Object Repository/HealthpostToStore/Page_Store/input_txttotal' is: '10'

2018-05-28 11:03:42 - [MESSAGE][PASSED] - Attribute 'value' of object 'Object Repository/HealthpostToStore/Page_Store/input_txttotal' is: '10'

2018-05-28 11:03:42 - [TEST_STEP][PASSED] - Statement - out.println("Requested QTY : " + RequestedQty): null

2018-05-28 11:03:42 - [TEST_STEP][PASSED] - Statement - BatchNumber = com.kms.katalon.core.webui.keyword.WebUiBuiltInKeywords.getNumberOfTotalOption(com.kms.katalon.core.testobject.ObjectRepository.findTestObject(HealthpostToStore/Page_Store/select_--Select--BA1170BA2376B)): 4 options of object 'Object Repository/HealthpostToStore/Page_Store/select_--Select--BA1170BA2376B' counted

2018-05-28 11:03:42 - [MESSAGE][PASSED] - 4 options of object 'Object Repository/HealthpostToStore/Page_Store/select_--Select--BA1170BA2376B' counted

2018-05-28 11:03:42 - [TEST_STEP][PASSED] - Statement - For ([g = 1, g <= BatchNumber - 1, (g++)]): null

2018-05-28 11:03:42 - [TEST_STEP][PASSED] - selectOptionByIndex: All options with index in [1] are selected on object 'Object Repository/HealthpostToStore/Page_Store/select_--Select--BA1170BA2376B'

2018-05-28 11:03:42 - [MESSAGE][PASSED] - All options with index in [1] are selected on object 'Object Repository/HealthpostToStore/Page_Store/select_--Select--BA1170BA2376B'

2018-05-28 11:03:42 - [TEST_STEP][PASSED] - Statement - Try: null

2018-05-28 11:03:42 - [TEST_STEP][PASSED] - Statement - StockQty = com.kms.katalon.core.webui.keyword.WebUiBuiltInKeywords.getAttribute(com.kms.katalon.core.testobject.ObjectRepository.findTestObject(HealthpostToStore/Page_Store/input_txtprice), "value"): Attribute 'value' of object 'Object Repository/HealthpostToStore/Page_Store/input_txtprice' is: '110'

2018-05-28 11:03:42 - [MESSAGE][PASSED] - Attribute 'value' of object 'Object Repository/HealthpostToStore/Page_Store/input_txtprice' is: '110'

2018-05-28 11:03:42 - [TEST_STEP][PASSED] - Statement - out.println("Stock QTY : " + StockQty): null

2018-05-28 11:03:42 - [TEST_STEP][PASSED] - delay: Delayed 2 second(s)

2018-05-28 11:03:44 - [MESSAGE][PASSED] - Delayed 2 second(s)

2018-05-28 11:03:44 - [TEST_STEP][PASSED] - Statement - If (java.lang.String.valueOf(StockQty) >= java.lang.String.valueOf(RequestedQty)): null

2018-05-28 11:03:44 - [TEST_STEP][PASSED] - setText: Text '10' is set on object 'Object Repository/HealthpostToStore/Page_Store/input_txtqty'

2018-05-28 11:03:44 - [MESSAGE][PASSED] - Text '10' is set on object 'Object Repository/HealthpostToStore/Page_Store/input_txtqty'

2018-05-28 11:03:44 - [TEST_STEP][PASSED] - click: Object: 'Object Repository/HealthpostToStore/Page_Store/button_Add' is clicked on

2018-05-28 11:03:44 - [MESSAGE][PASSED] - Object: 'Object Repository/HealthpostToStore/Page_Store/button_Add' is clicked on

2018-05-28 11:03:44 - [TEST_STEP][PASSED] - Statement - Break: null

2018-05-28 11:03:44 - [TEST_STEP][PASSED] - selectOptionByIndex: All options with index in [3] are selected on object 'Object Repository/HealthpostToStore/Page_Store/select_--Select--Adernaline 0.'

2018-05-28 11:03:44 - [MESSAGE][PASSED] - All options with index in [3] are selected on object 'Object Repository/HealthpostToStore/Page_Store/select_--Select--Adernaline 0.'

2018-05-28 11:03:44 - [TEST_STEP][PASSED] - delay: Delayed 2 second(s)

2018-05-28 11:03:46 - [MESSAGE][PASSED] - Delayed 2 second(s)

2018-05-28 11:03:46 - [TEST_STEP][PASSED] - Statement - RequestedQty = com.kms.katalon.core.webui.keyword.WebUiBuiltInKeywords.getAttribute(com.kms.katalon.core.testobject.ObjectRepository.findTestObject(HealthpostToStore/Page_Store/input_txttotal), "value"): Attribute 'value' of object 'Object Repository/HealthpostToStore/Page_Store/input_txttotal' is: '10'

2018-05-28 11:03:46 - [MESSAGE][PASSED] - Attribute 'value' of object 'Object Repository/HealthpostToStore/Page_Store/input_txttotal' is: '10'

2018-05-28 11:03:46 - [TEST_STEP][PASSED] - Statement - out.println("Requested QTY : " + RequestedQty): null

2018-05-28 11:03:46 - [TEST_STEP][PASSED] - Statement - BatchNumber = com.kms.katalon.core.webui.keyword.WebUiBuiltInKeywords.getNumberOfTotalOption(com.kms.katalon.core.testobject.ObjectRepository.findTestObject(HealthpostToStore/Page_Store/select_--Select--BA1170BA2376B)): 4 options of object 'Object Repository/HealthpostToStore/Page_Store/select_--Select--BA1170BA2376B' counted

2018-05-28 11:03:46 - [MESSAGE][PASSED] - 4 options of object 'Object Repository/HealthpostToStore/Page_Store/select_--Select--BA1170BA2376B' counted

2018-05-28 11:03:46 - [TEST_STEP][PASSED] - Statement - For ([g = 1, g <= BatchNumber - 1, (g++)]): null

2018-05-28 11:03:46 - [TEST_STEP][PASSED] - selectOptionByIndex: All options with index in [1] are selected on object 'Object Repository/HealthpostToStore/Page_Store/select_--Select--BA1170BA2376B'

2018-05-28 11:03:46 - [MESSAGE][PASSED] - All options with index in [1] are selected on object 'Object Repository/HealthpostToStore/Page_Store/select_--Select--BA1170BA2376B'

2018-05-28 11:03:46 - [TEST_STEP][PASSED] - Statement - Try: null

2018-05-28 11:03:46 - [TEST_STEP][PASSED] - Statement - StockQty = com.kms.katalon.core.webui.keyword.WebUiBuiltInKeywords.getAttribute(com.kms.katalon.core.testobject.ObjectRepository.findTestObject(HealthpostToStore/Page_Store/input_txtprice), "value"): Attribute 'value' of object 'Object Repository/HealthpostToStore/Page_Store/input_txtprice' is: '110'

2018-05-28 11:03:46 - [MESSAGE][PASSED] - Attribute 'value' of object 'Object Repository/HealthpostToStore/Page_Store/input_txtprice' is: '110'

2018-05-28 11:03:46 - [TEST_STEP][PASSED] - Statement - out.println("Stock QTY : " + StockQty): null

2018-05-28 11:03:46 - [TEST_STEP][PASSED] - delay: Delayed 2 second(s)

2018-05-28 11:03:48 - [MESSAGE][PASSED] - Delayed 2 second(s)

2018-05-28 11:03:48 - [TEST_STEP][PASSED] - Statement - If (java.lang.String.valueOf(StockQty) >= java.lang.String.valueOf(RequestedQty)): null

2018-05-28 11:03:48 - [TEST_STEP][PASSED] - setText: Text '10' is set on object 'Object Repository/HealthpostToStore/Page_Store/input_txtqty'

2018-05-28 11:03:48 - [MESSAGE][PASSED] - Text '10' is set on object 'Object Repository/HealthpostToStore/Page_Store/input_txtqty'

2018-05-28 11:03:48 - [TEST_STEP][PASSED] - click: Object: 'Object Repository/HealthpostToStore/Page_Store/button_Add' is clicked on

2018-05-28 11:03:49 - [MESSAGE][PASSED] - Object: 'Object Repository/HealthpostToStore/Page_Store/button_Add' is clicked on

2018-05-28 11:03:49 - [TEST_STEP][PASSED] - Statement - Break: null

2018-05-28 11:03:49 - [TEST_STEP][PASSED] - selectOptionByIndex: All options with index in [4] are selected on object 'Object Repository/HealthpostToStore/Page_Store/select_--Select--Adernaline 0.'

2018-05-28 11:03:49 - [MESSAGE][PASSED] - All options with index in [4] are selected on object 'Object Repository/HealthpostToStore/Page_Store/select_--Select--Adernaline 0.'

2018-05-28 11:03:49 - [TEST_STEP][PASSED] - delay: Delayed 2 second(s)

2018-05-28 11:03:51 - [MESSAGE][PASSED] - Delayed 2 second(s)

2018-05-28 11:03:51 - [TEST_STEP][PASSED] - Statement - RequestedQty = com.kms.katalon.core.webui.keyword.WebUiBuiltInKeywords.getAttribute(com.kms.katalon.core.testobject.ObjectRepository.findTestObject(HealthpostToStore/Page_Store/input_txttotal), "value"): Attribute 'value' of object 'Object Repository/HealthpostToStore/Page_Store/input_txttotal' is: '10'

2018-05-28 11:03:51 - [MESSAGE][PASSED] - Attribute 'value' of object 'Object Repository/HealthpostToStore/Page_Store/input_txttotal' is: '10'

2018-05-28 11:03:51 - [TEST_STEP][PASSED] - Statement - out.println("Requested QTY : " + RequestedQty): null

2018-05-28 11:03:51 - [TEST_STEP][PASSED] - Statement - BatchNumber = com.kms.katalon.core.webui.keyword.WebUiBuiltInKeywords.getNumberOfTotalOption(com.kms.katalon.core.testobject.ObjectRepository.findTestObject(HealthpostToStore/Page_Store/select_--Select--BA1170BA2376B)): 3 options of object 'Object Repository/HealthpostToStore/Page_Store/select_--Select--BA1170BA2376B' counted

2018-05-28 11:03:51 - [MESSAGE][PASSED] - 3 options of object 'Object Repository/HealthpostToStore/Page_Store/select_--Select--BA1170BA2376B' counted

2018-05-28 11:03:51 - [TEST_STEP][PASSED] - Statement - For ([g = 1, g <= BatchNumber - 1, (g++)]): null

2018-05-28 11:03:51 - [TEST_STEP][PASSED] - selectOptionByIndex: All options with index in [1] are selected on object 'Object Repository/HealthpostToStore/Page_Store/select_--Select--BA1170BA2376B'

2018-05-28 11:03:51 - [MESSAGE][PASSED] - All options with index in [1] are selected on object 'Object Repository/HealthpostToStore/Page_Store/select_--Select--BA1170BA2376B'

2018-05-28 11:03:51 - [TEST_STEP][PASSED] - Statement - Try: null

2018-05-28 11:03:51 - [TEST_STEP][PASSED] - Statement - StockQty = com.kms.katalon.core.webui.keyword.WebUiBuiltInKeywords.getAttribute(com.kms.katalon.core.testobject.ObjectRepository.findTestObject(HealthpostToStore/Page_Store/input_txtprice), "value"): Attribute 'value' of object 'Object Repository/HealthpostToStore/Page_Store/input_txtprice' is: '210'

2018-05-28 11:03:51 - [MESSAGE][PASSED] - Attribute 'value' of object 'Object Repository/HealthpostToStore/Page_Store/input_txtprice' is: '210'

2018-05-28 11:03:51 - [TEST_STEP][PASSED] - Statement - out.println("Stock QTY : " + StockQty): null

2018-05-28 11:03:51 - [TEST_STEP][PASSED] - delay: Delayed 2 second(s)

2018-05-28 11:03:53 - [MESSAGE][PASSED] - Delayed 2 second(s)

2018-05-28 11:03:53 - [TEST_STEP][PASSED] - Statement - If (java.lang.String.valueOf(StockQty) >= java.lang.String.valueOf(RequestedQty)): null

2018-05-28 11:03:53 - [TEST_STEP][PASSED] - setText: Text '10' is set on object 'Object Repository/HealthpostToStore/Page_Store/input_txtqty'

2018-05-28 11:03:53 - [MESSAGE][PASSED] - Text '10' is set on object 'Object Repository/HealthpostToStore/Page_Store/input_txtqty'

2018-05-28 11:03:53 - [TEST_STEP][PASSED] - click: Object: 'Object Repository/HealthpostToStore/Page_Store/button_Add' is clicked on

2018-05-28 11:03:53 - [MESSAGE][PASSED] - Object: 'Object Repository/HealthpostToStore/Page_Store/button_Add' is clicked on

2018-05-28 11:03:53 - [TEST_STEP][PASSED] - Statement - Break: null

2018-05-28 11:03:53 - [TEST_STEP][PASSED] - selectOptionByIndex: All options with index in [5] are selected on object 'Object Repository/HealthpostToStore/Page_Store/select_--Select--Adernaline 0.'

2018-05-28 11:03:53 - [MESSAGE][PASSED] - All options with index in [5] are selected on object 'Object Repository/HealthpostToStore/Page_Store/select_--Select--Adernaline 0.'

2018-05-28 11:03:53 - [TEST_STEP][PASSED] - delay: Delayed 2 second(s)

2018-05-28 11:03:55 - [MESSAGE][PASSED] - Delayed 2 second(s)

2018-05-28 11:03:55 - [TEST_STEP][PASSED] - Statement - RequestedQty = com.kms.katalon.core.webui.keyword.WebUiBuiltInKeywords.getAttribute(com.kms.katalon.core.testobject.ObjectRepository.findTestObject(HealthpostToStore/Page_Store/input_txttotal), "value"): Attribute 'value' of object 'Object Repository/HealthpostToStore/Page_Store/input_txttotal' is: '10'

2018-05-28 11:03:55 - [MESSAGE][PASSED] - Attribute 'value' of object 'Object Repository/HealthpostToStore/Page_Store/input_txttotal' is: '10'

2018-05-28 11:03:55 - [TEST_STEP][PASSED] - Statement - out.println("Requested QTY : " + RequestedQty): null

2018-05-28 11:03:55 - [TEST_STEP][PASSED] - Statement - BatchNumber = com.kms.katalon.core.webui.keyword.WebUiBuiltInKeywords.getNumberOfTotalOption(com.kms.katalon.core.testobject.ObjectRepository.findTestObject(HealthpostToStore/Page_Store/select_--Select--BA1170BA2376B)): 3 options of object 'Object Repository/HealthpostToStore/Page_Store/select_--Select--BA1170BA2376B' counted

2018-05-28 11:03:55 - [MESSAGE][PASSED] - 3 options of object 'Object Repository/HealthpostToStore/Page_Store/select_--Select--BA1170BA2376B' counted

2018-05-28 11:03:55 - [TEST_STEP][PASSED] - Statement - For ([g = 1, g <= BatchNumber - 1, (g++)]): null

2018-05-28 11:03:55 - [TEST_STEP][PASSED] - selectOptionByIndex: All options with index in [1] are selected on object 'Object Repository/HealthpostToStore/Page_Store/select_--Select--BA1170BA2376B'

2018-05-28 11:03:55 - [MESSAGE][PASSED] - All options with index in [1] are selected on object 'Object Repository/HealthpostToStore/Page_Store/select_--Select--BA1170BA2376B'

2018-05-28 11:03:55 - [TEST_STEP][PASSED] - Statement - Try: null

2018-05-28 11:03:55 - [TEST_STEP][PASSED] - Statement - StockQty = com.kms.katalon.core.webui.keyword.WebUiBuiltInKeywords.getAttribute(com.kms.katalon.core.testobject.ObjectRepository.findTestObject(HealthpostToStore/Page_Store/input_txtprice), "value"): Attribute 'value' of object 'Object Repository/HealthpostToStore/Page_Store/input_txtprice' is: '1080'

2018-05-28 11:03:55 - [MESSAGE][PASSED] - Attribute 'value' of object 'Object Repository/HealthpostToStore/Page_Store/input_txtprice' is: '1080'

2018-05-28 11:03:55 - [TEST_STEP][PASSED] - Statement - out.println("Stock QTY : " + StockQty): null

2018-05-28 11:03:55 - [TEST_STEP][PASSED] - delay: Delayed 2 second(s)

2018-05-28 11:03:57 - [MESSAGE][PASSED] - Delayed 2 second(s)

2018-05-28 11:03:57 - [TEST_STEP][PASSED] - Statement - If (java.lang.String.valueOf(StockQty) >= java.lang.String.valueOf(RequestedQty)): null

2018-05-28 11:03:57 - [TEST_STEP][PASSED] - setText: Text '10' is set on object 'Object Repository/HealthpostToStore/Page_Store/input_txtqty'

2018-05-28 11:03:58 - [MESSAGE][PASSED] - Text '10' is set on object 'Object Repository/HealthpostToStore/Page_Store/input_txtqty'

2018-05-28 11:03:58 - [TEST_STEP][PASSED] - click: Object: 'Object Repository/HealthpostToStore/Page_Store/button_Add' is clicked on

2018-05-28 11:03:58 - [MESSAGE][PASSED] - Object: 'Object Repository/HealthpostToStore/Page_Store/button_Add' is clicked on

2018-05-28 11:03:58 - [TEST_STEP][PASSED] - Statement - Break: null

2018-05-28 11:03:58 - [TEST_STEP][PASSED] - selectOptionByIndex: All options with index in [6] are selected on object 'Object Repository/HealthpostToStore/Page_Store/select_--Select--Adernaline 0.'

2018-05-28 11:03:58 - [MESSAGE][PASSED] - All options with index in [6] are selected on object 'Object Repository/HealthpostToStore/Page_Store/select_--Select--Adernaline 0.'

2018-05-28 11:03:58 - [TEST_STEP][PASSED] - delay: Delayed 2 second(s)

2018-05-28 11:04:00 - [MESSAGE][PASSED] - Delayed 2 second(s)

2018-05-28 11:04:00 - [TEST_STEP][PASSED] - Statement - RequestedQty = com.kms.katalon.core.webui.keyword.WebUiBuiltInKeywords.getAttribute(com.kms.katalon.core.testobject.ObjectRepository.findTestObject(HealthpostToStore/Page_Store/input_txttotal), "value"): Attribute 'value' of object 'Object Repository/HealthpostToStore/Page_Store/input_txttotal' is: '10'

2018-05-28 11:04:00 - [MESSAGE][PASSED] - Attribute 'value' of object 'Object Repository/HealthpostToStore/Page_Store/input_txttotal' is: '10'

2018-05-28 11:04:00 - [TEST_STEP][PASSED] - Statement - out.println("Requested QTY : " + RequestedQty): null

2018-05-28 11:04:00 - [TEST_STEP][PASSED] - Statement - BatchNumber = com.kms.katalon.core.webui.keyword.WebUiBuiltInKeywords.getNumberOfTotalOption(com.kms.katalon.core.testobject.ObjectRepository.findTestObject(HealthpostToStore/Page_Store/select_--Select--BA1170BA2376B)): 3 options of object 'Object Repository/HealthpostToStore/Page_Store/select_--Select--BA1170BA2376B' counted

2018-05-28 11:04:00 - [MESSAGE][PASSED] - 3 options of object 'Object Repository/HealthpostToStore/Page_Store/select_--Select--BA1170BA2376B' counted

2018-05-28 11:04:00 - [TEST_STEP][PASSED] - Statement - For ([g = 1, g <= BatchNumber - 1, (g++)]): null

2018-05-28 11:04:00 - [TEST_STEP][PASSED] - selectOptionByIndex: All options with index in [1] are selected on object 'Object Repository/HealthpostToStore/Page_Store/select_--Select--BA1170BA2376B'

2018-05-28 11:04:00 - [MESSAGE][PASSED] - All options with index in [1] are selected on object 'Object Repository/HealthpostToStore/Page_Store/select_--Select--BA1170BA2376B'

2018-05-28 11:04:00 - [TEST_STEP][PASSED] - Statement - Try: null

2018-05-28 11:04:00 - [TEST_STEP][PASSED] - Statement - StockQty = com.kms.katalon.core.webui.keyword.WebUiBuiltInKeywords.getAttribute(com.kms.katalon.core.testobject.ObjectRepository.findTestObject(HealthpostToStore/Page_Store/input_txtprice), "value"): Attribute 'value' of object 'Object Repository/HealthpostToStore/Page_Store/input_txtprice' is: '1000'

2018-05-28 11:04:00 - [MESSAGE][PASSED] - Attribute 'value' of object 'Object Repository/HealthpostToStore/Page_Store/input_txtprice' is: '1000'

2018-05-28 11:04:00 - [TEST_STEP][PASSED] - Statement - out.println("Stock QTY : " + StockQty): null

2018-05-28 11:04:00 - [TEST_STEP][PASSED] - delay: Delayed 2 second(s)

2018-05-28 11:04:02 - [MESSAGE][PASSED] - Delayed 2 second(s)

2018-05-28 11:04:02 - [TEST_STEP][PASSED] - Statement - If (java.lang.String.valueOf(StockQty) >= java.lang.String.valueOf(RequestedQty)): null

2018-05-28 11:04:02 - [TEST_STEP][PASSED] - setText: Text '10' is set on object 'Object Repository/HealthpostToStore/Page_Store/input_txtqty'

2018-05-28 11:04:02 - [MESSAGE][PASSED] - Text '10' is set on object 'Object Repository/HealthpostToStore/Page_Store/input_txtqty'

2018-05-28 11:04:02 - [TEST_STEP][PASSED] - click: Object: 'Object Repository/HealthpostToStore/Page_Store/button_Add' is clicked on

2018-05-28 11:04:02 - [MESSAGE][PASSED] - Object: 'Object Repository/HealthpostToStore/Page_Store/button_Add' is clicked on

2018-05-28 11:04:02 - [TEST_STEP][PASSED] - Statement - Break: null

2018-05-28 11:04:02 - [TEST_STEP][PASSED] - selectOptionByIndex: All options with index in [7] are selected on object 'Object Repository/HealthpostToStore/Page_Store/select_--Select--Adernaline 0.'

2018-05-28 11:04:02 - [MESSAGE][PASSED] - All options with index in [7] are selected on object 'Object Repository/HealthpostToStore/Page_Store/select_--Select--Adernaline 0.'

2018-05-28 11:04:02 - [TEST_STEP][PASSED] - delay: Delayed 2 second(s)

2018-05-28 11:04:04 - [MESSAGE][PASSED] - Delayed 2 second(s)

2018-05-28 11:04:04 - [TEST_STEP][PASSED] - Statement - RequestedQty = com.kms.katalon.core.webui.keyword.WebUiBuiltInKeywords.getAttribute(com.kms.katalon.core.testobject.ObjectRepository.findTestObject(HealthpostToStore/Page_Store/input_txttotal), "value"): Attribute 'value' of object 'Object Repository/HealthpostToStore/Page_Store/input_txttotal' is: '10'

2018-05-28 11:04:04 - [MESSAGE][PASSED] - Attribute 'value' of object 'Object Repository/HealthpostToStore/Page_Store/input_txttotal' is: '10'

2018-05-28 11:04:04 - [TEST_STEP][PASSED] - Statement - out.println("Requested QTY : " + RequestedQty): null

2018-05-28 11:04:04 - [TEST_STEP][PASSED] - Statement - BatchNumber = com.kms.katalon.core.webui.keyword.WebUiBuiltInKeywords.getNumberOfTotalOption(com.kms.katalon.core.testobject.ObjectRepository.findTestObject(HealthpostToStore/Page_Store/select_--Select--BA1170BA2376B)): 3 options of object 'Object Repository/HealthpostToStore/Page_Store/select_--Select--BA1170BA2376B' counted

2018-05-28 11:04:04 - [MESSAGE][PASSED] - 3 options of object 'Object Repository/HealthpostToStore/Page_Store/select_--Select--BA1170BA2376B' counted

2018-05-28 11:04:04 - [TEST_STEP][PASSED] - Statement - For ([g = 1, g <= BatchNumber - 1, (g++)]): null

2018-05-28 11:04:04 - [TEST_STEP][PASSED] - selectOptionByIndex: All options with index in [1] are selected on object 'Object Repository/HealthpostToStore/Page_Store/select_--Select--BA1170BA2376B'

2018-05-28 11:04:05 - [MESSAGE][PASSED] - All options with index in [1] are selected on object 'Object Repository/HealthpostToStore/Page_Store/select_--Select--BA1170BA2376B'

2018-05-28 11:04:05 - [TEST_STEP][PASSED] - Statement - Try: null

2018-05-28 11:04:05 - [TEST_STEP][PASSED] - Statement - StockQty = com.kms.katalon.core.webui.keyword.WebUiBuiltInKeywords.getAttribute(com.kms.katalon.core.testobject.ObjectRepository.findTestObject(HealthpostToStore/Page_Store/input_txtprice), "value"): Attribute 'value' of object 'Object Repository/HealthpostToStore/Page_Store/input_txtprice' is: '148'

2018-05-28 11:04:05 - [MESSAGE][PASSED] - Attribute 'value' of object 'Object Repository/HealthpostToStore/Page_Store/input_txtprice' is: '148'

2018-05-28 11:04:05 - [TEST_STEP][PASSED] - Statement - out.println("Stock QTY : " + StockQty): null

2018-05-28 11:04:05 - [TEST_STEP][PASSED] - delay: Delayed 2 second(s)

2018-05-28 11:04:07 - [MESSAGE][PASSED] - Delayed 2 second(s)

2018-05-28 11:04:07 - [TEST_STEP][PASSED] - Statement - If (java.lang.String.valueOf(StockQty) >= java.lang.String.valueOf(RequestedQty)): null

2018-05-28 11:04:07 - [TEST_STEP][PASSED] - setText: Text '10' is set on object 'Object Repository/HealthpostToStore/Page_Store/input_txtqty'

2018-05-28 11:04:07 - [MESSAGE][PASSED] - Text '10' is set on object 'Object Repository/HealthpostToStore/Page_Store/input_txtqty'

2018-05-28 11:04:07 - [TEST_STEP][PASSED] - click: Object: 'Object Repository/HealthpostToStore/Page_Store/button_Add' is clicked on

2018-05-28 11:04:07 - [MESSAGE][PASSED] - Object: 'Object Repository/HealthpostToStore/Page_Store/button_Add' is clicked on

2018-05-28 11:04:07 - [TEST_STEP][PASSED] - Statement - Break: null

2018-05-28 11:04:07 - [TEST_STEP][PASSED] - selectOptionByIndex: All options with index in [8] are selected on object 'Object Repository/HealthpostToStore/Page_Store/select_--Select--Adernaline 0.'

2018-05-28 11:04:07 - [MESSAGE][PASSED] - All options with index in [8] are selected on object 'Object Repository/HealthpostToStore/Page_Store/select_--Select--Adernaline 0.'

2018-05-28 11:04:07 - [TEST_STEP][PASSED] - delay: Delayed 2 second(s)

2018-05-28 11:04:09 - [MESSAGE][PASSED] - Delayed 2 second(s)

2018-05-28 11:04:09 - [TEST_STEP][PASSED] - Statement - RequestedQty = com.kms.katalon.core.webui.keyword.WebUiBuiltInKeywords.getAttribute(com.kms.katalon.core.testobject.ObjectRepository.findTestObject(HealthpostToStore/Page_Store/input_txttotal), "value"): Attribute 'value' of object 'Object Repository/HealthpostToStore/Page_Store/input_txttotal' is: '10'

2018-05-28 11:04:09 - [MESSAGE][PASSED] - Attribute 'value' of object 'Object Repository/HealthpostToStore/Page_Store/input_txttotal' is: '10'

2018-05-28 11:04:09 - [TEST_STEP][PASSED] - Statement - out.println("Requested QTY : " + RequestedQty): null

2018-05-28 11:04:09 - [TEST_STEP][PASSED] - Statement - BatchNumber = com.kms.katalon.core.webui.keyword.WebUiBuiltInKeywords.getNumberOfTotalOption(com.kms.katalon.core.testobject.ObjectRepository.findTestObject(HealthpostToStore/Page_Store/select_--Select--BA1170BA2376B)): 3 options of object 'Object Repository/HealthpostToStore/Page_Store/select_--Select--BA1170BA2376B' counted

2018-05-28 11:04:09 - [MESSAGE][PASSED] - 3 options of object 'Object Repository/HealthpostToStore/Page_Store/select_--Select--BA1170BA2376B' counted

2018-05-28 11:04:09 - [TEST_STEP][PASSED] - Statement - For ([g = 1, g <= BatchNumber - 1, (g++)]): null

2018-05-28 11:04:09 - [TEST_STEP][PASSED] - selectOptionByIndex: All options with index in [1] are selected on object 'Object Repository/HealthpostToStore/Page_Store/select_--Select--BA1170BA2376B'

2018-05-28 11:04:09 - [MESSAGE][PASSED] - All options with index in [1] are selected on object 'Object Repository/HealthpostToStore/Page_Store/select_--Select--BA1170BA2376B'

2018-05-28 11:04:09 - [TEST_STEP][PASSED] - Statement - Try: null

2018-05-28 11:04:09 - [TEST_STEP][PASSED] - Statement - StockQty = com.kms.katalon.core.webui.keyword.WebUiBuiltInKeywords.getAttribute(com.kms.katalon.core.testobject.ObjectRepository.findTestObject(HealthpostToStore/Page_Store/input_txtprice), "value"): Attribute 'value' of object 'Object Repository/HealthpostToStore/Page_Store/input_txtprice' is: '230'

2018-05-28 11:04:09 - [MESSAGE][PASSED] - Attribute 'value' of object 'Object Repository/HealthpostToStore/Page_Store/input_txtprice' is: '230'

2018-05-28 11:04:09 - [TEST_STEP][PASSED] - Statement - out.println("Stock QTY : " + StockQty): null

2018-05-28 11:04:09 - [TEST_STEP][PASSED] - delay: Delayed 2 second(s)

2018-05-28 11:04:11 - [MESSAGE][PASSED] - Delayed 2 second(s)

2018-05-28 11:04:11 - [TEST_STEP][PASSED] - Statement - If (java.lang.String.valueOf(StockQty) >= java.lang.String.valueOf(RequestedQty)): null

2018-05-28 11:04:11 - [TEST_STEP][PASSED] - setText: Text '10' is set on object 'Object Repository/HealthpostToStore/Page_Store/input_txtqty'

2018-05-28 11:04:11 - [MESSAGE][PASSED] - Text '10' is set on object 'Object Repository/HealthpostToStore/Page_Store/input_txtqty'

2018-05-28 11:04:11 - [TEST_STEP][PASSED] - click: Object: 'Object Repository/HealthpostToStore/Page_Store/button_Add' is clicked on

2018-05-28 11:04:11 - [MESSAGE][PASSED] - Object: 'Object Repository/HealthpostToStore/Page_Store/button_Add' is clicked on

2018-05-28 11:04:11 - [TEST_STEP][PASSED] - Statement - Break: null

2018-05-28 11:04:11 - [TEST_STEP][PASSED] - selectOptionByIndex: All options with index in [9] are selected on object 'Object Repository/HealthpostToStore/Page_Store/select_--Select--Adernaline 0.'

2018-05-28 11:04:12 - [MESSAGE][PASSED] - All options with index in [9] are selected on object 'Object Repository/HealthpostToStore/Page_Store/select_--Select--Adernaline 0.'

2018-05-28 11:04:12 - [TEST_STEP][PASSED] - delay: Delayed 2 second(s)

2018-05-28 11:04:14 - [MESSAGE][PASSED] - Delayed 2 second(s)

2018-05-28 11:04:14 - [TEST_STEP][PASSED] - Statement - RequestedQty = com.kms.katalon.core.webui.keyword.WebUiBuiltInKeywords.getAttribute(com.kms.katalon.core.testobject.ObjectRepository.findTestObject(HealthpostToStore/Page_Store/input_txttotal), "value"): Attribute 'value' of object 'Object Repository/HealthpostToStore/Page_Store/input_txttotal' is: '10'

2018-05-28 11:04:14 - [MESSAGE][PASSED] - Attribute 'value' of object 'Object Repository/HealthpostToStore/Page_Store/input_txttotal' is: '10'

2018-05-28 11:04:14 - [TEST_STEP][PASSED] - Statement - out.println("Requested QTY : " + RequestedQty): null

2018-05-28 11:04:14 - [TEST_STEP][PASSED] - Statement - BatchNumber = com.kms.katalon.core.webui.keyword.WebUiBuiltInKeywords.getNumberOfTotalOption(com.kms.katalon.core.testobject.ObjectRepository.findTestObject(HealthpostToStore/Page_Store/select_--Select--BA1170BA2376B)): 4 options of object 'Object Repository/HealthpostToStore/Page_Store/select_--Select--BA1170BA2376B' counted

2018-05-28 11:04:14 - [MESSAGE][PASSED] - 4 options of object 'Object Repository/HealthpostToStore/Page_Store/select_--Select--BA1170BA2376B' counted

2018-05-28 11:04:14 - [TEST_STEP][PASSED] - Statement - For ([g = 1, g <= BatchNumber - 1, (g++)]): null

2018-05-28 11:04:14 - [TEST_STEP][PASSED] - selectOptionByIndex: All options with index in [1] are selected on object 'Object Repository/HealthpostToStore/Page_Store/select_--Select--BA1170BA2376B'

2018-05-28 11:04:14 - [MESSAGE][PASSED] - All options with index in [1] are selected on object 'Object Repository/HealthpostToStore/Page_Store/select_--Select--BA1170BA2376B'

2018-05-28 11:04:14 - [TEST_STEP][PASSED] - Statement - Try: null

2018-05-28 11:04:14 - [TEST_STEP][PASSED] - Statement - StockQty = com.kms.katalon.core.webui.keyword.WebUiBuiltInKeywords.getAttribute(com.kms.katalon.core.testobject.ObjectRepository.findTestObject(HealthpostToStore/Page_Store/input_txtprice), "value"): Attribute 'value' of object 'Object Repository/HealthpostToStore/Page_Store/input_txtprice' is: '66'

2018-05-28 11:04:14 - [MESSAGE][PASSED] - Attribute 'value' of object 'Object Repository/HealthpostToStore/Page_Store/input_txtprice' is: '66'

2018-05-28 11:04:14 - [TEST_STEP][PASSED] - Statement - out.println("Stock QTY : " + StockQty): null

2018-05-28 11:04:14 - [TEST_STEP][PASSED] - delay: Delayed 2 second(s)

2018-05-28 11:04:16 - [MESSAGE][PASSED] - Delayed 2 second(s)

2018-05-28 11:04:16 - [TEST_STEP][PASSED] - Statement - If (java.lang.String.valueOf(StockQty) >= java.lang.String.valueOf(RequestedQty)): null

2018-05-28 11:04:16 - [TEST_STEP][PASSED] - setText: Text '10' is set on object 'Object Repository/HealthpostToStore/Page_Store/input_txtqty'

2018-05-28 11:04:16 - [MESSAGE][PASSED] - Text '10' is set on object 'Object Repository/HealthpostToStore/Page_Store/input_txtqty'

2018-05-28 11:04:16 - [TEST_STEP][PASSED] - click: Object: 'Object Repository/HealthpostToStore/Page_Store/button_Add' is clicked on

2018-05-28 11:04:16 - [MESSAGE][PASSED] - Object: 'Object Repository/HealthpostToStore/Page_Store/button_Add' is clicked on

2018-05-28 11:04:16 - [TEST_STEP][PASSED] - Statement - Break: null

2018-05-28 11:04:16 - [TEST_STEP][PASSED] - selectOptionByIndex: All options with index in [10] are selected on object 'Object Repository/HealthpostToStore/Page_Store/select_--Select--Adernaline 0.'

2018-05-28 11:04:16 - [MESSAGE][PASSED] - All options with index in [10] are selected on object 'Object Repository/HealthpostToStore/Page_Store/select_--Select--Adernaline 0.'

2018-05-28 11:04:16 - [TEST_STEP][PASSED] - delay: Delayed 2 second(s)

2018-05-28 11:04:18 - [MESSAGE][PASSED] - Delayed 2 second(s)

2018-05-28 11:04:18 - [TEST_STEP][PASSED] - Statement - RequestedQty = com.kms.katalon.core.webui.keyword.WebUiBuiltInKeywords.getAttribute(com.kms.katalon.core.testobject.ObjectRepository.findTestObject(HealthpostToStore/Page_Store/input_txttotal), "value"): Attribute 'value' of object 'Object Repository/HealthpostToStore/Page_Store/input_txttotal' is: '10'

2018-05-28 11:04:18 - [MESSAGE][PASSED] - Attribute 'value' of object 'Object Repository/HealthpostToStore/Page_Store/input_txttotal' is: '10'

2018-05-28 11:04:18 - [TEST_STEP][PASSED] - Statement - out.println("Requested QTY : " + RequestedQty): null

2018-05-28 11:04:18 - [TEST_STEP][PASSED] - Statement - BatchNumber = com.kms.katalon.core.webui.keyword.WebUiBuiltInKeywords.getNumberOfTotalOption(com.kms.katalon.core.testobject.ObjectRepository.findTestObject(HealthpostToStore/Page_Store/select_--Select--BA1170BA2376B)): 3 options of object 'Object Repository/HealthpostToStore/Page_Store/select_--Select--BA1170BA2376B' counted

2018-05-28 11:04:18 - [MESSAGE][PASSED] - 3 options of object 'Object Repository/HealthpostToStore/Page_Store/select_--Select--BA1170BA2376B' counted

2018-05-28 11:04:18 - [TEST_STEP][PASSED] - Statement - For ([g = 1, g <= BatchNumber - 1, (g++)]): null

2018-05-28 11:04:18 - [TEST_STEP][PASSED] - selectOptionByIndex: All options with index in [1] are selected on object 'Object Repository/HealthpostToStore/Page_Store/select_--Select--BA1170BA2376B'

2018-05-28 11:04:18 - [MESSAGE][PASSED] - All options with index in [1] are selected on object 'Object Repository/HealthpostToStore/Page_Store/select_--Select--BA1170BA2376B'

2018-05-28 11:04:18 - [TEST_STEP][PASSED] - Statement - Try: null

2018-05-28 11:04:18 - [TEST_STEP][PASSED] - Statement - StockQty = com.kms.katalon.core.webui.keyword.WebUiBuiltInKeywords.getAttribute(com.kms.katalon.core.testobject.ObjectRepository.findTestObject(HealthpostToStore/Page_Store/input_txtprice), "value"): Attribute 'value' of object 'Object Repository/HealthpostToStore/Page_Store/input_txtprice' is: '220'

2018-05-28 11:04:19 - [MESSAGE][PASSED] - Attribute 'value' of object 'Object Repository/HealthpostToStore/Page_Store/input_txtprice' is: '220'

2018-05-28 11:04:19 - [TEST_STEP][PASSED] - Statement - out.println("Stock QTY : " + StockQty): null

2018-05-28 11:04:19 - [TEST_STEP][PASSED] - delay: Delayed 2 second(s)

2018-05-28 11:04:21 - [MESSAGE][PASSED] - Delayed 2 second(s)

2018-05-28 11:04:21 - [TEST_STEP][PASSED] - Statement - If (java.lang.String.valueOf(StockQty) >= java.lang.String.valueOf(RequestedQty)): null

2018-05-28 11:04:21 - [TEST_STEP][PASSED] - setText: Text '10' is set on object 'Object Repository/HealthpostToStore/Page_Store/input_txtqty'

2018-05-28 11:04:21 - [MESSAGE][PASSED] - Text '10' is set on object 'Object Repository/HealthpostToStore/Page_Store/input_txtqty'

2018-05-28 11:04:21 - [TEST_STEP][PASSED] - click: Object: 'Object Repository/HealthpostToStore/Page_Store/button_Add' is clicked on

2018-05-28 11:04:21 - [MESSAGE][PASSED] - Object: 'Object Repository/HealthpostToStore/Page_Store/button_Add' is clicked on

2018-05-28 11:04:21 - [TEST_STEP][PASSED] - Statement - Break: null

2018-05-28 11:04:21 - [TEST_STEP][PASSED] - selectOptionByIndex: All options with index in [11] are selected on object 'Object Repository/HealthpostToStore/Page_Store/select_--Select--Adernaline 0.'

2018-05-28 11:04:21 - [MESSAGE][PASSED] - All options with index in [11] are selected on object 'Object Repository/HealthpostToStore/Page_Store/select_--Select--Adernaline 0.'

2018-05-28 11:04:21 - [TEST_STEP][PASSED] - delay: Delayed 2 second(s)

2018-05-28 11:04:23 - [MESSAGE][PASSED] - Delayed 2 second(s)

2018-05-28 11:04:23 - [TEST_STEP][PASSED] - Statement - RequestedQty = com.kms.katalon.core.webui.keyword.WebUiBuiltInKeywords.getAttribute(com.kms.katalon.core.testobject.ObjectRepository.findTestObject(HealthpostToStore/Page_Store/input_txttotal), "value"): Attribute 'value' of object 'Object Repository/HealthpostToStore/Page_Store/input_txttotal' is: '10'

2018-05-28 11:04:23 - [MESSAGE][PASSED] - Attribute 'value' of object 'Object Repository/HealthpostToStore/Page_Store/input_txttotal' is: '10'

2018-05-28 11:04:23 - [TEST_STEP][PASSED] - Statement - out.println("Requested QTY : " + RequestedQty): null

2018-05-28 11:04:23 - [TEST_STEP][PASSED] - Statement - BatchNumber = com.kms.katalon.core.webui.keyword.WebUiBuiltInKeywords.getNumberOfTotalOption(com.kms.katalon.core.testobject.ObjectRepository.findTestObject(HealthpostToStore/Page_Store/select_--Select--BA1170BA2376B)): 4 options of object 'Object Repository/HealthpostToStore/Page_Store/select_--Select--BA1170BA2376B' counted

2018-05-28 11:04:23 - [MESSAGE][PASSED] - 4 options of object 'Object Repository/HealthpostToStore/Page_Store/select_--Select--BA1170BA2376B' counted

2018-05-28 11:04:23 - [TEST_STEP][PASSED] - Statement - For ([g = 1, g <= BatchNumber - 1, (g++)]): null

2018-05-28 11:04:23 - [TEST_STEP][PASSED] - selectOptionByIndex: All options with index in [1] are selected on object 'Object Repository/HealthpostToStore/Page_Store/select_--Select--BA1170BA2376B'

2018-05-28 11:04:23 - [MESSAGE][PASSED] - All options with index in [1] are selected on object 'Object Repository/HealthpostToStore/Page_Store/select_--Select--BA1170BA2376B'

2018-05-28 11:04:23 - [TEST_STEP][PASSED] - Statement - Try: null

2018-05-28 11:04:23 - [TEST_STEP][PASSED] - Statement - StockQty = com.kms.katalon.core.webui.keyword.WebUiBuiltInKeywords.getAttribute(com.kms.katalon.core.testobject.ObjectRepository.findTestObject(HealthpostToStore/Page_Store/input_txtprice), "value"): Attribute 'value' of object 'Object Repository/HealthpostToStore/Page_Store/input_txtprice' is: '48'

2018-05-28 11:04:23 - [MESSAGE][PASSED] - Attribute 'value' of object 'Object Repository/HealthpostToStore/Page_Store/input_txtprice' is: '48'

2018-05-28 11:04:23 - [TEST_STEP][PASSED] - Statement - out.println("Stock QTY : " + StockQty): null

2018-05-28 11:04:23 - [TEST_STEP][PASSED] - delay: Delayed 2 second(s)

2018-05-28 11:04:25 - [MESSAGE][PASSED] - Delayed 2 second(s)

2018-05-28 11:04:25 - [TEST_STEP][PASSED] - Statement - If (java.lang.String.valueOf(StockQty) >= java.lang.String.valueOf(RequestedQty)): null

2018-05-28 11:04:25 - [TEST_STEP][PASSED] - setText: Text '10' is set on object 'Object Repository/HealthpostToStore/Page_Store/input_txtqty'

2018-05-28 11:04:25 - [MESSAGE][PASSED] - Text '10' is set on object 'Object Repository/HealthpostToStore/Page_Store/input_txtqty'

2018-05-28 11:04:25 - [TEST_STEP][PASSED] - click: Object: 'Object Repository/HealthpostToStore/Page_Store/button_Add' is clicked on

2018-05-28 11:04:25 - [MESSAGE][PASSED] - Object: 'Object Repository/HealthpostToStore/Page_Store/button_Add' is clicked on

2018-05-28 11:04:25 - [TEST_STEP][PASSED] - Statement - Break: null

2018-05-28 11:04:25 - [TEST_STEP][PASSED] - selectOptionByIndex: All options with index in [12] are selected on object 'Object Repository/HealthpostToStore/Page_Store/select_--Select--Adernaline 0.'

2018-05-28 11:04:26 - [MESSAGE][PASSED] - All options with index in [12] are selected on object 'Object Repository/HealthpostToStore/Page_Store/select_--Select--Adernaline 0.'

2018-05-28 11:04:26 - [TEST_STEP][PASSED] - delay: Delayed 2 second(s)

2018-05-28 11:04:28 - [MESSAGE][PASSED] - Delayed 2 second(s)

2018-05-28 11:04:28 - [TEST_STEP][PASSED] - Statement - RequestedQty = com.kms.katalon.core.webui.keyword.WebUiBuiltInKeywords.getAttribute(com.kms.katalon.core.testobject.ObjectRepository.findTestObject(HealthpostToStore/Page_Store/input_txttotal), "value"): Attribute 'value' of object 'Object Repository/HealthpostToStore/Page_Store/input_txttotal' is: '10'

2018-05-28 11:04:28 - [MESSAGE][PASSED] - Attribute 'value' of object 'Object Repository/HealthpostToStore/Page_Store/input_txttotal' is: '10'

2018-05-28 11:04:28 - [TEST_STEP][PASSED] - Statement - out.println("Requested QTY : " + RequestedQty): null

2018-05-28 11:04:28 - [TEST_STEP][PASSED] - Statement - BatchNumber = com.kms.katalon.core.webui.keyword.WebUiBuiltInKeywords.getNumberOfTotalOption(com.kms.katalon.core.testobject.ObjectRepository.findTestObject(HealthpostToStore/Page_Store/select_--Select--BA1170BA2376B)): 4 options of object 'Object Repository/HealthpostToStore/Page_Store/select_--Select--BA1170BA2376B' counted

2018-05-28 11:04:28 - [MESSAGE][PASSED] - 4 options of object 'Object Repository/HealthpostToStore/Page_Store/select_--Select--BA1170BA2376B' counted

2018-05-28 11:04:28 - [TEST_STEP][PASSED] - Statement - For ([g = 1, g <= BatchNumber - 1, (g++)]): null

2018-05-28 11:04:28 - [TEST_STEP][PASSED] - selectOptionByIndex: All options with index in [1] are selected on object 'Object Repository/HealthpostToStore/Page_Store/select_--Select--BA1170BA2376B'

2018-05-28 11:04:28 - [MESSAGE][PASSED] - All options with index in [1] are selected on object 'Object Repository/HealthpostToStore/Page_Store/select_--Select--BA1170BA2376B'

2018-05-28 11:04:28 - [TEST_STEP][PASSED] - Statement - Try: null

2018-05-28 11:04:28 - [TEST_STEP][PASSED] - Statement - StockQty = com.kms.katalon.core.webui.keyword.WebUiBuiltInKeywords.getAttribute(com.kms.katalon.core.testobject.ObjectRepository.findTestObject(HealthpostToStore/Page_Store/input_txtprice), "value"): Attribute 'value' of object 'Object Repository/HealthpostToStore/Page_Store/input_txtprice' is: '120'

2018-05-28 11:04:28 - [MESSAGE][PASSED] - Attribute 'value' of object 'Object Repository/HealthpostToStore/Page_Store/input_txtprice' is: '120'

2018-05-28 11:04:28 - [TEST_STEP][PASSED] - Statement - out.println("Stock QTY : " + StockQty): null

2018-05-28 11:04:28 - [TEST_STEP][PASSED] - delay: Delayed 2 second(s)

2018-05-28 11:04:30 - [MESSAGE][PASSED] - Delayed 2 second(s)

2018-05-28 11:04:30 - [TEST_STEP][PASSED] - Statement - If (java.lang.String.valueOf(StockQty) >= java.lang.String.valueOf(RequestedQty)): null

2018-05-28 11:04:30 - [TEST_STEP][PASSED] - setText: Text '10' is set on object 'Object Repository/HealthpostToStore/Page_Store/input_txtqty'

2018-05-28 11:04:30 - [MESSAGE][PASSED] - Text '10' is set on object 'Object Repository/HealthpostToStore/Page_Store/input_txtqty'

2018-05-28 11:04:30 - [TEST_STEP][PASSED] - click: Object: 'Object Repository/HealthpostToStore/Page_Store/button_Add' is clicked on

2018-05-28 11:04:30 - [MESSAGE][PASSED] - Object: 'Object Repository/HealthpostToStore/Page_Store/button_Add' is clicked on

2018-05-28 11:04:30 - [TEST_STEP][PASSED] - Statement - Break: null

2018-05-28 11:04:30 - [TEST_STEP][PASSED] - selectOptionByIndex: All options with index in [13] are selected on object 'Object Repository/HealthpostToStore/Page_Store/select_--Select--Adernaline 0.'

2018-05-28 11:04:30 - [MESSAGE][PASSED] - All options with index in [13] are selected on object 'Object Repository/HealthpostToStore/Page_Store/select_--Select--Adernaline 0.'

2018-05-28 11:04:30 - [TEST_STEP][PASSED] - delay: Delayed 2 second(s)

2018-05-28 11:04:32 - [MESSAGE][PASSED] - Delayed 2 second(s)

2018-05-28 11:04:32 - [TEST_STEP][PASSED] - Statement - RequestedQty = com.kms.katalon.core.webui.keyword.WebUiBuiltInKeywords.getAttribute(com.kms.katalon.core.testobject.ObjectRepository.findTestObject(HealthpostToStore/Page_Store/input_txttotal), "value"): Attribute 'value' of object 'Object Repository/HealthpostToStore/Page_Store/input_txttotal' is: '10'

2018-05-28 11:04:32 - [MESSAGE][PASSED] - Attribute 'value' of object 'Object Repository/HealthpostToStore/Page_Store/input_txttotal' is: '10'

2018-05-28 11:04:32 - [TEST_STEP][PASSED] - Statement - out.println("Requested QTY : " + RequestedQty): null

2018-05-28 11:04:32 - [TEST_STEP][PASSED] - Statement - BatchNumber = com.kms.katalon.core.webui.keyword.WebUiBuiltInKeywords.getNumberOfTotalOption(com.kms.katalon.core.testobject.ObjectRepository.findTestObject(HealthpostToStore/Page_Store/select_--Select--BA1170BA2376B)): 3 options of object 'Object Repository/HealthpostToStore/Page_Store/select_--Select--BA1170BA2376B' counted

2018-05-28 11:04:32 - [MESSAGE][PASSED] - 3 options of object 'Object Repository/HealthpostToStore/Page_Store/select_--Select--BA1170BA2376B' counted

2018-05-28 11:04:32 - [TEST_STEP][PASSED] - Statement - For ([g = 1, g <= BatchNumber - 1, (g++)]): null

2018-05-28 11:04:32 - [TEST_STEP][PASSED] - selectOptionByIndex: All options with index in [1] are selected on object 'Object Repository/HealthpostToStore/Page_Store/select_--Select--BA1170BA2376B'

2018-05-28 11:04:32 - [MESSAGE][PASSED] - All options with index in [1] are selected on object 'Object Repository/HealthpostToStore/Page_Store/select_--Select--BA1170BA2376B'

2018-05-28 11:04:32 - [TEST_STEP][PASSED] - Statement - Try: null

2018-05-28 11:04:32 - [TEST_STEP][PASSED] - Statement - StockQty = com.kms.katalon.core.webui.keyword.WebUiBuiltInKeywords.getAttribute(com.kms.katalon.core.testobject.ObjectRepository.findTestObject(HealthpostToStore/Page_Store/input_txtprice), "value"): Attribute 'value' of object 'Object Repository/HealthpostToStore/Page_Store/input_txtprice' is: '1080'

2018-05-28 11:04:32 - [MESSAGE][PASSED] - Attribute 'value' of object 'Object Repository/HealthpostToStore/Page_Store/input_txtprice' is: '1080'

2018-05-28 11:04:32 - [TEST_STEP][PASSED] - Statement - out.println("Stock QTY : " + StockQty): null

2018-05-28 11:04:32 - [TEST_STEP][PASSED] - delay: Delayed 2 second(s)

2018-05-28 11:04:34 - [MESSAGE][PASSED] - Delayed 2 second(s)

2018-05-28 11:04:34 - [TEST_STEP][PASSED] - Statement - If (java.lang.String.valueOf(StockQty) >= java.lang.String.valueOf(RequestedQty)): null

2018-05-28 11:04:34 - [TEST_STEP][PASSED] - setText: Text '10' is set on object 'Object Repository/HealthpostToStore/Page_Store/input_txtqty'

2018-05-28 11:04:35 - [MESSAGE][PASSED] - Text '10' is set on object 'Object Repository/HealthpostToStore/Page_Store/input_txtqty'

2018-05-28 11:04:35 - [TEST_STEP][PASSED] - click: Object: 'Object Repository/HealthpostToStore/Page_Store/button_Add' is clicked on

2018-05-28 11:04:35 - [MESSAGE][PASSED] - Object: 'Object Repository/HealthpostToStore/Page_Store/button_Add' is clicked on

2018-05-28 11:04:35 - [TEST_STEP][PASSED] - Statement - Break: null

2018-05-28 11:04:35 - [TEST_STEP][PASSED] - selectOptionByIndex: All options with index in [14] are selected on object 'Object Repository/HealthpostToStore/Page_Store/select_--Select--Adernaline 0.'

2018-05-28 11:04:35 - [MESSAGE][PASSED] - All options with index in [14] are selected on object 'Object Repository/HealthpostToStore/Page_Store/select_--Select--Adernaline 0.'

2018-05-28 11:04:35 - [TEST_STEP][PASSED] - delay: Delayed 2 second(s)

2018-05-28 11:04:37 - [MESSAGE][PASSED] - Delayed 2 second(s)

2018-05-28 11:04:37 - [TEST_STEP][PASSED] - Statement - RequestedQty = com.kms.katalon.core.webui.keyword.WebUiBuiltInKeywords.getAttribute(com.kms.katalon.core.testobject.ObjectRepository.findTestObject(HealthpostToStore/Page_Store/input_txttotal), "value"): Attribute 'value' of object 'Object Repository/HealthpostToStore/Page_Store/input_txttotal' is: '10'

2018-05-28 11:04:37 - [MESSAGE][PASSED] - Attribute 'value' of object 'Object Repository/HealthpostToStore/Page_Store/input_txttotal' is: '10'

2018-05-28 11:04:37 - [TEST_STEP][PASSED] - Statement - out.println("Requested QTY : " + RequestedQty): null

2018-05-28 11:04:37 - [TEST_STEP][PASSED] - Statement - BatchNumber = com.kms.katalon.core.webui.keyword.WebUiBuiltInKeywords.getNumberOfTotalOption(com.kms.katalon.core.testobject.ObjectRepository.findTestObject(HealthpostToStore/Page_Store/select_--Select--BA1170BA2376B)): 4 options of object 'Object Repository/HealthpostToStore/Page_Store/select_--Select--BA1170BA2376B' counted

2018-05-28 11:04:37 - [MESSAGE][PASSED] - 4 options of object 'Object Repository/HealthpostToStore/Page_Store/select_--Select--BA1170BA2376B' counted

2018-05-28 11:04:37 - [TEST_STEP][PASSED] - Statement - For ([g = 1, g <= BatchNumber - 1, (g++)]): null

2018-05-28 11:04:37 - [TEST_STEP][PASSED] - selectOptionByIndex: All options with index in [1] are selected on object 'Object Repository/HealthpostToStore/Page_Store/select_--Select--BA1170BA2376B'

2018-05-28 11:04:37 - [MESSAGE][PASSED] - All options with index in [1] are selected on object 'Object Repository/HealthpostToStore/Page_Store/select_--Select--BA1170BA2376B'

2018-05-28 11:04:37 - [TEST_STEP][PASSED] - Statement - Try: null

2018-05-28 11:04:37 - [TEST_STEP][PASSED] - Statement - StockQty = com.kms.katalon.core.webui.keyword.WebUiBuiltInKeywords.getAttribute(com.kms.katalon.core.testobject.ObjectRepository.findTestObject(HealthpostToStore/Page_Store/input_txtprice), "value"): Attribute 'value' of object 'Object Repository/HealthpostToStore/Page_Store/input_txtprice' is: '120'

2018-05-28 11:04:37 - [MESSAGE][PASSED] - Attribute 'value' of object 'Object Repository/HealthpostToStore/Page_Store/input_txtprice' is: '120'

2018-05-28 11:04:37 - [TEST_STEP][PASSED] - Statement - out.println("Stock QTY : " + StockQty): null

2018-05-28 11:04:37 - [TEST_STEP][PASSED] - delay: Delayed 2 second(s)

2018-05-28 11:04:39 - [MESSAGE][PASSED] - Delayed 2 second(s)

2018-05-28 11:04:39 - [TEST_STEP][PASSED] - Statement - If (java.lang.String.valueOf(StockQty) >= java.lang.String.valueOf(RequestedQty)): null

2018-05-28 11:04:39 - [TEST_STEP][PASSED] - setText: Text '10' is set on object 'Object Repository/HealthpostToStore/Page_Store/input_txtqty'

2018-05-28 11:04:39 - [MESSAGE][PASSED] - Text '10' is set on object 'Object Repository/HealthpostToStore/Page_Store/input_txtqty'

2018-05-28 11:04:39 - [TEST_STEP][PASSED] - click: Object: 'Object Repository/HealthpostToStore/Page_Store/button_Add' is clicked on

2018-05-28 11:04:39 - [MESSAGE][PASSED] - Object: 'Object Repository/HealthpostToStore/Page_Store/button_Add' is clicked on

2018-05-28 11:04:39 - [TEST_STEP][PASSED] - Statement - Break: null

2018-05-28 11:04:39 - [TEST_STEP][PASSED] - selectOptionByIndex: All options with index in [15] are selected on object 'Object Repository/HealthpostToStore/Page_Store/select_--Select--Adernaline 0.'

2018-05-28 11:04:40 - [MESSAGE][PASSED] - All options with index in [15] are selected on object 'Object Repository/HealthpostToStore/Page_Store/select_--Select--Adernaline 0.'

2018-05-28 11:04:40 - [TEST_STEP][PASSED] - delay: Delayed 2 second(s)

2018-05-28 11:04:42 - [MESSAGE][PASSED] - Delayed 2 second(s)

2018-05-28 11:04:42 - [TEST_STEP][PASSED] - Statement - RequestedQty = com.kms.katalon.core.webui.keyword.WebUiBuiltInKeywords.getAttribute(com.kms.katalon.core.testobject.ObjectRepository.findTestObject(HealthpostToStore/Page_Store/input_txttotal), "value"): Attribute 'value' of object 'Object Repository/HealthpostToStore/Page_Store/input_txttotal' is: '10'

2018-05-28 11:04:42 - [MESSAGE][PASSED] - Attribute 'value' of object 'Object Repository/HealthpostToStore/Page_Store/input_txttotal' is: '10'

2018-05-28 11:04:42 - [TEST_STEP][PASSED] - Statement - out.println("Requested QTY : " + RequestedQty): null

2018-05-28 11:04:42 - [TEST_STEP][PASSED] - Statement - BatchNumber = com.kms.katalon.core.webui.keyword.WebUiBuiltInKeywords.getNumberOfTotalOption(com.kms.katalon.core.testobject.ObjectRepository.findTestObject(HealthpostToStore/Page_Store/select_--Select--BA1170BA2376B)): 4 options of object 'Object Repository/HealthpostToStore/Page_Store/select_--Select--BA1170BA2376B' counted

2018-05-28 11:04:42 - [MESSAGE][PASSED] - 4 options of object 'Object Repository/HealthpostToStore/Page_Store/select_--Select--BA1170BA2376B' counted

2018-05-28 11:04:42 - [TEST_STEP][PASSED] - Statement - For ([g = 1, g <= BatchNumber - 1, (g++)]): null

2018-05-28 11:04:42 - [TEST_STEP][PASSED] - selectOptionByIndex: All options with index in [1] are selected on object 'Object Repository/HealthpostToStore/Page_Store/select_--Select--BA1170BA2376B'

2018-05-28 11:04:42 - [MESSAGE][PASSED] - All options with index in [1] are selected on object 'Object Repository/HealthpostToStore/Page_Store/select_--Select--BA1170BA2376B'

2018-05-28 11:04:42 - [TEST_STEP][PASSED] - Statement - Try: null

2018-05-28 11:04:42 - [TEST_STEP][PASSED] - Statement - StockQty = com.kms.katalon.core.webui.keyword.WebUiBuiltInKeywords.getAttribute(com.kms.katalon.core.testobject.ObjectRepository.findTestObject(HealthpostToStore/Page_Store/input_txtprice), "value"): Attribute 'value' of object 'Object Repository/HealthpostToStore/Page_Store/input_txtprice' is: '120'

2018-05-28 11:04:42 - [MESSAGE][PASSED] - Attribute 'value' of object 'Object Repository/HealthpostToStore/Page_Store/input_txtprice' is: '120'

2018-05-28 11:04:42 - [TEST_STEP][PASSED] - Statement - out.println("Stock QTY : " + StockQty): null

2018-05-28 11:04:42 - [TEST_STEP][PASSED] - delay: Delayed 2 second(s)

2018-05-28 11:04:44 - [MESSAGE][PASSED] - Delayed 2 second(s)

2018-05-28 11:04:44 - [TEST_STEP][PASSED] - Statement - If (java.lang.String.valueOf(StockQty) >= java.lang.String.valueOf(RequestedQty)): null

2018-05-28 11:04:44 - [TEST_STEP][PASSED] - setText: Text '10' is set on object 'Object Repository/HealthpostToStore/Page_Store/input_txtqty'

2018-05-28 11:04:44 - [MESSAGE][PASSED] - Text '10' is set on object 'Object Repository/HealthpostToStore/Page_Store/input_txtqty'

2018-05-28 11:04:44 - [TEST_STEP][PASSED] - click: Object: 'Object Repository/HealthpostToStore/Page_Store/button_Add' is clicked on

2018-05-28 11:04:44 - [MESSAGE][PASSED] - Object: 'Object Repository/HealthpostToStore/Page_Store/button_Add' is clicked on

2018-05-28 11:04:44 - [TEST_STEP][PASSED] - Statement - Break: null

2018-05-28 11:04:44 - [TEST_STEP][PASSED] - selectOptionByIndex: All options with index in [16] are selected on object 'Object Repository/HealthpostToStore/Page_Store/select_--Select--Adernaline 0.'

2018-05-28 11:04:44 - [MESSAGE][PASSED] - All options with index in [16] are selected on object 'Object Repository/HealthpostToStore/Page_Store/select_--Select--Adernaline 0.'

2018-05-28 11:04:44 - [TEST_STEP][PASSED] - delay: Delayed 2 second(s)

2018-05-28 11:04:46 - [MESSAGE][PASSED] - Delayed 2 second(s)

2018-05-28 11:04:46 - [TEST_STEP][PASSED] - Statement - RequestedQty = com.kms.katalon.core.webui.keyword.WebUiBuiltInKeywords.getAttribute(com.kms.katalon.core.testobject.ObjectRepository.findTestObject(HealthpostToStore/Page_Store/input_txttotal), "value"): Attribute 'value' of object 'Object Repository/HealthpostToStore/Page_Store/input_txttotal' is: '10'

2018-05-28 11:04:46 - [MESSAGE][PASSED] - Attribute 'value' of object 'Object Repository/HealthpostToStore/Page_Store/input_txttotal' is: '10'

2018-05-28 11:04:46 - [TEST_STEP][PASSED] - Statement - out.println("Requested QTY : " + RequestedQty): null

2018-05-28 11:04:46 - [TEST_STEP][PASSED] - Statement - BatchNumber = com.kms.katalon.core.webui.keyword.WebUiBuiltInKeywords.getNumberOfTotalOption(com.kms.katalon.core.testobject.ObjectRepository.findTestObject(HealthpostToStore/Page_Store/select_--Select--BA1170BA2376B)): 4 options of object 'Object Repository/HealthpostToStore/Page_Store/select_--Select--BA1170BA2376B' counted

2018-05-28 11:04:46 - [MESSAGE][PASSED] - 4 options of object 'Object Repository/HealthpostToStore/Page_Store/select_--Select--BA1170BA2376B' counted

2018-05-28 11:04:46 - [TEST_STEP][PASSED] - Statement - For ([g = 1, g <= BatchNumber - 1, (g++)]): null

2018-05-28 11:04:46 - [TEST_STEP][PASSED] - selectOptionByIndex: All options with index in [1] are selected on object 'Object Repository/HealthpostToStore/Page_Store/select_--Select--BA1170BA2376B'

2018-05-28 11:04:47 - [MESSAGE][PASSED] - All options with index in [1] are selected on object 'Object Repository/HealthpostToStore/Page_Store/select_--Select--BA1170BA2376B'

2018-05-28 11:04:47 - [TEST_STEP][PASSED] - Statement - Try: null

2018-05-28 11:04:47 - [TEST_STEP][PASSED] - Statement - StockQty = com.kms.katalon.core.webui.keyword.WebUiBuiltInKeywords.getAttribute(com.kms.katalon.core.testobject.ObjectRepository.findTestObject(HealthpostToStore/Page_Store/input_txtprice), "value"): Attribute 'value' of object 'Object Repository/HealthpostToStore/Page_Store/input_txtprice' is: '20'

2018-05-28 11:04:47 - [MESSAGE][PASSED] - Attribute 'value' of object 'Object Repository/HealthpostToStore/Page_Store/input_txtprice' is: '20'

2018-05-28 11:04:47 - [TEST_STEP][PASSED] - Statement - out.println("Stock QTY : " + StockQty): null

2018-05-28 11:04:47 - [TEST_STEP][PASSED] - delay: Delayed 2 second(s)

2018-05-28 11:04:49 - [MESSAGE][PASSED] - Delayed 2 second(s)

2018-05-28 11:04:49 - [TEST_STEP][PASSED] - Statement - If (java.lang.String.valueOf(StockQty) >= java.lang.String.valueOf(RequestedQty)): null

2018-05-28 11:04:49 - [TEST_STEP][PASSED] - setText: Text '10' is set on object 'Object Repository/HealthpostToStore/Page_Store/input_txtqty'

2018-05-28 11:04:49 - [MESSAGE][PASSED] - Text '10' is set on object 'Object Repository/HealthpostToStore/Page_Store/input_txtqty'

2018-05-28 11:04:49 - [TEST_STEP][PASSED] - click: Object: 'Object Repository/HealthpostToStore/Page_Store/button_Add' is clicked on

2018-05-28 11:04:49 - [MESSAGE][PASSED] - Object: 'Object Repository/HealthpostToStore/Page_Store/button_Add' is clicked on

2018-05-28 11:04:49 - [TEST_STEP][PASSED] - Statement - Break: null

2018-05-28 11:04:49 - [TEST_STEP][PASSED] - selectOptionByIndex: All options with index in [17] are selected on object 'Object Repository/HealthpostToStore/Page_Store/select_--Select--Adernaline 0.'

2018-05-28 11:04:49 - [MESSAGE][PASSED] - All options with index in [17] are selected on object 'Object Repository/HealthpostToStore/Page_Store/select_--Select--Adernaline 0.'

2018-05-28 11:04:49 - [TEST_STEP][PASSED] - delay: Delayed 2 second(s)

2018-05-28 11:04:51 - [MESSAGE][PASSED] - Delayed 2 second(s)

2018-05-28 11:04:51 - [TEST_STEP][PASSED] - Statement - RequestedQty = com.kms.katalon.core.webui.keyword.WebUiBuiltInKeywords.getAttribute(com.kms.katalon.core.testobject.ObjectRepository.findTestObject(HealthpostToStore/Page_Store/input_txttotal), "value"): Attribute 'value' of object 'Object Repository/HealthpostToStore/Page_Store/input_txttotal' is: '10'

2018-05-28 11:04:51 - [MESSAGE][PASSED] - Attribute 'value' of object 'Object Repository/HealthpostToStore/Page_Store/input_txttotal' is: '10'

2018-05-28 11:04:51 - [TEST_STEP][PASSED] - Statement - out.println("Requested QTY : " + RequestedQty): null

2018-05-28 11:04:51 - [TEST_STEP][PASSED] - Statement - BatchNumber = com.kms.katalon.core.webui.keyword.WebUiBuiltInKeywords.getNumberOfTotalOption(com.kms.katalon.core.testobject.ObjectRepository.findTestObject(HealthpostToStore/Page_Store/select_--Select--BA1170BA2376B)): 3 options of object 'Object Repository/HealthpostToStore/Page_Store/select_--Select--BA1170BA2376B' counted

2018-05-28 11:04:51 - [MESSAGE][PASSED] - 3 options of object 'Object Repository/HealthpostToStore/Page_Store/select_--Select--BA1170BA2376B' counted

2018-05-28 11:04:51 - [TEST_STEP][PASSED] - Statement - For ([g = 1, g <= BatchNumber - 1, (g++)]): null

2018-05-28 11:04:51 - [TEST_STEP][PASSED] - selectOptionByIndex: All options with index in [1] are selected on object 'Object Repository/HealthpostToStore/Page_Store/select_--Select--BA1170BA2376B'

2018-05-28 11:04:51 - [MESSAGE][PASSED] - All options with index in [1] are selected on object 'Object Repository/HealthpostToStore/Page_Store/select_--Select--BA1170BA2376B'

2018-05-28 11:04:51 - [TEST_STEP][PASSED] - Statement - Try: null

2018-05-28 11:04:51 - [TEST_STEP][PASSED] - Statement - StockQty = com.kms.katalon.core.webui.keyword.WebUiBuiltInKeywords.getAttribute(com.kms.katalon.core.testobject.ObjectRepository.findTestObject(HealthpostToStore/Page_Store/input_txtprice), "value"): Attribute 'value' of object 'Object Repository/HealthpostToStore/Page_Store/input_txtprice' is: '1080'

2018-05-28 11:04:51 - [MESSAGE][PASSED] - Attribute 'value' of object 'Object Repository/HealthpostToStore/Page_Store/input_txtprice' is: '1080'

2018-05-28 11:04:51 - [TEST_STEP][PASSED] - Statement - out.println("Stock QTY : " + StockQty): null

2018-05-28 11:04:51 - [TEST_STEP][PASSED] - delay: Delayed 2 second(s)

2018-05-28 11:04:53 - [MESSAGE][PASSED] - Delayed 2 second(s)

2018-05-28 11:04:53 - [TEST_STEP][PASSED] - Statement - If (java.lang.String.valueOf(StockQty) >= java.lang.String.valueOf(RequestedQty)): null

2018-05-28 11:04:53 - [TEST_STEP][PASSED] - setText: Text '10' is set on object 'Object Repository/HealthpostToStore/Page_Store/input_txtqty'

2018-05-28 11:04:53 - [MESSAGE][PASSED] - Text '10' is set on object 'Object Repository/HealthpostToStore/Page_Store/input_txtqty'

2018-05-28 11:04:53 - [TEST_STEP][PASSED] - click: Object: 'Object Repository/HealthpostToStore/Page_Store/button_Add' is clicked on

2018-05-28 11:04:54 - [MESSAGE][PASSED] - Object: 'Object Repository/HealthpostToStore/Page_Store/button_Add' is clicked on

2018-05-28 11:04:54 - [TEST_STEP][PASSED] - Statement - Break: null

2018-05-28 11:04:54 - [TEST_STEP][PASSED] - selectOptionByIndex: All options with index in [18] are selected on object 'Object Repository/HealthpostToStore/Page_Store/select_--Select--Adernaline 0.'

2018-05-28 11:04:54 - [MESSAGE][PASSED] - All options with index in [18] are selected on object 'Object Repository/HealthpostToStore/Page_Store/select_--Select--Adernaline 0.'

2018-05-28 11:04:54 - [TEST_STEP][PASSED] - delay: Delayed 2 second(s)

2018-05-28 11:04:56 - [MESSAGE][PASSED] - Delayed 2 second(s)

2018-05-28 11:04:56 - [TEST_STEP][PASSED] - Statement - RequestedQty = com.kms.katalon.core.webui.keyword.WebUiBuiltInKeywords.getAttribute(com.kms.katalon.core.testobject.ObjectRepository.findTestObject(HealthpostToStore/Page_Store/input_txttotal), "value"): Attribute 'value' of object 'Object Repository/HealthpostToStore/Page_Store/input_txttotal' is: '10'

2018-05-28 11:04:56 - [MESSAGE][PASSED] - Attribute 'value' of object 'Object Repository/HealthpostToStore/Page_Store/input_txttotal' is: '10'

2018-05-28 11:04:56 - [TEST_STEP][PASSED] - Statement - out.println("Requested QTY : " + RequestedQty): null

2018-05-28 11:04:56 - [TEST_STEP][PASSED] - Statement - BatchNumber = com.kms.katalon.core.webui.keyword.WebUiBuiltInKeywords.getNumberOfTotalOption(com.kms.katalon.core.testobject.ObjectRepository.findTestObject(HealthpostToStore/Page_Store/select_--Select--BA1170BA2376B)): 4 options of object 'Object Repository/HealthpostToStore/Page_Store/select_--Select--BA1170BA2376B' counted

2018-05-28 11:04:56 - [MESSAGE][PASSED] - 4 options of object 'Object Repository/HealthpostToStore/Page_Store/select_--Select--BA1170BA2376B' counted

2018-05-28 11:04:56 - [TEST_STEP][PASSED] - Statement - For ([g = 1, g <= BatchNumber - 1, (g++)]): null

2018-05-28 11:04:56 - [TEST_STEP][PASSED] - selectOptionByIndex: All options with index in [1] are selected on object 'Object Repository/HealthpostToStore/Page_Store/select_--Select--BA1170BA2376B'

2018-05-28 11:04:56 - [MESSAGE][PASSED] - All options with index in [1] are selected on object 'Object Repository/HealthpostToStore/Page_Store/select_--Select--BA1170BA2376B'

2018-05-28 11:04:56 - [TEST_STEP][PASSED] - Statement - Try: null

2018-05-28 11:04:56 - [TEST_STEP][PASSED] - Statement - StockQty = com.kms.katalon.core.webui.keyword.WebUiBuiltInKeywords.getAttribute(com.kms.katalon.core.testobject.ObjectRepository.findTestObject(HealthpostToStore/Page_Store/input_txtprice), "value"): Attribute 'value' of object 'Object Repository/HealthpostToStore/Page_Store/input_txtprice' is: '120'

2018-05-28 11:04:56 - [MESSAGE][PASSED] - Attribute 'value' of object 'Object Repository/HealthpostToStore/Page_Store/input_txtprice' is: '120'

2018-05-28 11:04:56 - [TEST_STEP][PASSED] - Statement - out.println("Stock QTY : " + StockQty): null

2018-05-28 11:04:56 - [TEST_STEP][PASSED] - delay: Delayed 2 second(s)

2018-05-28 11:04:58 - [MESSAGE][PASSED] - Delayed 2 second(s)

2018-05-28 11:04:58 - [TEST_STEP][PASSED] - Statement - If (java.lang.String.valueOf(StockQty) >= java.lang.String.valueOf(RequestedQty)): null

2018-05-28 11:04:58 - [TEST_STEP][PASSED] - setText: Text '10' is set on object 'Object Repository/HealthpostToStore/Page_Store/input_txtqty'

2018-05-28 11:04:58 - [MESSAGE][PASSED] - Text '10' is set on object 'Object Repository/HealthpostToStore/Page_Store/input_txtqty'

2018-05-28 11:04:58 - [TEST_STEP][PASSED] - click: Object: 'Object Repository/HealthpostToStore/Page_Store/button_Add' is clicked on

2018-05-28 11:04:58 - [MESSAGE][PASSED] - Object: 'Object Repository/HealthpostToStore/Page_Store/button_Add' is clicked on

2018-05-28 11:04:58 - [TEST_STEP][PASSED] - Statement - Break: null

2018-05-28 11:04:58 - [TEST_STEP][PASSED] - scrollToElement: Scroll to object 'Object Repository/HealthpostToStore/Page_Store/input_btnSubmit' successfully

2018-05-28 11:04:58 - [MESSAGE][PASSED] - Scroll to object 'Object Repository/HealthpostToStore/Page_Store/input_btnSubmit' successfully

2018-05-28 11:04:58 - [TEST_STEP][PASSED] - click: Object: 'Object Repository/HealthpostToStore/Page_Store/input_btnSubmit' is clicked on

2018-05-28 11:04:58 - [MESSAGE][PASSED] - Object: 'Object Repository/HealthpostToStore/Page_Store/input_btnSubmit' is clicked on

2018-05-28 11:04:58 - [TEST_STEP][PASSED] - delay: Delayed 3 second(s)

2018-05-28 11:05:01 - [MESSAGE][PASSED] - Delayed 3 second(s)

2018-05-28 11:05:01 - [TEST_STEP][PASSED] - click: Object: 'Object Repository/HealthpostToStore/Page_Store/button_OK' is clicked on

2018-05-28 11:05:02 - [MESSAGE][PASSED] - Object: 'Object Repository/HealthpostToStore/Page_Store/button_OK' is clicked on

2018-05-28 11:05:02 - [TEST_STEP][PASSED] - delay: Delayed 3 second(s)

2018-05-28 11:05:05 - [MESSAGE][PASSED] - Delayed 3 second(s)

2018-05-28 11:05:05 - [TEST_STEP][PASSED] - click: Object: 'Object Repository/HealthpostToStore/Page_Store/a_dropdown-toggle' is clicked on

2018-05-28 11:05:05 - [MESSAGE][PASSED] - Object: 'Object Repository/HealthpostToStore/Page_Store/a_dropdown-toggle' is clicked on

2018-05-28 11:05:05 - [TEST_STEP][PASSED] - click: Object: 'Object Repository/HealthpostToStore/Page_Store/a_Sign out' is clicked on

2018-05-28 11:05:06 - [MESSAGE][PASSED] - Object: 'Object Repository/HealthpostToStore/Page_Store/a_Sign out' is clicked on

2018-05-28 11:05:06 - [TEST_STEP][PASSED] - closeBrowser: Browser is closed

2018-05-28 11:05:06 - [MESSAGE][PASSED] - Browser is closed]]></system-out>
         <system-err><![CDATA[]]></system-err>
      </testcase>
      <testcase name="Test Cases/HEALTHPOST TEST CASES/TC_HP_011 Verify Schedule 11 Healthpost Request Are Working Successfully Or Not" classname="Test Cases/HEALTHPOST TEST CASES/TC_HP_011 Verify Schedule 11 Healthpost Request Are Working Successfully Or Not" status="ERROR">
         <error type="ERROR" message="Test Cases/HEALTHPOST TEST CASES/TC_HP_011 Verify Schedule 11 Healthpost Request Are Working Successfully Or Not FAILED because (of) java.lang.ArrayIndexOutOfBoundsException: 2"/>
         <system-out><![CDATA[2018-05-28 11:05:06 - [TEST_CASE][ERROR] - Test Cases/HEALTHPOST TEST CASES/TC_HP_011 Verify Schedule 11 Healthpost Request Are Working Successfully Or Not: Test Cases/HEALTHPOST TEST CASES/TC_HP_011 Verify Schedule 11 Healthpost Request Are Working Successfully Or Not FAILED because (of) java.lang.ArrayIndexOutOfBoundsException: 2

2018-05-28 11:05:07 - [TEST_STEP][PASSED] - openBrowser: Browser is opened with url: ''

2018-05-28 11:05:09 - [MESSAGE][PASSED] - Browser is opened with url: ''

2018-05-28 11:05:09 - [TEST_STEP][PASSED] - navigateToUrl: Navigate to 'http://192.168.137.1/multihospital_new/HDSplashscreen.aspx' successfully

2018-05-28 11:05:11 - [MESSAGE][PASSED] - Navigate to 'http://192.168.137.1/multihospital_new/HDSplashscreen.aspx' successfully

2018-05-28 11:05:11 - [TEST_STEP][PASSED] - maximizeWindow: Current window maximized

2018-05-28 11:05:12 - [MESSAGE][PASSED] - Current window maximized

2018-05-28 11:05:12 - [TEST_STEP][PASSED] - click: Object: 'Object Repository/HealthpostToStore/Page_KDMC/a_Healthpost Store' is clicked on

2018-05-28 11:05:13 - [MESSAGE][PASSED] - Object: 'Object Repository/HealthpostToStore/Page_KDMC/a_Healthpost Store' is clicked on

2018-05-28 11:05:13 - [TEST_STEP][PASSED] - setText: Text 'raguram' is set on object 'Object Repository/HealthpostToStore/Page_HealthPost Store Login/input_txtusername'

2018-05-28 11:05:13 - [MESSAGE][PASSED] - Text 'raguram' is set on object 'Object Repository/HealthpostToStore/Page_HealthPost Store Login/input_txtusername'

2018-05-28 11:05:13 - [TEST_STEP][PASSED] - setText: Text '123' is set on object 'Object Repository/HealthpostToStore/Page_HealthPost Store Login/input_txtpassword'

2018-05-28 11:05:13 - [MESSAGE][PASSED] - Text '123' is set on object 'Object Repository/HealthpostToStore/Page_HealthPost Store Login/input_txtpassword'

2018-05-28 11:05:13 - [TEST_STEP][PASSED] - delay: Delayed 3 second(s)

2018-05-28 11:05:16 - [MESSAGE][PASSED] - Delayed 3 second(s)

2018-05-28 11:05:16 - [TEST_STEP][PASSED] - sendKeys: Keys 'ENTER + ' sent to object: 'Object Repository/HealthpostToStore/Page_HealthPost Store Login/input_txtpassword'

2018-05-28 11:05:16 - [MESSAGE][PASSED] - Keys 'ENTER + ' sent to object: 'Object Repository/HealthpostToStore/Page_HealthPost Store Login/input_txtpassword'

2018-05-28 11:05:16 - [TEST_STEP][PASSED] - delay: Delayed 3 second(s)

2018-05-28 11:05:19 - [MESSAGE][PASSED] - Delayed 3 second(s)

2018-05-28 11:05:19 - [TEST_STEP][PASSED] - click: Object: 'Object Repository/HealthpostToStore/Page_HealthPost Store/a_Request to Store' is clicked on

2018-05-28 11:05:20 - [MESSAGE][PASSED] - Object: 'Object Repository/HealthpostToStore/Page_HealthPost Store/a_Request to Store' is clicked on

2018-05-28 11:05:20 - [TEST_STEP][PASSED] - delay: Delayed 1 second(s)

2018-05-28 11:05:21 - [MESSAGE][PASSED] - Delayed 1 second(s)

2018-05-28 11:05:21 - [TEST_STEP][PASSED] - click: Object: 'Object Repository/HealthpostToStore/Page_HealthPost Store/a_Medicine Request' is clicked on

2018-05-28 11:05:21 - [MESSAGE][PASSED] - Object: 'Object Repository/HealthpostToStore/Page_HealthPost Store/a_Medicine Request' is clicked on

2018-05-28 11:05:21 - [TEST_STEP][PASSED] - delay: Delayed 1 second(s)

2018-05-28 11:05:22 - [MESSAGE][PASSED] - Delayed 1 second(s)

2018-05-28 11:05:22 - [TEST_STEP][PASSED] - selectOptionByIndex: All options with index in [11] are selected on object 'Object Repository/HealthpostToStore/Page_HealthPost Store/select_--Select--Schedule 1Inj'

2018-05-28 11:05:22 - [MESSAGE][PASSED] - All options with index in [11] are selected on object 'Object Repository/HealthpostToStore/Page_HealthPost Store/select_--Select--Schedule 1Inj'

2018-05-28 11:05:22 - [TEST_STEP][PASSED] - Statement - medicineslength = com.kms.katalon.core.webui.keyword.WebUiBuiltInKeywords.getNumberOfTotalOption(com.kms.katalon.core.testobject.ObjectRepository.findTestObject(HealthpostToStore/Page_HealthPost Store/select_--Select--Adernaline 0.)): 81 options of object 'Object Repository/HealthpostToStore/Page_HealthPost Store/select_--Select--Adernaline 0.' counted

2018-05-28 11:05:22 - [MESSAGE][PASSED] - 81 options of object 'Object Repository/HealthpostToStore/Page_HealthPost Store/select_--Select--Adernaline 0.' counted

2018-05-28 11:05:22 - [TEST_STEP][PASSED] - Statement - For ([e = 1, e <= medicineslength - 1, (e++)]): Object: 'Object Repository/HealthpostToStore/Page_HealthPost Store/button_Add' is clicked on

2018-05-28 11:05:22 - [TEST_STEP][PASSED] - selectOptionByIndex: All options with index in [11] are selected on object 'Object Repository/HealthpostToStore/Page_HealthPost Store/select_--Select--Schedule 1Inj'

2018-05-28 11:05:23 - [MESSAGE][PASSED] - All options with index in [11] are selected on object 'Object Repository/HealthpostToStore/Page_HealthPost Store/select_--Select--Schedule 1Inj'

2018-05-28 11:05:23 - [TEST_STEP][PASSED] - selectOptionByIndex: All options with index in [1] are selected on object 'Object Repository/HealthpostToStore/Page_HealthPost Store/select_--Select--Adernaline 0.'

2018-05-28 11:05:23 - [MESSAGE][PASSED] - All options with index in [1] are selected on object 'Object Repository/HealthpostToStore/Page_HealthPost Store/select_--Select--Adernaline 0.'

2018-05-28 11:05:23 - [TEST_STEP][PASSED] - setText: Text '10' is set on object 'Object Repository/HealthpostToStore/Page_HealthPost Store/input_txttreat'

2018-05-28 11:05:23 - [MESSAGE][PASSED] - Text '10' is set on object 'Object Repository/HealthpostToStore/Page_HealthPost Store/input_txttreat'

2018-05-28 11:05:23 - [TEST_STEP][PASSED] - click: Object: 'Object Repository/HealthpostToStore/Page_HealthPost Store/button_Add' is clicked on

2018-05-28 11:05:23 - [MESSAGE][PASSED] - Object: 'Object Repository/HealthpostToStore/Page_HealthPost Store/button_Add' is clicked on

2018-05-28 11:05:23 - [TEST_STEP][PASSED] - selectOptionByIndex: All options with index in [11] are selected on object 'Object Repository/HealthpostToStore/Page_HealthPost Store/select_--Select--Schedule 1Inj'

2018-05-28 11:05:23 - [MESSAGE][PASSED] - All options with index in [11] are selected on object 'Object Repository/HealthpostToStore/Page_HealthPost Store/select_--Select--Schedule 1Inj'

2018-05-28 11:05:23 - [TEST_STEP][PASSED] - selectOptionByIndex: All options with index in [2] are selected on object 'Object Repository/HealthpostToStore/Page_HealthPost Store/select_--Select--Adernaline 0.'

2018-05-28 11:05:23 - [MESSAGE][PASSED] - All options with index in [2] are selected on object 'Object Repository/HealthpostToStore/Page_HealthPost Store/select_--Select--Adernaline 0.'

2018-05-28 11:05:23 - [TEST_STEP][PASSED] - setText: Text '10' is set on object 'Object Repository/HealthpostToStore/Page_HealthPost Store/input_txttreat'

2018-05-28 11:05:23 - [MESSAGE][PASSED] - Text '10' is set on object 'Object Repository/HealthpostToStore/Page_HealthPost Store/input_txttreat'

2018-05-28 11:05:23 - [TEST_STEP][PASSED] - click: Object: 'Object Repository/HealthpostToStore/Page_HealthPost Store/button_Add' is clicked on

2018-05-28 11:05:23 - [MESSAGE][PASSED] - Object: 'Object Repository/HealthpostToStore/Page_HealthPost Store/button_Add' is clicked on

2018-05-28 11:05:23 - [TEST_STEP][PASSED] - selectOptionByIndex: All options with index in [11] are selected on object 'Object Repository/HealthpostToStore/Page_HealthPost Store/select_--Select--Schedule 1Inj'

2018-05-28 11:05:24 - [MESSAGE][PASSED] - All options with index in [11] are selected on object 'Object Repository/HealthpostToStore/Page_HealthPost Store/select_--Select--Schedule 1Inj'

2018-05-28 11:05:24 - [TEST_STEP][PASSED] - selectOptionByIndex: All options with index in [3] are selected on object 'Object Repository/HealthpostToStore/Page_HealthPost Store/select_--Select--Adernaline 0.'

2018-05-28 11:05:24 - [MESSAGE][PASSED] - All options with index in [3] are selected on object 'Object Repository/HealthpostToStore/Page_HealthPost Store/select_--Select--Adernaline 0.'

2018-05-28 11:05:24 - [TEST_STEP][PASSED] - setText: Text '10' is set on object 'Object Repository/HealthpostToStore/Page_HealthPost Store/input_txttreat'

2018-05-28 11:05:24 - [MESSAGE][PASSED] - Text '10' is set on object 'Object Repository/HealthpostToStore/Page_HealthPost Store/input_txttreat'

2018-05-28 11:05:24 - [TEST_STEP][PASSED] - click: Object: 'Object Repository/HealthpostToStore/Page_HealthPost Store/button_Add' is clicked on

2018-05-28 11:05:24 - [MESSAGE][PASSED] - Object: 'Object Repository/HealthpostToStore/Page_HealthPost Store/button_Add' is clicked on

2018-05-28 11:05:24 - [TEST_STEP][PASSED] - selectOptionByIndex: All options with index in [11] are selected on object 'Object Repository/HealthpostToStore/Page_HealthPost Store/select_--Select--Schedule 1Inj'

2018-05-28 11:05:24 - [MESSAGE][PASSED] - All options with index in [11] are selected on object 'Object Repository/HealthpostToStore/Page_HealthPost Store/select_--Select--Schedule 1Inj'

2018-05-28 11:05:24 - [TEST_STEP][PASSED] - selectOptionByIndex: All options with index in [4] are selected on object 'Object Repository/HealthpostToStore/Page_HealthPost Store/select_--Select--Adernaline 0.'

2018-05-28 11:05:24 - [MESSAGE][PASSED] - All options with index in [4] are selected on object 'Object Repository/HealthpostToStore/Page_HealthPost Store/select_--Select--Adernaline 0.'

2018-05-28 11:05:24 - [TEST_STEP][PASSED] - setText: Text '10' is set on object 'Object Repository/HealthpostToStore/Page_HealthPost Store/input_txttreat'

2018-05-28 11:05:24 - [MESSAGE][PASSED] - Text '10' is set on object 'Object Repository/HealthpostToStore/Page_HealthPost Store/input_txttreat'

2018-05-28 11:05:24 - [TEST_STEP][PASSED] - click: Object: 'Object Repository/HealthpostToStore/Page_HealthPost Store/button_Add' is clicked on

2018-05-28 11:05:25 - [MESSAGE][PASSED] - Object: 'Object Repository/HealthpostToStore/Page_HealthPost Store/button_Add' is clicked on

2018-05-28 11:05:25 - [TEST_STEP][PASSED] - selectOptionByIndex: All options with index in [11] are selected on object 'Object Repository/HealthpostToStore/Page_HealthPost Store/select_--Select--Schedule 1Inj'

2018-05-28 11:05:25 - [MESSAGE][PASSED] - All options with index in [11] are selected on object 'Object Repository/HealthpostToStore/Page_HealthPost Store/select_--Select--Schedule 1Inj'

2018-05-28 11:05:25 - [TEST_STEP][PASSED] - selectOptionByIndex: All options with index in [5] are selected on object 'Object Repository/HealthpostToStore/Page_HealthPost Store/select_--Select--Adernaline 0.'

2018-05-28 11:05:25 - [MESSAGE][PASSED] - All options with index in [5] are selected on object 'Object Repository/HealthpostToStore/Page_HealthPost Store/select_--Select--Adernaline 0.'

2018-05-28 11:05:25 - [TEST_STEP][PASSED] - setText: Text '10' is set on object 'Object Repository/HealthpostToStore/Page_HealthPost Store/input_txttreat'

2018-05-28 11:05:25 - [MESSAGE][PASSED] - Text '10' is set on object 'Object Repository/HealthpostToStore/Page_HealthPost Store/input_txttreat'

2018-05-28 11:05:25 - [TEST_STEP][PASSED] - click: Object: 'Object Repository/HealthpostToStore/Page_HealthPost Store/button_Add' is clicked on

2018-05-28 11:05:25 - [MESSAGE][PASSED] - Object: 'Object Repository/HealthpostToStore/Page_HealthPost Store/button_Add' is clicked on

2018-05-28 11:05:25 - [TEST_STEP][PASSED] - selectOptionByIndex: All options with index in [11] are selected on object 'Object Repository/HealthpostToStore/Page_HealthPost Store/select_--Select--Schedule 1Inj'

2018-05-28 11:05:25 - [MESSAGE][PASSED] - All options with index in [11] are selected on object 'Object Repository/HealthpostToStore/Page_HealthPost Store/select_--Select--Schedule 1Inj'

2018-05-28 11:05:25 - [TEST_STEP][PASSED] - selectOptionByIndex: All options with index in [6] are selected on object 'Object Repository/HealthpostToStore/Page_HealthPost Store/select_--Select--Adernaline 0.'

2018-05-28 11:05:25 - [MESSAGE][PASSED] - All options with index in [6] are selected on object 'Object Repository/HealthpostToStore/Page_HealthPost Store/select_--Select--Adernaline 0.'

2018-05-28 11:05:25 - [TEST_STEP][PASSED] - setText: Text '10' is set on object 'Object Repository/HealthpostToStore/Page_HealthPost Store/input_txttreat'

2018-05-28 11:05:26 - [MESSAGE][PASSED] - Text '10' is set on object 'Object Repository/HealthpostToStore/Page_HealthPost Store/input_txttreat'

2018-05-28 11:05:26 - [TEST_STEP][PASSED] - click: Object: 'Object Repository/HealthpostToStore/Page_HealthPost Store/button_Add' is clicked on

2018-05-28 11:05:26 - [MESSAGE][PASSED] - Object: 'Object Repository/HealthpostToStore/Page_HealthPost Store/button_Add' is clicked on

2018-05-28 11:05:26 - [TEST_STEP][PASSED] - selectOptionByIndex: All options with index in [11] are selected on object 'Object Repository/HealthpostToStore/Page_HealthPost Store/select_--Select--Schedule 1Inj'

2018-05-28 11:05:26 - [MESSAGE][PASSED] - All options with index in [11] are selected on object 'Object Repository/HealthpostToStore/Page_HealthPost Store/select_--Select--Schedule 1Inj'

2018-05-28 11:05:26 - [TEST_STEP][PASSED] - selectOptionByIndex: All options with index in [7] are selected on object 'Object Repository/HealthpostToStore/Page_HealthPost Store/select_--Select--Adernaline 0.'

2018-05-28 11:05:26 - [MESSAGE][PASSED] - All options with index in [7] are selected on object 'Object Repository/HealthpostToStore/Page_HealthPost Store/select_--Select--Adernaline 0.'

2018-05-28 11:05:26 - [TEST_STEP][PASSED] - setText: Text '10' is set on object 'Object Repository/HealthpostToStore/Page_HealthPost Store/input_txttreat'

2018-05-28 11:05:26 - [MESSAGE][PASSED] - Text '10' is set on object 'Object Repository/HealthpostToStore/Page_HealthPost Store/input_txttreat'

2018-05-28 11:05:26 - [TEST_STEP][PASSED] - click: Object: 'Object Repository/HealthpostToStore/Page_HealthPost Store/button_Add' is clicked on

2018-05-28 11:05:26 - [MESSAGE][PASSED] - Object: 'Object Repository/HealthpostToStore/Page_HealthPost Store/button_Add' is clicked on

2018-05-28 11:05:26 - [TEST_STEP][PASSED] - selectOptionByIndex: All options with index in [11] are selected on object 'Object Repository/HealthpostToStore/Page_HealthPost Store/select_--Select--Schedule 1Inj'

2018-05-28 11:05:26 - [MESSAGE][PASSED] - All options with index in [11] are selected on object 'Object Repository/HealthpostToStore/Page_HealthPost Store/select_--Select--Schedule 1Inj'

2018-05-28 11:05:26 - [TEST_STEP][PASSED] - selectOptionByIndex: All options with index in [8] are selected on object 'Object Repository/HealthpostToStore/Page_HealthPost Store/select_--Select--Adernaline 0.'

2018-05-28 11:05:27 - [MESSAGE][PASSED] - All options with index in [8] are selected on object 'Object Repository/HealthpostToStore/Page_HealthPost Store/select_--Select--Adernaline 0.'

2018-05-28 11:05:27 - [TEST_STEP][PASSED] - setText: Text '10' is set on object 'Object Repository/HealthpostToStore/Page_HealthPost Store/input_txttreat'

2018-05-28 11:05:27 - [MESSAGE][PASSED] - Text '10' is set on object 'Object Repository/HealthpostToStore/Page_HealthPost Store/input_txttreat'

2018-05-28 11:05:27 - [TEST_STEP][PASSED] - click: Object: 'Object Repository/HealthpostToStore/Page_HealthPost Store/button_Add' is clicked on

2018-05-28 11:05:27 - [MESSAGE][PASSED] - Object: 'Object Repository/HealthpostToStore/Page_HealthPost Store/button_Add' is clicked on

2018-05-28 11:05:27 - [TEST_STEP][PASSED] - selectOptionByIndex: All options with index in [11] are selected on object 'Object Repository/HealthpostToStore/Page_HealthPost Store/select_--Select--Schedule 1Inj'

2018-05-28 11:05:27 - [MESSAGE][PASSED] - All options with index in [11] are selected on object 'Object Repository/HealthpostToStore/Page_HealthPost Store/select_--Select--Schedule 1Inj'

2018-05-28 11:05:27 - [TEST_STEP][PASSED] - selectOptionByIndex: All options with index in [9] are selected on object 'Object Repository/HealthpostToStore/Page_HealthPost Store/select_--Select--Adernaline 0.'

2018-05-28 11:05:27 - [MESSAGE][PASSED] - All options with index in [9] are selected on object 'Object Repository/HealthpostToStore/Page_HealthPost Store/select_--Select--Adernaline 0.'

2018-05-28 11:05:27 - [TEST_STEP][PASSED] - setText: Text '10' is set on object 'Object Repository/HealthpostToStore/Page_HealthPost Store/input_txttreat'

2018-05-28 11:05:27 - [MESSAGE][PASSED] - Text '10' is set on object 'Object Repository/HealthpostToStore/Page_HealthPost Store/input_txttreat'

2018-05-28 11:05:27 - [TEST_STEP][PASSED] - click: Object: 'Object Repository/HealthpostToStore/Page_HealthPost Store/button_Add' is clicked on

2018-05-28 11:05:27 - [MESSAGE][PASSED] - Object: 'Object Repository/HealthpostToStore/Page_HealthPost Store/button_Add' is clicked on

2018-05-28 11:05:27 - [TEST_STEP][PASSED] - selectOptionByIndex: All options with index in [11] are selected on object 'Object Repository/HealthpostToStore/Page_HealthPost Store/select_--Select--Schedule 1Inj'

2018-05-28 11:05:28 - [MESSAGE][PASSED] - All options with index in [11] are selected on object 'Object Repository/HealthpostToStore/Page_HealthPost Store/select_--Select--Schedule 1Inj'

2018-05-28 11:05:28 - [TEST_STEP][PASSED] - selectOptionByIndex: All options with index in [10] are selected on object 'Object Repository/HealthpostToStore/Page_HealthPost Store/select_--Select--Adernaline 0.'

2018-05-28 11:05:28 - [MESSAGE][PASSED] - All options with index in [10] are selected on object 'Object Repository/HealthpostToStore/Page_HealthPost Store/select_--Select--Adernaline 0.'

2018-05-28 11:05:28 - [TEST_STEP][PASSED] - setText: Text '10' is set on object 'Object Repository/HealthpostToStore/Page_HealthPost Store/input_txttreat'

2018-05-28 11:05:28 - [MESSAGE][PASSED] - Text '10' is set on object 'Object Repository/HealthpostToStore/Page_HealthPost Store/input_txttreat'

2018-05-28 11:05:28 - [TEST_STEP][PASSED] - click: Object: 'Object Repository/HealthpostToStore/Page_HealthPost Store/button_Add' is clicked on

2018-05-28 11:05:28 - [MESSAGE][PASSED] - Object: 'Object Repository/HealthpostToStore/Page_HealthPost Store/button_Add' is clicked on

2018-05-28 11:05:28 - [TEST_STEP][PASSED] - selectOptionByIndex: All options with index in [11] are selected on object 'Object Repository/HealthpostToStore/Page_HealthPost Store/select_--Select--Schedule 1Inj'

2018-05-28 11:05:28 - [MESSAGE][PASSED] - All options with index in [11] are selected on object 'Object Repository/HealthpostToStore/Page_HealthPost Store/select_--Select--Schedule 1Inj'

2018-05-28 11:05:28 - [TEST_STEP][PASSED] - selectOptionByIndex: All options with index in [11] are selected on object 'Object Repository/HealthpostToStore/Page_HealthPost Store/select_--Select--Adernaline 0.'

2018-05-28 11:05:28 - [MESSAGE][PASSED] - All options with index in [11] are selected on object 'Object Repository/HealthpostToStore/Page_HealthPost Store/select_--Select--Adernaline 0.'

2018-05-28 11:05:28 - [TEST_STEP][PASSED] - setText: Text '10' is set on object 'Object Repository/HealthpostToStore/Page_HealthPost Store/input_txttreat'

2018-05-28 11:05:28 - [MESSAGE][PASSED] - Text '10' is set on object 'Object Repository/HealthpostToStore/Page_HealthPost Store/input_txttreat'

2018-05-28 11:05:28 - [TEST_STEP][PASSED] - click: Object: 'Object Repository/HealthpostToStore/Page_HealthPost Store/button_Add' is clicked on

2018-05-28 11:05:28 - [MESSAGE][PASSED] - Object: 'Object Repository/HealthpostToStore/Page_HealthPost Store/button_Add' is clicked on

2018-05-28 11:05:28 - [TEST_STEP][PASSED] - selectOptionByIndex: All options with index in [11] are selected on object 'Object Repository/HealthpostToStore/Page_HealthPost Store/select_--Select--Schedule 1Inj'

2018-05-28 11:05:29 - [MESSAGE][PASSED] - All options with index in [11] are selected on object 'Object Repository/HealthpostToStore/Page_HealthPost Store/select_--Select--Schedule 1Inj'

2018-05-28 11:05:29 - [TEST_STEP][PASSED] - selectOptionByIndex: All options with index in [12] are selected on object 'Object Repository/HealthpostToStore/Page_HealthPost Store/select_--Select--Adernaline 0.'

2018-05-28 11:05:29 - [MESSAGE][PASSED] - All options with index in [12] are selected on object 'Object Repository/HealthpostToStore/Page_HealthPost Store/select_--Select--Adernaline 0.'

2018-05-28 11:05:29 - [TEST_STEP][PASSED] - setText: Text '10' is set on object 'Object Repository/HealthpostToStore/Page_HealthPost Store/input_txttreat'

2018-05-28 11:05:29 - [MESSAGE][PASSED] - Text '10' is set on object 'Object Repository/HealthpostToStore/Page_HealthPost Store/input_txttreat'

2018-05-28 11:05:29 - [TEST_STEP][PASSED] - click: Object: 'Object Repository/HealthpostToStore/Page_HealthPost Store/button_Add' is clicked on

2018-05-28 11:05:29 - [MESSAGE][PASSED] - Object: 'Object Repository/HealthpostToStore/Page_HealthPost Store/button_Add' is clicked on

2018-05-28 11:05:29 - [TEST_STEP][PASSED] - selectOptionByIndex: All options with index in [11] are selected on object 'Object Repository/HealthpostToStore/Page_HealthPost Store/select_--Select--Schedule 1Inj'

2018-05-28 11:05:29 - [MESSAGE][PASSED] - All options with index in [11] are selected on object 'Object Repository/HealthpostToStore/Page_HealthPost Store/select_--Select--Schedule 1Inj'

2018-05-28 11:05:29 - [TEST_STEP][PASSED] - selectOptionByIndex: All options with index in [13] are selected on object 'Object Repository/HealthpostToStore/Page_HealthPost Store/select_--Select--Adernaline 0.'

2018-05-28 11:05:30 - [MESSAGE][PASSED] - All options with index in [13] are selected on object 'Object Repository/HealthpostToStore/Page_HealthPost Store/select_--Select--Adernaline 0.'

2018-05-28 11:05:30 - [TEST_STEP][PASSED] - setText: Text '10' is set on object 'Object Repository/HealthpostToStore/Page_HealthPost Store/input_txttreat'

2018-05-28 11:05:30 - [MESSAGE][PASSED] - Text '10' is set on object 'Object Repository/HealthpostToStore/Page_HealthPost Store/input_txttreat'

2018-05-28 11:05:30 - [TEST_STEP][PASSED] - click: Object: 'Object Repository/HealthpostToStore/Page_HealthPost Store/button_Add' is clicked on

2018-05-28 11:05:30 - [MESSAGE][PASSED] - Object: 'Object Repository/HealthpostToStore/Page_HealthPost Store/button_Add' is clicked on

2018-05-28 11:05:30 - [TEST_STEP][PASSED] - selectOptionByIndex: All options with index in [11] are selected on object 'Object Repository/HealthpostToStore/Page_HealthPost Store/select_--Select--Schedule 1Inj'

2018-05-28 11:05:30 - [MESSAGE][PASSED] - All options with index in [11] are selected on object 'Object Repository/HealthpostToStore/Page_HealthPost Store/select_--Select--Schedule 1Inj'

2018-05-28 11:05:30 - [TEST_STEP][PASSED] - selectOptionByIndex: All options with index in [14] are selected on object 'Object Repository/HealthpostToStore/Page_HealthPost Store/select_--Select--Adernaline 0.'

2018-05-28 11:05:30 - [MESSAGE][PASSED] - All options with index in [14] are selected on object 'Object Repository/HealthpostToStore/Page_HealthPost Store/select_--Select--Adernaline 0.'

2018-05-28 11:05:30 - [TEST_STEP][PASSED] - setText: Text '10' is set on object 'Object Repository/HealthpostToStore/Page_HealthPost Store/input_txttreat'

2018-05-28 11:05:30 - [MESSAGE][PASSED] - Text '10' is set on object 'Object Repository/HealthpostToStore/Page_HealthPost Store/input_txttreat'

2018-05-28 11:05:30 - [TEST_STEP][PASSED] - click: Object: 'Object Repository/HealthpostToStore/Page_HealthPost Store/button_Add' is clicked on

2018-05-28 11:05:30 - [MESSAGE][PASSED] - Object: 'Object Repository/HealthpostToStore/Page_HealthPost Store/button_Add' is clicked on

2018-05-28 11:05:30 - [TEST_STEP][PASSED] - selectOptionByIndex: All options with index in [11] are selected on object 'Object Repository/HealthpostToStore/Page_HealthPost Store/select_--Select--Schedule 1Inj'

2018-05-28 11:05:31 - [MESSAGE][PASSED] - All options with index in [11] are selected on object 'Object Repository/HealthpostToStore/Page_HealthPost Store/select_--Select--Schedule 1Inj'

2018-05-28 11:05:31 - [TEST_STEP][PASSED] - selectOptionByIndex: All options with index in [15] are selected on object 'Object Repository/HealthpostToStore/Page_HealthPost Store/select_--Select--Adernaline 0.'

2018-05-28 11:05:31 - [MESSAGE][PASSED] - All options with index in [15] are selected on object 'Object Repository/HealthpostToStore/Page_HealthPost Store/select_--Select--Adernaline 0.'

2018-05-28 11:05:31 - [TEST_STEP][PASSED] - setText: Text '10' is set on object 'Object Repository/HealthpostToStore/Page_HealthPost Store/input_txttreat'

2018-05-28 11:05:31 - [MESSAGE][PASSED] - Text '10' is set on object 'Object Repository/HealthpostToStore/Page_HealthPost Store/input_txttreat'

2018-05-28 11:05:31 - [TEST_STEP][PASSED] - click: Object: 'Object Repository/HealthpostToStore/Page_HealthPost Store/button_Add' is clicked on

2018-05-28 11:05:31 - [MESSAGE][PASSED] - Object: 'Object Repository/HealthpostToStore/Page_HealthPost Store/button_Add' is clicked on

2018-05-28 11:05:31 - [TEST_STEP][PASSED] - selectOptionByIndex: All options with index in [11] are selected on object 'Object Repository/HealthpostToStore/Page_HealthPost Store/select_--Select--Schedule 1Inj'

2018-05-28 11:05:31 - [MESSAGE][PASSED] - All options with index in [11] are selected on object 'Object Repository/HealthpostToStore/Page_HealthPost Store/select_--Select--Schedule 1Inj'

2018-05-28 11:05:31 - [TEST_STEP][PASSED] - selectOptionByIndex: All options with index in [16] are selected on object 'Object Repository/HealthpostToStore/Page_HealthPost Store/select_--Select--Adernaline 0.'

2018-05-28 11:05:31 - [MESSAGE][PASSED] - All options with index in [16] are selected on object 'Object Repository/HealthpostToStore/Page_HealthPost Store/select_--Select--Adernaline 0.'

2018-05-28 11:05:31 - [TEST_STEP][PASSED] - setText: Text '10' is set on object 'Object Repository/HealthpostToStore/Page_HealthPost Store/input_txttreat'

2018-05-28 11:05:32 - [MESSAGE][PASSED] - Text '10' is set on object 'Object Repository/HealthpostToStore/Page_HealthPost Store/input_txttreat'

2018-05-28 11:05:32 - [TEST_STEP][PASSED] - click: Object: 'Object Repository/HealthpostToStore/Page_HealthPost Store/button_Add' is clicked on

2018-05-28 11:05:32 - [MESSAGE][PASSED] - Object: 'Object Repository/HealthpostToStore/Page_HealthPost Store/button_Add' is clicked on

2018-05-28 11:05:32 - [TEST_STEP][PASSED] - selectOptionByIndex: All options with index in [11] are selected on object 'Object Repository/HealthpostToStore/Page_HealthPost Store/select_--Select--Schedule 1Inj'

2018-05-28 11:05:32 - [MESSAGE][PASSED] - All options with index in [11] are selected on object 'Object Repository/HealthpostToStore/Page_HealthPost Store/select_--Select--Schedule 1Inj'

2018-05-28 11:05:32 - [TEST_STEP][PASSED] - selectOptionByIndex: All options with index in [17] are selected on object 'Object Repository/HealthpostToStore/Page_HealthPost Store/select_--Select--Adernaline 0.'

2018-05-28 11:05:32 - [MESSAGE][PASSED] - All options with index in [17] are selected on object 'Object Repository/HealthpostToStore/Page_HealthPost Store/select_--Select--Adernaline 0.'

2018-05-28 11:05:32 - [TEST_STEP][PASSED] - setText: Text '10' is set on object 'Object Repository/HealthpostToStore/Page_HealthPost Store/input_txttreat'

2018-05-28 11:05:32 - [MESSAGE][PASSED] - Text '10' is set on object 'Object Repository/HealthpostToStore/Page_HealthPost Store/input_txttreat'

2018-05-28 11:05:32 - [TEST_STEP][PASSED] - click: Object: 'Object Repository/HealthpostToStore/Page_HealthPost Store/button_Add' is clicked on

2018-05-28 11:05:32 - [MESSAGE][PASSED] - Object: 'Object Repository/HealthpostToStore/Page_HealthPost Store/button_Add' is clicked on

2018-05-28 11:05:32 - [TEST_STEP][PASSED] - selectOptionByIndex: All options with index in [11] are selected on object 'Object Repository/HealthpostToStore/Page_HealthPost Store/select_--Select--Schedule 1Inj'

2018-05-28 11:05:33 - [MESSAGE][PASSED] - All options with index in [11] are selected on object 'Object Repository/HealthpostToStore/Page_HealthPost Store/select_--Select--Schedule 1Inj'

2018-05-28 11:05:33 - [TEST_STEP][PASSED] - selectOptionByIndex: All options with index in [18] are selected on object 'Object Repository/HealthpostToStore/Page_HealthPost Store/select_--Select--Adernaline 0.'

2018-05-28 11:05:33 - [MESSAGE][PASSED] - All options with index in [18] are selected on object 'Object Repository/HealthpostToStore/Page_HealthPost Store/select_--Select--Adernaline 0.'

2018-05-28 11:05:33 - [TEST_STEP][PASSED] - setText: Text '10' is set on object 'Object Repository/HealthpostToStore/Page_HealthPost Store/input_txttreat'

2018-05-28 11:05:33 - [MESSAGE][PASSED] - Text '10' is set on object 'Object Repository/HealthpostToStore/Page_HealthPost Store/input_txttreat'

2018-05-28 11:05:33 - [TEST_STEP][PASSED] - click: Object: 'Object Repository/HealthpostToStore/Page_HealthPost Store/button_Add' is clicked on

2018-05-28 11:05:33 - [MESSAGE][PASSED] - Object: 'Object Repository/HealthpostToStore/Page_HealthPost Store/button_Add' is clicked on

2018-05-28 11:05:33 - [TEST_STEP][PASSED] - selectOptionByIndex: All options with index in [11] are selected on object 'Object Repository/HealthpostToStore/Page_HealthPost Store/select_--Select--Schedule 1Inj'

2018-05-28 11:05:33 - [MESSAGE][PASSED] - All options with index in [11] are selected on object 'Object Repository/HealthpostToStore/Page_HealthPost Store/select_--Select--Schedule 1Inj'

2018-05-28 11:05:33 - [TEST_STEP][PASSED] - selectOptionByIndex: All options with index in [19] are selected on object 'Object Repository/HealthpostToStore/Page_HealthPost Store/select_--Select--Adernaline 0.'

2018-05-28 11:05:33 - [MESSAGE][PASSED] - All options with index in [19] are selected on object 'Object Repository/HealthpostToStore/Page_HealthPost Store/select_--Select--Adernaline 0.'

2018-05-28 11:05:33 - [TEST_STEP][PASSED] - setText: Text '10' is set on object 'Object Repository/HealthpostToStore/Page_HealthPost Store/input_txttreat'

2018-05-28 11:05:34 - [MESSAGE][PASSED] - Text '10' is set on object 'Object Repository/HealthpostToStore/Page_HealthPost Store/input_txttreat'

2018-05-28 11:05:34 - [TEST_STEP][PASSED] - click: Object: 'Object Repository/HealthpostToStore/Page_HealthPost Store/button_Add' is clicked on

2018-05-28 11:05:34 - [MESSAGE][PASSED] - Object: 'Object Repository/HealthpostToStore/Page_HealthPost Store/button_Add' is clicked on

2018-05-28 11:05:34 - [TEST_STEP][PASSED] - selectOptionByIndex: All options with index in [11] are selected on object 'Object Repository/HealthpostToStore/Page_HealthPost Store/select_--Select--Schedule 1Inj'

2018-05-28 11:05:34 - [MESSAGE][PASSED] - All options with index in [11] are selected on object 'Object Repository/HealthpostToStore/Page_HealthPost Store/select_--Select--Schedule 1Inj'

2018-05-28 11:05:34 - [TEST_STEP][PASSED] - selectOptionByIndex: All options with index in [20] are selected on object 'Object Repository/HealthpostToStore/Page_HealthPost Store/select_--Select--Adernaline 0.'

2018-05-28 11:05:34 - [MESSAGE][PASSED] - All options with index in [20] are selected on object 'Object Repository/HealthpostToStore/Page_HealthPost Store/select_--Select--Adernaline 0.'

2018-05-28 11:05:34 - [TEST_STEP][PASSED] - setText: Text '10' is set on object 'Object Repository/HealthpostToStore/Page_HealthPost Store/input_txttreat'

2018-05-28 11:05:34 - [MESSAGE][PASSED] - Text '10' is set on object 'Object Repository/HealthpostToStore/Page_HealthPost Store/input_txttreat'

2018-05-28 11:05:34 - [TEST_STEP][PASSED] - click: Object: 'Object Repository/HealthpostToStore/Page_HealthPost Store/button_Add' is clicked on

2018-05-28 11:05:34 - [MESSAGE][PASSED] - Object: 'Object Repository/HealthpostToStore/Page_HealthPost Store/button_Add' is clicked on

2018-05-28 11:05:34 - [TEST_STEP][PASSED] - selectOptionByIndex: All options with index in [11] are selected on object 'Object Repository/HealthpostToStore/Page_HealthPost Store/select_--Select--Schedule 1Inj'

2018-05-28 11:05:35 - [MESSAGE][PASSED] - All options with index in [11] are selected on object 'Object Repository/HealthpostToStore/Page_HealthPost Store/select_--Select--Schedule 1Inj'

2018-05-28 11:05:35 - [TEST_STEP][PASSED] - selectOptionByIndex: All options with index in [21] are selected on object 'Object Repository/HealthpostToStore/Page_HealthPost Store/select_--Select--Adernaline 0.'

2018-05-28 11:05:35 - [MESSAGE][PASSED] - All options with index in [21] are selected on object 'Object Repository/HealthpostToStore/Page_HealthPost Store/select_--Select--Adernaline 0.'

2018-05-28 11:05:35 - [TEST_STEP][PASSED] - setText: Text '10' is set on object 'Object Repository/HealthpostToStore/Page_HealthPost Store/input_txttreat'

2018-05-28 11:05:35 - [MESSAGE][PASSED] - Text '10' is set on object 'Object Repository/HealthpostToStore/Page_HealthPost Store/input_txttreat'

2018-05-28 11:05:35 - [TEST_STEP][PASSED] - click: Object: 'Object Repository/HealthpostToStore/Page_HealthPost Store/button_Add' is clicked on

2018-05-28 11:05:35 - [MESSAGE][PASSED] - Object: 'Object Repository/HealthpostToStore/Page_HealthPost Store/button_Add' is clicked on

2018-05-28 11:05:35 - [TEST_STEP][PASSED] - selectOptionByIndex: All options with index in [11] are selected on object 'Object Repository/HealthpostToStore/Page_HealthPost Store/select_--Select--Schedule 1Inj'

2018-05-28 11:05:35 - [MESSAGE][PASSED] - All options with index in [11] are selected on object 'Object Repository/HealthpostToStore/Page_HealthPost Store/select_--Select--Schedule 1Inj'

2018-05-28 11:05:35 - [TEST_STEP][PASSED] - selectOptionByIndex: All options with index in [22] are selected on object 'Object Repository/HealthpostToStore/Page_HealthPost Store/select_--Select--Adernaline 0.'

2018-05-28 11:05:36 - [MESSAGE][PASSED] - All options with index in [22] are selected on object 'Object Repository/HealthpostToStore/Page_HealthPost Store/select_--Select--Adernaline 0.'

2018-05-28 11:05:36 - [TEST_STEP][PASSED] - setText: Text '10' is set on object 'Object Repository/HealthpostToStore/Page_HealthPost Store/input_txttreat'

2018-05-28 11:05:36 - [MESSAGE][PASSED] - Text '10' is set on object 'Object Repository/HealthpostToStore/Page_HealthPost Store/input_txttreat'

2018-05-28 11:05:36 - [TEST_STEP][PASSED] - click: Object: 'Object Repository/HealthpostToStore/Page_HealthPost Store/button_Add' is clicked on

2018-05-28 11:05:36 - [MESSAGE][PASSED] - Object: 'Object Repository/HealthpostToStore/Page_HealthPost Store/button_Add' is clicked on

2018-05-28 11:05:36 - [TEST_STEP][PASSED] - selectOptionByIndex: All options with index in [11] are selected on object 'Object Repository/HealthpostToStore/Page_HealthPost Store/select_--Select--Schedule 1Inj'

2018-05-28 11:05:36 - [MESSAGE][PASSED] - All options with index in [11] are selected on object 'Object Repository/HealthpostToStore/Page_HealthPost Store/select_--Select--Schedule 1Inj'

2018-05-28 11:05:36 - [TEST_STEP][PASSED] - selectOptionByIndex: All options with index in [23] are selected on object 'Object Repository/HealthpostToStore/Page_HealthPost Store/select_--Select--Adernaline 0.'

2018-05-28 11:05:36 - [MESSAGE][PASSED] - All options with index in [23] are selected on object 'Object Repository/HealthpostToStore/Page_HealthPost Store/select_--Select--Adernaline 0.'

2018-05-28 11:05:36 - [TEST_STEP][PASSED] - setText: Text '10' is set on object 'Object Repository/HealthpostToStore/Page_HealthPost Store/input_txttreat'

2018-05-28 11:05:36 - [MESSAGE][PASSED] - Text '10' is set on object 'Object Repository/HealthpostToStore/Page_HealthPost Store/input_txttreat'

2018-05-28 11:05:36 - [TEST_STEP][PASSED] - click: Object: 'Object Repository/HealthpostToStore/Page_HealthPost Store/button_Add' is clicked on

2018-05-28 11:05:36 - [MESSAGE][PASSED] - Object: 'Object Repository/HealthpostToStore/Page_HealthPost Store/button_Add' is clicked on

2018-05-28 11:05:36 - [TEST_STEP][PASSED] - selectOptionByIndex: All options with index in [11] are selected on object 'Object Repository/HealthpostToStore/Page_HealthPost Store/select_--Select--Schedule 1Inj'

2018-05-28 11:05:37 - [MESSAGE][PASSED] - All options with index in [11] are selected on object 'Object Repository/HealthpostToStore/Page_HealthPost Store/select_--Select--Schedule 1Inj'

2018-05-28 11:05:37 - [TEST_STEP][PASSED] - selectOptionByIndex: All options with index in [24] are selected on object 'Object Repository/HealthpostToStore/Page_HealthPost Store/select_--Select--Adernaline 0.'

2018-05-28 11:05:37 - [MESSAGE][PASSED] - All options with index in [24] are selected on object 'Object Repository/HealthpostToStore/Page_HealthPost Store/select_--Select--Adernaline 0.'

2018-05-28 11:05:37 - [TEST_STEP][PASSED] - setText: Text '10' is set on object 'Object Repository/HealthpostToStore/Page_HealthPost Store/input_txttreat'

2018-05-28 11:05:37 - [MESSAGE][PASSED] - Text '10' is set on object 'Object Repository/HealthpostToStore/Page_HealthPost Store/input_txttreat'

2018-05-28 11:05:37 - [TEST_STEP][PASSED] - click: Object: 'Object Repository/HealthpostToStore/Page_HealthPost Store/button_Add' is clicked on

2018-05-28 11:05:37 - [MESSAGE][PASSED] - Object: 'Object Repository/HealthpostToStore/Page_HealthPost Store/button_Add' is clicked on

2018-05-28 11:05:37 - [TEST_STEP][PASSED] - selectOptionByIndex: All options with index in [11] are selected on object 'Object Repository/HealthpostToStore/Page_HealthPost Store/select_--Select--Schedule 1Inj'

2018-05-28 11:05:37 - [MESSAGE][PASSED] - All options with index in [11] are selected on object 'Object Repository/HealthpostToStore/Page_HealthPost Store/select_--Select--Schedule 1Inj'

2018-05-28 11:05:37 - [TEST_STEP][PASSED] - selectOptionByIndex: All options with index in [25] are selected on object 'Object Repository/HealthpostToStore/Page_HealthPost Store/select_--Select--Adernaline 0.'

2018-05-28 11:05:38 - [MESSAGE][PASSED] - All options with index in [25] are selected on object 'Object Repository/HealthpostToStore/Page_HealthPost Store/select_--Select--Adernaline 0.'

2018-05-28 11:05:38 - [TEST_STEP][PASSED] - setText: Text '10' is set on object 'Object Repository/HealthpostToStore/Page_HealthPost Store/input_txttreat'

2018-05-28 11:05:38 - [MESSAGE][PASSED] - Text '10' is set on object 'Object Repository/HealthpostToStore/Page_HealthPost Store/input_txttreat'

2018-05-28 11:05:38 - [TEST_STEP][PASSED] - click: Object: 'Object Repository/HealthpostToStore/Page_HealthPost Store/button_Add' is clicked on

2018-05-28 11:05:38 - [MESSAGE][PASSED] - Object: 'Object Repository/HealthpostToStore/Page_HealthPost Store/button_Add' is clicked on

2018-05-28 11:05:38 - [TEST_STEP][PASSED] - selectOptionByIndex: All options with index in [11] are selected on object 'Object Repository/HealthpostToStore/Page_HealthPost Store/select_--Select--Schedule 1Inj'

2018-05-28 11:05:38 - [MESSAGE][PASSED] - All options with index in [11] are selected on object 'Object Repository/HealthpostToStore/Page_HealthPost Store/select_--Select--Schedule 1Inj'

2018-05-28 11:05:38 - [TEST_STEP][PASSED] - selectOptionByIndex: All options with index in [26] are selected on object 'Object Repository/HealthpostToStore/Page_HealthPost Store/select_--Select--Adernaline 0.'

2018-05-28 11:05:38 - [MESSAGE][PASSED] - All options with index in [26] are selected on object 'Object Repository/HealthpostToStore/Page_HealthPost Store/select_--Select--Adernaline 0.'

2018-05-28 11:05:38 - [TEST_STEP][PASSED] - setText: Text '10' is set on object 'Object Repository/HealthpostToStore/Page_HealthPost Store/input_txttreat'

2018-05-28 11:05:39 - [MESSAGE][PASSED] - Text '10' is set on object 'Object Repository/HealthpostToStore/Page_HealthPost Store/input_txttreat'

2018-05-28 11:05:39 - [TEST_STEP][PASSED] - click: Object: 'Object Repository/HealthpostToStore/Page_HealthPost Store/button_Add' is clicked on

2018-05-28 11:05:39 - [MESSAGE][PASSED] - Object: 'Object Repository/HealthpostToStore/Page_HealthPost Store/button_Add' is clicked on

2018-05-28 11:05:39 - [TEST_STEP][PASSED] - selectOptionByIndex: All options with index in [11] are selected on object 'Object Repository/HealthpostToStore/Page_HealthPost Store/select_--Select--Schedule 1Inj'

2018-05-28 11:05:39 - [MESSAGE][PASSED] - All options with index in [11] are selected on object 'Object Repository/HealthpostToStore/Page_HealthPost Store/select_--Select--Schedule 1Inj'

2018-05-28 11:05:39 - [TEST_STEP][PASSED] - selectOptionByIndex: All options with index in [27] are selected on object 'Object Repository/HealthpostToStore/Page_HealthPost Store/select_--Select--Adernaline 0.'

2018-05-28 11:05:39 - [MESSAGE][PASSED] - All options with index in [27] are selected on object 'Object Repository/HealthpostToStore/Page_HealthPost Store/select_--Select--Adernaline 0.'

2018-05-28 11:05:39 - [TEST_STEP][PASSED] - setText: Text '10' is set on object 'Object Repository/HealthpostToStore/Page_HealthPost Store/input_txttreat'

2018-05-28 11:05:39 - [MESSAGE][PASSED] - Text '10' is set on object 'Object Repository/HealthpostToStore/Page_HealthPost Store/input_txttreat'

2018-05-28 11:05:39 - [TEST_STEP][PASSED] - click: Object: 'Object Repository/HealthpostToStore/Page_HealthPost Store/button_Add' is clicked on

2018-05-28 11:05:39 - [MESSAGE][PASSED] - Object: 'Object Repository/HealthpostToStore/Page_HealthPost Store/button_Add' is clicked on

2018-05-28 11:05:39 - [TEST_STEP][PASSED] - selectOptionByIndex: All options with index in [11] are selected on object 'Object Repository/HealthpostToStore/Page_HealthPost Store/select_--Select--Schedule 1Inj'

2018-05-28 11:05:40 - [MESSAGE][PASSED] - All options with index in [11] are selected on object 'Object Repository/HealthpostToStore/Page_HealthPost Store/select_--Select--Schedule 1Inj'

2018-05-28 11:05:40 - [TEST_STEP][PASSED] - selectOptionByIndex: All options with index in [28] are selected on object 'Object Repository/HealthpostToStore/Page_HealthPost Store/select_--Select--Adernaline 0.'

2018-05-28 11:05:40 - [MESSAGE][PASSED] - All options with index in [28] are selected on object 'Object Repository/HealthpostToStore/Page_HealthPost Store/select_--Select--Adernaline 0.'

2018-05-28 11:05:40 - [TEST_STEP][PASSED] - setText: Text '10' is set on object 'Object Repository/HealthpostToStore/Page_HealthPost Store/input_txttreat'

2018-05-28 11:05:40 - [MESSAGE][PASSED] - Text '10' is set on object 'Object Repository/HealthpostToStore/Page_HealthPost Store/input_txttreat'

2018-05-28 11:05:40 - [TEST_STEP][PASSED] - click: Object: 'Object Repository/HealthpostToStore/Page_HealthPost Store/button_Add' is clicked on

2018-05-28 11:05:40 - [MESSAGE][PASSED] - Object: 'Object Repository/HealthpostToStore/Page_HealthPost Store/button_Add' is clicked on

2018-05-28 11:05:40 - [TEST_STEP][PASSED] - selectOptionByIndex: All options with index in [11] are selected on object 'Object Repository/HealthpostToStore/Page_HealthPost Store/select_--Select--Schedule 1Inj'

2018-05-28 11:05:40 - [MESSAGE][PASSED] - All options with index in [11] are selected on object 'Object Repository/HealthpostToStore/Page_HealthPost Store/select_--Select--Schedule 1Inj'

2018-05-28 11:05:40 - [TEST_STEP][PASSED] - selectOptionByIndex: All options with index in [29] are selected on object 'Object Repository/HealthpostToStore/Page_HealthPost Store/select_--Select--Adernaline 0.'

2018-05-28 11:05:41 - [MESSAGE][PASSED] - All options with index in [29] are selected on object 'Object Repository/HealthpostToStore/Page_HealthPost Store/select_--Select--Adernaline 0.'

2018-05-28 11:05:41 - [TEST_STEP][PASSED] - setText: Text '10' is set on object 'Object Repository/HealthpostToStore/Page_HealthPost Store/input_txttreat'

2018-05-28 11:05:41 - [MESSAGE][PASSED] - Text '10' is set on object 'Object Repository/HealthpostToStore/Page_HealthPost Store/input_txttreat'

2018-05-28 11:05:41 - [TEST_STEP][PASSED] - click: Object: 'Object Repository/HealthpostToStore/Page_HealthPost Store/button_Add' is clicked on

2018-05-28 11:05:41 - [MESSAGE][PASSED] - Object: 'Object Repository/HealthpostToStore/Page_HealthPost Store/button_Add' is clicked on

2018-05-28 11:05:41 - [TEST_STEP][PASSED] - selectOptionByIndex: All options with index in [11] are selected on object 'Object Repository/HealthpostToStore/Page_HealthPost Store/select_--Select--Schedule 1Inj'

2018-05-28 11:05:41 - [MESSAGE][PASSED] - All options with index in [11] are selected on object 'Object Repository/HealthpostToStore/Page_HealthPost Store/select_--Select--Schedule 1Inj'

2018-05-28 11:05:41 - [TEST_STEP][PASSED] - selectOptionByIndex: All options with index in [30] are selected on object 'Object Repository/HealthpostToStore/Page_HealthPost Store/select_--Select--Adernaline 0.'

2018-05-28 11:05:41 - [MESSAGE][PASSED] - All options with index in [30] are selected on object 'Object Repository/HealthpostToStore/Page_HealthPost Store/select_--Select--Adernaline 0.'

2018-05-28 11:05:41 - [TEST_STEP][PASSED] - setText: Text '10' is set on object 'Object Repository/HealthpostToStore/Page_HealthPost Store/input_txttreat'

2018-05-28 11:05:42 - [MESSAGE][PASSED] - Text '10' is set on object 'Object Repository/HealthpostToStore/Page_HealthPost Store/input_txttreat'

2018-05-28 11:05:42 - [TEST_STEP][PASSED] - click: Object: 'Object Repository/HealthpostToStore/Page_HealthPost Store/button_Add' is clicked on

2018-05-28 11:05:42 - [MESSAGE][PASSED] - Object: 'Object Repository/HealthpostToStore/Page_HealthPost Store/button_Add' is clicked on

2018-05-28 11:05:42 - [TEST_STEP][PASSED] - selectOptionByIndex: All options with index in [11] are selected on object 'Object Repository/HealthpostToStore/Page_HealthPost Store/select_--Select--Schedule 1Inj'

2018-05-28 11:05:42 - [MESSAGE][PASSED] - All options with index in [11] are selected on object 'Object Repository/HealthpostToStore/Page_HealthPost Store/select_--Select--Schedule 1Inj'

2018-05-28 11:05:42 - [TEST_STEP][PASSED] - selectOptionByIndex: All options with index in [31] are selected on object 'Object Repository/HealthpostToStore/Page_HealthPost Store/select_--Select--Adernaline 0.'

2018-05-28 11:05:42 - [MESSAGE][PASSED] - All options with index in [31] are selected on object 'Object Repository/HealthpostToStore/Page_HealthPost Store/select_--Select--Adernaline 0.'

2018-05-28 11:05:42 - [TEST_STEP][PASSED] - setText: Text '10' is set on object 'Object Repository/HealthpostToStore/Page_HealthPost Store/input_txttreat'

2018-05-28 11:05:42 - [MESSAGE][PASSED] - Text '10' is set on object 'Object Repository/HealthpostToStore/Page_HealthPost Store/input_txttreat'

2018-05-28 11:05:42 - [TEST_STEP][PASSED] - click: Object: 'Object Repository/HealthpostToStore/Page_HealthPost Store/button_Add' is clicked on

2018-05-28 11:05:42 - [MESSAGE][PASSED] - Object: 'Object Repository/HealthpostToStore/Page_HealthPost Store/button_Add' is clicked on

2018-05-28 11:05:42 - [TEST_STEP][PASSED] - selectOptionByIndex: All options with index in [11] are selected on object 'Object Repository/HealthpostToStore/Page_HealthPost Store/select_--Select--Schedule 1Inj'

2018-05-28 11:05:43 - [MESSAGE][PASSED] - All options with index in [11] are selected on object 'Object Repository/HealthpostToStore/Page_HealthPost Store/select_--Select--Schedule 1Inj'

2018-05-28 11:05:43 - [TEST_STEP][PASSED] - selectOptionByIndex: All options with index in [32] are selected on object 'Object Repository/HealthpostToStore/Page_HealthPost Store/select_--Select--Adernaline 0.'

2018-05-28 11:05:43 - [MESSAGE][PASSED] - All options with index in [32] are selected on object 'Object Repository/HealthpostToStore/Page_HealthPost Store/select_--Select--Adernaline 0.'

2018-05-28 11:05:43 - [TEST_STEP][PASSED] - setText: Text '10' is set on object 'Object Repository/HealthpostToStore/Page_HealthPost Store/input_txttreat'

2018-05-28 11:05:43 - [MESSAGE][PASSED] - Text '10' is set on object 'Object Repository/HealthpostToStore/Page_HealthPost Store/input_txttreat'

2018-05-28 11:05:43 - [TEST_STEP][PASSED] - click: Object: 'Object Repository/HealthpostToStore/Page_HealthPost Store/button_Add' is clicked on

2018-05-28 11:05:43 - [MESSAGE][PASSED] - Object: 'Object Repository/HealthpostToStore/Page_HealthPost Store/button_Add' is clicked on

2018-05-28 11:05:43 - [TEST_STEP][PASSED] - selectOptionByIndex: All options with index in [11] are selected on object 'Object Repository/HealthpostToStore/Page_HealthPost Store/select_--Select--Schedule 1Inj'

2018-05-28 11:05:44 - [MESSAGE][PASSED] - All options with index in [11] are selected on object 'Object Repository/HealthpostToStore/Page_HealthPost Store/select_--Select--Schedule 1Inj'

2018-05-28 11:05:44 - [TEST_STEP][PASSED] - selectOptionByIndex: All options with index in [33] are selected on object 'Object Repository/HealthpostToStore/Page_HealthPost Store/select_--Select--Adernaline 0.'

2018-05-28 11:05:44 - [MESSAGE][PASSED] - All options with index in [33] are selected on object 'Object Repository/HealthpostToStore/Page_HealthPost Store/select_--Select--Adernaline 0.'

2018-05-28 11:05:44 - [TEST_STEP][PASSED] - setText: Text '10' is set on object 'Object Repository/HealthpostToStore/Page_HealthPost Store/input_txttreat'

2018-05-28 11:05:44 - [MESSAGE][PASSED] - Text '10' is set on object 'Object Repository/HealthpostToStore/Page_HealthPost Store/input_txttreat'

2018-05-28 11:05:44 - [TEST_STEP][PASSED] - click: Object: 'Object Repository/HealthpostToStore/Page_HealthPost Store/button_Add' is clicked on

2018-05-28 11:05:44 - [MESSAGE][PASSED] - Object: 'Object Repository/HealthpostToStore/Page_HealthPost Store/button_Add' is clicked on

2018-05-28 11:05:44 - [TEST_STEP][PASSED] - selectOptionByIndex: All options with index in [11] are selected on object 'Object Repository/HealthpostToStore/Page_HealthPost Store/select_--Select--Schedule 1Inj'

2018-05-28 11:05:44 - [MESSAGE][PASSED] - All options with index in [11] are selected on object 'Object Repository/HealthpostToStore/Page_HealthPost Store/select_--Select--Schedule 1Inj'

2018-05-28 11:05:44 - [TEST_STEP][PASSED] - selectOptionByIndex: All options with index in [34] are selected on object 'Object Repository/HealthpostToStore/Page_HealthPost Store/select_--Select--Adernaline 0.'

2018-05-28 11:05:45 - [MESSAGE][PASSED] - All options with index in [34] are selected on object 'Object Repository/HealthpostToStore/Page_HealthPost Store/select_--Select--Adernaline 0.'

2018-05-28 11:05:45 - [TEST_STEP][PASSED] - setText: Text '10' is set on object 'Object Repository/HealthpostToStore/Page_HealthPost Store/input_txttreat'

2018-05-28 11:05:45 - [MESSAGE][PASSED] - Text '10' is set on object 'Object Repository/HealthpostToStore/Page_HealthPost Store/input_txttreat'

2018-05-28 11:05:45 - [TEST_STEP][PASSED] - click: Object: 'Object Repository/HealthpostToStore/Page_HealthPost Store/button_Add' is clicked on

2018-05-28 11:05:45 - [MESSAGE][PASSED] - Object: 'Object Repository/HealthpostToStore/Page_HealthPost Store/button_Add' is clicked on

2018-05-28 11:05:45 - [TEST_STEP][PASSED] - selectOptionByIndex: All options with index in [11] are selected on object 'Object Repository/HealthpostToStore/Page_HealthPost Store/select_--Select--Schedule 1Inj'

2018-05-28 11:05:45 - [MESSAGE][PASSED] - All options with index in [11] are selected on object 'Object Repository/HealthpostToStore/Page_HealthPost Store/select_--Select--Schedule 1Inj'

2018-05-28 11:05:45 - [TEST_STEP][PASSED] - selectOptionByIndex: All options with index in [35] are selected on object 'Object Repository/HealthpostToStore/Page_HealthPost Store/select_--Select--Adernaline 0.'

2018-05-28 11:05:46 - [MESSAGE][PASSED] - All options with index in [35] are selected on object 'Object Repository/HealthpostToStore/Page_HealthPost Store/select_--Select--Adernaline 0.'

2018-05-28 11:05:46 - [TEST_STEP][PASSED] - setText: Text '10' is set on object 'Object Repository/HealthpostToStore/Page_HealthPost Store/input_txttreat'

2018-05-28 11:05:46 - [MESSAGE][PASSED] - Text '10' is set on object 'Object Repository/HealthpostToStore/Page_HealthPost Store/input_txttreat'

2018-05-28 11:05:46 - [TEST_STEP][PASSED] - click: Object: 'Object Repository/HealthpostToStore/Page_HealthPost Store/button_Add' is clicked on

2018-05-28 11:05:46 - [MESSAGE][PASSED] - Object: 'Object Repository/HealthpostToStore/Page_HealthPost Store/button_Add' is clicked on

2018-05-28 11:05:46 - [TEST_STEP][PASSED] - selectOptionByIndex: All options with index in [11] are selected on object 'Object Repository/HealthpostToStore/Page_HealthPost Store/select_--Select--Schedule 1Inj'

2018-05-28 11:05:46 - [MESSAGE][PASSED] - All options with index in [11] are selected on object 'Object Repository/HealthpostToStore/Page_HealthPost Store/select_--Select--Schedule 1Inj'

2018-05-28 11:05:46 - [TEST_STEP][PASSED] - selectOptionByIndex: All options with index in [36] are selected on object 'Object Repository/HealthpostToStore/Page_HealthPost Store/select_--Select--Adernaline 0.'

2018-05-28 11:05:46 - [MESSAGE][PASSED] - All options with index in [36] are selected on object 'Object Repository/HealthpostToStore/Page_HealthPost Store/select_--Select--Adernaline 0.'

2018-05-28 11:05:46 - [TEST_STEP][PASSED] - setText: Text '10' is set on object 'Object Repository/HealthpostToStore/Page_HealthPost Store/input_txttreat'

2018-05-28 11:05:46 - [MESSAGE][PASSED] - Text '10' is set on object 'Object Repository/HealthpostToStore/Page_HealthPost Store/input_txttreat'

2018-05-28 11:05:46 - [TEST_STEP][PASSED] - click: Object: 'Object Repository/HealthpostToStore/Page_HealthPost Store/button_Add' is clicked on

2018-05-28 11:05:47 - [MESSAGE][PASSED] - Object: 'Object Repository/HealthpostToStore/Page_HealthPost Store/button_Add' is clicked on

2018-05-28 11:05:47 - [TEST_STEP][PASSED] - selectOptionByIndex: All options with index in [11] are selected on object 'Object Repository/HealthpostToStore/Page_HealthPost Store/select_--Select--Schedule 1Inj'

2018-05-28 11:05:47 - [MESSAGE][PASSED] - All options with index in [11] are selected on object 'Object Repository/HealthpostToStore/Page_HealthPost Store/select_--Select--Schedule 1Inj'

2018-05-28 11:05:47 - [TEST_STEP][PASSED] - selectOptionByIndex: All options with index in [37] are selected on object 'Object Repository/HealthpostToStore/Page_HealthPost Store/select_--Select--Adernaline 0.'

2018-05-28 11:05:47 - [MESSAGE][PASSED] - All options with index in [37] are selected on object 'Object Repository/HealthpostToStore/Page_HealthPost Store/select_--Select--Adernaline 0.'

2018-05-28 11:05:47 - [TEST_STEP][PASSED] - setText: Text '10' is set on object 'Object Repository/HealthpostToStore/Page_HealthPost Store/input_txttreat'

2018-05-28 11:05:47 - [MESSAGE][PASSED] - Text '10' is set on object 'Object Repository/HealthpostToStore/Page_HealthPost Store/input_txttreat'

2018-05-28 11:05:47 - [TEST_STEP][PASSED] - click: Object: 'Object Repository/HealthpostToStore/Page_HealthPost Store/button_Add' is clicked on

2018-05-28 11:05:47 - [MESSAGE][PASSED] - Object: 'Object Repository/HealthpostToStore/Page_HealthPost Store/button_Add' is clicked on

2018-05-28 11:05:47 - [TEST_STEP][PASSED] - selectOptionByIndex: All options with index in [11] are selected on object 'Object Repository/HealthpostToStore/Page_HealthPost Store/select_--Select--Schedule 1Inj'

2018-05-28 11:05:48 - [MESSAGE][PASSED] - All options with index in [11] are selected on object 'Object Repository/HealthpostToStore/Page_HealthPost Store/select_--Select--Schedule 1Inj'

2018-05-28 11:05:48 - [TEST_STEP][PASSED] - selectOptionByIndex: All options with index in [38] are selected on object 'Object Repository/HealthpostToStore/Page_HealthPost Store/select_--Select--Adernaline 0.'

2018-05-28 11:05:48 - [MESSAGE][PASSED] - All options with index in [38] are selected on object 'Object Repository/HealthpostToStore/Page_HealthPost Store/select_--Select--Adernaline 0.'

2018-05-28 11:05:48 - [TEST_STEP][PASSED] - setText: Text '10' is set on object 'Object Repository/HealthpostToStore/Page_HealthPost Store/input_txttreat'

2018-05-28 11:05:48 - [MESSAGE][PASSED] - Text '10' is set on object 'Object Repository/HealthpostToStore/Page_HealthPost Store/input_txttreat'

2018-05-28 11:05:48 - [TEST_STEP][PASSED] - click: Object: 'Object Repository/HealthpostToStore/Page_HealthPost Store/button_Add' is clicked on

2018-05-28 11:05:48 - [MESSAGE][PASSED] - Object: 'Object Repository/HealthpostToStore/Page_HealthPost Store/button_Add' is clicked on

2018-05-28 11:05:48 - [TEST_STEP][PASSED] - selectOptionByIndex: All options with index in [11] are selected on object 'Object Repository/HealthpostToStore/Page_HealthPost Store/select_--Select--Schedule 1Inj'

2018-05-28 11:05:48 - [MESSAGE][PASSED] - All options with index in [11] are selected on object 'Object Repository/HealthpostToStore/Page_HealthPost Store/select_--Select--Schedule 1Inj'

2018-05-28 11:05:48 - [TEST_STEP][PASSED] - selectOptionByIndex: All options with index in [39] are selected on object 'Object Repository/HealthpostToStore/Page_HealthPost Store/select_--Select--Adernaline 0.'

2018-05-28 11:05:49 - [MESSAGE][PASSED] - All options with index in [39] are selected on object 'Object Repository/HealthpostToStore/Page_HealthPost Store/select_--Select--Adernaline 0.'

2018-05-28 11:05:49 - [TEST_STEP][PASSED] - setText: Text '10' is set on object 'Object Repository/HealthpostToStore/Page_HealthPost Store/input_txttreat'

2018-05-28 11:05:49 - [MESSAGE][PASSED] - Text '10' is set on object 'Object Repository/HealthpostToStore/Page_HealthPost Store/input_txttreat'

2018-05-28 11:05:49 - [TEST_STEP][PASSED] - click: Object: 'Object Repository/HealthpostToStore/Page_HealthPost Store/button_Add' is clicked on

2018-05-28 11:05:49 - [MESSAGE][PASSED] - Object: 'Object Repository/HealthpostToStore/Page_HealthPost Store/button_Add' is clicked on

2018-05-28 11:05:49 - [TEST_STEP][PASSED] - selectOptionByIndex: All options with index in [11] are selected on object 'Object Repository/HealthpostToStore/Page_HealthPost Store/select_--Select--Schedule 1Inj'

2018-05-28 11:05:49 - [MESSAGE][PASSED] - All options with index in [11] are selected on object 'Object Repository/HealthpostToStore/Page_HealthPost Store/select_--Select--Schedule 1Inj'

2018-05-28 11:05:49 - [TEST_STEP][PASSED] - selectOptionByIndex: All options with index in [40] are selected on object 'Object Repository/HealthpostToStore/Page_HealthPost Store/select_--Select--Adernaline 0.'

2018-05-28 11:05:50 - [MESSAGE][PASSED] - All options with index in [40] are selected on object 'Object Repository/HealthpostToStore/Page_HealthPost Store/select_--Select--Adernaline 0.'

2018-05-28 11:05:50 - [TEST_STEP][PASSED] - setText: Text '10' is set on object 'Object Repository/HealthpostToStore/Page_HealthPost Store/input_txttreat'

2018-05-28 11:05:50 - [MESSAGE][PASSED] - Text '10' is set on object 'Object Repository/HealthpostToStore/Page_HealthPost Store/input_txttreat'

2018-05-28 11:05:50 - [TEST_STEP][PASSED] - click: Object: 'Object Repository/HealthpostToStore/Page_HealthPost Store/button_Add' is clicked on

2018-05-28 11:05:50 - [MESSAGE][PASSED] - Object: 'Object Repository/HealthpostToStore/Page_HealthPost Store/button_Add' is clicked on

2018-05-28 11:05:50 - [TEST_STEP][PASSED] - selectOptionByIndex: All options with index in [11] are selected on object 'Object Repository/HealthpostToStore/Page_HealthPost Store/select_--Select--Schedule 1Inj'

2018-05-28 11:05:50 - [MESSAGE][PASSED] - All options with index in [11] are selected on object 'Object Repository/HealthpostToStore/Page_HealthPost Store/select_--Select--Schedule 1Inj'

2018-05-28 11:05:50 - [TEST_STEP][PASSED] - selectOptionByIndex: All options with index in [41] are selected on object 'Object Repository/HealthpostToStore/Page_HealthPost Store/select_--Select--Adernaline 0.'

2018-05-28 11:05:51 - [MESSAGE][PASSED] - All options with index in [41] are selected on object 'Object Repository/HealthpostToStore/Page_HealthPost Store/select_--Select--Adernaline 0.'

2018-05-28 11:05:51 - [TEST_STEP][PASSED] - setText: Text '10' is set on object 'Object Repository/HealthpostToStore/Page_HealthPost Store/input_txttreat'

2018-05-28 11:05:51 - [MESSAGE][PASSED] - Text '10' is set on object 'Object Repository/HealthpostToStore/Page_HealthPost Store/input_txttreat'

2018-05-28 11:05:51 - [TEST_STEP][PASSED] - click: Object: 'Object Repository/HealthpostToStore/Page_HealthPost Store/button_Add' is clicked on

2018-05-28 11:05:51 - [MESSAGE][PASSED] - Object: 'Object Repository/HealthpostToStore/Page_HealthPost Store/button_Add' is clicked on

2018-05-28 11:05:51 - [TEST_STEP][PASSED] - selectOptionByIndex: All options with index in [11] are selected on object 'Object Repository/HealthpostToStore/Page_HealthPost Store/select_--Select--Schedule 1Inj'

2018-05-28 11:05:51 - [MESSAGE][PASSED] - All options with index in [11] are selected on object 'Object Repository/HealthpostToStore/Page_HealthPost Store/select_--Select--Schedule 1Inj'

2018-05-28 11:05:51 - [TEST_STEP][PASSED] - selectOptionByIndex: All options with index in [42] are selected on object 'Object Repository/HealthpostToStore/Page_HealthPost Store/select_--Select--Adernaline 0.'

2018-05-28 11:05:52 - [MESSAGE][PASSED] - All options with index in [42] are selected on object 'Object Repository/HealthpostToStore/Page_HealthPost Store/select_--Select--Adernaline 0.'

2018-05-28 11:05:52 - [TEST_STEP][PASSED] - setText: Text '10' is set on object 'Object Repository/HealthpostToStore/Page_HealthPost Store/input_txttreat'

2018-05-28 11:05:52 - [MESSAGE][PASSED] - Text '10' is set on object 'Object Repository/HealthpostToStore/Page_HealthPost Store/input_txttreat'

2018-05-28 11:05:52 - [TEST_STEP][PASSED] - click: Object: 'Object Repository/HealthpostToStore/Page_HealthPost Store/button_Add' is clicked on

2018-05-28 11:05:52 - [MESSAGE][PASSED] - Object: 'Object Repository/HealthpostToStore/Page_HealthPost Store/button_Add' is clicked on

2018-05-28 11:05:52 - [TEST_STEP][PASSED] - selectOptionByIndex: All options with index in [11] are selected on object 'Object Repository/HealthpostToStore/Page_HealthPost Store/select_--Select--Schedule 1Inj'

2018-05-28 11:05:52 - [MESSAGE][PASSED] - All options with index in [11] are selected on object 'Object Repository/HealthpostToStore/Page_HealthPost Store/select_--Select--Schedule 1Inj'

2018-05-28 11:05:52 - [TEST_STEP][PASSED] - selectOptionByIndex: All options with index in [43] are selected on object 'Object Repository/HealthpostToStore/Page_HealthPost Store/select_--Select--Adernaline 0.'

2018-05-28 11:05:53 - [MESSAGE][PASSED] - All options with index in [43] are selected on object 'Object Repository/HealthpostToStore/Page_HealthPost Store/select_--Select--Adernaline 0.'

2018-05-28 11:05:53 - [TEST_STEP][PASSED] - setText: Text '10' is set on object 'Object Repository/HealthpostToStore/Page_HealthPost Store/input_txttreat'

2018-05-28 11:05:53 - [MESSAGE][PASSED] - Text '10' is set on object 'Object Repository/HealthpostToStore/Page_HealthPost Store/input_txttreat'

2018-05-28 11:05:53 - [TEST_STEP][PASSED] - click: Object: 'Object Repository/HealthpostToStore/Page_HealthPost Store/button_Add' is clicked on

2018-05-28 11:05:53 - [MESSAGE][PASSED] - Object: 'Object Repository/HealthpostToStore/Page_HealthPost Store/button_Add' is clicked on

2018-05-28 11:05:53 - [TEST_STEP][PASSED] - selectOptionByIndex: All options with index in [11] are selected on object 'Object Repository/HealthpostToStore/Page_HealthPost Store/select_--Select--Schedule 1Inj'

2018-05-28 11:05:53 - [MESSAGE][PASSED] - All options with index in [11] are selected on object 'Object Repository/HealthpostToStore/Page_HealthPost Store/select_--Select--Schedule 1Inj'

2018-05-28 11:05:53 - [TEST_STEP][PASSED] - selectOptionByIndex: All options with index in [44] are selected on object 'Object Repository/HealthpostToStore/Page_HealthPost Store/select_--Select--Adernaline 0.'

2018-05-28 11:05:53 - [MESSAGE][PASSED] - All options with index in [44] are selected on object 'Object Repository/HealthpostToStore/Page_HealthPost Store/select_--Select--Adernaline 0.'

2018-05-28 11:05:53 - [TEST_STEP][PASSED] - setText: Text '10' is set on object 'Object Repository/HealthpostToStore/Page_HealthPost Store/input_txttreat'

2018-05-28 11:05:54 - [MESSAGE][PASSED] - Text '10' is set on object 'Object Repository/HealthpostToStore/Page_HealthPost Store/input_txttreat'

2018-05-28 11:05:54 - [TEST_STEP][PASSED] - click: Object: 'Object Repository/HealthpostToStore/Page_HealthPost Store/button_Add' is clicked on

2018-05-28 11:05:54 - [MESSAGE][PASSED] - Object: 'Object Repository/HealthpostToStore/Page_HealthPost Store/button_Add' is clicked on

2018-05-28 11:05:54 - [TEST_STEP][PASSED] - selectOptionByIndex: All options with index in [11] are selected on object 'Object Repository/HealthpostToStore/Page_HealthPost Store/select_--Select--Schedule 1Inj'

2018-05-28 11:05:54 - [MESSAGE][PASSED] - All options with index in [11] are selected on object 'Object Repository/HealthpostToStore/Page_HealthPost Store/select_--Select--Schedule 1Inj'

2018-05-28 11:05:54 - [TEST_STEP][PASSED] - selectOptionByIndex: All options with index in [45] are selected on object 'Object Repository/HealthpostToStore/Page_HealthPost Store/select_--Select--Adernaline 0.'

2018-05-28 11:05:54 - [MESSAGE][PASSED] - All options with index in [45] are selected on object 'Object Repository/HealthpostToStore/Page_HealthPost Store/select_--Select--Adernaline 0.'

2018-05-28 11:05:54 - [TEST_STEP][PASSED] - setText: Text '10' is set on object 'Object Repository/HealthpostToStore/Page_HealthPost Store/input_txttreat'

2018-05-28 11:05:54 - [MESSAGE][PASSED] - Text '10' is set on object 'Object Repository/HealthpostToStore/Page_HealthPost Store/input_txttreat'

2018-05-28 11:05:54 - [TEST_STEP][PASSED] - click: Object: 'Object Repository/HealthpostToStore/Page_HealthPost Store/button_Add' is clicked on

2018-05-28 11:05:55 - [MESSAGE][PASSED] - Object: 'Object Repository/HealthpostToStore/Page_HealthPost Store/button_Add' is clicked on

2018-05-28 11:05:55 - [TEST_STEP][PASSED] - selectOptionByIndex: All options with index in [11] are selected on object 'Object Repository/HealthpostToStore/Page_HealthPost Store/select_--Select--Schedule 1Inj'

2018-05-28 11:05:55 - [MESSAGE][PASSED] - All options with index in [11] are selected on object 'Object Repository/HealthpostToStore/Page_HealthPost Store/select_--Select--Schedule 1Inj'

2018-05-28 11:05:55 - [TEST_STEP][PASSED] - selectOptionByIndex: All options with index in [46] are selected on object 'Object Repository/HealthpostToStore/Page_HealthPost Store/select_--Select--Adernaline 0.'

2018-05-28 11:05:55 - [MESSAGE][PASSED] - All options with index in [46] are selected on object 'Object Repository/HealthpostToStore/Page_HealthPost Store/select_--Select--Adernaline 0.'

2018-05-28 11:05:55 - [TEST_STEP][PASSED] - setText: Text '10' is set on object 'Object Repository/HealthpostToStore/Page_HealthPost Store/input_txttreat'

2018-05-28 11:05:55 - [MESSAGE][PASSED] - Text '10' is set on object 'Object Repository/HealthpostToStore/Page_HealthPost Store/input_txttreat'

2018-05-28 11:05:55 - [TEST_STEP][PASSED] - click: Object: 'Object Repository/HealthpostToStore/Page_HealthPost Store/button_Add' is clicked on

2018-05-28 11:05:55 - [MESSAGE][PASSED] - Object: 'Object Repository/HealthpostToStore/Page_HealthPost Store/button_Add' is clicked on

2018-05-28 11:05:55 - [TEST_STEP][PASSED] - selectOptionByIndex: All options with index in [11] are selected on object 'Object Repository/HealthpostToStore/Page_HealthPost Store/select_--Select--Schedule 1Inj'

2018-05-28 11:05:56 - [MESSAGE][PASSED] - All options with index in [11] are selected on object 'Object Repository/HealthpostToStore/Page_HealthPost Store/select_--Select--Schedule 1Inj'

2018-05-28 11:05:56 - [TEST_STEP][PASSED] - selectOptionByIndex: All options with index in [47] are selected on object 'Object Repository/HealthpostToStore/Page_HealthPost Store/select_--Select--Adernaline 0.'

2018-05-28 11:05:56 - [MESSAGE][PASSED] - All options with index in [47] are selected on object 'Object Repository/HealthpostToStore/Page_HealthPost Store/select_--Select--Adernaline 0.'

2018-05-28 11:05:56 - [TEST_STEP][PASSED] - setText: Text '10' is set on object 'Object Repository/HealthpostToStore/Page_HealthPost Store/input_txttreat'

2018-05-28 11:05:56 - [MESSAGE][PASSED] - Text '10' is set on object 'Object Repository/HealthpostToStore/Page_HealthPost Store/input_txttreat'

2018-05-28 11:05:56 - [TEST_STEP][PASSED] - click: Object: 'Object Repository/HealthpostToStore/Page_HealthPost Store/button_Add' is clicked on

2018-05-28 11:05:56 - [MESSAGE][PASSED] - Object: 'Object Repository/HealthpostToStore/Page_HealthPost Store/button_Add' is clicked on

2018-05-28 11:05:56 - [TEST_STEP][PASSED] - selectOptionByIndex: All options with index in [11] are selected on object 'Object Repository/HealthpostToStore/Page_HealthPost Store/select_--Select--Schedule 1Inj'

2018-05-28 11:05:57 - [MESSAGE][PASSED] - All options with index in [11] are selected on object 'Object Repository/HealthpostToStore/Page_HealthPost Store/select_--Select--Schedule 1Inj'

2018-05-28 11:05:57 - [TEST_STEP][PASSED] - selectOptionByIndex: All options with index in [48] are selected on object 'Object Repository/HealthpostToStore/Page_HealthPost Store/select_--Select--Adernaline 0.'

2018-05-28 11:05:57 - [MESSAGE][PASSED] - All options with index in [48] are selected on object 'Object Repository/HealthpostToStore/Page_HealthPost Store/select_--Select--Adernaline 0.'

2018-05-28 11:05:57 - [TEST_STEP][PASSED] - setText: Text '10' is set on object 'Object Repository/HealthpostToStore/Page_HealthPost Store/input_txttreat'

2018-05-28 11:05:57 - [MESSAGE][PASSED] - Text '10' is set on object 'Object Repository/HealthpostToStore/Page_HealthPost Store/input_txttreat'

2018-05-28 11:05:57 - [TEST_STEP][PASSED] - click: Object: 'Object Repository/HealthpostToStore/Page_HealthPost Store/button_Add' is clicked on

2018-05-28 11:05:57 - [MESSAGE][PASSED] - Object: 'Object Repository/HealthpostToStore/Page_HealthPost Store/button_Add' is clicked on

2018-05-28 11:05:57 - [TEST_STEP][PASSED] - selectOptionByIndex: All options with index in [11] are selected on object 'Object Repository/HealthpostToStore/Page_HealthPost Store/select_--Select--Schedule 1Inj'

2018-05-28 11:05:58 - [MESSAGE][PASSED] - All options with index in [11] are selected on object 'Object Repository/HealthpostToStore/Page_HealthPost Store/select_--Select--Schedule 1Inj'

2018-05-28 11:05:58 - [TEST_STEP][PASSED] - selectOptionByIndex: All options with index in [49] are selected on object 'Object Repository/HealthpostToStore/Page_HealthPost Store/select_--Select--Adernaline 0.'

2018-05-28 11:05:58 - [MESSAGE][PASSED] - All options with index in [49] are selected on object 'Object Repository/HealthpostToStore/Page_HealthPost Store/select_--Select--Adernaline 0.'

2018-05-28 11:05:58 - [TEST_STEP][PASSED] - setText: Text '10' is set on object 'Object Repository/HealthpostToStore/Page_HealthPost Store/input_txttreat'

2018-05-28 11:05:58 - [MESSAGE][PASSED] - Text '10' is set on object 'Object Repository/HealthpostToStore/Page_HealthPost Store/input_txttreat'

2018-05-28 11:05:58 - [TEST_STEP][PASSED] - click: Object: 'Object Repository/HealthpostToStore/Page_HealthPost Store/button_Add' is clicked on

2018-05-28 11:05:58 - [MESSAGE][PASSED] - Object: 'Object Repository/HealthpostToStore/Page_HealthPost Store/button_Add' is clicked on

2018-05-28 11:05:58 - [TEST_STEP][PASSED] - selectOptionByIndex: All options with index in [11] are selected on object 'Object Repository/HealthpostToStore/Page_HealthPost Store/select_--Select--Schedule 1Inj'

2018-05-28 11:05:59 - [MESSAGE][PASSED] - All options with index in [11] are selected on object 'Object Repository/HealthpostToStore/Page_HealthPost Store/select_--Select--Schedule 1Inj'

2018-05-28 11:05:59 - [TEST_STEP][PASSED] - selectOptionByIndex: All options with index in [50] are selected on object 'Object Repository/HealthpostToStore/Page_HealthPost Store/select_--Select--Adernaline 0.'

2018-05-28 11:05:59 - [MESSAGE][PASSED] - All options with index in [50] are selected on object 'Object Repository/HealthpostToStore/Page_HealthPost Store/select_--Select--Adernaline 0.'

2018-05-28 11:05:59 - [TEST_STEP][PASSED] - setText: Text '10' is set on object 'Object Repository/HealthpostToStore/Page_HealthPost Store/input_txttreat'

2018-05-28 11:05:59 - [MESSAGE][PASSED] - Text '10' is set on object 'Object Repository/HealthpostToStore/Page_HealthPost Store/input_txttreat'

2018-05-28 11:05:59 - [TEST_STEP][PASSED] - click: Object: 'Object Repository/HealthpostToStore/Page_HealthPost Store/button_Add' is clicked on

2018-05-28 11:05:59 - [MESSAGE][PASSED] - Object: 'Object Repository/HealthpostToStore/Page_HealthPost Store/button_Add' is clicked on

2018-05-28 11:05:59 - [TEST_STEP][PASSED] - selectOptionByIndex: All options with index in [11] are selected on object 'Object Repository/HealthpostToStore/Page_HealthPost Store/select_--Select--Schedule 1Inj'

2018-05-28 11:06:00 - [MESSAGE][PASSED] - All options with index in [11] are selected on object 'Object Repository/HealthpostToStore/Page_HealthPost Store/select_--Select--Schedule 1Inj'

2018-05-28 11:06:00 - [TEST_STEP][PASSED] - selectOptionByIndex: All options with index in [51] are selected on object 'Object Repository/HealthpostToStore/Page_HealthPost Store/select_--Select--Adernaline 0.'

2018-05-28 11:06:00 - [MESSAGE][PASSED] - All options with index in [51] are selected on object 'Object Repository/HealthpostToStore/Page_HealthPost Store/select_--Select--Adernaline 0.'

2018-05-28 11:06:00 - [TEST_STEP][PASSED] - setText: Text '10' is set on object 'Object Repository/HealthpostToStore/Page_HealthPost Store/input_txttreat'

2018-05-28 11:06:00 - [MESSAGE][PASSED] - Text '10' is set on object 'Object Repository/HealthpostToStore/Page_HealthPost Store/input_txttreat'

2018-05-28 11:06:00 - [TEST_STEP][PASSED] - click: Object: 'Object Repository/HealthpostToStore/Page_HealthPost Store/button_Add' is clicked on

2018-05-28 11:06:00 - [MESSAGE][PASSED] - Object: 'Object Repository/HealthpostToStore/Page_HealthPost Store/button_Add' is clicked on

2018-05-28 11:06:00 - [TEST_STEP][PASSED] - selectOptionByIndex: All options with index in [11] are selected on object 'Object Repository/HealthpostToStore/Page_HealthPost Store/select_--Select--Schedule 1Inj'

2018-05-28 11:06:01 - [MESSAGE][PASSED] - All options with index in [11] are selected on object 'Object Repository/HealthpostToStore/Page_HealthPost Store/select_--Select--Schedule 1Inj'

2018-05-28 11:06:01 - [TEST_STEP][PASSED] - selectOptionByIndex: All options with index in [52] are selected on object 'Object Repository/HealthpostToStore/Page_HealthPost Store/select_--Select--Adernaline 0.'

2018-05-28 11:06:01 - [MESSAGE][PASSED] - All options with index in [52] are selected on object 'Object Repository/HealthpostToStore/Page_HealthPost Store/select_--Select--Adernaline 0.'

2018-05-28 11:06:01 - [TEST_STEP][PASSED] - setText: Text '10' is set on object 'Object Repository/HealthpostToStore/Page_HealthPost Store/input_txttreat'

2018-05-28 11:06:01 - [MESSAGE][PASSED] - Text '10' is set on object 'Object Repository/HealthpostToStore/Page_HealthPost Store/input_txttreat'

2018-05-28 11:06:01 - [TEST_STEP][PASSED] - click: Object: 'Object Repository/HealthpostToStore/Page_HealthPost Store/button_Add' is clicked on

2018-05-28 11:06:01 - [MESSAGE][PASSED] - Object: 'Object Repository/HealthpostToStore/Page_HealthPost Store/button_Add' is clicked on

2018-05-28 11:06:01 - [TEST_STEP][PASSED] - selectOptionByIndex: All options with index in [11] are selected on object 'Object Repository/HealthpostToStore/Page_HealthPost Store/select_--Select--Schedule 1Inj'

2018-05-28 11:06:02 - [MESSAGE][PASSED] - All options with index in [11] are selected on object 'Object Repository/HealthpostToStore/Page_HealthPost Store/select_--Select--Schedule 1Inj'

2018-05-28 11:06:02 - [TEST_STEP][PASSED] - selectOptionByIndex: All options with index in [53] are selected on object 'Object Repository/HealthpostToStore/Page_HealthPost Store/select_--Select--Adernaline 0.'

2018-05-28 11:06:02 - [MESSAGE][PASSED] - All options with index in [53] are selected on object 'Object Repository/HealthpostToStore/Page_HealthPost Store/select_--Select--Adernaline 0.'

2018-05-28 11:06:02 - [TEST_STEP][PASSED] - setText: Text '10' is set on object 'Object Repository/HealthpostToStore/Page_HealthPost Store/input_txttreat'

2018-05-28 11:06:02 - [MESSAGE][PASSED] - Text '10' is set on object 'Object Repository/HealthpostToStore/Page_HealthPost Store/input_txttreat'

2018-05-28 11:06:02 - [TEST_STEP][PASSED] - click: Object: 'Object Repository/HealthpostToStore/Page_HealthPost Store/button_Add' is clicked on

2018-05-28 11:06:02 - [MESSAGE][PASSED] - Object: 'Object Repository/HealthpostToStore/Page_HealthPost Store/button_Add' is clicked on

2018-05-28 11:06:02 - [TEST_STEP][PASSED] - selectOptionByIndex: All options with index in [11] are selected on object 'Object Repository/HealthpostToStore/Page_HealthPost Store/select_--Select--Schedule 1Inj'

2018-05-28 11:06:03 - [MESSAGE][PASSED] - All options with index in [11] are selected on object 'Object Repository/HealthpostToStore/Page_HealthPost Store/select_--Select--Schedule 1Inj'

2018-05-28 11:06:03 - [TEST_STEP][PASSED] - selectOptionByIndex: All options with index in [54] are selected on object 'Object Repository/HealthpostToStore/Page_HealthPost Store/select_--Select--Adernaline 0.'

2018-05-28 11:06:03 - [MESSAGE][PASSED] - All options with index in [54] are selected on object 'Object Repository/HealthpostToStore/Page_HealthPost Store/select_--Select--Adernaline 0.'

2018-05-28 11:06:03 - [TEST_STEP][PASSED] - setText: Text '10' is set on object 'Object Repository/HealthpostToStore/Page_HealthPost Store/input_txttreat'

2018-05-28 11:06:04 - [MESSAGE][PASSED] - Text '10' is set on object 'Object Repository/HealthpostToStore/Page_HealthPost Store/input_txttreat'

2018-05-28 11:06:04 - [TEST_STEP][PASSED] - click: Object: 'Object Repository/HealthpostToStore/Page_HealthPost Store/button_Add' is clicked on

2018-05-28 11:06:09 - [MESSAGE][PASSED] - Object: 'Object Repository/HealthpostToStore/Page_HealthPost Store/button_Add' is clicked on

2018-05-28 11:06:09 - [TEST_STEP][PASSED] - selectOptionByIndex: All options with index in [11] are selected on object 'Object Repository/HealthpostToStore/Page_HealthPost Store/select_--Select--Schedule 1Inj'

2018-05-28 11:06:09 - [MESSAGE][PASSED] - All options with index in [11] are selected on object 'Object Repository/HealthpostToStore/Page_HealthPost Store/select_--Select--Schedule 1Inj'

2018-05-28 11:06:09 - [TEST_STEP][PASSED] - selectOptionByIndex: All options with index in [55] are selected on object 'Object Repository/HealthpostToStore/Page_HealthPost Store/select_--Select--Adernaline 0.'

2018-05-28 11:06:10 - [MESSAGE][PASSED] - All options with index in [55] are selected on object 'Object Repository/HealthpostToStore/Page_HealthPost Store/select_--Select--Adernaline 0.'

2018-05-28 11:06:10 - [TEST_STEP][PASSED] - setText: Text '10' is set on object 'Object Repository/HealthpostToStore/Page_HealthPost Store/input_txttreat'

2018-05-28 11:06:10 - [MESSAGE][PASSED] - Text '10' is set on object 'Object Repository/HealthpostToStore/Page_HealthPost Store/input_txttreat'

2018-05-28 11:06:10 - [TEST_STEP][PASSED] - click: Object: 'Object Repository/HealthpostToStore/Page_HealthPost Store/button_Add' is clicked on

2018-05-28 11:06:15 - [MESSAGE][PASSED] - Object: 'Object Repository/HealthpostToStore/Page_HealthPost Store/button_Add' is clicked on

2018-05-28 11:06:15 - [TEST_STEP][PASSED] - selectOptionByIndex: All options with index in [11] are selected on object 'Object Repository/HealthpostToStore/Page_HealthPost Store/select_--Select--Schedule 1Inj'

2018-05-28 11:06:15 - [MESSAGE][PASSED] - All options with index in [11] are selected on object 'Object Repository/HealthpostToStore/Page_HealthPost Store/select_--Select--Schedule 1Inj'

2018-05-28 11:06:15 - [TEST_STEP][PASSED] - selectOptionByIndex: All options with index in [56] are selected on object 'Object Repository/HealthpostToStore/Page_HealthPost Store/select_--Select--Adernaline 0.'

2018-05-28 11:06:16 - [MESSAGE][PASSED] - All options with index in [56] are selected on object 'Object Repository/HealthpostToStore/Page_HealthPost Store/select_--Select--Adernaline 0.'

2018-05-28 11:06:16 - [TEST_STEP][PASSED] - setText: Text '10' is set on object 'Object Repository/HealthpostToStore/Page_HealthPost Store/input_txttreat'

2018-05-28 11:06:16 - [MESSAGE][PASSED] - Text '10' is set on object 'Object Repository/HealthpostToStore/Page_HealthPost Store/input_txttreat'

2018-05-28 11:06:16 - [TEST_STEP][PASSED] - click: Object: 'Object Repository/HealthpostToStore/Page_HealthPost Store/button_Add' is clicked on

2018-05-28 11:06:21 - [MESSAGE][PASSED] - Object: 'Object Repository/HealthpostToStore/Page_HealthPost Store/button_Add' is clicked on

2018-05-28 11:06:21 - [TEST_STEP][PASSED] - selectOptionByIndex: All options with index in [11] are selected on object 'Object Repository/HealthpostToStore/Page_HealthPost Store/select_--Select--Schedule 1Inj'

2018-05-28 11:06:21 - [MESSAGE][PASSED] - All options with index in [11] are selected on object 'Object Repository/HealthpostToStore/Page_HealthPost Store/select_--Select--Schedule 1Inj'

2018-05-28 11:06:21 - [TEST_STEP][PASSED] - selectOptionByIndex: All options with index in [57] are selected on object 'Object Repository/HealthpostToStore/Page_HealthPost Store/select_--Select--Adernaline 0.'

2018-05-28 11:06:22 - [MESSAGE][PASSED] - All options with index in [57] are selected on object 'Object Repository/HealthpostToStore/Page_HealthPost Store/select_--Select--Adernaline 0.'

2018-05-28 11:06:22 - [TEST_STEP][PASSED] - setText: Text '10' is set on object 'Object Repository/HealthpostToStore/Page_HealthPost Store/input_txttreat'

2018-05-28 11:06:22 - [MESSAGE][PASSED] - Text '10' is set on object 'Object Repository/HealthpostToStore/Page_HealthPost Store/input_txttreat'

2018-05-28 11:06:22 - [TEST_STEP][PASSED] - click: Object: 'Object Repository/HealthpostToStore/Page_HealthPost Store/button_Add' is clicked on

2018-05-28 11:06:27 - [MESSAGE][PASSED] - Object: 'Object Repository/HealthpostToStore/Page_HealthPost Store/button_Add' is clicked on

2018-05-28 11:06:27 - [TEST_STEP][PASSED] - selectOptionByIndex: All options with index in [11] are selected on object 'Object Repository/HealthpostToStore/Page_HealthPost Store/select_--Select--Schedule 1Inj'

2018-05-28 11:06:27 - [MESSAGE][PASSED] - All options with index in [11] are selected on object 'Object Repository/HealthpostToStore/Page_HealthPost Store/select_--Select--Schedule 1Inj'

2018-05-28 11:06:27 - [TEST_STEP][PASSED] - selectOptionByIndex: All options with index in [58] are selected on object 'Object Repository/HealthpostToStore/Page_HealthPost Store/select_--Select--Adernaline 0.'

2018-05-28 11:06:28 - [MESSAGE][PASSED] - All options with index in [58] are selected on object 'Object Repository/HealthpostToStore/Page_HealthPost Store/select_--Select--Adernaline 0.'

2018-05-28 11:06:28 - [TEST_STEP][PASSED] - setText: Text '10' is set on object 'Object Repository/HealthpostToStore/Page_HealthPost Store/input_txttreat'

2018-05-28 11:06:28 - [MESSAGE][PASSED] - Text '10' is set on object 'Object Repository/HealthpostToStore/Page_HealthPost Store/input_txttreat'

2018-05-28 11:06:28 - [TEST_STEP][PASSED] - click: Object: 'Object Repository/HealthpostToStore/Page_HealthPost Store/button_Add' is clicked on

2018-05-28 11:06:33 - [MESSAGE][PASSED] - Object: 'Object Repository/HealthpostToStore/Page_HealthPost Store/button_Add' is clicked on

2018-05-28 11:06:33 - [TEST_STEP][PASSED] - selectOptionByIndex: All options with index in [11] are selected on object 'Object Repository/HealthpostToStore/Page_HealthPost Store/select_--Select--Schedule 1Inj'

2018-05-28 11:06:33 - [MESSAGE][PASSED] - All options with index in [11] are selected on object 'Object Repository/HealthpostToStore/Page_HealthPost Store/select_--Select--Schedule 1Inj'

2018-05-28 11:06:33 - [TEST_STEP][PASSED] - selectOptionByIndex: All options with index in [59] are selected on object 'Object Repository/HealthpostToStore/Page_HealthPost Store/select_--Select--Adernaline 0.'

2018-05-28 11:06:34 - [MESSAGE][PASSED] - All options with index in [59] are selected on object 'Object Repository/HealthpostToStore/Page_HealthPost Store/select_--Select--Adernaline 0.'

2018-05-28 11:06:34 - [TEST_STEP][PASSED] - setText: Text '10' is set on object 'Object Repository/HealthpostToStore/Page_HealthPost Store/input_txttreat'

2018-05-28 11:06:34 - [MESSAGE][PASSED] - Text '10' is set on object 'Object Repository/HealthpostToStore/Page_HealthPost Store/input_txttreat'

2018-05-28 11:06:34 - [TEST_STEP][PASSED] - click: Object: 'Object Repository/HealthpostToStore/Page_HealthPost Store/button_Add' is clicked on

2018-05-28 11:06:39 - [MESSAGE][PASSED] - Object: 'Object Repository/HealthpostToStore/Page_HealthPost Store/button_Add' is clicked on

2018-05-28 11:06:39 - [TEST_STEP][PASSED] - selectOptionByIndex: All options with index in [11] are selected on object 'Object Repository/HealthpostToStore/Page_HealthPost Store/select_--Select--Schedule 1Inj'

2018-05-28 11:06:40 - [MESSAGE][PASSED] - All options with index in [11] are selected on object 'Object Repository/HealthpostToStore/Page_HealthPost Store/select_--Select--Schedule 1Inj'

2018-05-28 11:06:40 - [TEST_STEP][PASSED] - selectOptionByIndex: All options with index in [60] are selected on object 'Object Repository/HealthpostToStore/Page_HealthPost Store/select_--Select--Adernaline 0.'

2018-05-28 11:06:40 - [MESSAGE][PASSED] - All options with index in [60] are selected on object 'Object Repository/HealthpostToStore/Page_HealthPost Store/select_--Select--Adernaline 0.'

2018-05-28 11:06:40 - [TEST_STEP][PASSED] - setText: Text '10' is set on object 'Object Repository/HealthpostToStore/Page_HealthPost Store/input_txttreat'

2018-05-28 11:06:40 - [MESSAGE][PASSED] - Text '10' is set on object 'Object Repository/HealthpostToStore/Page_HealthPost Store/input_txttreat'

2018-05-28 11:06:40 - [TEST_STEP][PASSED] - click: Object: 'Object Repository/HealthpostToStore/Page_HealthPost Store/button_Add' is clicked on

2018-05-28 11:06:45 - [MESSAGE][PASSED] - Object: 'Object Repository/HealthpostToStore/Page_HealthPost Store/button_Add' is clicked on

2018-05-28 11:06:45 - [TEST_STEP][PASSED] - selectOptionByIndex: All options with index in [11] are selected on object 'Object Repository/HealthpostToStore/Page_HealthPost Store/select_--Select--Schedule 1Inj'

2018-05-28 11:06:46 - [MESSAGE][PASSED] - All options with index in [11] are selected on object 'Object Repository/HealthpostToStore/Page_HealthPost Store/select_--Select--Schedule 1Inj'

2018-05-28 11:06:46 - [TEST_STEP][PASSED] - selectOptionByIndex: All options with index in [61] are selected on object 'Object Repository/HealthpostToStore/Page_HealthPost Store/select_--Select--Adernaline 0.'

2018-05-28 11:06:46 - [MESSAGE][PASSED] - All options with index in [61] are selected on object 'Object Repository/HealthpostToStore/Page_HealthPost Store/select_--Select--Adernaline 0.'

2018-05-28 11:06:46 - [TEST_STEP][PASSED] - setText: Text '10' is set on object 'Object Repository/HealthpostToStore/Page_HealthPost Store/input_txttreat'

2018-05-28 11:06:46 - [MESSAGE][PASSED] - Text '10' is set on object 'Object Repository/HealthpostToStore/Page_HealthPost Store/input_txttreat'

2018-05-28 11:06:46 - [TEST_STEP][PASSED] - click: Object: 'Object Repository/HealthpostToStore/Page_HealthPost Store/button_Add' is clicked on

2018-05-28 11:06:52 - [MESSAGE][PASSED] - Object: 'Object Repository/HealthpostToStore/Page_HealthPost Store/button_Add' is clicked on

2018-05-28 11:06:52 - [TEST_STEP][PASSED] - selectOptionByIndex: All options with index in [11] are selected on object 'Object Repository/HealthpostToStore/Page_HealthPost Store/select_--Select--Schedule 1Inj'

2018-05-28 11:06:52 - [MESSAGE][PASSED] - All options with index in [11] are selected on object 'Object Repository/HealthpostToStore/Page_HealthPost Store/select_--Select--Schedule 1Inj'

2018-05-28 11:06:52 - [TEST_STEP][PASSED] - selectOptionByIndex: All options with index in [62] are selected on object 'Object Repository/HealthpostToStore/Page_HealthPost Store/select_--Select--Adernaline 0.'

2018-05-28 11:06:53 - [MESSAGE][PASSED] - All options with index in [62] are selected on object 'Object Repository/HealthpostToStore/Page_HealthPost Store/select_--Select--Adernaline 0.'

2018-05-28 11:06:53 - [TEST_STEP][PASSED] - setText: Text '10' is set on object 'Object Repository/HealthpostToStore/Page_HealthPost Store/input_txttreat'

2018-05-28 11:06:53 - [MESSAGE][PASSED] - Text '10' is set on object 'Object Repository/HealthpostToStore/Page_HealthPost Store/input_txttreat'

2018-05-28 11:06:53 - [TEST_STEP][PASSED] - click: Object: 'Object Repository/HealthpostToStore/Page_HealthPost Store/button_Add' is clicked on

2018-05-28 11:06:58 - [MESSAGE][PASSED] - Object: 'Object Repository/HealthpostToStore/Page_HealthPost Store/button_Add' is clicked on

2018-05-28 11:06:58 - [TEST_STEP][PASSED] - selectOptionByIndex: All options with index in [11] are selected on object 'Object Repository/HealthpostToStore/Page_HealthPost Store/select_--Select--Schedule 1Inj'

2018-05-28 11:06:58 - [MESSAGE][PASSED] - All options with index in [11] are selected on object 'Object Repository/HealthpostToStore/Page_HealthPost Store/select_--Select--Schedule 1Inj'

2018-05-28 11:06:58 - [TEST_STEP][PASSED] - selectOptionByIndex: All options with index in [63] are selected on object 'Object Repository/HealthpostToStore/Page_HealthPost Store/select_--Select--Adernaline 0.'

2018-05-28 11:06:59 - [MESSAGE][PASSED] - All options with index in [63] are selected on object 'Object Repository/HealthpostToStore/Page_HealthPost Store/select_--Select--Adernaline 0.'

2018-05-28 11:06:59 - [TEST_STEP][PASSED] - setText: Text '10' is set on object 'Object Repository/HealthpostToStore/Page_HealthPost Store/input_txttreat'

2018-05-28 11:06:59 - [MESSAGE][PASSED] - Text '10' is set on object 'Object Repository/HealthpostToStore/Page_HealthPost Store/input_txttreat'

2018-05-28 11:06:59 - [TEST_STEP][PASSED] - click: Object: 'Object Repository/HealthpostToStore/Page_HealthPost Store/button_Add' is clicked on

2018-05-28 11:07:04 - [MESSAGE][PASSED] - Object: 'Object Repository/HealthpostToStore/Page_HealthPost Store/button_Add' is clicked on

2018-05-28 11:07:04 - [TEST_STEP][PASSED] - selectOptionByIndex: All options with index in [11] are selected on object 'Object Repository/HealthpostToStore/Page_HealthPost Store/select_--Select--Schedule 1Inj'

2018-05-28 11:07:04 - [MESSAGE][PASSED] - All options with index in [11] are selected on object 'Object Repository/HealthpostToStore/Page_HealthPost Store/select_--Select--Schedule 1Inj'

2018-05-28 11:07:04 - [TEST_STEP][PASSED] - selectOptionByIndex: All options with index in [64] are selected on object 'Object Repository/HealthpostToStore/Page_HealthPost Store/select_--Select--Adernaline 0.'

2018-05-28 11:07:05 - [MESSAGE][PASSED] - All options with index in [64] are selected on object 'Object Repository/HealthpostToStore/Page_HealthPost Store/select_--Select--Adernaline 0.'

2018-05-28 11:07:05 - [TEST_STEP][PASSED] - setText: Text '10' is set on object 'Object Repository/HealthpostToStore/Page_HealthPost Store/input_txttreat'

2018-05-28 11:07:05 - [MESSAGE][PASSED] - Text '10' is set on object 'Object Repository/HealthpostToStore/Page_HealthPost Store/input_txttreat'

2018-05-28 11:07:05 - [TEST_STEP][PASSED] - click: Object: 'Object Repository/HealthpostToStore/Page_HealthPost Store/button_Add' is clicked on

2018-05-28 11:07:10 - [MESSAGE][PASSED] - Object: 'Object Repository/HealthpostToStore/Page_HealthPost Store/button_Add' is clicked on

2018-05-28 11:07:10 - [TEST_STEP][PASSED] - selectOptionByIndex: All options with index in [11] are selected on object 'Object Repository/HealthpostToStore/Page_HealthPost Store/select_--Select--Schedule 1Inj'

2018-05-28 11:07:10 - [MESSAGE][PASSED] - All options with index in [11] are selected on object 'Object Repository/HealthpostToStore/Page_HealthPost Store/select_--Select--Schedule 1Inj'

2018-05-28 11:07:10 - [TEST_STEP][PASSED] - selectOptionByIndex: All options with index in [65] are selected on object 'Object Repository/HealthpostToStore/Page_HealthPost Store/select_--Select--Adernaline 0.'

2018-05-28 11:07:11 - [MESSAGE][PASSED] - All options with index in [65] are selected on object 'Object Repository/HealthpostToStore/Page_HealthPost Store/select_--Select--Adernaline 0.'

2018-05-28 11:07:11 - [TEST_STEP][PASSED] - setText: Text '10' is set on object 'Object Repository/HealthpostToStore/Page_HealthPost Store/input_txttreat'

2018-05-28 11:07:11 - [MESSAGE][PASSED] - Text '10' is set on object 'Object Repository/HealthpostToStore/Page_HealthPost Store/input_txttreat'

2018-05-28 11:07:11 - [TEST_STEP][PASSED] - click: Object: 'Object Repository/HealthpostToStore/Page_HealthPost Store/button_Add' is clicked on

2018-05-28 11:07:16 - [MESSAGE][PASSED] - Object: 'Object Repository/HealthpostToStore/Page_HealthPost Store/button_Add' is clicked on

2018-05-28 11:07:16 - [TEST_STEP][PASSED] - selectOptionByIndex: All options with index in [11] are selected on object 'Object Repository/HealthpostToStore/Page_HealthPost Store/select_--Select--Schedule 1Inj'

2018-05-28 11:07:16 - [MESSAGE][PASSED] - All options with index in [11] are selected on object 'Object Repository/HealthpostToStore/Page_HealthPost Store/select_--Select--Schedule 1Inj'

2018-05-28 11:07:16 - [TEST_STEP][PASSED] - selectOptionByIndex: All options with index in [66] are selected on object 'Object Repository/HealthpostToStore/Page_HealthPost Store/select_--Select--Adernaline 0.'

2018-05-28 11:07:17 - [MESSAGE][PASSED] - All options with index in [66] are selected on object 'Object Repository/HealthpostToStore/Page_HealthPost Store/select_--Select--Adernaline 0.'

2018-05-28 11:07:17 - [TEST_STEP][PASSED] - setText: Text '10' is set on object 'Object Repository/HealthpostToStore/Page_HealthPost Store/input_txttreat'

2018-05-28 11:07:17 - [MESSAGE][PASSED] - Text '10' is set on object 'Object Repository/HealthpostToStore/Page_HealthPost Store/input_txttreat'

2018-05-28 11:07:17 - [TEST_STEP][PASSED] - click: Object: 'Object Repository/HealthpostToStore/Page_HealthPost Store/button_Add' is clicked on

2018-05-28 11:07:22 - [MESSAGE][PASSED] - Object: 'Object Repository/HealthpostToStore/Page_HealthPost Store/button_Add' is clicked on

2018-05-28 11:07:22 - [TEST_STEP][PASSED] - selectOptionByIndex: All options with index in [11] are selected on object 'Object Repository/HealthpostToStore/Page_HealthPost Store/select_--Select--Schedule 1Inj'

2018-05-28 11:07:23 - [MESSAGE][PASSED] - All options with index in [11] are selected on object 'Object Repository/HealthpostToStore/Page_HealthPost Store/select_--Select--Schedule 1Inj'

2018-05-28 11:07:23 - [TEST_STEP][PASSED] - selectOptionByIndex: All options with index in [67] are selected on object 'Object Repository/HealthpostToStore/Page_HealthPost Store/select_--Select--Adernaline 0.'

2018-05-28 11:07:24 - [MESSAGE][PASSED] - All options with index in [67] are selected on object 'Object Repository/HealthpostToStore/Page_HealthPost Store/select_--Select--Adernaline 0.'

2018-05-28 11:07:24 - [TEST_STEP][PASSED] - setText: Text '10' is set on object 'Object Repository/HealthpostToStore/Page_HealthPost Store/input_txttreat'

2018-05-28 11:07:24 - [MESSAGE][PASSED] - Text '10' is set on object 'Object Repository/HealthpostToStore/Page_HealthPost Store/input_txttreat'

2018-05-28 11:07:24 - [TEST_STEP][PASSED] - click: Object: 'Object Repository/HealthpostToStore/Page_HealthPost Store/button_Add' is clicked on

2018-05-28 11:07:29 - [MESSAGE][PASSED] - Object: 'Object Repository/HealthpostToStore/Page_HealthPost Store/button_Add' is clicked on

2018-05-28 11:07:29 - [TEST_STEP][PASSED] - selectOptionByIndex: All options with index in [11] are selected on object 'Object Repository/HealthpostToStore/Page_HealthPost Store/select_--Select--Schedule 1Inj'

2018-05-28 11:07:29 - [MESSAGE][PASSED] - All options with index in [11] are selected on object 'Object Repository/HealthpostToStore/Page_HealthPost Store/select_--Select--Schedule 1Inj'

2018-05-28 11:07:29 - [TEST_STEP][PASSED] - selectOptionByIndex: All options with index in [68] are selected on object 'Object Repository/HealthpostToStore/Page_HealthPost Store/select_--Select--Adernaline 0.'

2018-05-28 11:07:30 - [MESSAGE][PASSED] - All options with index in [68] are selected on object 'Object Repository/HealthpostToStore/Page_HealthPost Store/select_--Select--Adernaline 0.'

2018-05-28 11:07:30 - [TEST_STEP][PASSED] - setText: Text '10' is set on object 'Object Repository/HealthpostToStore/Page_HealthPost Store/input_txttreat'

2018-05-28 11:07:30 - [MESSAGE][PASSED] - Text '10' is set on object 'Object Repository/HealthpostToStore/Page_HealthPost Store/input_txttreat'

2018-05-28 11:07:30 - [TEST_STEP][PASSED] - click: Object: 'Object Repository/HealthpostToStore/Page_HealthPost Store/button_Add' is clicked on

2018-05-28 11:07:35 - [MESSAGE][PASSED] - Object: 'Object Repository/HealthpostToStore/Page_HealthPost Store/button_Add' is clicked on

2018-05-28 11:07:35 - [TEST_STEP][PASSED] - selectOptionByIndex: All options with index in [11] are selected on object 'Object Repository/HealthpostToStore/Page_HealthPost Store/select_--Select--Schedule 1Inj'

2018-05-28 11:07:35 - [MESSAGE][PASSED] - All options with index in [11] are selected on object 'Object Repository/HealthpostToStore/Page_HealthPost Store/select_--Select--Schedule 1Inj'

2018-05-28 11:07:35 - [TEST_STEP][PASSED] - selectOptionByIndex: All options with index in [69] are selected on object 'Object Repository/HealthpostToStore/Page_HealthPost Store/select_--Select--Adernaline 0.'

2018-05-28 11:07:36 - [MESSAGE][PASSED] - All options with index in [69] are selected on object 'Object Repository/HealthpostToStore/Page_HealthPost Store/select_--Select--Adernaline 0.'

2018-05-28 11:07:36 - [TEST_STEP][PASSED] - setText: Text '10' is set on object 'Object Repository/HealthpostToStore/Page_HealthPost Store/input_txttreat'

2018-05-28 11:07:36 - [MESSAGE][PASSED] - Text '10' is set on object 'Object Repository/HealthpostToStore/Page_HealthPost Store/input_txttreat'

2018-05-28 11:07:36 - [TEST_STEP][PASSED] - click: Object: 'Object Repository/HealthpostToStore/Page_HealthPost Store/button_Add' is clicked on

2018-05-28 11:07:41 - [MESSAGE][PASSED] - Object: 'Object Repository/HealthpostToStore/Page_HealthPost Store/button_Add' is clicked on

2018-05-28 11:07:41 - [TEST_STEP][PASSED] - selectOptionByIndex: All options with index in [11] are selected on object 'Object Repository/HealthpostToStore/Page_HealthPost Store/select_--Select--Schedule 1Inj'

2018-05-28 11:07:41 - [MESSAGE][PASSED] - All options with index in [11] are selected on object 'Object Repository/HealthpostToStore/Page_HealthPost Store/select_--Select--Schedule 1Inj'

2018-05-28 11:07:41 - [TEST_STEP][PASSED] - selectOptionByIndex: All options with index in [70] are selected on object 'Object Repository/HealthpostToStore/Page_HealthPost Store/select_--Select--Adernaline 0.'

2018-05-28 11:07:42 - [MESSAGE][PASSED] - All options with index in [70] are selected on object 'Object Repository/HealthpostToStore/Page_HealthPost Store/select_--Select--Adernaline 0.'

2018-05-28 11:07:42 - [TEST_STEP][PASSED] - setText: Text '10' is set on object 'Object Repository/HealthpostToStore/Page_HealthPost Store/input_txttreat'

2018-05-28 11:07:42 - [MESSAGE][PASSED] - Text '10' is set on object 'Object Repository/HealthpostToStore/Page_HealthPost Store/input_txttreat'

2018-05-28 11:07:42 - [TEST_STEP][PASSED] - click: Object: 'Object Repository/HealthpostToStore/Page_HealthPost Store/button_Add' is clicked on

2018-05-28 11:07:47 - [MESSAGE][PASSED] - Object: 'Object Repository/HealthpostToStore/Page_HealthPost Store/button_Add' is clicked on

2018-05-28 11:07:47 - [TEST_STEP][PASSED] - selectOptionByIndex: All options with index in [11] are selected on object 'Object Repository/HealthpostToStore/Page_HealthPost Store/select_--Select--Schedule 1Inj'

2018-05-28 11:07:48 - [MESSAGE][PASSED] - All options with index in [11] are selected on object 'Object Repository/HealthpostToStore/Page_HealthPost Store/select_--Select--Schedule 1Inj'

2018-05-28 11:07:48 - [TEST_STEP][PASSED] - selectOptionByIndex: All options with index in [71] are selected on object 'Object Repository/HealthpostToStore/Page_HealthPost Store/select_--Select--Adernaline 0.'

2018-05-28 11:07:48 - [MESSAGE][PASSED] - All options with index in [71] are selected on object 'Object Repository/HealthpostToStore/Page_HealthPost Store/select_--Select--Adernaline 0.'

2018-05-28 11:07:48 - [TEST_STEP][PASSED] - setText: Text '10' is set on object 'Object Repository/HealthpostToStore/Page_HealthPost Store/input_txttreat'

2018-05-28 11:07:48 - [MESSAGE][PASSED] - Text '10' is set on object 'Object Repository/HealthpostToStore/Page_HealthPost Store/input_txttreat'

2018-05-28 11:07:48 - [TEST_STEP][PASSED] - click: Object: 'Object Repository/HealthpostToStore/Page_HealthPost Store/button_Add' is clicked on

2018-05-28 11:07:54 - [MESSAGE][PASSED] - Object: 'Object Repository/HealthpostToStore/Page_HealthPost Store/button_Add' is clicked on

2018-05-28 11:07:54 - [TEST_STEP][PASSED] - selectOptionByIndex: All options with index in [11] are selected on object 'Object Repository/HealthpostToStore/Page_HealthPost Store/select_--Select--Schedule 1Inj'

2018-05-28 11:07:54 - [MESSAGE][PASSED] - All options with index in [11] are selected on object 'Object Repository/HealthpostToStore/Page_HealthPost Store/select_--Select--Schedule 1Inj'

2018-05-28 11:07:54 - [TEST_STEP][PASSED] - selectOptionByIndex: All options with index in [72] are selected on object 'Object Repository/HealthpostToStore/Page_HealthPost Store/select_--Select--Adernaline 0.'

2018-05-28 11:07:55 - [MESSAGE][PASSED] - All options with index in [72] are selected on object 'Object Repository/HealthpostToStore/Page_HealthPost Store/select_--Select--Adernaline 0.'

2018-05-28 11:07:55 - [TEST_STEP][PASSED] - setText: Text '10' is set on object 'Object Repository/HealthpostToStore/Page_HealthPost Store/input_txttreat'

2018-05-28 11:07:55 - [MESSAGE][PASSED] - Text '10' is set on object 'Object Repository/HealthpostToStore/Page_HealthPost Store/input_txttreat'

2018-05-28 11:07:55 - [TEST_STEP][PASSED] - click: Object: 'Object Repository/HealthpostToStore/Page_HealthPost Store/button_Add' is clicked on

2018-05-28 11:08:00 - [MESSAGE][PASSED] - Object: 'Object Repository/HealthpostToStore/Page_HealthPost Store/button_Add' is clicked on

2018-05-28 11:08:00 - [TEST_STEP][PASSED] - selectOptionByIndex: All options with index in [11] are selected on object 'Object Repository/HealthpostToStore/Page_HealthPost Store/select_--Select--Schedule 1Inj'

2018-05-28 11:08:00 - [MESSAGE][PASSED] - All options with index in [11] are selected on object 'Object Repository/HealthpostToStore/Page_HealthPost Store/select_--Select--Schedule 1Inj'

2018-05-28 11:08:00 - [TEST_STEP][PASSED] - selectOptionByIndex: All options with index in [73] are selected on object 'Object Repository/HealthpostToStore/Page_HealthPost Store/select_--Select--Adernaline 0.'

2018-05-28 11:08:01 - [MESSAGE][PASSED] - All options with index in [73] are selected on object 'Object Repository/HealthpostToStore/Page_HealthPost Store/select_--Select--Adernaline 0.'

2018-05-28 11:08:01 - [TEST_STEP][PASSED] - setText: Text '10' is set on object 'Object Repository/HealthpostToStore/Page_HealthPost Store/input_txttreat'

2018-05-28 11:08:01 - [MESSAGE][PASSED] - Text '10' is set on object 'Object Repository/HealthpostToStore/Page_HealthPost Store/input_txttreat'

2018-05-28 11:08:01 - [TEST_STEP][PASSED] - click: Object: 'Object Repository/HealthpostToStore/Page_HealthPost Store/button_Add' is clicked on

2018-05-28 11:08:06 - [MESSAGE][PASSED] - Object: 'Object Repository/HealthpostToStore/Page_HealthPost Store/button_Add' is clicked on

2018-05-28 11:08:06 - [TEST_STEP][PASSED] - selectOptionByIndex: All options with index in [11] are selected on object 'Object Repository/HealthpostToStore/Page_HealthPost Store/select_--Select--Schedule 1Inj'

2018-05-28 11:08:07 - [MESSAGE][PASSED] - All options with index in [11] are selected on object 'Object Repository/HealthpostToStore/Page_HealthPost Store/select_--Select--Schedule 1Inj'

2018-05-28 11:08:07 - [TEST_STEP][PASSED] - selectOptionByIndex: All options with index in [74] are selected on object 'Object Repository/HealthpostToStore/Page_HealthPost Store/select_--Select--Adernaline 0.'

2018-05-28 11:08:07 - [MESSAGE][PASSED] - All options with index in [74] are selected on object 'Object Repository/HealthpostToStore/Page_HealthPost Store/select_--Select--Adernaline 0.'

2018-05-28 11:08:07 - [TEST_STEP][PASSED] - setText: Text '10' is set on object 'Object Repository/HealthpostToStore/Page_HealthPost Store/input_txttreat'

2018-05-28 11:08:07 - [MESSAGE][PASSED] - Text '10' is set on object 'Object Repository/HealthpostToStore/Page_HealthPost Store/input_txttreat'

2018-05-28 11:08:07 - [TEST_STEP][PASSED] - click: Object: 'Object Repository/HealthpostToStore/Page_HealthPost Store/button_Add' is clicked on

2018-05-28 11:08:13 - [MESSAGE][PASSED] - Object: 'Object Repository/HealthpostToStore/Page_HealthPost Store/button_Add' is clicked on

2018-05-28 11:08:13 - [TEST_STEP][PASSED] - selectOptionByIndex: All options with index in [11] are selected on object 'Object Repository/HealthpostToStore/Page_HealthPost Store/select_--Select--Schedule 1Inj'

2018-05-28 11:08:13 - [MESSAGE][PASSED] - All options with index in [11] are selected on object 'Object Repository/HealthpostToStore/Page_HealthPost Store/select_--Select--Schedule 1Inj'

2018-05-28 11:08:13 - [TEST_STEP][PASSED] - selectOptionByIndex: All options with index in [75] are selected on object 'Object Repository/HealthpostToStore/Page_HealthPost Store/select_--Select--Adernaline 0.'

2018-05-28 11:08:14 - [MESSAGE][PASSED] - All options with index in [75] are selected on object 'Object Repository/HealthpostToStore/Page_HealthPost Store/select_--Select--Adernaline 0.'

2018-05-28 11:08:14 - [TEST_STEP][PASSED] - setText: Text '10' is set on object 'Object Repository/HealthpostToStore/Page_HealthPost Store/input_txttreat'

2018-05-28 11:08:14 - [MESSAGE][PASSED] - Text '10' is set on object 'Object Repository/HealthpostToStore/Page_HealthPost Store/input_txttreat'

2018-05-28 11:08:14 - [TEST_STEP][PASSED] - click: Object: 'Object Repository/HealthpostToStore/Page_HealthPost Store/button_Add' is clicked on

2018-05-28 11:08:19 - [MESSAGE][PASSED] - Object: 'Object Repository/HealthpostToStore/Page_HealthPost Store/button_Add' is clicked on

2018-05-28 11:08:19 - [TEST_STEP][PASSED] - selectOptionByIndex: All options with index in [11] are selected on object 'Object Repository/HealthpostToStore/Page_HealthPost Store/select_--Select--Schedule 1Inj'

2018-05-28 11:08:19 - [MESSAGE][PASSED] - All options with index in [11] are selected on object 'Object Repository/HealthpostToStore/Page_HealthPost Store/select_--Select--Schedule 1Inj'

2018-05-28 11:08:19 - [TEST_STEP][PASSED] - selectOptionByIndex: All options with index in [76] are selected on object 'Object Repository/HealthpostToStore/Page_HealthPost Store/select_--Select--Adernaline 0.'

2018-05-28 11:08:20 - [MESSAGE][PASSED] - All options with index in [76] are selected on object 'Object Repository/HealthpostToStore/Page_HealthPost Store/select_--Select--Adernaline 0.'

2018-05-28 11:08:20 - [TEST_STEP][PASSED] - setText: Text '10' is set on object 'Object Repository/HealthpostToStore/Page_HealthPost Store/input_txttreat'

2018-05-28 11:08:20 - [MESSAGE][PASSED] - Text '10' is set on object 'Object Repository/HealthpostToStore/Page_HealthPost Store/input_txttreat'

2018-05-28 11:08:20 - [TEST_STEP][PASSED] - click: Object: 'Object Repository/HealthpostToStore/Page_HealthPost Store/button_Add' is clicked on

2018-05-28 11:08:25 - [MESSAGE][PASSED] - Object: 'Object Repository/HealthpostToStore/Page_HealthPost Store/button_Add' is clicked on

2018-05-28 11:08:25 - [TEST_STEP][PASSED] - selectOptionByIndex: All options with index in [11] are selected on object 'Object Repository/HealthpostToStore/Page_HealthPost Store/select_--Select--Schedule 1Inj'

2018-05-28 11:08:25 - [MESSAGE][PASSED] - All options with index in [11] are selected on object 'Object Repository/HealthpostToStore/Page_HealthPost Store/select_--Select--Schedule 1Inj'

2018-05-28 11:08:25 - [TEST_STEP][PASSED] - selectOptionByIndex: All options with index in [77] are selected on object 'Object Repository/HealthpostToStore/Page_HealthPost Store/select_--Select--Adernaline 0.'

2018-05-28 11:08:27 - [MESSAGE][PASSED] - All options with index in [77] are selected on object 'Object Repository/HealthpostToStore/Page_HealthPost Store/select_--Select--Adernaline 0.'

2018-05-28 11:08:27 - [TEST_STEP][PASSED] - setText: Text '10' is set on object 'Object Repository/HealthpostToStore/Page_HealthPost Store/input_txttreat'

2018-05-28 11:08:27 - [MESSAGE][PASSED] - Text '10' is set on object 'Object Repository/HealthpostToStore/Page_HealthPost Store/input_txttreat'

2018-05-28 11:08:27 - [TEST_STEP][PASSED] - click: Object: 'Object Repository/HealthpostToStore/Page_HealthPost Store/button_Add' is clicked on

2018-05-28 11:08:32 - [MESSAGE][PASSED] - Object: 'Object Repository/HealthpostToStore/Page_HealthPost Store/button_Add' is clicked on

2018-05-28 11:08:32 - [TEST_STEP][PASSED] - selectOptionByIndex: All options with index in [11] are selected on object 'Object Repository/HealthpostToStore/Page_HealthPost Store/select_--Select--Schedule 1Inj'

2018-05-28 11:08:32 - [MESSAGE][PASSED] - All options with index in [11] are selected on object 'Object Repository/HealthpostToStore/Page_HealthPost Store/select_--Select--Schedule 1Inj'

2018-05-28 11:08:32 - [TEST_STEP][PASSED] - selectOptionByIndex: All options with index in [78] are selected on object 'Object Repository/HealthpostToStore/Page_HealthPost Store/select_--Select--Adernaline 0.'

2018-05-28 11:08:33 - [MESSAGE][PASSED] - All options with index in [78] are selected on object 'Object Repository/HealthpostToStore/Page_HealthPost Store/select_--Select--Adernaline 0.'

2018-05-28 11:08:33 - [TEST_STEP][PASSED] - setText: Text '10' is set on object 'Object Repository/HealthpostToStore/Page_HealthPost Store/input_txttreat'

2018-05-28 11:08:33 - [MESSAGE][PASSED] - Text '10' is set on object 'Object Repository/HealthpostToStore/Page_HealthPost Store/input_txttreat'

2018-05-28 11:08:33 - [TEST_STEP][PASSED] - click: Object: 'Object Repository/HealthpostToStore/Page_HealthPost Store/button_Add' is clicked on

2018-05-28 11:08:38 - [MESSAGE][PASSED] - Object: 'Object Repository/HealthpostToStore/Page_HealthPost Store/button_Add' is clicked on

2018-05-28 11:08:38 - [TEST_STEP][PASSED] - selectOptionByIndex: All options with index in [11] are selected on object 'Object Repository/HealthpostToStore/Page_HealthPost Store/select_--Select--Schedule 1Inj'

2018-05-28 11:08:38 - [MESSAGE][PASSED] - All options with index in [11] are selected on object 'Object Repository/HealthpostToStore/Page_HealthPost Store/select_--Select--Schedule 1Inj'

2018-05-28 11:08:38 - [TEST_STEP][PASSED] - selectOptionByIndex: All options with index in [79] are selected on object 'Object Repository/HealthpostToStore/Page_HealthPost Store/select_--Select--Adernaline 0.'

2018-05-28 11:08:39 - [MESSAGE][PASSED] - All options with index in [79] are selected on object 'Object Repository/HealthpostToStore/Page_HealthPost Store/select_--Select--Adernaline 0.'

2018-05-28 11:08:39 - [TEST_STEP][PASSED] - setText: Text '10' is set on object 'Object Repository/HealthpostToStore/Page_HealthPost Store/input_txttreat'

2018-05-28 11:08:39 - [MESSAGE][PASSED] - Text '10' is set on object 'Object Repository/HealthpostToStore/Page_HealthPost Store/input_txttreat'

2018-05-28 11:08:39 - [TEST_STEP][PASSED] - click: Object: 'Object Repository/HealthpostToStore/Page_HealthPost Store/button_Add' is clicked on

2018-05-28 11:08:44 - [MESSAGE][PASSED] - Object: 'Object Repository/HealthpostToStore/Page_HealthPost Store/button_Add' is clicked on

2018-05-28 11:08:44 - [TEST_STEP][PASSED] - selectOptionByIndex: All options with index in [11] are selected on object 'Object Repository/HealthpostToStore/Page_HealthPost Store/select_--Select--Schedule 1Inj'

2018-05-28 11:08:45 - [MESSAGE][PASSED] - All options with index in [11] are selected on object 'Object Repository/HealthpostToStore/Page_HealthPost Store/select_--Select--Schedule 1Inj'

2018-05-28 11:08:45 - [TEST_STEP][PASSED] - selectOptionByIndex: All options with index in [80] are selected on object 'Object Repository/HealthpostToStore/Page_HealthPost Store/select_--Select--Adernaline 0.'

2018-05-28 11:08:45 - [MESSAGE][PASSED] - All options with index in [80] are selected on object 'Object Repository/HealthpostToStore/Page_HealthPost Store/select_--Select--Adernaline 0.'

2018-05-28 11:08:45 - [TEST_STEP][PASSED] - setText: Text '10' is set on object 'Object Repository/HealthpostToStore/Page_HealthPost Store/input_txttreat'

2018-05-28 11:08:46 - [MESSAGE][PASSED] - Text '10' is set on object 'Object Repository/HealthpostToStore/Page_HealthPost Store/input_txttreat'

2018-05-28 11:08:46 - [TEST_STEP][PASSED] - click: Object: 'Object Repository/HealthpostToStore/Page_HealthPost Store/button_Add' is clicked on

2018-05-28 11:08:51 - [MESSAGE][PASSED] - Object: 'Object Repository/HealthpostToStore/Page_HealthPost Store/button_Add' is clicked on

2018-05-28 11:08:51 - [TEST_STEP][PASSED] - scrollToElement: Scroll to object 'Object Repository/HealthpostToStore/Page_HealthPost Store/input_btnsave' successfully

2018-05-28 11:08:51 - [MESSAGE][PASSED] - Scroll to object 'Object Repository/HealthpostToStore/Page_HealthPost Store/input_btnsave' successfully

2018-05-28 11:08:51 - [TEST_STEP][PASSED] - click: Object: 'Object Repository/HealthpostToStore/Page_HealthPost Store/input_btnsave' is clicked on

2018-05-28 11:08:56 - [MESSAGE][PASSED] - Object: 'Object Repository/HealthpostToStore/Page_HealthPost Store/input_btnsave' is clicked on

2018-05-28 11:08:56 - [TEST_STEP][PASSED] - delay: Delayed 3 second(s)

2018-05-28 11:08:59 - [MESSAGE][PASSED] - Delayed 3 second(s)

2018-05-28 11:08:59 - [TEST_STEP][PASSED] - Statement - RN1 = com.kms.katalon.core.webui.keyword.WebUiBuiltInKeywords.getText(com.kms.katalon.core.testobject.ObjectRepository.findTestObject(HealthpostToStore/Page_HealthPost Store/font_HPRNO180520187)): Text of object 'Object Repository/HealthpostToStore/Page_HealthPost Store/font_HPRNO180520187' is: ''

2018-05-28 11:08:59 - [MESSAGE][PASSED] - Text of object 'Object Repository/HealthpostToStore/Page_HealthPost Store/font_HPRNO180520187' is: ''

2018-05-28 11:08:59 - [TEST_STEP][PASSED] - Statement - out.println(RN1): null

2018-05-28 11:08:59 - [TEST_STEP][PASSED] - Statement - RID = RN1.split("/")[2]: null]]></system-out>
         <system-err><![CDATA[2018-05-28 11:05:06 - [TEST_CASE][ERROR] - Test Cases/HEALTHPOST TEST CASES/TC_HP_011 Verify Schedule 11 Healthpost Request Are Working Successfully Or Not: Test Cases/HEALTHPOST TEST CASES/TC_HP_011 Verify Schedule 11 Healthpost Request Are Working Successfully Or Not FAILED because (of) java.lang.ArrayIndexOutOfBoundsException: 2]]></system-err>
      </testcase>
      <testcase name="Test Cases/HEALTHPOST TEST CASES/TC_HP_012 Verify Schedule 12 Healthpost Request Are Working Successfully Or Not" classname="Test Cases/HEALTHPOST TEST CASES/TC_HP_012 Verify Schedule 12 Healthpost Request Are Working Successfully Or Not" status="PASSED">
         <system-out><![CDATA[2018-05-28 11:08:59 - [TEST_CASE][PASSED] - Test Cases/HEALTHPOST TEST CASES/TC_HP_012 Verify Schedule 12 Healthpost Request Are Working Successfully Or Not: Test Cases/HEALTHPOST TEST CASES/TC_HP_012 Verify Schedule 12 Healthpost Request Are Working Successfully Or Not

2018-05-28 11:08:59 - [TEST_STEP][PASSED] - openBrowser: Browser is opened with url: ''

2018-05-28 11:08:59 - [MESSAGE][WARNING] - A browser is already opened. Closing browser and opening a new one

2018-05-28 11:09:02 - [MESSAGE][PASSED] - Browser is opened with url: ''

2018-05-28 11:09:02 - [TEST_STEP][PASSED] - navigateToUrl: Navigate to 'http://192.168.137.1/multihospital_new/HDSplashscreen.aspx' successfully

2018-05-28 11:09:03 - [MESSAGE][PASSED] - Navigate to 'http://192.168.137.1/multihospital_new/HDSplashscreen.aspx' successfully

2018-05-28 11:09:03 - [TEST_STEP][PASSED] - maximizeWindow: Current window maximized

2018-05-28 11:09:05 - [MESSAGE][PASSED] - Current window maximized

2018-05-28 11:09:05 - [TEST_STEP][PASSED] - click: Object: 'Object Repository/HealthpostToStore/Page_KDMC/a_Healthpost Store' is clicked on

2018-05-28 11:09:05 - [MESSAGE][PASSED] - Object: 'Object Repository/HealthpostToStore/Page_KDMC/a_Healthpost Store' is clicked on

2018-05-28 11:09:05 - [TEST_STEP][PASSED] - setText: Text 'raguram' is set on object 'Object Repository/HealthpostToStore/Page_HealthPost Store Login/input_txtusername'

2018-05-28 11:09:06 - [MESSAGE][PASSED] - Text 'raguram' is set on object 'Object Repository/HealthpostToStore/Page_HealthPost Store Login/input_txtusername'

2018-05-28 11:09:06 - [TEST_STEP][PASSED] - setText: Text '123' is set on object 'Object Repository/HealthpostToStore/Page_HealthPost Store Login/input_txtpassword'

2018-05-28 11:09:06 - [MESSAGE][PASSED] - Text '123' is set on object 'Object Repository/HealthpostToStore/Page_HealthPost Store Login/input_txtpassword'

2018-05-28 11:09:06 - [TEST_STEP][PASSED] - delay: Delayed 3 second(s)

2018-05-28 11:09:09 - [MESSAGE][PASSED] - Delayed 3 second(s)

2018-05-28 11:09:09 - [TEST_STEP][PASSED] - sendKeys: Keys 'ENTER + ' sent to object: 'Object Repository/HealthpostToStore/Page_HealthPost Store Login/input_txtpassword'

2018-05-28 11:09:09 - [MESSAGE][PASSED] - Keys 'ENTER + ' sent to object: 'Object Repository/HealthpostToStore/Page_HealthPost Store Login/input_txtpassword'

2018-05-28 11:09:09 - [TEST_STEP][PASSED] - delay: Delayed 3 second(s)

2018-05-28 11:09:12 - [MESSAGE][PASSED] - Delayed 3 second(s)

2018-05-28 11:09:12 - [TEST_STEP][PASSED] - click: Object: 'Object Repository/HealthpostToStore/Page_HealthPost Store/a_Request to Store' is clicked on

2018-05-28 11:09:12 - [MESSAGE][PASSED] - Object: 'Object Repository/HealthpostToStore/Page_HealthPost Store/a_Request to Store' is clicked on

2018-05-28 11:09:12 - [TEST_STEP][PASSED] - delay: Delayed 1 second(s)

2018-05-28 11:09:13 - [MESSAGE][PASSED] - Delayed 1 second(s)

2018-05-28 11:09:13 - [TEST_STEP][PASSED] - click: Object: 'Object Repository/HealthpostToStore/Page_HealthPost Store/a_Medicine Request' is clicked on

2018-05-28 11:09:14 - [MESSAGE][PASSED] - Object: 'Object Repository/HealthpostToStore/Page_HealthPost Store/a_Medicine Request' is clicked on

2018-05-28 11:09:14 - [TEST_STEP][PASSED] - delay: Delayed 1 second(s)

2018-05-28 11:09:15 - [MESSAGE][PASSED] - Delayed 1 second(s)

2018-05-28 11:09:15 - [TEST_STEP][PASSED] - selectOptionByIndex: All options with index in [12] are selected on object 'Object Repository/HealthpostToStore/Page_HealthPost Store/select_--Select--Schedule 1Inj'

2018-05-28 11:09:15 - [MESSAGE][PASSED] - All options with index in [12] are selected on object 'Object Repository/HealthpostToStore/Page_HealthPost Store/select_--Select--Schedule 1Inj'

2018-05-28 11:09:15 - [TEST_STEP][PASSED] - Statement - medicineslength = com.kms.katalon.core.webui.keyword.WebUiBuiltInKeywords.getNumberOfTotalOption(com.kms.katalon.core.testobject.ObjectRepository.findTestObject(HealthpostToStore/Page_HealthPost Store/select_--Select--Adernaline 0.)): 19 options of object 'Object Repository/HealthpostToStore/Page_HealthPost Store/select_--Select--Adernaline 0.' counted

2018-05-28 11:09:16 - [MESSAGE][PASSED] - 19 options of object 'Object Repository/HealthpostToStore/Page_HealthPost Store/select_--Select--Adernaline 0.' counted

2018-05-28 11:09:16 - [TEST_STEP][PASSED] - Statement - For ([e = 1, e <= medicineslength - 1, (e++)]): Object: 'Object Repository/HealthpostToStore/Page_HealthPost Store/button_Add' is clicked on

2018-05-28 11:09:16 - [TEST_STEP][PASSED] - selectOptionByIndex: All options with index in [12] are selected on object 'Object Repository/HealthpostToStore/Page_HealthPost Store/select_--Select--Schedule 1Inj'

2018-05-28 11:09:16 - [MESSAGE][PASSED] - All options with index in [12] are selected on object 'Object Repository/HealthpostToStore/Page_HealthPost Store/select_--Select--Schedule 1Inj'

2018-05-28 11:09:16 - [TEST_STEP][PASSED] - selectOptionByIndex: All options with index in [1] are selected on object 'Object Repository/HealthpostToStore/Page_HealthPost Store/select_--Select--Adernaline 0.'

2018-05-28 11:09:16 - [MESSAGE][PASSED] - All options with index in [1] are selected on object 'Object Repository/HealthpostToStore/Page_HealthPost Store/select_--Select--Adernaline 0.'

2018-05-28 11:09:16 - [TEST_STEP][PASSED] - setText: Text '10' is set on object 'Object Repository/HealthpostToStore/Page_HealthPost Store/input_txttreat'

2018-05-28 11:09:16 - [MESSAGE][PASSED] - Text '10' is set on object 'Object Repository/HealthpostToStore/Page_HealthPost Store/input_txttreat'

2018-05-28 11:09:16 - [TEST_STEP][PASSED] - click: Object: 'Object Repository/HealthpostToStore/Page_HealthPost Store/button_Add' is clicked on

2018-05-28 11:09:16 - [MESSAGE][PASSED] - Object: 'Object Repository/HealthpostToStore/Page_HealthPost Store/button_Add' is clicked on

2018-05-28 11:09:16 - [TEST_STEP][PASSED] - selectOptionByIndex: All options with index in [12] are selected on object 'Object Repository/HealthpostToStore/Page_HealthPost Store/select_--Select--Schedule 1Inj'

2018-05-28 11:09:16 - [MESSAGE][PASSED] - All options with index in [12] are selected on object 'Object Repository/HealthpostToStore/Page_HealthPost Store/select_--Select--Schedule 1Inj'

2018-05-28 11:09:16 - [TEST_STEP][PASSED] - selectOptionByIndex: All options with index in [2] are selected on object 'Object Repository/HealthpostToStore/Page_HealthPost Store/select_--Select--Adernaline 0.'

2018-05-28 11:09:16 - [MESSAGE][PASSED] - All options with index in [2] are selected on object 'Object Repository/HealthpostToStore/Page_HealthPost Store/select_--Select--Adernaline 0.'

2018-05-28 11:09:16 - [TEST_STEP][PASSED] - setText: Text '10' is set on object 'Object Repository/HealthpostToStore/Page_HealthPost Store/input_txttreat'

2018-05-28 11:09:17 - [MESSAGE][PASSED] - Text '10' is set on object 'Object Repository/HealthpostToStore/Page_HealthPost Store/input_txttreat'

2018-05-28 11:09:17 - [TEST_STEP][PASSED] - click: Object: 'Object Repository/HealthpostToStore/Page_HealthPost Store/button_Add' is clicked on

2018-05-28 11:09:17 - [MESSAGE][PASSED] - Object: 'Object Repository/HealthpostToStore/Page_HealthPost Store/button_Add' is clicked on

2018-05-28 11:09:17 - [TEST_STEP][PASSED] - selectOptionByIndex: All options with index in [12] are selected on object 'Object Repository/HealthpostToStore/Page_HealthPost Store/select_--Select--Schedule 1Inj'

2018-05-28 11:09:17 - [MESSAGE][PASSED] - All options with index in [12] are selected on object 'Object Repository/HealthpostToStore/Page_HealthPost Store/select_--Select--Schedule 1Inj'

2018-05-28 11:09:17 - [TEST_STEP][PASSED] - selectOptionByIndex: All options with index in [3] are selected on object 'Object Repository/HealthpostToStore/Page_HealthPost Store/select_--Select--Adernaline 0.'

2018-05-28 11:09:17 - [MESSAGE][PASSED] - All options with index in [3] are selected on object 'Object Repository/HealthpostToStore/Page_HealthPost Store/select_--Select--Adernaline 0.'

2018-05-28 11:09:17 - [TEST_STEP][PASSED] - setText: Text '10' is set on object 'Object Repository/HealthpostToStore/Page_HealthPost Store/input_txttreat'

2018-05-28 11:09:17 - [MESSAGE][PASSED] - Text '10' is set on object 'Object Repository/HealthpostToStore/Page_HealthPost Store/input_txttreat'

2018-05-28 11:09:17 - [TEST_STEP][PASSED] - click: Object: 'Object Repository/HealthpostToStore/Page_HealthPost Store/button_Add' is clicked on

2018-05-28 11:09:17 - [MESSAGE][PASSED] - Object: 'Object Repository/HealthpostToStore/Page_HealthPost Store/button_Add' is clicked on

2018-05-28 11:09:17 - [TEST_STEP][PASSED] - selectOptionByIndex: All options with index in [12] are selected on object 'Object Repository/HealthpostToStore/Page_HealthPost Store/select_--Select--Schedule 1Inj'

2018-05-28 11:09:17 - [MESSAGE][PASSED] - All options with index in [12] are selected on object 'Object Repository/HealthpostToStore/Page_HealthPost Store/select_--Select--Schedule 1Inj'

2018-05-28 11:09:17 - [TEST_STEP][PASSED] - selectOptionByIndex: All options with index in [4] are selected on object 'Object Repository/HealthpostToStore/Page_HealthPost Store/select_--Select--Adernaline 0.'

2018-05-28 11:09:18 - [MESSAGE][PASSED] - All options with index in [4] are selected on object 'Object Repository/HealthpostToStore/Page_HealthPost Store/select_--Select--Adernaline 0.'

2018-05-28 11:09:18 - [TEST_STEP][PASSED] - setText: Text '10' is set on object 'Object Repository/HealthpostToStore/Page_HealthPost Store/input_txttreat'

2018-05-28 11:09:18 - [MESSAGE][PASSED] - Text '10' is set on object 'Object Repository/HealthpostToStore/Page_HealthPost Store/input_txttreat'

2018-05-28 11:09:18 - [TEST_STEP][PASSED] - click: Object: 'Object Repository/HealthpostToStore/Page_HealthPost Store/button_Add' is clicked on

2018-05-28 11:09:18 - [MESSAGE][PASSED] - Object: 'Object Repository/HealthpostToStore/Page_HealthPost Store/button_Add' is clicked on

2018-05-28 11:09:18 - [TEST_STEP][PASSED] - selectOptionByIndex: All options with index in [12] are selected on object 'Object Repository/HealthpostToStore/Page_HealthPost Store/select_--Select--Schedule 1Inj'

2018-05-28 11:09:18 - [MESSAGE][PASSED] - All options with index in [12] are selected on object 'Object Repository/HealthpostToStore/Page_HealthPost Store/select_--Select--Schedule 1Inj'

2018-05-28 11:09:18 - [TEST_STEP][PASSED] - selectOptionByIndex: All options with index in [5] are selected on object 'Object Repository/HealthpostToStore/Page_HealthPost Store/select_--Select--Adernaline 0.'

2018-05-28 11:09:18 - [MESSAGE][PASSED] - All options with index in [5] are selected on object 'Object Repository/HealthpostToStore/Page_HealthPost Store/select_--Select--Adernaline 0.'

2018-05-28 11:09:18 - [TEST_STEP][PASSED] - setText: Text '10' is set on object 'Object Repository/HealthpostToStore/Page_HealthPost Store/input_txttreat'

2018-05-28 11:09:18 - [MESSAGE][PASSED] - Text '10' is set on object 'Object Repository/HealthpostToStore/Page_HealthPost Store/input_txttreat'

2018-05-28 11:09:18 - [TEST_STEP][PASSED] - click: Object: 'Object Repository/HealthpostToStore/Page_HealthPost Store/button_Add' is clicked on

2018-05-28 11:09:18 - [MESSAGE][PASSED] - Object: 'Object Repository/HealthpostToStore/Page_HealthPost Store/button_Add' is clicked on

2018-05-28 11:09:18 - [TEST_STEP][PASSED] - selectOptionByIndex: All options with index in [12] are selected on object 'Object Repository/HealthpostToStore/Page_HealthPost Store/select_--Select--Schedule 1Inj'

2018-05-28 11:09:18 - [MESSAGE][PASSED] - All options with index in [12] are selected on object 'Object Repository/HealthpostToStore/Page_HealthPost Store/select_--Select--Schedule 1Inj'

2018-05-28 11:09:18 - [TEST_STEP][PASSED] - selectOptionByIndex: All options with index in [6] are selected on object 'Object Repository/HealthpostToStore/Page_HealthPost Store/select_--Select--Adernaline 0.'

2018-05-28 11:09:19 - [MESSAGE][PASSED] - All options with index in [6] are selected on object 'Object Repository/HealthpostToStore/Page_HealthPost Store/select_--Select--Adernaline 0.'

2018-05-28 11:09:19 - [TEST_STEP][PASSED] - setText: Text '10' is set on object 'Object Repository/HealthpostToStore/Page_HealthPost Store/input_txttreat'

2018-05-28 11:09:19 - [MESSAGE][PASSED] - Text '10' is set on object 'Object Repository/HealthpostToStore/Page_HealthPost Store/input_txttreat'

2018-05-28 11:09:19 - [TEST_STEP][PASSED] - click: Object: 'Object Repository/HealthpostToStore/Page_HealthPost Store/button_Add' is clicked on

2018-05-28 11:09:19 - [MESSAGE][PASSED] - Object: 'Object Repository/HealthpostToStore/Page_HealthPost Store/button_Add' is clicked on

2018-05-28 11:09:19 - [TEST_STEP][PASSED] - selectOptionByIndex: All options with index in [12] are selected on object 'Object Repository/HealthpostToStore/Page_HealthPost Store/select_--Select--Schedule 1Inj'

2018-05-28 11:09:19 - [MESSAGE][PASSED] - All options with index in [12] are selected on object 'Object Repository/HealthpostToStore/Page_HealthPost Store/select_--Select--Schedule 1Inj'

2018-05-28 11:09:19 - [TEST_STEP][PASSED] - selectOptionByIndex: All options with index in [7] are selected on object 'Object Repository/HealthpostToStore/Page_HealthPost Store/select_--Select--Adernaline 0.'

2018-05-28 11:09:19 - [MESSAGE][PASSED] - All options with index in [7] are selected on object 'Object Repository/HealthpostToStore/Page_HealthPost Store/select_--Select--Adernaline 0.'

2018-05-28 11:09:19 - [TEST_STEP][PASSED] - setText: Text '10' is set on object 'Object Repository/HealthpostToStore/Page_HealthPost Store/input_txttreat'

2018-05-28 11:09:19 - [MESSAGE][PASSED] - Text '10' is set on object 'Object Repository/HealthpostToStore/Page_HealthPost Store/input_txttreat'

2018-05-28 11:09:19 - [TEST_STEP][PASSED] - click: Object: 'Object Repository/HealthpostToStore/Page_HealthPost Store/button_Add' is clicked on

2018-05-28 11:09:19 - [MESSAGE][PASSED] - Object: 'Object Repository/HealthpostToStore/Page_HealthPost Store/button_Add' is clicked on

2018-05-28 11:09:19 - [TEST_STEP][PASSED] - selectOptionByIndex: All options with index in [12] are selected on object 'Object Repository/HealthpostToStore/Page_HealthPost Store/select_--Select--Schedule 1Inj'

2018-05-28 11:09:20 - [MESSAGE][PASSED] - All options with index in [12] are selected on object 'Object Repository/HealthpostToStore/Page_HealthPost Store/select_--Select--Schedule 1Inj'

2018-05-28 11:09:20 - [TEST_STEP][PASSED] - selectOptionByIndex: All options with index in [8] are selected on object 'Object Repository/HealthpostToStore/Page_HealthPost Store/select_--Select--Adernaline 0.'

2018-05-28 11:09:20 - [MESSAGE][PASSED] - All options with index in [8] are selected on object 'Object Repository/HealthpostToStore/Page_HealthPost Store/select_--Select--Adernaline 0.'

2018-05-28 11:09:20 - [TEST_STEP][PASSED] - setText: Text '10' is set on object 'Object Repository/HealthpostToStore/Page_HealthPost Store/input_txttreat'

2018-05-28 11:09:20 - [MESSAGE][PASSED] - Text '10' is set on object 'Object Repository/HealthpostToStore/Page_HealthPost Store/input_txttreat'

2018-05-28 11:09:20 - [TEST_STEP][PASSED] - click: Object: 'Object Repository/HealthpostToStore/Page_HealthPost Store/button_Add' is clicked on

2018-05-28 11:09:20 - [MESSAGE][PASSED] - Object: 'Object Repository/HealthpostToStore/Page_HealthPost Store/button_Add' is clicked on

2018-05-28 11:09:20 - [TEST_STEP][PASSED] - selectOptionByIndex: All options with index in [12] are selected on object 'Object Repository/HealthpostToStore/Page_HealthPost Store/select_--Select--Schedule 1Inj'

2018-05-28 11:09:20 - [MESSAGE][PASSED] - All options with index in [12] are selected on object 'Object Repository/HealthpostToStore/Page_HealthPost Store/select_--Select--Schedule 1Inj'

2018-05-28 11:09:20 - [TEST_STEP][PASSED] - selectOptionByIndex: All options with index in [9] are selected on object 'Object Repository/HealthpostToStore/Page_HealthPost Store/select_--Select--Adernaline 0.'

2018-05-28 11:09:20 - [MESSAGE][PASSED] - All options with index in [9] are selected on object 'Object Repository/HealthpostToStore/Page_HealthPost Store/select_--Select--Adernaline 0.'

2018-05-28 11:09:20 - [TEST_STEP][PASSED] - setText: Text '10' is set on object 'Object Repository/HealthpostToStore/Page_HealthPost Store/input_txttreat'

2018-05-28 11:09:20 - [MESSAGE][PASSED] - Text '10' is set on object 'Object Repository/HealthpostToStore/Page_HealthPost Store/input_txttreat'

2018-05-28 11:09:20 - [TEST_STEP][PASSED] - click: Object: 'Object Repository/HealthpostToStore/Page_HealthPost Store/button_Add' is clicked on

2018-05-28 11:09:21 - [MESSAGE][PASSED] - Object: 'Object Repository/HealthpostToStore/Page_HealthPost Store/button_Add' is clicked on

2018-05-28 11:09:21 - [TEST_STEP][PASSED] - selectOptionByIndex: All options with index in [12] are selected on object 'Object Repository/HealthpostToStore/Page_HealthPost Store/select_--Select--Schedule 1Inj'

2018-05-28 11:09:21 - [MESSAGE][PASSED] - All options with index in [12] are selected on object 'Object Repository/HealthpostToStore/Page_HealthPost Store/select_--Select--Schedule 1Inj'

2018-05-28 11:09:21 - [TEST_STEP][PASSED] - selectOptionByIndex: All options with index in [10] are selected on object 'Object Repository/HealthpostToStore/Page_HealthPost Store/select_--Select--Adernaline 0.'

2018-05-28 11:09:21 - [MESSAGE][PASSED] - All options with index in [10] are selected on object 'Object Repository/HealthpostToStore/Page_HealthPost Store/select_--Select--Adernaline 0.'

2018-05-28 11:09:21 - [TEST_STEP][PASSED] - setText: Text '10' is set on object 'Object Repository/HealthpostToStore/Page_HealthPost Store/input_txttreat'

2018-05-28 11:09:21 - [MESSAGE][PASSED] - Text '10' is set on object 'Object Repository/HealthpostToStore/Page_HealthPost Store/input_txttreat'

2018-05-28 11:09:21 - [TEST_STEP][PASSED] - click: Object: 'Object Repository/HealthpostToStore/Page_HealthPost Store/button_Add' is clicked on

2018-05-28 11:09:21 - [MESSAGE][PASSED] - Object: 'Object Repository/HealthpostToStore/Page_HealthPost Store/button_Add' is clicked on

2018-05-28 11:09:21 - [TEST_STEP][PASSED] - selectOptionByIndex: All options with index in [12] are selected on object 'Object Repository/HealthpostToStore/Page_HealthPost Store/select_--Select--Schedule 1Inj'

2018-05-28 11:09:21 - [MESSAGE][PASSED] - All options with index in [12] are selected on object 'Object Repository/HealthpostToStore/Page_HealthPost Store/select_--Select--Schedule 1Inj'

2018-05-28 11:09:21 - [TEST_STEP][PASSED] - selectOptionByIndex: All options with index in [11] are selected on object 'Object Repository/HealthpostToStore/Page_HealthPost Store/select_--Select--Adernaline 0.'

2018-05-28 11:09:22 - [MESSAGE][PASSED] - All options with index in [11] are selected on object 'Object Repository/HealthpostToStore/Page_HealthPost Store/select_--Select--Adernaline 0.'

2018-05-28 11:09:22 - [TEST_STEP][PASSED] - setText: Text '10' is set on object 'Object Repository/HealthpostToStore/Page_HealthPost Store/input_txttreat'

2018-05-28 11:09:22 - [MESSAGE][PASSED] - Text '10' is set on object 'Object Repository/HealthpostToStore/Page_HealthPost Store/input_txttreat'

2018-05-28 11:09:22 - [TEST_STEP][PASSED] - click: Object: 'Object Repository/HealthpostToStore/Page_HealthPost Store/button_Add' is clicked on

2018-05-28 11:09:22 - [MESSAGE][PASSED] - Object: 'Object Repository/HealthpostToStore/Page_HealthPost Store/button_Add' is clicked on

2018-05-28 11:09:22 - [TEST_STEP][PASSED] - selectOptionByIndex: All options with index in [12] are selected on object 'Object Repository/HealthpostToStore/Page_HealthPost Store/select_--Select--Schedule 1Inj'

2018-05-28 11:09:22 - [MESSAGE][PASSED] - All options with index in [12] are selected on object 'Object Repository/HealthpostToStore/Page_HealthPost Store/select_--Select--Schedule 1Inj'

2018-05-28 11:09:22 - [TEST_STEP][PASSED] - selectOptionByIndex: All options with index in [12] are selected on object 'Object Repository/HealthpostToStore/Page_HealthPost Store/select_--Select--Adernaline 0.'

2018-05-28 11:09:22 - [MESSAGE][PASSED] - All options with index in [12] are selected on object 'Object Repository/HealthpostToStore/Page_HealthPost Store/select_--Select--Adernaline 0.'

2018-05-28 11:09:22 - [TEST_STEP][PASSED] - setText: Text '10' is set on object 'Object Repository/HealthpostToStore/Page_HealthPost Store/input_txttreat'

2018-05-28 11:09:22 - [MESSAGE][PASSED] - Text '10' is set on object 'Object Repository/HealthpostToStore/Page_HealthPost Store/input_txttreat'

2018-05-28 11:09:22 - [TEST_STEP][PASSED] - click: Object: 'Object Repository/HealthpostToStore/Page_HealthPost Store/button_Add' is clicked on

2018-05-28 11:09:22 - [MESSAGE][PASSED] - Object: 'Object Repository/HealthpostToStore/Page_HealthPost Store/button_Add' is clicked on

2018-05-28 11:09:22 - [TEST_STEP][PASSED] - selectOptionByIndex: All options with index in [12] are selected on object 'Object Repository/HealthpostToStore/Page_HealthPost Store/select_--Select--Schedule 1Inj'

2018-05-28 11:09:23 - [MESSAGE][PASSED] - All options with index in [12] are selected on object 'Object Repository/HealthpostToStore/Page_HealthPost Store/select_--Select--Schedule 1Inj'

2018-05-28 11:09:23 - [TEST_STEP][PASSED] - selectOptionByIndex: All options with index in [13] are selected on object 'Object Repository/HealthpostToStore/Page_HealthPost Store/select_--Select--Adernaline 0.'

2018-05-28 11:09:23 - [MESSAGE][PASSED] - All options with index in [13] are selected on object 'Object Repository/HealthpostToStore/Page_HealthPost Store/select_--Select--Adernaline 0.'

2018-05-28 11:09:23 - [TEST_STEP][PASSED] - setText: Text '10' is set on object 'Object Repository/HealthpostToStore/Page_HealthPost Store/input_txttreat'

2018-05-28 11:09:23 - [MESSAGE][PASSED] - Text '10' is set on object 'Object Repository/HealthpostToStore/Page_HealthPost Store/input_txttreat'

2018-05-28 11:09:23 - [TEST_STEP][PASSED] - click: Object: 'Object Repository/HealthpostToStore/Page_HealthPost Store/button_Add' is clicked on

2018-05-28 11:09:23 - [MESSAGE][PASSED] - Object: 'Object Repository/HealthpostToStore/Page_HealthPost Store/button_Add' is clicked on

2018-05-28 11:09:23 - [TEST_STEP][PASSED] - selectOptionByIndex: All options with index in [12] are selected on object 'Object Repository/HealthpostToStore/Page_HealthPost Store/select_--Select--Schedule 1Inj'

2018-05-28 11:09:23 - [MESSAGE][PASSED] - All options with index in [12] are selected on object 'Object Repository/HealthpostToStore/Page_HealthPost Store/select_--Select--Schedule 1Inj'

2018-05-28 11:09:23 - [TEST_STEP][PASSED] - selectOptionByIndex: All options with index in [14] are selected on object 'Object Repository/HealthpostToStore/Page_HealthPost Store/select_--Select--Adernaline 0.'

2018-05-28 11:09:24 - [MESSAGE][PASSED] - All options with index in [14] are selected on object 'Object Repository/HealthpostToStore/Page_HealthPost Store/select_--Select--Adernaline 0.'

2018-05-28 11:09:24 - [TEST_STEP][PASSED] - setText: Text '10' is set on object 'Object Repository/HealthpostToStore/Page_HealthPost Store/input_txttreat'

2018-05-28 11:09:24 - [MESSAGE][PASSED] - Text '10' is set on object 'Object Repository/HealthpostToStore/Page_HealthPost Store/input_txttreat'

2018-05-28 11:09:24 - [TEST_STEP][PASSED] - click: Object: 'Object Repository/HealthpostToStore/Page_HealthPost Store/button_Add' is clicked on

2018-05-28 11:09:24 - [MESSAGE][PASSED] - Object: 'Object Repository/HealthpostToStore/Page_HealthPost Store/button_Add' is clicked on

2018-05-28 11:09:24 - [TEST_STEP][PASSED] - selectOptionByIndex: All options with index in [12] are selected on object 'Object Repository/HealthpostToStore/Page_HealthPost Store/select_--Select--Schedule 1Inj'

2018-05-28 11:09:24 - [MESSAGE][PASSED] - All options with index in [12] are selected on object 'Object Repository/HealthpostToStore/Page_HealthPost Store/select_--Select--Schedule 1Inj'

2018-05-28 11:09:24 - [TEST_STEP][PASSED] - selectOptionByIndex: All options with index in [15] are selected on object 'Object Repository/HealthpostToStore/Page_HealthPost Store/select_--Select--Adernaline 0.'

2018-05-28 11:09:24 - [MESSAGE][PASSED] - All options with index in [15] are selected on object 'Object Repository/HealthpostToStore/Page_HealthPost Store/select_--Select--Adernaline 0.'

2018-05-28 11:09:24 - [TEST_STEP][PASSED] - setText: Text '10' is set on object 'Object Repository/HealthpostToStore/Page_HealthPost Store/input_txttreat'

2018-05-28 11:09:24 - [MESSAGE][PASSED] - Text '10' is set on object 'Object Repository/HealthpostToStore/Page_HealthPost Store/input_txttreat'

2018-05-28 11:09:24 - [TEST_STEP][PASSED] - click: Object: 'Object Repository/HealthpostToStore/Page_HealthPost Store/button_Add' is clicked on

2018-05-28 11:09:24 - [MESSAGE][PASSED] - Object: 'Object Repository/HealthpostToStore/Page_HealthPost Store/button_Add' is clicked on

2018-05-28 11:09:24 - [TEST_STEP][PASSED] - selectOptionByIndex: All options with index in [12] are selected on object 'Object Repository/HealthpostToStore/Page_HealthPost Store/select_--Select--Schedule 1Inj'

2018-05-28 11:09:25 - [MESSAGE][PASSED] - All options with index in [12] are selected on object 'Object Repository/HealthpostToStore/Page_HealthPost Store/select_--Select--Schedule 1Inj'

2018-05-28 11:09:25 - [TEST_STEP][PASSED] - selectOptionByIndex: All options with index in [16] are selected on object 'Object Repository/HealthpostToStore/Page_HealthPost Store/select_--Select--Adernaline 0.'

2018-05-28 11:09:25 - [MESSAGE][PASSED] - All options with index in [16] are selected on object 'Object Repository/HealthpostToStore/Page_HealthPost Store/select_--Select--Adernaline 0.'

2018-05-28 11:09:25 - [TEST_STEP][PASSED] - setText: Text '10' is set on object 'Object Repository/HealthpostToStore/Page_HealthPost Store/input_txttreat'

2018-05-28 11:09:25 - [MESSAGE][PASSED] - Text '10' is set on object 'Object Repository/HealthpostToStore/Page_HealthPost Store/input_txttreat'

2018-05-28 11:09:25 - [TEST_STEP][PASSED] - click: Object: 'Object Repository/HealthpostToStore/Page_HealthPost Store/button_Add' is clicked on

2018-05-28 11:09:25 - [MESSAGE][PASSED] - Object: 'Object Repository/HealthpostToStore/Page_HealthPost Store/button_Add' is clicked on

2018-05-28 11:09:25 - [TEST_STEP][PASSED] - selectOptionByIndex: All options with index in [12] are selected on object 'Object Repository/HealthpostToStore/Page_HealthPost Store/select_--Select--Schedule 1Inj'

2018-05-28 11:09:25 - [MESSAGE][PASSED] - All options with index in [12] are selected on object 'Object Repository/HealthpostToStore/Page_HealthPost Store/select_--Select--Schedule 1Inj'

2018-05-28 11:09:25 - [TEST_STEP][PASSED] - selectOptionByIndex: All options with index in [17] are selected on object 'Object Repository/HealthpostToStore/Page_HealthPost Store/select_--Select--Adernaline 0.'

2018-05-28 11:09:26 - [MESSAGE][PASSED] - All options with index in [17] are selected on object 'Object Repository/HealthpostToStore/Page_HealthPost Store/select_--Select--Adernaline 0.'

2018-05-28 11:09:26 - [TEST_STEP][PASSED] - setText: Text '10' is set on object 'Object Repository/HealthpostToStore/Page_HealthPost Store/input_txttreat'

2018-05-28 11:09:26 - [MESSAGE][PASSED] - Text '10' is set on object 'Object Repository/HealthpostToStore/Page_HealthPost Store/input_txttreat'

2018-05-28 11:09:26 - [TEST_STEP][PASSED] - click: Object: 'Object Repository/HealthpostToStore/Page_HealthPost Store/button_Add' is clicked on

2018-05-28 11:09:26 - [MESSAGE][PASSED] - Object: 'Object Repository/HealthpostToStore/Page_HealthPost Store/button_Add' is clicked on

2018-05-28 11:09:26 - [TEST_STEP][PASSED] - selectOptionByIndex: All options with index in [12] are selected on object 'Object Repository/HealthpostToStore/Page_HealthPost Store/select_--Select--Schedule 1Inj'

2018-05-28 11:09:26 - [MESSAGE][PASSED] - All options with index in [12] are selected on object 'Object Repository/HealthpostToStore/Page_HealthPost Store/select_--Select--Schedule 1Inj'

2018-05-28 11:09:26 - [TEST_STEP][PASSED] - selectOptionByIndex: All options with index in [18] are selected on object 'Object Repository/HealthpostToStore/Page_HealthPost Store/select_--Select--Adernaline 0.'

2018-05-28 11:09:26 - [MESSAGE][PASSED] - All options with index in [18] are selected on object 'Object Repository/HealthpostToStore/Page_HealthPost Store/select_--Select--Adernaline 0.'

2018-05-28 11:09:26 - [TEST_STEP][PASSED] - setText: Text '10' is set on object 'Object Repository/HealthpostToStore/Page_HealthPost Store/input_txttreat'

2018-05-28 11:09:26 - [MESSAGE][PASSED] - Text '10' is set on object 'Object Repository/HealthpostToStore/Page_HealthPost Store/input_txttreat'

2018-05-28 11:09:26 - [TEST_STEP][PASSED] - click: Object: 'Object Repository/HealthpostToStore/Page_HealthPost Store/button_Add' is clicked on

2018-05-28 11:09:26 - [MESSAGE][PASSED] - Object: 'Object Repository/HealthpostToStore/Page_HealthPost Store/button_Add' is clicked on

2018-05-28 11:09:26 - [TEST_STEP][PASSED] - scrollToElement: Scroll to object 'Object Repository/HealthpostToStore/Page_HealthPost Store/input_btnsave' successfully

2018-05-28 11:09:26 - [MESSAGE][PASSED] - Scroll to object 'Object Repository/HealthpostToStore/Page_HealthPost Store/input_btnsave' successfully

2018-05-28 11:09:26 - [TEST_STEP][PASSED] - click: Object: 'Object Repository/HealthpostToStore/Page_HealthPost Store/input_btnsave' is clicked on

2018-05-28 11:09:27 - [MESSAGE][PASSED] - Object: 'Object Repository/HealthpostToStore/Page_HealthPost Store/input_btnsave' is clicked on

2018-05-28 11:09:27 - [TEST_STEP][PASSED] - delay: Delayed 3 second(s)

2018-05-28 11:09:30 - [MESSAGE][PASSED] - Delayed 3 second(s)

2018-05-28 11:09:30 - [TEST_STEP][PASSED] - Statement - RN1 = com.kms.katalon.core.webui.keyword.WebUiBuiltInKeywords.getText(com.kms.katalon.core.testobject.ObjectRepository.findTestObject(HealthpostToStore/Page_HealthPost Store/font_HPRNO180520187)): Text of object 'Object Repository/HealthpostToStore/Page_HealthPost Store/font_HPRNO180520187' is: 'HPRNO/28052018/120'

2018-05-28 11:09:30 - [MESSAGE][PASSED] - Text of object 'Object Repository/HealthpostToStore/Page_HealthPost Store/font_HPRNO180520187' is: 'HPRNO/28052018/120'

2018-05-28 11:09:30 - [TEST_STEP][PASSED] - Statement - out.println(RN1): null

2018-05-28 11:09:30 - [TEST_STEP][PASSED] - Statement - RID = RN1.split("/")[2]: null

2018-05-28 11:09:30 - [TEST_STEP][PASSED] - click: Object: 'Object Repository/HealthpostToStore/Page_HealthPost Store/button_OK' is clicked on

2018-05-28 11:09:30 - [MESSAGE][PASSED] - Object: 'Object Repository/HealthpostToStore/Page_HealthPost Store/button_OK' is clicked on

2018-05-28 11:09:30 - [TEST_STEP][PASSED] - delay: Delayed 3 second(s)

2018-05-28 11:09:33 - [MESSAGE][PASSED] - Delayed 3 second(s)

2018-05-28 11:09:33 - [TEST_STEP][PASSED] - click: Object: 'Object Repository/HealthpostToStore/Page_HealthPost Store/a_dropdown-toggle' is clicked on

2018-05-28 11:09:33 - [MESSAGE][PASSED] - Object: 'Object Repository/HealthpostToStore/Page_HealthPost Store/a_dropdown-toggle' is clicked on

2018-05-28 11:09:33 - [TEST_STEP][PASSED] - click: Object: 'Object Repository/HealthpostToStore/Page_HealthPost Store/a_Sign out' is clicked on

2018-05-28 11:09:34 - [MESSAGE][PASSED] - Object: 'Object Repository/HealthpostToStore/Page_HealthPost Store/a_Sign out' is clicked on

2018-05-28 11:09:34 - [TEST_STEP][PASSED] - delay: Delayed 3 second(s)

2018-05-28 11:09:37 - [MESSAGE][PASSED] - Delayed 3 second(s)

2018-05-28 11:09:37 - [TEST_STEP][PASSED] - navigateToUrl: Navigate to 'http://192.168.137.1/multihospital_new/' successfully

2018-05-28 11:09:37 - [MESSAGE][PASSED] - Navigate to 'http://192.168.137.1/multihospital_new/' successfully

2018-05-28 11:09:37 - [TEST_STEP][PASSED] - click: Object: 'Object Repository/HealthpostToStore/Page_KDMC/a_CMO' is clicked on

2018-05-28 11:09:38 - [MESSAGE][PASSED] - Object: 'Object Repository/HealthpostToStore/Page_KDMC/a_CMO' is clicked on

2018-05-28 11:09:38 - [TEST_STEP][PASSED] - setText: Text 'guru' is set on object 'Object Repository/HealthpostToStore/Page_CMO login/input_txtusername'

2018-05-28 11:09:38 - [MESSAGE][PASSED] - Text 'guru' is set on object 'Object Repository/HealthpostToStore/Page_CMO login/input_txtusername'

2018-05-28 11:09:38 - [TEST_STEP][PASSED] - setText: Text '123' is set on object 'Object Repository/HealthpostToStore/Page_CMO login/input_txtpassword'

2018-05-28 11:09:38 - [MESSAGE][PASSED] - Text '123' is set on object 'Object Repository/HealthpostToStore/Page_CMO login/input_txtpassword'

2018-05-28 11:09:38 - [TEST_STEP][PASSED] - delay: Delayed 3 second(s)

2018-05-28 11:09:41 - [MESSAGE][PASSED] - Delayed 3 second(s)

2018-05-28 11:09:41 - [TEST_STEP][PASSED] - click: Object: 'Object Repository/HealthpostToStore/Page_CMO login/button_Sign in' is clicked on

2018-05-28 11:09:42 - [MESSAGE][PASSED] - Object: 'Object Repository/HealthpostToStore/Page_CMO login/button_Sign in' is clicked on

2018-05-28 11:09:42 - [TEST_STEP][PASSED] - click: Object: 'Object Repository/HealthpostToStore/Page_KDMC - CMO/a_Department Wise Request' is clicked on

2018-05-28 11:09:44 - [MESSAGE][PASSED] - Object: 'Object Repository/HealthpostToStore/Page_KDMC - CMO/a_Department Wise Request' is clicked on

2018-05-28 11:09:44 - [TEST_STEP][PASSED] - delay: Delayed 2 second(s)

2018-05-28 11:09:46 - [MESSAGE][PASSED] - Delayed 2 second(s)

2018-05-28 11:09:46 - [TEST_STEP][PASSED] - selectOptionByIndex: All options with index in [5] are selected on object 'Object Repository/HealthpostToStore/Page_KDMC - CMO/select_--ALL--'

2018-05-28 11:09:46 - [MESSAGE][PASSED] - All options with index in [5] are selected on object 'Object Repository/HealthpostToStore/Page_KDMC - CMO/select_--ALL--'

2018-05-28 11:09:46 - [TEST_STEP][PASSED] - click: Object: 'Object Repository/HealthpostToStore/Page_KDMC - CMO/input_btnsearch' is clicked on

2018-05-28 11:09:47 - [MESSAGE][PASSED] - Object: 'Object Repository/HealthpostToStore/Page_KDMC - CMO/input_btnsearch' is clicked on

2018-05-28 11:09:47 - [TEST_STEP][PASSED] - selectOptionByIndex: All options with index in [1] are selected on object 'Object Repository/HealthpostToStore/Page_KDMC - CMO/select_--ALL--                _1'

2018-05-28 11:09:47 - [MESSAGE][PASSED] - All options with index in [1] are selected on object 'Object Repository/HealthpostToStore/Page_KDMC - CMO/select_--ALL--                _1'

2018-05-28 11:09:47 - [TEST_STEP][PASSED] - click: Object: 'Object Repository/HealthpostToStore/Page_KDMC - CMO/input_btnsearch' is clicked on

2018-05-28 11:09:47 - [MESSAGE][PASSED] - Object: 'Object Repository/HealthpostToStore/Page_KDMC - CMO/input_btnsearch' is clicked on

2018-05-28 11:09:47 - [TEST_STEP][PASSED] - Statement - ID = com.kms.katalon.core.webui.keyword.WebUiBuiltInKeywords.modifyObjectProperty(com.kms.katalon.core.testobject.ObjectRepository.findTestObject(lab/Page_KDMC - CMO/input_1), "xpath", "equals", "//*[@id=" + RID + "]", true): Modify property of object successfully

2018-05-28 11:09:47 - [MESSAGE][PASSED] - Modify property of object successfully

2018-05-28 11:09:47 - [TEST_STEP][PASSED] - click: Object: 'Object Repository/lab/Page_KDMC - CMO/input_1' is clicked on

2018-05-28 11:09:47 - [MESSAGE][PASSED] - Object: 'Object Repository/lab/Page_KDMC - CMO/input_1' is clicked on

2018-05-28 11:09:47 - [TEST_STEP][PASSED] - delay: Delayed 2 second(s)

2018-05-28 11:09:49 - [MESSAGE][PASSED] - Delayed 2 second(s)

2018-05-28 11:09:49 - [TEST_STEP][PASSED] - selectOptionByIndex: All options with index in [1] are selected on object 'Object Repository/HealthpostToStore/Page_KDMC - CMO/select_--Select--'

2018-05-28 11:09:50 - [MESSAGE][PASSED] - All options with index in [1] are selected on object 'Object Repository/HealthpostToStore/Page_KDMC - CMO/select_--Select--'

2018-05-28 11:09:50 - [TEST_STEP][PASSED] - click: Object: 'Object Repository/HealthpostToStore/Page_KDMC - CMO/input_btnupdate' is clicked on

2018-05-28 11:09:50 - [MESSAGE][PASSED] - Object: 'Object Repository/HealthpostToStore/Page_KDMC - CMO/input_btnupdate' is clicked on

2018-05-28 11:09:50 - [TEST_STEP][PASSED] - delay: Delayed 2 second(s)

2018-05-28 11:09:52 - [MESSAGE][PASSED] - Delayed 2 second(s)

2018-05-28 11:09:52 - [TEST_STEP][PASSED] - click: Object: 'Object Repository/HealthpostToStore/Page_KDMC - CMO/button_OK' is clicked on

2018-05-28 11:09:52 - [MESSAGE][PASSED] - Object: 'Object Repository/HealthpostToStore/Page_KDMC - CMO/button_OK' is clicked on

2018-05-28 11:09:52 - [TEST_STEP][PASSED] - delay: Delayed 2 second(s)

2018-05-28 11:09:54 - [MESSAGE][PASSED] - Delayed 2 second(s)

2018-05-28 11:09:54 - [TEST_STEP][PASSED] - click: Object: 'Object Repository/HealthpostToStore/Page_KDMC - CMO/a_dropdown-toggle' is clicked on

2018-05-28 11:09:54 - [MESSAGE][PASSED] - Object: 'Object Repository/HealthpostToStore/Page_KDMC - CMO/a_dropdown-toggle' is clicked on

2018-05-28 11:09:54 - [TEST_STEP][PASSED] - click: Object: 'Object Repository/HealthpostToStore/Page_KDMC - CMO/a_Sign out' is clicked on

2018-05-28 11:09:55 - [MESSAGE][PASSED] - Object: 'Object Repository/HealthpostToStore/Page_KDMC - CMO/a_Sign out' is clicked on

2018-05-28 11:09:55 - [TEST_STEP][PASSED] - delay: Delayed 3 second(s)

2018-05-28 11:09:58 - [MESSAGE][PASSED] - Delayed 3 second(s)

2018-05-28 11:09:58 - [TEST_STEP][PASSED] - click: Object: 'Object Repository/HealthpostToStore/Page_KDMC/a_Divisional Store' is clicked on

2018-05-28 11:09:59 - [MESSAGE][PASSED] - Object: 'Object Repository/HealthpostToStore/Page_KDMC/a_Divisional Store' is clicked on

2018-05-28 11:09:59 - [TEST_STEP][PASSED] - setText: Text 'ragu' is set on object 'Object Repository/HealthpostToStore/Page_Divisonal Store Login/input_txtusername'

2018-05-28 11:09:59 - [MESSAGE][PASSED] - Text 'ragu' is set on object 'Object Repository/HealthpostToStore/Page_Divisonal Store Login/input_txtusername'

2018-05-28 11:09:59 - [TEST_STEP][PASSED] - setText: Text '123' is set on object 'Object Repository/HealthpostToStore/Page_Divisonal Store Login/input_txtpassword'

2018-05-28 11:09:59 - [MESSAGE][PASSED] - Text '123' is set on object 'Object Repository/HealthpostToStore/Page_Divisonal Store Login/input_txtpassword'

2018-05-28 11:09:59 - [TEST_STEP][PASSED] - delay: Delayed 3 second(s)

2018-05-28 11:10:02 - [MESSAGE][PASSED] - Delayed 3 second(s)

2018-05-28 11:10:02 - [TEST_STEP][PASSED] - click: Object: 'Object Repository/HealthpostToStore/Page_Divisonal Store Login/button_Sign in' is clicked on

2018-05-28 11:10:03 - [MESSAGE][PASSED] - Object: 'Object Repository/HealthpostToStore/Page_Divisonal Store Login/button_Sign in' is clicked on

2018-05-28 11:10:03 - [TEST_STEP][PASSED] - delay: Delayed 3 second(s)

2018-05-28 11:10:06 - [MESSAGE][PASSED] - Delayed 3 second(s)

2018-05-28 11:10:06 - [TEST_STEP][PASSED] - click: Object: 'Object Repository/HealthpostToStore/Page_Store/a_Health Post Request' is clicked on

2018-05-28 11:10:06 - [MESSAGE][PASSED] - Object: 'Object Repository/HealthpostToStore/Page_Store/a_Health Post Request' is clicked on

2018-05-28 11:10:06 - [TEST_STEP][PASSED] - click: Object: 'Object Repository/HealthpostToStore/Page_Store/a_Request Item HealthPost' is clicked on

2018-05-28 11:10:07 - [MESSAGE][PASSED] - Object: 'Object Repository/HealthpostToStore/Page_Store/a_Request Item HealthPost' is clicked on

2018-05-28 11:10:07 - [TEST_STEP][PASSED] - Statement - ChooseRequest = com.kms.katalon.core.webui.keyword.WebUiBuiltInKeywords.modifyObjectProperty(com.kms.katalon.core.testobject.ObjectRepository.findTestObject(lab/Page_Store/input_1), "xpath", "equals", "//*[@id=" + RID + "]", true): Modify property of object successfully

2018-05-28 11:10:07 - [MESSAGE][PASSED] - Modify property of object successfully

2018-05-28 11:10:07 - [TEST_STEP][PASSED] - click: Object: 'Object Repository/lab/Page_Store/input_1' is clicked on

2018-05-28 11:10:08 - [MESSAGE][PASSED] - Object: 'Object Repository/lab/Page_Store/input_1' is clicked on

2018-05-28 11:10:08 - [TEST_STEP][PASSED] - Statement - selectedoptions = com.kms.katalon.core.webui.keyword.WebUiBuiltInKeywords.getNumberOfTotalOption(com.kms.katalon.core.testobject.ObjectRepository.findTestObject(HealthpostToStore/Page_Store/select_--Select--Adernaline 0.)): 19 options of object 'Object Repository/HealthpostToStore/Page_Store/select_--Select--Adernaline 0.' counted

2018-05-28 11:10:08 - [MESSAGE][PASSED] - 19 options of object 'Object Repository/HealthpostToStore/Page_Store/select_--Select--Adernaline 0.' counted

2018-05-28 11:10:08 - [TEST_STEP][PASSED] - Statement - For ([a = 1, a <= selectedoptions - 1, (a++)]): null

2018-05-28 11:10:08 - [TEST_STEP][PASSED] - selectOptionByIndex: All options with index in [1] are selected on object 'Object Repository/HealthpostToStore/Page_Store/select_--Select--Adernaline 0.'

2018-05-28 11:10:08 - [MESSAGE][PASSED] - All options with index in [1] are selected on object 'Object Repository/HealthpostToStore/Page_Store/select_--Select--Adernaline 0.'

2018-05-28 11:10:08 - [TEST_STEP][PASSED] - delay: Delayed 2 second(s)

2018-05-28 11:10:10 - [MESSAGE][PASSED] - Delayed 2 second(s)

2018-05-28 11:10:10 - [TEST_STEP][PASSED] - Statement - RequestedQty = com.kms.katalon.core.webui.keyword.WebUiBuiltInKeywords.getAttribute(com.kms.katalon.core.testobject.ObjectRepository.findTestObject(HealthpostToStore/Page_Store/input_txttotal), "value"): Attribute 'value' of object 'Object Repository/HealthpostToStore/Page_Store/input_txttotal' is: '10'

2018-05-28 11:10:10 - [MESSAGE][PASSED] - Attribute 'value' of object 'Object Repository/HealthpostToStore/Page_Store/input_txttotal' is: '10'

2018-05-28 11:10:10 - [TEST_STEP][PASSED] - Statement - out.println("Requested QTY : " + RequestedQty): null

2018-05-28 11:10:10 - [TEST_STEP][PASSED] - Statement - BatchNumber = com.kms.katalon.core.webui.keyword.WebUiBuiltInKeywords.getNumberOfTotalOption(com.kms.katalon.core.testobject.ObjectRepository.findTestObject(HealthpostToStore/Page_Store/select_--Select--BA1170BA2376B)): 3 options of object 'Object Repository/HealthpostToStore/Page_Store/select_--Select--BA1170BA2376B' counted

2018-05-28 11:10:10 - [MESSAGE][PASSED] - 3 options of object 'Object Repository/HealthpostToStore/Page_Store/select_--Select--BA1170BA2376B' counted

2018-05-28 11:10:10 - [TEST_STEP][PASSED] - Statement - For ([g = 1, g <= BatchNumber - 1, (g++)]): null

2018-05-28 11:10:10 - [TEST_STEP][PASSED] - selectOptionByIndex: All options with index in [1] are selected on object 'Object Repository/HealthpostToStore/Page_Store/select_--Select--BA1170BA2376B'

2018-05-28 11:10:11 - [MESSAGE][PASSED] - All options with index in [1] are selected on object 'Object Repository/HealthpostToStore/Page_Store/select_--Select--BA1170BA2376B'

2018-05-28 11:10:11 - [TEST_STEP][PASSED] - Statement - Try: null

2018-05-28 11:10:11 - [TEST_STEP][PASSED] - Statement - StockQty = com.kms.katalon.core.webui.keyword.WebUiBuiltInKeywords.getAttribute(com.kms.katalon.core.testobject.ObjectRepository.findTestObject(HealthpostToStore/Page_Store/input_txtprice), "value"): Attribute 'value' of object 'Object Repository/HealthpostToStore/Page_Store/input_txtprice' is: '255'

2018-05-28 11:10:11 - [MESSAGE][PASSED] - Attribute 'value' of object 'Object Repository/HealthpostToStore/Page_Store/input_txtprice' is: '255'

2018-05-28 11:10:11 - [TEST_STEP][PASSED] - Statement - out.println("Stock QTY : " + StockQty): null

2018-05-28 11:10:11 - [TEST_STEP][PASSED] - delay: Delayed 2 second(s)

2018-05-28 11:10:13 - [MESSAGE][PASSED] - Delayed 2 second(s)

2018-05-28 11:10:13 - [TEST_STEP][PASSED] - Statement - If (java.lang.String.valueOf(StockQty) >= java.lang.String.valueOf(RequestedQty)): null

2018-05-28 11:10:13 - [TEST_STEP][PASSED] - setText: Text '10' is set on object 'Object Repository/HealthpostToStore/Page_Store/input_txtqty'

2018-05-28 11:10:13 - [MESSAGE][PASSED] - Text '10' is set on object 'Object Repository/HealthpostToStore/Page_Store/input_txtqty'

2018-05-28 11:10:13 - [TEST_STEP][PASSED] - click: Object: 'Object Repository/HealthpostToStore/Page_Store/button_Add' is clicked on

2018-05-28 11:10:13 - [MESSAGE][PASSED] - Object: 'Object Repository/HealthpostToStore/Page_Store/button_Add' is clicked on

2018-05-28 11:10:13 - [TEST_STEP][PASSED] - Statement - Break: null

2018-05-28 11:10:13 - [TEST_STEP][PASSED] - selectOptionByIndex: All options with index in [2] are selected on object 'Object Repository/HealthpostToStore/Page_Store/select_--Select--Adernaline 0.'

2018-05-28 11:10:13 - [MESSAGE][PASSED] - All options with index in [2] are selected on object 'Object Repository/HealthpostToStore/Page_Store/select_--Select--Adernaline 0.'

2018-05-28 11:10:13 - [TEST_STEP][PASSED] - delay: Delayed 2 second(s)

2018-05-28 11:10:15 - [MESSAGE][PASSED] - Delayed 2 second(s)

2018-05-28 11:10:15 - [TEST_STEP][PASSED] - Statement - RequestedQty = com.kms.katalon.core.webui.keyword.WebUiBuiltInKeywords.getAttribute(com.kms.katalon.core.testobject.ObjectRepository.findTestObject(HealthpostToStore/Page_Store/input_txttotal), "value"): Attribute 'value' of object 'Object Repository/HealthpostToStore/Page_Store/input_txttotal' is: '10'

2018-05-28 11:10:15 - [MESSAGE][PASSED] - Attribute 'value' of object 'Object Repository/HealthpostToStore/Page_Store/input_txttotal' is: '10'

2018-05-28 11:10:15 - [TEST_STEP][PASSED] - Statement - out.println("Requested QTY : " + RequestedQty): null

2018-05-28 11:10:15 - [TEST_STEP][PASSED] - Statement - BatchNumber = com.kms.katalon.core.webui.keyword.WebUiBuiltInKeywords.getNumberOfTotalOption(com.kms.katalon.core.testobject.ObjectRepository.findTestObject(HealthpostToStore/Page_Store/select_--Select--BA1170BA2376B)): 2 options of object 'Object Repository/HealthpostToStore/Page_Store/select_--Select--BA1170BA2376B' counted

2018-05-28 11:10:15 - [MESSAGE][PASSED] - 2 options of object 'Object Repository/HealthpostToStore/Page_Store/select_--Select--BA1170BA2376B' counted

2018-05-28 11:10:15 - [TEST_STEP][PASSED] - Statement - For ([g = 1, g <= BatchNumber - 1, (g++)]): null

2018-05-28 11:10:15 - [TEST_STEP][PASSED] - selectOptionByIndex: All options with index in [1] are selected on object 'Object Repository/HealthpostToStore/Page_Store/select_--Select--BA1170BA2376B'

2018-05-28 11:10:15 - [MESSAGE][PASSED] - All options with index in [1] are selected on object 'Object Repository/HealthpostToStore/Page_Store/select_--Select--BA1170BA2376B'

2018-05-28 11:10:15 - [TEST_STEP][PASSED] - Statement - Try: null

2018-05-28 11:10:15 - [TEST_STEP][PASSED] - Statement - StockQty = com.kms.katalon.core.webui.keyword.WebUiBuiltInKeywords.getAttribute(com.kms.katalon.core.testobject.ObjectRepository.findTestObject(HealthpostToStore/Page_Store/input_txtprice), "value"): Attribute 'value' of object 'Object Repository/HealthpostToStore/Page_Store/input_txtprice' is: '1006'

2018-05-28 11:10:15 - [MESSAGE][PASSED] - Attribute 'value' of object 'Object Repository/HealthpostToStore/Page_Store/input_txtprice' is: '1006'

2018-05-28 11:10:15 - [TEST_STEP][PASSED] - Statement - out.println("Stock QTY : " + StockQty): null

2018-05-28 11:10:15 - [TEST_STEP][PASSED] - delay: Delayed 2 second(s)

2018-05-28 11:10:17 - [MESSAGE][PASSED] - Delayed 2 second(s)

2018-05-28 11:10:17 - [TEST_STEP][PASSED] - Statement - If (java.lang.String.valueOf(StockQty) >= java.lang.String.valueOf(RequestedQty)): null

2018-05-28 11:10:17 - [TEST_STEP][PASSED] - setText: Text '10' is set on object 'Object Repository/HealthpostToStore/Page_Store/input_txtqty'

2018-05-28 11:10:17 - [MESSAGE][PASSED] - Text '10' is set on object 'Object Repository/HealthpostToStore/Page_Store/input_txtqty'

2018-05-28 11:10:17 - [TEST_STEP][PASSED] - click: Object: 'Object Repository/HealthpostToStore/Page_Store/button_Add' is clicked on

2018-05-28 11:10:17 - [MESSAGE][PASSED] - Object: 'Object Repository/HealthpostToStore/Page_Store/button_Add' is clicked on

2018-05-28 11:10:17 - [TEST_STEP][PASSED] - Statement - Break: null

2018-05-28 11:10:17 - [TEST_STEP][PASSED] - selectOptionByIndex: All options with index in [3] are selected on object 'Object Repository/HealthpostToStore/Page_Store/select_--Select--Adernaline 0.'

2018-05-28 11:10:18 - [MESSAGE][PASSED] - All options with index in [3] are selected on object 'Object Repository/HealthpostToStore/Page_Store/select_--Select--Adernaline 0.'

2018-05-28 11:10:18 - [TEST_STEP][PASSED] - delay: Delayed 2 second(s)

2018-05-28 11:10:20 - [MESSAGE][PASSED] - Delayed 2 second(s)

2018-05-28 11:10:20 - [TEST_STEP][PASSED] - Statement - RequestedQty = com.kms.katalon.core.webui.keyword.WebUiBuiltInKeywords.getAttribute(com.kms.katalon.core.testobject.ObjectRepository.findTestObject(HealthpostToStore/Page_Store/input_txttotal), "value"): Attribute 'value' of object 'Object Repository/HealthpostToStore/Page_Store/input_txttotal' is: '10'

2018-05-28 11:10:20 - [MESSAGE][PASSED] - Attribute 'value' of object 'Object Repository/HealthpostToStore/Page_Store/input_txttotal' is: '10'

2018-05-28 11:10:20 - [TEST_STEP][PASSED] - Statement - out.println("Requested QTY : " + RequestedQty): null

2018-05-28 11:10:20 - [TEST_STEP][PASSED] - Statement - BatchNumber = com.kms.katalon.core.webui.keyword.WebUiBuiltInKeywords.getNumberOfTotalOption(com.kms.katalon.core.testobject.ObjectRepository.findTestObject(HealthpostToStore/Page_Store/select_--Select--BA1170BA2376B)): 3 options of object 'Object Repository/HealthpostToStore/Page_Store/select_--Select--BA1170BA2376B' counted

2018-05-28 11:10:20 - [MESSAGE][PASSED] - 3 options of object 'Object Repository/HealthpostToStore/Page_Store/select_--Select--BA1170BA2376B' counted

2018-05-28 11:10:20 - [TEST_STEP][PASSED] - Statement - For ([g = 1, g <= BatchNumber - 1, (g++)]): null

2018-05-28 11:10:20 - [TEST_STEP][PASSED] - selectOptionByIndex: All options with index in [1] are selected on object 'Object Repository/HealthpostToStore/Page_Store/select_--Select--BA1170BA2376B'

2018-05-28 11:10:20 - [MESSAGE][PASSED] - All options with index in [1] are selected on object 'Object Repository/HealthpostToStore/Page_Store/select_--Select--BA1170BA2376B'

2018-05-28 11:10:20 - [TEST_STEP][PASSED] - Statement - Try: null

2018-05-28 11:10:20 - [TEST_STEP][PASSED] - Statement - StockQty = com.kms.katalon.core.webui.keyword.WebUiBuiltInKeywords.getAttribute(com.kms.katalon.core.testobject.ObjectRepository.findTestObject(HealthpostToStore/Page_Store/input_txtprice), "value"): Attribute 'value' of object 'Object Repository/HealthpostToStore/Page_Store/input_txtprice' is: '255'

2018-05-28 11:10:20 - [MESSAGE][PASSED] - Attribute 'value' of object 'Object Repository/HealthpostToStore/Page_Store/input_txtprice' is: '255'

2018-05-28 11:10:20 - [TEST_STEP][PASSED] - Statement - out.println("Stock QTY : " + StockQty): null

2018-05-28 11:10:20 - [TEST_STEP][PASSED] - delay: Delayed 2 second(s)

2018-05-28 11:10:22 - [MESSAGE][PASSED] - Delayed 2 second(s)

2018-05-28 11:10:22 - [TEST_STEP][PASSED] - Statement - If (java.lang.String.valueOf(StockQty) >= java.lang.String.valueOf(RequestedQty)): null

2018-05-28 11:10:22 - [TEST_STEP][PASSED] - setText: Text '10' is set on object 'Object Repository/HealthpostToStore/Page_Store/input_txtqty'

2018-05-28 11:10:22 - [MESSAGE][PASSED] - Text '10' is set on object 'Object Repository/HealthpostToStore/Page_Store/input_txtqty'

2018-05-28 11:10:22 - [TEST_STEP][PASSED] - click: Object: 'Object Repository/HealthpostToStore/Page_Store/button_Add' is clicked on

2018-05-28 11:10:22 - [MESSAGE][PASSED] - Object: 'Object Repository/HealthpostToStore/Page_Store/button_Add' is clicked on

2018-05-28 11:10:22 - [TEST_STEP][PASSED] - Statement - Break: null

2018-05-28 11:10:22 - [TEST_STEP][PASSED] - selectOptionByIndex: All options with index in [4] are selected on object 'Object Repository/HealthpostToStore/Page_Store/select_--Select--Adernaline 0.'

2018-05-28 11:10:22 - [MESSAGE][PASSED] - All options with index in [4] are selected on object 'Object Repository/HealthpostToStore/Page_Store/select_--Select--Adernaline 0.'

2018-05-28 11:10:22 - [TEST_STEP][PASSED] - delay: Delayed 2 second(s)

2018-05-28 11:10:24 - [MESSAGE][PASSED] - Delayed 2 second(s)

2018-05-28 11:10:24 - [TEST_STEP][PASSED] - Statement - RequestedQty = com.kms.katalon.core.webui.keyword.WebUiBuiltInKeywords.getAttribute(com.kms.katalon.core.testobject.ObjectRepository.findTestObject(HealthpostToStore/Page_Store/input_txttotal), "value"): Attribute 'value' of object 'Object Repository/HealthpostToStore/Page_Store/input_txttotal' is: '10'

2018-05-28 11:10:24 - [MESSAGE][PASSED] - Attribute 'value' of object 'Object Repository/HealthpostToStore/Page_Store/input_txttotal' is: '10'

2018-05-28 11:10:24 - [TEST_STEP][PASSED] - Statement - out.println("Requested QTY : " + RequestedQty): null

2018-05-28 11:10:24 - [TEST_STEP][PASSED] - Statement - BatchNumber = com.kms.katalon.core.webui.keyword.WebUiBuiltInKeywords.getNumberOfTotalOption(com.kms.katalon.core.testobject.ObjectRepository.findTestObject(HealthpostToStore/Page_Store/select_--Select--BA1170BA2376B)): 3 options of object 'Object Repository/HealthpostToStore/Page_Store/select_--Select--BA1170BA2376B' counted

2018-05-28 11:10:24 - [MESSAGE][PASSED] - 3 options of object 'Object Repository/HealthpostToStore/Page_Store/select_--Select--BA1170BA2376B' counted

2018-05-28 11:10:24 - [TEST_STEP][PASSED] - Statement - For ([g = 1, g <= BatchNumber - 1, (g++)]): null

2018-05-28 11:10:24 - [TEST_STEP][PASSED] - selectOptionByIndex: All options with index in [1] are selected on object 'Object Repository/HealthpostToStore/Page_Store/select_--Select--BA1170BA2376B'

2018-05-28 11:10:24 - [MESSAGE][PASSED] - All options with index in [1] are selected on object 'Object Repository/HealthpostToStore/Page_Store/select_--Select--BA1170BA2376B'

2018-05-28 11:10:24 - [TEST_STEP][PASSED] - Statement - Try: null

2018-05-28 11:10:24 - [TEST_STEP][PASSED] - Statement - StockQty = com.kms.katalon.core.webui.keyword.WebUiBuiltInKeywords.getAttribute(com.kms.katalon.core.testobject.ObjectRepository.findTestObject(HealthpostToStore/Page_Store/input_txtprice), "value"): Attribute 'value' of object 'Object Repository/HealthpostToStore/Page_Store/input_txtprice' is: '255'

2018-05-28 11:10:24 - [MESSAGE][PASSED] - Attribute 'value' of object 'Object Repository/HealthpostToStore/Page_Store/input_txtprice' is: '255'

2018-05-28 11:10:24 - [TEST_STEP][PASSED] - Statement - out.println("Stock QTY : " + StockQty): null

2018-05-28 11:10:24 - [TEST_STEP][PASSED] - delay: Delayed 2 second(s)

2018-05-28 11:10:26 - [MESSAGE][PASSED] - Delayed 2 second(s)

2018-05-28 11:10:26 - [TEST_STEP][PASSED] - Statement - If (java.lang.String.valueOf(StockQty) >= java.lang.String.valueOf(RequestedQty)): null

2018-05-28 11:10:26 - [TEST_STEP][PASSED] - setText: Text '10' is set on object 'Object Repository/HealthpostToStore/Page_Store/input_txtqty'

2018-05-28 11:10:26 - [MESSAGE][PASSED] - Text '10' is set on object 'Object Repository/HealthpostToStore/Page_Store/input_txtqty'

2018-05-28 11:10:26 - [TEST_STEP][PASSED] - click: Object: 'Object Repository/HealthpostToStore/Page_Store/button_Add' is clicked on

2018-05-28 11:10:27 - [MESSAGE][PASSED] - Object: 'Object Repository/HealthpostToStore/Page_Store/button_Add' is clicked on

2018-05-28 11:10:27 - [TEST_STEP][PASSED] - Statement - Break: null

2018-05-28 11:10:27 - [TEST_STEP][PASSED] - selectOptionByIndex: All options with index in [5] are selected on object 'Object Repository/HealthpostToStore/Page_Store/select_--Select--Adernaline 0.'

2018-05-28 11:10:27 - [MESSAGE][PASSED] - All options with index in [5] are selected on object 'Object Repository/HealthpostToStore/Page_Store/select_--Select--Adernaline 0.'

2018-05-28 11:10:27 - [TEST_STEP][PASSED] - delay: Delayed 2 second(s)

2018-05-28 11:10:29 - [MESSAGE][PASSED] - Delayed 2 second(s)

2018-05-28 11:10:29 - [TEST_STEP][PASSED] - Statement - RequestedQty = com.kms.katalon.core.webui.keyword.WebUiBuiltInKeywords.getAttribute(com.kms.katalon.core.testobject.ObjectRepository.findTestObject(HealthpostToStore/Page_Store/input_txttotal), "value"): Attribute 'value' of object 'Object Repository/HealthpostToStore/Page_Store/input_txttotal' is: '10'

2018-05-28 11:10:29 - [MESSAGE][PASSED] - Attribute 'value' of object 'Object Repository/HealthpostToStore/Page_Store/input_txttotal' is: '10'

2018-05-28 11:10:29 - [TEST_STEP][PASSED] - Statement - out.println("Requested QTY : " + RequestedQty): null

2018-05-28 11:10:29 - [TEST_STEP][PASSED] - Statement - BatchNumber = com.kms.katalon.core.webui.keyword.WebUiBuiltInKeywords.getNumberOfTotalOption(com.kms.katalon.core.testobject.ObjectRepository.findTestObject(HealthpostToStore/Page_Store/select_--Select--BA1170BA2376B)): 3 options of object 'Object Repository/HealthpostToStore/Page_Store/select_--Select--BA1170BA2376B' counted

2018-05-28 11:10:29 - [MESSAGE][PASSED] - 3 options of object 'Object Repository/HealthpostToStore/Page_Store/select_--Select--BA1170BA2376B' counted

2018-05-28 11:10:29 - [TEST_STEP][PASSED] - Statement - For ([g = 1, g <= BatchNumber - 1, (g++)]): null

2018-05-28 11:10:29 - [TEST_STEP][PASSED] - selectOptionByIndex: All options with index in [1] are selected on object 'Object Repository/HealthpostToStore/Page_Store/select_--Select--BA1170BA2376B'

2018-05-28 11:10:29 - [MESSAGE][PASSED] - All options with index in [1] are selected on object 'Object Repository/HealthpostToStore/Page_Store/select_--Select--BA1170BA2376B'

2018-05-28 11:10:29 - [TEST_STEP][PASSED] - Statement - Try: null

2018-05-28 11:10:29 - [TEST_STEP][PASSED] - Statement - StockQty = com.kms.katalon.core.webui.keyword.WebUiBuiltInKeywords.getAttribute(com.kms.katalon.core.testobject.ObjectRepository.findTestObject(HealthpostToStore/Page_Store/input_txtprice), "value"): Attribute 'value' of object 'Object Repository/HealthpostToStore/Page_Store/input_txtprice' is: '265'

2018-05-28 11:10:29 - [MESSAGE][PASSED] - Attribute 'value' of object 'Object Repository/HealthpostToStore/Page_Store/input_txtprice' is: '265'

2018-05-28 11:10:29 - [TEST_STEP][PASSED] - Statement - out.println("Stock QTY : " + StockQty): null

2018-05-28 11:10:29 - [TEST_STEP][PASSED] - delay: Delayed 2 second(s)

2018-05-28 11:10:31 - [MESSAGE][PASSED] - Delayed 2 second(s)

2018-05-28 11:10:31 - [TEST_STEP][PASSED] - Statement - If (java.lang.String.valueOf(StockQty) >= java.lang.String.valueOf(RequestedQty)): null

2018-05-28 11:10:31 - [TEST_STEP][PASSED] - setText: Text '10' is set on object 'Object Repository/HealthpostToStore/Page_Store/input_txtqty'

2018-05-28 11:10:31 - [MESSAGE][PASSED] - Text '10' is set on object 'Object Repository/HealthpostToStore/Page_Store/input_txtqty'

2018-05-28 11:10:31 - [TEST_STEP][PASSED] - click: Object: 'Object Repository/HealthpostToStore/Page_Store/button_Add' is clicked on

2018-05-28 11:10:31 - [MESSAGE][PASSED] - Object: 'Object Repository/HealthpostToStore/Page_Store/button_Add' is clicked on

2018-05-28 11:10:31 - [TEST_STEP][PASSED] - Statement - Break: null

2018-05-28 11:10:31 - [TEST_STEP][PASSED] - selectOptionByIndex: All options with index in [6] are selected on object 'Object Repository/HealthpostToStore/Page_Store/select_--Select--Adernaline 0.'

2018-05-28 11:10:31 - [MESSAGE][PASSED] - All options with index in [6] are selected on object 'Object Repository/HealthpostToStore/Page_Store/select_--Select--Adernaline 0.'

2018-05-28 11:10:31 - [TEST_STEP][PASSED] - delay: Delayed 2 second(s)

2018-05-28 11:10:33 - [MESSAGE][PASSED] - Delayed 2 second(s)

2018-05-28 11:10:33 - [TEST_STEP][PASSED] - Statement - RequestedQty = com.kms.katalon.core.webui.keyword.WebUiBuiltInKeywords.getAttribute(com.kms.katalon.core.testobject.ObjectRepository.findTestObject(HealthpostToStore/Page_Store/input_txttotal), "value"): Attribute 'value' of object 'Object Repository/HealthpostToStore/Page_Store/input_txttotal' is: '10'

2018-05-28 11:10:33 - [MESSAGE][PASSED] - Attribute 'value' of object 'Object Repository/HealthpostToStore/Page_Store/input_txttotal' is: '10'

2018-05-28 11:10:33 - [TEST_STEP][PASSED] - Statement - out.println("Requested QTY : " + RequestedQty): null

2018-05-28 11:10:33 - [TEST_STEP][PASSED] - Statement - BatchNumber = com.kms.katalon.core.webui.keyword.WebUiBuiltInKeywords.getNumberOfTotalOption(com.kms.katalon.core.testobject.ObjectRepository.findTestObject(HealthpostToStore/Page_Store/select_--Select--BA1170BA2376B)): 3 options of object 'Object Repository/HealthpostToStore/Page_Store/select_--Select--BA1170BA2376B' counted

2018-05-28 11:10:33 - [MESSAGE][PASSED] - 3 options of object 'Object Repository/HealthpostToStore/Page_Store/select_--Select--BA1170BA2376B' counted

2018-05-28 11:10:33 - [TEST_STEP][PASSED] - Statement - For ([g = 1, g <= BatchNumber - 1, (g++)]): null

2018-05-28 11:10:33 - [TEST_STEP][PASSED] - selectOptionByIndex: All options with index in [1] are selected on object 'Object Repository/HealthpostToStore/Page_Store/select_--Select--BA1170BA2376B'

2018-05-28 11:10:34 - [MESSAGE][PASSED] - All options with index in [1] are selected on object 'Object Repository/HealthpostToStore/Page_Store/select_--Select--BA1170BA2376B'

2018-05-28 11:10:34 - [TEST_STEP][PASSED] - Statement - Try: null

2018-05-28 11:10:34 - [TEST_STEP][PASSED] - Statement - StockQty = com.kms.katalon.core.webui.keyword.WebUiBuiltInKeywords.getAttribute(com.kms.katalon.core.testobject.ObjectRepository.findTestObject(HealthpostToStore/Page_Store/input_txtprice), "value"): Attribute 'value' of object 'Object Repository/HealthpostToStore/Page_Store/input_txtprice' is: '265'

2018-05-28 11:10:34 - [MESSAGE][PASSED] - Attribute 'value' of object 'Object Repository/HealthpostToStore/Page_Store/input_txtprice' is: '265'

2018-05-28 11:10:34 - [TEST_STEP][PASSED] - Statement - out.println("Stock QTY : " + StockQty): null

2018-05-28 11:10:34 - [TEST_STEP][PASSED] - delay: Delayed 2 second(s)

2018-05-28 11:10:36 - [MESSAGE][PASSED] - Delayed 2 second(s)

2018-05-28 11:10:36 - [TEST_STEP][PASSED] - Statement - If (java.lang.String.valueOf(StockQty) >= java.lang.String.valueOf(RequestedQty)): null

2018-05-28 11:10:36 - [TEST_STEP][PASSED] - setText: Text '10' is set on object 'Object Repository/HealthpostToStore/Page_Store/input_txtqty'

2018-05-28 11:10:36 - [MESSAGE][PASSED] - Text '10' is set on object 'Object Repository/HealthpostToStore/Page_Store/input_txtqty'

2018-05-28 11:10:36 - [TEST_STEP][PASSED] - click: Object: 'Object Repository/HealthpostToStore/Page_Store/button_Add' is clicked on

2018-05-28 11:10:36 - [MESSAGE][PASSED] - Object: 'Object Repository/HealthpostToStore/Page_Store/button_Add' is clicked on

2018-05-28 11:10:36 - [TEST_STEP][PASSED] - Statement - Break: null

2018-05-28 11:10:36 - [TEST_STEP][PASSED] - selectOptionByIndex: All options with index in [7] are selected on object 'Object Repository/HealthpostToStore/Page_Store/select_--Select--Adernaline 0.'

2018-05-28 11:10:36 - [MESSAGE][PASSED] - All options with index in [7] are selected on object 'Object Repository/HealthpostToStore/Page_Store/select_--Select--Adernaline 0.'

2018-05-28 11:10:36 - [TEST_STEP][PASSED] - delay: Delayed 2 second(s)

2018-05-28 11:10:38 - [MESSAGE][PASSED] - Delayed 2 second(s)

2018-05-28 11:10:38 - [TEST_STEP][PASSED] - Statement - RequestedQty = com.kms.katalon.core.webui.keyword.WebUiBuiltInKeywords.getAttribute(com.kms.katalon.core.testobject.ObjectRepository.findTestObject(HealthpostToStore/Page_Store/input_txttotal), "value"): Attribute 'value' of object 'Object Repository/HealthpostToStore/Page_Store/input_txttotal' is: '10'

2018-05-28 11:10:38 - [MESSAGE][PASSED] - Attribute 'value' of object 'Object Repository/HealthpostToStore/Page_Store/input_txttotal' is: '10'

2018-05-28 11:10:38 - [TEST_STEP][PASSED] - Statement - out.println("Requested QTY : " + RequestedQty): null

2018-05-28 11:10:38 - [TEST_STEP][PASSED] - Statement - BatchNumber = com.kms.katalon.core.webui.keyword.WebUiBuiltInKeywords.getNumberOfTotalOption(com.kms.katalon.core.testobject.ObjectRepository.findTestObject(HealthpostToStore/Page_Store/select_--Select--BA1170BA2376B)): 4 options of object 'Object Repository/HealthpostToStore/Page_Store/select_--Select--BA1170BA2376B' counted

2018-05-28 11:10:38 - [MESSAGE][PASSED] - 4 options of object 'Object Repository/HealthpostToStore/Page_Store/select_--Select--BA1170BA2376B' counted

2018-05-28 11:10:38 - [TEST_STEP][PASSED] - Statement - For ([g = 1, g <= BatchNumber - 1, (g++)]): null

2018-05-28 11:10:38 - [TEST_STEP][PASSED] - selectOptionByIndex: All options with index in [1] are selected on object 'Object Repository/HealthpostToStore/Page_Store/select_--Select--BA1170BA2376B'

2018-05-28 11:10:38 - [MESSAGE][PASSED] - All options with index in [1] are selected on object 'Object Repository/HealthpostToStore/Page_Store/select_--Select--BA1170BA2376B'

2018-05-28 11:10:38 - [TEST_STEP][PASSED] - Statement - Try: null

2018-05-28 11:10:38 - [TEST_STEP][PASSED] - Statement - StockQty = com.kms.katalon.core.webui.keyword.WebUiBuiltInKeywords.getAttribute(com.kms.katalon.core.testobject.ObjectRepository.findTestObject(HealthpostToStore/Page_Store/input_txtprice), "value"): Attribute 'value' of object 'Object Repository/HealthpostToStore/Page_Store/input_txtprice' is: '85'

2018-05-28 11:10:38 - [MESSAGE][PASSED] - Attribute 'value' of object 'Object Repository/HealthpostToStore/Page_Store/input_txtprice' is: '85'

2018-05-28 11:10:38 - [TEST_STEP][PASSED] - Statement - out.println("Stock QTY : " + StockQty): null

2018-05-28 11:10:38 - [TEST_STEP][PASSED] - delay: Delayed 2 second(s)

2018-05-28 11:10:40 - [MESSAGE][PASSED] - Delayed 2 second(s)

2018-05-28 11:10:40 - [TEST_STEP][PASSED] - Statement - If (java.lang.String.valueOf(StockQty) >= java.lang.String.valueOf(RequestedQty)): null

2018-05-28 11:10:40 - [TEST_STEP][PASSED] - setText: Text '10' is set on object 'Object Repository/HealthpostToStore/Page_Store/input_txtqty'

2018-05-28 11:10:40 - [MESSAGE][PASSED] - Text '10' is set on object 'Object Repository/HealthpostToStore/Page_Store/input_txtqty'

2018-05-28 11:10:40 - [TEST_STEP][PASSED] - click: Object: 'Object Repository/HealthpostToStore/Page_Store/button_Add' is clicked on

2018-05-28 11:10:40 - [MESSAGE][PASSED] - Object: 'Object Repository/HealthpostToStore/Page_Store/button_Add' is clicked on

2018-05-28 11:10:40 - [TEST_STEP][PASSED] - Statement - Break: null

2018-05-28 11:10:40 - [TEST_STEP][PASSED] - selectOptionByIndex: All options with index in [8] are selected on object 'Object Repository/HealthpostToStore/Page_Store/select_--Select--Adernaline 0.'

2018-05-28 11:10:40 - [MESSAGE][PASSED] - All options with index in [8] are selected on object 'Object Repository/HealthpostToStore/Page_Store/select_--Select--Adernaline 0.'

2018-05-28 11:10:40 - [TEST_STEP][PASSED] - delay: Delayed 2 second(s)

2018-05-28 11:10:42 - [MESSAGE][PASSED] - Delayed 2 second(s)

2018-05-28 11:10:42 - [TEST_STEP][PASSED] - Statement - RequestedQty = com.kms.katalon.core.webui.keyword.WebUiBuiltInKeywords.getAttribute(com.kms.katalon.core.testobject.ObjectRepository.findTestObject(HealthpostToStore/Page_Store/input_txttotal), "value"): Attribute 'value' of object 'Object Repository/HealthpostToStore/Page_Store/input_txttotal' is: '10'

2018-05-28 11:10:43 - [MESSAGE][PASSED] - Attribute 'value' of object 'Object Repository/HealthpostToStore/Page_Store/input_txttotal' is: '10'

2018-05-28 11:10:43 - [TEST_STEP][PASSED] - Statement - out.println("Requested QTY : " + RequestedQty): null

2018-05-28 11:10:43 - [TEST_STEP][PASSED] - Statement - BatchNumber = com.kms.katalon.core.webui.keyword.WebUiBuiltInKeywords.getNumberOfTotalOption(com.kms.katalon.core.testobject.ObjectRepository.findTestObject(HealthpostToStore/Page_Store/select_--Select--BA1170BA2376B)): 2 options of object 'Object Repository/HealthpostToStore/Page_Store/select_--Select--BA1170BA2376B' counted

2018-05-28 11:10:43 - [MESSAGE][PASSED] - 2 options of object 'Object Repository/HealthpostToStore/Page_Store/select_--Select--BA1170BA2376B' counted

2018-05-28 11:10:43 - [TEST_STEP][PASSED] - Statement - For ([g = 1, g <= BatchNumber - 1, (g++)]): null

2018-05-28 11:10:43 - [TEST_STEP][PASSED] - selectOptionByIndex: All options with index in [1] are selected on object 'Object Repository/HealthpostToStore/Page_Store/select_--Select--BA1170BA2376B'

2018-05-28 11:10:43 - [MESSAGE][PASSED] - All options with index in [1] are selected on object 'Object Repository/HealthpostToStore/Page_Store/select_--Select--BA1170BA2376B'

2018-05-28 11:10:43 - [TEST_STEP][PASSED] - Statement - Try: null

2018-05-28 11:10:43 - [TEST_STEP][PASSED] - Statement - StockQty = com.kms.katalon.core.webui.keyword.WebUiBuiltInKeywords.getAttribute(com.kms.katalon.core.testobject.ObjectRepository.findTestObject(HealthpostToStore/Page_Store/input_txtprice), "value"): Attribute 'value' of object 'Object Repository/HealthpostToStore/Page_Store/input_txtprice' is: '1220'

2018-05-28 11:10:43 - [MESSAGE][PASSED] - Attribute 'value' of object 'Object Repository/HealthpostToStore/Page_Store/input_txtprice' is: '1220'

2018-05-28 11:10:43 - [TEST_STEP][PASSED] - Statement - out.println("Stock QTY : " + StockQty): null

2018-05-28 11:10:43 - [TEST_STEP][PASSED] - delay: Delayed 2 second(s)

2018-05-28 11:10:45 - [MESSAGE][PASSED] - Delayed 2 second(s)

2018-05-28 11:10:45 - [TEST_STEP][PASSED] - Statement - If (java.lang.String.valueOf(StockQty) >= java.lang.String.valueOf(RequestedQty)): null

2018-05-28 11:10:45 - [TEST_STEP][PASSED] - setText: Text '10' is set on object 'Object Repository/HealthpostToStore/Page_Store/input_txtqty'

2018-05-28 11:10:45 - [MESSAGE][PASSED] - Text '10' is set on object 'Object Repository/HealthpostToStore/Page_Store/input_txtqty'

2018-05-28 11:10:45 - [TEST_STEP][PASSED] - click: Object: 'Object Repository/HealthpostToStore/Page_Store/button_Add' is clicked on

2018-05-28 11:10:45 - [MESSAGE][PASSED] - Object: 'Object Repository/HealthpostToStore/Page_Store/button_Add' is clicked on

2018-05-28 11:10:45 - [TEST_STEP][PASSED] - Statement - Break: null

2018-05-28 11:10:45 - [TEST_STEP][PASSED] - selectOptionByIndex: All options with index in [9] are selected on object 'Object Repository/HealthpostToStore/Page_Store/select_--Select--Adernaline 0.'

2018-05-28 11:10:45 - [MESSAGE][PASSED] - All options with index in [9] are selected on object 'Object Repository/HealthpostToStore/Page_Store/select_--Select--Adernaline 0.'

2018-05-28 11:10:45 - [TEST_STEP][PASSED] - delay: Delayed 2 second(s)

2018-05-28 11:10:47 - [MESSAGE][PASSED] - Delayed 2 second(s)

2018-05-28 11:10:47 - [TEST_STEP][PASSED] - Statement - RequestedQty = com.kms.katalon.core.webui.keyword.WebUiBuiltInKeywords.getAttribute(com.kms.katalon.core.testobject.ObjectRepository.findTestObject(HealthpostToStore/Page_Store/input_txttotal), "value"): Attribute 'value' of object 'Object Repository/HealthpostToStore/Page_Store/input_txttotal' is: '10'

2018-05-28 11:10:47 - [MESSAGE][PASSED] - Attribute 'value' of object 'Object Repository/HealthpostToStore/Page_Store/input_txttotal' is: '10'

2018-05-28 11:10:47 - [TEST_STEP][PASSED] - Statement - out.println("Requested QTY : " + RequestedQty): null

2018-05-28 11:10:47 - [TEST_STEP][PASSED] - Statement - BatchNumber = com.kms.katalon.core.webui.keyword.WebUiBuiltInKeywords.getNumberOfTotalOption(com.kms.katalon.core.testobject.ObjectRepository.findTestObject(HealthpostToStore/Page_Store/select_--Select--BA1170BA2376B)): 4 options of object 'Object Repository/HealthpostToStore/Page_Store/select_--Select--BA1170BA2376B' counted

2018-05-28 11:10:47 - [MESSAGE][PASSED] - 4 options of object 'Object Repository/HealthpostToStore/Page_Store/select_--Select--BA1170BA2376B' counted

2018-05-28 11:10:47 - [TEST_STEP][PASSED] - Statement - For ([g = 1, g <= BatchNumber - 1, (g++)]): null

2018-05-28 11:10:47 - [TEST_STEP][PASSED] - selectOptionByIndex: All options with index in [1] are selected on object 'Object Repository/HealthpostToStore/Page_Store/select_--Select--BA1170BA2376B'

2018-05-28 11:10:47 - [MESSAGE][PASSED] - All options with index in [1] are selected on object 'Object Repository/HealthpostToStore/Page_Store/select_--Select--BA1170BA2376B'

2018-05-28 11:10:47 - [TEST_STEP][PASSED] - Statement - Try: null

2018-05-28 11:10:47 - [TEST_STEP][PASSED] - Statement - StockQty = com.kms.katalon.core.webui.keyword.WebUiBuiltInKeywords.getAttribute(com.kms.katalon.core.testobject.ObjectRepository.findTestObject(HealthpostToStore/Page_Store/input_txtprice), "value"): Attribute 'value' of object 'Object Repository/HealthpostToStore/Page_Store/input_txtprice' is: '85'

2018-05-28 11:10:47 - [MESSAGE][PASSED] - Attribute 'value' of object 'Object Repository/HealthpostToStore/Page_Store/input_txtprice' is: '85'

2018-05-28 11:10:47 - [TEST_STEP][PASSED] - Statement - out.println("Stock QTY : " + StockQty): null

2018-05-28 11:10:47 - [TEST_STEP][PASSED] - delay: Delayed 2 second(s)

2018-05-28 11:10:49 - [MESSAGE][PASSED] - Delayed 2 second(s)

2018-05-28 11:10:49 - [TEST_STEP][PASSED] - Statement - If (java.lang.String.valueOf(StockQty) >= java.lang.String.valueOf(RequestedQty)): null

2018-05-28 11:10:49 - [TEST_STEP][PASSED] - setText: Text '10' is set on object 'Object Repository/HealthpostToStore/Page_Store/input_txtqty'

2018-05-28 11:10:50 - [MESSAGE][PASSED] - Text '10' is set on object 'Object Repository/HealthpostToStore/Page_Store/input_txtqty'

2018-05-28 11:10:50 - [TEST_STEP][PASSED] - click: Object: 'Object Repository/HealthpostToStore/Page_Store/button_Add' is clicked on

2018-05-28 11:10:50 - [MESSAGE][PASSED] - Object: 'Object Repository/HealthpostToStore/Page_Store/button_Add' is clicked on

2018-05-28 11:10:50 - [TEST_STEP][PASSED] - Statement - Break: null

2018-05-28 11:10:50 - [TEST_STEP][PASSED] - selectOptionByIndex: All options with index in [10] are selected on object 'Object Repository/HealthpostToStore/Page_Store/select_--Select--Adernaline 0.'

2018-05-28 11:10:50 - [MESSAGE][PASSED] - All options with index in [10] are selected on object 'Object Repository/HealthpostToStore/Page_Store/select_--Select--Adernaline 0.'

2018-05-28 11:10:50 - [TEST_STEP][PASSED] - delay: Delayed 2 second(s)

2018-05-28 11:10:52 - [MESSAGE][PASSED] - Delayed 2 second(s)

2018-05-28 11:10:52 - [TEST_STEP][PASSED] - Statement - RequestedQty = com.kms.katalon.core.webui.keyword.WebUiBuiltInKeywords.getAttribute(com.kms.katalon.core.testobject.ObjectRepository.findTestObject(HealthpostToStore/Page_Store/input_txttotal), "value"): Attribute 'value' of object 'Object Repository/HealthpostToStore/Page_Store/input_txttotal' is: '10'

2018-05-28 11:10:52 - [MESSAGE][PASSED] - Attribute 'value' of object 'Object Repository/HealthpostToStore/Page_Store/input_txttotal' is: '10'

2018-05-28 11:10:52 - [TEST_STEP][PASSED] - Statement - out.println("Requested QTY : " + RequestedQty): null

2018-05-28 11:10:52 - [TEST_STEP][PASSED] - Statement - BatchNumber = com.kms.katalon.core.webui.keyword.WebUiBuiltInKeywords.getNumberOfTotalOption(com.kms.katalon.core.testobject.ObjectRepository.findTestObject(HealthpostToStore/Page_Store/select_--Select--BA1170BA2376B)): 2 options of object 'Object Repository/HealthpostToStore/Page_Store/select_--Select--BA1170BA2376B' counted

2018-05-28 11:10:52 - [MESSAGE][PASSED] - 2 options of object 'Object Repository/HealthpostToStore/Page_Store/select_--Select--BA1170BA2376B' counted

2018-05-28 11:10:52 - [TEST_STEP][PASSED] - Statement - For ([g = 1, g <= BatchNumber - 1, (g++)]): null

2018-05-28 11:10:52 - [TEST_STEP][PASSED] - selectOptionByIndex: All options with index in [1] are selected on object 'Object Repository/HealthpostToStore/Page_Store/select_--Select--BA1170BA2376B'

2018-05-28 11:10:52 - [MESSAGE][PASSED] - All options with index in [1] are selected on object 'Object Repository/HealthpostToStore/Page_Store/select_--Select--BA1170BA2376B'

2018-05-28 11:10:52 - [TEST_STEP][PASSED] - Statement - Try: null

2018-05-28 11:10:52 - [TEST_STEP][PASSED] - Statement - StockQty = com.kms.katalon.core.webui.keyword.WebUiBuiltInKeywords.getAttribute(com.kms.katalon.core.testobject.ObjectRepository.findTestObject(HealthpostToStore/Page_Store/input_txtprice), "value"): Attribute 'value' of object 'Object Repository/HealthpostToStore/Page_Store/input_txtprice' is: '1009'

2018-05-28 11:10:52 - [MESSAGE][PASSED] - Attribute 'value' of object 'Object Repository/HealthpostToStore/Page_Store/input_txtprice' is: '1009'

2018-05-28 11:10:52 - [TEST_STEP][PASSED] - Statement - out.println("Stock QTY : " + StockQty): null

2018-05-28 11:10:52 - [TEST_STEP][PASSED] - delay: Delayed 2 second(s)

2018-05-28 11:10:54 - [MESSAGE][PASSED] - Delayed 2 second(s)

2018-05-28 11:10:54 - [TEST_STEP][PASSED] - Statement - If (java.lang.String.valueOf(StockQty) >= java.lang.String.valueOf(RequestedQty)): null

2018-05-28 11:10:54 - [TEST_STEP][PASSED] - setText: Text '10' is set on object 'Object Repository/HealthpostToStore/Page_Store/input_txtqty'

2018-05-28 11:10:54 - [MESSAGE][PASSED] - Text '10' is set on object 'Object Repository/HealthpostToStore/Page_Store/input_txtqty'

2018-05-28 11:10:54 - [TEST_STEP][PASSED] - click: Object: 'Object Repository/HealthpostToStore/Page_Store/button_Add' is clicked on

2018-05-28 11:10:54 - [MESSAGE][PASSED] - Object: 'Object Repository/HealthpostToStore/Page_Store/button_Add' is clicked on

2018-05-28 11:10:54 - [TEST_STEP][PASSED] - Statement - Break: null

2018-05-28 11:10:54 - [TEST_STEP][PASSED] - selectOptionByIndex: All options with index in [11] are selected on object 'Object Repository/HealthpostToStore/Page_Store/select_--Select--Adernaline 0.'

2018-05-28 11:10:54 - [MESSAGE][PASSED] - All options with index in [11] are selected on object 'Object Repository/HealthpostToStore/Page_Store/select_--Select--Adernaline 0.'

2018-05-28 11:10:54 - [TEST_STEP][PASSED] - delay: Delayed 2 second(s)

2018-05-28 11:10:56 - [MESSAGE][PASSED] - Delayed 2 second(s)

2018-05-28 11:10:56 - [TEST_STEP][PASSED] - Statement - RequestedQty = com.kms.katalon.core.webui.keyword.WebUiBuiltInKeywords.getAttribute(com.kms.katalon.core.testobject.ObjectRepository.findTestObject(HealthpostToStore/Page_Store/input_txttotal), "value"): Attribute 'value' of object 'Object Repository/HealthpostToStore/Page_Store/input_txttotal' is: '10'

2018-05-28 11:10:56 - [MESSAGE][PASSED] - Attribute 'value' of object 'Object Repository/HealthpostToStore/Page_Store/input_txttotal' is: '10'

2018-05-28 11:10:56 - [TEST_STEP][PASSED] - Statement - out.println("Requested QTY : " + RequestedQty): null

2018-05-28 11:10:56 - [TEST_STEP][PASSED] - Statement - BatchNumber = com.kms.katalon.core.webui.keyword.WebUiBuiltInKeywords.getNumberOfTotalOption(com.kms.katalon.core.testobject.ObjectRepository.findTestObject(HealthpostToStore/Page_Store/select_--Select--BA1170BA2376B)): 3 options of object 'Object Repository/HealthpostToStore/Page_Store/select_--Select--BA1170BA2376B' counted

2018-05-28 11:10:57 - [MESSAGE][PASSED] - 3 options of object 'Object Repository/HealthpostToStore/Page_Store/select_--Select--BA1170BA2376B' counted

2018-05-28 11:10:57 - [TEST_STEP][PASSED] - Statement - For ([g = 1, g <= BatchNumber - 1, (g++)]): null

2018-05-28 11:10:57 - [TEST_STEP][PASSED] - selectOptionByIndex: All options with index in [1] are selected on object 'Object Repository/HealthpostToStore/Page_Store/select_--Select--BA1170BA2376B'

2018-05-28 11:10:57 - [MESSAGE][PASSED] - All options with index in [1] are selected on object 'Object Repository/HealthpostToStore/Page_Store/select_--Select--BA1170BA2376B'

2018-05-28 11:10:57 - [TEST_STEP][PASSED] - Statement - Try: null

2018-05-28 11:10:57 - [TEST_STEP][PASSED] - Statement - StockQty = com.kms.katalon.core.webui.keyword.WebUiBuiltInKeywords.getAttribute(com.kms.katalon.core.testobject.ObjectRepository.findTestObject(HealthpostToStore/Page_Store/input_txtprice), "value"): Attribute 'value' of object 'Object Repository/HealthpostToStore/Page_Store/input_txtprice' is: '265'

2018-05-28 11:10:57 - [MESSAGE][PASSED] - Attribute 'value' of object 'Object Repository/HealthpostToStore/Page_Store/input_txtprice' is: '265'

2018-05-28 11:10:57 - [TEST_STEP][PASSED] - Statement - out.println("Stock QTY : " + StockQty): null

2018-05-28 11:10:57 - [TEST_STEP][PASSED] - delay: Delayed 2 second(s)

2018-05-28 11:10:59 - [MESSAGE][PASSED] - Delayed 2 second(s)

2018-05-28 11:10:59 - [TEST_STEP][PASSED] - Statement - If (java.lang.String.valueOf(StockQty) >= java.lang.String.valueOf(RequestedQty)): null

2018-05-28 11:10:59 - [TEST_STEP][PASSED] - setText: Text '10' is set on object 'Object Repository/HealthpostToStore/Page_Store/input_txtqty'

2018-05-28 11:10:59 - [MESSAGE][PASSED] - Text '10' is set on object 'Object Repository/HealthpostToStore/Page_Store/input_txtqty'

2018-05-28 11:10:59 - [TEST_STEP][PASSED] - click: Object: 'Object Repository/HealthpostToStore/Page_Store/button_Add' is clicked on

2018-05-28 11:10:59 - [MESSAGE][PASSED] - Object: 'Object Repository/HealthpostToStore/Page_Store/button_Add' is clicked on

2018-05-28 11:10:59 - [TEST_STEP][PASSED] - Statement - Break: null

2018-05-28 11:10:59 - [TEST_STEP][PASSED] - selectOptionByIndex: All options with index in [12] are selected on object 'Object Repository/HealthpostToStore/Page_Store/select_--Select--Adernaline 0.'

2018-05-28 11:10:59 - [MESSAGE][PASSED] - All options with index in [12] are selected on object 'Object Repository/HealthpostToStore/Page_Store/select_--Select--Adernaline 0.'

2018-05-28 11:10:59 - [TEST_STEP][PASSED] - delay: Delayed 2 second(s)

2018-05-28 11:11:01 - [MESSAGE][PASSED] - Delayed 2 second(s)

2018-05-28 11:11:01 - [TEST_STEP][PASSED] - Statement - RequestedQty = com.kms.katalon.core.webui.keyword.WebUiBuiltInKeywords.getAttribute(com.kms.katalon.core.testobject.ObjectRepository.findTestObject(HealthpostToStore/Page_Store/input_txttotal), "value"): Attribute 'value' of object 'Object Repository/HealthpostToStore/Page_Store/input_txttotal' is: '10'

2018-05-28 11:11:01 - [MESSAGE][PASSED] - Attribute 'value' of object 'Object Repository/HealthpostToStore/Page_Store/input_txttotal' is: '10'

2018-05-28 11:11:01 - [TEST_STEP][PASSED] - Statement - out.println("Requested QTY : " + RequestedQty): null

2018-05-28 11:11:01 - [TEST_STEP][PASSED] - Statement - BatchNumber = com.kms.katalon.core.webui.keyword.WebUiBuiltInKeywords.getNumberOfTotalOption(com.kms.katalon.core.testobject.ObjectRepository.findTestObject(HealthpostToStore/Page_Store/select_--Select--BA1170BA2376B)): 3 options of object 'Object Repository/HealthpostToStore/Page_Store/select_--Select--BA1170BA2376B' counted

2018-05-28 11:11:01 - [MESSAGE][PASSED] - 3 options of object 'Object Repository/HealthpostToStore/Page_Store/select_--Select--BA1170BA2376B' counted

2018-05-28 11:11:01 - [TEST_STEP][PASSED] - Statement - For ([g = 1, g <= BatchNumber - 1, (g++)]): null

2018-05-28 11:11:01 - [TEST_STEP][PASSED] - selectOptionByIndex: All options with index in [1] are selected on object 'Object Repository/HealthpostToStore/Page_Store/select_--Select--BA1170BA2376B'

2018-05-28 11:11:01 - [MESSAGE][PASSED] - All options with index in [1] are selected on object 'Object Repository/HealthpostToStore/Page_Store/select_--Select--BA1170BA2376B'

2018-05-28 11:11:01 - [TEST_STEP][PASSED] - Statement - Try: null

2018-05-28 11:11:01 - [TEST_STEP][PASSED] - Statement - StockQty = com.kms.katalon.core.webui.keyword.WebUiBuiltInKeywords.getAttribute(com.kms.katalon.core.testobject.ObjectRepository.findTestObject(HealthpostToStore/Page_Store/input_txtprice), "value"): Attribute 'value' of object 'Object Repository/HealthpostToStore/Page_Store/input_txtprice' is: '265'

2018-05-28 11:11:01 - [MESSAGE][PASSED] - Attribute 'value' of object 'Object Repository/HealthpostToStore/Page_Store/input_txtprice' is: '265'

2018-05-28 11:11:01 - [TEST_STEP][PASSED] - Statement - out.println("Stock QTY : " + StockQty): null

2018-05-28 11:11:01 - [TEST_STEP][PASSED] - delay: Delayed 2 second(s)

2018-05-28 11:11:03 - [MESSAGE][PASSED] - Delayed 2 second(s)

2018-05-28 11:11:03 - [TEST_STEP][PASSED] - Statement - If (java.lang.String.valueOf(StockQty) >= java.lang.String.valueOf(RequestedQty)): null

2018-05-28 11:11:03 - [TEST_STEP][PASSED] - setText: Text '10' is set on object 'Object Repository/HealthpostToStore/Page_Store/input_txtqty'

2018-05-28 11:11:03 - [MESSAGE][PASSED] - Text '10' is set on object 'Object Repository/HealthpostToStore/Page_Store/input_txtqty'

2018-05-28 11:11:03 - [TEST_STEP][PASSED] - click: Object: 'Object Repository/HealthpostToStore/Page_Store/button_Add' is clicked on

2018-05-28 11:11:04 - [MESSAGE][PASSED] - Object: 'Object Repository/HealthpostToStore/Page_Store/button_Add' is clicked on

2018-05-28 11:11:04 - [TEST_STEP][PASSED] - Statement - Break: null

2018-05-28 11:11:04 - [TEST_STEP][PASSED] - selectOptionByIndex: All options with index in [13] are selected on object 'Object Repository/HealthpostToStore/Page_Store/select_--Select--Adernaline 0.'

2018-05-28 11:11:04 - [MESSAGE][PASSED] - All options with index in [13] are selected on object 'Object Repository/HealthpostToStore/Page_Store/select_--Select--Adernaline 0.'

2018-05-28 11:11:04 - [TEST_STEP][PASSED] - delay: Delayed 2 second(s)

2018-05-28 11:11:06 - [MESSAGE][PASSED] - Delayed 2 second(s)

2018-05-28 11:11:06 - [TEST_STEP][PASSED] - Statement - RequestedQty = com.kms.katalon.core.webui.keyword.WebUiBuiltInKeywords.getAttribute(com.kms.katalon.core.testobject.ObjectRepository.findTestObject(HealthpostToStore/Page_Store/input_txttotal), "value"): Attribute 'value' of object 'Object Repository/HealthpostToStore/Page_Store/input_txttotal' is: '10'

2018-05-28 11:11:06 - [MESSAGE][PASSED] - Attribute 'value' of object 'Object Repository/HealthpostToStore/Page_Store/input_txttotal' is: '10'

2018-05-28 11:11:06 - [TEST_STEP][PASSED] - Statement - out.println("Requested QTY : " + RequestedQty): null

2018-05-28 11:11:06 - [TEST_STEP][PASSED] - Statement - BatchNumber = com.kms.katalon.core.webui.keyword.WebUiBuiltInKeywords.getNumberOfTotalOption(com.kms.katalon.core.testobject.ObjectRepository.findTestObject(HealthpostToStore/Page_Store/select_--Select--BA1170BA2376B)): 3 options of object 'Object Repository/HealthpostToStore/Page_Store/select_--Select--BA1170BA2376B' counted

2018-05-28 11:11:06 - [MESSAGE][PASSED] - 3 options of object 'Object Repository/HealthpostToStore/Page_Store/select_--Select--BA1170BA2376B' counted

2018-05-28 11:11:06 - [TEST_STEP][PASSED] - Statement - For ([g = 1, g <= BatchNumber - 1, (g++)]): null

2018-05-28 11:11:06 - [TEST_STEP][PASSED] - selectOptionByIndex: All options with index in [1] are selected on object 'Object Repository/HealthpostToStore/Page_Store/select_--Select--BA1170BA2376B'

2018-05-28 11:11:06 - [MESSAGE][PASSED] - All options with index in [1] are selected on object 'Object Repository/HealthpostToStore/Page_Store/select_--Select--BA1170BA2376B'

2018-05-28 11:11:06 - [TEST_STEP][PASSED] - Statement - Try: null

2018-05-28 11:11:06 - [TEST_STEP][PASSED] - Statement - StockQty = com.kms.katalon.core.webui.keyword.WebUiBuiltInKeywords.getAttribute(com.kms.katalon.core.testobject.ObjectRepository.findTestObject(HealthpostToStore/Page_Store/input_txtprice), "value"): Attribute 'value' of object 'Object Repository/HealthpostToStore/Page_Store/input_txtprice' is: '265'

2018-05-28 11:11:06 - [MESSAGE][PASSED] - Attribute 'value' of object 'Object Repository/HealthpostToStore/Page_Store/input_txtprice' is: '265'

2018-05-28 11:11:06 - [TEST_STEP][PASSED] - Statement - out.println("Stock QTY : " + StockQty): null

2018-05-28 11:11:06 - [TEST_STEP][PASSED] - delay: Delayed 2 second(s)

2018-05-28 11:11:08 - [MESSAGE][PASSED] - Delayed 2 second(s)

2018-05-28 11:11:08 - [TEST_STEP][PASSED] - Statement - If (java.lang.String.valueOf(StockQty) >= java.lang.String.valueOf(RequestedQty)): null

2018-05-28 11:11:08 - [TEST_STEP][PASSED] - setText: Text '10' is set on object 'Object Repository/HealthpostToStore/Page_Store/input_txtqty'

2018-05-28 11:11:08 - [MESSAGE][PASSED] - Text '10' is set on object 'Object Repository/HealthpostToStore/Page_Store/input_txtqty'

2018-05-28 11:11:08 - [TEST_STEP][PASSED] - click: Object: 'Object Repository/HealthpostToStore/Page_Store/button_Add' is clicked on

2018-05-28 11:11:08 - [MESSAGE][PASSED] - Object: 'Object Repository/HealthpostToStore/Page_Store/button_Add' is clicked on

2018-05-28 11:11:08 - [TEST_STEP][PASSED] - Statement - Break: null

2018-05-28 11:11:08 - [TEST_STEP][PASSED] - selectOptionByIndex: All options with index in [14] are selected on object 'Object Repository/HealthpostToStore/Page_Store/select_--Select--Adernaline 0.'

2018-05-28 11:11:08 - [MESSAGE][PASSED] - All options with index in [14] are selected on object 'Object Repository/HealthpostToStore/Page_Store/select_--Select--Adernaline 0.'

2018-05-28 11:11:08 - [TEST_STEP][PASSED] - delay: Delayed 2 second(s)

2018-05-28 11:11:10 - [MESSAGE][PASSED] - Delayed 2 second(s)

2018-05-28 11:11:10 - [TEST_STEP][PASSED] - Statement - RequestedQty = com.kms.katalon.core.webui.keyword.WebUiBuiltInKeywords.getAttribute(com.kms.katalon.core.testobject.ObjectRepository.findTestObject(HealthpostToStore/Page_Store/input_txttotal), "value"): Attribute 'value' of object 'Object Repository/HealthpostToStore/Page_Store/input_txttotal' is: '10'

2018-05-28 11:11:10 - [MESSAGE][PASSED] - Attribute 'value' of object 'Object Repository/HealthpostToStore/Page_Store/input_txttotal' is: '10'

2018-05-28 11:11:10 - [TEST_STEP][PASSED] - Statement - out.println("Requested QTY : " + RequestedQty): null

2018-05-28 11:11:10 - [TEST_STEP][PASSED] - Statement - BatchNumber = com.kms.katalon.core.webui.keyword.WebUiBuiltInKeywords.getNumberOfTotalOption(com.kms.katalon.core.testobject.ObjectRepository.findTestObject(HealthpostToStore/Page_Store/select_--Select--BA1170BA2376B)): 3 options of object 'Object Repository/HealthpostToStore/Page_Store/select_--Select--BA1170BA2376B' counted

2018-05-28 11:11:10 - [MESSAGE][PASSED] - 3 options of object 'Object Repository/HealthpostToStore/Page_Store/select_--Select--BA1170BA2376B' counted

2018-05-28 11:11:10 - [TEST_STEP][PASSED] - Statement - For ([g = 1, g <= BatchNumber - 1, (g++)]): null

2018-05-28 11:11:10 - [TEST_STEP][PASSED] - selectOptionByIndex: All options with index in [1] are selected on object 'Object Repository/HealthpostToStore/Page_Store/select_--Select--BA1170BA2376B'

2018-05-28 11:11:11 - [MESSAGE][PASSED] - All options with index in [1] are selected on object 'Object Repository/HealthpostToStore/Page_Store/select_--Select--BA1170BA2376B'

2018-05-28 11:11:11 - [TEST_STEP][PASSED] - Statement - Try: null

2018-05-28 11:11:11 - [TEST_STEP][PASSED] - Statement - StockQty = com.kms.katalon.core.webui.keyword.WebUiBuiltInKeywords.getAttribute(com.kms.katalon.core.testobject.ObjectRepository.findTestObject(HealthpostToStore/Page_Store/input_txtprice), "value"): Attribute 'value' of object 'Object Repository/HealthpostToStore/Page_Store/input_txtprice' is: '265'

2018-05-28 11:11:11 - [MESSAGE][PASSED] - Attribute 'value' of object 'Object Repository/HealthpostToStore/Page_Store/input_txtprice' is: '265'

2018-05-28 11:11:11 - [TEST_STEP][PASSED] - Statement - out.println("Stock QTY : " + StockQty): null

2018-05-28 11:11:11 - [TEST_STEP][PASSED] - delay: Delayed 2 second(s)

2018-05-28 11:11:13 - [MESSAGE][PASSED] - Delayed 2 second(s)

2018-05-28 11:11:13 - [TEST_STEP][PASSED] - Statement - If (java.lang.String.valueOf(StockQty) >= java.lang.String.valueOf(RequestedQty)): null

2018-05-28 11:11:13 - [TEST_STEP][PASSED] - setText: Text '10' is set on object 'Object Repository/HealthpostToStore/Page_Store/input_txtqty'

2018-05-28 11:11:13 - [MESSAGE][PASSED] - Text '10' is set on object 'Object Repository/HealthpostToStore/Page_Store/input_txtqty'

2018-05-28 11:11:13 - [TEST_STEP][PASSED] - click: Object: 'Object Repository/HealthpostToStore/Page_Store/button_Add' is clicked on

2018-05-28 11:11:13 - [MESSAGE][PASSED] - Object: 'Object Repository/HealthpostToStore/Page_Store/button_Add' is clicked on

2018-05-28 11:11:13 - [TEST_STEP][PASSED] - Statement - Break: null

2018-05-28 11:11:13 - [TEST_STEP][PASSED] - selectOptionByIndex: All options with index in [15] are selected on object 'Object Repository/HealthpostToStore/Page_Store/select_--Select--Adernaline 0.'

2018-05-28 11:11:13 - [MESSAGE][PASSED] - All options with index in [15] are selected on object 'Object Repository/HealthpostToStore/Page_Store/select_--Select--Adernaline 0.'

2018-05-28 11:11:13 - [TEST_STEP][PASSED] - delay: Delayed 2 second(s)

2018-05-28 11:11:15 - [MESSAGE][PASSED] - Delayed 2 second(s)

2018-05-28 11:11:15 - [TEST_STEP][PASSED] - Statement - RequestedQty = com.kms.katalon.core.webui.keyword.WebUiBuiltInKeywords.getAttribute(com.kms.katalon.core.testobject.ObjectRepository.findTestObject(HealthpostToStore/Page_Store/input_txttotal), "value"): Attribute 'value' of object 'Object Repository/HealthpostToStore/Page_Store/input_txttotal' is: '10'

2018-05-28 11:11:15 - [MESSAGE][PASSED] - Attribute 'value' of object 'Object Repository/HealthpostToStore/Page_Store/input_txttotal' is: '10'

2018-05-28 11:11:15 - [TEST_STEP][PASSED] - Statement - out.println("Requested QTY : " + RequestedQty): null

2018-05-28 11:11:15 - [TEST_STEP][PASSED] - Statement - BatchNumber = com.kms.katalon.core.webui.keyword.WebUiBuiltInKeywords.getNumberOfTotalOption(com.kms.katalon.core.testobject.ObjectRepository.findTestObject(HealthpostToStore/Page_Store/select_--Select--BA1170BA2376B)): 2 options of object 'Object Repository/HealthpostToStore/Page_Store/select_--Select--BA1170BA2376B' counted

2018-05-28 11:11:15 - [MESSAGE][PASSED] - 2 options of object 'Object Repository/HealthpostToStore/Page_Store/select_--Select--BA1170BA2376B' counted

2018-05-28 11:11:15 - [TEST_STEP][PASSED] - Statement - For ([g = 1, g <= BatchNumber - 1, (g++)]): null

2018-05-28 11:11:15 - [TEST_STEP][PASSED] - selectOptionByIndex: All options with index in [1] are selected on object 'Object Repository/HealthpostToStore/Page_Store/select_--Select--BA1170BA2376B'

2018-05-28 11:11:15 - [MESSAGE][PASSED] - All options with index in [1] are selected on object 'Object Repository/HealthpostToStore/Page_Store/select_--Select--BA1170BA2376B'

2018-05-28 11:11:15 - [TEST_STEP][PASSED] - Statement - Try: null

2018-05-28 11:11:15 - [TEST_STEP][PASSED] - Statement - StockQty = com.kms.katalon.core.webui.keyword.WebUiBuiltInKeywords.getAttribute(com.kms.katalon.core.testobject.ObjectRepository.findTestObject(HealthpostToStore/Page_Store/input_txtprice), "value"): Attribute 'value' of object 'Object Repository/HealthpostToStore/Page_Store/input_txtprice' is: '2220'

2018-05-28 11:11:15 - [MESSAGE][PASSED] - Attribute 'value' of object 'Object Repository/HealthpostToStore/Page_Store/input_txtprice' is: '2220'

2018-05-28 11:11:15 - [TEST_STEP][PASSED] - Statement - out.println("Stock QTY : " + StockQty): null

2018-05-28 11:11:15 - [TEST_STEP][PASSED] - delay: Delayed 2 second(s)

2018-05-28 11:11:17 - [MESSAGE][PASSED] - Delayed 2 second(s)

2018-05-28 11:11:17 - [TEST_STEP][PASSED] - Statement - If (java.lang.String.valueOf(StockQty) >= java.lang.String.valueOf(RequestedQty)): null

2018-05-28 11:11:17 - [TEST_STEP][PASSED] - setText: Text '10' is set on object 'Object Repository/HealthpostToStore/Page_Store/input_txtqty'

2018-05-28 11:11:17 - [MESSAGE][PASSED] - Text '10' is set on object 'Object Repository/HealthpostToStore/Page_Store/input_txtqty'

2018-05-28 11:11:17 - [TEST_STEP][PASSED] - click: Object: 'Object Repository/HealthpostToStore/Page_Store/button_Add' is clicked on

2018-05-28 11:11:18 - [MESSAGE][PASSED] - Object: 'Object Repository/HealthpostToStore/Page_Store/button_Add' is clicked on

2018-05-28 11:11:18 - [TEST_STEP][PASSED] - Statement - Break: null

2018-05-28 11:11:18 - [TEST_STEP][PASSED] - selectOptionByIndex: All options with index in [16] are selected on object 'Object Repository/HealthpostToStore/Page_Store/select_--Select--Adernaline 0.'

2018-05-28 11:11:18 - [MESSAGE][PASSED] - All options with index in [16] are selected on object 'Object Repository/HealthpostToStore/Page_Store/select_--Select--Adernaline 0.'

2018-05-28 11:11:18 - [TEST_STEP][PASSED] - delay: Delayed 2 second(s)

2018-05-28 11:11:20 - [MESSAGE][PASSED] - Delayed 2 second(s)

2018-05-28 11:11:20 - [TEST_STEP][PASSED] - Statement - RequestedQty = com.kms.katalon.core.webui.keyword.WebUiBuiltInKeywords.getAttribute(com.kms.katalon.core.testobject.ObjectRepository.findTestObject(HealthpostToStore/Page_Store/input_txttotal), "value"): Attribute 'value' of object 'Object Repository/HealthpostToStore/Page_Store/input_txttotal' is: '10'

2018-05-28 11:11:20 - [MESSAGE][PASSED] - Attribute 'value' of object 'Object Repository/HealthpostToStore/Page_Store/input_txttotal' is: '10'

2018-05-28 11:11:20 - [TEST_STEP][PASSED] - Statement - out.println("Requested QTY : " + RequestedQty): null

2018-05-28 11:11:20 - [TEST_STEP][PASSED] - Statement - BatchNumber = com.kms.katalon.core.webui.keyword.WebUiBuiltInKeywords.getNumberOfTotalOption(com.kms.katalon.core.testobject.ObjectRepository.findTestObject(HealthpostToStore/Page_Store/select_--Select--BA1170BA2376B)): 2 options of object 'Object Repository/HealthpostToStore/Page_Store/select_--Select--BA1170BA2376B' counted

2018-05-28 11:11:20 - [MESSAGE][PASSED] - 2 options of object 'Object Repository/HealthpostToStore/Page_Store/select_--Select--BA1170BA2376B' counted

2018-05-28 11:11:20 - [TEST_STEP][PASSED] - Statement - For ([g = 1, g <= BatchNumber - 1, (g++)]): null

2018-05-28 11:11:20 - [TEST_STEP][PASSED] - selectOptionByIndex: All options with index in [1] are selected on object 'Object Repository/HealthpostToStore/Page_Store/select_--Select--BA1170BA2376B'

2018-05-28 11:11:20 - [MESSAGE][PASSED] - All options with index in [1] are selected on object 'Object Repository/HealthpostToStore/Page_Store/select_--Select--BA1170BA2376B'

2018-05-28 11:11:20 - [TEST_STEP][PASSED] - Statement - Try: null

2018-05-28 11:11:20 - [TEST_STEP][PASSED] - Statement - StockQty = com.kms.katalon.core.webui.keyword.WebUiBuiltInKeywords.getAttribute(com.kms.katalon.core.testobject.ObjectRepository.findTestObject(HealthpostToStore/Page_Store/input_txtprice), "value"): Attribute 'value' of object 'Object Repository/HealthpostToStore/Page_Store/input_txtprice' is: '9995'

2018-05-28 11:11:20 - [MESSAGE][PASSED] - Attribute 'value' of object 'Object Repository/HealthpostToStore/Page_Store/input_txtprice' is: '9995'

2018-05-28 11:11:20 - [TEST_STEP][PASSED] - Statement - out.println("Stock QTY : " + StockQty): null

2018-05-28 11:11:20 - [TEST_STEP][PASSED] - delay: Delayed 2 second(s)

2018-05-28 11:11:22 - [MESSAGE][PASSED] - Delayed 2 second(s)

2018-05-28 11:11:22 - [TEST_STEP][PASSED] - Statement - If (java.lang.String.valueOf(StockQty) >= java.lang.String.valueOf(RequestedQty)): null

2018-05-28 11:11:22 - [TEST_STEP][PASSED] - setText: Text '10' is set on object 'Object Repository/HealthpostToStore/Page_Store/input_txtqty'

2018-05-28 11:11:22 - [MESSAGE][PASSED] - Text '10' is set on object 'Object Repository/HealthpostToStore/Page_Store/input_txtqty'

2018-05-28 11:11:22 - [TEST_STEP][PASSED] - click: Object: 'Object Repository/HealthpostToStore/Page_Store/button_Add' is clicked on

2018-05-28 11:11:22 - [MESSAGE][PASSED] - Object: 'Object Repository/HealthpostToStore/Page_Store/button_Add' is clicked on

2018-05-28 11:11:22 - [TEST_STEP][PASSED] - Statement - Break: null

2018-05-28 11:11:22 - [TEST_STEP][PASSED] - selectOptionByIndex: All options with index in [17] are selected on object 'Object Repository/HealthpostToStore/Page_Store/select_--Select--Adernaline 0.'

2018-05-28 11:11:23 - [MESSAGE][PASSED] - All options with index in [17] are selected on object 'Object Repository/HealthpostToStore/Page_Store/select_--Select--Adernaline 0.'

2018-05-28 11:11:23 - [TEST_STEP][PASSED] - delay: Delayed 2 second(s)

2018-05-28 11:11:25 - [MESSAGE][PASSED] - Delayed 2 second(s)

2018-05-28 11:11:25 - [TEST_STEP][PASSED] - Statement - RequestedQty = com.kms.katalon.core.webui.keyword.WebUiBuiltInKeywords.getAttribute(com.kms.katalon.core.testobject.ObjectRepository.findTestObject(HealthpostToStore/Page_Store/input_txttotal), "value"): Attribute 'value' of object 'Object Repository/HealthpostToStore/Page_Store/input_txttotal' is: '10'

2018-05-28 11:11:25 - [MESSAGE][PASSED] - Attribute 'value' of object 'Object Repository/HealthpostToStore/Page_Store/input_txttotal' is: '10'

2018-05-28 11:11:25 - [TEST_STEP][PASSED] - Statement - out.println("Requested QTY : " + RequestedQty): null

2018-05-28 11:11:25 - [TEST_STEP][PASSED] - Statement - BatchNumber = com.kms.katalon.core.webui.keyword.WebUiBuiltInKeywords.getNumberOfTotalOption(com.kms.katalon.core.testobject.ObjectRepository.findTestObject(HealthpostToStore/Page_Store/select_--Select--BA1170BA2376B)): 2 options of object 'Object Repository/HealthpostToStore/Page_Store/select_--Select--BA1170BA2376B' counted

2018-05-28 11:11:25 - [MESSAGE][PASSED] - 2 options of object 'Object Repository/HealthpostToStore/Page_Store/select_--Select--BA1170BA2376B' counted

2018-05-28 11:11:25 - [TEST_STEP][PASSED] - Statement - For ([g = 1, g <= BatchNumber - 1, (g++)]): null

2018-05-28 11:11:25 - [TEST_STEP][PASSED] - selectOptionByIndex: All options with index in [1] are selected on object 'Object Repository/HealthpostToStore/Page_Store/select_--Select--BA1170BA2376B'

2018-05-28 11:11:25 - [MESSAGE][PASSED] - All options with index in [1] are selected on object 'Object Repository/HealthpostToStore/Page_Store/select_--Select--BA1170BA2376B'

2018-05-28 11:11:25 - [TEST_STEP][PASSED] - Statement - Try: null

2018-05-28 11:11:25 - [TEST_STEP][PASSED] - Statement - StockQty = com.kms.katalon.core.webui.keyword.WebUiBuiltInKeywords.getAttribute(com.kms.katalon.core.testobject.ObjectRepository.findTestObject(HealthpostToStore/Page_Store/input_txtprice), "value"): Attribute 'value' of object 'Object Repository/HealthpostToStore/Page_Store/input_txtprice' is: '9995'

2018-05-28 11:11:25 - [MESSAGE][PASSED] - Attribute 'value' of object 'Object Repository/HealthpostToStore/Page_Store/input_txtprice' is: '9995'

2018-05-28 11:11:25 - [TEST_STEP][PASSED] - Statement - out.println("Stock QTY : " + StockQty): null

2018-05-28 11:11:25 - [TEST_STEP][PASSED] - delay: Delayed 2 second(s)

2018-05-28 11:11:27 - [MESSAGE][PASSED] - Delayed 2 second(s)

2018-05-28 11:11:27 - [TEST_STEP][PASSED] - Statement - If (java.lang.String.valueOf(StockQty) >= java.lang.String.valueOf(RequestedQty)): null

2018-05-28 11:11:27 - [TEST_STEP][PASSED] - setText: Text '10' is set on object 'Object Repository/HealthpostToStore/Page_Store/input_txtqty'

2018-05-28 11:11:27 - [MESSAGE][PASSED] - Text '10' is set on object 'Object Repository/HealthpostToStore/Page_Store/input_txtqty'

2018-05-28 11:11:27 - [TEST_STEP][PASSED] - click: Object: 'Object Repository/HealthpostToStore/Page_Store/button_Add' is clicked on

2018-05-28 11:11:27 - [MESSAGE][PASSED] - Object: 'Object Repository/HealthpostToStore/Page_Store/button_Add' is clicked on

2018-05-28 11:11:27 - [TEST_STEP][PASSED] - Statement - Break: null

2018-05-28 11:11:27 - [TEST_STEP][PASSED] - selectOptionByIndex: All options with index in [18] are selected on object 'Object Repository/HealthpostToStore/Page_Store/select_--Select--Adernaline 0.'

2018-05-28 11:11:27 - [MESSAGE][PASSED] - All options with index in [18] are selected on object 'Object Repository/HealthpostToStore/Page_Store/select_--Select--Adernaline 0.'

2018-05-28 11:11:27 - [TEST_STEP][PASSED] - delay: Delayed 2 second(s)

2018-05-28 11:11:29 - [MESSAGE][PASSED] - Delayed 2 second(s)

2018-05-28 11:11:29 - [TEST_STEP][PASSED] - Statement - RequestedQty = com.kms.katalon.core.webui.keyword.WebUiBuiltInKeywords.getAttribute(com.kms.katalon.core.testobject.ObjectRepository.findTestObject(HealthpostToStore/Page_Store/input_txttotal), "value"): Attribute 'value' of object 'Object Repository/HealthpostToStore/Page_Store/input_txttotal' is: '10'

2018-05-28 11:11:29 - [MESSAGE][PASSED] - Attribute 'value' of object 'Object Repository/HealthpostToStore/Page_Store/input_txttotal' is: '10'

2018-05-28 11:11:29 - [TEST_STEP][PASSED] - Statement - out.println("Requested QTY : " + RequestedQty): null

2018-05-28 11:11:29 - [TEST_STEP][PASSED] - Statement - BatchNumber = com.kms.katalon.core.webui.keyword.WebUiBuiltInKeywords.getNumberOfTotalOption(com.kms.katalon.core.testobject.ObjectRepository.findTestObject(HealthpostToStore/Page_Store/select_--Select--BA1170BA2376B)): 2 options of object 'Object Repository/HealthpostToStore/Page_Store/select_--Select--BA1170BA2376B' counted

2018-05-28 11:11:29 - [MESSAGE][PASSED] - 2 options of object 'Object Repository/HealthpostToStore/Page_Store/select_--Select--BA1170BA2376B' counted

2018-05-28 11:11:29 - [TEST_STEP][PASSED] - Statement - For ([g = 1, g <= BatchNumber - 1, (g++)]): null

2018-05-28 11:11:29 - [TEST_STEP][PASSED] - selectOptionByIndex: All options with index in [1] are selected on object 'Object Repository/HealthpostToStore/Page_Store/select_--Select--BA1170BA2376B'

2018-05-28 11:11:29 - [MESSAGE][PASSED] - All options with index in [1] are selected on object 'Object Repository/HealthpostToStore/Page_Store/select_--Select--BA1170BA2376B'

2018-05-28 11:11:29 - [TEST_STEP][PASSED] - Statement - Try: null

2018-05-28 11:11:29 - [TEST_STEP][PASSED] - Statement - StockQty = com.kms.katalon.core.webui.keyword.WebUiBuiltInKeywords.getAttribute(com.kms.katalon.core.testobject.ObjectRepository.findTestObject(HealthpostToStore/Page_Store/input_txtprice), "value"): Attribute 'value' of object 'Object Repository/HealthpostToStore/Page_Store/input_txtprice' is: '9995'

2018-05-28 11:11:30 - [MESSAGE][PASSED] - Attribute 'value' of object 'Object Repository/HealthpostToStore/Page_Store/input_txtprice' is: '9995'

2018-05-28 11:11:30 - [TEST_STEP][PASSED] - Statement - out.println("Stock QTY : " + StockQty): null

2018-05-28 11:11:30 - [TEST_STEP][PASSED] - delay: Delayed 2 second(s)

2018-05-28 11:11:32 - [MESSAGE][PASSED] - Delayed 2 second(s)

2018-05-28 11:11:32 - [TEST_STEP][PASSED] - Statement - If (java.lang.String.valueOf(StockQty) >= java.lang.String.valueOf(RequestedQty)): null

2018-05-28 11:11:32 - [TEST_STEP][PASSED] - setText: Text '10' is set on object 'Object Repository/HealthpostToStore/Page_Store/input_txtqty'

2018-05-28 11:11:32 - [MESSAGE][PASSED] - Text '10' is set on object 'Object Repository/HealthpostToStore/Page_Store/input_txtqty'

2018-05-28 11:11:32 - [TEST_STEP][PASSED] - click: Object: 'Object Repository/HealthpostToStore/Page_Store/button_Add' is clicked on

2018-05-28 11:11:32 - [MESSAGE][PASSED] - Object: 'Object Repository/HealthpostToStore/Page_Store/button_Add' is clicked on

2018-05-28 11:11:32 - [TEST_STEP][PASSED] - Statement - Break: null

2018-05-28 11:11:32 - [TEST_STEP][PASSED] - scrollToElement: Scroll to object 'Object Repository/HealthpostToStore/Page_Store/input_btnSubmit' successfully

2018-05-28 11:11:32 - [MESSAGE][PASSED] - Scroll to object 'Object Repository/HealthpostToStore/Page_Store/input_btnSubmit' successfully

2018-05-28 11:11:32 - [TEST_STEP][PASSED] - click: Object: 'Object Repository/HealthpostToStore/Page_Store/input_btnSubmit' is clicked on

2018-05-28 11:11:32 - [MESSAGE][PASSED] - Object: 'Object Repository/HealthpostToStore/Page_Store/input_btnSubmit' is clicked on

2018-05-28 11:11:32 - [TEST_STEP][PASSED] - delay: Delayed 3 second(s)

2018-05-28 11:11:35 - [MESSAGE][PASSED] - Delayed 3 second(s)

2018-05-28 11:11:35 - [TEST_STEP][PASSED] - click: Object: 'Object Repository/HealthpostToStore/Page_Store/button_OK' is clicked on

2018-05-28 11:11:35 - [MESSAGE][PASSED] - Object: 'Object Repository/HealthpostToStore/Page_Store/button_OK' is clicked on

2018-05-28 11:11:35 - [TEST_STEP][PASSED] - delay: Delayed 3 second(s)

2018-05-28 11:11:38 - [MESSAGE][PASSED] - Delayed 3 second(s)

2018-05-28 11:11:38 - [TEST_STEP][PASSED] - click: Object: 'Object Repository/HealthpostToStore/Page_Store/a_dropdown-toggle' is clicked on

2018-05-28 11:11:39 - [MESSAGE][PASSED] - Object: 'Object Repository/HealthpostToStore/Page_Store/a_dropdown-toggle' is clicked on

2018-05-28 11:11:39 - [TEST_STEP][PASSED] - click: Object: 'Object Repository/HealthpostToStore/Page_Store/a_Sign out' is clicked on

2018-05-28 11:11:39 - [MESSAGE][PASSED] - Object: 'Object Repository/HealthpostToStore/Page_Store/a_Sign out' is clicked on

2018-05-28 11:11:39 - [TEST_STEP][PASSED] - closeBrowser: Browser is closed

2018-05-28 11:11:40 - [MESSAGE][PASSED] - Browser is closed]]></system-out>
         <system-err><![CDATA[]]></system-err>
      </testcase>
      <system-out><![CDATA[2018-05-28 10:23:29 - [TEST_SUITE][FAILED] - HealthPost_Store_Suite: Test Cases/HEALTHPOST TEST CASES/TC_HP_003 Verify Schedule 3 Healthpost Request Are Working Successfully Or Not FAILED because (of) Unable to set text '10' of object 'Object Repository/HealthpostToStore/Page_HealthPost Store/input_txttreat' (Root cause: org.openqa.selenium.UnhandledAlertException: unexpected alert open: {Alert text : function Error() { [native code] }}
  (Session info: chrome=66.0.3359.181)
  (Driver info: chromedriver=2.35.528161 (5b82f2d2aae0ca24b877009200ced9065a772e73),platform=Windows NT 10.0.17134 x86_64) (WARNING: The server did not provide any stacktrace information)
Command duration or timeout: 0 milliseconds: null
Build info: version: '3.7.1', revision: '8a0099a', time: '2017-11-06T21:07:36.161Z'
System info: host: 'DESKTOP-BLFTK83', ip: '169.254.189.85', os.name: 'Windows 10', os.arch: 'amd64', os.version: '10.0', java.version: '1.8.0_102'
Driver info: com.kms.katalon.selenium.driver.CChromeDriver
Capabilities {acceptInsecureCerts: false, acceptSslCerts: false, applicationCacheEnabled: false, browserConnectionEnabled: false, browserName: chrome, chrome: {chromedriverVersion: 2.35.528161 (5b82f2d2aae0ca..., userDataDir: C:\Users\QUALIT~1\AppData\L...}, cssSelectorsEnabled: true, databaseEnabled: false, handlesAlerts: true, hasTouchScreen: false, javascriptEnabled: true, locationContextEnabled: true, mobileEmulationEnabled: false, nativeEvents: true, networkConnectionEnabled: false, pageLoadStrategy: normal, platform: XP, platformName: XP, rotatable: false, setWindowRect: true, takesHeapSnapshot: true, takesScreenshot: true, unexpectedAlertBehaviour: , unhandledPromptBehavior: , version: 66.0.3359.181, webStorageEnabled: true}
Session ID: 3ca546586c1e12a464489e2fa690b14d
*** Element info: {Using=xpath, value=id("txttreat")[count(. | //input[@id = 'txttreat' and @type = 'text']) = count(//input[@id = 'txttreat' and @type = 'text'])]})]]></system-out>
      <system-err><![CDATA[2018-05-28 10:23:29 - [TEST_SUITE][FAILED] - HealthPost_Store_Suite: Test Cases/HEALTHPOST TEST CASES/TC_HP_003 Verify Schedule 3 Healthpost Request Are Working Successfully Or Not FAILED because (of) Unable to set text '10' of object 'Object Repository/HealthpostToStore/Page_HealthPost Store/input_txttreat' (Root cause: org.openqa.selenium.UnhandledAlertException: unexpected alert open: {Alert text : function Error() { [native code] }}
  (Session info: chrome=66.0.3359.181)
  (Driver info: chromedriver=2.35.528161 (5b82f2d2aae0ca24b877009200ced9065a772e73),platform=Windows NT 10.0.17134 x86_64) (WARNING: The server did not provide any stacktrace information)
Command duration or timeout: 0 milliseconds: null
Build info: version: '3.7.1', revision: '8a0099a', time: '2017-11-06T21:07:36.161Z'
System info: host: 'DESKTOP-BLFTK83', ip: '169.254.189.85', os.name: 'Windows 10', os.arch: 'amd64', os.version: '10.0', java.version: '1.8.0_102'
Driver info: com.kms.katalon.selenium.driver.CChromeDriver
Capabilities {acceptInsecureCerts: false, acceptSslCerts: false, applicationCacheEnabled: false, browserConnectionEnabled: false, browserName: chrome, chrome: {chromedriverVersion: 2.35.528161 (5b82f2d2aae0ca..., userDataDir: C:\Users\QUALIT~1\AppData\L...}, cssSelectorsEnabled: true, databaseEnabled: false, handlesAlerts: true, hasTouchScreen: false, javascriptEnabled: true, locationContextEnabled: true, mobileEmulationEnabled: false, nativeEvents: true, networkConnectionEnabled: false, pageLoadStrategy: normal, platform: XP, platformName: XP, rotatable: false, setWindowRect: true, takesHeapSnapshot: true, takesScreenshot: true, unexpectedAlertBehaviour: , unhandledPromptBehavior: , version: 66.0.3359.181, webStorageEnabled: true}
Session ID: 3ca546586c1e12a464489e2fa690b14d
*** Element info: {Using=xpath, value=id("txttreat")[count(. | //input[@id = 'txttreat' and @type = 'text']) = count(//input[@id = 'txttreat' and @type = 'text'])]})]]></system-err>
   </testsuite>
</testsuites>
