<?xml version="1.0" encoding="UTF-8"?>
<testsuites name="HealthPost_Store_Suite" time="2084" tests="7" failures="5" errors="0">
   <testsuite name="HealthPost_Store_Suite" tests="7" failures="5" errors="0" time="2084" timestamp="2018-05-19 18:07:39" hostname="Quality Analyst - DESKTOP-BLFTK83" id="Test Suites/HealthPost_Store_Suite">
      <properties>
         <property name="deviceName" value=""/>
         <property name="devicePlatform" value=""/>
         <property name="logFolder" value="C:\\Users\\Quality Analyst\\Katalon Studio\\ds\\Reports\\HealthPost_Store_Suite\\20180519_180732"/>
         <property name="logFiles" value="C:\\Users\\Quality Analyst\\Katalon Studio\\ds\\Reports\\HealthPost_Store_Suite\\20180519_180732\\execution0.log, C:\\Users\\Quality Analyst\\Katalon Studio\\ds\\Reports\\HealthPost_Store_Suite\\20180519_180732\\execution1.log"/>
         <property name="attachments" value="C:\\Users\\Quality Analyst\\Katalon Studio\\ds\\Reports\\HealthPost_Store_Suite\\20180519_180732\\1526734003069.png, C:\\Users\\Quality Analyst\\Katalon Studio\\ds\\Reports\\HealthPost_Store_Suite\\20180519_180732\\1526734780866.png, C:\\Users\\Quality Analyst\\Katalon Studio\\ds\\Reports\\HealthPost_Store_Suite\\20180519_180732\\1526735387231.png, C:\\Users\\Quality Analyst\\Katalon Studio\\ds\\Reports\\HealthPost_Store_Suite\\20180519_180732\\1526735437135.png, C:\\Users\\Quality Analyst\\Katalon Studio\\ds\\Reports\\HealthPost_Store_Suite\\20180519_180732\\1526735491517.png, C:\\Users\\Quality Analyst\\Katalon Studio\\ds\\Reports\\HealthPost_Store_Suite\\20180519_180732\\1526735542754.png"/>
         <property name="hostName" value="Quality Analyst - DESKTOP-BLFTK83"/>
         <property name="os" value="Windows 10 64bit"/>
         <property name="katalonVersion" value="5.4.1.1"/>
         <property name="browser" value="Chrome 66.0.3359.139"/>
         <property name="hostAddress" value="192.168.71.2"/>
         <property name="sessionId" value="e89f3e18289d7f2ebfb7fdbbfe49e404"/>
         <property name="seleniumVersion" value="3.7.1"/>
         <property name="proxyInformation" value="ProxyInformation{proxyOption=NO_PROXY, proxyServerType=HTTP, password=, proxyServerAddress=, proxyServerPort=0}"/>
         <property name="platform" value="Windows 10"/>
      </properties>
      <testcase name="Test Cases/HEALTHPOST TEST CASES/TC_HP_001 Verify Schedule 1 Healthpost Request Are Working Successfully Or Not" classname="Test Cases/HEALTHPOST TEST CASES/TC_HP_001 Verify Schedule 1 Healthpost Request Are Working Successfully Or Not" status="PASSED">
         <system-out><![CDATA[2018-05-19 18:07:39 - [TEST_CASE][PASSED] - Test Cases/HEALTHPOST TEST CASES/TC_HP_001 Verify Schedule 1 Healthpost Request Are Working Successfully Or Not: Test Cases/HEALTHPOST TEST CASES/TC_HP_001 Verify Schedule 1 Healthpost Request Are Working Successfully Or Not

2018-05-19 18:07:39 - [TEST_STEP][PASSED] - openBrowser: Browser is opened with url: ''

2018-05-19 18:07:43 - [MESSAGE][PASSED] - Browser is opened with url: ''

2018-05-19 18:07:43 - [TEST_STEP][PASSED] - navigateToUrl: Navigate to 'http://192.168.137.1/multihospital_new/HDSplashscreen.aspx' successfully

2018-05-19 18:07:46 - [MESSAGE][PASSED] - Navigate to 'http://192.168.137.1/multihospital_new/HDSplashscreen.aspx' successfully

2018-05-19 18:07:46 - [TEST_STEP][PASSED] - maximizeWindow: Current window maximized

2018-05-19 18:07:47 - [MESSAGE][PASSED] - Current window maximized

2018-05-19 18:07:47 - [TEST_STEP][PASSED] - click: Object: 'Object Repository/HealthpostToStore/Page_KDMC/a_Healthpost Store' is clicked on

2018-05-19 18:07:48 - [MESSAGE][PASSED] - Object: 'Object Repository/HealthpostToStore/Page_KDMC/a_Healthpost Store' is clicked on

2018-05-19 18:07:48 - [TEST_STEP][PASSED] - setText: Text 'raguram' is set on object 'Object Repository/HealthpostToStore/Page_HealthPost Store Login/input_txtusername'

2018-05-19 18:07:48 - [MESSAGE][PASSED] - Text 'raguram' is set on object 'Object Repository/HealthpostToStore/Page_HealthPost Store Login/input_txtusername'

2018-05-19 18:07:48 - [TEST_STEP][PASSED] - setText: Text '123' is set on object 'Object Repository/HealthpostToStore/Page_HealthPost Store Login/input_txtpassword'

2018-05-19 18:07:48 - [MESSAGE][PASSED] - Text '123' is set on object 'Object Repository/HealthpostToStore/Page_HealthPost Store Login/input_txtpassword'

2018-05-19 18:07:48 - [TEST_STEP][PASSED] - delay: Delayed 3 second(s)

2018-05-19 18:07:51 - [MESSAGE][PASSED] - Delayed 3 second(s)

2018-05-19 18:07:51 - [TEST_STEP][PASSED] - sendKeys: Keys 'ENTER + ' sent to object: 'Object Repository/HealthpostToStore/Page_HealthPost Store Login/input_txtpassword'

2018-05-19 18:07:52 - [MESSAGE][PASSED] - Keys 'ENTER + ' sent to object: 'Object Repository/HealthpostToStore/Page_HealthPost Store Login/input_txtpassword'

2018-05-19 18:07:52 - [TEST_STEP][PASSED] - delay: Delayed 3 second(s)

2018-05-19 18:07:55 - [MESSAGE][PASSED] - Delayed 3 second(s)

2018-05-19 18:07:55 - [TEST_STEP][PASSED] - doubleClick: Object: 'Object Repository/HealthpostToStore/Page_HealthPost Store/a_Request to Store' is double clicked on

2018-05-19 18:07:55 - [MESSAGE][PASSED] - Object: 'Object Repository/HealthpostToStore/Page_HealthPost Store/a_Request to Store' is double clicked on

2018-05-19 18:07:55 - [TEST_STEP][PASSED] - delay: Delayed 1 second(s)

2018-05-19 18:07:56 - [MESSAGE][PASSED] - Delayed 1 second(s)

2018-05-19 18:07:56 - [TEST_STEP][PASSED] - doubleClick: Object: 'Object Repository/HealthpostToStore/Page_HealthPost Store/a_Medicine Request' is double clicked on

2018-05-19 18:07:57 - [MESSAGE][PASSED] - Object: 'Object Repository/HealthpostToStore/Page_HealthPost Store/a_Medicine Request' is double clicked on

2018-05-19 18:07:57 - [TEST_STEP][PASSED] - delay: Delayed 1 second(s)

2018-05-19 18:07:58 - [MESSAGE][PASSED] - Delayed 1 second(s)

2018-05-19 18:07:58 - [TEST_STEP][PASSED] - selectOptionByIndex: All options with index in [1] are selected on object 'Object Repository/HealthpostToStore/Page_HealthPost Store/select_--Select--Schedule 1Inj'

2018-05-19 18:07:58 - [MESSAGE][PASSED] - All options with index in [1] are selected on object 'Object Repository/HealthpostToStore/Page_HealthPost Store/select_--Select--Schedule 1Inj'

2018-05-19 18:07:58 - [TEST_STEP][PASSED] - Statement - medicineslength = com.kms.katalon.core.webui.keyword.WebUiBuiltInKeywords.getNumberOfTotalOption(com.kms.katalon.core.testobject.ObjectRepository.findTestObject(HealthpostToStore/Page_HealthPost Store/select_--Select--Adernaline 0.)): 63 options of object 'Object Repository/HealthpostToStore/Page_HealthPost Store/select_--Select--Adernaline 0.' counted

2018-05-19 18:07:58 - [MESSAGE][PASSED] - 63 options of object 'Object Repository/HealthpostToStore/Page_HealthPost Store/select_--Select--Adernaline 0.' counted

2018-05-19 18:07:58 - [TEST_STEP][PASSED] - Statement - For ([e = 1, e <= medicineslength - 1, (e++)]): Object: 'Object Repository/HealthpostToStore/Page_HealthPost Store/button_Add' is double clicked on

2018-05-19 18:07:58 - [TEST_STEP][PASSED] - selectOptionByIndex: All options with index in [1] are selected on object 'Object Repository/HealthpostToStore/Page_HealthPost Store/select_--Select--Schedule 1Inj'

2018-05-19 18:07:58 - [MESSAGE][PASSED] - All options with index in [1] are selected on object 'Object Repository/HealthpostToStore/Page_HealthPost Store/select_--Select--Schedule 1Inj'

2018-05-19 18:07:58 - [TEST_STEP][PASSED] - delay: Delayed 1 second(s)

2018-05-19 18:07:59 - [MESSAGE][PASSED] - Delayed 1 second(s)

2018-05-19 18:07:59 - [TEST_STEP][PASSED] - selectOptionByIndex: All options with index in [1] are selected on object 'Object Repository/HealthpostToStore/Page_HealthPost Store/select_--Select--Adernaline 0.'

2018-05-19 18:07:59 - [MESSAGE][PASSED] - All options with index in [1] are selected on object 'Object Repository/HealthpostToStore/Page_HealthPost Store/select_--Select--Adernaline 0.'

2018-05-19 18:07:59 - [TEST_STEP][PASSED] - setText: Text '10' is set on object 'Object Repository/HealthpostToStore/Page_HealthPost Store/input_txttreat'

2018-05-19 18:08:00 - [MESSAGE][PASSED] - Text '10' is set on object 'Object Repository/HealthpostToStore/Page_HealthPost Store/input_txttreat'

2018-05-19 18:08:00 - [TEST_STEP][PASSED] - doubleClick: Object: 'Object Repository/HealthpostToStore/Page_HealthPost Store/button_Add' is double clicked on

2018-05-19 18:08:00 - [MESSAGE][PASSED] - Object: 'Object Repository/HealthpostToStore/Page_HealthPost Store/button_Add' is double clicked on

2018-05-19 18:08:00 - [TEST_STEP][PASSED] - selectOptionByIndex: All options with index in [1] are selected on object 'Object Repository/HealthpostToStore/Page_HealthPost Store/select_--Select--Schedule 1Inj'

2018-05-19 18:08:00 - [MESSAGE][PASSED] - All options with index in [1] are selected on object 'Object Repository/HealthpostToStore/Page_HealthPost Store/select_--Select--Schedule 1Inj'

2018-05-19 18:08:00 - [TEST_STEP][PASSED] - delay: Delayed 1 second(s)

2018-05-19 18:08:01 - [MESSAGE][PASSED] - Delayed 1 second(s)

2018-05-19 18:08:01 - [TEST_STEP][PASSED] - selectOptionByIndex: All options with index in [2] are selected on object 'Object Repository/HealthpostToStore/Page_HealthPost Store/select_--Select--Adernaline 0.'

2018-05-19 18:08:01 - [MESSAGE][PASSED] - All options with index in [2] are selected on object 'Object Repository/HealthpostToStore/Page_HealthPost Store/select_--Select--Adernaline 0.'

2018-05-19 18:08:01 - [TEST_STEP][PASSED] - setText: Text '10' is set on object 'Object Repository/HealthpostToStore/Page_HealthPost Store/input_txttreat'

2018-05-19 18:08:01 - [MESSAGE][PASSED] - Text '10' is set on object 'Object Repository/HealthpostToStore/Page_HealthPost Store/input_txttreat'

2018-05-19 18:08:01 - [TEST_STEP][PASSED] - doubleClick: Object: 'Object Repository/HealthpostToStore/Page_HealthPost Store/button_Add' is double clicked on

2018-05-19 18:08:01 - [MESSAGE][PASSED] - Object: 'Object Repository/HealthpostToStore/Page_HealthPost Store/button_Add' is double clicked on

2018-05-19 18:08:01 - [TEST_STEP][PASSED] - selectOptionByIndex: All options with index in [1] are selected on object 'Object Repository/HealthpostToStore/Page_HealthPost Store/select_--Select--Schedule 1Inj'

2018-05-19 18:08:01 - [MESSAGE][PASSED] - All options with index in [1] are selected on object 'Object Repository/HealthpostToStore/Page_HealthPost Store/select_--Select--Schedule 1Inj'

2018-05-19 18:08:01 - [TEST_STEP][PASSED] - delay: Delayed 1 second(s)

2018-05-19 18:08:02 - [MESSAGE][PASSED] - Delayed 1 second(s)

2018-05-19 18:08:02 - [TEST_STEP][PASSED] - selectOptionByIndex: All options with index in [3] are selected on object 'Object Repository/HealthpostToStore/Page_HealthPost Store/select_--Select--Adernaline 0.'

2018-05-19 18:08:02 - [MESSAGE][PASSED] - All options with index in [3] are selected on object 'Object Repository/HealthpostToStore/Page_HealthPost Store/select_--Select--Adernaline 0.'

2018-05-19 18:08:02 - [TEST_STEP][PASSED] - setText: Text '10' is set on object 'Object Repository/HealthpostToStore/Page_HealthPost Store/input_txttreat'

2018-05-19 18:08:03 - [MESSAGE][PASSED] - Text '10' is set on object 'Object Repository/HealthpostToStore/Page_HealthPost Store/input_txttreat'

2018-05-19 18:08:03 - [TEST_STEP][PASSED] - doubleClick: Object: 'Object Repository/HealthpostToStore/Page_HealthPost Store/button_Add' is double clicked on

2018-05-19 18:08:03 - [MESSAGE][PASSED] - Object: 'Object Repository/HealthpostToStore/Page_HealthPost Store/button_Add' is double clicked on

2018-05-19 18:08:03 - [TEST_STEP][PASSED] - selectOptionByIndex: All options with index in [1] are selected on object 'Object Repository/HealthpostToStore/Page_HealthPost Store/select_--Select--Schedule 1Inj'

2018-05-19 18:08:03 - [MESSAGE][PASSED] - All options with index in [1] are selected on object 'Object Repository/HealthpostToStore/Page_HealthPost Store/select_--Select--Schedule 1Inj'

2018-05-19 18:08:03 - [TEST_STEP][PASSED] - delay: Delayed 1 second(s)

2018-05-19 18:08:04 - [MESSAGE][PASSED] - Delayed 1 second(s)

2018-05-19 18:08:04 - [TEST_STEP][PASSED] - selectOptionByIndex: All options with index in [4] are selected on object 'Object Repository/HealthpostToStore/Page_HealthPost Store/select_--Select--Adernaline 0.'

2018-05-19 18:08:04 - [MESSAGE][PASSED] - All options with index in [4] are selected on object 'Object Repository/HealthpostToStore/Page_HealthPost Store/select_--Select--Adernaline 0.'

2018-05-19 18:08:04 - [TEST_STEP][PASSED] - setText: Text '10' is set on object 'Object Repository/HealthpostToStore/Page_HealthPost Store/input_txttreat'

2018-05-19 18:08:04 - [MESSAGE][PASSED] - Text '10' is set on object 'Object Repository/HealthpostToStore/Page_HealthPost Store/input_txttreat'

2018-05-19 18:08:04 - [TEST_STEP][PASSED] - doubleClick: Object: 'Object Repository/HealthpostToStore/Page_HealthPost Store/button_Add' is double clicked on

2018-05-19 18:08:04 - [MESSAGE][PASSED] - Object: 'Object Repository/HealthpostToStore/Page_HealthPost Store/button_Add' is double clicked on

2018-05-19 18:08:04 - [TEST_STEP][PASSED] - selectOptionByIndex: All options with index in [1] are selected on object 'Object Repository/HealthpostToStore/Page_HealthPost Store/select_--Select--Schedule 1Inj'

2018-05-19 18:08:04 - [MESSAGE][PASSED] - All options with index in [1] are selected on object 'Object Repository/HealthpostToStore/Page_HealthPost Store/select_--Select--Schedule 1Inj'

2018-05-19 18:08:04 - [TEST_STEP][PASSED] - delay: Delayed 1 second(s)

2018-05-19 18:08:05 - [MESSAGE][PASSED] - Delayed 1 second(s)

2018-05-19 18:08:05 - [TEST_STEP][PASSED] - selectOptionByIndex: All options with index in [5] are selected on object 'Object Repository/HealthpostToStore/Page_HealthPost Store/select_--Select--Adernaline 0.'

2018-05-19 18:08:06 - [MESSAGE][PASSED] - All options with index in [5] are selected on object 'Object Repository/HealthpostToStore/Page_HealthPost Store/select_--Select--Adernaline 0.'

2018-05-19 18:08:06 - [TEST_STEP][PASSED] - setText: Text '10' is set on object 'Object Repository/HealthpostToStore/Page_HealthPost Store/input_txttreat'

2018-05-19 18:08:06 - [MESSAGE][PASSED] - Text '10' is set on object 'Object Repository/HealthpostToStore/Page_HealthPost Store/input_txttreat'

2018-05-19 18:08:06 - [TEST_STEP][PASSED] - doubleClick: Object: 'Object Repository/HealthpostToStore/Page_HealthPost Store/button_Add' is double clicked on

2018-05-19 18:08:06 - [MESSAGE][PASSED] - Object: 'Object Repository/HealthpostToStore/Page_HealthPost Store/button_Add' is double clicked on

2018-05-19 18:08:06 - [TEST_STEP][PASSED] - selectOptionByIndex: All options with index in [1] are selected on object 'Object Repository/HealthpostToStore/Page_HealthPost Store/select_--Select--Schedule 1Inj'

2018-05-19 18:08:06 - [MESSAGE][PASSED] - All options with index in [1] are selected on object 'Object Repository/HealthpostToStore/Page_HealthPost Store/select_--Select--Schedule 1Inj'

2018-05-19 18:08:06 - [TEST_STEP][PASSED] - delay: Delayed 1 second(s)

2018-05-19 18:08:07 - [MESSAGE][PASSED] - Delayed 1 second(s)

2018-05-19 18:08:07 - [TEST_STEP][PASSED] - selectOptionByIndex: All options with index in [6] are selected on object 'Object Repository/HealthpostToStore/Page_HealthPost Store/select_--Select--Adernaline 0.'

2018-05-19 18:08:07 - [MESSAGE][PASSED] - All options with index in [6] are selected on object 'Object Repository/HealthpostToStore/Page_HealthPost Store/select_--Select--Adernaline 0.'

2018-05-19 18:08:07 - [TEST_STEP][PASSED] - setText: Text '10' is set on object 'Object Repository/HealthpostToStore/Page_HealthPost Store/input_txttreat'

2018-05-19 18:08:07 - [MESSAGE][PASSED] - Text '10' is set on object 'Object Repository/HealthpostToStore/Page_HealthPost Store/input_txttreat'

2018-05-19 18:08:07 - [TEST_STEP][PASSED] - doubleClick: Object: 'Object Repository/HealthpostToStore/Page_HealthPost Store/button_Add' is double clicked on

2018-05-19 18:08:07 - [MESSAGE][PASSED] - Object: 'Object Repository/HealthpostToStore/Page_HealthPost Store/button_Add' is double clicked on

2018-05-19 18:08:07 - [TEST_STEP][PASSED] - selectOptionByIndex: All options with index in [1] are selected on object 'Object Repository/HealthpostToStore/Page_HealthPost Store/select_--Select--Schedule 1Inj'

2018-05-19 18:08:07 - [MESSAGE][PASSED] - All options with index in [1] are selected on object 'Object Repository/HealthpostToStore/Page_HealthPost Store/select_--Select--Schedule 1Inj'

2018-05-19 18:08:07 - [TEST_STEP][PASSED] - delay: Delayed 1 second(s)

2018-05-19 18:08:08 - [MESSAGE][PASSED] - Delayed 1 second(s)

2018-05-19 18:08:08 - [TEST_STEP][PASSED] - selectOptionByIndex: All options with index in [7] are selected on object 'Object Repository/HealthpostToStore/Page_HealthPost Store/select_--Select--Adernaline 0.'

2018-05-19 18:08:09 - [MESSAGE][PASSED] - All options with index in [7] are selected on object 'Object Repository/HealthpostToStore/Page_HealthPost Store/select_--Select--Adernaline 0.'

2018-05-19 18:08:09 - [TEST_STEP][PASSED] - setText: Text '10' is set on object 'Object Repository/HealthpostToStore/Page_HealthPost Store/input_txttreat'

2018-05-19 18:08:09 - [MESSAGE][PASSED] - Text '10' is set on object 'Object Repository/HealthpostToStore/Page_HealthPost Store/input_txttreat'

2018-05-19 18:08:09 - [TEST_STEP][PASSED] - doubleClick: Object: 'Object Repository/HealthpostToStore/Page_HealthPost Store/button_Add' is double clicked on

2018-05-19 18:08:09 - [MESSAGE][PASSED] - Object: 'Object Repository/HealthpostToStore/Page_HealthPost Store/button_Add' is double clicked on

2018-05-19 18:08:09 - [TEST_STEP][PASSED] - selectOptionByIndex: All options with index in [1] are selected on object 'Object Repository/HealthpostToStore/Page_HealthPost Store/select_--Select--Schedule 1Inj'

2018-05-19 18:08:09 - [MESSAGE][PASSED] - All options with index in [1] are selected on object 'Object Repository/HealthpostToStore/Page_HealthPost Store/select_--Select--Schedule 1Inj'

2018-05-19 18:08:09 - [TEST_STEP][PASSED] - delay: Delayed 1 second(s)

2018-05-19 18:08:10 - [MESSAGE][PASSED] - Delayed 1 second(s)

2018-05-19 18:08:10 - [TEST_STEP][PASSED] - selectOptionByIndex: All options with index in [8] are selected on object 'Object Repository/HealthpostToStore/Page_HealthPost Store/select_--Select--Adernaline 0.'

2018-05-19 18:08:10 - [MESSAGE][PASSED] - All options with index in [8] are selected on object 'Object Repository/HealthpostToStore/Page_HealthPost Store/select_--Select--Adernaline 0.'

2018-05-19 18:08:10 - [TEST_STEP][PASSED] - setText: Text '10' is set on object 'Object Repository/HealthpostToStore/Page_HealthPost Store/input_txttreat'

2018-05-19 18:08:10 - [MESSAGE][PASSED] - Text '10' is set on object 'Object Repository/HealthpostToStore/Page_HealthPost Store/input_txttreat'

2018-05-19 18:08:10 - [TEST_STEP][PASSED] - doubleClick: Object: 'Object Repository/HealthpostToStore/Page_HealthPost Store/button_Add' is double clicked on

2018-05-19 18:08:10 - [MESSAGE][PASSED] - Object: 'Object Repository/HealthpostToStore/Page_HealthPost Store/button_Add' is double clicked on

2018-05-19 18:08:10 - [TEST_STEP][PASSED] - selectOptionByIndex: All options with index in [1] are selected on object 'Object Repository/HealthpostToStore/Page_HealthPost Store/select_--Select--Schedule 1Inj'

2018-05-19 18:08:11 - [MESSAGE][PASSED] - All options with index in [1] are selected on object 'Object Repository/HealthpostToStore/Page_HealthPost Store/select_--Select--Schedule 1Inj'

2018-05-19 18:08:11 - [TEST_STEP][PASSED] - delay: Delayed 1 second(s)

2018-05-19 18:08:12 - [MESSAGE][PASSED] - Delayed 1 second(s)

2018-05-19 18:08:12 - [TEST_STEP][PASSED] - selectOptionByIndex: All options with index in [9] are selected on object 'Object Repository/HealthpostToStore/Page_HealthPost Store/select_--Select--Adernaline 0.'

2018-05-19 18:08:12 - [MESSAGE][PASSED] - All options with index in [9] are selected on object 'Object Repository/HealthpostToStore/Page_HealthPost Store/select_--Select--Adernaline 0.'

2018-05-19 18:08:12 - [TEST_STEP][PASSED] - setText: Text '10' is set on object 'Object Repository/HealthpostToStore/Page_HealthPost Store/input_txttreat'

2018-05-19 18:08:12 - [MESSAGE][PASSED] - Text '10' is set on object 'Object Repository/HealthpostToStore/Page_HealthPost Store/input_txttreat'

2018-05-19 18:08:12 - [TEST_STEP][PASSED] - doubleClick: Object: 'Object Repository/HealthpostToStore/Page_HealthPost Store/button_Add' is double clicked on

2018-05-19 18:08:12 - [MESSAGE][PASSED] - Object: 'Object Repository/HealthpostToStore/Page_HealthPost Store/button_Add' is double clicked on

2018-05-19 18:08:12 - [TEST_STEP][PASSED] - selectOptionByIndex: All options with index in [1] are selected on object 'Object Repository/HealthpostToStore/Page_HealthPost Store/select_--Select--Schedule 1Inj'

2018-05-19 18:08:12 - [MESSAGE][PASSED] - All options with index in [1] are selected on object 'Object Repository/HealthpostToStore/Page_HealthPost Store/select_--Select--Schedule 1Inj'

2018-05-19 18:08:12 - [TEST_STEP][PASSED] - delay: Delayed 1 second(s)

2018-05-19 18:08:13 - [MESSAGE][PASSED] - Delayed 1 second(s)

2018-05-19 18:08:13 - [TEST_STEP][PASSED] - selectOptionByIndex: All options with index in [10] are selected on object 'Object Repository/HealthpostToStore/Page_HealthPost Store/select_--Select--Adernaline 0.'

2018-05-19 18:08:13 - [MESSAGE][PASSED] - All options with index in [10] are selected on object 'Object Repository/HealthpostToStore/Page_HealthPost Store/select_--Select--Adernaline 0.'

2018-05-19 18:08:13 - [TEST_STEP][PASSED] - setText: Text '10' is set on object 'Object Repository/HealthpostToStore/Page_HealthPost Store/input_txttreat'

2018-05-19 18:08:14 - [MESSAGE][PASSED] - Text '10' is set on object 'Object Repository/HealthpostToStore/Page_HealthPost Store/input_txttreat'

2018-05-19 18:08:14 - [TEST_STEP][PASSED] - doubleClick: Object: 'Object Repository/HealthpostToStore/Page_HealthPost Store/button_Add' is double clicked on

2018-05-19 18:08:14 - [MESSAGE][PASSED] - Object: 'Object Repository/HealthpostToStore/Page_HealthPost Store/button_Add' is double clicked on

2018-05-19 18:08:14 - [TEST_STEP][PASSED] - selectOptionByIndex: All options with index in [1] are selected on object 'Object Repository/HealthpostToStore/Page_HealthPost Store/select_--Select--Schedule 1Inj'

2018-05-19 18:08:14 - [MESSAGE][PASSED] - All options with index in [1] are selected on object 'Object Repository/HealthpostToStore/Page_HealthPost Store/select_--Select--Schedule 1Inj'

2018-05-19 18:08:14 - [TEST_STEP][PASSED] - delay: Delayed 1 second(s)

2018-05-19 18:08:15 - [MESSAGE][PASSED] - Delayed 1 second(s)

2018-05-19 18:08:15 - [TEST_STEP][PASSED] - selectOptionByIndex: All options with index in [11] are selected on object 'Object Repository/HealthpostToStore/Page_HealthPost Store/select_--Select--Adernaline 0.'

2018-05-19 18:08:15 - [MESSAGE][PASSED] - All options with index in [11] are selected on object 'Object Repository/HealthpostToStore/Page_HealthPost Store/select_--Select--Adernaline 0.'

2018-05-19 18:08:15 - [TEST_STEP][PASSED] - setText: Text '10' is set on object 'Object Repository/HealthpostToStore/Page_HealthPost Store/input_txttreat'

2018-05-19 18:08:15 - [MESSAGE][PASSED] - Text '10' is set on object 'Object Repository/HealthpostToStore/Page_HealthPost Store/input_txttreat'

2018-05-19 18:08:15 - [TEST_STEP][PASSED] - doubleClick: Object: 'Object Repository/HealthpostToStore/Page_HealthPost Store/button_Add' is double clicked on

2018-05-19 18:08:15 - [MESSAGE][PASSED] - Object: 'Object Repository/HealthpostToStore/Page_HealthPost Store/button_Add' is double clicked on

2018-05-19 18:08:15 - [TEST_STEP][PASSED] - selectOptionByIndex: All options with index in [1] are selected on object 'Object Repository/HealthpostToStore/Page_HealthPost Store/select_--Select--Schedule 1Inj'

2018-05-19 18:08:15 - [MESSAGE][PASSED] - All options with index in [1] are selected on object 'Object Repository/HealthpostToStore/Page_HealthPost Store/select_--Select--Schedule 1Inj'

2018-05-19 18:08:15 - [TEST_STEP][PASSED] - delay: Delayed 1 second(s)

2018-05-19 18:08:16 - [MESSAGE][PASSED] - Delayed 1 second(s)

2018-05-19 18:08:16 - [TEST_STEP][PASSED] - selectOptionByIndex: All options with index in [12] are selected on object 'Object Repository/HealthpostToStore/Page_HealthPost Store/select_--Select--Adernaline 0.'

2018-05-19 18:08:17 - [MESSAGE][PASSED] - All options with index in [12] are selected on object 'Object Repository/HealthpostToStore/Page_HealthPost Store/select_--Select--Adernaline 0.'

2018-05-19 18:08:17 - [TEST_STEP][PASSED] - setText: Text '10' is set on object 'Object Repository/HealthpostToStore/Page_HealthPost Store/input_txttreat'

2018-05-19 18:08:17 - [MESSAGE][PASSED] - Text '10' is set on object 'Object Repository/HealthpostToStore/Page_HealthPost Store/input_txttreat'

2018-05-19 18:08:17 - [TEST_STEP][PASSED] - doubleClick: Object: 'Object Repository/HealthpostToStore/Page_HealthPost Store/button_Add' is double clicked on

2018-05-19 18:08:17 - [MESSAGE][PASSED] - Object: 'Object Repository/HealthpostToStore/Page_HealthPost Store/button_Add' is double clicked on

2018-05-19 18:08:17 - [TEST_STEP][PASSED] - selectOptionByIndex: All options with index in [1] are selected on object 'Object Repository/HealthpostToStore/Page_HealthPost Store/select_--Select--Schedule 1Inj'

2018-05-19 18:08:17 - [MESSAGE][PASSED] - All options with index in [1] are selected on object 'Object Repository/HealthpostToStore/Page_HealthPost Store/select_--Select--Schedule 1Inj'

2018-05-19 18:08:17 - [TEST_STEP][PASSED] - delay: Delayed 1 second(s)

2018-05-19 18:08:18 - [MESSAGE][PASSED] - Delayed 1 second(s)

2018-05-19 18:08:18 - [TEST_STEP][PASSED] - selectOptionByIndex: All options with index in [13] are selected on object 'Object Repository/HealthpostToStore/Page_HealthPost Store/select_--Select--Adernaline 0.'

2018-05-19 18:08:18 - [MESSAGE][PASSED] - All options with index in [13] are selected on object 'Object Repository/HealthpostToStore/Page_HealthPost Store/select_--Select--Adernaline 0.'

2018-05-19 18:08:18 - [TEST_STEP][PASSED] - setText: Text '10' is set on object 'Object Repository/HealthpostToStore/Page_HealthPost Store/input_txttreat'

2018-05-19 18:08:18 - [MESSAGE][PASSED] - Text '10' is set on object 'Object Repository/HealthpostToStore/Page_HealthPost Store/input_txttreat'

2018-05-19 18:08:18 - [TEST_STEP][PASSED] - doubleClick: Object: 'Object Repository/HealthpostToStore/Page_HealthPost Store/button_Add' is double clicked on

2018-05-19 18:08:18 - [MESSAGE][PASSED] - Object: 'Object Repository/HealthpostToStore/Page_HealthPost Store/button_Add' is double clicked on

2018-05-19 18:08:18 - [TEST_STEP][PASSED] - selectOptionByIndex: All options with index in [1] are selected on object 'Object Repository/HealthpostToStore/Page_HealthPost Store/select_--Select--Schedule 1Inj'

2018-05-19 18:08:19 - [MESSAGE][PASSED] - All options with index in [1] are selected on object 'Object Repository/HealthpostToStore/Page_HealthPost Store/select_--Select--Schedule 1Inj'

2018-05-19 18:08:19 - [TEST_STEP][PASSED] - delay: Delayed 1 second(s)

2018-05-19 18:08:20 - [MESSAGE][PASSED] - Delayed 1 second(s)

2018-05-19 18:08:20 - [TEST_STEP][PASSED] - selectOptionByIndex: All options with index in [14] are selected on object 'Object Repository/HealthpostToStore/Page_HealthPost Store/select_--Select--Adernaline 0.'

2018-05-19 18:08:20 - [MESSAGE][PASSED] - All options with index in [14] are selected on object 'Object Repository/HealthpostToStore/Page_HealthPost Store/select_--Select--Adernaline 0.'

2018-05-19 18:08:20 - [TEST_STEP][PASSED] - setText: Text '10' is set on object 'Object Repository/HealthpostToStore/Page_HealthPost Store/input_txttreat'

2018-05-19 18:08:20 - [MESSAGE][PASSED] - Text '10' is set on object 'Object Repository/HealthpostToStore/Page_HealthPost Store/input_txttreat'

2018-05-19 18:08:20 - [TEST_STEP][PASSED] - doubleClick: Object: 'Object Repository/HealthpostToStore/Page_HealthPost Store/button_Add' is double clicked on

2018-05-19 18:08:20 - [MESSAGE][PASSED] - Object: 'Object Repository/HealthpostToStore/Page_HealthPost Store/button_Add' is double clicked on

2018-05-19 18:08:20 - [TEST_STEP][PASSED] - selectOptionByIndex: All options with index in [1] are selected on object 'Object Repository/HealthpostToStore/Page_HealthPost Store/select_--Select--Schedule 1Inj'

2018-05-19 18:08:20 - [MESSAGE][PASSED] - All options with index in [1] are selected on object 'Object Repository/HealthpostToStore/Page_HealthPost Store/select_--Select--Schedule 1Inj'

2018-05-19 18:08:20 - [TEST_STEP][PASSED] - delay: Delayed 1 second(s)

2018-05-19 18:08:21 - [MESSAGE][PASSED] - Delayed 1 second(s)

2018-05-19 18:08:21 - [TEST_STEP][PASSED] - selectOptionByIndex: All options with index in [15] are selected on object 'Object Repository/HealthpostToStore/Page_HealthPost Store/select_--Select--Adernaline 0.'

2018-05-19 18:08:22 - [MESSAGE][PASSED] - All options with index in [15] are selected on object 'Object Repository/HealthpostToStore/Page_HealthPost Store/select_--Select--Adernaline 0.'

2018-05-19 18:08:22 - [TEST_STEP][PASSED] - setText: Text '10' is set on object 'Object Repository/HealthpostToStore/Page_HealthPost Store/input_txttreat'

2018-05-19 18:08:22 - [MESSAGE][PASSED] - Text '10' is set on object 'Object Repository/HealthpostToStore/Page_HealthPost Store/input_txttreat'

2018-05-19 18:08:22 - [TEST_STEP][PASSED] - doubleClick: Object: 'Object Repository/HealthpostToStore/Page_HealthPost Store/button_Add' is double clicked on

2018-05-19 18:08:22 - [MESSAGE][PASSED] - Object: 'Object Repository/HealthpostToStore/Page_HealthPost Store/button_Add' is double clicked on

2018-05-19 18:08:22 - [TEST_STEP][PASSED] - selectOptionByIndex: All options with index in [1] are selected on object 'Object Repository/HealthpostToStore/Page_HealthPost Store/select_--Select--Schedule 1Inj'

2018-05-19 18:08:22 - [MESSAGE][PASSED] - All options with index in [1] are selected on object 'Object Repository/HealthpostToStore/Page_HealthPost Store/select_--Select--Schedule 1Inj'

2018-05-19 18:08:22 - [TEST_STEP][PASSED] - delay: Delayed 1 second(s)

2018-05-19 18:08:23 - [MESSAGE][PASSED] - Delayed 1 second(s)

2018-05-19 18:08:23 - [TEST_STEP][PASSED] - selectOptionByIndex: All options with index in [16] are selected on object 'Object Repository/HealthpostToStore/Page_HealthPost Store/select_--Select--Adernaline 0.'

2018-05-19 18:08:23 - [MESSAGE][PASSED] - All options with index in [16] are selected on object 'Object Repository/HealthpostToStore/Page_HealthPost Store/select_--Select--Adernaline 0.'

2018-05-19 18:08:23 - [TEST_STEP][PASSED] - setText: Text '10' is set on object 'Object Repository/HealthpostToStore/Page_HealthPost Store/input_txttreat'

2018-05-19 18:08:23 - [MESSAGE][PASSED] - Text '10' is set on object 'Object Repository/HealthpostToStore/Page_HealthPost Store/input_txttreat'

2018-05-19 18:08:23 - [TEST_STEP][PASSED] - doubleClick: Object: 'Object Repository/HealthpostToStore/Page_HealthPost Store/button_Add' is double clicked on

2018-05-19 18:08:23 - [MESSAGE][PASSED] - Object: 'Object Repository/HealthpostToStore/Page_HealthPost Store/button_Add' is double clicked on

2018-05-19 18:08:23 - [TEST_STEP][PASSED] - selectOptionByIndex: All options with index in [1] are selected on object 'Object Repository/HealthpostToStore/Page_HealthPost Store/select_--Select--Schedule 1Inj'

2018-05-19 18:08:24 - [MESSAGE][PASSED] - All options with index in [1] are selected on object 'Object Repository/HealthpostToStore/Page_HealthPost Store/select_--Select--Schedule 1Inj'

2018-05-19 18:08:24 - [TEST_STEP][PASSED] - delay: Delayed 1 second(s)

2018-05-19 18:08:25 - [MESSAGE][PASSED] - Delayed 1 second(s)

2018-05-19 18:08:25 - [TEST_STEP][PASSED] - selectOptionByIndex: All options with index in [17] are selected on object 'Object Repository/HealthpostToStore/Page_HealthPost Store/select_--Select--Adernaline 0.'

2018-05-19 18:08:25 - [MESSAGE][PASSED] - All options with index in [17] are selected on object 'Object Repository/HealthpostToStore/Page_HealthPost Store/select_--Select--Adernaline 0.'

2018-05-19 18:08:25 - [TEST_STEP][PASSED] - setText: Text '10' is set on object 'Object Repository/HealthpostToStore/Page_HealthPost Store/input_txttreat'

2018-05-19 18:08:25 - [MESSAGE][PASSED] - Text '10' is set on object 'Object Repository/HealthpostToStore/Page_HealthPost Store/input_txttreat'

2018-05-19 18:08:25 - [TEST_STEP][PASSED] - doubleClick: Object: 'Object Repository/HealthpostToStore/Page_HealthPost Store/button_Add' is double clicked on

2018-05-19 18:08:25 - [MESSAGE][PASSED] - Object: 'Object Repository/HealthpostToStore/Page_HealthPost Store/button_Add' is double clicked on

2018-05-19 18:08:25 - [TEST_STEP][PASSED] - selectOptionByIndex: All options with index in [1] are selected on object 'Object Repository/HealthpostToStore/Page_HealthPost Store/select_--Select--Schedule 1Inj'

2018-05-19 18:08:25 - [MESSAGE][PASSED] - All options with index in [1] are selected on object 'Object Repository/HealthpostToStore/Page_HealthPost Store/select_--Select--Schedule 1Inj'

2018-05-19 18:08:25 - [TEST_STEP][PASSED] - delay: Delayed 1 second(s)

2018-05-19 18:08:26 - [MESSAGE][PASSED] - Delayed 1 second(s)

2018-05-19 18:08:26 - [TEST_STEP][PASSED] - selectOptionByIndex: All options with index in [18] are selected on object 'Object Repository/HealthpostToStore/Page_HealthPost Store/select_--Select--Adernaline 0.'

2018-05-19 18:08:27 - [MESSAGE][PASSED] - All options with index in [18] are selected on object 'Object Repository/HealthpostToStore/Page_HealthPost Store/select_--Select--Adernaline 0.'

2018-05-19 18:08:27 - [TEST_STEP][PASSED] - setText: Text '10' is set on object 'Object Repository/HealthpostToStore/Page_HealthPost Store/input_txttreat'

2018-05-19 18:08:27 - [MESSAGE][PASSED] - Text '10' is set on object 'Object Repository/HealthpostToStore/Page_HealthPost Store/input_txttreat'

2018-05-19 18:08:27 - [TEST_STEP][PASSED] - doubleClick: Object: 'Object Repository/HealthpostToStore/Page_HealthPost Store/button_Add' is double clicked on

2018-05-19 18:08:27 - [MESSAGE][PASSED] - Object: 'Object Repository/HealthpostToStore/Page_HealthPost Store/button_Add' is double clicked on

2018-05-19 18:08:27 - [TEST_STEP][PASSED] - selectOptionByIndex: All options with index in [1] are selected on object 'Object Repository/HealthpostToStore/Page_HealthPost Store/select_--Select--Schedule 1Inj'

2018-05-19 18:08:27 - [MESSAGE][PASSED] - All options with index in [1] are selected on object 'Object Repository/HealthpostToStore/Page_HealthPost Store/select_--Select--Schedule 1Inj'

2018-05-19 18:08:27 - [TEST_STEP][PASSED] - delay: Delayed 1 second(s)

2018-05-19 18:08:28 - [MESSAGE][PASSED] - Delayed 1 second(s)

2018-05-19 18:08:28 - [TEST_STEP][PASSED] - selectOptionByIndex: All options with index in [19] are selected on object 'Object Repository/HealthpostToStore/Page_HealthPost Store/select_--Select--Adernaline 0.'

2018-05-19 18:08:28 - [MESSAGE][PASSED] - All options with index in [19] are selected on object 'Object Repository/HealthpostToStore/Page_HealthPost Store/select_--Select--Adernaline 0.'

2018-05-19 18:08:28 - [TEST_STEP][PASSED] - setText: Text '10' is set on object 'Object Repository/HealthpostToStore/Page_HealthPost Store/input_txttreat'

2018-05-19 18:08:28 - [MESSAGE][PASSED] - Text '10' is set on object 'Object Repository/HealthpostToStore/Page_HealthPost Store/input_txttreat'

2018-05-19 18:08:28 - [TEST_STEP][PASSED] - doubleClick: Object: 'Object Repository/HealthpostToStore/Page_HealthPost Store/button_Add' is double clicked on

2018-05-19 18:08:28 - [MESSAGE][PASSED] - Object: 'Object Repository/HealthpostToStore/Page_HealthPost Store/button_Add' is double clicked on

2018-05-19 18:08:28 - [TEST_STEP][PASSED] - selectOptionByIndex: All options with index in [1] are selected on object 'Object Repository/HealthpostToStore/Page_HealthPost Store/select_--Select--Schedule 1Inj'

2018-05-19 18:08:29 - [MESSAGE][PASSED] - All options with index in [1] are selected on object 'Object Repository/HealthpostToStore/Page_HealthPost Store/select_--Select--Schedule 1Inj'

2018-05-19 18:08:29 - [TEST_STEP][PASSED] - delay: Delayed 1 second(s)

2018-05-19 18:08:30 - [MESSAGE][PASSED] - Delayed 1 second(s)

2018-05-19 18:08:30 - [TEST_STEP][PASSED] - selectOptionByIndex: All options with index in [20] are selected on object 'Object Repository/HealthpostToStore/Page_HealthPost Store/select_--Select--Adernaline 0.'

2018-05-19 18:08:30 - [MESSAGE][PASSED] - All options with index in [20] are selected on object 'Object Repository/HealthpostToStore/Page_HealthPost Store/select_--Select--Adernaline 0.'

2018-05-19 18:08:30 - [TEST_STEP][PASSED] - setText: Text '10' is set on object 'Object Repository/HealthpostToStore/Page_HealthPost Store/input_txttreat'

2018-05-19 18:08:30 - [MESSAGE][PASSED] - Text '10' is set on object 'Object Repository/HealthpostToStore/Page_HealthPost Store/input_txttreat'

2018-05-19 18:08:30 - [TEST_STEP][PASSED] - doubleClick: Object: 'Object Repository/HealthpostToStore/Page_HealthPost Store/button_Add' is double clicked on

2018-05-19 18:08:30 - [MESSAGE][PASSED] - Object: 'Object Repository/HealthpostToStore/Page_HealthPost Store/button_Add' is double clicked on

2018-05-19 18:08:30 - [TEST_STEP][PASSED] - selectOptionByIndex: All options with index in [1] are selected on object 'Object Repository/HealthpostToStore/Page_HealthPost Store/select_--Select--Schedule 1Inj'

2018-05-19 18:08:30 - [MESSAGE][PASSED] - All options with index in [1] are selected on object 'Object Repository/HealthpostToStore/Page_HealthPost Store/select_--Select--Schedule 1Inj'

2018-05-19 18:08:30 - [TEST_STEP][PASSED] - delay: Delayed 1 second(s)

2018-05-19 18:08:31 - [MESSAGE][PASSED] - Delayed 1 second(s)

2018-05-19 18:08:31 - [TEST_STEP][PASSED] - selectOptionByIndex: All options with index in [21] are selected on object 'Object Repository/HealthpostToStore/Page_HealthPost Store/select_--Select--Adernaline 0.'

2018-05-19 18:08:32 - [MESSAGE][PASSED] - All options with index in [21] are selected on object 'Object Repository/HealthpostToStore/Page_HealthPost Store/select_--Select--Adernaline 0.'

2018-05-19 18:08:32 - [TEST_STEP][PASSED] - setText: Text '10' is set on object 'Object Repository/HealthpostToStore/Page_HealthPost Store/input_txttreat'

2018-05-19 18:08:32 - [MESSAGE][PASSED] - Text '10' is set on object 'Object Repository/HealthpostToStore/Page_HealthPost Store/input_txttreat'

2018-05-19 18:08:32 - [TEST_STEP][PASSED] - doubleClick: Object: 'Object Repository/HealthpostToStore/Page_HealthPost Store/button_Add' is double clicked on

2018-05-19 18:08:32 - [MESSAGE][PASSED] - Object: 'Object Repository/HealthpostToStore/Page_HealthPost Store/button_Add' is double clicked on

2018-05-19 18:08:32 - [TEST_STEP][PASSED] - selectOptionByIndex: All options with index in [1] are selected on object 'Object Repository/HealthpostToStore/Page_HealthPost Store/select_--Select--Schedule 1Inj'

2018-05-19 18:08:32 - [MESSAGE][PASSED] - All options with index in [1] are selected on object 'Object Repository/HealthpostToStore/Page_HealthPost Store/select_--Select--Schedule 1Inj'

2018-05-19 18:08:32 - [TEST_STEP][PASSED] - delay: Delayed 1 second(s)

2018-05-19 18:08:33 - [MESSAGE][PASSED] - Delayed 1 second(s)

2018-05-19 18:08:33 - [TEST_STEP][PASSED] - selectOptionByIndex: All options with index in [22] are selected on object 'Object Repository/HealthpostToStore/Page_HealthPost Store/select_--Select--Adernaline 0.'

2018-05-19 18:08:33 - [MESSAGE][PASSED] - All options with index in [22] are selected on object 'Object Repository/HealthpostToStore/Page_HealthPost Store/select_--Select--Adernaline 0.'

2018-05-19 18:08:33 - [TEST_STEP][PASSED] - setText: Text '10' is set on object 'Object Repository/HealthpostToStore/Page_HealthPost Store/input_txttreat'

2018-05-19 18:08:33 - [MESSAGE][PASSED] - Text '10' is set on object 'Object Repository/HealthpostToStore/Page_HealthPost Store/input_txttreat'

2018-05-19 18:08:33 - [TEST_STEP][PASSED] - doubleClick: Object: 'Object Repository/HealthpostToStore/Page_HealthPost Store/button_Add' is double clicked on

2018-05-19 18:08:34 - [MESSAGE][PASSED] - Object: 'Object Repository/HealthpostToStore/Page_HealthPost Store/button_Add' is double clicked on

2018-05-19 18:08:34 - [TEST_STEP][PASSED] - selectOptionByIndex: All options with index in [1] are selected on object 'Object Repository/HealthpostToStore/Page_HealthPost Store/select_--Select--Schedule 1Inj'

2018-05-19 18:08:34 - [MESSAGE][PASSED] - All options with index in [1] are selected on object 'Object Repository/HealthpostToStore/Page_HealthPost Store/select_--Select--Schedule 1Inj'

2018-05-19 18:08:34 - [TEST_STEP][PASSED] - delay: Delayed 1 second(s)

2018-05-19 18:08:35 - [MESSAGE][PASSED] - Delayed 1 second(s)

2018-05-19 18:08:35 - [TEST_STEP][PASSED] - selectOptionByIndex: All options with index in [23] are selected on object 'Object Repository/HealthpostToStore/Page_HealthPost Store/select_--Select--Adernaline 0.'

2018-05-19 18:08:35 - [MESSAGE][PASSED] - All options with index in [23] are selected on object 'Object Repository/HealthpostToStore/Page_HealthPost Store/select_--Select--Adernaline 0.'

2018-05-19 18:08:35 - [TEST_STEP][PASSED] - setText: Text '10' is set on object 'Object Repository/HealthpostToStore/Page_HealthPost Store/input_txttreat'

2018-05-19 18:08:35 - [MESSAGE][PASSED] - Text '10' is set on object 'Object Repository/HealthpostToStore/Page_HealthPost Store/input_txttreat'

2018-05-19 18:08:35 - [TEST_STEP][PASSED] - doubleClick: Object: 'Object Repository/HealthpostToStore/Page_HealthPost Store/button_Add' is double clicked on

2018-05-19 18:08:35 - [MESSAGE][PASSED] - Object: 'Object Repository/HealthpostToStore/Page_HealthPost Store/button_Add' is double clicked on

2018-05-19 18:08:35 - [TEST_STEP][PASSED] - selectOptionByIndex: All options with index in [1] are selected on object 'Object Repository/HealthpostToStore/Page_HealthPost Store/select_--Select--Schedule 1Inj'

2018-05-19 18:08:35 - [MESSAGE][PASSED] - All options with index in [1] are selected on object 'Object Repository/HealthpostToStore/Page_HealthPost Store/select_--Select--Schedule 1Inj'

2018-05-19 18:08:35 - [TEST_STEP][PASSED] - delay: Delayed 1 second(s)

2018-05-19 18:08:36 - [MESSAGE][PASSED] - Delayed 1 second(s)

2018-05-19 18:08:36 - [TEST_STEP][PASSED] - selectOptionByIndex: All options with index in [24] are selected on object 'Object Repository/HealthpostToStore/Page_HealthPost Store/select_--Select--Adernaline 0.'

2018-05-19 18:08:37 - [MESSAGE][PASSED] - All options with index in [24] are selected on object 'Object Repository/HealthpostToStore/Page_HealthPost Store/select_--Select--Adernaline 0.'

2018-05-19 18:08:37 - [TEST_STEP][PASSED] - setText: Text '10' is set on object 'Object Repository/HealthpostToStore/Page_HealthPost Store/input_txttreat'

2018-05-19 18:08:37 - [MESSAGE][PASSED] - Text '10' is set on object 'Object Repository/HealthpostToStore/Page_HealthPost Store/input_txttreat'

2018-05-19 18:08:37 - [TEST_STEP][PASSED] - doubleClick: Object: 'Object Repository/HealthpostToStore/Page_HealthPost Store/button_Add' is double clicked on

2018-05-19 18:08:37 - [MESSAGE][PASSED] - Object: 'Object Repository/HealthpostToStore/Page_HealthPost Store/button_Add' is double clicked on

2018-05-19 18:08:37 - [TEST_STEP][PASSED] - selectOptionByIndex: All options with index in [1] are selected on object 'Object Repository/HealthpostToStore/Page_HealthPost Store/select_--Select--Schedule 1Inj'

2018-05-19 18:08:37 - [MESSAGE][PASSED] - All options with index in [1] are selected on object 'Object Repository/HealthpostToStore/Page_HealthPost Store/select_--Select--Schedule 1Inj'

2018-05-19 18:08:37 - [TEST_STEP][PASSED] - delay: Delayed 1 second(s)

2018-05-19 18:08:38 - [MESSAGE][PASSED] - Delayed 1 second(s)

2018-05-19 18:08:38 - [TEST_STEP][PASSED] - selectOptionByIndex: All options with index in [25] are selected on object 'Object Repository/HealthpostToStore/Page_HealthPost Store/select_--Select--Adernaline 0.'

2018-05-19 18:08:39 - [MESSAGE][PASSED] - All options with index in [25] are selected on object 'Object Repository/HealthpostToStore/Page_HealthPost Store/select_--Select--Adernaline 0.'

2018-05-19 18:08:39 - [TEST_STEP][PASSED] - setText: Text '10' is set on object 'Object Repository/HealthpostToStore/Page_HealthPost Store/input_txttreat'

2018-05-19 18:08:39 - [MESSAGE][PASSED] - Text '10' is set on object 'Object Repository/HealthpostToStore/Page_HealthPost Store/input_txttreat'

2018-05-19 18:08:39 - [TEST_STEP][PASSED] - doubleClick: Object: 'Object Repository/HealthpostToStore/Page_HealthPost Store/button_Add' is double clicked on

2018-05-19 18:08:39 - [MESSAGE][PASSED] - Object: 'Object Repository/HealthpostToStore/Page_HealthPost Store/button_Add' is double clicked on

2018-05-19 18:08:39 - [TEST_STEP][PASSED] - selectOptionByIndex: All options with index in [1] are selected on object 'Object Repository/HealthpostToStore/Page_HealthPost Store/select_--Select--Schedule 1Inj'

2018-05-19 18:08:39 - [MESSAGE][PASSED] - All options with index in [1] are selected on object 'Object Repository/HealthpostToStore/Page_HealthPost Store/select_--Select--Schedule 1Inj'

2018-05-19 18:08:39 - [TEST_STEP][PASSED] - delay: Delayed 1 second(s)

2018-05-19 18:08:40 - [MESSAGE][PASSED] - Delayed 1 second(s)

2018-05-19 18:08:40 - [TEST_STEP][PASSED] - selectOptionByIndex: All options with index in [26] are selected on object 'Object Repository/HealthpostToStore/Page_HealthPost Store/select_--Select--Adernaline 0.'

2018-05-19 18:08:40 - [MESSAGE][PASSED] - All options with index in [26] are selected on object 'Object Repository/HealthpostToStore/Page_HealthPost Store/select_--Select--Adernaline 0.'

2018-05-19 18:08:40 - [TEST_STEP][PASSED] - setText: Text '10' is set on object 'Object Repository/HealthpostToStore/Page_HealthPost Store/input_txttreat'

2018-05-19 18:08:40 - [MESSAGE][PASSED] - Text '10' is set on object 'Object Repository/HealthpostToStore/Page_HealthPost Store/input_txttreat'

2018-05-19 18:08:40 - [TEST_STEP][PASSED] - doubleClick: Object: 'Object Repository/HealthpostToStore/Page_HealthPost Store/button_Add' is double clicked on

2018-05-19 18:08:41 - [MESSAGE][PASSED] - Object: 'Object Repository/HealthpostToStore/Page_HealthPost Store/button_Add' is double clicked on

2018-05-19 18:08:41 - [TEST_STEP][PASSED] - selectOptionByIndex: All options with index in [1] are selected on object 'Object Repository/HealthpostToStore/Page_HealthPost Store/select_--Select--Schedule 1Inj'

2018-05-19 18:08:41 - [MESSAGE][PASSED] - All options with index in [1] are selected on object 'Object Repository/HealthpostToStore/Page_HealthPost Store/select_--Select--Schedule 1Inj'

2018-05-19 18:08:41 - [TEST_STEP][PASSED] - delay: Delayed 1 second(s)

2018-05-19 18:08:42 - [MESSAGE][PASSED] - Delayed 1 second(s)

2018-05-19 18:08:42 - [TEST_STEP][PASSED] - selectOptionByIndex: All options with index in [27] are selected on object 'Object Repository/HealthpostToStore/Page_HealthPost Store/select_--Select--Adernaline 0.'

2018-05-19 18:08:42 - [MESSAGE][PASSED] - All options with index in [27] are selected on object 'Object Repository/HealthpostToStore/Page_HealthPost Store/select_--Select--Adernaline 0.'

2018-05-19 18:08:42 - [TEST_STEP][PASSED] - setText: Text '10' is set on object 'Object Repository/HealthpostToStore/Page_HealthPost Store/input_txttreat'

2018-05-19 18:08:42 - [MESSAGE][PASSED] - Text '10' is set on object 'Object Repository/HealthpostToStore/Page_HealthPost Store/input_txttreat'

2018-05-19 18:08:42 - [TEST_STEP][PASSED] - doubleClick: Object: 'Object Repository/HealthpostToStore/Page_HealthPost Store/button_Add' is double clicked on

2018-05-19 18:08:42 - [MESSAGE][PASSED] - Object: 'Object Repository/HealthpostToStore/Page_HealthPost Store/button_Add' is double clicked on

2018-05-19 18:08:42 - [TEST_STEP][PASSED] - selectOptionByIndex: All options with index in [1] are selected on object 'Object Repository/HealthpostToStore/Page_HealthPost Store/select_--Select--Schedule 1Inj'

2018-05-19 18:08:42 - [MESSAGE][PASSED] - All options with index in [1] are selected on object 'Object Repository/HealthpostToStore/Page_HealthPost Store/select_--Select--Schedule 1Inj'

2018-05-19 18:08:42 - [TEST_STEP][PASSED] - delay: Delayed 1 second(s)

2018-05-19 18:08:43 - [MESSAGE][PASSED] - Delayed 1 second(s)

2018-05-19 18:08:43 - [TEST_STEP][PASSED] - selectOptionByIndex: All options with index in [28] are selected on object 'Object Repository/HealthpostToStore/Page_HealthPost Store/select_--Select--Adernaline 0.'

2018-05-19 18:08:44 - [MESSAGE][PASSED] - All options with index in [28] are selected on object 'Object Repository/HealthpostToStore/Page_HealthPost Store/select_--Select--Adernaline 0.'

2018-05-19 18:08:44 - [TEST_STEP][PASSED] - setText: Text '10' is set on object 'Object Repository/HealthpostToStore/Page_HealthPost Store/input_txttreat'

2018-05-19 18:08:44 - [MESSAGE][PASSED] - Text '10' is set on object 'Object Repository/HealthpostToStore/Page_HealthPost Store/input_txttreat'

2018-05-19 18:08:44 - [TEST_STEP][PASSED] - doubleClick: Object: 'Object Repository/HealthpostToStore/Page_HealthPost Store/button_Add' is double clicked on

2018-05-19 18:08:44 - [MESSAGE][PASSED] - Object: 'Object Repository/HealthpostToStore/Page_HealthPost Store/button_Add' is double clicked on

2018-05-19 18:08:44 - [TEST_STEP][PASSED] - selectOptionByIndex: All options with index in [1] are selected on object 'Object Repository/HealthpostToStore/Page_HealthPost Store/select_--Select--Schedule 1Inj'

2018-05-19 18:08:44 - [MESSAGE][PASSED] - All options with index in [1] are selected on object 'Object Repository/HealthpostToStore/Page_HealthPost Store/select_--Select--Schedule 1Inj'

2018-05-19 18:08:44 - [TEST_STEP][PASSED] - delay: Delayed 1 second(s)

2018-05-19 18:08:45 - [MESSAGE][PASSED] - Delayed 1 second(s)

2018-05-19 18:08:45 - [TEST_STEP][PASSED] - selectOptionByIndex: All options with index in [29] are selected on object 'Object Repository/HealthpostToStore/Page_HealthPost Store/select_--Select--Adernaline 0.'

2018-05-19 18:08:46 - [MESSAGE][PASSED] - All options with index in [29] are selected on object 'Object Repository/HealthpostToStore/Page_HealthPost Store/select_--Select--Adernaline 0.'

2018-05-19 18:08:46 - [TEST_STEP][PASSED] - setText: Text '10' is set on object 'Object Repository/HealthpostToStore/Page_HealthPost Store/input_txttreat'

2018-05-19 18:08:46 - [MESSAGE][PASSED] - Text '10' is set on object 'Object Repository/HealthpostToStore/Page_HealthPost Store/input_txttreat'

2018-05-19 18:08:46 - [TEST_STEP][PASSED] - doubleClick: Object: 'Object Repository/HealthpostToStore/Page_HealthPost Store/button_Add' is double clicked on

2018-05-19 18:08:46 - [MESSAGE][PASSED] - Object: 'Object Repository/HealthpostToStore/Page_HealthPost Store/button_Add' is double clicked on

2018-05-19 18:08:46 - [TEST_STEP][PASSED] - selectOptionByIndex: All options with index in [1] are selected on object 'Object Repository/HealthpostToStore/Page_HealthPost Store/select_--Select--Schedule 1Inj'

2018-05-19 18:08:46 - [MESSAGE][PASSED] - All options with index in [1] are selected on object 'Object Repository/HealthpostToStore/Page_HealthPost Store/select_--Select--Schedule 1Inj'

2018-05-19 18:08:46 - [TEST_STEP][PASSED] - delay: Delayed 1 second(s)

2018-05-19 18:08:47 - [MESSAGE][PASSED] - Delayed 1 second(s)

2018-05-19 18:08:47 - [TEST_STEP][PASSED] - selectOptionByIndex: All options with index in [30] are selected on object 'Object Repository/HealthpostToStore/Page_HealthPost Store/select_--Select--Adernaline 0.'

2018-05-19 18:08:48 - [MESSAGE][PASSED] - All options with index in [30] are selected on object 'Object Repository/HealthpostToStore/Page_HealthPost Store/select_--Select--Adernaline 0.'

2018-05-19 18:08:48 - [TEST_STEP][PASSED] - setText: Text '10' is set on object 'Object Repository/HealthpostToStore/Page_HealthPost Store/input_txttreat'

2018-05-19 18:08:48 - [MESSAGE][PASSED] - Text '10' is set on object 'Object Repository/HealthpostToStore/Page_HealthPost Store/input_txttreat'

2018-05-19 18:08:48 - [TEST_STEP][PASSED] - doubleClick: Object: 'Object Repository/HealthpostToStore/Page_HealthPost Store/button_Add' is double clicked on

2018-05-19 18:08:48 - [MESSAGE][PASSED] - Object: 'Object Repository/HealthpostToStore/Page_HealthPost Store/button_Add' is double clicked on

2018-05-19 18:08:48 - [TEST_STEP][PASSED] - selectOptionByIndex: All options with index in [1] are selected on object 'Object Repository/HealthpostToStore/Page_HealthPost Store/select_--Select--Schedule 1Inj'

2018-05-19 18:08:48 - [MESSAGE][PASSED] - All options with index in [1] are selected on object 'Object Repository/HealthpostToStore/Page_HealthPost Store/select_--Select--Schedule 1Inj'

2018-05-19 18:08:48 - [TEST_STEP][PASSED] - delay: Delayed 1 second(s)

2018-05-19 18:08:49 - [MESSAGE][PASSED] - Delayed 1 second(s)

2018-05-19 18:08:49 - [TEST_STEP][PASSED] - selectOptionByIndex: All options with index in [31] are selected on object 'Object Repository/HealthpostToStore/Page_HealthPost Store/select_--Select--Adernaline 0.'

2018-05-19 18:08:49 - [MESSAGE][PASSED] - All options with index in [31] are selected on object 'Object Repository/HealthpostToStore/Page_HealthPost Store/select_--Select--Adernaline 0.'

2018-05-19 18:08:49 - [TEST_STEP][PASSED] - setText: Text '10' is set on object 'Object Repository/HealthpostToStore/Page_HealthPost Store/input_txttreat'

2018-05-19 18:08:49 - [MESSAGE][PASSED] - Text '10' is set on object 'Object Repository/HealthpostToStore/Page_HealthPost Store/input_txttreat'

2018-05-19 18:08:49 - [TEST_STEP][PASSED] - doubleClick: Object: 'Object Repository/HealthpostToStore/Page_HealthPost Store/button_Add' is double clicked on

2018-05-19 18:08:49 - [MESSAGE][PASSED] - Object: 'Object Repository/HealthpostToStore/Page_HealthPost Store/button_Add' is double clicked on

2018-05-19 18:08:49 - [TEST_STEP][PASSED] - selectOptionByIndex: All options with index in [1] are selected on object 'Object Repository/HealthpostToStore/Page_HealthPost Store/select_--Select--Schedule 1Inj'

2018-05-19 18:08:50 - [MESSAGE][PASSED] - All options with index in [1] are selected on object 'Object Repository/HealthpostToStore/Page_HealthPost Store/select_--Select--Schedule 1Inj'

2018-05-19 18:08:50 - [TEST_STEP][PASSED] - delay: Delayed 1 second(s)

2018-05-19 18:08:51 - [MESSAGE][PASSED] - Delayed 1 second(s)

2018-05-19 18:08:51 - [TEST_STEP][PASSED] - selectOptionByIndex: All options with index in [32] are selected on object 'Object Repository/HealthpostToStore/Page_HealthPost Store/select_--Select--Adernaline 0.'

2018-05-19 18:08:51 - [MESSAGE][PASSED] - All options with index in [32] are selected on object 'Object Repository/HealthpostToStore/Page_HealthPost Store/select_--Select--Adernaline 0.'

2018-05-19 18:08:51 - [TEST_STEP][PASSED] - setText: Text '10' is set on object 'Object Repository/HealthpostToStore/Page_HealthPost Store/input_txttreat'

2018-05-19 18:08:51 - [MESSAGE][PASSED] - Text '10' is set on object 'Object Repository/HealthpostToStore/Page_HealthPost Store/input_txttreat'

2018-05-19 18:08:51 - [TEST_STEP][PASSED] - doubleClick: Object: 'Object Repository/HealthpostToStore/Page_HealthPost Store/button_Add' is double clicked on

2018-05-19 18:08:51 - [MESSAGE][PASSED] - Object: 'Object Repository/HealthpostToStore/Page_HealthPost Store/button_Add' is double clicked on

2018-05-19 18:08:51 - [TEST_STEP][PASSED] - selectOptionByIndex: All options with index in [1] are selected on object 'Object Repository/HealthpostToStore/Page_HealthPost Store/select_--Select--Schedule 1Inj'

2018-05-19 18:08:51 - [MESSAGE][PASSED] - All options with index in [1] are selected on object 'Object Repository/HealthpostToStore/Page_HealthPost Store/select_--Select--Schedule 1Inj'

2018-05-19 18:08:51 - [TEST_STEP][PASSED] - delay: Delayed 1 second(s)

2018-05-19 18:08:52 - [MESSAGE][PASSED] - Delayed 1 second(s)

2018-05-19 18:08:52 - [TEST_STEP][PASSED] - selectOptionByIndex: All options with index in [33] are selected on object 'Object Repository/HealthpostToStore/Page_HealthPost Store/select_--Select--Adernaline 0.'

2018-05-19 18:08:53 - [MESSAGE][PASSED] - All options with index in [33] are selected on object 'Object Repository/HealthpostToStore/Page_HealthPost Store/select_--Select--Adernaline 0.'

2018-05-19 18:08:53 - [TEST_STEP][PASSED] - setText: Text '10' is set on object 'Object Repository/HealthpostToStore/Page_HealthPost Store/input_txttreat'

2018-05-19 18:08:53 - [MESSAGE][PASSED] - Text '10' is set on object 'Object Repository/HealthpostToStore/Page_HealthPost Store/input_txttreat'

2018-05-19 18:08:53 - [TEST_STEP][PASSED] - doubleClick: Object: 'Object Repository/HealthpostToStore/Page_HealthPost Store/button_Add' is double clicked on

2018-05-19 18:08:53 - [MESSAGE][PASSED] - Object: 'Object Repository/HealthpostToStore/Page_HealthPost Store/button_Add' is double clicked on

2018-05-19 18:08:53 - [TEST_STEP][PASSED] - selectOptionByIndex: All options with index in [1] are selected on object 'Object Repository/HealthpostToStore/Page_HealthPost Store/select_--Select--Schedule 1Inj'

2018-05-19 18:08:53 - [MESSAGE][PASSED] - All options with index in [1] are selected on object 'Object Repository/HealthpostToStore/Page_HealthPost Store/select_--Select--Schedule 1Inj'

2018-05-19 18:08:53 - [TEST_STEP][PASSED] - delay: Delayed 1 second(s)

2018-05-19 18:08:54 - [MESSAGE][PASSED] - Delayed 1 second(s)

2018-05-19 18:08:54 - [TEST_STEP][PASSED] - selectOptionByIndex: All options with index in [34] are selected on object 'Object Repository/HealthpostToStore/Page_HealthPost Store/select_--Select--Adernaline 0.'

2018-05-19 18:08:55 - [MESSAGE][PASSED] - All options with index in [34] are selected on object 'Object Repository/HealthpostToStore/Page_HealthPost Store/select_--Select--Adernaline 0.'

2018-05-19 18:08:55 - [TEST_STEP][PASSED] - setText: Text '10' is set on object 'Object Repository/HealthpostToStore/Page_HealthPost Store/input_txttreat'

2018-05-19 18:08:55 - [MESSAGE][PASSED] - Text '10' is set on object 'Object Repository/HealthpostToStore/Page_HealthPost Store/input_txttreat'

2018-05-19 18:08:55 - [TEST_STEP][PASSED] - doubleClick: Object: 'Object Repository/HealthpostToStore/Page_HealthPost Store/button_Add' is double clicked on

2018-05-19 18:08:55 - [MESSAGE][PASSED] - Object: 'Object Repository/HealthpostToStore/Page_HealthPost Store/button_Add' is double clicked on

2018-05-19 18:08:55 - [TEST_STEP][PASSED] - selectOptionByIndex: All options with index in [1] are selected on object 'Object Repository/HealthpostToStore/Page_HealthPost Store/select_--Select--Schedule 1Inj'

2018-05-19 18:08:55 - [MESSAGE][PASSED] - All options with index in [1] are selected on object 'Object Repository/HealthpostToStore/Page_HealthPost Store/select_--Select--Schedule 1Inj'

2018-05-19 18:08:55 - [TEST_STEP][PASSED] - delay: Delayed 1 second(s)

2018-05-19 18:08:56 - [MESSAGE][PASSED] - Delayed 1 second(s)

2018-05-19 18:08:56 - [TEST_STEP][PASSED] - selectOptionByIndex: All options with index in [35] are selected on object 'Object Repository/HealthpostToStore/Page_HealthPost Store/select_--Select--Adernaline 0.'

2018-05-19 18:08:57 - [MESSAGE][PASSED] - All options with index in [35] are selected on object 'Object Repository/HealthpostToStore/Page_HealthPost Store/select_--Select--Adernaline 0.'

2018-05-19 18:08:57 - [TEST_STEP][PASSED] - setText: Text '10' is set on object 'Object Repository/HealthpostToStore/Page_HealthPost Store/input_txttreat'

2018-05-19 18:08:57 - [MESSAGE][PASSED] - Text '10' is set on object 'Object Repository/HealthpostToStore/Page_HealthPost Store/input_txttreat'

2018-05-19 18:08:57 - [TEST_STEP][PASSED] - doubleClick: Object: 'Object Repository/HealthpostToStore/Page_HealthPost Store/button_Add' is double clicked on

2018-05-19 18:08:57 - [MESSAGE][PASSED] - Object: 'Object Repository/HealthpostToStore/Page_HealthPost Store/button_Add' is double clicked on

2018-05-19 18:08:57 - [TEST_STEP][PASSED] - selectOptionByIndex: All options with index in [1] are selected on object 'Object Repository/HealthpostToStore/Page_HealthPost Store/select_--Select--Schedule 1Inj'

2018-05-19 18:08:57 - [MESSAGE][PASSED] - All options with index in [1] are selected on object 'Object Repository/HealthpostToStore/Page_HealthPost Store/select_--Select--Schedule 1Inj'

2018-05-19 18:08:57 - [TEST_STEP][PASSED] - delay: Delayed 1 second(s)

2018-05-19 18:08:58 - [MESSAGE][PASSED] - Delayed 1 second(s)

2018-05-19 18:08:58 - [TEST_STEP][PASSED] - selectOptionByIndex: All options with index in [36] are selected on object 'Object Repository/HealthpostToStore/Page_HealthPost Store/select_--Select--Adernaline 0.'

2018-05-19 18:08:58 - [MESSAGE][PASSED] - All options with index in [36] are selected on object 'Object Repository/HealthpostToStore/Page_HealthPost Store/select_--Select--Adernaline 0.'

2018-05-19 18:08:58 - [TEST_STEP][PASSED] - setText: Text '10' is set on object 'Object Repository/HealthpostToStore/Page_HealthPost Store/input_txttreat'

2018-05-19 18:08:59 - [MESSAGE][PASSED] - Text '10' is set on object 'Object Repository/HealthpostToStore/Page_HealthPost Store/input_txttreat'

2018-05-19 18:08:59 - [TEST_STEP][PASSED] - doubleClick: Object: 'Object Repository/HealthpostToStore/Page_HealthPost Store/button_Add' is double clicked on

2018-05-19 18:08:59 - [MESSAGE][PASSED] - Object: 'Object Repository/HealthpostToStore/Page_HealthPost Store/button_Add' is double clicked on

2018-05-19 18:08:59 - [TEST_STEP][PASSED] - selectOptionByIndex: All options with index in [1] are selected on object 'Object Repository/HealthpostToStore/Page_HealthPost Store/select_--Select--Schedule 1Inj'

2018-05-19 18:08:59 - [MESSAGE][PASSED] - All options with index in [1] are selected on object 'Object Repository/HealthpostToStore/Page_HealthPost Store/select_--Select--Schedule 1Inj'

2018-05-19 18:08:59 - [TEST_STEP][PASSED] - delay: Delayed 1 second(s)

2018-05-19 18:09:00 - [MESSAGE][PASSED] - Delayed 1 second(s)

2018-05-19 18:09:00 - [TEST_STEP][PASSED] - selectOptionByIndex: All options with index in [37] are selected on object 'Object Repository/HealthpostToStore/Page_HealthPost Store/select_--Select--Adernaline 0.'

2018-05-19 18:09:00 - [MESSAGE][PASSED] - All options with index in [37] are selected on object 'Object Repository/HealthpostToStore/Page_HealthPost Store/select_--Select--Adernaline 0.'

2018-05-19 18:09:00 - [TEST_STEP][PASSED] - setText: Text '10' is set on object 'Object Repository/HealthpostToStore/Page_HealthPost Store/input_txttreat'

2018-05-19 18:09:00 - [MESSAGE][PASSED] - Text '10' is set on object 'Object Repository/HealthpostToStore/Page_HealthPost Store/input_txttreat'

2018-05-19 18:09:00 - [TEST_STEP][PASSED] - doubleClick: Object: 'Object Repository/HealthpostToStore/Page_HealthPost Store/button_Add' is double clicked on

2018-05-19 18:09:01 - [MESSAGE][PASSED] - Object: 'Object Repository/HealthpostToStore/Page_HealthPost Store/button_Add' is double clicked on

2018-05-19 18:09:01 - [TEST_STEP][PASSED] - selectOptionByIndex: All options with index in [1] are selected on object 'Object Repository/HealthpostToStore/Page_HealthPost Store/select_--Select--Schedule 1Inj'

2018-05-19 18:09:01 - [MESSAGE][PASSED] - All options with index in [1] are selected on object 'Object Repository/HealthpostToStore/Page_HealthPost Store/select_--Select--Schedule 1Inj'

2018-05-19 18:09:01 - [TEST_STEP][PASSED] - delay: Delayed 1 second(s)

2018-05-19 18:09:02 - [MESSAGE][PASSED] - Delayed 1 second(s)

2018-05-19 18:09:02 - [TEST_STEP][PASSED] - selectOptionByIndex: All options with index in [38] are selected on object 'Object Repository/HealthpostToStore/Page_HealthPost Store/select_--Select--Adernaline 0.'

2018-05-19 18:09:02 - [MESSAGE][PASSED] - All options with index in [38] are selected on object 'Object Repository/HealthpostToStore/Page_HealthPost Store/select_--Select--Adernaline 0.'

2018-05-19 18:09:02 - [TEST_STEP][PASSED] - setText: Text '10' is set on object 'Object Repository/HealthpostToStore/Page_HealthPost Store/input_txttreat'

2018-05-19 18:09:02 - [MESSAGE][PASSED] - Text '10' is set on object 'Object Repository/HealthpostToStore/Page_HealthPost Store/input_txttreat'

2018-05-19 18:09:02 - [TEST_STEP][PASSED] - doubleClick: Object: 'Object Repository/HealthpostToStore/Page_HealthPost Store/button_Add' is double clicked on

2018-05-19 18:09:02 - [MESSAGE][PASSED] - Object: 'Object Repository/HealthpostToStore/Page_HealthPost Store/button_Add' is double clicked on

2018-05-19 18:09:02 - [TEST_STEP][PASSED] - selectOptionByIndex: All options with index in [1] are selected on object 'Object Repository/HealthpostToStore/Page_HealthPost Store/select_--Select--Schedule 1Inj'

2018-05-19 18:09:03 - [MESSAGE][PASSED] - All options with index in [1] are selected on object 'Object Repository/HealthpostToStore/Page_HealthPost Store/select_--Select--Schedule 1Inj'

2018-05-19 18:09:03 - [TEST_STEP][PASSED] - delay: Delayed 1 second(s)

2018-05-19 18:09:04 - [MESSAGE][PASSED] - Delayed 1 second(s)

2018-05-19 18:09:04 - [TEST_STEP][PASSED] - selectOptionByIndex: All options with index in [39] are selected on object 'Object Repository/HealthpostToStore/Page_HealthPost Store/select_--Select--Adernaline 0.'

2018-05-19 18:09:04 - [MESSAGE][PASSED] - All options with index in [39] are selected on object 'Object Repository/HealthpostToStore/Page_HealthPost Store/select_--Select--Adernaline 0.'

2018-05-19 18:09:04 - [TEST_STEP][PASSED] - setText: Text '10' is set on object 'Object Repository/HealthpostToStore/Page_HealthPost Store/input_txttreat'

2018-05-19 18:09:04 - [MESSAGE][PASSED] - Text '10' is set on object 'Object Repository/HealthpostToStore/Page_HealthPost Store/input_txttreat'

2018-05-19 18:09:04 - [TEST_STEP][PASSED] - doubleClick: Object: 'Object Repository/HealthpostToStore/Page_HealthPost Store/button_Add' is double clicked on

2018-05-19 18:09:04 - [MESSAGE][PASSED] - Object: 'Object Repository/HealthpostToStore/Page_HealthPost Store/button_Add' is double clicked on

2018-05-19 18:09:04 - [TEST_STEP][PASSED] - selectOptionByIndex: All options with index in [1] are selected on object 'Object Repository/HealthpostToStore/Page_HealthPost Store/select_--Select--Schedule 1Inj'

2018-05-19 18:09:05 - [MESSAGE][PASSED] - All options with index in [1] are selected on object 'Object Repository/HealthpostToStore/Page_HealthPost Store/select_--Select--Schedule 1Inj'

2018-05-19 18:09:05 - [TEST_STEP][PASSED] - delay: Delayed 1 second(s)

2018-05-19 18:09:06 - [MESSAGE][PASSED] - Delayed 1 second(s)

2018-05-19 18:09:06 - [TEST_STEP][PASSED] - selectOptionByIndex: All options with index in [40] are selected on object 'Object Repository/HealthpostToStore/Page_HealthPost Store/select_--Select--Adernaline 0.'

2018-05-19 18:09:06 - [MESSAGE][PASSED] - All options with index in [40] are selected on object 'Object Repository/HealthpostToStore/Page_HealthPost Store/select_--Select--Adernaline 0.'

2018-05-19 18:09:06 - [TEST_STEP][PASSED] - setText: Text '10' is set on object 'Object Repository/HealthpostToStore/Page_HealthPost Store/input_txttreat'

2018-05-19 18:09:06 - [MESSAGE][PASSED] - Text '10' is set on object 'Object Repository/HealthpostToStore/Page_HealthPost Store/input_txttreat'

2018-05-19 18:09:06 - [TEST_STEP][PASSED] - doubleClick: Object: 'Object Repository/HealthpostToStore/Page_HealthPost Store/button_Add' is double clicked on

2018-05-19 18:09:06 - [MESSAGE][PASSED] - Object: 'Object Repository/HealthpostToStore/Page_HealthPost Store/button_Add' is double clicked on

2018-05-19 18:09:06 - [TEST_STEP][PASSED] - selectOptionByIndex: All options with index in [1] are selected on object 'Object Repository/HealthpostToStore/Page_HealthPost Store/select_--Select--Schedule 1Inj'

2018-05-19 18:09:06 - [MESSAGE][PASSED] - All options with index in [1] are selected on object 'Object Repository/HealthpostToStore/Page_HealthPost Store/select_--Select--Schedule 1Inj'

2018-05-19 18:09:06 - [TEST_STEP][PASSED] - delay: Delayed 1 second(s)

2018-05-19 18:09:07 - [MESSAGE][PASSED] - Delayed 1 second(s)

2018-05-19 18:09:07 - [TEST_STEP][PASSED] - selectOptionByIndex: All options with index in [41] are selected on object 'Object Repository/HealthpostToStore/Page_HealthPost Store/select_--Select--Adernaline 0.'

2018-05-19 18:09:08 - [MESSAGE][PASSED] - All options with index in [41] are selected on object 'Object Repository/HealthpostToStore/Page_HealthPost Store/select_--Select--Adernaline 0.'

2018-05-19 18:09:08 - [TEST_STEP][PASSED] - setText: Text '10' is set on object 'Object Repository/HealthpostToStore/Page_HealthPost Store/input_txttreat'

2018-05-19 18:09:08 - [MESSAGE][PASSED] - Text '10' is set on object 'Object Repository/HealthpostToStore/Page_HealthPost Store/input_txttreat'

2018-05-19 18:09:08 - [TEST_STEP][PASSED] - doubleClick: Object: 'Object Repository/HealthpostToStore/Page_HealthPost Store/button_Add' is double clicked on

2018-05-19 18:09:08 - [MESSAGE][PASSED] - Object: 'Object Repository/HealthpostToStore/Page_HealthPost Store/button_Add' is double clicked on

2018-05-19 18:09:08 - [TEST_STEP][PASSED] - selectOptionByIndex: All options with index in [1] are selected on object 'Object Repository/HealthpostToStore/Page_HealthPost Store/select_--Select--Schedule 1Inj'

2018-05-19 18:09:08 - [MESSAGE][PASSED] - All options with index in [1] are selected on object 'Object Repository/HealthpostToStore/Page_HealthPost Store/select_--Select--Schedule 1Inj'

2018-05-19 18:09:08 - [TEST_STEP][PASSED] - delay: Delayed 1 second(s)

2018-05-19 18:09:09 - [MESSAGE][PASSED] - Delayed 1 second(s)

2018-05-19 18:09:09 - [TEST_STEP][PASSED] - selectOptionByIndex: All options with index in [42] are selected on object 'Object Repository/HealthpostToStore/Page_HealthPost Store/select_--Select--Adernaline 0.'

2018-05-19 18:09:10 - [MESSAGE][PASSED] - All options with index in [42] are selected on object 'Object Repository/HealthpostToStore/Page_HealthPost Store/select_--Select--Adernaline 0.'

2018-05-19 18:09:10 - [TEST_STEP][PASSED] - setText: Text '10' is set on object 'Object Repository/HealthpostToStore/Page_HealthPost Store/input_txttreat'

2018-05-19 18:09:10 - [MESSAGE][PASSED] - Text '10' is set on object 'Object Repository/HealthpostToStore/Page_HealthPost Store/input_txttreat'

2018-05-19 18:09:10 - [TEST_STEP][PASSED] - doubleClick: Object: 'Object Repository/HealthpostToStore/Page_HealthPost Store/button_Add' is double clicked on

2018-05-19 18:09:10 - [MESSAGE][PASSED] - Object: 'Object Repository/HealthpostToStore/Page_HealthPost Store/button_Add' is double clicked on

2018-05-19 18:09:10 - [TEST_STEP][PASSED] - selectOptionByIndex: All options with index in [1] are selected on object 'Object Repository/HealthpostToStore/Page_HealthPost Store/select_--Select--Schedule 1Inj'

2018-05-19 18:09:10 - [MESSAGE][PASSED] - All options with index in [1] are selected on object 'Object Repository/HealthpostToStore/Page_HealthPost Store/select_--Select--Schedule 1Inj'

2018-05-19 18:09:10 - [TEST_STEP][PASSED] - delay: Delayed 1 second(s)

2018-05-19 18:09:11 - [MESSAGE][PASSED] - Delayed 1 second(s)

2018-05-19 18:09:11 - [TEST_STEP][PASSED] - selectOptionByIndex: All options with index in [43] are selected on object 'Object Repository/HealthpostToStore/Page_HealthPost Store/select_--Select--Adernaline 0.'

2018-05-19 18:09:12 - [MESSAGE][PASSED] - All options with index in [43] are selected on object 'Object Repository/HealthpostToStore/Page_HealthPost Store/select_--Select--Adernaline 0.'

2018-05-19 18:09:12 - [TEST_STEP][PASSED] - setText: Text '10' is set on object 'Object Repository/HealthpostToStore/Page_HealthPost Store/input_txttreat'

2018-05-19 18:09:12 - [MESSAGE][PASSED] - Text '10' is set on object 'Object Repository/HealthpostToStore/Page_HealthPost Store/input_txttreat'

2018-05-19 18:09:12 - [TEST_STEP][PASSED] - doubleClick: Object: 'Object Repository/HealthpostToStore/Page_HealthPost Store/button_Add' is double clicked on

2018-05-19 18:09:12 - [MESSAGE][PASSED] - Object: 'Object Repository/HealthpostToStore/Page_HealthPost Store/button_Add' is double clicked on

2018-05-19 18:09:12 - [TEST_STEP][PASSED] - selectOptionByIndex: All options with index in [1] are selected on object 'Object Repository/HealthpostToStore/Page_HealthPost Store/select_--Select--Schedule 1Inj'

2018-05-19 18:09:12 - [MESSAGE][PASSED] - All options with index in [1] are selected on object 'Object Repository/HealthpostToStore/Page_HealthPost Store/select_--Select--Schedule 1Inj'

2018-05-19 18:09:12 - [TEST_STEP][PASSED] - delay: Delayed 1 second(s)

2018-05-19 18:09:13 - [MESSAGE][PASSED] - Delayed 1 second(s)

2018-05-19 18:09:13 - [TEST_STEP][PASSED] - selectOptionByIndex: All options with index in [44] are selected on object 'Object Repository/HealthpostToStore/Page_HealthPost Store/select_--Select--Adernaline 0.'

2018-05-19 18:09:14 - [MESSAGE][PASSED] - All options with index in [44] are selected on object 'Object Repository/HealthpostToStore/Page_HealthPost Store/select_--Select--Adernaline 0.'

2018-05-19 18:09:14 - [TEST_STEP][PASSED] - setText: Text '10' is set on object 'Object Repository/HealthpostToStore/Page_HealthPost Store/input_txttreat'

2018-05-19 18:09:14 - [MESSAGE][PASSED] - Text '10' is set on object 'Object Repository/HealthpostToStore/Page_HealthPost Store/input_txttreat'

2018-05-19 18:09:14 - [TEST_STEP][PASSED] - doubleClick: Object: 'Object Repository/HealthpostToStore/Page_HealthPost Store/button_Add' is double clicked on

2018-05-19 18:09:14 - [MESSAGE][PASSED] - Object: 'Object Repository/HealthpostToStore/Page_HealthPost Store/button_Add' is double clicked on

2018-05-19 18:09:14 - [TEST_STEP][PASSED] - selectOptionByIndex: All options with index in [1] are selected on object 'Object Repository/HealthpostToStore/Page_HealthPost Store/select_--Select--Schedule 1Inj'

2018-05-19 18:09:14 - [MESSAGE][PASSED] - All options with index in [1] are selected on object 'Object Repository/HealthpostToStore/Page_HealthPost Store/select_--Select--Schedule 1Inj'

2018-05-19 18:09:14 - [TEST_STEP][PASSED] - delay: Delayed 1 second(s)

2018-05-19 18:09:15 - [MESSAGE][PASSED] - Delayed 1 second(s)

2018-05-19 18:09:15 - [TEST_STEP][PASSED] - selectOptionByIndex: All options with index in [45] are selected on object 'Object Repository/HealthpostToStore/Page_HealthPost Store/select_--Select--Adernaline 0.'

2018-05-19 18:09:16 - [MESSAGE][PASSED] - All options with index in [45] are selected on object 'Object Repository/HealthpostToStore/Page_HealthPost Store/select_--Select--Adernaline 0.'

2018-05-19 18:09:16 - [TEST_STEP][PASSED] - setText: Text '10' is set on object 'Object Repository/HealthpostToStore/Page_HealthPost Store/input_txttreat'

2018-05-19 18:09:16 - [MESSAGE][PASSED] - Text '10' is set on object 'Object Repository/HealthpostToStore/Page_HealthPost Store/input_txttreat'

2018-05-19 18:09:16 - [TEST_STEP][PASSED] - doubleClick: Object: 'Object Repository/HealthpostToStore/Page_HealthPost Store/button_Add' is double clicked on

2018-05-19 18:09:16 - [MESSAGE][PASSED] - Object: 'Object Repository/HealthpostToStore/Page_HealthPost Store/button_Add' is double clicked on

2018-05-19 18:09:16 - [TEST_STEP][PASSED] - selectOptionByIndex: All options with index in [1] are selected on object 'Object Repository/HealthpostToStore/Page_HealthPost Store/select_--Select--Schedule 1Inj'

2018-05-19 18:09:16 - [MESSAGE][PASSED] - All options with index in [1] are selected on object 'Object Repository/HealthpostToStore/Page_HealthPost Store/select_--Select--Schedule 1Inj'

2018-05-19 18:09:16 - [TEST_STEP][PASSED] - delay: Delayed 1 second(s)

2018-05-19 18:09:17 - [MESSAGE][PASSED] - Delayed 1 second(s)

2018-05-19 18:09:17 - [TEST_STEP][PASSED] - selectOptionByIndex: All options with index in [46] are selected on object 'Object Repository/HealthpostToStore/Page_HealthPost Store/select_--Select--Adernaline 0.'

2018-05-19 18:09:18 - [MESSAGE][PASSED] - All options with index in [46] are selected on object 'Object Repository/HealthpostToStore/Page_HealthPost Store/select_--Select--Adernaline 0.'

2018-05-19 18:09:18 - [TEST_STEP][PASSED] - setText: Text '10' is set on object 'Object Repository/HealthpostToStore/Page_HealthPost Store/input_txttreat'

2018-05-19 18:09:18 - [MESSAGE][PASSED] - Text '10' is set on object 'Object Repository/HealthpostToStore/Page_HealthPost Store/input_txttreat'

2018-05-19 18:09:18 - [TEST_STEP][PASSED] - doubleClick: Object: 'Object Repository/HealthpostToStore/Page_HealthPost Store/button_Add' is double clicked on

2018-05-19 18:09:18 - [MESSAGE][PASSED] - Object: 'Object Repository/HealthpostToStore/Page_HealthPost Store/button_Add' is double clicked on

2018-05-19 18:09:18 - [TEST_STEP][PASSED] - selectOptionByIndex: All options with index in [1] are selected on object 'Object Repository/HealthpostToStore/Page_HealthPost Store/select_--Select--Schedule 1Inj'

2018-05-19 18:09:18 - [MESSAGE][PASSED] - All options with index in [1] are selected on object 'Object Repository/HealthpostToStore/Page_HealthPost Store/select_--Select--Schedule 1Inj'

2018-05-19 18:09:18 - [TEST_STEP][PASSED] - delay: Delayed 1 second(s)

2018-05-19 18:09:19 - [MESSAGE][PASSED] - Delayed 1 second(s)

2018-05-19 18:09:19 - [TEST_STEP][PASSED] - selectOptionByIndex: All options with index in [47] are selected on object 'Object Repository/HealthpostToStore/Page_HealthPost Store/select_--Select--Adernaline 0.'

2018-05-19 18:09:20 - [MESSAGE][PASSED] - All options with index in [47] are selected on object 'Object Repository/HealthpostToStore/Page_HealthPost Store/select_--Select--Adernaline 0.'

2018-05-19 18:09:20 - [TEST_STEP][PASSED] - setText: Text '10' is set on object 'Object Repository/HealthpostToStore/Page_HealthPost Store/input_txttreat'

2018-05-19 18:09:20 - [MESSAGE][PASSED] - Text '10' is set on object 'Object Repository/HealthpostToStore/Page_HealthPost Store/input_txttreat'

2018-05-19 18:09:20 - [TEST_STEP][PASSED] - doubleClick: Object: 'Object Repository/HealthpostToStore/Page_HealthPost Store/button_Add' is double clicked on

2018-05-19 18:09:20 - [MESSAGE][PASSED] - Object: 'Object Repository/HealthpostToStore/Page_HealthPost Store/button_Add' is double clicked on

2018-05-19 18:09:20 - [TEST_STEP][PASSED] - selectOptionByIndex: All options with index in [1] are selected on object 'Object Repository/HealthpostToStore/Page_HealthPost Store/select_--Select--Schedule 1Inj'

2018-05-19 18:09:20 - [MESSAGE][PASSED] - All options with index in [1] are selected on object 'Object Repository/HealthpostToStore/Page_HealthPost Store/select_--Select--Schedule 1Inj'

2018-05-19 18:09:20 - [TEST_STEP][PASSED] - delay: Delayed 1 second(s)

2018-05-19 18:09:21 - [MESSAGE][PASSED] - Delayed 1 second(s)

2018-05-19 18:09:21 - [TEST_STEP][PASSED] - selectOptionByIndex: All options with index in [48] are selected on object 'Object Repository/HealthpostToStore/Page_HealthPost Store/select_--Select--Adernaline 0.'

2018-05-19 18:09:22 - [MESSAGE][PASSED] - All options with index in [48] are selected on object 'Object Repository/HealthpostToStore/Page_HealthPost Store/select_--Select--Adernaline 0.'

2018-05-19 18:09:22 - [TEST_STEP][PASSED] - setText: Text '10' is set on object 'Object Repository/HealthpostToStore/Page_HealthPost Store/input_txttreat'

2018-05-19 18:09:22 - [MESSAGE][PASSED] - Text '10' is set on object 'Object Repository/HealthpostToStore/Page_HealthPost Store/input_txttreat'

2018-05-19 18:09:22 - [TEST_STEP][PASSED] - doubleClick: Object: 'Object Repository/HealthpostToStore/Page_HealthPost Store/button_Add' is double clicked on

2018-05-19 18:09:22 - [MESSAGE][PASSED] - Object: 'Object Repository/HealthpostToStore/Page_HealthPost Store/button_Add' is double clicked on

2018-05-19 18:09:22 - [TEST_STEP][PASSED] - selectOptionByIndex: All options with index in [1] are selected on object 'Object Repository/HealthpostToStore/Page_HealthPost Store/select_--Select--Schedule 1Inj'

2018-05-19 18:09:22 - [MESSAGE][PASSED] - All options with index in [1] are selected on object 'Object Repository/HealthpostToStore/Page_HealthPost Store/select_--Select--Schedule 1Inj'

2018-05-19 18:09:22 - [TEST_STEP][PASSED] - delay: Delayed 1 second(s)

2018-05-19 18:09:23 - [MESSAGE][PASSED] - Delayed 1 second(s)

2018-05-19 18:09:23 - [TEST_STEP][PASSED] - selectOptionByIndex: All options with index in [49] are selected on object 'Object Repository/HealthpostToStore/Page_HealthPost Store/select_--Select--Adernaline 0.'

2018-05-19 18:09:24 - [MESSAGE][PASSED] - All options with index in [49] are selected on object 'Object Repository/HealthpostToStore/Page_HealthPost Store/select_--Select--Adernaline 0.'

2018-05-19 18:09:24 - [TEST_STEP][PASSED] - setText: Text '10' is set on object 'Object Repository/HealthpostToStore/Page_HealthPost Store/input_txttreat'

2018-05-19 18:09:24 - [MESSAGE][PASSED] - Text '10' is set on object 'Object Repository/HealthpostToStore/Page_HealthPost Store/input_txttreat'

2018-05-19 18:09:24 - [TEST_STEP][PASSED] - doubleClick: Object: 'Object Repository/HealthpostToStore/Page_HealthPost Store/button_Add' is double clicked on

2018-05-19 18:09:24 - [MESSAGE][PASSED] - Object: 'Object Repository/HealthpostToStore/Page_HealthPost Store/button_Add' is double clicked on

2018-05-19 18:09:24 - [TEST_STEP][PASSED] - selectOptionByIndex: All options with index in [1] are selected on object 'Object Repository/HealthpostToStore/Page_HealthPost Store/select_--Select--Schedule 1Inj'

2018-05-19 18:09:24 - [MESSAGE][PASSED] - All options with index in [1] are selected on object 'Object Repository/HealthpostToStore/Page_HealthPost Store/select_--Select--Schedule 1Inj'

2018-05-19 18:09:24 - [TEST_STEP][PASSED] - delay: Delayed 1 second(s)

2018-05-19 18:09:25 - [MESSAGE][PASSED] - Delayed 1 second(s)

2018-05-19 18:09:25 - [TEST_STEP][PASSED] - selectOptionByIndex: All options with index in [50] are selected on object 'Object Repository/HealthpostToStore/Page_HealthPost Store/select_--Select--Adernaline 0.'

2018-05-19 18:09:26 - [MESSAGE][PASSED] - All options with index in [50] are selected on object 'Object Repository/HealthpostToStore/Page_HealthPost Store/select_--Select--Adernaline 0.'

2018-05-19 18:09:26 - [TEST_STEP][PASSED] - setText: Text '10' is set on object 'Object Repository/HealthpostToStore/Page_HealthPost Store/input_txttreat'

2018-05-19 18:09:26 - [MESSAGE][PASSED] - Text '10' is set on object 'Object Repository/HealthpostToStore/Page_HealthPost Store/input_txttreat'

2018-05-19 18:09:26 - [TEST_STEP][PASSED] - doubleClick: Object: 'Object Repository/HealthpostToStore/Page_HealthPost Store/button_Add' is double clicked on

2018-05-19 18:09:26 - [MESSAGE][PASSED] - Object: 'Object Repository/HealthpostToStore/Page_HealthPost Store/button_Add' is double clicked on

2018-05-19 18:09:26 - [TEST_STEP][PASSED] - selectOptionByIndex: All options with index in [1] are selected on object 'Object Repository/HealthpostToStore/Page_HealthPost Store/select_--Select--Schedule 1Inj'

2018-05-19 18:09:26 - [MESSAGE][PASSED] - All options with index in [1] are selected on object 'Object Repository/HealthpostToStore/Page_HealthPost Store/select_--Select--Schedule 1Inj'

2018-05-19 18:09:26 - [TEST_STEP][PASSED] - delay: Delayed 1 second(s)

2018-05-19 18:09:27 - [MESSAGE][PASSED] - Delayed 1 second(s)

2018-05-19 18:09:27 - [TEST_STEP][PASSED] - selectOptionByIndex: All options with index in [51] are selected on object 'Object Repository/HealthpostToStore/Page_HealthPost Store/select_--Select--Adernaline 0.'

2018-05-19 18:09:28 - [MESSAGE][PASSED] - All options with index in [51] are selected on object 'Object Repository/HealthpostToStore/Page_HealthPost Store/select_--Select--Adernaline 0.'

2018-05-19 18:09:28 - [TEST_STEP][PASSED] - setText: Text '10' is set on object 'Object Repository/HealthpostToStore/Page_HealthPost Store/input_txttreat'

2018-05-19 18:09:28 - [MESSAGE][PASSED] - Text '10' is set on object 'Object Repository/HealthpostToStore/Page_HealthPost Store/input_txttreat'

2018-05-19 18:09:28 - [TEST_STEP][PASSED] - doubleClick: Object: 'Object Repository/HealthpostToStore/Page_HealthPost Store/button_Add' is double clicked on

2018-05-19 18:09:28 - [MESSAGE][PASSED] - Object: 'Object Repository/HealthpostToStore/Page_HealthPost Store/button_Add' is double clicked on

2018-05-19 18:09:28 - [TEST_STEP][PASSED] - selectOptionByIndex: All options with index in [1] are selected on object 'Object Repository/HealthpostToStore/Page_HealthPost Store/select_--Select--Schedule 1Inj'

2018-05-19 18:09:28 - [MESSAGE][PASSED] - All options with index in [1] are selected on object 'Object Repository/HealthpostToStore/Page_HealthPost Store/select_--Select--Schedule 1Inj'

2018-05-19 18:09:28 - [TEST_STEP][PASSED] - delay: Delayed 1 second(s)

2018-05-19 18:09:29 - [MESSAGE][PASSED] - Delayed 1 second(s)

2018-05-19 18:09:29 - [TEST_STEP][PASSED] - selectOptionByIndex: All options with index in [52] are selected on object 'Object Repository/HealthpostToStore/Page_HealthPost Store/select_--Select--Adernaline 0.'

2018-05-19 18:09:30 - [MESSAGE][PASSED] - All options with index in [52] are selected on object 'Object Repository/HealthpostToStore/Page_HealthPost Store/select_--Select--Adernaline 0.'

2018-05-19 18:09:30 - [TEST_STEP][PASSED] - setText: Text '10' is set on object 'Object Repository/HealthpostToStore/Page_HealthPost Store/input_txttreat'

2018-05-19 18:09:30 - [MESSAGE][PASSED] - Text '10' is set on object 'Object Repository/HealthpostToStore/Page_HealthPost Store/input_txttreat'

2018-05-19 18:09:30 - [TEST_STEP][PASSED] - doubleClick: Object: 'Object Repository/HealthpostToStore/Page_HealthPost Store/button_Add' is double clicked on

2018-05-19 18:09:30 - [MESSAGE][PASSED] - Object: 'Object Repository/HealthpostToStore/Page_HealthPost Store/button_Add' is double clicked on

2018-05-19 18:09:30 - [TEST_STEP][PASSED] - selectOptionByIndex: All options with index in [1] are selected on object 'Object Repository/HealthpostToStore/Page_HealthPost Store/select_--Select--Schedule 1Inj'

2018-05-19 18:09:30 - [MESSAGE][PASSED] - All options with index in [1] are selected on object 'Object Repository/HealthpostToStore/Page_HealthPost Store/select_--Select--Schedule 1Inj'

2018-05-19 18:09:30 - [TEST_STEP][PASSED] - delay: Delayed 1 second(s)

2018-05-19 18:09:31 - [MESSAGE][PASSED] - Delayed 1 second(s)

2018-05-19 18:09:31 - [TEST_STEP][PASSED] - selectOptionByIndex: All options with index in [53] are selected on object 'Object Repository/HealthpostToStore/Page_HealthPost Store/select_--Select--Adernaline 0.'

2018-05-19 18:09:32 - [MESSAGE][PASSED] - All options with index in [53] are selected on object 'Object Repository/HealthpostToStore/Page_HealthPost Store/select_--Select--Adernaline 0.'

2018-05-19 18:09:32 - [TEST_STEP][PASSED] - setText: Text '10' is set on object 'Object Repository/HealthpostToStore/Page_HealthPost Store/input_txttreat'

2018-05-19 18:09:32 - [MESSAGE][PASSED] - Text '10' is set on object 'Object Repository/HealthpostToStore/Page_HealthPost Store/input_txttreat'

2018-05-19 18:09:32 - [TEST_STEP][PASSED] - doubleClick: Object: 'Object Repository/HealthpostToStore/Page_HealthPost Store/button_Add' is double clicked on

2018-05-19 18:09:32 - [MESSAGE][PASSED] - Object: 'Object Repository/HealthpostToStore/Page_HealthPost Store/button_Add' is double clicked on

2018-05-19 18:09:32 - [TEST_STEP][PASSED] - selectOptionByIndex: All options with index in [1] are selected on object 'Object Repository/HealthpostToStore/Page_HealthPost Store/select_--Select--Schedule 1Inj'

2018-05-19 18:09:32 - [MESSAGE][PASSED] - All options with index in [1] are selected on object 'Object Repository/HealthpostToStore/Page_HealthPost Store/select_--Select--Schedule 1Inj'

2018-05-19 18:09:32 - [TEST_STEP][PASSED] - delay: Delayed 1 second(s)

2018-05-19 18:09:33 - [MESSAGE][PASSED] - Delayed 1 second(s)

2018-05-19 18:09:33 - [TEST_STEP][PASSED] - selectOptionByIndex: All options with index in [54] are selected on object 'Object Repository/HealthpostToStore/Page_HealthPost Store/select_--Select--Adernaline 0.'

2018-05-19 18:09:34 - [MESSAGE][PASSED] - All options with index in [54] are selected on object 'Object Repository/HealthpostToStore/Page_HealthPost Store/select_--Select--Adernaline 0.'

2018-05-19 18:09:34 - [TEST_STEP][PASSED] - setText: Text '10' is set on object 'Object Repository/HealthpostToStore/Page_HealthPost Store/input_txttreat'

2018-05-19 18:09:34 - [MESSAGE][PASSED] - Text '10' is set on object 'Object Repository/HealthpostToStore/Page_HealthPost Store/input_txttreat'

2018-05-19 18:09:34 - [TEST_STEP][PASSED] - doubleClick: Object: 'Object Repository/HealthpostToStore/Page_HealthPost Store/button_Add' is double clicked on

2018-05-19 18:09:34 - [MESSAGE][PASSED] - Object: 'Object Repository/HealthpostToStore/Page_HealthPost Store/button_Add' is double clicked on

2018-05-19 18:09:34 - [TEST_STEP][PASSED] - selectOptionByIndex: All options with index in [1] are selected on object 'Object Repository/HealthpostToStore/Page_HealthPost Store/select_--Select--Schedule 1Inj'

2018-05-19 18:09:34 - [MESSAGE][PASSED] - All options with index in [1] are selected on object 'Object Repository/HealthpostToStore/Page_HealthPost Store/select_--Select--Schedule 1Inj'

2018-05-19 18:09:34 - [TEST_STEP][PASSED] - delay: Delayed 1 second(s)

2018-05-19 18:09:35 - [MESSAGE][PASSED] - Delayed 1 second(s)

2018-05-19 18:09:35 - [TEST_STEP][PASSED] - selectOptionByIndex: All options with index in [55] are selected on object 'Object Repository/HealthpostToStore/Page_HealthPost Store/select_--Select--Adernaline 0.'

2018-05-19 18:09:36 - [MESSAGE][PASSED] - All options with index in [55] are selected on object 'Object Repository/HealthpostToStore/Page_HealthPost Store/select_--Select--Adernaline 0.'

2018-05-19 18:09:36 - [TEST_STEP][PASSED] - setText: Text '10' is set on object 'Object Repository/HealthpostToStore/Page_HealthPost Store/input_txttreat'

2018-05-19 18:09:36 - [MESSAGE][PASSED] - Text '10' is set on object 'Object Repository/HealthpostToStore/Page_HealthPost Store/input_txttreat'

2018-05-19 18:09:36 - [TEST_STEP][PASSED] - doubleClick: Object: 'Object Repository/HealthpostToStore/Page_HealthPost Store/button_Add' is double clicked on

2018-05-19 18:09:36 - [MESSAGE][PASSED] - Object: 'Object Repository/HealthpostToStore/Page_HealthPost Store/button_Add' is double clicked on

2018-05-19 18:09:36 - [TEST_STEP][PASSED] - selectOptionByIndex: All options with index in [1] are selected on object 'Object Repository/HealthpostToStore/Page_HealthPost Store/select_--Select--Schedule 1Inj'

2018-05-19 18:09:36 - [MESSAGE][PASSED] - All options with index in [1] are selected on object 'Object Repository/HealthpostToStore/Page_HealthPost Store/select_--Select--Schedule 1Inj'

2018-05-19 18:09:36 - [TEST_STEP][PASSED] - delay: Delayed 1 second(s)

2018-05-19 18:09:37 - [MESSAGE][PASSED] - Delayed 1 second(s)

2018-05-19 18:09:37 - [TEST_STEP][PASSED] - selectOptionByIndex: All options with index in [56] are selected on object 'Object Repository/HealthpostToStore/Page_HealthPost Store/select_--Select--Adernaline 0.'

2018-05-19 18:09:38 - [MESSAGE][PASSED] - All options with index in [56] are selected on object 'Object Repository/HealthpostToStore/Page_HealthPost Store/select_--Select--Adernaline 0.'

2018-05-19 18:09:38 - [TEST_STEP][PASSED] - setText: Text '10' is set on object 'Object Repository/HealthpostToStore/Page_HealthPost Store/input_txttreat'

2018-05-19 18:09:38 - [MESSAGE][PASSED] - Text '10' is set on object 'Object Repository/HealthpostToStore/Page_HealthPost Store/input_txttreat'

2018-05-19 18:09:38 - [TEST_STEP][PASSED] - doubleClick: Object: 'Object Repository/HealthpostToStore/Page_HealthPost Store/button_Add' is double clicked on

2018-05-19 18:09:38 - [MESSAGE][PASSED] - Object: 'Object Repository/HealthpostToStore/Page_HealthPost Store/button_Add' is double clicked on

2018-05-19 18:09:38 - [TEST_STEP][PASSED] - selectOptionByIndex: All options with index in [1] are selected on object 'Object Repository/HealthpostToStore/Page_HealthPost Store/select_--Select--Schedule 1Inj'

2018-05-19 18:09:38 - [MESSAGE][PASSED] - All options with index in [1] are selected on object 'Object Repository/HealthpostToStore/Page_HealthPost Store/select_--Select--Schedule 1Inj'

2018-05-19 18:09:38 - [TEST_STEP][PASSED] - delay: Delayed 1 second(s)

2018-05-19 18:09:39 - [MESSAGE][PASSED] - Delayed 1 second(s)

2018-05-19 18:09:39 - [TEST_STEP][PASSED] - selectOptionByIndex: All options with index in [57] are selected on object 'Object Repository/HealthpostToStore/Page_HealthPost Store/select_--Select--Adernaline 0.'

2018-05-19 18:09:40 - [MESSAGE][PASSED] - All options with index in [57] are selected on object 'Object Repository/HealthpostToStore/Page_HealthPost Store/select_--Select--Adernaline 0.'

2018-05-19 18:09:40 - [TEST_STEP][PASSED] - setText: Text '10' is set on object 'Object Repository/HealthpostToStore/Page_HealthPost Store/input_txttreat'

2018-05-19 18:09:40 - [MESSAGE][PASSED] - Text '10' is set on object 'Object Repository/HealthpostToStore/Page_HealthPost Store/input_txttreat'

2018-05-19 18:09:40 - [TEST_STEP][PASSED] - doubleClick: Object: 'Object Repository/HealthpostToStore/Page_HealthPost Store/button_Add' is double clicked on

2018-05-19 18:09:40 - [MESSAGE][PASSED] - Object: 'Object Repository/HealthpostToStore/Page_HealthPost Store/button_Add' is double clicked on

2018-05-19 18:09:40 - [TEST_STEP][PASSED] - selectOptionByIndex: All options with index in [1] are selected on object 'Object Repository/HealthpostToStore/Page_HealthPost Store/select_--Select--Schedule 1Inj'

2018-05-19 18:09:41 - [MESSAGE][PASSED] - All options with index in [1] are selected on object 'Object Repository/HealthpostToStore/Page_HealthPost Store/select_--Select--Schedule 1Inj'

2018-05-19 18:09:41 - [TEST_STEP][PASSED] - delay: Delayed 1 second(s)

2018-05-19 18:09:42 - [MESSAGE][PASSED] - Delayed 1 second(s)

2018-05-19 18:09:42 - [TEST_STEP][PASSED] - selectOptionByIndex: All options with index in [58] are selected on object 'Object Repository/HealthpostToStore/Page_HealthPost Store/select_--Select--Adernaline 0.'

2018-05-19 18:09:42 - [MESSAGE][PASSED] - All options with index in [58] are selected on object 'Object Repository/HealthpostToStore/Page_HealthPost Store/select_--Select--Adernaline 0.'

2018-05-19 18:09:42 - [TEST_STEP][PASSED] - setText: Text '10' is set on object 'Object Repository/HealthpostToStore/Page_HealthPost Store/input_txttreat'

2018-05-19 18:09:42 - [MESSAGE][PASSED] - Text '10' is set on object 'Object Repository/HealthpostToStore/Page_HealthPost Store/input_txttreat'

2018-05-19 18:09:42 - [TEST_STEP][PASSED] - doubleClick: Object: 'Object Repository/HealthpostToStore/Page_HealthPost Store/button_Add' is double clicked on

2018-05-19 18:09:42 - [MESSAGE][PASSED] - Object: 'Object Repository/HealthpostToStore/Page_HealthPost Store/button_Add' is double clicked on

2018-05-19 18:09:42 - [TEST_STEP][PASSED] - selectOptionByIndex: All options with index in [1] are selected on object 'Object Repository/HealthpostToStore/Page_HealthPost Store/select_--Select--Schedule 1Inj'

2018-05-19 18:09:43 - [MESSAGE][PASSED] - All options with index in [1] are selected on object 'Object Repository/HealthpostToStore/Page_HealthPost Store/select_--Select--Schedule 1Inj'

2018-05-19 18:09:43 - [TEST_STEP][PASSED] - delay: Delayed 1 second(s)

2018-05-19 18:09:44 - [MESSAGE][PASSED] - Delayed 1 second(s)

2018-05-19 18:09:44 - [TEST_STEP][PASSED] - selectOptionByIndex: All options with index in [59] are selected on object 'Object Repository/HealthpostToStore/Page_HealthPost Store/select_--Select--Adernaline 0.'

2018-05-19 18:09:44 - [MESSAGE][PASSED] - All options with index in [59] are selected on object 'Object Repository/HealthpostToStore/Page_HealthPost Store/select_--Select--Adernaline 0.'

2018-05-19 18:09:44 - [TEST_STEP][PASSED] - setText: Text '10' is set on object 'Object Repository/HealthpostToStore/Page_HealthPost Store/input_txttreat'

2018-05-19 18:09:44 - [MESSAGE][PASSED] - Text '10' is set on object 'Object Repository/HealthpostToStore/Page_HealthPost Store/input_txttreat'

2018-05-19 18:09:44 - [TEST_STEP][PASSED] - doubleClick: Object: 'Object Repository/HealthpostToStore/Page_HealthPost Store/button_Add' is double clicked on

2018-05-19 18:09:45 - [MESSAGE][PASSED] - Object: 'Object Repository/HealthpostToStore/Page_HealthPost Store/button_Add' is double clicked on

2018-05-19 18:09:45 - [TEST_STEP][PASSED] - selectOptionByIndex: All options with index in [1] are selected on object 'Object Repository/HealthpostToStore/Page_HealthPost Store/select_--Select--Schedule 1Inj'

2018-05-19 18:09:45 - [MESSAGE][PASSED] - All options with index in [1] are selected on object 'Object Repository/HealthpostToStore/Page_HealthPost Store/select_--Select--Schedule 1Inj'

2018-05-19 18:09:45 - [TEST_STEP][PASSED] - delay: Delayed 1 second(s)

2018-05-19 18:09:46 - [MESSAGE][PASSED] - Delayed 1 second(s)

2018-05-19 18:09:46 - [TEST_STEP][PASSED] - selectOptionByIndex: All options with index in [60] are selected on object 'Object Repository/HealthpostToStore/Page_HealthPost Store/select_--Select--Adernaline 0.'

2018-05-19 18:09:47 - [MESSAGE][PASSED] - All options with index in [60] are selected on object 'Object Repository/HealthpostToStore/Page_HealthPost Store/select_--Select--Adernaline 0.'

2018-05-19 18:09:47 - [TEST_STEP][PASSED] - setText: Text '10' is set on object 'Object Repository/HealthpostToStore/Page_HealthPost Store/input_txttreat'

2018-05-19 18:09:47 - [MESSAGE][PASSED] - Text '10' is set on object 'Object Repository/HealthpostToStore/Page_HealthPost Store/input_txttreat'

2018-05-19 18:09:47 - [TEST_STEP][PASSED] - doubleClick: Object: 'Object Repository/HealthpostToStore/Page_HealthPost Store/button_Add' is double clicked on

2018-05-19 18:09:47 - [MESSAGE][PASSED] - Object: 'Object Repository/HealthpostToStore/Page_HealthPost Store/button_Add' is double clicked on

2018-05-19 18:09:47 - [TEST_STEP][PASSED] - selectOptionByIndex: All options with index in [1] are selected on object 'Object Repository/HealthpostToStore/Page_HealthPost Store/select_--Select--Schedule 1Inj'

2018-05-19 18:09:47 - [MESSAGE][PASSED] - All options with index in [1] are selected on object 'Object Repository/HealthpostToStore/Page_HealthPost Store/select_--Select--Schedule 1Inj'

2018-05-19 18:09:47 - [TEST_STEP][PASSED] - delay: Delayed 1 second(s)

2018-05-19 18:09:48 - [MESSAGE][PASSED] - Delayed 1 second(s)

2018-05-19 18:09:48 - [TEST_STEP][PASSED] - selectOptionByIndex: All options with index in [61] are selected on object 'Object Repository/HealthpostToStore/Page_HealthPost Store/select_--Select--Adernaline 0.'

2018-05-19 18:09:49 - [MESSAGE][PASSED] - All options with index in [61] are selected on object 'Object Repository/HealthpostToStore/Page_HealthPost Store/select_--Select--Adernaline 0.'

2018-05-19 18:09:49 - [TEST_STEP][PASSED] - setText: Text '10' is set on object 'Object Repository/HealthpostToStore/Page_HealthPost Store/input_txttreat'

2018-05-19 18:09:49 - [MESSAGE][PASSED] - Text '10' is set on object 'Object Repository/HealthpostToStore/Page_HealthPost Store/input_txttreat'

2018-05-19 18:09:49 - [TEST_STEP][PASSED] - doubleClick: Object: 'Object Repository/HealthpostToStore/Page_HealthPost Store/button_Add' is double clicked on

2018-05-19 18:09:49 - [MESSAGE][PASSED] - Object: 'Object Repository/HealthpostToStore/Page_HealthPost Store/button_Add' is double clicked on

2018-05-19 18:09:49 - [TEST_STEP][PASSED] - selectOptionByIndex: All options with index in [1] are selected on object 'Object Repository/HealthpostToStore/Page_HealthPost Store/select_--Select--Schedule 1Inj'

2018-05-19 18:09:49 - [MESSAGE][PASSED] - All options with index in [1] are selected on object 'Object Repository/HealthpostToStore/Page_HealthPost Store/select_--Select--Schedule 1Inj'

2018-05-19 18:09:49 - [TEST_STEP][PASSED] - delay: Delayed 1 second(s)

2018-05-19 18:09:50 - [MESSAGE][PASSED] - Delayed 1 second(s)

2018-05-19 18:09:50 - [TEST_STEP][PASSED] - selectOptionByIndex: All options with index in [62] are selected on object 'Object Repository/HealthpostToStore/Page_HealthPost Store/select_--Select--Adernaline 0.'

2018-05-19 18:09:51 - [MESSAGE][PASSED] - All options with index in [62] are selected on object 'Object Repository/HealthpostToStore/Page_HealthPost Store/select_--Select--Adernaline 0.'

2018-05-19 18:09:51 - [TEST_STEP][PASSED] - setText: Text '10' is set on object 'Object Repository/HealthpostToStore/Page_HealthPost Store/input_txttreat'

2018-05-19 18:09:51 - [MESSAGE][PASSED] - Text '10' is set on object 'Object Repository/HealthpostToStore/Page_HealthPost Store/input_txttreat'

2018-05-19 18:09:51 - [TEST_STEP][PASSED] - doubleClick: Object: 'Object Repository/HealthpostToStore/Page_HealthPost Store/button_Add' is double clicked on

2018-05-19 18:09:51 - [MESSAGE][PASSED] - Object: 'Object Repository/HealthpostToStore/Page_HealthPost Store/button_Add' is double clicked on

2018-05-19 18:09:51 - [TEST_STEP][PASSED] - scrollToElement: Scroll to object 'Object Repository/HealthpostToStore/Page_HealthPost Store/input_btnsave' successfully

2018-05-19 18:09:51 - [MESSAGE][PASSED] - Scroll to object 'Object Repository/HealthpostToStore/Page_HealthPost Store/input_btnsave' successfully

2018-05-19 18:09:51 - [TEST_STEP][PASSED] - click: Object: 'Object Repository/HealthpostToStore/Page_HealthPost Store/input_btnsave' is clicked on

2018-05-19 18:09:51 - [MESSAGE][PASSED] - Object: 'Object Repository/HealthpostToStore/Page_HealthPost Store/input_btnsave' is clicked on

2018-05-19 18:09:51 - [TEST_STEP][PASSED] - delay: Delayed 3 second(s)

2018-05-19 18:09:54 - [MESSAGE][PASSED] - Delayed 3 second(s)

2018-05-19 18:09:54 - [TEST_STEP][PASSED] - Statement - RN1 = com.kms.katalon.core.webui.keyword.WebUiBuiltInKeywords.getText(com.kms.katalon.core.testobject.ObjectRepository.findTestObject(HealthpostToStore/Page_HealthPost Store/font_HPRNO180520187)): Text of object 'Object Repository/HealthpostToStore/Page_HealthPost Store/font_HPRNO180520187' is: 'HPRNO/19052018/45'

2018-05-19 18:09:54 - [MESSAGE][PASSED] - Text of object 'Object Repository/HealthpostToStore/Page_HealthPost Store/font_HPRNO180520187' is: 'HPRNO/19052018/45'

2018-05-19 18:09:54 - [TEST_STEP][PASSED] - Statement - out.println(RN1): null

2018-05-19 18:09:54 - [TEST_STEP][PASSED] - Statement - RID = RN1.split("/")[2]: null

2018-05-19 18:09:54 - [TEST_STEP][PASSED] - click: Object: 'Object Repository/HealthpostToStore/Page_HealthPost Store/button_OK' is clicked on

2018-05-19 18:09:55 - [MESSAGE][PASSED] - Object: 'Object Repository/HealthpostToStore/Page_HealthPost Store/button_OK' is clicked on

2018-05-19 18:09:55 - [TEST_STEP][PASSED] - delay: Delayed 3 second(s)

2018-05-19 18:09:58 - [MESSAGE][PASSED] - Delayed 3 second(s)

2018-05-19 18:09:58 - [TEST_STEP][PASSED] - click: Object: 'Object Repository/HealthpostToStore/Page_HealthPost Store/a_dropdown-toggle' is clicked on

2018-05-19 18:09:58 - [MESSAGE][PASSED] - Object: 'Object Repository/HealthpostToStore/Page_HealthPost Store/a_dropdown-toggle' is clicked on

2018-05-19 18:09:58 - [TEST_STEP][PASSED] - click: Object: 'Object Repository/HealthpostToStore/Page_HealthPost Store/a_Sign out' is clicked on

2018-05-19 18:09:59 - [MESSAGE][PASSED] - Object: 'Object Repository/HealthpostToStore/Page_HealthPost Store/a_Sign out' is clicked on

2018-05-19 18:09:59 - [TEST_STEP][PASSED] - delay: Delayed 3 second(s)

2018-05-19 18:10:02 - [MESSAGE][PASSED] - Delayed 3 second(s)

2018-05-19 18:10:02 - [TEST_STEP][PASSED] - navigateToUrl: Navigate to 'http://192.168.137.1/multihospital_new/' successfully

2018-05-19 18:10:03 - [MESSAGE][PASSED] - Navigate to 'http://192.168.137.1/multihospital_new/' successfully

2018-05-19 18:10:03 - [TEST_STEP][PASSED] - click: Object: 'Object Repository/HealthpostToStore/Page_KDMC/a_CMO' is clicked on

2018-05-19 18:10:04 - [MESSAGE][PASSED] - Object: 'Object Repository/HealthpostToStore/Page_KDMC/a_CMO' is clicked on

2018-05-19 18:10:04 - [TEST_STEP][PASSED] - setText: Text 'guru' is set on object 'Object Repository/HealthpostToStore/Page_CMO login/input_txtusername'

2018-05-19 18:10:04 - [MESSAGE][PASSED] - Text 'guru' is set on object 'Object Repository/HealthpostToStore/Page_CMO login/input_txtusername'

2018-05-19 18:10:04 - [TEST_STEP][PASSED] - setText: Text '123' is set on object 'Object Repository/HealthpostToStore/Page_CMO login/input_txtpassword'

2018-05-19 18:10:04 - [MESSAGE][PASSED] - Text '123' is set on object 'Object Repository/HealthpostToStore/Page_CMO login/input_txtpassword'

2018-05-19 18:10:04 - [TEST_STEP][PASSED] - delay: Delayed 3 second(s)

2018-05-19 18:10:07 - [MESSAGE][PASSED] - Delayed 3 second(s)

2018-05-19 18:10:07 - [TEST_STEP][PASSED] - click: Object: 'Object Repository/HealthpostToStore/Page_CMO login/button_Sign in' is clicked on

2018-05-19 18:10:11 - [MESSAGE][PASSED] - Object: 'Object Repository/HealthpostToStore/Page_CMO login/button_Sign in' is clicked on

2018-05-19 18:10:11 - [TEST_STEP][PASSED] - click: Object: 'Object Repository/HealthpostToStore/Page_KDMC - CMO/a_Department Wise Request' is clicked on

2018-05-19 18:10:13 - [MESSAGE][PASSED] - Object: 'Object Repository/HealthpostToStore/Page_KDMC - CMO/a_Department Wise Request' is clicked on

2018-05-19 18:10:13 - [TEST_STEP][PASSED] - delay: Delayed 2 second(s)

2018-05-19 18:10:15 - [MESSAGE][PASSED] - Delayed 2 second(s)

2018-05-19 18:10:15 - [TEST_STEP][PASSED] - selectOptionByIndex: All options with index in [5] are selected on object 'Object Repository/HealthpostToStore/Page_KDMC - CMO/select_--ALL--'

2018-05-19 18:10:15 - [MESSAGE][PASSED] - All options with index in [5] are selected on object 'Object Repository/HealthpostToStore/Page_KDMC - CMO/select_--ALL--'

2018-05-19 18:10:15 - [TEST_STEP][PASSED] - click: Object: 'Object Repository/HealthpostToStore/Page_KDMC - CMO/input_btnsearch' is clicked on

2018-05-19 18:10:16 - [MESSAGE][PASSED] - Object: 'Object Repository/HealthpostToStore/Page_KDMC - CMO/input_btnsearch' is clicked on

2018-05-19 18:10:16 - [TEST_STEP][PASSED] - selectOptionByIndex: All options with index in [1] are selected on object 'Object Repository/HealthpostToStore/Page_KDMC - CMO/select_--ALL--                _1'

2018-05-19 18:10:16 - [MESSAGE][PASSED] - All options with index in [1] are selected on object 'Object Repository/HealthpostToStore/Page_KDMC - CMO/select_--ALL--                _1'

2018-05-19 18:10:16 - [TEST_STEP][PASSED] - click: Object: 'Object Repository/HealthpostToStore/Page_KDMC - CMO/input_btnsearch' is clicked on

2018-05-19 18:10:16 - [MESSAGE][PASSED] - Object: 'Object Repository/HealthpostToStore/Page_KDMC - CMO/input_btnsearch' is clicked on

2018-05-19 18:10:16 - [TEST_STEP][PASSED] - Statement - ID = com.kms.katalon.core.webui.keyword.WebUiBuiltInKeywords.modifyObjectProperty(com.kms.katalon.core.testobject.ObjectRepository.findTestObject(lab/Page_KDMC - CMO/input_1), "xpath", "equals", "//*[@id=" + RID + "]", true): Modify property of object successfully

2018-05-19 18:10:16 - [MESSAGE][PASSED] - Modify property of object successfully

2018-05-19 18:10:16 - [TEST_STEP][PASSED] - click: Object: 'Object Repository/lab/Page_KDMC - CMO/input_1' is clicked on

2018-05-19 18:10:17 - [MESSAGE][PASSED] - Object: 'Object Repository/lab/Page_KDMC - CMO/input_1' is clicked on

2018-05-19 18:10:17 - [TEST_STEP][PASSED] - delay: Delayed 2 second(s)

2018-05-19 18:10:19 - [MESSAGE][PASSED] - Delayed 2 second(s)

2018-05-19 18:10:19 - [TEST_STEP][PASSED] - selectOptionByIndex: All options with index in [1] are selected on object 'Object Repository/HealthpostToStore/Page_KDMC - CMO/select_--Select--'

2018-05-19 18:10:19 - [MESSAGE][PASSED] - All options with index in [1] are selected on object 'Object Repository/HealthpostToStore/Page_KDMC - CMO/select_--Select--'

2018-05-19 18:10:19 - [TEST_STEP][PASSED] - click: Object: 'Object Repository/HealthpostToStore/Page_KDMC - CMO/input_btnupdate' is clicked on

2018-05-19 18:10:19 - [MESSAGE][PASSED] - Object: 'Object Repository/HealthpostToStore/Page_KDMC - CMO/input_btnupdate' is clicked on

2018-05-19 18:10:19 - [TEST_STEP][PASSED] - delay: Delayed 2 second(s)

2018-05-19 18:10:21 - [MESSAGE][PASSED] - Delayed 2 second(s)

2018-05-19 18:10:21 - [TEST_STEP][PASSED] - click: Object: 'Object Repository/HealthpostToStore/Page_KDMC - CMO/button_OK' is clicked on

2018-05-19 18:10:22 - [MESSAGE][PASSED] - Object: 'Object Repository/HealthpostToStore/Page_KDMC - CMO/button_OK' is clicked on

2018-05-19 18:10:22 - [TEST_STEP][PASSED] - delay: Delayed 2 second(s)

2018-05-19 18:10:24 - [MESSAGE][PASSED] - Delayed 2 second(s)

2018-05-19 18:10:24 - [TEST_STEP][PASSED] - click: Object: 'Object Repository/HealthpostToStore/Page_KDMC - CMO/a_dropdown-toggle' is clicked on

2018-05-19 18:10:24 - [MESSAGE][PASSED] - Object: 'Object Repository/HealthpostToStore/Page_KDMC - CMO/a_dropdown-toggle' is clicked on

2018-05-19 18:10:24 - [TEST_STEP][PASSED] - click: Object: 'Object Repository/HealthpostToStore/Page_KDMC - CMO/a_Sign out' is clicked on

2018-05-19 18:10:24 - [MESSAGE][PASSED] - Object: 'Object Repository/HealthpostToStore/Page_KDMC - CMO/a_Sign out' is clicked on

2018-05-19 18:10:24 - [TEST_STEP][PASSED] - delay: Delayed 3 second(s)

2018-05-19 18:10:27 - [MESSAGE][PASSED] - Delayed 3 second(s)

2018-05-19 18:10:27 - [TEST_STEP][PASSED] - click: Object: 'Object Repository/HealthpostToStore/Page_KDMC/a_Divisional Store' is clicked on

2018-05-19 18:10:29 - [MESSAGE][PASSED] - Object: 'Object Repository/HealthpostToStore/Page_KDMC/a_Divisional Store' is clicked on

2018-05-19 18:10:29 - [TEST_STEP][PASSED] - setText: Text 'ragu' is set on object 'Object Repository/HealthpostToStore/Page_Divisonal Store Login/input_txtusername'

2018-05-19 18:10:29 - [MESSAGE][PASSED] - Text 'ragu' is set on object 'Object Repository/HealthpostToStore/Page_Divisonal Store Login/input_txtusername'

2018-05-19 18:10:29 - [TEST_STEP][PASSED] - setText: Text '123' is set on object 'Object Repository/HealthpostToStore/Page_Divisonal Store Login/input_txtpassword'

2018-05-19 18:10:29 - [MESSAGE][PASSED] - Text '123' is set on object 'Object Repository/HealthpostToStore/Page_Divisonal Store Login/input_txtpassword'

2018-05-19 18:10:29 - [TEST_STEP][PASSED] - delay: Delayed 3 second(s)

2018-05-19 18:10:32 - [MESSAGE][PASSED] - Delayed 3 second(s)

2018-05-19 18:10:32 - [TEST_STEP][PASSED] - click: Object: 'Object Repository/HealthpostToStore/Page_Divisonal Store Login/button_Sign in' is clicked on

2018-05-19 18:10:34 - [MESSAGE][PASSED] - Object: 'Object Repository/HealthpostToStore/Page_Divisonal Store Login/button_Sign in' is clicked on

2018-05-19 18:10:34 - [TEST_STEP][PASSED] - delay: Delayed 3 second(s)

2018-05-19 18:10:37 - [MESSAGE][PASSED] - Delayed 3 second(s)

2018-05-19 18:10:37 - [TEST_STEP][PASSED] - click: Object: 'Object Repository/HealthpostToStore/Page_Store/a_Health Post Request' is clicked on

2018-05-19 18:10:37 - [MESSAGE][PASSED] - Object: 'Object Repository/HealthpostToStore/Page_Store/a_Health Post Request' is clicked on

2018-05-19 18:10:37 - [TEST_STEP][PASSED] - click: Object: 'Object Repository/HealthpostToStore/Page_Store/a_Request Item HealthPost' is clicked on

2018-05-19 18:10:38 - [MESSAGE][PASSED] - Object: 'Object Repository/HealthpostToStore/Page_Store/a_Request Item HealthPost' is clicked on

2018-05-19 18:10:38 - [TEST_STEP][PASSED] - Statement - ChooseRequest = com.kms.katalon.core.webui.keyword.WebUiBuiltInKeywords.modifyObjectProperty(com.kms.katalon.core.testobject.ObjectRepository.findTestObject(lab/Page_Store/input_1), "xpath", "equals", "//*[@id=" + RID + "]", true): Modify property of object successfully

2018-05-19 18:10:38 - [MESSAGE][PASSED] - Modify property of object successfully

2018-05-19 18:10:38 - [TEST_STEP][PASSED] - click: Object: 'Object Repository/lab/Page_Store/input_1' is clicked on

2018-05-19 18:10:39 - [MESSAGE][PASSED] - Object: 'Object Repository/lab/Page_Store/input_1' is clicked on

2018-05-19 18:10:39 - [TEST_STEP][PASSED] - Statement - selectedoptions = com.kms.katalon.core.webui.keyword.WebUiBuiltInKeywords.getNumberOfTotalOption(com.kms.katalon.core.testobject.ObjectRepository.findTestObject(HealthpostToStore/Page_Store/select_--Select--Adernaline 0.)): 63 options of object 'Object Repository/HealthpostToStore/Page_Store/select_--Select--Adernaline 0.' counted

2018-05-19 18:10:39 - [MESSAGE][PASSED] - 63 options of object 'Object Repository/HealthpostToStore/Page_Store/select_--Select--Adernaline 0.' counted

2018-05-19 18:10:39 - [TEST_STEP][PASSED] - Statement - For ([a = 1, a <= selectedoptions - 1, (a++)]): null

2018-05-19 18:10:39 - [TEST_STEP][PASSED] - selectOptionByIndex: All options with index in [1] are selected on object 'Object Repository/HealthpostToStore/Page_Store/select_--Select--Adernaline 0.'

2018-05-19 18:10:39 - [MESSAGE][PASSED] - All options with index in [1] are selected on object 'Object Repository/HealthpostToStore/Page_Store/select_--Select--Adernaline 0.'

2018-05-19 18:10:39 - [TEST_STEP][PASSED] - delay: Delayed 2 second(s)

2018-05-19 18:10:41 - [MESSAGE][PASSED] - Delayed 2 second(s)

2018-05-19 18:10:41 - [TEST_STEP][PASSED] - Statement - RequestedQty = com.kms.katalon.core.webui.keyword.WebUiBuiltInKeywords.getAttribute(com.kms.katalon.core.testobject.ObjectRepository.findTestObject(HealthpostToStore/Page_Store/input_txttotal), "value"): Attribute 'value' of object 'Object Repository/HealthpostToStore/Page_Store/input_txttotal' is: '10'

2018-05-19 18:10:41 - [MESSAGE][PASSED] - Attribute 'value' of object 'Object Repository/HealthpostToStore/Page_Store/input_txttotal' is: '10'

2018-05-19 18:10:41 - [TEST_STEP][PASSED] - Statement - out.println("Requested QTY : " + RequestedQty): null

2018-05-19 18:10:41 - [TEST_STEP][PASSED] - Statement - BatchNumber = com.kms.katalon.core.webui.keyword.WebUiBuiltInKeywords.getNumberOfTotalOption(com.kms.katalon.core.testobject.ObjectRepository.findTestObject(HealthpostToStore/Page_Store/select_--Select--BA1170BA2376B)): 4 options of object 'Object Repository/HealthpostToStore/Page_Store/select_--Select--BA1170BA2376B' counted

2018-05-19 18:10:41 - [MESSAGE][PASSED] - 4 options of object 'Object Repository/HealthpostToStore/Page_Store/select_--Select--BA1170BA2376B' counted

2018-05-19 18:10:41 - [TEST_STEP][PASSED] - Statement - For ([g = 1, g <= BatchNumber - 1, (g++)]): null

2018-05-19 18:10:41 - [TEST_STEP][PASSED] - selectOptionByIndex: All options with index in [1] are selected on object 'Object Repository/HealthpostToStore/Page_Store/select_--Select--BA1170BA2376B'

2018-05-19 18:10:42 - [MESSAGE][PASSED] - All options with index in [1] are selected on object 'Object Repository/HealthpostToStore/Page_Store/select_--Select--BA1170BA2376B'

2018-05-19 18:10:42 - [TEST_STEP][PASSED] - Statement - Try: null

2018-05-19 18:10:42 - [TEST_STEP][PASSED] - Statement - StockQty = com.kms.katalon.core.webui.keyword.WebUiBuiltInKeywords.getAttribute(com.kms.katalon.core.testobject.ObjectRepository.findTestObject(HealthpostToStore/Page_Store/input_txtprice), "value"): Attribute 'value' of object 'Object Repository/HealthpostToStore/Page_Store/input_txtprice' is: '890'

2018-05-19 18:10:42 - [MESSAGE][PASSED] - Attribute 'value' of object 'Object Repository/HealthpostToStore/Page_Store/input_txtprice' is: '890'

2018-05-19 18:10:42 - [TEST_STEP][PASSED] - Statement - out.println("Stock QTY : " + StockQty): null

2018-05-19 18:10:42 - [TEST_STEP][PASSED] - delay: Delayed 2 second(s)

2018-05-19 18:10:44 - [MESSAGE][PASSED] - Delayed 2 second(s)

2018-05-19 18:10:44 - [TEST_STEP][PASSED] - Statement - If (java.lang.String.valueOf(StockQty) >= java.lang.String.valueOf(RequestedQty)): null

2018-05-19 18:10:44 - [TEST_STEP][PASSED] - setText: Text '10' is set on object 'Object Repository/HealthpostToStore/Page_Store/input_txtqty'

2018-05-19 18:10:44 - [MESSAGE][PASSED] - Text '10' is set on object 'Object Repository/HealthpostToStore/Page_Store/input_txtqty'

2018-05-19 18:10:44 - [TEST_STEP][PASSED] - click: Object: 'Object Repository/HealthpostToStore/Page_Store/button_Add' is clicked on

2018-05-19 18:10:44 - [MESSAGE][PASSED] - Object: 'Object Repository/HealthpostToStore/Page_Store/button_Add' is clicked on

2018-05-19 18:10:44 - [TEST_STEP][PASSED] - Statement - Break: null

2018-05-19 18:10:44 - [TEST_STEP][PASSED] - selectOptionByIndex: All options with index in [2] are selected on object 'Object Repository/HealthpostToStore/Page_Store/select_--Select--Adernaline 0.'

2018-05-19 18:10:44 - [MESSAGE][PASSED] - All options with index in [2] are selected on object 'Object Repository/HealthpostToStore/Page_Store/select_--Select--Adernaline 0.'

2018-05-19 18:10:44 - [TEST_STEP][PASSED] - delay: Delayed 2 second(s)

2018-05-19 18:10:46 - [MESSAGE][PASSED] - Delayed 2 second(s)

2018-05-19 18:10:46 - [TEST_STEP][PASSED] - Statement - RequestedQty = com.kms.katalon.core.webui.keyword.WebUiBuiltInKeywords.getAttribute(com.kms.katalon.core.testobject.ObjectRepository.findTestObject(HealthpostToStore/Page_Store/input_txttotal), "value"): Attribute 'value' of object 'Object Repository/HealthpostToStore/Page_Store/input_txttotal' is: '10'

2018-05-19 18:10:46 - [MESSAGE][PASSED] - Attribute 'value' of object 'Object Repository/HealthpostToStore/Page_Store/input_txttotal' is: '10'

2018-05-19 18:10:46 - [TEST_STEP][PASSED] - Statement - out.println("Requested QTY : " + RequestedQty): null

2018-05-19 18:10:46 - [TEST_STEP][PASSED] - Statement - BatchNumber = com.kms.katalon.core.webui.keyword.WebUiBuiltInKeywords.getNumberOfTotalOption(com.kms.katalon.core.testobject.ObjectRepository.findTestObject(HealthpostToStore/Page_Store/select_--Select--BA1170BA2376B)): 3 options of object 'Object Repository/HealthpostToStore/Page_Store/select_--Select--BA1170BA2376B' counted

2018-05-19 18:10:46 - [MESSAGE][PASSED] - 3 options of object 'Object Repository/HealthpostToStore/Page_Store/select_--Select--BA1170BA2376B' counted

2018-05-19 18:10:46 - [TEST_STEP][PASSED] - Statement - For ([g = 1, g <= BatchNumber - 1, (g++)]): null

2018-05-19 18:10:46 - [TEST_STEP][PASSED] - selectOptionByIndex: All options with index in [1] are selected on object 'Object Repository/HealthpostToStore/Page_Store/select_--Select--BA1170BA2376B'

2018-05-19 18:10:46 - [MESSAGE][PASSED] - All options with index in [1] are selected on object 'Object Repository/HealthpostToStore/Page_Store/select_--Select--BA1170BA2376B'

2018-05-19 18:10:46 - [TEST_STEP][PASSED] - Statement - Try: null

2018-05-19 18:10:46 - [TEST_STEP][PASSED] - Statement - StockQty = com.kms.katalon.core.webui.keyword.WebUiBuiltInKeywords.getAttribute(com.kms.katalon.core.testobject.ObjectRepository.findTestObject(HealthpostToStore/Page_Store/input_txtprice), "value"): Attribute 'value' of object 'Object Repository/HealthpostToStore/Page_Store/input_txtprice' is: '885'

2018-05-19 18:10:46 - [MESSAGE][PASSED] - Attribute 'value' of object 'Object Repository/HealthpostToStore/Page_Store/input_txtprice' is: '885'

2018-05-19 18:10:46 - [TEST_STEP][PASSED] - Statement - out.println("Stock QTY : " + StockQty): null

2018-05-19 18:10:46 - [TEST_STEP][PASSED] - delay: Delayed 2 second(s)

2018-05-19 18:10:48 - [MESSAGE][PASSED] - Delayed 2 second(s)

2018-05-19 18:10:48 - [TEST_STEP][PASSED] - Statement - If (java.lang.String.valueOf(StockQty) >= java.lang.String.valueOf(RequestedQty)): null

2018-05-19 18:10:48 - [TEST_STEP][PASSED] - setText: Text '10' is set on object 'Object Repository/HealthpostToStore/Page_Store/input_txtqty'

2018-05-19 18:10:48 - [MESSAGE][PASSED] - Text '10' is set on object 'Object Repository/HealthpostToStore/Page_Store/input_txtqty'

2018-05-19 18:10:48 - [TEST_STEP][PASSED] - click: Object: 'Object Repository/HealthpostToStore/Page_Store/button_Add' is clicked on

2018-05-19 18:10:48 - [MESSAGE][PASSED] - Object: 'Object Repository/HealthpostToStore/Page_Store/button_Add' is clicked on

2018-05-19 18:10:48 - [TEST_STEP][PASSED] - Statement - Break: null

2018-05-19 18:10:48 - [TEST_STEP][PASSED] - selectOptionByIndex: All options with index in [3] are selected on object 'Object Repository/HealthpostToStore/Page_Store/select_--Select--Adernaline 0.'

2018-05-19 18:10:49 - [MESSAGE][PASSED] - All options with index in [3] are selected on object 'Object Repository/HealthpostToStore/Page_Store/select_--Select--Adernaline 0.'

2018-05-19 18:10:49 - [TEST_STEP][PASSED] - delay: Delayed 2 second(s)

2018-05-19 18:10:51 - [MESSAGE][PASSED] - Delayed 2 second(s)

2018-05-19 18:10:51 - [TEST_STEP][PASSED] - Statement - RequestedQty = com.kms.katalon.core.webui.keyword.WebUiBuiltInKeywords.getAttribute(com.kms.katalon.core.testobject.ObjectRepository.findTestObject(HealthpostToStore/Page_Store/input_txttotal), "value"): Attribute 'value' of object 'Object Repository/HealthpostToStore/Page_Store/input_txttotal' is: '10'

2018-05-19 18:10:51 - [MESSAGE][PASSED] - Attribute 'value' of object 'Object Repository/HealthpostToStore/Page_Store/input_txttotal' is: '10'

2018-05-19 18:10:51 - [TEST_STEP][PASSED] - Statement - out.println("Requested QTY : " + RequestedQty): null

2018-05-19 18:10:51 - [TEST_STEP][PASSED] - Statement - BatchNumber = com.kms.katalon.core.webui.keyword.WebUiBuiltInKeywords.getNumberOfTotalOption(com.kms.katalon.core.testobject.ObjectRepository.findTestObject(HealthpostToStore/Page_Store/select_--Select--BA1170BA2376B)): 3 options of object 'Object Repository/HealthpostToStore/Page_Store/select_--Select--BA1170BA2376B' counted

2018-05-19 18:10:51 - [MESSAGE][PASSED] - 3 options of object 'Object Repository/HealthpostToStore/Page_Store/select_--Select--BA1170BA2376B' counted

2018-05-19 18:10:51 - [TEST_STEP][PASSED] - Statement - For ([g = 1, g <= BatchNumber - 1, (g++)]): null

2018-05-19 18:10:51 - [TEST_STEP][PASSED] - selectOptionByIndex: All options with index in [1] are selected on object 'Object Repository/HealthpostToStore/Page_Store/select_--Select--BA1170BA2376B'

2018-05-19 18:10:51 - [MESSAGE][PASSED] - All options with index in [1] are selected on object 'Object Repository/HealthpostToStore/Page_Store/select_--Select--BA1170BA2376B'

2018-05-19 18:10:51 - [TEST_STEP][PASSED] - Statement - Try: null

2018-05-19 18:10:51 - [TEST_STEP][PASSED] - Statement - StockQty = com.kms.katalon.core.webui.keyword.WebUiBuiltInKeywords.getAttribute(com.kms.katalon.core.testobject.ObjectRepository.findTestObject(HealthpostToStore/Page_Store/input_txtprice), "value"): Attribute 'value' of object 'Object Repository/HealthpostToStore/Page_Store/input_txtprice' is: '1840'

2018-05-19 18:10:51 - [MESSAGE][PASSED] - Attribute 'value' of object 'Object Repository/HealthpostToStore/Page_Store/input_txtprice' is: '1840'

2018-05-19 18:10:51 - [TEST_STEP][PASSED] - Statement - out.println("Stock QTY : " + StockQty): null

2018-05-19 18:10:51 - [TEST_STEP][PASSED] - delay: Delayed 2 second(s)

2018-05-19 18:10:53 - [MESSAGE][PASSED] - Delayed 2 second(s)

2018-05-19 18:10:53 - [TEST_STEP][PASSED] - Statement - If (java.lang.String.valueOf(StockQty) >= java.lang.String.valueOf(RequestedQty)): null

2018-05-19 18:10:53 - [TEST_STEP][PASSED] - setText: Text '10' is set on object 'Object Repository/HealthpostToStore/Page_Store/input_txtqty'

2018-05-19 18:10:53 - [MESSAGE][PASSED] - Text '10' is set on object 'Object Repository/HealthpostToStore/Page_Store/input_txtqty'

2018-05-19 18:10:53 - [TEST_STEP][PASSED] - click: Object: 'Object Repository/HealthpostToStore/Page_Store/button_Add' is clicked on

2018-05-19 18:10:53 - [MESSAGE][PASSED] - Object: 'Object Repository/HealthpostToStore/Page_Store/button_Add' is clicked on

2018-05-19 18:10:53 - [TEST_STEP][PASSED] - Statement - Break: null

2018-05-19 18:10:53 - [TEST_STEP][PASSED] - selectOptionByIndex: All options with index in [4] are selected on object 'Object Repository/HealthpostToStore/Page_Store/select_--Select--Adernaline 0.'

2018-05-19 18:10:53 - [MESSAGE][PASSED] - All options with index in [4] are selected on object 'Object Repository/HealthpostToStore/Page_Store/select_--Select--Adernaline 0.'

2018-05-19 18:10:53 - [TEST_STEP][PASSED] - delay: Delayed 2 second(s)

2018-05-19 18:10:55 - [MESSAGE][PASSED] - Delayed 2 second(s)

2018-05-19 18:10:55 - [TEST_STEP][PASSED] - Statement - RequestedQty = com.kms.katalon.core.webui.keyword.WebUiBuiltInKeywords.getAttribute(com.kms.katalon.core.testobject.ObjectRepository.findTestObject(HealthpostToStore/Page_Store/input_txttotal), "value"): Attribute 'value' of object 'Object Repository/HealthpostToStore/Page_Store/input_txttotal' is: '10'

2018-05-19 18:10:55 - [MESSAGE][PASSED] - Attribute 'value' of object 'Object Repository/HealthpostToStore/Page_Store/input_txttotal' is: '10'

2018-05-19 18:10:55 - [TEST_STEP][PASSED] - Statement - out.println("Requested QTY : " + RequestedQty): null

2018-05-19 18:10:55 - [TEST_STEP][PASSED] - Statement - BatchNumber = com.kms.katalon.core.webui.keyword.WebUiBuiltInKeywords.getNumberOfTotalOption(com.kms.katalon.core.testobject.ObjectRepository.findTestObject(HealthpostToStore/Page_Store/select_--Select--BA1170BA2376B)): 4 options of object 'Object Repository/HealthpostToStore/Page_Store/select_--Select--BA1170BA2376B' counted

2018-05-19 18:10:55 - [MESSAGE][PASSED] - 4 options of object 'Object Repository/HealthpostToStore/Page_Store/select_--Select--BA1170BA2376B' counted

2018-05-19 18:10:55 - [TEST_STEP][PASSED] - Statement - For ([g = 1, g <= BatchNumber - 1, (g++)]): null

2018-05-19 18:10:55 - [TEST_STEP][PASSED] - selectOptionByIndex: All options with index in [1] are selected on object 'Object Repository/HealthpostToStore/Page_Store/select_--Select--BA1170BA2376B'

2018-05-19 18:10:55 - [MESSAGE][PASSED] - All options with index in [1] are selected on object 'Object Repository/HealthpostToStore/Page_Store/select_--Select--BA1170BA2376B'

2018-05-19 18:10:55 - [TEST_STEP][PASSED] - Statement - Try: null

2018-05-19 18:10:55 - [TEST_STEP][PASSED] - Statement - StockQty = com.kms.katalon.core.webui.keyword.WebUiBuiltInKeywords.getAttribute(com.kms.katalon.core.testobject.ObjectRepository.findTestObject(HealthpostToStore/Page_Store/input_txtprice), "value"): Attribute 'value' of object 'Object Repository/HealthpostToStore/Page_Store/input_txtprice' is: '890'

2018-05-19 18:10:55 - [MESSAGE][PASSED] - Attribute 'value' of object 'Object Repository/HealthpostToStore/Page_Store/input_txtprice' is: '890'

2018-05-19 18:10:55 - [TEST_STEP][PASSED] - Statement - out.println("Stock QTY : " + StockQty): null

2018-05-19 18:10:55 - [TEST_STEP][PASSED] - delay: Delayed 2 second(s)

2018-05-19 18:10:57 - [MESSAGE][PASSED] - Delayed 2 second(s)

2018-05-19 18:10:57 - [TEST_STEP][PASSED] - Statement - If (java.lang.String.valueOf(StockQty) >= java.lang.String.valueOf(RequestedQty)): null

2018-05-19 18:10:57 - [TEST_STEP][PASSED] - setText: Text '10' is set on object 'Object Repository/HealthpostToStore/Page_Store/input_txtqty'

2018-05-19 18:10:58 - [MESSAGE][PASSED] - Text '10' is set on object 'Object Repository/HealthpostToStore/Page_Store/input_txtqty'

2018-05-19 18:10:58 - [TEST_STEP][PASSED] - click: Object: 'Object Repository/HealthpostToStore/Page_Store/button_Add' is clicked on

2018-05-19 18:10:58 - [MESSAGE][PASSED] - Object: 'Object Repository/HealthpostToStore/Page_Store/button_Add' is clicked on

2018-05-19 18:10:58 - [TEST_STEP][PASSED] - Statement - Break: null

2018-05-19 18:10:58 - [TEST_STEP][PASSED] - selectOptionByIndex: All options with index in [5] are selected on object 'Object Repository/HealthpostToStore/Page_Store/select_--Select--Adernaline 0.'

2018-05-19 18:10:58 - [MESSAGE][PASSED] - All options with index in [5] are selected on object 'Object Repository/HealthpostToStore/Page_Store/select_--Select--Adernaline 0.'

2018-05-19 18:10:58 - [TEST_STEP][PASSED] - delay: Delayed 2 second(s)

2018-05-19 18:11:00 - [MESSAGE][PASSED] - Delayed 2 second(s)

2018-05-19 18:11:00 - [TEST_STEP][PASSED] - Statement - RequestedQty = com.kms.katalon.core.webui.keyword.WebUiBuiltInKeywords.getAttribute(com.kms.katalon.core.testobject.ObjectRepository.findTestObject(HealthpostToStore/Page_Store/input_txttotal), "value"): Attribute 'value' of object 'Object Repository/HealthpostToStore/Page_Store/input_txttotal' is: '10'

2018-05-19 18:11:00 - [MESSAGE][PASSED] - Attribute 'value' of object 'Object Repository/HealthpostToStore/Page_Store/input_txttotal' is: '10'

2018-05-19 18:11:00 - [TEST_STEP][PASSED] - Statement - out.println("Requested QTY : " + RequestedQty): null

2018-05-19 18:11:00 - [TEST_STEP][PASSED] - Statement - BatchNumber = com.kms.katalon.core.webui.keyword.WebUiBuiltInKeywords.getNumberOfTotalOption(com.kms.katalon.core.testobject.ObjectRepository.findTestObject(HealthpostToStore/Page_Store/select_--Select--BA1170BA2376B)): 3 options of object 'Object Repository/HealthpostToStore/Page_Store/select_--Select--BA1170BA2376B' counted

2018-05-19 18:11:00 - [MESSAGE][PASSED] - 3 options of object 'Object Repository/HealthpostToStore/Page_Store/select_--Select--BA1170BA2376B' counted

2018-05-19 18:11:00 - [TEST_STEP][PASSED] - Statement - For ([g = 1, g <= BatchNumber - 1, (g++)]): null

2018-05-19 18:11:00 - [TEST_STEP][PASSED] - selectOptionByIndex: All options with index in [1] are selected on object 'Object Repository/HealthpostToStore/Page_Store/select_--Select--BA1170BA2376B'

2018-05-19 18:11:00 - [MESSAGE][PASSED] - All options with index in [1] are selected on object 'Object Repository/HealthpostToStore/Page_Store/select_--Select--BA1170BA2376B'

2018-05-19 18:11:00 - [TEST_STEP][PASSED] - Statement - Try: null

2018-05-19 18:11:00 - [TEST_STEP][PASSED] - Statement - StockQty = com.kms.katalon.core.webui.keyword.WebUiBuiltInKeywords.getAttribute(com.kms.katalon.core.testobject.ObjectRepository.findTestObject(HealthpostToStore/Page_Store/input_txtprice), "value"): Attribute 'value' of object 'Object Repository/HealthpostToStore/Page_Store/input_txtprice' is: '950'

2018-05-19 18:11:00 - [MESSAGE][PASSED] - Attribute 'value' of object 'Object Repository/HealthpostToStore/Page_Store/input_txtprice' is: '950'

2018-05-19 18:11:00 - [TEST_STEP][PASSED] - Statement - out.println("Stock QTY : " + StockQty): null

2018-05-19 18:11:00 - [TEST_STEP][PASSED] - delay: Delayed 2 second(s)

2018-05-19 18:11:02 - [MESSAGE][PASSED] - Delayed 2 second(s)

2018-05-19 18:11:02 - [TEST_STEP][PASSED] - Statement - If (java.lang.String.valueOf(StockQty) >= java.lang.String.valueOf(RequestedQty)): null

2018-05-19 18:11:02 - [TEST_STEP][PASSED] - setText: Text '10' is set on object 'Object Repository/HealthpostToStore/Page_Store/input_txtqty'

2018-05-19 18:11:02 - [MESSAGE][PASSED] - Text '10' is set on object 'Object Repository/HealthpostToStore/Page_Store/input_txtqty'

2018-05-19 18:11:02 - [TEST_STEP][PASSED] - click: Object: 'Object Repository/HealthpostToStore/Page_Store/button_Add' is clicked on

2018-05-19 18:11:02 - [MESSAGE][PASSED] - Object: 'Object Repository/HealthpostToStore/Page_Store/button_Add' is clicked on

2018-05-19 18:11:02 - [TEST_STEP][PASSED] - Statement - Break: null

2018-05-19 18:11:02 - [TEST_STEP][PASSED] - selectOptionByIndex: All options with index in [6] are selected on object 'Object Repository/HealthpostToStore/Page_Store/select_--Select--Adernaline 0.'

2018-05-19 18:11:02 - [MESSAGE][PASSED] - All options with index in [6] are selected on object 'Object Repository/HealthpostToStore/Page_Store/select_--Select--Adernaline 0.'

2018-05-19 18:11:02 - [TEST_STEP][PASSED] - delay: Delayed 2 second(s)

2018-05-19 18:11:04 - [MESSAGE][PASSED] - Delayed 2 second(s)

2018-05-19 18:11:04 - [TEST_STEP][PASSED] - Statement - RequestedQty = com.kms.katalon.core.webui.keyword.WebUiBuiltInKeywords.getAttribute(com.kms.katalon.core.testobject.ObjectRepository.findTestObject(HealthpostToStore/Page_Store/input_txttotal), "value"): Attribute 'value' of object 'Object Repository/HealthpostToStore/Page_Store/input_txttotal' is: '10'

2018-05-19 18:11:05 - [MESSAGE][PASSED] - Attribute 'value' of object 'Object Repository/HealthpostToStore/Page_Store/input_txttotal' is: '10'

2018-05-19 18:11:05 - [TEST_STEP][PASSED] - Statement - out.println("Requested QTY : " + RequestedQty): null

2018-05-19 18:11:05 - [TEST_STEP][PASSED] - Statement - BatchNumber = com.kms.katalon.core.webui.keyword.WebUiBuiltInKeywords.getNumberOfTotalOption(com.kms.katalon.core.testobject.ObjectRepository.findTestObject(HealthpostToStore/Page_Store/select_--Select--BA1170BA2376B)): 3 options of object 'Object Repository/HealthpostToStore/Page_Store/select_--Select--BA1170BA2376B' counted

2018-05-19 18:11:05 - [MESSAGE][PASSED] - 3 options of object 'Object Repository/HealthpostToStore/Page_Store/select_--Select--BA1170BA2376B' counted

2018-05-19 18:11:05 - [TEST_STEP][PASSED] - Statement - For ([g = 1, g <= BatchNumber - 1, (g++)]): null

2018-05-19 18:11:05 - [TEST_STEP][PASSED] - selectOptionByIndex: All options with index in [1] are selected on object 'Object Repository/HealthpostToStore/Page_Store/select_--Select--BA1170BA2376B'

2018-05-19 18:11:05 - [MESSAGE][PASSED] - All options with index in [1] are selected on object 'Object Repository/HealthpostToStore/Page_Store/select_--Select--BA1170BA2376B'

2018-05-19 18:11:05 - [TEST_STEP][PASSED] - Statement - Try: null

2018-05-19 18:11:05 - [TEST_STEP][PASSED] - Statement - StockQty = com.kms.katalon.core.webui.keyword.WebUiBuiltInKeywords.getAttribute(com.kms.katalon.core.testobject.ObjectRepository.findTestObject(HealthpostToStore/Page_Store/input_txtprice), "value"): Attribute 'value' of object 'Object Repository/HealthpostToStore/Page_Store/input_txtprice' is: '1050'

2018-05-19 18:11:05 - [MESSAGE][PASSED] - Attribute 'value' of object 'Object Repository/HealthpostToStore/Page_Store/input_txtprice' is: '1050'

2018-05-19 18:11:05 - [TEST_STEP][PASSED] - Statement - out.println("Stock QTY : " + StockQty): null

2018-05-19 18:11:05 - [TEST_STEP][PASSED] - delay: Delayed 2 second(s)

2018-05-19 18:11:07 - [MESSAGE][PASSED] - Delayed 2 second(s)

2018-05-19 18:11:07 - [TEST_STEP][PASSED] - Statement - If (java.lang.String.valueOf(StockQty) >= java.lang.String.valueOf(RequestedQty)): null

2018-05-19 18:11:07 - [TEST_STEP][PASSED] - setText: Text '10' is set on object 'Object Repository/HealthpostToStore/Page_Store/input_txtqty'

2018-05-19 18:11:07 - [MESSAGE][PASSED] - Text '10' is set on object 'Object Repository/HealthpostToStore/Page_Store/input_txtqty'

2018-05-19 18:11:07 - [TEST_STEP][PASSED] - click: Object: 'Object Repository/HealthpostToStore/Page_Store/button_Add' is clicked on

2018-05-19 18:11:07 - [MESSAGE][PASSED] - Object: 'Object Repository/HealthpostToStore/Page_Store/button_Add' is clicked on

2018-05-19 18:11:07 - [TEST_STEP][PASSED] - Statement - Break: null

2018-05-19 18:11:07 - [TEST_STEP][PASSED] - selectOptionByIndex: All options with index in [7] are selected on object 'Object Repository/HealthpostToStore/Page_Store/select_--Select--Adernaline 0.'

2018-05-19 18:11:07 - [MESSAGE][PASSED] - All options with index in [7] are selected on object 'Object Repository/HealthpostToStore/Page_Store/select_--Select--Adernaline 0.'

2018-05-19 18:11:07 - [TEST_STEP][PASSED] - delay: Delayed 2 second(s)

2018-05-19 18:11:09 - [MESSAGE][PASSED] - Delayed 2 second(s)

2018-05-19 18:11:09 - [TEST_STEP][PASSED] - Statement - RequestedQty = com.kms.katalon.core.webui.keyword.WebUiBuiltInKeywords.getAttribute(com.kms.katalon.core.testobject.ObjectRepository.findTestObject(HealthpostToStore/Page_Store/input_txttotal), "value"): Attribute 'value' of object 'Object Repository/HealthpostToStore/Page_Store/input_txttotal' is: '10'

2018-05-19 18:11:09 - [MESSAGE][PASSED] - Attribute 'value' of object 'Object Repository/HealthpostToStore/Page_Store/input_txttotal' is: '10'

2018-05-19 18:11:09 - [TEST_STEP][PASSED] - Statement - out.println("Requested QTY : " + RequestedQty): null

2018-05-19 18:11:09 - [TEST_STEP][PASSED] - Statement - BatchNumber = com.kms.katalon.core.webui.keyword.WebUiBuiltInKeywords.getNumberOfTotalOption(com.kms.katalon.core.testobject.ObjectRepository.findTestObject(HealthpostToStore/Page_Store/select_--Select--BA1170BA2376B)): 3 options of object 'Object Repository/HealthpostToStore/Page_Store/select_--Select--BA1170BA2376B' counted

2018-05-19 18:11:09 - [MESSAGE][PASSED] - 3 options of object 'Object Repository/HealthpostToStore/Page_Store/select_--Select--BA1170BA2376B' counted

2018-05-19 18:11:09 - [TEST_STEP][PASSED] - Statement - For ([g = 1, g <= BatchNumber - 1, (g++)]): null

2018-05-19 18:11:09 - [TEST_STEP][PASSED] - selectOptionByIndex: All options with index in [1] are selected on object 'Object Repository/HealthpostToStore/Page_Store/select_--Select--BA1170BA2376B'

2018-05-19 18:11:09 - [MESSAGE][PASSED] - All options with index in [1] are selected on object 'Object Repository/HealthpostToStore/Page_Store/select_--Select--BA1170BA2376B'

2018-05-19 18:11:09 - [TEST_STEP][PASSED] - Statement - Try: null

2018-05-19 18:11:09 - [TEST_STEP][PASSED] - Statement - StockQty = com.kms.katalon.core.webui.keyword.WebUiBuiltInKeywords.getAttribute(com.kms.katalon.core.testobject.ObjectRepository.findTestObject(HealthpostToStore/Page_Store/input_txtprice), "value"): Attribute 'value' of object 'Object Repository/HealthpostToStore/Page_Store/input_txtprice' is: '1950'

2018-05-19 18:11:09 - [MESSAGE][PASSED] - Attribute 'value' of object 'Object Repository/HealthpostToStore/Page_Store/input_txtprice' is: '1950'

2018-05-19 18:11:09 - [TEST_STEP][PASSED] - Statement - out.println("Stock QTY : " + StockQty): null

2018-05-19 18:11:09 - [TEST_STEP][PASSED] - delay: Delayed 2 second(s)

2018-05-19 18:11:11 - [MESSAGE][PASSED] - Delayed 2 second(s)

2018-05-19 18:11:11 - [TEST_STEP][PASSED] - Statement - If (java.lang.String.valueOf(StockQty) >= java.lang.String.valueOf(RequestedQty)): null

2018-05-19 18:11:11 - [TEST_STEP][PASSED] - setText: Text '10' is set on object 'Object Repository/HealthpostToStore/Page_Store/input_txtqty'

2018-05-19 18:11:11 - [MESSAGE][PASSED] - Text '10' is set on object 'Object Repository/HealthpostToStore/Page_Store/input_txtqty'

2018-05-19 18:11:11 - [TEST_STEP][PASSED] - click: Object: 'Object Repository/HealthpostToStore/Page_Store/button_Add' is clicked on

2018-05-19 18:11:11 - [MESSAGE][PASSED] - Object: 'Object Repository/HealthpostToStore/Page_Store/button_Add' is clicked on

2018-05-19 18:11:11 - [TEST_STEP][PASSED] - Statement - Break: null

2018-05-19 18:11:11 - [TEST_STEP][PASSED] - selectOptionByIndex: All options with index in [8] are selected on object 'Object Repository/HealthpostToStore/Page_Store/select_--Select--Adernaline 0.'

2018-05-19 18:11:12 - [MESSAGE][PASSED] - All options with index in [8] are selected on object 'Object Repository/HealthpostToStore/Page_Store/select_--Select--Adernaline 0.'

2018-05-19 18:11:12 - [TEST_STEP][PASSED] - delay: Delayed 2 second(s)

2018-05-19 18:11:14 - [MESSAGE][PASSED] - Delayed 2 second(s)

2018-05-19 18:11:14 - [TEST_STEP][PASSED] - Statement - RequestedQty = com.kms.katalon.core.webui.keyword.WebUiBuiltInKeywords.getAttribute(com.kms.katalon.core.testobject.ObjectRepository.findTestObject(HealthpostToStore/Page_Store/input_txttotal), "value"): Attribute 'value' of object 'Object Repository/HealthpostToStore/Page_Store/input_txttotal' is: '10'

2018-05-19 18:11:14 - [MESSAGE][PASSED] - Attribute 'value' of object 'Object Repository/HealthpostToStore/Page_Store/input_txttotal' is: '10'

2018-05-19 18:11:14 - [TEST_STEP][PASSED] - Statement - out.println("Requested QTY : " + RequestedQty): null

2018-05-19 18:11:14 - [TEST_STEP][PASSED] - Statement - BatchNumber = com.kms.katalon.core.webui.keyword.WebUiBuiltInKeywords.getNumberOfTotalOption(com.kms.katalon.core.testobject.ObjectRepository.findTestObject(HealthpostToStore/Page_Store/select_--Select--BA1170BA2376B)): 4 options of object 'Object Repository/HealthpostToStore/Page_Store/select_--Select--BA1170BA2376B' counted

2018-05-19 18:11:14 - [MESSAGE][PASSED] - 4 options of object 'Object Repository/HealthpostToStore/Page_Store/select_--Select--BA1170BA2376B' counted

2018-05-19 18:11:14 - [TEST_STEP][PASSED] - Statement - For ([g = 1, g <= BatchNumber - 1, (g++)]): null

2018-05-19 18:11:14 - [TEST_STEP][PASSED] - selectOptionByIndex: All options with index in [1] are selected on object 'Object Repository/HealthpostToStore/Page_Store/select_--Select--BA1170BA2376B'

2018-05-19 18:11:14 - [MESSAGE][PASSED] - All options with index in [1] are selected on object 'Object Repository/HealthpostToStore/Page_Store/select_--Select--BA1170BA2376B'

2018-05-19 18:11:14 - [TEST_STEP][PASSED] - Statement - Try: null

2018-05-19 18:11:14 - [TEST_STEP][PASSED] - Statement - StockQty = com.kms.katalon.core.webui.keyword.WebUiBuiltInKeywords.getAttribute(com.kms.katalon.core.testobject.ObjectRepository.findTestObject(HealthpostToStore/Page_Store/input_txtprice), "value"): Attribute 'value' of object 'Object Repository/HealthpostToStore/Page_Store/input_txtprice' is: '950'

2018-05-19 18:11:14 - [MESSAGE][PASSED] - Attribute 'value' of object 'Object Repository/HealthpostToStore/Page_Store/input_txtprice' is: '950'

2018-05-19 18:11:14 - [TEST_STEP][PASSED] - Statement - out.println("Stock QTY : " + StockQty): null

2018-05-19 18:11:14 - [TEST_STEP][PASSED] - delay: Delayed 2 second(s)

2018-05-19 18:11:16 - [MESSAGE][PASSED] - Delayed 2 second(s)

2018-05-19 18:11:16 - [TEST_STEP][PASSED] - Statement - If (java.lang.String.valueOf(StockQty) >= java.lang.String.valueOf(RequestedQty)): null

2018-05-19 18:11:16 - [TEST_STEP][PASSED] - setText: Text '10' is set on object 'Object Repository/HealthpostToStore/Page_Store/input_txtqty'

2018-05-19 18:11:16 - [MESSAGE][PASSED] - Text '10' is set on object 'Object Repository/HealthpostToStore/Page_Store/input_txtqty'

2018-05-19 18:11:16 - [TEST_STEP][PASSED] - click: Object: 'Object Repository/HealthpostToStore/Page_Store/button_Add' is clicked on

2018-05-19 18:11:16 - [MESSAGE][PASSED] - Object: 'Object Repository/HealthpostToStore/Page_Store/button_Add' is clicked on

2018-05-19 18:11:16 - [TEST_STEP][PASSED] - Statement - Break: null

2018-05-19 18:11:16 - [TEST_STEP][PASSED] - selectOptionByIndex: All options with index in [9] are selected on object 'Object Repository/HealthpostToStore/Page_Store/select_--Select--Adernaline 0.'

2018-05-19 18:11:16 - [MESSAGE][PASSED] - All options with index in [9] are selected on object 'Object Repository/HealthpostToStore/Page_Store/select_--Select--Adernaline 0.'

2018-05-19 18:11:16 - [TEST_STEP][PASSED] - delay: Delayed 2 second(s)

2018-05-19 18:11:18 - [MESSAGE][PASSED] - Delayed 2 second(s)

2018-05-19 18:11:18 - [TEST_STEP][PASSED] - Statement - RequestedQty = com.kms.katalon.core.webui.keyword.WebUiBuiltInKeywords.getAttribute(com.kms.katalon.core.testobject.ObjectRepository.findTestObject(HealthpostToStore/Page_Store/input_txttotal), "value"): Attribute 'value' of object 'Object Repository/HealthpostToStore/Page_Store/input_txttotal' is: '10'

2018-05-19 18:11:18 - [MESSAGE][PASSED] - Attribute 'value' of object 'Object Repository/HealthpostToStore/Page_Store/input_txttotal' is: '10'

2018-05-19 18:11:18 - [TEST_STEP][PASSED] - Statement - out.println("Requested QTY : " + RequestedQty): null

2018-05-19 18:11:18 - [TEST_STEP][PASSED] - Statement - BatchNumber = com.kms.katalon.core.webui.keyword.WebUiBuiltInKeywords.getNumberOfTotalOption(com.kms.katalon.core.testobject.ObjectRepository.findTestObject(HealthpostToStore/Page_Store/select_--Select--BA1170BA2376B)): 3 options of object 'Object Repository/HealthpostToStore/Page_Store/select_--Select--BA1170BA2376B' counted

2018-05-19 18:11:18 - [MESSAGE][PASSED] - 3 options of object 'Object Repository/HealthpostToStore/Page_Store/select_--Select--BA1170BA2376B' counted

2018-05-19 18:11:18 - [TEST_STEP][PASSED] - Statement - For ([g = 1, g <= BatchNumber - 1, (g++)]): null

2018-05-19 18:11:18 - [TEST_STEP][PASSED] - selectOptionByIndex: All options with index in [1] are selected on object 'Object Repository/HealthpostToStore/Page_Store/select_--Select--BA1170BA2376B'

2018-05-19 18:11:18 - [MESSAGE][PASSED] - All options with index in [1] are selected on object 'Object Repository/HealthpostToStore/Page_Store/select_--Select--BA1170BA2376B'

2018-05-19 18:11:18 - [TEST_STEP][PASSED] - Statement - Try: null

2018-05-19 18:11:18 - [TEST_STEP][PASSED] - Statement - StockQty = com.kms.katalon.core.webui.keyword.WebUiBuiltInKeywords.getAttribute(com.kms.katalon.core.testobject.ObjectRepository.findTestObject(HealthpostToStore/Page_Store/input_txtprice), "value"): Attribute 'value' of object 'Object Repository/HealthpostToStore/Page_Store/input_txtprice' is: '1050'

2018-05-19 18:11:19 - [MESSAGE][PASSED] - Attribute 'value' of object 'Object Repository/HealthpostToStore/Page_Store/input_txtprice' is: '1050'

2018-05-19 18:11:19 - [TEST_STEP][PASSED] - Statement - out.println("Stock QTY : " + StockQty): null

2018-05-19 18:11:19 - [TEST_STEP][PASSED] - delay: Delayed 2 second(s)

2018-05-19 18:11:21 - [MESSAGE][PASSED] - Delayed 2 second(s)

2018-05-19 18:11:21 - [TEST_STEP][PASSED] - Statement - If (java.lang.String.valueOf(StockQty) >= java.lang.String.valueOf(RequestedQty)): null

2018-05-19 18:11:21 - [TEST_STEP][PASSED] - setText: Text '10' is set on object 'Object Repository/HealthpostToStore/Page_Store/input_txtqty'

2018-05-19 18:11:21 - [MESSAGE][PASSED] - Text '10' is set on object 'Object Repository/HealthpostToStore/Page_Store/input_txtqty'

2018-05-19 18:11:21 - [TEST_STEP][PASSED] - click: Object: 'Object Repository/HealthpostToStore/Page_Store/button_Add' is clicked on

2018-05-19 18:11:21 - [MESSAGE][PASSED] - Object: 'Object Repository/HealthpostToStore/Page_Store/button_Add' is clicked on

2018-05-19 18:11:21 - [TEST_STEP][PASSED] - Statement - Break: null

2018-05-19 18:11:21 - [TEST_STEP][PASSED] - selectOptionByIndex: All options with index in [10] are selected on object 'Object Repository/HealthpostToStore/Page_Store/select_--Select--Adernaline 0.'

2018-05-19 18:11:21 - [MESSAGE][PASSED] - All options with index in [10] are selected on object 'Object Repository/HealthpostToStore/Page_Store/select_--Select--Adernaline 0.'

2018-05-19 18:11:21 - [TEST_STEP][PASSED] - delay: Delayed 2 second(s)

2018-05-19 18:11:23 - [MESSAGE][PASSED] - Delayed 2 second(s)

2018-05-19 18:11:23 - [TEST_STEP][PASSED] - Statement - RequestedQty = com.kms.katalon.core.webui.keyword.WebUiBuiltInKeywords.getAttribute(com.kms.katalon.core.testobject.ObjectRepository.findTestObject(HealthpostToStore/Page_Store/input_txttotal), "value"): Attribute 'value' of object 'Object Repository/HealthpostToStore/Page_Store/input_txttotal' is: '10'

2018-05-19 18:11:23 - [MESSAGE][PASSED] - Attribute 'value' of object 'Object Repository/HealthpostToStore/Page_Store/input_txttotal' is: '10'

2018-05-19 18:11:23 - [TEST_STEP][PASSED] - Statement - out.println("Requested QTY : " + RequestedQty): null

2018-05-19 18:11:23 - [TEST_STEP][PASSED] - Statement - BatchNumber = com.kms.katalon.core.webui.keyword.WebUiBuiltInKeywords.getNumberOfTotalOption(com.kms.katalon.core.testobject.ObjectRepository.findTestObject(HealthpostToStore/Page_Store/select_--Select--BA1170BA2376B)): 3 options of object 'Object Repository/HealthpostToStore/Page_Store/select_--Select--BA1170BA2376B' counted

2018-05-19 18:11:23 - [MESSAGE][PASSED] - 3 options of object 'Object Repository/HealthpostToStore/Page_Store/select_--Select--BA1170BA2376B' counted

2018-05-19 18:11:23 - [TEST_STEP][PASSED] - Statement - For ([g = 1, g <= BatchNumber - 1, (g++)]): null

2018-05-19 18:11:23 - [TEST_STEP][PASSED] - selectOptionByIndex: All options with index in [1] are selected on object 'Object Repository/HealthpostToStore/Page_Store/select_--Select--BA1170BA2376B'

2018-05-19 18:11:23 - [MESSAGE][PASSED] - All options with index in [1] are selected on object 'Object Repository/HealthpostToStore/Page_Store/select_--Select--BA1170BA2376B'

2018-05-19 18:11:23 - [TEST_STEP][PASSED] - Statement - Try: null

2018-05-19 18:11:23 - [TEST_STEP][PASSED] - Statement - StockQty = com.kms.katalon.core.webui.keyword.WebUiBuiltInKeywords.getAttribute(com.kms.katalon.core.testobject.ObjectRepository.findTestObject(HealthpostToStore/Page_Store/input_txtprice), "value"): Attribute 'value' of object 'Object Repository/HealthpostToStore/Page_Store/input_txtprice' is: '1950'

2018-05-19 18:11:23 - [MESSAGE][PASSED] - Attribute 'value' of object 'Object Repository/HealthpostToStore/Page_Store/input_txtprice' is: '1950'

2018-05-19 18:11:23 - [TEST_STEP][PASSED] - Statement - out.println("Stock QTY : " + StockQty): null

2018-05-19 18:11:23 - [TEST_STEP][PASSED] - delay: Delayed 2 second(s)

2018-05-19 18:11:25 - [MESSAGE][PASSED] - Delayed 2 second(s)

2018-05-19 18:11:25 - [TEST_STEP][PASSED] - Statement - If (java.lang.String.valueOf(StockQty) >= java.lang.String.valueOf(RequestedQty)): null

2018-05-19 18:11:25 - [TEST_STEP][PASSED] - setText: Text '10' is set on object 'Object Repository/HealthpostToStore/Page_Store/input_txtqty'

2018-05-19 18:11:25 - [MESSAGE][PASSED] - Text '10' is set on object 'Object Repository/HealthpostToStore/Page_Store/input_txtqty'

2018-05-19 18:11:25 - [TEST_STEP][PASSED] - click: Object: 'Object Repository/HealthpostToStore/Page_Store/button_Add' is clicked on

2018-05-19 18:11:25 - [MESSAGE][PASSED] - Object: 'Object Repository/HealthpostToStore/Page_Store/button_Add' is clicked on

2018-05-19 18:11:25 - [TEST_STEP][PASSED] - Statement - Break: null

2018-05-19 18:11:25 - [TEST_STEP][PASSED] - selectOptionByIndex: All options with index in [11] are selected on object 'Object Repository/HealthpostToStore/Page_Store/select_--Select--Adernaline 0.'

2018-05-19 18:11:26 - [MESSAGE][PASSED] - All options with index in [11] are selected on object 'Object Repository/HealthpostToStore/Page_Store/select_--Select--Adernaline 0.'

2018-05-19 18:11:26 - [TEST_STEP][PASSED] - delay: Delayed 2 second(s)

2018-05-19 18:11:28 - [MESSAGE][PASSED] - Delayed 2 second(s)

2018-05-19 18:11:28 - [TEST_STEP][PASSED] - Statement - RequestedQty = com.kms.katalon.core.webui.keyword.WebUiBuiltInKeywords.getAttribute(com.kms.katalon.core.testobject.ObjectRepository.findTestObject(HealthpostToStore/Page_Store/input_txttotal), "value"): Attribute 'value' of object 'Object Repository/HealthpostToStore/Page_Store/input_txttotal' is: '10'

2018-05-19 18:11:28 - [MESSAGE][PASSED] - Attribute 'value' of object 'Object Repository/HealthpostToStore/Page_Store/input_txttotal' is: '10'

2018-05-19 18:11:28 - [TEST_STEP][PASSED] - Statement - out.println("Requested QTY : " + RequestedQty): null

2018-05-19 18:11:28 - [TEST_STEP][PASSED] - Statement - BatchNumber = com.kms.katalon.core.webui.keyword.WebUiBuiltInKeywords.getNumberOfTotalOption(com.kms.katalon.core.testobject.ObjectRepository.findTestObject(HealthpostToStore/Page_Store/select_--Select--BA1170BA2376B)): 4 options of object 'Object Repository/HealthpostToStore/Page_Store/select_--Select--BA1170BA2376B' counted

2018-05-19 18:11:28 - [MESSAGE][PASSED] - 4 options of object 'Object Repository/HealthpostToStore/Page_Store/select_--Select--BA1170BA2376B' counted

2018-05-19 18:11:28 - [TEST_STEP][PASSED] - Statement - For ([g = 1, g <= BatchNumber - 1, (g++)]): null

2018-05-19 18:11:28 - [TEST_STEP][PASSED] - selectOptionByIndex: All options with index in [1] are selected on object 'Object Repository/HealthpostToStore/Page_Store/select_--Select--BA1170BA2376B'

2018-05-19 18:11:28 - [MESSAGE][PASSED] - All options with index in [1] are selected on object 'Object Repository/HealthpostToStore/Page_Store/select_--Select--BA1170BA2376B'

2018-05-19 18:11:28 - [TEST_STEP][PASSED] - Statement - Try: null

2018-05-19 18:11:28 - [TEST_STEP][PASSED] - Statement - StockQty = com.kms.katalon.core.webui.keyword.WebUiBuiltInKeywords.getAttribute(com.kms.katalon.core.testobject.ObjectRepository.findTestObject(HealthpostToStore/Page_Store/input_txtprice), "value"): Attribute 'value' of object 'Object Repository/HealthpostToStore/Page_Store/input_txtprice' is: '950'

2018-05-19 18:11:28 - [MESSAGE][PASSED] - Attribute 'value' of object 'Object Repository/HealthpostToStore/Page_Store/input_txtprice' is: '950'

2018-05-19 18:11:28 - [TEST_STEP][PASSED] - Statement - out.println("Stock QTY : " + StockQty): null

2018-05-19 18:11:28 - [TEST_STEP][PASSED] - delay: Delayed 2 second(s)

2018-05-19 18:11:30 - [MESSAGE][PASSED] - Delayed 2 second(s)

2018-05-19 18:11:30 - [TEST_STEP][PASSED] - Statement - If (java.lang.String.valueOf(StockQty) >= java.lang.String.valueOf(RequestedQty)): null

2018-05-19 18:11:30 - [TEST_STEP][PASSED] - setText: Text '10' is set on object 'Object Repository/HealthpostToStore/Page_Store/input_txtqty'

2018-05-19 18:11:30 - [MESSAGE][PASSED] - Text '10' is set on object 'Object Repository/HealthpostToStore/Page_Store/input_txtqty'

2018-05-19 18:11:30 - [TEST_STEP][PASSED] - click: Object: 'Object Repository/HealthpostToStore/Page_Store/button_Add' is clicked on

2018-05-19 18:11:30 - [MESSAGE][PASSED] - Object: 'Object Repository/HealthpostToStore/Page_Store/button_Add' is clicked on

2018-05-19 18:11:30 - [TEST_STEP][PASSED] - Statement - Break: null

2018-05-19 18:11:30 - [TEST_STEP][PASSED] - selectOptionByIndex: All options with index in [12] are selected on object 'Object Repository/HealthpostToStore/Page_Store/select_--Select--Adernaline 0.'

2018-05-19 18:11:30 - [MESSAGE][PASSED] - All options with index in [12] are selected on object 'Object Repository/HealthpostToStore/Page_Store/select_--Select--Adernaline 0.'

2018-05-19 18:11:30 - [TEST_STEP][PASSED] - delay: Delayed 2 second(s)

2018-05-19 18:11:32 - [MESSAGE][PASSED] - Delayed 2 second(s)

2018-05-19 18:11:32 - [TEST_STEP][PASSED] - Statement - RequestedQty = com.kms.katalon.core.webui.keyword.WebUiBuiltInKeywords.getAttribute(com.kms.katalon.core.testobject.ObjectRepository.findTestObject(HealthpostToStore/Page_Store/input_txttotal), "value"): Attribute 'value' of object 'Object Repository/HealthpostToStore/Page_Store/input_txttotal' is: '10'

2018-05-19 18:11:32 - [MESSAGE][PASSED] - Attribute 'value' of object 'Object Repository/HealthpostToStore/Page_Store/input_txttotal' is: '10'

2018-05-19 18:11:32 - [TEST_STEP][PASSED] - Statement - out.println("Requested QTY : " + RequestedQty): null

2018-05-19 18:11:32 - [TEST_STEP][PASSED] - Statement - BatchNumber = com.kms.katalon.core.webui.keyword.WebUiBuiltInKeywords.getNumberOfTotalOption(com.kms.katalon.core.testobject.ObjectRepository.findTestObject(HealthpostToStore/Page_Store/select_--Select--BA1170BA2376B)): 3 options of object 'Object Repository/HealthpostToStore/Page_Store/select_--Select--BA1170BA2376B' counted

2018-05-19 18:11:32 - [MESSAGE][PASSED] - 3 options of object 'Object Repository/HealthpostToStore/Page_Store/select_--Select--BA1170BA2376B' counted

2018-05-19 18:11:32 - [TEST_STEP][PASSED] - Statement - For ([g = 1, g <= BatchNumber - 1, (g++)]): null

2018-05-19 18:11:32 - [TEST_STEP][PASSED] - selectOptionByIndex: All options with index in [1] are selected on object 'Object Repository/HealthpostToStore/Page_Store/select_--Select--BA1170BA2376B'

2018-05-19 18:11:32 - [MESSAGE][PASSED] - All options with index in [1] are selected on object 'Object Repository/HealthpostToStore/Page_Store/select_--Select--BA1170BA2376B'

2018-05-19 18:11:32 - [TEST_STEP][PASSED] - Statement - Try: null

2018-05-19 18:11:32 - [TEST_STEP][PASSED] - Statement - StockQty = com.kms.katalon.core.webui.keyword.WebUiBuiltInKeywords.getAttribute(com.kms.katalon.core.testobject.ObjectRepository.findTestObject(HealthpostToStore/Page_Store/input_txtprice), "value"): Attribute 'value' of object 'Object Repository/HealthpostToStore/Page_Store/input_txtprice' is: '1050'

2018-05-19 18:11:32 - [MESSAGE][PASSED] - Attribute 'value' of object 'Object Repository/HealthpostToStore/Page_Store/input_txtprice' is: '1050'

2018-05-19 18:11:32 - [TEST_STEP][PASSED] - Statement - out.println("Stock QTY : " + StockQty): null

2018-05-19 18:11:32 - [TEST_STEP][PASSED] - delay: Delayed 2 second(s)

2018-05-19 18:11:34 - [MESSAGE][PASSED] - Delayed 2 second(s)

2018-05-19 18:11:34 - [TEST_STEP][PASSED] - Statement - If (java.lang.String.valueOf(StockQty) >= java.lang.String.valueOf(RequestedQty)): null

2018-05-19 18:11:34 - [TEST_STEP][PASSED] - setText: Text '10' is set on object 'Object Repository/HealthpostToStore/Page_Store/input_txtqty'

2018-05-19 18:11:35 - [MESSAGE][PASSED] - Text '10' is set on object 'Object Repository/HealthpostToStore/Page_Store/input_txtqty'

2018-05-19 18:11:35 - [TEST_STEP][PASSED] - click: Object: 'Object Repository/HealthpostToStore/Page_Store/button_Add' is clicked on

2018-05-19 18:11:35 - [MESSAGE][PASSED] - Object: 'Object Repository/HealthpostToStore/Page_Store/button_Add' is clicked on

2018-05-19 18:11:35 - [TEST_STEP][PASSED] - Statement - Break: null

2018-05-19 18:11:35 - [TEST_STEP][PASSED] - selectOptionByIndex: All options with index in [13] are selected on object 'Object Repository/HealthpostToStore/Page_Store/select_--Select--Adernaline 0.'

2018-05-19 18:11:35 - [MESSAGE][PASSED] - All options with index in [13] are selected on object 'Object Repository/HealthpostToStore/Page_Store/select_--Select--Adernaline 0.'

2018-05-19 18:11:35 - [TEST_STEP][PASSED] - delay: Delayed 2 second(s)

2018-05-19 18:11:37 - [MESSAGE][PASSED] - Delayed 2 second(s)

2018-05-19 18:11:37 - [TEST_STEP][PASSED] - Statement - RequestedQty = com.kms.katalon.core.webui.keyword.WebUiBuiltInKeywords.getAttribute(com.kms.katalon.core.testobject.ObjectRepository.findTestObject(HealthpostToStore/Page_Store/input_txttotal), "value"): Attribute 'value' of object 'Object Repository/HealthpostToStore/Page_Store/input_txttotal' is: '10'

2018-05-19 18:11:37 - [MESSAGE][PASSED] - Attribute 'value' of object 'Object Repository/HealthpostToStore/Page_Store/input_txttotal' is: '10'

2018-05-19 18:11:37 - [TEST_STEP][PASSED] - Statement - out.println("Requested QTY : " + RequestedQty): null

2018-05-19 18:11:37 - [TEST_STEP][PASSED] - Statement - BatchNumber = com.kms.katalon.core.webui.keyword.WebUiBuiltInKeywords.getNumberOfTotalOption(com.kms.katalon.core.testobject.ObjectRepository.findTestObject(HealthpostToStore/Page_Store/select_--Select--BA1170BA2376B)): 3 options of object 'Object Repository/HealthpostToStore/Page_Store/select_--Select--BA1170BA2376B' counted

2018-05-19 18:11:37 - [MESSAGE][PASSED] - 3 options of object 'Object Repository/HealthpostToStore/Page_Store/select_--Select--BA1170BA2376B' counted

2018-05-19 18:11:37 - [TEST_STEP][PASSED] - Statement - For ([g = 1, g <= BatchNumber - 1, (g++)]): null

2018-05-19 18:11:37 - [TEST_STEP][PASSED] - selectOptionByIndex: All options with index in [1] are selected on object 'Object Repository/HealthpostToStore/Page_Store/select_--Select--BA1170BA2376B'

2018-05-19 18:11:37 - [MESSAGE][PASSED] - All options with index in [1] are selected on object 'Object Repository/HealthpostToStore/Page_Store/select_--Select--BA1170BA2376B'

2018-05-19 18:11:37 - [TEST_STEP][PASSED] - Statement - Try: null

2018-05-19 18:11:37 - [TEST_STEP][PASSED] - Statement - StockQty = com.kms.katalon.core.webui.keyword.WebUiBuiltInKeywords.getAttribute(com.kms.katalon.core.testobject.ObjectRepository.findTestObject(HealthpostToStore/Page_Store/input_txtprice), "value"): Attribute 'value' of object 'Object Repository/HealthpostToStore/Page_Store/input_txtprice' is: '1050'

2018-05-19 18:11:37 - [MESSAGE][PASSED] - Attribute 'value' of object 'Object Repository/HealthpostToStore/Page_Store/input_txtprice' is: '1050'

2018-05-19 18:11:37 - [TEST_STEP][PASSED] - Statement - out.println("Stock QTY : " + StockQty): null

2018-05-19 18:11:37 - [TEST_STEP][PASSED] - delay: Delayed 2 second(s)

2018-05-19 18:11:39 - [MESSAGE][PASSED] - Delayed 2 second(s)

2018-05-19 18:11:39 - [TEST_STEP][PASSED] - Statement - If (java.lang.String.valueOf(StockQty) >= java.lang.String.valueOf(RequestedQty)): null

2018-05-19 18:11:39 - [TEST_STEP][PASSED] - setText: Text '10' is set on object 'Object Repository/HealthpostToStore/Page_Store/input_txtqty'

2018-05-19 18:11:39 - [MESSAGE][PASSED] - Text '10' is set on object 'Object Repository/HealthpostToStore/Page_Store/input_txtqty'

2018-05-19 18:11:39 - [TEST_STEP][PASSED] - click: Object: 'Object Repository/HealthpostToStore/Page_Store/button_Add' is clicked on

2018-05-19 18:11:39 - [MESSAGE][PASSED] - Object: 'Object Repository/HealthpostToStore/Page_Store/button_Add' is clicked on

2018-05-19 18:11:39 - [TEST_STEP][PASSED] - Statement - Break: null

2018-05-19 18:11:39 - [TEST_STEP][PASSED] - selectOptionByIndex: All options with index in [14] are selected on object 'Object Repository/HealthpostToStore/Page_Store/select_--Select--Adernaline 0.'

2018-05-19 18:11:40 - [MESSAGE][PASSED] - All options with index in [14] are selected on object 'Object Repository/HealthpostToStore/Page_Store/select_--Select--Adernaline 0.'

2018-05-19 18:11:40 - [TEST_STEP][PASSED] - delay: Delayed 2 second(s)

2018-05-19 18:11:42 - [MESSAGE][PASSED] - Delayed 2 second(s)

2018-05-19 18:11:42 - [TEST_STEP][PASSED] - Statement - RequestedQty = com.kms.katalon.core.webui.keyword.WebUiBuiltInKeywords.getAttribute(com.kms.katalon.core.testobject.ObjectRepository.findTestObject(HealthpostToStore/Page_Store/input_txttotal), "value"): Attribute 'value' of object 'Object Repository/HealthpostToStore/Page_Store/input_txttotal' is: '10'

2018-05-19 18:11:42 - [MESSAGE][PASSED] - Attribute 'value' of object 'Object Repository/HealthpostToStore/Page_Store/input_txttotal' is: '10'

2018-05-19 18:11:42 - [TEST_STEP][PASSED] - Statement - out.println("Requested QTY : " + RequestedQty): null

2018-05-19 18:11:42 - [TEST_STEP][PASSED] - Statement - BatchNumber = com.kms.katalon.core.webui.keyword.WebUiBuiltInKeywords.getNumberOfTotalOption(com.kms.katalon.core.testobject.ObjectRepository.findTestObject(HealthpostToStore/Page_Store/select_--Select--BA1170BA2376B)): 4 options of object 'Object Repository/HealthpostToStore/Page_Store/select_--Select--BA1170BA2376B' counted

2018-05-19 18:11:42 - [MESSAGE][PASSED] - 4 options of object 'Object Repository/HealthpostToStore/Page_Store/select_--Select--BA1170BA2376B' counted

2018-05-19 18:11:42 - [TEST_STEP][PASSED] - Statement - For ([g = 1, g <= BatchNumber - 1, (g++)]): null

2018-05-19 18:11:42 - [TEST_STEP][PASSED] - selectOptionByIndex: All options with index in [1] are selected on object 'Object Repository/HealthpostToStore/Page_Store/select_--Select--BA1170BA2376B'

2018-05-19 18:11:42 - [MESSAGE][PASSED] - All options with index in [1] are selected on object 'Object Repository/HealthpostToStore/Page_Store/select_--Select--BA1170BA2376B'

2018-05-19 18:11:42 - [TEST_STEP][PASSED] - Statement - Try: null

2018-05-19 18:11:42 - [TEST_STEP][PASSED] - Statement - StockQty = com.kms.katalon.core.webui.keyword.WebUiBuiltInKeywords.getAttribute(com.kms.katalon.core.testobject.ObjectRepository.findTestObject(HealthpostToStore/Page_Store/input_txtprice), "value"): Attribute 'value' of object 'Object Repository/HealthpostToStore/Page_Store/input_txtprice' is: '950'

2018-05-19 18:11:42 - [MESSAGE][PASSED] - Attribute 'value' of object 'Object Repository/HealthpostToStore/Page_Store/input_txtprice' is: '950'

2018-05-19 18:11:42 - [TEST_STEP][PASSED] - Statement - out.println("Stock QTY : " + StockQty): null

2018-05-19 18:11:42 - [TEST_STEP][PASSED] - delay: Delayed 2 second(s)

2018-05-19 18:11:44 - [MESSAGE][PASSED] - Delayed 2 second(s)

2018-05-19 18:11:44 - [TEST_STEP][PASSED] - Statement - If (java.lang.String.valueOf(StockQty) >= java.lang.String.valueOf(RequestedQty)): null

2018-05-19 18:11:44 - [TEST_STEP][PASSED] - setText: Text '10' is set on object 'Object Repository/HealthpostToStore/Page_Store/input_txtqty'

2018-05-19 18:11:44 - [MESSAGE][PASSED] - Text '10' is set on object 'Object Repository/HealthpostToStore/Page_Store/input_txtqty'

2018-05-19 18:11:44 - [TEST_STEP][PASSED] - click: Object: 'Object Repository/HealthpostToStore/Page_Store/button_Add' is clicked on

2018-05-19 18:11:44 - [MESSAGE][PASSED] - Object: 'Object Repository/HealthpostToStore/Page_Store/button_Add' is clicked on

2018-05-19 18:11:44 - [TEST_STEP][PASSED] - Statement - Break: null

2018-05-19 18:11:44 - [TEST_STEP][PASSED] - selectOptionByIndex: All options with index in [15] are selected on object 'Object Repository/HealthpostToStore/Page_Store/select_--Select--Adernaline 0.'

2018-05-19 18:11:44 - [MESSAGE][PASSED] - All options with index in [15] are selected on object 'Object Repository/HealthpostToStore/Page_Store/select_--Select--Adernaline 0.'

2018-05-19 18:11:44 - [TEST_STEP][PASSED] - delay: Delayed 2 second(s)

2018-05-19 18:11:46 - [MESSAGE][PASSED] - Delayed 2 second(s)

2018-05-19 18:11:46 - [TEST_STEP][PASSED] - Statement - RequestedQty = com.kms.katalon.core.webui.keyword.WebUiBuiltInKeywords.getAttribute(com.kms.katalon.core.testobject.ObjectRepository.findTestObject(HealthpostToStore/Page_Store/input_txttotal), "value"): Attribute 'value' of object 'Object Repository/HealthpostToStore/Page_Store/input_txttotal' is: '10'

2018-05-19 18:11:46 - [MESSAGE][PASSED] - Attribute 'value' of object 'Object Repository/HealthpostToStore/Page_Store/input_txttotal' is: '10'

2018-05-19 18:11:46 - [TEST_STEP][PASSED] - Statement - out.println("Requested QTY : " + RequestedQty): null

2018-05-19 18:11:46 - [TEST_STEP][PASSED] - Statement - BatchNumber = com.kms.katalon.core.webui.keyword.WebUiBuiltInKeywords.getNumberOfTotalOption(com.kms.katalon.core.testobject.ObjectRepository.findTestObject(HealthpostToStore/Page_Store/select_--Select--BA1170BA2376B)): 3 options of object 'Object Repository/HealthpostToStore/Page_Store/select_--Select--BA1170BA2376B' counted

2018-05-19 18:11:46 - [MESSAGE][PASSED] - 3 options of object 'Object Repository/HealthpostToStore/Page_Store/select_--Select--BA1170BA2376B' counted

2018-05-19 18:11:46 - [TEST_STEP][PASSED] - Statement - For ([g = 1, g <= BatchNumber - 1, (g++)]): null

2018-05-19 18:11:46 - [TEST_STEP][PASSED] - selectOptionByIndex: All options with index in [1] are selected on object 'Object Repository/HealthpostToStore/Page_Store/select_--Select--BA1170BA2376B'

2018-05-19 18:11:46 - [MESSAGE][PASSED] - All options with index in [1] are selected on object 'Object Repository/HealthpostToStore/Page_Store/select_--Select--BA1170BA2376B'

2018-05-19 18:11:46 - [TEST_STEP][PASSED] - Statement - Try: null

2018-05-19 18:11:46 - [TEST_STEP][PASSED] - Statement - StockQty = com.kms.katalon.core.webui.keyword.WebUiBuiltInKeywords.getAttribute(com.kms.katalon.core.testobject.ObjectRepository.findTestObject(HealthpostToStore/Page_Store/input_txtprice), "value"): Attribute 'value' of object 'Object Repository/HealthpostToStore/Page_Store/input_txtprice' is: '1950'

2018-05-19 18:11:46 - [MESSAGE][PASSED] - Attribute 'value' of object 'Object Repository/HealthpostToStore/Page_Store/input_txtprice' is: '1950'

2018-05-19 18:11:46 - [TEST_STEP][PASSED] - Statement - out.println("Stock QTY : " + StockQty): null

2018-05-19 18:11:46 - [TEST_STEP][PASSED] - delay: Delayed 2 second(s)

2018-05-19 18:11:48 - [MESSAGE][PASSED] - Delayed 2 second(s)

2018-05-19 18:11:48 - [TEST_STEP][PASSED] - Statement - If (java.lang.String.valueOf(StockQty) >= java.lang.String.valueOf(RequestedQty)): null

2018-05-19 18:11:48 - [TEST_STEP][PASSED] - setText: Text '10' is set on object 'Object Repository/HealthpostToStore/Page_Store/input_txtqty'

2018-05-19 18:11:49 - [MESSAGE][PASSED] - Text '10' is set on object 'Object Repository/HealthpostToStore/Page_Store/input_txtqty'

2018-05-19 18:11:49 - [TEST_STEP][PASSED] - click: Object: 'Object Repository/HealthpostToStore/Page_Store/button_Add' is clicked on

2018-05-19 18:11:49 - [MESSAGE][PASSED] - Object: 'Object Repository/HealthpostToStore/Page_Store/button_Add' is clicked on

2018-05-19 18:11:49 - [TEST_STEP][PASSED] - Statement - Break: null

2018-05-19 18:11:49 - [TEST_STEP][PASSED] - selectOptionByIndex: All options with index in [16] are selected on object 'Object Repository/HealthpostToStore/Page_Store/select_--Select--Adernaline 0.'

2018-05-19 18:11:49 - [MESSAGE][PASSED] - All options with index in [16] are selected on object 'Object Repository/HealthpostToStore/Page_Store/select_--Select--Adernaline 0.'

2018-05-19 18:11:49 - [TEST_STEP][PASSED] - delay: Delayed 2 second(s)

2018-05-19 18:11:51 - [MESSAGE][PASSED] - Delayed 2 second(s)

2018-05-19 18:11:51 - [TEST_STEP][PASSED] - Statement - RequestedQty = com.kms.katalon.core.webui.keyword.WebUiBuiltInKeywords.getAttribute(com.kms.katalon.core.testobject.ObjectRepository.findTestObject(HealthpostToStore/Page_Store/input_txttotal), "value"): Attribute 'value' of object 'Object Repository/HealthpostToStore/Page_Store/input_txttotal' is: '10'

2018-05-19 18:11:51 - [MESSAGE][PASSED] - Attribute 'value' of object 'Object Repository/HealthpostToStore/Page_Store/input_txttotal' is: '10'

2018-05-19 18:11:51 - [TEST_STEP][PASSED] - Statement - out.println("Requested QTY : " + RequestedQty): null

2018-05-19 18:11:51 - [TEST_STEP][PASSED] - Statement - BatchNumber = com.kms.katalon.core.webui.keyword.WebUiBuiltInKeywords.getNumberOfTotalOption(com.kms.katalon.core.testobject.ObjectRepository.findTestObject(HealthpostToStore/Page_Store/select_--Select--BA1170BA2376B)): 3 options of object 'Object Repository/HealthpostToStore/Page_Store/select_--Select--BA1170BA2376B' counted

2018-05-19 18:11:51 - [MESSAGE][PASSED] - 3 options of object 'Object Repository/HealthpostToStore/Page_Store/select_--Select--BA1170BA2376B' counted

2018-05-19 18:11:51 - [TEST_STEP][PASSED] - Statement - For ([g = 1, g <= BatchNumber - 1, (g++)]): null

2018-05-19 18:11:51 - [TEST_STEP][PASSED] - selectOptionByIndex: All options with index in [1] are selected on object 'Object Repository/HealthpostToStore/Page_Store/select_--Select--BA1170BA2376B'

2018-05-19 18:11:51 - [MESSAGE][PASSED] - All options with index in [1] are selected on object 'Object Repository/HealthpostToStore/Page_Store/select_--Select--BA1170BA2376B'

2018-05-19 18:11:51 - [TEST_STEP][PASSED] - Statement - Try: null

2018-05-19 18:11:51 - [TEST_STEP][PASSED] - Statement - StockQty = com.kms.katalon.core.webui.keyword.WebUiBuiltInKeywords.getAttribute(com.kms.katalon.core.testobject.ObjectRepository.findTestObject(HealthpostToStore/Page_Store/input_txtprice), "value"): Attribute 'value' of object 'Object Repository/HealthpostToStore/Page_Store/input_txtprice' is: '1060'

2018-05-19 18:11:51 - [MESSAGE][PASSED] - Attribute 'value' of object 'Object Repository/HealthpostToStore/Page_Store/input_txtprice' is: '1060'

2018-05-19 18:11:51 - [TEST_STEP][PASSED] - Statement - out.println("Stock QTY : " + StockQty): null

2018-05-19 18:11:51 - [TEST_STEP][PASSED] - delay: Delayed 2 second(s)

2018-05-19 18:11:53 - [MESSAGE][PASSED] - Delayed 2 second(s)

2018-05-19 18:11:53 - [TEST_STEP][PASSED] - Statement - If (java.lang.String.valueOf(StockQty) >= java.lang.String.valueOf(RequestedQty)): null

2018-05-19 18:11:53 - [TEST_STEP][PASSED] - setText: Text '10' is set on object 'Object Repository/HealthpostToStore/Page_Store/input_txtqty'

2018-05-19 18:11:53 - [MESSAGE][PASSED] - Text '10' is set on object 'Object Repository/HealthpostToStore/Page_Store/input_txtqty'

2018-05-19 18:11:53 - [TEST_STEP][PASSED] - click: Object: 'Object Repository/HealthpostToStore/Page_Store/button_Add' is clicked on

2018-05-19 18:11:53 - [MESSAGE][PASSED] - Object: 'Object Repository/HealthpostToStore/Page_Store/button_Add' is clicked on

2018-05-19 18:11:53 - [TEST_STEP][PASSED] - Statement - Break: null

2018-05-19 18:11:53 - [TEST_STEP][PASSED] - selectOptionByIndex: All options with index in [17] are selected on object 'Object Repository/HealthpostToStore/Page_Store/select_--Select--Adernaline 0.'

2018-05-19 18:11:54 - [MESSAGE][PASSED] - All options with index in [17] are selected on object 'Object Repository/HealthpostToStore/Page_Store/select_--Select--Adernaline 0.'

2018-05-19 18:11:54 - [TEST_STEP][PASSED] - delay: Delayed 2 second(s)

2018-05-19 18:11:56 - [MESSAGE][PASSED] - Delayed 2 second(s)

2018-05-19 18:11:56 - [TEST_STEP][PASSED] - Statement - RequestedQty = com.kms.katalon.core.webui.keyword.WebUiBuiltInKeywords.getAttribute(com.kms.katalon.core.testobject.ObjectRepository.findTestObject(HealthpostToStore/Page_Store/input_txttotal), "value"): Attribute 'value' of object 'Object Repository/HealthpostToStore/Page_Store/input_txttotal' is: '10'

2018-05-19 18:11:56 - [MESSAGE][PASSED] - Attribute 'value' of object 'Object Repository/HealthpostToStore/Page_Store/input_txttotal' is: '10'

2018-05-19 18:11:56 - [TEST_STEP][PASSED] - Statement - out.println("Requested QTY : " + RequestedQty): null

2018-05-19 18:11:56 - [TEST_STEP][PASSED] - Statement - BatchNumber = com.kms.katalon.core.webui.keyword.WebUiBuiltInKeywords.getNumberOfTotalOption(com.kms.katalon.core.testobject.ObjectRepository.findTestObject(HealthpostToStore/Page_Store/select_--Select--BA1170BA2376B)): 3 options of object 'Object Repository/HealthpostToStore/Page_Store/select_--Select--BA1170BA2376B' counted

2018-05-19 18:11:56 - [MESSAGE][PASSED] - 3 options of object 'Object Repository/HealthpostToStore/Page_Store/select_--Select--BA1170BA2376B' counted

2018-05-19 18:11:56 - [TEST_STEP][PASSED] - Statement - For ([g = 1, g <= BatchNumber - 1, (g++)]): null

2018-05-19 18:11:56 - [TEST_STEP][PASSED] - selectOptionByIndex: All options with index in [1] are selected on object 'Object Repository/HealthpostToStore/Page_Store/select_--Select--BA1170BA2376B'

2018-05-19 18:11:56 - [MESSAGE][PASSED] - All options with index in [1] are selected on object 'Object Repository/HealthpostToStore/Page_Store/select_--Select--BA1170BA2376B'

2018-05-19 18:11:56 - [TEST_STEP][PASSED] - Statement - Try: null

2018-05-19 18:11:56 - [TEST_STEP][PASSED] - Statement - StockQty = com.kms.katalon.core.webui.keyword.WebUiBuiltInKeywords.getAttribute(com.kms.katalon.core.testobject.ObjectRepository.findTestObject(HealthpostToStore/Page_Store/input_txtprice), "value"): Attribute 'value' of object 'Object Repository/HealthpostToStore/Page_Store/input_txtprice' is: '1050'

2018-05-19 18:11:56 - [MESSAGE][PASSED] - Attribute 'value' of object 'Object Repository/HealthpostToStore/Page_Store/input_txtprice' is: '1050'

2018-05-19 18:11:56 - [TEST_STEP][PASSED] - Statement - out.println("Stock QTY : " + StockQty): null

2018-05-19 18:11:56 - [TEST_STEP][PASSED] - delay: Delayed 2 second(s)

2018-05-19 18:11:58 - [MESSAGE][PASSED] - Delayed 2 second(s)

2018-05-19 18:11:58 - [TEST_STEP][PASSED] - Statement - If (java.lang.String.valueOf(StockQty) >= java.lang.String.valueOf(RequestedQty)): null

2018-05-19 18:11:58 - [TEST_STEP][PASSED] - setText: Text '10' is set on object 'Object Repository/HealthpostToStore/Page_Store/input_txtqty'

2018-05-19 18:11:58 - [MESSAGE][PASSED] - Text '10' is set on object 'Object Repository/HealthpostToStore/Page_Store/input_txtqty'

2018-05-19 18:11:58 - [TEST_STEP][PASSED] - click: Object: 'Object Repository/HealthpostToStore/Page_Store/button_Add' is clicked on

2018-05-19 18:11:58 - [MESSAGE][PASSED] - Object: 'Object Repository/HealthpostToStore/Page_Store/button_Add' is clicked on

2018-05-19 18:11:58 - [TEST_STEP][PASSED] - Statement - Break: null

2018-05-19 18:11:58 - [TEST_STEP][PASSED] - selectOptionByIndex: All options with index in [18] are selected on object 'Object Repository/HealthpostToStore/Page_Store/select_--Select--Adernaline 0.'

2018-05-19 18:11:58 - [MESSAGE][PASSED] - All options with index in [18] are selected on object 'Object Repository/HealthpostToStore/Page_Store/select_--Select--Adernaline 0.'

2018-05-19 18:11:58 - [TEST_STEP][PASSED] - delay: Delayed 2 second(s)

2018-05-19 18:12:00 - [MESSAGE][PASSED] - Delayed 2 second(s)

2018-05-19 18:12:00 - [TEST_STEP][PASSED] - Statement - RequestedQty = com.kms.katalon.core.webui.keyword.WebUiBuiltInKeywords.getAttribute(com.kms.katalon.core.testobject.ObjectRepository.findTestObject(HealthpostToStore/Page_Store/input_txttotal), "value"): Attribute 'value' of object 'Object Repository/HealthpostToStore/Page_Store/input_txttotal' is: '10'

2018-05-19 18:12:00 - [MESSAGE][PASSED] - Attribute 'value' of object 'Object Repository/HealthpostToStore/Page_Store/input_txttotal' is: '10'

2018-05-19 18:12:00 - [TEST_STEP][PASSED] - Statement - out.println("Requested QTY : " + RequestedQty): null

2018-05-19 18:12:00 - [TEST_STEP][PASSED] - Statement - BatchNumber = com.kms.katalon.core.webui.keyword.WebUiBuiltInKeywords.getNumberOfTotalOption(com.kms.katalon.core.testobject.ObjectRepository.findTestObject(HealthpostToStore/Page_Store/select_--Select--BA1170BA2376B)): 3 options of object 'Object Repository/HealthpostToStore/Page_Store/select_--Select--BA1170BA2376B' counted

2018-05-19 18:12:00 - [MESSAGE][PASSED] - 3 options of object 'Object Repository/HealthpostToStore/Page_Store/select_--Select--BA1170BA2376B' counted

2018-05-19 18:12:00 - [TEST_STEP][PASSED] - Statement - For ([g = 1, g <= BatchNumber - 1, (g++)]): null

2018-05-19 18:12:00 - [TEST_STEP][PASSED] - selectOptionByIndex: All options with index in [1] are selected on object 'Object Repository/HealthpostToStore/Page_Store/select_--Select--BA1170BA2376B'

2018-05-19 18:12:01 - [MESSAGE][PASSED] - All options with index in [1] are selected on object 'Object Repository/HealthpostToStore/Page_Store/select_--Select--BA1170BA2376B'

2018-05-19 18:12:01 - [TEST_STEP][PASSED] - Statement - Try: null

2018-05-19 18:12:01 - [TEST_STEP][PASSED] - Statement - StockQty = com.kms.katalon.core.webui.keyword.WebUiBuiltInKeywords.getAttribute(com.kms.katalon.core.testobject.ObjectRepository.findTestObject(HealthpostToStore/Page_Store/input_txtprice), "value"): Attribute 'value' of object 'Object Repository/HealthpostToStore/Page_Store/input_txtprice' is: '1050'

2018-05-19 18:12:01 - [MESSAGE][PASSED] - Attribute 'value' of object 'Object Repository/HealthpostToStore/Page_Store/input_txtprice' is: '1050'

2018-05-19 18:12:01 - [TEST_STEP][PASSED] - Statement - out.println("Stock QTY : " + StockQty): null

2018-05-19 18:12:01 - [TEST_STEP][PASSED] - delay: Delayed 2 second(s)

2018-05-19 18:12:03 - [MESSAGE][PASSED] - Delayed 2 second(s)

2018-05-19 18:12:03 - [TEST_STEP][PASSED] - Statement - If (java.lang.String.valueOf(StockQty) >= java.lang.String.valueOf(RequestedQty)): null

2018-05-19 18:12:03 - [TEST_STEP][PASSED] - setText: Text '10' is set on object 'Object Repository/HealthpostToStore/Page_Store/input_txtqty'

2018-05-19 18:12:03 - [MESSAGE][PASSED] - Text '10' is set on object 'Object Repository/HealthpostToStore/Page_Store/input_txtqty'

2018-05-19 18:12:03 - [TEST_STEP][PASSED] - click: Object: 'Object Repository/HealthpostToStore/Page_Store/button_Add' is clicked on

2018-05-19 18:12:03 - [MESSAGE][PASSED] - Object: 'Object Repository/HealthpostToStore/Page_Store/button_Add' is clicked on

2018-05-19 18:12:03 - [TEST_STEP][PASSED] - Statement - Break: null

2018-05-19 18:12:03 - [TEST_STEP][PASSED] - selectOptionByIndex: All options with index in [19] are selected on object 'Object Repository/HealthpostToStore/Page_Store/select_--Select--Adernaline 0.'

2018-05-19 18:12:03 - [MESSAGE][PASSED] - All options with index in [19] are selected on object 'Object Repository/HealthpostToStore/Page_Store/select_--Select--Adernaline 0.'

2018-05-19 18:12:03 - [TEST_STEP][PASSED] - delay: Delayed 2 second(s)

2018-05-19 18:12:05 - [MESSAGE][PASSED] - Delayed 2 second(s)

2018-05-19 18:12:05 - [TEST_STEP][PASSED] - Statement - RequestedQty = com.kms.katalon.core.webui.keyword.WebUiBuiltInKeywords.getAttribute(com.kms.katalon.core.testobject.ObjectRepository.findTestObject(HealthpostToStore/Page_Store/input_txttotal), "value"): Attribute 'value' of object 'Object Repository/HealthpostToStore/Page_Store/input_txttotal' is: '10'

2018-05-19 18:12:05 - [MESSAGE][PASSED] - Attribute 'value' of object 'Object Repository/HealthpostToStore/Page_Store/input_txttotal' is: '10'

2018-05-19 18:12:05 - [TEST_STEP][PASSED] - Statement - out.println("Requested QTY : " + RequestedQty): null

2018-05-19 18:12:05 - [TEST_STEP][PASSED] - Statement - BatchNumber = com.kms.katalon.core.webui.keyword.WebUiBuiltInKeywords.getNumberOfTotalOption(com.kms.katalon.core.testobject.ObjectRepository.findTestObject(HealthpostToStore/Page_Store/select_--Select--BA1170BA2376B)): 4 options of object 'Object Repository/HealthpostToStore/Page_Store/select_--Select--BA1170BA2376B' counted

2018-05-19 18:12:05 - [MESSAGE][PASSED] - 4 options of object 'Object Repository/HealthpostToStore/Page_Store/select_--Select--BA1170BA2376B' counted

2018-05-19 18:12:05 - [TEST_STEP][PASSED] - Statement - For ([g = 1, g <= BatchNumber - 1, (g++)]): null

2018-05-19 18:12:05 - [TEST_STEP][PASSED] - selectOptionByIndex: All options with index in [1] are selected on object 'Object Repository/HealthpostToStore/Page_Store/select_--Select--BA1170BA2376B'

2018-05-19 18:12:05 - [MESSAGE][PASSED] - All options with index in [1] are selected on object 'Object Repository/HealthpostToStore/Page_Store/select_--Select--BA1170BA2376B'

2018-05-19 18:12:05 - [TEST_STEP][PASSED] - Statement - Try: null

2018-05-19 18:12:05 - [TEST_STEP][PASSED] - Statement - StockQty = com.kms.katalon.core.webui.keyword.WebUiBuiltInKeywords.getAttribute(com.kms.katalon.core.testobject.ObjectRepository.findTestObject(HealthpostToStore/Page_Store/input_txtprice), "value"): Attribute 'value' of object 'Object Repository/HealthpostToStore/Page_Store/input_txtprice' is: '1950'

2018-05-19 18:12:05 - [MESSAGE][PASSED] - Attribute 'value' of object 'Object Repository/HealthpostToStore/Page_Store/input_txtprice' is: '1950'

2018-05-19 18:12:05 - [TEST_STEP][PASSED] - Statement - out.println("Stock QTY : " + StockQty): null

2018-05-19 18:12:05 - [TEST_STEP][PASSED] - delay: Delayed 2 second(s)

2018-05-19 18:12:07 - [MESSAGE][PASSED] - Delayed 2 second(s)

2018-05-19 18:12:07 - [TEST_STEP][PASSED] - Statement - If (java.lang.String.valueOf(StockQty) >= java.lang.String.valueOf(RequestedQty)): null

2018-05-19 18:12:07 - [TEST_STEP][PASSED] - setText: Text '10' is set on object 'Object Repository/HealthpostToStore/Page_Store/input_txtqty'

2018-05-19 18:12:07 - [MESSAGE][PASSED] - Text '10' is set on object 'Object Repository/HealthpostToStore/Page_Store/input_txtqty'

2018-05-19 18:12:07 - [TEST_STEP][PASSED] - click: Object: 'Object Repository/HealthpostToStore/Page_Store/button_Add' is clicked on

2018-05-19 18:12:08 - [MESSAGE][PASSED] - Object: 'Object Repository/HealthpostToStore/Page_Store/button_Add' is clicked on

2018-05-19 18:12:08 - [TEST_STEP][PASSED] - Statement - Break: null

2018-05-19 18:12:08 - [TEST_STEP][PASSED] - selectOptionByIndex: All options with index in [20] are selected on object 'Object Repository/HealthpostToStore/Page_Store/select_--Select--Adernaline 0.'

2018-05-19 18:12:08 - [MESSAGE][PASSED] - All options with index in [20] are selected on object 'Object Repository/HealthpostToStore/Page_Store/select_--Select--Adernaline 0.'

2018-05-19 18:12:08 - [TEST_STEP][PASSED] - delay: Delayed 2 second(s)

2018-05-19 18:12:10 - [MESSAGE][PASSED] - Delayed 2 second(s)

2018-05-19 18:12:10 - [TEST_STEP][PASSED] - Statement - RequestedQty = com.kms.katalon.core.webui.keyword.WebUiBuiltInKeywords.getAttribute(com.kms.katalon.core.testobject.ObjectRepository.findTestObject(HealthpostToStore/Page_Store/input_txttotal), "value"): Attribute 'value' of object 'Object Repository/HealthpostToStore/Page_Store/input_txttotal' is: '10'

2018-05-19 18:12:10 - [MESSAGE][PASSED] - Attribute 'value' of object 'Object Repository/HealthpostToStore/Page_Store/input_txttotal' is: '10'

2018-05-19 18:12:10 - [TEST_STEP][PASSED] - Statement - out.println("Requested QTY : " + RequestedQty): null

2018-05-19 18:12:10 - [TEST_STEP][PASSED] - Statement - BatchNumber = com.kms.katalon.core.webui.keyword.WebUiBuiltInKeywords.getNumberOfTotalOption(com.kms.katalon.core.testobject.ObjectRepository.findTestObject(HealthpostToStore/Page_Store/select_--Select--BA1170BA2376B)): 3 options of object 'Object Repository/HealthpostToStore/Page_Store/select_--Select--BA1170BA2376B' counted

2018-05-19 18:12:10 - [MESSAGE][PASSED] - 3 options of object 'Object Repository/HealthpostToStore/Page_Store/select_--Select--BA1170BA2376B' counted

2018-05-19 18:12:10 - [TEST_STEP][PASSED] - Statement - For ([g = 1, g <= BatchNumber - 1, (g++)]): null

2018-05-19 18:12:10 - [TEST_STEP][PASSED] - selectOptionByIndex: All options with index in [1] are selected on object 'Object Repository/HealthpostToStore/Page_Store/select_--Select--BA1170BA2376B'

2018-05-19 18:12:10 - [MESSAGE][PASSED] - All options with index in [1] are selected on object 'Object Repository/HealthpostToStore/Page_Store/select_--Select--BA1170BA2376B'

2018-05-19 18:12:10 - [TEST_STEP][PASSED] - Statement - Try: null

2018-05-19 18:12:10 - [TEST_STEP][PASSED] - Statement - StockQty = com.kms.katalon.core.webui.keyword.WebUiBuiltInKeywords.getAttribute(com.kms.katalon.core.testobject.ObjectRepository.findTestObject(HealthpostToStore/Page_Store/input_txtprice), "value"): Attribute 'value' of object 'Object Repository/HealthpostToStore/Page_Store/input_txtprice' is: '1050'

2018-05-19 18:12:10 - [MESSAGE][PASSED] - Attribute 'value' of object 'Object Repository/HealthpostToStore/Page_Store/input_txtprice' is: '1050'

2018-05-19 18:12:10 - [TEST_STEP][PASSED] - Statement - out.println("Stock QTY : " + StockQty): null

2018-05-19 18:12:10 - [TEST_STEP][PASSED] - delay: Delayed 2 second(s)

2018-05-19 18:12:12 - [MESSAGE][PASSED] - Delayed 2 second(s)

2018-05-19 18:12:12 - [TEST_STEP][PASSED] - Statement - If (java.lang.String.valueOf(StockQty) >= java.lang.String.valueOf(RequestedQty)): null

2018-05-19 18:12:12 - [TEST_STEP][PASSED] - setText: Text '10' is set on object 'Object Repository/HealthpostToStore/Page_Store/input_txtqty'

2018-05-19 18:12:12 - [MESSAGE][PASSED] - Text '10' is set on object 'Object Repository/HealthpostToStore/Page_Store/input_txtqty'

2018-05-19 18:12:12 - [TEST_STEP][PASSED] - click: Object: 'Object Repository/HealthpostToStore/Page_Store/button_Add' is clicked on

2018-05-19 18:12:12 - [MESSAGE][PASSED] - Object: 'Object Repository/HealthpostToStore/Page_Store/button_Add' is clicked on

2018-05-19 18:12:12 - [TEST_STEP][PASSED] - Statement - Break: null

2018-05-19 18:12:12 - [TEST_STEP][PASSED] - selectOptionByIndex: All options with index in [21] are selected on object 'Object Repository/HealthpostToStore/Page_Store/select_--Select--Adernaline 0.'

2018-05-19 18:12:13 - [MESSAGE][PASSED] - All options with index in [21] are selected on object 'Object Repository/HealthpostToStore/Page_Store/select_--Select--Adernaline 0.'

2018-05-19 18:12:13 - [TEST_STEP][PASSED] - delay: Delayed 2 second(s)

2018-05-19 18:12:15 - [MESSAGE][PASSED] - Delayed 2 second(s)

2018-05-19 18:12:15 - [TEST_STEP][PASSED] - Statement - RequestedQty = com.kms.katalon.core.webui.keyword.WebUiBuiltInKeywords.getAttribute(com.kms.katalon.core.testobject.ObjectRepository.findTestObject(HealthpostToStore/Page_Store/input_txttotal), "value"): Attribute 'value' of object 'Object Repository/HealthpostToStore/Page_Store/input_txttotal' is: '10'

2018-05-19 18:12:15 - [MESSAGE][PASSED] - Attribute 'value' of object 'Object Repository/HealthpostToStore/Page_Store/input_txttotal' is: '10'

2018-05-19 18:12:15 - [TEST_STEP][PASSED] - Statement - out.println("Requested QTY : " + RequestedQty): null

2018-05-19 18:12:15 - [TEST_STEP][PASSED] - Statement - BatchNumber = com.kms.katalon.core.webui.keyword.WebUiBuiltInKeywords.getNumberOfTotalOption(com.kms.katalon.core.testobject.ObjectRepository.findTestObject(HealthpostToStore/Page_Store/select_--Select--BA1170BA2376B)): 3 options of object 'Object Repository/HealthpostToStore/Page_Store/select_--Select--BA1170BA2376B' counted

2018-05-19 18:12:15 - [MESSAGE][PASSED] - 3 options of object 'Object Repository/HealthpostToStore/Page_Store/select_--Select--BA1170BA2376B' counted

2018-05-19 18:12:15 - [TEST_STEP][PASSED] - Statement - For ([g = 1, g <= BatchNumber - 1, (g++)]): null

2018-05-19 18:12:15 - [TEST_STEP][PASSED] - selectOptionByIndex: All options with index in [1] are selected on object 'Object Repository/HealthpostToStore/Page_Store/select_--Select--BA1170BA2376B'

2018-05-19 18:12:15 - [MESSAGE][PASSED] - All options with index in [1] are selected on object 'Object Repository/HealthpostToStore/Page_Store/select_--Select--BA1170BA2376B'

2018-05-19 18:12:15 - [TEST_STEP][PASSED] - Statement - Try: null

2018-05-19 18:12:15 - [TEST_STEP][PASSED] - Statement - StockQty = com.kms.katalon.core.webui.keyword.WebUiBuiltInKeywords.getAttribute(com.kms.katalon.core.testobject.ObjectRepository.findTestObject(HealthpostToStore/Page_Store/input_txtprice), "value"): Attribute 'value' of object 'Object Repository/HealthpostToStore/Page_Store/input_txtprice' is: '1050'

2018-05-19 18:12:15 - [MESSAGE][PASSED] - Attribute 'value' of object 'Object Repository/HealthpostToStore/Page_Store/input_txtprice' is: '1050'

2018-05-19 18:12:15 - [TEST_STEP][PASSED] - Statement - out.println("Stock QTY : " + StockQty): null

2018-05-19 18:12:15 - [TEST_STEP][PASSED] - delay: Delayed 2 second(s)

2018-05-19 18:12:17 - [MESSAGE][PASSED] - Delayed 2 second(s)

2018-05-19 18:12:17 - [TEST_STEP][PASSED] - Statement - If (java.lang.String.valueOf(StockQty) >= java.lang.String.valueOf(RequestedQty)): null

2018-05-19 18:12:17 - [TEST_STEP][PASSED] - setText: Text '10' is set on object 'Object Repository/HealthpostToStore/Page_Store/input_txtqty'

2018-05-19 18:12:17 - [MESSAGE][PASSED] - Text '10' is set on object 'Object Repository/HealthpostToStore/Page_Store/input_txtqty'

2018-05-19 18:12:17 - [TEST_STEP][PASSED] - click: Object: 'Object Repository/HealthpostToStore/Page_Store/button_Add' is clicked on

2018-05-19 18:12:17 - [MESSAGE][PASSED] - Object: 'Object Repository/HealthpostToStore/Page_Store/button_Add' is clicked on

2018-05-19 18:12:17 - [TEST_STEP][PASSED] - Statement - Break: null

2018-05-19 18:12:17 - [TEST_STEP][PASSED] - selectOptionByIndex: All options with index in [22] are selected on object 'Object Repository/HealthpostToStore/Page_Store/select_--Select--Adernaline 0.'

2018-05-19 18:12:17 - [MESSAGE][PASSED] - All options with index in [22] are selected on object 'Object Repository/HealthpostToStore/Page_Store/select_--Select--Adernaline 0.'

2018-05-19 18:12:17 - [TEST_STEP][PASSED] - delay: Delayed 2 second(s)

2018-05-19 18:12:19 - [MESSAGE][PASSED] - Delayed 2 second(s)

2018-05-19 18:12:19 - [TEST_STEP][PASSED] - Statement - RequestedQty = com.kms.katalon.core.webui.keyword.WebUiBuiltInKeywords.getAttribute(com.kms.katalon.core.testobject.ObjectRepository.findTestObject(HealthpostToStore/Page_Store/input_txttotal), "value"): Attribute 'value' of object 'Object Repository/HealthpostToStore/Page_Store/input_txttotal' is: '10'

2018-05-19 18:12:19 - [MESSAGE][PASSED] - Attribute 'value' of object 'Object Repository/HealthpostToStore/Page_Store/input_txttotal' is: '10'

2018-05-19 18:12:19 - [TEST_STEP][PASSED] - Statement - out.println("Requested QTY : " + RequestedQty): null

2018-05-19 18:12:19 - [TEST_STEP][PASSED] - Statement - BatchNumber = com.kms.katalon.core.webui.keyword.WebUiBuiltInKeywords.getNumberOfTotalOption(com.kms.katalon.core.testobject.ObjectRepository.findTestObject(HealthpostToStore/Page_Store/select_--Select--BA1170BA2376B)): 3 options of object 'Object Repository/HealthpostToStore/Page_Store/select_--Select--BA1170BA2376B' counted

2018-05-19 18:12:19 - [MESSAGE][PASSED] - 3 options of object 'Object Repository/HealthpostToStore/Page_Store/select_--Select--BA1170BA2376B' counted

2018-05-19 18:12:19 - [TEST_STEP][PASSED] - Statement - For ([g = 1, g <= BatchNumber - 1, (g++)]): null

2018-05-19 18:12:19 - [TEST_STEP][PASSED] - selectOptionByIndex: All options with index in [1] are selected on object 'Object Repository/HealthpostToStore/Page_Store/select_--Select--BA1170BA2376B'

2018-05-19 18:12:20 - [MESSAGE][PASSED] - All options with index in [1] are selected on object 'Object Repository/HealthpostToStore/Page_Store/select_--Select--BA1170BA2376B'

2018-05-19 18:12:20 - [TEST_STEP][PASSED] - Statement - Try: null

2018-05-19 18:12:20 - [TEST_STEP][PASSED] - Statement - StockQty = com.kms.katalon.core.webui.keyword.WebUiBuiltInKeywords.getAttribute(com.kms.katalon.core.testobject.ObjectRepository.findTestObject(HealthpostToStore/Page_Store/input_txtprice), "value"): Attribute 'value' of object 'Object Repository/HealthpostToStore/Page_Store/input_txtprice' is: '1050'

2018-05-19 18:12:20 - [MESSAGE][PASSED] - Attribute 'value' of object 'Object Repository/HealthpostToStore/Page_Store/input_txtprice' is: '1050'

2018-05-19 18:12:20 - [TEST_STEP][PASSED] - Statement - out.println("Stock QTY : " + StockQty): null

2018-05-19 18:12:20 - [TEST_STEP][PASSED] - delay: Delayed 2 second(s)

2018-05-19 18:12:22 - [MESSAGE][PASSED] - Delayed 2 second(s)

2018-05-19 18:12:22 - [TEST_STEP][PASSED] - Statement - If (java.lang.String.valueOf(StockQty) >= java.lang.String.valueOf(RequestedQty)): null

2018-05-19 18:12:22 - [TEST_STEP][PASSED] - setText: Text '10' is set on object 'Object Repository/HealthpostToStore/Page_Store/input_txtqty'

2018-05-19 18:12:22 - [MESSAGE][PASSED] - Text '10' is set on object 'Object Repository/HealthpostToStore/Page_Store/input_txtqty'

2018-05-19 18:12:22 - [TEST_STEP][PASSED] - click: Object: 'Object Repository/HealthpostToStore/Page_Store/button_Add' is clicked on

2018-05-19 18:12:22 - [MESSAGE][PASSED] - Object: 'Object Repository/HealthpostToStore/Page_Store/button_Add' is clicked on

2018-05-19 18:12:22 - [TEST_STEP][PASSED] - Statement - Break: null

2018-05-19 18:12:22 - [TEST_STEP][PASSED] - selectOptionByIndex: All options with index in [23] are selected on object 'Object Repository/HealthpostToStore/Page_Store/select_--Select--Adernaline 0.'

2018-05-19 18:12:22 - [MESSAGE][PASSED] - All options with index in [23] are selected on object 'Object Repository/HealthpostToStore/Page_Store/select_--Select--Adernaline 0.'

2018-05-19 18:12:22 - [TEST_STEP][PASSED] - delay: Delayed 2 second(s)

2018-05-19 18:12:24 - [MESSAGE][PASSED] - Delayed 2 second(s)

2018-05-19 18:12:24 - [TEST_STEP][PASSED] - Statement - RequestedQty = com.kms.katalon.core.webui.keyword.WebUiBuiltInKeywords.getAttribute(com.kms.katalon.core.testobject.ObjectRepository.findTestObject(HealthpostToStore/Page_Store/input_txttotal), "value"): Attribute 'value' of object 'Object Repository/HealthpostToStore/Page_Store/input_txttotal' is: '10'

2018-05-19 18:12:24 - [MESSAGE][PASSED] - Attribute 'value' of object 'Object Repository/HealthpostToStore/Page_Store/input_txttotal' is: '10'

2018-05-19 18:12:24 - [TEST_STEP][PASSED] - Statement - out.println("Requested QTY : " + RequestedQty): null

2018-05-19 18:12:24 - [TEST_STEP][PASSED] - Statement - BatchNumber = com.kms.katalon.core.webui.keyword.WebUiBuiltInKeywords.getNumberOfTotalOption(com.kms.katalon.core.testobject.ObjectRepository.findTestObject(HealthpostToStore/Page_Store/select_--Select--BA1170BA2376B)): 3 options of object 'Object Repository/HealthpostToStore/Page_Store/select_--Select--BA1170BA2376B' counted

2018-05-19 18:12:24 - [MESSAGE][PASSED] - 3 options of object 'Object Repository/HealthpostToStore/Page_Store/select_--Select--BA1170BA2376B' counted

2018-05-19 18:12:24 - [TEST_STEP][PASSED] - Statement - For ([g = 1, g <= BatchNumber - 1, (g++)]): null

2018-05-19 18:12:24 - [TEST_STEP][PASSED] - selectOptionByIndex: All options with index in [1] are selected on object 'Object Repository/HealthpostToStore/Page_Store/select_--Select--BA1170BA2376B'

2018-05-19 18:12:24 - [MESSAGE][PASSED] - All options with index in [1] are selected on object 'Object Repository/HealthpostToStore/Page_Store/select_--Select--BA1170BA2376B'

2018-05-19 18:12:24 - [TEST_STEP][PASSED] - Statement - Try: null

2018-05-19 18:12:24 - [TEST_STEP][PASSED] - Statement - StockQty = com.kms.katalon.core.webui.keyword.WebUiBuiltInKeywords.getAttribute(com.kms.katalon.core.testobject.ObjectRepository.findTestObject(HealthpostToStore/Page_Store/input_txtprice), "value"): Attribute 'value' of object 'Object Repository/HealthpostToStore/Page_Store/input_txtprice' is: '1950'

2018-05-19 18:12:24 - [MESSAGE][PASSED] - Attribute 'value' of object 'Object Repository/HealthpostToStore/Page_Store/input_txtprice' is: '1950'

2018-05-19 18:12:24 - [TEST_STEP][PASSED] - Statement - out.println("Stock QTY : " + StockQty): null

2018-05-19 18:12:24 - [TEST_STEP][PASSED] - delay: Delayed 2 second(s)

2018-05-19 18:12:26 - [MESSAGE][PASSED] - Delayed 2 second(s)

2018-05-19 18:12:26 - [TEST_STEP][PASSED] - Statement - If (java.lang.String.valueOf(StockQty) >= java.lang.String.valueOf(RequestedQty)): null

2018-05-19 18:12:26 - [TEST_STEP][PASSED] - setText: Text '10' is set on object 'Object Repository/HealthpostToStore/Page_Store/input_txtqty'

2018-05-19 18:12:27 - [MESSAGE][PASSED] - Text '10' is set on object 'Object Repository/HealthpostToStore/Page_Store/input_txtqty'

2018-05-19 18:12:27 - [TEST_STEP][PASSED] - click: Object: 'Object Repository/HealthpostToStore/Page_Store/button_Add' is clicked on

2018-05-19 18:12:27 - [MESSAGE][PASSED] - Object: 'Object Repository/HealthpostToStore/Page_Store/button_Add' is clicked on

2018-05-19 18:12:27 - [TEST_STEP][PASSED] - Statement - Break: null

2018-05-19 18:12:27 - [TEST_STEP][PASSED] - selectOptionByIndex: All options with index in [24] are selected on object 'Object Repository/HealthpostToStore/Page_Store/select_--Select--Adernaline 0.'

2018-05-19 18:12:27 - [MESSAGE][PASSED] - All options with index in [24] are selected on object 'Object Repository/HealthpostToStore/Page_Store/select_--Select--Adernaline 0.'

2018-05-19 18:12:27 - [TEST_STEP][PASSED] - delay: Delayed 2 second(s)

2018-05-19 18:12:29 - [MESSAGE][PASSED] - Delayed 2 second(s)

2018-05-19 18:12:29 - [TEST_STEP][PASSED] - Statement - RequestedQty = com.kms.katalon.core.webui.keyword.WebUiBuiltInKeywords.getAttribute(com.kms.katalon.core.testobject.ObjectRepository.findTestObject(HealthpostToStore/Page_Store/input_txttotal), "value"): Attribute 'value' of object 'Object Repository/HealthpostToStore/Page_Store/input_txttotal' is: '10'

2018-05-19 18:12:29 - [MESSAGE][PASSED] - Attribute 'value' of object 'Object Repository/HealthpostToStore/Page_Store/input_txttotal' is: '10'

2018-05-19 18:12:29 - [TEST_STEP][PASSED] - Statement - out.println("Requested QTY : " + RequestedQty): null

2018-05-19 18:12:29 - [TEST_STEP][PASSED] - Statement - BatchNumber = com.kms.katalon.core.webui.keyword.WebUiBuiltInKeywords.getNumberOfTotalOption(com.kms.katalon.core.testobject.ObjectRepository.findTestObject(HealthpostToStore/Page_Store/select_--Select--BA1170BA2376B)): 3 options of object 'Object Repository/HealthpostToStore/Page_Store/select_--Select--BA1170BA2376B' counted

2018-05-19 18:12:29 - [MESSAGE][PASSED] - 3 options of object 'Object Repository/HealthpostToStore/Page_Store/select_--Select--BA1170BA2376B' counted

2018-05-19 18:12:29 - [TEST_STEP][PASSED] - Statement - For ([g = 1, g <= BatchNumber - 1, (g++)]): null

2018-05-19 18:12:29 - [TEST_STEP][PASSED] - selectOptionByIndex: All options with index in [1] are selected on object 'Object Repository/HealthpostToStore/Page_Store/select_--Select--BA1170BA2376B'

2018-05-19 18:12:29 - [MESSAGE][PASSED] - All options with index in [1] are selected on object 'Object Repository/HealthpostToStore/Page_Store/select_--Select--BA1170BA2376B'

2018-05-19 18:12:29 - [TEST_STEP][PASSED] - Statement - Try: null

2018-05-19 18:12:29 - [TEST_STEP][PASSED] - Statement - StockQty = com.kms.katalon.core.webui.keyword.WebUiBuiltInKeywords.getAttribute(com.kms.katalon.core.testobject.ObjectRepository.findTestObject(HealthpostToStore/Page_Store/input_txtprice), "value"): Attribute 'value' of object 'Object Repository/HealthpostToStore/Page_Store/input_txtprice' is: '1050'

2018-05-19 18:12:29 - [MESSAGE][PASSED] - Attribute 'value' of object 'Object Repository/HealthpostToStore/Page_Store/input_txtprice' is: '1050'

2018-05-19 18:12:29 - [TEST_STEP][PASSED] - Statement - out.println("Stock QTY : " + StockQty): null

2018-05-19 18:12:29 - [TEST_STEP][PASSED] - delay: Delayed 2 second(s)

2018-05-19 18:12:31 - [MESSAGE][PASSED] - Delayed 2 second(s)

2018-05-19 18:12:31 - [TEST_STEP][PASSED] - Statement - If (java.lang.String.valueOf(StockQty) >= java.lang.String.valueOf(RequestedQty)): null

2018-05-19 18:12:31 - [TEST_STEP][PASSED] - setText: Text '10' is set on object 'Object Repository/HealthpostToStore/Page_Store/input_txtqty'

2018-05-19 18:12:31 - [MESSAGE][PASSED] - Text '10' is set on object 'Object Repository/HealthpostToStore/Page_Store/input_txtqty'

2018-05-19 18:12:31 - [TEST_STEP][PASSED] - click: Object: 'Object Repository/HealthpostToStore/Page_Store/button_Add' is clicked on

2018-05-19 18:12:31 - [MESSAGE][PASSED] - Object: 'Object Repository/HealthpostToStore/Page_Store/button_Add' is clicked on

2018-05-19 18:12:31 - [TEST_STEP][PASSED] - Statement - Break: null

2018-05-19 18:12:31 - [TEST_STEP][PASSED] - selectOptionByIndex: All options with index in [25] are selected on object 'Object Repository/HealthpostToStore/Page_Store/select_--Select--Adernaline 0.'

2018-05-19 18:12:32 - [MESSAGE][PASSED] - All options with index in [25] are selected on object 'Object Repository/HealthpostToStore/Page_Store/select_--Select--Adernaline 0.'

2018-05-19 18:12:32 - [TEST_STEP][PASSED] - delay: Delayed 2 second(s)

2018-05-19 18:12:34 - [MESSAGE][PASSED] - Delayed 2 second(s)

2018-05-19 18:12:34 - [TEST_STEP][PASSED] - Statement - RequestedQty = com.kms.katalon.core.webui.keyword.WebUiBuiltInKeywords.getAttribute(com.kms.katalon.core.testobject.ObjectRepository.findTestObject(HealthpostToStore/Page_Store/input_txttotal), "value"): Attribute 'value' of object 'Object Repository/HealthpostToStore/Page_Store/input_txttotal' is: '10'

2018-05-19 18:12:34 - [MESSAGE][PASSED] - Attribute 'value' of object 'Object Repository/HealthpostToStore/Page_Store/input_txttotal' is: '10'

2018-05-19 18:12:34 - [TEST_STEP][PASSED] - Statement - out.println("Requested QTY : " + RequestedQty): null

2018-05-19 18:12:34 - [TEST_STEP][PASSED] - Statement - BatchNumber = com.kms.katalon.core.webui.keyword.WebUiBuiltInKeywords.getNumberOfTotalOption(com.kms.katalon.core.testobject.ObjectRepository.findTestObject(HealthpostToStore/Page_Store/select_--Select--BA1170BA2376B)): 3 options of object 'Object Repository/HealthpostToStore/Page_Store/select_--Select--BA1170BA2376B' counted

2018-05-19 18:12:34 - [MESSAGE][PASSED] - 3 options of object 'Object Repository/HealthpostToStore/Page_Store/select_--Select--BA1170BA2376B' counted

2018-05-19 18:12:34 - [TEST_STEP][PASSED] - Statement - For ([g = 1, g <= BatchNumber - 1, (g++)]): null

2018-05-19 18:12:34 - [TEST_STEP][PASSED] - selectOptionByIndex: All options with index in [1] are selected on object 'Object Repository/HealthpostToStore/Page_Store/select_--Select--BA1170BA2376B'

2018-05-19 18:12:34 - [MESSAGE][PASSED] - All options with index in [1] are selected on object 'Object Repository/HealthpostToStore/Page_Store/select_--Select--BA1170BA2376B'

2018-05-19 18:12:34 - [TEST_STEP][PASSED] - Statement - Try: null

2018-05-19 18:12:34 - [TEST_STEP][PASSED] - Statement - StockQty = com.kms.katalon.core.webui.keyword.WebUiBuiltInKeywords.getAttribute(com.kms.katalon.core.testobject.ObjectRepository.findTestObject(HealthpostToStore/Page_Store/input_txtprice), "value"): Attribute 'value' of object 'Object Repository/HealthpostToStore/Page_Store/input_txtprice' is: '1050'

2018-05-19 18:12:34 - [MESSAGE][PASSED] - Attribute 'value' of object 'Object Repository/HealthpostToStore/Page_Store/input_txtprice' is: '1050'

2018-05-19 18:12:34 - [TEST_STEP][PASSED] - Statement - out.println("Stock QTY : " + StockQty): null

2018-05-19 18:12:34 - [TEST_STEP][PASSED] - delay: Delayed 2 second(s)

2018-05-19 18:12:36 - [MESSAGE][PASSED] - Delayed 2 second(s)

2018-05-19 18:12:36 - [TEST_STEP][PASSED] - Statement - If (java.lang.String.valueOf(StockQty) >= java.lang.String.valueOf(RequestedQty)): null

2018-05-19 18:12:36 - [TEST_STEP][PASSED] - setText: Text '10' is set on object 'Object Repository/HealthpostToStore/Page_Store/input_txtqty'

2018-05-19 18:12:36 - [MESSAGE][PASSED] - Text '10' is set on object 'Object Repository/HealthpostToStore/Page_Store/input_txtqty'

2018-05-19 18:12:36 - [TEST_STEP][PASSED] - click: Object: 'Object Repository/HealthpostToStore/Page_Store/button_Add' is clicked on

2018-05-19 18:12:36 - [MESSAGE][PASSED] - Object: 'Object Repository/HealthpostToStore/Page_Store/button_Add' is clicked on

2018-05-19 18:12:36 - [TEST_STEP][PASSED] - Statement - Break: null

2018-05-19 18:12:36 - [TEST_STEP][PASSED] - selectOptionByIndex: All options with index in [26] are selected on object 'Object Repository/HealthpostToStore/Page_Store/select_--Select--Adernaline 0.'

2018-05-19 18:12:37 - [MESSAGE][PASSED] - All options with index in [26] are selected on object 'Object Repository/HealthpostToStore/Page_Store/select_--Select--Adernaline 0.'

2018-05-19 18:12:37 - [TEST_STEP][PASSED] - delay: Delayed 2 second(s)

2018-05-19 18:12:39 - [MESSAGE][PASSED] - Delayed 2 second(s)

2018-05-19 18:12:39 - [TEST_STEP][PASSED] - Statement - RequestedQty = com.kms.katalon.core.webui.keyword.WebUiBuiltInKeywords.getAttribute(com.kms.katalon.core.testobject.ObjectRepository.findTestObject(HealthpostToStore/Page_Store/input_txttotal), "value"): Attribute 'value' of object 'Object Repository/HealthpostToStore/Page_Store/input_txttotal' is: '10'

2018-05-19 18:12:39 - [MESSAGE][PASSED] - Attribute 'value' of object 'Object Repository/HealthpostToStore/Page_Store/input_txttotal' is: '10'

2018-05-19 18:12:39 - [TEST_STEP][PASSED] - Statement - out.println("Requested QTY : " + RequestedQty): null

2018-05-19 18:12:39 - [TEST_STEP][PASSED] - Statement - BatchNumber = com.kms.katalon.core.webui.keyword.WebUiBuiltInKeywords.getNumberOfTotalOption(com.kms.katalon.core.testobject.ObjectRepository.findTestObject(HealthpostToStore/Page_Store/select_--Select--BA1170BA2376B)): 3 options of object 'Object Repository/HealthpostToStore/Page_Store/select_--Select--BA1170BA2376B' counted

2018-05-19 18:12:39 - [MESSAGE][PASSED] - 3 options of object 'Object Repository/HealthpostToStore/Page_Store/select_--Select--BA1170BA2376B' counted

2018-05-19 18:12:39 - [TEST_STEP][PASSED] - Statement - For ([g = 1, g <= BatchNumber - 1, (g++)]): null

2018-05-19 18:12:39 - [TEST_STEP][PASSED] - selectOptionByIndex: All options with index in [1] are selected on object 'Object Repository/HealthpostToStore/Page_Store/select_--Select--BA1170BA2376B'

2018-05-19 18:12:39 - [MESSAGE][PASSED] - All options with index in [1] are selected on object 'Object Repository/HealthpostToStore/Page_Store/select_--Select--BA1170BA2376B'

2018-05-19 18:12:39 - [TEST_STEP][PASSED] - Statement - Try: null

2018-05-19 18:12:39 - [TEST_STEP][PASSED] - Statement - StockQty = com.kms.katalon.core.webui.keyword.WebUiBuiltInKeywords.getAttribute(com.kms.katalon.core.testobject.ObjectRepository.findTestObject(HealthpostToStore/Page_Store/input_txtprice), "value"): Attribute 'value' of object 'Object Repository/HealthpostToStore/Page_Store/input_txtprice' is: '1050'

2018-05-19 18:12:39 - [MESSAGE][PASSED] - Attribute 'value' of object 'Object Repository/HealthpostToStore/Page_Store/input_txtprice' is: '1050'

2018-05-19 18:12:39 - [TEST_STEP][PASSED] - Statement - out.println("Stock QTY : " + StockQty): null

2018-05-19 18:12:39 - [TEST_STEP][PASSED] - delay: Delayed 2 second(s)

2018-05-19 18:12:41 - [MESSAGE][PASSED] - Delayed 2 second(s)

2018-05-19 18:12:41 - [TEST_STEP][PASSED] - Statement - If (java.lang.String.valueOf(StockQty) >= java.lang.String.valueOf(RequestedQty)): null

2018-05-19 18:12:41 - [TEST_STEP][PASSED] - setText: Text '10' is set on object 'Object Repository/HealthpostToStore/Page_Store/input_txtqty'

2018-05-19 18:12:41 - [MESSAGE][PASSED] - Text '10' is set on object 'Object Repository/HealthpostToStore/Page_Store/input_txtqty'

2018-05-19 18:12:41 - [TEST_STEP][PASSED] - click: Object: 'Object Repository/HealthpostToStore/Page_Store/button_Add' is clicked on

2018-05-19 18:12:41 - [MESSAGE][PASSED] - Object: 'Object Repository/HealthpostToStore/Page_Store/button_Add' is clicked on

2018-05-19 18:12:41 - [TEST_STEP][PASSED] - Statement - Break: null

2018-05-19 18:12:41 - [TEST_STEP][PASSED] - selectOptionByIndex: All options with index in [27] are selected on object 'Object Repository/HealthpostToStore/Page_Store/select_--Select--Adernaline 0.'

2018-05-19 18:12:41 - [MESSAGE][PASSED] - All options with index in [27] are selected on object 'Object Repository/HealthpostToStore/Page_Store/select_--Select--Adernaline 0.'

2018-05-19 18:12:41 - [TEST_STEP][PASSED] - delay: Delayed 2 second(s)

2018-05-19 18:12:43 - [MESSAGE][PASSED] - Delayed 2 second(s)

2018-05-19 18:12:43 - [TEST_STEP][PASSED] - Statement - RequestedQty = com.kms.katalon.core.webui.keyword.WebUiBuiltInKeywords.getAttribute(com.kms.katalon.core.testobject.ObjectRepository.findTestObject(HealthpostToStore/Page_Store/input_txttotal), "value"): Attribute 'value' of object 'Object Repository/HealthpostToStore/Page_Store/input_txttotal' is: '10'

2018-05-19 18:12:44 - [MESSAGE][PASSED] - Attribute 'value' of object 'Object Repository/HealthpostToStore/Page_Store/input_txttotal' is: '10'

2018-05-19 18:12:44 - [TEST_STEP][PASSED] - Statement - out.println("Requested QTY : " + RequestedQty): null

2018-05-19 18:12:44 - [TEST_STEP][PASSED] - Statement - BatchNumber = com.kms.katalon.core.webui.keyword.WebUiBuiltInKeywords.getNumberOfTotalOption(com.kms.katalon.core.testobject.ObjectRepository.findTestObject(HealthpostToStore/Page_Store/select_--Select--BA1170BA2376B)): 3 options of object 'Object Repository/HealthpostToStore/Page_Store/select_--Select--BA1170BA2376B' counted

2018-05-19 18:12:44 - [MESSAGE][PASSED] - 3 options of object 'Object Repository/HealthpostToStore/Page_Store/select_--Select--BA1170BA2376B' counted

2018-05-19 18:12:44 - [TEST_STEP][PASSED] - Statement - For ([g = 1, g <= BatchNumber - 1, (g++)]): null

2018-05-19 18:12:44 - [TEST_STEP][PASSED] - selectOptionByIndex: All options with index in [1] are selected on object 'Object Repository/HealthpostToStore/Page_Store/select_--Select--BA1170BA2376B'

2018-05-19 18:12:44 - [MESSAGE][PASSED] - All options with index in [1] are selected on object 'Object Repository/HealthpostToStore/Page_Store/select_--Select--BA1170BA2376B'

2018-05-19 18:12:44 - [TEST_STEP][PASSED] - Statement - Try: null

2018-05-19 18:12:44 - [TEST_STEP][PASSED] - Statement - StockQty = com.kms.katalon.core.webui.keyword.WebUiBuiltInKeywords.getAttribute(com.kms.katalon.core.testobject.ObjectRepository.findTestObject(HealthpostToStore/Page_Store/input_txtprice), "value"): Attribute 'value' of object 'Object Repository/HealthpostToStore/Page_Store/input_txtprice' is: '1050'

2018-05-19 18:12:44 - [MESSAGE][PASSED] - Attribute 'value' of object 'Object Repository/HealthpostToStore/Page_Store/input_txtprice' is: '1050'

2018-05-19 18:12:44 - [TEST_STEP][PASSED] - Statement - out.println("Stock QTY : " + StockQty): null

2018-05-19 18:12:44 - [TEST_STEP][PASSED] - delay: Delayed 2 second(s)

2018-05-19 18:12:46 - [MESSAGE][PASSED] - Delayed 2 second(s)

2018-05-19 18:12:46 - [TEST_STEP][PASSED] - Statement - If (java.lang.String.valueOf(StockQty) >= java.lang.String.valueOf(RequestedQty)): null

2018-05-19 18:12:46 - [TEST_STEP][PASSED] - setText: Text '10' is set on object 'Object Repository/HealthpostToStore/Page_Store/input_txtqty'

2018-05-19 18:12:46 - [MESSAGE][PASSED] - Text '10' is set on object 'Object Repository/HealthpostToStore/Page_Store/input_txtqty'

2018-05-19 18:12:46 - [TEST_STEP][PASSED] - click: Object: 'Object Repository/HealthpostToStore/Page_Store/button_Add' is clicked on

2018-05-19 18:12:46 - [MESSAGE][PASSED] - Object: 'Object Repository/HealthpostToStore/Page_Store/button_Add' is clicked on

2018-05-19 18:12:46 - [TEST_STEP][PASSED] - Statement - Break: null

2018-05-19 18:12:46 - [TEST_STEP][PASSED] - selectOptionByIndex: All options with index in [28] are selected on object 'Object Repository/HealthpostToStore/Page_Store/select_--Select--Adernaline 0.'

2018-05-19 18:12:46 - [MESSAGE][PASSED] - All options with index in [28] are selected on object 'Object Repository/HealthpostToStore/Page_Store/select_--Select--Adernaline 0.'

2018-05-19 18:12:46 - [TEST_STEP][PASSED] - delay: Delayed 2 second(s)

2018-05-19 18:12:48 - [MESSAGE][PASSED] - Delayed 2 second(s)

2018-05-19 18:12:48 - [TEST_STEP][PASSED] - Statement - RequestedQty = com.kms.katalon.core.webui.keyword.WebUiBuiltInKeywords.getAttribute(com.kms.katalon.core.testobject.ObjectRepository.findTestObject(HealthpostToStore/Page_Store/input_txttotal), "value"): Attribute 'value' of object 'Object Repository/HealthpostToStore/Page_Store/input_txttotal' is: '10'

2018-05-19 18:12:48 - [MESSAGE][PASSED] - Attribute 'value' of object 'Object Repository/HealthpostToStore/Page_Store/input_txttotal' is: '10'

2018-05-19 18:12:48 - [TEST_STEP][PASSED] - Statement - out.println("Requested QTY : " + RequestedQty): null

2018-05-19 18:12:48 - [TEST_STEP][PASSED] - Statement - BatchNumber = com.kms.katalon.core.webui.keyword.WebUiBuiltInKeywords.getNumberOfTotalOption(com.kms.katalon.core.testobject.ObjectRepository.findTestObject(HealthpostToStore/Page_Store/select_--Select--BA1170BA2376B)): 3 options of object 'Object Repository/HealthpostToStore/Page_Store/select_--Select--BA1170BA2376B' counted

2018-05-19 18:12:48 - [MESSAGE][PASSED] - 3 options of object 'Object Repository/HealthpostToStore/Page_Store/select_--Select--BA1170BA2376B' counted

2018-05-19 18:12:48 - [TEST_STEP][PASSED] - Statement - For ([g = 1, g <= BatchNumber - 1, (g++)]): null

2018-05-19 18:12:48 - [TEST_STEP][PASSED] - selectOptionByIndex: All options with index in [1] are selected on object 'Object Repository/HealthpostToStore/Page_Store/select_--Select--BA1170BA2376B'

2018-05-19 18:12:49 - [MESSAGE][PASSED] - All options with index in [1] are selected on object 'Object Repository/HealthpostToStore/Page_Store/select_--Select--BA1170BA2376B'

2018-05-19 18:12:49 - [TEST_STEP][PASSED] - Statement - Try: null

2018-05-19 18:12:49 - [TEST_STEP][PASSED] - Statement - StockQty = com.kms.katalon.core.webui.keyword.WebUiBuiltInKeywords.getAttribute(com.kms.katalon.core.testobject.ObjectRepository.findTestObject(HealthpostToStore/Page_Store/input_txtprice), "value"): Attribute 'value' of object 'Object Repository/HealthpostToStore/Page_Store/input_txtprice' is: '1050'

2018-05-19 18:12:49 - [MESSAGE][PASSED] - Attribute 'value' of object 'Object Repository/HealthpostToStore/Page_Store/input_txtprice' is: '1050'

2018-05-19 18:12:49 - [TEST_STEP][PASSED] - Statement - out.println("Stock QTY : " + StockQty): null

2018-05-19 18:12:49 - [TEST_STEP][PASSED] - delay: Delayed 2 second(s)

2018-05-19 18:12:51 - [MESSAGE][PASSED] - Delayed 2 second(s)

2018-05-19 18:12:51 - [TEST_STEP][PASSED] - Statement - If (java.lang.String.valueOf(StockQty) >= java.lang.String.valueOf(RequestedQty)): null

2018-05-19 18:12:51 - [TEST_STEP][PASSED] - setText: Text '10' is set on object 'Object Repository/HealthpostToStore/Page_Store/input_txtqty'

2018-05-19 18:12:51 - [MESSAGE][PASSED] - Text '10' is set on object 'Object Repository/HealthpostToStore/Page_Store/input_txtqty'

2018-05-19 18:12:51 - [TEST_STEP][PASSED] - click: Object: 'Object Repository/HealthpostToStore/Page_Store/button_Add' is clicked on

2018-05-19 18:12:51 - [MESSAGE][PASSED] - Object: 'Object Repository/HealthpostToStore/Page_Store/button_Add' is clicked on

2018-05-19 18:12:51 - [TEST_STEP][PASSED] - Statement - Break: null

2018-05-19 18:12:51 - [TEST_STEP][PASSED] - selectOptionByIndex: All options with index in [29] are selected on object 'Object Repository/HealthpostToStore/Page_Store/select_--Select--Adernaline 0.'

2018-05-19 18:12:51 - [MESSAGE][PASSED] - All options with index in [29] are selected on object 'Object Repository/HealthpostToStore/Page_Store/select_--Select--Adernaline 0.'

2018-05-19 18:12:51 - [TEST_STEP][PASSED] - delay: Delayed 2 second(s)

2018-05-19 18:12:53 - [MESSAGE][PASSED] - Delayed 2 second(s)

2018-05-19 18:12:53 - [TEST_STEP][PASSED] - Statement - RequestedQty = com.kms.katalon.core.webui.keyword.WebUiBuiltInKeywords.getAttribute(com.kms.katalon.core.testobject.ObjectRepository.findTestObject(HealthpostToStore/Page_Store/input_txttotal), "value"): Attribute 'value' of object 'Object Repository/HealthpostToStore/Page_Store/input_txttotal' is: '10'

2018-05-19 18:12:53 - [MESSAGE][PASSED] - Attribute 'value' of object 'Object Repository/HealthpostToStore/Page_Store/input_txttotal' is: '10'

2018-05-19 18:12:53 - [TEST_STEP][PASSED] - Statement - out.println("Requested QTY : " + RequestedQty): null

2018-05-19 18:12:53 - [TEST_STEP][PASSED] - Statement - BatchNumber = com.kms.katalon.core.webui.keyword.WebUiBuiltInKeywords.getNumberOfTotalOption(com.kms.katalon.core.testobject.ObjectRepository.findTestObject(HealthpostToStore/Page_Store/select_--Select--BA1170BA2376B)): 3 options of object 'Object Repository/HealthpostToStore/Page_Store/select_--Select--BA1170BA2376B' counted

2018-05-19 18:12:53 - [MESSAGE][PASSED] - 3 options of object 'Object Repository/HealthpostToStore/Page_Store/select_--Select--BA1170BA2376B' counted

2018-05-19 18:12:53 - [TEST_STEP][PASSED] - Statement - For ([g = 1, g <= BatchNumber - 1, (g++)]): null

2018-05-19 18:12:53 - [TEST_STEP][PASSED] - selectOptionByIndex: All options with index in [1] are selected on object 'Object Repository/HealthpostToStore/Page_Store/select_--Select--BA1170BA2376B'

2018-05-19 18:12:53 - [MESSAGE][PASSED] - All options with index in [1] are selected on object 'Object Repository/HealthpostToStore/Page_Store/select_--Select--BA1170BA2376B'

2018-05-19 18:12:53 - [TEST_STEP][PASSED] - Statement - Try: null

2018-05-19 18:12:53 - [TEST_STEP][PASSED] - Statement - StockQty = com.kms.katalon.core.webui.keyword.WebUiBuiltInKeywords.getAttribute(com.kms.katalon.core.testobject.ObjectRepository.findTestObject(HealthpostToStore/Page_Store/input_txtprice), "value"): Attribute 'value' of object 'Object Repository/HealthpostToStore/Page_Store/input_txtprice' is: '1050'

2018-05-19 18:12:53 - [MESSAGE][PASSED] - Attribute 'value' of object 'Object Repository/HealthpostToStore/Page_Store/input_txtprice' is: '1050'

2018-05-19 18:12:53 - [TEST_STEP][PASSED] - Statement - out.println("Stock QTY : " + StockQty): null

2018-05-19 18:12:53 - [TEST_STEP][PASSED] - delay: Delayed 2 second(s)

2018-05-19 18:12:55 - [MESSAGE][PASSED] - Delayed 2 second(s)

2018-05-19 18:12:55 - [TEST_STEP][PASSED] - Statement - If (java.lang.String.valueOf(StockQty) >= java.lang.String.valueOf(RequestedQty)): null

2018-05-19 18:12:55 - [TEST_STEP][PASSED] - setText: Text '10' is set on object 'Object Repository/HealthpostToStore/Page_Store/input_txtqty'

2018-05-19 18:12:56 - [MESSAGE][PASSED] - Text '10' is set on object 'Object Repository/HealthpostToStore/Page_Store/input_txtqty'

2018-05-19 18:12:56 - [TEST_STEP][PASSED] - click: Object: 'Object Repository/HealthpostToStore/Page_Store/button_Add' is clicked on

2018-05-19 18:12:56 - [MESSAGE][PASSED] - Object: 'Object Repository/HealthpostToStore/Page_Store/button_Add' is clicked on

2018-05-19 18:12:56 - [TEST_STEP][PASSED] - Statement - Break: null

2018-05-19 18:12:56 - [TEST_STEP][PASSED] - selectOptionByIndex: All options with index in [30] are selected on object 'Object Repository/HealthpostToStore/Page_Store/select_--Select--Adernaline 0.'

2018-05-19 18:12:56 - [MESSAGE][PASSED] - All options with index in [30] are selected on object 'Object Repository/HealthpostToStore/Page_Store/select_--Select--Adernaline 0.'

2018-05-19 18:12:56 - [TEST_STEP][PASSED] - delay: Delayed 2 second(s)

2018-05-19 18:12:58 - [MESSAGE][PASSED] - Delayed 2 second(s)

2018-05-19 18:12:58 - [TEST_STEP][PASSED] - Statement - RequestedQty = com.kms.katalon.core.webui.keyword.WebUiBuiltInKeywords.getAttribute(com.kms.katalon.core.testobject.ObjectRepository.findTestObject(HealthpostToStore/Page_Store/input_txttotal), "value"): Attribute 'value' of object 'Object Repository/HealthpostToStore/Page_Store/input_txttotal' is: '10'

2018-05-19 18:12:58 - [MESSAGE][PASSED] - Attribute 'value' of object 'Object Repository/HealthpostToStore/Page_Store/input_txttotal' is: '10'

2018-05-19 18:12:58 - [TEST_STEP][PASSED] - Statement - out.println("Requested QTY : " + RequestedQty): null

2018-05-19 18:12:58 - [TEST_STEP][PASSED] - Statement - BatchNumber = com.kms.katalon.core.webui.keyword.WebUiBuiltInKeywords.getNumberOfTotalOption(com.kms.katalon.core.testobject.ObjectRepository.findTestObject(HealthpostToStore/Page_Store/select_--Select--BA1170BA2376B)): 3 options of object 'Object Repository/HealthpostToStore/Page_Store/select_--Select--BA1170BA2376B' counted

2018-05-19 18:12:58 - [MESSAGE][PASSED] - 3 options of object 'Object Repository/HealthpostToStore/Page_Store/select_--Select--BA1170BA2376B' counted

2018-05-19 18:12:58 - [TEST_STEP][PASSED] - Statement - For ([g = 1, g <= BatchNumber - 1, (g++)]): null

2018-05-19 18:12:58 - [TEST_STEP][PASSED] - selectOptionByIndex: All options with index in [1] are selected on object 'Object Repository/HealthpostToStore/Page_Store/select_--Select--BA1170BA2376B'

2018-05-19 18:12:58 - [MESSAGE][PASSED] - All options with index in [1] are selected on object 'Object Repository/HealthpostToStore/Page_Store/select_--Select--BA1170BA2376B'

2018-05-19 18:12:58 - [TEST_STEP][PASSED] - Statement - Try: null

2018-05-19 18:12:58 - [TEST_STEP][PASSED] - Statement - StockQty = com.kms.katalon.core.webui.keyword.WebUiBuiltInKeywords.getAttribute(com.kms.katalon.core.testobject.ObjectRepository.findTestObject(HealthpostToStore/Page_Store/input_txtprice), "value"): Attribute 'value' of object 'Object Repository/HealthpostToStore/Page_Store/input_txtprice' is: '1050'

2018-05-19 18:12:58 - [MESSAGE][PASSED] - Attribute 'value' of object 'Object Repository/HealthpostToStore/Page_Store/input_txtprice' is: '1050'

2018-05-19 18:12:58 - [TEST_STEP][PASSED] - Statement - out.println("Stock QTY : " + StockQty): null

2018-05-19 18:12:58 - [TEST_STEP][PASSED] - delay: Delayed 2 second(s)

2018-05-19 18:13:00 - [MESSAGE][PASSED] - Delayed 2 second(s)

2018-05-19 18:13:00 - [TEST_STEP][PASSED] - Statement - If (java.lang.String.valueOf(StockQty) >= java.lang.String.valueOf(RequestedQty)): null

2018-05-19 18:13:00 - [TEST_STEP][PASSED] - setText: Text '10' is set on object 'Object Repository/HealthpostToStore/Page_Store/input_txtqty'

2018-05-19 18:13:00 - [MESSAGE][PASSED] - Text '10' is set on object 'Object Repository/HealthpostToStore/Page_Store/input_txtqty'

2018-05-19 18:13:00 - [TEST_STEP][PASSED] - click: Object: 'Object Repository/HealthpostToStore/Page_Store/button_Add' is clicked on

2018-05-19 18:13:00 - [MESSAGE][PASSED] - Object: 'Object Repository/HealthpostToStore/Page_Store/button_Add' is clicked on

2018-05-19 18:13:00 - [TEST_STEP][PASSED] - Statement - Break: null

2018-05-19 18:13:00 - [TEST_STEP][PASSED] - selectOptionByIndex: All options with index in [31] are selected on object 'Object Repository/HealthpostToStore/Page_Store/select_--Select--Adernaline 0.'

2018-05-19 18:13:01 - [MESSAGE][PASSED] - All options with index in [31] are selected on object 'Object Repository/HealthpostToStore/Page_Store/select_--Select--Adernaline 0.'

2018-05-19 18:13:01 - [TEST_STEP][PASSED] - delay: Delayed 2 second(s)

2018-05-19 18:13:03 - [MESSAGE][PASSED] - Delayed 2 second(s)

2018-05-19 18:13:03 - [TEST_STEP][PASSED] - Statement - RequestedQty = com.kms.katalon.core.webui.keyword.WebUiBuiltInKeywords.getAttribute(com.kms.katalon.core.testobject.ObjectRepository.findTestObject(HealthpostToStore/Page_Store/input_txttotal), "value"): Attribute 'value' of object 'Object Repository/HealthpostToStore/Page_Store/input_txttotal' is: '10'

2018-05-19 18:13:03 - [MESSAGE][PASSED] - Attribute 'value' of object 'Object Repository/HealthpostToStore/Page_Store/input_txttotal' is: '10'

2018-05-19 18:13:03 - [TEST_STEP][PASSED] - Statement - out.println("Requested QTY : " + RequestedQty): null

2018-05-19 18:13:03 - [TEST_STEP][PASSED] - Statement - BatchNumber = com.kms.katalon.core.webui.keyword.WebUiBuiltInKeywords.getNumberOfTotalOption(com.kms.katalon.core.testobject.ObjectRepository.findTestObject(HealthpostToStore/Page_Store/select_--Select--BA1170BA2376B)): 3 options of object 'Object Repository/HealthpostToStore/Page_Store/select_--Select--BA1170BA2376B' counted

2018-05-19 18:13:03 - [MESSAGE][PASSED] - 3 options of object 'Object Repository/HealthpostToStore/Page_Store/select_--Select--BA1170BA2376B' counted

2018-05-19 18:13:03 - [TEST_STEP][PASSED] - Statement - For ([g = 1, g <= BatchNumber - 1, (g++)]): null

2018-05-19 18:13:03 - [TEST_STEP][PASSED] - selectOptionByIndex: All options with index in [1] are selected on object 'Object Repository/HealthpostToStore/Page_Store/select_--Select--BA1170BA2376B'

2018-05-19 18:13:03 - [MESSAGE][PASSED] - All options with index in [1] are selected on object 'Object Repository/HealthpostToStore/Page_Store/select_--Select--BA1170BA2376B'

2018-05-19 18:13:03 - [TEST_STEP][PASSED] - Statement - Try: null

2018-05-19 18:13:03 - [TEST_STEP][PASSED] - Statement - StockQty = com.kms.katalon.core.webui.keyword.WebUiBuiltInKeywords.getAttribute(com.kms.katalon.core.testobject.ObjectRepository.findTestObject(HealthpostToStore/Page_Store/input_txtprice), "value"): Attribute 'value' of object 'Object Repository/HealthpostToStore/Page_Store/input_txtprice' is: '1050'

2018-05-19 18:13:03 - [MESSAGE][PASSED] - Attribute 'value' of object 'Object Repository/HealthpostToStore/Page_Store/input_txtprice' is: '1050'

2018-05-19 18:13:03 - [TEST_STEP][PASSED] - Statement - out.println("Stock QTY : " + StockQty): null

2018-05-19 18:13:03 - [TEST_STEP][PASSED] - delay: Delayed 2 second(s)

2018-05-19 18:13:05 - [MESSAGE][PASSED] - Delayed 2 second(s)

2018-05-19 18:13:05 - [TEST_STEP][PASSED] - Statement - If (java.lang.String.valueOf(StockQty) >= java.lang.String.valueOf(RequestedQty)): null

2018-05-19 18:13:05 - [TEST_STEP][PASSED] - setText: Text '10' is set on object 'Object Repository/HealthpostToStore/Page_Store/input_txtqty'

2018-05-19 18:13:05 - [MESSAGE][PASSED] - Text '10' is set on object 'Object Repository/HealthpostToStore/Page_Store/input_txtqty'

2018-05-19 18:13:05 - [TEST_STEP][PASSED] - click: Object: 'Object Repository/HealthpostToStore/Page_Store/button_Add' is clicked on

2018-05-19 18:13:05 - [MESSAGE][PASSED] - Object: 'Object Repository/HealthpostToStore/Page_Store/button_Add' is clicked on

2018-05-19 18:13:05 - [TEST_STEP][PASSED] - Statement - Break: null

2018-05-19 18:13:05 - [TEST_STEP][PASSED] - selectOptionByIndex: All options with index in [32] are selected on object 'Object Repository/HealthpostToStore/Page_Store/select_--Select--Adernaline 0.'

2018-05-19 18:13:06 - [MESSAGE][PASSED] - All options with index in [32] are selected on object 'Object Repository/HealthpostToStore/Page_Store/select_--Select--Adernaline 0.'

2018-05-19 18:13:06 - [TEST_STEP][PASSED] - delay: Delayed 2 second(s)

2018-05-19 18:13:08 - [MESSAGE][PASSED] - Delayed 2 second(s)

2018-05-19 18:13:08 - [TEST_STEP][PASSED] - Statement - RequestedQty = com.kms.katalon.core.webui.keyword.WebUiBuiltInKeywords.getAttribute(com.kms.katalon.core.testobject.ObjectRepository.findTestObject(HealthpostToStore/Page_Store/input_txttotal), "value"): Attribute 'value' of object 'Object Repository/HealthpostToStore/Page_Store/input_txttotal' is: '10'

2018-05-19 18:13:08 - [MESSAGE][PASSED] - Attribute 'value' of object 'Object Repository/HealthpostToStore/Page_Store/input_txttotal' is: '10'

2018-05-19 18:13:08 - [TEST_STEP][PASSED] - Statement - out.println("Requested QTY : " + RequestedQty): null

2018-05-19 18:13:08 - [TEST_STEP][PASSED] - Statement - BatchNumber = com.kms.katalon.core.webui.keyword.WebUiBuiltInKeywords.getNumberOfTotalOption(com.kms.katalon.core.testobject.ObjectRepository.findTestObject(HealthpostToStore/Page_Store/select_--Select--BA1170BA2376B)): 4 options of object 'Object Repository/HealthpostToStore/Page_Store/select_--Select--BA1170BA2376B' counted

2018-05-19 18:13:08 - [MESSAGE][PASSED] - 4 options of object 'Object Repository/HealthpostToStore/Page_Store/select_--Select--BA1170BA2376B' counted

2018-05-19 18:13:08 - [TEST_STEP][PASSED] - Statement - For ([g = 1, g <= BatchNumber - 1, (g++)]): null

2018-05-19 18:13:08 - [TEST_STEP][PASSED] - selectOptionByIndex: All options with index in [1] are selected on object 'Object Repository/HealthpostToStore/Page_Store/select_--Select--BA1170BA2376B'

2018-05-19 18:13:08 - [MESSAGE][PASSED] - All options with index in [1] are selected on object 'Object Repository/HealthpostToStore/Page_Store/select_--Select--BA1170BA2376B'

2018-05-19 18:13:08 - [TEST_STEP][PASSED] - Statement - Try: null

2018-05-19 18:13:08 - [TEST_STEP][PASSED] - Statement - StockQty = com.kms.katalon.core.webui.keyword.WebUiBuiltInKeywords.getAttribute(com.kms.katalon.core.testobject.ObjectRepository.findTestObject(HealthpostToStore/Page_Store/input_txtprice), "value"): Attribute 'value' of object 'Object Repository/HealthpostToStore/Page_Store/input_txtprice' is: '950'

2018-05-19 18:13:08 - [MESSAGE][PASSED] - Attribute 'value' of object 'Object Repository/HealthpostToStore/Page_Store/input_txtprice' is: '950'

2018-05-19 18:13:08 - [TEST_STEP][PASSED] - Statement - out.println("Stock QTY : " + StockQty): null

2018-05-19 18:13:08 - [TEST_STEP][PASSED] - delay: Delayed 2 second(s)

2018-05-19 18:13:10 - [MESSAGE][PASSED] - Delayed 2 second(s)

2018-05-19 18:13:10 - [TEST_STEP][PASSED] - Statement - If (java.lang.String.valueOf(StockQty) >= java.lang.String.valueOf(RequestedQty)): null

2018-05-19 18:13:10 - [TEST_STEP][PASSED] - setText: Text '10' is set on object 'Object Repository/HealthpostToStore/Page_Store/input_txtqty'

2018-05-19 18:13:10 - [MESSAGE][PASSED] - Text '10' is set on object 'Object Repository/HealthpostToStore/Page_Store/input_txtqty'

2018-05-19 18:13:10 - [TEST_STEP][PASSED] - click: Object: 'Object Repository/HealthpostToStore/Page_Store/button_Add' is clicked on

2018-05-19 18:13:10 - [MESSAGE][PASSED] - Object: 'Object Repository/HealthpostToStore/Page_Store/button_Add' is clicked on

2018-05-19 18:13:10 - [TEST_STEP][PASSED] - Statement - Break: null

2018-05-19 18:13:10 - [TEST_STEP][PASSED] - selectOptionByIndex: All options with index in [33] are selected on object 'Object Repository/HealthpostToStore/Page_Store/select_--Select--Adernaline 0.'

2018-05-19 18:13:11 - [MESSAGE][PASSED] - All options with index in [33] are selected on object 'Object Repository/HealthpostToStore/Page_Store/select_--Select--Adernaline 0.'

2018-05-19 18:13:11 - [TEST_STEP][PASSED] - delay: Delayed 2 second(s)

2018-05-19 18:13:13 - [MESSAGE][PASSED] - Delayed 2 second(s)

2018-05-19 18:13:13 - [TEST_STEP][PASSED] - Statement - RequestedQty = com.kms.katalon.core.webui.keyword.WebUiBuiltInKeywords.getAttribute(com.kms.katalon.core.testobject.ObjectRepository.findTestObject(HealthpostToStore/Page_Store/input_txttotal), "value"): Attribute 'value' of object 'Object Repository/HealthpostToStore/Page_Store/input_txttotal' is: '10'

2018-05-19 18:13:13 - [MESSAGE][PASSED] - Attribute 'value' of object 'Object Repository/HealthpostToStore/Page_Store/input_txttotal' is: '10'

2018-05-19 18:13:13 - [TEST_STEP][PASSED] - Statement - out.println("Requested QTY : " + RequestedQty): null

2018-05-19 18:13:13 - [TEST_STEP][PASSED] - Statement - BatchNumber = com.kms.katalon.core.webui.keyword.WebUiBuiltInKeywords.getNumberOfTotalOption(com.kms.katalon.core.testobject.ObjectRepository.findTestObject(HealthpostToStore/Page_Store/select_--Select--BA1170BA2376B)): 3 options of object 'Object Repository/HealthpostToStore/Page_Store/select_--Select--BA1170BA2376B' counted

2018-05-19 18:13:13 - [MESSAGE][PASSED] - 3 options of object 'Object Repository/HealthpostToStore/Page_Store/select_--Select--BA1170BA2376B' counted

2018-05-19 18:13:13 - [TEST_STEP][PASSED] - Statement - For ([g = 1, g <= BatchNumber - 1, (g++)]): null

2018-05-19 18:13:13 - [TEST_STEP][PASSED] - selectOptionByIndex: All options with index in [1] are selected on object 'Object Repository/HealthpostToStore/Page_Store/select_--Select--BA1170BA2376B'

2018-05-19 18:13:13 - [MESSAGE][PASSED] - All options with index in [1] are selected on object 'Object Repository/HealthpostToStore/Page_Store/select_--Select--BA1170BA2376B'

2018-05-19 18:13:13 - [TEST_STEP][PASSED] - Statement - Try: null

2018-05-19 18:13:13 - [TEST_STEP][PASSED] - Statement - StockQty = com.kms.katalon.core.webui.keyword.WebUiBuiltInKeywords.getAttribute(com.kms.katalon.core.testobject.ObjectRepository.findTestObject(HealthpostToStore/Page_Store/input_txtprice), "value"): Attribute 'value' of object 'Object Repository/HealthpostToStore/Page_Store/input_txtprice' is: '1060'

2018-05-19 18:13:13 - [MESSAGE][PASSED] - Attribute 'value' of object 'Object Repository/HealthpostToStore/Page_Store/input_txtprice' is: '1060'

2018-05-19 18:13:13 - [TEST_STEP][PASSED] - Statement - out.println("Stock QTY : " + StockQty): null

2018-05-19 18:13:13 - [TEST_STEP][PASSED] - delay: Delayed 2 second(s)

2018-05-19 18:13:15 - [MESSAGE][PASSED] - Delayed 2 second(s)

2018-05-19 18:13:15 - [TEST_STEP][PASSED] - Statement - If (java.lang.String.valueOf(StockQty) >= java.lang.String.valueOf(RequestedQty)): null

2018-05-19 18:13:15 - [TEST_STEP][PASSED] - setText: Text '10' is set on object 'Object Repository/HealthpostToStore/Page_Store/input_txtqty'

2018-05-19 18:13:15 - [MESSAGE][PASSED] - Text '10' is set on object 'Object Repository/HealthpostToStore/Page_Store/input_txtqty'

2018-05-19 18:13:15 - [TEST_STEP][PASSED] - click: Object: 'Object Repository/HealthpostToStore/Page_Store/button_Add' is clicked on

2018-05-19 18:13:15 - [MESSAGE][PASSED] - Object: 'Object Repository/HealthpostToStore/Page_Store/button_Add' is clicked on

2018-05-19 18:13:15 - [TEST_STEP][PASSED] - Statement - Break: null

2018-05-19 18:13:15 - [TEST_STEP][PASSED] - selectOptionByIndex: All options with index in [34] are selected on object 'Object Repository/HealthpostToStore/Page_Store/select_--Select--Adernaline 0.'

2018-05-19 18:13:16 - [MESSAGE][PASSED] - All options with index in [34] are selected on object 'Object Repository/HealthpostToStore/Page_Store/select_--Select--Adernaline 0.'

2018-05-19 18:13:16 - [TEST_STEP][PASSED] - delay: Delayed 2 second(s)

2018-05-19 18:13:18 - [MESSAGE][PASSED] - Delayed 2 second(s)

2018-05-19 18:13:18 - [TEST_STEP][PASSED] - Statement - RequestedQty = com.kms.katalon.core.webui.keyword.WebUiBuiltInKeywords.getAttribute(com.kms.katalon.core.testobject.ObjectRepository.findTestObject(HealthpostToStore/Page_Store/input_txttotal), "value"): Attribute 'value' of object 'Object Repository/HealthpostToStore/Page_Store/input_txttotal' is: '10'

2018-05-19 18:13:18 - [MESSAGE][PASSED] - Attribute 'value' of object 'Object Repository/HealthpostToStore/Page_Store/input_txttotal' is: '10'

2018-05-19 18:13:18 - [TEST_STEP][PASSED] - Statement - out.println("Requested QTY : " + RequestedQty): null

2018-05-19 18:13:18 - [TEST_STEP][PASSED] - Statement - BatchNumber = com.kms.katalon.core.webui.keyword.WebUiBuiltInKeywords.getNumberOfTotalOption(com.kms.katalon.core.testobject.ObjectRepository.findTestObject(HealthpostToStore/Page_Store/select_--Select--BA1170BA2376B)): 3 options of object 'Object Repository/HealthpostToStore/Page_Store/select_--Select--BA1170BA2376B' counted

2018-05-19 18:13:18 - [MESSAGE][PASSED] - 3 options of object 'Object Repository/HealthpostToStore/Page_Store/select_--Select--BA1170BA2376B' counted

2018-05-19 18:13:18 - [TEST_STEP][PASSED] - Statement - For ([g = 1, g <= BatchNumber - 1, (g++)]): null

2018-05-19 18:13:18 - [TEST_STEP][PASSED] - selectOptionByIndex: All options with index in [1] are selected on object 'Object Repository/HealthpostToStore/Page_Store/select_--Select--BA1170BA2376B'

2018-05-19 18:13:18 - [MESSAGE][PASSED] - All options with index in [1] are selected on object 'Object Repository/HealthpostToStore/Page_Store/select_--Select--BA1170BA2376B'

2018-05-19 18:13:18 - [TEST_STEP][PASSED] - Statement - Try: null

2018-05-19 18:13:18 - [TEST_STEP][PASSED] - Statement - StockQty = com.kms.katalon.core.webui.keyword.WebUiBuiltInKeywords.getAttribute(com.kms.katalon.core.testobject.ObjectRepository.findTestObject(HealthpostToStore/Page_Store/input_txtprice), "value"): Attribute 'value' of object 'Object Repository/HealthpostToStore/Page_Store/input_txtprice' is: '950'

2018-05-19 18:13:18 - [MESSAGE][PASSED] - Attribute 'value' of object 'Object Repository/HealthpostToStore/Page_Store/input_txtprice' is: '950'

2018-05-19 18:13:18 - [TEST_STEP][PASSED] - Statement - out.println("Stock QTY : " + StockQty): null

2018-05-19 18:13:18 - [TEST_STEP][PASSED] - delay: Delayed 2 second(s)

2018-05-19 18:13:20 - [MESSAGE][PASSED] - Delayed 2 second(s)

2018-05-19 18:13:20 - [TEST_STEP][PASSED] - Statement - If (java.lang.String.valueOf(StockQty) >= java.lang.String.valueOf(RequestedQty)): null

2018-05-19 18:13:20 - [TEST_STEP][PASSED] - setText: Text '10' is set on object 'Object Repository/HealthpostToStore/Page_Store/input_txtqty'

2018-05-19 18:13:20 - [MESSAGE][PASSED] - Text '10' is set on object 'Object Repository/HealthpostToStore/Page_Store/input_txtqty'

2018-05-19 18:13:20 - [TEST_STEP][PASSED] - click: Object: 'Object Repository/HealthpostToStore/Page_Store/button_Add' is clicked on

2018-05-19 18:13:20 - [MESSAGE][PASSED] - Object: 'Object Repository/HealthpostToStore/Page_Store/button_Add' is clicked on

2018-05-19 18:13:20 - [TEST_STEP][PASSED] - Statement - Break: null

2018-05-19 18:13:20 - [TEST_STEP][PASSED] - selectOptionByIndex: All options with index in [35] are selected on object 'Object Repository/HealthpostToStore/Page_Store/select_--Select--Adernaline 0.'

2018-05-19 18:13:21 - [MESSAGE][PASSED] - All options with index in [35] are selected on object 'Object Repository/HealthpostToStore/Page_Store/select_--Select--Adernaline 0.'

2018-05-19 18:13:21 - [TEST_STEP][PASSED] - delay: Delayed 2 second(s)

2018-05-19 18:13:23 - [MESSAGE][PASSED] - Delayed 2 second(s)

2018-05-19 18:13:23 - [TEST_STEP][PASSED] - Statement - RequestedQty = com.kms.katalon.core.webui.keyword.WebUiBuiltInKeywords.getAttribute(com.kms.katalon.core.testobject.ObjectRepository.findTestObject(HealthpostToStore/Page_Store/input_txttotal), "value"): Attribute 'value' of object 'Object Repository/HealthpostToStore/Page_Store/input_txttotal' is: '10'

2018-05-19 18:13:23 - [MESSAGE][PASSED] - Attribute 'value' of object 'Object Repository/HealthpostToStore/Page_Store/input_txttotal' is: '10'

2018-05-19 18:13:23 - [TEST_STEP][PASSED] - Statement - out.println("Requested QTY : " + RequestedQty): null

2018-05-19 18:13:23 - [TEST_STEP][PASSED] - Statement - BatchNumber = com.kms.katalon.core.webui.keyword.WebUiBuiltInKeywords.getNumberOfTotalOption(com.kms.katalon.core.testobject.ObjectRepository.findTestObject(HealthpostToStore/Page_Store/select_--Select--BA1170BA2376B)): 3 options of object 'Object Repository/HealthpostToStore/Page_Store/select_--Select--BA1170BA2376B' counted

2018-05-19 18:13:23 - [MESSAGE][PASSED] - 3 options of object 'Object Repository/HealthpostToStore/Page_Store/select_--Select--BA1170BA2376B' counted

2018-05-19 18:13:23 - [TEST_STEP][PASSED] - Statement - For ([g = 1, g <= BatchNumber - 1, (g++)]): null

2018-05-19 18:13:23 - [TEST_STEP][PASSED] - selectOptionByIndex: All options with index in [1] are selected on object 'Object Repository/HealthpostToStore/Page_Store/select_--Select--BA1170BA2376B'

2018-05-19 18:13:23 - [MESSAGE][PASSED] - All options with index in [1] are selected on object 'Object Repository/HealthpostToStore/Page_Store/select_--Select--BA1170BA2376B'

2018-05-19 18:13:23 - [TEST_STEP][PASSED] - Statement - Try: null

2018-05-19 18:13:23 - [TEST_STEP][PASSED] - Statement - StockQty = com.kms.katalon.core.webui.keyword.WebUiBuiltInKeywords.getAttribute(com.kms.katalon.core.testobject.ObjectRepository.findTestObject(HealthpostToStore/Page_Store/input_txtprice), "value"): Attribute 'value' of object 'Object Repository/HealthpostToStore/Page_Store/input_txtprice' is: '1950'

2018-05-19 18:13:23 - [MESSAGE][PASSED] - Attribute 'value' of object 'Object Repository/HealthpostToStore/Page_Store/input_txtprice' is: '1950'

2018-05-19 18:13:23 - [TEST_STEP][PASSED] - Statement - out.println("Stock QTY : " + StockQty): null

2018-05-19 18:13:23 - [TEST_STEP][PASSED] - delay: Delayed 2 second(s)

2018-05-19 18:13:25 - [MESSAGE][PASSED] - Delayed 2 second(s)

2018-05-19 18:13:25 - [TEST_STEP][PASSED] - Statement - If (java.lang.String.valueOf(StockQty) >= java.lang.String.valueOf(RequestedQty)): null

2018-05-19 18:13:25 - [TEST_STEP][PASSED] - setText: Text '10' is set on object 'Object Repository/HealthpostToStore/Page_Store/input_txtqty'

2018-05-19 18:13:25 - [MESSAGE][PASSED] - Text '10' is set on object 'Object Repository/HealthpostToStore/Page_Store/input_txtqty'

2018-05-19 18:13:25 - [TEST_STEP][PASSED] - click: Object: 'Object Repository/HealthpostToStore/Page_Store/button_Add' is clicked on

2018-05-19 18:13:25 - [MESSAGE][PASSED] - Object: 'Object Repository/HealthpostToStore/Page_Store/button_Add' is clicked on

2018-05-19 18:13:25 - [TEST_STEP][PASSED] - Statement - Break: null

2018-05-19 18:13:25 - [TEST_STEP][PASSED] - selectOptionByIndex: All options with index in [36] are selected on object 'Object Repository/HealthpostToStore/Page_Store/select_--Select--Adernaline 0.'

2018-05-19 18:13:26 - [MESSAGE][PASSED] - All options with index in [36] are selected on object 'Object Repository/HealthpostToStore/Page_Store/select_--Select--Adernaline 0.'

2018-05-19 18:13:26 - [TEST_STEP][PASSED] - delay: Delayed 2 second(s)

2018-05-19 18:13:28 - [MESSAGE][PASSED] - Delayed 2 second(s)

2018-05-19 18:13:28 - [TEST_STEP][PASSED] - Statement - RequestedQty = com.kms.katalon.core.webui.keyword.WebUiBuiltInKeywords.getAttribute(com.kms.katalon.core.testobject.ObjectRepository.findTestObject(HealthpostToStore/Page_Store/input_txttotal), "value"): Attribute 'value' of object 'Object Repository/HealthpostToStore/Page_Store/input_txttotal' is: '10'

2018-05-19 18:13:28 - [MESSAGE][PASSED] - Attribute 'value' of object 'Object Repository/HealthpostToStore/Page_Store/input_txttotal' is: '10'

2018-05-19 18:13:28 - [TEST_STEP][PASSED] - Statement - out.println("Requested QTY : " + RequestedQty): null

2018-05-19 18:13:28 - [TEST_STEP][PASSED] - Statement - BatchNumber = com.kms.katalon.core.webui.keyword.WebUiBuiltInKeywords.getNumberOfTotalOption(com.kms.katalon.core.testobject.ObjectRepository.findTestObject(HealthpostToStore/Page_Store/select_--Select--BA1170BA2376B)): 4 options of object 'Object Repository/HealthpostToStore/Page_Store/select_--Select--BA1170BA2376B' counted

2018-05-19 18:13:28 - [MESSAGE][PASSED] - 4 options of object 'Object Repository/HealthpostToStore/Page_Store/select_--Select--BA1170BA2376B' counted

2018-05-19 18:13:28 - [TEST_STEP][PASSED] - Statement - For ([g = 1, g <= BatchNumber - 1, (g++)]): null

2018-05-19 18:13:28 - [TEST_STEP][PASSED] - selectOptionByIndex: All options with index in [1] are selected on object 'Object Repository/HealthpostToStore/Page_Store/select_--Select--BA1170BA2376B'

2018-05-19 18:13:28 - [MESSAGE][PASSED] - All options with index in [1] are selected on object 'Object Repository/HealthpostToStore/Page_Store/select_--Select--BA1170BA2376B'

2018-05-19 18:13:28 - [TEST_STEP][PASSED] - Statement - Try: null

2018-05-19 18:13:28 - [TEST_STEP][PASSED] - Statement - StockQty = com.kms.katalon.core.webui.keyword.WebUiBuiltInKeywords.getAttribute(com.kms.katalon.core.testobject.ObjectRepository.findTestObject(HealthpostToStore/Page_Store/input_txtprice), "value"): Attribute 'value' of object 'Object Repository/HealthpostToStore/Page_Store/input_txtprice' is: '950'

2018-05-19 18:13:28 - [MESSAGE][PASSED] - Attribute 'value' of object 'Object Repository/HealthpostToStore/Page_Store/input_txtprice' is: '950'

2018-05-19 18:13:28 - [TEST_STEP][PASSED] - Statement - out.println("Stock QTY : " + StockQty): null

2018-05-19 18:13:28 - [TEST_STEP][PASSED] - delay: Delayed 2 second(s)

2018-05-19 18:13:30 - [MESSAGE][PASSED] - Delayed 2 second(s)

2018-05-19 18:13:30 - [TEST_STEP][PASSED] - Statement - If (java.lang.String.valueOf(StockQty) >= java.lang.String.valueOf(RequestedQty)): null

2018-05-19 18:13:30 - [TEST_STEP][PASSED] - setText: Text '10' is set on object 'Object Repository/HealthpostToStore/Page_Store/input_txtqty'

2018-05-19 18:13:30 - [MESSAGE][PASSED] - Text '10' is set on object 'Object Repository/HealthpostToStore/Page_Store/input_txtqty'

2018-05-19 18:13:30 - [TEST_STEP][PASSED] - click: Object: 'Object Repository/HealthpostToStore/Page_Store/button_Add' is clicked on

2018-05-19 18:13:30 - [MESSAGE][PASSED] - Object: 'Object Repository/HealthpostToStore/Page_Store/button_Add' is clicked on

2018-05-19 18:13:30 - [TEST_STEP][PASSED] - Statement - Break: null

2018-05-19 18:13:30 - [TEST_STEP][PASSED] - selectOptionByIndex: All options with index in [37] are selected on object 'Object Repository/HealthpostToStore/Page_Store/select_--Select--Adernaline 0.'

2018-05-19 18:13:31 - [MESSAGE][PASSED] - All options with index in [37] are selected on object 'Object Repository/HealthpostToStore/Page_Store/select_--Select--Adernaline 0.'

2018-05-19 18:13:31 - [TEST_STEP][PASSED] - delay: Delayed 2 second(s)

2018-05-19 18:13:33 - [MESSAGE][PASSED] - Delayed 2 second(s)

2018-05-19 18:13:33 - [TEST_STEP][PASSED] - Statement - RequestedQty = com.kms.katalon.core.webui.keyword.WebUiBuiltInKeywords.getAttribute(com.kms.katalon.core.testobject.ObjectRepository.findTestObject(HealthpostToStore/Page_Store/input_txttotal), "value"): Attribute 'value' of object 'Object Repository/HealthpostToStore/Page_Store/input_txttotal' is: '10'

2018-05-19 18:13:33 - [MESSAGE][PASSED] - Attribute 'value' of object 'Object Repository/HealthpostToStore/Page_Store/input_txttotal' is: '10'

2018-05-19 18:13:33 - [TEST_STEP][PASSED] - Statement - out.println("Requested QTY : " + RequestedQty): null

2018-05-19 18:13:33 - [TEST_STEP][PASSED] - Statement - BatchNumber = com.kms.katalon.core.webui.keyword.WebUiBuiltInKeywords.getNumberOfTotalOption(com.kms.katalon.core.testobject.ObjectRepository.findTestObject(HealthpostToStore/Page_Store/select_--Select--BA1170BA2376B)): 4 options of object 'Object Repository/HealthpostToStore/Page_Store/select_--Select--BA1170BA2376B' counted

2018-05-19 18:13:33 - [MESSAGE][PASSED] - 4 options of object 'Object Repository/HealthpostToStore/Page_Store/select_--Select--BA1170BA2376B' counted

2018-05-19 18:13:33 - [TEST_STEP][PASSED] - Statement - For ([g = 1, g <= BatchNumber - 1, (g++)]): null

2018-05-19 18:13:33 - [TEST_STEP][PASSED] - selectOptionByIndex: All options with index in [1] are selected on object 'Object Repository/HealthpostToStore/Page_Store/select_--Select--BA1170BA2376B'

2018-05-19 18:13:33 - [MESSAGE][PASSED] - All options with index in [1] are selected on object 'Object Repository/HealthpostToStore/Page_Store/select_--Select--BA1170BA2376B'

2018-05-19 18:13:33 - [TEST_STEP][PASSED] - Statement - Try: null

2018-05-19 18:13:33 - [TEST_STEP][PASSED] - Statement - StockQty = com.kms.katalon.core.webui.keyword.WebUiBuiltInKeywords.getAttribute(com.kms.katalon.core.testobject.ObjectRepository.findTestObject(HealthpostToStore/Page_Store/input_txtprice), "value"): Attribute 'value' of object 'Object Repository/HealthpostToStore/Page_Store/input_txtprice' is: '950'

2018-05-19 18:13:33 - [MESSAGE][PASSED] - Attribute 'value' of object 'Object Repository/HealthpostToStore/Page_Store/input_txtprice' is: '950'

2018-05-19 18:13:33 - [TEST_STEP][PASSED] - Statement - out.println("Stock QTY : " + StockQty): null

2018-05-19 18:13:33 - [TEST_STEP][PASSED] - delay: Delayed 2 second(s)

2018-05-19 18:13:35 - [MESSAGE][PASSED] - Delayed 2 second(s)

2018-05-19 18:13:35 - [TEST_STEP][PASSED] - Statement - If (java.lang.String.valueOf(StockQty) >= java.lang.String.valueOf(RequestedQty)): null

2018-05-19 18:13:35 - [TEST_STEP][PASSED] - setText: Text '10' is set on object 'Object Repository/HealthpostToStore/Page_Store/input_txtqty'

2018-05-19 18:13:35 - [MESSAGE][PASSED] - Text '10' is set on object 'Object Repository/HealthpostToStore/Page_Store/input_txtqty'

2018-05-19 18:13:35 - [TEST_STEP][PASSED] - click: Object: 'Object Repository/HealthpostToStore/Page_Store/button_Add' is clicked on

2018-05-19 18:13:35 - [MESSAGE][PASSED] - Object: 'Object Repository/HealthpostToStore/Page_Store/button_Add' is clicked on

2018-05-19 18:13:35 - [TEST_STEP][PASSED] - Statement - Break: null

2018-05-19 18:13:35 - [TEST_STEP][PASSED] - selectOptionByIndex: All options with index in [38] are selected on object 'Object Repository/HealthpostToStore/Page_Store/select_--Select--Adernaline 0.'

2018-05-19 18:13:36 - [MESSAGE][PASSED] - All options with index in [38] are selected on object 'Object Repository/HealthpostToStore/Page_Store/select_--Select--Adernaline 0.'

2018-05-19 18:13:36 - [TEST_STEP][PASSED] - delay: Delayed 2 second(s)

2018-05-19 18:13:38 - [MESSAGE][PASSED] - Delayed 2 second(s)

2018-05-19 18:13:38 - [TEST_STEP][PASSED] - Statement - RequestedQty = com.kms.katalon.core.webui.keyword.WebUiBuiltInKeywords.getAttribute(com.kms.katalon.core.testobject.ObjectRepository.findTestObject(HealthpostToStore/Page_Store/input_txttotal), "value"): Attribute 'value' of object 'Object Repository/HealthpostToStore/Page_Store/input_txttotal' is: '10'

2018-05-19 18:13:38 - [MESSAGE][PASSED] - Attribute 'value' of object 'Object Repository/HealthpostToStore/Page_Store/input_txttotal' is: '10'

2018-05-19 18:13:38 - [TEST_STEP][PASSED] - Statement - out.println("Requested QTY : " + RequestedQty): null

2018-05-19 18:13:38 - [TEST_STEP][PASSED] - Statement - BatchNumber = com.kms.katalon.core.webui.keyword.WebUiBuiltInKeywords.getNumberOfTotalOption(com.kms.katalon.core.testobject.ObjectRepository.findTestObject(HealthpostToStore/Page_Store/select_--Select--BA1170BA2376B)): 3 options of object 'Object Repository/HealthpostToStore/Page_Store/select_--Select--BA1170BA2376B' counted

2018-05-19 18:13:38 - [MESSAGE][PASSED] - 3 options of object 'Object Repository/HealthpostToStore/Page_Store/select_--Select--BA1170BA2376B' counted

2018-05-19 18:13:38 - [TEST_STEP][PASSED] - Statement - For ([g = 1, g <= BatchNumber - 1, (g++)]): null

2018-05-19 18:13:38 - [TEST_STEP][PASSED] - selectOptionByIndex: All options with index in [1] are selected on object 'Object Repository/HealthpostToStore/Page_Store/select_--Select--BA1170BA2376B'

2018-05-19 18:13:38 - [MESSAGE][PASSED] - All options with index in [1] are selected on object 'Object Repository/HealthpostToStore/Page_Store/select_--Select--BA1170BA2376B'

2018-05-19 18:13:38 - [TEST_STEP][PASSED] - Statement - Try: null

2018-05-19 18:13:38 - [TEST_STEP][PASSED] - Statement - StockQty = com.kms.katalon.core.webui.keyword.WebUiBuiltInKeywords.getAttribute(com.kms.katalon.core.testobject.ObjectRepository.findTestObject(HealthpostToStore/Page_Store/input_txtprice), "value"): Attribute 'value' of object 'Object Repository/HealthpostToStore/Page_Store/input_txtprice' is: '1050'

2018-05-19 18:13:38 - [MESSAGE][PASSED] - Attribute 'value' of object 'Object Repository/HealthpostToStore/Page_Store/input_txtprice' is: '1050'

2018-05-19 18:13:38 - [TEST_STEP][PASSED] - Statement - out.println("Stock QTY : " + StockQty): null

2018-05-19 18:13:38 - [TEST_STEP][PASSED] - delay: Delayed 2 second(s)

2018-05-19 18:13:40 - [MESSAGE][PASSED] - Delayed 2 second(s)

2018-05-19 18:13:40 - [TEST_STEP][PASSED] - Statement - If (java.lang.String.valueOf(StockQty) >= java.lang.String.valueOf(RequestedQty)): null

2018-05-19 18:13:40 - [TEST_STEP][PASSED] - setText: Text '10' is set on object 'Object Repository/HealthpostToStore/Page_Store/input_txtqty'

2018-05-19 18:13:40 - [MESSAGE][PASSED] - Text '10' is set on object 'Object Repository/HealthpostToStore/Page_Store/input_txtqty'

2018-05-19 18:13:40 - [TEST_STEP][PASSED] - click: Object: 'Object Repository/HealthpostToStore/Page_Store/button_Add' is clicked on

2018-05-19 18:13:40 - [MESSAGE][PASSED] - Object: 'Object Repository/HealthpostToStore/Page_Store/button_Add' is clicked on

2018-05-19 18:13:40 - [TEST_STEP][PASSED] - Statement - Break: null

2018-05-19 18:13:40 - [TEST_STEP][PASSED] - selectOptionByIndex: All options with index in [39] are selected on object 'Object Repository/HealthpostToStore/Page_Store/select_--Select--Adernaline 0.'

2018-05-19 18:13:41 - [MESSAGE][PASSED] - All options with index in [39] are selected on object 'Object Repository/HealthpostToStore/Page_Store/select_--Select--Adernaline 0.'

2018-05-19 18:13:41 - [TEST_STEP][PASSED] - delay: Delayed 2 second(s)

2018-05-19 18:13:43 - [MESSAGE][PASSED] - Delayed 2 second(s)

2018-05-19 18:13:43 - [TEST_STEP][PASSED] - Statement - RequestedQty = com.kms.katalon.core.webui.keyword.WebUiBuiltInKeywords.getAttribute(com.kms.katalon.core.testobject.ObjectRepository.findTestObject(HealthpostToStore/Page_Store/input_txttotal), "value"): Attribute 'value' of object 'Object Repository/HealthpostToStore/Page_Store/input_txttotal' is: '10'

2018-05-19 18:13:43 - [MESSAGE][PASSED] - Attribute 'value' of object 'Object Repository/HealthpostToStore/Page_Store/input_txttotal' is: '10'

2018-05-19 18:13:43 - [TEST_STEP][PASSED] - Statement - out.println("Requested QTY : " + RequestedQty): null

2018-05-19 18:13:43 - [TEST_STEP][PASSED] - Statement - BatchNumber = com.kms.katalon.core.webui.keyword.WebUiBuiltInKeywords.getNumberOfTotalOption(com.kms.katalon.core.testobject.ObjectRepository.findTestObject(HealthpostToStore/Page_Store/select_--Select--BA1170BA2376B)): 3 options of object 'Object Repository/HealthpostToStore/Page_Store/select_--Select--BA1170BA2376B' counted

2018-05-19 18:13:43 - [MESSAGE][PASSED] - 3 options of object 'Object Repository/HealthpostToStore/Page_Store/select_--Select--BA1170BA2376B' counted

2018-05-19 18:13:43 - [TEST_STEP][PASSED] - Statement - For ([g = 1, g <= BatchNumber - 1, (g++)]): null

2018-05-19 18:13:43 - [TEST_STEP][PASSED] - selectOptionByIndex: All options with index in [1] are selected on object 'Object Repository/HealthpostToStore/Page_Store/select_--Select--BA1170BA2376B'

2018-05-19 18:13:43 - [MESSAGE][PASSED] - All options with index in [1] are selected on object 'Object Repository/HealthpostToStore/Page_Store/select_--Select--BA1170BA2376B'

2018-05-19 18:13:43 - [TEST_STEP][PASSED] - Statement - Try: null

2018-05-19 18:13:43 - [TEST_STEP][PASSED] - Statement - StockQty = com.kms.katalon.core.webui.keyword.WebUiBuiltInKeywords.getAttribute(com.kms.katalon.core.testobject.ObjectRepository.findTestObject(HealthpostToStore/Page_Store/input_txtprice), "value"): Attribute 'value' of object 'Object Repository/HealthpostToStore/Page_Store/input_txtprice' is: '1050'

2018-05-19 18:13:43 - [MESSAGE][PASSED] - Attribute 'value' of object 'Object Repository/HealthpostToStore/Page_Store/input_txtprice' is: '1050'

2018-05-19 18:13:43 - [TEST_STEP][PASSED] - Statement - out.println("Stock QTY : " + StockQty): null

2018-05-19 18:13:43 - [TEST_STEP][PASSED] - delay: Delayed 2 second(s)

2018-05-19 18:13:45 - [MESSAGE][PASSED] - Delayed 2 second(s)

2018-05-19 18:13:45 - [TEST_STEP][PASSED] - Statement - If (java.lang.String.valueOf(StockQty) >= java.lang.String.valueOf(RequestedQty)): null

2018-05-19 18:13:45 - [TEST_STEP][PASSED] - setText: Text '10' is set on object 'Object Repository/HealthpostToStore/Page_Store/input_txtqty'

2018-05-19 18:13:45 - [MESSAGE][PASSED] - Text '10' is set on object 'Object Repository/HealthpostToStore/Page_Store/input_txtqty'

2018-05-19 18:13:45 - [TEST_STEP][PASSED] - click: Object: 'Object Repository/HealthpostToStore/Page_Store/button_Add' is clicked on

2018-05-19 18:13:45 - [MESSAGE][PASSED] - Object: 'Object Repository/HealthpostToStore/Page_Store/button_Add' is clicked on

2018-05-19 18:13:45 - [TEST_STEP][PASSED] - Statement - Break: null

2018-05-19 18:13:45 - [TEST_STEP][PASSED] - selectOptionByIndex: All options with index in [40] are selected on object 'Object Repository/HealthpostToStore/Page_Store/select_--Select--Adernaline 0.'

2018-05-19 18:13:46 - [MESSAGE][PASSED] - All options with index in [40] are selected on object 'Object Repository/HealthpostToStore/Page_Store/select_--Select--Adernaline 0.'

2018-05-19 18:13:46 - [TEST_STEP][PASSED] - delay: Delayed 2 second(s)

2018-05-19 18:13:48 - [MESSAGE][PASSED] - Delayed 2 second(s)

2018-05-19 18:13:48 - [TEST_STEP][PASSED] - Statement - RequestedQty = com.kms.katalon.core.webui.keyword.WebUiBuiltInKeywords.getAttribute(com.kms.katalon.core.testobject.ObjectRepository.findTestObject(HealthpostToStore/Page_Store/input_txttotal), "value"): Attribute 'value' of object 'Object Repository/HealthpostToStore/Page_Store/input_txttotal' is: '10'

2018-05-19 18:13:48 - [MESSAGE][PASSED] - Attribute 'value' of object 'Object Repository/HealthpostToStore/Page_Store/input_txttotal' is: '10'

2018-05-19 18:13:48 - [TEST_STEP][PASSED] - Statement - out.println("Requested QTY : " + RequestedQty): null

2018-05-19 18:13:48 - [TEST_STEP][PASSED] - Statement - BatchNumber = com.kms.katalon.core.webui.keyword.WebUiBuiltInKeywords.getNumberOfTotalOption(com.kms.katalon.core.testobject.ObjectRepository.findTestObject(HealthpostToStore/Page_Store/select_--Select--BA1170BA2376B)): 4 options of object 'Object Repository/HealthpostToStore/Page_Store/select_--Select--BA1170BA2376B' counted

2018-05-19 18:13:48 - [MESSAGE][PASSED] - 4 options of object 'Object Repository/HealthpostToStore/Page_Store/select_--Select--BA1170BA2376B' counted

2018-05-19 18:13:48 - [TEST_STEP][PASSED] - Statement - For ([g = 1, g <= BatchNumber - 1, (g++)]): null

2018-05-19 18:13:48 - [TEST_STEP][PASSED] - selectOptionByIndex: All options with index in [1] are selected on object 'Object Repository/HealthpostToStore/Page_Store/select_--Select--BA1170BA2376B'

2018-05-19 18:13:48 - [MESSAGE][PASSED] - All options with index in [1] are selected on object 'Object Repository/HealthpostToStore/Page_Store/select_--Select--BA1170BA2376B'

2018-05-19 18:13:48 - [TEST_STEP][PASSED] - Statement - Try: null

2018-05-19 18:13:48 - [TEST_STEP][PASSED] - Statement - StockQty = com.kms.katalon.core.webui.keyword.WebUiBuiltInKeywords.getAttribute(com.kms.katalon.core.testobject.ObjectRepository.findTestObject(HealthpostToStore/Page_Store/input_txtprice), "value"): Attribute 'value' of object 'Object Repository/HealthpostToStore/Page_Store/input_txtprice' is: '950'

2018-05-19 18:13:48 - [MESSAGE][PASSED] - Attribute 'value' of object 'Object Repository/HealthpostToStore/Page_Store/input_txtprice' is: '950'

2018-05-19 18:13:48 - [TEST_STEP][PASSED] - Statement - out.println("Stock QTY : " + StockQty): null

2018-05-19 18:13:48 - [TEST_STEP][PASSED] - delay: Delayed 2 second(s)

2018-05-19 18:13:50 - [MESSAGE][PASSED] - Delayed 2 second(s)

2018-05-19 18:13:50 - [TEST_STEP][PASSED] - Statement - If (java.lang.String.valueOf(StockQty) >= java.lang.String.valueOf(RequestedQty)): null

2018-05-19 18:13:50 - [TEST_STEP][PASSED] - setText: Text '10' is set on object 'Object Repository/HealthpostToStore/Page_Store/input_txtqty'

2018-05-19 18:13:50 - [MESSAGE][PASSED] - Text '10' is set on object 'Object Repository/HealthpostToStore/Page_Store/input_txtqty'

2018-05-19 18:13:50 - [TEST_STEP][PASSED] - click: Object: 'Object Repository/HealthpostToStore/Page_Store/button_Add' is clicked on

2018-05-19 18:13:50 - [MESSAGE][PASSED] - Object: 'Object Repository/HealthpostToStore/Page_Store/button_Add' is clicked on

2018-05-19 18:13:50 - [TEST_STEP][PASSED] - Statement - Break: null

2018-05-19 18:13:50 - [TEST_STEP][PASSED] - selectOptionByIndex: All options with index in [41] are selected on object 'Object Repository/HealthpostToStore/Page_Store/select_--Select--Adernaline 0.'

2018-05-19 18:13:51 - [MESSAGE][PASSED] - All options with index in [41] are selected on object 'Object Repository/HealthpostToStore/Page_Store/select_--Select--Adernaline 0.'

2018-05-19 18:13:51 - [TEST_STEP][PASSED] - delay: Delayed 2 second(s)

2018-05-19 18:13:53 - [MESSAGE][PASSED] - Delayed 2 second(s)

2018-05-19 18:13:53 - [TEST_STEP][PASSED] - Statement - RequestedQty = com.kms.katalon.core.webui.keyword.WebUiBuiltInKeywords.getAttribute(com.kms.katalon.core.testobject.ObjectRepository.findTestObject(HealthpostToStore/Page_Store/input_txttotal), "value"): Attribute 'value' of object 'Object Repository/HealthpostToStore/Page_Store/input_txttotal' is: '10'

2018-05-19 18:13:53 - [MESSAGE][PASSED] - Attribute 'value' of object 'Object Repository/HealthpostToStore/Page_Store/input_txttotal' is: '10'

2018-05-19 18:13:53 - [TEST_STEP][PASSED] - Statement - out.println("Requested QTY : " + RequestedQty): null

2018-05-19 18:13:53 - [TEST_STEP][PASSED] - Statement - BatchNumber = com.kms.katalon.core.webui.keyword.WebUiBuiltInKeywords.getNumberOfTotalOption(com.kms.katalon.core.testobject.ObjectRepository.findTestObject(HealthpostToStore/Page_Store/select_--Select--BA1170BA2376B)): 3 options of object 'Object Repository/HealthpostToStore/Page_Store/select_--Select--BA1170BA2376B' counted

2018-05-19 18:13:53 - [MESSAGE][PASSED] - 3 options of object 'Object Repository/HealthpostToStore/Page_Store/select_--Select--BA1170BA2376B' counted

2018-05-19 18:13:53 - [TEST_STEP][PASSED] - Statement - For ([g = 1, g <= BatchNumber - 1, (g++)]): null

2018-05-19 18:13:53 - [TEST_STEP][PASSED] - selectOptionByIndex: All options with index in [1] are selected on object 'Object Repository/HealthpostToStore/Page_Store/select_--Select--BA1170BA2376B'

2018-05-19 18:13:53 - [MESSAGE][PASSED] - All options with index in [1] are selected on object 'Object Repository/HealthpostToStore/Page_Store/select_--Select--BA1170BA2376B'

2018-05-19 18:13:53 - [TEST_STEP][PASSED] - Statement - Try: null

2018-05-19 18:13:53 - [TEST_STEP][PASSED] - Statement - StockQty = com.kms.katalon.core.webui.keyword.WebUiBuiltInKeywords.getAttribute(com.kms.katalon.core.testobject.ObjectRepository.findTestObject(HealthpostToStore/Page_Store/input_txtprice), "value"): Attribute 'value' of object 'Object Repository/HealthpostToStore/Page_Store/input_txtprice' is: '1950'

2018-05-19 18:13:53 - [MESSAGE][PASSED] - Attribute 'value' of object 'Object Repository/HealthpostToStore/Page_Store/input_txtprice' is: '1950'

2018-05-19 18:13:53 - [TEST_STEP][PASSED] - Statement - out.println("Stock QTY : " + StockQty): null

2018-05-19 18:13:53 - [TEST_STEP][PASSED] - delay: Delayed 2 second(s)

2018-05-19 18:13:55 - [MESSAGE][PASSED] - Delayed 2 second(s)

2018-05-19 18:13:55 - [TEST_STEP][PASSED] - Statement - If (java.lang.String.valueOf(StockQty) >= java.lang.String.valueOf(RequestedQty)): null

2018-05-19 18:13:55 - [TEST_STEP][PASSED] - setText: Text '10' is set on object 'Object Repository/HealthpostToStore/Page_Store/input_txtqty'

2018-05-19 18:13:55 - [MESSAGE][PASSED] - Text '10' is set on object 'Object Repository/HealthpostToStore/Page_Store/input_txtqty'

2018-05-19 18:13:55 - [TEST_STEP][PASSED] - click: Object: 'Object Repository/HealthpostToStore/Page_Store/button_Add' is clicked on

2018-05-19 18:13:55 - [MESSAGE][PASSED] - Object: 'Object Repository/HealthpostToStore/Page_Store/button_Add' is clicked on

2018-05-19 18:13:55 - [TEST_STEP][PASSED] - Statement - Break: null

2018-05-19 18:13:55 - [TEST_STEP][PASSED] - selectOptionByIndex: All options with index in [42] are selected on object 'Object Repository/HealthpostToStore/Page_Store/select_--Select--Adernaline 0.'

2018-05-19 18:13:56 - [MESSAGE][PASSED] - All options with index in [42] are selected on object 'Object Repository/HealthpostToStore/Page_Store/select_--Select--Adernaline 0.'

2018-05-19 18:13:56 - [TEST_STEP][PASSED] - delay: Delayed 2 second(s)

2018-05-19 18:13:58 - [MESSAGE][PASSED] - Delayed 2 second(s)

2018-05-19 18:13:58 - [TEST_STEP][PASSED] - Statement - RequestedQty = com.kms.katalon.core.webui.keyword.WebUiBuiltInKeywords.getAttribute(com.kms.katalon.core.testobject.ObjectRepository.findTestObject(HealthpostToStore/Page_Store/input_txttotal), "value"): Attribute 'value' of object 'Object Repository/HealthpostToStore/Page_Store/input_txttotal' is: '10'

2018-05-19 18:13:58 - [MESSAGE][PASSED] - Attribute 'value' of object 'Object Repository/HealthpostToStore/Page_Store/input_txttotal' is: '10'

2018-05-19 18:13:58 - [TEST_STEP][PASSED] - Statement - out.println("Requested QTY : " + RequestedQty): null

2018-05-19 18:13:58 - [TEST_STEP][PASSED] - Statement - BatchNumber = com.kms.katalon.core.webui.keyword.WebUiBuiltInKeywords.getNumberOfTotalOption(com.kms.katalon.core.testobject.ObjectRepository.findTestObject(HealthpostToStore/Page_Store/select_--Select--BA1170BA2376B)): 3 options of object 'Object Repository/HealthpostToStore/Page_Store/select_--Select--BA1170BA2376B' counted

2018-05-19 18:13:58 - [MESSAGE][PASSED] - 3 options of object 'Object Repository/HealthpostToStore/Page_Store/select_--Select--BA1170BA2376B' counted

2018-05-19 18:13:58 - [TEST_STEP][PASSED] - Statement - For ([g = 1, g <= BatchNumber - 1, (g++)]): null

2018-05-19 18:13:58 - [TEST_STEP][PASSED] - selectOptionByIndex: All options with index in [1] are selected on object 'Object Repository/HealthpostToStore/Page_Store/select_--Select--BA1170BA2376B'

2018-05-19 18:13:58 - [MESSAGE][PASSED] - All options with index in [1] are selected on object 'Object Repository/HealthpostToStore/Page_Store/select_--Select--BA1170BA2376B'

2018-05-19 18:13:58 - [TEST_STEP][PASSED] - Statement - Try: null

2018-05-19 18:13:58 - [TEST_STEP][PASSED] - Statement - StockQty = com.kms.katalon.core.webui.keyword.WebUiBuiltInKeywords.getAttribute(com.kms.katalon.core.testobject.ObjectRepository.findTestObject(HealthpostToStore/Page_Store/input_txtprice), "value"): Attribute 'value' of object 'Object Repository/HealthpostToStore/Page_Store/input_txtprice' is: '1950'

2018-05-19 18:13:58 - [MESSAGE][PASSED] - Attribute 'value' of object 'Object Repository/HealthpostToStore/Page_Store/input_txtprice' is: '1950'

2018-05-19 18:13:58 - [TEST_STEP][PASSED] - Statement - out.println("Stock QTY : " + StockQty): null

2018-05-19 18:13:58 - [TEST_STEP][PASSED] - delay: Delayed 2 second(s)

2018-05-19 18:14:00 - [MESSAGE][PASSED] - Delayed 2 second(s)

2018-05-19 18:14:00 - [TEST_STEP][PASSED] - Statement - If (java.lang.String.valueOf(StockQty) >= java.lang.String.valueOf(RequestedQty)): null

2018-05-19 18:14:00 - [TEST_STEP][PASSED] - setText: Text '10' is set on object 'Object Repository/HealthpostToStore/Page_Store/input_txtqty'

2018-05-19 18:14:00 - [MESSAGE][PASSED] - Text '10' is set on object 'Object Repository/HealthpostToStore/Page_Store/input_txtqty'

2018-05-19 18:14:00 - [TEST_STEP][PASSED] - click: Object: 'Object Repository/HealthpostToStore/Page_Store/button_Add' is clicked on

2018-05-19 18:14:00 - [MESSAGE][PASSED] - Object: 'Object Repository/HealthpostToStore/Page_Store/button_Add' is clicked on

2018-05-19 18:14:00 - [TEST_STEP][PASSED] - Statement - Break: null

2018-05-19 18:14:00 - [TEST_STEP][PASSED] - selectOptionByIndex: All options with index in [43] are selected on object 'Object Repository/HealthpostToStore/Page_Store/select_--Select--Adernaline 0.'

2018-05-19 18:14:01 - [MESSAGE][PASSED] - All options with index in [43] are selected on object 'Object Repository/HealthpostToStore/Page_Store/select_--Select--Adernaline 0.'

2018-05-19 18:14:01 - [TEST_STEP][PASSED] - delay: Delayed 2 second(s)

2018-05-19 18:14:03 - [MESSAGE][PASSED] - Delayed 2 second(s)

2018-05-19 18:14:03 - [TEST_STEP][PASSED] - Statement - RequestedQty = com.kms.katalon.core.webui.keyword.WebUiBuiltInKeywords.getAttribute(com.kms.katalon.core.testobject.ObjectRepository.findTestObject(HealthpostToStore/Page_Store/input_txttotal), "value"): Attribute 'value' of object 'Object Repository/HealthpostToStore/Page_Store/input_txttotal' is: '10'

2018-05-19 18:14:03 - [MESSAGE][PASSED] - Attribute 'value' of object 'Object Repository/HealthpostToStore/Page_Store/input_txttotal' is: '10'

2018-05-19 18:14:03 - [TEST_STEP][PASSED] - Statement - out.println("Requested QTY : " + RequestedQty): null

2018-05-19 18:14:03 - [TEST_STEP][PASSED] - Statement - BatchNumber = com.kms.katalon.core.webui.keyword.WebUiBuiltInKeywords.getNumberOfTotalOption(com.kms.katalon.core.testobject.ObjectRepository.findTestObject(HealthpostToStore/Page_Store/select_--Select--BA1170BA2376B)): 4 options of object 'Object Repository/HealthpostToStore/Page_Store/select_--Select--BA1170BA2376B' counted

2018-05-19 18:14:03 - [MESSAGE][PASSED] - 4 options of object 'Object Repository/HealthpostToStore/Page_Store/select_--Select--BA1170BA2376B' counted

2018-05-19 18:14:03 - [TEST_STEP][PASSED] - Statement - For ([g = 1, g <= BatchNumber - 1, (g++)]): null

2018-05-19 18:14:03 - [TEST_STEP][PASSED] - selectOptionByIndex: All options with index in [1] are selected on object 'Object Repository/HealthpostToStore/Page_Store/select_--Select--BA1170BA2376B'

2018-05-19 18:14:03 - [MESSAGE][PASSED] - All options with index in [1] are selected on object 'Object Repository/HealthpostToStore/Page_Store/select_--Select--BA1170BA2376B'

2018-05-19 18:14:03 - [TEST_STEP][PASSED] - Statement - Try: null

2018-05-19 18:14:03 - [TEST_STEP][PASSED] - Statement - StockQty = com.kms.katalon.core.webui.keyword.WebUiBuiltInKeywords.getAttribute(com.kms.katalon.core.testobject.ObjectRepository.findTestObject(HealthpostToStore/Page_Store/input_txtprice), "value"): Attribute 'value' of object 'Object Repository/HealthpostToStore/Page_Store/input_txtprice' is: '1050'

2018-05-19 18:14:03 - [MESSAGE][PASSED] - Attribute 'value' of object 'Object Repository/HealthpostToStore/Page_Store/input_txtprice' is: '1050'

2018-05-19 18:14:03 - [TEST_STEP][PASSED] - Statement - out.println("Stock QTY : " + StockQty): null

2018-05-19 18:14:03 - [TEST_STEP][PASSED] - delay: Delayed 2 second(s)

2018-05-19 18:14:05 - [MESSAGE][PASSED] - Delayed 2 second(s)

2018-05-19 18:14:05 - [TEST_STEP][PASSED] - Statement - If (java.lang.String.valueOf(StockQty) >= java.lang.String.valueOf(RequestedQty)): null

2018-05-19 18:14:05 - [TEST_STEP][PASSED] - setText: Text '10' is set on object 'Object Repository/HealthpostToStore/Page_Store/input_txtqty'

2018-05-19 18:14:05 - [MESSAGE][PASSED] - Text '10' is set on object 'Object Repository/HealthpostToStore/Page_Store/input_txtqty'

2018-05-19 18:14:05 - [TEST_STEP][PASSED] - click: Object: 'Object Repository/HealthpostToStore/Page_Store/button_Add' is clicked on

2018-05-19 18:14:05 - [MESSAGE][PASSED] - Object: 'Object Repository/HealthpostToStore/Page_Store/button_Add' is clicked on

2018-05-19 18:14:05 - [TEST_STEP][PASSED] - Statement - Break: null

2018-05-19 18:14:05 - [TEST_STEP][PASSED] - selectOptionByIndex: All options with index in [44] are selected on object 'Object Repository/HealthpostToStore/Page_Store/select_--Select--Adernaline 0.'

2018-05-19 18:14:06 - [MESSAGE][PASSED] - All options with index in [44] are selected on object 'Object Repository/HealthpostToStore/Page_Store/select_--Select--Adernaline 0.'

2018-05-19 18:14:06 - [TEST_STEP][PASSED] - delay: Delayed 2 second(s)

2018-05-19 18:14:08 - [MESSAGE][PASSED] - Delayed 2 second(s)

2018-05-19 18:14:08 - [TEST_STEP][PASSED] - Statement - RequestedQty = com.kms.katalon.core.webui.keyword.WebUiBuiltInKeywords.getAttribute(com.kms.katalon.core.testobject.ObjectRepository.findTestObject(HealthpostToStore/Page_Store/input_txttotal), "value"): Attribute 'value' of object 'Object Repository/HealthpostToStore/Page_Store/input_txttotal' is: '10'

2018-05-19 18:14:08 - [MESSAGE][PASSED] - Attribute 'value' of object 'Object Repository/HealthpostToStore/Page_Store/input_txttotal' is: '10'

2018-05-19 18:14:08 - [TEST_STEP][PASSED] - Statement - out.println("Requested QTY : " + RequestedQty): null

2018-05-19 18:14:08 - [TEST_STEP][PASSED] - Statement - BatchNumber = com.kms.katalon.core.webui.keyword.WebUiBuiltInKeywords.getNumberOfTotalOption(com.kms.katalon.core.testobject.ObjectRepository.findTestObject(HealthpostToStore/Page_Store/select_--Select--BA1170BA2376B)): 3 options of object 'Object Repository/HealthpostToStore/Page_Store/select_--Select--BA1170BA2376B' counted

2018-05-19 18:14:08 - [MESSAGE][PASSED] - 3 options of object 'Object Repository/HealthpostToStore/Page_Store/select_--Select--BA1170BA2376B' counted

2018-05-19 18:14:08 - [TEST_STEP][PASSED] - Statement - For ([g = 1, g <= BatchNumber - 1, (g++)]): null

2018-05-19 18:14:08 - [TEST_STEP][PASSED] - selectOptionByIndex: All options with index in [1] are selected on object 'Object Repository/HealthpostToStore/Page_Store/select_--Select--BA1170BA2376B'

2018-05-19 18:14:08 - [MESSAGE][PASSED] - All options with index in [1] are selected on object 'Object Repository/HealthpostToStore/Page_Store/select_--Select--BA1170BA2376B'

2018-05-19 18:14:08 - [TEST_STEP][PASSED] - Statement - Try: null

2018-05-19 18:14:08 - [TEST_STEP][PASSED] - Statement - StockQty = com.kms.katalon.core.webui.keyword.WebUiBuiltInKeywords.getAttribute(com.kms.katalon.core.testobject.ObjectRepository.findTestObject(HealthpostToStore/Page_Store/input_txtprice), "value"): Attribute 'value' of object 'Object Repository/HealthpostToStore/Page_Store/input_txtprice' is: '1050'

2018-05-19 18:14:08 - [MESSAGE][PASSED] - Attribute 'value' of object 'Object Repository/HealthpostToStore/Page_Store/input_txtprice' is: '1050'

2018-05-19 18:14:08 - [TEST_STEP][PASSED] - Statement - out.println("Stock QTY : " + StockQty): null

2018-05-19 18:14:08 - [TEST_STEP][PASSED] - delay: Delayed 2 second(s)

2018-05-19 18:14:10 - [MESSAGE][PASSED] - Delayed 2 second(s)

2018-05-19 18:14:10 - [TEST_STEP][PASSED] - Statement - If (java.lang.String.valueOf(StockQty) >= java.lang.String.valueOf(RequestedQty)): null

2018-05-19 18:14:10 - [TEST_STEP][PASSED] - setText: Text '10' is set on object 'Object Repository/HealthpostToStore/Page_Store/input_txtqty'

2018-05-19 18:14:10 - [MESSAGE][PASSED] - Text '10' is set on object 'Object Repository/HealthpostToStore/Page_Store/input_txtqty'

2018-05-19 18:14:10 - [TEST_STEP][PASSED] - click: Object: 'Object Repository/HealthpostToStore/Page_Store/button_Add' is clicked on

2018-05-19 18:14:11 - [MESSAGE][PASSED] - Object: 'Object Repository/HealthpostToStore/Page_Store/button_Add' is clicked on

2018-05-19 18:14:11 - [TEST_STEP][PASSED] - Statement - Break: null

2018-05-19 18:14:11 - [TEST_STEP][PASSED] - selectOptionByIndex: All options with index in [45] are selected on object 'Object Repository/HealthpostToStore/Page_Store/select_--Select--Adernaline 0.'

2018-05-19 18:14:11 - [MESSAGE][PASSED] - All options with index in [45] are selected on object 'Object Repository/HealthpostToStore/Page_Store/select_--Select--Adernaline 0.'

2018-05-19 18:14:11 - [TEST_STEP][PASSED] - delay: Delayed 2 second(s)

2018-05-19 18:14:13 - [MESSAGE][PASSED] - Delayed 2 second(s)

2018-05-19 18:14:13 - [TEST_STEP][PASSED] - Statement - RequestedQty = com.kms.katalon.core.webui.keyword.WebUiBuiltInKeywords.getAttribute(com.kms.katalon.core.testobject.ObjectRepository.findTestObject(HealthpostToStore/Page_Store/input_txttotal), "value"): Attribute 'value' of object 'Object Repository/HealthpostToStore/Page_Store/input_txttotal' is: '10'

2018-05-19 18:14:13 - [MESSAGE][PASSED] - Attribute 'value' of object 'Object Repository/HealthpostToStore/Page_Store/input_txttotal' is: '10'

2018-05-19 18:14:13 - [TEST_STEP][PASSED] - Statement - out.println("Requested QTY : " + RequestedQty): null

2018-05-19 18:14:13 - [TEST_STEP][PASSED] - Statement - BatchNumber = com.kms.katalon.core.webui.keyword.WebUiBuiltInKeywords.getNumberOfTotalOption(com.kms.katalon.core.testobject.ObjectRepository.findTestObject(HealthpostToStore/Page_Store/select_--Select--BA1170BA2376B)): 4 options of object 'Object Repository/HealthpostToStore/Page_Store/select_--Select--BA1170BA2376B' counted

2018-05-19 18:14:13 - [MESSAGE][PASSED] - 4 options of object 'Object Repository/HealthpostToStore/Page_Store/select_--Select--BA1170BA2376B' counted

2018-05-19 18:14:13 - [TEST_STEP][PASSED] - Statement - For ([g = 1, g <= BatchNumber - 1, (g++)]): null

2018-05-19 18:14:13 - [TEST_STEP][PASSED] - selectOptionByIndex: All options with index in [1] are selected on object 'Object Repository/HealthpostToStore/Page_Store/select_--Select--BA1170BA2376B'

2018-05-19 18:14:13 - [MESSAGE][PASSED] - All options with index in [1] are selected on object 'Object Repository/HealthpostToStore/Page_Store/select_--Select--BA1170BA2376B'

2018-05-19 18:14:13 - [TEST_STEP][PASSED] - Statement - Try: null

2018-05-19 18:14:13 - [TEST_STEP][PASSED] - Statement - StockQty = com.kms.katalon.core.webui.keyword.WebUiBuiltInKeywords.getAttribute(com.kms.katalon.core.testobject.ObjectRepository.findTestObject(HealthpostToStore/Page_Store/input_txtprice), "value"): Attribute 'value' of object 'Object Repository/HealthpostToStore/Page_Store/input_txtprice' is: '950'

2018-05-19 18:14:13 - [MESSAGE][PASSED] - Attribute 'value' of object 'Object Repository/HealthpostToStore/Page_Store/input_txtprice' is: '950'

2018-05-19 18:14:13 - [TEST_STEP][PASSED] - Statement - out.println("Stock QTY : " + StockQty): null

2018-05-19 18:14:13 - [TEST_STEP][PASSED] - delay: Delayed 2 second(s)

2018-05-19 18:14:15 - [MESSAGE][PASSED] - Delayed 2 second(s)

2018-05-19 18:14:15 - [TEST_STEP][PASSED] - Statement - If (java.lang.String.valueOf(StockQty) >= java.lang.String.valueOf(RequestedQty)): null

2018-05-19 18:14:15 - [TEST_STEP][PASSED] - setText: Text '10' is set on object 'Object Repository/HealthpostToStore/Page_Store/input_txtqty'

2018-05-19 18:14:16 - [MESSAGE][PASSED] - Text '10' is set on object 'Object Repository/HealthpostToStore/Page_Store/input_txtqty'

2018-05-19 18:14:16 - [TEST_STEP][PASSED] - click: Object: 'Object Repository/HealthpostToStore/Page_Store/button_Add' is clicked on

2018-05-19 18:14:16 - [MESSAGE][PASSED] - Object: 'Object Repository/HealthpostToStore/Page_Store/button_Add' is clicked on

2018-05-19 18:14:16 - [TEST_STEP][PASSED] - Statement - Break: null

2018-05-19 18:14:16 - [TEST_STEP][PASSED] - selectOptionByIndex: All options with index in [46] are selected on object 'Object Repository/HealthpostToStore/Page_Store/select_--Select--Adernaline 0.'

2018-05-19 18:14:16 - [MESSAGE][PASSED] - All options with index in [46] are selected on object 'Object Repository/HealthpostToStore/Page_Store/select_--Select--Adernaline 0.'

2018-05-19 18:14:16 - [TEST_STEP][PASSED] - delay: Delayed 2 second(s)

2018-05-19 18:14:18 - [MESSAGE][PASSED] - Delayed 2 second(s)

2018-05-19 18:14:18 - [TEST_STEP][PASSED] - Statement - RequestedQty = com.kms.katalon.core.webui.keyword.WebUiBuiltInKeywords.getAttribute(com.kms.katalon.core.testobject.ObjectRepository.findTestObject(HealthpostToStore/Page_Store/input_txttotal), "value"): Attribute 'value' of object 'Object Repository/HealthpostToStore/Page_Store/input_txttotal' is: '10'

2018-05-19 18:14:18 - [MESSAGE][PASSED] - Attribute 'value' of object 'Object Repository/HealthpostToStore/Page_Store/input_txttotal' is: '10'

2018-05-19 18:14:18 - [TEST_STEP][PASSED] - Statement - out.println("Requested QTY : " + RequestedQty): null

2018-05-19 18:14:18 - [TEST_STEP][PASSED] - Statement - BatchNumber = com.kms.katalon.core.webui.keyword.WebUiBuiltInKeywords.getNumberOfTotalOption(com.kms.katalon.core.testobject.ObjectRepository.findTestObject(HealthpostToStore/Page_Store/select_--Select--BA1170BA2376B)): 3 options of object 'Object Repository/HealthpostToStore/Page_Store/select_--Select--BA1170BA2376B' counted

2018-05-19 18:14:18 - [MESSAGE][PASSED] - 3 options of object 'Object Repository/HealthpostToStore/Page_Store/select_--Select--BA1170BA2376B' counted

2018-05-19 18:14:18 - [TEST_STEP][PASSED] - Statement - For ([g = 1, g <= BatchNumber - 1, (g++)]): null

2018-05-19 18:14:18 - [TEST_STEP][PASSED] - selectOptionByIndex: All options with index in [1] are selected on object 'Object Repository/HealthpostToStore/Page_Store/select_--Select--BA1170BA2376B'

2018-05-19 18:14:19 - [MESSAGE][PASSED] - All options with index in [1] are selected on object 'Object Repository/HealthpostToStore/Page_Store/select_--Select--BA1170BA2376B'

2018-05-19 18:14:19 - [TEST_STEP][PASSED] - Statement - Try: null

2018-05-19 18:14:19 - [TEST_STEP][PASSED] - Statement - StockQty = com.kms.katalon.core.webui.keyword.WebUiBuiltInKeywords.getAttribute(com.kms.katalon.core.testobject.ObjectRepository.findTestObject(HealthpostToStore/Page_Store/input_txtprice), "value"): Attribute 'value' of object 'Object Repository/HealthpostToStore/Page_Store/input_txtprice' is: '1950'

2018-05-19 18:14:19 - [MESSAGE][PASSED] - Attribute 'value' of object 'Object Repository/HealthpostToStore/Page_Store/input_txtprice' is: '1950'

2018-05-19 18:14:19 - [TEST_STEP][PASSED] - Statement - out.println("Stock QTY : " + StockQty): null

2018-05-19 18:14:19 - [TEST_STEP][PASSED] - delay: Delayed 2 second(s)

2018-05-19 18:14:21 - [MESSAGE][PASSED] - Delayed 2 second(s)

2018-05-19 18:14:21 - [TEST_STEP][PASSED] - Statement - If (java.lang.String.valueOf(StockQty) >= java.lang.String.valueOf(RequestedQty)): null

2018-05-19 18:14:21 - [TEST_STEP][PASSED] - setText: Text '10' is set on object 'Object Repository/HealthpostToStore/Page_Store/input_txtqty'

2018-05-19 18:14:21 - [MESSAGE][PASSED] - Text '10' is set on object 'Object Repository/HealthpostToStore/Page_Store/input_txtqty'

2018-05-19 18:14:21 - [TEST_STEP][PASSED] - click: Object: 'Object Repository/HealthpostToStore/Page_Store/button_Add' is clicked on

2018-05-19 18:14:21 - [MESSAGE][PASSED] - Object: 'Object Repository/HealthpostToStore/Page_Store/button_Add' is clicked on

2018-05-19 18:14:21 - [TEST_STEP][PASSED] - Statement - Break: null

2018-05-19 18:14:21 - [TEST_STEP][PASSED] - selectOptionByIndex: All options with index in [47] are selected on object 'Object Repository/HealthpostToStore/Page_Store/select_--Select--Adernaline 0.'

2018-05-19 18:14:21 - [MESSAGE][PASSED] - All options with index in [47] are selected on object 'Object Repository/HealthpostToStore/Page_Store/select_--Select--Adernaline 0.'

2018-05-19 18:14:21 - [TEST_STEP][PASSED] - delay: Delayed 2 second(s)

2018-05-19 18:14:23 - [MESSAGE][PASSED] - Delayed 2 second(s)

2018-05-19 18:14:23 - [TEST_STEP][PASSED] - Statement - RequestedQty = com.kms.katalon.core.webui.keyword.WebUiBuiltInKeywords.getAttribute(com.kms.katalon.core.testobject.ObjectRepository.findTestObject(HealthpostToStore/Page_Store/input_txttotal), "value"): Attribute 'value' of object 'Object Repository/HealthpostToStore/Page_Store/input_txttotal' is: '10'

2018-05-19 18:14:23 - [MESSAGE][PASSED] - Attribute 'value' of object 'Object Repository/HealthpostToStore/Page_Store/input_txttotal' is: '10'

2018-05-19 18:14:23 - [TEST_STEP][PASSED] - Statement - out.println("Requested QTY : " + RequestedQty): null

2018-05-19 18:14:23 - [TEST_STEP][PASSED] - Statement - BatchNumber = com.kms.katalon.core.webui.keyword.WebUiBuiltInKeywords.getNumberOfTotalOption(com.kms.katalon.core.testobject.ObjectRepository.findTestObject(HealthpostToStore/Page_Store/select_--Select--BA1170BA2376B)): 3 options of object 'Object Repository/HealthpostToStore/Page_Store/select_--Select--BA1170BA2376B' counted

2018-05-19 18:14:23 - [MESSAGE][PASSED] - 3 options of object 'Object Repository/HealthpostToStore/Page_Store/select_--Select--BA1170BA2376B' counted

2018-05-19 18:14:23 - [TEST_STEP][PASSED] - Statement - For ([g = 1, g <= BatchNumber - 1, (g++)]): null

2018-05-19 18:14:23 - [TEST_STEP][PASSED] - selectOptionByIndex: All options with index in [1] are selected on object 'Object Repository/HealthpostToStore/Page_Store/select_--Select--BA1170BA2376B'

2018-05-19 18:14:24 - [MESSAGE][PASSED] - All options with index in [1] are selected on object 'Object Repository/HealthpostToStore/Page_Store/select_--Select--BA1170BA2376B'

2018-05-19 18:14:24 - [TEST_STEP][PASSED] - Statement - Try: null

2018-05-19 18:14:24 - [TEST_STEP][PASSED] - Statement - StockQty = com.kms.katalon.core.webui.keyword.WebUiBuiltInKeywords.getAttribute(com.kms.katalon.core.testobject.ObjectRepository.findTestObject(HealthpostToStore/Page_Store/input_txtprice), "value"): Attribute 'value' of object 'Object Repository/HealthpostToStore/Page_Store/input_txtprice' is: '1050'

2018-05-19 18:14:24 - [MESSAGE][PASSED] - Attribute 'value' of object 'Object Repository/HealthpostToStore/Page_Store/input_txtprice' is: '1050'

2018-05-19 18:14:24 - [TEST_STEP][PASSED] - Statement - out.println("Stock QTY : " + StockQty): null

2018-05-19 18:14:24 - [TEST_STEP][PASSED] - delay: Delayed 2 second(s)

2018-05-19 18:14:26 - [MESSAGE][PASSED] - Delayed 2 second(s)

2018-05-19 18:14:26 - [TEST_STEP][PASSED] - Statement - If (java.lang.String.valueOf(StockQty) >= java.lang.String.valueOf(RequestedQty)): null

2018-05-19 18:14:26 - [TEST_STEP][PASSED] - setText: Text '10' is set on object 'Object Repository/HealthpostToStore/Page_Store/input_txtqty'

2018-05-19 18:14:26 - [MESSAGE][PASSED] - Text '10' is set on object 'Object Repository/HealthpostToStore/Page_Store/input_txtqty'

2018-05-19 18:14:26 - [TEST_STEP][PASSED] - click: Object: 'Object Repository/HealthpostToStore/Page_Store/button_Add' is clicked on

2018-05-19 18:14:26 - [MESSAGE][PASSED] - Object: 'Object Repository/HealthpostToStore/Page_Store/button_Add' is clicked on

2018-05-19 18:14:26 - [TEST_STEP][PASSED] - Statement - Break: null

2018-05-19 18:14:26 - [TEST_STEP][PASSED] - selectOptionByIndex: All options with index in [48] are selected on object 'Object Repository/HealthpostToStore/Page_Store/select_--Select--Adernaline 0.'

2018-05-19 18:14:26 - [MESSAGE][PASSED] - All options with index in [48] are selected on object 'Object Repository/HealthpostToStore/Page_Store/select_--Select--Adernaline 0.'

2018-05-19 18:14:26 - [TEST_STEP][PASSED] - delay: Delayed 2 second(s)

2018-05-19 18:14:28 - [MESSAGE][PASSED] - Delayed 2 second(s)

2018-05-19 18:14:28 - [TEST_STEP][PASSED] - Statement - RequestedQty = com.kms.katalon.core.webui.keyword.WebUiBuiltInKeywords.getAttribute(com.kms.katalon.core.testobject.ObjectRepository.findTestObject(HealthpostToStore/Page_Store/input_txttotal), "value"): Attribute 'value' of object 'Object Repository/HealthpostToStore/Page_Store/input_txttotal' is: '10'

2018-05-19 18:14:28 - [MESSAGE][PASSED] - Attribute 'value' of object 'Object Repository/HealthpostToStore/Page_Store/input_txttotal' is: '10'

2018-05-19 18:14:28 - [TEST_STEP][PASSED] - Statement - out.println("Requested QTY : " + RequestedQty): null

2018-05-19 18:14:28 - [TEST_STEP][PASSED] - Statement - BatchNumber = com.kms.katalon.core.webui.keyword.WebUiBuiltInKeywords.getNumberOfTotalOption(com.kms.katalon.core.testobject.ObjectRepository.findTestObject(HealthpostToStore/Page_Store/select_--Select--BA1170BA2376B)): 3 options of object 'Object Repository/HealthpostToStore/Page_Store/select_--Select--BA1170BA2376B' counted

2018-05-19 18:14:28 - [MESSAGE][PASSED] - 3 options of object 'Object Repository/HealthpostToStore/Page_Store/select_--Select--BA1170BA2376B' counted

2018-05-19 18:14:28 - [TEST_STEP][PASSED] - Statement - For ([g = 1, g <= BatchNumber - 1, (g++)]): null

2018-05-19 18:14:28 - [TEST_STEP][PASSED] - selectOptionByIndex: All options with index in [1] are selected on object 'Object Repository/HealthpostToStore/Page_Store/select_--Select--BA1170BA2376B'

2018-05-19 18:14:29 - [MESSAGE][PASSED] - All options with index in [1] are selected on object 'Object Repository/HealthpostToStore/Page_Store/select_--Select--BA1170BA2376B'

2018-05-19 18:14:29 - [TEST_STEP][PASSED] - Statement - Try: null

2018-05-19 18:14:29 - [TEST_STEP][PASSED] - Statement - StockQty = com.kms.katalon.core.webui.keyword.WebUiBuiltInKeywords.getAttribute(com.kms.katalon.core.testobject.ObjectRepository.findTestObject(HealthpostToStore/Page_Store/input_txtprice), "value"): Attribute 'value' of object 'Object Repository/HealthpostToStore/Page_Store/input_txtprice' is: '1050'

2018-05-19 18:14:29 - [MESSAGE][PASSED] - Attribute 'value' of object 'Object Repository/HealthpostToStore/Page_Store/input_txtprice' is: '1050'

2018-05-19 18:14:29 - [TEST_STEP][PASSED] - Statement - out.println("Stock QTY : " + StockQty): null

2018-05-19 18:14:29 - [TEST_STEP][PASSED] - delay: Delayed 2 second(s)

2018-05-19 18:14:31 - [MESSAGE][PASSED] - Delayed 2 second(s)

2018-05-19 18:14:31 - [TEST_STEP][PASSED] - Statement - If (java.lang.String.valueOf(StockQty) >= java.lang.String.valueOf(RequestedQty)): null

2018-05-19 18:14:31 - [TEST_STEP][PASSED] - setText: Text '10' is set on object 'Object Repository/HealthpostToStore/Page_Store/input_txtqty'

2018-05-19 18:14:31 - [MESSAGE][PASSED] - Text '10' is set on object 'Object Repository/HealthpostToStore/Page_Store/input_txtqty'

2018-05-19 18:14:31 - [TEST_STEP][PASSED] - click: Object: 'Object Repository/HealthpostToStore/Page_Store/button_Add' is clicked on

2018-05-19 18:14:31 - [MESSAGE][PASSED] - Object: 'Object Repository/HealthpostToStore/Page_Store/button_Add' is clicked on

2018-05-19 18:14:31 - [TEST_STEP][PASSED] - Statement - Break: null

2018-05-19 18:14:31 - [TEST_STEP][PASSED] - selectOptionByIndex: All options with index in [49] are selected on object 'Object Repository/HealthpostToStore/Page_Store/select_--Select--Adernaline 0.'

2018-05-19 18:14:31 - [MESSAGE][PASSED] - All options with index in [49] are selected on object 'Object Repository/HealthpostToStore/Page_Store/select_--Select--Adernaline 0.'

2018-05-19 18:14:31 - [TEST_STEP][PASSED] - delay: Delayed 2 second(s)

2018-05-19 18:14:33 - [MESSAGE][PASSED] - Delayed 2 second(s)

2018-05-19 18:14:33 - [TEST_STEP][PASSED] - Statement - RequestedQty = com.kms.katalon.core.webui.keyword.WebUiBuiltInKeywords.getAttribute(com.kms.katalon.core.testobject.ObjectRepository.findTestObject(HealthpostToStore/Page_Store/input_txttotal), "value"): Attribute 'value' of object 'Object Repository/HealthpostToStore/Page_Store/input_txttotal' is: '10'

2018-05-19 18:14:33 - [MESSAGE][PASSED] - Attribute 'value' of object 'Object Repository/HealthpostToStore/Page_Store/input_txttotal' is: '10'

2018-05-19 18:14:33 - [TEST_STEP][PASSED] - Statement - out.println("Requested QTY : " + RequestedQty): null

2018-05-19 18:14:33 - [TEST_STEP][PASSED] - Statement - BatchNumber = com.kms.katalon.core.webui.keyword.WebUiBuiltInKeywords.getNumberOfTotalOption(com.kms.katalon.core.testobject.ObjectRepository.findTestObject(HealthpostToStore/Page_Store/select_--Select--BA1170BA2376B)): 2 options of object 'Object Repository/HealthpostToStore/Page_Store/select_--Select--BA1170BA2376B' counted

2018-05-19 18:14:34 - [MESSAGE][PASSED] - 2 options of object 'Object Repository/HealthpostToStore/Page_Store/select_--Select--BA1170BA2376B' counted

2018-05-19 18:14:34 - [TEST_STEP][PASSED] - Statement - For ([g = 1, g <= BatchNumber - 1, (g++)]): null

2018-05-19 18:14:34 - [TEST_STEP][PASSED] - selectOptionByIndex: All options with index in [1] are selected on object 'Object Repository/HealthpostToStore/Page_Store/select_--Select--BA1170BA2376B'

2018-05-19 18:14:34 - [MESSAGE][PASSED] - All options with index in [1] are selected on object 'Object Repository/HealthpostToStore/Page_Store/select_--Select--BA1170BA2376B'

2018-05-19 18:14:34 - [TEST_STEP][PASSED] - Statement - Try: null

2018-05-19 18:14:34 - [TEST_STEP][PASSED] - Statement - StockQty = com.kms.katalon.core.webui.keyword.WebUiBuiltInKeywords.getAttribute(com.kms.katalon.core.testobject.ObjectRepository.findTestObject(HealthpostToStore/Page_Store/input_txtprice), "value"): Attribute 'value' of object 'Object Repository/HealthpostToStore/Page_Store/input_txtprice' is: '2050'

2018-05-19 18:14:34 - [MESSAGE][PASSED] - Attribute 'value' of object 'Object Repository/HealthpostToStore/Page_Store/input_txtprice' is: '2050'

2018-05-19 18:14:34 - [TEST_STEP][PASSED] - Statement - out.println("Stock QTY : " + StockQty): null

2018-05-19 18:14:34 - [TEST_STEP][PASSED] - delay: Delayed 2 second(s)

2018-05-19 18:14:36 - [MESSAGE][PASSED] - Delayed 2 second(s)

2018-05-19 18:14:36 - [TEST_STEP][PASSED] - Statement - If (java.lang.String.valueOf(StockQty) >= java.lang.String.valueOf(RequestedQty)): null

2018-05-19 18:14:36 - [TEST_STEP][PASSED] - setText: Text '10' is set on object 'Object Repository/HealthpostToStore/Page_Store/input_txtqty'

2018-05-19 18:14:36 - [MESSAGE][PASSED] - Text '10' is set on object 'Object Repository/HealthpostToStore/Page_Store/input_txtqty'

2018-05-19 18:14:36 - [TEST_STEP][PASSED] - click: Object: 'Object Repository/HealthpostToStore/Page_Store/button_Add' is clicked on

2018-05-19 18:14:36 - [MESSAGE][PASSED] - Object: 'Object Repository/HealthpostToStore/Page_Store/button_Add' is clicked on

2018-05-19 18:14:36 - [TEST_STEP][PASSED] - Statement - Break: null

2018-05-19 18:14:36 - [TEST_STEP][PASSED] - selectOptionByIndex: All options with index in [50] are selected on object 'Object Repository/HealthpostToStore/Page_Store/select_--Select--Adernaline 0.'

2018-05-19 18:14:37 - [MESSAGE][PASSED] - All options with index in [50] are selected on object 'Object Repository/HealthpostToStore/Page_Store/select_--Select--Adernaline 0.'

2018-05-19 18:14:37 - [TEST_STEP][PASSED] - delay: Delayed 2 second(s)

2018-05-19 18:14:39 - [MESSAGE][PASSED] - Delayed 2 second(s)

2018-05-19 18:14:39 - [TEST_STEP][PASSED] - Statement - RequestedQty = com.kms.katalon.core.webui.keyword.WebUiBuiltInKeywords.getAttribute(com.kms.katalon.core.testobject.ObjectRepository.findTestObject(HealthpostToStore/Page_Store/input_txttotal), "value"): Attribute 'value' of object 'Object Repository/HealthpostToStore/Page_Store/input_txttotal' is: '10'

2018-05-19 18:14:39 - [MESSAGE][PASSED] - Attribute 'value' of object 'Object Repository/HealthpostToStore/Page_Store/input_txttotal' is: '10'

2018-05-19 18:14:39 - [TEST_STEP][PASSED] - Statement - out.println("Requested QTY : " + RequestedQty): null

2018-05-19 18:14:39 - [TEST_STEP][PASSED] - Statement - BatchNumber = com.kms.katalon.core.webui.keyword.WebUiBuiltInKeywords.getNumberOfTotalOption(com.kms.katalon.core.testobject.ObjectRepository.findTestObject(HealthpostToStore/Page_Store/select_--Select--BA1170BA2376B)): 3 options of object 'Object Repository/HealthpostToStore/Page_Store/select_--Select--BA1170BA2376B' counted

2018-05-19 18:14:39 - [MESSAGE][PASSED] - 3 options of object 'Object Repository/HealthpostToStore/Page_Store/select_--Select--BA1170BA2376B' counted

2018-05-19 18:14:39 - [TEST_STEP][PASSED] - Statement - For ([g = 1, g <= BatchNumber - 1, (g++)]): null

2018-05-19 18:14:39 - [TEST_STEP][PASSED] - selectOptionByIndex: All options with index in [1] are selected on object 'Object Repository/HealthpostToStore/Page_Store/select_--Select--BA1170BA2376B'

2018-05-19 18:14:39 - [MESSAGE][PASSED] - All options with index in [1] are selected on object 'Object Repository/HealthpostToStore/Page_Store/select_--Select--BA1170BA2376B'

2018-05-19 18:14:39 - [TEST_STEP][PASSED] - Statement - Try: null

2018-05-19 18:14:39 - [TEST_STEP][PASSED] - Statement - StockQty = com.kms.katalon.core.webui.keyword.WebUiBuiltInKeywords.getAttribute(com.kms.katalon.core.testobject.ObjectRepository.findTestObject(HealthpostToStore/Page_Store/input_txtprice), "value"): Attribute 'value' of object 'Object Repository/HealthpostToStore/Page_Store/input_txtprice' is: '950'

2018-05-19 18:14:39 - [MESSAGE][PASSED] - Attribute 'value' of object 'Object Repository/HealthpostToStore/Page_Store/input_txtprice' is: '950'

2018-05-19 18:14:39 - [TEST_STEP][PASSED] - Statement - out.println("Stock QTY : " + StockQty): null

2018-05-19 18:14:39 - [TEST_STEP][PASSED] - delay: Delayed 2 second(s)

2018-05-19 18:14:41 - [MESSAGE][PASSED] - Delayed 2 second(s)

2018-05-19 18:14:41 - [TEST_STEP][PASSED] - Statement - If (java.lang.String.valueOf(StockQty) >= java.lang.String.valueOf(RequestedQty)): null

2018-05-19 18:14:41 - [TEST_STEP][PASSED] - setText: Text '10' is set on object 'Object Repository/HealthpostToStore/Page_Store/input_txtqty'

2018-05-19 18:14:41 - [MESSAGE][PASSED] - Text '10' is set on object 'Object Repository/HealthpostToStore/Page_Store/input_txtqty'

2018-05-19 18:14:41 - [TEST_STEP][PASSED] - click: Object: 'Object Repository/HealthpostToStore/Page_Store/button_Add' is clicked on

2018-05-19 18:14:41 - [MESSAGE][PASSED] - Object: 'Object Repository/HealthpostToStore/Page_Store/button_Add' is clicked on

2018-05-19 18:14:41 - [TEST_STEP][PASSED] - Statement - Break: null

2018-05-19 18:14:41 - [TEST_STEP][PASSED] - selectOptionByIndex: All options with index in [51] are selected on object 'Object Repository/HealthpostToStore/Page_Store/select_--Select--Adernaline 0.'

2018-05-19 18:14:42 - [MESSAGE][PASSED] - All options with index in [51] are selected on object 'Object Repository/HealthpostToStore/Page_Store/select_--Select--Adernaline 0.'

2018-05-19 18:14:42 - [TEST_STEP][PASSED] - delay: Delayed 2 second(s)

2018-05-19 18:14:44 - [MESSAGE][PASSED] - Delayed 2 second(s)

2018-05-19 18:14:44 - [TEST_STEP][PASSED] - Statement - RequestedQty = com.kms.katalon.core.webui.keyword.WebUiBuiltInKeywords.getAttribute(com.kms.katalon.core.testobject.ObjectRepository.findTestObject(HealthpostToStore/Page_Store/input_txttotal), "value"): Attribute 'value' of object 'Object Repository/HealthpostToStore/Page_Store/input_txttotal' is: '10'

2018-05-19 18:14:44 - [MESSAGE][PASSED] - Attribute 'value' of object 'Object Repository/HealthpostToStore/Page_Store/input_txttotal' is: '10'

2018-05-19 18:14:44 - [TEST_STEP][PASSED] - Statement - out.println("Requested QTY : " + RequestedQty): null

2018-05-19 18:14:44 - [TEST_STEP][PASSED] - Statement - BatchNumber = com.kms.katalon.core.webui.keyword.WebUiBuiltInKeywords.getNumberOfTotalOption(com.kms.katalon.core.testobject.ObjectRepository.findTestObject(HealthpostToStore/Page_Store/select_--Select--BA1170BA2376B)): 3 options of object 'Object Repository/HealthpostToStore/Page_Store/select_--Select--BA1170BA2376B' counted

2018-05-19 18:14:44 - [MESSAGE][PASSED] - 3 options of object 'Object Repository/HealthpostToStore/Page_Store/select_--Select--BA1170BA2376B' counted

2018-05-19 18:14:44 - [TEST_STEP][PASSED] - Statement - For ([g = 1, g <= BatchNumber - 1, (g++)]): null

2018-05-19 18:14:44 - [TEST_STEP][PASSED] - selectOptionByIndex: All options with index in [1] are selected on object 'Object Repository/HealthpostToStore/Page_Store/select_--Select--BA1170BA2376B'

2018-05-19 18:14:44 - [MESSAGE][PASSED] - All options with index in [1] are selected on object 'Object Repository/HealthpostToStore/Page_Store/select_--Select--BA1170BA2376B'

2018-05-19 18:14:44 - [TEST_STEP][PASSED] - Statement - Try: null

2018-05-19 18:14:44 - [TEST_STEP][PASSED] - Statement - StockQty = com.kms.katalon.core.webui.keyword.WebUiBuiltInKeywords.getAttribute(com.kms.katalon.core.testobject.ObjectRepository.findTestObject(HealthpostToStore/Page_Store/input_txtprice), "value"): Attribute 'value' of object 'Object Repository/HealthpostToStore/Page_Store/input_txtprice' is: '950'

2018-05-19 18:14:44 - [MESSAGE][PASSED] - Attribute 'value' of object 'Object Repository/HealthpostToStore/Page_Store/input_txtprice' is: '950'

2018-05-19 18:14:44 - [TEST_STEP][PASSED] - Statement - out.println("Stock QTY : " + StockQty): null

2018-05-19 18:14:44 - [TEST_STEP][PASSED] - delay: Delayed 2 second(s)

2018-05-19 18:14:46 - [MESSAGE][PASSED] - Delayed 2 second(s)

2018-05-19 18:14:46 - [TEST_STEP][PASSED] - Statement - If (java.lang.String.valueOf(StockQty) >= java.lang.String.valueOf(RequestedQty)): null

2018-05-19 18:14:46 - [TEST_STEP][PASSED] - setText: Text '10' is set on object 'Object Repository/HealthpostToStore/Page_Store/input_txtqty'

2018-05-19 18:14:46 - [MESSAGE][PASSED] - Text '10' is set on object 'Object Repository/HealthpostToStore/Page_Store/input_txtqty'

2018-05-19 18:14:46 - [TEST_STEP][PASSED] - click: Object: 'Object Repository/HealthpostToStore/Page_Store/button_Add' is clicked on

2018-05-19 18:14:46 - [MESSAGE][PASSED] - Object: 'Object Repository/HealthpostToStore/Page_Store/button_Add' is clicked on

2018-05-19 18:14:46 - [TEST_STEP][PASSED] - Statement - Break: null

2018-05-19 18:14:46 - [TEST_STEP][PASSED] - selectOptionByIndex: All options with index in [52] are selected on object 'Object Repository/HealthpostToStore/Page_Store/select_--Select--Adernaline 0.'

2018-05-19 18:14:47 - [MESSAGE][PASSED] - All options with index in [52] are selected on object 'Object Repository/HealthpostToStore/Page_Store/select_--Select--Adernaline 0.'

2018-05-19 18:14:47 - [TEST_STEP][PASSED] - delay: Delayed 2 second(s)

2018-05-19 18:14:49 - [MESSAGE][PASSED] - Delayed 2 second(s)

2018-05-19 18:14:49 - [TEST_STEP][PASSED] - Statement - RequestedQty = com.kms.katalon.core.webui.keyword.WebUiBuiltInKeywords.getAttribute(com.kms.katalon.core.testobject.ObjectRepository.findTestObject(HealthpostToStore/Page_Store/input_txttotal), "value"): Attribute 'value' of object 'Object Repository/HealthpostToStore/Page_Store/input_txttotal' is: '10'

2018-05-19 18:14:49 - [MESSAGE][PASSED] - Attribute 'value' of object 'Object Repository/HealthpostToStore/Page_Store/input_txttotal' is: '10'

2018-05-19 18:14:49 - [TEST_STEP][PASSED] - Statement - out.println("Requested QTY : " + RequestedQty): null

2018-05-19 18:14:49 - [TEST_STEP][PASSED] - Statement - BatchNumber = com.kms.katalon.core.webui.keyword.WebUiBuiltInKeywords.getNumberOfTotalOption(com.kms.katalon.core.testobject.ObjectRepository.findTestObject(HealthpostToStore/Page_Store/select_--Select--BA1170BA2376B)): 2 options of object 'Object Repository/HealthpostToStore/Page_Store/select_--Select--BA1170BA2376B' counted

2018-05-19 18:14:49 - [MESSAGE][PASSED] - 2 options of object 'Object Repository/HealthpostToStore/Page_Store/select_--Select--BA1170BA2376B' counted

2018-05-19 18:14:49 - [TEST_STEP][PASSED] - Statement - For ([g = 1, g <= BatchNumber - 1, (g++)]): null

2018-05-19 18:14:49 - [TEST_STEP][PASSED] - selectOptionByIndex: All options with index in [1] are selected on object 'Object Repository/HealthpostToStore/Page_Store/select_--Select--BA1170BA2376B'

2018-05-19 18:14:49 - [MESSAGE][PASSED] - All options with index in [1] are selected on object 'Object Repository/HealthpostToStore/Page_Store/select_--Select--BA1170BA2376B'

2018-05-19 18:14:49 - [TEST_STEP][PASSED] - Statement - Try: null

2018-05-19 18:14:49 - [TEST_STEP][PASSED] - Statement - StockQty = com.kms.katalon.core.webui.keyword.WebUiBuiltInKeywords.getAttribute(com.kms.katalon.core.testobject.ObjectRepository.findTestObject(HealthpostToStore/Page_Store/input_txtprice), "value"): Attribute 'value' of object 'Object Repository/HealthpostToStore/Page_Store/input_txtprice' is: '2050'

2018-05-19 18:14:49 - [MESSAGE][PASSED] - Attribute 'value' of object 'Object Repository/HealthpostToStore/Page_Store/input_txtprice' is: '2050'

2018-05-19 18:14:49 - [TEST_STEP][PASSED] - Statement - out.println("Stock QTY : " + StockQty): null

2018-05-19 18:14:49 - [TEST_STEP][PASSED] - delay: Delayed 2 second(s)

2018-05-19 18:14:51 - [MESSAGE][PASSED] - Delayed 2 second(s)

2018-05-19 18:14:51 - [TEST_STEP][PASSED] - Statement - If (java.lang.String.valueOf(StockQty) >= java.lang.String.valueOf(RequestedQty)): null

2018-05-19 18:14:51 - [TEST_STEP][PASSED] - setText: Text '10' is set on object 'Object Repository/HealthpostToStore/Page_Store/input_txtqty'

2018-05-19 18:14:52 - [MESSAGE][PASSED] - Text '10' is set on object 'Object Repository/HealthpostToStore/Page_Store/input_txtqty'

2018-05-19 18:14:52 - [TEST_STEP][PASSED] - click: Object: 'Object Repository/HealthpostToStore/Page_Store/button_Add' is clicked on

2018-05-19 18:14:52 - [MESSAGE][PASSED] - Object: 'Object Repository/HealthpostToStore/Page_Store/button_Add' is clicked on

2018-05-19 18:14:52 - [TEST_STEP][PASSED] - Statement - Break: null

2018-05-19 18:14:52 - [TEST_STEP][PASSED] - selectOptionByIndex: All options with index in [53] are selected on object 'Object Repository/HealthpostToStore/Page_Store/select_--Select--Adernaline 0.'

2018-05-19 18:14:52 - [MESSAGE][PASSED] - All options with index in [53] are selected on object 'Object Repository/HealthpostToStore/Page_Store/select_--Select--Adernaline 0.'

2018-05-19 18:14:52 - [TEST_STEP][PASSED] - delay: Delayed 2 second(s)

2018-05-19 18:14:54 - [MESSAGE][PASSED] - Delayed 2 second(s)

2018-05-19 18:14:54 - [TEST_STEP][PASSED] - Statement - RequestedQty = com.kms.katalon.core.webui.keyword.WebUiBuiltInKeywords.getAttribute(com.kms.katalon.core.testobject.ObjectRepository.findTestObject(HealthpostToStore/Page_Store/input_txttotal), "value"): Attribute 'value' of object 'Object Repository/HealthpostToStore/Page_Store/input_txttotal' is: '10'

2018-05-19 18:14:54 - [MESSAGE][PASSED] - Attribute 'value' of object 'Object Repository/HealthpostToStore/Page_Store/input_txttotal' is: '10'

2018-05-19 18:14:54 - [TEST_STEP][PASSED] - Statement - out.println("Requested QTY : " + RequestedQty): null

2018-05-19 18:14:54 - [TEST_STEP][PASSED] - Statement - BatchNumber = com.kms.katalon.core.webui.keyword.WebUiBuiltInKeywords.getNumberOfTotalOption(com.kms.katalon.core.testobject.ObjectRepository.findTestObject(HealthpostToStore/Page_Store/select_--Select--BA1170BA2376B)): 3 options of object 'Object Repository/HealthpostToStore/Page_Store/select_--Select--BA1170BA2376B' counted

2018-05-19 18:14:54 - [MESSAGE][PASSED] - 3 options of object 'Object Repository/HealthpostToStore/Page_Store/select_--Select--BA1170BA2376B' counted

2018-05-19 18:14:54 - [TEST_STEP][PASSED] - Statement - For ([g = 1, g <= BatchNumber - 1, (g++)]): null

2018-05-19 18:14:54 - [TEST_STEP][PASSED] - selectOptionByIndex: All options with index in [1] are selected on object 'Object Repository/HealthpostToStore/Page_Store/select_--Select--BA1170BA2376B'

2018-05-19 18:14:55 - [MESSAGE][PASSED] - All options with index in [1] are selected on object 'Object Repository/HealthpostToStore/Page_Store/select_--Select--BA1170BA2376B'

2018-05-19 18:14:55 - [TEST_STEP][PASSED] - Statement - Try: null

2018-05-19 18:14:55 - [TEST_STEP][PASSED] - Statement - StockQty = com.kms.katalon.core.webui.keyword.WebUiBuiltInKeywords.getAttribute(com.kms.katalon.core.testobject.ObjectRepository.findTestObject(HealthpostToStore/Page_Store/input_txtprice), "value"): Attribute 'value' of object 'Object Repository/HealthpostToStore/Page_Store/input_txtprice' is: '950'

2018-05-19 18:14:55 - [MESSAGE][PASSED] - Attribute 'value' of object 'Object Repository/HealthpostToStore/Page_Store/input_txtprice' is: '950'

2018-05-19 18:14:55 - [TEST_STEP][PASSED] - Statement - out.println("Stock QTY : " + StockQty): null

2018-05-19 18:14:55 - [TEST_STEP][PASSED] - delay: Delayed 2 second(s)

2018-05-19 18:14:57 - [MESSAGE][PASSED] - Delayed 2 second(s)

2018-05-19 18:14:57 - [TEST_STEP][PASSED] - Statement - If (java.lang.String.valueOf(StockQty) >= java.lang.String.valueOf(RequestedQty)): null

2018-05-19 18:14:57 - [TEST_STEP][PASSED] - setText: Text '10' is set on object 'Object Repository/HealthpostToStore/Page_Store/input_txtqty'

2018-05-19 18:14:57 - [MESSAGE][PASSED] - Text '10' is set on object 'Object Repository/HealthpostToStore/Page_Store/input_txtqty'

2018-05-19 18:14:57 - [TEST_STEP][PASSED] - click: Object: 'Object Repository/HealthpostToStore/Page_Store/button_Add' is clicked on

2018-05-19 18:14:57 - [MESSAGE][PASSED] - Object: 'Object Repository/HealthpostToStore/Page_Store/button_Add' is clicked on

2018-05-19 18:14:57 - [TEST_STEP][PASSED] - Statement - Break: null

2018-05-19 18:14:57 - [TEST_STEP][PASSED] - selectOptionByIndex: All options with index in [54] are selected on object 'Object Repository/HealthpostToStore/Page_Store/select_--Select--Adernaline 0.'

2018-05-19 18:14:57 - [MESSAGE][PASSED] - All options with index in [54] are selected on object 'Object Repository/HealthpostToStore/Page_Store/select_--Select--Adernaline 0.'

2018-05-19 18:14:57 - [TEST_STEP][PASSED] - delay: Delayed 2 second(s)

2018-05-19 18:14:59 - [MESSAGE][PASSED] - Delayed 2 second(s)

2018-05-19 18:14:59 - [TEST_STEP][PASSED] - Statement - RequestedQty = com.kms.katalon.core.webui.keyword.WebUiBuiltInKeywords.getAttribute(com.kms.katalon.core.testobject.ObjectRepository.findTestObject(HealthpostToStore/Page_Store/input_txttotal), "value"): Attribute 'value' of object 'Object Repository/HealthpostToStore/Page_Store/input_txttotal' is: '10'

2018-05-19 18:14:59 - [MESSAGE][PASSED] - Attribute 'value' of object 'Object Repository/HealthpostToStore/Page_Store/input_txttotal' is: '10'

2018-05-19 18:14:59 - [TEST_STEP][PASSED] - Statement - out.println("Requested QTY : " + RequestedQty): null

2018-05-19 18:14:59 - [TEST_STEP][PASSED] - Statement - BatchNumber = com.kms.katalon.core.webui.keyword.WebUiBuiltInKeywords.getNumberOfTotalOption(com.kms.katalon.core.testobject.ObjectRepository.findTestObject(HealthpostToStore/Page_Store/select_--Select--BA1170BA2376B)): 2 options of object 'Object Repository/HealthpostToStore/Page_Store/select_--Select--BA1170BA2376B' counted

2018-05-19 18:14:59 - [MESSAGE][PASSED] - 2 options of object 'Object Repository/HealthpostToStore/Page_Store/select_--Select--BA1170BA2376B' counted

2018-05-19 18:14:59 - [TEST_STEP][PASSED] - Statement - For ([g = 1, g <= BatchNumber - 1, (g++)]): null

2018-05-19 18:14:59 - [TEST_STEP][PASSED] - selectOptionByIndex: All options with index in [1] are selected on object 'Object Repository/HealthpostToStore/Page_Store/select_--Select--BA1170BA2376B'

2018-05-19 18:15:00 - [MESSAGE][PASSED] - All options with index in [1] are selected on object 'Object Repository/HealthpostToStore/Page_Store/select_--Select--BA1170BA2376B'

2018-05-19 18:15:00 - [TEST_STEP][PASSED] - Statement - Try: null

2018-05-19 18:15:00 - [TEST_STEP][PASSED] - Statement - StockQty = com.kms.katalon.core.webui.keyword.WebUiBuiltInKeywords.getAttribute(com.kms.katalon.core.testobject.ObjectRepository.findTestObject(HealthpostToStore/Page_Store/input_txtprice), "value"): Attribute 'value' of object 'Object Repository/HealthpostToStore/Page_Store/input_txtprice' is: '2050'

2018-05-19 18:15:00 - [MESSAGE][PASSED] - Attribute 'value' of object 'Object Repository/HealthpostToStore/Page_Store/input_txtprice' is: '2050'

2018-05-19 18:15:00 - [TEST_STEP][PASSED] - Statement - out.println("Stock QTY : " + StockQty): null

2018-05-19 18:15:00 - [TEST_STEP][PASSED] - delay: Delayed 2 second(s)

2018-05-19 18:15:02 - [MESSAGE][PASSED] - Delayed 2 second(s)

2018-05-19 18:15:02 - [TEST_STEP][PASSED] - Statement - If (java.lang.String.valueOf(StockQty) >= java.lang.String.valueOf(RequestedQty)): null

2018-05-19 18:15:02 - [TEST_STEP][PASSED] - setText: Text '10' is set on object 'Object Repository/HealthpostToStore/Page_Store/input_txtqty'

2018-05-19 18:15:02 - [MESSAGE][PASSED] - Text '10' is set on object 'Object Repository/HealthpostToStore/Page_Store/input_txtqty'

2018-05-19 18:15:02 - [TEST_STEP][PASSED] - click: Object: 'Object Repository/HealthpostToStore/Page_Store/button_Add' is clicked on

2018-05-19 18:15:02 - [MESSAGE][PASSED] - Object: 'Object Repository/HealthpostToStore/Page_Store/button_Add' is clicked on

2018-05-19 18:15:02 - [TEST_STEP][PASSED] - Statement - Break: null

2018-05-19 18:15:02 - [TEST_STEP][PASSED] - selectOptionByIndex: All options with index in [55] are selected on object 'Object Repository/HealthpostToStore/Page_Store/select_--Select--Adernaline 0.'

2018-05-19 18:15:02 - [MESSAGE][PASSED] - All options with index in [55] are selected on object 'Object Repository/HealthpostToStore/Page_Store/select_--Select--Adernaline 0.'

2018-05-19 18:15:02 - [TEST_STEP][PASSED] - delay: Delayed 2 second(s)

2018-05-19 18:15:04 - [MESSAGE][PASSED] - Delayed 2 second(s)

2018-05-19 18:15:04 - [TEST_STEP][PASSED] - Statement - RequestedQty = com.kms.katalon.core.webui.keyword.WebUiBuiltInKeywords.getAttribute(com.kms.katalon.core.testobject.ObjectRepository.findTestObject(HealthpostToStore/Page_Store/input_txttotal), "value"): Attribute 'value' of object 'Object Repository/HealthpostToStore/Page_Store/input_txttotal' is: '10'

2018-05-19 18:15:04 - [MESSAGE][PASSED] - Attribute 'value' of object 'Object Repository/HealthpostToStore/Page_Store/input_txttotal' is: '10'

2018-05-19 18:15:04 - [TEST_STEP][PASSED] - Statement - out.println("Requested QTY : " + RequestedQty): null

2018-05-19 18:15:04 - [TEST_STEP][PASSED] - Statement - BatchNumber = com.kms.katalon.core.webui.keyword.WebUiBuiltInKeywords.getNumberOfTotalOption(com.kms.katalon.core.testobject.ObjectRepository.findTestObject(HealthpostToStore/Page_Store/select_--Select--BA1170BA2376B)): 3 options of object 'Object Repository/HealthpostToStore/Page_Store/select_--Select--BA1170BA2376B' counted

2018-05-19 18:15:04 - [MESSAGE][PASSED] - 3 options of object 'Object Repository/HealthpostToStore/Page_Store/select_--Select--BA1170BA2376B' counted

2018-05-19 18:15:04 - [TEST_STEP][PASSED] - Statement - For ([g = 1, g <= BatchNumber - 1, (g++)]): null

2018-05-19 18:15:04 - [TEST_STEP][PASSED] - selectOptionByIndex: All options with index in [1] are selected on object 'Object Repository/HealthpostToStore/Page_Store/select_--Select--BA1170BA2376B'

2018-05-19 18:15:05 - [MESSAGE][PASSED] - All options with index in [1] are selected on object 'Object Repository/HealthpostToStore/Page_Store/select_--Select--BA1170BA2376B'

2018-05-19 18:15:05 - [TEST_STEP][PASSED] - Statement - Try: null

2018-05-19 18:15:05 - [TEST_STEP][PASSED] - Statement - StockQty = com.kms.katalon.core.webui.keyword.WebUiBuiltInKeywords.getAttribute(com.kms.katalon.core.testobject.ObjectRepository.findTestObject(HealthpostToStore/Page_Store/input_txtprice), "value"): Attribute 'value' of object 'Object Repository/HealthpostToStore/Page_Store/input_txtprice' is: '950'

2018-05-19 18:15:05 - [MESSAGE][PASSED] - Attribute 'value' of object 'Object Repository/HealthpostToStore/Page_Store/input_txtprice' is: '950'

2018-05-19 18:15:05 - [TEST_STEP][PASSED] - Statement - out.println("Stock QTY : " + StockQty): null

2018-05-19 18:15:05 - [TEST_STEP][PASSED] - delay: Delayed 2 second(s)

2018-05-19 18:15:07 - [MESSAGE][PASSED] - Delayed 2 second(s)

2018-05-19 18:15:07 - [TEST_STEP][PASSED] - Statement - If (java.lang.String.valueOf(StockQty) >= java.lang.String.valueOf(RequestedQty)): null

2018-05-19 18:15:07 - [TEST_STEP][PASSED] - setText: Text '10' is set on object 'Object Repository/HealthpostToStore/Page_Store/input_txtqty'

2018-05-19 18:15:07 - [MESSAGE][PASSED] - Text '10' is set on object 'Object Repository/HealthpostToStore/Page_Store/input_txtqty'

2018-05-19 18:15:07 - [TEST_STEP][PASSED] - click: Object: 'Object Repository/HealthpostToStore/Page_Store/button_Add' is clicked on

2018-05-19 18:15:07 - [MESSAGE][PASSED] - Object: 'Object Repository/HealthpostToStore/Page_Store/button_Add' is clicked on

2018-05-19 18:15:07 - [TEST_STEP][PASSED] - Statement - Break: null

2018-05-19 18:15:07 - [TEST_STEP][PASSED] - selectOptionByIndex: All options with index in [56] are selected on object 'Object Repository/HealthpostToStore/Page_Store/select_--Select--Adernaline 0.'

2018-05-19 18:15:08 - [MESSAGE][PASSED] - All options with index in [56] are selected on object 'Object Repository/HealthpostToStore/Page_Store/select_--Select--Adernaline 0.'

2018-05-19 18:15:08 - [TEST_STEP][PASSED] - delay: Delayed 2 second(s)

2018-05-19 18:15:10 - [MESSAGE][PASSED] - Delayed 2 second(s)

2018-05-19 18:15:10 - [TEST_STEP][PASSED] - Statement - RequestedQty = com.kms.katalon.core.webui.keyword.WebUiBuiltInKeywords.getAttribute(com.kms.katalon.core.testobject.ObjectRepository.findTestObject(HealthpostToStore/Page_Store/input_txttotal), "value"): Attribute 'value' of object 'Object Repository/HealthpostToStore/Page_Store/input_txttotal' is: '10'

2018-05-19 18:15:10 - [MESSAGE][PASSED] - Attribute 'value' of object 'Object Repository/HealthpostToStore/Page_Store/input_txttotal' is: '10'

2018-05-19 18:15:10 - [TEST_STEP][PASSED] - Statement - out.println("Requested QTY : " + RequestedQty): null

2018-05-19 18:15:10 - [TEST_STEP][PASSED] - Statement - BatchNumber = com.kms.katalon.core.webui.keyword.WebUiBuiltInKeywords.getNumberOfTotalOption(com.kms.katalon.core.testobject.ObjectRepository.findTestObject(HealthpostToStore/Page_Store/select_--Select--BA1170BA2376B)): 3 options of object 'Object Repository/HealthpostToStore/Page_Store/select_--Select--BA1170BA2376B' counted

2018-05-19 18:15:10 - [MESSAGE][PASSED] - 3 options of object 'Object Repository/HealthpostToStore/Page_Store/select_--Select--BA1170BA2376B' counted

2018-05-19 18:15:10 - [TEST_STEP][PASSED] - Statement - For ([g = 1, g <= BatchNumber - 1, (g++)]): null

2018-05-19 18:15:10 - [TEST_STEP][PASSED] - selectOptionByIndex: All options with index in [1] are selected on object 'Object Repository/HealthpostToStore/Page_Store/select_--Select--BA1170BA2376B'

2018-05-19 18:15:10 - [MESSAGE][PASSED] - All options with index in [1] are selected on object 'Object Repository/HealthpostToStore/Page_Store/select_--Select--BA1170BA2376B'

2018-05-19 18:15:10 - [TEST_STEP][PASSED] - Statement - Try: null

2018-05-19 18:15:10 - [TEST_STEP][PASSED] - Statement - StockQty = com.kms.katalon.core.webui.keyword.WebUiBuiltInKeywords.getAttribute(com.kms.katalon.core.testobject.ObjectRepository.findTestObject(HealthpostToStore/Page_Store/input_txtprice), "value"): Attribute 'value' of object 'Object Repository/HealthpostToStore/Page_Store/input_txtprice' is: '950'

2018-05-19 18:15:10 - [MESSAGE][PASSED] - Attribute 'value' of object 'Object Repository/HealthpostToStore/Page_Store/input_txtprice' is: '950'

2018-05-19 18:15:10 - [TEST_STEP][PASSED] - Statement - out.println("Stock QTY : " + StockQty): null

2018-05-19 18:15:10 - [TEST_STEP][PASSED] - delay: Delayed 2 second(s)

2018-05-19 18:15:12 - [MESSAGE][PASSED] - Delayed 2 second(s)

2018-05-19 18:15:12 - [TEST_STEP][PASSED] - Statement - If (java.lang.String.valueOf(StockQty) >= java.lang.String.valueOf(RequestedQty)): null

2018-05-19 18:15:12 - [TEST_STEP][PASSED] - setText: Text '10' is set on object 'Object Repository/HealthpostToStore/Page_Store/input_txtqty'

2018-05-19 18:15:12 - [MESSAGE][PASSED] - Text '10' is set on object 'Object Repository/HealthpostToStore/Page_Store/input_txtqty'

2018-05-19 18:15:12 - [TEST_STEP][PASSED] - click: Object: 'Object Repository/HealthpostToStore/Page_Store/button_Add' is clicked on

2018-05-19 18:15:12 - [MESSAGE][PASSED] - Object: 'Object Repository/HealthpostToStore/Page_Store/button_Add' is clicked on

2018-05-19 18:15:12 - [TEST_STEP][PASSED] - Statement - Break: null

2018-05-19 18:15:12 - [TEST_STEP][PASSED] - selectOptionByIndex: All options with index in [57] are selected on object 'Object Repository/HealthpostToStore/Page_Store/select_--Select--Adernaline 0.'

2018-05-19 18:15:13 - [MESSAGE][PASSED] - All options with index in [57] are selected on object 'Object Repository/HealthpostToStore/Page_Store/select_--Select--Adernaline 0.'

2018-05-19 18:15:13 - [TEST_STEP][PASSED] - delay: Delayed 2 second(s)

2018-05-19 18:15:15 - [MESSAGE][PASSED] - Delayed 2 second(s)

2018-05-19 18:15:15 - [TEST_STEP][PASSED] - Statement - RequestedQty = com.kms.katalon.core.webui.keyword.WebUiBuiltInKeywords.getAttribute(com.kms.katalon.core.testobject.ObjectRepository.findTestObject(HealthpostToStore/Page_Store/input_txttotal), "value"): Attribute 'value' of object 'Object Repository/HealthpostToStore/Page_Store/input_txttotal' is: '10'

2018-05-19 18:15:15 - [MESSAGE][PASSED] - Attribute 'value' of object 'Object Repository/HealthpostToStore/Page_Store/input_txttotal' is: '10'

2018-05-19 18:15:15 - [TEST_STEP][PASSED] - Statement - out.println("Requested QTY : " + RequestedQty): null

2018-05-19 18:15:15 - [TEST_STEP][PASSED] - Statement - BatchNumber = com.kms.katalon.core.webui.keyword.WebUiBuiltInKeywords.getNumberOfTotalOption(com.kms.katalon.core.testobject.ObjectRepository.findTestObject(HealthpostToStore/Page_Store/select_--Select--BA1170BA2376B)): 3 options of object 'Object Repository/HealthpostToStore/Page_Store/select_--Select--BA1170BA2376B' counted

2018-05-19 18:15:15 - [MESSAGE][PASSED] - 3 options of object 'Object Repository/HealthpostToStore/Page_Store/select_--Select--BA1170BA2376B' counted

2018-05-19 18:15:15 - [TEST_STEP][PASSED] - Statement - For ([g = 1, g <= BatchNumber - 1, (g++)]): null

2018-05-19 18:15:15 - [TEST_STEP][PASSED] - selectOptionByIndex: All options with index in [1] are selected on object 'Object Repository/HealthpostToStore/Page_Store/select_--Select--BA1170BA2376B'

2018-05-19 18:15:15 - [MESSAGE][PASSED] - All options with index in [1] are selected on object 'Object Repository/HealthpostToStore/Page_Store/select_--Select--BA1170BA2376B'

2018-05-19 18:15:15 - [TEST_STEP][PASSED] - Statement - Try: null

2018-05-19 18:15:15 - [TEST_STEP][PASSED] - Statement - StockQty = com.kms.katalon.core.webui.keyword.WebUiBuiltInKeywords.getAttribute(com.kms.katalon.core.testobject.ObjectRepository.findTestObject(HealthpostToStore/Page_Store/input_txtprice), "value"): Attribute 'value' of object 'Object Repository/HealthpostToStore/Page_Store/input_txtprice' is: '950'

2018-05-19 18:15:15 - [MESSAGE][PASSED] - Attribute 'value' of object 'Object Repository/HealthpostToStore/Page_Store/input_txtprice' is: '950'

2018-05-19 18:15:15 - [TEST_STEP][PASSED] - Statement - out.println("Stock QTY : " + StockQty): null

2018-05-19 18:15:15 - [TEST_STEP][PASSED] - delay: Delayed 2 second(s)

2018-05-19 18:15:17 - [MESSAGE][PASSED] - Delayed 2 second(s)

2018-05-19 18:15:17 - [TEST_STEP][PASSED] - Statement - If (java.lang.String.valueOf(StockQty) >= java.lang.String.valueOf(RequestedQty)): null

2018-05-19 18:15:17 - [TEST_STEP][PASSED] - setText: Text '10' is set on object 'Object Repository/HealthpostToStore/Page_Store/input_txtqty'

2018-05-19 18:15:17 - [MESSAGE][PASSED] - Text '10' is set on object 'Object Repository/HealthpostToStore/Page_Store/input_txtqty'

2018-05-19 18:15:17 - [TEST_STEP][PASSED] - click: Object: 'Object Repository/HealthpostToStore/Page_Store/button_Add' is clicked on

2018-05-19 18:15:17 - [MESSAGE][PASSED] - Object: 'Object Repository/HealthpostToStore/Page_Store/button_Add' is clicked on

2018-05-19 18:15:17 - [TEST_STEP][PASSED] - Statement - Break: null

2018-05-19 18:15:17 - [TEST_STEP][PASSED] - selectOptionByIndex: All options with index in [58] are selected on object 'Object Repository/HealthpostToStore/Page_Store/select_--Select--Adernaline 0.'

2018-05-19 18:15:18 - [MESSAGE][PASSED] - All options with index in [58] are selected on object 'Object Repository/HealthpostToStore/Page_Store/select_--Select--Adernaline 0.'

2018-05-19 18:15:18 - [TEST_STEP][PASSED] - delay: Delayed 2 second(s)

2018-05-19 18:15:20 - [MESSAGE][PASSED] - Delayed 2 second(s)

2018-05-19 18:15:20 - [TEST_STEP][PASSED] - Statement - RequestedQty = com.kms.katalon.core.webui.keyword.WebUiBuiltInKeywords.getAttribute(com.kms.katalon.core.testobject.ObjectRepository.findTestObject(HealthpostToStore/Page_Store/input_txttotal), "value"): Attribute 'value' of object 'Object Repository/HealthpostToStore/Page_Store/input_txttotal' is: '10'

2018-05-19 18:15:20 - [MESSAGE][PASSED] - Attribute 'value' of object 'Object Repository/HealthpostToStore/Page_Store/input_txttotal' is: '10'

2018-05-19 18:15:20 - [TEST_STEP][PASSED] - Statement - out.println("Requested QTY : " + RequestedQty): null

2018-05-19 18:15:20 - [TEST_STEP][PASSED] - Statement - BatchNumber = com.kms.katalon.core.webui.keyword.WebUiBuiltInKeywords.getNumberOfTotalOption(com.kms.katalon.core.testobject.ObjectRepository.findTestObject(HealthpostToStore/Page_Store/select_--Select--BA1170BA2376B)): 3 options of object 'Object Repository/HealthpostToStore/Page_Store/select_--Select--BA1170BA2376B' counted

2018-05-19 18:15:20 - [MESSAGE][PASSED] - 3 options of object 'Object Repository/HealthpostToStore/Page_Store/select_--Select--BA1170BA2376B' counted

2018-05-19 18:15:20 - [TEST_STEP][PASSED] - Statement - For ([g = 1, g <= BatchNumber - 1, (g++)]): null

2018-05-19 18:15:20 - [TEST_STEP][PASSED] - selectOptionByIndex: All options with index in [1] are selected on object 'Object Repository/HealthpostToStore/Page_Store/select_--Select--BA1170BA2376B'

2018-05-19 18:15:20 - [MESSAGE][PASSED] - All options with index in [1] are selected on object 'Object Repository/HealthpostToStore/Page_Store/select_--Select--BA1170BA2376B'

2018-05-19 18:15:20 - [TEST_STEP][PASSED] - Statement - Try: null

2018-05-19 18:15:20 - [TEST_STEP][PASSED] - Statement - StockQty = com.kms.katalon.core.webui.keyword.WebUiBuiltInKeywords.getAttribute(com.kms.katalon.core.testobject.ObjectRepository.findTestObject(HealthpostToStore/Page_Store/input_txtprice), "value"): Attribute 'value' of object 'Object Repository/HealthpostToStore/Page_Store/input_txtprice' is: '1950'

2018-05-19 18:15:20 - [MESSAGE][PASSED] - Attribute 'value' of object 'Object Repository/HealthpostToStore/Page_Store/input_txtprice' is: '1950'

2018-05-19 18:15:20 - [TEST_STEP][PASSED] - Statement - out.println("Stock QTY : " + StockQty): null

2018-05-19 18:15:20 - [TEST_STEP][PASSED] - delay: Delayed 2 second(s)

2018-05-19 18:15:22 - [MESSAGE][PASSED] - Delayed 2 second(s)

2018-05-19 18:15:22 - [TEST_STEP][PASSED] - Statement - If (java.lang.String.valueOf(StockQty) >= java.lang.String.valueOf(RequestedQty)): null

2018-05-19 18:15:22 - [TEST_STEP][PASSED] - setText: Text '10' is set on object 'Object Repository/HealthpostToStore/Page_Store/input_txtqty'

2018-05-19 18:15:22 - [MESSAGE][PASSED] - Text '10' is set on object 'Object Repository/HealthpostToStore/Page_Store/input_txtqty'

2018-05-19 18:15:22 - [TEST_STEP][PASSED] - click: Object: 'Object Repository/HealthpostToStore/Page_Store/button_Add' is clicked on

2018-05-19 18:15:22 - [MESSAGE][PASSED] - Object: 'Object Repository/HealthpostToStore/Page_Store/button_Add' is clicked on

2018-05-19 18:15:22 - [TEST_STEP][PASSED] - Statement - Break: null

2018-05-19 18:15:22 - [TEST_STEP][PASSED] - selectOptionByIndex: All options with index in [59] are selected on object 'Object Repository/HealthpostToStore/Page_Store/select_--Select--Adernaline 0.'

2018-05-19 18:15:23 - [MESSAGE][PASSED] - All options with index in [59] are selected on object 'Object Repository/HealthpostToStore/Page_Store/select_--Select--Adernaline 0.'

2018-05-19 18:15:23 - [TEST_STEP][PASSED] - delay: Delayed 2 second(s)

2018-05-19 18:15:25 - [MESSAGE][PASSED] - Delayed 2 second(s)

2018-05-19 18:15:25 - [TEST_STEP][PASSED] - Statement - RequestedQty = com.kms.katalon.core.webui.keyword.WebUiBuiltInKeywords.getAttribute(com.kms.katalon.core.testobject.ObjectRepository.findTestObject(HealthpostToStore/Page_Store/input_txttotal), "value"): Attribute 'value' of object 'Object Repository/HealthpostToStore/Page_Store/input_txttotal' is: '10'

2018-05-19 18:15:25 - [MESSAGE][PASSED] - Attribute 'value' of object 'Object Repository/HealthpostToStore/Page_Store/input_txttotal' is: '10'

2018-05-19 18:15:25 - [TEST_STEP][PASSED] - Statement - out.println("Requested QTY : " + RequestedQty): null

2018-05-19 18:15:25 - [TEST_STEP][PASSED] - Statement - BatchNumber = com.kms.katalon.core.webui.keyword.WebUiBuiltInKeywords.getNumberOfTotalOption(com.kms.katalon.core.testobject.ObjectRepository.findTestObject(HealthpostToStore/Page_Store/select_--Select--BA1170BA2376B)): 2 options of object 'Object Repository/HealthpostToStore/Page_Store/select_--Select--BA1170BA2376B' counted

2018-05-19 18:15:25 - [MESSAGE][PASSED] - 2 options of object 'Object Repository/HealthpostToStore/Page_Store/select_--Select--BA1170BA2376B' counted

2018-05-19 18:15:25 - [TEST_STEP][PASSED] - Statement - For ([g = 1, g <= BatchNumber - 1, (g++)]): null

2018-05-19 18:15:25 - [TEST_STEP][PASSED] - selectOptionByIndex: All options with index in [1] are selected on object 'Object Repository/HealthpostToStore/Page_Store/select_--Select--BA1170BA2376B'

2018-05-19 18:15:25 - [MESSAGE][PASSED] - All options with index in [1] are selected on object 'Object Repository/HealthpostToStore/Page_Store/select_--Select--BA1170BA2376B'

2018-05-19 18:15:25 - [TEST_STEP][PASSED] - Statement - Try: null

2018-05-19 18:15:25 - [TEST_STEP][PASSED] - Statement - StockQty = com.kms.katalon.core.webui.keyword.WebUiBuiltInKeywords.getAttribute(com.kms.katalon.core.testobject.ObjectRepository.findTestObject(HealthpostToStore/Page_Store/input_txtprice), "value"): Attribute 'value' of object 'Object Repository/HealthpostToStore/Page_Store/input_txtprice' is: '2050'

2018-05-19 18:15:25 - [MESSAGE][PASSED] - Attribute 'value' of object 'Object Repository/HealthpostToStore/Page_Store/input_txtprice' is: '2050'

2018-05-19 18:15:25 - [TEST_STEP][PASSED] - Statement - out.println("Stock QTY : " + StockQty): null

2018-05-19 18:15:25 - [TEST_STEP][PASSED] - delay: Delayed 2 second(s)

2018-05-19 18:15:27 - [MESSAGE][PASSED] - Delayed 2 second(s)

2018-05-19 18:15:27 - [TEST_STEP][PASSED] - Statement - If (java.lang.String.valueOf(StockQty) >= java.lang.String.valueOf(RequestedQty)): null

2018-05-19 18:15:27 - [TEST_STEP][PASSED] - setText: Text '10' is set on object 'Object Repository/HealthpostToStore/Page_Store/input_txtqty'

2018-05-19 18:15:27 - [MESSAGE][PASSED] - Text '10' is set on object 'Object Repository/HealthpostToStore/Page_Store/input_txtqty'

2018-05-19 18:15:27 - [TEST_STEP][PASSED] - click: Object: 'Object Repository/HealthpostToStore/Page_Store/button_Add' is clicked on

2018-05-19 18:15:27 - [MESSAGE][PASSED] - Object: 'Object Repository/HealthpostToStore/Page_Store/button_Add' is clicked on

2018-05-19 18:15:27 - [TEST_STEP][PASSED] - Statement - Break: null

2018-05-19 18:15:27 - [TEST_STEP][PASSED] - selectOptionByIndex: All options with index in [60] are selected on object 'Object Repository/HealthpostToStore/Page_Store/select_--Select--Adernaline 0.'

2018-05-19 18:15:28 - [MESSAGE][PASSED] - All options with index in [60] are selected on object 'Object Repository/HealthpostToStore/Page_Store/select_--Select--Adernaline 0.'

2018-05-19 18:15:28 - [TEST_STEP][PASSED] - delay: Delayed 2 second(s)

2018-05-19 18:15:30 - [MESSAGE][PASSED] - Delayed 2 second(s)

2018-05-19 18:15:30 - [TEST_STEP][PASSED] - Statement - RequestedQty = com.kms.katalon.core.webui.keyword.WebUiBuiltInKeywords.getAttribute(com.kms.katalon.core.testobject.ObjectRepository.findTestObject(HealthpostToStore/Page_Store/input_txttotal), "value"): Attribute 'value' of object 'Object Repository/HealthpostToStore/Page_Store/input_txttotal' is: '10'

2018-05-19 18:15:30 - [MESSAGE][PASSED] - Attribute 'value' of object 'Object Repository/HealthpostToStore/Page_Store/input_txttotal' is: '10'

2018-05-19 18:15:30 - [TEST_STEP][PASSED] - Statement - out.println("Requested QTY : " + RequestedQty): null

2018-05-19 18:15:30 - [TEST_STEP][PASSED] - Statement - BatchNumber = com.kms.katalon.core.webui.keyword.WebUiBuiltInKeywords.getNumberOfTotalOption(com.kms.katalon.core.testobject.ObjectRepository.findTestObject(HealthpostToStore/Page_Store/select_--Select--BA1170BA2376B)): 2 options of object 'Object Repository/HealthpostToStore/Page_Store/select_--Select--BA1170BA2376B' counted

2018-05-19 18:15:30 - [MESSAGE][PASSED] - 2 options of object 'Object Repository/HealthpostToStore/Page_Store/select_--Select--BA1170BA2376B' counted

2018-05-19 18:15:30 - [TEST_STEP][PASSED] - Statement - For ([g = 1, g <= BatchNumber - 1, (g++)]): null

2018-05-19 18:15:30 - [TEST_STEP][PASSED] - selectOptionByIndex: All options with index in [1] are selected on object 'Object Repository/HealthpostToStore/Page_Store/select_--Select--BA1170BA2376B'

2018-05-19 18:15:30 - [MESSAGE][PASSED] - All options with index in [1] are selected on object 'Object Repository/HealthpostToStore/Page_Store/select_--Select--BA1170BA2376B'

2018-05-19 18:15:30 - [TEST_STEP][PASSED] - Statement - Try: null

2018-05-19 18:15:30 - [TEST_STEP][PASSED] - Statement - StockQty = com.kms.katalon.core.webui.keyword.WebUiBuiltInKeywords.getAttribute(com.kms.katalon.core.testobject.ObjectRepository.findTestObject(HealthpostToStore/Page_Store/input_txtprice), "value"): Attribute 'value' of object 'Object Repository/HealthpostToStore/Page_Store/input_txtprice' is: '2050'

2018-05-19 18:15:30 - [MESSAGE][PASSED] - Attribute 'value' of object 'Object Repository/HealthpostToStore/Page_Store/input_txtprice' is: '2050'

2018-05-19 18:15:30 - [TEST_STEP][PASSED] - Statement - out.println("Stock QTY : " + StockQty): null

2018-05-19 18:15:30 - [TEST_STEP][PASSED] - delay: Delayed 2 second(s)

2018-05-19 18:15:32 - [MESSAGE][PASSED] - Delayed 2 second(s)

2018-05-19 18:15:32 - [TEST_STEP][PASSED] - Statement - If (java.lang.String.valueOf(StockQty) >= java.lang.String.valueOf(RequestedQty)): null

2018-05-19 18:15:32 - [TEST_STEP][PASSED] - setText: Text '10' is set on object 'Object Repository/HealthpostToStore/Page_Store/input_txtqty'

2018-05-19 18:15:32 - [MESSAGE][PASSED] - Text '10' is set on object 'Object Repository/HealthpostToStore/Page_Store/input_txtqty'

2018-05-19 18:15:32 - [TEST_STEP][PASSED] - click: Object: 'Object Repository/HealthpostToStore/Page_Store/button_Add' is clicked on

2018-05-19 18:15:33 - [MESSAGE][PASSED] - Object: 'Object Repository/HealthpostToStore/Page_Store/button_Add' is clicked on

2018-05-19 18:15:33 - [TEST_STEP][PASSED] - Statement - Break: null

2018-05-19 18:15:33 - [TEST_STEP][PASSED] - selectOptionByIndex: All options with index in [61] are selected on object 'Object Repository/HealthpostToStore/Page_Store/select_--Select--Adernaline 0.'

2018-05-19 18:15:33 - [MESSAGE][PASSED] - All options with index in [61] are selected on object 'Object Repository/HealthpostToStore/Page_Store/select_--Select--Adernaline 0.'

2018-05-19 18:15:33 - [TEST_STEP][PASSED] - delay: Delayed 2 second(s)

2018-05-19 18:15:35 - [MESSAGE][PASSED] - Delayed 2 second(s)

2018-05-19 18:15:35 - [TEST_STEP][PASSED] - Statement - RequestedQty = com.kms.katalon.core.webui.keyword.WebUiBuiltInKeywords.getAttribute(com.kms.katalon.core.testobject.ObjectRepository.findTestObject(HealthpostToStore/Page_Store/input_txttotal), "value"): Attribute 'value' of object 'Object Repository/HealthpostToStore/Page_Store/input_txttotal' is: '10'

2018-05-19 18:15:35 - [MESSAGE][PASSED] - Attribute 'value' of object 'Object Repository/HealthpostToStore/Page_Store/input_txttotal' is: '10'

2018-05-19 18:15:35 - [TEST_STEP][PASSED] - Statement - out.println("Requested QTY : " + RequestedQty): null

2018-05-19 18:15:35 - [TEST_STEP][PASSED] - Statement - BatchNumber = com.kms.katalon.core.webui.keyword.WebUiBuiltInKeywords.getNumberOfTotalOption(com.kms.katalon.core.testobject.ObjectRepository.findTestObject(HealthpostToStore/Page_Store/select_--Select--BA1170BA2376B)): 3 options of object 'Object Repository/HealthpostToStore/Page_Store/select_--Select--BA1170BA2376B' counted

2018-05-19 18:15:35 - [MESSAGE][PASSED] - 3 options of object 'Object Repository/HealthpostToStore/Page_Store/select_--Select--BA1170BA2376B' counted

2018-05-19 18:15:35 - [TEST_STEP][PASSED] - Statement - For ([g = 1, g <= BatchNumber - 1, (g++)]): null

2018-05-19 18:15:35 - [TEST_STEP][PASSED] - selectOptionByIndex: All options with index in [1] are selected on object 'Object Repository/HealthpostToStore/Page_Store/select_--Select--BA1170BA2376B'

2018-05-19 18:15:36 - [MESSAGE][PASSED] - All options with index in [1] are selected on object 'Object Repository/HealthpostToStore/Page_Store/select_--Select--BA1170BA2376B'

2018-05-19 18:15:36 - [TEST_STEP][PASSED] - Statement - Try: null

2018-05-19 18:15:36 - [TEST_STEP][PASSED] - Statement - StockQty = com.kms.katalon.core.webui.keyword.WebUiBuiltInKeywords.getAttribute(com.kms.katalon.core.testobject.ObjectRepository.findTestObject(HealthpostToStore/Page_Store/input_txtprice), "value"): Attribute 'value' of object 'Object Repository/HealthpostToStore/Page_Store/input_txtprice' is: '1950'

2018-05-19 18:15:36 - [MESSAGE][PASSED] - Attribute 'value' of object 'Object Repository/HealthpostToStore/Page_Store/input_txtprice' is: '1950'

2018-05-19 18:15:36 - [TEST_STEP][PASSED] - Statement - out.println("Stock QTY : " + StockQty): null

2018-05-19 18:15:36 - [TEST_STEP][PASSED] - delay: Delayed 2 second(s)

2018-05-19 18:15:38 - [MESSAGE][PASSED] - Delayed 2 second(s)

2018-05-19 18:15:38 - [TEST_STEP][PASSED] - Statement - If (java.lang.String.valueOf(StockQty) >= java.lang.String.valueOf(RequestedQty)): null

2018-05-19 18:15:38 - [TEST_STEP][PASSED] - setText: Text '10' is set on object 'Object Repository/HealthpostToStore/Page_Store/input_txtqty'

2018-05-19 18:15:38 - [MESSAGE][PASSED] - Text '10' is set on object 'Object Repository/HealthpostToStore/Page_Store/input_txtqty'

2018-05-19 18:15:38 - [TEST_STEP][PASSED] - click: Object: 'Object Repository/HealthpostToStore/Page_Store/button_Add' is clicked on

2018-05-19 18:15:38 - [MESSAGE][PASSED] - Object: 'Object Repository/HealthpostToStore/Page_Store/button_Add' is clicked on

2018-05-19 18:15:38 - [TEST_STEP][PASSED] - Statement - Break: null

2018-05-19 18:15:38 - [TEST_STEP][PASSED] - selectOptionByIndex: All options with index in [62] are selected on object 'Object Repository/HealthpostToStore/Page_Store/select_--Select--Adernaline 0.'

2018-05-19 18:15:38 - [MESSAGE][PASSED] - All options with index in [62] are selected on object 'Object Repository/HealthpostToStore/Page_Store/select_--Select--Adernaline 0.'

2018-05-19 18:15:38 - [TEST_STEP][PASSED] - delay: Delayed 2 second(s)

2018-05-19 18:15:40 - [MESSAGE][PASSED] - Delayed 2 second(s)

2018-05-19 18:15:40 - [TEST_STEP][PASSED] - Statement - RequestedQty = com.kms.katalon.core.webui.keyword.WebUiBuiltInKeywords.getAttribute(com.kms.katalon.core.testobject.ObjectRepository.findTestObject(HealthpostToStore/Page_Store/input_txttotal), "value"): Attribute 'value' of object 'Object Repository/HealthpostToStore/Page_Store/input_txttotal' is: '10'

2018-05-19 18:15:40 - [MESSAGE][PASSED] - Attribute 'value' of object 'Object Repository/HealthpostToStore/Page_Store/input_txttotal' is: '10'

2018-05-19 18:15:40 - [TEST_STEP][PASSED] - Statement - out.println("Requested QTY : " + RequestedQty): null

2018-05-19 18:15:40 - [TEST_STEP][PASSED] - Statement - BatchNumber = com.kms.katalon.core.webui.keyword.WebUiBuiltInKeywords.getNumberOfTotalOption(com.kms.katalon.core.testobject.ObjectRepository.findTestObject(HealthpostToStore/Page_Store/select_--Select--BA1170BA2376B)): 2 options of object 'Object Repository/HealthpostToStore/Page_Store/select_--Select--BA1170BA2376B' counted

2018-05-19 18:15:40 - [MESSAGE][PASSED] - 2 options of object 'Object Repository/HealthpostToStore/Page_Store/select_--Select--BA1170BA2376B' counted

2018-05-19 18:15:40 - [TEST_STEP][PASSED] - Statement - For ([g = 1, g <= BatchNumber - 1, (g++)]): null

2018-05-19 18:15:40 - [TEST_STEP][PASSED] - selectOptionByIndex: All options with index in [1] are selected on object 'Object Repository/HealthpostToStore/Page_Store/select_--Select--BA1170BA2376B'

2018-05-19 18:15:41 - [MESSAGE][PASSED] - All options with index in [1] are selected on object 'Object Repository/HealthpostToStore/Page_Store/select_--Select--BA1170BA2376B'

2018-05-19 18:15:41 - [TEST_STEP][PASSED] - Statement - Try: null

2018-05-19 18:15:41 - [TEST_STEP][PASSED] - Statement - StockQty = com.kms.katalon.core.webui.keyword.WebUiBuiltInKeywords.getAttribute(com.kms.katalon.core.testobject.ObjectRepository.findTestObject(HealthpostToStore/Page_Store/input_txtprice), "value"): Attribute 'value' of object 'Object Repository/HealthpostToStore/Page_Store/input_txtprice' is: '50'

2018-05-19 18:15:41 - [MESSAGE][PASSED] - Attribute 'value' of object 'Object Repository/HealthpostToStore/Page_Store/input_txtprice' is: '50'

2018-05-19 18:15:41 - [TEST_STEP][PASSED] - Statement - out.println("Stock QTY : " + StockQty): null

2018-05-19 18:15:41 - [TEST_STEP][PASSED] - delay: Delayed 2 second(s)

2018-05-19 18:15:43 - [MESSAGE][PASSED] - Delayed 2 second(s)

2018-05-19 18:15:43 - [TEST_STEP][PASSED] - Statement - If (java.lang.String.valueOf(StockQty) >= java.lang.String.valueOf(RequestedQty)): null

2018-05-19 18:15:43 - [TEST_STEP][PASSED] - setText: Text '10' is set on object 'Object Repository/HealthpostToStore/Page_Store/input_txtqty'

2018-05-19 18:15:43 - [MESSAGE][PASSED] - Text '10' is set on object 'Object Repository/HealthpostToStore/Page_Store/input_txtqty'

2018-05-19 18:15:43 - [TEST_STEP][PASSED] - click: Object: 'Object Repository/HealthpostToStore/Page_Store/button_Add' is clicked on

2018-05-19 18:15:43 - [MESSAGE][PASSED] - Object: 'Object Repository/HealthpostToStore/Page_Store/button_Add' is clicked on

2018-05-19 18:15:43 - [TEST_STEP][PASSED] - Statement - Break: null

2018-05-19 18:15:43 - [TEST_STEP][PASSED] - scrollToElement: Scroll to object 'Object Repository/HealthpostToStore/Page_Store/input_btnSubmit' successfully

2018-05-19 18:15:43 - [MESSAGE][PASSED] - Scroll to object 'Object Repository/HealthpostToStore/Page_Store/input_btnSubmit' successfully

2018-05-19 18:15:43 - [TEST_STEP][PASSED] - click: Object: 'Object Repository/HealthpostToStore/Page_Store/input_btnSubmit' is clicked on

2018-05-19 18:15:43 - [MESSAGE][PASSED] - Object: 'Object Repository/HealthpostToStore/Page_Store/input_btnSubmit' is clicked on

2018-05-19 18:15:43 - [TEST_STEP][PASSED] - delay: Delayed 3 second(s)

2018-05-19 18:15:46 - [MESSAGE][PASSED] - Delayed 3 second(s)

2018-05-19 18:15:46 - [TEST_STEP][PASSED] - click: Object: 'Object Repository/HealthpostToStore/Page_Store/button_OK' is clicked on

2018-05-19 18:15:51 - [MESSAGE][PASSED] - Object: 'Object Repository/HealthpostToStore/Page_Store/button_OK' is clicked on

2018-05-19 18:15:51 - [TEST_STEP][PASSED] - delay: Delayed 3 second(s)

2018-05-19 18:15:54 - [MESSAGE][PASSED] - Delayed 3 second(s)

2018-05-19 18:15:54 - [TEST_STEP][PASSED] - click: Object: 'Object Repository/HealthpostToStore/Page_Store/a_dropdown-toggle' is clicked on

2018-05-19 18:15:54 - [MESSAGE][PASSED] - Object: 'Object Repository/HealthpostToStore/Page_Store/a_dropdown-toggle' is clicked on

2018-05-19 18:15:54 - [TEST_STEP][PASSED] - click: Object: 'Object Repository/HealthpostToStore/Page_Store/a_Sign out' is clicked on

2018-05-19 18:15:55 - [MESSAGE][PASSED] - Object: 'Object Repository/HealthpostToStore/Page_Store/a_Sign out' is clicked on

2018-05-19 18:15:55 - [TEST_STEP][PASSED] - closeBrowser: Browser is closed

2018-05-19 18:15:56 - [MESSAGE][PASSED] - Browser is closed]]></system-out>
         <system-err><![CDATA[]]></system-err>
      </testcase>
      <testcase name="Test Cases/HEALTHPOST TEST CASES/TC_HP_002 Verify Schedule 2 Healthpost Request Are Working Successfully Or Not" classname="Test Cases/HEALTHPOST TEST CASES/TC_HP_002 Verify Schedule 2 Healthpost Request Are Working Successfully Or Not" status="FAILED">
         <failure type="FAILED" message="Unable to select option by index '2' of object 'Object Repository/HealthpostToStore/Page_HealthPost Store/select_--Select--Schedule 1Inj' (Root cause: com.kms.katalon.core.webui.exception.WebElementNotFoundException: Web element with id: 'Object Repository/HealthpostToStore/Page_HealthPost Store/select_--Select--Schedule 1Inj' located by 'By.xpath: id(&quot;optcategory&quot;)[count(. | //select[@id = 'optcategory']) = count(//select[@id = 'optcategory'])]' not found)"/>
         <system-out><![CDATA[2018-05-19 18:15:56 - [TEST_CASE][FAILED] - Test Cases/HEALTHPOST TEST CASES/TC_HP_002 Verify Schedule 2 Healthpost Request Are Working Successfully Or Not: Test Cases/HEALTHPOST TEST CASES/TC_HP_002 Verify Schedule 2 Healthpost Request Are Working Successfully Or Not FAILED because (of) Unable to select option by index '2' of object 'Object Repository/HealthpostToStore/Page_HealthPost Store/select_--Select--Schedule 1Inj' (Root cause: com.kms.katalon.core.webui.exception.WebElementNotFoundException: Web element with id: 'Object Repository/HealthpostToStore/Page_HealthPost Store/select_--Select--Schedule 1Inj' located by 'By.xpath: id("optcategory")[count(. | //select[@id = 'optcategory']) = count(//select[@id = 'optcategory'])]' not found)

2018-05-19 18:15:56 - [TEST_STEP][PASSED] - openBrowser: Browser is opened with url: ''

2018-05-19 18:15:58 - [MESSAGE][PASSED] - Browser is opened with url: ''

2018-05-19 18:15:58 - [TEST_STEP][PASSED] - navigateToUrl: Navigate to 'http://192.168.137.1/multihospital_new/HDSplashscreen.aspx' successfully

2018-05-19 18:16:02 - [MESSAGE][PASSED] - Navigate to 'http://192.168.137.1/multihospital_new/HDSplashscreen.aspx' successfully

2018-05-19 18:16:02 - [TEST_STEP][PASSED] - maximizeWindow: Current window maximized

2018-05-19 18:16:03 - [MESSAGE][PASSED] - Current window maximized

2018-05-19 18:16:03 - [TEST_STEP][PASSED] - click: Object: 'Object Repository/HealthpostToStore/Page_KDMC/a_Healthpost Store' is clicked on

2018-05-19 18:16:04 - [MESSAGE][PASSED] - Object: 'Object Repository/HealthpostToStore/Page_KDMC/a_Healthpost Store' is clicked on

2018-05-19 18:16:04 - [TEST_STEP][PASSED] - setText: Text 'raguram' is set on object 'Object Repository/HealthpostToStore/Page_HealthPost Store Login/input_txtusername'

2018-05-19 18:16:04 - [MESSAGE][PASSED] - Text 'raguram' is set on object 'Object Repository/HealthpostToStore/Page_HealthPost Store Login/input_txtusername'

2018-05-19 18:16:04 - [TEST_STEP][PASSED] - setText: Text '123' is set on object 'Object Repository/HealthpostToStore/Page_HealthPost Store Login/input_txtpassword'

2018-05-19 18:16:04 - [MESSAGE][PASSED] - Text '123' is set on object 'Object Repository/HealthpostToStore/Page_HealthPost Store Login/input_txtpassword'

2018-05-19 18:16:04 - [TEST_STEP][PASSED] - delay: Delayed 3 second(s)

2018-05-19 18:16:07 - [MESSAGE][PASSED] - Delayed 3 second(s)

2018-05-19 18:16:07 - [TEST_STEP][PASSED] - sendKeys: Keys 'ENTER + ' sent to object: 'Object Repository/HealthpostToStore/Page_HealthPost Store Login/input_txtpassword'

2018-05-19 18:16:08 - [MESSAGE][PASSED] - Keys 'ENTER + ' sent to object: 'Object Repository/HealthpostToStore/Page_HealthPost Store Login/input_txtpassword'

2018-05-19 18:16:08 - [TEST_STEP][PASSED] - delay: Delayed 3 second(s)

2018-05-19 18:16:11 - [MESSAGE][PASSED] - Delayed 3 second(s)

2018-05-19 18:16:11 - [TEST_STEP][PASSED] - doubleClick: Object: 'Object Repository/HealthpostToStore/Page_HealthPost Store/a_Request to Store' is double clicked on

2018-05-19 18:16:11 - [MESSAGE][PASSED] - Object: 'Object Repository/HealthpostToStore/Page_HealthPost Store/a_Request to Store' is double clicked on

2018-05-19 18:16:11 - [TEST_STEP][PASSED] - doubleClick: Object: 'Object Repository/HealthpostToStore/Page_HealthPost Store/a_Medicine Request' is double clicked on

2018-05-19 18:16:11 - [MESSAGE][PASSED] - Object: 'Object Repository/HealthpostToStore/Page_HealthPost Store/a_Medicine Request' is double clicked on

2018-05-19 18:16:11 - [TEST_STEP][FAILED] - selectOptionByIndex: Unable to select option by index '2' of object 'Object Repository/HealthpostToStore/Page_HealthPost Store/select_--Select--Schedule 1Inj' (Root cause: com.kms.katalon.core.webui.exception.WebElementNotFoundException: Web element with id: 'Object Repository/HealthpostToStore/Page_HealthPost Store/select_--Select--Schedule 1Inj' located by 'By.xpath: id("optcategory")[count(. | //select[@id = 'optcategory']) = count(//select[@id = 'optcategory'])]' not found)

2018-05-19 18:16:43 - [MESSAGE][FAILED] - Unable to select option by index '2' of object 'Object Repository/HealthpostToStore/Page_HealthPost Store/select_--Select--Schedule 1Inj' (Root cause: com.kms.katalon.core.webui.exception.WebElementNotFoundException: Web element with id: 'Object Repository/HealthpostToStore/Page_HealthPost Store/select_--Select--Schedule 1Inj' located by 'By.xpath: id("optcategory")[count(. | //select[@id = 'optcategory']) = count(//select[@id = 'optcategory'])]' not found)
[[ATTACHMENT|C:\\Users\\Quality Analyst\\Katalon Studio\\ds\\Reports\\HealthPost_Store_Suite\\20180519_180732\\1526734003069.png]]]]></system-out>
         <system-err><![CDATA[2018-05-19 18:15:56 - [TEST_CASE][FAILED] - Test Cases/HEALTHPOST TEST CASES/TC_HP_002 Verify Schedule 2 Healthpost Request Are Working Successfully Or Not: Test Cases/HEALTHPOST TEST CASES/TC_HP_002 Verify Schedule 2 Healthpost Request Are Working Successfully Or Not FAILED because (of) Unable to select option by index '2' of object 'Object Repository/HealthpostToStore/Page_HealthPost Store/select_--Select--Schedule 1Inj' (Root cause: com.kms.katalon.core.webui.exception.WebElementNotFoundException: Web element with id: 'Object Repository/HealthpostToStore/Page_HealthPost Store/select_--Select--Schedule 1Inj' located by 'By.xpath: id("optcategory")[count(. | //select[@id = 'optcategory']) = count(//select[@id = 'optcategory'])]' not found)]]></system-err>
      </testcase>
      <testcase name="Test Cases/HEALTHPOST TEST CASES/TC_HP_003 Verify Schedule 3 Healthpost Request Are Working Successfully Or Not" classname="Test Cases/HEALTHPOST TEST CASES/TC_HP_003 Verify Schedule 3 Healthpost Request Are Working Successfully Or Not" status="PASSED">
         <system-out><![CDATA[2018-05-19 18:16:43 - [TEST_CASE][PASSED] - Test Cases/HEALTHPOST TEST CASES/TC_HP_003 Verify Schedule 3 Healthpost Request Are Working Successfully Or Not: Test Cases/HEALTHPOST TEST CASES/TC_HP_003 Verify Schedule 3 Healthpost Request Are Working Successfully Or Not

2018-05-19 18:16:43 - [TEST_STEP][PASSED] - openBrowser: Browser is opened with url: ''

2018-05-19 18:16:43 - [MESSAGE][WARNING] - A browser is already opened. Closing browser and opening a new one

2018-05-19 18:16:46 - [MESSAGE][PASSED] - Browser is opened with url: ''

2018-05-19 18:16:46 - [TEST_STEP][PASSED] - navigateToUrl: Navigate to 'http://192.168.137.1/multihospital_new/HDSplashscreen.aspx' successfully

2018-05-19 18:16:48 - [MESSAGE][PASSED] - Navigate to 'http://192.168.137.1/multihospital_new/HDSplashscreen.aspx' successfully

2018-05-19 18:16:48 - [TEST_STEP][PASSED] - maximizeWindow: Current window maximized

2018-05-19 18:16:50 - [MESSAGE][PASSED] - Current window maximized

2018-05-19 18:16:50 - [TEST_STEP][PASSED] - click: Object: 'Object Repository/HealthpostToStore/Page_KDMC/a_Healthpost Store' is clicked on

2018-05-19 18:16:50 - [MESSAGE][PASSED] - Object: 'Object Repository/HealthpostToStore/Page_KDMC/a_Healthpost Store' is clicked on

2018-05-19 18:16:50 - [TEST_STEP][PASSED] - setText: Text 'raguram' is set on object 'Object Repository/HealthpostToStore/Page_HealthPost Store Login/input_txtusername'

2018-05-19 18:16:50 - [MESSAGE][PASSED] - Text 'raguram' is set on object 'Object Repository/HealthpostToStore/Page_HealthPost Store Login/input_txtusername'

2018-05-19 18:16:50 - [TEST_STEP][PASSED] - setText: Text '123' is set on object 'Object Repository/HealthpostToStore/Page_HealthPost Store Login/input_txtpassword'

2018-05-19 18:16:50 - [MESSAGE][PASSED] - Text '123' is set on object 'Object Repository/HealthpostToStore/Page_HealthPost Store Login/input_txtpassword'

2018-05-19 18:16:50 - [TEST_STEP][PASSED] - delay: Delayed 3 second(s)

2018-05-19 18:16:53 - [MESSAGE][PASSED] - Delayed 3 second(s)

2018-05-19 18:16:53 - [TEST_STEP][PASSED] - sendKeys: Keys 'ENTER + ' sent to object: 'Object Repository/HealthpostToStore/Page_HealthPost Store Login/input_txtpassword'

2018-05-19 18:16:54 - [MESSAGE][PASSED] - Keys 'ENTER + ' sent to object: 'Object Repository/HealthpostToStore/Page_HealthPost Store Login/input_txtpassword'

2018-05-19 18:16:54 - [TEST_STEP][PASSED] - delay: Delayed 3 second(s)

2018-05-19 18:16:57 - [MESSAGE][PASSED] - Delayed 3 second(s)

2018-05-19 18:16:57 - [TEST_STEP][PASSED] - doubleClick: Object: 'Object Repository/HealthpostToStore/Page_HealthPost Store/a_Request to Store' is double clicked on

2018-05-19 18:16:58 - [MESSAGE][PASSED] - Object: 'Object Repository/HealthpostToStore/Page_HealthPost Store/a_Request to Store' is double clicked on

2018-05-19 18:16:58 - [TEST_STEP][PASSED] - delay: Delayed 1 second(s)

2018-05-19 18:16:59 - [MESSAGE][PASSED] - Delayed 1 second(s)

2018-05-19 18:16:59 - [TEST_STEP][PASSED] - doubleClick: Object: 'Object Repository/HealthpostToStore/Page_HealthPost Store/a_Medicine Request' is double clicked on

2018-05-19 18:16:59 - [MESSAGE][PASSED] - Object: 'Object Repository/HealthpostToStore/Page_HealthPost Store/a_Medicine Request' is double clicked on

2018-05-19 18:16:59 - [TEST_STEP][PASSED] - delay: Delayed 1 second(s)

2018-05-19 18:17:00 - [MESSAGE][PASSED] - Delayed 1 second(s)

2018-05-19 18:17:00 - [TEST_STEP][PASSED] - selectOptionByIndex: All options with index in [3] are selected on object 'Object Repository/HealthpostToStore/Page_HealthPost Store/select_--Select--Schedule 1Inj'

2018-05-19 18:17:00 - [MESSAGE][PASSED] - All options with index in [3] are selected on object 'Object Repository/HealthpostToStore/Page_HealthPost Store/select_--Select--Schedule 1Inj'

2018-05-19 18:17:00 - [TEST_STEP][PASSED] - Statement - medicineslength = com.kms.katalon.core.webui.keyword.WebUiBuiltInKeywords.getNumberOfTotalOption(com.kms.katalon.core.testobject.ObjectRepository.findTestObject(HealthpostToStore/Page_HealthPost Store/select_--Select--Adernaline 0.)): 37 options of object 'Object Repository/HealthpostToStore/Page_HealthPost Store/select_--Select--Adernaline 0.' counted

2018-05-19 18:17:00 - [MESSAGE][PASSED] - 37 options of object 'Object Repository/HealthpostToStore/Page_HealthPost Store/select_--Select--Adernaline 0.' counted

2018-05-19 18:17:00 - [TEST_STEP][PASSED] - Statement - For ([e = 1, e <= medicineslength - 1, (e++)]): Object: 'Object Repository/HealthpostToStore/Page_HealthPost Store/button_Add' is double clicked on

2018-05-19 18:17:00 - [TEST_STEP][PASSED] - selectOptionByIndex: All options with index in [3] are selected on object 'Object Repository/HealthpostToStore/Page_HealthPost Store/select_--Select--Schedule 1Inj'

2018-05-19 18:17:00 - [MESSAGE][PASSED] - All options with index in [3] are selected on object 'Object Repository/HealthpostToStore/Page_HealthPost Store/select_--Select--Schedule 1Inj'

2018-05-19 18:17:00 - [TEST_STEP][PASSED] - delay: Delayed 1 second(s)

2018-05-19 18:17:01 - [MESSAGE][PASSED] - Delayed 1 second(s)

2018-05-19 18:17:01 - [TEST_STEP][PASSED] - selectOptionByIndex: All options with index in [1] are selected on object 'Object Repository/HealthpostToStore/Page_HealthPost Store/select_--Select--Adernaline 0.'

2018-05-19 18:17:02 - [MESSAGE][PASSED] - All options with index in [1] are selected on object 'Object Repository/HealthpostToStore/Page_HealthPost Store/select_--Select--Adernaline 0.'

2018-05-19 18:17:02 - [TEST_STEP][PASSED] - setText: Text '10' is set on object 'Object Repository/HealthpostToStore/Page_HealthPost Store/input_txttreat'

2018-05-19 18:17:02 - [MESSAGE][PASSED] - Text '10' is set on object 'Object Repository/HealthpostToStore/Page_HealthPost Store/input_txttreat'

2018-05-19 18:17:02 - [TEST_STEP][PASSED] - doubleClick: Object: 'Object Repository/HealthpostToStore/Page_HealthPost Store/button_Add' is double clicked on

2018-05-19 18:17:02 - [MESSAGE][PASSED] - Object: 'Object Repository/HealthpostToStore/Page_HealthPost Store/button_Add' is double clicked on

2018-05-19 18:17:02 - [TEST_STEP][PASSED] - selectOptionByIndex: All options with index in [3] are selected on object 'Object Repository/HealthpostToStore/Page_HealthPost Store/select_--Select--Schedule 1Inj'

2018-05-19 18:17:02 - [MESSAGE][PASSED] - All options with index in [3] are selected on object 'Object Repository/HealthpostToStore/Page_HealthPost Store/select_--Select--Schedule 1Inj'

2018-05-19 18:17:02 - [TEST_STEP][PASSED] - delay: Delayed 1 second(s)

2018-05-19 18:17:03 - [MESSAGE][PASSED] - Delayed 1 second(s)

2018-05-19 18:17:03 - [TEST_STEP][PASSED] - selectOptionByIndex: All options with index in [2] are selected on object 'Object Repository/HealthpostToStore/Page_HealthPost Store/select_--Select--Adernaline 0.'

2018-05-19 18:17:03 - [MESSAGE][PASSED] - All options with index in [2] are selected on object 'Object Repository/HealthpostToStore/Page_HealthPost Store/select_--Select--Adernaline 0.'

2018-05-19 18:17:03 - [TEST_STEP][PASSED] - setText: Text '10' is set on object 'Object Repository/HealthpostToStore/Page_HealthPost Store/input_txttreat'

2018-05-19 18:17:03 - [MESSAGE][PASSED] - Text '10' is set on object 'Object Repository/HealthpostToStore/Page_HealthPost Store/input_txttreat'

2018-05-19 18:17:03 - [TEST_STEP][PASSED] - doubleClick: Object: 'Object Repository/HealthpostToStore/Page_HealthPost Store/button_Add' is double clicked on

2018-05-19 18:17:03 - [MESSAGE][PASSED] - Object: 'Object Repository/HealthpostToStore/Page_HealthPost Store/button_Add' is double clicked on

2018-05-19 18:17:03 - [TEST_STEP][PASSED] - selectOptionByIndex: All options with index in [3] are selected on object 'Object Repository/HealthpostToStore/Page_HealthPost Store/select_--Select--Schedule 1Inj'

2018-05-19 18:17:03 - [MESSAGE][PASSED] - All options with index in [3] are selected on object 'Object Repository/HealthpostToStore/Page_HealthPost Store/select_--Select--Schedule 1Inj'

2018-05-19 18:17:03 - [TEST_STEP][PASSED] - delay: Delayed 1 second(s)

2018-05-19 18:17:04 - [MESSAGE][PASSED] - Delayed 1 second(s)

2018-05-19 18:17:04 - [TEST_STEP][PASSED] - selectOptionByIndex: All options with index in [3] are selected on object 'Object Repository/HealthpostToStore/Page_HealthPost Store/select_--Select--Adernaline 0.'

2018-05-19 18:17:05 - [MESSAGE][PASSED] - All options with index in [3] are selected on object 'Object Repository/HealthpostToStore/Page_HealthPost Store/select_--Select--Adernaline 0.'

2018-05-19 18:17:05 - [TEST_STEP][PASSED] - setText: Text '10' is set on object 'Object Repository/HealthpostToStore/Page_HealthPost Store/input_txttreat'

2018-05-19 18:17:05 - [MESSAGE][PASSED] - Text '10' is set on object 'Object Repository/HealthpostToStore/Page_HealthPost Store/input_txttreat'

2018-05-19 18:17:05 - [TEST_STEP][PASSED] - doubleClick: Object: 'Object Repository/HealthpostToStore/Page_HealthPost Store/button_Add' is double clicked on

2018-05-19 18:17:05 - [MESSAGE][PASSED] - Object: 'Object Repository/HealthpostToStore/Page_HealthPost Store/button_Add' is double clicked on

2018-05-19 18:17:05 - [TEST_STEP][PASSED] - selectOptionByIndex: All options with index in [3] are selected on object 'Object Repository/HealthpostToStore/Page_HealthPost Store/select_--Select--Schedule 1Inj'

2018-05-19 18:17:05 - [MESSAGE][PASSED] - All options with index in [3] are selected on object 'Object Repository/HealthpostToStore/Page_HealthPost Store/select_--Select--Schedule 1Inj'

2018-05-19 18:17:05 - [TEST_STEP][PASSED] - delay: Delayed 1 second(s)

2018-05-19 18:17:06 - [MESSAGE][PASSED] - Delayed 1 second(s)

2018-05-19 18:17:06 - [TEST_STEP][PASSED] - selectOptionByIndex: All options with index in [4] are selected on object 'Object Repository/HealthpostToStore/Page_HealthPost Store/select_--Select--Adernaline 0.'

2018-05-19 18:17:06 - [MESSAGE][PASSED] - All options with index in [4] are selected on object 'Object Repository/HealthpostToStore/Page_HealthPost Store/select_--Select--Adernaline 0.'

2018-05-19 18:17:06 - [TEST_STEP][PASSED] - setText: Text '10' is set on object 'Object Repository/HealthpostToStore/Page_HealthPost Store/input_txttreat'

2018-05-19 18:17:06 - [MESSAGE][PASSED] - Text '10' is set on object 'Object Repository/HealthpostToStore/Page_HealthPost Store/input_txttreat'

2018-05-19 18:17:06 - [TEST_STEP][PASSED] - doubleClick: Object: 'Object Repository/HealthpostToStore/Page_HealthPost Store/button_Add' is double clicked on

2018-05-19 18:17:06 - [MESSAGE][PASSED] - Object: 'Object Repository/HealthpostToStore/Page_HealthPost Store/button_Add' is double clicked on

2018-05-19 18:17:06 - [TEST_STEP][PASSED] - selectOptionByIndex: All options with index in [3] are selected on object 'Object Repository/HealthpostToStore/Page_HealthPost Store/select_--Select--Schedule 1Inj'

2018-05-19 18:17:07 - [MESSAGE][PASSED] - All options with index in [3] are selected on object 'Object Repository/HealthpostToStore/Page_HealthPost Store/select_--Select--Schedule 1Inj'

2018-05-19 18:17:07 - [TEST_STEP][PASSED] - delay: Delayed 1 second(s)

2018-05-19 18:17:08 - [MESSAGE][PASSED] - Delayed 1 second(s)

2018-05-19 18:17:08 - [TEST_STEP][PASSED] - selectOptionByIndex: All options with index in [5] are selected on object 'Object Repository/HealthpostToStore/Page_HealthPost Store/select_--Select--Adernaline 0.'

2018-05-19 18:17:08 - [MESSAGE][PASSED] - All options with index in [5] are selected on object 'Object Repository/HealthpostToStore/Page_HealthPost Store/select_--Select--Adernaline 0.'

2018-05-19 18:17:08 - [TEST_STEP][PASSED] - setText: Text '10' is set on object 'Object Repository/HealthpostToStore/Page_HealthPost Store/input_txttreat'

2018-05-19 18:17:08 - [MESSAGE][PASSED] - Text '10' is set on object 'Object Repository/HealthpostToStore/Page_HealthPost Store/input_txttreat'

2018-05-19 18:17:08 - [TEST_STEP][PASSED] - doubleClick: Object: 'Object Repository/HealthpostToStore/Page_HealthPost Store/button_Add' is double clicked on

2018-05-19 18:17:08 - [MESSAGE][PASSED] - Object: 'Object Repository/HealthpostToStore/Page_HealthPost Store/button_Add' is double clicked on

2018-05-19 18:17:08 - [TEST_STEP][PASSED] - selectOptionByIndex: All options with index in [3] are selected on object 'Object Repository/HealthpostToStore/Page_HealthPost Store/select_--Select--Schedule 1Inj'

2018-05-19 18:17:08 - [MESSAGE][PASSED] - All options with index in [3] are selected on object 'Object Repository/HealthpostToStore/Page_HealthPost Store/select_--Select--Schedule 1Inj'

2018-05-19 18:17:08 - [TEST_STEP][PASSED] - delay: Delayed 1 second(s)

2018-05-19 18:17:09 - [MESSAGE][PASSED] - Delayed 1 second(s)

2018-05-19 18:17:09 - [TEST_STEP][PASSED] - selectOptionByIndex: All options with index in [6] are selected on object 'Object Repository/HealthpostToStore/Page_HealthPost Store/select_--Select--Adernaline 0.'

2018-05-19 18:17:09 - [MESSAGE][PASSED] - All options with index in [6] are selected on object 'Object Repository/HealthpostToStore/Page_HealthPost Store/select_--Select--Adernaline 0.'

2018-05-19 18:17:09 - [TEST_STEP][PASSED] - setText: Text '10' is set on object 'Object Repository/HealthpostToStore/Page_HealthPost Store/input_txttreat'

2018-05-19 18:17:09 - [MESSAGE][PASSED] - Text '10' is set on object 'Object Repository/HealthpostToStore/Page_HealthPost Store/input_txttreat'

2018-05-19 18:17:09 - [TEST_STEP][PASSED] - doubleClick: Object: 'Object Repository/HealthpostToStore/Page_HealthPost Store/button_Add' is double clicked on

2018-05-19 18:17:09 - [MESSAGE][PASSED] - Object: 'Object Repository/HealthpostToStore/Page_HealthPost Store/button_Add' is double clicked on

2018-05-19 18:17:09 - [TEST_STEP][PASSED] - selectOptionByIndex: All options with index in [3] are selected on object 'Object Repository/HealthpostToStore/Page_HealthPost Store/select_--Select--Schedule 1Inj'

2018-05-19 18:17:10 - [MESSAGE][PASSED] - All options with index in [3] are selected on object 'Object Repository/HealthpostToStore/Page_HealthPost Store/select_--Select--Schedule 1Inj'

2018-05-19 18:17:10 - [TEST_STEP][PASSED] - delay: Delayed 1 second(s)

2018-05-19 18:17:11 - [MESSAGE][PASSED] - Delayed 1 second(s)

2018-05-19 18:17:11 - [TEST_STEP][PASSED] - selectOptionByIndex: All options with index in [7] are selected on object 'Object Repository/HealthpostToStore/Page_HealthPost Store/select_--Select--Adernaline 0.'

2018-05-19 18:17:11 - [MESSAGE][PASSED] - All options with index in [7] are selected on object 'Object Repository/HealthpostToStore/Page_HealthPost Store/select_--Select--Adernaline 0.'

2018-05-19 18:17:11 - [TEST_STEP][PASSED] - setText: Text '10' is set on object 'Object Repository/HealthpostToStore/Page_HealthPost Store/input_txttreat'

2018-05-19 18:17:11 - [MESSAGE][PASSED] - Text '10' is set on object 'Object Repository/HealthpostToStore/Page_HealthPost Store/input_txttreat'

2018-05-19 18:17:11 - [TEST_STEP][PASSED] - doubleClick: Object: 'Object Repository/HealthpostToStore/Page_HealthPost Store/button_Add' is double clicked on

2018-05-19 18:17:11 - [MESSAGE][PASSED] - Object: 'Object Repository/HealthpostToStore/Page_HealthPost Store/button_Add' is double clicked on

2018-05-19 18:17:11 - [TEST_STEP][PASSED] - selectOptionByIndex: All options with index in [3] are selected on object 'Object Repository/HealthpostToStore/Page_HealthPost Store/select_--Select--Schedule 1Inj'

2018-05-19 18:17:11 - [MESSAGE][PASSED] - All options with index in [3] are selected on object 'Object Repository/HealthpostToStore/Page_HealthPost Store/select_--Select--Schedule 1Inj'

2018-05-19 18:17:11 - [TEST_STEP][PASSED] - delay: Delayed 1 second(s)

2018-05-19 18:17:12 - [MESSAGE][PASSED] - Delayed 1 second(s)

2018-05-19 18:17:12 - [TEST_STEP][PASSED] - selectOptionByIndex: All options with index in [8] are selected on object 'Object Repository/HealthpostToStore/Page_HealthPost Store/select_--Select--Adernaline 0.'

2018-05-19 18:17:12 - [MESSAGE][PASSED] - All options with index in [8] are selected on object 'Object Repository/HealthpostToStore/Page_HealthPost Store/select_--Select--Adernaline 0.'

2018-05-19 18:17:12 - [TEST_STEP][PASSED] - setText: Text '10' is set on object 'Object Repository/HealthpostToStore/Page_HealthPost Store/input_txttreat'

2018-05-19 18:17:12 - [MESSAGE][PASSED] - Text '10' is set on object 'Object Repository/HealthpostToStore/Page_HealthPost Store/input_txttreat'

2018-05-19 18:17:12 - [TEST_STEP][PASSED] - doubleClick: Object: 'Object Repository/HealthpostToStore/Page_HealthPost Store/button_Add' is double clicked on

2018-05-19 18:17:13 - [MESSAGE][PASSED] - Object: 'Object Repository/HealthpostToStore/Page_HealthPost Store/button_Add' is double clicked on

2018-05-19 18:17:13 - [TEST_STEP][PASSED] - selectOptionByIndex: All options with index in [3] are selected on object 'Object Repository/HealthpostToStore/Page_HealthPost Store/select_--Select--Schedule 1Inj'

2018-05-19 18:17:13 - [MESSAGE][PASSED] - All options with index in [3] are selected on object 'Object Repository/HealthpostToStore/Page_HealthPost Store/select_--Select--Schedule 1Inj'

2018-05-19 18:17:13 - [TEST_STEP][PASSED] - delay: Delayed 1 second(s)

2018-05-19 18:17:14 - [MESSAGE][PASSED] - Delayed 1 second(s)

2018-05-19 18:17:14 - [TEST_STEP][PASSED] - selectOptionByIndex: All options with index in [9] are selected on object 'Object Repository/HealthpostToStore/Page_HealthPost Store/select_--Select--Adernaline 0.'

2018-05-19 18:17:14 - [MESSAGE][PASSED] - All options with index in [9] are selected on object 'Object Repository/HealthpostToStore/Page_HealthPost Store/select_--Select--Adernaline 0.'

2018-05-19 18:17:14 - [TEST_STEP][PASSED] - setText: Text '10' is set on object 'Object Repository/HealthpostToStore/Page_HealthPost Store/input_txttreat'

2018-05-19 18:17:14 - [MESSAGE][PASSED] - Text '10' is set on object 'Object Repository/HealthpostToStore/Page_HealthPost Store/input_txttreat'

2018-05-19 18:17:14 - [TEST_STEP][PASSED] - doubleClick: Object: 'Object Repository/HealthpostToStore/Page_HealthPost Store/button_Add' is double clicked on

2018-05-19 18:17:14 - [MESSAGE][PASSED] - Object: 'Object Repository/HealthpostToStore/Page_HealthPost Store/button_Add' is double clicked on

2018-05-19 18:17:14 - [TEST_STEP][PASSED] - selectOptionByIndex: All options with index in [3] are selected on object 'Object Repository/HealthpostToStore/Page_HealthPost Store/select_--Select--Schedule 1Inj'

2018-05-19 18:17:14 - [MESSAGE][PASSED] - All options with index in [3] are selected on object 'Object Repository/HealthpostToStore/Page_HealthPost Store/select_--Select--Schedule 1Inj'

2018-05-19 18:17:14 - [TEST_STEP][PASSED] - delay: Delayed 1 second(s)

2018-05-19 18:17:15 - [MESSAGE][PASSED] - Delayed 1 second(s)

2018-05-19 18:17:15 - [TEST_STEP][PASSED] - selectOptionByIndex: All options with index in [10] are selected on object 'Object Repository/HealthpostToStore/Page_HealthPost Store/select_--Select--Adernaline 0.'

2018-05-19 18:17:16 - [MESSAGE][PASSED] - All options with index in [10] are selected on object 'Object Repository/HealthpostToStore/Page_HealthPost Store/select_--Select--Adernaline 0.'

2018-05-19 18:17:16 - [TEST_STEP][PASSED] - setText: Text '10' is set on object 'Object Repository/HealthpostToStore/Page_HealthPost Store/input_txttreat'

2018-05-19 18:17:16 - [MESSAGE][PASSED] - Text '10' is set on object 'Object Repository/HealthpostToStore/Page_HealthPost Store/input_txttreat'

2018-05-19 18:17:16 - [TEST_STEP][PASSED] - doubleClick: Object: 'Object Repository/HealthpostToStore/Page_HealthPost Store/button_Add' is double clicked on

2018-05-19 18:17:16 - [MESSAGE][PASSED] - Object: 'Object Repository/HealthpostToStore/Page_HealthPost Store/button_Add' is double clicked on

2018-05-19 18:17:16 - [TEST_STEP][PASSED] - selectOptionByIndex: All options with index in [3] are selected on object 'Object Repository/HealthpostToStore/Page_HealthPost Store/select_--Select--Schedule 1Inj'

2018-05-19 18:17:16 - [MESSAGE][PASSED] - All options with index in [3] are selected on object 'Object Repository/HealthpostToStore/Page_HealthPost Store/select_--Select--Schedule 1Inj'

2018-05-19 18:17:16 - [TEST_STEP][PASSED] - delay: Delayed 1 second(s)

2018-05-19 18:17:17 - [MESSAGE][PASSED] - Delayed 1 second(s)

2018-05-19 18:17:17 - [TEST_STEP][PASSED] - selectOptionByIndex: All options with index in [11] are selected on object 'Object Repository/HealthpostToStore/Page_HealthPost Store/select_--Select--Adernaline 0.'

2018-05-19 18:17:17 - [MESSAGE][PASSED] - All options with index in [11] are selected on object 'Object Repository/HealthpostToStore/Page_HealthPost Store/select_--Select--Adernaline 0.'

2018-05-19 18:17:17 - [TEST_STEP][PASSED] - setText: Text '10' is set on object 'Object Repository/HealthpostToStore/Page_HealthPost Store/input_txttreat'

2018-05-19 18:17:17 - [MESSAGE][PASSED] - Text '10' is set on object 'Object Repository/HealthpostToStore/Page_HealthPost Store/input_txttreat'

2018-05-19 18:17:17 - [TEST_STEP][PASSED] - doubleClick: Object: 'Object Repository/HealthpostToStore/Page_HealthPost Store/button_Add' is double clicked on

2018-05-19 18:17:17 - [MESSAGE][PASSED] - Object: 'Object Repository/HealthpostToStore/Page_HealthPost Store/button_Add' is double clicked on

2018-05-19 18:17:17 - [TEST_STEP][PASSED] - selectOptionByIndex: All options with index in [3] are selected on object 'Object Repository/HealthpostToStore/Page_HealthPost Store/select_--Select--Schedule 1Inj'

2018-05-19 18:17:18 - [MESSAGE][PASSED] - All options with index in [3] are selected on object 'Object Repository/HealthpostToStore/Page_HealthPost Store/select_--Select--Schedule 1Inj'

2018-05-19 18:17:18 - [TEST_STEP][PASSED] - delay: Delayed 1 second(s)

2018-05-19 18:17:19 - [MESSAGE][PASSED] - Delayed 1 second(s)

2018-05-19 18:17:19 - [TEST_STEP][PASSED] - selectOptionByIndex: All options with index in [12] are selected on object 'Object Repository/HealthpostToStore/Page_HealthPost Store/select_--Select--Adernaline 0.'

2018-05-19 18:17:19 - [MESSAGE][PASSED] - All options with index in [12] are selected on object 'Object Repository/HealthpostToStore/Page_HealthPost Store/select_--Select--Adernaline 0.'

2018-05-19 18:17:19 - [TEST_STEP][PASSED] - setText: Text '10' is set on object 'Object Repository/HealthpostToStore/Page_HealthPost Store/input_txttreat'

2018-05-19 18:17:19 - [MESSAGE][PASSED] - Text '10' is set on object 'Object Repository/HealthpostToStore/Page_HealthPost Store/input_txttreat'

2018-05-19 18:17:19 - [TEST_STEP][PASSED] - doubleClick: Object: 'Object Repository/HealthpostToStore/Page_HealthPost Store/button_Add' is double clicked on

2018-05-19 18:17:19 - [MESSAGE][PASSED] - Object: 'Object Repository/HealthpostToStore/Page_HealthPost Store/button_Add' is double clicked on

2018-05-19 18:17:19 - [TEST_STEP][PASSED] - selectOptionByIndex: All options with index in [3] are selected on object 'Object Repository/HealthpostToStore/Page_HealthPost Store/select_--Select--Schedule 1Inj'

2018-05-19 18:17:19 - [MESSAGE][PASSED] - All options with index in [3] are selected on object 'Object Repository/HealthpostToStore/Page_HealthPost Store/select_--Select--Schedule 1Inj'

2018-05-19 18:17:19 - [TEST_STEP][PASSED] - delay: Delayed 1 second(s)

2018-05-19 18:17:20 - [MESSAGE][PASSED] - Delayed 1 second(s)

2018-05-19 18:17:20 - [TEST_STEP][PASSED] - selectOptionByIndex: All options with index in [13] are selected on object 'Object Repository/HealthpostToStore/Page_HealthPost Store/select_--Select--Adernaline 0.'

2018-05-19 18:17:20 - [MESSAGE][PASSED] - All options with index in [13] are selected on object 'Object Repository/HealthpostToStore/Page_HealthPost Store/select_--Select--Adernaline 0.'

2018-05-19 18:17:20 - [TEST_STEP][PASSED] - setText: Text '10' is set on object 'Object Repository/HealthpostToStore/Page_HealthPost Store/input_txttreat'

2018-05-19 18:17:20 - [MESSAGE][PASSED] - Text '10' is set on object 'Object Repository/HealthpostToStore/Page_HealthPost Store/input_txttreat'

2018-05-19 18:17:20 - [TEST_STEP][PASSED] - doubleClick: Object: 'Object Repository/HealthpostToStore/Page_HealthPost Store/button_Add' is double clicked on

2018-05-19 18:17:21 - [MESSAGE][PASSED] - Object: 'Object Repository/HealthpostToStore/Page_HealthPost Store/button_Add' is double clicked on

2018-05-19 18:17:21 - [TEST_STEP][PASSED] - selectOptionByIndex: All options with index in [3] are selected on object 'Object Repository/HealthpostToStore/Page_HealthPost Store/select_--Select--Schedule 1Inj'

2018-05-19 18:17:21 - [MESSAGE][PASSED] - All options with index in [3] are selected on object 'Object Repository/HealthpostToStore/Page_HealthPost Store/select_--Select--Schedule 1Inj'

2018-05-19 18:17:21 - [TEST_STEP][PASSED] - delay: Delayed 1 second(s)

2018-05-19 18:17:22 - [MESSAGE][PASSED] - Delayed 1 second(s)

2018-05-19 18:17:22 - [TEST_STEP][PASSED] - selectOptionByIndex: All options with index in [14] are selected on object 'Object Repository/HealthpostToStore/Page_HealthPost Store/select_--Select--Adernaline 0.'

2018-05-19 18:17:22 - [MESSAGE][PASSED] - All options with index in [14] are selected on object 'Object Repository/HealthpostToStore/Page_HealthPost Store/select_--Select--Adernaline 0.'

2018-05-19 18:17:22 - [TEST_STEP][PASSED] - setText: Text '10' is set on object 'Object Repository/HealthpostToStore/Page_HealthPost Store/input_txttreat'

2018-05-19 18:17:22 - [MESSAGE][PASSED] - Text '10' is set on object 'Object Repository/HealthpostToStore/Page_HealthPost Store/input_txttreat'

2018-05-19 18:17:22 - [TEST_STEP][PASSED] - doubleClick: Object: 'Object Repository/HealthpostToStore/Page_HealthPost Store/button_Add' is double clicked on

2018-05-19 18:17:22 - [MESSAGE][PASSED] - Object: 'Object Repository/HealthpostToStore/Page_HealthPost Store/button_Add' is double clicked on

2018-05-19 18:17:22 - [TEST_STEP][PASSED] - selectOptionByIndex: All options with index in [3] are selected on object 'Object Repository/HealthpostToStore/Page_HealthPost Store/select_--Select--Schedule 1Inj'

2018-05-19 18:17:22 - [MESSAGE][PASSED] - All options with index in [3] are selected on object 'Object Repository/HealthpostToStore/Page_HealthPost Store/select_--Select--Schedule 1Inj'

2018-05-19 18:17:22 - [TEST_STEP][PASSED] - delay: Delayed 1 second(s)

2018-05-19 18:17:23 - [MESSAGE][PASSED] - Delayed 1 second(s)

2018-05-19 18:17:23 - [TEST_STEP][PASSED] - selectOptionByIndex: All options with index in [15] are selected on object 'Object Repository/HealthpostToStore/Page_HealthPost Store/select_--Select--Adernaline 0.'

2018-05-19 18:17:24 - [MESSAGE][PASSED] - All options with index in [15] are selected on object 'Object Repository/HealthpostToStore/Page_HealthPost Store/select_--Select--Adernaline 0.'

2018-05-19 18:17:24 - [TEST_STEP][PASSED] - setText: Text '10' is set on object 'Object Repository/HealthpostToStore/Page_HealthPost Store/input_txttreat'

2018-05-19 18:17:24 - [MESSAGE][PASSED] - Text '10' is set on object 'Object Repository/HealthpostToStore/Page_HealthPost Store/input_txttreat'

2018-05-19 18:17:24 - [TEST_STEP][PASSED] - doubleClick: Object: 'Object Repository/HealthpostToStore/Page_HealthPost Store/button_Add' is double clicked on

2018-05-19 18:17:24 - [MESSAGE][PASSED] - Object: 'Object Repository/HealthpostToStore/Page_HealthPost Store/button_Add' is double clicked on

2018-05-19 18:17:24 - [TEST_STEP][PASSED] - selectOptionByIndex: All options with index in [3] are selected on object 'Object Repository/HealthpostToStore/Page_HealthPost Store/select_--Select--Schedule 1Inj'

2018-05-19 18:17:24 - [MESSAGE][PASSED] - All options with index in [3] are selected on object 'Object Repository/HealthpostToStore/Page_HealthPost Store/select_--Select--Schedule 1Inj'

2018-05-19 18:17:24 - [TEST_STEP][PASSED] - delay: Delayed 1 second(s)

2018-05-19 18:17:25 - [MESSAGE][PASSED] - Delayed 1 second(s)

2018-05-19 18:17:25 - [TEST_STEP][PASSED] - selectOptionByIndex: All options with index in [16] are selected on object 'Object Repository/HealthpostToStore/Page_HealthPost Store/select_--Select--Adernaline 0.'

2018-05-19 18:17:25 - [MESSAGE][PASSED] - All options with index in [16] are selected on object 'Object Repository/HealthpostToStore/Page_HealthPost Store/select_--Select--Adernaline 0.'

2018-05-19 18:17:25 - [TEST_STEP][PASSED] - setText: Text '10' is set on object 'Object Repository/HealthpostToStore/Page_HealthPost Store/input_txttreat'

2018-05-19 18:17:25 - [MESSAGE][PASSED] - Text '10' is set on object 'Object Repository/HealthpostToStore/Page_HealthPost Store/input_txttreat'

2018-05-19 18:17:25 - [TEST_STEP][PASSED] - doubleClick: Object: 'Object Repository/HealthpostToStore/Page_HealthPost Store/button_Add' is double clicked on

2018-05-19 18:17:25 - [MESSAGE][PASSED] - Object: 'Object Repository/HealthpostToStore/Page_HealthPost Store/button_Add' is double clicked on

2018-05-19 18:17:25 - [TEST_STEP][PASSED] - selectOptionByIndex: All options with index in [3] are selected on object 'Object Repository/HealthpostToStore/Page_HealthPost Store/select_--Select--Schedule 1Inj'

2018-05-19 18:17:26 - [MESSAGE][PASSED] - All options with index in [3] are selected on object 'Object Repository/HealthpostToStore/Page_HealthPost Store/select_--Select--Schedule 1Inj'

2018-05-19 18:17:26 - [TEST_STEP][PASSED] - delay: Delayed 1 second(s)

2018-05-19 18:17:27 - [MESSAGE][PASSED] - Delayed 1 second(s)

2018-05-19 18:17:27 - [TEST_STEP][PASSED] - selectOptionByIndex: All options with index in [17] are selected on object 'Object Repository/HealthpostToStore/Page_HealthPost Store/select_--Select--Adernaline 0.'

2018-05-19 18:17:27 - [MESSAGE][PASSED] - All options with index in [17] are selected on object 'Object Repository/HealthpostToStore/Page_HealthPost Store/select_--Select--Adernaline 0.'

2018-05-19 18:17:27 - [TEST_STEP][PASSED] - setText: Text '10' is set on object 'Object Repository/HealthpostToStore/Page_HealthPost Store/input_txttreat'

2018-05-19 18:17:27 - [MESSAGE][PASSED] - Text '10' is set on object 'Object Repository/HealthpostToStore/Page_HealthPost Store/input_txttreat'

2018-05-19 18:17:27 - [TEST_STEP][PASSED] - doubleClick: Object: 'Object Repository/HealthpostToStore/Page_HealthPost Store/button_Add' is double clicked on

2018-05-19 18:17:27 - [MESSAGE][PASSED] - Object: 'Object Repository/HealthpostToStore/Page_HealthPost Store/button_Add' is double clicked on

2018-05-19 18:17:27 - [TEST_STEP][PASSED] - selectOptionByIndex: All options with index in [3] are selected on object 'Object Repository/HealthpostToStore/Page_HealthPost Store/select_--Select--Schedule 1Inj'

2018-05-19 18:17:27 - [MESSAGE][PASSED] - All options with index in [3] are selected on object 'Object Repository/HealthpostToStore/Page_HealthPost Store/select_--Select--Schedule 1Inj'

2018-05-19 18:17:27 - [TEST_STEP][PASSED] - delay: Delayed 1 second(s)

2018-05-19 18:17:28 - [MESSAGE][PASSED] - Delayed 1 second(s)

2018-05-19 18:17:28 - [TEST_STEP][PASSED] - selectOptionByIndex: All options with index in [18] are selected on object 'Object Repository/HealthpostToStore/Page_HealthPost Store/select_--Select--Adernaline 0.'

2018-05-19 18:17:29 - [MESSAGE][PASSED] - All options with index in [18] are selected on object 'Object Repository/HealthpostToStore/Page_HealthPost Store/select_--Select--Adernaline 0.'

2018-05-19 18:17:29 - [TEST_STEP][PASSED] - setText: Text '10' is set on object 'Object Repository/HealthpostToStore/Page_HealthPost Store/input_txttreat'

2018-05-19 18:17:29 - [MESSAGE][PASSED] - Text '10' is set on object 'Object Repository/HealthpostToStore/Page_HealthPost Store/input_txttreat'

2018-05-19 18:17:29 - [TEST_STEP][PASSED] - doubleClick: Object: 'Object Repository/HealthpostToStore/Page_HealthPost Store/button_Add' is double clicked on

2018-05-19 18:17:29 - [MESSAGE][PASSED] - Object: 'Object Repository/HealthpostToStore/Page_HealthPost Store/button_Add' is double clicked on

2018-05-19 18:17:29 - [TEST_STEP][PASSED] - selectOptionByIndex: All options with index in [3] are selected on object 'Object Repository/HealthpostToStore/Page_HealthPost Store/select_--Select--Schedule 1Inj'

2018-05-19 18:17:29 - [MESSAGE][PASSED] - All options with index in [3] are selected on object 'Object Repository/HealthpostToStore/Page_HealthPost Store/select_--Select--Schedule 1Inj'

2018-05-19 18:17:29 - [TEST_STEP][PASSED] - delay: Delayed 1 second(s)

2018-05-19 18:17:30 - [MESSAGE][PASSED] - Delayed 1 second(s)

2018-05-19 18:17:30 - [TEST_STEP][PASSED] - selectOptionByIndex: All options with index in [19] are selected on object 'Object Repository/HealthpostToStore/Page_HealthPost Store/select_--Select--Adernaline 0.'

2018-05-19 18:17:31 - [MESSAGE][PASSED] - All options with index in [19] are selected on object 'Object Repository/HealthpostToStore/Page_HealthPost Store/select_--Select--Adernaline 0.'

2018-05-19 18:17:31 - [TEST_STEP][PASSED] - setText: Text '10' is set on object 'Object Repository/HealthpostToStore/Page_HealthPost Store/input_txttreat'

2018-05-19 18:17:31 - [MESSAGE][PASSED] - Text '10' is set on object 'Object Repository/HealthpostToStore/Page_HealthPost Store/input_txttreat'

2018-05-19 18:17:31 - [TEST_STEP][PASSED] - doubleClick: Object: 'Object Repository/HealthpostToStore/Page_HealthPost Store/button_Add' is double clicked on

2018-05-19 18:17:31 - [MESSAGE][PASSED] - Object: 'Object Repository/HealthpostToStore/Page_HealthPost Store/button_Add' is double clicked on

2018-05-19 18:17:31 - [TEST_STEP][PASSED] - selectOptionByIndex: All options with index in [3] are selected on object 'Object Repository/HealthpostToStore/Page_HealthPost Store/select_--Select--Schedule 1Inj'

2018-05-19 18:17:31 - [MESSAGE][PASSED] - All options with index in [3] are selected on object 'Object Repository/HealthpostToStore/Page_HealthPost Store/select_--Select--Schedule 1Inj'

2018-05-19 18:17:31 - [TEST_STEP][PASSED] - delay: Delayed 1 second(s)

2018-05-19 18:17:32 - [MESSAGE][PASSED] - Delayed 1 second(s)

2018-05-19 18:17:32 - [TEST_STEP][PASSED] - selectOptionByIndex: All options with index in [20] are selected on object 'Object Repository/HealthpostToStore/Page_HealthPost Store/select_--Select--Adernaline 0.'

2018-05-19 18:17:32 - [MESSAGE][PASSED] - All options with index in [20] are selected on object 'Object Repository/HealthpostToStore/Page_HealthPost Store/select_--Select--Adernaline 0.'

2018-05-19 18:17:32 - [TEST_STEP][PASSED] - setText: Text '10' is set on object 'Object Repository/HealthpostToStore/Page_HealthPost Store/input_txttreat'

2018-05-19 18:17:32 - [MESSAGE][PASSED] - Text '10' is set on object 'Object Repository/HealthpostToStore/Page_HealthPost Store/input_txttreat'

2018-05-19 18:17:32 - [TEST_STEP][PASSED] - doubleClick: Object: 'Object Repository/HealthpostToStore/Page_HealthPost Store/button_Add' is double clicked on

2018-05-19 18:17:32 - [MESSAGE][PASSED] - Object: 'Object Repository/HealthpostToStore/Page_HealthPost Store/button_Add' is double clicked on

2018-05-19 18:17:32 - [TEST_STEP][PASSED] - selectOptionByIndex: All options with index in [3] are selected on object 'Object Repository/HealthpostToStore/Page_HealthPost Store/select_--Select--Schedule 1Inj'

2018-05-19 18:17:33 - [MESSAGE][PASSED] - All options with index in [3] are selected on object 'Object Repository/HealthpostToStore/Page_HealthPost Store/select_--Select--Schedule 1Inj'

2018-05-19 18:17:33 - [TEST_STEP][PASSED] - delay: Delayed 1 second(s)

2018-05-19 18:17:34 - [MESSAGE][PASSED] - Delayed 1 second(s)

2018-05-19 18:17:34 - [TEST_STEP][PASSED] - selectOptionByIndex: All options with index in [21] are selected on object 'Object Repository/HealthpostToStore/Page_HealthPost Store/select_--Select--Adernaline 0.'

2018-05-19 18:17:34 - [MESSAGE][PASSED] - All options with index in [21] are selected on object 'Object Repository/HealthpostToStore/Page_HealthPost Store/select_--Select--Adernaline 0.'

2018-05-19 18:17:34 - [TEST_STEP][PASSED] - setText: Text '10' is set on object 'Object Repository/HealthpostToStore/Page_HealthPost Store/input_txttreat'

2018-05-19 18:17:34 - [MESSAGE][PASSED] - Text '10' is set on object 'Object Repository/HealthpostToStore/Page_HealthPost Store/input_txttreat'

2018-05-19 18:17:34 - [TEST_STEP][PASSED] - doubleClick: Object: 'Object Repository/HealthpostToStore/Page_HealthPost Store/button_Add' is double clicked on

2018-05-19 18:17:34 - [MESSAGE][PASSED] - Object: 'Object Repository/HealthpostToStore/Page_HealthPost Store/button_Add' is double clicked on

2018-05-19 18:17:34 - [TEST_STEP][PASSED] - selectOptionByIndex: All options with index in [3] are selected on object 'Object Repository/HealthpostToStore/Page_HealthPost Store/select_--Select--Schedule 1Inj'

2018-05-19 18:17:34 - [MESSAGE][PASSED] - All options with index in [3] are selected on object 'Object Repository/HealthpostToStore/Page_HealthPost Store/select_--Select--Schedule 1Inj'

2018-05-19 18:17:34 - [TEST_STEP][PASSED] - delay: Delayed 1 second(s)

2018-05-19 18:17:35 - [MESSAGE][PASSED] - Delayed 1 second(s)

2018-05-19 18:17:35 - [TEST_STEP][PASSED] - selectOptionByIndex: All options with index in [22] are selected on object 'Object Repository/HealthpostToStore/Page_HealthPost Store/select_--Select--Adernaline 0.'

2018-05-19 18:17:36 - [MESSAGE][PASSED] - All options with index in [22] are selected on object 'Object Repository/HealthpostToStore/Page_HealthPost Store/select_--Select--Adernaline 0.'

2018-05-19 18:17:36 - [TEST_STEP][PASSED] - setText: Text '10' is set on object 'Object Repository/HealthpostToStore/Page_HealthPost Store/input_txttreat'

2018-05-19 18:17:36 - [MESSAGE][PASSED] - Text '10' is set on object 'Object Repository/HealthpostToStore/Page_HealthPost Store/input_txttreat'

2018-05-19 18:17:36 - [TEST_STEP][PASSED] - doubleClick: Object: 'Object Repository/HealthpostToStore/Page_HealthPost Store/button_Add' is double clicked on

2018-05-19 18:17:36 - [MESSAGE][PASSED] - Object: 'Object Repository/HealthpostToStore/Page_HealthPost Store/button_Add' is double clicked on

2018-05-19 18:17:36 - [TEST_STEP][PASSED] - selectOptionByIndex: All options with index in [3] are selected on object 'Object Repository/HealthpostToStore/Page_HealthPost Store/select_--Select--Schedule 1Inj'

2018-05-19 18:17:36 - [MESSAGE][PASSED] - All options with index in [3] are selected on object 'Object Repository/HealthpostToStore/Page_HealthPost Store/select_--Select--Schedule 1Inj'

2018-05-19 18:17:36 - [TEST_STEP][PASSED] - delay: Delayed 1 second(s)

2018-05-19 18:17:37 - [MESSAGE][PASSED] - Delayed 1 second(s)

2018-05-19 18:17:37 - [TEST_STEP][PASSED] - selectOptionByIndex: All options with index in [23] are selected on object 'Object Repository/HealthpostToStore/Page_HealthPost Store/select_--Select--Adernaline 0.'

2018-05-19 18:17:38 - [MESSAGE][PASSED] - All options with index in [23] are selected on object 'Object Repository/HealthpostToStore/Page_HealthPost Store/select_--Select--Adernaline 0.'

2018-05-19 18:17:38 - [TEST_STEP][PASSED] - setText: Text '10' is set on object 'Object Repository/HealthpostToStore/Page_HealthPost Store/input_txttreat'

2018-05-19 18:17:38 - [MESSAGE][PASSED] - Text '10' is set on object 'Object Repository/HealthpostToStore/Page_HealthPost Store/input_txttreat'

2018-05-19 18:17:38 - [TEST_STEP][PASSED] - doubleClick: Object: 'Object Repository/HealthpostToStore/Page_HealthPost Store/button_Add' is double clicked on

2018-05-19 18:17:38 - [MESSAGE][PASSED] - Object: 'Object Repository/HealthpostToStore/Page_HealthPost Store/button_Add' is double clicked on

2018-05-19 18:17:38 - [TEST_STEP][PASSED] - selectOptionByIndex: All options with index in [3] are selected on object 'Object Repository/HealthpostToStore/Page_HealthPost Store/select_--Select--Schedule 1Inj'

2018-05-19 18:17:38 - [MESSAGE][PASSED] - All options with index in [3] are selected on object 'Object Repository/HealthpostToStore/Page_HealthPost Store/select_--Select--Schedule 1Inj'

2018-05-19 18:17:38 - [TEST_STEP][PASSED] - delay: Delayed 1 second(s)

2018-05-19 18:17:39 - [MESSAGE][PASSED] - Delayed 1 second(s)

2018-05-19 18:17:39 - [TEST_STEP][PASSED] - selectOptionByIndex: All options with index in [24] are selected on object 'Object Repository/HealthpostToStore/Page_HealthPost Store/select_--Select--Adernaline 0.'

2018-05-19 18:17:39 - [MESSAGE][PASSED] - All options with index in [24] are selected on object 'Object Repository/HealthpostToStore/Page_HealthPost Store/select_--Select--Adernaline 0.'

2018-05-19 18:17:39 - [TEST_STEP][PASSED] - setText: Text '10' is set on object 'Object Repository/HealthpostToStore/Page_HealthPost Store/input_txttreat'

2018-05-19 18:17:39 - [MESSAGE][PASSED] - Text '10' is set on object 'Object Repository/HealthpostToStore/Page_HealthPost Store/input_txttreat'

2018-05-19 18:17:39 - [TEST_STEP][PASSED] - doubleClick: Object: 'Object Repository/HealthpostToStore/Page_HealthPost Store/button_Add' is double clicked on

2018-05-19 18:17:39 - [MESSAGE][PASSED] - Object: 'Object Repository/HealthpostToStore/Page_HealthPost Store/button_Add' is double clicked on

2018-05-19 18:17:39 - [TEST_STEP][PASSED] - selectOptionByIndex: All options with index in [3] are selected on object 'Object Repository/HealthpostToStore/Page_HealthPost Store/select_--Select--Schedule 1Inj'

2018-05-19 18:17:40 - [MESSAGE][PASSED] - All options with index in [3] are selected on object 'Object Repository/HealthpostToStore/Page_HealthPost Store/select_--Select--Schedule 1Inj'

2018-05-19 18:17:40 - [TEST_STEP][PASSED] - delay: Delayed 1 second(s)

2018-05-19 18:17:41 - [MESSAGE][PASSED] - Delayed 1 second(s)

2018-05-19 18:17:41 - [TEST_STEP][PASSED] - selectOptionByIndex: All options with index in [25] are selected on object 'Object Repository/HealthpostToStore/Page_HealthPost Store/select_--Select--Adernaline 0.'

2018-05-19 18:17:41 - [MESSAGE][PASSED] - All options with index in [25] are selected on object 'Object Repository/HealthpostToStore/Page_HealthPost Store/select_--Select--Adernaline 0.'

2018-05-19 18:17:41 - [TEST_STEP][PASSED] - setText: Text '10' is set on object 'Object Repository/HealthpostToStore/Page_HealthPost Store/input_txttreat'

2018-05-19 18:17:41 - [MESSAGE][PASSED] - Text '10' is set on object 'Object Repository/HealthpostToStore/Page_HealthPost Store/input_txttreat'

2018-05-19 18:17:41 - [TEST_STEP][PASSED] - doubleClick: Object: 'Object Repository/HealthpostToStore/Page_HealthPost Store/button_Add' is double clicked on

2018-05-19 18:17:41 - [MESSAGE][PASSED] - Object: 'Object Repository/HealthpostToStore/Page_HealthPost Store/button_Add' is double clicked on

2018-05-19 18:17:41 - [TEST_STEP][PASSED] - selectOptionByIndex: All options with index in [3] are selected on object 'Object Repository/HealthpostToStore/Page_HealthPost Store/select_--Select--Schedule 1Inj'

2018-05-19 18:17:41 - [MESSAGE][PASSED] - All options with index in [3] are selected on object 'Object Repository/HealthpostToStore/Page_HealthPost Store/select_--Select--Schedule 1Inj'

2018-05-19 18:17:41 - [TEST_STEP][PASSED] - delay: Delayed 1 second(s)

2018-05-19 18:17:42 - [MESSAGE][PASSED] - Delayed 1 second(s)

2018-05-19 18:17:42 - [TEST_STEP][PASSED] - selectOptionByIndex: All options with index in [26] are selected on object 'Object Repository/HealthpostToStore/Page_HealthPost Store/select_--Select--Adernaline 0.'

2018-05-19 18:17:43 - [MESSAGE][PASSED] - All options with index in [26] are selected on object 'Object Repository/HealthpostToStore/Page_HealthPost Store/select_--Select--Adernaline 0.'

2018-05-19 18:17:43 - [TEST_STEP][PASSED] - setText: Text '10' is set on object 'Object Repository/HealthpostToStore/Page_HealthPost Store/input_txttreat'

2018-05-19 18:17:43 - [MESSAGE][PASSED] - Text '10' is set on object 'Object Repository/HealthpostToStore/Page_HealthPost Store/input_txttreat'

2018-05-19 18:17:43 - [TEST_STEP][PASSED] - doubleClick: Object: 'Object Repository/HealthpostToStore/Page_HealthPost Store/button_Add' is double clicked on

2018-05-19 18:17:43 - [MESSAGE][PASSED] - Object: 'Object Repository/HealthpostToStore/Page_HealthPost Store/button_Add' is double clicked on

2018-05-19 18:17:43 - [TEST_STEP][PASSED] - selectOptionByIndex: All options with index in [3] are selected on object 'Object Repository/HealthpostToStore/Page_HealthPost Store/select_--Select--Schedule 1Inj'

2018-05-19 18:17:43 - [MESSAGE][PASSED] - All options with index in [3] are selected on object 'Object Repository/HealthpostToStore/Page_HealthPost Store/select_--Select--Schedule 1Inj'

2018-05-19 18:17:43 - [TEST_STEP][PASSED] - delay: Delayed 1 second(s)

2018-05-19 18:17:44 - [MESSAGE][PASSED] - Delayed 1 second(s)

2018-05-19 18:17:44 - [TEST_STEP][PASSED] - selectOptionByIndex: All options with index in [27] are selected on object 'Object Repository/HealthpostToStore/Page_HealthPost Store/select_--Select--Adernaline 0.'

2018-05-19 18:17:45 - [MESSAGE][PASSED] - All options with index in [27] are selected on object 'Object Repository/HealthpostToStore/Page_HealthPost Store/select_--Select--Adernaline 0.'

2018-05-19 18:17:45 - [TEST_STEP][PASSED] - setText: Text '10' is set on object 'Object Repository/HealthpostToStore/Page_HealthPost Store/input_txttreat'

2018-05-19 18:17:45 - [MESSAGE][PASSED] - Text '10' is set on object 'Object Repository/HealthpostToStore/Page_HealthPost Store/input_txttreat'

2018-05-19 18:17:45 - [TEST_STEP][PASSED] - doubleClick: Object: 'Object Repository/HealthpostToStore/Page_HealthPost Store/button_Add' is double clicked on

2018-05-19 18:17:45 - [MESSAGE][PASSED] - Object: 'Object Repository/HealthpostToStore/Page_HealthPost Store/button_Add' is double clicked on

2018-05-19 18:17:45 - [TEST_STEP][PASSED] - selectOptionByIndex: All options with index in [3] are selected on object 'Object Repository/HealthpostToStore/Page_HealthPost Store/select_--Select--Schedule 1Inj'

2018-05-19 18:17:45 - [MESSAGE][PASSED] - All options with index in [3] are selected on object 'Object Repository/HealthpostToStore/Page_HealthPost Store/select_--Select--Schedule 1Inj'

2018-05-19 18:17:45 - [TEST_STEP][PASSED] - delay: Delayed 1 second(s)

2018-05-19 18:17:46 - [MESSAGE][PASSED] - Delayed 1 second(s)

2018-05-19 18:17:46 - [TEST_STEP][PASSED] - selectOptionByIndex: All options with index in [28] are selected on object 'Object Repository/HealthpostToStore/Page_HealthPost Store/select_--Select--Adernaline 0.'

2018-05-19 18:17:47 - [MESSAGE][PASSED] - All options with index in [28] are selected on object 'Object Repository/HealthpostToStore/Page_HealthPost Store/select_--Select--Adernaline 0.'

2018-05-19 18:17:47 - [TEST_STEP][PASSED] - setText: Text '10' is set on object 'Object Repository/HealthpostToStore/Page_HealthPost Store/input_txttreat'

2018-05-19 18:17:47 - [MESSAGE][PASSED] - Text '10' is set on object 'Object Repository/HealthpostToStore/Page_HealthPost Store/input_txttreat'

2018-05-19 18:17:47 - [TEST_STEP][PASSED] - doubleClick: Object: 'Object Repository/HealthpostToStore/Page_HealthPost Store/button_Add' is double clicked on

2018-05-19 18:17:47 - [MESSAGE][PASSED] - Object: 'Object Repository/HealthpostToStore/Page_HealthPost Store/button_Add' is double clicked on

2018-05-19 18:17:47 - [TEST_STEP][PASSED] - selectOptionByIndex: All options with index in [3] are selected on object 'Object Repository/HealthpostToStore/Page_HealthPost Store/select_--Select--Schedule 1Inj'

2018-05-19 18:17:47 - [MESSAGE][PASSED] - All options with index in [3] are selected on object 'Object Repository/HealthpostToStore/Page_HealthPost Store/select_--Select--Schedule 1Inj'

2018-05-19 18:17:47 - [TEST_STEP][PASSED] - delay: Delayed 1 second(s)

2018-05-19 18:17:48 - [MESSAGE][PASSED] - Delayed 1 second(s)

2018-05-19 18:17:48 - [TEST_STEP][PASSED] - selectOptionByIndex: All options with index in [29] are selected on object 'Object Repository/HealthpostToStore/Page_HealthPost Store/select_--Select--Adernaline 0.'

2018-05-19 18:17:48 - [MESSAGE][PASSED] - All options with index in [29] are selected on object 'Object Repository/HealthpostToStore/Page_HealthPost Store/select_--Select--Adernaline 0.'

2018-05-19 18:17:48 - [TEST_STEP][PASSED] - setText: Text '10' is set on object 'Object Repository/HealthpostToStore/Page_HealthPost Store/input_txttreat'

2018-05-19 18:17:49 - [MESSAGE][PASSED] - Text '10' is set on object 'Object Repository/HealthpostToStore/Page_HealthPost Store/input_txttreat'

2018-05-19 18:17:49 - [TEST_STEP][PASSED] - doubleClick: Object: 'Object Repository/HealthpostToStore/Page_HealthPost Store/button_Add' is double clicked on

2018-05-19 18:17:49 - [MESSAGE][PASSED] - Object: 'Object Repository/HealthpostToStore/Page_HealthPost Store/button_Add' is double clicked on

2018-05-19 18:17:49 - [TEST_STEP][PASSED] - selectOptionByIndex: All options with index in [3] are selected on object 'Object Repository/HealthpostToStore/Page_HealthPost Store/select_--Select--Schedule 1Inj'

2018-05-19 18:17:49 - [MESSAGE][PASSED] - All options with index in [3] are selected on object 'Object Repository/HealthpostToStore/Page_HealthPost Store/select_--Select--Schedule 1Inj'

2018-05-19 18:17:49 - [TEST_STEP][PASSED] - delay: Delayed 1 second(s)

2018-05-19 18:17:50 - [MESSAGE][PASSED] - Delayed 1 second(s)

2018-05-19 18:17:50 - [TEST_STEP][PASSED] - selectOptionByIndex: All options with index in [30] are selected on object 'Object Repository/HealthpostToStore/Page_HealthPost Store/select_--Select--Adernaline 0.'

2018-05-19 18:17:50 - [MESSAGE][PASSED] - All options with index in [30] are selected on object 'Object Repository/HealthpostToStore/Page_HealthPost Store/select_--Select--Adernaline 0.'

2018-05-19 18:17:50 - [TEST_STEP][PASSED] - setText: Text '10' is set on object 'Object Repository/HealthpostToStore/Page_HealthPost Store/input_txttreat'

2018-05-19 18:17:50 - [MESSAGE][PASSED] - Text '10' is set on object 'Object Repository/HealthpostToStore/Page_HealthPost Store/input_txttreat'

2018-05-19 18:17:50 - [TEST_STEP][PASSED] - doubleClick: Object: 'Object Repository/HealthpostToStore/Page_HealthPost Store/button_Add' is double clicked on

2018-05-19 18:17:50 - [MESSAGE][PASSED] - Object: 'Object Repository/HealthpostToStore/Page_HealthPost Store/button_Add' is double clicked on

2018-05-19 18:17:50 - [TEST_STEP][PASSED] - selectOptionByIndex: All options with index in [3] are selected on object 'Object Repository/HealthpostToStore/Page_HealthPost Store/select_--Select--Schedule 1Inj'

2018-05-19 18:17:51 - [MESSAGE][PASSED] - All options with index in [3] are selected on object 'Object Repository/HealthpostToStore/Page_HealthPost Store/select_--Select--Schedule 1Inj'

2018-05-19 18:17:51 - [TEST_STEP][PASSED] - delay: Delayed 1 second(s)

2018-05-19 18:17:52 - [MESSAGE][PASSED] - Delayed 1 second(s)

2018-05-19 18:17:52 - [TEST_STEP][PASSED] - selectOptionByIndex: All options with index in [31] are selected on object 'Object Repository/HealthpostToStore/Page_HealthPost Store/select_--Select--Adernaline 0.'

2018-05-19 18:17:52 - [MESSAGE][PASSED] - All options with index in [31] are selected on object 'Object Repository/HealthpostToStore/Page_HealthPost Store/select_--Select--Adernaline 0.'

2018-05-19 18:17:52 - [TEST_STEP][PASSED] - setText: Text '10' is set on object 'Object Repository/HealthpostToStore/Page_HealthPost Store/input_txttreat'

2018-05-19 18:17:52 - [MESSAGE][PASSED] - Text '10' is set on object 'Object Repository/HealthpostToStore/Page_HealthPost Store/input_txttreat'

2018-05-19 18:17:52 - [TEST_STEP][PASSED] - doubleClick: Object: 'Object Repository/HealthpostToStore/Page_HealthPost Store/button_Add' is double clicked on

2018-05-19 18:17:52 - [MESSAGE][PASSED] - Object: 'Object Repository/HealthpostToStore/Page_HealthPost Store/button_Add' is double clicked on

2018-05-19 18:17:52 - [TEST_STEP][PASSED] - selectOptionByIndex: All options with index in [3] are selected on object 'Object Repository/HealthpostToStore/Page_HealthPost Store/select_--Select--Schedule 1Inj'

2018-05-19 18:17:53 - [MESSAGE][PASSED] - All options with index in [3] are selected on object 'Object Repository/HealthpostToStore/Page_HealthPost Store/select_--Select--Schedule 1Inj'

2018-05-19 18:17:53 - [TEST_STEP][PASSED] - delay: Delayed 1 second(s)

2018-05-19 18:17:54 - [MESSAGE][PASSED] - Delayed 1 second(s)

2018-05-19 18:17:54 - [TEST_STEP][PASSED] - selectOptionByIndex: All options with index in [32] are selected on object 'Object Repository/HealthpostToStore/Page_HealthPost Store/select_--Select--Adernaline 0.'

2018-05-19 18:17:54 - [MESSAGE][PASSED] - All options with index in [32] are selected on object 'Object Repository/HealthpostToStore/Page_HealthPost Store/select_--Select--Adernaline 0.'

2018-05-19 18:17:54 - [TEST_STEP][PASSED] - setText: Text '10' is set on object 'Object Repository/HealthpostToStore/Page_HealthPost Store/input_txttreat'

2018-05-19 18:17:54 - [MESSAGE][PASSED] - Text '10' is set on object 'Object Repository/HealthpostToStore/Page_HealthPost Store/input_txttreat'

2018-05-19 18:17:54 - [TEST_STEP][PASSED] - doubleClick: Object: 'Object Repository/HealthpostToStore/Page_HealthPost Store/button_Add' is double clicked on

2018-05-19 18:17:54 - [MESSAGE][PASSED] - Object: 'Object Repository/HealthpostToStore/Page_HealthPost Store/button_Add' is double clicked on

2018-05-19 18:17:54 - [TEST_STEP][PASSED] - selectOptionByIndex: All options with index in [3] are selected on object 'Object Repository/HealthpostToStore/Page_HealthPost Store/select_--Select--Schedule 1Inj'

2018-05-19 18:17:55 - [MESSAGE][PASSED] - All options with index in [3] are selected on object 'Object Repository/HealthpostToStore/Page_HealthPost Store/select_--Select--Schedule 1Inj'

2018-05-19 18:17:55 - [TEST_STEP][PASSED] - delay: Delayed 1 second(s)

2018-05-19 18:17:56 - [MESSAGE][PASSED] - Delayed 1 second(s)

2018-05-19 18:17:56 - [TEST_STEP][PASSED] - selectOptionByIndex: All options with index in [33] are selected on object 'Object Repository/HealthpostToStore/Page_HealthPost Store/select_--Select--Adernaline 0.'

2018-05-19 18:17:56 - [MESSAGE][PASSED] - All options with index in [33] are selected on object 'Object Repository/HealthpostToStore/Page_HealthPost Store/select_--Select--Adernaline 0.'

2018-05-19 18:17:56 - [TEST_STEP][PASSED] - setText: Text '10' is set on object 'Object Repository/HealthpostToStore/Page_HealthPost Store/input_txttreat'

2018-05-19 18:17:56 - [MESSAGE][PASSED] - Text '10' is set on object 'Object Repository/HealthpostToStore/Page_HealthPost Store/input_txttreat'

2018-05-19 18:17:56 - [TEST_STEP][PASSED] - doubleClick: Object: 'Object Repository/HealthpostToStore/Page_HealthPost Store/button_Add' is double clicked on

2018-05-19 18:17:56 - [MESSAGE][PASSED] - Object: 'Object Repository/HealthpostToStore/Page_HealthPost Store/button_Add' is double clicked on

2018-05-19 18:17:56 - [TEST_STEP][PASSED] - selectOptionByIndex: All options with index in [3] are selected on object 'Object Repository/HealthpostToStore/Page_HealthPost Store/select_--Select--Schedule 1Inj'

2018-05-19 18:17:56 - [MESSAGE][PASSED] - All options with index in [3] are selected on object 'Object Repository/HealthpostToStore/Page_HealthPost Store/select_--Select--Schedule 1Inj'

2018-05-19 18:17:56 - [TEST_STEP][PASSED] - delay: Delayed 1 second(s)

2018-05-19 18:17:57 - [MESSAGE][PASSED] - Delayed 1 second(s)

2018-05-19 18:17:57 - [TEST_STEP][PASSED] - selectOptionByIndex: All options with index in [34] are selected on object 'Object Repository/HealthpostToStore/Page_HealthPost Store/select_--Select--Adernaline 0.'

2018-05-19 18:17:58 - [MESSAGE][PASSED] - All options with index in [34] are selected on object 'Object Repository/HealthpostToStore/Page_HealthPost Store/select_--Select--Adernaline 0.'

2018-05-19 18:17:58 - [TEST_STEP][PASSED] - setText: Text '10' is set on object 'Object Repository/HealthpostToStore/Page_HealthPost Store/input_txttreat'

2018-05-19 18:17:58 - [MESSAGE][PASSED] - Text '10' is set on object 'Object Repository/HealthpostToStore/Page_HealthPost Store/input_txttreat'

2018-05-19 18:17:58 - [TEST_STEP][PASSED] - doubleClick: Object: 'Object Repository/HealthpostToStore/Page_HealthPost Store/button_Add' is double clicked on

2018-05-19 18:17:58 - [MESSAGE][PASSED] - Object: 'Object Repository/HealthpostToStore/Page_HealthPost Store/button_Add' is double clicked on

2018-05-19 18:17:58 - [TEST_STEP][PASSED] - selectOptionByIndex: All options with index in [3] are selected on object 'Object Repository/HealthpostToStore/Page_HealthPost Store/select_--Select--Schedule 1Inj'

2018-05-19 18:17:58 - [MESSAGE][PASSED] - All options with index in [3] are selected on object 'Object Repository/HealthpostToStore/Page_HealthPost Store/select_--Select--Schedule 1Inj'

2018-05-19 18:17:58 - [TEST_STEP][PASSED] - delay: Delayed 1 second(s)

2018-05-19 18:17:59 - [MESSAGE][PASSED] - Delayed 1 second(s)

2018-05-19 18:17:59 - [TEST_STEP][PASSED] - selectOptionByIndex: All options with index in [35] are selected on object 'Object Repository/HealthpostToStore/Page_HealthPost Store/select_--Select--Adernaline 0.'

2018-05-19 18:18:00 - [MESSAGE][PASSED] - All options with index in [35] are selected on object 'Object Repository/HealthpostToStore/Page_HealthPost Store/select_--Select--Adernaline 0.'

2018-05-19 18:18:00 - [TEST_STEP][PASSED] - setText: Text '10' is set on object 'Object Repository/HealthpostToStore/Page_HealthPost Store/input_txttreat'

2018-05-19 18:18:00 - [MESSAGE][PASSED] - Text '10' is set on object 'Object Repository/HealthpostToStore/Page_HealthPost Store/input_txttreat'

2018-05-19 18:18:00 - [TEST_STEP][PASSED] - doubleClick: Object: 'Object Repository/HealthpostToStore/Page_HealthPost Store/button_Add' is double clicked on

2018-05-19 18:18:00 - [MESSAGE][PASSED] - Object: 'Object Repository/HealthpostToStore/Page_HealthPost Store/button_Add' is double clicked on

2018-05-19 18:18:00 - [TEST_STEP][PASSED] - selectOptionByIndex: All options with index in [3] are selected on object 'Object Repository/HealthpostToStore/Page_HealthPost Store/select_--Select--Schedule 1Inj'

2018-05-19 18:18:00 - [MESSAGE][PASSED] - All options with index in [3] are selected on object 'Object Repository/HealthpostToStore/Page_HealthPost Store/select_--Select--Schedule 1Inj'

2018-05-19 18:18:00 - [TEST_STEP][PASSED] - delay: Delayed 1 second(s)

2018-05-19 18:18:01 - [MESSAGE][PASSED] - Delayed 1 second(s)

2018-05-19 18:18:01 - [TEST_STEP][PASSED] - selectOptionByIndex: All options with index in [36] are selected on object 'Object Repository/HealthpostToStore/Page_HealthPost Store/select_--Select--Adernaline 0.'

2018-05-19 18:18:02 - [MESSAGE][PASSED] - All options with index in [36] are selected on object 'Object Repository/HealthpostToStore/Page_HealthPost Store/select_--Select--Adernaline 0.'

2018-05-19 18:18:02 - [TEST_STEP][PASSED] - setText: Text '10' is set on object 'Object Repository/HealthpostToStore/Page_HealthPost Store/input_txttreat'

2018-05-19 18:18:02 - [MESSAGE][PASSED] - Text '10' is set on object 'Object Repository/HealthpostToStore/Page_HealthPost Store/input_txttreat'

2018-05-19 18:18:02 - [TEST_STEP][PASSED] - doubleClick: Object: 'Object Repository/HealthpostToStore/Page_HealthPost Store/button_Add' is double clicked on

2018-05-19 18:18:02 - [MESSAGE][PASSED] - Object: 'Object Repository/HealthpostToStore/Page_HealthPost Store/button_Add' is double clicked on

2018-05-19 18:18:02 - [TEST_STEP][PASSED] - scrollToElement: Scroll to object 'Object Repository/HealthpostToStore/Page_HealthPost Store/input_btnsave' successfully

2018-05-19 18:18:02 - [MESSAGE][PASSED] - Scroll to object 'Object Repository/HealthpostToStore/Page_HealthPost Store/input_btnsave' successfully

2018-05-19 18:18:02 - [TEST_STEP][PASSED] - click: Object: 'Object Repository/HealthpostToStore/Page_HealthPost Store/input_btnsave' is clicked on

2018-05-19 18:18:02 - [MESSAGE][PASSED] - Object: 'Object Repository/HealthpostToStore/Page_HealthPost Store/input_btnsave' is clicked on

2018-05-19 18:18:02 - [TEST_STEP][PASSED] - delay: Delayed 3 second(s)

2018-05-19 18:18:05 - [MESSAGE][PASSED] - Delayed 3 second(s)

2018-05-19 18:18:05 - [TEST_STEP][PASSED] - Statement - RN1 = com.kms.katalon.core.webui.keyword.WebUiBuiltInKeywords.getText(com.kms.katalon.core.testobject.ObjectRepository.findTestObject(HealthpostToStore/Page_HealthPost Store/font_HPRNO180520187)): Text of object 'Object Repository/HealthpostToStore/Page_HealthPost Store/font_HPRNO180520187' is: 'HPRNO/19052018/46'

2018-05-19 18:18:05 - [MESSAGE][PASSED] - Text of object 'Object Repository/HealthpostToStore/Page_HealthPost Store/font_HPRNO180520187' is: 'HPRNO/19052018/46'

2018-05-19 18:18:05 - [TEST_STEP][PASSED] - Statement - out.println(RN1): null

2018-05-19 18:18:05 - [TEST_STEP][PASSED] - Statement - RID = RN1.split("/")[2]: null

2018-05-19 18:18:05 - [TEST_STEP][PASSED] - click: Object: 'Object Repository/HealthpostToStore/Page_HealthPost Store/button_OK' is clicked on

2018-05-19 18:18:07 - [MESSAGE][PASSED] - Object: 'Object Repository/HealthpostToStore/Page_HealthPost Store/button_OK' is clicked on

2018-05-19 18:18:07 - [TEST_STEP][PASSED] - delay: Delayed 3 second(s)

2018-05-19 18:18:10 - [MESSAGE][PASSED] - Delayed 3 second(s)

2018-05-19 18:18:10 - [TEST_STEP][PASSED] - click: Object: 'Object Repository/HealthpostToStore/Page_HealthPost Store/a_dropdown-toggle' is clicked on

2018-05-19 18:18:10 - [MESSAGE][PASSED] - Object: 'Object Repository/HealthpostToStore/Page_HealthPost Store/a_dropdown-toggle' is clicked on

2018-05-19 18:18:10 - [TEST_STEP][PASSED] - click: Object: 'Object Repository/HealthpostToStore/Page_HealthPost Store/a_Sign out' is clicked on

2018-05-19 18:18:10 - [MESSAGE][PASSED] - Object: 'Object Repository/HealthpostToStore/Page_HealthPost Store/a_Sign out' is clicked on

2018-05-19 18:18:10 - [TEST_STEP][PASSED] - delay: Delayed 3 second(s)

2018-05-19 18:18:13 - [MESSAGE][PASSED] - Delayed 3 second(s)

2018-05-19 18:18:13 - [TEST_STEP][PASSED] - navigateToUrl: Navigate to 'http://192.168.137.1/multihospital_new/' successfully

2018-05-19 18:18:16 - [MESSAGE][PASSED] - Navigate to 'http://192.168.137.1/multihospital_new/' successfully

2018-05-19 18:18:16 - [TEST_STEP][PASSED] - click: Object: 'Object Repository/HealthpostToStore/Page_KDMC/a_CMO' is clicked on

2018-05-19 18:18:16 - [MESSAGE][PASSED] - Object: 'Object Repository/HealthpostToStore/Page_KDMC/a_CMO' is clicked on

2018-05-19 18:18:16 - [TEST_STEP][PASSED] - setText: Text 'guru' is set on object 'Object Repository/HealthpostToStore/Page_CMO login/input_txtusername'

2018-05-19 18:18:16 - [MESSAGE][PASSED] - Text 'guru' is set on object 'Object Repository/HealthpostToStore/Page_CMO login/input_txtusername'

2018-05-19 18:18:16 - [TEST_STEP][PASSED] - setText: Text '123' is set on object 'Object Repository/HealthpostToStore/Page_CMO login/input_txtpassword'

2018-05-19 18:18:17 - [MESSAGE][PASSED] - Text '123' is set on object 'Object Repository/HealthpostToStore/Page_CMO login/input_txtpassword'

2018-05-19 18:18:17 - [TEST_STEP][PASSED] - delay: Delayed 3 second(s)

2018-05-19 18:18:20 - [MESSAGE][PASSED] - Delayed 3 second(s)

2018-05-19 18:18:20 - [TEST_STEP][PASSED] - click: Object: 'Object Repository/HealthpostToStore/Page_CMO login/button_Sign in' is clicked on

2018-05-19 18:18:21 - [MESSAGE][PASSED] - Object: 'Object Repository/HealthpostToStore/Page_CMO login/button_Sign in' is clicked on

2018-05-19 18:18:21 - [TEST_STEP][PASSED] - click: Object: 'Object Repository/HealthpostToStore/Page_KDMC - CMO/a_Department Wise Request' is clicked on

2018-05-19 18:18:23 - [MESSAGE][PASSED] - Object: 'Object Repository/HealthpostToStore/Page_KDMC - CMO/a_Department Wise Request' is clicked on

2018-05-19 18:18:23 - [TEST_STEP][PASSED] - delay: Delayed 2 second(s)

2018-05-19 18:18:25 - [MESSAGE][PASSED] - Delayed 2 second(s)

2018-05-19 18:18:25 - [TEST_STEP][PASSED] - selectOptionByIndex: All options with index in [5] are selected on object 'Object Repository/HealthpostToStore/Page_KDMC - CMO/select_--ALL--'

2018-05-19 18:18:25 - [MESSAGE][PASSED] - All options with index in [5] are selected on object 'Object Repository/HealthpostToStore/Page_KDMC - CMO/select_--ALL--'

2018-05-19 18:18:25 - [TEST_STEP][PASSED] - click: Object: 'Object Repository/HealthpostToStore/Page_KDMC - CMO/input_btnsearch' is clicked on

2018-05-19 18:18:25 - [MESSAGE][PASSED] - Object: 'Object Repository/HealthpostToStore/Page_KDMC - CMO/input_btnsearch' is clicked on

2018-05-19 18:18:25 - [TEST_STEP][PASSED] - selectOptionByIndex: All options with index in [1] are selected on object 'Object Repository/HealthpostToStore/Page_KDMC - CMO/select_--ALL--                _1'

2018-05-19 18:18:25 - [MESSAGE][PASSED] - All options with index in [1] are selected on object 'Object Repository/HealthpostToStore/Page_KDMC - CMO/select_--ALL--                _1'

2018-05-19 18:18:25 - [TEST_STEP][PASSED] - click: Object: 'Object Repository/HealthpostToStore/Page_KDMC - CMO/input_btnsearch' is clicked on

2018-05-19 18:18:26 - [MESSAGE][PASSED] - Object: 'Object Repository/HealthpostToStore/Page_KDMC - CMO/input_btnsearch' is clicked on

2018-05-19 18:18:26 - [TEST_STEP][PASSED] - Statement - ID = com.kms.katalon.core.webui.keyword.WebUiBuiltInKeywords.modifyObjectProperty(com.kms.katalon.core.testobject.ObjectRepository.findTestObject(lab/Page_KDMC - CMO/input_1), "xpath", "equals", "//*[@id=" + RID + "]", true): Modify property of object successfully

2018-05-19 18:18:26 - [MESSAGE][PASSED] - Modify property of object successfully

2018-05-19 18:18:26 - [TEST_STEP][PASSED] - click: Object: 'Object Repository/lab/Page_KDMC - CMO/input_1' is clicked on

2018-05-19 18:18:26 - [MESSAGE][PASSED] - Object: 'Object Repository/lab/Page_KDMC - CMO/input_1' is clicked on

2018-05-19 18:18:26 - [TEST_STEP][PASSED] - delay: Delayed 2 second(s)

2018-05-19 18:18:28 - [MESSAGE][PASSED] - Delayed 2 second(s)

2018-05-19 18:18:28 - [TEST_STEP][PASSED] - selectOptionByIndex: All options with index in [1] are selected on object 'Object Repository/HealthpostToStore/Page_KDMC - CMO/select_--Select--'

2018-05-19 18:18:28 - [MESSAGE][PASSED] - All options with index in [1] are selected on object 'Object Repository/HealthpostToStore/Page_KDMC - CMO/select_--Select--'

2018-05-19 18:18:28 - [TEST_STEP][PASSED] - click: Object: 'Object Repository/HealthpostToStore/Page_KDMC - CMO/input_btnupdate' is clicked on

2018-05-19 18:18:28 - [MESSAGE][PASSED] - Object: 'Object Repository/HealthpostToStore/Page_KDMC - CMO/input_btnupdate' is clicked on

2018-05-19 18:18:28 - [TEST_STEP][PASSED] - delay: Delayed 2 second(s)

2018-05-19 18:18:30 - [MESSAGE][PASSED] - Delayed 2 second(s)

2018-05-19 18:18:30 - [TEST_STEP][PASSED] - click: Object: 'Object Repository/HealthpostToStore/Page_KDMC - CMO/button_OK' is clicked on

2018-05-19 18:18:31 - [MESSAGE][PASSED] - Object: 'Object Repository/HealthpostToStore/Page_KDMC - CMO/button_OK' is clicked on

2018-05-19 18:18:31 - [TEST_STEP][PASSED] - delay: Delayed 2 second(s)

2018-05-19 18:18:33 - [MESSAGE][PASSED] - Delayed 2 second(s)

2018-05-19 18:18:33 - [TEST_STEP][PASSED] - click: Object: 'Object Repository/HealthpostToStore/Page_KDMC - CMO/a_dropdown-toggle' is clicked on

2018-05-19 18:18:33 - [MESSAGE][PASSED] - Object: 'Object Repository/HealthpostToStore/Page_KDMC - CMO/a_dropdown-toggle' is clicked on

2018-05-19 18:18:33 - [TEST_STEP][PASSED] - click: Object: 'Object Repository/HealthpostToStore/Page_KDMC - CMO/a_Sign out' is clicked on

2018-05-19 18:18:34 - [MESSAGE][PASSED] - Object: 'Object Repository/HealthpostToStore/Page_KDMC - CMO/a_Sign out' is clicked on

2018-05-19 18:18:34 - [TEST_STEP][PASSED] - delay: Delayed 3 second(s)

2018-05-19 18:18:37 - [MESSAGE][PASSED] - Delayed 3 second(s)

2018-05-19 18:18:37 - [TEST_STEP][PASSED] - click: Object: 'Object Repository/HealthpostToStore/Page_KDMC/a_Divisional Store' is clicked on

2018-05-19 18:18:37 - [MESSAGE][PASSED] - Object: 'Object Repository/HealthpostToStore/Page_KDMC/a_Divisional Store' is clicked on

2018-05-19 18:18:37 - [TEST_STEP][PASSED] - setText: Text 'ragu' is set on object 'Object Repository/HealthpostToStore/Page_Divisonal Store Login/input_txtusername'

2018-05-19 18:18:37 - [MESSAGE][PASSED] - Text 'ragu' is set on object 'Object Repository/HealthpostToStore/Page_Divisonal Store Login/input_txtusername'

2018-05-19 18:18:37 - [TEST_STEP][PASSED] - setText: Text '123' is set on object 'Object Repository/HealthpostToStore/Page_Divisonal Store Login/input_txtpassword'

2018-05-19 18:18:38 - [MESSAGE][PASSED] - Text '123' is set on object 'Object Repository/HealthpostToStore/Page_Divisonal Store Login/input_txtpassword'

2018-05-19 18:18:38 - [TEST_STEP][PASSED] - delay: Delayed 3 second(s)

2018-05-19 18:18:41 - [MESSAGE][PASSED] - Delayed 3 second(s)

2018-05-19 18:18:41 - [TEST_STEP][PASSED] - click: Object: 'Object Repository/HealthpostToStore/Page_Divisonal Store Login/button_Sign in' is clicked on

2018-05-19 18:18:42 - [MESSAGE][PASSED] - Object: 'Object Repository/HealthpostToStore/Page_Divisonal Store Login/button_Sign in' is clicked on

2018-05-19 18:18:42 - [TEST_STEP][PASSED] - delay: Delayed 3 second(s)

2018-05-19 18:18:45 - [MESSAGE][PASSED] - Delayed 3 second(s)

2018-05-19 18:18:45 - [TEST_STEP][PASSED] - click: Object: 'Object Repository/HealthpostToStore/Page_Store/a_Health Post Request' is clicked on

2018-05-19 18:18:45 - [MESSAGE][PASSED] - Object: 'Object Repository/HealthpostToStore/Page_Store/a_Health Post Request' is clicked on

2018-05-19 18:18:45 - [TEST_STEP][PASSED] - click: Object: 'Object Repository/HealthpostToStore/Page_Store/a_Request Item HealthPost' is clicked on

2018-05-19 18:18:46 - [MESSAGE][PASSED] - Object: 'Object Repository/HealthpostToStore/Page_Store/a_Request Item HealthPost' is clicked on

2018-05-19 18:18:46 - [TEST_STEP][PASSED] - Statement - ChooseRequest = com.kms.katalon.core.webui.keyword.WebUiBuiltInKeywords.modifyObjectProperty(com.kms.katalon.core.testobject.ObjectRepository.findTestObject(lab/Page_Store/input_1), "xpath", "equals", "//*[@id=" + RID + "]", true): Modify property of object successfully

2018-05-19 18:18:46 - [MESSAGE][PASSED] - Modify property of object successfully

2018-05-19 18:18:46 - [TEST_STEP][PASSED] - click: Object: 'Object Repository/lab/Page_Store/input_1' is clicked on

2018-05-19 18:18:46 - [MESSAGE][PASSED] - Object: 'Object Repository/lab/Page_Store/input_1' is clicked on

2018-05-19 18:18:46 - [TEST_STEP][PASSED] - Statement - selectedoptions = com.kms.katalon.core.webui.keyword.WebUiBuiltInKeywords.getNumberOfTotalOption(com.kms.katalon.core.testobject.ObjectRepository.findTestObject(HealthpostToStore/Page_Store/select_--Select--Adernaline 0.)): 37 options of object 'Object Repository/HealthpostToStore/Page_Store/select_--Select--Adernaline 0.' counted

2018-05-19 18:18:46 - [MESSAGE][PASSED] - 37 options of object 'Object Repository/HealthpostToStore/Page_Store/select_--Select--Adernaline 0.' counted

2018-05-19 18:18:46 - [TEST_STEP][PASSED] - Statement - For ([a = 1, a <= selectedoptions - 1, (a++)]): null

2018-05-19 18:18:46 - [TEST_STEP][PASSED] - selectOptionByIndex: All options with index in [1] are selected on object 'Object Repository/HealthpostToStore/Page_Store/select_--Select--Adernaline 0.'

2018-05-19 18:18:47 - [MESSAGE][PASSED] - All options with index in [1] are selected on object 'Object Repository/HealthpostToStore/Page_Store/select_--Select--Adernaline 0.'

2018-05-19 18:18:47 - [TEST_STEP][PASSED] - delay: Delayed 2 second(s)

2018-05-19 18:18:49 - [MESSAGE][PASSED] - Delayed 2 second(s)

2018-05-19 18:18:49 - [TEST_STEP][PASSED] - Statement - RequestedQty = com.kms.katalon.core.webui.keyword.WebUiBuiltInKeywords.getAttribute(com.kms.katalon.core.testobject.ObjectRepository.findTestObject(HealthpostToStore/Page_Store/input_txttotal), "value"): Attribute 'value' of object 'Object Repository/HealthpostToStore/Page_Store/input_txttotal' is: '10'

2018-05-19 18:18:49 - [MESSAGE][PASSED] - Attribute 'value' of object 'Object Repository/HealthpostToStore/Page_Store/input_txttotal' is: '10'

2018-05-19 18:18:49 - [TEST_STEP][PASSED] - Statement - out.println("Requested QTY : " + RequestedQty): null

2018-05-19 18:18:49 - [TEST_STEP][PASSED] - Statement - BatchNumber = com.kms.katalon.core.webui.keyword.WebUiBuiltInKeywords.getNumberOfTotalOption(com.kms.katalon.core.testobject.ObjectRepository.findTestObject(HealthpostToStore/Page_Store/select_--Select--BA1170BA2376B)): 3 options of object 'Object Repository/HealthpostToStore/Page_Store/select_--Select--BA1170BA2376B' counted

2018-05-19 18:18:49 - [MESSAGE][PASSED] - 3 options of object 'Object Repository/HealthpostToStore/Page_Store/select_--Select--BA1170BA2376B' counted

2018-05-19 18:18:49 - [TEST_STEP][PASSED] - Statement - For ([g = 1, g <= BatchNumber - 1, (g++)]): null

2018-05-19 18:18:49 - [TEST_STEP][PASSED] - selectOptionByIndex: All options with index in [1] are selected on object 'Object Repository/HealthpostToStore/Page_Store/select_--Select--BA1170BA2376B'

2018-05-19 18:18:49 - [MESSAGE][PASSED] - All options with index in [1] are selected on object 'Object Repository/HealthpostToStore/Page_Store/select_--Select--BA1170BA2376B'

2018-05-19 18:18:49 - [TEST_STEP][PASSED] - Statement - Try: null

2018-05-19 18:18:49 - [TEST_STEP][PASSED] - Statement - StockQty = com.kms.katalon.core.webui.keyword.WebUiBuiltInKeywords.getAttribute(com.kms.katalon.core.testobject.ObjectRepository.findTestObject(HealthpostToStore/Page_Store/input_txtprice), "value"): Attribute 'value' of object 'Object Repository/HealthpostToStore/Page_Store/input_txtprice' is: '890'

2018-05-19 18:18:49 - [MESSAGE][PASSED] - Attribute 'value' of object 'Object Repository/HealthpostToStore/Page_Store/input_txtprice' is: '890'

2018-05-19 18:18:49 - [TEST_STEP][PASSED] - Statement - out.println("Stock QTY : " + StockQty): null

2018-05-19 18:18:49 - [TEST_STEP][PASSED] - delay: Delayed 2 second(s)

2018-05-19 18:18:51 - [MESSAGE][PASSED] - Delayed 2 second(s)

2018-05-19 18:18:51 - [TEST_STEP][PASSED] - Statement - If (java.lang.String.valueOf(StockQty) >= java.lang.String.valueOf(RequestedQty)): null

2018-05-19 18:18:51 - [TEST_STEP][PASSED] - setText: Text '10' is set on object 'Object Repository/HealthpostToStore/Page_Store/input_txtqty'

2018-05-19 18:18:51 - [MESSAGE][PASSED] - Text '10' is set on object 'Object Repository/HealthpostToStore/Page_Store/input_txtqty'

2018-05-19 18:18:51 - [TEST_STEP][PASSED] - click: Object: 'Object Repository/HealthpostToStore/Page_Store/button_Add' is clicked on

2018-05-19 18:18:51 - [MESSAGE][PASSED] - Object: 'Object Repository/HealthpostToStore/Page_Store/button_Add' is clicked on

2018-05-19 18:18:51 - [TEST_STEP][PASSED] - Statement - Break: null

2018-05-19 18:18:51 - [TEST_STEP][PASSED] - selectOptionByIndex: All options with index in [2] are selected on object 'Object Repository/HealthpostToStore/Page_Store/select_--Select--Adernaline 0.'

2018-05-19 18:18:51 - [MESSAGE][PASSED] - All options with index in [2] are selected on object 'Object Repository/HealthpostToStore/Page_Store/select_--Select--Adernaline 0.'

2018-05-19 18:18:51 - [TEST_STEP][PASSED] - delay: Delayed 2 second(s)

2018-05-19 18:18:53 - [MESSAGE][PASSED] - Delayed 2 second(s)

2018-05-19 18:18:53 - [TEST_STEP][PASSED] - Statement - RequestedQty = com.kms.katalon.core.webui.keyword.WebUiBuiltInKeywords.getAttribute(com.kms.katalon.core.testobject.ObjectRepository.findTestObject(HealthpostToStore/Page_Store/input_txttotal), "value"): Attribute 'value' of object 'Object Repository/HealthpostToStore/Page_Store/input_txttotal' is: '10'

2018-05-19 18:18:53 - [MESSAGE][PASSED] - Attribute 'value' of object 'Object Repository/HealthpostToStore/Page_Store/input_txttotal' is: '10'

2018-05-19 18:18:53 - [TEST_STEP][PASSED] - Statement - out.println("Requested QTY : " + RequestedQty): null

2018-05-19 18:18:53 - [TEST_STEP][PASSED] - Statement - BatchNumber = com.kms.katalon.core.webui.keyword.WebUiBuiltInKeywords.getNumberOfTotalOption(com.kms.katalon.core.testobject.ObjectRepository.findTestObject(HealthpostToStore/Page_Store/select_--Select--BA1170BA2376B)): 3 options of object 'Object Repository/HealthpostToStore/Page_Store/select_--Select--BA1170BA2376B' counted

2018-05-19 18:18:53 - [MESSAGE][PASSED] - 3 options of object 'Object Repository/HealthpostToStore/Page_Store/select_--Select--BA1170BA2376B' counted

2018-05-19 18:18:53 - [TEST_STEP][PASSED] - Statement - For ([g = 1, g <= BatchNumber - 1, (g++)]): null

2018-05-19 18:18:53 - [TEST_STEP][PASSED] - selectOptionByIndex: All options with index in [1] are selected on object 'Object Repository/HealthpostToStore/Page_Store/select_--Select--BA1170BA2376B'

2018-05-19 18:18:53 - [MESSAGE][PASSED] - All options with index in [1] are selected on object 'Object Repository/HealthpostToStore/Page_Store/select_--Select--BA1170BA2376B'

2018-05-19 18:18:53 - [TEST_STEP][PASSED] - Statement - Try: null

2018-05-19 18:18:53 - [TEST_STEP][PASSED] - Statement - StockQty = com.kms.katalon.core.webui.keyword.WebUiBuiltInKeywords.getAttribute(com.kms.katalon.core.testobject.ObjectRepository.findTestObject(HealthpostToStore/Page_Store/input_txtprice), "value"): Attribute 'value' of object 'Object Repository/HealthpostToStore/Page_Store/input_txtprice' is: '890'

2018-05-19 18:18:53 - [MESSAGE][PASSED] - Attribute 'value' of object 'Object Repository/HealthpostToStore/Page_Store/input_txtprice' is: '890'

2018-05-19 18:18:53 - [TEST_STEP][PASSED] - Statement - out.println("Stock QTY : " + StockQty): null

2018-05-19 18:18:53 - [TEST_STEP][PASSED] - delay: Delayed 2 second(s)

2018-05-19 18:18:55 - [MESSAGE][PASSED] - Delayed 2 second(s)

2018-05-19 18:18:55 - [TEST_STEP][PASSED] - Statement - If (java.lang.String.valueOf(StockQty) >= java.lang.String.valueOf(RequestedQty)): null

2018-05-19 18:18:55 - [TEST_STEP][PASSED] - setText: Text '10' is set on object 'Object Repository/HealthpostToStore/Page_Store/input_txtqty'

2018-05-19 18:18:56 - [MESSAGE][PASSED] - Text '10' is set on object 'Object Repository/HealthpostToStore/Page_Store/input_txtqty'

2018-05-19 18:18:56 - [TEST_STEP][PASSED] - click: Object: 'Object Repository/HealthpostToStore/Page_Store/button_Add' is clicked on

2018-05-19 18:18:56 - [MESSAGE][PASSED] - Object: 'Object Repository/HealthpostToStore/Page_Store/button_Add' is clicked on

2018-05-19 18:18:56 - [TEST_STEP][PASSED] - Statement - Break: null

2018-05-19 18:18:56 - [TEST_STEP][PASSED] - selectOptionByIndex: All options with index in [3] are selected on object 'Object Repository/HealthpostToStore/Page_Store/select_--Select--Adernaline 0.'

2018-05-19 18:18:56 - [MESSAGE][PASSED] - All options with index in [3] are selected on object 'Object Repository/HealthpostToStore/Page_Store/select_--Select--Adernaline 0.'

2018-05-19 18:18:56 - [TEST_STEP][PASSED] - delay: Delayed 2 second(s)

2018-05-19 18:18:58 - [MESSAGE][PASSED] - Delayed 2 second(s)

2018-05-19 18:18:58 - [TEST_STEP][PASSED] - Statement - RequestedQty = com.kms.katalon.core.webui.keyword.WebUiBuiltInKeywords.getAttribute(com.kms.katalon.core.testobject.ObjectRepository.findTestObject(HealthpostToStore/Page_Store/input_txttotal), "value"): Attribute 'value' of object 'Object Repository/HealthpostToStore/Page_Store/input_txttotal' is: '10'

2018-05-19 18:18:58 - [MESSAGE][PASSED] - Attribute 'value' of object 'Object Repository/HealthpostToStore/Page_Store/input_txttotal' is: '10'

2018-05-19 18:18:58 - [TEST_STEP][PASSED] - Statement - out.println("Requested QTY : " + RequestedQty): null

2018-05-19 18:18:58 - [TEST_STEP][PASSED] - Statement - BatchNumber = com.kms.katalon.core.webui.keyword.WebUiBuiltInKeywords.getNumberOfTotalOption(com.kms.katalon.core.testobject.ObjectRepository.findTestObject(HealthpostToStore/Page_Store/select_--Select--BA1170BA2376B)): 2 options of object 'Object Repository/HealthpostToStore/Page_Store/select_--Select--BA1170BA2376B' counted

2018-05-19 18:18:58 - [MESSAGE][PASSED] - 2 options of object 'Object Repository/HealthpostToStore/Page_Store/select_--Select--BA1170BA2376B' counted

2018-05-19 18:18:58 - [TEST_STEP][PASSED] - Statement - For ([g = 1, g <= BatchNumber - 1, (g++)]): null

2018-05-19 18:18:58 - [TEST_STEP][PASSED] - selectOptionByIndex: All options with index in [1] are selected on object 'Object Repository/HealthpostToStore/Page_Store/select_--Select--BA1170BA2376B'

2018-05-19 18:18:58 - [MESSAGE][PASSED] - All options with index in [1] are selected on object 'Object Repository/HealthpostToStore/Page_Store/select_--Select--BA1170BA2376B'

2018-05-19 18:18:58 - [TEST_STEP][PASSED] - Statement - Try: null

2018-05-19 18:18:58 - [TEST_STEP][PASSED] - Statement - StockQty = com.kms.katalon.core.webui.keyword.WebUiBuiltInKeywords.getAttribute(com.kms.katalon.core.testobject.ObjectRepository.findTestObject(HealthpostToStore/Page_Store/input_txtprice), "value"): Attribute 'value' of object 'Object Repository/HealthpostToStore/Page_Store/input_txtprice' is: '970'

2018-05-19 18:18:58 - [MESSAGE][PASSED] - Attribute 'value' of object 'Object Repository/HealthpostToStore/Page_Store/input_txtprice' is: '970'

2018-05-19 18:18:58 - [TEST_STEP][PASSED] - Statement - out.println("Stock QTY : " + StockQty): null

2018-05-19 18:18:58 - [TEST_STEP][PASSED] - delay: Delayed 2 second(s)

2018-05-19 18:19:00 - [MESSAGE][PASSED] - Delayed 2 second(s)

2018-05-19 18:19:00 - [TEST_STEP][PASSED] - Statement - If (java.lang.String.valueOf(StockQty) >= java.lang.String.valueOf(RequestedQty)): null

2018-05-19 18:19:00 - [TEST_STEP][PASSED] - setText: Text '10' is set on object 'Object Repository/HealthpostToStore/Page_Store/input_txtqty'

2018-05-19 18:19:00 - [MESSAGE][PASSED] - Text '10' is set on object 'Object Repository/HealthpostToStore/Page_Store/input_txtqty'

2018-05-19 18:19:00 - [TEST_STEP][PASSED] - click: Object: 'Object Repository/HealthpostToStore/Page_Store/button_Add' is clicked on

2018-05-19 18:19:05 - [MESSAGE][PASSED] - Object: 'Object Repository/HealthpostToStore/Page_Store/button_Add' is clicked on

2018-05-19 18:19:05 - [TEST_STEP][PASSED] - Statement - Break: null

2018-05-19 18:19:05 - [TEST_STEP][PASSED] - selectOptionByIndex: All options with index in [4] are selected on object 'Object Repository/HealthpostToStore/Page_Store/select_--Select--Adernaline 0.'

2018-05-19 18:19:05 - [MESSAGE][PASSED] - All options with index in [4] are selected on object 'Object Repository/HealthpostToStore/Page_Store/select_--Select--Adernaline 0.'

2018-05-19 18:19:05 - [TEST_STEP][PASSED] - delay: Delayed 2 second(s)

2018-05-19 18:19:07 - [MESSAGE][PASSED] - Delayed 2 second(s)

2018-05-19 18:19:07 - [TEST_STEP][PASSED] - Statement - RequestedQty = com.kms.katalon.core.webui.keyword.WebUiBuiltInKeywords.getAttribute(com.kms.katalon.core.testobject.ObjectRepository.findTestObject(HealthpostToStore/Page_Store/input_txttotal), "value"): Attribute 'value' of object 'Object Repository/HealthpostToStore/Page_Store/input_txttotal' is: '10'

2018-05-19 18:19:07 - [MESSAGE][PASSED] - Attribute 'value' of object 'Object Repository/HealthpostToStore/Page_Store/input_txttotal' is: '10'

2018-05-19 18:19:07 - [TEST_STEP][PASSED] - Statement - out.println("Requested QTY : " + RequestedQty): null

2018-05-19 18:19:07 - [TEST_STEP][PASSED] - Statement - BatchNumber = com.kms.katalon.core.webui.keyword.WebUiBuiltInKeywords.getNumberOfTotalOption(com.kms.katalon.core.testobject.ObjectRepository.findTestObject(HealthpostToStore/Page_Store/select_--Select--BA1170BA2376B)): 2 options of object 'Object Repository/HealthpostToStore/Page_Store/select_--Select--BA1170BA2376B' counted

2018-05-19 18:19:08 - [MESSAGE][PASSED] - 2 options of object 'Object Repository/HealthpostToStore/Page_Store/select_--Select--BA1170BA2376B' counted

2018-05-19 18:19:08 - [TEST_STEP][PASSED] - Statement - For ([g = 1, g <= BatchNumber - 1, (g++)]): null

2018-05-19 18:19:08 - [TEST_STEP][PASSED] - selectOptionByIndex: All options with index in [1] are selected on object 'Object Repository/HealthpostToStore/Page_Store/select_--Select--BA1170BA2376B'

2018-05-19 18:19:08 - [MESSAGE][PASSED] - All options with index in [1] are selected on object 'Object Repository/HealthpostToStore/Page_Store/select_--Select--BA1170BA2376B'

2018-05-19 18:19:08 - [TEST_STEP][PASSED] - Statement - Try: null

2018-05-19 18:19:08 - [TEST_STEP][PASSED] - Statement - StockQty = com.kms.katalon.core.webui.keyword.WebUiBuiltInKeywords.getAttribute(com.kms.katalon.core.testobject.ObjectRepository.findTestObject(HealthpostToStore/Page_Store/input_txtprice), "value"): Attribute 'value' of object 'Object Repository/HealthpostToStore/Page_Store/input_txtprice' is: '976'

2018-05-19 18:19:08 - [MESSAGE][PASSED] - Attribute 'value' of object 'Object Repository/HealthpostToStore/Page_Store/input_txtprice' is: '976'

2018-05-19 18:19:08 - [TEST_STEP][PASSED] - Statement - out.println("Stock QTY : " + StockQty): null

2018-05-19 18:19:08 - [TEST_STEP][PASSED] - delay: Delayed 2 second(s)

2018-05-19 18:19:10 - [MESSAGE][PASSED] - Delayed 2 second(s)

2018-05-19 18:19:10 - [TEST_STEP][PASSED] - Statement - If (java.lang.String.valueOf(StockQty) >= java.lang.String.valueOf(RequestedQty)): null

2018-05-19 18:19:10 - [TEST_STEP][PASSED] - setText: Text '10' is set on object 'Object Repository/HealthpostToStore/Page_Store/input_txtqty'

2018-05-19 18:19:10 - [MESSAGE][PASSED] - Text '10' is set on object 'Object Repository/HealthpostToStore/Page_Store/input_txtqty'

2018-05-19 18:19:10 - [TEST_STEP][PASSED] - click: Object: 'Object Repository/HealthpostToStore/Page_Store/button_Add' is clicked on

2018-05-19 18:19:15 - [MESSAGE][PASSED] - Object: 'Object Repository/HealthpostToStore/Page_Store/button_Add' is clicked on

2018-05-19 18:19:15 - [TEST_STEP][PASSED] - Statement - Break: null

2018-05-19 18:19:15 - [TEST_STEP][PASSED] - selectOptionByIndex: All options with index in [5] are selected on object 'Object Repository/HealthpostToStore/Page_Store/select_--Select--Adernaline 0.'

2018-05-19 18:19:15 - [MESSAGE][PASSED] - All options with index in [5] are selected on object 'Object Repository/HealthpostToStore/Page_Store/select_--Select--Adernaline 0.'

2018-05-19 18:19:15 - [TEST_STEP][PASSED] - delay: Delayed 2 second(s)

2018-05-19 18:19:17 - [MESSAGE][PASSED] - Delayed 2 second(s)

2018-05-19 18:19:17 - [TEST_STEP][PASSED] - Statement - RequestedQty = com.kms.katalon.core.webui.keyword.WebUiBuiltInKeywords.getAttribute(com.kms.katalon.core.testobject.ObjectRepository.findTestObject(HealthpostToStore/Page_Store/input_txttotal), "value"): Attribute 'value' of object 'Object Repository/HealthpostToStore/Page_Store/input_txttotal' is: '10'

2018-05-19 18:19:17 - [MESSAGE][PASSED] - Attribute 'value' of object 'Object Repository/HealthpostToStore/Page_Store/input_txttotal' is: '10'

2018-05-19 18:19:17 - [TEST_STEP][PASSED] - Statement - out.println("Requested QTY : " + RequestedQty): null

2018-05-19 18:19:17 - [TEST_STEP][PASSED] - Statement - BatchNumber = com.kms.katalon.core.webui.keyword.WebUiBuiltInKeywords.getNumberOfTotalOption(com.kms.katalon.core.testobject.ObjectRepository.findTestObject(HealthpostToStore/Page_Store/select_--Select--BA1170BA2376B)): 2 options of object 'Object Repository/HealthpostToStore/Page_Store/select_--Select--BA1170BA2376B' counted

2018-05-19 18:19:17 - [MESSAGE][PASSED] - 2 options of object 'Object Repository/HealthpostToStore/Page_Store/select_--Select--BA1170BA2376B' counted

2018-05-19 18:19:17 - [TEST_STEP][PASSED] - Statement - For ([g = 1, g <= BatchNumber - 1, (g++)]): null

2018-05-19 18:19:17 - [TEST_STEP][PASSED] - selectOptionByIndex: All options with index in [1] are selected on object 'Object Repository/HealthpostToStore/Page_Store/select_--Select--BA1170BA2376B'

2018-05-19 18:19:17 - [MESSAGE][PASSED] - All options with index in [1] are selected on object 'Object Repository/HealthpostToStore/Page_Store/select_--Select--BA1170BA2376B'

2018-05-19 18:19:17 - [TEST_STEP][PASSED] - Statement - Try: null

2018-05-19 18:19:17 - [TEST_STEP][PASSED] - Statement - StockQty = com.kms.katalon.core.webui.keyword.WebUiBuiltInKeywords.getAttribute(com.kms.katalon.core.testobject.ObjectRepository.findTestObject(HealthpostToStore/Page_Store/input_txtprice), "value"): Attribute 'value' of object 'Object Repository/HealthpostToStore/Page_Store/input_txtprice' is: '1030'

2018-05-19 18:19:17 - [MESSAGE][PASSED] - Attribute 'value' of object 'Object Repository/HealthpostToStore/Page_Store/input_txtprice' is: '1030'

2018-05-19 18:19:17 - [TEST_STEP][PASSED] - Statement - out.println("Stock QTY : " + StockQty): null

2018-05-19 18:19:17 - [TEST_STEP][PASSED] - delay: Delayed 2 second(s)

2018-05-19 18:19:19 - [MESSAGE][PASSED] - Delayed 2 second(s)

2018-05-19 18:19:19 - [TEST_STEP][PASSED] - Statement - If (java.lang.String.valueOf(StockQty) >= java.lang.String.valueOf(RequestedQty)): null

2018-05-19 18:19:19 - [TEST_STEP][PASSED] - setText: Text '10' is set on object 'Object Repository/HealthpostToStore/Page_Store/input_txtqty'

2018-05-19 18:19:19 - [MESSAGE][PASSED] - Text '10' is set on object 'Object Repository/HealthpostToStore/Page_Store/input_txtqty'

2018-05-19 18:19:19 - [TEST_STEP][PASSED] - click: Object: 'Object Repository/HealthpostToStore/Page_Store/button_Add' is clicked on

2018-05-19 18:19:24 - [MESSAGE][PASSED] - Object: 'Object Repository/HealthpostToStore/Page_Store/button_Add' is clicked on

2018-05-19 18:19:24 - [TEST_STEP][PASSED] - Statement - Break: null

2018-05-19 18:19:24 - [TEST_STEP][PASSED] - selectOptionByIndex: All options with index in [6] are selected on object 'Object Repository/HealthpostToStore/Page_Store/select_--Select--Adernaline 0.'

2018-05-19 18:19:25 - [MESSAGE][PASSED] - All options with index in [6] are selected on object 'Object Repository/HealthpostToStore/Page_Store/select_--Select--Adernaline 0.'

2018-05-19 18:19:25 - [TEST_STEP][PASSED] - delay: Delayed 2 second(s)

2018-05-19 18:19:27 - [MESSAGE][PASSED] - Delayed 2 second(s)

2018-05-19 18:19:27 - [TEST_STEP][PASSED] - Statement - RequestedQty = com.kms.katalon.core.webui.keyword.WebUiBuiltInKeywords.getAttribute(com.kms.katalon.core.testobject.ObjectRepository.findTestObject(HealthpostToStore/Page_Store/input_txttotal), "value"): Attribute 'value' of object 'Object Repository/HealthpostToStore/Page_Store/input_txttotal' is: '10'

2018-05-19 18:19:27 - [MESSAGE][PASSED] - Attribute 'value' of object 'Object Repository/HealthpostToStore/Page_Store/input_txttotal' is: '10'

2018-05-19 18:19:27 - [TEST_STEP][PASSED] - Statement - out.println("Requested QTY : " + RequestedQty): null

2018-05-19 18:19:27 - [TEST_STEP][PASSED] - Statement - BatchNumber = com.kms.katalon.core.webui.keyword.WebUiBuiltInKeywords.getNumberOfTotalOption(com.kms.katalon.core.testobject.ObjectRepository.findTestObject(HealthpostToStore/Page_Store/select_--Select--BA1170BA2376B)): 3 options of object 'Object Repository/HealthpostToStore/Page_Store/select_--Select--BA1170BA2376B' counted

2018-05-19 18:19:27 - [MESSAGE][PASSED] - 3 options of object 'Object Repository/HealthpostToStore/Page_Store/select_--Select--BA1170BA2376B' counted

2018-05-19 18:19:27 - [TEST_STEP][PASSED] - Statement - For ([g = 1, g <= BatchNumber - 1, (g++)]): null

2018-05-19 18:19:27 - [TEST_STEP][PASSED] - selectOptionByIndex: All options with index in [1] are selected on object 'Object Repository/HealthpostToStore/Page_Store/select_--Select--BA1170BA2376B'

2018-05-19 18:19:27 - [MESSAGE][PASSED] - All options with index in [1] are selected on object 'Object Repository/HealthpostToStore/Page_Store/select_--Select--BA1170BA2376B'

2018-05-19 18:19:27 - [TEST_STEP][PASSED] - Statement - Try: null

2018-05-19 18:19:27 - [TEST_STEP][PASSED] - Statement - StockQty = com.kms.katalon.core.webui.keyword.WebUiBuiltInKeywords.getAttribute(com.kms.katalon.core.testobject.ObjectRepository.findTestObject(HealthpostToStore/Page_Store/input_txtprice), "value"): Attribute 'value' of object 'Object Repository/HealthpostToStore/Page_Store/input_txtprice' is: '930'

2018-05-19 18:19:27 - [MESSAGE][PASSED] - Attribute 'value' of object 'Object Repository/HealthpostToStore/Page_Store/input_txtprice' is: '930'

2018-05-19 18:19:27 - [TEST_STEP][PASSED] - Statement - out.println("Stock QTY : " + StockQty): null

2018-05-19 18:19:27 - [TEST_STEP][PASSED] - delay: Delayed 2 second(s)

2018-05-19 18:19:29 - [MESSAGE][PASSED] - Delayed 2 second(s)

2018-05-19 18:19:29 - [TEST_STEP][PASSED] - Statement - If (java.lang.String.valueOf(StockQty) >= java.lang.String.valueOf(RequestedQty)): null

2018-05-19 18:19:29 - [TEST_STEP][PASSED] - setText: Text '10' is set on object 'Object Repository/HealthpostToStore/Page_Store/input_txtqty'

2018-05-19 18:19:29 - [MESSAGE][PASSED] - Text '10' is set on object 'Object Repository/HealthpostToStore/Page_Store/input_txtqty'

2018-05-19 18:19:29 - [TEST_STEP][PASSED] - click: Object: 'Object Repository/HealthpostToStore/Page_Store/button_Add' is clicked on

2018-05-19 18:19:34 - [MESSAGE][PASSED] - Object: 'Object Repository/HealthpostToStore/Page_Store/button_Add' is clicked on

2018-05-19 18:19:34 - [TEST_STEP][PASSED] - Statement - Break: null

2018-05-19 18:19:34 - [TEST_STEP][PASSED] - selectOptionByIndex: All options with index in [7] are selected on object 'Object Repository/HealthpostToStore/Page_Store/select_--Select--Adernaline 0.'

2018-05-19 18:19:34 - [MESSAGE][PASSED] - All options with index in [7] are selected on object 'Object Repository/HealthpostToStore/Page_Store/select_--Select--Adernaline 0.'

2018-05-19 18:19:34 - [TEST_STEP][PASSED] - delay: Delayed 2 second(s)

2018-05-19 18:19:36 - [MESSAGE][PASSED] - Delayed 2 second(s)

2018-05-19 18:19:36 - [TEST_STEP][PASSED] - Statement - RequestedQty = com.kms.katalon.core.webui.keyword.WebUiBuiltInKeywords.getAttribute(com.kms.katalon.core.testobject.ObjectRepository.findTestObject(HealthpostToStore/Page_Store/input_txttotal), "value"): Attribute 'value' of object 'Object Repository/HealthpostToStore/Page_Store/input_txttotal' is: '10'

2018-05-19 18:19:36 - [MESSAGE][PASSED] - Attribute 'value' of object 'Object Repository/HealthpostToStore/Page_Store/input_txttotal' is: '10'

2018-05-19 18:19:36 - [TEST_STEP][PASSED] - Statement - out.println("Requested QTY : " + RequestedQty): null

2018-05-19 18:19:36 - [TEST_STEP][PASSED] - Statement - BatchNumber = com.kms.katalon.core.webui.keyword.WebUiBuiltInKeywords.getNumberOfTotalOption(com.kms.katalon.core.testobject.ObjectRepository.findTestObject(HealthpostToStore/Page_Store/select_--Select--BA1170BA2376B)): 3 options of object 'Object Repository/HealthpostToStore/Page_Store/select_--Select--BA1170BA2376B' counted

2018-05-19 18:19:36 - [MESSAGE][PASSED] - 3 options of object 'Object Repository/HealthpostToStore/Page_Store/select_--Select--BA1170BA2376B' counted

2018-05-19 18:19:36 - [TEST_STEP][PASSED] - Statement - For ([g = 1, g <= BatchNumber - 1, (g++)]): null

2018-05-19 18:19:36 - [TEST_STEP][PASSED] - selectOptionByIndex: All options with index in [1] are selected on object 'Object Repository/HealthpostToStore/Page_Store/select_--Select--BA1170BA2376B'

2018-05-19 18:19:37 - [MESSAGE][PASSED] - All options with index in [1] are selected on object 'Object Repository/HealthpostToStore/Page_Store/select_--Select--BA1170BA2376B'

2018-05-19 18:19:37 - [TEST_STEP][PASSED] - Statement - Try: null

2018-05-19 18:19:37 - [TEST_STEP][PASSED] - Statement - StockQty = com.kms.katalon.core.webui.keyword.WebUiBuiltInKeywords.getAttribute(com.kms.katalon.core.testobject.ObjectRepository.findTestObject(HealthpostToStore/Page_Store/input_txtprice), "value"): Attribute 'value' of object 'Object Repository/HealthpostToStore/Page_Store/input_txtprice' is: '930'

2018-05-19 18:19:37 - [MESSAGE][PASSED] - Attribute 'value' of object 'Object Repository/HealthpostToStore/Page_Store/input_txtprice' is: '930'

2018-05-19 18:19:37 - [TEST_STEP][PASSED] - Statement - out.println("Stock QTY : " + StockQty): null

2018-05-19 18:19:37 - [TEST_STEP][PASSED] - delay: Delayed 2 second(s)

2018-05-19 18:19:39 - [MESSAGE][PASSED] - Delayed 2 second(s)

2018-05-19 18:19:39 - [TEST_STEP][PASSED] - Statement - If (java.lang.String.valueOf(StockQty) >= java.lang.String.valueOf(RequestedQty)): null

2018-05-19 18:19:39 - [TEST_STEP][PASSED] - setText: Text '10' is set on object 'Object Repository/HealthpostToStore/Page_Store/input_txtqty'

2018-05-19 18:19:39 - [MESSAGE][PASSED] - Text '10' is set on object 'Object Repository/HealthpostToStore/Page_Store/input_txtqty'

2018-05-19 18:19:39 - [TEST_STEP][PASSED] - click: Object: 'Object Repository/HealthpostToStore/Page_Store/button_Add' is clicked on

2018-05-19 18:19:44 - [MESSAGE][PASSED] - Object: 'Object Repository/HealthpostToStore/Page_Store/button_Add' is clicked on

2018-05-19 18:19:44 - [TEST_STEP][PASSED] - Statement - Break: null

2018-05-19 18:19:44 - [TEST_STEP][PASSED] - selectOptionByIndex: All options with index in [8] are selected on object 'Object Repository/HealthpostToStore/Page_Store/select_--Select--Adernaline 0.'

2018-05-19 18:19:44 - [MESSAGE][PASSED] - All options with index in [8] are selected on object 'Object Repository/HealthpostToStore/Page_Store/select_--Select--Adernaline 0.'

2018-05-19 18:19:44 - [TEST_STEP][PASSED] - delay: Delayed 2 second(s)

2018-05-19 18:19:46 - [MESSAGE][PASSED] - Delayed 2 second(s)

2018-05-19 18:19:46 - [TEST_STEP][PASSED] - Statement - RequestedQty = com.kms.katalon.core.webui.keyword.WebUiBuiltInKeywords.getAttribute(com.kms.katalon.core.testobject.ObjectRepository.findTestObject(HealthpostToStore/Page_Store/input_txttotal), "value"): Attribute 'value' of object 'Object Repository/HealthpostToStore/Page_Store/input_txttotal' is: '10'

2018-05-19 18:19:46 - [MESSAGE][PASSED] - Attribute 'value' of object 'Object Repository/HealthpostToStore/Page_Store/input_txttotal' is: '10'

2018-05-19 18:19:46 - [TEST_STEP][PASSED] - Statement - out.println("Requested QTY : " + RequestedQty): null

2018-05-19 18:19:46 - [TEST_STEP][PASSED] - Statement - BatchNumber = com.kms.katalon.core.webui.keyword.WebUiBuiltInKeywords.getNumberOfTotalOption(com.kms.katalon.core.testobject.ObjectRepository.findTestObject(HealthpostToStore/Page_Store/select_--Select--BA1170BA2376B)): 2 options of object 'Object Repository/HealthpostToStore/Page_Store/select_--Select--BA1170BA2376B' counted

2018-05-19 18:19:46 - [MESSAGE][PASSED] - 2 options of object 'Object Repository/HealthpostToStore/Page_Store/select_--Select--BA1170BA2376B' counted

2018-05-19 18:19:46 - [TEST_STEP][PASSED] - Statement - For ([g = 1, g <= BatchNumber - 1, (g++)]): null

2018-05-19 18:19:46 - [TEST_STEP][PASSED] - selectOptionByIndex: All options with index in [1] are selected on object 'Object Repository/HealthpostToStore/Page_Store/select_--Select--BA1170BA2376B'

2018-05-19 18:19:46 - [MESSAGE][PASSED] - All options with index in [1] are selected on object 'Object Repository/HealthpostToStore/Page_Store/select_--Select--BA1170BA2376B'

2018-05-19 18:19:46 - [TEST_STEP][PASSED] - Statement - Try: null

2018-05-19 18:19:46 - [TEST_STEP][PASSED] - Statement - StockQty = com.kms.katalon.core.webui.keyword.WebUiBuiltInKeywords.getAttribute(com.kms.katalon.core.testobject.ObjectRepository.findTestObject(HealthpostToStore/Page_Store/input_txtprice), "value"): Attribute 'value' of object 'Object Repository/HealthpostToStore/Page_Store/input_txtprice' is: '1030'

2018-05-19 18:19:46 - [MESSAGE][PASSED] - Attribute 'value' of object 'Object Repository/HealthpostToStore/Page_Store/input_txtprice' is: '1030'

2018-05-19 18:19:46 - [TEST_STEP][PASSED] - Statement - out.println("Stock QTY : " + StockQty): null

2018-05-19 18:19:46 - [TEST_STEP][PASSED] - delay: Delayed 2 second(s)

2018-05-19 18:19:48 - [MESSAGE][PASSED] - Delayed 2 second(s)

2018-05-19 18:19:48 - [TEST_STEP][PASSED] - Statement - If (java.lang.String.valueOf(StockQty) >= java.lang.String.valueOf(RequestedQty)): null

2018-05-19 18:19:48 - [TEST_STEP][PASSED] - setText: Text '10' is set on object 'Object Repository/HealthpostToStore/Page_Store/input_txtqty'

2018-05-19 18:19:48 - [MESSAGE][PASSED] - Text '10' is set on object 'Object Repository/HealthpostToStore/Page_Store/input_txtqty'

2018-05-19 18:19:48 - [TEST_STEP][PASSED] - click: Object: 'Object Repository/HealthpostToStore/Page_Store/button_Add' is clicked on

2018-05-19 18:19:53 - [MESSAGE][PASSED] - Object: 'Object Repository/HealthpostToStore/Page_Store/button_Add' is clicked on

2018-05-19 18:19:53 - [TEST_STEP][PASSED] - Statement - Break: null

2018-05-19 18:19:53 - [TEST_STEP][PASSED] - selectOptionByIndex: All options with index in [9] are selected on object 'Object Repository/HealthpostToStore/Page_Store/select_--Select--Adernaline 0.'

2018-05-19 18:19:54 - [MESSAGE][PASSED] - All options with index in [9] are selected on object 'Object Repository/HealthpostToStore/Page_Store/select_--Select--Adernaline 0.'

2018-05-19 18:19:54 - [TEST_STEP][PASSED] - delay: Delayed 2 second(s)

2018-05-19 18:19:56 - [MESSAGE][PASSED] - Delayed 2 second(s)

2018-05-19 18:19:56 - [TEST_STEP][PASSED] - Statement - RequestedQty = com.kms.katalon.core.webui.keyword.WebUiBuiltInKeywords.getAttribute(com.kms.katalon.core.testobject.ObjectRepository.findTestObject(HealthpostToStore/Page_Store/input_txttotal), "value"): Attribute 'value' of object 'Object Repository/HealthpostToStore/Page_Store/input_txttotal' is: '10'

2018-05-19 18:19:56 - [MESSAGE][PASSED] - Attribute 'value' of object 'Object Repository/HealthpostToStore/Page_Store/input_txttotal' is: '10'

2018-05-19 18:19:56 - [TEST_STEP][PASSED] - Statement - out.println("Requested QTY : " + RequestedQty): null

2018-05-19 18:19:56 - [TEST_STEP][PASSED] - Statement - BatchNumber = com.kms.katalon.core.webui.keyword.WebUiBuiltInKeywords.getNumberOfTotalOption(com.kms.katalon.core.testobject.ObjectRepository.findTestObject(HealthpostToStore/Page_Store/select_--Select--BA1170BA2376B)): 3 options of object 'Object Repository/HealthpostToStore/Page_Store/select_--Select--BA1170BA2376B' counted

2018-05-19 18:19:56 - [MESSAGE][PASSED] - 3 options of object 'Object Repository/HealthpostToStore/Page_Store/select_--Select--BA1170BA2376B' counted

2018-05-19 18:19:56 - [TEST_STEP][PASSED] - Statement - For ([g = 1, g <= BatchNumber - 1, (g++)]): null

2018-05-19 18:19:56 - [TEST_STEP][PASSED] - selectOptionByIndex: All options with index in [1] are selected on object 'Object Repository/HealthpostToStore/Page_Store/select_--Select--BA1170BA2376B'

2018-05-19 18:19:56 - [MESSAGE][PASSED] - All options with index in [1] are selected on object 'Object Repository/HealthpostToStore/Page_Store/select_--Select--BA1170BA2376B'

2018-05-19 18:19:56 - [TEST_STEP][PASSED] - Statement - Try: null

2018-05-19 18:19:56 - [TEST_STEP][PASSED] - Statement - StockQty = com.kms.katalon.core.webui.keyword.WebUiBuiltInKeywords.getAttribute(com.kms.katalon.core.testobject.ObjectRepository.findTestObject(HealthpostToStore/Page_Store/input_txtprice), "value"): Attribute 'value' of object 'Object Repository/HealthpostToStore/Page_Store/input_txtprice' is: '930'

2018-05-19 18:19:56 - [MESSAGE][PASSED] - Attribute 'value' of object 'Object Repository/HealthpostToStore/Page_Store/input_txtprice' is: '930'

2018-05-19 18:19:56 - [TEST_STEP][PASSED] - Statement - out.println("Stock QTY : " + StockQty): null

2018-05-19 18:19:56 - [TEST_STEP][PASSED] - delay: Delayed 2 second(s)

2018-05-19 18:19:58 - [MESSAGE][PASSED] - Delayed 2 second(s)

2018-05-19 18:19:58 - [TEST_STEP][PASSED] - Statement - If (java.lang.String.valueOf(StockQty) >= java.lang.String.valueOf(RequestedQty)): null

2018-05-19 18:19:58 - [TEST_STEP][PASSED] - setText: Text '10' is set on object 'Object Repository/HealthpostToStore/Page_Store/input_txtqty'

2018-05-19 18:19:58 - [MESSAGE][PASSED] - Text '10' is set on object 'Object Repository/HealthpostToStore/Page_Store/input_txtqty'

2018-05-19 18:19:58 - [TEST_STEP][PASSED] - click: Object: 'Object Repository/HealthpostToStore/Page_Store/button_Add' is clicked on

2018-05-19 18:20:03 - [MESSAGE][PASSED] - Object: 'Object Repository/HealthpostToStore/Page_Store/button_Add' is clicked on

2018-05-19 18:20:03 - [TEST_STEP][PASSED] - Statement - Break: null

2018-05-19 18:20:03 - [TEST_STEP][PASSED] - selectOptionByIndex: All options with index in [10] are selected on object 'Object Repository/HealthpostToStore/Page_Store/select_--Select--Adernaline 0.'

2018-05-19 18:20:03 - [MESSAGE][PASSED] - All options with index in [10] are selected on object 'Object Repository/HealthpostToStore/Page_Store/select_--Select--Adernaline 0.'

2018-05-19 18:20:03 - [TEST_STEP][PASSED] - delay: Delayed 2 second(s)

2018-05-19 18:20:05 - [MESSAGE][PASSED] - Delayed 2 second(s)

2018-05-19 18:20:05 - [TEST_STEP][PASSED] - Statement - RequestedQty = com.kms.katalon.core.webui.keyword.WebUiBuiltInKeywords.getAttribute(com.kms.katalon.core.testobject.ObjectRepository.findTestObject(HealthpostToStore/Page_Store/input_txttotal), "value"): Attribute 'value' of object 'Object Repository/HealthpostToStore/Page_Store/input_txttotal' is: '10'

2018-05-19 18:20:05 - [MESSAGE][PASSED] - Attribute 'value' of object 'Object Repository/HealthpostToStore/Page_Store/input_txttotal' is: '10'

2018-05-19 18:20:05 - [TEST_STEP][PASSED] - Statement - out.println("Requested QTY : " + RequestedQty): null

2018-05-19 18:20:05 - [TEST_STEP][PASSED] - Statement - BatchNumber = com.kms.katalon.core.webui.keyword.WebUiBuiltInKeywords.getNumberOfTotalOption(com.kms.katalon.core.testobject.ObjectRepository.findTestObject(HealthpostToStore/Page_Store/select_--Select--BA1170BA2376B)): 2 options of object 'Object Repository/HealthpostToStore/Page_Store/select_--Select--BA1170BA2376B' counted

2018-05-19 18:20:06 - [MESSAGE][PASSED] - 2 options of object 'Object Repository/HealthpostToStore/Page_Store/select_--Select--BA1170BA2376B' counted

2018-05-19 18:20:06 - [TEST_STEP][PASSED] - Statement - For ([g = 1, g <= BatchNumber - 1, (g++)]): null

2018-05-19 18:20:06 - [TEST_STEP][PASSED] - selectOptionByIndex: All options with index in [1] are selected on object 'Object Repository/HealthpostToStore/Page_Store/select_--Select--BA1170BA2376B'

2018-05-19 18:20:06 - [MESSAGE][PASSED] - All options with index in [1] are selected on object 'Object Repository/HealthpostToStore/Page_Store/select_--Select--BA1170BA2376B'

2018-05-19 18:20:06 - [TEST_STEP][PASSED] - Statement - Try: null

2018-05-19 18:20:06 - [TEST_STEP][PASSED] - Statement - StockQty = com.kms.katalon.core.webui.keyword.WebUiBuiltInKeywords.getAttribute(com.kms.katalon.core.testobject.ObjectRepository.findTestObject(HealthpostToStore/Page_Store/input_txtprice), "value"): Attribute 'value' of object 'Object Repository/HealthpostToStore/Page_Store/input_txtprice' is: '1030'

2018-05-19 18:20:06 - [MESSAGE][PASSED] - Attribute 'value' of object 'Object Repository/HealthpostToStore/Page_Store/input_txtprice' is: '1030'

2018-05-19 18:20:06 - [TEST_STEP][PASSED] - Statement - out.println("Stock QTY : " + StockQty): null

2018-05-19 18:20:06 - [TEST_STEP][PASSED] - delay: Delayed 2 second(s)

2018-05-19 18:20:08 - [MESSAGE][PASSED] - Delayed 2 second(s)

2018-05-19 18:20:08 - [TEST_STEP][PASSED] - Statement - If (java.lang.String.valueOf(StockQty) >= java.lang.String.valueOf(RequestedQty)): null

2018-05-19 18:20:08 - [TEST_STEP][PASSED] - setText: Text '10' is set on object 'Object Repository/HealthpostToStore/Page_Store/input_txtqty'

2018-05-19 18:20:08 - [MESSAGE][PASSED] - Text '10' is set on object 'Object Repository/HealthpostToStore/Page_Store/input_txtqty'

2018-05-19 18:20:08 - [TEST_STEP][PASSED] - click: Object: 'Object Repository/HealthpostToStore/Page_Store/button_Add' is clicked on

2018-05-19 18:20:13 - [MESSAGE][PASSED] - Object: 'Object Repository/HealthpostToStore/Page_Store/button_Add' is clicked on

2018-05-19 18:20:13 - [TEST_STEP][PASSED] - Statement - Break: null

2018-05-19 18:20:13 - [TEST_STEP][PASSED] - selectOptionByIndex: All options with index in [11] are selected on object 'Object Repository/HealthpostToStore/Page_Store/select_--Select--Adernaline 0.'

2018-05-19 18:20:13 - [MESSAGE][PASSED] - All options with index in [11] are selected on object 'Object Repository/HealthpostToStore/Page_Store/select_--Select--Adernaline 0.'

2018-05-19 18:20:13 - [TEST_STEP][PASSED] - delay: Delayed 2 second(s)

2018-05-19 18:20:15 - [MESSAGE][PASSED] - Delayed 2 second(s)

2018-05-19 18:20:15 - [TEST_STEP][PASSED] - Statement - RequestedQty = com.kms.katalon.core.webui.keyword.WebUiBuiltInKeywords.getAttribute(com.kms.katalon.core.testobject.ObjectRepository.findTestObject(HealthpostToStore/Page_Store/input_txttotal), "value"): Attribute 'value' of object 'Object Repository/HealthpostToStore/Page_Store/input_txttotal' is: '10'

2018-05-19 18:20:15 - [MESSAGE][PASSED] - Attribute 'value' of object 'Object Repository/HealthpostToStore/Page_Store/input_txttotal' is: '10'

2018-05-19 18:20:15 - [TEST_STEP][PASSED] - Statement - out.println("Requested QTY : " + RequestedQty): null

2018-05-19 18:20:15 - [TEST_STEP][PASSED] - Statement - BatchNumber = com.kms.katalon.core.webui.keyword.WebUiBuiltInKeywords.getNumberOfTotalOption(com.kms.katalon.core.testobject.ObjectRepository.findTestObject(HealthpostToStore/Page_Store/select_--Select--BA1170BA2376B)): 2 options of object 'Object Repository/HealthpostToStore/Page_Store/select_--Select--BA1170BA2376B' counted

2018-05-19 18:20:15 - [MESSAGE][PASSED] - 2 options of object 'Object Repository/HealthpostToStore/Page_Store/select_--Select--BA1170BA2376B' counted

2018-05-19 18:20:15 - [TEST_STEP][PASSED] - Statement - For ([g = 1, g <= BatchNumber - 1, (g++)]): null

2018-05-19 18:20:15 - [TEST_STEP][PASSED] - selectOptionByIndex: All options with index in [1] are selected on object 'Object Repository/HealthpostToStore/Page_Store/select_--Select--BA1170BA2376B'

2018-05-19 18:20:15 - [MESSAGE][PASSED] - All options with index in [1] are selected on object 'Object Repository/HealthpostToStore/Page_Store/select_--Select--BA1170BA2376B'

2018-05-19 18:20:15 - [TEST_STEP][PASSED] - Statement - Try: null

2018-05-19 18:20:15 - [TEST_STEP][PASSED] - Statement - StockQty = com.kms.katalon.core.webui.keyword.WebUiBuiltInKeywords.getAttribute(com.kms.katalon.core.testobject.ObjectRepository.findTestObject(HealthpostToStore/Page_Store/input_txtprice), "value"): Attribute 'value' of object 'Object Repository/HealthpostToStore/Page_Store/input_txtprice' is: '1030'

2018-05-19 18:20:15 - [MESSAGE][PASSED] - Attribute 'value' of object 'Object Repository/HealthpostToStore/Page_Store/input_txtprice' is: '1030'

2018-05-19 18:20:15 - [TEST_STEP][PASSED] - Statement - out.println("Stock QTY : " + StockQty): null

2018-05-19 18:20:15 - [TEST_STEP][PASSED] - delay: Delayed 2 second(s)

2018-05-19 18:20:17 - [MESSAGE][PASSED] - Delayed 2 second(s)

2018-05-19 18:20:17 - [TEST_STEP][PASSED] - Statement - If (java.lang.String.valueOf(StockQty) >= java.lang.String.valueOf(RequestedQty)): null

2018-05-19 18:20:17 - [TEST_STEP][PASSED] - setText: Text '10' is set on object 'Object Repository/HealthpostToStore/Page_Store/input_txtqty'

2018-05-19 18:20:18 - [MESSAGE][PASSED] - Text '10' is set on object 'Object Repository/HealthpostToStore/Page_Store/input_txtqty'

2018-05-19 18:20:18 - [TEST_STEP][PASSED] - click: Object: 'Object Repository/HealthpostToStore/Page_Store/button_Add' is clicked on

2018-05-19 18:20:23 - [MESSAGE][PASSED] - Object: 'Object Repository/HealthpostToStore/Page_Store/button_Add' is clicked on

2018-05-19 18:20:23 - [TEST_STEP][PASSED] - Statement - Break: null

2018-05-19 18:20:23 - [TEST_STEP][PASSED] - selectOptionByIndex: All options with index in [12] are selected on object 'Object Repository/HealthpostToStore/Page_Store/select_--Select--Adernaline 0.'

2018-05-19 18:20:23 - [MESSAGE][PASSED] - All options with index in [12] are selected on object 'Object Repository/HealthpostToStore/Page_Store/select_--Select--Adernaline 0.'

2018-05-19 18:20:23 - [TEST_STEP][PASSED] - delay: Delayed 2 second(s)

2018-05-19 18:20:25 - [MESSAGE][PASSED] - Delayed 2 second(s)

2018-05-19 18:20:25 - [TEST_STEP][PASSED] - Statement - RequestedQty = com.kms.katalon.core.webui.keyword.WebUiBuiltInKeywords.getAttribute(com.kms.katalon.core.testobject.ObjectRepository.findTestObject(HealthpostToStore/Page_Store/input_txttotal), "value"): Attribute 'value' of object 'Object Repository/HealthpostToStore/Page_Store/input_txttotal' is: '10'

2018-05-19 18:20:25 - [MESSAGE][PASSED] - Attribute 'value' of object 'Object Repository/HealthpostToStore/Page_Store/input_txttotal' is: '10'

2018-05-19 18:20:25 - [TEST_STEP][PASSED] - Statement - out.println("Requested QTY : " + RequestedQty): null

2018-05-19 18:20:25 - [TEST_STEP][PASSED] - Statement - BatchNumber = com.kms.katalon.core.webui.keyword.WebUiBuiltInKeywords.getNumberOfTotalOption(com.kms.katalon.core.testobject.ObjectRepository.findTestObject(HealthpostToStore/Page_Store/select_--Select--BA1170BA2376B)): 2 options of object 'Object Repository/HealthpostToStore/Page_Store/select_--Select--BA1170BA2376B' counted

2018-05-19 18:20:25 - [MESSAGE][PASSED] - 2 options of object 'Object Repository/HealthpostToStore/Page_Store/select_--Select--BA1170BA2376B' counted

2018-05-19 18:20:25 - [TEST_STEP][PASSED] - Statement - For ([g = 1, g <= BatchNumber - 1, (g++)]): null

2018-05-19 18:20:25 - [TEST_STEP][PASSED] - selectOptionByIndex: All options with index in [1] are selected on object 'Object Repository/HealthpostToStore/Page_Store/select_--Select--BA1170BA2376B'

2018-05-19 18:20:25 - [MESSAGE][PASSED] - All options with index in [1] are selected on object 'Object Repository/HealthpostToStore/Page_Store/select_--Select--BA1170BA2376B'

2018-05-19 18:20:25 - [TEST_STEP][PASSED] - Statement - Try: null

2018-05-19 18:20:25 - [TEST_STEP][PASSED] - Statement - StockQty = com.kms.katalon.core.webui.keyword.WebUiBuiltInKeywords.getAttribute(com.kms.katalon.core.testobject.ObjectRepository.findTestObject(HealthpostToStore/Page_Store/input_txtprice), "value"): Attribute 'value' of object 'Object Repository/HealthpostToStore/Page_Store/input_txtprice' is: '1030'

2018-05-19 18:20:25 - [MESSAGE][PASSED] - Attribute 'value' of object 'Object Repository/HealthpostToStore/Page_Store/input_txtprice' is: '1030'

2018-05-19 18:20:25 - [TEST_STEP][PASSED] - Statement - out.println("Stock QTY : " + StockQty): null

2018-05-19 18:20:25 - [TEST_STEP][PASSED] - delay: Delayed 2 second(s)

2018-05-19 18:20:27 - [MESSAGE][PASSED] - Delayed 2 second(s)

2018-05-19 18:20:27 - [TEST_STEP][PASSED] - Statement - If (java.lang.String.valueOf(StockQty) >= java.lang.String.valueOf(RequestedQty)): null

2018-05-19 18:20:27 - [TEST_STEP][PASSED] - setText: Text '10' is set on object 'Object Repository/HealthpostToStore/Page_Store/input_txtqty'

2018-05-19 18:20:27 - [MESSAGE][PASSED] - Text '10' is set on object 'Object Repository/HealthpostToStore/Page_Store/input_txtqty'

2018-05-19 18:20:27 - [TEST_STEP][PASSED] - click: Object: 'Object Repository/HealthpostToStore/Page_Store/button_Add' is clicked on

2018-05-19 18:20:32 - [MESSAGE][PASSED] - Object: 'Object Repository/HealthpostToStore/Page_Store/button_Add' is clicked on

2018-05-19 18:20:32 - [TEST_STEP][PASSED] - Statement - Break: null

2018-05-19 18:20:32 - [TEST_STEP][PASSED] - selectOptionByIndex: All options with index in [13] are selected on object 'Object Repository/HealthpostToStore/Page_Store/select_--Select--Adernaline 0.'

2018-05-19 18:20:33 - [MESSAGE][PASSED] - All options with index in [13] are selected on object 'Object Repository/HealthpostToStore/Page_Store/select_--Select--Adernaline 0.'

2018-05-19 18:20:33 - [TEST_STEP][PASSED] - delay: Delayed 2 second(s)

2018-05-19 18:20:35 - [MESSAGE][PASSED] - Delayed 2 second(s)

2018-05-19 18:20:35 - [TEST_STEP][PASSED] - Statement - RequestedQty = com.kms.katalon.core.webui.keyword.WebUiBuiltInKeywords.getAttribute(com.kms.katalon.core.testobject.ObjectRepository.findTestObject(HealthpostToStore/Page_Store/input_txttotal), "value"): Attribute 'value' of object 'Object Repository/HealthpostToStore/Page_Store/input_txttotal' is: '10'

2018-05-19 18:20:35 - [MESSAGE][PASSED] - Attribute 'value' of object 'Object Repository/HealthpostToStore/Page_Store/input_txttotal' is: '10'

2018-05-19 18:20:35 - [TEST_STEP][PASSED] - Statement - out.println("Requested QTY : " + RequestedQty): null

2018-05-19 18:20:35 - [TEST_STEP][PASSED] - Statement - BatchNumber = com.kms.katalon.core.webui.keyword.WebUiBuiltInKeywords.getNumberOfTotalOption(com.kms.katalon.core.testobject.ObjectRepository.findTestObject(HealthpostToStore/Page_Store/select_--Select--BA1170BA2376B)): 2 options of object 'Object Repository/HealthpostToStore/Page_Store/select_--Select--BA1170BA2376B' counted

2018-05-19 18:20:35 - [MESSAGE][PASSED] - 2 options of object 'Object Repository/HealthpostToStore/Page_Store/select_--Select--BA1170BA2376B' counted

2018-05-19 18:20:35 - [TEST_STEP][PASSED] - Statement - For ([g = 1, g <= BatchNumber - 1, (g++)]): null

2018-05-19 18:20:35 - [TEST_STEP][PASSED] - selectOptionByIndex: All options with index in [1] are selected on object 'Object Repository/HealthpostToStore/Page_Store/select_--Select--BA1170BA2376B'

2018-05-19 18:20:35 - [MESSAGE][PASSED] - All options with index in [1] are selected on object 'Object Repository/HealthpostToStore/Page_Store/select_--Select--BA1170BA2376B'

2018-05-19 18:20:35 - [TEST_STEP][PASSED] - Statement - Try: null

2018-05-19 18:20:35 - [TEST_STEP][PASSED] - Statement - StockQty = com.kms.katalon.core.webui.keyword.WebUiBuiltInKeywords.getAttribute(com.kms.katalon.core.testobject.ObjectRepository.findTestObject(HealthpostToStore/Page_Store/input_txtprice), "value"): Attribute 'value' of object 'Object Repository/HealthpostToStore/Page_Store/input_txtprice' is: '1030'

2018-05-19 18:20:35 - [MESSAGE][PASSED] - Attribute 'value' of object 'Object Repository/HealthpostToStore/Page_Store/input_txtprice' is: '1030'

2018-05-19 18:20:35 - [TEST_STEP][PASSED] - Statement - out.println("Stock QTY : " + StockQty): null

2018-05-19 18:20:35 - [TEST_STEP][PASSED] - delay: Delayed 2 second(s)

2018-05-19 18:20:37 - [MESSAGE][PASSED] - Delayed 2 second(s)

2018-05-19 18:20:37 - [TEST_STEP][PASSED] - Statement - If (java.lang.String.valueOf(StockQty) >= java.lang.String.valueOf(RequestedQty)): null

2018-05-19 18:20:37 - [TEST_STEP][PASSED] - setText: Text '10' is set on object 'Object Repository/HealthpostToStore/Page_Store/input_txtqty'

2018-05-19 18:20:37 - [MESSAGE][PASSED] - Text '10' is set on object 'Object Repository/HealthpostToStore/Page_Store/input_txtqty'

2018-05-19 18:20:37 - [TEST_STEP][PASSED] - click: Object: 'Object Repository/HealthpostToStore/Page_Store/button_Add' is clicked on

2018-05-19 18:20:42 - [MESSAGE][PASSED] - Object: 'Object Repository/HealthpostToStore/Page_Store/button_Add' is clicked on

2018-05-19 18:20:42 - [TEST_STEP][PASSED] - Statement - Break: null

2018-05-19 18:20:42 - [TEST_STEP][PASSED] - selectOptionByIndex: All options with index in [14] are selected on object 'Object Repository/HealthpostToStore/Page_Store/select_--Select--Adernaline 0.'

2018-05-19 18:20:42 - [MESSAGE][PASSED] - All options with index in [14] are selected on object 'Object Repository/HealthpostToStore/Page_Store/select_--Select--Adernaline 0.'

2018-05-19 18:20:42 - [TEST_STEP][PASSED] - delay: Delayed 2 second(s)

2018-05-19 18:20:44 - [MESSAGE][PASSED] - Delayed 2 second(s)

2018-05-19 18:20:44 - [TEST_STEP][PASSED] - Statement - RequestedQty = com.kms.katalon.core.webui.keyword.WebUiBuiltInKeywords.getAttribute(com.kms.katalon.core.testobject.ObjectRepository.findTestObject(HealthpostToStore/Page_Store/input_txttotal), "value"): Attribute 'value' of object 'Object Repository/HealthpostToStore/Page_Store/input_txttotal' is: '10'

2018-05-19 18:20:44 - [MESSAGE][PASSED] - Attribute 'value' of object 'Object Repository/HealthpostToStore/Page_Store/input_txttotal' is: '10'

2018-05-19 18:20:44 - [TEST_STEP][PASSED] - Statement - out.println("Requested QTY : " + RequestedQty): null

2018-05-19 18:20:44 - [TEST_STEP][PASSED] - Statement - BatchNumber = com.kms.katalon.core.webui.keyword.WebUiBuiltInKeywords.getNumberOfTotalOption(com.kms.katalon.core.testobject.ObjectRepository.findTestObject(HealthpostToStore/Page_Store/select_--Select--BA1170BA2376B)): 3 options of object 'Object Repository/HealthpostToStore/Page_Store/select_--Select--BA1170BA2376B' counted

2018-05-19 18:20:45 - [MESSAGE][PASSED] - 3 options of object 'Object Repository/HealthpostToStore/Page_Store/select_--Select--BA1170BA2376B' counted

2018-05-19 18:20:45 - [TEST_STEP][PASSED] - Statement - For ([g = 1, g <= BatchNumber - 1, (g++)]): null

2018-05-19 18:20:45 - [TEST_STEP][PASSED] - selectOptionByIndex: All options with index in [1] are selected on object 'Object Repository/HealthpostToStore/Page_Store/select_--Select--BA1170BA2376B'

2018-05-19 18:20:45 - [MESSAGE][PASSED] - All options with index in [1] are selected on object 'Object Repository/HealthpostToStore/Page_Store/select_--Select--BA1170BA2376B'

2018-05-19 18:20:45 - [TEST_STEP][PASSED] - Statement - Try: null

2018-05-19 18:20:45 - [TEST_STEP][PASSED] - Statement - StockQty = com.kms.katalon.core.webui.keyword.WebUiBuiltInKeywords.getAttribute(com.kms.katalon.core.testobject.ObjectRepository.findTestObject(HealthpostToStore/Page_Store/input_txtprice), "value"): Attribute 'value' of object 'Object Repository/HealthpostToStore/Page_Store/input_txtprice' is: '930'

2018-05-19 18:20:45 - [MESSAGE][PASSED] - Attribute 'value' of object 'Object Repository/HealthpostToStore/Page_Store/input_txtprice' is: '930'

2018-05-19 18:20:45 - [TEST_STEP][PASSED] - Statement - out.println("Stock QTY : " + StockQty): null

2018-05-19 18:20:45 - [TEST_STEP][PASSED] - delay: Delayed 2 second(s)

2018-05-19 18:20:47 - [MESSAGE][PASSED] - Delayed 2 second(s)

2018-05-19 18:20:47 - [TEST_STEP][PASSED] - Statement - If (java.lang.String.valueOf(StockQty) >= java.lang.String.valueOf(RequestedQty)): null

2018-05-19 18:20:47 - [TEST_STEP][PASSED] - setText: Text '10' is set on object 'Object Repository/HealthpostToStore/Page_Store/input_txtqty'

2018-05-19 18:20:47 - [MESSAGE][PASSED] - Text '10' is set on object 'Object Repository/HealthpostToStore/Page_Store/input_txtqty'

2018-05-19 18:20:47 - [TEST_STEP][PASSED] - click: Object: 'Object Repository/HealthpostToStore/Page_Store/button_Add' is clicked on

2018-05-19 18:20:52 - [MESSAGE][PASSED] - Object: 'Object Repository/HealthpostToStore/Page_Store/button_Add' is clicked on

2018-05-19 18:20:52 - [TEST_STEP][PASSED] - Statement - Break: null

2018-05-19 18:20:52 - [TEST_STEP][PASSED] - selectOptionByIndex: All options with index in [15] are selected on object 'Object Repository/HealthpostToStore/Page_Store/select_--Select--Adernaline 0.'

2018-05-19 18:20:52 - [MESSAGE][PASSED] - All options with index in [15] are selected on object 'Object Repository/HealthpostToStore/Page_Store/select_--Select--Adernaline 0.'

2018-05-19 18:20:52 - [TEST_STEP][PASSED] - delay: Delayed 2 second(s)

2018-05-19 18:20:54 - [MESSAGE][PASSED] - Delayed 2 second(s)

2018-05-19 18:20:54 - [TEST_STEP][PASSED] - Statement - RequestedQty = com.kms.katalon.core.webui.keyword.WebUiBuiltInKeywords.getAttribute(com.kms.katalon.core.testobject.ObjectRepository.findTestObject(HealthpostToStore/Page_Store/input_txttotal), "value"): Attribute 'value' of object 'Object Repository/HealthpostToStore/Page_Store/input_txttotal' is: '10'

2018-05-19 18:20:54 - [MESSAGE][PASSED] - Attribute 'value' of object 'Object Repository/HealthpostToStore/Page_Store/input_txttotal' is: '10'

2018-05-19 18:20:54 - [TEST_STEP][PASSED] - Statement - out.println("Requested QTY : " + RequestedQty): null

2018-05-19 18:20:54 - [TEST_STEP][PASSED] - Statement - BatchNumber = com.kms.katalon.core.webui.keyword.WebUiBuiltInKeywords.getNumberOfTotalOption(com.kms.katalon.core.testobject.ObjectRepository.findTestObject(HealthpostToStore/Page_Store/select_--Select--BA1170BA2376B)): 3 options of object 'Object Repository/HealthpostToStore/Page_Store/select_--Select--BA1170BA2376B' counted

2018-05-19 18:20:54 - [MESSAGE][PASSED] - 3 options of object 'Object Repository/HealthpostToStore/Page_Store/select_--Select--BA1170BA2376B' counted

2018-05-19 18:20:54 - [TEST_STEP][PASSED] - Statement - For ([g = 1, g <= BatchNumber - 1, (g++)]): null

2018-05-19 18:20:54 - [TEST_STEP][PASSED] - selectOptionByIndex: All options with index in [1] are selected on object 'Object Repository/HealthpostToStore/Page_Store/select_--Select--BA1170BA2376B'

2018-05-19 18:20:55 - [MESSAGE][PASSED] - All options with index in [1] are selected on object 'Object Repository/HealthpostToStore/Page_Store/select_--Select--BA1170BA2376B'

2018-05-19 18:20:55 - [TEST_STEP][PASSED] - Statement - Try: null

2018-05-19 18:20:55 - [TEST_STEP][PASSED] - Statement - StockQty = com.kms.katalon.core.webui.keyword.WebUiBuiltInKeywords.getAttribute(com.kms.katalon.core.testobject.ObjectRepository.findTestObject(HealthpostToStore/Page_Store/input_txtprice), "value"): Attribute 'value' of object 'Object Repository/HealthpostToStore/Page_Store/input_txtprice' is: '930'

2018-05-19 18:20:55 - [MESSAGE][PASSED] - Attribute 'value' of object 'Object Repository/HealthpostToStore/Page_Store/input_txtprice' is: '930'

2018-05-19 18:20:55 - [TEST_STEP][PASSED] - Statement - out.println("Stock QTY : " + StockQty): null

2018-05-19 18:20:55 - [TEST_STEP][PASSED] - delay: Delayed 2 second(s)

2018-05-19 18:20:57 - [MESSAGE][PASSED] - Delayed 2 second(s)

2018-05-19 18:20:57 - [TEST_STEP][PASSED] - Statement - If (java.lang.String.valueOf(StockQty) >= java.lang.String.valueOf(RequestedQty)): null

2018-05-19 18:20:57 - [TEST_STEP][PASSED] - setText: Text '10' is set on object 'Object Repository/HealthpostToStore/Page_Store/input_txtqty'

2018-05-19 18:20:57 - [MESSAGE][PASSED] - Text '10' is set on object 'Object Repository/HealthpostToStore/Page_Store/input_txtqty'

2018-05-19 18:20:57 - [TEST_STEP][PASSED] - click: Object: 'Object Repository/HealthpostToStore/Page_Store/button_Add' is clicked on

2018-05-19 18:21:02 - [MESSAGE][PASSED] - Object: 'Object Repository/HealthpostToStore/Page_Store/button_Add' is clicked on

2018-05-19 18:21:02 - [TEST_STEP][PASSED] - Statement - Break: null

2018-05-19 18:21:02 - [TEST_STEP][PASSED] - selectOptionByIndex: All options with index in [16] are selected on object 'Object Repository/HealthpostToStore/Page_Store/select_--Select--Adernaline 0.'

2018-05-19 18:21:02 - [MESSAGE][PASSED] - All options with index in [16] are selected on object 'Object Repository/HealthpostToStore/Page_Store/select_--Select--Adernaline 0.'

2018-05-19 18:21:02 - [TEST_STEP][PASSED] - delay: Delayed 2 second(s)

2018-05-19 18:21:04 - [MESSAGE][PASSED] - Delayed 2 second(s)

2018-05-19 18:21:04 - [TEST_STEP][PASSED] - Statement - RequestedQty = com.kms.katalon.core.webui.keyword.WebUiBuiltInKeywords.getAttribute(com.kms.katalon.core.testobject.ObjectRepository.findTestObject(HealthpostToStore/Page_Store/input_txttotal), "value"): Attribute 'value' of object 'Object Repository/HealthpostToStore/Page_Store/input_txttotal' is: '10'

2018-05-19 18:21:04 - [MESSAGE][PASSED] - Attribute 'value' of object 'Object Repository/HealthpostToStore/Page_Store/input_txttotal' is: '10'

2018-05-19 18:21:04 - [TEST_STEP][PASSED] - Statement - out.println("Requested QTY : " + RequestedQty): null

2018-05-19 18:21:04 - [TEST_STEP][PASSED] - Statement - BatchNumber = com.kms.katalon.core.webui.keyword.WebUiBuiltInKeywords.getNumberOfTotalOption(com.kms.katalon.core.testobject.ObjectRepository.findTestObject(HealthpostToStore/Page_Store/select_--Select--BA1170BA2376B)): 2 options of object 'Object Repository/HealthpostToStore/Page_Store/select_--Select--BA1170BA2376B' counted

2018-05-19 18:21:04 - [MESSAGE][PASSED] - 2 options of object 'Object Repository/HealthpostToStore/Page_Store/select_--Select--BA1170BA2376B' counted

2018-05-19 18:21:04 - [TEST_STEP][PASSED] - Statement - For ([g = 1, g <= BatchNumber - 1, (g++)]): null

2018-05-19 18:21:04 - [TEST_STEP][PASSED] - selectOptionByIndex: All options with index in [1] are selected on object 'Object Repository/HealthpostToStore/Page_Store/select_--Select--BA1170BA2376B'

2018-05-19 18:21:04 - [MESSAGE][PASSED] - All options with index in [1] are selected on object 'Object Repository/HealthpostToStore/Page_Store/select_--Select--BA1170BA2376B'

2018-05-19 18:21:04 - [TEST_STEP][PASSED] - Statement - Try: null

2018-05-19 18:21:04 - [TEST_STEP][PASSED] - Statement - StockQty = com.kms.katalon.core.webui.keyword.WebUiBuiltInKeywords.getAttribute(com.kms.katalon.core.testobject.ObjectRepository.findTestObject(HealthpostToStore/Page_Store/input_txtprice), "value"): Attribute 'value' of object 'Object Repository/HealthpostToStore/Page_Store/input_txtprice' is: '1030'

2018-05-19 18:21:04 - [MESSAGE][PASSED] - Attribute 'value' of object 'Object Repository/HealthpostToStore/Page_Store/input_txtprice' is: '1030'

2018-05-19 18:21:04 - [TEST_STEP][PASSED] - Statement - out.println("Stock QTY : " + StockQty): null

2018-05-19 18:21:04 - [TEST_STEP][PASSED] - delay: Delayed 2 second(s)

2018-05-19 18:21:06 - [MESSAGE][PASSED] - Delayed 2 second(s)

2018-05-19 18:21:06 - [TEST_STEP][PASSED] - Statement - If (java.lang.String.valueOf(StockQty) >= java.lang.String.valueOf(RequestedQty)): null

2018-05-19 18:21:06 - [TEST_STEP][PASSED] - setText: Text '10' is set on object 'Object Repository/HealthpostToStore/Page_Store/input_txtqty'

2018-05-19 18:21:06 - [MESSAGE][PASSED] - Text '10' is set on object 'Object Repository/HealthpostToStore/Page_Store/input_txtqty'

2018-05-19 18:21:06 - [TEST_STEP][PASSED] - click: Object: 'Object Repository/HealthpostToStore/Page_Store/button_Add' is clicked on

2018-05-19 18:21:11 - [MESSAGE][PASSED] - Object: 'Object Repository/HealthpostToStore/Page_Store/button_Add' is clicked on

2018-05-19 18:21:11 - [TEST_STEP][PASSED] - Statement - Break: null

2018-05-19 18:21:11 - [TEST_STEP][PASSED] - selectOptionByIndex: All options with index in [17] are selected on object 'Object Repository/HealthpostToStore/Page_Store/select_--Select--Adernaline 0.'

2018-05-19 18:21:12 - [MESSAGE][PASSED] - All options with index in [17] are selected on object 'Object Repository/HealthpostToStore/Page_Store/select_--Select--Adernaline 0.'

2018-05-19 18:21:12 - [TEST_STEP][PASSED] - delay: Delayed 2 second(s)

2018-05-19 18:21:14 - [MESSAGE][PASSED] - Delayed 2 second(s)

2018-05-19 18:21:14 - [TEST_STEP][PASSED] - Statement - RequestedQty = com.kms.katalon.core.webui.keyword.WebUiBuiltInKeywords.getAttribute(com.kms.katalon.core.testobject.ObjectRepository.findTestObject(HealthpostToStore/Page_Store/input_txttotal), "value"): Attribute 'value' of object 'Object Repository/HealthpostToStore/Page_Store/input_txttotal' is: '10'

2018-05-19 18:21:14 - [MESSAGE][PASSED] - Attribute 'value' of object 'Object Repository/HealthpostToStore/Page_Store/input_txttotal' is: '10'

2018-05-19 18:21:14 - [TEST_STEP][PASSED] - Statement - out.println("Requested QTY : " + RequestedQty): null

2018-05-19 18:21:14 - [TEST_STEP][PASSED] - Statement - BatchNumber = com.kms.katalon.core.webui.keyword.WebUiBuiltInKeywords.getNumberOfTotalOption(com.kms.katalon.core.testobject.ObjectRepository.findTestObject(HealthpostToStore/Page_Store/select_--Select--BA1170BA2376B)): 2 options of object 'Object Repository/HealthpostToStore/Page_Store/select_--Select--BA1170BA2376B' counted

2018-05-19 18:21:14 - [MESSAGE][PASSED] - 2 options of object 'Object Repository/HealthpostToStore/Page_Store/select_--Select--BA1170BA2376B' counted

2018-05-19 18:21:14 - [TEST_STEP][PASSED] - Statement - For ([g = 1, g <= BatchNumber - 1, (g++)]): null

2018-05-19 18:21:14 - [TEST_STEP][PASSED] - selectOptionByIndex: All options with index in [1] are selected on object 'Object Repository/HealthpostToStore/Page_Store/select_--Select--BA1170BA2376B'

2018-05-19 18:21:14 - [MESSAGE][PASSED] - All options with index in [1] are selected on object 'Object Repository/HealthpostToStore/Page_Store/select_--Select--BA1170BA2376B'

2018-05-19 18:21:14 - [TEST_STEP][PASSED] - Statement - Try: null

2018-05-19 18:21:14 - [TEST_STEP][PASSED] - Statement - StockQty = com.kms.katalon.core.webui.keyword.WebUiBuiltInKeywords.getAttribute(com.kms.katalon.core.testobject.ObjectRepository.findTestObject(HealthpostToStore/Page_Store/input_txtprice), "value"): Attribute 'value' of object 'Object Repository/HealthpostToStore/Page_Store/input_txtprice' is: '1030'

2018-05-19 18:21:14 - [MESSAGE][PASSED] - Attribute 'value' of object 'Object Repository/HealthpostToStore/Page_Store/input_txtprice' is: '1030'

2018-05-19 18:21:14 - [TEST_STEP][PASSED] - Statement - out.println("Stock QTY : " + StockQty): null

2018-05-19 18:21:14 - [TEST_STEP][PASSED] - delay: Delayed 2 second(s)

2018-05-19 18:21:16 - [MESSAGE][PASSED] - Delayed 2 second(s)

2018-05-19 18:21:16 - [TEST_STEP][PASSED] - Statement - If (java.lang.String.valueOf(StockQty) >= java.lang.String.valueOf(RequestedQty)): null

2018-05-19 18:21:16 - [TEST_STEP][PASSED] - setText: Text '10' is set on object 'Object Repository/HealthpostToStore/Page_Store/input_txtqty'

2018-05-19 18:21:16 - [MESSAGE][PASSED] - Text '10' is set on object 'Object Repository/HealthpostToStore/Page_Store/input_txtqty'

2018-05-19 18:21:16 - [TEST_STEP][PASSED] - click: Object: 'Object Repository/HealthpostToStore/Page_Store/button_Add' is clicked on

2018-05-19 18:21:21 - [MESSAGE][PASSED] - Object: 'Object Repository/HealthpostToStore/Page_Store/button_Add' is clicked on

2018-05-19 18:21:21 - [TEST_STEP][PASSED] - Statement - Break: null

2018-05-19 18:21:21 - [TEST_STEP][PASSED] - selectOptionByIndex: All options with index in [18] are selected on object 'Object Repository/HealthpostToStore/Page_Store/select_--Select--Adernaline 0.'

2018-05-19 18:21:22 - [MESSAGE][PASSED] - All options with index in [18] are selected on object 'Object Repository/HealthpostToStore/Page_Store/select_--Select--Adernaline 0.'

2018-05-19 18:21:22 - [TEST_STEP][PASSED] - delay: Delayed 2 second(s)

2018-05-19 18:21:24 - [MESSAGE][PASSED] - Delayed 2 second(s)

2018-05-19 18:21:24 - [TEST_STEP][PASSED] - Statement - RequestedQty = com.kms.katalon.core.webui.keyword.WebUiBuiltInKeywords.getAttribute(com.kms.katalon.core.testobject.ObjectRepository.findTestObject(HealthpostToStore/Page_Store/input_txttotal), "value"): Attribute 'value' of object 'Object Repository/HealthpostToStore/Page_Store/input_txttotal' is: '10'

2018-05-19 18:21:24 - [MESSAGE][PASSED] - Attribute 'value' of object 'Object Repository/HealthpostToStore/Page_Store/input_txttotal' is: '10'

2018-05-19 18:21:24 - [TEST_STEP][PASSED] - Statement - out.println("Requested QTY : " + RequestedQty): null

2018-05-19 18:21:24 - [TEST_STEP][PASSED] - Statement - BatchNumber = com.kms.katalon.core.webui.keyword.WebUiBuiltInKeywords.getNumberOfTotalOption(com.kms.katalon.core.testobject.ObjectRepository.findTestObject(HealthpostToStore/Page_Store/select_--Select--BA1170BA2376B)): 2 options of object 'Object Repository/HealthpostToStore/Page_Store/select_--Select--BA1170BA2376B' counted

2018-05-19 18:21:24 - [MESSAGE][PASSED] - 2 options of object 'Object Repository/HealthpostToStore/Page_Store/select_--Select--BA1170BA2376B' counted

2018-05-19 18:21:24 - [TEST_STEP][PASSED] - Statement - For ([g = 1, g <= BatchNumber - 1, (g++)]): null

2018-05-19 18:21:24 - [TEST_STEP][PASSED] - selectOptionByIndex: All options with index in [1] are selected on object 'Object Repository/HealthpostToStore/Page_Store/select_--Select--BA1170BA2376B'

2018-05-19 18:21:24 - [MESSAGE][PASSED] - All options with index in [1] are selected on object 'Object Repository/HealthpostToStore/Page_Store/select_--Select--BA1170BA2376B'

2018-05-19 18:21:24 - [TEST_STEP][PASSED] - Statement - Try: null

2018-05-19 18:21:24 - [TEST_STEP][PASSED] - Statement - StockQty = com.kms.katalon.core.webui.keyword.WebUiBuiltInKeywords.getAttribute(com.kms.katalon.core.testobject.ObjectRepository.findTestObject(HealthpostToStore/Page_Store/input_txtprice), "value"): Attribute 'value' of object 'Object Repository/HealthpostToStore/Page_Store/input_txtprice' is: '1030'

2018-05-19 18:21:24 - [MESSAGE][PASSED] - Attribute 'value' of object 'Object Repository/HealthpostToStore/Page_Store/input_txtprice' is: '1030'

2018-05-19 18:21:24 - [TEST_STEP][PASSED] - Statement - out.println("Stock QTY : " + StockQty): null

2018-05-19 18:21:24 - [TEST_STEP][PASSED] - delay: Delayed 2 second(s)

2018-05-19 18:21:26 - [MESSAGE][PASSED] - Delayed 2 second(s)

2018-05-19 18:21:26 - [TEST_STEP][PASSED] - Statement - If (java.lang.String.valueOf(StockQty) >= java.lang.String.valueOf(RequestedQty)): null

2018-05-19 18:21:26 - [TEST_STEP][PASSED] - setText: Text '10' is set on object 'Object Repository/HealthpostToStore/Page_Store/input_txtqty'

2018-05-19 18:21:26 - [MESSAGE][PASSED] - Text '10' is set on object 'Object Repository/HealthpostToStore/Page_Store/input_txtqty'

2018-05-19 18:21:26 - [TEST_STEP][PASSED] - click: Object: 'Object Repository/HealthpostToStore/Page_Store/button_Add' is clicked on

2018-05-19 18:21:31 - [MESSAGE][PASSED] - Object: 'Object Repository/HealthpostToStore/Page_Store/button_Add' is clicked on

2018-05-19 18:21:31 - [TEST_STEP][PASSED] - Statement - Break: null

2018-05-19 18:21:31 - [TEST_STEP][PASSED] - selectOptionByIndex: All options with index in [19] are selected on object 'Object Repository/HealthpostToStore/Page_Store/select_--Select--Adernaline 0.'

2018-05-19 18:21:31 - [MESSAGE][PASSED] - All options with index in [19] are selected on object 'Object Repository/HealthpostToStore/Page_Store/select_--Select--Adernaline 0.'

2018-05-19 18:21:31 - [TEST_STEP][PASSED] - delay: Delayed 2 second(s)

2018-05-19 18:21:33 - [MESSAGE][PASSED] - Delayed 2 second(s)

2018-05-19 18:21:33 - [TEST_STEP][PASSED] - Statement - RequestedQty = com.kms.katalon.core.webui.keyword.WebUiBuiltInKeywords.getAttribute(com.kms.katalon.core.testobject.ObjectRepository.findTestObject(HealthpostToStore/Page_Store/input_txttotal), "value"): Attribute 'value' of object 'Object Repository/HealthpostToStore/Page_Store/input_txttotal' is: '10'

2018-05-19 18:21:34 - [MESSAGE][PASSED] - Attribute 'value' of object 'Object Repository/HealthpostToStore/Page_Store/input_txttotal' is: '10'

2018-05-19 18:21:34 - [TEST_STEP][PASSED] - Statement - out.println("Requested QTY : " + RequestedQty): null

2018-05-19 18:21:34 - [TEST_STEP][PASSED] - Statement - BatchNumber = com.kms.katalon.core.webui.keyword.WebUiBuiltInKeywords.getNumberOfTotalOption(com.kms.katalon.core.testobject.ObjectRepository.findTestObject(HealthpostToStore/Page_Store/select_--Select--BA1170BA2376B)): 2 options of object 'Object Repository/HealthpostToStore/Page_Store/select_--Select--BA1170BA2376B' counted

2018-05-19 18:21:34 - [MESSAGE][PASSED] - 2 options of object 'Object Repository/HealthpostToStore/Page_Store/select_--Select--BA1170BA2376B' counted

2018-05-19 18:21:34 - [TEST_STEP][PASSED] - Statement - For ([g = 1, g <= BatchNumber - 1, (g++)]): null

2018-05-19 18:21:34 - [TEST_STEP][PASSED] - selectOptionByIndex: All options with index in [1] are selected on object 'Object Repository/HealthpostToStore/Page_Store/select_--Select--BA1170BA2376B'

2018-05-19 18:21:34 - [MESSAGE][PASSED] - All options with index in [1] are selected on object 'Object Repository/HealthpostToStore/Page_Store/select_--Select--BA1170BA2376B'

2018-05-19 18:21:34 - [TEST_STEP][PASSED] - Statement - Try: null

2018-05-19 18:21:34 - [TEST_STEP][PASSED] - Statement - StockQty = com.kms.katalon.core.webui.keyword.WebUiBuiltInKeywords.getAttribute(com.kms.katalon.core.testobject.ObjectRepository.findTestObject(HealthpostToStore/Page_Store/input_txtprice), "value"): Attribute 'value' of object 'Object Repository/HealthpostToStore/Page_Store/input_txtprice' is: '1030'

2018-05-19 18:21:34 - [MESSAGE][PASSED] - Attribute 'value' of object 'Object Repository/HealthpostToStore/Page_Store/input_txtprice' is: '1030'

2018-05-19 18:21:34 - [TEST_STEP][PASSED] - Statement - out.println("Stock QTY : " + StockQty): null

2018-05-19 18:21:34 - [TEST_STEP][PASSED] - delay: Delayed 2 second(s)

2018-05-19 18:21:36 - [MESSAGE][PASSED] - Delayed 2 second(s)

2018-05-19 18:21:36 - [TEST_STEP][PASSED] - Statement - If (java.lang.String.valueOf(StockQty) >= java.lang.String.valueOf(RequestedQty)): null

2018-05-19 18:21:36 - [TEST_STEP][PASSED] - setText: Text '10' is set on object 'Object Repository/HealthpostToStore/Page_Store/input_txtqty'

2018-05-19 18:21:36 - [MESSAGE][PASSED] - Text '10' is set on object 'Object Repository/HealthpostToStore/Page_Store/input_txtqty'

2018-05-19 18:21:36 - [TEST_STEP][PASSED] - click: Object: 'Object Repository/HealthpostToStore/Page_Store/button_Add' is clicked on

2018-05-19 18:21:41 - [MESSAGE][PASSED] - Object: 'Object Repository/HealthpostToStore/Page_Store/button_Add' is clicked on

2018-05-19 18:21:41 - [TEST_STEP][PASSED] - Statement - Break: null

2018-05-19 18:21:41 - [TEST_STEP][PASSED] - selectOptionByIndex: All options with index in [20] are selected on object 'Object Repository/HealthpostToStore/Page_Store/select_--Select--Adernaline 0.'

2018-05-19 18:21:41 - [MESSAGE][PASSED] - All options with index in [20] are selected on object 'Object Repository/HealthpostToStore/Page_Store/select_--Select--Adernaline 0.'

2018-05-19 18:21:41 - [TEST_STEP][PASSED] - delay: Delayed 2 second(s)

2018-05-19 18:21:43 - [MESSAGE][PASSED] - Delayed 2 second(s)

2018-05-19 18:21:43 - [TEST_STEP][PASSED] - Statement - RequestedQty = com.kms.katalon.core.webui.keyword.WebUiBuiltInKeywords.getAttribute(com.kms.katalon.core.testobject.ObjectRepository.findTestObject(HealthpostToStore/Page_Store/input_txttotal), "value"): Attribute 'value' of object 'Object Repository/HealthpostToStore/Page_Store/input_txttotal' is: '10'

2018-05-19 18:21:43 - [MESSAGE][PASSED] - Attribute 'value' of object 'Object Repository/HealthpostToStore/Page_Store/input_txttotal' is: '10'

2018-05-19 18:21:43 - [TEST_STEP][PASSED] - Statement - out.println("Requested QTY : " + RequestedQty): null

2018-05-19 18:21:43 - [TEST_STEP][PASSED] - Statement - BatchNumber = com.kms.katalon.core.webui.keyword.WebUiBuiltInKeywords.getNumberOfTotalOption(com.kms.katalon.core.testobject.ObjectRepository.findTestObject(HealthpostToStore/Page_Store/select_--Select--BA1170BA2376B)): 2 options of object 'Object Repository/HealthpostToStore/Page_Store/select_--Select--BA1170BA2376B' counted

2018-05-19 18:21:43 - [MESSAGE][PASSED] - 2 options of object 'Object Repository/HealthpostToStore/Page_Store/select_--Select--BA1170BA2376B' counted

2018-05-19 18:21:43 - [TEST_STEP][PASSED] - Statement - For ([g = 1, g <= BatchNumber - 1, (g++)]): null

2018-05-19 18:21:43 - [TEST_STEP][PASSED] - selectOptionByIndex: All options with index in [1] are selected on object 'Object Repository/HealthpostToStore/Page_Store/select_--Select--BA1170BA2376B'

2018-05-19 18:21:43 - [MESSAGE][PASSED] - All options with index in [1] are selected on object 'Object Repository/HealthpostToStore/Page_Store/select_--Select--BA1170BA2376B'

2018-05-19 18:21:43 - [TEST_STEP][PASSED] - Statement - Try: null

2018-05-19 18:21:43 - [TEST_STEP][PASSED] - Statement - StockQty = com.kms.katalon.core.webui.keyword.WebUiBuiltInKeywords.getAttribute(com.kms.katalon.core.testobject.ObjectRepository.findTestObject(HealthpostToStore/Page_Store/input_txtprice), "value"): Attribute 'value' of object 'Object Repository/HealthpostToStore/Page_Store/input_txtprice' is: '1030'

2018-05-19 18:21:43 - [MESSAGE][PASSED] - Attribute 'value' of object 'Object Repository/HealthpostToStore/Page_Store/input_txtprice' is: '1030'

2018-05-19 18:21:43 - [TEST_STEP][PASSED] - Statement - out.println("Stock QTY : " + StockQty): null

2018-05-19 18:21:43 - [TEST_STEP][PASSED] - delay: Delayed 2 second(s)

2018-05-19 18:21:45 - [MESSAGE][PASSED] - Delayed 2 second(s)

2018-05-19 18:21:45 - [TEST_STEP][PASSED] - Statement - If (java.lang.String.valueOf(StockQty) >= java.lang.String.valueOf(RequestedQty)): null

2018-05-19 18:21:45 - [TEST_STEP][PASSED] - setText: Text '10' is set on object 'Object Repository/HealthpostToStore/Page_Store/input_txtqty'

2018-05-19 18:21:46 - [MESSAGE][PASSED] - Text '10' is set on object 'Object Repository/HealthpostToStore/Page_Store/input_txtqty'

2018-05-19 18:21:46 - [TEST_STEP][PASSED] - click: Object: 'Object Repository/HealthpostToStore/Page_Store/button_Add' is clicked on

2018-05-19 18:21:51 - [MESSAGE][PASSED] - Object: 'Object Repository/HealthpostToStore/Page_Store/button_Add' is clicked on

2018-05-19 18:21:51 - [TEST_STEP][PASSED] - Statement - Break: null

2018-05-19 18:21:51 - [TEST_STEP][PASSED] - selectOptionByIndex: All options with index in [21] are selected on object 'Object Repository/HealthpostToStore/Page_Store/select_--Select--Adernaline 0.'

2018-05-19 18:21:51 - [MESSAGE][PASSED] - All options with index in [21] are selected on object 'Object Repository/HealthpostToStore/Page_Store/select_--Select--Adernaline 0.'

2018-05-19 18:21:51 - [TEST_STEP][PASSED] - delay: Delayed 2 second(s)

2018-05-19 18:21:53 - [MESSAGE][PASSED] - Delayed 2 second(s)

2018-05-19 18:21:53 - [TEST_STEP][PASSED] - Statement - RequestedQty = com.kms.katalon.core.webui.keyword.WebUiBuiltInKeywords.getAttribute(com.kms.katalon.core.testobject.ObjectRepository.findTestObject(HealthpostToStore/Page_Store/input_txttotal), "value"): Attribute 'value' of object 'Object Repository/HealthpostToStore/Page_Store/input_txttotal' is: '10'

2018-05-19 18:21:53 - [MESSAGE][PASSED] - Attribute 'value' of object 'Object Repository/HealthpostToStore/Page_Store/input_txttotal' is: '10'

2018-05-19 18:21:53 - [TEST_STEP][PASSED] - Statement - out.println("Requested QTY : " + RequestedQty): null

2018-05-19 18:21:53 - [TEST_STEP][PASSED] - Statement - BatchNumber = com.kms.katalon.core.webui.keyword.WebUiBuiltInKeywords.getNumberOfTotalOption(com.kms.katalon.core.testobject.ObjectRepository.findTestObject(HealthpostToStore/Page_Store/select_--Select--BA1170BA2376B)): 3 options of object 'Object Repository/HealthpostToStore/Page_Store/select_--Select--BA1170BA2376B' counted

2018-05-19 18:21:53 - [MESSAGE][PASSED] - 3 options of object 'Object Repository/HealthpostToStore/Page_Store/select_--Select--BA1170BA2376B' counted

2018-05-19 18:21:53 - [TEST_STEP][PASSED] - Statement - For ([g = 1, g <= BatchNumber - 1, (g++)]): null

2018-05-19 18:21:53 - [TEST_STEP][PASSED] - selectOptionByIndex: All options with index in [1] are selected on object 'Object Repository/HealthpostToStore/Page_Store/select_--Select--BA1170BA2376B'

2018-05-19 18:21:53 - [MESSAGE][PASSED] - All options with index in [1] are selected on object 'Object Repository/HealthpostToStore/Page_Store/select_--Select--BA1170BA2376B'

2018-05-19 18:21:53 - [TEST_STEP][PASSED] - Statement - Try: null

2018-05-19 18:21:53 - [TEST_STEP][PASSED] - Statement - StockQty = com.kms.katalon.core.webui.keyword.WebUiBuiltInKeywords.getAttribute(com.kms.katalon.core.testobject.ObjectRepository.findTestObject(HealthpostToStore/Page_Store/input_txtprice), "value"): Attribute 'value' of object 'Object Repository/HealthpostToStore/Page_Store/input_txtprice' is: '930'

2018-05-19 18:21:53 - [MESSAGE][PASSED] - Attribute 'value' of object 'Object Repository/HealthpostToStore/Page_Store/input_txtprice' is: '930'

2018-05-19 18:21:53 - [TEST_STEP][PASSED] - Statement - out.println("Stock QTY : " + StockQty): null

2018-05-19 18:21:53 - [TEST_STEP][PASSED] - delay: Delayed 2 second(s)

2018-05-19 18:21:55 - [MESSAGE][PASSED] - Delayed 2 second(s)

2018-05-19 18:21:55 - [TEST_STEP][PASSED] - Statement - If (java.lang.String.valueOf(StockQty) >= java.lang.String.valueOf(RequestedQty)): null

2018-05-19 18:21:55 - [TEST_STEP][PASSED] - setText: Text '10' is set on object 'Object Repository/HealthpostToStore/Page_Store/input_txtqty'

2018-05-19 18:21:55 - [MESSAGE][PASSED] - Text '10' is set on object 'Object Repository/HealthpostToStore/Page_Store/input_txtqty'

2018-05-19 18:21:55 - [TEST_STEP][PASSED] - click: Object: 'Object Repository/HealthpostToStore/Page_Store/button_Add' is clicked on

2018-05-19 18:22:00 - [MESSAGE][PASSED] - Object: 'Object Repository/HealthpostToStore/Page_Store/button_Add' is clicked on

2018-05-19 18:22:00 - [TEST_STEP][PASSED] - Statement - Break: null

2018-05-19 18:22:00 - [TEST_STEP][PASSED] - selectOptionByIndex: All options with index in [22] are selected on object 'Object Repository/HealthpostToStore/Page_Store/select_--Select--Adernaline 0.'

2018-05-19 18:22:01 - [MESSAGE][PASSED] - All options with index in [22] are selected on object 'Object Repository/HealthpostToStore/Page_Store/select_--Select--Adernaline 0.'

2018-05-19 18:22:01 - [TEST_STEP][PASSED] - delay: Delayed 2 second(s)

2018-05-19 18:22:03 - [MESSAGE][PASSED] - Delayed 2 second(s)

2018-05-19 18:22:03 - [TEST_STEP][PASSED] - Statement - RequestedQty = com.kms.katalon.core.webui.keyword.WebUiBuiltInKeywords.getAttribute(com.kms.katalon.core.testobject.ObjectRepository.findTestObject(HealthpostToStore/Page_Store/input_txttotal), "value"): Attribute 'value' of object 'Object Repository/HealthpostToStore/Page_Store/input_txttotal' is: '10'

2018-05-19 18:22:03 - [MESSAGE][PASSED] - Attribute 'value' of object 'Object Repository/HealthpostToStore/Page_Store/input_txttotal' is: '10'

2018-05-19 18:22:03 - [TEST_STEP][PASSED] - Statement - out.println("Requested QTY : " + RequestedQty): null

2018-05-19 18:22:03 - [TEST_STEP][PASSED] - Statement - BatchNumber = com.kms.katalon.core.webui.keyword.WebUiBuiltInKeywords.getNumberOfTotalOption(com.kms.katalon.core.testobject.ObjectRepository.findTestObject(HealthpostToStore/Page_Store/select_--Select--BA1170BA2376B)): 3 options of object 'Object Repository/HealthpostToStore/Page_Store/select_--Select--BA1170BA2376B' counted

2018-05-19 18:22:03 - [MESSAGE][PASSED] - 3 options of object 'Object Repository/HealthpostToStore/Page_Store/select_--Select--BA1170BA2376B' counted

2018-05-19 18:22:03 - [TEST_STEP][PASSED] - Statement - For ([g = 1, g <= BatchNumber - 1, (g++)]): null

2018-05-19 18:22:03 - [TEST_STEP][PASSED] - selectOptionByIndex: All options with index in [1] are selected on object 'Object Repository/HealthpostToStore/Page_Store/select_--Select--BA1170BA2376B'

2018-05-19 18:22:03 - [MESSAGE][PASSED] - All options with index in [1] are selected on object 'Object Repository/HealthpostToStore/Page_Store/select_--Select--BA1170BA2376B'

2018-05-19 18:22:03 - [TEST_STEP][PASSED] - Statement - Try: null

2018-05-19 18:22:03 - [TEST_STEP][PASSED] - Statement - StockQty = com.kms.katalon.core.webui.keyword.WebUiBuiltInKeywords.getAttribute(com.kms.katalon.core.testobject.ObjectRepository.findTestObject(HealthpostToStore/Page_Store/input_txtprice), "value"): Attribute 'value' of object 'Object Repository/HealthpostToStore/Page_Store/input_txtprice' is: '930'

2018-05-19 18:22:03 - [MESSAGE][PASSED] - Attribute 'value' of object 'Object Repository/HealthpostToStore/Page_Store/input_txtprice' is: '930'

2018-05-19 18:22:03 - [TEST_STEP][PASSED] - Statement - out.println("Stock QTY : " + StockQty): null

2018-05-19 18:22:03 - [TEST_STEP][PASSED] - delay: Delayed 2 second(s)

2018-05-19 18:22:05 - [MESSAGE][PASSED] - Delayed 2 second(s)

2018-05-19 18:22:05 - [TEST_STEP][PASSED] - Statement - If (java.lang.String.valueOf(StockQty) >= java.lang.String.valueOf(RequestedQty)): null

2018-05-19 18:22:05 - [TEST_STEP][PASSED] - setText: Text '10' is set on object 'Object Repository/HealthpostToStore/Page_Store/input_txtqty'

2018-05-19 18:22:05 - [MESSAGE][PASSED] - Text '10' is set on object 'Object Repository/HealthpostToStore/Page_Store/input_txtqty'

2018-05-19 18:22:05 - [TEST_STEP][PASSED] - click: Object: 'Object Repository/HealthpostToStore/Page_Store/button_Add' is clicked on

2018-05-19 18:22:10 - [MESSAGE][PASSED] - Object: 'Object Repository/HealthpostToStore/Page_Store/button_Add' is clicked on

2018-05-19 18:22:10 - [TEST_STEP][PASSED] - Statement - Break: null

2018-05-19 18:22:10 - [TEST_STEP][PASSED] - selectOptionByIndex: All options with index in [23] are selected on object 'Object Repository/HealthpostToStore/Page_Store/select_--Select--Adernaline 0.'

2018-05-19 18:22:11 - [MESSAGE][PASSED] - All options with index in [23] are selected on object 'Object Repository/HealthpostToStore/Page_Store/select_--Select--Adernaline 0.'

2018-05-19 18:22:11 - [TEST_STEP][PASSED] - delay: Delayed 2 second(s)

2018-05-19 18:22:13 - [MESSAGE][PASSED] - Delayed 2 second(s)

2018-05-19 18:22:13 - [TEST_STEP][PASSED] - Statement - RequestedQty = com.kms.katalon.core.webui.keyword.WebUiBuiltInKeywords.getAttribute(com.kms.katalon.core.testobject.ObjectRepository.findTestObject(HealthpostToStore/Page_Store/input_txttotal), "value"): Attribute 'value' of object 'Object Repository/HealthpostToStore/Page_Store/input_txttotal' is: '10'

2018-05-19 18:22:13 - [MESSAGE][PASSED] - Attribute 'value' of object 'Object Repository/HealthpostToStore/Page_Store/input_txttotal' is: '10'

2018-05-19 18:22:13 - [TEST_STEP][PASSED] - Statement - out.println("Requested QTY : " + RequestedQty): null

2018-05-19 18:22:13 - [TEST_STEP][PASSED] - Statement - BatchNumber = com.kms.katalon.core.webui.keyword.WebUiBuiltInKeywords.getNumberOfTotalOption(com.kms.katalon.core.testobject.ObjectRepository.findTestObject(HealthpostToStore/Page_Store/select_--Select--BA1170BA2376B)): 3 options of object 'Object Repository/HealthpostToStore/Page_Store/select_--Select--BA1170BA2376B' counted

2018-05-19 18:22:13 - [MESSAGE][PASSED] - 3 options of object 'Object Repository/HealthpostToStore/Page_Store/select_--Select--BA1170BA2376B' counted

2018-05-19 18:22:13 - [TEST_STEP][PASSED] - Statement - For ([g = 1, g <= BatchNumber - 1, (g++)]): null

2018-05-19 18:22:13 - [TEST_STEP][PASSED] - selectOptionByIndex: All options with index in [1] are selected on object 'Object Repository/HealthpostToStore/Page_Store/select_--Select--BA1170BA2376B'

2018-05-19 18:22:13 - [MESSAGE][PASSED] - All options with index in [1] are selected on object 'Object Repository/HealthpostToStore/Page_Store/select_--Select--BA1170BA2376B'

2018-05-19 18:22:13 - [TEST_STEP][PASSED] - Statement - Try: null

2018-05-19 18:22:13 - [TEST_STEP][PASSED] - Statement - StockQty = com.kms.katalon.core.webui.keyword.WebUiBuiltInKeywords.getAttribute(com.kms.katalon.core.testobject.ObjectRepository.findTestObject(HealthpostToStore/Page_Store/input_txtprice), "value"): Attribute 'value' of object 'Object Repository/HealthpostToStore/Page_Store/input_txtprice' is: '930'

2018-05-19 18:22:13 - [MESSAGE][PASSED] - Attribute 'value' of object 'Object Repository/HealthpostToStore/Page_Store/input_txtprice' is: '930'

2018-05-19 18:22:13 - [TEST_STEP][PASSED] - Statement - out.println("Stock QTY : " + StockQty): null

2018-05-19 18:22:13 - [TEST_STEP][PASSED] - delay: Delayed 2 second(s)

2018-05-19 18:22:15 - [MESSAGE][PASSED] - Delayed 2 second(s)

2018-05-19 18:22:15 - [TEST_STEP][PASSED] - Statement - If (java.lang.String.valueOf(StockQty) >= java.lang.String.valueOf(RequestedQty)): null

2018-05-19 18:22:15 - [TEST_STEP][PASSED] - setText: Text '10' is set on object 'Object Repository/HealthpostToStore/Page_Store/input_txtqty'

2018-05-19 18:22:15 - [MESSAGE][PASSED] - Text '10' is set on object 'Object Repository/HealthpostToStore/Page_Store/input_txtqty'

2018-05-19 18:22:15 - [TEST_STEP][PASSED] - click: Object: 'Object Repository/HealthpostToStore/Page_Store/button_Add' is clicked on

2018-05-19 18:22:20 - [MESSAGE][PASSED] - Object: 'Object Repository/HealthpostToStore/Page_Store/button_Add' is clicked on

2018-05-19 18:22:20 - [TEST_STEP][PASSED] - Statement - Break: null

2018-05-19 18:22:20 - [TEST_STEP][PASSED] - selectOptionByIndex: All options with index in [24] are selected on object 'Object Repository/HealthpostToStore/Page_Store/select_--Select--Adernaline 0.'

2018-05-19 18:22:21 - [MESSAGE][PASSED] - All options with index in [24] are selected on object 'Object Repository/HealthpostToStore/Page_Store/select_--Select--Adernaline 0.'

2018-05-19 18:22:21 - [TEST_STEP][PASSED] - delay: Delayed 2 second(s)

2018-05-19 18:22:23 - [MESSAGE][PASSED] - Delayed 2 second(s)

2018-05-19 18:22:23 - [TEST_STEP][PASSED] - Statement - RequestedQty = com.kms.katalon.core.webui.keyword.WebUiBuiltInKeywords.getAttribute(com.kms.katalon.core.testobject.ObjectRepository.findTestObject(HealthpostToStore/Page_Store/input_txttotal), "value"): Attribute 'value' of object 'Object Repository/HealthpostToStore/Page_Store/input_txttotal' is: '10'

2018-05-19 18:22:23 - [MESSAGE][PASSED] - Attribute 'value' of object 'Object Repository/HealthpostToStore/Page_Store/input_txttotal' is: '10'

2018-05-19 18:22:23 - [TEST_STEP][PASSED] - Statement - out.println("Requested QTY : " + RequestedQty): null

2018-05-19 18:22:23 - [TEST_STEP][PASSED] - Statement - BatchNumber = com.kms.katalon.core.webui.keyword.WebUiBuiltInKeywords.getNumberOfTotalOption(com.kms.katalon.core.testobject.ObjectRepository.findTestObject(HealthpostToStore/Page_Store/select_--Select--BA1170BA2376B)): 3 options of object 'Object Repository/HealthpostToStore/Page_Store/select_--Select--BA1170BA2376B' counted

2018-05-19 18:22:23 - [MESSAGE][PASSED] - 3 options of object 'Object Repository/HealthpostToStore/Page_Store/select_--Select--BA1170BA2376B' counted

2018-05-19 18:22:23 - [TEST_STEP][PASSED] - Statement - For ([g = 1, g <= BatchNumber - 1, (g++)]): null

2018-05-19 18:22:23 - [TEST_STEP][PASSED] - selectOptionByIndex: All options with index in [1] are selected on object 'Object Repository/HealthpostToStore/Page_Store/select_--Select--BA1170BA2376B'

2018-05-19 18:22:23 - [MESSAGE][PASSED] - All options with index in [1] are selected on object 'Object Repository/HealthpostToStore/Page_Store/select_--Select--BA1170BA2376B'

2018-05-19 18:22:23 - [TEST_STEP][PASSED] - Statement - Try: null

2018-05-19 18:22:23 - [TEST_STEP][PASSED] - Statement - StockQty = com.kms.katalon.core.webui.keyword.WebUiBuiltInKeywords.getAttribute(com.kms.katalon.core.testobject.ObjectRepository.findTestObject(HealthpostToStore/Page_Store/input_txtprice), "value"): Attribute 'value' of object 'Object Repository/HealthpostToStore/Page_Store/input_txtprice' is: '930'

2018-05-19 18:22:23 - [MESSAGE][PASSED] - Attribute 'value' of object 'Object Repository/HealthpostToStore/Page_Store/input_txtprice' is: '930'

2018-05-19 18:22:23 - [TEST_STEP][PASSED] - Statement - out.println("Stock QTY : " + StockQty): null

2018-05-19 18:22:23 - [TEST_STEP][PASSED] - delay: Delayed 2 second(s)

2018-05-19 18:22:25 - [MESSAGE][PASSED] - Delayed 2 second(s)

2018-05-19 18:22:25 - [TEST_STEP][PASSED] - Statement - If (java.lang.String.valueOf(StockQty) >= java.lang.String.valueOf(RequestedQty)): null

2018-05-19 18:22:25 - [TEST_STEP][PASSED] - setText: Text '10' is set on object 'Object Repository/HealthpostToStore/Page_Store/input_txtqty'

2018-05-19 18:22:25 - [MESSAGE][PASSED] - Text '10' is set on object 'Object Repository/HealthpostToStore/Page_Store/input_txtqty'

2018-05-19 18:22:25 - [TEST_STEP][PASSED] - click: Object: 'Object Repository/HealthpostToStore/Page_Store/button_Add' is clicked on

2018-05-19 18:22:30 - [MESSAGE][PASSED] - Object: 'Object Repository/HealthpostToStore/Page_Store/button_Add' is clicked on

2018-05-19 18:22:30 - [TEST_STEP][PASSED] - Statement - Break: null

2018-05-19 18:22:30 - [TEST_STEP][PASSED] - selectOptionByIndex: All options with index in [25] are selected on object 'Object Repository/HealthpostToStore/Page_Store/select_--Select--Adernaline 0.'

2018-05-19 18:22:30 - [MESSAGE][PASSED] - All options with index in [25] are selected on object 'Object Repository/HealthpostToStore/Page_Store/select_--Select--Adernaline 0.'

2018-05-19 18:22:30 - [TEST_STEP][PASSED] - delay: Delayed 2 second(s)

2018-05-19 18:22:32 - [MESSAGE][PASSED] - Delayed 2 second(s)

2018-05-19 18:22:32 - [TEST_STEP][PASSED] - Statement - RequestedQty = com.kms.katalon.core.webui.keyword.WebUiBuiltInKeywords.getAttribute(com.kms.katalon.core.testobject.ObjectRepository.findTestObject(HealthpostToStore/Page_Store/input_txttotal), "value"): Attribute 'value' of object 'Object Repository/HealthpostToStore/Page_Store/input_txttotal' is: '10'

2018-05-19 18:22:32 - [MESSAGE][PASSED] - Attribute 'value' of object 'Object Repository/HealthpostToStore/Page_Store/input_txttotal' is: '10'

2018-05-19 18:22:32 - [TEST_STEP][PASSED] - Statement - out.println("Requested QTY : " + RequestedQty): null

2018-05-19 18:22:32 - [TEST_STEP][PASSED] - Statement - BatchNumber = com.kms.katalon.core.webui.keyword.WebUiBuiltInKeywords.getNumberOfTotalOption(com.kms.katalon.core.testobject.ObjectRepository.findTestObject(HealthpostToStore/Page_Store/select_--Select--BA1170BA2376B)): 2 options of object 'Object Repository/HealthpostToStore/Page_Store/select_--Select--BA1170BA2376B' counted

2018-05-19 18:22:32 - [MESSAGE][PASSED] - 2 options of object 'Object Repository/HealthpostToStore/Page_Store/select_--Select--BA1170BA2376B' counted

2018-05-19 18:22:32 - [TEST_STEP][PASSED] - Statement - For ([g = 1, g <= BatchNumber - 1, (g++)]): null

2018-05-19 18:22:32 - [TEST_STEP][PASSED] - selectOptionByIndex: All options with index in [1] are selected on object 'Object Repository/HealthpostToStore/Page_Store/select_--Select--BA1170BA2376B'

2018-05-19 18:22:33 - [MESSAGE][PASSED] - All options with index in [1] are selected on object 'Object Repository/HealthpostToStore/Page_Store/select_--Select--BA1170BA2376B'

2018-05-19 18:22:33 - [TEST_STEP][PASSED] - Statement - Try: null

2018-05-19 18:22:33 - [TEST_STEP][PASSED] - Statement - StockQty = com.kms.katalon.core.webui.keyword.WebUiBuiltInKeywords.getAttribute(com.kms.katalon.core.testobject.ObjectRepository.findTestObject(HealthpostToStore/Page_Store/input_txtprice), "value"): Attribute 'value' of object 'Object Repository/HealthpostToStore/Page_Store/input_txtprice' is: '1030'

2018-05-19 18:22:33 - [MESSAGE][PASSED] - Attribute 'value' of object 'Object Repository/HealthpostToStore/Page_Store/input_txtprice' is: '1030'

2018-05-19 18:22:33 - [TEST_STEP][PASSED] - Statement - out.println("Stock QTY : " + StockQty): null

2018-05-19 18:22:33 - [TEST_STEP][PASSED] - delay: Delayed 2 second(s)

2018-05-19 18:22:35 - [MESSAGE][PASSED] - Delayed 2 second(s)

2018-05-19 18:22:35 - [TEST_STEP][PASSED] - Statement - If (java.lang.String.valueOf(StockQty) >= java.lang.String.valueOf(RequestedQty)): null

2018-05-19 18:22:35 - [TEST_STEP][PASSED] - setText: Text '10' is set on object 'Object Repository/HealthpostToStore/Page_Store/input_txtqty'

2018-05-19 18:22:35 - [MESSAGE][PASSED] - Text '10' is set on object 'Object Repository/HealthpostToStore/Page_Store/input_txtqty'

2018-05-19 18:22:35 - [TEST_STEP][PASSED] - click: Object: 'Object Repository/HealthpostToStore/Page_Store/button_Add' is clicked on

2018-05-19 18:22:40 - [MESSAGE][PASSED] - Object: 'Object Repository/HealthpostToStore/Page_Store/button_Add' is clicked on

2018-05-19 18:22:40 - [TEST_STEP][PASSED] - Statement - Break: null

2018-05-19 18:22:40 - [TEST_STEP][PASSED] - selectOptionByIndex: All options with index in [26] are selected on object 'Object Repository/HealthpostToStore/Page_Store/select_--Select--Adernaline 0.'

2018-05-19 18:22:40 - [MESSAGE][PASSED] - All options with index in [26] are selected on object 'Object Repository/HealthpostToStore/Page_Store/select_--Select--Adernaline 0.'

2018-05-19 18:22:40 - [TEST_STEP][PASSED] - delay: Delayed 2 second(s)

2018-05-19 18:22:42 - [MESSAGE][PASSED] - Delayed 2 second(s)

2018-05-19 18:22:42 - [TEST_STEP][PASSED] - Statement - RequestedQty = com.kms.katalon.core.webui.keyword.WebUiBuiltInKeywords.getAttribute(com.kms.katalon.core.testobject.ObjectRepository.findTestObject(HealthpostToStore/Page_Store/input_txttotal), "value"): Attribute 'value' of object 'Object Repository/HealthpostToStore/Page_Store/input_txttotal' is: '10'

2018-05-19 18:22:42 - [MESSAGE][PASSED] - Attribute 'value' of object 'Object Repository/HealthpostToStore/Page_Store/input_txttotal' is: '10'

2018-05-19 18:22:42 - [TEST_STEP][PASSED] - Statement - out.println("Requested QTY : " + RequestedQty): null

2018-05-19 18:22:42 - [TEST_STEP][PASSED] - Statement - BatchNumber = com.kms.katalon.core.webui.keyword.WebUiBuiltInKeywords.getNumberOfTotalOption(com.kms.katalon.core.testobject.ObjectRepository.findTestObject(HealthpostToStore/Page_Store/select_--Select--BA1170BA2376B)): 3 options of object 'Object Repository/HealthpostToStore/Page_Store/select_--Select--BA1170BA2376B' counted

2018-05-19 18:22:42 - [MESSAGE][PASSED] - 3 options of object 'Object Repository/HealthpostToStore/Page_Store/select_--Select--BA1170BA2376B' counted

2018-05-19 18:22:42 - [TEST_STEP][PASSED] - Statement - For ([g = 1, g <= BatchNumber - 1, (g++)]): null

2018-05-19 18:22:42 - [TEST_STEP][PASSED] - selectOptionByIndex: All options with index in [1] are selected on object 'Object Repository/HealthpostToStore/Page_Store/select_--Select--BA1170BA2376B'

2018-05-19 18:22:42 - [MESSAGE][PASSED] - All options with index in [1] are selected on object 'Object Repository/HealthpostToStore/Page_Store/select_--Select--BA1170BA2376B'

2018-05-19 18:22:42 - [TEST_STEP][PASSED] - Statement - Try: null

2018-05-19 18:22:42 - [TEST_STEP][PASSED] - Statement - StockQty = com.kms.katalon.core.webui.keyword.WebUiBuiltInKeywords.getAttribute(com.kms.katalon.core.testobject.ObjectRepository.findTestObject(HealthpostToStore/Page_Store/input_txtprice), "value"): Attribute 'value' of object 'Object Repository/HealthpostToStore/Page_Store/input_txtprice' is: '930'

2018-05-19 18:22:42 - [MESSAGE][PASSED] - Attribute 'value' of object 'Object Repository/HealthpostToStore/Page_Store/input_txtprice' is: '930'

2018-05-19 18:22:42 - [TEST_STEP][PASSED] - Statement - out.println("Stock QTY : " + StockQty): null

2018-05-19 18:22:42 - [TEST_STEP][PASSED] - delay: Delayed 2 second(s)

2018-05-19 18:22:44 - [MESSAGE][PASSED] - Delayed 2 second(s)

2018-05-19 18:22:44 - [TEST_STEP][PASSED] - Statement - If (java.lang.String.valueOf(StockQty) >= java.lang.String.valueOf(RequestedQty)): null

2018-05-19 18:22:44 - [TEST_STEP][PASSED] - setText: Text '10' is set on object 'Object Repository/HealthpostToStore/Page_Store/input_txtqty'

2018-05-19 18:22:44 - [MESSAGE][PASSED] - Text '10' is set on object 'Object Repository/HealthpostToStore/Page_Store/input_txtqty'

2018-05-19 18:22:44 - [TEST_STEP][PASSED] - click: Object: 'Object Repository/HealthpostToStore/Page_Store/button_Add' is clicked on

2018-05-19 18:22:50 - [MESSAGE][PASSED] - Object: 'Object Repository/HealthpostToStore/Page_Store/button_Add' is clicked on

2018-05-19 18:22:50 - [TEST_STEP][PASSED] - Statement - Break: null

2018-05-19 18:22:50 - [TEST_STEP][PASSED] - selectOptionByIndex: All options with index in [27] are selected on object 'Object Repository/HealthpostToStore/Page_Store/select_--Select--Adernaline 0.'

2018-05-19 18:22:50 - [MESSAGE][PASSED] - All options with index in [27] are selected on object 'Object Repository/HealthpostToStore/Page_Store/select_--Select--Adernaline 0.'

2018-05-19 18:22:50 - [TEST_STEP][PASSED] - delay: Delayed 2 second(s)

2018-05-19 18:22:52 - [MESSAGE][PASSED] - Delayed 2 second(s)

2018-05-19 18:22:52 - [TEST_STEP][PASSED] - Statement - RequestedQty = com.kms.katalon.core.webui.keyword.WebUiBuiltInKeywords.getAttribute(com.kms.katalon.core.testobject.ObjectRepository.findTestObject(HealthpostToStore/Page_Store/input_txttotal), "value"): Attribute 'value' of object 'Object Repository/HealthpostToStore/Page_Store/input_txttotal' is: '10'

2018-05-19 18:22:52 - [MESSAGE][PASSED] - Attribute 'value' of object 'Object Repository/HealthpostToStore/Page_Store/input_txttotal' is: '10'

2018-05-19 18:22:52 - [TEST_STEP][PASSED] - Statement - out.println("Requested QTY : " + RequestedQty): null

2018-05-19 18:22:52 - [TEST_STEP][PASSED] - Statement - BatchNumber = com.kms.katalon.core.webui.keyword.WebUiBuiltInKeywords.getNumberOfTotalOption(com.kms.katalon.core.testobject.ObjectRepository.findTestObject(HealthpostToStore/Page_Store/select_--Select--BA1170BA2376B)): 3 options of object 'Object Repository/HealthpostToStore/Page_Store/select_--Select--BA1170BA2376B' counted

2018-05-19 18:22:52 - [MESSAGE][PASSED] - 3 options of object 'Object Repository/HealthpostToStore/Page_Store/select_--Select--BA1170BA2376B' counted

2018-05-19 18:22:52 - [TEST_STEP][PASSED] - Statement - For ([g = 1, g <= BatchNumber - 1, (g++)]): null

2018-05-19 18:22:52 - [TEST_STEP][PASSED] - selectOptionByIndex: All options with index in [1] are selected on object 'Object Repository/HealthpostToStore/Page_Store/select_--Select--BA1170BA2376B'

2018-05-19 18:22:52 - [MESSAGE][PASSED] - All options with index in [1] are selected on object 'Object Repository/HealthpostToStore/Page_Store/select_--Select--BA1170BA2376B'

2018-05-19 18:22:52 - [TEST_STEP][PASSED] - Statement - Try: null

2018-05-19 18:22:52 - [TEST_STEP][PASSED] - Statement - StockQty = com.kms.katalon.core.webui.keyword.WebUiBuiltInKeywords.getAttribute(com.kms.katalon.core.testobject.ObjectRepository.findTestObject(HealthpostToStore/Page_Store/input_txtprice), "value"): Attribute 'value' of object 'Object Repository/HealthpostToStore/Page_Store/input_txtprice' is: '930'

2018-05-19 18:22:52 - [MESSAGE][PASSED] - Attribute 'value' of object 'Object Repository/HealthpostToStore/Page_Store/input_txtprice' is: '930'

2018-05-19 18:22:52 - [TEST_STEP][PASSED] - Statement - out.println("Stock QTY : " + StockQty): null

2018-05-19 18:22:52 - [TEST_STEP][PASSED] - delay: Delayed 2 second(s)

2018-05-19 18:22:54 - [MESSAGE][PASSED] - Delayed 2 second(s)

2018-05-19 18:22:54 - [TEST_STEP][PASSED] - Statement - If (java.lang.String.valueOf(StockQty) >= java.lang.String.valueOf(RequestedQty)): null

2018-05-19 18:22:54 - [TEST_STEP][PASSED] - setText: Text '10' is set on object 'Object Repository/HealthpostToStore/Page_Store/input_txtqty'

2018-05-19 18:22:54 - [MESSAGE][PASSED] - Text '10' is set on object 'Object Repository/HealthpostToStore/Page_Store/input_txtqty'

2018-05-19 18:22:54 - [TEST_STEP][PASSED] - click: Object: 'Object Repository/HealthpostToStore/Page_Store/button_Add' is clicked on

2018-05-19 18:22:59 - [MESSAGE][PASSED] - Object: 'Object Repository/HealthpostToStore/Page_Store/button_Add' is clicked on

2018-05-19 18:22:59 - [TEST_STEP][PASSED] - Statement - Break: null

2018-05-19 18:22:59 - [TEST_STEP][PASSED] - selectOptionByIndex: All options with index in [28] are selected on object 'Object Repository/HealthpostToStore/Page_Store/select_--Select--Adernaline 0.'

2018-05-19 18:23:00 - [MESSAGE][PASSED] - All options with index in [28] are selected on object 'Object Repository/HealthpostToStore/Page_Store/select_--Select--Adernaline 0.'

2018-05-19 18:23:00 - [TEST_STEP][PASSED] - delay: Delayed 2 second(s)

2018-05-19 18:23:02 - [MESSAGE][PASSED] - Delayed 2 second(s)

2018-05-19 18:23:02 - [TEST_STEP][PASSED] - Statement - RequestedQty = com.kms.katalon.core.webui.keyword.WebUiBuiltInKeywords.getAttribute(com.kms.katalon.core.testobject.ObjectRepository.findTestObject(HealthpostToStore/Page_Store/input_txttotal), "value"): Attribute 'value' of object 'Object Repository/HealthpostToStore/Page_Store/input_txttotal' is: '10'

2018-05-19 18:23:02 - [MESSAGE][PASSED] - Attribute 'value' of object 'Object Repository/HealthpostToStore/Page_Store/input_txttotal' is: '10'

2018-05-19 18:23:02 - [TEST_STEP][PASSED] - Statement - out.println("Requested QTY : " + RequestedQty): null

2018-05-19 18:23:02 - [TEST_STEP][PASSED] - Statement - BatchNumber = com.kms.katalon.core.webui.keyword.WebUiBuiltInKeywords.getNumberOfTotalOption(com.kms.katalon.core.testobject.ObjectRepository.findTestObject(HealthpostToStore/Page_Store/select_--Select--BA1170BA2376B)): 3 options of object 'Object Repository/HealthpostToStore/Page_Store/select_--Select--BA1170BA2376B' counted

2018-05-19 18:23:02 - [MESSAGE][PASSED] - 3 options of object 'Object Repository/HealthpostToStore/Page_Store/select_--Select--BA1170BA2376B' counted

2018-05-19 18:23:02 - [TEST_STEP][PASSED] - Statement - For ([g = 1, g <= BatchNumber - 1, (g++)]): null

2018-05-19 18:23:02 - [TEST_STEP][PASSED] - selectOptionByIndex: All options with index in [1] are selected on object 'Object Repository/HealthpostToStore/Page_Store/select_--Select--BA1170BA2376B'

2018-05-19 18:23:02 - [MESSAGE][PASSED] - All options with index in [1] are selected on object 'Object Repository/HealthpostToStore/Page_Store/select_--Select--BA1170BA2376B'

2018-05-19 18:23:02 - [TEST_STEP][PASSED] - Statement - Try: null

2018-05-19 18:23:02 - [TEST_STEP][PASSED] - Statement - StockQty = com.kms.katalon.core.webui.keyword.WebUiBuiltInKeywords.getAttribute(com.kms.katalon.core.testobject.ObjectRepository.findTestObject(HealthpostToStore/Page_Store/input_txtprice), "value"): Attribute 'value' of object 'Object Repository/HealthpostToStore/Page_Store/input_txtprice' is: '930'

2018-05-19 18:23:02 - [MESSAGE][PASSED] - Attribute 'value' of object 'Object Repository/HealthpostToStore/Page_Store/input_txtprice' is: '930'

2018-05-19 18:23:02 - [TEST_STEP][PASSED] - Statement - out.println("Stock QTY : " + StockQty): null

2018-05-19 18:23:02 - [TEST_STEP][PASSED] - delay: Delayed 2 second(s)

2018-05-19 18:23:04 - [MESSAGE][PASSED] - Delayed 2 second(s)

2018-05-19 18:23:04 - [TEST_STEP][PASSED] - Statement - If (java.lang.String.valueOf(StockQty) >= java.lang.String.valueOf(RequestedQty)): null

2018-05-19 18:23:04 - [TEST_STEP][PASSED] - setText: Text '10' is set on object 'Object Repository/HealthpostToStore/Page_Store/input_txtqty'

2018-05-19 18:23:04 - [MESSAGE][PASSED] - Text '10' is set on object 'Object Repository/HealthpostToStore/Page_Store/input_txtqty'

2018-05-19 18:23:04 - [TEST_STEP][PASSED] - click: Object: 'Object Repository/HealthpostToStore/Page_Store/button_Add' is clicked on

2018-05-19 18:23:09 - [MESSAGE][PASSED] - Object: 'Object Repository/HealthpostToStore/Page_Store/button_Add' is clicked on

2018-05-19 18:23:09 - [TEST_STEP][PASSED] - Statement - Break: null

2018-05-19 18:23:09 - [TEST_STEP][PASSED] - selectOptionByIndex: All options with index in [29] are selected on object 'Object Repository/HealthpostToStore/Page_Store/select_--Select--Adernaline 0.'

2018-05-19 18:23:10 - [MESSAGE][PASSED] - All options with index in [29] are selected on object 'Object Repository/HealthpostToStore/Page_Store/select_--Select--Adernaline 0.'

2018-05-19 18:23:10 - [TEST_STEP][PASSED] - delay: Delayed 2 second(s)

2018-05-19 18:23:12 - [MESSAGE][PASSED] - Delayed 2 second(s)

2018-05-19 18:23:12 - [TEST_STEP][PASSED] - Statement - RequestedQty = com.kms.katalon.core.webui.keyword.WebUiBuiltInKeywords.getAttribute(com.kms.katalon.core.testobject.ObjectRepository.findTestObject(HealthpostToStore/Page_Store/input_txttotal), "value"): Attribute 'value' of object 'Object Repository/HealthpostToStore/Page_Store/input_txttotal' is: '10'

2018-05-19 18:23:12 - [MESSAGE][PASSED] - Attribute 'value' of object 'Object Repository/HealthpostToStore/Page_Store/input_txttotal' is: '10'

2018-05-19 18:23:12 - [TEST_STEP][PASSED] - Statement - out.println("Requested QTY : " + RequestedQty): null

2018-05-19 18:23:12 - [TEST_STEP][PASSED] - Statement - BatchNumber = com.kms.katalon.core.webui.keyword.WebUiBuiltInKeywords.getNumberOfTotalOption(com.kms.katalon.core.testobject.ObjectRepository.findTestObject(HealthpostToStore/Page_Store/select_--Select--BA1170BA2376B)): 2 options of object 'Object Repository/HealthpostToStore/Page_Store/select_--Select--BA1170BA2376B' counted

2018-05-19 18:23:12 - [MESSAGE][PASSED] - 2 options of object 'Object Repository/HealthpostToStore/Page_Store/select_--Select--BA1170BA2376B' counted

2018-05-19 18:23:12 - [TEST_STEP][PASSED] - Statement - For ([g = 1, g <= BatchNumber - 1, (g++)]): null

2018-05-19 18:23:12 - [TEST_STEP][PASSED] - selectOptionByIndex: All options with index in [1] are selected on object 'Object Repository/HealthpostToStore/Page_Store/select_--Select--BA1170BA2376B'

2018-05-19 18:23:12 - [MESSAGE][PASSED] - All options with index in [1] are selected on object 'Object Repository/HealthpostToStore/Page_Store/select_--Select--BA1170BA2376B'

2018-05-19 18:23:12 - [TEST_STEP][PASSED] - Statement - Try: null

2018-05-19 18:23:12 - [TEST_STEP][PASSED] - Statement - StockQty = com.kms.katalon.core.webui.keyword.WebUiBuiltInKeywords.getAttribute(com.kms.katalon.core.testobject.ObjectRepository.findTestObject(HealthpostToStore/Page_Store/input_txtprice), "value"): Attribute 'value' of object 'Object Repository/HealthpostToStore/Page_Store/input_txtprice' is: '1030'

2018-05-19 18:23:12 - [MESSAGE][PASSED] - Attribute 'value' of object 'Object Repository/HealthpostToStore/Page_Store/input_txtprice' is: '1030'

2018-05-19 18:23:12 - [TEST_STEP][PASSED] - Statement - out.println("Stock QTY : " + StockQty): null

2018-05-19 18:23:12 - [TEST_STEP][PASSED] - delay: Delayed 2 second(s)

2018-05-19 18:23:14 - [MESSAGE][PASSED] - Delayed 2 second(s)

2018-05-19 18:23:14 - [TEST_STEP][PASSED] - Statement - If (java.lang.String.valueOf(StockQty) >= java.lang.String.valueOf(RequestedQty)): null

2018-05-19 18:23:14 - [TEST_STEP][PASSED] - setText: Text '10' is set on object 'Object Repository/HealthpostToStore/Page_Store/input_txtqty'

2018-05-19 18:23:14 - [MESSAGE][PASSED] - Text '10' is set on object 'Object Repository/HealthpostToStore/Page_Store/input_txtqty'

2018-05-19 18:23:14 - [TEST_STEP][PASSED] - click: Object: 'Object Repository/HealthpostToStore/Page_Store/button_Add' is clicked on

2018-05-19 18:23:19 - [MESSAGE][PASSED] - Object: 'Object Repository/HealthpostToStore/Page_Store/button_Add' is clicked on

2018-05-19 18:23:19 - [TEST_STEP][PASSED] - Statement - Break: null

2018-05-19 18:23:19 - [TEST_STEP][PASSED] - selectOptionByIndex: All options with index in [30] are selected on object 'Object Repository/HealthpostToStore/Page_Store/select_--Select--Adernaline 0.'

2018-05-19 18:23:20 - [MESSAGE][PASSED] - All options with index in [30] are selected on object 'Object Repository/HealthpostToStore/Page_Store/select_--Select--Adernaline 0.'

2018-05-19 18:23:20 - [TEST_STEP][PASSED] - delay: Delayed 2 second(s)

2018-05-19 18:23:22 - [MESSAGE][PASSED] - Delayed 2 second(s)

2018-05-19 18:23:22 - [TEST_STEP][PASSED] - Statement - RequestedQty = com.kms.katalon.core.webui.keyword.WebUiBuiltInKeywords.getAttribute(com.kms.katalon.core.testobject.ObjectRepository.findTestObject(HealthpostToStore/Page_Store/input_txttotal), "value"): Attribute 'value' of object 'Object Repository/HealthpostToStore/Page_Store/input_txttotal' is: '10'

2018-05-19 18:23:22 - [MESSAGE][PASSED] - Attribute 'value' of object 'Object Repository/HealthpostToStore/Page_Store/input_txttotal' is: '10'

2018-05-19 18:23:22 - [TEST_STEP][PASSED] - Statement - out.println("Requested QTY : " + RequestedQty): null

2018-05-19 18:23:22 - [TEST_STEP][PASSED] - Statement - BatchNumber = com.kms.katalon.core.webui.keyword.WebUiBuiltInKeywords.getNumberOfTotalOption(com.kms.katalon.core.testobject.ObjectRepository.findTestObject(HealthpostToStore/Page_Store/select_--Select--BA1170BA2376B)): 3 options of object 'Object Repository/HealthpostToStore/Page_Store/select_--Select--BA1170BA2376B' counted

2018-05-19 18:23:22 - [MESSAGE][PASSED] - 3 options of object 'Object Repository/HealthpostToStore/Page_Store/select_--Select--BA1170BA2376B' counted

2018-05-19 18:23:22 - [TEST_STEP][PASSED] - Statement - For ([g = 1, g <= BatchNumber - 1, (g++)]): null

2018-05-19 18:23:22 - [TEST_STEP][PASSED] - selectOptionByIndex: All options with index in [1] are selected on object 'Object Repository/HealthpostToStore/Page_Store/select_--Select--BA1170BA2376B'

2018-05-19 18:23:22 - [MESSAGE][PASSED] - All options with index in [1] are selected on object 'Object Repository/HealthpostToStore/Page_Store/select_--Select--BA1170BA2376B'

2018-05-19 18:23:22 - [TEST_STEP][PASSED] - Statement - Try: null

2018-05-19 18:23:22 - [TEST_STEP][PASSED] - Statement - StockQty = com.kms.katalon.core.webui.keyword.WebUiBuiltInKeywords.getAttribute(com.kms.katalon.core.testobject.ObjectRepository.findTestObject(HealthpostToStore/Page_Store/input_txtprice), "value"): Attribute 'value' of object 'Object Repository/HealthpostToStore/Page_Store/input_txtprice' is: '930'

2018-05-19 18:23:22 - [MESSAGE][PASSED] - Attribute 'value' of object 'Object Repository/HealthpostToStore/Page_Store/input_txtprice' is: '930'

2018-05-19 18:23:22 - [TEST_STEP][PASSED] - Statement - out.println("Stock QTY : " + StockQty): null

2018-05-19 18:23:22 - [TEST_STEP][PASSED] - delay: Delayed 2 second(s)

2018-05-19 18:23:24 - [MESSAGE][PASSED] - Delayed 2 second(s)

2018-05-19 18:23:24 - [TEST_STEP][PASSED] - Statement - If (java.lang.String.valueOf(StockQty) >= java.lang.String.valueOf(RequestedQty)): null

2018-05-19 18:23:24 - [TEST_STEP][PASSED] - setText: Text '10' is set on object 'Object Repository/HealthpostToStore/Page_Store/input_txtqty'

2018-05-19 18:23:24 - [MESSAGE][PASSED] - Text '10' is set on object 'Object Repository/HealthpostToStore/Page_Store/input_txtqty'

2018-05-19 18:23:24 - [TEST_STEP][PASSED] - click: Object: 'Object Repository/HealthpostToStore/Page_Store/button_Add' is clicked on

2018-05-19 18:23:29 - [MESSAGE][PASSED] - Object: 'Object Repository/HealthpostToStore/Page_Store/button_Add' is clicked on

2018-05-19 18:23:29 - [TEST_STEP][PASSED] - Statement - Break: null

2018-05-19 18:23:29 - [TEST_STEP][PASSED] - selectOptionByIndex: All options with index in [31] are selected on object 'Object Repository/HealthpostToStore/Page_Store/select_--Select--Adernaline 0.'

2018-05-19 18:23:29 - [MESSAGE][PASSED] - All options with index in [31] are selected on object 'Object Repository/HealthpostToStore/Page_Store/select_--Select--Adernaline 0.'

2018-05-19 18:23:29 - [TEST_STEP][PASSED] - delay: Delayed 2 second(s)

2018-05-19 18:23:31 - [MESSAGE][PASSED] - Delayed 2 second(s)

2018-05-19 18:23:31 - [TEST_STEP][PASSED] - Statement - RequestedQty = com.kms.katalon.core.webui.keyword.WebUiBuiltInKeywords.getAttribute(com.kms.katalon.core.testobject.ObjectRepository.findTestObject(HealthpostToStore/Page_Store/input_txttotal), "value"): Attribute 'value' of object 'Object Repository/HealthpostToStore/Page_Store/input_txttotal' is: '10'

2018-05-19 18:23:31 - [MESSAGE][PASSED] - Attribute 'value' of object 'Object Repository/HealthpostToStore/Page_Store/input_txttotal' is: '10'

2018-05-19 18:23:31 - [TEST_STEP][PASSED] - Statement - out.println("Requested QTY : " + RequestedQty): null

2018-05-19 18:23:31 - [TEST_STEP][PASSED] - Statement - BatchNumber = com.kms.katalon.core.webui.keyword.WebUiBuiltInKeywords.getNumberOfTotalOption(com.kms.katalon.core.testobject.ObjectRepository.findTestObject(HealthpostToStore/Page_Store/select_--Select--BA1170BA2376B)): 3 options of object 'Object Repository/HealthpostToStore/Page_Store/select_--Select--BA1170BA2376B' counted

2018-05-19 18:23:31 - [MESSAGE][PASSED] - 3 options of object 'Object Repository/HealthpostToStore/Page_Store/select_--Select--BA1170BA2376B' counted

2018-05-19 18:23:31 - [TEST_STEP][PASSED] - Statement - For ([g = 1, g <= BatchNumber - 1, (g++)]): null

2018-05-19 18:23:31 - [TEST_STEP][PASSED] - selectOptionByIndex: All options with index in [1] are selected on object 'Object Repository/HealthpostToStore/Page_Store/select_--Select--BA1170BA2376B'

2018-05-19 18:23:32 - [MESSAGE][PASSED] - All options with index in [1] are selected on object 'Object Repository/HealthpostToStore/Page_Store/select_--Select--BA1170BA2376B'

2018-05-19 18:23:32 - [TEST_STEP][PASSED] - Statement - Try: null

2018-05-19 18:23:32 - [TEST_STEP][PASSED] - Statement - StockQty = com.kms.katalon.core.webui.keyword.WebUiBuiltInKeywords.getAttribute(com.kms.katalon.core.testobject.ObjectRepository.findTestObject(HealthpostToStore/Page_Store/input_txtprice), "value"): Attribute 'value' of object 'Object Repository/HealthpostToStore/Page_Store/input_txtprice' is: '930'

2018-05-19 18:23:32 - [MESSAGE][PASSED] - Attribute 'value' of object 'Object Repository/HealthpostToStore/Page_Store/input_txtprice' is: '930'

2018-05-19 18:23:32 - [TEST_STEP][PASSED] - Statement - out.println("Stock QTY : " + StockQty): null

2018-05-19 18:23:32 - [TEST_STEP][PASSED] - delay: Delayed 2 second(s)

2018-05-19 18:23:34 - [MESSAGE][PASSED] - Delayed 2 second(s)

2018-05-19 18:23:34 - [TEST_STEP][PASSED] - Statement - If (java.lang.String.valueOf(StockQty) >= java.lang.String.valueOf(RequestedQty)): null

2018-05-19 18:23:34 - [TEST_STEP][PASSED] - setText: Text '10' is set on object 'Object Repository/HealthpostToStore/Page_Store/input_txtqty'

2018-05-19 18:23:34 - [MESSAGE][PASSED] - Text '10' is set on object 'Object Repository/HealthpostToStore/Page_Store/input_txtqty'

2018-05-19 18:23:34 - [TEST_STEP][PASSED] - click: Object: 'Object Repository/HealthpostToStore/Page_Store/button_Add' is clicked on

2018-05-19 18:23:39 - [MESSAGE][PASSED] - Object: 'Object Repository/HealthpostToStore/Page_Store/button_Add' is clicked on

2018-05-19 18:23:39 - [TEST_STEP][PASSED] - Statement - Break: null

2018-05-19 18:23:39 - [TEST_STEP][PASSED] - selectOptionByIndex: All options with index in [32] are selected on object 'Object Repository/HealthpostToStore/Page_Store/select_--Select--Adernaline 0.'

2018-05-19 18:23:39 - [MESSAGE][PASSED] - All options with index in [32] are selected on object 'Object Repository/HealthpostToStore/Page_Store/select_--Select--Adernaline 0.'

2018-05-19 18:23:39 - [TEST_STEP][PASSED] - delay: Delayed 2 second(s)

2018-05-19 18:23:41 - [MESSAGE][PASSED] - Delayed 2 second(s)

2018-05-19 18:23:41 - [TEST_STEP][PASSED] - Statement - RequestedQty = com.kms.katalon.core.webui.keyword.WebUiBuiltInKeywords.getAttribute(com.kms.katalon.core.testobject.ObjectRepository.findTestObject(HealthpostToStore/Page_Store/input_txttotal), "value"): Attribute 'value' of object 'Object Repository/HealthpostToStore/Page_Store/input_txttotal' is: '10'

2018-05-19 18:23:41 - [MESSAGE][PASSED] - Attribute 'value' of object 'Object Repository/HealthpostToStore/Page_Store/input_txttotal' is: '10'

2018-05-19 18:23:41 - [TEST_STEP][PASSED] - Statement - out.println("Requested QTY : " + RequestedQty): null

2018-05-19 18:23:41 - [TEST_STEP][PASSED] - Statement - BatchNumber = com.kms.katalon.core.webui.keyword.WebUiBuiltInKeywords.getNumberOfTotalOption(com.kms.katalon.core.testobject.ObjectRepository.findTestObject(HealthpostToStore/Page_Store/select_--Select--BA1170BA2376B)): 2 options of object 'Object Repository/HealthpostToStore/Page_Store/select_--Select--BA1170BA2376B' counted

2018-05-19 18:23:41 - [MESSAGE][PASSED] - 2 options of object 'Object Repository/HealthpostToStore/Page_Store/select_--Select--BA1170BA2376B' counted

2018-05-19 18:23:41 - [TEST_STEP][PASSED] - Statement - For ([g = 1, g <= BatchNumber - 1, (g++)]): null

2018-05-19 18:23:41 - [TEST_STEP][PASSED] - selectOptionByIndex: All options with index in [1] are selected on object 'Object Repository/HealthpostToStore/Page_Store/select_--Select--BA1170BA2376B'

2018-05-19 18:23:41 - [MESSAGE][PASSED] - All options with index in [1] are selected on object 'Object Repository/HealthpostToStore/Page_Store/select_--Select--BA1170BA2376B'

2018-05-19 18:23:41 - [TEST_STEP][PASSED] - Statement - Try: null

2018-05-19 18:23:41 - [TEST_STEP][PASSED] - Statement - StockQty = com.kms.katalon.core.webui.keyword.WebUiBuiltInKeywords.getAttribute(com.kms.katalon.core.testobject.ObjectRepository.findTestObject(HealthpostToStore/Page_Store/input_txtprice), "value"): Attribute 'value' of object 'Object Repository/HealthpostToStore/Page_Store/input_txtprice' is: '1030'

2018-05-19 18:23:41 - [MESSAGE][PASSED] - Attribute 'value' of object 'Object Repository/HealthpostToStore/Page_Store/input_txtprice' is: '1030'

2018-05-19 18:23:41 - [TEST_STEP][PASSED] - Statement - out.println("Stock QTY : " + StockQty): null

2018-05-19 18:23:41 - [TEST_STEP][PASSED] - delay: Delayed 2 second(s)

2018-05-19 18:23:43 - [MESSAGE][PASSED] - Delayed 2 second(s)

2018-05-19 18:23:43 - [TEST_STEP][PASSED] - Statement - If (java.lang.String.valueOf(StockQty) >= java.lang.String.valueOf(RequestedQty)): null

2018-05-19 18:23:43 - [TEST_STEP][PASSED] - setText: Text '10' is set on object 'Object Repository/HealthpostToStore/Page_Store/input_txtqty'

2018-05-19 18:23:44 - [MESSAGE][PASSED] - Text '10' is set on object 'Object Repository/HealthpostToStore/Page_Store/input_txtqty'

2018-05-19 18:23:44 - [TEST_STEP][PASSED] - click: Object: 'Object Repository/HealthpostToStore/Page_Store/button_Add' is clicked on

2018-05-19 18:23:49 - [MESSAGE][PASSED] - Object: 'Object Repository/HealthpostToStore/Page_Store/button_Add' is clicked on

2018-05-19 18:23:49 - [TEST_STEP][PASSED] - Statement - Break: null

2018-05-19 18:23:49 - [TEST_STEP][PASSED] - selectOptionByIndex: All options with index in [33] are selected on object 'Object Repository/HealthpostToStore/Page_Store/select_--Select--Adernaline 0.'

2018-05-19 18:23:49 - [MESSAGE][PASSED] - All options with index in [33] are selected on object 'Object Repository/HealthpostToStore/Page_Store/select_--Select--Adernaline 0.'

2018-05-19 18:23:49 - [TEST_STEP][PASSED] - delay: Delayed 2 second(s)

2018-05-19 18:23:51 - [MESSAGE][PASSED] - Delayed 2 second(s)

2018-05-19 18:23:51 - [TEST_STEP][PASSED] - Statement - RequestedQty = com.kms.katalon.core.webui.keyword.WebUiBuiltInKeywords.getAttribute(com.kms.katalon.core.testobject.ObjectRepository.findTestObject(HealthpostToStore/Page_Store/input_txttotal), "value"): Attribute 'value' of object 'Object Repository/HealthpostToStore/Page_Store/input_txttotal' is: '10'

2018-05-19 18:23:51 - [MESSAGE][PASSED] - Attribute 'value' of object 'Object Repository/HealthpostToStore/Page_Store/input_txttotal' is: '10'

2018-05-19 18:23:51 - [TEST_STEP][PASSED] - Statement - out.println("Requested QTY : " + RequestedQty): null

2018-05-19 18:23:51 - [TEST_STEP][PASSED] - Statement - BatchNumber = com.kms.katalon.core.webui.keyword.WebUiBuiltInKeywords.getNumberOfTotalOption(com.kms.katalon.core.testobject.ObjectRepository.findTestObject(HealthpostToStore/Page_Store/select_--Select--BA1170BA2376B)): 3 options of object 'Object Repository/HealthpostToStore/Page_Store/select_--Select--BA1170BA2376B' counted

2018-05-19 18:23:51 - [MESSAGE][PASSED] - 3 options of object 'Object Repository/HealthpostToStore/Page_Store/select_--Select--BA1170BA2376B' counted

2018-05-19 18:23:51 - [TEST_STEP][PASSED] - Statement - For ([g = 1, g <= BatchNumber - 1, (g++)]): null

2018-05-19 18:23:51 - [TEST_STEP][PASSED] - selectOptionByIndex: All options with index in [1] are selected on object 'Object Repository/HealthpostToStore/Page_Store/select_--Select--BA1170BA2376B'

2018-05-19 18:23:51 - [MESSAGE][PASSED] - All options with index in [1] are selected on object 'Object Repository/HealthpostToStore/Page_Store/select_--Select--BA1170BA2376B'

2018-05-19 18:23:51 - [TEST_STEP][PASSED] - Statement - Try: null

2018-05-19 18:23:51 - [TEST_STEP][PASSED] - Statement - StockQty = com.kms.katalon.core.webui.keyword.WebUiBuiltInKeywords.getAttribute(com.kms.katalon.core.testobject.ObjectRepository.findTestObject(HealthpostToStore/Page_Store/input_txtprice), "value"): Attribute 'value' of object 'Object Repository/HealthpostToStore/Page_Store/input_txtprice' is: '930'

2018-05-19 18:23:51 - [MESSAGE][PASSED] - Attribute 'value' of object 'Object Repository/HealthpostToStore/Page_Store/input_txtprice' is: '930'

2018-05-19 18:23:51 - [TEST_STEP][PASSED] - Statement - out.println("Stock QTY : " + StockQty): null

2018-05-19 18:23:51 - [TEST_STEP][PASSED] - delay: Delayed 2 second(s)

2018-05-19 18:23:53 - [MESSAGE][PASSED] - Delayed 2 second(s)

2018-05-19 18:23:53 - [TEST_STEP][PASSED] - Statement - If (java.lang.String.valueOf(StockQty) >= java.lang.String.valueOf(RequestedQty)): null

2018-05-19 18:23:53 - [TEST_STEP][PASSED] - setText: Text '10' is set on object 'Object Repository/HealthpostToStore/Page_Store/input_txtqty'

2018-05-19 18:23:54 - [MESSAGE][PASSED] - Text '10' is set on object 'Object Repository/HealthpostToStore/Page_Store/input_txtqty'

2018-05-19 18:23:54 - [TEST_STEP][PASSED] - click: Object: 'Object Repository/HealthpostToStore/Page_Store/button_Add' is clicked on

2018-05-19 18:23:59 - [MESSAGE][PASSED] - Object: 'Object Repository/HealthpostToStore/Page_Store/button_Add' is clicked on

2018-05-19 18:23:59 - [TEST_STEP][PASSED] - Statement - Break: null

2018-05-19 18:23:59 - [TEST_STEP][PASSED] - selectOptionByIndex: All options with index in [34] are selected on object 'Object Repository/HealthpostToStore/Page_Store/select_--Select--Adernaline 0.'

2018-05-19 18:23:59 - [MESSAGE][PASSED] - All options with index in [34] are selected on object 'Object Repository/HealthpostToStore/Page_Store/select_--Select--Adernaline 0.'

2018-05-19 18:23:59 - [TEST_STEP][PASSED] - delay: Delayed 2 second(s)

2018-05-19 18:24:01 - [MESSAGE][PASSED] - Delayed 2 second(s)

2018-05-19 18:24:01 - [TEST_STEP][PASSED] - Statement - RequestedQty = com.kms.katalon.core.webui.keyword.WebUiBuiltInKeywords.getAttribute(com.kms.katalon.core.testobject.ObjectRepository.findTestObject(HealthpostToStore/Page_Store/input_txttotal), "value"): Attribute 'value' of object 'Object Repository/HealthpostToStore/Page_Store/input_txttotal' is: '10'

2018-05-19 18:24:01 - [MESSAGE][PASSED] - Attribute 'value' of object 'Object Repository/HealthpostToStore/Page_Store/input_txttotal' is: '10'

2018-05-19 18:24:01 - [TEST_STEP][PASSED] - Statement - out.println("Requested QTY : " + RequestedQty): null

2018-05-19 18:24:01 - [TEST_STEP][PASSED] - Statement - BatchNumber = com.kms.katalon.core.webui.keyword.WebUiBuiltInKeywords.getNumberOfTotalOption(com.kms.katalon.core.testobject.ObjectRepository.findTestObject(HealthpostToStore/Page_Store/select_--Select--BA1170BA2376B)): 2 options of object 'Object Repository/HealthpostToStore/Page_Store/select_--Select--BA1170BA2376B' counted

2018-05-19 18:24:01 - [MESSAGE][PASSED] - 2 options of object 'Object Repository/HealthpostToStore/Page_Store/select_--Select--BA1170BA2376B' counted

2018-05-19 18:24:01 - [TEST_STEP][PASSED] - Statement - For ([g = 1, g <= BatchNumber - 1, (g++)]): null

2018-05-19 18:24:01 - [TEST_STEP][PASSED] - selectOptionByIndex: All options with index in [1] are selected on object 'Object Repository/HealthpostToStore/Page_Store/select_--Select--BA1170BA2376B'

2018-05-19 18:24:01 - [MESSAGE][PASSED] - All options with index in [1] are selected on object 'Object Repository/HealthpostToStore/Page_Store/select_--Select--BA1170BA2376B'

2018-05-19 18:24:01 - [TEST_STEP][PASSED] - Statement - Try: null

2018-05-19 18:24:01 - [TEST_STEP][PASSED] - Statement - StockQty = com.kms.katalon.core.webui.keyword.WebUiBuiltInKeywords.getAttribute(com.kms.katalon.core.testobject.ObjectRepository.findTestObject(HealthpostToStore/Page_Store/input_txtprice), "value"): Attribute 'value' of object 'Object Repository/HealthpostToStore/Page_Store/input_txtprice' is: '1030'

2018-05-19 18:24:01 - [MESSAGE][PASSED] - Attribute 'value' of object 'Object Repository/HealthpostToStore/Page_Store/input_txtprice' is: '1030'

2018-05-19 18:24:01 - [TEST_STEP][PASSED] - Statement - out.println("Stock QTY : " + StockQty): null

2018-05-19 18:24:01 - [TEST_STEP][PASSED] - delay: Delayed 2 second(s)

2018-05-19 18:24:03 - [MESSAGE][PASSED] - Delayed 2 second(s)

2018-05-19 18:24:03 - [TEST_STEP][PASSED] - Statement - If (java.lang.String.valueOf(StockQty) >= java.lang.String.valueOf(RequestedQty)): null

2018-05-19 18:24:03 - [TEST_STEP][PASSED] - setText: Text '10' is set on object 'Object Repository/HealthpostToStore/Page_Store/input_txtqty'

2018-05-19 18:24:03 - [MESSAGE][PASSED] - Text '10' is set on object 'Object Repository/HealthpostToStore/Page_Store/input_txtqty'

2018-05-19 18:24:03 - [TEST_STEP][PASSED] - click: Object: 'Object Repository/HealthpostToStore/Page_Store/button_Add' is clicked on

2018-05-19 18:24:09 - [MESSAGE][PASSED] - Object: 'Object Repository/HealthpostToStore/Page_Store/button_Add' is clicked on

2018-05-19 18:24:09 - [TEST_STEP][PASSED] - Statement - Break: null

2018-05-19 18:24:09 - [TEST_STEP][PASSED] - selectOptionByIndex: All options with index in [35] are selected on object 'Object Repository/HealthpostToStore/Page_Store/select_--Select--Adernaline 0.'

2018-05-19 18:24:09 - [MESSAGE][PASSED] - All options with index in [35] are selected on object 'Object Repository/HealthpostToStore/Page_Store/select_--Select--Adernaline 0.'

2018-05-19 18:24:09 - [TEST_STEP][PASSED] - delay: Delayed 2 second(s)

2018-05-19 18:24:11 - [MESSAGE][PASSED] - Delayed 2 second(s)

2018-05-19 18:24:11 - [TEST_STEP][PASSED] - Statement - RequestedQty = com.kms.katalon.core.webui.keyword.WebUiBuiltInKeywords.getAttribute(com.kms.katalon.core.testobject.ObjectRepository.findTestObject(HealthpostToStore/Page_Store/input_txttotal), "value"): Attribute 'value' of object 'Object Repository/HealthpostToStore/Page_Store/input_txttotal' is: '10'

2018-05-19 18:24:11 - [MESSAGE][PASSED] - Attribute 'value' of object 'Object Repository/HealthpostToStore/Page_Store/input_txttotal' is: '10'

2018-05-19 18:24:11 - [TEST_STEP][PASSED] - Statement - out.println("Requested QTY : " + RequestedQty): null

2018-05-19 18:24:11 - [TEST_STEP][PASSED] - Statement - BatchNumber = com.kms.katalon.core.webui.keyword.WebUiBuiltInKeywords.getNumberOfTotalOption(com.kms.katalon.core.testobject.ObjectRepository.findTestObject(HealthpostToStore/Page_Store/select_--Select--BA1170BA2376B)): 3 options of object 'Object Repository/HealthpostToStore/Page_Store/select_--Select--BA1170BA2376B' counted

2018-05-19 18:24:11 - [MESSAGE][PASSED] - 3 options of object 'Object Repository/HealthpostToStore/Page_Store/select_--Select--BA1170BA2376B' counted

2018-05-19 18:24:11 - [TEST_STEP][PASSED] - Statement - For ([g = 1, g <= BatchNumber - 1, (g++)]): null

2018-05-19 18:24:11 - [TEST_STEP][PASSED] - selectOptionByIndex: All options with index in [1] are selected on object 'Object Repository/HealthpostToStore/Page_Store/select_--Select--BA1170BA2376B'

2018-05-19 18:24:11 - [MESSAGE][PASSED] - All options with index in [1] are selected on object 'Object Repository/HealthpostToStore/Page_Store/select_--Select--BA1170BA2376B'

2018-05-19 18:24:11 - [TEST_STEP][PASSED] - Statement - Try: null

2018-05-19 18:24:11 - [TEST_STEP][PASSED] - Statement - StockQty = com.kms.katalon.core.webui.keyword.WebUiBuiltInKeywords.getAttribute(com.kms.katalon.core.testobject.ObjectRepository.findTestObject(HealthpostToStore/Page_Store/input_txtprice), "value"): Attribute 'value' of object 'Object Repository/HealthpostToStore/Page_Store/input_txtprice' is: '940'

2018-05-19 18:24:11 - [MESSAGE][PASSED] - Attribute 'value' of object 'Object Repository/HealthpostToStore/Page_Store/input_txtprice' is: '940'

2018-05-19 18:24:11 - [TEST_STEP][PASSED] - Statement - out.println("Stock QTY : " + StockQty): null

2018-05-19 18:24:11 - [TEST_STEP][PASSED] - delay: Delayed 2 second(s)

2018-05-19 18:24:13 - [MESSAGE][PASSED] - Delayed 2 second(s)

2018-05-19 18:24:13 - [TEST_STEP][PASSED] - Statement - If (java.lang.String.valueOf(StockQty) >= java.lang.String.valueOf(RequestedQty)): null

2018-05-19 18:24:13 - [TEST_STEP][PASSED] - setText: Text '10' is set on object 'Object Repository/HealthpostToStore/Page_Store/input_txtqty'

2018-05-19 18:24:13 - [MESSAGE][PASSED] - Text '10' is set on object 'Object Repository/HealthpostToStore/Page_Store/input_txtqty'

2018-05-19 18:24:13 - [TEST_STEP][PASSED] - click: Object: 'Object Repository/HealthpostToStore/Page_Store/button_Add' is clicked on

2018-05-19 18:24:18 - [MESSAGE][PASSED] - Object: 'Object Repository/HealthpostToStore/Page_Store/button_Add' is clicked on

2018-05-19 18:24:18 - [TEST_STEP][PASSED] - Statement - Break: null

2018-05-19 18:24:18 - [TEST_STEP][PASSED] - selectOptionByIndex: All options with index in [36] are selected on object 'Object Repository/HealthpostToStore/Page_Store/select_--Select--Adernaline 0.'

2018-05-19 18:24:19 - [MESSAGE][PASSED] - All options with index in [36] are selected on object 'Object Repository/HealthpostToStore/Page_Store/select_--Select--Adernaline 0.'

2018-05-19 18:24:19 - [TEST_STEP][PASSED] - delay: Delayed 2 second(s)

2018-05-19 18:24:21 - [MESSAGE][PASSED] - Delayed 2 second(s)

2018-05-19 18:24:21 - [TEST_STEP][PASSED] - Statement - RequestedQty = com.kms.katalon.core.webui.keyword.WebUiBuiltInKeywords.getAttribute(com.kms.katalon.core.testobject.ObjectRepository.findTestObject(HealthpostToStore/Page_Store/input_txttotal), "value"): Attribute 'value' of object 'Object Repository/HealthpostToStore/Page_Store/input_txttotal' is: '10'

2018-05-19 18:24:21 - [MESSAGE][PASSED] - Attribute 'value' of object 'Object Repository/HealthpostToStore/Page_Store/input_txttotal' is: '10'

2018-05-19 18:24:21 - [TEST_STEP][PASSED] - Statement - out.println("Requested QTY : " + RequestedQty): null

2018-05-19 18:24:21 - [TEST_STEP][PASSED] - Statement - BatchNumber = com.kms.katalon.core.webui.keyword.WebUiBuiltInKeywords.getNumberOfTotalOption(com.kms.katalon.core.testobject.ObjectRepository.findTestObject(HealthpostToStore/Page_Store/select_--Select--BA1170BA2376B)): 2 options of object 'Object Repository/HealthpostToStore/Page_Store/select_--Select--BA1170BA2376B' counted

2018-05-19 18:24:21 - [MESSAGE][PASSED] - 2 options of object 'Object Repository/HealthpostToStore/Page_Store/select_--Select--BA1170BA2376B' counted

2018-05-19 18:24:21 - [TEST_STEP][PASSED] - Statement - For ([g = 1, g <= BatchNumber - 1, (g++)]): null

2018-05-19 18:24:21 - [TEST_STEP][PASSED] - selectOptionByIndex: All options with index in [1] are selected on object 'Object Repository/HealthpostToStore/Page_Store/select_--Select--BA1170BA2376B'

2018-05-19 18:24:21 - [MESSAGE][PASSED] - All options with index in [1] are selected on object 'Object Repository/HealthpostToStore/Page_Store/select_--Select--BA1170BA2376B'

2018-05-19 18:24:21 - [TEST_STEP][PASSED] - Statement - Try: null

2018-05-19 18:24:21 - [TEST_STEP][PASSED] - Statement - StockQty = com.kms.katalon.core.webui.keyword.WebUiBuiltInKeywords.getAttribute(com.kms.katalon.core.testobject.ObjectRepository.findTestObject(HealthpostToStore/Page_Store/input_txtprice), "value"): Attribute 'value' of object 'Object Repository/HealthpostToStore/Page_Store/input_txtprice' is: '1070'

2018-05-19 18:24:21 - [MESSAGE][PASSED] - Attribute 'value' of object 'Object Repository/HealthpostToStore/Page_Store/input_txtprice' is: '1070'

2018-05-19 18:24:21 - [TEST_STEP][PASSED] - Statement - out.println("Stock QTY : " + StockQty): null

2018-05-19 18:24:21 - [TEST_STEP][PASSED] - delay: Delayed 2 second(s)

2018-05-19 18:24:23 - [MESSAGE][PASSED] - Delayed 2 second(s)

2018-05-19 18:24:23 - [TEST_STEP][PASSED] - Statement - If (java.lang.String.valueOf(StockQty) >= java.lang.String.valueOf(RequestedQty)): null

2018-05-19 18:24:23 - [TEST_STEP][PASSED] - setText: Text '10' is set on object 'Object Repository/HealthpostToStore/Page_Store/input_txtqty'

2018-05-19 18:24:23 - [MESSAGE][PASSED] - Text '10' is set on object 'Object Repository/HealthpostToStore/Page_Store/input_txtqty'

2018-05-19 18:24:23 - [TEST_STEP][PASSED] - click: Object: 'Object Repository/HealthpostToStore/Page_Store/button_Add' is clicked on

2018-05-19 18:24:28 - [MESSAGE][PASSED] - Object: 'Object Repository/HealthpostToStore/Page_Store/button_Add' is clicked on

2018-05-19 18:24:28 - [TEST_STEP][PASSED] - Statement - Break: null

2018-05-19 18:24:28 - [TEST_STEP][PASSED] - scrollToElement: Scroll to object 'Object Repository/HealthpostToStore/Page_Store/input_btnSubmit' successfully

2018-05-19 18:24:28 - [MESSAGE][PASSED] - Scroll to object 'Object Repository/HealthpostToStore/Page_Store/input_btnSubmit' successfully

2018-05-19 18:24:28 - [TEST_STEP][PASSED] - click: Object: 'Object Repository/HealthpostToStore/Page_Store/input_btnSubmit' is clicked on

2018-05-19 18:24:34 - [MESSAGE][PASSED] - Object: 'Object Repository/HealthpostToStore/Page_Store/input_btnSubmit' is clicked on

2018-05-19 18:24:34 - [TEST_STEP][PASSED] - delay: Delayed 3 second(s)

2018-05-19 18:24:37 - [MESSAGE][PASSED] - Delayed 3 second(s)

2018-05-19 18:24:37 - [TEST_STEP][PASSED] - click: Object: 'Object Repository/HealthpostToStore/Page_Store/button_OK' is clicked on

2018-05-19 18:24:44 - [MESSAGE][PASSED] - Object: 'Object Repository/HealthpostToStore/Page_Store/button_OK' is clicked on

2018-05-19 18:24:44 - [TEST_STEP][PASSED] - delay: Delayed 3 second(s)

2018-05-19 18:24:47 - [MESSAGE][PASSED] - Delayed 3 second(s)

2018-05-19 18:24:47 - [TEST_STEP][PASSED] - click: Object: 'Object Repository/HealthpostToStore/Page_Store/a_dropdown-toggle' is clicked on

2018-05-19 18:24:52 - [MESSAGE][PASSED] - Object: 'Object Repository/HealthpostToStore/Page_Store/a_dropdown-toggle' is clicked on

2018-05-19 18:24:52 - [TEST_STEP][PASSED] - click: Object: 'Object Repository/HealthpostToStore/Page_Store/a_Sign out' is clicked on

2018-05-19 18:24:57 - [MESSAGE][PASSED] - Object: 'Object Repository/HealthpostToStore/Page_Store/a_Sign out' is clicked on

2018-05-19 18:24:57 - [TEST_STEP][PASSED] - closeBrowser: Browser is closed

2018-05-19 18:24:58 - [MESSAGE][PASSED] - Browser is closed]]></system-out>
         <system-err><![CDATA[]]></system-err>
      </testcase>
      <testcase name="Test Cases/HEALTHPOST TEST CASES/TC_HP_004 Verify Schedule 4 Healthpost Request Are Working Successfully Or Not" classname="Test Cases/HEALTHPOST TEST CASES/TC_HP_004 Verify Schedule 4 Healthpost Request Are Working Successfully Or Not" status="PASSED">
         <system-out><![CDATA[2018-05-19 18:24:58 - [TEST_CASE][PASSED] - Test Cases/HEALTHPOST TEST CASES/TC_HP_004 Verify Schedule 4 Healthpost Request Are Working Successfully Or Not: Test Cases/HEALTHPOST TEST CASES/TC_HP_004 Verify Schedule 4 Healthpost Request Are Working Successfully Or Not

2018-05-19 18:24:58 - [TEST_STEP][PASSED] - openBrowser: Browser is opened with url: ''

2018-05-19 18:25:00 - [MESSAGE][PASSED] - Browser is opened with url: ''

2018-05-19 18:25:00 - [TEST_STEP][PASSED] - navigateToUrl: Navigate to 'http://192.168.137.1/multihospital_new/HDSplashscreen.aspx' successfully

2018-05-19 18:25:02 - [MESSAGE][PASSED] - Navigate to 'http://192.168.137.1/multihospital_new/HDSplashscreen.aspx' successfully

2018-05-19 18:25:02 - [TEST_STEP][PASSED] - maximizeWindow: Current window maximized

2018-05-19 18:25:03 - [MESSAGE][PASSED] - Current window maximized

2018-05-19 18:25:03 - [TEST_STEP][PASSED] - click: Object: 'Object Repository/HealthpostToStore/Page_KDMC/a_Healthpost Store' is clicked on

2018-05-19 18:25:04 - [MESSAGE][PASSED] - Object: 'Object Repository/HealthpostToStore/Page_KDMC/a_Healthpost Store' is clicked on

2018-05-19 18:25:04 - [TEST_STEP][PASSED] - setText: Text 'raguram' is set on object 'Object Repository/HealthpostToStore/Page_HealthPost Store Login/input_txtusername'

2018-05-19 18:25:04 - [MESSAGE][PASSED] - Text 'raguram' is set on object 'Object Repository/HealthpostToStore/Page_HealthPost Store Login/input_txtusername'

2018-05-19 18:25:04 - [TEST_STEP][PASSED] - setText: Text '123' is set on object 'Object Repository/HealthpostToStore/Page_HealthPost Store Login/input_txtpassword'

2018-05-19 18:25:04 - [MESSAGE][PASSED] - Text '123' is set on object 'Object Repository/HealthpostToStore/Page_HealthPost Store Login/input_txtpassword'

2018-05-19 18:25:04 - [TEST_STEP][PASSED] - delay: Delayed 3 second(s)

2018-05-19 18:25:07 - [MESSAGE][PASSED] - Delayed 3 second(s)

2018-05-19 18:25:07 - [TEST_STEP][PASSED] - sendKeys: Keys 'ENTER + ' sent to object: 'Object Repository/HealthpostToStore/Page_HealthPost Store Login/input_txtpassword'

2018-05-19 18:25:08 - [MESSAGE][PASSED] - Keys 'ENTER + ' sent to object: 'Object Repository/HealthpostToStore/Page_HealthPost Store Login/input_txtpassword'

2018-05-19 18:25:08 - [TEST_STEP][PASSED] - delay: Delayed 3 second(s)

2018-05-19 18:25:11 - [MESSAGE][PASSED] - Delayed 3 second(s)

2018-05-19 18:25:11 - [TEST_STEP][PASSED] - doubleClick: Object: 'Object Repository/HealthpostToStore/Page_HealthPost Store/a_Request to Store' is double clicked on

2018-05-19 18:25:11 - [MESSAGE][PASSED] - Object: 'Object Repository/HealthpostToStore/Page_HealthPost Store/a_Request to Store' is double clicked on

2018-05-19 18:25:11 - [TEST_STEP][PASSED] - delay: Delayed 1 second(s)

2018-05-19 18:25:12 - [MESSAGE][PASSED] - Delayed 1 second(s)

2018-05-19 18:25:12 - [TEST_STEP][PASSED] - doubleClick: Object: 'Object Repository/HealthpostToStore/Page_HealthPost Store/a_Medicine Request' is double clicked on

2018-05-19 18:25:13 - [MESSAGE][PASSED] - Object: 'Object Repository/HealthpostToStore/Page_HealthPost Store/a_Medicine Request' is double clicked on

2018-05-19 18:25:13 - [TEST_STEP][PASSED] - delay: Delayed 1 second(s)

2018-05-19 18:25:14 - [MESSAGE][PASSED] - Delayed 1 second(s)

2018-05-19 18:25:14 - [TEST_STEP][PASSED] - selectOptionByIndex: All options with index in [4] are selected on object 'Object Repository/HealthpostToStore/Page_HealthPost Store/select_--Select--Schedule 1Inj'

2018-05-19 18:25:14 - [MESSAGE][PASSED] - All options with index in [4] are selected on object 'Object Repository/HealthpostToStore/Page_HealthPost Store/select_--Select--Schedule 1Inj'

2018-05-19 18:25:14 - [TEST_STEP][PASSED] - Statement - medicineslength = com.kms.katalon.core.webui.keyword.WebUiBuiltInKeywords.getNumberOfTotalOption(com.kms.katalon.core.testobject.ObjectRepository.findTestObject(HealthpostToStore/Page_HealthPost Store/select_--Select--Adernaline 0.)): 16 options of object 'Object Repository/HealthpostToStore/Page_HealthPost Store/select_--Select--Adernaline 0.' counted

2018-05-19 18:25:14 - [MESSAGE][PASSED] - 16 options of object 'Object Repository/HealthpostToStore/Page_HealthPost Store/select_--Select--Adernaline 0.' counted

2018-05-19 18:25:14 - [TEST_STEP][PASSED] - Statement - For ([e = 1, e <= medicineslength - 1, (e++)]): Object: 'Object Repository/HealthpostToStore/Page_HealthPost Store/button_Add' is double clicked on

2018-05-19 18:25:14 - [TEST_STEP][PASSED] - selectOptionByIndex: All options with index in [4] are selected on object 'Object Repository/HealthpostToStore/Page_HealthPost Store/select_--Select--Schedule 1Inj'

2018-05-19 18:25:14 - [MESSAGE][PASSED] - All options with index in [4] are selected on object 'Object Repository/HealthpostToStore/Page_HealthPost Store/select_--Select--Schedule 1Inj'

2018-05-19 18:25:14 - [TEST_STEP][PASSED] - delay: Delayed 1 second(s)

2018-05-19 18:25:15 - [MESSAGE][PASSED] - Delayed 1 second(s)

2018-05-19 18:25:15 - [TEST_STEP][PASSED] - selectOptionByIndex: All options with index in [1] are selected on object 'Object Repository/HealthpostToStore/Page_HealthPost Store/select_--Select--Adernaline 0.'

2018-05-19 18:25:15 - [MESSAGE][PASSED] - All options with index in [1] are selected on object 'Object Repository/HealthpostToStore/Page_HealthPost Store/select_--Select--Adernaline 0.'

2018-05-19 18:25:15 - [TEST_STEP][PASSED] - setText: Text '10' is set on object 'Object Repository/HealthpostToStore/Page_HealthPost Store/input_txttreat'

2018-05-19 18:25:15 - [MESSAGE][PASSED] - Text '10' is set on object 'Object Repository/HealthpostToStore/Page_HealthPost Store/input_txttreat'

2018-05-19 18:25:15 - [TEST_STEP][PASSED] - doubleClick: Object: 'Object Repository/HealthpostToStore/Page_HealthPost Store/button_Add' is double clicked on

2018-05-19 18:25:15 - [MESSAGE][PASSED] - Object: 'Object Repository/HealthpostToStore/Page_HealthPost Store/button_Add' is double clicked on

2018-05-19 18:25:15 - [TEST_STEP][PASSED] - selectOptionByIndex: All options with index in [4] are selected on object 'Object Repository/HealthpostToStore/Page_HealthPost Store/select_--Select--Schedule 1Inj'

2018-05-19 18:25:15 - [MESSAGE][PASSED] - All options with index in [4] are selected on object 'Object Repository/HealthpostToStore/Page_HealthPost Store/select_--Select--Schedule 1Inj'

2018-05-19 18:25:15 - [TEST_STEP][PASSED] - delay: Delayed 1 second(s)

2018-05-19 18:25:16 - [MESSAGE][PASSED] - Delayed 1 second(s)

2018-05-19 18:25:16 - [TEST_STEP][PASSED] - selectOptionByIndex: All options with index in [2] are selected on object 'Object Repository/HealthpostToStore/Page_HealthPost Store/select_--Select--Adernaline 0.'

2018-05-19 18:25:17 - [MESSAGE][PASSED] - All options with index in [2] are selected on object 'Object Repository/HealthpostToStore/Page_HealthPost Store/select_--Select--Adernaline 0.'

2018-05-19 18:25:17 - [TEST_STEP][PASSED] - setText: Text '10' is set on object 'Object Repository/HealthpostToStore/Page_HealthPost Store/input_txttreat'

2018-05-19 18:25:17 - [MESSAGE][PASSED] - Text '10' is set on object 'Object Repository/HealthpostToStore/Page_HealthPost Store/input_txttreat'

2018-05-19 18:25:17 - [TEST_STEP][PASSED] - doubleClick: Object: 'Object Repository/HealthpostToStore/Page_HealthPost Store/button_Add' is double clicked on

2018-05-19 18:25:17 - [MESSAGE][PASSED] - Object: 'Object Repository/HealthpostToStore/Page_HealthPost Store/button_Add' is double clicked on

2018-05-19 18:25:17 - [TEST_STEP][PASSED] - selectOptionByIndex: All options with index in [4] are selected on object 'Object Repository/HealthpostToStore/Page_HealthPost Store/select_--Select--Schedule 1Inj'

2018-05-19 18:25:17 - [MESSAGE][PASSED] - All options with index in [4] are selected on object 'Object Repository/HealthpostToStore/Page_HealthPost Store/select_--Select--Schedule 1Inj'

2018-05-19 18:25:17 - [TEST_STEP][PASSED] - delay: Delayed 1 second(s)

2018-05-19 18:25:18 - [MESSAGE][PASSED] - Delayed 1 second(s)

2018-05-19 18:25:18 - [TEST_STEP][PASSED] - selectOptionByIndex: All options with index in [3] are selected on object 'Object Repository/HealthpostToStore/Page_HealthPost Store/select_--Select--Adernaline 0.'

2018-05-19 18:25:18 - [MESSAGE][PASSED] - All options with index in [3] are selected on object 'Object Repository/HealthpostToStore/Page_HealthPost Store/select_--Select--Adernaline 0.'

2018-05-19 18:25:18 - [TEST_STEP][PASSED] - setText: Text '10' is set on object 'Object Repository/HealthpostToStore/Page_HealthPost Store/input_txttreat'

2018-05-19 18:25:18 - [MESSAGE][PASSED] - Text '10' is set on object 'Object Repository/HealthpostToStore/Page_HealthPost Store/input_txttreat'

2018-05-19 18:25:18 - [TEST_STEP][PASSED] - doubleClick: Object: 'Object Repository/HealthpostToStore/Page_HealthPost Store/button_Add' is double clicked on

2018-05-19 18:25:18 - [MESSAGE][PASSED] - Object: 'Object Repository/HealthpostToStore/Page_HealthPost Store/button_Add' is double clicked on

2018-05-19 18:25:18 - [TEST_STEP][PASSED] - selectOptionByIndex: All options with index in [4] are selected on object 'Object Repository/HealthpostToStore/Page_HealthPost Store/select_--Select--Schedule 1Inj'

2018-05-19 18:25:18 - [MESSAGE][PASSED] - All options with index in [4] are selected on object 'Object Repository/HealthpostToStore/Page_HealthPost Store/select_--Select--Schedule 1Inj'

2018-05-19 18:25:18 - [TEST_STEP][PASSED] - delay: Delayed 1 second(s)

2018-05-19 18:25:19 - [MESSAGE][PASSED] - Delayed 1 second(s)

2018-05-19 18:25:19 - [TEST_STEP][PASSED] - selectOptionByIndex: All options with index in [4] are selected on object 'Object Repository/HealthpostToStore/Page_HealthPost Store/select_--Select--Adernaline 0.'

2018-05-19 18:25:20 - [MESSAGE][PASSED] - All options with index in [4] are selected on object 'Object Repository/HealthpostToStore/Page_HealthPost Store/select_--Select--Adernaline 0.'

2018-05-19 18:25:20 - [TEST_STEP][PASSED] - setText: Text '10' is set on object 'Object Repository/HealthpostToStore/Page_HealthPost Store/input_txttreat'

2018-05-19 18:25:20 - [MESSAGE][PASSED] - Text '10' is set on object 'Object Repository/HealthpostToStore/Page_HealthPost Store/input_txttreat'

2018-05-19 18:25:20 - [TEST_STEP][PASSED] - doubleClick: Object: 'Object Repository/HealthpostToStore/Page_HealthPost Store/button_Add' is double clicked on

2018-05-19 18:25:20 - [MESSAGE][PASSED] - Object: 'Object Repository/HealthpostToStore/Page_HealthPost Store/button_Add' is double clicked on

2018-05-19 18:25:20 - [TEST_STEP][PASSED] - selectOptionByIndex: All options with index in [4] are selected on object 'Object Repository/HealthpostToStore/Page_HealthPost Store/select_--Select--Schedule 1Inj'

2018-05-19 18:25:20 - [MESSAGE][PASSED] - All options with index in [4] are selected on object 'Object Repository/HealthpostToStore/Page_HealthPost Store/select_--Select--Schedule 1Inj'

2018-05-19 18:25:20 - [TEST_STEP][PASSED] - delay: Delayed 1 second(s)

2018-05-19 18:25:21 - [MESSAGE][PASSED] - Delayed 1 second(s)

2018-05-19 18:25:21 - [TEST_STEP][PASSED] - selectOptionByIndex: All options with index in [5] are selected on object 'Object Repository/HealthpostToStore/Page_HealthPost Store/select_--Select--Adernaline 0.'

2018-05-19 18:25:21 - [MESSAGE][PASSED] - All options with index in [5] are selected on object 'Object Repository/HealthpostToStore/Page_HealthPost Store/select_--Select--Adernaline 0.'

2018-05-19 18:25:21 - [TEST_STEP][PASSED] - setText: Text '10' is set on object 'Object Repository/HealthpostToStore/Page_HealthPost Store/input_txttreat'

2018-05-19 18:25:21 - [MESSAGE][PASSED] - Text '10' is set on object 'Object Repository/HealthpostToStore/Page_HealthPost Store/input_txttreat'

2018-05-19 18:25:21 - [TEST_STEP][PASSED] - doubleClick: Object: 'Object Repository/HealthpostToStore/Page_HealthPost Store/button_Add' is double clicked on

2018-05-19 18:25:21 - [MESSAGE][PASSED] - Object: 'Object Repository/HealthpostToStore/Page_HealthPost Store/button_Add' is double clicked on

2018-05-19 18:25:21 - [TEST_STEP][PASSED] - selectOptionByIndex: All options with index in [4] are selected on object 'Object Repository/HealthpostToStore/Page_HealthPost Store/select_--Select--Schedule 1Inj'

2018-05-19 18:25:21 - [MESSAGE][PASSED] - All options with index in [4] are selected on object 'Object Repository/HealthpostToStore/Page_HealthPost Store/select_--Select--Schedule 1Inj'

2018-05-19 18:25:21 - [TEST_STEP][PASSED] - delay: Delayed 1 second(s)

2018-05-19 18:25:22 - [MESSAGE][PASSED] - Delayed 1 second(s)

2018-05-19 18:25:22 - [TEST_STEP][PASSED] - selectOptionByIndex: All options with index in [6] are selected on object 'Object Repository/HealthpostToStore/Page_HealthPost Store/select_--Select--Adernaline 0.'

2018-05-19 18:25:23 - [MESSAGE][PASSED] - All options with index in [6] are selected on object 'Object Repository/HealthpostToStore/Page_HealthPost Store/select_--Select--Adernaline 0.'

2018-05-19 18:25:23 - [TEST_STEP][PASSED] - setText: Text '10' is set on object 'Object Repository/HealthpostToStore/Page_HealthPost Store/input_txttreat'

2018-05-19 18:25:23 - [MESSAGE][PASSED] - Text '10' is set on object 'Object Repository/HealthpostToStore/Page_HealthPost Store/input_txttreat'

2018-05-19 18:25:23 - [TEST_STEP][PASSED] - doubleClick: Object: 'Object Repository/HealthpostToStore/Page_HealthPost Store/button_Add' is double clicked on

2018-05-19 18:25:23 - [MESSAGE][PASSED] - Object: 'Object Repository/HealthpostToStore/Page_HealthPost Store/button_Add' is double clicked on

2018-05-19 18:25:23 - [TEST_STEP][PASSED] - selectOptionByIndex: All options with index in [4] are selected on object 'Object Repository/HealthpostToStore/Page_HealthPost Store/select_--Select--Schedule 1Inj'

2018-05-19 18:25:23 - [MESSAGE][PASSED] - All options with index in [4] are selected on object 'Object Repository/HealthpostToStore/Page_HealthPost Store/select_--Select--Schedule 1Inj'

2018-05-19 18:25:23 - [TEST_STEP][PASSED] - delay: Delayed 1 second(s)

2018-05-19 18:25:24 - [MESSAGE][PASSED] - Delayed 1 second(s)

2018-05-19 18:25:24 - [TEST_STEP][PASSED] - selectOptionByIndex: All options with index in [7] are selected on object 'Object Repository/HealthpostToStore/Page_HealthPost Store/select_--Select--Adernaline 0.'

2018-05-19 18:25:24 - [MESSAGE][PASSED] - All options with index in [7] are selected on object 'Object Repository/HealthpostToStore/Page_HealthPost Store/select_--Select--Adernaline 0.'

2018-05-19 18:25:24 - [TEST_STEP][PASSED] - setText: Text '10' is set on object 'Object Repository/HealthpostToStore/Page_HealthPost Store/input_txttreat'

2018-05-19 18:25:24 - [MESSAGE][PASSED] - Text '10' is set on object 'Object Repository/HealthpostToStore/Page_HealthPost Store/input_txttreat'

2018-05-19 18:25:24 - [TEST_STEP][PASSED] - doubleClick: Object: 'Object Repository/HealthpostToStore/Page_HealthPost Store/button_Add' is double clicked on

2018-05-19 18:25:24 - [MESSAGE][PASSED] - Object: 'Object Repository/HealthpostToStore/Page_HealthPost Store/button_Add' is double clicked on

2018-05-19 18:25:24 - [TEST_STEP][PASSED] - selectOptionByIndex: All options with index in [4] are selected on object 'Object Repository/HealthpostToStore/Page_HealthPost Store/select_--Select--Schedule 1Inj'

2018-05-19 18:25:24 - [MESSAGE][PASSED] - All options with index in [4] are selected on object 'Object Repository/HealthpostToStore/Page_HealthPost Store/select_--Select--Schedule 1Inj'

2018-05-19 18:25:24 - [TEST_STEP][PASSED] - delay: Delayed 1 second(s)

2018-05-19 18:25:25 - [MESSAGE][PASSED] - Delayed 1 second(s)

2018-05-19 18:25:25 - [TEST_STEP][PASSED] - selectOptionByIndex: All options with index in [8] are selected on object 'Object Repository/HealthpostToStore/Page_HealthPost Store/select_--Select--Adernaline 0.'

2018-05-19 18:25:26 - [MESSAGE][PASSED] - All options with index in [8] are selected on object 'Object Repository/HealthpostToStore/Page_HealthPost Store/select_--Select--Adernaline 0.'

2018-05-19 18:25:26 - [TEST_STEP][PASSED] - setText: Text '10' is set on object 'Object Repository/HealthpostToStore/Page_HealthPost Store/input_txttreat'

2018-05-19 18:25:26 - [MESSAGE][PASSED] - Text '10' is set on object 'Object Repository/HealthpostToStore/Page_HealthPost Store/input_txttreat'

2018-05-19 18:25:26 - [TEST_STEP][PASSED] - doubleClick: Object: 'Object Repository/HealthpostToStore/Page_HealthPost Store/button_Add' is double clicked on

2018-05-19 18:25:26 - [MESSAGE][PASSED] - Object: 'Object Repository/HealthpostToStore/Page_HealthPost Store/button_Add' is double clicked on

2018-05-19 18:25:26 - [TEST_STEP][PASSED] - selectOptionByIndex: All options with index in [4] are selected on object 'Object Repository/HealthpostToStore/Page_HealthPost Store/select_--Select--Schedule 1Inj'

2018-05-19 18:25:26 - [MESSAGE][PASSED] - All options with index in [4] are selected on object 'Object Repository/HealthpostToStore/Page_HealthPost Store/select_--Select--Schedule 1Inj'

2018-05-19 18:25:26 - [TEST_STEP][PASSED] - delay: Delayed 1 second(s)

2018-05-19 18:25:27 - [MESSAGE][PASSED] - Delayed 1 second(s)

2018-05-19 18:25:27 - [TEST_STEP][PASSED] - selectOptionByIndex: All options with index in [9] are selected on object 'Object Repository/HealthpostToStore/Page_HealthPost Store/select_--Select--Adernaline 0.'

2018-05-19 18:25:27 - [MESSAGE][PASSED] - All options with index in [9] are selected on object 'Object Repository/HealthpostToStore/Page_HealthPost Store/select_--Select--Adernaline 0.'

2018-05-19 18:25:27 - [TEST_STEP][PASSED] - setText: Text '10' is set on object 'Object Repository/HealthpostToStore/Page_HealthPost Store/input_txttreat'

2018-05-19 18:25:27 - [MESSAGE][PASSED] - Text '10' is set on object 'Object Repository/HealthpostToStore/Page_HealthPost Store/input_txttreat'

2018-05-19 18:25:27 - [TEST_STEP][PASSED] - doubleClick: Object: 'Object Repository/HealthpostToStore/Page_HealthPost Store/button_Add' is double clicked on

2018-05-19 18:25:28 - [MESSAGE][PASSED] - Object: 'Object Repository/HealthpostToStore/Page_HealthPost Store/button_Add' is double clicked on

2018-05-19 18:25:28 - [TEST_STEP][PASSED] - selectOptionByIndex: All options with index in [4] are selected on object 'Object Repository/HealthpostToStore/Page_HealthPost Store/select_--Select--Schedule 1Inj'

2018-05-19 18:25:28 - [MESSAGE][PASSED] - All options with index in [4] are selected on object 'Object Repository/HealthpostToStore/Page_HealthPost Store/select_--Select--Schedule 1Inj'

2018-05-19 18:25:28 - [TEST_STEP][PASSED] - delay: Delayed 1 second(s)

2018-05-19 18:25:29 - [MESSAGE][PASSED] - Delayed 1 second(s)

2018-05-19 18:25:29 - [TEST_STEP][PASSED] - selectOptionByIndex: All options with index in [10] are selected on object 'Object Repository/HealthpostToStore/Page_HealthPost Store/select_--Select--Adernaline 0.'

2018-05-19 18:25:29 - [MESSAGE][PASSED] - All options with index in [10] are selected on object 'Object Repository/HealthpostToStore/Page_HealthPost Store/select_--Select--Adernaline 0.'

2018-05-19 18:25:29 - [TEST_STEP][PASSED] - setText: Text '10' is set on object 'Object Repository/HealthpostToStore/Page_HealthPost Store/input_txttreat'

2018-05-19 18:25:29 - [MESSAGE][PASSED] - Text '10' is set on object 'Object Repository/HealthpostToStore/Page_HealthPost Store/input_txttreat'

2018-05-19 18:25:29 - [TEST_STEP][PASSED] - doubleClick: Object: 'Object Repository/HealthpostToStore/Page_HealthPost Store/button_Add' is double clicked on

2018-05-19 18:25:29 - [MESSAGE][PASSED] - Object: 'Object Repository/HealthpostToStore/Page_HealthPost Store/button_Add' is double clicked on

2018-05-19 18:25:29 - [TEST_STEP][PASSED] - selectOptionByIndex: All options with index in [4] are selected on object 'Object Repository/HealthpostToStore/Page_HealthPost Store/select_--Select--Schedule 1Inj'

2018-05-19 18:25:29 - [MESSAGE][PASSED] - All options with index in [4] are selected on object 'Object Repository/HealthpostToStore/Page_HealthPost Store/select_--Select--Schedule 1Inj'

2018-05-19 18:25:29 - [TEST_STEP][PASSED] - delay: Delayed 1 second(s)

2018-05-19 18:25:30 - [MESSAGE][PASSED] - Delayed 1 second(s)

2018-05-19 18:25:30 - [TEST_STEP][PASSED] - selectOptionByIndex: All options with index in [11] are selected on object 'Object Repository/HealthpostToStore/Page_HealthPost Store/select_--Select--Adernaline 0.'

2018-05-19 18:25:31 - [MESSAGE][PASSED] - All options with index in [11] are selected on object 'Object Repository/HealthpostToStore/Page_HealthPost Store/select_--Select--Adernaline 0.'

2018-05-19 18:25:31 - [TEST_STEP][PASSED] - setText: Text '10' is set on object 'Object Repository/HealthpostToStore/Page_HealthPost Store/input_txttreat'

2018-05-19 18:25:31 - [MESSAGE][PASSED] - Text '10' is set on object 'Object Repository/HealthpostToStore/Page_HealthPost Store/input_txttreat'

2018-05-19 18:25:31 - [TEST_STEP][PASSED] - doubleClick: Object: 'Object Repository/HealthpostToStore/Page_HealthPost Store/button_Add' is double clicked on

2018-05-19 18:25:31 - [MESSAGE][PASSED] - Object: 'Object Repository/HealthpostToStore/Page_HealthPost Store/button_Add' is double clicked on

2018-05-19 18:25:31 - [TEST_STEP][PASSED] - selectOptionByIndex: All options with index in [4] are selected on object 'Object Repository/HealthpostToStore/Page_HealthPost Store/select_--Select--Schedule 1Inj'

2018-05-19 18:25:31 - [MESSAGE][PASSED] - All options with index in [4] are selected on object 'Object Repository/HealthpostToStore/Page_HealthPost Store/select_--Select--Schedule 1Inj'

2018-05-19 18:25:31 - [TEST_STEP][PASSED] - delay: Delayed 1 second(s)

2018-05-19 18:25:32 - [MESSAGE][PASSED] - Delayed 1 second(s)

2018-05-19 18:25:32 - [TEST_STEP][PASSED] - selectOptionByIndex: All options with index in [12] are selected on object 'Object Repository/HealthpostToStore/Page_HealthPost Store/select_--Select--Adernaline 0.'

2018-05-19 18:25:32 - [MESSAGE][PASSED] - All options with index in [12] are selected on object 'Object Repository/HealthpostToStore/Page_HealthPost Store/select_--Select--Adernaline 0.'

2018-05-19 18:25:32 - [TEST_STEP][PASSED] - setText: Text '10' is set on object 'Object Repository/HealthpostToStore/Page_HealthPost Store/input_txttreat'

2018-05-19 18:25:32 - [MESSAGE][PASSED] - Text '10' is set on object 'Object Repository/HealthpostToStore/Page_HealthPost Store/input_txttreat'

2018-05-19 18:25:32 - [TEST_STEP][PASSED] - doubleClick: Object: 'Object Repository/HealthpostToStore/Page_HealthPost Store/button_Add' is double clicked on

2018-05-19 18:25:32 - [MESSAGE][PASSED] - Object: 'Object Repository/HealthpostToStore/Page_HealthPost Store/button_Add' is double clicked on

2018-05-19 18:25:32 - [TEST_STEP][PASSED] - selectOptionByIndex: All options with index in [4] are selected on object 'Object Repository/HealthpostToStore/Page_HealthPost Store/select_--Select--Schedule 1Inj'

2018-05-19 18:25:33 - [MESSAGE][PASSED] - All options with index in [4] are selected on object 'Object Repository/HealthpostToStore/Page_HealthPost Store/select_--Select--Schedule 1Inj'

2018-05-19 18:25:33 - [TEST_STEP][PASSED] - delay: Delayed 1 second(s)

2018-05-19 18:25:34 - [MESSAGE][PASSED] - Delayed 1 second(s)

2018-05-19 18:25:34 - [TEST_STEP][PASSED] - selectOptionByIndex: All options with index in [13] are selected on object 'Object Repository/HealthpostToStore/Page_HealthPost Store/select_--Select--Adernaline 0.'

2018-05-19 18:25:34 - [MESSAGE][PASSED] - All options with index in [13] are selected on object 'Object Repository/HealthpostToStore/Page_HealthPost Store/select_--Select--Adernaline 0.'

2018-05-19 18:25:34 - [TEST_STEP][PASSED] - setText: Text '10' is set on object 'Object Repository/HealthpostToStore/Page_HealthPost Store/input_txttreat'

2018-05-19 18:25:34 - [MESSAGE][PASSED] - Text '10' is set on object 'Object Repository/HealthpostToStore/Page_HealthPost Store/input_txttreat'

2018-05-19 18:25:34 - [TEST_STEP][PASSED] - doubleClick: Object: 'Object Repository/HealthpostToStore/Page_HealthPost Store/button_Add' is double clicked on

2018-05-19 18:25:34 - [MESSAGE][PASSED] - Object: 'Object Repository/HealthpostToStore/Page_HealthPost Store/button_Add' is double clicked on

2018-05-19 18:25:34 - [TEST_STEP][PASSED] - selectOptionByIndex: All options with index in [4] are selected on object 'Object Repository/HealthpostToStore/Page_HealthPost Store/select_--Select--Schedule 1Inj'

2018-05-19 18:25:34 - [MESSAGE][PASSED] - All options with index in [4] are selected on object 'Object Repository/HealthpostToStore/Page_HealthPost Store/select_--Select--Schedule 1Inj'

2018-05-19 18:25:34 - [TEST_STEP][PASSED] - delay: Delayed 1 second(s)

2018-05-19 18:25:35 - [MESSAGE][PASSED] - Delayed 1 second(s)

2018-05-19 18:25:35 - [TEST_STEP][PASSED] - selectOptionByIndex: All options with index in [14] are selected on object 'Object Repository/HealthpostToStore/Page_HealthPost Store/select_--Select--Adernaline 0.'

2018-05-19 18:25:36 - [MESSAGE][PASSED] - All options with index in [14] are selected on object 'Object Repository/HealthpostToStore/Page_HealthPost Store/select_--Select--Adernaline 0.'

2018-05-19 18:25:36 - [TEST_STEP][PASSED] - setText: Text '10' is set on object 'Object Repository/HealthpostToStore/Page_HealthPost Store/input_txttreat'

2018-05-19 18:25:36 - [MESSAGE][PASSED] - Text '10' is set on object 'Object Repository/HealthpostToStore/Page_HealthPost Store/input_txttreat'

2018-05-19 18:25:36 - [TEST_STEP][PASSED] - doubleClick: Object: 'Object Repository/HealthpostToStore/Page_HealthPost Store/button_Add' is double clicked on

2018-05-19 18:25:36 - [MESSAGE][PASSED] - Object: 'Object Repository/HealthpostToStore/Page_HealthPost Store/button_Add' is double clicked on

2018-05-19 18:25:36 - [TEST_STEP][PASSED] - selectOptionByIndex: All options with index in [4] are selected on object 'Object Repository/HealthpostToStore/Page_HealthPost Store/select_--Select--Schedule 1Inj'

2018-05-19 18:25:36 - [MESSAGE][PASSED] - All options with index in [4] are selected on object 'Object Repository/HealthpostToStore/Page_HealthPost Store/select_--Select--Schedule 1Inj'

2018-05-19 18:25:36 - [TEST_STEP][PASSED] - delay: Delayed 1 second(s)

2018-05-19 18:25:37 - [MESSAGE][PASSED] - Delayed 1 second(s)

2018-05-19 18:25:37 - [TEST_STEP][PASSED] - selectOptionByIndex: All options with index in [15] are selected on object 'Object Repository/HealthpostToStore/Page_HealthPost Store/select_--Select--Adernaline 0.'

2018-05-19 18:25:37 - [MESSAGE][PASSED] - All options with index in [15] are selected on object 'Object Repository/HealthpostToStore/Page_HealthPost Store/select_--Select--Adernaline 0.'

2018-05-19 18:25:37 - [TEST_STEP][PASSED] - setText: Text '10' is set on object 'Object Repository/HealthpostToStore/Page_HealthPost Store/input_txttreat'

2018-05-19 18:25:37 - [MESSAGE][PASSED] - Text '10' is set on object 'Object Repository/HealthpostToStore/Page_HealthPost Store/input_txttreat'

2018-05-19 18:25:37 - [TEST_STEP][PASSED] - doubleClick: Object: 'Object Repository/HealthpostToStore/Page_HealthPost Store/button_Add' is double clicked on

2018-05-19 18:25:37 - [MESSAGE][PASSED] - Object: 'Object Repository/HealthpostToStore/Page_HealthPost Store/button_Add' is double clicked on

2018-05-19 18:25:37 - [TEST_STEP][PASSED] - scrollToElement: Scroll to object 'Object Repository/HealthpostToStore/Page_HealthPost Store/input_btnsave' successfully

2018-05-19 18:25:37 - [MESSAGE][PASSED] - Scroll to object 'Object Repository/HealthpostToStore/Page_HealthPost Store/input_btnsave' successfully

2018-05-19 18:25:37 - [TEST_STEP][PASSED] - click: Object: 'Object Repository/HealthpostToStore/Page_HealthPost Store/input_btnsave' is clicked on

2018-05-19 18:25:37 - [MESSAGE][PASSED] - Object: 'Object Repository/HealthpostToStore/Page_HealthPost Store/input_btnsave' is clicked on

2018-05-19 18:25:37 - [TEST_STEP][PASSED] - delay: Delayed 3 second(s)

2018-05-19 18:25:40 - [MESSAGE][PASSED] - Delayed 3 second(s)

2018-05-19 18:25:40 - [TEST_STEP][PASSED] - Statement - RN1 = com.kms.katalon.core.webui.keyword.WebUiBuiltInKeywords.getText(com.kms.katalon.core.testobject.ObjectRepository.findTestObject(HealthpostToStore/Page_HealthPost Store/font_HPRNO180520187)): Text of object 'Object Repository/HealthpostToStore/Page_HealthPost Store/font_HPRNO180520187' is: 'HPRNO/19052018/47'

2018-05-19 18:25:41 - [MESSAGE][PASSED] - Text of object 'Object Repository/HealthpostToStore/Page_HealthPost Store/font_HPRNO180520187' is: 'HPRNO/19052018/47'

2018-05-19 18:25:41 - [TEST_STEP][PASSED] - Statement - out.println(RN1): null

2018-05-19 18:25:41 - [TEST_STEP][PASSED] - Statement - RID = RN1.split("/")[2]: null

2018-05-19 18:25:41 - [TEST_STEP][PASSED] - click: Object: 'Object Repository/HealthpostToStore/Page_HealthPost Store/button_OK' is clicked on

2018-05-19 18:25:41 - [MESSAGE][PASSED] - Object: 'Object Repository/HealthpostToStore/Page_HealthPost Store/button_OK' is clicked on

2018-05-19 18:25:41 - [TEST_STEP][PASSED] - delay: Delayed 3 second(s)

2018-05-19 18:25:44 - [MESSAGE][PASSED] - Delayed 3 second(s)

2018-05-19 18:25:44 - [TEST_STEP][PASSED] - click: Object: 'Object Repository/HealthpostToStore/Page_HealthPost Store/a_dropdown-toggle' is clicked on

2018-05-19 18:25:44 - [MESSAGE][PASSED] - Object: 'Object Repository/HealthpostToStore/Page_HealthPost Store/a_dropdown-toggle' is clicked on

2018-05-19 18:25:44 - [TEST_STEP][PASSED] - click: Object: 'Object Repository/HealthpostToStore/Page_HealthPost Store/a_Sign out' is clicked on

2018-05-19 18:25:45 - [MESSAGE][PASSED] - Object: 'Object Repository/HealthpostToStore/Page_HealthPost Store/a_Sign out' is clicked on

2018-05-19 18:25:45 - [TEST_STEP][PASSED] - delay: Delayed 3 second(s)

2018-05-19 18:25:48 - [MESSAGE][PASSED] - Delayed 3 second(s)

2018-05-19 18:25:48 - [TEST_STEP][PASSED] - navigateToUrl: Navigate to 'http://192.168.137.1/multihospital_new/' successfully

2018-05-19 18:25:48 - [MESSAGE][PASSED] - Navigate to 'http://192.168.137.1/multihospital_new/' successfully

2018-05-19 18:25:48 - [TEST_STEP][PASSED] - click: Object: 'Object Repository/HealthpostToStore/Page_KDMC/a_CMO' is clicked on

2018-05-19 18:25:49 - [MESSAGE][PASSED] - Object: 'Object Repository/HealthpostToStore/Page_KDMC/a_CMO' is clicked on

2018-05-19 18:25:49 - [TEST_STEP][PASSED] - setText: Text 'guru' is set on object 'Object Repository/HealthpostToStore/Page_CMO login/input_txtusername'

2018-05-19 18:25:49 - [MESSAGE][PASSED] - Text 'guru' is set on object 'Object Repository/HealthpostToStore/Page_CMO login/input_txtusername'

2018-05-19 18:25:49 - [TEST_STEP][PASSED] - setText: Text '123' is set on object 'Object Repository/HealthpostToStore/Page_CMO login/input_txtpassword'

2018-05-19 18:25:49 - [MESSAGE][PASSED] - Text '123' is set on object 'Object Repository/HealthpostToStore/Page_CMO login/input_txtpassword'

2018-05-19 18:25:49 - [TEST_STEP][PASSED] - delay: Delayed 3 second(s)

2018-05-19 18:25:52 - [MESSAGE][PASSED] - Delayed 3 second(s)

2018-05-19 18:25:52 - [TEST_STEP][PASSED] - click: Object: 'Object Repository/HealthpostToStore/Page_CMO login/button_Sign in' is clicked on

2018-05-19 18:25:53 - [MESSAGE][PASSED] - Object: 'Object Repository/HealthpostToStore/Page_CMO login/button_Sign in' is clicked on

2018-05-19 18:25:53 - [TEST_STEP][PASSED] - click: Object: 'Object Repository/HealthpostToStore/Page_KDMC - CMO/a_Department Wise Request' is clicked on

2018-05-19 18:25:55 - [MESSAGE][PASSED] - Object: 'Object Repository/HealthpostToStore/Page_KDMC - CMO/a_Department Wise Request' is clicked on

2018-05-19 18:25:55 - [TEST_STEP][PASSED] - delay: Delayed 2 second(s)

2018-05-19 18:25:57 - [MESSAGE][PASSED] - Delayed 2 second(s)

2018-05-19 18:25:57 - [TEST_STEP][PASSED] - selectOptionByIndex: All options with index in [5] are selected on object 'Object Repository/HealthpostToStore/Page_KDMC - CMO/select_--ALL--'

2018-05-19 18:25:57 - [MESSAGE][PASSED] - All options with index in [5] are selected on object 'Object Repository/HealthpostToStore/Page_KDMC - CMO/select_--ALL--'

2018-05-19 18:25:57 - [TEST_STEP][PASSED] - click: Object: 'Object Repository/HealthpostToStore/Page_KDMC - CMO/input_btnsearch' is clicked on

2018-05-19 18:25:57 - [MESSAGE][PASSED] - Object: 'Object Repository/HealthpostToStore/Page_KDMC - CMO/input_btnsearch' is clicked on

2018-05-19 18:25:57 - [TEST_STEP][PASSED] - selectOptionByIndex: All options with index in [1] are selected on object 'Object Repository/HealthpostToStore/Page_KDMC - CMO/select_--ALL--                _1'

2018-05-19 18:25:58 - [MESSAGE][PASSED] - All options with index in [1] are selected on object 'Object Repository/HealthpostToStore/Page_KDMC - CMO/select_--ALL--                _1'

2018-05-19 18:25:58 - [TEST_STEP][PASSED] - click: Object: 'Object Repository/HealthpostToStore/Page_KDMC - CMO/input_btnsearch' is clicked on

2018-05-19 18:25:58 - [MESSAGE][PASSED] - Object: 'Object Repository/HealthpostToStore/Page_KDMC - CMO/input_btnsearch' is clicked on

2018-05-19 18:25:58 - [TEST_STEP][PASSED] - Statement - ID = com.kms.katalon.core.webui.keyword.WebUiBuiltInKeywords.modifyObjectProperty(com.kms.katalon.core.testobject.ObjectRepository.findTestObject(lab/Page_KDMC - CMO/input_1), "xpath", "equals", "//*[@id=" + RID + "]", true): Modify property of object successfully

2018-05-19 18:25:58 - [MESSAGE][PASSED] - Modify property of object successfully

2018-05-19 18:25:58 - [TEST_STEP][PASSED] - click: Object: 'Object Repository/lab/Page_KDMC - CMO/input_1' is clicked on

2018-05-19 18:25:58 - [MESSAGE][PASSED] - Object: 'Object Repository/lab/Page_KDMC - CMO/input_1' is clicked on

2018-05-19 18:25:58 - [TEST_STEP][PASSED] - delay: Delayed 2 second(s)

2018-05-19 18:26:00 - [MESSAGE][PASSED] - Delayed 2 second(s)

2018-05-19 18:26:00 - [TEST_STEP][PASSED] - selectOptionByIndex: All options with index in [1] are selected on object 'Object Repository/HealthpostToStore/Page_KDMC - CMO/select_--Select--'

2018-05-19 18:26:00 - [MESSAGE][PASSED] - All options with index in [1] are selected on object 'Object Repository/HealthpostToStore/Page_KDMC - CMO/select_--Select--'

2018-05-19 18:26:00 - [TEST_STEP][PASSED] - click: Object: 'Object Repository/HealthpostToStore/Page_KDMC - CMO/input_btnupdate' is clicked on

2018-05-19 18:26:01 - [MESSAGE][PASSED] - Object: 'Object Repository/HealthpostToStore/Page_KDMC - CMO/input_btnupdate' is clicked on

2018-05-19 18:26:01 - [TEST_STEP][PASSED] - delay: Delayed 2 second(s)

2018-05-19 18:26:03 - [MESSAGE][PASSED] - Delayed 2 second(s)

2018-05-19 18:26:03 - [TEST_STEP][PASSED] - click: Object: 'Object Repository/HealthpostToStore/Page_KDMC - CMO/button_OK' is clicked on

2018-05-19 18:26:03 - [MESSAGE][PASSED] - Object: 'Object Repository/HealthpostToStore/Page_KDMC - CMO/button_OK' is clicked on

2018-05-19 18:26:03 - [TEST_STEP][PASSED] - delay: Delayed 2 second(s)

2018-05-19 18:26:05 - [MESSAGE][PASSED] - Delayed 2 second(s)

2018-05-19 18:26:05 - [TEST_STEP][PASSED] - click: Object: 'Object Repository/HealthpostToStore/Page_KDMC - CMO/a_dropdown-toggle' is clicked on

2018-05-19 18:26:05 - [MESSAGE][PASSED] - Object: 'Object Repository/HealthpostToStore/Page_KDMC - CMO/a_dropdown-toggle' is clicked on

2018-05-19 18:26:05 - [TEST_STEP][PASSED] - click: Object: 'Object Repository/HealthpostToStore/Page_KDMC - CMO/a_Sign out' is clicked on

2018-05-19 18:26:07 - [MESSAGE][PASSED] - Object: 'Object Repository/HealthpostToStore/Page_KDMC - CMO/a_Sign out' is clicked on

2018-05-19 18:26:07 - [TEST_STEP][PASSED] - delay: Delayed 3 second(s)

2018-05-19 18:26:10 - [MESSAGE][PASSED] - Delayed 3 second(s)

2018-05-19 18:26:10 - [TEST_STEP][PASSED] - click: Object: 'Object Repository/HealthpostToStore/Page_KDMC/a_Divisional Store' is clicked on

2018-05-19 18:26:11 - [MESSAGE][PASSED] - Object: 'Object Repository/HealthpostToStore/Page_KDMC/a_Divisional Store' is clicked on

2018-05-19 18:26:11 - [TEST_STEP][PASSED] - setText: Text 'ragu' is set on object 'Object Repository/HealthpostToStore/Page_Divisonal Store Login/input_txtusername'

2018-05-19 18:26:11 - [MESSAGE][PASSED] - Text 'ragu' is set on object 'Object Repository/HealthpostToStore/Page_Divisonal Store Login/input_txtusername'

2018-05-19 18:26:11 - [TEST_STEP][PASSED] - setText: Text '123' is set on object 'Object Repository/HealthpostToStore/Page_Divisonal Store Login/input_txtpassword'

2018-05-19 18:26:11 - [MESSAGE][PASSED] - Text '123' is set on object 'Object Repository/HealthpostToStore/Page_Divisonal Store Login/input_txtpassword'

2018-05-19 18:26:11 - [TEST_STEP][PASSED] - delay: Delayed 3 second(s)

2018-05-19 18:26:14 - [MESSAGE][PASSED] - Delayed 3 second(s)

2018-05-19 18:26:14 - [TEST_STEP][PASSED] - click: Object: 'Object Repository/HealthpostToStore/Page_Divisonal Store Login/button_Sign in' is clicked on

2018-05-19 18:26:15 - [MESSAGE][PASSED] - Object: 'Object Repository/HealthpostToStore/Page_Divisonal Store Login/button_Sign in' is clicked on

2018-05-19 18:26:15 - [TEST_STEP][PASSED] - delay: Delayed 3 second(s)

2018-05-19 18:26:18 - [MESSAGE][PASSED] - Delayed 3 second(s)

2018-05-19 18:26:18 - [TEST_STEP][PASSED] - click: Object: 'Object Repository/HealthpostToStore/Page_Store/a_Health Post Request' is clicked on

2018-05-19 18:26:18 - [MESSAGE][PASSED] - Object: 'Object Repository/HealthpostToStore/Page_Store/a_Health Post Request' is clicked on

2018-05-19 18:26:18 - [TEST_STEP][PASSED] - click: Object: 'Object Repository/HealthpostToStore/Page_Store/a_Request Item HealthPost' is clicked on

2018-05-19 18:26:19 - [MESSAGE][PASSED] - Object: 'Object Repository/HealthpostToStore/Page_Store/a_Request Item HealthPost' is clicked on

2018-05-19 18:26:19 - [TEST_STEP][PASSED] - Statement - ChooseRequest = com.kms.katalon.core.webui.keyword.WebUiBuiltInKeywords.modifyObjectProperty(com.kms.katalon.core.testobject.ObjectRepository.findTestObject(lab/Page_Store/input_1), "xpath", "equals", "//*[@id=" + RID + "]", true): Modify property of object successfully

2018-05-19 18:26:19 - [MESSAGE][PASSED] - Modify property of object successfully

2018-05-19 18:26:19 - [TEST_STEP][PASSED] - click: Object: 'Object Repository/lab/Page_Store/input_1' is clicked on

2018-05-19 18:26:20 - [MESSAGE][PASSED] - Object: 'Object Repository/lab/Page_Store/input_1' is clicked on

2018-05-19 18:26:20 - [TEST_STEP][PASSED] - Statement - selectedoptions = com.kms.katalon.core.webui.keyword.WebUiBuiltInKeywords.getNumberOfTotalOption(com.kms.katalon.core.testobject.ObjectRepository.findTestObject(HealthpostToStore/Page_Store/select_--Select--Adernaline 0.)): 16 options of object 'Object Repository/HealthpostToStore/Page_Store/select_--Select--Adernaline 0.' counted

2018-05-19 18:26:20 - [MESSAGE][PASSED] - 16 options of object 'Object Repository/HealthpostToStore/Page_Store/select_--Select--Adernaline 0.' counted

2018-05-19 18:26:20 - [TEST_STEP][PASSED] - Statement - For ([a = 1, a <= selectedoptions - 1, (a++)]): null

2018-05-19 18:26:20 - [TEST_STEP][PASSED] - selectOptionByIndex: All options with index in [1] are selected on object 'Object Repository/HealthpostToStore/Page_Store/select_--Select--Adernaline 0.'

2018-05-19 18:26:20 - [MESSAGE][PASSED] - All options with index in [1] are selected on object 'Object Repository/HealthpostToStore/Page_Store/select_--Select--Adernaline 0.'

2018-05-19 18:26:20 - [TEST_STEP][PASSED] - delay: Delayed 2 second(s)

2018-05-19 18:26:22 - [MESSAGE][PASSED] - Delayed 2 second(s)

2018-05-19 18:26:22 - [TEST_STEP][PASSED] - Statement - RequestedQty = com.kms.katalon.core.webui.keyword.WebUiBuiltInKeywords.getAttribute(com.kms.katalon.core.testobject.ObjectRepository.findTestObject(HealthpostToStore/Page_Store/input_txttotal), "value"): Attribute 'value' of object 'Object Repository/HealthpostToStore/Page_Store/input_txttotal' is: '10'

2018-05-19 18:26:22 - [MESSAGE][PASSED] - Attribute 'value' of object 'Object Repository/HealthpostToStore/Page_Store/input_txttotal' is: '10'

2018-05-19 18:26:22 - [TEST_STEP][PASSED] - Statement - out.println("Requested QTY : " + RequestedQty): null

2018-05-19 18:26:22 - [TEST_STEP][PASSED] - Statement - BatchNumber = com.kms.katalon.core.webui.keyword.WebUiBuiltInKeywords.getNumberOfTotalOption(com.kms.katalon.core.testobject.ObjectRepository.findTestObject(HealthpostToStore/Page_Store/select_--Select--BA1170BA2376B)): 5 options of object 'Object Repository/HealthpostToStore/Page_Store/select_--Select--BA1170BA2376B' counted

2018-05-19 18:26:23 - [MESSAGE][PASSED] - 5 options of object 'Object Repository/HealthpostToStore/Page_Store/select_--Select--BA1170BA2376B' counted

2018-05-19 18:26:23 - [TEST_STEP][PASSED] - Statement - For ([g = 1, g <= BatchNumber - 1, (g++)]): null

2018-05-19 18:26:23 - [TEST_STEP][PASSED] - selectOptionByIndex: All options with index in [1] are selected on object 'Object Repository/HealthpostToStore/Page_Store/select_--Select--BA1170BA2376B'

2018-05-19 18:26:23 - [MESSAGE][PASSED] - All options with index in [1] are selected on object 'Object Repository/HealthpostToStore/Page_Store/select_--Select--BA1170BA2376B'

2018-05-19 18:26:23 - [TEST_STEP][PASSED] - Statement - Try: null

2018-05-19 18:26:23 - [TEST_STEP][PASSED] - Statement - StockQty = com.kms.katalon.core.webui.keyword.WebUiBuiltInKeywords.getAttribute(com.kms.katalon.core.testobject.ObjectRepository.findTestObject(HealthpostToStore/Page_Store/input_txtprice), "value"): Attribute 'value' of object 'Object Repository/HealthpostToStore/Page_Store/input_txtprice' is: '940'

2018-05-19 18:26:23 - [MESSAGE][PASSED] - Attribute 'value' of object 'Object Repository/HealthpostToStore/Page_Store/input_txtprice' is: '940'

2018-05-19 18:26:23 - [TEST_STEP][PASSED] - Statement - out.println("Stock QTY : " + StockQty): null

2018-05-19 18:26:23 - [TEST_STEP][PASSED] - delay: Delayed 2 second(s)

2018-05-19 18:26:25 - [MESSAGE][PASSED] - Delayed 2 second(s)

2018-05-19 18:26:25 - [TEST_STEP][PASSED] - Statement - If (java.lang.String.valueOf(StockQty) >= java.lang.String.valueOf(RequestedQty)): null

2018-05-19 18:26:25 - [TEST_STEP][PASSED] - setText: Text '10' is set on object 'Object Repository/HealthpostToStore/Page_Store/input_txtqty'

2018-05-19 18:26:25 - [MESSAGE][PASSED] - Text '10' is set on object 'Object Repository/HealthpostToStore/Page_Store/input_txtqty'

2018-05-19 18:26:25 - [TEST_STEP][PASSED] - click: Object: 'Object Repository/HealthpostToStore/Page_Store/button_Add' is clicked on

2018-05-19 18:26:25 - [MESSAGE][PASSED] - Object: 'Object Repository/HealthpostToStore/Page_Store/button_Add' is clicked on

2018-05-19 18:26:25 - [TEST_STEP][PASSED] - Statement - Break: null

2018-05-19 18:26:25 - [TEST_STEP][PASSED] - selectOptionByIndex: All options with index in [2] are selected on object 'Object Repository/HealthpostToStore/Page_Store/select_--Select--Adernaline 0.'

2018-05-19 18:26:25 - [MESSAGE][PASSED] - All options with index in [2] are selected on object 'Object Repository/HealthpostToStore/Page_Store/select_--Select--Adernaline 0.'

2018-05-19 18:26:25 - [TEST_STEP][PASSED] - delay: Delayed 2 second(s)

2018-05-19 18:26:27 - [MESSAGE][PASSED] - Delayed 2 second(s)

2018-05-19 18:26:27 - [TEST_STEP][PASSED] - Statement - RequestedQty = com.kms.katalon.core.webui.keyword.WebUiBuiltInKeywords.getAttribute(com.kms.katalon.core.testobject.ObjectRepository.findTestObject(HealthpostToStore/Page_Store/input_txttotal), "value"): Attribute 'value' of object 'Object Repository/HealthpostToStore/Page_Store/input_txttotal' is: '10'

2018-05-19 18:26:27 - [MESSAGE][PASSED] - Attribute 'value' of object 'Object Repository/HealthpostToStore/Page_Store/input_txttotal' is: '10'

2018-05-19 18:26:27 - [TEST_STEP][PASSED] - Statement - out.println("Requested QTY : " + RequestedQty): null

2018-05-19 18:26:27 - [TEST_STEP][PASSED] - Statement - BatchNumber = com.kms.katalon.core.webui.keyword.WebUiBuiltInKeywords.getNumberOfTotalOption(com.kms.katalon.core.testobject.ObjectRepository.findTestObject(HealthpostToStore/Page_Store/select_--Select--BA1170BA2376B)): 4 options of object 'Object Repository/HealthpostToStore/Page_Store/select_--Select--BA1170BA2376B' counted

2018-05-19 18:26:27 - [MESSAGE][PASSED] - 4 options of object 'Object Repository/HealthpostToStore/Page_Store/select_--Select--BA1170BA2376B' counted

2018-05-19 18:26:27 - [TEST_STEP][PASSED] - Statement - For ([g = 1, g <= BatchNumber - 1, (g++)]): null

2018-05-19 18:26:27 - [TEST_STEP][PASSED] - selectOptionByIndex: All options with index in [1] are selected on object 'Object Repository/HealthpostToStore/Page_Store/select_--Select--BA1170BA2376B'

2018-05-19 18:26:27 - [MESSAGE][PASSED] - All options with index in [1] are selected on object 'Object Repository/HealthpostToStore/Page_Store/select_--Select--BA1170BA2376B'

2018-05-19 18:26:27 - [TEST_STEP][PASSED] - Statement - Try: null

2018-05-19 18:26:27 - [TEST_STEP][PASSED] - Statement - StockQty = com.kms.katalon.core.webui.keyword.WebUiBuiltInKeywords.getAttribute(com.kms.katalon.core.testobject.ObjectRepository.findTestObject(HealthpostToStore/Page_Store/input_txtprice), "value"): Attribute 'value' of object 'Object Repository/HealthpostToStore/Page_Store/input_txtprice' is: '40'

2018-05-19 18:26:27 - [MESSAGE][PASSED] - Attribute 'value' of object 'Object Repository/HealthpostToStore/Page_Store/input_txtprice' is: '40'

2018-05-19 18:26:27 - [TEST_STEP][PASSED] - Statement - out.println("Stock QTY : " + StockQty): null

2018-05-19 18:26:27 - [TEST_STEP][PASSED] - delay: Delayed 2 second(s)

2018-05-19 18:26:29 - [MESSAGE][PASSED] - Delayed 2 second(s)

2018-05-19 18:26:29 - [TEST_STEP][PASSED] - Statement - If (java.lang.String.valueOf(StockQty) >= java.lang.String.valueOf(RequestedQty)): null

2018-05-19 18:26:29 - [TEST_STEP][PASSED] - setText: Text '10' is set on object 'Object Repository/HealthpostToStore/Page_Store/input_txtqty'

2018-05-19 18:26:29 - [MESSAGE][PASSED] - Text '10' is set on object 'Object Repository/HealthpostToStore/Page_Store/input_txtqty'

2018-05-19 18:26:29 - [TEST_STEP][PASSED] - click: Object: 'Object Repository/HealthpostToStore/Page_Store/button_Add' is clicked on

2018-05-19 18:26:29 - [MESSAGE][PASSED] - Object: 'Object Repository/HealthpostToStore/Page_Store/button_Add' is clicked on

2018-05-19 18:26:29 - [TEST_STEP][PASSED] - Statement - Break: null

2018-05-19 18:26:29 - [TEST_STEP][PASSED] - selectOptionByIndex: All options with index in [3] are selected on object 'Object Repository/HealthpostToStore/Page_Store/select_--Select--Adernaline 0.'

2018-05-19 18:26:30 - [MESSAGE][PASSED] - All options with index in [3] are selected on object 'Object Repository/HealthpostToStore/Page_Store/select_--Select--Adernaline 0.'

2018-05-19 18:26:30 - [TEST_STEP][PASSED] - delay: Delayed 2 second(s)

2018-05-19 18:26:32 - [MESSAGE][PASSED] - Delayed 2 second(s)

2018-05-19 18:26:32 - [TEST_STEP][PASSED] - Statement - RequestedQty = com.kms.katalon.core.webui.keyword.WebUiBuiltInKeywords.getAttribute(com.kms.katalon.core.testobject.ObjectRepository.findTestObject(HealthpostToStore/Page_Store/input_txttotal), "value"): Attribute 'value' of object 'Object Repository/HealthpostToStore/Page_Store/input_txttotal' is: '10'

2018-05-19 18:26:32 - [MESSAGE][PASSED] - Attribute 'value' of object 'Object Repository/HealthpostToStore/Page_Store/input_txttotal' is: '10'

2018-05-19 18:26:32 - [TEST_STEP][PASSED] - Statement - out.println("Requested QTY : " + RequestedQty): null

2018-05-19 18:26:32 - [TEST_STEP][PASSED] - Statement - BatchNumber = com.kms.katalon.core.webui.keyword.WebUiBuiltInKeywords.getNumberOfTotalOption(com.kms.katalon.core.testobject.ObjectRepository.findTestObject(HealthpostToStore/Page_Store/select_--Select--BA1170BA2376B)): 4 options of object 'Object Repository/HealthpostToStore/Page_Store/select_--Select--BA1170BA2376B' counted

2018-05-19 18:26:32 - [MESSAGE][PASSED] - 4 options of object 'Object Repository/HealthpostToStore/Page_Store/select_--Select--BA1170BA2376B' counted

2018-05-19 18:26:32 - [TEST_STEP][PASSED] - Statement - For ([g = 1, g <= BatchNumber - 1, (g++)]): null

2018-05-19 18:26:32 - [TEST_STEP][PASSED] - selectOptionByIndex: All options with index in [1] are selected on object 'Object Repository/HealthpostToStore/Page_Store/select_--Select--BA1170BA2376B'

2018-05-19 18:26:32 - [MESSAGE][PASSED] - All options with index in [1] are selected on object 'Object Repository/HealthpostToStore/Page_Store/select_--Select--BA1170BA2376B'

2018-05-19 18:26:32 - [TEST_STEP][PASSED] - Statement - Try: null

2018-05-19 18:26:32 - [TEST_STEP][PASSED] - Statement - StockQty = com.kms.katalon.core.webui.keyword.WebUiBuiltInKeywords.getAttribute(com.kms.katalon.core.testobject.ObjectRepository.findTestObject(HealthpostToStore/Page_Store/input_txtprice), "value"): Attribute 'value' of object 'Object Repository/HealthpostToStore/Page_Store/input_txtprice' is: '40'

2018-05-19 18:26:32 - [MESSAGE][PASSED] - Attribute 'value' of object 'Object Repository/HealthpostToStore/Page_Store/input_txtprice' is: '40'

2018-05-19 18:26:32 - [TEST_STEP][PASSED] - Statement - out.println("Stock QTY : " + StockQty): null

2018-05-19 18:26:32 - [TEST_STEP][PASSED] - delay: Delayed 2 second(s)

2018-05-19 18:26:34 - [MESSAGE][PASSED] - Delayed 2 second(s)

2018-05-19 18:26:34 - [TEST_STEP][PASSED] - Statement - If (java.lang.String.valueOf(StockQty) >= java.lang.String.valueOf(RequestedQty)): null

2018-05-19 18:26:34 - [TEST_STEP][PASSED] - setText: Text '10' is set on object 'Object Repository/HealthpostToStore/Page_Store/input_txtqty'

2018-05-19 18:26:34 - [MESSAGE][PASSED] - Text '10' is set on object 'Object Repository/HealthpostToStore/Page_Store/input_txtqty'

2018-05-19 18:26:34 - [TEST_STEP][PASSED] - click: Object: 'Object Repository/HealthpostToStore/Page_Store/button_Add' is clicked on

2018-05-19 18:26:34 - [MESSAGE][PASSED] - Object: 'Object Repository/HealthpostToStore/Page_Store/button_Add' is clicked on

2018-05-19 18:26:34 - [TEST_STEP][PASSED] - Statement - Break: null

2018-05-19 18:26:34 - [TEST_STEP][PASSED] - selectOptionByIndex: All options with index in [4] are selected on object 'Object Repository/HealthpostToStore/Page_Store/select_--Select--Adernaline 0.'

2018-05-19 18:26:34 - [MESSAGE][PASSED] - All options with index in [4] are selected on object 'Object Repository/HealthpostToStore/Page_Store/select_--Select--Adernaline 0.'

2018-05-19 18:26:34 - [TEST_STEP][PASSED] - delay: Delayed 2 second(s)

2018-05-19 18:26:36 - [MESSAGE][PASSED] - Delayed 2 second(s)

2018-05-19 18:26:36 - [TEST_STEP][PASSED] - Statement - RequestedQty = com.kms.katalon.core.webui.keyword.WebUiBuiltInKeywords.getAttribute(com.kms.katalon.core.testobject.ObjectRepository.findTestObject(HealthpostToStore/Page_Store/input_txttotal), "value"): Attribute 'value' of object 'Object Repository/HealthpostToStore/Page_Store/input_txttotal' is: '10'

2018-05-19 18:26:36 - [MESSAGE][PASSED] - Attribute 'value' of object 'Object Repository/HealthpostToStore/Page_Store/input_txttotal' is: '10'

2018-05-19 18:26:36 - [TEST_STEP][PASSED] - Statement - out.println("Requested QTY : " + RequestedQty): null

2018-05-19 18:26:36 - [TEST_STEP][PASSED] - Statement - BatchNumber = com.kms.katalon.core.webui.keyword.WebUiBuiltInKeywords.getNumberOfTotalOption(com.kms.katalon.core.testobject.ObjectRepository.findTestObject(HealthpostToStore/Page_Store/select_--Select--BA1170BA2376B)): 2 options of object 'Object Repository/HealthpostToStore/Page_Store/select_--Select--BA1170BA2376B' counted

2018-05-19 18:26:36 - [MESSAGE][PASSED] - 2 options of object 'Object Repository/HealthpostToStore/Page_Store/select_--Select--BA1170BA2376B' counted

2018-05-19 18:26:36 - [TEST_STEP][PASSED] - Statement - For ([g = 1, g <= BatchNumber - 1, (g++)]): null

2018-05-19 18:26:36 - [TEST_STEP][PASSED] - selectOptionByIndex: All options with index in [1] are selected on object 'Object Repository/HealthpostToStore/Page_Store/select_--Select--BA1170BA2376B'

2018-05-19 18:26:36 - [MESSAGE][PASSED] - All options with index in [1] are selected on object 'Object Repository/HealthpostToStore/Page_Store/select_--Select--BA1170BA2376B'

2018-05-19 18:26:36 - [TEST_STEP][PASSED] - Statement - Try: null

2018-05-19 18:26:36 - [TEST_STEP][PASSED] - Statement - StockQty = com.kms.katalon.core.webui.keyword.WebUiBuiltInKeywords.getAttribute(com.kms.katalon.core.testobject.ObjectRepository.findTestObject(HealthpostToStore/Page_Store/input_txtprice), "value"): Attribute 'value' of object 'Object Repository/HealthpostToStore/Page_Store/input_txtprice' is: '1040'

2018-05-19 18:26:36 - [MESSAGE][PASSED] - Attribute 'value' of object 'Object Repository/HealthpostToStore/Page_Store/input_txtprice' is: '1040'

2018-05-19 18:26:36 - [TEST_STEP][PASSED] - Statement - out.println("Stock QTY : " + StockQty): null

2018-05-19 18:26:36 - [TEST_STEP][PASSED] - delay: Delayed 2 second(s)

2018-05-19 18:26:38 - [MESSAGE][PASSED] - Delayed 2 second(s)

2018-05-19 18:26:38 - [TEST_STEP][PASSED] - Statement - If (java.lang.String.valueOf(StockQty) >= java.lang.String.valueOf(RequestedQty)): null

2018-05-19 18:26:38 - [TEST_STEP][PASSED] - setText: Text '10' is set on object 'Object Repository/HealthpostToStore/Page_Store/input_txtqty'

2018-05-19 18:26:39 - [MESSAGE][PASSED] - Text '10' is set on object 'Object Repository/HealthpostToStore/Page_Store/input_txtqty'

2018-05-19 18:26:39 - [TEST_STEP][PASSED] - click: Object: 'Object Repository/HealthpostToStore/Page_Store/button_Add' is clicked on

2018-05-19 18:26:39 - [MESSAGE][PASSED] - Object: 'Object Repository/HealthpostToStore/Page_Store/button_Add' is clicked on

2018-05-19 18:26:39 - [TEST_STEP][PASSED] - Statement - Break: null

2018-05-19 18:26:39 - [TEST_STEP][PASSED] - selectOptionByIndex: All options with index in [5] are selected on object 'Object Repository/HealthpostToStore/Page_Store/select_--Select--Adernaline 0.'

2018-05-19 18:26:39 - [MESSAGE][PASSED] - All options with index in [5] are selected on object 'Object Repository/HealthpostToStore/Page_Store/select_--Select--Adernaline 0.'

2018-05-19 18:26:39 - [TEST_STEP][PASSED] - delay: Delayed 2 second(s)

2018-05-19 18:26:41 - [MESSAGE][PASSED] - Delayed 2 second(s)

2018-05-19 18:26:41 - [TEST_STEP][PASSED] - Statement - RequestedQty = com.kms.katalon.core.webui.keyword.WebUiBuiltInKeywords.getAttribute(com.kms.katalon.core.testobject.ObjectRepository.findTestObject(HealthpostToStore/Page_Store/input_txttotal), "value"): Attribute 'value' of object 'Object Repository/HealthpostToStore/Page_Store/input_txttotal' is: '10'

2018-05-19 18:26:41 - [MESSAGE][PASSED] - Attribute 'value' of object 'Object Repository/HealthpostToStore/Page_Store/input_txttotal' is: '10'

2018-05-19 18:26:41 - [TEST_STEP][PASSED] - Statement - out.println("Requested QTY : " + RequestedQty): null

2018-05-19 18:26:41 - [TEST_STEP][PASSED] - Statement - BatchNumber = com.kms.katalon.core.webui.keyword.WebUiBuiltInKeywords.getNumberOfTotalOption(com.kms.katalon.core.testobject.ObjectRepository.findTestObject(HealthpostToStore/Page_Store/select_--Select--BA1170BA2376B)): 3 options of object 'Object Repository/HealthpostToStore/Page_Store/select_--Select--BA1170BA2376B' counted

2018-05-19 18:26:41 - [MESSAGE][PASSED] - 3 options of object 'Object Repository/HealthpostToStore/Page_Store/select_--Select--BA1170BA2376B' counted

2018-05-19 18:26:41 - [TEST_STEP][PASSED] - Statement - For ([g = 1, g <= BatchNumber - 1, (g++)]): null

2018-05-19 18:26:41 - [TEST_STEP][PASSED] - selectOptionByIndex: All options with index in [1] are selected on object 'Object Repository/HealthpostToStore/Page_Store/select_--Select--BA1170BA2376B'

2018-05-19 18:26:41 - [MESSAGE][PASSED] - All options with index in [1] are selected on object 'Object Repository/HealthpostToStore/Page_Store/select_--Select--BA1170BA2376B'

2018-05-19 18:26:41 - [TEST_STEP][PASSED] - Statement - Try: null

2018-05-19 18:26:41 - [TEST_STEP][PASSED] - Statement - StockQty = com.kms.katalon.core.webui.keyword.WebUiBuiltInKeywords.getAttribute(com.kms.katalon.core.testobject.ObjectRepository.findTestObject(HealthpostToStore/Page_Store/input_txtprice), "value"): Attribute 'value' of object 'Object Repository/HealthpostToStore/Page_Store/input_txtprice' is: '2035'

2018-05-19 18:26:41 - [MESSAGE][PASSED] - Attribute 'value' of object 'Object Repository/HealthpostToStore/Page_Store/input_txtprice' is: '2035'

2018-05-19 18:26:41 - [TEST_STEP][PASSED] - Statement - out.println("Stock QTY : " + StockQty): null

2018-05-19 18:26:41 - [TEST_STEP][PASSED] - delay: Delayed 2 second(s)

2018-05-19 18:26:43 - [MESSAGE][PASSED] - Delayed 2 second(s)

2018-05-19 18:26:43 - [TEST_STEP][PASSED] - Statement - If (java.lang.String.valueOf(StockQty) >= java.lang.String.valueOf(RequestedQty)): null

2018-05-19 18:26:43 - [TEST_STEP][PASSED] - setText: Text '10' is set on object 'Object Repository/HealthpostToStore/Page_Store/input_txtqty'

2018-05-19 18:26:43 - [MESSAGE][PASSED] - Text '10' is set on object 'Object Repository/HealthpostToStore/Page_Store/input_txtqty'

2018-05-19 18:26:43 - [TEST_STEP][PASSED] - click: Object: 'Object Repository/HealthpostToStore/Page_Store/button_Add' is clicked on

2018-05-19 18:26:43 - [MESSAGE][PASSED] - Object: 'Object Repository/HealthpostToStore/Page_Store/button_Add' is clicked on

2018-05-19 18:26:43 - [TEST_STEP][PASSED] - Statement - Break: null

2018-05-19 18:26:43 - [TEST_STEP][PASSED] - selectOptionByIndex: All options with index in [6] are selected on object 'Object Repository/HealthpostToStore/Page_Store/select_--Select--Adernaline 0.'

2018-05-19 18:26:43 - [MESSAGE][PASSED] - All options with index in [6] are selected on object 'Object Repository/HealthpostToStore/Page_Store/select_--Select--Adernaline 0.'

2018-05-19 18:26:43 - [TEST_STEP][PASSED] - delay: Delayed 2 second(s)

2018-05-19 18:26:45 - [MESSAGE][PASSED] - Delayed 2 second(s)

2018-05-19 18:26:45 - [TEST_STEP][PASSED] - Statement - RequestedQty = com.kms.katalon.core.webui.keyword.WebUiBuiltInKeywords.getAttribute(com.kms.katalon.core.testobject.ObjectRepository.findTestObject(HealthpostToStore/Page_Store/input_txttotal), "value"): Attribute 'value' of object 'Object Repository/HealthpostToStore/Page_Store/input_txttotal' is: '10'

2018-05-19 18:26:45 - [MESSAGE][PASSED] - Attribute 'value' of object 'Object Repository/HealthpostToStore/Page_Store/input_txttotal' is: '10'

2018-05-19 18:26:45 - [TEST_STEP][PASSED] - Statement - out.println("Requested QTY : " + RequestedQty): null

2018-05-19 18:26:45 - [TEST_STEP][PASSED] - Statement - BatchNumber = com.kms.katalon.core.webui.keyword.WebUiBuiltInKeywords.getNumberOfTotalOption(com.kms.katalon.core.testobject.ObjectRepository.findTestObject(HealthpostToStore/Page_Store/select_--Select--BA1170BA2376B)): 3 options of object 'Object Repository/HealthpostToStore/Page_Store/select_--Select--BA1170BA2376B' counted

2018-05-19 18:26:45 - [MESSAGE][PASSED] - 3 options of object 'Object Repository/HealthpostToStore/Page_Store/select_--Select--BA1170BA2376B' counted

2018-05-19 18:26:45 - [TEST_STEP][PASSED] - Statement - For ([g = 1, g <= BatchNumber - 1, (g++)]): null

2018-05-19 18:26:45 - [TEST_STEP][PASSED] - selectOptionByIndex: All options with index in [1] are selected on object 'Object Repository/HealthpostToStore/Page_Store/select_--Select--BA1170BA2376B'

2018-05-19 18:26:46 - [MESSAGE][PASSED] - All options with index in [1] are selected on object 'Object Repository/HealthpostToStore/Page_Store/select_--Select--BA1170BA2376B'

2018-05-19 18:26:46 - [TEST_STEP][PASSED] - Statement - Try: null

2018-05-19 18:26:46 - [TEST_STEP][PASSED] - Statement - StockQty = com.kms.katalon.core.webui.keyword.WebUiBuiltInKeywords.getAttribute(com.kms.katalon.core.testobject.ObjectRepository.findTestObject(HealthpostToStore/Page_Store/input_txtprice), "value"): Attribute 'value' of object 'Object Repository/HealthpostToStore/Page_Store/input_txtprice' is: '1040'

2018-05-19 18:26:46 - [MESSAGE][PASSED] - Attribute 'value' of object 'Object Repository/HealthpostToStore/Page_Store/input_txtprice' is: '1040'

2018-05-19 18:26:46 - [TEST_STEP][PASSED] - Statement - out.println("Stock QTY : " + StockQty): null

2018-05-19 18:26:46 - [TEST_STEP][PASSED] - delay: Delayed 2 second(s)

2018-05-19 18:26:48 - [MESSAGE][PASSED] - Delayed 2 second(s)

2018-05-19 18:26:48 - [TEST_STEP][PASSED] - Statement - If (java.lang.String.valueOf(StockQty) >= java.lang.String.valueOf(RequestedQty)): null

2018-05-19 18:26:48 - [TEST_STEP][PASSED] - setText: Text '10' is set on object 'Object Repository/HealthpostToStore/Page_Store/input_txtqty'

2018-05-19 18:26:48 - [MESSAGE][PASSED] - Text '10' is set on object 'Object Repository/HealthpostToStore/Page_Store/input_txtqty'

2018-05-19 18:26:48 - [TEST_STEP][PASSED] - click: Object: 'Object Repository/HealthpostToStore/Page_Store/button_Add' is clicked on

2018-05-19 18:26:48 - [MESSAGE][PASSED] - Object: 'Object Repository/HealthpostToStore/Page_Store/button_Add' is clicked on

2018-05-19 18:26:48 - [TEST_STEP][PASSED] - Statement - Break: null

2018-05-19 18:26:48 - [TEST_STEP][PASSED] - selectOptionByIndex: All options with index in [7] are selected on object 'Object Repository/HealthpostToStore/Page_Store/select_--Select--Adernaline 0.'

2018-05-19 18:26:48 - [MESSAGE][PASSED] - All options with index in [7] are selected on object 'Object Repository/HealthpostToStore/Page_Store/select_--Select--Adernaline 0.'

2018-05-19 18:26:48 - [TEST_STEP][PASSED] - delay: Delayed 2 second(s)

2018-05-19 18:26:50 - [MESSAGE][PASSED] - Delayed 2 second(s)

2018-05-19 18:26:50 - [TEST_STEP][PASSED] - Statement - RequestedQty = com.kms.katalon.core.webui.keyword.WebUiBuiltInKeywords.getAttribute(com.kms.katalon.core.testobject.ObjectRepository.findTestObject(HealthpostToStore/Page_Store/input_txttotal), "value"): Attribute 'value' of object 'Object Repository/HealthpostToStore/Page_Store/input_txttotal' is: '10'

2018-05-19 18:26:50 - [MESSAGE][PASSED] - Attribute 'value' of object 'Object Repository/HealthpostToStore/Page_Store/input_txttotal' is: '10'

2018-05-19 18:26:50 - [TEST_STEP][PASSED] - Statement - out.println("Requested QTY : " + RequestedQty): null

2018-05-19 18:26:50 - [TEST_STEP][PASSED] - Statement - BatchNumber = com.kms.katalon.core.webui.keyword.WebUiBuiltInKeywords.getNumberOfTotalOption(com.kms.katalon.core.testobject.ObjectRepository.findTestObject(HealthpostToStore/Page_Store/select_--Select--BA1170BA2376B)): 3 options of object 'Object Repository/HealthpostToStore/Page_Store/select_--Select--BA1170BA2376B' counted

2018-05-19 18:26:50 - [MESSAGE][PASSED] - 3 options of object 'Object Repository/HealthpostToStore/Page_Store/select_--Select--BA1170BA2376B' counted

2018-05-19 18:26:50 - [TEST_STEP][PASSED] - Statement - For ([g = 1, g <= BatchNumber - 1, (g++)]): null

2018-05-19 18:26:50 - [TEST_STEP][PASSED] - selectOptionByIndex: All options with index in [1] are selected on object 'Object Repository/HealthpostToStore/Page_Store/select_--Select--BA1170BA2376B'

2018-05-19 18:26:50 - [MESSAGE][PASSED] - All options with index in [1] are selected on object 'Object Repository/HealthpostToStore/Page_Store/select_--Select--BA1170BA2376B'

2018-05-19 18:26:50 - [TEST_STEP][PASSED] - Statement - Try: null

2018-05-19 18:26:50 - [TEST_STEP][PASSED] - Statement - StockQty = com.kms.katalon.core.webui.keyword.WebUiBuiltInKeywords.getAttribute(com.kms.katalon.core.testobject.ObjectRepository.findTestObject(HealthpostToStore/Page_Store/input_txtprice), "value"): Attribute 'value' of object 'Object Repository/HealthpostToStore/Page_Store/input_txtprice' is: '940'

2018-05-19 18:26:50 - [MESSAGE][PASSED] - Attribute 'value' of object 'Object Repository/HealthpostToStore/Page_Store/input_txtprice' is: '940'

2018-05-19 18:26:50 - [TEST_STEP][PASSED] - Statement - out.println("Stock QTY : " + StockQty): null

2018-05-19 18:26:50 - [TEST_STEP][PASSED] - delay: Delayed 2 second(s)

2018-05-19 18:26:52 - [MESSAGE][PASSED] - Delayed 2 second(s)

2018-05-19 18:26:52 - [TEST_STEP][PASSED] - Statement - If (java.lang.String.valueOf(StockQty) >= java.lang.String.valueOf(RequestedQty)): null

2018-05-19 18:26:52 - [TEST_STEP][PASSED] - setText: Text '10' is set on object 'Object Repository/HealthpostToStore/Page_Store/input_txtqty'

2018-05-19 18:26:52 - [MESSAGE][PASSED] - Text '10' is set on object 'Object Repository/HealthpostToStore/Page_Store/input_txtqty'

2018-05-19 18:26:52 - [TEST_STEP][PASSED] - click: Object: 'Object Repository/HealthpostToStore/Page_Store/button_Add' is clicked on

2018-05-19 18:26:52 - [MESSAGE][PASSED] - Object: 'Object Repository/HealthpostToStore/Page_Store/button_Add' is clicked on

2018-05-19 18:26:52 - [TEST_STEP][PASSED] - Statement - Break: null

2018-05-19 18:26:52 - [TEST_STEP][PASSED] - selectOptionByIndex: All options with index in [8] are selected on object 'Object Repository/HealthpostToStore/Page_Store/select_--Select--Adernaline 0.'

2018-05-19 18:26:53 - [MESSAGE][PASSED] - All options with index in [8] are selected on object 'Object Repository/HealthpostToStore/Page_Store/select_--Select--Adernaline 0.'

2018-05-19 18:26:53 - [TEST_STEP][PASSED] - delay: Delayed 2 second(s)

2018-05-19 18:26:55 - [MESSAGE][PASSED] - Delayed 2 second(s)

2018-05-19 18:26:55 - [TEST_STEP][PASSED] - Statement - RequestedQty = com.kms.katalon.core.webui.keyword.WebUiBuiltInKeywords.getAttribute(com.kms.katalon.core.testobject.ObjectRepository.findTestObject(HealthpostToStore/Page_Store/input_txttotal), "value"): Attribute 'value' of object 'Object Repository/HealthpostToStore/Page_Store/input_txttotal' is: '10'

2018-05-19 18:26:55 - [MESSAGE][PASSED] - Attribute 'value' of object 'Object Repository/HealthpostToStore/Page_Store/input_txttotal' is: '10'

2018-05-19 18:26:55 - [TEST_STEP][PASSED] - Statement - out.println("Requested QTY : " + RequestedQty): null

2018-05-19 18:26:55 - [TEST_STEP][PASSED] - Statement - BatchNumber = com.kms.katalon.core.webui.keyword.WebUiBuiltInKeywords.getNumberOfTotalOption(com.kms.katalon.core.testobject.ObjectRepository.findTestObject(HealthpostToStore/Page_Store/select_--Select--BA1170BA2376B)): 2 options of object 'Object Repository/HealthpostToStore/Page_Store/select_--Select--BA1170BA2376B' counted

2018-05-19 18:26:55 - [MESSAGE][PASSED] - 2 options of object 'Object Repository/HealthpostToStore/Page_Store/select_--Select--BA1170BA2376B' counted

2018-05-19 18:26:55 - [TEST_STEP][PASSED] - Statement - For ([g = 1, g <= BatchNumber - 1, (g++)]): null

2018-05-19 18:26:55 - [TEST_STEP][PASSED] - selectOptionByIndex: All options with index in [1] are selected on object 'Object Repository/HealthpostToStore/Page_Store/select_--Select--BA1170BA2376B'

2018-05-19 18:26:55 - [MESSAGE][PASSED] - All options with index in [1] are selected on object 'Object Repository/HealthpostToStore/Page_Store/select_--Select--BA1170BA2376B'

2018-05-19 18:26:55 - [TEST_STEP][PASSED] - Statement - Try: null

2018-05-19 18:26:55 - [TEST_STEP][PASSED] - Statement - StockQty = com.kms.katalon.core.webui.keyword.WebUiBuiltInKeywords.getAttribute(com.kms.katalon.core.testobject.ObjectRepository.findTestObject(HealthpostToStore/Page_Store/input_txtprice), "value"): Attribute 'value' of object 'Object Repository/HealthpostToStore/Page_Store/input_txtprice' is: '1040'

2018-05-19 18:26:55 - [MESSAGE][PASSED] - Attribute 'value' of object 'Object Repository/HealthpostToStore/Page_Store/input_txtprice' is: '1040'

2018-05-19 18:26:55 - [TEST_STEP][PASSED] - Statement - out.println("Stock QTY : " + StockQty): null

2018-05-19 18:26:55 - [TEST_STEP][PASSED] - delay: Delayed 2 second(s)

2018-05-19 18:26:57 - [MESSAGE][PASSED] - Delayed 2 second(s)

2018-05-19 18:26:57 - [TEST_STEP][PASSED] - Statement - If (java.lang.String.valueOf(StockQty) >= java.lang.String.valueOf(RequestedQty)): null

2018-05-19 18:26:57 - [TEST_STEP][PASSED] - setText: Text '10' is set on object 'Object Repository/HealthpostToStore/Page_Store/input_txtqty'

2018-05-19 18:26:57 - [MESSAGE][PASSED] - Text '10' is set on object 'Object Repository/HealthpostToStore/Page_Store/input_txtqty'

2018-05-19 18:26:57 - [TEST_STEP][PASSED] - click: Object: 'Object Repository/HealthpostToStore/Page_Store/button_Add' is clicked on

2018-05-19 18:26:57 - [MESSAGE][PASSED] - Object: 'Object Repository/HealthpostToStore/Page_Store/button_Add' is clicked on

2018-05-19 18:26:57 - [TEST_STEP][PASSED] - Statement - Break: null

2018-05-19 18:26:57 - [TEST_STEP][PASSED] - selectOptionByIndex: All options with index in [9] are selected on object 'Object Repository/HealthpostToStore/Page_Store/select_--Select--Adernaline 0.'

2018-05-19 18:26:57 - [MESSAGE][PASSED] - All options with index in [9] are selected on object 'Object Repository/HealthpostToStore/Page_Store/select_--Select--Adernaline 0.'

2018-05-19 18:26:57 - [TEST_STEP][PASSED] - delay: Delayed 2 second(s)

2018-05-19 18:26:59 - [MESSAGE][PASSED] - Delayed 2 second(s)

2018-05-19 18:26:59 - [TEST_STEP][PASSED] - Statement - RequestedQty = com.kms.katalon.core.webui.keyword.WebUiBuiltInKeywords.getAttribute(com.kms.katalon.core.testobject.ObjectRepository.findTestObject(HealthpostToStore/Page_Store/input_txttotal), "value"): Attribute 'value' of object 'Object Repository/HealthpostToStore/Page_Store/input_txttotal' is: '10'

2018-05-19 18:26:59 - [MESSAGE][PASSED] - Attribute 'value' of object 'Object Repository/HealthpostToStore/Page_Store/input_txttotal' is: '10'

2018-05-19 18:26:59 - [TEST_STEP][PASSED] - Statement - out.println("Requested QTY : " + RequestedQty): null

2018-05-19 18:26:59 - [TEST_STEP][PASSED] - Statement - BatchNumber = com.kms.katalon.core.webui.keyword.WebUiBuiltInKeywords.getNumberOfTotalOption(com.kms.katalon.core.testobject.ObjectRepository.findTestObject(HealthpostToStore/Page_Store/select_--Select--BA1170BA2376B)): 4 options of object 'Object Repository/HealthpostToStore/Page_Store/select_--Select--BA1170BA2376B' counted

2018-05-19 18:26:59 - [MESSAGE][PASSED] - 4 options of object 'Object Repository/HealthpostToStore/Page_Store/select_--Select--BA1170BA2376B' counted

2018-05-19 18:26:59 - [TEST_STEP][PASSED] - Statement - For ([g = 1, g <= BatchNumber - 1, (g++)]): null

2018-05-19 18:26:59 - [TEST_STEP][PASSED] - selectOptionByIndex: All options with index in [1] are selected on object 'Object Repository/HealthpostToStore/Page_Store/select_--Select--BA1170BA2376B'

2018-05-19 18:26:59 - [MESSAGE][PASSED] - All options with index in [1] are selected on object 'Object Repository/HealthpostToStore/Page_Store/select_--Select--BA1170BA2376B'

2018-05-19 18:26:59 - [TEST_STEP][PASSED] - Statement - Try: null

2018-05-19 18:26:59 - [TEST_STEP][PASSED] - Statement - StockQty = com.kms.katalon.core.webui.keyword.WebUiBuiltInKeywords.getAttribute(com.kms.katalon.core.testobject.ObjectRepository.findTestObject(HealthpostToStore/Page_Store/input_txtprice), "value"): Attribute 'value' of object 'Object Repository/HealthpostToStore/Page_Store/input_txtprice' is: '940'

2018-05-19 18:26:59 - [MESSAGE][PASSED] - Attribute 'value' of object 'Object Repository/HealthpostToStore/Page_Store/input_txtprice' is: '940'

2018-05-19 18:26:59 - [TEST_STEP][PASSED] - Statement - out.println("Stock QTY : " + StockQty): null

2018-05-19 18:26:59 - [TEST_STEP][PASSED] - delay: Delayed 2 second(s)

2018-05-19 18:27:01 - [MESSAGE][PASSED] - Delayed 2 second(s)

2018-05-19 18:27:01 - [TEST_STEP][PASSED] - Statement - If (java.lang.String.valueOf(StockQty) >= java.lang.String.valueOf(RequestedQty)): null

2018-05-19 18:27:01 - [TEST_STEP][PASSED] - setText: Text '10' is set on object 'Object Repository/HealthpostToStore/Page_Store/input_txtqty'

2018-05-19 18:27:02 - [MESSAGE][PASSED] - Text '10' is set on object 'Object Repository/HealthpostToStore/Page_Store/input_txtqty'

2018-05-19 18:27:02 - [TEST_STEP][PASSED] - click: Object: 'Object Repository/HealthpostToStore/Page_Store/button_Add' is clicked on

2018-05-19 18:27:02 - [MESSAGE][PASSED] - Object: 'Object Repository/HealthpostToStore/Page_Store/button_Add' is clicked on

2018-05-19 18:27:02 - [TEST_STEP][PASSED] - Statement - Break: null

2018-05-19 18:27:02 - [TEST_STEP][PASSED] - selectOptionByIndex: All options with index in [10] are selected on object 'Object Repository/HealthpostToStore/Page_Store/select_--Select--Adernaline 0.'

2018-05-19 18:27:02 - [MESSAGE][PASSED] - All options with index in [10] are selected on object 'Object Repository/HealthpostToStore/Page_Store/select_--Select--Adernaline 0.'

2018-05-19 18:27:02 - [TEST_STEP][PASSED] - delay: Delayed 2 second(s)

2018-05-19 18:27:04 - [MESSAGE][PASSED] - Delayed 2 second(s)

2018-05-19 18:27:04 - [TEST_STEP][PASSED] - Statement - RequestedQty = com.kms.katalon.core.webui.keyword.WebUiBuiltInKeywords.getAttribute(com.kms.katalon.core.testobject.ObjectRepository.findTestObject(HealthpostToStore/Page_Store/input_txttotal), "value"): Attribute 'value' of object 'Object Repository/HealthpostToStore/Page_Store/input_txttotal' is: '10'

2018-05-19 18:27:04 - [MESSAGE][PASSED] - Attribute 'value' of object 'Object Repository/HealthpostToStore/Page_Store/input_txttotal' is: '10'

2018-05-19 18:27:04 - [TEST_STEP][PASSED] - Statement - out.println("Requested QTY : " + RequestedQty): null

2018-05-19 18:27:04 - [TEST_STEP][PASSED] - Statement - BatchNumber = com.kms.katalon.core.webui.keyword.WebUiBuiltInKeywords.getNumberOfTotalOption(com.kms.katalon.core.testobject.ObjectRepository.findTestObject(HealthpostToStore/Page_Store/select_--Select--BA1170BA2376B)): 4 options of object 'Object Repository/HealthpostToStore/Page_Store/select_--Select--BA1170BA2376B' counted

2018-05-19 18:27:04 - [MESSAGE][PASSED] - 4 options of object 'Object Repository/HealthpostToStore/Page_Store/select_--Select--BA1170BA2376B' counted

2018-05-19 18:27:04 - [TEST_STEP][PASSED] - Statement - For ([g = 1, g <= BatchNumber - 1, (g++)]): null

2018-05-19 18:27:04 - [TEST_STEP][PASSED] - selectOptionByIndex: All options with index in [1] are selected on object 'Object Repository/HealthpostToStore/Page_Store/select_--Select--BA1170BA2376B'

2018-05-19 18:27:04 - [MESSAGE][PASSED] - All options with index in [1] are selected on object 'Object Repository/HealthpostToStore/Page_Store/select_--Select--BA1170BA2376B'

2018-05-19 18:27:04 - [TEST_STEP][PASSED] - Statement - Try: null

2018-05-19 18:27:04 - [TEST_STEP][PASSED] - Statement - StockQty = com.kms.katalon.core.webui.keyword.WebUiBuiltInKeywords.getAttribute(com.kms.katalon.core.testobject.ObjectRepository.findTestObject(HealthpostToStore/Page_Store/input_txtprice), "value"): Attribute 'value' of object 'Object Repository/HealthpostToStore/Page_Store/input_txtprice' is: '40'

2018-05-19 18:27:04 - [MESSAGE][PASSED] - Attribute 'value' of object 'Object Repository/HealthpostToStore/Page_Store/input_txtprice' is: '40'

2018-05-19 18:27:04 - [TEST_STEP][PASSED] - Statement - out.println("Stock QTY : " + StockQty): null

2018-05-19 18:27:04 - [TEST_STEP][PASSED] - delay: Delayed 2 second(s)

2018-05-19 18:27:06 - [MESSAGE][PASSED] - Delayed 2 second(s)

2018-05-19 18:27:06 - [TEST_STEP][PASSED] - Statement - If (java.lang.String.valueOf(StockQty) >= java.lang.String.valueOf(RequestedQty)): null

2018-05-19 18:27:06 - [TEST_STEP][PASSED] - setText: Text '10' is set on object 'Object Repository/HealthpostToStore/Page_Store/input_txtqty'

2018-05-19 18:27:06 - [MESSAGE][PASSED] - Text '10' is set on object 'Object Repository/HealthpostToStore/Page_Store/input_txtqty'

2018-05-19 18:27:06 - [TEST_STEP][PASSED] - click: Object: 'Object Repository/HealthpostToStore/Page_Store/button_Add' is clicked on

2018-05-19 18:27:06 - [MESSAGE][PASSED] - Object: 'Object Repository/HealthpostToStore/Page_Store/button_Add' is clicked on

2018-05-19 18:27:06 - [TEST_STEP][PASSED] - Statement - Break: null

2018-05-19 18:27:06 - [TEST_STEP][PASSED] - selectOptionByIndex: All options with index in [11] are selected on object 'Object Repository/HealthpostToStore/Page_Store/select_--Select--Adernaline 0.'

2018-05-19 18:27:06 - [MESSAGE][PASSED] - All options with index in [11] are selected on object 'Object Repository/HealthpostToStore/Page_Store/select_--Select--Adernaline 0.'

2018-05-19 18:27:06 - [TEST_STEP][PASSED] - delay: Delayed 2 second(s)

2018-05-19 18:27:08 - [MESSAGE][PASSED] - Delayed 2 second(s)

2018-05-19 18:27:08 - [TEST_STEP][PASSED] - Statement - RequestedQty = com.kms.katalon.core.webui.keyword.WebUiBuiltInKeywords.getAttribute(com.kms.katalon.core.testobject.ObjectRepository.findTestObject(HealthpostToStore/Page_Store/input_txttotal), "value"): Attribute 'value' of object 'Object Repository/HealthpostToStore/Page_Store/input_txttotal' is: '10'

2018-05-19 18:27:08 - [MESSAGE][PASSED] - Attribute 'value' of object 'Object Repository/HealthpostToStore/Page_Store/input_txttotal' is: '10'

2018-05-19 18:27:08 - [TEST_STEP][PASSED] - Statement - out.println("Requested QTY : " + RequestedQty): null

2018-05-19 18:27:08 - [TEST_STEP][PASSED] - Statement - BatchNumber = com.kms.katalon.core.webui.keyword.WebUiBuiltInKeywords.getNumberOfTotalOption(com.kms.katalon.core.testobject.ObjectRepository.findTestObject(HealthpostToStore/Page_Store/select_--Select--BA1170BA2376B)): 3 options of object 'Object Repository/HealthpostToStore/Page_Store/select_--Select--BA1170BA2376B' counted

2018-05-19 18:27:08 - [MESSAGE][PASSED] - 3 options of object 'Object Repository/HealthpostToStore/Page_Store/select_--Select--BA1170BA2376B' counted

2018-05-19 18:27:08 - [TEST_STEP][PASSED] - Statement - For ([g = 1, g <= BatchNumber - 1, (g++)]): null

2018-05-19 18:27:08 - [TEST_STEP][PASSED] - selectOptionByIndex: All options with index in [1] are selected on object 'Object Repository/HealthpostToStore/Page_Store/select_--Select--BA1170BA2376B'

2018-05-19 18:27:09 - [MESSAGE][PASSED] - All options with index in [1] are selected on object 'Object Repository/HealthpostToStore/Page_Store/select_--Select--BA1170BA2376B'

2018-05-19 18:27:09 - [TEST_STEP][PASSED] - Statement - Try: null

2018-05-19 18:27:09 - [TEST_STEP][PASSED] - Statement - StockQty = com.kms.katalon.core.webui.keyword.WebUiBuiltInKeywords.getAttribute(com.kms.katalon.core.testobject.ObjectRepository.findTestObject(HealthpostToStore/Page_Store/input_txtprice), "value"): Attribute 'value' of object 'Object Repository/HealthpostToStore/Page_Store/input_txtprice' is: '40'

2018-05-19 18:27:09 - [MESSAGE][PASSED] - Attribute 'value' of object 'Object Repository/HealthpostToStore/Page_Store/input_txtprice' is: '40'

2018-05-19 18:27:09 - [TEST_STEP][PASSED] - Statement - out.println("Stock QTY : " + StockQty): null

2018-05-19 18:27:09 - [TEST_STEP][PASSED] - delay: Delayed 2 second(s)

2018-05-19 18:27:11 - [MESSAGE][PASSED] - Delayed 2 second(s)

2018-05-19 18:27:11 - [TEST_STEP][PASSED] - Statement - If (java.lang.String.valueOf(StockQty) >= java.lang.String.valueOf(RequestedQty)): null

2018-05-19 18:27:11 - [TEST_STEP][PASSED] - setText: Text '10' is set on object 'Object Repository/HealthpostToStore/Page_Store/input_txtqty'

2018-05-19 18:27:11 - [MESSAGE][PASSED] - Text '10' is set on object 'Object Repository/HealthpostToStore/Page_Store/input_txtqty'

2018-05-19 18:27:11 - [TEST_STEP][PASSED] - click: Object: 'Object Repository/HealthpostToStore/Page_Store/button_Add' is clicked on

2018-05-19 18:27:11 - [MESSAGE][PASSED] - Object: 'Object Repository/HealthpostToStore/Page_Store/button_Add' is clicked on

2018-05-19 18:27:11 - [TEST_STEP][PASSED] - Statement - Break: null

2018-05-19 18:27:11 - [TEST_STEP][PASSED] - selectOptionByIndex: All options with index in [12] are selected on object 'Object Repository/HealthpostToStore/Page_Store/select_--Select--Adernaline 0.'

2018-05-19 18:27:11 - [MESSAGE][PASSED] - All options with index in [12] are selected on object 'Object Repository/HealthpostToStore/Page_Store/select_--Select--Adernaline 0.'

2018-05-19 18:27:11 - [TEST_STEP][PASSED] - delay: Delayed 2 second(s)

2018-05-19 18:27:13 - [MESSAGE][PASSED] - Delayed 2 second(s)

2018-05-19 18:27:13 - [TEST_STEP][PASSED] - Statement - RequestedQty = com.kms.katalon.core.webui.keyword.WebUiBuiltInKeywords.getAttribute(com.kms.katalon.core.testobject.ObjectRepository.findTestObject(HealthpostToStore/Page_Store/input_txttotal), "value"): Attribute 'value' of object 'Object Repository/HealthpostToStore/Page_Store/input_txttotal' is: '10'

2018-05-19 18:27:13 - [MESSAGE][PASSED] - Attribute 'value' of object 'Object Repository/HealthpostToStore/Page_Store/input_txttotal' is: '10'

2018-05-19 18:27:13 - [TEST_STEP][PASSED] - Statement - out.println("Requested QTY : " + RequestedQty): null

2018-05-19 18:27:13 - [TEST_STEP][PASSED] - Statement - BatchNumber = com.kms.katalon.core.webui.keyword.WebUiBuiltInKeywords.getNumberOfTotalOption(com.kms.katalon.core.testobject.ObjectRepository.findTestObject(HealthpostToStore/Page_Store/select_--Select--BA1170BA2376B)): 3 options of object 'Object Repository/HealthpostToStore/Page_Store/select_--Select--BA1170BA2376B' counted

2018-05-19 18:27:13 - [MESSAGE][PASSED] - 3 options of object 'Object Repository/HealthpostToStore/Page_Store/select_--Select--BA1170BA2376B' counted

2018-05-19 18:27:13 - [TEST_STEP][PASSED] - Statement - For ([g = 1, g <= BatchNumber - 1, (g++)]): null

2018-05-19 18:27:13 - [TEST_STEP][PASSED] - selectOptionByIndex: All options with index in [1] are selected on object 'Object Repository/HealthpostToStore/Page_Store/select_--Select--BA1170BA2376B'

2018-05-19 18:27:13 - [MESSAGE][PASSED] - All options with index in [1] are selected on object 'Object Repository/HealthpostToStore/Page_Store/select_--Select--BA1170BA2376B'

2018-05-19 18:27:13 - [TEST_STEP][PASSED] - Statement - Try: null

2018-05-19 18:27:13 - [TEST_STEP][PASSED] - Statement - StockQty = com.kms.katalon.core.webui.keyword.WebUiBuiltInKeywords.getAttribute(com.kms.katalon.core.testobject.ObjectRepository.findTestObject(HealthpostToStore/Page_Store/input_txtprice), "value"): Attribute 'value' of object 'Object Repository/HealthpostToStore/Page_Store/input_txtprice' is: '40'

2018-05-19 18:27:13 - [MESSAGE][PASSED] - Attribute 'value' of object 'Object Repository/HealthpostToStore/Page_Store/input_txtprice' is: '40'

2018-05-19 18:27:13 - [TEST_STEP][PASSED] - Statement - out.println("Stock QTY : " + StockQty): null

2018-05-19 18:27:13 - [TEST_STEP][PASSED] - delay: Delayed 2 second(s)

2018-05-19 18:27:15 - [MESSAGE][PASSED] - Delayed 2 second(s)

2018-05-19 18:27:15 - [TEST_STEP][PASSED] - Statement - If (java.lang.String.valueOf(StockQty) >= java.lang.String.valueOf(RequestedQty)): null

2018-05-19 18:27:15 - [TEST_STEP][PASSED] - setText: Text '10' is set on object 'Object Repository/HealthpostToStore/Page_Store/input_txtqty'

2018-05-19 18:27:15 - [MESSAGE][PASSED] - Text '10' is set on object 'Object Repository/HealthpostToStore/Page_Store/input_txtqty'

2018-05-19 18:27:15 - [TEST_STEP][PASSED] - click: Object: 'Object Repository/HealthpostToStore/Page_Store/button_Add' is clicked on

2018-05-19 18:27:15 - [MESSAGE][PASSED] - Object: 'Object Repository/HealthpostToStore/Page_Store/button_Add' is clicked on

2018-05-19 18:27:15 - [TEST_STEP][PASSED] - Statement - Break: null

2018-05-19 18:27:15 - [TEST_STEP][PASSED] - selectOptionByIndex: All options with index in [13] are selected on object 'Object Repository/HealthpostToStore/Page_Store/select_--Select--Adernaline 0.'

2018-05-19 18:27:16 - [MESSAGE][PASSED] - All options with index in [13] are selected on object 'Object Repository/HealthpostToStore/Page_Store/select_--Select--Adernaline 0.'

2018-05-19 18:27:16 - [TEST_STEP][PASSED] - delay: Delayed 2 second(s)

2018-05-19 18:27:18 - [MESSAGE][PASSED] - Delayed 2 second(s)

2018-05-19 18:27:18 - [TEST_STEP][PASSED] - Statement - RequestedQty = com.kms.katalon.core.webui.keyword.WebUiBuiltInKeywords.getAttribute(com.kms.katalon.core.testobject.ObjectRepository.findTestObject(HealthpostToStore/Page_Store/input_txttotal), "value"): Attribute 'value' of object 'Object Repository/HealthpostToStore/Page_Store/input_txttotal' is: '10'

2018-05-19 18:27:18 - [MESSAGE][PASSED] - Attribute 'value' of object 'Object Repository/HealthpostToStore/Page_Store/input_txttotal' is: '10'

2018-05-19 18:27:18 - [TEST_STEP][PASSED] - Statement - out.println("Requested QTY : " + RequestedQty): null

2018-05-19 18:27:18 - [TEST_STEP][PASSED] - Statement - BatchNumber = com.kms.katalon.core.webui.keyword.WebUiBuiltInKeywords.getNumberOfTotalOption(com.kms.katalon.core.testobject.ObjectRepository.findTestObject(HealthpostToStore/Page_Store/select_--Select--BA1170BA2376B)): 3 options of object 'Object Repository/HealthpostToStore/Page_Store/select_--Select--BA1170BA2376B' counted

2018-05-19 18:27:18 - [MESSAGE][PASSED] - 3 options of object 'Object Repository/HealthpostToStore/Page_Store/select_--Select--BA1170BA2376B' counted

2018-05-19 18:27:18 - [TEST_STEP][PASSED] - Statement - For ([g = 1, g <= BatchNumber - 1, (g++)]): null

2018-05-19 18:27:18 - [TEST_STEP][PASSED] - selectOptionByIndex: All options with index in [1] are selected on object 'Object Repository/HealthpostToStore/Page_Store/select_--Select--BA1170BA2376B'

2018-05-19 18:27:18 - [MESSAGE][PASSED] - All options with index in [1] are selected on object 'Object Repository/HealthpostToStore/Page_Store/select_--Select--BA1170BA2376B'

2018-05-19 18:27:18 - [TEST_STEP][PASSED] - Statement - Try: null

2018-05-19 18:27:18 - [TEST_STEP][PASSED] - Statement - StockQty = com.kms.katalon.core.webui.keyword.WebUiBuiltInKeywords.getAttribute(com.kms.katalon.core.testobject.ObjectRepository.findTestObject(HealthpostToStore/Page_Store/input_txtprice), "value"): Attribute 'value' of object 'Object Repository/HealthpostToStore/Page_Store/input_txtprice' is: '940'

2018-05-19 18:27:18 - [MESSAGE][PASSED] - Attribute 'value' of object 'Object Repository/HealthpostToStore/Page_Store/input_txtprice' is: '940'

2018-05-19 18:27:18 - [TEST_STEP][PASSED] - Statement - out.println("Stock QTY : " + StockQty): null

2018-05-19 18:27:18 - [TEST_STEP][PASSED] - delay: Delayed 2 second(s)

2018-05-19 18:27:20 - [MESSAGE][PASSED] - Delayed 2 second(s)

2018-05-19 18:27:20 - [TEST_STEP][PASSED] - Statement - If (java.lang.String.valueOf(StockQty) >= java.lang.String.valueOf(RequestedQty)): null

2018-05-19 18:27:20 - [TEST_STEP][PASSED] - setText: Text '10' is set on object 'Object Repository/HealthpostToStore/Page_Store/input_txtqty'

2018-05-19 18:27:20 - [MESSAGE][PASSED] - Text '10' is set on object 'Object Repository/HealthpostToStore/Page_Store/input_txtqty'

2018-05-19 18:27:20 - [TEST_STEP][PASSED] - click: Object: 'Object Repository/HealthpostToStore/Page_Store/button_Add' is clicked on

2018-05-19 18:27:20 - [MESSAGE][PASSED] - Object: 'Object Repository/HealthpostToStore/Page_Store/button_Add' is clicked on

2018-05-19 18:27:20 - [TEST_STEP][PASSED] - Statement - Break: null

2018-05-19 18:27:20 - [TEST_STEP][PASSED] - selectOptionByIndex: All options with index in [14] are selected on object 'Object Repository/HealthpostToStore/Page_Store/select_--Select--Adernaline 0.'

2018-05-19 18:27:20 - [MESSAGE][PASSED] - All options with index in [14] are selected on object 'Object Repository/HealthpostToStore/Page_Store/select_--Select--Adernaline 0.'

2018-05-19 18:27:20 - [TEST_STEP][PASSED] - delay: Delayed 2 second(s)

2018-05-19 18:27:22 - [MESSAGE][PASSED] - Delayed 2 second(s)

2018-05-19 18:27:22 - [TEST_STEP][PASSED] - Statement - RequestedQty = com.kms.katalon.core.webui.keyword.WebUiBuiltInKeywords.getAttribute(com.kms.katalon.core.testobject.ObjectRepository.findTestObject(HealthpostToStore/Page_Store/input_txttotal), "value"): Attribute 'value' of object 'Object Repository/HealthpostToStore/Page_Store/input_txttotal' is: '10'

2018-05-19 18:27:22 - [MESSAGE][PASSED] - Attribute 'value' of object 'Object Repository/HealthpostToStore/Page_Store/input_txttotal' is: '10'

2018-05-19 18:27:22 - [TEST_STEP][PASSED] - Statement - out.println("Requested QTY : " + RequestedQty): null

2018-05-19 18:27:22 - [TEST_STEP][PASSED] - Statement - BatchNumber = com.kms.katalon.core.webui.keyword.WebUiBuiltInKeywords.getNumberOfTotalOption(com.kms.katalon.core.testobject.ObjectRepository.findTestObject(HealthpostToStore/Page_Store/select_--Select--BA1170BA2376B)): 3 options of object 'Object Repository/HealthpostToStore/Page_Store/select_--Select--BA1170BA2376B' counted

2018-05-19 18:27:23 - [MESSAGE][PASSED] - 3 options of object 'Object Repository/HealthpostToStore/Page_Store/select_--Select--BA1170BA2376B' counted

2018-05-19 18:27:23 - [TEST_STEP][PASSED] - Statement - For ([g = 1, g <= BatchNumber - 1, (g++)]): null

2018-05-19 18:27:23 - [TEST_STEP][PASSED] - selectOptionByIndex: All options with index in [1] are selected on object 'Object Repository/HealthpostToStore/Page_Store/select_--Select--BA1170BA2376B'

2018-05-19 18:27:23 - [MESSAGE][PASSED] - All options with index in [1] are selected on object 'Object Repository/HealthpostToStore/Page_Store/select_--Select--BA1170BA2376B'

2018-05-19 18:27:23 - [TEST_STEP][PASSED] - Statement - Try: null

2018-05-19 18:27:23 - [TEST_STEP][PASSED] - Statement - StockQty = com.kms.katalon.core.webui.keyword.WebUiBuiltInKeywords.getAttribute(com.kms.katalon.core.testobject.ObjectRepository.findTestObject(HealthpostToStore/Page_Store/input_txtprice), "value"): Attribute 'value' of object 'Object Repository/HealthpostToStore/Page_Store/input_txtprice' is: '940'

2018-05-19 18:27:23 - [MESSAGE][PASSED] - Attribute 'value' of object 'Object Repository/HealthpostToStore/Page_Store/input_txtprice' is: '940'

2018-05-19 18:27:23 - [TEST_STEP][PASSED] - Statement - out.println("Stock QTY : " + StockQty): null

2018-05-19 18:27:23 - [TEST_STEP][PASSED] - delay: Delayed 2 second(s)

2018-05-19 18:27:25 - [MESSAGE][PASSED] - Delayed 2 second(s)

2018-05-19 18:27:25 - [TEST_STEP][PASSED] - Statement - If (java.lang.String.valueOf(StockQty) >= java.lang.String.valueOf(RequestedQty)): null

2018-05-19 18:27:25 - [TEST_STEP][PASSED] - setText: Text '10' is set on object 'Object Repository/HealthpostToStore/Page_Store/input_txtqty'

2018-05-19 18:27:25 - [MESSAGE][PASSED] - Text '10' is set on object 'Object Repository/HealthpostToStore/Page_Store/input_txtqty'

2018-05-19 18:27:25 - [TEST_STEP][PASSED] - click: Object: 'Object Repository/HealthpostToStore/Page_Store/button_Add' is clicked on

2018-05-19 18:27:25 - [MESSAGE][PASSED] - Object: 'Object Repository/HealthpostToStore/Page_Store/button_Add' is clicked on

2018-05-19 18:27:25 - [TEST_STEP][PASSED] - Statement - Break: null

2018-05-19 18:27:25 - [TEST_STEP][PASSED] - selectOptionByIndex: All options with index in [15] are selected on object 'Object Repository/HealthpostToStore/Page_Store/select_--Select--Adernaline 0.'

2018-05-19 18:27:25 - [MESSAGE][PASSED] - All options with index in [15] are selected on object 'Object Repository/HealthpostToStore/Page_Store/select_--Select--Adernaline 0.'

2018-05-19 18:27:25 - [TEST_STEP][PASSED] - delay: Delayed 2 second(s)

2018-05-19 18:27:27 - [MESSAGE][PASSED] - Delayed 2 second(s)

2018-05-19 18:27:27 - [TEST_STEP][PASSED] - Statement - RequestedQty = com.kms.katalon.core.webui.keyword.WebUiBuiltInKeywords.getAttribute(com.kms.katalon.core.testobject.ObjectRepository.findTestObject(HealthpostToStore/Page_Store/input_txttotal), "value"): Attribute 'value' of object 'Object Repository/HealthpostToStore/Page_Store/input_txttotal' is: '10'

2018-05-19 18:27:27 - [MESSAGE][PASSED] - Attribute 'value' of object 'Object Repository/HealthpostToStore/Page_Store/input_txttotal' is: '10'

2018-05-19 18:27:27 - [TEST_STEP][PASSED] - Statement - out.println("Requested QTY : " + RequestedQty): null

2018-05-19 18:27:27 - [TEST_STEP][PASSED] - Statement - BatchNumber = com.kms.katalon.core.webui.keyword.WebUiBuiltInKeywords.getNumberOfTotalOption(com.kms.katalon.core.testobject.ObjectRepository.findTestObject(HealthpostToStore/Page_Store/select_--Select--BA1170BA2376B)): 4 options of object 'Object Repository/HealthpostToStore/Page_Store/select_--Select--BA1170BA2376B' counted

2018-05-19 18:27:27 - [MESSAGE][PASSED] - 4 options of object 'Object Repository/HealthpostToStore/Page_Store/select_--Select--BA1170BA2376B' counted

2018-05-19 18:27:27 - [TEST_STEP][PASSED] - Statement - For ([g = 1, g <= BatchNumber - 1, (g++)]): null

2018-05-19 18:27:27 - [TEST_STEP][PASSED] - selectOptionByIndex: All options with index in [1] are selected on object 'Object Repository/HealthpostToStore/Page_Store/select_--Select--BA1170BA2376B'

2018-05-19 18:27:27 - [MESSAGE][PASSED] - All options with index in [1] are selected on object 'Object Repository/HealthpostToStore/Page_Store/select_--Select--BA1170BA2376B'

2018-05-19 18:27:27 - [TEST_STEP][PASSED] - Statement - Try: null

2018-05-19 18:27:27 - [TEST_STEP][PASSED] - Statement - StockQty = com.kms.katalon.core.webui.keyword.WebUiBuiltInKeywords.getAttribute(com.kms.katalon.core.testobject.ObjectRepository.findTestObject(HealthpostToStore/Page_Store/input_txtprice), "value"): Attribute 'value' of object 'Object Repository/HealthpostToStore/Page_Store/input_txtprice' is: '40'

2018-05-19 18:27:27 - [MESSAGE][PASSED] - Attribute 'value' of object 'Object Repository/HealthpostToStore/Page_Store/input_txtprice' is: '40'

2018-05-19 18:27:27 - [TEST_STEP][PASSED] - Statement - out.println("Stock QTY : " + StockQty): null

2018-05-19 18:27:27 - [TEST_STEP][PASSED] - delay: Delayed 2 second(s)

2018-05-19 18:27:29 - [MESSAGE][PASSED] - Delayed 2 second(s)

2018-05-19 18:27:29 - [TEST_STEP][PASSED] - Statement - If (java.lang.String.valueOf(StockQty) >= java.lang.String.valueOf(RequestedQty)): null

2018-05-19 18:27:29 - [TEST_STEP][PASSED] - setText: Text '10' is set on object 'Object Repository/HealthpostToStore/Page_Store/input_txtqty'

2018-05-19 18:27:30 - [MESSAGE][PASSED] - Text '10' is set on object 'Object Repository/HealthpostToStore/Page_Store/input_txtqty'

2018-05-19 18:27:30 - [TEST_STEP][PASSED] - click: Object: 'Object Repository/HealthpostToStore/Page_Store/button_Add' is clicked on

2018-05-19 18:27:30 - [MESSAGE][PASSED] - Object: 'Object Repository/HealthpostToStore/Page_Store/button_Add' is clicked on

2018-05-19 18:27:30 - [TEST_STEP][PASSED] - Statement - Break: null

2018-05-19 18:27:30 - [TEST_STEP][PASSED] - scrollToElement: Scroll to object 'Object Repository/HealthpostToStore/Page_Store/input_btnSubmit' successfully

2018-05-19 18:27:30 - [MESSAGE][PASSED] - Scroll to object 'Object Repository/HealthpostToStore/Page_Store/input_btnSubmit' successfully

2018-05-19 18:27:30 - [TEST_STEP][PASSED] - click: Object: 'Object Repository/HealthpostToStore/Page_Store/input_btnSubmit' is clicked on

2018-05-19 18:27:30 - [MESSAGE][PASSED] - Object: 'Object Repository/HealthpostToStore/Page_Store/input_btnSubmit' is clicked on

2018-05-19 18:27:30 - [TEST_STEP][PASSED] - delay: Delayed 3 second(s)

2018-05-19 18:27:33 - [MESSAGE][PASSED] - Delayed 3 second(s)

2018-05-19 18:27:33 - [TEST_STEP][PASSED] - click: Object: 'Object Repository/HealthpostToStore/Page_Store/button_OK' is clicked on

2018-05-19 18:27:33 - [MESSAGE][PASSED] - Object: 'Object Repository/HealthpostToStore/Page_Store/button_OK' is clicked on

2018-05-19 18:27:33 - [TEST_STEP][PASSED] - delay: Delayed 3 second(s)

2018-05-19 18:27:36 - [MESSAGE][PASSED] - Delayed 3 second(s)

2018-05-19 18:27:36 - [TEST_STEP][PASSED] - click: Object: 'Object Repository/HealthpostToStore/Page_Store/a_dropdown-toggle' is clicked on

2018-05-19 18:27:36 - [MESSAGE][PASSED] - Object: 'Object Repository/HealthpostToStore/Page_Store/a_dropdown-toggle' is clicked on

2018-05-19 18:27:36 - [TEST_STEP][PASSED] - click: Object: 'Object Repository/HealthpostToStore/Page_Store/a_Sign out' is clicked on

2018-05-19 18:27:37 - [MESSAGE][PASSED] - Object: 'Object Repository/HealthpostToStore/Page_Store/a_Sign out' is clicked on

2018-05-19 18:27:37 - [TEST_STEP][PASSED] - closeBrowser: Browser is closed

2018-05-19 18:27:38 - [MESSAGE][PASSED] - Browser is closed]]></system-out>
         <system-err><![CDATA[]]></system-err>
      </testcase>
      <testcase name="Test Cases/HEALTHPOST TEST CASES/TC_HP_005 Verify Schedule 5 Healthpost Request Are Working Successfully Or Not" classname="Test Cases/HEALTHPOST TEST CASES/TC_HP_005 Verify Schedule 5 Healthpost Request Are Working Successfully Or Not" status="PASSED">
         <system-out><![CDATA[2018-05-19 18:27:38 - [TEST_CASE][PASSED] - Test Cases/HEALTHPOST TEST CASES/TC_HP_005 Verify Schedule 5 Healthpost Request Are Working Successfully Or Not: Test Cases/HEALTHPOST TEST CASES/TC_HP_005 Verify Schedule 5 Healthpost Request Are Working Successfully Or Not

2018-05-19 18:27:38 - [TEST_STEP][PASSED] - openBrowser: Browser is opened with url: ''

2018-05-19 18:27:40 - [MESSAGE][PASSED] - Browser is opened with url: ''

2018-05-19 18:27:40 - [TEST_STEP][PASSED] - navigateToUrl: Navigate to 'http://192.168.137.1/multihospital_new/HDSplashscreen.aspx' successfully

2018-05-19 18:27:44 - [MESSAGE][PASSED] - Navigate to 'http://192.168.137.1/multihospital_new/HDSplashscreen.aspx' successfully

2018-05-19 18:27:44 - [TEST_STEP][PASSED] - maximizeWindow: Current window maximized

2018-05-19 18:27:45 - [MESSAGE][PASSED] - Current window maximized

2018-05-19 18:27:45 - [TEST_STEP][PASSED] - click: Object: 'Object Repository/HealthpostToStore/Page_KDMC/a_Healthpost Store' is clicked on

2018-05-19 18:27:45 - [MESSAGE][PASSED] - Object: 'Object Repository/HealthpostToStore/Page_KDMC/a_Healthpost Store' is clicked on

2018-05-19 18:27:45 - [TEST_STEP][PASSED] - setText: Text 'raguram' is set on object 'Object Repository/HealthpostToStore/Page_HealthPost Store Login/input_txtusername'

2018-05-19 18:27:45 - [MESSAGE][PASSED] - Text 'raguram' is set on object 'Object Repository/HealthpostToStore/Page_HealthPost Store Login/input_txtusername'

2018-05-19 18:27:45 - [TEST_STEP][PASSED] - setText: Text '123' is set on object 'Object Repository/HealthpostToStore/Page_HealthPost Store Login/input_txtpassword'

2018-05-19 18:27:46 - [MESSAGE][PASSED] - Text '123' is set on object 'Object Repository/HealthpostToStore/Page_HealthPost Store Login/input_txtpassword'

2018-05-19 18:27:46 - [TEST_STEP][PASSED] - delay: Delayed 3 second(s)

2018-05-19 18:27:49 - [MESSAGE][PASSED] - Delayed 3 second(s)

2018-05-19 18:27:49 - [TEST_STEP][PASSED] - sendKeys: Keys 'ENTER + ' sent to object: 'Object Repository/HealthpostToStore/Page_HealthPost Store Login/input_txtpassword'

2018-05-19 18:27:49 - [MESSAGE][PASSED] - Keys 'ENTER + ' sent to object: 'Object Repository/HealthpostToStore/Page_HealthPost Store Login/input_txtpassword'

2018-05-19 18:27:49 - [TEST_STEP][PASSED] - delay: Delayed 3 second(s)

2018-05-19 18:27:52 - [MESSAGE][PASSED] - Delayed 3 second(s)

2018-05-19 18:27:52 - [TEST_STEP][PASSED] - doubleClick: Object: 'Object Repository/HealthpostToStore/Page_HealthPost Store/a_Request to Store' is double clicked on

2018-05-19 18:27:53 - [MESSAGE][PASSED] - Object: 'Object Repository/HealthpostToStore/Page_HealthPost Store/a_Request to Store' is double clicked on

2018-05-19 18:27:53 - [TEST_STEP][PASSED] - delay: Delayed 1 second(s)

2018-05-19 18:27:54 - [MESSAGE][PASSED] - Delayed 1 second(s)

2018-05-19 18:27:54 - [TEST_STEP][PASSED] - doubleClick: Object: 'Object Repository/HealthpostToStore/Page_HealthPost Store/a_Medicine Request' is double clicked on

2018-05-19 18:27:54 - [MESSAGE][PASSED] - Object: 'Object Repository/HealthpostToStore/Page_HealthPost Store/a_Medicine Request' is double clicked on

2018-05-19 18:27:54 - [TEST_STEP][PASSED] - delay: Delayed 1 second(s)

2018-05-19 18:27:55 - [MESSAGE][PASSED] - Delayed 1 second(s)

2018-05-19 18:27:55 - [TEST_STEP][PASSED] - selectOptionByIndex: All options with index in [5] are selected on object 'Object Repository/HealthpostToStore/Page_HealthPost Store/select_--Select--Schedule 1Inj'

2018-05-19 18:27:56 - [MESSAGE][PASSED] - All options with index in [5] are selected on object 'Object Repository/HealthpostToStore/Page_HealthPost Store/select_--Select--Schedule 1Inj'

2018-05-19 18:27:56 - [TEST_STEP][PASSED] - Statement - medicineslength = com.kms.katalon.core.webui.keyword.WebUiBuiltInKeywords.getNumberOfTotalOption(com.kms.katalon.core.testobject.ObjectRepository.findTestObject(HealthpostToStore/Page_HealthPost Store/select_--Select--Adernaline 0.)): 17 options of object 'Object Repository/HealthpostToStore/Page_HealthPost Store/select_--Select--Adernaline 0.' counted

2018-05-19 18:27:56 - [MESSAGE][PASSED] - 17 options of object 'Object Repository/HealthpostToStore/Page_HealthPost Store/select_--Select--Adernaline 0.' counted

2018-05-19 18:27:56 - [TEST_STEP][PASSED] - Statement - For ([e = 1, e <= medicineslength - 1, (e++)]): Object: 'Object Repository/HealthpostToStore/Page_HealthPost Store/button_Add' is double clicked on

2018-05-19 18:27:56 - [TEST_STEP][PASSED] - selectOptionByIndex: All options with index in [5] are selected on object 'Object Repository/HealthpostToStore/Page_HealthPost Store/select_--Select--Schedule 1Inj'

2018-05-19 18:27:56 - [MESSAGE][PASSED] - All options with index in [5] are selected on object 'Object Repository/HealthpostToStore/Page_HealthPost Store/select_--Select--Schedule 1Inj'

2018-05-19 18:27:56 - [TEST_STEP][PASSED] - delay: Delayed 1 second(s)

2018-05-19 18:27:57 - [MESSAGE][PASSED] - Delayed 1 second(s)

2018-05-19 18:27:57 - [TEST_STEP][PASSED] - selectOptionByIndex: All options with index in [1] are selected on object 'Object Repository/HealthpostToStore/Page_HealthPost Store/select_--Select--Adernaline 0.'

2018-05-19 18:27:57 - [MESSAGE][PASSED] - All options with index in [1] are selected on object 'Object Repository/HealthpostToStore/Page_HealthPost Store/select_--Select--Adernaline 0.'

2018-05-19 18:27:57 - [TEST_STEP][PASSED] - setText: Text '10' is set on object 'Object Repository/HealthpostToStore/Page_HealthPost Store/input_txttreat'

2018-05-19 18:27:57 - [MESSAGE][PASSED] - Text '10' is set on object 'Object Repository/HealthpostToStore/Page_HealthPost Store/input_txttreat'

2018-05-19 18:27:57 - [TEST_STEP][PASSED] - doubleClick: Object: 'Object Repository/HealthpostToStore/Page_HealthPost Store/button_Add' is double clicked on

2018-05-19 18:27:57 - [MESSAGE][PASSED] - Object: 'Object Repository/HealthpostToStore/Page_HealthPost Store/button_Add' is double clicked on

2018-05-19 18:27:57 - [TEST_STEP][PASSED] - selectOptionByIndex: All options with index in [5] are selected on object 'Object Repository/HealthpostToStore/Page_HealthPost Store/select_--Select--Schedule 1Inj'

2018-05-19 18:27:57 - [MESSAGE][PASSED] - All options with index in [5] are selected on object 'Object Repository/HealthpostToStore/Page_HealthPost Store/select_--Select--Schedule 1Inj'

2018-05-19 18:27:57 - [TEST_STEP][PASSED] - delay: Delayed 1 second(s)

2018-05-19 18:27:58 - [MESSAGE][PASSED] - Delayed 1 second(s)

2018-05-19 18:27:58 - [TEST_STEP][PASSED] - selectOptionByIndex: All options with index in [2] are selected on object 'Object Repository/HealthpostToStore/Page_HealthPost Store/select_--Select--Adernaline 0.'

2018-05-19 18:27:59 - [MESSAGE][PASSED] - All options with index in [2] are selected on object 'Object Repository/HealthpostToStore/Page_HealthPost Store/select_--Select--Adernaline 0.'

2018-05-19 18:27:59 - [TEST_STEP][PASSED] - setText: Text '10' is set on object 'Object Repository/HealthpostToStore/Page_HealthPost Store/input_txttreat'

2018-05-19 18:27:59 - [MESSAGE][PASSED] - Text '10' is set on object 'Object Repository/HealthpostToStore/Page_HealthPost Store/input_txttreat'

2018-05-19 18:27:59 - [TEST_STEP][PASSED] - doubleClick: Object: 'Object Repository/HealthpostToStore/Page_HealthPost Store/button_Add' is double clicked on

2018-05-19 18:27:59 - [MESSAGE][PASSED] - Object: 'Object Repository/HealthpostToStore/Page_HealthPost Store/button_Add' is double clicked on

2018-05-19 18:27:59 - [TEST_STEP][PASSED] - selectOptionByIndex: All options with index in [5] are selected on object 'Object Repository/HealthpostToStore/Page_HealthPost Store/select_--Select--Schedule 1Inj'

2018-05-19 18:27:59 - [MESSAGE][PASSED] - All options with index in [5] are selected on object 'Object Repository/HealthpostToStore/Page_HealthPost Store/select_--Select--Schedule 1Inj'

2018-05-19 18:27:59 - [TEST_STEP][PASSED] - delay: Delayed 1 second(s)

2018-05-19 18:28:00 - [MESSAGE][PASSED] - Delayed 1 second(s)

2018-05-19 18:28:00 - [TEST_STEP][PASSED] - selectOptionByIndex: All options with index in [3] are selected on object 'Object Repository/HealthpostToStore/Page_HealthPost Store/select_--Select--Adernaline 0.'

2018-05-19 18:28:00 - [MESSAGE][PASSED] - All options with index in [3] are selected on object 'Object Repository/HealthpostToStore/Page_HealthPost Store/select_--Select--Adernaline 0.'

2018-05-19 18:28:00 - [TEST_STEP][PASSED] - setText: Text '10' is set on object 'Object Repository/HealthpostToStore/Page_HealthPost Store/input_txttreat'

2018-05-19 18:28:00 - [MESSAGE][PASSED] - Text '10' is set on object 'Object Repository/HealthpostToStore/Page_HealthPost Store/input_txttreat'

2018-05-19 18:28:00 - [TEST_STEP][PASSED] - doubleClick: Object: 'Object Repository/HealthpostToStore/Page_HealthPost Store/button_Add' is double clicked on

2018-05-19 18:28:00 - [MESSAGE][PASSED] - Object: 'Object Repository/HealthpostToStore/Page_HealthPost Store/button_Add' is double clicked on

2018-05-19 18:28:00 - [TEST_STEP][PASSED] - selectOptionByIndex: All options with index in [5] are selected on object 'Object Repository/HealthpostToStore/Page_HealthPost Store/select_--Select--Schedule 1Inj'

2018-05-19 18:28:00 - [MESSAGE][PASSED] - All options with index in [5] are selected on object 'Object Repository/HealthpostToStore/Page_HealthPost Store/select_--Select--Schedule 1Inj'

2018-05-19 18:28:00 - [TEST_STEP][PASSED] - delay: Delayed 1 second(s)

2018-05-19 18:28:01 - [MESSAGE][PASSED] - Delayed 1 second(s)

2018-05-19 18:28:01 - [TEST_STEP][PASSED] - selectOptionByIndex: All options with index in [4] are selected on object 'Object Repository/HealthpostToStore/Page_HealthPost Store/select_--Select--Adernaline 0.'

2018-05-19 18:28:02 - [MESSAGE][PASSED] - All options with index in [4] are selected on object 'Object Repository/HealthpostToStore/Page_HealthPost Store/select_--Select--Adernaline 0.'

2018-05-19 18:28:02 - [TEST_STEP][PASSED] - setText: Text '10' is set on object 'Object Repository/HealthpostToStore/Page_HealthPost Store/input_txttreat'

2018-05-19 18:28:02 - [MESSAGE][PASSED] - Text '10' is set on object 'Object Repository/HealthpostToStore/Page_HealthPost Store/input_txttreat'

2018-05-19 18:28:02 - [TEST_STEP][PASSED] - doubleClick: Object: 'Object Repository/HealthpostToStore/Page_HealthPost Store/button_Add' is double clicked on

2018-05-19 18:28:02 - [MESSAGE][PASSED] - Object: 'Object Repository/HealthpostToStore/Page_HealthPost Store/button_Add' is double clicked on

2018-05-19 18:28:02 - [TEST_STEP][PASSED] - selectOptionByIndex: All options with index in [5] are selected on object 'Object Repository/HealthpostToStore/Page_HealthPost Store/select_--Select--Schedule 1Inj'

2018-05-19 18:28:02 - [MESSAGE][PASSED] - All options with index in [5] are selected on object 'Object Repository/HealthpostToStore/Page_HealthPost Store/select_--Select--Schedule 1Inj'

2018-05-19 18:28:02 - [TEST_STEP][PASSED] - delay: Delayed 1 second(s)

2018-05-19 18:28:03 - [MESSAGE][PASSED] - Delayed 1 second(s)

2018-05-19 18:28:03 - [TEST_STEP][PASSED] - selectOptionByIndex: All options with index in [5] are selected on object 'Object Repository/HealthpostToStore/Page_HealthPost Store/select_--Select--Adernaline 0.'

2018-05-19 18:28:03 - [MESSAGE][PASSED] - All options with index in [5] are selected on object 'Object Repository/HealthpostToStore/Page_HealthPost Store/select_--Select--Adernaline 0.'

2018-05-19 18:28:03 - [TEST_STEP][PASSED] - setText: Text '10' is set on object 'Object Repository/HealthpostToStore/Page_HealthPost Store/input_txttreat'

2018-05-19 18:28:03 - [MESSAGE][PASSED] - Text '10' is set on object 'Object Repository/HealthpostToStore/Page_HealthPost Store/input_txttreat'

2018-05-19 18:28:03 - [TEST_STEP][PASSED] - doubleClick: Object: 'Object Repository/HealthpostToStore/Page_HealthPost Store/button_Add' is double clicked on

2018-05-19 18:28:03 - [MESSAGE][PASSED] - Object: 'Object Repository/HealthpostToStore/Page_HealthPost Store/button_Add' is double clicked on

2018-05-19 18:28:03 - [TEST_STEP][PASSED] - selectOptionByIndex: All options with index in [5] are selected on object 'Object Repository/HealthpostToStore/Page_HealthPost Store/select_--Select--Schedule 1Inj'

2018-05-19 18:28:03 - [MESSAGE][PASSED] - All options with index in [5] are selected on object 'Object Repository/HealthpostToStore/Page_HealthPost Store/select_--Select--Schedule 1Inj'

2018-05-19 18:28:03 - [TEST_STEP][PASSED] - delay: Delayed 1 second(s)

2018-05-19 18:28:04 - [MESSAGE][PASSED] - Delayed 1 second(s)

2018-05-19 18:28:04 - [TEST_STEP][PASSED] - selectOptionByIndex: All options with index in [6] are selected on object 'Object Repository/HealthpostToStore/Page_HealthPost Store/select_--Select--Adernaline 0.'

2018-05-19 18:28:05 - [MESSAGE][PASSED] - All options with index in [6] are selected on object 'Object Repository/HealthpostToStore/Page_HealthPost Store/select_--Select--Adernaline 0.'

2018-05-19 18:28:05 - [TEST_STEP][PASSED] - setText: Text '10' is set on object 'Object Repository/HealthpostToStore/Page_HealthPost Store/input_txttreat'

2018-05-19 18:28:05 - [MESSAGE][PASSED] - Text '10' is set on object 'Object Repository/HealthpostToStore/Page_HealthPost Store/input_txttreat'

2018-05-19 18:28:05 - [TEST_STEP][PASSED] - doubleClick: Object: 'Object Repository/HealthpostToStore/Page_HealthPost Store/button_Add' is double clicked on

2018-05-19 18:28:05 - [MESSAGE][PASSED] - Object: 'Object Repository/HealthpostToStore/Page_HealthPost Store/button_Add' is double clicked on

2018-05-19 18:28:05 - [TEST_STEP][PASSED] - selectOptionByIndex: All options with index in [5] are selected on object 'Object Repository/HealthpostToStore/Page_HealthPost Store/select_--Select--Schedule 1Inj'

2018-05-19 18:28:05 - [MESSAGE][PASSED] - All options with index in [5] are selected on object 'Object Repository/HealthpostToStore/Page_HealthPost Store/select_--Select--Schedule 1Inj'

2018-05-19 18:28:05 - [TEST_STEP][PASSED] - delay: Delayed 1 second(s)

2018-05-19 18:28:06 - [MESSAGE][PASSED] - Delayed 1 second(s)

2018-05-19 18:28:06 - [TEST_STEP][PASSED] - selectOptionByIndex: All options with index in [7] are selected on object 'Object Repository/HealthpostToStore/Page_HealthPost Store/select_--Select--Adernaline 0.'

2018-05-19 18:28:06 - [MESSAGE][PASSED] - All options with index in [7] are selected on object 'Object Repository/HealthpostToStore/Page_HealthPost Store/select_--Select--Adernaline 0.'

2018-05-19 18:28:06 - [TEST_STEP][PASSED] - setText: Text '10' is set on object 'Object Repository/HealthpostToStore/Page_HealthPost Store/input_txttreat'

2018-05-19 18:28:06 - [MESSAGE][PASSED] - Text '10' is set on object 'Object Repository/HealthpostToStore/Page_HealthPost Store/input_txttreat'

2018-05-19 18:28:06 - [TEST_STEP][PASSED] - doubleClick: Object: 'Object Repository/HealthpostToStore/Page_HealthPost Store/button_Add' is double clicked on

2018-05-19 18:28:06 - [MESSAGE][PASSED] - Object: 'Object Repository/HealthpostToStore/Page_HealthPost Store/button_Add' is double clicked on

2018-05-19 18:28:06 - [TEST_STEP][PASSED] - selectOptionByIndex: All options with index in [5] are selected on object 'Object Repository/HealthpostToStore/Page_HealthPost Store/select_--Select--Schedule 1Inj'

2018-05-19 18:28:07 - [MESSAGE][PASSED] - All options with index in [5] are selected on object 'Object Repository/HealthpostToStore/Page_HealthPost Store/select_--Select--Schedule 1Inj'

2018-05-19 18:28:07 - [TEST_STEP][PASSED] - delay: Delayed 1 second(s)

2018-05-19 18:28:08 - [MESSAGE][PASSED] - Delayed 1 second(s)

2018-05-19 18:28:08 - [TEST_STEP][PASSED] - selectOptionByIndex: All options with index in [8] are selected on object 'Object Repository/HealthpostToStore/Page_HealthPost Store/select_--Select--Adernaline 0.'

2018-05-19 18:28:08 - [MESSAGE][PASSED] - All options with index in [8] are selected on object 'Object Repository/HealthpostToStore/Page_HealthPost Store/select_--Select--Adernaline 0.'

2018-05-19 18:28:08 - [TEST_STEP][PASSED] - setText: Text '10' is set on object 'Object Repository/HealthpostToStore/Page_HealthPost Store/input_txttreat'

2018-05-19 18:28:08 - [MESSAGE][PASSED] - Text '10' is set on object 'Object Repository/HealthpostToStore/Page_HealthPost Store/input_txttreat'

2018-05-19 18:28:08 - [TEST_STEP][PASSED] - doubleClick: Object: 'Object Repository/HealthpostToStore/Page_HealthPost Store/button_Add' is double clicked on

2018-05-19 18:28:08 - [MESSAGE][PASSED] - Object: 'Object Repository/HealthpostToStore/Page_HealthPost Store/button_Add' is double clicked on

2018-05-19 18:28:08 - [TEST_STEP][PASSED] - selectOptionByIndex: All options with index in [5] are selected on object 'Object Repository/HealthpostToStore/Page_HealthPost Store/select_--Select--Schedule 1Inj'

2018-05-19 18:28:08 - [MESSAGE][PASSED] - All options with index in [5] are selected on object 'Object Repository/HealthpostToStore/Page_HealthPost Store/select_--Select--Schedule 1Inj'

2018-05-19 18:28:08 - [TEST_STEP][PASSED] - delay: Delayed 1 second(s)

2018-05-19 18:28:09 - [MESSAGE][PASSED] - Delayed 1 second(s)

2018-05-19 18:28:09 - [TEST_STEP][PASSED] - selectOptionByIndex: All options with index in [9] are selected on object 'Object Repository/HealthpostToStore/Page_HealthPost Store/select_--Select--Adernaline 0.'

2018-05-19 18:28:10 - [MESSAGE][PASSED] - All options with index in [9] are selected on object 'Object Repository/HealthpostToStore/Page_HealthPost Store/select_--Select--Adernaline 0.'

2018-05-19 18:28:10 - [TEST_STEP][PASSED] - setText: Text '10' is set on object 'Object Repository/HealthpostToStore/Page_HealthPost Store/input_txttreat'

2018-05-19 18:28:10 - [MESSAGE][PASSED] - Text '10' is set on object 'Object Repository/HealthpostToStore/Page_HealthPost Store/input_txttreat'

2018-05-19 18:28:10 - [TEST_STEP][PASSED] - doubleClick: Object: 'Object Repository/HealthpostToStore/Page_HealthPost Store/button_Add' is double clicked on

2018-05-19 18:28:10 - [MESSAGE][PASSED] - Object: 'Object Repository/HealthpostToStore/Page_HealthPost Store/button_Add' is double clicked on

2018-05-19 18:28:10 - [TEST_STEP][PASSED] - selectOptionByIndex: All options with index in [5] are selected on object 'Object Repository/HealthpostToStore/Page_HealthPost Store/select_--Select--Schedule 1Inj'

2018-05-19 18:28:10 - [MESSAGE][PASSED] - All options with index in [5] are selected on object 'Object Repository/HealthpostToStore/Page_HealthPost Store/select_--Select--Schedule 1Inj'

2018-05-19 18:28:10 - [TEST_STEP][PASSED] - delay: Delayed 1 second(s)

2018-05-19 18:28:11 - [MESSAGE][PASSED] - Delayed 1 second(s)

2018-05-19 18:28:11 - [TEST_STEP][PASSED] - selectOptionByIndex: All options with index in [10] are selected on object 'Object Repository/HealthpostToStore/Page_HealthPost Store/select_--Select--Adernaline 0.'

2018-05-19 18:28:11 - [MESSAGE][PASSED] - All options with index in [10] are selected on object 'Object Repository/HealthpostToStore/Page_HealthPost Store/select_--Select--Adernaline 0.'

2018-05-19 18:28:11 - [TEST_STEP][PASSED] - setText: Text '10' is set on object 'Object Repository/HealthpostToStore/Page_HealthPost Store/input_txttreat'

2018-05-19 18:28:11 - [MESSAGE][PASSED] - Text '10' is set on object 'Object Repository/HealthpostToStore/Page_HealthPost Store/input_txttreat'

2018-05-19 18:28:11 - [TEST_STEP][PASSED] - doubleClick: Object: 'Object Repository/HealthpostToStore/Page_HealthPost Store/button_Add' is double clicked on

2018-05-19 18:28:11 - [MESSAGE][PASSED] - Object: 'Object Repository/HealthpostToStore/Page_HealthPost Store/button_Add' is double clicked on

2018-05-19 18:28:11 - [TEST_STEP][PASSED] - selectOptionByIndex: All options with index in [5] are selected on object 'Object Repository/HealthpostToStore/Page_HealthPost Store/select_--Select--Schedule 1Inj'

2018-05-19 18:28:12 - [MESSAGE][PASSED] - All options with index in [5] are selected on object 'Object Repository/HealthpostToStore/Page_HealthPost Store/select_--Select--Schedule 1Inj'

2018-05-19 18:28:12 - [TEST_STEP][PASSED] - delay: Delayed 1 second(s)

2018-05-19 18:28:13 - [MESSAGE][PASSED] - Delayed 1 second(s)

2018-05-19 18:28:13 - [TEST_STEP][PASSED] - selectOptionByIndex: All options with index in [11] are selected on object 'Object Repository/HealthpostToStore/Page_HealthPost Store/select_--Select--Adernaline 0.'

2018-05-19 18:28:13 - [MESSAGE][PASSED] - All options with index in [11] are selected on object 'Object Repository/HealthpostToStore/Page_HealthPost Store/select_--Select--Adernaline 0.'

2018-05-19 18:28:13 - [TEST_STEP][PASSED] - setText: Text '10' is set on object 'Object Repository/HealthpostToStore/Page_HealthPost Store/input_txttreat'

2018-05-19 18:28:13 - [MESSAGE][PASSED] - Text '10' is set on object 'Object Repository/HealthpostToStore/Page_HealthPost Store/input_txttreat'

2018-05-19 18:28:13 - [TEST_STEP][PASSED] - doubleClick: Object: 'Object Repository/HealthpostToStore/Page_HealthPost Store/button_Add' is double clicked on

2018-05-19 18:28:13 - [MESSAGE][PASSED] - Object: 'Object Repository/HealthpostToStore/Page_HealthPost Store/button_Add' is double clicked on

2018-05-19 18:28:13 - [TEST_STEP][PASSED] - selectOptionByIndex: All options with index in [5] are selected on object 'Object Repository/HealthpostToStore/Page_HealthPost Store/select_--Select--Schedule 1Inj'

2018-05-19 18:28:13 - [MESSAGE][PASSED] - All options with index in [5] are selected on object 'Object Repository/HealthpostToStore/Page_HealthPost Store/select_--Select--Schedule 1Inj'

2018-05-19 18:28:13 - [TEST_STEP][PASSED] - delay: Delayed 1 second(s)

2018-05-19 18:28:14 - [MESSAGE][PASSED] - Delayed 1 second(s)

2018-05-19 18:28:14 - [TEST_STEP][PASSED] - selectOptionByIndex: All options with index in [12] are selected on object 'Object Repository/HealthpostToStore/Page_HealthPost Store/select_--Select--Adernaline 0.'

2018-05-19 18:28:14 - [MESSAGE][PASSED] - All options with index in [12] are selected on object 'Object Repository/HealthpostToStore/Page_HealthPost Store/select_--Select--Adernaline 0.'

2018-05-19 18:28:14 - [TEST_STEP][PASSED] - setText: Text '10' is set on object 'Object Repository/HealthpostToStore/Page_HealthPost Store/input_txttreat'

2018-05-19 18:28:14 - [MESSAGE][PASSED] - Text '10' is set on object 'Object Repository/HealthpostToStore/Page_HealthPost Store/input_txttreat'

2018-05-19 18:28:14 - [TEST_STEP][PASSED] - doubleClick: Object: 'Object Repository/HealthpostToStore/Page_HealthPost Store/button_Add' is double clicked on

2018-05-19 18:28:15 - [MESSAGE][PASSED] - Object: 'Object Repository/HealthpostToStore/Page_HealthPost Store/button_Add' is double clicked on

2018-05-19 18:28:15 - [TEST_STEP][PASSED] - selectOptionByIndex: All options with index in [5] are selected on object 'Object Repository/HealthpostToStore/Page_HealthPost Store/select_--Select--Schedule 1Inj'

2018-05-19 18:28:15 - [MESSAGE][PASSED] - All options with index in [5] are selected on object 'Object Repository/HealthpostToStore/Page_HealthPost Store/select_--Select--Schedule 1Inj'

2018-05-19 18:28:15 - [TEST_STEP][PASSED] - delay: Delayed 1 second(s)

2018-05-19 18:28:16 - [MESSAGE][PASSED] - Delayed 1 second(s)

2018-05-19 18:28:16 - [TEST_STEP][PASSED] - selectOptionByIndex: All options with index in [13] are selected on object 'Object Repository/HealthpostToStore/Page_HealthPost Store/select_--Select--Adernaline 0.'

2018-05-19 18:28:16 - [MESSAGE][PASSED] - All options with index in [13] are selected on object 'Object Repository/HealthpostToStore/Page_HealthPost Store/select_--Select--Adernaline 0.'

2018-05-19 18:28:16 - [TEST_STEP][PASSED] - setText: Text '10' is set on object 'Object Repository/HealthpostToStore/Page_HealthPost Store/input_txttreat'

2018-05-19 18:28:16 - [MESSAGE][PASSED] - Text '10' is set on object 'Object Repository/HealthpostToStore/Page_HealthPost Store/input_txttreat'

2018-05-19 18:28:16 - [TEST_STEP][PASSED] - doubleClick: Object: 'Object Repository/HealthpostToStore/Page_HealthPost Store/button_Add' is double clicked on

2018-05-19 18:28:16 - [MESSAGE][PASSED] - Object: 'Object Repository/HealthpostToStore/Page_HealthPost Store/button_Add' is double clicked on

2018-05-19 18:28:16 - [TEST_STEP][PASSED] - selectOptionByIndex: All options with index in [5] are selected on object 'Object Repository/HealthpostToStore/Page_HealthPost Store/select_--Select--Schedule 1Inj'

2018-05-19 18:28:16 - [MESSAGE][PASSED] - All options with index in [5] are selected on object 'Object Repository/HealthpostToStore/Page_HealthPost Store/select_--Select--Schedule 1Inj'

2018-05-19 18:28:16 - [TEST_STEP][PASSED] - delay: Delayed 1 second(s)

2018-05-19 18:28:17 - [MESSAGE][PASSED] - Delayed 1 second(s)

2018-05-19 18:28:17 - [TEST_STEP][PASSED] - selectOptionByIndex: All options with index in [14] are selected on object 'Object Repository/HealthpostToStore/Page_HealthPost Store/select_--Select--Adernaline 0.'

2018-05-19 18:28:18 - [MESSAGE][PASSED] - All options with index in [14] are selected on object 'Object Repository/HealthpostToStore/Page_HealthPost Store/select_--Select--Adernaline 0.'

2018-05-19 18:28:18 - [TEST_STEP][PASSED] - setText: Text '10' is set on object 'Object Repository/HealthpostToStore/Page_HealthPost Store/input_txttreat'

2018-05-19 18:28:18 - [MESSAGE][PASSED] - Text '10' is set on object 'Object Repository/HealthpostToStore/Page_HealthPost Store/input_txttreat'

2018-05-19 18:28:18 - [TEST_STEP][PASSED] - doubleClick: Object: 'Object Repository/HealthpostToStore/Page_HealthPost Store/button_Add' is double clicked on

2018-05-19 18:28:18 - [MESSAGE][PASSED] - Object: 'Object Repository/HealthpostToStore/Page_HealthPost Store/button_Add' is double clicked on

2018-05-19 18:28:18 - [TEST_STEP][PASSED] - selectOptionByIndex: All options with index in [5] are selected on object 'Object Repository/HealthpostToStore/Page_HealthPost Store/select_--Select--Schedule 1Inj'

2018-05-19 18:28:18 - [MESSAGE][PASSED] - All options with index in [5] are selected on object 'Object Repository/HealthpostToStore/Page_HealthPost Store/select_--Select--Schedule 1Inj'

2018-05-19 18:28:18 - [TEST_STEP][PASSED] - delay: Delayed 1 second(s)

2018-05-19 18:28:19 - [MESSAGE][PASSED] - Delayed 1 second(s)

2018-05-19 18:28:19 - [TEST_STEP][PASSED] - selectOptionByIndex: All options with index in [15] are selected on object 'Object Repository/HealthpostToStore/Page_HealthPost Store/select_--Select--Adernaline 0.'

2018-05-19 18:28:19 - [MESSAGE][PASSED] - All options with index in [15] are selected on object 'Object Repository/HealthpostToStore/Page_HealthPost Store/select_--Select--Adernaline 0.'

2018-05-19 18:28:19 - [TEST_STEP][PASSED] - setText: Text '10' is set on object 'Object Repository/HealthpostToStore/Page_HealthPost Store/input_txttreat'

2018-05-19 18:28:19 - [MESSAGE][PASSED] - Text '10' is set on object 'Object Repository/HealthpostToStore/Page_HealthPost Store/input_txttreat'

2018-05-19 18:28:19 - [TEST_STEP][PASSED] - doubleClick: Object: 'Object Repository/HealthpostToStore/Page_HealthPost Store/button_Add' is double clicked on

2018-05-19 18:28:19 - [MESSAGE][PASSED] - Object: 'Object Repository/HealthpostToStore/Page_HealthPost Store/button_Add' is double clicked on

2018-05-19 18:28:19 - [TEST_STEP][PASSED] - selectOptionByIndex: All options with index in [5] are selected on object 'Object Repository/HealthpostToStore/Page_HealthPost Store/select_--Select--Schedule 1Inj'

2018-05-19 18:28:20 - [MESSAGE][PASSED] - All options with index in [5] are selected on object 'Object Repository/HealthpostToStore/Page_HealthPost Store/select_--Select--Schedule 1Inj'

2018-05-19 18:28:20 - [TEST_STEP][PASSED] - delay: Delayed 1 second(s)

2018-05-19 18:28:21 - [MESSAGE][PASSED] - Delayed 1 second(s)

2018-05-19 18:28:21 - [TEST_STEP][PASSED] - selectOptionByIndex: All options with index in [16] are selected on object 'Object Repository/HealthpostToStore/Page_HealthPost Store/select_--Select--Adernaline 0.'

2018-05-19 18:28:21 - [MESSAGE][PASSED] - All options with index in [16] are selected on object 'Object Repository/HealthpostToStore/Page_HealthPost Store/select_--Select--Adernaline 0.'

2018-05-19 18:28:21 - [TEST_STEP][PASSED] - setText: Text '10' is set on object 'Object Repository/HealthpostToStore/Page_HealthPost Store/input_txttreat'

2018-05-19 18:28:21 - [MESSAGE][PASSED] - Text '10' is set on object 'Object Repository/HealthpostToStore/Page_HealthPost Store/input_txttreat'

2018-05-19 18:28:21 - [TEST_STEP][PASSED] - doubleClick: Object: 'Object Repository/HealthpostToStore/Page_HealthPost Store/button_Add' is double clicked on

2018-05-19 18:28:21 - [MESSAGE][PASSED] - Object: 'Object Repository/HealthpostToStore/Page_HealthPost Store/button_Add' is double clicked on

2018-05-19 18:28:21 - [TEST_STEP][PASSED] - scrollToElement: Scroll to object 'Object Repository/HealthpostToStore/Page_HealthPost Store/input_btnsave' successfully

2018-05-19 18:28:21 - [MESSAGE][PASSED] - Scroll to object 'Object Repository/HealthpostToStore/Page_HealthPost Store/input_btnsave' successfully

2018-05-19 18:28:21 - [TEST_STEP][PASSED] - click: Object: 'Object Repository/HealthpostToStore/Page_HealthPost Store/input_btnsave' is clicked on

2018-05-19 18:28:21 - [MESSAGE][PASSED] - Object: 'Object Repository/HealthpostToStore/Page_HealthPost Store/input_btnsave' is clicked on

2018-05-19 18:28:21 - [TEST_STEP][PASSED] - delay: Delayed 3 second(s)

2018-05-19 18:28:24 - [MESSAGE][PASSED] - Delayed 3 second(s)

2018-05-19 18:28:24 - [TEST_STEP][PASSED] - Statement - RN1 = com.kms.katalon.core.webui.keyword.WebUiBuiltInKeywords.getText(com.kms.katalon.core.testobject.ObjectRepository.findTestObject(HealthpostToStore/Page_HealthPost Store/font_HPRNO180520187)): Text of object 'Object Repository/HealthpostToStore/Page_HealthPost Store/font_HPRNO180520187' is: 'HPRNO/19052018/48'

2018-05-19 18:28:24 - [MESSAGE][PASSED] - Text of object 'Object Repository/HealthpostToStore/Page_HealthPost Store/font_HPRNO180520187' is: 'HPRNO/19052018/48'

2018-05-19 18:28:24 - [TEST_STEP][PASSED] - Statement - out.println(RN1): null

2018-05-19 18:28:24 - [TEST_STEP][PASSED] - Statement - RID = RN1.split("/")[2]: null

2018-05-19 18:28:24 - [TEST_STEP][PASSED] - click: Object: 'Object Repository/HealthpostToStore/Page_HealthPost Store/button_OK' is clicked on

2018-05-19 18:28:25 - [MESSAGE][PASSED] - Object: 'Object Repository/HealthpostToStore/Page_HealthPost Store/button_OK' is clicked on

2018-05-19 18:28:25 - [TEST_STEP][PASSED] - delay: Delayed 3 second(s)

2018-05-19 18:28:28 - [MESSAGE][PASSED] - Delayed 3 second(s)

2018-05-19 18:28:28 - [TEST_STEP][PASSED] - click: Object: 'Object Repository/HealthpostToStore/Page_HealthPost Store/a_dropdown-toggle' is clicked on

2018-05-19 18:28:28 - [MESSAGE][PASSED] - Object: 'Object Repository/HealthpostToStore/Page_HealthPost Store/a_dropdown-toggle' is clicked on

2018-05-19 18:28:28 - [TEST_STEP][PASSED] - click: Object: 'Object Repository/HealthpostToStore/Page_HealthPost Store/a_Sign out' is clicked on

2018-05-19 18:28:29 - [MESSAGE][PASSED] - Object: 'Object Repository/HealthpostToStore/Page_HealthPost Store/a_Sign out' is clicked on

2018-05-19 18:28:29 - [TEST_STEP][PASSED] - delay: Delayed 3 second(s)

2018-05-19 18:28:32 - [MESSAGE][PASSED] - Delayed 3 second(s)

2018-05-19 18:28:32 - [TEST_STEP][PASSED] - navigateToUrl: Navigate to 'http://192.168.137.1/multihospital_new/' successfully

2018-05-19 18:28:33 - [MESSAGE][PASSED] - Navigate to 'http://192.168.137.1/multihospital_new/' successfully

2018-05-19 18:28:33 - [TEST_STEP][PASSED] - click: Object: 'Object Repository/HealthpostToStore/Page_KDMC/a_CMO' is clicked on

2018-05-19 18:28:34 - [MESSAGE][PASSED] - Object: 'Object Repository/HealthpostToStore/Page_KDMC/a_CMO' is clicked on

2018-05-19 18:28:34 - [TEST_STEP][PASSED] - setText: Text 'guru' is set on object 'Object Repository/HealthpostToStore/Page_CMO login/input_txtusername'

2018-05-19 18:28:34 - [MESSAGE][PASSED] - Text 'guru' is set on object 'Object Repository/HealthpostToStore/Page_CMO login/input_txtusername'

2018-05-19 18:28:34 - [TEST_STEP][PASSED] - setText: Text '123' is set on object 'Object Repository/HealthpostToStore/Page_CMO login/input_txtpassword'

2018-05-19 18:28:34 - [MESSAGE][PASSED] - Text '123' is set on object 'Object Repository/HealthpostToStore/Page_CMO login/input_txtpassword'

2018-05-19 18:28:34 - [TEST_STEP][PASSED] - delay: Delayed 3 second(s)

2018-05-19 18:28:37 - [MESSAGE][PASSED] - Delayed 3 second(s)

2018-05-19 18:28:37 - [TEST_STEP][PASSED] - click: Object: 'Object Repository/HealthpostToStore/Page_CMO login/button_Sign in' is clicked on

2018-05-19 18:28:38 - [MESSAGE][PASSED] - Object: 'Object Repository/HealthpostToStore/Page_CMO login/button_Sign in' is clicked on

2018-05-19 18:28:38 - [TEST_STEP][PASSED] - click: Object: 'Object Repository/HealthpostToStore/Page_KDMC - CMO/a_Department Wise Request' is clicked on

2018-05-19 18:28:40 - [MESSAGE][PASSED] - Object: 'Object Repository/HealthpostToStore/Page_KDMC - CMO/a_Department Wise Request' is clicked on

2018-05-19 18:28:40 - [TEST_STEP][PASSED] - delay: Delayed 2 second(s)

2018-05-19 18:28:42 - [MESSAGE][PASSED] - Delayed 2 second(s)

2018-05-19 18:28:42 - [TEST_STEP][PASSED] - selectOptionByIndex: All options with index in [5] are selected on object 'Object Repository/HealthpostToStore/Page_KDMC - CMO/select_--ALL--'

2018-05-19 18:28:42 - [MESSAGE][PASSED] - All options with index in [5] are selected on object 'Object Repository/HealthpostToStore/Page_KDMC - CMO/select_--ALL--'

2018-05-19 18:28:42 - [TEST_STEP][PASSED] - click: Object: 'Object Repository/HealthpostToStore/Page_KDMC - CMO/input_btnsearch' is clicked on

2018-05-19 18:28:42 - [MESSAGE][PASSED] - Object: 'Object Repository/HealthpostToStore/Page_KDMC - CMO/input_btnsearch' is clicked on

2018-05-19 18:28:42 - [TEST_STEP][PASSED] - selectOptionByIndex: All options with index in [1] are selected on object 'Object Repository/HealthpostToStore/Page_KDMC - CMO/select_--ALL--                _1'

2018-05-19 18:28:42 - [MESSAGE][PASSED] - All options with index in [1] are selected on object 'Object Repository/HealthpostToStore/Page_KDMC - CMO/select_--ALL--                _1'

2018-05-19 18:28:42 - [TEST_STEP][PASSED] - click: Object: 'Object Repository/HealthpostToStore/Page_KDMC - CMO/input_btnsearch' is clicked on

2018-05-19 18:28:42 - [MESSAGE][PASSED] - Object: 'Object Repository/HealthpostToStore/Page_KDMC - CMO/input_btnsearch' is clicked on

2018-05-19 18:28:42 - [TEST_STEP][PASSED] - Statement - ID = com.kms.katalon.core.webui.keyword.WebUiBuiltInKeywords.modifyObjectProperty(com.kms.katalon.core.testobject.ObjectRepository.findTestObject(lab/Page_KDMC - CMO/input_1), "xpath", "equals", "//*[@id=" + RID + "]", true): Modify property of object successfully

2018-05-19 18:28:42 - [MESSAGE][PASSED] - Modify property of object successfully

2018-05-19 18:28:42 - [TEST_STEP][PASSED] - click: Object: 'Object Repository/lab/Page_KDMC - CMO/input_1' is clicked on

2018-05-19 18:28:43 - [MESSAGE][PASSED] - Object: 'Object Repository/lab/Page_KDMC - CMO/input_1' is clicked on

2018-05-19 18:28:43 - [TEST_STEP][PASSED] - delay: Delayed 2 second(s)

2018-05-19 18:28:45 - [MESSAGE][PASSED] - Delayed 2 second(s)

2018-05-19 18:28:45 - [TEST_STEP][PASSED] - selectOptionByIndex: All options with index in [1] are selected on object 'Object Repository/HealthpostToStore/Page_KDMC - CMO/select_--Select--'

2018-05-19 18:28:45 - [MESSAGE][PASSED] - All options with index in [1] are selected on object 'Object Repository/HealthpostToStore/Page_KDMC - CMO/select_--Select--'

2018-05-19 18:28:45 - [TEST_STEP][PASSED] - click: Object: 'Object Repository/HealthpostToStore/Page_KDMC - CMO/input_btnupdate' is clicked on

2018-05-19 18:28:45 - [MESSAGE][PASSED] - Object: 'Object Repository/HealthpostToStore/Page_KDMC - CMO/input_btnupdate' is clicked on

2018-05-19 18:28:45 - [TEST_STEP][PASSED] - delay: Delayed 2 second(s)

2018-05-19 18:28:47 - [MESSAGE][PASSED] - Delayed 2 second(s)

2018-05-19 18:28:47 - [TEST_STEP][PASSED] - click: Object: 'Object Repository/HealthpostToStore/Page_KDMC - CMO/button_OK' is clicked on

2018-05-19 18:28:48 - [MESSAGE][PASSED] - Object: 'Object Repository/HealthpostToStore/Page_KDMC - CMO/button_OK' is clicked on

2018-05-19 18:28:48 - [TEST_STEP][PASSED] - delay: Delayed 2 second(s)

2018-05-19 18:28:50 - [MESSAGE][PASSED] - Delayed 2 second(s)

2018-05-19 18:28:50 - [TEST_STEP][PASSED] - click: Object: 'Object Repository/HealthpostToStore/Page_KDMC - CMO/a_dropdown-toggle' is clicked on

2018-05-19 18:28:50 - [MESSAGE][PASSED] - Object: 'Object Repository/HealthpostToStore/Page_KDMC - CMO/a_dropdown-toggle' is clicked on

2018-05-19 18:28:50 - [TEST_STEP][PASSED] - click: Object: 'Object Repository/HealthpostToStore/Page_KDMC - CMO/a_Sign out' is clicked on

2018-05-19 18:28:50 - [MESSAGE][PASSED] - Object: 'Object Repository/HealthpostToStore/Page_KDMC - CMO/a_Sign out' is clicked on

2018-05-19 18:28:50 - [TEST_STEP][PASSED] - delay: Delayed 3 second(s)

2018-05-19 18:28:53 - [MESSAGE][PASSED] - Delayed 3 second(s)

2018-05-19 18:28:53 - [TEST_STEP][PASSED] - click: Object: 'Object Repository/HealthpostToStore/Page_KDMC/a_Divisional Store' is clicked on

2018-05-19 18:28:55 - [MESSAGE][PASSED] - Object: 'Object Repository/HealthpostToStore/Page_KDMC/a_Divisional Store' is clicked on

2018-05-19 18:28:55 - [TEST_STEP][PASSED] - setText: Text 'ragu' is set on object 'Object Repository/HealthpostToStore/Page_Divisonal Store Login/input_txtusername'

2018-05-19 18:28:55 - [MESSAGE][PASSED] - Text 'ragu' is set on object 'Object Repository/HealthpostToStore/Page_Divisonal Store Login/input_txtusername'

2018-05-19 18:28:55 - [TEST_STEP][PASSED] - setText: Text '123' is set on object 'Object Repository/HealthpostToStore/Page_Divisonal Store Login/input_txtpassword'

2018-05-19 18:28:55 - [MESSAGE][PASSED] - Text '123' is set on object 'Object Repository/HealthpostToStore/Page_Divisonal Store Login/input_txtpassword'

2018-05-19 18:28:55 - [TEST_STEP][PASSED] - delay: Delayed 3 second(s)

2018-05-19 18:28:58 - [MESSAGE][PASSED] - Delayed 3 second(s)

2018-05-19 18:28:58 - [TEST_STEP][PASSED] - click: Object: 'Object Repository/HealthpostToStore/Page_Divisonal Store Login/button_Sign in' is clicked on

2018-05-19 18:28:59 - [MESSAGE][PASSED] - Object: 'Object Repository/HealthpostToStore/Page_Divisonal Store Login/button_Sign in' is clicked on

2018-05-19 18:28:59 - [TEST_STEP][PASSED] - delay: Delayed 3 second(s)

2018-05-19 18:29:02 - [MESSAGE][PASSED] - Delayed 3 second(s)

2018-05-19 18:29:02 - [TEST_STEP][PASSED] - click: Object: 'Object Repository/HealthpostToStore/Page_Store/a_Health Post Request' is clicked on

2018-05-19 18:29:02 - [MESSAGE][PASSED] - Object: 'Object Repository/HealthpostToStore/Page_Store/a_Health Post Request' is clicked on

2018-05-19 18:29:02 - [TEST_STEP][PASSED] - click: Object: 'Object Repository/HealthpostToStore/Page_Store/a_Request Item HealthPost' is clicked on

2018-05-19 18:29:03 - [MESSAGE][PASSED] - Object: 'Object Repository/HealthpostToStore/Page_Store/a_Request Item HealthPost' is clicked on

2018-05-19 18:29:03 - [TEST_STEP][PASSED] - Statement - ChooseRequest = com.kms.katalon.core.webui.keyword.WebUiBuiltInKeywords.modifyObjectProperty(com.kms.katalon.core.testobject.ObjectRepository.findTestObject(lab/Page_Store/input_1), "xpath", "equals", "//*[@id=" + RID + "]", true): Modify property of object successfully

2018-05-19 18:29:03 - [MESSAGE][PASSED] - Modify property of object successfully

2018-05-19 18:29:03 - [TEST_STEP][PASSED] - click: Object: 'Object Repository/lab/Page_Store/input_1' is clicked on

2018-05-19 18:29:04 - [MESSAGE][PASSED] - Object: 'Object Repository/lab/Page_Store/input_1' is clicked on

2018-05-19 18:29:04 - [TEST_STEP][PASSED] - Statement - selectedoptions = com.kms.katalon.core.webui.keyword.WebUiBuiltInKeywords.getNumberOfTotalOption(com.kms.katalon.core.testobject.ObjectRepository.findTestObject(HealthpostToStore/Page_Store/select_--Select--Adernaline 0.)): 17 options of object 'Object Repository/HealthpostToStore/Page_Store/select_--Select--Adernaline 0.' counted

2018-05-19 18:29:04 - [MESSAGE][PASSED] - 17 options of object 'Object Repository/HealthpostToStore/Page_Store/select_--Select--Adernaline 0.' counted

2018-05-19 18:29:04 - [TEST_STEP][FAILED] - Statement - For ([a = 1, a <= selectedoptions - 1, (a++)]): null

2018-05-19 18:29:04 - [TEST_STEP][PASSED] - selectOptionByIndex: All options with index in [1] are selected on object 'Object Repository/HealthpostToStore/Page_Store/select_--Select--Adernaline 0.'

2018-05-19 18:29:04 - [MESSAGE][PASSED] - All options with index in [1] are selected on object 'Object Repository/HealthpostToStore/Page_Store/select_--Select--Adernaline 0.'

2018-05-19 18:29:04 - [TEST_STEP][PASSED] - delay: Delayed 2 second(s)

2018-05-19 18:29:06 - [MESSAGE][PASSED] - Delayed 2 second(s)

2018-05-19 18:29:06 - [TEST_STEP][PASSED] - Statement - RequestedQty = com.kms.katalon.core.webui.keyword.WebUiBuiltInKeywords.getAttribute(com.kms.katalon.core.testobject.ObjectRepository.findTestObject(HealthpostToStore/Page_Store/input_txttotal), "value"): Attribute 'value' of object 'Object Repository/HealthpostToStore/Page_Store/input_txttotal' is: '10'

2018-05-19 18:29:06 - [MESSAGE][PASSED] - Attribute 'value' of object 'Object Repository/HealthpostToStore/Page_Store/input_txttotal' is: '10'

2018-05-19 18:29:06 - [TEST_STEP][PASSED] - Statement - out.println("Requested QTY : " + RequestedQty): null

2018-05-19 18:29:06 - [TEST_STEP][PASSED] - Statement - BatchNumber = com.kms.katalon.core.webui.keyword.WebUiBuiltInKeywords.getNumberOfTotalOption(com.kms.katalon.core.testobject.ObjectRepository.findTestObject(HealthpostToStore/Page_Store/select_--Select--BA1170BA2376B)): 3 options of object 'Object Repository/HealthpostToStore/Page_Store/select_--Select--BA1170BA2376B' counted

2018-05-19 18:29:06 - [MESSAGE][PASSED] - 3 options of object 'Object Repository/HealthpostToStore/Page_Store/select_--Select--BA1170BA2376B' counted

2018-05-19 18:29:06 - [TEST_STEP][PASSED] - Statement - For ([g = 1, g <= BatchNumber - 1, (g++)]): null

2018-05-19 18:29:06 - [TEST_STEP][PASSED] - selectOptionByIndex: All options with index in [1] are selected on object 'Object Repository/HealthpostToStore/Page_Store/select_--Select--BA1170BA2376B'

2018-05-19 18:29:06 - [MESSAGE][PASSED] - All options with index in [1] are selected on object 'Object Repository/HealthpostToStore/Page_Store/select_--Select--BA1170BA2376B'

2018-05-19 18:29:06 - [TEST_STEP][PASSED] - Statement - Try: null

2018-05-19 18:29:06 - [TEST_STEP][PASSED] - Statement - StockQty = com.kms.katalon.core.webui.keyword.WebUiBuiltInKeywords.getAttribute(com.kms.katalon.core.testobject.ObjectRepository.findTestObject(HealthpostToStore/Page_Store/input_txtprice), "value"): Attribute 'value' of object 'Object Repository/HealthpostToStore/Page_Store/input_txtprice' is: '1995'

2018-05-19 18:29:06 - [MESSAGE][PASSED] - Attribute 'value' of object 'Object Repository/HealthpostToStore/Page_Store/input_txtprice' is: '1995'

2018-05-19 18:29:06 - [TEST_STEP][PASSED] - Statement - out.println("Stock QTY : " + StockQty): null

2018-05-19 18:29:06 - [TEST_STEP][PASSED] - delay: Delayed 2 second(s)

2018-05-19 18:29:08 - [MESSAGE][PASSED] - Delayed 2 second(s)

2018-05-19 18:29:08 - [TEST_STEP][PASSED] - Statement - If (java.lang.String.valueOf(StockQty) >= java.lang.String.valueOf(RequestedQty)): null

2018-05-19 18:29:08 - [TEST_STEP][PASSED] - setText: Text '10' is set on object 'Object Repository/HealthpostToStore/Page_Store/input_txtqty'

2018-05-19 18:29:08 - [MESSAGE][PASSED] - Text '10' is set on object 'Object Repository/HealthpostToStore/Page_Store/input_txtqty'

2018-05-19 18:29:08 - [TEST_STEP][PASSED] - click: Object: 'Object Repository/HealthpostToStore/Page_Store/button_Add' is clicked on

2018-05-19 18:29:08 - [MESSAGE][PASSED] - Object: 'Object Repository/HealthpostToStore/Page_Store/button_Add' is clicked on

2018-05-19 18:29:08 - [TEST_STEP][PASSED] - Statement - Break: null

2018-05-19 18:29:08 - [TEST_STEP][PASSED] - selectOptionByIndex: All options with index in [2] are selected on object 'Object Repository/HealthpostToStore/Page_Store/select_--Select--Adernaline 0.'

2018-05-19 18:29:08 - [MESSAGE][PASSED] - All options with index in [2] are selected on object 'Object Repository/HealthpostToStore/Page_Store/select_--Select--Adernaline 0.'

2018-05-19 18:29:08 - [TEST_STEP][PASSED] - delay: Delayed 2 second(s)

2018-05-19 18:29:10 - [MESSAGE][PASSED] - Delayed 2 second(s)

2018-05-19 18:29:10 - [TEST_STEP][PASSED] - Statement - RequestedQty = com.kms.katalon.core.webui.keyword.WebUiBuiltInKeywords.getAttribute(com.kms.katalon.core.testobject.ObjectRepository.findTestObject(HealthpostToStore/Page_Store/input_txttotal), "value"): Attribute 'value' of object 'Object Repository/HealthpostToStore/Page_Store/input_txttotal' is: '10'

2018-05-19 18:29:10 - [MESSAGE][PASSED] - Attribute 'value' of object 'Object Repository/HealthpostToStore/Page_Store/input_txttotal' is: '10'

2018-05-19 18:29:10 - [TEST_STEP][PASSED] - Statement - out.println("Requested QTY : " + RequestedQty): null

2018-05-19 18:29:10 - [TEST_STEP][PASSED] - Statement - BatchNumber = com.kms.katalon.core.webui.keyword.WebUiBuiltInKeywords.getNumberOfTotalOption(com.kms.katalon.core.testobject.ObjectRepository.findTestObject(HealthpostToStore/Page_Store/select_--Select--BA1170BA2376B)): 3 options of object 'Object Repository/HealthpostToStore/Page_Store/select_--Select--BA1170BA2376B' counted

2018-05-19 18:29:11 - [MESSAGE][PASSED] - 3 options of object 'Object Repository/HealthpostToStore/Page_Store/select_--Select--BA1170BA2376B' counted

2018-05-19 18:29:11 - [TEST_STEP][PASSED] - Statement - For ([g = 1, g <= BatchNumber - 1, (g++)]): null

2018-05-19 18:29:11 - [TEST_STEP][PASSED] - selectOptionByIndex: All options with index in [1] are selected on object 'Object Repository/HealthpostToStore/Page_Store/select_--Select--BA1170BA2376B'

2018-05-19 18:29:11 - [MESSAGE][PASSED] - All options with index in [1] are selected on object 'Object Repository/HealthpostToStore/Page_Store/select_--Select--BA1170BA2376B'

2018-05-19 18:29:11 - [TEST_STEP][PASSED] - Statement - Try: null

2018-05-19 18:29:11 - [TEST_STEP][PASSED] - Statement - StockQty = com.kms.katalon.core.webui.keyword.WebUiBuiltInKeywords.getAttribute(com.kms.katalon.core.testobject.ObjectRepository.findTestObject(HealthpostToStore/Page_Store/input_txtprice), "value"): Attribute 'value' of object 'Object Repository/HealthpostToStore/Page_Store/input_txtprice' is: '1722'

2018-05-19 18:29:11 - [MESSAGE][PASSED] - Attribute 'value' of object 'Object Repository/HealthpostToStore/Page_Store/input_txtprice' is: '1722'

2018-05-19 18:29:11 - [TEST_STEP][PASSED] - Statement - out.println("Stock QTY : " + StockQty): null

2018-05-19 18:29:11 - [TEST_STEP][PASSED] - delay: Delayed 2 second(s)

2018-05-19 18:29:13 - [MESSAGE][PASSED] - Delayed 2 second(s)

2018-05-19 18:29:13 - [TEST_STEP][PASSED] - Statement - If (java.lang.String.valueOf(StockQty) >= java.lang.String.valueOf(RequestedQty)): null

2018-05-19 18:29:13 - [TEST_STEP][PASSED] - setText: Text '10' is set on object 'Object Repository/HealthpostToStore/Page_Store/input_txtqty'

2018-05-19 18:29:13 - [MESSAGE][PASSED] - Text '10' is set on object 'Object Repository/HealthpostToStore/Page_Store/input_txtqty'

2018-05-19 18:29:13 - [TEST_STEP][PASSED] - click: Object: 'Object Repository/HealthpostToStore/Page_Store/button_Add' is clicked on

2018-05-19 18:29:13 - [MESSAGE][PASSED] - Object: 'Object Repository/HealthpostToStore/Page_Store/button_Add' is clicked on

2018-05-19 18:29:13 - [TEST_STEP][PASSED] - Statement - Break: null

2018-05-19 18:29:13 - [TEST_STEP][PASSED] - selectOptionByIndex: All options with index in [3] are selected on object 'Object Repository/HealthpostToStore/Page_Store/select_--Select--Adernaline 0.'

2018-05-19 18:29:13 - [MESSAGE][PASSED] - All options with index in [3] are selected on object 'Object Repository/HealthpostToStore/Page_Store/select_--Select--Adernaline 0.'

2018-05-19 18:29:13 - [TEST_STEP][PASSED] - delay: Delayed 2 second(s)

2018-05-19 18:29:15 - [MESSAGE][PASSED] - Delayed 2 second(s)

2018-05-19 18:29:15 - [TEST_STEP][PASSED] - Statement - RequestedQty = com.kms.katalon.core.webui.keyword.WebUiBuiltInKeywords.getAttribute(com.kms.katalon.core.testobject.ObjectRepository.findTestObject(HealthpostToStore/Page_Store/input_txttotal), "value"): Attribute 'value' of object 'Object Repository/HealthpostToStore/Page_Store/input_txttotal' is: '10'

2018-05-19 18:29:15 - [MESSAGE][PASSED] - Attribute 'value' of object 'Object Repository/HealthpostToStore/Page_Store/input_txttotal' is: '10'

2018-05-19 18:29:15 - [TEST_STEP][PASSED] - Statement - out.println("Requested QTY : " + RequestedQty): null

2018-05-19 18:29:15 - [TEST_STEP][PASSED] - Statement - BatchNumber = com.kms.katalon.core.webui.keyword.WebUiBuiltInKeywords.getNumberOfTotalOption(com.kms.katalon.core.testobject.ObjectRepository.findTestObject(HealthpostToStore/Page_Store/select_--Select--BA1170BA2376B)): 3 options of object 'Object Repository/HealthpostToStore/Page_Store/select_--Select--BA1170BA2376B' counted

2018-05-19 18:29:15 - [MESSAGE][PASSED] - 3 options of object 'Object Repository/HealthpostToStore/Page_Store/select_--Select--BA1170BA2376B' counted

2018-05-19 18:29:15 - [TEST_STEP][PASSED] - Statement - For ([g = 1, g <= BatchNumber - 1, (g++)]): null

2018-05-19 18:29:15 - [TEST_STEP][PASSED] - selectOptionByIndex: All options with index in [1] are selected on object 'Object Repository/HealthpostToStore/Page_Store/select_--Select--BA1170BA2376B'

2018-05-19 18:29:15 - [MESSAGE][PASSED] - All options with index in [1] are selected on object 'Object Repository/HealthpostToStore/Page_Store/select_--Select--BA1170BA2376B'

2018-05-19 18:29:15 - [TEST_STEP][PASSED] - Statement - Try: null

2018-05-19 18:29:15 - [TEST_STEP][PASSED] - Statement - StockQty = com.kms.katalon.core.webui.keyword.WebUiBuiltInKeywords.getAttribute(com.kms.katalon.core.testobject.ObjectRepository.findTestObject(HealthpostToStore/Page_Store/input_txtprice), "value"): Attribute 'value' of object 'Object Repository/HealthpostToStore/Page_Store/input_txtprice' is: '1900'

2018-05-19 18:29:15 - [MESSAGE][PASSED] - Attribute 'value' of object 'Object Repository/HealthpostToStore/Page_Store/input_txtprice' is: '1900'

2018-05-19 18:29:15 - [TEST_STEP][PASSED] - Statement - out.println("Stock QTY : " + StockQty): null

2018-05-19 18:29:15 - [TEST_STEP][PASSED] - delay: Delayed 2 second(s)

2018-05-19 18:29:17 - [MESSAGE][PASSED] - Delayed 2 second(s)

2018-05-19 18:29:17 - [TEST_STEP][PASSED] - Statement - If (java.lang.String.valueOf(StockQty) >= java.lang.String.valueOf(RequestedQty)): null

2018-05-19 18:29:17 - [TEST_STEP][PASSED] - setText: Text '10' is set on object 'Object Repository/HealthpostToStore/Page_Store/input_txtqty'

2018-05-19 18:29:17 - [MESSAGE][PASSED] - Text '10' is set on object 'Object Repository/HealthpostToStore/Page_Store/input_txtqty'

2018-05-19 18:29:17 - [TEST_STEP][PASSED] - click: Object: 'Object Repository/HealthpostToStore/Page_Store/button_Add' is clicked on

2018-05-19 18:29:17 - [MESSAGE][PASSED] - Object: 'Object Repository/HealthpostToStore/Page_Store/button_Add' is clicked on

2018-05-19 18:29:17 - [TEST_STEP][PASSED] - Statement - Break: null

2018-05-19 18:29:17 - [TEST_STEP][PASSED] - selectOptionByIndex: All options with index in [4] are selected on object 'Object Repository/HealthpostToStore/Page_Store/select_--Select--Adernaline 0.'

2018-05-19 18:29:18 - [MESSAGE][PASSED] - All options with index in [4] are selected on object 'Object Repository/HealthpostToStore/Page_Store/select_--Select--Adernaline 0.'

2018-05-19 18:29:18 - [TEST_STEP][PASSED] - delay: Delayed 2 second(s)

2018-05-19 18:29:20 - [MESSAGE][PASSED] - Delayed 2 second(s)

2018-05-19 18:29:20 - [TEST_STEP][PASSED] - Statement - RequestedQty = com.kms.katalon.core.webui.keyword.WebUiBuiltInKeywords.getAttribute(com.kms.katalon.core.testobject.ObjectRepository.findTestObject(HealthpostToStore/Page_Store/input_txttotal), "value"): Attribute 'value' of object 'Object Repository/HealthpostToStore/Page_Store/input_txttotal' is: '10'

2018-05-19 18:29:20 - [MESSAGE][PASSED] - Attribute 'value' of object 'Object Repository/HealthpostToStore/Page_Store/input_txttotal' is: '10'

2018-05-19 18:29:20 - [TEST_STEP][PASSED] - Statement - out.println("Requested QTY : " + RequestedQty): null

2018-05-19 18:29:20 - [TEST_STEP][PASSED] - Statement - BatchNumber = com.kms.katalon.core.webui.keyword.WebUiBuiltInKeywords.getNumberOfTotalOption(com.kms.katalon.core.testobject.ObjectRepository.findTestObject(HealthpostToStore/Page_Store/select_--Select--BA1170BA2376B)): 3 options of object 'Object Repository/HealthpostToStore/Page_Store/select_--Select--BA1170BA2376B' counted

2018-05-19 18:29:20 - [MESSAGE][PASSED] - 3 options of object 'Object Repository/HealthpostToStore/Page_Store/select_--Select--BA1170BA2376B' counted

2018-05-19 18:29:20 - [TEST_STEP][PASSED] - Statement - For ([g = 1, g <= BatchNumber - 1, (g++)]): null

2018-05-19 18:29:20 - [TEST_STEP][PASSED] - selectOptionByIndex: All options with index in [1] are selected on object 'Object Repository/HealthpostToStore/Page_Store/select_--Select--BA1170BA2376B'

2018-05-19 18:29:20 - [MESSAGE][PASSED] - All options with index in [1] are selected on object 'Object Repository/HealthpostToStore/Page_Store/select_--Select--BA1170BA2376B'

2018-05-19 18:29:20 - [TEST_STEP][PASSED] - Statement - Try: null

2018-05-19 18:29:20 - [TEST_STEP][PASSED] - Statement - StockQty = com.kms.katalon.core.webui.keyword.WebUiBuiltInKeywords.getAttribute(com.kms.katalon.core.testobject.ObjectRepository.findTestObject(HealthpostToStore/Page_Store/input_txtprice), "value"): Attribute 'value' of object 'Object Repository/HealthpostToStore/Page_Store/input_txtprice' is: '1900'

2018-05-19 18:29:20 - [MESSAGE][PASSED] - Attribute 'value' of object 'Object Repository/HealthpostToStore/Page_Store/input_txtprice' is: '1900'

2018-05-19 18:29:20 - [TEST_STEP][PASSED] - Statement - out.println("Stock QTY : " + StockQty): null

2018-05-19 18:29:20 - [TEST_STEP][PASSED] - delay: Delayed 2 second(s)

2018-05-19 18:29:22 - [MESSAGE][PASSED] - Delayed 2 second(s)

2018-05-19 18:29:22 - [TEST_STEP][PASSED] - Statement - If (java.lang.String.valueOf(StockQty) >= java.lang.String.valueOf(RequestedQty)): null

2018-05-19 18:29:22 - [TEST_STEP][PASSED] - setText: Text '10' is set on object 'Object Repository/HealthpostToStore/Page_Store/input_txtqty'

2018-05-19 18:29:22 - [MESSAGE][PASSED] - Text '10' is set on object 'Object Repository/HealthpostToStore/Page_Store/input_txtqty'

2018-05-19 18:29:22 - [TEST_STEP][PASSED] - click: Object: 'Object Repository/HealthpostToStore/Page_Store/button_Add' is clicked on

2018-05-19 18:29:22 - [MESSAGE][PASSED] - Object: 'Object Repository/HealthpostToStore/Page_Store/button_Add' is clicked on

2018-05-19 18:29:22 - [TEST_STEP][PASSED] - Statement - Break: null

2018-05-19 18:29:22 - [TEST_STEP][PASSED] - selectOptionByIndex: All options with index in [5] are selected on object 'Object Repository/HealthpostToStore/Page_Store/select_--Select--Adernaline 0.'

2018-05-19 18:29:22 - [MESSAGE][PASSED] - All options with index in [5] are selected on object 'Object Repository/HealthpostToStore/Page_Store/select_--Select--Adernaline 0.'

2018-05-19 18:29:22 - [TEST_STEP][PASSED] - delay: Delayed 2 second(s)

2018-05-19 18:29:24 - [MESSAGE][PASSED] - Delayed 2 second(s)

2018-05-19 18:29:24 - [TEST_STEP][PASSED] - Statement - RequestedQty = com.kms.katalon.core.webui.keyword.WebUiBuiltInKeywords.getAttribute(com.kms.katalon.core.testobject.ObjectRepository.findTestObject(HealthpostToStore/Page_Store/input_txttotal), "value"): Attribute 'value' of object 'Object Repository/HealthpostToStore/Page_Store/input_txttotal' is: '10'

2018-05-19 18:29:24 - [MESSAGE][PASSED] - Attribute 'value' of object 'Object Repository/HealthpostToStore/Page_Store/input_txttotal' is: '10'

2018-05-19 18:29:24 - [TEST_STEP][PASSED] - Statement - out.println("Requested QTY : " + RequestedQty): null

2018-05-19 18:29:24 - [TEST_STEP][PASSED] - Statement - BatchNumber = com.kms.katalon.core.webui.keyword.WebUiBuiltInKeywords.getNumberOfTotalOption(com.kms.katalon.core.testobject.ObjectRepository.findTestObject(HealthpostToStore/Page_Store/select_--Select--BA1170BA2376B)): 3 options of object 'Object Repository/HealthpostToStore/Page_Store/select_--Select--BA1170BA2376B' counted

2018-05-19 18:29:24 - [MESSAGE][PASSED] - 3 options of object 'Object Repository/HealthpostToStore/Page_Store/select_--Select--BA1170BA2376B' counted

2018-05-19 18:29:24 - [TEST_STEP][PASSED] - Statement - For ([g = 1, g <= BatchNumber - 1, (g++)]): null

2018-05-19 18:29:24 - [TEST_STEP][PASSED] - selectOptionByIndex: All options with index in [1] are selected on object 'Object Repository/HealthpostToStore/Page_Store/select_--Select--BA1170BA2376B'

2018-05-19 18:29:24 - [MESSAGE][PASSED] - All options with index in [1] are selected on object 'Object Repository/HealthpostToStore/Page_Store/select_--Select--BA1170BA2376B'

2018-05-19 18:29:24 - [TEST_STEP][PASSED] - Statement - Try: null

2018-05-19 18:29:24 - [TEST_STEP][PASSED] - Statement - StockQty = com.kms.katalon.core.webui.keyword.WebUiBuiltInKeywords.getAttribute(com.kms.katalon.core.testobject.ObjectRepository.findTestObject(HealthpostToStore/Page_Store/input_txtprice), "value"): Attribute 'value' of object 'Object Repository/HealthpostToStore/Page_Store/input_txtprice' is: '1900'

2018-05-19 18:29:24 - [MESSAGE][PASSED] - Attribute 'value' of object 'Object Repository/HealthpostToStore/Page_Store/input_txtprice' is: '1900'

2018-05-19 18:29:24 - [TEST_STEP][PASSED] - Statement - out.println("Stock QTY : " + StockQty): null

2018-05-19 18:29:24 - [TEST_STEP][PASSED] - delay: Delayed 2 second(s)

2018-05-19 18:29:26 - [MESSAGE][PASSED] - Delayed 2 second(s)

2018-05-19 18:29:26 - [TEST_STEP][PASSED] - Statement - If (java.lang.String.valueOf(StockQty) >= java.lang.String.valueOf(RequestedQty)): null

2018-05-19 18:29:26 - [TEST_STEP][PASSED] - setText: Text '10' is set on object 'Object Repository/HealthpostToStore/Page_Store/input_txtqty'

2018-05-19 18:29:27 - [MESSAGE][PASSED] - Text '10' is set on object 'Object Repository/HealthpostToStore/Page_Store/input_txtqty'

2018-05-19 18:29:27 - [TEST_STEP][PASSED] - click: Object: 'Object Repository/HealthpostToStore/Page_Store/button_Add' is clicked on

2018-05-19 18:29:27 - [MESSAGE][PASSED] - Object: 'Object Repository/HealthpostToStore/Page_Store/button_Add' is clicked on

2018-05-19 18:29:27 - [TEST_STEP][PASSED] - Statement - Break: null

2018-05-19 18:29:27 - [TEST_STEP][PASSED] - selectOptionByIndex: All options with index in [6] are selected on object 'Object Repository/HealthpostToStore/Page_Store/select_--Select--Adernaline 0.'

2018-05-19 18:29:27 - [MESSAGE][PASSED] - All options with index in [6] are selected on object 'Object Repository/HealthpostToStore/Page_Store/select_--Select--Adernaline 0.'

2018-05-19 18:29:27 - [TEST_STEP][PASSED] - delay: Delayed 2 second(s)

2018-05-19 18:29:29 - [MESSAGE][PASSED] - Delayed 2 second(s)

2018-05-19 18:29:29 - [TEST_STEP][PASSED] - Statement - RequestedQty = com.kms.katalon.core.webui.keyword.WebUiBuiltInKeywords.getAttribute(com.kms.katalon.core.testobject.ObjectRepository.findTestObject(HealthpostToStore/Page_Store/input_txttotal), "value"): Attribute 'value' of object 'Object Repository/HealthpostToStore/Page_Store/input_txttotal' is: '10'

2018-05-19 18:29:29 - [MESSAGE][PASSED] - Attribute 'value' of object 'Object Repository/HealthpostToStore/Page_Store/input_txttotal' is: '10'

2018-05-19 18:29:29 - [TEST_STEP][PASSED] - Statement - out.println("Requested QTY : " + RequestedQty): null

2018-05-19 18:29:29 - [TEST_STEP][PASSED] - Statement - BatchNumber = com.kms.katalon.core.webui.keyword.WebUiBuiltInKeywords.getNumberOfTotalOption(com.kms.katalon.core.testobject.ObjectRepository.findTestObject(HealthpostToStore/Page_Store/select_--Select--BA1170BA2376B)): 3 options of object 'Object Repository/HealthpostToStore/Page_Store/select_--Select--BA1170BA2376B' counted

2018-05-19 18:29:29 - [MESSAGE][PASSED] - 3 options of object 'Object Repository/HealthpostToStore/Page_Store/select_--Select--BA1170BA2376B' counted

2018-05-19 18:29:29 - [TEST_STEP][PASSED] - Statement - For ([g = 1, g <= BatchNumber - 1, (g++)]): null

2018-05-19 18:29:29 - [TEST_STEP][PASSED] - selectOptionByIndex: All options with index in [1] are selected on object 'Object Repository/HealthpostToStore/Page_Store/select_--Select--BA1170BA2376B'

2018-05-19 18:29:29 - [MESSAGE][PASSED] - All options with index in [1] are selected on object 'Object Repository/HealthpostToStore/Page_Store/select_--Select--BA1170BA2376B'

2018-05-19 18:29:29 - [TEST_STEP][PASSED] - Statement - Try: null

2018-05-19 18:29:29 - [TEST_STEP][PASSED] - Statement - StockQty = com.kms.katalon.core.webui.keyword.WebUiBuiltInKeywords.getAttribute(com.kms.katalon.core.testobject.ObjectRepository.findTestObject(HealthpostToStore/Page_Store/input_txtprice), "value"): Attribute 'value' of object 'Object Repository/HealthpostToStore/Page_Store/input_txtprice' is: '1820'

2018-05-19 18:29:29 - [MESSAGE][PASSED] - Attribute 'value' of object 'Object Repository/HealthpostToStore/Page_Store/input_txtprice' is: '1820'

2018-05-19 18:29:29 - [TEST_STEP][PASSED] - Statement - out.println("Stock QTY : " + StockQty): null

2018-05-19 18:29:29 - [TEST_STEP][PASSED] - delay: Delayed 2 second(s)

2018-05-19 18:29:31 - [MESSAGE][PASSED] - Delayed 2 second(s)

2018-05-19 18:29:31 - [TEST_STEP][PASSED] - Statement - If (java.lang.String.valueOf(StockQty) >= java.lang.String.valueOf(RequestedQty)): null

2018-05-19 18:29:31 - [TEST_STEP][PASSED] - setText: Text '10' is set on object 'Object Repository/HealthpostToStore/Page_Store/input_txtqty'

2018-05-19 18:29:31 - [MESSAGE][PASSED] - Text '10' is set on object 'Object Repository/HealthpostToStore/Page_Store/input_txtqty'

2018-05-19 18:29:31 - [TEST_STEP][PASSED] - click: Object: 'Object Repository/HealthpostToStore/Page_Store/button_Add' is clicked on

2018-05-19 18:29:31 - [MESSAGE][PASSED] - Object: 'Object Repository/HealthpostToStore/Page_Store/button_Add' is clicked on

2018-05-19 18:29:31 - [TEST_STEP][PASSED] - Statement - Break: null

2018-05-19 18:29:31 - [TEST_STEP][PASSED] - selectOptionByIndex: All options with index in [7] are selected on object 'Object Repository/HealthpostToStore/Page_Store/select_--Select--Adernaline 0.'

2018-05-19 18:29:31 - [MESSAGE][PASSED] - All options with index in [7] are selected on object 'Object Repository/HealthpostToStore/Page_Store/select_--Select--Adernaline 0.'

2018-05-19 18:29:31 - [TEST_STEP][PASSED] - delay: Delayed 2 second(s)

2018-05-19 18:29:33 - [MESSAGE][PASSED] - Delayed 2 second(s)

2018-05-19 18:29:33 - [TEST_STEP][PASSED] - Statement - RequestedQty = com.kms.katalon.core.webui.keyword.WebUiBuiltInKeywords.getAttribute(com.kms.katalon.core.testobject.ObjectRepository.findTestObject(HealthpostToStore/Page_Store/input_txttotal), "value"): Attribute 'value' of object 'Object Repository/HealthpostToStore/Page_Store/input_txttotal' is: '10'

2018-05-19 18:29:33 - [MESSAGE][PASSED] - Attribute 'value' of object 'Object Repository/HealthpostToStore/Page_Store/input_txttotal' is: '10'

2018-05-19 18:29:33 - [TEST_STEP][PASSED] - Statement - out.println("Requested QTY : " + RequestedQty): null

2018-05-19 18:29:33 - [TEST_STEP][PASSED] - Statement - BatchNumber = com.kms.katalon.core.webui.keyword.WebUiBuiltInKeywords.getNumberOfTotalOption(com.kms.katalon.core.testobject.ObjectRepository.findTestObject(HealthpostToStore/Page_Store/select_--Select--BA1170BA2376B)): 4 options of object 'Object Repository/HealthpostToStore/Page_Store/select_--Select--BA1170BA2376B' counted

2018-05-19 18:29:33 - [MESSAGE][PASSED] - 4 options of object 'Object Repository/HealthpostToStore/Page_Store/select_--Select--BA1170BA2376B' counted

2018-05-19 18:29:33 - [TEST_STEP][PASSED] - Statement - For ([g = 1, g <= BatchNumber - 1, (g++)]): null

2018-05-19 18:29:33 - [TEST_STEP][PASSED] - selectOptionByIndex: All options with index in [1] are selected on object 'Object Repository/HealthpostToStore/Page_Store/select_--Select--BA1170BA2376B'

2018-05-19 18:29:34 - [MESSAGE][PASSED] - All options with index in [1] are selected on object 'Object Repository/HealthpostToStore/Page_Store/select_--Select--BA1170BA2376B'

2018-05-19 18:29:34 - [TEST_STEP][PASSED] - Statement - Try: null

2018-05-19 18:29:34 - [TEST_STEP][PASSED] - Statement - StockQty = com.kms.katalon.core.webui.keyword.WebUiBuiltInKeywords.getAttribute(com.kms.katalon.core.testobject.ObjectRepository.findTestObject(HealthpostToStore/Page_Store/input_txtprice), "value"): Attribute 'value' of object 'Object Repository/HealthpostToStore/Page_Store/input_txtprice' is: '4'

2018-05-19 18:29:34 - [MESSAGE][PASSED] - Attribute 'value' of object 'Object Repository/HealthpostToStore/Page_Store/input_txtprice' is: '4'

2018-05-19 18:29:34 - [TEST_STEP][PASSED] - Statement - out.println("Stock QTY : " + StockQty): null

2018-05-19 18:29:34 - [TEST_STEP][PASSED] - delay: Delayed 2 second(s)

2018-05-19 18:29:36 - [MESSAGE][PASSED] - Delayed 2 second(s)

2018-05-19 18:29:36 - [TEST_STEP][PASSED] - Statement - If (java.lang.String.valueOf(StockQty) >= java.lang.String.valueOf(RequestedQty)): null

2018-05-19 18:29:36 - [TEST_STEP][PASSED] - setText: Text '10' is set on object 'Object Repository/HealthpostToStore/Page_Store/input_txtqty'

2018-05-19 18:29:36 - [MESSAGE][PASSED] - Text '10' is set on object 'Object Repository/HealthpostToStore/Page_Store/input_txtqty'

2018-05-19 18:29:36 - [TEST_STEP][PASSED] - click: Object: 'Object Repository/HealthpostToStore/Page_Store/button_Add' is clicked on

2018-05-19 18:29:36 - [MESSAGE][PASSED] - Object: 'Object Repository/HealthpostToStore/Page_Store/button_Add' is clicked on

2018-05-19 18:29:36 - [TEST_STEP][PASSED] - Statement - Break: null

2018-05-19 18:29:36 - [TEST_STEP][PASSED] - selectOptionByIndex: All options with index in [8] are selected on object 'Object Repository/HealthpostToStore/Page_Store/select_--Select--Adernaline 0.'

2018-05-19 18:29:36 - [MESSAGE][PASSED] - All options with index in [8] are selected on object 'Object Repository/HealthpostToStore/Page_Store/select_--Select--Adernaline 0.'

2018-05-19 18:29:36 - [TEST_STEP][PASSED] - delay: Delayed 2 second(s)

2018-05-19 18:29:38 - [MESSAGE][PASSED] - Delayed 2 second(s)

2018-05-19 18:29:38 - [TEST_STEP][PASSED] - Statement - RequestedQty = com.kms.katalon.core.webui.keyword.WebUiBuiltInKeywords.getAttribute(com.kms.katalon.core.testobject.ObjectRepository.findTestObject(HealthpostToStore/Page_Store/input_txttotal), "value"): Attribute 'value' of object 'Object Repository/HealthpostToStore/Page_Store/input_txttotal' is: '10'

2018-05-19 18:29:38 - [MESSAGE][PASSED] - Attribute 'value' of object 'Object Repository/HealthpostToStore/Page_Store/input_txttotal' is: '10'

2018-05-19 18:29:38 - [TEST_STEP][PASSED] - Statement - out.println("Requested QTY : " + RequestedQty): null

2018-05-19 18:29:38 - [TEST_STEP][PASSED] - Statement - BatchNumber = com.kms.katalon.core.webui.keyword.WebUiBuiltInKeywords.getNumberOfTotalOption(com.kms.katalon.core.testobject.ObjectRepository.findTestObject(HealthpostToStore/Page_Store/select_--Select--BA1170BA2376B)): 3 options of object 'Object Repository/HealthpostToStore/Page_Store/select_--Select--BA1170BA2376B' counted

2018-05-19 18:29:38 - [MESSAGE][PASSED] - 3 options of object 'Object Repository/HealthpostToStore/Page_Store/select_--Select--BA1170BA2376B' counted

2018-05-19 18:29:38 - [TEST_STEP][FAILED] - Statement - For ([g = 1, g <= BatchNumber - 1, (g++)]): null

2018-05-19 18:29:38 - [TEST_STEP][PASSED] - selectOptionByIndex: All options with index in [1] are selected on object 'Object Repository/HealthpostToStore/Page_Store/select_--Select--BA1170BA2376B'

2018-05-19 18:29:38 - [MESSAGE][PASSED] - All options with index in [1] are selected on object 'Object Repository/HealthpostToStore/Page_Store/select_--Select--BA1170BA2376B'

2018-05-19 18:29:38 - [TEST_STEP][FAILED] - Statement - Try: Unable to set text '10' of object 'Object Repository/HealthpostToStore/Page_Store/input_txtqty' (Root cause: org.openqa.selenium.WebDriverException: unknown error: cannot focus element
  (Session info: chrome=66.0.3359.139)
  (Driver info: chromedriver=2.35.528161 (5b82f2d2aae0ca24b877009200ced9065a772e73),platform=Windows NT 10.0.17134 x86_64) (WARNING: The server did not provide any stacktrace information)
Command duration or timeout: 0 milliseconds
Build info: version: '3.7.1', revision: '8a0099a', time: '2017-11-06T21:07:36.161Z'
System info: host: 'DESKTOP-BLFTK83', ip: '192.168.71.2', os.name: 'Windows 10', os.arch: 'amd64', os.version: '10.0', java.version: '1.8.0_102'
Driver info: com.kms.katalon.selenium.driver.CChromeDriver
Capabilities {acceptInsecureCerts: false, acceptSslCerts: false, applicationCacheEnabled: false, browserConnectionEnabled: false, browserName: chrome, chrome: {chromedriverVersion: 2.35.528161 (5b82f2d2aae0ca..., userDataDir: C:\Users\QUALIT~1\AppData\L...}, cssSelectorsEnabled: true, databaseEnabled: false, handlesAlerts: true, hasTouchScreen: false, javascriptEnabled: true, locationContextEnabled: true, mobileEmulationEnabled: false, nativeEvents: true, networkConnectionEnabled: false, pageLoadStrategy: normal, platform: XP, platformName: XP, rotatable: false, setWindowRect: true, takesHeapSnapshot: true, takesScreenshot: true, unexpectedAlertBehaviour: , unhandledPromptBehavior: , version: 66.0.3359.139, webStorageEnabled: true}
Session ID: 47be0ef828c4ba1b63f7468f284fc284)

2018-05-19 18:29:38 - [TEST_STEP][PASSED] - Statement - StockQty = com.kms.katalon.core.webui.keyword.WebUiBuiltInKeywords.getAttribute(com.kms.katalon.core.testobject.ObjectRepository.findTestObject(HealthpostToStore/Page_Store/input_txtprice), "value"): Attribute 'value' of object 'Object Repository/HealthpostToStore/Page_Store/input_txtprice' is: '1767'

2018-05-19 18:29:38 - [MESSAGE][PASSED] - Attribute 'value' of object 'Object Repository/HealthpostToStore/Page_Store/input_txtprice' is: '1767'

2018-05-19 18:29:38 - [TEST_STEP][PASSED] - Statement - out.println("Stock QTY : " + StockQty): null

2018-05-19 18:29:38 - [TEST_STEP][PASSED] - delay: Delayed 2 second(s)

2018-05-19 18:29:40 - [MESSAGE][PASSED] - Delayed 2 second(s)

2018-05-19 18:29:40 - [TEST_STEP][FAILED] - Statement - If (java.lang.String.valueOf(StockQty) >= java.lang.String.valueOf(RequestedQty)): Unable to set text '10' of object 'Object Repository/HealthpostToStore/Page_Store/input_txtqty' (Root cause: org.openqa.selenium.WebDriverException: unknown error: cannot focus element
  (Session info: chrome=66.0.3359.139)
  (Driver info: chromedriver=2.35.528161 (5b82f2d2aae0ca24b877009200ced9065a772e73),platform=Windows NT 10.0.17134 x86_64) (WARNING: The server did not provide any stacktrace information)
Command duration or timeout: 0 milliseconds
Build info: version: '3.7.1', revision: '8a0099a', time: '2017-11-06T21:07:36.161Z'
System info: host: 'DESKTOP-BLFTK83', ip: '192.168.71.2', os.name: 'Windows 10', os.arch: 'amd64', os.version: '10.0', java.version: '1.8.0_102'
Driver info: com.kms.katalon.selenium.driver.CChromeDriver
Capabilities {acceptInsecureCerts: false, acceptSslCerts: false, applicationCacheEnabled: false, browserConnectionEnabled: false, browserName: chrome, chrome: {chromedriverVersion: 2.35.528161 (5b82f2d2aae0ca..., userDataDir: C:\Users\QUALIT~1\AppData\L...}, cssSelectorsEnabled: true, databaseEnabled: false, handlesAlerts: true, hasTouchScreen: false, javascriptEnabled: true, locationContextEnabled: true, mobileEmulationEnabled: false, nativeEvents: true, networkConnectionEnabled: false, pageLoadStrategy: normal, platform: XP, platformName: XP, rotatable: false, setWindowRect: true, takesHeapSnapshot: true, takesScreenshot: true, unexpectedAlertBehaviour: , unhandledPromptBehavior: , version: 66.0.3359.139, webStorageEnabled: true}
Session ID: 47be0ef828c4ba1b63f7468f284fc284)

2018-05-19 18:29:40 - [TEST_STEP][FAILED] - setText: Unable to set text '10' of object 'Object Repository/HealthpostToStore/Page_Store/input_txtqty' (Root cause: org.openqa.selenium.WebDriverException: unknown error: cannot focus element
  (Session info: chrome=66.0.3359.139)
  (Driver info: chromedriver=2.35.528161 (5b82f2d2aae0ca24b877009200ced9065a772e73),platform=Windows NT 10.0.17134 x86_64) (WARNING: The server did not provide any stacktrace information)
Command duration or timeout: 0 milliseconds
Build info: version: '3.7.1', revision: '8a0099a', time: '2017-11-06T21:07:36.161Z'
System info: host: 'DESKTOP-BLFTK83', ip: '192.168.71.2', os.name: 'Windows 10', os.arch: 'amd64', os.version: '10.0', java.version: '1.8.0_102'
Driver info: com.kms.katalon.selenium.driver.CChromeDriver
Capabilities {acceptInsecureCerts: false, acceptSslCerts: false, applicationCacheEnabled: false, browserConnectionEnabled: false, browserName: chrome, chrome: {chromedriverVersion: 2.35.528161 (5b82f2d2aae0ca..., userDataDir: C:\Users\QUALIT~1\AppData\L...}, cssSelectorsEnabled: true, databaseEnabled: false, handlesAlerts: true, hasTouchScreen: false, javascriptEnabled: true, locationContextEnabled: true, mobileEmulationEnabled: false, nativeEvents: true, networkConnectionEnabled: false, pageLoadStrategy: normal, platform: XP, platformName: XP, rotatable: false, setWindowRect: true, takesHeapSnapshot: true, takesScreenshot: true, unexpectedAlertBehaviour: , unhandledPromptBehavior: , version: 66.0.3359.139, webStorageEnabled: true}
Session ID: 47be0ef828c4ba1b63f7468f284fc284)

2018-05-19 18:29:41 - [MESSAGE][FAILED] - Unable to set text '10' of object 'Object Repository/HealthpostToStore/Page_Store/input_txtqty' (Root cause: org.openqa.selenium.WebDriverException: unknown error: cannot focus element
  (Session info: chrome=66.0.3359.139)
  (Driver info: chromedriver=2.35.528161 (5b82f2d2aae0ca24b877009200ced9065a772e73),platform=Windows NT 10.0.17134 x86_64) (WARNING: The server did not provide any stacktrace information)
Command duration or timeout: 0 milliseconds
Build info: version: '3.7.1', revision: '8a0099a', time: '2017-11-06T21:07:36.161Z'
System info: host: 'DESKTOP-BLFTK83', ip: '192.168.71.2', os.name: 'Windows 10', os.arch: 'amd64', os.version: '10.0', java.version: '1.8.0_102'
Driver info: com.kms.katalon.selenium.driver.CChromeDriver
Capabilities {acceptInsecureCerts: false, acceptSslCerts: false, applicationCacheEnabled: false, browserConnectionEnabled: false, browserName: chrome, chrome: {chromedriverVersion: 2.35.528161 (5b82f2d2aae0ca..., userDataDir: C:\Users\QUALIT~1\AppData\L...}, cssSelectorsEnabled: true, databaseEnabled: false, handlesAlerts: true, hasTouchScreen: false, javascriptEnabled: true, locationContextEnabled: true, mobileEmulationEnabled: false, nativeEvents: true, networkConnectionEnabled: false, pageLoadStrategy: normal, platform: XP, platformName: XP, rotatable: false, setWindowRect: true, takesHeapSnapshot: true, takesScreenshot: true, unexpectedAlertBehaviour: , unhandledPromptBehavior: , version: 66.0.3359.139, webStorageEnabled: true}
Session ID: 47be0ef828c4ba1b63f7468f284fc284)
[[ATTACHMENT|C:\\Users\\Quality Analyst\\Katalon Studio\\ds\\Reports\\HealthPost_Store_Suite\\20180519_180732\\1526734780866.png]]

2018-05-19 18:29:41 - [TEST_STEP][PASSED] - Statement - Catch (Exception e): null

2018-05-19 18:29:41 - [TEST_STEP][PASSED] - click: Object: 'Object Repository/HealthpostToStore/Page_Store/button_OK' is clicked on

2018-05-19 18:29:41 - [MESSAGE][PASSED] - Object: 'Object Repository/HealthpostToStore/Page_Store/button_OK' is clicked on

2018-05-19 18:29:41 - [TEST_STEP][PASSED] - Statement - <not implemented yet for class: org.codehaus.groovy.ast.stmt.ContinueStatement>: null

2018-05-19 18:29:41 - [TEST_STEP][PASSED] - selectOptionByIndex: All options with index in [2] are selected on object 'Object Repository/HealthpostToStore/Page_Store/select_--Select--BA1170BA2376B'

2018-05-19 18:29:41 - [MESSAGE][PASSED] - All options with index in [2] are selected on object 'Object Repository/HealthpostToStore/Page_Store/select_--Select--BA1170BA2376B'

2018-05-19 18:29:41 - [TEST_STEP][PASSED] - Statement - Try: null

2018-05-19 18:29:41 - [TEST_STEP][PASSED] - Statement - StockQty = com.kms.katalon.core.webui.keyword.WebUiBuiltInKeywords.getAttribute(com.kms.katalon.core.testobject.ObjectRepository.findTestObject(HealthpostToStore/Page_Store/input_txtprice), "value"): Attribute 'value' of object 'Object Repository/HealthpostToStore/Page_Store/input_txtprice' is: '23'

2018-05-19 18:29:41 - [MESSAGE][PASSED] - Attribute 'value' of object 'Object Repository/HealthpostToStore/Page_Store/input_txtprice' is: '23'

2018-05-19 18:29:41 - [TEST_STEP][PASSED] - Statement - out.println("Stock QTY : " + StockQty): null

2018-05-19 18:29:41 - [TEST_STEP][PASSED] - delay: Delayed 2 second(s)

2018-05-19 18:29:43 - [MESSAGE][PASSED] - Delayed 2 second(s)

2018-05-19 18:29:43 - [TEST_STEP][PASSED] - Statement - If (java.lang.String.valueOf(StockQty) >= java.lang.String.valueOf(RequestedQty)): null

2018-05-19 18:29:43 - [TEST_STEP][PASSED] - setText: Text '10' is set on object 'Object Repository/HealthpostToStore/Page_Store/input_txtqty'

2018-05-19 18:29:43 - [MESSAGE][PASSED] - Text '10' is set on object 'Object Repository/HealthpostToStore/Page_Store/input_txtqty'

2018-05-19 18:29:43 - [TEST_STEP][PASSED] - click: Object: 'Object Repository/HealthpostToStore/Page_Store/button_Add' is clicked on

2018-05-19 18:29:43 - [MESSAGE][PASSED] - Object: 'Object Repository/HealthpostToStore/Page_Store/button_Add' is clicked on

2018-05-19 18:29:43 - [TEST_STEP][PASSED] - Statement - Break: null

2018-05-19 18:29:43 - [TEST_STEP][PASSED] - selectOptionByIndex: All options with index in [9] are selected on object 'Object Repository/HealthpostToStore/Page_Store/select_--Select--Adernaline 0.'

2018-05-19 18:29:43 - [MESSAGE][PASSED] - All options with index in [9] are selected on object 'Object Repository/HealthpostToStore/Page_Store/select_--Select--Adernaline 0.'

2018-05-19 18:29:43 - [TEST_STEP][PASSED] - delay: Delayed 2 second(s)

2018-05-19 18:29:45 - [MESSAGE][PASSED] - Delayed 2 second(s)

2018-05-19 18:29:45 - [TEST_STEP][PASSED] - Statement - RequestedQty = com.kms.katalon.core.webui.keyword.WebUiBuiltInKeywords.getAttribute(com.kms.katalon.core.testobject.ObjectRepository.findTestObject(HealthpostToStore/Page_Store/input_txttotal), "value"): Attribute 'value' of object 'Object Repository/HealthpostToStore/Page_Store/input_txttotal' is: '10'

2018-05-19 18:29:45 - [MESSAGE][PASSED] - Attribute 'value' of object 'Object Repository/HealthpostToStore/Page_Store/input_txttotal' is: '10'

2018-05-19 18:29:45 - [TEST_STEP][PASSED] - Statement - out.println("Requested QTY : " + RequestedQty): null

2018-05-19 18:29:45 - [TEST_STEP][PASSED] - Statement - BatchNumber = com.kms.katalon.core.webui.keyword.WebUiBuiltInKeywords.getNumberOfTotalOption(com.kms.katalon.core.testobject.ObjectRepository.findTestObject(HealthpostToStore/Page_Store/select_--Select--BA1170BA2376B)): 3 options of object 'Object Repository/HealthpostToStore/Page_Store/select_--Select--BA1170BA2376B' counted

2018-05-19 18:29:45 - [MESSAGE][PASSED] - 3 options of object 'Object Repository/HealthpostToStore/Page_Store/select_--Select--BA1170BA2376B' counted

2018-05-19 18:29:45 - [TEST_STEP][PASSED] - Statement - For ([g = 1, g <= BatchNumber - 1, (g++)]): null

2018-05-19 18:29:45 - [TEST_STEP][PASSED] - selectOptionByIndex: All options with index in [1] are selected on object 'Object Repository/HealthpostToStore/Page_Store/select_--Select--BA1170BA2376B'

2018-05-19 18:29:46 - [MESSAGE][PASSED] - All options with index in [1] are selected on object 'Object Repository/HealthpostToStore/Page_Store/select_--Select--BA1170BA2376B'

2018-05-19 18:29:46 - [TEST_STEP][PASSED] - Statement - Try: null

2018-05-19 18:29:46 - [TEST_STEP][PASSED] - Statement - StockQty = com.kms.katalon.core.webui.keyword.WebUiBuiltInKeywords.getAttribute(com.kms.katalon.core.testobject.ObjectRepository.findTestObject(HealthpostToStore/Page_Store/input_txtprice), "value"): Attribute 'value' of object 'Object Repository/HealthpostToStore/Page_Store/input_txtprice' is: '1608'

2018-05-19 18:29:46 - [MESSAGE][PASSED] - Attribute 'value' of object 'Object Repository/HealthpostToStore/Page_Store/input_txtprice' is: '1608'

2018-05-19 18:29:46 - [TEST_STEP][PASSED] - Statement - out.println("Stock QTY : " + StockQty): null

2018-05-19 18:29:46 - [TEST_STEP][PASSED] - delay: Delayed 2 second(s)

2018-05-19 18:29:48 - [MESSAGE][PASSED] - Delayed 2 second(s)

2018-05-19 18:29:48 - [TEST_STEP][PASSED] - Statement - If (java.lang.String.valueOf(StockQty) >= java.lang.String.valueOf(RequestedQty)): null

2018-05-19 18:29:48 - [TEST_STEP][PASSED] - setText: Text '10' is set on object 'Object Repository/HealthpostToStore/Page_Store/input_txtqty'

2018-05-19 18:29:48 - [MESSAGE][PASSED] - Text '10' is set on object 'Object Repository/HealthpostToStore/Page_Store/input_txtqty'

2018-05-19 18:29:48 - [TEST_STEP][PASSED] - click: Object: 'Object Repository/HealthpostToStore/Page_Store/button_Add' is clicked on

2018-05-19 18:29:48 - [MESSAGE][PASSED] - Object: 'Object Repository/HealthpostToStore/Page_Store/button_Add' is clicked on

2018-05-19 18:29:48 - [TEST_STEP][PASSED] - Statement - Break: null

2018-05-19 18:29:48 - [TEST_STEP][PASSED] - selectOptionByIndex: All options with index in [10] are selected on object 'Object Repository/HealthpostToStore/Page_Store/select_--Select--Adernaline 0.'

2018-05-19 18:29:48 - [MESSAGE][PASSED] - All options with index in [10] are selected on object 'Object Repository/HealthpostToStore/Page_Store/select_--Select--Adernaline 0.'

2018-05-19 18:29:48 - [TEST_STEP][PASSED] - delay: Delayed 2 second(s)

2018-05-19 18:29:50 - [MESSAGE][PASSED] - Delayed 2 second(s)

2018-05-19 18:29:50 - [TEST_STEP][PASSED] - Statement - RequestedQty = com.kms.katalon.core.webui.keyword.WebUiBuiltInKeywords.getAttribute(com.kms.katalon.core.testobject.ObjectRepository.findTestObject(HealthpostToStore/Page_Store/input_txttotal), "value"): Attribute 'value' of object 'Object Repository/HealthpostToStore/Page_Store/input_txttotal' is: '10'

2018-05-19 18:29:50 - [MESSAGE][PASSED] - Attribute 'value' of object 'Object Repository/HealthpostToStore/Page_Store/input_txttotal' is: '10'

2018-05-19 18:29:50 - [TEST_STEP][PASSED] - Statement - out.println("Requested QTY : " + RequestedQty): null

2018-05-19 18:29:50 - [TEST_STEP][PASSED] - Statement - BatchNumber = com.kms.katalon.core.webui.keyword.WebUiBuiltInKeywords.getNumberOfTotalOption(com.kms.katalon.core.testobject.ObjectRepository.findTestObject(HealthpostToStore/Page_Store/select_--Select--BA1170BA2376B)): 3 options of object 'Object Repository/HealthpostToStore/Page_Store/select_--Select--BA1170BA2376B' counted

2018-05-19 18:29:50 - [MESSAGE][PASSED] - 3 options of object 'Object Repository/HealthpostToStore/Page_Store/select_--Select--BA1170BA2376B' counted

2018-05-19 18:29:50 - [TEST_STEP][PASSED] - Statement - For ([g = 1, g <= BatchNumber - 1, (g++)]): null

2018-05-19 18:29:50 - [TEST_STEP][PASSED] - selectOptionByIndex: All options with index in [1] are selected on object 'Object Repository/HealthpostToStore/Page_Store/select_--Select--BA1170BA2376B'

2018-05-19 18:29:50 - [MESSAGE][PASSED] - All options with index in [1] are selected on object 'Object Repository/HealthpostToStore/Page_Store/select_--Select--BA1170BA2376B'

2018-05-19 18:29:50 - [TEST_STEP][PASSED] - Statement - Try: null

2018-05-19 18:29:50 - [TEST_STEP][PASSED] - Statement - StockQty = com.kms.katalon.core.webui.keyword.WebUiBuiltInKeywords.getAttribute(com.kms.katalon.core.testobject.ObjectRepository.findTestObject(HealthpostToStore/Page_Store/input_txtprice), "value"): Attribute 'value' of object 'Object Repository/HealthpostToStore/Page_Store/input_txtprice' is: '1900'

2018-05-19 18:29:50 - [MESSAGE][PASSED] - Attribute 'value' of object 'Object Repository/HealthpostToStore/Page_Store/input_txtprice' is: '1900'

2018-05-19 18:29:50 - [TEST_STEP][PASSED] - Statement - out.println("Stock QTY : " + StockQty): null

2018-05-19 18:29:50 - [TEST_STEP][PASSED] - delay: Delayed 2 second(s)

2018-05-19 18:29:52 - [MESSAGE][PASSED] - Delayed 2 second(s)

2018-05-19 18:29:52 - [TEST_STEP][PASSED] - Statement - If (java.lang.String.valueOf(StockQty) >= java.lang.String.valueOf(RequestedQty)): null

2018-05-19 18:29:52 - [TEST_STEP][PASSED] - setText: Text '10' is set on object 'Object Repository/HealthpostToStore/Page_Store/input_txtqty'

2018-05-19 18:29:52 - [MESSAGE][PASSED] - Text '10' is set on object 'Object Repository/HealthpostToStore/Page_Store/input_txtqty'

2018-05-19 18:29:52 - [TEST_STEP][PASSED] - click: Object: 'Object Repository/HealthpostToStore/Page_Store/button_Add' is clicked on

2018-05-19 18:29:52 - [MESSAGE][PASSED] - Object: 'Object Repository/HealthpostToStore/Page_Store/button_Add' is clicked on

2018-05-19 18:29:52 - [TEST_STEP][PASSED] - Statement - Break: null

2018-05-19 18:29:52 - [TEST_STEP][PASSED] - selectOptionByIndex: All options with index in [11] are selected on object 'Object Repository/HealthpostToStore/Page_Store/select_--Select--Adernaline 0.'

2018-05-19 18:29:53 - [MESSAGE][PASSED] - All options with index in [11] are selected on object 'Object Repository/HealthpostToStore/Page_Store/select_--Select--Adernaline 0.'

2018-05-19 18:29:53 - [TEST_STEP][PASSED] - delay: Delayed 2 second(s)

2018-05-19 18:29:55 - [MESSAGE][PASSED] - Delayed 2 second(s)

2018-05-19 18:29:55 - [TEST_STEP][PASSED] - Statement - RequestedQty = com.kms.katalon.core.webui.keyword.WebUiBuiltInKeywords.getAttribute(com.kms.katalon.core.testobject.ObjectRepository.findTestObject(HealthpostToStore/Page_Store/input_txttotal), "value"): Attribute 'value' of object 'Object Repository/HealthpostToStore/Page_Store/input_txttotal' is: '10'

2018-05-19 18:29:55 - [MESSAGE][PASSED] - Attribute 'value' of object 'Object Repository/HealthpostToStore/Page_Store/input_txttotal' is: '10'

2018-05-19 18:29:55 - [TEST_STEP][PASSED] - Statement - out.println("Requested QTY : " + RequestedQty): null

2018-05-19 18:29:55 - [TEST_STEP][PASSED] - Statement - BatchNumber = com.kms.katalon.core.webui.keyword.WebUiBuiltInKeywords.getNumberOfTotalOption(com.kms.katalon.core.testobject.ObjectRepository.findTestObject(HealthpostToStore/Page_Store/select_--Select--BA1170BA2376B)): 2 options of object 'Object Repository/HealthpostToStore/Page_Store/select_--Select--BA1170BA2376B' counted

2018-05-19 18:29:55 - [MESSAGE][PASSED] - 2 options of object 'Object Repository/HealthpostToStore/Page_Store/select_--Select--BA1170BA2376B' counted

2018-05-19 18:29:55 - [TEST_STEP][PASSED] - Statement - For ([g = 1, g <= BatchNumber - 1, (g++)]): null

2018-05-19 18:29:55 - [TEST_STEP][PASSED] - selectOptionByIndex: All options with index in [1] are selected on object 'Object Repository/HealthpostToStore/Page_Store/select_--Select--BA1170BA2376B'

2018-05-19 18:29:55 - [MESSAGE][PASSED] - All options with index in [1] are selected on object 'Object Repository/HealthpostToStore/Page_Store/select_--Select--BA1170BA2376B'

2018-05-19 18:29:55 - [TEST_STEP][PASSED] - Statement - Try: null

2018-05-19 18:29:55 - [TEST_STEP][PASSED] - Statement - StockQty = com.kms.katalon.core.webui.keyword.WebUiBuiltInKeywords.getAttribute(com.kms.katalon.core.testobject.ObjectRepository.findTestObject(HealthpostToStore/Page_Store/input_txtprice), "value"): Attribute 'value' of object 'Object Repository/HealthpostToStore/Page_Store/input_txtprice' is: '1830'

2018-05-19 18:29:55 - [MESSAGE][PASSED] - Attribute 'value' of object 'Object Repository/HealthpostToStore/Page_Store/input_txtprice' is: '1830'

2018-05-19 18:29:55 - [TEST_STEP][PASSED] - Statement - out.println("Stock QTY : " + StockQty): null

2018-05-19 18:29:55 - [TEST_STEP][PASSED] - delay: Delayed 2 second(s)

2018-05-19 18:29:57 - [MESSAGE][PASSED] - Delayed 2 second(s)

2018-05-19 18:29:57 - [TEST_STEP][PASSED] - Statement - If (java.lang.String.valueOf(StockQty) >= java.lang.String.valueOf(RequestedQty)): null

2018-05-19 18:29:57 - [TEST_STEP][PASSED] - setText: Text '10' is set on object 'Object Repository/HealthpostToStore/Page_Store/input_txtqty'

2018-05-19 18:29:57 - [MESSAGE][PASSED] - Text '10' is set on object 'Object Repository/HealthpostToStore/Page_Store/input_txtqty'

2018-05-19 18:29:57 - [TEST_STEP][PASSED] - click: Object: 'Object Repository/HealthpostToStore/Page_Store/button_Add' is clicked on

2018-05-19 18:29:57 - [MESSAGE][PASSED] - Object: 'Object Repository/HealthpostToStore/Page_Store/button_Add' is clicked on

2018-05-19 18:29:57 - [TEST_STEP][PASSED] - Statement - Break: null

2018-05-19 18:29:57 - [TEST_STEP][PASSED] - selectOptionByIndex: All options with index in [12] are selected on object 'Object Repository/HealthpostToStore/Page_Store/select_--Select--Adernaline 0.'

2018-05-19 18:29:57 - [MESSAGE][PASSED] - All options with index in [12] are selected on object 'Object Repository/HealthpostToStore/Page_Store/select_--Select--Adernaline 0.'

2018-05-19 18:29:57 - [TEST_STEP][PASSED] - delay: Delayed 2 second(s)

2018-05-19 18:29:59 - [MESSAGE][PASSED] - Delayed 2 second(s)

2018-05-19 18:29:59 - [TEST_STEP][PASSED] - Statement - RequestedQty = com.kms.katalon.core.webui.keyword.WebUiBuiltInKeywords.getAttribute(com.kms.katalon.core.testobject.ObjectRepository.findTestObject(HealthpostToStore/Page_Store/input_txttotal), "value"): Attribute 'value' of object 'Object Repository/HealthpostToStore/Page_Store/input_txttotal' is: '10'

2018-05-19 18:29:59 - [MESSAGE][PASSED] - Attribute 'value' of object 'Object Repository/HealthpostToStore/Page_Store/input_txttotal' is: '10'

2018-05-19 18:29:59 - [TEST_STEP][PASSED] - Statement - out.println("Requested QTY : " + RequestedQty): null

2018-05-19 18:29:59 - [TEST_STEP][PASSED] - Statement - BatchNumber = com.kms.katalon.core.webui.keyword.WebUiBuiltInKeywords.getNumberOfTotalOption(com.kms.katalon.core.testobject.ObjectRepository.findTestObject(HealthpostToStore/Page_Store/select_--Select--BA1170BA2376B)): 3 options of object 'Object Repository/HealthpostToStore/Page_Store/select_--Select--BA1170BA2376B' counted

2018-05-19 18:29:59 - [MESSAGE][PASSED] - 3 options of object 'Object Repository/HealthpostToStore/Page_Store/select_--Select--BA1170BA2376B' counted

2018-05-19 18:29:59 - [TEST_STEP][PASSED] - Statement - For ([g = 1, g <= BatchNumber - 1, (g++)]): null

2018-05-19 18:29:59 - [TEST_STEP][PASSED] - selectOptionByIndex: All options with index in [1] are selected on object 'Object Repository/HealthpostToStore/Page_Store/select_--Select--BA1170BA2376B'

2018-05-19 18:30:00 - [MESSAGE][PASSED] - All options with index in [1] are selected on object 'Object Repository/HealthpostToStore/Page_Store/select_--Select--BA1170BA2376B'

2018-05-19 18:30:00 - [TEST_STEP][PASSED] - Statement - Try: null

2018-05-19 18:30:00 - [TEST_STEP][PASSED] - Statement - StockQty = com.kms.katalon.core.webui.keyword.WebUiBuiltInKeywords.getAttribute(com.kms.katalon.core.testobject.ObjectRepository.findTestObject(HealthpostToStore/Page_Store/input_txtprice), "value"): Attribute 'value' of object 'Object Repository/HealthpostToStore/Page_Store/input_txtprice' is: '1875'

2018-05-19 18:30:00 - [MESSAGE][PASSED] - Attribute 'value' of object 'Object Repository/HealthpostToStore/Page_Store/input_txtprice' is: '1875'

2018-05-19 18:30:00 - [TEST_STEP][PASSED] - Statement - out.println("Stock QTY : " + StockQty): null

2018-05-19 18:30:00 - [TEST_STEP][PASSED] - delay: Delayed 2 second(s)

2018-05-19 18:30:02 - [MESSAGE][PASSED] - Delayed 2 second(s)

2018-05-19 18:30:02 - [TEST_STEP][PASSED] - Statement - If (java.lang.String.valueOf(StockQty) >= java.lang.String.valueOf(RequestedQty)): null

2018-05-19 18:30:02 - [TEST_STEP][PASSED] - setText: Text '10' is set on object 'Object Repository/HealthpostToStore/Page_Store/input_txtqty'

2018-05-19 18:30:02 - [MESSAGE][PASSED] - Text '10' is set on object 'Object Repository/HealthpostToStore/Page_Store/input_txtqty'

2018-05-19 18:30:02 - [TEST_STEP][PASSED] - click: Object: 'Object Repository/HealthpostToStore/Page_Store/button_Add' is clicked on

2018-05-19 18:30:02 - [MESSAGE][PASSED] - Object: 'Object Repository/HealthpostToStore/Page_Store/button_Add' is clicked on

2018-05-19 18:30:02 - [TEST_STEP][PASSED] - Statement - Break: null

2018-05-19 18:30:02 - [TEST_STEP][PASSED] - selectOptionByIndex: All options with index in [13] are selected on object 'Object Repository/HealthpostToStore/Page_Store/select_--Select--Adernaline 0.'

2018-05-19 18:30:02 - [MESSAGE][PASSED] - All options with index in [13] are selected on object 'Object Repository/HealthpostToStore/Page_Store/select_--Select--Adernaline 0.'

2018-05-19 18:30:02 - [TEST_STEP][PASSED] - delay: Delayed 2 second(s)

2018-05-19 18:30:04 - [MESSAGE][PASSED] - Delayed 2 second(s)

2018-05-19 18:30:04 - [TEST_STEP][PASSED] - Statement - RequestedQty = com.kms.katalon.core.webui.keyword.WebUiBuiltInKeywords.getAttribute(com.kms.katalon.core.testobject.ObjectRepository.findTestObject(HealthpostToStore/Page_Store/input_txttotal), "value"): Attribute 'value' of object 'Object Repository/HealthpostToStore/Page_Store/input_txttotal' is: '10'

2018-05-19 18:30:04 - [MESSAGE][PASSED] - Attribute 'value' of object 'Object Repository/HealthpostToStore/Page_Store/input_txttotal' is: '10'

2018-05-19 18:30:04 - [TEST_STEP][PASSED] - Statement - out.println("Requested QTY : " + RequestedQty): null

2018-05-19 18:30:04 - [TEST_STEP][PASSED] - Statement - BatchNumber = com.kms.katalon.core.webui.keyword.WebUiBuiltInKeywords.getNumberOfTotalOption(com.kms.katalon.core.testobject.ObjectRepository.findTestObject(HealthpostToStore/Page_Store/select_--Select--BA1170BA2376B)): 3 options of object 'Object Repository/HealthpostToStore/Page_Store/select_--Select--BA1170BA2376B' counted

2018-05-19 18:30:04 - [MESSAGE][PASSED] - 3 options of object 'Object Repository/HealthpostToStore/Page_Store/select_--Select--BA1170BA2376B' counted

2018-05-19 18:30:04 - [TEST_STEP][PASSED] - Statement - For ([g = 1, g <= BatchNumber - 1, (g++)]): null

2018-05-19 18:30:04 - [TEST_STEP][PASSED] - selectOptionByIndex: All options with index in [1] are selected on object 'Object Repository/HealthpostToStore/Page_Store/select_--Select--BA1170BA2376B'

2018-05-19 18:30:04 - [MESSAGE][PASSED] - All options with index in [1] are selected on object 'Object Repository/HealthpostToStore/Page_Store/select_--Select--BA1170BA2376B'

2018-05-19 18:30:04 - [TEST_STEP][PASSED] - Statement - Try: null

2018-05-19 18:30:04 - [TEST_STEP][PASSED] - Statement - StockQty = com.kms.katalon.core.webui.keyword.WebUiBuiltInKeywords.getAttribute(com.kms.katalon.core.testobject.ObjectRepository.findTestObject(HealthpostToStore/Page_Store/input_txtprice), "value"): Attribute 'value' of object 'Object Repository/HealthpostToStore/Page_Store/input_txtprice' is: '45'

2018-05-19 18:30:04 - [MESSAGE][PASSED] - Attribute 'value' of object 'Object Repository/HealthpostToStore/Page_Store/input_txtprice' is: '45'

2018-05-19 18:30:04 - [TEST_STEP][PASSED] - Statement - out.println("Stock QTY : " + StockQty): null

2018-05-19 18:30:04 - [TEST_STEP][PASSED] - delay: Delayed 2 second(s)

2018-05-19 18:30:06 - [MESSAGE][PASSED] - Delayed 2 second(s)

2018-05-19 18:30:06 - [TEST_STEP][PASSED] - Statement - If (java.lang.String.valueOf(StockQty) >= java.lang.String.valueOf(RequestedQty)): null

2018-05-19 18:30:06 - [TEST_STEP][PASSED] - setText: Text '10' is set on object 'Object Repository/HealthpostToStore/Page_Store/input_txtqty'

2018-05-19 18:30:06 - [MESSAGE][PASSED] - Text '10' is set on object 'Object Repository/HealthpostToStore/Page_Store/input_txtqty'

2018-05-19 18:30:06 - [TEST_STEP][PASSED] - click: Object: 'Object Repository/HealthpostToStore/Page_Store/button_Add' is clicked on

2018-05-19 18:30:06 - [MESSAGE][PASSED] - Object: 'Object Repository/HealthpostToStore/Page_Store/button_Add' is clicked on

2018-05-19 18:30:06 - [TEST_STEP][PASSED] - Statement - Break: null

2018-05-19 18:30:06 - [TEST_STEP][PASSED] - selectOptionByIndex: All options with index in [14] are selected on object 'Object Repository/HealthpostToStore/Page_Store/select_--Select--Adernaline 0.'

2018-05-19 18:30:07 - [MESSAGE][PASSED] - All options with index in [14] are selected on object 'Object Repository/HealthpostToStore/Page_Store/select_--Select--Adernaline 0.'

2018-05-19 18:30:07 - [TEST_STEP][PASSED] - delay: Delayed 2 second(s)

2018-05-19 18:30:09 - [MESSAGE][PASSED] - Delayed 2 second(s)

2018-05-19 18:30:09 - [TEST_STEP][PASSED] - Statement - RequestedQty = com.kms.katalon.core.webui.keyword.WebUiBuiltInKeywords.getAttribute(com.kms.katalon.core.testobject.ObjectRepository.findTestObject(HealthpostToStore/Page_Store/input_txttotal), "value"): Attribute 'value' of object 'Object Repository/HealthpostToStore/Page_Store/input_txttotal' is: '10'

2018-05-19 18:30:09 - [MESSAGE][PASSED] - Attribute 'value' of object 'Object Repository/HealthpostToStore/Page_Store/input_txttotal' is: '10'

2018-05-19 18:30:09 - [TEST_STEP][PASSED] - Statement - out.println("Requested QTY : " + RequestedQty): null

2018-05-19 18:30:09 - [TEST_STEP][PASSED] - Statement - BatchNumber = com.kms.katalon.core.webui.keyword.WebUiBuiltInKeywords.getNumberOfTotalOption(com.kms.katalon.core.testobject.ObjectRepository.findTestObject(HealthpostToStore/Page_Store/select_--Select--BA1170BA2376B)): 3 options of object 'Object Repository/HealthpostToStore/Page_Store/select_--Select--BA1170BA2376B' counted

2018-05-19 18:30:09 - [MESSAGE][PASSED] - 3 options of object 'Object Repository/HealthpostToStore/Page_Store/select_--Select--BA1170BA2376B' counted

2018-05-19 18:30:09 - [TEST_STEP][PASSED] - Statement - For ([g = 1, g <= BatchNumber - 1, (g++)]): null

2018-05-19 18:30:09 - [TEST_STEP][PASSED] - selectOptionByIndex: All options with index in [1] are selected on object 'Object Repository/HealthpostToStore/Page_Store/select_--Select--BA1170BA2376B'

2018-05-19 18:30:09 - [MESSAGE][PASSED] - All options with index in [1] are selected on object 'Object Repository/HealthpostToStore/Page_Store/select_--Select--BA1170BA2376B'

2018-05-19 18:30:09 - [TEST_STEP][PASSED] - Statement - Try: null

2018-05-19 18:30:09 - [TEST_STEP][PASSED] - Statement - StockQty = com.kms.katalon.core.webui.keyword.WebUiBuiltInKeywords.getAttribute(com.kms.katalon.core.testobject.ObjectRepository.findTestObject(HealthpostToStore/Page_Store/input_txtprice), "value"): Attribute 'value' of object 'Object Repository/HealthpostToStore/Page_Store/input_txtprice' is: '1900'

2018-05-19 18:30:09 - [MESSAGE][PASSED] - Attribute 'value' of object 'Object Repository/HealthpostToStore/Page_Store/input_txtprice' is: '1900'

2018-05-19 18:30:09 - [TEST_STEP][PASSED] - Statement - out.println("Stock QTY : " + StockQty): null

2018-05-19 18:30:09 - [TEST_STEP][PASSED] - delay: Delayed 2 second(s)

2018-05-19 18:30:11 - [MESSAGE][PASSED] - Delayed 2 second(s)

2018-05-19 18:30:11 - [TEST_STEP][PASSED] - Statement - If (java.lang.String.valueOf(StockQty) >= java.lang.String.valueOf(RequestedQty)): null

2018-05-19 18:30:11 - [TEST_STEP][PASSED] - setText: Text '10' is set on object 'Object Repository/HealthpostToStore/Page_Store/input_txtqty'

2018-05-19 18:30:11 - [MESSAGE][PASSED] - Text '10' is set on object 'Object Repository/HealthpostToStore/Page_Store/input_txtqty'

2018-05-19 18:30:11 - [TEST_STEP][PASSED] - click: Object: 'Object Repository/HealthpostToStore/Page_Store/button_Add' is clicked on

2018-05-19 18:30:11 - [MESSAGE][PASSED] - Object: 'Object Repository/HealthpostToStore/Page_Store/button_Add' is clicked on

2018-05-19 18:30:11 - [TEST_STEP][PASSED] - Statement - Break: null

2018-05-19 18:30:11 - [TEST_STEP][PASSED] - selectOptionByIndex: All options with index in [15] are selected on object 'Object Repository/HealthpostToStore/Page_Store/select_--Select--Adernaline 0.'

2018-05-19 18:30:11 - [MESSAGE][PASSED] - All options with index in [15] are selected on object 'Object Repository/HealthpostToStore/Page_Store/select_--Select--Adernaline 0.'

2018-05-19 18:30:11 - [TEST_STEP][PASSED] - delay: Delayed 2 second(s)

2018-05-19 18:30:13 - [MESSAGE][PASSED] - Delayed 2 second(s)

2018-05-19 18:30:13 - [TEST_STEP][PASSED] - Statement - RequestedQty = com.kms.katalon.core.webui.keyword.WebUiBuiltInKeywords.getAttribute(com.kms.katalon.core.testobject.ObjectRepository.findTestObject(HealthpostToStore/Page_Store/input_txttotal), "value"): Attribute 'value' of object 'Object Repository/HealthpostToStore/Page_Store/input_txttotal' is: '10'

2018-05-19 18:30:13 - [MESSAGE][PASSED] - Attribute 'value' of object 'Object Repository/HealthpostToStore/Page_Store/input_txttotal' is: '10'

2018-05-19 18:30:13 - [TEST_STEP][PASSED] - Statement - out.println("Requested QTY : " + RequestedQty): null

2018-05-19 18:30:13 - [TEST_STEP][PASSED] - Statement - BatchNumber = com.kms.katalon.core.webui.keyword.WebUiBuiltInKeywords.getNumberOfTotalOption(com.kms.katalon.core.testobject.ObjectRepository.findTestObject(HealthpostToStore/Page_Store/select_--Select--BA1170BA2376B)): 3 options of object 'Object Repository/HealthpostToStore/Page_Store/select_--Select--BA1170BA2376B' counted

2018-05-19 18:30:13 - [MESSAGE][PASSED] - 3 options of object 'Object Repository/HealthpostToStore/Page_Store/select_--Select--BA1170BA2376B' counted

2018-05-19 18:30:13 - [TEST_STEP][PASSED] - Statement - For ([g = 1, g <= BatchNumber - 1, (g++)]): null

2018-05-19 18:30:13 - [TEST_STEP][PASSED] - selectOptionByIndex: All options with index in [1] are selected on object 'Object Repository/HealthpostToStore/Page_Store/select_--Select--BA1170BA2376B'

2018-05-19 18:30:14 - [MESSAGE][PASSED] - All options with index in [1] are selected on object 'Object Repository/HealthpostToStore/Page_Store/select_--Select--BA1170BA2376B'

2018-05-19 18:30:14 - [TEST_STEP][PASSED] - Statement - Try: null

2018-05-19 18:30:14 - [TEST_STEP][PASSED] - Statement - StockQty = com.kms.katalon.core.webui.keyword.WebUiBuiltInKeywords.getAttribute(com.kms.katalon.core.testobject.ObjectRepository.findTestObject(HealthpostToStore/Page_Store/input_txtprice), "value"): Attribute 'value' of object 'Object Repository/HealthpostToStore/Page_Store/input_txtprice' is: '1900'

2018-05-19 18:30:14 - [MESSAGE][PASSED] - Attribute 'value' of object 'Object Repository/HealthpostToStore/Page_Store/input_txtprice' is: '1900'

2018-05-19 18:30:14 - [TEST_STEP][PASSED] - Statement - out.println("Stock QTY : " + StockQty): null

2018-05-19 18:30:14 - [TEST_STEP][PASSED] - delay: Delayed 2 second(s)

2018-05-19 18:30:16 - [MESSAGE][PASSED] - Delayed 2 second(s)

2018-05-19 18:30:16 - [TEST_STEP][PASSED] - Statement - If (java.lang.String.valueOf(StockQty) >= java.lang.String.valueOf(RequestedQty)): null

2018-05-19 18:30:16 - [TEST_STEP][PASSED] - setText: Text '10' is set on object 'Object Repository/HealthpostToStore/Page_Store/input_txtqty'

2018-05-19 18:30:16 - [MESSAGE][PASSED] - Text '10' is set on object 'Object Repository/HealthpostToStore/Page_Store/input_txtqty'

2018-05-19 18:30:16 - [TEST_STEP][PASSED] - click: Object: 'Object Repository/HealthpostToStore/Page_Store/button_Add' is clicked on

2018-05-19 18:30:16 - [MESSAGE][PASSED] - Object: 'Object Repository/HealthpostToStore/Page_Store/button_Add' is clicked on

2018-05-19 18:30:16 - [TEST_STEP][PASSED] - Statement - Break: null

2018-05-19 18:30:16 - [TEST_STEP][PASSED] - selectOptionByIndex: All options with index in [16] are selected on object 'Object Repository/HealthpostToStore/Page_Store/select_--Select--Adernaline 0.'

2018-05-19 18:30:16 - [MESSAGE][PASSED] - All options with index in [16] are selected on object 'Object Repository/HealthpostToStore/Page_Store/select_--Select--Adernaline 0.'

2018-05-19 18:30:16 - [TEST_STEP][PASSED] - delay: Delayed 2 second(s)

2018-05-19 18:30:18 - [MESSAGE][PASSED] - Delayed 2 second(s)

2018-05-19 18:30:18 - [TEST_STEP][PASSED] - Statement - RequestedQty = com.kms.katalon.core.webui.keyword.WebUiBuiltInKeywords.getAttribute(com.kms.katalon.core.testobject.ObjectRepository.findTestObject(HealthpostToStore/Page_Store/input_txttotal), "value"): Attribute 'value' of object 'Object Repository/HealthpostToStore/Page_Store/input_txttotal' is: '10'

2018-05-19 18:30:18 - [MESSAGE][PASSED] - Attribute 'value' of object 'Object Repository/HealthpostToStore/Page_Store/input_txttotal' is: '10'

2018-05-19 18:30:18 - [TEST_STEP][PASSED] - Statement - out.println("Requested QTY : " + RequestedQty): null

2018-05-19 18:30:18 - [TEST_STEP][PASSED] - Statement - BatchNumber = com.kms.katalon.core.webui.keyword.WebUiBuiltInKeywords.getNumberOfTotalOption(com.kms.katalon.core.testobject.ObjectRepository.findTestObject(HealthpostToStore/Page_Store/select_--Select--BA1170BA2376B)): 2 options of object 'Object Repository/HealthpostToStore/Page_Store/select_--Select--BA1170BA2376B' counted

2018-05-19 18:30:18 - [MESSAGE][PASSED] - 2 options of object 'Object Repository/HealthpostToStore/Page_Store/select_--Select--BA1170BA2376B' counted

2018-05-19 18:30:18 - [TEST_STEP][PASSED] - Statement - For ([g = 1, g <= BatchNumber - 1, (g++)]): null

2018-05-19 18:30:18 - [TEST_STEP][PASSED] - selectOptionByIndex: All options with index in [1] are selected on object 'Object Repository/HealthpostToStore/Page_Store/select_--Select--BA1170BA2376B'

2018-05-19 18:30:18 - [MESSAGE][PASSED] - All options with index in [1] are selected on object 'Object Repository/HealthpostToStore/Page_Store/select_--Select--BA1170BA2376B'

2018-05-19 18:30:18 - [TEST_STEP][PASSED] - Statement - Try: null

2018-05-19 18:30:18 - [TEST_STEP][PASSED] - Statement - StockQty = com.kms.katalon.core.webui.keyword.WebUiBuiltInKeywords.getAttribute(com.kms.katalon.core.testobject.ObjectRepository.findTestObject(HealthpostToStore/Page_Store/input_txtprice), "value"): Attribute 'value' of object 'Object Repository/HealthpostToStore/Page_Store/input_txtprice' is: '35'

2018-05-19 18:30:18 - [MESSAGE][PASSED] - Attribute 'value' of object 'Object Repository/HealthpostToStore/Page_Store/input_txtprice' is: '35'

2018-05-19 18:30:18 - [TEST_STEP][PASSED] - Statement - out.println("Stock QTY : " + StockQty): null

2018-05-19 18:30:18 - [TEST_STEP][PASSED] - delay: Delayed 2 second(s)

2018-05-19 18:30:20 - [MESSAGE][PASSED] - Delayed 2 second(s)

2018-05-19 18:30:20 - [TEST_STEP][PASSED] - Statement - If (java.lang.String.valueOf(StockQty) >= java.lang.String.valueOf(RequestedQty)): null

2018-05-19 18:30:20 - [TEST_STEP][PASSED] - setText: Text '10' is set on object 'Object Repository/HealthpostToStore/Page_Store/input_txtqty'

2018-05-19 18:30:20 - [MESSAGE][PASSED] - Text '10' is set on object 'Object Repository/HealthpostToStore/Page_Store/input_txtqty'

2018-05-19 18:30:20 - [TEST_STEP][PASSED] - click: Object: 'Object Repository/HealthpostToStore/Page_Store/button_Add' is clicked on

2018-05-19 18:30:20 - [MESSAGE][PASSED] - Object: 'Object Repository/HealthpostToStore/Page_Store/button_Add' is clicked on

2018-05-19 18:30:20 - [TEST_STEP][PASSED] - Statement - Break: null

2018-05-19 18:30:20 - [TEST_STEP][PASSED] - scrollToElement: Scroll to object 'Object Repository/HealthpostToStore/Page_Store/input_btnSubmit' successfully

2018-05-19 18:30:20 - [MESSAGE][PASSED] - Scroll to object 'Object Repository/HealthpostToStore/Page_Store/input_btnSubmit' successfully

2018-05-19 18:30:20 - [TEST_STEP][PASSED] - click: Object: 'Object Repository/HealthpostToStore/Page_Store/input_btnSubmit' is clicked on

2018-05-19 18:30:21 - [MESSAGE][PASSED] - Object: 'Object Repository/HealthpostToStore/Page_Store/input_btnSubmit' is clicked on

2018-05-19 18:30:21 - [TEST_STEP][PASSED] - delay: Delayed 3 second(s)

2018-05-19 18:30:24 - [MESSAGE][PASSED] - Delayed 3 second(s)

2018-05-19 18:30:24 - [TEST_STEP][PASSED] - click: Object: 'Object Repository/HealthpostToStore/Page_Store/button_OK' is clicked on

2018-05-19 18:30:24 - [MESSAGE][PASSED] - Object: 'Object Repository/HealthpostToStore/Page_Store/button_OK' is clicked on

2018-05-19 18:30:24 - [TEST_STEP][PASSED] - delay: Delayed 3 second(s)

2018-05-19 18:30:27 - [MESSAGE][PASSED] - Delayed 3 second(s)

2018-05-19 18:30:27 - [TEST_STEP][PASSED] - click: Object: 'Object Repository/HealthpostToStore/Page_Store/a_dropdown-toggle' is clicked on

2018-05-19 18:30:27 - [MESSAGE][PASSED] - Object: 'Object Repository/HealthpostToStore/Page_Store/a_dropdown-toggle' is clicked on

2018-05-19 18:30:27 - [TEST_STEP][PASSED] - click: Object: 'Object Repository/HealthpostToStore/Page_Store/a_Sign out' is clicked on

2018-05-19 18:30:28 - [MESSAGE][PASSED] - Object: 'Object Repository/HealthpostToStore/Page_Store/a_Sign out' is clicked on

2018-05-19 18:30:28 - [TEST_STEP][PASSED] - closeBrowser: Browser is closed

2018-05-19 18:30:28 - [MESSAGE][PASSED] - Browser is closed]]></system-out>
         <system-err><![CDATA[]]></system-err>
      </testcase>
      <testcase name="Test Cases/HEALTHPOST TEST CASES/TC_HP_006 Verify Schedule 6 Healthpost Request Are Working Successfully Or Not" classname="Test Cases/HEALTHPOST TEST CASES/TC_HP_006 Verify Schedule 6 Healthpost Request Are Working Successfully Or Not" status="PASSED">
         <system-out><![CDATA[2018-05-19 18:30:28 - [TEST_CASE][PASSED] - Test Cases/HEALTHPOST TEST CASES/TC_HP_006 Verify Schedule 6 Healthpost Request Are Working Successfully Or Not: Test Cases/HEALTHPOST TEST CASES/TC_HP_006 Verify Schedule 6 Healthpost Request Are Working Successfully Or Not

2018-05-19 18:30:29 - [TEST_STEP][PASSED] - openBrowser: Browser is opened with url: ''

2018-05-19 18:30:31 - [MESSAGE][PASSED] - Browser is opened with url: ''

2018-05-19 18:30:31 - [TEST_STEP][PASSED] - navigateToUrl: Navigate to 'http://192.168.137.1/multihospital_new/HDSplashscreen.aspx' successfully

2018-05-19 18:30:35 - [MESSAGE][PASSED] - Navigate to 'http://192.168.137.1/multihospital_new/HDSplashscreen.aspx' successfully

2018-05-19 18:30:35 - [TEST_STEP][PASSED] - maximizeWindow: Current window maximized

2018-05-19 18:30:36 - [MESSAGE][PASSED] - Current window maximized

2018-05-19 18:30:36 - [TEST_STEP][PASSED] - click: Object: 'Object Repository/HealthpostToStore/Page_KDMC/a_Healthpost Store' is clicked on

2018-05-19 18:30:37 - [MESSAGE][PASSED] - Object: 'Object Repository/HealthpostToStore/Page_KDMC/a_Healthpost Store' is clicked on

2018-05-19 18:30:37 - [TEST_STEP][PASSED] - setText: Text 'raguram' is set on object 'Object Repository/HealthpostToStore/Page_HealthPost Store Login/input_txtusername'

2018-05-19 18:30:37 - [MESSAGE][PASSED] - Text 'raguram' is set on object 'Object Repository/HealthpostToStore/Page_HealthPost Store Login/input_txtusername'

2018-05-19 18:30:37 - [TEST_STEP][PASSED] - setText: Text '123' is set on object 'Object Repository/HealthpostToStore/Page_HealthPost Store Login/input_txtpassword'

2018-05-19 18:30:37 - [MESSAGE][PASSED] - Text '123' is set on object 'Object Repository/HealthpostToStore/Page_HealthPost Store Login/input_txtpassword'

2018-05-19 18:30:37 - [TEST_STEP][PASSED] - delay: Delayed 3 second(s)

2018-05-19 18:30:40 - [MESSAGE][PASSED] - Delayed 3 second(s)

2018-05-19 18:30:40 - [TEST_STEP][PASSED] - sendKeys: Keys 'ENTER + ' sent to object: 'Object Repository/HealthpostToStore/Page_HealthPost Store Login/input_txtpassword'

2018-05-19 18:30:41 - [MESSAGE][PASSED] - Keys 'ENTER + ' sent to object: 'Object Repository/HealthpostToStore/Page_HealthPost Store Login/input_txtpassword'

2018-05-19 18:30:41 - [TEST_STEP][PASSED] - delay: Delayed 3 second(s)

2018-05-19 18:30:44 - [MESSAGE][PASSED] - Delayed 3 second(s)

2018-05-19 18:30:44 - [TEST_STEP][PASSED] - doubleClick: Object: 'Object Repository/HealthpostToStore/Page_HealthPost Store/a_Request to Store' is double clicked on

2018-05-19 18:30:44 - [MESSAGE][PASSED] - Object: 'Object Repository/HealthpostToStore/Page_HealthPost Store/a_Request to Store' is double clicked on

2018-05-19 18:30:44 - [TEST_STEP][PASSED] - doubleClick: Object: 'Object Repository/HealthpostToStore/Page_HealthPost Store/a_Medicine Request' is double clicked on

2018-05-19 18:30:46 - [MESSAGE][PASSED] - Object: 'Object Repository/HealthpostToStore/Page_HealthPost Store/a_Medicine Request' is double clicked on

2018-05-19 18:30:46 - [TEST_STEP][PASSED] - selectOptionByIndex: All options with index in [6] are selected on object 'Object Repository/HealthpostToStore/Page_HealthPost Store/select_--Select--Schedule 1Inj'

2018-05-19 18:30:47 - [MESSAGE][PASSED] - All options with index in [6] are selected on object 'Object Repository/HealthpostToStore/Page_HealthPost Store/select_--Select--Schedule 1Inj'

2018-05-19 18:30:47 - [TEST_STEP][PASSED] - Statement - medicineslength = com.kms.katalon.core.webui.keyword.WebUiBuiltInKeywords.getNumberOfTotalOption(com.kms.katalon.core.testobject.ObjectRepository.findTestObject(HealthpostToStore/Page_HealthPost Store/select_--Select--Adernaline 0.)): 14 options of object 'Object Repository/HealthpostToStore/Page_HealthPost Store/select_--Select--Adernaline 0.' counted

2018-05-19 18:30:47 - [MESSAGE][PASSED] - 14 options of object 'Object Repository/HealthpostToStore/Page_HealthPost Store/select_--Select--Adernaline 0.' counted

2018-05-19 18:30:47 - [TEST_STEP][PASSED] - Statement - For ([e = 1, e <= 5 - 1, (e++)]): Object: 'Object Repository/HealthpostToStore/Page_HealthPost Store/button_Add' is double clicked on

2018-05-19 18:30:47 - [TEST_STEP][PASSED] - selectOptionByIndex: All options with index in [6] are selected on object 'Object Repository/HealthpostToStore/Page_HealthPost Store/select_--Select--Schedule 1Inj'

2018-05-19 18:30:47 - [MESSAGE][PASSED] - All options with index in [6] are selected on object 'Object Repository/HealthpostToStore/Page_HealthPost Store/select_--Select--Schedule 1Inj'

2018-05-19 18:30:47 - [TEST_STEP][PASSED] - selectOptionByIndex: All options with index in [1] are selected on object 'Object Repository/HealthpostToStore/Page_HealthPost Store/select_--Select--Adernaline 0.'

2018-05-19 18:30:47 - [MESSAGE][PASSED] - All options with index in [1] are selected on object 'Object Repository/HealthpostToStore/Page_HealthPost Store/select_--Select--Adernaline 0.'

2018-05-19 18:30:47 - [TEST_STEP][PASSED] - setText: Text '10' is set on object 'Object Repository/HealthpostToStore/Page_HealthPost Store/input_txttreat'

2018-05-19 18:30:47 - [MESSAGE][PASSED] - Text '10' is set on object 'Object Repository/HealthpostToStore/Page_HealthPost Store/input_txttreat'

2018-05-19 18:30:47 - [TEST_STEP][PASSED] - doubleClick: Object: 'Object Repository/HealthpostToStore/Page_HealthPost Store/button_Add' is double clicked on

2018-05-19 18:30:47 - [MESSAGE][PASSED] - Object: 'Object Repository/HealthpostToStore/Page_HealthPost Store/button_Add' is double clicked on

2018-05-19 18:30:47 - [TEST_STEP][PASSED] - selectOptionByIndex: All options with index in [6] are selected on object 'Object Repository/HealthpostToStore/Page_HealthPost Store/select_--Select--Schedule 1Inj'

2018-05-19 18:30:47 - [MESSAGE][PASSED] - All options with index in [6] are selected on object 'Object Repository/HealthpostToStore/Page_HealthPost Store/select_--Select--Schedule 1Inj'

2018-05-19 18:30:47 - [TEST_STEP][PASSED] - selectOptionByIndex: All options with index in [2] are selected on object 'Object Repository/HealthpostToStore/Page_HealthPost Store/select_--Select--Adernaline 0.'

2018-05-19 18:30:47 - [MESSAGE][PASSED] - All options with index in [2] are selected on object 'Object Repository/HealthpostToStore/Page_HealthPost Store/select_--Select--Adernaline 0.'

2018-05-19 18:30:47 - [TEST_STEP][PASSED] - setText: Text '10' is set on object 'Object Repository/HealthpostToStore/Page_HealthPost Store/input_txttreat'

2018-05-19 18:30:48 - [MESSAGE][PASSED] - Text '10' is set on object 'Object Repository/HealthpostToStore/Page_HealthPost Store/input_txttreat'

2018-05-19 18:30:48 - [TEST_STEP][PASSED] - doubleClick: Object: 'Object Repository/HealthpostToStore/Page_HealthPost Store/button_Add' is double clicked on

2018-05-19 18:30:48 - [MESSAGE][PASSED] - Object: 'Object Repository/HealthpostToStore/Page_HealthPost Store/button_Add' is double clicked on

2018-05-19 18:30:48 - [TEST_STEP][PASSED] - selectOptionByIndex: All options with index in [6] are selected on object 'Object Repository/HealthpostToStore/Page_HealthPost Store/select_--Select--Schedule 1Inj'

2018-05-19 18:30:48 - [MESSAGE][PASSED] - All options with index in [6] are selected on object 'Object Repository/HealthpostToStore/Page_HealthPost Store/select_--Select--Schedule 1Inj'

2018-05-19 18:30:48 - [TEST_STEP][PASSED] - selectOptionByIndex: All options with index in [3] are selected on object 'Object Repository/HealthpostToStore/Page_HealthPost Store/select_--Select--Adernaline 0.'

2018-05-19 18:30:48 - [MESSAGE][PASSED] - All options with index in [3] are selected on object 'Object Repository/HealthpostToStore/Page_HealthPost Store/select_--Select--Adernaline 0.'

2018-05-19 18:30:48 - [TEST_STEP][PASSED] - setText: Text '10' is set on object 'Object Repository/HealthpostToStore/Page_HealthPost Store/input_txttreat'

2018-05-19 18:30:48 - [MESSAGE][PASSED] - Text '10' is set on object 'Object Repository/HealthpostToStore/Page_HealthPost Store/input_txttreat'

2018-05-19 18:30:48 - [TEST_STEP][PASSED] - doubleClick: Object: 'Object Repository/HealthpostToStore/Page_HealthPost Store/button_Add' is double clicked on

2018-05-19 18:30:48 - [MESSAGE][PASSED] - Object: 'Object Repository/HealthpostToStore/Page_HealthPost Store/button_Add' is double clicked on

2018-05-19 18:30:48 - [TEST_STEP][PASSED] - selectOptionByIndex: All options with index in [6] are selected on object 'Object Repository/HealthpostToStore/Page_HealthPost Store/select_--Select--Schedule 1Inj'

2018-05-19 18:30:48 - [MESSAGE][PASSED] - All options with index in [6] are selected on object 'Object Repository/HealthpostToStore/Page_HealthPost Store/select_--Select--Schedule 1Inj'

2018-05-19 18:30:48 - [TEST_STEP][PASSED] - selectOptionByIndex: All options with index in [4] are selected on object 'Object Repository/HealthpostToStore/Page_HealthPost Store/select_--Select--Adernaline 0.'

2018-05-19 18:30:49 - [MESSAGE][PASSED] - All options with index in [4] are selected on object 'Object Repository/HealthpostToStore/Page_HealthPost Store/select_--Select--Adernaline 0.'

2018-05-19 18:30:49 - [TEST_STEP][PASSED] - setText: Text '10' is set on object 'Object Repository/HealthpostToStore/Page_HealthPost Store/input_txttreat'

2018-05-19 18:30:49 - [MESSAGE][PASSED] - Text '10' is set on object 'Object Repository/HealthpostToStore/Page_HealthPost Store/input_txttreat'

2018-05-19 18:30:49 - [TEST_STEP][PASSED] - doubleClick: Object: 'Object Repository/HealthpostToStore/Page_HealthPost Store/button_Add' is double clicked on

2018-05-19 18:30:49 - [MESSAGE][PASSED] - Object: 'Object Repository/HealthpostToStore/Page_HealthPost Store/button_Add' is double clicked on

2018-05-19 18:30:49 - [TEST_STEP][PASSED] - scrollToElement: Scroll to object 'Object Repository/HealthpostToStore/Page_HealthPost Store/input_btnsave' successfully

2018-05-19 18:30:49 - [MESSAGE][PASSED] - Scroll to object 'Object Repository/HealthpostToStore/Page_HealthPost Store/input_btnsave' successfully

2018-05-19 18:30:49 - [TEST_STEP][PASSED] - click: Object: 'Object Repository/HealthpostToStore/Page_HealthPost Store/input_btnsave' is clicked on

2018-05-19 18:30:49 - [MESSAGE][PASSED] - Object: 'Object Repository/HealthpostToStore/Page_HealthPost Store/input_btnsave' is clicked on

2018-05-19 18:30:49 - [TEST_STEP][PASSED] - delay: Delayed 3 second(s)

2018-05-19 18:30:52 - [MESSAGE][PASSED] - Delayed 3 second(s)

2018-05-19 18:30:52 - [TEST_STEP][PASSED] - Statement - RN1 = com.kms.katalon.core.webui.keyword.WebUiBuiltInKeywords.getText(com.kms.katalon.core.testobject.ObjectRepository.findTestObject(HealthpostToStore/Page_HealthPost Store/font_HPRNO180520187)): Text of object 'Object Repository/HealthpostToStore/Page_HealthPost Store/font_HPRNO180520187' is: 'HPRNO/19052018/49'

2018-05-19 18:30:52 - [MESSAGE][PASSED] - Text of object 'Object Repository/HealthpostToStore/Page_HealthPost Store/font_HPRNO180520187' is: 'HPRNO/19052018/49'

2018-05-19 18:30:52 - [TEST_STEP][PASSED] - Statement - out.println(RN1): null

2018-05-19 18:30:52 - [TEST_STEP][PASSED] - Statement - RID = RN1.split("/")[2]: null

2018-05-19 18:30:52 - [TEST_STEP][PASSED] - click: Object: 'Object Repository/HealthpostToStore/Page_HealthPost Store/button_OK' is clicked on

2018-05-19 18:30:55 - [MESSAGE][PASSED] - Object: 'Object Repository/HealthpostToStore/Page_HealthPost Store/button_OK' is clicked on

2018-05-19 18:30:55 - [TEST_STEP][PASSED] - delay: Delayed 3 second(s)

2018-05-19 18:30:58 - [MESSAGE][PASSED] - Delayed 3 second(s)

2018-05-19 18:30:58 - [TEST_STEP][PASSED] - click: Object: 'Object Repository/HealthpostToStore/Page_HealthPost Store/a_dropdown-toggle' is clicked on

2018-05-19 18:30:59 - [MESSAGE][PASSED] - Object: 'Object Repository/HealthpostToStore/Page_HealthPost Store/a_dropdown-toggle' is clicked on

2018-05-19 18:30:59 - [TEST_STEP][PASSED] - click: Object: 'Object Repository/HealthpostToStore/Page_HealthPost Store/a_Sign out' is clicked on

2018-05-19 18:30:59 - [MESSAGE][PASSED] - Object: 'Object Repository/HealthpostToStore/Page_HealthPost Store/a_Sign out' is clicked on

2018-05-19 18:30:59 - [TEST_STEP][PASSED] - delay: Delayed 3 second(s)

2018-05-19 18:31:02 - [MESSAGE][PASSED] - Delayed 3 second(s)

2018-05-19 18:31:02 - [TEST_STEP][PASSED] - navigateToUrl: Navigate to 'http://192.168.137.1/multihospital_new/' successfully

2018-05-19 18:31:03 - [MESSAGE][PASSED] - Navigate to 'http://192.168.137.1/multihospital_new/' successfully

2018-05-19 18:31:03 - [TEST_STEP][PASSED] - click: Object: 'Object Repository/HealthpostToStore/Page_KDMC/a_CMO' is clicked on

2018-05-19 18:31:04 - [MESSAGE][PASSED] - Object: 'Object Repository/HealthpostToStore/Page_KDMC/a_CMO' is clicked on

2018-05-19 18:31:04 - [TEST_STEP][PASSED] - setText: Text 'guru' is set on object 'Object Repository/HealthpostToStore/Page_CMO login/input_txtusername'

2018-05-19 18:31:04 - [MESSAGE][PASSED] - Text 'guru' is set on object 'Object Repository/HealthpostToStore/Page_CMO login/input_txtusername'

2018-05-19 18:31:04 - [TEST_STEP][PASSED] - setText: Text '123' is set on object 'Object Repository/HealthpostToStore/Page_CMO login/input_txtpassword'

2018-05-19 18:31:04 - [MESSAGE][PASSED] - Text '123' is set on object 'Object Repository/HealthpostToStore/Page_CMO login/input_txtpassword'

2018-05-19 18:31:04 - [TEST_STEP][PASSED] - delay: Delayed 3 second(s)

2018-05-19 18:31:07 - [MESSAGE][PASSED] - Delayed 3 second(s)

2018-05-19 18:31:07 - [TEST_STEP][PASSED] - click: Object: 'Object Repository/HealthpostToStore/Page_CMO login/button_Sign in' is clicked on

2018-05-19 18:31:09 - [MESSAGE][PASSED] - Object: 'Object Repository/HealthpostToStore/Page_CMO login/button_Sign in' is clicked on

2018-05-19 18:31:09 - [TEST_STEP][PASSED] - click: Object: 'Object Repository/HealthpostToStore/Page_KDMC - CMO/a_Department Wise Request' is clicked on

2018-05-19 18:31:11 - [MESSAGE][PASSED] - Object: 'Object Repository/HealthpostToStore/Page_KDMC - CMO/a_Department Wise Request' is clicked on

2018-05-19 18:31:11 - [TEST_STEP][PASSED] - delay: Delayed 2 second(s)

2018-05-19 18:31:13 - [MESSAGE][PASSED] - Delayed 2 second(s)

2018-05-19 18:31:13 - [TEST_STEP][PASSED] - selectOptionByIndex: All options with index in [5] are selected on object 'Object Repository/HealthpostToStore/Page_KDMC - CMO/select_--ALL--'

2018-05-19 18:31:13 - [MESSAGE][PASSED] - All options with index in [5] are selected on object 'Object Repository/HealthpostToStore/Page_KDMC - CMO/select_--ALL--'

2018-05-19 18:31:13 - [TEST_STEP][PASSED] - click: Object: 'Object Repository/HealthpostToStore/Page_KDMC - CMO/input_btnsearch' is clicked on

2018-05-19 18:31:13 - [MESSAGE][PASSED] - Object: 'Object Repository/HealthpostToStore/Page_KDMC - CMO/input_btnsearch' is clicked on

2018-05-19 18:31:13 - [TEST_STEP][PASSED] - selectOptionByIndex: All options with index in [1] are selected on object 'Object Repository/HealthpostToStore/Page_KDMC - CMO/select_--ALL--                _1'

2018-05-19 18:31:13 - [MESSAGE][PASSED] - All options with index in [1] are selected on object 'Object Repository/HealthpostToStore/Page_KDMC - CMO/select_--ALL--                _1'

2018-05-19 18:31:13 - [TEST_STEP][PASSED] - click: Object: 'Object Repository/HealthpostToStore/Page_KDMC - CMO/input_btnsearch' is clicked on

2018-05-19 18:31:13 - [MESSAGE][PASSED] - Object: 'Object Repository/HealthpostToStore/Page_KDMC - CMO/input_btnsearch' is clicked on

2018-05-19 18:31:13 - [TEST_STEP][PASSED] - Statement - ID = com.kms.katalon.core.webui.keyword.WebUiBuiltInKeywords.modifyObjectProperty(com.kms.katalon.core.testobject.ObjectRepository.findTestObject(lab/Page_KDMC - CMO/input_1), "xpath", "equals", "//*[@id=" + RID + "]", true): Modify property of object successfully

2018-05-19 18:31:13 - [MESSAGE][PASSED] - Modify property of object successfully

2018-05-19 18:31:13 - [TEST_STEP][PASSED] - click: Object: 'Object Repository/lab/Page_KDMC - CMO/input_1' is clicked on

2018-05-19 18:31:14 - [MESSAGE][PASSED] - Object: 'Object Repository/lab/Page_KDMC - CMO/input_1' is clicked on

2018-05-19 18:31:14 - [TEST_STEP][PASSED] - delay: Delayed 2 second(s)

2018-05-19 18:31:16 - [MESSAGE][PASSED] - Delayed 2 second(s)

2018-05-19 18:31:16 - [TEST_STEP][PASSED] - selectOptionByIndex: All options with index in [1] are selected on object 'Object Repository/HealthpostToStore/Page_KDMC - CMO/select_--Select--'

2018-05-19 18:31:16 - [MESSAGE][PASSED] - All options with index in [1] are selected on object 'Object Repository/HealthpostToStore/Page_KDMC - CMO/select_--Select--'

2018-05-19 18:31:16 - [TEST_STEP][PASSED] - click: Object: 'Object Repository/HealthpostToStore/Page_KDMC - CMO/input_btnupdate' is clicked on

2018-05-19 18:31:16 - [MESSAGE][PASSED] - Object: 'Object Repository/HealthpostToStore/Page_KDMC - CMO/input_btnupdate' is clicked on

2018-05-19 18:31:16 - [TEST_STEP][PASSED] - delay: Delayed 2 second(s)

2018-05-19 18:31:18 - [MESSAGE][PASSED] - Delayed 2 second(s)

2018-05-19 18:31:18 - [TEST_STEP][PASSED] - click: Object: 'Object Repository/HealthpostToStore/Page_KDMC - CMO/button_OK' is clicked on

2018-05-19 18:31:19 - [MESSAGE][PASSED] - Object: 'Object Repository/HealthpostToStore/Page_KDMC - CMO/button_OK' is clicked on

2018-05-19 18:31:19 - [TEST_STEP][PASSED] - delay: Delayed 2 second(s)

2018-05-19 18:31:21 - [MESSAGE][PASSED] - Delayed 2 second(s)

2018-05-19 18:31:21 - [TEST_STEP][PASSED] - click: Object: 'Object Repository/HealthpostToStore/Page_KDMC - CMO/a_dropdown-toggle' is clicked on

2018-05-19 18:31:21 - [MESSAGE][PASSED] - Object: 'Object Repository/HealthpostToStore/Page_KDMC - CMO/a_dropdown-toggle' is clicked on

2018-05-19 18:31:21 - [TEST_STEP][PASSED] - click: Object: 'Object Repository/HealthpostToStore/Page_KDMC - CMO/a_Sign out' is clicked on

2018-05-19 18:31:22 - [MESSAGE][PASSED] - Object: 'Object Repository/HealthpostToStore/Page_KDMC - CMO/a_Sign out' is clicked on

2018-05-19 18:31:22 - [TEST_STEP][PASSED] - delay: Delayed 3 second(s)

2018-05-19 18:31:25 - [MESSAGE][PASSED] - Delayed 3 second(s)

2018-05-19 18:31:25 - [TEST_STEP][PASSED] - click: Object: 'Object Repository/HealthpostToStore/Page_KDMC/a_Divisional Store' is clicked on

2018-05-19 18:31:25 - [MESSAGE][PASSED] - Object: 'Object Repository/HealthpostToStore/Page_KDMC/a_Divisional Store' is clicked on

2018-05-19 18:31:25 - [TEST_STEP][PASSED] - setText: Text 'ragu' is set on object 'Object Repository/HealthpostToStore/Page_Divisonal Store Login/input_txtusername'

2018-05-19 18:31:25 - [MESSAGE][PASSED] - Text 'ragu' is set on object 'Object Repository/HealthpostToStore/Page_Divisonal Store Login/input_txtusername'

2018-05-19 18:31:25 - [TEST_STEP][PASSED] - setText: Text '123' is set on object 'Object Repository/HealthpostToStore/Page_Divisonal Store Login/input_txtpassword'

2018-05-19 18:31:25 - [MESSAGE][PASSED] - Text '123' is set on object 'Object Repository/HealthpostToStore/Page_Divisonal Store Login/input_txtpassword'

2018-05-19 18:31:25 - [TEST_STEP][PASSED] - delay: Delayed 3 second(s)

2018-05-19 18:31:28 - [MESSAGE][PASSED] - Delayed 3 second(s)

2018-05-19 18:31:28 - [TEST_STEP][PASSED] - click: Object: 'Object Repository/HealthpostToStore/Page_Divisonal Store Login/button_Sign in' is clicked on

2018-05-19 18:31:30 - [MESSAGE][PASSED] - Object: 'Object Repository/HealthpostToStore/Page_Divisonal Store Login/button_Sign in' is clicked on

2018-05-19 18:31:30 - [TEST_STEP][PASSED] - delay: Delayed 3 second(s)

2018-05-19 18:31:33 - [MESSAGE][PASSED] - Delayed 3 second(s)

2018-05-19 18:31:33 - [TEST_STEP][PASSED] - click: Object: 'Object Repository/HealthpostToStore/Page_Store/a_Health Post Request' is clicked on

2018-05-19 18:31:33 - [MESSAGE][PASSED] - Object: 'Object Repository/HealthpostToStore/Page_Store/a_Health Post Request' is clicked on

2018-05-19 18:31:33 - [TEST_STEP][PASSED] - click: Object: 'Object Repository/HealthpostToStore/Page_Store/a_Request Item HealthPost' is clicked on

2018-05-19 18:31:34 - [MESSAGE][PASSED] - Object: 'Object Repository/HealthpostToStore/Page_Store/a_Request Item HealthPost' is clicked on

2018-05-19 18:31:34 - [TEST_STEP][PASSED] - Statement - ChooseRequest = com.kms.katalon.core.webui.keyword.WebUiBuiltInKeywords.modifyObjectProperty(com.kms.katalon.core.testobject.ObjectRepository.findTestObject(lab/Page_Store/input_1), "xpath", "equals", "//*[@id=" + RID + "]", true): Modify property of object successfully

2018-05-19 18:31:34 - [MESSAGE][PASSED] - Modify property of object successfully

2018-05-19 18:31:34 - [TEST_STEP][PASSED] - click: Object: 'Object Repository/lab/Page_Store/input_1' is clicked on

2018-05-19 18:31:34 - [MESSAGE][PASSED] - Object: 'Object Repository/lab/Page_Store/input_1' is clicked on

2018-05-19 18:31:34 - [TEST_STEP][PASSED] - Statement - selectedoptions = com.kms.katalon.core.webui.keyword.WebUiBuiltInKeywords.getNumberOfTotalOption(com.kms.katalon.core.testobject.ObjectRepository.findTestObject(HealthpostToStore/Page_Store/select_--Select--Adernaline 0.)): 5 options of object 'Object Repository/HealthpostToStore/Page_Store/select_--Select--Adernaline 0.' counted

2018-05-19 18:31:34 - [MESSAGE][PASSED] - 5 options of object 'Object Repository/HealthpostToStore/Page_Store/select_--Select--Adernaline 0.' counted

2018-05-19 18:31:34 - [TEST_STEP][PASSED] - Statement - For ([a = 1, a <= selectedoptions - 1, (a++)]): null

2018-05-19 18:31:34 - [TEST_STEP][PASSED] - selectOptionByIndex: All options with index in [1] are selected on object 'Object Repository/HealthpostToStore/Page_Store/select_--Select--Adernaline 0.'

2018-05-19 18:31:34 - [MESSAGE][PASSED] - All options with index in [1] are selected on object 'Object Repository/HealthpostToStore/Page_Store/select_--Select--Adernaline 0.'

2018-05-19 18:31:34 - [TEST_STEP][PASSED] - delay: Delayed 2 second(s)

2018-05-19 18:31:36 - [MESSAGE][PASSED] - Delayed 2 second(s)

2018-05-19 18:31:36 - [TEST_STEP][PASSED] - Statement - RequestedQty = com.kms.katalon.core.webui.keyword.WebUiBuiltInKeywords.getAttribute(com.kms.katalon.core.testobject.ObjectRepository.findTestObject(HealthpostToStore/Page_Store/input_txttotal), "value"): Attribute 'value' of object 'Object Repository/HealthpostToStore/Page_Store/input_txttotal' is: '10'

2018-05-19 18:31:36 - [MESSAGE][PASSED] - Attribute 'value' of object 'Object Repository/HealthpostToStore/Page_Store/input_txttotal' is: '10'

2018-05-19 18:31:36 - [TEST_STEP][PASSED] - Statement - out.println("Requested QTY : " + RequestedQty): null

2018-05-19 18:31:36 - [TEST_STEP][PASSED] - Statement - BatchNumber = com.kms.katalon.core.webui.keyword.WebUiBuiltInKeywords.getNumberOfTotalOption(com.kms.katalon.core.testobject.ObjectRepository.findTestObject(HealthpostToStore/Page_Store/select_--Select--BA1170BA2376B)): 3 options of object 'Object Repository/HealthpostToStore/Page_Store/select_--Select--BA1170BA2376B' counted

2018-05-19 18:31:37 - [MESSAGE][PASSED] - 3 options of object 'Object Repository/HealthpostToStore/Page_Store/select_--Select--BA1170BA2376B' counted

2018-05-19 18:31:37 - [TEST_STEP][PASSED] - Statement - For ([g = 1, g <= BatchNumber - 1, (g++)]): null

2018-05-19 18:31:37 - [TEST_STEP][PASSED] - selectOptionByIndex: All options with index in [1] are selected on object 'Object Repository/HealthpostToStore/Page_Store/select_--Select--BA1170BA2376B'

2018-05-19 18:31:37 - [MESSAGE][PASSED] - All options with index in [1] are selected on object 'Object Repository/HealthpostToStore/Page_Store/select_--Select--BA1170BA2376B'

2018-05-19 18:31:37 - [TEST_STEP][PASSED] - Statement - Try: null

2018-05-19 18:31:37 - [TEST_STEP][PASSED] - Statement - StockQty = com.kms.katalon.core.webui.keyword.WebUiBuiltInKeywords.getAttribute(com.kms.katalon.core.testobject.ObjectRepository.findTestObject(HealthpostToStore/Page_Store/input_txtprice), "value"): Attribute 'value' of object 'Object Repository/HealthpostToStore/Page_Store/input_txtprice' is: '60'

2018-05-19 18:31:37 - [MESSAGE][PASSED] - Attribute 'value' of object 'Object Repository/HealthpostToStore/Page_Store/input_txtprice' is: '60'

2018-05-19 18:31:37 - [TEST_STEP][PASSED] - Statement - out.println("Stock QTY : " + StockQty): null

2018-05-19 18:31:37 - [TEST_STEP][PASSED] - delay: Delayed 2 second(s)

2018-05-19 18:31:39 - [MESSAGE][PASSED] - Delayed 2 second(s)

2018-05-19 18:31:39 - [TEST_STEP][PASSED] - Statement - If (java.lang.String.valueOf(StockQty) >= java.lang.String.valueOf(RequestedQty)): null

2018-05-19 18:31:39 - [TEST_STEP][PASSED] - setText: Text '10' is set on object 'Object Repository/HealthpostToStore/Page_Store/input_txtqty'

2018-05-19 18:31:39 - [MESSAGE][PASSED] - Text '10' is set on object 'Object Repository/HealthpostToStore/Page_Store/input_txtqty'

2018-05-19 18:31:39 - [TEST_STEP][PASSED] - click: Object: 'Object Repository/HealthpostToStore/Page_Store/button_Add' is clicked on

2018-05-19 18:31:39 - [MESSAGE][PASSED] - Object: 'Object Repository/HealthpostToStore/Page_Store/button_Add' is clicked on

2018-05-19 18:31:39 - [TEST_STEP][PASSED] - Statement - Break: null

2018-05-19 18:31:39 - [TEST_STEP][PASSED] - selectOptionByIndex: All options with index in [2] are selected on object 'Object Repository/HealthpostToStore/Page_Store/select_--Select--Adernaline 0.'

2018-05-19 18:31:39 - [MESSAGE][PASSED] - All options with index in [2] are selected on object 'Object Repository/HealthpostToStore/Page_Store/select_--Select--Adernaline 0.'

2018-05-19 18:31:39 - [TEST_STEP][PASSED] - delay: Delayed 2 second(s)

2018-05-19 18:31:41 - [MESSAGE][PASSED] - Delayed 2 second(s)

2018-05-19 18:31:41 - [TEST_STEP][PASSED] - Statement - RequestedQty = com.kms.katalon.core.webui.keyword.WebUiBuiltInKeywords.getAttribute(com.kms.katalon.core.testobject.ObjectRepository.findTestObject(HealthpostToStore/Page_Store/input_txttotal), "value"): Attribute 'value' of object 'Object Repository/HealthpostToStore/Page_Store/input_txttotal' is: '10'

2018-05-19 18:31:41 - [MESSAGE][PASSED] - Attribute 'value' of object 'Object Repository/HealthpostToStore/Page_Store/input_txttotal' is: '10'

2018-05-19 18:31:41 - [TEST_STEP][PASSED] - Statement - out.println("Requested QTY : " + RequestedQty): null

2018-05-19 18:31:41 - [TEST_STEP][PASSED] - Statement - BatchNumber = com.kms.katalon.core.webui.keyword.WebUiBuiltInKeywords.getNumberOfTotalOption(com.kms.katalon.core.testobject.ObjectRepository.findTestObject(HealthpostToStore/Page_Store/select_--Select--BA1170BA2376B)): 3 options of object 'Object Repository/HealthpostToStore/Page_Store/select_--Select--BA1170BA2376B' counted

2018-05-19 18:31:41 - [MESSAGE][PASSED] - 3 options of object 'Object Repository/HealthpostToStore/Page_Store/select_--Select--BA1170BA2376B' counted

2018-05-19 18:31:41 - [TEST_STEP][PASSED] - Statement - For ([g = 1, g <= BatchNumber - 1, (g++)]): null

2018-05-19 18:31:41 - [TEST_STEP][PASSED] - selectOptionByIndex: All options with index in [1] are selected on object 'Object Repository/HealthpostToStore/Page_Store/select_--Select--BA1170BA2376B'

2018-05-19 18:31:41 - [MESSAGE][PASSED] - All options with index in [1] are selected on object 'Object Repository/HealthpostToStore/Page_Store/select_--Select--BA1170BA2376B'

2018-05-19 18:31:41 - [TEST_STEP][PASSED] - Statement - Try: null

2018-05-19 18:31:41 - [TEST_STEP][PASSED] - Statement - StockQty = com.kms.katalon.core.webui.keyword.WebUiBuiltInKeywords.getAttribute(com.kms.katalon.core.testobject.ObjectRepository.findTestObject(HealthpostToStore/Page_Store/input_txtprice), "value"): Attribute 'value' of object 'Object Repository/HealthpostToStore/Page_Store/input_txtprice' is: ''

2018-05-19 18:31:41 - [MESSAGE][PASSED] - Attribute 'value' of object 'Object Repository/HealthpostToStore/Page_Store/input_txtprice' is: ''

2018-05-19 18:31:41 - [TEST_STEP][PASSED] - Statement - out.println("Stock QTY : " + StockQty): null

2018-05-19 18:31:41 - [TEST_STEP][PASSED] - delay: Delayed 2 second(s)

2018-05-19 18:31:43 - [MESSAGE][PASSED] - Delayed 2 second(s)

2018-05-19 18:31:43 - [TEST_STEP][PASSED] - Statement - If (java.lang.String.valueOf(StockQty) >= java.lang.String.valueOf(RequestedQty)): null

2018-05-19 18:31:43 - [TEST_STEP][PASSED] - Statement - Else: null

2018-05-19 18:31:43 - [TEST_STEP][PASSED] - Statement - out.println("Stock Is Less Than Requested Qty"): null

2018-05-19 18:31:43 - [TEST_STEP][PASSED] - selectOptionByIndex: All options with index in [2] are selected on object 'Object Repository/HealthpostToStore/Page_Store/select_--Select--BA1170BA2376B'

2018-05-19 18:31:44 - [MESSAGE][PASSED] - All options with index in [2] are selected on object 'Object Repository/HealthpostToStore/Page_Store/select_--Select--BA1170BA2376B'

2018-05-19 18:31:44 - [TEST_STEP][PASSED] - Statement - Try: null

2018-05-19 18:31:44 - [TEST_STEP][PASSED] - Statement - StockQty = com.kms.katalon.core.webui.keyword.WebUiBuiltInKeywords.getAttribute(com.kms.katalon.core.testobject.ObjectRepository.findTestObject(HealthpostToStore/Page_Store/input_txtprice), "value"): Attribute 'value' of object 'Object Repository/HealthpostToStore/Page_Store/input_txtprice' is: '40'

2018-05-19 18:31:44 - [MESSAGE][PASSED] - Attribute 'value' of object 'Object Repository/HealthpostToStore/Page_Store/input_txtprice' is: '40'

2018-05-19 18:31:44 - [TEST_STEP][PASSED] - Statement - out.println("Stock QTY : " + StockQty): null

2018-05-19 18:31:44 - [TEST_STEP][PASSED] - delay: Delayed 2 second(s)

2018-05-19 18:31:46 - [MESSAGE][PASSED] - Delayed 2 second(s)

2018-05-19 18:31:46 - [TEST_STEP][PASSED] - Statement - If (java.lang.String.valueOf(StockQty) >= java.lang.String.valueOf(RequestedQty)): null

2018-05-19 18:31:46 - [TEST_STEP][PASSED] - setText: Text '10' is set on object 'Object Repository/HealthpostToStore/Page_Store/input_txtqty'

2018-05-19 18:31:46 - [MESSAGE][PASSED] - Text '10' is set on object 'Object Repository/HealthpostToStore/Page_Store/input_txtqty'

2018-05-19 18:31:46 - [TEST_STEP][PASSED] - click: Object: 'Object Repository/HealthpostToStore/Page_Store/button_Add' is clicked on

2018-05-19 18:31:46 - [MESSAGE][PASSED] - Object: 'Object Repository/HealthpostToStore/Page_Store/button_Add' is clicked on

2018-05-19 18:31:46 - [TEST_STEP][PASSED] - Statement - Break: null

2018-05-19 18:31:46 - [TEST_STEP][PASSED] - selectOptionByIndex: All options with index in [3] are selected on object 'Object Repository/HealthpostToStore/Page_Store/select_--Select--Adernaline 0.'

2018-05-19 18:31:46 - [MESSAGE][PASSED] - All options with index in [3] are selected on object 'Object Repository/HealthpostToStore/Page_Store/select_--Select--Adernaline 0.'

2018-05-19 18:31:46 - [TEST_STEP][PASSED] - delay: Delayed 2 second(s)

2018-05-19 18:31:48 - [MESSAGE][PASSED] - Delayed 2 second(s)

2018-05-19 18:31:48 - [TEST_STEP][PASSED] - Statement - RequestedQty = com.kms.katalon.core.webui.keyword.WebUiBuiltInKeywords.getAttribute(com.kms.katalon.core.testobject.ObjectRepository.findTestObject(HealthpostToStore/Page_Store/input_txttotal), "value"): Attribute 'value' of object 'Object Repository/HealthpostToStore/Page_Store/input_txttotal' is: '10'

2018-05-19 18:31:48 - [MESSAGE][PASSED] - Attribute 'value' of object 'Object Repository/HealthpostToStore/Page_Store/input_txttotal' is: '10'

2018-05-19 18:31:48 - [TEST_STEP][PASSED] - Statement - out.println("Requested QTY : " + RequestedQty): null

2018-05-19 18:31:48 - [TEST_STEP][PASSED] - Statement - BatchNumber = com.kms.katalon.core.webui.keyword.WebUiBuiltInKeywords.getNumberOfTotalOption(com.kms.katalon.core.testobject.ObjectRepository.findTestObject(HealthpostToStore/Page_Store/select_--Select--BA1170BA2376B)): 2 options of object 'Object Repository/HealthpostToStore/Page_Store/select_--Select--BA1170BA2376B' counted

2018-05-19 18:31:48 - [MESSAGE][PASSED] - 2 options of object 'Object Repository/HealthpostToStore/Page_Store/select_--Select--BA1170BA2376B' counted

2018-05-19 18:31:48 - [TEST_STEP][PASSED] - Statement - For ([g = 1, g <= BatchNumber - 1, (g++)]): null

2018-05-19 18:31:48 - [TEST_STEP][PASSED] - selectOptionByIndex: All options with index in [1] are selected on object 'Object Repository/HealthpostToStore/Page_Store/select_--Select--BA1170BA2376B'

2018-05-19 18:31:48 - [MESSAGE][PASSED] - All options with index in [1] are selected on object 'Object Repository/HealthpostToStore/Page_Store/select_--Select--BA1170BA2376B'

2018-05-19 18:31:48 - [TEST_STEP][PASSED] - Statement - Try: null

2018-05-19 18:31:48 - [TEST_STEP][PASSED] - Statement - StockQty = com.kms.katalon.core.webui.keyword.WebUiBuiltInKeywords.getAttribute(com.kms.katalon.core.testobject.ObjectRepository.findTestObject(HealthpostToStore/Page_Store/input_txtprice), "value"): Attribute 'value' of object 'Object Repository/HealthpostToStore/Page_Store/input_txtprice' is: '100'

2018-05-19 18:31:48 - [MESSAGE][PASSED] - Attribute 'value' of object 'Object Repository/HealthpostToStore/Page_Store/input_txtprice' is: '100'

2018-05-19 18:31:48 - [TEST_STEP][PASSED] - Statement - out.println("Stock QTY : " + StockQty): null

2018-05-19 18:31:48 - [TEST_STEP][PASSED] - delay: Delayed 2 second(s)

2018-05-19 18:31:50 - [MESSAGE][PASSED] - Delayed 2 second(s)

2018-05-19 18:31:50 - [TEST_STEP][PASSED] - Statement - If (java.lang.String.valueOf(StockQty) >= java.lang.String.valueOf(RequestedQty)): null

2018-05-19 18:31:50 - [TEST_STEP][PASSED] - setText: Text '10' is set on object 'Object Repository/HealthpostToStore/Page_Store/input_txtqty'

2018-05-19 18:31:50 - [MESSAGE][PASSED] - Text '10' is set on object 'Object Repository/HealthpostToStore/Page_Store/input_txtqty'

2018-05-19 18:31:50 - [TEST_STEP][PASSED] - click: Object: 'Object Repository/HealthpostToStore/Page_Store/button_Add' is clicked on

2018-05-19 18:31:50 - [MESSAGE][PASSED] - Object: 'Object Repository/HealthpostToStore/Page_Store/button_Add' is clicked on

2018-05-19 18:31:50 - [TEST_STEP][PASSED] - Statement - Break: null

2018-05-19 18:31:50 - [TEST_STEP][PASSED] - selectOptionByIndex: All options with index in [4] are selected on object 'Object Repository/HealthpostToStore/Page_Store/select_--Select--Adernaline 0.'

2018-05-19 18:31:50 - [MESSAGE][PASSED] - All options with index in [4] are selected on object 'Object Repository/HealthpostToStore/Page_Store/select_--Select--Adernaline 0.'

2018-05-19 18:31:50 - [TEST_STEP][PASSED] - delay: Delayed 2 second(s)

2018-05-19 18:31:52 - [MESSAGE][PASSED] - Delayed 2 second(s)

2018-05-19 18:31:52 - [TEST_STEP][PASSED] - Statement - RequestedQty = com.kms.katalon.core.webui.keyword.WebUiBuiltInKeywords.getAttribute(com.kms.katalon.core.testobject.ObjectRepository.findTestObject(HealthpostToStore/Page_Store/input_txttotal), "value"): Attribute 'value' of object 'Object Repository/HealthpostToStore/Page_Store/input_txttotal' is: '10'

2018-05-19 18:31:52 - [MESSAGE][PASSED] - Attribute 'value' of object 'Object Repository/HealthpostToStore/Page_Store/input_txttotal' is: '10'

2018-05-19 18:31:52 - [TEST_STEP][PASSED] - Statement - out.println("Requested QTY : " + RequestedQty): null

2018-05-19 18:31:52 - [TEST_STEP][PASSED] - Statement - BatchNumber = com.kms.katalon.core.webui.keyword.WebUiBuiltInKeywords.getNumberOfTotalOption(com.kms.katalon.core.testobject.ObjectRepository.findTestObject(HealthpostToStore/Page_Store/select_--Select--BA1170BA2376B)): 3 options of object 'Object Repository/HealthpostToStore/Page_Store/select_--Select--BA1170BA2376B' counted

2018-05-19 18:31:52 - [MESSAGE][PASSED] - 3 options of object 'Object Repository/HealthpostToStore/Page_Store/select_--Select--BA1170BA2376B' counted

2018-05-19 18:31:52 - [TEST_STEP][PASSED] - Statement - For ([g = 1, g <= BatchNumber - 1, (g++)]): null

2018-05-19 18:31:52 - [TEST_STEP][PASSED] - selectOptionByIndex: All options with index in [1] are selected on object 'Object Repository/HealthpostToStore/Page_Store/select_--Select--BA1170BA2376B'

2018-05-19 18:31:53 - [MESSAGE][PASSED] - All options with index in [1] are selected on object 'Object Repository/HealthpostToStore/Page_Store/select_--Select--BA1170BA2376B'

2018-05-19 18:31:53 - [TEST_STEP][PASSED] - Statement - Try: null

2018-05-19 18:31:53 - [TEST_STEP][PASSED] - Statement - StockQty = com.kms.katalon.core.webui.keyword.WebUiBuiltInKeywords.getAttribute(com.kms.katalon.core.testobject.ObjectRepository.findTestObject(HealthpostToStore/Page_Store/input_txtprice), "value"): Attribute 'value' of object 'Object Repository/HealthpostToStore/Page_Store/input_txtprice' is: '60'

2018-05-19 18:31:53 - [MESSAGE][PASSED] - Attribute 'value' of object 'Object Repository/HealthpostToStore/Page_Store/input_txtprice' is: '60'

2018-05-19 18:31:53 - [TEST_STEP][PASSED] - Statement - out.println("Stock QTY : " + StockQty): null

2018-05-19 18:31:53 - [TEST_STEP][PASSED] - delay: Delayed 2 second(s)

2018-05-19 18:31:55 - [MESSAGE][PASSED] - Delayed 2 second(s)

2018-05-19 18:31:55 - [TEST_STEP][PASSED] - Statement - If (java.lang.String.valueOf(StockQty) >= java.lang.String.valueOf(RequestedQty)): null

2018-05-19 18:31:55 - [TEST_STEP][PASSED] - setText: Text '10' is set on object 'Object Repository/HealthpostToStore/Page_Store/input_txtqty'

2018-05-19 18:31:55 - [MESSAGE][PASSED] - Text '10' is set on object 'Object Repository/HealthpostToStore/Page_Store/input_txtqty'

2018-05-19 18:31:55 - [TEST_STEP][PASSED] - click: Object: 'Object Repository/HealthpostToStore/Page_Store/button_Add' is clicked on

2018-05-19 18:31:55 - [MESSAGE][PASSED] - Object: 'Object Repository/HealthpostToStore/Page_Store/button_Add' is clicked on

2018-05-19 18:31:55 - [TEST_STEP][PASSED] - Statement - Break: null

2018-05-19 18:31:55 - [TEST_STEP][PASSED] - scrollToElement: Scroll to object 'Object Repository/HealthpostToStore/Page_Store/input_btnSubmit' successfully

2018-05-19 18:31:55 - [MESSAGE][PASSED] - Scroll to object 'Object Repository/HealthpostToStore/Page_Store/input_btnSubmit' successfully

2018-05-19 18:31:55 - [TEST_STEP][PASSED] - click: Object: 'Object Repository/HealthpostToStore/Page_Store/input_btnSubmit' is clicked on

2018-05-19 18:31:55 - [MESSAGE][PASSED] - Object: 'Object Repository/HealthpostToStore/Page_Store/input_btnSubmit' is clicked on

2018-05-19 18:31:55 - [TEST_STEP][PASSED] - delay: Delayed 3 second(s)

2018-05-19 18:31:58 - [MESSAGE][PASSED] - Delayed 3 second(s)

2018-05-19 18:31:58 - [TEST_STEP][PASSED] - click: Object: 'Object Repository/HealthpostToStore/Page_Store/button_OK' is clicked on

2018-05-19 18:31:58 - [MESSAGE][PASSED] - Object: 'Object Repository/HealthpostToStore/Page_Store/button_OK' is clicked on

2018-05-19 18:31:58 - [TEST_STEP][PASSED] - delay: Delayed 3 second(s)

2018-05-19 18:32:01 - [MESSAGE][PASSED] - Delayed 3 second(s)

2018-05-19 18:32:01 - [TEST_STEP][PASSED] - click: Object: 'Object Repository/HealthpostToStore/Page_Store/a_dropdown-toggle' is clicked on

2018-05-19 18:32:02 - [MESSAGE][PASSED] - Object: 'Object Repository/HealthpostToStore/Page_Store/a_dropdown-toggle' is clicked on

2018-05-19 18:32:02 - [TEST_STEP][PASSED] - click: Object: 'Object Repository/HealthpostToStore/Page_Store/a_Sign out' is clicked on

2018-05-19 18:32:02 - [MESSAGE][PASSED] - Object: 'Object Repository/HealthpostToStore/Page_Store/a_Sign out' is clicked on

2018-05-19 18:32:02 - [TEST_STEP][PASSED] - closeBrowser: Browser is closed

2018-05-19 18:32:03 - [MESSAGE][PASSED] - Browser is closed]]></system-out>
         <system-err><![CDATA[]]></system-err>
      </testcase>
      <testcase name="Test Cases/HEALTHPOST TEST CASES/TC_HP_007 Verify Schedule 7 Healthpost Request Are Working Successfully Or Not" classname="Test Cases/HEALTHPOST TEST CASES/TC_HP_007 Verify Schedule 7 Healthpost Request Are Working Successfully Or Not" status="PASSED">
         <system-out><![CDATA[2018-05-19 18:32:03 - [TEST_CASE][PASSED] - Test Cases/HEALTHPOST TEST CASES/TC_HP_007 Verify Schedule 7 Healthpost Request Are Working Successfully Or Not: Test Cases/HEALTHPOST TEST CASES/TC_HP_007 Verify Schedule 7 Healthpost Request Are Working Successfully Or Not

2018-05-19 18:32:03 - [TEST_STEP][PASSED] - openBrowser: Browser is opened with url: ''

2018-05-19 18:32:05 - [MESSAGE][PASSED] - Browser is opened with url: ''

2018-05-19 18:32:05 - [TEST_STEP][PASSED] - navigateToUrl: Navigate to 'http://192.168.137.1/multihospital_new/HDSplashscreen.aspx' successfully

2018-05-19 18:32:08 - [MESSAGE][PASSED] - Navigate to 'http://192.168.137.1/multihospital_new/HDSplashscreen.aspx' successfully

2018-05-19 18:32:08 - [TEST_STEP][PASSED] - maximizeWindow: Current window maximized

2018-05-19 18:32:09 - [MESSAGE][PASSED] - Current window maximized

2018-05-19 18:32:09 - [TEST_STEP][PASSED] - click: Object: 'Object Repository/HealthpostToStore/Page_KDMC/a_Healthpost Store' is clicked on

2018-05-19 18:32:10 - [MESSAGE][PASSED] - Object: 'Object Repository/HealthpostToStore/Page_KDMC/a_Healthpost Store' is clicked on

2018-05-19 18:32:10 - [TEST_STEP][PASSED] - setText: Text 'raguram' is set on object 'Object Repository/HealthpostToStore/Page_HealthPost Store Login/input_txtusername'

2018-05-19 18:32:10 - [MESSAGE][PASSED] - Text 'raguram' is set on object 'Object Repository/HealthpostToStore/Page_HealthPost Store Login/input_txtusername'

2018-05-19 18:32:10 - [TEST_STEP][PASSED] - setText: Text '123' is set on object 'Object Repository/HealthpostToStore/Page_HealthPost Store Login/input_txtpassword'

2018-05-19 18:32:10 - [MESSAGE][PASSED] - Text '123' is set on object 'Object Repository/HealthpostToStore/Page_HealthPost Store Login/input_txtpassword'

2018-05-19 18:32:10 - [TEST_STEP][PASSED] - delay: Delayed 3 second(s)

2018-05-19 18:32:13 - [MESSAGE][PASSED] - Delayed 3 second(s)

2018-05-19 18:32:13 - [TEST_STEP][PASSED] - sendKeys: Keys 'ENTER + ' sent to object: 'Object Repository/HealthpostToStore/Page_HealthPost Store Login/input_txtpassword'

2018-05-19 18:32:14 - [MESSAGE][PASSED] - Keys 'ENTER + ' sent to object: 'Object Repository/HealthpostToStore/Page_HealthPost Store Login/input_txtpassword'

2018-05-19 18:32:14 - [TEST_STEP][PASSED] - delay: Delayed 3 second(s)

2018-05-19 18:32:17 - [MESSAGE][PASSED] - Delayed 3 second(s)

2018-05-19 18:32:17 - [TEST_STEP][PASSED] - doubleClick: Object: 'Object Repository/HealthpostToStore/Page_HealthPost Store/a_Request to Store' is double clicked on

2018-05-19 18:32:18 - [MESSAGE][PASSED] - Object: 'Object Repository/HealthpostToStore/Page_HealthPost Store/a_Request to Store' is double clicked on

2018-05-19 18:32:18 - [TEST_STEP][PASSED] - delay: Delayed 1 second(s)

2018-05-19 18:32:19 - [MESSAGE][PASSED] - Delayed 1 second(s)

2018-05-19 18:32:19 - [TEST_STEP][PASSED] - doubleClick: Object: 'Object Repository/HealthpostToStore/Page_HealthPost Store/a_Medicine Request' is double clicked on

2018-05-19 18:32:19 - [MESSAGE][PASSED] - Object: 'Object Repository/HealthpostToStore/Page_HealthPost Store/a_Medicine Request' is double clicked on

2018-05-19 18:32:19 - [TEST_STEP][PASSED] - delay: Delayed 1 second(s)

2018-05-19 18:32:20 - [MESSAGE][PASSED] - Delayed 1 second(s)

2018-05-19 18:32:20 - [TEST_STEP][PASSED] - selectOptionByIndex: All options with index in [7] are selected on object 'Object Repository/HealthpostToStore/Page_HealthPost Store/select_--Select--Schedule 1Inj'

2018-05-19 18:32:20 - [MESSAGE][PASSED] - All options with index in [7] are selected on object 'Object Repository/HealthpostToStore/Page_HealthPost Store/select_--Select--Schedule 1Inj'

2018-05-19 18:32:20 - [TEST_STEP][PASSED] - Statement - medicineslength = com.kms.katalon.core.webui.keyword.WebUiBuiltInKeywords.getNumberOfTotalOption(com.kms.katalon.core.testobject.ObjectRepository.findTestObject(HealthpostToStore/Page_HealthPost Store/select_--Select--Adernaline 0.)): 24 options of object 'Object Repository/HealthpostToStore/Page_HealthPost Store/select_--Select--Adernaline 0.' counted

2018-05-19 18:32:21 - [MESSAGE][PASSED] - 24 options of object 'Object Repository/HealthpostToStore/Page_HealthPost Store/select_--Select--Adernaline 0.' counted

2018-05-19 18:32:21 - [TEST_STEP][PASSED] - Statement - For ([e = 1, e <= medicineslength - 1, (e++)]): Object: 'Object Repository/HealthpostToStore/Page_HealthPost Store/button_Add' is double clicked on

2018-05-19 18:32:21 - [TEST_STEP][PASSED] - selectOptionByIndex: All options with index in [7] are selected on object 'Object Repository/HealthpostToStore/Page_HealthPost Store/select_--Select--Schedule 1Inj'

2018-05-19 18:32:21 - [MESSAGE][PASSED] - All options with index in [7] are selected on object 'Object Repository/HealthpostToStore/Page_HealthPost Store/select_--Select--Schedule 1Inj'

2018-05-19 18:32:21 - [TEST_STEP][PASSED] - delay: Delayed 1 second(s)

2018-05-19 18:32:22 - [MESSAGE][PASSED] - Delayed 1 second(s)

2018-05-19 18:32:22 - [TEST_STEP][PASSED] - selectOptionByIndex: All options with index in [1] are selected on object 'Object Repository/HealthpostToStore/Page_HealthPost Store/select_--Select--Adernaline 0.'

2018-05-19 18:32:22 - [MESSAGE][PASSED] - All options with index in [1] are selected on object 'Object Repository/HealthpostToStore/Page_HealthPost Store/select_--Select--Adernaline 0.'

2018-05-19 18:32:22 - [TEST_STEP][PASSED] - setText: Text '10' is set on object 'Object Repository/HealthpostToStore/Page_HealthPost Store/input_txttreat'

2018-05-19 18:32:22 - [MESSAGE][PASSED] - Text '10' is set on object 'Object Repository/HealthpostToStore/Page_HealthPost Store/input_txttreat'

2018-05-19 18:32:22 - [TEST_STEP][PASSED] - doubleClick: Object: 'Object Repository/HealthpostToStore/Page_HealthPost Store/button_Add' is double clicked on

2018-05-19 18:32:22 - [MESSAGE][PASSED] - Object: 'Object Repository/HealthpostToStore/Page_HealthPost Store/button_Add' is double clicked on

2018-05-19 18:32:22 - [TEST_STEP][PASSED] - selectOptionByIndex: All options with index in [7] are selected on object 'Object Repository/HealthpostToStore/Page_HealthPost Store/select_--Select--Schedule 1Inj'

2018-05-19 18:32:22 - [MESSAGE][PASSED] - All options with index in [7] are selected on object 'Object Repository/HealthpostToStore/Page_HealthPost Store/select_--Select--Schedule 1Inj'

2018-05-19 18:32:22 - [TEST_STEP][PASSED] - delay: Delayed 1 second(s)

2018-05-19 18:32:23 - [MESSAGE][PASSED] - Delayed 1 second(s)

2018-05-19 18:32:23 - [TEST_STEP][PASSED] - selectOptionByIndex: All options with index in [2] are selected on object 'Object Repository/HealthpostToStore/Page_HealthPost Store/select_--Select--Adernaline 0.'

2018-05-19 18:32:23 - [MESSAGE][PASSED] - All options with index in [2] are selected on object 'Object Repository/HealthpostToStore/Page_HealthPost Store/select_--Select--Adernaline 0.'

2018-05-19 18:32:23 - [TEST_STEP][PASSED] - setText: Text '10' is set on object 'Object Repository/HealthpostToStore/Page_HealthPost Store/input_txttreat'

2018-05-19 18:32:24 - [MESSAGE][PASSED] - Text '10' is set on object 'Object Repository/HealthpostToStore/Page_HealthPost Store/input_txttreat'

2018-05-19 18:32:24 - [TEST_STEP][PASSED] - doubleClick: Object: 'Object Repository/HealthpostToStore/Page_HealthPost Store/button_Add' is double clicked on

2018-05-19 18:32:24 - [MESSAGE][PASSED] - Object: 'Object Repository/HealthpostToStore/Page_HealthPost Store/button_Add' is double clicked on

2018-05-19 18:32:24 - [TEST_STEP][PASSED] - selectOptionByIndex: All options with index in [7] are selected on object 'Object Repository/HealthpostToStore/Page_HealthPost Store/select_--Select--Schedule 1Inj'

2018-05-19 18:32:24 - [MESSAGE][PASSED] - All options with index in [7] are selected on object 'Object Repository/HealthpostToStore/Page_HealthPost Store/select_--Select--Schedule 1Inj'

2018-05-19 18:32:24 - [TEST_STEP][PASSED] - delay: Delayed 1 second(s)

2018-05-19 18:32:25 - [MESSAGE][PASSED] - Delayed 1 second(s)

2018-05-19 18:32:25 - [TEST_STEP][PASSED] - selectOptionByIndex: All options with index in [3] are selected on object 'Object Repository/HealthpostToStore/Page_HealthPost Store/select_--Select--Adernaline 0.'

2018-05-19 18:32:25 - [MESSAGE][PASSED] - All options with index in [3] are selected on object 'Object Repository/HealthpostToStore/Page_HealthPost Store/select_--Select--Adernaline 0.'

2018-05-19 18:32:25 - [TEST_STEP][PASSED] - setText: Text '10' is set on object 'Object Repository/HealthpostToStore/Page_HealthPost Store/input_txttreat'

2018-05-19 18:32:25 - [MESSAGE][PASSED] - Text '10' is set on object 'Object Repository/HealthpostToStore/Page_HealthPost Store/input_txttreat'

2018-05-19 18:32:25 - [TEST_STEP][PASSED] - doubleClick: Object: 'Object Repository/HealthpostToStore/Page_HealthPost Store/button_Add' is double clicked on

2018-05-19 18:32:25 - [MESSAGE][PASSED] - Object: 'Object Repository/HealthpostToStore/Page_HealthPost Store/button_Add' is double clicked on

2018-05-19 18:32:25 - [TEST_STEP][PASSED] - selectOptionByIndex: All options with index in [7] are selected on object 'Object Repository/HealthpostToStore/Page_HealthPost Store/select_--Select--Schedule 1Inj'

2018-05-19 18:32:25 - [MESSAGE][PASSED] - All options with index in [7] are selected on object 'Object Repository/HealthpostToStore/Page_HealthPost Store/select_--Select--Schedule 1Inj'

2018-05-19 18:32:25 - [TEST_STEP][PASSED] - delay: Delayed 1 second(s)

2018-05-19 18:32:26 - [MESSAGE][PASSED] - Delayed 1 second(s)

2018-05-19 18:32:26 - [TEST_STEP][PASSED] - selectOptionByIndex: All options with index in [4] are selected on object 'Object Repository/HealthpostToStore/Page_HealthPost Store/select_--Select--Adernaline 0.'

2018-05-19 18:32:27 - [MESSAGE][PASSED] - All options with index in [4] are selected on object 'Object Repository/HealthpostToStore/Page_HealthPost Store/select_--Select--Adernaline 0.'

2018-05-19 18:32:27 - [TEST_STEP][PASSED] - setText: Text '10' is set on object 'Object Repository/HealthpostToStore/Page_HealthPost Store/input_txttreat'

2018-05-19 18:32:27 - [MESSAGE][PASSED] - Text '10' is set on object 'Object Repository/HealthpostToStore/Page_HealthPost Store/input_txttreat'

2018-05-19 18:32:27 - [TEST_STEP][PASSED] - doubleClick: Object: 'Object Repository/HealthpostToStore/Page_HealthPost Store/button_Add' is double clicked on

2018-05-19 18:32:27 - [MESSAGE][PASSED] - Object: 'Object Repository/HealthpostToStore/Page_HealthPost Store/button_Add' is double clicked on

2018-05-19 18:32:27 - [TEST_STEP][PASSED] - selectOptionByIndex: All options with index in [7] are selected on object 'Object Repository/HealthpostToStore/Page_HealthPost Store/select_--Select--Schedule 1Inj'

2018-05-19 18:32:27 - [MESSAGE][PASSED] - All options with index in [7] are selected on object 'Object Repository/HealthpostToStore/Page_HealthPost Store/select_--Select--Schedule 1Inj'

2018-05-19 18:32:27 - [TEST_STEP][PASSED] - delay: Delayed 1 second(s)

2018-05-19 18:32:28 - [MESSAGE][PASSED] - Delayed 1 second(s)

2018-05-19 18:32:28 - [TEST_STEP][PASSED] - selectOptionByIndex: All options with index in [5] are selected on object 'Object Repository/HealthpostToStore/Page_HealthPost Store/select_--Select--Adernaline 0.'

2018-05-19 18:32:28 - [MESSAGE][PASSED] - All options with index in [5] are selected on object 'Object Repository/HealthpostToStore/Page_HealthPost Store/select_--Select--Adernaline 0.'

2018-05-19 18:32:28 - [TEST_STEP][PASSED] - setText: Text '10' is set on object 'Object Repository/HealthpostToStore/Page_HealthPost Store/input_txttreat'

2018-05-19 18:32:28 - [MESSAGE][PASSED] - Text '10' is set on object 'Object Repository/HealthpostToStore/Page_HealthPost Store/input_txttreat'

2018-05-19 18:32:28 - [TEST_STEP][PASSED] - doubleClick: Object: 'Object Repository/HealthpostToStore/Page_HealthPost Store/button_Add' is double clicked on

2018-05-19 18:32:28 - [MESSAGE][PASSED] - Object: 'Object Repository/HealthpostToStore/Page_HealthPost Store/button_Add' is double clicked on

2018-05-19 18:32:28 - [TEST_STEP][PASSED] - selectOptionByIndex: All options with index in [7] are selected on object 'Object Repository/HealthpostToStore/Page_HealthPost Store/select_--Select--Schedule 1Inj'

2018-05-19 18:32:28 - [MESSAGE][PASSED] - All options with index in [7] are selected on object 'Object Repository/HealthpostToStore/Page_HealthPost Store/select_--Select--Schedule 1Inj'

2018-05-19 18:32:28 - [TEST_STEP][PASSED] - delay: Delayed 1 second(s)

2018-05-19 18:32:29 - [MESSAGE][PASSED] - Delayed 1 second(s)

2018-05-19 18:32:29 - [TEST_STEP][PASSED] - selectOptionByIndex: All options with index in [6] are selected on object 'Object Repository/HealthpostToStore/Page_HealthPost Store/select_--Select--Adernaline 0.'

2018-05-19 18:32:30 - [MESSAGE][PASSED] - All options with index in [6] are selected on object 'Object Repository/HealthpostToStore/Page_HealthPost Store/select_--Select--Adernaline 0.'

2018-05-19 18:32:30 - [TEST_STEP][PASSED] - setText: Text '10' is set on object 'Object Repository/HealthpostToStore/Page_HealthPost Store/input_txttreat'

2018-05-19 18:32:30 - [MESSAGE][PASSED] - Text '10' is set on object 'Object Repository/HealthpostToStore/Page_HealthPost Store/input_txttreat'

2018-05-19 18:32:30 - [TEST_STEP][PASSED] - doubleClick: Object: 'Object Repository/HealthpostToStore/Page_HealthPost Store/button_Add' is double clicked on

2018-05-19 18:32:30 - [MESSAGE][PASSED] - Object: 'Object Repository/HealthpostToStore/Page_HealthPost Store/button_Add' is double clicked on

2018-05-19 18:32:30 - [TEST_STEP][PASSED] - selectOptionByIndex: All options with index in [7] are selected on object 'Object Repository/HealthpostToStore/Page_HealthPost Store/select_--Select--Schedule 1Inj'

2018-05-19 18:32:30 - [MESSAGE][PASSED] - All options with index in [7] are selected on object 'Object Repository/HealthpostToStore/Page_HealthPost Store/select_--Select--Schedule 1Inj'

2018-05-19 18:32:30 - [TEST_STEP][PASSED] - delay: Delayed 1 second(s)

2018-05-19 18:32:31 - [MESSAGE][PASSED] - Delayed 1 second(s)

2018-05-19 18:32:31 - [TEST_STEP][PASSED] - selectOptionByIndex: All options with index in [7] are selected on object 'Object Repository/HealthpostToStore/Page_HealthPost Store/select_--Select--Adernaline 0.'

2018-05-19 18:32:31 - [MESSAGE][PASSED] - All options with index in [7] are selected on object 'Object Repository/HealthpostToStore/Page_HealthPost Store/select_--Select--Adernaline 0.'

2018-05-19 18:32:31 - [TEST_STEP][PASSED] - setText: Text '10' is set on object 'Object Repository/HealthpostToStore/Page_HealthPost Store/input_txttreat'

2018-05-19 18:32:31 - [MESSAGE][PASSED] - Text '10' is set on object 'Object Repository/HealthpostToStore/Page_HealthPost Store/input_txttreat'

2018-05-19 18:32:31 - [TEST_STEP][PASSED] - doubleClick: Object: 'Object Repository/HealthpostToStore/Page_HealthPost Store/button_Add' is double clicked on

2018-05-19 18:32:31 - [MESSAGE][PASSED] - Object: 'Object Repository/HealthpostToStore/Page_HealthPost Store/button_Add' is double clicked on

2018-05-19 18:32:31 - [TEST_STEP][PASSED] - selectOptionByIndex: All options with index in [7] are selected on object 'Object Repository/HealthpostToStore/Page_HealthPost Store/select_--Select--Schedule 1Inj'

2018-05-19 18:32:32 - [MESSAGE][PASSED] - All options with index in [7] are selected on object 'Object Repository/HealthpostToStore/Page_HealthPost Store/select_--Select--Schedule 1Inj'

2018-05-19 18:32:32 - [TEST_STEP][PASSED] - delay: Delayed 1 second(s)

2018-05-19 18:32:33 - [MESSAGE][PASSED] - Delayed 1 second(s)

2018-05-19 18:32:33 - [TEST_STEP][PASSED] - selectOptionByIndex: All options with index in [8] are selected on object 'Object Repository/HealthpostToStore/Page_HealthPost Store/select_--Select--Adernaline 0.'

2018-05-19 18:32:33 - [MESSAGE][PASSED] - All options with index in [8] are selected on object 'Object Repository/HealthpostToStore/Page_HealthPost Store/select_--Select--Adernaline 0.'

2018-05-19 18:32:33 - [TEST_STEP][PASSED] - setText: Text '10' is set on object 'Object Repository/HealthpostToStore/Page_HealthPost Store/input_txttreat'

2018-05-19 18:32:33 - [MESSAGE][PASSED] - Text '10' is set on object 'Object Repository/HealthpostToStore/Page_HealthPost Store/input_txttreat'

2018-05-19 18:32:33 - [TEST_STEP][PASSED] - doubleClick: Object: 'Object Repository/HealthpostToStore/Page_HealthPost Store/button_Add' is double clicked on

2018-05-19 18:32:33 - [MESSAGE][PASSED] - Object: 'Object Repository/HealthpostToStore/Page_HealthPost Store/button_Add' is double clicked on

2018-05-19 18:32:33 - [TEST_STEP][PASSED] - selectOptionByIndex: All options with index in [7] are selected on object 'Object Repository/HealthpostToStore/Page_HealthPost Store/select_--Select--Schedule 1Inj'

2018-05-19 18:32:33 - [MESSAGE][PASSED] - All options with index in [7] are selected on object 'Object Repository/HealthpostToStore/Page_HealthPost Store/select_--Select--Schedule 1Inj'

2018-05-19 18:32:33 - [TEST_STEP][PASSED] - delay: Delayed 1 second(s)

2018-05-19 18:32:34 - [MESSAGE][PASSED] - Delayed 1 second(s)

2018-05-19 18:32:34 - [TEST_STEP][PASSED] - selectOptionByIndex: All options with index in [9] are selected on object 'Object Repository/HealthpostToStore/Page_HealthPost Store/select_--Select--Adernaline 0.'

2018-05-19 18:32:34 - [MESSAGE][PASSED] - All options with index in [9] are selected on object 'Object Repository/HealthpostToStore/Page_HealthPost Store/select_--Select--Adernaline 0.'

2018-05-19 18:32:34 - [TEST_STEP][PASSED] - setText: Text '10' is set on object 'Object Repository/HealthpostToStore/Page_HealthPost Store/input_txttreat'

2018-05-19 18:32:34 - [MESSAGE][PASSED] - Text '10' is set on object 'Object Repository/HealthpostToStore/Page_HealthPost Store/input_txttreat'

2018-05-19 18:32:34 - [TEST_STEP][PASSED] - doubleClick: Object: 'Object Repository/HealthpostToStore/Page_HealthPost Store/button_Add' is double clicked on

2018-05-19 18:32:35 - [MESSAGE][PASSED] - Object: 'Object Repository/HealthpostToStore/Page_HealthPost Store/button_Add' is double clicked on

2018-05-19 18:32:35 - [TEST_STEP][PASSED] - selectOptionByIndex: All options with index in [7] are selected on object 'Object Repository/HealthpostToStore/Page_HealthPost Store/select_--Select--Schedule 1Inj'

2018-05-19 18:32:35 - [MESSAGE][PASSED] - All options with index in [7] are selected on object 'Object Repository/HealthpostToStore/Page_HealthPost Store/select_--Select--Schedule 1Inj'

2018-05-19 18:32:35 - [TEST_STEP][PASSED] - delay: Delayed 1 second(s)

2018-05-19 18:32:36 - [MESSAGE][PASSED] - Delayed 1 second(s)

2018-05-19 18:32:36 - [TEST_STEP][PASSED] - selectOptionByIndex: All options with index in [10] are selected on object 'Object Repository/HealthpostToStore/Page_HealthPost Store/select_--Select--Adernaline 0.'

2018-05-19 18:32:36 - [MESSAGE][PASSED] - All options with index in [10] are selected on object 'Object Repository/HealthpostToStore/Page_HealthPost Store/select_--Select--Adernaline 0.'

2018-05-19 18:32:36 - [TEST_STEP][PASSED] - setText: Text '10' is set on object 'Object Repository/HealthpostToStore/Page_HealthPost Store/input_txttreat'

2018-05-19 18:32:36 - [MESSAGE][PASSED] - Text '10' is set on object 'Object Repository/HealthpostToStore/Page_HealthPost Store/input_txttreat'

2018-05-19 18:32:36 - [TEST_STEP][PASSED] - doubleClick: Object: 'Object Repository/HealthpostToStore/Page_HealthPost Store/button_Add' is double clicked on

2018-05-19 18:32:36 - [MESSAGE][PASSED] - Object: 'Object Repository/HealthpostToStore/Page_HealthPost Store/button_Add' is double clicked on

2018-05-19 18:32:36 - [TEST_STEP][PASSED] - selectOptionByIndex: All options with index in [7] are selected on object 'Object Repository/HealthpostToStore/Page_HealthPost Store/select_--Select--Schedule 1Inj'

2018-05-19 18:32:36 - [MESSAGE][PASSED] - All options with index in [7] are selected on object 'Object Repository/HealthpostToStore/Page_HealthPost Store/select_--Select--Schedule 1Inj'

2018-05-19 18:32:36 - [TEST_STEP][PASSED] - delay: Delayed 1 second(s)

2018-05-19 18:32:37 - [MESSAGE][PASSED] - Delayed 1 second(s)

2018-05-19 18:32:37 - [TEST_STEP][PASSED] - selectOptionByIndex: All options with index in [11] are selected on object 'Object Repository/HealthpostToStore/Page_HealthPost Store/select_--Select--Adernaline 0.'

2018-05-19 18:32:38 - [MESSAGE][PASSED] - All options with index in [11] are selected on object 'Object Repository/HealthpostToStore/Page_HealthPost Store/select_--Select--Adernaline 0.'

2018-05-19 18:32:38 - [TEST_STEP][PASSED] - setText: Text '10' is set on object 'Object Repository/HealthpostToStore/Page_HealthPost Store/input_txttreat'

2018-05-19 18:32:38 - [MESSAGE][PASSED] - Text '10' is set on object 'Object Repository/HealthpostToStore/Page_HealthPost Store/input_txttreat'

2018-05-19 18:32:38 - [TEST_STEP][PASSED] - doubleClick: Object: 'Object Repository/HealthpostToStore/Page_HealthPost Store/button_Add' is double clicked on

2018-05-19 18:32:38 - [MESSAGE][PASSED] - Object: 'Object Repository/HealthpostToStore/Page_HealthPost Store/button_Add' is double clicked on

2018-05-19 18:32:38 - [TEST_STEP][PASSED] - selectOptionByIndex: All options with index in [7] are selected on object 'Object Repository/HealthpostToStore/Page_HealthPost Store/select_--Select--Schedule 1Inj'

2018-05-19 18:32:38 - [MESSAGE][PASSED] - All options with index in [7] are selected on object 'Object Repository/HealthpostToStore/Page_HealthPost Store/select_--Select--Schedule 1Inj'

2018-05-19 18:32:38 - [TEST_STEP][PASSED] - delay: Delayed 1 second(s)

2018-05-19 18:32:39 - [MESSAGE][PASSED] - Delayed 1 second(s)

2018-05-19 18:32:39 - [TEST_STEP][PASSED] - selectOptionByIndex: All options with index in [12] are selected on object 'Object Repository/HealthpostToStore/Page_HealthPost Store/select_--Select--Adernaline 0.'

2018-05-19 18:32:39 - [MESSAGE][PASSED] - All options with index in [12] are selected on object 'Object Repository/HealthpostToStore/Page_HealthPost Store/select_--Select--Adernaline 0.'

2018-05-19 18:32:39 - [TEST_STEP][PASSED] - setText: Text '10' is set on object 'Object Repository/HealthpostToStore/Page_HealthPost Store/input_txttreat'

2018-05-19 18:32:39 - [MESSAGE][PASSED] - Text '10' is set on object 'Object Repository/HealthpostToStore/Page_HealthPost Store/input_txttreat'

2018-05-19 18:32:39 - [TEST_STEP][PASSED] - doubleClick: Object: 'Object Repository/HealthpostToStore/Page_HealthPost Store/button_Add' is double clicked on

2018-05-19 18:32:39 - [MESSAGE][PASSED] - Object: 'Object Repository/HealthpostToStore/Page_HealthPost Store/button_Add' is double clicked on

2018-05-19 18:32:39 - [TEST_STEP][PASSED] - selectOptionByIndex: All options with index in [7] are selected on object 'Object Repository/HealthpostToStore/Page_HealthPost Store/select_--Select--Schedule 1Inj'

2018-05-19 18:32:39 - [MESSAGE][PASSED] - All options with index in [7] are selected on object 'Object Repository/HealthpostToStore/Page_HealthPost Store/select_--Select--Schedule 1Inj'

2018-05-19 18:32:39 - [TEST_STEP][PASSED] - delay: Delayed 1 second(s)

2018-05-19 18:32:40 - [MESSAGE][PASSED] - Delayed 1 second(s)

2018-05-19 18:32:40 - [TEST_STEP][PASSED] - selectOptionByIndex: All options with index in [13] are selected on object 'Object Repository/HealthpostToStore/Page_HealthPost Store/select_--Select--Adernaline 0.'

2018-05-19 18:32:41 - [MESSAGE][PASSED] - All options with index in [13] are selected on object 'Object Repository/HealthpostToStore/Page_HealthPost Store/select_--Select--Adernaline 0.'

2018-05-19 18:32:41 - [TEST_STEP][PASSED] - setText: Text '10' is set on object 'Object Repository/HealthpostToStore/Page_HealthPost Store/input_txttreat'

2018-05-19 18:32:41 - [MESSAGE][PASSED] - Text '10' is set on object 'Object Repository/HealthpostToStore/Page_HealthPost Store/input_txttreat'

2018-05-19 18:32:41 - [TEST_STEP][PASSED] - doubleClick: Object: 'Object Repository/HealthpostToStore/Page_HealthPost Store/button_Add' is double clicked on

2018-05-19 18:32:41 - [MESSAGE][PASSED] - Object: 'Object Repository/HealthpostToStore/Page_HealthPost Store/button_Add' is double clicked on

2018-05-19 18:32:41 - [TEST_STEP][PASSED] - selectOptionByIndex: All options with index in [7] are selected on object 'Object Repository/HealthpostToStore/Page_HealthPost Store/select_--Select--Schedule 1Inj'

2018-05-19 18:32:41 - [MESSAGE][PASSED] - All options with index in [7] are selected on object 'Object Repository/HealthpostToStore/Page_HealthPost Store/select_--Select--Schedule 1Inj'

2018-05-19 18:32:41 - [TEST_STEP][PASSED] - delay: Delayed 1 second(s)

2018-05-19 18:32:42 - [MESSAGE][PASSED] - Delayed 1 second(s)

2018-05-19 18:32:42 - [TEST_STEP][PASSED] - selectOptionByIndex: All options with index in [14] are selected on object 'Object Repository/HealthpostToStore/Page_HealthPost Store/select_--Select--Adernaline 0.'

2018-05-19 18:32:42 - [MESSAGE][PASSED] - All options with index in [14] are selected on object 'Object Repository/HealthpostToStore/Page_HealthPost Store/select_--Select--Adernaline 0.'

2018-05-19 18:32:42 - [TEST_STEP][PASSED] - setText: Text '10' is set on object 'Object Repository/HealthpostToStore/Page_HealthPost Store/input_txttreat'

2018-05-19 18:32:42 - [MESSAGE][PASSED] - Text '10' is set on object 'Object Repository/HealthpostToStore/Page_HealthPost Store/input_txttreat'

2018-05-19 18:32:42 - [TEST_STEP][PASSED] - doubleClick: Object: 'Object Repository/HealthpostToStore/Page_HealthPost Store/button_Add' is double clicked on

2018-05-19 18:32:43 - [MESSAGE][PASSED] - Object: 'Object Repository/HealthpostToStore/Page_HealthPost Store/button_Add' is double clicked on

2018-05-19 18:32:43 - [TEST_STEP][PASSED] - selectOptionByIndex: All options with index in [7] are selected on object 'Object Repository/HealthpostToStore/Page_HealthPost Store/select_--Select--Schedule 1Inj'

2018-05-19 18:32:43 - [MESSAGE][PASSED] - All options with index in [7] are selected on object 'Object Repository/HealthpostToStore/Page_HealthPost Store/select_--Select--Schedule 1Inj'

2018-05-19 18:32:43 - [TEST_STEP][PASSED] - delay: Delayed 1 second(s)

2018-05-19 18:32:44 - [MESSAGE][PASSED] - Delayed 1 second(s)

2018-05-19 18:32:44 - [TEST_STEP][PASSED] - selectOptionByIndex: All options with index in [15] are selected on object 'Object Repository/HealthpostToStore/Page_HealthPost Store/select_--Select--Adernaline 0.'

2018-05-19 18:32:44 - [MESSAGE][PASSED] - All options with index in [15] are selected on object 'Object Repository/HealthpostToStore/Page_HealthPost Store/select_--Select--Adernaline 0.'

2018-05-19 18:32:44 - [TEST_STEP][PASSED] - setText: Text '10' is set on object 'Object Repository/HealthpostToStore/Page_HealthPost Store/input_txttreat'

2018-05-19 18:32:44 - [MESSAGE][PASSED] - Text '10' is set on object 'Object Repository/HealthpostToStore/Page_HealthPost Store/input_txttreat'

2018-05-19 18:32:44 - [TEST_STEP][PASSED] - doubleClick: Object: 'Object Repository/HealthpostToStore/Page_HealthPost Store/button_Add' is double clicked on

2018-05-19 18:32:44 - [MESSAGE][PASSED] - Object: 'Object Repository/HealthpostToStore/Page_HealthPost Store/button_Add' is double clicked on

2018-05-19 18:32:44 - [TEST_STEP][PASSED] - selectOptionByIndex: All options with index in [7] are selected on object 'Object Repository/HealthpostToStore/Page_HealthPost Store/select_--Select--Schedule 1Inj'

2018-05-19 18:32:44 - [MESSAGE][PASSED] - All options with index in [7] are selected on object 'Object Repository/HealthpostToStore/Page_HealthPost Store/select_--Select--Schedule 1Inj'

2018-05-19 18:32:44 - [TEST_STEP][PASSED] - delay: Delayed 1 second(s)

2018-05-19 18:32:45 - [MESSAGE][PASSED] - Delayed 1 second(s)

2018-05-19 18:32:45 - [TEST_STEP][PASSED] - selectOptionByIndex: All options with index in [16] are selected on object 'Object Repository/HealthpostToStore/Page_HealthPost Store/select_--Select--Adernaline 0.'

2018-05-19 18:32:46 - [MESSAGE][PASSED] - All options with index in [16] are selected on object 'Object Repository/HealthpostToStore/Page_HealthPost Store/select_--Select--Adernaline 0.'

2018-05-19 18:32:46 - [TEST_STEP][PASSED] - setText: Text '10' is set on object 'Object Repository/HealthpostToStore/Page_HealthPost Store/input_txttreat'

2018-05-19 18:32:46 - [MESSAGE][PASSED] - Text '10' is set on object 'Object Repository/HealthpostToStore/Page_HealthPost Store/input_txttreat'

2018-05-19 18:32:46 - [TEST_STEP][PASSED] - doubleClick: Object: 'Object Repository/HealthpostToStore/Page_HealthPost Store/button_Add' is double clicked on

2018-05-19 18:32:46 - [MESSAGE][PASSED] - Object: 'Object Repository/HealthpostToStore/Page_HealthPost Store/button_Add' is double clicked on

2018-05-19 18:32:46 - [TEST_STEP][PASSED] - selectOptionByIndex: All options with index in [7] are selected on object 'Object Repository/HealthpostToStore/Page_HealthPost Store/select_--Select--Schedule 1Inj'

2018-05-19 18:32:46 - [MESSAGE][PASSED] - All options with index in [7] are selected on object 'Object Repository/HealthpostToStore/Page_HealthPost Store/select_--Select--Schedule 1Inj'

2018-05-19 18:32:46 - [TEST_STEP][PASSED] - delay: Delayed 1 second(s)

2018-05-19 18:32:47 - [MESSAGE][PASSED] - Delayed 1 second(s)

2018-05-19 18:32:47 - [TEST_STEP][PASSED] - selectOptionByIndex: All options with index in [17] are selected on object 'Object Repository/HealthpostToStore/Page_HealthPost Store/select_--Select--Adernaline 0.'

2018-05-19 18:32:47 - [MESSAGE][PASSED] - All options with index in [17] are selected on object 'Object Repository/HealthpostToStore/Page_HealthPost Store/select_--Select--Adernaline 0.'

2018-05-19 18:32:47 - [TEST_STEP][PASSED] - setText: Text '10' is set on object 'Object Repository/HealthpostToStore/Page_HealthPost Store/input_txttreat'

2018-05-19 18:32:47 - [MESSAGE][PASSED] - Text '10' is set on object 'Object Repository/HealthpostToStore/Page_HealthPost Store/input_txttreat'

2018-05-19 18:32:47 - [TEST_STEP][PASSED] - doubleClick: Object: 'Object Repository/HealthpostToStore/Page_HealthPost Store/button_Add' is double clicked on

2018-05-19 18:32:47 - [MESSAGE][PASSED] - Object: 'Object Repository/HealthpostToStore/Page_HealthPost Store/button_Add' is double clicked on

2018-05-19 18:32:47 - [TEST_STEP][PASSED] - selectOptionByIndex: All options with index in [7] are selected on object 'Object Repository/HealthpostToStore/Page_HealthPost Store/select_--Select--Schedule 1Inj'

2018-05-19 18:32:48 - [MESSAGE][PASSED] - All options with index in [7] are selected on object 'Object Repository/HealthpostToStore/Page_HealthPost Store/select_--Select--Schedule 1Inj'

2018-05-19 18:32:48 - [TEST_STEP][PASSED] - delay: Delayed 1 second(s)

2018-05-19 18:32:49 - [MESSAGE][PASSED] - Delayed 1 second(s)

2018-05-19 18:32:49 - [TEST_STEP][PASSED] - selectOptionByIndex: All options with index in [18] are selected on object 'Object Repository/HealthpostToStore/Page_HealthPost Store/select_--Select--Adernaline 0.'

2018-05-19 18:32:49 - [MESSAGE][PASSED] - All options with index in [18] are selected on object 'Object Repository/HealthpostToStore/Page_HealthPost Store/select_--Select--Adernaline 0.'

2018-05-19 18:32:49 - [TEST_STEP][PASSED] - setText: Text '10' is set on object 'Object Repository/HealthpostToStore/Page_HealthPost Store/input_txttreat'

2018-05-19 18:32:49 - [MESSAGE][PASSED] - Text '10' is set on object 'Object Repository/HealthpostToStore/Page_HealthPost Store/input_txttreat'

2018-05-19 18:32:49 - [TEST_STEP][PASSED] - doubleClick: Object: 'Object Repository/HealthpostToStore/Page_HealthPost Store/button_Add' is double clicked on

2018-05-19 18:32:49 - [MESSAGE][PASSED] - Object: 'Object Repository/HealthpostToStore/Page_HealthPost Store/button_Add' is double clicked on

2018-05-19 18:32:49 - [TEST_STEP][PASSED] - selectOptionByIndex: All options with index in [7] are selected on object 'Object Repository/HealthpostToStore/Page_HealthPost Store/select_--Select--Schedule 1Inj'

2018-05-19 18:32:49 - [MESSAGE][PASSED] - All options with index in [7] are selected on object 'Object Repository/HealthpostToStore/Page_HealthPost Store/select_--Select--Schedule 1Inj'

2018-05-19 18:32:49 - [TEST_STEP][PASSED] - delay: Delayed 1 second(s)

2018-05-19 18:32:50 - [MESSAGE][PASSED] - Delayed 1 second(s)

2018-05-19 18:32:50 - [TEST_STEP][PASSED] - selectOptionByIndex: All options with index in [19] are selected on object 'Object Repository/HealthpostToStore/Page_HealthPost Store/select_--Select--Adernaline 0.'

2018-05-19 18:32:51 - [MESSAGE][PASSED] - All options with index in [19] are selected on object 'Object Repository/HealthpostToStore/Page_HealthPost Store/select_--Select--Adernaline 0.'

2018-05-19 18:32:51 - [TEST_STEP][PASSED] - setText: Text '10' is set on object 'Object Repository/HealthpostToStore/Page_HealthPost Store/input_txttreat'

2018-05-19 18:32:51 - [MESSAGE][PASSED] - Text '10' is set on object 'Object Repository/HealthpostToStore/Page_HealthPost Store/input_txttreat'

2018-05-19 18:32:51 - [TEST_STEP][PASSED] - doubleClick: Object: 'Object Repository/HealthpostToStore/Page_HealthPost Store/button_Add' is double clicked on

2018-05-19 18:32:51 - [MESSAGE][PASSED] - Object: 'Object Repository/HealthpostToStore/Page_HealthPost Store/button_Add' is double clicked on

2018-05-19 18:32:51 - [TEST_STEP][PASSED] - selectOptionByIndex: All options with index in [7] are selected on object 'Object Repository/HealthpostToStore/Page_HealthPost Store/select_--Select--Schedule 1Inj'

2018-05-19 18:32:51 - [MESSAGE][PASSED] - All options with index in [7] are selected on object 'Object Repository/HealthpostToStore/Page_HealthPost Store/select_--Select--Schedule 1Inj'

2018-05-19 18:32:51 - [TEST_STEP][PASSED] - delay: Delayed 1 second(s)

2018-05-19 18:32:52 - [MESSAGE][PASSED] - Delayed 1 second(s)

2018-05-19 18:32:52 - [TEST_STEP][PASSED] - selectOptionByIndex: All options with index in [20] are selected on object 'Object Repository/HealthpostToStore/Page_HealthPost Store/select_--Select--Adernaline 0.'

2018-05-19 18:32:52 - [MESSAGE][PASSED] - All options with index in [20] are selected on object 'Object Repository/HealthpostToStore/Page_HealthPost Store/select_--Select--Adernaline 0.'

2018-05-19 18:32:52 - [TEST_STEP][PASSED] - setText: Text '10' is set on object 'Object Repository/HealthpostToStore/Page_HealthPost Store/input_txttreat'

2018-05-19 18:32:53 - [MESSAGE][PASSED] - Text '10' is set on object 'Object Repository/HealthpostToStore/Page_HealthPost Store/input_txttreat'

2018-05-19 18:32:53 - [TEST_STEP][PASSED] - doubleClick: Object: 'Object Repository/HealthpostToStore/Page_HealthPost Store/button_Add' is double clicked on

2018-05-19 18:32:53 - [MESSAGE][PASSED] - Object: 'Object Repository/HealthpostToStore/Page_HealthPost Store/button_Add' is double clicked on

2018-05-19 18:32:53 - [TEST_STEP][PASSED] - selectOptionByIndex: All options with index in [7] are selected on object 'Object Repository/HealthpostToStore/Page_HealthPost Store/select_--Select--Schedule 1Inj'

2018-05-19 18:32:53 - [MESSAGE][PASSED] - All options with index in [7] are selected on object 'Object Repository/HealthpostToStore/Page_HealthPost Store/select_--Select--Schedule 1Inj'

2018-05-19 18:32:53 - [TEST_STEP][PASSED] - delay: Delayed 1 second(s)

2018-05-19 18:32:54 - [MESSAGE][PASSED] - Delayed 1 second(s)

2018-05-19 18:32:54 - [TEST_STEP][PASSED] - selectOptionByIndex: All options with index in [21] are selected on object 'Object Repository/HealthpostToStore/Page_HealthPost Store/select_--Select--Adernaline 0.'

2018-05-19 18:32:54 - [MESSAGE][PASSED] - All options with index in [21] are selected on object 'Object Repository/HealthpostToStore/Page_HealthPost Store/select_--Select--Adernaline 0.'

2018-05-19 18:32:54 - [TEST_STEP][PASSED] - setText: Text '10' is set on object 'Object Repository/HealthpostToStore/Page_HealthPost Store/input_txttreat'

2018-05-19 18:32:54 - [MESSAGE][PASSED] - Text '10' is set on object 'Object Repository/HealthpostToStore/Page_HealthPost Store/input_txttreat'

2018-05-19 18:32:54 - [TEST_STEP][PASSED] - doubleClick: Object: 'Object Repository/HealthpostToStore/Page_HealthPost Store/button_Add' is double clicked on

2018-05-19 18:32:54 - [MESSAGE][PASSED] - Object: 'Object Repository/HealthpostToStore/Page_HealthPost Store/button_Add' is double clicked on

2018-05-19 18:32:54 - [TEST_STEP][PASSED] - selectOptionByIndex: All options with index in [7] are selected on object 'Object Repository/HealthpostToStore/Page_HealthPost Store/select_--Select--Schedule 1Inj'

2018-05-19 18:32:55 - [MESSAGE][PASSED] - All options with index in [7] are selected on object 'Object Repository/HealthpostToStore/Page_HealthPost Store/select_--Select--Schedule 1Inj'

2018-05-19 18:32:55 - [TEST_STEP][PASSED] - delay: Delayed 1 second(s)

2018-05-19 18:32:56 - [MESSAGE][PASSED] - Delayed 1 second(s)

2018-05-19 18:32:56 - [TEST_STEP][PASSED] - selectOptionByIndex: All options with index in [22] are selected on object 'Object Repository/HealthpostToStore/Page_HealthPost Store/select_--Select--Adernaline 0.'

2018-05-19 18:32:56 - [MESSAGE][PASSED] - All options with index in [22] are selected on object 'Object Repository/HealthpostToStore/Page_HealthPost Store/select_--Select--Adernaline 0.'

2018-05-19 18:32:56 - [TEST_STEP][PASSED] - setText: Text '10' is set on object 'Object Repository/HealthpostToStore/Page_HealthPost Store/input_txttreat'

2018-05-19 18:32:56 - [MESSAGE][PASSED] - Text '10' is set on object 'Object Repository/HealthpostToStore/Page_HealthPost Store/input_txttreat'

2018-05-19 18:32:56 - [TEST_STEP][PASSED] - doubleClick: Object: 'Object Repository/HealthpostToStore/Page_HealthPost Store/button_Add' is double clicked on

2018-05-19 18:32:56 - [MESSAGE][PASSED] - Object: 'Object Repository/HealthpostToStore/Page_HealthPost Store/button_Add' is double clicked on

2018-05-19 18:32:56 - [TEST_STEP][PASSED] - selectOptionByIndex: All options with index in [7] are selected on object 'Object Repository/HealthpostToStore/Page_HealthPost Store/select_--Select--Schedule 1Inj'

2018-05-19 18:32:56 - [MESSAGE][PASSED] - All options with index in [7] are selected on object 'Object Repository/HealthpostToStore/Page_HealthPost Store/select_--Select--Schedule 1Inj'

2018-05-19 18:32:56 - [TEST_STEP][PASSED] - delay: Delayed 1 second(s)

2018-05-19 18:32:57 - [MESSAGE][PASSED] - Delayed 1 second(s)

2018-05-19 18:32:57 - [TEST_STEP][PASSED] - selectOptionByIndex: All options with index in [23] are selected on object 'Object Repository/HealthpostToStore/Page_HealthPost Store/select_--Select--Adernaline 0.'

2018-05-19 18:32:58 - [MESSAGE][PASSED] - All options with index in [23] are selected on object 'Object Repository/HealthpostToStore/Page_HealthPost Store/select_--Select--Adernaline 0.'

2018-05-19 18:32:58 - [TEST_STEP][PASSED] - setText: Text '10' is set on object 'Object Repository/HealthpostToStore/Page_HealthPost Store/input_txttreat'

2018-05-19 18:32:58 - [MESSAGE][PASSED] - Text '10' is set on object 'Object Repository/HealthpostToStore/Page_HealthPost Store/input_txttreat'

2018-05-19 18:32:58 - [TEST_STEP][PASSED] - doubleClick: Object: 'Object Repository/HealthpostToStore/Page_HealthPost Store/button_Add' is double clicked on

2018-05-19 18:32:58 - [MESSAGE][PASSED] - Object: 'Object Repository/HealthpostToStore/Page_HealthPost Store/button_Add' is double clicked on

2018-05-19 18:32:58 - [TEST_STEP][PASSED] - scrollToElement: Scroll to object 'Object Repository/HealthpostToStore/Page_HealthPost Store/input_btnsave' successfully

2018-05-19 18:32:58 - [MESSAGE][PASSED] - Scroll to object 'Object Repository/HealthpostToStore/Page_HealthPost Store/input_btnsave' successfully

2018-05-19 18:32:58 - [TEST_STEP][PASSED] - click: Object: 'Object Repository/HealthpostToStore/Page_HealthPost Store/input_btnsave' is clicked on

2018-05-19 18:32:58 - [MESSAGE][PASSED] - Object: 'Object Repository/HealthpostToStore/Page_HealthPost Store/input_btnsave' is clicked on

2018-05-19 18:32:58 - [TEST_STEP][PASSED] - delay: Delayed 3 second(s)

2018-05-19 18:33:01 - [MESSAGE][PASSED] - Delayed 3 second(s)

2018-05-19 18:33:01 - [TEST_STEP][PASSED] - Statement - RN1 = com.kms.katalon.core.webui.keyword.WebUiBuiltInKeywords.getText(com.kms.katalon.core.testobject.ObjectRepository.findTestObject(HealthpostToStore/Page_HealthPost Store/font_HPRNO180520187)): Text of object 'Object Repository/HealthpostToStore/Page_HealthPost Store/font_HPRNO180520187' is: 'HPRNO/19052018/50'

2018-05-19 18:33:01 - [MESSAGE][PASSED] - Text of object 'Object Repository/HealthpostToStore/Page_HealthPost Store/font_HPRNO180520187' is: 'HPRNO/19052018/50'

2018-05-19 18:33:01 - [TEST_STEP][PASSED] - Statement - out.println(RN1): null

2018-05-19 18:33:01 - [TEST_STEP][PASSED] - Statement - RID = RN1.split("/")[2]: null

2018-05-19 18:33:01 - [TEST_STEP][PASSED] - click: Object: 'Object Repository/HealthpostToStore/Page_HealthPost Store/button_OK' is clicked on

2018-05-19 18:33:01 - [MESSAGE][PASSED] - Object: 'Object Repository/HealthpostToStore/Page_HealthPost Store/button_OK' is clicked on

2018-05-19 18:33:01 - [TEST_STEP][PASSED] - delay: Delayed 3 second(s)

2018-05-19 18:33:04 - [MESSAGE][PASSED] - Delayed 3 second(s)

2018-05-19 18:33:04 - [TEST_STEP][PASSED] - click: Object: 'Object Repository/HealthpostToStore/Page_HealthPost Store/a_dropdown-toggle' is clicked on

2018-05-19 18:33:05 - [MESSAGE][PASSED] - Object: 'Object Repository/HealthpostToStore/Page_HealthPost Store/a_dropdown-toggle' is clicked on

2018-05-19 18:33:05 - [TEST_STEP][PASSED] - click: Object: 'Object Repository/HealthpostToStore/Page_HealthPost Store/a_Sign out' is clicked on

2018-05-19 18:33:05 - [MESSAGE][PASSED] - Object: 'Object Repository/HealthpostToStore/Page_HealthPost Store/a_Sign out' is clicked on

2018-05-19 18:33:05 - [TEST_STEP][PASSED] - delay: Delayed 3 second(s)

2018-05-19 18:33:08 - [MESSAGE][PASSED] - Delayed 3 second(s)

2018-05-19 18:33:08 - [TEST_STEP][PASSED] - navigateToUrl: Navigate to 'http://192.168.137.1/multihospital_new/' successfully

2018-05-19 18:33:09 - [MESSAGE][PASSED] - Navigate to 'http://192.168.137.1/multihospital_new/' successfully

2018-05-19 18:33:09 - [TEST_STEP][PASSED] - click: Object: 'Object Repository/HealthpostToStore/Page_KDMC/a_CMO' is clicked on

2018-05-19 18:33:09 - [MESSAGE][PASSED] - Object: 'Object Repository/HealthpostToStore/Page_KDMC/a_CMO' is clicked on

2018-05-19 18:33:09 - [TEST_STEP][PASSED] - setText: Text 'guru' is set on object 'Object Repository/HealthpostToStore/Page_CMO login/input_txtusername'

2018-05-19 18:33:10 - [MESSAGE][PASSED] - Text 'guru' is set on object 'Object Repository/HealthpostToStore/Page_CMO login/input_txtusername'

2018-05-19 18:33:10 - [TEST_STEP][PASSED] - setText: Text '123' is set on object 'Object Repository/HealthpostToStore/Page_CMO login/input_txtpassword'

2018-05-19 18:33:10 - [MESSAGE][PASSED] - Text '123' is set on object 'Object Repository/HealthpostToStore/Page_CMO login/input_txtpassword'

2018-05-19 18:33:10 - [TEST_STEP][PASSED] - delay: Delayed 3 second(s)

2018-05-19 18:33:13 - [MESSAGE][PASSED] - Delayed 3 second(s)

2018-05-19 18:33:13 - [TEST_STEP][PASSED] - click: Object: 'Object Repository/HealthpostToStore/Page_CMO login/button_Sign in' is clicked on

2018-05-19 18:33:19 - [MESSAGE][PASSED] - Object: 'Object Repository/HealthpostToStore/Page_CMO login/button_Sign in' is clicked on

2018-05-19 18:33:19 - [TEST_STEP][PASSED] - click: Object: 'Object Repository/HealthpostToStore/Page_KDMC - CMO/a_Department Wise Request' is clicked on

2018-05-19 18:33:21 - [MESSAGE][PASSED] - Object: 'Object Repository/HealthpostToStore/Page_KDMC - CMO/a_Department Wise Request' is clicked on

2018-05-19 18:33:21 - [TEST_STEP][PASSED] - delay: Delayed 2 second(s)

2018-05-19 18:33:23 - [MESSAGE][PASSED] - Delayed 2 second(s)

2018-05-19 18:33:23 - [TEST_STEP][PASSED] - selectOptionByIndex: All options with index in [5] are selected on object 'Object Repository/HealthpostToStore/Page_KDMC - CMO/select_--ALL--'

2018-05-19 18:33:23 - [MESSAGE][PASSED] - All options with index in [5] are selected on object 'Object Repository/HealthpostToStore/Page_KDMC - CMO/select_--ALL--'

2018-05-19 18:33:23 - [TEST_STEP][PASSED] - click: Object: 'Object Repository/HealthpostToStore/Page_KDMC - CMO/input_btnsearch' is clicked on

2018-05-19 18:33:23 - [MESSAGE][PASSED] - Object: 'Object Repository/HealthpostToStore/Page_KDMC - CMO/input_btnsearch' is clicked on

2018-05-19 18:33:23 - [TEST_STEP][PASSED] - selectOptionByIndex: All options with index in [1] are selected on object 'Object Repository/HealthpostToStore/Page_KDMC - CMO/select_--ALL--                _1'

2018-05-19 18:33:23 - [MESSAGE][PASSED] - All options with index in [1] are selected on object 'Object Repository/HealthpostToStore/Page_KDMC - CMO/select_--ALL--                _1'

2018-05-19 18:33:23 - [TEST_STEP][PASSED] - click: Object: 'Object Repository/HealthpostToStore/Page_KDMC - CMO/input_btnsearch' is clicked on

2018-05-19 18:33:23 - [MESSAGE][PASSED] - Object: 'Object Repository/HealthpostToStore/Page_KDMC - CMO/input_btnsearch' is clicked on

2018-05-19 18:33:23 - [TEST_STEP][PASSED] - Statement - ID = com.kms.katalon.core.webui.keyword.WebUiBuiltInKeywords.modifyObjectProperty(com.kms.katalon.core.testobject.ObjectRepository.findTestObject(lab/Page_KDMC - CMO/input_1), "xpath", "equals", "//*[@id=" + RID + "]", true): Modify property of object successfully

2018-05-19 18:33:23 - [MESSAGE][PASSED] - Modify property of object successfully

2018-05-19 18:33:23 - [TEST_STEP][PASSED] - click: Object: 'Object Repository/lab/Page_KDMC - CMO/input_1' is clicked on

2018-05-19 18:33:24 - [MESSAGE][PASSED] - Object: 'Object Repository/lab/Page_KDMC - CMO/input_1' is clicked on

2018-05-19 18:33:24 - [TEST_STEP][PASSED] - delay: Delayed 2 second(s)

2018-05-19 18:33:26 - [MESSAGE][PASSED] - Delayed 2 second(s)

2018-05-19 18:33:26 - [TEST_STEP][PASSED] - selectOptionByIndex: All options with index in [1] are selected on object 'Object Repository/HealthpostToStore/Page_KDMC - CMO/select_--Select--'

2018-05-19 18:33:26 - [MESSAGE][PASSED] - All options with index in [1] are selected on object 'Object Repository/HealthpostToStore/Page_KDMC - CMO/select_--Select--'

2018-05-19 18:33:26 - [TEST_STEP][PASSED] - click: Object: 'Object Repository/HealthpostToStore/Page_KDMC - CMO/input_btnupdate' is clicked on

2018-05-19 18:33:26 - [MESSAGE][PASSED] - Object: 'Object Repository/HealthpostToStore/Page_KDMC - CMO/input_btnupdate' is clicked on

2018-05-19 18:33:26 - [TEST_STEP][PASSED] - delay: Delayed 2 second(s)

2018-05-19 18:33:28 - [MESSAGE][PASSED] - Delayed 2 second(s)

2018-05-19 18:33:28 - [TEST_STEP][PASSED] - click: Object: 'Object Repository/HealthpostToStore/Page_KDMC - CMO/button_OK' is clicked on

2018-05-19 18:33:29 - [MESSAGE][PASSED] - Object: 'Object Repository/HealthpostToStore/Page_KDMC - CMO/button_OK' is clicked on

2018-05-19 18:33:29 - [TEST_STEP][PASSED] - delay: Delayed 2 second(s)

2018-05-19 18:33:31 - [MESSAGE][PASSED] - Delayed 2 second(s)

2018-05-19 18:33:31 - [TEST_STEP][PASSED] - click: Object: 'Object Repository/HealthpostToStore/Page_KDMC - CMO/a_dropdown-toggle' is clicked on

2018-05-19 18:33:31 - [MESSAGE][PASSED] - Object: 'Object Repository/HealthpostToStore/Page_KDMC - CMO/a_dropdown-toggle' is clicked on

2018-05-19 18:33:31 - [TEST_STEP][PASSED] - click: Object: 'Object Repository/HealthpostToStore/Page_KDMC - CMO/a_Sign out' is clicked on

2018-05-19 18:33:31 - [MESSAGE][PASSED] - Object: 'Object Repository/HealthpostToStore/Page_KDMC - CMO/a_Sign out' is clicked on

2018-05-19 18:33:31 - [TEST_STEP][PASSED] - delay: Delayed 3 second(s)

2018-05-19 18:33:34 - [MESSAGE][PASSED] - Delayed 3 second(s)

2018-05-19 18:33:34 - [TEST_STEP][PASSED] - click: Object: 'Object Repository/HealthpostToStore/Page_KDMC/a_Divisional Store' is clicked on

2018-05-19 18:33:35 - [MESSAGE][PASSED] - Object: 'Object Repository/HealthpostToStore/Page_KDMC/a_Divisional Store' is clicked on

2018-05-19 18:33:35 - [TEST_STEP][PASSED] - setText: Text 'ragu' is set on object 'Object Repository/HealthpostToStore/Page_Divisonal Store Login/input_txtusername'

2018-05-19 18:33:35 - [MESSAGE][PASSED] - Text 'ragu' is set on object 'Object Repository/HealthpostToStore/Page_Divisonal Store Login/input_txtusername'

2018-05-19 18:33:35 - [TEST_STEP][PASSED] - setText: Text '123' is set on object 'Object Repository/HealthpostToStore/Page_Divisonal Store Login/input_txtpassword'

2018-05-19 18:33:35 - [MESSAGE][PASSED] - Text '123' is set on object 'Object Repository/HealthpostToStore/Page_Divisonal Store Login/input_txtpassword'

2018-05-19 18:33:35 - [TEST_STEP][PASSED] - delay: Delayed 3 second(s)

2018-05-19 18:33:38 - [MESSAGE][PASSED] - Delayed 3 second(s)

2018-05-19 18:33:38 - [TEST_STEP][PASSED] - click: Object: 'Object Repository/HealthpostToStore/Page_Divisonal Store Login/button_Sign in' is clicked on

2018-05-19 18:33:40 - [MESSAGE][PASSED] - Object: 'Object Repository/HealthpostToStore/Page_Divisonal Store Login/button_Sign in' is clicked on

2018-05-19 18:33:40 - [TEST_STEP][PASSED] - delay: Delayed 3 second(s)

2018-05-19 18:33:43 - [MESSAGE][PASSED] - Delayed 3 second(s)

2018-05-19 18:33:43 - [TEST_STEP][PASSED] - click: Object: 'Object Repository/HealthpostToStore/Page_Store/a_Health Post Request' is clicked on

2018-05-19 18:33:43 - [MESSAGE][PASSED] - Object: 'Object Repository/HealthpostToStore/Page_Store/a_Health Post Request' is clicked on

2018-05-19 18:33:43 - [TEST_STEP][PASSED] - click: Object: 'Object Repository/HealthpostToStore/Page_Store/a_Request Item HealthPost' is clicked on

2018-05-19 18:33:44 - [MESSAGE][PASSED] - Object: 'Object Repository/HealthpostToStore/Page_Store/a_Request Item HealthPost' is clicked on

2018-05-19 18:33:44 - [TEST_STEP][PASSED] - Statement - ChooseRequest = com.kms.katalon.core.webui.keyword.WebUiBuiltInKeywords.modifyObjectProperty(com.kms.katalon.core.testobject.ObjectRepository.findTestObject(lab/Page_Store/input_1), "xpath", "equals", "//*[@id=" + RID + "]", true): Modify property of object successfully

2018-05-19 18:33:44 - [MESSAGE][PASSED] - Modify property of object successfully

2018-05-19 18:33:44 - [TEST_STEP][PASSED] - click: Object: 'Object Repository/lab/Page_Store/input_1' is clicked on

2018-05-19 18:33:44 - [MESSAGE][PASSED] - Object: 'Object Repository/lab/Page_Store/input_1' is clicked on

2018-05-19 18:33:44 - [TEST_STEP][PASSED] - Statement - selectedoptions = com.kms.katalon.core.webui.keyword.WebUiBuiltInKeywords.getNumberOfTotalOption(com.kms.katalon.core.testobject.ObjectRepository.findTestObject(HealthpostToStore/Page_Store/select_--Select--Adernaline 0.)): 24 options of object 'Object Repository/HealthpostToStore/Page_Store/select_--Select--Adernaline 0.' counted

2018-05-19 18:33:44 - [MESSAGE][PASSED] - 24 options of object 'Object Repository/HealthpostToStore/Page_Store/select_--Select--Adernaline 0.' counted

2018-05-19 18:33:44 - [TEST_STEP][PASSED] - Statement - For ([a = 1, a <= selectedoptions - 1, (a++)]): null

2018-05-19 18:33:44 - [TEST_STEP][PASSED] - selectOptionByIndex: All options with index in [1] are selected on object 'Object Repository/HealthpostToStore/Page_Store/select_--Select--Adernaline 0.'

2018-05-19 18:33:45 - [MESSAGE][PASSED] - All options with index in [1] are selected on object 'Object Repository/HealthpostToStore/Page_Store/select_--Select--Adernaline 0.'

2018-05-19 18:33:45 - [TEST_STEP][PASSED] - delay: Delayed 2 second(s)

2018-05-19 18:33:47 - [MESSAGE][PASSED] - Delayed 2 second(s)

2018-05-19 18:33:47 - [TEST_STEP][PASSED] - Statement - RequestedQty = com.kms.katalon.core.webui.keyword.WebUiBuiltInKeywords.getAttribute(com.kms.katalon.core.testobject.ObjectRepository.findTestObject(HealthpostToStore/Page_Store/input_txttotal), "value"): Attribute 'value' of object 'Object Repository/HealthpostToStore/Page_Store/input_txttotal' is: '10'

2018-05-19 18:33:47 - [MESSAGE][PASSED] - Attribute 'value' of object 'Object Repository/HealthpostToStore/Page_Store/input_txttotal' is: '10'

2018-05-19 18:33:47 - [TEST_STEP][PASSED] - Statement - out.println("Requested QTY : " + RequestedQty): null

2018-05-19 18:33:47 - [TEST_STEP][PASSED] - Statement - BatchNumber = com.kms.katalon.core.webui.keyword.WebUiBuiltInKeywords.getNumberOfTotalOption(com.kms.katalon.core.testobject.ObjectRepository.findTestObject(HealthpostToStore/Page_Store/select_--Select--BA1170BA2376B)): 3 options of object 'Object Repository/HealthpostToStore/Page_Store/select_--Select--BA1170BA2376B' counted

2018-05-19 18:33:47 - [MESSAGE][PASSED] - 3 options of object 'Object Repository/HealthpostToStore/Page_Store/select_--Select--BA1170BA2376B' counted

2018-05-19 18:33:47 - [TEST_STEP][PASSED] - Statement - For ([g = 1, g <= BatchNumber - 1, (g++)]): null

2018-05-19 18:33:47 - [TEST_STEP][PASSED] - selectOptionByIndex: All options with index in [1] are selected on object 'Object Repository/HealthpostToStore/Page_Store/select_--Select--BA1170BA2376B'

2018-05-19 18:33:47 - [MESSAGE][PASSED] - All options with index in [1] are selected on object 'Object Repository/HealthpostToStore/Page_Store/select_--Select--BA1170BA2376B'

2018-05-19 18:33:47 - [TEST_STEP][PASSED] - Statement - Try: null

2018-05-19 18:33:47 - [TEST_STEP][PASSED] - Statement - StockQty = com.kms.katalon.core.webui.keyword.WebUiBuiltInKeywords.getAttribute(com.kms.katalon.core.testobject.ObjectRepository.findTestObject(HealthpostToStore/Page_Store/input_txtprice), "value"): Attribute 'value' of object 'Object Repository/HealthpostToStore/Page_Store/input_txtprice' is: '30'

2018-05-19 18:33:47 - [MESSAGE][PASSED] - Attribute 'value' of object 'Object Repository/HealthpostToStore/Page_Store/input_txtprice' is: '30'

2018-05-19 18:33:47 - [TEST_STEP][PASSED] - Statement - out.println("Stock QTY : " + StockQty): null

2018-05-19 18:33:47 - [TEST_STEP][PASSED] - delay: Delayed 2 second(s)

2018-05-19 18:33:49 - [MESSAGE][PASSED] - Delayed 2 second(s)

2018-05-19 18:33:49 - [TEST_STEP][PASSED] - Statement - If (java.lang.String.valueOf(StockQty) >= java.lang.String.valueOf(RequestedQty)): null

2018-05-19 18:33:49 - [TEST_STEP][PASSED] - setText: Text '10' is set on object 'Object Repository/HealthpostToStore/Page_Store/input_txtqty'

2018-05-19 18:33:49 - [MESSAGE][PASSED] - Text '10' is set on object 'Object Repository/HealthpostToStore/Page_Store/input_txtqty'

2018-05-19 18:33:49 - [TEST_STEP][PASSED] - click: Object: 'Object Repository/HealthpostToStore/Page_Store/button_Add' is clicked on

2018-05-19 18:33:49 - [MESSAGE][PASSED] - Object: 'Object Repository/HealthpostToStore/Page_Store/button_Add' is clicked on

2018-05-19 18:33:49 - [TEST_STEP][PASSED] - Statement - Break: null

2018-05-19 18:33:49 - [TEST_STEP][PASSED] - selectOptionByIndex: All options with index in [2] are selected on object 'Object Repository/HealthpostToStore/Page_Store/select_--Select--Adernaline 0.'

2018-05-19 18:33:49 - [MESSAGE][PASSED] - All options with index in [2] are selected on object 'Object Repository/HealthpostToStore/Page_Store/select_--Select--Adernaline 0.'

2018-05-19 18:33:49 - [TEST_STEP][PASSED] - delay: Delayed 2 second(s)

2018-05-19 18:33:51 - [MESSAGE][PASSED] - Delayed 2 second(s)

2018-05-19 18:33:51 - [TEST_STEP][PASSED] - Statement - RequestedQty = com.kms.katalon.core.webui.keyword.WebUiBuiltInKeywords.getAttribute(com.kms.katalon.core.testobject.ObjectRepository.findTestObject(HealthpostToStore/Page_Store/input_txttotal), "value"): Attribute 'value' of object 'Object Repository/HealthpostToStore/Page_Store/input_txttotal' is: '10'

2018-05-19 18:33:51 - [MESSAGE][PASSED] - Attribute 'value' of object 'Object Repository/HealthpostToStore/Page_Store/input_txttotal' is: '10'

2018-05-19 18:33:51 - [TEST_STEP][PASSED] - Statement - out.println("Requested QTY : " + RequestedQty): null

2018-05-19 18:33:51 - [TEST_STEP][PASSED] - Statement - BatchNumber = com.kms.katalon.core.webui.keyword.WebUiBuiltInKeywords.getNumberOfTotalOption(com.kms.katalon.core.testobject.ObjectRepository.findTestObject(HealthpostToStore/Page_Store/select_--Select--BA1170BA2376B)): 3 options of object 'Object Repository/HealthpostToStore/Page_Store/select_--Select--BA1170BA2376B' counted

2018-05-19 18:33:51 - [MESSAGE][PASSED] - 3 options of object 'Object Repository/HealthpostToStore/Page_Store/select_--Select--BA1170BA2376B' counted

2018-05-19 18:33:51 - [TEST_STEP][PASSED] - Statement - For ([g = 1, g <= BatchNumber - 1, (g++)]): null

2018-05-19 18:33:51 - [TEST_STEP][PASSED] - selectOptionByIndex: All options with index in [1] are selected on object 'Object Repository/HealthpostToStore/Page_Store/select_--Select--BA1170BA2376B'

2018-05-19 18:33:52 - [MESSAGE][PASSED] - All options with index in [1] are selected on object 'Object Repository/HealthpostToStore/Page_Store/select_--Select--BA1170BA2376B'

2018-05-19 18:33:52 - [TEST_STEP][PASSED] - Statement - Try: null

2018-05-19 18:33:52 - [TEST_STEP][PASSED] - Statement - StockQty = com.kms.katalon.core.webui.keyword.WebUiBuiltInKeywords.getAttribute(com.kms.katalon.core.testobject.ObjectRepository.findTestObject(HealthpostToStore/Page_Store/input_txtprice), "value"): Attribute 'value' of object 'Object Repository/HealthpostToStore/Page_Store/input_txtprice' is: '30'

2018-05-19 18:33:52 - [MESSAGE][PASSED] - Attribute 'value' of object 'Object Repository/HealthpostToStore/Page_Store/input_txtprice' is: '30'

2018-05-19 18:33:52 - [TEST_STEP][PASSED] - Statement - out.println("Stock QTY : " + StockQty): null

2018-05-19 18:33:52 - [TEST_STEP][PASSED] - delay: Delayed 2 second(s)

2018-05-19 18:33:54 - [MESSAGE][PASSED] - Delayed 2 second(s)

2018-05-19 18:33:54 - [TEST_STEP][PASSED] - Statement - If (java.lang.String.valueOf(StockQty) >= java.lang.String.valueOf(RequestedQty)): null

2018-05-19 18:33:54 - [TEST_STEP][PASSED] - setText: Text '10' is set on object 'Object Repository/HealthpostToStore/Page_Store/input_txtqty'

2018-05-19 18:33:54 - [MESSAGE][PASSED] - Text '10' is set on object 'Object Repository/HealthpostToStore/Page_Store/input_txtqty'

2018-05-19 18:33:54 - [TEST_STEP][PASSED] - click: Object: 'Object Repository/HealthpostToStore/Page_Store/button_Add' is clicked on

2018-05-19 18:33:54 - [MESSAGE][PASSED] - Object: 'Object Repository/HealthpostToStore/Page_Store/button_Add' is clicked on

2018-05-19 18:33:54 - [TEST_STEP][PASSED] - Statement - Break: null

2018-05-19 18:33:54 - [TEST_STEP][PASSED] - selectOptionByIndex: All options with index in [3] are selected on object 'Object Repository/HealthpostToStore/Page_Store/select_--Select--Adernaline 0.'

2018-05-19 18:33:55 - [MESSAGE][PASSED] - All options with index in [3] are selected on object 'Object Repository/HealthpostToStore/Page_Store/select_--Select--Adernaline 0.'

2018-05-19 18:33:55 - [TEST_STEP][PASSED] - delay: Delayed 2 second(s)

2018-05-19 18:33:57 - [MESSAGE][PASSED] - Delayed 2 second(s)

2018-05-19 18:33:57 - [TEST_STEP][PASSED] - Statement - RequestedQty = com.kms.katalon.core.webui.keyword.WebUiBuiltInKeywords.getAttribute(com.kms.katalon.core.testobject.ObjectRepository.findTestObject(HealthpostToStore/Page_Store/input_txttotal), "value"): Attribute 'value' of object 'Object Repository/HealthpostToStore/Page_Store/input_txttotal' is: '10'

2018-05-19 18:33:57 - [MESSAGE][PASSED] - Attribute 'value' of object 'Object Repository/HealthpostToStore/Page_Store/input_txttotal' is: '10'

2018-05-19 18:33:57 - [TEST_STEP][PASSED] - Statement - out.println("Requested QTY : " + RequestedQty): null

2018-05-19 18:33:57 - [TEST_STEP][PASSED] - Statement - BatchNumber = com.kms.katalon.core.webui.keyword.WebUiBuiltInKeywords.getNumberOfTotalOption(com.kms.katalon.core.testobject.ObjectRepository.findTestObject(HealthpostToStore/Page_Store/select_--Select--BA1170BA2376B)): 3 options of object 'Object Repository/HealthpostToStore/Page_Store/select_--Select--BA1170BA2376B' counted

2018-05-19 18:33:57 - [MESSAGE][PASSED] - 3 options of object 'Object Repository/HealthpostToStore/Page_Store/select_--Select--BA1170BA2376B' counted

2018-05-19 18:33:57 - [TEST_STEP][PASSED] - Statement - For ([g = 1, g <= BatchNumber - 1, (g++)]): null

2018-05-19 18:33:57 - [TEST_STEP][PASSED] - selectOptionByIndex: All options with index in [1] are selected on object 'Object Repository/HealthpostToStore/Page_Store/select_--Select--BA1170BA2376B'

2018-05-19 18:33:57 - [MESSAGE][PASSED] - All options with index in [1] are selected on object 'Object Repository/HealthpostToStore/Page_Store/select_--Select--BA1170BA2376B'

2018-05-19 18:33:57 - [TEST_STEP][PASSED] - Statement - Try: null

2018-05-19 18:33:57 - [TEST_STEP][PASSED] - Statement - StockQty = com.kms.katalon.core.webui.keyword.WebUiBuiltInKeywords.getAttribute(com.kms.katalon.core.testobject.ObjectRepository.findTestObject(HealthpostToStore/Page_Store/input_txtprice), "value"): Attribute 'value' of object 'Object Repository/HealthpostToStore/Page_Store/input_txtprice' is: '30'

2018-05-19 18:33:57 - [MESSAGE][PASSED] - Attribute 'value' of object 'Object Repository/HealthpostToStore/Page_Store/input_txtprice' is: '30'

2018-05-19 18:33:57 - [TEST_STEP][PASSED] - Statement - out.println("Stock QTY : " + StockQty): null

2018-05-19 18:33:57 - [TEST_STEP][PASSED] - delay: Delayed 2 second(s)

2018-05-19 18:33:59 - [MESSAGE][PASSED] - Delayed 2 second(s)

2018-05-19 18:33:59 - [TEST_STEP][PASSED] - Statement - If (java.lang.String.valueOf(StockQty) >= java.lang.String.valueOf(RequestedQty)): null

2018-05-19 18:33:59 - [TEST_STEP][PASSED] - setText: Text '10' is set on object 'Object Repository/HealthpostToStore/Page_Store/input_txtqty'

2018-05-19 18:33:59 - [MESSAGE][PASSED] - Text '10' is set on object 'Object Repository/HealthpostToStore/Page_Store/input_txtqty'

2018-05-19 18:33:59 - [TEST_STEP][PASSED] - click: Object: 'Object Repository/HealthpostToStore/Page_Store/button_Add' is clicked on

2018-05-19 18:33:59 - [MESSAGE][PASSED] - Object: 'Object Repository/HealthpostToStore/Page_Store/button_Add' is clicked on

2018-05-19 18:33:59 - [TEST_STEP][PASSED] - Statement - Break: null

2018-05-19 18:33:59 - [TEST_STEP][PASSED] - selectOptionByIndex: All options with index in [4] are selected on object 'Object Repository/HealthpostToStore/Page_Store/select_--Select--Adernaline 0.'

2018-05-19 18:34:00 - [MESSAGE][PASSED] - All options with index in [4] are selected on object 'Object Repository/HealthpostToStore/Page_Store/select_--Select--Adernaline 0.'

2018-05-19 18:34:00 - [TEST_STEP][PASSED] - delay: Delayed 2 second(s)

2018-05-19 18:34:02 - [MESSAGE][PASSED] - Delayed 2 second(s)

2018-05-19 18:34:02 - [TEST_STEP][PASSED] - Statement - RequestedQty = com.kms.katalon.core.webui.keyword.WebUiBuiltInKeywords.getAttribute(com.kms.katalon.core.testobject.ObjectRepository.findTestObject(HealthpostToStore/Page_Store/input_txttotal), "value"): Attribute 'value' of object 'Object Repository/HealthpostToStore/Page_Store/input_txttotal' is: '10'

2018-05-19 18:34:02 - [MESSAGE][PASSED] - Attribute 'value' of object 'Object Repository/HealthpostToStore/Page_Store/input_txttotal' is: '10'

2018-05-19 18:34:02 - [TEST_STEP][PASSED] - Statement - out.println("Requested QTY : " + RequestedQty): null

2018-05-19 18:34:02 - [TEST_STEP][PASSED] - Statement - BatchNumber = com.kms.katalon.core.webui.keyword.WebUiBuiltInKeywords.getNumberOfTotalOption(com.kms.katalon.core.testobject.ObjectRepository.findTestObject(HealthpostToStore/Page_Store/select_--Select--BA1170BA2376B)): 3 options of object 'Object Repository/HealthpostToStore/Page_Store/select_--Select--BA1170BA2376B' counted

2018-05-19 18:34:02 - [MESSAGE][PASSED] - 3 options of object 'Object Repository/HealthpostToStore/Page_Store/select_--Select--BA1170BA2376B' counted

2018-05-19 18:34:02 - [TEST_STEP][PASSED] - Statement - For ([g = 1, g <= BatchNumber - 1, (g++)]): null

2018-05-19 18:34:02 - [TEST_STEP][PASSED] - selectOptionByIndex: All options with index in [1] are selected on object 'Object Repository/HealthpostToStore/Page_Store/select_--Select--BA1170BA2376B'

2018-05-19 18:34:02 - [MESSAGE][PASSED] - All options with index in [1] are selected on object 'Object Repository/HealthpostToStore/Page_Store/select_--Select--BA1170BA2376B'

2018-05-19 18:34:02 - [TEST_STEP][PASSED] - Statement - Try: null

2018-05-19 18:34:02 - [TEST_STEP][PASSED] - Statement - StockQty = com.kms.katalon.core.webui.keyword.WebUiBuiltInKeywords.getAttribute(com.kms.katalon.core.testobject.ObjectRepository.findTestObject(HealthpostToStore/Page_Store/input_txtprice), "value"): Attribute 'value' of object 'Object Repository/HealthpostToStore/Page_Store/input_txtprice' is: '30'

2018-05-19 18:34:02 - [MESSAGE][PASSED] - Attribute 'value' of object 'Object Repository/HealthpostToStore/Page_Store/input_txtprice' is: '30'

2018-05-19 18:34:02 - [TEST_STEP][PASSED] - Statement - out.println("Stock QTY : " + StockQty): null

2018-05-19 18:34:02 - [TEST_STEP][PASSED] - delay: Delayed 2 second(s)

2018-05-19 18:34:04 - [MESSAGE][PASSED] - Delayed 2 second(s)

2018-05-19 18:34:04 - [TEST_STEP][PASSED] - Statement - If (java.lang.String.valueOf(StockQty) >= java.lang.String.valueOf(RequestedQty)): null

2018-05-19 18:34:04 - [TEST_STEP][PASSED] - setText: Text '10' is set on object 'Object Repository/HealthpostToStore/Page_Store/input_txtqty'

2018-05-19 18:34:04 - [MESSAGE][PASSED] - Text '10' is set on object 'Object Repository/HealthpostToStore/Page_Store/input_txtqty'

2018-05-19 18:34:04 - [TEST_STEP][PASSED] - click: Object: 'Object Repository/HealthpostToStore/Page_Store/button_Add' is clicked on

2018-05-19 18:34:04 - [MESSAGE][PASSED] - Object: 'Object Repository/HealthpostToStore/Page_Store/button_Add' is clicked on

2018-05-19 18:34:04 - [TEST_STEP][PASSED] - Statement - Break: null

2018-05-19 18:34:04 - [TEST_STEP][PASSED] - selectOptionByIndex: All options with index in [5] are selected on object 'Object Repository/HealthpostToStore/Page_Store/select_--Select--Adernaline 0.'

2018-05-19 18:34:04 - [MESSAGE][PASSED] - All options with index in [5] are selected on object 'Object Repository/HealthpostToStore/Page_Store/select_--Select--Adernaline 0.'

2018-05-19 18:34:04 - [TEST_STEP][PASSED] - delay: Delayed 2 second(s)

2018-05-19 18:34:06 - [MESSAGE][PASSED] - Delayed 2 second(s)

2018-05-19 18:34:06 - [TEST_STEP][PASSED] - Statement - RequestedQty = com.kms.katalon.core.webui.keyword.WebUiBuiltInKeywords.getAttribute(com.kms.katalon.core.testobject.ObjectRepository.findTestObject(HealthpostToStore/Page_Store/input_txttotal), "value"): Attribute 'value' of object 'Object Repository/HealthpostToStore/Page_Store/input_txttotal' is: '10'

2018-05-19 18:34:06 - [MESSAGE][PASSED] - Attribute 'value' of object 'Object Repository/HealthpostToStore/Page_Store/input_txttotal' is: '10'

2018-05-19 18:34:06 - [TEST_STEP][PASSED] - Statement - out.println("Requested QTY : " + RequestedQty): null

2018-05-19 18:34:06 - [TEST_STEP][PASSED] - Statement - BatchNumber = com.kms.katalon.core.webui.keyword.WebUiBuiltInKeywords.getNumberOfTotalOption(com.kms.katalon.core.testobject.ObjectRepository.findTestObject(HealthpostToStore/Page_Store/select_--Select--BA1170BA2376B)): 3 options of object 'Object Repository/HealthpostToStore/Page_Store/select_--Select--BA1170BA2376B' counted

2018-05-19 18:34:07 - [MESSAGE][PASSED] - 3 options of object 'Object Repository/HealthpostToStore/Page_Store/select_--Select--BA1170BA2376B' counted

2018-05-19 18:34:07 - [TEST_STEP][PASSED] - Statement - For ([g = 1, g <= BatchNumber - 1, (g++)]): null

2018-05-19 18:34:07 - [TEST_STEP][PASSED] - selectOptionByIndex: All options with index in [1] are selected on object 'Object Repository/HealthpostToStore/Page_Store/select_--Select--BA1170BA2376B'

2018-05-19 18:34:07 - [MESSAGE][PASSED] - All options with index in [1] are selected on object 'Object Repository/HealthpostToStore/Page_Store/select_--Select--BA1170BA2376B'

2018-05-19 18:34:07 - [TEST_STEP][PASSED] - Statement - Try: null

2018-05-19 18:34:07 - [TEST_STEP][PASSED] - Statement - StockQty = com.kms.katalon.core.webui.keyword.WebUiBuiltInKeywords.getAttribute(com.kms.katalon.core.testobject.ObjectRepository.findTestObject(HealthpostToStore/Page_Store/input_txtprice), "value"): Attribute 'value' of object 'Object Repository/HealthpostToStore/Page_Store/input_txtprice' is: '30'

2018-05-19 18:34:07 - [MESSAGE][PASSED] - Attribute 'value' of object 'Object Repository/HealthpostToStore/Page_Store/input_txtprice' is: '30'

2018-05-19 18:34:07 - [TEST_STEP][PASSED] - Statement - out.println("Stock QTY : " + StockQty): null

2018-05-19 18:34:07 - [TEST_STEP][PASSED] - delay: Delayed 2 second(s)

2018-05-19 18:34:09 - [MESSAGE][PASSED] - Delayed 2 second(s)

2018-05-19 18:34:09 - [TEST_STEP][PASSED] - Statement - If (java.lang.String.valueOf(StockQty) >= java.lang.String.valueOf(RequestedQty)): null

2018-05-19 18:34:09 - [TEST_STEP][PASSED] - setText: Text '10' is set on object 'Object Repository/HealthpostToStore/Page_Store/input_txtqty'

2018-05-19 18:34:09 - [MESSAGE][PASSED] - Text '10' is set on object 'Object Repository/HealthpostToStore/Page_Store/input_txtqty'

2018-05-19 18:34:09 - [TEST_STEP][PASSED] - click: Object: 'Object Repository/HealthpostToStore/Page_Store/button_Add' is clicked on

2018-05-19 18:34:09 - [MESSAGE][PASSED] - Object: 'Object Repository/HealthpostToStore/Page_Store/button_Add' is clicked on

2018-05-19 18:34:09 - [TEST_STEP][PASSED] - Statement - Break: null

2018-05-19 18:34:09 - [TEST_STEP][PASSED] - selectOptionByIndex: All options with index in [6] are selected on object 'Object Repository/HealthpostToStore/Page_Store/select_--Select--Adernaline 0.'

2018-05-19 18:34:09 - [MESSAGE][PASSED] - All options with index in [6] are selected on object 'Object Repository/HealthpostToStore/Page_Store/select_--Select--Adernaline 0.'

2018-05-19 18:34:09 - [TEST_STEP][PASSED] - delay: Delayed 2 second(s)

2018-05-19 18:34:11 - [MESSAGE][PASSED] - Delayed 2 second(s)

2018-05-19 18:34:11 - [TEST_STEP][PASSED] - Statement - RequestedQty = com.kms.katalon.core.webui.keyword.WebUiBuiltInKeywords.getAttribute(com.kms.katalon.core.testobject.ObjectRepository.findTestObject(HealthpostToStore/Page_Store/input_txttotal), "value"): Attribute 'value' of object 'Object Repository/HealthpostToStore/Page_Store/input_txttotal' is: '10'

2018-05-19 18:34:11 - [MESSAGE][PASSED] - Attribute 'value' of object 'Object Repository/HealthpostToStore/Page_Store/input_txttotal' is: '10'

2018-05-19 18:34:11 - [TEST_STEP][PASSED] - Statement - out.println("Requested QTY : " + RequestedQty): null

2018-05-19 18:34:11 - [TEST_STEP][PASSED] - Statement - BatchNumber = com.kms.katalon.core.webui.keyword.WebUiBuiltInKeywords.getNumberOfTotalOption(com.kms.katalon.core.testobject.ObjectRepository.findTestObject(HealthpostToStore/Page_Store/select_--Select--BA1170BA2376B)): 3 options of object 'Object Repository/HealthpostToStore/Page_Store/select_--Select--BA1170BA2376B' counted

2018-05-19 18:34:11 - [MESSAGE][PASSED] - 3 options of object 'Object Repository/HealthpostToStore/Page_Store/select_--Select--BA1170BA2376B' counted

2018-05-19 18:34:11 - [TEST_STEP][PASSED] - Statement - For ([g = 1, g <= BatchNumber - 1, (g++)]): null

2018-05-19 18:34:11 - [TEST_STEP][PASSED] - selectOptionByIndex: All options with index in [1] are selected on object 'Object Repository/HealthpostToStore/Page_Store/select_--Select--BA1170BA2376B'

2018-05-19 18:34:11 - [MESSAGE][PASSED] - All options with index in [1] are selected on object 'Object Repository/HealthpostToStore/Page_Store/select_--Select--BA1170BA2376B'

2018-05-19 18:34:11 - [TEST_STEP][PASSED] - Statement - Try: null

2018-05-19 18:34:11 - [TEST_STEP][PASSED] - Statement - StockQty = com.kms.katalon.core.webui.keyword.WebUiBuiltInKeywords.getAttribute(com.kms.katalon.core.testobject.ObjectRepository.findTestObject(HealthpostToStore/Page_Store/input_txtprice), "value"): Attribute 'value' of object 'Object Repository/HealthpostToStore/Page_Store/input_txtprice' is: '30'

2018-05-19 18:34:11 - [MESSAGE][PASSED] - Attribute 'value' of object 'Object Repository/HealthpostToStore/Page_Store/input_txtprice' is: '30'

2018-05-19 18:34:11 - [TEST_STEP][PASSED] - Statement - out.println("Stock QTY : " + StockQty): null

2018-05-19 18:34:11 - [TEST_STEP][PASSED] - delay: Delayed 2 second(s)

2018-05-19 18:34:13 - [MESSAGE][PASSED] - Delayed 2 second(s)

2018-05-19 18:34:13 - [TEST_STEP][PASSED] - Statement - If (java.lang.String.valueOf(StockQty) >= java.lang.String.valueOf(RequestedQty)): null

2018-05-19 18:34:13 - [TEST_STEP][PASSED] - setText: Text '10' is set on object 'Object Repository/HealthpostToStore/Page_Store/input_txtqty'

2018-05-19 18:34:13 - [MESSAGE][PASSED] - Text '10' is set on object 'Object Repository/HealthpostToStore/Page_Store/input_txtqty'

2018-05-19 18:34:13 - [TEST_STEP][PASSED] - click: Object: 'Object Repository/HealthpostToStore/Page_Store/button_Add' is clicked on

2018-05-19 18:34:13 - [MESSAGE][PASSED] - Object: 'Object Repository/HealthpostToStore/Page_Store/button_Add' is clicked on

2018-05-19 18:34:13 - [TEST_STEP][PASSED] - Statement - Break: null

2018-05-19 18:34:13 - [TEST_STEP][PASSED] - selectOptionByIndex: All options with index in [7] are selected on object 'Object Repository/HealthpostToStore/Page_Store/select_--Select--Adernaline 0.'

2018-05-19 18:34:14 - [MESSAGE][PASSED] - All options with index in [7] are selected on object 'Object Repository/HealthpostToStore/Page_Store/select_--Select--Adernaline 0.'

2018-05-19 18:34:14 - [TEST_STEP][PASSED] - delay: Delayed 2 second(s)

2018-05-19 18:34:16 - [MESSAGE][PASSED] - Delayed 2 second(s)

2018-05-19 18:34:16 - [TEST_STEP][PASSED] - Statement - RequestedQty = com.kms.katalon.core.webui.keyword.WebUiBuiltInKeywords.getAttribute(com.kms.katalon.core.testobject.ObjectRepository.findTestObject(HealthpostToStore/Page_Store/input_txttotal), "value"): Attribute 'value' of object 'Object Repository/HealthpostToStore/Page_Store/input_txttotal' is: '10'

2018-05-19 18:34:16 - [MESSAGE][PASSED] - Attribute 'value' of object 'Object Repository/HealthpostToStore/Page_Store/input_txttotal' is: '10'

2018-05-19 18:34:16 - [TEST_STEP][PASSED] - Statement - out.println("Requested QTY : " + RequestedQty): null

2018-05-19 18:34:16 - [TEST_STEP][PASSED] - Statement - BatchNumber = com.kms.katalon.core.webui.keyword.WebUiBuiltInKeywords.getNumberOfTotalOption(com.kms.katalon.core.testobject.ObjectRepository.findTestObject(HealthpostToStore/Page_Store/select_--Select--BA1170BA2376B)): 3 options of object 'Object Repository/HealthpostToStore/Page_Store/select_--Select--BA1170BA2376B' counted

2018-05-19 18:34:16 - [MESSAGE][PASSED] - 3 options of object 'Object Repository/HealthpostToStore/Page_Store/select_--Select--BA1170BA2376B' counted

2018-05-19 18:34:16 - [TEST_STEP][PASSED] - Statement - For ([g = 1, g <= BatchNumber - 1, (g++)]): null

2018-05-19 18:34:16 - [TEST_STEP][PASSED] - selectOptionByIndex: All options with index in [1] are selected on object 'Object Repository/HealthpostToStore/Page_Store/select_--Select--BA1170BA2376B'

2018-05-19 18:34:16 - [MESSAGE][PASSED] - All options with index in [1] are selected on object 'Object Repository/HealthpostToStore/Page_Store/select_--Select--BA1170BA2376B'

2018-05-19 18:34:16 - [TEST_STEP][PASSED] - Statement - Try: null

2018-05-19 18:34:16 - [TEST_STEP][PASSED] - Statement - StockQty = com.kms.katalon.core.webui.keyword.WebUiBuiltInKeywords.getAttribute(com.kms.katalon.core.testobject.ObjectRepository.findTestObject(HealthpostToStore/Page_Store/input_txtprice), "value"): Attribute 'value' of object 'Object Repository/HealthpostToStore/Page_Store/input_txtprice' is: '30'

2018-05-19 18:34:16 - [MESSAGE][PASSED] - Attribute 'value' of object 'Object Repository/HealthpostToStore/Page_Store/input_txtprice' is: '30'

2018-05-19 18:34:16 - [TEST_STEP][PASSED] - Statement - out.println("Stock QTY : " + StockQty): null

2018-05-19 18:34:16 - [TEST_STEP][PASSED] - delay: Delayed 2 second(s)

2018-05-19 18:34:18 - [MESSAGE][PASSED] - Delayed 2 second(s)

2018-05-19 18:34:18 - [TEST_STEP][PASSED] - Statement - If (java.lang.String.valueOf(StockQty) >= java.lang.String.valueOf(RequestedQty)): null

2018-05-19 18:34:18 - [TEST_STEP][PASSED] - setText: Text '10' is set on object 'Object Repository/HealthpostToStore/Page_Store/input_txtqty'

2018-05-19 18:34:18 - [MESSAGE][PASSED] - Text '10' is set on object 'Object Repository/HealthpostToStore/Page_Store/input_txtqty'

2018-05-19 18:34:18 - [TEST_STEP][PASSED] - click: Object: 'Object Repository/HealthpostToStore/Page_Store/button_Add' is clicked on

2018-05-19 18:34:18 - [MESSAGE][PASSED] - Object: 'Object Repository/HealthpostToStore/Page_Store/button_Add' is clicked on

2018-05-19 18:34:18 - [TEST_STEP][PASSED] - Statement - Break: null

2018-05-19 18:34:18 - [TEST_STEP][PASSED] - selectOptionByIndex: All options with index in [8] are selected on object 'Object Repository/HealthpostToStore/Page_Store/select_--Select--Adernaline 0.'

2018-05-19 18:34:18 - [MESSAGE][PASSED] - All options with index in [8] are selected on object 'Object Repository/HealthpostToStore/Page_Store/select_--Select--Adernaline 0.'

2018-05-19 18:34:18 - [TEST_STEP][PASSED] - delay: Delayed 2 second(s)

2018-05-19 18:34:20 - [MESSAGE][PASSED] - Delayed 2 second(s)

2018-05-19 18:34:20 - [TEST_STEP][PASSED] - Statement - RequestedQty = com.kms.katalon.core.webui.keyword.WebUiBuiltInKeywords.getAttribute(com.kms.katalon.core.testobject.ObjectRepository.findTestObject(HealthpostToStore/Page_Store/input_txttotal), "value"): Attribute 'value' of object 'Object Repository/HealthpostToStore/Page_Store/input_txttotal' is: '10'

2018-05-19 18:34:20 - [MESSAGE][PASSED] - Attribute 'value' of object 'Object Repository/HealthpostToStore/Page_Store/input_txttotal' is: '10'

2018-05-19 18:34:20 - [TEST_STEP][PASSED] - Statement - out.println("Requested QTY : " + RequestedQty): null

2018-05-19 18:34:20 - [TEST_STEP][PASSED] - Statement - BatchNumber = com.kms.katalon.core.webui.keyword.WebUiBuiltInKeywords.getNumberOfTotalOption(com.kms.katalon.core.testobject.ObjectRepository.findTestObject(HealthpostToStore/Page_Store/select_--Select--BA1170BA2376B)): 3 options of object 'Object Repository/HealthpostToStore/Page_Store/select_--Select--BA1170BA2376B' counted

2018-05-19 18:34:20 - [MESSAGE][PASSED] - 3 options of object 'Object Repository/HealthpostToStore/Page_Store/select_--Select--BA1170BA2376B' counted

2018-05-19 18:34:20 - [TEST_STEP][PASSED] - Statement - For ([g = 1, g <= BatchNumber - 1, (g++)]): null

2018-05-19 18:34:20 - [TEST_STEP][PASSED] - selectOptionByIndex: All options with index in [1] are selected on object 'Object Repository/HealthpostToStore/Page_Store/select_--Select--BA1170BA2376B'

2018-05-19 18:34:20 - [MESSAGE][PASSED] - All options with index in [1] are selected on object 'Object Repository/HealthpostToStore/Page_Store/select_--Select--BA1170BA2376B'

2018-05-19 18:34:20 - [TEST_STEP][PASSED] - Statement - Try: null

2018-05-19 18:34:20 - [TEST_STEP][PASSED] - Statement - StockQty = com.kms.katalon.core.webui.keyword.WebUiBuiltInKeywords.getAttribute(com.kms.katalon.core.testobject.ObjectRepository.findTestObject(HealthpostToStore/Page_Store/input_txtprice), "value"): Attribute 'value' of object 'Object Repository/HealthpostToStore/Page_Store/input_txtprice' is: '30'

2018-05-19 18:34:20 - [MESSAGE][PASSED] - Attribute 'value' of object 'Object Repository/HealthpostToStore/Page_Store/input_txtprice' is: '30'

2018-05-19 18:34:20 - [TEST_STEP][PASSED] - Statement - out.println("Stock QTY : " + StockQty): null

2018-05-19 18:34:20 - [TEST_STEP][PASSED] - delay: Delayed 2 second(s)

2018-05-19 18:34:22 - [MESSAGE][PASSED] - Delayed 2 second(s)

2018-05-19 18:34:22 - [TEST_STEP][PASSED] - Statement - If (java.lang.String.valueOf(StockQty) >= java.lang.String.valueOf(RequestedQty)): null

2018-05-19 18:34:22 - [TEST_STEP][PASSED] - setText: Text '10' is set on object 'Object Repository/HealthpostToStore/Page_Store/input_txtqty'

2018-05-19 18:34:23 - [MESSAGE][PASSED] - Text '10' is set on object 'Object Repository/HealthpostToStore/Page_Store/input_txtqty'

2018-05-19 18:34:23 - [TEST_STEP][PASSED] - click: Object: 'Object Repository/HealthpostToStore/Page_Store/button_Add' is clicked on

2018-05-19 18:34:23 - [MESSAGE][PASSED] - Object: 'Object Repository/HealthpostToStore/Page_Store/button_Add' is clicked on

2018-05-19 18:34:23 - [TEST_STEP][PASSED] - Statement - Break: null

2018-05-19 18:34:23 - [TEST_STEP][PASSED] - selectOptionByIndex: All options with index in [9] are selected on object 'Object Repository/HealthpostToStore/Page_Store/select_--Select--Adernaline 0.'

2018-05-19 18:34:23 - [MESSAGE][PASSED] - All options with index in [9] are selected on object 'Object Repository/HealthpostToStore/Page_Store/select_--Select--Adernaline 0.'

2018-05-19 18:34:23 - [TEST_STEP][PASSED] - delay: Delayed 2 second(s)

2018-05-19 18:34:25 - [MESSAGE][PASSED] - Delayed 2 second(s)

2018-05-19 18:34:25 - [TEST_STEP][PASSED] - Statement - RequestedQty = com.kms.katalon.core.webui.keyword.WebUiBuiltInKeywords.getAttribute(com.kms.katalon.core.testobject.ObjectRepository.findTestObject(HealthpostToStore/Page_Store/input_txttotal), "value"): Attribute 'value' of object 'Object Repository/HealthpostToStore/Page_Store/input_txttotal' is: '10'

2018-05-19 18:34:25 - [MESSAGE][PASSED] - Attribute 'value' of object 'Object Repository/HealthpostToStore/Page_Store/input_txttotal' is: '10'

2018-05-19 18:34:25 - [TEST_STEP][PASSED] - Statement - out.println("Requested QTY : " + RequestedQty): null

2018-05-19 18:34:25 - [TEST_STEP][PASSED] - Statement - BatchNumber = com.kms.katalon.core.webui.keyword.WebUiBuiltInKeywords.getNumberOfTotalOption(com.kms.katalon.core.testobject.ObjectRepository.findTestObject(HealthpostToStore/Page_Store/select_--Select--BA1170BA2376B)): 3 options of object 'Object Repository/HealthpostToStore/Page_Store/select_--Select--BA1170BA2376B' counted

2018-05-19 18:34:25 - [MESSAGE][PASSED] - 3 options of object 'Object Repository/HealthpostToStore/Page_Store/select_--Select--BA1170BA2376B' counted

2018-05-19 18:34:25 - [TEST_STEP][PASSED] - Statement - For ([g = 1, g <= BatchNumber - 1, (g++)]): null

2018-05-19 18:34:25 - [TEST_STEP][PASSED] - selectOptionByIndex: All options with index in [1] are selected on object 'Object Repository/HealthpostToStore/Page_Store/select_--Select--BA1170BA2376B'

2018-05-19 18:34:25 - [MESSAGE][PASSED] - All options with index in [1] are selected on object 'Object Repository/HealthpostToStore/Page_Store/select_--Select--BA1170BA2376B'

2018-05-19 18:34:25 - [TEST_STEP][PASSED] - Statement - Try: null

2018-05-19 18:34:25 - [TEST_STEP][PASSED] - Statement - StockQty = com.kms.katalon.core.webui.keyword.WebUiBuiltInKeywords.getAttribute(com.kms.katalon.core.testobject.ObjectRepository.findTestObject(HealthpostToStore/Page_Store/input_txtprice), "value"): Attribute 'value' of object 'Object Repository/HealthpostToStore/Page_Store/input_txtprice' is: '30'

2018-05-19 18:34:25 - [MESSAGE][PASSED] - Attribute 'value' of object 'Object Repository/HealthpostToStore/Page_Store/input_txtprice' is: '30'

2018-05-19 18:34:25 - [TEST_STEP][PASSED] - Statement - out.println("Stock QTY : " + StockQty): null

2018-05-19 18:34:25 - [TEST_STEP][PASSED] - delay: Delayed 2 second(s)

2018-05-19 18:34:27 - [MESSAGE][PASSED] - Delayed 2 second(s)

2018-05-19 18:34:27 - [TEST_STEP][PASSED] - Statement - If (java.lang.String.valueOf(StockQty) >= java.lang.String.valueOf(RequestedQty)): null

2018-05-19 18:34:27 - [TEST_STEP][PASSED] - setText: Text '10' is set on object 'Object Repository/HealthpostToStore/Page_Store/input_txtqty'

2018-05-19 18:34:27 - [MESSAGE][PASSED] - Text '10' is set on object 'Object Repository/HealthpostToStore/Page_Store/input_txtqty'

2018-05-19 18:34:27 - [TEST_STEP][PASSED] - click: Object: 'Object Repository/HealthpostToStore/Page_Store/button_Add' is clicked on

2018-05-19 18:34:27 - [MESSAGE][PASSED] - Object: 'Object Repository/HealthpostToStore/Page_Store/button_Add' is clicked on

2018-05-19 18:34:27 - [TEST_STEP][PASSED] - Statement - Break: null

2018-05-19 18:34:27 - [TEST_STEP][PASSED] - selectOptionByIndex: All options with index in [10] are selected on object 'Object Repository/HealthpostToStore/Page_Store/select_--Select--Adernaline 0.'

2018-05-19 18:34:27 - [MESSAGE][PASSED] - All options with index in [10] are selected on object 'Object Repository/HealthpostToStore/Page_Store/select_--Select--Adernaline 0.'

2018-05-19 18:34:27 - [TEST_STEP][PASSED] - delay: Delayed 2 second(s)

2018-05-19 18:34:29 - [MESSAGE][PASSED] - Delayed 2 second(s)

2018-05-19 18:34:29 - [TEST_STEP][PASSED] - Statement - RequestedQty = com.kms.katalon.core.webui.keyword.WebUiBuiltInKeywords.getAttribute(com.kms.katalon.core.testobject.ObjectRepository.findTestObject(HealthpostToStore/Page_Store/input_txttotal), "value"): Attribute 'value' of object 'Object Repository/HealthpostToStore/Page_Store/input_txttotal' is: '10'

2018-05-19 18:34:29 - [MESSAGE][PASSED] - Attribute 'value' of object 'Object Repository/HealthpostToStore/Page_Store/input_txttotal' is: '10'

2018-05-19 18:34:29 - [TEST_STEP][PASSED] - Statement - out.println("Requested QTY : " + RequestedQty): null

2018-05-19 18:34:29 - [TEST_STEP][PASSED] - Statement - BatchNumber = com.kms.katalon.core.webui.keyword.WebUiBuiltInKeywords.getNumberOfTotalOption(com.kms.katalon.core.testobject.ObjectRepository.findTestObject(HealthpostToStore/Page_Store/select_--Select--BA1170BA2376B)): 3 options of object 'Object Repository/HealthpostToStore/Page_Store/select_--Select--BA1170BA2376B' counted

2018-05-19 18:34:30 - [MESSAGE][PASSED] - 3 options of object 'Object Repository/HealthpostToStore/Page_Store/select_--Select--BA1170BA2376B' counted

2018-05-19 18:34:30 - [TEST_STEP][PASSED] - Statement - For ([g = 1, g <= BatchNumber - 1, (g++)]): null

2018-05-19 18:34:30 - [TEST_STEP][PASSED] - selectOptionByIndex: All options with index in [1] are selected on object 'Object Repository/HealthpostToStore/Page_Store/select_--Select--BA1170BA2376B'

2018-05-19 18:34:30 - [MESSAGE][PASSED] - All options with index in [1] are selected on object 'Object Repository/HealthpostToStore/Page_Store/select_--Select--BA1170BA2376B'

2018-05-19 18:34:30 - [TEST_STEP][PASSED] - Statement - Try: null

2018-05-19 18:34:30 - [TEST_STEP][PASSED] - Statement - StockQty = com.kms.katalon.core.webui.keyword.WebUiBuiltInKeywords.getAttribute(com.kms.katalon.core.testobject.ObjectRepository.findTestObject(HealthpostToStore/Page_Store/input_txtprice), "value"): Attribute 'value' of object 'Object Repository/HealthpostToStore/Page_Store/input_txtprice' is: '30'

2018-05-19 18:34:30 - [MESSAGE][PASSED] - Attribute 'value' of object 'Object Repository/HealthpostToStore/Page_Store/input_txtprice' is: '30'

2018-05-19 18:34:30 - [TEST_STEP][PASSED] - Statement - out.println("Stock QTY : " + StockQty): null

2018-05-19 18:34:30 - [TEST_STEP][PASSED] - delay: Delayed 2 second(s)

2018-05-19 18:34:32 - [MESSAGE][PASSED] - Delayed 2 second(s)

2018-05-19 18:34:32 - [TEST_STEP][PASSED] - Statement - If (java.lang.String.valueOf(StockQty) >= java.lang.String.valueOf(RequestedQty)): null

2018-05-19 18:34:32 - [TEST_STEP][PASSED] - setText: Text '10' is set on object 'Object Repository/HealthpostToStore/Page_Store/input_txtqty'

2018-05-19 18:34:32 - [MESSAGE][PASSED] - Text '10' is set on object 'Object Repository/HealthpostToStore/Page_Store/input_txtqty'

2018-05-19 18:34:32 - [TEST_STEP][PASSED] - click: Object: 'Object Repository/HealthpostToStore/Page_Store/button_Add' is clicked on

2018-05-19 18:34:32 - [MESSAGE][PASSED] - Object: 'Object Repository/HealthpostToStore/Page_Store/button_Add' is clicked on

2018-05-19 18:34:32 - [TEST_STEP][PASSED] - Statement - Break: null

2018-05-19 18:34:32 - [TEST_STEP][PASSED] - selectOptionByIndex: All options with index in [11] are selected on object 'Object Repository/HealthpostToStore/Page_Store/select_--Select--Adernaline 0.'

2018-05-19 18:34:32 - [MESSAGE][PASSED] - All options with index in [11] are selected on object 'Object Repository/HealthpostToStore/Page_Store/select_--Select--Adernaline 0.'

2018-05-19 18:34:32 - [TEST_STEP][PASSED] - delay: Delayed 2 second(s)

2018-05-19 18:34:34 - [MESSAGE][PASSED] - Delayed 2 second(s)

2018-05-19 18:34:34 - [TEST_STEP][PASSED] - Statement - RequestedQty = com.kms.katalon.core.webui.keyword.WebUiBuiltInKeywords.getAttribute(com.kms.katalon.core.testobject.ObjectRepository.findTestObject(HealthpostToStore/Page_Store/input_txttotal), "value"): Attribute 'value' of object 'Object Repository/HealthpostToStore/Page_Store/input_txttotal' is: '10'

2018-05-19 18:34:34 - [MESSAGE][PASSED] - Attribute 'value' of object 'Object Repository/HealthpostToStore/Page_Store/input_txttotal' is: '10'

2018-05-19 18:34:34 - [TEST_STEP][PASSED] - Statement - out.println("Requested QTY : " + RequestedQty): null

2018-05-19 18:34:34 - [TEST_STEP][PASSED] - Statement - BatchNumber = com.kms.katalon.core.webui.keyword.WebUiBuiltInKeywords.getNumberOfTotalOption(com.kms.katalon.core.testobject.ObjectRepository.findTestObject(HealthpostToStore/Page_Store/select_--Select--BA1170BA2376B)): 3 options of object 'Object Repository/HealthpostToStore/Page_Store/select_--Select--BA1170BA2376B' counted

2018-05-19 18:34:34 - [MESSAGE][PASSED] - 3 options of object 'Object Repository/HealthpostToStore/Page_Store/select_--Select--BA1170BA2376B' counted

2018-05-19 18:34:34 - [TEST_STEP][PASSED] - Statement - For ([g = 1, g <= BatchNumber - 1, (g++)]): null

2018-05-19 18:34:34 - [TEST_STEP][PASSED] - selectOptionByIndex: All options with index in [1] are selected on object 'Object Repository/HealthpostToStore/Page_Store/select_--Select--BA1170BA2376B'

2018-05-19 18:34:34 - [MESSAGE][PASSED] - All options with index in [1] are selected on object 'Object Repository/HealthpostToStore/Page_Store/select_--Select--BA1170BA2376B'

2018-05-19 18:34:34 - [TEST_STEP][PASSED] - Statement - Try: null

2018-05-19 18:34:34 - [TEST_STEP][PASSED] - Statement - StockQty = com.kms.katalon.core.webui.keyword.WebUiBuiltInKeywords.getAttribute(com.kms.katalon.core.testobject.ObjectRepository.findTestObject(HealthpostToStore/Page_Store/input_txtprice), "value"): Attribute 'value' of object 'Object Repository/HealthpostToStore/Page_Store/input_txtprice' is: '30'

2018-05-19 18:34:34 - [MESSAGE][PASSED] - Attribute 'value' of object 'Object Repository/HealthpostToStore/Page_Store/input_txtprice' is: '30'

2018-05-19 18:34:34 - [TEST_STEP][PASSED] - Statement - out.println("Stock QTY : " + StockQty): null

2018-05-19 18:34:34 - [TEST_STEP][PASSED] - delay: Delayed 2 second(s)

2018-05-19 18:34:36 - [MESSAGE][PASSED] - Delayed 2 second(s)

2018-05-19 18:34:36 - [TEST_STEP][PASSED] - Statement - If (java.lang.String.valueOf(StockQty) >= java.lang.String.valueOf(RequestedQty)): null

2018-05-19 18:34:36 - [TEST_STEP][PASSED] - setText: Text '10' is set on object 'Object Repository/HealthpostToStore/Page_Store/input_txtqty'

2018-05-19 18:34:36 - [MESSAGE][PASSED] - Text '10' is set on object 'Object Repository/HealthpostToStore/Page_Store/input_txtqty'

2018-05-19 18:34:36 - [TEST_STEP][PASSED] - click: Object: 'Object Repository/HealthpostToStore/Page_Store/button_Add' is clicked on

2018-05-19 18:34:37 - [MESSAGE][PASSED] - Object: 'Object Repository/HealthpostToStore/Page_Store/button_Add' is clicked on

2018-05-19 18:34:37 - [TEST_STEP][PASSED] - Statement - Break: null

2018-05-19 18:34:37 - [TEST_STEP][PASSED] - selectOptionByIndex: All options with index in [12] are selected on object 'Object Repository/HealthpostToStore/Page_Store/select_--Select--Adernaline 0.'

2018-05-19 18:34:37 - [MESSAGE][PASSED] - All options with index in [12] are selected on object 'Object Repository/HealthpostToStore/Page_Store/select_--Select--Adernaline 0.'

2018-05-19 18:34:37 - [TEST_STEP][PASSED] - delay: Delayed 2 second(s)

2018-05-19 18:34:39 - [MESSAGE][PASSED] - Delayed 2 second(s)

2018-05-19 18:34:39 - [TEST_STEP][PASSED] - Statement - RequestedQty = com.kms.katalon.core.webui.keyword.WebUiBuiltInKeywords.getAttribute(com.kms.katalon.core.testobject.ObjectRepository.findTestObject(HealthpostToStore/Page_Store/input_txttotal), "value"): Attribute 'value' of object 'Object Repository/HealthpostToStore/Page_Store/input_txttotal' is: '10'

2018-05-19 18:34:39 - [MESSAGE][PASSED] - Attribute 'value' of object 'Object Repository/HealthpostToStore/Page_Store/input_txttotal' is: '10'

2018-05-19 18:34:39 - [TEST_STEP][PASSED] - Statement - out.println("Requested QTY : " + RequestedQty): null

2018-05-19 18:34:39 - [TEST_STEP][PASSED] - Statement - BatchNumber = com.kms.katalon.core.webui.keyword.WebUiBuiltInKeywords.getNumberOfTotalOption(com.kms.katalon.core.testobject.ObjectRepository.findTestObject(HealthpostToStore/Page_Store/select_--Select--BA1170BA2376B)): 2 options of object 'Object Repository/HealthpostToStore/Page_Store/select_--Select--BA1170BA2376B' counted

2018-05-19 18:34:39 - [MESSAGE][PASSED] - 2 options of object 'Object Repository/HealthpostToStore/Page_Store/select_--Select--BA1170BA2376B' counted

2018-05-19 18:34:39 - [TEST_STEP][PASSED] - Statement - For ([g = 1, g <= BatchNumber - 1, (g++)]): null

2018-05-19 18:34:39 - [TEST_STEP][PASSED] - selectOptionByIndex: All options with index in [1] are selected on object 'Object Repository/HealthpostToStore/Page_Store/select_--Select--BA1170BA2376B'

2018-05-19 18:34:39 - [MESSAGE][PASSED] - All options with index in [1] are selected on object 'Object Repository/HealthpostToStore/Page_Store/select_--Select--BA1170BA2376B'

2018-05-19 18:34:39 - [TEST_STEP][PASSED] - Statement - Try: null

2018-05-19 18:34:39 - [TEST_STEP][PASSED] - Statement - StockQty = com.kms.katalon.core.webui.keyword.WebUiBuiltInKeywords.getAttribute(com.kms.katalon.core.testobject.ObjectRepository.findTestObject(HealthpostToStore/Page_Store/input_txtprice), "value"): Attribute 'value' of object 'Object Repository/HealthpostToStore/Page_Store/input_txtprice' is: '100'

2018-05-19 18:34:39 - [MESSAGE][PASSED] - Attribute 'value' of object 'Object Repository/HealthpostToStore/Page_Store/input_txtprice' is: '100'

2018-05-19 18:34:39 - [TEST_STEP][PASSED] - Statement - out.println("Stock QTY : " + StockQty): null

2018-05-19 18:34:39 - [TEST_STEP][PASSED] - delay: Delayed 2 second(s)

2018-05-19 18:34:41 - [MESSAGE][PASSED] - Delayed 2 second(s)

2018-05-19 18:34:41 - [TEST_STEP][PASSED] - Statement - If (java.lang.String.valueOf(StockQty) >= java.lang.String.valueOf(RequestedQty)): null

2018-05-19 18:34:41 - [TEST_STEP][PASSED] - setText: Text '10' is set on object 'Object Repository/HealthpostToStore/Page_Store/input_txtqty'

2018-05-19 18:34:41 - [MESSAGE][PASSED] - Text '10' is set on object 'Object Repository/HealthpostToStore/Page_Store/input_txtqty'

2018-05-19 18:34:41 - [TEST_STEP][PASSED] - click: Object: 'Object Repository/HealthpostToStore/Page_Store/button_Add' is clicked on

2018-05-19 18:34:41 - [MESSAGE][PASSED] - Object: 'Object Repository/HealthpostToStore/Page_Store/button_Add' is clicked on

2018-05-19 18:34:41 - [TEST_STEP][PASSED] - Statement - Break: null

2018-05-19 18:34:41 - [TEST_STEP][PASSED] - selectOptionByIndex: All options with index in [13] are selected on object 'Object Repository/HealthpostToStore/Page_Store/select_--Select--Adernaline 0.'

2018-05-19 18:34:41 - [MESSAGE][PASSED] - All options with index in [13] are selected on object 'Object Repository/HealthpostToStore/Page_Store/select_--Select--Adernaline 0.'

2018-05-19 18:34:41 - [TEST_STEP][PASSED] - delay: Delayed 2 second(s)

2018-05-19 18:34:43 - [MESSAGE][PASSED] - Delayed 2 second(s)

2018-05-19 18:34:43 - [TEST_STEP][PASSED] - Statement - RequestedQty = com.kms.katalon.core.webui.keyword.WebUiBuiltInKeywords.getAttribute(com.kms.katalon.core.testobject.ObjectRepository.findTestObject(HealthpostToStore/Page_Store/input_txttotal), "value"): Attribute 'value' of object 'Object Repository/HealthpostToStore/Page_Store/input_txttotal' is: '10'

2018-05-19 18:34:43 - [MESSAGE][PASSED] - Attribute 'value' of object 'Object Repository/HealthpostToStore/Page_Store/input_txttotal' is: '10'

2018-05-19 18:34:43 - [TEST_STEP][PASSED] - Statement - out.println("Requested QTY : " + RequestedQty): null

2018-05-19 18:34:43 - [TEST_STEP][PASSED] - Statement - BatchNumber = com.kms.katalon.core.webui.keyword.WebUiBuiltInKeywords.getNumberOfTotalOption(com.kms.katalon.core.testobject.ObjectRepository.findTestObject(HealthpostToStore/Page_Store/select_--Select--BA1170BA2376B)): 3 options of object 'Object Repository/HealthpostToStore/Page_Store/select_--Select--BA1170BA2376B' counted

2018-05-19 18:34:43 - [MESSAGE][PASSED] - 3 options of object 'Object Repository/HealthpostToStore/Page_Store/select_--Select--BA1170BA2376B' counted

2018-05-19 18:34:43 - [TEST_STEP][PASSED] - Statement - For ([g = 1, g <= BatchNumber - 1, (g++)]): null

2018-05-19 18:34:43 - [TEST_STEP][PASSED] - selectOptionByIndex: All options with index in [1] are selected on object 'Object Repository/HealthpostToStore/Page_Store/select_--Select--BA1170BA2376B'

2018-05-19 18:34:44 - [MESSAGE][PASSED] - All options with index in [1] are selected on object 'Object Repository/HealthpostToStore/Page_Store/select_--Select--BA1170BA2376B'

2018-05-19 18:34:44 - [TEST_STEP][PASSED] - Statement - Try: null

2018-05-19 18:34:44 - [TEST_STEP][PASSED] - Statement - StockQty = com.kms.katalon.core.webui.keyword.WebUiBuiltInKeywords.getAttribute(com.kms.katalon.core.testobject.ObjectRepository.findTestObject(HealthpostToStore/Page_Store/input_txtprice), "value"): Attribute 'value' of object 'Object Repository/HealthpostToStore/Page_Store/input_txtprice' is: '30'

2018-05-19 18:34:44 - [MESSAGE][PASSED] - Attribute 'value' of object 'Object Repository/HealthpostToStore/Page_Store/input_txtprice' is: '30'

2018-05-19 18:34:44 - [TEST_STEP][PASSED] - Statement - out.println("Stock QTY : " + StockQty): null

2018-05-19 18:34:44 - [TEST_STEP][PASSED] - delay: Delayed 2 second(s)

2018-05-19 18:34:46 - [MESSAGE][PASSED] - Delayed 2 second(s)

2018-05-19 18:34:46 - [TEST_STEP][PASSED] - Statement - If (java.lang.String.valueOf(StockQty) >= java.lang.String.valueOf(RequestedQty)): null

2018-05-19 18:34:46 - [TEST_STEP][PASSED] - setText: Text '10' is set on object 'Object Repository/HealthpostToStore/Page_Store/input_txtqty'

2018-05-19 18:34:46 - [MESSAGE][PASSED] - Text '10' is set on object 'Object Repository/HealthpostToStore/Page_Store/input_txtqty'

2018-05-19 18:34:46 - [TEST_STEP][PASSED] - click: Object: 'Object Repository/HealthpostToStore/Page_Store/button_Add' is clicked on

2018-05-19 18:34:46 - [MESSAGE][PASSED] - Object: 'Object Repository/HealthpostToStore/Page_Store/button_Add' is clicked on

2018-05-19 18:34:46 - [TEST_STEP][PASSED] - Statement - Break: null

2018-05-19 18:34:46 - [TEST_STEP][PASSED] - selectOptionByIndex: All options with index in [14] are selected on object 'Object Repository/HealthpostToStore/Page_Store/select_--Select--Adernaline 0.'

2018-05-19 18:34:46 - [MESSAGE][PASSED] - All options with index in [14] are selected on object 'Object Repository/HealthpostToStore/Page_Store/select_--Select--Adernaline 0.'

2018-05-19 18:34:46 - [TEST_STEP][PASSED] - delay: Delayed 2 second(s)

2018-05-19 18:34:48 - [MESSAGE][PASSED] - Delayed 2 second(s)

2018-05-19 18:34:48 - [TEST_STEP][PASSED] - Statement - RequestedQty = com.kms.katalon.core.webui.keyword.WebUiBuiltInKeywords.getAttribute(com.kms.katalon.core.testobject.ObjectRepository.findTestObject(HealthpostToStore/Page_Store/input_txttotal), "value"): Attribute 'value' of object 'Object Repository/HealthpostToStore/Page_Store/input_txttotal' is: '10'

2018-05-19 18:34:48 - [MESSAGE][PASSED] - Attribute 'value' of object 'Object Repository/HealthpostToStore/Page_Store/input_txttotal' is: '10'

2018-05-19 18:34:48 - [TEST_STEP][PASSED] - Statement - out.println("Requested QTY : " + RequestedQty): null

2018-05-19 18:34:48 - [TEST_STEP][PASSED] - Statement - BatchNumber = com.kms.katalon.core.webui.keyword.WebUiBuiltInKeywords.getNumberOfTotalOption(com.kms.katalon.core.testobject.ObjectRepository.findTestObject(HealthpostToStore/Page_Store/select_--Select--BA1170BA2376B)): 2 options of object 'Object Repository/HealthpostToStore/Page_Store/select_--Select--BA1170BA2376B' counted

2018-05-19 18:34:48 - [MESSAGE][PASSED] - 2 options of object 'Object Repository/HealthpostToStore/Page_Store/select_--Select--BA1170BA2376B' counted

2018-05-19 18:34:48 - [TEST_STEP][PASSED] - Statement - For ([g = 1, g <= BatchNumber - 1, (g++)]): null

2018-05-19 18:34:48 - [TEST_STEP][PASSED] - selectOptionByIndex: All options with index in [1] are selected on object 'Object Repository/HealthpostToStore/Page_Store/select_--Select--BA1170BA2376B'

2018-05-19 18:34:48 - [MESSAGE][PASSED] - All options with index in [1] are selected on object 'Object Repository/HealthpostToStore/Page_Store/select_--Select--BA1170BA2376B'

2018-05-19 18:34:48 - [TEST_STEP][PASSED] - Statement - Try: null

2018-05-19 18:34:48 - [TEST_STEP][PASSED] - Statement - StockQty = com.kms.katalon.core.webui.keyword.WebUiBuiltInKeywords.getAttribute(com.kms.katalon.core.testobject.ObjectRepository.findTestObject(HealthpostToStore/Page_Store/input_txtprice), "value"): Attribute 'value' of object 'Object Repository/HealthpostToStore/Page_Store/input_txtprice' is: '100'

2018-05-19 18:34:48 - [MESSAGE][PASSED] - Attribute 'value' of object 'Object Repository/HealthpostToStore/Page_Store/input_txtprice' is: '100'

2018-05-19 18:34:48 - [TEST_STEP][PASSED] - Statement - out.println("Stock QTY : " + StockQty): null

2018-05-19 18:34:48 - [TEST_STEP][PASSED] - delay: Delayed 2 second(s)

2018-05-19 18:34:50 - [MESSAGE][PASSED] - Delayed 2 second(s)

2018-05-19 18:34:50 - [TEST_STEP][PASSED] - Statement - If (java.lang.String.valueOf(StockQty) >= java.lang.String.valueOf(RequestedQty)): null

2018-05-19 18:34:50 - [TEST_STEP][PASSED] - setText: Text '10' is set on object 'Object Repository/HealthpostToStore/Page_Store/input_txtqty'

2018-05-19 18:34:50 - [MESSAGE][PASSED] - Text '10' is set on object 'Object Repository/HealthpostToStore/Page_Store/input_txtqty'

2018-05-19 18:34:50 - [TEST_STEP][PASSED] - click: Object: 'Object Repository/HealthpostToStore/Page_Store/button_Add' is clicked on

2018-05-19 18:34:50 - [MESSAGE][PASSED] - Object: 'Object Repository/HealthpostToStore/Page_Store/button_Add' is clicked on

2018-05-19 18:34:50 - [TEST_STEP][PASSED] - Statement - Break: null

2018-05-19 18:34:50 - [TEST_STEP][PASSED] - selectOptionByIndex: All options with index in [15] are selected on object 'Object Repository/HealthpostToStore/Page_Store/select_--Select--Adernaline 0.'

2018-05-19 18:34:51 - [MESSAGE][PASSED] - All options with index in [15] are selected on object 'Object Repository/HealthpostToStore/Page_Store/select_--Select--Adernaline 0.'

2018-05-19 18:34:51 - [TEST_STEP][PASSED] - delay: Delayed 2 second(s)

2018-05-19 18:34:53 - [MESSAGE][PASSED] - Delayed 2 second(s)

2018-05-19 18:34:53 - [TEST_STEP][PASSED] - Statement - RequestedQty = com.kms.katalon.core.webui.keyword.WebUiBuiltInKeywords.getAttribute(com.kms.katalon.core.testobject.ObjectRepository.findTestObject(HealthpostToStore/Page_Store/input_txttotal), "value"): Attribute 'value' of object 'Object Repository/HealthpostToStore/Page_Store/input_txttotal' is: '10'

2018-05-19 18:34:53 - [MESSAGE][PASSED] - Attribute 'value' of object 'Object Repository/HealthpostToStore/Page_Store/input_txttotal' is: '10'

2018-05-19 18:34:53 - [TEST_STEP][PASSED] - Statement - out.println("Requested QTY : " + RequestedQty): null

2018-05-19 18:34:53 - [TEST_STEP][PASSED] - Statement - BatchNumber = com.kms.katalon.core.webui.keyword.WebUiBuiltInKeywords.getNumberOfTotalOption(com.kms.katalon.core.testobject.ObjectRepository.findTestObject(HealthpostToStore/Page_Store/select_--Select--BA1170BA2376B)): 2 options of object 'Object Repository/HealthpostToStore/Page_Store/select_--Select--BA1170BA2376B' counted

2018-05-19 18:34:53 - [MESSAGE][PASSED] - 2 options of object 'Object Repository/HealthpostToStore/Page_Store/select_--Select--BA1170BA2376B' counted

2018-05-19 18:34:53 - [TEST_STEP][PASSED] - Statement - For ([g = 1, g <= BatchNumber - 1, (g++)]): null

2018-05-19 18:34:53 - [TEST_STEP][PASSED] - selectOptionByIndex: All options with index in [1] are selected on object 'Object Repository/HealthpostToStore/Page_Store/select_--Select--BA1170BA2376B'

2018-05-19 18:34:53 - [MESSAGE][PASSED] - All options with index in [1] are selected on object 'Object Repository/HealthpostToStore/Page_Store/select_--Select--BA1170BA2376B'

2018-05-19 18:34:53 - [TEST_STEP][PASSED] - Statement - Try: null

2018-05-19 18:34:53 - [TEST_STEP][PASSED] - Statement - StockQty = com.kms.katalon.core.webui.keyword.WebUiBuiltInKeywords.getAttribute(com.kms.katalon.core.testobject.ObjectRepository.findTestObject(HealthpostToStore/Page_Store/input_txtprice), "value"): Attribute 'value' of object 'Object Repository/HealthpostToStore/Page_Store/input_txtprice' is: '100'

2018-05-19 18:34:53 - [MESSAGE][PASSED] - Attribute 'value' of object 'Object Repository/HealthpostToStore/Page_Store/input_txtprice' is: '100'

2018-05-19 18:34:53 - [TEST_STEP][PASSED] - Statement - out.println("Stock QTY : " + StockQty): null

2018-05-19 18:34:53 - [TEST_STEP][PASSED] - delay: Delayed 2 second(s)

2018-05-19 18:34:55 - [MESSAGE][PASSED] - Delayed 2 second(s)

2018-05-19 18:34:55 - [TEST_STEP][PASSED] - Statement - If (java.lang.String.valueOf(StockQty) >= java.lang.String.valueOf(RequestedQty)): null

2018-05-19 18:34:55 - [TEST_STEP][PASSED] - setText: Text '10' is set on object 'Object Repository/HealthpostToStore/Page_Store/input_txtqty'

2018-05-19 18:34:55 - [MESSAGE][PASSED] - Text '10' is set on object 'Object Repository/HealthpostToStore/Page_Store/input_txtqty'

2018-05-19 18:34:55 - [TEST_STEP][PASSED] - click: Object: 'Object Repository/HealthpostToStore/Page_Store/button_Add' is clicked on

2018-05-19 18:34:55 - [MESSAGE][PASSED] - Object: 'Object Repository/HealthpostToStore/Page_Store/button_Add' is clicked on

2018-05-19 18:34:55 - [TEST_STEP][PASSED] - Statement - Break: null

2018-05-19 18:34:55 - [TEST_STEP][PASSED] - selectOptionByIndex: All options with index in [16] are selected on object 'Object Repository/HealthpostToStore/Page_Store/select_--Select--Adernaline 0.'

2018-05-19 18:34:55 - [MESSAGE][PASSED] - All options with index in [16] are selected on object 'Object Repository/HealthpostToStore/Page_Store/select_--Select--Adernaline 0.'

2018-05-19 18:34:55 - [TEST_STEP][PASSED] - delay: Delayed 2 second(s)

2018-05-19 18:34:57 - [MESSAGE][PASSED] - Delayed 2 second(s)

2018-05-19 18:34:57 - [TEST_STEP][PASSED] - Statement - RequestedQty = com.kms.katalon.core.webui.keyword.WebUiBuiltInKeywords.getAttribute(com.kms.katalon.core.testobject.ObjectRepository.findTestObject(HealthpostToStore/Page_Store/input_txttotal), "value"): Attribute 'value' of object 'Object Repository/HealthpostToStore/Page_Store/input_txttotal' is: '10'

2018-05-19 18:34:57 - [MESSAGE][PASSED] - Attribute 'value' of object 'Object Repository/HealthpostToStore/Page_Store/input_txttotal' is: '10'

2018-05-19 18:34:57 - [TEST_STEP][PASSED] - Statement - out.println("Requested QTY : " + RequestedQty): null

2018-05-19 18:34:57 - [TEST_STEP][PASSED] - Statement - BatchNumber = com.kms.katalon.core.webui.keyword.WebUiBuiltInKeywords.getNumberOfTotalOption(com.kms.katalon.core.testobject.ObjectRepository.findTestObject(HealthpostToStore/Page_Store/select_--Select--BA1170BA2376B)): 3 options of object 'Object Repository/HealthpostToStore/Page_Store/select_--Select--BA1170BA2376B' counted

2018-05-19 18:34:57 - [MESSAGE][PASSED] - 3 options of object 'Object Repository/HealthpostToStore/Page_Store/select_--Select--BA1170BA2376B' counted

2018-05-19 18:34:57 - [TEST_STEP][PASSED] - Statement - For ([g = 1, g <= BatchNumber - 1, (g++)]): null

2018-05-19 18:34:57 - [TEST_STEP][PASSED] - selectOptionByIndex: All options with index in [1] are selected on object 'Object Repository/HealthpostToStore/Page_Store/select_--Select--BA1170BA2376B'

2018-05-19 18:34:58 - [MESSAGE][PASSED] - All options with index in [1] are selected on object 'Object Repository/HealthpostToStore/Page_Store/select_--Select--BA1170BA2376B'

2018-05-19 18:34:58 - [TEST_STEP][PASSED] - Statement - Try: null

2018-05-19 18:34:58 - [TEST_STEP][PASSED] - Statement - StockQty = com.kms.katalon.core.webui.keyword.WebUiBuiltInKeywords.getAttribute(com.kms.katalon.core.testobject.ObjectRepository.findTestObject(HealthpostToStore/Page_Store/input_txtprice), "value"): Attribute 'value' of object 'Object Repository/HealthpostToStore/Page_Store/input_txtprice' is: '30'

2018-05-19 18:34:58 - [MESSAGE][PASSED] - Attribute 'value' of object 'Object Repository/HealthpostToStore/Page_Store/input_txtprice' is: '30'

2018-05-19 18:34:58 - [TEST_STEP][PASSED] - Statement - out.println("Stock QTY : " + StockQty): null

2018-05-19 18:34:58 - [TEST_STEP][PASSED] - delay: Delayed 2 second(s)

2018-05-19 18:35:00 - [MESSAGE][PASSED] - Delayed 2 second(s)

2018-05-19 18:35:00 - [TEST_STEP][PASSED] - Statement - If (java.lang.String.valueOf(StockQty) >= java.lang.String.valueOf(RequestedQty)): null

2018-05-19 18:35:00 - [TEST_STEP][PASSED] - setText: Text '10' is set on object 'Object Repository/HealthpostToStore/Page_Store/input_txtqty'

2018-05-19 18:35:00 - [MESSAGE][PASSED] - Text '10' is set on object 'Object Repository/HealthpostToStore/Page_Store/input_txtqty'

2018-05-19 18:35:00 - [TEST_STEP][PASSED] - click: Object: 'Object Repository/HealthpostToStore/Page_Store/button_Add' is clicked on

2018-05-19 18:35:00 - [MESSAGE][PASSED] - Object: 'Object Repository/HealthpostToStore/Page_Store/button_Add' is clicked on

2018-05-19 18:35:00 - [TEST_STEP][PASSED] - Statement - Break: null

2018-05-19 18:35:00 - [TEST_STEP][PASSED] - selectOptionByIndex: All options with index in [17] are selected on object 'Object Repository/HealthpostToStore/Page_Store/select_--Select--Adernaline 0.'

2018-05-19 18:35:00 - [MESSAGE][PASSED] - All options with index in [17] are selected on object 'Object Repository/HealthpostToStore/Page_Store/select_--Select--Adernaline 0.'

2018-05-19 18:35:00 - [TEST_STEP][PASSED] - delay: Delayed 2 second(s)

2018-05-19 18:35:02 - [MESSAGE][PASSED] - Delayed 2 second(s)

2018-05-19 18:35:02 - [TEST_STEP][PASSED] - Statement - RequestedQty = com.kms.katalon.core.webui.keyword.WebUiBuiltInKeywords.getAttribute(com.kms.katalon.core.testobject.ObjectRepository.findTestObject(HealthpostToStore/Page_Store/input_txttotal), "value"): Attribute 'value' of object 'Object Repository/HealthpostToStore/Page_Store/input_txttotal' is: '10'

2018-05-19 18:35:02 - [MESSAGE][PASSED] - Attribute 'value' of object 'Object Repository/HealthpostToStore/Page_Store/input_txttotal' is: '10'

2018-05-19 18:35:02 - [TEST_STEP][PASSED] - Statement - out.println("Requested QTY : " + RequestedQty): null

2018-05-19 18:35:02 - [TEST_STEP][PASSED] - Statement - BatchNumber = com.kms.katalon.core.webui.keyword.WebUiBuiltInKeywords.getNumberOfTotalOption(com.kms.katalon.core.testobject.ObjectRepository.findTestObject(HealthpostToStore/Page_Store/select_--Select--BA1170BA2376B)): 3 options of object 'Object Repository/HealthpostToStore/Page_Store/select_--Select--BA1170BA2376B' counted

2018-05-19 18:35:02 - [MESSAGE][PASSED] - 3 options of object 'Object Repository/HealthpostToStore/Page_Store/select_--Select--BA1170BA2376B' counted

2018-05-19 18:35:02 - [TEST_STEP][PASSED] - Statement - For ([g = 1, g <= BatchNumber - 1, (g++)]): null

2018-05-19 18:35:02 - [TEST_STEP][PASSED] - selectOptionByIndex: All options with index in [1] are selected on object 'Object Repository/HealthpostToStore/Page_Store/select_--Select--BA1170BA2376B'

2018-05-19 18:35:02 - [MESSAGE][PASSED] - All options with index in [1] are selected on object 'Object Repository/HealthpostToStore/Page_Store/select_--Select--BA1170BA2376B'

2018-05-19 18:35:02 - [TEST_STEP][PASSED] - Statement - Try: null

2018-05-19 18:35:02 - [TEST_STEP][PASSED] - Statement - StockQty = com.kms.katalon.core.webui.keyword.WebUiBuiltInKeywords.getAttribute(com.kms.katalon.core.testobject.ObjectRepository.findTestObject(HealthpostToStore/Page_Store/input_txtprice), "value"): Attribute 'value' of object 'Object Repository/HealthpostToStore/Page_Store/input_txtprice' is: '30'

2018-05-19 18:35:02 - [MESSAGE][PASSED] - Attribute 'value' of object 'Object Repository/HealthpostToStore/Page_Store/input_txtprice' is: '30'

2018-05-19 18:35:02 - [TEST_STEP][PASSED] - Statement - out.println("Stock QTY : " + StockQty): null

2018-05-19 18:35:02 - [TEST_STEP][PASSED] - delay: Delayed 2 second(s)

2018-05-19 18:35:04 - [MESSAGE][PASSED] - Delayed 2 second(s)

2018-05-19 18:35:04 - [TEST_STEP][PASSED] - Statement - If (java.lang.String.valueOf(StockQty) >= java.lang.String.valueOf(RequestedQty)): null

2018-05-19 18:35:04 - [TEST_STEP][PASSED] - setText: Text '10' is set on object 'Object Repository/HealthpostToStore/Page_Store/input_txtqty'

2018-05-19 18:35:04 - [MESSAGE][PASSED] - Text '10' is set on object 'Object Repository/HealthpostToStore/Page_Store/input_txtqty'

2018-05-19 18:35:04 - [TEST_STEP][PASSED] - click: Object: 'Object Repository/HealthpostToStore/Page_Store/button_Add' is clicked on

2018-05-19 18:35:04 - [MESSAGE][PASSED] - Object: 'Object Repository/HealthpostToStore/Page_Store/button_Add' is clicked on

2018-05-19 18:35:04 - [TEST_STEP][PASSED] - Statement - Break: null

2018-05-19 18:35:04 - [TEST_STEP][PASSED] - selectOptionByIndex: All options with index in [18] are selected on object 'Object Repository/HealthpostToStore/Page_Store/select_--Select--Adernaline 0.'

2018-05-19 18:35:05 - [MESSAGE][PASSED] - All options with index in [18] are selected on object 'Object Repository/HealthpostToStore/Page_Store/select_--Select--Adernaline 0.'

2018-05-19 18:35:05 - [TEST_STEP][PASSED] - delay: Delayed 2 second(s)

2018-05-19 18:35:07 - [MESSAGE][PASSED] - Delayed 2 second(s)

2018-05-19 18:35:07 - [TEST_STEP][PASSED] - Statement - RequestedQty = com.kms.katalon.core.webui.keyword.WebUiBuiltInKeywords.getAttribute(com.kms.katalon.core.testobject.ObjectRepository.findTestObject(HealthpostToStore/Page_Store/input_txttotal), "value"): Attribute 'value' of object 'Object Repository/HealthpostToStore/Page_Store/input_txttotal' is: '10'

2018-05-19 18:35:07 - [MESSAGE][PASSED] - Attribute 'value' of object 'Object Repository/HealthpostToStore/Page_Store/input_txttotal' is: '10'

2018-05-19 18:35:07 - [TEST_STEP][PASSED] - Statement - out.println("Requested QTY : " + RequestedQty): null

2018-05-19 18:35:07 - [TEST_STEP][PASSED] - Statement - BatchNumber = com.kms.katalon.core.webui.keyword.WebUiBuiltInKeywords.getNumberOfTotalOption(com.kms.katalon.core.testobject.ObjectRepository.findTestObject(HealthpostToStore/Page_Store/select_--Select--BA1170BA2376B)): 3 options of object 'Object Repository/HealthpostToStore/Page_Store/select_--Select--BA1170BA2376B' counted

2018-05-19 18:35:07 - [MESSAGE][PASSED] - 3 options of object 'Object Repository/HealthpostToStore/Page_Store/select_--Select--BA1170BA2376B' counted

2018-05-19 18:35:07 - [TEST_STEP][PASSED] - Statement - For ([g = 1, g <= BatchNumber - 1, (g++)]): null

2018-05-19 18:35:07 - [TEST_STEP][PASSED] - selectOptionByIndex: All options with index in [1] are selected on object 'Object Repository/HealthpostToStore/Page_Store/select_--Select--BA1170BA2376B'

2018-05-19 18:35:07 - [MESSAGE][PASSED] - All options with index in [1] are selected on object 'Object Repository/HealthpostToStore/Page_Store/select_--Select--BA1170BA2376B'

2018-05-19 18:35:07 - [TEST_STEP][PASSED] - Statement - Try: null

2018-05-19 18:35:07 - [TEST_STEP][PASSED] - Statement - StockQty = com.kms.katalon.core.webui.keyword.WebUiBuiltInKeywords.getAttribute(com.kms.katalon.core.testobject.ObjectRepository.findTestObject(HealthpostToStore/Page_Store/input_txtprice), "value"): Attribute 'value' of object 'Object Repository/HealthpostToStore/Page_Store/input_txtprice' is: '30'

2018-05-19 18:35:07 - [MESSAGE][PASSED] - Attribute 'value' of object 'Object Repository/HealthpostToStore/Page_Store/input_txtprice' is: '30'

2018-05-19 18:35:07 - [TEST_STEP][PASSED] - Statement - out.println("Stock QTY : " + StockQty): null

2018-05-19 18:35:07 - [TEST_STEP][PASSED] - delay: Delayed 2 second(s)

2018-05-19 18:35:09 - [MESSAGE][PASSED] - Delayed 2 second(s)

2018-05-19 18:35:09 - [TEST_STEP][PASSED] - Statement - If (java.lang.String.valueOf(StockQty) >= java.lang.String.valueOf(RequestedQty)): null

2018-05-19 18:35:09 - [TEST_STEP][PASSED] - setText: Text '10' is set on object 'Object Repository/HealthpostToStore/Page_Store/input_txtqty'

2018-05-19 18:35:09 - [MESSAGE][PASSED] - Text '10' is set on object 'Object Repository/HealthpostToStore/Page_Store/input_txtqty'

2018-05-19 18:35:09 - [TEST_STEP][PASSED] - click: Object: 'Object Repository/HealthpostToStore/Page_Store/button_Add' is clicked on

2018-05-19 18:35:09 - [MESSAGE][PASSED] - Object: 'Object Repository/HealthpostToStore/Page_Store/button_Add' is clicked on

2018-05-19 18:35:09 - [TEST_STEP][PASSED] - Statement - Break: null

2018-05-19 18:35:09 - [TEST_STEP][PASSED] - selectOptionByIndex: All options with index in [19] are selected on object 'Object Repository/HealthpostToStore/Page_Store/select_--Select--Adernaline 0.'

2018-05-19 18:35:09 - [MESSAGE][PASSED] - All options with index in [19] are selected on object 'Object Repository/HealthpostToStore/Page_Store/select_--Select--Adernaline 0.'

2018-05-19 18:35:09 - [TEST_STEP][PASSED] - delay: Delayed 2 second(s)

2018-05-19 18:35:11 - [MESSAGE][PASSED] - Delayed 2 second(s)

2018-05-19 18:35:11 - [TEST_STEP][PASSED] - Statement - RequestedQty = com.kms.katalon.core.webui.keyword.WebUiBuiltInKeywords.getAttribute(com.kms.katalon.core.testobject.ObjectRepository.findTestObject(HealthpostToStore/Page_Store/input_txttotal), "value"): Attribute 'value' of object 'Object Repository/HealthpostToStore/Page_Store/input_txttotal' is: '10'

2018-05-19 18:35:12 - [MESSAGE][PASSED] - Attribute 'value' of object 'Object Repository/HealthpostToStore/Page_Store/input_txttotal' is: '10'

2018-05-19 18:35:12 - [TEST_STEP][PASSED] - Statement - out.println("Requested QTY : " + RequestedQty): null

2018-05-19 18:35:12 - [TEST_STEP][PASSED] - Statement - BatchNumber = com.kms.katalon.core.webui.keyword.WebUiBuiltInKeywords.getNumberOfTotalOption(com.kms.katalon.core.testobject.ObjectRepository.findTestObject(HealthpostToStore/Page_Store/select_--Select--BA1170BA2376B)): 3 options of object 'Object Repository/HealthpostToStore/Page_Store/select_--Select--BA1170BA2376B' counted

2018-05-19 18:35:12 - [MESSAGE][PASSED] - 3 options of object 'Object Repository/HealthpostToStore/Page_Store/select_--Select--BA1170BA2376B' counted

2018-05-19 18:35:12 - [TEST_STEP][PASSED] - Statement - For ([g = 1, g <= BatchNumber - 1, (g++)]): null

2018-05-19 18:35:12 - [TEST_STEP][PASSED] - selectOptionByIndex: All options with index in [1] are selected on object 'Object Repository/HealthpostToStore/Page_Store/select_--Select--BA1170BA2376B'

2018-05-19 18:35:12 - [MESSAGE][PASSED] - All options with index in [1] are selected on object 'Object Repository/HealthpostToStore/Page_Store/select_--Select--BA1170BA2376B'

2018-05-19 18:35:12 - [TEST_STEP][PASSED] - Statement - Try: null

2018-05-19 18:35:12 - [TEST_STEP][PASSED] - Statement - StockQty = com.kms.katalon.core.webui.keyword.WebUiBuiltInKeywords.getAttribute(com.kms.katalon.core.testobject.ObjectRepository.findTestObject(HealthpostToStore/Page_Store/input_txtprice), "value"): Attribute 'value' of object 'Object Repository/HealthpostToStore/Page_Store/input_txtprice' is: '30'

2018-05-19 18:35:12 - [MESSAGE][PASSED] - Attribute 'value' of object 'Object Repository/HealthpostToStore/Page_Store/input_txtprice' is: '30'

2018-05-19 18:35:12 - [TEST_STEP][PASSED] - Statement - out.println("Stock QTY : " + StockQty): null

2018-05-19 18:35:12 - [TEST_STEP][PASSED] - delay: Delayed 2 second(s)

2018-05-19 18:35:14 - [MESSAGE][PASSED] - Delayed 2 second(s)

2018-05-19 18:35:14 - [TEST_STEP][PASSED] - Statement - If (java.lang.String.valueOf(StockQty) >= java.lang.String.valueOf(RequestedQty)): null

2018-05-19 18:35:14 - [TEST_STEP][PASSED] - setText: Text '10' is set on object 'Object Repository/HealthpostToStore/Page_Store/input_txtqty'

2018-05-19 18:35:14 - [MESSAGE][PASSED] - Text '10' is set on object 'Object Repository/HealthpostToStore/Page_Store/input_txtqty'

2018-05-19 18:35:14 - [TEST_STEP][PASSED] - click: Object: 'Object Repository/HealthpostToStore/Page_Store/button_Add' is clicked on

2018-05-19 18:35:14 - [MESSAGE][PASSED] - Object: 'Object Repository/HealthpostToStore/Page_Store/button_Add' is clicked on

2018-05-19 18:35:14 - [TEST_STEP][PASSED] - Statement - Break: null

2018-05-19 18:35:14 - [TEST_STEP][PASSED] - selectOptionByIndex: All options with index in [20] are selected on object 'Object Repository/HealthpostToStore/Page_Store/select_--Select--Adernaline 0.'

2018-05-19 18:35:14 - [MESSAGE][PASSED] - All options with index in [20] are selected on object 'Object Repository/HealthpostToStore/Page_Store/select_--Select--Adernaline 0.'

2018-05-19 18:35:14 - [TEST_STEP][PASSED] - delay: Delayed 2 second(s)

2018-05-19 18:35:16 - [MESSAGE][PASSED] - Delayed 2 second(s)

2018-05-19 18:35:16 - [TEST_STEP][PASSED] - Statement - RequestedQty = com.kms.katalon.core.webui.keyword.WebUiBuiltInKeywords.getAttribute(com.kms.katalon.core.testobject.ObjectRepository.findTestObject(HealthpostToStore/Page_Store/input_txttotal), "value"): Attribute 'value' of object 'Object Repository/HealthpostToStore/Page_Store/input_txttotal' is: '10'

2018-05-19 18:35:16 - [MESSAGE][PASSED] - Attribute 'value' of object 'Object Repository/HealthpostToStore/Page_Store/input_txttotal' is: '10'

2018-05-19 18:35:16 - [TEST_STEP][PASSED] - Statement - out.println("Requested QTY : " + RequestedQty): null

2018-05-19 18:35:16 - [TEST_STEP][PASSED] - Statement - BatchNumber = com.kms.katalon.core.webui.keyword.WebUiBuiltInKeywords.getNumberOfTotalOption(com.kms.katalon.core.testobject.ObjectRepository.findTestObject(HealthpostToStore/Page_Store/select_--Select--BA1170BA2376B)): 3 options of object 'Object Repository/HealthpostToStore/Page_Store/select_--Select--BA1170BA2376B' counted

2018-05-19 18:35:16 - [MESSAGE][PASSED] - 3 options of object 'Object Repository/HealthpostToStore/Page_Store/select_--Select--BA1170BA2376B' counted

2018-05-19 18:35:16 - [TEST_STEP][PASSED] - Statement - For ([g = 1, g <= BatchNumber - 1, (g++)]): null

2018-05-19 18:35:16 - [TEST_STEP][PASSED] - selectOptionByIndex: All options with index in [1] are selected on object 'Object Repository/HealthpostToStore/Page_Store/select_--Select--BA1170BA2376B'

2018-05-19 18:35:16 - [MESSAGE][PASSED] - All options with index in [1] are selected on object 'Object Repository/HealthpostToStore/Page_Store/select_--Select--BA1170BA2376B'

2018-05-19 18:35:16 - [TEST_STEP][PASSED] - Statement - Try: null

2018-05-19 18:35:16 - [TEST_STEP][PASSED] - Statement - StockQty = com.kms.katalon.core.webui.keyword.WebUiBuiltInKeywords.getAttribute(com.kms.katalon.core.testobject.ObjectRepository.findTestObject(HealthpostToStore/Page_Store/input_txtprice), "value"): Attribute 'value' of object 'Object Repository/HealthpostToStore/Page_Store/input_txtprice' is: '30'

2018-05-19 18:35:16 - [MESSAGE][PASSED] - Attribute 'value' of object 'Object Repository/HealthpostToStore/Page_Store/input_txtprice' is: '30'

2018-05-19 18:35:16 - [TEST_STEP][PASSED] - Statement - out.println("Stock QTY : " + StockQty): null

2018-05-19 18:35:16 - [TEST_STEP][PASSED] - delay: Delayed 2 second(s)

2018-05-19 18:35:18 - [MESSAGE][PASSED] - Delayed 2 second(s)

2018-05-19 18:35:18 - [TEST_STEP][PASSED] - Statement - If (java.lang.String.valueOf(StockQty) >= java.lang.String.valueOf(RequestedQty)): null

2018-05-19 18:35:18 - [TEST_STEP][PASSED] - setText: Text '10' is set on object 'Object Repository/HealthpostToStore/Page_Store/input_txtqty'

2018-05-19 18:35:19 - [MESSAGE][PASSED] - Text '10' is set on object 'Object Repository/HealthpostToStore/Page_Store/input_txtqty'

2018-05-19 18:35:19 - [TEST_STEP][PASSED] - click: Object: 'Object Repository/HealthpostToStore/Page_Store/button_Add' is clicked on

2018-05-19 18:35:19 - [MESSAGE][PASSED] - Object: 'Object Repository/HealthpostToStore/Page_Store/button_Add' is clicked on

2018-05-19 18:35:19 - [TEST_STEP][PASSED] - Statement - Break: null

2018-05-19 18:35:19 - [TEST_STEP][PASSED] - selectOptionByIndex: All options with index in [21] are selected on object 'Object Repository/HealthpostToStore/Page_Store/select_--Select--Adernaline 0.'

2018-05-19 18:35:19 - [MESSAGE][PASSED] - All options with index in [21] are selected on object 'Object Repository/HealthpostToStore/Page_Store/select_--Select--Adernaline 0.'

2018-05-19 18:35:19 - [TEST_STEP][PASSED] - delay: Delayed 2 second(s)

2018-05-19 18:35:21 - [MESSAGE][PASSED] - Delayed 2 second(s)

2018-05-19 18:35:21 - [TEST_STEP][PASSED] - Statement - RequestedQty = com.kms.katalon.core.webui.keyword.WebUiBuiltInKeywords.getAttribute(com.kms.katalon.core.testobject.ObjectRepository.findTestObject(HealthpostToStore/Page_Store/input_txttotal), "value"): Attribute 'value' of object 'Object Repository/HealthpostToStore/Page_Store/input_txttotal' is: '10'

2018-05-19 18:35:21 - [MESSAGE][PASSED] - Attribute 'value' of object 'Object Repository/HealthpostToStore/Page_Store/input_txttotal' is: '10'

2018-05-19 18:35:21 - [TEST_STEP][PASSED] - Statement - out.println("Requested QTY : " + RequestedQty): null

2018-05-19 18:35:21 - [TEST_STEP][PASSED] - Statement - BatchNumber = com.kms.katalon.core.webui.keyword.WebUiBuiltInKeywords.getNumberOfTotalOption(com.kms.katalon.core.testobject.ObjectRepository.findTestObject(HealthpostToStore/Page_Store/select_--Select--BA1170BA2376B)): 3 options of object 'Object Repository/HealthpostToStore/Page_Store/select_--Select--BA1170BA2376B' counted

2018-05-19 18:35:21 - [MESSAGE][PASSED] - 3 options of object 'Object Repository/HealthpostToStore/Page_Store/select_--Select--BA1170BA2376B' counted

2018-05-19 18:35:21 - [TEST_STEP][PASSED] - Statement - For ([g = 1, g <= BatchNumber - 1, (g++)]): null

2018-05-19 18:35:21 - [TEST_STEP][PASSED] - selectOptionByIndex: All options with index in [1] are selected on object 'Object Repository/HealthpostToStore/Page_Store/select_--Select--BA1170BA2376B'

2018-05-19 18:35:21 - [MESSAGE][PASSED] - All options with index in [1] are selected on object 'Object Repository/HealthpostToStore/Page_Store/select_--Select--BA1170BA2376B'

2018-05-19 18:35:21 - [TEST_STEP][PASSED] - Statement - Try: null

2018-05-19 18:35:21 - [TEST_STEP][PASSED] - Statement - StockQty = com.kms.katalon.core.webui.keyword.WebUiBuiltInKeywords.getAttribute(com.kms.katalon.core.testobject.ObjectRepository.findTestObject(HealthpostToStore/Page_Store/input_txtprice), "value"): Attribute 'value' of object 'Object Repository/HealthpostToStore/Page_Store/input_txtprice' is: '30'

2018-05-19 18:35:21 - [MESSAGE][PASSED] - Attribute 'value' of object 'Object Repository/HealthpostToStore/Page_Store/input_txtprice' is: '30'

2018-05-19 18:35:21 - [TEST_STEP][PASSED] - Statement - out.println("Stock QTY : " + StockQty): null

2018-05-19 18:35:21 - [TEST_STEP][PASSED] - delay: Delayed 2 second(s)

2018-05-19 18:35:23 - [MESSAGE][PASSED] - Delayed 2 second(s)

2018-05-19 18:35:23 - [TEST_STEP][PASSED] - Statement - If (java.lang.String.valueOf(StockQty) >= java.lang.String.valueOf(RequestedQty)): null

2018-05-19 18:35:23 - [TEST_STEP][PASSED] - setText: Text '10' is set on object 'Object Repository/HealthpostToStore/Page_Store/input_txtqty'

2018-05-19 18:35:23 - [MESSAGE][PASSED] - Text '10' is set on object 'Object Repository/HealthpostToStore/Page_Store/input_txtqty'

2018-05-19 18:35:23 - [TEST_STEP][PASSED] - click: Object: 'Object Repository/HealthpostToStore/Page_Store/button_Add' is clicked on

2018-05-19 18:35:23 - [MESSAGE][PASSED] - Object: 'Object Repository/HealthpostToStore/Page_Store/button_Add' is clicked on

2018-05-19 18:35:23 - [TEST_STEP][PASSED] - Statement - Break: null

2018-05-19 18:35:23 - [TEST_STEP][PASSED] - selectOptionByIndex: All options with index in [22] are selected on object 'Object Repository/HealthpostToStore/Page_Store/select_--Select--Adernaline 0.'

2018-05-19 18:35:24 - [MESSAGE][PASSED] - All options with index in [22] are selected on object 'Object Repository/HealthpostToStore/Page_Store/select_--Select--Adernaline 0.'

2018-05-19 18:35:24 - [TEST_STEP][PASSED] - delay: Delayed 2 second(s)

2018-05-19 18:35:26 - [MESSAGE][PASSED] - Delayed 2 second(s)

2018-05-19 18:35:26 - [TEST_STEP][PASSED] - Statement - RequestedQty = com.kms.katalon.core.webui.keyword.WebUiBuiltInKeywords.getAttribute(com.kms.katalon.core.testobject.ObjectRepository.findTestObject(HealthpostToStore/Page_Store/input_txttotal), "value"): Attribute 'value' of object 'Object Repository/HealthpostToStore/Page_Store/input_txttotal' is: '10'

2018-05-19 18:35:26 - [MESSAGE][PASSED] - Attribute 'value' of object 'Object Repository/HealthpostToStore/Page_Store/input_txttotal' is: '10'

2018-05-19 18:35:26 - [TEST_STEP][PASSED] - Statement - out.println("Requested QTY : " + RequestedQty): null

2018-05-19 18:35:26 - [TEST_STEP][PASSED] - Statement - BatchNumber = com.kms.katalon.core.webui.keyword.WebUiBuiltInKeywords.getNumberOfTotalOption(com.kms.katalon.core.testobject.ObjectRepository.findTestObject(HealthpostToStore/Page_Store/select_--Select--BA1170BA2376B)): 3 options of object 'Object Repository/HealthpostToStore/Page_Store/select_--Select--BA1170BA2376B' counted

2018-05-19 18:35:26 - [MESSAGE][PASSED] - 3 options of object 'Object Repository/HealthpostToStore/Page_Store/select_--Select--BA1170BA2376B' counted

2018-05-19 18:35:26 - [TEST_STEP][PASSED] - Statement - For ([g = 1, g <= BatchNumber - 1, (g++)]): null

2018-05-19 18:35:26 - [TEST_STEP][PASSED] - selectOptionByIndex: All options with index in [1] are selected on object 'Object Repository/HealthpostToStore/Page_Store/select_--Select--BA1170BA2376B'

2018-05-19 18:35:26 - [MESSAGE][PASSED] - All options with index in [1] are selected on object 'Object Repository/HealthpostToStore/Page_Store/select_--Select--BA1170BA2376B'

2018-05-19 18:35:26 - [TEST_STEP][PASSED] - Statement - Try: null

2018-05-19 18:35:26 - [TEST_STEP][PASSED] - Statement - StockQty = com.kms.katalon.core.webui.keyword.WebUiBuiltInKeywords.getAttribute(com.kms.katalon.core.testobject.ObjectRepository.findTestObject(HealthpostToStore/Page_Store/input_txtprice), "value"): Attribute 'value' of object 'Object Repository/HealthpostToStore/Page_Store/input_txtprice' is: '30'

2018-05-19 18:35:26 - [MESSAGE][PASSED] - Attribute 'value' of object 'Object Repository/HealthpostToStore/Page_Store/input_txtprice' is: '30'

2018-05-19 18:35:26 - [TEST_STEP][PASSED] - Statement - out.println("Stock QTY : " + StockQty): null

2018-05-19 18:35:26 - [TEST_STEP][PASSED] - delay: Delayed 2 second(s)

2018-05-19 18:35:28 - [MESSAGE][PASSED] - Delayed 2 second(s)

2018-05-19 18:35:28 - [TEST_STEP][PASSED] - Statement - If (java.lang.String.valueOf(StockQty) >= java.lang.String.valueOf(RequestedQty)): null

2018-05-19 18:35:28 - [TEST_STEP][PASSED] - setText: Text '10' is set on object 'Object Repository/HealthpostToStore/Page_Store/input_txtqty'

2018-05-19 18:35:28 - [MESSAGE][PASSED] - Text '10' is set on object 'Object Repository/HealthpostToStore/Page_Store/input_txtqty'

2018-05-19 18:35:28 - [TEST_STEP][PASSED] - click: Object: 'Object Repository/HealthpostToStore/Page_Store/button_Add' is clicked on

2018-05-19 18:35:28 - [MESSAGE][PASSED] - Object: 'Object Repository/HealthpostToStore/Page_Store/button_Add' is clicked on

2018-05-19 18:35:28 - [TEST_STEP][PASSED] - Statement - Break: null

2018-05-19 18:35:28 - [TEST_STEP][PASSED] - selectOptionByIndex: All options with index in [23] are selected on object 'Object Repository/HealthpostToStore/Page_Store/select_--Select--Adernaline 0.'

2018-05-19 18:35:28 - [MESSAGE][PASSED] - All options with index in [23] are selected on object 'Object Repository/HealthpostToStore/Page_Store/select_--Select--Adernaline 0.'

2018-05-19 18:35:28 - [TEST_STEP][PASSED] - delay: Delayed 2 second(s)

2018-05-19 18:35:30 - [MESSAGE][PASSED] - Delayed 2 second(s)

2018-05-19 18:35:30 - [TEST_STEP][PASSED] - Statement - RequestedQty = com.kms.katalon.core.webui.keyword.WebUiBuiltInKeywords.getAttribute(com.kms.katalon.core.testobject.ObjectRepository.findTestObject(HealthpostToStore/Page_Store/input_txttotal), "value"): Attribute 'value' of object 'Object Repository/HealthpostToStore/Page_Store/input_txttotal' is: '10'

2018-05-19 18:35:30 - [MESSAGE][PASSED] - Attribute 'value' of object 'Object Repository/HealthpostToStore/Page_Store/input_txttotal' is: '10'

2018-05-19 18:35:30 - [TEST_STEP][PASSED] - Statement - out.println("Requested QTY : " + RequestedQty): null

2018-05-19 18:35:30 - [TEST_STEP][PASSED] - Statement - BatchNumber = com.kms.katalon.core.webui.keyword.WebUiBuiltInKeywords.getNumberOfTotalOption(com.kms.katalon.core.testobject.ObjectRepository.findTestObject(HealthpostToStore/Page_Store/select_--Select--BA1170BA2376B)): 3 options of object 'Object Repository/HealthpostToStore/Page_Store/select_--Select--BA1170BA2376B' counted

2018-05-19 18:35:30 - [MESSAGE][PASSED] - 3 options of object 'Object Repository/HealthpostToStore/Page_Store/select_--Select--BA1170BA2376B' counted

2018-05-19 18:35:30 - [TEST_STEP][PASSED] - Statement - For ([g = 1, g <= BatchNumber - 1, (g++)]): null

2018-05-19 18:35:30 - [TEST_STEP][PASSED] - selectOptionByIndex: All options with index in [1] are selected on object 'Object Repository/HealthpostToStore/Page_Store/select_--Select--BA1170BA2376B'

2018-05-19 18:35:31 - [MESSAGE][PASSED] - All options with index in [1] are selected on object 'Object Repository/HealthpostToStore/Page_Store/select_--Select--BA1170BA2376B'

2018-05-19 18:35:31 - [TEST_STEP][PASSED] - Statement - Try: null

2018-05-19 18:35:31 - [TEST_STEP][PASSED] - Statement - StockQty = com.kms.katalon.core.webui.keyword.WebUiBuiltInKeywords.getAttribute(com.kms.katalon.core.testobject.ObjectRepository.findTestObject(HealthpostToStore/Page_Store/input_txtprice), "value"): Attribute 'value' of object 'Object Repository/HealthpostToStore/Page_Store/input_txtprice' is: '30'

2018-05-19 18:35:31 - [MESSAGE][PASSED] - Attribute 'value' of object 'Object Repository/HealthpostToStore/Page_Store/input_txtprice' is: '30'

2018-05-19 18:35:31 - [TEST_STEP][PASSED] - Statement - out.println("Stock QTY : " + StockQty): null

2018-05-19 18:35:31 - [TEST_STEP][PASSED] - delay: Delayed 2 second(s)

2018-05-19 18:35:33 - [MESSAGE][PASSED] - Delayed 2 second(s)

2018-05-19 18:35:33 - [TEST_STEP][PASSED] - Statement - If (java.lang.String.valueOf(StockQty) >= java.lang.String.valueOf(RequestedQty)): null

2018-05-19 18:35:33 - [TEST_STEP][PASSED] - setText: Text '10' is set on object 'Object Repository/HealthpostToStore/Page_Store/input_txtqty'

2018-05-19 18:35:33 - [MESSAGE][PASSED] - Text '10' is set on object 'Object Repository/HealthpostToStore/Page_Store/input_txtqty'

2018-05-19 18:35:33 - [TEST_STEP][PASSED] - click: Object: 'Object Repository/HealthpostToStore/Page_Store/button_Add' is clicked on

2018-05-19 18:35:33 - [MESSAGE][PASSED] - Object: 'Object Repository/HealthpostToStore/Page_Store/button_Add' is clicked on

2018-05-19 18:35:33 - [TEST_STEP][PASSED] - Statement - Break: null

2018-05-19 18:35:33 - [TEST_STEP][PASSED] - scrollToElement: Scroll to object 'Object Repository/HealthpostToStore/Page_Store/input_btnSubmit' successfully

2018-05-19 18:35:33 - [MESSAGE][PASSED] - Scroll to object 'Object Repository/HealthpostToStore/Page_Store/input_btnSubmit' successfully

2018-05-19 18:35:33 - [TEST_STEP][PASSED] - click: Object: 'Object Repository/HealthpostToStore/Page_Store/input_btnSubmit' is clicked on

2018-05-19 18:35:33 - [MESSAGE][PASSED] - Object: 'Object Repository/HealthpostToStore/Page_Store/input_btnSubmit' is clicked on

2018-05-19 18:35:33 - [TEST_STEP][PASSED] - delay: Delayed 3 second(s)

2018-05-19 18:35:36 - [MESSAGE][PASSED] - Delayed 3 second(s)

2018-05-19 18:35:36 - [TEST_STEP][PASSED] - click: Object: 'Object Repository/HealthpostToStore/Page_Store/button_OK' is clicked on

2018-05-19 18:35:37 - [MESSAGE][PASSED] - Object: 'Object Repository/HealthpostToStore/Page_Store/button_OK' is clicked on

2018-05-19 18:35:37 - [TEST_STEP][PASSED] - delay: Delayed 3 second(s)

2018-05-19 18:35:40 - [MESSAGE][PASSED] - Delayed 3 second(s)

2018-05-19 18:35:40 - [TEST_STEP][PASSED] - click: Object: 'Object Repository/HealthpostToStore/Page_Store/a_dropdown-toggle' is clicked on

2018-05-19 18:35:40 - [MESSAGE][PASSED] - Object: 'Object Repository/HealthpostToStore/Page_Store/a_dropdown-toggle' is clicked on

2018-05-19 18:35:40 - [TEST_STEP][PASSED] - click: Object: 'Object Repository/HealthpostToStore/Page_Store/a_Sign out' is clicked on

2018-05-19 18:35:42 - [MESSAGE][PASSED] - Object: 'Object Repository/HealthpostToStore/Page_Store/a_Sign out' is clicked on

2018-05-19 18:35:42 - [TEST_STEP][PASSED] - closeBrowser: Browser is closed

2018-05-19 18:35:43 - [MESSAGE][PASSED] - Browser is closed]]></system-out>
         <system-err><![CDATA[]]></system-err>
      </testcase>
      <testcase name="Test Cases/HEALTHPOST TEST CASES/TC_HP_008 Verify Schedule 8 Healthpost Request Are Working Successfully Or Not" classname="Test Cases/HEALTHPOST TEST CASES/TC_HP_008 Verify Schedule 8 Healthpost Request Are Working Successfully Or Not" status="PASSED">
         <system-out><![CDATA[2018-05-19 18:35:43 - [TEST_CASE][PASSED] - Test Cases/HEALTHPOST TEST CASES/TC_HP_008 Verify Schedule 8 Healthpost Request Are Working Successfully Or Not: Test Cases/HEALTHPOST TEST CASES/TC_HP_008 Verify Schedule 8 Healthpost Request Are Working Successfully Or Not

2018-05-19 18:35:43 - [TEST_STEP][PASSED] - openBrowser: Browser is opened with url: ''

2018-05-19 18:35:46 - [MESSAGE][PASSED] - Browser is opened with url: ''

2018-05-19 18:35:46 - [TEST_STEP][PASSED] - navigateToUrl: Navigate to 'http://192.168.137.1/multihospital_new/HDSplashscreen.aspx' successfully

2018-05-19 18:35:55 - [MESSAGE][PASSED] - Navigate to 'http://192.168.137.1/multihospital_new/HDSplashscreen.aspx' successfully

2018-05-19 18:35:55 - [TEST_STEP][PASSED] - maximizeWindow: Current window maximized

2018-05-19 18:35:56 - [MESSAGE][PASSED] - Current window maximized

2018-05-19 18:35:56 - [TEST_STEP][PASSED] - click: Object: 'Object Repository/HealthpostToStore/Page_KDMC/a_Healthpost Store' is clicked on

2018-05-19 18:35:57 - [MESSAGE][PASSED] - Object: 'Object Repository/HealthpostToStore/Page_KDMC/a_Healthpost Store' is clicked on

2018-05-19 18:35:57 - [TEST_STEP][PASSED] - setText: Text 'raguram' is set on object 'Object Repository/HealthpostToStore/Page_HealthPost Store Login/input_txtusername'

2018-05-19 18:35:57 - [MESSAGE][PASSED] - Text 'raguram' is set on object 'Object Repository/HealthpostToStore/Page_HealthPost Store Login/input_txtusername'

2018-05-19 18:35:57 - [TEST_STEP][PASSED] - setText: Text '123' is set on object 'Object Repository/HealthpostToStore/Page_HealthPost Store Login/input_txtpassword'

2018-05-19 18:35:58 - [MESSAGE][PASSED] - Text '123' is set on object 'Object Repository/HealthpostToStore/Page_HealthPost Store Login/input_txtpassword'

2018-05-19 18:35:58 - [TEST_STEP][PASSED] - delay: Delayed 3 second(s)

2018-05-19 18:36:01 - [MESSAGE][PASSED] - Delayed 3 second(s)

2018-05-19 18:36:01 - [TEST_STEP][PASSED] - sendKeys: Keys 'ENTER + ' sent to object: 'Object Repository/HealthpostToStore/Page_HealthPost Store Login/input_txtpassword'

2018-05-19 18:36:02 - [MESSAGE][PASSED] - Keys 'ENTER + ' sent to object: 'Object Repository/HealthpostToStore/Page_HealthPost Store Login/input_txtpassword'

2018-05-19 18:36:02 - [TEST_STEP][PASSED] - delay: Delayed 3 second(s)

2018-05-19 18:36:05 - [MESSAGE][PASSED] - Delayed 3 second(s)

2018-05-19 18:36:05 - [TEST_STEP][PASSED] - doubleClick: Object: 'Object Repository/HealthpostToStore/Page_HealthPost Store/a_Request to Store' is double clicked on

2018-05-19 18:36:05 - [MESSAGE][PASSED] - Object: 'Object Repository/HealthpostToStore/Page_HealthPost Store/a_Request to Store' is double clicked on

2018-05-19 18:36:05 - [TEST_STEP][PASSED] - delay: Delayed 1 second(s)

2018-05-19 18:36:06 - [MESSAGE][PASSED] - Delayed 1 second(s)

2018-05-19 18:36:06 - [TEST_STEP][PASSED] - doubleClick: Object: 'Object Repository/HealthpostToStore/Page_HealthPost Store/a_Medicine Request' is double clicked on

2018-05-19 18:36:07 - [MESSAGE][PASSED] - Object: 'Object Repository/HealthpostToStore/Page_HealthPost Store/a_Medicine Request' is double clicked on

2018-05-19 18:36:07 - [TEST_STEP][PASSED] - delay: Delayed 1 second(s)

2018-05-19 18:36:08 - [MESSAGE][PASSED] - Delayed 1 second(s)

2018-05-19 18:36:08 - [TEST_STEP][PASSED] - selectOptionByIndex: All options with index in [8] are selected on object 'Object Repository/HealthpostToStore/Page_HealthPost Store/select_--Select--Schedule 1Inj'

2018-05-19 18:36:08 - [MESSAGE][PASSED] - All options with index in [8] are selected on object 'Object Repository/HealthpostToStore/Page_HealthPost Store/select_--Select--Schedule 1Inj'

2018-05-19 18:36:08 - [TEST_STEP][PASSED] - Statement - medicineslength = com.kms.katalon.core.webui.keyword.WebUiBuiltInKeywords.getNumberOfTotalOption(com.kms.katalon.core.testobject.ObjectRepository.findTestObject(HealthpostToStore/Page_HealthPost Store/select_--Select--Adernaline 0.)): 18 options of object 'Object Repository/HealthpostToStore/Page_HealthPost Store/select_--Select--Adernaline 0.' counted

2018-05-19 18:36:08 - [MESSAGE][PASSED] - 18 options of object 'Object Repository/HealthpostToStore/Page_HealthPost Store/select_--Select--Adernaline 0.' counted

2018-05-19 18:36:08 - [TEST_STEP][PASSED] - Statement - For ([e = 1, e <= medicineslength - 1, (e++)]): Object: 'Object Repository/HealthpostToStore/Page_HealthPost Store/button_Add' is double clicked on

2018-05-19 18:36:08 - [TEST_STEP][PASSED] - selectOptionByIndex: All options with index in [8] are selected on object 'Object Repository/HealthpostToStore/Page_HealthPost Store/select_--Select--Schedule 1Inj'

2018-05-19 18:36:08 - [MESSAGE][PASSED] - All options with index in [8] are selected on object 'Object Repository/HealthpostToStore/Page_HealthPost Store/select_--Select--Schedule 1Inj'

2018-05-19 18:36:08 - [TEST_STEP][PASSED] - delay: Delayed 1 second(s)

2018-05-19 18:36:09 - [MESSAGE][PASSED] - Delayed 1 second(s)

2018-05-19 18:36:09 - [TEST_STEP][PASSED] - selectOptionByIndex: All options with index in [1] are selected on object 'Object Repository/HealthpostToStore/Page_HealthPost Store/select_--Select--Adernaline 0.'

2018-05-19 18:36:09 - [MESSAGE][PASSED] - All options with index in [1] are selected on object 'Object Repository/HealthpostToStore/Page_HealthPost Store/select_--Select--Adernaline 0.'

2018-05-19 18:36:09 - [TEST_STEP][PASSED] - setText: Text '10' is set on object 'Object Repository/HealthpostToStore/Page_HealthPost Store/input_txttreat'

2018-05-19 18:36:10 - [MESSAGE][PASSED] - Text '10' is set on object 'Object Repository/HealthpostToStore/Page_HealthPost Store/input_txttreat'

2018-05-19 18:36:10 - [TEST_STEP][PASSED] - doubleClick: Object: 'Object Repository/HealthpostToStore/Page_HealthPost Store/button_Add' is double clicked on

2018-05-19 18:36:10 - [MESSAGE][PASSED] - Object: 'Object Repository/HealthpostToStore/Page_HealthPost Store/button_Add' is double clicked on

2018-05-19 18:36:10 - [TEST_STEP][PASSED] - selectOptionByIndex: All options with index in [8] are selected on object 'Object Repository/HealthpostToStore/Page_HealthPost Store/select_--Select--Schedule 1Inj'

2018-05-19 18:36:10 - [MESSAGE][PASSED] - All options with index in [8] are selected on object 'Object Repository/HealthpostToStore/Page_HealthPost Store/select_--Select--Schedule 1Inj'

2018-05-19 18:36:10 - [TEST_STEP][PASSED] - delay: Delayed 1 second(s)

2018-05-19 18:36:11 - [MESSAGE][PASSED] - Delayed 1 second(s)

2018-05-19 18:36:11 - [TEST_STEP][PASSED] - selectOptionByIndex: All options with index in [2] are selected on object 'Object Repository/HealthpostToStore/Page_HealthPost Store/select_--Select--Adernaline 0.'

2018-05-19 18:36:11 - [MESSAGE][PASSED] - All options with index in [2] are selected on object 'Object Repository/HealthpostToStore/Page_HealthPost Store/select_--Select--Adernaline 0.'

2018-05-19 18:36:11 - [TEST_STEP][PASSED] - setText: Text '10' is set on object 'Object Repository/HealthpostToStore/Page_HealthPost Store/input_txttreat'

2018-05-19 18:36:11 - [MESSAGE][PASSED] - Text '10' is set on object 'Object Repository/HealthpostToStore/Page_HealthPost Store/input_txttreat'

2018-05-19 18:36:11 - [TEST_STEP][PASSED] - doubleClick: Object: 'Object Repository/HealthpostToStore/Page_HealthPost Store/button_Add' is double clicked on

2018-05-19 18:36:11 - [MESSAGE][PASSED] - Object: 'Object Repository/HealthpostToStore/Page_HealthPost Store/button_Add' is double clicked on

2018-05-19 18:36:11 - [TEST_STEP][PASSED] - selectOptionByIndex: All options with index in [8] are selected on object 'Object Repository/HealthpostToStore/Page_HealthPost Store/select_--Select--Schedule 1Inj'

2018-05-19 18:36:11 - [MESSAGE][PASSED] - All options with index in [8] are selected on object 'Object Repository/HealthpostToStore/Page_HealthPost Store/select_--Select--Schedule 1Inj'

2018-05-19 18:36:11 - [TEST_STEP][PASSED] - delay: Delayed 1 second(s)

2018-05-19 18:36:12 - [MESSAGE][PASSED] - Delayed 1 second(s)

2018-05-19 18:36:12 - [TEST_STEP][PASSED] - selectOptionByIndex: All options with index in [3] are selected on object 'Object Repository/HealthpostToStore/Page_HealthPost Store/select_--Select--Adernaline 0.'

2018-05-19 18:36:12 - [MESSAGE][PASSED] - All options with index in [3] are selected on object 'Object Repository/HealthpostToStore/Page_HealthPost Store/select_--Select--Adernaline 0.'

2018-05-19 18:36:12 - [TEST_STEP][PASSED] - setText: Text '10' is set on object 'Object Repository/HealthpostToStore/Page_HealthPost Store/input_txttreat'

2018-05-19 18:36:13 - [MESSAGE][PASSED] - Text '10' is set on object 'Object Repository/HealthpostToStore/Page_HealthPost Store/input_txttreat'

2018-05-19 18:36:13 - [TEST_STEP][PASSED] - doubleClick: Object: 'Object Repository/HealthpostToStore/Page_HealthPost Store/button_Add' is double clicked on

2018-05-19 18:36:13 - [MESSAGE][PASSED] - Object: 'Object Repository/HealthpostToStore/Page_HealthPost Store/button_Add' is double clicked on

2018-05-19 18:36:13 - [TEST_STEP][PASSED] - selectOptionByIndex: All options with index in [8] are selected on object 'Object Repository/HealthpostToStore/Page_HealthPost Store/select_--Select--Schedule 1Inj'

2018-05-19 18:36:13 - [MESSAGE][PASSED] - All options with index in [8] are selected on object 'Object Repository/HealthpostToStore/Page_HealthPost Store/select_--Select--Schedule 1Inj'

2018-05-19 18:36:13 - [TEST_STEP][PASSED] - delay: Delayed 1 second(s)

2018-05-19 18:36:14 - [MESSAGE][PASSED] - Delayed 1 second(s)

2018-05-19 18:36:14 - [TEST_STEP][PASSED] - selectOptionByIndex: All options with index in [4] are selected on object 'Object Repository/HealthpostToStore/Page_HealthPost Store/select_--Select--Adernaline 0.'

2018-05-19 18:36:14 - [MESSAGE][PASSED] - All options with index in [4] are selected on object 'Object Repository/HealthpostToStore/Page_HealthPost Store/select_--Select--Adernaline 0.'

2018-05-19 18:36:14 - [TEST_STEP][PASSED] - setText: Text '10' is set on object 'Object Repository/HealthpostToStore/Page_HealthPost Store/input_txttreat'

2018-05-19 18:36:14 - [MESSAGE][PASSED] - Text '10' is set on object 'Object Repository/HealthpostToStore/Page_HealthPost Store/input_txttreat'

2018-05-19 18:36:14 - [TEST_STEP][PASSED] - doubleClick: Object: 'Object Repository/HealthpostToStore/Page_HealthPost Store/button_Add' is double clicked on

2018-05-19 18:36:14 - [MESSAGE][PASSED] - Object: 'Object Repository/HealthpostToStore/Page_HealthPost Store/button_Add' is double clicked on

2018-05-19 18:36:14 - [TEST_STEP][PASSED] - selectOptionByIndex: All options with index in [8] are selected on object 'Object Repository/HealthpostToStore/Page_HealthPost Store/select_--Select--Schedule 1Inj'

2018-05-19 18:36:14 - [MESSAGE][PASSED] - All options with index in [8] are selected on object 'Object Repository/HealthpostToStore/Page_HealthPost Store/select_--Select--Schedule 1Inj'

2018-05-19 18:36:14 - [TEST_STEP][PASSED] - delay: Delayed 1 second(s)

2018-05-19 18:36:15 - [MESSAGE][PASSED] - Delayed 1 second(s)

2018-05-19 18:36:15 - [TEST_STEP][PASSED] - selectOptionByIndex: All options with index in [5] are selected on object 'Object Repository/HealthpostToStore/Page_HealthPost Store/select_--Select--Adernaline 0.'

2018-05-19 18:36:16 - [MESSAGE][PASSED] - All options with index in [5] are selected on object 'Object Repository/HealthpostToStore/Page_HealthPost Store/select_--Select--Adernaline 0.'

2018-05-19 18:36:16 - [TEST_STEP][PASSED] - setText: Text '10' is set on object 'Object Repository/HealthpostToStore/Page_HealthPost Store/input_txttreat'

2018-05-19 18:36:16 - [MESSAGE][PASSED] - Text '10' is set on object 'Object Repository/HealthpostToStore/Page_HealthPost Store/input_txttreat'

2018-05-19 18:36:16 - [TEST_STEP][PASSED] - doubleClick: Object: 'Object Repository/HealthpostToStore/Page_HealthPost Store/button_Add' is double clicked on

2018-05-19 18:36:16 - [MESSAGE][PASSED] - Object: 'Object Repository/HealthpostToStore/Page_HealthPost Store/button_Add' is double clicked on

2018-05-19 18:36:16 - [TEST_STEP][PASSED] - selectOptionByIndex: All options with index in [8] are selected on object 'Object Repository/HealthpostToStore/Page_HealthPost Store/select_--Select--Schedule 1Inj'

2018-05-19 18:36:16 - [MESSAGE][PASSED] - All options with index in [8] are selected on object 'Object Repository/HealthpostToStore/Page_HealthPost Store/select_--Select--Schedule 1Inj'

2018-05-19 18:36:16 - [TEST_STEP][PASSED] - delay: Delayed 1 second(s)

2018-05-19 18:36:17 - [MESSAGE][PASSED] - Delayed 1 second(s)

2018-05-19 18:36:17 - [TEST_STEP][PASSED] - selectOptionByIndex: All options with index in [6] are selected on object 'Object Repository/HealthpostToStore/Page_HealthPost Store/select_--Select--Adernaline 0.'

2018-05-19 18:36:17 - [MESSAGE][PASSED] - All options with index in [6] are selected on object 'Object Repository/HealthpostToStore/Page_HealthPost Store/select_--Select--Adernaline 0.'

2018-05-19 18:36:17 - [TEST_STEP][PASSED] - setText: Text '10' is set on object 'Object Repository/HealthpostToStore/Page_HealthPost Store/input_txttreat'

2018-05-19 18:36:17 - [MESSAGE][PASSED] - Text '10' is set on object 'Object Repository/HealthpostToStore/Page_HealthPost Store/input_txttreat'

2018-05-19 18:36:17 - [TEST_STEP][PASSED] - doubleClick: Object: 'Object Repository/HealthpostToStore/Page_HealthPost Store/button_Add' is double clicked on

2018-05-19 18:36:17 - [MESSAGE][PASSED] - Object: 'Object Repository/HealthpostToStore/Page_HealthPost Store/button_Add' is double clicked on

2018-05-19 18:36:17 - [TEST_STEP][PASSED] - selectOptionByIndex: All options with index in [8] are selected on object 'Object Repository/HealthpostToStore/Page_HealthPost Store/select_--Select--Schedule 1Inj'

2018-05-19 18:36:17 - [MESSAGE][PASSED] - All options with index in [8] are selected on object 'Object Repository/HealthpostToStore/Page_HealthPost Store/select_--Select--Schedule 1Inj'

2018-05-19 18:36:17 - [TEST_STEP][PASSED] - delay: Delayed 1 second(s)

2018-05-19 18:36:18 - [MESSAGE][PASSED] - Delayed 1 second(s)

2018-05-19 18:36:18 - [TEST_STEP][PASSED] - selectOptionByIndex: All options with index in [7] are selected on object 'Object Repository/HealthpostToStore/Page_HealthPost Store/select_--Select--Adernaline 0.'

2018-05-19 18:36:19 - [MESSAGE][PASSED] - All options with index in [7] are selected on object 'Object Repository/HealthpostToStore/Page_HealthPost Store/select_--Select--Adernaline 0.'

2018-05-19 18:36:19 - [TEST_STEP][PASSED] - setText: Text '10' is set on object 'Object Repository/HealthpostToStore/Page_HealthPost Store/input_txttreat'

2018-05-19 18:36:19 - [MESSAGE][PASSED] - Text '10' is set on object 'Object Repository/HealthpostToStore/Page_HealthPost Store/input_txttreat'

2018-05-19 18:36:19 - [TEST_STEP][PASSED] - doubleClick: Object: 'Object Repository/HealthpostToStore/Page_HealthPost Store/button_Add' is double clicked on

2018-05-19 18:36:19 - [MESSAGE][PASSED] - Object: 'Object Repository/HealthpostToStore/Page_HealthPost Store/button_Add' is double clicked on

2018-05-19 18:36:19 - [TEST_STEP][PASSED] - selectOptionByIndex: All options with index in [8] are selected on object 'Object Repository/HealthpostToStore/Page_HealthPost Store/select_--Select--Schedule 1Inj'

2018-05-19 18:36:19 - [MESSAGE][PASSED] - All options with index in [8] are selected on object 'Object Repository/HealthpostToStore/Page_HealthPost Store/select_--Select--Schedule 1Inj'

2018-05-19 18:36:19 - [TEST_STEP][PASSED] - delay: Delayed 1 second(s)

2018-05-19 18:36:20 - [MESSAGE][PASSED] - Delayed 1 second(s)

2018-05-19 18:36:20 - [TEST_STEP][PASSED] - selectOptionByIndex: All options with index in [8] are selected on object 'Object Repository/HealthpostToStore/Page_HealthPost Store/select_--Select--Adernaline 0.'

2018-05-19 18:36:20 - [MESSAGE][PASSED] - All options with index in [8] are selected on object 'Object Repository/HealthpostToStore/Page_HealthPost Store/select_--Select--Adernaline 0.'

2018-05-19 18:36:20 - [TEST_STEP][PASSED] - setText: Text '10' is set on object 'Object Repository/HealthpostToStore/Page_HealthPost Store/input_txttreat'

2018-05-19 18:36:20 - [MESSAGE][PASSED] - Text '10' is set on object 'Object Repository/HealthpostToStore/Page_HealthPost Store/input_txttreat'

2018-05-19 18:36:20 - [TEST_STEP][PASSED] - doubleClick: Object: 'Object Repository/HealthpostToStore/Page_HealthPost Store/button_Add' is double clicked on

2018-05-19 18:36:20 - [MESSAGE][PASSED] - Object: 'Object Repository/HealthpostToStore/Page_HealthPost Store/button_Add' is double clicked on

2018-05-19 18:36:20 - [TEST_STEP][PASSED] - selectOptionByIndex: All options with index in [8] are selected on object 'Object Repository/HealthpostToStore/Page_HealthPost Store/select_--Select--Schedule 1Inj'

2018-05-19 18:36:21 - [MESSAGE][PASSED] - All options with index in [8] are selected on object 'Object Repository/HealthpostToStore/Page_HealthPost Store/select_--Select--Schedule 1Inj'

2018-05-19 18:36:21 - [TEST_STEP][PASSED] - delay: Delayed 1 second(s)

2018-05-19 18:36:22 - [MESSAGE][PASSED] - Delayed 1 second(s)

2018-05-19 18:36:22 - [TEST_STEP][PASSED] - selectOptionByIndex: All options with index in [9] are selected on object 'Object Repository/HealthpostToStore/Page_HealthPost Store/select_--Select--Adernaline 0.'

2018-05-19 18:36:22 - [MESSAGE][PASSED] - All options with index in [9] are selected on object 'Object Repository/HealthpostToStore/Page_HealthPost Store/select_--Select--Adernaline 0.'

2018-05-19 18:36:22 - [TEST_STEP][PASSED] - setText: Text '10' is set on object 'Object Repository/HealthpostToStore/Page_HealthPost Store/input_txttreat'

2018-05-19 18:36:22 - [MESSAGE][PASSED] - Text '10' is set on object 'Object Repository/HealthpostToStore/Page_HealthPost Store/input_txttreat'

2018-05-19 18:36:22 - [TEST_STEP][PASSED] - doubleClick: Object: 'Object Repository/HealthpostToStore/Page_HealthPost Store/button_Add' is double clicked on

2018-05-19 18:36:22 - [MESSAGE][PASSED] - Object: 'Object Repository/HealthpostToStore/Page_HealthPost Store/button_Add' is double clicked on

2018-05-19 18:36:22 - [TEST_STEP][PASSED] - selectOptionByIndex: All options with index in [8] are selected on object 'Object Repository/HealthpostToStore/Page_HealthPost Store/select_--Select--Schedule 1Inj'

2018-05-19 18:36:22 - [MESSAGE][PASSED] - All options with index in [8] are selected on object 'Object Repository/HealthpostToStore/Page_HealthPost Store/select_--Select--Schedule 1Inj'

2018-05-19 18:36:22 - [TEST_STEP][PASSED] - delay: Delayed 1 second(s)

2018-05-19 18:36:23 - [MESSAGE][PASSED] - Delayed 1 second(s)

2018-05-19 18:36:23 - [TEST_STEP][PASSED] - selectOptionByIndex: All options with index in [10] are selected on object 'Object Repository/HealthpostToStore/Page_HealthPost Store/select_--Select--Adernaline 0.'

2018-05-19 18:36:24 - [MESSAGE][PASSED] - All options with index in [10] are selected on object 'Object Repository/HealthpostToStore/Page_HealthPost Store/select_--Select--Adernaline 0.'

2018-05-19 18:36:24 - [TEST_STEP][PASSED] - setText: Text '10' is set on object 'Object Repository/HealthpostToStore/Page_HealthPost Store/input_txttreat'

2018-05-19 18:36:24 - [MESSAGE][PASSED] - Text '10' is set on object 'Object Repository/HealthpostToStore/Page_HealthPost Store/input_txttreat'

2018-05-19 18:36:24 - [TEST_STEP][PASSED] - doubleClick: Object: 'Object Repository/HealthpostToStore/Page_HealthPost Store/button_Add' is double clicked on

2018-05-19 18:36:24 - [MESSAGE][PASSED] - Object: 'Object Repository/HealthpostToStore/Page_HealthPost Store/button_Add' is double clicked on

2018-05-19 18:36:24 - [TEST_STEP][PASSED] - selectOptionByIndex: All options with index in [8] are selected on object 'Object Repository/HealthpostToStore/Page_HealthPost Store/select_--Select--Schedule 1Inj'

2018-05-19 18:36:24 - [MESSAGE][PASSED] - All options with index in [8] are selected on object 'Object Repository/HealthpostToStore/Page_HealthPost Store/select_--Select--Schedule 1Inj'

2018-05-19 18:36:24 - [TEST_STEP][PASSED] - delay: Delayed 1 second(s)

2018-05-19 18:36:25 - [MESSAGE][PASSED] - Delayed 1 second(s)

2018-05-19 18:36:25 - [TEST_STEP][PASSED] - selectOptionByIndex: All options with index in [11] are selected on object 'Object Repository/HealthpostToStore/Page_HealthPost Store/select_--Select--Adernaline 0.'

2018-05-19 18:36:25 - [MESSAGE][PASSED] - All options with index in [11] are selected on object 'Object Repository/HealthpostToStore/Page_HealthPost Store/select_--Select--Adernaline 0.'

2018-05-19 18:36:25 - [TEST_STEP][PASSED] - setText: Text '10' is set on object 'Object Repository/HealthpostToStore/Page_HealthPost Store/input_txttreat'

2018-05-19 18:36:25 - [MESSAGE][PASSED] - Text '10' is set on object 'Object Repository/HealthpostToStore/Page_HealthPost Store/input_txttreat'

2018-05-19 18:36:25 - [TEST_STEP][PASSED] - doubleClick: Object: 'Object Repository/HealthpostToStore/Page_HealthPost Store/button_Add' is double clicked on

2018-05-19 18:36:25 - [MESSAGE][PASSED] - Object: 'Object Repository/HealthpostToStore/Page_HealthPost Store/button_Add' is double clicked on

2018-05-19 18:36:25 - [TEST_STEP][PASSED] - selectOptionByIndex: All options with index in [8] are selected on object 'Object Repository/HealthpostToStore/Page_HealthPost Store/select_--Select--Schedule 1Inj'

2018-05-19 18:36:25 - [MESSAGE][PASSED] - All options with index in [8] are selected on object 'Object Repository/HealthpostToStore/Page_HealthPost Store/select_--Select--Schedule 1Inj'

2018-05-19 18:36:25 - [TEST_STEP][PASSED] - delay: Delayed 1 second(s)

2018-05-19 18:36:26 - [MESSAGE][PASSED] - Delayed 1 second(s)

2018-05-19 18:36:26 - [TEST_STEP][PASSED] - selectOptionByIndex: All options with index in [12] are selected on object 'Object Repository/HealthpostToStore/Page_HealthPost Store/select_--Select--Adernaline 0.'

2018-05-19 18:36:27 - [MESSAGE][PASSED] - All options with index in [12] are selected on object 'Object Repository/HealthpostToStore/Page_HealthPost Store/select_--Select--Adernaline 0.'

2018-05-19 18:36:27 - [TEST_STEP][PASSED] - setText: Text '10' is set on object 'Object Repository/HealthpostToStore/Page_HealthPost Store/input_txttreat'

2018-05-19 18:36:27 - [MESSAGE][PASSED] - Text '10' is set on object 'Object Repository/HealthpostToStore/Page_HealthPost Store/input_txttreat'

2018-05-19 18:36:27 - [TEST_STEP][PASSED] - doubleClick: Object: 'Object Repository/HealthpostToStore/Page_HealthPost Store/button_Add' is double clicked on

2018-05-19 18:36:27 - [MESSAGE][PASSED] - Object: 'Object Repository/HealthpostToStore/Page_HealthPost Store/button_Add' is double clicked on

2018-05-19 18:36:27 - [TEST_STEP][PASSED] - selectOptionByIndex: All options with index in [8] are selected on object 'Object Repository/HealthpostToStore/Page_HealthPost Store/select_--Select--Schedule 1Inj'

2018-05-19 18:36:27 - [MESSAGE][PASSED] - All options with index in [8] are selected on object 'Object Repository/HealthpostToStore/Page_HealthPost Store/select_--Select--Schedule 1Inj'

2018-05-19 18:36:27 - [TEST_STEP][PASSED] - delay: Delayed 1 second(s)

2018-05-19 18:36:28 - [MESSAGE][PASSED] - Delayed 1 second(s)

2018-05-19 18:36:28 - [TEST_STEP][PASSED] - selectOptionByIndex: All options with index in [13] are selected on object 'Object Repository/HealthpostToStore/Page_HealthPost Store/select_--Select--Adernaline 0.'

2018-05-19 18:36:28 - [MESSAGE][PASSED] - All options with index in [13] are selected on object 'Object Repository/HealthpostToStore/Page_HealthPost Store/select_--Select--Adernaline 0.'

2018-05-19 18:36:28 - [TEST_STEP][PASSED] - setText: Text '10' is set on object 'Object Repository/HealthpostToStore/Page_HealthPost Store/input_txttreat'

2018-05-19 18:36:28 - [MESSAGE][PASSED] - Text '10' is set on object 'Object Repository/HealthpostToStore/Page_HealthPost Store/input_txttreat'

2018-05-19 18:36:28 - [TEST_STEP][PASSED] - doubleClick: Object: 'Object Repository/HealthpostToStore/Page_HealthPost Store/button_Add' is double clicked on

2018-05-19 18:36:29 - [MESSAGE][PASSED] - Object: 'Object Repository/HealthpostToStore/Page_HealthPost Store/button_Add' is double clicked on

2018-05-19 18:36:29 - [TEST_STEP][PASSED] - selectOptionByIndex: All options with index in [8] are selected on object 'Object Repository/HealthpostToStore/Page_HealthPost Store/select_--Select--Schedule 1Inj'

2018-05-19 18:36:29 - [MESSAGE][PASSED] - All options with index in [8] are selected on object 'Object Repository/HealthpostToStore/Page_HealthPost Store/select_--Select--Schedule 1Inj'

2018-05-19 18:36:29 - [TEST_STEP][PASSED] - delay: Delayed 1 second(s)

2018-05-19 18:36:30 - [MESSAGE][PASSED] - Delayed 1 second(s)

2018-05-19 18:36:30 - [TEST_STEP][PASSED] - selectOptionByIndex: All options with index in [14] are selected on object 'Object Repository/HealthpostToStore/Page_HealthPost Store/select_--Select--Adernaline 0.'

2018-05-19 18:36:30 - [MESSAGE][PASSED] - All options with index in [14] are selected on object 'Object Repository/HealthpostToStore/Page_HealthPost Store/select_--Select--Adernaline 0.'

2018-05-19 18:36:30 - [TEST_STEP][PASSED] - setText: Text '10' is set on object 'Object Repository/HealthpostToStore/Page_HealthPost Store/input_txttreat'

2018-05-19 18:36:30 - [MESSAGE][PASSED] - Text '10' is set on object 'Object Repository/HealthpostToStore/Page_HealthPost Store/input_txttreat'

2018-05-19 18:36:30 - [TEST_STEP][PASSED] - doubleClick: Object: 'Object Repository/HealthpostToStore/Page_HealthPost Store/button_Add' is double clicked on

2018-05-19 18:36:30 - [MESSAGE][PASSED] - Object: 'Object Repository/HealthpostToStore/Page_HealthPost Store/button_Add' is double clicked on

2018-05-19 18:36:30 - [TEST_STEP][PASSED] - selectOptionByIndex: All options with index in [8] are selected on object 'Object Repository/HealthpostToStore/Page_HealthPost Store/select_--Select--Schedule 1Inj'

2018-05-19 18:36:30 - [MESSAGE][PASSED] - All options with index in [8] are selected on object 'Object Repository/HealthpostToStore/Page_HealthPost Store/select_--Select--Schedule 1Inj'

2018-05-19 18:36:30 - [TEST_STEP][PASSED] - delay: Delayed 1 second(s)

2018-05-19 18:36:31 - [MESSAGE][PASSED] - Delayed 1 second(s)

2018-05-19 18:36:31 - [TEST_STEP][PASSED] - selectOptionByIndex: All options with index in [15] are selected on object 'Object Repository/HealthpostToStore/Page_HealthPost Store/select_--Select--Adernaline 0.'

2018-05-19 18:36:32 - [MESSAGE][PASSED] - All options with index in [15] are selected on object 'Object Repository/HealthpostToStore/Page_HealthPost Store/select_--Select--Adernaline 0.'

2018-05-19 18:36:32 - [TEST_STEP][PASSED] - setText: Text '10' is set on object 'Object Repository/HealthpostToStore/Page_HealthPost Store/input_txttreat'

2018-05-19 18:36:32 - [MESSAGE][PASSED] - Text '10' is set on object 'Object Repository/HealthpostToStore/Page_HealthPost Store/input_txttreat'

2018-05-19 18:36:32 - [TEST_STEP][PASSED] - doubleClick: Object: 'Object Repository/HealthpostToStore/Page_HealthPost Store/button_Add' is double clicked on

2018-05-19 18:36:32 - [MESSAGE][PASSED] - Object: 'Object Repository/HealthpostToStore/Page_HealthPost Store/button_Add' is double clicked on

2018-05-19 18:36:32 - [TEST_STEP][PASSED] - selectOptionByIndex: All options with index in [8] are selected on object 'Object Repository/HealthpostToStore/Page_HealthPost Store/select_--Select--Schedule 1Inj'

2018-05-19 18:36:32 - [MESSAGE][PASSED] - All options with index in [8] are selected on object 'Object Repository/HealthpostToStore/Page_HealthPost Store/select_--Select--Schedule 1Inj'

2018-05-19 18:36:32 - [TEST_STEP][PASSED] - delay: Delayed 1 second(s)

2018-05-19 18:36:33 - [MESSAGE][PASSED] - Delayed 1 second(s)

2018-05-19 18:36:33 - [TEST_STEP][PASSED] - selectOptionByIndex: All options with index in [16] are selected on object 'Object Repository/HealthpostToStore/Page_HealthPost Store/select_--Select--Adernaline 0.'

2018-05-19 18:36:33 - [MESSAGE][PASSED] - All options with index in [16] are selected on object 'Object Repository/HealthpostToStore/Page_HealthPost Store/select_--Select--Adernaline 0.'

2018-05-19 18:36:33 - [TEST_STEP][PASSED] - setText: Text '10' is set on object 'Object Repository/HealthpostToStore/Page_HealthPost Store/input_txttreat'

2018-05-19 18:36:33 - [MESSAGE][PASSED] - Text '10' is set on object 'Object Repository/HealthpostToStore/Page_HealthPost Store/input_txttreat'

2018-05-19 18:36:33 - [TEST_STEP][PASSED] - doubleClick: Object: 'Object Repository/HealthpostToStore/Page_HealthPost Store/button_Add' is double clicked on

2018-05-19 18:36:34 - [MESSAGE][PASSED] - Object: 'Object Repository/HealthpostToStore/Page_HealthPost Store/button_Add' is double clicked on

2018-05-19 18:36:34 - [TEST_STEP][PASSED] - selectOptionByIndex: All options with index in [8] are selected on object 'Object Repository/HealthpostToStore/Page_HealthPost Store/select_--Select--Schedule 1Inj'

2018-05-19 18:36:34 - [MESSAGE][PASSED] - All options with index in [8] are selected on object 'Object Repository/HealthpostToStore/Page_HealthPost Store/select_--Select--Schedule 1Inj'

2018-05-19 18:36:34 - [TEST_STEP][PASSED] - delay: Delayed 1 second(s)

2018-05-19 18:36:35 - [MESSAGE][PASSED] - Delayed 1 second(s)

2018-05-19 18:36:35 - [TEST_STEP][PASSED] - selectOptionByIndex: All options with index in [17] are selected on object 'Object Repository/HealthpostToStore/Page_HealthPost Store/select_--Select--Adernaline 0.'

2018-05-19 18:36:35 - [MESSAGE][PASSED] - All options with index in [17] are selected on object 'Object Repository/HealthpostToStore/Page_HealthPost Store/select_--Select--Adernaline 0.'

2018-05-19 18:36:35 - [TEST_STEP][PASSED] - setText: Text '10' is set on object 'Object Repository/HealthpostToStore/Page_HealthPost Store/input_txttreat'

2018-05-19 18:36:35 - [MESSAGE][PASSED] - Text '10' is set on object 'Object Repository/HealthpostToStore/Page_HealthPost Store/input_txttreat'

2018-05-19 18:36:35 - [TEST_STEP][PASSED] - doubleClick: Object: 'Object Repository/HealthpostToStore/Page_HealthPost Store/button_Add' is double clicked on

2018-05-19 18:36:35 - [MESSAGE][PASSED] - Object: 'Object Repository/HealthpostToStore/Page_HealthPost Store/button_Add' is double clicked on

2018-05-19 18:36:35 - [TEST_STEP][PASSED] - scrollToElement: Scroll to object 'Object Repository/HealthpostToStore/Page_HealthPost Store/input_btnsave' successfully

2018-05-19 18:36:35 - [MESSAGE][PASSED] - Scroll to object 'Object Repository/HealthpostToStore/Page_HealthPost Store/input_btnsave' successfully

2018-05-19 18:36:35 - [TEST_STEP][PASSED] - click: Object: 'Object Repository/HealthpostToStore/Page_HealthPost Store/input_btnsave' is clicked on

2018-05-19 18:36:35 - [MESSAGE][PASSED] - Object: 'Object Repository/HealthpostToStore/Page_HealthPost Store/input_btnsave' is clicked on

2018-05-19 18:36:35 - [TEST_STEP][PASSED] - delay: Delayed 3 second(s)

2018-05-19 18:36:38 - [MESSAGE][PASSED] - Delayed 3 second(s)

2018-05-19 18:36:38 - [TEST_STEP][PASSED] - Statement - RN1 = com.kms.katalon.core.webui.keyword.WebUiBuiltInKeywords.getText(com.kms.katalon.core.testobject.ObjectRepository.findTestObject(HealthpostToStore/Page_HealthPost Store/font_HPRNO180520187)): Text of object 'Object Repository/HealthpostToStore/Page_HealthPost Store/font_HPRNO180520187' is: 'HPRNO/19052018/51'

2018-05-19 18:36:38 - [MESSAGE][PASSED] - Text of object 'Object Repository/HealthpostToStore/Page_HealthPost Store/font_HPRNO180520187' is: 'HPRNO/19052018/51'

2018-05-19 18:36:38 - [TEST_STEP][PASSED] - Statement - out.println(RN1): null

2018-05-19 18:36:38 - [TEST_STEP][PASSED] - Statement - RID = RN1.split("/")[2]: null

2018-05-19 18:36:38 - [TEST_STEP][PASSED] - click: Object: 'Object Repository/HealthpostToStore/Page_HealthPost Store/button_OK' is clicked on

2018-05-19 18:36:40 - [MESSAGE][PASSED] - Object: 'Object Repository/HealthpostToStore/Page_HealthPost Store/button_OK' is clicked on

2018-05-19 18:36:40 - [TEST_STEP][PASSED] - delay: Delayed 3 second(s)

2018-05-19 18:36:43 - [MESSAGE][PASSED] - Delayed 3 second(s)

2018-05-19 18:36:43 - [TEST_STEP][PASSED] - click: Object: 'Object Repository/HealthpostToStore/Page_HealthPost Store/a_dropdown-toggle' is clicked on

2018-05-19 18:36:43 - [MESSAGE][PASSED] - Object: 'Object Repository/HealthpostToStore/Page_HealthPost Store/a_dropdown-toggle' is clicked on

2018-05-19 18:36:43 - [TEST_STEP][PASSED] - click: Object: 'Object Repository/HealthpostToStore/Page_HealthPost Store/a_Sign out' is clicked on

2018-05-19 18:36:44 - [MESSAGE][PASSED] - Object: 'Object Repository/HealthpostToStore/Page_HealthPost Store/a_Sign out' is clicked on

2018-05-19 18:36:44 - [TEST_STEP][PASSED] - delay: Delayed 3 second(s)

2018-05-19 18:36:47 - [MESSAGE][PASSED] - Delayed 3 second(s)

2018-05-19 18:36:47 - [TEST_STEP][PASSED] - navigateToUrl: Navigate to 'http://192.168.137.1/multihospital_new/' successfully

2018-05-19 18:36:49 - [MESSAGE][PASSED] - Navigate to 'http://192.168.137.1/multihospital_new/' successfully

2018-05-19 18:36:49 - [TEST_STEP][PASSED] - click: Object: 'Object Repository/HealthpostToStore/Page_KDMC/a_CMO' is clicked on

2018-05-19 18:36:52 - [MESSAGE][PASSED] - Object: 'Object Repository/HealthpostToStore/Page_KDMC/a_CMO' is clicked on

2018-05-19 18:36:52 - [TEST_STEP][PASSED] - setText: Text 'guru' is set on object 'Object Repository/HealthpostToStore/Page_CMO login/input_txtusername'

2018-05-19 18:36:53 - [MESSAGE][PASSED] - Text 'guru' is set on object 'Object Repository/HealthpostToStore/Page_CMO login/input_txtusername'

2018-05-19 18:36:53 - [TEST_STEP][PASSED] - setText: Text '123' is set on object 'Object Repository/HealthpostToStore/Page_CMO login/input_txtpassword'

2018-05-19 18:36:53 - [MESSAGE][PASSED] - Text '123' is set on object 'Object Repository/HealthpostToStore/Page_CMO login/input_txtpassword'

2018-05-19 18:36:53 - [TEST_STEP][PASSED] - delay: Delayed 3 second(s)

2018-05-19 18:36:56 - [MESSAGE][PASSED] - Delayed 3 second(s)

2018-05-19 18:36:56 - [TEST_STEP][PASSED] - click: Object: 'Object Repository/HealthpostToStore/Page_CMO login/button_Sign in' is clicked on

2018-05-19 18:36:57 - [MESSAGE][PASSED] - Object: 'Object Repository/HealthpostToStore/Page_CMO login/button_Sign in' is clicked on

2018-05-19 18:36:57 - [TEST_STEP][PASSED] - click: Object: 'Object Repository/HealthpostToStore/Page_KDMC - CMO/a_Department Wise Request' is clicked on

2018-05-19 18:37:00 - [MESSAGE][PASSED] - Object: 'Object Repository/HealthpostToStore/Page_KDMC - CMO/a_Department Wise Request' is clicked on

2018-05-19 18:37:00 - [TEST_STEP][PASSED] - delay: Delayed 2 second(s)

2018-05-19 18:37:02 - [MESSAGE][PASSED] - Delayed 2 second(s)

2018-05-19 18:37:02 - [TEST_STEP][PASSED] - selectOptionByIndex: All options with index in [5] are selected on object 'Object Repository/HealthpostToStore/Page_KDMC - CMO/select_--ALL--'

2018-05-19 18:37:03 - [MESSAGE][PASSED] - All options with index in [5] are selected on object 'Object Repository/HealthpostToStore/Page_KDMC - CMO/select_--ALL--'

2018-05-19 18:37:03 - [TEST_STEP][PASSED] - click: Object: 'Object Repository/HealthpostToStore/Page_KDMC - CMO/input_btnsearch' is clicked on

2018-05-19 18:37:03 - [MESSAGE][PASSED] - Object: 'Object Repository/HealthpostToStore/Page_KDMC - CMO/input_btnsearch' is clicked on

2018-05-19 18:37:03 - [TEST_STEP][PASSED] - selectOptionByIndex: All options with index in [1] are selected on object 'Object Repository/HealthpostToStore/Page_KDMC - CMO/select_--ALL--                _1'

2018-05-19 18:37:03 - [MESSAGE][PASSED] - All options with index in [1] are selected on object 'Object Repository/HealthpostToStore/Page_KDMC - CMO/select_--ALL--                _1'

2018-05-19 18:37:03 - [TEST_STEP][PASSED] - click: Object: 'Object Repository/HealthpostToStore/Page_KDMC - CMO/input_btnsearch' is clicked on

2018-05-19 18:37:03 - [MESSAGE][PASSED] - Object: 'Object Repository/HealthpostToStore/Page_KDMC - CMO/input_btnsearch' is clicked on

2018-05-19 18:37:03 - [TEST_STEP][PASSED] - Statement - ID = com.kms.katalon.core.webui.keyword.WebUiBuiltInKeywords.modifyObjectProperty(com.kms.katalon.core.testobject.ObjectRepository.findTestObject(lab/Page_KDMC - CMO/input_1), "xpath", "equals", "//*[@id=" + RID + "]", true): Modify property of object successfully

2018-05-19 18:37:03 - [MESSAGE][PASSED] - Modify property of object successfully

2018-05-19 18:37:03 - [TEST_STEP][PASSED] - click: Object: 'Object Repository/lab/Page_KDMC - CMO/input_1' is clicked on

2018-05-19 18:37:04 - [MESSAGE][PASSED] - Object: 'Object Repository/lab/Page_KDMC - CMO/input_1' is clicked on

2018-05-19 18:37:04 - [TEST_STEP][PASSED] - delay: Delayed 2 second(s)

2018-05-19 18:37:06 - [MESSAGE][PASSED] - Delayed 2 second(s)

2018-05-19 18:37:06 - [TEST_STEP][PASSED] - selectOptionByIndex: All options with index in [1] are selected on object 'Object Repository/HealthpostToStore/Page_KDMC - CMO/select_--Select--'

2018-05-19 18:37:06 - [MESSAGE][PASSED] - All options with index in [1] are selected on object 'Object Repository/HealthpostToStore/Page_KDMC - CMO/select_--Select--'

2018-05-19 18:37:06 - [TEST_STEP][PASSED] - click: Object: 'Object Repository/HealthpostToStore/Page_KDMC - CMO/input_btnupdate' is clicked on

2018-05-19 18:37:06 - [MESSAGE][PASSED] - Object: 'Object Repository/HealthpostToStore/Page_KDMC - CMO/input_btnupdate' is clicked on

2018-05-19 18:37:06 - [TEST_STEP][PASSED] - delay: Delayed 2 second(s)

2018-05-19 18:37:08 - [MESSAGE][PASSED] - Delayed 2 second(s)

2018-05-19 18:37:08 - [TEST_STEP][PASSED] - click: Object: 'Object Repository/HealthpostToStore/Page_KDMC - CMO/button_OK' is clicked on

2018-05-19 18:37:08 - [MESSAGE][PASSED] - Object: 'Object Repository/HealthpostToStore/Page_KDMC - CMO/button_OK' is clicked on

2018-05-19 18:37:08 - [TEST_STEP][PASSED] - delay: Delayed 2 second(s)

2018-05-19 18:37:10 - [MESSAGE][PASSED] - Delayed 2 second(s)

2018-05-19 18:37:10 - [TEST_STEP][PASSED] - click: Object: 'Object Repository/HealthpostToStore/Page_KDMC - CMO/a_dropdown-toggle' is clicked on

2018-05-19 18:37:11 - [MESSAGE][PASSED] - Object: 'Object Repository/HealthpostToStore/Page_KDMC - CMO/a_dropdown-toggle' is clicked on

2018-05-19 18:37:11 - [TEST_STEP][PASSED] - click: Object: 'Object Repository/HealthpostToStore/Page_KDMC - CMO/a_Sign out' is clicked on

2018-05-19 18:37:12 - [MESSAGE][PASSED] - Object: 'Object Repository/HealthpostToStore/Page_KDMC - CMO/a_Sign out' is clicked on

2018-05-19 18:37:12 - [TEST_STEP][PASSED] - delay: Delayed 3 second(s)

2018-05-19 18:37:15 - [MESSAGE][PASSED] - Delayed 3 second(s)

2018-05-19 18:37:15 - [TEST_STEP][PASSED] - click: Object: 'Object Repository/HealthpostToStore/Page_KDMC/a_Divisional Store' is clicked on

2018-05-19 18:37:15 - [MESSAGE][PASSED] - Object: 'Object Repository/HealthpostToStore/Page_KDMC/a_Divisional Store' is clicked on

2018-05-19 18:37:15 - [TEST_STEP][PASSED] - setText: Text 'ragu' is set on object 'Object Repository/HealthpostToStore/Page_Divisonal Store Login/input_txtusername'

2018-05-19 18:37:16 - [MESSAGE][PASSED] - Text 'ragu' is set on object 'Object Repository/HealthpostToStore/Page_Divisonal Store Login/input_txtusername'

2018-05-19 18:37:16 - [TEST_STEP][PASSED] - setText: Text '123' is set on object 'Object Repository/HealthpostToStore/Page_Divisonal Store Login/input_txtpassword'

2018-05-19 18:37:16 - [MESSAGE][PASSED] - Text '123' is set on object 'Object Repository/HealthpostToStore/Page_Divisonal Store Login/input_txtpassword'

2018-05-19 18:37:16 - [TEST_STEP][PASSED] - delay: Delayed 3 second(s)

2018-05-19 18:37:19 - [MESSAGE][PASSED] - Delayed 3 second(s)

2018-05-19 18:37:19 - [TEST_STEP][PASSED] - click: Object: 'Object Repository/HealthpostToStore/Page_Divisonal Store Login/button_Sign in' is clicked on

2018-05-19 18:37:20 - [MESSAGE][PASSED] - Object: 'Object Repository/HealthpostToStore/Page_Divisonal Store Login/button_Sign in' is clicked on

2018-05-19 18:37:20 - [TEST_STEP][PASSED] - delay: Delayed 3 second(s)

2018-05-19 18:37:23 - [MESSAGE][PASSED] - Delayed 3 second(s)

2018-05-19 18:37:23 - [TEST_STEP][PASSED] - click: Object: 'Object Repository/HealthpostToStore/Page_Store/a_Health Post Request' is clicked on

2018-05-19 18:37:23 - [MESSAGE][PASSED] - Object: 'Object Repository/HealthpostToStore/Page_Store/a_Health Post Request' is clicked on

2018-05-19 18:37:23 - [TEST_STEP][PASSED] - click: Object: 'Object Repository/HealthpostToStore/Page_Store/a_Request Item HealthPost' is clicked on

2018-05-19 18:37:25 - [MESSAGE][PASSED] - Object: 'Object Repository/HealthpostToStore/Page_Store/a_Request Item HealthPost' is clicked on

2018-05-19 18:37:25 - [TEST_STEP][PASSED] - Statement - ChooseRequest = com.kms.katalon.core.webui.keyword.WebUiBuiltInKeywords.modifyObjectProperty(com.kms.katalon.core.testobject.ObjectRepository.findTestObject(lab/Page_Store/input_1), "xpath", "equals", "//*[@id=" + RID + "]", true): Modify property of object successfully

2018-05-19 18:37:25 - [MESSAGE][PASSED] - Modify property of object successfully

2018-05-19 18:37:25 - [TEST_STEP][PASSED] - click: Object: 'Object Repository/lab/Page_Store/input_1' is clicked on

2018-05-19 18:37:26 - [MESSAGE][PASSED] - Object: 'Object Repository/lab/Page_Store/input_1' is clicked on

2018-05-19 18:37:26 - [TEST_STEP][PASSED] - Statement - selectedoptions = com.kms.katalon.core.webui.keyword.WebUiBuiltInKeywords.getNumberOfTotalOption(com.kms.katalon.core.testobject.ObjectRepository.findTestObject(HealthpostToStore/Page_Store/select_--Select--Adernaline 0.)): 18 options of object 'Object Repository/HealthpostToStore/Page_Store/select_--Select--Adernaline 0.' counted

2018-05-19 18:37:26 - [MESSAGE][PASSED] - 18 options of object 'Object Repository/HealthpostToStore/Page_Store/select_--Select--Adernaline 0.' counted

2018-05-19 18:37:26 - [TEST_STEP][PASSED] - Statement - For ([a = 1, a <= selectedoptions - 1, (a++)]): null

2018-05-19 18:37:26 - [TEST_STEP][PASSED] - selectOptionByIndex: All options with index in [1] are selected on object 'Object Repository/HealthpostToStore/Page_Store/select_--Select--Adernaline 0.'

2018-05-19 18:37:27 - [MESSAGE][PASSED] - All options with index in [1] are selected on object 'Object Repository/HealthpostToStore/Page_Store/select_--Select--Adernaline 0.'

2018-05-19 18:37:27 - [TEST_STEP][PASSED] - delay: Delayed 2 second(s)

2018-05-19 18:37:29 - [MESSAGE][PASSED] - Delayed 2 second(s)

2018-05-19 18:37:29 - [TEST_STEP][PASSED] - Statement - RequestedQty = com.kms.katalon.core.webui.keyword.WebUiBuiltInKeywords.getAttribute(com.kms.katalon.core.testobject.ObjectRepository.findTestObject(HealthpostToStore/Page_Store/input_txttotal), "value"): Attribute 'value' of object 'Object Repository/HealthpostToStore/Page_Store/input_txttotal' is: '10'

2018-05-19 18:37:29 - [MESSAGE][PASSED] - Attribute 'value' of object 'Object Repository/HealthpostToStore/Page_Store/input_txttotal' is: '10'

2018-05-19 18:37:29 - [TEST_STEP][PASSED] - Statement - out.println("Requested QTY : " + RequestedQty): null

2018-05-19 18:37:29 - [TEST_STEP][PASSED] - Statement - BatchNumber = com.kms.katalon.core.webui.keyword.WebUiBuiltInKeywords.getNumberOfTotalOption(com.kms.katalon.core.testobject.ObjectRepository.findTestObject(HealthpostToStore/Page_Store/select_--Select--BA1170BA2376B)): 2 options of object 'Object Repository/HealthpostToStore/Page_Store/select_--Select--BA1170BA2376B' counted

2018-05-19 18:37:29 - [MESSAGE][PASSED] - 2 options of object 'Object Repository/HealthpostToStore/Page_Store/select_--Select--BA1170BA2376B' counted

2018-05-19 18:37:29 - [TEST_STEP][PASSED] - Statement - For ([g = 1, g <= BatchNumber - 1, (g++)]): null

2018-05-19 18:37:29 - [TEST_STEP][PASSED] - selectOptionByIndex: All options with index in [1] are selected on object 'Object Repository/HealthpostToStore/Page_Store/select_--Select--BA1170BA2376B'

2018-05-19 18:37:29 - [MESSAGE][PASSED] - All options with index in [1] are selected on object 'Object Repository/HealthpostToStore/Page_Store/select_--Select--BA1170BA2376B'

2018-05-19 18:37:29 - [TEST_STEP][PASSED] - Statement - Try: null

2018-05-19 18:37:29 - [TEST_STEP][PASSED] - Statement - StockQty = com.kms.katalon.core.webui.keyword.WebUiBuiltInKeywords.getAttribute(com.kms.katalon.core.testobject.ObjectRepository.findTestObject(HealthpostToStore/Page_Store/input_txtprice), "value"): Attribute 'value' of object 'Object Repository/HealthpostToStore/Page_Store/input_txtprice' is: '1055'

2018-05-19 18:37:29 - [MESSAGE][PASSED] - Attribute 'value' of object 'Object Repository/HealthpostToStore/Page_Store/input_txtprice' is: '1055'

2018-05-19 18:37:29 - [TEST_STEP][PASSED] - Statement - out.println("Stock QTY : " + StockQty): null

2018-05-19 18:37:29 - [TEST_STEP][PASSED] - delay: Delayed 2 second(s)

2018-05-19 18:37:31 - [MESSAGE][PASSED] - Delayed 2 second(s)

2018-05-19 18:37:31 - [TEST_STEP][PASSED] - Statement - If (java.lang.String.valueOf(StockQty) >= java.lang.String.valueOf(RequestedQty)): null

2018-05-19 18:37:31 - [TEST_STEP][PASSED] - setText: Text '10' is set on object 'Object Repository/HealthpostToStore/Page_Store/input_txtqty'

2018-05-19 18:37:31 - [MESSAGE][PASSED] - Text '10' is set on object 'Object Repository/HealthpostToStore/Page_Store/input_txtqty'

2018-05-19 18:37:31 - [TEST_STEP][PASSED] - click: Object: 'Object Repository/HealthpostToStore/Page_Store/button_Add' is clicked on

2018-05-19 18:37:31 - [MESSAGE][PASSED] - Object: 'Object Repository/HealthpostToStore/Page_Store/button_Add' is clicked on

2018-05-19 18:37:31 - [TEST_STEP][PASSED] - Statement - Break: null

2018-05-19 18:37:31 - [TEST_STEP][PASSED] - selectOptionByIndex: All options with index in [2] are selected on object 'Object Repository/HealthpostToStore/Page_Store/select_--Select--Adernaline 0.'

2018-05-19 18:37:31 - [MESSAGE][PASSED] - All options with index in [2] are selected on object 'Object Repository/HealthpostToStore/Page_Store/select_--Select--Adernaline 0.'

2018-05-19 18:37:31 - [TEST_STEP][PASSED] - delay: Delayed 2 second(s)

2018-05-19 18:37:33 - [MESSAGE][PASSED] - Delayed 2 second(s)

2018-05-19 18:37:33 - [TEST_STEP][PASSED] - Statement - RequestedQty = com.kms.katalon.core.webui.keyword.WebUiBuiltInKeywords.getAttribute(com.kms.katalon.core.testobject.ObjectRepository.findTestObject(HealthpostToStore/Page_Store/input_txttotal), "value"): Attribute 'value' of object 'Object Repository/HealthpostToStore/Page_Store/input_txttotal' is: '10'

2018-05-19 18:37:33 - [MESSAGE][PASSED] - Attribute 'value' of object 'Object Repository/HealthpostToStore/Page_Store/input_txttotal' is: '10'

2018-05-19 18:37:33 - [TEST_STEP][PASSED] - Statement - out.println("Requested QTY : " + RequestedQty): null

2018-05-19 18:37:33 - [TEST_STEP][PASSED] - Statement - BatchNumber = com.kms.katalon.core.webui.keyword.WebUiBuiltInKeywords.getNumberOfTotalOption(com.kms.katalon.core.testobject.ObjectRepository.findTestObject(HealthpostToStore/Page_Store/select_--Select--BA1170BA2376B)): 3 options of object 'Object Repository/HealthpostToStore/Page_Store/select_--Select--BA1170BA2376B' counted

2018-05-19 18:37:33 - [MESSAGE][PASSED] - 3 options of object 'Object Repository/HealthpostToStore/Page_Store/select_--Select--BA1170BA2376B' counted

2018-05-19 18:37:33 - [TEST_STEP][PASSED] - Statement - For ([g = 1, g <= BatchNumber - 1, (g++)]): null

2018-05-19 18:37:33 - [TEST_STEP][PASSED] - selectOptionByIndex: All options with index in [1] are selected on object 'Object Repository/HealthpostToStore/Page_Store/select_--Select--BA1170BA2376B'

2018-05-19 18:37:33 - [MESSAGE][PASSED] - All options with index in [1] are selected on object 'Object Repository/HealthpostToStore/Page_Store/select_--Select--BA1170BA2376B'

2018-05-19 18:37:33 - [TEST_STEP][PASSED] - Statement - Try: null

2018-05-19 18:37:33 - [TEST_STEP][PASSED] - Statement - StockQty = com.kms.katalon.core.webui.keyword.WebUiBuiltInKeywords.getAttribute(com.kms.katalon.core.testobject.ObjectRepository.findTestObject(HealthpostToStore/Page_Store/input_txtprice), "value"): Attribute 'value' of object 'Object Repository/HealthpostToStore/Page_Store/input_txtprice' is: '36'

2018-05-19 18:37:34 - [MESSAGE][PASSED] - Attribute 'value' of object 'Object Repository/HealthpostToStore/Page_Store/input_txtprice' is: '36'

2018-05-19 18:37:34 - [TEST_STEP][PASSED] - Statement - out.println("Stock QTY : " + StockQty): null

2018-05-19 18:37:34 - [TEST_STEP][PASSED] - delay: Delayed 2 second(s)

2018-05-19 18:37:36 - [MESSAGE][PASSED] - Delayed 2 second(s)

2018-05-19 18:37:36 - [TEST_STEP][PASSED] - Statement - If (java.lang.String.valueOf(StockQty) >= java.lang.String.valueOf(RequestedQty)): null

2018-05-19 18:37:36 - [TEST_STEP][PASSED] - setText: Text '10' is set on object 'Object Repository/HealthpostToStore/Page_Store/input_txtqty'

2018-05-19 18:37:36 - [MESSAGE][PASSED] - Text '10' is set on object 'Object Repository/HealthpostToStore/Page_Store/input_txtqty'

2018-05-19 18:37:36 - [TEST_STEP][PASSED] - click: Object: 'Object Repository/HealthpostToStore/Page_Store/button_Add' is clicked on

2018-05-19 18:37:36 - [MESSAGE][PASSED] - Object: 'Object Repository/HealthpostToStore/Page_Store/button_Add' is clicked on

2018-05-19 18:37:36 - [TEST_STEP][PASSED] - Statement - Break: null

2018-05-19 18:37:36 - [TEST_STEP][PASSED] - selectOptionByIndex: All options with index in [3] are selected on object 'Object Repository/HealthpostToStore/Page_Store/select_--Select--Adernaline 0.'

2018-05-19 18:37:36 - [MESSAGE][PASSED] - All options with index in [3] are selected on object 'Object Repository/HealthpostToStore/Page_Store/select_--Select--Adernaline 0.'

2018-05-19 18:37:36 - [TEST_STEP][PASSED] - delay: Delayed 2 second(s)

2018-05-19 18:37:38 - [MESSAGE][PASSED] - Delayed 2 second(s)

2018-05-19 18:37:38 - [TEST_STEP][PASSED] - Statement - RequestedQty = com.kms.katalon.core.webui.keyword.WebUiBuiltInKeywords.getAttribute(com.kms.katalon.core.testobject.ObjectRepository.findTestObject(HealthpostToStore/Page_Store/input_txttotal), "value"): Attribute 'value' of object 'Object Repository/HealthpostToStore/Page_Store/input_txttotal' is: '10'

2018-05-19 18:37:38 - [MESSAGE][PASSED] - Attribute 'value' of object 'Object Repository/HealthpostToStore/Page_Store/input_txttotal' is: '10'

2018-05-19 18:37:38 - [TEST_STEP][PASSED] - Statement - out.println("Requested QTY : " + RequestedQty): null

2018-05-19 18:37:38 - [TEST_STEP][PASSED] - Statement - BatchNumber = com.kms.katalon.core.webui.keyword.WebUiBuiltInKeywords.getNumberOfTotalOption(com.kms.katalon.core.testobject.ObjectRepository.findTestObject(HealthpostToStore/Page_Store/select_--Select--BA1170BA2376B)): 3 options of object 'Object Repository/HealthpostToStore/Page_Store/select_--Select--BA1170BA2376B' counted

2018-05-19 18:37:38 - [MESSAGE][PASSED] - 3 options of object 'Object Repository/HealthpostToStore/Page_Store/select_--Select--BA1170BA2376B' counted

2018-05-19 18:37:38 - [TEST_STEP][PASSED] - Statement - For ([g = 1, g <= BatchNumber - 1, (g++)]): null

2018-05-19 18:37:38 - [TEST_STEP][PASSED] - selectOptionByIndex: All options with index in [1] are selected on object 'Object Repository/HealthpostToStore/Page_Store/select_--Select--BA1170BA2376B'

2018-05-19 18:37:38 - [MESSAGE][PASSED] - All options with index in [1] are selected on object 'Object Repository/HealthpostToStore/Page_Store/select_--Select--BA1170BA2376B'

2018-05-19 18:37:38 - [TEST_STEP][PASSED] - Statement - Try: null

2018-05-19 18:37:38 - [TEST_STEP][PASSED] - Statement - StockQty = com.kms.katalon.core.webui.keyword.WebUiBuiltInKeywords.getAttribute(com.kms.katalon.core.testobject.ObjectRepository.findTestObject(HealthpostToStore/Page_Store/input_txtprice), "value"): Attribute 'value' of object 'Object Repository/HealthpostToStore/Page_Store/input_txtprice' is: '955'

2018-05-19 18:37:38 - [MESSAGE][PASSED] - Attribute 'value' of object 'Object Repository/HealthpostToStore/Page_Store/input_txtprice' is: '955'

2018-05-19 18:37:38 - [TEST_STEP][PASSED] - Statement - out.println("Stock QTY : " + StockQty): null

2018-05-19 18:37:38 - [TEST_STEP][PASSED] - delay: Delayed 2 second(s)

2018-05-19 18:37:40 - [MESSAGE][PASSED] - Delayed 2 second(s)

2018-05-19 18:37:40 - [TEST_STEP][PASSED] - Statement - If (java.lang.String.valueOf(StockQty) >= java.lang.String.valueOf(RequestedQty)): null

2018-05-19 18:37:40 - [TEST_STEP][PASSED] - setText: Text '10' is set on object 'Object Repository/HealthpostToStore/Page_Store/input_txtqty'

2018-05-19 18:37:40 - [MESSAGE][PASSED] - Text '10' is set on object 'Object Repository/HealthpostToStore/Page_Store/input_txtqty'

2018-05-19 18:37:40 - [TEST_STEP][PASSED] - click: Object: 'Object Repository/HealthpostToStore/Page_Store/button_Add' is clicked on

2018-05-19 18:37:40 - [MESSAGE][PASSED] - Object: 'Object Repository/HealthpostToStore/Page_Store/button_Add' is clicked on

2018-05-19 18:37:40 - [TEST_STEP][PASSED] - Statement - Break: null

2018-05-19 18:37:40 - [TEST_STEP][PASSED] - selectOptionByIndex: All options with index in [4] are selected on object 'Object Repository/HealthpostToStore/Page_Store/select_--Select--Adernaline 0.'

2018-05-19 18:37:40 - [MESSAGE][PASSED] - All options with index in [4] are selected on object 'Object Repository/HealthpostToStore/Page_Store/select_--Select--Adernaline 0.'

2018-05-19 18:37:40 - [TEST_STEP][PASSED] - delay: Delayed 2 second(s)

2018-05-19 18:37:42 - [MESSAGE][PASSED] - Delayed 2 second(s)

2018-05-19 18:37:42 - [TEST_STEP][PASSED] - Statement - RequestedQty = com.kms.katalon.core.webui.keyword.WebUiBuiltInKeywords.getAttribute(com.kms.katalon.core.testobject.ObjectRepository.findTestObject(HealthpostToStore/Page_Store/input_txttotal), "value"): Attribute 'value' of object 'Object Repository/HealthpostToStore/Page_Store/input_txttotal' is: '10'

2018-05-19 18:37:42 - [MESSAGE][PASSED] - Attribute 'value' of object 'Object Repository/HealthpostToStore/Page_Store/input_txttotal' is: '10'

2018-05-19 18:37:42 - [TEST_STEP][PASSED] - Statement - out.println("Requested QTY : " + RequestedQty): null

2018-05-19 18:37:42 - [TEST_STEP][PASSED] - Statement - BatchNumber = com.kms.katalon.core.webui.keyword.WebUiBuiltInKeywords.getNumberOfTotalOption(com.kms.katalon.core.testobject.ObjectRepository.findTestObject(HealthpostToStore/Page_Store/select_--Select--BA1170BA2376B)): 3 options of object 'Object Repository/HealthpostToStore/Page_Store/select_--Select--BA1170BA2376B' counted

2018-05-19 18:37:42 - [MESSAGE][PASSED] - 3 options of object 'Object Repository/HealthpostToStore/Page_Store/select_--Select--BA1170BA2376B' counted

2018-05-19 18:37:42 - [TEST_STEP][PASSED] - Statement - For ([g = 1, g <= BatchNumber - 1, (g++)]): null

2018-05-19 18:37:42 - [TEST_STEP][PASSED] - selectOptionByIndex: All options with index in [1] are selected on object 'Object Repository/HealthpostToStore/Page_Store/select_--Select--BA1170BA2376B'

2018-05-19 18:37:43 - [MESSAGE][PASSED] - All options with index in [1] are selected on object 'Object Repository/HealthpostToStore/Page_Store/select_--Select--BA1170BA2376B'

2018-05-19 18:37:43 - [TEST_STEP][PASSED] - Statement - Try: null

2018-05-19 18:37:43 - [TEST_STEP][PASSED] - Statement - StockQty = com.kms.katalon.core.webui.keyword.WebUiBuiltInKeywords.getAttribute(com.kms.katalon.core.testobject.ObjectRepository.findTestObject(HealthpostToStore/Page_Store/input_txtprice), "value"): Attribute 'value' of object 'Object Repository/HealthpostToStore/Page_Store/input_txtprice' is: '45'

2018-05-19 18:37:43 - [MESSAGE][PASSED] - Attribute 'value' of object 'Object Repository/HealthpostToStore/Page_Store/input_txtprice' is: '45'

2018-05-19 18:37:43 - [TEST_STEP][PASSED] - Statement - out.println("Stock QTY : " + StockQty): null

2018-05-19 18:37:43 - [TEST_STEP][PASSED] - delay: Delayed 2 second(s)

2018-05-19 18:37:45 - [MESSAGE][PASSED] - Delayed 2 second(s)

2018-05-19 18:37:45 - [TEST_STEP][PASSED] - Statement - If (java.lang.String.valueOf(StockQty) >= java.lang.String.valueOf(RequestedQty)): null

2018-05-19 18:37:45 - [TEST_STEP][PASSED] - setText: Text '10' is set on object 'Object Repository/HealthpostToStore/Page_Store/input_txtqty'

2018-05-19 18:37:45 - [MESSAGE][PASSED] - Text '10' is set on object 'Object Repository/HealthpostToStore/Page_Store/input_txtqty'

2018-05-19 18:37:45 - [TEST_STEP][PASSED] - click: Object: 'Object Repository/HealthpostToStore/Page_Store/button_Add' is clicked on

2018-05-19 18:37:45 - [MESSAGE][PASSED] - Object: 'Object Repository/HealthpostToStore/Page_Store/button_Add' is clicked on

2018-05-19 18:37:45 - [TEST_STEP][PASSED] - Statement - Break: null

2018-05-19 18:37:45 - [TEST_STEP][PASSED] - selectOptionByIndex: All options with index in [5] are selected on object 'Object Repository/HealthpostToStore/Page_Store/select_--Select--Adernaline 0.'

2018-05-19 18:37:45 - [MESSAGE][PASSED] - All options with index in [5] are selected on object 'Object Repository/HealthpostToStore/Page_Store/select_--Select--Adernaline 0.'

2018-05-19 18:37:45 - [TEST_STEP][PASSED] - delay: Delayed 2 second(s)

2018-05-19 18:37:47 - [MESSAGE][PASSED] - Delayed 2 second(s)

2018-05-19 18:37:47 - [TEST_STEP][PASSED] - Statement - RequestedQty = com.kms.katalon.core.webui.keyword.WebUiBuiltInKeywords.getAttribute(com.kms.katalon.core.testobject.ObjectRepository.findTestObject(HealthpostToStore/Page_Store/input_txttotal), "value"): Attribute 'value' of object 'Object Repository/HealthpostToStore/Page_Store/input_txttotal' is: '10'

2018-05-19 18:37:47 - [MESSAGE][PASSED] - Attribute 'value' of object 'Object Repository/HealthpostToStore/Page_Store/input_txttotal' is: '10'

2018-05-19 18:37:47 - [TEST_STEP][PASSED] - Statement - out.println("Requested QTY : " + RequestedQty): null

2018-05-19 18:37:47 - [TEST_STEP][PASSED] - Statement - BatchNumber = com.kms.katalon.core.webui.keyword.WebUiBuiltInKeywords.getNumberOfTotalOption(com.kms.katalon.core.testobject.ObjectRepository.findTestObject(HealthpostToStore/Page_Store/select_--Select--BA1170BA2376B)): 3 options of object 'Object Repository/HealthpostToStore/Page_Store/select_--Select--BA1170BA2376B' counted

2018-05-19 18:37:47 - [MESSAGE][PASSED] - 3 options of object 'Object Repository/HealthpostToStore/Page_Store/select_--Select--BA1170BA2376B' counted

2018-05-19 18:37:47 - [TEST_STEP][PASSED] - Statement - For ([g = 1, g <= BatchNumber - 1, (g++)]): null

2018-05-19 18:37:47 - [TEST_STEP][PASSED] - selectOptionByIndex: All options with index in [1] are selected on object 'Object Repository/HealthpostToStore/Page_Store/select_--Select--BA1170BA2376B'

2018-05-19 18:37:47 - [MESSAGE][PASSED] - All options with index in [1] are selected on object 'Object Repository/HealthpostToStore/Page_Store/select_--Select--BA1170BA2376B'

2018-05-19 18:37:47 - [TEST_STEP][PASSED] - Statement - Try: null

2018-05-19 18:37:47 - [TEST_STEP][PASSED] - Statement - StockQty = com.kms.katalon.core.webui.keyword.WebUiBuiltInKeywords.getAttribute(com.kms.katalon.core.testobject.ObjectRepository.findTestObject(HealthpostToStore/Page_Store/input_txtprice), "value"): Attribute 'value' of object 'Object Repository/HealthpostToStore/Page_Store/input_txtprice' is: '45'

2018-05-19 18:37:47 - [MESSAGE][PASSED] - Attribute 'value' of object 'Object Repository/HealthpostToStore/Page_Store/input_txtprice' is: '45'

2018-05-19 18:37:47 - [TEST_STEP][PASSED] - Statement - out.println("Stock QTY : " + StockQty): null

2018-05-19 18:37:47 - [TEST_STEP][PASSED] - delay: Delayed 2 second(s)

2018-05-19 18:37:49 - [MESSAGE][PASSED] - Delayed 2 second(s)

2018-05-19 18:37:49 - [TEST_STEP][PASSED] - Statement - If (java.lang.String.valueOf(StockQty) >= java.lang.String.valueOf(RequestedQty)): null

2018-05-19 18:37:49 - [TEST_STEP][PASSED] - setText: Text '10' is set on object 'Object Repository/HealthpostToStore/Page_Store/input_txtqty'

2018-05-19 18:37:49 - [MESSAGE][PASSED] - Text '10' is set on object 'Object Repository/HealthpostToStore/Page_Store/input_txtqty'

2018-05-19 18:37:49 - [TEST_STEP][PASSED] - click: Object: 'Object Repository/HealthpostToStore/Page_Store/button_Add' is clicked on

2018-05-19 18:37:49 - [MESSAGE][PASSED] - Object: 'Object Repository/HealthpostToStore/Page_Store/button_Add' is clicked on

2018-05-19 18:37:49 - [TEST_STEP][PASSED] - Statement - Break: null

2018-05-19 18:37:49 - [TEST_STEP][PASSED] - selectOptionByIndex: All options with index in [6] are selected on object 'Object Repository/HealthpostToStore/Page_Store/select_--Select--Adernaline 0.'

2018-05-19 18:37:50 - [MESSAGE][PASSED] - All options with index in [6] are selected on object 'Object Repository/HealthpostToStore/Page_Store/select_--Select--Adernaline 0.'

2018-05-19 18:37:50 - [TEST_STEP][PASSED] - delay: Delayed 2 second(s)

2018-05-19 18:37:52 - [MESSAGE][PASSED] - Delayed 2 second(s)

2018-05-19 18:37:52 - [TEST_STEP][PASSED] - Statement - RequestedQty = com.kms.katalon.core.webui.keyword.WebUiBuiltInKeywords.getAttribute(com.kms.katalon.core.testobject.ObjectRepository.findTestObject(HealthpostToStore/Page_Store/input_txttotal), "value"): Attribute 'value' of object 'Object Repository/HealthpostToStore/Page_Store/input_txttotal' is: '10'

2018-05-19 18:37:52 - [MESSAGE][PASSED] - Attribute 'value' of object 'Object Repository/HealthpostToStore/Page_Store/input_txttotal' is: '10'

2018-05-19 18:37:52 - [TEST_STEP][PASSED] - Statement - out.println("Requested QTY : " + RequestedQty): null

2018-05-19 18:37:52 - [TEST_STEP][PASSED] - Statement - BatchNumber = com.kms.katalon.core.webui.keyword.WebUiBuiltInKeywords.getNumberOfTotalOption(com.kms.katalon.core.testobject.ObjectRepository.findTestObject(HealthpostToStore/Page_Store/select_--Select--BA1170BA2376B)): 3 options of object 'Object Repository/HealthpostToStore/Page_Store/select_--Select--BA1170BA2376B' counted

2018-05-19 18:37:52 - [MESSAGE][PASSED] - 3 options of object 'Object Repository/HealthpostToStore/Page_Store/select_--Select--BA1170BA2376B' counted

2018-05-19 18:37:52 - [TEST_STEP][PASSED] - Statement - For ([g = 1, g <= BatchNumber - 1, (g++)]): null

2018-05-19 18:37:52 - [TEST_STEP][PASSED] - selectOptionByIndex: All options with index in [1] are selected on object 'Object Repository/HealthpostToStore/Page_Store/select_--Select--BA1170BA2376B'

2018-05-19 18:37:52 - [MESSAGE][PASSED] - All options with index in [1] are selected on object 'Object Repository/HealthpostToStore/Page_Store/select_--Select--BA1170BA2376B'

2018-05-19 18:37:52 - [TEST_STEP][PASSED] - Statement - Try: null

2018-05-19 18:37:52 - [TEST_STEP][PASSED] - Statement - StockQty = com.kms.katalon.core.webui.keyword.WebUiBuiltInKeywords.getAttribute(com.kms.katalon.core.testobject.ObjectRepository.findTestObject(HealthpostToStore/Page_Store/input_txtprice), "value"): Attribute 'value' of object 'Object Repository/HealthpostToStore/Page_Store/input_txtprice' is: '45'

2018-05-19 18:37:52 - [MESSAGE][PASSED] - Attribute 'value' of object 'Object Repository/HealthpostToStore/Page_Store/input_txtprice' is: '45'

2018-05-19 18:37:52 - [TEST_STEP][PASSED] - Statement - out.println("Stock QTY : " + StockQty): null

2018-05-19 18:37:52 - [TEST_STEP][PASSED] - delay: Delayed 2 second(s)

2018-05-19 18:37:54 - [MESSAGE][PASSED] - Delayed 2 second(s)

2018-05-19 18:37:54 - [TEST_STEP][PASSED] - Statement - If (java.lang.String.valueOf(StockQty) >= java.lang.String.valueOf(RequestedQty)): null

2018-05-19 18:37:54 - [TEST_STEP][PASSED] - setText: Text '10' is set on object 'Object Repository/HealthpostToStore/Page_Store/input_txtqty'

2018-05-19 18:37:54 - [MESSAGE][PASSED] - Text '10' is set on object 'Object Repository/HealthpostToStore/Page_Store/input_txtqty'

2018-05-19 18:37:54 - [TEST_STEP][PASSED] - click: Object: 'Object Repository/HealthpostToStore/Page_Store/button_Add' is clicked on

2018-05-19 18:37:54 - [MESSAGE][PASSED] - Object: 'Object Repository/HealthpostToStore/Page_Store/button_Add' is clicked on

2018-05-19 18:37:54 - [TEST_STEP][PASSED] - Statement - Break: null

2018-05-19 18:37:54 - [TEST_STEP][PASSED] - selectOptionByIndex: All options with index in [7] are selected on object 'Object Repository/HealthpostToStore/Page_Store/select_--Select--Adernaline 0.'

2018-05-19 18:37:54 - [MESSAGE][PASSED] - All options with index in [7] are selected on object 'Object Repository/HealthpostToStore/Page_Store/select_--Select--Adernaline 0.'

2018-05-19 18:37:54 - [TEST_STEP][PASSED] - delay: Delayed 2 second(s)

2018-05-19 18:37:56 - [MESSAGE][PASSED] - Delayed 2 second(s)

2018-05-19 18:37:56 - [TEST_STEP][PASSED] - Statement - RequestedQty = com.kms.katalon.core.webui.keyword.WebUiBuiltInKeywords.getAttribute(com.kms.katalon.core.testobject.ObjectRepository.findTestObject(HealthpostToStore/Page_Store/input_txttotal), "value"): Attribute 'value' of object 'Object Repository/HealthpostToStore/Page_Store/input_txttotal' is: '10'

2018-05-19 18:37:56 - [MESSAGE][PASSED] - Attribute 'value' of object 'Object Repository/HealthpostToStore/Page_Store/input_txttotal' is: '10'

2018-05-19 18:37:56 - [TEST_STEP][PASSED] - Statement - out.println("Requested QTY : " + RequestedQty): null

2018-05-19 18:37:56 - [TEST_STEP][PASSED] - Statement - BatchNumber = com.kms.katalon.core.webui.keyword.WebUiBuiltInKeywords.getNumberOfTotalOption(com.kms.katalon.core.testobject.ObjectRepository.findTestObject(HealthpostToStore/Page_Store/select_--Select--BA1170BA2376B)): 2 options of object 'Object Repository/HealthpostToStore/Page_Store/select_--Select--BA1170BA2376B' counted

2018-05-19 18:37:56 - [MESSAGE][PASSED] - 2 options of object 'Object Repository/HealthpostToStore/Page_Store/select_--Select--BA1170BA2376B' counted

2018-05-19 18:37:56 - [TEST_STEP][PASSED] - Statement - For ([g = 1, g <= BatchNumber - 1, (g++)]): null

2018-05-19 18:37:56 - [TEST_STEP][PASSED] - selectOptionByIndex: All options with index in [1] are selected on object 'Object Repository/HealthpostToStore/Page_Store/select_--Select--BA1170BA2376B'

2018-05-19 18:37:56 - [MESSAGE][PASSED] - All options with index in [1] are selected on object 'Object Repository/HealthpostToStore/Page_Store/select_--Select--BA1170BA2376B'

2018-05-19 18:37:56 - [TEST_STEP][PASSED] - Statement - Try: null

2018-05-19 18:37:56 - [TEST_STEP][PASSED] - Statement - StockQty = com.kms.katalon.core.webui.keyword.WebUiBuiltInKeywords.getAttribute(com.kms.katalon.core.testobject.ObjectRepository.findTestObject(HealthpostToStore/Page_Store/input_txtprice), "value"): Attribute 'value' of object 'Object Repository/HealthpostToStore/Page_Store/input_txtprice' is: '1055'

2018-05-19 18:37:56 - [MESSAGE][PASSED] - Attribute 'value' of object 'Object Repository/HealthpostToStore/Page_Store/input_txtprice' is: '1055'

2018-05-19 18:37:56 - [TEST_STEP][PASSED] - Statement - out.println("Stock QTY : " + StockQty): null

2018-05-19 18:37:56 - [TEST_STEP][PASSED] - delay: Delayed 2 second(s)

2018-05-19 18:37:58 - [MESSAGE][PASSED] - Delayed 2 second(s)

2018-05-19 18:37:58 - [TEST_STEP][PASSED] - Statement - If (java.lang.String.valueOf(StockQty) >= java.lang.String.valueOf(RequestedQty)): null

2018-05-19 18:37:58 - [TEST_STEP][PASSED] - setText: Text '10' is set on object 'Object Repository/HealthpostToStore/Page_Store/input_txtqty'

2018-05-19 18:37:59 - [MESSAGE][PASSED] - Text '10' is set on object 'Object Repository/HealthpostToStore/Page_Store/input_txtqty'

2018-05-19 18:37:59 - [TEST_STEP][PASSED] - click: Object: 'Object Repository/HealthpostToStore/Page_Store/button_Add' is clicked on

2018-05-19 18:37:59 - [MESSAGE][PASSED] - Object: 'Object Repository/HealthpostToStore/Page_Store/button_Add' is clicked on

2018-05-19 18:37:59 - [TEST_STEP][PASSED] - Statement - Break: null

2018-05-19 18:37:59 - [TEST_STEP][PASSED] - selectOptionByIndex: All options with index in [8] are selected on object 'Object Repository/HealthpostToStore/Page_Store/select_--Select--Adernaline 0.'

2018-05-19 18:37:59 - [MESSAGE][PASSED] - All options with index in [8] are selected on object 'Object Repository/HealthpostToStore/Page_Store/select_--Select--Adernaline 0.'

2018-05-19 18:37:59 - [TEST_STEP][PASSED] - delay: Delayed 2 second(s)

2018-05-19 18:38:01 - [MESSAGE][PASSED] - Delayed 2 second(s)

2018-05-19 18:38:01 - [TEST_STEP][PASSED] - Statement - RequestedQty = com.kms.katalon.core.webui.keyword.WebUiBuiltInKeywords.getAttribute(com.kms.katalon.core.testobject.ObjectRepository.findTestObject(HealthpostToStore/Page_Store/input_txttotal), "value"): Attribute 'value' of object 'Object Repository/HealthpostToStore/Page_Store/input_txttotal' is: '10'

2018-05-19 18:38:01 - [MESSAGE][PASSED] - Attribute 'value' of object 'Object Repository/HealthpostToStore/Page_Store/input_txttotal' is: '10'

2018-05-19 18:38:01 - [TEST_STEP][PASSED] - Statement - out.println("Requested QTY : " + RequestedQty): null

2018-05-19 18:38:01 - [TEST_STEP][PASSED] - Statement - BatchNumber = com.kms.katalon.core.webui.keyword.WebUiBuiltInKeywords.getNumberOfTotalOption(com.kms.katalon.core.testobject.ObjectRepository.findTestObject(HealthpostToStore/Page_Store/select_--Select--BA1170BA2376B)): 3 options of object 'Object Repository/HealthpostToStore/Page_Store/select_--Select--BA1170BA2376B' counted

2018-05-19 18:38:01 - [MESSAGE][PASSED] - 3 options of object 'Object Repository/HealthpostToStore/Page_Store/select_--Select--BA1170BA2376B' counted

2018-05-19 18:38:01 - [TEST_STEP][PASSED] - Statement - For ([g = 1, g <= BatchNumber - 1, (g++)]): null

2018-05-19 18:38:01 - [TEST_STEP][PASSED] - selectOptionByIndex: All options with index in [1] are selected on object 'Object Repository/HealthpostToStore/Page_Store/select_--Select--BA1170BA2376B'

2018-05-19 18:38:01 - [MESSAGE][PASSED] - All options with index in [1] are selected on object 'Object Repository/HealthpostToStore/Page_Store/select_--Select--BA1170BA2376B'

2018-05-19 18:38:01 - [TEST_STEP][PASSED] - Statement - Try: null

2018-05-19 18:38:01 - [TEST_STEP][PASSED] - Statement - StockQty = com.kms.katalon.core.webui.keyword.WebUiBuiltInKeywords.getAttribute(com.kms.katalon.core.testobject.ObjectRepository.findTestObject(HealthpostToStore/Page_Store/input_txtprice), "value"): Attribute 'value' of object 'Object Repository/HealthpostToStore/Page_Store/input_txtprice' is: '955'

2018-05-19 18:38:01 - [MESSAGE][PASSED] - Attribute 'value' of object 'Object Repository/HealthpostToStore/Page_Store/input_txtprice' is: '955'

2018-05-19 18:38:01 - [TEST_STEP][PASSED] - Statement - out.println("Stock QTY : " + StockQty): null

2018-05-19 18:38:01 - [TEST_STEP][PASSED] - delay: Delayed 2 second(s)

2018-05-19 18:38:03 - [MESSAGE][PASSED] - Delayed 2 second(s)

2018-05-19 18:38:03 - [TEST_STEP][PASSED] - Statement - If (java.lang.String.valueOf(StockQty) >= java.lang.String.valueOf(RequestedQty)): null

2018-05-19 18:38:03 - [TEST_STEP][PASSED] - setText: Text '10' is set on object 'Object Repository/HealthpostToStore/Page_Store/input_txtqty'

2018-05-19 18:38:03 - [MESSAGE][PASSED] - Text '10' is set on object 'Object Repository/HealthpostToStore/Page_Store/input_txtqty'

2018-05-19 18:38:03 - [TEST_STEP][PASSED] - click: Object: 'Object Repository/HealthpostToStore/Page_Store/button_Add' is clicked on

2018-05-19 18:38:03 - [MESSAGE][PASSED] - Object: 'Object Repository/HealthpostToStore/Page_Store/button_Add' is clicked on

2018-05-19 18:38:03 - [TEST_STEP][PASSED] - Statement - Break: null

2018-05-19 18:38:03 - [TEST_STEP][PASSED] - selectOptionByIndex: All options with index in [9] are selected on object 'Object Repository/HealthpostToStore/Page_Store/select_--Select--Adernaline 0.'

2018-05-19 18:38:03 - [MESSAGE][PASSED] - All options with index in [9] are selected on object 'Object Repository/HealthpostToStore/Page_Store/select_--Select--Adernaline 0.'

2018-05-19 18:38:03 - [TEST_STEP][PASSED] - delay: Delayed 2 second(s)

2018-05-19 18:38:05 - [MESSAGE][PASSED] - Delayed 2 second(s)

2018-05-19 18:38:05 - [TEST_STEP][PASSED] - Statement - RequestedQty = com.kms.katalon.core.webui.keyword.WebUiBuiltInKeywords.getAttribute(com.kms.katalon.core.testobject.ObjectRepository.findTestObject(HealthpostToStore/Page_Store/input_txttotal), "value"): Attribute 'value' of object 'Object Repository/HealthpostToStore/Page_Store/input_txttotal' is: '10'

2018-05-19 18:38:05 - [MESSAGE][PASSED] - Attribute 'value' of object 'Object Repository/HealthpostToStore/Page_Store/input_txttotal' is: '10'

2018-05-19 18:38:05 - [TEST_STEP][PASSED] - Statement - out.println("Requested QTY : " + RequestedQty): null

2018-05-19 18:38:05 - [TEST_STEP][PASSED] - Statement - BatchNumber = com.kms.katalon.core.webui.keyword.WebUiBuiltInKeywords.getNumberOfTotalOption(com.kms.katalon.core.testobject.ObjectRepository.findTestObject(HealthpostToStore/Page_Store/select_--Select--BA1170BA2376B)): 3 options of object 'Object Repository/HealthpostToStore/Page_Store/select_--Select--BA1170BA2376B' counted

2018-05-19 18:38:06 - [MESSAGE][PASSED] - 3 options of object 'Object Repository/HealthpostToStore/Page_Store/select_--Select--BA1170BA2376B' counted

2018-05-19 18:38:06 - [TEST_STEP][PASSED] - Statement - For ([g = 1, g <= BatchNumber - 1, (g++)]): null

2018-05-19 18:38:06 - [TEST_STEP][PASSED] - selectOptionByIndex: All options with index in [1] are selected on object 'Object Repository/HealthpostToStore/Page_Store/select_--Select--BA1170BA2376B'

2018-05-19 18:38:06 - [MESSAGE][PASSED] - All options with index in [1] are selected on object 'Object Repository/HealthpostToStore/Page_Store/select_--Select--BA1170BA2376B'

2018-05-19 18:38:06 - [TEST_STEP][PASSED] - Statement - Try: null

2018-05-19 18:38:06 - [TEST_STEP][PASSED] - Statement - StockQty = com.kms.katalon.core.webui.keyword.WebUiBuiltInKeywords.getAttribute(com.kms.katalon.core.testobject.ObjectRepository.findTestObject(HealthpostToStore/Page_Store/input_txtprice), "value"): Attribute 'value' of object 'Object Repository/HealthpostToStore/Page_Store/input_txtprice' is: '45'

2018-05-19 18:38:06 - [MESSAGE][PASSED] - Attribute 'value' of object 'Object Repository/HealthpostToStore/Page_Store/input_txtprice' is: '45'

2018-05-19 18:38:06 - [TEST_STEP][PASSED] - Statement - out.println("Stock QTY : " + StockQty): null

2018-05-19 18:38:06 - [TEST_STEP][PASSED] - delay: Delayed 2 second(s)

2018-05-19 18:38:08 - [MESSAGE][PASSED] - Delayed 2 second(s)

2018-05-19 18:38:08 - [TEST_STEP][PASSED] - Statement - If (java.lang.String.valueOf(StockQty) >= java.lang.String.valueOf(RequestedQty)): null

2018-05-19 18:38:08 - [TEST_STEP][PASSED] - setText: Text '10' is set on object 'Object Repository/HealthpostToStore/Page_Store/input_txtqty'

2018-05-19 18:38:08 - [MESSAGE][PASSED] - Text '10' is set on object 'Object Repository/HealthpostToStore/Page_Store/input_txtqty'

2018-05-19 18:38:08 - [TEST_STEP][PASSED] - click: Object: 'Object Repository/HealthpostToStore/Page_Store/button_Add' is clicked on

2018-05-19 18:38:08 - [MESSAGE][PASSED] - Object: 'Object Repository/HealthpostToStore/Page_Store/button_Add' is clicked on

2018-05-19 18:38:08 - [TEST_STEP][PASSED] - Statement - Break: null

2018-05-19 18:38:08 - [TEST_STEP][PASSED] - selectOptionByIndex: All options with index in [10] are selected on object 'Object Repository/HealthpostToStore/Page_Store/select_--Select--Adernaline 0.'

2018-05-19 18:38:08 - [MESSAGE][PASSED] - All options with index in [10] are selected on object 'Object Repository/HealthpostToStore/Page_Store/select_--Select--Adernaline 0.'

2018-05-19 18:38:08 - [TEST_STEP][PASSED] - delay: Delayed 2 second(s)

2018-05-19 18:38:10 - [MESSAGE][PASSED] - Delayed 2 second(s)

2018-05-19 18:38:10 - [TEST_STEP][PASSED] - Statement - RequestedQty = com.kms.katalon.core.webui.keyword.WebUiBuiltInKeywords.getAttribute(com.kms.katalon.core.testobject.ObjectRepository.findTestObject(HealthpostToStore/Page_Store/input_txttotal), "value"): Attribute 'value' of object 'Object Repository/HealthpostToStore/Page_Store/input_txttotal' is: '10'

2018-05-19 18:38:10 - [MESSAGE][PASSED] - Attribute 'value' of object 'Object Repository/HealthpostToStore/Page_Store/input_txttotal' is: '10'

2018-05-19 18:38:10 - [TEST_STEP][PASSED] - Statement - out.println("Requested QTY : " + RequestedQty): null

2018-05-19 18:38:10 - [TEST_STEP][PASSED] - Statement - BatchNumber = com.kms.katalon.core.webui.keyword.WebUiBuiltInKeywords.getNumberOfTotalOption(com.kms.katalon.core.testobject.ObjectRepository.findTestObject(HealthpostToStore/Page_Store/select_--Select--BA1170BA2376B)): 2 options of object 'Object Repository/HealthpostToStore/Page_Store/select_--Select--BA1170BA2376B' counted

2018-05-19 18:38:10 - [MESSAGE][PASSED] - 2 options of object 'Object Repository/HealthpostToStore/Page_Store/select_--Select--BA1170BA2376B' counted

2018-05-19 18:38:10 - [TEST_STEP][PASSED] - Statement - For ([g = 1, g <= BatchNumber - 1, (g++)]): null

2018-05-19 18:38:10 - [TEST_STEP][PASSED] - selectOptionByIndex: All options with index in [1] are selected on object 'Object Repository/HealthpostToStore/Page_Store/select_--Select--BA1170BA2376B'

2018-05-19 18:38:10 - [MESSAGE][PASSED] - All options with index in [1] are selected on object 'Object Repository/HealthpostToStore/Page_Store/select_--Select--BA1170BA2376B'

2018-05-19 18:38:10 - [TEST_STEP][PASSED] - Statement - Try: null

2018-05-19 18:38:10 - [TEST_STEP][PASSED] - Statement - StockQty = com.kms.katalon.core.webui.keyword.WebUiBuiltInKeywords.getAttribute(com.kms.katalon.core.testobject.ObjectRepository.findTestObject(HealthpostToStore/Page_Store/input_txtprice), "value"): Attribute 'value' of object 'Object Repository/HealthpostToStore/Page_Store/input_txtprice' is: '1055'

2018-05-19 18:38:10 - [MESSAGE][PASSED] - Attribute 'value' of object 'Object Repository/HealthpostToStore/Page_Store/input_txtprice' is: '1055'

2018-05-19 18:38:10 - [TEST_STEP][PASSED] - Statement - out.println("Stock QTY : " + StockQty): null

2018-05-19 18:38:10 - [TEST_STEP][PASSED] - delay: Delayed 2 second(s)

2018-05-19 18:38:12 - [MESSAGE][PASSED] - Delayed 2 second(s)

2018-05-19 18:38:12 - [TEST_STEP][PASSED] - Statement - If (java.lang.String.valueOf(StockQty) >= java.lang.String.valueOf(RequestedQty)): null

2018-05-19 18:38:12 - [TEST_STEP][PASSED] - setText: Text '10' is set on object 'Object Repository/HealthpostToStore/Page_Store/input_txtqty'

2018-05-19 18:38:12 - [MESSAGE][PASSED] - Text '10' is set on object 'Object Repository/HealthpostToStore/Page_Store/input_txtqty'

2018-05-19 18:38:12 - [TEST_STEP][PASSED] - click: Object: 'Object Repository/HealthpostToStore/Page_Store/button_Add' is clicked on

2018-05-19 18:38:13 - [MESSAGE][PASSED] - Object: 'Object Repository/HealthpostToStore/Page_Store/button_Add' is clicked on

2018-05-19 18:38:13 - [TEST_STEP][PASSED] - Statement - Break: null

2018-05-19 18:38:13 - [TEST_STEP][PASSED] - selectOptionByIndex: All options with index in [11] are selected on object 'Object Repository/HealthpostToStore/Page_Store/select_--Select--Adernaline 0.'

2018-05-19 18:38:13 - [MESSAGE][PASSED] - All options with index in [11] are selected on object 'Object Repository/HealthpostToStore/Page_Store/select_--Select--Adernaline 0.'

2018-05-19 18:38:13 - [TEST_STEP][PASSED] - delay: Delayed 2 second(s)

2018-05-19 18:38:15 - [MESSAGE][PASSED] - Delayed 2 second(s)

2018-05-19 18:38:15 - [TEST_STEP][PASSED] - Statement - RequestedQty = com.kms.katalon.core.webui.keyword.WebUiBuiltInKeywords.getAttribute(com.kms.katalon.core.testobject.ObjectRepository.findTestObject(HealthpostToStore/Page_Store/input_txttotal), "value"): Attribute 'value' of object 'Object Repository/HealthpostToStore/Page_Store/input_txttotal' is: '10'

2018-05-19 18:38:15 - [MESSAGE][PASSED] - Attribute 'value' of object 'Object Repository/HealthpostToStore/Page_Store/input_txttotal' is: '10'

2018-05-19 18:38:15 - [TEST_STEP][PASSED] - Statement - out.println("Requested QTY : " + RequestedQty): null

2018-05-19 18:38:15 - [TEST_STEP][PASSED] - Statement - BatchNumber = com.kms.katalon.core.webui.keyword.WebUiBuiltInKeywords.getNumberOfTotalOption(com.kms.katalon.core.testobject.ObjectRepository.findTestObject(HealthpostToStore/Page_Store/select_--Select--BA1170BA2376B)): 4 options of object 'Object Repository/HealthpostToStore/Page_Store/select_--Select--BA1170BA2376B' counted

2018-05-19 18:38:15 - [MESSAGE][PASSED] - 4 options of object 'Object Repository/HealthpostToStore/Page_Store/select_--Select--BA1170BA2376B' counted

2018-05-19 18:38:15 - [TEST_STEP][PASSED] - Statement - For ([g = 1, g <= BatchNumber - 1, (g++)]): null

2018-05-19 18:38:15 - [TEST_STEP][PASSED] - selectOptionByIndex: All options with index in [1] are selected on object 'Object Repository/HealthpostToStore/Page_Store/select_--Select--BA1170BA2376B'

2018-05-19 18:38:15 - [MESSAGE][PASSED] - All options with index in [1] are selected on object 'Object Repository/HealthpostToStore/Page_Store/select_--Select--BA1170BA2376B'

2018-05-19 18:38:15 - [TEST_STEP][PASSED] - Statement - Try: null

2018-05-19 18:38:15 - [TEST_STEP][PASSED] - Statement - StockQty = com.kms.katalon.core.webui.keyword.WebUiBuiltInKeywords.getAttribute(com.kms.katalon.core.testobject.ObjectRepository.findTestObject(HealthpostToStore/Page_Store/input_txtprice), "value"): Attribute 'value' of object 'Object Repository/HealthpostToStore/Page_Store/input_txtprice' is: '45'

2018-05-19 18:38:15 - [MESSAGE][PASSED] - Attribute 'value' of object 'Object Repository/HealthpostToStore/Page_Store/input_txtprice' is: '45'

2018-05-19 18:38:15 - [TEST_STEP][PASSED] - Statement - out.println("Stock QTY : " + StockQty): null

2018-05-19 18:38:15 - [TEST_STEP][PASSED] - delay: Delayed 2 second(s)

2018-05-19 18:38:17 - [MESSAGE][PASSED] - Delayed 2 second(s)

2018-05-19 18:38:17 - [TEST_STEP][PASSED] - Statement - If (java.lang.String.valueOf(StockQty) >= java.lang.String.valueOf(RequestedQty)): null

2018-05-19 18:38:17 - [TEST_STEP][PASSED] - setText: Text '10' is set on object 'Object Repository/HealthpostToStore/Page_Store/input_txtqty'

2018-05-19 18:38:17 - [MESSAGE][PASSED] - Text '10' is set on object 'Object Repository/HealthpostToStore/Page_Store/input_txtqty'

2018-05-19 18:38:17 - [TEST_STEP][PASSED] - click: Object: 'Object Repository/HealthpostToStore/Page_Store/button_Add' is clicked on

2018-05-19 18:38:17 - [MESSAGE][PASSED] - Object: 'Object Repository/HealthpostToStore/Page_Store/button_Add' is clicked on

2018-05-19 18:38:17 - [TEST_STEP][PASSED] - Statement - Break: null

2018-05-19 18:38:17 - [TEST_STEP][PASSED] - selectOptionByIndex: All options with index in [12] are selected on object 'Object Repository/HealthpostToStore/Page_Store/select_--Select--Adernaline 0.'

2018-05-19 18:38:17 - [MESSAGE][PASSED] - All options with index in [12] are selected on object 'Object Repository/HealthpostToStore/Page_Store/select_--Select--Adernaline 0.'

2018-05-19 18:38:17 - [TEST_STEP][PASSED] - delay: Delayed 2 second(s)

2018-05-19 18:38:19 - [MESSAGE][PASSED] - Delayed 2 second(s)

2018-05-19 18:38:19 - [TEST_STEP][PASSED] - Statement - RequestedQty = com.kms.katalon.core.webui.keyword.WebUiBuiltInKeywords.getAttribute(com.kms.katalon.core.testobject.ObjectRepository.findTestObject(HealthpostToStore/Page_Store/input_txttotal), "value"): Attribute 'value' of object 'Object Repository/HealthpostToStore/Page_Store/input_txttotal' is: '10'

2018-05-19 18:38:19 - [MESSAGE][PASSED] - Attribute 'value' of object 'Object Repository/HealthpostToStore/Page_Store/input_txttotal' is: '10'

2018-05-19 18:38:19 - [TEST_STEP][PASSED] - Statement - out.println("Requested QTY : " + RequestedQty): null

2018-05-19 18:38:19 - [TEST_STEP][PASSED] - Statement - BatchNumber = com.kms.katalon.core.webui.keyword.WebUiBuiltInKeywords.getNumberOfTotalOption(com.kms.katalon.core.testobject.ObjectRepository.findTestObject(HealthpostToStore/Page_Store/select_--Select--BA1170BA2376B)): 2 options of object 'Object Repository/HealthpostToStore/Page_Store/select_--Select--BA1170BA2376B' counted

2018-05-19 18:38:19 - [MESSAGE][PASSED] - 2 options of object 'Object Repository/HealthpostToStore/Page_Store/select_--Select--BA1170BA2376B' counted

2018-05-19 18:38:19 - [TEST_STEP][PASSED] - Statement - For ([g = 1, g <= BatchNumber - 1, (g++)]): null

2018-05-19 18:38:19 - [TEST_STEP][PASSED] - selectOptionByIndex: All options with index in [1] are selected on object 'Object Repository/HealthpostToStore/Page_Store/select_--Select--BA1170BA2376B'

2018-05-19 18:38:20 - [MESSAGE][PASSED] - All options with index in [1] are selected on object 'Object Repository/HealthpostToStore/Page_Store/select_--Select--BA1170BA2376B'

2018-05-19 18:38:20 - [TEST_STEP][PASSED] - Statement - Try: null

2018-05-19 18:38:20 - [TEST_STEP][PASSED] - Statement - StockQty = com.kms.katalon.core.webui.keyword.WebUiBuiltInKeywords.getAttribute(com.kms.katalon.core.testobject.ObjectRepository.findTestObject(HealthpostToStore/Page_Store/input_txtprice), "value"): Attribute 'value' of object 'Object Repository/HealthpostToStore/Page_Store/input_txtprice' is: '1055'

2018-05-19 18:38:20 - [MESSAGE][PASSED] - Attribute 'value' of object 'Object Repository/HealthpostToStore/Page_Store/input_txtprice' is: '1055'

2018-05-19 18:38:20 - [TEST_STEP][PASSED] - Statement - out.println("Stock QTY : " + StockQty): null

2018-05-19 18:38:20 - [TEST_STEP][PASSED] - delay: Delayed 2 second(s)

2018-05-19 18:38:22 - [MESSAGE][PASSED] - Delayed 2 second(s)

2018-05-19 18:38:22 - [TEST_STEP][PASSED] - Statement - If (java.lang.String.valueOf(StockQty) >= java.lang.String.valueOf(RequestedQty)): null

2018-05-19 18:38:22 - [TEST_STEP][PASSED] - setText: Text '10' is set on object 'Object Repository/HealthpostToStore/Page_Store/input_txtqty'

2018-05-19 18:38:22 - [MESSAGE][PASSED] - Text '10' is set on object 'Object Repository/HealthpostToStore/Page_Store/input_txtqty'

2018-05-19 18:38:22 - [TEST_STEP][PASSED] - click: Object: 'Object Repository/HealthpostToStore/Page_Store/button_Add' is clicked on

2018-05-19 18:38:22 - [MESSAGE][PASSED] - Object: 'Object Repository/HealthpostToStore/Page_Store/button_Add' is clicked on

2018-05-19 18:38:22 - [TEST_STEP][PASSED] - Statement - Break: null

2018-05-19 18:38:22 - [TEST_STEP][PASSED] - selectOptionByIndex: All options with index in [13] are selected on object 'Object Repository/HealthpostToStore/Page_Store/select_--Select--Adernaline 0.'

2018-05-19 18:38:22 - [MESSAGE][PASSED] - All options with index in [13] are selected on object 'Object Repository/HealthpostToStore/Page_Store/select_--Select--Adernaline 0.'

2018-05-19 18:38:22 - [TEST_STEP][PASSED] - delay: Delayed 2 second(s)

2018-05-19 18:38:24 - [MESSAGE][PASSED] - Delayed 2 second(s)

2018-05-19 18:38:24 - [TEST_STEP][PASSED] - Statement - RequestedQty = com.kms.katalon.core.webui.keyword.WebUiBuiltInKeywords.getAttribute(com.kms.katalon.core.testobject.ObjectRepository.findTestObject(HealthpostToStore/Page_Store/input_txttotal), "value"): Attribute 'value' of object 'Object Repository/HealthpostToStore/Page_Store/input_txttotal' is: '10'

2018-05-19 18:38:24 - [MESSAGE][PASSED] - Attribute 'value' of object 'Object Repository/HealthpostToStore/Page_Store/input_txttotal' is: '10'

2018-05-19 18:38:24 - [TEST_STEP][PASSED] - Statement - out.println("Requested QTY : " + RequestedQty): null

2018-05-19 18:38:24 - [TEST_STEP][PASSED] - Statement - BatchNumber = com.kms.katalon.core.webui.keyword.WebUiBuiltInKeywords.getNumberOfTotalOption(com.kms.katalon.core.testobject.ObjectRepository.findTestObject(HealthpostToStore/Page_Store/select_--Select--BA1170BA2376B)): 3 options of object 'Object Repository/HealthpostToStore/Page_Store/select_--Select--BA1170BA2376B' counted

2018-05-19 18:38:24 - [MESSAGE][PASSED] - 3 options of object 'Object Repository/HealthpostToStore/Page_Store/select_--Select--BA1170BA2376B' counted

2018-05-19 18:38:24 - [TEST_STEP][PASSED] - Statement - For ([g = 1, g <= BatchNumber - 1, (g++)]): null

2018-05-19 18:38:24 - [TEST_STEP][PASSED] - selectOptionByIndex: All options with index in [1] are selected on object 'Object Repository/HealthpostToStore/Page_Store/select_--Select--BA1170BA2376B'

2018-05-19 18:38:24 - [MESSAGE][PASSED] - All options with index in [1] are selected on object 'Object Repository/HealthpostToStore/Page_Store/select_--Select--BA1170BA2376B'

2018-05-19 18:38:24 - [TEST_STEP][PASSED] - Statement - Try: null

2018-05-19 18:38:24 - [TEST_STEP][PASSED] - Statement - StockQty = com.kms.katalon.core.webui.keyword.WebUiBuiltInKeywords.getAttribute(com.kms.katalon.core.testobject.ObjectRepository.findTestObject(HealthpostToStore/Page_Store/input_txtprice), "value"): Attribute 'value' of object 'Object Repository/HealthpostToStore/Page_Store/input_txtprice' is: '45'

2018-05-19 18:38:24 - [MESSAGE][PASSED] - Attribute 'value' of object 'Object Repository/HealthpostToStore/Page_Store/input_txtprice' is: '45'

2018-05-19 18:38:24 - [TEST_STEP][PASSED] - Statement - out.println("Stock QTY : " + StockQty): null

2018-05-19 18:38:24 - [TEST_STEP][PASSED] - delay: Delayed 2 second(s)

2018-05-19 18:38:26 - [MESSAGE][PASSED] - Delayed 2 second(s)

2018-05-19 18:38:26 - [TEST_STEP][PASSED] - Statement - If (java.lang.String.valueOf(StockQty) >= java.lang.String.valueOf(RequestedQty)): null

2018-05-19 18:38:26 - [TEST_STEP][PASSED] - setText: Text '10' is set on object 'Object Repository/HealthpostToStore/Page_Store/input_txtqty'

2018-05-19 18:38:26 - [MESSAGE][PASSED] - Text '10' is set on object 'Object Repository/HealthpostToStore/Page_Store/input_txtqty'

2018-05-19 18:38:26 - [TEST_STEP][PASSED] - click: Object: 'Object Repository/HealthpostToStore/Page_Store/button_Add' is clicked on

2018-05-19 18:38:26 - [MESSAGE][PASSED] - Object: 'Object Repository/HealthpostToStore/Page_Store/button_Add' is clicked on

2018-05-19 18:38:26 - [TEST_STEP][PASSED] - Statement - Break: null

2018-05-19 18:38:26 - [TEST_STEP][PASSED] - selectOptionByIndex: All options with index in [14] are selected on object 'Object Repository/HealthpostToStore/Page_Store/select_--Select--Adernaline 0.'

2018-05-19 18:38:27 - [MESSAGE][PASSED] - All options with index in [14] are selected on object 'Object Repository/HealthpostToStore/Page_Store/select_--Select--Adernaline 0.'

2018-05-19 18:38:27 - [TEST_STEP][PASSED] - delay: Delayed 2 second(s)

2018-05-19 18:38:29 - [MESSAGE][PASSED] - Delayed 2 second(s)

2018-05-19 18:38:29 - [TEST_STEP][PASSED] - Statement - RequestedQty = com.kms.katalon.core.webui.keyword.WebUiBuiltInKeywords.getAttribute(com.kms.katalon.core.testobject.ObjectRepository.findTestObject(HealthpostToStore/Page_Store/input_txttotal), "value"): Attribute 'value' of object 'Object Repository/HealthpostToStore/Page_Store/input_txttotal' is: '10'

2018-05-19 18:38:29 - [MESSAGE][PASSED] - Attribute 'value' of object 'Object Repository/HealthpostToStore/Page_Store/input_txttotal' is: '10'

2018-05-19 18:38:29 - [TEST_STEP][PASSED] - Statement - out.println("Requested QTY : " + RequestedQty): null

2018-05-19 18:38:29 - [TEST_STEP][PASSED] - Statement - BatchNumber = com.kms.katalon.core.webui.keyword.WebUiBuiltInKeywords.getNumberOfTotalOption(com.kms.katalon.core.testobject.ObjectRepository.findTestObject(HealthpostToStore/Page_Store/select_--Select--BA1170BA2376B)): 3 options of object 'Object Repository/HealthpostToStore/Page_Store/select_--Select--BA1170BA2376B' counted

2018-05-19 18:38:29 - [MESSAGE][PASSED] - 3 options of object 'Object Repository/HealthpostToStore/Page_Store/select_--Select--BA1170BA2376B' counted

2018-05-19 18:38:29 - [TEST_STEP][PASSED] - Statement - For ([g = 1, g <= BatchNumber - 1, (g++)]): null

2018-05-19 18:38:29 - [TEST_STEP][PASSED] - selectOptionByIndex: All options with index in [1] are selected on object 'Object Repository/HealthpostToStore/Page_Store/select_--Select--BA1170BA2376B'

2018-05-19 18:38:29 - [MESSAGE][PASSED] - All options with index in [1] are selected on object 'Object Repository/HealthpostToStore/Page_Store/select_--Select--BA1170BA2376B'

2018-05-19 18:38:29 - [TEST_STEP][PASSED] - Statement - Try: null

2018-05-19 18:38:29 - [TEST_STEP][PASSED] - Statement - StockQty = com.kms.katalon.core.webui.keyword.WebUiBuiltInKeywords.getAttribute(com.kms.katalon.core.testobject.ObjectRepository.findTestObject(HealthpostToStore/Page_Store/input_txtprice), "value"): Attribute 'value' of object 'Object Repository/HealthpostToStore/Page_Store/input_txtprice' is: '2055'

2018-05-19 18:38:29 - [MESSAGE][PASSED] - Attribute 'value' of object 'Object Repository/HealthpostToStore/Page_Store/input_txtprice' is: '2055'

2018-05-19 18:38:29 - [TEST_STEP][PASSED] - Statement - out.println("Stock QTY : " + StockQty): null

2018-05-19 18:38:29 - [TEST_STEP][PASSED] - delay: Delayed 2 second(s)

2018-05-19 18:38:31 - [MESSAGE][PASSED] - Delayed 2 second(s)

2018-05-19 18:38:31 - [TEST_STEP][PASSED] - Statement - If (java.lang.String.valueOf(StockQty) >= java.lang.String.valueOf(RequestedQty)): null

2018-05-19 18:38:31 - [TEST_STEP][PASSED] - setText: Text '10' is set on object 'Object Repository/HealthpostToStore/Page_Store/input_txtqty'

2018-05-19 18:38:31 - [MESSAGE][PASSED] - Text '10' is set on object 'Object Repository/HealthpostToStore/Page_Store/input_txtqty'

2018-05-19 18:38:31 - [TEST_STEP][PASSED] - click: Object: 'Object Repository/HealthpostToStore/Page_Store/button_Add' is clicked on

2018-05-19 18:38:31 - [MESSAGE][PASSED] - Object: 'Object Repository/HealthpostToStore/Page_Store/button_Add' is clicked on

2018-05-19 18:38:31 - [TEST_STEP][PASSED] - Statement - Break: null

2018-05-19 18:38:31 - [TEST_STEP][PASSED] - selectOptionByIndex: All options with index in [15] are selected on object 'Object Repository/HealthpostToStore/Page_Store/select_--Select--Adernaline 0.'

2018-05-19 18:38:31 - [MESSAGE][PASSED] - All options with index in [15] are selected on object 'Object Repository/HealthpostToStore/Page_Store/select_--Select--Adernaline 0.'

2018-05-19 18:38:31 - [TEST_STEP][PASSED] - delay: Delayed 2 second(s)

2018-05-19 18:38:33 - [MESSAGE][PASSED] - Delayed 2 second(s)

2018-05-19 18:38:33 - [TEST_STEP][PASSED] - Statement - RequestedQty = com.kms.katalon.core.webui.keyword.WebUiBuiltInKeywords.getAttribute(com.kms.katalon.core.testobject.ObjectRepository.findTestObject(HealthpostToStore/Page_Store/input_txttotal), "value"): Attribute 'value' of object 'Object Repository/HealthpostToStore/Page_Store/input_txttotal' is: '10'

2018-05-19 18:38:33 - [MESSAGE][PASSED] - Attribute 'value' of object 'Object Repository/HealthpostToStore/Page_Store/input_txttotal' is: '10'

2018-05-19 18:38:33 - [TEST_STEP][PASSED] - Statement - out.println("Requested QTY : " + RequestedQty): null

2018-05-19 18:38:33 - [TEST_STEP][PASSED] - Statement - BatchNumber = com.kms.katalon.core.webui.keyword.WebUiBuiltInKeywords.getNumberOfTotalOption(com.kms.katalon.core.testobject.ObjectRepository.findTestObject(HealthpostToStore/Page_Store/select_--Select--BA1170BA2376B)): 3 options of object 'Object Repository/HealthpostToStore/Page_Store/select_--Select--BA1170BA2376B' counted

2018-05-19 18:38:33 - [MESSAGE][PASSED] - 3 options of object 'Object Repository/HealthpostToStore/Page_Store/select_--Select--BA1170BA2376B' counted

2018-05-19 18:38:33 - [TEST_STEP][PASSED] - Statement - For ([g = 1, g <= BatchNumber - 1, (g++)]): null

2018-05-19 18:38:33 - [TEST_STEP][PASSED] - selectOptionByIndex: All options with index in [1] are selected on object 'Object Repository/HealthpostToStore/Page_Store/select_--Select--BA1170BA2376B'

2018-05-19 18:38:33 - [MESSAGE][PASSED] - All options with index in [1] are selected on object 'Object Repository/HealthpostToStore/Page_Store/select_--Select--BA1170BA2376B'

2018-05-19 18:38:33 - [TEST_STEP][PASSED] - Statement - Try: null

2018-05-19 18:38:33 - [TEST_STEP][PASSED] - Statement - StockQty = com.kms.katalon.core.webui.keyword.WebUiBuiltInKeywords.getAttribute(com.kms.katalon.core.testobject.ObjectRepository.findTestObject(HealthpostToStore/Page_Store/input_txtprice), "value"): Attribute 'value' of object 'Object Repository/HealthpostToStore/Page_Store/input_txtprice' is: ''

2018-05-19 18:38:34 - [MESSAGE][PASSED] - Attribute 'value' of object 'Object Repository/HealthpostToStore/Page_Store/input_txtprice' is: ''

2018-05-19 18:38:34 - [TEST_STEP][PASSED] - Statement - out.println("Stock QTY : " + StockQty): null

2018-05-19 18:38:34 - [TEST_STEP][PASSED] - delay: Delayed 2 second(s)

2018-05-19 18:38:36 - [MESSAGE][PASSED] - Delayed 2 second(s)

2018-05-19 18:38:36 - [TEST_STEP][PASSED] - Statement - If (java.lang.String.valueOf(StockQty) >= java.lang.String.valueOf(RequestedQty)): null

2018-05-19 18:38:36 - [TEST_STEP][PASSED] - Statement - Else: null

2018-05-19 18:38:36 - [TEST_STEP][PASSED] - Statement - out.println("Stock Is Less Than Requested Qty"): null

2018-05-19 18:38:36 - [TEST_STEP][PASSED] - selectOptionByIndex: All options with index in [2] are selected on object 'Object Repository/HealthpostToStore/Page_Store/select_--Select--BA1170BA2376B'

2018-05-19 18:38:36 - [MESSAGE][PASSED] - All options with index in [2] are selected on object 'Object Repository/HealthpostToStore/Page_Store/select_--Select--BA1170BA2376B'

2018-05-19 18:38:36 - [TEST_STEP][PASSED] - Statement - Try: null

2018-05-19 18:38:36 - [TEST_STEP][PASSED] - Statement - StockQty = com.kms.katalon.core.webui.keyword.WebUiBuiltInKeywords.getAttribute(com.kms.katalon.core.testobject.ObjectRepository.findTestObject(HealthpostToStore/Page_Store/input_txtprice), "value"): Attribute 'value' of object 'Object Repository/HealthpostToStore/Page_Store/input_txtprice' is: '2055'

2018-05-19 18:38:36 - [MESSAGE][PASSED] - Attribute 'value' of object 'Object Repository/HealthpostToStore/Page_Store/input_txtprice' is: '2055'

2018-05-19 18:38:36 - [TEST_STEP][PASSED] - Statement - out.println("Stock QTY : " + StockQty): null

2018-05-19 18:38:36 - [TEST_STEP][PASSED] - delay: Delayed 2 second(s)

2018-05-19 18:38:38 - [MESSAGE][PASSED] - Delayed 2 second(s)

2018-05-19 18:38:38 - [TEST_STEP][PASSED] - Statement - If (java.lang.String.valueOf(StockQty) >= java.lang.String.valueOf(RequestedQty)): null

2018-05-19 18:38:38 - [TEST_STEP][PASSED] - setText: Text '10' is set on object 'Object Repository/HealthpostToStore/Page_Store/input_txtqty'

2018-05-19 18:38:38 - [MESSAGE][PASSED] - Text '10' is set on object 'Object Repository/HealthpostToStore/Page_Store/input_txtqty'

2018-05-19 18:38:38 - [TEST_STEP][PASSED] - click: Object: 'Object Repository/HealthpostToStore/Page_Store/button_Add' is clicked on

2018-05-19 18:38:38 - [MESSAGE][PASSED] - Object: 'Object Repository/HealthpostToStore/Page_Store/button_Add' is clicked on

2018-05-19 18:38:38 - [TEST_STEP][PASSED] - Statement - Break: null

2018-05-19 18:38:38 - [TEST_STEP][PASSED] - selectOptionByIndex: All options with index in [16] are selected on object 'Object Repository/HealthpostToStore/Page_Store/select_--Select--Adernaline 0.'

2018-05-19 18:38:38 - [MESSAGE][PASSED] - All options with index in [16] are selected on object 'Object Repository/HealthpostToStore/Page_Store/select_--Select--Adernaline 0.'

2018-05-19 18:38:38 - [TEST_STEP][PASSED] - delay: Delayed 2 second(s)

2018-05-19 18:38:40 - [MESSAGE][PASSED] - Delayed 2 second(s)

2018-05-19 18:38:40 - [TEST_STEP][PASSED] - Statement - RequestedQty = com.kms.katalon.core.webui.keyword.WebUiBuiltInKeywords.getAttribute(com.kms.katalon.core.testobject.ObjectRepository.findTestObject(HealthpostToStore/Page_Store/input_txttotal), "value"): Attribute 'value' of object 'Object Repository/HealthpostToStore/Page_Store/input_txttotal' is: '10'

2018-05-19 18:38:40 - [MESSAGE][PASSED] - Attribute 'value' of object 'Object Repository/HealthpostToStore/Page_Store/input_txttotal' is: '10'

2018-05-19 18:38:40 - [TEST_STEP][PASSED] - Statement - out.println("Requested QTY : " + RequestedQty): null

2018-05-19 18:38:40 - [TEST_STEP][PASSED] - Statement - BatchNumber = com.kms.katalon.core.webui.keyword.WebUiBuiltInKeywords.getNumberOfTotalOption(com.kms.katalon.core.testobject.ObjectRepository.findTestObject(HealthpostToStore/Page_Store/select_--Select--BA1170BA2376B)): 3 options of object 'Object Repository/HealthpostToStore/Page_Store/select_--Select--BA1170BA2376B' counted

2018-05-19 18:38:40 - [MESSAGE][PASSED] - 3 options of object 'Object Repository/HealthpostToStore/Page_Store/select_--Select--BA1170BA2376B' counted

2018-05-19 18:38:40 - [TEST_STEP][PASSED] - Statement - For ([g = 1, g <= BatchNumber - 1, (g++)]): null

2018-05-19 18:38:40 - [TEST_STEP][PASSED] - selectOptionByIndex: All options with index in [1] are selected on object 'Object Repository/HealthpostToStore/Page_Store/select_--Select--BA1170BA2376B'

2018-05-19 18:38:40 - [MESSAGE][PASSED] - All options with index in [1] are selected on object 'Object Repository/HealthpostToStore/Page_Store/select_--Select--BA1170BA2376B'

2018-05-19 18:38:40 - [TEST_STEP][PASSED] - Statement - Try: null

2018-05-19 18:38:40 - [TEST_STEP][PASSED] - Statement - StockQty = com.kms.katalon.core.webui.keyword.WebUiBuiltInKeywords.getAttribute(com.kms.katalon.core.testobject.ObjectRepository.findTestObject(HealthpostToStore/Page_Store/input_txtprice), "value"): Attribute 'value' of object 'Object Repository/HealthpostToStore/Page_Store/input_txtprice' is: ''

2018-05-19 18:38:40 - [MESSAGE][PASSED] - Attribute 'value' of object 'Object Repository/HealthpostToStore/Page_Store/input_txtprice' is: ''

2018-05-19 18:38:40 - [TEST_STEP][PASSED] - Statement - out.println("Stock QTY : " + StockQty): null

2018-05-19 18:38:40 - [TEST_STEP][PASSED] - delay: Delayed 2 second(s)

2018-05-19 18:38:42 - [MESSAGE][PASSED] - Delayed 2 second(s)

2018-05-19 18:38:42 - [TEST_STEP][PASSED] - Statement - If (java.lang.String.valueOf(StockQty) >= java.lang.String.valueOf(RequestedQty)): null

2018-05-19 18:38:42 - [TEST_STEP][PASSED] - Statement - Else: null

2018-05-19 18:38:42 - [TEST_STEP][PASSED] - Statement - out.println("Stock Is Less Than Requested Qty"): null

2018-05-19 18:38:42 - [TEST_STEP][PASSED] - selectOptionByIndex: All options with index in [2] are selected on object 'Object Repository/HealthpostToStore/Page_Store/select_--Select--BA1170BA2376B'

2018-05-19 18:38:43 - [MESSAGE][PASSED] - All options with index in [2] are selected on object 'Object Repository/HealthpostToStore/Page_Store/select_--Select--BA1170BA2376B'

2018-05-19 18:38:43 - [TEST_STEP][PASSED] - Statement - Try: null

2018-05-19 18:38:43 - [TEST_STEP][PASSED] - Statement - StockQty = com.kms.katalon.core.webui.keyword.WebUiBuiltInKeywords.getAttribute(com.kms.katalon.core.testobject.ObjectRepository.findTestObject(HealthpostToStore/Page_Store/input_txtprice), "value"): Attribute 'value' of object 'Object Repository/HealthpostToStore/Page_Store/input_txtprice' is: '45'

2018-05-19 18:38:43 - [MESSAGE][PASSED] - Attribute 'value' of object 'Object Repository/HealthpostToStore/Page_Store/input_txtprice' is: '45'

2018-05-19 18:38:43 - [TEST_STEP][PASSED] - Statement - out.println("Stock QTY : " + StockQty): null

2018-05-19 18:38:43 - [TEST_STEP][PASSED] - delay: Delayed 2 second(s)

2018-05-19 18:38:45 - [MESSAGE][PASSED] - Delayed 2 second(s)

2018-05-19 18:38:45 - [TEST_STEP][PASSED] - Statement - If (java.lang.String.valueOf(StockQty) >= java.lang.String.valueOf(RequestedQty)): null

2018-05-19 18:38:45 - [TEST_STEP][PASSED] - setText: Text '10' is set on object 'Object Repository/HealthpostToStore/Page_Store/input_txtqty'

2018-05-19 18:38:45 - [MESSAGE][PASSED] - Text '10' is set on object 'Object Repository/HealthpostToStore/Page_Store/input_txtqty'

2018-05-19 18:38:45 - [TEST_STEP][PASSED] - click: Object: 'Object Repository/HealthpostToStore/Page_Store/button_Add' is clicked on

2018-05-19 18:38:45 - [MESSAGE][PASSED] - Object: 'Object Repository/HealthpostToStore/Page_Store/button_Add' is clicked on

2018-05-19 18:38:45 - [TEST_STEP][PASSED] - Statement - Break: null

2018-05-19 18:38:45 - [TEST_STEP][PASSED] - selectOptionByIndex: All options with index in [17] are selected on object 'Object Repository/HealthpostToStore/Page_Store/select_--Select--Adernaline 0.'

2018-05-19 18:38:45 - [MESSAGE][PASSED] - All options with index in [17] are selected on object 'Object Repository/HealthpostToStore/Page_Store/select_--Select--Adernaline 0.'

2018-05-19 18:38:45 - [TEST_STEP][PASSED] - delay: Delayed 2 second(s)

2018-05-19 18:38:47 - [MESSAGE][PASSED] - Delayed 2 second(s)

2018-05-19 18:38:47 - [TEST_STEP][PASSED] - Statement - RequestedQty = com.kms.katalon.core.webui.keyword.WebUiBuiltInKeywords.getAttribute(com.kms.katalon.core.testobject.ObjectRepository.findTestObject(HealthpostToStore/Page_Store/input_txttotal), "value"): Attribute 'value' of object 'Object Repository/HealthpostToStore/Page_Store/input_txttotal' is: '10'

2018-05-19 18:38:47 - [MESSAGE][PASSED] - Attribute 'value' of object 'Object Repository/HealthpostToStore/Page_Store/input_txttotal' is: '10'

2018-05-19 18:38:47 - [TEST_STEP][PASSED] - Statement - out.println("Requested QTY : " + RequestedQty): null

2018-05-19 18:38:47 - [TEST_STEP][PASSED] - Statement - BatchNumber = com.kms.katalon.core.webui.keyword.WebUiBuiltInKeywords.getNumberOfTotalOption(com.kms.katalon.core.testobject.ObjectRepository.findTestObject(HealthpostToStore/Page_Store/select_--Select--BA1170BA2376B)): 2 options of object 'Object Repository/HealthpostToStore/Page_Store/select_--Select--BA1170BA2376B' counted

2018-05-19 18:38:47 - [MESSAGE][PASSED] - 2 options of object 'Object Repository/HealthpostToStore/Page_Store/select_--Select--BA1170BA2376B' counted

2018-05-19 18:38:47 - [TEST_STEP][PASSED] - Statement - For ([g = 1, g <= BatchNumber - 1, (g++)]): null

2018-05-19 18:38:47 - [TEST_STEP][PASSED] - selectOptionByIndex: All options with index in [1] are selected on object 'Object Repository/HealthpostToStore/Page_Store/select_--Select--BA1170BA2376B'

2018-05-19 18:38:47 - [MESSAGE][PASSED] - All options with index in [1] are selected on object 'Object Repository/HealthpostToStore/Page_Store/select_--Select--BA1170BA2376B'

2018-05-19 18:38:47 - [TEST_STEP][PASSED] - Statement - Try: null

2018-05-19 18:38:47 - [TEST_STEP][PASSED] - Statement - StockQty = com.kms.katalon.core.webui.keyword.WebUiBuiltInKeywords.getAttribute(com.kms.katalon.core.testobject.ObjectRepository.findTestObject(HealthpostToStore/Page_Store/input_txtprice), "value"): Attribute 'value' of object 'Object Repository/HealthpostToStore/Page_Store/input_txtprice' is: '1085'

2018-05-19 18:38:47 - [MESSAGE][PASSED] - Attribute 'value' of object 'Object Repository/HealthpostToStore/Page_Store/input_txtprice' is: '1085'

2018-05-19 18:38:47 - [TEST_STEP][PASSED] - Statement - out.println("Stock QTY : " + StockQty): null

2018-05-19 18:38:47 - [TEST_STEP][PASSED] - delay: Delayed 2 second(s)

2018-05-19 18:38:49 - [MESSAGE][PASSED] - Delayed 2 second(s)

2018-05-19 18:38:49 - [TEST_STEP][PASSED] - Statement - If (java.lang.String.valueOf(StockQty) >= java.lang.String.valueOf(RequestedQty)): null

2018-05-19 18:38:49 - [TEST_STEP][PASSED] - setText: Text '10' is set on object 'Object Repository/HealthpostToStore/Page_Store/input_txtqty'

2018-05-19 18:38:49 - [MESSAGE][PASSED] - Text '10' is set on object 'Object Repository/HealthpostToStore/Page_Store/input_txtqty'

2018-05-19 18:38:49 - [TEST_STEP][PASSED] - click: Object: 'Object Repository/HealthpostToStore/Page_Store/button_Add' is clicked on

2018-05-19 18:38:49 - [MESSAGE][PASSED] - Object: 'Object Repository/HealthpostToStore/Page_Store/button_Add' is clicked on

2018-05-19 18:38:49 - [TEST_STEP][PASSED] - Statement - Break: null

2018-05-19 18:38:49 - [TEST_STEP][PASSED] - scrollToElement: Scroll to object 'Object Repository/HealthpostToStore/Page_Store/input_btnSubmit' successfully

2018-05-19 18:38:50 - [MESSAGE][PASSED] - Scroll to object 'Object Repository/HealthpostToStore/Page_Store/input_btnSubmit' successfully

2018-05-19 18:38:50 - [TEST_STEP][PASSED] - click: Object: 'Object Repository/HealthpostToStore/Page_Store/input_btnSubmit' is clicked on

2018-05-19 18:38:50 - [MESSAGE][PASSED] - Object: 'Object Repository/HealthpostToStore/Page_Store/input_btnSubmit' is clicked on

2018-05-19 18:38:50 - [TEST_STEP][PASSED] - delay: Delayed 3 second(s)

2018-05-19 18:38:53 - [MESSAGE][PASSED] - Delayed 3 second(s)

2018-05-19 18:38:53 - [TEST_STEP][PASSED] - click: Object: 'Object Repository/HealthpostToStore/Page_Store/button_OK' is clicked on

2018-05-19 18:38:53 - [MESSAGE][PASSED] - Object: 'Object Repository/HealthpostToStore/Page_Store/button_OK' is clicked on

2018-05-19 18:38:53 - [TEST_STEP][PASSED] - delay: Delayed 3 second(s)

2018-05-19 18:38:56 - [MESSAGE][PASSED] - Delayed 3 second(s)

2018-05-19 18:38:56 - [TEST_STEP][PASSED] - click: Object: 'Object Repository/HealthpostToStore/Page_Store/a_dropdown-toggle' is clicked on

2018-05-19 18:38:56 - [MESSAGE][PASSED] - Object: 'Object Repository/HealthpostToStore/Page_Store/a_dropdown-toggle' is clicked on

2018-05-19 18:38:56 - [TEST_STEP][PASSED] - click: Object: 'Object Repository/HealthpostToStore/Page_Store/a_Sign out' is clicked on

2018-05-19 18:38:57 - [MESSAGE][PASSED] - Object: 'Object Repository/HealthpostToStore/Page_Store/a_Sign out' is clicked on

2018-05-19 18:38:57 - [TEST_STEP][PASSED] - closeBrowser: Browser is closed

2018-05-19 18:38:58 - [MESSAGE][PASSED] - Browser is closed]]></system-out>
         <system-err><![CDATA[]]></system-err>
      </testcase>
      <testcase name="Test Cases/HEALTHPOST TEST CASES/TC_HP_009 Verify Schedule 9 Healthpost Request Are Working Successfully Or Not" classname="Test Cases/HEALTHPOST TEST CASES/TC_HP_009 Verify Schedule 9 Healthpost Request Are Working Successfully Or Not" status="FAILED">
         <failure type="FAILED" message="Unable to select option by index '9' of object 'Object Repository/HealthpostToStore/Page_HealthPost Store/select_--Select--Schedule 1Inj' (Root cause: com.kms.katalon.core.webui.exception.WebElementNotFoundException: Web element with id: 'Object Repository/HealthpostToStore/Page_HealthPost Store/select_--Select--Schedule 1Inj' located by 'By.xpath: id(&quot;optcategory&quot;)[count(. | //select[@id = 'optcategory']) = count(//select[@id = 'optcategory'])]' not found)"/>
         <system-out><![CDATA[2018-05-19 18:38:58 - [TEST_CASE][FAILED] - Test Cases/HEALTHPOST TEST CASES/TC_HP_009 Verify Schedule 9 Healthpost Request Are Working Successfully Or Not: Test Cases/HEALTHPOST TEST CASES/TC_HP_009 Verify Schedule 9 Healthpost Request Are Working Successfully Or Not FAILED because (of) Unable to select option by index '9' of object 'Object Repository/HealthpostToStore/Page_HealthPost Store/select_--Select--Schedule 1Inj' (Root cause: com.kms.katalon.core.webui.exception.WebElementNotFoundException: Web element with id: 'Object Repository/HealthpostToStore/Page_HealthPost Store/select_--Select--Schedule 1Inj' located by 'By.xpath: id("optcategory")[count(. | //select[@id = 'optcategory']) = count(//select[@id = 'optcategory'])]' not found)

2018-05-19 18:38:58 - [TEST_STEP][PASSED] - openBrowser: Browser is opened with url: ''

2018-05-19 18:39:00 - [MESSAGE][PASSED] - Browser is opened with url: ''

2018-05-19 18:39:00 - [TEST_STEP][PASSED] - navigateToUrl: Navigate to 'http://192.168.137.1/multihospital_new/HDSplashscreen.aspx' successfully

2018-05-19 18:39:06 - [MESSAGE][PASSED] - Navigate to 'http://192.168.137.1/multihospital_new/HDSplashscreen.aspx' successfully

2018-05-19 18:39:06 - [TEST_STEP][PASSED] - maximizeWindow: Current window maximized

2018-05-19 18:39:07 - [MESSAGE][PASSED] - Current window maximized

2018-05-19 18:39:07 - [TEST_STEP][PASSED] - click: Object: 'Object Repository/HealthpostToStore/Page_KDMC/a_Healthpost Store' is clicked on

2018-05-19 18:39:08 - [MESSAGE][PASSED] - Object: 'Object Repository/HealthpostToStore/Page_KDMC/a_Healthpost Store' is clicked on

2018-05-19 18:39:08 - [TEST_STEP][PASSED] - setText: Text 'raguram' is set on object 'Object Repository/HealthpostToStore/Page_HealthPost Store Login/input_txtusername'

2018-05-19 18:39:08 - [MESSAGE][PASSED] - Text 'raguram' is set on object 'Object Repository/HealthpostToStore/Page_HealthPost Store Login/input_txtusername'

2018-05-19 18:39:08 - [TEST_STEP][PASSED] - setText: Text '123' is set on object 'Object Repository/HealthpostToStore/Page_HealthPost Store Login/input_txtpassword'

2018-05-19 18:39:08 - [MESSAGE][PASSED] - Text '123' is set on object 'Object Repository/HealthpostToStore/Page_HealthPost Store Login/input_txtpassword'

2018-05-19 18:39:08 - [TEST_STEP][PASSED] - delay: Delayed 3 second(s)

2018-05-19 18:39:11 - [MESSAGE][PASSED] - Delayed 3 second(s)

2018-05-19 18:39:11 - [TEST_STEP][PASSED] - sendKeys: Keys 'ENTER + ' sent to object: 'Object Repository/HealthpostToStore/Page_HealthPost Store Login/input_txtpassword'

2018-05-19 18:39:12 - [MESSAGE][PASSED] - Keys 'ENTER + ' sent to object: 'Object Repository/HealthpostToStore/Page_HealthPost Store Login/input_txtpassword'

2018-05-19 18:39:12 - [TEST_STEP][PASSED] - delay: Delayed 3 second(s)

2018-05-19 18:39:15 - [MESSAGE][PASSED] - Delayed 3 second(s)

2018-05-19 18:39:15 - [TEST_STEP][PASSED] - doubleClick: Object: 'Object Repository/HealthpostToStore/Page_HealthPost Store/a_Request to Store' is double clicked on

2018-05-19 18:39:15 - [MESSAGE][PASSED] - Object: 'Object Repository/HealthpostToStore/Page_HealthPost Store/a_Request to Store' is double clicked on

2018-05-19 18:39:15 - [TEST_STEP][PASSED] - doubleClick: Object: 'Object Repository/HealthpostToStore/Page_HealthPost Store/a_Medicine Request' is double clicked on

2018-05-19 18:39:16 - [MESSAGE][PASSED] - Object: 'Object Repository/HealthpostToStore/Page_HealthPost Store/a_Medicine Request' is double clicked on

2018-05-19 18:39:16 - [TEST_STEP][FAILED] - selectOptionByIndex: Unable to select option by index '9' of object 'Object Repository/HealthpostToStore/Page_HealthPost Store/select_--Select--Schedule 1Inj' (Root cause: com.kms.katalon.core.webui.exception.WebElementNotFoundException: Web element with id: 'Object Repository/HealthpostToStore/Page_HealthPost Store/select_--Select--Schedule 1Inj' located by 'By.xpath: id("optcategory")[count(. | //select[@id = 'optcategory']) = count(//select[@id = 'optcategory'])]' not found)

2018-05-19 18:39:47 - [MESSAGE][FAILED] - Unable to select option by index '9' of object 'Object Repository/HealthpostToStore/Page_HealthPost Store/select_--Select--Schedule 1Inj' (Root cause: com.kms.katalon.core.webui.exception.WebElementNotFoundException: Web element with id: 'Object Repository/HealthpostToStore/Page_HealthPost Store/select_--Select--Schedule 1Inj' located by 'By.xpath: id("optcategory")[count(. | //select[@id = 'optcategory']) = count(//select[@id = 'optcategory'])]' not found)
[[ATTACHMENT|C:\\Users\\Quality Analyst\\Katalon Studio\\ds\\Reports\\HealthPost_Store_Suite\\20180519_180732\\1526735387231.png]]]]></system-out>
         <system-err><![CDATA[2018-05-19 18:38:58 - [TEST_CASE][FAILED] - Test Cases/HEALTHPOST TEST CASES/TC_HP_009 Verify Schedule 9 Healthpost Request Are Working Successfully Or Not: Test Cases/HEALTHPOST TEST CASES/TC_HP_009 Verify Schedule 9 Healthpost Request Are Working Successfully Or Not FAILED because (of) Unable to select option by index '9' of object 'Object Repository/HealthpostToStore/Page_HealthPost Store/select_--Select--Schedule 1Inj' (Root cause: com.kms.katalon.core.webui.exception.WebElementNotFoundException: Web element with id: 'Object Repository/HealthpostToStore/Page_HealthPost Store/select_--Select--Schedule 1Inj' located by 'By.xpath: id("optcategory")[count(. | //select[@id = 'optcategory']) = count(//select[@id = 'optcategory'])]' not found)]]></system-err>
      </testcase>
      <testcase name="Test Cases/HEALTHPOST TEST CASES/TC_HP_010 Verify Schedule 10 Healthpost Request Are Working Successfully Or Not" classname="Test Cases/HEALTHPOST TEST CASES/TC_HP_010 Verify Schedule 10 Healthpost Request Are Working Successfully Or Not" status="FAILED">
         <failure type="FAILED" message="Unable to select option by index '10' of object 'Object Repository/HealthpostToStore/Page_HealthPost Store/select_--Select--Schedule 1Inj' (Root cause: com.kms.katalon.core.webui.exception.WebElementNotFoundException: Web element with id: 'Object Repository/HealthpostToStore/Page_HealthPost Store/select_--Select--Schedule 1Inj' located by 'By.xpath: id(&quot;optcategory&quot;)[count(. | //select[@id = 'optcategory']) = count(//select[@id = 'optcategory'])]' not found)"/>
         <system-out><![CDATA[2018-05-19 18:39:47 - [TEST_CASE][FAILED] - Test Cases/HEALTHPOST TEST CASES/TC_HP_010 Verify Schedule 10 Healthpost Request Are Working Successfully Or Not: Test Cases/HEALTHPOST TEST CASES/TC_HP_010 Verify Schedule 10 Healthpost Request Are Working Successfully Or Not FAILED because (of) Unable to select option by index '10' of object 'Object Repository/HealthpostToStore/Page_HealthPost Store/select_--Select--Schedule 1Inj' (Root cause: com.kms.katalon.core.webui.exception.WebElementNotFoundException: Web element with id: 'Object Repository/HealthpostToStore/Page_HealthPost Store/select_--Select--Schedule 1Inj' located by 'By.xpath: id("optcategory")[count(. | //select[@id = 'optcategory']) = count(//select[@id = 'optcategory'])]' not found)

2018-05-19 18:39:47 - [TEST_STEP][PASSED] - openBrowser: Browser is opened with url: ''

2018-05-19 18:39:47 - [MESSAGE][WARNING] - A browser is already opened. Closing browser and opening a new one

2018-05-19 18:39:50 - [MESSAGE][PASSED] - Browser is opened with url: ''

2018-05-19 18:39:50 - [TEST_STEP][PASSED] - navigateToUrl: Navigate to 'http://192.168.137.1/multihospital_new/HDSplashscreen.aspx' successfully

2018-05-19 18:39:56 - [MESSAGE][PASSED] - Navigate to 'http://192.168.137.1/multihospital_new/HDSplashscreen.aspx' successfully

2018-05-19 18:39:56 - [TEST_STEP][PASSED] - maximizeWindow: Current window maximized

2018-05-19 18:39:57 - [MESSAGE][PASSED] - Current window maximized

2018-05-19 18:39:57 - [TEST_STEP][PASSED] - click: Object: 'Object Repository/HealthpostToStore/Page_KDMC/a_Healthpost Store' is clicked on

2018-05-19 18:39:58 - [MESSAGE][PASSED] - Object: 'Object Repository/HealthpostToStore/Page_KDMC/a_Healthpost Store' is clicked on

2018-05-19 18:39:58 - [TEST_STEP][PASSED] - setText: Text 'raguram' is set on object 'Object Repository/HealthpostToStore/Page_HealthPost Store Login/input_txtusername'

2018-05-19 18:39:58 - [MESSAGE][PASSED] - Text 'raguram' is set on object 'Object Repository/HealthpostToStore/Page_HealthPost Store Login/input_txtusername'

2018-05-19 18:39:58 - [TEST_STEP][PASSED] - setText: Text '123' is set on object 'Object Repository/HealthpostToStore/Page_HealthPost Store Login/input_txtpassword'

2018-05-19 18:39:58 - [MESSAGE][PASSED] - Text '123' is set on object 'Object Repository/HealthpostToStore/Page_HealthPost Store Login/input_txtpassword'

2018-05-19 18:39:58 - [TEST_STEP][PASSED] - delay: Delayed 3 second(s)

2018-05-19 18:40:01 - [MESSAGE][PASSED] - Delayed 3 second(s)

2018-05-19 18:40:01 - [TEST_STEP][PASSED] - sendKeys: Keys 'ENTER + ' sent to object: 'Object Repository/HealthpostToStore/Page_HealthPost Store Login/input_txtpassword'

2018-05-19 18:40:02 - [MESSAGE][PASSED] - Keys 'ENTER + ' sent to object: 'Object Repository/HealthpostToStore/Page_HealthPost Store Login/input_txtpassword'

2018-05-19 18:40:02 - [TEST_STEP][PASSED] - delay: Delayed 3 second(s)

2018-05-19 18:40:05 - [MESSAGE][PASSED] - Delayed 3 second(s)

2018-05-19 18:40:05 - [TEST_STEP][PASSED] - doubleClick: Object: 'Object Repository/HealthpostToStore/Page_HealthPost Store/a_Request to Store' is double clicked on

2018-05-19 18:40:05 - [MESSAGE][PASSED] - Object: 'Object Repository/HealthpostToStore/Page_HealthPost Store/a_Request to Store' is double clicked on

2018-05-19 18:40:05 - [TEST_STEP][PASSED] - doubleClick: Object: 'Object Repository/HealthpostToStore/Page_HealthPost Store/a_Medicine Request' is double clicked on

2018-05-19 18:40:06 - [MESSAGE][PASSED] - Object: 'Object Repository/HealthpostToStore/Page_HealthPost Store/a_Medicine Request' is double clicked on

2018-05-19 18:40:06 - [TEST_STEP][FAILED] - selectOptionByIndex: Unable to select option by index '10' of object 'Object Repository/HealthpostToStore/Page_HealthPost Store/select_--Select--Schedule 1Inj' (Root cause: com.kms.katalon.core.webui.exception.WebElementNotFoundException: Web element with id: 'Object Repository/HealthpostToStore/Page_HealthPost Store/select_--Select--Schedule 1Inj' located by 'By.xpath: id("optcategory")[count(. | //select[@id = 'optcategory']) = count(//select[@id = 'optcategory'])]' not found)

2018-05-19 18:40:37 - [MESSAGE][FAILED] - Unable to select option by index '10' of object 'Object Repository/HealthpostToStore/Page_HealthPost Store/select_--Select--Schedule 1Inj' (Root cause: com.kms.katalon.core.webui.exception.WebElementNotFoundException: Web element with id: 'Object Repository/HealthpostToStore/Page_HealthPost Store/select_--Select--Schedule 1Inj' located by 'By.xpath: id("optcategory")[count(. | //select[@id = 'optcategory']) = count(//select[@id = 'optcategory'])]' not found)
[[ATTACHMENT|C:\\Users\\Quality Analyst\\Katalon Studio\\ds\\Reports\\HealthPost_Store_Suite\\20180519_180732\\1526735437135.png]]]]></system-out>
         <system-err><![CDATA[2018-05-19 18:39:47 - [TEST_CASE][FAILED] - Test Cases/HEALTHPOST TEST CASES/TC_HP_010 Verify Schedule 10 Healthpost Request Are Working Successfully Or Not: Test Cases/HEALTHPOST TEST CASES/TC_HP_010 Verify Schedule 10 Healthpost Request Are Working Successfully Or Not FAILED because (of) Unable to select option by index '10' of object 'Object Repository/HealthpostToStore/Page_HealthPost Store/select_--Select--Schedule 1Inj' (Root cause: com.kms.katalon.core.webui.exception.WebElementNotFoundException: Web element with id: 'Object Repository/HealthpostToStore/Page_HealthPost Store/select_--Select--Schedule 1Inj' located by 'By.xpath: id("optcategory")[count(. | //select[@id = 'optcategory']) = count(//select[@id = 'optcategory'])]' not found)]]></system-err>
      </testcase>
      <testcase name="Test Cases/HEALTHPOST TEST CASES/TC_HP_011 Verify Schedule 11 Healthpost Request Are Working Successfully Or Not" classname="Test Cases/HEALTHPOST TEST CASES/TC_HP_011 Verify Schedule 11 Healthpost Request Are Working Successfully Or Not" status="FAILED">
         <failure type="FAILED" message="Unable to select option by index '11' of object 'Object Repository/HealthpostToStore/Page_HealthPost Store/select_--Select--Schedule 1Inj' (Root cause: com.kms.katalon.core.webui.exception.WebElementNotFoundException: Web element with id: 'Object Repository/HealthpostToStore/Page_HealthPost Store/select_--Select--Schedule 1Inj' located by 'By.xpath: id(&quot;optcategory&quot;)[count(. | //select[@id = 'optcategory']) = count(//select[@id = 'optcategory'])]' not found)"/>
         <system-out><![CDATA[2018-05-19 18:40:37 - [TEST_CASE][FAILED] - Test Cases/HEALTHPOST TEST CASES/TC_HP_011 Verify Schedule 11 Healthpost Request Are Working Successfully Or Not: Test Cases/HEALTHPOST TEST CASES/TC_HP_011 Verify Schedule 11 Healthpost Request Are Working Successfully Or Not FAILED because (of) Unable to select option by index '11' of object 'Object Repository/HealthpostToStore/Page_HealthPost Store/select_--Select--Schedule 1Inj' (Root cause: com.kms.katalon.core.webui.exception.WebElementNotFoundException: Web element with id: 'Object Repository/HealthpostToStore/Page_HealthPost Store/select_--Select--Schedule 1Inj' located by 'By.xpath: id("optcategory")[count(. | //select[@id = 'optcategory']) = count(//select[@id = 'optcategory'])]' not found)

2018-05-19 18:40:37 - [TEST_STEP][PASSED] - openBrowser: Browser is opened with url: ''

2018-05-19 18:40:37 - [MESSAGE][WARNING] - A browser is already opened. Closing browser and opening a new one

2018-05-19 18:40:40 - [MESSAGE][PASSED] - Browser is opened with url: ''

2018-05-19 18:40:40 - [TEST_STEP][PASSED] - navigateToUrl: Navigate to 'http://192.168.137.1/multihospital_new/HDSplashscreen.aspx' successfully

2018-05-19 18:40:51 - [MESSAGE][PASSED] - Navigate to 'http://192.168.137.1/multihospital_new/HDSplashscreen.aspx' successfully

2018-05-19 18:40:51 - [TEST_STEP][PASSED] - maximizeWindow: Current window maximized

2018-05-19 18:40:52 - [MESSAGE][PASSED] - Current window maximized

2018-05-19 18:40:52 - [TEST_STEP][PASSED] - click: Object: 'Object Repository/HealthpostToStore/Page_KDMC/a_Healthpost Store' is clicked on

2018-05-19 18:40:53 - [MESSAGE][PASSED] - Object: 'Object Repository/HealthpostToStore/Page_KDMC/a_Healthpost Store' is clicked on

2018-05-19 18:40:53 - [TEST_STEP][PASSED] - setText: Text 'raguram' is set on object 'Object Repository/HealthpostToStore/Page_HealthPost Store Login/input_txtusername'

2018-05-19 18:40:53 - [MESSAGE][PASSED] - Text 'raguram' is set on object 'Object Repository/HealthpostToStore/Page_HealthPost Store Login/input_txtusername'

2018-05-19 18:40:53 - [TEST_STEP][PASSED] - setText: Text '123' is set on object 'Object Repository/HealthpostToStore/Page_HealthPost Store Login/input_txtpassword'

2018-05-19 18:40:53 - [MESSAGE][PASSED] - Text '123' is set on object 'Object Repository/HealthpostToStore/Page_HealthPost Store Login/input_txtpassword'

2018-05-19 18:40:53 - [TEST_STEP][PASSED] - delay: Delayed 3 second(s)

2018-05-19 18:40:56 - [MESSAGE][PASSED] - Delayed 3 second(s)

2018-05-19 18:40:56 - [TEST_STEP][PASSED] - sendKeys: Keys 'ENTER + ' sent to object: 'Object Repository/HealthpostToStore/Page_HealthPost Store Login/input_txtpassword'

2018-05-19 18:40:57 - [MESSAGE][PASSED] - Keys 'ENTER + ' sent to object: 'Object Repository/HealthpostToStore/Page_HealthPost Store Login/input_txtpassword'

2018-05-19 18:40:57 - [TEST_STEP][PASSED] - delay: Delayed 3 second(s)

2018-05-19 18:41:00 - [MESSAGE][PASSED] - Delayed 3 second(s)

2018-05-19 18:41:00 - [TEST_STEP][PASSED] - doubleClick: Object: 'Object Repository/HealthpostToStore/Page_HealthPost Store/a_Request to Store' is double clicked on

2018-05-19 18:41:00 - [MESSAGE][PASSED] - Object: 'Object Repository/HealthpostToStore/Page_HealthPost Store/a_Request to Store' is double clicked on

2018-05-19 18:41:00 - [TEST_STEP][PASSED] - doubleClick: Object: 'Object Repository/HealthpostToStore/Page_HealthPost Store/a_Medicine Request' is double clicked on

2018-05-19 18:41:00 - [MESSAGE][PASSED] - Object: 'Object Repository/HealthpostToStore/Page_HealthPost Store/a_Medicine Request' is double clicked on

2018-05-19 18:41:00 - [TEST_STEP][FAILED] - selectOptionByIndex: Unable to select option by index '11' of object 'Object Repository/HealthpostToStore/Page_HealthPost Store/select_--Select--Schedule 1Inj' (Root cause: com.kms.katalon.core.webui.exception.WebElementNotFoundException: Web element with id: 'Object Repository/HealthpostToStore/Page_HealthPost Store/select_--Select--Schedule 1Inj' located by 'By.xpath: id("optcategory")[count(. | //select[@id = 'optcategory']) = count(//select[@id = 'optcategory'])]' not found)

2018-05-19 18:41:31 - [MESSAGE][FAILED] - Unable to select option by index '11' of object 'Object Repository/HealthpostToStore/Page_HealthPost Store/select_--Select--Schedule 1Inj' (Root cause: com.kms.katalon.core.webui.exception.WebElementNotFoundException: Web element with id: 'Object Repository/HealthpostToStore/Page_HealthPost Store/select_--Select--Schedule 1Inj' located by 'By.xpath: id("optcategory")[count(. | //select[@id = 'optcategory']) = count(//select[@id = 'optcategory'])]' not found)
[[ATTACHMENT|C:\\Users\\Quality Analyst\\Katalon Studio\\ds\\Reports\\HealthPost_Store_Suite\\20180519_180732\\1526735491517.png]]]]></system-out>
         <system-err><![CDATA[2018-05-19 18:40:37 - [TEST_CASE][FAILED] - Test Cases/HEALTHPOST TEST CASES/TC_HP_011 Verify Schedule 11 Healthpost Request Are Working Successfully Or Not: Test Cases/HEALTHPOST TEST CASES/TC_HP_011 Verify Schedule 11 Healthpost Request Are Working Successfully Or Not FAILED because (of) Unable to select option by index '11' of object 'Object Repository/HealthpostToStore/Page_HealthPost Store/select_--Select--Schedule 1Inj' (Root cause: com.kms.katalon.core.webui.exception.WebElementNotFoundException: Web element with id: 'Object Repository/HealthpostToStore/Page_HealthPost Store/select_--Select--Schedule 1Inj' located by 'By.xpath: id("optcategory")[count(. | //select[@id = 'optcategory']) = count(//select[@id = 'optcategory'])]' not found)]]></system-err>
      </testcase>
      <testcase name="Test Cases/HEALTHPOST TEST CASES/TC_HP_012 Verify Schedule 12 Healthpost Request Are Working Successfully Or Not" classname="Test Cases/HEALTHPOST TEST CASES/TC_HP_012 Verify Schedule 12 Healthpost Request Are Working Successfully Or Not" status="FAILED">
         <failure type="FAILED" message="Unable to select option by index '12' of object 'Object Repository/HealthpostToStore/Page_HealthPost Store/select_--Select--Schedule 1Inj' (Root cause: com.kms.katalon.core.webui.exception.WebElementNotFoundException: Web element with id: 'Object Repository/HealthpostToStore/Page_HealthPost Store/select_--Select--Schedule 1Inj' located by 'By.xpath: id(&quot;optcategory&quot;)[count(. | //select[@id = 'optcategory']) = count(//select[@id = 'optcategory'])]' not found)"/>
         <system-out><![CDATA[2018-05-19 18:41:31 - [TEST_CASE][FAILED] - Test Cases/HEALTHPOST TEST CASES/TC_HP_012 Verify Schedule 12 Healthpost Request Are Working Successfully Or Not: Test Cases/HEALTHPOST TEST CASES/TC_HP_012 Verify Schedule 12 Healthpost Request Are Working Successfully Or Not FAILED because (of) Unable to select option by index '12' of object 'Object Repository/HealthpostToStore/Page_HealthPost Store/select_--Select--Schedule 1Inj' (Root cause: com.kms.katalon.core.webui.exception.WebElementNotFoundException: Web element with id: 'Object Repository/HealthpostToStore/Page_HealthPost Store/select_--Select--Schedule 1Inj' located by 'By.xpath: id("optcategory")[count(. | //select[@id = 'optcategory']) = count(//select[@id = 'optcategory'])]' not found)

2018-05-19 18:41:32 - [TEST_STEP][PASSED] - openBrowser: Browser is opened with url: ''

2018-05-19 18:41:32 - [MESSAGE][WARNING] - A browser is already opened. Closing browser and opening a new one

2018-05-19 18:41:34 - [MESSAGE][PASSED] - Browser is opened with url: ''

2018-05-19 18:41:34 - [TEST_STEP][PASSED] - navigateToUrl: Navigate to 'http://192.168.137.1/multihospital_new/HDSplashscreen.aspx' successfully

2018-05-19 18:41:42 - [MESSAGE][PASSED] - Navigate to 'http://192.168.137.1/multihospital_new/HDSplashscreen.aspx' successfully

2018-05-19 18:41:42 - [TEST_STEP][PASSED] - maximizeWindow: Current window maximized

2018-05-19 18:41:43 - [MESSAGE][PASSED] - Current window maximized

2018-05-19 18:41:43 - [TEST_STEP][PASSED] - click: Object: 'Object Repository/HealthpostToStore/Page_KDMC/a_Healthpost Store' is clicked on

2018-05-19 18:41:44 - [MESSAGE][PASSED] - Object: 'Object Repository/HealthpostToStore/Page_KDMC/a_Healthpost Store' is clicked on

2018-05-19 18:41:44 - [TEST_STEP][PASSED] - setText: Text 'raguram' is set on object 'Object Repository/HealthpostToStore/Page_HealthPost Store Login/input_txtusername'

2018-05-19 18:41:44 - [MESSAGE][PASSED] - Text 'raguram' is set on object 'Object Repository/HealthpostToStore/Page_HealthPost Store Login/input_txtusername'

2018-05-19 18:41:44 - [TEST_STEP][PASSED] - setText: Text '123' is set on object 'Object Repository/HealthpostToStore/Page_HealthPost Store Login/input_txtpassword'

2018-05-19 18:41:44 - [MESSAGE][PASSED] - Text '123' is set on object 'Object Repository/HealthpostToStore/Page_HealthPost Store Login/input_txtpassword'

2018-05-19 18:41:44 - [TEST_STEP][PASSED] - delay: Delayed 3 second(s)

2018-05-19 18:41:47 - [MESSAGE][PASSED] - Delayed 3 second(s)

2018-05-19 18:41:47 - [TEST_STEP][PASSED] - sendKeys: Keys 'ENTER + ' sent to object: 'Object Repository/HealthpostToStore/Page_HealthPost Store Login/input_txtpassword'

2018-05-19 18:41:48 - [MESSAGE][PASSED] - Keys 'ENTER + ' sent to object: 'Object Repository/HealthpostToStore/Page_HealthPost Store Login/input_txtpassword'

2018-05-19 18:41:48 - [TEST_STEP][PASSED] - delay: Delayed 3 second(s)

2018-05-19 18:41:51 - [MESSAGE][PASSED] - Delayed 3 second(s)

2018-05-19 18:41:51 - [TEST_STEP][PASSED] - doubleClick: Object: 'Object Repository/HealthpostToStore/Page_HealthPost Store/a_Request to Store' is double clicked on

2018-05-19 18:41:51 - [MESSAGE][PASSED] - Object: 'Object Repository/HealthpostToStore/Page_HealthPost Store/a_Request to Store' is double clicked on

2018-05-19 18:41:51 - [TEST_STEP][PASSED] - doubleClick: Object: 'Object Repository/HealthpostToStore/Page_HealthPost Store/a_Medicine Request' is double clicked on

2018-05-19 18:41:51 - [MESSAGE][PASSED] - Object: 'Object Repository/HealthpostToStore/Page_HealthPost Store/a_Medicine Request' is double clicked on

2018-05-19 18:41:51 - [TEST_STEP][FAILED] - selectOptionByIndex: Unable to select option by index '12' of object 'Object Repository/HealthpostToStore/Page_HealthPost Store/select_--Select--Schedule 1Inj' (Root cause: com.kms.katalon.core.webui.exception.WebElementNotFoundException: Web element with id: 'Object Repository/HealthpostToStore/Page_HealthPost Store/select_--Select--Schedule 1Inj' located by 'By.xpath: id("optcategory")[count(. | //select[@id = 'optcategory']) = count(//select[@id = 'optcategory'])]' not found)

2018-05-19 18:42:23 - [MESSAGE][FAILED] - Unable to select option by index '12' of object 'Object Repository/HealthpostToStore/Page_HealthPost Store/select_--Select--Schedule 1Inj' (Root cause: com.kms.katalon.core.webui.exception.WebElementNotFoundException: Web element with id: 'Object Repository/HealthpostToStore/Page_HealthPost Store/select_--Select--Schedule 1Inj' located by 'By.xpath: id("optcategory")[count(. | //select[@id = 'optcategory']) = count(//select[@id = 'optcategory'])]' not found)
[[ATTACHMENT|C:\\Users\\Quality Analyst\\Katalon Studio\\ds\\Reports\\HealthPost_Store_Suite\\20180519_180732\\1526735542754.png]]]]></system-out>
         <system-err><![CDATA[2018-05-19 18:41:31 - [TEST_CASE][FAILED] - Test Cases/HEALTHPOST TEST CASES/TC_HP_012 Verify Schedule 12 Healthpost Request Are Working Successfully Or Not: Test Cases/HEALTHPOST TEST CASES/TC_HP_012 Verify Schedule 12 Healthpost Request Are Working Successfully Or Not FAILED because (of) Unable to select option by index '12' of object 'Object Repository/HealthpostToStore/Page_HealthPost Store/select_--Select--Schedule 1Inj' (Root cause: com.kms.katalon.core.webui.exception.WebElementNotFoundException: Web element with id: 'Object Repository/HealthpostToStore/Page_HealthPost Store/select_--Select--Schedule 1Inj' located by 'By.xpath: id("optcategory")[count(. | //select[@id = 'optcategory']) = count(//select[@id = 'optcategory'])]' not found)]]></system-err>
      </testcase>
      <system-out><![CDATA[2018-05-19 18:07:39 - [TEST_SUITE][FAILED] - HealthPost_Store_Suite: Test Cases/HEALTHPOST TEST CASES/TC_HP_002 Verify Schedule 2 Healthpost Request Are Working Successfully Or Not FAILED because (of) Unable to select option by index '2' of object 'Object Repository/HealthpostToStore/Page_HealthPost Store/select_--Select--Schedule 1Inj' (Root cause: com.kms.katalon.core.webui.exception.WebElementNotFoundException: Web element with id: 'Object Repository/HealthpostToStore/Page_HealthPost Store/select_--Select--Schedule 1Inj' located by 'By.xpath: id("optcategory")[count(. | //select[@id = 'optcategory']) = count(//select[@id = 'optcategory'])]' not found)]]></system-out>
      <system-err><![CDATA[2018-05-19 18:07:39 - [TEST_SUITE][FAILED] - HealthPost_Store_Suite: Test Cases/HEALTHPOST TEST CASES/TC_HP_002 Verify Schedule 2 Healthpost Request Are Working Successfully Or Not FAILED because (of) Unable to select option by index '2' of object 'Object Repository/HealthpostToStore/Page_HealthPost Store/select_--Select--Schedule 1Inj' (Root cause: com.kms.katalon.core.webui.exception.WebElementNotFoundException: Web element with id: 'Object Repository/HealthpostToStore/Page_HealthPost Store/select_--Select--Schedule 1Inj' located by 'By.xpath: id("optcategory")[count(. | //select[@id = 'optcategory']) = count(//select[@id = 'optcategory'])]' not found)]]></system-err>
   </testsuite>
</testsuites>
